      0: system.cpu: T0 : 0x10348    : jal ra, 46                 : IntAlu :  D=0x000000000001034c
   1000: system.cpu: T0 : 0x10376    : auipc gp, 97               : IntAlu :  D=0x0000000000071376
   2000: system.cpu: T0 : 0x1037a    : addi gp, gp, -846          : IntAlu :  D=0x0000000000071028
   2500: system.cpu: T0 : 0x1037e    : c_jr ra                    : IntAlu : 
   3000: system.cpu: T0 : 0x1034c    : c_mv a5, a0                : IntAlu :  D=0x0000000000000000
   4000: system.cpu: T0 : 0x1034e    : auipc a0, 0                : IntAlu :  D=0x000000000001034e
   5000: system.cpu: T0 : 0x10352    : addi a0, a0, 290           : IntAlu :  D=0x0000000000010470
   5500: system.cpu: T0 : 0x10356    : c_ldsp a1, 0(sp)           : MemRead :  D=0x0000000000000001 A=0x7fffffffffffff30
   6000: system.cpu: T0 : 0x10358    : c_addi4spn a2, sp, 8       : IntAlu :  D=0x7fffffffffffff38
   7000: system.cpu: T0 : 0x1035a    : andi sp, sp, 18446744073709551600 : IntAlu :  D=0x7fffffffffffff30
   8000: system.cpu: T0 : 0x1035e    : auipc a3, 0                : IntAlu :  D=0x000000000001035e
   9000: system.cpu: T0 : 0x10362    : addi a3, a3, 1592          : IntAlu :  D=0x0000000000010996
  10000: system.cpu: T0 : 0x10366    : auipc a4, 0                : IntAlu :  D=0x0000000000010366
  11000: system.cpu: T0 : 0x1036a    : addi a4, a4, 1728          : IntAlu :  D=0x0000000000010a26
  11500: system.cpu: T0 : 0x1036e    : c_mv a6, sp                : IntAlu :  D=0x7fffffffffffff30
  12000: system.cpu: T0 : 0x10370    : jal ra, 346                : IntAlu :  D=0x0000000000010374
  12500: system.cpu: T0 : 0x104ca    : c_addi16sp sp, -320        : IntAlu :  D=0x7ffffffffffffdf0
  13000: system.cpu: T0 : 0x104cc    : c_sdsp s0, 304(sp)         : MemWrite :  D=0x0000000000000000 A=0x7fffffffffffff20
  13500: system.cpu: T0 : 0x104ce    : c_sdsp s1, 296(sp)         : MemWrite :  D=0x0000000000000000 A=0x7fffffffffffff18
  14000: system.cpu: T0 : 0x104d0    : c_sdsp s2, 288(sp)         : MemWrite :  D=0x0000000000000000 A=0x7fffffffffffff10
  14500: system.cpu: T0 : 0x104d2    : c_sdsp a2, 16(sp)          : MemWrite :  D=0x7fffffffffffff38 A=0x7ffffffffffffe00
  15000: system.cpu: T0 : 0x104d4    : c_sdsp ra, 312(sp)         : MemWrite :  D=0x0000000000010374 A=0x7fffffffffffff28
  16000: system.cpu: T0 : 0x104d6    : addi t1, zero, 0           : IntAlu :  D=0x0000000000000000
  16500: system.cpu: T0 : 0x104da    : c_sdsp a0, 24(sp)          : MemWrite :  D=0x0000000000010470 A=0x7ffffffffffffe08
  17000: system.cpu: T0 : 0x104dc    : c_sdsp a1, 8(sp)           : MemWrite :  D=0x0000000000000001 A=0x7ffffffffffffdf8
  17500: system.cpu: T0 : 0x104de    : c_mv s0, a3                : IntAlu :  D=0x0000000000010996
  18000: system.cpu: T0 : 0x104e0    : c_mv s1, a4                : IntAlu :  D=0x0000000000010a26
  18500: system.cpu: T0 : 0x104e2    : c_mv s2, a5                : IntAlu :  D=0x0000000000000000
  19000: system.cpu: T0 : 0x104e4    : c_li a2, 0                 : IntAlu :  D=0x0000000000000000
  20000: system.cpu: T0 : 0x104e6    : beq t1, zero, 12           : IntAlu : 
  20500: system.cpu: T0 : 0x104f2    : c_ldsp a5, 8(sp)           : MemRead :  D=0x0000000000000001 A=0x7ffffffffffffdf8
  21000: system.cpu: T0 : 0x104f4    : addi a0, a5, 1             : IntAlu :  D=0x0000000000000002
  21500: system.cpu: T0 : 0x104f8    : c_ldsp a5, 16(sp)          : MemRead :  D=0x7fffffffffffff38 A=0x7ffffffffffffe00
  22000: system.cpu: T0 : 0x104fa    : c_slli a0, 3               : IntAlu :  D=0x0000000000000010
  22500: system.cpu: T0 : 0x104fc    : c_add a0, a5               : IntAlu :  D=0x7fffffffffffff48
  23500: system.cpu: T0 : 0x104fe    : sw a2, -1728(gp)           : MemWrite :  D=0x0000000000000000 A=0x70968
  24500: system.cpu: T0 : 0x10502    : sd a0, -1360(gp)           : MemWrite :  D=0x7fffffffffffff48 A=0x70ad8
  25500: system.cpu: T0 : 0x10506    : lui a5, 111                : IntAlu :  D=0x000000000006f000
  26500: system.cpu: T0 : 0x1050a    : sd a6, -80(a5)             : MemWrite :  D=0x7fffffffffffff30 A=0x6efb0
  27000: system.cpu: T0 : 0x1050e    : c_ld a2, 0(a0)             : MemRead :  D=0x0000000000000000 A=0x7fffffffffffff48
  27500: system.cpu: T0 : 0x10510    : c_addi a0, 8               : IntAlu :  D=0x7fffffffffffff50
  28000: system.cpu: T0 : 0x10512    : c_bnez a2, -4              : IntAlu : 
  28500: system.cpu: T0 : 0x10514    : jal ra, 72964              : IntAlu :  D=0x0000000000010518
  29000: system.cpu: T0 : 0x22218    : c_ld a5, 0(a0)             : MemRead :  D=0x0000000000000009 A=0x7fffffffffffff50
  30000: system.cpu: T0 : 0x2221a    : lui a4, 114                : IntAlu :  D=0x0000000000072000
  31000: system.cpu: T0 : 0x2221e    : sd a0, -504(a4)            : MemWrite :  D=0x7fffffffffffff50 A=0x71e08
  32000: system.cpu: T0 : 0x22222    : beq a5, zero, 618          : IntAlu : 
  32500: system.cpu: T0 : 0x22226    : c_addi16sp sp, -224        : IntAlu :  D=0x7ffffffffffffd10
  33000: system.cpu: T0 : 0x22228    : c_sdsp s1, 208(sp)         : MemWrite :  D=0x0000000000010a26 A=0x7ffffffffffffde0
  34000: system.cpu: T0 : 0x2222a    : lui s1, 114                : IntAlu :  D=0x0000000000072000
  35000: system.cpu: T0 : 0x2222e    : ld a4, -432(s1)            : MemRead :  D=0x0000000000000000 A=0x71e50
  35500: system.cpu: T0 : 0x22232    : c_sdsp s3, 192(sp)         : MemWrite :  D=0x0000000000000000 A=0x7ffffffffffffdd0
  36000: system.cpu: T0 : 0x22234    : c_sdsp a4, 64(sp)          : MemWrite :  D=0x0000000000000000 A=0x7ffffffffffffd50
  37000: system.cpu: T0 : 0x22236    : ld a4, -1336(gp)           : MemRead :  D=0x0000000000000000 A=0x70af0
  38000: system.cpu: T0 : 0x2223a    : lui a6, 111                : IntAlu :  D=0x000000000006f000
  39000: system.cpu: T0 : 0x2223e    : addi a6, a6, -128          : IntAlu :  D=0x000000000006ef80
  39500: system.cpu: T0 : 0x22242    : c_sdsp a4, 32(sp)          : MemWrite :  D=0x0000000000000000 A=0x7ffffffffffffd30
  40000: system.cpu: T0 : 0x22244    : ld a4, 0(a6)               : MemRead :  D=0x0000000000000000 A=0x6ef80
  40500: system.cpu: T0 : 0x22248    : lui t3, 111                : IntAlu :  D=0x000000000006f000
  41000: system.cpu: T0 : 0x2224c    : lui t1, 114                : IntAlu :  D=0x0000000000072000
  41500: system.cpu: T0 : 0x22250    : c_sdsp a4, 104(sp)         : MemWrite :  D=0x0000000000000000 A=0x7ffffffffffffd78
  42500: system.cpu: T0 : 0x22252    : lw a4, -72(t3)             : MemRead :  D=0x0000000000000001 A=0x6efb8
  43000: system.cpu: T0 : 0x22256    : c_sdsp s2, 200(sp)         : MemWrite :  D=0x0000000000000000 A=0x7ffffffffffffdd8
  43500: system.cpu: T0 : 0x22258    : c_sdsp a4, 80(sp)          : MemWrite :  D=0x0000000000000001 A=0x7ffffffffffffd60
  44500: system.cpu: T0 : 0x2225a    : lw a4, -360(t1)            : MemRead :  D=0x0000000000000000 A=0x71e98
  45000: system.cpu: T0 : 0x2225e    : c_sdsp s4, 184(sp)         : MemWrite :  D=0x0000000000000000 A=0x7ffffffffffffdc8
  45500: system.cpu: T0 : 0x22260    : c_sdsp a4, 96(sp)          : MemWrite :  D=0x0000000000000000 A=0x7ffffffffffffd70
  46500: system.cpu: T0 : 0x22262    : lw a4, -1344(gp)           : MemRead :  D=0x0000000000000000 A=0x70ae8
  47000: system.cpu: T0 : 0x22266    : c_sdsp s0, 216(sp)         : MemWrite :  D=0x0000000000010996 A=0x7ffffffffffffde8
  47500: system.cpu: T0 : 0x22268    : lui s0, 114                : IntAlu :  D=0x0000000000072000
  48000: system.cpu: T0 : 0x2226c    : c_sdsp a4, 48(sp)          : MemWrite :  D=0x0000000000000000 A=0x7ffffffffffffd40
  49000: system.cpu: T0 : 0x2226e    : ld a4, -1328(gp)           : MemRead :  D=0x0000000000000000 A=0x70af8
  50000: system.cpu: T0 : 0x22272    : lui t6, 114                : IntAlu :  D=0x0000000000072000
  50500: system.cpu: T0 : 0x22276    : c_sdsp a4, 24(sp)          : MemWrite :  D=0x0000000000000000 A=0x7ffffffffffffd28
  51000: system.cpu: T0 : 0x22278    : ld a4, -496(s0)            : MemRead :  D=0x0000000000000000 A=0x71e10
  51500: system.cpu: T0 : 0x2227c    : lui t2, 114                : IntAlu :  D=0x0000000000072000
  52000: system.cpu: T0 : 0x22280    : lui t0, 114                : IntAlu :  D=0x0000000000072000
  52500: system.cpu: T0 : 0x22284    : c_sdsp a4, 8(sp)           : MemWrite :  D=0x0000000000000000 A=0x7ffffffffffffd18
  53500: system.cpu: T0 : 0x22286    : ld a4, -1784(gp)           : MemRead :  D=0x0000000000001000 A=0x70930
  54500: system.cpu: T0 : 0x2228a    : lui a3, 80                 : IntAlu :  D=0x0000000000050000
  55000: system.cpu: T0 : 0x2228e    : c_sdsp s5, 176(sp)         : MemWrite :  D=0x0000000000000000 A=0x7ffffffffffffdc0
  55500: system.cpu: T0 : 0x22290    : c_sdsp s6, 168(sp)         : MemWrite :  D=0x0000000000000000 A=0x7ffffffffffffdb8
  56000: system.cpu: T0 : 0x22292    : c_sdsp s7, 160(sp)         : MemWrite :  D=0x0000000000000000 A=0x7ffffffffffffdb0
  56500: system.cpu: T0 : 0x22294    : c_sdsp s8, 152(sp)         : MemWrite :  D=0x0000000000000000 A=0x7ffffffffffffda8
  57000: system.cpu: T0 : 0x22296    : c_sdsp s10, 136(sp)        : MemWrite :  D=0x0000000000000000 A=0x7ffffffffffffd98
  57500: system.cpu: T0 : 0x22298    : c_sdsp s11, 128(sp)        : MemWrite :  D=0x0000000000000000 A=0x7ffffffffffffd90
  58000: system.cpu: T0 : 0x2229a    : c_sdsp a4, 120(sp)         : MemWrite :  D=0x0000000000001000 A=0x7ffffffffffffd88
  58500: system.cpu: T0 : 0x2229c    : lw s7, -440(t6)            : MemRead :  D=0x0000000000000000 A=0x71e48
  59000: system.cpu: T0 : 0x222a0    : ld s11, -408(t2)           : MemRead :  D=0x0000000000000000 A=0x71e68
  59500: system.cpu: T0 : 0x222a4    : c_sdsp s9, 144(sp)         : MemWrite :  D=0x0000000000000000 A=0x7ffffffffffffda0
  60000: system.cpu: T0 : 0x222a6    : c_li s10, 0                : IntAlu :  D=0x0000000000000000
  60500: system.cpu: T0 : 0x222a8    : ld s9, -464(t0)            : MemRead :  D=0x0000000000000000 A=0x71e30
  61000: system.cpu: T0 : 0x222ac    : c_li s8, 0                 : IntAlu :  D=0x0000000000000000
  61500: system.cpu: T0 : 0x222ae    : c_sdsp zero, 112(sp)       : MemWrite :  D=0x0000000000000000 A=0x7ffffffffffffd80
  62000: system.cpu: T0 : 0x222b0    : c_sdsp zero, 88(sp)        : MemWrite :  D=0x0000000000000000 A=0x7ffffffffffffd68
  62500: system.cpu: T0 : 0x222b2    : c_sdsp zero, 72(sp)        : MemWrite :  D=0x0000000000000000 A=0x7ffffffffffffd58
  63000: system.cpu: T0 : 0x222b4    : c_sdsp zero, 56(sp)        : MemWrite :  D=0x0000000000000000 A=0x7ffffffffffffd48
  63500: system.cpu: T0 : 0x222b6    : c_sdsp zero, 40(sp)        : MemWrite :  D=0x0000000000000000 A=0x7ffffffffffffd38
  64000: system.cpu: T0 : 0x222b8    : c_sdsp zero, 16(sp)        : MemWrite :  D=0x0000000000000000 A=0x7ffffffffffffd20
  64500: system.cpu: T0 : 0x222ba    : c_li s6, 0                 : IntAlu :  D=0x0000000000000000
  65000: system.cpu: T0 : 0x222bc    : c_li s5, 0                 : IntAlu :  D=0x0000000000000000
  65500: system.cpu: T0 : 0x222be    : c_li t5, 0                 : IntAlu :  D=0x0000000000000000
  66000: system.cpu: T0 : 0x222c0    : c_li a7, 0                 : IntAlu :  D=0x0000000000000000
  66500: system.cpu: T0 : 0x222c2    : c_li a1, 0                 : IntAlu :  D=0x0000000000000000
  67000: system.cpu: T0 : 0x222c4    : c_li a2, 0                 : IntAlu :  D=0x0000000000000000
  67500: system.cpu: T0 : 0x222c6    : c_li a4, 30                : IntAlu :  D=0x000000000000001e
  68000: system.cpu: T0 : 0x222c8    : addi a3, a3, -1200         : IntAlu :  D=0x000000000004fb50
  68500: system.cpu: T0 : 0x222cc    : c_addi a5, -3              : IntAlu :  D=0x0000000000000006
  69500: system.cpu: T0 : 0x222ce    : bltu a4, a5, 20            : IntAlu : 
  70000: system.cpu: T0 : 0x222d2    : c_slli a5, 2               : IntAlu :  D=0x0000000000000018
  70500: system.cpu: T0 : 0x222d4    : c_add a5, a3               : IntAlu :  D=0x000000000004fb68
  71000: system.cpu: T0 : 0x222d6    : c_lw a5, 0(a5)             : MemRead :  D=0x00000000000222e2 A=0x4fb68
  71500: system.cpu: T0 : 0x222d8    : c_jr a5                    : IntAlu : 
  72000: system.cpu: T0 : 0x222e2    : c_ld a5, 16(a0)            : MemRead :  D=0x0000000000000005 A=0x7fffffffffffff60
  72500: system.cpu: T0 : 0x222e4    : c_addi a0, 16              : IntAlu :  D=0x7fffffffffffff60
  73000: system.cpu: T0 : 0x222e6    : c_bnez a5, -26             : IntAlu : 
  73500: system.cpu: T0 : 0x222cc    : c_addi a5, -3              : IntAlu :  D=0x0000000000000002
  74500: system.cpu: T0 : 0x222ce    : bltu a4, a5, 20            : IntAlu : 
  75000: system.cpu: T0 : 0x222d2    : c_slli a5, 2               : IntAlu :  D=0x0000000000000008
  75500: system.cpu: T0 : 0x222d4    : c_add a5, a3               : IntAlu :  D=0x000000000004fb58
  76000: system.cpu: T0 : 0x222d6    : c_lw a5, 0(a5)             : MemRead :  D=0x0000000000022460 A=0x4fb58
  76500: system.cpu: T0 : 0x222d8    : c_jr a5                    : IntAlu : 
  77000: system.cpu: T0 : 0x22460    : c_ld a5, 16(a0)            : MemRead :  D=0x0000000000000004 A=0x7fffffffffffff70
  78000: system.cpu: T0 : 0x22462    : ld s11, 8(a0)              : MemRead :  D=0x0000000000000006 A=0x7fffffffffffff68
  78500: system.cpu: T0 : 0x22466    : c_li s8, 1                 : IntAlu :  D=0x0000000000000001
  79000: system.cpu: T0 : 0x22468    : c_addi a0, 16              : IntAlu :  D=0x7fffffffffffff70
  80000: system.cpu: T0 : 0x2246a    : bne a5, zero, -414         : IntAlu : 
  80500: system.cpu: T0 : 0x222cc    : c_addi a5, -3              : IntAlu :  D=0x0000000000000001
  81500: system.cpu: T0 : 0x222ce    : bltu a4, a5, 20            : IntAlu : 
  82000: system.cpu: T0 : 0x222d2    : c_slli a5, 2               : IntAlu :  D=0x0000000000000004
  82500: system.cpu: T0 : 0x222d4    : c_add a5, a3               : IntAlu :  D=0x000000000004fb54
  83000: system.cpu: T0 : 0x222d6    : c_lw a5, 0(a5)             : MemRead :  D=0x00000000000222e2 A=0x4fb54
  83500: system.cpu: T0 : 0x222d8    : c_jr a5                    : IntAlu : 
  84000: system.cpu: T0 : 0x222e2    : c_ld a5, 16(a0)            : MemRead :  D=0x0000000000000003 A=0x7fffffffffffff80
  84500: system.cpu: T0 : 0x222e4    : c_addi a0, 16              : IntAlu :  D=0x7fffffffffffff80
  85000: system.cpu: T0 : 0x222e6    : c_bnez a5, -26             : IntAlu : 
  85500: system.cpu: T0 : 0x222cc    : c_addi a5, -3              : IntAlu :  D=0x0000000000000000
  86500: system.cpu: T0 : 0x222ce    : bltu a4, a5, 20            : IntAlu : 
  87000: system.cpu: T0 : 0x222d2    : c_slli a5, 2               : IntAlu :  D=0x0000000000000000
  87500: system.cpu: T0 : 0x222d4    : c_add a5, a3               : IntAlu :  D=0x000000000004fb50
  88000: system.cpu: T0 : 0x222d6    : c_lw a5, 0(a5)             : MemRead :  D=0x0000000000022470 A=0x4fb50
  88500: system.cpu: T0 : 0x222d8    : c_jr a5                    : IntAlu : 
  89000: system.cpu: T0 : 0x22470    : c_ld a5, 16(a0)            : MemRead :  D=0x0000000000000006 A=0x7fffffffffffff90
  90000: system.cpu: T0 : 0x22472    : ld s9, 8(a0)               : MemRead :  D=0x0000000000010040 A=0x7fffffffffffff88
  90500: system.cpu: T0 : 0x22476    : c_li s6, 1                 : IntAlu :  D=0x0000000000000001
  91000: system.cpu: T0 : 0x22478    : c_addi a0, 16              : IntAlu :  D=0x7fffffffffffff90
  92000: system.cpu: T0 : 0x2247a    : bne a5, zero, -430         : IntAlu : 
  92500: system.cpu: T0 : 0x222cc    : c_addi a5, -3              : IntAlu :  D=0x0000000000000003
  93500: system.cpu: T0 : 0x222ce    : bltu a4, a5, 20            : IntAlu : 
  94000: system.cpu: T0 : 0x222d2    : c_slli a5, 2               : IntAlu :  D=0x000000000000000c
  94500: system.cpu: T0 : 0x222d4    : c_add a5, a3               : IntAlu :  D=0x000000000004fb5c
  95000: system.cpu: T0 : 0x222d6    : c_lw a5, 0(a5)             : MemRead :  D=0x00000000000222da A=0x4fb5c
  95500: system.cpu: T0 : 0x222d8    : c_jr a5                    : IntAlu : 
  96000: system.cpu: T0 : 0x222da    : c_ld a5, 8(a0)             : MemRead :  D=0x0000000000001000 A=0x7fffffffffffff98
  96500: system.cpu: T0 : 0x222dc    : c_beqz a5, 6               : IntAlu : 
  97000: system.cpu: T0 : 0x222de    : c_sdsp a5, 120(sp)         : MemWrite :  D=0x0000000000001000 A=0x7ffffffffffffd88
  97500: system.cpu: T0 : 0x222e0    : c_li t5, 1                 : IntAlu :  D=0x0000000000000001
  98000: system.cpu: T0 : 0x222e2    : c_ld a5, 16(a0)            : MemRead :  D=0x0000000000000017 A=0x7fffffffffffffa0
  98500: system.cpu: T0 : 0x222e4    : c_addi a0, 16              : IntAlu :  D=0x7fffffffffffffa0
  99000: system.cpu: T0 : 0x222e6    : c_bnez a5, -26             : IntAlu : 
  99500: system.cpu: T0 : 0x222cc    : c_addi a5, -3              : IntAlu :  D=0x0000000000000014
 100500: system.cpu: T0 : 0x222ce    : bltu a4, a5, 20            : IntAlu : 
 101000: system.cpu: T0 : 0x222d2    : c_slli a5, 2               : IntAlu :  D=0x0000000000000050
 101500: system.cpu: T0 : 0x222d4    : c_add a5, a3               : IntAlu :  D=0x000000000004fba0
 102000: system.cpu: T0 : 0x222d6    : c_lw a5, 0(a5)             : MemRead :  D=0x00000000000223b4 A=0x4fba0
 102500: system.cpu: T0 : 0x222d8    : c_jr a5                    : IntAlu : 
 103000: system.cpu: T0 : 0x223b4    : c_lw a5, 8(a0)             : MemRead :  D=0x0000000000000000 A=0x7fffffffffffffa8
 103500: system.cpu: T0 : 0x223b6    : c_li a2, -1                : IntAlu :  D=0xffffffffffffffff
 104000: system.cpu: T0 : 0x223b8    : c_addi a0, 16              : IntAlu :  D=0x7fffffffffffffb0
 104500: system.cpu: T0 : 0x223ba    : c_sdsp a5, 80(sp)          : MemWrite :  D=0x0000000000000000 A=0x7ffffffffffffd60
 105000: system.cpu: T0 : 0x223bc    : c_li a5, 1                 : IntAlu :  D=0x0000000000000001
 105500: system.cpu: T0 : 0x223be    : c_sdsp a5, 96(sp)          : MemWrite :  D=0x0000000000000001 A=0x7ffffffffffffd70
 106000: system.cpu: T0 : 0x223c0    : c_sdsp a5, 88(sp)          : MemWrite :  D=0x0000000000000001 A=0x7ffffffffffffd68
 106500: system.cpu: T0 : 0x223c2    : c_ld a5, 0(a0)             : MemRead :  D=0x0000000000000019 A=0x7fffffffffffffb0
 107000: system.cpu: T0 : 0x223c4    : c_bnez a5, -248            : IntAlu : 
 107500: system.cpu: T0 : 0x222cc    : c_addi a5, -3              : IntAlu :  D=0x0000000000000016
 108500: system.cpu: T0 : 0x222ce    : bltu a4, a5, 20            : IntAlu : 
 109000: system.cpu: T0 : 0x222d2    : c_slli a5, 2               : IntAlu :  D=0x0000000000000058
 109500: system.cpu: T0 : 0x222d4    : c_add a5, a3               : IntAlu :  D=0x000000000004fba8
 110000: system.cpu: T0 : 0x222d6    : c_lw a5, 0(a5)             : MemRead :  D=0x00000000000223a4 A=0x4fba8
 110500: system.cpu: T0 : 0x222d8    : c_jr a5                    : IntAlu : 
 111000: system.cpu: T0 : 0x223a4    : c_ld a5, 8(a0)             : MemRead :  D=0x7fffffffffffffd8 A=0x7fffffffffffffb8
 111500: system.cpu: T0 : 0x223a6    : c_addi a0, 16              : IntAlu :  D=0x7fffffffffffffc0
 112000: system.cpu: T0 : 0x223a8    : c_sdsp a5, 104(sp)         : MemWrite :  D=0x7fffffffffffffd8 A=0x7ffffffffffffd78
 112500: system.cpu: T0 : 0x223aa    : c_li a5, 1                 : IntAlu :  D=0x0000000000000001
 113000: system.cpu: T0 : 0x223ac    : c_sdsp a5, 112(sp)         : MemWrite :  D=0x0000000000000001 A=0x7ffffffffffffd80
 113500: system.cpu: T0 : 0x223ae    : c_ld a5, 0(a0)             : MemRead :  D=0x0000000000000000 A=0x7fffffffffffffc0
 114000: system.cpu: T0 : 0x223b0    : c_bnez a5, -228            : IntAlu : 
 114500: system.cpu: T0 : 0x223b2    : c_j -202                   : IntAlu : 
 115000: system.cpu: T0 : 0x222e8    : bne t5, zero, 408          : IntAlu : 
 115500: system.cpu: T0 : 0x22480    : c_ldsp a5, 120(sp)         : MemRead :  D=0x0000000000001000 A=0x7ffffffffffffd88
 116500: system.cpu: T0 : 0x22482    : sd a5, -1784(gp)           : MemWrite :  D=0x0000000000001000 A=0x70930
 117500: system.cpu: T0 : 0x22486    : bne s5, zero, -406         : IntAlu : 
 118000: system.cpu: T0 : 0x2248a    : c_j -406                   : IntAlu : 
 118500: system.cpu: T0 : 0x222f4    : beq s6, zero, 8            : IntAlu : 
 119000: system.cpu: T0 : 0x222f8    : sd s9, -464(t0)            : MemWrite :  D=0x0000000000010040 A=0x71e30
 119500: system.cpu: T0 : 0x222fc    : beq s8, zero, 8            : IntAlu : 
 120000: system.cpu: T0 : 0x22300    : sd s11, -408(t2)           : MemWrite :  D=0x0000000000000006 A=0x71e68
 120500: system.cpu: T0 : 0x22304    : beq s10, zero, 10          : IntAlu : 
 121000: system.cpu: T0 : 0x2230e    : c_ldsp a5, 16(sp)          : MemRead :  D=0x0000000000000000 A=0x7ffffffffffffd20
 121500: system.cpu: T0 : 0x22310    : c_beqz a5, 8               : IntAlu : 
 122000: system.cpu: T0 : 0x22318    : c_ldsp a5, 40(sp)          : MemRead :  D=0x0000000000000000 A=0x7ffffffffffffd38
 122500: system.cpu: T0 : 0x2231a    : c_beqz a5, 8               : IntAlu : 
 123000: system.cpu: T0 : 0x22322    : c_ldsp a5, 56(sp)          : MemRead :  D=0x0000000000000000 A=0x7ffffffffffffd48
 123500: system.cpu: T0 : 0x22324    : c_beqz a5, 8               : IntAlu : 
 124000: system.cpu: T0 : 0x2232c    : c_ldsp a5, 72(sp)          : MemRead :  D=0x0000000000000000 A=0x7ffffffffffffd58
 124500: system.cpu: T0 : 0x2232e    : c_beqz a5, 8               : IntAlu : 
 125000: system.cpu: T0 : 0x22336    : c_ldsp a5, 88(sp)          : MemRead :  D=0x0000000000000001 A=0x7ffffffffffffd68
 125500: system.cpu: T0 : 0x22338    : c_beqz a5, 14              : IntAlu : 
 126000: system.cpu: T0 : 0x2233a    : c_ldsp a5, 80(sp)          : MemRead :  D=0x0000000000000000 A=0x7ffffffffffffd60
 126500: system.cpu: T0 : 0x2233c    : sw a5, -72(t3)             : MemWrite :  D=0x0000000000000000 A=0x6efb8
 127000: system.cpu: T0 : 0x22340    : c_ldsp a5, 96(sp)          : MemRead :  D=0x0000000000000001 A=0x7ffffffffffffd70
 128000: system.cpu: T0 : 0x22342    : sw a5, -360(t1)            : MemWrite :  D=0x0000000000000001 A=0x71e98
 128500: system.cpu: T0 : 0x22346    : c_ldsp a5, 112(sp)         : MemRead :  D=0x0000000000000001 A=0x7ffffffffffffd80
 129000: system.cpu: T0 : 0x22348    : c_beqz a5, 8               : IntAlu : 
 129500: system.cpu: T0 : 0x2234a    : c_ldsp a5, 104(sp)         : MemRead :  D=0x7fffffffffffffd8 A=0x7ffffffffffffd78
 130000: system.cpu: T0 : 0x2234c    : sd a5, 0(a6)               : MemWrite :  D=0x7fffffffffffffd8 A=0x6ef80
 130500: system.cpu: T0 : 0x22350    : c_li a5, 15                : IntAlu :  D=0x000000000000000f
 131500: system.cpu: T0 : 0x22352    : bne a2, a5, 22             : IntAlu : 
 132000: system.cpu: T0 : 0x22368    : c_ldsp s0, 216(sp)         : MemRead :  D=0x0000000000010996 A=0x7ffffffffffffde8
 132500: system.cpu: T0 : 0x2236a    : c_ldsp s1, 208(sp)         : MemRead :  D=0x0000000000010a26 A=0x7ffffffffffffde0
 133000: system.cpu: T0 : 0x2236c    : c_ldsp s2, 200(sp)         : MemRead :  D=0x0000000000000000 A=0x7ffffffffffffdd8
 133500: system.cpu: T0 : 0x2236e    : c_ldsp s3, 192(sp)         : MemRead :  D=0x0000000000000000 A=0x7ffffffffffffdd0
 134000: system.cpu: T0 : 0x22370    : c_ldsp s4, 184(sp)         : MemRead :  D=0x0000000000000000 A=0x7ffffffffffffdc8
 134500: system.cpu: T0 : 0x22372    : c_ldsp s5, 176(sp)         : MemRead :  D=0x0000000000000000 A=0x7ffffffffffffdc0
 135000: system.cpu: T0 : 0x22374    : c_ldsp s6, 168(sp)         : MemRead :  D=0x0000000000000000 A=0x7ffffffffffffdb8
 135500: system.cpu: T0 : 0x22376    : c_ldsp s7, 160(sp)         : MemRead :  D=0x0000000000000000 A=0x7ffffffffffffdb0
 136000: system.cpu: T0 : 0x22378    : c_ldsp s8, 152(sp)         : MemRead :  D=0x0000000000000000 A=0x7ffffffffffffda8
 136500: system.cpu: T0 : 0x2237a    : c_ldsp s9, 144(sp)         : MemRead :  D=0x0000000000000000 A=0x7ffffffffffffda0
 137000: system.cpu: T0 : 0x2237c    : c_ldsp s10, 136(sp)        : MemRead :  D=0x0000000000000000 A=0x7ffffffffffffd98
 137500: system.cpu: T0 : 0x2237e    : c_ldsp s11, 128(sp)        : MemRead :  D=0x0000000000000000 A=0x7ffffffffffffd90
 138000: system.cpu: T0 : 0x22380    : c_addi16sp sp, 224         : IntAlu :  D=0x7ffffffffffffdf0
 138500: system.cpu: T0 : 0x22382    : c_jr ra                    : IntAlu : 
 139000: system.cpu: T0 : 0x10518    : lui a5, 114                : IntAlu :  D=0x0000000000072000
 139500: system.cpu: T0 : 0x1051c    : ld a4, -464(a5)            : MemRead :  D=0x0000000000010040 A=0x71e30
 140000: system.cpu: T0 : 0x10520    : beq a4, zero, 320          : IntAlu : 
 140500: system.cpu: T0 : 0x10524    : jal ra, 75470              : IntAlu :  D=0x0000000000010528
 141500: system.cpu: T0 : 0x22bf2    : lui a5, 114                : IntAlu :  D=0x0000000000072000
 142500: system.cpu: T0 : 0x22bf6    : lw a5, -360(a5)            : MemRead :  D=0x0000000000000001 A=0x71e98
 143000: system.cpu: T0 : 0x22bfa    : c_beqz a5, 4               : IntAlu : 
 143500: system.cpu: T0 : 0x22bfc    : c_jr ra                    : IntAlu : 
 144000: system.cpu: T0 : 0x10528    : ld a0, -1360(gp)           : MemRead :  D=0x7fffffffffffff48 A=0x70ad8
 144500: system.cpu: T0 : 0x1052c    : jal ra, 71968              : IntAlu :  D=0x0000000000010530
 145000: system.cpu: T0 : 0x21e4c    : c_addi16sp sp, -128        : IntAlu :  D=0x7ffffffffffffd70
 145500: system.cpu: T0 : 0x21e4e    : c_sdsp s4, 80(sp)          : MemWrite :  D=0x0000000000000000 A=0x7ffffffffffffdc0
 146000: system.cpu: T0 : 0x21e50    : lui s4, 111                : IntAlu :  D=0x000000000006f000
 146500: system.cpu: T0 : 0x21e54    : lw a5, -72(s4)             : MemRead :  D=0x0000000000000000 A=0x6efb8
 147000: system.cpu: T0 : 0x21e58    : c_sdsp s7, 56(sp)          : MemWrite :  D=0x0000000000000000 A=0x7ffffffffffffda8
 147500: system.cpu: T0 : 0x21e5a    : c_sdsp ra, 120(sp)         : MemWrite :  D=0x0000000000010530 A=0x7ffffffffffffde8
 148000: system.cpu: T0 : 0x21e5c    : c_sdsp s0, 112(sp)         : MemWrite :  D=0x0000000000010996 A=0x7ffffffffffffde0
 148500: system.cpu: T0 : 0x21e5e    : c_sdsp s1, 104(sp)         : MemWrite :  D=0x0000000000010a26 A=0x7ffffffffffffdd8
 149000: system.cpu: T0 : 0x21e60    : c_sdsp s2, 96(sp)          : MemWrite :  D=0x0000000000000000 A=0x7ffffffffffffdd0
 149500: system.cpu: T0 : 0x21e62    : c_sdsp s3, 88(sp)          : MemWrite :  D=0x0000000000000000 A=0x7ffffffffffffdc8
 150000: system.cpu: T0 : 0x21e64    : c_sdsp s5, 72(sp)          : MemWrite :  D=0x0000000000000000 A=0x7ffffffffffffdb8
 150500: system.cpu: T0 : 0x21e66    : c_sdsp s6, 64(sp)          : MemWrite :  D=0x0000000000000000 A=0x7ffffffffffffdb0
 151000: system.cpu: T0 : 0x21e68    : c_sdsp s8, 48(sp)          : MemWrite :  D=0x0000000000000000 A=0x7ffffffffffffda0
 151500: system.cpu: T0 : 0x21e6a    : c_sdsp s9, 40(sp)          : MemWrite :  D=0x0000000000000000 A=0x7ffffffffffffd98
 152000: system.cpu: T0 : 0x21e6c    : c_sdsp s10, 32(sp)         : MemWrite :  D=0x0000000000000000 A=0x7ffffffffffffd90
 152500: system.cpu: T0 : 0x21e6e    : c_sdsp s11, 24(sp)         : MemWrite :  D=0x0000000000000000 A=0x7ffffffffffffd88
 153000: system.cpu: T0 : 0x21e70    : c_mv s7, a0                : IntAlu :  D=0x7fffffffffffff48
 154000: system.cpu: T0 : 0x21e72    : bne a5, zero, 750          : IntAlu : 
 155000: system.cpu: T0 : 0x21e76    : lui s0, 111                : IntAlu :  D=0x000000000006f000
 156000: system.cpu: T0 : 0x21e7a    : addi s3, zero, 61          : IntAlu :  D=0x000000000000003d
 157000: system.cpu: T0 : 0x21e7e    : lui s1, 79                 : IntAlu :  D=0x000000000004f000
 158000: system.cpu: T0 : 0x21e82    : addi s6, s0, -1248         : IntAlu :  D=0x000000000006eb20
 159000: system.cpu: T0 : 0x21e86    : beq s7, zero, 166          : IntAlu : 
 159500: system.cpu: T0 : 0x21e8a    : c_mv a3, s7                : IntAlu :  D=0x7fffffffffffff48
 160000: system.cpu: T0 : 0x21e8c    : ld s9, 0(a3)               : MemRead :  D=0x0000000000000000 A=0x7fffffffffffff48
 160500: system.cpu: T0 : 0x21e90    : c_mv s5, a3                : IntAlu :  D=0x7fffffffffffff48
 161500: system.cpu: T0 : 0x21e92    : beq s9, zero, 154          : IntAlu : 
 162000: system.cpu: T0 : 0x21f2c    : c_ldsp ra, 120(sp)         : MemRead :  D=0x0000000000010530 A=0x7ffffffffffffde8
 162500: system.cpu: T0 : 0x21f2e    : c_ldsp s0, 112(sp)         : MemRead :  D=0x0000000000010996 A=0x7ffffffffffffde0
 163000: system.cpu: T0 : 0x21f30    : c_ldsp s1, 104(sp)         : MemRead :  D=0x0000000000010a26 A=0x7ffffffffffffdd8
 163500: system.cpu: T0 : 0x21f32    : c_ldsp s2, 96(sp)          : MemRead :  D=0x0000000000000000 A=0x7ffffffffffffdd0
 164000: system.cpu: T0 : 0x21f34    : c_ldsp s3, 88(sp)          : MemRead :  D=0x0000000000000000 A=0x7ffffffffffffdc8
 164500: system.cpu: T0 : 0x21f36    : c_ldsp s4, 80(sp)          : MemRead :  D=0x0000000000000000 A=0x7ffffffffffffdc0
 165000: system.cpu: T0 : 0x21f38    : c_ldsp s5, 72(sp)          : MemRead :  D=0x0000000000000000 A=0x7ffffffffffffdb8
 165500: system.cpu: T0 : 0x21f3a    : c_ldsp s6, 64(sp)          : MemRead :  D=0x0000000000000000 A=0x7ffffffffffffdb0
 166000: system.cpu: T0 : 0x21f3c    : c_ldsp s7, 56(sp)          : MemRead :  D=0x0000000000000000 A=0x7ffffffffffffda8
 166500: system.cpu: T0 : 0x21f3e    : c_ldsp s8, 48(sp)          : MemRead :  D=0x0000000000000000 A=0x7ffffffffffffda0
 167000: system.cpu: T0 : 0x21f40    : c_ldsp s9, 40(sp)          : MemRead :  D=0x0000000000000000 A=0x7ffffffffffffd98
 167500: system.cpu: T0 : 0x21f42    : c_ldsp s10, 32(sp)         : MemRead :  D=0x0000000000000000 A=0x7ffffffffffffd90
 168000: system.cpu: T0 : 0x21f44    : c_ldsp s11, 24(sp)         : MemRead :  D=0x0000000000000000 A=0x7ffffffffffffd88
 168500: system.cpu: T0 : 0x21f46    : c_addi16sp sp, 128         : IntAlu :  D=0x7ffffffffffffdf0
 169000: system.cpu: T0 : 0x21f48    : c_jr ra                    : IntAlu : 
 169500: system.cpu: T0 : 0x10530    : jal ra, 664                : IntAlu :  D=0x0000000000010534
 170000: system.cpu: T0 : 0x107c8    : c_addi16sp sp, -128        : IntAlu :  D=0x7ffffffffffffd70
 171000: system.cpu: T0 : 0x107ca    : lui a5, 114                : IntAlu :  D=0x0000000000072000
 171500: system.cpu: T0 : 0x107ce    : c_sdsp s0, 112(sp)         : MemWrite :  D=0x0000000000010996 A=0x7ffffffffffffde0
 172000: system.cpu: T0 : 0x107d0    : ld s0, -464(a5)            : MemRead :  D=0x0000000000010040 A=0x71e30
 172500: system.cpu: T0 : 0x107d4    : c_sdsp s3, 88(sp)          : MemWrite :  D=0x0000000000000000 A=0x7ffffffffffffdc8
 173500: system.cpu: T0 : 0x107d6    : lui a5, 112                : IntAlu :  D=0x0000000000070000
 174000: system.cpu: T0 : 0x107da    : c_sdsp ra, 120(sp)         : MemWrite :  D=0x0000000000010534 A=0x7ffffffffffffde8
 174500: system.cpu: T0 : 0x107dc    : c_sdsp s1, 104(sp)         : MemWrite :  D=0x0000000000010a26 A=0x7ffffffffffffdd8
 175000: system.cpu: T0 : 0x107de    : c_sdsp s2, 96(sp)          : MemWrite :  D=0x0000000000000000 A=0x7ffffffffffffdd0
 175500: system.cpu: T0 : 0x107e0    : c_sdsp s4, 80(sp)          : MemWrite :  D=0x0000000000000000 A=0x7ffffffffffffdc0
 176000: system.cpu: T0 : 0x107e2    : c_sdsp s5, 72(sp)          : MemWrite :  D=0x0000000000000000 A=0x7ffffffffffffdb8
 176500: system.cpu: T0 : 0x107e4    : c_sdsp s6, 64(sp)          : MemWrite :  D=0x0000000000000000 A=0x7ffffffffffffdb0
 177000: system.cpu: T0 : 0x107e6    : c_sdsp s7, 56(sp)          : MemWrite :  D=0x0000000000000000 A=0x7ffffffffffffda8
 177500: system.cpu: T0 : 0x107e8    : c_sdsp s8, 48(sp)          : MemWrite :  D=0x0000000000000000 A=0x7ffffffffffffda0
 178000: system.cpu: T0 : 0x107ea    : c_sdsp s9, 40(sp)          : MemWrite :  D=0x0000000000000000 A=0x7ffffffffffffd98
 178500: system.cpu: T0 : 0x107ec    : c_sdsp s10, 32(sp)         : MemWrite :  D=0x0000000000000000 A=0x7ffffffffffffd90
 179000: system.cpu: T0 : 0x107ee    : c_sdsp s11, 24(sp)         : MemWrite :  D=0x0000000000000000 A=0x7ffffffffffffd88
 179500: system.cpu: T0 : 0x107f0    : ld s3, 816(a5)             : MemRead :  D=0x000000000006fe60 A=0x70330
 180000: system.cpu: T0 : 0x107f4    : beq s0, zero, 368          : IntAlu : 
 180500: system.cpu: T0 : 0x107f8    : lui a5, 114                : IntAlu :  D=0x0000000000072000
 181000: system.cpu: T0 : 0x107fc    : ld a5, -408(a5)            : MemRead :  D=0x0000000000000006 A=0x71e68
 181500: system.cpu: T0 : 0x10800    : slli a4, a5, 3             : IntAlu :  D=0x0000000000000030
 182000: system.cpu: T0 : 0x10804    : c_sub a4, a5               : IntAlu :  D=0x000000000000002a
 182500: system.cpu: T0 : 0x10806    : c_slli a4, 3               : IntAlu :  D=0x0000000000000150
 183000: system.cpu: T0 : 0x10808    : c_add a4, s0               : IntAlu :  D=0x0000000000010190
 184000: system.cpu: T0 : 0x1080a    : bgeu s0, a4, 322           : IntAlu : 
 184500: system.cpu: T0 : 0x1080e    : c_li a3, 7                 : IntAlu :  D=0x0000000000000007
 185000: system.cpu: T0 : 0x10810    : c_j 10                     : IntAlu : 
 185500: system.cpu: T0 : 0x1081a    : c_lw a5, 0(s0)             : MemRead :  D=0x0000000000000001 A=0x10040
 186000: system.cpu: T0 : 0x1081c    : bne a5, a3, -10            : IntAlu : 
 187000: system.cpu: T0 : 0x10812    : addi s0, s0, 56            : IntAlu :  D=0x0000000000010078
 188000: system.cpu: T0 : 0x10816    : bgeu s0, a4, 310           : IntAlu : 
 188500: system.cpu: T0 : 0x1081a    : c_lw a5, 0(s0)             : MemRead :  D=0x0000000000000001 A=0x10078
 189000: system.cpu: T0 : 0x1081c    : bne a5, a3, -10            : IntAlu : 
 190000: system.cpu: T0 : 0x10812    : addi s0, s0, 56            : IntAlu :  D=0x00000000000100b0
 191000: system.cpu: T0 : 0x10816    : bgeu s0, a4, 310           : IntAlu : 
 191500: system.cpu: T0 : 0x1081a    : c_lw a5, 0(s0)             : MemRead :  D=0x0000000000000004 A=0x100b0
 192000: system.cpu: T0 : 0x1081c    : bne a5, a3, -10            : IntAlu : 
 193000: system.cpu: T0 : 0x10812    : addi s0, s0, 56            : IntAlu :  D=0x00000000000100e8
 194000: system.cpu: T0 : 0x10816    : bgeu s0, a4, 310           : IntAlu : 
 194500: system.cpu: T0 : 0x1081a    : c_lw a5, 0(s0)             : MemRead :  D=0x0000000000000007 A=0x100e8
 195000: system.cpu: T0 : 0x1081c    : bne a5, a3, -10            : IntAlu : 
 195500: system.cpu: T0 : 0x10820    : ld s5, 48(s0)              : MemRead :  D=0x0000000000000008 A=0x10118
 196000: system.cpu: T0 : 0x10824    : ld a1, 0(s3)               : MemRead :  D=0x0000000000000000 A=0x6fe60
 196500: system.cpu: T0 : 0x10828    : c_ld a4, 16(s0)            : MemRead :  D=0x000000000006ead0 A=0x100f8
 197000: system.cpu: T0 : 0x1082a    : c_li a5, 16                : IntAlu :  D=0x0000000000000010
 197500: system.cpu: T0 : 0x1082c    : ld s10, 40(s0)             : MemRead :  D=0x0000000000000060 A=0x10110
 198000: system.cpu: T0 : 0x10830    : ld s4, 32(s0)              : MemRead :  D=0x0000000000000020 A=0x10108
 198500: system.cpu: T0 : 0x10834    : c_mv s8, s5                : IntAlu :  D=0x0000000000000008
 199500: system.cpu: T0 : 0x10836    : add s0, a1, a4             : IntAlu :  D=0x000000000006ead0
 200500: system.cpu: T0 : 0x1083a    : bltu s5, a5, 260           : IntAlu : 
 201000: system.cpu: T0 : 0x1093e    : c_li s8, 16                : IntAlu :  D=0x0000000000000010
 201500: system.cpu: T0 : 0x10940    : addi a4, s8, -1            : IntAlu :  D=0x000000000000000f
 202000: system.cpu: T0 : 0x10944    : c_mv s9, s5                : IntAlu :  D=0x0000000000000008
 203000: system.cpu: T0 : 0x10946    : bne s5, zero, -254         : IntAlu : 
 203500: system.cpu: T0 : 0x10848    : sub s11, zero, s8          : IntAlu :  D=0xfffffffffffffff0
 204000: system.cpu: T0 : 0x1084c    : beq s5, zero, 302          : IntAlu : 
 204500: system.cpu: T0 : 0x10850    : addi s2, s5, -1            : IntAlu :  D=0x0000000000000007
 205000: system.cpu: T0 : 0x10854    : divu a5, s2, s9            : IntDiv :  D=0x0000000000000000
 205500: system.cpu: T0 : 0x10858    : c_add s2, s10              : IntAlu :  D=0x0000000000000067
 206500: system.cpu: T0 : 0x1085a    : mul s7, a5, s9             : IntMult :  D=0x0000000000000000
 207000: system.cpu: T0 : 0x1085e    : c_mv a5, s7                : IntAlu :  D=0x0000000000000000
 207500: system.cpu: T0 : 0x10860    : ld a0, -1968(gp)           : MemRead :  D=0x0000000000000800 A=0x70878
 208000: system.cpu: T0 : 0x10864    : c_sdsp a5, 8(sp)           : MemWrite :  D=0x0000000000000000 A=0x7ffffffffffffd78
 208500: system.cpu: T0 : 0x10866    : c_sdsp a4, 0(sp)           : MemWrite :  D=0x000000000000000f A=0x7ffffffffffffd70
 209000: system.cpu: T0 : 0x10868    : addi a0, a0, 1808          : IntAlu :  D=0x0000000000000f10
 209500: system.cpu: T0 : 0x1086c    : c_add a0, s10              : IntAlu :  D=0x0000000000000f70
 210000: system.cpu: T0 : 0x1086e    : c_add a0, s8               : IntAlu :  D=0x0000000000000f80
 210500: system.cpu: T0 : 0x10870    : c_add a0, s7               : IntAlu :  D=0x0000000000000f80
 211500: system.cpu: T0 : 0x10872    : jal ra, 67206              : IntAlu :  D=0x0000000000010876
 212000: system.cpu: T0 : 0x20ef8    : c_addi sp, -32             : IntAlu :  D=0x7ffffffffffffd50
 212500: system.cpu: T0 : 0x20efa    : c_sdsp s2, 0(sp)           : MemWrite :  D=0x0000000000000067 A=0x7ffffffffffffd50
 213000: system.cpu: T0 : 0x20efc    : c_sdsp s1, 8(sp)           : MemWrite :  D=0x0000000000010a26 A=0x7ffffffffffffd58
 214000: system.cpu: T0 : 0x20efe    : ld s1, -1200(gp)           : MemRead :  D=0x0000000000000000 A=0x70b78
 214500: system.cpu: T0 : 0x20f02    : c_sdsp s0, 16(sp)          : MemWrite :  D=0x000000000006ead0 A=0x7ffffffffffffd60
 215000: system.cpu: T0 : 0x20f04    : c_sdsp ra, 24(sp)          : MemWrite :  D=0x0000000000010876 A=0x7ffffffffffffd68
 215500: system.cpu: T0 : 0x20f06    : c_mv s0, a0                : IntAlu :  D=0x0000000000000f80
 216000: system.cpu: T0 : 0x20f08    : c_beqz s1, 46              : IntAlu : 
 216500: system.cpu: T0 : 0x20f36    : c_li a0, 0                 : IntAlu :  D=0x0000000000000000
 217000: system.cpu: T0 : 0x20f38    : jal ra, 98418              : IntAlu :  D=0x0000000000020f3c
 217500: system.cpu: T0 : 0x38faa    : c_mv a5, a0                : IntAlu :  D=0x0000000000000000
 218000: system.cpu: T0 : 0x38fac    : addi a7, zero, 214         : IntAlu :  D=0x00000000000000d6
 218500: system.cpu: T0 : 0x38fb0    : ecall                      : No_OpClass : 
 219000: system.cpu: T0 : 0x38fb4    : sd a0, -1200(gp)           : MemWrite :  D=0x0000000000072000 A=0x70b78
 219500: system.cpu: T0 : 0x38fb8    : bltu a0, a5, 8             : IntAlu : 
 220000: system.cpu: T0 : 0x38fbc    : c_li a0, 0                 : IntAlu :  D=0x0000000000000000
 220500: system.cpu: T0 : 0x38fbe    : c_jr ra                    : IntAlu : 
 221000: system.cpu: T0 : 0x20f3c    : blt a0, zero, -22          : IntAlu : 
 221500: system.cpu: T0 : 0x20f40    : ld s1, -1200(gp)           : MemRead :  D=0x0000000000072000 A=0x70b78
 222000: system.cpu: T0 : 0x20f44    : c_j -52                    : IntAlu : 
 222500: system.cpu: T0 : 0x20f10    : c_beqz s0, 24              : IntAlu : 
 223500: system.cpu: T0 : 0x20f12    : bge zero, s0, 52           : IntAlu : 
 224500: system.cpu: T0 : 0x20f16    : add a5, s0, s1             : IntAlu :  D=0x0000000000072f80
 225500: system.cpu: T0 : 0x20f1a    : sltu a5, a5, s1            : IntAlu :  D=0x0000000000000000
 226000: system.cpu: T0 : 0x20f1e    : c_beqz a5, 50              : IntAlu : 
 226500: system.cpu: T0 : 0x20f50    : add a0, s1, s0             : IntAlu :  D=0x0000000000072f80
 227000: system.cpu: T0 : 0x20f54    : jal ra, 98390              : IntAlu :  D=0x0000000000020f58
 227500: system.cpu: T0 : 0x38faa    : c_mv a5, a0                : IntAlu :  D=0x0000000000072f80
 228000: system.cpu: T0 : 0x38fac    : addi a7, zero, 214         : IntAlu :  D=0x00000000000000d6
 228500: system.cpu: T0 : 0x38fb0    : ecall                      : No_OpClass : 
 229000: system.cpu: T0 : 0x38fb4    : sd a0, -1200(gp)           : MemWrite :  D=0x0000000000072f80 A=0x70b78
 229500: system.cpu: T0 : 0x38fb8    : bltu a0, a5, 8             : IntAlu : 
 230000: system.cpu: T0 : 0x38fbc    : c_li a0, 0                 : IntAlu :  D=0x0000000000000000
 230500: system.cpu: T0 : 0x38fbe    : c_jr ra                    : IntAlu : 
 231000: system.cpu: T0 : 0x20f58    : blt a0, zero, -50          : IntAlu : 
 231500: system.cpu: T0 : 0x20f5c    : c_ldsp ra, 24(sp)          : MemRead :  D=0x0000000000010876 A=0x7ffffffffffffd68
 232000: system.cpu: T0 : 0x20f5e    : c_ldsp s0, 16(sp)          : MemRead :  D=0x000000000006ead0 A=0x7ffffffffffffd60
 232500: system.cpu: T0 : 0x20f60    : c_ldsp s2, 0(sp)           : MemRead :  D=0x0000000000000067 A=0x7ffffffffffffd50
 233000: system.cpu: T0 : 0x20f62    : c_mv a0, s1                : IntAlu :  D=0x0000000000072000
 233500: system.cpu: T0 : 0x20f64    : c_ldsp s1, 8(sp)           : MemRead :  D=0x0000000000010a26 A=0x7ffffffffffffd58
 234000: system.cpu: T0 : 0x20f66    : c_addi16sp sp, 32          : IntAlu :  D=0x7ffffffffffffd70
 234500: system.cpu: T0 : 0x20f68    : c_jr ra                    : IntAlu : 
 235500: system.cpu: T0 : 0x10876    : divu s2, s2, s9            : IntDiv :  D=0x000000000000000c
 236000: system.cpu: T0 : 0x1087a    : c_ldsp a4, 0(sp)           : MemRead :  D=0x000000000000000f A=0x7ffffffffffffd70
 236500: system.cpu: T0 : 0x1087c    : c_ldsp a5, 8(sp)           : MemRead :  D=0x0000000000000000 A=0x7ffffffffffffd78
 237500: system.cpu: T0 : 0x1087e    : addi s1, a0, 1808          : IntAlu :  D=0x0000000000072710
 238000: system.cpu: T0 : 0x10882    : c_add s1, a4               : IntAlu :  D=0x000000000007271f
 238500: system.cpu: T0 : 0x10884    : and s1, s1, s11            : IntAlu :  D=0x0000000000072710
 239000: system.cpu: T0 : 0x10888    : lui a4, 114                : IntAlu :  D=0x0000000000072000
 239500: system.cpu: T0 : 0x1088c    : addi a4, a4, -1680         : IntAlu :  D=0x0000000000071970
 240000: system.cpu: T0 : 0x10890    : add a0, s1, s7             : IntAlu :  D=0x0000000000072710
 240500: system.cpu: T0 : 0x10894    : sd a5, 1088(s3)            : MemWrite :  D=0x0000000000000000 A=0x702a0
 241000: system.cpu: T0 : 0x10898    : addi a5, zero, 62          : IntAlu :  D=0x000000000000003e
 241500: system.cpu: T0 : 0x1089c    : c_mv a2, s4                : IntAlu :  D=0x0000000000000020
 242000: system.cpu: T0 : 0x1089e    : c_sd a5, 0(a4)             : MemWrite :  D=0x000000000000003e A=0x71970
 242500: system.cpu: T0 : 0x108a0    : c_mv a1, s0                : IntAlu :  D=0x000000000006ead0
 243000: system.cpu: T0 : 0x108a2    : c_sd a0, 32(a4)            : MemWrite :  D=0x0000000000072710 A=0x71990
 243500: system.cpu: T0 : 0x108a4    : sd zero, 40(a4)            : MemWrite :  D=0x0000000000000000 A=0x71998
 244000: system.cpu: T0 : 0x108a8    : jal ra, 61668              : IntAlu :  D=0x00000000000108ac
 244500: system.cpu: T0 : 0x1f98c    : c_addi16sp sp, -48         : IntAlu :  D=0x7ffffffffffffd40
 245000: system.cpu: T0 : 0x1f98e    : c_sdsp s0, 32(sp)          : MemWrite :  D=0x000000000006ead0 A=0x7ffffffffffffd60
 245500: system.cpu: T0 : 0x1f990    : c_sdsp s2, 16(sp)          : MemWrite :  D=0x000000000000000c A=0x7ffffffffffffd50
 246000: system.cpu: T0 : 0x1f992    : c_sdsp ra, 40(sp)          : MemWrite :  D=0x00000000000108ac A=0x7ffffffffffffd68
 246500: system.cpu: T0 : 0x1f994    : c_sdsp s1, 24(sp)          : MemWrite :  D=0x0000000000072710 A=0x7ffffffffffffd58
 247000: system.cpu: T0 : 0x1f996    : c_sdsp s3, 8(sp)           : MemWrite :  D=0x000000000006fe60 A=0x7ffffffffffffd48
 247500: system.cpu: T0 : 0x1f998    : c_li a5, 15                : IntAlu :  D=0x000000000000000f
 248000: system.cpu: T0 : 0x1f99a    : c_mv s2, a0                : IntAlu :  D=0x0000000000072710
 248500: system.cpu: T0 : 0x1f99c    : c_mv a4, a0                : IntAlu :  D=0x0000000000072710
 249000: system.cpu: T0 : 0x1f99e    : c_mv s0, a1                : IntAlu :  D=0x000000000006ead0
 249500: system.cpu: T0 : 0x1f9a0    : bgeu a5, a2, 72            : IntAlu : 
 250000: system.cpu: T0 : 0x1f9a4    : sub a0, zero, a0           : IntAlu :  D=0xfffffffffff8d8f0
 250500: system.cpu: T0 : 0x1f9a8    : c_andi a0, 7               : IntAlu :  D=0x0000000000000000
 251500: system.cpu: T0 : 0x1f9aa    : sub s1, a2, a0             : IntAlu :  D=0x0000000000000020
 252000: system.cpu: T0 : 0x1f9ae    : c_beqz a0, 110             : IntAlu : 
 252500: system.cpu: T0 : 0x1fa1c    : c_mv s3, s2                : IntAlu :  D=0x0000000000072710
 253000: system.cpu: T0 : 0x1fa1e    : c_j -84                    : IntAlu : 
 254000: system.cpu: T0 : 0x1f9ca    : andi a5, s0, 7             : IntAlu :  D=0x0000000000000000
 255000: system.cpu: T0 : 0x1f9ce    : srli a2, s1, 3             : IntAlu :  D=0x0000000000000004
 255500: system.cpu: T0 : 0x1f9d2    : c_mv a1, s0                : IntAlu :  D=0x000000000006ead0
 256000: system.cpu: T0 : 0x1f9d4    : c_mv a0, s3                : IntAlu :  D=0x0000000000072710
 256500: system.cpu: T0 : 0x1f9d6    : c_bnez a5, 64              : IntAlu : 
 257000: system.cpu: T0 : 0x1f9d8    : jal ra, 72                 : IntAlu :  D=0x000000000001f9dc
 257500: system.cpu: T0 : 0x1fa20    : andi a5, a2, 7             : IntAlu :  D=0x0000000000000004
 258000: system.cpu: T0 : 0x1fa24    : lui a4, 79                 : IntAlu :  D=0x000000000004f000
 258500: system.cpu: T0 : 0x1fa28    : c_slli a5, 2               : IntAlu :  D=0x0000000000000010
 259500: system.cpu: T0 : 0x1fa2a    : addi a4, a4, -152          : IntAlu :  D=0x000000000004ef68
 260000: system.cpu: T0 : 0x1fa2e    : c_add a5, a4               : IntAlu :  D=0x000000000004ef78
 260500: system.cpu: T0 : 0x1fa30    : c_lw a5, 0(a5)             : MemRead :  D=0x000000000001faca A=0x4ef78
 261000: system.cpu: T0 : 0x1fa32    : c_jr a5                    : IntAlu : 
 262000: system.cpu: T0 : 0x1faca    : ld a6, 0(a1)               : MemRead :  D=0x0000000000070678 A=0x6ead0
 262500: system.cpu: T0 : 0x1face    : c_mv a3, a0                : IntAlu :  D=0x0000000000072710
 263000: system.cpu: T0 : 0x1fad0    : c_addi a1, -32             : IntAlu :  D=0x000000000006eab0
 264000: system.cpu: T0 : 0x1fad2    : addi a5, a0, -40           : IntAlu :  D=0x00000000000726e8
 264500: system.cpu: T0 : 0x1fad6    : c_addi a2, 4               : IntAlu :  D=0x0000000000000008
 265000: system.cpu: T0 : 0x1fad8    : c_j -124                   : IntAlu : 
 265500: system.cpu: T0 : 0x1fa5c    : c_ld a4, 40(a1)            : MemRead :  D=0x0000000000070678 A=0x6ead8
 266500: system.cpu: T0 : 0x1fa5e    : addi a0, a5, 48            : IntAlu :  D=0x0000000000072718
 267500: system.cpu: T0 : 0x1fa62    : sd a6, 0(a3)               : MemWrite :  D=0x0000000000070678 A=0x72710
 268500: system.cpu: T0 : 0x1fa62    : sd a6, 0(a3)               : MemWrite :  D=0x0000000000070678 A=0x72710
 269500: system.cpu: T0 : 0x1fa66    : ld a6, 48(a1)              : MemRead :  D=0x0000000000070680 A=0x6eae0
 270500: system.cpu: T0 : 0x1fa6a    : addi a3, a5, 56            : IntAlu :  D=0x0000000000072720
 271000: system.cpu: T0 : 0x1fa6e    : c_sd a4, 0(a0)             : MemWrite :  D=0x0000000000070678 A=0x72718
 271500: system.cpu: T0 : 0x1fa70    : c_ld a4, 56(a1)            : MemRead :  D=0x0000000000070698 A=0x6eae8
 272500: system.cpu: T0 : 0x1fa72    : addi a5, a5, 64            : IntAlu :  D=0x0000000000072728
 273500: system.cpu: T0 : 0x1fa76    : sd a6, 0(a3)               : MemWrite :  D=0x0000000000070680 A=0x72720
 274000: system.cpu: T0 : 0x1fa7a    : c_addi a2, -8              : IntAlu :  D=0x0000000000000000
 274500: system.cpu: T0 : 0x1fa7c    : c_mv a0, a5                : IntAlu :  D=0x0000000000072728
 275500: system.cpu: T0 : 0x1fa7e    : addi a1, a1, 64            : IntAlu :  D=0x000000000006eaf0
 276000: system.cpu: T0 : 0x1fa82    : c_beqz a2, 24              : IntAlu : 
 276500: system.cpu: T0 : 0x1fa9a    : c_sd a4, 0(a0)             : MemWrite :  D=0x0000000000070698 A=0x72728
 277000: system.cpu: T0 : 0x1fa9c    : c_jr ra                    : IntAlu : 
 277500: system.cpu: T0 : 0x1f9dc    : andi a4, s1, 18446744073709551608 : IntAlu :  D=0x0000000000000020
 278000: system.cpu: T0 : 0x1f9e0    : c_add s0, a4               : IntAlu :  D=0x000000000006eaf0
 279000: system.cpu: T0 : 0x1f9e2    : andi a2, s1, 7             : IntAlu :  D=0x0000000000000000
 279500: system.cpu: T0 : 0x1f9e6    : c_add a4, s3               : IntAlu :  D=0x0000000000072730
 280000: system.cpu: T0 : 0x1f9e8    : c_addi a4, -1              : IntAlu :  D=0x000000000007272f
 280500: system.cpu: T0 : 0x1f9ea    : c_mv a5, s0                : IntAlu :  D=0x000000000006eaf0
 281000: system.cpu: T0 : 0x1f9ec    : add a1, a2, s0             : IntAlu :  D=0x000000000006eaf0
 281500: system.cpu: T0 : 0x1f9f0    : c_sub a4, s0               : IntAlu :  D=0x0000000000003c3f
 282000: system.cpu: T0 : 0x1f9f2    : c_beqz a2, 20              : IntAlu : 
 282500: system.cpu: T0 : 0x1fa06    : c_ldsp ra, 40(sp)          : MemRead :  D=0x00000000000108ac A=0x7ffffffffffffd68
 283000: system.cpu: T0 : 0x1fa08    : c_ldsp s0, 32(sp)          : MemRead :  D=0x000000000006ead0 A=0x7ffffffffffffd60
 283500: system.cpu: T0 : 0x1fa0a    : c_ldsp s1, 24(sp)          : MemRead :  D=0x0000000000072710 A=0x7ffffffffffffd58
 284000: system.cpu: T0 : 0x1fa0c    : c_ldsp s3, 8(sp)           : MemRead :  D=0x000000000006fe60 A=0x7ffffffffffffd48
 284500: system.cpu: T0 : 0x1fa0e    : c_mv a0, s2                : IntAlu :  D=0x0000000000072710
 285000: system.cpu: T0 : 0x1fa10    : c_ldsp s2, 16(sp)          : MemRead :  D=0x000000000000000c A=0x7ffffffffffffd50
 285500: system.cpu: T0 : 0x1fa12    : c_addi16sp sp, 48          : IntAlu :  D=0x7ffffffffffffd70
 286000: system.cpu: T0 : 0x1fa14    : c_jr ra                    : IntAlu : 
 286500: system.cpu: T0 : 0x108ac    : lui a5, 114                : IntAlu :  D=0x0000000000072000
 287000: system.cpu: T0 : 0x108b0    : addi a5, a5, -1664         : IntAlu :  D=0x0000000000071980
 287500: system.cpu: T0 : 0x108b4    : ld a4, -1968(gp)           : MemRead :  D=0x0000000000000800 A=0x70878
 288000: system.cpu: T0 : 0x108b8    : addi a3, gp, -960          : IntAlu :  D=0x0000000000070c68
 288500: system.cpu: T0 : 0x108bc    : sd a5, -16(s1)             : MemWrite :  D=0x0000000000071980 A=0x72700
 289000: system.cpu: T0 : 0x108c0    : addi a2, zero, 64          : IntAlu :  D=0x0000000000000040
 289500: system.cpu: T0 : 0x108c4    : c_li a5, 1                 : IntAlu :  D=0x0000000000000001
 290000: system.cpu: T0 : 0x108c6    : c_sd a2, 0(a3)             : MemWrite :  D=0x0000000000000040 A=0x70c68
 290500: system.cpu: T0 : 0x108c8    : lui a2, 114                : IntAlu :  D=0x0000000000072000
 291000: system.cpu: T0 : 0x108cc    : sd a5, -1688(a2)           : MemWrite :  D=0x0000000000000001 A=0x71968
 291500: system.cpu: T0 : 0x108d0    : lui a2, 114                : IntAlu :  D=0x0000000000072000
 292000: system.cpu: T0 : 0x108d4    : sd s3, 40(a3)              : MemWrite :  D=0x000000000006fe60 A=0x70c90
 292500: system.cpu: T0 : 0x108d8    : sd a3, -656(a2)            : MemWrite :  D=0x0000000000070c68 A=0x71d70
 293000: system.cpu: T0 : 0x108dc    : lui a3, 114                : IntAlu :  D=0x0000000000072000
 293500: system.cpu: T0 : 0x108e0    : sd s8, -1696(a3)           : MemWrite :  D=0x0000000000000010 A=0x71960
 294000: system.cpu: T0 : 0x108e4    : lui a3, 114                : IntAlu :  D=0x0000000000072000
 294500: system.cpu: T0 : 0x108e8    : sd a5, 1096(s3)            : MemWrite :  D=0x0000000000000001 A=0x702a8
 295000: system.cpu: T0 : 0x108ec    : sd a5, -632(a3)            : MemWrite :  D=0x0000000000000001 A=0x71d88
 295500: system.cpu: T0 : 0x108f0    : c_addi a4, 15              : IntAlu :  D=0x000000000000080f
 296500: system.cpu: T0 : 0x108f2    : sd s0, 1048(s3)            : MemWrite :  D=0x000000000006ead0 A=0x70278
 297000: system.cpu: T0 : 0x108f6    : c_ldsp ra, 120(sp)         : MemRead :  D=0x0000000000010534 A=0x7ffffffffffffde8
 297500: system.cpu: T0 : 0x108f8    : c_ldsp s0, 112(sp)         : MemRead :  D=0x0000000000010996 A=0x7ffffffffffffde0
 298500: system.cpu: T0 : 0x108fa    : sd s5, 1072(s3)            : MemWrite :  D=0x0000000000000008 A=0x70290
 299500: system.cpu: T0 : 0x108fe    : sd s10, 1064(s3)           : MemWrite :  D=0x0000000000000060 A=0x70288
 300500: system.cpu: T0 : 0x10902    : sd s4, 1056(s3)            : MemWrite :  D=0x0000000000000020 A=0x70280
 301000: system.cpu: T0 : 0x10906    : c_ldsp s5, 72(sp)          : MemRead :  D=0x0000000000000000 A=0x7ffffffffffffdb8
 301500: system.cpu: T0 : 0x10908    : c_ldsp s3, 88(sp)          : MemRead :  D=0x0000000000000000 A=0x7ffffffffffffdc8
 302000: system.cpu: T0 : 0x1090a    : c_ldsp s4, 80(sp)          : MemRead :  D=0x0000000000000000 A=0x7ffffffffffffdc0
 302500: system.cpu: T0 : 0x1090c    : c_ldsp s8, 48(sp)          : MemRead :  D=0x0000000000000000 A=0x7ffffffffffffda0
 303000: system.cpu: T0 : 0x1090e    : c_ldsp s10, 32(sp)         : MemRead :  D=0x0000000000000000 A=0x7ffffffffffffd90
 303500: system.cpu: T0 : 0x10910    : c_ldsp s11, 24(sp)         : MemRead :  D=0x0000000000000000 A=0x7ffffffffffffd88
 304000: system.cpu: T0 : 0x10912    : c_mv tp, s1                : IntAlu :  D=0x0000000000072710
 304500: system.cpu: T0 : 0x10914    : c_ldsp s1, 104(sp)         : MemRead :  D=0x0000000000010a26 A=0x7ffffffffffffdd8
 305500: system.cpu: T0 : 0x10916    : mul s2, s2, s9             : IntMult :  D=0x0000000000000060
 306000: system.cpu: T0 : 0x1091a    : c_ldsp s9, 40(sp)          : MemRead :  D=0x0000000000000000 A=0x7ffffffffffffd98
 306500: system.cpu: T0 : 0x1091c    : add a5, s2, s7             : IntAlu :  D=0x0000000000000060
 307000: system.cpu: T0 : 0x10920    : c_add a4, a5               : IntAlu :  D=0x000000000000086f
 307500: system.cpu: T0 : 0x10922    : c_andi a4, 18446744073709551600 : IntAlu :  D=0x0000000000000860
 308000: system.cpu: T0 : 0x10924    : sd a4, -1968(gp)           : MemWrite :  D=0x0000000000000860 A=0x70878
 308500: system.cpu: T0 : 0x10928    : lui a4, 114                : IntAlu :  D=0x0000000000072000
 309000: system.cpu: T0 : 0x1092c    : sd a5, -1704(a4)           : MemWrite :  D=0x0000000000000060 A=0x71958
 309500: system.cpu: T0 : 0x10930    : c_ldsp s2, 96(sp)          : MemRead :  D=0x0000000000000000 A=0x7ffffffffffffdd0
 310000: system.cpu: T0 : 0x10932    : c_ldsp s6, 64(sp)          : MemRead :  D=0x0000000000000000 A=0x7ffffffffffffdb0
 310500: system.cpu: T0 : 0x10934    : c_ldsp s7, 56(sp)          : MemRead :  D=0x0000000000000000 A=0x7ffffffffffffda8
 311000: system.cpu: T0 : 0x10936    : c_addi16sp sp, 128         : IntAlu :  D=0x7ffffffffffffdf0
 311500: system.cpu: T0 : 0x10938    : c_jr ra                    : IntAlu : 
 312000: system.cpu: T0 : 0x10534    : lui a5, 111                : IntAlu :  D=0x000000000006f000
 312500: system.cpu: T0 : 0x10538    : ld a5, -128(a5)            : MemRead :  D=0x7fffffffffffffd8 A=0x6ef80
 313000: system.cpu: T0 : 0x1053c    : lw a7, -1728(gp)           : MemRead :  D=0x0000000000000000 A=0x70968
 313500: system.cpu: T0 : 0x10540    : lbu a6, 1(a5)              : MemRead :  D=0x0000000000000000 A=0x7fffffffffffffd9
 314000: system.cpu: T0 : 0x10544    : lbu a4, 0(a5)              : MemRead :  D=0x0000000000000000 A=0x7fffffffffffffd8
 314500: system.cpu: T0 : 0x10548    : lbu a0, 2(a5)              : MemRead :  D=0x0000000000000000 A=0x7fffffffffffffda
 315000: system.cpu: T0 : 0x1054c    : lbu a1, 3(a5)              : MemRead :  D=0x0000000000000000 A=0x7fffffffffffffdb
 315500: system.cpu: T0 : 0x10550    : lbu a2, 4(a5)              : MemRead :  D=0x0000000000000000 A=0x7fffffffffffffdc
 316000: system.cpu: T0 : 0x10554    : c_slli a6, 8               : IntAlu :  D=0x0000000000000000
 317000: system.cpu: T0 : 0x10556    : lbu a3, 5(a5)              : MemRead :  D=0x0000000000000000 A=0x7fffffffffffffdd
 318000: system.cpu: T0 : 0x1055a    : or a6, a6, a4              : IntAlu :  D=0x0000000000000000
 318500: system.cpu: T0 : 0x1055e    : c_slli a0, 16              : IntAlu :  D=0x0000000000000000
 319000: system.cpu: T0 : 0x10560    : lbu a4, 6(a5)              : MemRead :  D=0x000000000000002e A=0x7fffffffffffffde
 319500: system.cpu: T0 : 0x10564    : or a0, a0, a6              : IntAlu :  D=0x0000000000000000
 320000: system.cpu: T0 : 0x10568    : c_slli a1, 24              : IntAlu :  D=0x0000000000000000
 321000: system.cpu: T0 : 0x1056a    : lbu a5, 7(a5)              : MemRead :  D=0x000000000000002e A=0x7fffffffffffffdf
 321500: system.cpu: T0 : 0x1056e    : c_or a1, a0                : IntAlu :  D=0x0000000000000000
 322000: system.cpu: T0 : 0x10570    : c_slli a2, 32              : IntAlu :  D=0x0000000000000000
 322500: system.cpu: T0 : 0x10572    : c_or a2, a1                : IntAlu :  D=0x0000000000000000
 323000: system.cpu: T0 : 0x10574    : c_slli a3, 40              : IntAlu :  D=0x0000000000000000
 323500: system.cpu: T0 : 0x10576    : c_or a3, a2                : IntAlu :  D=0x0000000000000000
 324000: system.cpu: T0 : 0x10578    : c_slli a4, 48              : IntAlu :  D=0x002e000000000000
 324500: system.cpu: T0 : 0x1057a    : c_or a4, a3                : IntAlu :  D=0x002e000000000000
 325000: system.cpu: T0 : 0x1057c    : c_slli a5, 56              : IntAlu :  D=0x2e00000000000000
 325500: system.cpu: T0 : 0x1057e    : c_or a5, a4                : IntAlu :  D=0x2e2e000000000000
 326000: system.cpu: T0 : 0x10580    : andi a5, a5, 18446744073709551360 : IntAlu :  D=0x2e2e000000000000
 326500: system.cpu: T0 : 0x10584    : lui a4, 111                : IntAlu :  D=0x000000000006f000
 327000: system.cpu: T0 : 0x10588    : sd a5, -1264(a4)           : MemWrite :  D=0x2e2e000000000000 A=0x6eb10
 327500: system.cpu: T0 : 0x1058c    : beq a7, zero, 286          : IntAlu : 
 328500: system.cpu: T0 : 0x106aa    : jal ra, 75208              : IntAlu :  D=0x00000000000106ae
 329000: system.cpu: T0 : 0x22c72    : c_addi16sp sp, -496        : IntAlu :  D=0x7ffffffffffffc00
 329500: system.cpu: T0 : 0x22c74    : c_addi4spn a0, sp, 72      : IntAlu :  D=0x7ffffffffffffc48
 330000: system.cpu: T0 : 0x22c76    : c_sdsp ra, 488(sp)         : MemWrite :  D=0x00000000000106ae A=0x7ffffffffffffde8
 330500: system.cpu: T0 : 0x22c78    : c_sdsp s0, 480(sp)         : MemWrite :  D=0x0000000000010996 A=0x7ffffffffffffde0
 331000: system.cpu: T0 : 0x22c7a    : c_sdsp s1, 472(sp)         : MemWrite :  D=0x0000000000010a26 A=0x7ffffffffffffdd8
 331500: system.cpu: T0 : 0x22c7c    : jal ra, 90520              : IntAlu :  D=0x0000000000022c80
 332000: system.cpu: T0 : 0x38e14    : addi a7, zero, 160         : IntAlu :  D=0x00000000000000a0
 332500: system.cpu: T0 : 0x38e18    : ecall                      : No_OpClass : 
 333000: system.cpu: T0 : 0x38e1c    : c_lui a7, 1048575          : IntAlu :  D=0xfffffffffffff000
 334000: system.cpu: T0 : 0x38e1e    : bltu a7, a0, 6             : IntAlu : 
 334500: system.cpu: T0 : 0x38e22    : c_jr ra                    : IntAlu : 
 335000: system.cpu: T0 : 0x22c80    : addi a3, sp, 202           : IntAlu :  D=0x7ffffffffffffcca
 335500: system.cpu: T0 : 0x22c84    : c_bnez a0, 140             : IntAlu : 
 336000: system.cpu: T0 : 0x22c86    : c_li t1, 0                 : IntAlu :  D=0x0000000000000000
 336500: system.cpu: T0 : 0x22c88    : c_li a0, 0                 : IntAlu :  D=0x0000000000000000
 337000: system.cpu: T0 : 0x22c8a    : c_li a7, 9                 : IntAlu :  D=0x0000000000000009
 337500: system.cpu: T0 : 0x22c8c    : addi t3, zero, 46          : IntAlu :  D=0x000000000000002e
 338000: system.cpu: T0 : 0x22c90    : c_li t4, 3                 : IntAlu :  D=0x0000000000000003
 339000: system.cpu: T0 : 0x22c92    : lbu a5, 0(a3)              : MemRead :  D=0x0000000000000035 A=0x7ffffffffffffcca
 340000: system.cpu: T0 : 0x22c96    : addiw a5, a5, -48          : IntAlu :  D=0x0000000000000005
 341000: system.cpu: T0 : 0x22c9a    : andi a4, a5, 255           : IntAlu :  D=0x0000000000000005
 342000: system.cpu: T0 : 0x22c9e    : bltu a7, a4, 98            : IntAlu : 
 343000: system.cpu: T0 : 0x22ca2    : lbu a1, 1(a3)              : MemRead :  D=0x000000000000002e A=0x7ffffffffffffccb
 344000: system.cpu: T0 : 0x22ca6    : addiw a4, a5, 0            : IntAlu :  D=0x0000000000000005
 344500: system.cpu: T0 : 0x22caa    : c_addi a3, 1               : IntAlu :  D=0x7ffffffffffffccb
 345000: system.cpu: T0 : 0x22cac    : addiw a2, a1, -48          : IntAlu :  D=0xfffffffffffffffe
 345500: system.cpu: T0 : 0x22cb0    : andi a5, a2, 255           : IntAlu :  D=0x00000000000000fe
 346000: system.cpu: T0 : 0x22cb4    : bltu a7, a5, 36            : IntAlu : 
 346500: system.cpu: T0 : 0x22cd8    : slliw a5, a0, 8            : IntAlu :  D=0x0000000000000000
 347000: system.cpu: T0 : 0x22cdc    : c_or a5, a4                : IntAlu :  D=0x0000000000000005
 347500: system.cpu: T0 : 0x22cde    : c_addiw t1, 1              : IntAlu :  D=0x0000000000000001
 348000: system.cpu: T0 : 0x22ce0    : addiw a0, a5, 0            : IntAlu :  D=0x0000000000000005
 348500: system.cpu: T0 : 0x22ce4    : c_addi a3, 1               : IntAlu :  D=0x7ffffffffffffccc
 349500: system.cpu: T0 : 0x22ce6    : bne a1, t3, 20             : IntAlu : 
 350500: system.cpu: T0 : 0x22cea    : bne t1, t4, -88            : IntAlu : 
 351500: system.cpu: T0 : 0x22c92    : lbu a5, 0(a3)              : MemRead :  D=0x0000000000000031 A=0x7ffffffffffffccc
 352500: system.cpu: T0 : 0x22c96    : addiw a5, a5, -48          : IntAlu :  D=0x0000000000000001
 353500: system.cpu: T0 : 0x22c9a    : andi a4, a5, 255           : IntAlu :  D=0x0000000000000001
 354500: system.cpu: T0 : 0x22c9e    : bltu a7, a4, 98            : IntAlu : 
 355500: system.cpu: T0 : 0x22ca2    : lbu a1, 1(a3)              : MemRead :  D=0x000000000000002e A=0x7ffffffffffffccd
 356500: system.cpu: T0 : 0x22ca6    : addiw a4, a5, 0            : IntAlu :  D=0x0000000000000001
 357000: system.cpu: T0 : 0x22caa    : c_addi a3, 1               : IntAlu :  D=0x7ffffffffffffccd
 357500: system.cpu: T0 : 0x22cac    : addiw a2, a1, -48          : IntAlu :  D=0xfffffffffffffffe
 358000: system.cpu: T0 : 0x22cb0    : andi a5, a2, 255           : IntAlu :  D=0x00000000000000fe
 358500: system.cpu: T0 : 0x22cb4    : bltu a7, a5, 36            : IntAlu : 
 359000: system.cpu: T0 : 0x22cd8    : slliw a5, a0, 8            : IntAlu :  D=0x0000000000000500
 359500: system.cpu: T0 : 0x22cdc    : c_or a5, a4                : IntAlu :  D=0x0000000000000501
 360000: system.cpu: T0 : 0x22cde    : c_addiw t1, 1              : IntAlu :  D=0x0000000000000002
 360500: system.cpu: T0 : 0x22ce0    : addiw a0, a5, 0            : IntAlu :  D=0x0000000000000501
 361000: system.cpu: T0 : 0x22ce4    : c_addi a3, 1               : IntAlu :  D=0x7ffffffffffffcce
 362000: system.cpu: T0 : 0x22ce6    : bne a1, t3, 20             : IntAlu : 
 363000: system.cpu: T0 : 0x22cea    : bne t1, t4, -88            : IntAlu : 
 364000: system.cpu: T0 : 0x22c92    : lbu a5, 0(a3)              : MemRead :  D=0x0000000000000030 A=0x7ffffffffffffcce
 365000: system.cpu: T0 : 0x22c96    : addiw a5, a5, -48          : IntAlu :  D=0x0000000000000000
 366000: system.cpu: T0 : 0x22c9a    : andi a4, a5, 255           : IntAlu :  D=0x0000000000000000
 367000: system.cpu: T0 : 0x22c9e    : bltu a7, a4, 98            : IntAlu : 
 368000: system.cpu: T0 : 0x22ca2    : lbu a1, 1(a3)              : MemRead :  D=0x0000000000000000 A=0x7ffffffffffffccf
 369000: system.cpu: T0 : 0x22ca6    : addiw a4, a5, 0            : IntAlu :  D=0x0000000000000000
 369500: system.cpu: T0 : 0x22caa    : c_addi a3, 1               : IntAlu :  D=0x7ffffffffffffccf
 370000: system.cpu: T0 : 0x22cac    : addiw a2, a1, -48          : IntAlu :  D=0xffffffffffffffd0
 370500: system.cpu: T0 : 0x22cb0    : andi a5, a2, 255           : IntAlu :  D=0x00000000000000d0
 371000: system.cpu: T0 : 0x22cb4    : bltu a7, a5, 36            : IntAlu : 
 371500: system.cpu: T0 : 0x22cd8    : slliw a5, a0, 8            : IntAlu :  D=0x0000000000050100
 372000: system.cpu: T0 : 0x22cdc    : c_or a5, a4                : IntAlu :  D=0x0000000000050100
 372500: system.cpu: T0 : 0x22cde    : c_addiw t1, 1              : IntAlu :  D=0x0000000000000003
 373000: system.cpu: T0 : 0x22ce0    : addiw a0, a5, 0            : IntAlu :  D=0x0000000000050100
 373500: system.cpu: T0 : 0x22ce4    : c_addi a3, 1               : IntAlu :  D=0x7ffffffffffffcd0
 374500: system.cpu: T0 : 0x22ce6    : bne a1, t3, 20             : IntAlu : 
 375000: system.cpu: T0 : 0x22cfa    : c_li a5, 3                 : IntAlu :  D=0x0000000000000003
 375500: system.cpu: T0 : 0x22cfc    : beq t1, a5, -14            : IntAlu : 
 376000: system.cpu: T0 : 0x22cee    : c_addiw a0, 0              : IntAlu :  D=0x0000000000050100
 376500: system.cpu: T0 : 0x22cf0    : c_ldsp ra, 488(sp)         : MemRead :  D=0x00000000000106ae A=0x7ffffffffffffde8
 377000: system.cpu: T0 : 0x22cf2    : c_ldsp s0, 480(sp)         : MemRead :  D=0x0000000000010996 A=0x7ffffffffffffde0
 377500: system.cpu: T0 : 0x22cf4    : c_ldsp s1, 472(sp)         : MemRead :  D=0x0000000000010a26 A=0x7ffffffffffffdd8
 378000: system.cpu: T0 : 0x22cf6    : c_addi16sp sp, 496         : IntAlu :  D=0x7ffffffffffffdf0
 378500: system.cpu: T0 : 0x22cf8    : c_jr ra                    : IntAlu : 
 379000: system.cpu: T0 : 0x106ae    : c_mv a5, a0                : IntAlu :  D=0x0000000000050100
 379500: system.cpu: T0 : 0x106b0    : blt a0, zero, 104          : IntAlu : 
 380000: system.cpu: T0 : 0x106b4    : lui a4, 114                : IntAlu :  D=0x0000000000072000
 380500: system.cpu: T0 : 0x106b8    : lw a3, -376(a4)            : MemRead :  D=0x0000000000000000 A=0x71e88
 381000: system.cpu: T0 : 0x106bc    : addiw a4, a0, 0            : IntAlu :  D=0x0000000000050100
 381500: system.cpu: T0 : 0x106c0    : c_bnez a3, 82              : IntAlu : 
 382500: system.cpu: T0 : 0x106c2    : lui a3, 114                : IntAlu :  D=0x0000000000072000
 383500: system.cpu: T0 : 0x106c6    : sw a4, -376(a3)            : MemWrite :  D=0x0000000000050100 A=0x71e88
 384500: system.cpu: T0 : 0x106ca    : lui a4, 65                 : IntAlu :  D=0x0000000000041000
 385500: system.cpu: T0 : 0x106ce    : addi a4, a4, -257          : IntAlu :  D=0x0000000000040eff
 386500: system.cpu: T0 : 0x106d2    : blt a4, a5, -322           : IntAlu : 
 387000: system.cpu: T0 : 0x10590    : addi a5, zero, 0           : IntAlu :  D=0x0000000000000000
 387500: system.cpu: T0 : 0x10594    : c_beqz a5, 10              : IntAlu : 
 388500: system.cpu: T0 : 0x1059e    : lui a5, 111                : IntAlu :  D=0x000000000006f000
 389500: system.cpu: T0 : 0x105a2    : ld a5, -128(a5)            : MemRead :  D=0x7fffffffffffffd8 A=0x6ef80
 390500: system.cpu: T0 : 0x105a6    : lbu a4, 14(a5)             : MemRead :  D=0x000000000000006f A=0x7fffffffffffffe6
 391500: system.cpu: T0 : 0x105aa    : lbu a7, 8(a5)              : MemRead :  D=0x000000000000002f A=0x7fffffffffffffe0
 392500: system.cpu: T0 : 0x105ae    : lbu a6, 9(a5)              : MemRead :  D=0x0000000000000044 A=0x7fffffffffffffe1
 393500: system.cpu: T0 : 0x105b2    : lbu a0, 10(a5)             : MemRead :  D=0x000000000000006f A=0x7fffffffffffffe2
 394500: system.cpu: T0 : 0x105b6    : lbu a1, 11(a5)             : MemRead :  D=0x0000000000000077 A=0x7fffffffffffffe3
 395500: system.cpu: T0 : 0x105ba    : lbu a2, 12(a5)             : MemRead :  D=0x000000000000006e A=0x7fffffffffffffe4
 396500: system.cpu: T0 : 0x105be    : lbu a3, 13(a5)             : MemRead :  D=0x000000000000006c A=0x7fffffffffffffe5
 397500: system.cpu: T0 : 0x105c2    : lbu a5, 15(a5)             : MemRead :  D=0x0000000000000061 A=0x7fffffffffffffe7
 398500: system.cpu: T0 : 0x105c6    : sb a7, 40(sp)              : MemWrite :  D=0x000000000000002f A=0x7ffffffffffffe18
 399500: system.cpu: T0 : 0x105ca    : sb a6, 41(sp)              : MemWrite :  D=0x0000000000000044 A=0x7ffffffffffffe19
 400500: system.cpu: T0 : 0x105ce    : sb a5, 47(sp)              : MemWrite :  D=0x0000000000000061 A=0x7ffffffffffffe1f
 401500: system.cpu: T0 : 0x105d2    : sb a0, 42(sp)              : MemWrite :  D=0x000000000000006f A=0x7ffffffffffffe1a
 402500: system.cpu: T0 : 0x105d6    : sb a1, 43(sp)              : MemWrite :  D=0x0000000000000077 A=0x7ffffffffffffe1b
 403500: system.cpu: T0 : 0x105da    : sb a2, 44(sp)              : MemWrite :  D=0x000000000000006e A=0x7ffffffffffffe1c
 404500: system.cpu: T0 : 0x105de    : sb a3, 45(sp)              : MemWrite :  D=0x000000000000006c A=0x7ffffffffffffe1d
 405500: system.cpu: T0 : 0x105e2    : sb a4, 46(sp)              : MemWrite :  D=0x000000000000006f A=0x7ffffffffffffe1e
 406000: system.cpu: T0 : 0x105e6    : c_ldsp a4, 40(sp)          : MemRead :  D=0x616f6c6e776f442f A=0x7ffffffffffffe18
 406500: system.cpu: T0 : 0x105e8    : lui a5, 111                : IntAlu :  D=0x000000000006f000
 407000: system.cpu: T0 : 0x105ec    : sd a4, -1256(a5)           : MemWrite :  D=0x616f6c6e776f442f A=0x6eb18
 407500: system.cpu: T0 : 0x105f0    : beq s2, zero, 14           : IntAlu : 
 408500: system.cpu: T0 : 0x105fe    : ld a2, -1360(gp)           : MemRead :  D=0x7fffffffffffff48 A=0x70ad8
 409000: system.cpu: T0 : 0x10602    : c_ldsp a1, 16(sp)          : MemRead :  D=0x7fffffffffffff38 A=0x7ffffffffffffe00
 409500: system.cpu: T0 : 0x10604    : c_ldsp a0, 8(sp)           : MemRead :  D=0x0000000000000001 A=0x7ffffffffffffdf8
 410500: system.cpu: T0 : 0x10606    : jal ra, 75612              : IntAlu :  D=0x000000000001060a
 411000: system.cpu: T0 : 0x22d62    : c_addi sp, -32             : IntAlu :  D=0x7ffffffffffffdd0
 411500: system.cpu: T0 : 0x22d64    : c_sdsp s0, 16(sp)          : MemWrite :  D=0x0000000000010996 A=0x7ffffffffffffde0
 412000: system.cpu: T0 : 0x22d66    : c_sdsp s1, 8(sp)           : MemWrite :  D=0x0000000000010a26 A=0x7ffffffffffffdd8
 412500: system.cpu: T0 : 0x22d68    : c_sdsp s2, 0(sp)           : MemWrite :  D=0x0000000000000000 A=0x7ffffffffffffdd0
 413000: system.cpu: T0 : 0x22d6a    : c_sdsp ra, 24(sp)          : MemWrite :  D=0x000000000001060a A=0x7ffffffffffffde8
 413500: system.cpu: T0 : 0x22d6c    : addi a4, zero, 0           : IntAlu :  D=0x0000000000000000
 414000: system.cpu: T0 : 0x22d70    : c_mv s0, a0                : IntAlu :  D=0x0000000000000001
 414500: system.cpu: T0 : 0x22d72    : c_mv s1, a1                : IntAlu :  D=0x7fffffffffffff38
 415000: system.cpu: T0 : 0x22d74    : c_mv s2, a2                : IntAlu :  D=0x7fffffffffffff48
 415500: system.cpu: T0 : 0x22d76    : c_beqz a4, 62              : IntAlu : 
 416000: system.cpu: T0 : 0x22db4    : lw a0, -1248(gp)           : MemRead :  D=0x0000000000000000 A=0x70b48
 416500: system.cpu: T0 : 0x22db8    : lw a5, -1344(gp)           : MemRead :  D=0x0000000000000000 A=0x70ae8
 417000: system.cpu: T0 : 0x22dbc    : sw zero, -1728(gp)         : MemWrite :  D=0x0000000000000000 A=0x70968
 417500: system.cpu: T0 : 0x22dc0    : beq a5, a0, -60            : IntAlu : 
 418000: system.cpu: T0 : 0x22d84    : lui a5, 114                : IntAlu :  D=0x0000000000072000
 418500: system.cpu: T0 : 0x22d88    : sw s0, -352(a5)            : MemWrite :  D=0x0000000000000001 A=0x71ea0
 419000: system.cpu: T0 : 0x22d8c    : lui a5, 114                : IntAlu :  D=0x0000000000072000
 419500: system.cpu: T0 : 0x22d90    : sd s1, -344(a5)            : MemWrite :  D=0x7fffffffffffff38 A=0x71ea8
 420000: system.cpu: T0 : 0x22d94    : sd s2, -1360(gp)           : MemWrite :  D=0x7fffffffffffff48 A=0x70ad8
 420500: system.cpu: T0 : 0x22d98    : jal ra, -2314              : IntAlu :  D=0x0000000000022d9c
 421000: system.cpu: T0 : 0x2248e    : c_addi16sp sp, -160        : IntAlu :  D=0x7ffffffffffffd30
 421500: system.cpu: T0 : 0x22490    : c_sdsp ra, 152(sp)         : MemWrite :  D=0x0000000000022d9c A=0x7ffffffffffffdc8
 422000: system.cpu: T0 : 0x22492    : c_sdsp s1, 136(sp)         : MemWrite :  D=0x7fffffffffffff38 A=0x7ffffffffffffdb8
 422500: system.cpu: T0 : 0x22494    : c_sdsp s2, 128(sp)         : MemWrite :  D=0x7fffffffffffff48 A=0x7ffffffffffffdb0
 423000: system.cpu: T0 : 0x22496    : c_sdsp s3, 120(sp)         : MemWrite :  D=0x0000000000000000 A=0x7ffffffffffffda8
 423500: system.cpu: T0 : 0x22498    : c_sdsp s4, 112(sp)         : MemWrite :  D=0x0000000000000000 A=0x7ffffffffffffda0
 424000: system.cpu: T0 : 0x2249a    : c_sdsp s0, 144(sp)         : MemWrite :  D=0x0000000000000001 A=0x7ffffffffffffdc0
 424500: system.cpu: T0 : 0x2249c    : c_sdsp s5, 104(sp)         : MemWrite :  D=0x0000000000000000 A=0x7ffffffffffffd98
 425000: system.cpu: T0 : 0x2249e    : c_sdsp s6, 96(sp)          : MemWrite :  D=0x0000000000000000 A=0x7ffffffffffffd90
 425500: system.cpu: T0 : 0x224a0    : c_sdsp s7, 88(sp)          : MemWrite :  D=0x0000000000000000 A=0x7ffffffffffffd88
 426000: system.cpu: T0 : 0x224a2    : c_sdsp s8, 80(sp)          : MemWrite :  D=0x0000000000000000 A=0x7ffffffffffffd80
 426500: system.cpu: T0 : 0x224a4    : c_sdsp s9, 72(sp)          : MemWrite :  D=0x0000000000000000 A=0x7ffffffffffffd78
 427000: system.cpu: T0 : 0x224a6    : c_sdsp s10, 64(sp)         : MemWrite :  D=0x0000000000000000 A=0x7ffffffffffffd70
 427500: system.cpu: T0 : 0x224a8    : lui s2, 114                : IntAlu :  D=0x0000000000072000
 428000: system.cpu: T0 : 0x224ac    : jal ra, 116914             : IntAlu :  D=0x00000000000224b0
 428500: system.cpu: T0 : 0x3ed5e    : c_lui t1, 1048575          : IntAlu :  D=0xfffffffffffff000
 429000: system.cpu: T0 : 0x3ed60    : c_addi16sp sp, -48         : IntAlu :  D=0x7ffffffffffffd00
 429500: system.cpu: T0 : 0x3ed62    : c_addi t1, 16              : IntAlu :  D=0xfffffffffffff010
 430000: system.cpu: T0 : 0x3ed64    : c_sdsp ra, 40(sp)          : MemWrite :  D=0x00000000000224b0 A=0x7ffffffffffffd28
 430500: system.cpu: T0 : 0x3ed66    : c_sdsp s0, 32(sp)          : MemWrite :  D=0x0000000000000001 A=0x7ffffffffffffd20
 431000: system.cpu: T0 : 0x3ed68    : c_sdsp s1, 24(sp)          : MemWrite :  D=0x7fffffffffffff38 A=0x7ffffffffffffd18
 431500: system.cpu: T0 : 0x3ed6a    : c_sdsp s2, 16(sp)          : MemWrite :  D=0x0000000000072000 A=0x7ffffffffffffd10
 432000: system.cpu: T0 : 0x3ed6c    : lui a1, 98                 : IntAlu :  D=0x0000000000062000
 432500: system.cpu: T0 : 0x3ed70    : c_add sp, t1               : IntAlu :  D=0x7fffffffffffed10
 433000: system.cpu: T0 : 0x3ed72    : c_lui a5, 1048575          : IntAlu :  D=0xfffffffffffff000
 433500: system.cpu: T0 : 0x3ed74    : addi a7, zero, 78          : IntAlu :  D=0x000000000000004e
 434000: system.cpu: T0 : 0x3ed78    : addi a0, zero, -100        : IntAlu :  D=0xffffffffffffff9c
 434500: system.cpu: T0 : 0x3ed7c    : addi a1, a1, 352           : IntAlu :  D=0x0000000000062160
 435000: system.cpu: T0 : 0x3ed80    : c_mv a2, sp                : IntAlu :  D=0x7fffffffffffed10
 435500: system.cpu: T0 : 0x3ed82    : c_lui a3, 1                : IntAlu :  D=0x0000000000001000
 436000: system.cpu: T0 : 0x3ed84    : ecall                      : No_OpClass : 
 436500: system.cpu: T0 : 0x3ed88    : c_addiw a0, 0              : IntAlu :  D=0xfffffffffffffffe
 437500: system.cpu: T0 : 0x3ed8a    : bltu a5, a0, 84            : IntAlu : 
 438500: system.cpu: T0 : 0x3edde    : lui a5, 114                : IntAlu :  D=0x0000000000072000
 439500: system.cpu: T0 : 0x3ede2    : ld s1, -448(a5)            : MemRead :  D=0x0000000000000000 A=0x71e40
 440000: system.cpu: T0 : 0x3ede6    : c_beqz s1, 62              : IntAlu : 
 440500: system.cpu: T0 : 0x3ee24    : c_li s0, -1                : IntAlu :  D=0xffffffffffffffff
 441000: system.cpu: T0 : 0x3ee26    : c_lui t1, 1                : IntAlu :  D=0x0000000000001000
 441500: system.cpu: T0 : 0x3ee28    : c_addi t1, -16             : IntAlu :  D=0x0000000000000ff0
 442000: system.cpu: T0 : 0x3ee2a    : c_add sp, t1               : IntAlu :  D=0x7ffffffffffffd00
 442500: system.cpu: T0 : 0x3ee2c    : c_ldsp ra, 40(sp)          : MemRead :  D=0x00000000000224b0 A=0x7ffffffffffffd28
 443000: system.cpu: T0 : 0x3ee2e    : c_mv a0, s0                : IntAlu :  D=0xffffffffffffffff
 443500: system.cpu: T0 : 0x3ee30    : c_ldsp s1, 24(sp)          : MemRead :  D=0x7fffffffffffff38 A=0x7ffffffffffffd18
 444000: system.cpu: T0 : 0x3ee32    : c_ldsp s0, 32(sp)          : MemRead :  D=0x0000000000000001 A=0x7ffffffffffffd20
 444500: system.cpu: T0 : 0x3ee34    : c_ldsp s2, 16(sp)          : MemRead :  D=0x0000000000072000 A=0x7ffffffffffffd10
 445000: system.cpu: T0 : 0x3ee36    : c_addi16sp sp, 48          : IntAlu :  D=0x7ffffffffffffd30
 445500: system.cpu: T0 : 0x3ee38    : c_jr ra                    : IntAlu : 
 446000: system.cpu: T0 : 0x224b0    : lui s3, 114                : IntAlu :  D=0x0000000000072000
 446500: system.cpu: T0 : 0x224b4    : ld a5, -408(s3)            : MemRead :  D=0x0000000000000006 A=0x71e68
 447000: system.cpu: T0 : 0x224b8    : ld a4, -464(s2)            : MemRead :  D=0x0000000000010040 A=0x71e30
 447500: system.cpu: T0 : 0x224bc    : c_mv a3, a0                : IntAlu :  D=0xffffffffffffffff
 448500: system.cpu: T0 : 0x224be    : lui s4, 112                : IntAlu :  D=0x0000000000070000
 449500: system.cpu: T0 : 0x224c2    : lui a0, 80                 : IntAlu :  D=0x0000000000050000
 450500: system.cpu: T0 : 0x224c6    : addi s1, s4, -416          : IntAlu :  D=0x000000000006fe60
 451500: system.cpu: T0 : 0x224ca    : addi a0, a0, -768          : IntAlu :  D=0x000000000004fd00
 452500: system.cpu: T0 : 0x224ce    : sh a5, 696(s1)             : MemWrite :  D=0x0000000000000006 A=0x70118
 453500: system.cpu: T0 : 0x224d2    : sd a3, 840(s1)             : MemWrite :  D=0xffffffffffffffff A=0x701a8
 454500: system.cpu: T0 : 0x224d6    : sd a4, 680(s1)             : MemWrite :  D=0x0000000000010040 A=0x70108
 455500: system.cpu: T0 : 0x224da    : jal ra, -56890             : IntAlu :  D=0x00000000000224de
 456000: system.cpu: T0 : 0x146a0    : c_addi16sp sp, -64         : IntAlu :  D=0x7ffffffffffffcf0
 456500: system.cpu: T0 : 0x146a2    : c_sdsp s1, 40(sp)          : MemWrite :  D=0x000000000006fe60 A=0x7ffffffffffffd18
 457000: system.cpu: T0 : 0x146a4    : ld s1, -1360(gp)           : MemRead :  D=0x7fffffffffffff48 A=0x70ad8
 457500: system.cpu: T0 : 0x146a8    : c_sdsp ra, 56(sp)          : MemWrite :  D=0x00000000000224de A=0x7ffffffffffffd28
 458000: system.cpu: T0 : 0x146aa    : c_sdsp s0, 48(sp)          : MemWrite :  D=0x0000000000000001 A=0x7ffffffffffffd20
 458500: system.cpu: T0 : 0x146ac    : c_sdsp s2, 32(sp)          : MemWrite :  D=0x0000000000072000 A=0x7ffffffffffffd10
 459000: system.cpu: T0 : 0x146ae    : c_sdsp s3, 24(sp)          : MemWrite :  D=0x0000000000072000 A=0x7ffffffffffffd08
 459500: system.cpu: T0 : 0x146b0    : c_sdsp s4, 16(sp)          : MemWrite :  D=0x0000000000070000 A=0x7ffffffffffffd00
 460000: system.cpu: T0 : 0x146b2    : c_sdsp s5, 8(sp)           : MemWrite :  D=0x0000000000000000 A=0x7ffffffffffffcf8
 460500: system.cpu: T0 : 0x146b4    : c_sdsp s6, 0(sp)           : MemWrite :  D=0x0000000000000000 A=0x7ffffffffffffcf0
 461000: system.cpu: T0 : 0x146b6    : c_beqz s1, 210             : IntAlu : 
 461500: system.cpu: T0 : 0x146b8    : lbu a5, 0(a0)              : MemRead :  D=0x000000000000004c A=0x4fd00
 462000: system.cpu: T0 : 0x146bc    : c_mv s4, a0                : IntAlu :  D=0x000000000004fd00
 462500: system.cpu: T0 : 0x146be    : c_beqz a5, 202             : IntAlu : 
 463000: system.cpu: T0 : 0x146c0    : lbu s5, 1(a0)              : MemRead :  D=0x0000000000000044 A=0x4fd01
 463500: system.cpu: T0 : 0x146c4    : slliw s2, a5, 16           : IntAlu :  D=0x00000000004c0000
 464000: system.cpu: T0 : 0x146c8    : c_ld s0, 0(s1)             : MemRead :  D=0x0000000000000000 A=0x7fffffffffffff48
 465000: system.cpu: T0 : 0x146ca    : sraiw s2, s2, 16           : IntAlu :  D=0x000000000000004c
 466000: system.cpu: T0 : 0x146ce    : bne s5, zero, 86           : IntAlu : 
 466500: system.cpu: T0 : 0x14724    : jal ra, 42488              : IntAlu :  D=0x0000000000014728
 467000: system.cpu: T0 : 0x1ed1c    : andi a5, a0, 7             : IntAlu :  D=0x0000000000000000
 467500: system.cpu: T0 : 0x1ed20    : c_beqz a5, 26              : IntAlu : 
 468000: system.cpu: T0 : 0x1ed3a    : c_mv a5, a0                : IntAlu :  D=0x000000000004fd00
 468500: system.cpu: T0 : 0x1ed3c    : ld a6, -2024(gp)           : MemRead :  D=0xfefefefefefefeff A=0x70840
 469000: system.cpu: T0 : 0x1ed40    : ld a1, -2016(gp)           : MemRead :  D=0x8080808080808080 A=0x70848
 469500: system.cpu: T0 : 0x1ed44    : c_ld a2, 0(a5)             : MemRead :  D=0x004e5241575f444c A=0x4fd00
 470500: system.cpu: T0 : 0x1ed46    : addi a3, a5, 8             : IntAlu :  D=0x000000000004fd08
 471500: system.cpu: T0 : 0x1ed4a    : add a4, a2, a6             : IntAlu :  D=0xff4d5140565e434b
 472500: system.cpu: T0 : 0x1ed4e    : xori a2, a2, 18446744073709551615 : IntAlu :  D=0xffb1adbea8a0bbb3
 473000: system.cpu: T0 : 0x1ed52    : c_and a4, a2               : IntAlu :  D=0xff01010000000303
 473500: system.cpu: T0 : 0x1ed54    : c_and a4, a1               : IntAlu :  D=0x8000000000000000
 474000: system.cpu: T0 : 0x1ed56    : c_beqz a4, 50              : IntAlu : 
 474500: system.cpu: T0 : 0x1ed58    : lbu a4, -8(a3)             : MemRead :  D=0x000000000000004c A=0x4fd00
 475000: system.cpu: T0 : 0x1ed5c    : c_beqz a4, -40             : IntAlu : 
 476000: system.cpu: T0 : 0x1ed5e    : lbu a4, -7(a3)             : MemRead :  D=0x0000000000000044 A=0x4fd01
 476500: system.cpu: T0 : 0x1ed62    : c_beqz a4, 50              : IntAlu : 
 477000: system.cpu: T0 : 0x1ed64    : lbu a4, -6(a3)             : MemRead :  D=0x000000000000005f A=0x4fd02
 477500: system.cpu: T0 : 0x1ed68    : c_beqz a4, 52              : IntAlu : 
 478500: system.cpu: T0 : 0x1ed6a    : lbu a4, -5(a3)             : MemRead :  D=0x0000000000000057 A=0x4fd03
 479000: system.cpu: T0 : 0x1ed6e    : c_beqz a4, 54              : IntAlu : 
 479500: system.cpu: T0 : 0x1ed70    : lbu a4, -4(a3)             : MemRead :  D=0x0000000000000041 A=0x4fd04
 480000: system.cpu: T0 : 0x1ed74    : c_beqz a4, 56              : IntAlu : 
 481000: system.cpu: T0 : 0x1ed76    : lbu a4, -3(a3)             : MemRead :  D=0x0000000000000052 A=0x4fd05
 481500: system.cpu: T0 : 0x1ed7a    : c_beqz a4, 58              : IntAlu : 
 482000: system.cpu: T0 : 0x1ed7c    : lbu a4, -2(a3)             : MemRead :  D=0x000000000000004e A=0x4fd06
 482500: system.cpu: T0 : 0x1ed80    : c_beqz a4, 60              : IntAlu : 
 483500: system.cpu: T0 : 0x1ed82    : lbu a4, -1(a3)             : MemRead :  D=0x0000000000000000 A=0x4fd07
 484000: system.cpu: T0 : 0x1ed86    : c_beqz a4, 6               : IntAlu : 
 484500: system.cpu: T0 : 0x1ed8c    : c_sub a5, a0               : IntAlu :  D=0x0000000000000000
 485500: system.cpu: T0 : 0x1ed8e    : addi a0, a5, 7             : IntAlu :  D=0x0000000000000007
 486000: system.cpu: T0 : 0x1ed92    : c_jr ra                    : IntAlu : 
 486500: system.cpu: T0 : 0x14728    : slli a5, s5, 8             : IntAlu :  D=0x0000000000004400
 487000: system.cpu: T0 : 0x1472c    : or a5, s2, a5              : IntAlu :  D=0x000000000000444c
 487500: system.cpu: T0 : 0x14730    : slliw s2, a5, 16           : IntAlu :  D=0x00000000444c0000
 488000: system.cpu: T0 : 0x14734    : c_mv s3, a0                : IntAlu :  D=0x0000000000000007
 489000: system.cpu: T0 : 0x14736    : sraiw s2, s2, 16           : IntAlu :  D=0x000000000000444c
 490000: system.cpu: T0 : 0x1473a    : addi s5, a0, -2            : IntAlu :  D=0x0000000000000005
 490500: system.cpu: T0 : 0x1473e    : c_addi s4, 2               : IntAlu :  D=0x000000000004fd02
 491000: system.cpu: T0 : 0x14740    : c_beqz s0, -50             : IntAlu : 
 491500: system.cpu: T0 : 0x1470e    : c_ldsp ra, 56(sp)          : MemRead :  D=0x00000000000224de A=0x7ffffffffffffd28
 492000: system.cpu: T0 : 0x14710    : c_mv a0, s0                : IntAlu :  D=0x0000000000000000
 492500: system.cpu: T0 : 0x14712    : c_ldsp s0, 48(sp)          : MemRead :  D=0x0000000000000001 A=0x7ffffffffffffd20
 493000: system.cpu: T0 : 0x14714    : c_ldsp s1, 40(sp)          : MemRead :  D=0x000000000006fe60 A=0x7ffffffffffffd18
 493500: system.cpu: T0 : 0x14716    : c_ldsp s2, 32(sp)          : MemRead :  D=0x0000000000072000 A=0x7ffffffffffffd10
 494000: system.cpu: T0 : 0x14718    : c_ldsp s3, 24(sp)          : MemRead :  D=0x0000000000072000 A=0x7ffffffffffffd08
 494500: system.cpu: T0 : 0x1471a    : c_ldsp s4, 16(sp)          : MemRead :  D=0x0000000000070000 A=0x7ffffffffffffd00
 495000: system.cpu: T0 : 0x1471c    : c_ldsp s5, 8(sp)           : MemRead :  D=0x0000000000000000 A=0x7ffffffffffffcf8
 495500: system.cpu: T0 : 0x1471e    : c_ldsp s6, 0(sp)           : MemRead :  D=0x0000000000000000 A=0x7ffffffffffffcf0
 496000: system.cpu: T0 : 0x14720    : c_addi16sp sp, 64          : IntAlu :  D=0x7ffffffffffffd30
 496500: system.cpu: T0 : 0x14722    : c_jr ra                    : IntAlu : 
 497000: system.cpu: T0 : 0x224de    : c_li a5, 0                 : IntAlu :  D=0x0000000000000000
 497500: system.cpu: T0 : 0x224e0    : c_beqz a0, 10              : IntAlu : 
 498500: system.cpu: T0 : 0x224ea    : lui s5, 114                : IntAlu :  D=0x0000000000072000
 499500: system.cpu: T0 : 0x224ee    : ld a4, -432(s5)            : MemRead :  D=0x0000000000000000 A=0x71e50
 500500: system.cpu: T0 : 0x224f2    : lui a3, 114                : IntAlu :  D=0x0000000000072000
 501500: system.cpu: T0 : 0x224f6    : sw a5, -416(a3)            : MemWrite :  D=0x0000000000000000 A=0x71e60
 502500: system.cpu: T0 : 0x224fa    : beq a4, zero, 1518         : IntAlu : 
 503000: system.cpu: T0 : 0x22ae8    : lui s6, 114                : IntAlu :  D=0x0000000000072000
 503500: system.cpu: T0 : 0x22aec    : ld s0, -480(s6)            : MemRead :  D=0x0000000000000000 A=0x71e20
 504000: system.cpu: T0 : 0x22af0    : bne s0, zero, -1062        : IntAlu : 
 504500: system.cpu: T0 : 0x22af4    : lui s0, 111                : IntAlu :  D=0x000000000006f000
 505000: system.cpu: T0 : 0x22af8    : addi s0, s0, -128          : IntAlu :  D=0x000000000006ef80
 505500: system.cpu: T0 : 0x22afc    : sd zero, 8(s0)             : MemWrite :  D=0x0000000000000000 A=0x6ef88
 506000: system.cpu: T0 : 0x22b00    : sd zero, 16(s0)            : MemWrite :  D=0x0000000000000000 A=0x6ef90
 506500: system.cpu: T0 : 0x22b04    : sd zero, 24(s0)            : MemWrite :  D=0x0000000000000000 A=0x6ef98
 507000: system.cpu: T0 : 0x22b08    : c_li a5, 0                 : IntAlu :  D=0x0000000000000000
 507500: system.cpu: T0 : 0x22b0a    : c_j -678                   : IntAlu : 
 508000: system.cpu: T0 : 0x22864    : lui a0, 80                 : IntAlu :  D=0x0000000000050000
 508500: system.cpu: T0 : 0x22868    : addi a0, a0, -416          : IntAlu :  D=0x000000000004fe60
 509000: system.cpu: T0 : 0x2286c    : c_sd a5, 32(s0)            : MemWrite :  D=0x0000000000000000 A=0x6efa0
 510000: system.cpu: T0 : 0x2286e    : jal ra, -57806             : IntAlu :  D=0x0000000000022872
 510500: system.cpu: T0 : 0x146a0    : c_addi16sp sp, -64         : IntAlu :  D=0x7ffffffffffffcf0
 511000: system.cpu: T0 : 0x146a2    : c_sdsp s1, 40(sp)          : MemWrite :  D=0x000000000006fe60 A=0x7ffffffffffffd18
 511500: system.cpu: T0 : 0x146a4    : ld s1, -1360(gp)           : MemRead :  D=0x7fffffffffffff48 A=0x70ad8
 512000: system.cpu: T0 : 0x146a8    : c_sdsp ra, 56(sp)          : MemWrite :  D=0x0000000000022872 A=0x7ffffffffffffd28
 512500: system.cpu: T0 : 0x146aa    : c_sdsp s0, 48(sp)          : MemWrite :  D=0x000000000006ef80 A=0x7ffffffffffffd20
 513000: system.cpu: T0 : 0x146ac    : c_sdsp s2, 32(sp)          : MemWrite :  D=0x0000000000072000 A=0x7ffffffffffffd10
 513500: system.cpu: T0 : 0x146ae    : c_sdsp s3, 24(sp)          : MemWrite :  D=0x0000000000072000 A=0x7ffffffffffffd08
 514000: system.cpu: T0 : 0x146b0    : c_sdsp s4, 16(sp)          : MemWrite :  D=0x0000000000070000 A=0x7ffffffffffffd00
 514500: system.cpu: T0 : 0x146b2    : c_sdsp s5, 8(sp)           : MemWrite :  D=0x0000000000072000 A=0x7ffffffffffffcf8
 515000: system.cpu: T0 : 0x146b4    : c_sdsp s6, 0(sp)           : MemWrite :  D=0x0000000000072000 A=0x7ffffffffffffcf0
 515500: system.cpu: T0 : 0x146b6    : c_beqz s1, 210             : IntAlu : 
 516000: system.cpu: T0 : 0x146b8    : lbu a5, 0(a0)              : MemRead :  D=0x000000000000004c A=0x4fe60
 516500: system.cpu: T0 : 0x146bc    : c_mv s4, a0                : IntAlu :  D=0x000000000004fe60
 517000: system.cpu: T0 : 0x146be    : c_beqz a5, 202             : IntAlu : 
 517500: system.cpu: T0 : 0x146c0    : lbu s5, 1(a0)              : MemRead :  D=0x0000000000000044 A=0x4fe61
 518000: system.cpu: T0 : 0x146c4    : slliw s2, a5, 16           : IntAlu :  D=0x00000000004c0000
 518500: system.cpu: T0 : 0x146c8    : c_ld s0, 0(s1)             : MemRead :  D=0x0000000000000000 A=0x7fffffffffffff48
 519500: system.cpu: T0 : 0x146ca    : sraiw s2, s2, 16           : IntAlu :  D=0x000000000000004c
 520500: system.cpu: T0 : 0x146ce    : bne s5, zero, 86           : IntAlu : 
 521000: system.cpu: T0 : 0x14724    : jal ra, 42488              : IntAlu :  D=0x0000000000014728
 521500: system.cpu: T0 : 0x1ed1c    : andi a5, a0, 7             : IntAlu :  D=0x0000000000000000
 522000: system.cpu: T0 : 0x1ed20    : c_beqz a5, 26              : IntAlu : 
 522500: system.cpu: T0 : 0x1ed3a    : c_mv a5, a0                : IntAlu :  D=0x000000000004fe60
 523000: system.cpu: T0 : 0x1ed3c    : ld a6, -2024(gp)           : MemRead :  D=0xfefefefefefefeff A=0x70840
 523500: system.cpu: T0 : 0x1ed40    : ld a1, -2016(gp)           : MemRead :  D=0x8080808080808080 A=0x70848
 524000: system.cpu: T0 : 0x1ed44    : c_ld a2, 0(a5)             : MemRead :  D=0x415242494c5f444c A=0x4fe60
 525000: system.cpu: T0 : 0x1ed46    : addi a3, a5, 8             : IntAlu :  D=0x000000000004fe68
 526000: system.cpu: T0 : 0x1ed4a    : add a4, a2, a6             : IntAlu :  D=0x405141484b5e434b
 527000: system.cpu: T0 : 0x1ed4e    : xori a2, a2, 18446744073709551615 : IntAlu :  D=0xbeadbdb6b3a0bbb3
 527500: system.cpu: T0 : 0x1ed52    : c_and a4, a2               : IntAlu :  D=0x0001010003000303
 528000: system.cpu: T0 : 0x1ed54    : c_and a4, a1               : IntAlu :  D=0x0000000000000000
 528500: system.cpu: T0 : 0x1ed56    : c_beqz a4, 50              : IntAlu : 
 529000: system.cpu: T0 : 0x1ed88    : c_mv a5, a3                : IntAlu :  D=0x000000000004fe68
 529500: system.cpu: T0 : 0x1ed8a    : c_j -70                    : IntAlu : 
 530000: system.cpu: T0 : 0x1ed44    : c_ld a2, 0(a5)             : MemRead :  D=0x00485441505f5952 A=0x4fe68
 531000: system.cpu: T0 : 0x1ed46    : addi a3, a5, 8             : IntAlu :  D=0x000000000004fe70
 532000: system.cpu: T0 : 0x1ed4a    : add a4, a2, a6             : IntAlu :  D=0xff4753404f5e5851
 533000: system.cpu: T0 : 0x1ed4e    : xori a2, a2, 18446744073709551615 : IntAlu :  D=0xffb7abbeafa0a6ad
 533500: system.cpu: T0 : 0x1ed52    : c_and a4, a2               : IntAlu :  D=0xff0703000f000001
 534000: system.cpu: T0 : 0x1ed54    : c_and a4, a1               : IntAlu :  D=0x8000000000000000
 534500: system.cpu: T0 : 0x1ed56    : c_beqz a4, 50              : IntAlu : 
 535000: system.cpu: T0 : 0x1ed58    : lbu a4, -8(a3)             : MemRead :  D=0x0000000000000052 A=0x4fe68
 535500: system.cpu: T0 : 0x1ed5c    : c_beqz a4, -40             : IntAlu : 
 536500: system.cpu: T0 : 0x1ed5e    : lbu a4, -7(a3)             : MemRead :  D=0x0000000000000059 A=0x4fe69
 537000: system.cpu: T0 : 0x1ed62    : c_beqz a4, 50              : IntAlu : 
 537500: system.cpu: T0 : 0x1ed64    : lbu a4, -6(a3)             : MemRead :  D=0x000000000000005f A=0x4fe6a
 538000: system.cpu: T0 : 0x1ed68    : c_beqz a4, 52              : IntAlu : 
 539000: system.cpu: T0 : 0x1ed6a    : lbu a4, -5(a3)             : MemRead :  D=0x0000000000000050 A=0x4fe6b
 539500: system.cpu: T0 : 0x1ed6e    : c_beqz a4, 54              : IntAlu : 
 540000: system.cpu: T0 : 0x1ed70    : lbu a4, -4(a3)             : MemRead :  D=0x0000000000000041 A=0x4fe6c
 540500: system.cpu: T0 : 0x1ed74    : c_beqz a4, 56              : IntAlu : 
 541500: system.cpu: T0 : 0x1ed76    : lbu a4, -3(a3)             : MemRead :  D=0x0000000000000054 A=0x4fe6d
 542000: system.cpu: T0 : 0x1ed7a    : c_beqz a4, 58              : IntAlu : 
 542500: system.cpu: T0 : 0x1ed7c    : lbu a4, -2(a3)             : MemRead :  D=0x0000000000000048 A=0x4fe6e
 543000: system.cpu: T0 : 0x1ed80    : c_beqz a4, 60              : IntAlu : 
 544000: system.cpu: T0 : 0x1ed82    : lbu a4, -1(a3)             : MemRead :  D=0x0000000000000000 A=0x4fe6f
 544500: system.cpu: T0 : 0x1ed86    : c_beqz a4, 6               : IntAlu : 
 545000: system.cpu: T0 : 0x1ed8c    : c_sub a5, a0               : IntAlu :  D=0x0000000000000008
 546000: system.cpu: T0 : 0x1ed8e    : addi a0, a5, 7             : IntAlu :  D=0x000000000000000f
 546500: system.cpu: T0 : 0x1ed92    : c_jr ra                    : IntAlu : 
 547000: system.cpu: T0 : 0x14728    : slli a5, s5, 8             : IntAlu :  D=0x0000000000004400
 547500: system.cpu: T0 : 0x1472c    : or a5, s2, a5              : IntAlu :  D=0x000000000000444c
 548000: system.cpu: T0 : 0x14730    : slliw s2, a5, 16           : IntAlu :  D=0x00000000444c0000
 548500: system.cpu: T0 : 0x14734    : c_mv s3, a0                : IntAlu :  D=0x000000000000000f
 549500: system.cpu: T0 : 0x14736    : sraiw s2, s2, 16           : IntAlu :  D=0x000000000000444c
 550500: system.cpu: T0 : 0x1473a    : addi s5, a0, -2            : IntAlu :  D=0x000000000000000d
 551000: system.cpu: T0 : 0x1473e    : c_addi s4, 2               : IntAlu :  D=0x000000000004fe62
 551500: system.cpu: T0 : 0x14740    : c_beqz s0, -50             : IntAlu : 
 552000: system.cpu: T0 : 0x1470e    : c_ldsp ra, 56(sp)          : MemRead :  D=0x0000000000022872 A=0x7ffffffffffffd28
 552500: system.cpu: T0 : 0x14710    : c_mv a0, s0                : IntAlu :  D=0x0000000000000000
 553000: system.cpu: T0 : 0x14712    : c_ldsp s0, 48(sp)          : MemRead :  D=0x000000000006ef80 A=0x7ffffffffffffd20
 553500: system.cpu: T0 : 0x14714    : c_ldsp s1, 40(sp)          : MemRead :  D=0x000000000006fe60 A=0x7ffffffffffffd18
 554000: system.cpu: T0 : 0x14716    : c_ldsp s2, 32(sp)          : MemRead :  D=0x0000000000072000 A=0x7ffffffffffffd10
 554500: system.cpu: T0 : 0x14718    : c_ldsp s3, 24(sp)          : MemRead :  D=0x0000000000072000 A=0x7ffffffffffffd08
 555000: system.cpu: T0 : 0x1471a    : c_ldsp s4, 16(sp)          : MemRead :  D=0x0000000000070000 A=0x7ffffffffffffd00
 555500: system.cpu: T0 : 0x1471c    : c_ldsp s5, 8(sp)           : MemRead :  D=0x0000000000072000 A=0x7ffffffffffffcf8
 556000: system.cpu: T0 : 0x1471e    : c_ldsp s6, 0(sp)           : MemRead :  D=0x0000000000072000 A=0x7ffffffffffffcf0
 556500: system.cpu: T0 : 0x14720    : c_addi16sp sp, 64          : IntAlu :  D=0x7ffffffffffffd30
 557000: system.cpu: T0 : 0x14722    : c_jr ra                    : IntAlu : 
 558000: system.cpu: T0 : 0x22872    : jal ra, 99838              : IntAlu :  D=0x0000000000022876
 558500: system.cpu: T0 : 0x3ae70    : c_addi16sp sp, -64         : IntAlu :  D=0x7ffffffffffffcf0
 559000: system.cpu: T0 : 0x3ae72    : c_sdsp ra, 56(sp)          : MemWrite :  D=0x0000000000022876 A=0x7ffffffffffffd28
 559500: system.cpu: T0 : 0x3ae74    : c_sdsp s0, 48(sp)          : MemWrite :  D=0x000000000006ef80 A=0x7ffffffffffffd20
 560000: system.cpu: T0 : 0x3ae76    : c_sdsp s2, 32(sp)          : MemWrite :  D=0x0000000000072000 A=0x7ffffffffffffd10
 560500: system.cpu: T0 : 0x3ae78    : c_sdsp s3, 24(sp)          : MemWrite :  D=0x0000000000072000 A=0x7ffffffffffffd08
 561000: system.cpu: T0 : 0x3ae7a    : c_addi4spn s0, sp, 64      : IntAlu :  D=0x7ffffffffffffd30
 561500: system.cpu: T0 : 0x3ae7c    : c_sdsp s1, 40(sp)          : MemWrite :  D=0x000000000006fe60 A=0x7ffffffffffffd18
 562000: system.cpu: T0 : 0x3ae7e    : c_sdsp s4, 16(sp)          : MemWrite :  D=0x0000000000070000 A=0x7ffffffffffffd00
 562500: system.cpu: T0 : 0x3ae80    : c_sdsp s5, 8(sp)           : MemWrite :  D=0x0000000000072000 A=0x7ffffffffffffcf8
 563500: system.cpu: T0 : 0x3ae82    : lui a5, 114                : IntAlu :  D=0x0000000000072000
 564500: system.cpu: T0 : 0x3ae86    : ld a1, -544(a5)            : MemRead :  D=0x0000000000000000 A=0x71de0
 565500: system.cpu: T0 : 0x3ae8a    : lui a5, 114                : IntAlu :  D=0x0000000000072000
 566000: system.cpu: T0 : 0x3ae8e    : c_mv s2, a0                : IntAlu :  D=0x0000000000000000
 566500: system.cpu: T0 : 0x3ae90    : lui s3, 111                : IntAlu :  D=0x000000000006f000
 567000: system.cpu: T0 : 0x3ae94    : ld a0, -496(a5)            : MemRead :  D=0x0000000000000000 A=0x71e10
 567500: system.cpu: T0 : 0x3ae98    : addi s3, s3, -64           : IntAlu :  D=0x000000000006efc0
 568000: system.cpu: T0 : 0x3ae9c    : addi a3, s3, 8             : IntAlu :  D=0x000000000006efc8
 568500: system.cpu: T0 : 0x3aea0    : addi a2, s3, 16            : IntAlu :  D=0x000000000006efd0
 569000: system.cpu: T0 : 0x3aea4    : jal ra, 9754               : IntAlu :  D=0x000000000003aea8
 569500: system.cpu: T0 : 0x3d4be    : c_addi16sp sp, -192        : IntAlu :  D=0x7ffffffffffffc30
 570000: system.cpu: T0 : 0x3d4c0    : c_sdsp s0, 176(sp)         : MemWrite :  D=0x7ffffffffffffd30 A=0x7ffffffffffffce0
 570500: system.cpu: T0 : 0x3d4c2    : c_sdsp s3, 152(sp)         : MemWrite :  D=0x000000000006efc0 A=0x7ffffffffffffcc8
 571000: system.cpu: T0 : 0x3d4c4    : c_addi4spn s0, sp, 192     : IntAlu :  D=0x7ffffffffffffcf0
 571500: system.cpu: T0 : 0x3d4c6    : c_sdsp s4, 144(sp)         : MemWrite :  D=0x0000000000070000 A=0x7ffffffffffffcc0
 572000: system.cpu: T0 : 0x3d4c8    : c_sdsp s9, 104(sp)         : MemWrite :  D=0x0000000000000000 A=0x7ffffffffffffc98
 572500: system.cpu: T0 : 0x3d4ca    : c_sdsp s11, 88(sp)         : MemWrite :  D=0x0000000000000000 A=0x7ffffffffffffc88
 573000: system.cpu: T0 : 0x3d4cc    : c_sdsp ra, 184(sp)         : MemWrite :  D=0x000000000003aea8 A=0x7ffffffffffffce8
 573500: system.cpu: T0 : 0x3d4ce    : c_sdsp s1, 168(sp)         : MemWrite :  D=0x000000000006fe60 A=0x7ffffffffffffcd8
 574000: system.cpu: T0 : 0x3d4d0    : c_sdsp s2, 160(sp)         : MemWrite :  D=0x0000000000000000 A=0x7ffffffffffffcd0
 574500: system.cpu: T0 : 0x3d4d2    : c_sdsp s5, 136(sp)         : MemWrite :  D=0x0000000000072000 A=0x7ffffffffffffcb8
 575000: system.cpu: T0 : 0x3d4d4    : c_sdsp s6, 128(sp)         : MemWrite :  D=0x0000000000072000 A=0x7ffffffffffffcb0
 575500: system.cpu: T0 : 0x3d4d6    : c_sdsp s7, 120(sp)         : MemWrite :  D=0x0000000000000000 A=0x7ffffffffffffca8
 576000: system.cpu: T0 : 0x3d4d8    : c_sdsp s8, 112(sp)         : MemWrite :  D=0x0000000000000000 A=0x7ffffffffffffca0
 576500: system.cpu: T0 : 0x3d4da    : c_sdsp s10, 96(sp)         : MemWrite :  D=0x0000000000000000 A=0x7ffffffffffffc90
 577000: system.cpu: T0 : 0x3d4dc    : c_mv a5, a2                : IntAlu :  D=0x000000000006efd0
 577500: system.cpu: T0 : 0x3d4de    : c_mv a4, a1                : IntAlu :  D=0x0000000000000000
 578000: system.cpu: T0 : 0x3d4e0    : c_mv s4, a0                : IntAlu :  D=0x0000000000000000
 578500: system.cpu: T0 : 0x3d4e2    : c_li a2, 0                 : IntAlu :  D=0x0000000000000000
 579000: system.cpu: T0 : 0x3d4e4    : addi a1, s0, -120          : IntAlu :  D=0x7ffffffffffffc78
 579500: system.cpu: T0 : 0x3d4e8    : c_li a0, 8                 : IntAlu :  D=0x0000000000000008
 580500: system.cpu: T0 : 0x3d4ea    : sd a5, -136(s0)            : MemWrite :  D=0x000000000006efd0 A=0x7ffffffffffffc68
 581500: system.cpu: T0 : 0x3d4ee    : sd a3, -160(s0)            : MemWrite :  D=0x000000000006efc8 A=0x7ffffffffffffc50
 582500: system.cpu: T0 : 0x3d4f2    : sd a4, -144(s0)            : MemWrite :  D=0x0000000000000000 A=0x7ffffffffffffc60
 583500: system.cpu: T0 : 0x3d4f6    : jal ra, -111428            : IntAlu :  D=0x000000000003d4fa
 584000: system.cpu: T0 : 0x221b2    : c_slli a0, 32              : IntAlu :  D=0x0000000800000000
 584500: system.cpu: T0 : 0x221b4    : c_srli a0, 32              : IntAlu :  D=0x0000000000000008
 585500: system.cpu: T0 : 0x221b6    : slli a5, a0, 3             : IntAlu :  D=0x0000000000000040
 586000: system.cpu: T0 : 0x221ba    : c_sub a5, a0               : IntAlu :  D=0x0000000000000038
 586500: system.cpu: T0 : 0x221bc    : lui a4, 111                : IntAlu :  D=0x000000000006f000
 587000: system.cpu: T0 : 0x221c0    : addi a4, a4, -1248         : IntAlu :  D=0x000000000006eb20
 587500: system.cpu: T0 : 0x221c4    : c_slli a5, 3               : IntAlu :  D=0x00000000000001c0
 588000: system.cpu: T0 : 0x221c6    : c_add a5, a4               : IntAlu :  D=0x000000000006ece0
 588500: system.cpu: T0 : 0x221c8    : c_lw a3, 8(a5)             : MemRead :  D=0x0000000000000001 A=0x6ece8
 589000: system.cpu: T0 : 0x221ca    : c_li a6, 2                 : IntAlu :  D=0x0000000000000002
 589500: system.cpu: T0 : 0x221cc    : c_ld a5, 32(a5)            : MemRead :  D=0x0000000000000000 A=0x6ed00
 590500: system.cpu: T0 : 0x221ce    : bltu a6, a3, 42            : IntAlu : 
 591000: system.cpu: T0 : 0x221d2    : c_bnez a3, 38              : IntAlu : 
 591500: system.cpu: T0 : 0x221f8    : c_sd a5, 0(a1)             : MemWrite :  D=0x0000000000000000 A=0x7ffffffffffffc78
 592000: system.cpu: T0 : 0x221fa    : c_j -36                    : IntAlu : 
 593000: system.cpu: T0 : 0x221d6    : slli a5, a0, 3             : IntAlu :  D=0x0000000000000040
 593500: system.cpu: T0 : 0x221da    : c_sub a5, a0               : IntAlu :  D=0x0000000000000038
 594000: system.cpu: T0 : 0x221dc    : c_slli a5, 3               : IntAlu :  D=0x00000000000001c0
 595000: system.cpu: T0 : 0x221de    : add a3, a4, a5             : IntAlu :  D=0x000000000006ece0
 596000: system.cpu: T0 : 0x221e2    : lbu a3, 40(a3)             : MemRead :  D=0x0000000000000000 A=0x6ed08
 596500: system.cpu: T0 : 0x221e6    : c_beqz a3, 16              : IntAlu : 
 597000: system.cpu: T0 : 0x221f6    : c_jr ra                    : IntAlu : 
 598000: system.cpu: T0 : 0x3d4fa    : ld s11, -120(s0)           : MemRead :  D=0x0000000000000000 A=0x7ffffffffffffc78
 599000: system.cpu: T0 : 0x3d4fe    : ld s9, -1328(gp)           : MemRead :  D=0x0000000000000000 A=0x70af8
 600000: system.cpu: T0 : 0x3d502    : sltu a3, zero, s4          : IntAlu :  D=0x0000000000000000
 601000: system.cpu: T0 : 0x3d506    : and s3, s9, s11            : IntAlu :  D=0x0000000000000000
 602000: system.cpu: T0 : 0x3d50a    : beq s3, zero, 1250         : IntAlu : 
 602500: system.cpu: T0 : 0x3d9ec    : addi s2, a3, 1             : IntAlu :  D=0x0000000000000001
 603000: system.cpu: T0 : 0x3d9f0    : c_j -1210                  : IntAlu : 
 604000: system.cpu: T0 : 0x3d536    : lui a5, 114                : IntAlu :  D=0x0000000000072000
 605000: system.cpu: T0 : 0x3d53a    : ld s5, -480(a5)            : MemRead :  D=0x0000000000000000 A=0x71e20
 606000: system.cpu: T0 : 0x3d53e    : beq s5, zero, 444          : IntAlu : 
 607000: system.cpu: T0 : 0x3d6fa    : slli a5, s2, 4             : IntAlu :  D=0x0000000000000010
 608000: system.cpu: T0 : 0x3d6fe    : sub sp, sp, a5             : IntAlu :  D=0x7ffffffffffffc20
 608500: system.cpu: T0 : 0x3d702    : c_mv a3, sp                : IntAlu :  D=0x7ffffffffffffc20
 609000: system.cpu: T0 : 0x3d704    : c_mv s1, a3                : IntAlu :  D=0x7ffffffffffffc20
 609500: system.cpu: T0 : 0x3d706    : c_li a1, 1                 : IntAlu :  D=0x0000000000000001
 610000: system.cpu: T0 : 0x3d708    : c_li s9, 0                 : IntAlu :  D=0x0000000000000000
 611000: system.cpu: T0 : 0x3d70a    : bne s3, zero, -118         : IntAlu : 
 612000: system.cpu: T0 : 0x3d70e    : beq s4, zero, 24           : IntAlu : 
 613000: system.cpu: T0 : 0x3d726    : lui a5, 98                 : IntAlu :  D=0x0000000000062000
 614000: system.cpu: T0 : 0x3d72a    : addi a5, a5, -688          : IntAlu :  D=0x0000000000061d50
 614500: system.cpu: T0 : 0x3d72e    : c_sd a5, 0(a3)             : MemWrite :  D=0x0000000000061d50 A=0x7ffffffffffffc20
 615000: system.cpu: T0 : 0x3d730    : c_li a5, 3                 : IntAlu :  D=0x0000000000000003
 615500: system.cpu: T0 : 0x3d732    : c_sd a5, 8(a3)             : MemWrite :  D=0x0000000000000003 A=0x7ffffffffffffc28
 616000: system.cpu: T0 : 0x3d734    : bne s2, a1, 706            : IntAlu : 
 616500: system.cpu: T0 : 0x3d738    : c_li a5, 1                 : IntAlu :  D=0x0000000000000001
 617500: system.cpu: T0 : 0x3d73a    : ld s9, 8(s1)               : MemRead :  D=0x0000000000000003 A=0x7ffffffffffffc28
 618500: system.cpu: T0 : 0x3d73e    : beq s2, a5, 542            : IntAlu : 
 619000: system.cpu: T0 : 0x3d95c    : ld a5, -136(s0)            : MemRead :  D=0x000000000006efd0 A=0x7ffffffffffffc68
 619500: system.cpu: T0 : 0x3d960    : c_li s2, 2                 : IntAlu :  D=0x0000000000000002
 620500: system.cpu: T0 : 0x3d962    : addi a0, s9, 33            : IntAlu :  D=0x0000000000000024
 621500: system.cpu: T0 : 0x3d966    : sd s2, 0(a5)               : MemWrite :  D=0x0000000000000002 A=0x6efd0
 622500: system.cpu: T0 : 0x3d96a    : jal ra, -131280            : IntAlu :  D=0x000000000003d96e
 623500: system.cpu: T0 : 0x1d89a    : ld t1, -1848(gp)           : MemRead :  D=0x000000000001da98 A=0x708f0
 624500: system.cpu: T0 : 0x1d89e    : bne t1, zero, 260          : IntAlu : 
 625000: system.cpu: T0 : 0x1d9a2    : c_mv a1, ra                : IntAlu :  D=0x000000000003d96e
 625500: system.cpu: T0 : 0x1d9a4    : c_jr t1                    : IntAlu : 
 626000: system.cpu: T0 : 0x1da98    : lw a5, -1876(gp)           : MemRead :  D=0xffffffffffffffff A=0x708d4
 626500: system.cpu: T0 : 0x1da9c    : sd zero, -1848(gp)         : MemWrite :  D=0x0000000000000000 A=0x708f0
 627000: system.cpu: T0 : 0x1daa0    : blt a5, zero, 6            : IntAlu : 
 627500: system.cpu: T0 : 0x1daa6    : c_addi sp, -32             : IntAlu :  D=0x7ffffffffffffc00
 628000: system.cpu: T0 : 0x1daa8    : c_sdsp ra, 24(sp)          : MemWrite :  D=0x000000000003d96e A=0x7ffffffffffffc18
 628500: system.cpu: T0 : 0x1daaa    : c_sdsp a0, 8(sp)           : MemWrite :  D=0x0000000000000024 A=0x7ffffffffffffc08
 629000: system.cpu: T0 : 0x1daac    : jal ra, -11948             : IntAlu :  D=0x000000000001dab0
 629500: system.cpu: T0 : 0x1ac00    : c_addi16sp sp, -48         : IntAlu :  D=0x7ffffffffffffbd0
 630000: system.cpu: T0 : 0x1ac02    : c_sdsp s1, 24(sp)          : MemWrite :  D=0x7ffffffffffffc20 A=0x7ffffffffffffbe8
 630500: system.cpu: T0 : 0x1ac04    : lui s1, 111                : IntAlu :  D=0x000000000006f000
 631000: system.cpu: T0 : 0x1ac08    : ld a3, -1264(s1)           : MemRead :  D=0x2e2e000000000000 A=0x6eb10
 631500: system.cpu: T0 : 0x1ac0c    : lui a0, 111                : IntAlu :  D=0x000000000006f000
 632000: system.cpu: T0 : 0x1ac10    : addi a4, a0, 1480          : IntAlu :  D=0x000000000006f5c8
 632500: system.cpu: T0 : 0x1ac14    : c_sdsp ra, 40(sp)          : MemWrite :  D=0x000000000001dab0 A=0x7ffffffffffffbf8
 633000: system.cpu: T0 : 0x1ac16    : c_sdsp s0, 32(sp)          : MemWrite :  D=0x7ffffffffffffcf0 A=0x7ffffffffffffbf0
 633500: system.cpu: T0 : 0x1ac18    : addi a0, a0, 1480          : IntAlu :  D=0x000000000006f5c8
 634000: system.cpu: T0 : 0x1ac1c    : sd a4, 56(tp)              : MemWrite :  D=0x000000000006f5c8 A=0x72748
 634500: system.cpu: T0 : 0x1ac20    : c_sdsp a3, 8(sp)           : MemWrite :  D=0x2e2e000000000000 A=0x7ffffffffffffbd8
 635500: system.cpu: T0 : 0x1ac22    : sw zero, -1876(gp)         : MemWrite :  D=0x0000000000000000 A=0x708d4
 636500: system.cpu: T0 : 0x1ac26    : jal ra, -1026              : IntAlu :  D=0x000000000001ac2a
 637000: system.cpu: T0 : 0x1a824    : c_lui a4, 1                : IntAlu :  D=0x0000000000001000
 638000: system.cpu: T0 : 0x1a826    : addi a3, a0, 96            : IntAlu :  D=0x000000000006f628
 639000: system.cpu: T0 : 0x1a82a    : addi a4, a4, -1968         : IntAlu :  D=0x0000000000000850
 639500: system.cpu: T0 : 0x1a82e    : c_mv a5, a3                : IntAlu :  D=0x000000000006f628
 640000: system.cpu: T0 : 0x1a830    : c_add a4, a0               : IntAlu :  D=0x000000000006fe18
 640500: system.cpu: T0 : 0x1a832    : c_sd a5, 24(a5)            : MemWrite :  D=0x000000000006f628 A=0x6f640
 641000: system.cpu: T0 : 0x1a834    : c_sd a5, 16(a5)            : MemWrite :  D=0x000000000006f628 A=0x6f638
 641500: system.cpu: T0 : 0x1a836    : c_addi a5, 16              : IntAlu :  D=0x000000000006f638
 642000: system.cpu: T0 : 0x1a838    : bne a4, a5, -6             : IntAlu : 
 642500: system.cpu: T0 : 0x1a832    : c_sd a5, 24(a5)            : MemWrite :  D=0x000000000006f638 A=0x6f650
 643000: system.cpu: T0 : 0x1a834    : c_sd a5, 16(a5)            : MemWrite :  D=0x000000000006f638 A=0x6f648
 643500: system.cpu: T0 : 0x1a836    : c_addi a5, 16              : IntAlu :  D=0x000000000006f648
 644000: system.cpu: T0 : 0x1a838    : bne a4, a5, -6             : IntAlu : 
 644500: system.cpu: T0 : 0x1a832    : c_sd a5, 24(a5)            : MemWrite :  D=0x000000000006f648 A=0x6f660
 645000: system.cpu: T0 : 0x1a834    : c_sd a5, 16(a5)            : MemWrite :  D=0x000000000006f648 A=0x6f658
 645500: system.cpu: T0 : 0x1a836    : c_addi a5, 16              : IntAlu :  D=0x000000000006f658
 646000: system.cpu: T0 : 0x1a838    : bne a4, a5, -6             : IntAlu : 
 646500: system.cpu: T0 : 0x1a832    : c_sd a5, 24(a5)            : MemWrite :  D=0x000000000006f658 A=0x6f670
 647000: system.cpu: T0 : 0x1a834    : c_sd a5, 16(a5)            : MemWrite :  D=0x000000000006f658 A=0x6f668
 647500: system.cpu: T0 : 0x1a836    : c_addi a5, 16              : IntAlu :  D=0x000000000006f668
 648000: system.cpu: T0 : 0x1a838    : bne a4, a5, -6             : IntAlu : 
 648500: system.cpu: T0 : 0x1a832    : c_sd a5, 24(a5)            : MemWrite :  D=0x000000000006f668 A=0x6f680
 649000: system.cpu: T0 : 0x1a834    : c_sd a5, 16(a5)            : MemWrite :  D=0x000000000006f668 A=0x6f678
 649500: system.cpu: T0 : 0x1a836    : c_addi a5, 16              : IntAlu :  D=0x000000000006f678
 650000: system.cpu: T0 : 0x1a838    : bne a4, a5, -6             : IntAlu : 
 650500: system.cpu: T0 : 0x1a832    : c_sd a5, 24(a5)            : MemWrite :  D=0x000000000006f678 A=0x6f690
 651000: system.cpu: T0 : 0x1a834    : c_sd a5, 16(a5)            : MemWrite :  D=0x000000000006f678 A=0x6f688
 651500: system.cpu: T0 : 0x1a836    : c_addi a5, 16              : IntAlu :  D=0x000000000006f688
 652000: system.cpu: T0 : 0x1a838    : bne a4, a5, -6             : IntAlu : 
 652500: system.cpu: T0 : 0x1a832    : c_sd a5, 24(a5)            : MemWrite :  D=0x000000000006f688 A=0x6f6a0
 653000: system.cpu: T0 : 0x1a834    : c_sd a5, 16(a5)            : MemWrite :  D=0x000000000006f688 A=0x6f698
 653500: system.cpu: T0 : 0x1a836    : c_addi a5, 16              : IntAlu :  D=0x000000000006f698
 654000: system.cpu: T0 : 0x1a838    : bne a4, a5, -6             : IntAlu : 
 654500: system.cpu: T0 : 0x1a832    : c_sd a5, 24(a5)            : MemWrite :  D=0x000000000006f698 A=0x6f6b0
 655000: system.cpu: T0 : 0x1a834    : c_sd a5, 16(a5)            : MemWrite :  D=0x000000000006f698 A=0x6f6a8
 655500: system.cpu: T0 : 0x1a836    : c_addi a5, 16              : IntAlu :  D=0x000000000006f6a8
 656000: system.cpu: T0 : 0x1a838    : bne a4, a5, -6             : IntAlu : 
 656500: system.cpu: T0 : 0x1a832    : c_sd a5, 24(a5)            : MemWrite :  D=0x000000000006f6a8 A=0x6f6c0
 657000: system.cpu: T0 : 0x1a834    : c_sd a5, 16(a5)            : MemWrite :  D=0x000000000006f6a8 A=0x6f6b8
 657500: system.cpu: T0 : 0x1a836    : c_addi a5, 16              : IntAlu :  D=0x000000000006f6b8
 658000: system.cpu: T0 : 0x1a838    : bne a4, a5, -6             : IntAlu : 
 658500: system.cpu: T0 : 0x1a832    : c_sd a5, 24(a5)            : MemWrite :  D=0x000000000006f6b8 A=0x6f6d0
 659000: system.cpu: T0 : 0x1a834    : c_sd a5, 16(a5)            : MemWrite :  D=0x000000000006f6b8 A=0x6f6c8
 659500: system.cpu: T0 : 0x1a836    : c_addi a5, 16              : IntAlu :  D=0x000000000006f6c8
 660000: system.cpu: T0 : 0x1a838    : bne a4, a5, -6             : IntAlu : 
 660500: system.cpu: T0 : 0x1a832    : c_sd a5, 24(a5)            : MemWrite :  D=0x000000000006f6c8 A=0x6f6e0
 661000: system.cpu: T0 : 0x1a834    : c_sd a5, 16(a5)            : MemWrite :  D=0x000000000006f6c8 A=0x6f6d8
 661500: system.cpu: T0 : 0x1a836    : c_addi a5, 16              : IntAlu :  D=0x000000000006f6d8
 662000: system.cpu: T0 : 0x1a838    : bne a4, a5, -6             : IntAlu : 
 662500: system.cpu: T0 : 0x1a832    : c_sd a5, 24(a5)            : MemWrite :  D=0x000000000006f6d8 A=0x6f6f0
 663000: system.cpu: T0 : 0x1a834    : c_sd a5, 16(a5)            : MemWrite :  D=0x000000000006f6d8 A=0x6f6e8
 663500: system.cpu: T0 : 0x1a836    : c_addi a5, 16              : IntAlu :  D=0x000000000006f6e8
 664000: system.cpu: T0 : 0x1a838    : bne a4, a5, -6             : IntAlu : 
 664500: system.cpu: T0 : 0x1a832    : c_sd a5, 24(a5)            : MemWrite :  D=0x000000000006f6e8 A=0x6f700
 665000: system.cpu: T0 : 0x1a834    : c_sd a5, 16(a5)            : MemWrite :  D=0x000000000006f6e8 A=0x6f6f8
 665500: system.cpu: T0 : 0x1a836    : c_addi a5, 16              : IntAlu :  D=0x000000000006f6f8
 666000: system.cpu: T0 : 0x1a838    : bne a4, a5, -6             : IntAlu : 
 666500: system.cpu: T0 : 0x1a832    : c_sd a5, 24(a5)            : MemWrite :  D=0x000000000006f6f8 A=0x6f710
 667000: system.cpu: T0 : 0x1a834    : c_sd a5, 16(a5)            : MemWrite :  D=0x000000000006f6f8 A=0x6f708
 667500: system.cpu: T0 : 0x1a836    : c_addi a5, 16              : IntAlu :  D=0x000000000006f708
 668000: system.cpu: T0 : 0x1a838    : bne a4, a5, -6             : IntAlu : 
 668500: system.cpu: T0 : 0x1a832    : c_sd a5, 24(a5)            : MemWrite :  D=0x000000000006f708 A=0x6f720
 669000: system.cpu: T0 : 0x1a834    : c_sd a5, 16(a5)            : MemWrite :  D=0x000000000006f708 A=0x6f718
 669500: system.cpu: T0 : 0x1a836    : c_addi a5, 16              : IntAlu :  D=0x000000000006f718
 670000: system.cpu: T0 : 0x1a838    : bne a4, a5, -6             : IntAlu : 
 670500: system.cpu: T0 : 0x1a832    : c_sd a5, 24(a5)            : MemWrite :  D=0x000000000006f718 A=0x6f730
 671000: system.cpu: T0 : 0x1a834    : c_sd a5, 16(a5)            : MemWrite :  D=0x000000000006f718 A=0x6f728
 671500: system.cpu: T0 : 0x1a836    : c_addi a5, 16              : IntAlu :  D=0x000000000006f728
 672000: system.cpu: T0 : 0x1a838    : bne a4, a5, -6             : IntAlu : 
 672500: system.cpu: T0 : 0x1a832    : c_sd a5, 24(a5)            : MemWrite :  D=0x000000000006f728 A=0x6f740
 673000: system.cpu: T0 : 0x1a834    : c_sd a5, 16(a5)            : MemWrite :  D=0x000000000006f728 A=0x6f738
 673500: system.cpu: T0 : 0x1a836    : c_addi a5, 16              : IntAlu :  D=0x000000000006f738
 674000: system.cpu: T0 : 0x1a838    : bne a4, a5, -6             : IntAlu : 
 674500: system.cpu: T0 : 0x1a832    : c_sd a5, 24(a5)            : MemWrite :  D=0x000000000006f738 A=0x6f750
 675000: system.cpu: T0 : 0x1a834    : c_sd a5, 16(a5)            : MemWrite :  D=0x000000000006f738 A=0x6f748
 675500: system.cpu: T0 : 0x1a836    : c_addi a5, 16              : IntAlu :  D=0x000000000006f748
 676000: system.cpu: T0 : 0x1a838    : bne a4, a5, -6             : IntAlu : 
 676500: system.cpu: T0 : 0x1a832    : c_sd a5, 24(a5)            : MemWrite :  D=0x000000000006f748 A=0x6f760
 677000: system.cpu: T0 : 0x1a834    : c_sd a5, 16(a5)            : MemWrite :  D=0x000000000006f748 A=0x6f758
 677500: system.cpu: T0 : 0x1a836    : c_addi a5, 16              : IntAlu :  D=0x000000000006f758
 678000: system.cpu: T0 : 0x1a838    : bne a4, a5, -6             : IntAlu : 
 678500: system.cpu: T0 : 0x1a832    : c_sd a5, 24(a5)            : MemWrite :  D=0x000000000006f758 A=0x6f770
 679000: system.cpu: T0 : 0x1a834    : c_sd a5, 16(a5)            : MemWrite :  D=0x000000000006f758 A=0x6f768
 679500: system.cpu: T0 : 0x1a836    : c_addi a5, 16              : IntAlu :  D=0x000000000006f768
 680000: system.cpu: T0 : 0x1a838    : bne a4, a5, -6             : IntAlu : 
 680500: system.cpu: T0 : 0x1a832    : c_sd a5, 24(a5)            : MemWrite :  D=0x000000000006f768 A=0x6f780
 681000: system.cpu: T0 : 0x1a834    : c_sd a5, 16(a5)            : MemWrite :  D=0x000000000006f768 A=0x6f778
 681500: system.cpu: T0 : 0x1a836    : c_addi a5, 16              : IntAlu :  D=0x000000000006f778
 682000: system.cpu: T0 : 0x1a838    : bne a4, a5, -6             : IntAlu : 
 682500: system.cpu: T0 : 0x1a832    : c_sd a5, 24(a5)            : MemWrite :  D=0x000000000006f778 A=0x6f790
 683000: system.cpu: T0 : 0x1a834    : c_sd a5, 16(a5)            : MemWrite :  D=0x000000000006f778 A=0x6f788
 683500: system.cpu: T0 : 0x1a836    : c_addi a5, 16              : IntAlu :  D=0x000000000006f788
 684000: system.cpu: T0 : 0x1a838    : bne a4, a5, -6             : IntAlu : 
 684500: system.cpu: T0 : 0x1a832    : c_sd a5, 24(a5)            : MemWrite :  D=0x000000000006f788 A=0x6f7a0
 685000: system.cpu: T0 : 0x1a834    : c_sd a5, 16(a5)            : MemWrite :  D=0x000000000006f788 A=0x6f798
 685500: system.cpu: T0 : 0x1a836    : c_addi a5, 16              : IntAlu :  D=0x000000000006f798
 686000: system.cpu: T0 : 0x1a838    : bne a4, a5, -6             : IntAlu : 
 686500: system.cpu: T0 : 0x1a832    : c_sd a5, 24(a5)            : MemWrite :  D=0x000000000006f798 A=0x6f7b0
 687000: system.cpu: T0 : 0x1a834    : c_sd a5, 16(a5)            : MemWrite :  D=0x000000000006f798 A=0x6f7a8
 687500: system.cpu: T0 : 0x1a836    : c_addi a5, 16              : IntAlu :  D=0x000000000006f7a8
 688000: system.cpu: T0 : 0x1a838    : bne a4, a5, -6             : IntAlu : 
 688500: system.cpu: T0 : 0x1a832    : c_sd a5, 24(a5)            : MemWrite :  D=0x000000000006f7a8 A=0x6f7c0
 689000: system.cpu: T0 : 0x1a834    : c_sd a5, 16(a5)            : MemWrite :  D=0x000000000006f7a8 A=0x6f7b8
 689500: system.cpu: T0 : 0x1a836    : c_addi a5, 16              : IntAlu :  D=0x000000000006f7b8
 690000: system.cpu: T0 : 0x1a838    : bne a4, a5, -6             : IntAlu : 
 690500: system.cpu: T0 : 0x1a832    : c_sd a5, 24(a5)            : MemWrite :  D=0x000000000006f7b8 A=0x6f7d0
 691000: system.cpu: T0 : 0x1a834    : c_sd a5, 16(a5)            : MemWrite :  D=0x000000000006f7b8 A=0x6f7c8
 691500: system.cpu: T0 : 0x1a836    : c_addi a5, 16              : IntAlu :  D=0x000000000006f7c8
 692000: system.cpu: T0 : 0x1a838    : bne a4, a5, -6             : IntAlu : 
 692500: system.cpu: T0 : 0x1a832    : c_sd a5, 24(a5)            : MemWrite :  D=0x000000000006f7c8 A=0x6f7e0
 693000: system.cpu: T0 : 0x1a834    : c_sd a5, 16(a5)            : MemWrite :  D=0x000000000006f7c8 A=0x6f7d8
 693500: system.cpu: T0 : 0x1a836    : c_addi a5, 16              : IntAlu :  D=0x000000000006f7d8
 694000: system.cpu: T0 : 0x1a838    : bne a4, a5, -6             : IntAlu : 
 694500: system.cpu: T0 : 0x1a832    : c_sd a5, 24(a5)            : MemWrite :  D=0x000000000006f7d8 A=0x6f7f0
 695000: system.cpu: T0 : 0x1a834    : c_sd a5, 16(a5)            : MemWrite :  D=0x000000000006f7d8 A=0x6f7e8
 695500: system.cpu: T0 : 0x1a836    : c_addi a5, 16              : IntAlu :  D=0x000000000006f7e8
 696000: system.cpu: T0 : 0x1a838    : bne a4, a5, -6             : IntAlu : 
 696500: system.cpu: T0 : 0x1a832    : c_sd a5, 24(a5)            : MemWrite :  D=0x000000000006f7e8 A=0x6f800
 697000: system.cpu: T0 : 0x1a834    : c_sd a5, 16(a5)            : MemWrite :  D=0x000000000006f7e8 A=0x6f7f8
 697500: system.cpu: T0 : 0x1a836    : c_addi a5, 16              : IntAlu :  D=0x000000000006f7f8
 698000: system.cpu: T0 : 0x1a838    : bne a4, a5, -6             : IntAlu : 
 698500: system.cpu: T0 : 0x1a832    : c_sd a5, 24(a5)            : MemWrite :  D=0x000000000006f7f8 A=0x6f810
 699000: system.cpu: T0 : 0x1a834    : c_sd a5, 16(a5)            : MemWrite :  D=0x000000000006f7f8 A=0x6f808
 699500: system.cpu: T0 : 0x1a836    : c_addi a5, 16              : IntAlu :  D=0x000000000006f808
 700000: system.cpu: T0 : 0x1a838    : bne a4, a5, -6             : IntAlu : 
 700500: system.cpu: T0 : 0x1a832    : c_sd a5, 24(a5)            : MemWrite :  D=0x000000000006f808 A=0x6f820
 701000: system.cpu: T0 : 0x1a834    : c_sd a5, 16(a5)            : MemWrite :  D=0x000000000006f808 A=0x6f818
 701500: system.cpu: T0 : 0x1a836    : c_addi a5, 16              : IntAlu :  D=0x000000000006f818
 702000: system.cpu: T0 : 0x1a838    : bne a4, a5, -6             : IntAlu : 
 702500: system.cpu: T0 : 0x1a832    : c_sd a5, 24(a5)            : MemWrite :  D=0x000000000006f818 A=0x6f830
 703000: system.cpu: T0 : 0x1a834    : c_sd a5, 16(a5)            : MemWrite :  D=0x000000000006f818 A=0x6f828
 703500: system.cpu: T0 : 0x1a836    : c_addi a5, 16              : IntAlu :  D=0x000000000006f828
 704000: system.cpu: T0 : 0x1a838    : bne a4, a5, -6             : IntAlu : 
 704500: system.cpu: T0 : 0x1a832    : c_sd a5, 24(a5)            : MemWrite :  D=0x000000000006f828 A=0x6f840
 705000: system.cpu: T0 : 0x1a834    : c_sd a5, 16(a5)            : MemWrite :  D=0x000000000006f828 A=0x6f838
 705500: system.cpu: T0 : 0x1a836    : c_addi a5, 16              : IntAlu :  D=0x000000000006f838
 706000: system.cpu: T0 : 0x1a838    : bne a4, a5, -6             : IntAlu : 
 706500: system.cpu: T0 : 0x1a832    : c_sd a5, 24(a5)            : MemWrite :  D=0x000000000006f838 A=0x6f850
 707000: system.cpu: T0 : 0x1a834    : c_sd a5, 16(a5)            : MemWrite :  D=0x000000000006f838 A=0x6f848
 707500: system.cpu: T0 : 0x1a836    : c_addi a5, 16              : IntAlu :  D=0x000000000006f848
 708000: system.cpu: T0 : 0x1a838    : bne a4, a5, -6             : IntAlu : 
 708500: system.cpu: T0 : 0x1a832    : c_sd a5, 24(a5)            : MemWrite :  D=0x000000000006f848 A=0x6f860
 709000: system.cpu: T0 : 0x1a834    : c_sd a5, 16(a5)            : MemWrite :  D=0x000000000006f848 A=0x6f858
 709500: system.cpu: T0 : 0x1a836    : c_addi a5, 16              : IntAlu :  D=0x000000000006f858
 710000: system.cpu: T0 : 0x1a838    : bne a4, a5, -6             : IntAlu : 
 710500: system.cpu: T0 : 0x1a832    : c_sd a5, 24(a5)            : MemWrite :  D=0x000000000006f858 A=0x6f870
 711000: system.cpu: T0 : 0x1a834    : c_sd a5, 16(a5)            : MemWrite :  D=0x000000000006f858 A=0x6f868
 711500: system.cpu: T0 : 0x1a836    : c_addi a5, 16              : IntAlu :  D=0x000000000006f868
 712000: system.cpu: T0 : 0x1a838    : bne a4, a5, -6             : IntAlu : 
 712500: system.cpu: T0 : 0x1a832    : c_sd a5, 24(a5)            : MemWrite :  D=0x000000000006f868 A=0x6f880
 713000: system.cpu: T0 : 0x1a834    : c_sd a5, 16(a5)            : MemWrite :  D=0x000000000006f868 A=0x6f878
 713500: system.cpu: T0 : 0x1a836    : c_addi a5, 16              : IntAlu :  D=0x000000000006f878
 714000: system.cpu: T0 : 0x1a838    : bne a4, a5, -6             : IntAlu : 
 714500: system.cpu: T0 : 0x1a832    : c_sd a5, 24(a5)            : MemWrite :  D=0x000000000006f878 A=0x6f890
 715000: system.cpu: T0 : 0x1a834    : c_sd a5, 16(a5)            : MemWrite :  D=0x000000000006f878 A=0x6f888
 715500: system.cpu: T0 : 0x1a836    : c_addi a5, 16              : IntAlu :  D=0x000000000006f888
 716000: system.cpu: T0 : 0x1a838    : bne a4, a5, -6             : IntAlu : 
 716500: system.cpu: T0 : 0x1a832    : c_sd a5, 24(a5)            : MemWrite :  D=0x000000000006f888 A=0x6f8a0
 717000: system.cpu: T0 : 0x1a834    : c_sd a5, 16(a5)            : MemWrite :  D=0x000000000006f888 A=0x6f898
 717500: system.cpu: T0 : 0x1a836    : c_addi a5, 16              : IntAlu :  D=0x000000000006f898
 718000: system.cpu: T0 : 0x1a838    : bne a4, a5, -6             : IntAlu : 
 718500: system.cpu: T0 : 0x1a832    : c_sd a5, 24(a5)            : MemWrite :  D=0x000000000006f898 A=0x6f8b0
 719000: system.cpu: T0 : 0x1a834    : c_sd a5, 16(a5)            : MemWrite :  D=0x000000000006f898 A=0x6f8a8
 719500: system.cpu: T0 : 0x1a836    : c_addi a5, 16              : IntAlu :  D=0x000000000006f8a8
 720000: system.cpu: T0 : 0x1a838    : bne a4, a5, -6             : IntAlu : 
 720500: system.cpu: T0 : 0x1a832    : c_sd a5, 24(a5)            : MemWrite :  D=0x000000000006f8a8 A=0x6f8c0
 721000: system.cpu: T0 : 0x1a834    : c_sd a5, 16(a5)            : MemWrite :  D=0x000000000006f8a8 A=0x6f8b8
 721500: system.cpu: T0 : 0x1a836    : c_addi a5, 16              : IntAlu :  D=0x000000000006f8b8
 722000: system.cpu: T0 : 0x1a838    : bne a4, a5, -6             : IntAlu : 
 722500: system.cpu: T0 : 0x1a832    : c_sd a5, 24(a5)            : MemWrite :  D=0x000000000006f8b8 A=0x6f8d0
 723000: system.cpu: T0 : 0x1a834    : c_sd a5, 16(a5)            : MemWrite :  D=0x000000000006f8b8 A=0x6f8c8
 723500: system.cpu: T0 : 0x1a836    : c_addi a5, 16              : IntAlu :  D=0x000000000006f8c8
 724000: system.cpu: T0 : 0x1a838    : bne a4, a5, -6             : IntAlu : 
 724500: system.cpu: T0 : 0x1a832    : c_sd a5, 24(a5)            : MemWrite :  D=0x000000000006f8c8 A=0x6f8e0
 725000: system.cpu: T0 : 0x1a834    : c_sd a5, 16(a5)            : MemWrite :  D=0x000000000006f8c8 A=0x6f8d8
 725500: system.cpu: T0 : 0x1a836    : c_addi a5, 16              : IntAlu :  D=0x000000000006f8d8
 726000: system.cpu: T0 : 0x1a838    : bne a4, a5, -6             : IntAlu : 
 726500: system.cpu: T0 : 0x1a832    : c_sd a5, 24(a5)            : MemWrite :  D=0x000000000006f8d8 A=0x6f8f0
 727000: system.cpu: T0 : 0x1a834    : c_sd a5, 16(a5)            : MemWrite :  D=0x000000000006f8d8 A=0x6f8e8
 727500: system.cpu: T0 : 0x1a836    : c_addi a5, 16              : IntAlu :  D=0x000000000006f8e8
 728000: system.cpu: T0 : 0x1a838    : bne a4, a5, -6             : IntAlu : 
 728500: system.cpu: T0 : 0x1a832    : c_sd a5, 24(a5)            : MemWrite :  D=0x000000000006f8e8 A=0x6f900
 729000: system.cpu: T0 : 0x1a834    : c_sd a5, 16(a5)            : MemWrite :  D=0x000000000006f8e8 A=0x6f8f8
 729500: system.cpu: T0 : 0x1a836    : c_addi a5, 16              : IntAlu :  D=0x000000000006f8f8
 730000: system.cpu: T0 : 0x1a838    : bne a4, a5, -6             : IntAlu : 
 730500: system.cpu: T0 : 0x1a832    : c_sd a5, 24(a5)            : MemWrite :  D=0x000000000006f8f8 A=0x6f910
 731000: system.cpu: T0 : 0x1a834    : c_sd a5, 16(a5)            : MemWrite :  D=0x000000000006f8f8 A=0x6f908
 731500: system.cpu: T0 : 0x1a836    : c_addi a5, 16              : IntAlu :  D=0x000000000006f908
 732000: system.cpu: T0 : 0x1a838    : bne a4, a5, -6             : IntAlu : 
 732500: system.cpu: T0 : 0x1a832    : c_sd a5, 24(a5)            : MemWrite :  D=0x000000000006f908 A=0x6f920
 733000: system.cpu: T0 : 0x1a834    : c_sd a5, 16(a5)            : MemWrite :  D=0x000000000006f908 A=0x6f918
 733500: system.cpu: T0 : 0x1a836    : c_addi a5, 16              : IntAlu :  D=0x000000000006f918
 734000: system.cpu: T0 : 0x1a838    : bne a4, a5, -6             : IntAlu : 
 734500: system.cpu: T0 : 0x1a832    : c_sd a5, 24(a5)            : MemWrite :  D=0x000000000006f918 A=0x6f930
 735000: system.cpu: T0 : 0x1a834    : c_sd a5, 16(a5)            : MemWrite :  D=0x000000000006f918 A=0x6f928
 735500: system.cpu: T0 : 0x1a836    : c_addi a5, 16              : IntAlu :  D=0x000000000006f928
 736000: system.cpu: T0 : 0x1a838    : bne a4, a5, -6             : IntAlu : 
 736500: system.cpu: T0 : 0x1a832    : c_sd a5, 24(a5)            : MemWrite :  D=0x000000000006f928 A=0x6f940
 737000: system.cpu: T0 : 0x1a834    : c_sd a5, 16(a5)            : MemWrite :  D=0x000000000006f928 A=0x6f938
 737500: system.cpu: T0 : 0x1a836    : c_addi a5, 16              : IntAlu :  D=0x000000000006f938
 738000: system.cpu: T0 : 0x1a838    : bne a4, a5, -6             : IntAlu : 
 738500: system.cpu: T0 : 0x1a832    : c_sd a5, 24(a5)            : MemWrite :  D=0x000000000006f938 A=0x6f950
 739000: system.cpu: T0 : 0x1a834    : c_sd a5, 16(a5)            : MemWrite :  D=0x000000000006f938 A=0x6f948
 739500: system.cpu: T0 : 0x1a836    : c_addi a5, 16              : IntAlu :  D=0x000000000006f948
 740000: system.cpu: T0 : 0x1a838    : bne a4, a5, -6             : IntAlu : 
 740500: system.cpu: T0 : 0x1a832    : c_sd a5, 24(a5)            : MemWrite :  D=0x000000000006f948 A=0x6f960
 741000: system.cpu: T0 : 0x1a834    : c_sd a5, 16(a5)            : MemWrite :  D=0x000000000006f948 A=0x6f958
 741500: system.cpu: T0 : 0x1a836    : c_addi a5, 16              : IntAlu :  D=0x000000000006f958
 742000: system.cpu: T0 : 0x1a838    : bne a4, a5, -6             : IntAlu : 
 742500: system.cpu: T0 : 0x1a832    : c_sd a5, 24(a5)            : MemWrite :  D=0x000000000006f958 A=0x6f970
 743000: system.cpu: T0 : 0x1a834    : c_sd a5, 16(a5)            : MemWrite :  D=0x000000000006f958 A=0x6f968
 743500: system.cpu: T0 : 0x1a836    : c_addi a5, 16              : IntAlu :  D=0x000000000006f968
 744000: system.cpu: T0 : 0x1a838    : bne a4, a5, -6             : IntAlu : 
 744500: system.cpu: T0 : 0x1a832    : c_sd a5, 24(a5)            : MemWrite :  D=0x000000000006f968 A=0x6f980
 745000: system.cpu: T0 : 0x1a834    : c_sd a5, 16(a5)            : MemWrite :  D=0x000000000006f968 A=0x6f978
 745500: system.cpu: T0 : 0x1a836    : c_addi a5, 16              : IntAlu :  D=0x000000000006f978
 746000: system.cpu: T0 : 0x1a838    : bne a4, a5, -6             : IntAlu : 
 746500: system.cpu: T0 : 0x1a832    : c_sd a5, 24(a5)            : MemWrite :  D=0x000000000006f978 A=0x6f990
 747000: system.cpu: T0 : 0x1a834    : c_sd a5, 16(a5)            : MemWrite :  D=0x000000000006f978 A=0x6f988
 747500: system.cpu: T0 : 0x1a836    : c_addi a5, 16              : IntAlu :  D=0x000000000006f988
 748000: system.cpu: T0 : 0x1a838    : bne a4, a5, -6             : IntAlu : 
 748500: system.cpu: T0 : 0x1a832    : c_sd a5, 24(a5)            : MemWrite :  D=0x000000000006f988 A=0x6f9a0
 749000: system.cpu: T0 : 0x1a834    : c_sd a5, 16(a5)            : MemWrite :  D=0x000000000006f988 A=0x6f998
 749500: system.cpu: T0 : 0x1a836    : c_addi a5, 16              : IntAlu :  D=0x000000000006f998
 750000: system.cpu: T0 : 0x1a838    : bne a4, a5, -6             : IntAlu : 
 750500: system.cpu: T0 : 0x1a832    : c_sd a5, 24(a5)            : MemWrite :  D=0x000000000006f998 A=0x6f9b0
 751000: system.cpu: T0 : 0x1a834    : c_sd a5, 16(a5)            : MemWrite :  D=0x000000000006f998 A=0x6f9a8
 751500: system.cpu: T0 : 0x1a836    : c_addi a5, 16              : IntAlu :  D=0x000000000006f9a8
 752000: system.cpu: T0 : 0x1a838    : bne a4, a5, -6             : IntAlu : 
 752500: system.cpu: T0 : 0x1a832    : c_sd a5, 24(a5)            : MemWrite :  D=0x000000000006f9a8 A=0x6f9c0
 753000: system.cpu: T0 : 0x1a834    : c_sd a5, 16(a5)            : MemWrite :  D=0x000000000006f9a8 A=0x6f9b8
 753500: system.cpu: T0 : 0x1a836    : c_addi a5, 16              : IntAlu :  D=0x000000000006f9b8
 754000: system.cpu: T0 : 0x1a838    : bne a4, a5, -6             : IntAlu : 
 754500: system.cpu: T0 : 0x1a832    : c_sd a5, 24(a5)            : MemWrite :  D=0x000000000006f9b8 A=0x6f9d0
 755000: system.cpu: T0 : 0x1a834    : c_sd a5, 16(a5)            : MemWrite :  D=0x000000000006f9b8 A=0x6f9c8
 755500: system.cpu: T0 : 0x1a836    : c_addi a5, 16              : IntAlu :  D=0x000000000006f9c8
 756000: system.cpu: T0 : 0x1a838    : bne a4, a5, -6             : IntAlu : 
 756500: system.cpu: T0 : 0x1a832    : c_sd a5, 24(a5)            : MemWrite :  D=0x000000000006f9c8 A=0x6f9e0
 757000: system.cpu: T0 : 0x1a834    : c_sd a5, 16(a5)            : MemWrite :  D=0x000000000006f9c8 A=0x6f9d8
 757500: system.cpu: T0 : 0x1a836    : c_addi a5, 16              : IntAlu :  D=0x000000000006f9d8
 758000: system.cpu: T0 : 0x1a838    : bne a4, a5, -6             : IntAlu : 
 758500: system.cpu: T0 : 0x1a832    : c_sd a5, 24(a5)            : MemWrite :  D=0x000000000006f9d8 A=0x6f9f0
 759000: system.cpu: T0 : 0x1a834    : c_sd a5, 16(a5)            : MemWrite :  D=0x000000000006f9d8 A=0x6f9e8
 759500: system.cpu: T0 : 0x1a836    : c_addi a5, 16              : IntAlu :  D=0x000000000006f9e8
 760000: system.cpu: T0 : 0x1a838    : bne a4, a5, -6             : IntAlu : 
 760500: system.cpu: T0 : 0x1a832    : c_sd a5, 24(a5)            : MemWrite :  D=0x000000000006f9e8 A=0x6fa00
 761000: system.cpu: T0 : 0x1a834    : c_sd a5, 16(a5)            : MemWrite :  D=0x000000000006f9e8 A=0x6f9f8
 761500: system.cpu: T0 : 0x1a836    : c_addi a5, 16              : IntAlu :  D=0x000000000006f9f8
 762000: system.cpu: T0 : 0x1a838    : bne a4, a5, -6             : IntAlu : 
 762500: system.cpu: T0 : 0x1a832    : c_sd a5, 24(a5)            : MemWrite :  D=0x000000000006f9f8 A=0x6fa10
 763000: system.cpu: T0 : 0x1a834    : c_sd a5, 16(a5)            : MemWrite :  D=0x000000000006f9f8 A=0x6fa08
 763500: system.cpu: T0 : 0x1a836    : c_addi a5, 16              : IntAlu :  D=0x000000000006fa08
 764000: system.cpu: T0 : 0x1a838    : bne a4, a5, -6             : IntAlu : 
 764500: system.cpu: T0 : 0x1a832    : c_sd a5, 24(a5)            : MemWrite :  D=0x000000000006fa08 A=0x6fa20
 765000: system.cpu: T0 : 0x1a834    : c_sd a5, 16(a5)            : MemWrite :  D=0x000000000006fa08 A=0x6fa18
 765500: system.cpu: T0 : 0x1a836    : c_addi a5, 16              : IntAlu :  D=0x000000000006fa18
 766000: system.cpu: T0 : 0x1a838    : bne a4, a5, -6             : IntAlu : 
 766500: system.cpu: T0 : 0x1a832    : c_sd a5, 24(a5)            : MemWrite :  D=0x000000000006fa18 A=0x6fa30
 767000: system.cpu: T0 : 0x1a834    : c_sd a5, 16(a5)            : MemWrite :  D=0x000000000006fa18 A=0x6fa28
 767500: system.cpu: T0 : 0x1a836    : c_addi a5, 16              : IntAlu :  D=0x000000000006fa28
 768000: system.cpu: T0 : 0x1a838    : bne a4, a5, -6             : IntAlu : 
 768500: system.cpu: T0 : 0x1a832    : c_sd a5, 24(a5)            : MemWrite :  D=0x000000000006fa28 A=0x6fa40
 769000: system.cpu: T0 : 0x1a834    : c_sd a5, 16(a5)            : MemWrite :  D=0x000000000006fa28 A=0x6fa38
 769500: system.cpu: T0 : 0x1a836    : c_addi a5, 16              : IntAlu :  D=0x000000000006fa38
 770000: system.cpu: T0 : 0x1a838    : bne a4, a5, -6             : IntAlu : 
 770500: system.cpu: T0 : 0x1a832    : c_sd a5, 24(a5)            : MemWrite :  D=0x000000000006fa38 A=0x6fa50
 771000: system.cpu: T0 : 0x1a834    : c_sd a5, 16(a5)            : MemWrite :  D=0x000000000006fa38 A=0x6fa48
 771500: system.cpu: T0 : 0x1a836    : c_addi a5, 16              : IntAlu :  D=0x000000000006fa48
 772000: system.cpu: T0 : 0x1a838    : bne a4, a5, -6             : IntAlu : 
 772500: system.cpu: T0 : 0x1a832    : c_sd a5, 24(a5)            : MemWrite :  D=0x000000000006fa48 A=0x6fa60
 773000: system.cpu: T0 : 0x1a834    : c_sd a5, 16(a5)            : MemWrite :  D=0x000000000006fa48 A=0x6fa58
 773500: system.cpu: T0 : 0x1a836    : c_addi a5, 16              : IntAlu :  D=0x000000000006fa58
 774000: system.cpu: T0 : 0x1a838    : bne a4, a5, -6             : IntAlu : 
 774500: system.cpu: T0 : 0x1a832    : c_sd a5, 24(a5)            : MemWrite :  D=0x000000000006fa58 A=0x6fa70
 775000: system.cpu: T0 : 0x1a834    : c_sd a5, 16(a5)            : MemWrite :  D=0x000000000006fa58 A=0x6fa68
 775500: system.cpu: T0 : 0x1a836    : c_addi a5, 16              : IntAlu :  D=0x000000000006fa68
 776000: system.cpu: T0 : 0x1a838    : bne a4, a5, -6             : IntAlu : 
 776500: system.cpu: T0 : 0x1a832    : c_sd a5, 24(a5)            : MemWrite :  D=0x000000000006fa68 A=0x6fa80
 777000: system.cpu: T0 : 0x1a834    : c_sd a5, 16(a5)            : MemWrite :  D=0x000000000006fa68 A=0x6fa78
 777500: system.cpu: T0 : 0x1a836    : c_addi a5, 16              : IntAlu :  D=0x000000000006fa78
 778000: system.cpu: T0 : 0x1a838    : bne a4, a5, -6             : IntAlu : 
 778500: system.cpu: T0 : 0x1a832    : c_sd a5, 24(a5)            : MemWrite :  D=0x000000000006fa78 A=0x6fa90
 779000: system.cpu: T0 : 0x1a834    : c_sd a5, 16(a5)            : MemWrite :  D=0x000000000006fa78 A=0x6fa88
 779500: system.cpu: T0 : 0x1a836    : c_addi a5, 16              : IntAlu :  D=0x000000000006fa88
 780000: system.cpu: T0 : 0x1a838    : bne a4, a5, -6             : IntAlu : 
 780500: system.cpu: T0 : 0x1a832    : c_sd a5, 24(a5)            : MemWrite :  D=0x000000000006fa88 A=0x6faa0
 781000: system.cpu: T0 : 0x1a834    : c_sd a5, 16(a5)            : MemWrite :  D=0x000000000006fa88 A=0x6fa98
 781500: system.cpu: T0 : 0x1a836    : c_addi a5, 16              : IntAlu :  D=0x000000000006fa98
 782000: system.cpu: T0 : 0x1a838    : bne a4, a5, -6             : IntAlu : 
 782500: system.cpu: T0 : 0x1a832    : c_sd a5, 24(a5)            : MemWrite :  D=0x000000000006fa98 A=0x6fab0
 783000: system.cpu: T0 : 0x1a834    : c_sd a5, 16(a5)            : MemWrite :  D=0x000000000006fa98 A=0x6faa8
 783500: system.cpu: T0 : 0x1a836    : c_addi a5, 16              : IntAlu :  D=0x000000000006faa8
 784000: system.cpu: T0 : 0x1a838    : bne a4, a5, -6             : IntAlu : 
 784500: system.cpu: T0 : 0x1a832    : c_sd a5, 24(a5)            : MemWrite :  D=0x000000000006faa8 A=0x6fac0
 785000: system.cpu: T0 : 0x1a834    : c_sd a5, 16(a5)            : MemWrite :  D=0x000000000006faa8 A=0x6fab8
 785500: system.cpu: T0 : 0x1a836    : c_addi a5, 16              : IntAlu :  D=0x000000000006fab8
 786000: system.cpu: T0 : 0x1a838    : bne a4, a5, -6             : IntAlu : 
 786500: system.cpu: T0 : 0x1a832    : c_sd a5, 24(a5)            : MemWrite :  D=0x000000000006fab8 A=0x6fad0
 787000: system.cpu: T0 : 0x1a834    : c_sd a5, 16(a5)            : MemWrite :  D=0x000000000006fab8 A=0x6fac8
 787500: system.cpu: T0 : 0x1a836    : c_addi a5, 16              : IntAlu :  D=0x000000000006fac8
 788000: system.cpu: T0 : 0x1a838    : bne a4, a5, -6             : IntAlu : 
 788500: system.cpu: T0 : 0x1a832    : c_sd a5, 24(a5)            : MemWrite :  D=0x000000000006fac8 A=0x6fae0
 789000: system.cpu: T0 : 0x1a834    : c_sd a5, 16(a5)            : MemWrite :  D=0x000000000006fac8 A=0x6fad8
 789500: system.cpu: T0 : 0x1a836    : c_addi a5, 16              : IntAlu :  D=0x000000000006fad8
 790000: system.cpu: T0 : 0x1a838    : bne a4, a5, -6             : IntAlu : 
 790500: system.cpu: T0 : 0x1a832    : c_sd a5, 24(a5)            : MemWrite :  D=0x000000000006fad8 A=0x6faf0
 791000: system.cpu: T0 : 0x1a834    : c_sd a5, 16(a5)            : MemWrite :  D=0x000000000006fad8 A=0x6fae8
 791500: system.cpu: T0 : 0x1a836    : c_addi a5, 16              : IntAlu :  D=0x000000000006fae8
 792000: system.cpu: T0 : 0x1a838    : bne a4, a5, -6             : IntAlu : 
 792500: system.cpu: T0 : 0x1a832    : c_sd a5, 24(a5)            : MemWrite :  D=0x000000000006fae8 A=0x6fb00
 793000: system.cpu: T0 : 0x1a834    : c_sd a5, 16(a5)            : MemWrite :  D=0x000000000006fae8 A=0x6faf8
 793500: system.cpu: T0 : 0x1a836    : c_addi a5, 16              : IntAlu :  D=0x000000000006faf8
 794000: system.cpu: T0 : 0x1a838    : bne a4, a5, -6             : IntAlu : 
 794500: system.cpu: T0 : 0x1a832    : c_sd a5, 24(a5)            : MemWrite :  D=0x000000000006faf8 A=0x6fb10
 795000: system.cpu: T0 : 0x1a834    : c_sd a5, 16(a5)            : MemWrite :  D=0x000000000006faf8 A=0x6fb08
 795500: system.cpu: T0 : 0x1a836    : c_addi a5, 16              : IntAlu :  D=0x000000000006fb08
 796000: system.cpu: T0 : 0x1a838    : bne a4, a5, -6             : IntAlu : 
 796500: system.cpu: T0 : 0x1a832    : c_sd a5, 24(a5)            : MemWrite :  D=0x000000000006fb08 A=0x6fb20
 797000: system.cpu: T0 : 0x1a834    : c_sd a5, 16(a5)            : MemWrite :  D=0x000000000006fb08 A=0x6fb18
 797500: system.cpu: T0 : 0x1a836    : c_addi a5, 16              : IntAlu :  D=0x000000000006fb18
 798000: system.cpu: T0 : 0x1a838    : bne a4, a5, -6             : IntAlu : 
 798500: system.cpu: T0 : 0x1a832    : c_sd a5, 24(a5)            : MemWrite :  D=0x000000000006fb18 A=0x6fb30
 799000: system.cpu: T0 : 0x1a834    : c_sd a5, 16(a5)            : MemWrite :  D=0x000000000006fb18 A=0x6fb28
 799500: system.cpu: T0 : 0x1a836    : c_addi a5, 16              : IntAlu :  D=0x000000000006fb28
 800000: system.cpu: T0 : 0x1a838    : bne a4, a5, -6             : IntAlu : 
 800500: system.cpu: T0 : 0x1a832    : c_sd a5, 24(a5)            : MemWrite :  D=0x000000000006fb28 A=0x6fb40
 801000: system.cpu: T0 : 0x1a834    : c_sd a5, 16(a5)            : MemWrite :  D=0x000000000006fb28 A=0x6fb38
 801500: system.cpu: T0 : 0x1a836    : c_addi a5, 16              : IntAlu :  D=0x000000000006fb38
 802000: system.cpu: T0 : 0x1a838    : bne a4, a5, -6             : IntAlu : 
 802500: system.cpu: T0 : 0x1a832    : c_sd a5, 24(a5)            : MemWrite :  D=0x000000000006fb38 A=0x6fb50
 803000: system.cpu: T0 : 0x1a834    : c_sd a5, 16(a5)            : MemWrite :  D=0x000000000006fb38 A=0x6fb48
 803500: system.cpu: T0 : 0x1a836    : c_addi a5, 16              : IntAlu :  D=0x000000000006fb48
 804000: system.cpu: T0 : 0x1a838    : bne a4, a5, -6             : IntAlu : 
 804500: system.cpu: T0 : 0x1a832    : c_sd a5, 24(a5)            : MemWrite :  D=0x000000000006fb48 A=0x6fb60
 805000: system.cpu: T0 : 0x1a834    : c_sd a5, 16(a5)            : MemWrite :  D=0x000000000006fb48 A=0x6fb58
 805500: system.cpu: T0 : 0x1a836    : c_addi a5, 16              : IntAlu :  D=0x000000000006fb58
 806000: system.cpu: T0 : 0x1a838    : bne a4, a5, -6             : IntAlu : 
 806500: system.cpu: T0 : 0x1a832    : c_sd a5, 24(a5)            : MemWrite :  D=0x000000000006fb58 A=0x6fb70
 807000: system.cpu: T0 : 0x1a834    : c_sd a5, 16(a5)            : MemWrite :  D=0x000000000006fb58 A=0x6fb68
 807500: system.cpu: T0 : 0x1a836    : c_addi a5, 16              : IntAlu :  D=0x000000000006fb68
 808000: system.cpu: T0 : 0x1a838    : bne a4, a5, -6             : IntAlu : 
 808500: system.cpu: T0 : 0x1a832    : c_sd a5, 24(a5)            : MemWrite :  D=0x000000000006fb68 A=0x6fb80
 809000: system.cpu: T0 : 0x1a834    : c_sd a5, 16(a5)            : MemWrite :  D=0x000000000006fb68 A=0x6fb78
 809500: system.cpu: T0 : 0x1a836    : c_addi a5, 16              : IntAlu :  D=0x000000000006fb78
 810000: system.cpu: T0 : 0x1a838    : bne a4, a5, -6             : IntAlu : 
 810500: system.cpu: T0 : 0x1a832    : c_sd a5, 24(a5)            : MemWrite :  D=0x000000000006fb78 A=0x6fb90
 811000: system.cpu: T0 : 0x1a834    : c_sd a5, 16(a5)            : MemWrite :  D=0x000000000006fb78 A=0x6fb88
 811500: system.cpu: T0 : 0x1a836    : c_addi a5, 16              : IntAlu :  D=0x000000000006fb88
 812000: system.cpu: T0 : 0x1a838    : bne a4, a5, -6             : IntAlu : 
 812500: system.cpu: T0 : 0x1a832    : c_sd a5, 24(a5)            : MemWrite :  D=0x000000000006fb88 A=0x6fba0
 813000: system.cpu: T0 : 0x1a834    : c_sd a5, 16(a5)            : MemWrite :  D=0x000000000006fb88 A=0x6fb98
 813500: system.cpu: T0 : 0x1a836    : c_addi a5, 16              : IntAlu :  D=0x000000000006fb98
 814000: system.cpu: T0 : 0x1a838    : bne a4, a5, -6             : IntAlu : 
 814500: system.cpu: T0 : 0x1a832    : c_sd a5, 24(a5)            : MemWrite :  D=0x000000000006fb98 A=0x6fbb0
 815000: system.cpu: T0 : 0x1a834    : c_sd a5, 16(a5)            : MemWrite :  D=0x000000000006fb98 A=0x6fba8
 815500: system.cpu: T0 : 0x1a836    : c_addi a5, 16              : IntAlu :  D=0x000000000006fba8
 816000: system.cpu: T0 : 0x1a838    : bne a4, a5, -6             : IntAlu : 
 816500: system.cpu: T0 : 0x1a832    : c_sd a5, 24(a5)            : MemWrite :  D=0x000000000006fba8 A=0x6fbc0
 817000: system.cpu: T0 : 0x1a834    : c_sd a5, 16(a5)            : MemWrite :  D=0x000000000006fba8 A=0x6fbb8
 817500: system.cpu: T0 : 0x1a836    : c_addi a5, 16              : IntAlu :  D=0x000000000006fbb8
 818000: system.cpu: T0 : 0x1a838    : bne a4, a5, -6             : IntAlu : 
 818500: system.cpu: T0 : 0x1a832    : c_sd a5, 24(a5)            : MemWrite :  D=0x000000000006fbb8 A=0x6fbd0
 819000: system.cpu: T0 : 0x1a834    : c_sd a5, 16(a5)            : MemWrite :  D=0x000000000006fbb8 A=0x6fbc8
 819500: system.cpu: T0 : 0x1a836    : c_addi a5, 16              : IntAlu :  D=0x000000000006fbc8
 820000: system.cpu: T0 : 0x1a838    : bne a4, a5, -6             : IntAlu : 
 820500: system.cpu: T0 : 0x1a832    : c_sd a5, 24(a5)            : MemWrite :  D=0x000000000006fbc8 A=0x6fbe0
 821000: system.cpu: T0 : 0x1a834    : c_sd a5, 16(a5)            : MemWrite :  D=0x000000000006fbc8 A=0x6fbd8
 821500: system.cpu: T0 : 0x1a836    : c_addi a5, 16              : IntAlu :  D=0x000000000006fbd8
 822000: system.cpu: T0 : 0x1a838    : bne a4, a5, -6             : IntAlu : 
 822500: system.cpu: T0 : 0x1a832    : c_sd a5, 24(a5)            : MemWrite :  D=0x000000000006fbd8 A=0x6fbf0
 823000: system.cpu: T0 : 0x1a834    : c_sd a5, 16(a5)            : MemWrite :  D=0x000000000006fbd8 A=0x6fbe8
 823500: system.cpu: T0 : 0x1a836    : c_addi a5, 16              : IntAlu :  D=0x000000000006fbe8
 824000: system.cpu: T0 : 0x1a838    : bne a4, a5, -6             : IntAlu : 
 824500: system.cpu: T0 : 0x1a832    : c_sd a5, 24(a5)            : MemWrite :  D=0x000000000006fbe8 A=0x6fc00
 825000: system.cpu: T0 : 0x1a834    : c_sd a5, 16(a5)            : MemWrite :  D=0x000000000006fbe8 A=0x6fbf8
 825500: system.cpu: T0 : 0x1a836    : c_addi a5, 16              : IntAlu :  D=0x000000000006fbf8
 826000: system.cpu: T0 : 0x1a838    : bne a4, a5, -6             : IntAlu : 
 826500: system.cpu: T0 : 0x1a832    : c_sd a5, 24(a5)            : MemWrite :  D=0x000000000006fbf8 A=0x6fc10
 827000: system.cpu: T0 : 0x1a834    : c_sd a5, 16(a5)            : MemWrite :  D=0x000000000006fbf8 A=0x6fc08
 827500: system.cpu: T0 : 0x1a836    : c_addi a5, 16              : IntAlu :  D=0x000000000006fc08
 828000: system.cpu: T0 : 0x1a838    : bne a4, a5, -6             : IntAlu : 
 828500: system.cpu: T0 : 0x1a832    : c_sd a5, 24(a5)            : MemWrite :  D=0x000000000006fc08 A=0x6fc20
 829000: system.cpu: T0 : 0x1a834    : c_sd a5, 16(a5)            : MemWrite :  D=0x000000000006fc08 A=0x6fc18
 829500: system.cpu: T0 : 0x1a836    : c_addi a5, 16              : IntAlu :  D=0x000000000006fc18
 830000: system.cpu: T0 : 0x1a838    : bne a4, a5, -6             : IntAlu : 
 830500: system.cpu: T0 : 0x1a832    : c_sd a5, 24(a5)            : MemWrite :  D=0x000000000006fc18 A=0x6fc30
 831000: system.cpu: T0 : 0x1a834    : c_sd a5, 16(a5)            : MemWrite :  D=0x000000000006fc18 A=0x6fc28
 831500: system.cpu: T0 : 0x1a836    : c_addi a5, 16              : IntAlu :  D=0x000000000006fc28
 832000: system.cpu: T0 : 0x1a838    : bne a4, a5, -6             : IntAlu : 
 832500: system.cpu: T0 : 0x1a832    : c_sd a5, 24(a5)            : MemWrite :  D=0x000000000006fc28 A=0x6fc40
 833000: system.cpu: T0 : 0x1a834    : c_sd a5, 16(a5)            : MemWrite :  D=0x000000000006fc28 A=0x6fc38
 833500: system.cpu: T0 : 0x1a836    : c_addi a5, 16              : IntAlu :  D=0x000000000006fc38
 834000: system.cpu: T0 : 0x1a838    : bne a4, a5, -6             : IntAlu : 
 834500: system.cpu: T0 : 0x1a832    : c_sd a5, 24(a5)            : MemWrite :  D=0x000000000006fc38 A=0x6fc50
 835000: system.cpu: T0 : 0x1a834    : c_sd a5, 16(a5)            : MemWrite :  D=0x000000000006fc38 A=0x6fc48
 835500: system.cpu: T0 : 0x1a836    : c_addi a5, 16              : IntAlu :  D=0x000000000006fc48
 836000: system.cpu: T0 : 0x1a838    : bne a4, a5, -6             : IntAlu : 
 836500: system.cpu: T0 : 0x1a832    : c_sd a5, 24(a5)            : MemWrite :  D=0x000000000006fc48 A=0x6fc60
 837000: system.cpu: T0 : 0x1a834    : c_sd a5, 16(a5)            : MemWrite :  D=0x000000000006fc48 A=0x6fc58
 837500: system.cpu: T0 : 0x1a836    : c_addi a5, 16              : IntAlu :  D=0x000000000006fc58
 838000: system.cpu: T0 : 0x1a838    : bne a4, a5, -6             : IntAlu : 
 838500: system.cpu: T0 : 0x1a832    : c_sd a5, 24(a5)            : MemWrite :  D=0x000000000006fc58 A=0x6fc70
 839000: system.cpu: T0 : 0x1a834    : c_sd a5, 16(a5)            : MemWrite :  D=0x000000000006fc58 A=0x6fc68
 839500: system.cpu: T0 : 0x1a836    : c_addi a5, 16              : IntAlu :  D=0x000000000006fc68
 840000: system.cpu: T0 : 0x1a838    : bne a4, a5, -6             : IntAlu : 
 840500: system.cpu: T0 : 0x1a832    : c_sd a5, 24(a5)            : MemWrite :  D=0x000000000006fc68 A=0x6fc80
 841000: system.cpu: T0 : 0x1a834    : c_sd a5, 16(a5)            : MemWrite :  D=0x000000000006fc68 A=0x6fc78
 841500: system.cpu: T0 : 0x1a836    : c_addi a5, 16              : IntAlu :  D=0x000000000006fc78
 842000: system.cpu: T0 : 0x1a838    : bne a4, a5, -6             : IntAlu : 
 842500: system.cpu: T0 : 0x1a832    : c_sd a5, 24(a5)            : MemWrite :  D=0x000000000006fc78 A=0x6fc90
 843000: system.cpu: T0 : 0x1a834    : c_sd a5, 16(a5)            : MemWrite :  D=0x000000000006fc78 A=0x6fc88
 843500: system.cpu: T0 : 0x1a836    : c_addi a5, 16              : IntAlu :  D=0x000000000006fc88
 844000: system.cpu: T0 : 0x1a838    : bne a4, a5, -6             : IntAlu : 
 844500: system.cpu: T0 : 0x1a832    : c_sd a5, 24(a5)            : MemWrite :  D=0x000000000006fc88 A=0x6fca0
 845000: system.cpu: T0 : 0x1a834    : c_sd a5, 16(a5)            : MemWrite :  D=0x000000000006fc88 A=0x6fc98
 845500: system.cpu: T0 : 0x1a836    : c_addi a5, 16              : IntAlu :  D=0x000000000006fc98
 846000: system.cpu: T0 : 0x1a838    : bne a4, a5, -6             : IntAlu : 
 846500: system.cpu: T0 : 0x1a832    : c_sd a5, 24(a5)            : MemWrite :  D=0x000000000006fc98 A=0x6fcb0
 847000: system.cpu: T0 : 0x1a834    : c_sd a5, 16(a5)            : MemWrite :  D=0x000000000006fc98 A=0x6fca8
 847500: system.cpu: T0 : 0x1a836    : c_addi a5, 16              : IntAlu :  D=0x000000000006fca8
 848000: system.cpu: T0 : 0x1a838    : bne a4, a5, -6             : IntAlu : 
 848500: system.cpu: T0 : 0x1a832    : c_sd a5, 24(a5)            : MemWrite :  D=0x000000000006fca8 A=0x6fcc0
 849000: system.cpu: T0 : 0x1a834    : c_sd a5, 16(a5)            : MemWrite :  D=0x000000000006fca8 A=0x6fcb8
 849500: system.cpu: T0 : 0x1a836    : c_addi a5, 16              : IntAlu :  D=0x000000000006fcb8
 850000: system.cpu: T0 : 0x1a838    : bne a4, a5, -6             : IntAlu : 
 850500: system.cpu: T0 : 0x1a832    : c_sd a5, 24(a5)            : MemWrite :  D=0x000000000006fcb8 A=0x6fcd0
 851000: system.cpu: T0 : 0x1a834    : c_sd a5, 16(a5)            : MemWrite :  D=0x000000000006fcb8 A=0x6fcc8
 851500: system.cpu: T0 : 0x1a836    : c_addi a5, 16              : IntAlu :  D=0x000000000006fcc8
 852000: system.cpu: T0 : 0x1a838    : bne a4, a5, -6             : IntAlu : 
 852500: system.cpu: T0 : 0x1a832    : c_sd a5, 24(a5)            : MemWrite :  D=0x000000000006fcc8 A=0x6fce0
 853000: system.cpu: T0 : 0x1a834    : c_sd a5, 16(a5)            : MemWrite :  D=0x000000000006fcc8 A=0x6fcd8
 853500: system.cpu: T0 : 0x1a836    : c_addi a5, 16              : IntAlu :  D=0x000000000006fcd8
 854000: system.cpu: T0 : 0x1a838    : bne a4, a5, -6             : IntAlu : 
 854500: system.cpu: T0 : 0x1a832    : c_sd a5, 24(a5)            : MemWrite :  D=0x000000000006fcd8 A=0x6fcf0
 855000: system.cpu: T0 : 0x1a834    : c_sd a5, 16(a5)            : MemWrite :  D=0x000000000006fcd8 A=0x6fce8
 855500: system.cpu: T0 : 0x1a836    : c_addi a5, 16              : IntAlu :  D=0x000000000006fce8
 856000: system.cpu: T0 : 0x1a838    : bne a4, a5, -6             : IntAlu : 
 856500: system.cpu: T0 : 0x1a832    : c_sd a5, 24(a5)            : MemWrite :  D=0x000000000006fce8 A=0x6fd00
 857000: system.cpu: T0 : 0x1a834    : c_sd a5, 16(a5)            : MemWrite :  D=0x000000000006fce8 A=0x6fcf8
 857500: system.cpu: T0 : 0x1a836    : c_addi a5, 16              : IntAlu :  D=0x000000000006fcf8
 858000: system.cpu: T0 : 0x1a838    : bne a4, a5, -6             : IntAlu : 
 858500: system.cpu: T0 : 0x1a832    : c_sd a5, 24(a5)            : MemWrite :  D=0x000000000006fcf8 A=0x6fd10
 859000: system.cpu: T0 : 0x1a834    : c_sd a5, 16(a5)            : MemWrite :  D=0x000000000006fcf8 A=0x6fd08
 859500: system.cpu: T0 : 0x1a836    : c_addi a5, 16              : IntAlu :  D=0x000000000006fd08
 860000: system.cpu: T0 : 0x1a838    : bne a4, a5, -6             : IntAlu : 
 860500: system.cpu: T0 : 0x1a832    : c_sd a5, 24(a5)            : MemWrite :  D=0x000000000006fd08 A=0x6fd20
 861000: system.cpu: T0 : 0x1a834    : c_sd a5, 16(a5)            : MemWrite :  D=0x000000000006fd08 A=0x6fd18
 861500: system.cpu: T0 : 0x1a836    : c_addi a5, 16              : IntAlu :  D=0x000000000006fd18
 862000: system.cpu: T0 : 0x1a838    : bne a4, a5, -6             : IntAlu : 
 862500: system.cpu: T0 : 0x1a832    : c_sd a5, 24(a5)            : MemWrite :  D=0x000000000006fd18 A=0x6fd30
 863000: system.cpu: T0 : 0x1a834    : c_sd a5, 16(a5)            : MemWrite :  D=0x000000000006fd18 A=0x6fd28
 863500: system.cpu: T0 : 0x1a836    : c_addi a5, 16              : IntAlu :  D=0x000000000006fd28
 864000: system.cpu: T0 : 0x1a838    : bne a4, a5, -6             : IntAlu : 
 864500: system.cpu: T0 : 0x1a832    : c_sd a5, 24(a5)            : MemWrite :  D=0x000000000006fd28 A=0x6fd40
 865000: system.cpu: T0 : 0x1a834    : c_sd a5, 16(a5)            : MemWrite :  D=0x000000000006fd28 A=0x6fd38
 865500: system.cpu: T0 : 0x1a836    : c_addi a5, 16              : IntAlu :  D=0x000000000006fd38
 866000: system.cpu: T0 : 0x1a838    : bne a4, a5, -6             : IntAlu : 
 866500: system.cpu: T0 : 0x1a832    : c_sd a5, 24(a5)            : MemWrite :  D=0x000000000006fd38 A=0x6fd50
 867000: system.cpu: T0 : 0x1a834    : c_sd a5, 16(a5)            : MemWrite :  D=0x000000000006fd38 A=0x6fd48
 867500: system.cpu: T0 : 0x1a836    : c_addi a5, 16              : IntAlu :  D=0x000000000006fd48
 868000: system.cpu: T0 : 0x1a838    : bne a4, a5, -6             : IntAlu : 
 868500: system.cpu: T0 : 0x1a832    : c_sd a5, 24(a5)            : MemWrite :  D=0x000000000006fd48 A=0x6fd60
 869000: system.cpu: T0 : 0x1a834    : c_sd a5, 16(a5)            : MemWrite :  D=0x000000000006fd48 A=0x6fd58
 869500: system.cpu: T0 : 0x1a836    : c_addi a5, 16              : IntAlu :  D=0x000000000006fd58
 870000: system.cpu: T0 : 0x1a838    : bne a4, a5, -6             : IntAlu : 
 870500: system.cpu: T0 : 0x1a832    : c_sd a5, 24(a5)            : MemWrite :  D=0x000000000006fd58 A=0x6fd70
 871000: system.cpu: T0 : 0x1a834    : c_sd a5, 16(a5)            : MemWrite :  D=0x000000000006fd58 A=0x6fd68
 871500: system.cpu: T0 : 0x1a836    : c_addi a5, 16              : IntAlu :  D=0x000000000006fd68
 872000: system.cpu: T0 : 0x1a838    : bne a4, a5, -6             : IntAlu : 
 872500: system.cpu: T0 : 0x1a832    : c_sd a5, 24(a5)            : MemWrite :  D=0x000000000006fd68 A=0x6fd80
 873000: system.cpu: T0 : 0x1a834    : c_sd a5, 16(a5)            : MemWrite :  D=0x000000000006fd68 A=0x6fd78
 873500: system.cpu: T0 : 0x1a836    : c_addi a5, 16              : IntAlu :  D=0x000000000006fd78
 874000: system.cpu: T0 : 0x1a838    : bne a4, a5, -6             : IntAlu : 
 874500: system.cpu: T0 : 0x1a832    : c_sd a5, 24(a5)            : MemWrite :  D=0x000000000006fd78 A=0x6fd90
 875000: system.cpu: T0 : 0x1a834    : c_sd a5, 16(a5)            : MemWrite :  D=0x000000000006fd78 A=0x6fd88
 875500: system.cpu: T0 : 0x1a836    : c_addi a5, 16              : IntAlu :  D=0x000000000006fd88
 876000: system.cpu: T0 : 0x1a838    : bne a4, a5, -6             : IntAlu : 
 876500: system.cpu: T0 : 0x1a832    : c_sd a5, 24(a5)            : MemWrite :  D=0x000000000006fd88 A=0x6fda0
 877000: system.cpu: T0 : 0x1a834    : c_sd a5, 16(a5)            : MemWrite :  D=0x000000000006fd88 A=0x6fd98
 877500: system.cpu: T0 : 0x1a836    : c_addi a5, 16              : IntAlu :  D=0x000000000006fd98
 878000: system.cpu: T0 : 0x1a838    : bne a4, a5, -6             : IntAlu : 
 878500: system.cpu: T0 : 0x1a832    : c_sd a5, 24(a5)            : MemWrite :  D=0x000000000006fd98 A=0x6fdb0
 879000: system.cpu: T0 : 0x1a834    : c_sd a5, 16(a5)            : MemWrite :  D=0x000000000006fd98 A=0x6fda8
 879500: system.cpu: T0 : 0x1a836    : c_addi a5, 16              : IntAlu :  D=0x000000000006fda8
 880000: system.cpu: T0 : 0x1a838    : bne a4, a5, -6             : IntAlu : 
 880500: system.cpu: T0 : 0x1a832    : c_sd a5, 24(a5)            : MemWrite :  D=0x000000000006fda8 A=0x6fdc0
 881000: system.cpu: T0 : 0x1a834    : c_sd a5, 16(a5)            : MemWrite :  D=0x000000000006fda8 A=0x6fdb8
 881500: system.cpu: T0 : 0x1a836    : c_addi a5, 16              : IntAlu :  D=0x000000000006fdb8
 882000: system.cpu: T0 : 0x1a838    : bne a4, a5, -6             : IntAlu : 
 882500: system.cpu: T0 : 0x1a832    : c_sd a5, 24(a5)            : MemWrite :  D=0x000000000006fdb8 A=0x6fdd0
 883000: system.cpu: T0 : 0x1a834    : c_sd a5, 16(a5)            : MemWrite :  D=0x000000000006fdb8 A=0x6fdc8
 883500: system.cpu: T0 : 0x1a836    : c_addi a5, 16              : IntAlu :  D=0x000000000006fdc8
 884000: system.cpu: T0 : 0x1a838    : bne a4, a5, -6             : IntAlu : 
 884500: system.cpu: T0 : 0x1a832    : c_sd a5, 24(a5)            : MemWrite :  D=0x000000000006fdc8 A=0x6fde0
 885000: system.cpu: T0 : 0x1a834    : c_sd a5, 16(a5)            : MemWrite :  D=0x000000000006fdc8 A=0x6fdd8
 885500: system.cpu: T0 : 0x1a836    : c_addi a5, 16              : IntAlu :  D=0x000000000006fdd8
 886000: system.cpu: T0 : 0x1a838    : bne a4, a5, -6             : IntAlu : 
 886500: system.cpu: T0 : 0x1a832    : c_sd a5, 24(a5)            : MemWrite :  D=0x000000000006fdd8 A=0x6fdf0
 887000: system.cpu: T0 : 0x1a834    : c_sd a5, 16(a5)            : MemWrite :  D=0x000000000006fdd8 A=0x6fde8
 887500: system.cpu: T0 : 0x1a836    : c_addi a5, 16              : IntAlu :  D=0x000000000006fde8
 888000: system.cpu: T0 : 0x1a838    : bne a4, a5, -6             : IntAlu : 
 888500: system.cpu: T0 : 0x1a832    : c_sd a5, 24(a5)            : MemWrite :  D=0x000000000006fde8 A=0x6fe00
 889000: system.cpu: T0 : 0x1a834    : c_sd a5, 16(a5)            : MemWrite :  D=0x000000000006fde8 A=0x6fdf8
 889500: system.cpu: T0 : 0x1a836    : c_addi a5, 16              : IntAlu :  D=0x000000000006fdf8
 890000: system.cpu: T0 : 0x1a838    : bne a4, a5, -6             : IntAlu : 
 890500: system.cpu: T0 : 0x1a832    : c_sd a5, 24(a5)            : MemWrite :  D=0x000000000006fdf8 A=0x6fe10
 891000: system.cpu: T0 : 0x1a834    : c_sd a5, 16(a5)            : MemWrite :  D=0x000000000006fdf8 A=0x6fe08
 891500: system.cpu: T0 : 0x1a836    : c_addi a5, 16              : IntAlu :  D=0x000000000006fe08
 892000: system.cpu: T0 : 0x1a838    : bne a4, a5, -6             : IntAlu : 
 892500: system.cpu: T0 : 0x1a832    : c_sd a5, 24(a5)            : MemWrite :  D=0x000000000006fe08 A=0x6fe20
 893000: system.cpu: T0 : 0x1a834    : c_sd a5, 16(a5)            : MemWrite :  D=0x000000000006fe08 A=0x6fe18
 893500: system.cpu: T0 : 0x1a836    : c_addi a5, 16              : IntAlu :  D=0x000000000006fe18
 894000: system.cpu: T0 : 0x1a838    : bne a4, a5, -6             : IntAlu : 
 894500: system.cpu: T0 : 0x1a83c    : lui a5, 111                : IntAlu :  D=0x000000000006f000
 895000: system.cpu: T0 : 0x1a840    : addi a5, a5, 1480          : IntAlu :  D=0x000000000006f5c8
 895500: system.cpu: T0 : 0x1a844    : beq a0, a5, 24             : IntAlu : 
 896000: system.cpu: T0 : 0x1a85c    : addi a4, zero, 128         : IntAlu :  D=0x0000000000000080
 896500: system.cpu: T0 : 0x1a860    : sd a4, -1376(gp)           : MemWrite :  D=0x0000000000000080 A=0x70ac8
 897000: system.cpu: T0 : 0x1a864    : addi a5, a0, 8             : IntAlu :  D=0x000000000006f5d0
 897500: system.cpu: T0 : 0x1a868    : amoswap_w zero, zero, (a5)
 897500: system.cpu: T0 : 0x1a868. 0 : amoswap_w[l] zero, zero, (a5) : MemRead :  D=0x0000000000000000 A=0x6f5d0
 898000: system.cpu: T0 : 0x1a86c    : c_sd a3, 96(a0)            : MemWrite :  D=0x000000000006f628 A=0x6f628
 898500: system.cpu: T0 : 0x1a86e    : c_jr ra                    : IntAlu : 
 899000: system.cpu: T0 : 0x1ac2a    : c_lui a2, 27               : IntAlu :  D=0x000000000001b000
 899500: system.cpu: T0 : 0x1ac2c    : addi a2, a2, 888           : IntAlu :  D=0x000000000001b378
 900000: system.cpu: T0 : 0x1ac30    : c_mv a1, sp                : IntAlu :  D=0x7ffffffffffffbd0
 900500: system.cpu: T0 : 0x1ac32    : c_li a0, 19                : IntAlu :  D=0x0000000000000013
 901000: system.cpu: T0 : 0x1ac34    : jal ra, 30078              : IntAlu :  D=0x000000000001ac38
 901500: system.cpu: T0 : 0x221b2    : c_slli a0, 32              : IntAlu :  D=0x0000001300000000
 902000: system.cpu: T0 : 0x221b4    : c_srli a0, 32              : IntAlu :  D=0x0000000000000013
 903000: system.cpu: T0 : 0x221b6    : slli a5, a0, 3             : IntAlu :  D=0x0000000000000098
 903500: system.cpu: T0 : 0x221ba    : c_sub a5, a0               : IntAlu :  D=0x0000000000000085
 904000: system.cpu: T0 : 0x221bc    : lui a4, 111                : IntAlu :  D=0x000000000006f000
 904500: system.cpu: T0 : 0x221c0    : addi a4, a4, -1248         : IntAlu :  D=0x000000000006eb20
 905000: system.cpu: T0 : 0x221c4    : c_slli a5, 3               : IntAlu :  D=0x0000000000000428
 905500: system.cpu: T0 : 0x221c6    : c_add a5, a4               : IntAlu :  D=0x000000000006ef48
 906000: system.cpu: T0 : 0x221c8    : c_lw a3, 8(a5)             : MemRead :  D=0x0000000000000000 A=0x6ef50
 906500: system.cpu: T0 : 0x221ca    : c_li a6, 2                 : IntAlu :  D=0x0000000000000002
 907000: system.cpu: T0 : 0x221cc    : c_ld a5, 32(a5)            : MemRead :  D=0x0000000000000000 A=0x6ef68
 908000: system.cpu: T0 : 0x221ce    : bltu a6, a3, 42            : IntAlu : 
 908500: system.cpu: T0 : 0x221d2    : c_bnez a3, 38              : IntAlu : 
 909000: system.cpu: T0 : 0x221d4    : c_sw a5, 0(a1)             : MemWrite :  D=0x0000000000000000 A=0x7ffffffffffffbd0
 910000: system.cpu: T0 : 0x221d6    : slli a5, a0, 3             : IntAlu :  D=0x0000000000000098
 910500: system.cpu: T0 : 0x221da    : c_sub a5, a0               : IntAlu :  D=0x0000000000000085
 911000: system.cpu: T0 : 0x221dc    : c_slli a5, 3               : IntAlu :  D=0x0000000000000428
 912000: system.cpu: T0 : 0x221de    : add a3, a4, a5             : IntAlu :  D=0x000000000006ef48
 913000: system.cpu: T0 : 0x221e2    : lbu a3, 40(a3)             : MemRead :  D=0x0000000000000000 A=0x6ef70
 913500: system.cpu: T0 : 0x221e6    : c_beqz a3, 16              : IntAlu : 
 914000: system.cpu: T0 : 0x221f6    : c_jr ra                    : IntAlu : 
 914500: system.cpu: T0 : 0x1ac38    : c_lui a2, 26               : IntAlu :  D=0x000000000001a000
 915500: system.cpu: T0 : 0x1ac3a    : addi a2, a2, 1212          : IntAlu :  D=0x000000000001a4bc
 916000: system.cpu: T0 : 0x1ac3e    : c_mv a1, sp                : IntAlu :  D=0x7ffffffffffffbd0
 916500: system.cpu: T0 : 0x1ac40    : c_li a0, 7                 : IntAlu :  D=0x0000000000000007
 917500: system.cpu: T0 : 0x1ac42    : jal ra, 30064              : IntAlu :  D=0x000000000001ac46
 918000: system.cpu: T0 : 0x221b2    : c_slli a0, 32              : IntAlu :  D=0x0000000700000000
 918500: system.cpu: T0 : 0x221b4    : c_srli a0, 32              : IntAlu :  D=0x0000000000000007
 919500: system.cpu: T0 : 0x221b6    : slli a5, a0, 3             : IntAlu :  D=0x0000000000000038
 920000: system.cpu: T0 : 0x221ba    : c_sub a5, a0               : IntAlu :  D=0x0000000000000031
 920500: system.cpu: T0 : 0x221bc    : lui a4, 111                : IntAlu :  D=0x000000000006f000
 921000: system.cpu: T0 : 0x221c0    : addi a4, a4, -1248         : IntAlu :  D=0x000000000006eb20
 921500: system.cpu: T0 : 0x221c4    : c_slli a5, 3               : IntAlu :  D=0x0000000000000188
 922000: system.cpu: T0 : 0x221c6    : c_add a5, a4               : IntAlu :  D=0x000000000006eca8
 922500: system.cpu: T0 : 0x221c8    : c_lw a3, 8(a5)             : MemRead :  D=0x0000000000000002 A=0x6ecb0
 923000: system.cpu: T0 : 0x221ca    : c_li a6, 2                 : IntAlu :  D=0x0000000000000002
 923500: system.cpu: T0 : 0x221cc    : c_ld a5, 32(a5)            : MemRead :  D=0x0000000000000000 A=0x6ecc8
 924500: system.cpu: T0 : 0x221ce    : bltu a6, a3, 42            : IntAlu : 
 925000: system.cpu: T0 : 0x221d2    : c_bnez a3, 38              : IntAlu : 
 925500: system.cpu: T0 : 0x221f8    : c_sd a5, 0(a1)             : MemWrite :  D=0x0000000000000000 A=0x7ffffffffffffbd0
 926000: system.cpu: T0 : 0x221fa    : c_j -36                    : IntAlu : 
 927000: system.cpu: T0 : 0x221d6    : slli a5, a0, 3             : IntAlu :  D=0x0000000000000038
 927500: system.cpu: T0 : 0x221da    : c_sub a5, a0               : IntAlu :  D=0x0000000000000031
 928000: system.cpu: T0 : 0x221dc    : c_slli a5, 3               : IntAlu :  D=0x0000000000000188
 929000: system.cpu: T0 : 0x221de    : add a3, a4, a5             : IntAlu :  D=0x000000000006eca8
 930000: system.cpu: T0 : 0x221e2    : lbu a3, 40(a3)             : MemRead :  D=0x0000000000000000 A=0x6ecd0
 930500: system.cpu: T0 : 0x221e6    : c_beqz a3, 16              : IntAlu : 
 931000: system.cpu: T0 : 0x221f6    : c_jr ra                    : IntAlu : 
 931500: system.cpu: T0 : 0x1ac46    : c_lui a2, 26               : IntAlu :  D=0x000000000001a000
 932000: system.cpu: T0 : 0x1ac48    : addi a2, a2, 1230          : IntAlu :  D=0x000000000001a4ce
 932500: system.cpu: T0 : 0x1ac4c    : c_mv a1, sp                : IntAlu :  D=0x7ffffffffffffbd0
 933000: system.cpu: T0 : 0x1ac4e    : c_li a0, 2                 : IntAlu :  D=0x0000000000000002
 933500: system.cpu: T0 : 0x1ac50    : jal ra, 30050              : IntAlu :  D=0x000000000001ac54
 934000: system.cpu: T0 : 0x221b2    : c_slli a0, 32              : IntAlu :  D=0x0000000200000000
 934500: system.cpu: T0 : 0x221b4    : c_srli a0, 32              : IntAlu :  D=0x0000000000000002
 935500: system.cpu: T0 : 0x221b6    : slli a5, a0, 3             : IntAlu :  D=0x0000000000000010
 936000: system.cpu: T0 : 0x221ba    : c_sub a5, a0               : IntAlu :  D=0x000000000000000e
 936500: system.cpu: T0 : 0x221bc    : lui a4, 111                : IntAlu :  D=0x000000000006f000
 937000: system.cpu: T0 : 0x221c0    : addi a4, a4, -1248         : IntAlu :  D=0x000000000006eb20
 937500: system.cpu: T0 : 0x221c4    : c_slli a5, 3               : IntAlu :  D=0x0000000000000070
 938000: system.cpu: T0 : 0x221c6    : c_add a5, a4               : IntAlu :  D=0x000000000006eb90
 938500: system.cpu: T0 : 0x221c8    : c_lw a3, 8(a5)             : MemRead :  D=0x0000000000000000 A=0x6eb98
 939000: system.cpu: T0 : 0x221ca    : c_li a6, 2                 : IntAlu :  D=0x0000000000000002
 939500: system.cpu: T0 : 0x221cc    : c_ld a5, 32(a5)            : MemRead :  D=0x0000000000000000 A=0x6ebb0
 940500: system.cpu: T0 : 0x221ce    : bltu a6, a3, 42            : IntAlu : 
 941000: system.cpu: T0 : 0x221d2    : c_bnez a3, 38              : IntAlu : 
 941500: system.cpu: T0 : 0x221d4    : c_sw a5, 0(a1)             : MemWrite :  D=0x0000000000000000 A=0x7ffffffffffffbd0
 942500: system.cpu: T0 : 0x221d6    : slli a5, a0, 3             : IntAlu :  D=0x0000000000000010
 943000: system.cpu: T0 : 0x221da    : c_sub a5, a0               : IntAlu :  D=0x000000000000000e
 943500: system.cpu: T0 : 0x221dc    : c_slli a5, 3               : IntAlu :  D=0x0000000000000070
 944500: system.cpu: T0 : 0x221de    : add a3, a4, a5             : IntAlu :  D=0x000000000006eb90
 945500: system.cpu: T0 : 0x221e2    : lbu a3, 40(a3)             : MemRead :  D=0x0000000000000000 A=0x6ebb8
 946000: system.cpu: T0 : 0x221e6    : c_beqz a3, 16              : IntAlu : 
 946500: system.cpu: T0 : 0x221f6    : c_jr ra                    : IntAlu : 
 947000: system.cpu: T0 : 0x1ac54    : c_lui a2, 26               : IntAlu :  D=0x000000000001a000
 948000: system.cpu: T0 : 0x1ac56    : addi a2, a2, 1166          : IntAlu :  D=0x000000000001a48e
 948500: system.cpu: T0 : 0x1ac5a    : c_mv a1, sp                : IntAlu :  D=0x7ffffffffffffbd0
 949000: system.cpu: T0 : 0x1ac5c    : c_li a0, 14                : IntAlu :  D=0x000000000000000e
 950000: system.cpu: T0 : 0x1ac5e    : jal ra, 30036              : IntAlu :  D=0x000000000001ac62
 950500: system.cpu: T0 : 0x221b2    : c_slli a0, 32              : IntAlu :  D=0x0000000e00000000
 951000: system.cpu: T0 : 0x221b4    : c_srli a0, 32              : IntAlu :  D=0x000000000000000e
 952000: system.cpu: T0 : 0x221b6    : slli a5, a0, 3             : IntAlu :  D=0x0000000000000070
 952500: system.cpu: T0 : 0x221ba    : c_sub a5, a0               : IntAlu :  D=0x0000000000000062
 953000: system.cpu: T0 : 0x221bc    : lui a4, 111                : IntAlu :  D=0x000000000006f000
 953500: system.cpu: T0 : 0x221c0    : addi a4, a4, -1248         : IntAlu :  D=0x000000000006eb20
 954000: system.cpu: T0 : 0x221c4    : c_slli a5, 3               : IntAlu :  D=0x0000000000000310
 954500: system.cpu: T0 : 0x221c6    : c_add a5, a4               : IntAlu :  D=0x000000000006ee30
 955000: system.cpu: T0 : 0x221c8    : c_lw a3, 8(a5)             : MemRead :  D=0x0000000000000002 A=0x6ee38
 955500: system.cpu: T0 : 0x221ca    : c_li a6, 2                 : IntAlu :  D=0x0000000000000002
 956000: system.cpu: T0 : 0x221cc    : c_ld a5, 32(a5)            : MemRead :  D=0x0000000000000000 A=0x6ee50
 957000: system.cpu: T0 : 0x221ce    : bltu a6, a3, 42            : IntAlu : 
 957500: system.cpu: T0 : 0x221d2    : c_bnez a3, 38              : IntAlu : 
 958000: system.cpu: T0 : 0x221f8    : c_sd a5, 0(a1)             : MemWrite :  D=0x0000000000000000 A=0x7ffffffffffffbd0
 958500: system.cpu: T0 : 0x221fa    : c_j -36                    : IntAlu : 
 959500: system.cpu: T0 : 0x221d6    : slli a5, a0, 3             : IntAlu :  D=0x0000000000000070
 960000: system.cpu: T0 : 0x221da    : c_sub a5, a0               : IntAlu :  D=0x0000000000000062
 960500: system.cpu: T0 : 0x221dc    : c_slli a5, 3               : IntAlu :  D=0x0000000000000310
 961500: system.cpu: T0 : 0x221de    : add a3, a4, a5             : IntAlu :  D=0x000000000006ee30
 962500: system.cpu: T0 : 0x221e2    : lbu a3, 40(a3)             : MemRead :  D=0x0000000000000000 A=0x6ee58
 963000: system.cpu: T0 : 0x221e6    : c_beqz a3, 16              : IntAlu : 
 963500: system.cpu: T0 : 0x221f6    : c_jr ra                    : IntAlu : 
 964000: system.cpu: T0 : 0x1ac62    : c_lui a2, 26               : IntAlu :  D=0x000000000001a000
 964500: system.cpu: T0 : 0x1ac64    : addi a2, a2, 1238          : IntAlu :  D=0x000000000001a4d6
 965000: system.cpu: T0 : 0x1ac68    : c_mv a1, sp                : IntAlu :  D=0x7ffffffffffffbd0
 965500: system.cpu: T0 : 0x1ac6a    : c_li a0, 1                 : IntAlu :  D=0x0000000000000001
 966000: system.cpu: T0 : 0x1ac6c    : jal ra, 30022              : IntAlu :  D=0x000000000001ac70
 966500: system.cpu: T0 : 0x221b2    : c_slli a0, 32              : IntAlu :  D=0x0000000100000000
 967000: system.cpu: T0 : 0x221b4    : c_srli a0, 32              : IntAlu :  D=0x0000000000000001
 968000: system.cpu: T0 : 0x221b6    : slli a5, a0, 3             : IntAlu :  D=0x0000000000000008
 968500: system.cpu: T0 : 0x221ba    : c_sub a5, a0               : IntAlu :  D=0x0000000000000007
 969000: system.cpu: T0 : 0x221bc    : lui a4, 111                : IntAlu :  D=0x000000000006f000
 969500: system.cpu: T0 : 0x221c0    : addi a4, a4, -1248         : IntAlu :  D=0x000000000006eb20
 970000: system.cpu: T0 : 0x221c4    : c_slli a5, 3               : IntAlu :  D=0x0000000000000038
 970500: system.cpu: T0 : 0x221c6    : c_add a5, a4               : IntAlu :  D=0x000000000006eb58
 971000: system.cpu: T0 : 0x221c8    : c_lw a3, 8(a5)             : MemRead :  D=0x0000000000000002 A=0x6eb60
 971500: system.cpu: T0 : 0x221ca    : c_li a6, 2                 : IntAlu :  D=0x0000000000000002
 972000: system.cpu: T0 : 0x221cc    : c_ld a5, 32(a5)            : MemRead :  D=0x0000000000000000 A=0x6eb78
 973000: system.cpu: T0 : 0x221ce    : bltu a6, a3, 42            : IntAlu : 
 973500: system.cpu: T0 : 0x221d2    : c_bnez a3, 38              : IntAlu : 
 974000: system.cpu: T0 : 0x221f8    : c_sd a5, 0(a1)             : MemWrite :  D=0x0000000000000000 A=0x7ffffffffffffbd0
 974500: system.cpu: T0 : 0x221fa    : c_j -36                    : IntAlu : 
 975500: system.cpu: T0 : 0x221d6    : slli a5, a0, 3             : IntAlu :  D=0x0000000000000008
 976000: system.cpu: T0 : 0x221da    : c_sub a5, a0               : IntAlu :  D=0x0000000000000007
 976500: system.cpu: T0 : 0x221dc    : c_slli a5, 3               : IntAlu :  D=0x0000000000000038
 977500: system.cpu: T0 : 0x221de    : add a3, a4, a5             : IntAlu :  D=0x000000000006eb58
 978500: system.cpu: T0 : 0x221e2    : lbu a3, 40(a3)             : MemRead :  D=0x0000000000000000 A=0x6eb80
 979000: system.cpu: T0 : 0x221e6    : c_beqz a3, 16              : IntAlu : 
 979500: system.cpu: T0 : 0x221f6    : c_jr ra                    : IntAlu : 
 980000: system.cpu: T0 : 0x1ac70    : c_lui a2, 26               : IntAlu :  D=0x000000000001a000
 981000: system.cpu: T0 : 0x1ac72    : addi a2, a2, 1194          : IntAlu :  D=0x000000000001a4aa
 981500: system.cpu: T0 : 0x1ac76    : c_mv a1, sp                : IntAlu :  D=0x7ffffffffffffbd0
 982000: system.cpu: T0 : 0x1ac78    : c_li a0, 9                 : IntAlu :  D=0x0000000000000009
 983000: system.cpu: T0 : 0x1ac7a    : jal ra, 30008              : IntAlu :  D=0x000000000001ac7e
 983500: system.cpu: T0 : 0x221b2    : c_slli a0, 32              : IntAlu :  D=0x0000000900000000
 984000: system.cpu: T0 : 0x221b4    : c_srli a0, 32              : IntAlu :  D=0x0000000000000009
 985000: system.cpu: T0 : 0x221b6    : slli a5, a0, 3             : IntAlu :  D=0x0000000000000048
 985500: system.cpu: T0 : 0x221ba    : c_sub a5, a0               : IntAlu :  D=0x000000000000003f
 986000: system.cpu: T0 : 0x221bc    : lui a4, 111                : IntAlu :  D=0x000000000006f000
 986500: system.cpu: T0 : 0x221c0    : addi a4, a4, -1248         : IntAlu :  D=0x000000000006eb20
 987000: system.cpu: T0 : 0x221c4    : c_slli a5, 3               : IntAlu :  D=0x00000000000001f8
 987500: system.cpu: T0 : 0x221c6    : c_add a5, a4               : IntAlu :  D=0x000000000006ed18
 988000: system.cpu: T0 : 0x221c8    : c_lw a3, 8(a5)             : MemRead :  D=0x0000000000000000 A=0x6ed20
 988500: system.cpu: T0 : 0x221ca    : c_li a6, 2                 : IntAlu :  D=0x0000000000000002
 989000: system.cpu: T0 : 0x221cc    : c_ld a5, 32(a5)            : MemRead :  D=0x0000000000000000 A=0x6ed38
 990000: system.cpu: T0 : 0x221ce    : bltu a6, a3, 42            : IntAlu : 
 990500: system.cpu: T0 : 0x221d2    : c_bnez a3, 38              : IntAlu : 
 991000: system.cpu: T0 : 0x221d4    : c_sw a5, 0(a1)             : MemWrite :  D=0x0000000000000000 A=0x7ffffffffffffbd0
 992000: system.cpu: T0 : 0x221d6    : slli a5, a0, 3             : IntAlu :  D=0x0000000000000048
 992500: system.cpu: T0 : 0x221da    : c_sub a5, a0               : IntAlu :  D=0x000000000000003f
 993000: system.cpu: T0 : 0x221dc    : c_slli a5, 3               : IntAlu :  D=0x00000000000001f8
 994000: system.cpu: T0 : 0x221de    : add a3, a4, a5             : IntAlu :  D=0x000000000006ed18
 995000: system.cpu: T0 : 0x221e2    : lbu a3, 40(a3)             : MemRead :  D=0x0000000000000000 A=0x6ed40
 995500: system.cpu: T0 : 0x221e6    : c_beqz a3, 16              : IntAlu : 
 996000: system.cpu: T0 : 0x221f6    : c_jr ra                    : IntAlu : 
 996500: system.cpu: T0 : 0x1ac7e    : c_lui a2, 26               : IntAlu :  D=0x000000000001a000
 997000: system.cpu: T0 : 0x1ac80    : addi a2, a2, 1256          : IntAlu :  D=0x000000000001a4e8
 997500: system.cpu: T0 : 0x1ac84    : c_mv a1, sp                : IntAlu :  D=0x7ffffffffffffbd0
 998000: system.cpu: T0 : 0x1ac86    : c_li a0, 13                : IntAlu :  D=0x000000000000000d
 998500: system.cpu: T0 : 0x1ac88    : jal ra, 29994              : IntAlu :  D=0x000000000001ac8c
 999000: system.cpu: T0 : 0x221b2    : c_slli a0, 32              : IntAlu :  D=0x0000000d00000000
 999500: system.cpu: T0 : 0x221b4    : c_srli a0, 32              : IntAlu :  D=0x000000000000000d
1000500: system.cpu: T0 : 0x221b6    : slli a5, a0, 3             : IntAlu :  D=0x0000000000000068
1001000: system.cpu: T0 : 0x221ba    : c_sub a5, a0               : IntAlu :  D=0x000000000000005b
1001500: system.cpu: T0 : 0x221bc    : lui a4, 111                : IntAlu :  D=0x000000000006f000
1002000: system.cpu: T0 : 0x221c0    : addi a4, a4, -1248         : IntAlu :  D=0x000000000006eb20
1002500: system.cpu: T0 : 0x221c4    : c_slli a5, 3               : IntAlu :  D=0x00000000000002d8
1003000: system.cpu: T0 : 0x221c6    : c_add a5, a4               : IntAlu :  D=0x000000000006edf8
1003500: system.cpu: T0 : 0x221c8    : c_lw a3, 8(a5)             : MemRead :  D=0x0000000000000002 A=0x6ee00
1004000: system.cpu: T0 : 0x221ca    : c_li a6, 2                 : IntAlu :  D=0x0000000000000002
1004500: system.cpu: T0 : 0x221cc    : c_ld a5, 32(a5)            : MemRead :  D=0x0000000000000000 A=0x6ee18
1005500: system.cpu: T0 : 0x221ce    : bltu a6, a3, 42            : IntAlu : 
1006000: system.cpu: T0 : 0x221d2    : c_bnez a3, 38              : IntAlu : 
1006500: system.cpu: T0 : 0x221f8    : c_sd a5, 0(a1)             : MemWrite :  D=0x0000000000000000 A=0x7ffffffffffffbd0
1007000: system.cpu: T0 : 0x221fa    : c_j -36                    : IntAlu : 
1008000: system.cpu: T0 : 0x221d6    : slli a5, a0, 3             : IntAlu :  D=0x0000000000000068
1008500: system.cpu: T0 : 0x221da    : c_sub a5, a0               : IntAlu :  D=0x000000000000005b
1009000: system.cpu: T0 : 0x221dc    : c_slli a5, 3               : IntAlu :  D=0x00000000000002d8
1010000: system.cpu: T0 : 0x221de    : add a3, a4, a5             : IntAlu :  D=0x000000000006edf8
1011000: system.cpu: T0 : 0x221e2    : lbu a3, 40(a3)             : MemRead :  D=0x0000000000000000 A=0x6ee20
1011500: system.cpu: T0 : 0x221e6    : c_beqz a3, 16              : IntAlu : 
1012000: system.cpu: T0 : 0x221f6    : c_jr ra                    : IntAlu : 
1012500: system.cpu: T0 : 0x1ac8c    : c_lui a2, 26               : IntAlu :  D=0x000000000001a000
1013500: system.cpu: T0 : 0x1ac8e    : addi a2, a2, 1268          : IntAlu :  D=0x000000000001a4f4
1014000: system.cpu: T0 : 0x1ac92    : c_mv a1, sp                : IntAlu :  D=0x7ffffffffffffbd0
1014500: system.cpu: T0 : 0x1ac94    : c_li a0, 16                : IntAlu :  D=0x0000000000000010
1015500: system.cpu: T0 : 0x1ac96    : jal ra, 29980              : IntAlu :  D=0x000000000001ac9a
1016000: system.cpu: T0 : 0x221b2    : c_slli a0, 32              : IntAlu :  D=0x0000001000000000
1016500: system.cpu: T0 : 0x221b4    : c_srli a0, 32              : IntAlu :  D=0x0000000000000010
1017500: system.cpu: T0 : 0x221b6    : slli a5, a0, 3             : IntAlu :  D=0x0000000000000080
1018000: system.cpu: T0 : 0x221ba    : c_sub a5, a0               : IntAlu :  D=0x0000000000000070
1018500: system.cpu: T0 : 0x221bc    : lui a4, 111                : IntAlu :  D=0x000000000006f000
1019000: system.cpu: T0 : 0x221c0    : addi a4, a4, -1248         : IntAlu :  D=0x000000000006eb20
1019500: system.cpu: T0 : 0x221c4    : c_slli a5, 3               : IntAlu :  D=0x0000000000000380
1020000: system.cpu: T0 : 0x221c6    : c_add a5, a4               : IntAlu :  D=0x000000000006eea0
1020500: system.cpu: T0 : 0x221c8    : c_lw a3, 8(a5)             : MemRead :  D=0x0000000000000002 A=0x6eea8
1021000: system.cpu: T0 : 0x221ca    : c_li a6, 2                 : IntAlu :  D=0x0000000000000002
1021500: system.cpu: T0 : 0x221cc    : c_ld a5, 32(a5)            : MemRead :  D=0x0000000000000000 A=0x6eec0
1022500: system.cpu: T0 : 0x221ce    : bltu a6, a3, 42            : IntAlu : 
1023000: system.cpu: T0 : 0x221d2    : c_bnez a3, 38              : IntAlu : 
1023500: system.cpu: T0 : 0x221f8    : c_sd a5, 0(a1)             : MemWrite :  D=0x0000000000000000 A=0x7ffffffffffffbd0
1024000: system.cpu: T0 : 0x221fa    : c_j -36                    : IntAlu : 
1025000: system.cpu: T0 : 0x221d6    : slli a5, a0, 3             : IntAlu :  D=0x0000000000000080
1025500: system.cpu: T0 : 0x221da    : c_sub a5, a0               : IntAlu :  D=0x0000000000000070
1026000: system.cpu: T0 : 0x221dc    : c_slli a5, 3               : IntAlu :  D=0x0000000000000380
1027000: system.cpu: T0 : 0x221de    : add a3, a4, a5             : IntAlu :  D=0x000000000006eea0
1028000: system.cpu: T0 : 0x221e2    : lbu a3, 40(a3)             : MemRead :  D=0x0000000000000000 A=0x6eec8
1028500: system.cpu: T0 : 0x221e6    : c_beqz a3, 16              : IntAlu : 
1029000: system.cpu: T0 : 0x221f6    : c_jr ra                    : IntAlu : 
1029500: system.cpu: T0 : 0x1ac9a    : c_lui a2, 26               : IntAlu :  D=0x000000000001a000
1030000: system.cpu: T0 : 0x1ac9c    : addi a2, a2, 1280          : IntAlu :  D=0x000000000001a500
1030500: system.cpu: T0 : 0x1aca0    : c_mv a1, sp                : IntAlu :  D=0x7ffffffffffffbd0
1031000: system.cpu: T0 : 0x1aca2    : c_li a0, 18                : IntAlu :  D=0x0000000000000012
1031500: system.cpu: T0 : 0x1aca4    : jal ra, 29966              : IntAlu :  D=0x000000000001aca8
1032000: system.cpu: T0 : 0x221b2    : c_slli a0, 32              : IntAlu :  D=0x0000001200000000
1032500: system.cpu: T0 : 0x221b4    : c_srli a0, 32              : IntAlu :  D=0x0000000000000012
1033500: system.cpu: T0 : 0x221b6    : slli a5, a0, 3             : IntAlu :  D=0x0000000000000090
1034000: system.cpu: T0 : 0x221ba    : c_sub a5, a0               : IntAlu :  D=0x000000000000007e
1034500: system.cpu: T0 : 0x221bc    : lui a4, 111                : IntAlu :  D=0x000000000006f000
1035000: system.cpu: T0 : 0x221c0    : addi a4, a4, -1248         : IntAlu :  D=0x000000000006eb20
1035500: system.cpu: T0 : 0x221c4    : c_slli a5, 3               : IntAlu :  D=0x00000000000003f0
1036000: system.cpu: T0 : 0x221c6    : c_add a5, a4               : IntAlu :  D=0x000000000006ef10
1036500: system.cpu: T0 : 0x221c8    : c_lw a3, 8(a5)             : MemRead :  D=0x0000000000000002 A=0x6ef18
1037000: system.cpu: T0 : 0x221ca    : c_li a6, 2                 : IntAlu :  D=0x0000000000000002
1037500: system.cpu: T0 : 0x221cc    : c_ld a5, 32(a5)            : MemRead :  D=0x0000000000000000 A=0x6ef30
1038500: system.cpu: T0 : 0x221ce    : bltu a6, a3, 42            : IntAlu : 
1039000: system.cpu: T0 : 0x221d2    : c_bnez a3, 38              : IntAlu : 
1039500: system.cpu: T0 : 0x221f8    : c_sd a5, 0(a1)             : MemWrite :  D=0x0000000000000000 A=0x7ffffffffffffbd0
1040000: system.cpu: T0 : 0x221fa    : c_j -36                    : IntAlu : 
1041000: system.cpu: T0 : 0x221d6    : slli a5, a0, 3             : IntAlu :  D=0x0000000000000090
1041500: system.cpu: T0 : 0x221da    : c_sub a5, a0               : IntAlu :  D=0x000000000000007e
1042000: system.cpu: T0 : 0x221dc    : c_slli a5, 3               : IntAlu :  D=0x00000000000003f0
1043000: system.cpu: T0 : 0x221de    : add a3, a4, a5             : IntAlu :  D=0x000000000006ef10
1044000: system.cpu: T0 : 0x221e2    : lbu a3, 40(a3)             : MemRead :  D=0x0000000000000000 A=0x6ef38
1044500: system.cpu: T0 : 0x221e6    : c_beqz a3, 16              : IntAlu : 
1045000: system.cpu: T0 : 0x221f6    : c_jr ra                    : IntAlu : 
1045500: system.cpu: T0 : 0x1aca8    : c_lui a2, 26               : IntAlu :  D=0x000000000001a000
1046500: system.cpu: T0 : 0x1acaa    : addi a2, a2, 1326          : IntAlu :  D=0x000000000001a52e
1047000: system.cpu: T0 : 0x1acae    : c_mv a1, sp                : IntAlu :  D=0x7ffffffffffffbd0
1047500: system.cpu: T0 : 0x1acb0    : c_li a0, 15                : IntAlu :  D=0x000000000000000f
1048500: system.cpu: T0 : 0x1acb2    : jal ra, 29952              : IntAlu :  D=0x000000000001acb6
1049000: system.cpu: T0 : 0x221b2    : c_slli a0, 32              : IntAlu :  D=0x0000000f00000000
1049500: system.cpu: T0 : 0x221b4    : c_srli a0, 32              : IntAlu :  D=0x000000000000000f
1050500: system.cpu: T0 : 0x221b6    : slli a5, a0, 3             : IntAlu :  D=0x0000000000000078
1051000: system.cpu: T0 : 0x221ba    : c_sub a5, a0               : IntAlu :  D=0x0000000000000069
1051500: system.cpu: T0 : 0x221bc    : lui a4, 111                : IntAlu :  D=0x000000000006f000
1052000: system.cpu: T0 : 0x221c0    : addi a4, a4, -1248         : IntAlu :  D=0x000000000006eb20
1052500: system.cpu: T0 : 0x221c4    : c_slli a5, 3               : IntAlu :  D=0x0000000000000348
1053000: system.cpu: T0 : 0x221c6    : c_add a5, a4               : IntAlu :  D=0x000000000006ee68
1053500: system.cpu: T0 : 0x221c8    : c_lw a3, 8(a5)             : MemRead :  D=0x0000000000000002 A=0x6ee70
1054000: system.cpu: T0 : 0x221ca    : c_li a6, 2                 : IntAlu :  D=0x0000000000000002
1054500: system.cpu: T0 : 0x221cc    : c_ld a5, 32(a5)            : MemRead :  D=0x0000000000000000 A=0x6ee88
1055500: system.cpu: T0 : 0x221ce    : bltu a6, a3, 42            : IntAlu : 
1056000: system.cpu: T0 : 0x221d2    : c_bnez a3, 38              : IntAlu : 
1056500: system.cpu: T0 : 0x221f8    : c_sd a5, 0(a1)             : MemWrite :  D=0x0000000000000000 A=0x7ffffffffffffbd0
1057000: system.cpu: T0 : 0x221fa    : c_j -36                    : IntAlu : 
1058000: system.cpu: T0 : 0x221d6    : slli a5, a0, 3             : IntAlu :  D=0x0000000000000078
1058500: system.cpu: T0 : 0x221da    : c_sub a5, a0               : IntAlu :  D=0x0000000000000069
1059000: system.cpu: T0 : 0x221dc    : c_slli a5, 3               : IntAlu :  D=0x0000000000000348
1060000: system.cpu: T0 : 0x221de    : add a3, a4, a5             : IntAlu :  D=0x000000000006ee68
1061000: system.cpu: T0 : 0x221e2    : lbu a3, 40(a3)             : MemRead :  D=0x0000000000000000 A=0x6ee90
1061500: system.cpu: T0 : 0x221e6    : c_beqz a3, 16              : IntAlu : 
1062000: system.cpu: T0 : 0x221f6    : c_jr ra                    : IntAlu : 
1062500: system.cpu: T0 : 0x1acb6    : c_lui a2, 26               : IntAlu :  D=0x000000000001a000
1063000: system.cpu: T0 : 0x1acb8    : addi a2, a2, 1346          : IntAlu :  D=0x000000000001a542
1063500: system.cpu: T0 : 0x1acbc    : c_mv a1, sp                : IntAlu :  D=0x7ffffffffffffbd0
1064000: system.cpu: T0 : 0x1acbe    : c_li a0, 11                : IntAlu :  D=0x000000000000000b
1064500: system.cpu: T0 : 0x1acc0    : jal ra, 29938              : IntAlu :  D=0x000000000001acc4
1065000: system.cpu: T0 : 0x221b2    : c_slli a0, 32              : IntAlu :  D=0x0000000b00000000
1065500: system.cpu: T0 : 0x221b4    : c_srli a0, 32              : IntAlu :  D=0x000000000000000b
1066500: system.cpu: T0 : 0x221b6    : slli a5, a0, 3             : IntAlu :  D=0x0000000000000058
1067000: system.cpu: T0 : 0x221ba    : c_sub a5, a0               : IntAlu :  D=0x000000000000004d
1067500: system.cpu: T0 : 0x221bc    : lui a4, 111                : IntAlu :  D=0x000000000006f000
1068000: system.cpu: T0 : 0x221c0    : addi a4, a4, -1248         : IntAlu :  D=0x000000000006eb20
1068500: system.cpu: T0 : 0x221c4    : c_slli a5, 3               : IntAlu :  D=0x0000000000000268
1069000: system.cpu: T0 : 0x221c6    : c_add a5, a4               : IntAlu :  D=0x000000000006ed88
1069500: system.cpu: T0 : 0x221c8    : c_lw a3, 8(a5)             : MemRead :  D=0x0000000000000002 A=0x6ed90
1070000: system.cpu: T0 : 0x221ca    : c_li a6, 2                 : IntAlu :  D=0x0000000000000002
1070500: system.cpu: T0 : 0x221cc    : c_ld a5, 32(a5)            : MemRead :  D=0x0000000000000000 A=0x6eda8
1071500: system.cpu: T0 : 0x221ce    : bltu a6, a3, 42            : IntAlu : 
1072000: system.cpu: T0 : 0x221d2    : c_bnez a3, 38              : IntAlu : 
1072500: system.cpu: T0 : 0x221f8    : c_sd a5, 0(a1)             : MemWrite :  D=0x0000000000000000 A=0x7ffffffffffffbd0
1073000: system.cpu: T0 : 0x221fa    : c_j -36                    : IntAlu : 
1074000: system.cpu: T0 : 0x221d6    : slli a5, a0, 3             : IntAlu :  D=0x0000000000000058
1074500: system.cpu: T0 : 0x221da    : c_sub a5, a0               : IntAlu :  D=0x000000000000004d
1075000: system.cpu: T0 : 0x221dc    : c_slli a5, 3               : IntAlu :  D=0x0000000000000268
1076000: system.cpu: T0 : 0x221de    : add a3, a4, a5             : IntAlu :  D=0x000000000006ed88
1077000: system.cpu: T0 : 0x221e2    : lbu a3, 40(a3)             : MemRead :  D=0x0000000000000000 A=0x6edb0
1077500: system.cpu: T0 : 0x221e6    : c_beqz a3, 16              : IntAlu : 
1078000: system.cpu: T0 : 0x221f6    : c_jr ra                    : IntAlu : 
1078500: system.cpu: T0 : 0x1acc4    : c_lui a2, 26               : IntAlu :  D=0x000000000001a000
1079500: system.cpu: T0 : 0x1acc6    : addi a2, a2, 1358          : IntAlu :  D=0x000000000001a54e
1080000: system.cpu: T0 : 0x1acca    : c_mv a1, sp                : IntAlu :  D=0x7ffffffffffffbd0
1080500: system.cpu: T0 : 0x1accc    : c_li a0, 5                 : IntAlu :  D=0x0000000000000005
1081500: system.cpu: T0 : 0x1acce    : jal ra, 29924              : IntAlu :  D=0x000000000001acd2
1082000: system.cpu: T0 : 0x221b2    : c_slli a0, 32              : IntAlu :  D=0x0000000500000000
1082500: system.cpu: T0 : 0x221b4    : c_srli a0, 32              : IntAlu :  D=0x0000000000000005
1083500: system.cpu: T0 : 0x221b6    : slli a5, a0, 3             : IntAlu :  D=0x0000000000000028
1084000: system.cpu: T0 : 0x221ba    : c_sub a5, a0               : IntAlu :  D=0x0000000000000023
1084500: system.cpu: T0 : 0x221bc    : lui a4, 111                : IntAlu :  D=0x000000000006f000
1085000: system.cpu: T0 : 0x221c0    : addi a4, a4, -1248         : IntAlu :  D=0x000000000006eb20
1085500: system.cpu: T0 : 0x221c4    : c_slli a5, 3               : IntAlu :  D=0x0000000000000118
1086000: system.cpu: T0 : 0x221c6    : c_add a5, a4               : IntAlu :  D=0x000000000006ec38
1086500: system.cpu: T0 : 0x221c8    : c_lw a3, 8(a5)             : MemRead :  D=0x0000000000000002 A=0x6ec40
1087000: system.cpu: T0 : 0x221ca    : c_li a6, 2                 : IntAlu :  D=0x0000000000000002
1087500: system.cpu: T0 : 0x221cc    : c_ld a5, 32(a5)            : MemRead :  D=0x0000000000000000 A=0x6ec58
1088500: system.cpu: T0 : 0x221ce    : bltu a6, a3, 42            : IntAlu : 
1089000: system.cpu: T0 : 0x221d2    : c_bnez a3, 38              : IntAlu : 
1089500: system.cpu: T0 : 0x221f8    : c_sd a5, 0(a1)             : MemWrite :  D=0x0000000000000000 A=0x7ffffffffffffbd0
1090000: system.cpu: T0 : 0x221fa    : c_j -36                    : IntAlu : 
1091000: system.cpu: T0 : 0x221d6    : slli a5, a0, 3             : IntAlu :  D=0x0000000000000028
1091500: system.cpu: T0 : 0x221da    : c_sub a5, a0               : IntAlu :  D=0x0000000000000023
1092000: system.cpu: T0 : 0x221dc    : c_slli a5, 3               : IntAlu :  D=0x0000000000000118
1093000: system.cpu: T0 : 0x221de    : add a3, a4, a5             : IntAlu :  D=0x000000000006ec38
1094000: system.cpu: T0 : 0x221e2    : lbu a3, 40(a3)             : MemRead :  D=0x0000000000000000 A=0x6ec60
1094500: system.cpu: T0 : 0x221e6    : c_beqz a3, 16              : IntAlu : 
1095000: system.cpu: T0 : 0x221f6    : c_jr ra                    : IntAlu : 
1095500: system.cpu: T0 : 0x1acd2    : c_ldsp a4, 8(sp)           : MemRead :  D=0x2e2e000000000000 A=0x7ffffffffffffbd8
1096000: system.cpu: T0 : 0x1acd4    : ld a5, -1264(s1)           : MemRead :  D=0x2e2e000000000000 A=0x6eb10
1096500: system.cpu: T0 : 0x1acd8    : c_li a3, 1                 : IntAlu :  D=0x0000000000000001
1097500: system.cpu: T0 : 0x1acda    : sw a3, -1876(gp)           : MemWrite :  D=0x0000000000000001 A=0x708d4
1098500: system.cpu: T0 : 0x1acde    : bne a4, a5, 14             : IntAlu : 
1099000: system.cpu: T0 : 0x1ace2    : c_ldsp ra, 40(sp)          : MemRead :  D=0x000000000001dab0 A=0x7ffffffffffffbf8
1099500: system.cpu: T0 : 0x1ace4    : c_ldsp s0, 32(sp)          : MemRead :  D=0x7ffffffffffffcf0 A=0x7ffffffffffffbf0
1100000: system.cpu: T0 : 0x1ace6    : c_ldsp s1, 24(sp)          : MemRead :  D=0x7ffffffffffffc20 A=0x7ffffffffffffbe8
1100500: system.cpu: T0 : 0x1ace8    : c_addi16sp sp, 48          : IntAlu :  D=0x7ffffffffffffc00
1101000: system.cpu: T0 : 0x1acea    : c_jr ra                    : IntAlu : 
1101500: system.cpu: T0 : 0x1dab0    : c_ldsp a0, 8(sp)           : MemRead :  D=0x0000000000000024 A=0x7ffffffffffffc08
1102000: system.cpu: T0 : 0x1dab2    : c_ldsp ra, 24(sp)          : MemRead :  D=0x000000000003d96e A=0x7ffffffffffffc18
1102500: system.cpu: T0 : 0x1dab4    : c_addi16sp sp, 32          : IntAlu :  D=0x7ffffffffffffc20
1103000: system.cpu: T0 : 0x1dab6    : c_j -540                   : IntAlu : 
1104000: system.cpu: T0 : 0x1d89a    : ld t1, -1848(gp)           : MemRead :  D=0x0000000000000000 A=0x708f0
1105000: system.cpu: T0 : 0x1d89e    : bne t1, zero, 260          : IntAlu : 
1105500: system.cpu: T0 : 0x1d8a2    : c_addi sp, -32             : IntAlu :  D=0x7ffffffffffffc00
1106000: system.cpu: T0 : 0x1d8a4    : c_sdsp s0, 16(sp)          : MemWrite :  D=0x7ffffffffffffcf0 A=0x7ffffffffffffc10
1106500: system.cpu: T0 : 0x1d8a6    : c_sdsp ra, 24(sp)          : MemWrite :  D=0x000000000003d96e A=0x7ffffffffffffc18
1107000: system.cpu: T0 : 0x1d8a8    : c_sdsp s1, 8(sp)           : MemWrite :  D=0x7ffffffffffffc20 A=0x7ffffffffffffc08
1107500: system.cpu: T0 : 0x1d8aa    : c_sdsp s2, 0(sp)           : MemWrite :  D=0x0000000000000002 A=0x7ffffffffffffc00
1108000: system.cpu: T0 : 0x1d8ac    : c_mv s0, a0                : IntAlu :  D=0x0000000000000024
1109000: system.cpu: T0 : 0x1d8ae    : blt a0, zero, 222          : IntAlu : 
1110000: system.cpu: T0 : 0x1d8b2    : addi a5, a0, 23            : IntAlu :  D=0x000000000000003b
1110500: system.cpu: T0 : 0x1d8b6    : c_li a4, 31                : IntAlu :  D=0x000000000000001f
1111000: system.cpu: T0 : 0x1d8b8    : c_li s1, 0                 : IntAlu :  D=0x0000000000000000
1112000: system.cpu: T0 : 0x1d8ba    : bltu a4, a5, 94            : IntAlu : 
1112500: system.cpu: T0 : 0x1d918    : c_andi a5, 18446744073709551600 : IntAlu :  D=0x0000000000000030
1113000: system.cpu: T0 : 0x1d91a    : c_addi a5, -17             : IntAlu :  D=0x000000000000001f
1113500: system.cpu: T0 : 0x1d91c    : srli s1, a5, 4             : IntAlu :  D=0x0000000000000001
1114000: system.cpu: T0 : 0x1d920    : c_j -98                    : IntAlu : 
1115000: system.cpu: T0 : 0x1d8be    : ld a4, 40(tp)              : MemRead :  D=0x0000000000000000 A=0x72738
1115500: system.cpu: T0 : 0x1d8c2    : c_beqz a4, 96              : IntAlu : 
1116500: system.cpu: T0 : 0x1d922    : lbu a5, 48(tp)             : MemRead :  D=0x0000000000000000 A=0x72740
1117000: system.cpu: T0 : 0x1d926    : c_bnez a5, -86             : IntAlu : 
1117500: system.cpu: T0 : 0x1d928    : jal ra, -2478              : IntAlu :  D=0x000000000001d92c
1118000: system.cpu: T0 : 0x1cf7a    : c_addi sp, -32             : IntAlu :  D=0x7ffffffffffffbe0
1118500: system.cpu: T0 : 0x1cf7c    : c_sdsp s0, 16(sp)          : MemWrite :  D=0x0000000000000024 A=0x7ffffffffffffbf0
1119500: system.cpu: T0 : 0x1cf7e    : ld s0, 56(tp)              : MemRead :  D=0x000000000006f5c8 A=0x72748
1120000: system.cpu: T0 : 0x1cf82    : c_sdsp ra, 24(sp)          : MemWrite :  D=0x000000000001d92c A=0x7ffffffffffffbf8
1120500: system.cpu: T0 : 0x1cf84    : c_sdsp s1, 8(sp)           : MemWrite :  D=0x0000000000000001 A=0x7ffffffffffffbe8
1121000: system.cpu: T0 : 0x1cf86    : c_beqz s0, 78              : IntAlu : 
1121500: system.cpu: T0 : 0x1cf88    : c_mv s1, s0                : IntAlu :  D=0x000000000006f5c8
1122000: system.cpu: T0 : 0x1cf8a    : c_li a4, 1                 : IntAlu :  D=0x0000000000000001
1122500: system.cpu: T0 : 0x1cf8c    : lr_w a5, (s0)             
1122500: system.cpu: T0 : 0x1cf8c. 0 : lr_w a5, (s0)              : MemRead :  D=0x0000000000000000 A=0x6f5c8
1123000: system.cpu: T0 : 0x1cf90    : c_bnez a5, 8               : IntAlu : 
1124000: system.cpu: T0 : 0x1cf92    : sc_w_aq a3, a4, (s0)      
1124000: system.cpu: T0 : 0x1cf92. 0 : sc_w a3, a4, (s0)          : MemWrite :  D=0x0000000000000000 A=0x6f5c8
1124500: system.cpu: T0 : 0x1cf92. 1 : 0x1ce426af fence           : No_OpClass : 
1125000: system.cpu: T0 : 0x1cf96    : c_bnez a3, -10             : IntAlu : 
1125500: system.cpu: T0 : 0x1cf98    : c_addiw a5, 0              : IntAlu :  D=0x0000000000000000
1126000: system.cpu: T0 : 0x1cf9a    : c_bnez a5, 162             : IntAlu : 
1126500: system.cpu: T0 : 0x1cf9c    : addi a1, zero, 640         : IntAlu :  D=0x0000000000000280
1127000: system.cpu: T0 : 0x1cfa0    : c_mv a0, s0                : IntAlu :  D=0x000000000006f5c8
1128000: system.cpu: T0 : 0x1cfa2    : jal ra, -2862              : IntAlu :  D=0x000000000001cfa6
1128500: system.cpu: T0 : 0x1c474    : c_addi16sp sp, -256        : IntAlu :  D=0x7ffffffffffffae0
1129000: system.cpu: T0 : 0x1c476    : c_sdsp ra, 248(sp)         : MemWrite :  D=0x000000000001cfa6 A=0x7ffffffffffffbd8
1129500: system.cpu: T0 : 0x1c478    : c_sdsp s0, 240(sp)         : MemWrite :  D=0x000000000006f5c8 A=0x7ffffffffffffbd0
1130000: system.cpu: T0 : 0x1c47a    : c_sdsp s1, 232(sp)         : MemWrite :  D=0x000000000006f5c8 A=0x7ffffffffffffbc8
1130500: system.cpu: T0 : 0x1c47c    : c_sdsp s2, 224(sp)         : MemWrite :  D=0x0000000000000002 A=0x7ffffffffffffbc0
1131000: system.cpu: T0 : 0x1c47e    : c_sdsp s3, 216(sp)         : MemWrite :  D=0x0000000000000000 A=0x7ffffffffffffbb8
1131500: system.cpu: T0 : 0x1c480    : c_sdsp s4, 208(sp)         : MemWrite :  D=0x0000000000000000 A=0x7ffffffffffffbb0
1132000: system.cpu: T0 : 0x1c482    : c_sdsp s5, 200(sp)         : MemWrite :  D=0x0000000000000000 A=0x7ffffffffffffba8
1132500: system.cpu: T0 : 0x1c484    : c_sdsp s6, 192(sp)         : MemWrite :  D=0x0000000000072000 A=0x7ffffffffffffba0
1133000: system.cpu: T0 : 0x1c486    : c_sdsp s7, 184(sp)         : MemWrite :  D=0x0000000000000000 A=0x7ffffffffffffb98
1133500: system.cpu: T0 : 0x1c488    : c_sdsp s8, 176(sp)         : MemWrite :  D=0x0000000000000000 A=0x7ffffffffffffb90
1134000: system.cpu: T0 : 0x1c48a    : c_sdsp s9, 168(sp)         : MemWrite :  D=0x0000000000000003 A=0x7ffffffffffffb88
1134500: system.cpu: T0 : 0x1c48c    : c_sdsp s10, 160(sp)        : MemWrite :  D=0x0000000000000000 A=0x7ffffffffffffb80
1135000: system.cpu: T0 : 0x1c48e    : c_sdsp s11, 152(sp)        : MemWrite :  D=0x0000000000000000 A=0x7ffffffffffffb78
1135500: system.cpu: T0 : 0x1c490    : blt a1, zero, 1198         : IntAlu : 
1136000: system.cpu: T0 : 0x1c494    : addi s0, a1, 23            : IntAlu :  D=0x0000000000000297
1136500: system.cpu: T0 : 0x1c498    : c_li a5, 31                : IntAlu :  D=0x000000000000001f
1137000: system.cpu: T0 : 0x1c49a    : c_mv s3, a1                : IntAlu :  D=0x0000000000000280
1137500: system.cpu: T0 : 0x1c49c    : c_mv s1, a0                : IntAlu :  D=0x000000000006f5c8
1138500: system.cpu: T0 : 0x1c49e    : bltu a5, s0, 220           : IntAlu : 
1139000: system.cpu: T0 : 0x1c57a    : c_andi s0, 18446744073709551600 : IntAlu :  D=0x0000000000000290
1139500: system.cpu: T0 : 0x1c57c    : beq a0, zero, 988          : IntAlu : 
1140000: system.cpu: T0 : 0x1c580    : ld a4, -1376(gp)           : MemRead :  D=0x0000000000000080 A=0x70ac8
1140500: system.cpu: T0 : 0x1c584    : srliw s9, s0, 4            : IntAlu :  D=0x0000000000000029
1141000: system.cpu: T0 : 0x1c588    : srliw a5, s0, 4            : IntAlu :  D=0x0000000000000029
1141500: system.cpu: T0 : 0x1c58c    : bgeu a4, s0, 506           : IntAlu : 
1142000: system.cpu: T0 : 0x1c590    : addi a4, zero, 1023        : IntAlu :  D=0x00000000000003ff
1142500: system.cpu: T0 : 0x1c594    : bgeu a4, s0, 1722          : IntAlu : 
1143000: system.cpu: T0 : 0x1cc4e    : c_addiw a5, -1             : IntAlu :  D=0x0000000000000028
1143500: system.cpu: T0 : 0x1cc50    : c_j -1406                  : IntAlu : 
1144500: system.cpu: T0 : 0x1c6d2    : slliw a5, a5, 1            : IntAlu :  D=0x0000000000000050
1145000: system.cpu: T0 : 0x1c6d6    : c_slli a5, 32              : IntAlu :  D=0x0000005000000000
1145500: system.cpu: T0 : 0x1c6d8    : c_srli a5, 32              : IntAlu :  D=0x0000000000000050
1146000: system.cpu: T0 : 0x1c6da    : c_addi a5, 14              : IntAlu :  D=0x000000000000005e
1146500: system.cpu: T0 : 0x1c6dc    : c_slli a5, 3               : IntAlu :  D=0x00000000000002f0
1147000: system.cpu: T0 : 0x1c6de    : c_j -550                   : IntAlu : 
1147500: system.cpu: T0 : 0x1c4b8    : c_add a5, s1               : IntAlu :  D=0x000000000006f8b8
1148500: system.cpu: T0 : 0x1c4ba    : ld s2, 8(a5)               : MemRead :  D=0x000000000006f8a8 A=0x6f8c0
1149500: system.cpu: T0 : 0x1c4be    : addi a3, a5, -16           : IntAlu :  D=0x000000000006f8a8
1150500: system.cpu: T0 : 0x1c4c2    : beq a3, s2, 748            : IntAlu : 
1151500: system.cpu: T0 : 0x1c7ae    : srli t1, s0, 9             : IntAlu :  D=0x0000000000000001
1152500: system.cpu: T0 : 0x1c7b2    : addiw a5, t1, 91           : IntAlu :  D=0x000000000000005c
1153500: system.cpu: T0 : 0x1c7b6    : srli s10, s0, 6            : IntAlu :  D=0x000000000000000a
1154000: system.cpu: T0 : 0x1c7ba    : c_sdsp a5, 96(sp)          : MemWrite :  D=0x000000000000005c A=0x7ffffffffffffb40
1154500: system.cpu: T0 : 0x1c7bc    : addiw a5, s10, 48          : IntAlu :  D=0x000000000000003a
1155000: system.cpu: T0 : 0x1c7c0    : c_sdsp a5, 88(sp)          : MemWrite :  D=0x000000000000003a A=0x7ffffffffffffb38
1156000: system.cpu: T0 : 0x1c7c2    : addi a5, zero, 110         : IntAlu :  D=0x000000000000006e
1156500: system.cpu: T0 : 0x1c7c6    : c_sdsp a5, 112(sp)         : MemWrite :  D=0x000000000000006e A=0x7ffffffffffffb50
1157000: system.cpu: T0 : 0x1c7c8    : addi a5, zero, 119         : IntAlu :  D=0x0000000000000077
1157500: system.cpu: T0 : 0x1c7cc    : c_sdsp a5, 104(sp)         : MemWrite :  D=0x0000000000000077 A=0x7ffffffffffffb48
1158500: system.cpu: T0 : 0x1c7ce    : addi a5, zero, 124         : IntAlu :  D=0x000000000000007c
1159000: system.cpu: T0 : 0x1c7d2    : c_sdsp s9, 8(sp)           : MemWrite :  D=0x0000000000000029 A=0x7ffffffffffffae8
1159500: system.cpu: T0 : 0x1c7d4    : c_sdsp a5, 120(sp)         : MemWrite :  D=0x000000000000007c A=0x7ffffffffffffb58
1160000: system.cpu: T0 : 0x1c7d6    : c_sdsp zero, 128(sp)       : MemWrite :  D=0x0000000000000000 A=0x7ffffffffffffb60
1160500: system.cpu: T0 : 0x1c7d8    : c_sdsp zero, 136(sp)       : MemWrite :  D=0x0000000000000000 A=0x7ffffffffffffb68
1161500: system.cpu: T0 : 0x1c7da    : ld a5, 40(tp)              : MemRead :  D=0x0000000000000000 A=0x72738
1162500: system.cpu: T0 : 0x1c7de    : addi s6, s0, -17           : IntAlu :  D=0x000000000000027f
1163500: system.cpu: T0 : 0x1c7e2    : srli s6, s6, 4             : IntAlu :  D=0x0000000000000027
1164000: system.cpu: T0 : 0x1c7e6    : c_li s5, 0                 : IntAlu :  D=0x0000000000000000
1164500: system.cpu: T0 : 0x1c7e8    : c_beqz a5, 22              : IntAlu : 
1165500: system.cpu: T0 : 0x1c7fe    : lui a5, 111                : IntAlu :  D=0x000000000006f000
1166000: system.cpu: T0 : 0x1c802    : c_lui s11, 1               : IntAlu :  D=0x0000000000001000
1166500: system.cpu: T0 : 0x1c804    : lui s7, 111                : IntAlu :  D=0x000000000006f000
1167000: system.cpu: T0 : 0x1c808    : addi a5, a5, 1480          : IntAlu :  D=0x000000000006f5c8
1167500: system.cpu: T0 : 0x1c80c    : addi s8, s1, 96            : IntAlu :  D=0x000000000006f628
1168000: system.cpu: T0 : 0x1c810    : c_li t5, 0                 : IntAlu :  D=0x0000000000000000
1169000: system.cpu: T0 : 0x1c812    : addi s7, s7, 1368          : IntAlu :  D=0x000000000006f558
1170000: system.cpu: T0 : 0x1c816    : add a7, s1, s11            : IntAlu :  D=0x00000000000705c8
1170500: system.cpu: T0 : 0x1c81a    : c_sdsp a5, 56(sp)          : MemWrite :  D=0x000000000006f5c8 A=0x7ffffffffffffb18
1171000: system.cpu: T0 : 0x1c81c    : c_ld a5, 120(s1)           : MemRead :  D=0x000000000006f628 A=0x6f640
1172000: system.cpu: T0 : 0x1c81e    : beq a5, s8, 532            : IntAlu : 
1173000: system.cpu: T0 : 0x1ca32    : addi a5, zero, 1023        : IntAlu :  D=0x00000000000003ff
1174000: system.cpu: T0 : 0x1ca36    : bgeu a5, s0, 38            : IntAlu : 
1174500: system.cpu: T0 : 0x1ca5c    : c_ldsp a3, 8(sp)           : MemRead :  D=0x0000000000000029 A=0x7ffffffffffffae8
1175000: system.cpu: T0 : 0x1ca5e    : c_li a0, 4                 : IntAlu :  D=0x0000000000000004
1175500: system.cpu: T0 : 0x1ca60    : addiw a5, a3, 1            : IntAlu :  D=0x000000000000002a
1176000: system.cpu: T0 : 0x1ca64    : srliw a4, a5, 5            : IntAlu :  D=0x0000000000000001
1176500: system.cpu: T0 : 0x1ca68    : slliw a3, a3, 1            : IntAlu :  D=0x0000000000000052
1177000: system.cpu: T0 : 0x1ca6c    : addi a4, a4, 536           : IntAlu :  D=0x0000000000000219
1177500: system.cpu: T0 : 0x1ca70    : c_slli a3, 32              : IntAlu :  D=0x0000005200000000
1178000: system.cpu: T0 : 0x1ca72    : c_slli a4, 2               : IntAlu :  D=0x0000000000000864
1178500: system.cpu: T0 : 0x1ca74    : c_srli a3, 32              : IntAlu :  D=0x0000000000000052
1179000: system.cpu: T0 : 0x1ca76    : c_add a4, s1               : IntAlu :  D=0x000000000006fe2c
1179500: system.cpu: T0 : 0x1ca78    : c_slli a3, 3               : IntAlu :  D=0x0000000000000290
1180000: system.cpu: T0 : 0x1ca7a    : c_lw a2, 0(a4)             : MemRead :  D=0x0000000000000000 A=0x6fe2c
1180500: system.cpu: T0 : 0x1ca7c    : addi a3, a3, 96            : IntAlu :  D=0x00000000000002f0
1181000: system.cpu: T0 : 0x1ca80    : c_li a4, 1                 : IntAlu :  D=0x0000000000000001
1182000: system.cpu: T0 : 0x1ca82    : srliw s2, a5, 5            : IntAlu :  D=0x0000000000000001
1182500: system.cpu: T0 : 0x1ca86    : c_add a3, s1               : IntAlu :  D=0x000000000006f8b8
1183000: system.cpu: T0 : 0x1ca88    : sllw a5, a4, a5            : IntAlu :  D=0x0000000000000400
1183500: system.cpu: T0 : 0x1ca8c    : bltu a2, a5, 144           : IntAlu : 
1184000: system.cpu: T0 : 0x1cb1c    : addiw a5, s2, 1            : IntAlu :  D=0x0000000000000002
1184500: system.cpu: T0 : 0x1cb20    : addiw s2, a5, 0            : IntAlu :  D=0x0000000000000002
1185000: system.cpu: T0 : 0x1cb24    : bne s2, a0, -26            : IntAlu : 
1185500: system.cpu: T0 : 0x1cb0a    : c_slli a5, 32              : IntAlu :  D=0x0000000200000000
1186000: system.cpu: T0 : 0x1cb0c    : c_srli a5, 32              : IntAlu :  D=0x0000000000000002
1187000: system.cpu: T0 : 0x1cb0e    : addi a5, a5, 536           : IntAlu :  D=0x000000000000021a
1187500: system.cpu: T0 : 0x1cb12    : c_slli a5, 2               : IntAlu :  D=0x0000000000000868
1188000: system.cpu: T0 : 0x1cb14    : c_add a5, s1               : IntAlu :  D=0x000000000006fe30
1188500: system.cpu: T0 : 0x1cb16    : c_lw a2, 0(a5)             : MemRead :  D=0x0000000000000000 A=0x6fe30
1189000: system.cpu: T0 : 0x1cb18    : bne a2, zero, 384          : IntAlu : 
1189500: system.cpu: T0 : 0x1cb1c    : addiw a5, s2, 1            : IntAlu :  D=0x0000000000000003
1190000: system.cpu: T0 : 0x1cb20    : addiw s2, a5, 0            : IntAlu :  D=0x0000000000000003
1190500: system.cpu: T0 : 0x1cb24    : bne s2, a0, -26            : IntAlu : 
1191000: system.cpu: T0 : 0x1cb0a    : c_slli a5, 32              : IntAlu :  D=0x0000000300000000
1191500: system.cpu: T0 : 0x1cb0c    : c_srli a5, 32              : IntAlu :  D=0x0000000000000003
1192500: system.cpu: T0 : 0x1cb0e    : addi a5, a5, 536           : IntAlu :  D=0x000000000000021b
1193000: system.cpu: T0 : 0x1cb12    : c_slli a5, 2               : IntAlu :  D=0x000000000000086c
1193500: system.cpu: T0 : 0x1cb14    : c_add a5, s1               : IntAlu :  D=0x000000000006fe34
1194000: system.cpu: T0 : 0x1cb16    : c_lw a2, 0(a5)             : MemRead :  D=0x0000000000000000 A=0x6fe34
1194500: system.cpu: T0 : 0x1cb18    : bne a2, zero, 384          : IntAlu : 
1195000: system.cpu: T0 : 0x1cb1c    : addiw a5, s2, 1            : IntAlu :  D=0x0000000000000004
1195500: system.cpu: T0 : 0x1cb20    : addiw s2, a5, 0            : IntAlu :  D=0x0000000000000004
1196000: system.cpu: T0 : 0x1cb24    : bne s2, a0, -26            : IntAlu : 
1196500: system.cpu: T0 : 0x1cb28    : c_ld a4, 96(s1)            : MemRead :  D=0x000000000006f628 A=0x6f628
1197500: system.cpu: T0 : 0x1cb2a    : ld a3, -1912(a7)           : MemRead :  D=0x0000000000000000 A=0x6fe50
1198000: system.cpu: T0 : 0x1cb2e    : c_ld a5, 8(a4)             : MemRead :  D=0x0000000000000000 A=0x6f630
1198500: system.cpu: T0 : 0x1cb30    : c_andi a5, 18446744073709551608 : IntAlu :  D=0x0000000000000000
1199500: system.cpu: T0 : 0x1cb32    : bltu a3, a5, 548           : IntAlu : 
1200500: system.cpu: T0 : 0x1cb36    : addi a3, s0, 32            : IntAlu :  D=0x00000000000002b0
1201500: system.cpu: T0 : 0x1cb3a    : bgeu a5, a3, 640           : IntAlu : 
1202000: system.cpu: T0 : 0x1cb3e    : c_sdsp a7, 32(sp)          : MemWrite :  D=0x00000000000705c8 A=0x7ffffffffffffb00
1202500: system.cpu: T0 : 0x1cb40    : c_sdsp t1, 24(sp)          : MemWrite :  D=0x0000000000000001 A=0x7ffffffffffffaf8
1203000: system.cpu: T0 : 0x1cb42    : c_sdsp t5, 16(sp)          : MemWrite :  D=0x0000000000000000 A=0x7ffffffffffffaf0
1203500: system.cpu: T0 : 0x1cb44    : c_lw a5, 8(s1)             : MemRead :  D=0x0000000000000000 A=0x6f5d0
1204000: system.cpu: T0 : 0x1cb46    : c_addiw a5, 0              : IntAlu :  D=0x0000000000000000
1204500: system.cpu: T0 : 0x1cb48    : c_beqz a5, 180             : IntAlu : 
1205000: system.cpu: T0 : 0x1cbfc    : c_mv a1, s1                : IntAlu :  D=0x000000000006f5c8
1205500: system.cpu: T0 : 0x1cbfe    : c_mv a0, s0                : IntAlu :  D=0x0000000000000290
1206000: system.cpu: T0 : 0x1cc00    : jal ra, -3372              : IntAlu :  D=0x000000000001cc04
1206500: system.cpu: T0 : 0x1bed4    : c_addi16sp sp, -160        : IntAlu :  D=0x7ffffffffffffa40
1207000: system.cpu: T0 : 0x1bed6    : c_sdsp s1, 136(sp)         : MemWrite :  D=0x000000000006f5c8 A=0x7ffffffffffffac8
1207500: system.cpu: T0 : 0x1bed8    : c_sdsp s2, 128(sp)         : MemWrite :  D=0x0000000000000004 A=0x7ffffffffffffac0
1208000: system.cpu: T0 : 0x1beda    : c_sdsp s10, 64(sp)         : MemWrite :  D=0x000000000000000a A=0x7ffffffffffffa80
1208500: system.cpu: T0 : 0x1bedc    : c_sdsp ra, 152(sp)         : MemWrite :  D=0x000000000001cc04 A=0x7ffffffffffffad8
1209000: system.cpu: T0 : 0x1bede    : c_sdsp s0, 144(sp)         : MemWrite :  D=0x0000000000000290 A=0x7ffffffffffffad0
1209500: system.cpu: T0 : 0x1bee0    : c_sdsp s3, 120(sp)         : MemWrite :  D=0x0000000000000280 A=0x7ffffffffffffab8
1210000: system.cpu: T0 : 0x1bee2    : c_sdsp s4, 112(sp)         : MemWrite :  D=0x0000000000000000 A=0x7ffffffffffffab0
1210500: system.cpu: T0 : 0x1bee4    : c_sdsp s5, 104(sp)         : MemWrite :  D=0x0000000000000000 A=0x7ffffffffffffaa8
1211000: system.cpu: T0 : 0x1bee6    : c_sdsp s6, 96(sp)          : MemWrite :  D=0x0000000000000027 A=0x7ffffffffffffaa0
1211500: system.cpu: T0 : 0x1bee8    : c_sdsp s7, 88(sp)          : MemWrite :  D=0x000000000006f558 A=0x7ffffffffffffa98
1212000: system.cpu: T0 : 0x1beea    : c_sdsp s8, 80(sp)          : MemWrite :  D=0x000000000006f628 A=0x7ffffffffffffa90
1212500: system.cpu: T0 : 0x1beec    : c_sdsp s9, 72(sp)          : MemWrite :  D=0x0000000000000029 A=0x7ffffffffffffa88
1213000: system.cpu: T0 : 0x1beee    : c_sdsp s11, 56(sp)         : MemWrite :  D=0x0000000000001000 A=0x7ffffffffffffa78
1213500: system.cpu: T0 : 0x1bef0    : ld s2, -1784(gp)           : MemRead :  D=0x0000000000001000 A=0x70930
1214000: system.cpu: T0 : 0x1bef4    : c_mv s1, a0                : IntAlu :  D=0x0000000000000290
1215000: system.cpu: T0 : 0x1bef6    : beq a1, zero, 534          : IntAlu : 
1216000: system.cpu: T0 : 0x1befa    : lui s11, 111               : IntAlu :  D=0x000000000006f000
1217000: system.cpu: T0 : 0x1befe    : addi s11, s11, 1368        : IntAlu :  D=0x000000000006f558
1218000: system.cpu: T0 : 0x1bf02    : ld a5, 16(s11)             : MemRead :  D=0x0000000000020000 A=0x6f568
1218500: system.cpu: T0 : 0x1bf06    : c_mv s0, a1                : IntAlu :  D=0x000000000006f5c8
1219000: system.cpu: T0 : 0x1bf08    : bgeu a0, a5, 276           : IntAlu : 
1219500: system.cpu: T0 : 0x1bf0c    : c_sdsp zero, 8(sp)         : MemWrite :  D=0x0000000000000000 A=0x7ffffffffffffa48
1220500: system.cpu: T0 : 0x1bf0e    : addi s5, s2, 7             : IntAlu :  D=0x0000000000001007
1221500: system.cpu: T0 : 0x1bf12    : add a5, s5, s1             : IntAlu :  D=0x0000000000001297
1222500: system.cpu: T0 : 0x1bf16    : lui s6, 111                : IntAlu :  D=0x000000000006f000
1223500: system.cpu: T0 : 0x1bf1a    : sub s5, zero, s2           : IntAlu :  D=0xfffffffffffff000
1224500: system.cpu: T0 : 0x1bf1e    : addi a7, s0, 96            : IntAlu :  D=0x000000000006f628
1225500: system.cpu: T0 : 0x1bf22    : addi t1, s2, -1            : IntAlu :  D=0x0000000000000fff
1226500: system.cpu: T0 : 0x1bf26    : addi s8, s1, 32            : IntAlu :  D=0x00000000000002b0
1227500: system.cpu: T0 : 0x1bf2a    : addi s7, s6, 1480          : IntAlu :  D=0x000000000006f5c8
1228500: system.cpu: T0 : 0x1bf2e    : and s5, a5, s5             : IntAlu :  D=0x0000000000001000
1229500: system.cpu: T0 : 0x1bf32    : ld s4, 96(s0)              : MemRead :  D=0x000000000006f628 A=0x6f628
1230500: system.cpu: T0 : 0x1bf36    : ld a5, 8(s4)               : MemRead :  D=0x0000000000000000 A=0x6f630
1231500: system.cpu: T0 : 0x1bf3a    : andi s3, a5, 18446744073709551608 : IntAlu :  D=0x0000000000000000
1232500: system.cpu: T0 : 0x1bf3e    : add s9, s4, s3             : IntAlu :  D=0x000000000006f628
1233500: system.cpu: T0 : 0x1bf42    : beq s4, a7, 506            : IntAlu : 
1234000: system.cpu: T0 : 0x1c13c    : beq s3, zero, -482         : IntAlu : 
1235000: system.cpu: T0 : 0x1bf5a    : bgeu s3, s8, 1112          : IntAlu : 
1236000: system.cpu: T0 : 0x1bf5e    : beq s0, s7, 484            : IntAlu : 
1237000: system.cpu: T0 : 0x1c142    : ld s5, 8(s11)              : MemRead :  D=0x0000000000020000 A=0x6f560
1237500: system.cpu: T0 : 0x1c146    : c_lw a5, 4(s0)             : MemRead :  D=0x0000000000000000 A=0x6f5cc
1238000: system.cpu: T0 : 0x1c148    : addi s10, s2, -1           : IntAlu :  D=0x0000000000000fff
1238500: system.cpu: T0 : 0x1c14c    : addi s5, s5, 32            : IntAlu :  D=0x0000000000020020
1239000: system.cpu: T0 : 0x1c150    : c_add s5, s10              : IntAlu :  D=0x000000000002101f
1239500: system.cpu: T0 : 0x1c152    : c_andi a5, 2               : IntAlu :  D=0x0000000000000000
1240000: system.cpu: T0 : 0x1c154    : c_add s5, s1               : IntAlu :  D=0x00000000000212af
1241000: system.cpu: T0 : 0x1c156    : sub a6, zero, s2           : IntAlu :  D=0xfffffffffffff000
1241500: system.cpu: T0 : 0x1c15a    : c_beqz a5, 158             : IntAlu : 
1242000: system.cpu: T0 : 0x1c1f8    : sub s5, s5, s3             : IntAlu :  D=0x00000000000212af
1242500: system.cpu: T0 : 0x1c1fc    : and s5, s5, a6             : IntAlu :  D=0x0000000000021000
1243000: system.cpu: T0 : 0x1c200    : blt zero, s5, -156         : IntAlu : 
1243500: system.cpu: T0 : 0x1c164    : ld a5, -1840(gp)           : MemRead :  D=0x000000000001ea8e A=0x708f8
1244000: system.cpu: T0 : 0x1c168    : c_mv a0, s5                : IntAlu :  D=0x0000000000021000
1244500: system.cpu: T0 : 0x1c16a    : c_sdsp a6, 8(sp)           : MemWrite :  D=0xfffffffffffff000 A=0x7ffffffffffffa48
1245000: system.cpu: T0 : 0x1c16c    : c_jalr a5                  : IntAlu :  D=0x000000000001c16e
1245500: system.cpu: T0 : 0x1ea8e    : c_addi sp, -16             : IntAlu :  D=0x7ffffffffffffa30
1246000: system.cpu: T0 : 0x1ea90    : c_sdsp ra, 8(sp)           : MemWrite :  D=0x000000000001c16e A=0x7ffffffffffffa38
1247000: system.cpu: T0 : 0x1ea92    : jal ra, 9318               : IntAlu :  D=0x000000000001ea96
1247500: system.cpu: T0 : 0x20ef8    : c_addi sp, -32             : IntAlu :  D=0x7ffffffffffffa10
1248000: system.cpu: T0 : 0x20efa    : c_sdsp s2, 0(sp)           : MemWrite :  D=0x0000000000001000 A=0x7ffffffffffffa10
1248500: system.cpu: T0 : 0x20efc    : c_sdsp s1, 8(sp)           : MemWrite :  D=0x0000000000000290 A=0x7ffffffffffffa18
1249500: system.cpu: T0 : 0x20efe    : ld s1, -1200(gp)           : MemRead :  D=0x0000000000072f80 A=0x70b78
1250000: system.cpu: T0 : 0x20f02    : c_sdsp s0, 16(sp)          : MemWrite :  D=0x000000000006f5c8 A=0x7ffffffffffffa20
1250500: system.cpu: T0 : 0x20f04    : c_sdsp ra, 24(sp)          : MemWrite :  D=0x000000000001ea96 A=0x7ffffffffffffa28
1251000: system.cpu: T0 : 0x20f06    : c_mv s0, a0                : IntAlu :  D=0x0000000000021000
1251500: system.cpu: T0 : 0x20f08    : c_beqz s1, 46              : IntAlu : 
1252500: system.cpu: T0 : 0x20f0a    : lw a5, -1728(gp)           : MemRead :  D=0x0000000000000000 A=0x70968
1253000: system.cpu: T0 : 0x20f0e    : c_bnez a5, 40              : IntAlu : 
1253500: system.cpu: T0 : 0x20f10    : c_beqz s0, 24              : IntAlu : 
1254500: system.cpu: T0 : 0x20f12    : bge zero, s0, 52           : IntAlu : 
1255500: system.cpu: T0 : 0x20f16    : add a5, s0, s1             : IntAlu :  D=0x0000000000093f80
1256500: system.cpu: T0 : 0x20f1a    : sltu a5, a5, s1            : IntAlu :  D=0x0000000000000000
1257000: system.cpu: T0 : 0x20f1e    : c_beqz a5, 50              : IntAlu : 
1257500: system.cpu: T0 : 0x20f50    : add a0, s1, s0             : IntAlu :  D=0x0000000000093f80
1258000: system.cpu: T0 : 0x20f54    : jal ra, 98390              : IntAlu :  D=0x0000000000020f58
1258500: system.cpu: T0 : 0x38faa    : c_mv a5, a0                : IntAlu :  D=0x0000000000093f80
1259000: system.cpu: T0 : 0x38fac    : addi a7, zero, 214         : IntAlu :  D=0x00000000000000d6
1259500: system.cpu: T0 : 0x38fb0    : ecall                      : No_OpClass : 
1260000: system.cpu: T0 : 0x38fb4    : sd a0, -1200(gp)           : MemWrite :  D=0x0000000000093f80 A=0x70b78
1260500: system.cpu: T0 : 0x38fb8    : bltu a0, a5, 8             : IntAlu : 
1261000: system.cpu: T0 : 0x38fbc    : c_li a0, 0                 : IntAlu :  D=0x0000000000000000
1261500: system.cpu: T0 : 0x38fbe    : c_jr ra                    : IntAlu : 
1262000: system.cpu: T0 : 0x20f58    : blt a0, zero, -50          : IntAlu : 
1262500: system.cpu: T0 : 0x20f5c    : c_ldsp ra, 24(sp)          : MemRead :  D=0x000000000001ea96 A=0x7ffffffffffffa28
1263000: system.cpu: T0 : 0x20f5e    : c_ldsp s0, 16(sp)          : MemRead :  D=0x000000000006f5c8 A=0x7ffffffffffffa20
1263500: system.cpu: T0 : 0x20f60    : c_ldsp s2, 0(sp)           : MemRead :  D=0x0000000000001000 A=0x7ffffffffffffa10
1264000: system.cpu: T0 : 0x20f62    : c_mv a0, s1                : IntAlu :  D=0x0000000000072f80
1264500: system.cpu: T0 : 0x20f64    : c_ldsp s1, 8(sp)           : MemRead :  D=0x0000000000000290 A=0x7ffffffffffffa18
1265000: system.cpu: T0 : 0x20f66    : c_addi16sp sp, 32          : IntAlu :  D=0x7ffffffffffffa30
1265500: system.cpu: T0 : 0x20f68    : c_jr ra                    : IntAlu : 
1266000: system.cpu: T0 : 0x1ea96    : c_li a5, -1                : IntAlu :  D=0xffffffffffffffff
1266500: system.cpu: T0 : 0x1ea98    : beq a0, a5, 10             : IntAlu : 
1267000: system.cpu: T0 : 0x1ea9c    : c_ldsp ra, 8(sp)           : MemRead :  D=0x000000000001c16e A=0x7ffffffffffffa38
1267500: system.cpu: T0 : 0x1ea9e    : c_addi sp, 16              : IntAlu :  D=0x7ffffffffffffa40
1268000: system.cpu: T0 : 0x1eaa0    : c_jr ra                    : IntAlu : 
1268500: system.cpu: T0 : 0x1c16e    : c_ldsp a6, 8(sp)           : MemRead :  D=0xfffffffffffff000 A=0x7ffffffffffffa48
1269000: system.cpu: T0 : 0x1c170    : c_mv s2, a0                : IntAlu :  D=0x0000000000072f80
1270000: system.cpu: T0 : 0x1c172    : beq a0, zero, 502          : IntAlu : 
1271000: system.cpu: T0 : 0x1c176    : ld a5, -1392(gp)           : MemRead :  D=0x0000000000000000 A=0x70ab8
1271500: system.cpu: T0 : 0x1c17a    : c_li a4, 0                 : IntAlu :  D=0x0000000000000000
1272000: system.cpu: T0 : 0x1c17c    : bne a5, zero, 538          : IntAlu : 
1272500: system.cpu: T0 : 0x1c180    : ld a5, 72(s11)             : MemRead :  D=0x0000000000000000 A=0x6f5a0
1273000: system.cpu: T0 : 0x1c184    : beq a5, zero, 380          : IntAlu : 
1273500: system.cpu: T0 : 0x1c300    : sd s2, 72(s11)             : MemWrite :  D=0x0000000000072f80 A=0x6f5a0
1274000: system.cpu: T0 : 0x1c304    : c_j -380                   : IntAlu : 
1274500: system.cpu: T0 : 0x1c188    : c_lui s11, 1               : IntAlu :  D=0x0000000000001000
1275000: system.cpu: T0 : 0x1c18a    : c_add s11, s7              : IntAlu :  D=0x00000000000705c8
1275500: system.cpu: T0 : 0x1c18c    : ld a5, -1912(s11)          : MemRead :  D=0x0000000000000000 A=0x6fe50
1276000: system.cpu: T0 : 0x1c190    : c_add a5, s5               : IntAlu :  D=0x0000000000021000
1277000: system.cpu: T0 : 0x1c192    : sd a5, -1912(s11)          : MemWrite :  D=0x0000000000021000 A=0x6fe50
1278000: system.cpu: T0 : 0x1c196    : beq s9, s2, 342            : IntAlu : 
1279000: system.cpu: T0 : 0x1c19a    : lw a3, 4(s7)               : MemRead :  D=0x0000000000000000 A=0x6f5cc
1279500: system.cpu: T0 : 0x1c19e    : c_andi a3, 2               : IntAlu :  D=0x0000000000000000
1280000: system.cpu: T0 : 0x1c1a0    : bne a3, zero, 242          : IntAlu : 
1280500: system.cpu: T0 : 0x1c1a4    : beq s3, zero, 18           : IntAlu : 
1281500: system.cpu: T0 : 0x1c1b6    : andi a5, s2, 15            : IntAlu :  D=0x0000000000000000
1282500: system.cpu: T0 : 0x1c1ba    : bne a5, zero, 332          : IntAlu : 
1283000: system.cpu: T0 : 0x1c1be    : c_mv a4, s3                : IntAlu :  D=0x0000000000000000
1283500: system.cpu: T0 : 0x1c1c0    : c_mv s9, s2                : IntAlu :  D=0x0000000000072f80
1284000: system.cpu: T0 : 0x1c1c2    : c_add s5, a4               : IntAlu :  D=0x0000000000021000
1284500: system.cpu: T0 : 0x1c1c4    : add a0, s2, s5             : IntAlu :  D=0x0000000000093f80
1285000: system.cpu: T0 : 0x1c1c8    : c_add s10, a0              : IntAlu :  D=0x0000000000094f7f
1286000: system.cpu: T0 : 0x1c1ca    : and a6, s10, a6            : IntAlu :  D=0x0000000000094000
1286500: system.cpu: T0 : 0x1c1ce    : c_sub a4, a0               : IntAlu :  D=0xfffffffffff6c080
1287000: system.cpu: T0 : 0x1c1d0    : add s5, a6, a4             : IntAlu :  D=0x0000000000000080
1287500: system.cpu: T0 : 0x1c1d4    : blt s5, zero, 626          : IntAlu : 
1288000: system.cpu: T0 : 0x1c1d8    : ld a5, -1840(gp)           : MemRead :  D=0x000000000001ea8e A=0x708f8
1288500: system.cpu: T0 : 0x1c1dc    : c_mv a0, s5                : IntAlu :  D=0x0000000000000080
1289000: system.cpu: T0 : 0x1c1de    : c_jalr a5                  : IntAlu :  D=0x000000000001c1e0
1289500: system.cpu: T0 : 0x1ea8e    : c_addi sp, -16             : IntAlu :  D=0x7ffffffffffffa30
1290000: system.cpu: T0 : 0x1ea90    : c_sdsp ra, 8(sp)           : MemWrite :  D=0x000000000001c1e0 A=0x7ffffffffffffa38
1291000: system.cpu: T0 : 0x1ea92    : jal ra, 9318               : IntAlu :  D=0x000000000001ea96
1291500: system.cpu: T0 : 0x20ef8    : c_addi sp, -32             : IntAlu :  D=0x7ffffffffffffa10
1292000: system.cpu: T0 : 0x20efa    : c_sdsp s2, 0(sp)           : MemWrite :  D=0x0000000000072f80 A=0x7ffffffffffffa10
1292500: system.cpu: T0 : 0x20efc    : c_sdsp s1, 8(sp)           : MemWrite :  D=0x0000000000000290 A=0x7ffffffffffffa18
1293500: system.cpu: T0 : 0x20efe    : ld s1, -1200(gp)           : MemRead :  D=0x0000000000093f80 A=0x70b78
1294000: system.cpu: T0 : 0x20f02    : c_sdsp s0, 16(sp)          : MemWrite :  D=0x000000000006f5c8 A=0x7ffffffffffffa20
1294500: system.cpu: T0 : 0x20f04    : c_sdsp ra, 24(sp)          : MemWrite :  D=0x000000000001ea96 A=0x7ffffffffffffa28
1295000: system.cpu: T0 : 0x20f06    : c_mv s0, a0                : IntAlu :  D=0x0000000000000080
1295500: system.cpu: T0 : 0x20f08    : c_beqz s1, 46              : IntAlu : 
1296500: system.cpu: T0 : 0x20f0a    : lw a5, -1728(gp)           : MemRead :  D=0x0000000000000000 A=0x70968
1297000: system.cpu: T0 : 0x20f0e    : c_bnez a5, 40              : IntAlu : 
1297500: system.cpu: T0 : 0x20f10    : c_beqz s0, 24              : IntAlu : 
1298500: system.cpu: T0 : 0x20f12    : bge zero, s0, 52           : IntAlu : 
1299500: system.cpu: T0 : 0x20f16    : add a5, s0, s1             : IntAlu :  D=0x0000000000094000
1300500: system.cpu: T0 : 0x20f1a    : sltu a5, a5, s1            : IntAlu :  D=0x0000000000000000
1301000: system.cpu: T0 : 0x20f1e    : c_beqz a5, 50              : IntAlu : 
1301500: system.cpu: T0 : 0x20f50    : add a0, s1, s0             : IntAlu :  D=0x0000000000094000
1302000: system.cpu: T0 : 0x20f54    : jal ra, 98390              : IntAlu :  D=0x0000000000020f58
1302500: system.cpu: T0 : 0x38faa    : c_mv a5, a0                : IntAlu :  D=0x0000000000094000
1303000: system.cpu: T0 : 0x38fac    : addi a7, zero, 214         : IntAlu :  D=0x00000000000000d6
1303500: system.cpu: T0 : 0x38fb0    : ecall                      : No_OpClass : 
1304000: system.cpu: T0 : 0x38fb4    : sd a0, -1200(gp)           : MemWrite :  D=0x0000000000094000 A=0x70b78
1304500: system.cpu: T0 : 0x38fb8    : bltu a0, a5, 8             : IntAlu : 
1305000: system.cpu: T0 : 0x38fbc    : c_li a0, 0                 : IntAlu :  D=0x0000000000000000
1305500: system.cpu: T0 : 0x38fbe    : c_jr ra                    : IntAlu : 
1306000: system.cpu: T0 : 0x20f58    : blt a0, zero, -50          : IntAlu : 
1306500: system.cpu: T0 : 0x20f5c    : c_ldsp ra, 24(sp)          : MemRead :  D=0x000000000001ea96 A=0x7ffffffffffffa28
1307000: system.cpu: T0 : 0x20f5e    : c_ldsp s0, 16(sp)          : MemRead :  D=0x000000000006f5c8 A=0x7ffffffffffffa20
1307500: system.cpu: T0 : 0x20f60    : c_ldsp s2, 0(sp)           : MemRead :  D=0x0000000000072f80 A=0x7ffffffffffffa10
1308000: system.cpu: T0 : 0x20f62    : c_mv a0, s1                : IntAlu :  D=0x0000000000093f80
1308500: system.cpu: T0 : 0x20f64    : c_ldsp s1, 8(sp)           : MemRead :  D=0x0000000000000290 A=0x7ffffffffffffa18
1309000: system.cpu: T0 : 0x20f66    : c_addi16sp sp, 32          : IntAlu :  D=0x7ffffffffffffa30
1309500: system.cpu: T0 : 0x20f68    : c_jr ra                    : IntAlu : 
1310000: system.cpu: T0 : 0x1ea96    : c_li a5, -1                : IntAlu :  D=0xffffffffffffffff
1310500: system.cpu: T0 : 0x1ea98    : beq a0, a5, 10             : IntAlu : 
1311000: system.cpu: T0 : 0x1ea9c    : c_ldsp ra, 8(sp)           : MemRead :  D=0x000000000001c1e0 A=0x7ffffffffffffa38
1311500: system.cpu: T0 : 0x1ea9e    : c_addi sp, 16              : IntAlu :  D=0x7ffffffffffffa40
1312000: system.cpu: T0 : 0x1eaa0    : c_jr ra                    : IntAlu : 
1312500: system.cpu: T0 : 0x1c1e0    : c_mv a4, a0                : IntAlu :  D=0x0000000000093f80
1313500: system.cpu: T0 : 0x1c1e2    : beq a0, zero, 426          : IntAlu : 
1314500: system.cpu: T0 : 0x1c1e6    : ld a5, -1392(gp)           : MemRead :  D=0x0000000000000000 A=0x70ab8
1315500: system.cpu: T0 : 0x1c1ea    : bne a5, zero, 440          : IntAlu : 
1316500: system.cpu: T0 : 0x1c1ee    : ld a5, -1912(s11)          : MemRead :  D=0x0000000000021000 A=0x6fe50
1317000: system.cpu: T0 : 0x1c1f2    : c_mv s2, s9                : IntAlu :  D=0x0000000000072f80
1317500: system.cpu: T0 : 0x1c1f4    : c_add a5, s5               : IntAlu :  D=0x0000000000021080
1318000: system.cpu: T0 : 0x1c1f6    : c_j 168                    : IntAlu : 
1319000: system.cpu: T0 : 0x1c29e    : sub a4, a4, s2             : IntAlu :  D=0x0000000000021000
1319500: system.cpu: T0 : 0x1c2a2    : c_add a4, s5               : IntAlu :  D=0x0000000000021080
1320000: system.cpu: T0 : 0x1c2a4    : sd s2, 96(s7)              : MemWrite :  D=0x0000000000072f80 A=0x6f628
1320500: system.cpu: T0 : 0x1c2a8    : ori a4, a4, 1              : IntAlu :  D=0x0000000000021081
1321000: system.cpu: T0 : 0x1c2ac    : sd a4, 8(s2)               : MemWrite :  D=0x0000000000021081 A=0x72f88
1321500: system.cpu: T0 : 0x1c2b0    : sd a5, -1912(s11)          : MemWrite :  D=0x0000000000021080 A=0x6fe50
1322000: system.cpu: T0 : 0x1c2b4    : beq s3, zero, -754         : IntAlu : 
1322500: system.cpu: T0 : 0x1bfc2    : c_lui a4, 1                : IntAlu :  D=0x0000000000001000
1323000: system.cpu: T0 : 0x1bfc4    : c_add a4, s0               : IntAlu :  D=0x00000000000705c8
1324000: system.cpu: T0 : 0x1bfc6    : ld a3, -1904(a4)           : MemRead :  D=0x0000000000000000 A=0x6fe58
1325000: system.cpu: T0 : 0x1bfca    : bgeu a3, a5, 8             : IntAlu : 
1326000: system.cpu: T0 : 0x1bfce    : sd a5, -1904(a4)           : MemWrite :  D=0x0000000000021080 A=0x6fe58
1327000: system.cpu: T0 : 0x1bfd2    : ld a5, 8(s2)               : MemRead :  D=0x0000000000021081 A=0x72f88
1327500: system.cpu: T0 : 0x1bfd6    : c_andi a5, 18446744073709551608 : IntAlu :  D=0x0000000000021080
1328000: system.cpu: T0 : 0x1bfd8    : bltu a5, s8, 298           : IntAlu : 
1328500: system.cpu: T0 : 0x1bfdc    : add a4, s2, s1             : IntAlu :  D=0x0000000000073210
1329000: system.cpu: T0 : 0x1bfe0    : c_sd a4, 96(s0)            : MemWrite :  D=0x0000000000073210 A=0x6f628
1329500: system.cpu: T0 : 0x1bfe2    : c_sub a5, s1               : IntAlu :  D=0x0000000000020df0
1330000: system.cpu: T0 : 0x1bfe4    : beq s0, s7, 8              : IntAlu : 
1330500: system.cpu: T0 : 0x1bfec    : ori s1, s1, 1              : IntAlu :  D=0x0000000000000291
1331000: system.cpu: T0 : 0x1bff0    : sd s1, 8(s2)               : MemWrite :  D=0x0000000000000291 A=0x72f88
1331500: system.cpu: T0 : 0x1bff4    : ori a5, a5, 1              : IntAlu :  D=0x0000000000020df1
1332000: system.cpu: T0 : 0x1bff8    : c_sd a5, 8(a4)             : MemWrite :  D=0x0000000000020df1 A=0x73218
1332500: system.cpu: T0 : 0x1bff8    : c_sd a5, 8(a4)             : MemWrite :  D=0x0000000000020df1 A=0x73218
1333500: system.cpu: T0 : 0x1bffa    : addi a0, s2, 16            : IntAlu :  D=0x0000000000072f90
1334000: system.cpu: T0 : 0x1bffe    : c_ldsp ra, 152(sp)         : MemRead :  D=0x000000000001cc04 A=0x7ffffffffffffad8
1334500: system.cpu: T0 : 0x1c000    : c_ldsp s0, 144(sp)         : MemRead :  D=0x0000000000000290 A=0x7ffffffffffffad0
1335000: system.cpu: T0 : 0x1c002    : c_ldsp s1, 136(sp)         : MemRead :  D=0x000000000006f5c8 A=0x7ffffffffffffac8
1335500: system.cpu: T0 : 0x1c004    : c_ldsp s2, 128(sp)         : MemRead :  D=0x0000000000000004 A=0x7ffffffffffffac0
1336000: system.cpu: T0 : 0x1c006    : c_ldsp s3, 120(sp)         : MemRead :  D=0x0000000000000280 A=0x7ffffffffffffab8
1336500: system.cpu: T0 : 0x1c008    : c_ldsp s4, 112(sp)         : MemRead :  D=0x0000000000000000 A=0x7ffffffffffffab0
1337000: system.cpu: T0 : 0x1c00a    : c_ldsp s5, 104(sp)         : MemRead :  D=0x0000000000000000 A=0x7ffffffffffffaa8
1337500: system.cpu: T0 : 0x1c00c    : c_ldsp s6, 96(sp)          : MemRead :  D=0x0000000000000027 A=0x7ffffffffffffaa0
1338000: system.cpu: T0 : 0x1c00e    : c_ldsp s7, 88(sp)          : MemRead :  D=0x000000000006f558 A=0x7ffffffffffffa98
1338500: system.cpu: T0 : 0x1c010    : c_ldsp s8, 80(sp)          : MemRead :  D=0x000000000006f628 A=0x7ffffffffffffa90
1339000: system.cpu: T0 : 0x1c012    : c_ldsp s9, 72(sp)          : MemRead :  D=0x0000000000000029 A=0x7ffffffffffffa88
1339500: system.cpu: T0 : 0x1c014    : c_ldsp s10, 64(sp)         : MemRead :  D=0x000000000000000a A=0x7ffffffffffffa80
1340000: system.cpu: T0 : 0x1c016    : c_ldsp s11, 56(sp)         : MemRead :  D=0x0000000000001000 A=0x7ffffffffffffa78
1340500: system.cpu: T0 : 0x1c018    : c_addi16sp sp, 160         : IntAlu :  D=0x7ffffffffffffae0
1341000: system.cpu: T0 : 0x1c01a    : c_jr ra                    : IntAlu : 
1341500: system.cpu: T0 : 0x1cc04    : c_mv s2, a0                : IntAlu :  D=0x0000000000072f90
1342500: system.cpu: T0 : 0x1cc06    : bne a0, zero, -672         : IntAlu : 
1343500: system.cpu: T0 : 0x1c966    : lw a1, -1396(gp)           : MemRead :  D=0x0000000000000000 A=0x70ab4
1344500: system.cpu: T0 : 0x1c96a    : beq a1, zero, -516         : IntAlu : 
1345000: system.cpu: T0 : 0x1c766    : c_ldsp ra, 248(sp)         : MemRead :  D=0x000000000001cfa6 A=0x7ffffffffffffbd8
1345500: system.cpu: T0 : 0x1c768    : c_ldsp s0, 240(sp)         : MemRead :  D=0x000000000006f5c8 A=0x7ffffffffffffbd0
1346000: system.cpu: T0 : 0x1c76a    : c_ldsp s1, 232(sp)         : MemRead :  D=0x000000000006f5c8 A=0x7ffffffffffffbc8
1346500: system.cpu: T0 : 0x1c76c    : c_ldsp s3, 216(sp)         : MemRead :  D=0x0000000000000000 A=0x7ffffffffffffbb8
1347000: system.cpu: T0 : 0x1c76e    : c_ldsp s4, 208(sp)         : MemRead :  D=0x0000000000000000 A=0x7ffffffffffffbb0
1347500: system.cpu: T0 : 0x1c770    : c_ldsp s5, 200(sp)         : MemRead :  D=0x0000000000000000 A=0x7ffffffffffffba8
1348000: system.cpu: T0 : 0x1c772    : c_ldsp s6, 192(sp)         : MemRead :  D=0x0000000000072000 A=0x7ffffffffffffba0
1348500: system.cpu: T0 : 0x1c774    : c_ldsp s7, 184(sp)         : MemRead :  D=0x0000000000000000 A=0x7ffffffffffffb98
1349000: system.cpu: T0 : 0x1c776    : c_ldsp s8, 176(sp)         : MemRead :  D=0x0000000000000000 A=0x7ffffffffffffb90
1349500: system.cpu: T0 : 0x1c778    : c_ldsp s9, 168(sp)         : MemRead :  D=0x0000000000000003 A=0x7ffffffffffffb88
1350000: system.cpu: T0 : 0x1c77a    : c_ldsp s10, 160(sp)        : MemRead :  D=0x0000000000000000 A=0x7ffffffffffffb80
1350500: system.cpu: T0 : 0x1c77c    : c_ldsp s11, 152(sp)        : MemRead :  D=0x0000000000000000 A=0x7ffffffffffffb78
1351000: system.cpu: T0 : 0x1c77e    : c_mv a0, s2                : IntAlu :  D=0x0000000000072f90
1351500: system.cpu: T0 : 0x1c780    : c_ldsp s2, 224(sp)         : MemRead :  D=0x0000000000000002 A=0x7ffffffffffffbc0
1352000: system.cpu: T0 : 0x1c782    : c_addi16sp sp, 256         : IntAlu :  D=0x7ffffffffffffbe0
1352500: system.cpu: T0 : 0x1c784    : c_jr ra                    : IntAlu : 
1353000: system.cpu: T0 : 0x1cfa6    : c_mv a5, a0                : IntAlu :  D=0x0000000000072f90
1353500: system.cpu: T0 : 0x1cfa8    : c_beqz a0, 70              : IntAlu : 
1354000: system.cpu: T0 : 0x1cfaa    : c_li a4, 0                 : IntAlu :  D=0x0000000000000000
1354500: system.cpu: T0 : 0x1cfac    : fence iorw, ow             : No_OpClass : 
1355000: system.cpu: T0 : 0x1cfb0    : amoswap_w a4, a4, (s0)    
1355000: system.cpu: T0 : 0x1cfb0. 0 : amoswap_w[l] a4, a4, (s0)  : MemRead :  D=0x0000000000000001 A=0x6f5c8
1355500: system.cpu: T0 : 0x1cfb4    : c_addiw a4, 0              : IntAlu :  D=0x0000000000000001
1356000: system.cpu: T0 : 0x1cfb6    : c_li a3, 1                 : IntAlu :  D=0x0000000000000001
1356500: system.cpu: T0 : 0x1cfb8    : blt a3, a4, 96             : IntAlu : 
1357000: system.cpu: T0 : 0x1cfbc    : c_ldsp s0, 16(sp)          : MemRead :  D=0x0000000000000024 A=0x7ffffffffffffbf0
1357500: system.cpu: T0 : 0x1cfbe    : c_ldsp ra, 24(sp)          : MemRead :  D=0x000000000001d92c A=0x7ffffffffffffbf8
1358000: system.cpu: T0 : 0x1cfc0    : c_ldsp s1, 8(sp)           : MemRead :  D=0x0000000000000001 A=0x7ffffffffffffbe8
1359000: system.cpu: T0 : 0x1cfc2    : sd a5, 40(tp)              : MemWrite :  D=0x0000000000072f90 A=0x72738
1360000: system.cpu: T0 : 0x1cfc6    : addi a2, zero, 640         : IntAlu :  D=0x0000000000000280
1360500: system.cpu: T0 : 0x1cfca    : c_li a1, 0                 : IntAlu :  D=0x0000000000000000
1361000: system.cpu: T0 : 0x1cfcc    : c_mv a0, a5                : IntAlu :  D=0x0000000000072f90
1361500: system.cpu: T0 : 0x1cfce    : c_addi16sp sp, 32          : IntAlu :  D=0x7ffffffffffffc00
1362000: system.cpu: T0 : 0x1cfd0    : jal zero, 10394            : IntAlu :  D=0x000000000001cfd4
1362500: system.cpu: T0 : 0x1f86a    : c_li a4, 7                 : IntAlu :  D=0x0000000000000007
1363000: system.cpu: T0 : 0x1f86c    : c_mv a5, a0                : IntAlu :  D=0x0000000000072f90
1364000: system.cpu: T0 : 0x1f86e    : bgeu a4, a2, 140           : IntAlu : 
1365000: system.cpu: T0 : 0x1f872    : andi a7, a1, 255           : IntAlu :  D=0x0000000000000000
1366000: system.cpu: T0 : 0x1f876    : slli a3, a7, 8             : IntAlu :  D=0x0000000000000000
1367000: system.cpu: T0 : 0x1f87a    : or a3, a3, a7              : IntAlu :  D=0x0000000000000000
1368000: system.cpu: T0 : 0x1f87e    : slli a4, a3, 16            : IntAlu :  D=0x0000000000000000
1368500: system.cpu: T0 : 0x1f882    : c_or a3, a4                : IntAlu :  D=0x0000000000000000
1369000: system.cpu: T0 : 0x1f884    : slli a4, a3, 32            : IntAlu :  D=0x0000000000000000
1369500: system.cpu: T0 : 0x1f888    : andi a6, a0, 7             : IntAlu :  D=0x0000000000000000
1370000: system.cpu: T0 : 0x1f88c    : c_or a4, a3                : IntAlu :  D=0x0000000000000000
1371000: system.cpu: T0 : 0x1f88e    : beq a6, zero, 130          : IntAlu : 
1371500: system.cpu: T0 : 0x1f910    : c_mv a3, a2                : IntAlu :  D=0x0000000000000280
1372000: system.cpu: T0 : 0x1f912    : c_j -108                   : IntAlu : 
1373000: system.cpu: T0 : 0x1f8a6    : srli a6, a3, 6             : IntAlu :  D=0x000000000000000a
1374000: system.cpu: T0 : 0x1f8aa    : beq a6, zero, 42           : IntAlu : 
1375000: system.cpu: T0 : 0x1f8ae    : slli a2, a6, 6             : IntAlu :  D=0x0000000000000280
1375500: system.cpu: T0 : 0x1f8b2    : c_mv a7, a5                : IntAlu :  D=0x0000000000072f90
1376000: system.cpu: T0 : 0x1f8b4    : c_add a2, a5               : IntAlu :  D=0x0000000000073210
1376500: system.cpu: T0 : 0x1f8b6    : c_sd a4, 0(a5)             : MemWrite :  D=0x0000000000000000 A=0x72f90
1377000: system.cpu: T0 : 0x1f8b8    : c_sd a4, 8(a5)             : MemWrite :  D=0x0000000000000000 A=0x72f98
1377500: system.cpu: T0 : 0x1f8ba    : c_sd a4, 16(a5)            : MemWrite :  D=0x0000000000000000 A=0x72fa0
1378000: system.cpu: T0 : 0x1f8bc    : c_sd a4, 24(a5)            : MemWrite :  D=0x0000000000000000 A=0x72fa8
1378500: system.cpu: T0 : 0x1f8be    : c_sd a4, 32(a5)            : MemWrite :  D=0x0000000000000000 A=0x72fb0
1379000: system.cpu: T0 : 0x1f8c0    : c_sd a4, 40(a5)            : MemWrite :  D=0x0000000000000000 A=0x72fb8
1379500: system.cpu: T0 : 0x1f8c2    : c_sd a4, 48(a5)            : MemWrite :  D=0x0000000000000000 A=0x72fc0
1380000: system.cpu: T0 : 0x1f8c4    : c_sd a4, 56(a5)            : MemWrite :  D=0x0000000000000000 A=0x72fc8
1381000: system.cpu: T0 : 0x1f8c6    : addi a5, a5, 64            : IntAlu :  D=0x0000000000072fd0
1382000: system.cpu: T0 : 0x1f8ca    : bne a2, a5, -20            : IntAlu : 
1382500: system.cpu: T0 : 0x1f8b6    : c_sd a4, 0(a5)             : MemWrite :  D=0x0000000000000000 A=0x72fd0
1383000: system.cpu: T0 : 0x1f8b8    : c_sd a4, 8(a5)             : MemWrite :  D=0x0000000000000000 A=0x72fd8
1383500: system.cpu: T0 : 0x1f8ba    : c_sd a4, 16(a5)            : MemWrite :  D=0x0000000000000000 A=0x72fe0
1384000: system.cpu: T0 : 0x1f8bc    : c_sd a4, 24(a5)            : MemWrite :  D=0x0000000000000000 A=0x72fe8
1384500: system.cpu: T0 : 0x1f8be    : c_sd a4, 32(a5)            : MemWrite :  D=0x0000000000000000 A=0x72ff0
1385000: system.cpu: T0 : 0x1f8c0    : c_sd a4, 40(a5)            : MemWrite :  D=0x0000000000000000 A=0x72ff8
1385500: system.cpu: T0 : 0x1f8c2    : c_sd a4, 48(a5)            : MemWrite :  D=0x0000000000000000 A=0x73000
1386000: system.cpu: T0 : 0x1f8c4    : c_sd a4, 56(a5)            : MemWrite :  D=0x0000000000000000 A=0x73008
1387000: system.cpu: T0 : 0x1f8c6    : addi a5, a5, 64            : IntAlu :  D=0x0000000000073010
1388000: system.cpu: T0 : 0x1f8ca    : bne a2, a5, -20            : IntAlu : 
1388500: system.cpu: T0 : 0x1f8b6    : c_sd a4, 0(a5)             : MemWrite :  D=0x0000000000000000 A=0x73010
1389000: system.cpu: T0 : 0x1f8b8    : c_sd a4, 8(a5)             : MemWrite :  D=0x0000000000000000 A=0x73018
1389500: system.cpu: T0 : 0x1f8ba    : c_sd a4, 16(a5)            : MemWrite :  D=0x0000000000000000 A=0x73020
1390000: system.cpu: T0 : 0x1f8bc    : c_sd a4, 24(a5)            : MemWrite :  D=0x0000000000000000 A=0x73028
1390500: system.cpu: T0 : 0x1f8be    : c_sd a4, 32(a5)            : MemWrite :  D=0x0000000000000000 A=0x73030
1391000: system.cpu: T0 : 0x1f8c0    : c_sd a4, 40(a5)            : MemWrite :  D=0x0000000000000000 A=0x73038
1391500: system.cpu: T0 : 0x1f8c2    : c_sd a4, 48(a5)            : MemWrite :  D=0x0000000000000000 A=0x73040
1392000: system.cpu: T0 : 0x1f8c4    : c_sd a4, 56(a5)            : MemWrite :  D=0x0000000000000000 A=0x73048
1393000: system.cpu: T0 : 0x1f8c6    : addi a5, a5, 64            : IntAlu :  D=0x0000000000073050
1394000: system.cpu: T0 : 0x1f8ca    : bne a2, a5, -20            : IntAlu : 
1394500: system.cpu: T0 : 0x1f8b6    : c_sd a4, 0(a5)             : MemWrite :  D=0x0000000000000000 A=0x73050
1395000: system.cpu: T0 : 0x1f8b8    : c_sd a4, 8(a5)             : MemWrite :  D=0x0000000000000000 A=0x73058
1395500: system.cpu: T0 : 0x1f8ba    : c_sd a4, 16(a5)            : MemWrite :  D=0x0000000000000000 A=0x73060
1396000: system.cpu: T0 : 0x1f8bc    : c_sd a4, 24(a5)            : MemWrite :  D=0x0000000000000000 A=0x73068
1396500: system.cpu: T0 : 0x1f8be    : c_sd a4, 32(a5)            : MemWrite :  D=0x0000000000000000 A=0x73070
1397000: system.cpu: T0 : 0x1f8c0    : c_sd a4, 40(a5)            : MemWrite :  D=0x0000000000000000 A=0x73078
1397500: system.cpu: T0 : 0x1f8c2    : c_sd a4, 48(a5)            : MemWrite :  D=0x0000000000000000 A=0x73080
1398000: system.cpu: T0 : 0x1f8c4    : c_sd a4, 56(a5)            : MemWrite :  D=0x0000000000000000 A=0x73088
1399000: system.cpu: T0 : 0x1f8c6    : addi a5, a5, 64            : IntAlu :  D=0x0000000000073090
1400000: system.cpu: T0 : 0x1f8ca    : bne a2, a5, -20            : IntAlu : 
1400500: system.cpu: T0 : 0x1f8b6    : c_sd a4, 0(a5)             : MemWrite :  D=0x0000000000000000 A=0x73090
1401000: system.cpu: T0 : 0x1f8b8    : c_sd a4, 8(a5)             : MemWrite :  D=0x0000000000000000 A=0x73098
1401500: system.cpu: T0 : 0x1f8ba    : c_sd a4, 16(a5)            : MemWrite :  D=0x0000000000000000 A=0x730a0
1402000: system.cpu: T0 : 0x1f8bc    : c_sd a4, 24(a5)            : MemWrite :  D=0x0000000000000000 A=0x730a8
1402500: system.cpu: T0 : 0x1f8be    : c_sd a4, 32(a5)            : MemWrite :  D=0x0000000000000000 A=0x730b0
1403000: system.cpu: T0 : 0x1f8c0    : c_sd a4, 40(a5)            : MemWrite :  D=0x0000000000000000 A=0x730b8
1403500: system.cpu: T0 : 0x1f8c2    : c_sd a4, 48(a5)            : MemWrite :  D=0x0000000000000000 A=0x730c0
1404000: system.cpu: T0 : 0x1f8c4    : c_sd a4, 56(a5)            : MemWrite :  D=0x0000000000000000 A=0x730c8
1405000: system.cpu: T0 : 0x1f8c6    : addi a5, a5, 64            : IntAlu :  D=0x00000000000730d0
1406000: system.cpu: T0 : 0x1f8ca    : bne a2, a5, -20            : IntAlu : 
1406500: system.cpu: T0 : 0x1f8b6    : c_sd a4, 0(a5)             : MemWrite :  D=0x0000000000000000 A=0x730d0
1407000: system.cpu: T0 : 0x1f8b8    : c_sd a4, 8(a5)             : MemWrite :  D=0x0000000000000000 A=0x730d8
1407500: system.cpu: T0 : 0x1f8ba    : c_sd a4, 16(a5)            : MemWrite :  D=0x0000000000000000 A=0x730e0
1408000: system.cpu: T0 : 0x1f8bc    : c_sd a4, 24(a5)            : MemWrite :  D=0x0000000000000000 A=0x730e8
1408500: system.cpu: T0 : 0x1f8be    : c_sd a4, 32(a5)            : MemWrite :  D=0x0000000000000000 A=0x730f0
1409000: system.cpu: T0 : 0x1f8c0    : c_sd a4, 40(a5)            : MemWrite :  D=0x0000000000000000 A=0x730f8
1409500: system.cpu: T0 : 0x1f8c2    : c_sd a4, 48(a5)            : MemWrite :  D=0x0000000000000000 A=0x73100
1410000: system.cpu: T0 : 0x1f8c4    : c_sd a4, 56(a5)            : MemWrite :  D=0x0000000000000000 A=0x73108
1411000: system.cpu: T0 : 0x1f8c6    : addi a5, a5, 64            : IntAlu :  D=0x0000000000073110
1412000: system.cpu: T0 : 0x1f8ca    : bne a2, a5, -20            : IntAlu : 
1412500: system.cpu: T0 : 0x1f8b6    : c_sd a4, 0(a5)             : MemWrite :  D=0x0000000000000000 A=0x73110
1413000: system.cpu: T0 : 0x1f8b8    : c_sd a4, 8(a5)             : MemWrite :  D=0x0000000000000000 A=0x73118
1413500: system.cpu: T0 : 0x1f8ba    : c_sd a4, 16(a5)            : MemWrite :  D=0x0000000000000000 A=0x73120
1414000: system.cpu: T0 : 0x1f8bc    : c_sd a4, 24(a5)            : MemWrite :  D=0x0000000000000000 A=0x73128
1414500: system.cpu: T0 : 0x1f8be    : c_sd a4, 32(a5)            : MemWrite :  D=0x0000000000000000 A=0x73130
1415000: system.cpu: T0 : 0x1f8c0    : c_sd a4, 40(a5)            : MemWrite :  D=0x0000000000000000 A=0x73138
1415500: system.cpu: T0 : 0x1f8c2    : c_sd a4, 48(a5)            : MemWrite :  D=0x0000000000000000 A=0x73140
1416000: system.cpu: T0 : 0x1f8c4    : c_sd a4, 56(a5)            : MemWrite :  D=0x0000000000000000 A=0x73148
1417000: system.cpu: T0 : 0x1f8c6    : addi a5, a5, 64            : IntAlu :  D=0x0000000000073150
1418000: system.cpu: T0 : 0x1f8ca    : bne a2, a5, -20            : IntAlu : 
1418500: system.cpu: T0 : 0x1f8b6    : c_sd a4, 0(a5)             : MemWrite :  D=0x0000000000000000 A=0x73150
1419000: system.cpu: T0 : 0x1f8b8    : c_sd a4, 8(a5)             : MemWrite :  D=0x0000000000000000 A=0x73158
1419500: system.cpu: T0 : 0x1f8ba    : c_sd a4, 16(a5)            : MemWrite :  D=0x0000000000000000 A=0x73160
1420000: system.cpu: T0 : 0x1f8bc    : c_sd a4, 24(a5)            : MemWrite :  D=0x0000000000000000 A=0x73168
1420500: system.cpu: T0 : 0x1f8be    : c_sd a4, 32(a5)            : MemWrite :  D=0x0000000000000000 A=0x73170
1421000: system.cpu: T0 : 0x1f8c0    : c_sd a4, 40(a5)            : MemWrite :  D=0x0000000000000000 A=0x73178
1421500: system.cpu: T0 : 0x1f8c2    : c_sd a4, 48(a5)            : MemWrite :  D=0x0000000000000000 A=0x73180
1422000: system.cpu: T0 : 0x1f8c4    : c_sd a4, 56(a5)            : MemWrite :  D=0x0000000000000000 A=0x73188
1423000: system.cpu: T0 : 0x1f8c6    : addi a5, a5, 64            : IntAlu :  D=0x0000000000073190
1424000: system.cpu: T0 : 0x1f8ca    : bne a2, a5, -20            : IntAlu : 
1424500: system.cpu: T0 : 0x1f8b6    : c_sd a4, 0(a5)             : MemWrite :  D=0x0000000000000000 A=0x73190
1425000: system.cpu: T0 : 0x1f8b8    : c_sd a4, 8(a5)             : MemWrite :  D=0x0000000000000000 A=0x73198
1425500: system.cpu: T0 : 0x1f8ba    : c_sd a4, 16(a5)            : MemWrite :  D=0x0000000000000000 A=0x731a0
1426000: system.cpu: T0 : 0x1f8bc    : c_sd a4, 24(a5)            : MemWrite :  D=0x0000000000000000 A=0x731a8
1426500: system.cpu: T0 : 0x1f8be    : c_sd a4, 32(a5)            : MemWrite :  D=0x0000000000000000 A=0x731b0
1427000: system.cpu: T0 : 0x1f8c0    : c_sd a4, 40(a5)            : MemWrite :  D=0x0000000000000000 A=0x731b8
1427500: system.cpu: T0 : 0x1f8c2    : c_sd a4, 48(a5)            : MemWrite :  D=0x0000000000000000 A=0x731c0
1428000: system.cpu: T0 : 0x1f8c4    : c_sd a4, 56(a5)            : MemWrite :  D=0x0000000000000000 A=0x731c8
1429000: system.cpu: T0 : 0x1f8c6    : addi a5, a5, 64            : IntAlu :  D=0x00000000000731d0
1430000: system.cpu: T0 : 0x1f8ca    : bne a2, a5, -20            : IntAlu : 
1430500: system.cpu: T0 : 0x1f8b6    : c_sd a4, 0(a5)             : MemWrite :  D=0x0000000000000000 A=0x731d0
1431000: system.cpu: T0 : 0x1f8b8    : c_sd a4, 8(a5)             : MemWrite :  D=0x0000000000000000 A=0x731d8
1431500: system.cpu: T0 : 0x1f8ba    : c_sd a4, 16(a5)            : MemWrite :  D=0x0000000000000000 A=0x731e0
1432000: system.cpu: T0 : 0x1f8bc    : c_sd a4, 24(a5)            : MemWrite :  D=0x0000000000000000 A=0x731e8
1432500: system.cpu: T0 : 0x1f8be    : c_sd a4, 32(a5)            : MemWrite :  D=0x0000000000000000 A=0x731f0
1433000: system.cpu: T0 : 0x1f8c0    : c_sd a4, 40(a5)            : MemWrite :  D=0x0000000000000000 A=0x731f8
1433500: system.cpu: T0 : 0x1f8c2    : c_sd a4, 48(a5)            : MemWrite :  D=0x0000000000000000 A=0x73200
1434000: system.cpu: T0 : 0x1f8c4    : c_sd a4, 56(a5)            : MemWrite :  D=0x0000000000000000 A=0x73208
1435000: system.cpu: T0 : 0x1f8c6    : addi a5, a5, 64            : IntAlu :  D=0x0000000000073210
1436000: system.cpu: T0 : 0x1f8ca    : bne a2, a5, -20            : IntAlu : 
1437000: system.cpu: T0 : 0x1f8ce    : slli a5, a6, 6             : IntAlu :  D=0x0000000000000280
1437500: system.cpu: T0 : 0x1f8d2    : c_add a5, a7               : IntAlu :  D=0x0000000000073210
1438000: system.cpu: T0 : 0x1f8d4    : srli a6, a3, 3             : IntAlu :  D=0x0000000000000050
1438500: system.cpu: T0 : 0x1f8d8    : andi a6, a6, 7             : IntAlu :  D=0x0000000000000000
1439000: system.cpu: T0 : 0x1f8dc    : beq a6, zero, 26           : IntAlu : 
1440000: system.cpu: T0 : 0x1f8f6    : andi a2, a3, 7             : IntAlu :  D=0x0000000000000000
1441000: system.cpu: T0 : 0x1f8fa    : andi a1, a1, 255           : IntAlu :  D=0x0000000000000000
1442000: system.cpu: T0 : 0x1f8fe    : add a4, a5, a2             : IntAlu :  D=0x0000000000073210
1442500: system.cpu: T0 : 0x1f902    : c_beqz a2, 12              : IntAlu : 
1443000: system.cpu: T0 : 0x1f90e    : c_jr ra                    : IntAlu : 
1443500: system.cpu: T0 : 0x1d92c    : lui a5, 111                : IntAlu :  D=0x000000000006f000
1444000: system.cpu: T0 : 0x1d930    : ld a5, 1448(a5)            : MemRead :  D=0x0000000000000040 A=0x6f5a8
1444500: system.cpu: T0 : 0x1d934    : bgeu s1, a5, -100          : IntAlu : 
1445000: system.cpu: T0 : 0x1d938    : ld a4, 40(tp)              : MemRead :  D=0x0000000000072f90 A=0x72738
1445500: system.cpu: T0 : 0x1d93c    : c_beqz a4, -108            : IntAlu : 
1446500: system.cpu: T0 : 0x1d93e    : slli a3, s1, 1             : IntAlu :  D=0x0000000000000002
1447000: system.cpu: T0 : 0x1d942    : c_add a3, a4               : IntAlu :  D=0x0000000000072f92
1447500: system.cpu: T0 : 0x1d944    : lhu a2, 0(a3)              : MemRead :  D=0x0000000000000000 A=0x72f92
1448000: system.cpu: T0 : 0x1d948    : c_beqz a2, -120            : IntAlu : 
1448500: system.cpu: T0 : 0x1d8d0    : lw a5, -1808(tp)           : MemRead :  D=0x0000000000000000 A=0x72000
1449000: system.cpu: T0 : 0x1d8d4    : c_bnez a5, 210             : IntAlu : 
1450000: system.cpu: T0 : 0x1d8d6    : lui s1, 111                : IntAlu :  D=0x000000000006f000
1450500: system.cpu: T0 : 0x1d8da    : c_mv a1, s0                : IntAlu :  D=0x0000000000000024
1451000: system.cpu: T0 : 0x1d8dc    : addi a0, s1, 1480          : IntAlu :  D=0x000000000006f5c8
1451500: system.cpu: T0 : 0x1d8e0    : jal ra, -5228              : IntAlu :  D=0x000000000001d8e4
1452000: system.cpu: T0 : 0x1c474    : c_addi16sp sp, -256        : IntAlu :  D=0x7ffffffffffffb00
1452500: system.cpu: T0 : 0x1c476    : c_sdsp ra, 248(sp)         : MemWrite :  D=0x000000000001d8e4 A=0x7ffffffffffffbf8
1453000: system.cpu: T0 : 0x1c478    : c_sdsp s0, 240(sp)         : MemWrite :  D=0x0000000000000024 A=0x7ffffffffffffbf0
1453500: system.cpu: T0 : 0x1c47a    : c_sdsp s1, 232(sp)         : MemWrite :  D=0x000000000006f000 A=0x7ffffffffffffbe8
1454000: system.cpu: T0 : 0x1c47c    : c_sdsp s2, 224(sp)         : MemWrite :  D=0x0000000000000002 A=0x7ffffffffffffbe0
1454500: system.cpu: T0 : 0x1c47e    : c_sdsp s3, 216(sp)         : MemWrite :  D=0x0000000000000000 A=0x7ffffffffffffbd8
1455000: system.cpu: T0 : 0x1c480    : c_sdsp s4, 208(sp)         : MemWrite :  D=0x0000000000000000 A=0x7ffffffffffffbd0
1455500: system.cpu: T0 : 0x1c482    : c_sdsp s5, 200(sp)         : MemWrite :  D=0x0000000000000000 A=0x7ffffffffffffbc8
1456000: system.cpu: T0 : 0x1c484    : c_sdsp s6, 192(sp)         : MemWrite :  D=0x0000000000072000 A=0x7ffffffffffffbc0
1456500: system.cpu: T0 : 0x1c486    : c_sdsp s7, 184(sp)         : MemWrite :  D=0x0000000000000000 A=0x7ffffffffffffbb8
1457000: system.cpu: T0 : 0x1c488    : c_sdsp s8, 176(sp)         : MemWrite :  D=0x0000000000000000 A=0x7ffffffffffffbb0
1457500: system.cpu: T0 : 0x1c48a    : c_sdsp s9, 168(sp)         : MemWrite :  D=0x0000000000000003 A=0x7ffffffffffffba8
1458000: system.cpu: T0 : 0x1c48c    : c_sdsp s10, 160(sp)        : MemWrite :  D=0x0000000000000000 A=0x7ffffffffffffba0
1458500: system.cpu: T0 : 0x1c48e    : c_sdsp s11, 152(sp)        : MemWrite :  D=0x0000000000000000 A=0x7ffffffffffffb98
1459000: system.cpu: T0 : 0x1c490    : blt a1, zero, 1198         : IntAlu : 
1459500: system.cpu: T0 : 0x1c494    : addi s0, a1, 23            : IntAlu :  D=0x000000000000003b
1460000: system.cpu: T0 : 0x1c498    : c_li a5, 31                : IntAlu :  D=0x000000000000001f
1460500: system.cpu: T0 : 0x1c49a    : c_mv s3, a1                : IntAlu :  D=0x0000000000000024
1461000: system.cpu: T0 : 0x1c49c    : c_mv s1, a0                : IntAlu :  D=0x000000000006f5c8
1462000: system.cpu: T0 : 0x1c49e    : bltu a5, s0, 220           : IntAlu : 
1462500: system.cpu: T0 : 0x1c57a    : c_andi s0, 18446744073709551600 : IntAlu :  D=0x0000000000000030
1463000: system.cpu: T0 : 0x1c57c    : beq a0, zero, 988          : IntAlu : 
1463500: system.cpu: T0 : 0x1c580    : ld a4, -1376(gp)           : MemRead :  D=0x0000000000000080 A=0x70ac8
1464000: system.cpu: T0 : 0x1c584    : srliw s9, s0, 4            : IntAlu :  D=0x0000000000000003
1464500: system.cpu: T0 : 0x1c588    : srliw a5, s0, 4            : IntAlu :  D=0x0000000000000003
1465000: system.cpu: T0 : 0x1c58c    : bgeu a4, s0, 506           : IntAlu : 
1465500: system.cpu: T0 : 0x1c786    : c_addiw a5, -2             : IntAlu :  D=0x0000000000000001
1466000: system.cpu: T0 : 0x1c788    : slli a2, a5, 32            : IntAlu :  D=0x0000000100000000
1466500: system.cpu: T0 : 0x1c78c    : c_srli a2, 32              : IntAlu :  D=0x0000000000000001
1467000: system.cpu: T0 : 0x1c78e    : c_addi a2, 2               : IntAlu :  D=0x0000000000000003
1467500: system.cpu: T0 : 0x1c790    : c_slli a2, 3               : IntAlu :  D=0x0000000000000018
1468000: system.cpu: T0 : 0x1c792    : c_j -376                   : IntAlu : 
1468500: system.cpu: T0 : 0x1c61a    : c_slli a5, 32              : IntAlu :  D=0x0000000100000000
1469000: system.cpu: T0 : 0x1c61c    : c_srli a5, 29              : IntAlu :  D=0x0000000000000008
1469500: system.cpu: T0 : 0x1c61e    : c_add a5, s1               : IntAlu :  D=0x000000000006f5d0
1470000: system.cpu: T0 : 0x1c620    : ld s2, 16(a5)              : MemRead :  D=0x0000000000000000 A=0x6f5e0
1470500: system.cpu: T0 : 0x1c624    : beq s2, zero, 170          : IntAlu : 
1471500: system.cpu: T0 : 0x1c6ce    : addiw a5, s9, -1           : IntAlu :  D=0x0000000000000002
1472500: system.cpu: T0 : 0x1c6d2    : slliw a5, a5, 1            : IntAlu :  D=0x0000000000000004
1473000: system.cpu: T0 : 0x1c6d6    : c_slli a5, 32              : IntAlu :  D=0x0000000400000000
1473500: system.cpu: T0 : 0x1c6d8    : c_srli a5, 32              : IntAlu :  D=0x0000000000000004
1474000: system.cpu: T0 : 0x1c6da    : c_addi a5, 14              : IntAlu :  D=0x0000000000000012
1474500: system.cpu: T0 : 0x1c6dc    : c_slli a5, 3               : IntAlu :  D=0x0000000000000090
1475000: system.cpu: T0 : 0x1c6de    : c_j -550                   : IntAlu : 
1475500: system.cpu: T0 : 0x1c4b8    : c_add a5, s1               : IntAlu :  D=0x000000000006f658
1476500: system.cpu: T0 : 0x1c4ba    : ld s2, 8(a5)               : MemRead :  D=0x000000000006f648 A=0x6f660
1477500: system.cpu: T0 : 0x1c4be    : addi a3, a5, -16           : IntAlu :  D=0x000000000006f648
1478500: system.cpu: T0 : 0x1c4c2    : beq a3, s2, 748            : IntAlu : 
1479500: system.cpu: T0 : 0x1c7ae    : srli t1, s0, 9             : IntAlu :  D=0x0000000000000000
1480500: system.cpu: T0 : 0x1c7b2    : addiw a5, t1, 91           : IntAlu :  D=0x000000000000005b
1481500: system.cpu: T0 : 0x1c7b6    : srli s10, s0, 6            : IntAlu :  D=0x0000000000000000
1482000: system.cpu: T0 : 0x1c7ba    : c_sdsp a5, 96(sp)          : MemWrite :  D=0x000000000000005b A=0x7ffffffffffffb60
1482500: system.cpu: T0 : 0x1c7bc    : addiw a5, s10, 48          : IntAlu :  D=0x0000000000000030
1483000: system.cpu: T0 : 0x1c7c0    : c_sdsp a5, 88(sp)          : MemWrite :  D=0x0000000000000030 A=0x7ffffffffffffb58
1484000: system.cpu: T0 : 0x1c7c2    : addi a5, zero, 110         : IntAlu :  D=0x000000000000006e
1484500: system.cpu: T0 : 0x1c7c6    : c_sdsp a5, 112(sp)         : MemWrite :  D=0x000000000000006e A=0x7ffffffffffffb70
1485000: system.cpu: T0 : 0x1c7c8    : addi a5, zero, 119         : IntAlu :  D=0x0000000000000077
1485500: system.cpu: T0 : 0x1c7cc    : c_sdsp a5, 104(sp)         : MemWrite :  D=0x0000000000000077 A=0x7ffffffffffffb68
1486500: system.cpu: T0 : 0x1c7ce    : addi a5, zero, 124         : IntAlu :  D=0x000000000000007c
1487000: system.cpu: T0 : 0x1c7d2    : c_sdsp s9, 8(sp)           : MemWrite :  D=0x0000000000000003 A=0x7ffffffffffffb08
1487500: system.cpu: T0 : 0x1c7d4    : c_sdsp a5, 120(sp)         : MemWrite :  D=0x000000000000007c A=0x7ffffffffffffb78
1488000: system.cpu: T0 : 0x1c7d6    : c_sdsp zero, 128(sp)       : MemWrite :  D=0x0000000000000000 A=0x7ffffffffffffb80
1488500: system.cpu: T0 : 0x1c7d8    : c_sdsp zero, 136(sp)       : MemWrite :  D=0x0000000000000000 A=0x7ffffffffffffb88
1489500: system.cpu: T0 : 0x1c7da    : ld a5, 40(tp)              : MemRead :  D=0x0000000000072f90 A=0x72738
1490500: system.cpu: T0 : 0x1c7de    : addi s6, s0, -17           : IntAlu :  D=0x000000000000001f
1491500: system.cpu: T0 : 0x1c7e2    : srli s6, s6, 4             : IntAlu :  D=0x0000000000000001
1492000: system.cpu: T0 : 0x1c7e6    : c_li s5, 0                 : IntAlu :  D=0x0000000000000000
1492500: system.cpu: T0 : 0x1c7e8    : c_beqz a5, 22              : IntAlu : 
1493500: system.cpu: T0 : 0x1c7ea    : lui a5, 111                : IntAlu :  D=0x000000000006f000
1494500: system.cpu: T0 : 0x1c7ee    : ld s5, 1448(a5)            : MemRead :  D=0x0000000000000040 A=0x6f5a8
1495500: system.cpu: T0 : 0x1c7f2    : sltu s5, s6, s5            : IntAlu :  D=0x0000000000000001
1496500: system.cpu: T0 : 0x1c7f6    : sub s5, zero, s5           : IntAlu :  D=0xffffffffffffffff
1497500: system.cpu: T0 : 0x1c7fa    : and s5, s0, s5             : IntAlu :  D=0x0000000000000030
1498500: system.cpu: T0 : 0x1c7fe    : lui a5, 111                : IntAlu :  D=0x000000000006f000
1499000: system.cpu: T0 : 0x1c802    : c_lui s11, 1               : IntAlu :  D=0x0000000000001000
1499500: system.cpu: T0 : 0x1c804    : lui s7, 111                : IntAlu :  D=0x000000000006f000
1500000: system.cpu: T0 : 0x1c808    : addi a5, a5, 1480          : IntAlu :  D=0x000000000006f5c8
1500500: system.cpu: T0 : 0x1c80c    : addi s8, s1, 96            : IntAlu :  D=0x000000000006f628
1501000: system.cpu: T0 : 0x1c810    : c_li t5, 0                 : IntAlu :  D=0x0000000000000000
1502000: system.cpu: T0 : 0x1c812    : addi s7, s7, 1368          : IntAlu :  D=0x000000000006f558
1503000: system.cpu: T0 : 0x1c816    : add a7, s1, s11            : IntAlu :  D=0x00000000000705c8
1503500: system.cpu: T0 : 0x1c81a    : c_sdsp a5, 56(sp)          : MemWrite :  D=0x000000000006f5c8 A=0x7ffffffffffffb38
1504000: system.cpu: T0 : 0x1c81c    : c_ld a5, 120(s1)           : MemRead :  D=0x000000000006f628 A=0x6f640
1505000: system.cpu: T0 : 0x1c81e    : beq a5, s8, 532            : IntAlu : 
1506000: system.cpu: T0 : 0x1ca32    : addi a5, zero, 1023        : IntAlu :  D=0x00000000000003ff
1507000: system.cpu: T0 : 0x1ca36    : bgeu a5, s0, 38            : IntAlu : 
1507500: system.cpu: T0 : 0x1ca5c    : c_ldsp a3, 8(sp)           : MemRead :  D=0x0000000000000003 A=0x7ffffffffffffb08
1508000: system.cpu: T0 : 0x1ca5e    : c_li a0, 4                 : IntAlu :  D=0x0000000000000004
1508500: system.cpu: T0 : 0x1ca60    : addiw a5, a3, 1            : IntAlu :  D=0x0000000000000004
1509000: system.cpu: T0 : 0x1ca64    : srliw a4, a5, 5            : IntAlu :  D=0x0000000000000000
1509500: system.cpu: T0 : 0x1ca68    : slliw a3, a3, 1            : IntAlu :  D=0x0000000000000006
1510000: system.cpu: T0 : 0x1ca6c    : addi a4, a4, 536           : IntAlu :  D=0x0000000000000218
1510500: system.cpu: T0 : 0x1ca70    : c_slli a3, 32              : IntAlu :  D=0x0000000600000000
1511000: system.cpu: T0 : 0x1ca72    : c_slli a4, 2               : IntAlu :  D=0x0000000000000860
1511500: system.cpu: T0 : 0x1ca74    : c_srli a3, 32              : IntAlu :  D=0x0000000000000006
1512000: system.cpu: T0 : 0x1ca76    : c_add a4, s1               : IntAlu :  D=0x000000000006fe28
1512500: system.cpu: T0 : 0x1ca78    : c_slli a3, 3               : IntAlu :  D=0x0000000000000030
1513000: system.cpu: T0 : 0x1ca7a    : c_lw a2, 0(a4)             : MemRead :  D=0x0000000000000000 A=0x6fe28
1513500: system.cpu: T0 : 0x1ca7c    : addi a3, a3, 96            : IntAlu :  D=0x0000000000000090
1514000: system.cpu: T0 : 0x1ca80    : c_li a4, 1                 : IntAlu :  D=0x0000000000000001
1515000: system.cpu: T0 : 0x1ca82    : srliw s2, a5, 5            : IntAlu :  D=0x0000000000000000
1515500: system.cpu: T0 : 0x1ca86    : c_add a3, s1               : IntAlu :  D=0x000000000006f658
1516000: system.cpu: T0 : 0x1ca88    : sllw a5, a4, a5            : IntAlu :  D=0x0000000000000010
1516500: system.cpu: T0 : 0x1ca8c    : bltu a2, a5, 144           : IntAlu : 
1517000: system.cpu: T0 : 0x1cb1c    : addiw a5, s2, 1            : IntAlu :  D=0x0000000000000001
1517500: system.cpu: T0 : 0x1cb20    : addiw s2, a5, 0            : IntAlu :  D=0x0000000000000001
1518000: system.cpu: T0 : 0x1cb24    : bne s2, a0, -26            : IntAlu : 
1518500: system.cpu: T0 : 0x1cb0a    : c_slli a5, 32              : IntAlu :  D=0x0000000100000000
1519000: system.cpu: T0 : 0x1cb0c    : c_srli a5, 32              : IntAlu :  D=0x0000000000000001
1520000: system.cpu: T0 : 0x1cb0e    : addi a5, a5, 536           : IntAlu :  D=0x0000000000000219
1520500: system.cpu: T0 : 0x1cb12    : c_slli a5, 2               : IntAlu :  D=0x0000000000000864
1521000: system.cpu: T0 : 0x1cb14    : c_add a5, s1               : IntAlu :  D=0x000000000006fe2c
1521500: system.cpu: T0 : 0x1cb16    : c_lw a2, 0(a5)             : MemRead :  D=0x0000000000000000 A=0x6fe2c
1522000: system.cpu: T0 : 0x1cb18    : bne a2, zero, 384          : IntAlu : 
1522500: system.cpu: T0 : 0x1cb1c    : addiw a5, s2, 1            : IntAlu :  D=0x0000000000000002
1523000: system.cpu: T0 : 0x1cb20    : addiw s2, a5, 0            : IntAlu :  D=0x0000000000000002
1523500: system.cpu: T0 : 0x1cb24    : bne s2, a0, -26            : IntAlu : 
1524000: system.cpu: T0 : 0x1cb0a    : c_slli a5, 32              : IntAlu :  D=0x0000000200000000
1524500: system.cpu: T0 : 0x1cb0c    : c_srli a5, 32              : IntAlu :  D=0x0000000000000002
1525500: system.cpu: T0 : 0x1cb0e    : addi a5, a5, 536           : IntAlu :  D=0x000000000000021a
1526000: system.cpu: T0 : 0x1cb12    : c_slli a5, 2               : IntAlu :  D=0x0000000000000868
1526500: system.cpu: T0 : 0x1cb14    : c_add a5, s1               : IntAlu :  D=0x000000000006fe30
1527000: system.cpu: T0 : 0x1cb16    : c_lw a2, 0(a5)             : MemRead :  D=0x0000000000000000 A=0x6fe30
1527500: system.cpu: T0 : 0x1cb18    : bne a2, zero, 384          : IntAlu : 
1528000: system.cpu: T0 : 0x1cb1c    : addiw a5, s2, 1            : IntAlu :  D=0x0000000000000003
1528500: system.cpu: T0 : 0x1cb20    : addiw s2, a5, 0            : IntAlu :  D=0x0000000000000003
1529000: system.cpu: T0 : 0x1cb24    : bne s2, a0, -26            : IntAlu : 
1529500: system.cpu: T0 : 0x1cb0a    : c_slli a5, 32              : IntAlu :  D=0x0000000300000000
1530000: system.cpu: T0 : 0x1cb0c    : c_srli a5, 32              : IntAlu :  D=0x0000000000000003
1531000: system.cpu: T0 : 0x1cb0e    : addi a5, a5, 536           : IntAlu :  D=0x000000000000021b
1531500: system.cpu: T0 : 0x1cb12    : c_slli a5, 2               : IntAlu :  D=0x000000000000086c
1532000: system.cpu: T0 : 0x1cb14    : c_add a5, s1               : IntAlu :  D=0x000000000006fe34
1532500: system.cpu: T0 : 0x1cb16    : c_lw a2, 0(a5)             : MemRead :  D=0x0000000000000000 A=0x6fe34
1533000: system.cpu: T0 : 0x1cb18    : bne a2, zero, 384          : IntAlu : 
1533500: system.cpu: T0 : 0x1cb1c    : addiw a5, s2, 1            : IntAlu :  D=0x0000000000000004
1534000: system.cpu: T0 : 0x1cb20    : addiw s2, a5, 0            : IntAlu :  D=0x0000000000000004
1534500: system.cpu: T0 : 0x1cb24    : bne s2, a0, -26            : IntAlu : 
1535000: system.cpu: T0 : 0x1cb28    : c_ld a4, 96(s1)            : MemRead :  D=0x0000000000073210 A=0x6f628
1536000: system.cpu: T0 : 0x1cb2a    : ld a3, -1912(a7)           : MemRead :  D=0x0000000000021080 A=0x6fe50
1536500: system.cpu: T0 : 0x1cb2e    : c_ld a5, 8(a4)             : MemRead :  D=0x0000000000020df1 A=0x73218
1537000: system.cpu: T0 : 0x1cb30    : c_andi a5, 18446744073709551608 : IntAlu :  D=0x0000000000020df0
1538000: system.cpu: T0 : 0x1cb32    : bltu a3, a5, 548           : IntAlu : 
1539000: system.cpu: T0 : 0x1cb36    : addi a3, s0, 32            : IntAlu :  D=0x0000000000000050
1540000: system.cpu: T0 : 0x1cb3a    : bgeu a5, a3, 640           : IntAlu : 
1541000: system.cpu: T0 : 0x1cdba    : add a0, a4, s0             : IntAlu :  D=0x0000000000073240
1542000: system.cpu: T0 : 0x1cdbe    : lui a2, 111                : IntAlu :  D=0x000000000006f000
1542500: system.cpu: T0 : 0x1cdc2    : c_sd a0, 96(s1)            : MemWrite :  D=0x0000000000073240 A=0x6f628
1543000: system.cpu: T0 : 0x1cdc4    : addi a2, a2, 1480          : IntAlu :  D=0x000000000006f5c8
1543500: system.cpu: T0 : 0x1cdc8    : c_sub a5, s0               : IntAlu :  D=0x0000000000020dc0
1544000: system.cpu: T0 : 0x1cdca    : c_li a3, 4                 : IntAlu :  D=0x0000000000000004
1544500: system.cpu: T0 : 0x1cdcc    : beq s1, a2, 116            : IntAlu : 
1545000: system.cpu: T0 : 0x1ce40    : c_li a3, 0                 : IntAlu :  D=0x0000000000000000
1545500: system.cpu: T0 : 0x1ce42    : c_j -114                   : IntAlu : 
1546000: system.cpu: T0 : 0x1cdd0    : c_or a3, s0                : IntAlu :  D=0x0000000000000030
1547000: system.cpu: T0 : 0x1cdd2    : ori a3, a3, 1              : IntAlu :  D=0x0000000000000031
1548000: system.cpu: T0 : 0x1cdd6    : lw a1, -1396(gp)           : MemRead :  D=0x0000000000000000 A=0x70ab4
1548500: system.cpu: T0 : 0x1cdda    : c_sd a3, 8(a4)             : MemWrite :  D=0x0000000000000031 A=0x73218
1549000: system.cpu: T0 : 0x1cddc    : ori a5, a5, 1              : IntAlu :  D=0x0000000000020dc1
1549500: system.cpu: T0 : 0x1cde0    : c_sd a5, 8(a0)             : MemWrite :  D=0x0000000000020dc1 A=0x73248
1550500: system.cpu: T0 : 0x1cde2    : addi s2, a4, 16            : IntAlu :  D=0x0000000000073220
1551500: system.cpu: T0 : 0x1cde6    : beq a1, zero, -1664        : IntAlu : 
1552000: system.cpu: T0 : 0x1c766    : c_ldsp ra, 248(sp)         : MemRead :  D=0x000000000001d8e4 A=0x7ffffffffffffbf8
1552500: system.cpu: T0 : 0x1c768    : c_ldsp s0, 240(sp)         : MemRead :  D=0x0000000000000024 A=0x7ffffffffffffbf0
1553000: system.cpu: T0 : 0x1c76a    : c_ldsp s1, 232(sp)         : MemRead :  D=0x000000000006f000 A=0x7ffffffffffffbe8
1553500: system.cpu: T0 : 0x1c76c    : c_ldsp s3, 216(sp)         : MemRead :  D=0x0000000000000000 A=0x7ffffffffffffbd8
1554000: system.cpu: T0 : 0x1c76e    : c_ldsp s4, 208(sp)         : MemRead :  D=0x0000000000000000 A=0x7ffffffffffffbd0
1554500: system.cpu: T0 : 0x1c770    : c_ldsp s5, 200(sp)         : MemRead :  D=0x0000000000000000 A=0x7ffffffffffffbc8
1555000: system.cpu: T0 : 0x1c772    : c_ldsp s6, 192(sp)         : MemRead :  D=0x0000000000072000 A=0x7ffffffffffffbc0
1555500: system.cpu: T0 : 0x1c774    : c_ldsp s7, 184(sp)         : MemRead :  D=0x0000000000000000 A=0x7ffffffffffffbb8
1556000: system.cpu: T0 : 0x1c776    : c_ldsp s8, 176(sp)         : MemRead :  D=0x0000000000000000 A=0x7ffffffffffffbb0
1556500: system.cpu: T0 : 0x1c778    : c_ldsp s9, 168(sp)         : MemRead :  D=0x0000000000000003 A=0x7ffffffffffffba8
1557000: system.cpu: T0 : 0x1c77a    : c_ldsp s10, 160(sp)        : MemRead :  D=0x0000000000000000 A=0x7ffffffffffffba0
1557500: system.cpu: T0 : 0x1c77c    : c_ldsp s11, 152(sp)        : MemRead :  D=0x0000000000000000 A=0x7ffffffffffffb98
1558000: system.cpu: T0 : 0x1c77e    : c_mv a0, s2                : IntAlu :  D=0x0000000000073220
1558500: system.cpu: T0 : 0x1c780    : c_ldsp s2, 224(sp)         : MemRead :  D=0x0000000000000002 A=0x7ffffffffffffbe0
1559000: system.cpu: T0 : 0x1c782    : c_addi16sp sp, 256         : IntAlu :  D=0x7ffffffffffffc00
1559500: system.cpu: T0 : 0x1c784    : c_jr ra                    : IntAlu : 
1560000: system.cpu: T0 : 0x1d8e4    : c_mv a5, a0                : IntAlu :  D=0x0000000000073220
1560500: system.cpu: T0 : 0x1d8e6    : c_beqz a0, 150             : IntAlu : 
1561000: system.cpu: T0 : 0x1d8e8    : ld a4, -8(a0)              : MemRead :  D=0x0000000000000031 A=0x73218
1561500: system.cpu: T0 : 0x1d8ec    : andi a3, a4, 2             : IntAlu :  D=0x0000000000000000
1562000: system.cpu: T0 : 0x1d8f0    : c_bnez a3, 26              : IntAlu : 
1562500: system.cpu: T0 : 0x1d8f2    : c_andi a4, 4               : IntAlu :  D=0x0000000000000000
1563000: system.cpu: T0 : 0x1d8f4    : c_beqz a4, 22              : IntAlu : 
1563500: system.cpu: T0 : 0x1d90a    : c_ldsp ra, 24(sp)          : MemRead :  D=0x000000000003d96e A=0x7ffffffffffffc18
1564000: system.cpu: T0 : 0x1d90c    : c_ldsp s0, 16(sp)          : MemRead :  D=0x7ffffffffffffcf0 A=0x7ffffffffffffc10
1564500: system.cpu: T0 : 0x1d90e    : c_ldsp s1, 8(sp)           : MemRead :  D=0x7ffffffffffffc20 A=0x7ffffffffffffc08
1565000: system.cpu: T0 : 0x1d910    : c_ldsp s2, 0(sp)           : MemRead :  D=0x0000000000000002 A=0x7ffffffffffffc00
1565500: system.cpu: T0 : 0x1d912    : c_mv a0, a5                : IntAlu :  D=0x0000000000073220
1566000: system.cpu: T0 : 0x1d914    : c_addi16sp sp, 32          : IntAlu :  D=0x7ffffffffffffc20
1566500: system.cpu: T0 : 0x1d916    : c_jr ra                    : IntAlu : 
1567000: system.cpu: T0 : 0x3d96e    : c_mv s6, a0                : IntAlu :  D=0x0000000000073220
1567500: system.cpu: T0 : 0x3d970    : addi a5, s9, 1             : IntAlu :  D=0x0000000000000004
1568000: system.cpu: T0 : 0x3d974    : c_bnez a0, 64              : IntAlu : 
1568500: system.cpu: T0 : 0x3d9b4    : c_ld a1, 0(s1)             : MemRead :  D=0x0000000000061d50 A=0x7ffffffffffffc20
1569500: system.cpu: T0 : 0x3d9b6    : addi a0, a0, 32            : IntAlu :  D=0x0000000000073240
1570500: system.cpu: T0 : 0x3d9ba    : sd a5, 8(s6)               : MemWrite :  D=0x0000000000000004 A=0x73228
1571500: system.cpu: T0 : 0x3d9be    : sd a0, 0(s6)               : MemWrite :  D=0x0000000000073240 A=0x73220
1572500: system.cpu: T0 : 0x3d9c2    : sd a0, 16(s6)              : MemWrite :  D=0x0000000000073240 A=0x73230
1573500: system.cpu: T0 : 0x3d9c6    : sd zero, 24(s6)            : MemWrite :  D=0x0000000000000000 A=0x73238
1574000: system.cpu: T0 : 0x3d9ca    : c_mv a2, s9                : IntAlu :  D=0x0000000000000003
1574500: system.cpu: T0 : 0x3d9cc    : jal ra, -123064            : IntAlu :  D=0x000000000003d9d0
1575000: system.cpu: T0 : 0x1f914    : c_addi sp, -16             : IntAlu :  D=0x7ffffffffffffc10
1575500: system.cpu: T0 : 0x1f916    : c_sdsp s0, 0(sp)           : MemWrite :  D=0x7ffffffffffffcf0 A=0x7ffffffffffffc10
1576000: system.cpu: T0 : 0x1f918    : c_sdsp ra, 8(sp)           : MemWrite :  D=0x000000000003d9d0 A=0x7ffffffffffffc18
1576500: system.cpu: T0 : 0x1f91a    : c_mv s0, a2                : IntAlu :  D=0x0000000000000003
1577000: system.cpu: T0 : 0x1f91c    : jal ra, 112                : IntAlu :  D=0x000000000001f920
1577500: system.cpu: T0 : 0x1f98c    : c_addi16sp sp, -48         : IntAlu :  D=0x7ffffffffffffbe0
1578000: system.cpu: T0 : 0x1f98e    : c_sdsp s0, 32(sp)          : MemWrite :  D=0x0000000000000003 A=0x7ffffffffffffc00
1578500: system.cpu: T0 : 0x1f990    : c_sdsp s2, 16(sp)          : MemWrite :  D=0x0000000000000002 A=0x7ffffffffffffbf0
1579000: system.cpu: T0 : 0x1f992    : c_sdsp ra, 40(sp)          : MemWrite :  D=0x000000000001f920 A=0x7ffffffffffffc08
1579500: system.cpu: T0 : 0x1f994    : c_sdsp s1, 24(sp)          : MemWrite :  D=0x7ffffffffffffc20 A=0x7ffffffffffffbf8
1580000: system.cpu: T0 : 0x1f996    : c_sdsp s3, 8(sp)           : MemWrite :  D=0x0000000000000000 A=0x7ffffffffffffbe8
1580500: system.cpu: T0 : 0x1f998    : c_li a5, 15                : IntAlu :  D=0x000000000000000f
1581000: system.cpu: T0 : 0x1f99a    : c_mv s2, a0                : IntAlu :  D=0x0000000000073240
1581500: system.cpu: T0 : 0x1f99c    : c_mv a4, a0                : IntAlu :  D=0x0000000000073240
1582000: system.cpu: T0 : 0x1f99e    : c_mv s0, a1                : IntAlu :  D=0x0000000000061d50
1582500: system.cpu: T0 : 0x1f9a0    : bgeu a5, a2, 72            : IntAlu : 
1583000: system.cpu: T0 : 0x1f9e8    : c_addi a4, -1              : IntAlu :  D=0x000000000007323f
1583500: system.cpu: T0 : 0x1f9ea    : c_mv a5, s0                : IntAlu :  D=0x0000000000061d50
1584000: system.cpu: T0 : 0x1f9ec    : add a1, a2, s0             : IntAlu :  D=0x0000000000061d53
1584500: system.cpu: T0 : 0x1f9f0    : c_sub a4, s0               : IntAlu :  D=0x00000000000114ef
1585000: system.cpu: T0 : 0x1f9f2    : c_beqz a2, 20              : IntAlu : 
1585500: system.cpu: T0 : 0x1f9f4    : lbu a2, 0(a5)              : MemRead :  D=0x0000000000000074 A=0x61d50
1586000: system.cpu: T0 : 0x1f9f8    : c_addi a5, 1               : IntAlu :  D=0x0000000000061d51
1587000: system.cpu: T0 : 0x1f9fa    : add a3, a4, a5             : IntAlu :  D=0x0000000000073240
1588000: system.cpu: T0 : 0x1f9fe    : sb a2, 0(a3)               : MemWrite :  D=0x0000000000000074 A=0x73240
1589000: system.cpu: T0 : 0x1fa02    : bne a1, a5, -14            : IntAlu : 
1589500: system.cpu: T0 : 0x1f9f4    : lbu a2, 0(a5)              : MemRead :  D=0x000000000000006c A=0x61d51
1590000: system.cpu: T0 : 0x1f9f8    : c_addi a5, 1               : IntAlu :  D=0x0000000000061d52
1591000: system.cpu: T0 : 0x1f9fa    : add a3, a4, a5             : IntAlu :  D=0x0000000000073241
1592000: system.cpu: T0 : 0x1f9fe    : sb a2, 0(a3)               : MemWrite :  D=0x000000000000006c A=0x73241
1593000: system.cpu: T0 : 0x1fa02    : bne a1, a5, -14            : IntAlu : 
1593500: system.cpu: T0 : 0x1f9f4    : lbu a2, 0(a5)              : MemRead :  D=0x0000000000000073 A=0x61d52
1594000: system.cpu: T0 : 0x1f9f8    : c_addi a5, 1               : IntAlu :  D=0x0000000000061d53
1595000: system.cpu: T0 : 0x1f9fa    : add a3, a4, a5             : IntAlu :  D=0x0000000000073242
1596000: system.cpu: T0 : 0x1f9fe    : sb a2, 0(a3)               : MemWrite :  D=0x0000000000000073 A=0x73242
1597000: system.cpu: T0 : 0x1fa02    : bne a1, a5, -14            : IntAlu : 
1597500: system.cpu: T0 : 0x1fa06    : c_ldsp ra, 40(sp)          : MemRead :  D=0x000000000001f920 A=0x7ffffffffffffc08
1598000: system.cpu: T0 : 0x1fa08    : c_ldsp s0, 32(sp)          : MemRead :  D=0x0000000000000003 A=0x7ffffffffffffc00
1598500: system.cpu: T0 : 0x1fa0a    : c_ldsp s1, 24(sp)          : MemRead :  D=0x7ffffffffffffc20 A=0x7ffffffffffffbf8
1599000: system.cpu: T0 : 0x1fa0c    : c_ldsp s3, 8(sp)           : MemRead :  D=0x0000000000000000 A=0x7ffffffffffffbe8
1599500: system.cpu: T0 : 0x1fa0e    : c_mv a0, s2                : IntAlu :  D=0x0000000000073240
1600000: system.cpu: T0 : 0x1fa10    : c_ldsp s2, 16(sp)          : MemRead :  D=0x0000000000000002 A=0x7ffffffffffffbf0
1600500: system.cpu: T0 : 0x1fa12    : c_addi16sp sp, 48          : IntAlu :  D=0x7ffffffffffffc10
1601000: system.cpu: T0 : 0x1fa14    : c_jr ra                    : IntAlu : 
1601500: system.cpu: T0 : 0x1f920    : c_ldsp ra, 8(sp)           : MemRead :  D=0x000000000003d9d0 A=0x7ffffffffffffc18
1602000: system.cpu: T0 : 0x1f922    : c_add a0, s0               : IntAlu :  D=0x0000000000073243
1602500: system.cpu: T0 : 0x1f924    : c_ldsp s0, 0(sp)           : MemRead :  D=0x7ffffffffffffcf0 A=0x7ffffffffffffc10
1603000: system.cpu: T0 : 0x1f926    : c_addi sp, 16              : IntAlu :  D=0x7ffffffffffffc20
1603500: system.cpu: T0 : 0x1f928    : c_jr ra                    : IntAlu : 
1604000: system.cpu: T0 : 0x3d9d0    : ld a4, -136(s0)            : MemRead :  D=0x000000000006efd0 A=0x7ffffffffffffc68
1604500: system.cpu: T0 : 0x3d9d4    : addi a5, zero, 47          : IntAlu :  D=0x000000000000002f
1605000: system.cpu: T0 : 0x3d9d8    : sb a5, 0(a0)               : MemWrite :  D=0x000000000000002f A=0x73243
1605500: system.cpu: T0 : 0x3d9dc    : sd s2, 0(a4)               : MemWrite :  D=0x0000000000000002 A=0x6efd0
1606000: system.cpu: T0 : 0x3d9e0    : ld a5, 8(s6)               : MemRead :  D=0x0000000000000004 A=0x73228
1606500: system.cpu: T0 : 0x3d9e4    : ld a4, -160(s0)            : MemRead :  D=0x000000000006efc8 A=0x7ffffffffffffc50
1607000: system.cpu: T0 : 0x3d9e8    : c_sd a5, 0(a4)             : MemWrite :  D=0x0000000000000004 A=0x6efc8
1607500: system.cpu: T0 : 0x3d9ea    : c_j -178                   : IntAlu : 
1608000: system.cpu: T0 : 0x3d938    : addi sp, s0, -192          : IntAlu :  D=0x7ffffffffffffc30
1608500: system.cpu: T0 : 0x3d93c    : c_ldsp ra, 184(sp)         : MemRead :  D=0x000000000003aea8 A=0x7ffffffffffffce8
1609000: system.cpu: T0 : 0x3d93e    : c_mv a0, s6                : IntAlu :  D=0x0000000000073220
1609500: system.cpu: T0 : 0x3d940    : c_ldsp s0, 176(sp)         : MemRead :  D=0x7ffffffffffffd30 A=0x7ffffffffffffce0
1610000: system.cpu: T0 : 0x3d942    : c_ldsp s1, 168(sp)         : MemRead :  D=0x000000000006fe60 A=0x7ffffffffffffcd8
1610500: system.cpu: T0 : 0x3d944    : c_ldsp s2, 160(sp)         : MemRead :  D=0x0000000000000000 A=0x7ffffffffffffcd0
1611000: system.cpu: T0 : 0x3d946    : c_ldsp s3, 152(sp)         : MemRead :  D=0x000000000006efc0 A=0x7ffffffffffffcc8
1611500: system.cpu: T0 : 0x3d948    : c_ldsp s4, 144(sp)         : MemRead :  D=0x0000000000070000 A=0x7ffffffffffffcc0
1612000: system.cpu: T0 : 0x3d94a    : c_ldsp s5, 136(sp)         : MemRead :  D=0x0000000000072000 A=0x7ffffffffffffcb8
1612500: system.cpu: T0 : 0x3d94c    : c_ldsp s6, 128(sp)         : MemRead :  D=0x0000000000072000 A=0x7ffffffffffffcb0
1613000: system.cpu: T0 : 0x3d94e    : c_ldsp s7, 120(sp)         : MemRead :  D=0x0000000000000000 A=0x7ffffffffffffca8
1613500: system.cpu: T0 : 0x3d950    : c_ldsp s8, 112(sp)         : MemRead :  D=0x0000000000000000 A=0x7ffffffffffffca0
1614000: system.cpu: T0 : 0x3d952    : c_ldsp s9, 104(sp)         : MemRead :  D=0x0000000000000000 A=0x7ffffffffffffc98
1614500: system.cpu: T0 : 0x3d954    : c_ldsp s10, 96(sp)         : MemRead :  D=0x0000000000000000 A=0x7ffffffffffffc90
1615000: system.cpu: T0 : 0x3d956    : c_ldsp s11, 88(sp)         : MemRead :  D=0x0000000000000000 A=0x7ffffffffffffc88
1615500: system.cpu: T0 : 0x3d958    : c_addi16sp sp, 192         : IntAlu :  D=0x7ffffffffffffcf0
1616000: system.cpu: T0 : 0x3d95a    : c_jr ra                    : IntAlu : 
1616500: system.cpu: T0 : 0x3aea8    : c_mv a5, a0                : IntAlu :  D=0x0000000000073220
1617500: system.cpu: T0 : 0x3aeaa    : addi a0, zero, 40          : IntAlu :  D=0x0000000000000028
1618500: system.cpu: T0 : 0x3aeae    : sd a5, 24(s3)              : MemWrite :  D=0x0000000000073220 A=0x6efd8
1619500: system.cpu: T0 : 0x3aeb2    : jal ra, -120344            : IntAlu :  D=0x000000000003aeb6
1620500: system.cpu: T0 : 0x1d89a    : ld t1, -1848(gp)           : MemRead :  D=0x0000000000000000 A=0x708f0
1621500: system.cpu: T0 : 0x1d89e    : bne t1, zero, 260          : IntAlu : 
1622000: system.cpu: T0 : 0x1d8a2    : c_addi sp, -32             : IntAlu :  D=0x7ffffffffffffcd0
1622500: system.cpu: T0 : 0x1d8a4    : c_sdsp s0, 16(sp)          : MemWrite :  D=0x7ffffffffffffd30 A=0x7ffffffffffffce0
1623000: system.cpu: T0 : 0x1d8a6    : c_sdsp ra, 24(sp)          : MemWrite :  D=0x000000000003aeb6 A=0x7ffffffffffffce8
1623500: system.cpu: T0 : 0x1d8a8    : c_sdsp s1, 8(sp)           : MemWrite :  D=0x000000000006fe60 A=0x7ffffffffffffcd8
1624000: system.cpu: T0 : 0x1d8aa    : c_sdsp s2, 0(sp)           : MemWrite :  D=0x0000000000000000 A=0x7ffffffffffffcd0
1624500: system.cpu: T0 : 0x1d8ac    : c_mv s0, a0                : IntAlu :  D=0x0000000000000028
1625500: system.cpu: T0 : 0x1d8ae    : blt a0, zero, 222          : IntAlu : 
1626500: system.cpu: T0 : 0x1d8b2    : addi a5, a0, 23            : IntAlu :  D=0x000000000000003f
1627000: system.cpu: T0 : 0x1d8b6    : c_li a4, 31                : IntAlu :  D=0x000000000000001f
1627500: system.cpu: T0 : 0x1d8b8    : c_li s1, 0                 : IntAlu :  D=0x0000000000000000
1628500: system.cpu: T0 : 0x1d8ba    : bltu a4, a5, 94            : IntAlu : 
1629000: system.cpu: T0 : 0x1d918    : c_andi a5, 18446744073709551600 : IntAlu :  D=0x0000000000000030
1629500: system.cpu: T0 : 0x1d91a    : c_addi a5, -17             : IntAlu :  D=0x000000000000001f
1630000: system.cpu: T0 : 0x1d91c    : srli s1, a5, 4             : IntAlu :  D=0x0000000000000001
1630500: system.cpu: T0 : 0x1d920    : c_j -98                    : IntAlu : 
1631500: system.cpu: T0 : 0x1d8be    : ld a4, 40(tp)              : MemRead :  D=0x0000000000072f90 A=0x72738
1632000: system.cpu: T0 : 0x1d8c2    : c_beqz a4, 96              : IntAlu : 
1632500: system.cpu: T0 : 0x1d8c4    : lui a5, 111                : IntAlu :  D=0x000000000006f000
1633000: system.cpu: T0 : 0x1d8c8    : ld a5, 1448(a5)            : MemRead :  D=0x0000000000000040 A=0x6f5a8
1633500: system.cpu: T0 : 0x1d8cc    : bltu s1, a5, 114           : IntAlu : 
1634500: system.cpu: T0 : 0x1d93e    : slli a3, s1, 1             : IntAlu :  D=0x0000000000000002
1635000: system.cpu: T0 : 0x1d942    : c_add a3, a4               : IntAlu :  D=0x0000000000072f92
1635500: system.cpu: T0 : 0x1d944    : lhu a2, 0(a3)              : MemRead :  D=0x0000000000000000 A=0x72f92
1636000: system.cpu: T0 : 0x1d948    : c_beqz a2, -120            : IntAlu : 
1636500: system.cpu: T0 : 0x1d8d0    : lw a5, -1808(tp)           : MemRead :  D=0x0000000000000000 A=0x72000
1637000: system.cpu: T0 : 0x1d8d4    : c_bnez a5, 210             : IntAlu : 
1638000: system.cpu: T0 : 0x1d8d6    : lui s1, 111                : IntAlu :  D=0x000000000006f000
1638500: system.cpu: T0 : 0x1d8da    : c_mv a1, s0                : IntAlu :  D=0x0000000000000028
1639000: system.cpu: T0 : 0x1d8dc    : addi a0, s1, 1480          : IntAlu :  D=0x000000000006f5c8
1639500: system.cpu: T0 : 0x1d8e0    : jal ra, -5228              : IntAlu :  D=0x000000000001d8e4
1640000: system.cpu: T0 : 0x1c474    : c_addi16sp sp, -256        : IntAlu :  D=0x7ffffffffffffbd0
1640500: system.cpu: T0 : 0x1c476    : c_sdsp ra, 248(sp)         : MemWrite :  D=0x000000000001d8e4 A=0x7ffffffffffffcc8
1641000: system.cpu: T0 : 0x1c478    : c_sdsp s0, 240(sp)         : MemWrite :  D=0x0000000000000028 A=0x7ffffffffffffcc0
1641500: system.cpu: T0 : 0x1c47a    : c_sdsp s1, 232(sp)         : MemWrite :  D=0x000000000006f000 A=0x7ffffffffffffcb8
1642000: system.cpu: T0 : 0x1c47c    : c_sdsp s2, 224(sp)         : MemWrite :  D=0x0000000000000000 A=0x7ffffffffffffcb0
1642500: system.cpu: T0 : 0x1c47e    : c_sdsp s3, 216(sp)         : MemWrite :  D=0x000000000006efc0 A=0x7ffffffffffffca8
1643000: system.cpu: T0 : 0x1c480    : c_sdsp s4, 208(sp)         : MemWrite :  D=0x0000000000070000 A=0x7ffffffffffffca0
1643500: system.cpu: T0 : 0x1c482    : c_sdsp s5, 200(sp)         : MemWrite :  D=0x0000000000072000 A=0x7ffffffffffffc98
1644000: system.cpu: T0 : 0x1c484    : c_sdsp s6, 192(sp)         : MemWrite :  D=0x0000000000072000 A=0x7ffffffffffffc90
1644500: system.cpu: T0 : 0x1c486    : c_sdsp s7, 184(sp)         : MemWrite :  D=0x0000000000000000 A=0x7ffffffffffffc88
1645000: system.cpu: T0 : 0x1c488    : c_sdsp s8, 176(sp)         : MemWrite :  D=0x0000000000000000 A=0x7ffffffffffffc80
1645500: system.cpu: T0 : 0x1c48a    : c_sdsp s9, 168(sp)         : MemWrite :  D=0x0000000000000000 A=0x7ffffffffffffc78
1646000: system.cpu: T0 : 0x1c48c    : c_sdsp s10, 160(sp)        : MemWrite :  D=0x0000000000000000 A=0x7ffffffffffffc70
1646500: system.cpu: T0 : 0x1c48e    : c_sdsp s11, 152(sp)        : MemWrite :  D=0x0000000000000000 A=0x7ffffffffffffc68
1647000: system.cpu: T0 : 0x1c490    : blt a1, zero, 1198         : IntAlu : 
1647500: system.cpu: T0 : 0x1c494    : addi s0, a1, 23            : IntAlu :  D=0x000000000000003f
1648000: system.cpu: T0 : 0x1c498    : c_li a5, 31                : IntAlu :  D=0x000000000000001f
1648500: system.cpu: T0 : 0x1c49a    : c_mv s3, a1                : IntAlu :  D=0x0000000000000028
1649000: system.cpu: T0 : 0x1c49c    : c_mv s1, a0                : IntAlu :  D=0x000000000006f5c8
1650000: system.cpu: T0 : 0x1c49e    : bltu a5, s0, 220           : IntAlu : 
1650500: system.cpu: T0 : 0x1c57a    : c_andi s0, 18446744073709551600 : IntAlu :  D=0x0000000000000030
1651000: system.cpu: T0 : 0x1c57c    : beq a0, zero, 988          : IntAlu : 
1651500: system.cpu: T0 : 0x1c580    : ld a4, -1376(gp)           : MemRead :  D=0x0000000000000080 A=0x70ac8
1652000: system.cpu: T0 : 0x1c584    : srliw s9, s0, 4            : IntAlu :  D=0x0000000000000003
1652500: system.cpu: T0 : 0x1c588    : srliw a5, s0, 4            : IntAlu :  D=0x0000000000000003
1653000: system.cpu: T0 : 0x1c58c    : bgeu a4, s0, 506           : IntAlu : 
1653500: system.cpu: T0 : 0x1c786    : c_addiw a5, -2             : IntAlu :  D=0x0000000000000001
1654000: system.cpu: T0 : 0x1c788    : slli a2, a5, 32            : IntAlu :  D=0x0000000100000000
1654500: system.cpu: T0 : 0x1c78c    : c_srli a2, 32              : IntAlu :  D=0x0000000000000001
1655000: system.cpu: T0 : 0x1c78e    : c_addi a2, 2               : IntAlu :  D=0x0000000000000003
1655500: system.cpu: T0 : 0x1c790    : c_slli a2, 3               : IntAlu :  D=0x0000000000000018
1656000: system.cpu: T0 : 0x1c792    : c_j -376                   : IntAlu : 
1656500: system.cpu: T0 : 0x1c61a    : c_slli a5, 32              : IntAlu :  D=0x0000000100000000
1657000: system.cpu: T0 : 0x1c61c    : c_srli a5, 29              : IntAlu :  D=0x0000000000000008
1657500: system.cpu: T0 : 0x1c61e    : c_add a5, s1               : IntAlu :  D=0x000000000006f5d0
1658000: system.cpu: T0 : 0x1c620    : ld s2, 16(a5)              : MemRead :  D=0x0000000000000000 A=0x6f5e0
1658500: system.cpu: T0 : 0x1c624    : beq s2, zero, 170          : IntAlu : 
1659500: system.cpu: T0 : 0x1c6ce    : addiw a5, s9, -1           : IntAlu :  D=0x0000000000000002
1660500: system.cpu: T0 : 0x1c6d2    : slliw a5, a5, 1            : IntAlu :  D=0x0000000000000004
1661000: system.cpu: T0 : 0x1c6d6    : c_slli a5, 32              : IntAlu :  D=0x0000000400000000
1661500: system.cpu: T0 : 0x1c6d8    : c_srli a5, 32              : IntAlu :  D=0x0000000000000004
1662000: system.cpu: T0 : 0x1c6da    : c_addi a5, 14              : IntAlu :  D=0x0000000000000012
1662500: system.cpu: T0 : 0x1c6dc    : c_slli a5, 3               : IntAlu :  D=0x0000000000000090
1663000: system.cpu: T0 : 0x1c6de    : c_j -550                   : IntAlu : 
1663500: system.cpu: T0 : 0x1c4b8    : c_add a5, s1               : IntAlu :  D=0x000000000006f658
1664500: system.cpu: T0 : 0x1c4ba    : ld s2, 8(a5)               : MemRead :  D=0x000000000006f648 A=0x6f660
1665500: system.cpu: T0 : 0x1c4be    : addi a3, a5, -16           : IntAlu :  D=0x000000000006f648
1666500: system.cpu: T0 : 0x1c4c2    : beq a3, s2, 748            : IntAlu : 
1667500: system.cpu: T0 : 0x1c7ae    : srli t1, s0, 9             : IntAlu :  D=0x0000000000000000
1668500: system.cpu: T0 : 0x1c7b2    : addiw a5, t1, 91           : IntAlu :  D=0x000000000000005b
1669500: system.cpu: T0 : 0x1c7b6    : srli s10, s0, 6            : IntAlu :  D=0x0000000000000000
1670000: system.cpu: T0 : 0x1c7ba    : c_sdsp a5, 96(sp)          : MemWrite :  D=0x000000000000005b A=0x7ffffffffffffc30
1670500: system.cpu: T0 : 0x1c7bc    : addiw a5, s10, 48          : IntAlu :  D=0x0000000000000030
1671000: system.cpu: T0 : 0x1c7c0    : c_sdsp a5, 88(sp)          : MemWrite :  D=0x0000000000000030 A=0x7ffffffffffffc28
1672000: system.cpu: T0 : 0x1c7c2    : addi a5, zero, 110         : IntAlu :  D=0x000000000000006e
1672500: system.cpu: T0 : 0x1c7c6    : c_sdsp a5, 112(sp)         : MemWrite :  D=0x000000000000006e A=0x7ffffffffffffc40
1673000: system.cpu: T0 : 0x1c7c8    : addi a5, zero, 119         : IntAlu :  D=0x0000000000000077
1673500: system.cpu: T0 : 0x1c7cc    : c_sdsp a5, 104(sp)         : MemWrite :  D=0x0000000000000077 A=0x7ffffffffffffc38
1674500: system.cpu: T0 : 0x1c7ce    : addi a5, zero, 124         : IntAlu :  D=0x000000000000007c
1675000: system.cpu: T0 : 0x1c7d2    : c_sdsp s9, 8(sp)           : MemWrite :  D=0x0000000000000003 A=0x7ffffffffffffbd8
1675500: system.cpu: T0 : 0x1c7d4    : c_sdsp a5, 120(sp)         : MemWrite :  D=0x000000000000007c A=0x7ffffffffffffc48
1676000: system.cpu: T0 : 0x1c7d6    : c_sdsp zero, 128(sp)       : MemWrite :  D=0x0000000000000000 A=0x7ffffffffffffc50
1676500: system.cpu: T0 : 0x1c7d8    : c_sdsp zero, 136(sp)       : MemWrite :  D=0x0000000000000000 A=0x7ffffffffffffc58
1677500: system.cpu: T0 : 0x1c7da    : ld a5, 40(tp)              : MemRead :  D=0x0000000000072f90 A=0x72738
1678500: system.cpu: T0 : 0x1c7de    : addi s6, s0, -17           : IntAlu :  D=0x000000000000001f
1679500: system.cpu: T0 : 0x1c7e2    : srli s6, s6, 4             : IntAlu :  D=0x0000000000000001
1680000: system.cpu: T0 : 0x1c7e6    : c_li s5, 0                 : IntAlu :  D=0x0000000000000000
1680500: system.cpu: T0 : 0x1c7e8    : c_beqz a5, 22              : IntAlu : 
1681500: system.cpu: T0 : 0x1c7ea    : lui a5, 111                : IntAlu :  D=0x000000000006f000
1682500: system.cpu: T0 : 0x1c7ee    : ld s5, 1448(a5)            : MemRead :  D=0x0000000000000040 A=0x6f5a8
1683500: system.cpu: T0 : 0x1c7f2    : sltu s5, s6, s5            : IntAlu :  D=0x0000000000000001
1684500: system.cpu: T0 : 0x1c7f6    : sub s5, zero, s5           : IntAlu :  D=0xffffffffffffffff
1685500: system.cpu: T0 : 0x1c7fa    : and s5, s0, s5             : IntAlu :  D=0x0000000000000030
1686500: system.cpu: T0 : 0x1c7fe    : lui a5, 111                : IntAlu :  D=0x000000000006f000
1687000: system.cpu: T0 : 0x1c802    : c_lui s11, 1               : IntAlu :  D=0x0000000000001000
1687500: system.cpu: T0 : 0x1c804    : lui s7, 111                : IntAlu :  D=0x000000000006f000
1688000: system.cpu: T0 : 0x1c808    : addi a5, a5, 1480          : IntAlu :  D=0x000000000006f5c8
1688500: system.cpu: T0 : 0x1c80c    : addi s8, s1, 96            : IntAlu :  D=0x000000000006f628
1689000: system.cpu: T0 : 0x1c810    : c_li t5, 0                 : IntAlu :  D=0x0000000000000000
1690000: system.cpu: T0 : 0x1c812    : addi s7, s7, 1368          : IntAlu :  D=0x000000000006f558
1691000: system.cpu: T0 : 0x1c816    : add a7, s1, s11            : IntAlu :  D=0x00000000000705c8
1691500: system.cpu: T0 : 0x1c81a    : c_sdsp a5, 56(sp)          : MemWrite :  D=0x000000000006f5c8 A=0x7ffffffffffffc08
1692000: system.cpu: T0 : 0x1c81c    : c_ld a5, 120(s1)           : MemRead :  D=0x000000000006f628 A=0x6f640
1693000: system.cpu: T0 : 0x1c81e    : beq a5, s8, 532            : IntAlu : 
1694000: system.cpu: T0 : 0x1ca32    : addi a5, zero, 1023        : IntAlu :  D=0x00000000000003ff
1695000: system.cpu: T0 : 0x1ca36    : bgeu a5, s0, 38            : IntAlu : 
1695500: system.cpu: T0 : 0x1ca5c    : c_ldsp a3, 8(sp)           : MemRead :  D=0x0000000000000003 A=0x7ffffffffffffbd8
1696000: system.cpu: T0 : 0x1ca5e    : c_li a0, 4                 : IntAlu :  D=0x0000000000000004
1696500: system.cpu: T0 : 0x1ca60    : addiw a5, a3, 1            : IntAlu :  D=0x0000000000000004
1697000: system.cpu: T0 : 0x1ca64    : srliw a4, a5, 5            : IntAlu :  D=0x0000000000000000
1697500: system.cpu: T0 : 0x1ca68    : slliw a3, a3, 1            : IntAlu :  D=0x0000000000000006
1698000: system.cpu: T0 : 0x1ca6c    : addi a4, a4, 536           : IntAlu :  D=0x0000000000000218
1698500: system.cpu: T0 : 0x1ca70    : c_slli a3, 32              : IntAlu :  D=0x0000000600000000
1699000: system.cpu: T0 : 0x1ca72    : c_slli a4, 2               : IntAlu :  D=0x0000000000000860
1699500: system.cpu: T0 : 0x1ca74    : c_srli a3, 32              : IntAlu :  D=0x0000000000000006
1700000: system.cpu: T0 : 0x1ca76    : c_add a4, s1               : IntAlu :  D=0x000000000006fe28
1700500: system.cpu: T0 : 0x1ca78    : c_slli a3, 3               : IntAlu :  D=0x0000000000000030
1701000: system.cpu: T0 : 0x1ca7a    : c_lw a2, 0(a4)             : MemRead :  D=0x0000000000000000 A=0x6fe28
1701500: system.cpu: T0 : 0x1ca7c    : addi a3, a3, 96            : IntAlu :  D=0x0000000000000090
1702000: system.cpu: T0 : 0x1ca80    : c_li a4, 1                 : IntAlu :  D=0x0000000000000001
1703000: system.cpu: T0 : 0x1ca82    : srliw s2, a5, 5            : IntAlu :  D=0x0000000000000000
1703500: system.cpu: T0 : 0x1ca86    : c_add a3, s1               : IntAlu :  D=0x000000000006f658
1704000: system.cpu: T0 : 0x1ca88    : sllw a5, a4, a5            : IntAlu :  D=0x0000000000000010
1704500: system.cpu: T0 : 0x1ca8c    : bltu a2, a5, 144           : IntAlu : 
1705000: system.cpu: T0 : 0x1cb1c    : addiw a5, s2, 1            : IntAlu :  D=0x0000000000000001
1705500: system.cpu: T0 : 0x1cb20    : addiw s2, a5, 0            : IntAlu :  D=0x0000000000000001
1706000: system.cpu: T0 : 0x1cb24    : bne s2, a0, -26            : IntAlu : 
1706500: system.cpu: T0 : 0x1cb0a    : c_slli a5, 32              : IntAlu :  D=0x0000000100000000
1707000: system.cpu: T0 : 0x1cb0c    : c_srli a5, 32              : IntAlu :  D=0x0000000000000001
1708000: system.cpu: T0 : 0x1cb0e    : addi a5, a5, 536           : IntAlu :  D=0x0000000000000219
1708500: system.cpu: T0 : 0x1cb12    : c_slli a5, 2               : IntAlu :  D=0x0000000000000864
1709000: system.cpu: T0 : 0x1cb14    : c_add a5, s1               : IntAlu :  D=0x000000000006fe2c
1709500: system.cpu: T0 : 0x1cb16    : c_lw a2, 0(a5)             : MemRead :  D=0x0000000000000000 A=0x6fe2c
1710000: system.cpu: T0 : 0x1cb18    : bne a2, zero, 384          : IntAlu : 
1710500: system.cpu: T0 : 0x1cb1c    : addiw a5, s2, 1            : IntAlu :  D=0x0000000000000002
1711000: system.cpu: T0 : 0x1cb20    : addiw s2, a5, 0            : IntAlu :  D=0x0000000000000002
1711500: system.cpu: T0 : 0x1cb24    : bne s2, a0, -26            : IntAlu : 
1712000: system.cpu: T0 : 0x1cb0a    : c_slli a5, 32              : IntAlu :  D=0x0000000200000000
1712500: system.cpu: T0 : 0x1cb0c    : c_srli a5, 32              : IntAlu :  D=0x0000000000000002
1713500: system.cpu: T0 : 0x1cb0e    : addi a5, a5, 536           : IntAlu :  D=0x000000000000021a
1714000: system.cpu: T0 : 0x1cb12    : c_slli a5, 2               : IntAlu :  D=0x0000000000000868
1714500: system.cpu: T0 : 0x1cb14    : c_add a5, s1               : IntAlu :  D=0x000000000006fe30
1715000: system.cpu: T0 : 0x1cb16    : c_lw a2, 0(a5)             : MemRead :  D=0x0000000000000000 A=0x6fe30
1715500: system.cpu: T0 : 0x1cb18    : bne a2, zero, 384          : IntAlu : 
1716000: system.cpu: T0 : 0x1cb1c    : addiw a5, s2, 1            : IntAlu :  D=0x0000000000000003
1716500: system.cpu: T0 : 0x1cb20    : addiw s2, a5, 0            : IntAlu :  D=0x0000000000000003
1717000: system.cpu: T0 : 0x1cb24    : bne s2, a0, -26            : IntAlu : 
1717500: system.cpu: T0 : 0x1cb0a    : c_slli a5, 32              : IntAlu :  D=0x0000000300000000
1718000: system.cpu: T0 : 0x1cb0c    : c_srli a5, 32              : IntAlu :  D=0x0000000000000003
1719000: system.cpu: T0 : 0x1cb0e    : addi a5, a5, 536           : IntAlu :  D=0x000000000000021b
1719500: system.cpu: T0 : 0x1cb12    : c_slli a5, 2               : IntAlu :  D=0x000000000000086c
1720000: system.cpu: T0 : 0x1cb14    : c_add a5, s1               : IntAlu :  D=0x000000000006fe34
1720500: system.cpu: T0 : 0x1cb16    : c_lw a2, 0(a5)             : MemRead :  D=0x0000000000000000 A=0x6fe34
1721000: system.cpu: T0 : 0x1cb18    : bne a2, zero, 384          : IntAlu : 
1721500: system.cpu: T0 : 0x1cb1c    : addiw a5, s2, 1            : IntAlu :  D=0x0000000000000004
1722000: system.cpu: T0 : 0x1cb20    : addiw s2, a5, 0            : IntAlu :  D=0x0000000000000004
1722500: system.cpu: T0 : 0x1cb24    : bne s2, a0, -26            : IntAlu : 
1723000: system.cpu: T0 : 0x1cb28    : c_ld a4, 96(s1)            : MemRead :  D=0x0000000000073240 A=0x6f628
1724000: system.cpu: T0 : 0x1cb2a    : ld a3, -1912(a7)           : MemRead :  D=0x0000000000021080 A=0x6fe50
1724500: system.cpu: T0 : 0x1cb2e    : c_ld a5, 8(a4)             : MemRead :  D=0x0000000000020dc1 A=0x73248
1725000: system.cpu: T0 : 0x1cb30    : c_andi a5, 18446744073709551608 : IntAlu :  D=0x0000000000020dc0
1726000: system.cpu: T0 : 0x1cb32    : bltu a3, a5, 548           : IntAlu : 
1727000: system.cpu: T0 : 0x1cb36    : addi a3, s0, 32            : IntAlu :  D=0x0000000000000050
1728000: system.cpu: T0 : 0x1cb3a    : bgeu a5, a3, 640           : IntAlu : 
1729000: system.cpu: T0 : 0x1cdba    : add a0, a4, s0             : IntAlu :  D=0x0000000000073270
1730000: system.cpu: T0 : 0x1cdbe    : lui a2, 111                : IntAlu :  D=0x000000000006f000
1730500: system.cpu: T0 : 0x1cdc2    : c_sd a0, 96(s1)            : MemWrite :  D=0x0000000000073270 A=0x6f628
1731000: system.cpu: T0 : 0x1cdc4    : addi a2, a2, 1480          : IntAlu :  D=0x000000000006f5c8
1731500: system.cpu: T0 : 0x1cdc8    : c_sub a5, s0               : IntAlu :  D=0x0000000000020d90
1732000: system.cpu: T0 : 0x1cdca    : c_li a3, 4                 : IntAlu :  D=0x0000000000000004
1732500: system.cpu: T0 : 0x1cdcc    : beq s1, a2, 116            : IntAlu : 
1733000: system.cpu: T0 : 0x1ce40    : c_li a3, 0                 : IntAlu :  D=0x0000000000000000
1733500: system.cpu: T0 : 0x1ce42    : c_j -114                   : IntAlu : 
1734000: system.cpu: T0 : 0x1cdd0    : c_or a3, s0                : IntAlu :  D=0x0000000000000030
1735000: system.cpu: T0 : 0x1cdd2    : ori a3, a3, 1              : IntAlu :  D=0x0000000000000031
1736000: system.cpu: T0 : 0x1cdd6    : lw a1, -1396(gp)           : MemRead :  D=0x0000000000000000 A=0x70ab4
1736500: system.cpu: T0 : 0x1cdda    : c_sd a3, 8(a4)             : MemWrite :  D=0x0000000000000031 A=0x73248
1737000: system.cpu: T0 : 0x1cddc    : ori a5, a5, 1              : IntAlu :  D=0x0000000000020d91
1737500: system.cpu: T0 : 0x1cde0    : c_sd a5, 8(a0)             : MemWrite :  D=0x0000000000020d91 A=0x73278
1738500: system.cpu: T0 : 0x1cde2    : addi s2, a4, 16            : IntAlu :  D=0x0000000000073250
1739500: system.cpu: T0 : 0x1cde6    : beq a1, zero, -1664        : IntAlu : 
1740000: system.cpu: T0 : 0x1c766    : c_ldsp ra, 248(sp)         : MemRead :  D=0x000000000001d8e4 A=0x7ffffffffffffcc8
1740500: system.cpu: T0 : 0x1c768    : c_ldsp s0, 240(sp)         : MemRead :  D=0x0000000000000028 A=0x7ffffffffffffcc0
1741000: system.cpu: T0 : 0x1c76a    : c_ldsp s1, 232(sp)         : MemRead :  D=0x000000000006f000 A=0x7ffffffffffffcb8
1741500: system.cpu: T0 : 0x1c76c    : c_ldsp s3, 216(sp)         : MemRead :  D=0x000000000006efc0 A=0x7ffffffffffffca8
1742000: system.cpu: T0 : 0x1c76e    : c_ldsp s4, 208(sp)         : MemRead :  D=0x0000000000070000 A=0x7ffffffffffffca0
1742500: system.cpu: T0 : 0x1c770    : c_ldsp s5, 200(sp)         : MemRead :  D=0x0000000000072000 A=0x7ffffffffffffc98
1743000: system.cpu: T0 : 0x1c772    : c_ldsp s6, 192(sp)         : MemRead :  D=0x0000000000072000 A=0x7ffffffffffffc90
1743500: system.cpu: T0 : 0x1c774    : c_ldsp s7, 184(sp)         : MemRead :  D=0x0000000000000000 A=0x7ffffffffffffc88
1744000: system.cpu: T0 : 0x1c776    : c_ldsp s8, 176(sp)         : MemRead :  D=0x0000000000000000 A=0x7ffffffffffffc80
1744500: system.cpu: T0 : 0x1c778    : c_ldsp s9, 168(sp)         : MemRead :  D=0x0000000000000000 A=0x7ffffffffffffc78
1745000: system.cpu: T0 : 0x1c77a    : c_ldsp s10, 160(sp)        : MemRead :  D=0x0000000000000000 A=0x7ffffffffffffc70
1745500: system.cpu: T0 : 0x1c77c    : c_ldsp s11, 152(sp)        : MemRead :  D=0x0000000000000000 A=0x7ffffffffffffc68
1746000: system.cpu: T0 : 0x1c77e    : c_mv a0, s2                : IntAlu :  D=0x0000000000073250
1746500: system.cpu: T0 : 0x1c780    : c_ldsp s2, 224(sp)         : MemRead :  D=0x0000000000000000 A=0x7ffffffffffffcb0
1747000: system.cpu: T0 : 0x1c782    : c_addi16sp sp, 256         : IntAlu :  D=0x7ffffffffffffcd0
1747500: system.cpu: T0 : 0x1c784    : c_jr ra                    : IntAlu : 
1748000: system.cpu: T0 : 0x1d8e4    : c_mv a5, a0                : IntAlu :  D=0x0000000000073250
1748500: system.cpu: T0 : 0x1d8e6    : c_beqz a0, 150             : IntAlu : 
1749000: system.cpu: T0 : 0x1d8e8    : ld a4, -8(a0)              : MemRead :  D=0x0000000000000031 A=0x73248
1749500: system.cpu: T0 : 0x1d8ec    : andi a3, a4, 2             : IntAlu :  D=0x0000000000000000
1750000: system.cpu: T0 : 0x1d8f0    : c_bnez a3, 26              : IntAlu : 
1750500: system.cpu: T0 : 0x1d8f2    : c_andi a4, 4               : IntAlu :  D=0x0000000000000000
1751000: system.cpu: T0 : 0x1d8f4    : c_beqz a4, 22              : IntAlu : 
1751500: system.cpu: T0 : 0x1d90a    : c_ldsp ra, 24(sp)          : MemRead :  D=0x000000000003aeb6 A=0x7ffffffffffffce8
1752000: system.cpu: T0 : 0x1d90c    : c_ldsp s0, 16(sp)          : MemRead :  D=0x7ffffffffffffd30 A=0x7ffffffffffffce0
1752500: system.cpu: T0 : 0x1d90e    : c_ldsp s1, 8(sp)           : MemRead :  D=0x000000000006fe60 A=0x7ffffffffffffcd8
1753000: system.cpu: T0 : 0x1d910    : c_ldsp s2, 0(sp)           : MemRead :  D=0x0000000000000000 A=0x7ffffffffffffcd0
1753500: system.cpu: T0 : 0x1d912    : c_mv a0, a5                : IntAlu :  D=0x0000000000073250
1754000: system.cpu: T0 : 0x1d914    : c_addi16sp sp, 32          : IntAlu :  D=0x7ffffffffffffcf0
1754500: system.cpu: T0 : 0x1d916    : c_jr ra                    : IntAlu : 
1755500: system.cpu: T0 : 0x3aeb6    : sd a0, 32(s3)              : MemWrite :  D=0x0000000000073250 A=0x6efe0
1756500: system.cpu: T0 : 0x3aeba    : beq a0, zero, 382          : IntAlu : 
1757500: system.cpu: T0 : 0x3aebe    : ld s1, 16(s3)              : MemRead :  D=0x0000000000000002 A=0x6efd0
1758500: system.cpu: T0 : 0x3aec2    : addi a7, zero, 40          : IntAlu :  D=0x0000000000000028
1759000: system.cpu: T0 : 0x3aec6    : c_mv s5, a0                : IntAlu :  D=0x0000000000073250
1759500: system.cpu: T0 : 0x3aec8    : slli s4, s1, 2             : IntAlu :  D=0x0000000000000008
1760000: system.cpu: T0 : 0x3aecc    : addi s4, s4, 79            : IntAlu :  D=0x0000000000000057
1760500: system.cpu: T0 : 0x3aed0    : divu s4, s4, a7            : IntDiv :  D=0x0000000000000002
1761000: system.cpu: T0 : 0x3aed4    : slli a7, s4, 2             : IntAlu :  D=0x0000000000000008
1761500: system.cpu: T0 : 0x3aed8    : c_add s4, a7               : IntAlu :  D=0x000000000000000a
1762500: system.cpu: T0 : 0x3aeda    : slli a0, s4, 5             : IntAlu :  D=0x0000000000000140
1763500: system.cpu: T0 : 0x3aede    : jal ra, -120388            : IntAlu :  D=0x000000000003aee2
1764500: system.cpu: T0 : 0x1d89a    : ld t1, -1848(gp)           : MemRead :  D=0x0000000000000000 A=0x708f0
1765500: system.cpu: T0 : 0x1d89e    : bne t1, zero, 260          : IntAlu : 
1766000: system.cpu: T0 : 0x1d8a2    : c_addi sp, -32             : IntAlu :  D=0x7ffffffffffffcd0
1766500: system.cpu: T0 : 0x1d8a4    : c_sdsp s0, 16(sp)          : MemWrite :  D=0x7ffffffffffffd30 A=0x7ffffffffffffce0
1767000: system.cpu: T0 : 0x1d8a6    : c_sdsp ra, 24(sp)          : MemWrite :  D=0x000000000003aee2 A=0x7ffffffffffffce8
1767500: system.cpu: T0 : 0x1d8a8    : c_sdsp s1, 8(sp)           : MemWrite :  D=0x0000000000000002 A=0x7ffffffffffffcd8
1768000: system.cpu: T0 : 0x1d8aa    : c_sdsp s2, 0(sp)           : MemWrite :  D=0x0000000000000000 A=0x7ffffffffffffcd0
1768500: system.cpu: T0 : 0x1d8ac    : c_mv s0, a0                : IntAlu :  D=0x0000000000000140
1769500: system.cpu: T0 : 0x1d8ae    : blt a0, zero, 222          : IntAlu : 
1770500: system.cpu: T0 : 0x1d8b2    : addi a5, a0, 23            : IntAlu :  D=0x0000000000000157
1771000: system.cpu: T0 : 0x1d8b6    : c_li a4, 31                : IntAlu :  D=0x000000000000001f
1771500: system.cpu: T0 : 0x1d8b8    : c_li s1, 0                 : IntAlu :  D=0x0000000000000000
1772500: system.cpu: T0 : 0x1d8ba    : bltu a4, a5, 94            : IntAlu : 
1773000: system.cpu: T0 : 0x1d918    : c_andi a5, 18446744073709551600 : IntAlu :  D=0x0000000000000150
1773500: system.cpu: T0 : 0x1d91a    : c_addi a5, -17             : IntAlu :  D=0x000000000000013f
1774000: system.cpu: T0 : 0x1d91c    : srli s1, a5, 4             : IntAlu :  D=0x0000000000000013
1774500: system.cpu: T0 : 0x1d920    : c_j -98                    : IntAlu : 
1775500: system.cpu: T0 : 0x1d8be    : ld a4, 40(tp)              : MemRead :  D=0x0000000000072f90 A=0x72738
1776000: system.cpu: T0 : 0x1d8c2    : c_beqz a4, 96              : IntAlu : 
1776500: system.cpu: T0 : 0x1d8c4    : lui a5, 111                : IntAlu :  D=0x000000000006f000
1777000: system.cpu: T0 : 0x1d8c8    : ld a5, 1448(a5)            : MemRead :  D=0x0000000000000040 A=0x6f5a8
1777500: system.cpu: T0 : 0x1d8cc    : bltu s1, a5, 114           : IntAlu : 
1778500: system.cpu: T0 : 0x1d93e    : slli a3, s1, 1             : IntAlu :  D=0x0000000000000026
1779000: system.cpu: T0 : 0x1d942    : c_add a3, a4               : IntAlu :  D=0x0000000000072fb6
1779500: system.cpu: T0 : 0x1d944    : lhu a2, 0(a3)              : MemRead :  D=0x0000000000000000 A=0x72fb6
1780000: system.cpu: T0 : 0x1d948    : c_beqz a2, -120            : IntAlu : 
1780500: system.cpu: T0 : 0x1d8d0    : lw a5, -1808(tp)           : MemRead :  D=0x0000000000000000 A=0x72000
1781000: system.cpu: T0 : 0x1d8d4    : c_bnez a5, 210             : IntAlu : 
1782000: system.cpu: T0 : 0x1d8d6    : lui s1, 111                : IntAlu :  D=0x000000000006f000
1782500: system.cpu: T0 : 0x1d8da    : c_mv a1, s0                : IntAlu :  D=0x0000000000000140
1783000: system.cpu: T0 : 0x1d8dc    : addi a0, s1, 1480          : IntAlu :  D=0x000000000006f5c8
1783500: system.cpu: T0 : 0x1d8e0    : jal ra, -5228              : IntAlu :  D=0x000000000001d8e4
1784000: system.cpu: T0 : 0x1c474    : c_addi16sp sp, -256        : IntAlu :  D=0x7ffffffffffffbd0
1784500: system.cpu: T0 : 0x1c476    : c_sdsp ra, 248(sp)         : MemWrite :  D=0x000000000001d8e4 A=0x7ffffffffffffcc8
1785000: system.cpu: T0 : 0x1c478    : c_sdsp s0, 240(sp)         : MemWrite :  D=0x0000000000000140 A=0x7ffffffffffffcc0
1785500: system.cpu: T0 : 0x1c47a    : c_sdsp s1, 232(sp)         : MemWrite :  D=0x000000000006f000 A=0x7ffffffffffffcb8
1786000: system.cpu: T0 : 0x1c47c    : c_sdsp s2, 224(sp)         : MemWrite :  D=0x0000000000000000 A=0x7ffffffffffffcb0
1786500: system.cpu: T0 : 0x1c47e    : c_sdsp s3, 216(sp)         : MemWrite :  D=0x000000000006efc0 A=0x7ffffffffffffca8
1787000: system.cpu: T0 : 0x1c480    : c_sdsp s4, 208(sp)         : MemWrite :  D=0x000000000000000a A=0x7ffffffffffffca0
1787500: system.cpu: T0 : 0x1c482    : c_sdsp s5, 200(sp)         : MemWrite :  D=0x0000000000073250 A=0x7ffffffffffffc98
1788000: system.cpu: T0 : 0x1c484    : c_sdsp s6, 192(sp)         : MemWrite :  D=0x0000000000072000 A=0x7ffffffffffffc90
1788500: system.cpu: T0 : 0x1c486    : c_sdsp s7, 184(sp)         : MemWrite :  D=0x0000000000000000 A=0x7ffffffffffffc88
1789000: system.cpu: T0 : 0x1c488    : c_sdsp s8, 176(sp)         : MemWrite :  D=0x0000000000000000 A=0x7ffffffffffffc80
1789500: system.cpu: T0 : 0x1c48a    : c_sdsp s9, 168(sp)         : MemWrite :  D=0x0000000000000000 A=0x7ffffffffffffc78
1790000: system.cpu: T0 : 0x1c48c    : c_sdsp s10, 160(sp)        : MemWrite :  D=0x0000000000000000 A=0x7ffffffffffffc70
1790500: system.cpu: T0 : 0x1c48e    : c_sdsp s11, 152(sp)        : MemWrite :  D=0x0000000000000000 A=0x7ffffffffffffc68
1791000: system.cpu: T0 : 0x1c490    : blt a1, zero, 1198         : IntAlu : 
1791500: system.cpu: T0 : 0x1c494    : addi s0, a1, 23            : IntAlu :  D=0x0000000000000157
1792000: system.cpu: T0 : 0x1c498    : c_li a5, 31                : IntAlu :  D=0x000000000000001f
1792500: system.cpu: T0 : 0x1c49a    : c_mv s3, a1                : IntAlu :  D=0x0000000000000140
1793000: system.cpu: T0 : 0x1c49c    : c_mv s1, a0                : IntAlu :  D=0x000000000006f5c8
1794000: system.cpu: T0 : 0x1c49e    : bltu a5, s0, 220           : IntAlu : 
1794500: system.cpu: T0 : 0x1c57a    : c_andi s0, 18446744073709551600 : IntAlu :  D=0x0000000000000150
1795000: system.cpu: T0 : 0x1c57c    : beq a0, zero, 988          : IntAlu : 
1795500: system.cpu: T0 : 0x1c580    : ld a4, -1376(gp)           : MemRead :  D=0x0000000000000080 A=0x70ac8
1796000: system.cpu: T0 : 0x1c584    : srliw s9, s0, 4            : IntAlu :  D=0x0000000000000015
1796500: system.cpu: T0 : 0x1c588    : srliw a5, s0, 4            : IntAlu :  D=0x0000000000000015
1797000: system.cpu: T0 : 0x1c58c    : bgeu a4, s0, 506           : IntAlu : 
1797500: system.cpu: T0 : 0x1c590    : addi a4, zero, 1023        : IntAlu :  D=0x00000000000003ff
1798000: system.cpu: T0 : 0x1c594    : bgeu a4, s0, 1722          : IntAlu : 
1798500: system.cpu: T0 : 0x1cc4e    : c_addiw a5, -1             : IntAlu :  D=0x0000000000000014
1799000: system.cpu: T0 : 0x1cc50    : c_j -1406                  : IntAlu : 
1800000: system.cpu: T0 : 0x1c6d2    : slliw a5, a5, 1            : IntAlu :  D=0x0000000000000028
1800500: system.cpu: T0 : 0x1c6d6    : c_slli a5, 32              : IntAlu :  D=0x0000002800000000
1801000: system.cpu: T0 : 0x1c6d8    : c_srli a5, 32              : IntAlu :  D=0x0000000000000028
1801500: system.cpu: T0 : 0x1c6da    : c_addi a5, 14              : IntAlu :  D=0x0000000000000036
1802000: system.cpu: T0 : 0x1c6dc    : c_slli a5, 3               : IntAlu :  D=0x00000000000001b0
1802500: system.cpu: T0 : 0x1c6de    : c_j -550                   : IntAlu : 
1803000: system.cpu: T0 : 0x1c4b8    : c_add a5, s1               : IntAlu :  D=0x000000000006f778
1804000: system.cpu: T0 : 0x1c4ba    : ld s2, 8(a5)               : MemRead :  D=0x000000000006f768 A=0x6f780
1805000: system.cpu: T0 : 0x1c4be    : addi a3, a5, -16           : IntAlu :  D=0x000000000006f768
1806000: system.cpu: T0 : 0x1c4c2    : beq a3, s2, 748            : IntAlu : 
1807000: system.cpu: T0 : 0x1c7ae    : srli t1, s0, 9             : IntAlu :  D=0x0000000000000000
1808000: system.cpu: T0 : 0x1c7b2    : addiw a5, t1, 91           : IntAlu :  D=0x000000000000005b
1809000: system.cpu: T0 : 0x1c7b6    : srli s10, s0, 6            : IntAlu :  D=0x0000000000000005
1809500: system.cpu: T0 : 0x1c7ba    : c_sdsp a5, 96(sp)          : MemWrite :  D=0x000000000000005b A=0x7ffffffffffffc30
1810000: system.cpu: T0 : 0x1c7bc    : addiw a5, s10, 48          : IntAlu :  D=0x0000000000000035
1810500: system.cpu: T0 : 0x1c7c0    : c_sdsp a5, 88(sp)          : MemWrite :  D=0x0000000000000035 A=0x7ffffffffffffc28
1811500: system.cpu: T0 : 0x1c7c2    : addi a5, zero, 110         : IntAlu :  D=0x000000000000006e
1812000: system.cpu: T0 : 0x1c7c6    : c_sdsp a5, 112(sp)         : MemWrite :  D=0x000000000000006e A=0x7ffffffffffffc40
1812500: system.cpu: T0 : 0x1c7c8    : addi a5, zero, 119         : IntAlu :  D=0x0000000000000077
1813000: system.cpu: T0 : 0x1c7cc    : c_sdsp a5, 104(sp)         : MemWrite :  D=0x0000000000000077 A=0x7ffffffffffffc38
1814000: system.cpu: T0 : 0x1c7ce    : addi a5, zero, 124         : IntAlu :  D=0x000000000000007c
1814500: system.cpu: T0 : 0x1c7d2    : c_sdsp s9, 8(sp)           : MemWrite :  D=0x0000000000000015 A=0x7ffffffffffffbd8
1815000: system.cpu: T0 : 0x1c7d4    : c_sdsp a5, 120(sp)         : MemWrite :  D=0x000000000000007c A=0x7ffffffffffffc48
1815500: system.cpu: T0 : 0x1c7d6    : c_sdsp zero, 128(sp)       : MemWrite :  D=0x0000000000000000 A=0x7ffffffffffffc50
1816000: system.cpu: T0 : 0x1c7d8    : c_sdsp zero, 136(sp)       : MemWrite :  D=0x0000000000000000 A=0x7ffffffffffffc58
1817000: system.cpu: T0 : 0x1c7da    : ld a5, 40(tp)              : MemRead :  D=0x0000000000072f90 A=0x72738
1818000: system.cpu: T0 : 0x1c7de    : addi s6, s0, -17           : IntAlu :  D=0x000000000000013f
1819000: system.cpu: T0 : 0x1c7e2    : srli s6, s6, 4             : IntAlu :  D=0x0000000000000013
1819500: system.cpu: T0 : 0x1c7e6    : c_li s5, 0                 : IntAlu :  D=0x0000000000000000
1820000: system.cpu: T0 : 0x1c7e8    : c_beqz a5, 22              : IntAlu : 
1821000: system.cpu: T0 : 0x1c7ea    : lui a5, 111                : IntAlu :  D=0x000000000006f000
1822000: system.cpu: T0 : 0x1c7ee    : ld s5, 1448(a5)            : MemRead :  D=0x0000000000000040 A=0x6f5a8
1823000: system.cpu: T0 : 0x1c7f2    : sltu s5, s6, s5            : IntAlu :  D=0x0000000000000001
1824000: system.cpu: T0 : 0x1c7f6    : sub s5, zero, s5           : IntAlu :  D=0xffffffffffffffff
1825000: system.cpu: T0 : 0x1c7fa    : and s5, s0, s5             : IntAlu :  D=0x0000000000000150
1826000: system.cpu: T0 : 0x1c7fe    : lui a5, 111                : IntAlu :  D=0x000000000006f000
1826500: system.cpu: T0 : 0x1c802    : c_lui s11, 1               : IntAlu :  D=0x0000000000001000
1827000: system.cpu: T0 : 0x1c804    : lui s7, 111                : IntAlu :  D=0x000000000006f000
1827500: system.cpu: T0 : 0x1c808    : addi a5, a5, 1480          : IntAlu :  D=0x000000000006f5c8
1828000: system.cpu: T0 : 0x1c80c    : addi s8, s1, 96            : IntAlu :  D=0x000000000006f628
1828500: system.cpu: T0 : 0x1c810    : c_li t5, 0                 : IntAlu :  D=0x0000000000000000
1829500: system.cpu: T0 : 0x1c812    : addi s7, s7, 1368          : IntAlu :  D=0x000000000006f558
1830500: system.cpu: T0 : 0x1c816    : add a7, s1, s11            : IntAlu :  D=0x00000000000705c8
1831000: system.cpu: T0 : 0x1c81a    : c_sdsp a5, 56(sp)          : MemWrite :  D=0x000000000006f5c8 A=0x7ffffffffffffc08
1831500: system.cpu: T0 : 0x1c81c    : c_ld a5, 120(s1)           : MemRead :  D=0x000000000006f628 A=0x6f640
1832500: system.cpu: T0 : 0x1c81e    : beq a5, s8, 532            : IntAlu : 
1833500: system.cpu: T0 : 0x1ca32    : addi a5, zero, 1023        : IntAlu :  D=0x00000000000003ff
1834500: system.cpu: T0 : 0x1ca36    : bgeu a5, s0, 38            : IntAlu : 
1835000: system.cpu: T0 : 0x1ca5c    : c_ldsp a3, 8(sp)           : MemRead :  D=0x0000000000000015 A=0x7ffffffffffffbd8
1835500: system.cpu: T0 : 0x1ca5e    : c_li a0, 4                 : IntAlu :  D=0x0000000000000004
1836000: system.cpu: T0 : 0x1ca60    : addiw a5, a3, 1            : IntAlu :  D=0x0000000000000016
1836500: system.cpu: T0 : 0x1ca64    : srliw a4, a5, 5            : IntAlu :  D=0x0000000000000000
1837000: system.cpu: T0 : 0x1ca68    : slliw a3, a3, 1            : IntAlu :  D=0x000000000000002a
1837500: system.cpu: T0 : 0x1ca6c    : addi a4, a4, 536           : IntAlu :  D=0x0000000000000218
1838000: system.cpu: T0 : 0x1ca70    : c_slli a3, 32              : IntAlu :  D=0x0000002a00000000
1838500: system.cpu: T0 : 0x1ca72    : c_slli a4, 2               : IntAlu :  D=0x0000000000000860
1839000: system.cpu: T0 : 0x1ca74    : c_srli a3, 32              : IntAlu :  D=0x000000000000002a
1839500: system.cpu: T0 : 0x1ca76    : c_add a4, s1               : IntAlu :  D=0x000000000006fe28
1840000: system.cpu: T0 : 0x1ca78    : c_slli a3, 3               : IntAlu :  D=0x0000000000000150
1840500: system.cpu: T0 : 0x1ca7a    : c_lw a2, 0(a4)             : MemRead :  D=0x0000000000000000 A=0x6fe28
1841000: system.cpu: T0 : 0x1ca7c    : addi a3, a3, 96            : IntAlu :  D=0x00000000000001b0
1841500: system.cpu: T0 : 0x1ca80    : c_li a4, 1                 : IntAlu :  D=0x0000000000000001
1842500: system.cpu: T0 : 0x1ca82    : srliw s2, a5, 5            : IntAlu :  D=0x0000000000000000
1843000: system.cpu: T0 : 0x1ca86    : c_add a3, s1               : IntAlu :  D=0x000000000006f778
1843500: system.cpu: T0 : 0x1ca88    : sllw a5, a4, a5            : IntAlu :  D=0x0000000000400000
1844000: system.cpu: T0 : 0x1ca8c    : bltu a2, a5, 144           : IntAlu : 
1844500: system.cpu: T0 : 0x1cb1c    : addiw a5, s2, 1            : IntAlu :  D=0x0000000000000001
1845000: system.cpu: T0 : 0x1cb20    : addiw s2, a5, 0            : IntAlu :  D=0x0000000000000001
1845500: system.cpu: T0 : 0x1cb24    : bne s2, a0, -26            : IntAlu : 
1846000: system.cpu: T0 : 0x1cb0a    : c_slli a5, 32              : IntAlu :  D=0x0000000100000000
1846500: system.cpu: T0 : 0x1cb0c    : c_srli a5, 32              : IntAlu :  D=0x0000000000000001
1847500: system.cpu: T0 : 0x1cb0e    : addi a5, a5, 536           : IntAlu :  D=0x0000000000000219
1848000: system.cpu: T0 : 0x1cb12    : c_slli a5, 2               : IntAlu :  D=0x0000000000000864
1848500: system.cpu: T0 : 0x1cb14    : c_add a5, s1               : IntAlu :  D=0x000000000006fe2c
1849000: system.cpu: T0 : 0x1cb16    : c_lw a2, 0(a5)             : MemRead :  D=0x0000000000000000 A=0x6fe2c
1849500: system.cpu: T0 : 0x1cb18    : bne a2, zero, 384          : IntAlu : 
1850000: system.cpu: T0 : 0x1cb1c    : addiw a5, s2, 1            : IntAlu :  D=0x0000000000000002
1850500: system.cpu: T0 : 0x1cb20    : addiw s2, a5, 0            : IntAlu :  D=0x0000000000000002
1851000: system.cpu: T0 : 0x1cb24    : bne s2, a0, -26            : IntAlu : 
1851500: system.cpu: T0 : 0x1cb0a    : c_slli a5, 32              : IntAlu :  D=0x0000000200000000
1852000: system.cpu: T0 : 0x1cb0c    : c_srli a5, 32              : IntAlu :  D=0x0000000000000002
1853000: system.cpu: T0 : 0x1cb0e    : addi a5, a5, 536           : IntAlu :  D=0x000000000000021a
1853500: system.cpu: T0 : 0x1cb12    : c_slli a5, 2               : IntAlu :  D=0x0000000000000868
1854000: system.cpu: T0 : 0x1cb14    : c_add a5, s1               : IntAlu :  D=0x000000000006fe30
1854500: system.cpu: T0 : 0x1cb16    : c_lw a2, 0(a5)             : MemRead :  D=0x0000000000000000 A=0x6fe30
1855000: system.cpu: T0 : 0x1cb18    : bne a2, zero, 384          : IntAlu : 
1855500: system.cpu: T0 : 0x1cb1c    : addiw a5, s2, 1            : IntAlu :  D=0x0000000000000003
1856000: system.cpu: T0 : 0x1cb20    : addiw s2, a5, 0            : IntAlu :  D=0x0000000000000003
1856500: system.cpu: T0 : 0x1cb24    : bne s2, a0, -26            : IntAlu : 
1857000: system.cpu: T0 : 0x1cb0a    : c_slli a5, 32              : IntAlu :  D=0x0000000300000000
1857500: system.cpu: T0 : 0x1cb0c    : c_srli a5, 32              : IntAlu :  D=0x0000000000000003
1858500: system.cpu: T0 : 0x1cb0e    : addi a5, a5, 536           : IntAlu :  D=0x000000000000021b
1859000: system.cpu: T0 : 0x1cb12    : c_slli a5, 2               : IntAlu :  D=0x000000000000086c
1859500: system.cpu: T0 : 0x1cb14    : c_add a5, s1               : IntAlu :  D=0x000000000006fe34
1860000: system.cpu: T0 : 0x1cb16    : c_lw a2, 0(a5)             : MemRead :  D=0x0000000000000000 A=0x6fe34
1860500: system.cpu: T0 : 0x1cb18    : bne a2, zero, 384          : IntAlu : 
1861000: system.cpu: T0 : 0x1cb1c    : addiw a5, s2, 1            : IntAlu :  D=0x0000000000000004
1861500: system.cpu: T0 : 0x1cb20    : addiw s2, a5, 0            : IntAlu :  D=0x0000000000000004
1862000: system.cpu: T0 : 0x1cb24    : bne s2, a0, -26            : IntAlu : 
1862500: system.cpu: T0 : 0x1cb28    : c_ld a4, 96(s1)            : MemRead :  D=0x0000000000073270 A=0x6f628
1863500: system.cpu: T0 : 0x1cb2a    : ld a3, -1912(a7)           : MemRead :  D=0x0000000000021080 A=0x6fe50
1864000: system.cpu: T0 : 0x1cb2e    : c_ld a5, 8(a4)             : MemRead :  D=0x0000000000020d91 A=0x73278
1864500: system.cpu: T0 : 0x1cb30    : c_andi a5, 18446744073709551608 : IntAlu :  D=0x0000000000020d90
1865500: system.cpu: T0 : 0x1cb32    : bltu a3, a5, 548           : IntAlu : 
1866500: system.cpu: T0 : 0x1cb36    : addi a3, s0, 32            : IntAlu :  D=0x0000000000000170
1867500: system.cpu: T0 : 0x1cb3a    : bgeu a5, a3, 640           : IntAlu : 
1868500: system.cpu: T0 : 0x1cdba    : add a0, a4, s0             : IntAlu :  D=0x00000000000733c0
1869500: system.cpu: T0 : 0x1cdbe    : lui a2, 111                : IntAlu :  D=0x000000000006f000
1870000: system.cpu: T0 : 0x1cdc2    : c_sd a0, 96(s1)            : MemWrite :  D=0x00000000000733c0 A=0x6f628
1870500: system.cpu: T0 : 0x1cdc4    : addi a2, a2, 1480          : IntAlu :  D=0x000000000006f5c8
1871000: system.cpu: T0 : 0x1cdc8    : c_sub a5, s0               : IntAlu :  D=0x0000000000020c40
1871500: system.cpu: T0 : 0x1cdca    : c_li a3, 4                 : IntAlu :  D=0x0000000000000004
1872000: system.cpu: T0 : 0x1cdcc    : beq s1, a2, 116            : IntAlu : 
1872500: system.cpu: T0 : 0x1ce40    : c_li a3, 0                 : IntAlu :  D=0x0000000000000000
1873000: system.cpu: T0 : 0x1ce42    : c_j -114                   : IntAlu : 
1873500: system.cpu: T0 : 0x1cdd0    : c_or a3, s0                : IntAlu :  D=0x0000000000000150
1874500: system.cpu: T0 : 0x1cdd2    : ori a3, a3, 1              : IntAlu :  D=0x0000000000000151
1875500: system.cpu: T0 : 0x1cdd6    : lw a1, -1396(gp)           : MemRead :  D=0x0000000000000000 A=0x70ab4
1876000: system.cpu: T0 : 0x1cdda    : c_sd a3, 8(a4)             : MemWrite :  D=0x0000000000000151 A=0x73278
1876500: system.cpu: T0 : 0x1cddc    : ori a5, a5, 1              : IntAlu :  D=0x0000000000020c41
1877000: system.cpu: T0 : 0x1cde0    : c_sd a5, 8(a0)             : MemWrite :  D=0x0000000000020c41 A=0x733c8
1878000: system.cpu: T0 : 0x1cde2    : addi s2, a4, 16            : IntAlu :  D=0x0000000000073280
1879000: system.cpu: T0 : 0x1cde6    : beq a1, zero, -1664        : IntAlu : 
1879500: system.cpu: T0 : 0x1c766    : c_ldsp ra, 248(sp)         : MemRead :  D=0x000000000001d8e4 A=0x7ffffffffffffcc8
1880000: system.cpu: T0 : 0x1c768    : c_ldsp s0, 240(sp)         : MemRead :  D=0x0000000000000140 A=0x7ffffffffffffcc0
1880500: system.cpu: T0 : 0x1c76a    : c_ldsp s1, 232(sp)         : MemRead :  D=0x000000000006f000 A=0x7ffffffffffffcb8
1881000: system.cpu: T0 : 0x1c76c    : c_ldsp s3, 216(sp)         : MemRead :  D=0x000000000006efc0 A=0x7ffffffffffffca8
1881500: system.cpu: T0 : 0x1c76e    : c_ldsp s4, 208(sp)         : MemRead :  D=0x000000000000000a A=0x7ffffffffffffca0
1882000: system.cpu: T0 : 0x1c770    : c_ldsp s5, 200(sp)         : MemRead :  D=0x0000000000073250 A=0x7ffffffffffffc98
1882500: system.cpu: T0 : 0x1c772    : c_ldsp s6, 192(sp)         : MemRead :  D=0x0000000000072000 A=0x7ffffffffffffc90
1883000: system.cpu: T0 : 0x1c774    : c_ldsp s7, 184(sp)         : MemRead :  D=0x0000000000000000 A=0x7ffffffffffffc88
1883500: system.cpu: T0 : 0x1c776    : c_ldsp s8, 176(sp)         : MemRead :  D=0x0000000000000000 A=0x7ffffffffffffc80
1884000: system.cpu: T0 : 0x1c778    : c_ldsp s9, 168(sp)         : MemRead :  D=0x0000000000000000 A=0x7ffffffffffffc78
1884500: system.cpu: T0 : 0x1c77a    : c_ldsp s10, 160(sp)        : MemRead :  D=0x0000000000000000 A=0x7ffffffffffffc70
1885000: system.cpu: T0 : 0x1c77c    : c_ldsp s11, 152(sp)        : MemRead :  D=0x0000000000000000 A=0x7ffffffffffffc68
1885500: system.cpu: T0 : 0x1c77e    : c_mv a0, s2                : IntAlu :  D=0x0000000000073280
1886000: system.cpu: T0 : 0x1c780    : c_ldsp s2, 224(sp)         : MemRead :  D=0x0000000000000000 A=0x7ffffffffffffcb0
1886500: system.cpu: T0 : 0x1c782    : c_addi16sp sp, 256         : IntAlu :  D=0x7ffffffffffffcd0
1887000: system.cpu: T0 : 0x1c784    : c_jr ra                    : IntAlu : 
1887500: system.cpu: T0 : 0x1d8e4    : c_mv a5, a0                : IntAlu :  D=0x0000000000073280
1888000: system.cpu: T0 : 0x1d8e6    : c_beqz a0, 150             : IntAlu : 
1888500: system.cpu: T0 : 0x1d8e8    : ld a4, -8(a0)              : MemRead :  D=0x0000000000000151 A=0x73278
1889000: system.cpu: T0 : 0x1d8ec    : andi a3, a4, 2             : IntAlu :  D=0x0000000000000000
1889500: system.cpu: T0 : 0x1d8f0    : c_bnez a3, 26              : IntAlu : 
1890000: system.cpu: T0 : 0x1d8f2    : c_andi a4, 4               : IntAlu :  D=0x0000000000000000
1890500: system.cpu: T0 : 0x1d8f4    : c_beqz a4, 22              : IntAlu : 
1891000: system.cpu: T0 : 0x1d90a    : c_ldsp ra, 24(sp)          : MemRead :  D=0x000000000003aee2 A=0x7ffffffffffffce8
1891500: system.cpu: T0 : 0x1d90c    : c_ldsp s0, 16(sp)          : MemRead :  D=0x7ffffffffffffd30 A=0x7ffffffffffffce0
1892000: system.cpu: T0 : 0x1d90e    : c_ldsp s1, 8(sp)           : MemRead :  D=0x0000000000000002 A=0x7ffffffffffffcd8
1892500: system.cpu: T0 : 0x1d910    : c_ldsp s2, 0(sp)           : MemRead :  D=0x0000000000000000 A=0x7ffffffffffffcd0
1893000: system.cpu: T0 : 0x1d912    : c_mv a0, a5                : IntAlu :  D=0x0000000000073280
1893500: system.cpu: T0 : 0x1d914    : c_addi16sp sp, 32          : IntAlu :  D=0x7ffffffffffffcf0
1894000: system.cpu: T0 : 0x1d916    : c_jr ra                    : IntAlu : 
1895000: system.cpu: T0 : 0x3aee2    : sd a0, 0(s5)               : MemWrite :  D=0x0000000000073280 A=0x73250
1895500: system.cpu: T0 : 0x3aee6    : c_mv a2, a0                : IntAlu :  D=0x0000000000073280
1896000: system.cpu: T0 : 0x3aee8    : beq a0, zero, 386          : IntAlu : 
1896500: system.cpu: T0 : 0x3aeec    : lui a5, 114                : IntAlu :  D=0x0000000000072000
1897000: system.cpu: T0 : 0x3aef0    : lui a3, 97                 : IntAlu :  D=0x0000000000061000
1897500: system.cpu: T0 : 0x3aef4    : lui a0, 97                 : IntAlu :  D=0x0000000000061000
1898000: system.cpu: T0 : 0x3aef8    : addi a3, a3, 1920          : IntAlu :  D=0x0000000000061780
1898500: system.cpu: T0 : 0x3aefc    : addi a0, a0, 1472          : IntAlu :  D=0x00000000000615c0
1899000: system.cpu: T0 : 0x3af00    : sd a2, -384(a5)            : MemWrite :  D=0x0000000000073280 A=0x71e80
1899500: system.cpu: T0 : 0x3af04    : c_li a5, 23                : IntAlu :  D=0x0000000000000017
1900000: system.cpu: T0 : 0x3af06    : c_sd a3, 24(a2)            : MemWrite :  D=0x0000000000061780 A=0x73298
1900500: system.cpu: T0 : 0x3af08    : addi a6, a3, 72            : IntAlu :  D=0x00000000000617c8
1901000: system.cpu: T0 : 0x3af0c    : sw zero, 40(s3)            : MemWrite :  D=0x0000000000000000 A=0x6efe8
1901500: system.cpu: T0 : 0x3af10    : addi a1, s5, 8             : IntAlu :  D=0x0000000000073258
1902000: system.cpu: T0 : 0x3af14    : c_sd a0, 8(a2)             : MemWrite :  D=0x00000000000615c0 A=0x73288
1903000: system.cpu: T0 : 0x3af16    : sd zero, 16(a2)            : MemWrite :  D=0x0000000000000000 A=0x73290
1903500: system.cpu: T0 : 0x3af1a    : c_sd a5, 32(a2)            : MemWrite :  D=0x0000000000000017 A=0x732a0
1904000: system.cpu: T0 : 0x3af1c    : slli a7, s4, 3             : IntAlu :  D=0x0000000000000050
1904500: system.cpu: T0 : 0x3af20    : addi t3, s5, 32            : IntAlu :  D=0x0000000000073270
1905000: system.cpu: T0 : 0x3af24    : c_addi a3, 24              : IntAlu :  D=0x0000000000061798
1906000: system.cpu: T0 : 0x3af26    : addi t4, zero, 47          : IntAlu :  D=0x000000000000002f
1907000: system.cpu: T0 : 0x3af2a    : addi a4, a2, 40            : IntAlu :  D=0x00000000000732a8
1907500: system.cpu: T0 : 0x3af2e    : c_li a5, 0                 : IntAlu :  D=0x0000000000000000
1908000: system.cpu: T0 : 0x3af30    : c_beqz s1, 14              : IntAlu : 
1909000: system.cpu: T0 : 0x3af32    : sw zero, 0(a4)             : MemWrite :  D=0x0000000000000000 A=0x732a8
1909500: system.cpu: T0 : 0x3af36    : c_addi a5, 1               : IntAlu :  D=0x0000000000000001
1910000: system.cpu: T0 : 0x3af38    : c_addi a4, 4               : IntAlu :  D=0x00000000000732ac
1911000: system.cpu: T0 : 0x3af3a    : bne s1, a5, -8             : IntAlu : 
1912000: system.cpu: T0 : 0x3af32    : sw zero, 0(a4)             : MemWrite :  D=0x0000000000000000 A=0x732ac
1912500: system.cpu: T0 : 0x3af36    : c_addi a5, 1               : IntAlu :  D=0x0000000000000002
1913000: system.cpu: T0 : 0x3af38    : c_addi a4, 4               : IntAlu :  D=0x00000000000732b0
1914000: system.cpu: T0 : 0x3af3a    : bne s1, a5, -8             : IntAlu : 
1915000: system.cpu: T0 : 0x3af3e    : beq t3, a1, 48             : IntAlu : 
1916000: system.cpu: T0 : 0x3af42    : ld a4, 8(a6)               : MemRead :  D=0x000000000000001b A=0x617d0
1917000: system.cpu: T0 : 0x3af46    : add a5, a2, a7             : IntAlu :  D=0x00000000000732d0
1918000: system.cpu: T0 : 0x3af4a    : lbu t1, 0(a3)              : MemRead :  D=0x000000000000002f A=0x61798
1918500: system.cpu: T0 : 0x3af4e    : c_sd a5, 0(a2)             : MemWrite :  D=0x00000000000732d0 A=0x73280
1919000: system.cpu: T0 : 0x3af50    : c_sd a3, 24(a5)            : MemWrite :  D=0x0000000000061798 A=0x732e8
1920000: system.cpu: T0 : 0x3af52    : addi a2, a4, 1             : IntAlu :  D=0x000000000000001c
1920500: system.cpu: T0 : 0x3af56    : c_sd a5, 0(a1)             : MemWrite :  D=0x00000000000732d0 A=0x73258
1921000: system.cpu: T0 : 0x3af58    : c_sd a0, 8(a5)             : MemWrite :  D=0x00000000000615c0 A=0x732d8
1922000: system.cpu: T0 : 0x3af5a    : sd zero, 16(a5)            : MemWrite :  D=0x0000000000000000 A=0x732e0
1922500: system.cpu: T0 : 0x3af5e    : c_sd a4, 32(a5)            : MemWrite :  D=0x000000000000001b A=0x732f0
1923000: system.cpu: T0 : 0x3af60    : c_addi a1, 8               : IntAlu :  D=0x0000000000073260
1923500: system.cpu: T0 : 0x3af62    : c_add a3, a2               : IntAlu :  D=0x00000000000617b4
1924000: system.cpu: T0 : 0x3af64    : c_addi a6, 8               : IntAlu :  D=0x00000000000617d0
1925000: system.cpu: T0 : 0x3af66    : bne t1, t4, 228            : IntAlu : 
1925500: system.cpu: T0 : 0x3af6a    : c_mv a2, a5                : IntAlu :  D=0x00000000000732d0
1926000: system.cpu: T0 : 0x3af6c    : c_j -66                    : IntAlu : 
1927000: system.cpu: T0 : 0x3af2a    : addi a4, a2, 40            : IntAlu :  D=0x00000000000732f8
1927500: system.cpu: T0 : 0x3af2e    : c_li a5, 0                 : IntAlu :  D=0x0000000000000000
1928000: system.cpu: T0 : 0x3af30    : c_beqz s1, 14              : IntAlu : 
1929000: system.cpu: T0 : 0x3af32    : sw zero, 0(a4)             : MemWrite :  D=0x0000000000000000 A=0x732f8
1929500: system.cpu: T0 : 0x3af36    : c_addi a5, 1               : IntAlu :  D=0x0000000000000001
1930000: system.cpu: T0 : 0x3af38    : c_addi a4, 4               : IntAlu :  D=0x00000000000732fc
1931000: system.cpu: T0 : 0x3af3a    : bne s1, a5, -8             : IntAlu : 
1932000: system.cpu: T0 : 0x3af32    : sw zero, 0(a4)             : MemWrite :  D=0x0000000000000000 A=0x732fc
1932500: system.cpu: T0 : 0x3af36    : c_addi a5, 1               : IntAlu :  D=0x0000000000000002
1933000: system.cpu: T0 : 0x3af38    : c_addi a4, 4               : IntAlu :  D=0x0000000000073300
1934000: system.cpu: T0 : 0x3af3a    : bne s1, a5, -8             : IntAlu : 
1935000: system.cpu: T0 : 0x3af3e    : beq t3, a1, 48             : IntAlu : 
1936000: system.cpu: T0 : 0x3af42    : ld a4, 8(a6)               : MemRead :  D=0x0000000000000005 A=0x617d8
1937000: system.cpu: T0 : 0x3af46    : add a5, a2, a7             : IntAlu :  D=0x0000000000073320
1938000: system.cpu: T0 : 0x3af4a    : lbu t1, 0(a3)              : MemRead :  D=0x000000000000002f A=0x617b4
1938500: system.cpu: T0 : 0x3af4e    : c_sd a5, 0(a2)             : MemWrite :  D=0x0000000000073320 A=0x732d0
1939000: system.cpu: T0 : 0x3af50    : c_sd a3, 24(a5)            : MemWrite :  D=0x00000000000617b4 A=0x73338
1940000: system.cpu: T0 : 0x3af52    : addi a2, a4, 1             : IntAlu :  D=0x0000000000000006
1940500: system.cpu: T0 : 0x3af56    : c_sd a5, 0(a1)             : MemWrite :  D=0x0000000000073320 A=0x73260
1941000: system.cpu: T0 : 0x3af58    : c_sd a0, 8(a5)             : MemWrite :  D=0x00000000000615c0 A=0x73328
1942000: system.cpu: T0 : 0x3af5a    : sd zero, 16(a5)            : MemWrite :  D=0x0000000000000000 A=0x73330
1942500: system.cpu: T0 : 0x3af5e    : c_sd a4, 32(a5)            : MemWrite :  D=0x0000000000000005 A=0x73340
1943000: system.cpu: T0 : 0x3af60    : c_addi a1, 8               : IntAlu :  D=0x0000000000073268
1943500: system.cpu: T0 : 0x3af62    : c_add a3, a2               : IntAlu :  D=0x00000000000617ba
1944000: system.cpu: T0 : 0x3af64    : c_addi a6, 8               : IntAlu :  D=0x00000000000617d8
1945000: system.cpu: T0 : 0x3af66    : bne t1, t4, 228            : IntAlu : 
1945500: system.cpu: T0 : 0x3af6a    : c_mv a2, a5                : IntAlu :  D=0x0000000000073320
1946000: system.cpu: T0 : 0x3af6c    : c_j -66                    : IntAlu : 
1947000: system.cpu: T0 : 0x3af2a    : addi a4, a2, 40            : IntAlu :  D=0x0000000000073348
1947500: system.cpu: T0 : 0x3af2e    : c_li a5, 0                 : IntAlu :  D=0x0000000000000000
1948000: system.cpu: T0 : 0x3af30    : c_beqz s1, 14              : IntAlu : 
1949000: system.cpu: T0 : 0x3af32    : sw zero, 0(a4)             : MemWrite :  D=0x0000000000000000 A=0x73348
1949500: system.cpu: T0 : 0x3af36    : c_addi a5, 1               : IntAlu :  D=0x0000000000000001
1950000: system.cpu: T0 : 0x3af38    : c_addi a4, 4               : IntAlu :  D=0x000000000007334c
1951000: system.cpu: T0 : 0x3af3a    : bne s1, a5, -8             : IntAlu : 
1952000: system.cpu: T0 : 0x3af32    : sw zero, 0(a4)             : MemWrite :  D=0x0000000000000000 A=0x7334c
1952500: system.cpu: T0 : 0x3af36    : c_addi a5, 1               : IntAlu :  D=0x0000000000000002
1953000: system.cpu: T0 : 0x3af38    : c_addi a4, 4               : IntAlu :  D=0x0000000000073350
1954000: system.cpu: T0 : 0x3af3a    : bne s1, a5, -8             : IntAlu : 
1955000: system.cpu: T0 : 0x3af3e    : beq t3, a1, 48             : IntAlu : 
1956000: system.cpu: T0 : 0x3af42    : ld a4, 8(a6)               : MemRead :  D=0x0000000000000009 A=0x617e0
1957000: system.cpu: T0 : 0x3af46    : add a5, a2, a7             : IntAlu :  D=0x0000000000073370
1958000: system.cpu: T0 : 0x3af4a    : lbu t1, 0(a3)              : MemRead :  D=0x000000000000002f A=0x617ba
1958500: system.cpu: T0 : 0x3af4e    : c_sd a5, 0(a2)             : MemWrite :  D=0x0000000000073370 A=0x73320
1959000: system.cpu: T0 : 0x3af50    : c_sd a3, 24(a5)            : MemWrite :  D=0x00000000000617ba A=0x73388
1960000: system.cpu: T0 : 0x3af52    : addi a2, a4, 1             : IntAlu :  D=0x000000000000000a
1960500: system.cpu: T0 : 0x3af56    : c_sd a5, 0(a1)             : MemWrite :  D=0x0000000000073370 A=0x73268
1961000: system.cpu: T0 : 0x3af58    : c_sd a0, 8(a5)             : MemWrite :  D=0x00000000000615c0 A=0x73378
1962000: system.cpu: T0 : 0x3af5a    : sd zero, 16(a5)            : MemWrite :  D=0x0000000000000000 A=0x73380
1962500: system.cpu: T0 : 0x3af5e    : c_sd a4, 32(a5)            : MemWrite :  D=0x0000000000000009 A=0x73390
1963000: system.cpu: T0 : 0x3af60    : c_addi a1, 8               : IntAlu :  D=0x0000000000073270
1963500: system.cpu: T0 : 0x3af62    : c_add a3, a2               : IntAlu :  D=0x00000000000617c4
1964000: system.cpu: T0 : 0x3af64    : c_addi a6, 8               : IntAlu :  D=0x00000000000617e0
1965000: system.cpu: T0 : 0x3af66    : bne t1, t4, 228            : IntAlu : 
1965500: system.cpu: T0 : 0x3af6a    : c_mv a2, a5                : IntAlu :  D=0x0000000000073370
1966000: system.cpu: T0 : 0x3af6c    : c_j -66                    : IntAlu : 
1967000: system.cpu: T0 : 0x3af2a    : addi a4, a2, 40            : IntAlu :  D=0x0000000000073398
1967500: system.cpu: T0 : 0x3af2e    : c_li a5, 0                 : IntAlu :  D=0x0000000000000000
1968000: system.cpu: T0 : 0x3af30    : c_beqz s1, 14              : IntAlu : 
1969000: system.cpu: T0 : 0x3af32    : sw zero, 0(a4)             : MemWrite :  D=0x0000000000000000 A=0x73398
1969500: system.cpu: T0 : 0x3af36    : c_addi a5, 1               : IntAlu :  D=0x0000000000000001
1970000: system.cpu: T0 : 0x3af38    : c_addi a4, 4               : IntAlu :  D=0x000000000007339c
1971000: system.cpu: T0 : 0x3af3a    : bne s1, a5, -8             : IntAlu : 
1972000: system.cpu: T0 : 0x3af32    : sw zero, 0(a4)             : MemWrite :  D=0x0000000000000000 A=0x7339c
1972500: system.cpu: T0 : 0x3af36    : c_addi a5, 1               : IntAlu :  D=0x0000000000000002
1973000: system.cpu: T0 : 0x3af38    : c_addi a4, 4               : IntAlu :  D=0x00000000000733a0
1974000: system.cpu: T0 : 0x3af3a    : bne s1, a5, -8             : IntAlu : 
1975000: system.cpu: T0 : 0x3af3e    : beq t3, a1, 48             : IntAlu : 
1975500: system.cpu: T0 : 0x3af6e    : c_li a4, 27                : IntAlu :  D=0x000000000000001b
1976000: system.cpu: T0 : 0x3af70    : sd zero, 0(a2)             : MemWrite :  D=0x0000000000000000 A=0x73370
1976500: system.cpu: T0 : 0x3af74    : sd a4, -1192(gp)           : MemWrite :  D=0x000000000000001b A=0x70b80
1977000: system.cpu: T0 : 0x3af78    : sd zero, 32(s5)            : MemWrite :  D=0x0000000000000000 A=0x73270
1977500: system.cpu: T0 : 0x3af7c    : beq s2, zero, 10           : IntAlu : 
1978000: system.cpu: T0 : 0x3af86    : c_li a5, -1                : IntAlu :  D=0xffffffffffffffff
1978500: system.cpu: T0 : 0x3af88    : sd a5, 48(s3)              : MemWrite :  D=0xffffffffffffffff A=0x6eff0
1979000: system.cpu: T0 : 0x3af8c    : addi sp, s0, -64           : IntAlu :  D=0x7ffffffffffffcf0
1979500: system.cpu: T0 : 0x3af90    : c_ldsp ra, 56(sp)          : MemRead :  D=0x0000000000022876 A=0x7ffffffffffffd28
1980000: system.cpu: T0 : 0x3af92    : c_ldsp s0, 48(sp)          : MemRead :  D=0x000000000006ef80 A=0x7ffffffffffffd20
1980500: system.cpu: T0 : 0x3af94    : c_ldsp s1, 40(sp)          : MemRead :  D=0x000000000006fe60 A=0x7ffffffffffffd18
1981000: system.cpu: T0 : 0x3af96    : c_ldsp s2, 32(sp)          : MemRead :  D=0x0000000000072000 A=0x7ffffffffffffd10
1981500: system.cpu: T0 : 0x3af98    : c_ldsp s3, 24(sp)          : MemRead :  D=0x0000000000072000 A=0x7ffffffffffffd08
1982000: system.cpu: T0 : 0x3af9a    : c_ldsp s4, 16(sp)          : MemRead :  D=0x0000000000070000 A=0x7ffffffffffffd00
1982500: system.cpu: T0 : 0x3af9c    : c_ldsp s5, 8(sp)           : MemRead :  D=0x0000000000072000 A=0x7ffffffffffffcf8
1983000: system.cpu: T0 : 0x3af9e    : c_addi16sp sp, 64          : IntAlu :  D=0x7ffffffffffffd30
1983500: system.cpu: T0 : 0x3afa0    : c_jr ra                    : IntAlu : 
1984500: system.cpu: T0 : 0x22876    : lui a5, 114                : IntAlu :  D=0x0000000000072000
1985500: system.cpu: T0 : 0x2287a    : ld a4, -384(a5)            : MemRead :  D=0x0000000000073280 A=0x71e80
1986500: system.cpu: T0 : 0x2287e    : lui a0, 80                 : IntAlu :  D=0x0000000000050000
1987500: system.cpu: T0 : 0x22882    : lui a5, 114                : IntAlu :  D=0x0000000000072000
1988500: system.cpu: T0 : 0x22886    : addi a0, a0, -400          : IntAlu :  D=0x000000000004fe70
1989500: system.cpu: T0 : 0x2288a    : sd a4, -424(a5)            : MemWrite :  D=0x0000000000073280 A=0x71e58
1990500: system.cpu: T0 : 0x2288e    : jal ra, -57838             : IntAlu :  D=0x0000000000022892
1991000: system.cpu: T0 : 0x146a0    : c_addi16sp sp, -64         : IntAlu :  D=0x7ffffffffffffcf0
1991500: system.cpu: T0 : 0x146a2    : c_sdsp s1, 40(sp)          : MemWrite :  D=0x000000000006fe60 A=0x7ffffffffffffd18
1992000: system.cpu: T0 : 0x146a4    : ld s1, -1360(gp)           : MemRead :  D=0x7fffffffffffff48 A=0x70ad8
1992500: system.cpu: T0 : 0x146a8    : c_sdsp ra, 56(sp)          : MemWrite :  D=0x0000000000022892 A=0x7ffffffffffffd28
1993000: system.cpu: T0 : 0x146aa    : c_sdsp s0, 48(sp)          : MemWrite :  D=0x000000000006ef80 A=0x7ffffffffffffd20
1993500: system.cpu: T0 : 0x146ac    : c_sdsp s2, 32(sp)          : MemWrite :  D=0x0000000000072000 A=0x7ffffffffffffd10
1994000: system.cpu: T0 : 0x146ae    : c_sdsp s3, 24(sp)          : MemWrite :  D=0x0000000000072000 A=0x7ffffffffffffd08
1994500: system.cpu: T0 : 0x146b0    : c_sdsp s4, 16(sp)          : MemWrite :  D=0x0000000000070000 A=0x7ffffffffffffd00
1995000: system.cpu: T0 : 0x146b2    : c_sdsp s5, 8(sp)           : MemWrite :  D=0x0000000000072000 A=0x7ffffffffffffcf8
1995500: system.cpu: T0 : 0x146b4    : c_sdsp s6, 0(sp)           : MemWrite :  D=0x0000000000072000 A=0x7ffffffffffffcf0
1996000: system.cpu: T0 : 0x146b6    : c_beqz s1, 210             : IntAlu : 
1996500: system.cpu: T0 : 0x146b8    : lbu a5, 0(a0)              : MemRead :  D=0x000000000000004c A=0x4fe70
1997000: system.cpu: T0 : 0x146bc    : c_mv s4, a0                : IntAlu :  D=0x000000000004fe70
1997500: system.cpu: T0 : 0x146be    : c_beqz a5, 202             : IntAlu : 
1998000: system.cpu: T0 : 0x146c0    : lbu s5, 1(a0)              : MemRead :  D=0x0000000000000044 A=0x4fe71
1998500: system.cpu: T0 : 0x146c4    : slliw s2, a5, 16           : IntAlu :  D=0x00000000004c0000
1999000: system.cpu: T0 : 0x146c8    : c_ld s0, 0(s1)             : MemRead :  D=0x0000000000000000 A=0x7fffffffffffff48
2000000: system.cpu: T0 : 0x146ca    : sraiw s2, s2, 16           : IntAlu :  D=0x000000000000004c
2001000: system.cpu: T0 : 0x146ce    : bne s5, zero, 86           : IntAlu : 
2001500: system.cpu: T0 : 0x14724    : jal ra, 42488              : IntAlu :  D=0x0000000000014728
2002000: system.cpu: T0 : 0x1ed1c    : andi a5, a0, 7             : IntAlu :  D=0x0000000000000000
2002500: system.cpu: T0 : 0x1ed20    : c_beqz a5, 26              : IntAlu : 
2003000: system.cpu: T0 : 0x1ed3a    : c_mv a5, a0                : IntAlu :  D=0x000000000004fe70
2003500: system.cpu: T0 : 0x1ed3c    : ld a6, -2024(gp)           : MemRead :  D=0xfefefefefefefeff A=0x70840
2004000: system.cpu: T0 : 0x1ed40    : ld a1, -2016(gp)           : MemRead :  D=0x8080808080808080 A=0x70848
2004500: system.cpu: T0 : 0x1ed44    : c_ld a2, 0(a5)             : MemRead :  D=0x5f444e49425f444c A=0x4fe70
2005500: system.cpu: T0 : 0x1ed46    : addi a3, a5, 8             : IntAlu :  D=0x000000000004fe78
2006500: system.cpu: T0 : 0x1ed4a    : add a4, a2, a6             : IntAlu :  D=0x5e434d48415e434b
2007500: system.cpu: T0 : 0x1ed4e    : xori a2, a2, 18446744073709551615 : IntAlu :  D=0xa0bbb1b6bda0bbb3
2008000: system.cpu: T0 : 0x1ed52    : c_and a4, a2               : IntAlu :  D=0x0003010001000303
2008500: system.cpu: T0 : 0x1ed54    : c_and a4, a1               : IntAlu :  D=0x0000000000000000
2009000: system.cpu: T0 : 0x1ed56    : c_beqz a4, 50              : IntAlu : 
2009500: system.cpu: T0 : 0x1ed88    : c_mv a5, a3                : IntAlu :  D=0x000000000004fe78
2010000: system.cpu: T0 : 0x1ed8a    : c_j -70                    : IntAlu : 
2010500: system.cpu: T0 : 0x1ed44    : c_ld a2, 0(a5)             : MemRead :  D=0x0000000000574f4e A=0x4fe78
2011500: system.cpu: T0 : 0x1ed46    : addi a3, a5, 8             : IntAlu :  D=0x000000000004fe80
2012500: system.cpu: T0 : 0x1ed4a    : add a4, a2, a6             : IntAlu :  D=0xfefefefeff564e4d
2013500: system.cpu: T0 : 0x1ed4e    : xori a2, a2, 18446744073709551615 : IntAlu :  D=0xffffffffffa8b0b1
2014000: system.cpu: T0 : 0x1ed52    : c_and a4, a2               : IntAlu :  D=0xfefefefeff000001
2014500: system.cpu: T0 : 0x1ed54    : c_and a4, a1               : IntAlu :  D=0x8080808080000000
2015000: system.cpu: T0 : 0x1ed56    : c_beqz a4, 50              : IntAlu : 
2015500: system.cpu: T0 : 0x1ed58    : lbu a4, -8(a3)             : MemRead :  D=0x000000000000004e A=0x4fe78
2016000: system.cpu: T0 : 0x1ed5c    : c_beqz a4, -40             : IntAlu : 
2017000: system.cpu: T0 : 0x1ed5e    : lbu a4, -7(a3)             : MemRead :  D=0x000000000000004f A=0x4fe79
2017500: system.cpu: T0 : 0x1ed62    : c_beqz a4, 50              : IntAlu : 
2018000: system.cpu: T0 : 0x1ed64    : lbu a4, -6(a3)             : MemRead :  D=0x0000000000000057 A=0x4fe7a
2018500: system.cpu: T0 : 0x1ed68    : c_beqz a4, 52              : IntAlu : 
2019500: system.cpu: T0 : 0x1ed6a    : lbu a4, -5(a3)             : MemRead :  D=0x0000000000000000 A=0x4fe7b
2020000: system.cpu: T0 : 0x1ed6e    : c_beqz a4, 54              : IntAlu : 
2020500: system.cpu: T0 : 0x1eda4    : c_sub a5, a0               : IntAlu :  D=0x0000000000000008
2021500: system.cpu: T0 : 0x1eda6    : addi a0, a5, 3             : IntAlu :  D=0x000000000000000b
2022000: system.cpu: T0 : 0x1edaa    : c_jr ra                    : IntAlu : 
2022500: system.cpu: T0 : 0x14728    : slli a5, s5, 8             : IntAlu :  D=0x0000000000004400
2023000: system.cpu: T0 : 0x1472c    : or a5, s2, a5              : IntAlu :  D=0x000000000000444c
2023500: system.cpu: T0 : 0x14730    : slliw s2, a5, 16           : IntAlu :  D=0x00000000444c0000
2024000: system.cpu: T0 : 0x14734    : c_mv s3, a0                : IntAlu :  D=0x000000000000000b
2025000: system.cpu: T0 : 0x14736    : sraiw s2, s2, 16           : IntAlu :  D=0x000000000000444c
2026000: system.cpu: T0 : 0x1473a    : addi s5, a0, -2            : IntAlu :  D=0x0000000000000009
2026500: system.cpu: T0 : 0x1473e    : c_addi s4, 2               : IntAlu :  D=0x000000000004fe72
2027000: system.cpu: T0 : 0x14740    : c_beqz s0, -50             : IntAlu : 
2027500: system.cpu: T0 : 0x1470e    : c_ldsp ra, 56(sp)          : MemRead :  D=0x0000000000022892 A=0x7ffffffffffffd28
2028000: system.cpu: T0 : 0x14710    : c_mv a0, s0                : IntAlu :  D=0x0000000000000000
2028500: system.cpu: T0 : 0x14712    : c_ldsp s0, 48(sp)          : MemRead :  D=0x000000000006ef80 A=0x7ffffffffffffd20
2029000: system.cpu: T0 : 0x14714    : c_ldsp s1, 40(sp)          : MemRead :  D=0x000000000006fe60 A=0x7ffffffffffffd18
2029500: system.cpu: T0 : 0x14716    : c_ldsp s2, 32(sp)          : MemRead :  D=0x0000000000072000 A=0x7ffffffffffffd10
2030000: system.cpu: T0 : 0x14718    : c_ldsp s3, 24(sp)          : MemRead :  D=0x0000000000072000 A=0x7ffffffffffffd08
2030500: system.cpu: T0 : 0x1471a    : c_ldsp s4, 16(sp)          : MemRead :  D=0x0000000000070000 A=0x7ffffffffffffd00
2031000: system.cpu: T0 : 0x1471c    : c_ldsp s5, 8(sp)           : MemRead :  D=0x0000000000072000 A=0x7ffffffffffffcf8
2031500: system.cpu: T0 : 0x1471e    : c_ldsp s6, 0(sp)           : MemRead :  D=0x0000000000072000 A=0x7ffffffffffffcf0
2032000: system.cpu: T0 : 0x14720    : c_addi16sp sp, 64          : IntAlu :  D=0x7ffffffffffffd30
2032500: system.cpu: T0 : 0x14722    : c_jr ra                    : IntAlu : 
2033000: system.cpu: T0 : 0x22892    : c_li a5, 1                 : IntAlu :  D=0x0000000000000001
2033500: system.cpu: T0 : 0x22894    : c_beqz a0, 10              : IntAlu : 
2034500: system.cpu: T0 : 0x2289e    : lui a0, 80                 : IntAlu :  D=0x0000000000050000
2035500: system.cpu: T0 : 0x228a2    : lui a4, 114                : IntAlu :  D=0x0000000000072000
2036500: system.cpu: T0 : 0x228a6    : addi a0, a0, -384          : IntAlu :  D=0x000000000004fe80
2037500: system.cpu: T0 : 0x228aa    : sw a5, -488(a4)            : MemWrite :  D=0x0000000000000001 A=0x71e18
2038500: system.cpu: T0 : 0x228ae    : jal ra, -57870             : IntAlu :  D=0x00000000000228b2
2039000: system.cpu: T0 : 0x146a0    : c_addi16sp sp, -64         : IntAlu :  D=0x7ffffffffffffcf0
2039500: system.cpu: T0 : 0x146a2    : c_sdsp s1, 40(sp)          : MemWrite :  D=0x000000000006fe60 A=0x7ffffffffffffd18
2040000: system.cpu: T0 : 0x146a4    : ld s1, -1360(gp)           : MemRead :  D=0x7fffffffffffff48 A=0x70ad8
2040500: system.cpu: T0 : 0x146a8    : c_sdsp ra, 56(sp)          : MemWrite :  D=0x00000000000228b2 A=0x7ffffffffffffd28
2041000: system.cpu: T0 : 0x146aa    : c_sdsp s0, 48(sp)          : MemWrite :  D=0x000000000006ef80 A=0x7ffffffffffffd20
2041500: system.cpu: T0 : 0x146ac    : c_sdsp s2, 32(sp)          : MemWrite :  D=0x0000000000072000 A=0x7ffffffffffffd10
2042000: system.cpu: T0 : 0x146ae    : c_sdsp s3, 24(sp)          : MemWrite :  D=0x0000000000072000 A=0x7ffffffffffffd08
2042500: system.cpu: T0 : 0x146b0    : c_sdsp s4, 16(sp)          : MemWrite :  D=0x0000000000070000 A=0x7ffffffffffffd00
2043000: system.cpu: T0 : 0x146b2    : c_sdsp s5, 8(sp)           : MemWrite :  D=0x0000000000072000 A=0x7ffffffffffffcf8
2043500: system.cpu: T0 : 0x146b4    : c_sdsp s6, 0(sp)           : MemWrite :  D=0x0000000000072000 A=0x7ffffffffffffcf0
2044000: system.cpu: T0 : 0x146b6    : c_beqz s1, 210             : IntAlu : 
2044500: system.cpu: T0 : 0x146b8    : lbu a5, 0(a0)              : MemRead :  D=0x000000000000004c A=0x4fe80
2045000: system.cpu: T0 : 0x146bc    : c_mv s4, a0                : IntAlu :  D=0x000000000004fe80
2045500: system.cpu: T0 : 0x146be    : c_beqz a5, 202             : IntAlu : 
2046000: system.cpu: T0 : 0x146c0    : lbu s5, 1(a0)              : MemRead :  D=0x0000000000000044 A=0x4fe81
2046500: system.cpu: T0 : 0x146c4    : slliw s2, a5, 16           : IntAlu :  D=0x00000000004c0000
2047000: system.cpu: T0 : 0x146c8    : c_ld s0, 0(s1)             : MemRead :  D=0x0000000000000000 A=0x7fffffffffffff48
2048000: system.cpu: T0 : 0x146ca    : sraiw s2, s2, 16           : IntAlu :  D=0x000000000000004c
2049000: system.cpu: T0 : 0x146ce    : bne s5, zero, 86           : IntAlu : 
2049500: system.cpu: T0 : 0x14724    : jal ra, 42488              : IntAlu :  D=0x0000000000014728
2050000: system.cpu: T0 : 0x1ed1c    : andi a5, a0, 7             : IntAlu :  D=0x0000000000000000
2050500: system.cpu: T0 : 0x1ed20    : c_beqz a5, 26              : IntAlu : 
2051000: system.cpu: T0 : 0x1ed3a    : c_mv a5, a0                : IntAlu :  D=0x000000000004fe80
2051500: system.cpu: T0 : 0x1ed3c    : ld a6, -2024(gp)           : MemRead :  D=0xfefefefefefefeff A=0x70840
2052000: system.cpu: T0 : 0x1ed40    : ld a1, -2016(gp)           : MemRead :  D=0x8080808080808080 A=0x70848
2052500: system.cpu: T0 : 0x1ed44    : c_ld a2, 0(a5)             : MemRead :  D=0x5f444e49425f444c A=0x4fe80
2053500: system.cpu: T0 : 0x1ed46    : addi a3, a5, 8             : IntAlu :  D=0x000000000004fe88
2054500: system.cpu: T0 : 0x1ed4a    : add a4, a2, a6             : IntAlu :  D=0x5e434d48415e434b
2055500: system.cpu: T0 : 0x1ed4e    : xori a2, a2, 18446744073709551615 : IntAlu :  D=0xa0bbb1b6bda0bbb3
2056000: system.cpu: T0 : 0x1ed52    : c_and a4, a2               : IntAlu :  D=0x0003010001000303
2056500: system.cpu: T0 : 0x1ed54    : c_and a4, a1               : IntAlu :  D=0x0000000000000000
2057000: system.cpu: T0 : 0x1ed56    : c_beqz a4, 50              : IntAlu : 
2057500: system.cpu: T0 : 0x1ed88    : c_mv a5, a3                : IntAlu :  D=0x000000000004fe88
2058000: system.cpu: T0 : 0x1ed8a    : c_j -70                    : IntAlu : 
2058500: system.cpu: T0 : 0x1ed44    : c_ld a2, 0(a5)             : MemRead :  D=0x0000000000544f4e A=0x4fe88
2059500: system.cpu: T0 : 0x1ed46    : addi a3, a5, 8             : IntAlu :  D=0x000000000004fe90
2060500: system.cpu: T0 : 0x1ed4a    : add a4, a2, a6             : IntAlu :  D=0xfefefefeff534e4d
2061500: system.cpu: T0 : 0x1ed4e    : xori a2, a2, 18446744073709551615 : IntAlu :  D=0xffffffffffabb0b1
2062000: system.cpu: T0 : 0x1ed52    : c_and a4, a2               : IntAlu :  D=0xfefefefeff030001
2062500: system.cpu: T0 : 0x1ed54    : c_and a4, a1               : IntAlu :  D=0x8080808080000000
2063000: system.cpu: T0 : 0x1ed56    : c_beqz a4, 50              : IntAlu : 
2063500: system.cpu: T0 : 0x1ed58    : lbu a4, -8(a3)             : MemRead :  D=0x000000000000004e A=0x4fe88
2064000: system.cpu: T0 : 0x1ed5c    : c_beqz a4, -40             : IntAlu : 
2065000: system.cpu: T0 : 0x1ed5e    : lbu a4, -7(a3)             : MemRead :  D=0x000000000000004f A=0x4fe89
2065500: system.cpu: T0 : 0x1ed62    : c_beqz a4, 50              : IntAlu : 
2066000: system.cpu: T0 : 0x1ed64    : lbu a4, -6(a3)             : MemRead :  D=0x0000000000000054 A=0x4fe8a
2066500: system.cpu: T0 : 0x1ed68    : c_beqz a4, 52              : IntAlu : 
2067500: system.cpu: T0 : 0x1ed6a    : lbu a4, -5(a3)             : MemRead :  D=0x0000000000000000 A=0x4fe8b
2068000: system.cpu: T0 : 0x1ed6e    : c_beqz a4, 54              : IntAlu : 
2068500: system.cpu: T0 : 0x1eda4    : c_sub a5, a0               : IntAlu :  D=0x0000000000000008
2069500: system.cpu: T0 : 0x1eda6    : addi a0, a5, 3             : IntAlu :  D=0x000000000000000b
2070000: system.cpu: T0 : 0x1edaa    : c_jr ra                    : IntAlu : 
2070500: system.cpu: T0 : 0x14728    : slli a5, s5, 8             : IntAlu :  D=0x0000000000004400
2071000: system.cpu: T0 : 0x1472c    : or a5, s2, a5              : IntAlu :  D=0x000000000000444c
2071500: system.cpu: T0 : 0x14730    : slliw s2, a5, 16           : IntAlu :  D=0x00000000444c0000
2072000: system.cpu: T0 : 0x14734    : c_mv s3, a0                : IntAlu :  D=0x000000000000000b
2073000: system.cpu: T0 : 0x14736    : sraiw s2, s2, 16           : IntAlu :  D=0x000000000000444c
2074000: system.cpu: T0 : 0x1473a    : addi s5, a0, -2            : IntAlu :  D=0x0000000000000009
2074500: system.cpu: T0 : 0x1473e    : c_addi s4, 2               : IntAlu :  D=0x000000000004fe82
2075000: system.cpu: T0 : 0x14740    : c_beqz s0, -50             : IntAlu : 
2075500: system.cpu: T0 : 0x1470e    : c_ldsp ra, 56(sp)          : MemRead :  D=0x00000000000228b2 A=0x7ffffffffffffd28
2076000: system.cpu: T0 : 0x14710    : c_mv a0, s0                : IntAlu :  D=0x0000000000000000
2076500: system.cpu: T0 : 0x14712    : c_ldsp s0, 48(sp)          : MemRead :  D=0x000000000006ef80 A=0x7ffffffffffffd20
2077000: system.cpu: T0 : 0x14714    : c_ldsp s1, 40(sp)          : MemRead :  D=0x000000000006fe60 A=0x7ffffffffffffd18
2077500: system.cpu: T0 : 0x14716    : c_ldsp s2, 32(sp)          : MemRead :  D=0x0000000000072000 A=0x7ffffffffffffd10
2078000: system.cpu: T0 : 0x14718    : c_ldsp s3, 24(sp)          : MemRead :  D=0x0000000000072000 A=0x7ffffffffffffd08
2078500: system.cpu: T0 : 0x1471a    : c_ldsp s4, 16(sp)          : MemRead :  D=0x0000000000070000 A=0x7ffffffffffffd00
2079000: system.cpu: T0 : 0x1471c    : c_ldsp s5, 8(sp)           : MemRead :  D=0x0000000000072000 A=0x7ffffffffffffcf8
2079500: system.cpu: T0 : 0x1471e    : c_ldsp s6, 0(sp)           : MemRead :  D=0x0000000000072000 A=0x7ffffffffffffcf0
2080000: system.cpu: T0 : 0x14720    : c_addi16sp sp, 64          : IntAlu :  D=0x7ffffffffffffd30
2080500: system.cpu: T0 : 0x14722    : c_jr ra                    : IntAlu : 
2081000: system.cpu: T0 : 0x228b2    : c_li a5, 0                 : IntAlu :  D=0x0000000000000000
2081500: system.cpu: T0 : 0x228b4    : c_beqz a0, 10              : IntAlu : 
2082500: system.cpu: T0 : 0x228be    : lui a0, 80                 : IntAlu :  D=0x0000000000050000
2083500: system.cpu: T0 : 0x228c2    : lui a4, 114                : IntAlu :  D=0x0000000000072000
2084500: system.cpu: T0 : 0x228c6    : addi a0, a0, -368          : IntAlu :  D=0x000000000004fe90
2085500: system.cpu: T0 : 0x228ca    : sw a5, -512(a4)            : MemWrite :  D=0x0000000000000000 A=0x71e00
2086500: system.cpu: T0 : 0x228ce    : jal ra, -57902             : IntAlu :  D=0x00000000000228d2
2087000: system.cpu: T0 : 0x146a0    : c_addi16sp sp, -64         : IntAlu :  D=0x7ffffffffffffcf0
2087500: system.cpu: T0 : 0x146a2    : c_sdsp s1, 40(sp)          : MemWrite :  D=0x000000000006fe60 A=0x7ffffffffffffd18
2088000: system.cpu: T0 : 0x146a4    : ld s1, -1360(gp)           : MemRead :  D=0x7fffffffffffff48 A=0x70ad8
2088500: system.cpu: T0 : 0x146a8    : c_sdsp ra, 56(sp)          : MemWrite :  D=0x00000000000228d2 A=0x7ffffffffffffd28
2089000: system.cpu: T0 : 0x146aa    : c_sdsp s0, 48(sp)          : MemWrite :  D=0x000000000006ef80 A=0x7ffffffffffffd20
2089500: system.cpu: T0 : 0x146ac    : c_sdsp s2, 32(sp)          : MemWrite :  D=0x0000000000072000 A=0x7ffffffffffffd10
2090000: system.cpu: T0 : 0x146ae    : c_sdsp s3, 24(sp)          : MemWrite :  D=0x0000000000072000 A=0x7ffffffffffffd08
2090500: system.cpu: T0 : 0x146b0    : c_sdsp s4, 16(sp)          : MemWrite :  D=0x0000000000070000 A=0x7ffffffffffffd00
2091000: system.cpu: T0 : 0x146b2    : c_sdsp s5, 8(sp)           : MemWrite :  D=0x0000000000072000 A=0x7ffffffffffffcf8
2091500: system.cpu: T0 : 0x146b4    : c_sdsp s6, 0(sp)           : MemWrite :  D=0x0000000000072000 A=0x7ffffffffffffcf0
2092000: system.cpu: T0 : 0x146b6    : c_beqz s1, 210             : IntAlu : 
2092500: system.cpu: T0 : 0x146b8    : lbu a5, 0(a0)              : MemRead :  D=0x000000000000004c A=0x4fe90
2093000: system.cpu: T0 : 0x146bc    : c_mv s4, a0                : IntAlu :  D=0x000000000004fe90
2093500: system.cpu: T0 : 0x146be    : c_beqz a5, 202             : IntAlu : 
2094000: system.cpu: T0 : 0x146c0    : lbu s5, 1(a0)              : MemRead :  D=0x0000000000000044 A=0x4fe91
2094500: system.cpu: T0 : 0x146c4    : slliw s2, a5, 16           : IntAlu :  D=0x00000000004c0000
2095000: system.cpu: T0 : 0x146c8    : c_ld s0, 0(s1)             : MemRead :  D=0x0000000000000000 A=0x7fffffffffffff48
2096000: system.cpu: T0 : 0x146ca    : sraiw s2, s2, 16           : IntAlu :  D=0x000000000000004c
2097000: system.cpu: T0 : 0x146ce    : bne s5, zero, 86           : IntAlu : 
2097500: system.cpu: T0 : 0x14724    : jal ra, 42488              : IntAlu :  D=0x0000000000014728
2098000: system.cpu: T0 : 0x1ed1c    : andi a5, a0, 7             : IntAlu :  D=0x0000000000000000
2098500: system.cpu: T0 : 0x1ed20    : c_beqz a5, 26              : IntAlu : 
2099000: system.cpu: T0 : 0x1ed3a    : c_mv a5, a0                : IntAlu :  D=0x000000000004fe90
2099500: system.cpu: T0 : 0x1ed3c    : ld a6, -2024(gp)           : MemRead :  D=0xfefefefefefefeff A=0x70840
2100000: system.cpu: T0 : 0x1ed40    : ld a1, -2016(gp)           : MemRead :  D=0x8080808080808080 A=0x70848
2100500: system.cpu: T0 : 0x1ed44    : c_ld a2, 0(a5)             : MemRead :  D=0x4d414e59445f444c A=0x4fe90
2101500: system.cpu: T0 : 0x1ed46    : addi a3, a5, 8             : IntAlu :  D=0x000000000004fe98
2102500: system.cpu: T0 : 0x1ed4a    : add a4, a2, a6             : IntAlu :  D=0x4c404d58435e434b
2103500: system.cpu: T0 : 0x1ed4e    : xori a2, a2, 18446744073709551615 : IntAlu :  D=0xb2beb1a6bba0bbb3
2104000: system.cpu: T0 : 0x1ed52    : c_and a4, a2               : IntAlu :  D=0x0000010003000303
2104500: system.cpu: T0 : 0x1ed54    : c_and a4, a1               : IntAlu :  D=0x0000000000000000
2105000: system.cpu: T0 : 0x1ed56    : c_beqz a4, 50              : IntAlu : 
2105500: system.cpu: T0 : 0x1ed88    : c_mv a5, a3                : IntAlu :  D=0x000000000004fe98
2106000: system.cpu: T0 : 0x1ed8a    : c_j -70                    : IntAlu : 
2106500: system.cpu: T0 : 0x1ed44    : c_ld a2, 0(a5)             : MemRead :  D=0x004b4145575f4349 A=0x4fe98
2107500: system.cpu: T0 : 0x1ed46    : addi a3, a5, 8             : IntAlu :  D=0x000000000004fea0
2108500: system.cpu: T0 : 0x1ed4a    : add a4, a2, a6             : IntAlu :  D=0xff4a4044565e4248
2109500: system.cpu: T0 : 0x1ed4e    : xori a2, a2, 18446744073709551615 : IntAlu :  D=0xffb4bebaa8a0bcb6
2110000: system.cpu: T0 : 0x1ed52    : c_and a4, a2               : IntAlu :  D=0xff00000000000000
2110500: system.cpu: T0 : 0x1ed54    : c_and a4, a1               : IntAlu :  D=0x8000000000000000
2111000: system.cpu: T0 : 0x1ed56    : c_beqz a4, 50              : IntAlu : 
2111500: system.cpu: T0 : 0x1ed58    : lbu a4, -8(a3)             : MemRead :  D=0x0000000000000049 A=0x4fe98
2112000: system.cpu: T0 : 0x1ed5c    : c_beqz a4, -40             : IntAlu : 
2113000: system.cpu: T0 : 0x1ed5e    : lbu a4, -7(a3)             : MemRead :  D=0x0000000000000043 A=0x4fe99
2113500: system.cpu: T0 : 0x1ed62    : c_beqz a4, 50              : IntAlu : 
2114000: system.cpu: T0 : 0x1ed64    : lbu a4, -6(a3)             : MemRead :  D=0x000000000000005f A=0x4fe9a
2114500: system.cpu: T0 : 0x1ed68    : c_beqz a4, 52              : IntAlu : 
2115500: system.cpu: T0 : 0x1ed6a    : lbu a4, -5(a3)             : MemRead :  D=0x0000000000000057 A=0x4fe9b
2116000: system.cpu: T0 : 0x1ed6e    : c_beqz a4, 54              : IntAlu : 
2116500: system.cpu: T0 : 0x1ed70    : lbu a4, -4(a3)             : MemRead :  D=0x0000000000000045 A=0x4fe9c
2117000: system.cpu: T0 : 0x1ed74    : c_beqz a4, 56              : IntAlu : 
2118000: system.cpu: T0 : 0x1ed76    : lbu a4, -3(a3)             : MemRead :  D=0x0000000000000041 A=0x4fe9d
2118500: system.cpu: T0 : 0x1ed7a    : c_beqz a4, 58              : IntAlu : 
2119000: system.cpu: T0 : 0x1ed7c    : lbu a4, -2(a3)             : MemRead :  D=0x000000000000004b A=0x4fe9e
2119500: system.cpu: T0 : 0x1ed80    : c_beqz a4, 60              : IntAlu : 
2120500: system.cpu: T0 : 0x1ed82    : lbu a4, -1(a3)             : MemRead :  D=0x0000000000000000 A=0x4fe9f
2121000: system.cpu: T0 : 0x1ed86    : c_beqz a4, 6               : IntAlu : 
2121500: system.cpu: T0 : 0x1ed8c    : c_sub a5, a0               : IntAlu :  D=0x0000000000000008
2122500: system.cpu: T0 : 0x1ed8e    : addi a0, a5, 7             : IntAlu :  D=0x000000000000000f
2123000: system.cpu: T0 : 0x1ed92    : c_jr ra                    : IntAlu : 
2123500: system.cpu: T0 : 0x14728    : slli a5, s5, 8             : IntAlu :  D=0x0000000000004400
2124000: system.cpu: T0 : 0x1472c    : or a5, s2, a5              : IntAlu :  D=0x000000000000444c
2124500: system.cpu: T0 : 0x14730    : slliw s2, a5, 16           : IntAlu :  D=0x00000000444c0000
2125000: system.cpu: T0 : 0x14734    : c_mv s3, a0                : IntAlu :  D=0x000000000000000f
2126000: system.cpu: T0 : 0x14736    : sraiw s2, s2, 16           : IntAlu :  D=0x000000000000444c
2127000: system.cpu: T0 : 0x1473a    : addi s5, a0, -2            : IntAlu :  D=0x000000000000000d
2127500: system.cpu: T0 : 0x1473e    : c_addi s4, 2               : IntAlu :  D=0x000000000004fe92
2128000: system.cpu: T0 : 0x14740    : c_beqz s0, -50             : IntAlu : 
2128500: system.cpu: T0 : 0x1470e    : c_ldsp ra, 56(sp)          : MemRead :  D=0x00000000000228d2 A=0x7ffffffffffffd28
2129000: system.cpu: T0 : 0x14710    : c_mv a0, s0                : IntAlu :  D=0x0000000000000000
2129500: system.cpu: T0 : 0x14712    : c_ldsp s0, 48(sp)          : MemRead :  D=0x000000000006ef80 A=0x7ffffffffffffd20
2130000: system.cpu: T0 : 0x14714    : c_ldsp s1, 40(sp)          : MemRead :  D=0x000000000006fe60 A=0x7ffffffffffffd18
2130500: system.cpu: T0 : 0x14716    : c_ldsp s2, 32(sp)          : MemRead :  D=0x0000000000072000 A=0x7ffffffffffffd10
2131000: system.cpu: T0 : 0x14718    : c_ldsp s3, 24(sp)          : MemRead :  D=0x0000000000072000 A=0x7ffffffffffffd08
2131500: system.cpu: T0 : 0x1471a    : c_ldsp s4, 16(sp)          : MemRead :  D=0x0000000000070000 A=0x7ffffffffffffd00
2132000: system.cpu: T0 : 0x1471c    : c_ldsp s5, 8(sp)           : MemRead :  D=0x0000000000072000 A=0x7ffffffffffffcf8
2132500: system.cpu: T0 : 0x1471e    : c_ldsp s6, 0(sp)           : MemRead :  D=0x0000000000072000 A=0x7ffffffffffffcf0
2133000: system.cpu: T0 : 0x14720    : c_addi16sp sp, 64          : IntAlu :  D=0x7ffffffffffffd30
2133500: system.cpu: T0 : 0x14722    : c_jr ra                    : IntAlu : 
2134000: system.cpu: T0 : 0x228d2    : c_li a5, 1                 : IntAlu :  D=0x0000000000000001
2134500: system.cpu: T0 : 0x228d4    : c_beqz a0, 10              : IntAlu : 
2135500: system.cpu: T0 : 0x228de    : lui a0, 80                 : IntAlu :  D=0x0000000000050000
2136500: system.cpu: T0 : 0x228e2    : lui a4, 114                : IntAlu :  D=0x0000000000072000
2137500: system.cpu: T0 : 0x228e6    : addi a0, a0, -352          : IntAlu :  D=0x000000000004fea0
2138500: system.cpu: T0 : 0x228ea    : sw a5, -436(a4)            : MemWrite :  D=0x0000000000000001 A=0x71e4c
2139500: system.cpu: T0 : 0x228ee    : jal ra, -57934             : IntAlu :  D=0x00000000000228f2
2140000: system.cpu: T0 : 0x146a0    : c_addi16sp sp, -64         : IntAlu :  D=0x7ffffffffffffcf0
2140500: system.cpu: T0 : 0x146a2    : c_sdsp s1, 40(sp)          : MemWrite :  D=0x000000000006fe60 A=0x7ffffffffffffd18
2141000: system.cpu: T0 : 0x146a4    : ld s1, -1360(gp)           : MemRead :  D=0x7fffffffffffff48 A=0x70ad8
2141500: system.cpu: T0 : 0x146a8    : c_sdsp ra, 56(sp)          : MemWrite :  D=0x00000000000228f2 A=0x7ffffffffffffd28
2142000: system.cpu: T0 : 0x146aa    : c_sdsp s0, 48(sp)          : MemWrite :  D=0x000000000006ef80 A=0x7ffffffffffffd20
2142500: system.cpu: T0 : 0x146ac    : c_sdsp s2, 32(sp)          : MemWrite :  D=0x0000000000072000 A=0x7ffffffffffffd10
2143000: system.cpu: T0 : 0x146ae    : c_sdsp s3, 24(sp)          : MemWrite :  D=0x0000000000072000 A=0x7ffffffffffffd08
2143500: system.cpu: T0 : 0x146b0    : c_sdsp s4, 16(sp)          : MemWrite :  D=0x0000000000070000 A=0x7ffffffffffffd00
2144000: system.cpu: T0 : 0x146b2    : c_sdsp s5, 8(sp)           : MemWrite :  D=0x0000000000072000 A=0x7ffffffffffffcf8
2144500: system.cpu: T0 : 0x146b4    : c_sdsp s6, 0(sp)           : MemWrite :  D=0x0000000000072000 A=0x7ffffffffffffcf0
2145000: system.cpu: T0 : 0x146b6    : c_beqz s1, 210             : IntAlu : 
2145500: system.cpu: T0 : 0x146b8    : lbu a5, 0(a0)              : MemRead :  D=0x000000000000004c A=0x4fea0
2146000: system.cpu: T0 : 0x146bc    : c_mv s4, a0                : IntAlu :  D=0x000000000004fea0
2146500: system.cpu: T0 : 0x146be    : c_beqz a5, 202             : IntAlu : 
2147000: system.cpu: T0 : 0x146c0    : lbu s5, 1(a0)              : MemRead :  D=0x0000000000000044 A=0x4fea1
2147500: system.cpu: T0 : 0x146c4    : slliw s2, a5, 16           : IntAlu :  D=0x00000000004c0000
2148000: system.cpu: T0 : 0x146c8    : c_ld s0, 0(s1)             : MemRead :  D=0x0000000000000000 A=0x7fffffffffffff48
2149000: system.cpu: T0 : 0x146ca    : sraiw s2, s2, 16           : IntAlu :  D=0x000000000000004c
2150000: system.cpu: T0 : 0x146ce    : bne s5, zero, 86           : IntAlu : 
2150500: system.cpu: T0 : 0x14724    : jal ra, 42488              : IntAlu :  D=0x0000000000014728
2151000: system.cpu: T0 : 0x1ed1c    : andi a5, a0, 7             : IntAlu :  D=0x0000000000000000
2151500: system.cpu: T0 : 0x1ed20    : c_beqz a5, 26              : IntAlu : 
2152000: system.cpu: T0 : 0x1ed3a    : c_mv a5, a0                : IntAlu :  D=0x000000000004fea0
2152500: system.cpu: T0 : 0x1ed3c    : ld a6, -2024(gp)           : MemRead :  D=0xfefefefefefefeff A=0x70840
2153000: system.cpu: T0 : 0x1ed40    : ld a1, -2016(gp)           : MemRead :  D=0x8080808080808080 A=0x70848
2153500: system.cpu: T0 : 0x1ed44    : c_ld a2, 0(a5)             : MemRead :  D=0x49464f52505f444c A=0x4fea0
2154500: system.cpu: T0 : 0x1ed46    : addi a3, a5, 8             : IntAlu :  D=0x000000000004fea8
2155500: system.cpu: T0 : 0x1ed4a    : add a4, a2, a6             : IntAlu :  D=0x48454e514f5e434b
2156500: system.cpu: T0 : 0x1ed4e    : xori a2, a2, 18446744073709551615 : IntAlu :  D=0xb6b9b0adafa0bbb3
2157000: system.cpu: T0 : 0x1ed52    : c_and a4, a2               : IntAlu :  D=0x000100010f000303
2157500: system.cpu: T0 : 0x1ed54    : c_and a4, a1               : IntAlu :  D=0x0000000000000000
2158000: system.cpu: T0 : 0x1ed56    : c_beqz a4, 50              : IntAlu : 
2158500: system.cpu: T0 : 0x1ed88    : c_mv a5, a3                : IntAlu :  D=0x000000000004fea8
2159000: system.cpu: T0 : 0x1ed8a    : c_j -70                    : IntAlu : 
2159500: system.cpu: T0 : 0x1ed44    : c_ld a2, 0(a5)             : MemRead :  D=0x555054554f5f454c A=0x4fea8
2160500: system.cpu: T0 : 0x1ed46    : addi a3, a5, 8             : IntAlu :  D=0x000000000004feb0
2161500: system.cpu: T0 : 0x1ed4a    : add a4, a2, a6             : IntAlu :  D=0x544f53544e5e444b
2162500: system.cpu: T0 : 0x1ed4e    : xori a2, a2, 18446744073709551615 : IntAlu :  D=0xaaafabaab0a0bab3
2163000: system.cpu: T0 : 0x1ed52    : c_and a4, a2               : IntAlu :  D=0x000f030000000003
2163500: system.cpu: T0 : 0x1ed54    : c_and a4, a1               : IntAlu :  D=0x0000000000000000
2164000: system.cpu: T0 : 0x1ed56    : c_beqz a4, 50              : IntAlu : 
2164500: system.cpu: T0 : 0x1ed88    : c_mv a5, a3                : IntAlu :  D=0x000000000004feb0
2165000: system.cpu: T0 : 0x1ed8a    : c_j -70                    : IntAlu : 
2165500: system.cpu: T0 : 0x1ed44    : c_ld a2, 0(a5)             : MemRead :  D=0x0000000000000054 A=0x4feb0
2166500: system.cpu: T0 : 0x1ed46    : addi a3, a5, 8             : IntAlu :  D=0x000000000004feb8
2167500: system.cpu: T0 : 0x1ed4a    : add a4, a2, a6             : IntAlu :  D=0xfefefefefefeff53
2168500: system.cpu: T0 : 0x1ed4e    : xori a2, a2, 18446744073709551615 : IntAlu :  D=0xffffffffffffffab
2169000: system.cpu: T0 : 0x1ed52    : c_and a4, a2               : IntAlu :  D=0xfefefefefefeff03
2169500: system.cpu: T0 : 0x1ed54    : c_and a4, a1               : IntAlu :  D=0x8080808080808000
2170000: system.cpu: T0 : 0x1ed56    : c_beqz a4, 50              : IntAlu : 
2170500: system.cpu: T0 : 0x1ed58    : lbu a4, -8(a3)             : MemRead :  D=0x0000000000000054 A=0x4feb0
2171000: system.cpu: T0 : 0x1ed5c    : c_beqz a4, -40             : IntAlu : 
2172000: system.cpu: T0 : 0x1ed5e    : lbu a4, -7(a3)             : MemRead :  D=0x0000000000000000 A=0x4feb1
2172500: system.cpu: T0 : 0x1ed62    : c_beqz a4, 50              : IntAlu : 
2173000: system.cpu: T0 : 0x1ed94    : c_sub a5, a0               : IntAlu :  D=0x0000000000000010
2174000: system.cpu: T0 : 0x1ed96    : addi a0, a5, 1             : IntAlu :  D=0x0000000000000011
2174500: system.cpu: T0 : 0x1ed9a    : c_jr ra                    : IntAlu : 
2175000: system.cpu: T0 : 0x14728    : slli a5, s5, 8             : IntAlu :  D=0x0000000000004400
2175500: system.cpu: T0 : 0x1472c    : or a5, s2, a5              : IntAlu :  D=0x000000000000444c
2176000: system.cpu: T0 : 0x14730    : slliw s2, a5, 16           : IntAlu :  D=0x00000000444c0000
2176500: system.cpu: T0 : 0x14734    : c_mv s3, a0                : IntAlu :  D=0x0000000000000011
2177500: system.cpu: T0 : 0x14736    : sraiw s2, s2, 16           : IntAlu :  D=0x000000000000444c
2178500: system.cpu: T0 : 0x1473a    : addi s5, a0, -2            : IntAlu :  D=0x000000000000000f
2179000: system.cpu: T0 : 0x1473e    : c_addi s4, 2               : IntAlu :  D=0x000000000004fea2
2179500: system.cpu: T0 : 0x14740    : c_beqz s0, -50             : IntAlu : 
2180000: system.cpu: T0 : 0x1470e    : c_ldsp ra, 56(sp)          : MemRead :  D=0x00000000000228f2 A=0x7ffffffffffffd28
2180500: system.cpu: T0 : 0x14710    : c_mv a0, s0                : IntAlu :  D=0x0000000000000000
2181000: system.cpu: T0 : 0x14712    : c_ldsp s0, 48(sp)          : MemRead :  D=0x000000000006ef80 A=0x7ffffffffffffd20
2181500: system.cpu: T0 : 0x14714    : c_ldsp s1, 40(sp)          : MemRead :  D=0x000000000006fe60 A=0x7ffffffffffffd18
2182000: system.cpu: T0 : 0x14716    : c_ldsp s2, 32(sp)          : MemRead :  D=0x0000000000072000 A=0x7ffffffffffffd10
2182500: system.cpu: T0 : 0x14718    : c_ldsp s3, 24(sp)          : MemRead :  D=0x0000000000072000 A=0x7ffffffffffffd08
2183000: system.cpu: T0 : 0x1471a    : c_ldsp s4, 16(sp)          : MemRead :  D=0x0000000000070000 A=0x7ffffffffffffd00
2183500: system.cpu: T0 : 0x1471c    : c_ldsp s5, 8(sp)           : MemRead :  D=0x0000000000072000 A=0x7ffffffffffffcf8
2184000: system.cpu: T0 : 0x1471e    : c_ldsp s6, 0(sp)           : MemRead :  D=0x0000000000072000 A=0x7ffffffffffffcf0
2184500: system.cpu: T0 : 0x14720    : c_addi16sp sp, 64          : IntAlu :  D=0x7ffffffffffffd30
2185000: system.cpu: T0 : 0x14722    : c_jr ra                    : IntAlu : 
2186000: system.cpu: T0 : 0x228f2    : lui a4, 114                : IntAlu :  D=0x0000000000072000
2187000: system.cpu: T0 : 0x228f6    : sd a0, -552(a4)            : MemWrite :  D=0x0000000000000000 A=0x71dd8
2188000: system.cpu: T0 : 0x228fa    : beq a0, zero, 550          : IntAlu : 
2188500: system.cpu: T0 : 0x22b20    : lui a5, 111                : IntAlu :  D=0x000000000006f000
2189000: system.cpu: T0 : 0x22b24    : lw a5, -72(a5)             : MemRead :  D=0x0000000000000000 A=0x6efb8
2189500: system.cpu: T0 : 0x22b28    : c_beqz a5, -140            : IntAlu : 
2190000: system.cpu: T0 : 0x22a9c    : lui a3, 80                 : IntAlu :  D=0x0000000000050000
2190500: system.cpu: T0 : 0x22aa0    : addi a3, a3, -1072         : IntAlu :  D=0x000000000004fbd0
2191000: system.cpu: T0 : 0x22aa4    : c_j -396                   : IntAlu : 
2191500: system.cpu: T0 : 0x22918    : sd a3, -552(a4)            : MemWrite :  D=0x000000000004fbd0 A=0x71dd8
2192000: system.cpu: T0 : 0x2291c    : bne a5, zero, 344          : IntAlu : 
2192500: system.cpu: T0 : 0x22920    : lui a0, 80                 : IntAlu :  D=0x0000000000050000
2193000: system.cpu: T0 : 0x22924    : addi a0, a0, -328          : IntAlu :  D=0x000000000004feb8
2193500: system.cpu: T0 : 0x22928    : jal ra, -57992             : IntAlu :  D=0x000000000002292c
2194000: system.cpu: T0 : 0x146a0    : c_addi16sp sp, -64         : IntAlu :  D=0x7ffffffffffffcf0
2194500: system.cpu: T0 : 0x146a2    : c_sdsp s1, 40(sp)          : MemWrite :  D=0x000000000006fe60 A=0x7ffffffffffffd18
2195000: system.cpu: T0 : 0x146a4    : ld s1, -1360(gp)           : MemRead :  D=0x7fffffffffffff48 A=0x70ad8
2195500: system.cpu: T0 : 0x146a8    : c_sdsp ra, 56(sp)          : MemWrite :  D=0x000000000002292c A=0x7ffffffffffffd28
2196000: system.cpu: T0 : 0x146aa    : c_sdsp s0, 48(sp)          : MemWrite :  D=0x000000000006ef80 A=0x7ffffffffffffd20
2196500: system.cpu: T0 : 0x146ac    : c_sdsp s2, 32(sp)          : MemWrite :  D=0x0000000000072000 A=0x7ffffffffffffd10
2197000: system.cpu: T0 : 0x146ae    : c_sdsp s3, 24(sp)          : MemWrite :  D=0x0000000000072000 A=0x7ffffffffffffd08
2197500: system.cpu: T0 : 0x146b0    : c_sdsp s4, 16(sp)          : MemWrite :  D=0x0000000000070000 A=0x7ffffffffffffd00
2198000: system.cpu: T0 : 0x146b2    : c_sdsp s5, 8(sp)           : MemWrite :  D=0x0000000000072000 A=0x7ffffffffffffcf8
2198500: system.cpu: T0 : 0x146b4    : c_sdsp s6, 0(sp)           : MemWrite :  D=0x0000000000072000 A=0x7ffffffffffffcf0
2199000: system.cpu: T0 : 0x146b6    : c_beqz s1, 210             : IntAlu : 
2199500: system.cpu: T0 : 0x146b8    : lbu a5, 0(a0)              : MemRead :  D=0x000000000000004c A=0x4feb8
2200000: system.cpu: T0 : 0x146bc    : c_mv s4, a0                : IntAlu :  D=0x000000000004feb8
2200500: system.cpu: T0 : 0x146be    : c_beqz a5, 202             : IntAlu : 
2201000: system.cpu: T0 : 0x146c0    : lbu s5, 1(a0)              : MemRead :  D=0x0000000000000044 A=0x4feb9
2201500: system.cpu: T0 : 0x146c4    : slliw s2, a5, 16           : IntAlu :  D=0x00000000004c0000
2202000: system.cpu: T0 : 0x146c8    : c_ld s0, 0(s1)             : MemRead :  D=0x0000000000000000 A=0x7fffffffffffff48
2203000: system.cpu: T0 : 0x146ca    : sraiw s2, s2, 16           : IntAlu :  D=0x000000000000004c
2204000: system.cpu: T0 : 0x146ce    : bne s5, zero, 86           : IntAlu : 
2204500: system.cpu: T0 : 0x14724    : jal ra, 42488              : IntAlu :  D=0x0000000000014728
2205000: system.cpu: T0 : 0x1ed1c    : andi a5, a0, 7             : IntAlu :  D=0x0000000000000000
2205500: system.cpu: T0 : 0x1ed20    : c_beqz a5, 26              : IntAlu : 
2206000: system.cpu: T0 : 0x1ed3a    : c_mv a5, a0                : IntAlu :  D=0x000000000004feb8
2206500: system.cpu: T0 : 0x1ed3c    : ld a6, -2024(gp)           : MemRead :  D=0xfefefefefefefeff A=0x70840
2207000: system.cpu: T0 : 0x1ed40    : ld a1, -2016(gp)           : MemRead :  D=0x8080808080808080 A=0x70848
2207500: system.cpu: T0 : 0x1ed44    : c_ld a2, 0(a5)             : MemRead :  D=0x4d555353415f444c A=0x4feb8
2208500: system.cpu: T0 : 0x1ed46    : addi a3, a5, 8             : IntAlu :  D=0x000000000004fec0
2209500: system.cpu: T0 : 0x1ed4a    : add a4, a2, a6             : IntAlu :  D=0x4c545252405e434b
2210500: system.cpu: T0 : 0x1ed4e    : xori a2, a2, 18446744073709551615 : IntAlu :  D=0xb2aaacacbea0bbb3
2211000: system.cpu: T0 : 0x1ed52    : c_and a4, a2               : IntAlu :  D=0x0000000000000303
2211500: system.cpu: T0 : 0x1ed54    : c_and a4, a1               : IntAlu :  D=0x0000000000000000
2212000: system.cpu: T0 : 0x1ed56    : c_beqz a4, 50              : IntAlu : 
2212500: system.cpu: T0 : 0x1ed88    : c_mv a5, a3                : IntAlu :  D=0x000000000004fec0
2213000: system.cpu: T0 : 0x1ed8a    : c_j -70                    : IntAlu : 
2213500: system.cpu: T0 : 0x1ed44    : c_ld a2, 0(a5)             : MemRead :  D=0x4c454e52454b5f45 A=0x4fec0
2214500: system.cpu: T0 : 0x1ed46    : addi a3, a5, 8             : IntAlu :  D=0x000000000004fec8
2215500: system.cpu: T0 : 0x1ed4a    : add a4, a2, a6             : IntAlu :  D=0x4b444d51444a5e44
2216500: system.cpu: T0 : 0x1ed4e    : xori a2, a2, 18446744073709551615 : IntAlu :  D=0xb3bab1adbab4a0ba
2217000: system.cpu: T0 : 0x1ed52    : c_and a4, a2               : IntAlu :  D=0x0300010100000000
2217500: system.cpu: T0 : 0x1ed54    : c_and a4, a1               : IntAlu :  D=0x0000000000000000
2218000: system.cpu: T0 : 0x1ed56    : c_beqz a4, 50              : IntAlu : 
2218500: system.cpu: T0 : 0x1ed88    : c_mv a5, a3                : IntAlu :  D=0x000000000004fec8
2219000: system.cpu: T0 : 0x1ed8a    : c_j -70                    : IntAlu : 
2219500: system.cpu: T0 : 0x1ed44    : c_ld a2, 0(a5)             : MemRead :  D=0x0000000000000000 A=0x4fec8
2220500: system.cpu: T0 : 0x1ed46    : addi a3, a5, 8             : IntAlu :  D=0x000000000004fed0
2221500: system.cpu: T0 : 0x1ed4a    : add a4, a2, a6             : IntAlu :  D=0xfefefefefefefeff
2222500: system.cpu: T0 : 0x1ed4e    : xori a2, a2, 18446744073709551615 : IntAlu :  D=0xffffffffffffffff
2223000: system.cpu: T0 : 0x1ed52    : c_and a4, a2               : IntAlu :  D=0xfefefefefefefeff
2223500: system.cpu: T0 : 0x1ed54    : c_and a4, a1               : IntAlu :  D=0x8080808080808080
2224000: system.cpu: T0 : 0x1ed56    : c_beqz a4, 50              : IntAlu : 
2224500: system.cpu: T0 : 0x1ed58    : lbu a4, -8(a3)             : MemRead :  D=0x0000000000000000 A=0x4fec8
2225000: system.cpu: T0 : 0x1ed5c    : c_beqz a4, -40             : IntAlu : 
2225500: system.cpu: T0 : 0x1ed34    : sub a0, a5, a0             : IntAlu :  D=0x0000000000000010
2226000: system.cpu: T0 : 0x1ed38    : c_jr ra                    : IntAlu : 
2226500: system.cpu: T0 : 0x14728    : slli a5, s5, 8             : IntAlu :  D=0x0000000000004400
2227000: system.cpu: T0 : 0x1472c    : or a5, s2, a5              : IntAlu :  D=0x000000000000444c
2227500: system.cpu: T0 : 0x14730    : slliw s2, a5, 16           : IntAlu :  D=0x00000000444c0000
2228000: system.cpu: T0 : 0x14734    : c_mv s3, a0                : IntAlu :  D=0x0000000000000010
2229000: system.cpu: T0 : 0x14736    : sraiw s2, s2, 16           : IntAlu :  D=0x000000000000444c
2230000: system.cpu: T0 : 0x1473a    : addi s5, a0, -2            : IntAlu :  D=0x000000000000000e
2230500: system.cpu: T0 : 0x1473e    : c_addi s4, 2               : IntAlu :  D=0x000000000004feba
2231000: system.cpu: T0 : 0x14740    : c_beqz s0, -50             : IntAlu : 
2231500: system.cpu: T0 : 0x1470e    : c_ldsp ra, 56(sp)          : MemRead :  D=0x000000000002292c A=0x7ffffffffffffd28
2232000: system.cpu: T0 : 0x14710    : c_mv a0, s0                : IntAlu :  D=0x0000000000000000
2232500: system.cpu: T0 : 0x14712    : c_ldsp s0, 48(sp)          : MemRead :  D=0x000000000006ef80 A=0x7ffffffffffffd20
2233000: system.cpu: T0 : 0x14714    : c_ldsp s1, 40(sp)          : MemRead :  D=0x000000000006fe60 A=0x7ffffffffffffd18
2233500: system.cpu: T0 : 0x14716    : c_ldsp s2, 32(sp)          : MemRead :  D=0x0000000000072000 A=0x7ffffffffffffd10
2234000: system.cpu: T0 : 0x14718    : c_ldsp s3, 24(sp)          : MemRead :  D=0x0000000000072000 A=0x7ffffffffffffd08
2234500: system.cpu: T0 : 0x1471a    : c_ldsp s4, 16(sp)          : MemRead :  D=0x0000000000070000 A=0x7ffffffffffffd00
2235000: system.cpu: T0 : 0x1471c    : c_ldsp s5, 8(sp)           : MemRead :  D=0x0000000000072000 A=0x7ffffffffffffcf8
2235500: system.cpu: T0 : 0x1471e    : c_ldsp s6, 0(sp)           : MemRead :  D=0x0000000000072000 A=0x7ffffffffffffcf0
2236000: system.cpu: T0 : 0x14720    : c_addi16sp sp, 64          : IntAlu :  D=0x7ffffffffffffd30
2236500: system.cpu: T0 : 0x14722    : c_jr ra                    : IntAlu : 
2237000: system.cpu: T0 : 0x2292c    : c_mv s0, a0                : IntAlu :  D=0x0000000000000000
2237500: system.cpu: T0 : 0x2292e    : c_beqz a0, 76              : IntAlu : 
2238500: system.cpu: T0 : 0x2297a    : lui a5, 114                : IntAlu :  D=0x0000000000072000
2239500: system.cpu: T0 : 0x2297e    : ld a0, -496(a5)            : MemRead :  D=0x0000000000000000 A=0x71e10
2240000: system.cpu: T0 : 0x22982    : c_beqz a0, 14              : IntAlu : 
2240500: system.cpu: T0 : 0x22990    : ld a5, -464(s2)            : MemRead :  D=0x0000000000010040 A=0x71e30
2241000: system.cpu: T0 : 0x22994    : ld t3, 1120(s1)            : MemRead :  D=0x0000000000000000 A=0x702c0
2241500: system.cpu: T0 : 0x22998    : c_beqz a5, 110             : IntAlu : 
2242500: system.cpu: T0 : 0x2299a    : ld a4, -408(s3)            : MemRead :  D=0x0000000000000006 A=0x71e68
2243500: system.cpu: T0 : 0x2299e    : slli a3, a4, 3             : IntAlu :  D=0x0000000000000030
2244000: system.cpu: T0 : 0x229a2    : c_sub a3, a4               : IntAlu :  D=0x000000000000002a
2244500: system.cpu: T0 : 0x229a4    : c_slli a3, 3               : IntAlu :  D=0x0000000000000150
2245000: system.cpu: T0 : 0x229a6    : c_add a3, a5               : IntAlu :  D=0x0000000000010190
2245500: system.cpu: T0 : 0x229a8    : bgeu a5, a3, 94            : IntAlu : 
2246000: system.cpu: T0 : 0x229ac    : lui a2, 411470             : IntAlu :  D=0x000000006474e000
2246500: system.cpu: T0 : 0x229b0    : addi a1, a2, 1361          : IntAlu :  D=0x000000006474e551
2247000: system.cpu: T0 : 0x229b4    : ld t4, 1112(s1)            : MemRead :  D=0x0000000000000000 A=0x702b8
2247500: system.cpu: T0 : 0x229b8    : lw t1, -1800(gp)           : MemRead :  D=0x0000000000000006 A=0x70920
2248000: system.cpu: T0 : 0x229bc    : c_mv a6, t3                : IntAlu :  D=0x0000000000000000
2248500: system.cpu: T0 : 0x229be    : c_li a7, 0                 : IntAlu :  D=0x0000000000000000
2249000: system.cpu: T0 : 0x229c0    : c_li a0, 0                 : IntAlu :  D=0x0000000000000000
2250000: system.cpu: T0 : 0x229c2    : addi a2, a2, 1362          : IntAlu :  D=0x000000006474e552
2250500: system.cpu: T0 : 0x229c6    : c_j 24                     : IntAlu : 
2251000: system.cpu: T0 : 0x229de    : c_lw a4, 0(a5)             : MemRead :  D=0x0000000000000001 A=0x10040
2251500: system.cpu: T0 : 0x229e0    : bne a4, a1, -24            : IntAlu : 
2252000: system.cpu: T0 : 0x229c8    : bne a4, a2, 14             : IntAlu : 
2253000: system.cpu: T0 : 0x229d6    : addi a5, a5, 56            : IntAlu :  D=0x0000000000010078
2254000: system.cpu: T0 : 0x229da    : bgeu a5, a3, 24            : IntAlu : 
2254500: system.cpu: T0 : 0x229de    : c_lw a4, 0(a5)             : MemRead :  D=0x0000000000000001 A=0x10078
2255000: system.cpu: T0 : 0x229e0    : bne a4, a1, -24            : IntAlu : 
2255500: system.cpu: T0 : 0x229c8    : bne a4, a2, 14             : IntAlu : 
2256500: system.cpu: T0 : 0x229d6    : addi a5, a5, 56            : IntAlu :  D=0x00000000000100b0
2257500: system.cpu: T0 : 0x229da    : bgeu a5, a3, 24            : IntAlu : 
2258000: system.cpu: T0 : 0x229de    : c_lw a4, 0(a5)             : MemRead :  D=0x0000000000000004 A=0x100b0
2258500: system.cpu: T0 : 0x229e0    : bne a4, a1, -24            : IntAlu : 
2259000: system.cpu: T0 : 0x229c8    : bne a4, a2, 14             : IntAlu : 
2260000: system.cpu: T0 : 0x229d6    : addi a5, a5, 56            : IntAlu :  D=0x00000000000100e8
2261000: system.cpu: T0 : 0x229da    : bgeu a5, a3, 24            : IntAlu : 
2261500: system.cpu: T0 : 0x229de    : c_lw a4, 0(a5)             : MemRead :  D=0x0000000000000007 A=0x100e8
2262000: system.cpu: T0 : 0x229e0    : bne a4, a1, -24            : IntAlu : 
2262500: system.cpu: T0 : 0x229c8    : bne a4, a2, 14             : IntAlu : 
2263500: system.cpu: T0 : 0x229d6    : addi a5, a5, 56            : IntAlu :  D=0x0000000000010120
2264500: system.cpu: T0 : 0x229da    : bgeu a5, a3, 24            : IntAlu : 
2265000: system.cpu: T0 : 0x229de    : c_lw a4, 0(a5)             : MemRead :  D=0x000000006474e551 A=0x10120
2265500: system.cpu: T0 : 0x229e0    : bne a4, a1, -24            : IntAlu : 
2266000: system.cpu: T0 : 0x229e4    : lw t1, 4(a5)               : MemRead :  D=0x0000000000000006 A=0x10124
2266500: system.cpu: T0 : 0x229e8    : addi a5, a5, 56            : IntAlu :  D=0x0000000000010158
2267000: system.cpu: T0 : 0x229ec    : c_li a0, 1                 : IntAlu :  D=0x0000000000000001
2268000: system.cpu: T0 : 0x229ee    : bltu a5, a3, -16           : IntAlu : 
2268500: system.cpu: T0 : 0x229de    : c_lw a4, 0(a5)             : MemRead :  D=0x000000006474e552 A=0x10158
2269000: system.cpu: T0 : 0x229e0    : bne a4, a1, -24            : IntAlu : 
2269500: system.cpu: T0 : 0x229c8    : bne a4, a2, 14             : IntAlu : 
2270000: system.cpu: T0 : 0x229cc    : ld t4, 16(a5)              : MemRead :  D=0x000000000006ead0 A=0x10168
2270500: system.cpu: T0 : 0x229d0    : ld a6, 40(a5)              : MemRead :  D=0x0000000000000530 A=0x10180
2271000: system.cpu: T0 : 0x229d4    : c_li a7, 1                 : IntAlu :  D=0x0000000000000001
2272000: system.cpu: T0 : 0x229d6    : addi a5, a5, 56            : IntAlu :  D=0x0000000000010190
2273000: system.cpu: T0 : 0x229da    : bgeu a5, a3, 24            : IntAlu : 
2273500: system.cpu: T0 : 0x229f2    : c_beqz a0, 6               : IntAlu : 
2274000: system.cpu: T0 : 0x229f4    : sw t1, -1800(gp)           : MemWrite :  D=0x0000000000000006 A=0x70920
2274500: system.cpu: T0 : 0x229f8    : beq a7, zero, 14           : IntAlu : 
2275000: system.cpu: T0 : 0x229fc    : sd t4, 1112(s1)            : MemWrite :  D=0x000000000006ead0 A=0x702b8
2275500: system.cpu: T0 : 0x22a00    : sd a6, 1120(s1)            : MemWrite :  D=0x0000000000000530 A=0x702c0
2276000: system.cpu: T0 : 0x22a04    : c_mv t3, a6                : IntAlu :  D=0x0000000000000530
2277000: system.cpu: T0 : 0x22a06    : bne t3, zero, 272          : IntAlu : 
2278000: system.cpu: T0 : 0x22b16    : addi a0, s4, -416          : IntAlu :  D=0x000000000006fe60
2279000: system.cpu: T0 : 0x22b1a    : jal ra, 106388             : IntAlu :  D=0x0000000000022b1e
2279500: system.cpu: T0 : 0x3caae    : c_addi sp, -16             : IntAlu :  D=0x7ffffffffffffd20
2280000: system.cpu: T0 : 0x3cab0    : c_ld a5, 0(a0)             : MemRead :  D=0x0000000000000000 A=0x6fe60
2280500: system.cpu: T0 : 0x3cab2    : c_sdsp s0, 0(sp)           : MemWrite :  D=0x0000000000000000 A=0x7ffffffffffffd20
2281000: system.cpu: T0 : 0x3cab4    : c_mv s0, a0                : IntAlu :  D=0x000000000006fe60
2282000: system.cpu: T0 : 0x3cab6    : ld a0, 1112(a0)            : MemRead :  D=0x000000000006ead0 A=0x702b8
2283000: system.cpu: T0 : 0x3caba    : ld a4, -1784(gp)           : MemRead :  D=0x0000000000001000 A=0x70930
2284000: system.cpu: T0 : 0x3cabe    : ld a1, 1120(s0)            : MemRead :  D=0x0000000000000530 A=0x702c0
2284500: system.cpu: T0 : 0x3cac2    : c_add a5, a0               : IntAlu :  D=0x000000000006ead0
2285000: system.cpu: T0 : 0x3cac4    : sub a4, zero, a4           : IntAlu :  D=0xfffffffffffff000
2285500: system.cpu: T0 : 0x3cac8    : c_add a1, a5               : IntAlu :  D=0x000000000006f000
2286000: system.cpu: T0 : 0x3caca    : c_sdsp ra, 8(sp)           : MemWrite :  D=0x0000000000022b1e A=0x7ffffffffffffd28
2286500: system.cpu: T0 : 0x3cacc    : and a0, a5, a4             : IntAlu :  D=0x000000000006e000
2287000: system.cpu: T0 : 0x3cad0    : c_and a1, a4               : IntAlu :  D=0x000000000006f000
2288000: system.cpu: T0 : 0x3cad2    : bne a0, a1, 12             : IntAlu : 
2288500: system.cpu: T0 : 0x3cade    : c_li a2, 1                 : IntAlu :  D=0x0000000000000001
2289000: system.cpu: T0 : 0x3cae0    : c_sub a1, a0               : IntAlu :  D=0x0000000000001000
2290000: system.cpu: T0 : 0x3cae2    : jal ra, -113354            : IntAlu :  D=0x000000000003cae6
2290500: system.cpu: T0 : 0x21018    : addi a7, zero, 226         : IntAlu :  D=0x00000000000000e2
2291000: system.cpu: T0 : 0x2101c    : ecall                      : No_OpClass : 
2291500: system.cpu: T0 : 0x21020    : c_lui a7, 1048575          : IntAlu :  D=0xfffffffffffff000
2292500: system.cpu: T0 : 0x21022    : bltu a7, a0, 6             : IntAlu : 
2293000: system.cpu: T0 : 0x21026    : c_jr ra                    : IntAlu : 
2294000: system.cpu: T0 : 0x3cae6    : bge a0, zero, -16          : IntAlu : 
2294500: system.cpu: T0 : 0x3cad6    : c_ldsp ra, 8(sp)           : MemRead :  D=0x0000000000022b1e A=0x7ffffffffffffd28
2295000: system.cpu: T0 : 0x3cad8    : c_ldsp s0, 0(sp)           : MemRead :  D=0x0000000000000000 A=0x7ffffffffffffd20
2295500: system.cpu: T0 : 0x3cada    : c_addi sp, 16              : IntAlu :  D=0x7ffffffffffffd30
2296000: system.cpu: T0 : 0x3cadc    : c_jr ra                    : IntAlu : 
2296500: system.cpu: T0 : 0x22b1e    : c_j -276                   : IntAlu : 
2297000: system.cpu: T0 : 0x22a0a    : c_ldsp ra, 152(sp)         : MemRead :  D=0x0000000000022d9c A=0x7ffffffffffffdc8
2297500: system.cpu: T0 : 0x22a0c    : c_ldsp s0, 144(sp)         : MemRead :  D=0x0000000000000001 A=0x7ffffffffffffdc0
2298000: system.cpu: T0 : 0x22a0e    : c_ldsp s1, 136(sp)         : MemRead :  D=0x7fffffffffffff38 A=0x7ffffffffffffdb8
2298500: system.cpu: T0 : 0x22a10    : c_ldsp s2, 128(sp)         : MemRead :  D=0x7fffffffffffff48 A=0x7ffffffffffffdb0
2299000: system.cpu: T0 : 0x22a12    : c_ldsp s3, 120(sp)         : MemRead :  D=0x0000000000000000 A=0x7ffffffffffffda8
2299500: system.cpu: T0 : 0x22a14    : c_ldsp s4, 112(sp)         : MemRead :  D=0x0000000000000000 A=0x7ffffffffffffda0
2300000: system.cpu: T0 : 0x22a16    : c_ldsp s5, 104(sp)         : MemRead :  D=0x0000000000000000 A=0x7ffffffffffffd98
2300500: system.cpu: T0 : 0x22a18    : c_ldsp s6, 96(sp)          : MemRead :  D=0x0000000000000000 A=0x7ffffffffffffd90
2301000: system.cpu: T0 : 0x22a1a    : c_ldsp s7, 88(sp)          : MemRead :  D=0x0000000000000000 A=0x7ffffffffffffd88
2301500: system.cpu: T0 : 0x22a1c    : c_ldsp s8, 80(sp)          : MemRead :  D=0x0000000000000000 A=0x7ffffffffffffd80
2302000: system.cpu: T0 : 0x22a1e    : c_ldsp s9, 72(sp)          : MemRead :  D=0x0000000000000000 A=0x7ffffffffffffd78
2302500: system.cpu: T0 : 0x22a20    : c_ldsp s10, 64(sp)         : MemRead :  D=0x0000000000000000 A=0x7ffffffffffffd70
2303000: system.cpu: T0 : 0x22a22    : c_addi16sp sp, 160         : IntAlu :  D=0x7ffffffffffffdd0
2303500: system.cpu: T0 : 0x22a24    : c_jr ra                    : IntAlu : 
2304000: system.cpu: T0 : 0x22d9c    : c_mv a2, s2                : IntAlu :  D=0x7fffffffffffff48
2304500: system.cpu: T0 : 0x22d9e    : c_mv a1, s1                : IntAlu :  D=0x7fffffffffffff38
2305000: system.cpu: T0 : 0x22da0    : c_mv a0, s0                : IntAlu :  D=0x0000000000000001
2306000: system.cpu: T0 : 0x22da2    : jal ra, -4344              : IntAlu :  D=0x0000000000022da6
2306500: system.cpu: T0 : 0x21caa    : c_beqz a1, 50              : IntAlu : 
2307000: system.cpu: T0 : 0x21cac    : c_addi sp, -32             : IntAlu :  D=0x7ffffffffffffdb0
2307500: system.cpu: T0 : 0x21cae    : c_sdsp s1, 8(sp)           : MemWrite :  D=0x7fffffffffffff38 A=0x7ffffffffffffdb8
2308000: system.cpu: T0 : 0x21cb0    : c_ld s1, 0(a1)             : MemRead :  D=0x7fffffffffffffde A=0x7fffffffffffff38
2308500: system.cpu: T0 : 0x21cb2    : c_sdsp s0, 16(sp)          : MemWrite :  D=0x0000000000000001 A=0x7ffffffffffffdc0
2309000: system.cpu: T0 : 0x21cb4    : c_sdsp ra, 24(sp)          : MemWrite :  D=0x0000000000022da6 A=0x7ffffffffffffdc8
2309500: system.cpu: T0 : 0x21cb6    : c_mv s0, a1                : IntAlu :  D=0x7fffffffffffff38
2310000: system.cpu: T0 : 0x21cb8    : c_beqz s1, 26              : IntAlu : 
2311000: system.cpu: T0 : 0x21cba    : addi a1, zero, 47          : IntAlu :  D=0x000000000000002f
2311500: system.cpu: T0 : 0x21cbe    : c_mv a0, s1                : IntAlu :  D=0x7fffffffffffffde
2312000: system.cpu: T0 : 0x21cc0    : jal ra, 90482              : IntAlu :  D=0x0000000000021cc4
2312500: system.cpu: T0 : 0x37e32    : c_addi sp, -32             : IntAlu :  D=0x7ffffffffffffd90
2313000: system.cpu: T0 : 0x37e34    : c_sdsp s0, 16(sp)          : MemWrite :  D=0x7fffffffffffff38 A=0x7ffffffffffffda0
2313500: system.cpu: T0 : 0x37e36    : c_sdsp s1, 8(sp)           : MemWrite :  D=0x7fffffffffffffde A=0x7ffffffffffffd98
2314000: system.cpu: T0 : 0x37e38    : c_sdsp s2, 0(sp)           : MemWrite :  D=0x7fffffffffffff48 A=0x7ffffffffffffd90
2314500: system.cpu: T0 : 0x37e3a    : c_sdsp ra, 24(sp)          : MemWrite :  D=0x0000000000021cc4 A=0x7ffffffffffffda8
2315000: system.cpu: T0 : 0x37e3c    : andi s1, a1, 255           : IntAlu :  D=0x000000000000002f
2315500: system.cpu: T0 : 0x37e40    : c_mv s0, a0                : IntAlu :  D=0x7fffffffffffffde
2316000: system.cpu: T0 : 0x37e42    : c_li s2, 0                 : IntAlu :  D=0x0000000000000000
2316500: system.cpu: T0 : 0x37e44    : c_bnez s1, 10              : IntAlu : 
2317000: system.cpu: T0 : 0x37e4e    : c_mv a0, s0                : IntAlu :  D=0x7fffffffffffffde
2317500: system.cpu: T0 : 0x37e50    : c_mv a1, s1                : IntAlu :  D=0x000000000000002f
2318500: system.cpu: T0 : 0x37e52    : jal ra, -103340            : IntAlu :  D=0x0000000000037e56
2319500: system.cpu: T0 : 0x1eaa6    : andi a5, a0, 7             : IntAlu :  D=0x0000000000000006
2320500: system.cpu: T0 : 0x1eaaa    : andi a4, a1, 255           : IntAlu :  D=0x000000000000002f
2321000: system.cpu: T0 : 0x1eaae    : c_bnez a5, 14              : IntAlu : 
2321500: system.cpu: T0 : 0x1eabc    : lbu a5, 0(a0)              : MemRead :  D=0x000000000000002e A=0x7fffffffffffffde
2322000: system.cpu: T0 : 0x1eac0    : bne a5, a4, -14            : IntAlu : 
2322500: system.cpu: T0 : 0x1eab2    : c_addi a0, 1               : IntAlu :  D=0x7fffffffffffffdf
2323000: system.cpu: T0 : 0x1eab4    : andi a3, a0, 7             : IntAlu :  D=0x0000000000000007
2323500: system.cpu: T0 : 0x1eab8    : c_beqz a5, 168             : IntAlu : 
2324000: system.cpu: T0 : 0x1eaba    : c_beqz a3, 12              : IntAlu : 
2324500: system.cpu: T0 : 0x1eabc    : lbu a5, 0(a0)              : MemRead :  D=0x000000000000002e A=0x7fffffffffffffdf
2325000: system.cpu: T0 : 0x1eac0    : bne a5, a4, -14            : IntAlu : 
2325500: system.cpu: T0 : 0x1eab2    : c_addi a0, 1               : IntAlu :  D=0x7fffffffffffffe0
2326000: system.cpu: T0 : 0x1eab4    : andi a3, a0, 7             : IntAlu :  D=0x0000000000000000
2326500: system.cpu: T0 : 0x1eab8    : c_beqz a5, 168             : IntAlu : 
2327000: system.cpu: T0 : 0x1eaba    : c_beqz a3, 12              : IntAlu : 
2327500: system.cpu: T0 : 0x1eac6    : c_lui a3, 16               : IntAlu :  D=0x0000000000010000
2328000: system.cpu: T0 : 0x1eac8    : slliw a5, a1, 8            : IntAlu :  D=0x0000000000002f00
2328500: system.cpu: T0 : 0x1eacc    : c_addi a3, -1              : IntAlu :  D=0x000000000000ffff
2329000: system.cpu: T0 : 0x1eace    : c_and a5, a3               : IntAlu :  D=0x0000000000002f00
2329500: system.cpu: T0 : 0x1ead0    : andi a1, a1, 255           : IntAlu :  D=0x000000000000002f
2330000: system.cpu: T0 : 0x1ead4    : c_or a1, a5                : IntAlu :  D=0x0000000000002f2f
2330500: system.cpu: T0 : 0x1ead6    : c_addiw a1, 0              : IntAlu :  D=0x0000000000002f2f
2331000: system.cpu: T0 : 0x1ead8    : slli t1, a1, 16            : IntAlu :  D=0x000000002f2f0000
2331500: system.cpu: T0 : 0x1eadc    : or a1, t1, a1              : IntAlu :  D=0x000000002f2f2f2f
2332000: system.cpu: T0 : 0x1eae0    : ld a6, -2032(gp)           : MemRead :  D=0x7efefefefefefeff A=0x70838
2332500: system.cpu: T0 : 0x1eae4    : slli t1, a1, 32            : IntAlu :  D=0x2f2f2f2f00000000
2333000: system.cpu: T0 : 0x1eae8    : or t1, t1, a1              : IntAlu :  D=0x2f2f2f2f2f2f2f2f
2333500: system.cpu: T0 : 0x1eaec    : c_li t3, -1                : IntAlu :  D=0xffffffffffffffff
2334000: system.cpu: T0 : 0x1eaee    : c_ld a1, 0(a0)             : MemRead :  D=0x616f6c6e776f442f A=0x7fffffffffffffe0
2334500: system.cpu: T0 : 0x1eaf0    : addi a5, a0, 8             : IntAlu :  D=0x7fffffffffffffe8
2335000: system.cpu: T0 : 0x1eaf4    : xor a7, t1, a1             : IntAlu :  D=0x4e40434158406b00
2335500: system.cpu: T0 : 0x1eaf8    : add a3, a1, a6             : IntAlu :  D=0xe06e6b6d766e432e
2336000: system.cpu: T0 : 0x1eafc    : add a2, a7, a6             : IntAlu :  D=0xcd3f4240573f69ff
2336500: system.cpu: T0 : 0x1eb00    : c_xor a3, a1               : IntAlu :  D=0x8101070301010701
2337500: system.cpu: T0 : 0x1eb02    : xor a2, a2, a7             : IntAlu :  D=0x837f01010f7f02ff
2338000: system.cpu: T0 : 0x1eb06    : c_and a3, a2               : IntAlu :  D=0x8101010101010201
2338500: system.cpu: T0 : 0x1eb08    : or a3, a3, a6              : IntAlu :  D=0xfffffffffffffeff
2339000: system.cpu: T0 : 0x1eb0c    : beq a3, t3, 88             : IntAlu : 
2339500: system.cpu: T0 : 0x1eb10    : lbu a3, -8(a5)             : MemRead :  D=0x000000000000002f A=0x7fffffffffffffe0
2340000: system.cpu: T0 : 0x1eb14    : beq a3, a4, -80            : IntAlu : 
2340500: system.cpu: T0 : 0x1eac4    : c_jr ra                    : IntAlu : 
2341000: system.cpu: T0 : 0x37e56    : c_bnez a0, -14             : IntAlu : 
2341500: system.cpu: T0 : 0x37e48    : addi s0, a0, 1             : IntAlu :  D=0x7fffffffffffffe1
2342000: system.cpu: T0 : 0x37e4c    : c_mv s2, a0                : IntAlu :  D=0x7fffffffffffffe0
2342500: system.cpu: T0 : 0x37e4e    : c_mv a0, s0                : IntAlu :  D=0x7fffffffffffffe1
2343000: system.cpu: T0 : 0x37e50    : c_mv a1, s1                : IntAlu :  D=0x000000000000002f
2344000: system.cpu: T0 : 0x37e52    : jal ra, -103340            : IntAlu :  D=0x0000000000037e56
2345000: system.cpu: T0 : 0x1eaa6    : andi a5, a0, 7             : IntAlu :  D=0x0000000000000001
2346000: system.cpu: T0 : 0x1eaaa    : andi a4, a1, 255           : IntAlu :  D=0x000000000000002f
2346500: system.cpu: T0 : 0x1eaae    : c_bnez a5, 14              : IntAlu : 
2347000: system.cpu: T0 : 0x1eabc    : lbu a5, 0(a0)              : MemRead :  D=0x0000000000000044 A=0x7fffffffffffffe1
2347500: system.cpu: T0 : 0x1eac0    : bne a5, a4, -14            : IntAlu : 
2348000: system.cpu: T0 : 0x1eab2    : c_addi a0, 1               : IntAlu :  D=0x7fffffffffffffe2
2348500: system.cpu: T0 : 0x1eab4    : andi a3, a0, 7             : IntAlu :  D=0x0000000000000002
2349000: system.cpu: T0 : 0x1eab8    : c_beqz a5, 168             : IntAlu : 
2349500: system.cpu: T0 : 0x1eaba    : c_beqz a3, 12              : IntAlu : 
2350000: system.cpu: T0 : 0x1eabc    : lbu a5, 0(a0)              : MemRead :  D=0x000000000000006f A=0x7fffffffffffffe2
2350500: system.cpu: T0 : 0x1eac0    : bne a5, a4, -14            : IntAlu : 
2351000: system.cpu: T0 : 0x1eab2    : c_addi a0, 1               : IntAlu :  D=0x7fffffffffffffe3
2351500: system.cpu: T0 : 0x1eab4    : andi a3, a0, 7             : IntAlu :  D=0x0000000000000003
2352000: system.cpu: T0 : 0x1eab8    : c_beqz a5, 168             : IntAlu : 
2352500: system.cpu: T0 : 0x1eaba    : c_beqz a3, 12              : IntAlu : 
2353000: system.cpu: T0 : 0x1eabc    : lbu a5, 0(a0)              : MemRead :  D=0x0000000000000077 A=0x7fffffffffffffe3
2353500: system.cpu: T0 : 0x1eac0    : bne a5, a4, -14            : IntAlu : 
2354000: system.cpu: T0 : 0x1eab2    : c_addi a0, 1               : IntAlu :  D=0x7fffffffffffffe4
2354500: system.cpu: T0 : 0x1eab4    : andi a3, a0, 7             : IntAlu :  D=0x0000000000000004
2355000: system.cpu: T0 : 0x1eab8    : c_beqz a5, 168             : IntAlu : 
2355500: system.cpu: T0 : 0x1eaba    : c_beqz a3, 12              : IntAlu : 
2356000: system.cpu: T0 : 0x1eabc    : lbu a5, 0(a0)              : MemRead :  D=0x000000000000006e A=0x7fffffffffffffe4
2356500: system.cpu: T0 : 0x1eac0    : bne a5, a4, -14            : IntAlu : 
2357000: system.cpu: T0 : 0x1eab2    : c_addi a0, 1               : IntAlu :  D=0x7fffffffffffffe5
2357500: system.cpu: T0 : 0x1eab4    : andi a3, a0, 7             : IntAlu :  D=0x0000000000000005
2358000: system.cpu: T0 : 0x1eab8    : c_beqz a5, 168             : IntAlu : 
2358500: system.cpu: T0 : 0x1eaba    : c_beqz a3, 12              : IntAlu : 
2359000: system.cpu: T0 : 0x1eabc    : lbu a5, 0(a0)              : MemRead :  D=0x000000000000006c A=0x7fffffffffffffe5
2359500: system.cpu: T0 : 0x1eac0    : bne a5, a4, -14            : IntAlu : 
2360000: system.cpu: T0 : 0x1eab2    : c_addi a0, 1               : IntAlu :  D=0x7fffffffffffffe6
2360500: system.cpu: T0 : 0x1eab4    : andi a3, a0, 7             : IntAlu :  D=0x0000000000000006
2361000: system.cpu: T0 : 0x1eab8    : c_beqz a5, 168             : IntAlu : 
2361500: system.cpu: T0 : 0x1eaba    : c_beqz a3, 12              : IntAlu : 
2362000: system.cpu: T0 : 0x1eabc    : lbu a5, 0(a0)              : MemRead :  D=0x000000000000006f A=0x7fffffffffffffe6
2362500: system.cpu: T0 : 0x1eac0    : bne a5, a4, -14            : IntAlu : 
2363000: system.cpu: T0 : 0x1eab2    : c_addi a0, 1               : IntAlu :  D=0x7fffffffffffffe7
2363500: system.cpu: T0 : 0x1eab4    : andi a3, a0, 7             : IntAlu :  D=0x0000000000000007
2364000: system.cpu: T0 : 0x1eab8    : c_beqz a5, 168             : IntAlu : 
2364500: system.cpu: T0 : 0x1eaba    : c_beqz a3, 12              : IntAlu : 
2365000: system.cpu: T0 : 0x1eabc    : lbu a5, 0(a0)              : MemRead :  D=0x0000000000000061 A=0x7fffffffffffffe7
2365500: system.cpu: T0 : 0x1eac0    : bne a5, a4, -14            : IntAlu : 
2366000: system.cpu: T0 : 0x1eab2    : c_addi a0, 1               : IntAlu :  D=0x7fffffffffffffe8
2366500: system.cpu: T0 : 0x1eab4    : andi a3, a0, 7             : IntAlu :  D=0x0000000000000000
2367000: system.cpu: T0 : 0x1eab8    : c_beqz a5, 168             : IntAlu : 
2367500: system.cpu: T0 : 0x1eaba    : c_beqz a3, 12              : IntAlu : 
2368000: system.cpu: T0 : 0x1eac6    : c_lui a3, 16               : IntAlu :  D=0x0000000000010000
2368500: system.cpu: T0 : 0x1eac8    : slliw a5, a1, 8            : IntAlu :  D=0x0000000000002f00
2369000: system.cpu: T0 : 0x1eacc    : c_addi a3, -1              : IntAlu :  D=0x000000000000ffff
2369500: system.cpu: T0 : 0x1eace    : c_and a5, a3               : IntAlu :  D=0x0000000000002f00
2370000: system.cpu: T0 : 0x1ead0    : andi a1, a1, 255           : IntAlu :  D=0x000000000000002f
2370500: system.cpu: T0 : 0x1ead4    : c_or a1, a5                : IntAlu :  D=0x0000000000002f2f
2371000: system.cpu: T0 : 0x1ead6    : c_addiw a1, 0              : IntAlu :  D=0x0000000000002f2f
2371500: system.cpu: T0 : 0x1ead8    : slli t1, a1, 16            : IntAlu :  D=0x000000002f2f0000
2372000: system.cpu: T0 : 0x1eadc    : or a1, t1, a1              : IntAlu :  D=0x000000002f2f2f2f
2372500: system.cpu: T0 : 0x1eae0    : ld a6, -2032(gp)           : MemRead :  D=0x7efefefefefefeff A=0x70838
2373000: system.cpu: T0 : 0x1eae4    : slli t1, a1, 32            : IntAlu :  D=0x2f2f2f2f00000000
2373500: system.cpu: T0 : 0x1eae8    : or t1, t1, a1              : IntAlu :  D=0x2f2f2f2f2f2f2f2f
2374000: system.cpu: T0 : 0x1eaec    : c_li t3, -1                : IntAlu :  D=0xffffffffffffffff
2374500: system.cpu: T0 : 0x1eaee    : c_ld a1, 0(a0)             : MemRead :  D=0xc9006361662f7364 A=0x7fffffffffffffe8
2375000: system.cpu: T0 : 0x1eaf0    : addi a5, a0, 8             : IntAlu :  D=0x7ffffffffffffff0
2375500: system.cpu: T0 : 0x1eaf4    : xor a7, t1, a1             : IntAlu :  D=0xe62f4c4e49005c4b
2376000: system.cpu: T0 : 0x1eaf8    : add a3, a1, a6             : IntAlu :  D=0x47ff6260652e7263
2376500: system.cpu: T0 : 0x1eafc    : add a2, a7, a6             : IntAlu :  D=0x652e4b4d47ff5b4a
2377000: system.cpu: T0 : 0x1eb00    : c_xor a3, a1               : IntAlu :  D=0x8eff010103010107
2378000: system.cpu: T0 : 0x1eb02    : xor a2, a2, a7             : IntAlu :  D=0x830107030eff0701
2378500: system.cpu: T0 : 0x1eb06    : c_and a3, a2               : IntAlu :  D=0x8201010102010101
2379000: system.cpu: T0 : 0x1eb08    : or a3, a3, a6              : IntAlu :  D=0xfefffffffeffffff
2379500: system.cpu: T0 : 0x1eb0c    : beq a3, t3, 88             : IntAlu : 
2380000: system.cpu: T0 : 0x1eb10    : lbu a3, -8(a5)             : MemRead :  D=0x0000000000000064 A=0x7fffffffffffffe8
2380500: system.cpu: T0 : 0x1eb14    : beq a3, a4, -80            : IntAlu : 
2381000: system.cpu: T0 : 0x1eb18    : c_beqz a3, 72              : IntAlu : 
2382000: system.cpu: T0 : 0x1eb1a    : lbu a3, -7(a5)             : MemRead :  D=0x0000000000000073 A=0x7fffffffffffffe9
2383000: system.cpu: T0 : 0x1eb1e    : beq a3, a4, 74             : IntAlu : 
2383500: system.cpu: T0 : 0x1eb22    : c_beqz a3, 62              : IntAlu : 
2384000: system.cpu: T0 : 0x1eb24    : lbu a3, -6(a5)             : MemRead :  D=0x000000000000002f A=0x7fffffffffffffea
2384500: system.cpu: T0 : 0x1eb28    : beq a3, a4, 68             : IntAlu : 
2385000: system.cpu: T0 : 0x1eb6c    : c_addi a0, 2               : IntAlu :  D=0x7fffffffffffffea
2385500: system.cpu: T0 : 0x1eb6e    : c_jr ra                    : IntAlu : 
2386000: system.cpu: T0 : 0x37e56    : c_bnez a0, -14             : IntAlu : 
2386500: system.cpu: T0 : 0x37e48    : addi s0, a0, 1             : IntAlu :  D=0x7fffffffffffffeb
2387000: system.cpu: T0 : 0x37e4c    : c_mv s2, a0                : IntAlu :  D=0x7fffffffffffffea
2387500: system.cpu: T0 : 0x37e4e    : c_mv a0, s0                : IntAlu :  D=0x7fffffffffffffeb
2388000: system.cpu: T0 : 0x37e50    : c_mv a1, s1                : IntAlu :  D=0x000000000000002f
2389000: system.cpu: T0 : 0x37e52    : jal ra, -103340            : IntAlu :  D=0x0000000000037e56
2390000: system.cpu: T0 : 0x1eaa6    : andi a5, a0, 7             : IntAlu :  D=0x0000000000000003
2391000: system.cpu: T0 : 0x1eaaa    : andi a4, a1, 255           : IntAlu :  D=0x000000000000002f
2391500: system.cpu: T0 : 0x1eaae    : c_bnez a5, 14              : IntAlu : 
2392000: system.cpu: T0 : 0x1eabc    : lbu a5, 0(a0)              : MemRead :  D=0x0000000000000066 A=0x7fffffffffffffeb
2392500: system.cpu: T0 : 0x1eac0    : bne a5, a4, -14            : IntAlu : 
2393000: system.cpu: T0 : 0x1eab2    : c_addi a0, 1               : IntAlu :  D=0x7fffffffffffffec
2393500: system.cpu: T0 : 0x1eab4    : andi a3, a0, 7             : IntAlu :  D=0x0000000000000004
2394000: system.cpu: T0 : 0x1eab8    : c_beqz a5, 168             : IntAlu : 
2394500: system.cpu: T0 : 0x1eaba    : c_beqz a3, 12              : IntAlu : 
2395000: system.cpu: T0 : 0x1eabc    : lbu a5, 0(a0)              : MemRead :  D=0x0000000000000061 A=0x7fffffffffffffec
2395500: system.cpu: T0 : 0x1eac0    : bne a5, a4, -14            : IntAlu : 
2396000: system.cpu: T0 : 0x1eab2    : c_addi a0, 1               : IntAlu :  D=0x7fffffffffffffed
2396500: system.cpu: T0 : 0x1eab4    : andi a3, a0, 7             : IntAlu :  D=0x0000000000000005
2397000: system.cpu: T0 : 0x1eab8    : c_beqz a5, 168             : IntAlu : 
2397500: system.cpu: T0 : 0x1eaba    : c_beqz a3, 12              : IntAlu : 
2398000: system.cpu: T0 : 0x1eabc    : lbu a5, 0(a0)              : MemRead :  D=0x0000000000000063 A=0x7fffffffffffffed
2398500: system.cpu: T0 : 0x1eac0    : bne a5, a4, -14            : IntAlu : 
2399000: system.cpu: T0 : 0x1eab2    : c_addi a0, 1               : IntAlu :  D=0x7fffffffffffffee
2399500: system.cpu: T0 : 0x1eab4    : andi a3, a0, 7             : IntAlu :  D=0x0000000000000006
2400000: system.cpu: T0 : 0x1eab8    : c_beqz a5, 168             : IntAlu : 
2400500: system.cpu: T0 : 0x1eaba    : c_beqz a3, 12              : IntAlu : 
2401000: system.cpu: T0 : 0x1eabc    : lbu a5, 0(a0)              : MemRead :  D=0x0000000000000000 A=0x7fffffffffffffee
2401500: system.cpu: T0 : 0x1eac0    : bne a5, a4, -14            : IntAlu : 
2402000: system.cpu: T0 : 0x1eab2    : c_addi a0, 1               : IntAlu :  D=0x7fffffffffffffef
2402500: system.cpu: T0 : 0x1eab4    : andi a3, a0, 7             : IntAlu :  D=0x0000000000000007
2403000: system.cpu: T0 : 0x1eab8    : c_beqz a5, 168             : IntAlu : 
2403500: system.cpu: T0 : 0x1eb60    : c_li a0, 0                 : IntAlu :  D=0x0000000000000000
2404000: system.cpu: T0 : 0x1eb62    : c_jr ra                    : IntAlu : 
2404500: system.cpu: T0 : 0x37e56    : c_bnez a0, -14             : IntAlu : 
2405000: system.cpu: T0 : 0x37e58    : c_ldsp ra, 24(sp)          : MemRead :  D=0x0000000000021cc4 A=0x7ffffffffffffda8
2405500: system.cpu: T0 : 0x37e5a    : c_ldsp s0, 16(sp)          : MemRead :  D=0x7fffffffffffff38 A=0x7ffffffffffffda0
2406000: system.cpu: T0 : 0x37e5c    : c_ldsp s1, 8(sp)           : MemRead :  D=0x7fffffffffffffde A=0x7ffffffffffffd98
2406500: system.cpu: T0 : 0x37e5e    : c_mv a0, s2                : IntAlu :  D=0x7fffffffffffffea
2407000: system.cpu: T0 : 0x37e60    : c_ldsp s2, 0(sp)           : MemRead :  D=0x7fffffffffffff48 A=0x7ffffffffffffd90
2407500: system.cpu: T0 : 0x37e62    : c_addi16sp sp, 32          : IntAlu :  D=0x7ffffffffffffdb0
2408000: system.cpu: T0 : 0x37e64    : c_jr ra                    : IntAlu : 
2408500: system.cpu: T0 : 0x21cc4    : c_beqz a0, 26              : IntAlu : 
2409000: system.cpu: T0 : 0x21cc6    : c_addi a0, 1               : IntAlu :  D=0x7fffffffffffffeb
2409500: system.cpu: T0 : 0x21cc8    : sd a0, -1824(gp)           : MemWrite :  D=0x7fffffffffffffeb A=0x70908
2410000: system.cpu: T0 : 0x21ccc    : c_ld a4, 0(s0)             : MemRead :  D=0x7fffffffffffffde A=0x7fffffffffffff38
2411000: system.cpu: T0 : 0x21cce    : sd a4, -1816(gp)           : MemWrite :  D=0x7fffffffffffffde A=0x70910
2411500: system.cpu: T0 : 0x21cd2    : c_ldsp ra, 24(sp)          : MemRead :  D=0x0000000000022da6 A=0x7ffffffffffffdc8
2412000: system.cpu: T0 : 0x21cd4    : c_ldsp s0, 16(sp)          : MemRead :  D=0x0000000000000001 A=0x7ffffffffffffdc0
2412500: system.cpu: T0 : 0x21cd6    : c_ldsp s1, 8(sp)           : MemRead :  D=0x7fffffffffffff38 A=0x7ffffffffffffdb8
2413000: system.cpu: T0 : 0x21cd8    : c_addi16sp sp, 32          : IntAlu :  D=0x7ffffffffffffdd0
2413500: system.cpu: T0 : 0x21cda    : c_jr ra                    : IntAlu : 
2414000: system.cpu: T0 : 0x22da6    : c_ldsp s0, 16(sp)          : MemRead :  D=0x0000000000010996 A=0x7ffffffffffffde0
2414500: system.cpu: T0 : 0x22da8    : c_ldsp ra, 24(sp)          : MemRead :  D=0x000000000001060a A=0x7ffffffffffffde8
2415000: system.cpu: T0 : 0x22daa    : c_ldsp s1, 8(sp)           : MemRead :  D=0x0000000000010a26 A=0x7ffffffffffffdd8
2415500: system.cpu: T0 : 0x22dac    : c_ldsp s2, 0(sp)           : MemRead :  D=0x0000000000000000 A=0x7ffffffffffffdd0
2416000: system.cpu: T0 : 0x22dae    : c_addi16sp sp, 32          : IntAlu :  D=0x7ffffffffffffdf0
2416500: system.cpu: T0 : 0x22db0    : jal zero, 35004            : IntAlu :  D=0x0000000000022db4
2417000: system.cpu: T0 : 0x2b66c    : ld a5, 0(tp)               : MemRead :  D=0x0000000000070678 A=0x72710
2417500: system.cpu: T0 : 0x2b670    : c_ld a5, 0(a5)             : MemRead :  D=0x0000000000051840 A=0x70678
2418000: system.cpu: T0 : 0x2b672    : c_ld a0, 64(a5)            : MemRead :  D=0x0000000000053070 A=0x51880
2418500: system.cpu: T0 : 0x2b674    : c_ld a2, 72(a5)            : MemRead :  D=0x0000000000052670 A=0x51888
2419000: system.cpu: T0 : 0x2b676    : c_ld a4, 88(a5)            : MemRead :  D=0x0000000000052070 A=0x51898
2419500: system.cpu: T0 : 0x2b678    : addi a0, a0, 256           : IntAlu :  D=0x0000000000053170
2420000: system.cpu: T0 : 0x2b67c    : addi a2, a2, 512           : IntAlu :  D=0x0000000000052870
2420500: system.cpu: T0 : 0x2b680    : addi a4, a4, 512           : IntAlu :  D=0x0000000000052270
2421000: system.cpu: T0 : 0x2b684    : sd a0, 80(tp)              : MemWrite :  D=0x0000000000053170 A=0x72760
2421500: system.cpu: T0 : 0x2b688    : sd a2, 72(tp)              : MemWrite :  D=0x0000000000052870 A=0x72758
2422000: system.cpu: T0 : 0x2b68c    : sd a4, 64(tp)              : MemWrite :  D=0x0000000000052270 A=0x72750
2422500: system.cpu: T0 : 0x2b690    : c_jr ra                    : IntAlu : 
2423000: system.cpu: T0 : 0x1060a    : c_beqz s1, 12              : IntAlu : 
2423500: system.cpu: T0 : 0x1060c    : c_li a2, 0                 : IntAlu :  D=0x0000000000000000
2424000: system.cpu: T0 : 0x1060e    : c_li a1, 0                 : IntAlu :  D=0x0000000000000000
2424500: system.cpu: T0 : 0x10610    : c_mv a0, s1                : IntAlu :  D=0x0000000000010a26
2425500: system.cpu: T0 : 0x10612    : jal ra, 17628              : IntAlu :  D=0x0000000000010616
2426500: system.cpu: T0 : 0x14aee    : addi a3, gp, -1936         : IntAlu :  D=0x0000000000070898
2427000: system.cpu: T0 : 0x14af2    : c_j -204                   : IntAlu : 
2427500: system.cpu: T0 : 0x14a26    : c_addi16sp sp, -64         : IntAlu :  D=0x7ffffffffffffdb0
2428000: system.cpu: T0 : 0x14a28    : c_sdsp ra, 56(sp)          : MemWrite :  D=0x0000000000010616 A=0x7ffffffffffffde8
2428500: system.cpu: T0 : 0x14a2a    : c_sdsp s0, 48(sp)          : MemWrite :  D=0x0000000000010996 A=0x7ffffffffffffde0
2429000: system.cpu: T0 : 0x14a2c    : c_sdsp s1, 40(sp)          : MemWrite :  D=0x0000000000010a26 A=0x7ffffffffffffdd8
2429500: system.cpu: T0 : 0x14a2e    : c_sdsp s2, 32(sp)          : MemWrite :  D=0x0000000000000000 A=0x7ffffffffffffdd0
2430000: system.cpu: T0 : 0x14a30    : c_sdsp s3, 24(sp)          : MemWrite :  D=0x0000000000000000 A=0x7ffffffffffffdc8
2430500: system.cpu: T0 : 0x14a32    : c_beqz a0, 156             : IntAlu : 
2431000: system.cpu: T0 : 0x14a34    : lui s0, 114                : IntAlu :  D=0x0000000000072000
2431500: system.cpu: T0 : 0x14a38    : c_mv s2, a2                : IntAlu :  D=0x0000000000000000
2432000: system.cpu: T0 : 0x14a3a    : c_mv s1, a0                : IntAlu :  D=0x0000000000010a26
2432500: system.cpu: T0 : 0x14a3c    : c_mv s3, a1                : IntAlu :  D=0x0000000000000000
2433000: system.cpu: T0 : 0x14a3e    : c_li a4, 1                 : IntAlu :  D=0x0000000000000001
2433500: system.cpu: T0 : 0x14a40    : addi a2, s0, -608          : IntAlu :  D=0x0000000000071da0
2434000: system.cpu: T0 : 0x14a44    : lr_w a5, (a2)             
2434000: system.cpu: T0 : 0x14a44. 0 : lr_w a5, (a2)              : MemRead :  D=0x0000000000000000 A=0x71da0
2434500: system.cpu: T0 : 0x14a48    : c_bnez a5, 8               : IntAlu : 
2435500: system.cpu: T0 : 0x14a4a    : sc_w_aq a1, a4, (a2)      
2435500: system.cpu: T0 : 0x14a4a. 0 : sc_w a1, a4, (a2)          : MemWrite :  D=0x0000000000000000 A=0x71da0
2436000: system.cpu: T0 : 0x14a4a. 1 : 0x1ce625af fence           : No_OpClass : 
2436500: system.cpu: T0 : 0x14a4e    : c_bnez a1, -10             : IntAlu : 
2437000: system.cpu: T0 : 0x14a50    : c_addiw a5, 0              : IntAlu :  D=0x0000000000000000
2437500: system.cpu: T0 : 0x14a52    : c_bnez a5, 64              : IntAlu : 
2438000: system.cpu: T0 : 0x14a54    : c_mv a0, a3                : IntAlu :  D=0x0000000000070898
2439000: system.cpu: T0 : 0x14a56    : jal ra, -242               : IntAlu :  D=0x0000000000014a5a
2439500: system.cpu: T0 : 0x14964    : lbu a5, -1476(gp)          : MemRead :  D=0x0000000000000000 A=0x70a64
2440000: system.cpu: T0 : 0x14968    : c_bnez a5, 186             : IntAlu : 
2440500: system.cpu: T0 : 0x1496a    : c_addi sp, -32             : IntAlu :  D=0x7ffffffffffffd90
2441000: system.cpu: T0 : 0x1496c    : c_sdsp s1, 8(sp)           : MemWrite :  D=0x0000000000010a26 A=0x7ffffffffffffd98
2441500: system.cpu: T0 : 0x1496e    : c_ld s1, 0(a0)             : MemRead :  D=0x0000000000071140 A=0x70898
2442000: system.cpu: T0 : 0x14970    : c_sdsp s0, 16(sp)          : MemWrite :  D=0x0000000000072000 A=0x7ffffffffffffda0
2442500: system.cpu: T0 : 0x14972    : c_sdsp ra, 24(sp)          : MemWrite :  D=0x0000000000014a5a A=0x7ffffffffffffda8
2443000: system.cpu: T0 : 0x14974    : c_mv s0, a0                : IntAlu :  D=0x0000000000070898
2443500: system.cpu: T0 : 0x14976    : c_beqz s1, 140             : IntAlu : 
2444000: system.cpu: T0 : 0x14978    : c_mv a1, s1                : IntAlu :  D=0x0000000000071140
2444500: system.cpu: T0 : 0x1497a    : c_li a6, 0                 : IntAlu :  D=0x0000000000000000
2445000: system.cpu: T0 : 0x1497c    : c_ld a4, 8(a1)             : MemRead :  D=0x0000000000000000 A=0x71148
2446000: system.cpu: T0 : 0x1497e    : slli a5, a4, 5             : IntAlu :  D=0x0000000000000000
2446500: system.cpu: T0 : 0x14982    : c_add a5, a1               : IntAlu :  D=0x0000000000071140
2447000: system.cpu: T0 : 0x14984    : c_beqz a4, 18              : IntAlu : 
2447500: system.cpu: T0 : 0x14996    : c_ld a5, 0(a1)             : MemRead :  D=0x0000000000000000 A=0x71140
2448000: system.cpu: T0 : 0x14998    : sd zero, 8(a1)             : MemWrite :  D=0x0000000000000000 A=0x71148
2448500: system.cpu: T0 : 0x1499c    : c_mv a6, a1                : IntAlu :  D=0x0000000000071140
2449000: system.cpu: T0 : 0x1499e    : c_beqz a5, 78              : IntAlu : 
2449500: system.cpu: T0 : 0x149ec    : c_li a5, 1                 : IntAlu :  D=0x0000000000000001
2450500: system.cpu: T0 : 0x149ee    : addi a0, a1, 16            : IntAlu :  D=0x0000000000071150
2451000: system.cpu: T0 : 0x149f2    : c_sd a5, 8(a1)             : MemWrite :  D=0x0000000000000001 A=0x71148
2451500: system.cpu: T0 : 0x149f4    : c_j -60                    : IntAlu : 
2452000: system.cpu: T0 : 0x149b8    : lui a4, 114                : IntAlu :  D=0x0000000000072000
2452500: system.cpu: T0 : 0x149bc    : ld a5, -600(a4)            : MemRead :  D=0x0000000000000000 A=0x71da8
2453000: system.cpu: T0 : 0x149c0    : c_ldsp ra, 24(sp)          : MemRead :  D=0x0000000000014a5a A=0x7ffffffffffffda8
2453500: system.cpu: T0 : 0x149c2    : c_ldsp s0, 16(sp)          : MemRead :  D=0x0000000000072000 A=0x7ffffffffffffda0
2454000: system.cpu: T0 : 0x149c4    : c_li a3, 1                 : IntAlu :  D=0x0000000000000001
2454500: system.cpu: T0 : 0x149c6    : c_sd a3, 0(a0)             : MemWrite :  D=0x0000000000000001 A=0x71150
2455000: system.cpu: T0 : 0x149c8    : c_addi a5, 1               : IntAlu :  D=0x0000000000000001
2456000: system.cpu: T0 : 0x149ca    : sd a5, -600(a4)            : MemWrite :  D=0x0000000000000001 A=0x71da8
2456500: system.cpu: T0 : 0x149ce    : c_ldsp s1, 8(sp)           : MemRead :  D=0x0000000000010a26 A=0x7ffffffffffffd98
2457000: system.cpu: T0 : 0x149d0    : c_addi16sp sp, 32          : IntAlu :  D=0x7ffffffffffffdb0
2457500: system.cpu: T0 : 0x149d2    : c_jr ra                    : IntAlu : 
2458000: system.cpu: T0 : 0x14a5a    : c_beqz a0, 70              : IntAlu : 
2458500: system.cpu: T0 : 0x14a5c    : c_li a5, 4                 : IntAlu :  D=0x0000000000000004
2459000: system.cpu: T0 : 0x14a5e    : c_sd a5, 0(a0)             : MemWrite :  D=0x0000000000000004 A=0x71150
2459500: system.cpu: T0 : 0x14a60    : c_sd s1, 8(a0)             : MemWrite :  D=0x0000000000010a26 A=0x71158
2460500: system.cpu: T0 : 0x14a62    : sd s3, 16(a0)              : MemWrite :  D=0x0000000000000000 A=0x71160
2461500: system.cpu: T0 : 0x14a66    : sd s2, 24(a0)              : MemWrite :  D=0x0000000000000000 A=0x71168
2462000: system.cpu: T0 : 0x14a6a    : c_li a5, 0                 : IntAlu :  D=0x0000000000000000
2462500: system.cpu: T0 : 0x14a6c    : addi a4, s0, -608          : IntAlu :  D=0x0000000000071da0
2463000: system.cpu: T0 : 0x14a70    : fence iorw, ow             : No_OpClass : 
2463500: system.cpu: T0 : 0x14a74    : amoswap_w a5, a5, (a4)    
2463500: system.cpu: T0 : 0x14a74. 0 : amoswap_w[l] a5, a5, (a4)  : MemRead :  D=0x0000000000000001 A=0x71da0
2464000: system.cpu: T0 : 0x14a78    : c_addiw a5, 0              : IntAlu :  D=0x0000000000000001
2464500: system.cpu: T0 : 0x14a7a    : c_li a3, 1                 : IntAlu :  D=0x0000000000000001
2465000: system.cpu: T0 : 0x14a7c    : c_li a4, 0                 : IntAlu :  D=0x0000000000000000
2466000: system.cpu: T0 : 0x14a7e    : blt a3, a5, 58             : IntAlu : 
2466500: system.cpu: T0 : 0x14a82    : c_ldsp ra, 56(sp)          : MemRead :  D=0x0000000000010616 A=0x7ffffffffffffde8
2467000: system.cpu: T0 : 0x14a84    : c_ldsp s0, 48(sp)          : MemRead :  D=0x0000000000010996 A=0x7ffffffffffffde0
2467500: system.cpu: T0 : 0x14a86    : c_ldsp s1, 40(sp)          : MemRead :  D=0x0000000000010a26 A=0x7ffffffffffffdd8
2468000: system.cpu: T0 : 0x14a88    : c_ldsp s2, 32(sp)          : MemRead :  D=0x0000000000000000 A=0x7ffffffffffffdd0
2468500: system.cpu: T0 : 0x14a8a    : c_ldsp s3, 24(sp)          : MemRead :  D=0x0000000000000000 A=0x7ffffffffffffdc8
2469000: system.cpu: T0 : 0x14a8c    : c_mv a0, a4                : IntAlu :  D=0x0000000000000000
2469500: system.cpu: T0 : 0x14a8e    : c_addi16sp sp, 64          : IntAlu :  D=0x7ffffffffffffdf0
2470000: system.cpu: T0 : 0x14a90    : c_jr ra                    : IntAlu : 
2471000: system.cpu: T0 : 0x10616    : lui a5, 111                : IntAlu :  D=0x000000000006f000
2472000: system.cpu: T0 : 0x1061a    : lw a5, -72(a5)             : MemRead :  D=0x0000000000000000 A=0x6efb8
2473000: system.cpu: T0 : 0x1061e    : bne a5, zero, 238          : IntAlu : 
2473500: system.cpu: T0 : 0x10622    : c_beqz s0, 12              : IntAlu : 
2474000: system.cpu: T0 : 0x10624    : ld a2, -1360(gp)           : MemRead :  D=0x7fffffffffffff48 A=0x70ad8
2474500: system.cpu: T0 : 0x10628    : c_ldsp a1, 16(sp)          : MemRead :  D=0x7fffffffffffff38 A=0x7ffffffffffffe00
2475000: system.cpu: T0 : 0x1062a    : c_ldsp a0, 8(sp)           : MemRead :  D=0x0000000000000001 A=0x7ffffffffffffdf8
2475500: system.cpu: T0 : 0x1062c    : c_jalr s0                  : IntAlu :  D=0x000000000001062e
2476000: system.cpu: T0 : 0x10996    : c_addi16sp sp, -64         : IntAlu :  D=0x7ffffffffffffdb0
2476500: system.cpu: T0 : 0x10998    : c_sdsp s0, 48(sp)          : MemWrite :  D=0x0000000000010996 A=0x7ffffffffffffde0
2477000: system.cpu: T0 : 0x1099a    : c_sdsp s5, 8(sp)           : MemWrite :  D=0x0000000000000000 A=0x7ffffffffffffdb8
2477500: system.cpu: T0 : 0x1099c    : lui s0, 111                : IntAlu :  D=0x000000000006f000
2478000: system.cpu: T0 : 0x109a0    : lui s5, 111                : IntAlu :  D=0x000000000006f000
2478500: system.cpu: T0 : 0x109a4    : addi a5, s0, -1296         : IntAlu :  D=0x000000000006eaf0
2479000: system.cpu: T0 : 0x109a8    : addi s5, s5, -1288         : IntAlu :  D=0x000000000006eaf8
2479500: system.cpu: T0 : 0x109ac    : sub s5, s5, a5             : IntAlu :  D=0x0000000000000008
2480000: system.cpu: T0 : 0x109b0    : c_sdsp s2, 32(sp)          : MemWrite :  D=0x0000000000000000 A=0x7ffffffffffffdd0
2480500: system.cpu: T0 : 0x109b2    : c_sdsp s3, 24(sp)          : MemWrite :  D=0x0000000000000000 A=0x7ffffffffffffdc8
2481000: system.cpu: T0 : 0x109b4    : c_sdsp s4, 16(sp)          : MemWrite :  D=0x0000000000000000 A=0x7ffffffffffffdc0
2481500: system.cpu: T0 : 0x109b6    : c_sdsp ra, 56(sp)          : MemWrite :  D=0x000000000001062e A=0x7ffffffffffffde8
2482000: system.cpu: T0 : 0x109b8    : c_sdsp s1, 40(sp)          : MemWrite :  D=0x0000000000010a26 A=0x7ffffffffffffdd8
2483000: system.cpu: T0 : 0x109ba    : srai s5, s5, 3             : IntAlu :  D=0x0000000000000001
2483500: system.cpu: T0 : 0x109be    : c_mv s2, a0                : IntAlu :  D=0x0000000000000001
2484000: system.cpu: T0 : 0x109c0    : c_mv s3, a1                : IntAlu :  D=0x7fffffffffffff38
2484500: system.cpu: T0 : 0x109c2    : c_mv s4, a2                : IntAlu :  D=0x7fffffffffffff48
2485000: system.cpu: T0 : 0x109c4    : beq s5, zero, 28           : IntAlu : 
2485500: system.cpu: T0 : 0x109c8    : addi s0, s0, -1296         : IntAlu :  D=0x000000000006eaf0
2486000: system.cpu: T0 : 0x109cc    : c_li s1, 0                 : IntAlu :  D=0x0000000000000000
2486500: system.cpu: T0 : 0x109ce    : c_ld a5, 0(s0)             : MemRead :  D=0x0000000000010376 A=0x6eaf0
2487000: system.cpu: T0 : 0x109d0    : c_mv a2, s4                : IntAlu :  D=0x7fffffffffffff48
2487500: system.cpu: T0 : 0x109d2    : c_mv a1, s3                : IntAlu :  D=0x7fffffffffffff38
2488000: system.cpu: T0 : 0x109d4    : c_mv a0, s2                : IntAlu :  D=0x0000000000000001
2488500: system.cpu: T0 : 0x109d6    : c_addi s1, 1               : IntAlu :  D=0x0000000000000001
2489000: system.cpu: T0 : 0x109d8    : c_jalr a5                  : IntAlu :  D=0x00000000000109da
2490000: system.cpu: T0 : 0x10376    : auipc gp, 97               : IntAlu :  D=0x0000000000071376
2491000: system.cpu: T0 : 0x1037a    : addi gp, gp, -846          : IntAlu :  D=0x0000000000071028
2491500: system.cpu: T0 : 0x1037e    : c_jr ra                    : IntAlu : 
2492000: system.cpu: T0 : 0x109da    : c_addi s0, 8               : IntAlu :  D=0x000000000006eaf8
2492500: system.cpu: T0 : 0x109dc    : bne s5, s1, -14            : IntAlu : 
2493000: system.cpu: T0 : 0x109e0    : lui s0, 111                : IntAlu :  D=0x000000000006f000
2493500: system.cpu: T0 : 0x109e4    : lui s5, 111                : IntAlu :  D=0x000000000006f000
2494000: system.cpu: T0 : 0x109e8    : addi a5, s0, -1288         : IntAlu :  D=0x000000000006eaf8
2494500: system.cpu: T0 : 0x109ec    : addi s5, s5, -1280         : IntAlu :  D=0x000000000006eb00
2495000: system.cpu: T0 : 0x109f0    : sub s5, s5, a5             : IntAlu :  D=0x0000000000000008
2495500: system.cpu: T0 : 0x109f4    : srai s5, s5, 3             : IntAlu :  D=0x0000000000000001
2496000: system.cpu: T0 : 0x109f8    : beq s5, zero, 28           : IntAlu : 
2496500: system.cpu: T0 : 0x109fc    : addi s0, s0, -1288         : IntAlu :  D=0x000000000006eaf8
2497000: system.cpu: T0 : 0x10a00    : c_li s1, 0                 : IntAlu :  D=0x0000000000000000
2497500: system.cpu: T0 : 0x10a02    : c_ld a5, 0(s0)             : MemRead :  D=0x000000000001040a A=0x6eaf8
2498000: system.cpu: T0 : 0x10a04    : c_mv a2, s4                : IntAlu :  D=0x7fffffffffffff48
2498500: system.cpu: T0 : 0x10a06    : c_mv a1, s3                : IntAlu :  D=0x7fffffffffffff38
2499000: system.cpu: T0 : 0x10a08    : c_mv a0, s2                : IntAlu :  D=0x0000000000000001
2499500: system.cpu: T0 : 0x10a0a    : c_addi s1, 1               : IntAlu :  D=0x0000000000000001
2500000: system.cpu: T0 : 0x10a0c    : c_jalr a5                  : IntAlu :  D=0x0000000000010a0e
2501000: system.cpu: T0 : 0x1040a    : lui a5, 76                 : IntAlu :  D=0x000000000004c000
2502000: system.cpu: T0 : 0x1040e    : addi a5, a5, 1128          : IntAlu :  D=0x000000000004c468
2502500: system.cpu: T0 : 0x10412    : c_beqz a5, 28              : IntAlu : 
2503000: system.cpu: T0 : 0x10414    : lui a0, 106                : IntAlu :  D=0x000000000006a000
2503500: system.cpu: T0 : 0x10418    : c_addi sp, -16             : IntAlu :  D=0x7ffffffffffffda0
2504500: system.cpu: T0 : 0x1041a    : addi a1, gp, -1008         : IntAlu :  D=0x0000000000070c38
2505500: system.cpu: T0 : 0x1041e    : addi a0, a0, 384           : IntAlu :  D=0x000000000006a180
2506000: system.cpu: T0 : 0x10422    : c_sdsp ra, 8(sp)           : MemWrite :  D=0x0000000000010a0e A=0x7ffffffffffffda8
2506500: system.cpu: T0 : 0x10424    : jal ra, 245828             : IntAlu :  D=0x0000000000010428
2507000: system.cpu: T0 : 0x4c468    : c_beqz a0, 12              : IntAlu : 
2507500: system.cpu: T0 : 0x4c46a    : c_lw a5, 0(a0)             : MemRead :  D=0x000000000000001c A=0x6a180
2508000: system.cpu: T0 : 0x4c46c    : c_beqz a5, 8               : IntAlu : 
2508500: system.cpu: T0 : 0x4c46e    : c_li a3, 0                 : IntAlu :  D=0x0000000000000000
2509000: system.cpu: T0 : 0x4c470    : c_li a2, 0                 : IntAlu :  D=0x0000000000000000
2509500: system.cpu: T0 : 0x4c472    : c_j -144                   : IntAlu : 
2510000: system.cpu: T0 : 0x4c3e2    : c_li a5, -1                : IntAlu :  D=0xffffffffffffffff
2510500: system.cpu: T0 : 0x4c3e4    : c_addi sp, -32             : IntAlu :  D=0x7ffffffffffffd80
2511000: system.cpu: T0 : 0x4c3e6    : c_sd a5, 0(a1)             : MemWrite :  D=0xffffffffffffffff A=0x70c38
2511500: system.cpu: T0 : 0x4c3e8    : addi a5, zero, 2040        : IntAlu :  D=0x00000000000007f8
2512000: system.cpu: T0 : 0x4c3ec    : c_sdsp s0, 16(sp)          : MemWrite :  D=0x000000000006eaf8 A=0x7ffffffffffffd90
2512500: system.cpu: T0 : 0x4c3ee    : c_sdsp s1, 8(sp)           : MemWrite :  D=0x0000000000000001 A=0x7ffffffffffffd88
2513000: system.cpu: T0 : 0x4c3f0    : c_sdsp ra, 24(sp)          : MemWrite :  D=0x0000000000010428 A=0x7ffffffffffffd98
2513500: system.cpu: T0 : 0x4c3f2    : c_sd a2, 8(a1)             : MemWrite :  D=0x0000000000000000 A=0x70c40
2514000: system.cpu: T0 : 0x4c3f4    : c_sd a3, 16(a1)            : MemWrite :  D=0x0000000000000000 A=0x70c48
2514500: system.cpu: T0 : 0x4c3f6    : c_sd a0, 24(a1)            : MemWrite :  D=0x000000000006a180 A=0x70c50
2515000: system.cpu: T0 : 0x4c3f8    : c_sd a5, 32(a1)            : MemWrite :  D=0x00000000000007f8 A=0x70c58
2516000: system.cpu: T0 : 0x4c3fa    : auipc s1, 36               : IntAlu :  D=0x00000000000703fa
2517000: system.cpu: T0 : 0x4c3fe    : ld s1, 1038(s1)            : MemRead :  D=0x0000000000000000 A=0x70808
2517500: system.cpu: T0 : 0x4c402    : c_mv s0, a1                : IntAlu :  D=0x0000000000070c38
2518000: system.cpu: T0 : 0x4c404    : c_beqz s1, 20              : IntAlu : 
2518500: system.cpu: T0 : 0x4c418    : addi a5, gp, 1880          : IntAlu :  D=0x0000000000071780
2519000: system.cpu: T0 : 0x4c41c    : ld a3, 448(a5)             : MemRead :  D=0x0000000000000000 A=0x71940
2519500: system.cpu: T0 : 0x4c420    : lw a4, 456(a5)             : MemRead :  D=0x0000000000000000 A=0x71948
2520000: system.cpu: T0 : 0x4c424    : sd s0, 448(a5)             : MemWrite :  D=0x0000000000070c38 A=0x71940
2520500: system.cpu: T0 : 0x4c428    : c_sd a3, 40(s0)            : MemWrite :  D=0x0000000000000000 A=0x70c60
2521000: system.cpu: T0 : 0x4c42a    : c_beqz a4, 30              : IntAlu : 
2521500: system.cpu: T0 : 0x4c448    : c_li a4, 1                 : IntAlu :  D=0x0000000000000001
2522500: system.cpu: T0 : 0x4c44a    : addi a5, a5, 456           : IntAlu :  D=0x0000000000071948
2523500: system.cpu: T0 : 0x4c44e    : amoswap_w zero, a4, (a5)  
2523500: system.cpu: T0 : 0x4c44e. 0 : amoswap_w[l] zero, a4, (a5) : MemRead :  D=0x0000000000000000 A=0x71948
2524000: system.cpu: T0 : 0x4c452    : c_bnez s1, -36             : IntAlu : 
2524500: system.cpu: T0 : 0x4c454    : c_ldsp ra, 24(sp)          : MemRead :  D=0x0000000000010428 A=0x7ffffffffffffd98
2525000: system.cpu: T0 : 0x4c456    : c_ldsp s0, 16(sp)          : MemRead :  D=0x000000000006eaf8 A=0x7ffffffffffffd90
2525500: system.cpu: T0 : 0x4c458    : c_ldsp s1, 8(sp)           : MemRead :  D=0x0000000000000001 A=0x7ffffffffffffd88
2526000: system.cpu: T0 : 0x4c45a    : c_addi16sp sp, 32          : IntAlu :  D=0x7ffffffffffffda0
2526500: system.cpu: T0 : 0x4c45c    : c_jr ra                    : IntAlu : 
2527000: system.cpu: T0 : 0x10428    : c_ldsp ra, 8(sp)           : MemRead :  D=0x0000000000010a0e A=0x7ffffffffffffda8
2527500: system.cpu: T0 : 0x1042a    : c_addi sp, 16              : IntAlu :  D=0x7ffffffffffffdb0
2528000: system.cpu: T0 : 0x1042c    : c_j -134                   : IntAlu : 
2529000: system.cpu: T0 : 0x103a6    : lui a0, 112                : IntAlu :  D=0x0000000000070000
2530000: system.cpu: T0 : 0x103aa    : addi a1, a0, 2032          : IntAlu :  D=0x00000000000707f0
2531000: system.cpu: T0 : 0x103ae    : lui a5, 112                : IntAlu :  D=0x0000000000070000
2532000: system.cpu: T0 : 0x103b2    : addi a5, a5, 2032          : IntAlu :  D=0x00000000000707f0
2532500: system.cpu: T0 : 0x103b6    : c_sub a5, a1               : IntAlu :  D=0x0000000000000000
2533000: system.cpu: T0 : 0x103b8    : srai a4, a5, 3             : IntAlu :  D=0x0000000000000000
2533500: system.cpu: T0 : 0x103bc    : srli a1, a5, 63            : IntAlu :  D=0x0000000000000000
2534000: system.cpu: T0 : 0x103c0    : c_add a1, a4               : IntAlu :  D=0x0000000000000000
2534500: system.cpu: T0 : 0x103c2    : c_srai a1, 1               : IntAlu :  D=0x0000000000000000
2535000: system.cpu: T0 : 0x103c4    : c_beqz a1, 16              : IntAlu : 
2535500: system.cpu: T0 : 0x103d4    : c_jr ra                    : IntAlu : 
2536000: system.cpu: T0 : 0x10a0e    : c_addi s0, 8               : IntAlu :  D=0x000000000006eb00
2536500: system.cpu: T0 : 0x10a10    : bne s5, s1, -14            : IntAlu : 
2537000: system.cpu: T0 : 0x10a14    : c_ldsp ra, 56(sp)          : MemRead :  D=0x000000000001062e A=0x7ffffffffffffde8
2537500: system.cpu: T0 : 0x10a16    : c_ldsp s0, 48(sp)          : MemRead :  D=0x0000000000010996 A=0x7ffffffffffffde0
2538000: system.cpu: T0 : 0x10a18    : c_ldsp s1, 40(sp)          : MemRead :  D=0x0000000000010a26 A=0x7ffffffffffffdd8
2538500: system.cpu: T0 : 0x10a1a    : c_ldsp s2, 32(sp)          : MemRead :  D=0x0000000000000000 A=0x7ffffffffffffdd0
2539000: system.cpu: T0 : 0x10a1c    : c_ldsp s3, 24(sp)          : MemRead :  D=0x0000000000000000 A=0x7ffffffffffffdc8
2539500: system.cpu: T0 : 0x10a1e    : c_ldsp s4, 16(sp)          : MemRead :  D=0x0000000000000000 A=0x7ffffffffffffdc0
2540000: system.cpu: T0 : 0x10a20    : c_ldsp s5, 8(sp)           : MemRead :  D=0x0000000000000000 A=0x7ffffffffffffdb8
2540500: system.cpu: T0 : 0x10a22    : c_addi16sp sp, 64          : IntAlu :  D=0x7ffffffffffffdf0
2541000: system.cpu: T0 : 0x10a24    : c_jr ra                    : IntAlu : 
2541500: system.cpu: T0 : 0x1062e    : c_li a1, 0                 : IntAlu :  D=0x0000000000000000
2542000: system.cpu: T0 : 0x10630    : c_li a0, 0                 : IntAlu :  D=0x0000000000000000
2543000: system.cpu: T0 : 0x10632    : jal ra, 71440              : IntAlu :  D=0x0000000000010636
2543500: system.cpu: T0 : 0x21d42    : c_mv a4, a0                : IntAlu :  D=0x0000000000000000
2544000: system.cpu: T0 : 0x21d44    : c_beqz a1, 70              : IntAlu : 
2545000: system.cpu: T0 : 0x21d8a    : lui a5, 114                : IntAlu :  D=0x0000000000072000
2546000: system.cpu: T0 : 0x21d8e    : addi a0, a5, -592          : IntAlu :  D=0x0000000000071db0
2546500: system.cpu: T0 : 0x21d92    : c_ld a5, 8(a0)             : MemRead :  D=0x0000000000000000 A=0x71db8
2547000: system.cpu: T0 : 0x21d94    : c_bnez a5, -52             : IntAlu : 
2547500: system.cpu: T0 : 0x21d96    : c_li a5, 1                 : IntAlu :  D=0x0000000000000001
2548000: system.cpu: T0 : 0x21d98    : c_sw a5, 0(a0)             : MemWrite :  D=0x0000000000000001 A=0x71db0
2548500: system.cpu: T0 : 0x21d9a    : c_bnez a4, -52             : IntAlu : 
2549000: system.cpu: T0 : 0x21d9c    : lui a5, 114                : IntAlu :  D=0x0000000000072000
2549500: system.cpu: T0 : 0x21da0    : ld a4, -560(a5)            : MemRead :  D=0x0000000000000000 A=0x71dd0
2550000: system.cpu: T0 : 0x21da4    : c_j -62                    : IntAlu : 
2551000: system.cpu: T0 : 0x21d66    : slli a5, a1, 3             : IntAlu :  D=0x0000000000000000
2551500: system.cpu: T0 : 0x21d6a    : c_add a5, a1               : IntAlu :  D=0x0000000000000000
2552000: system.cpu: T0 : 0x21d6c    : lui a1, 112                : IntAlu :  D=0x0000000000070000
2552500: system.cpu: T0 : 0x21d70    : c_slli a5, 4               : IntAlu :  D=0x0000000000000000
2553500: system.cpu: T0 : 0x21d72    : addi a1, a1, 816           : IntAlu :  D=0x0000000000070330
2554000: system.cpu: T0 : 0x21d76    : c_add a1, a5               : IntAlu :  D=0x0000000000070330
2554500: system.cpu: T0 : 0x21d78    : c_ld a5, 0(a1)             : MemRead :  D=0x000000000006fe60 A=0x70330
2555000: system.cpu: T0 : 0x21d7a    : c_sd a4, 32(a0)            : MemWrite :  D=0x0000000000000000 A=0x71dd0
2555500: system.cpu: T0 : 0x21d7c    : c_sd a5, 8(a0)             : MemWrite :  D=0x000000000006fe60 A=0x71db8
2556500: system.cpu: T0 : 0x21d7e    : lui a5, 34                 : IntAlu :  D=0x0000000000022000
2557500: system.cpu: T0 : 0x21d82    : addi a5, a5, -704          : IntAlu :  D=0x0000000000021d40
2558000: system.cpu: T0 : 0x21d86    : c_sd a5, 16(a0)            : MemWrite :  D=0x0000000000021d40 A=0x71dc0
2558500: system.cpu: T0 : 0x21d88    : c_jr ra                    : IntAlu : 
2559000: system.cpu: T0 : 0x10636    : c_addi4spn a0, sp, 40      : IntAlu :  D=0x7ffffffffffffe18
2559500: system.cpu: T0 : 0x10638    : jal ra, 14940              : IntAlu :  D=0x000000000001063c
2560000: system.cpu: T0 : 0x14094    : c_li a1, 0                 : IntAlu :  D=0x0000000000000000
2560500: system.cpu: T0 : 0x14096    : c_j 6                      : IntAlu : 
2561000: system.cpu: T0 : 0x1409c    : sd ra, 0(a0)               : MemWrite :  D=0x000000000001063c A=0x7ffffffffffffe18
2561500: system.cpu: T0 : 0x140a0    : c_sd s0, 8(a0)             : MemWrite :  D=0x0000000000010996 A=0x7ffffffffffffe20
2562000: system.cpu: T0 : 0x140a2    : c_sd s1, 16(a0)            : MemWrite :  D=0x0000000000010a26 A=0x7ffffffffffffe28
2562500: system.cpu: T0 : 0x140a4    : sd s2, 24(a0)              : MemWrite :  D=0x0000000000000000 A=0x7ffffffffffffe30
2563000: system.cpu: T0 : 0x140a8    : sd s3, 32(a0)              : MemWrite :  D=0x0000000000000000 A=0x7ffffffffffffe38
2563500: system.cpu: T0 : 0x140ac    : sd s4, 40(a0)              : MemWrite :  D=0x0000000000000000 A=0x7ffffffffffffe40
2564000: system.cpu: T0 : 0x140b0    : sd s5, 48(a0)              : MemWrite :  D=0x0000000000000000 A=0x7ffffffffffffe48
2564500: system.cpu: T0 : 0x140b4    : sd s6, 56(a0)              : MemWrite :  D=0x0000000000000000 A=0x7ffffffffffffe50
2565000: system.cpu: T0 : 0x140b8    : sd s7, 64(a0)              : MemWrite :  D=0x0000000000000000 A=0x7ffffffffffffe58
2565500: system.cpu: T0 : 0x140bc    : sd s8, 72(a0)              : MemWrite :  D=0x0000000000000000 A=0x7ffffffffffffe60
2566000: system.cpu: T0 : 0x140c0    : sd s9, 80(a0)              : MemWrite :  D=0x0000000000000000 A=0x7ffffffffffffe68
2566500: system.cpu: T0 : 0x140c4    : sd s10, 88(a0)             : MemWrite :  D=0x0000000000000000 A=0x7ffffffffffffe70
2567000: system.cpu: T0 : 0x140c8    : sd s11, 96(a0)             : MemWrite :  D=0x0000000000000000 A=0x7ffffffffffffe78
2567500: system.cpu: T0 : 0x140cc    : sd sp, 104(a0)             : MemWrite :  D=0x7ffffffffffffdf0 A=0x7ffffffffffffe80
2568000: system.cpu: T0 : 0x140d0    : c_fsd fs0, 112(a0)         : FloatMemWrite :  D=0x0000000000000000 A=0x7ffffffffffffe88
2568500: system.cpu: T0 : 0x140d2    : c_fsd fs1, 120(a0)         : FloatMemWrite :  D=0x0000000000000000 A=0x7ffffffffffffe90
2569000: system.cpu: T0 : 0x140d4    : fsd fs2, 128(a0)           : FloatMemWrite :  D=0x0000000000000000 A=0x7ffffffffffffe98
2569500: system.cpu: T0 : 0x140d8    : fsd fs3, 136(a0)           : FloatMemWrite :  D=0x0000000000000000 A=0x7ffffffffffffea0
2570000: system.cpu: T0 : 0x140dc    : fsd fs4, 144(a0)           : FloatMemWrite :  D=0x0000000000000000 A=0x7ffffffffffffea8
2570500: system.cpu: T0 : 0x140e0    : fsd fs5, 152(a0)           : FloatMemWrite :  D=0x0000000000000000 A=0x7ffffffffffffeb0
2571000: system.cpu: T0 : 0x140e4    : fsd fs6, 160(a0)           : FloatMemWrite :  D=0x0000000000000000 A=0x7ffffffffffffeb8
2571500: system.cpu: T0 : 0x140e8    : fsd fs7, 168(a0)           : FloatMemWrite :  D=0x0000000000000000 A=0x7ffffffffffffec0
2572000: system.cpu: T0 : 0x140ec    : fsd fs8, 176(a0)           : FloatMemWrite :  D=0x0000000000000000 A=0x7ffffffffffffec8
2572500: system.cpu: T0 : 0x140f0    : fsd fs9, 184(a0)           : FloatMemWrite :  D=0x0000000000000000 A=0x7ffffffffffffed0
2573000: system.cpu: T0 : 0x140f4    : fsd fs10, 192(a0)          : FloatMemWrite :  D=0x0000000000000000 A=0x7ffffffffffffed8
2573500: system.cpu: T0 : 0x140f8    : fsd fs11, 200(a0)          : FloatMemWrite :  D=0x0000000000000000 A=0x7ffffffffffffee0
2574000: system.cpu: T0 : 0x140fc    : jal zero, 4                : IntAlu :  D=0x0000000000014100
2574500: system.cpu: T0 : 0x14100    : c_addi sp, -16             : IntAlu :  D=0x7ffffffffffffde0
2575000: system.cpu: T0 : 0x14102    : c_sdsp s0, 0(sp)           : MemWrite :  D=0x0000000000010996 A=0x7ffffffffffffde0
2575500: system.cpu: T0 : 0x14104    : c_sdsp ra, 8(sp)           : MemWrite :  D=0x000000000001063c A=0x7ffffffffffffde8
2576000: system.cpu: T0 : 0x14106    : c_mv s0, a0                : IntAlu :  D=0x7ffffffffffffe18
2576500: system.cpu: T0 : 0x14108    : c_bnez a1, 16              : IntAlu : 
2577000: system.cpu: T0 : 0x1410a    : c_ldsp ra, 8(sp)           : MemRead :  D=0x000000000001063c A=0x7ffffffffffffde8
2577500: system.cpu: T0 : 0x1410c    : sw a1, 208(s0)             : MemWrite :  D=0x0000000000000000 A=0x7ffffffffffffee8
2578000: system.cpu: T0 : 0x14110    : c_ldsp s0, 0(sp)           : MemRead :  D=0x0000000000010996 A=0x7ffffffffffffde0
2578500: system.cpu: T0 : 0x14112    : c_li a0, 0                 : IntAlu :  D=0x0000000000000000
2579000: system.cpu: T0 : 0x14114    : c_addi sp, 16              : IntAlu :  D=0x7ffffffffffffdf0
2579500: system.cpu: T0 : 0x14116    : c_jr ra                    : IntAlu : 
2580000: system.cpu: T0 : 0x1063c    : c_bnez a0, 166             : IntAlu : 
2581000: system.cpu: T0 : 0x1063e    : ld a3, -1552(tp)           : MemRead :  D=0x0000000000000000 A=0x72100
2582000: system.cpu: T0 : 0x10642    : ld a4, -1560(tp)           : MemRead :  D=0x0000000000000000 A=0x720f8
2583000: system.cpu: T0 : 0x10646    : ld a2, -1360(gp)           : MemRead :  D=0x7fffffffffffff48 A=0x70ad8
2583500: system.cpu: T0 : 0x1064a    : c_ldsp a1, 16(sp)          : MemRead :  D=0x7fffffffffffff38 A=0x7ffffffffffffe00
2584000: system.cpu: T0 : 0x1064c    : c_ldsp a0, 8(sp)           : MemRead :  D=0x0000000000000001 A=0x7ffffffffffffdf8
2584500: system.cpu: T0 : 0x1064e    : c_ldsp a5, 24(sp)          : MemRead :  D=0x0000000000010470 A=0x7ffffffffffffe08
2585000: system.cpu: T0 : 0x10650    : c_sdsp a4, 264(sp)         : MemWrite :  D=0x0000000000000000 A=0x7ffffffffffffef8
2585500: system.cpu: T0 : 0x10652    : c_sdsp a3, 256(sp)         : MemWrite :  D=0x0000000000000000 A=0x7ffffffffffffef0
2586000: system.cpu: T0 : 0x10654    : c_addi4spn a4, sp, 40      : IntAlu :  D=0x7ffffffffffffe18
2587000: system.cpu: T0 : 0x10656    : sd a4, -1552(tp)           : MemWrite :  D=0x7ffffffffffffe18 A=0x72100
2587500: system.cpu: T0 : 0x1065a    : c_jalr a5                  : IntAlu :  D=0x000000000001065c
2588000: system.cpu: T0 : 0x10470    : c_addi sp, -32             : IntAlu :  D=0x7ffffffffffffdd0
2588500: system.cpu: T0 : 0x10472    : c_sdsp ra, 24(sp)          : MemWrite :  D=0x000000000001065c A=0x7ffffffffffffde8
2589000: system.cpu: T0 : 0x10474    : c_sdsp s0, 16(sp)          : MemWrite :  D=0x0000000000010996 A=0x7ffffffffffffde0
2589500: system.cpu: T0 : 0x10476    : c_addi4spn s0, sp, 32      : IntAlu :  D=0x7ffffffffffffdf0
2590000: system.cpu: T0 : 0x10478    : sw zero, -20(s0)           : MemWrite :  D=0x0000000000000000 A=0x7ffffffffffffddc
2590500: system.cpu: T0 : 0x1047c    : c_li a5, 5                 : IntAlu :  D=0x0000000000000005
2591500: system.cpu: T0 : 0x1047e    : sw a5, -28(s0)             : MemWrite :  D=0x0000000000000005 A=0x7ffffffffffffdd4
2592500: system.cpu: T0 : 0x10482    : sw zero, -24(s0)           : MemWrite :  D=0x0000000000000000 A=0x7ffffffffffffdd8
2593000: system.cpu: T0 : 0x10486    : c_j 36                     : IntAlu : 
2594000: system.cpu: T0 : 0x104aa    : lw a5, -28(s0)             : MemRead :  D=0x0000000000000005 A=0x7ffffffffffffdd4
2595000: system.cpu: T0 : 0x104ae    : addiw a4, a5, 0            : IntAlu :  D=0x0000000000000005
2596000: system.cpu: T0 : 0x104b2    : lw a5, -24(s0)             : MemRead :  D=0x0000000000000000 A=0x7ffffffffffffdd8
2596500: system.cpu: T0 : 0x104b6    : c_addiw a5, 0              : IntAlu :  D=0x0000000000000000
2597000: system.cpu: T0 : 0x104b8    : bge a4, a5, -48            : IntAlu : 
2597500: system.cpu: T0 : 0x10488    : lw a5, -24(s0)             : MemRead :  D=0x0000000000000000 A=0x7ffffffffffffdd8
2598000: system.cpu: T0 : 0x1048c    : c_mv a0, a5                : IntAlu :  D=0x0000000000000000
2599000: system.cpu: T0 : 0x1048e    : jal ra, -94                : IntAlu :  D=0x0000000000010492
2599500: system.cpu: T0 : 0x10430    : c_addi sp, -32             : IntAlu :  D=0x7ffffffffffffdb0
2600000: system.cpu: T0 : 0x10432    : c_sdsp ra, 24(sp)          : MemWrite :  D=0x0000000000010492 A=0x7ffffffffffffdc8
2600500: system.cpu: T0 : 0x10434    : c_sdsp s0, 16(sp)          : MemWrite :  D=0x7ffffffffffffdf0 A=0x7ffffffffffffdc0
2601000: system.cpu: T0 : 0x10436    : c_addi4spn s0, sp, 32      : IntAlu :  D=0x7ffffffffffffdd0
2601500: system.cpu: T0 : 0x10438    : c_mv a5, a0                : IntAlu :  D=0x0000000000000000
2602500: system.cpu: T0 : 0x1043a    : sw a5, -20(s0)             : MemWrite :  D=0x0000000000000000 A=0x7ffffffffffffdbc
2603500: system.cpu: T0 : 0x1043e    : lw a5, -20(s0)             : MemRead :  D=0x0000000000000000 A=0x7ffffffffffffdbc
2604000: system.cpu: T0 : 0x10442    : c_addiw a5, 0              : IntAlu :  D=0x0000000000000000
2604500: system.cpu: T0 : 0x10444    : c_bnez a5, 6               : IntAlu : 
2605000: system.cpu: T0 : 0x10446    : c_li a5, 1                 : IntAlu :  D=0x0000000000000001
2605500: system.cpu: T0 : 0x10448    : c_j 30                     : IntAlu : 
2606000: system.cpu: T0 : 0x10466    : c_mv a0, a5                : IntAlu :  D=0x0000000000000001
2606500: system.cpu: T0 : 0x10468    : c_ldsp ra, 24(sp)          : MemRead :  D=0x0000000000010492 A=0x7ffffffffffffdc8
2607000: system.cpu: T0 : 0x1046a    : c_ldsp s0, 16(sp)          : MemRead :  D=0x7ffffffffffffdf0 A=0x7ffffffffffffdc0
2607500: system.cpu: T0 : 0x1046c    : c_addi16sp sp, 32          : IntAlu :  D=0x7ffffffffffffdd0
2608000: system.cpu: T0 : 0x1046e    : c_jr ra                    : IntAlu : 
2608500: system.cpu: T0 : 0x10492    : c_mv a5, a0                : IntAlu :  D=0x0000000000000001
2609000: system.cpu: T0 : 0x10494    : c_mv a4, a5                : IntAlu :  D=0x0000000000000001
2610000: system.cpu: T0 : 0x10496    : lw a5, -20(s0)             : MemRead :  D=0x0000000000000000 A=0x7ffffffffffffddc
2610500: system.cpu: T0 : 0x1049a    : c_addw a5, a4              : IntAlu :  D=0x0000000000000001
2611000: system.cpu: T0 : 0x1049c    : sw a5, -20(s0)             : MemWrite :  D=0x0000000000000001 A=0x7ffffffffffffddc
2611500: system.cpu: T0 : 0x104a0    : lw a5, -24(s0)             : MemRead :  D=0x0000000000000000 A=0x7ffffffffffffdd8
2612000: system.cpu: T0 : 0x104a4    : c_addiw a5, 1              : IntAlu :  D=0x0000000000000001
2613000: system.cpu: T0 : 0x104a6    : sw a5, -24(s0)             : MemWrite :  D=0x0000000000000001 A=0x7ffffffffffffdd8
2614000: system.cpu: T0 : 0x104aa    : lw a5, -28(s0)             : MemRead :  D=0x0000000000000005 A=0x7ffffffffffffdd4
2615000: system.cpu: T0 : 0x104ae    : addiw a4, a5, 0            : IntAlu :  D=0x0000000000000005
2616000: system.cpu: T0 : 0x104b2    : lw a5, -24(s0)             : MemRead :  D=0x0000000000000001 A=0x7ffffffffffffdd8
2616500: system.cpu: T0 : 0x104b6    : c_addiw a5, 0              : IntAlu :  D=0x0000000000000001
2617000: system.cpu: T0 : 0x104b8    : bge a4, a5, -48            : IntAlu : 
2617500: system.cpu: T0 : 0x10488    : lw a5, -24(s0)             : MemRead :  D=0x0000000000000001 A=0x7ffffffffffffdd8
2618000: system.cpu: T0 : 0x1048c    : c_mv a0, a5                : IntAlu :  D=0x0000000000000001
2619000: system.cpu: T0 : 0x1048e    : jal ra, -94                : IntAlu :  D=0x0000000000010492
2619500: system.cpu: T0 : 0x10430    : c_addi sp, -32             : IntAlu :  D=0x7ffffffffffffdb0
2620000: system.cpu: T0 : 0x10432    : c_sdsp ra, 24(sp)          : MemWrite :  D=0x0000000000010492 A=0x7ffffffffffffdc8
2620500: system.cpu: T0 : 0x10434    : c_sdsp s0, 16(sp)          : MemWrite :  D=0x7ffffffffffffdf0 A=0x7ffffffffffffdc0
2621000: system.cpu: T0 : 0x10436    : c_addi4spn s0, sp, 32      : IntAlu :  D=0x7ffffffffffffdd0
2621500: system.cpu: T0 : 0x10438    : c_mv a5, a0                : IntAlu :  D=0x0000000000000001
2622500: system.cpu: T0 : 0x1043a    : sw a5, -20(s0)             : MemWrite :  D=0x0000000000000001 A=0x7ffffffffffffdbc
2623500: system.cpu: T0 : 0x1043e    : lw a5, -20(s0)             : MemRead :  D=0x0000000000000001 A=0x7ffffffffffffdbc
2624000: system.cpu: T0 : 0x10442    : c_addiw a5, 0              : IntAlu :  D=0x0000000000000001
2624500: system.cpu: T0 : 0x10444    : c_bnez a5, 6               : IntAlu : 
2625500: system.cpu: T0 : 0x1044a    : lw a5, -20(s0)             : MemRead :  D=0x0000000000000001 A=0x7ffffffffffffdbc
2626000: system.cpu: T0 : 0x1044e    : c_addiw a5, -1             : IntAlu :  D=0x0000000000000000
2626500: system.cpu: T0 : 0x10450    : c_addiw a5, 0              : IntAlu :  D=0x0000000000000000
2627000: system.cpu: T0 : 0x10452    : c_mv a0, a5                : IntAlu :  D=0x0000000000000000
2627500: system.cpu: T0 : 0x10454    : jal ra, -36                : IntAlu :  D=0x0000000000010458
2628000: system.cpu: T0 : 0x10430    : c_addi sp, -32             : IntAlu :  D=0x7ffffffffffffd90
2628500: system.cpu: T0 : 0x10432    : c_sdsp ra, 24(sp)          : MemWrite :  D=0x0000000000010458 A=0x7ffffffffffffda8
2629000: system.cpu: T0 : 0x10434    : c_sdsp s0, 16(sp)          : MemWrite :  D=0x7ffffffffffffdd0 A=0x7ffffffffffffda0
2629500: system.cpu: T0 : 0x10436    : c_addi4spn s0, sp, 32      : IntAlu :  D=0x7ffffffffffffdb0
2630000: system.cpu: T0 : 0x10438    : c_mv a5, a0                : IntAlu :  D=0x0000000000000000
2631000: system.cpu: T0 : 0x1043a    : sw a5, -20(s0)             : MemWrite :  D=0x0000000000000000 A=0x7ffffffffffffd9c
2632000: system.cpu: T0 : 0x1043e    : lw a5, -20(s0)             : MemRead :  D=0x0000000000000000 A=0x7ffffffffffffd9c
2632500: system.cpu: T0 : 0x10442    : c_addiw a5, 0              : IntAlu :  D=0x0000000000000000
2633000: system.cpu: T0 : 0x10444    : c_bnez a5, 6               : IntAlu : 
2633500: system.cpu: T0 : 0x10446    : c_li a5, 1                 : IntAlu :  D=0x0000000000000001
2634000: system.cpu: T0 : 0x10448    : c_j 30                     : IntAlu : 
2634500: system.cpu: T0 : 0x10466    : c_mv a0, a5                : IntAlu :  D=0x0000000000000001
2635000: system.cpu: T0 : 0x10468    : c_ldsp ra, 24(sp)          : MemRead :  D=0x0000000000010458 A=0x7ffffffffffffda8
2635500: system.cpu: T0 : 0x1046a    : c_ldsp s0, 16(sp)          : MemRead :  D=0x7ffffffffffffdd0 A=0x7ffffffffffffda0
2636000: system.cpu: T0 : 0x1046c    : c_addi16sp sp, 32          : IntAlu :  D=0x7ffffffffffffdb0
2636500: system.cpu: T0 : 0x1046e    : c_jr ra                    : IntAlu : 
2637000: system.cpu: T0 : 0x10458    : c_mv a5, a0                : IntAlu :  D=0x0000000000000001
2637500: system.cpu: T0 : 0x1045a    : c_mv a4, a5                : IntAlu :  D=0x0000000000000001
2638000: system.cpu: T0 : 0x1045c    : lw a5, -20(s0)             : MemRead :  D=0x0000000000000001 A=0x7ffffffffffffdbc
2638500: system.cpu: T0 : 0x10460    : mulw a5, a5, a4            : IntMult :  D=0x0000000000000001
2639000: system.cpu: T0 : 0x10464    : c_addiw a5, 0              : IntAlu :  D=0x0000000000000001
2639500: system.cpu: T0 : 0x10466    : c_mv a0, a5                : IntAlu :  D=0x0000000000000001
2640000: system.cpu: T0 : 0x10468    : c_ldsp ra, 24(sp)          : MemRead :  D=0x0000000000010492 A=0x7ffffffffffffdc8
2640500: system.cpu: T0 : 0x1046a    : c_ldsp s0, 16(sp)          : MemRead :  D=0x7ffffffffffffdf0 A=0x7ffffffffffffdc0
2641000: system.cpu: T0 : 0x1046c    : c_addi16sp sp, 32          : IntAlu :  D=0x7ffffffffffffdd0
2641500: system.cpu: T0 : 0x1046e    : c_jr ra                    : IntAlu : 
2642000: system.cpu: T0 : 0x10492    : c_mv a5, a0                : IntAlu :  D=0x0000000000000001
2642500: system.cpu: T0 : 0x10494    : c_mv a4, a5                : IntAlu :  D=0x0000000000000001
2643500: system.cpu: T0 : 0x10496    : lw a5, -20(s0)             : MemRead :  D=0x0000000000000001 A=0x7ffffffffffffddc
2644000: system.cpu: T0 : 0x1049a    : c_addw a5, a4              : IntAlu :  D=0x0000000000000002
2644500: system.cpu: T0 : 0x1049c    : sw a5, -20(s0)             : MemWrite :  D=0x0000000000000002 A=0x7ffffffffffffddc
2645000: system.cpu: T0 : 0x104a0    : lw a5, -24(s0)             : MemRead :  D=0x0000000000000001 A=0x7ffffffffffffdd8
2645500: system.cpu: T0 : 0x104a4    : c_addiw a5, 1              : IntAlu :  D=0x0000000000000002
2646500: system.cpu: T0 : 0x104a6    : sw a5, -24(s0)             : MemWrite :  D=0x0000000000000002 A=0x7ffffffffffffdd8
2647500: system.cpu: T0 : 0x104aa    : lw a5, -28(s0)             : MemRead :  D=0x0000000000000005 A=0x7ffffffffffffdd4
2648500: system.cpu: T0 : 0x104ae    : addiw a4, a5, 0            : IntAlu :  D=0x0000000000000005
2649500: system.cpu: T0 : 0x104b2    : lw a5, -24(s0)             : MemRead :  D=0x0000000000000002 A=0x7ffffffffffffdd8
2650000: system.cpu: T0 : 0x104b6    : c_addiw a5, 0              : IntAlu :  D=0x0000000000000002
2650500: system.cpu: T0 : 0x104b8    : bge a4, a5, -48            : IntAlu : 
2651000: system.cpu: T0 : 0x10488    : lw a5, -24(s0)             : MemRead :  D=0x0000000000000002 A=0x7ffffffffffffdd8
2651500: system.cpu: T0 : 0x1048c    : c_mv a0, a5                : IntAlu :  D=0x0000000000000002
2652500: system.cpu: T0 : 0x1048e    : jal ra, -94                : IntAlu :  D=0x0000000000010492
2653000: system.cpu: T0 : 0x10430    : c_addi sp, -32             : IntAlu :  D=0x7ffffffffffffdb0
2653500: system.cpu: T0 : 0x10432    : c_sdsp ra, 24(sp)          : MemWrite :  D=0x0000000000010492 A=0x7ffffffffffffdc8
2654000: system.cpu: T0 : 0x10434    : c_sdsp s0, 16(sp)          : MemWrite :  D=0x7ffffffffffffdf0 A=0x7ffffffffffffdc0
2654500: system.cpu: T0 : 0x10436    : c_addi4spn s0, sp, 32      : IntAlu :  D=0x7ffffffffffffdd0
2655000: system.cpu: T0 : 0x10438    : c_mv a5, a0                : IntAlu :  D=0x0000000000000002
2656000: system.cpu: T0 : 0x1043a    : sw a5, -20(s0)             : MemWrite :  D=0x0000000000000002 A=0x7ffffffffffffdbc
2657000: system.cpu: T0 : 0x1043e    : lw a5, -20(s0)             : MemRead :  D=0x0000000000000002 A=0x7ffffffffffffdbc
2657500: system.cpu: T0 : 0x10442    : c_addiw a5, 0              : IntAlu :  D=0x0000000000000002
2658000: system.cpu: T0 : 0x10444    : c_bnez a5, 6               : IntAlu : 
2659000: system.cpu: T0 : 0x1044a    : lw a5, -20(s0)             : MemRead :  D=0x0000000000000002 A=0x7ffffffffffffdbc
2659500: system.cpu: T0 : 0x1044e    : c_addiw a5, -1             : IntAlu :  D=0x0000000000000001
2660000: system.cpu: T0 : 0x10450    : c_addiw a5, 0              : IntAlu :  D=0x0000000000000001
2660500: system.cpu: T0 : 0x10452    : c_mv a0, a5                : IntAlu :  D=0x0000000000000001
2661000: system.cpu: T0 : 0x10454    : jal ra, -36                : IntAlu :  D=0x0000000000010458
2661500: system.cpu: T0 : 0x10430    : c_addi sp, -32             : IntAlu :  D=0x7ffffffffffffd90
2662000: system.cpu: T0 : 0x10432    : c_sdsp ra, 24(sp)          : MemWrite :  D=0x0000000000010458 A=0x7ffffffffffffda8
2662500: system.cpu: T0 : 0x10434    : c_sdsp s0, 16(sp)          : MemWrite :  D=0x7ffffffffffffdd0 A=0x7ffffffffffffda0
2663000: system.cpu: T0 : 0x10436    : c_addi4spn s0, sp, 32      : IntAlu :  D=0x7ffffffffffffdb0
2663500: system.cpu: T0 : 0x10438    : c_mv a5, a0                : IntAlu :  D=0x0000000000000001
2664500: system.cpu: T0 : 0x1043a    : sw a5, -20(s0)             : MemWrite :  D=0x0000000000000001 A=0x7ffffffffffffd9c
2665500: system.cpu: T0 : 0x1043e    : lw a5, -20(s0)             : MemRead :  D=0x0000000000000001 A=0x7ffffffffffffd9c
2666000: system.cpu: T0 : 0x10442    : c_addiw a5, 0              : IntAlu :  D=0x0000000000000001
2666500: system.cpu: T0 : 0x10444    : c_bnez a5, 6               : IntAlu : 
2667500: system.cpu: T0 : 0x1044a    : lw a5, -20(s0)             : MemRead :  D=0x0000000000000001 A=0x7ffffffffffffd9c
2668000: system.cpu: T0 : 0x1044e    : c_addiw a5, -1             : IntAlu :  D=0x0000000000000000
2668500: system.cpu: T0 : 0x10450    : c_addiw a5, 0              : IntAlu :  D=0x0000000000000000
2669000: system.cpu: T0 : 0x10452    : c_mv a0, a5                : IntAlu :  D=0x0000000000000000
2669500: system.cpu: T0 : 0x10454    : jal ra, -36                : IntAlu :  D=0x0000000000010458
2670000: system.cpu: T0 : 0x10430    : c_addi sp, -32             : IntAlu :  D=0x7ffffffffffffd70
2670500: system.cpu: T0 : 0x10432    : c_sdsp ra, 24(sp)          : MemWrite :  D=0x0000000000010458 A=0x7ffffffffffffd88
2671000: system.cpu: T0 : 0x10434    : c_sdsp s0, 16(sp)          : MemWrite :  D=0x7ffffffffffffdb0 A=0x7ffffffffffffd80
2671500: system.cpu: T0 : 0x10436    : c_addi4spn s0, sp, 32      : IntAlu :  D=0x7ffffffffffffd90
2672000: system.cpu: T0 : 0x10438    : c_mv a5, a0                : IntAlu :  D=0x0000000000000000
2673000: system.cpu: T0 : 0x1043a    : sw a5, -20(s0)             : MemWrite :  D=0x0000000000000000 A=0x7ffffffffffffd7c
2674000: system.cpu: T0 : 0x1043e    : lw a5, -20(s0)             : MemRead :  D=0x0000000000000000 A=0x7ffffffffffffd7c
2674500: system.cpu: T0 : 0x10442    : c_addiw a5, 0              : IntAlu :  D=0x0000000000000000
2675000: system.cpu: T0 : 0x10444    : c_bnez a5, 6               : IntAlu : 
2675500: system.cpu: T0 : 0x10446    : c_li a5, 1                 : IntAlu :  D=0x0000000000000001
2676000: system.cpu: T0 : 0x10448    : c_j 30                     : IntAlu : 
2676500: system.cpu: T0 : 0x10466    : c_mv a0, a5                : IntAlu :  D=0x0000000000000001
2677000: system.cpu: T0 : 0x10468    : c_ldsp ra, 24(sp)          : MemRead :  D=0x0000000000010458 A=0x7ffffffffffffd88
2677500: system.cpu: T0 : 0x1046a    : c_ldsp s0, 16(sp)          : MemRead :  D=0x7ffffffffffffdb0 A=0x7ffffffffffffd80
2678000: system.cpu: T0 : 0x1046c    : c_addi16sp sp, 32          : IntAlu :  D=0x7ffffffffffffd90
2678500: system.cpu: T0 : 0x1046e    : c_jr ra                    : IntAlu : 
2679000: system.cpu: T0 : 0x10458    : c_mv a5, a0                : IntAlu :  D=0x0000000000000001
2679500: system.cpu: T0 : 0x1045a    : c_mv a4, a5                : IntAlu :  D=0x0000000000000001
2680000: system.cpu: T0 : 0x1045c    : lw a5, -20(s0)             : MemRead :  D=0x0000000000000001 A=0x7ffffffffffffd9c
2680500: system.cpu: T0 : 0x10460    : mulw a5, a5, a4            : IntMult :  D=0x0000000000000001
2681000: system.cpu: T0 : 0x10464    : c_addiw a5, 0              : IntAlu :  D=0x0000000000000001
2681500: system.cpu: T0 : 0x10466    : c_mv a0, a5                : IntAlu :  D=0x0000000000000001
2682000: system.cpu: T0 : 0x10468    : c_ldsp ra, 24(sp)          : MemRead :  D=0x0000000000010458 A=0x7ffffffffffffda8
2682500: system.cpu: T0 : 0x1046a    : c_ldsp s0, 16(sp)          : MemRead :  D=0x7ffffffffffffdd0 A=0x7ffffffffffffda0
2683000: system.cpu: T0 : 0x1046c    : c_addi16sp sp, 32          : IntAlu :  D=0x7ffffffffffffdb0
2683500: system.cpu: T0 : 0x1046e    : c_jr ra                    : IntAlu : 
2684000: system.cpu: T0 : 0x10458    : c_mv a5, a0                : IntAlu :  D=0x0000000000000001
2684500: system.cpu: T0 : 0x1045a    : c_mv a4, a5                : IntAlu :  D=0x0000000000000001
2685000: system.cpu: T0 : 0x1045c    : lw a5, -20(s0)             : MemRead :  D=0x0000000000000002 A=0x7ffffffffffffdbc
2685500: system.cpu: T0 : 0x10460    : mulw a5, a5, a4            : IntMult :  D=0x0000000000000002
2686000: system.cpu: T0 : 0x10464    : c_addiw a5, 0              : IntAlu :  D=0x0000000000000002
2686500: system.cpu: T0 : 0x10466    : c_mv a0, a5                : IntAlu :  D=0x0000000000000002
2687000: system.cpu: T0 : 0x10468    : c_ldsp ra, 24(sp)          : MemRead :  D=0x0000000000010492 A=0x7ffffffffffffdc8
2687500: system.cpu: T0 : 0x1046a    : c_ldsp s0, 16(sp)          : MemRead :  D=0x7ffffffffffffdf0 A=0x7ffffffffffffdc0
2688000: system.cpu: T0 : 0x1046c    : c_addi16sp sp, 32          : IntAlu :  D=0x7ffffffffffffdd0
2688500: system.cpu: T0 : 0x1046e    : c_jr ra                    : IntAlu : 
2689000: system.cpu: T0 : 0x10492    : c_mv a5, a0                : IntAlu :  D=0x0000000000000002
2689500: system.cpu: T0 : 0x10494    : c_mv a4, a5                : IntAlu :  D=0x0000000000000002
2690500: system.cpu: T0 : 0x10496    : lw a5, -20(s0)             : MemRead :  D=0x0000000000000002 A=0x7ffffffffffffddc
2691000: system.cpu: T0 : 0x1049a    : c_addw a5, a4              : IntAlu :  D=0x0000000000000004
2691500: system.cpu: T0 : 0x1049c    : sw a5, -20(s0)             : MemWrite :  D=0x0000000000000004 A=0x7ffffffffffffddc
2692000: system.cpu: T0 : 0x104a0    : lw a5, -24(s0)             : MemRead :  D=0x0000000000000002 A=0x7ffffffffffffdd8
2692500: system.cpu: T0 : 0x104a4    : c_addiw a5, 1              : IntAlu :  D=0x0000000000000003
2693500: system.cpu: T0 : 0x104a6    : sw a5, -24(s0)             : MemWrite :  D=0x0000000000000003 A=0x7ffffffffffffdd8
2694500: system.cpu: T0 : 0x104aa    : lw a5, -28(s0)             : MemRead :  D=0x0000000000000005 A=0x7ffffffffffffdd4
2695500: system.cpu: T0 : 0x104ae    : addiw a4, a5, 0            : IntAlu :  D=0x0000000000000005
2696500: system.cpu: T0 : 0x104b2    : lw a5, -24(s0)             : MemRead :  D=0x0000000000000003 A=0x7ffffffffffffdd8
2697000: system.cpu: T0 : 0x104b6    : c_addiw a5, 0              : IntAlu :  D=0x0000000000000003
2697500: system.cpu: T0 : 0x104b8    : bge a4, a5, -48            : IntAlu : 
2698000: system.cpu: T0 : 0x10488    : lw a5, -24(s0)             : MemRead :  D=0x0000000000000003 A=0x7ffffffffffffdd8
2698500: system.cpu: T0 : 0x1048c    : c_mv a0, a5                : IntAlu :  D=0x0000000000000003
2699500: system.cpu: T0 : 0x1048e    : jal ra, -94                : IntAlu :  D=0x0000000000010492
2700000: system.cpu: T0 : 0x10430    : c_addi sp, -32             : IntAlu :  D=0x7ffffffffffffdb0
2700500: system.cpu: T0 : 0x10432    : c_sdsp ra, 24(sp)          : MemWrite :  D=0x0000000000010492 A=0x7ffffffffffffdc8
2701000: system.cpu: T0 : 0x10434    : c_sdsp s0, 16(sp)          : MemWrite :  D=0x7ffffffffffffdf0 A=0x7ffffffffffffdc0
2701500: system.cpu: T0 : 0x10436    : c_addi4spn s0, sp, 32      : IntAlu :  D=0x7ffffffffffffdd0
2702000: system.cpu: T0 : 0x10438    : c_mv a5, a0                : IntAlu :  D=0x0000000000000003
2703000: system.cpu: T0 : 0x1043a    : sw a5, -20(s0)             : MemWrite :  D=0x0000000000000003 A=0x7ffffffffffffdbc
2704000: system.cpu: T0 : 0x1043e    : lw a5, -20(s0)             : MemRead :  D=0x0000000000000003 A=0x7ffffffffffffdbc
2704500: system.cpu: T0 : 0x10442    : c_addiw a5, 0              : IntAlu :  D=0x0000000000000003
2705000: system.cpu: T0 : 0x10444    : c_bnez a5, 6               : IntAlu : 
2706000: system.cpu: T0 : 0x1044a    : lw a5, -20(s0)             : MemRead :  D=0x0000000000000003 A=0x7ffffffffffffdbc
2706500: system.cpu: T0 : 0x1044e    : c_addiw a5, -1             : IntAlu :  D=0x0000000000000002
2707000: system.cpu: T0 : 0x10450    : c_addiw a5, 0              : IntAlu :  D=0x0000000000000002
2707500: system.cpu: T0 : 0x10452    : c_mv a0, a5                : IntAlu :  D=0x0000000000000002
2708000: system.cpu: T0 : 0x10454    : jal ra, -36                : IntAlu :  D=0x0000000000010458
2708500: system.cpu: T0 : 0x10430    : c_addi sp, -32             : IntAlu :  D=0x7ffffffffffffd90
2709000: system.cpu: T0 : 0x10432    : c_sdsp ra, 24(sp)          : MemWrite :  D=0x0000000000010458 A=0x7ffffffffffffda8
2709500: system.cpu: T0 : 0x10434    : c_sdsp s0, 16(sp)          : MemWrite :  D=0x7ffffffffffffdd0 A=0x7ffffffffffffda0
2710000: system.cpu: T0 : 0x10436    : c_addi4spn s0, sp, 32      : IntAlu :  D=0x7ffffffffffffdb0
2710500: system.cpu: T0 : 0x10438    : c_mv a5, a0                : IntAlu :  D=0x0000000000000002
2711500: system.cpu: T0 : 0x1043a    : sw a5, -20(s0)             : MemWrite :  D=0x0000000000000002 A=0x7ffffffffffffd9c
2712500: system.cpu: T0 : 0x1043e    : lw a5, -20(s0)             : MemRead :  D=0x0000000000000002 A=0x7ffffffffffffd9c
2713000: system.cpu: T0 : 0x10442    : c_addiw a5, 0              : IntAlu :  D=0x0000000000000002
2713500: system.cpu: T0 : 0x10444    : c_bnez a5, 6               : IntAlu : 
2714500: system.cpu: T0 : 0x1044a    : lw a5, -20(s0)             : MemRead :  D=0x0000000000000002 A=0x7ffffffffffffd9c
2715000: system.cpu: T0 : 0x1044e    : c_addiw a5, -1             : IntAlu :  D=0x0000000000000001
2715500: system.cpu: T0 : 0x10450    : c_addiw a5, 0              : IntAlu :  D=0x0000000000000001
2716000: system.cpu: T0 : 0x10452    : c_mv a0, a5                : IntAlu :  D=0x0000000000000001
2716500: system.cpu: T0 : 0x10454    : jal ra, -36                : IntAlu :  D=0x0000000000010458
2717000: system.cpu: T0 : 0x10430    : c_addi sp, -32             : IntAlu :  D=0x7ffffffffffffd70
2717500: system.cpu: T0 : 0x10432    : c_sdsp ra, 24(sp)          : MemWrite :  D=0x0000000000010458 A=0x7ffffffffffffd88
2718000: system.cpu: T0 : 0x10434    : c_sdsp s0, 16(sp)          : MemWrite :  D=0x7ffffffffffffdb0 A=0x7ffffffffffffd80
2718500: system.cpu: T0 : 0x10436    : c_addi4spn s0, sp, 32      : IntAlu :  D=0x7ffffffffffffd90
2719000: system.cpu: T0 : 0x10438    : c_mv a5, a0                : IntAlu :  D=0x0000000000000001
2720000: system.cpu: T0 : 0x1043a    : sw a5, -20(s0)             : MemWrite :  D=0x0000000000000001 A=0x7ffffffffffffd7c
2721000: system.cpu: T0 : 0x1043e    : lw a5, -20(s0)             : MemRead :  D=0x0000000000000001 A=0x7ffffffffffffd7c
2721500: system.cpu: T0 : 0x10442    : c_addiw a5, 0              : IntAlu :  D=0x0000000000000001
2722000: system.cpu: T0 : 0x10444    : c_bnez a5, 6               : IntAlu : 
2723000: system.cpu: T0 : 0x1044a    : lw a5, -20(s0)             : MemRead :  D=0x0000000000000001 A=0x7ffffffffffffd7c
2723500: system.cpu: T0 : 0x1044e    : c_addiw a5, -1             : IntAlu :  D=0x0000000000000000
2724000: system.cpu: T0 : 0x10450    : c_addiw a5, 0              : IntAlu :  D=0x0000000000000000
2724500: system.cpu: T0 : 0x10452    : c_mv a0, a5                : IntAlu :  D=0x0000000000000000
2725000: system.cpu: T0 : 0x10454    : jal ra, -36                : IntAlu :  D=0x0000000000010458
2725500: system.cpu: T0 : 0x10430    : c_addi sp, -32             : IntAlu :  D=0x7ffffffffffffd50
2726000: system.cpu: T0 : 0x10432    : c_sdsp ra, 24(sp)          : MemWrite :  D=0x0000000000010458 A=0x7ffffffffffffd68
2726500: system.cpu: T0 : 0x10434    : c_sdsp s0, 16(sp)          : MemWrite :  D=0x7ffffffffffffd90 A=0x7ffffffffffffd60
2727000: system.cpu: T0 : 0x10436    : c_addi4spn s0, sp, 32      : IntAlu :  D=0x7ffffffffffffd70
2727500: system.cpu: T0 : 0x10438    : c_mv a5, a0                : IntAlu :  D=0x0000000000000000
2728500: system.cpu: T0 : 0x1043a    : sw a5, -20(s0)             : MemWrite :  D=0x0000000000000000 A=0x7ffffffffffffd5c
2729500: system.cpu: T0 : 0x1043e    : lw a5, -20(s0)             : MemRead :  D=0x0000000000000000 A=0x7ffffffffffffd5c
2730000: system.cpu: T0 : 0x10442    : c_addiw a5, 0              : IntAlu :  D=0x0000000000000000
2730500: system.cpu: T0 : 0x10444    : c_bnez a5, 6               : IntAlu : 
2731000: system.cpu: T0 : 0x10446    : c_li a5, 1                 : IntAlu :  D=0x0000000000000001
2731500: system.cpu: T0 : 0x10448    : c_j 30                     : IntAlu : 
2732000: system.cpu: T0 : 0x10466    : c_mv a0, a5                : IntAlu :  D=0x0000000000000001
2732500: system.cpu: T0 : 0x10468    : c_ldsp ra, 24(sp)          : MemRead :  D=0x0000000000010458 A=0x7ffffffffffffd68
2733000: system.cpu: T0 : 0x1046a    : c_ldsp s0, 16(sp)          : MemRead :  D=0x7ffffffffffffd90 A=0x7ffffffffffffd60
2733500: system.cpu: T0 : 0x1046c    : c_addi16sp sp, 32          : IntAlu :  D=0x7ffffffffffffd70
2734000: system.cpu: T0 : 0x1046e    : c_jr ra                    : IntAlu : 
2734500: system.cpu: T0 : 0x10458    : c_mv a5, a0                : IntAlu :  D=0x0000000000000001
2735000: system.cpu: T0 : 0x1045a    : c_mv a4, a5                : IntAlu :  D=0x0000000000000001
2735500: system.cpu: T0 : 0x1045c    : lw a5, -20(s0)             : MemRead :  D=0x0000000000000001 A=0x7ffffffffffffd7c
2736000: system.cpu: T0 : 0x10460    : mulw a5, a5, a4            : IntMult :  D=0x0000000000000001
2736500: system.cpu: T0 : 0x10464    : c_addiw a5, 0              : IntAlu :  D=0x0000000000000001
2737000: system.cpu: T0 : 0x10466    : c_mv a0, a5                : IntAlu :  D=0x0000000000000001
2737500: system.cpu: T0 : 0x10468    : c_ldsp ra, 24(sp)          : MemRead :  D=0x0000000000010458 A=0x7ffffffffffffd88
2738000: system.cpu: T0 : 0x1046a    : c_ldsp s0, 16(sp)          : MemRead :  D=0x7ffffffffffffdb0 A=0x7ffffffffffffd80
2738500: system.cpu: T0 : 0x1046c    : c_addi16sp sp, 32          : IntAlu :  D=0x7ffffffffffffd90
2739000: system.cpu: T0 : 0x1046e    : c_jr ra                    : IntAlu : 
2739500: system.cpu: T0 : 0x10458    : c_mv a5, a0                : IntAlu :  D=0x0000000000000001
2740000: system.cpu: T0 : 0x1045a    : c_mv a4, a5                : IntAlu :  D=0x0000000000000001
2740500: system.cpu: T0 : 0x1045c    : lw a5, -20(s0)             : MemRead :  D=0x0000000000000002 A=0x7ffffffffffffd9c
2741000: system.cpu: T0 : 0x10460    : mulw a5, a5, a4            : IntMult :  D=0x0000000000000002
2741500: system.cpu: T0 : 0x10464    : c_addiw a5, 0              : IntAlu :  D=0x0000000000000002
2742000: system.cpu: T0 : 0x10466    : c_mv a0, a5                : IntAlu :  D=0x0000000000000002
2742500: system.cpu: T0 : 0x10468    : c_ldsp ra, 24(sp)          : MemRead :  D=0x0000000000010458 A=0x7ffffffffffffda8
2743000: system.cpu: T0 : 0x1046a    : c_ldsp s0, 16(sp)          : MemRead :  D=0x7ffffffffffffdd0 A=0x7ffffffffffffda0
2743500: system.cpu: T0 : 0x1046c    : c_addi16sp sp, 32          : IntAlu :  D=0x7ffffffffffffdb0
2744000: system.cpu: T0 : 0x1046e    : c_jr ra                    : IntAlu : 
2744500: system.cpu: T0 : 0x10458    : c_mv a5, a0                : IntAlu :  D=0x0000000000000002
2745000: system.cpu: T0 : 0x1045a    : c_mv a4, a5                : IntAlu :  D=0x0000000000000002
2745500: system.cpu: T0 : 0x1045c    : lw a5, -20(s0)             : MemRead :  D=0x0000000000000003 A=0x7ffffffffffffdbc
2746000: system.cpu: T0 : 0x10460    : mulw a5, a5, a4            : IntMult :  D=0x0000000000000006
2746500: system.cpu: T0 : 0x10464    : c_addiw a5, 0              : IntAlu :  D=0x0000000000000006
2747000: system.cpu: T0 : 0x10466    : c_mv a0, a5                : IntAlu :  D=0x0000000000000006
2747500: system.cpu: T0 : 0x10468    : c_ldsp ra, 24(sp)          : MemRead :  D=0x0000000000010492 A=0x7ffffffffffffdc8
2748000: system.cpu: T0 : 0x1046a    : c_ldsp s0, 16(sp)          : MemRead :  D=0x7ffffffffffffdf0 A=0x7ffffffffffffdc0
2748500: system.cpu: T0 : 0x1046c    : c_addi16sp sp, 32          : IntAlu :  D=0x7ffffffffffffdd0
2749000: system.cpu: T0 : 0x1046e    : c_jr ra                    : IntAlu : 
2749500: system.cpu: T0 : 0x10492    : c_mv a5, a0                : IntAlu :  D=0x0000000000000006
2750000: system.cpu: T0 : 0x10494    : c_mv a4, a5                : IntAlu :  D=0x0000000000000006
2751000: system.cpu: T0 : 0x10496    : lw a5, -20(s0)             : MemRead :  D=0x0000000000000004 A=0x7ffffffffffffddc
2751500: system.cpu: T0 : 0x1049a    : c_addw a5, a4              : IntAlu :  D=0x000000000000000a
2752000: system.cpu: T0 : 0x1049c    : sw a5, -20(s0)             : MemWrite :  D=0x000000000000000a A=0x7ffffffffffffddc
2752500: system.cpu: T0 : 0x104a0    : lw a5, -24(s0)             : MemRead :  D=0x0000000000000003 A=0x7ffffffffffffdd8
2753000: system.cpu: T0 : 0x104a4    : c_addiw a5, 1              : IntAlu :  D=0x0000000000000004
2754000: system.cpu: T0 : 0x104a6    : sw a5, -24(s0)             : MemWrite :  D=0x0000000000000004 A=0x7ffffffffffffdd8
2755000: system.cpu: T0 : 0x104aa    : lw a5, -28(s0)             : MemRead :  D=0x0000000000000005 A=0x7ffffffffffffdd4
2756000: system.cpu: T0 : 0x104ae    : addiw a4, a5, 0            : IntAlu :  D=0x0000000000000005
2757000: system.cpu: T0 : 0x104b2    : lw a5, -24(s0)             : MemRead :  D=0x0000000000000004 A=0x7ffffffffffffdd8
2757500: system.cpu: T0 : 0x104b6    : c_addiw a5, 0              : IntAlu :  D=0x0000000000000004
2758000: system.cpu: T0 : 0x104b8    : bge a4, a5, -48            : IntAlu : 
2758500: system.cpu: T0 : 0x10488    : lw a5, -24(s0)             : MemRead :  D=0x0000000000000004 A=0x7ffffffffffffdd8
2759000: system.cpu: T0 : 0x1048c    : c_mv a0, a5                : IntAlu :  D=0x0000000000000004
2760000: system.cpu: T0 : 0x1048e    : jal ra, -94                : IntAlu :  D=0x0000000000010492
2760500: system.cpu: T0 : 0x10430    : c_addi sp, -32             : IntAlu :  D=0x7ffffffffffffdb0
2761000: system.cpu: T0 : 0x10432    : c_sdsp ra, 24(sp)          : MemWrite :  D=0x0000000000010492 A=0x7ffffffffffffdc8
2761500: system.cpu: T0 : 0x10434    : c_sdsp s0, 16(sp)          : MemWrite :  D=0x7ffffffffffffdf0 A=0x7ffffffffffffdc0
2762000: system.cpu: T0 : 0x10436    : c_addi4spn s0, sp, 32      : IntAlu :  D=0x7ffffffffffffdd0
2762500: system.cpu: T0 : 0x10438    : c_mv a5, a0                : IntAlu :  D=0x0000000000000004
2763500: system.cpu: T0 : 0x1043a    : sw a5, -20(s0)             : MemWrite :  D=0x0000000000000004 A=0x7ffffffffffffdbc
2764500: system.cpu: T0 : 0x1043e    : lw a5, -20(s0)             : MemRead :  D=0x0000000000000004 A=0x7ffffffffffffdbc
2765000: system.cpu: T0 : 0x10442    : c_addiw a5, 0              : IntAlu :  D=0x0000000000000004
2765500: system.cpu: T0 : 0x10444    : c_bnez a5, 6               : IntAlu : 
2766500: system.cpu: T0 : 0x1044a    : lw a5, -20(s0)             : MemRead :  D=0x0000000000000004 A=0x7ffffffffffffdbc
2767000: system.cpu: T0 : 0x1044e    : c_addiw a5, -1             : IntAlu :  D=0x0000000000000003
2767500: system.cpu: T0 : 0x10450    : c_addiw a5, 0              : IntAlu :  D=0x0000000000000003
2768000: system.cpu: T0 : 0x10452    : c_mv a0, a5                : IntAlu :  D=0x0000000000000003
2768500: system.cpu: T0 : 0x10454    : jal ra, -36                : IntAlu :  D=0x0000000000010458
2769000: system.cpu: T0 : 0x10430    : c_addi sp, -32             : IntAlu :  D=0x7ffffffffffffd90
2769500: system.cpu: T0 : 0x10432    : c_sdsp ra, 24(sp)          : MemWrite :  D=0x0000000000010458 A=0x7ffffffffffffda8
2770000: system.cpu: T0 : 0x10434    : c_sdsp s0, 16(sp)          : MemWrite :  D=0x7ffffffffffffdd0 A=0x7ffffffffffffda0
2770500: system.cpu: T0 : 0x10436    : c_addi4spn s0, sp, 32      : IntAlu :  D=0x7ffffffffffffdb0
2771000: system.cpu: T0 : 0x10438    : c_mv a5, a0                : IntAlu :  D=0x0000000000000003
2772000: system.cpu: T0 : 0x1043a    : sw a5, -20(s0)             : MemWrite :  D=0x0000000000000003 A=0x7ffffffffffffd9c
2773000: system.cpu: T0 : 0x1043e    : lw a5, -20(s0)             : MemRead :  D=0x0000000000000003 A=0x7ffffffffffffd9c
2773500: system.cpu: T0 : 0x10442    : c_addiw a5, 0              : IntAlu :  D=0x0000000000000003
2774000: system.cpu: T0 : 0x10444    : c_bnez a5, 6               : IntAlu : 
2775000: system.cpu: T0 : 0x1044a    : lw a5, -20(s0)             : MemRead :  D=0x0000000000000003 A=0x7ffffffffffffd9c
2775500: system.cpu: T0 : 0x1044e    : c_addiw a5, -1             : IntAlu :  D=0x0000000000000002
2776000: system.cpu: T0 : 0x10450    : c_addiw a5, 0              : IntAlu :  D=0x0000000000000002
2776500: system.cpu: T0 : 0x10452    : c_mv a0, a5                : IntAlu :  D=0x0000000000000002
2777000: system.cpu: T0 : 0x10454    : jal ra, -36                : IntAlu :  D=0x0000000000010458
2777500: system.cpu: T0 : 0x10430    : c_addi sp, -32             : IntAlu :  D=0x7ffffffffffffd70
2778000: system.cpu: T0 : 0x10432    : c_sdsp ra, 24(sp)          : MemWrite :  D=0x0000000000010458 A=0x7ffffffffffffd88
2778500: system.cpu: T0 : 0x10434    : c_sdsp s0, 16(sp)          : MemWrite :  D=0x7ffffffffffffdb0 A=0x7ffffffffffffd80
2779000: system.cpu: T0 : 0x10436    : c_addi4spn s0, sp, 32      : IntAlu :  D=0x7ffffffffffffd90
2779500: system.cpu: T0 : 0x10438    : c_mv a5, a0                : IntAlu :  D=0x0000000000000002
2780500: system.cpu: T0 : 0x1043a    : sw a5, -20(s0)             : MemWrite :  D=0x0000000000000002 A=0x7ffffffffffffd7c
2781500: system.cpu: T0 : 0x1043e    : lw a5, -20(s0)             : MemRead :  D=0x0000000000000002 A=0x7ffffffffffffd7c
2782000: system.cpu: T0 : 0x10442    : c_addiw a5, 0              : IntAlu :  D=0x0000000000000002
2782500: system.cpu: T0 : 0x10444    : c_bnez a5, 6               : IntAlu : 
2783500: system.cpu: T0 : 0x1044a    : lw a5, -20(s0)             : MemRead :  D=0x0000000000000002 A=0x7ffffffffffffd7c
2784000: system.cpu: T0 : 0x1044e    : c_addiw a5, -1             : IntAlu :  D=0x0000000000000001
2784500: system.cpu: T0 : 0x10450    : c_addiw a5, 0              : IntAlu :  D=0x0000000000000001
2785000: system.cpu: T0 : 0x10452    : c_mv a0, a5                : IntAlu :  D=0x0000000000000001
2785500: system.cpu: T0 : 0x10454    : jal ra, -36                : IntAlu :  D=0x0000000000010458
2786000: system.cpu: T0 : 0x10430    : c_addi sp, -32             : IntAlu :  D=0x7ffffffffffffd50
2786500: system.cpu: T0 : 0x10432    : c_sdsp ra, 24(sp)          : MemWrite :  D=0x0000000000010458 A=0x7ffffffffffffd68
2787000: system.cpu: T0 : 0x10434    : c_sdsp s0, 16(sp)          : MemWrite :  D=0x7ffffffffffffd90 A=0x7ffffffffffffd60
2787500: system.cpu: T0 : 0x10436    : c_addi4spn s0, sp, 32      : IntAlu :  D=0x7ffffffffffffd70
2788000: system.cpu: T0 : 0x10438    : c_mv a5, a0                : IntAlu :  D=0x0000000000000001
2789000: system.cpu: T0 : 0x1043a    : sw a5, -20(s0)             : MemWrite :  D=0x0000000000000001 A=0x7ffffffffffffd5c
2790000: system.cpu: T0 : 0x1043e    : lw a5, -20(s0)             : MemRead :  D=0x0000000000000001 A=0x7ffffffffffffd5c
2790500: system.cpu: T0 : 0x10442    : c_addiw a5, 0              : IntAlu :  D=0x0000000000000001
2791000: system.cpu: T0 : 0x10444    : c_bnez a5, 6               : IntAlu : 
2792000: system.cpu: T0 : 0x1044a    : lw a5, -20(s0)             : MemRead :  D=0x0000000000000001 A=0x7ffffffffffffd5c
2792500: system.cpu: T0 : 0x1044e    : c_addiw a5, -1             : IntAlu :  D=0x0000000000000000
2793000: system.cpu: T0 : 0x10450    : c_addiw a5, 0              : IntAlu :  D=0x0000000000000000
2793500: system.cpu: T0 : 0x10452    : c_mv a0, a5                : IntAlu :  D=0x0000000000000000
2794000: system.cpu: T0 : 0x10454    : jal ra, -36                : IntAlu :  D=0x0000000000010458
2794500: system.cpu: T0 : 0x10430    : c_addi sp, -32             : IntAlu :  D=0x7ffffffffffffd30
2795000: system.cpu: T0 : 0x10432    : c_sdsp ra, 24(sp)          : MemWrite :  D=0x0000000000010458 A=0x7ffffffffffffd48
2795500: system.cpu: T0 : 0x10434    : c_sdsp s0, 16(sp)          : MemWrite :  D=0x7ffffffffffffd70 A=0x7ffffffffffffd40
2796000: system.cpu: T0 : 0x10436    : c_addi4spn s0, sp, 32      : IntAlu :  D=0x7ffffffffffffd50
2796500: system.cpu: T0 : 0x10438    : c_mv a5, a0                : IntAlu :  D=0x0000000000000000
2797500: system.cpu: T0 : 0x1043a    : sw a5, -20(s0)             : MemWrite :  D=0x0000000000000000 A=0x7ffffffffffffd3c
2798500: system.cpu: T0 : 0x1043e    : lw a5, -20(s0)             : MemRead :  D=0x0000000000000000 A=0x7ffffffffffffd3c
2799000: system.cpu: T0 : 0x10442    : c_addiw a5, 0              : IntAlu :  D=0x0000000000000000
2799500: system.cpu: T0 : 0x10444    : c_bnez a5, 6               : IntAlu : 
2800000: system.cpu: T0 : 0x10446    : c_li a5, 1                 : IntAlu :  D=0x0000000000000001
2800500: system.cpu: T0 : 0x10448    : c_j 30                     : IntAlu : 
2801000: system.cpu: T0 : 0x10466    : c_mv a0, a5                : IntAlu :  D=0x0000000000000001
2801500: system.cpu: T0 : 0x10468    : c_ldsp ra, 24(sp)          : MemRead :  D=0x0000000000010458 A=0x7ffffffffffffd48
2802000: system.cpu: T0 : 0x1046a    : c_ldsp s0, 16(sp)          : MemRead :  D=0x7ffffffffffffd70 A=0x7ffffffffffffd40
2802500: system.cpu: T0 : 0x1046c    : c_addi16sp sp, 32          : IntAlu :  D=0x7ffffffffffffd50
2803000: system.cpu: T0 : 0x1046e    : c_jr ra                    : IntAlu : 
2803500: system.cpu: T0 : 0x10458    : c_mv a5, a0                : IntAlu :  D=0x0000000000000001
2804000: system.cpu: T0 : 0x1045a    : c_mv a4, a5                : IntAlu :  D=0x0000000000000001
2804500: system.cpu: T0 : 0x1045c    : lw a5, -20(s0)             : MemRead :  D=0x0000000000000001 A=0x7ffffffffffffd5c
2805000: system.cpu: T0 : 0x10460    : mulw a5, a5, a4            : IntMult :  D=0x0000000000000001
2805500: system.cpu: T0 : 0x10464    : c_addiw a5, 0              : IntAlu :  D=0x0000000000000001
2806000: system.cpu: T0 : 0x10466    : c_mv a0, a5                : IntAlu :  D=0x0000000000000001
2806500: system.cpu: T0 : 0x10468    : c_ldsp ra, 24(sp)          : MemRead :  D=0x0000000000010458 A=0x7ffffffffffffd68
2807000: system.cpu: T0 : 0x1046a    : c_ldsp s0, 16(sp)          : MemRead :  D=0x7ffffffffffffd90 A=0x7ffffffffffffd60
2807500: system.cpu: T0 : 0x1046c    : c_addi16sp sp, 32          : IntAlu :  D=0x7ffffffffffffd70
2808000: system.cpu: T0 : 0x1046e    : c_jr ra                    : IntAlu : 
2808500: system.cpu: T0 : 0x10458    : c_mv a5, a0                : IntAlu :  D=0x0000000000000001
2809000: system.cpu: T0 : 0x1045a    : c_mv a4, a5                : IntAlu :  D=0x0000000000000001
2809500: system.cpu: T0 : 0x1045c    : lw a5, -20(s0)             : MemRead :  D=0x0000000000000002 A=0x7ffffffffffffd7c
2810000: system.cpu: T0 : 0x10460    : mulw a5, a5, a4            : IntMult :  D=0x0000000000000002
2810500: system.cpu: T0 : 0x10464    : c_addiw a5, 0              : IntAlu :  D=0x0000000000000002
2811000: system.cpu: T0 : 0x10466    : c_mv a0, a5                : IntAlu :  D=0x0000000000000002
2811500: system.cpu: T0 : 0x10468    : c_ldsp ra, 24(sp)          : MemRead :  D=0x0000000000010458 A=0x7ffffffffffffd88
2812000: system.cpu: T0 : 0x1046a    : c_ldsp s0, 16(sp)          : MemRead :  D=0x7ffffffffffffdb0 A=0x7ffffffffffffd80
2812500: system.cpu: T0 : 0x1046c    : c_addi16sp sp, 32          : IntAlu :  D=0x7ffffffffffffd90
2813000: system.cpu: T0 : 0x1046e    : c_jr ra                    : IntAlu : 
2813500: system.cpu: T0 : 0x10458    : c_mv a5, a0                : IntAlu :  D=0x0000000000000002
2814000: system.cpu: T0 : 0x1045a    : c_mv a4, a5                : IntAlu :  D=0x0000000000000002
2814500: system.cpu: T0 : 0x1045c    : lw a5, -20(s0)             : MemRead :  D=0x0000000000000003 A=0x7ffffffffffffd9c
2815000: system.cpu: T0 : 0x10460    : mulw a5, a5, a4            : IntMult :  D=0x0000000000000006
2815500: system.cpu: T0 : 0x10464    : c_addiw a5, 0              : IntAlu :  D=0x0000000000000006
2816000: system.cpu: T0 : 0x10466    : c_mv a0, a5                : IntAlu :  D=0x0000000000000006
2816500: system.cpu: T0 : 0x10468    : c_ldsp ra, 24(sp)          : MemRead :  D=0x0000000000010458 A=0x7ffffffffffffda8
2817000: system.cpu: T0 : 0x1046a    : c_ldsp s0, 16(sp)          : MemRead :  D=0x7ffffffffffffdd0 A=0x7ffffffffffffda0
2817500: system.cpu: T0 : 0x1046c    : c_addi16sp sp, 32          : IntAlu :  D=0x7ffffffffffffdb0
2818000: system.cpu: T0 : 0x1046e    : c_jr ra                    : IntAlu : 
2818500: system.cpu: T0 : 0x10458    : c_mv a5, a0                : IntAlu :  D=0x0000000000000006
2819000: system.cpu: T0 : 0x1045a    : c_mv a4, a5                : IntAlu :  D=0x0000000000000006
2819500: system.cpu: T0 : 0x1045c    : lw a5, -20(s0)             : MemRead :  D=0x0000000000000004 A=0x7ffffffffffffdbc
2820000: system.cpu: T0 : 0x10460    : mulw a5, a5, a4            : IntMult :  D=0x0000000000000018
2820500: system.cpu: T0 : 0x10464    : c_addiw a5, 0              : IntAlu :  D=0x0000000000000018
2821000: system.cpu: T0 : 0x10466    : c_mv a0, a5                : IntAlu :  D=0x0000000000000018
2821500: system.cpu: T0 : 0x10468    : c_ldsp ra, 24(sp)          : MemRead :  D=0x0000000000010492 A=0x7ffffffffffffdc8
2822000: system.cpu: T0 : 0x1046a    : c_ldsp s0, 16(sp)          : MemRead :  D=0x7ffffffffffffdf0 A=0x7ffffffffffffdc0
2822500: system.cpu: T0 : 0x1046c    : c_addi16sp sp, 32          : IntAlu :  D=0x7ffffffffffffdd0
2823000: system.cpu: T0 : 0x1046e    : c_jr ra                    : IntAlu : 
2823500: system.cpu: T0 : 0x10492    : c_mv a5, a0                : IntAlu :  D=0x0000000000000018
2824000: system.cpu: T0 : 0x10494    : c_mv a4, a5                : IntAlu :  D=0x0000000000000018
2825000: system.cpu: T0 : 0x10496    : lw a5, -20(s0)             : MemRead :  D=0x000000000000000a A=0x7ffffffffffffddc
2825500: system.cpu: T0 : 0x1049a    : c_addw a5, a4              : IntAlu :  D=0x0000000000000022
2826000: system.cpu: T0 : 0x1049c    : sw a5, -20(s0)             : MemWrite :  D=0x0000000000000022 A=0x7ffffffffffffddc
2826500: system.cpu: T0 : 0x104a0    : lw a5, -24(s0)             : MemRead :  D=0x0000000000000004 A=0x7ffffffffffffdd8
2827000: system.cpu: T0 : 0x104a4    : c_addiw a5, 1              : IntAlu :  D=0x0000000000000005
2828000: system.cpu: T0 : 0x104a6    : sw a5, -24(s0)             : MemWrite :  D=0x0000000000000005 A=0x7ffffffffffffdd8
2829000: system.cpu: T0 : 0x104aa    : lw a5, -28(s0)             : MemRead :  D=0x0000000000000005 A=0x7ffffffffffffdd4
2830000: system.cpu: T0 : 0x104ae    : addiw a4, a5, 0            : IntAlu :  D=0x0000000000000005
2831000: system.cpu: T0 : 0x104b2    : lw a5, -24(s0)             : MemRead :  D=0x0000000000000005 A=0x7ffffffffffffdd8
2831500: system.cpu: T0 : 0x104b6    : c_addiw a5, 0              : IntAlu :  D=0x0000000000000005
2832000: system.cpu: T0 : 0x104b8    : bge a4, a5, -48            : IntAlu : 
2832500: system.cpu: T0 : 0x10488    : lw a5, -24(s0)             : MemRead :  D=0x0000000000000005 A=0x7ffffffffffffdd8
2833000: system.cpu: T0 : 0x1048c    : c_mv a0, a5                : IntAlu :  D=0x0000000000000005
2834000: system.cpu: T0 : 0x1048e    : jal ra, -94                : IntAlu :  D=0x0000000000010492
2834500: system.cpu: T0 : 0x10430    : c_addi sp, -32             : IntAlu :  D=0x7ffffffffffffdb0
2835000: system.cpu: T0 : 0x10432    : c_sdsp ra, 24(sp)          : MemWrite :  D=0x0000000000010492 A=0x7ffffffffffffdc8
2835500: system.cpu: T0 : 0x10434    : c_sdsp s0, 16(sp)          : MemWrite :  D=0x7ffffffffffffdf0 A=0x7ffffffffffffdc0
2836000: system.cpu: T0 : 0x10436    : c_addi4spn s0, sp, 32      : IntAlu :  D=0x7ffffffffffffdd0
2836500: system.cpu: T0 : 0x10438    : c_mv a5, a0                : IntAlu :  D=0x0000000000000005
2837500: system.cpu: T0 : 0x1043a    : sw a5, -20(s0)             : MemWrite :  D=0x0000000000000005 A=0x7ffffffffffffdbc
2838500: system.cpu: T0 : 0x1043e    : lw a5, -20(s0)             : MemRead :  D=0x0000000000000005 A=0x7ffffffffffffdbc
2839000: system.cpu: T0 : 0x10442    : c_addiw a5, 0              : IntAlu :  D=0x0000000000000005
2839500: system.cpu: T0 : 0x10444    : c_bnez a5, 6               : IntAlu : 
2840500: system.cpu: T0 : 0x1044a    : lw a5, -20(s0)             : MemRead :  D=0x0000000000000005 A=0x7ffffffffffffdbc
2841000: system.cpu: T0 : 0x1044e    : c_addiw a5, -1             : IntAlu :  D=0x0000000000000004
2841500: system.cpu: T0 : 0x10450    : c_addiw a5, 0              : IntAlu :  D=0x0000000000000004
2842000: system.cpu: T0 : 0x10452    : c_mv a0, a5                : IntAlu :  D=0x0000000000000004
2842500: system.cpu: T0 : 0x10454    : jal ra, -36                : IntAlu :  D=0x0000000000010458
2843000: system.cpu: T0 : 0x10430    : c_addi sp, -32             : IntAlu :  D=0x7ffffffffffffd90
2843500: system.cpu: T0 : 0x10432    : c_sdsp ra, 24(sp)          : MemWrite :  D=0x0000000000010458 A=0x7ffffffffffffda8
2844000: system.cpu: T0 : 0x10434    : c_sdsp s0, 16(sp)          : MemWrite :  D=0x7ffffffffffffdd0 A=0x7ffffffffffffda0
2844500: system.cpu: T0 : 0x10436    : c_addi4spn s0, sp, 32      : IntAlu :  D=0x7ffffffffffffdb0
2845000: system.cpu: T0 : 0x10438    : c_mv a5, a0                : IntAlu :  D=0x0000000000000004
2846000: system.cpu: T0 : 0x1043a    : sw a5, -20(s0)             : MemWrite :  D=0x0000000000000004 A=0x7ffffffffffffd9c
2847000: system.cpu: T0 : 0x1043e    : lw a5, -20(s0)             : MemRead :  D=0x0000000000000004 A=0x7ffffffffffffd9c
2847500: system.cpu: T0 : 0x10442    : c_addiw a5, 0              : IntAlu :  D=0x0000000000000004
2848000: system.cpu: T0 : 0x10444    : c_bnez a5, 6               : IntAlu : 
2849000: system.cpu: T0 : 0x1044a    : lw a5, -20(s0)             : MemRead :  D=0x0000000000000004 A=0x7ffffffffffffd9c
2849500: system.cpu: T0 : 0x1044e    : c_addiw a5, -1             : IntAlu :  D=0x0000000000000003
2850000: system.cpu: T0 : 0x10450    : c_addiw a5, 0              : IntAlu :  D=0x0000000000000003
2850500: system.cpu: T0 : 0x10452    : c_mv a0, a5                : IntAlu :  D=0x0000000000000003
2851000: system.cpu: T0 : 0x10454    : jal ra, -36                : IntAlu :  D=0x0000000000010458
2851500: system.cpu: T0 : 0x10430    : c_addi sp, -32             : IntAlu :  D=0x7ffffffffffffd70
2852000: system.cpu: T0 : 0x10432    : c_sdsp ra, 24(sp)          : MemWrite :  D=0x0000000000010458 A=0x7ffffffffffffd88
2852500: system.cpu: T0 : 0x10434    : c_sdsp s0, 16(sp)          : MemWrite :  D=0x7ffffffffffffdb0 A=0x7ffffffffffffd80
2853000: system.cpu: T0 : 0x10436    : c_addi4spn s0, sp, 32      : IntAlu :  D=0x7ffffffffffffd90
2853500: system.cpu: T0 : 0x10438    : c_mv a5, a0                : IntAlu :  D=0x0000000000000003
2854500: system.cpu: T0 : 0x1043a    : sw a5, -20(s0)             : MemWrite :  D=0x0000000000000003 A=0x7ffffffffffffd7c
2855500: system.cpu: T0 : 0x1043e    : lw a5, -20(s0)             : MemRead :  D=0x0000000000000003 A=0x7ffffffffffffd7c
2856000: system.cpu: T0 : 0x10442    : c_addiw a5, 0              : IntAlu :  D=0x0000000000000003
2856500: system.cpu: T0 : 0x10444    : c_bnez a5, 6               : IntAlu : 
2857500: system.cpu: T0 : 0x1044a    : lw a5, -20(s0)             : MemRead :  D=0x0000000000000003 A=0x7ffffffffffffd7c
2858000: system.cpu: T0 : 0x1044e    : c_addiw a5, -1             : IntAlu :  D=0x0000000000000002
2858500: system.cpu: T0 : 0x10450    : c_addiw a5, 0              : IntAlu :  D=0x0000000000000002
2859000: system.cpu: T0 : 0x10452    : c_mv a0, a5                : IntAlu :  D=0x0000000000000002
2859500: system.cpu: T0 : 0x10454    : jal ra, -36                : IntAlu :  D=0x0000000000010458
2860000: system.cpu: T0 : 0x10430    : c_addi sp, -32             : IntAlu :  D=0x7ffffffffffffd50
2860500: system.cpu: T0 : 0x10432    : c_sdsp ra, 24(sp)          : MemWrite :  D=0x0000000000010458 A=0x7ffffffffffffd68
2861000: system.cpu: T0 : 0x10434    : c_sdsp s0, 16(sp)          : MemWrite :  D=0x7ffffffffffffd90 A=0x7ffffffffffffd60
2861500: system.cpu: T0 : 0x10436    : c_addi4spn s0, sp, 32      : IntAlu :  D=0x7ffffffffffffd70
2862000: system.cpu: T0 : 0x10438    : c_mv a5, a0                : IntAlu :  D=0x0000000000000002
2863000: system.cpu: T0 : 0x1043a    : sw a5, -20(s0)             : MemWrite :  D=0x0000000000000002 A=0x7ffffffffffffd5c
2864000: system.cpu: T0 : 0x1043e    : lw a5, -20(s0)             : MemRead :  D=0x0000000000000002 A=0x7ffffffffffffd5c
2864500: system.cpu: T0 : 0x10442    : c_addiw a5, 0              : IntAlu :  D=0x0000000000000002
2865000: system.cpu: T0 : 0x10444    : c_bnez a5, 6               : IntAlu : 
2866000: system.cpu: T0 : 0x1044a    : lw a5, -20(s0)             : MemRead :  D=0x0000000000000002 A=0x7ffffffffffffd5c
2866500: system.cpu: T0 : 0x1044e    : c_addiw a5, -1             : IntAlu :  D=0x0000000000000001
2867000: system.cpu: T0 : 0x10450    : c_addiw a5, 0              : IntAlu :  D=0x0000000000000001
2867500: system.cpu: T0 : 0x10452    : c_mv a0, a5                : IntAlu :  D=0x0000000000000001
2868000: system.cpu: T0 : 0x10454    : jal ra, -36                : IntAlu :  D=0x0000000000010458
2868500: system.cpu: T0 : 0x10430    : c_addi sp, -32             : IntAlu :  D=0x7ffffffffffffd30
2869000: system.cpu: T0 : 0x10432    : c_sdsp ra, 24(sp)          : MemWrite :  D=0x0000000000010458 A=0x7ffffffffffffd48
2869500: system.cpu: T0 : 0x10434    : c_sdsp s0, 16(sp)          : MemWrite :  D=0x7ffffffffffffd70 A=0x7ffffffffffffd40
2870000: system.cpu: T0 : 0x10436    : c_addi4spn s0, sp, 32      : IntAlu :  D=0x7ffffffffffffd50
2870500: system.cpu: T0 : 0x10438    : c_mv a5, a0                : IntAlu :  D=0x0000000000000001
2871500: system.cpu: T0 : 0x1043a    : sw a5, -20(s0)             : MemWrite :  D=0x0000000000000001 A=0x7ffffffffffffd3c
2872500: system.cpu: T0 : 0x1043e    : lw a5, -20(s0)             : MemRead :  D=0x0000000000000001 A=0x7ffffffffffffd3c
2873000: system.cpu: T0 : 0x10442    : c_addiw a5, 0              : IntAlu :  D=0x0000000000000001
2873500: system.cpu: T0 : 0x10444    : c_bnez a5, 6               : IntAlu : 
2874500: system.cpu: T0 : 0x1044a    : lw a5, -20(s0)             : MemRead :  D=0x0000000000000001 A=0x7ffffffffffffd3c
2875000: system.cpu: T0 : 0x1044e    : c_addiw a5, -1             : IntAlu :  D=0x0000000000000000
2875500: system.cpu: T0 : 0x10450    : c_addiw a5, 0              : IntAlu :  D=0x0000000000000000
2876000: system.cpu: T0 : 0x10452    : c_mv a0, a5                : IntAlu :  D=0x0000000000000000
2876500: system.cpu: T0 : 0x10454    : jal ra, -36                : IntAlu :  D=0x0000000000010458
2877000: system.cpu: T0 : 0x10430    : c_addi sp, -32             : IntAlu :  D=0x7ffffffffffffd10
2877500: system.cpu: T0 : 0x10432    : c_sdsp ra, 24(sp)          : MemWrite :  D=0x0000000000010458 A=0x7ffffffffffffd28
2878000: system.cpu: T0 : 0x10434    : c_sdsp s0, 16(sp)          : MemWrite :  D=0x7ffffffffffffd50 A=0x7ffffffffffffd20
2878500: system.cpu: T0 : 0x10436    : c_addi4spn s0, sp, 32      : IntAlu :  D=0x7ffffffffffffd30
2879000: system.cpu: T0 : 0x10438    : c_mv a5, a0                : IntAlu :  D=0x0000000000000000
2880000: system.cpu: T0 : 0x1043a    : sw a5, -20(s0)             : MemWrite :  D=0x0000000000000000 A=0x7ffffffffffffd1c
2881000: system.cpu: T0 : 0x1043e    : lw a5, -20(s0)             : MemRead :  D=0x0000000000000000 A=0x7ffffffffffffd1c
2881500: system.cpu: T0 : 0x10442    : c_addiw a5, 0              : IntAlu :  D=0x0000000000000000
2882000: system.cpu: T0 : 0x10444    : c_bnez a5, 6               : IntAlu : 
2882500: system.cpu: T0 : 0x10446    : c_li a5, 1                 : IntAlu :  D=0x0000000000000001
2883000: system.cpu: T0 : 0x10448    : c_j 30                     : IntAlu : 
2883500: system.cpu: T0 : 0x10466    : c_mv a0, a5                : IntAlu :  D=0x0000000000000001
2884000: system.cpu: T0 : 0x10468    : c_ldsp ra, 24(sp)          : MemRead :  D=0x0000000000010458 A=0x7ffffffffffffd28
2884500: system.cpu: T0 : 0x1046a    : c_ldsp s0, 16(sp)          : MemRead :  D=0x7ffffffffffffd50 A=0x7ffffffffffffd20
2885000: system.cpu: T0 : 0x1046c    : c_addi16sp sp, 32          : IntAlu :  D=0x7ffffffffffffd30
2885500: system.cpu: T0 : 0x1046e    : c_jr ra                    : IntAlu : 
2886000: system.cpu: T0 : 0x10458    : c_mv a5, a0                : IntAlu :  D=0x0000000000000001
2886500: system.cpu: T0 : 0x1045a    : c_mv a4, a5                : IntAlu :  D=0x0000000000000001
2887000: system.cpu: T0 : 0x1045c    : lw a5, -20(s0)             : MemRead :  D=0x0000000000000001 A=0x7ffffffffffffd3c
2887500: system.cpu: T0 : 0x10460    : mulw a5, a5, a4            : IntMult :  D=0x0000000000000001
2888000: system.cpu: T0 : 0x10464    : c_addiw a5, 0              : IntAlu :  D=0x0000000000000001
2888500: system.cpu: T0 : 0x10466    : c_mv a0, a5                : IntAlu :  D=0x0000000000000001
2889000: system.cpu: T0 : 0x10468    : c_ldsp ra, 24(sp)          : MemRead :  D=0x0000000000010458 A=0x7ffffffffffffd48
2889500: system.cpu: T0 : 0x1046a    : c_ldsp s0, 16(sp)          : MemRead :  D=0x7ffffffffffffd70 A=0x7ffffffffffffd40
2890000: system.cpu: T0 : 0x1046c    : c_addi16sp sp, 32          : IntAlu :  D=0x7ffffffffffffd50
2890500: system.cpu: T0 : 0x1046e    : c_jr ra                    : IntAlu : 
2891000: system.cpu: T0 : 0x10458    : c_mv a5, a0                : IntAlu :  D=0x0000000000000001
2891500: system.cpu: T0 : 0x1045a    : c_mv a4, a5                : IntAlu :  D=0x0000000000000001
2892000: system.cpu: T0 : 0x1045c    : lw a5, -20(s0)             : MemRead :  D=0x0000000000000002 A=0x7ffffffffffffd5c
2892500: system.cpu: T0 : 0x10460    : mulw a5, a5, a4            : IntMult :  D=0x0000000000000002
2893000: system.cpu: T0 : 0x10464    : c_addiw a5, 0              : IntAlu :  D=0x0000000000000002
2893500: system.cpu: T0 : 0x10466    : c_mv a0, a5                : IntAlu :  D=0x0000000000000002
2894000: system.cpu: T0 : 0x10468    : c_ldsp ra, 24(sp)          : MemRead :  D=0x0000000000010458 A=0x7ffffffffffffd68
2894500: system.cpu: T0 : 0x1046a    : c_ldsp s0, 16(sp)          : MemRead :  D=0x7ffffffffffffd90 A=0x7ffffffffffffd60
2895000: system.cpu: T0 : 0x1046c    : c_addi16sp sp, 32          : IntAlu :  D=0x7ffffffffffffd70
2895500: system.cpu: T0 : 0x1046e    : c_jr ra                    : IntAlu : 
2896000: system.cpu: T0 : 0x10458    : c_mv a5, a0                : IntAlu :  D=0x0000000000000002
2896500: system.cpu: T0 : 0x1045a    : c_mv a4, a5                : IntAlu :  D=0x0000000000000002
2897000: system.cpu: T0 : 0x1045c    : lw a5, -20(s0)             : MemRead :  D=0x0000000000000003 A=0x7ffffffffffffd7c
2897500: system.cpu: T0 : 0x10460    : mulw a5, a5, a4            : IntMult :  D=0x0000000000000006
2898000: system.cpu: T0 : 0x10464    : c_addiw a5, 0              : IntAlu :  D=0x0000000000000006
2898500: system.cpu: T0 : 0x10466    : c_mv a0, a5                : IntAlu :  D=0x0000000000000006
2899000: system.cpu: T0 : 0x10468    : c_ldsp ra, 24(sp)          : MemRead :  D=0x0000000000010458 A=0x7ffffffffffffd88
2899500: system.cpu: T0 : 0x1046a    : c_ldsp s0, 16(sp)          : MemRead :  D=0x7ffffffffffffdb0 A=0x7ffffffffffffd80
2900000: system.cpu: T0 : 0x1046c    : c_addi16sp sp, 32          : IntAlu :  D=0x7ffffffffffffd90
2900500: system.cpu: T0 : 0x1046e    : c_jr ra                    : IntAlu : 
2901000: system.cpu: T0 : 0x10458    : c_mv a5, a0                : IntAlu :  D=0x0000000000000006
2901500: system.cpu: T0 : 0x1045a    : c_mv a4, a5                : IntAlu :  D=0x0000000000000006
2902000: system.cpu: T0 : 0x1045c    : lw a5, -20(s0)             : MemRead :  D=0x0000000000000004 A=0x7ffffffffffffd9c
2902500: system.cpu: T0 : 0x10460    : mulw a5, a5, a4            : IntMult :  D=0x0000000000000018
2903000: system.cpu: T0 : 0x10464    : c_addiw a5, 0              : IntAlu :  D=0x0000000000000018
2903500: system.cpu: T0 : 0x10466    : c_mv a0, a5                : IntAlu :  D=0x0000000000000018
2904000: system.cpu: T0 : 0x10468    : c_ldsp ra, 24(sp)          : MemRead :  D=0x0000000000010458 A=0x7ffffffffffffda8
2904500: system.cpu: T0 : 0x1046a    : c_ldsp s0, 16(sp)          : MemRead :  D=0x7ffffffffffffdd0 A=0x7ffffffffffffda0
2905000: system.cpu: T0 : 0x1046c    : c_addi16sp sp, 32          : IntAlu :  D=0x7ffffffffffffdb0
2905500: system.cpu: T0 : 0x1046e    : c_jr ra                    : IntAlu : 
2906000: system.cpu: T0 : 0x10458    : c_mv a5, a0                : IntAlu :  D=0x0000000000000018
2906500: system.cpu: T0 : 0x1045a    : c_mv a4, a5                : IntAlu :  D=0x0000000000000018
2907000: system.cpu: T0 : 0x1045c    : lw a5, -20(s0)             : MemRead :  D=0x0000000000000005 A=0x7ffffffffffffdbc
2907500: system.cpu: T0 : 0x10460    : mulw a5, a5, a4            : IntMult :  D=0x0000000000000078
2908000: system.cpu: T0 : 0x10464    : c_addiw a5, 0              : IntAlu :  D=0x0000000000000078
2908500: system.cpu: T0 : 0x10466    : c_mv a0, a5                : IntAlu :  D=0x0000000000000078
2909000: system.cpu: T0 : 0x10468    : c_ldsp ra, 24(sp)          : MemRead :  D=0x0000000000010492 A=0x7ffffffffffffdc8
2909500: system.cpu: T0 : 0x1046a    : c_ldsp s0, 16(sp)          : MemRead :  D=0x7ffffffffffffdf0 A=0x7ffffffffffffdc0
2910000: system.cpu: T0 : 0x1046c    : c_addi16sp sp, 32          : IntAlu :  D=0x7ffffffffffffdd0
2910500: system.cpu: T0 : 0x1046e    : c_jr ra                    : IntAlu : 
2911000: system.cpu: T0 : 0x10492    : c_mv a5, a0                : IntAlu :  D=0x0000000000000078
2911500: system.cpu: T0 : 0x10494    : c_mv a4, a5                : IntAlu :  D=0x0000000000000078
2912500: system.cpu: T0 : 0x10496    : lw a5, -20(s0)             : MemRead :  D=0x0000000000000022 A=0x7ffffffffffffddc
2913000: system.cpu: T0 : 0x1049a    : c_addw a5, a4              : IntAlu :  D=0x000000000000009a
2913500: system.cpu: T0 : 0x1049c    : sw a5, -20(s0)             : MemWrite :  D=0x000000000000009a A=0x7ffffffffffffddc
2914000: system.cpu: T0 : 0x104a0    : lw a5, -24(s0)             : MemRead :  D=0x0000000000000005 A=0x7ffffffffffffdd8
2914500: system.cpu: T0 : 0x104a4    : c_addiw a5, 1              : IntAlu :  D=0x0000000000000006
2915500: system.cpu: T0 : 0x104a6    : sw a5, -24(s0)             : MemWrite :  D=0x0000000000000006 A=0x7ffffffffffffdd8
2916500: system.cpu: T0 : 0x104aa    : lw a5, -28(s0)             : MemRead :  D=0x0000000000000005 A=0x7ffffffffffffdd4
2917500: system.cpu: T0 : 0x104ae    : addiw a4, a5, 0            : IntAlu :  D=0x0000000000000005
2918500: system.cpu: T0 : 0x104b2    : lw a5, -24(s0)             : MemRead :  D=0x0000000000000006 A=0x7ffffffffffffdd8
2919000: system.cpu: T0 : 0x104b6    : c_addiw a5, 0              : IntAlu :  D=0x0000000000000006
2919500: system.cpu: T0 : 0x104b8    : bge a4, a5, -48            : IntAlu : 
2920000: system.cpu: T0 : 0x104bc    : lw a5, -20(s0)             : MemRead :  D=0x000000000000009a A=0x7ffffffffffffddc
2920500: system.cpu: T0 : 0x104c0    : c_mv a0, a5                : IntAlu :  D=0x000000000000009a
2921000: system.cpu: T0 : 0x104c2    : c_ldsp ra, 24(sp)          : MemRead :  D=0x000000000001065c A=0x7ffffffffffffde8
2921500: system.cpu: T0 : 0x104c4    : c_ldsp s0, 16(sp)          : MemRead :  D=0x0000000000010996 A=0x7ffffffffffffde0
2922000: system.cpu: T0 : 0x104c6    : c_addi16sp sp, 32          : IntAlu :  D=0x7ffffffffffffdf0
2922500: system.cpu: T0 : 0x104c8    : c_jr ra                    : IntAlu : 
2923000: system.cpu: T0 : 0x1065c    : jal ra, 17144              : IntAlu :  D=0x0000000000010660
2923500: system.cpu: T0 : 0x14954    : c_addi sp, -16             : IntAlu :  D=0x7ffffffffffffde0
2924000: system.cpu: T0 : 0x14956    : c_li a3, 1                 : IntAlu :  D=0x0000000000000001
2924500: system.cpu: T0 : 0x14958    : c_li a2, 1                 : IntAlu :  D=0x0000000000000001
2925500: system.cpu: T0 : 0x1495a    : addi a1, gp, -1936         : IntAlu :  D=0x0000000000070898
2926000: system.cpu: T0 : 0x1495e    : c_sdsp ra, 8(sp)           : MemWrite :  D=0x0000000000010660 A=0x7ffffffffffffde8
2926500: system.cpu: T0 : 0x14960    : jal ra, -468               : IntAlu :  D=0x0000000000014964
2927000: system.cpu: T0 : 0x1478c    : c_addi16sp sp, -128        : IntAlu :  D=0x7ffffffffffffd60
2927500: system.cpu: T0 : 0x1478e    : c_sdsp s6, 64(sp)          : MemWrite :  D=0x0000000000000000 A=0x7ffffffffffffda0
2928000: system.cpu: T0 : 0x14790    : c_sdsp s7, 56(sp)          : MemWrite :  D=0x0000000000000000 A=0x7ffffffffffffd98
2928500: system.cpu: T0 : 0x14792    : c_sdsp ra, 120(sp)         : MemWrite :  D=0x0000000000014964 A=0x7ffffffffffffdd8
2929000: system.cpu: T0 : 0x14794    : c_sdsp s0, 112(sp)         : MemWrite :  D=0x0000000000010996 A=0x7ffffffffffffdd0
2929500: system.cpu: T0 : 0x14796    : c_sdsp s1, 104(sp)         : MemWrite :  D=0x0000000000010a26 A=0x7ffffffffffffdc8
2930000: system.cpu: T0 : 0x14798    : c_sdsp s2, 96(sp)          : MemWrite :  D=0x0000000000000000 A=0x7ffffffffffffdc0
2930500: system.cpu: T0 : 0x1479a    : c_sdsp s3, 88(sp)          : MemWrite :  D=0x0000000000000000 A=0x7ffffffffffffdb8
2931000: system.cpu: T0 : 0x1479c    : c_sdsp s4, 80(sp)          : MemWrite :  D=0x0000000000000000 A=0x7ffffffffffffdb0
2931500: system.cpu: T0 : 0x1479e    : c_sdsp s5, 72(sp)          : MemWrite :  D=0x0000000000000000 A=0x7ffffffffffffda8
2932000: system.cpu: T0 : 0x147a0    : c_sdsp s8, 48(sp)          : MemWrite :  D=0x0000000000000000 A=0x7ffffffffffffd90
2932500: system.cpu: T0 : 0x147a2    : c_sdsp s9, 40(sp)          : MemWrite :  D=0x0000000000000000 A=0x7ffffffffffffd88
2933000: system.cpu: T0 : 0x147a4    : c_sdsp s10, 32(sp)         : MemWrite :  D=0x0000000000000000 A=0x7ffffffffffffd80
2933500: system.cpu: T0 : 0x147a6    : c_sdsp s11, 24(sp)         : MemWrite :  D=0x0000000000000000 A=0x7ffffffffffffd78
2934000: system.cpu: T0 : 0x147a8    : addi a5, zero, 0           : IntAlu :  D=0x0000000000000000
2934500: system.cpu: T0 : 0x147ac    : c_sdsp a2, 8(sp)           : MemWrite :  D=0x0000000000000001 A=0x7ffffffffffffd68
2935000: system.cpu: T0 : 0x147ae    : c_mv s6, a0                : IntAlu :  D=0x000000000000009a
2935500: system.cpu: T0 : 0x147b0    : c_mv s7, a1                : IntAlu :  D=0x0000000000070898
2936000: system.cpu: T0 : 0x147b2    : c_beqz a5, 6               : IntAlu : 
2936500: system.cpu: T0 : 0x147b8    : lui s9, 114                : IntAlu :  D=0x0000000000072000
2937000: system.cpu: T0 : 0x147bc    : lui s11, 114               : IntAlu :  D=0x0000000000072000
2937500: system.cpu: T0 : 0x147c0    : c_li s4, 0                 : IntAlu :  D=0x0000000000000000
2938000: system.cpu: T0 : 0x147c2    : c_li s3, 1                 : IntAlu :  D=0x0000000000000001
2938500: system.cpu: T0 : 0x147c4    : c_li a4, 1                 : IntAlu :  D=0x0000000000000001
2939500: system.cpu: T0 : 0x147c6    : addi a3, s9, -608          : IntAlu :  D=0x0000000000071da0
2940500: system.cpu: T0 : 0x147ca    : lr_w a5, (a3)             
2940500: system.cpu: T0 : 0x147ca. 0 : lr_w a5, (a3)              : MemRead :  D=0x0000000000000000 A=0x71da0
2941000: system.cpu: T0 : 0x147ce    : c_bnez a5, 8               : IntAlu : 
2941500: system.cpu: T0 : 0x147d0    : sc_w_aq a2, a4, (a3)      
2941500: system.cpu: T0 : 0x147d0. 0 : sc_w a2, a4, (a3)          : MemWrite :  D=0x0000000000000000 A=0x71da0
2942000: system.cpu: T0 : 0x147d0. 1 : 0x1ce6a62f fence           : No_OpClass : 
2942500: system.cpu: T0 : 0x147d4    : c_bnez a2, -10             : IntAlu : 
2943000: system.cpu: T0 : 0x147d6    : c_addiw a5, 0              : IntAlu :  D=0x0000000000000000
2943500: system.cpu: T0 : 0x147d8    : bne a5, zero, 338          : IntAlu : 
2944000: system.cpu: T0 : 0x147dc    : ld s10, 0(s7)              : MemRead :  D=0x0000000000071140 A=0x70898
2944500: system.cpu: T0 : 0x147e0    : beq s10, zero, 152         : IntAlu : 
2945000: system.cpu: T0 : 0x147e4    : c_li s5, 3                 : IntAlu :  D=0x0000000000000003
2945500: system.cpu: T0 : 0x147e6    : c_li s2, 4                 : IntAlu :  D=0x0000000000000004
2946000: system.cpu: T0 : 0x147e8    : c_li s1, 2                 : IntAlu :  D=0x0000000000000002
2946500: system.cpu: T0 : 0x147ea    : c_li s0, 1                 : IntAlu :  D=0x0000000000000001
2947000: system.cpu: T0 : 0x147ec    : c_j 34                     : IntAlu : 
2948000: system.cpu: T0 : 0x1480e    : ld a5, 8(s10)              : MemRead :  D=0x0000000000000001 A=0x71148
2948500: system.cpu: T0 : 0x14812    : c_beqz a5, 222             : IntAlu : 
2949000: system.cpu: T0 : 0x14814    : ld s8, -600(s11)           : MemRead :  D=0x0000000000000001 A=0x71da8
2949500: system.cpu: T0 : 0x14818    : c_addi a5, -1              : IntAlu :  D=0x0000000000000000
2950500: system.cpu: T0 : 0x1481a    : sd a5, 8(s10)              : MemWrite :  D=0x0000000000000000 A=0x71148
2951000: system.cpu: T0 : 0x1481e    : c_mv a4, s4                : IntAlu :  D=0x0000000000000000
2951500: system.cpu: T0 : 0x14820    : addi a3, s9, -608          : IntAlu :  D=0x0000000000071da0
2952000: system.cpu: T0 : 0x14824    : fence iorw, ow             : No_OpClass : 
2952500: system.cpu: T0 : 0x14828    : amoswap_w a4, a4, (a3)    
2952500: system.cpu: T0 : 0x14828. 0 : amoswap_w[l] a4, a4, (a3)  : MemRead :  D=0x0000000000000001 A=0x71da0
2953000: system.cpu: T0 : 0x1482c    : c_addiw a4, 0              : IntAlu :  D=0x0000000000000001
2954000: system.cpu: T0 : 0x1482e    : blt s3, a4, 172            : IntAlu : 
2954500: system.cpu: T0 : 0x14832    : c_slli a5, 5               : IntAlu :  D=0x0000000000000000
2955000: system.cpu: T0 : 0x14834    : c_add a5, s10              : IntAlu :  D=0x0000000000071140
2955500: system.cpu: T0 : 0x14836    : c_ld a4, 16(a5)            : MemRead :  D=0x0000000000000004 A=0x71150
2956000: system.cpu: T0 : 0x14838    : beq a4, s5, 146            : IntAlu : 
2956500: system.cpu: T0 : 0x1483c    : bne a4, s2, -78            : IntAlu : 
2957000: system.cpu: T0 : 0x14840    : c_ld a4, 24(a5)            : MemRead :  D=0x0000000000010a26 A=0x71158
2957500: system.cpu: T0 : 0x14842    : c_ld a0, 32(a5)            : MemRead :  D=0x0000000000000000 A=0x71160
2958000: system.cpu: T0 : 0x14844    : sd zero, 16(a5)            : MemWrite :  D=0x0000000000000000 A=0x71150
2958500: system.cpu: T0 : 0x14848    : c_mv a1, s6                : IntAlu :  D=0x000000000000009a
2959000: system.cpu: T0 : 0x1484a    : c_jalr a4                  : IntAlu :  D=0x000000000001484c
2959500: system.cpu: T0 : 0x10a26    : c_addi sp, -32             : IntAlu :  D=0x7ffffffffffffd40
2960000: system.cpu: T0 : 0x10a28    : c_sdsp s0, 16(sp)          : MemWrite :  D=0x0000000000000001 A=0x7ffffffffffffd50
2961000: system.cpu: T0 : 0x10a2a    : lui a5, 111                : IntAlu :  D=0x000000000006f000
2962000: system.cpu: T0 : 0x10a2e    : lui s0, 111                : IntAlu :  D=0x000000000006f000
2963000: system.cpu: T0 : 0x10a32    : addi s0, s0, -1280         : IntAlu :  D=0x000000000006eb00
2964000: system.cpu: T0 : 0x10a36    : addi a5, a5, -1264         : IntAlu :  D=0x000000000006eb10
2964500: system.cpu: T0 : 0x10a3a    : c_sub a5, s0               : IntAlu :  D=0x0000000000000010
2965000: system.cpu: T0 : 0x10a3c    : c_sdsp ra, 24(sp)          : MemWrite :  D=0x000000000001484c A=0x7ffffffffffffd58
2965500: system.cpu: T0 : 0x10a3e    : c_sdsp s1, 8(sp)           : MemWrite :  D=0x0000000000000002 A=0x7ffffffffffffd48
2966000: system.cpu: T0 : 0x10a40    : c_sdsp s2, 0(sp)           : MemWrite :  D=0x0000000000000004 A=0x7ffffffffffffd40
2967000: system.cpu: T0 : 0x10a42    : srai a4, a5, 3             : IntAlu :  D=0x0000000000000002
2967500: system.cpu: T0 : 0x10a46    : c_beqz a4, 24              : IntAlu : 
2968000: system.cpu: T0 : 0x10a48    : c_addi a5, -8              : IntAlu :  D=0x0000000000000008
2969000: system.cpu: T0 : 0x10a4a    : addi s1, a4, -1            : IntAlu :  D=0x0000000000000001
2969500: system.cpu: T0 : 0x10a4e    : c_add s0, a5               : IntAlu :  D=0x000000000006eb08
2970000: system.cpu: T0 : 0x10a50    : c_li s2, -1                : IntAlu :  D=0xffffffffffffffff
2970500: system.cpu: T0 : 0x10a52    : c_ld a5, 0(s0)             : MemRead :  D=0x0000000000010340 A=0x6eb08
2971000: system.cpu: T0 : 0x10a54    : c_addi s1, -1              : IntAlu :  D=0x0000000000000000
2971500: system.cpu: T0 : 0x10a56    : c_addi s0, -8              : IntAlu :  D=0x000000000006eb00
2972000: system.cpu: T0 : 0x10a58    : c_jalr a5                  : IntAlu :  D=0x0000000000010a5a
2972500: system.cpu: T0 : 0x10340    : addi a0, gp, 1616          : IntAlu :  D=0x0000000000071678
2973000: system.cpu: T0 : 0x10344    : jal zero, 209006           : IntAlu :  D=0x0000000000010348
2973500: system.cpu: T0 : 0x433b2    : c_addi sp, -32             : IntAlu :  D=0x7ffffffffffffd20
2974000: system.cpu: T0 : 0x433b4    : c_sdsp s1, 8(sp)           : MemWrite :  D=0x0000000000000000 A=0x7ffffffffffffd28
2974500: system.cpu: T0 : 0x433b6    : c_ld s1, 0(a0)             : MemRead :  D=0x0000000000000000 A=0x71678
2975000: system.cpu: T0 : 0x433b8    : c_sdsp ra, 24(sp)          : MemWrite :  D=0x0000000000010a5a A=0x7ffffffffffffd38
2975500: system.cpu: T0 : 0x433ba    : c_sdsp s0, 16(sp)          : MemWrite :  D=0x000000000006eb00 A=0x7ffffffffffffd30
2976000: system.cpu: T0 : 0x433bc    : c_beqz s1, 20              : IntAlu : 
2976500: system.cpu: T0 : 0x433d0    : c_ldsp ra, 24(sp)          : MemRead :  D=0x0000000000010a5a A=0x7ffffffffffffd38
2977000: system.cpu: T0 : 0x433d2    : c_ldsp s0, 16(sp)          : MemRead :  D=0x000000000006eb00 A=0x7ffffffffffffd30
2977500: system.cpu: T0 : 0x433d4    : c_ldsp s1, 8(sp)           : MemRead :  D=0x0000000000000000 A=0x7ffffffffffffd28
2978000: system.cpu: T0 : 0x433d6    : c_addi16sp sp, 32          : IntAlu :  D=0x7ffffffffffffd40
2978500: system.cpu: T0 : 0x433d8    : c_jr ra                    : IntAlu : 
2979500: system.cpu: T0 : 0x10a5a    : bne s1, s2, -8             : IntAlu : 
2980000: system.cpu: T0 : 0x10a52    : c_ld a5, 0(s0)             : MemRead :  D=0x00000000000103d6 A=0x6eb00
2980500: system.cpu: T0 : 0x10a54    : c_addi s1, -1              : IntAlu :  D=0xffffffffffffffff
2981000: system.cpu: T0 : 0x10a56    : c_addi s0, -8              : IntAlu :  D=0x000000000006eaf8
2981500: system.cpu: T0 : 0x10a58    : c_jalr a5                  : IntAlu :  D=0x0000000000010a5a
2982000: system.cpu: T0 : 0x103d6    : c_addi sp, -16             : IntAlu :  D=0x7ffffffffffffd30
2982500: system.cpu: T0 : 0x103d8    : c_sdsp s0, 0(sp)           : MemWrite :  D=0x000000000006eaf8 A=0x7ffffffffffffd30
2983500: system.cpu: T0 : 0x103da    : lbu a5, -1016(gp)          : MemRead :  D=0x0000000000000000 A=0x70c30
2984000: system.cpu: T0 : 0x103de    : c_sdsp ra, 8(sp)           : MemWrite :  D=0x0000000000010a5a A=0x7ffffffffffffd38
2984500: system.cpu: T0 : 0x103e0    : c_bnez a5, 34              : IntAlu : 
2985500: system.cpu: T0 : 0x103e2    : jal ra, -96                : IntAlu :  D=0x00000000000103e6
2986500: system.cpu: T0 : 0x10382    : lui a0, 112                : IntAlu :  D=0x0000000000070000
2987500: system.cpu: T0 : 0x10386    : lui a4, 112                : IntAlu :  D=0x0000000000070000
2988500: system.cpu: T0 : 0x1038a    : addi a5, a0, 2032          : IntAlu :  D=0x00000000000707f0
2989500: system.cpu: T0 : 0x1038e    : addi a4, a4, 2032          : IntAlu :  D=0x00000000000707f0
2990500: system.cpu: T0 : 0x10392    : beq a4, a5, 18             : IntAlu : 
2991000: system.cpu: T0 : 0x103a4    : c_jr ra                    : IntAlu : 
2992000: system.cpu: T0 : 0x103e6    : lui a5, 76                 : IntAlu :  D=0x000000000004c000
2993000: system.cpu: T0 : 0x103ea    : addi a5, a5, 1564          : IntAlu :  D=0x000000000004c61c
2993500: system.cpu: T0 : 0x103ee    : c_beqz a5, 14              : IntAlu : 
2994000: system.cpu: T0 : 0x103f0    : lui a0, 106                : IntAlu :  D=0x000000000006a000
2994500: system.cpu: T0 : 0x103f4    : addi a0, a0, 384           : IntAlu :  D=0x000000000006a180
2995000: system.cpu: T0 : 0x103f8    : jal ra, 246308             : IntAlu :  D=0x00000000000103fc
2995500: system.cpu: T0 : 0x4c61c    : c_j -222                   : IntAlu : 
2996000: system.cpu: T0 : 0x4c53e    : c_addi sp, -32             : IntAlu :  D=0x7ffffffffffffd10
2996500: system.cpu: T0 : 0x4c540    : c_sdsp ra, 24(sp)          : MemWrite :  D=0x00000000000103fc A=0x7ffffffffffffd28
2997000: system.cpu: T0 : 0x4c542    : c_sdsp s0, 16(sp)          : MemWrite :  D=0x000000000006eaf8 A=0x7ffffffffffffd20
2997500: system.cpu: T0 : 0x4c544    : c_sdsp s1, 8(sp)           : MemWrite :  D=0xffffffffffffffff A=0x7ffffffffffffd18
2998000: system.cpu: T0 : 0x4c546    : c_sdsp s2, 0(sp)           : MemWrite :  D=0xffffffffffffffff A=0x7ffffffffffffd10
2998500: system.cpu: T0 : 0x4c548    : c_beqz a0, 160             : IntAlu : 
2999000: system.cpu: T0 : 0x4c54a    : c_lw a5, 0(a0)             : MemRead :  D=0x000000000000001c A=0x6a180
2999500: system.cpu: T0 : 0x4c54c    : c_mv s1, a0                : IntAlu :  D=0x000000000006a180
3000000: system.cpu: T0 : 0x4c54e    : c_beqz a5, 154             : IntAlu : 
3000500: system.cpu: T0 : 0x4c550    : auipc s2, 36               : IntAlu :  D=0x0000000000070550
3001000: system.cpu: T0 : 0x4c554    : ld s2, 696(s2)             : MemRead :  D=0x0000000000000000 A=0x70808
3001500: system.cpu: T0 : 0x4c558    : beq s2, zero, 22           : IntAlu : 
3002500: system.cpu: T0 : 0x4c56e    : addi a2, gp, 1880          : IntAlu :  D=0x0000000000071780
3003500: system.cpu: T0 : 0x4c572    : ld a5, 448(a2)             : MemRead :  D=0x0000000000070c38 A=0x71940
3004000: system.cpu: T0 : 0x4c576    : c_beqz a5, 66              : IntAlu : 
3004500: system.cpu: T0 : 0x4c578    : auipc a3, 37               : IntAlu :  D=0x0000000000071578
3005000: system.cpu: T0 : 0x4c57c    : addi a3, a3, 968           : IntAlu :  D=0x0000000000071940
3005500: system.cpu: T0 : 0x4c580    : c_j 8                      : IntAlu : 
3006000: system.cpu: T0 : 0x4c588    : c_ld a4, 24(a5)            : MemRead :  D=0x000000000006a180 A=0x70c50
3006500: system.cpu: T0 : 0x4c58a    : c_mv s0, a5                : IntAlu :  D=0x0000000000070c38
3007000: system.cpu: T0 : 0x4c58c    : c_ld a5, 40(a5)            : MemRead :  D=0x0000000000000000 A=0x70c60
3008000: system.cpu: T0 : 0x4c58e    : bne s1, a4, -12            : IntAlu : 
3008500: system.cpu: T0 : 0x4c592    : c_sd a5, 0(a3)             : MemWrite :  D=0x0000000000000000 A=0x71940
3009000: system.cpu: T0 : 0x4c594    : beq s2, zero, 22           : IntAlu : 
3009500: system.cpu: T0 : 0x4c5aa    : c_ldsp ra, 24(sp)          : MemRead :  D=0x00000000000103fc A=0x7ffffffffffffd28
3010000: system.cpu: T0 : 0x4c5ac    : c_mv a0, s0                : IntAlu :  D=0x0000000000070c38
3010500: system.cpu: T0 : 0x4c5ae    : c_ldsp s0, 16(sp)          : MemRead :  D=0x000000000006eaf8 A=0x7ffffffffffffd20
3011000: system.cpu: T0 : 0x4c5b0    : c_ldsp s1, 8(sp)           : MemRead :  D=0xffffffffffffffff A=0x7ffffffffffffd18
3011500: system.cpu: T0 : 0x4c5b2    : c_ldsp s2, 0(sp)           : MemRead :  D=0xffffffffffffffff A=0x7ffffffffffffd10
3012000: system.cpu: T0 : 0x4c5b4    : c_addi16sp sp, 32          : IntAlu :  D=0x7ffffffffffffd30
3012500: system.cpu: T0 : 0x4c5b6    : c_jr ra                    : IntAlu : 
3013000: system.cpu: T0 : 0x103fc    : c_li a5, 1                 : IntAlu :  D=0x0000000000000001
3014000: system.cpu: T0 : 0x103fe    : sb a5, -1016(gp)           : MemWrite :  D=0x0000000000000001 A=0x70c30
3014500: system.cpu: T0 : 0x10402    : c_ldsp ra, 8(sp)           : MemRead :  D=0x0000000000010a5a A=0x7ffffffffffffd38
3015000: system.cpu: T0 : 0x10404    : c_ldsp s0, 0(sp)           : MemRead :  D=0x000000000006eaf8 A=0x7ffffffffffffd30
3015500: system.cpu: T0 : 0x10406    : c_addi sp, 16              : IntAlu :  D=0x7ffffffffffffd40
3016000: system.cpu: T0 : 0x10408    : c_jr ra                    : IntAlu : 
3017000: system.cpu: T0 : 0x10a5a    : bne s1, s2, -8             : IntAlu : 
3017500: system.cpu: T0 : 0x10a5e    : c_ldsp ra, 24(sp)          : MemRead :  D=0x000000000001484c A=0x7ffffffffffffd58
3018000: system.cpu: T0 : 0x10a60    : c_ldsp s0, 16(sp)          : MemRead :  D=0x0000000000000001 A=0x7ffffffffffffd50
3018500: system.cpu: T0 : 0x10a62    : c_ldsp s1, 8(sp)           : MemRead :  D=0x0000000000000002 A=0x7ffffffffffffd48
3019000: system.cpu: T0 : 0x10a64    : c_ldsp s2, 0(sp)           : MemRead :  D=0x0000000000000004 A=0x7ffffffffffffd40
3019500: system.cpu: T0 : 0x10a66    : c_addi16sp sp, 32          : IntAlu :  D=0x7ffffffffffffd60
3020000: system.cpu: T0 : 0x10a68    : c_jr ra                    : IntAlu : 
3020500: system.cpu: T0 : 0x1484c    : addi a4, s9, -608          : IntAlu :  D=0x0000000000071da0
3021000: system.cpu: T0 : 0x14850    : lr_w a5, (a4)             
3021000: system.cpu: T0 : 0x14850. 0 : lr_w a5, (a4)              : MemRead :  D=0x0000000000000000 A=0x71da0
3021500: system.cpu: T0 : 0x14854    : c_bnez a5, 8               : IntAlu : 
3022500: system.cpu: T0 : 0x14856    : sc_w_aq a3, s0, (a4)      
3022500: system.cpu: T0 : 0x14856. 0 : sc_w a3, s0, (a4)          : MemWrite :  D=0x0000000000000000 A=0x71da0
3023000: system.cpu: T0 : 0x14856. 1 : 0x1c8726af fence           : No_OpClass : 
3023500: system.cpu: T0 : 0x1485a    : c_bnez a3, -10             : IntAlu : 
3024000: system.cpu: T0 : 0x1485c    : c_addiw a5, 0              : IntAlu :  D=0x0000000000000000
3024500: system.cpu: T0 : 0x1485e    : c_beqz a5, -88             : IntAlu : 
3025500: system.cpu: T0 : 0x14806    : ld a5, -600(s11)           : MemRead :  D=0x0000000000000001 A=0x71da8
3026500: system.cpu: T0 : 0x1480a    : bne a5, s8, 102            : IntAlu : 
3027500: system.cpu: T0 : 0x1480e    : ld a5, 8(s10)              : MemRead :  D=0x0000000000000000 A=0x71148
3028000: system.cpu: T0 : 0x14812    : c_beqz a5, 222             : IntAlu : 
3028500: system.cpu: T0 : 0x148f0    : ld a5, 0(s10)              : MemRead :  D=0x0000000000000000 A=0x71140
3029000: system.cpu: T0 : 0x148f4    : sd a5, 0(s7)               : MemWrite :  D=0x0000000000000000 A=0x70898
3029500: system.cpu: T0 : 0x148f8    : c_beqz a5, 8               : IntAlu : 
3030000: system.cpu: T0 : 0x14900    : c_mv a5, s4                : IntAlu :  D=0x0000000000000000
3031000: system.cpu: T0 : 0x14902    : addi a4, s9, -608          : IntAlu :  D=0x0000000000071da0
3032000: system.cpu: T0 : 0x14906    : fence iorw, ow             : No_OpClass : 
3033000: system.cpu: T0 : 0x1490a    : amoswap_w a5, a5, (a4)    
3033000: system.cpu: T0 : 0x1490a. 0 : amoswap_w[l] a5, a5, (a4)  : MemRead :  D=0x0000000000000001 A=0x71da0
3033500: system.cpu: T0 : 0x1490e    : c_addiw a5, 0              : IntAlu :  D=0x0000000000000001
3034000: system.cpu: T0 : 0x14910    : bge s3, a5, -332           : IntAlu : 
3034500: system.cpu: T0 : 0x147c4    : c_li a4, 1                 : IntAlu :  D=0x0000000000000001
3035500: system.cpu: T0 : 0x147c6    : addi a3, s9, -608          : IntAlu :  D=0x0000000000071da0
3036500: system.cpu: T0 : 0x147ca    : lr_w a5, (a3)             
3036500: system.cpu: T0 : 0x147ca. 0 : lr_w a5, (a3)              : MemRead :  D=0x0000000000000000 A=0x71da0
3037000: system.cpu: T0 : 0x147ce    : c_bnez a5, 8               : IntAlu : 
3037500: system.cpu: T0 : 0x147d0    : sc_w_aq a2, a4, (a3)      
3037500: system.cpu: T0 : 0x147d0. 0 : sc_w a2, a4, (a3)          : MemWrite :  D=0x0000000000000000 A=0x71da0
3038000: system.cpu: T0 : 0x147d0. 1 : 0x1ce6a62f fence           : No_OpClass : 
3038500: system.cpu: T0 : 0x147d4    : c_bnez a2, -10             : IntAlu : 
3039000: system.cpu: T0 : 0x147d6    : c_addiw a5, 0              : IntAlu :  D=0x0000000000000000
3039500: system.cpu: T0 : 0x147d8    : bne a5, zero, 338          : IntAlu : 
3040000: system.cpu: T0 : 0x147dc    : ld s10, 0(s7)              : MemRead :  D=0x0000000000000000 A=0x70898
3040500: system.cpu: T0 : 0x147e0    : beq s10, zero, 152         : IntAlu : 
3041000: system.cpu: T0 : 0x14878    : c_li a4, 1                 : IntAlu :  D=0x0000000000000001
3042000: system.cpu: T0 : 0x1487a    : sb a4, -1476(gp)           : MemWrite :  D=0x0000000000000001 A=0x70a64
3042500: system.cpu: T0 : 0x1487e    : c_li a5, 0                 : IntAlu :  D=0x0000000000000000
3043000: system.cpu: T0 : 0x14880    : addi a4, s9, -608          : IntAlu :  D=0x0000000000071da0
3043500: system.cpu: T0 : 0x14884    : fence iorw, ow             : No_OpClass : 
3044000: system.cpu: T0 : 0x14888    : amoswap_w a5, a5, (a4)    
3044000: system.cpu: T0 : 0x14888. 0 : amoswap_w[l] a5, a5, (a4)  : MemRead :  D=0x0000000000000001 A=0x71da0
3044500: system.cpu: T0 : 0x1488c    : c_addiw a5, 0              : IntAlu :  D=0x0000000000000001
3045000: system.cpu: T0 : 0x1488e    : c_li a4, 1                 : IntAlu :  D=0x0000000000000001
3045500: system.cpu: T0 : 0x14890    : blt a4, a5, 174            : IntAlu : 
3046000: system.cpu: T0 : 0x14894    : c_ldsp a5, 8(sp)           : MemRead :  D=0x0000000000000001 A=0x7ffffffffffffd68
3046500: system.cpu: T0 : 0x14896    : c_beqz a5, 46              : IntAlu : 
3047000: system.cpu: T0 : 0x14898    : lui s0, 106                : IntAlu :  D=0x000000000006a000
3047500: system.cpu: T0 : 0x1489c    : lui a5, 106                : IntAlu :  D=0x000000000006a000
3048000: system.cpu: T0 : 0x148a0    : addi s1, s0, 336           : IntAlu :  D=0x000000000006a150
3048500: system.cpu: T0 : 0x148a4    : addi a5, a5, 344           : IntAlu :  D=0x000000000006a158
3049000: system.cpu: T0 : 0x148a8    : bgeu s1, a5, 28            : IntAlu : 
3049500: system.cpu: T0 : 0x148ac    : c_addi a5, -1              : IntAlu :  D=0x000000000006a157
3050000: system.cpu: T0 : 0x148ae    : c_sub a5, s1               : IntAlu :  D=0x0000000000000007
3050500: system.cpu: T0 : 0x148b0    : c_andi a5, 18446744073709551608 : IntAlu :  D=0x0000000000000000
3051000: system.cpu: T0 : 0x148b2    : c_addi a5, 8               : IntAlu :  D=0x0000000000000008
3051500: system.cpu: T0 : 0x148b4    : c_add s1, a5               : IntAlu :  D=0x000000000006a158
3052500: system.cpu: T0 : 0x148b6    : addi s0, s0, 336           : IntAlu :  D=0x000000000006a150
3053000: system.cpu: T0 : 0x148ba    : c_ld a5, 0(s0)             : MemRead :  D=0x00000000000197e6 A=0x6a150
3053500: system.cpu: T0 : 0x148bc    : c_addi s0, 8               : IntAlu :  D=0x000000000006a158
3054000: system.cpu: T0 : 0x148be    : c_jalr a5                  : IntAlu :  D=0x00000000000148c0
3054500: system.cpu: T0 : 0x197e6    : c_addi16sp sp, -176        : IntAlu :  D=0x7ffffffffffffcb0
3055000: system.cpu: T0 : 0x197e8    : c_sdsp s6, 112(sp)         : MemWrite :  D=0x000000000000009a A=0x7ffffffffffffd20
3056000: system.cpu: T0 : 0x197ea    : lui s6, 111                : IntAlu :  D=0x000000000006f000
3057000: system.cpu: T0 : 0x197ee    : ld a5, -1264(s6)           : MemRead :  D=0x2e2e000000000000 A=0x6eb10
3057500: system.cpu: T0 : 0x197f2    : c_sdsp s3, 136(sp)         : MemWrite :  D=0x0000000000000001 A=0x7ffffffffffffd38
3058000: system.cpu: T0 : 0x197f4    : c_li a0, 0                 : IntAlu :  D=0x0000000000000000
3058500: system.cpu: T0 : 0x197f6    : c_sdsp s5, 120(sp)         : MemWrite :  D=0x0000000000000003 A=0x7ffffffffffffd28
3059000: system.cpu: T0 : 0x197f8    : c_sdsp ra, 168(sp)         : MemWrite :  D=0x00000000000148c0 A=0x7ffffffffffffd58
3059500: system.cpu: T0 : 0x197fa    : c_sdsp s0, 160(sp)         : MemWrite :  D=0x000000000006a158 A=0x7ffffffffffffd50
3060000: system.cpu: T0 : 0x197fc    : c_sdsp s1, 152(sp)         : MemWrite :  D=0x000000000006a158 A=0x7ffffffffffffd48
3060500: system.cpu: T0 : 0x197fe    : c_sdsp s2, 144(sp)         : MemWrite :  D=0x0000000000000004 A=0x7ffffffffffffd40
3061000: system.cpu: T0 : 0x19800    : c_sdsp s4, 128(sp)         : MemWrite :  D=0x0000000000000000 A=0x7ffffffffffffd30
3061500: system.cpu: T0 : 0x19802    : c_sdsp s7, 104(sp)         : MemWrite :  D=0x0000000000070898 A=0x7ffffffffffffd18
3062000: system.cpu: T0 : 0x19804    : c_sdsp s8, 96(sp)          : MemWrite :  D=0x0000000000000001 A=0x7ffffffffffffd10
3062500: system.cpu: T0 : 0x19806    : c_sdsp s9, 88(sp)          : MemWrite :  D=0x0000000000072000 A=0x7ffffffffffffd08
3063000: system.cpu: T0 : 0x19808    : c_sdsp s10, 80(sp)         : MemWrite :  D=0x0000000000000000 A=0x7ffffffffffffd00
3063500: system.cpu: T0 : 0x1980a    : c_sdsp s11, 72(sp)         : MemWrite :  D=0x0000000000072000 A=0x7ffffffffffffcf8
3064000: system.cpu: T0 : 0x1980c    : c_sdsp a5, 56(sp)          : MemWrite :  D=0x2e2e000000000000 A=0x7ffffffffffffce8
3065000: system.cpu: T0 : 0x1980e    : addi s3, zero, 0           : IntAlu :  D=0x0000000000000000
3066000: system.cpu: T0 : 0x19812    : jal ra, -556               : IntAlu :  D=0x0000000000019816
3066500: system.cpu: T0 : 0x195e6    : c_addi16sp sp, -176        : IntAlu :  D=0x7ffffffffffffc00
3067000: system.cpu: T0 : 0x195e8    : c_sdsp s5, 120(sp)         : MemWrite :  D=0x0000000000000003 A=0x7ffffffffffffc78
3068000: system.cpu: T0 : 0x195ea    : lui s5, 111                : IntAlu :  D=0x000000000006f000
3069000: system.cpu: T0 : 0x195ee    : ld a5, -1264(s5)           : MemRead :  D=0x2e2e000000000000 A=0x6eb10
3069500: system.cpu: T0 : 0x195f2    : c_sdsp s3, 136(sp)         : MemWrite :  D=0x0000000000000000 A=0x7ffffffffffffc88
3070000: system.cpu: T0 : 0x195f4    : c_sdsp s9, 88(sp)          : MemWrite :  D=0x0000000000072000 A=0x7ffffffffffffc58
3070500: system.cpu: T0 : 0x195f6    : c_sdsp ra, 168(sp)         : MemWrite :  D=0x0000000000019816 A=0x7ffffffffffffca8
3071000: system.cpu: T0 : 0x195f8    : c_sdsp s0, 160(sp)         : MemWrite :  D=0x000000000006a158 A=0x7ffffffffffffca0
3071500: system.cpu: T0 : 0x195fa    : c_sdsp s1, 152(sp)         : MemWrite :  D=0x000000000006a158 A=0x7ffffffffffffc98
3072000: system.cpu: T0 : 0x195fc    : c_sdsp s2, 144(sp)         : MemWrite :  D=0x0000000000000004 A=0x7ffffffffffffc90
3072500: system.cpu: T0 : 0x195fe    : c_sdsp s4, 128(sp)         : MemWrite :  D=0x0000000000000000 A=0x7ffffffffffffc80
3073000: system.cpu: T0 : 0x19600    : c_sdsp s6, 112(sp)         : MemWrite :  D=0x000000000006f000 A=0x7ffffffffffffc70
3073500: system.cpu: T0 : 0x19602    : c_sdsp s7, 104(sp)         : MemWrite :  D=0x0000000000070898 A=0x7ffffffffffffc68
3074000: system.cpu: T0 : 0x19604    : c_sdsp s8, 96(sp)          : MemWrite :  D=0x0000000000000001 A=0x7ffffffffffffc60
3074500: system.cpu: T0 : 0x19606    : c_sdsp s10, 80(sp)         : MemWrite :  D=0x0000000000000000 A=0x7ffffffffffffc50
3075000: system.cpu: T0 : 0x19608    : c_sdsp s11, 72(sp)         : MemWrite :  D=0x0000000000072000 A=0x7ffffffffffffc48
3075500: system.cpu: T0 : 0x1960a    : c_sdsp a5, 56(sp)          : MemWrite :  D=0x2e2e000000000000 A=0x7ffffffffffffc38
3076000: system.cpu: T0 : 0x1960c    : addi s3, zero, 0           : IntAlu :  D=0x0000000000000000
3076500: system.cpu: T0 : 0x19610    : c_mv s9, a0                : IntAlu :  D=0x0000000000000000
3077500: system.cpu: T0 : 0x19612    : beq s3, zero, 428          : IntAlu : 
3078000: system.cpu: T0 : 0x197be    : c_lui a5, 25               : IntAlu :  D=0x0000000000019000
3078500: system.cpu: T0 : 0x197c0    : addi a5, a5, -1988         : IntAlu :  D=0x000000000001883c
3079000: system.cpu: T0 : 0x197c4    : c_sdsp a5, 24(sp)          : MemWrite :  D=0x000000000001883c A=0x7ffffffffffffc18
3079500: system.cpu: T0 : 0x197c6    : c_sdsp zero, 32(sp)        : MemWrite :  D=0x0000000000000000 A=0x7ffffffffffffc20
3080000: system.cpu: T0 : 0x197c8    : c_j -416                   : IntAlu : 
3080500: system.cpu: T0 : 0x19628    : addi s8, gp, 1320          : IntAlu :  D=0x0000000000071550
3081000: system.cpu: T0 : 0x1962c    : ld a5, 8(s8)               : MemRead :  D=0x0000000000000000 A=0x71558
3081500: system.cpu: T0 : 0x19630    : addi s0, tp, -1808         : IntAlu :  D=0x0000000000072000
3082000: system.cpu: T0 : 0x19634    : beq a5, s0, 28             : IntAlu : 
3082500: system.cpu: T0 : 0x19638    : c_li a3, 1                 : IntAlu :  D=0x0000000000000001
3083500: system.cpu: T0 : 0x1963a    : lr_w a5, (s8)             
3083500: system.cpu: T0 : 0x1963a. 0 : lr_w a5, (s8)              : MemRead :  D=0x0000000000000000 A=0x71550
3084000: system.cpu: T0 : 0x1963e    : c_bnez a5, 8               : IntAlu : 
3084500: system.cpu: T0 : 0x19640    : sc_w_aq a4, a3, (s8)      
3084500: system.cpu: T0 : 0x19640. 0 : sc_w a4, a3, (s8)          : MemWrite :  D=0x0000000000000000 A=0x71550
3085000: system.cpu: T0 : 0x19640. 1 : 0x1cdc272f fence           : No_OpClass : 
3085500: system.cpu: T0 : 0x19644    : c_bnez a4, -10             : IntAlu : 
3086000: system.cpu: T0 : 0x19646    : c_addiw a5, 0              : IntAlu :  D=0x0000000000000000
3086500: system.cpu: T0 : 0x19648    : bne a5, zero, 386          : IntAlu : 
3087000: system.cpu: T0 : 0x1964c    : sd s0, 8(s8)               : MemWrite :  D=0x0000000000072000 A=0x71558
3087500: system.cpu: T0 : 0x19650    : lw a4, 4(s8)               : MemRead :  D=0x0000000000000000 A=0x71554
3088000: system.cpu: T0 : 0x19654    : ld s0, -1920(gp)           : MemRead :  D=0x000000000006f000 A=0x708a8
3088500: system.cpu: T0 : 0x19658    : addiw a3, a4, 1            : IntAlu :  D=0x0000000000000001
3089000: system.cpu: T0 : 0x1965c    : sw a3, 4(s8)               : MemWrite :  D=0x0000000000000001 A=0x71554
3089500: system.cpu: T0 : 0x19660    : beq s0, zero, 382          : IntAlu : 
3090000: system.cpu: T0 : 0x19664    : lui s1, 106                : IntAlu :  D=0x000000000006a000
3090500: system.cpu: T0 : 0x19668    : lui s2, 106                : IntAlu :  D=0x000000000006a000
3091000: system.cpu: T0 : 0x1966c    : addi s2, s2, -1176         : IntAlu :  D=0x0000000000069b68
3091500: system.cpu: T0 : 0x19670    : addi s1, s1, 336           : IntAlu :  D=0x000000000006a150
3092000: system.cpu: T0 : 0x19674    : c_li s4, 0                 : IntAlu :  D=0x0000000000000000
3092500: system.cpu: T0 : 0x19676    : c_lui s11, 8               : IntAlu :  D=0x0000000000008000
3093000: system.cpu: T0 : 0x19678    : c_li s6, 1                 : IntAlu :  D=0x0000000000000001
3094000: system.cpu: T0 : 0x1967a    : sub s1, s1, s2             : IntAlu :  D=0x00000000000005e8
3095000: system.cpu: T0 : 0x1967e    : sd s0, -1456(gp)           : MemWrite :  D=0x000000000006f000 A=0x70a78
3096000: system.cpu: T0 : 0x19682    : beq s9, zero, 54           : IntAlu : 
3096500: system.cpu: T0 : 0x196b8    : lw a5, 192(s0)             : MemRead :  D=0x0000000000000000 A=0x6f0c0
3097000: system.cpu: T0 : 0x196bc    : bge zero, a5, 150          : IntAlu : 
3097500: system.cpu: T0 : 0x19752    : c_ld a3, 40(s0)            : MemRead :  D=0x0000000000000000 A=0x6f028
3098000: system.cpu: T0 : 0x19754    : c_ld a5, 32(s0)            : MemRead :  D=0x0000000000000000 A=0x6f020
3099000: system.cpu: T0 : 0x19756    : bgeu a5, a3, -116          : IntAlu : 
3100000: system.cpu: T0 : 0x196e2    : beq s9, zero, 28           : IntAlu : 
3100500: system.cpu: T0 : 0x196fe    : c_ld s0, 104(s0)           : MemRead :  D=0x000000000006f1c8 A=0x6f068
3101000: system.cpu: T0 : 0x19700    : sd zero, -1456(gp)         : MemWrite :  D=0x0000000000000000 A=0x70a78
3101500: system.cpu: T0 : 0x19704    : c_bnez s0, -134            : IntAlu : 
3102500: system.cpu: T0 : 0x1967e    : sd s0, -1456(gp)           : MemWrite :  D=0x000000000006f1c8 A=0x70a78
3103500: system.cpu: T0 : 0x19682    : beq s9, zero, 54           : IntAlu : 
3104000: system.cpu: T0 : 0x196b8    : lw a5, 192(s0)             : MemRead :  D=0x0000000000000000 A=0x6f288
3104500: system.cpu: T0 : 0x196bc    : bge zero, a5, 150          : IntAlu : 
3105000: system.cpu: T0 : 0x19752    : c_ld a3, 40(s0)            : MemRead :  D=0x0000000000000000 A=0x6f1f0
3105500: system.cpu: T0 : 0x19754    : c_ld a5, 32(s0)            : MemRead :  D=0x0000000000000000 A=0x6f1e8
3106500: system.cpu: T0 : 0x19756    : bgeu a5, a3, -116          : IntAlu : 
3107500: system.cpu: T0 : 0x196e2    : beq s9, zero, 28           : IntAlu : 
3108000: system.cpu: T0 : 0x196fe    : c_ld s0, 104(s0)           : MemRead :  D=0x000000000006f390 A=0x6f230
3108500: system.cpu: T0 : 0x19700    : sd zero, -1456(gp)         : MemWrite :  D=0x0000000000000000 A=0x70a78
3109000: system.cpu: T0 : 0x19704    : c_bnez s0, -134            : IntAlu : 
3110000: system.cpu: T0 : 0x1967e    : sd s0, -1456(gp)           : MemWrite :  D=0x000000000006f390 A=0x70a78
3111000: system.cpu: T0 : 0x19682    : beq s9, zero, 54           : IntAlu : 
3111500: system.cpu: T0 : 0x196b8    : lw a5, 192(s0)             : MemRead :  D=0x0000000000000000 A=0x6f450
3112000: system.cpu: T0 : 0x196bc    : bge zero, a5, 150          : IntAlu : 
3112500: system.cpu: T0 : 0x19752    : c_ld a3, 40(s0)            : MemRead :  D=0x0000000000000000 A=0x6f3b8
3113000: system.cpu: T0 : 0x19754    : c_ld a5, 32(s0)            : MemRead :  D=0x0000000000000000 A=0x6f3b0
3114000: system.cpu: T0 : 0x19756    : bgeu a5, a3, -116          : IntAlu : 
3115000: system.cpu: T0 : 0x196e2    : beq s9, zero, 28           : IntAlu : 
3115500: system.cpu: T0 : 0x196fe    : c_ld s0, 104(s0)           : MemRead :  D=0x0000000000000000 A=0x6f3f8
3116000: system.cpu: T0 : 0x19700    : sd zero, -1456(gp)         : MemWrite :  D=0x0000000000000000 A=0x70a78
3116500: system.cpu: T0 : 0x19704    : c_bnez s0, -134            : IntAlu : 
3117500: system.cpu: T0 : 0x19706    : lw a5, 4(s8)               : MemRead :  D=0x0000000000000001 A=0x71554
3118500: system.cpu: T0 : 0x1970a    : addiw a4, a5, -1           : IntAlu :  D=0x0000000000000000
3119500: system.cpu: T0 : 0x1970e    : sw a4, 4(s8)               : MemWrite :  D=0x0000000000000000 A=0x71554
3120000: system.cpu: T0 : 0x19712    : c_beqz a4, 128             : IntAlu : 
3121000: system.cpu: T0 : 0x19792    : sd zero, 8(s8)             : MemWrite :  D=0x0000000000000000 A=0x71558
3121500: system.cpu: T0 : 0x19796    : c_mv a5, a4                : IntAlu :  D=0x0000000000000000
3122000: system.cpu: T0 : 0x19798    : fence iorw, ow             : No_OpClass : 
3122500: system.cpu: T0 : 0x1979c    : amoswap_w a5, a5, (s8)    
3122500: system.cpu: T0 : 0x1979c. 0 : amoswap_w[l] a5, a5, (s8)  : MemRead :  D=0x0000000000000001 A=0x71550
3123000: system.cpu: T0 : 0x197a0    : c_addiw a5, 0              : IntAlu :  D=0x0000000000000001
3123500: system.cpu: T0 : 0x197a2    : c_li a4, 1                 : IntAlu :  D=0x0000000000000001
3124000: system.cpu: T0 : 0x197a4    : bge a4, a5, -144           : IntAlu : 
3124500: system.cpu: T0 : 0x19714    : beq s3, zero, 16           : IntAlu : 
3125000: system.cpu: T0 : 0x19724    : c_ldsp a4, 56(sp)          : MemRead :  D=0x2e2e000000000000 A=0x7ffffffffffffc38
3126000: system.cpu: T0 : 0x19726    : ld a5, -1264(s5)           : MemRead :  D=0x2e2e000000000000 A=0x6eb10
3127000: system.cpu: T0 : 0x1972a    : bne a4, a5, 184            : IntAlu : 
3127500: system.cpu: T0 : 0x1972e    : c_ldsp ra, 168(sp)         : MemRead :  D=0x0000000000019816 A=0x7ffffffffffffca8
3128000: system.cpu: T0 : 0x19730    : c_ldsp s0, 160(sp)         : MemRead :  D=0x000000000006a158 A=0x7ffffffffffffca0
3128500: system.cpu: T0 : 0x19732    : c_ldsp s1, 152(sp)         : MemRead :  D=0x000000000006a158 A=0x7ffffffffffffc98
3129000: system.cpu: T0 : 0x19734    : c_ldsp s2, 144(sp)         : MemRead :  D=0x0000000000000004 A=0x7ffffffffffffc90
3129500: system.cpu: T0 : 0x19736    : c_ldsp s3, 136(sp)         : MemRead :  D=0x0000000000000000 A=0x7ffffffffffffc88
3130000: system.cpu: T0 : 0x19738    : c_ldsp s5, 120(sp)         : MemRead :  D=0x0000000000000003 A=0x7ffffffffffffc78
3130500: system.cpu: T0 : 0x1973a    : c_ldsp s6, 112(sp)         : MemRead :  D=0x000000000006f000 A=0x7ffffffffffffc70
3131000: system.cpu: T0 : 0x1973c    : c_ldsp s7, 104(sp)         : MemRead :  D=0x0000000000070898 A=0x7ffffffffffffc68
3131500: system.cpu: T0 : 0x1973e    : c_ldsp s8, 96(sp)          : MemRead :  D=0x0000000000000001 A=0x7ffffffffffffc60
3132000: system.cpu: T0 : 0x19740    : c_ldsp s9, 88(sp)          : MemRead :  D=0x0000000000072000 A=0x7ffffffffffffc58
3132500: system.cpu: T0 : 0x19742    : c_ldsp s10, 80(sp)         : MemRead :  D=0x0000000000000000 A=0x7ffffffffffffc50
3133000: system.cpu: T0 : 0x19744    : c_ldsp s11, 72(sp)         : MemRead :  D=0x0000000000072000 A=0x7ffffffffffffc48
3133500: system.cpu: T0 : 0x19746    : c_mv a0, s4                : IntAlu :  D=0x0000000000000000
3134000: system.cpu: T0 : 0x19748    : c_ldsp s4, 128(sp)         : MemRead :  D=0x0000000000000000 A=0x7ffffffffffffc80
3134500: system.cpu: T0 : 0x1974a    : c_addi16sp sp, 176         : IntAlu :  D=0x7ffffffffffffcb0
3135000: system.cpu: T0 : 0x1974c    : c_jr ra                    : IntAlu : 
3135500: system.cpu: T0 : 0x19816    : c_mv s5, a0                : IntAlu :  D=0x0000000000000000
3136000: system.cpu: T0 : 0x19818    : beq s3, zero, 482          : IntAlu : 
3136500: system.cpu: T0 : 0x199fa    : c_lui a5, 25               : IntAlu :  D=0x0000000000019000
3137000: system.cpu: T0 : 0x199fc    : addi a5, a5, -1988         : IntAlu :  D=0x000000000001883c
3137500: system.cpu: T0 : 0x19a00    : c_sdsp a5, 24(sp)          : MemWrite :  D=0x000000000001883c A=0x7ffffffffffffcc8
3138000: system.cpu: T0 : 0x19a02    : c_sdsp zero, 32(sp)        : MemWrite :  D=0x0000000000000000 A=0x7ffffffffffffcd0
3138500: system.cpu: T0 : 0x19a04    : c_j -470                   : IntAlu : 
3139500: system.cpu: T0 : 0x1982e    : addi s1, gp, 1320          : IntAlu :  D=0x0000000000071550
3140000: system.cpu: T0 : 0x19832    : c_ld a5, 8(s1)             : MemRead :  D=0x0000000000000000 A=0x71558
3140500: system.cpu: T0 : 0x19834    : addi s0, tp, -1808         : IntAlu :  D=0x0000000000072000
3141000: system.cpu: T0 : 0x19838    : beq s0, a5, 26             : IntAlu : 
3141500: system.cpu: T0 : 0x1983c    : c_li a4, 1                 : IntAlu :  D=0x0000000000000001
3142500: system.cpu: T0 : 0x1983e    : lr_w a5, (s1)             
3142500: system.cpu: T0 : 0x1983e. 0 : lr_w a5, (s1)              : MemRead :  D=0x0000000000000000 A=0x71550
3143000: system.cpu: T0 : 0x19842    : c_bnez a5, 8               : IntAlu : 
3143500: system.cpu: T0 : 0x19844    : sc_w_aq a3, a4, (s1)      
3143500: system.cpu: T0 : 0x19844. 0 : sc_w a3, a4, (s1)          : MemWrite :  D=0x0000000000000000 A=0x71550
3144000: system.cpu: T0 : 0x19844. 1 : 0x1ce4a6af fence           : No_OpClass : 
3144500: system.cpu: T0 : 0x19848    : c_bnez a3, -10             : IntAlu : 
3145000: system.cpu: T0 : 0x1984a    : c_addiw a5, 0              : IntAlu :  D=0x0000000000000000
3145500: system.cpu: T0 : 0x1984c    : bne a5, zero, 442          : IntAlu : 
3146000: system.cpu: T0 : 0x19850    : c_sd s0, 8(s1)             : MemWrite :  D=0x0000000000072000 A=0x71558
3146500: system.cpu: T0 : 0x19852    : c_lw a3, 4(s1)             : MemRead :  D=0x0000000000000000 A=0x71554
3147000: system.cpu: T0 : 0x19854    : ld s0, -1920(gp)           : MemRead :  D=0x000000000006f000 A=0x708a8
3147500: system.cpu: T0 : 0x19858    : addiw a4, a3, 1            : IntAlu :  D=0x0000000000000001
3148000: system.cpu: T0 : 0x1985c    : c_sw a4, 4(s1)             : MemWrite :  D=0x0000000000000001 A=0x71554
3148500: system.cpu: T0 : 0x1985e    : c_beqz s0, 202             : IntAlu : 
3149000: system.cpu: T0 : 0x19860    : lui s2, 106                : IntAlu :  D=0x000000000006a000
3149500: system.cpu: T0 : 0x19864    : lui s4, 106                : IntAlu :  D=0x000000000006a000
3150000: system.cpu: T0 : 0x19868    : addi s4, s4, -1176         : IntAlu :  D=0x0000000000069b68
3150500: system.cpu: T0 : 0x1986c    : addi s2, s2, 336           : IntAlu :  D=0x000000000006a150
3151000: system.cpu: T0 : 0x19870    : sub s2, s2, s4             : IntAlu :  D=0x00000000000005e8
3151500: system.cpu: T0 : 0x19874    : c_li s9, 2                 : IntAlu :  D=0x0000000000000002
3152000: system.cpu: T0 : 0x19876    : c_j 12                     : IntAlu : 
3152500: system.cpu: T0 : 0x19882    : c_lw a5, 0(s0)             : MemRead :  D=0xfffffffffbad2086 A=0x6f000
3153000: system.cpu: T0 : 0x19884    : c_andi a5, 2               : IntAlu :  D=0x0000000000000002
3154000: system.cpu: T0 : 0x19886    : addiw s8, a5, 0            : IntAlu :  D=0x0000000000000002
3154500: system.cpu: T0 : 0x1988a    : c_bnez a5, -18             : IntAlu : 
3155000: system.cpu: T0 : 0x19878    : c_li a5, -1                : IntAlu :  D=0xffffffffffffffff
3156000: system.cpu: T0 : 0x1987a    : sw a5, 192(s0)             : MemWrite :  D=0x00000000ffffffff A=0x6f0c0
3156500: system.cpu: T0 : 0x1987e    : c_ld s0, 104(s0)           : MemRead :  D=0x000000000006f1c8 A=0x6f068
3157000: system.cpu: T0 : 0x19880    : c_beqz s0, 162             : IntAlu : 
3157500: system.cpu: T0 : 0x19882    : c_lw a5, 0(s0)             : MemRead :  D=0xfffffffffbad2084 A=0x6f1c8
3158000: system.cpu: T0 : 0x19884    : c_andi a5, 2               : IntAlu :  D=0x0000000000000000
3159000: system.cpu: T0 : 0x19886    : addiw s8, a5, 0            : IntAlu :  D=0x0000000000000000
3159500: system.cpu: T0 : 0x1988a    : c_bnez a5, -18             : IntAlu : 
3160000: system.cpu: T0 : 0x1988c    : lw a5, 192(s0)             : MemRead :  D=0x0000000000000000 A=0x6f288
3160500: system.cpu: T0 : 0x19890    : c_beqz a5, -24             : IntAlu : 
3161000: system.cpu: T0 : 0x19878    : c_li a5, -1                : IntAlu :  D=0xffffffffffffffff
3162000: system.cpu: T0 : 0x1987a    : sw a5, 192(s0)             : MemWrite :  D=0x00000000ffffffff A=0x6f288
3162500: system.cpu: T0 : 0x1987e    : c_ld s0, 104(s0)           : MemRead :  D=0x000000000006f390 A=0x6f230
3163000: system.cpu: T0 : 0x19880    : c_beqz s0, 162             : IntAlu : 
3163500: system.cpu: T0 : 0x19882    : c_lw a5, 0(s0)             : MemRead :  D=0xfffffffffbad2088 A=0x6f390
3164000: system.cpu: T0 : 0x19884    : c_andi a5, 2               : IntAlu :  D=0x0000000000000000
3165000: system.cpu: T0 : 0x19886    : addiw s8, a5, 0            : IntAlu :  D=0x0000000000000000
3165500: system.cpu: T0 : 0x1988a    : c_bnez a5, -18             : IntAlu : 
3166000: system.cpu: T0 : 0x1988c    : lw a5, 192(s0)             : MemRead :  D=0x0000000000000000 A=0x6f450
3166500: system.cpu: T0 : 0x19890    : c_beqz a5, -24             : IntAlu : 
3167000: system.cpu: T0 : 0x19878    : c_li a5, -1                : IntAlu :  D=0xffffffffffffffff
3168000: system.cpu: T0 : 0x1987a    : sw a5, 192(s0)             : MemWrite :  D=0x00000000ffffffff A=0x6f450
3168500: system.cpu: T0 : 0x1987e    : c_ld s0, 104(s0)           : MemRead :  D=0x0000000000000000 A=0x6f3f8
3169000: system.cpu: T0 : 0x19880    : c_beqz s0, 162             : IntAlu : 
3169500: system.cpu: T0 : 0x19922    : c_lw a5, 4(s1)             : MemRead :  D=0x0000000000000001 A=0x71554
3170000: system.cpu: T0 : 0x19924    : addiw a3, a5, -1           : IntAlu :  D=0x0000000000000000
3170500: system.cpu: T0 : 0x19928    : c_sw a3, 4(s1)             : MemWrite :  D=0x0000000000000000 A=0x71554
3171000: system.cpu: T0 : 0x1992a    : c_beqz a3, 126             : IntAlu : 
3171500: system.cpu: T0 : 0x199a8    : sd zero, 8(s1)             : MemWrite :  D=0x0000000000000000 A=0x71558
3172000: system.cpu: T0 : 0x199ac    : c_mv a5, a3                : IntAlu :  D=0x0000000000000000
3173000: system.cpu: T0 : 0x199ae    : fence iorw, ow             : No_OpClass : 
3174000: system.cpu: T0 : 0x199b2    : amoswap_w a5, a5, (s1)    
3174000: system.cpu: T0 : 0x199b2. 0 : amoswap_w[l] a5, a5, (s1)  : MemRead :  D=0x0000000000000001 A=0x71550
3174500: system.cpu: T0 : 0x199b6    : c_addiw a5, 0              : IntAlu :  D=0x0000000000000001
3175000: system.cpu: T0 : 0x199b8    : c_li a4, 1                 : IntAlu :  D=0x0000000000000001
3176000: system.cpu: T0 : 0x199ba    : bge a4, a5, -142           : IntAlu : 
3176500: system.cpu: T0 : 0x1992c    : beq s3, zero, 16           : IntAlu : 
3177000: system.cpu: T0 : 0x1993c    : c_ldsp a4, 56(sp)          : MemRead :  D=0x2e2e000000000000 A=0x7ffffffffffffce8
3178000: system.cpu: T0 : 0x1993e    : ld a5, -1264(s6)           : MemRead :  D=0x2e2e000000000000 A=0x6eb10
3179000: system.cpu: T0 : 0x19942    : bne a4, a5, 216            : IntAlu : 
3179500: system.cpu: T0 : 0x19946    : c_ldsp ra, 168(sp)         : MemRead :  D=0x00000000000148c0 A=0x7ffffffffffffd58
3180000: system.cpu: T0 : 0x19948    : c_ldsp s0, 160(sp)         : MemRead :  D=0x000000000006a158 A=0x7ffffffffffffd50
3180500: system.cpu: T0 : 0x1994a    : c_ldsp s1, 152(sp)         : MemRead :  D=0x000000000006a158 A=0x7ffffffffffffd48
3181000: system.cpu: T0 : 0x1994c    : c_ldsp s2, 144(sp)         : MemRead :  D=0x0000000000000004 A=0x7ffffffffffffd40
3181500: system.cpu: T0 : 0x1994e    : c_ldsp s3, 136(sp)         : MemRead :  D=0x0000000000000001 A=0x7ffffffffffffd38
3182000: system.cpu: T0 : 0x19950    : c_ldsp s4, 128(sp)         : MemRead :  D=0x0000000000000000 A=0x7ffffffffffffd30
3182500: system.cpu: T0 : 0x19952    : c_ldsp s6, 112(sp)         : MemRead :  D=0x000000000000009a A=0x7ffffffffffffd20
3183000: system.cpu: T0 : 0x19954    : c_ldsp s7, 104(sp)         : MemRead :  D=0x0000000000070898 A=0x7ffffffffffffd18
3183500: system.cpu: T0 : 0x19956    : c_ldsp s8, 96(sp)          : MemRead :  D=0x0000000000000001 A=0x7ffffffffffffd10
3184000: system.cpu: T0 : 0x19958    : c_ldsp s9, 88(sp)          : MemRead :  D=0x0000000000072000 A=0x7ffffffffffffd08
3184500: system.cpu: T0 : 0x1995a    : c_ldsp s10, 80(sp)         : MemRead :  D=0x0000000000000000 A=0x7ffffffffffffd00
3185000: system.cpu: T0 : 0x1995c    : c_ldsp s11, 72(sp)         : MemRead :  D=0x0000000000072000 A=0x7ffffffffffffcf8
3185500: system.cpu: T0 : 0x1995e    : c_mv a0, s5                : IntAlu :  D=0x0000000000000000
3186000: system.cpu: T0 : 0x19960    : c_ldsp s5, 120(sp)         : MemRead :  D=0x0000000000000003 A=0x7ffffffffffffd28
3186500: system.cpu: T0 : 0x19962    : c_addi16sp sp, 176         : IntAlu :  D=0x7ffffffffffffd60
3187000: system.cpu: T0 : 0x19964    : c_jr ra                    : IntAlu : 
3187500: system.cpu: T0 : 0x148c0    : bne s1, s0, -6             : IntAlu : 
3188000: system.cpu: T0 : 0x148c4    : c_mv a0, s6                : IntAlu :  D=0x000000000000009a
3189000: system.cpu: T0 : 0x148c6    : jal ra, 47996              : IntAlu :  D=0x00000000000148ca
3189500: system.cpu: T0 : 0x20442    : c_mv a4, a0                : IntAlu :  D=0x000000000000009a
3190000: system.cpu: T0 : 0x20444    : addi a7, zero, 94          : IntAlu :  D=0x000000000000005e
3190500: system.cpu: T0 : 0x20448    : ecall                      : No_OpClass : 
