      0: system.cpu: T0 : 0x10348    : jal ra, 46                 : IntAlu :  D=0x000000000001034c
   1000: system.cpu: T0 : 0x10376    : auipc gp, 97               : IntAlu :  D=0x0000000000071376
   2000: system.cpu: T0 : 0x1037a    : addi gp, gp, -766          : IntAlu :  D=0x0000000000071078
   2500: system.cpu: T0 : 0x1037e    : c_jr ra                    : IntAlu : 
   3000: system.cpu: T0 : 0x1034c    : c_mv a5, a0                : IntAlu :  D=0x0000000000000000
   4000: system.cpu: T0 : 0x1034e    : auipc a0, 0                : IntAlu :  D=0x000000000001034e
   5000: system.cpu: T0 : 0x10352    : addi a0, a0, 1382          : IntAlu :  D=0x00000000000108b4
   5500: system.cpu: T0 : 0x10356    : c_ldsp a1, 0(sp)           : MemRead :  D=0x0000000000000001 A=0x7fffffffffffff30
   6000: system.cpu: T0 : 0x10358    : c_addi4spn a2, sp, 8       : IntAlu :  D=0x7fffffffffffff38
   7000: system.cpu: T0 : 0x1035a    : andi sp, sp, 18446744073709551600 : IntAlu :  D=0x7fffffffffffff30
   8000: system.cpu: T0 : 0x1035e    : auipc a3, 1                : IntAlu :  D=0x000000000001135e
   9000: system.cpu: T0 : 0x10362    : addi a3, a3, -1474         : IntAlu :  D=0x0000000000010d9c
  10000: system.cpu: T0 : 0x10366    : auipc a4, 1                : IntAlu :  D=0x0000000000011366
  11000: system.cpu: T0 : 0x1036a    : addi a4, a4, -1338         : IntAlu :  D=0x0000000000010e2c
  11500: system.cpu: T0 : 0x1036e    : c_mv a6, sp                : IntAlu :  D=0x7fffffffffffff30
  12000: system.cpu: T0 : 0x10370    : jal ra, 1376               : IntAlu :  D=0x0000000000010374
  12500: system.cpu: T0 : 0x108d0    : c_addi16sp sp, -320        : IntAlu :  D=0x7ffffffffffffdf0
  13000: system.cpu: T0 : 0x108d2    : c_sdsp s0, 304(sp)         : MemWrite :  D=0x0000000000000000 A=0x7fffffffffffff20
  13500: system.cpu: T0 : 0x108d4    : c_sdsp s1, 296(sp)         : MemWrite :  D=0x0000000000000000 A=0x7fffffffffffff18
  14000: system.cpu: T0 : 0x108d6    : c_sdsp s2, 288(sp)         : MemWrite :  D=0x0000000000000000 A=0x7fffffffffffff10
  14500: system.cpu: T0 : 0x108d8    : c_sdsp a2, 16(sp)          : MemWrite :  D=0x7fffffffffffff38 A=0x7ffffffffffffe00
  15000: system.cpu: T0 : 0x108da    : c_sdsp ra, 312(sp)         : MemWrite :  D=0x0000000000010374 A=0x7fffffffffffff28
  15500: system.cpu: T0 : 0x108dc    : addi t1, zero, 0           : IntAlu :  D=0x0000000000000000
  16000: system.cpu: T0 : 0x108e0    : c_sdsp a0, 24(sp)          : MemWrite :  D=0x00000000000108b4 A=0x7ffffffffffffe08
  16500: system.cpu: T0 : 0x108e2    : c_sdsp a1, 8(sp)           : MemWrite :  D=0x0000000000000001 A=0x7ffffffffffffdf8
  17000: system.cpu: T0 : 0x108e4    : c_mv s0, a3                : IntAlu :  D=0x0000000000010d9c
  17500: system.cpu: T0 : 0x108e6    : c_mv s1, a4                : IntAlu :  D=0x0000000000010e2c
  18000: system.cpu: T0 : 0x108e8    : c_mv s2, a5                : IntAlu :  D=0x0000000000000000
  18500: system.cpu: T0 : 0x108ea    : c_li a2, 0                 : IntAlu :  D=0x0000000000000000
  19000: system.cpu: T0 : 0x108ec    : beq t1, zero, 12           : IntAlu : 
  19500: system.cpu: T0 : 0x108f8    : c_ldsp a5, 8(sp)           : MemRead :  D=0x0000000000000001 A=0x7ffffffffffffdf8
  20500: system.cpu: T0 : 0x108fa    : addi a0, a5, 1             : IntAlu :  D=0x0000000000000002
  21000: system.cpu: T0 : 0x108fe    : c_ldsp a5, 16(sp)          : MemRead :  D=0x7fffffffffffff38 A=0x7ffffffffffffe00
  21500: system.cpu: T0 : 0x10900    : c_slli a0, 3               : IntAlu :  D=0x0000000000000010
  22000: system.cpu: T0 : 0x10902    : c_add a0, a5               : IntAlu :  D=0x7fffffffffffff48
  22500: system.cpu: T0 : 0x10904    : sw a2, -1728(gp)           : MemWrite :  D=0x0000000000000000 A=0x709b8
  23000: system.cpu: T0 : 0x10908    : sd a0, -1360(gp)           : MemWrite :  D=0x7fffffffffffff48 A=0x70b28
  23500: system.cpu: T0 : 0x1090c    : lui a5, 111                : IntAlu :  D=0x000000000006f000
  24000: system.cpu: T0 : 0x10910    : sd a6, -80(a5)             : MemWrite :  D=0x7fffffffffffff30 A=0x6efb0
  24500: system.cpu: T0 : 0x10914    : c_ld a2, 0(a0)             : MemRead :  D=0x0000000000000000 A=0x7fffffffffffff48
  25000: system.cpu: T0 : 0x10916    : c_addi a0, 8               : IntAlu :  D=0x7fffffffffffff50
  25500: system.cpu: T0 : 0x10918    : c_bnez a2, -4              : IntAlu : 
  26500: system.cpu: T0 : 0x1091a    : jal ra, 72966              : IntAlu :  D=0x000000000001091e
  27000: system.cpu: T0 : 0x22620    : c_ld a5, 0(a0)             : MemRead :  D=0x0000000000000009 A=0x7fffffffffffff50
  28000: system.cpu: T0 : 0x22622    : lui a4, 114                : IntAlu :  D=0x0000000000072000
  29000: system.cpu: T0 : 0x22626    : sd a0, -424(a4)            : MemWrite :  D=0x7fffffffffffff50 A=0x71e58
  30000: system.cpu: T0 : 0x2262a    : beq a5, zero, 618          : IntAlu : 
  30500: system.cpu: T0 : 0x2262e    : c_addi16sp sp, -224        : IntAlu :  D=0x7ffffffffffffd10
  31000: system.cpu: T0 : 0x22630    : c_sdsp s1, 208(sp)         : MemWrite :  D=0x0000000000010e2c A=0x7ffffffffffffde0
  32000: system.cpu: T0 : 0x22632    : lui s1, 114                : IntAlu :  D=0x0000000000072000
  33000: system.cpu: T0 : 0x22636    : ld a4, -352(s1)            : MemRead :  D=0x0000000000000000 A=0x71ea0
  33500: system.cpu: T0 : 0x2263a    : c_sdsp s3, 192(sp)         : MemWrite :  D=0x0000000000000000 A=0x7ffffffffffffdd0
  34000: system.cpu: T0 : 0x2263c    : c_sdsp a4, 64(sp)          : MemWrite :  D=0x0000000000000000 A=0x7ffffffffffffd50
  35000: system.cpu: T0 : 0x2263e    : ld a4, -1336(gp)           : MemRead :  D=0x0000000000000000 A=0x70b40
  36000: system.cpu: T0 : 0x22642    : lui a6, 111                : IntAlu :  D=0x000000000006f000
  37000: system.cpu: T0 : 0x22646    : addi a6, a6, -128          : IntAlu :  D=0x000000000006ef80
  37500: system.cpu: T0 : 0x2264a    : c_sdsp a4, 32(sp)          : MemWrite :  D=0x0000000000000000 A=0x7ffffffffffffd30
  38000: system.cpu: T0 : 0x2264c    : ld a4, 0(a6)               : MemRead :  D=0x0000000000000000 A=0x6ef80
  38500: system.cpu: T0 : 0x22650    : lui t3, 111                : IntAlu :  D=0x000000000006f000
  39000: system.cpu: T0 : 0x22654    : lui t1, 114                : IntAlu :  D=0x0000000000072000
  39500: system.cpu: T0 : 0x22658    : c_sdsp a4, 104(sp)         : MemWrite :  D=0x0000000000000000 A=0x7ffffffffffffd78
  40500: system.cpu: T0 : 0x2265a    : lw a4, -72(t3)             : MemRead :  D=0x0000000000000001 A=0x6efb8
  41000: system.cpu: T0 : 0x2265e    : c_sdsp s2, 200(sp)         : MemWrite :  D=0x0000000000000000 A=0x7ffffffffffffdd8
  41500: system.cpu: T0 : 0x22660    : c_sdsp a4, 80(sp)          : MemWrite :  D=0x0000000000000001 A=0x7ffffffffffffd60
  42500: system.cpu: T0 : 0x22662    : lw a4, -280(t1)            : MemRead :  D=0x0000000000000000 A=0x71ee8
  43000: system.cpu: T0 : 0x22666    : c_sdsp s4, 184(sp)         : MemWrite :  D=0x0000000000000000 A=0x7ffffffffffffdc8
  43500: system.cpu: T0 : 0x22668    : c_sdsp a4, 96(sp)          : MemWrite :  D=0x0000000000000000 A=0x7ffffffffffffd70
  44500: system.cpu: T0 : 0x2266a    : lw a4, -1344(gp)           : MemRead :  D=0x0000000000000000 A=0x70b38
  45000: system.cpu: T0 : 0x2266e    : c_sdsp s0, 216(sp)         : MemWrite :  D=0x0000000000010d9c A=0x7ffffffffffffde8
  45500: system.cpu: T0 : 0x22670    : lui s0, 114                : IntAlu :  D=0x0000000000072000
  46000: system.cpu: T0 : 0x22674    : c_sdsp a4, 48(sp)          : MemWrite :  D=0x0000000000000000 A=0x7ffffffffffffd40
  47000: system.cpu: T0 : 0x22676    : ld a4, -1328(gp)           : MemRead :  D=0x0000000000000000 A=0x70b48
  48000: system.cpu: T0 : 0x2267a    : lui t6, 114                : IntAlu :  D=0x0000000000072000
  48500: system.cpu: T0 : 0x2267e    : c_sdsp a4, 24(sp)          : MemWrite :  D=0x0000000000000000 A=0x7ffffffffffffd28
  49000: system.cpu: T0 : 0x22680    : ld a4, -416(s0)            : MemRead :  D=0x0000000000000000 A=0x71e60
  49500: system.cpu: T0 : 0x22684    : lui t2, 114                : IntAlu :  D=0x0000000000072000
  50000: system.cpu: T0 : 0x22688    : lui t0, 114                : IntAlu :  D=0x0000000000072000
  50500: system.cpu: T0 : 0x2268c    : c_sdsp a4, 8(sp)           : MemWrite :  D=0x0000000000000000 A=0x7ffffffffffffd18
  51500: system.cpu: T0 : 0x2268e    : ld a4, -1784(gp)           : MemRead :  D=0x0000000000001000 A=0x70980
  52500: system.cpu: T0 : 0x22692    : lui a3, 80                 : IntAlu :  D=0x0000000000050000
  53000: system.cpu: T0 : 0x22696    : c_sdsp s5, 176(sp)         : MemWrite :  D=0x0000000000000000 A=0x7ffffffffffffdc0
  53500: system.cpu: T0 : 0x22698    : c_sdsp s6, 168(sp)         : MemWrite :  D=0x0000000000000000 A=0x7ffffffffffffdb8
  54000: system.cpu: T0 : 0x2269a    : c_sdsp s7, 160(sp)         : MemWrite :  D=0x0000000000000000 A=0x7ffffffffffffdb0
  54500: system.cpu: T0 : 0x2269c    : c_sdsp s8, 152(sp)         : MemWrite :  D=0x0000000000000000 A=0x7ffffffffffffda8
  55000: system.cpu: T0 : 0x2269e    : c_sdsp s10, 136(sp)        : MemWrite :  D=0x0000000000000000 A=0x7ffffffffffffd98
  55500: system.cpu: T0 : 0x226a0    : c_sdsp s11, 128(sp)        : MemWrite :  D=0x0000000000000000 A=0x7ffffffffffffd90
  56000: system.cpu: T0 : 0x226a2    : c_sdsp a4, 120(sp)         : MemWrite :  D=0x0000000000001000 A=0x7ffffffffffffd88
  56500: system.cpu: T0 : 0x226a4    : lw s7, -360(t6)            : MemRead :  D=0x0000000000000000 A=0x71e98
  57000: system.cpu: T0 : 0x226a8    : ld s11, -328(t2)           : MemRead :  D=0x0000000000000000 A=0x71eb8
  57500: system.cpu: T0 : 0x226ac    : c_sdsp s9, 144(sp)         : MemWrite :  D=0x0000000000000000 A=0x7ffffffffffffda0
  58000: system.cpu: T0 : 0x226ae    : c_li s10, 0                : IntAlu :  D=0x0000000000000000
  58500: system.cpu: T0 : 0x226b0    : ld s9, -384(t0)            : MemRead :  D=0x0000000000000000 A=0x71e80
  59000: system.cpu: T0 : 0x226b4    : c_li s8, 0                 : IntAlu :  D=0x0000000000000000
  59500: system.cpu: T0 : 0x226b6    : c_sdsp zero, 112(sp)       : MemWrite :  D=0x0000000000000000 A=0x7ffffffffffffd80
  60000: system.cpu: T0 : 0x226b8    : c_sdsp zero, 88(sp)        : MemWrite :  D=0x0000000000000000 A=0x7ffffffffffffd68
  60500: system.cpu: T0 : 0x226ba    : c_sdsp zero, 72(sp)        : MemWrite :  D=0x0000000000000000 A=0x7ffffffffffffd58
  61000: system.cpu: T0 : 0x226bc    : c_sdsp zero, 56(sp)        : MemWrite :  D=0x0000000000000000 A=0x7ffffffffffffd48
  61500: system.cpu: T0 : 0x226be    : c_sdsp zero, 40(sp)        : MemWrite :  D=0x0000000000000000 A=0x7ffffffffffffd38
  62000: system.cpu: T0 : 0x226c0    : c_sdsp zero, 16(sp)        : MemWrite :  D=0x0000000000000000 A=0x7ffffffffffffd20
  62500: system.cpu: T0 : 0x226c2    : c_li s6, 0                 : IntAlu :  D=0x0000000000000000
  63000: system.cpu: T0 : 0x226c4    : c_li s5, 0                 : IntAlu :  D=0x0000000000000000
  63500: system.cpu: T0 : 0x226c6    : c_li t5, 0                 : IntAlu :  D=0x0000000000000000
  64000: system.cpu: T0 : 0x226c8    : c_li a7, 0                 : IntAlu :  D=0x0000000000000000
  64500: system.cpu: T0 : 0x226ca    : c_li a1, 0                 : IntAlu :  D=0x0000000000000000
  65000: system.cpu: T0 : 0x226cc    : c_li a2, 0                 : IntAlu :  D=0x0000000000000000
  65500: system.cpu: T0 : 0x226ce    : c_li a4, 30                : IntAlu :  D=0x000000000000001e
  66000: system.cpu: T0 : 0x226d0    : addi a3, a3, -176          : IntAlu :  D=0x000000000004ff50
  66500: system.cpu: T0 : 0x226d4    : c_addi a5, -3              : IntAlu :  D=0x0000000000000006
  67500: system.cpu: T0 : 0x226d6    : bltu a4, a5, 20            : IntAlu : 
  68000: system.cpu: T0 : 0x226da    : c_slli a5, 2               : IntAlu :  D=0x0000000000000018
  68500: system.cpu: T0 : 0x226dc    : c_add a5, a3               : IntAlu :  D=0x000000000004ff68
  69000: system.cpu: T0 : 0x226de    : c_lw a5, 0(a5)             : MemRead :  D=0x00000000000226ea A=0x4ff68
  69500: system.cpu: T0 : 0x226e0    : c_jr a5                    : IntAlu : 
  70000: system.cpu: T0 : 0x226ea    : c_ld a5, 16(a0)            : MemRead :  D=0x0000000000000005 A=0x7fffffffffffff60
  70500: system.cpu: T0 : 0x226ec    : c_addi a0, 16              : IntAlu :  D=0x7fffffffffffff60
  71000: system.cpu: T0 : 0x226ee    : c_bnez a5, -26             : IntAlu : 
  71500: system.cpu: T0 : 0x226d4    : c_addi a5, -3              : IntAlu :  D=0x0000000000000002
  72500: system.cpu: T0 : 0x226d6    : bltu a4, a5, 20            : IntAlu : 
  73000: system.cpu: T0 : 0x226da    : c_slli a5, 2               : IntAlu :  D=0x0000000000000008
  73500: system.cpu: T0 : 0x226dc    : c_add a5, a3               : IntAlu :  D=0x000000000004ff58
  74000: system.cpu: T0 : 0x226de    : c_lw a5, 0(a5)             : MemRead :  D=0x0000000000022868 A=0x4ff58
  74500: system.cpu: T0 : 0x226e0    : c_jr a5                    : IntAlu : 
  75000: system.cpu: T0 : 0x22868    : c_ld a5, 16(a0)            : MemRead :  D=0x0000000000000004 A=0x7fffffffffffff70
  76000: system.cpu: T0 : 0x2286a    : ld s11, 8(a0)              : MemRead :  D=0x0000000000000006 A=0x7fffffffffffff68
  76500: system.cpu: T0 : 0x2286e    : c_li s8, 1                 : IntAlu :  D=0x0000000000000001
  77000: system.cpu: T0 : 0x22870    : c_addi a0, 16              : IntAlu :  D=0x7fffffffffffff70
  78000: system.cpu: T0 : 0x22872    : bne a5, zero, -414         : IntAlu : 
  78500: system.cpu: T0 : 0x226d4    : c_addi a5, -3              : IntAlu :  D=0x0000000000000001
  79500: system.cpu: T0 : 0x226d6    : bltu a4, a5, 20            : IntAlu : 
  80000: system.cpu: T0 : 0x226da    : c_slli a5, 2               : IntAlu :  D=0x0000000000000004
  80500: system.cpu: T0 : 0x226dc    : c_add a5, a3               : IntAlu :  D=0x000000000004ff54
  81000: system.cpu: T0 : 0x226de    : c_lw a5, 0(a5)             : MemRead :  D=0x00000000000226ea A=0x4ff54
  81500: system.cpu: T0 : 0x226e0    : c_jr a5                    : IntAlu : 
  82000: system.cpu: T0 : 0x226ea    : c_ld a5, 16(a0)            : MemRead :  D=0x0000000000000003 A=0x7fffffffffffff80
  82500: system.cpu: T0 : 0x226ec    : c_addi a0, 16              : IntAlu :  D=0x7fffffffffffff80
  83000: system.cpu: T0 : 0x226ee    : c_bnez a5, -26             : IntAlu : 
  83500: system.cpu: T0 : 0x226d4    : c_addi a5, -3              : IntAlu :  D=0x0000000000000000
  84500: system.cpu: T0 : 0x226d6    : bltu a4, a5, 20            : IntAlu : 
  85000: system.cpu: T0 : 0x226da    : c_slli a5, 2               : IntAlu :  D=0x0000000000000000
  85500: system.cpu: T0 : 0x226dc    : c_add a5, a3               : IntAlu :  D=0x000000000004ff50
  86000: system.cpu: T0 : 0x226de    : c_lw a5, 0(a5)             : MemRead :  D=0x0000000000022878 A=0x4ff50
  86500: system.cpu: T0 : 0x226e0    : c_jr a5                    : IntAlu : 
  87000: system.cpu: T0 : 0x22878    : c_ld a5, 16(a0)            : MemRead :  D=0x0000000000000006 A=0x7fffffffffffff90
  88000: system.cpu: T0 : 0x2287a    : ld s9, 8(a0)               : MemRead :  D=0x0000000000010040 A=0x7fffffffffffff88
  88500: system.cpu: T0 : 0x2287e    : c_li s6, 1                 : IntAlu :  D=0x0000000000000001
  89000: system.cpu: T0 : 0x22880    : c_addi a0, 16              : IntAlu :  D=0x7fffffffffffff90
  90000: system.cpu: T0 : 0x22882    : bne a5, zero, -430         : IntAlu : 
  90500: system.cpu: T0 : 0x226d4    : c_addi a5, -3              : IntAlu :  D=0x0000000000000003
  91500: system.cpu: T0 : 0x226d6    : bltu a4, a5, 20            : IntAlu : 
  92000: system.cpu: T0 : 0x226da    : c_slli a5, 2               : IntAlu :  D=0x000000000000000c
  92500: system.cpu: T0 : 0x226dc    : c_add a5, a3               : IntAlu :  D=0x000000000004ff5c
  93000: system.cpu: T0 : 0x226de    : c_lw a5, 0(a5)             : MemRead :  D=0x00000000000226e2 A=0x4ff5c
  93500: system.cpu: T0 : 0x226e0    : c_jr a5                    : IntAlu : 
  94000: system.cpu: T0 : 0x226e2    : c_ld a5, 8(a0)             : MemRead :  D=0x0000000000001000 A=0x7fffffffffffff98
  94500: system.cpu: T0 : 0x226e4    : c_beqz a5, 6               : IntAlu : 
  95000: system.cpu: T0 : 0x226e6    : c_sdsp a5, 120(sp)         : MemWrite :  D=0x0000000000001000 A=0x7ffffffffffffd88
  95500: system.cpu: T0 : 0x226e8    : c_li t5, 1                 : IntAlu :  D=0x0000000000000001
  96000: system.cpu: T0 : 0x226ea    : c_ld a5, 16(a0)            : MemRead :  D=0x0000000000000017 A=0x7fffffffffffffa0
  96500: system.cpu: T0 : 0x226ec    : c_addi a0, 16              : IntAlu :  D=0x7fffffffffffffa0
  97000: system.cpu: T0 : 0x226ee    : c_bnez a5, -26             : IntAlu : 
  97500: system.cpu: T0 : 0x226d4    : c_addi a5, -3              : IntAlu :  D=0x0000000000000014
  98500: system.cpu: T0 : 0x226d6    : bltu a4, a5, 20            : IntAlu : 
  99000: system.cpu: T0 : 0x226da    : c_slli a5, 2               : IntAlu :  D=0x0000000000000050
  99500: system.cpu: T0 : 0x226dc    : c_add a5, a3               : IntAlu :  D=0x000000000004ffa0
 100000: system.cpu: T0 : 0x226de    : c_lw a5, 0(a5)             : MemRead :  D=0x00000000000227bc A=0x4ffa0
 100500: system.cpu: T0 : 0x226e0    : c_jr a5                    : IntAlu : 
 101000: system.cpu: T0 : 0x227bc    : c_lw a5, 8(a0)             : MemRead :  D=0x0000000000000000 A=0x7fffffffffffffa8
 101500: system.cpu: T0 : 0x227be    : c_li a2, -1                : IntAlu :  D=0xffffffffffffffff
 102000: system.cpu: T0 : 0x227c0    : c_addi a0, 16              : IntAlu :  D=0x7fffffffffffffb0
 102500: system.cpu: T0 : 0x227c2    : c_sdsp a5, 80(sp)          : MemWrite :  D=0x0000000000000000 A=0x7ffffffffffffd60
 103000: system.cpu: T0 : 0x227c4    : c_li a5, 1                 : IntAlu :  D=0x0000000000000001
 103500: system.cpu: T0 : 0x227c6    : c_sdsp a5, 96(sp)          : MemWrite :  D=0x0000000000000001 A=0x7ffffffffffffd70
 104000: system.cpu: T0 : 0x227c8    : c_sdsp a5, 88(sp)          : MemWrite :  D=0x0000000000000001 A=0x7ffffffffffffd68
 104500: system.cpu: T0 : 0x227ca    : c_ld a5, 0(a0)             : MemRead :  D=0x0000000000000019 A=0x7fffffffffffffb0
 105000: system.cpu: T0 : 0x227cc    : c_bnez a5, -248            : IntAlu : 
 105500: system.cpu: T0 : 0x226d4    : c_addi a5, -3              : IntAlu :  D=0x0000000000000016
 106500: system.cpu: T0 : 0x226d6    : bltu a4, a5, 20            : IntAlu : 
 107000: system.cpu: T0 : 0x226da    : c_slli a5, 2               : IntAlu :  D=0x0000000000000058
 107500: system.cpu: T0 : 0x226dc    : c_add a5, a3               : IntAlu :  D=0x000000000004ffa8
 108000: system.cpu: T0 : 0x226de    : c_lw a5, 0(a5)             : MemRead :  D=0x00000000000227ac A=0x4ffa8
 108500: system.cpu: T0 : 0x226e0    : c_jr a5                    : IntAlu : 
 109000: system.cpu: T0 : 0x227ac    : c_ld a5, 8(a0)             : MemRead :  D=0x7fffffffffffffd8 A=0x7fffffffffffffb8
 109500: system.cpu: T0 : 0x227ae    : c_addi a0, 16              : IntAlu :  D=0x7fffffffffffffc0
 110000: system.cpu: T0 : 0x227b0    : c_sdsp a5, 104(sp)         : MemWrite :  D=0x7fffffffffffffd8 A=0x7ffffffffffffd78
 110500: system.cpu: T0 : 0x227b2    : c_li a5, 1                 : IntAlu :  D=0x0000000000000001
 111000: system.cpu: T0 : 0x227b4    : c_sdsp a5, 112(sp)         : MemWrite :  D=0x0000000000000001 A=0x7ffffffffffffd80
 111500: system.cpu: T0 : 0x227b6    : c_ld a5, 0(a0)             : MemRead :  D=0x0000000000000000 A=0x7fffffffffffffc0
 112000: system.cpu: T0 : 0x227b8    : c_bnez a5, -228            : IntAlu : 
 112500: system.cpu: T0 : 0x227ba    : c_j -202                   : IntAlu : 
 113000: system.cpu: T0 : 0x226f0    : bne t5, zero, 408          : IntAlu : 
 113500: system.cpu: T0 : 0x22888    : c_ldsp a5, 120(sp)         : MemRead :  D=0x0000000000001000 A=0x7ffffffffffffd88
 114500: system.cpu: T0 : 0x2288a    : sd a5, -1784(gp)           : MemWrite :  D=0x0000000000001000 A=0x70980
 115500: system.cpu: T0 : 0x2288e    : bne s5, zero, -406         : IntAlu : 
 116000: system.cpu: T0 : 0x22892    : c_j -406                   : IntAlu : 
 116500: system.cpu: T0 : 0x226fc    : beq s6, zero, 8            : IntAlu : 
 117000: system.cpu: T0 : 0x22700    : sd s9, -384(t0)            : MemWrite :  D=0x0000000000010040 A=0x71e80
 117500: system.cpu: T0 : 0x22704    : beq s8, zero, 8            : IntAlu : 
 118000: system.cpu: T0 : 0x22708    : sd s11, -328(t2)           : MemWrite :  D=0x0000000000000006 A=0x71eb8
 118500: system.cpu: T0 : 0x2270c    : beq s10, zero, 10          : IntAlu : 
 119000: system.cpu: T0 : 0x22716    : c_ldsp a5, 16(sp)          : MemRead :  D=0x0000000000000000 A=0x7ffffffffffffd20
 119500: system.cpu: T0 : 0x22718    : c_beqz a5, 8               : IntAlu : 
 120000: system.cpu: T0 : 0x22720    : c_ldsp a5, 40(sp)          : MemRead :  D=0x0000000000000000 A=0x7ffffffffffffd38
 120500: system.cpu: T0 : 0x22722    : c_beqz a5, 8               : IntAlu : 
 121000: system.cpu: T0 : 0x2272a    : c_ldsp a5, 56(sp)          : MemRead :  D=0x0000000000000000 A=0x7ffffffffffffd48
 121500: system.cpu: T0 : 0x2272c    : c_beqz a5, 8               : IntAlu : 
 122000: system.cpu: T0 : 0x22734    : c_ldsp a5, 72(sp)          : MemRead :  D=0x0000000000000000 A=0x7ffffffffffffd58
 122500: system.cpu: T0 : 0x22736    : c_beqz a5, 8               : IntAlu : 
 123000: system.cpu: T0 : 0x2273e    : c_ldsp a5, 88(sp)          : MemRead :  D=0x0000000000000001 A=0x7ffffffffffffd68
 123500: system.cpu: T0 : 0x22740    : c_beqz a5, 14              : IntAlu : 
 124000: system.cpu: T0 : 0x22742    : c_ldsp a5, 80(sp)          : MemRead :  D=0x0000000000000000 A=0x7ffffffffffffd60
 124500: system.cpu: T0 : 0x22744    : sw a5, -72(t3)             : MemWrite :  D=0x0000000000000000 A=0x6efb8
 125000: system.cpu: T0 : 0x22748    : c_ldsp a5, 96(sp)          : MemRead :  D=0x0000000000000001 A=0x7ffffffffffffd70
 126000: system.cpu: T0 : 0x2274a    : sw a5, -280(t1)            : MemWrite :  D=0x0000000000000001 A=0x71ee8
 126500: system.cpu: T0 : 0x2274e    : c_ldsp a5, 112(sp)         : MemRead :  D=0x0000000000000001 A=0x7ffffffffffffd80
 127000: system.cpu: T0 : 0x22750    : c_beqz a5, 8               : IntAlu : 
 127500: system.cpu: T0 : 0x22752    : c_ldsp a5, 104(sp)         : MemRead :  D=0x7fffffffffffffd8 A=0x7ffffffffffffd78
 128000: system.cpu: T0 : 0x22754    : sd a5, 0(a6)               : MemWrite :  D=0x7fffffffffffffd8 A=0x6ef80
 128500: system.cpu: T0 : 0x22758    : c_li a5, 15                : IntAlu :  D=0x000000000000000f
 129500: system.cpu: T0 : 0x2275a    : bne a2, a5, 22             : IntAlu : 
 130000: system.cpu: T0 : 0x22770    : c_ldsp s0, 216(sp)         : MemRead :  D=0x0000000000010d9c A=0x7ffffffffffffde8
 130500: system.cpu: T0 : 0x22772    : c_ldsp s1, 208(sp)         : MemRead :  D=0x0000000000010e2c A=0x7ffffffffffffde0
 131000: system.cpu: T0 : 0x22774    : c_ldsp s2, 200(sp)         : MemRead :  D=0x0000000000000000 A=0x7ffffffffffffdd8
 131500: system.cpu: T0 : 0x22776    : c_ldsp s3, 192(sp)         : MemRead :  D=0x0000000000000000 A=0x7ffffffffffffdd0
 132000: system.cpu: T0 : 0x22778    : c_ldsp s4, 184(sp)         : MemRead :  D=0x0000000000000000 A=0x7ffffffffffffdc8
 132500: system.cpu: T0 : 0x2277a    : c_ldsp s5, 176(sp)         : MemRead :  D=0x0000000000000000 A=0x7ffffffffffffdc0
 133000: system.cpu: T0 : 0x2277c    : c_ldsp s6, 168(sp)         : MemRead :  D=0x0000000000000000 A=0x7ffffffffffffdb8
 133500: system.cpu: T0 : 0x2277e    : c_ldsp s7, 160(sp)         : MemRead :  D=0x0000000000000000 A=0x7ffffffffffffdb0
 134000: system.cpu: T0 : 0x22780    : c_ldsp s8, 152(sp)         : MemRead :  D=0x0000000000000000 A=0x7ffffffffffffda8
 134500: system.cpu: T0 : 0x22782    : c_ldsp s9, 144(sp)         : MemRead :  D=0x0000000000000000 A=0x7ffffffffffffda0
 135000: system.cpu: T0 : 0x22784    : c_ldsp s10, 136(sp)        : MemRead :  D=0x0000000000000000 A=0x7ffffffffffffd98
 135500: system.cpu: T0 : 0x22786    : c_ldsp s11, 128(sp)        : MemRead :  D=0x0000000000000000 A=0x7ffffffffffffd90
 136000: system.cpu: T0 : 0x22788    : c_addi16sp sp, 224         : IntAlu :  D=0x7ffffffffffffdf0
 136500: system.cpu: T0 : 0x2278a    : c_jr ra                    : IntAlu : 
 137500: system.cpu: T0 : 0x1091e    : lui a5, 114                : IntAlu :  D=0x0000000000072000
 138500: system.cpu: T0 : 0x10922    : ld a4, -384(a5)            : MemRead :  D=0x0000000000010040 A=0x71e80
 139500: system.cpu: T0 : 0x10926    : beq a4, zero, 320          : IntAlu : 
 140500: system.cpu: T0 : 0x1092a    : jal ra, 75472              : IntAlu :  D=0x000000000001092e
 141500: system.cpu: T0 : 0x22ffa    : lui a5, 114                : IntAlu :  D=0x0000000000072000
 142500: system.cpu: T0 : 0x22ffe    : lw a5, -280(a5)            : MemRead :  D=0x0000000000000001 A=0x71ee8
 143000: system.cpu: T0 : 0x23002    : c_beqz a5, 4               : IntAlu : 
 143500: system.cpu: T0 : 0x23004    : c_jr ra                    : IntAlu : 
 144500: system.cpu: T0 : 0x1092e    : ld a0, -1360(gp)           : MemRead :  D=0x7fffffffffffff48 A=0x70b28
 145500: system.cpu: T0 : 0x10932    : jal ra, 71970              : IntAlu :  D=0x0000000000010936
 146000: system.cpu: T0 : 0x22254    : c_addi16sp sp, -128        : IntAlu :  D=0x7ffffffffffffd70
 146500: system.cpu: T0 : 0x22256    : c_sdsp s4, 80(sp)          : MemWrite :  D=0x0000000000000000 A=0x7ffffffffffffdc0
 147000: system.cpu: T0 : 0x22258    : lui s4, 111                : IntAlu :  D=0x000000000006f000
 147500: system.cpu: T0 : 0x2225c    : lw a5, -72(s4)             : MemRead :  D=0x0000000000000000 A=0x6efb8
 148000: system.cpu: T0 : 0x22260    : c_sdsp s7, 56(sp)          : MemWrite :  D=0x0000000000000000 A=0x7ffffffffffffda8
 148500: system.cpu: T0 : 0x22262    : c_sdsp ra, 120(sp)         : MemWrite :  D=0x0000000000010936 A=0x7ffffffffffffde8
 149000: system.cpu: T0 : 0x22264    : c_sdsp s0, 112(sp)         : MemWrite :  D=0x0000000000010d9c A=0x7ffffffffffffde0
 149500: system.cpu: T0 : 0x22266    : c_sdsp s1, 104(sp)         : MemWrite :  D=0x0000000000010e2c A=0x7ffffffffffffdd8
 150000: system.cpu: T0 : 0x22268    : c_sdsp s2, 96(sp)          : MemWrite :  D=0x0000000000000000 A=0x7ffffffffffffdd0
 150500: system.cpu: T0 : 0x2226a    : c_sdsp s3, 88(sp)          : MemWrite :  D=0x0000000000000000 A=0x7ffffffffffffdc8
 151000: system.cpu: T0 : 0x2226c    : c_sdsp s5, 72(sp)          : MemWrite :  D=0x0000000000000000 A=0x7ffffffffffffdb8
 151500: system.cpu: T0 : 0x2226e    : c_sdsp s6, 64(sp)          : MemWrite :  D=0x0000000000000000 A=0x7ffffffffffffdb0
 152000: system.cpu: T0 : 0x22270    : c_sdsp s8, 48(sp)          : MemWrite :  D=0x0000000000000000 A=0x7ffffffffffffda0
 152500: system.cpu: T0 : 0x22272    : c_sdsp s9, 40(sp)          : MemWrite :  D=0x0000000000000000 A=0x7ffffffffffffd98
 153000: system.cpu: T0 : 0x22274    : c_sdsp s10, 32(sp)         : MemWrite :  D=0x0000000000000000 A=0x7ffffffffffffd90
 153500: system.cpu: T0 : 0x22276    : c_sdsp s11, 24(sp)         : MemWrite :  D=0x0000000000000000 A=0x7ffffffffffffd88
 154000: system.cpu: T0 : 0x22278    : c_mv s7, a0                : IntAlu :  D=0x7fffffffffffff48
 155000: system.cpu: T0 : 0x2227a    : bne a5, zero, 750          : IntAlu : 
 156000: system.cpu: T0 : 0x2227e    : lui s0, 111                : IntAlu :  D=0x000000000006f000
 157000: system.cpu: T0 : 0x22282    : addi s3, zero, 61          : IntAlu :  D=0x000000000000003d
 158000: system.cpu: T0 : 0x22286    : lui s1, 80                 : IntAlu :  D=0x0000000000050000
 159000: system.cpu: T0 : 0x2228a    : addi s6, s0, -1248         : IntAlu :  D=0x000000000006eb20
 160000: system.cpu: T0 : 0x2228e    : beq s7, zero, 166          : IntAlu : 
 160500: system.cpu: T0 : 0x22292    : c_mv a3, s7                : IntAlu :  D=0x7fffffffffffff48
 161000: system.cpu: T0 : 0x22294    : ld s9, 0(a3)               : MemRead :  D=0x0000000000000000 A=0x7fffffffffffff48
 161500: system.cpu: T0 : 0x22298    : c_mv s5, a3                : IntAlu :  D=0x7fffffffffffff48
 162500: system.cpu: T0 : 0x2229a    : beq s9, zero, 154          : IntAlu : 
 163000: system.cpu: T0 : 0x22334    : c_ldsp ra, 120(sp)         : MemRead :  D=0x0000000000010936 A=0x7ffffffffffffde8
 163500: system.cpu: T0 : 0x22336    : c_ldsp s0, 112(sp)         : MemRead :  D=0x0000000000010d9c A=0x7ffffffffffffde0
 164000: system.cpu: T0 : 0x22338    : c_ldsp s1, 104(sp)         : MemRead :  D=0x0000000000010e2c A=0x7ffffffffffffdd8
 164500: system.cpu: T0 : 0x2233a    : c_ldsp s2, 96(sp)          : MemRead :  D=0x0000000000000000 A=0x7ffffffffffffdd0
 165000: system.cpu: T0 : 0x2233c    : c_ldsp s3, 88(sp)          : MemRead :  D=0x0000000000000000 A=0x7ffffffffffffdc8
 165500: system.cpu: T0 : 0x2233e    : c_ldsp s4, 80(sp)          : MemRead :  D=0x0000000000000000 A=0x7ffffffffffffdc0
 166000: system.cpu: T0 : 0x22340    : c_ldsp s5, 72(sp)          : MemRead :  D=0x0000000000000000 A=0x7ffffffffffffdb8
 166500: system.cpu: T0 : 0x22342    : c_ldsp s6, 64(sp)          : MemRead :  D=0x0000000000000000 A=0x7ffffffffffffdb0
 167000: system.cpu: T0 : 0x22344    : c_ldsp s7, 56(sp)          : MemRead :  D=0x0000000000000000 A=0x7ffffffffffffda8
 167500: system.cpu: T0 : 0x22346    : c_ldsp s8, 48(sp)          : MemRead :  D=0x0000000000000000 A=0x7ffffffffffffda0
 168000: system.cpu: T0 : 0x22348    : c_ldsp s9, 40(sp)          : MemRead :  D=0x0000000000000000 A=0x7ffffffffffffd98
 168500: system.cpu: T0 : 0x2234a    : c_ldsp s10, 32(sp)         : MemRead :  D=0x0000000000000000 A=0x7ffffffffffffd90
 169000: system.cpu: T0 : 0x2234c    : c_ldsp s11, 24(sp)         : MemRead :  D=0x0000000000000000 A=0x7ffffffffffffd88
 169500: system.cpu: T0 : 0x2234e    : c_addi16sp sp, 128         : IntAlu :  D=0x7ffffffffffffdf0
 170000: system.cpu: T0 : 0x22350    : c_jr ra                    : IntAlu : 
 171000: system.cpu: T0 : 0x10936    : jal ra, 664                : IntAlu :  D=0x000000000001093a
 171500: system.cpu: T0 : 0x10bce    : c_addi16sp sp, -128        : IntAlu :  D=0x7ffffffffffffd70
 172000: system.cpu: T0 : 0x10bd0    : lui a5, 114                : IntAlu :  D=0x0000000000072000
 172500: system.cpu: T0 : 0x10bd4    : c_sdsp s0, 112(sp)         : MemWrite :  D=0x0000000000010d9c A=0x7ffffffffffffde0
 173500: system.cpu: T0 : 0x10bd6    : ld s0, -384(a5)            : MemRead :  D=0x0000000000010040 A=0x71e80
 174000: system.cpu: T0 : 0x10bda    : c_sdsp s3, 88(sp)          : MemWrite :  D=0x0000000000000000 A=0x7ffffffffffffdc8
 174500: system.cpu: T0 : 0x10bdc    : lui a5, 112                : IntAlu :  D=0x0000000000070000
 175000: system.cpu: T0 : 0x10be0    : c_sdsp ra, 120(sp)         : MemWrite :  D=0x000000000001093a A=0x7ffffffffffffde8
 175500: system.cpu: T0 : 0x10be2    : c_sdsp s1, 104(sp)         : MemWrite :  D=0x0000000000010e2c A=0x7ffffffffffffdd8
 176000: system.cpu: T0 : 0x10be4    : c_sdsp s2, 96(sp)          : MemWrite :  D=0x0000000000000000 A=0x7ffffffffffffdd0
 176500: system.cpu: T0 : 0x10be6    : c_sdsp s4, 80(sp)          : MemWrite :  D=0x0000000000000000 A=0x7ffffffffffffdc0
 177000: system.cpu: T0 : 0x10be8    : c_sdsp s5, 72(sp)          : MemWrite :  D=0x0000000000000000 A=0x7ffffffffffffdb8
 177500: system.cpu: T0 : 0x10bea    : c_sdsp s6, 64(sp)          : MemWrite :  D=0x0000000000000000 A=0x7ffffffffffffdb0
 178000: system.cpu: T0 : 0x10bec    : c_sdsp s7, 56(sp)          : MemWrite :  D=0x0000000000000000 A=0x7ffffffffffffda8
 178500: system.cpu: T0 : 0x10bee    : c_sdsp s8, 48(sp)          : MemWrite :  D=0x0000000000000000 A=0x7ffffffffffffda0
 179000: system.cpu: T0 : 0x10bf0    : c_sdsp s9, 40(sp)          : MemWrite :  D=0x0000000000000000 A=0x7ffffffffffffd98
 179500: system.cpu: T0 : 0x10bf2    : c_sdsp s10, 32(sp)         : MemWrite :  D=0x0000000000000000 A=0x7ffffffffffffd90
 180000: system.cpu: T0 : 0x10bf4    : c_sdsp s11, 24(sp)         : MemWrite :  D=0x0000000000000000 A=0x7ffffffffffffd88
 181000: system.cpu: T0 : 0x10bf6    : ld s3, 896(a5)             : MemRead :  D=0x000000000006feb0 A=0x70380
 182000: system.cpu: T0 : 0x10bfa    : beq s0, zero, 368          : IntAlu : 
 183000: system.cpu: T0 : 0x10bfe    : lui a5, 114                : IntAlu :  D=0x0000000000072000
 184000: system.cpu: T0 : 0x10c02    : ld a5, -328(a5)            : MemRead :  D=0x0000000000000006 A=0x71eb8
 185000: system.cpu: T0 : 0x10c06    : slli a4, a5, 3             : IntAlu :  D=0x0000000000000030
 185500: system.cpu: T0 : 0x10c0a    : c_sub a4, a5               : IntAlu :  D=0x000000000000002a
 186000: system.cpu: T0 : 0x10c0c    : c_slli a4, 3               : IntAlu :  D=0x0000000000000150
 186500: system.cpu: T0 : 0x10c0e    : c_add a4, s0               : IntAlu :  D=0x0000000000010190
 187000: system.cpu: T0 : 0x10c10    : bgeu s0, a4, 322           : IntAlu : 
 187500: system.cpu: T0 : 0x10c14    : c_li a3, 7                 : IntAlu :  D=0x0000000000000007
 188000: system.cpu: T0 : 0x10c16    : c_j 10                     : IntAlu : 
 188500: system.cpu: T0 : 0x10c20    : c_lw a5, 0(s0)             : MemRead :  D=0x0000000000000001 A=0x10040
 189500: system.cpu: T0 : 0x10c22    : bne a5, a3, -10            : IntAlu : 
 190000: system.cpu: T0 : 0x10c18    : addi s0, s0, 56            : IntAlu :  D=0x0000000000010078
 190500: system.cpu: T0 : 0x10c1c    : bgeu s0, a4, 310           : IntAlu : 
 191000: system.cpu: T0 : 0x10c20    : c_lw a5, 0(s0)             : MemRead :  D=0x0000000000000001 A=0x10078
 192000: system.cpu: T0 : 0x10c22    : bne a5, a3, -10            : IntAlu : 
 192500: system.cpu: T0 : 0x10c18    : addi s0, s0, 56            : IntAlu :  D=0x00000000000100b0
 193000: system.cpu: T0 : 0x10c1c    : bgeu s0, a4, 310           : IntAlu : 
 193500: system.cpu: T0 : 0x10c20    : c_lw a5, 0(s0)             : MemRead :  D=0x0000000000000004 A=0x100b0
 194500: system.cpu: T0 : 0x10c22    : bne a5, a3, -10            : IntAlu : 
 195000: system.cpu: T0 : 0x10c18    : addi s0, s0, 56            : IntAlu :  D=0x00000000000100e8
 195500: system.cpu: T0 : 0x10c1c    : bgeu s0, a4, 310           : IntAlu : 
 196000: system.cpu: T0 : 0x10c20    : c_lw a5, 0(s0)             : MemRead :  D=0x0000000000000007 A=0x100e8
 197000: system.cpu: T0 : 0x10c22    : bne a5, a3, -10            : IntAlu : 
 198000: system.cpu: T0 : 0x10c26    : ld s5, 48(s0)              : MemRead :  D=0x0000000000000008 A=0x10118
 199000: system.cpu: T0 : 0x10c2a    : ld a1, 0(s3)               : MemRead :  D=0x0000000000000000 A=0x6feb0
 199500: system.cpu: T0 : 0x10c2e    : c_ld a4, 16(s0)            : MemRead :  D=0x000000000006ead0 A=0x100f8
 200000: system.cpu: T0 : 0x10c30    : c_li a5, 16                : IntAlu :  D=0x0000000000000010
 201000: system.cpu: T0 : 0x10c32    : ld s10, 40(s0)             : MemRead :  D=0x0000000000000060 A=0x10110
 202000: system.cpu: T0 : 0x10c36    : ld s4, 32(s0)              : MemRead :  D=0x0000000000000020 A=0x10108
 202500: system.cpu: T0 : 0x10c3a    : c_mv s8, s5                : IntAlu :  D=0x0000000000000008
 203000: system.cpu: T0 : 0x10c3c    : add s0, a1, a4             : IntAlu :  D=0x000000000006ead0
 203500: system.cpu: T0 : 0x10c40    : bltu s5, a5, 260           : IntAlu : 
 204000: system.cpu: T0 : 0x10d44    : c_li s8, 16                : IntAlu :  D=0x0000000000000010
 205000: system.cpu: T0 : 0x10d46    : addi a4, s8, -1            : IntAlu :  D=0x000000000000000f
 205500: system.cpu: T0 : 0x10d4a    : c_mv s9, s5                : IntAlu :  D=0x0000000000000008
 206000: system.cpu: T0 : 0x10d4c    : bne s5, zero, -254         : IntAlu : 
 207000: system.cpu: T0 : 0x10c4e    : sub s11, zero, s8          : IntAlu :  D=0xfffffffffffffff0
 208000: system.cpu: T0 : 0x10c52    : beq s5, zero, 302          : IntAlu : 
 209000: system.cpu: T0 : 0x10c56    : addi s2, s5, -1            : IntAlu :  D=0x0000000000000007
 210000: system.cpu: T0 : 0x10c5a    : divu a5, s2, s9            : IntDiv :  D=0x0000000000000000
 210500: system.cpu: T0 : 0x10c5e    : c_add s2, s10              : IntAlu :  D=0x0000000000000067
 211000: system.cpu: T0 : 0x10c60    : mul s7, a5, s9             : IntMult :  D=0x0000000000000000
 211500: system.cpu: T0 : 0x10c64    : c_mv a5, s7                : IntAlu :  D=0x0000000000000000
 212500: system.cpu: T0 : 0x10c66    : ld a0, -1968(gp)           : MemRead :  D=0x0000000000000800 A=0x708c8
 213000: system.cpu: T0 : 0x10c6a    : c_sdsp a5, 8(sp)           : MemWrite :  D=0x0000000000000000 A=0x7ffffffffffffd78
 213500: system.cpu: T0 : 0x10c6c    : c_sdsp a4, 0(sp)           : MemWrite :  D=0x000000000000000f A=0x7ffffffffffffd70
 214500: system.cpu: T0 : 0x10c6e    : addi a0, a0, 1808          : IntAlu :  D=0x0000000000000f10
 215000: system.cpu: T0 : 0x10c72    : c_add a0, s10              : IntAlu :  D=0x0000000000000f70
 215500: system.cpu: T0 : 0x10c74    : c_add a0, s8               : IntAlu :  D=0x0000000000000f80
 216000: system.cpu: T0 : 0x10c76    : c_add a0, s7               : IntAlu :  D=0x0000000000000f80
 216500: system.cpu: T0 : 0x10c78    : jal ra, 67208              : IntAlu :  D=0x0000000000010c7c
 217000: system.cpu: T0 : 0x21300    : c_addi sp, -32             : IntAlu :  D=0x7ffffffffffffd50
 217500: system.cpu: T0 : 0x21302    : c_sdsp s2, 0(sp)           : MemWrite :  D=0x0000000000000067 A=0x7ffffffffffffd50
 218000: system.cpu: T0 : 0x21304    : c_sdsp s1, 8(sp)           : MemWrite :  D=0x0000000000010e2c A=0x7ffffffffffffd58
 219000: system.cpu: T0 : 0x21306    : ld s1, -1200(gp)           : MemRead :  D=0x0000000000000000 A=0x70bc8
 219500: system.cpu: T0 : 0x2130a    : c_sdsp s0, 16(sp)          : MemWrite :  D=0x000000000006ead0 A=0x7ffffffffffffd60
 220000: system.cpu: T0 : 0x2130c    : c_sdsp ra, 24(sp)          : MemWrite :  D=0x0000000000010c7c A=0x7ffffffffffffd68
 220500: system.cpu: T0 : 0x2130e    : c_mv s0, a0                : IntAlu :  D=0x0000000000000f80
 221000: system.cpu: T0 : 0x21310    : c_beqz s1, 46              : IntAlu : 
 221500: system.cpu: T0 : 0x2133e    : c_li a0, 0                 : IntAlu :  D=0x0000000000000000
 222000: system.cpu: T0 : 0x21340    : jal ra, 98418              : IntAlu :  D=0x0000000000021344
 222500: system.cpu: T0 : 0x393b2    : c_mv a5, a0                : IntAlu :  D=0x0000000000000000
 223000: system.cpu: T0 : 0x393b4    : addi a7, zero, 214         : IntAlu :  D=0x00000000000000d6
 223500: system.cpu: T0 : 0x393b8    : ecall                      : No_OpClass : 
 224000: system.cpu: T0 : 0x393bc    : sd a0, -1200(gp)           : MemWrite :  D=0x0000000000072000 A=0x70bc8
 224500: system.cpu: T0 : 0x393c0    : bltu a0, a5, 8             : IntAlu : 
 225000: system.cpu: T0 : 0x393c4    : c_li a0, 0                 : IntAlu :  D=0x0000000000000000
 225500: system.cpu: T0 : 0x393c6    : c_jr ra                    : IntAlu : 
 226000: system.cpu: T0 : 0x21344    : blt a0, zero, -22          : IntAlu : 
 226500: system.cpu: T0 : 0x21348    : ld s1, -1200(gp)           : MemRead :  D=0x0000000000072000 A=0x70bc8
 227000: system.cpu: T0 : 0x2134c    : c_j -52                    : IntAlu : 
 227500: system.cpu: T0 : 0x21318    : c_beqz s0, 24              : IntAlu : 
 228500: system.cpu: T0 : 0x2131a    : bge zero, s0, 52           : IntAlu : 
 229500: system.cpu: T0 : 0x2131e    : add a5, s0, s1             : IntAlu :  D=0x0000000000072f80
 230500: system.cpu: T0 : 0x21322    : sltu a5, a5, s1            : IntAlu :  D=0x0000000000000000
 231000: system.cpu: T0 : 0x21326    : c_beqz a5, 50              : IntAlu : 
 231500: system.cpu: T0 : 0x21358    : add a0, s1, s0             : IntAlu :  D=0x0000000000072f80
 232000: system.cpu: T0 : 0x2135c    : jal ra, 98390              : IntAlu :  D=0x0000000000021360
 232500: system.cpu: T0 : 0x393b2    : c_mv a5, a0                : IntAlu :  D=0x0000000000072f80
 233000: system.cpu: T0 : 0x393b4    : addi a7, zero, 214         : IntAlu :  D=0x00000000000000d6
 233500: system.cpu: T0 : 0x393b8    : ecall                      : No_OpClass : 
 234000: system.cpu: T0 : 0x393bc    : sd a0, -1200(gp)           : MemWrite :  D=0x0000000000072f80 A=0x70bc8
 234500: system.cpu: T0 : 0x393c0    : bltu a0, a5, 8             : IntAlu : 
 235000: system.cpu: T0 : 0x393c4    : c_li a0, 0                 : IntAlu :  D=0x0000000000000000
 235500: system.cpu: T0 : 0x393c6    : c_jr ra                    : IntAlu : 
 236000: system.cpu: T0 : 0x21360    : blt a0, zero, -50          : IntAlu : 
 236500: system.cpu: T0 : 0x21364    : c_ldsp ra, 24(sp)          : MemRead :  D=0x0000000000010c7c A=0x7ffffffffffffd68
 237000: system.cpu: T0 : 0x21366    : c_ldsp s0, 16(sp)          : MemRead :  D=0x000000000006ead0 A=0x7ffffffffffffd60
 237500: system.cpu: T0 : 0x21368    : c_ldsp s2, 0(sp)           : MemRead :  D=0x0000000000000067 A=0x7ffffffffffffd50
 238000: system.cpu: T0 : 0x2136a    : c_mv a0, s1                : IntAlu :  D=0x0000000000072000
 238500: system.cpu: T0 : 0x2136c    : c_ldsp s1, 8(sp)           : MemRead :  D=0x0000000000010e2c A=0x7ffffffffffffd58
 239000: system.cpu: T0 : 0x2136e    : c_addi16sp sp, 32          : IntAlu :  D=0x7ffffffffffffd70
 239500: system.cpu: T0 : 0x21370    : c_jr ra                    : IntAlu : 
 240000: system.cpu: T0 : 0x10c7c    : divu s2, s2, s9            : IntDiv :  D=0x000000000000000c
 240500: system.cpu: T0 : 0x10c80    : c_ldsp a4, 0(sp)           : MemRead :  D=0x000000000000000f A=0x7ffffffffffffd70
 241000: system.cpu: T0 : 0x10c82    : c_ldsp a5, 8(sp)           : MemRead :  D=0x0000000000000000 A=0x7ffffffffffffd78
 241500: system.cpu: T0 : 0x10c84    : addi s1, a0, 1808          : IntAlu :  D=0x0000000000072710
 242000: system.cpu: T0 : 0x10c88    : c_add s1, a4               : IntAlu :  D=0x000000000007271f
 243000: system.cpu: T0 : 0x10c8a    : and s1, s1, s11            : IntAlu :  D=0x0000000000072710
 244000: system.cpu: T0 : 0x10c8e    : lui a4, 114                : IntAlu :  D=0x0000000000072000
 245000: system.cpu: T0 : 0x10c92    : addi a4, a4, -1600         : IntAlu :  D=0x00000000000719c0
 246000: system.cpu: T0 : 0x10c96    : add a0, s1, s7             : IntAlu :  D=0x0000000000072710
 247000: system.cpu: T0 : 0x10c9a    : sd a5, 1088(s3)            : MemWrite :  D=0x0000000000000000 A=0x702f0
 248000: system.cpu: T0 : 0x10c9e    : addi a5, zero, 62          : IntAlu :  D=0x000000000000003e
 248500: system.cpu: T0 : 0x10ca2    : c_mv a2, s4                : IntAlu :  D=0x0000000000000020
 249000: system.cpu: T0 : 0x10ca4    : c_sd a5, 0(a4)             : MemWrite :  D=0x000000000000003e A=0x719c0
 249500: system.cpu: T0 : 0x10ca6    : c_mv a1, s0                : IntAlu :  D=0x000000000006ead0
 250000: system.cpu: T0 : 0x10ca8    : c_sd a0, 32(a4)            : MemWrite :  D=0x0000000000072710 A=0x719e0
 251000: system.cpu: T0 : 0x10caa    : sd zero, 40(a4)            : MemWrite :  D=0x0000000000000000 A=0x719e8
 252000: system.cpu: T0 : 0x10cae    : jal ra, 61670              : IntAlu :  D=0x0000000000010cb2
 252500: system.cpu: T0 : 0x1fd94    : c_addi16sp sp, -48         : IntAlu :  D=0x7ffffffffffffd40
 253000: system.cpu: T0 : 0x1fd96    : c_sdsp s0, 32(sp)          : MemWrite :  D=0x000000000006ead0 A=0x7ffffffffffffd60
 253500: system.cpu: T0 : 0x1fd98    : c_sdsp s2, 16(sp)          : MemWrite :  D=0x000000000000000c A=0x7ffffffffffffd50
 254000: system.cpu: T0 : 0x1fd9a    : c_sdsp ra, 40(sp)          : MemWrite :  D=0x0000000000010cb2 A=0x7ffffffffffffd68
 254500: system.cpu: T0 : 0x1fd9c    : c_sdsp s1, 24(sp)          : MemWrite :  D=0x0000000000072710 A=0x7ffffffffffffd58
 255000: system.cpu: T0 : 0x1fd9e    : c_sdsp s3, 8(sp)           : MemWrite :  D=0x000000000006feb0 A=0x7ffffffffffffd48
 255500: system.cpu: T0 : 0x1fda0    : c_li a5, 15                : IntAlu :  D=0x000000000000000f
 256000: system.cpu: T0 : 0x1fda2    : c_mv s2, a0                : IntAlu :  D=0x0000000000072710
 256500: system.cpu: T0 : 0x1fda4    : c_mv a4, a0                : IntAlu :  D=0x0000000000072710
 257000: system.cpu: T0 : 0x1fda6    : c_mv s0, a1                : IntAlu :  D=0x000000000006ead0
 257500: system.cpu: T0 : 0x1fda8    : bgeu a5, a2, 72            : IntAlu : 
 258000: system.cpu: T0 : 0x1fdac    : sub a0, zero, a0           : IntAlu :  D=0xfffffffffff8d8f0
 258500: system.cpu: T0 : 0x1fdb0    : c_andi a0, 7               : IntAlu :  D=0x0000000000000000
 259500: system.cpu: T0 : 0x1fdb2    : sub s1, a2, a0             : IntAlu :  D=0x0000000000000020
 260000: system.cpu: T0 : 0x1fdb6    : c_beqz a0, 110             : IntAlu : 
 260500: system.cpu: T0 : 0x1fe24    : c_mv s3, s2                : IntAlu :  D=0x0000000000072710
 261000: system.cpu: T0 : 0x1fe26    : c_j -84                    : IntAlu : 
 262000: system.cpu: T0 : 0x1fdd2    : andi a5, s0, 7             : IntAlu :  D=0x0000000000000000
 263000: system.cpu: T0 : 0x1fdd6    : srli a2, s1, 3             : IntAlu :  D=0x0000000000000004
 263500: system.cpu: T0 : 0x1fdda    : c_mv a1, s0                : IntAlu :  D=0x000000000006ead0
 264000: system.cpu: T0 : 0x1fddc    : c_mv a0, s3                : IntAlu :  D=0x0000000000072710
 264500: system.cpu: T0 : 0x1fdde    : c_bnez a5, 64              : IntAlu : 
 265000: system.cpu: T0 : 0x1fde0    : jal ra, 72                 : IntAlu :  D=0x000000000001fde4
 265500: system.cpu: T0 : 0x1fe28    : andi a5, a2, 7             : IntAlu :  D=0x0000000000000004
 266000: system.cpu: T0 : 0x1fe2c    : lui a4, 79                 : IntAlu :  D=0x000000000004f000
 266500: system.cpu: T0 : 0x1fe30    : c_slli a5, 2               : IntAlu :  D=0x0000000000000010
 267500: system.cpu: T0 : 0x1fe32    : addi a4, a4, 872           : IntAlu :  D=0x000000000004f368
 268000: system.cpu: T0 : 0x1fe36    : c_add a5, a4               : IntAlu :  D=0x000000000004f378
 268500: system.cpu: T0 : 0x1fe38    : c_lw a5, 0(a5)             : MemRead :  D=0x000000000001fed2 A=0x4f378
 269000: system.cpu: T0 : 0x1fe3a    : c_jr a5                    : IntAlu : 
 270000: system.cpu: T0 : 0x1fed2    : ld a6, 0(a1)               : MemRead :  D=0x00000000000706c8 A=0x6ead0
 270500: system.cpu: T0 : 0x1fed6    : c_mv a3, a0                : IntAlu :  D=0x0000000000072710
 271000: system.cpu: T0 : 0x1fed8    : c_addi a1, -32             : IntAlu :  D=0x000000000006eab0
 272000: system.cpu: T0 : 0x1feda    : addi a5, a0, -40           : IntAlu :  D=0x00000000000726e8
 272500: system.cpu: T0 : 0x1fede    : c_addi a2, 4               : IntAlu :  D=0x0000000000000008
 273000: system.cpu: T0 : 0x1fee0    : c_j -124                   : IntAlu : 
 273500: system.cpu: T0 : 0x1fe64    : c_ld a4, 40(a1)            : MemRead :  D=0x00000000000706c8 A=0x6ead8
 274500: system.cpu: T0 : 0x1fe66    : addi a0, a5, 48            : IntAlu :  D=0x0000000000072718
 275500: system.cpu: T0 : 0x1fe6a    : sd a6, 0(a3)               : MemWrite :  D=0x00000000000706c8 A=0x72710
 276500: system.cpu: T0 : 0x1fe6a    : sd a6, 0(a3)               : MemWrite :  D=0x00000000000706c8 A=0x72710
 277500: system.cpu: T0 : 0x1fe6e    : ld a6, 48(a1)              : MemRead :  D=0x00000000000706d0 A=0x6eae0
 278500: system.cpu: T0 : 0x1fe72    : addi a3, a5, 56            : IntAlu :  D=0x0000000000072720
 279000: system.cpu: T0 : 0x1fe76    : c_sd a4, 0(a0)             : MemWrite :  D=0x00000000000706c8 A=0x72718
 279500: system.cpu: T0 : 0x1fe78    : c_ld a4, 56(a1)            : MemRead :  D=0x00000000000706e8 A=0x6eae8
 280500: system.cpu: T0 : 0x1fe7a    : addi a5, a5, 64            : IntAlu :  D=0x0000000000072728
 281500: system.cpu: T0 : 0x1fe7e    : sd a6, 0(a3)               : MemWrite :  D=0x00000000000706d0 A=0x72720
 282000: system.cpu: T0 : 0x1fe82    : c_addi a2, -8              : IntAlu :  D=0x0000000000000000
 282500: system.cpu: T0 : 0x1fe84    : c_mv a0, a5                : IntAlu :  D=0x0000000000072728
 283500: system.cpu: T0 : 0x1fe86    : addi a1, a1, 64            : IntAlu :  D=0x000000000006eaf0
 284000: system.cpu: T0 : 0x1fe8a    : c_beqz a2, 24              : IntAlu : 
 284500: system.cpu: T0 : 0x1fea2    : c_sd a4, 0(a0)             : MemWrite :  D=0x00000000000706e8 A=0x72728
 285000: system.cpu: T0 : 0x1fea4    : c_jr ra                    : IntAlu : 
 285500: system.cpu: T0 : 0x1fde4    : andi a4, s1, 18446744073709551608 : IntAlu :  D=0x0000000000000020
 286000: system.cpu: T0 : 0x1fde8    : c_add s0, a4               : IntAlu :  D=0x000000000006eaf0
 287000: system.cpu: T0 : 0x1fdea    : andi a2, s1, 7             : IntAlu :  D=0x0000000000000000
 287500: system.cpu: T0 : 0x1fdee    : c_add a4, s3               : IntAlu :  D=0x0000000000072730
 288000: system.cpu: T0 : 0x1fdf0    : c_addi a4, -1              : IntAlu :  D=0x000000000007272f
 288500: system.cpu: T0 : 0x1fdf2    : c_mv a5, s0                : IntAlu :  D=0x000000000006eaf0
 289000: system.cpu: T0 : 0x1fdf4    : add a1, a2, s0             : IntAlu :  D=0x000000000006eaf0
 289500: system.cpu: T0 : 0x1fdf8    : c_sub a4, s0               : IntAlu :  D=0x0000000000003c3f
 290000: system.cpu: T0 : 0x1fdfa    : c_beqz a2, 20              : IntAlu : 
 290500: system.cpu: T0 : 0x1fe0e    : c_ldsp ra, 40(sp)          : MemRead :  D=0x0000000000010cb2 A=0x7ffffffffffffd68
 291000: system.cpu: T0 : 0x1fe10    : c_ldsp s0, 32(sp)          : MemRead :  D=0x000000000006ead0 A=0x7ffffffffffffd60
 291500: system.cpu: T0 : 0x1fe12    : c_ldsp s1, 24(sp)          : MemRead :  D=0x0000000000072710 A=0x7ffffffffffffd58
 292000: system.cpu: T0 : 0x1fe14    : c_ldsp s3, 8(sp)           : MemRead :  D=0x000000000006feb0 A=0x7ffffffffffffd48
 292500: system.cpu: T0 : 0x1fe16    : c_mv a0, s2                : IntAlu :  D=0x0000000000072710
 293000: system.cpu: T0 : 0x1fe18    : c_ldsp s2, 16(sp)          : MemRead :  D=0x000000000000000c A=0x7ffffffffffffd50
 293500: system.cpu: T0 : 0x1fe1a    : c_addi16sp sp, 48          : IntAlu :  D=0x7ffffffffffffd70
 294000: system.cpu: T0 : 0x1fe1c    : c_jr ra                    : IntAlu : 
 295000: system.cpu: T0 : 0x10cb2    : lui a5, 114                : IntAlu :  D=0x0000000000072000
 296000: system.cpu: T0 : 0x10cb6    : addi a5, a5, -1584         : IntAlu :  D=0x00000000000719d0
 297000: system.cpu: T0 : 0x10cba    : ld a4, -1968(gp)           : MemRead :  D=0x0000000000000800 A=0x708c8
 298000: system.cpu: T0 : 0x10cbe    : addi a3, gp, -960          : IntAlu :  D=0x0000000000070cb8
 299000: system.cpu: T0 : 0x10cc2    : sd a5, -16(s1)             : MemWrite :  D=0x00000000000719d0 A=0x72700
 300000: system.cpu: T0 : 0x10cc6    : addi a2, zero, 64          : IntAlu :  D=0x0000000000000040
 300500: system.cpu: T0 : 0x10cca    : c_li a5, 1                 : IntAlu :  D=0x0000000000000001
 301000: system.cpu: T0 : 0x10ccc    : c_sd a2, 0(a3)             : MemWrite :  D=0x0000000000000040 A=0x70cb8
 302000: system.cpu: T0 : 0x10cce    : lui a2, 114                : IntAlu :  D=0x0000000000072000
 303000: system.cpu: T0 : 0x10cd2    : sd a5, -1608(a2)           : MemWrite :  D=0x0000000000000001 A=0x719b8
 304000: system.cpu: T0 : 0x10cd6    : lui a2, 114                : IntAlu :  D=0x0000000000072000
 305000: system.cpu: T0 : 0x10cda    : sd s3, 40(a3)              : MemWrite :  D=0x000000000006feb0 A=0x70ce0
 306000: system.cpu: T0 : 0x10cde    : sd a3, -576(a2)            : MemWrite :  D=0x0000000000070cb8 A=0x71dc0
 307000: system.cpu: T0 : 0x10ce2    : lui a3, 114                : IntAlu :  D=0x0000000000072000
 308000: system.cpu: T0 : 0x10ce6    : sd s8, -1616(a3)           : MemWrite :  D=0x0000000000000010 A=0x719b0
 309000: system.cpu: T0 : 0x10cea    : lui a3, 114                : IntAlu :  D=0x0000000000072000
 310000: system.cpu: T0 : 0x10cee    : sd a5, 1096(s3)            : MemWrite :  D=0x0000000000000001 A=0x702f8
 311000: system.cpu: T0 : 0x10cf2    : sd a5, -552(a3)            : MemWrite :  D=0x0000000000000001 A=0x71dd8
 311500: system.cpu: T0 : 0x10cf6    : c_addi a4, 15              : IntAlu :  D=0x000000000000080f
 312000: system.cpu: T0 : 0x10cf8    : sd s0, 1048(s3)            : MemWrite :  D=0x000000000006ead0 A=0x702c8
 312500: system.cpu: T0 : 0x10cfc    : c_ldsp ra, 120(sp)         : MemRead :  D=0x000000000001093a A=0x7ffffffffffffde8
 313000: system.cpu: T0 : 0x10cfe    : c_ldsp s0, 112(sp)         : MemRead :  D=0x0000000000010d9c A=0x7ffffffffffffde0
 313500: system.cpu: T0 : 0x10d00    : sd s5, 1072(s3)            : MemWrite :  D=0x0000000000000008 A=0x702e0
 314000: system.cpu: T0 : 0x10d04    : sd s10, 1064(s3)           : MemWrite :  D=0x0000000000000060 A=0x702d8
 314500: system.cpu: T0 : 0x10d08    : sd s4, 1056(s3)            : MemWrite :  D=0x0000000000000020 A=0x702d0
 315000: system.cpu: T0 : 0x10d0c    : c_ldsp s5, 72(sp)          : MemRead :  D=0x0000000000000000 A=0x7ffffffffffffdb8
 315500: system.cpu: T0 : 0x10d0e    : c_ldsp s3, 88(sp)          : MemRead :  D=0x0000000000000000 A=0x7ffffffffffffdc8
 316000: system.cpu: T0 : 0x10d10    : c_ldsp s4, 80(sp)          : MemRead :  D=0x0000000000000000 A=0x7ffffffffffffdc0
 316500: system.cpu: T0 : 0x10d12    : c_ldsp s8, 48(sp)          : MemRead :  D=0x0000000000000000 A=0x7ffffffffffffda0
 317000: system.cpu: T0 : 0x10d14    : c_ldsp s10, 32(sp)         : MemRead :  D=0x0000000000000000 A=0x7ffffffffffffd90
 317500: system.cpu: T0 : 0x10d16    : c_ldsp s11, 24(sp)         : MemRead :  D=0x0000000000000000 A=0x7ffffffffffffd88
 318000: system.cpu: T0 : 0x10d18    : c_mv tp, s1                : IntAlu :  D=0x0000000000072710
 318500: system.cpu: T0 : 0x10d1a    : c_ldsp s1, 104(sp)         : MemRead :  D=0x0000000000010e2c A=0x7ffffffffffffdd8
 319000: system.cpu: T0 : 0x10d1c    : mul s2, s2, s9             : IntMult :  D=0x0000000000000060
 319500: system.cpu: T0 : 0x10d20    : c_ldsp s9, 40(sp)          : MemRead :  D=0x0000000000000000 A=0x7ffffffffffffd98
 320500: system.cpu: T0 : 0x10d22    : add a5, s2, s7             : IntAlu :  D=0x0000000000000060
 321000: system.cpu: T0 : 0x10d26    : c_add a4, a5               : IntAlu :  D=0x000000000000086f
 321500: system.cpu: T0 : 0x10d28    : c_andi a4, 18446744073709551600 : IntAlu :  D=0x0000000000000860
 322500: system.cpu: T0 : 0x10d2a    : sd a4, -1968(gp)           : MemWrite :  D=0x0000000000000860 A=0x708c8
 323500: system.cpu: T0 : 0x10d2e    : lui a4, 114                : IntAlu :  D=0x0000000000072000
 324500: system.cpu: T0 : 0x10d32    : sd a5, -1624(a4)           : MemWrite :  D=0x0000000000000060 A=0x719a8
 325000: system.cpu: T0 : 0x10d36    : c_ldsp s2, 96(sp)          : MemRead :  D=0x0000000000000000 A=0x7ffffffffffffdd0
 325500: system.cpu: T0 : 0x10d38    : c_ldsp s6, 64(sp)          : MemRead :  D=0x0000000000000000 A=0x7ffffffffffffdb0
 326000: system.cpu: T0 : 0x10d3a    : c_ldsp s7, 56(sp)          : MemRead :  D=0x0000000000000000 A=0x7ffffffffffffda8
 326500: system.cpu: T0 : 0x10d3c    : c_addi16sp sp, 128         : IntAlu :  D=0x7ffffffffffffdf0
 327000: system.cpu: T0 : 0x10d3e    : c_jr ra                    : IntAlu : 
 328000: system.cpu: T0 : 0x1093a    : lui a5, 111                : IntAlu :  D=0x000000000006f000
 329000: system.cpu: T0 : 0x1093e    : ld a5, -128(a5)            : MemRead :  D=0x7fffffffffffffd8 A=0x6ef80
 330000: system.cpu: T0 : 0x10942    : lw a7, -1728(gp)           : MemRead :  D=0x0000000000000000 A=0x709b8
 331000: system.cpu: T0 : 0x10946    : lbu a6, 1(a5)              : MemRead :  D=0x0000000000000000 A=0x7fffffffffffffd9
 332000: system.cpu: T0 : 0x1094a    : lbu a4, 0(a5)              : MemRead :  D=0x0000000000000000 A=0x7fffffffffffffd8
 333000: system.cpu: T0 : 0x1094e    : lbu a0, 2(a5)              : MemRead :  D=0x0000000000000000 A=0x7fffffffffffffda
 334000: system.cpu: T0 : 0x10952    : lbu a1, 3(a5)              : MemRead :  D=0x000000000000002e A=0x7fffffffffffffdb
 335000: system.cpu: T0 : 0x10956    : lbu a2, 4(a5)              : MemRead :  D=0x000000000000002e A=0x7fffffffffffffdc
 335500: system.cpu: T0 : 0x1095a    : c_slli a6, 8               : IntAlu :  D=0x0000000000000000
 336000: system.cpu: T0 : 0x1095c    : lbu a3, 5(a5)              : MemRead :  D=0x000000000000002f A=0x7fffffffffffffdd
 336500: system.cpu: T0 : 0x10960    : or a6, a6, a4              : IntAlu :  D=0x0000000000000000
 337000: system.cpu: T0 : 0x10964    : c_slli a0, 16              : IntAlu :  D=0x0000000000000000
 338000: system.cpu: T0 : 0x10966    : lbu a4, 6(a5)              : MemRead :  D=0x0000000000000044 A=0x7fffffffffffffde
 339000: system.cpu: T0 : 0x1096a    : or a0, a0, a6              : IntAlu :  D=0x0000000000000000
 339500: system.cpu: T0 : 0x1096e    : c_slli a1, 24              : IntAlu :  D=0x000000002e000000
 340000: system.cpu: T0 : 0x10970    : lbu a5, 7(a5)              : MemRead :  D=0x000000000000006f A=0x7fffffffffffffdf
 340500: system.cpu: T0 : 0x10974    : c_or a1, a0                : IntAlu :  D=0x000000002e000000
 341000: system.cpu: T0 : 0x10976    : c_slli a2, 32              : IntAlu :  D=0x0000002e00000000
 341500: system.cpu: T0 : 0x10978    : c_or a2, a1                : IntAlu :  D=0x0000002e2e000000
 342000: system.cpu: T0 : 0x1097a    : c_slli a3, 40              : IntAlu :  D=0x00002f0000000000
 342500: system.cpu: T0 : 0x1097c    : c_or a3, a2                : IntAlu :  D=0x00002f2e2e000000
 343000: system.cpu: T0 : 0x1097e    : c_slli a4, 48              : IntAlu :  D=0x0044000000000000
 343500: system.cpu: T0 : 0x10980    : c_or a4, a3                : IntAlu :  D=0x00442f2e2e000000
 344000: system.cpu: T0 : 0x10982    : c_slli a5, 56              : IntAlu :  D=0x6f00000000000000
 344500: system.cpu: T0 : 0x10984    : c_or a5, a4                : IntAlu :  D=0x6f442f2e2e000000
 345500: system.cpu: T0 : 0x10986    : andi a5, a5, 18446744073709551360 : IntAlu :  D=0x6f442f2e2e000000
 346500: system.cpu: T0 : 0x1098a    : lui a4, 111                : IntAlu :  D=0x000000000006f000
 347500: system.cpu: T0 : 0x1098e    : sd a5, -1264(a4)           : MemWrite :  D=0x6f442f2e2e000000 A=0x6eb10
 348500: system.cpu: T0 : 0x10992    : beq a7, zero, 286          : IntAlu : 
 349000: system.cpu: T0 : 0x10ab0    : jal ra, 75210              : IntAlu :  D=0x0000000000010ab4
 349500: system.cpu: T0 : 0x2307a    : c_addi16sp sp, -496        : IntAlu :  D=0x7ffffffffffffc00
 350000: system.cpu: T0 : 0x2307c    : c_addi4spn a0, sp, 72      : IntAlu :  D=0x7ffffffffffffc48
 350500: system.cpu: T0 : 0x2307e    : c_sdsp ra, 488(sp)         : MemWrite :  D=0x0000000000010ab4 A=0x7ffffffffffffde8
 351000: system.cpu: T0 : 0x23080    : c_sdsp s0, 480(sp)         : MemWrite :  D=0x0000000000010d9c A=0x7ffffffffffffde0
 351500: system.cpu: T0 : 0x23082    : c_sdsp s1, 472(sp)         : MemWrite :  D=0x0000000000010e2c A=0x7ffffffffffffdd8
 352000: system.cpu: T0 : 0x23084    : jal ra, 90520              : IntAlu :  D=0x0000000000023088
 352500: system.cpu: T0 : 0x3921c    : addi a7, zero, 160         : IntAlu :  D=0x00000000000000a0
 353000: system.cpu: T0 : 0x39220    : ecall                      : No_OpClass : 
 353500: system.cpu: T0 : 0x39224    : c_lui a7, 1048575          : IntAlu :  D=0xfffffffffffff000
 354500: system.cpu: T0 : 0x39226    : bltu a7, a0, 6             : IntAlu : 
 355000: system.cpu: T0 : 0x3922a    : c_jr ra                    : IntAlu : 
 355500: system.cpu: T0 : 0x23088    : addi a3, sp, 202           : IntAlu :  D=0x7ffffffffffffcca
 356000: system.cpu: T0 : 0x2308c    : c_bnez a0, 140             : IntAlu : 
 356500: system.cpu: T0 : 0x2308e    : c_li t1, 0                 : IntAlu :  D=0x0000000000000000
 357000: system.cpu: T0 : 0x23090    : c_li a0, 0                 : IntAlu :  D=0x0000000000000000
 357500: system.cpu: T0 : 0x23092    : c_li a7, 9                 : IntAlu :  D=0x0000000000000009
 358000: system.cpu: T0 : 0x23094    : addi t3, zero, 46          : IntAlu :  D=0x000000000000002e
 358500: system.cpu: T0 : 0x23098    : c_li t4, 3                 : IntAlu :  D=0x0000000000000003
 359500: system.cpu: T0 : 0x2309a    : lbu a5, 0(a3)              : MemRead :  D=0x0000000000000035 A=0x7ffffffffffffcca
 360500: system.cpu: T0 : 0x2309e    : addiw a5, a5, -48          : IntAlu :  D=0x0000000000000005
 361500: system.cpu: T0 : 0x230a2    : andi a4, a5, 255           : IntAlu :  D=0x0000000000000005
 362500: system.cpu: T0 : 0x230a6    : bltu a7, a4, 98            : IntAlu : 
 363500: system.cpu: T0 : 0x230aa    : lbu a1, 1(a3)              : MemRead :  D=0x000000000000002e A=0x7ffffffffffffccb
 364500: system.cpu: T0 : 0x230ae    : addiw a4, a5, 0            : IntAlu :  D=0x0000000000000005
 365000: system.cpu: T0 : 0x230b2    : c_addi a3, 1               : IntAlu :  D=0x7ffffffffffffccb
 365500: system.cpu: T0 : 0x230b4    : addiw a2, a1, -48          : IntAlu :  D=0xfffffffffffffffe
 366000: system.cpu: T0 : 0x230b8    : andi a5, a2, 255           : IntAlu :  D=0x00000000000000fe
 366500: system.cpu: T0 : 0x230bc    : bltu a7, a5, 36            : IntAlu : 
 367000: system.cpu: T0 : 0x230e0    : slliw a5, a0, 8            : IntAlu :  D=0x0000000000000000
 367500: system.cpu: T0 : 0x230e4    : c_or a5, a4                : IntAlu :  D=0x0000000000000005
 368000: system.cpu: T0 : 0x230e6    : c_addiw t1, 1              : IntAlu :  D=0x0000000000000001
 368500: system.cpu: T0 : 0x230e8    : addiw a0, a5, 0            : IntAlu :  D=0x0000000000000005
 369000: system.cpu: T0 : 0x230ec    : c_addi a3, 1               : IntAlu :  D=0x7ffffffffffffccc
 370000: system.cpu: T0 : 0x230ee    : bne a1, t3, 20             : IntAlu : 
 371000: system.cpu: T0 : 0x230f2    : bne t1, t4, -88            : IntAlu : 
 372000: system.cpu: T0 : 0x2309a    : lbu a5, 0(a3)              : MemRead :  D=0x0000000000000031 A=0x7ffffffffffffccc
 373000: system.cpu: T0 : 0x2309e    : addiw a5, a5, -48          : IntAlu :  D=0x0000000000000001
 374000: system.cpu: T0 : 0x230a2    : andi a4, a5, 255           : IntAlu :  D=0x0000000000000001
 375000: system.cpu: T0 : 0x230a6    : bltu a7, a4, 98            : IntAlu : 
 376000: system.cpu: T0 : 0x230aa    : lbu a1, 1(a3)              : MemRead :  D=0x000000000000002e A=0x7ffffffffffffccd
 377000: system.cpu: T0 : 0x230ae    : addiw a4, a5, 0            : IntAlu :  D=0x0000000000000001
 377500: system.cpu: T0 : 0x230b2    : c_addi a3, 1               : IntAlu :  D=0x7ffffffffffffccd
 378000: system.cpu: T0 : 0x230b4    : addiw a2, a1, -48          : IntAlu :  D=0xfffffffffffffffe
 378500: system.cpu: T0 : 0x230b8    : andi a5, a2, 255           : IntAlu :  D=0x00000000000000fe
 379000: system.cpu: T0 : 0x230bc    : bltu a7, a5, 36            : IntAlu : 
 379500: system.cpu: T0 : 0x230e0    : slliw a5, a0, 8            : IntAlu :  D=0x0000000000000500
 380000: system.cpu: T0 : 0x230e4    : c_or a5, a4                : IntAlu :  D=0x0000000000000501
 380500: system.cpu: T0 : 0x230e6    : c_addiw t1, 1              : IntAlu :  D=0x0000000000000002
 381000: system.cpu: T0 : 0x230e8    : addiw a0, a5, 0            : IntAlu :  D=0x0000000000000501
 381500: system.cpu: T0 : 0x230ec    : c_addi a3, 1               : IntAlu :  D=0x7ffffffffffffcce
 382500: system.cpu: T0 : 0x230ee    : bne a1, t3, 20             : IntAlu : 
 383500: system.cpu: T0 : 0x230f2    : bne t1, t4, -88            : IntAlu : 
 384500: system.cpu: T0 : 0x2309a    : lbu a5, 0(a3)              : MemRead :  D=0x0000000000000030 A=0x7ffffffffffffcce
 385500: system.cpu: T0 : 0x2309e    : addiw a5, a5, -48          : IntAlu :  D=0x0000000000000000
 386500: system.cpu: T0 : 0x230a2    : andi a4, a5, 255           : IntAlu :  D=0x0000000000000000
 387500: system.cpu: T0 : 0x230a6    : bltu a7, a4, 98            : IntAlu : 
 388500: system.cpu: T0 : 0x230aa    : lbu a1, 1(a3)              : MemRead :  D=0x0000000000000000 A=0x7ffffffffffffccf
 389500: system.cpu: T0 : 0x230ae    : addiw a4, a5, 0            : IntAlu :  D=0x0000000000000000
 390000: system.cpu: T0 : 0x230b2    : c_addi a3, 1               : IntAlu :  D=0x7ffffffffffffccf
 390500: system.cpu: T0 : 0x230b4    : addiw a2, a1, -48          : IntAlu :  D=0xffffffffffffffd0
 391000: system.cpu: T0 : 0x230b8    : andi a5, a2, 255           : IntAlu :  D=0x00000000000000d0
 391500: system.cpu: T0 : 0x230bc    : bltu a7, a5, 36            : IntAlu : 
 392000: system.cpu: T0 : 0x230e0    : slliw a5, a0, 8            : IntAlu :  D=0x0000000000050100
 392500: system.cpu: T0 : 0x230e4    : c_or a5, a4                : IntAlu :  D=0x0000000000050100
 393000: system.cpu: T0 : 0x230e6    : c_addiw t1, 1              : IntAlu :  D=0x0000000000000003
 393500: system.cpu: T0 : 0x230e8    : addiw a0, a5, 0            : IntAlu :  D=0x0000000000050100
 394000: system.cpu: T0 : 0x230ec    : c_addi a3, 1               : IntAlu :  D=0x7ffffffffffffcd0
 395000: system.cpu: T0 : 0x230ee    : bne a1, t3, 20             : IntAlu : 
 395500: system.cpu: T0 : 0x23102    : c_li a5, 3                 : IntAlu :  D=0x0000000000000003
 396000: system.cpu: T0 : 0x23104    : beq t1, a5, -14            : IntAlu : 
 396500: system.cpu: T0 : 0x230f6    : c_addiw a0, 0              : IntAlu :  D=0x0000000000050100
 397000: system.cpu: T0 : 0x230f8    : c_ldsp ra, 488(sp)         : MemRead :  D=0x0000000000010ab4 A=0x7ffffffffffffde8
 397500: system.cpu: T0 : 0x230fa    : c_ldsp s0, 480(sp)         : MemRead :  D=0x0000000000010d9c A=0x7ffffffffffffde0
 398000: system.cpu: T0 : 0x230fc    : c_ldsp s1, 472(sp)         : MemRead :  D=0x0000000000010e2c A=0x7ffffffffffffdd8
 398500: system.cpu: T0 : 0x230fe    : c_addi16sp sp, 496         : IntAlu :  D=0x7ffffffffffffdf0
 399000: system.cpu: T0 : 0x23100    : c_jr ra                    : IntAlu : 
 399500: system.cpu: T0 : 0x10ab4    : c_mv a5, a0                : IntAlu :  D=0x0000000000050100
 400500: system.cpu: T0 : 0x10ab6    : blt a0, zero, 104          : IntAlu : 
 401500: system.cpu: T0 : 0x10aba    : lui a4, 114                : IntAlu :  D=0x0000000000072000
 402500: system.cpu: T0 : 0x10abe    : lw a3, -296(a4)            : MemRead :  D=0x0000000000000000 A=0x71ed8
 403500: system.cpu: T0 : 0x10ac2    : addiw a4, a0, 0            : IntAlu :  D=0x0000000000050100
 404000: system.cpu: T0 : 0x10ac6    : c_bnez a3, 82              : IntAlu : 
 404500: system.cpu: T0 : 0x10ac8    : lui a3, 114                : IntAlu :  D=0x0000000000072000
 405000: system.cpu: T0 : 0x10acc    : sw a4, -296(a3)            : MemWrite :  D=0x0000000000050100 A=0x71ed8
 405500: system.cpu: T0 : 0x10ad0    : lui a4, 65                 : IntAlu :  D=0x0000000000041000
 406000: system.cpu: T0 : 0x10ad4    : addi a4, a4, -257          : IntAlu :  D=0x0000000000040eff
 406500: system.cpu: T0 : 0x10ad8    : blt a4, a5, -322           : IntAlu : 
 407500: system.cpu: T0 : 0x10996    : addi a5, zero, 0           : IntAlu :  D=0x0000000000000000
 408000: system.cpu: T0 : 0x1099a    : c_beqz a5, 10              : IntAlu : 
 408500: system.cpu: T0 : 0x109a4    : lui a5, 111                : IntAlu :  D=0x000000000006f000
 409000: system.cpu: T0 : 0x109a8    : ld a5, -128(a5)            : MemRead :  D=0x7fffffffffffffd8 A=0x6ef80
 409500: system.cpu: T0 : 0x109ac    : lbu a4, 14(a5)             : MemRead :  D=0x0000000000000073 A=0x7fffffffffffffe6
 410000: system.cpu: T0 : 0x109b0    : lbu a7, 8(a5)              : MemRead :  D=0x0000000000000077 A=0x7fffffffffffffe0
 410500: system.cpu: T0 : 0x109b4    : lbu a6, 9(a5)              : MemRead :  D=0x000000000000006e A=0x7fffffffffffffe1
 411000: system.cpu: T0 : 0x109b8    : lbu a0, 10(a5)             : MemRead :  D=0x000000000000006c A=0x7fffffffffffffe2
 411500: system.cpu: T0 : 0x109bc    : lbu a1, 11(a5)             : MemRead :  D=0x000000000000006f A=0x7fffffffffffffe3
 412000: system.cpu: T0 : 0x109c0    : lbu a2, 12(a5)             : MemRead :  D=0x0000000000000061 A=0x7fffffffffffffe4
 412500: system.cpu: T0 : 0x109c4    : lbu a3, 13(a5)             : MemRead :  D=0x0000000000000064 A=0x7fffffffffffffe5
 413000: system.cpu: T0 : 0x109c8    : lbu a5, 15(a5)             : MemRead :  D=0x000000000000002f A=0x7fffffffffffffe7
 413500: system.cpu: T0 : 0x109cc    : sb a7, 40(sp)              : MemWrite :  D=0x0000000000000077 A=0x7ffffffffffffe18
 414000: system.cpu: T0 : 0x109d0    : sb a6, 41(sp)              : MemWrite :  D=0x000000000000006e A=0x7ffffffffffffe19
 414500: system.cpu: T0 : 0x109d4    : sb a5, 47(sp)              : MemWrite :  D=0x000000000000002f A=0x7ffffffffffffe1f
 415000: system.cpu: T0 : 0x109d8    : sb a0, 42(sp)              : MemWrite :  D=0x000000000000006c A=0x7ffffffffffffe1a
 415500: system.cpu: T0 : 0x109dc    : sb a1, 43(sp)              : MemWrite :  D=0x000000000000006f A=0x7ffffffffffffe1b
 416000: system.cpu: T0 : 0x109e0    : sb a2, 44(sp)              : MemWrite :  D=0x0000000000000061 A=0x7ffffffffffffe1c
 416500: system.cpu: T0 : 0x109e4    : sb a3, 45(sp)              : MemWrite :  D=0x0000000000000064 A=0x7ffffffffffffe1d
 417000: system.cpu: T0 : 0x109e8    : sb a4, 46(sp)              : MemWrite :  D=0x0000000000000073 A=0x7ffffffffffffe1e
 417500: system.cpu: T0 : 0x109ec    : c_ldsp a4, 40(sp)          : MemRead :  D=0x2f7364616f6c6e77 A=0x7ffffffffffffe18
 418500: system.cpu: T0 : 0x109ee    : lui a5, 111                : IntAlu :  D=0x000000000006f000
 419500: system.cpu: T0 : 0x109f2    : sd a4, -1256(a5)           : MemWrite :  D=0x2f7364616f6c6e77 A=0x6eb18
 420500: system.cpu: T0 : 0x109f6    : beq s2, zero, 14           : IntAlu : 
 421000: system.cpu: T0 : 0x10a04    : ld a2, -1360(gp)           : MemRead :  D=0x7fffffffffffff48 A=0x70b28
 421500: system.cpu: T0 : 0x10a08    : c_ldsp a1, 16(sp)          : MemRead :  D=0x7fffffffffffff38 A=0x7ffffffffffffe00
 422000: system.cpu: T0 : 0x10a0a    : c_ldsp a0, 8(sp)           : MemRead :  D=0x0000000000000001 A=0x7ffffffffffffdf8
 422500: system.cpu: T0 : 0x10a0c    : jal ra, 75614              : IntAlu :  D=0x0000000000010a10
 423000: system.cpu: T0 : 0x2316a    : c_addi sp, -32             : IntAlu :  D=0x7ffffffffffffdd0
 423500: system.cpu: T0 : 0x2316c    : c_sdsp s0, 16(sp)          : MemWrite :  D=0x0000000000010d9c A=0x7ffffffffffffde0
 424000: system.cpu: T0 : 0x2316e    : c_sdsp s1, 8(sp)           : MemWrite :  D=0x0000000000010e2c A=0x7ffffffffffffdd8
 424500: system.cpu: T0 : 0x23170    : c_sdsp s2, 0(sp)           : MemWrite :  D=0x0000000000000000 A=0x7ffffffffffffdd0
 425000: system.cpu: T0 : 0x23172    : c_sdsp ra, 24(sp)          : MemWrite :  D=0x0000000000010a10 A=0x7ffffffffffffde8
 425500: system.cpu: T0 : 0x23174    : addi a4, zero, 0           : IntAlu :  D=0x0000000000000000
 426000: system.cpu: T0 : 0x23178    : c_mv s0, a0                : IntAlu :  D=0x0000000000000001
 426500: system.cpu: T0 : 0x2317a    : c_mv s1, a1                : IntAlu :  D=0x7fffffffffffff38
 427000: system.cpu: T0 : 0x2317c    : c_mv s2, a2                : IntAlu :  D=0x7fffffffffffff48
 427500: system.cpu: T0 : 0x2317e    : c_beqz a4, 62              : IntAlu : 
 428000: system.cpu: T0 : 0x231bc    : lw a0, -1248(gp)           : MemRead :  D=0x0000000000000000 A=0x70b98
 428500: system.cpu: T0 : 0x231c0    : lw a5, -1344(gp)           : MemRead :  D=0x0000000000000000 A=0x70b38
 429000: system.cpu: T0 : 0x231c4    : sw zero, -1728(gp)         : MemWrite :  D=0x0000000000000000 A=0x709b8
 429500: system.cpu: T0 : 0x231c8    : beq a5, a0, -60            : IntAlu : 
 430000: system.cpu: T0 : 0x2318c    : lui a5, 114                : IntAlu :  D=0x0000000000072000
 430500: system.cpu: T0 : 0x23190    : sw s0, -272(a5)            : MemWrite :  D=0x0000000000000001 A=0x71ef0
 431000: system.cpu: T0 : 0x23194    : lui a5, 114                : IntAlu :  D=0x0000000000072000
 431500: system.cpu: T0 : 0x23198    : sd s1, -264(a5)            : MemWrite :  D=0x7fffffffffffff38 A=0x71ef8
 432000: system.cpu: T0 : 0x2319c    : sd s2, -1360(gp)           : MemWrite :  D=0x7fffffffffffff48 A=0x70b28
 432500: system.cpu: T0 : 0x231a0    : jal ra, -2314              : IntAlu :  D=0x00000000000231a4
 433000: system.cpu: T0 : 0x22896    : c_addi16sp sp, -160        : IntAlu :  D=0x7ffffffffffffd30
 433500: system.cpu: T0 : 0x22898    : c_sdsp ra, 152(sp)         : MemWrite :  D=0x00000000000231a4 A=0x7ffffffffffffdc8
 434000: system.cpu: T0 : 0x2289a    : c_sdsp s1, 136(sp)         : MemWrite :  D=0x7fffffffffffff38 A=0x7ffffffffffffdb8
 434500: system.cpu: T0 : 0x2289c    : c_sdsp s2, 128(sp)         : MemWrite :  D=0x7fffffffffffff48 A=0x7ffffffffffffdb0
 435000: system.cpu: T0 : 0x2289e    : c_sdsp s3, 120(sp)         : MemWrite :  D=0x0000000000000000 A=0x7ffffffffffffda8
 435500: system.cpu: T0 : 0x228a0    : c_sdsp s4, 112(sp)         : MemWrite :  D=0x0000000000000000 A=0x7ffffffffffffda0
 436000: system.cpu: T0 : 0x228a2    : c_sdsp s0, 144(sp)         : MemWrite :  D=0x0000000000000001 A=0x7ffffffffffffdc0
 436500: system.cpu: T0 : 0x228a4    : c_sdsp s5, 104(sp)         : MemWrite :  D=0x0000000000000000 A=0x7ffffffffffffd98
 437000: system.cpu: T0 : 0x228a6    : c_sdsp s6, 96(sp)          : MemWrite :  D=0x0000000000000000 A=0x7ffffffffffffd90
 437500: system.cpu: T0 : 0x228a8    : c_sdsp s7, 88(sp)          : MemWrite :  D=0x0000000000000000 A=0x7ffffffffffffd88
 438000: system.cpu: T0 : 0x228aa    : c_sdsp s8, 80(sp)          : MemWrite :  D=0x0000000000000000 A=0x7ffffffffffffd80
 438500: system.cpu: T0 : 0x228ac    : c_sdsp s9, 72(sp)          : MemWrite :  D=0x0000000000000000 A=0x7ffffffffffffd78
 439000: system.cpu: T0 : 0x228ae    : c_sdsp s10, 64(sp)         : MemWrite :  D=0x0000000000000000 A=0x7ffffffffffffd70
 439500: system.cpu: T0 : 0x228b0    : lui s2, 114                : IntAlu :  D=0x0000000000072000
 440000: system.cpu: T0 : 0x228b4    : jal ra, 116914             : IntAlu :  D=0x00000000000228b8
 440500: system.cpu: T0 : 0x3f166    : c_lui t1, 1048575          : IntAlu :  D=0xfffffffffffff000
 441000: system.cpu: T0 : 0x3f168    : c_addi16sp sp, -48         : IntAlu :  D=0x7ffffffffffffd00
 441500: system.cpu: T0 : 0x3f16a    : c_addi t1, 16              : IntAlu :  D=0xfffffffffffff010
 442000: system.cpu: T0 : 0x3f16c    : c_sdsp ra, 40(sp)          : MemWrite :  D=0x00000000000228b8 A=0x7ffffffffffffd28
 442500: system.cpu: T0 : 0x3f16e    : c_sdsp s0, 32(sp)          : MemWrite :  D=0x0000000000000001 A=0x7ffffffffffffd20
 443000: system.cpu: T0 : 0x3f170    : c_sdsp s1, 24(sp)          : MemWrite :  D=0x7fffffffffffff38 A=0x7ffffffffffffd18
 443500: system.cpu: T0 : 0x3f172    : c_sdsp s2, 16(sp)          : MemWrite :  D=0x0000000000072000 A=0x7ffffffffffffd10
 444000: system.cpu: T0 : 0x3f174    : lui a1, 98                 : IntAlu :  D=0x0000000000062000
 444500: system.cpu: T0 : 0x3f178    : c_add sp, t1               : IntAlu :  D=0x7fffffffffffed10
 445000: system.cpu: T0 : 0x3f17a    : c_lui a5, 1048575          : IntAlu :  D=0xfffffffffffff000
 445500: system.cpu: T0 : 0x3f17c    : addi a7, zero, 78          : IntAlu :  D=0x000000000000004e
 446000: system.cpu: T0 : 0x3f180    : addi a0, zero, -100        : IntAlu :  D=0xffffffffffffff9c
 446500: system.cpu: T0 : 0x3f184    : addi a1, a1, 1376          : IntAlu :  D=0x0000000000062560
 447000: system.cpu: T0 : 0x3f188    : c_mv a2, sp                : IntAlu :  D=0x7fffffffffffed10
 447500: system.cpu: T0 : 0x3f18a    : c_lui a3, 1                : IntAlu :  D=0x0000000000001000
 448000: system.cpu: T0 : 0x3f18c    : ecall                      : No_OpClass : 
 448500: system.cpu: T0 : 0x3f190    : c_addiw a0, 0              : IntAlu :  D=0xfffffffffffffffe
 449500: system.cpu: T0 : 0x3f192    : bltu a5, a0, 84            : IntAlu : 
 450500: system.cpu: T0 : 0x3f1e6    : lui a5, 114                : IntAlu :  D=0x0000000000072000
 451500: system.cpu: T0 : 0x3f1ea    : ld s1, -368(a5)            : MemRead :  D=0x0000000000000000 A=0x71e90
 452000: system.cpu: T0 : 0x3f1ee    : c_beqz s1, 62              : IntAlu : 
 452500: system.cpu: T0 : 0x3f22c    : c_li s0, -1                : IntAlu :  D=0xffffffffffffffff
 453000: system.cpu: T0 : 0x3f22e    : c_lui t1, 1                : IntAlu :  D=0x0000000000001000
 453500: system.cpu: T0 : 0x3f230    : c_addi t1, -16             : IntAlu :  D=0x0000000000000ff0
 454000: system.cpu: T0 : 0x3f232    : c_add sp, t1               : IntAlu :  D=0x7ffffffffffffd00
 454500: system.cpu: T0 : 0x3f234    : c_ldsp ra, 40(sp)          : MemRead :  D=0x00000000000228b8 A=0x7ffffffffffffd28
 455000: system.cpu: T0 : 0x3f236    : c_mv a0, s0                : IntAlu :  D=0xffffffffffffffff
 455500: system.cpu: T0 : 0x3f238    : c_ldsp s1, 24(sp)          : MemRead :  D=0x7fffffffffffff38 A=0x7ffffffffffffd18
 456000: system.cpu: T0 : 0x3f23a    : c_ldsp s0, 32(sp)          : MemRead :  D=0x0000000000000001 A=0x7ffffffffffffd20
 456500: system.cpu: T0 : 0x3f23c    : c_ldsp s2, 16(sp)          : MemRead :  D=0x0000000000072000 A=0x7ffffffffffffd10
 457000: system.cpu: T0 : 0x3f23e    : c_addi16sp sp, 48          : IntAlu :  D=0x7ffffffffffffd30
 457500: system.cpu: T0 : 0x3f240    : c_jr ra                    : IntAlu : 
 458000: system.cpu: T0 : 0x228b8    : lui s3, 114                : IntAlu :  D=0x0000000000072000
 458500: system.cpu: T0 : 0x228bc    : ld a5, -328(s3)            : MemRead :  D=0x0000000000000006 A=0x71eb8
 459000: system.cpu: T0 : 0x228c0    : ld a4, -384(s2)            : MemRead :  D=0x0000000000010040 A=0x71e80
 459500: system.cpu: T0 : 0x228c4    : c_mv a3, a0                : IntAlu :  D=0xffffffffffffffff
 460500: system.cpu: T0 : 0x228c6    : lui s4, 112                : IntAlu :  D=0x0000000000070000
 461500: system.cpu: T0 : 0x228ca    : lui a0, 80                 : IntAlu :  D=0x0000000000050000
 462500: system.cpu: T0 : 0x228ce    : addi s1, s4, -336          : IntAlu :  D=0x000000000006feb0
 463500: system.cpu: T0 : 0x228d2    : addi a0, a0, 256           : IntAlu :  D=0x0000000000050100
 464500: system.cpu: T0 : 0x228d6    : sh a5, 696(s1)             : MemWrite :  D=0x0000000000000006 A=0x70168
 465500: system.cpu: T0 : 0x228da    : sd a3, 840(s1)             : MemWrite :  D=0xffffffffffffffff A=0x701f8
 466500: system.cpu: T0 : 0x228de    : sd a4, 680(s1)             : MemWrite :  D=0x0000000000010040 A=0x70158
 467500: system.cpu: T0 : 0x228e2    : jal ra, -56894             : IntAlu :  D=0x00000000000228e6
 468000: system.cpu: T0 : 0x14aa4    : c_addi16sp sp, -64         : IntAlu :  D=0x7ffffffffffffcf0
 468500: system.cpu: T0 : 0x14aa6    : c_sdsp s1, 40(sp)          : MemWrite :  D=0x000000000006feb0 A=0x7ffffffffffffd18
 469000: system.cpu: T0 : 0x14aa8    : ld s1, -1360(gp)           : MemRead :  D=0x7fffffffffffff48 A=0x70b28
 469500: system.cpu: T0 : 0x14aac    : c_sdsp ra, 56(sp)          : MemWrite :  D=0x00000000000228e6 A=0x7ffffffffffffd28
 470000: system.cpu: T0 : 0x14aae    : c_sdsp s0, 48(sp)          : MemWrite :  D=0x0000000000000001 A=0x7ffffffffffffd20
 470500: system.cpu: T0 : 0x14ab0    : c_sdsp s2, 32(sp)          : MemWrite :  D=0x0000000000072000 A=0x7ffffffffffffd10
 471000: system.cpu: T0 : 0x14ab2    : c_sdsp s3, 24(sp)          : MemWrite :  D=0x0000000000072000 A=0x7ffffffffffffd08
 471500: system.cpu: T0 : 0x14ab4    : c_sdsp s4, 16(sp)          : MemWrite :  D=0x0000000000070000 A=0x7ffffffffffffd00
 472000: system.cpu: T0 : 0x14ab6    : c_sdsp s5, 8(sp)           : MemWrite :  D=0x0000000000000000 A=0x7ffffffffffffcf8
 472500: system.cpu: T0 : 0x14ab8    : c_sdsp s6, 0(sp)           : MemWrite :  D=0x0000000000000000 A=0x7ffffffffffffcf0
 473000: system.cpu: T0 : 0x14aba    : c_beqz s1, 210             : IntAlu : 
 473500: system.cpu: T0 : 0x14abc    : lbu a5, 0(a0)              : MemRead :  D=0x000000000000004c A=0x50100
 474000: system.cpu: T0 : 0x14ac0    : c_mv s4, a0                : IntAlu :  D=0x0000000000050100
 474500: system.cpu: T0 : 0x14ac2    : c_beqz a5, 202             : IntAlu : 
 475000: system.cpu: T0 : 0x14ac4    : lbu s5, 1(a0)              : MemRead :  D=0x0000000000000044 A=0x50101
 475500: system.cpu: T0 : 0x14ac8    : slliw s2, a5, 16           : IntAlu :  D=0x00000000004c0000
 476000: system.cpu: T0 : 0x14acc    : c_ld s0, 0(s1)             : MemRead :  D=0x0000000000000000 A=0x7fffffffffffff48
 477000: system.cpu: T0 : 0x14ace    : sraiw s2, s2, 16           : IntAlu :  D=0x000000000000004c
 478000: system.cpu: T0 : 0x14ad2    : bne s5, zero, 86           : IntAlu : 
 478500: system.cpu: T0 : 0x14b28    : jal ra, 42492              : IntAlu :  D=0x0000000000014b2c
 479000: system.cpu: T0 : 0x1f124    : andi a5, a0, 7             : IntAlu :  D=0x0000000000000000
 479500: system.cpu: T0 : 0x1f128    : c_beqz a5, 26              : IntAlu : 
 480000: system.cpu: T0 : 0x1f142    : c_mv a5, a0                : IntAlu :  D=0x0000000000050100
 480500: system.cpu: T0 : 0x1f144    : ld a6, -2024(gp)           : MemRead :  D=0xfefefefefefefeff A=0x70890
 481000: system.cpu: T0 : 0x1f148    : ld a1, -2016(gp)           : MemRead :  D=0x8080808080808080 A=0x70898
 481500: system.cpu: T0 : 0x1f14c    : c_ld a2, 0(a5)             : MemRead :  D=0x004e5241575f444c A=0x50100
 482500: system.cpu: T0 : 0x1f14e    : addi a3, a5, 8             : IntAlu :  D=0x0000000000050108
 483500: system.cpu: T0 : 0x1f152    : add a4, a2, a6             : IntAlu :  D=0xff4d5140565e434b
 484500: system.cpu: T0 : 0x1f156    : xori a2, a2, 18446744073709551615 : IntAlu :  D=0xffb1adbea8a0bbb3
 485000: system.cpu: T0 : 0x1f15a    : c_and a4, a2               : IntAlu :  D=0xff01010000000303
 485500: system.cpu: T0 : 0x1f15c    : c_and a4, a1               : IntAlu :  D=0x8000000000000000
 486000: system.cpu: T0 : 0x1f15e    : c_beqz a4, 50              : IntAlu : 
 486500: system.cpu: T0 : 0x1f160    : lbu a4, -8(a3)             : MemRead :  D=0x000000000000004c A=0x50100
 487000: system.cpu: T0 : 0x1f164    : c_beqz a4, -40             : IntAlu : 
 488000: system.cpu: T0 : 0x1f166    : lbu a4, -7(a3)             : MemRead :  D=0x0000000000000044 A=0x50101
 488500: system.cpu: T0 : 0x1f16a    : c_beqz a4, 50              : IntAlu : 
 489000: system.cpu: T0 : 0x1f16c    : lbu a4, -6(a3)             : MemRead :  D=0x000000000000005f A=0x50102
 489500: system.cpu: T0 : 0x1f170    : c_beqz a4, 52              : IntAlu : 
 490500: system.cpu: T0 : 0x1f172    : lbu a4, -5(a3)             : MemRead :  D=0x0000000000000057 A=0x50103
 491000: system.cpu: T0 : 0x1f176    : c_beqz a4, 54              : IntAlu : 
 491500: system.cpu: T0 : 0x1f178    : lbu a4, -4(a3)             : MemRead :  D=0x0000000000000041 A=0x50104
 492000: system.cpu: T0 : 0x1f17c    : c_beqz a4, 56              : IntAlu : 
 493000: system.cpu: T0 : 0x1f17e    : lbu a4, -3(a3)             : MemRead :  D=0x0000000000000052 A=0x50105
 493500: system.cpu: T0 : 0x1f182    : c_beqz a4, 58              : IntAlu : 
 494000: system.cpu: T0 : 0x1f184    : lbu a4, -2(a3)             : MemRead :  D=0x000000000000004e A=0x50106
 494500: system.cpu: T0 : 0x1f188    : c_beqz a4, 60              : IntAlu : 
 495500: system.cpu: T0 : 0x1f18a    : lbu a4, -1(a3)             : MemRead :  D=0x0000000000000000 A=0x50107
 496000: system.cpu: T0 : 0x1f18e    : c_beqz a4, 6               : IntAlu : 
 496500: system.cpu: T0 : 0x1f194    : c_sub a5, a0               : IntAlu :  D=0x0000000000000000
 497500: system.cpu: T0 : 0x1f196    : addi a0, a5, 7             : IntAlu :  D=0x0000000000000007
 498000: system.cpu: T0 : 0x1f19a    : c_jr ra                    : IntAlu : 
 498500: system.cpu: T0 : 0x14b2c    : slli a5, s5, 8             : IntAlu :  D=0x0000000000004400
 499000: system.cpu: T0 : 0x14b30    : or a5, s2, a5              : IntAlu :  D=0x000000000000444c
 499500: system.cpu: T0 : 0x14b34    : slliw s2, a5, 16           : IntAlu :  D=0x00000000444c0000
 500000: system.cpu: T0 : 0x14b38    : c_mv s3, a0                : IntAlu :  D=0x0000000000000007
 501000: system.cpu: T0 : 0x14b3a    : sraiw s2, s2, 16           : IntAlu :  D=0x000000000000444c
 502000: system.cpu: T0 : 0x14b3e    : addi s5, a0, -2            : IntAlu :  D=0x0000000000000005
 502500: system.cpu: T0 : 0x14b42    : c_addi s4, 2               : IntAlu :  D=0x0000000000050102
 503000: system.cpu: T0 : 0x14b44    : c_beqz s0, -50             : IntAlu : 
 503500: system.cpu: T0 : 0x14b12    : c_ldsp ra, 56(sp)          : MemRead :  D=0x00000000000228e6 A=0x7ffffffffffffd28
 504000: system.cpu: T0 : 0x14b14    : c_mv a0, s0                : IntAlu :  D=0x0000000000000000
 504500: system.cpu: T0 : 0x14b16    : c_ldsp s0, 48(sp)          : MemRead :  D=0x0000000000000001 A=0x7ffffffffffffd20
 505000: system.cpu: T0 : 0x14b18    : c_ldsp s1, 40(sp)          : MemRead :  D=0x000000000006feb0 A=0x7ffffffffffffd18
 505500: system.cpu: T0 : 0x14b1a    : c_ldsp s2, 32(sp)          : MemRead :  D=0x0000000000072000 A=0x7ffffffffffffd10
 506000: system.cpu: T0 : 0x14b1c    : c_ldsp s3, 24(sp)          : MemRead :  D=0x0000000000072000 A=0x7ffffffffffffd08
 506500: system.cpu: T0 : 0x14b1e    : c_ldsp s4, 16(sp)          : MemRead :  D=0x0000000000070000 A=0x7ffffffffffffd00
 507000: system.cpu: T0 : 0x14b20    : c_ldsp s5, 8(sp)           : MemRead :  D=0x0000000000000000 A=0x7ffffffffffffcf8
 507500: system.cpu: T0 : 0x14b22    : c_ldsp s6, 0(sp)           : MemRead :  D=0x0000000000000000 A=0x7ffffffffffffcf0
 508000: system.cpu: T0 : 0x14b24    : c_addi16sp sp, 64          : IntAlu :  D=0x7ffffffffffffd30
 508500: system.cpu: T0 : 0x14b26    : c_jr ra                    : IntAlu : 
 509000: system.cpu: T0 : 0x228e6    : c_li a5, 0                 : IntAlu :  D=0x0000000000000000
 509500: system.cpu: T0 : 0x228e8    : c_beqz a0, 10              : IntAlu : 
 510500: system.cpu: T0 : 0x228f2    : lui s5, 114                : IntAlu :  D=0x0000000000072000
 511500: system.cpu: T0 : 0x228f6    : ld a4, -352(s5)            : MemRead :  D=0x0000000000000000 A=0x71ea0
 512500: system.cpu: T0 : 0x228fa    : lui a3, 114                : IntAlu :  D=0x0000000000072000
 513500: system.cpu: T0 : 0x228fe    : sw a5, -336(a3)            : MemWrite :  D=0x0000000000000000 A=0x71eb0
 514500: system.cpu: T0 : 0x22902    : beq a4, zero, 1518         : IntAlu : 
 515000: system.cpu: T0 : 0x22ef0    : lui s6, 114                : IntAlu :  D=0x0000000000072000
 515500: system.cpu: T0 : 0x22ef4    : ld s0, -400(s6)            : MemRead :  D=0x0000000000000000 A=0x71e70
 516000: system.cpu: T0 : 0x22ef8    : bne s0, zero, -1062        : IntAlu : 
 516500: system.cpu: T0 : 0x22efc    : lui s0, 111                : IntAlu :  D=0x000000000006f000
 517000: system.cpu: T0 : 0x22f00    : addi s0, s0, -128          : IntAlu :  D=0x000000000006ef80
 517500: system.cpu: T0 : 0x22f04    : sd zero, 8(s0)             : MemWrite :  D=0x0000000000000000 A=0x6ef88
 518000: system.cpu: T0 : 0x22f08    : sd zero, 16(s0)            : MemWrite :  D=0x0000000000000000 A=0x6ef90
 518500: system.cpu: T0 : 0x22f0c    : sd zero, 24(s0)            : MemWrite :  D=0x0000000000000000 A=0x6ef98
 519000: system.cpu: T0 : 0x22f10    : c_li a5, 0                 : IntAlu :  D=0x0000000000000000
 519500: system.cpu: T0 : 0x22f12    : c_j -678                   : IntAlu : 
 520000: system.cpu: T0 : 0x22c6c    : lui a0, 80                 : IntAlu :  D=0x0000000000050000
 520500: system.cpu: T0 : 0x22c70    : addi a0, a0, 608           : IntAlu :  D=0x0000000000050260
 521000: system.cpu: T0 : 0x22c74    : c_sd a5, 32(s0)            : MemWrite :  D=0x0000000000000000 A=0x6efa0
 522000: system.cpu: T0 : 0x22c76    : jal ra, -57810             : IntAlu :  D=0x0000000000022c7a
 522500: system.cpu: T0 : 0x14aa4    : c_addi16sp sp, -64         : IntAlu :  D=0x7ffffffffffffcf0
 523000: system.cpu: T0 : 0x14aa6    : c_sdsp s1, 40(sp)          : MemWrite :  D=0x000000000006feb0 A=0x7ffffffffffffd18
 523500: system.cpu: T0 : 0x14aa8    : ld s1, -1360(gp)           : MemRead :  D=0x7fffffffffffff48 A=0x70b28
 524000: system.cpu: T0 : 0x14aac    : c_sdsp ra, 56(sp)          : MemWrite :  D=0x0000000000022c7a A=0x7ffffffffffffd28
 524500: system.cpu: T0 : 0x14aae    : c_sdsp s0, 48(sp)          : MemWrite :  D=0x000000000006ef80 A=0x7ffffffffffffd20
 525000: system.cpu: T0 : 0x14ab0    : c_sdsp s2, 32(sp)          : MemWrite :  D=0x0000000000072000 A=0x7ffffffffffffd10
 525500: system.cpu: T0 : 0x14ab2    : c_sdsp s3, 24(sp)          : MemWrite :  D=0x0000000000072000 A=0x7ffffffffffffd08
 526000: system.cpu: T0 : 0x14ab4    : c_sdsp s4, 16(sp)          : MemWrite :  D=0x0000000000070000 A=0x7ffffffffffffd00
 526500: system.cpu: T0 : 0x14ab6    : c_sdsp s5, 8(sp)           : MemWrite :  D=0x0000000000072000 A=0x7ffffffffffffcf8
 527000: system.cpu: T0 : 0x14ab8    : c_sdsp s6, 0(sp)           : MemWrite :  D=0x0000000000072000 A=0x7ffffffffffffcf0
 527500: system.cpu: T0 : 0x14aba    : c_beqz s1, 210             : IntAlu : 
 528000: system.cpu: T0 : 0x14abc    : lbu a5, 0(a0)              : MemRead :  D=0x000000000000004c A=0x50260
 528500: system.cpu: T0 : 0x14ac0    : c_mv s4, a0                : IntAlu :  D=0x0000000000050260
 529000: system.cpu: T0 : 0x14ac2    : c_beqz a5, 202             : IntAlu : 
 529500: system.cpu: T0 : 0x14ac4    : lbu s5, 1(a0)              : MemRead :  D=0x0000000000000044 A=0x50261
 530000: system.cpu: T0 : 0x14ac8    : slliw s2, a5, 16           : IntAlu :  D=0x00000000004c0000
 530500: system.cpu: T0 : 0x14acc    : c_ld s0, 0(s1)             : MemRead :  D=0x0000000000000000 A=0x7fffffffffffff48
 531500: system.cpu: T0 : 0x14ace    : sraiw s2, s2, 16           : IntAlu :  D=0x000000000000004c
 532500: system.cpu: T0 : 0x14ad2    : bne s5, zero, 86           : IntAlu : 
 533000: system.cpu: T0 : 0x14b28    : jal ra, 42492              : IntAlu :  D=0x0000000000014b2c
 533500: system.cpu: T0 : 0x1f124    : andi a5, a0, 7             : IntAlu :  D=0x0000000000000000
 534000: system.cpu: T0 : 0x1f128    : c_beqz a5, 26              : IntAlu : 
 534500: system.cpu: T0 : 0x1f142    : c_mv a5, a0                : IntAlu :  D=0x0000000000050260
 535000: system.cpu: T0 : 0x1f144    : ld a6, -2024(gp)           : MemRead :  D=0xfefefefefefefeff A=0x70890
 535500: system.cpu: T0 : 0x1f148    : ld a1, -2016(gp)           : MemRead :  D=0x8080808080808080 A=0x70898
 536000: system.cpu: T0 : 0x1f14c    : c_ld a2, 0(a5)             : MemRead :  D=0x415242494c5f444c A=0x50260
 537000: system.cpu: T0 : 0x1f14e    : addi a3, a5, 8             : IntAlu :  D=0x0000000000050268
 538000: system.cpu: T0 : 0x1f152    : add a4, a2, a6             : IntAlu :  D=0x405141484b5e434b
 539000: system.cpu: T0 : 0x1f156    : xori a2, a2, 18446744073709551615 : IntAlu :  D=0xbeadbdb6b3a0bbb3
 539500: system.cpu: T0 : 0x1f15a    : c_and a4, a2               : IntAlu :  D=0x0001010003000303
 540000: system.cpu: T0 : 0x1f15c    : c_and a4, a1               : IntAlu :  D=0x0000000000000000
 540500: system.cpu: T0 : 0x1f15e    : c_beqz a4, 50              : IntAlu : 
 541000: system.cpu: T0 : 0x1f190    : c_mv a5, a3                : IntAlu :  D=0x0000000000050268
 541500: system.cpu: T0 : 0x1f192    : c_j -70                    : IntAlu : 
 542000: system.cpu: T0 : 0x1f14c    : c_ld a2, 0(a5)             : MemRead :  D=0x00485441505f5952 A=0x50268
 543000: system.cpu: T0 : 0x1f14e    : addi a3, a5, 8             : IntAlu :  D=0x0000000000050270
 544000: system.cpu: T0 : 0x1f152    : add a4, a2, a6             : IntAlu :  D=0xff4753404f5e5851
 545000: system.cpu: T0 : 0x1f156    : xori a2, a2, 18446744073709551615 : IntAlu :  D=0xffb7abbeafa0a6ad
 545500: system.cpu: T0 : 0x1f15a    : c_and a4, a2               : IntAlu :  D=0xff0703000f000001
 546000: system.cpu: T0 : 0x1f15c    : c_and a4, a1               : IntAlu :  D=0x8000000000000000
 546500: system.cpu: T0 : 0x1f15e    : c_beqz a4, 50              : IntAlu : 
 547000: system.cpu: T0 : 0x1f160    : lbu a4, -8(a3)             : MemRead :  D=0x0000000000000052 A=0x50268
 547500: system.cpu: T0 : 0x1f164    : c_beqz a4, -40             : IntAlu : 
 548500: system.cpu: T0 : 0x1f166    : lbu a4, -7(a3)             : MemRead :  D=0x0000000000000059 A=0x50269
 549000: system.cpu: T0 : 0x1f16a    : c_beqz a4, 50              : IntAlu : 
 549500: system.cpu: T0 : 0x1f16c    : lbu a4, -6(a3)             : MemRead :  D=0x000000000000005f A=0x5026a
 550000: system.cpu: T0 : 0x1f170    : c_beqz a4, 52              : IntAlu : 
 551000: system.cpu: T0 : 0x1f172    : lbu a4, -5(a3)             : MemRead :  D=0x0000000000000050 A=0x5026b
 551500: system.cpu: T0 : 0x1f176    : c_beqz a4, 54              : IntAlu : 
 552000: system.cpu: T0 : 0x1f178    : lbu a4, -4(a3)             : MemRead :  D=0x0000000000000041 A=0x5026c
 552500: system.cpu: T0 : 0x1f17c    : c_beqz a4, 56              : IntAlu : 
 553500: system.cpu: T0 : 0x1f17e    : lbu a4, -3(a3)             : MemRead :  D=0x0000000000000054 A=0x5026d
 554000: system.cpu: T0 : 0x1f182    : c_beqz a4, 58              : IntAlu : 
 554500: system.cpu: T0 : 0x1f184    : lbu a4, -2(a3)             : MemRead :  D=0x0000000000000048 A=0x5026e
 555000: system.cpu: T0 : 0x1f188    : c_beqz a4, 60              : IntAlu : 
 556000: system.cpu: T0 : 0x1f18a    : lbu a4, -1(a3)             : MemRead :  D=0x0000000000000000 A=0x5026f
 556500: system.cpu: T0 : 0x1f18e    : c_beqz a4, 6               : IntAlu : 
 557000: system.cpu: T0 : 0x1f194    : c_sub a5, a0               : IntAlu :  D=0x0000000000000008
 558000: system.cpu: T0 : 0x1f196    : addi a0, a5, 7             : IntAlu :  D=0x000000000000000f
 558500: system.cpu: T0 : 0x1f19a    : c_jr ra                    : IntAlu : 
 559000: system.cpu: T0 : 0x14b2c    : slli a5, s5, 8             : IntAlu :  D=0x0000000000004400
 559500: system.cpu: T0 : 0x14b30    : or a5, s2, a5              : IntAlu :  D=0x000000000000444c
 560000: system.cpu: T0 : 0x14b34    : slliw s2, a5, 16           : IntAlu :  D=0x00000000444c0000
 560500: system.cpu: T0 : 0x14b38    : c_mv s3, a0                : IntAlu :  D=0x000000000000000f
 561500: system.cpu: T0 : 0x14b3a    : sraiw s2, s2, 16           : IntAlu :  D=0x000000000000444c
 562500: system.cpu: T0 : 0x14b3e    : addi s5, a0, -2            : IntAlu :  D=0x000000000000000d
 563000: system.cpu: T0 : 0x14b42    : c_addi s4, 2               : IntAlu :  D=0x0000000000050262
 563500: system.cpu: T0 : 0x14b44    : c_beqz s0, -50             : IntAlu : 
 564000: system.cpu: T0 : 0x14b12    : c_ldsp ra, 56(sp)          : MemRead :  D=0x0000000000022c7a A=0x7ffffffffffffd28
 564500: system.cpu: T0 : 0x14b14    : c_mv a0, s0                : IntAlu :  D=0x0000000000000000
 565000: system.cpu: T0 : 0x14b16    : c_ldsp s0, 48(sp)          : MemRead :  D=0x000000000006ef80 A=0x7ffffffffffffd20
 565500: system.cpu: T0 : 0x14b18    : c_ldsp s1, 40(sp)          : MemRead :  D=0x000000000006feb0 A=0x7ffffffffffffd18
 566000: system.cpu: T0 : 0x14b1a    : c_ldsp s2, 32(sp)          : MemRead :  D=0x0000000000072000 A=0x7ffffffffffffd10
 566500: system.cpu: T0 : 0x14b1c    : c_ldsp s3, 24(sp)          : MemRead :  D=0x0000000000072000 A=0x7ffffffffffffd08
 567000: system.cpu: T0 : 0x14b1e    : c_ldsp s4, 16(sp)          : MemRead :  D=0x0000000000070000 A=0x7ffffffffffffd00
 567500: system.cpu: T0 : 0x14b20    : c_ldsp s5, 8(sp)           : MemRead :  D=0x0000000000072000 A=0x7ffffffffffffcf8
 568000: system.cpu: T0 : 0x14b22    : c_ldsp s6, 0(sp)           : MemRead :  D=0x0000000000072000 A=0x7ffffffffffffcf0
 568500: system.cpu: T0 : 0x14b24    : c_addi16sp sp, 64          : IntAlu :  D=0x7ffffffffffffd30
 569000: system.cpu: T0 : 0x14b26    : c_jr ra                    : IntAlu : 
 570000: system.cpu: T0 : 0x22c7a    : jal ra, 99838              : IntAlu :  D=0x0000000000022c7e
 570500: system.cpu: T0 : 0x3b278    : c_addi16sp sp, -64         : IntAlu :  D=0x7ffffffffffffcf0
 571000: system.cpu: T0 : 0x3b27a    : c_sdsp ra, 56(sp)          : MemWrite :  D=0x0000000000022c7e A=0x7ffffffffffffd28
 571500: system.cpu: T0 : 0x3b27c    : c_sdsp s0, 48(sp)          : MemWrite :  D=0x000000000006ef80 A=0x7ffffffffffffd20
 572000: system.cpu: T0 : 0x3b27e    : c_sdsp s2, 32(sp)          : MemWrite :  D=0x0000000000072000 A=0x7ffffffffffffd10
 572500: system.cpu: T0 : 0x3b280    : c_sdsp s3, 24(sp)          : MemWrite :  D=0x0000000000072000 A=0x7ffffffffffffd08
 573000: system.cpu: T0 : 0x3b282    : c_addi4spn s0, sp, 64      : IntAlu :  D=0x7ffffffffffffd30
 573500: system.cpu: T0 : 0x3b284    : c_sdsp s1, 40(sp)          : MemWrite :  D=0x000000000006feb0 A=0x7ffffffffffffd18
 574000: system.cpu: T0 : 0x3b286    : c_sdsp s4, 16(sp)          : MemWrite :  D=0x0000000000070000 A=0x7ffffffffffffd00
 574500: system.cpu: T0 : 0x3b288    : c_sdsp s5, 8(sp)           : MemWrite :  D=0x0000000000072000 A=0x7ffffffffffffcf8
 575500: system.cpu: T0 : 0x3b28a    : lui a5, 114                : IntAlu :  D=0x0000000000072000
 576500: system.cpu: T0 : 0x3b28e    : ld a1, -464(a5)            : MemRead :  D=0x0000000000000000 A=0x71e30
 577500: system.cpu: T0 : 0x3b292    : lui a5, 114                : IntAlu :  D=0x0000000000072000
 578000: system.cpu: T0 : 0x3b296    : c_mv s2, a0                : IntAlu :  D=0x0000000000000000
 578500: system.cpu: T0 : 0x3b298    : lui s3, 111                : IntAlu :  D=0x000000000006f000
 579000: system.cpu: T0 : 0x3b29c    : ld a0, -416(a5)            : MemRead :  D=0x0000000000000000 A=0x71e60
 579500: system.cpu: T0 : 0x3b2a0    : addi s3, s3, -64           : IntAlu :  D=0x000000000006efc0
 580000: system.cpu: T0 : 0x3b2a4    : addi a3, s3, 8             : IntAlu :  D=0x000000000006efc8
 580500: system.cpu: T0 : 0x3b2a8    : addi a2, s3, 16            : IntAlu :  D=0x000000000006efd0
 581000: system.cpu: T0 : 0x3b2ac    : jal ra, 9754               : IntAlu :  D=0x000000000003b2b0
 581500: system.cpu: T0 : 0x3d8c6    : c_addi16sp sp, -192        : IntAlu :  D=0x7ffffffffffffc30
 582000: system.cpu: T0 : 0x3d8c8    : c_sdsp s0, 176(sp)         : MemWrite :  D=0x7ffffffffffffd30 A=0x7ffffffffffffce0
 582500: system.cpu: T0 : 0x3d8ca    : c_sdsp s3, 152(sp)         : MemWrite :  D=0x000000000006efc0 A=0x7ffffffffffffcc8
 583000: system.cpu: T0 : 0x3d8cc    : c_addi4spn s0, sp, 192     : IntAlu :  D=0x7ffffffffffffcf0
 583500: system.cpu: T0 : 0x3d8ce    : c_sdsp s4, 144(sp)         : MemWrite :  D=0x0000000000070000 A=0x7ffffffffffffcc0
 584000: system.cpu: T0 : 0x3d8d0    : c_sdsp s9, 104(sp)         : MemWrite :  D=0x0000000000000000 A=0x7ffffffffffffc98
 584500: system.cpu: T0 : 0x3d8d2    : c_sdsp s11, 88(sp)         : MemWrite :  D=0x0000000000000000 A=0x7ffffffffffffc88
 585000: system.cpu: T0 : 0x3d8d4    : c_sdsp ra, 184(sp)         : MemWrite :  D=0x000000000003b2b0 A=0x7ffffffffffffce8
 585500: system.cpu: T0 : 0x3d8d6    : c_sdsp s1, 168(sp)         : MemWrite :  D=0x000000000006feb0 A=0x7ffffffffffffcd8
 586000: system.cpu: T0 : 0x3d8d8    : c_sdsp s2, 160(sp)         : MemWrite :  D=0x0000000000000000 A=0x7ffffffffffffcd0
 586500: system.cpu: T0 : 0x3d8da    : c_sdsp s5, 136(sp)         : MemWrite :  D=0x0000000000072000 A=0x7ffffffffffffcb8
 587000: system.cpu: T0 : 0x3d8dc    : c_sdsp s6, 128(sp)         : MemWrite :  D=0x0000000000072000 A=0x7ffffffffffffcb0
 587500: system.cpu: T0 : 0x3d8de    : c_sdsp s7, 120(sp)         : MemWrite :  D=0x0000000000000000 A=0x7ffffffffffffca8
 588000: system.cpu: T0 : 0x3d8e0    : c_sdsp s8, 112(sp)         : MemWrite :  D=0x0000000000000000 A=0x7ffffffffffffca0
 588500: system.cpu: T0 : 0x3d8e2    : c_sdsp s10, 96(sp)         : MemWrite :  D=0x0000000000000000 A=0x7ffffffffffffc90
 589000: system.cpu: T0 : 0x3d8e4    : c_mv a5, a2                : IntAlu :  D=0x000000000006efd0
 589500: system.cpu: T0 : 0x3d8e6    : c_mv a4, a1                : IntAlu :  D=0x0000000000000000
 590000: system.cpu: T0 : 0x3d8e8    : c_mv s4, a0                : IntAlu :  D=0x0000000000000000
 590500: system.cpu: T0 : 0x3d8ea    : c_li a2, 0                 : IntAlu :  D=0x0000000000000000
 591000: system.cpu: T0 : 0x3d8ec    : addi a1, s0, -120          : IntAlu :  D=0x7ffffffffffffc78
 591500: system.cpu: T0 : 0x3d8f0    : c_li a0, 8                 : IntAlu :  D=0x0000000000000008
 592500: system.cpu: T0 : 0x3d8f2    : sd a5, -136(s0)            : MemWrite :  D=0x000000000006efd0 A=0x7ffffffffffffc68
 593500: system.cpu: T0 : 0x3d8f6    : sd a3, -160(s0)            : MemWrite :  D=0x000000000006efc8 A=0x7ffffffffffffc50
 594500: system.cpu: T0 : 0x3d8fa    : sd a4, -144(s0)            : MemWrite :  D=0x0000000000000000 A=0x7ffffffffffffc60
 595500: system.cpu: T0 : 0x3d8fe    : jal ra, -111428            : IntAlu :  D=0x000000000003d902
 596000: system.cpu: T0 : 0x225ba    : c_slli a0, 32              : IntAlu :  D=0x0000000800000000
 596500: system.cpu: T0 : 0x225bc    : c_srli a0, 32              : IntAlu :  D=0x0000000000000008
 597500: system.cpu: T0 : 0x225be    : slli a5, a0, 3             : IntAlu :  D=0x0000000000000040
 598000: system.cpu: T0 : 0x225c2    : c_sub a5, a0               : IntAlu :  D=0x0000000000000038
 598500: system.cpu: T0 : 0x225c4    : lui a4, 111                : IntAlu :  D=0x000000000006f000
 599000: system.cpu: T0 : 0x225c8    : addi a4, a4, -1248         : IntAlu :  D=0x000000000006eb20
 599500: system.cpu: T0 : 0x225cc    : c_slli a5, 3               : IntAlu :  D=0x00000000000001c0
 600000: system.cpu: T0 : 0x225ce    : c_add a5, a4               : IntAlu :  D=0x000000000006ece0
 600500: system.cpu: T0 : 0x225d0    : c_lw a3, 8(a5)             : MemRead :  D=0x0000000000000001 A=0x6ece8
 601000: system.cpu: T0 : 0x225d2    : c_li a6, 2                 : IntAlu :  D=0x0000000000000002
 601500: system.cpu: T0 : 0x225d4    : c_ld a5, 32(a5)            : MemRead :  D=0x0000000000000000 A=0x6ed00
 602500: system.cpu: T0 : 0x225d6    : bltu a6, a3, 42            : IntAlu : 
 603000: system.cpu: T0 : 0x225da    : c_bnez a3, 38              : IntAlu : 
 603500: system.cpu: T0 : 0x22600    : c_sd a5, 0(a1)             : MemWrite :  D=0x0000000000000000 A=0x7ffffffffffffc78
 604000: system.cpu: T0 : 0x22602    : c_j -36                    : IntAlu : 
 605000: system.cpu: T0 : 0x225de    : slli a5, a0, 3             : IntAlu :  D=0x0000000000000040
 605500: system.cpu: T0 : 0x225e2    : c_sub a5, a0               : IntAlu :  D=0x0000000000000038
 606000: system.cpu: T0 : 0x225e4    : c_slli a5, 3               : IntAlu :  D=0x00000000000001c0
 607000: system.cpu: T0 : 0x225e6    : add a3, a4, a5             : IntAlu :  D=0x000000000006ece0
 608000: system.cpu: T0 : 0x225ea    : lbu a3, 40(a3)             : MemRead :  D=0x0000000000000000 A=0x6ed08
 608500: system.cpu: T0 : 0x225ee    : c_beqz a3, 16              : IntAlu : 
 609000: system.cpu: T0 : 0x225fe    : c_jr ra                    : IntAlu : 
 610000: system.cpu: T0 : 0x3d902    : ld s11, -120(s0)           : MemRead :  D=0x0000000000000000 A=0x7ffffffffffffc78
 611000: system.cpu: T0 : 0x3d906    : ld s9, -1328(gp)           : MemRead :  D=0x0000000000000000 A=0x70b48
 612000: system.cpu: T0 : 0x3d90a    : sltu a3, zero, s4          : IntAlu :  D=0x0000000000000000
 613000: system.cpu: T0 : 0x3d90e    : and s3, s9, s11            : IntAlu :  D=0x0000000000000000
 614000: system.cpu: T0 : 0x3d912    : beq s3, zero, 1250         : IntAlu : 
 614500: system.cpu: T0 : 0x3ddf4    : addi s2, a3, 1             : IntAlu :  D=0x0000000000000001
 615000: system.cpu: T0 : 0x3ddf8    : c_j -1210                  : IntAlu : 
 616000: system.cpu: T0 : 0x3d93e    : lui a5, 114                : IntAlu :  D=0x0000000000072000
 617000: system.cpu: T0 : 0x3d942    : ld s5, -400(a5)            : MemRead :  D=0x0000000000000000 A=0x71e70
 618000: system.cpu: T0 : 0x3d946    : beq s5, zero, 444          : IntAlu : 
 619000: system.cpu: T0 : 0x3db02    : slli a5, s2, 4             : IntAlu :  D=0x0000000000000010
 620000: system.cpu: T0 : 0x3db06    : sub sp, sp, a5             : IntAlu :  D=0x7ffffffffffffc20
 620500: system.cpu: T0 : 0x3db0a    : c_mv a3, sp                : IntAlu :  D=0x7ffffffffffffc20
 621000: system.cpu: T0 : 0x3db0c    : c_mv s1, a3                : IntAlu :  D=0x7ffffffffffffc20
 621500: system.cpu: T0 : 0x3db0e    : c_li a1, 1                 : IntAlu :  D=0x0000000000000001
 622000: system.cpu: T0 : 0x3db10    : c_li s9, 0                 : IntAlu :  D=0x0000000000000000
 623000: system.cpu: T0 : 0x3db12    : bne s3, zero, -118         : IntAlu : 
 624000: system.cpu: T0 : 0x3db16    : beq s4, zero, 24           : IntAlu : 
 625000: system.cpu: T0 : 0x3db2e    : lui a5, 98                 : IntAlu :  D=0x0000000000062000
 626000: system.cpu: T0 : 0x3db32    : addi a5, a5, 336           : IntAlu :  D=0x0000000000062150
 626500: system.cpu: T0 : 0x3db36    : c_sd a5, 0(a3)             : MemWrite :  D=0x0000000000062150 A=0x7ffffffffffffc20
 627000: system.cpu: T0 : 0x3db38    : c_li a5, 3                 : IntAlu :  D=0x0000000000000003
 627500: system.cpu: T0 : 0x3db3a    : c_sd a5, 8(a3)             : MemWrite :  D=0x0000000000000003 A=0x7ffffffffffffc28
 628000: system.cpu: T0 : 0x3db3c    : bne s2, a1, 706            : IntAlu : 
 628500: system.cpu: T0 : 0x3db40    : c_li a5, 1                 : IntAlu :  D=0x0000000000000001
 629500: system.cpu: T0 : 0x3db42    : ld s9, 8(s1)               : MemRead :  D=0x0000000000000003 A=0x7ffffffffffffc28
 630500: system.cpu: T0 : 0x3db46    : beq s2, a5, 542            : IntAlu : 
 631000: system.cpu: T0 : 0x3dd64    : ld a5, -136(s0)            : MemRead :  D=0x000000000006efd0 A=0x7ffffffffffffc68
 631500: system.cpu: T0 : 0x3dd68    : c_li s2, 2                 : IntAlu :  D=0x0000000000000002
 632500: system.cpu: T0 : 0x3dd6a    : addi a0, s9, 33            : IntAlu :  D=0x0000000000000024
 633500: system.cpu: T0 : 0x3dd6e    : sd s2, 0(a5)               : MemWrite :  D=0x0000000000000002 A=0x6efd0
 634500: system.cpu: T0 : 0x3dd72    : jal ra, -131280            : IntAlu :  D=0x000000000003dd76
 635500: system.cpu: T0 : 0x1dca2    : ld t1, -1848(gp)           : MemRead :  D=0x000000000001dea0 A=0x70940
 636500: system.cpu: T0 : 0x1dca6    : bne t1, zero, 260          : IntAlu : 
 637000: system.cpu: T0 : 0x1ddaa    : c_mv a1, ra                : IntAlu :  D=0x000000000003dd76
 637500: system.cpu: T0 : 0x1ddac    : c_jr t1                    : IntAlu : 
 638000: system.cpu: T0 : 0x1dea0    : lw a5, -1876(gp)           : MemRead :  D=0xffffffffffffffff A=0x70924
 638500: system.cpu: T0 : 0x1dea4    : sd zero, -1848(gp)         : MemWrite :  D=0x0000000000000000 A=0x70940
 639000: system.cpu: T0 : 0x1dea8    : blt a5, zero, 6            : IntAlu : 
 639500: system.cpu: T0 : 0x1deae    : c_addi sp, -32             : IntAlu :  D=0x7ffffffffffffc00
 640000: system.cpu: T0 : 0x1deb0    : c_sdsp ra, 24(sp)          : MemWrite :  D=0x000000000003dd76 A=0x7ffffffffffffc18
 640500: system.cpu: T0 : 0x1deb2    : c_sdsp a0, 8(sp)           : MemWrite :  D=0x0000000000000024 A=0x7ffffffffffffc08
 641000: system.cpu: T0 : 0x1deb4    : jal ra, -11952             : IntAlu :  D=0x000000000001deb8
 641500: system.cpu: T0 : 0x1b004    : c_addi16sp sp, -48         : IntAlu :  D=0x7ffffffffffffbd0
 642000: system.cpu: T0 : 0x1b006    : c_sdsp s1, 24(sp)          : MemWrite :  D=0x7ffffffffffffc20 A=0x7ffffffffffffbe8
 642500: system.cpu: T0 : 0x1b008    : lui s1, 111                : IntAlu :  D=0x000000000006f000
 643000: system.cpu: T0 : 0x1b00c    : ld a3, -1264(s1)           : MemRead :  D=0x6f442f2e2e000000 A=0x6eb10
 643500: system.cpu: T0 : 0x1b010    : lui a0, 111                : IntAlu :  D=0x000000000006f000
 644000: system.cpu: T0 : 0x1b014    : addi a4, a0, 1560          : IntAlu :  D=0x000000000006f618
 644500: system.cpu: T0 : 0x1b018    : c_sdsp ra, 40(sp)          : MemWrite :  D=0x000000000001deb8 A=0x7ffffffffffffbf8
 645000: system.cpu: T0 : 0x1b01a    : c_sdsp s0, 32(sp)          : MemWrite :  D=0x7ffffffffffffcf0 A=0x7ffffffffffffbf0
 645500: system.cpu: T0 : 0x1b01c    : addi a0, a0, 1560          : IntAlu :  D=0x000000000006f618
 646000: system.cpu: T0 : 0x1b020    : sd a4, 56(tp)              : MemWrite :  D=0x000000000006f618 A=0x72748
 646500: system.cpu: T0 : 0x1b024    : c_sdsp a3, 8(sp)           : MemWrite :  D=0x6f442f2e2e000000 A=0x7ffffffffffffbd8
 647500: system.cpu: T0 : 0x1b026    : sw zero, -1876(gp)         : MemWrite :  D=0x0000000000000000 A=0x70924
 648500: system.cpu: T0 : 0x1b02a    : jal ra, -1026              : IntAlu :  D=0x000000000001b02e
 649000: system.cpu: T0 : 0x1ac28    : c_lui a4, 1                : IntAlu :  D=0x0000000000001000
 650000: system.cpu: T0 : 0x1ac2a    : addi a3, a0, 96            : IntAlu :  D=0x000000000006f678
 651000: system.cpu: T0 : 0x1ac2e    : addi a4, a4, -1968         : IntAlu :  D=0x0000000000000850
 651500: system.cpu: T0 : 0x1ac32    : c_mv a5, a3                : IntAlu :  D=0x000000000006f678
 652000: system.cpu: T0 : 0x1ac34    : c_add a4, a0               : IntAlu :  D=0x000000000006fe68
 652500: system.cpu: T0 : 0x1ac36    : c_sd a5, 24(a5)            : MemWrite :  D=0x000000000006f678 A=0x6f690
 653000: system.cpu: T0 : 0x1ac38    : c_sd a5, 16(a5)            : MemWrite :  D=0x000000000006f678 A=0x6f688
 653500: system.cpu: T0 : 0x1ac3a    : c_addi a5, 16              : IntAlu :  D=0x000000000006f688
 654000: system.cpu: T0 : 0x1ac3c    : bne a4, a5, -6             : IntAlu : 
 654500: system.cpu: T0 : 0x1ac36    : c_sd a5, 24(a5)            : MemWrite :  D=0x000000000006f688 A=0x6f6a0
 655000: system.cpu: T0 : 0x1ac38    : c_sd a5, 16(a5)            : MemWrite :  D=0x000000000006f688 A=0x6f698
 655500: system.cpu: T0 : 0x1ac3a    : c_addi a5, 16              : IntAlu :  D=0x000000000006f698
 656000: system.cpu: T0 : 0x1ac3c    : bne a4, a5, -6             : IntAlu : 
 656500: system.cpu: T0 : 0x1ac36    : c_sd a5, 24(a5)            : MemWrite :  D=0x000000000006f698 A=0x6f6b0
 657000: system.cpu: T0 : 0x1ac38    : c_sd a5, 16(a5)            : MemWrite :  D=0x000000000006f698 A=0x6f6a8
 657500: system.cpu: T0 : 0x1ac3a    : c_addi a5, 16              : IntAlu :  D=0x000000000006f6a8
 658000: system.cpu: T0 : 0x1ac3c    : bne a4, a5, -6             : IntAlu : 
 658500: system.cpu: T0 : 0x1ac36    : c_sd a5, 24(a5)            : MemWrite :  D=0x000000000006f6a8 A=0x6f6c0
 659000: system.cpu: T0 : 0x1ac38    : c_sd a5, 16(a5)            : MemWrite :  D=0x000000000006f6a8 A=0x6f6b8
 659500: system.cpu: T0 : 0x1ac3a    : c_addi a5, 16              : IntAlu :  D=0x000000000006f6b8
 660000: system.cpu: T0 : 0x1ac3c    : bne a4, a5, -6             : IntAlu : 
 660500: system.cpu: T0 : 0x1ac36    : c_sd a5, 24(a5)            : MemWrite :  D=0x000000000006f6b8 A=0x6f6d0
 661000: system.cpu: T0 : 0x1ac38    : c_sd a5, 16(a5)            : MemWrite :  D=0x000000000006f6b8 A=0x6f6c8
 661500: system.cpu: T0 : 0x1ac3a    : c_addi a5, 16              : IntAlu :  D=0x000000000006f6c8
 662000: system.cpu: T0 : 0x1ac3c    : bne a4, a5, -6             : IntAlu : 
 662500: system.cpu: T0 : 0x1ac36    : c_sd a5, 24(a5)            : MemWrite :  D=0x000000000006f6c8 A=0x6f6e0
 663000: system.cpu: T0 : 0x1ac38    : c_sd a5, 16(a5)            : MemWrite :  D=0x000000000006f6c8 A=0x6f6d8
 663500: system.cpu: T0 : 0x1ac3a    : c_addi a5, 16              : IntAlu :  D=0x000000000006f6d8
 664000: system.cpu: T0 : 0x1ac3c    : bne a4, a5, -6             : IntAlu : 
 664500: system.cpu: T0 : 0x1ac36    : c_sd a5, 24(a5)            : MemWrite :  D=0x000000000006f6d8 A=0x6f6f0
 665000: system.cpu: T0 : 0x1ac38    : c_sd a5, 16(a5)            : MemWrite :  D=0x000000000006f6d8 A=0x6f6e8
 665500: system.cpu: T0 : 0x1ac3a    : c_addi a5, 16              : IntAlu :  D=0x000000000006f6e8
 666000: system.cpu: T0 : 0x1ac3c    : bne a4, a5, -6             : IntAlu : 
 666500: system.cpu: T0 : 0x1ac36    : c_sd a5, 24(a5)            : MemWrite :  D=0x000000000006f6e8 A=0x6f700
 667000: system.cpu: T0 : 0x1ac38    : c_sd a5, 16(a5)            : MemWrite :  D=0x000000000006f6e8 A=0x6f6f8
 667500: system.cpu: T0 : 0x1ac3a    : c_addi a5, 16              : IntAlu :  D=0x000000000006f6f8
 668000: system.cpu: T0 : 0x1ac3c    : bne a4, a5, -6             : IntAlu : 
 668500: system.cpu: T0 : 0x1ac36    : c_sd a5, 24(a5)            : MemWrite :  D=0x000000000006f6f8 A=0x6f710
 669000: system.cpu: T0 : 0x1ac38    : c_sd a5, 16(a5)            : MemWrite :  D=0x000000000006f6f8 A=0x6f708
 669500: system.cpu: T0 : 0x1ac3a    : c_addi a5, 16              : IntAlu :  D=0x000000000006f708
 670000: system.cpu: T0 : 0x1ac3c    : bne a4, a5, -6             : IntAlu : 
 670500: system.cpu: T0 : 0x1ac36    : c_sd a5, 24(a5)            : MemWrite :  D=0x000000000006f708 A=0x6f720
 671000: system.cpu: T0 : 0x1ac38    : c_sd a5, 16(a5)            : MemWrite :  D=0x000000000006f708 A=0x6f718
 671500: system.cpu: T0 : 0x1ac3a    : c_addi a5, 16              : IntAlu :  D=0x000000000006f718
 672000: system.cpu: T0 : 0x1ac3c    : bne a4, a5, -6             : IntAlu : 
 672500: system.cpu: T0 : 0x1ac36    : c_sd a5, 24(a5)            : MemWrite :  D=0x000000000006f718 A=0x6f730
 673000: system.cpu: T0 : 0x1ac38    : c_sd a5, 16(a5)            : MemWrite :  D=0x000000000006f718 A=0x6f728
 673500: system.cpu: T0 : 0x1ac3a    : c_addi a5, 16              : IntAlu :  D=0x000000000006f728
 674000: system.cpu: T0 : 0x1ac3c    : bne a4, a5, -6             : IntAlu : 
 674500: system.cpu: T0 : 0x1ac36    : c_sd a5, 24(a5)            : MemWrite :  D=0x000000000006f728 A=0x6f740
 675000: system.cpu: T0 : 0x1ac38    : c_sd a5, 16(a5)            : MemWrite :  D=0x000000000006f728 A=0x6f738
 675500: system.cpu: T0 : 0x1ac3a    : c_addi a5, 16              : IntAlu :  D=0x000000000006f738
 676000: system.cpu: T0 : 0x1ac3c    : bne a4, a5, -6             : IntAlu : 
 676500: system.cpu: T0 : 0x1ac36    : c_sd a5, 24(a5)            : MemWrite :  D=0x000000000006f738 A=0x6f750
 677000: system.cpu: T0 : 0x1ac38    : c_sd a5, 16(a5)            : MemWrite :  D=0x000000000006f738 A=0x6f748
 677500: system.cpu: T0 : 0x1ac3a    : c_addi a5, 16              : IntAlu :  D=0x000000000006f748
 678000: system.cpu: T0 : 0x1ac3c    : bne a4, a5, -6             : IntAlu : 
 678500: system.cpu: T0 : 0x1ac36    : c_sd a5, 24(a5)            : MemWrite :  D=0x000000000006f748 A=0x6f760
 679000: system.cpu: T0 : 0x1ac38    : c_sd a5, 16(a5)            : MemWrite :  D=0x000000000006f748 A=0x6f758
 679500: system.cpu: T0 : 0x1ac3a    : c_addi a5, 16              : IntAlu :  D=0x000000000006f758
 680000: system.cpu: T0 : 0x1ac3c    : bne a4, a5, -6             : IntAlu : 
 680500: system.cpu: T0 : 0x1ac36    : c_sd a5, 24(a5)            : MemWrite :  D=0x000000000006f758 A=0x6f770
 681000: system.cpu: T0 : 0x1ac38    : c_sd a5, 16(a5)            : MemWrite :  D=0x000000000006f758 A=0x6f768
 681500: system.cpu: T0 : 0x1ac3a    : c_addi a5, 16              : IntAlu :  D=0x000000000006f768
 682000: system.cpu: T0 : 0x1ac3c    : bne a4, a5, -6             : IntAlu : 
 682500: system.cpu: T0 : 0x1ac36    : c_sd a5, 24(a5)            : MemWrite :  D=0x000000000006f768 A=0x6f780
 683000: system.cpu: T0 : 0x1ac38    : c_sd a5, 16(a5)            : MemWrite :  D=0x000000000006f768 A=0x6f778
 683500: system.cpu: T0 : 0x1ac3a    : c_addi a5, 16              : IntAlu :  D=0x000000000006f778
 684000: system.cpu: T0 : 0x1ac3c    : bne a4, a5, -6             : IntAlu : 
 684500: system.cpu: T0 : 0x1ac36    : c_sd a5, 24(a5)            : MemWrite :  D=0x000000000006f778 A=0x6f790
 685000: system.cpu: T0 : 0x1ac38    : c_sd a5, 16(a5)            : MemWrite :  D=0x000000000006f778 A=0x6f788
 685500: system.cpu: T0 : 0x1ac3a    : c_addi a5, 16              : IntAlu :  D=0x000000000006f788
 686000: system.cpu: T0 : 0x1ac3c    : bne a4, a5, -6             : IntAlu : 
 686500: system.cpu: T0 : 0x1ac36    : c_sd a5, 24(a5)            : MemWrite :  D=0x000000000006f788 A=0x6f7a0
 687000: system.cpu: T0 : 0x1ac38    : c_sd a5, 16(a5)            : MemWrite :  D=0x000000000006f788 A=0x6f798
 687500: system.cpu: T0 : 0x1ac3a    : c_addi a5, 16              : IntAlu :  D=0x000000000006f798
 688000: system.cpu: T0 : 0x1ac3c    : bne a4, a5, -6             : IntAlu : 
 688500: system.cpu: T0 : 0x1ac36    : c_sd a5, 24(a5)            : MemWrite :  D=0x000000000006f798 A=0x6f7b0
 689000: system.cpu: T0 : 0x1ac38    : c_sd a5, 16(a5)            : MemWrite :  D=0x000000000006f798 A=0x6f7a8
 689500: system.cpu: T0 : 0x1ac3a    : c_addi a5, 16              : IntAlu :  D=0x000000000006f7a8
 690000: system.cpu: T0 : 0x1ac3c    : bne a4, a5, -6             : IntAlu : 
 690500: system.cpu: T0 : 0x1ac36    : c_sd a5, 24(a5)            : MemWrite :  D=0x000000000006f7a8 A=0x6f7c0
 691000: system.cpu: T0 : 0x1ac38    : c_sd a5, 16(a5)            : MemWrite :  D=0x000000000006f7a8 A=0x6f7b8
 691500: system.cpu: T0 : 0x1ac3a    : c_addi a5, 16              : IntAlu :  D=0x000000000006f7b8
 692000: system.cpu: T0 : 0x1ac3c    : bne a4, a5, -6             : IntAlu : 
 692500: system.cpu: T0 : 0x1ac36    : c_sd a5, 24(a5)            : MemWrite :  D=0x000000000006f7b8 A=0x6f7d0
 693000: system.cpu: T0 : 0x1ac38    : c_sd a5, 16(a5)            : MemWrite :  D=0x000000000006f7b8 A=0x6f7c8
 693500: system.cpu: T0 : 0x1ac3a    : c_addi a5, 16              : IntAlu :  D=0x000000000006f7c8
 694000: system.cpu: T0 : 0x1ac3c    : bne a4, a5, -6             : IntAlu : 
 694500: system.cpu: T0 : 0x1ac36    : c_sd a5, 24(a5)            : MemWrite :  D=0x000000000006f7c8 A=0x6f7e0
 695000: system.cpu: T0 : 0x1ac38    : c_sd a5, 16(a5)            : MemWrite :  D=0x000000000006f7c8 A=0x6f7d8
 695500: system.cpu: T0 : 0x1ac3a    : c_addi a5, 16              : IntAlu :  D=0x000000000006f7d8
 696000: system.cpu: T0 : 0x1ac3c    : bne a4, a5, -6             : IntAlu : 
 696500: system.cpu: T0 : 0x1ac36    : c_sd a5, 24(a5)            : MemWrite :  D=0x000000000006f7d8 A=0x6f7f0
 697000: system.cpu: T0 : 0x1ac38    : c_sd a5, 16(a5)            : MemWrite :  D=0x000000000006f7d8 A=0x6f7e8
 697500: system.cpu: T0 : 0x1ac3a    : c_addi a5, 16              : IntAlu :  D=0x000000000006f7e8
 698000: system.cpu: T0 : 0x1ac3c    : bne a4, a5, -6             : IntAlu : 
 698500: system.cpu: T0 : 0x1ac36    : c_sd a5, 24(a5)            : MemWrite :  D=0x000000000006f7e8 A=0x6f800
 699000: system.cpu: T0 : 0x1ac38    : c_sd a5, 16(a5)            : MemWrite :  D=0x000000000006f7e8 A=0x6f7f8
 699500: system.cpu: T0 : 0x1ac3a    : c_addi a5, 16              : IntAlu :  D=0x000000000006f7f8
 700000: system.cpu: T0 : 0x1ac3c    : bne a4, a5, -6             : IntAlu : 
 700500: system.cpu: T0 : 0x1ac36    : c_sd a5, 24(a5)            : MemWrite :  D=0x000000000006f7f8 A=0x6f810
 701000: system.cpu: T0 : 0x1ac38    : c_sd a5, 16(a5)            : MemWrite :  D=0x000000000006f7f8 A=0x6f808
 701500: system.cpu: T0 : 0x1ac3a    : c_addi a5, 16              : IntAlu :  D=0x000000000006f808
 702000: system.cpu: T0 : 0x1ac3c    : bne a4, a5, -6             : IntAlu : 
 702500: system.cpu: T0 : 0x1ac36    : c_sd a5, 24(a5)            : MemWrite :  D=0x000000000006f808 A=0x6f820
 703000: system.cpu: T0 : 0x1ac38    : c_sd a5, 16(a5)            : MemWrite :  D=0x000000000006f808 A=0x6f818
 703500: system.cpu: T0 : 0x1ac3a    : c_addi a5, 16              : IntAlu :  D=0x000000000006f818
 704000: system.cpu: T0 : 0x1ac3c    : bne a4, a5, -6             : IntAlu : 
 704500: system.cpu: T0 : 0x1ac36    : c_sd a5, 24(a5)            : MemWrite :  D=0x000000000006f818 A=0x6f830
 705000: system.cpu: T0 : 0x1ac38    : c_sd a5, 16(a5)            : MemWrite :  D=0x000000000006f818 A=0x6f828
 705500: system.cpu: T0 : 0x1ac3a    : c_addi a5, 16              : IntAlu :  D=0x000000000006f828
 706000: system.cpu: T0 : 0x1ac3c    : bne a4, a5, -6             : IntAlu : 
 706500: system.cpu: T0 : 0x1ac36    : c_sd a5, 24(a5)            : MemWrite :  D=0x000000000006f828 A=0x6f840
 707000: system.cpu: T0 : 0x1ac38    : c_sd a5, 16(a5)            : MemWrite :  D=0x000000000006f828 A=0x6f838
 707500: system.cpu: T0 : 0x1ac3a    : c_addi a5, 16              : IntAlu :  D=0x000000000006f838
 708000: system.cpu: T0 : 0x1ac3c    : bne a4, a5, -6             : IntAlu : 
 708500: system.cpu: T0 : 0x1ac36    : c_sd a5, 24(a5)            : MemWrite :  D=0x000000000006f838 A=0x6f850
 709000: system.cpu: T0 : 0x1ac38    : c_sd a5, 16(a5)            : MemWrite :  D=0x000000000006f838 A=0x6f848
 709500: system.cpu: T0 : 0x1ac3a    : c_addi a5, 16              : IntAlu :  D=0x000000000006f848
 710000: system.cpu: T0 : 0x1ac3c    : bne a4, a5, -6             : IntAlu : 
 710500: system.cpu: T0 : 0x1ac36    : c_sd a5, 24(a5)            : MemWrite :  D=0x000000000006f848 A=0x6f860
 711000: system.cpu: T0 : 0x1ac38    : c_sd a5, 16(a5)            : MemWrite :  D=0x000000000006f848 A=0x6f858
 711500: system.cpu: T0 : 0x1ac3a    : c_addi a5, 16              : IntAlu :  D=0x000000000006f858
 712000: system.cpu: T0 : 0x1ac3c    : bne a4, a5, -6             : IntAlu : 
 712500: system.cpu: T0 : 0x1ac36    : c_sd a5, 24(a5)            : MemWrite :  D=0x000000000006f858 A=0x6f870
 713000: system.cpu: T0 : 0x1ac38    : c_sd a5, 16(a5)            : MemWrite :  D=0x000000000006f858 A=0x6f868
 713500: system.cpu: T0 : 0x1ac3a    : c_addi a5, 16              : IntAlu :  D=0x000000000006f868
 714000: system.cpu: T0 : 0x1ac3c    : bne a4, a5, -6             : IntAlu : 
 714500: system.cpu: T0 : 0x1ac36    : c_sd a5, 24(a5)            : MemWrite :  D=0x000000000006f868 A=0x6f880
 715000: system.cpu: T0 : 0x1ac38    : c_sd a5, 16(a5)            : MemWrite :  D=0x000000000006f868 A=0x6f878
 715500: system.cpu: T0 : 0x1ac3a    : c_addi a5, 16              : IntAlu :  D=0x000000000006f878
 716000: system.cpu: T0 : 0x1ac3c    : bne a4, a5, -6             : IntAlu : 
 716500: system.cpu: T0 : 0x1ac36    : c_sd a5, 24(a5)            : MemWrite :  D=0x000000000006f878 A=0x6f890
 717000: system.cpu: T0 : 0x1ac38    : c_sd a5, 16(a5)            : MemWrite :  D=0x000000000006f878 A=0x6f888
 717500: system.cpu: T0 : 0x1ac3a    : c_addi a5, 16              : IntAlu :  D=0x000000000006f888
 718000: system.cpu: T0 : 0x1ac3c    : bne a4, a5, -6             : IntAlu : 
 718500: system.cpu: T0 : 0x1ac36    : c_sd a5, 24(a5)            : MemWrite :  D=0x000000000006f888 A=0x6f8a0
 719000: system.cpu: T0 : 0x1ac38    : c_sd a5, 16(a5)            : MemWrite :  D=0x000000000006f888 A=0x6f898
 719500: system.cpu: T0 : 0x1ac3a    : c_addi a5, 16              : IntAlu :  D=0x000000000006f898
 720000: system.cpu: T0 : 0x1ac3c    : bne a4, a5, -6             : IntAlu : 
 720500: system.cpu: T0 : 0x1ac36    : c_sd a5, 24(a5)            : MemWrite :  D=0x000000000006f898 A=0x6f8b0
 721000: system.cpu: T0 : 0x1ac38    : c_sd a5, 16(a5)            : MemWrite :  D=0x000000000006f898 A=0x6f8a8
 721500: system.cpu: T0 : 0x1ac3a    : c_addi a5, 16              : IntAlu :  D=0x000000000006f8a8
 722000: system.cpu: T0 : 0x1ac3c    : bne a4, a5, -6             : IntAlu : 
 722500: system.cpu: T0 : 0x1ac36    : c_sd a5, 24(a5)            : MemWrite :  D=0x000000000006f8a8 A=0x6f8c0
 723000: system.cpu: T0 : 0x1ac38    : c_sd a5, 16(a5)            : MemWrite :  D=0x000000000006f8a8 A=0x6f8b8
 723500: system.cpu: T0 : 0x1ac3a    : c_addi a5, 16              : IntAlu :  D=0x000000000006f8b8
 724000: system.cpu: T0 : 0x1ac3c    : bne a4, a5, -6             : IntAlu : 
 724500: system.cpu: T0 : 0x1ac36    : c_sd a5, 24(a5)            : MemWrite :  D=0x000000000006f8b8 A=0x6f8d0
 725000: system.cpu: T0 : 0x1ac38    : c_sd a5, 16(a5)            : MemWrite :  D=0x000000000006f8b8 A=0x6f8c8
 725500: system.cpu: T0 : 0x1ac3a    : c_addi a5, 16              : IntAlu :  D=0x000000000006f8c8
 726000: system.cpu: T0 : 0x1ac3c    : bne a4, a5, -6             : IntAlu : 
 726500: system.cpu: T0 : 0x1ac36    : c_sd a5, 24(a5)            : MemWrite :  D=0x000000000006f8c8 A=0x6f8e0
 727000: system.cpu: T0 : 0x1ac38    : c_sd a5, 16(a5)            : MemWrite :  D=0x000000000006f8c8 A=0x6f8d8
 727500: system.cpu: T0 : 0x1ac3a    : c_addi a5, 16              : IntAlu :  D=0x000000000006f8d8
 728000: system.cpu: T0 : 0x1ac3c    : bne a4, a5, -6             : IntAlu : 
 728500: system.cpu: T0 : 0x1ac36    : c_sd a5, 24(a5)            : MemWrite :  D=0x000000000006f8d8 A=0x6f8f0
 729000: system.cpu: T0 : 0x1ac38    : c_sd a5, 16(a5)            : MemWrite :  D=0x000000000006f8d8 A=0x6f8e8
 729500: system.cpu: T0 : 0x1ac3a    : c_addi a5, 16              : IntAlu :  D=0x000000000006f8e8
 730000: system.cpu: T0 : 0x1ac3c    : bne a4, a5, -6             : IntAlu : 
 730500: system.cpu: T0 : 0x1ac36    : c_sd a5, 24(a5)            : MemWrite :  D=0x000000000006f8e8 A=0x6f900
 731000: system.cpu: T0 : 0x1ac38    : c_sd a5, 16(a5)            : MemWrite :  D=0x000000000006f8e8 A=0x6f8f8
 731500: system.cpu: T0 : 0x1ac3a    : c_addi a5, 16              : IntAlu :  D=0x000000000006f8f8
 732000: system.cpu: T0 : 0x1ac3c    : bne a4, a5, -6             : IntAlu : 
 732500: system.cpu: T0 : 0x1ac36    : c_sd a5, 24(a5)            : MemWrite :  D=0x000000000006f8f8 A=0x6f910
 733000: system.cpu: T0 : 0x1ac38    : c_sd a5, 16(a5)            : MemWrite :  D=0x000000000006f8f8 A=0x6f908
 733500: system.cpu: T0 : 0x1ac3a    : c_addi a5, 16              : IntAlu :  D=0x000000000006f908
 734000: system.cpu: T0 : 0x1ac3c    : bne a4, a5, -6             : IntAlu : 
 734500: system.cpu: T0 : 0x1ac36    : c_sd a5, 24(a5)            : MemWrite :  D=0x000000000006f908 A=0x6f920
 735000: system.cpu: T0 : 0x1ac38    : c_sd a5, 16(a5)            : MemWrite :  D=0x000000000006f908 A=0x6f918
 735500: system.cpu: T0 : 0x1ac3a    : c_addi a5, 16              : IntAlu :  D=0x000000000006f918
 736000: system.cpu: T0 : 0x1ac3c    : bne a4, a5, -6             : IntAlu : 
 736500: system.cpu: T0 : 0x1ac36    : c_sd a5, 24(a5)            : MemWrite :  D=0x000000000006f918 A=0x6f930
 737000: system.cpu: T0 : 0x1ac38    : c_sd a5, 16(a5)            : MemWrite :  D=0x000000000006f918 A=0x6f928
 737500: system.cpu: T0 : 0x1ac3a    : c_addi a5, 16              : IntAlu :  D=0x000000000006f928
 738000: system.cpu: T0 : 0x1ac3c    : bne a4, a5, -6             : IntAlu : 
 738500: system.cpu: T0 : 0x1ac36    : c_sd a5, 24(a5)            : MemWrite :  D=0x000000000006f928 A=0x6f940
 739000: system.cpu: T0 : 0x1ac38    : c_sd a5, 16(a5)            : MemWrite :  D=0x000000000006f928 A=0x6f938
 739500: system.cpu: T0 : 0x1ac3a    : c_addi a5, 16              : IntAlu :  D=0x000000000006f938
 740000: system.cpu: T0 : 0x1ac3c    : bne a4, a5, -6             : IntAlu : 
 740500: system.cpu: T0 : 0x1ac36    : c_sd a5, 24(a5)            : MemWrite :  D=0x000000000006f938 A=0x6f950
 741000: system.cpu: T0 : 0x1ac38    : c_sd a5, 16(a5)            : MemWrite :  D=0x000000000006f938 A=0x6f948
 741500: system.cpu: T0 : 0x1ac3a    : c_addi a5, 16              : IntAlu :  D=0x000000000006f948
 742000: system.cpu: T0 : 0x1ac3c    : bne a4, a5, -6             : IntAlu : 
 742500: system.cpu: T0 : 0x1ac36    : c_sd a5, 24(a5)            : MemWrite :  D=0x000000000006f948 A=0x6f960
 743000: system.cpu: T0 : 0x1ac38    : c_sd a5, 16(a5)            : MemWrite :  D=0x000000000006f948 A=0x6f958
 743500: system.cpu: T0 : 0x1ac3a    : c_addi a5, 16              : IntAlu :  D=0x000000000006f958
 744000: system.cpu: T0 : 0x1ac3c    : bne a4, a5, -6             : IntAlu : 
 744500: system.cpu: T0 : 0x1ac36    : c_sd a5, 24(a5)            : MemWrite :  D=0x000000000006f958 A=0x6f970
 745000: system.cpu: T0 : 0x1ac38    : c_sd a5, 16(a5)            : MemWrite :  D=0x000000000006f958 A=0x6f968
 745500: system.cpu: T0 : 0x1ac3a    : c_addi a5, 16              : IntAlu :  D=0x000000000006f968
 746000: system.cpu: T0 : 0x1ac3c    : bne a4, a5, -6             : IntAlu : 
 746500: system.cpu: T0 : 0x1ac36    : c_sd a5, 24(a5)            : MemWrite :  D=0x000000000006f968 A=0x6f980
 747000: system.cpu: T0 : 0x1ac38    : c_sd a5, 16(a5)            : MemWrite :  D=0x000000000006f968 A=0x6f978
 747500: system.cpu: T0 : 0x1ac3a    : c_addi a5, 16              : IntAlu :  D=0x000000000006f978
 748000: system.cpu: T0 : 0x1ac3c    : bne a4, a5, -6             : IntAlu : 
 748500: system.cpu: T0 : 0x1ac36    : c_sd a5, 24(a5)            : MemWrite :  D=0x000000000006f978 A=0x6f990
 749000: system.cpu: T0 : 0x1ac38    : c_sd a5, 16(a5)            : MemWrite :  D=0x000000000006f978 A=0x6f988
 749500: system.cpu: T0 : 0x1ac3a    : c_addi a5, 16              : IntAlu :  D=0x000000000006f988
 750000: system.cpu: T0 : 0x1ac3c    : bne a4, a5, -6             : IntAlu : 
 750500: system.cpu: T0 : 0x1ac36    : c_sd a5, 24(a5)            : MemWrite :  D=0x000000000006f988 A=0x6f9a0
 751000: system.cpu: T0 : 0x1ac38    : c_sd a5, 16(a5)            : MemWrite :  D=0x000000000006f988 A=0x6f998
 751500: system.cpu: T0 : 0x1ac3a    : c_addi a5, 16              : IntAlu :  D=0x000000000006f998
 752000: system.cpu: T0 : 0x1ac3c    : bne a4, a5, -6             : IntAlu : 
 752500: system.cpu: T0 : 0x1ac36    : c_sd a5, 24(a5)            : MemWrite :  D=0x000000000006f998 A=0x6f9b0
 753000: system.cpu: T0 : 0x1ac38    : c_sd a5, 16(a5)            : MemWrite :  D=0x000000000006f998 A=0x6f9a8
 753500: system.cpu: T0 : 0x1ac3a    : c_addi a5, 16              : IntAlu :  D=0x000000000006f9a8
 754000: system.cpu: T0 : 0x1ac3c    : bne a4, a5, -6             : IntAlu : 
 754500: system.cpu: T0 : 0x1ac36    : c_sd a5, 24(a5)            : MemWrite :  D=0x000000000006f9a8 A=0x6f9c0
 755000: system.cpu: T0 : 0x1ac38    : c_sd a5, 16(a5)            : MemWrite :  D=0x000000000006f9a8 A=0x6f9b8
 755500: system.cpu: T0 : 0x1ac3a    : c_addi a5, 16              : IntAlu :  D=0x000000000006f9b8
 756000: system.cpu: T0 : 0x1ac3c    : bne a4, a5, -6             : IntAlu : 
 756500: system.cpu: T0 : 0x1ac36    : c_sd a5, 24(a5)            : MemWrite :  D=0x000000000006f9b8 A=0x6f9d0
 757000: system.cpu: T0 : 0x1ac38    : c_sd a5, 16(a5)            : MemWrite :  D=0x000000000006f9b8 A=0x6f9c8
 757500: system.cpu: T0 : 0x1ac3a    : c_addi a5, 16              : IntAlu :  D=0x000000000006f9c8
 758000: system.cpu: T0 : 0x1ac3c    : bne a4, a5, -6             : IntAlu : 
 758500: system.cpu: T0 : 0x1ac36    : c_sd a5, 24(a5)            : MemWrite :  D=0x000000000006f9c8 A=0x6f9e0
 759000: system.cpu: T0 : 0x1ac38    : c_sd a5, 16(a5)            : MemWrite :  D=0x000000000006f9c8 A=0x6f9d8
 759500: system.cpu: T0 : 0x1ac3a    : c_addi a5, 16              : IntAlu :  D=0x000000000006f9d8
 760000: system.cpu: T0 : 0x1ac3c    : bne a4, a5, -6             : IntAlu : 
 760500: system.cpu: T0 : 0x1ac36    : c_sd a5, 24(a5)            : MemWrite :  D=0x000000000006f9d8 A=0x6f9f0
 761000: system.cpu: T0 : 0x1ac38    : c_sd a5, 16(a5)            : MemWrite :  D=0x000000000006f9d8 A=0x6f9e8
 761500: system.cpu: T0 : 0x1ac3a    : c_addi a5, 16              : IntAlu :  D=0x000000000006f9e8
 762000: system.cpu: T0 : 0x1ac3c    : bne a4, a5, -6             : IntAlu : 
 762500: system.cpu: T0 : 0x1ac36    : c_sd a5, 24(a5)            : MemWrite :  D=0x000000000006f9e8 A=0x6fa00
 763000: system.cpu: T0 : 0x1ac38    : c_sd a5, 16(a5)            : MemWrite :  D=0x000000000006f9e8 A=0x6f9f8
 763500: system.cpu: T0 : 0x1ac3a    : c_addi a5, 16              : IntAlu :  D=0x000000000006f9f8
 764000: system.cpu: T0 : 0x1ac3c    : bne a4, a5, -6             : IntAlu : 
 764500: system.cpu: T0 : 0x1ac36    : c_sd a5, 24(a5)            : MemWrite :  D=0x000000000006f9f8 A=0x6fa10
 765000: system.cpu: T0 : 0x1ac38    : c_sd a5, 16(a5)            : MemWrite :  D=0x000000000006f9f8 A=0x6fa08
 765500: system.cpu: T0 : 0x1ac3a    : c_addi a5, 16              : IntAlu :  D=0x000000000006fa08
 766000: system.cpu: T0 : 0x1ac3c    : bne a4, a5, -6             : IntAlu : 
 766500: system.cpu: T0 : 0x1ac36    : c_sd a5, 24(a5)            : MemWrite :  D=0x000000000006fa08 A=0x6fa20
 767000: system.cpu: T0 : 0x1ac38    : c_sd a5, 16(a5)            : MemWrite :  D=0x000000000006fa08 A=0x6fa18
 767500: system.cpu: T0 : 0x1ac3a    : c_addi a5, 16              : IntAlu :  D=0x000000000006fa18
 768000: system.cpu: T0 : 0x1ac3c    : bne a4, a5, -6             : IntAlu : 
 768500: system.cpu: T0 : 0x1ac36    : c_sd a5, 24(a5)            : MemWrite :  D=0x000000000006fa18 A=0x6fa30
 769000: system.cpu: T0 : 0x1ac38    : c_sd a5, 16(a5)            : MemWrite :  D=0x000000000006fa18 A=0x6fa28
 769500: system.cpu: T0 : 0x1ac3a    : c_addi a5, 16              : IntAlu :  D=0x000000000006fa28
 770000: system.cpu: T0 : 0x1ac3c    : bne a4, a5, -6             : IntAlu : 
 770500: system.cpu: T0 : 0x1ac36    : c_sd a5, 24(a5)            : MemWrite :  D=0x000000000006fa28 A=0x6fa40
 771000: system.cpu: T0 : 0x1ac38    : c_sd a5, 16(a5)            : MemWrite :  D=0x000000000006fa28 A=0x6fa38
 771500: system.cpu: T0 : 0x1ac3a    : c_addi a5, 16              : IntAlu :  D=0x000000000006fa38
 772000: system.cpu: T0 : 0x1ac3c    : bne a4, a5, -6             : IntAlu : 
 772500: system.cpu: T0 : 0x1ac36    : c_sd a5, 24(a5)            : MemWrite :  D=0x000000000006fa38 A=0x6fa50
 773000: system.cpu: T0 : 0x1ac38    : c_sd a5, 16(a5)            : MemWrite :  D=0x000000000006fa38 A=0x6fa48
 773500: system.cpu: T0 : 0x1ac3a    : c_addi a5, 16              : IntAlu :  D=0x000000000006fa48
 774000: system.cpu: T0 : 0x1ac3c    : bne a4, a5, -6             : IntAlu : 
 774500: system.cpu: T0 : 0x1ac36    : c_sd a5, 24(a5)            : MemWrite :  D=0x000000000006fa48 A=0x6fa60
 775000: system.cpu: T0 : 0x1ac38    : c_sd a5, 16(a5)            : MemWrite :  D=0x000000000006fa48 A=0x6fa58
 775500: system.cpu: T0 : 0x1ac3a    : c_addi a5, 16              : IntAlu :  D=0x000000000006fa58
 776000: system.cpu: T0 : 0x1ac3c    : bne a4, a5, -6             : IntAlu : 
 776500: system.cpu: T0 : 0x1ac36    : c_sd a5, 24(a5)            : MemWrite :  D=0x000000000006fa58 A=0x6fa70
 777000: system.cpu: T0 : 0x1ac38    : c_sd a5, 16(a5)            : MemWrite :  D=0x000000000006fa58 A=0x6fa68
 777500: system.cpu: T0 : 0x1ac3a    : c_addi a5, 16              : IntAlu :  D=0x000000000006fa68
 778000: system.cpu: T0 : 0x1ac3c    : bne a4, a5, -6             : IntAlu : 
 778500: system.cpu: T0 : 0x1ac36    : c_sd a5, 24(a5)            : MemWrite :  D=0x000000000006fa68 A=0x6fa80
 779000: system.cpu: T0 : 0x1ac38    : c_sd a5, 16(a5)            : MemWrite :  D=0x000000000006fa68 A=0x6fa78
 779500: system.cpu: T0 : 0x1ac3a    : c_addi a5, 16              : IntAlu :  D=0x000000000006fa78
 780000: system.cpu: T0 : 0x1ac3c    : bne a4, a5, -6             : IntAlu : 
 780500: system.cpu: T0 : 0x1ac36    : c_sd a5, 24(a5)            : MemWrite :  D=0x000000000006fa78 A=0x6fa90
 781000: system.cpu: T0 : 0x1ac38    : c_sd a5, 16(a5)            : MemWrite :  D=0x000000000006fa78 A=0x6fa88
 781500: system.cpu: T0 : 0x1ac3a    : c_addi a5, 16              : IntAlu :  D=0x000000000006fa88
 782000: system.cpu: T0 : 0x1ac3c    : bne a4, a5, -6             : IntAlu : 
 782500: system.cpu: T0 : 0x1ac36    : c_sd a5, 24(a5)            : MemWrite :  D=0x000000000006fa88 A=0x6faa0
 783000: system.cpu: T0 : 0x1ac38    : c_sd a5, 16(a5)            : MemWrite :  D=0x000000000006fa88 A=0x6fa98
 783500: system.cpu: T0 : 0x1ac3a    : c_addi a5, 16              : IntAlu :  D=0x000000000006fa98
 784000: system.cpu: T0 : 0x1ac3c    : bne a4, a5, -6             : IntAlu : 
 784500: system.cpu: T0 : 0x1ac36    : c_sd a5, 24(a5)            : MemWrite :  D=0x000000000006fa98 A=0x6fab0
 785000: system.cpu: T0 : 0x1ac38    : c_sd a5, 16(a5)            : MemWrite :  D=0x000000000006fa98 A=0x6faa8
 785500: system.cpu: T0 : 0x1ac3a    : c_addi a5, 16              : IntAlu :  D=0x000000000006faa8
 786000: system.cpu: T0 : 0x1ac3c    : bne a4, a5, -6             : IntAlu : 
 786500: system.cpu: T0 : 0x1ac36    : c_sd a5, 24(a5)            : MemWrite :  D=0x000000000006faa8 A=0x6fac0
 787000: system.cpu: T0 : 0x1ac38    : c_sd a5, 16(a5)            : MemWrite :  D=0x000000000006faa8 A=0x6fab8
 787500: system.cpu: T0 : 0x1ac3a    : c_addi a5, 16              : IntAlu :  D=0x000000000006fab8
 788000: system.cpu: T0 : 0x1ac3c    : bne a4, a5, -6             : IntAlu : 
 788500: system.cpu: T0 : 0x1ac36    : c_sd a5, 24(a5)            : MemWrite :  D=0x000000000006fab8 A=0x6fad0
 789000: system.cpu: T0 : 0x1ac38    : c_sd a5, 16(a5)            : MemWrite :  D=0x000000000006fab8 A=0x6fac8
 789500: system.cpu: T0 : 0x1ac3a    : c_addi a5, 16              : IntAlu :  D=0x000000000006fac8
 790000: system.cpu: T0 : 0x1ac3c    : bne a4, a5, -6             : IntAlu : 
 790500: system.cpu: T0 : 0x1ac36    : c_sd a5, 24(a5)            : MemWrite :  D=0x000000000006fac8 A=0x6fae0
 791000: system.cpu: T0 : 0x1ac38    : c_sd a5, 16(a5)            : MemWrite :  D=0x000000000006fac8 A=0x6fad8
 791500: system.cpu: T0 : 0x1ac3a    : c_addi a5, 16              : IntAlu :  D=0x000000000006fad8
 792000: system.cpu: T0 : 0x1ac3c    : bne a4, a5, -6             : IntAlu : 
 792500: system.cpu: T0 : 0x1ac36    : c_sd a5, 24(a5)            : MemWrite :  D=0x000000000006fad8 A=0x6faf0
 793000: system.cpu: T0 : 0x1ac38    : c_sd a5, 16(a5)            : MemWrite :  D=0x000000000006fad8 A=0x6fae8
 793500: system.cpu: T0 : 0x1ac3a    : c_addi a5, 16              : IntAlu :  D=0x000000000006fae8
 794000: system.cpu: T0 : 0x1ac3c    : bne a4, a5, -6             : IntAlu : 
 794500: system.cpu: T0 : 0x1ac36    : c_sd a5, 24(a5)            : MemWrite :  D=0x000000000006fae8 A=0x6fb00
 795000: system.cpu: T0 : 0x1ac38    : c_sd a5, 16(a5)            : MemWrite :  D=0x000000000006fae8 A=0x6faf8
 795500: system.cpu: T0 : 0x1ac3a    : c_addi a5, 16              : IntAlu :  D=0x000000000006faf8
 796000: system.cpu: T0 : 0x1ac3c    : bne a4, a5, -6             : IntAlu : 
 796500: system.cpu: T0 : 0x1ac36    : c_sd a5, 24(a5)            : MemWrite :  D=0x000000000006faf8 A=0x6fb10
 797000: system.cpu: T0 : 0x1ac38    : c_sd a5, 16(a5)            : MemWrite :  D=0x000000000006faf8 A=0x6fb08
 797500: system.cpu: T0 : 0x1ac3a    : c_addi a5, 16              : IntAlu :  D=0x000000000006fb08
 798000: system.cpu: T0 : 0x1ac3c    : bne a4, a5, -6             : IntAlu : 
 798500: system.cpu: T0 : 0x1ac36    : c_sd a5, 24(a5)            : MemWrite :  D=0x000000000006fb08 A=0x6fb20
 799000: system.cpu: T0 : 0x1ac38    : c_sd a5, 16(a5)            : MemWrite :  D=0x000000000006fb08 A=0x6fb18
 799500: system.cpu: T0 : 0x1ac3a    : c_addi a5, 16              : IntAlu :  D=0x000000000006fb18
 800000: system.cpu: T0 : 0x1ac3c    : bne a4, a5, -6             : IntAlu : 
 800500: system.cpu: T0 : 0x1ac36    : c_sd a5, 24(a5)            : MemWrite :  D=0x000000000006fb18 A=0x6fb30
 801000: system.cpu: T0 : 0x1ac38    : c_sd a5, 16(a5)            : MemWrite :  D=0x000000000006fb18 A=0x6fb28
 801500: system.cpu: T0 : 0x1ac3a    : c_addi a5, 16              : IntAlu :  D=0x000000000006fb28
 802000: system.cpu: T0 : 0x1ac3c    : bne a4, a5, -6             : IntAlu : 
 802500: system.cpu: T0 : 0x1ac36    : c_sd a5, 24(a5)            : MemWrite :  D=0x000000000006fb28 A=0x6fb40
 803000: system.cpu: T0 : 0x1ac38    : c_sd a5, 16(a5)            : MemWrite :  D=0x000000000006fb28 A=0x6fb38
 803500: system.cpu: T0 : 0x1ac3a    : c_addi a5, 16              : IntAlu :  D=0x000000000006fb38
 804000: system.cpu: T0 : 0x1ac3c    : bne a4, a5, -6             : IntAlu : 
 804500: system.cpu: T0 : 0x1ac36    : c_sd a5, 24(a5)            : MemWrite :  D=0x000000000006fb38 A=0x6fb50
 805000: system.cpu: T0 : 0x1ac38    : c_sd a5, 16(a5)            : MemWrite :  D=0x000000000006fb38 A=0x6fb48
 805500: system.cpu: T0 : 0x1ac3a    : c_addi a5, 16              : IntAlu :  D=0x000000000006fb48
 806000: system.cpu: T0 : 0x1ac3c    : bne a4, a5, -6             : IntAlu : 
 806500: system.cpu: T0 : 0x1ac36    : c_sd a5, 24(a5)            : MemWrite :  D=0x000000000006fb48 A=0x6fb60
 807000: system.cpu: T0 : 0x1ac38    : c_sd a5, 16(a5)            : MemWrite :  D=0x000000000006fb48 A=0x6fb58
 807500: system.cpu: T0 : 0x1ac3a    : c_addi a5, 16              : IntAlu :  D=0x000000000006fb58
 808000: system.cpu: T0 : 0x1ac3c    : bne a4, a5, -6             : IntAlu : 
 808500: system.cpu: T0 : 0x1ac36    : c_sd a5, 24(a5)            : MemWrite :  D=0x000000000006fb58 A=0x6fb70
 809000: system.cpu: T0 : 0x1ac38    : c_sd a5, 16(a5)            : MemWrite :  D=0x000000000006fb58 A=0x6fb68
 809500: system.cpu: T0 : 0x1ac3a    : c_addi a5, 16              : IntAlu :  D=0x000000000006fb68
 810000: system.cpu: T0 : 0x1ac3c    : bne a4, a5, -6             : IntAlu : 
 810500: system.cpu: T0 : 0x1ac36    : c_sd a5, 24(a5)            : MemWrite :  D=0x000000000006fb68 A=0x6fb80
 811000: system.cpu: T0 : 0x1ac38    : c_sd a5, 16(a5)            : MemWrite :  D=0x000000000006fb68 A=0x6fb78
 811500: system.cpu: T0 : 0x1ac3a    : c_addi a5, 16              : IntAlu :  D=0x000000000006fb78
 812000: system.cpu: T0 : 0x1ac3c    : bne a4, a5, -6             : IntAlu : 
 812500: system.cpu: T0 : 0x1ac36    : c_sd a5, 24(a5)            : MemWrite :  D=0x000000000006fb78 A=0x6fb90
 813000: system.cpu: T0 : 0x1ac38    : c_sd a5, 16(a5)            : MemWrite :  D=0x000000000006fb78 A=0x6fb88
 813500: system.cpu: T0 : 0x1ac3a    : c_addi a5, 16              : IntAlu :  D=0x000000000006fb88
 814000: system.cpu: T0 : 0x1ac3c    : bne a4, a5, -6             : IntAlu : 
 814500: system.cpu: T0 : 0x1ac36    : c_sd a5, 24(a5)            : MemWrite :  D=0x000000000006fb88 A=0x6fba0
 815000: system.cpu: T0 : 0x1ac38    : c_sd a5, 16(a5)            : MemWrite :  D=0x000000000006fb88 A=0x6fb98
 815500: system.cpu: T0 : 0x1ac3a    : c_addi a5, 16              : IntAlu :  D=0x000000000006fb98
 816000: system.cpu: T0 : 0x1ac3c    : bne a4, a5, -6             : IntAlu : 
 816500: system.cpu: T0 : 0x1ac36    : c_sd a5, 24(a5)            : MemWrite :  D=0x000000000006fb98 A=0x6fbb0
 817000: system.cpu: T0 : 0x1ac38    : c_sd a5, 16(a5)            : MemWrite :  D=0x000000000006fb98 A=0x6fba8
 817500: system.cpu: T0 : 0x1ac3a    : c_addi a5, 16              : IntAlu :  D=0x000000000006fba8
 818000: system.cpu: T0 : 0x1ac3c    : bne a4, a5, -6             : IntAlu : 
 818500: system.cpu: T0 : 0x1ac36    : c_sd a5, 24(a5)            : MemWrite :  D=0x000000000006fba8 A=0x6fbc0
 819000: system.cpu: T0 : 0x1ac38    : c_sd a5, 16(a5)            : MemWrite :  D=0x000000000006fba8 A=0x6fbb8
 819500: system.cpu: T0 : 0x1ac3a    : c_addi a5, 16              : IntAlu :  D=0x000000000006fbb8
 820000: system.cpu: T0 : 0x1ac3c    : bne a4, a5, -6             : IntAlu : 
 820500: system.cpu: T0 : 0x1ac36    : c_sd a5, 24(a5)            : MemWrite :  D=0x000000000006fbb8 A=0x6fbd0
 821000: system.cpu: T0 : 0x1ac38    : c_sd a5, 16(a5)            : MemWrite :  D=0x000000000006fbb8 A=0x6fbc8
 821500: system.cpu: T0 : 0x1ac3a    : c_addi a5, 16              : IntAlu :  D=0x000000000006fbc8
 822000: system.cpu: T0 : 0x1ac3c    : bne a4, a5, -6             : IntAlu : 
 822500: system.cpu: T0 : 0x1ac36    : c_sd a5, 24(a5)            : MemWrite :  D=0x000000000006fbc8 A=0x6fbe0
 823000: system.cpu: T0 : 0x1ac38    : c_sd a5, 16(a5)            : MemWrite :  D=0x000000000006fbc8 A=0x6fbd8
 823500: system.cpu: T0 : 0x1ac3a    : c_addi a5, 16              : IntAlu :  D=0x000000000006fbd8
 824000: system.cpu: T0 : 0x1ac3c    : bne a4, a5, -6             : IntAlu : 
 824500: system.cpu: T0 : 0x1ac36    : c_sd a5, 24(a5)            : MemWrite :  D=0x000000000006fbd8 A=0x6fbf0
 825000: system.cpu: T0 : 0x1ac38    : c_sd a5, 16(a5)            : MemWrite :  D=0x000000000006fbd8 A=0x6fbe8
 825500: system.cpu: T0 : 0x1ac3a    : c_addi a5, 16              : IntAlu :  D=0x000000000006fbe8
 826000: system.cpu: T0 : 0x1ac3c    : bne a4, a5, -6             : IntAlu : 
 826500: system.cpu: T0 : 0x1ac36    : c_sd a5, 24(a5)            : MemWrite :  D=0x000000000006fbe8 A=0x6fc00
 827000: system.cpu: T0 : 0x1ac38    : c_sd a5, 16(a5)            : MemWrite :  D=0x000000000006fbe8 A=0x6fbf8
 827500: system.cpu: T0 : 0x1ac3a    : c_addi a5, 16              : IntAlu :  D=0x000000000006fbf8
 828000: system.cpu: T0 : 0x1ac3c    : bne a4, a5, -6             : IntAlu : 
 828500: system.cpu: T0 : 0x1ac36    : c_sd a5, 24(a5)            : MemWrite :  D=0x000000000006fbf8 A=0x6fc10
 829000: system.cpu: T0 : 0x1ac38    : c_sd a5, 16(a5)            : MemWrite :  D=0x000000000006fbf8 A=0x6fc08
 829500: system.cpu: T0 : 0x1ac3a    : c_addi a5, 16              : IntAlu :  D=0x000000000006fc08
 830000: system.cpu: T0 : 0x1ac3c    : bne a4, a5, -6             : IntAlu : 
 830500: system.cpu: T0 : 0x1ac36    : c_sd a5, 24(a5)            : MemWrite :  D=0x000000000006fc08 A=0x6fc20
 831000: system.cpu: T0 : 0x1ac38    : c_sd a5, 16(a5)            : MemWrite :  D=0x000000000006fc08 A=0x6fc18
 831500: system.cpu: T0 : 0x1ac3a    : c_addi a5, 16              : IntAlu :  D=0x000000000006fc18
 832000: system.cpu: T0 : 0x1ac3c    : bne a4, a5, -6             : IntAlu : 
 832500: system.cpu: T0 : 0x1ac36    : c_sd a5, 24(a5)            : MemWrite :  D=0x000000000006fc18 A=0x6fc30
 833000: system.cpu: T0 : 0x1ac38    : c_sd a5, 16(a5)            : MemWrite :  D=0x000000000006fc18 A=0x6fc28
 833500: system.cpu: T0 : 0x1ac3a    : c_addi a5, 16              : IntAlu :  D=0x000000000006fc28
 834000: system.cpu: T0 : 0x1ac3c    : bne a4, a5, -6             : IntAlu : 
 834500: system.cpu: T0 : 0x1ac36    : c_sd a5, 24(a5)            : MemWrite :  D=0x000000000006fc28 A=0x6fc40
 835000: system.cpu: T0 : 0x1ac38    : c_sd a5, 16(a5)            : MemWrite :  D=0x000000000006fc28 A=0x6fc38
 835500: system.cpu: T0 : 0x1ac3a    : c_addi a5, 16              : IntAlu :  D=0x000000000006fc38
 836000: system.cpu: T0 : 0x1ac3c    : bne a4, a5, -6             : IntAlu : 
 836500: system.cpu: T0 : 0x1ac36    : c_sd a5, 24(a5)            : MemWrite :  D=0x000000000006fc38 A=0x6fc50
 837000: system.cpu: T0 : 0x1ac38    : c_sd a5, 16(a5)            : MemWrite :  D=0x000000000006fc38 A=0x6fc48
 837500: system.cpu: T0 : 0x1ac3a    : c_addi a5, 16              : IntAlu :  D=0x000000000006fc48
 838000: system.cpu: T0 : 0x1ac3c    : bne a4, a5, -6             : IntAlu : 
 838500: system.cpu: T0 : 0x1ac36    : c_sd a5, 24(a5)            : MemWrite :  D=0x000000000006fc48 A=0x6fc60
 839000: system.cpu: T0 : 0x1ac38    : c_sd a5, 16(a5)            : MemWrite :  D=0x000000000006fc48 A=0x6fc58
 839500: system.cpu: T0 : 0x1ac3a    : c_addi a5, 16              : IntAlu :  D=0x000000000006fc58
 840000: system.cpu: T0 : 0x1ac3c    : bne a4, a5, -6             : IntAlu : 
 840500: system.cpu: T0 : 0x1ac36    : c_sd a5, 24(a5)            : MemWrite :  D=0x000000000006fc58 A=0x6fc70
 841000: system.cpu: T0 : 0x1ac38    : c_sd a5, 16(a5)            : MemWrite :  D=0x000000000006fc58 A=0x6fc68
 841500: system.cpu: T0 : 0x1ac3a    : c_addi a5, 16              : IntAlu :  D=0x000000000006fc68
 842000: system.cpu: T0 : 0x1ac3c    : bne a4, a5, -6             : IntAlu : 
 842500: system.cpu: T0 : 0x1ac36    : c_sd a5, 24(a5)            : MemWrite :  D=0x000000000006fc68 A=0x6fc80
 843000: system.cpu: T0 : 0x1ac38    : c_sd a5, 16(a5)            : MemWrite :  D=0x000000000006fc68 A=0x6fc78
 843500: system.cpu: T0 : 0x1ac3a    : c_addi a5, 16              : IntAlu :  D=0x000000000006fc78
 844000: system.cpu: T0 : 0x1ac3c    : bne a4, a5, -6             : IntAlu : 
 844500: system.cpu: T0 : 0x1ac36    : c_sd a5, 24(a5)            : MemWrite :  D=0x000000000006fc78 A=0x6fc90
 845000: system.cpu: T0 : 0x1ac38    : c_sd a5, 16(a5)            : MemWrite :  D=0x000000000006fc78 A=0x6fc88
 845500: system.cpu: T0 : 0x1ac3a    : c_addi a5, 16              : IntAlu :  D=0x000000000006fc88
 846000: system.cpu: T0 : 0x1ac3c    : bne a4, a5, -6             : IntAlu : 
 846500: system.cpu: T0 : 0x1ac36    : c_sd a5, 24(a5)            : MemWrite :  D=0x000000000006fc88 A=0x6fca0
 847000: system.cpu: T0 : 0x1ac38    : c_sd a5, 16(a5)            : MemWrite :  D=0x000000000006fc88 A=0x6fc98
 847500: system.cpu: T0 : 0x1ac3a    : c_addi a5, 16              : IntAlu :  D=0x000000000006fc98
 848000: system.cpu: T0 : 0x1ac3c    : bne a4, a5, -6             : IntAlu : 
 848500: system.cpu: T0 : 0x1ac36    : c_sd a5, 24(a5)            : MemWrite :  D=0x000000000006fc98 A=0x6fcb0
 849000: system.cpu: T0 : 0x1ac38    : c_sd a5, 16(a5)            : MemWrite :  D=0x000000000006fc98 A=0x6fca8
 849500: system.cpu: T0 : 0x1ac3a    : c_addi a5, 16              : IntAlu :  D=0x000000000006fca8
 850000: system.cpu: T0 : 0x1ac3c    : bne a4, a5, -6             : IntAlu : 
 850500: system.cpu: T0 : 0x1ac36    : c_sd a5, 24(a5)            : MemWrite :  D=0x000000000006fca8 A=0x6fcc0
 851000: system.cpu: T0 : 0x1ac38    : c_sd a5, 16(a5)            : MemWrite :  D=0x000000000006fca8 A=0x6fcb8
 851500: system.cpu: T0 : 0x1ac3a    : c_addi a5, 16              : IntAlu :  D=0x000000000006fcb8
 852000: system.cpu: T0 : 0x1ac3c    : bne a4, a5, -6             : IntAlu : 
 852500: system.cpu: T0 : 0x1ac36    : c_sd a5, 24(a5)            : MemWrite :  D=0x000000000006fcb8 A=0x6fcd0
 853000: system.cpu: T0 : 0x1ac38    : c_sd a5, 16(a5)            : MemWrite :  D=0x000000000006fcb8 A=0x6fcc8
 853500: system.cpu: T0 : 0x1ac3a    : c_addi a5, 16              : IntAlu :  D=0x000000000006fcc8
 854000: system.cpu: T0 : 0x1ac3c    : bne a4, a5, -6             : IntAlu : 
 854500: system.cpu: T0 : 0x1ac36    : c_sd a5, 24(a5)            : MemWrite :  D=0x000000000006fcc8 A=0x6fce0
 855000: system.cpu: T0 : 0x1ac38    : c_sd a5, 16(a5)            : MemWrite :  D=0x000000000006fcc8 A=0x6fcd8
 855500: system.cpu: T0 : 0x1ac3a    : c_addi a5, 16              : IntAlu :  D=0x000000000006fcd8
 856000: system.cpu: T0 : 0x1ac3c    : bne a4, a5, -6             : IntAlu : 
 856500: system.cpu: T0 : 0x1ac36    : c_sd a5, 24(a5)            : MemWrite :  D=0x000000000006fcd8 A=0x6fcf0
 857000: system.cpu: T0 : 0x1ac38    : c_sd a5, 16(a5)            : MemWrite :  D=0x000000000006fcd8 A=0x6fce8
 857500: system.cpu: T0 : 0x1ac3a    : c_addi a5, 16              : IntAlu :  D=0x000000000006fce8
 858000: system.cpu: T0 : 0x1ac3c    : bne a4, a5, -6             : IntAlu : 
 858500: system.cpu: T0 : 0x1ac36    : c_sd a5, 24(a5)            : MemWrite :  D=0x000000000006fce8 A=0x6fd00
 859000: system.cpu: T0 : 0x1ac38    : c_sd a5, 16(a5)            : MemWrite :  D=0x000000000006fce8 A=0x6fcf8
 859500: system.cpu: T0 : 0x1ac3a    : c_addi a5, 16              : IntAlu :  D=0x000000000006fcf8
 860000: system.cpu: T0 : 0x1ac3c    : bne a4, a5, -6             : IntAlu : 
 860500: system.cpu: T0 : 0x1ac36    : c_sd a5, 24(a5)            : MemWrite :  D=0x000000000006fcf8 A=0x6fd10
 861000: system.cpu: T0 : 0x1ac38    : c_sd a5, 16(a5)            : MemWrite :  D=0x000000000006fcf8 A=0x6fd08
 861500: system.cpu: T0 : 0x1ac3a    : c_addi a5, 16              : IntAlu :  D=0x000000000006fd08
 862000: system.cpu: T0 : 0x1ac3c    : bne a4, a5, -6             : IntAlu : 
 862500: system.cpu: T0 : 0x1ac36    : c_sd a5, 24(a5)            : MemWrite :  D=0x000000000006fd08 A=0x6fd20
 863000: system.cpu: T0 : 0x1ac38    : c_sd a5, 16(a5)            : MemWrite :  D=0x000000000006fd08 A=0x6fd18
 863500: system.cpu: T0 : 0x1ac3a    : c_addi a5, 16              : IntAlu :  D=0x000000000006fd18
 864000: system.cpu: T0 : 0x1ac3c    : bne a4, a5, -6             : IntAlu : 
 864500: system.cpu: T0 : 0x1ac36    : c_sd a5, 24(a5)            : MemWrite :  D=0x000000000006fd18 A=0x6fd30
 865000: system.cpu: T0 : 0x1ac38    : c_sd a5, 16(a5)            : MemWrite :  D=0x000000000006fd18 A=0x6fd28
 865500: system.cpu: T0 : 0x1ac3a    : c_addi a5, 16              : IntAlu :  D=0x000000000006fd28
 866000: system.cpu: T0 : 0x1ac3c    : bne a4, a5, -6             : IntAlu : 
 866500: system.cpu: T0 : 0x1ac36    : c_sd a5, 24(a5)            : MemWrite :  D=0x000000000006fd28 A=0x6fd40
 867000: system.cpu: T0 : 0x1ac38    : c_sd a5, 16(a5)            : MemWrite :  D=0x000000000006fd28 A=0x6fd38
 867500: system.cpu: T0 : 0x1ac3a    : c_addi a5, 16              : IntAlu :  D=0x000000000006fd38
 868000: system.cpu: T0 : 0x1ac3c    : bne a4, a5, -6             : IntAlu : 
 868500: system.cpu: T0 : 0x1ac36    : c_sd a5, 24(a5)            : MemWrite :  D=0x000000000006fd38 A=0x6fd50
 869000: system.cpu: T0 : 0x1ac38    : c_sd a5, 16(a5)            : MemWrite :  D=0x000000000006fd38 A=0x6fd48
 869500: system.cpu: T0 : 0x1ac3a    : c_addi a5, 16              : IntAlu :  D=0x000000000006fd48
 870000: system.cpu: T0 : 0x1ac3c    : bne a4, a5, -6             : IntAlu : 
 870500: system.cpu: T0 : 0x1ac36    : c_sd a5, 24(a5)            : MemWrite :  D=0x000000000006fd48 A=0x6fd60
 871000: system.cpu: T0 : 0x1ac38    : c_sd a5, 16(a5)            : MemWrite :  D=0x000000000006fd48 A=0x6fd58
 871500: system.cpu: T0 : 0x1ac3a    : c_addi a5, 16              : IntAlu :  D=0x000000000006fd58
 872000: system.cpu: T0 : 0x1ac3c    : bne a4, a5, -6             : IntAlu : 
 872500: system.cpu: T0 : 0x1ac36    : c_sd a5, 24(a5)            : MemWrite :  D=0x000000000006fd58 A=0x6fd70
 873000: system.cpu: T0 : 0x1ac38    : c_sd a5, 16(a5)            : MemWrite :  D=0x000000000006fd58 A=0x6fd68
 873500: system.cpu: T0 : 0x1ac3a    : c_addi a5, 16              : IntAlu :  D=0x000000000006fd68
 874000: system.cpu: T0 : 0x1ac3c    : bne a4, a5, -6             : IntAlu : 
 874500: system.cpu: T0 : 0x1ac36    : c_sd a5, 24(a5)            : MemWrite :  D=0x000000000006fd68 A=0x6fd80
 875000: system.cpu: T0 : 0x1ac38    : c_sd a5, 16(a5)            : MemWrite :  D=0x000000000006fd68 A=0x6fd78
 875500: system.cpu: T0 : 0x1ac3a    : c_addi a5, 16              : IntAlu :  D=0x000000000006fd78
 876000: system.cpu: T0 : 0x1ac3c    : bne a4, a5, -6             : IntAlu : 
 876500: system.cpu: T0 : 0x1ac36    : c_sd a5, 24(a5)            : MemWrite :  D=0x000000000006fd78 A=0x6fd90
 877000: system.cpu: T0 : 0x1ac38    : c_sd a5, 16(a5)            : MemWrite :  D=0x000000000006fd78 A=0x6fd88
 877500: system.cpu: T0 : 0x1ac3a    : c_addi a5, 16              : IntAlu :  D=0x000000000006fd88
 878000: system.cpu: T0 : 0x1ac3c    : bne a4, a5, -6             : IntAlu : 
 878500: system.cpu: T0 : 0x1ac36    : c_sd a5, 24(a5)            : MemWrite :  D=0x000000000006fd88 A=0x6fda0
 879000: system.cpu: T0 : 0x1ac38    : c_sd a5, 16(a5)            : MemWrite :  D=0x000000000006fd88 A=0x6fd98
 879500: system.cpu: T0 : 0x1ac3a    : c_addi a5, 16              : IntAlu :  D=0x000000000006fd98
 880000: system.cpu: T0 : 0x1ac3c    : bne a4, a5, -6             : IntAlu : 
 880500: system.cpu: T0 : 0x1ac36    : c_sd a5, 24(a5)            : MemWrite :  D=0x000000000006fd98 A=0x6fdb0
 881000: system.cpu: T0 : 0x1ac38    : c_sd a5, 16(a5)            : MemWrite :  D=0x000000000006fd98 A=0x6fda8
 881500: system.cpu: T0 : 0x1ac3a    : c_addi a5, 16              : IntAlu :  D=0x000000000006fda8
 882000: system.cpu: T0 : 0x1ac3c    : bne a4, a5, -6             : IntAlu : 
 882500: system.cpu: T0 : 0x1ac36    : c_sd a5, 24(a5)            : MemWrite :  D=0x000000000006fda8 A=0x6fdc0
 883000: system.cpu: T0 : 0x1ac38    : c_sd a5, 16(a5)            : MemWrite :  D=0x000000000006fda8 A=0x6fdb8
 883500: system.cpu: T0 : 0x1ac3a    : c_addi a5, 16              : IntAlu :  D=0x000000000006fdb8
 884000: system.cpu: T0 : 0x1ac3c    : bne a4, a5, -6             : IntAlu : 
 884500: system.cpu: T0 : 0x1ac36    : c_sd a5, 24(a5)            : MemWrite :  D=0x000000000006fdb8 A=0x6fdd0
 885000: system.cpu: T0 : 0x1ac38    : c_sd a5, 16(a5)            : MemWrite :  D=0x000000000006fdb8 A=0x6fdc8
 885500: system.cpu: T0 : 0x1ac3a    : c_addi a5, 16              : IntAlu :  D=0x000000000006fdc8
 886000: system.cpu: T0 : 0x1ac3c    : bne a4, a5, -6             : IntAlu : 
 886500: system.cpu: T0 : 0x1ac36    : c_sd a5, 24(a5)            : MemWrite :  D=0x000000000006fdc8 A=0x6fde0
 887000: system.cpu: T0 : 0x1ac38    : c_sd a5, 16(a5)            : MemWrite :  D=0x000000000006fdc8 A=0x6fdd8
 887500: system.cpu: T0 : 0x1ac3a    : c_addi a5, 16              : IntAlu :  D=0x000000000006fdd8
 888000: system.cpu: T0 : 0x1ac3c    : bne a4, a5, -6             : IntAlu : 
 888500: system.cpu: T0 : 0x1ac36    : c_sd a5, 24(a5)            : MemWrite :  D=0x000000000006fdd8 A=0x6fdf0
 889000: system.cpu: T0 : 0x1ac38    : c_sd a5, 16(a5)            : MemWrite :  D=0x000000000006fdd8 A=0x6fde8
 889500: system.cpu: T0 : 0x1ac3a    : c_addi a5, 16              : IntAlu :  D=0x000000000006fde8
 890000: system.cpu: T0 : 0x1ac3c    : bne a4, a5, -6             : IntAlu : 
 890500: system.cpu: T0 : 0x1ac36    : c_sd a5, 24(a5)            : MemWrite :  D=0x000000000006fde8 A=0x6fe00
 891000: system.cpu: T0 : 0x1ac38    : c_sd a5, 16(a5)            : MemWrite :  D=0x000000000006fde8 A=0x6fdf8
 891500: system.cpu: T0 : 0x1ac3a    : c_addi a5, 16              : IntAlu :  D=0x000000000006fdf8
 892000: system.cpu: T0 : 0x1ac3c    : bne a4, a5, -6             : IntAlu : 
 892500: system.cpu: T0 : 0x1ac36    : c_sd a5, 24(a5)            : MemWrite :  D=0x000000000006fdf8 A=0x6fe10
 893000: system.cpu: T0 : 0x1ac38    : c_sd a5, 16(a5)            : MemWrite :  D=0x000000000006fdf8 A=0x6fe08
 893500: system.cpu: T0 : 0x1ac3a    : c_addi a5, 16              : IntAlu :  D=0x000000000006fe08
 894000: system.cpu: T0 : 0x1ac3c    : bne a4, a5, -6             : IntAlu : 
 894500: system.cpu: T0 : 0x1ac36    : c_sd a5, 24(a5)            : MemWrite :  D=0x000000000006fe08 A=0x6fe20
 895000: system.cpu: T0 : 0x1ac38    : c_sd a5, 16(a5)            : MemWrite :  D=0x000000000006fe08 A=0x6fe18
 895500: system.cpu: T0 : 0x1ac3a    : c_addi a5, 16              : IntAlu :  D=0x000000000006fe18
 896000: system.cpu: T0 : 0x1ac3c    : bne a4, a5, -6             : IntAlu : 
 896500: system.cpu: T0 : 0x1ac36    : c_sd a5, 24(a5)            : MemWrite :  D=0x000000000006fe18 A=0x6fe30
 897000: system.cpu: T0 : 0x1ac38    : c_sd a5, 16(a5)            : MemWrite :  D=0x000000000006fe18 A=0x6fe28
 897500: system.cpu: T0 : 0x1ac3a    : c_addi a5, 16              : IntAlu :  D=0x000000000006fe28
 898000: system.cpu: T0 : 0x1ac3c    : bne a4, a5, -6             : IntAlu : 
 898500: system.cpu: T0 : 0x1ac36    : c_sd a5, 24(a5)            : MemWrite :  D=0x000000000006fe28 A=0x6fe40
 899000: system.cpu: T0 : 0x1ac38    : c_sd a5, 16(a5)            : MemWrite :  D=0x000000000006fe28 A=0x6fe38
 899500: system.cpu: T0 : 0x1ac3a    : c_addi a5, 16              : IntAlu :  D=0x000000000006fe38
 900000: system.cpu: T0 : 0x1ac3c    : bne a4, a5, -6             : IntAlu : 
 900500: system.cpu: T0 : 0x1ac36    : c_sd a5, 24(a5)            : MemWrite :  D=0x000000000006fe38 A=0x6fe50
 901000: system.cpu: T0 : 0x1ac38    : c_sd a5, 16(a5)            : MemWrite :  D=0x000000000006fe38 A=0x6fe48
 901500: system.cpu: T0 : 0x1ac3a    : c_addi a5, 16              : IntAlu :  D=0x000000000006fe48
 902000: system.cpu: T0 : 0x1ac3c    : bne a4, a5, -6             : IntAlu : 
 902500: system.cpu: T0 : 0x1ac36    : c_sd a5, 24(a5)            : MemWrite :  D=0x000000000006fe48 A=0x6fe60
 903000: system.cpu: T0 : 0x1ac38    : c_sd a5, 16(a5)            : MemWrite :  D=0x000000000006fe48 A=0x6fe58
 903500: system.cpu: T0 : 0x1ac3a    : c_addi a5, 16              : IntAlu :  D=0x000000000006fe58
 904000: system.cpu: T0 : 0x1ac3c    : bne a4, a5, -6             : IntAlu : 
 904500: system.cpu: T0 : 0x1ac36    : c_sd a5, 24(a5)            : MemWrite :  D=0x000000000006fe58 A=0x6fe70
 905000: system.cpu: T0 : 0x1ac38    : c_sd a5, 16(a5)            : MemWrite :  D=0x000000000006fe58 A=0x6fe68
 905500: system.cpu: T0 : 0x1ac3a    : c_addi a5, 16              : IntAlu :  D=0x000000000006fe68
 906000: system.cpu: T0 : 0x1ac3c    : bne a4, a5, -6             : IntAlu : 
 906500: system.cpu: T0 : 0x1ac40    : lui a5, 111                : IntAlu :  D=0x000000000006f000
 907000: system.cpu: T0 : 0x1ac44    : addi a5, a5, 1560          : IntAlu :  D=0x000000000006f618
 907500: system.cpu: T0 : 0x1ac48    : beq a0, a5, 24             : IntAlu : 
 908000: system.cpu: T0 : 0x1ac60    : addi a4, zero, 128         : IntAlu :  D=0x0000000000000080
 908500: system.cpu: T0 : 0x1ac64    : sd a4, -1376(gp)           : MemWrite :  D=0x0000000000000080 A=0x70b18
 909000: system.cpu: T0 : 0x1ac68    : addi a5, a0, 8             : IntAlu :  D=0x000000000006f620
 909500: system.cpu: T0 : 0x1ac6c    : amoswap_w zero, zero, (a5)
 909500: system.cpu: T0 : 0x1ac6c. 0 : amoswap_w[l] zero, zero, (a5) : MemRead :  D=0x0000000000000000 A=0x6f620
 910000: system.cpu: T0 : 0x1ac70    : c_sd a3, 96(a0)            : MemWrite :  D=0x000000000006f678 A=0x6f678
 910500: system.cpu: T0 : 0x1ac72    : c_jr ra                    : IntAlu : 
 911000: system.cpu: T0 : 0x1b02e    : c_lui a2, 27               : IntAlu :  D=0x000000000001b000
 911500: system.cpu: T0 : 0x1b030    : addi a2, a2, 1916          : IntAlu :  D=0x000000000001b77c
 912000: system.cpu: T0 : 0x1b034    : c_mv a1, sp                : IntAlu :  D=0x7ffffffffffffbd0
 912500: system.cpu: T0 : 0x1b036    : c_li a0, 19                : IntAlu :  D=0x0000000000000013
 913000: system.cpu: T0 : 0x1b038    : jal ra, 30082              : IntAlu :  D=0x000000000001b03c
 913500: system.cpu: T0 : 0x225ba    : c_slli a0, 32              : IntAlu :  D=0x0000001300000000
 914000: system.cpu: T0 : 0x225bc    : c_srli a0, 32              : IntAlu :  D=0x0000000000000013
 915000: system.cpu: T0 : 0x225be    : slli a5, a0, 3             : IntAlu :  D=0x0000000000000098
 915500: system.cpu: T0 : 0x225c2    : c_sub a5, a0               : IntAlu :  D=0x0000000000000085
 916000: system.cpu: T0 : 0x225c4    : lui a4, 111                : IntAlu :  D=0x000000000006f000
 916500: system.cpu: T0 : 0x225c8    : addi a4, a4, -1248         : IntAlu :  D=0x000000000006eb20
 917000: system.cpu: T0 : 0x225cc    : c_slli a5, 3               : IntAlu :  D=0x0000000000000428
 917500: system.cpu: T0 : 0x225ce    : c_add a5, a4               : IntAlu :  D=0x000000000006ef48
 918000: system.cpu: T0 : 0x225d0    : c_lw a3, 8(a5)             : MemRead :  D=0x0000000000000000 A=0x6ef50
 918500: system.cpu: T0 : 0x225d2    : c_li a6, 2                 : IntAlu :  D=0x0000000000000002
 919000: system.cpu: T0 : 0x225d4    : c_ld a5, 32(a5)            : MemRead :  D=0x0000000000000000 A=0x6ef68
 920000: system.cpu: T0 : 0x225d6    : bltu a6, a3, 42            : IntAlu : 
 920500: system.cpu: T0 : 0x225da    : c_bnez a3, 38              : IntAlu : 
 921000: system.cpu: T0 : 0x225dc    : c_sw a5, 0(a1)             : MemWrite :  D=0x0000000000000000 A=0x7ffffffffffffbd0
 922000: system.cpu: T0 : 0x225de    : slli a5, a0, 3             : IntAlu :  D=0x0000000000000098
 922500: system.cpu: T0 : 0x225e2    : c_sub a5, a0               : IntAlu :  D=0x0000000000000085
 923000: system.cpu: T0 : 0x225e4    : c_slli a5, 3               : IntAlu :  D=0x0000000000000428
 924000: system.cpu: T0 : 0x225e6    : add a3, a4, a5             : IntAlu :  D=0x000000000006ef48
 925000: system.cpu: T0 : 0x225ea    : lbu a3, 40(a3)             : MemRead :  D=0x0000000000000000 A=0x6ef70
 925500: system.cpu: T0 : 0x225ee    : c_beqz a3, 16              : IntAlu : 
 926000: system.cpu: T0 : 0x225fe    : c_jr ra                    : IntAlu : 
 926500: system.cpu: T0 : 0x1b03c    : c_lui a2, 27               : IntAlu :  D=0x000000000001b000
 927500: system.cpu: T0 : 0x1b03e    : addi a2, a2, -1856         : IntAlu :  D=0x000000000001a8c0
 928000: system.cpu: T0 : 0x1b042    : c_mv a1, sp                : IntAlu :  D=0x7ffffffffffffbd0
 928500: system.cpu: T0 : 0x1b044    : c_li a0, 7                 : IntAlu :  D=0x0000000000000007
 929500: system.cpu: T0 : 0x1b046    : jal ra, 30068              : IntAlu :  D=0x000000000001b04a
 930000: system.cpu: T0 : 0x225ba    : c_slli a0, 32              : IntAlu :  D=0x0000000700000000
 930500: system.cpu: T0 : 0x225bc    : c_srli a0, 32              : IntAlu :  D=0x0000000000000007
 931500: system.cpu: T0 : 0x225be    : slli a5, a0, 3             : IntAlu :  D=0x0000000000000038
 932000: system.cpu: T0 : 0x225c2    : c_sub a5, a0               : IntAlu :  D=0x0000000000000031
 932500: system.cpu: T0 : 0x225c4    : lui a4, 111                : IntAlu :  D=0x000000000006f000
 933000: system.cpu: T0 : 0x225c8    : addi a4, a4, -1248         : IntAlu :  D=0x000000000006eb20
 933500: system.cpu: T0 : 0x225cc    : c_slli a5, 3               : IntAlu :  D=0x0000000000000188
 934000: system.cpu: T0 : 0x225ce    : c_add a5, a4               : IntAlu :  D=0x000000000006eca8
 934500: system.cpu: T0 : 0x225d0    : c_lw a3, 8(a5)             : MemRead :  D=0x0000000000000002 A=0x6ecb0
 935000: system.cpu: T0 : 0x225d2    : c_li a6, 2                 : IntAlu :  D=0x0000000000000002
 935500: system.cpu: T0 : 0x225d4    : c_ld a5, 32(a5)            : MemRead :  D=0x0000000000000000 A=0x6ecc8
 936500: system.cpu: T0 : 0x225d6    : bltu a6, a3, 42            : IntAlu : 
 937000: system.cpu: T0 : 0x225da    : c_bnez a3, 38              : IntAlu : 
 937500: system.cpu: T0 : 0x22600    : c_sd a5, 0(a1)             : MemWrite :  D=0x0000000000000000 A=0x7ffffffffffffbd0
 938000: system.cpu: T0 : 0x22602    : c_j -36                    : IntAlu : 
 939000: system.cpu: T0 : 0x225de    : slli a5, a0, 3             : IntAlu :  D=0x0000000000000038
 939500: system.cpu: T0 : 0x225e2    : c_sub a5, a0               : IntAlu :  D=0x0000000000000031
 940000: system.cpu: T0 : 0x225e4    : c_slli a5, 3               : IntAlu :  D=0x0000000000000188
 941000: system.cpu: T0 : 0x225e6    : add a3, a4, a5             : IntAlu :  D=0x000000000006eca8
 942000: system.cpu: T0 : 0x225ea    : lbu a3, 40(a3)             : MemRead :  D=0x0000000000000000 A=0x6ecd0
 942500: system.cpu: T0 : 0x225ee    : c_beqz a3, 16              : IntAlu : 
 943000: system.cpu: T0 : 0x225fe    : c_jr ra                    : IntAlu : 
 943500: system.cpu: T0 : 0x1b04a    : c_lui a2, 27               : IntAlu :  D=0x000000000001b000
 944000: system.cpu: T0 : 0x1b04c    : addi a2, a2, -1838         : IntAlu :  D=0x000000000001a8d2
 944500: system.cpu: T0 : 0x1b050    : c_mv a1, sp                : IntAlu :  D=0x7ffffffffffffbd0
 945000: system.cpu: T0 : 0x1b052    : c_li a0, 2                 : IntAlu :  D=0x0000000000000002
 945500: system.cpu: T0 : 0x1b054    : jal ra, 30054              : IntAlu :  D=0x000000000001b058
 946000: system.cpu: T0 : 0x225ba    : c_slli a0, 32              : IntAlu :  D=0x0000000200000000
 946500: system.cpu: T0 : 0x225bc    : c_srli a0, 32              : IntAlu :  D=0x0000000000000002
 947500: system.cpu: T0 : 0x225be    : slli a5, a0, 3             : IntAlu :  D=0x0000000000000010
 948000: system.cpu: T0 : 0x225c2    : c_sub a5, a0               : IntAlu :  D=0x000000000000000e
 948500: system.cpu: T0 : 0x225c4    : lui a4, 111                : IntAlu :  D=0x000000000006f000
 949000: system.cpu: T0 : 0x225c8    : addi a4, a4, -1248         : IntAlu :  D=0x000000000006eb20
 949500: system.cpu: T0 : 0x225cc    : c_slli a5, 3               : IntAlu :  D=0x0000000000000070
 950000: system.cpu: T0 : 0x225ce    : c_add a5, a4               : IntAlu :  D=0x000000000006eb90
 950500: system.cpu: T0 : 0x225d0    : c_lw a3, 8(a5)             : MemRead :  D=0x0000000000000000 A=0x6eb98
 951000: system.cpu: T0 : 0x225d2    : c_li a6, 2                 : IntAlu :  D=0x0000000000000002
 951500: system.cpu: T0 : 0x225d4    : c_ld a5, 32(a5)            : MemRead :  D=0x0000000000000000 A=0x6ebb0
 952500: system.cpu: T0 : 0x225d6    : bltu a6, a3, 42            : IntAlu : 
 953000: system.cpu: T0 : 0x225da    : c_bnez a3, 38              : IntAlu : 
 953500: system.cpu: T0 : 0x225dc    : c_sw a5, 0(a1)             : MemWrite :  D=0x0000000000000000 A=0x7ffffffffffffbd0
 954500: system.cpu: T0 : 0x225de    : slli a5, a0, 3             : IntAlu :  D=0x0000000000000010
 955000: system.cpu: T0 : 0x225e2    : c_sub a5, a0               : IntAlu :  D=0x000000000000000e
 955500: system.cpu: T0 : 0x225e4    : c_slli a5, 3               : IntAlu :  D=0x0000000000000070
 956500: system.cpu: T0 : 0x225e6    : add a3, a4, a5             : IntAlu :  D=0x000000000006eb90
 957500: system.cpu: T0 : 0x225ea    : lbu a3, 40(a3)             : MemRead :  D=0x0000000000000000 A=0x6ebb8
 958000: system.cpu: T0 : 0x225ee    : c_beqz a3, 16              : IntAlu : 
 958500: system.cpu: T0 : 0x225fe    : c_jr ra                    : IntAlu : 
 959000: system.cpu: T0 : 0x1b058    : c_lui a2, 27               : IntAlu :  D=0x000000000001b000
 960000: system.cpu: T0 : 0x1b05a    : addi a2, a2, -1902         : IntAlu :  D=0x000000000001a892
 960500: system.cpu: T0 : 0x1b05e    : c_mv a1, sp                : IntAlu :  D=0x7ffffffffffffbd0
 961000: system.cpu: T0 : 0x1b060    : c_li a0, 14                : IntAlu :  D=0x000000000000000e
 962000: system.cpu: T0 : 0x1b062    : jal ra, 30040              : IntAlu :  D=0x000000000001b066
 962500: system.cpu: T0 : 0x225ba    : c_slli a0, 32              : IntAlu :  D=0x0000000e00000000
 963000: system.cpu: T0 : 0x225bc    : c_srli a0, 32              : IntAlu :  D=0x000000000000000e
 964000: system.cpu: T0 : 0x225be    : slli a5, a0, 3             : IntAlu :  D=0x0000000000000070
 964500: system.cpu: T0 : 0x225c2    : c_sub a5, a0               : IntAlu :  D=0x0000000000000062
 965000: system.cpu: T0 : 0x225c4    : lui a4, 111                : IntAlu :  D=0x000000000006f000
 965500: system.cpu: T0 : 0x225c8    : addi a4, a4, -1248         : IntAlu :  D=0x000000000006eb20
 966000: system.cpu: T0 : 0x225cc    : c_slli a5, 3               : IntAlu :  D=0x0000000000000310
 966500: system.cpu: T0 : 0x225ce    : c_add a5, a4               : IntAlu :  D=0x000000000006ee30
 967000: system.cpu: T0 : 0x225d0    : c_lw a3, 8(a5)             : MemRead :  D=0x0000000000000002 A=0x6ee38
 967500: system.cpu: T0 : 0x225d2    : c_li a6, 2                 : IntAlu :  D=0x0000000000000002
 968000: system.cpu: T0 : 0x225d4    : c_ld a5, 32(a5)            : MemRead :  D=0x0000000000000000 A=0x6ee50
 969000: system.cpu: T0 : 0x225d6    : bltu a6, a3, 42            : IntAlu : 
 969500: system.cpu: T0 : 0x225da    : c_bnez a3, 38              : IntAlu : 
 970000: system.cpu: T0 : 0x22600    : c_sd a5, 0(a1)             : MemWrite :  D=0x0000000000000000 A=0x7ffffffffffffbd0
 970500: system.cpu: T0 : 0x22602    : c_j -36                    : IntAlu : 
 971500: system.cpu: T0 : 0x225de    : slli a5, a0, 3             : IntAlu :  D=0x0000000000000070
 972000: system.cpu: T0 : 0x225e2    : c_sub a5, a0               : IntAlu :  D=0x0000000000000062
 972500: system.cpu: T0 : 0x225e4    : c_slli a5, 3               : IntAlu :  D=0x0000000000000310
 973500: system.cpu: T0 : 0x225e6    : add a3, a4, a5             : IntAlu :  D=0x000000000006ee30
 974500: system.cpu: T0 : 0x225ea    : lbu a3, 40(a3)             : MemRead :  D=0x0000000000000000 A=0x6ee58
 975000: system.cpu: T0 : 0x225ee    : c_beqz a3, 16              : IntAlu : 
 975500: system.cpu: T0 : 0x225fe    : c_jr ra                    : IntAlu : 
 976000: system.cpu: T0 : 0x1b066    : c_lui a2, 27               : IntAlu :  D=0x000000000001b000
 976500: system.cpu: T0 : 0x1b068    : addi a2, a2, -1830         : IntAlu :  D=0x000000000001a8da
 977000: system.cpu: T0 : 0x1b06c    : c_mv a1, sp                : IntAlu :  D=0x7ffffffffffffbd0
 977500: system.cpu: T0 : 0x1b06e    : c_li a0, 1                 : IntAlu :  D=0x0000000000000001
 978000: system.cpu: T0 : 0x1b070    : jal ra, 30026              : IntAlu :  D=0x000000000001b074
 978500: system.cpu: T0 : 0x225ba    : c_slli a0, 32              : IntAlu :  D=0x0000000100000000
 979000: system.cpu: T0 : 0x225bc    : c_srli a0, 32              : IntAlu :  D=0x0000000000000001
 980000: system.cpu: T0 : 0x225be    : slli a5, a0, 3             : IntAlu :  D=0x0000000000000008
 980500: system.cpu: T0 : 0x225c2    : c_sub a5, a0               : IntAlu :  D=0x0000000000000007
 981000: system.cpu: T0 : 0x225c4    : lui a4, 111                : IntAlu :  D=0x000000000006f000
 981500: system.cpu: T0 : 0x225c8    : addi a4, a4, -1248         : IntAlu :  D=0x000000000006eb20
 982000: system.cpu: T0 : 0x225cc    : c_slli a5, 3               : IntAlu :  D=0x0000000000000038
 982500: system.cpu: T0 : 0x225ce    : c_add a5, a4               : IntAlu :  D=0x000000000006eb58
 983000: system.cpu: T0 : 0x225d0    : c_lw a3, 8(a5)             : MemRead :  D=0x0000000000000002 A=0x6eb60
 983500: system.cpu: T0 : 0x225d2    : c_li a6, 2                 : IntAlu :  D=0x0000000000000002
 984000: system.cpu: T0 : 0x225d4    : c_ld a5, 32(a5)            : MemRead :  D=0x0000000000000000 A=0x6eb78
 985000: system.cpu: T0 : 0x225d6    : bltu a6, a3, 42            : IntAlu : 
 985500: system.cpu: T0 : 0x225da    : c_bnez a3, 38              : IntAlu : 
 986000: system.cpu: T0 : 0x22600    : c_sd a5, 0(a1)             : MemWrite :  D=0x0000000000000000 A=0x7ffffffffffffbd0
 986500: system.cpu: T0 : 0x22602    : c_j -36                    : IntAlu : 
 987500: system.cpu: T0 : 0x225de    : slli a5, a0, 3             : IntAlu :  D=0x0000000000000008
 988000: system.cpu: T0 : 0x225e2    : c_sub a5, a0               : IntAlu :  D=0x0000000000000007
 988500: system.cpu: T0 : 0x225e4    : c_slli a5, 3               : IntAlu :  D=0x0000000000000038
 989500: system.cpu: T0 : 0x225e6    : add a3, a4, a5             : IntAlu :  D=0x000000000006eb58
 990500: system.cpu: T0 : 0x225ea    : lbu a3, 40(a3)             : MemRead :  D=0x0000000000000000 A=0x6eb80
 991000: system.cpu: T0 : 0x225ee    : c_beqz a3, 16              : IntAlu : 
 991500: system.cpu: T0 : 0x225fe    : c_jr ra                    : IntAlu : 
 992000: system.cpu: T0 : 0x1b074    : c_lui a2, 27               : IntAlu :  D=0x000000000001b000
 993000: system.cpu: T0 : 0x1b076    : addi a2, a2, -1874         : IntAlu :  D=0x000000000001a8ae
 993500: system.cpu: T0 : 0x1b07a    : c_mv a1, sp                : IntAlu :  D=0x7ffffffffffffbd0
 994000: system.cpu: T0 : 0x1b07c    : c_li a0, 9                 : IntAlu :  D=0x0000000000000009
 995000: system.cpu: T0 : 0x1b07e    : jal ra, 30012              : IntAlu :  D=0x000000000001b082
 995500: system.cpu: T0 : 0x225ba    : c_slli a0, 32              : IntAlu :  D=0x0000000900000000
 996000: system.cpu: T0 : 0x225bc    : c_srli a0, 32              : IntAlu :  D=0x0000000000000009
 997000: system.cpu: T0 : 0x225be    : slli a5, a0, 3             : IntAlu :  D=0x0000000000000048
 997500: system.cpu: T0 : 0x225c2    : c_sub a5, a0               : IntAlu :  D=0x000000000000003f
 998000: system.cpu: T0 : 0x225c4    : lui a4, 111                : IntAlu :  D=0x000000000006f000
 998500: system.cpu: T0 : 0x225c8    : addi a4, a4, -1248         : IntAlu :  D=0x000000000006eb20
 999000: system.cpu: T0 : 0x225cc    : c_slli a5, 3               : IntAlu :  D=0x00000000000001f8
 999500: system.cpu: T0 : 0x225ce    : c_add a5, a4               : IntAlu :  D=0x000000000006ed18
1000000: system.cpu: T0 : 0x225d0    : c_lw a3, 8(a5)             : MemRead :  D=0x0000000000000000 A=0x6ed20
1000500: system.cpu: T0 : 0x225d2    : c_li a6, 2                 : IntAlu :  D=0x0000000000000002
1001000: system.cpu: T0 : 0x225d4    : c_ld a5, 32(a5)            : MemRead :  D=0x0000000000000000 A=0x6ed38
1002000: system.cpu: T0 : 0x225d6    : bltu a6, a3, 42            : IntAlu : 
1002500: system.cpu: T0 : 0x225da    : c_bnez a3, 38              : IntAlu : 
1003000: system.cpu: T0 : 0x225dc    : c_sw a5, 0(a1)             : MemWrite :  D=0x0000000000000000 A=0x7ffffffffffffbd0
1004000: system.cpu: T0 : 0x225de    : slli a5, a0, 3             : IntAlu :  D=0x0000000000000048
1004500: system.cpu: T0 : 0x225e2    : c_sub a5, a0               : IntAlu :  D=0x000000000000003f
1005000: system.cpu: T0 : 0x225e4    : c_slli a5, 3               : IntAlu :  D=0x00000000000001f8
1006000: system.cpu: T0 : 0x225e6    : add a3, a4, a5             : IntAlu :  D=0x000000000006ed18
1007000: system.cpu: T0 : 0x225ea    : lbu a3, 40(a3)             : MemRead :  D=0x0000000000000000 A=0x6ed40
1007500: system.cpu: T0 : 0x225ee    : c_beqz a3, 16              : IntAlu : 
1008000: system.cpu: T0 : 0x225fe    : c_jr ra                    : IntAlu : 
1008500: system.cpu: T0 : 0x1b082    : c_lui a2, 27               : IntAlu :  D=0x000000000001b000
1009000: system.cpu: T0 : 0x1b084    : addi a2, a2, -1812         : IntAlu :  D=0x000000000001a8ec
1009500: system.cpu: T0 : 0x1b088    : c_mv a1, sp                : IntAlu :  D=0x7ffffffffffffbd0
1010000: system.cpu: T0 : 0x1b08a    : c_li a0, 13                : IntAlu :  D=0x000000000000000d
1010500: system.cpu: T0 : 0x1b08c    : jal ra, 29998              : IntAlu :  D=0x000000000001b090
1011000: system.cpu: T0 : 0x225ba    : c_slli a0, 32              : IntAlu :  D=0x0000000d00000000
1011500: system.cpu: T0 : 0x225bc    : c_srli a0, 32              : IntAlu :  D=0x000000000000000d
1012500: system.cpu: T0 : 0x225be    : slli a5, a0, 3             : IntAlu :  D=0x0000000000000068
1013000: system.cpu: T0 : 0x225c2    : c_sub a5, a0               : IntAlu :  D=0x000000000000005b
1013500: system.cpu: T0 : 0x225c4    : lui a4, 111                : IntAlu :  D=0x000000000006f000
1014000: system.cpu: T0 : 0x225c8    : addi a4, a4, -1248         : IntAlu :  D=0x000000000006eb20
1014500: system.cpu: T0 : 0x225cc    : c_slli a5, 3               : IntAlu :  D=0x00000000000002d8
1015000: system.cpu: T0 : 0x225ce    : c_add a5, a4               : IntAlu :  D=0x000000000006edf8
1015500: system.cpu: T0 : 0x225d0    : c_lw a3, 8(a5)             : MemRead :  D=0x0000000000000002 A=0x6ee00
1016000: system.cpu: T0 : 0x225d2    : c_li a6, 2                 : IntAlu :  D=0x0000000000000002
1016500: system.cpu: T0 : 0x225d4    : c_ld a5, 32(a5)            : MemRead :  D=0x0000000000000000 A=0x6ee18
1017500: system.cpu: T0 : 0x225d6    : bltu a6, a3, 42            : IntAlu : 
1018000: system.cpu: T0 : 0x225da    : c_bnez a3, 38              : IntAlu : 
1018500: system.cpu: T0 : 0x22600    : c_sd a5, 0(a1)             : MemWrite :  D=0x0000000000000000 A=0x7ffffffffffffbd0
1019000: system.cpu: T0 : 0x22602    : c_j -36                    : IntAlu : 
1020000: system.cpu: T0 : 0x225de    : slli a5, a0, 3             : IntAlu :  D=0x0000000000000068
1020500: system.cpu: T0 : 0x225e2    : c_sub a5, a0               : IntAlu :  D=0x000000000000005b
1021000: system.cpu: T0 : 0x225e4    : c_slli a5, 3               : IntAlu :  D=0x00000000000002d8
1022000: system.cpu: T0 : 0x225e6    : add a3, a4, a5             : IntAlu :  D=0x000000000006edf8
1023000: system.cpu: T0 : 0x225ea    : lbu a3, 40(a3)             : MemRead :  D=0x0000000000000000 A=0x6ee20
1023500: system.cpu: T0 : 0x225ee    : c_beqz a3, 16              : IntAlu : 
1024000: system.cpu: T0 : 0x225fe    : c_jr ra                    : IntAlu : 
1024500: system.cpu: T0 : 0x1b090    : c_lui a2, 27               : IntAlu :  D=0x000000000001b000
1025500: system.cpu: T0 : 0x1b092    : addi a2, a2, -1800         : IntAlu :  D=0x000000000001a8f8
1026000: system.cpu: T0 : 0x1b096    : c_mv a1, sp                : IntAlu :  D=0x7ffffffffffffbd0
1026500: system.cpu: T0 : 0x1b098    : c_li a0, 16                : IntAlu :  D=0x0000000000000010
1027500: system.cpu: T0 : 0x1b09a    : jal ra, 29984              : IntAlu :  D=0x000000000001b09e
1028000: system.cpu: T0 : 0x225ba    : c_slli a0, 32              : IntAlu :  D=0x0000001000000000
1028500: system.cpu: T0 : 0x225bc    : c_srli a0, 32              : IntAlu :  D=0x0000000000000010
1029500: system.cpu: T0 : 0x225be    : slli a5, a0, 3             : IntAlu :  D=0x0000000000000080
1030000: system.cpu: T0 : 0x225c2    : c_sub a5, a0               : IntAlu :  D=0x0000000000000070
1030500: system.cpu: T0 : 0x225c4    : lui a4, 111                : IntAlu :  D=0x000000000006f000
1031000: system.cpu: T0 : 0x225c8    : addi a4, a4, -1248         : IntAlu :  D=0x000000000006eb20
1031500: system.cpu: T0 : 0x225cc    : c_slli a5, 3               : IntAlu :  D=0x0000000000000380
1032000: system.cpu: T0 : 0x225ce    : c_add a5, a4               : IntAlu :  D=0x000000000006eea0
1032500: system.cpu: T0 : 0x225d0    : c_lw a3, 8(a5)             : MemRead :  D=0x0000000000000002 A=0x6eea8
1033000: system.cpu: T0 : 0x225d2    : c_li a6, 2                 : IntAlu :  D=0x0000000000000002
1033500: system.cpu: T0 : 0x225d4    : c_ld a5, 32(a5)            : MemRead :  D=0x0000000000000000 A=0x6eec0
1034500: system.cpu: T0 : 0x225d6    : bltu a6, a3, 42            : IntAlu : 
1035000: system.cpu: T0 : 0x225da    : c_bnez a3, 38              : IntAlu : 
1035500: system.cpu: T0 : 0x22600    : c_sd a5, 0(a1)             : MemWrite :  D=0x0000000000000000 A=0x7ffffffffffffbd0
1036000: system.cpu: T0 : 0x22602    : c_j -36                    : IntAlu : 
1037000: system.cpu: T0 : 0x225de    : slli a5, a0, 3             : IntAlu :  D=0x0000000000000080
1037500: system.cpu: T0 : 0x225e2    : c_sub a5, a0               : IntAlu :  D=0x0000000000000070
1038000: system.cpu: T0 : 0x225e4    : c_slli a5, 3               : IntAlu :  D=0x0000000000000380
1039000: system.cpu: T0 : 0x225e6    : add a3, a4, a5             : IntAlu :  D=0x000000000006eea0
1040000: system.cpu: T0 : 0x225ea    : lbu a3, 40(a3)             : MemRead :  D=0x0000000000000000 A=0x6eec8
1040500: system.cpu: T0 : 0x225ee    : c_beqz a3, 16              : IntAlu : 
1041000: system.cpu: T0 : 0x225fe    : c_jr ra                    : IntAlu : 
1041500: system.cpu: T0 : 0x1b09e    : c_lui a2, 27               : IntAlu :  D=0x000000000001b000
1042000: system.cpu: T0 : 0x1b0a0    : addi a2, a2, -1788         : IntAlu :  D=0x000000000001a904
1042500: system.cpu: T0 : 0x1b0a4    : c_mv a1, sp                : IntAlu :  D=0x7ffffffffffffbd0
1043000: system.cpu: T0 : 0x1b0a6    : c_li a0, 18                : IntAlu :  D=0x0000000000000012
1043500: system.cpu: T0 : 0x1b0a8    : jal ra, 29970              : IntAlu :  D=0x000000000001b0ac
1044000: system.cpu: T0 : 0x225ba    : c_slli a0, 32              : IntAlu :  D=0x0000001200000000
1044500: system.cpu: T0 : 0x225bc    : c_srli a0, 32              : IntAlu :  D=0x0000000000000012
1045500: system.cpu: T0 : 0x225be    : slli a5, a0, 3             : IntAlu :  D=0x0000000000000090
1046000: system.cpu: T0 : 0x225c2    : c_sub a5, a0               : IntAlu :  D=0x000000000000007e
1046500: system.cpu: T0 : 0x225c4    : lui a4, 111                : IntAlu :  D=0x000000000006f000
1047000: system.cpu: T0 : 0x225c8    : addi a4, a4, -1248         : IntAlu :  D=0x000000000006eb20
1047500: system.cpu: T0 : 0x225cc    : c_slli a5, 3               : IntAlu :  D=0x00000000000003f0
1048000: system.cpu: T0 : 0x225ce    : c_add a5, a4               : IntAlu :  D=0x000000000006ef10
1048500: system.cpu: T0 : 0x225d0    : c_lw a3, 8(a5)             : MemRead :  D=0x0000000000000002 A=0x6ef18
1049000: system.cpu: T0 : 0x225d2    : c_li a6, 2                 : IntAlu :  D=0x0000000000000002
1049500: system.cpu: T0 : 0x225d4    : c_ld a5, 32(a5)            : MemRead :  D=0x0000000000000000 A=0x6ef30
1050500: system.cpu: T0 : 0x225d6    : bltu a6, a3, 42            : IntAlu : 
1051000: system.cpu: T0 : 0x225da    : c_bnez a3, 38              : IntAlu : 
1051500: system.cpu: T0 : 0x22600    : c_sd a5, 0(a1)             : MemWrite :  D=0x0000000000000000 A=0x7ffffffffffffbd0
1052000: system.cpu: T0 : 0x22602    : c_j -36                    : IntAlu : 
1053000: system.cpu: T0 : 0x225de    : slli a5, a0, 3             : IntAlu :  D=0x0000000000000090
1053500: system.cpu: T0 : 0x225e2    : c_sub a5, a0               : IntAlu :  D=0x000000000000007e
1054000: system.cpu: T0 : 0x225e4    : c_slli a5, 3               : IntAlu :  D=0x00000000000003f0
1055000: system.cpu: T0 : 0x225e6    : add a3, a4, a5             : IntAlu :  D=0x000000000006ef10
1056000: system.cpu: T0 : 0x225ea    : lbu a3, 40(a3)             : MemRead :  D=0x0000000000000000 A=0x6ef38
1056500: system.cpu: T0 : 0x225ee    : c_beqz a3, 16              : IntAlu : 
1057000: system.cpu: T0 : 0x225fe    : c_jr ra                    : IntAlu : 
1057500: system.cpu: T0 : 0x1b0ac    : c_lui a2, 27               : IntAlu :  D=0x000000000001b000
1058500: system.cpu: T0 : 0x1b0ae    : addi a2, a2, -1742         : IntAlu :  D=0x000000000001a932
1059000: system.cpu: T0 : 0x1b0b2    : c_mv a1, sp                : IntAlu :  D=0x7ffffffffffffbd0
1059500: system.cpu: T0 : 0x1b0b4    : c_li a0, 15                : IntAlu :  D=0x000000000000000f
1060500: system.cpu: T0 : 0x1b0b6    : jal ra, 29956              : IntAlu :  D=0x000000000001b0ba
1061000: system.cpu: T0 : 0x225ba    : c_slli a0, 32              : IntAlu :  D=0x0000000f00000000
1061500: system.cpu: T0 : 0x225bc    : c_srli a0, 32              : IntAlu :  D=0x000000000000000f
1062500: system.cpu: T0 : 0x225be    : slli a5, a0, 3             : IntAlu :  D=0x0000000000000078
1063000: system.cpu: T0 : 0x225c2    : c_sub a5, a0               : IntAlu :  D=0x0000000000000069
1063500: system.cpu: T0 : 0x225c4    : lui a4, 111                : IntAlu :  D=0x000000000006f000
1064000: system.cpu: T0 : 0x225c8    : addi a4, a4, -1248         : IntAlu :  D=0x000000000006eb20
1064500: system.cpu: T0 : 0x225cc    : c_slli a5, 3               : IntAlu :  D=0x0000000000000348
1065000: system.cpu: T0 : 0x225ce    : c_add a5, a4               : IntAlu :  D=0x000000000006ee68
1065500: system.cpu: T0 : 0x225d0    : c_lw a3, 8(a5)             : MemRead :  D=0x0000000000000002 A=0x6ee70
1066000: system.cpu: T0 : 0x225d2    : c_li a6, 2                 : IntAlu :  D=0x0000000000000002
1066500: system.cpu: T0 : 0x225d4    : c_ld a5, 32(a5)            : MemRead :  D=0x0000000000000000 A=0x6ee88
1067500: system.cpu: T0 : 0x225d6    : bltu a6, a3, 42            : IntAlu : 
1068000: system.cpu: T0 : 0x225da    : c_bnez a3, 38              : IntAlu : 
1068500: system.cpu: T0 : 0x22600    : c_sd a5, 0(a1)             : MemWrite :  D=0x0000000000000000 A=0x7ffffffffffffbd0
1069000: system.cpu: T0 : 0x22602    : c_j -36                    : IntAlu : 
1070000: system.cpu: T0 : 0x225de    : slli a5, a0, 3             : IntAlu :  D=0x0000000000000078
1070500: system.cpu: T0 : 0x225e2    : c_sub a5, a0               : IntAlu :  D=0x0000000000000069
1071000: system.cpu: T0 : 0x225e4    : c_slli a5, 3               : IntAlu :  D=0x0000000000000348
1072000: system.cpu: T0 : 0x225e6    : add a3, a4, a5             : IntAlu :  D=0x000000000006ee68
1073000: system.cpu: T0 : 0x225ea    : lbu a3, 40(a3)             : MemRead :  D=0x0000000000000000 A=0x6ee90
1073500: system.cpu: T0 : 0x225ee    : c_beqz a3, 16              : IntAlu : 
1074000: system.cpu: T0 : 0x225fe    : c_jr ra                    : IntAlu : 
1074500: system.cpu: T0 : 0x1b0ba    : c_lui a2, 27               : IntAlu :  D=0x000000000001b000
1075000: system.cpu: T0 : 0x1b0bc    : addi a2, a2, -1722         : IntAlu :  D=0x000000000001a946
1075500: system.cpu: T0 : 0x1b0c0    : c_mv a1, sp                : IntAlu :  D=0x7ffffffffffffbd0
1076000: system.cpu: T0 : 0x1b0c2    : c_li a0, 11                : IntAlu :  D=0x000000000000000b
1076500: system.cpu: T0 : 0x1b0c4    : jal ra, 29942              : IntAlu :  D=0x000000000001b0c8
1077000: system.cpu: T0 : 0x225ba    : c_slli a0, 32              : IntAlu :  D=0x0000000b00000000
1077500: system.cpu: T0 : 0x225bc    : c_srli a0, 32              : IntAlu :  D=0x000000000000000b
1078500: system.cpu: T0 : 0x225be    : slli a5, a0, 3             : IntAlu :  D=0x0000000000000058
1079000: system.cpu: T0 : 0x225c2    : c_sub a5, a0               : IntAlu :  D=0x000000000000004d
1079500: system.cpu: T0 : 0x225c4    : lui a4, 111                : IntAlu :  D=0x000000000006f000
1080000: system.cpu: T0 : 0x225c8    : addi a4, a4, -1248         : IntAlu :  D=0x000000000006eb20
1080500: system.cpu: T0 : 0x225cc    : c_slli a5, 3               : IntAlu :  D=0x0000000000000268
1081000: system.cpu: T0 : 0x225ce    : c_add a5, a4               : IntAlu :  D=0x000000000006ed88
1081500: system.cpu: T0 : 0x225d0    : c_lw a3, 8(a5)             : MemRead :  D=0x0000000000000002 A=0x6ed90
1082000: system.cpu: T0 : 0x225d2    : c_li a6, 2                 : IntAlu :  D=0x0000000000000002
1082500: system.cpu: T0 : 0x225d4    : c_ld a5, 32(a5)            : MemRead :  D=0x0000000000000000 A=0x6eda8
1083500: system.cpu: T0 : 0x225d6    : bltu a6, a3, 42            : IntAlu : 
1084000: system.cpu: T0 : 0x225da    : c_bnez a3, 38              : IntAlu : 
1084500: system.cpu: T0 : 0x22600    : c_sd a5, 0(a1)             : MemWrite :  D=0x0000000000000000 A=0x7ffffffffffffbd0
1085000: system.cpu: T0 : 0x22602    : c_j -36                    : IntAlu : 
1086000: system.cpu: T0 : 0x225de    : slli a5, a0, 3             : IntAlu :  D=0x0000000000000058
1086500: system.cpu: T0 : 0x225e2    : c_sub a5, a0               : IntAlu :  D=0x000000000000004d
1087000: system.cpu: T0 : 0x225e4    : c_slli a5, 3               : IntAlu :  D=0x0000000000000268
1088000: system.cpu: T0 : 0x225e6    : add a3, a4, a5             : IntAlu :  D=0x000000000006ed88
1089000: system.cpu: T0 : 0x225ea    : lbu a3, 40(a3)             : MemRead :  D=0x0000000000000000 A=0x6edb0
1089500: system.cpu: T0 : 0x225ee    : c_beqz a3, 16              : IntAlu : 
1090000: system.cpu: T0 : 0x225fe    : c_jr ra                    : IntAlu : 
1090500: system.cpu: T0 : 0x1b0c8    : c_lui a2, 27               : IntAlu :  D=0x000000000001b000
1091500: system.cpu: T0 : 0x1b0ca    : addi a2, a2, -1710         : IntAlu :  D=0x000000000001a952
1092000: system.cpu: T0 : 0x1b0ce    : c_mv a1, sp                : IntAlu :  D=0x7ffffffffffffbd0
1092500: system.cpu: T0 : 0x1b0d0    : c_li a0, 5                 : IntAlu :  D=0x0000000000000005
1093500: system.cpu: T0 : 0x1b0d2    : jal ra, 29928              : IntAlu :  D=0x000000000001b0d6
1094000: system.cpu: T0 : 0x225ba    : c_slli a0, 32              : IntAlu :  D=0x0000000500000000
1094500: system.cpu: T0 : 0x225bc    : c_srli a0, 32              : IntAlu :  D=0x0000000000000005
1095500: system.cpu: T0 : 0x225be    : slli a5, a0, 3             : IntAlu :  D=0x0000000000000028
1096000: system.cpu: T0 : 0x225c2    : c_sub a5, a0               : IntAlu :  D=0x0000000000000023
1096500: system.cpu: T0 : 0x225c4    : lui a4, 111                : IntAlu :  D=0x000000000006f000
1097000: system.cpu: T0 : 0x225c8    : addi a4, a4, -1248         : IntAlu :  D=0x000000000006eb20
1097500: system.cpu: T0 : 0x225cc    : c_slli a5, 3               : IntAlu :  D=0x0000000000000118
1098000: system.cpu: T0 : 0x225ce    : c_add a5, a4               : IntAlu :  D=0x000000000006ec38
1098500: system.cpu: T0 : 0x225d0    : c_lw a3, 8(a5)             : MemRead :  D=0x0000000000000002 A=0x6ec40
1099000: system.cpu: T0 : 0x225d2    : c_li a6, 2                 : IntAlu :  D=0x0000000000000002
1099500: system.cpu: T0 : 0x225d4    : c_ld a5, 32(a5)            : MemRead :  D=0x0000000000000000 A=0x6ec58
1100500: system.cpu: T0 : 0x225d6    : bltu a6, a3, 42            : IntAlu : 
1101000: system.cpu: T0 : 0x225da    : c_bnez a3, 38              : IntAlu : 
1101500: system.cpu: T0 : 0x22600    : c_sd a5, 0(a1)             : MemWrite :  D=0x0000000000000000 A=0x7ffffffffffffbd0
1102000: system.cpu: T0 : 0x22602    : c_j -36                    : IntAlu : 
1103000: system.cpu: T0 : 0x225de    : slli a5, a0, 3             : IntAlu :  D=0x0000000000000028
1103500: system.cpu: T0 : 0x225e2    : c_sub a5, a0               : IntAlu :  D=0x0000000000000023
1104000: system.cpu: T0 : 0x225e4    : c_slli a5, 3               : IntAlu :  D=0x0000000000000118
1105000: system.cpu: T0 : 0x225e6    : add a3, a4, a5             : IntAlu :  D=0x000000000006ec38
1106000: system.cpu: T0 : 0x225ea    : lbu a3, 40(a3)             : MemRead :  D=0x0000000000000000 A=0x6ec60
1106500: system.cpu: T0 : 0x225ee    : c_beqz a3, 16              : IntAlu : 
1107000: system.cpu: T0 : 0x225fe    : c_jr ra                    : IntAlu : 
1107500: system.cpu: T0 : 0x1b0d6    : c_ldsp a4, 8(sp)           : MemRead :  D=0x6f442f2e2e000000 A=0x7ffffffffffffbd8
1108000: system.cpu: T0 : 0x1b0d8    : ld a5, -1264(s1)           : MemRead :  D=0x6f442f2e2e000000 A=0x6eb10
1108500: system.cpu: T0 : 0x1b0dc    : c_li a3, 1                 : IntAlu :  D=0x0000000000000001
1109500: system.cpu: T0 : 0x1b0de    : sw a3, -1876(gp)           : MemWrite :  D=0x0000000000000001 A=0x70924
1110500: system.cpu: T0 : 0x1b0e2    : bne a4, a5, 14             : IntAlu : 
1111000: system.cpu: T0 : 0x1b0e6    : c_ldsp ra, 40(sp)          : MemRead :  D=0x000000000001deb8 A=0x7ffffffffffffbf8
1111500: system.cpu: T0 : 0x1b0e8    : c_ldsp s0, 32(sp)          : MemRead :  D=0x7ffffffffffffcf0 A=0x7ffffffffffffbf0
1112000: system.cpu: T0 : 0x1b0ea    : c_ldsp s1, 24(sp)          : MemRead :  D=0x7ffffffffffffc20 A=0x7ffffffffffffbe8
1112500: system.cpu: T0 : 0x1b0ec    : c_addi16sp sp, 48          : IntAlu :  D=0x7ffffffffffffc00
1113000: system.cpu: T0 : 0x1b0ee    : c_jr ra                    : IntAlu : 
1113500: system.cpu: T0 : 0x1deb8    : c_ldsp a0, 8(sp)           : MemRead :  D=0x0000000000000024 A=0x7ffffffffffffc08
1114000: system.cpu: T0 : 0x1deba    : c_ldsp ra, 24(sp)          : MemRead :  D=0x000000000003dd76 A=0x7ffffffffffffc18
1114500: system.cpu: T0 : 0x1debc    : c_addi16sp sp, 32          : IntAlu :  D=0x7ffffffffffffc20
1115000: system.cpu: T0 : 0x1debe    : c_j -540                   : IntAlu : 
1116000: system.cpu: T0 : 0x1dca2    : ld t1, -1848(gp)           : MemRead :  D=0x0000000000000000 A=0x70940
1117000: system.cpu: T0 : 0x1dca6    : bne t1, zero, 260          : IntAlu : 
1117500: system.cpu: T0 : 0x1dcaa    : c_addi sp, -32             : IntAlu :  D=0x7ffffffffffffc00
1118000: system.cpu: T0 : 0x1dcac    : c_sdsp s0, 16(sp)          : MemWrite :  D=0x7ffffffffffffcf0 A=0x7ffffffffffffc10
1118500: system.cpu: T0 : 0x1dcae    : c_sdsp ra, 24(sp)          : MemWrite :  D=0x000000000003dd76 A=0x7ffffffffffffc18
1119000: system.cpu: T0 : 0x1dcb0    : c_sdsp s1, 8(sp)           : MemWrite :  D=0x7ffffffffffffc20 A=0x7ffffffffffffc08
1119500: system.cpu: T0 : 0x1dcb2    : c_sdsp s2, 0(sp)           : MemWrite :  D=0x0000000000000002 A=0x7ffffffffffffc00
1120000: system.cpu: T0 : 0x1dcb4    : c_mv s0, a0                : IntAlu :  D=0x0000000000000024
1121000: system.cpu: T0 : 0x1dcb6    : blt a0, zero, 222          : IntAlu : 
1122000: system.cpu: T0 : 0x1dcba    : addi a5, a0, 23            : IntAlu :  D=0x000000000000003b
1122500: system.cpu: T0 : 0x1dcbe    : c_li a4, 31                : IntAlu :  D=0x000000000000001f
1123000: system.cpu: T0 : 0x1dcc0    : c_li s1, 0                 : IntAlu :  D=0x0000000000000000
1124000: system.cpu: T0 : 0x1dcc2    : bltu a4, a5, 94            : IntAlu : 
1124500: system.cpu: T0 : 0x1dd20    : c_andi a5, 18446744073709551600 : IntAlu :  D=0x0000000000000030
1125000: system.cpu: T0 : 0x1dd22    : c_addi a5, -17             : IntAlu :  D=0x000000000000001f
1125500: system.cpu: T0 : 0x1dd24    : srli s1, a5, 4             : IntAlu :  D=0x0000000000000001
1126000: system.cpu: T0 : 0x1dd28    : c_j -98                    : IntAlu : 
1127000: system.cpu: T0 : 0x1dcc6    : ld a4, 40(tp)              : MemRead :  D=0x0000000000000000 A=0x72738
1127500: system.cpu: T0 : 0x1dcca    : c_beqz a4, 96              : IntAlu : 
1128500: system.cpu: T0 : 0x1dd2a    : lbu a5, 48(tp)             : MemRead :  D=0x0000000000000000 A=0x72740
1129000: system.cpu: T0 : 0x1dd2e    : c_bnez a5, -86             : IntAlu : 
1129500: system.cpu: T0 : 0x1dd30    : jal ra, -2480              : IntAlu :  D=0x000000000001dd34
1130000: system.cpu: T0 : 0x1d380    : c_addi sp, -32             : IntAlu :  D=0x7ffffffffffffbe0
1130500: system.cpu: T0 : 0x1d382    : c_sdsp s0, 16(sp)          : MemWrite :  D=0x0000000000000024 A=0x7ffffffffffffbf0
1131000: system.cpu: T0 : 0x1d384    : ld s0, 56(tp)              : MemRead :  D=0x000000000006f618 A=0x72748
1131500: system.cpu: T0 : 0x1d388    : c_sdsp ra, 24(sp)          : MemWrite :  D=0x000000000001dd34 A=0x7ffffffffffffbf8
1132000: system.cpu: T0 : 0x1d38a    : c_sdsp s1, 8(sp)           : MemWrite :  D=0x0000000000000001 A=0x7ffffffffffffbe8
1132500: system.cpu: T0 : 0x1d38c    : c_beqz s0, 78              : IntAlu : 
1133000: system.cpu: T0 : 0x1d38e    : c_mv s1, s0                : IntAlu :  D=0x000000000006f618
1133500: system.cpu: T0 : 0x1d390    : c_li a4, 1                 : IntAlu :  D=0x0000000000000001
1134500: system.cpu: T0 : 0x1d392    : lr_w a5, (s0)             
1134500: system.cpu: T0 : 0x1d392. 0 : lr_w a5, (s0)              : MemRead :  D=0x0000000000000000 A=0x6f618
1135000: system.cpu: T0 : 0x1d396    : c_bnez a5, 8               : IntAlu : 
1135500: system.cpu: T0 : 0x1d398    : sc_w_aq a3, a4, (s0)      
1135500: system.cpu: T0 : 0x1d398. 0 : sc_w a3, a4, (s0)          : MemWrite :  D=0x0000000000000000 A=0x6f618
1136000: system.cpu: T0 : 0x1d398. 1 : 0x1ce426af fence           : No_OpClass : 
1136500: system.cpu: T0 : 0x1d39c    : c_bnez a3, -10             : IntAlu : 
1137000: system.cpu: T0 : 0x1d39e    : c_addiw a5, 0              : IntAlu :  D=0x0000000000000000
1137500: system.cpu: T0 : 0x1d3a0    : c_bnez a5, 162             : IntAlu : 
1138500: system.cpu: T0 : 0x1d3a2    : addi a1, zero, 640         : IntAlu :  D=0x0000000000000280
1139000: system.cpu: T0 : 0x1d3a6    : c_mv a0, s0                : IntAlu :  D=0x000000000006f618
1139500: system.cpu: T0 : 0x1d3a8    : jal ra, -2862              : IntAlu :  D=0x000000000001d3ac
1140000: system.cpu: T0 : 0x1c87a    : c_addi16sp sp, -256        : IntAlu :  D=0x7ffffffffffffae0
1140500: system.cpu: T0 : 0x1c87c    : c_sdsp ra, 248(sp)         : MemWrite :  D=0x000000000001d3ac A=0x7ffffffffffffbd8
1141000: system.cpu: T0 : 0x1c87e    : c_sdsp s0, 240(sp)         : MemWrite :  D=0x000000000006f618 A=0x7ffffffffffffbd0
1141500: system.cpu: T0 : 0x1c880    : c_sdsp s1, 232(sp)         : MemWrite :  D=0x000000000006f618 A=0x7ffffffffffffbc8
1142000: system.cpu: T0 : 0x1c882    : c_sdsp s2, 224(sp)         : MemWrite :  D=0x0000000000000002 A=0x7ffffffffffffbc0
1142500: system.cpu: T0 : 0x1c884    : c_sdsp s3, 216(sp)         : MemWrite :  D=0x0000000000000000 A=0x7ffffffffffffbb8
1143000: system.cpu: T0 : 0x1c886    : c_sdsp s4, 208(sp)         : MemWrite :  D=0x0000000000000000 A=0x7ffffffffffffbb0
1143500: system.cpu: T0 : 0x1c888    : c_sdsp s5, 200(sp)         : MemWrite :  D=0x0000000000000000 A=0x7ffffffffffffba8
1144000: system.cpu: T0 : 0x1c88a    : c_sdsp s6, 192(sp)         : MemWrite :  D=0x0000000000072000 A=0x7ffffffffffffba0
1144500: system.cpu: T0 : 0x1c88c    : c_sdsp s7, 184(sp)         : MemWrite :  D=0x0000000000000000 A=0x7ffffffffffffb98
1145000: system.cpu: T0 : 0x1c88e    : c_sdsp s8, 176(sp)         : MemWrite :  D=0x0000000000000000 A=0x7ffffffffffffb90
1145500: system.cpu: T0 : 0x1c890    : c_sdsp s9, 168(sp)         : MemWrite :  D=0x0000000000000003 A=0x7ffffffffffffb88
1146000: system.cpu: T0 : 0x1c892    : c_sdsp s10, 160(sp)        : MemWrite :  D=0x0000000000000000 A=0x7ffffffffffffb80
1146500: system.cpu: T0 : 0x1c894    : c_sdsp s11, 152(sp)        : MemWrite :  D=0x0000000000000000 A=0x7ffffffffffffb78
1147500: system.cpu: T0 : 0x1c896    : blt a1, zero, 1198         : IntAlu : 
1148500: system.cpu: T0 : 0x1c89a    : addi s0, a1, 23            : IntAlu :  D=0x0000000000000297
1149000: system.cpu: T0 : 0x1c89e    : c_li a5, 31                : IntAlu :  D=0x000000000000001f
1149500: system.cpu: T0 : 0x1c8a0    : c_mv s3, a1                : IntAlu :  D=0x0000000000000280
1150000: system.cpu: T0 : 0x1c8a2    : c_mv s1, a0                : IntAlu :  D=0x000000000006f618
1150500: system.cpu: T0 : 0x1c8a4    : bltu a5, s0, 220           : IntAlu : 
1151000: system.cpu: T0 : 0x1c980    : c_andi s0, 18446744073709551600 : IntAlu :  D=0x0000000000000290
1152000: system.cpu: T0 : 0x1c982    : beq a0, zero, 988          : IntAlu : 
1153000: system.cpu: T0 : 0x1c986    : ld a4, -1376(gp)           : MemRead :  D=0x0000000000000080 A=0x70b18
1154000: system.cpu: T0 : 0x1c98a    : srliw s9, s0, 4            : IntAlu :  D=0x0000000000000029
1155000: system.cpu: T0 : 0x1c98e    : srliw a5, s0, 4            : IntAlu :  D=0x0000000000000029
1156000: system.cpu: T0 : 0x1c992    : bgeu a4, s0, 506           : IntAlu : 
1157000: system.cpu: T0 : 0x1c996    : addi a4, zero, 1023        : IntAlu :  D=0x00000000000003ff
1158000: system.cpu: T0 : 0x1c99a    : bgeu a4, s0, 1722          : IntAlu : 
1158500: system.cpu: T0 : 0x1d054    : c_addiw a5, -1             : IntAlu :  D=0x0000000000000028
1159000: system.cpu: T0 : 0x1d056    : c_j -1406                  : IntAlu : 
1159500: system.cpu: T0 : 0x1cad8    : slliw a5, a5, 1            : IntAlu :  D=0x0000000000000050
1160000: system.cpu: T0 : 0x1cadc    : c_slli a5, 32              : IntAlu :  D=0x0000005000000000
1160500: system.cpu: T0 : 0x1cade    : c_srli a5, 32              : IntAlu :  D=0x0000000000000050
1161000: system.cpu: T0 : 0x1cae0    : c_addi a5, 14              : IntAlu :  D=0x000000000000005e
1161500: system.cpu: T0 : 0x1cae2    : c_slli a5, 3               : IntAlu :  D=0x00000000000002f0
1162000: system.cpu: T0 : 0x1cae4    : c_j -550                   : IntAlu : 
1162500: system.cpu: T0 : 0x1c8be    : c_add a5, s1               : IntAlu :  D=0x000000000006f908
1163000: system.cpu: T0 : 0x1c8c0    : ld s2, 8(a5)               : MemRead :  D=0x000000000006f8f8 A=0x6f910
1163500: system.cpu: T0 : 0x1c8c4    : addi a3, a5, -16           : IntAlu :  D=0x000000000006f8f8
1164000: system.cpu: T0 : 0x1c8c8    : beq a3, s2, 748            : IntAlu : 
1164500: system.cpu: T0 : 0x1cbb4    : srli t1, s0, 9             : IntAlu :  D=0x0000000000000001
1165000: system.cpu: T0 : 0x1cbb8    : addiw a5, t1, 91           : IntAlu :  D=0x000000000000005c
1165500: system.cpu: T0 : 0x1cbbc    : srli s10, s0, 6            : IntAlu :  D=0x000000000000000a
1166000: system.cpu: T0 : 0x1cbc0    : c_sdsp a5, 96(sp)          : MemWrite :  D=0x000000000000005c A=0x7ffffffffffffb40
1167000: system.cpu: T0 : 0x1cbc2    : addiw a5, s10, 48          : IntAlu :  D=0x000000000000003a
1167500: system.cpu: T0 : 0x1cbc6    : c_sdsp a5, 88(sp)          : MemWrite :  D=0x000000000000003a A=0x7ffffffffffffb38
1168000: system.cpu: T0 : 0x1cbc8    : addi a5, zero, 110         : IntAlu :  D=0x000000000000006e
1168500: system.cpu: T0 : 0x1cbcc    : c_sdsp a5, 112(sp)         : MemWrite :  D=0x000000000000006e A=0x7ffffffffffffb50
1169500: system.cpu: T0 : 0x1cbce    : addi a5, zero, 119         : IntAlu :  D=0x0000000000000077
1170000: system.cpu: T0 : 0x1cbd2    : c_sdsp a5, 104(sp)         : MemWrite :  D=0x0000000000000077 A=0x7ffffffffffffb48
1170500: system.cpu: T0 : 0x1cbd4    : addi a5, zero, 124         : IntAlu :  D=0x000000000000007c
1171000: system.cpu: T0 : 0x1cbd8    : c_sdsp s9, 8(sp)           : MemWrite :  D=0x0000000000000029 A=0x7ffffffffffffae8
1171500: system.cpu: T0 : 0x1cbda    : c_sdsp a5, 120(sp)         : MemWrite :  D=0x000000000000007c A=0x7ffffffffffffb58
1172000: system.cpu: T0 : 0x1cbdc    : c_sdsp zero, 128(sp)       : MemWrite :  D=0x0000000000000000 A=0x7ffffffffffffb60
1172500: system.cpu: T0 : 0x1cbde    : c_sdsp zero, 136(sp)       : MemWrite :  D=0x0000000000000000 A=0x7ffffffffffffb68
1173000: system.cpu: T0 : 0x1cbe0    : ld a5, 40(tp)              : MemRead :  D=0x0000000000000000 A=0x72738
1173500: system.cpu: T0 : 0x1cbe4    : addi s6, s0, -17           : IntAlu :  D=0x000000000000027f
1174000: system.cpu: T0 : 0x1cbe8    : srli s6, s6, 4             : IntAlu :  D=0x0000000000000027
1174500: system.cpu: T0 : 0x1cbec    : c_li s5, 0                 : IntAlu :  D=0x0000000000000000
1175000: system.cpu: T0 : 0x1cbee    : c_beqz a5, 22              : IntAlu : 
1175500: system.cpu: T0 : 0x1cc04    : lui a5, 111                : IntAlu :  D=0x000000000006f000
1176000: system.cpu: T0 : 0x1cc08    : c_lui s11, 1               : IntAlu :  D=0x0000000000001000
1177000: system.cpu: T0 : 0x1cc0a    : lui s7, 111                : IntAlu :  D=0x000000000006f000
1178000: system.cpu: T0 : 0x1cc0e    : addi a5, a5, 1560          : IntAlu :  D=0x000000000006f618
1179000: system.cpu: T0 : 0x1cc12    : addi s8, s1, 96            : IntAlu :  D=0x000000000006f678
1179500: system.cpu: T0 : 0x1cc16    : c_li t5, 0                 : IntAlu :  D=0x0000000000000000
1180000: system.cpu: T0 : 0x1cc18    : addi s7, s7, 1448          : IntAlu :  D=0x000000000006f5a8
1180500: system.cpu: T0 : 0x1cc1c    : add a7, s1, s11            : IntAlu :  D=0x0000000000070618
1181000: system.cpu: T0 : 0x1cc20    : c_sdsp a5, 56(sp)          : MemWrite :  D=0x000000000006f618 A=0x7ffffffffffffb18
1181500: system.cpu: T0 : 0x1cc22    : c_ld a5, 120(s1)           : MemRead :  D=0x000000000006f678 A=0x6f690
1182000: system.cpu: T0 : 0x1cc24    : beq a5, s8, 532            : IntAlu : 
1182500: system.cpu: T0 : 0x1ce38    : addi a5, zero, 1023        : IntAlu :  D=0x00000000000003ff
1183000: system.cpu: T0 : 0x1ce3c    : bgeu a5, s0, 38            : IntAlu : 
1183500: system.cpu: T0 : 0x1ce62    : c_ldsp a3, 8(sp)           : MemRead :  D=0x0000000000000029 A=0x7ffffffffffffae8
1184000: system.cpu: T0 : 0x1ce64    : c_li a0, 4                 : IntAlu :  D=0x0000000000000004
1185000: system.cpu: T0 : 0x1ce66    : addiw a5, a3, 1            : IntAlu :  D=0x000000000000002a
1186000: system.cpu: T0 : 0x1ce6a    : srliw a4, a5, 5            : IntAlu :  D=0x0000000000000001
1187000: system.cpu: T0 : 0x1ce6e    : slliw a3, a3, 1            : IntAlu :  D=0x0000000000000052
1188000: system.cpu: T0 : 0x1ce72    : addi a4, a4, 536           : IntAlu :  D=0x0000000000000219
1188500: system.cpu: T0 : 0x1ce76    : c_slli a3, 32              : IntAlu :  D=0x0000005200000000
1189000: system.cpu: T0 : 0x1ce78    : c_slli a4, 2               : IntAlu :  D=0x0000000000000864
1189500: system.cpu: T0 : 0x1ce7a    : c_srli a3, 32              : IntAlu :  D=0x0000000000000052
1190000: system.cpu: T0 : 0x1ce7c    : c_add a4, s1               : IntAlu :  D=0x000000000006fe7c
1190500: system.cpu: T0 : 0x1ce7e    : c_slli a3, 3               : IntAlu :  D=0x0000000000000290
1191000: system.cpu: T0 : 0x1ce80    : c_lw a2, 0(a4)             : MemRead :  D=0x0000000000000000 A=0x6fe7c
1192000: system.cpu: T0 : 0x1ce82    : addi a3, a3, 96            : IntAlu :  D=0x00000000000002f0
1192500: system.cpu: T0 : 0x1ce86    : c_li a4, 1                 : IntAlu :  D=0x0000000000000001
1193000: system.cpu: T0 : 0x1ce88    : srliw s2, a5, 5            : IntAlu :  D=0x0000000000000001
1193500: system.cpu: T0 : 0x1ce8c    : c_add a3, s1               : IntAlu :  D=0x000000000006f908
1194500: system.cpu: T0 : 0x1ce8e    : sllw a5, a4, a5            : IntAlu :  D=0x0000000000000400
1195500: system.cpu: T0 : 0x1ce92    : bltu a2, a5, 144           : IntAlu : 
1196500: system.cpu: T0 : 0x1cf22    : addiw a5, s2, 1            : IntAlu :  D=0x0000000000000002
1197500: system.cpu: T0 : 0x1cf26    : addiw s2, a5, 0            : IntAlu :  D=0x0000000000000002
1198500: system.cpu: T0 : 0x1cf2a    : bne s2, a0, -26            : IntAlu : 
1199000: system.cpu: T0 : 0x1cf10    : c_slli a5, 32              : IntAlu :  D=0x0000000200000000
1199500: system.cpu: T0 : 0x1cf12    : c_srli a5, 32              : IntAlu :  D=0x0000000000000002
1200000: system.cpu: T0 : 0x1cf14    : addi a5, a5, 536           : IntAlu :  D=0x000000000000021a
1200500: system.cpu: T0 : 0x1cf18    : c_slli a5, 2               : IntAlu :  D=0x0000000000000868
1201000: system.cpu: T0 : 0x1cf1a    : c_add a5, s1               : IntAlu :  D=0x000000000006fe80
1201500: system.cpu: T0 : 0x1cf1c    : c_lw a2, 0(a5)             : MemRead :  D=0x0000000000000000 A=0x6fe80
1202500: system.cpu: T0 : 0x1cf1e    : bne a2, zero, 384          : IntAlu : 
1203500: system.cpu: T0 : 0x1cf22    : addiw a5, s2, 1            : IntAlu :  D=0x0000000000000003
1204500: system.cpu: T0 : 0x1cf26    : addiw s2, a5, 0            : IntAlu :  D=0x0000000000000003
1205500: system.cpu: T0 : 0x1cf2a    : bne s2, a0, -26            : IntAlu : 
1206000: system.cpu: T0 : 0x1cf10    : c_slli a5, 32              : IntAlu :  D=0x0000000300000000
1206500: system.cpu: T0 : 0x1cf12    : c_srli a5, 32              : IntAlu :  D=0x0000000000000003
1207000: system.cpu: T0 : 0x1cf14    : addi a5, a5, 536           : IntAlu :  D=0x000000000000021b
1207500: system.cpu: T0 : 0x1cf18    : c_slli a5, 2               : IntAlu :  D=0x000000000000086c
1208000: system.cpu: T0 : 0x1cf1a    : c_add a5, s1               : IntAlu :  D=0x000000000006fe84
1208500: system.cpu: T0 : 0x1cf1c    : c_lw a2, 0(a5)             : MemRead :  D=0x0000000000000000 A=0x6fe84
1209500: system.cpu: T0 : 0x1cf1e    : bne a2, zero, 384          : IntAlu : 
1210500: system.cpu: T0 : 0x1cf22    : addiw a5, s2, 1            : IntAlu :  D=0x0000000000000004
1211500: system.cpu: T0 : 0x1cf26    : addiw s2, a5, 0            : IntAlu :  D=0x0000000000000004
1212500: system.cpu: T0 : 0x1cf2a    : bne s2, a0, -26            : IntAlu : 
1213000: system.cpu: T0 : 0x1cf2e    : c_ld a4, 96(s1)            : MemRead :  D=0x000000000006f678 A=0x6f678
1213500: system.cpu: T0 : 0x1cf30    : ld a3, -1912(a7)           : MemRead :  D=0x0000000000000000 A=0x6fea0
1214000: system.cpu: T0 : 0x1cf34    : c_ld a5, 8(a4)             : MemRead :  D=0x0000000000000000 A=0x6f680
1214500: system.cpu: T0 : 0x1cf36    : c_andi a5, 18446744073709551608 : IntAlu :  D=0x0000000000000000
1215000: system.cpu: T0 : 0x1cf38    : bltu a3, a5, 548           : IntAlu : 
1215500: system.cpu: T0 : 0x1cf3c    : addi a3, s0, 32            : IntAlu :  D=0x00000000000002b0
1216000: system.cpu: T0 : 0x1cf40    : bgeu a5, a3, 640           : IntAlu : 
1216500: system.cpu: T0 : 0x1cf44    : c_sdsp a7, 32(sp)          : MemWrite :  D=0x0000000000070618 A=0x7ffffffffffffb00
1217000: system.cpu: T0 : 0x1cf46    : c_sdsp t1, 24(sp)          : MemWrite :  D=0x0000000000000001 A=0x7ffffffffffffaf8
1217500: system.cpu: T0 : 0x1cf48    : c_sdsp t5, 16(sp)          : MemWrite :  D=0x0000000000000000 A=0x7ffffffffffffaf0
1218000: system.cpu: T0 : 0x1cf4a    : c_lw a5, 8(s1)             : MemRead :  D=0x0000000000000000 A=0x6f620
1218500: system.cpu: T0 : 0x1cf4c    : c_addiw a5, 0              : IntAlu :  D=0x0000000000000000
1219000: system.cpu: T0 : 0x1cf4e    : c_beqz a5, 180             : IntAlu : 
1219500: system.cpu: T0 : 0x1d002    : c_mv a1, s1                : IntAlu :  D=0x000000000006f618
1220000: system.cpu: T0 : 0x1d004    : c_mv a0, s0                : IntAlu :  D=0x0000000000000290
1221000: system.cpu: T0 : 0x1d006    : jal ra, -3372              : IntAlu :  D=0x000000000001d00a
1221500: system.cpu: T0 : 0x1c2da    : c_addi16sp sp, -160        : IntAlu :  D=0x7ffffffffffffa40
1222000: system.cpu: T0 : 0x1c2dc    : c_sdsp s1, 136(sp)         : MemWrite :  D=0x000000000006f618 A=0x7ffffffffffffac8
1222500: system.cpu: T0 : 0x1c2de    : c_sdsp s2, 128(sp)         : MemWrite :  D=0x0000000000000004 A=0x7ffffffffffffac0
1223000: system.cpu: T0 : 0x1c2e0    : c_sdsp s10, 64(sp)         : MemWrite :  D=0x000000000000000a A=0x7ffffffffffffa80
1223500: system.cpu: T0 : 0x1c2e2    : c_sdsp ra, 152(sp)         : MemWrite :  D=0x000000000001d00a A=0x7ffffffffffffad8
1224000: system.cpu: T0 : 0x1c2e4    : c_sdsp s0, 144(sp)         : MemWrite :  D=0x0000000000000290 A=0x7ffffffffffffad0
1224500: system.cpu: T0 : 0x1c2e6    : c_sdsp s3, 120(sp)         : MemWrite :  D=0x0000000000000280 A=0x7ffffffffffffab8
1225000: system.cpu: T0 : 0x1c2e8    : c_sdsp s4, 112(sp)         : MemWrite :  D=0x0000000000000000 A=0x7ffffffffffffab0
1225500: system.cpu: T0 : 0x1c2ea    : c_sdsp s5, 104(sp)         : MemWrite :  D=0x0000000000000000 A=0x7ffffffffffffaa8
1226000: system.cpu: T0 : 0x1c2ec    : c_sdsp s6, 96(sp)          : MemWrite :  D=0x0000000000000027 A=0x7ffffffffffffaa0
1226500: system.cpu: T0 : 0x1c2ee    : c_sdsp s7, 88(sp)          : MemWrite :  D=0x000000000006f5a8 A=0x7ffffffffffffa98
1227000: system.cpu: T0 : 0x1c2f0    : c_sdsp s8, 80(sp)          : MemWrite :  D=0x000000000006f678 A=0x7ffffffffffffa90
1227500: system.cpu: T0 : 0x1c2f2    : c_sdsp s9, 72(sp)          : MemWrite :  D=0x0000000000000029 A=0x7ffffffffffffa88
1228000: system.cpu: T0 : 0x1c2f4    : c_sdsp s11, 56(sp)         : MemWrite :  D=0x0000000000001000 A=0x7ffffffffffffa78
1229000: system.cpu: T0 : 0x1c2f6    : ld s2, -1784(gp)           : MemRead :  D=0x0000000000001000 A=0x70980
1229500: system.cpu: T0 : 0x1c2fa    : c_mv s1, a0                : IntAlu :  D=0x0000000000000290
1230000: system.cpu: T0 : 0x1c2fc    : beq a1, zero, 534          : IntAlu : 
1230500: system.cpu: T0 : 0x1c300    : lui s11, 111               : IntAlu :  D=0x000000000006f000
1231000: system.cpu: T0 : 0x1c304    : addi s11, s11, 1448        : IntAlu :  D=0x000000000006f5a8
1231500: system.cpu: T0 : 0x1c308    : ld a5, 16(s11)             : MemRead :  D=0x0000000000020000 A=0x6f5b8
1232000: system.cpu: T0 : 0x1c30c    : c_mv s0, a1                : IntAlu :  D=0x000000000006f618
1233000: system.cpu: T0 : 0x1c30e    : bgeu a0, a5, 276           : IntAlu : 
1233500: system.cpu: T0 : 0x1c312    : c_sdsp zero, 8(sp)         : MemWrite :  D=0x0000000000000000 A=0x7ffffffffffffa48
1234000: system.cpu: T0 : 0x1c314    : addi s5, s2, 7             : IntAlu :  D=0x0000000000001007
1234500: system.cpu: T0 : 0x1c318    : add a5, s5, s1             : IntAlu :  D=0x0000000000001297
1235000: system.cpu: T0 : 0x1c31c    : lui s6, 111                : IntAlu :  D=0x000000000006f000
1235500: system.cpu: T0 : 0x1c320    : sub s5, zero, s2           : IntAlu :  D=0xfffffffffffff000
1236000: system.cpu: T0 : 0x1c324    : addi a7, s0, 96            : IntAlu :  D=0x000000000006f678
1236500: system.cpu: T0 : 0x1c328    : addi t1, s2, -1            : IntAlu :  D=0x0000000000000fff
1237000: system.cpu: T0 : 0x1c32c    : addi s8, s1, 32            : IntAlu :  D=0x00000000000002b0
1237500: system.cpu: T0 : 0x1c330    : addi s7, s6, 1560          : IntAlu :  D=0x000000000006f618
1238000: system.cpu: T0 : 0x1c334    : and s5, a5, s5             : IntAlu :  D=0x0000000000001000
1238500: system.cpu: T0 : 0x1c338    : ld s4, 96(s0)              : MemRead :  D=0x000000000006f678 A=0x6f678
1239000: system.cpu: T0 : 0x1c33c    : ld a5, 8(s4)               : MemRead :  D=0x0000000000000000 A=0x6f680
1239500: system.cpu: T0 : 0x1c340    : andi s3, a5, 18446744073709551608 : IntAlu :  D=0x0000000000000000
1240000: system.cpu: T0 : 0x1c344    : add s9, s4, s3             : IntAlu :  D=0x000000000006f678
1240500: system.cpu: T0 : 0x1c348    : beq s4, a7, 506            : IntAlu : 
1241500: system.cpu: T0 : 0x1c542    : beq s3, zero, -482         : IntAlu : 
1242000: system.cpu: T0 : 0x1c360    : bgeu s3, s8, 1112          : IntAlu : 
1242500: system.cpu: T0 : 0x1c364    : beq s0, s7, 484            : IntAlu : 
1243000: system.cpu: T0 : 0x1c548    : ld s5, 8(s11)              : MemRead :  D=0x0000000000020000 A=0x6f5b0
1243500: system.cpu: T0 : 0x1c54c    : c_lw a5, 4(s0)             : MemRead :  D=0x0000000000000000 A=0x6f61c
1244500: system.cpu: T0 : 0x1c54e    : addi s10, s2, -1           : IntAlu :  D=0x0000000000000fff
1245500: system.cpu: T0 : 0x1c552    : addi s5, s5, 32            : IntAlu :  D=0x0000000000020020
1246000: system.cpu: T0 : 0x1c556    : c_add s5, s10              : IntAlu :  D=0x000000000002101f
1246500: system.cpu: T0 : 0x1c558    : c_andi a5, 2               : IntAlu :  D=0x0000000000000000
1247000: system.cpu: T0 : 0x1c55a    : c_add s5, s1               : IntAlu :  D=0x00000000000212af
1247500: system.cpu: T0 : 0x1c55c    : sub a6, zero, s2           : IntAlu :  D=0xfffffffffffff000
1248000: system.cpu: T0 : 0x1c560    : c_beqz a5, 158             : IntAlu : 
1249000: system.cpu: T0 : 0x1c5fe    : sub s5, s5, s3             : IntAlu :  D=0x00000000000212af
1250000: system.cpu: T0 : 0x1c602    : and s5, s5, a6             : IntAlu :  D=0x0000000000021000
1251000: system.cpu: T0 : 0x1c606    : blt zero, s5, -156         : IntAlu : 
1252000: system.cpu: T0 : 0x1c56a    : ld a5, -1840(gp)           : MemRead :  D=0x000000000001ee96 A=0x70948
1252500: system.cpu: T0 : 0x1c56e    : c_mv a0, s5                : IntAlu :  D=0x0000000000021000
1253000: system.cpu: T0 : 0x1c570    : c_sdsp a6, 8(sp)           : MemWrite :  D=0xfffffffffffff000 A=0x7ffffffffffffa48
1253500: system.cpu: T0 : 0x1c572    : c_jalr a5                  : IntAlu :  D=0x000000000001c574
1254000: system.cpu: T0 : 0x1ee96    : c_addi sp, -16             : IntAlu :  D=0x7ffffffffffffa30
1254500: system.cpu: T0 : 0x1ee98    : c_sdsp ra, 8(sp)           : MemWrite :  D=0x000000000001c574 A=0x7ffffffffffffa38
1255500: system.cpu: T0 : 0x1ee9a    : jal ra, 9318               : IntAlu :  D=0x000000000001ee9e
1256000: system.cpu: T0 : 0x21300    : c_addi sp, -32             : IntAlu :  D=0x7ffffffffffffa10
1256500: system.cpu: T0 : 0x21302    : c_sdsp s2, 0(sp)           : MemWrite :  D=0x0000000000001000 A=0x7ffffffffffffa10
1257000: system.cpu: T0 : 0x21304    : c_sdsp s1, 8(sp)           : MemWrite :  D=0x0000000000000290 A=0x7ffffffffffffa18
1258000: system.cpu: T0 : 0x21306    : ld s1, -1200(gp)           : MemRead :  D=0x0000000000072f80 A=0x70bc8
1258500: system.cpu: T0 : 0x2130a    : c_sdsp s0, 16(sp)          : MemWrite :  D=0x000000000006f618 A=0x7ffffffffffffa20
1259000: system.cpu: T0 : 0x2130c    : c_sdsp ra, 24(sp)          : MemWrite :  D=0x000000000001ee9e A=0x7ffffffffffffa28
1259500: system.cpu: T0 : 0x2130e    : c_mv s0, a0                : IntAlu :  D=0x0000000000021000
1260000: system.cpu: T0 : 0x21310    : c_beqz s1, 46              : IntAlu : 
1261000: system.cpu: T0 : 0x21312    : lw a5, -1728(gp)           : MemRead :  D=0x0000000000000000 A=0x709b8
1261500: system.cpu: T0 : 0x21316    : c_bnez a5, 40              : IntAlu : 
1262000: system.cpu: T0 : 0x21318    : c_beqz s0, 24              : IntAlu : 
1263000: system.cpu: T0 : 0x2131a    : bge zero, s0, 52           : IntAlu : 
1264000: system.cpu: T0 : 0x2131e    : add a5, s0, s1             : IntAlu :  D=0x0000000000093f80
1265000: system.cpu: T0 : 0x21322    : sltu a5, a5, s1            : IntAlu :  D=0x0000000000000000
1265500: system.cpu: T0 : 0x21326    : c_beqz a5, 50              : IntAlu : 
1266000: system.cpu: T0 : 0x21358    : add a0, s1, s0             : IntAlu :  D=0x0000000000093f80
1266500: system.cpu: T0 : 0x2135c    : jal ra, 98390              : IntAlu :  D=0x0000000000021360
1267000: system.cpu: T0 : 0x393b2    : c_mv a5, a0                : IntAlu :  D=0x0000000000093f80
1267500: system.cpu: T0 : 0x393b4    : addi a7, zero, 214         : IntAlu :  D=0x00000000000000d6
1268000: system.cpu: T0 : 0x393b8    : ecall                      : No_OpClass : 
1268500: system.cpu: T0 : 0x393bc    : sd a0, -1200(gp)           : MemWrite :  D=0x0000000000093f80 A=0x70bc8
1269000: system.cpu: T0 : 0x393c0    : bltu a0, a5, 8             : IntAlu : 
1269500: system.cpu: T0 : 0x393c4    : c_li a0, 0                 : IntAlu :  D=0x0000000000000000
1270000: system.cpu: T0 : 0x393c6    : c_jr ra                    : IntAlu : 
1270500: system.cpu: T0 : 0x21360    : blt a0, zero, -50          : IntAlu : 
1271000: system.cpu: T0 : 0x21364    : c_ldsp ra, 24(sp)          : MemRead :  D=0x000000000001ee9e A=0x7ffffffffffffa28
1271500: system.cpu: T0 : 0x21366    : c_ldsp s0, 16(sp)          : MemRead :  D=0x000000000006f618 A=0x7ffffffffffffa20
1272000: system.cpu: T0 : 0x21368    : c_ldsp s2, 0(sp)           : MemRead :  D=0x0000000000001000 A=0x7ffffffffffffa10
1272500: system.cpu: T0 : 0x2136a    : c_mv a0, s1                : IntAlu :  D=0x0000000000072f80
1273000: system.cpu: T0 : 0x2136c    : c_ldsp s1, 8(sp)           : MemRead :  D=0x0000000000000290 A=0x7ffffffffffffa18
1273500: system.cpu: T0 : 0x2136e    : c_addi16sp sp, 32          : IntAlu :  D=0x7ffffffffffffa30
1274000: system.cpu: T0 : 0x21370    : c_jr ra                    : IntAlu : 
1274500: system.cpu: T0 : 0x1ee9e    : c_li a5, -1                : IntAlu :  D=0xffffffffffffffff
1275000: system.cpu: T0 : 0x1eea0    : beq a0, a5, 10             : IntAlu : 
1275500: system.cpu: T0 : 0x1eea4    : c_ldsp ra, 8(sp)           : MemRead :  D=0x000000000001c574 A=0x7ffffffffffffa38
1276000: system.cpu: T0 : 0x1eea6    : c_addi sp, 16              : IntAlu :  D=0x7ffffffffffffa40
1276500: system.cpu: T0 : 0x1eea8    : c_jr ra                    : IntAlu : 
1277000: system.cpu: T0 : 0x1c574    : c_ldsp a6, 8(sp)           : MemRead :  D=0xfffffffffffff000 A=0x7ffffffffffffa48
1277500: system.cpu: T0 : 0x1c576    : c_mv s2, a0                : IntAlu :  D=0x0000000000072f80
1278000: system.cpu: T0 : 0x1c578    : beq a0, zero, 502          : IntAlu : 
1278500: system.cpu: T0 : 0x1c57c    : ld a5, -1392(gp)           : MemRead :  D=0x0000000000000000 A=0x70b08
1279000: system.cpu: T0 : 0x1c580    : c_li a4, 0                 : IntAlu :  D=0x0000000000000000
1280000: system.cpu: T0 : 0x1c582    : bne a5, zero, 538          : IntAlu : 
1281000: system.cpu: T0 : 0x1c586    : ld a5, 72(s11)             : MemRead :  D=0x0000000000000000 A=0x6f5f0
1282000: system.cpu: T0 : 0x1c58a    : beq a5, zero, 380          : IntAlu : 
1283000: system.cpu: T0 : 0x1c706    : sd s2, 72(s11)             : MemWrite :  D=0x0000000000072f80 A=0x6f5f0
1283500: system.cpu: T0 : 0x1c70a    : c_j -380                   : IntAlu : 
1284000: system.cpu: T0 : 0x1c58e    : c_lui s11, 1               : IntAlu :  D=0x0000000000001000
1284500: system.cpu: T0 : 0x1c590    : c_add s11, s7              : IntAlu :  D=0x0000000000070618
1285500: system.cpu: T0 : 0x1c592    : ld a5, -1912(s11)          : MemRead :  D=0x0000000000000000 A=0x6fea0
1286000: system.cpu: T0 : 0x1c596    : c_add a5, s5               : IntAlu :  D=0x0000000000021000
1286500: system.cpu: T0 : 0x1c598    : sd a5, -1912(s11)          : MemWrite :  D=0x0000000000021000 A=0x6fea0
1287000: system.cpu: T0 : 0x1c59c    : beq s9, s2, 342            : IntAlu : 
1287500: system.cpu: T0 : 0x1c5a0    : lw a3, 4(s7)               : MemRead :  D=0x0000000000000000 A=0x6f61c
1288000: system.cpu: T0 : 0x1c5a4    : c_andi a3, 2               : IntAlu :  D=0x0000000000000000
1289000: system.cpu: T0 : 0x1c5a6    : bne a3, zero, 242          : IntAlu : 
1290000: system.cpu: T0 : 0x1c5aa    : beq s3, zero, 18           : IntAlu : 
1290500: system.cpu: T0 : 0x1c5bc    : andi a5, s2, 15            : IntAlu :  D=0x0000000000000000
1291000: system.cpu: T0 : 0x1c5c0    : bne a5, zero, 332          : IntAlu : 
1291500: system.cpu: T0 : 0x1c5c4    : c_mv a4, s3                : IntAlu :  D=0x0000000000000000
1292000: system.cpu: T0 : 0x1c5c6    : c_mv s9, s2                : IntAlu :  D=0x0000000000072f80
1292500: system.cpu: T0 : 0x1c5c8    : c_add s5, a4               : IntAlu :  D=0x0000000000021000
1293500: system.cpu: T0 : 0x1c5ca    : add a0, s2, s5             : IntAlu :  D=0x0000000000093f80
1294000: system.cpu: T0 : 0x1c5ce    : c_add s10, a0              : IntAlu :  D=0x0000000000094f7f
1294500: system.cpu: T0 : 0x1c5d0    : and a6, s10, a6            : IntAlu :  D=0x0000000000094000
1295000: system.cpu: T0 : 0x1c5d4    : c_sub a4, a0               : IntAlu :  D=0xfffffffffff6c080
1296000: system.cpu: T0 : 0x1c5d6    : add s5, a6, a4             : IntAlu :  D=0x0000000000000080
1297000: system.cpu: T0 : 0x1c5da    : blt s5, zero, 626          : IntAlu : 
1298000: system.cpu: T0 : 0x1c5de    : ld a5, -1840(gp)           : MemRead :  D=0x000000000001ee96 A=0x70948
1298500: system.cpu: T0 : 0x1c5e2    : c_mv a0, s5                : IntAlu :  D=0x0000000000000080
1299000: system.cpu: T0 : 0x1c5e4    : c_jalr a5                  : IntAlu :  D=0x000000000001c5e6
1299500: system.cpu: T0 : 0x1ee96    : c_addi sp, -16             : IntAlu :  D=0x7ffffffffffffa30
1300000: system.cpu: T0 : 0x1ee98    : c_sdsp ra, 8(sp)           : MemWrite :  D=0x000000000001c5e6 A=0x7ffffffffffffa38
1301000: system.cpu: T0 : 0x1ee9a    : jal ra, 9318               : IntAlu :  D=0x000000000001ee9e
1301500: system.cpu: T0 : 0x21300    : c_addi sp, -32             : IntAlu :  D=0x7ffffffffffffa10
1302000: system.cpu: T0 : 0x21302    : c_sdsp s2, 0(sp)           : MemWrite :  D=0x0000000000072f80 A=0x7ffffffffffffa10
1302500: system.cpu: T0 : 0x21304    : c_sdsp s1, 8(sp)           : MemWrite :  D=0x0000000000000290 A=0x7ffffffffffffa18
1303500: system.cpu: T0 : 0x21306    : ld s1, -1200(gp)           : MemRead :  D=0x0000000000093f80 A=0x70bc8
1304000: system.cpu: T0 : 0x2130a    : c_sdsp s0, 16(sp)          : MemWrite :  D=0x000000000006f618 A=0x7ffffffffffffa20
1304500: system.cpu: T0 : 0x2130c    : c_sdsp ra, 24(sp)          : MemWrite :  D=0x000000000001ee9e A=0x7ffffffffffffa28
1305000: system.cpu: T0 : 0x2130e    : c_mv s0, a0                : IntAlu :  D=0x0000000000000080
1305500: system.cpu: T0 : 0x21310    : c_beqz s1, 46              : IntAlu : 
1306500: system.cpu: T0 : 0x21312    : lw a5, -1728(gp)           : MemRead :  D=0x0000000000000000 A=0x709b8
1307000: system.cpu: T0 : 0x21316    : c_bnez a5, 40              : IntAlu : 
1307500: system.cpu: T0 : 0x21318    : c_beqz s0, 24              : IntAlu : 
1308500: system.cpu: T0 : 0x2131a    : bge zero, s0, 52           : IntAlu : 
1309500: system.cpu: T0 : 0x2131e    : add a5, s0, s1             : IntAlu :  D=0x0000000000094000
1310500: system.cpu: T0 : 0x21322    : sltu a5, a5, s1            : IntAlu :  D=0x0000000000000000
1311000: system.cpu: T0 : 0x21326    : c_beqz a5, 50              : IntAlu : 
1311500: system.cpu: T0 : 0x21358    : add a0, s1, s0             : IntAlu :  D=0x0000000000094000
1312000: system.cpu: T0 : 0x2135c    : jal ra, 98390              : IntAlu :  D=0x0000000000021360
1312500: system.cpu: T0 : 0x393b2    : c_mv a5, a0                : IntAlu :  D=0x0000000000094000
1313000: system.cpu: T0 : 0x393b4    : addi a7, zero, 214         : IntAlu :  D=0x00000000000000d6
1313500: system.cpu: T0 : 0x393b8    : ecall                      : No_OpClass : 
1314000: system.cpu: T0 : 0x393bc    : sd a0, -1200(gp)           : MemWrite :  D=0x0000000000094000 A=0x70bc8
1314500: system.cpu: T0 : 0x393c0    : bltu a0, a5, 8             : IntAlu : 
1315000: system.cpu: T0 : 0x393c4    : c_li a0, 0                 : IntAlu :  D=0x0000000000000000
1315500: system.cpu: T0 : 0x393c6    : c_jr ra                    : IntAlu : 
1316000: system.cpu: T0 : 0x21360    : blt a0, zero, -50          : IntAlu : 
1316500: system.cpu: T0 : 0x21364    : c_ldsp ra, 24(sp)          : MemRead :  D=0x000000000001ee9e A=0x7ffffffffffffa28
1317000: system.cpu: T0 : 0x21366    : c_ldsp s0, 16(sp)          : MemRead :  D=0x000000000006f618 A=0x7ffffffffffffa20
1317500: system.cpu: T0 : 0x21368    : c_ldsp s2, 0(sp)           : MemRead :  D=0x0000000000072f80 A=0x7ffffffffffffa10
1318000: system.cpu: T0 : 0x2136a    : c_mv a0, s1                : IntAlu :  D=0x0000000000093f80
1318500: system.cpu: T0 : 0x2136c    : c_ldsp s1, 8(sp)           : MemRead :  D=0x0000000000000290 A=0x7ffffffffffffa18
1319000: system.cpu: T0 : 0x2136e    : c_addi16sp sp, 32          : IntAlu :  D=0x7ffffffffffffa30
1319500: system.cpu: T0 : 0x21370    : c_jr ra                    : IntAlu : 
1320000: system.cpu: T0 : 0x1ee9e    : c_li a5, -1                : IntAlu :  D=0xffffffffffffffff
1320500: system.cpu: T0 : 0x1eea0    : beq a0, a5, 10             : IntAlu : 
1321000: system.cpu: T0 : 0x1eea4    : c_ldsp ra, 8(sp)           : MemRead :  D=0x000000000001c5e6 A=0x7ffffffffffffa38
1321500: system.cpu: T0 : 0x1eea6    : c_addi sp, 16              : IntAlu :  D=0x7ffffffffffffa40
1322000: system.cpu: T0 : 0x1eea8    : c_jr ra                    : IntAlu : 
1322500: system.cpu: T0 : 0x1c5e6    : c_mv a4, a0                : IntAlu :  D=0x0000000000093f80
1323000: system.cpu: T0 : 0x1c5e8    : beq a0, zero, 426          : IntAlu : 
1323500: system.cpu: T0 : 0x1c5ec    : ld a5, -1392(gp)           : MemRead :  D=0x0000000000000000 A=0x70b08
1324000: system.cpu: T0 : 0x1c5f0    : bne a5, zero, 440          : IntAlu : 
1324500: system.cpu: T0 : 0x1c5f4    : ld a5, -1912(s11)          : MemRead :  D=0x0000000000021000 A=0x6fea0
1325000: system.cpu: T0 : 0x1c5f8    : c_mv s2, s9                : IntAlu :  D=0x0000000000072f80
1325500: system.cpu: T0 : 0x1c5fa    : c_add a5, s5               : IntAlu :  D=0x0000000000021080
1326000: system.cpu: T0 : 0x1c5fc    : c_j 168                    : IntAlu : 
1326500: system.cpu: T0 : 0x1c6a4    : sub a4, a4, s2             : IntAlu :  D=0x0000000000021000
1327000: system.cpu: T0 : 0x1c6a8    : c_add a4, s5               : IntAlu :  D=0x0000000000021080
1328000: system.cpu: T0 : 0x1c6aa    : sd s2, 96(s7)              : MemWrite :  D=0x0000000000072f80 A=0x6f678
1329000: system.cpu: T0 : 0x1c6ae    : ori a4, a4, 1              : IntAlu :  D=0x0000000000021081
1330000: system.cpu: T0 : 0x1c6b2    : sd a4, 8(s2)               : MemWrite :  D=0x0000000000021081 A=0x72f88
1331000: system.cpu: T0 : 0x1c6b6    : sd a5, -1912(s11)          : MemWrite :  D=0x0000000000021080 A=0x6fea0
1332000: system.cpu: T0 : 0x1c6ba    : beq s3, zero, -754         : IntAlu : 
1332500: system.cpu: T0 : 0x1c3c8    : c_lui a4, 1                : IntAlu :  D=0x0000000000001000
1333000: system.cpu: T0 : 0x1c3ca    : c_add a4, s0               : IntAlu :  D=0x0000000000070618
1333500: system.cpu: T0 : 0x1c3cc    : ld a3, -1904(a4)           : MemRead :  D=0x0000000000000000 A=0x6fea8
1334000: system.cpu: T0 : 0x1c3d0    : bgeu a3, a5, 8             : IntAlu : 
1334500: system.cpu: T0 : 0x1c3d4    : sd a5, -1904(a4)           : MemWrite :  D=0x0000000000021080 A=0x6fea8
1335000: system.cpu: T0 : 0x1c3d8    : ld a5, 8(s2)               : MemRead :  D=0x0000000000021081 A=0x72f88
1335500: system.cpu: T0 : 0x1c3dc    : c_andi a5, 18446744073709551608 : IntAlu :  D=0x0000000000021080
1336500: system.cpu: T0 : 0x1c3de    : bltu a5, s8, 298           : IntAlu : 
1337500: system.cpu: T0 : 0x1c3e2    : add a4, s2, s1             : IntAlu :  D=0x0000000000073210
1338000: system.cpu: T0 : 0x1c3e6    : c_sd a4, 96(s0)            : MemWrite :  D=0x0000000000073210 A=0x6f678
1338500: system.cpu: T0 : 0x1c3e8    : c_sub a5, s1               : IntAlu :  D=0x0000000000020df0
1339500: system.cpu: T0 : 0x1c3ea    : beq s0, s7, 8              : IntAlu : 
1340500: system.cpu: T0 : 0x1c3f2    : ori s1, s1, 1              : IntAlu :  D=0x0000000000000291
1341500: system.cpu: T0 : 0x1c3f6    : sd s1, 8(s2)               : MemWrite :  D=0x0000000000000291 A=0x72f88
1342500: system.cpu: T0 : 0x1c3fa    : ori a5, a5, 1              : IntAlu :  D=0x0000000000020df1
1343000: system.cpu: T0 : 0x1c3fe    : c_sd a5, 8(a4)             : MemWrite :  D=0x0000000000020df1 A=0x73218
1343500: system.cpu: T0 : 0x1c3fe    : c_sd a5, 8(a4)             : MemWrite :  D=0x0000000000020df1 A=0x73218
1344000: system.cpu: T0 : 0x1c400    : addi a0, s2, 16            : IntAlu :  D=0x0000000000072f90
1344500: system.cpu: T0 : 0x1c404    : c_ldsp ra, 152(sp)         : MemRead :  D=0x000000000001d00a A=0x7ffffffffffffad8
1345000: system.cpu: T0 : 0x1c406    : c_ldsp s0, 144(sp)         : MemRead :  D=0x0000000000000290 A=0x7ffffffffffffad0
1345500: system.cpu: T0 : 0x1c408    : c_ldsp s1, 136(sp)         : MemRead :  D=0x000000000006f618 A=0x7ffffffffffffac8
1346000: system.cpu: T0 : 0x1c40a    : c_ldsp s2, 128(sp)         : MemRead :  D=0x0000000000000004 A=0x7ffffffffffffac0
1346500: system.cpu: T0 : 0x1c40c    : c_ldsp s3, 120(sp)         : MemRead :  D=0x0000000000000280 A=0x7ffffffffffffab8
1347000: system.cpu: T0 : 0x1c40e    : c_ldsp s4, 112(sp)         : MemRead :  D=0x0000000000000000 A=0x7ffffffffffffab0
1347500: system.cpu: T0 : 0x1c410    : c_ldsp s5, 104(sp)         : MemRead :  D=0x0000000000000000 A=0x7ffffffffffffaa8
1348000: system.cpu: T0 : 0x1c412    : c_ldsp s6, 96(sp)          : MemRead :  D=0x0000000000000027 A=0x7ffffffffffffaa0
1348500: system.cpu: T0 : 0x1c414    : c_ldsp s7, 88(sp)          : MemRead :  D=0x000000000006f5a8 A=0x7ffffffffffffa98
1349000: system.cpu: T0 : 0x1c416    : c_ldsp s8, 80(sp)          : MemRead :  D=0x000000000006f678 A=0x7ffffffffffffa90
1349500: system.cpu: T0 : 0x1c418    : c_ldsp s9, 72(sp)          : MemRead :  D=0x0000000000000029 A=0x7ffffffffffffa88
1350000: system.cpu: T0 : 0x1c41a    : c_ldsp s10, 64(sp)         : MemRead :  D=0x000000000000000a A=0x7ffffffffffffa80
1350500: system.cpu: T0 : 0x1c41c    : c_ldsp s11, 56(sp)         : MemRead :  D=0x0000000000001000 A=0x7ffffffffffffa78
1351000: system.cpu: T0 : 0x1c41e    : c_addi16sp sp, 160         : IntAlu :  D=0x7ffffffffffffae0
1351500: system.cpu: T0 : 0x1c420    : c_jr ra                    : IntAlu : 
1352000: system.cpu: T0 : 0x1d00a    : c_mv s2, a0                : IntAlu :  D=0x0000000000072f90
1352500: system.cpu: T0 : 0x1d00c    : bne a0, zero, -672         : IntAlu : 
1353000: system.cpu: T0 : 0x1cd6c    : lw a1, -1396(gp)           : MemRead :  D=0x0000000000000000 A=0x70b04
1353500: system.cpu: T0 : 0x1cd70    : beq a1, zero, -516         : IntAlu : 
1354000: system.cpu: T0 : 0x1cb6c    : c_ldsp ra, 248(sp)         : MemRead :  D=0x000000000001d3ac A=0x7ffffffffffffbd8
1354500: system.cpu: T0 : 0x1cb6e    : c_ldsp s0, 240(sp)         : MemRead :  D=0x000000000006f618 A=0x7ffffffffffffbd0
1355000: system.cpu: T0 : 0x1cb70    : c_ldsp s1, 232(sp)         : MemRead :  D=0x000000000006f618 A=0x7ffffffffffffbc8
1355500: system.cpu: T0 : 0x1cb72    : c_ldsp s3, 216(sp)         : MemRead :  D=0x0000000000000000 A=0x7ffffffffffffbb8
1356000: system.cpu: T0 : 0x1cb74    : c_ldsp s4, 208(sp)         : MemRead :  D=0x0000000000000000 A=0x7ffffffffffffbb0
1356500: system.cpu: T0 : 0x1cb76    : c_ldsp s5, 200(sp)         : MemRead :  D=0x0000000000000000 A=0x7ffffffffffffba8
1357000: system.cpu: T0 : 0x1cb78    : c_ldsp s6, 192(sp)         : MemRead :  D=0x0000000000072000 A=0x7ffffffffffffba0
1357500: system.cpu: T0 : 0x1cb7a    : c_ldsp s7, 184(sp)         : MemRead :  D=0x0000000000000000 A=0x7ffffffffffffb98
1358000: system.cpu: T0 : 0x1cb7c    : c_ldsp s8, 176(sp)         : MemRead :  D=0x0000000000000000 A=0x7ffffffffffffb90
1358500: system.cpu: T0 : 0x1cb7e    : c_ldsp s9, 168(sp)         : MemRead :  D=0x0000000000000003 A=0x7ffffffffffffb88
1359000: system.cpu: T0 : 0x1cb80    : c_ldsp s10, 160(sp)        : MemRead :  D=0x0000000000000000 A=0x7ffffffffffffb80
1359500: system.cpu: T0 : 0x1cb82    : c_ldsp s11, 152(sp)        : MemRead :  D=0x0000000000000000 A=0x7ffffffffffffb78
1360000: system.cpu: T0 : 0x1cb84    : c_mv a0, s2                : IntAlu :  D=0x0000000000072f90
1360500: system.cpu: T0 : 0x1cb86    : c_ldsp s2, 224(sp)         : MemRead :  D=0x0000000000000002 A=0x7ffffffffffffbc0
1361000: system.cpu: T0 : 0x1cb88    : c_addi16sp sp, 256         : IntAlu :  D=0x7ffffffffffffbe0
1361500: system.cpu: T0 : 0x1cb8a    : c_jr ra                    : IntAlu : 
1362000: system.cpu: T0 : 0x1d3ac    : c_mv a5, a0                : IntAlu :  D=0x0000000000072f90
1362500: system.cpu: T0 : 0x1d3ae    : c_beqz a0, 70              : IntAlu : 
1363000: system.cpu: T0 : 0x1d3b0    : c_li a4, 0                 : IntAlu :  D=0x0000000000000000
1364000: system.cpu: T0 : 0x1d3b2    : fence iorw, ow             : No_OpClass : 
1365000: system.cpu: T0 : 0x1d3b6    : amoswap_w a4, a4, (s0)    
1365000: system.cpu: T0 : 0x1d3b6. 0 : amoswap_w[l] a4, a4, (s0)  : MemRead :  D=0x0000000000000001 A=0x6f618
1365500: system.cpu: T0 : 0x1d3ba    : c_addiw a4, 0              : IntAlu :  D=0x0000000000000001
1366000: system.cpu: T0 : 0x1d3bc    : c_li a3, 1                 : IntAlu :  D=0x0000000000000001
1367000: system.cpu: T0 : 0x1d3be    : blt a3, a4, 96             : IntAlu : 
1367500: system.cpu: T0 : 0x1d3c2    : c_ldsp s0, 16(sp)          : MemRead :  D=0x0000000000000024 A=0x7ffffffffffffbf0
1368000: system.cpu: T0 : 0x1d3c4    : c_ldsp ra, 24(sp)          : MemRead :  D=0x000000000001dd34 A=0x7ffffffffffffbf8
1368500: system.cpu: T0 : 0x1d3c6    : c_ldsp s1, 8(sp)           : MemRead :  D=0x0000000000000001 A=0x7ffffffffffffbe8
1369000: system.cpu: T0 : 0x1d3c8    : sd a5, 40(tp)              : MemWrite :  D=0x0000000000072f90 A=0x72738
1369500: system.cpu: T0 : 0x1d3cc    : addi a2, zero, 640         : IntAlu :  D=0x0000000000000280
1370000: system.cpu: T0 : 0x1d3d0    : c_li a1, 0                 : IntAlu :  D=0x0000000000000000
1370500: system.cpu: T0 : 0x1d3d2    : c_mv a0, a5                : IntAlu :  D=0x0000000000072f90
1371000: system.cpu: T0 : 0x1d3d4    : c_addi16sp sp, 32          : IntAlu :  D=0x7ffffffffffffc00
1372000: system.cpu: T0 : 0x1d3d6    : jal zero, 10396            : IntAlu :  D=0x000000000001d3da
1372500: system.cpu: T0 : 0x1fc72    : c_li a4, 7                 : IntAlu :  D=0x0000000000000007
1373000: system.cpu: T0 : 0x1fc74    : c_mv a5, a0                : IntAlu :  D=0x0000000000072f90
1374000: system.cpu: T0 : 0x1fc76    : bgeu a4, a2, 140           : IntAlu : 
1375000: system.cpu: T0 : 0x1fc7a    : andi a7, a1, 255           : IntAlu :  D=0x0000000000000000
1376000: system.cpu: T0 : 0x1fc7e    : slli a3, a7, 8             : IntAlu :  D=0x0000000000000000
1377000: system.cpu: T0 : 0x1fc82    : or a3, a3, a7              : IntAlu :  D=0x0000000000000000
1378000: system.cpu: T0 : 0x1fc86    : slli a4, a3, 16            : IntAlu :  D=0x0000000000000000
1378500: system.cpu: T0 : 0x1fc8a    : c_or a3, a4                : IntAlu :  D=0x0000000000000000
1379000: system.cpu: T0 : 0x1fc8c    : slli a4, a3, 32            : IntAlu :  D=0x0000000000000000
1379500: system.cpu: T0 : 0x1fc90    : andi a6, a0, 7             : IntAlu :  D=0x0000000000000000
1380000: system.cpu: T0 : 0x1fc94    : c_or a4, a3                : IntAlu :  D=0x0000000000000000
1381000: system.cpu: T0 : 0x1fc96    : beq a6, zero, 130          : IntAlu : 
1381500: system.cpu: T0 : 0x1fd18    : c_mv a3, a2                : IntAlu :  D=0x0000000000000280
1382000: system.cpu: T0 : 0x1fd1a    : c_j -108                   : IntAlu : 
1383000: system.cpu: T0 : 0x1fcae    : srli a6, a3, 6             : IntAlu :  D=0x000000000000000a
1384000: system.cpu: T0 : 0x1fcb2    : beq a6, zero, 42           : IntAlu : 
1385000: system.cpu: T0 : 0x1fcb6    : slli a2, a6, 6             : IntAlu :  D=0x0000000000000280
1385500: system.cpu: T0 : 0x1fcba    : c_mv a7, a5                : IntAlu :  D=0x0000000000072f90
1386000: system.cpu: T0 : 0x1fcbc    : c_add a2, a5               : IntAlu :  D=0x0000000000073210
1386500: system.cpu: T0 : 0x1fcbe    : c_sd a4, 0(a5)             : MemWrite :  D=0x0000000000000000 A=0x72f90
1387000: system.cpu: T0 : 0x1fcc0    : c_sd a4, 8(a5)             : MemWrite :  D=0x0000000000000000 A=0x72f98
1387500: system.cpu: T0 : 0x1fcc2    : c_sd a4, 16(a5)            : MemWrite :  D=0x0000000000000000 A=0x72fa0
1388000: system.cpu: T0 : 0x1fcc4    : c_sd a4, 24(a5)            : MemWrite :  D=0x0000000000000000 A=0x72fa8
1388500: system.cpu: T0 : 0x1fcc6    : c_sd a4, 32(a5)            : MemWrite :  D=0x0000000000000000 A=0x72fb0
1389000: system.cpu: T0 : 0x1fcc8    : c_sd a4, 40(a5)            : MemWrite :  D=0x0000000000000000 A=0x72fb8
1389500: system.cpu: T0 : 0x1fcca    : c_sd a4, 48(a5)            : MemWrite :  D=0x0000000000000000 A=0x72fc0
1390000: system.cpu: T0 : 0x1fccc    : c_sd a4, 56(a5)            : MemWrite :  D=0x0000000000000000 A=0x72fc8
1391000: system.cpu: T0 : 0x1fcce    : addi a5, a5, 64            : IntAlu :  D=0x0000000000072fd0
1392000: system.cpu: T0 : 0x1fcd2    : bne a2, a5, -20            : IntAlu : 
1392500: system.cpu: T0 : 0x1fcbe    : c_sd a4, 0(a5)             : MemWrite :  D=0x0000000000000000 A=0x72fd0
1393000: system.cpu: T0 : 0x1fcc0    : c_sd a4, 8(a5)             : MemWrite :  D=0x0000000000000000 A=0x72fd8
1393500: system.cpu: T0 : 0x1fcc2    : c_sd a4, 16(a5)            : MemWrite :  D=0x0000000000000000 A=0x72fe0
1394000: system.cpu: T0 : 0x1fcc4    : c_sd a4, 24(a5)            : MemWrite :  D=0x0000000000000000 A=0x72fe8
1394500: system.cpu: T0 : 0x1fcc6    : c_sd a4, 32(a5)            : MemWrite :  D=0x0000000000000000 A=0x72ff0
1395000: system.cpu: T0 : 0x1fcc8    : c_sd a4, 40(a5)            : MemWrite :  D=0x0000000000000000 A=0x72ff8
1395500: system.cpu: T0 : 0x1fcca    : c_sd a4, 48(a5)            : MemWrite :  D=0x0000000000000000 A=0x73000
1396000: system.cpu: T0 : 0x1fccc    : c_sd a4, 56(a5)            : MemWrite :  D=0x0000000000000000 A=0x73008
1397000: system.cpu: T0 : 0x1fcce    : addi a5, a5, 64            : IntAlu :  D=0x0000000000073010
1398000: system.cpu: T0 : 0x1fcd2    : bne a2, a5, -20            : IntAlu : 
1398500: system.cpu: T0 : 0x1fcbe    : c_sd a4, 0(a5)             : MemWrite :  D=0x0000000000000000 A=0x73010
1399000: system.cpu: T0 : 0x1fcc0    : c_sd a4, 8(a5)             : MemWrite :  D=0x0000000000000000 A=0x73018
1399500: system.cpu: T0 : 0x1fcc2    : c_sd a4, 16(a5)            : MemWrite :  D=0x0000000000000000 A=0x73020
1400000: system.cpu: T0 : 0x1fcc4    : c_sd a4, 24(a5)            : MemWrite :  D=0x0000000000000000 A=0x73028
1400500: system.cpu: T0 : 0x1fcc6    : c_sd a4, 32(a5)            : MemWrite :  D=0x0000000000000000 A=0x73030
1401000: system.cpu: T0 : 0x1fcc8    : c_sd a4, 40(a5)            : MemWrite :  D=0x0000000000000000 A=0x73038
1401500: system.cpu: T0 : 0x1fcca    : c_sd a4, 48(a5)            : MemWrite :  D=0x0000000000000000 A=0x73040
1402000: system.cpu: T0 : 0x1fccc    : c_sd a4, 56(a5)            : MemWrite :  D=0x0000000000000000 A=0x73048
1403000: system.cpu: T0 : 0x1fcce    : addi a5, a5, 64            : IntAlu :  D=0x0000000000073050
1404000: system.cpu: T0 : 0x1fcd2    : bne a2, a5, -20            : IntAlu : 
1404500: system.cpu: T0 : 0x1fcbe    : c_sd a4, 0(a5)             : MemWrite :  D=0x0000000000000000 A=0x73050
1405000: system.cpu: T0 : 0x1fcc0    : c_sd a4, 8(a5)             : MemWrite :  D=0x0000000000000000 A=0x73058
1405500: system.cpu: T0 : 0x1fcc2    : c_sd a4, 16(a5)            : MemWrite :  D=0x0000000000000000 A=0x73060
1406000: system.cpu: T0 : 0x1fcc4    : c_sd a4, 24(a5)            : MemWrite :  D=0x0000000000000000 A=0x73068
1406500: system.cpu: T0 : 0x1fcc6    : c_sd a4, 32(a5)            : MemWrite :  D=0x0000000000000000 A=0x73070
1407000: system.cpu: T0 : 0x1fcc8    : c_sd a4, 40(a5)            : MemWrite :  D=0x0000000000000000 A=0x73078
1407500: system.cpu: T0 : 0x1fcca    : c_sd a4, 48(a5)            : MemWrite :  D=0x0000000000000000 A=0x73080
1408000: system.cpu: T0 : 0x1fccc    : c_sd a4, 56(a5)            : MemWrite :  D=0x0000000000000000 A=0x73088
1409000: system.cpu: T0 : 0x1fcce    : addi a5, a5, 64            : IntAlu :  D=0x0000000000073090
1410000: system.cpu: T0 : 0x1fcd2    : bne a2, a5, -20            : IntAlu : 
1410500: system.cpu: T0 : 0x1fcbe    : c_sd a4, 0(a5)             : MemWrite :  D=0x0000000000000000 A=0x73090
1411000: system.cpu: T0 : 0x1fcc0    : c_sd a4, 8(a5)             : MemWrite :  D=0x0000000000000000 A=0x73098
1411500: system.cpu: T0 : 0x1fcc2    : c_sd a4, 16(a5)            : MemWrite :  D=0x0000000000000000 A=0x730a0
1412000: system.cpu: T0 : 0x1fcc4    : c_sd a4, 24(a5)            : MemWrite :  D=0x0000000000000000 A=0x730a8
1412500: system.cpu: T0 : 0x1fcc6    : c_sd a4, 32(a5)            : MemWrite :  D=0x0000000000000000 A=0x730b0
1413000: system.cpu: T0 : 0x1fcc8    : c_sd a4, 40(a5)            : MemWrite :  D=0x0000000000000000 A=0x730b8
1413500: system.cpu: T0 : 0x1fcca    : c_sd a4, 48(a5)            : MemWrite :  D=0x0000000000000000 A=0x730c0
1414000: system.cpu: T0 : 0x1fccc    : c_sd a4, 56(a5)            : MemWrite :  D=0x0000000000000000 A=0x730c8
1415000: system.cpu: T0 : 0x1fcce    : addi a5, a5, 64            : IntAlu :  D=0x00000000000730d0
1416000: system.cpu: T0 : 0x1fcd2    : bne a2, a5, -20            : IntAlu : 
1416500: system.cpu: T0 : 0x1fcbe    : c_sd a4, 0(a5)             : MemWrite :  D=0x0000000000000000 A=0x730d0
1417000: system.cpu: T0 : 0x1fcc0    : c_sd a4, 8(a5)             : MemWrite :  D=0x0000000000000000 A=0x730d8
1417500: system.cpu: T0 : 0x1fcc2    : c_sd a4, 16(a5)            : MemWrite :  D=0x0000000000000000 A=0x730e0
1418000: system.cpu: T0 : 0x1fcc4    : c_sd a4, 24(a5)            : MemWrite :  D=0x0000000000000000 A=0x730e8
1418500: system.cpu: T0 : 0x1fcc6    : c_sd a4, 32(a5)            : MemWrite :  D=0x0000000000000000 A=0x730f0
1419000: system.cpu: T0 : 0x1fcc8    : c_sd a4, 40(a5)            : MemWrite :  D=0x0000000000000000 A=0x730f8
1419500: system.cpu: T0 : 0x1fcca    : c_sd a4, 48(a5)            : MemWrite :  D=0x0000000000000000 A=0x73100
1420000: system.cpu: T0 : 0x1fccc    : c_sd a4, 56(a5)            : MemWrite :  D=0x0000000000000000 A=0x73108
1421000: system.cpu: T0 : 0x1fcce    : addi a5, a5, 64            : IntAlu :  D=0x0000000000073110
1422000: system.cpu: T0 : 0x1fcd2    : bne a2, a5, -20            : IntAlu : 
1422500: system.cpu: T0 : 0x1fcbe    : c_sd a4, 0(a5)             : MemWrite :  D=0x0000000000000000 A=0x73110
1423000: system.cpu: T0 : 0x1fcc0    : c_sd a4, 8(a5)             : MemWrite :  D=0x0000000000000000 A=0x73118
1423500: system.cpu: T0 : 0x1fcc2    : c_sd a4, 16(a5)            : MemWrite :  D=0x0000000000000000 A=0x73120
1424000: system.cpu: T0 : 0x1fcc4    : c_sd a4, 24(a5)            : MemWrite :  D=0x0000000000000000 A=0x73128
1424500: system.cpu: T0 : 0x1fcc6    : c_sd a4, 32(a5)            : MemWrite :  D=0x0000000000000000 A=0x73130
1425000: system.cpu: T0 : 0x1fcc8    : c_sd a4, 40(a5)            : MemWrite :  D=0x0000000000000000 A=0x73138
1425500: system.cpu: T0 : 0x1fcca    : c_sd a4, 48(a5)            : MemWrite :  D=0x0000000000000000 A=0x73140
1426000: system.cpu: T0 : 0x1fccc    : c_sd a4, 56(a5)            : MemWrite :  D=0x0000000000000000 A=0x73148
1427000: system.cpu: T0 : 0x1fcce    : addi a5, a5, 64            : IntAlu :  D=0x0000000000073150
1428000: system.cpu: T0 : 0x1fcd2    : bne a2, a5, -20            : IntAlu : 
1428500: system.cpu: T0 : 0x1fcbe    : c_sd a4, 0(a5)             : MemWrite :  D=0x0000000000000000 A=0x73150
1429000: system.cpu: T0 : 0x1fcc0    : c_sd a4, 8(a5)             : MemWrite :  D=0x0000000000000000 A=0x73158
1429500: system.cpu: T0 : 0x1fcc2    : c_sd a4, 16(a5)            : MemWrite :  D=0x0000000000000000 A=0x73160
1430000: system.cpu: T0 : 0x1fcc4    : c_sd a4, 24(a5)            : MemWrite :  D=0x0000000000000000 A=0x73168
1430500: system.cpu: T0 : 0x1fcc6    : c_sd a4, 32(a5)            : MemWrite :  D=0x0000000000000000 A=0x73170
1431000: system.cpu: T0 : 0x1fcc8    : c_sd a4, 40(a5)            : MemWrite :  D=0x0000000000000000 A=0x73178
1431500: system.cpu: T0 : 0x1fcca    : c_sd a4, 48(a5)            : MemWrite :  D=0x0000000000000000 A=0x73180
1432000: system.cpu: T0 : 0x1fccc    : c_sd a4, 56(a5)            : MemWrite :  D=0x0000000000000000 A=0x73188
1433000: system.cpu: T0 : 0x1fcce    : addi a5, a5, 64            : IntAlu :  D=0x0000000000073190
1434000: system.cpu: T0 : 0x1fcd2    : bne a2, a5, -20            : IntAlu : 
1434500: system.cpu: T0 : 0x1fcbe    : c_sd a4, 0(a5)             : MemWrite :  D=0x0000000000000000 A=0x73190
1435000: system.cpu: T0 : 0x1fcc0    : c_sd a4, 8(a5)             : MemWrite :  D=0x0000000000000000 A=0x73198
1435500: system.cpu: T0 : 0x1fcc2    : c_sd a4, 16(a5)            : MemWrite :  D=0x0000000000000000 A=0x731a0
1436000: system.cpu: T0 : 0x1fcc4    : c_sd a4, 24(a5)            : MemWrite :  D=0x0000000000000000 A=0x731a8
1436500: system.cpu: T0 : 0x1fcc6    : c_sd a4, 32(a5)            : MemWrite :  D=0x0000000000000000 A=0x731b0
1437000: system.cpu: T0 : 0x1fcc8    : c_sd a4, 40(a5)            : MemWrite :  D=0x0000000000000000 A=0x731b8
1437500: system.cpu: T0 : 0x1fcca    : c_sd a4, 48(a5)            : MemWrite :  D=0x0000000000000000 A=0x731c0
1438000: system.cpu: T0 : 0x1fccc    : c_sd a4, 56(a5)            : MemWrite :  D=0x0000000000000000 A=0x731c8
1439000: system.cpu: T0 : 0x1fcce    : addi a5, a5, 64            : IntAlu :  D=0x00000000000731d0
1440000: system.cpu: T0 : 0x1fcd2    : bne a2, a5, -20            : IntAlu : 
1440500: system.cpu: T0 : 0x1fcbe    : c_sd a4, 0(a5)             : MemWrite :  D=0x0000000000000000 A=0x731d0
1441000: system.cpu: T0 : 0x1fcc0    : c_sd a4, 8(a5)             : MemWrite :  D=0x0000000000000000 A=0x731d8
1441500: system.cpu: T0 : 0x1fcc2    : c_sd a4, 16(a5)            : MemWrite :  D=0x0000000000000000 A=0x731e0
1442000: system.cpu: T0 : 0x1fcc4    : c_sd a4, 24(a5)            : MemWrite :  D=0x0000000000000000 A=0x731e8
1442500: system.cpu: T0 : 0x1fcc6    : c_sd a4, 32(a5)            : MemWrite :  D=0x0000000000000000 A=0x731f0
1443000: system.cpu: T0 : 0x1fcc8    : c_sd a4, 40(a5)            : MemWrite :  D=0x0000000000000000 A=0x731f8
1443500: system.cpu: T0 : 0x1fcca    : c_sd a4, 48(a5)            : MemWrite :  D=0x0000000000000000 A=0x73200
1444000: system.cpu: T0 : 0x1fccc    : c_sd a4, 56(a5)            : MemWrite :  D=0x0000000000000000 A=0x73208
1445000: system.cpu: T0 : 0x1fcce    : addi a5, a5, 64            : IntAlu :  D=0x0000000000073210
1446000: system.cpu: T0 : 0x1fcd2    : bne a2, a5, -20            : IntAlu : 
1447000: system.cpu: T0 : 0x1fcd6    : slli a5, a6, 6             : IntAlu :  D=0x0000000000000280
1447500: system.cpu: T0 : 0x1fcda    : c_add a5, a7               : IntAlu :  D=0x0000000000073210
1448000: system.cpu: T0 : 0x1fcdc    : srli a6, a3, 3             : IntAlu :  D=0x0000000000000050
1448500: system.cpu: T0 : 0x1fce0    : andi a6, a6, 7             : IntAlu :  D=0x0000000000000000
1449000: system.cpu: T0 : 0x1fce4    : beq a6, zero, 26           : IntAlu : 
1450000: system.cpu: T0 : 0x1fcfe    : andi a2, a3, 7             : IntAlu :  D=0x0000000000000000
1451000: system.cpu: T0 : 0x1fd02    : andi a1, a1, 255           : IntAlu :  D=0x0000000000000000
1452000: system.cpu: T0 : 0x1fd06    : add a4, a5, a2             : IntAlu :  D=0x0000000000073210
1452500: system.cpu: T0 : 0x1fd0a    : c_beqz a2, 12              : IntAlu : 
1453000: system.cpu: T0 : 0x1fd16    : c_jr ra                    : IntAlu : 
1453500: system.cpu: T0 : 0x1dd34    : lui a5, 111                : IntAlu :  D=0x000000000006f000
1454000: system.cpu: T0 : 0x1dd38    : ld a5, 1528(a5)            : MemRead :  D=0x0000000000000040 A=0x6f5f8
1454500: system.cpu: T0 : 0x1dd3c    : bgeu s1, a5, -100          : IntAlu : 
1455000: system.cpu: T0 : 0x1dd40    : ld a4, 40(tp)              : MemRead :  D=0x0000000000072f90 A=0x72738
1455500: system.cpu: T0 : 0x1dd44    : c_beqz a4, -108            : IntAlu : 
1456500: system.cpu: T0 : 0x1dd46    : slli a3, s1, 1             : IntAlu :  D=0x0000000000000002
1457000: system.cpu: T0 : 0x1dd4a    : c_add a3, a4               : IntAlu :  D=0x0000000000072f92
1457500: system.cpu: T0 : 0x1dd4c    : lhu a2, 0(a3)              : MemRead :  D=0x0000000000000000 A=0x72f92
1458000: system.cpu: T0 : 0x1dd50    : c_beqz a2, -120            : IntAlu : 
1458500: system.cpu: T0 : 0x1dcd8    : lw a5, -1808(tp)           : MemRead :  D=0x0000000000000000 A=0x72000
1459000: system.cpu: T0 : 0x1dcdc    : c_bnez a5, 210             : IntAlu : 
1460000: system.cpu: T0 : 0x1dcde    : lui s1, 111                : IntAlu :  D=0x000000000006f000
1460500: system.cpu: T0 : 0x1dce2    : c_mv a1, s0                : IntAlu :  D=0x0000000000000024
1461000: system.cpu: T0 : 0x1dce4    : addi a0, s1, 1560          : IntAlu :  D=0x000000000006f618
1461500: system.cpu: T0 : 0x1dce8    : jal ra, -5230              : IntAlu :  D=0x000000000001dcec
1462000: system.cpu: T0 : 0x1c87a    : c_addi16sp sp, -256        : IntAlu :  D=0x7ffffffffffffb00
1462500: system.cpu: T0 : 0x1c87c    : c_sdsp ra, 248(sp)         : MemWrite :  D=0x000000000001dcec A=0x7ffffffffffffbf8
1463000: system.cpu: T0 : 0x1c87e    : c_sdsp s0, 240(sp)         : MemWrite :  D=0x0000000000000024 A=0x7ffffffffffffbf0
1463500: system.cpu: T0 : 0x1c880    : c_sdsp s1, 232(sp)         : MemWrite :  D=0x000000000006f000 A=0x7ffffffffffffbe8
1464000: system.cpu: T0 : 0x1c882    : c_sdsp s2, 224(sp)         : MemWrite :  D=0x0000000000000002 A=0x7ffffffffffffbe0
1464500: system.cpu: T0 : 0x1c884    : c_sdsp s3, 216(sp)         : MemWrite :  D=0x0000000000000000 A=0x7ffffffffffffbd8
1465000: system.cpu: T0 : 0x1c886    : c_sdsp s4, 208(sp)         : MemWrite :  D=0x0000000000000000 A=0x7ffffffffffffbd0
1465500: system.cpu: T0 : 0x1c888    : c_sdsp s5, 200(sp)         : MemWrite :  D=0x0000000000000000 A=0x7ffffffffffffbc8
1466000: system.cpu: T0 : 0x1c88a    : c_sdsp s6, 192(sp)         : MemWrite :  D=0x0000000000072000 A=0x7ffffffffffffbc0
1466500: system.cpu: T0 : 0x1c88c    : c_sdsp s7, 184(sp)         : MemWrite :  D=0x0000000000000000 A=0x7ffffffffffffbb8
1467000: system.cpu: T0 : 0x1c88e    : c_sdsp s8, 176(sp)         : MemWrite :  D=0x0000000000000000 A=0x7ffffffffffffbb0
1467500: system.cpu: T0 : 0x1c890    : c_sdsp s9, 168(sp)         : MemWrite :  D=0x0000000000000003 A=0x7ffffffffffffba8
1468000: system.cpu: T0 : 0x1c892    : c_sdsp s10, 160(sp)        : MemWrite :  D=0x0000000000000000 A=0x7ffffffffffffba0
1468500: system.cpu: T0 : 0x1c894    : c_sdsp s11, 152(sp)        : MemWrite :  D=0x0000000000000000 A=0x7ffffffffffffb98
1469500: system.cpu: T0 : 0x1c896    : blt a1, zero, 1198         : IntAlu : 
1470500: system.cpu: T0 : 0x1c89a    : addi s0, a1, 23            : IntAlu :  D=0x000000000000003b
1471000: system.cpu: T0 : 0x1c89e    : c_li a5, 31                : IntAlu :  D=0x000000000000001f
1471500: system.cpu: T0 : 0x1c8a0    : c_mv s3, a1                : IntAlu :  D=0x0000000000000024
1472000: system.cpu: T0 : 0x1c8a2    : c_mv s1, a0                : IntAlu :  D=0x000000000006f618
1472500: system.cpu: T0 : 0x1c8a4    : bltu a5, s0, 220           : IntAlu : 
1473000: system.cpu: T0 : 0x1c980    : c_andi s0, 18446744073709551600 : IntAlu :  D=0x0000000000000030
1474000: system.cpu: T0 : 0x1c982    : beq a0, zero, 988          : IntAlu : 
1475000: system.cpu: T0 : 0x1c986    : ld a4, -1376(gp)           : MemRead :  D=0x0000000000000080 A=0x70b18
1476000: system.cpu: T0 : 0x1c98a    : srliw s9, s0, 4            : IntAlu :  D=0x0000000000000003
1477000: system.cpu: T0 : 0x1c98e    : srliw a5, s0, 4            : IntAlu :  D=0x0000000000000003
1478000: system.cpu: T0 : 0x1c992    : bgeu a4, s0, 506           : IntAlu : 
1478500: system.cpu: T0 : 0x1cb8c    : c_addiw a5, -2             : IntAlu :  D=0x0000000000000001
1479500: system.cpu: T0 : 0x1cb8e    : slli a2, a5, 32            : IntAlu :  D=0x0000000100000000
1480000: system.cpu: T0 : 0x1cb92    : c_srli a2, 32              : IntAlu :  D=0x0000000000000001
1480500: system.cpu: T0 : 0x1cb94    : c_addi a2, 2               : IntAlu :  D=0x0000000000000003
1481000: system.cpu: T0 : 0x1cb96    : c_slli a2, 3               : IntAlu :  D=0x0000000000000018
1481500: system.cpu: T0 : 0x1cb98    : c_j -376                   : IntAlu : 
1482000: system.cpu: T0 : 0x1ca20    : c_slli a5, 32              : IntAlu :  D=0x0000000100000000
1482500: system.cpu: T0 : 0x1ca22    : c_srli a5, 29              : IntAlu :  D=0x0000000000000008
1483000: system.cpu: T0 : 0x1ca24    : c_add a5, s1               : IntAlu :  D=0x000000000006f620
1484000: system.cpu: T0 : 0x1ca26    : ld s2, 16(a5)              : MemRead :  D=0x0000000000000000 A=0x6f630
1485000: system.cpu: T0 : 0x1ca2a    : beq s2, zero, 170          : IntAlu : 
1485500: system.cpu: T0 : 0x1cad4    : addiw a5, s9, -1           : IntAlu :  D=0x0000000000000002
1486000: system.cpu: T0 : 0x1cad8    : slliw a5, a5, 1            : IntAlu :  D=0x0000000000000004
1486500: system.cpu: T0 : 0x1cadc    : c_slli a5, 32              : IntAlu :  D=0x0000000400000000
1487000: system.cpu: T0 : 0x1cade    : c_srli a5, 32              : IntAlu :  D=0x0000000000000004
1487500: system.cpu: T0 : 0x1cae0    : c_addi a5, 14              : IntAlu :  D=0x0000000000000012
1488000: system.cpu: T0 : 0x1cae2    : c_slli a5, 3               : IntAlu :  D=0x0000000000000090
1488500: system.cpu: T0 : 0x1cae4    : c_j -550                   : IntAlu : 
1489000: system.cpu: T0 : 0x1c8be    : c_add a5, s1               : IntAlu :  D=0x000000000006f6a8
1489500: system.cpu: T0 : 0x1c8c0    : ld s2, 8(a5)               : MemRead :  D=0x000000000006f698 A=0x6f6b0
1490000: system.cpu: T0 : 0x1c8c4    : addi a3, a5, -16           : IntAlu :  D=0x000000000006f698
1490500: system.cpu: T0 : 0x1c8c8    : beq a3, s2, 748            : IntAlu : 
1491000: system.cpu: T0 : 0x1cbb4    : srli t1, s0, 9             : IntAlu :  D=0x0000000000000000
1491500: system.cpu: T0 : 0x1cbb8    : addiw a5, t1, 91           : IntAlu :  D=0x000000000000005b
1492000: system.cpu: T0 : 0x1cbbc    : srli s10, s0, 6            : IntAlu :  D=0x0000000000000000
1492500: system.cpu: T0 : 0x1cbc0    : c_sdsp a5, 96(sp)          : MemWrite :  D=0x000000000000005b A=0x7ffffffffffffb60
1493500: system.cpu: T0 : 0x1cbc2    : addiw a5, s10, 48          : IntAlu :  D=0x0000000000000030
1494000: system.cpu: T0 : 0x1cbc6    : c_sdsp a5, 88(sp)          : MemWrite :  D=0x0000000000000030 A=0x7ffffffffffffb58
1494500: system.cpu: T0 : 0x1cbc8    : addi a5, zero, 110         : IntAlu :  D=0x000000000000006e
1495000: system.cpu: T0 : 0x1cbcc    : c_sdsp a5, 112(sp)         : MemWrite :  D=0x000000000000006e A=0x7ffffffffffffb70
1496000: system.cpu: T0 : 0x1cbce    : addi a5, zero, 119         : IntAlu :  D=0x0000000000000077
1496500: system.cpu: T0 : 0x1cbd2    : c_sdsp a5, 104(sp)         : MemWrite :  D=0x0000000000000077 A=0x7ffffffffffffb68
1497000: system.cpu: T0 : 0x1cbd4    : addi a5, zero, 124         : IntAlu :  D=0x000000000000007c
1497500: system.cpu: T0 : 0x1cbd8    : c_sdsp s9, 8(sp)           : MemWrite :  D=0x0000000000000003 A=0x7ffffffffffffb08
1498000: system.cpu: T0 : 0x1cbda    : c_sdsp a5, 120(sp)         : MemWrite :  D=0x000000000000007c A=0x7ffffffffffffb78
1498500: system.cpu: T0 : 0x1cbdc    : c_sdsp zero, 128(sp)       : MemWrite :  D=0x0000000000000000 A=0x7ffffffffffffb80
1499000: system.cpu: T0 : 0x1cbde    : c_sdsp zero, 136(sp)       : MemWrite :  D=0x0000000000000000 A=0x7ffffffffffffb88
1499500: system.cpu: T0 : 0x1cbe0    : ld a5, 40(tp)              : MemRead :  D=0x0000000000072f90 A=0x72738
1500000: system.cpu: T0 : 0x1cbe4    : addi s6, s0, -17           : IntAlu :  D=0x000000000000001f
1500500: system.cpu: T0 : 0x1cbe8    : srli s6, s6, 4             : IntAlu :  D=0x0000000000000001
1501000: system.cpu: T0 : 0x1cbec    : c_li s5, 0                 : IntAlu :  D=0x0000000000000000
1501500: system.cpu: T0 : 0x1cbee    : c_beqz a5, 22              : IntAlu : 
1502000: system.cpu: T0 : 0x1cbf0    : lui a5, 111                : IntAlu :  D=0x000000000006f000
1502500: system.cpu: T0 : 0x1cbf4    : ld s5, 1528(a5)            : MemRead :  D=0x0000000000000040 A=0x6f5f8
1503000: system.cpu: T0 : 0x1cbf8    : sltu s5, s6, s5            : IntAlu :  D=0x0000000000000001
1503500: system.cpu: T0 : 0x1cbfc    : sub s5, zero, s5           : IntAlu :  D=0xffffffffffffffff
1504000: system.cpu: T0 : 0x1cc00    : and s5, s0, s5             : IntAlu :  D=0x0000000000000030
1504500: system.cpu: T0 : 0x1cc04    : lui a5, 111                : IntAlu :  D=0x000000000006f000
1505000: system.cpu: T0 : 0x1cc08    : c_lui s11, 1               : IntAlu :  D=0x0000000000001000
1506000: system.cpu: T0 : 0x1cc0a    : lui s7, 111                : IntAlu :  D=0x000000000006f000
1507000: system.cpu: T0 : 0x1cc0e    : addi a5, a5, 1560          : IntAlu :  D=0x000000000006f618
1508000: system.cpu: T0 : 0x1cc12    : addi s8, s1, 96            : IntAlu :  D=0x000000000006f678
1508500: system.cpu: T0 : 0x1cc16    : c_li t5, 0                 : IntAlu :  D=0x0000000000000000
1509000: system.cpu: T0 : 0x1cc18    : addi s7, s7, 1448          : IntAlu :  D=0x000000000006f5a8
1509500: system.cpu: T0 : 0x1cc1c    : add a7, s1, s11            : IntAlu :  D=0x0000000000070618
1510000: system.cpu: T0 : 0x1cc20    : c_sdsp a5, 56(sp)          : MemWrite :  D=0x000000000006f618 A=0x7ffffffffffffb38
1510500: system.cpu: T0 : 0x1cc22    : c_ld a5, 120(s1)           : MemRead :  D=0x000000000006f678 A=0x6f690
1511000: system.cpu: T0 : 0x1cc24    : beq a5, s8, 532            : IntAlu : 
1511500: system.cpu: T0 : 0x1ce38    : addi a5, zero, 1023        : IntAlu :  D=0x00000000000003ff
1512000: system.cpu: T0 : 0x1ce3c    : bgeu a5, s0, 38            : IntAlu : 
1512500: system.cpu: T0 : 0x1ce62    : c_ldsp a3, 8(sp)           : MemRead :  D=0x0000000000000003 A=0x7ffffffffffffb08
1513000: system.cpu: T0 : 0x1ce64    : c_li a0, 4                 : IntAlu :  D=0x0000000000000004
1514000: system.cpu: T0 : 0x1ce66    : addiw a5, a3, 1            : IntAlu :  D=0x0000000000000004
1515000: system.cpu: T0 : 0x1ce6a    : srliw a4, a5, 5            : IntAlu :  D=0x0000000000000000
1516000: system.cpu: T0 : 0x1ce6e    : slliw a3, a3, 1            : IntAlu :  D=0x0000000000000006
1517000: system.cpu: T0 : 0x1ce72    : addi a4, a4, 536           : IntAlu :  D=0x0000000000000218
1517500: system.cpu: T0 : 0x1ce76    : c_slli a3, 32              : IntAlu :  D=0x0000000600000000
1518000: system.cpu: T0 : 0x1ce78    : c_slli a4, 2               : IntAlu :  D=0x0000000000000860
1518500: system.cpu: T0 : 0x1ce7a    : c_srli a3, 32              : IntAlu :  D=0x0000000000000006
1519000: system.cpu: T0 : 0x1ce7c    : c_add a4, s1               : IntAlu :  D=0x000000000006fe78
1519500: system.cpu: T0 : 0x1ce7e    : c_slli a3, 3               : IntAlu :  D=0x0000000000000030
1520000: system.cpu: T0 : 0x1ce80    : c_lw a2, 0(a4)             : MemRead :  D=0x0000000000000000 A=0x6fe78
1521000: system.cpu: T0 : 0x1ce82    : addi a3, a3, 96            : IntAlu :  D=0x0000000000000090
1521500: system.cpu: T0 : 0x1ce86    : c_li a4, 1                 : IntAlu :  D=0x0000000000000001
1522000: system.cpu: T0 : 0x1ce88    : srliw s2, a5, 5            : IntAlu :  D=0x0000000000000000
1522500: system.cpu: T0 : 0x1ce8c    : c_add a3, s1               : IntAlu :  D=0x000000000006f6a8
1523500: system.cpu: T0 : 0x1ce8e    : sllw a5, a4, a5            : IntAlu :  D=0x0000000000000010
1524500: system.cpu: T0 : 0x1ce92    : bltu a2, a5, 144           : IntAlu : 
1525500: system.cpu: T0 : 0x1cf22    : addiw a5, s2, 1            : IntAlu :  D=0x0000000000000001
1526500: system.cpu: T0 : 0x1cf26    : addiw s2, a5, 0            : IntAlu :  D=0x0000000000000001
1527500: system.cpu: T0 : 0x1cf2a    : bne s2, a0, -26            : IntAlu : 
1528000: system.cpu: T0 : 0x1cf10    : c_slli a5, 32              : IntAlu :  D=0x0000000100000000
1528500: system.cpu: T0 : 0x1cf12    : c_srli a5, 32              : IntAlu :  D=0x0000000000000001
1529000: system.cpu: T0 : 0x1cf14    : addi a5, a5, 536           : IntAlu :  D=0x0000000000000219
1529500: system.cpu: T0 : 0x1cf18    : c_slli a5, 2               : IntAlu :  D=0x0000000000000864
1530000: system.cpu: T0 : 0x1cf1a    : c_add a5, s1               : IntAlu :  D=0x000000000006fe7c
1530500: system.cpu: T0 : 0x1cf1c    : c_lw a2, 0(a5)             : MemRead :  D=0x0000000000000000 A=0x6fe7c
1531500: system.cpu: T0 : 0x1cf1e    : bne a2, zero, 384          : IntAlu : 
1532500: system.cpu: T0 : 0x1cf22    : addiw a5, s2, 1            : IntAlu :  D=0x0000000000000002
1533500: system.cpu: T0 : 0x1cf26    : addiw s2, a5, 0            : IntAlu :  D=0x0000000000000002
1534500: system.cpu: T0 : 0x1cf2a    : bne s2, a0, -26            : IntAlu : 
1535000: system.cpu: T0 : 0x1cf10    : c_slli a5, 32              : IntAlu :  D=0x0000000200000000
1535500: system.cpu: T0 : 0x1cf12    : c_srli a5, 32              : IntAlu :  D=0x0000000000000002
1536000: system.cpu: T0 : 0x1cf14    : addi a5, a5, 536           : IntAlu :  D=0x000000000000021a
1536500: system.cpu: T0 : 0x1cf18    : c_slli a5, 2               : IntAlu :  D=0x0000000000000868
1537000: system.cpu: T0 : 0x1cf1a    : c_add a5, s1               : IntAlu :  D=0x000000000006fe80
1537500: system.cpu: T0 : 0x1cf1c    : c_lw a2, 0(a5)             : MemRead :  D=0x0000000000000000 A=0x6fe80
1538500: system.cpu: T0 : 0x1cf1e    : bne a2, zero, 384          : IntAlu : 
1539500: system.cpu: T0 : 0x1cf22    : addiw a5, s2, 1            : IntAlu :  D=0x0000000000000003
1540500: system.cpu: T0 : 0x1cf26    : addiw s2, a5, 0            : IntAlu :  D=0x0000000000000003
1541500: system.cpu: T0 : 0x1cf2a    : bne s2, a0, -26            : IntAlu : 
1542000: system.cpu: T0 : 0x1cf10    : c_slli a5, 32              : IntAlu :  D=0x0000000300000000
1542500: system.cpu: T0 : 0x1cf12    : c_srli a5, 32              : IntAlu :  D=0x0000000000000003
1543000: system.cpu: T0 : 0x1cf14    : addi a5, a5, 536           : IntAlu :  D=0x000000000000021b
1543500: system.cpu: T0 : 0x1cf18    : c_slli a5, 2               : IntAlu :  D=0x000000000000086c
1544000: system.cpu: T0 : 0x1cf1a    : c_add a5, s1               : IntAlu :  D=0x000000000006fe84
1544500: system.cpu: T0 : 0x1cf1c    : c_lw a2, 0(a5)             : MemRead :  D=0x0000000000000000 A=0x6fe84
1545500: system.cpu: T0 : 0x1cf1e    : bne a2, zero, 384          : IntAlu : 
1546500: system.cpu: T0 : 0x1cf22    : addiw a5, s2, 1            : IntAlu :  D=0x0000000000000004
1547500: system.cpu: T0 : 0x1cf26    : addiw s2, a5, 0            : IntAlu :  D=0x0000000000000004
1548500: system.cpu: T0 : 0x1cf2a    : bne s2, a0, -26            : IntAlu : 
1549000: system.cpu: T0 : 0x1cf2e    : c_ld a4, 96(s1)            : MemRead :  D=0x0000000000073210 A=0x6f678
1549500: system.cpu: T0 : 0x1cf30    : ld a3, -1912(a7)           : MemRead :  D=0x0000000000021080 A=0x6fea0
1550000: system.cpu: T0 : 0x1cf34    : c_ld a5, 8(a4)             : MemRead :  D=0x0000000000020df1 A=0x73218
1550500: system.cpu: T0 : 0x1cf36    : c_andi a5, 18446744073709551608 : IntAlu :  D=0x0000000000020df0
1551000: system.cpu: T0 : 0x1cf38    : bltu a3, a5, 548           : IntAlu : 
1551500: system.cpu: T0 : 0x1cf3c    : addi a3, s0, 32            : IntAlu :  D=0x0000000000000050
1552000: system.cpu: T0 : 0x1cf40    : bgeu a5, a3, 640           : IntAlu : 
1552500: system.cpu: T0 : 0x1d1c0    : add a0, a4, s0             : IntAlu :  D=0x0000000000073240
1553000: system.cpu: T0 : 0x1d1c4    : lui a2, 111                : IntAlu :  D=0x000000000006f000
1553500: system.cpu: T0 : 0x1d1c8    : c_sd a0, 96(s1)            : MemWrite :  D=0x0000000000073240 A=0x6f678
1554500: system.cpu: T0 : 0x1d1ca    : addi a2, a2, 1560          : IntAlu :  D=0x000000000006f618
1555000: system.cpu: T0 : 0x1d1ce    : c_sub a5, s0               : IntAlu :  D=0x0000000000020dc0
1555500: system.cpu: T0 : 0x1d1d0    : c_li a3, 4                 : IntAlu :  D=0x0000000000000004
1556500: system.cpu: T0 : 0x1d1d2    : beq s1, a2, 116            : IntAlu : 
1557000: system.cpu: T0 : 0x1d246    : c_li a3, 0                 : IntAlu :  D=0x0000000000000000
1557500: system.cpu: T0 : 0x1d248    : c_j -114                   : IntAlu : 
1558000: system.cpu: T0 : 0x1d1d6    : c_or a3, s0                : IntAlu :  D=0x0000000000000030
1558500: system.cpu: T0 : 0x1d1d8    : ori a3, a3, 1              : IntAlu :  D=0x0000000000000031
1559000: system.cpu: T0 : 0x1d1dc    : lw a1, -1396(gp)           : MemRead :  D=0x0000000000000000 A=0x70b04
1559500: system.cpu: T0 : 0x1d1e0    : c_sd a3, 8(a4)             : MemWrite :  D=0x0000000000000031 A=0x73218
1560500: system.cpu: T0 : 0x1d1e2    : ori a5, a5, 1              : IntAlu :  D=0x0000000000020dc1
1561000: system.cpu: T0 : 0x1d1e6    : c_sd a5, 8(a0)             : MemWrite :  D=0x0000000000020dc1 A=0x73248
1561500: system.cpu: T0 : 0x1d1e8    : addi s2, a4, 16            : IntAlu :  D=0x0000000000073220
1562000: system.cpu: T0 : 0x1d1ec    : beq a1, zero, -1664        : IntAlu : 
1562500: system.cpu: T0 : 0x1cb6c    : c_ldsp ra, 248(sp)         : MemRead :  D=0x000000000001dcec A=0x7ffffffffffffbf8
1563000: system.cpu: T0 : 0x1cb6e    : c_ldsp s0, 240(sp)         : MemRead :  D=0x0000000000000024 A=0x7ffffffffffffbf0
1563500: system.cpu: T0 : 0x1cb70    : c_ldsp s1, 232(sp)         : MemRead :  D=0x000000000006f000 A=0x7ffffffffffffbe8
1564000: system.cpu: T0 : 0x1cb72    : c_ldsp s3, 216(sp)         : MemRead :  D=0x0000000000000000 A=0x7ffffffffffffbd8
1564500: system.cpu: T0 : 0x1cb74    : c_ldsp s4, 208(sp)         : MemRead :  D=0x0000000000000000 A=0x7ffffffffffffbd0
1565000: system.cpu: T0 : 0x1cb76    : c_ldsp s5, 200(sp)         : MemRead :  D=0x0000000000000000 A=0x7ffffffffffffbc8
1565500: system.cpu: T0 : 0x1cb78    : c_ldsp s6, 192(sp)         : MemRead :  D=0x0000000000072000 A=0x7ffffffffffffbc0
1566000: system.cpu: T0 : 0x1cb7a    : c_ldsp s7, 184(sp)         : MemRead :  D=0x0000000000000000 A=0x7ffffffffffffbb8
1566500: system.cpu: T0 : 0x1cb7c    : c_ldsp s8, 176(sp)         : MemRead :  D=0x0000000000000000 A=0x7ffffffffffffbb0
1567000: system.cpu: T0 : 0x1cb7e    : c_ldsp s9, 168(sp)         : MemRead :  D=0x0000000000000003 A=0x7ffffffffffffba8
1567500: system.cpu: T0 : 0x1cb80    : c_ldsp s10, 160(sp)        : MemRead :  D=0x0000000000000000 A=0x7ffffffffffffba0
1568000: system.cpu: T0 : 0x1cb82    : c_ldsp s11, 152(sp)        : MemRead :  D=0x0000000000000000 A=0x7ffffffffffffb98
1568500: system.cpu: T0 : 0x1cb84    : c_mv a0, s2                : IntAlu :  D=0x0000000000073220
1569000: system.cpu: T0 : 0x1cb86    : c_ldsp s2, 224(sp)         : MemRead :  D=0x0000000000000002 A=0x7ffffffffffffbe0
1569500: system.cpu: T0 : 0x1cb88    : c_addi16sp sp, 256         : IntAlu :  D=0x7ffffffffffffc00
1570000: system.cpu: T0 : 0x1cb8a    : c_jr ra                    : IntAlu : 
1570500: system.cpu: T0 : 0x1dcec    : c_mv a5, a0                : IntAlu :  D=0x0000000000073220
1571000: system.cpu: T0 : 0x1dcee    : c_beqz a0, 150             : IntAlu : 
1571500: system.cpu: T0 : 0x1dcf0    : ld a4, -8(a0)              : MemRead :  D=0x0000000000000031 A=0x73218
1572000: system.cpu: T0 : 0x1dcf4    : andi a3, a4, 2             : IntAlu :  D=0x0000000000000000
1572500: system.cpu: T0 : 0x1dcf8    : c_bnez a3, 26              : IntAlu : 
1573000: system.cpu: T0 : 0x1dcfa    : c_andi a4, 4               : IntAlu :  D=0x0000000000000000
1573500: system.cpu: T0 : 0x1dcfc    : c_beqz a4, 22              : IntAlu : 
1574000: system.cpu: T0 : 0x1dd12    : c_ldsp ra, 24(sp)          : MemRead :  D=0x000000000003dd76 A=0x7ffffffffffffc18
1574500: system.cpu: T0 : 0x1dd14    : c_ldsp s0, 16(sp)          : MemRead :  D=0x7ffffffffffffcf0 A=0x7ffffffffffffc10
1575000: system.cpu: T0 : 0x1dd16    : c_ldsp s1, 8(sp)           : MemRead :  D=0x7ffffffffffffc20 A=0x7ffffffffffffc08
1575500: system.cpu: T0 : 0x1dd18    : c_ldsp s2, 0(sp)           : MemRead :  D=0x0000000000000002 A=0x7ffffffffffffc00
1576000: system.cpu: T0 : 0x1dd1a    : c_mv a0, a5                : IntAlu :  D=0x0000000000073220
1576500: system.cpu: T0 : 0x1dd1c    : c_addi16sp sp, 32          : IntAlu :  D=0x7ffffffffffffc20
1577000: system.cpu: T0 : 0x1dd1e    : c_jr ra                    : IntAlu : 
1577500: system.cpu: T0 : 0x3dd76    : c_mv s6, a0                : IntAlu :  D=0x0000000000073220
1578000: system.cpu: T0 : 0x3dd78    : addi a5, s9, 1             : IntAlu :  D=0x0000000000000004
1578500: system.cpu: T0 : 0x3dd7c    : c_bnez a0, 64              : IntAlu : 
1579000: system.cpu: T0 : 0x3ddbc    : c_ld a1, 0(s1)             : MemRead :  D=0x0000000000062150 A=0x7ffffffffffffc20
1580000: system.cpu: T0 : 0x3ddbe    : addi a0, a0, 32            : IntAlu :  D=0x0000000000073240
1581000: system.cpu: T0 : 0x3ddc2    : sd a5, 8(s6)               : MemWrite :  D=0x0000000000000004 A=0x73228
1582000: system.cpu: T0 : 0x3ddc6    : sd a0, 0(s6)               : MemWrite :  D=0x0000000000073240 A=0x73220
1583000: system.cpu: T0 : 0x3ddca    : sd a0, 16(s6)              : MemWrite :  D=0x0000000000073240 A=0x73230
1584000: system.cpu: T0 : 0x3ddce    : sd zero, 24(s6)            : MemWrite :  D=0x0000000000000000 A=0x73238
1584500: system.cpu: T0 : 0x3ddd2    : c_mv a2, s9                : IntAlu :  D=0x0000000000000003
1585000: system.cpu: T0 : 0x3ddd4    : jal ra, -123064            : IntAlu :  D=0x000000000003ddd8
1585500: system.cpu: T0 : 0x1fd1c    : c_addi sp, -16             : IntAlu :  D=0x7ffffffffffffc10
1586000: system.cpu: T0 : 0x1fd1e    : c_sdsp s0, 0(sp)           : MemWrite :  D=0x7ffffffffffffcf0 A=0x7ffffffffffffc10
1586500: system.cpu: T0 : 0x1fd20    : c_sdsp ra, 8(sp)           : MemWrite :  D=0x000000000003ddd8 A=0x7ffffffffffffc18
1587000: system.cpu: T0 : 0x1fd22    : c_mv s0, a2                : IntAlu :  D=0x0000000000000003
1587500: system.cpu: T0 : 0x1fd24    : jal ra, 112                : IntAlu :  D=0x000000000001fd28
1588000: system.cpu: T0 : 0x1fd94    : c_addi16sp sp, -48         : IntAlu :  D=0x7ffffffffffffbe0
1588500: system.cpu: T0 : 0x1fd96    : c_sdsp s0, 32(sp)          : MemWrite :  D=0x0000000000000003 A=0x7ffffffffffffc00
1589000: system.cpu: T0 : 0x1fd98    : c_sdsp s2, 16(sp)          : MemWrite :  D=0x0000000000000002 A=0x7ffffffffffffbf0
1589500: system.cpu: T0 : 0x1fd9a    : c_sdsp ra, 40(sp)          : MemWrite :  D=0x000000000001fd28 A=0x7ffffffffffffc08
1590000: system.cpu: T0 : 0x1fd9c    : c_sdsp s1, 24(sp)          : MemWrite :  D=0x7ffffffffffffc20 A=0x7ffffffffffffbf8
1590500: system.cpu: T0 : 0x1fd9e    : c_sdsp s3, 8(sp)           : MemWrite :  D=0x0000000000000000 A=0x7ffffffffffffbe8
1591000: system.cpu: T0 : 0x1fda0    : c_li a5, 15                : IntAlu :  D=0x000000000000000f
1591500: system.cpu: T0 : 0x1fda2    : c_mv s2, a0                : IntAlu :  D=0x0000000000073240
1592000: system.cpu: T0 : 0x1fda4    : c_mv a4, a0                : IntAlu :  D=0x0000000000073240
1592500: system.cpu: T0 : 0x1fda6    : c_mv s0, a1                : IntAlu :  D=0x0000000000062150
1593000: system.cpu: T0 : 0x1fda8    : bgeu a5, a2, 72            : IntAlu : 
1593500: system.cpu: T0 : 0x1fdf0    : c_addi a4, -1              : IntAlu :  D=0x000000000007323f
1594000: system.cpu: T0 : 0x1fdf2    : c_mv a5, s0                : IntAlu :  D=0x0000000000062150
1594500: system.cpu: T0 : 0x1fdf4    : add a1, a2, s0             : IntAlu :  D=0x0000000000062153
1595000: system.cpu: T0 : 0x1fdf8    : c_sub a4, s0               : IntAlu :  D=0x00000000000110ef
1595500: system.cpu: T0 : 0x1fdfa    : c_beqz a2, 20              : IntAlu : 
1596000: system.cpu: T0 : 0x1fdfc    : lbu a2, 0(a5)              : MemRead :  D=0x0000000000000074 A=0x62150
1596500: system.cpu: T0 : 0x1fe00    : c_addi a5, 1               : IntAlu :  D=0x0000000000062151
1597500: system.cpu: T0 : 0x1fe02    : add a3, a4, a5             : IntAlu :  D=0x0000000000073240
1598500: system.cpu: T0 : 0x1fe06    : sb a2, 0(a3)               : MemWrite :  D=0x0000000000000074 A=0x73240
1599500: system.cpu: T0 : 0x1fe0a    : bne a1, a5, -14            : IntAlu : 
1600000: system.cpu: T0 : 0x1fdfc    : lbu a2, 0(a5)              : MemRead :  D=0x000000000000006c A=0x62151
1600500: system.cpu: T0 : 0x1fe00    : c_addi a5, 1               : IntAlu :  D=0x0000000000062152
1601500: system.cpu: T0 : 0x1fe02    : add a3, a4, a5             : IntAlu :  D=0x0000000000073241
1602500: system.cpu: T0 : 0x1fe06    : sb a2, 0(a3)               : MemWrite :  D=0x000000000000006c A=0x73241
1603500: system.cpu: T0 : 0x1fe0a    : bne a1, a5, -14            : IntAlu : 
1604000: system.cpu: T0 : 0x1fdfc    : lbu a2, 0(a5)              : MemRead :  D=0x0000000000000073 A=0x62152
1604500: system.cpu: T0 : 0x1fe00    : c_addi a5, 1               : IntAlu :  D=0x0000000000062153
1605500: system.cpu: T0 : 0x1fe02    : add a3, a4, a5             : IntAlu :  D=0x0000000000073242
1606500: system.cpu: T0 : 0x1fe06    : sb a2, 0(a3)               : MemWrite :  D=0x0000000000000073 A=0x73242
1607500: system.cpu: T0 : 0x1fe0a    : bne a1, a5, -14            : IntAlu : 
1608000: system.cpu: T0 : 0x1fe0e    : c_ldsp ra, 40(sp)          : MemRead :  D=0x000000000001fd28 A=0x7ffffffffffffc08
1608500: system.cpu: T0 : 0x1fe10    : c_ldsp s0, 32(sp)          : MemRead :  D=0x0000000000000003 A=0x7ffffffffffffc00
1609000: system.cpu: T0 : 0x1fe12    : c_ldsp s1, 24(sp)          : MemRead :  D=0x7ffffffffffffc20 A=0x7ffffffffffffbf8
1609500: system.cpu: T0 : 0x1fe14    : c_ldsp s3, 8(sp)           : MemRead :  D=0x0000000000000000 A=0x7ffffffffffffbe8
1610000: system.cpu: T0 : 0x1fe16    : c_mv a0, s2                : IntAlu :  D=0x0000000000073240
1610500: system.cpu: T0 : 0x1fe18    : c_ldsp s2, 16(sp)          : MemRead :  D=0x0000000000000002 A=0x7ffffffffffffbf0
1611000: system.cpu: T0 : 0x1fe1a    : c_addi16sp sp, 48          : IntAlu :  D=0x7ffffffffffffc10
1611500: system.cpu: T0 : 0x1fe1c    : c_jr ra                    : IntAlu : 
1612000: system.cpu: T0 : 0x1fd28    : c_ldsp ra, 8(sp)           : MemRead :  D=0x000000000003ddd8 A=0x7ffffffffffffc18
1612500: system.cpu: T0 : 0x1fd2a    : c_add a0, s0               : IntAlu :  D=0x0000000000073243
1613000: system.cpu: T0 : 0x1fd2c    : c_ldsp s0, 0(sp)           : MemRead :  D=0x7ffffffffffffcf0 A=0x7ffffffffffffc10
1613500: system.cpu: T0 : 0x1fd2e    : c_addi sp, 16              : IntAlu :  D=0x7ffffffffffffc20
1614000: system.cpu: T0 : 0x1fd30    : c_jr ra                    : IntAlu : 
1614500: system.cpu: T0 : 0x3ddd8    : ld a4, -136(s0)            : MemRead :  D=0x000000000006efd0 A=0x7ffffffffffffc68
1615000: system.cpu: T0 : 0x3dddc    : addi a5, zero, 47          : IntAlu :  D=0x000000000000002f
1615500: system.cpu: T0 : 0x3dde0    : sb a5, 0(a0)               : MemWrite :  D=0x000000000000002f A=0x73243
1616000: system.cpu: T0 : 0x3dde4    : sd s2, 0(a4)               : MemWrite :  D=0x0000000000000002 A=0x6efd0
1616500: system.cpu: T0 : 0x3dde8    : ld a5, 8(s6)               : MemRead :  D=0x0000000000000004 A=0x73228
1617000: system.cpu: T0 : 0x3ddec    : ld a4, -160(s0)            : MemRead :  D=0x000000000006efc8 A=0x7ffffffffffffc50
1617500: system.cpu: T0 : 0x3ddf0    : c_sd a5, 0(a4)             : MemWrite :  D=0x0000000000000004 A=0x6efc8
1618000: system.cpu: T0 : 0x3ddf2    : c_j -178                   : IntAlu : 
1618500: system.cpu: T0 : 0x3dd40    : addi sp, s0, -192          : IntAlu :  D=0x7ffffffffffffc30
1619000: system.cpu: T0 : 0x3dd44    : c_ldsp ra, 184(sp)         : MemRead :  D=0x000000000003b2b0 A=0x7ffffffffffffce8
1619500: system.cpu: T0 : 0x3dd46    : c_mv a0, s6                : IntAlu :  D=0x0000000000073220
1620000: system.cpu: T0 : 0x3dd48    : c_ldsp s0, 176(sp)         : MemRead :  D=0x7ffffffffffffd30 A=0x7ffffffffffffce0
1620500: system.cpu: T0 : 0x3dd4a    : c_ldsp s1, 168(sp)         : MemRead :  D=0x000000000006feb0 A=0x7ffffffffffffcd8
1621000: system.cpu: T0 : 0x3dd4c    : c_ldsp s2, 160(sp)         : MemRead :  D=0x0000000000000000 A=0x7ffffffffffffcd0
1621500: system.cpu: T0 : 0x3dd4e    : c_ldsp s3, 152(sp)         : MemRead :  D=0x000000000006efc0 A=0x7ffffffffffffcc8
1622000: system.cpu: T0 : 0x3dd50    : c_ldsp s4, 144(sp)         : MemRead :  D=0x0000000000070000 A=0x7ffffffffffffcc0
1622500: system.cpu: T0 : 0x3dd52    : c_ldsp s5, 136(sp)         : MemRead :  D=0x0000000000072000 A=0x7ffffffffffffcb8
1623000: system.cpu: T0 : 0x3dd54    : c_ldsp s6, 128(sp)         : MemRead :  D=0x0000000000072000 A=0x7ffffffffffffcb0
1623500: system.cpu: T0 : 0x3dd56    : c_ldsp s7, 120(sp)         : MemRead :  D=0x0000000000000000 A=0x7ffffffffffffca8
1624000: system.cpu: T0 : 0x3dd58    : c_ldsp s8, 112(sp)         : MemRead :  D=0x0000000000000000 A=0x7ffffffffffffca0
1624500: system.cpu: T0 : 0x3dd5a    : c_ldsp s9, 104(sp)         : MemRead :  D=0x0000000000000000 A=0x7ffffffffffffc98
1625000: system.cpu: T0 : 0x3dd5c    : c_ldsp s10, 96(sp)         : MemRead :  D=0x0000000000000000 A=0x7ffffffffffffc90
1625500: system.cpu: T0 : 0x3dd5e    : c_ldsp s11, 88(sp)         : MemRead :  D=0x0000000000000000 A=0x7ffffffffffffc88
1626000: system.cpu: T0 : 0x3dd60    : c_addi16sp sp, 192         : IntAlu :  D=0x7ffffffffffffcf0
1626500: system.cpu: T0 : 0x3dd62    : c_jr ra                    : IntAlu : 
1627000: system.cpu: T0 : 0x3b2b0    : c_mv a5, a0                : IntAlu :  D=0x0000000000073220
1628000: system.cpu: T0 : 0x3b2b2    : addi a0, zero, 40          : IntAlu :  D=0x0000000000000028
1629000: system.cpu: T0 : 0x3b2b6    : sd a5, 24(s3)              : MemWrite :  D=0x0000000000073220 A=0x6efd8
1630000: system.cpu: T0 : 0x3b2ba    : jal ra, -120344            : IntAlu :  D=0x000000000003b2be
1631000: system.cpu: T0 : 0x1dca2    : ld t1, -1848(gp)           : MemRead :  D=0x0000000000000000 A=0x70940
1632000: system.cpu: T0 : 0x1dca6    : bne t1, zero, 260          : IntAlu : 
1632500: system.cpu: T0 : 0x1dcaa    : c_addi sp, -32             : IntAlu :  D=0x7ffffffffffffcd0
1633000: system.cpu: T0 : 0x1dcac    : c_sdsp s0, 16(sp)          : MemWrite :  D=0x7ffffffffffffd30 A=0x7ffffffffffffce0
1633500: system.cpu: T0 : 0x1dcae    : c_sdsp ra, 24(sp)          : MemWrite :  D=0x000000000003b2be A=0x7ffffffffffffce8
1634000: system.cpu: T0 : 0x1dcb0    : c_sdsp s1, 8(sp)           : MemWrite :  D=0x000000000006feb0 A=0x7ffffffffffffcd8
1634500: system.cpu: T0 : 0x1dcb2    : c_sdsp s2, 0(sp)           : MemWrite :  D=0x0000000000000000 A=0x7ffffffffffffcd0
1635000: system.cpu: T0 : 0x1dcb4    : c_mv s0, a0                : IntAlu :  D=0x0000000000000028
1636000: system.cpu: T0 : 0x1dcb6    : blt a0, zero, 222          : IntAlu : 
1637000: system.cpu: T0 : 0x1dcba    : addi a5, a0, 23            : IntAlu :  D=0x000000000000003f
1637500: system.cpu: T0 : 0x1dcbe    : c_li a4, 31                : IntAlu :  D=0x000000000000001f
1638000: system.cpu: T0 : 0x1dcc0    : c_li s1, 0                 : IntAlu :  D=0x0000000000000000
1639000: system.cpu: T0 : 0x1dcc2    : bltu a4, a5, 94            : IntAlu : 
1639500: system.cpu: T0 : 0x1dd20    : c_andi a5, 18446744073709551600 : IntAlu :  D=0x0000000000000030
1640000: system.cpu: T0 : 0x1dd22    : c_addi a5, -17             : IntAlu :  D=0x000000000000001f
1640500: system.cpu: T0 : 0x1dd24    : srli s1, a5, 4             : IntAlu :  D=0x0000000000000001
1641000: system.cpu: T0 : 0x1dd28    : c_j -98                    : IntAlu : 
1642000: system.cpu: T0 : 0x1dcc6    : ld a4, 40(tp)              : MemRead :  D=0x0000000000072f90 A=0x72738
1642500: system.cpu: T0 : 0x1dcca    : c_beqz a4, 96              : IntAlu : 
1643000: system.cpu: T0 : 0x1dccc    : lui a5, 111                : IntAlu :  D=0x000000000006f000
1643500: system.cpu: T0 : 0x1dcd0    : ld a5, 1528(a5)            : MemRead :  D=0x0000000000000040 A=0x6f5f8
1644000: system.cpu: T0 : 0x1dcd4    : bltu s1, a5, 114           : IntAlu : 
1645000: system.cpu: T0 : 0x1dd46    : slli a3, s1, 1             : IntAlu :  D=0x0000000000000002
1645500: system.cpu: T0 : 0x1dd4a    : c_add a3, a4               : IntAlu :  D=0x0000000000072f92
1646000: system.cpu: T0 : 0x1dd4c    : lhu a2, 0(a3)              : MemRead :  D=0x0000000000000000 A=0x72f92
1646500: system.cpu: T0 : 0x1dd50    : c_beqz a2, -120            : IntAlu : 
1647000: system.cpu: T0 : 0x1dcd8    : lw a5, -1808(tp)           : MemRead :  D=0x0000000000000000 A=0x72000
1647500: system.cpu: T0 : 0x1dcdc    : c_bnez a5, 210             : IntAlu : 
1648500: system.cpu: T0 : 0x1dcde    : lui s1, 111                : IntAlu :  D=0x000000000006f000
1649000: system.cpu: T0 : 0x1dce2    : c_mv a1, s0                : IntAlu :  D=0x0000000000000028
1649500: system.cpu: T0 : 0x1dce4    : addi a0, s1, 1560          : IntAlu :  D=0x000000000006f618
1650000: system.cpu: T0 : 0x1dce8    : jal ra, -5230              : IntAlu :  D=0x000000000001dcec
1650500: system.cpu: T0 : 0x1c87a    : c_addi16sp sp, -256        : IntAlu :  D=0x7ffffffffffffbd0
1651000: system.cpu: T0 : 0x1c87c    : c_sdsp ra, 248(sp)         : MemWrite :  D=0x000000000001dcec A=0x7ffffffffffffcc8
1651500: system.cpu: T0 : 0x1c87e    : c_sdsp s0, 240(sp)         : MemWrite :  D=0x0000000000000028 A=0x7ffffffffffffcc0
1652000: system.cpu: T0 : 0x1c880    : c_sdsp s1, 232(sp)         : MemWrite :  D=0x000000000006f000 A=0x7ffffffffffffcb8
1652500: system.cpu: T0 : 0x1c882    : c_sdsp s2, 224(sp)         : MemWrite :  D=0x0000000000000000 A=0x7ffffffffffffcb0
1653000: system.cpu: T0 : 0x1c884    : c_sdsp s3, 216(sp)         : MemWrite :  D=0x000000000006efc0 A=0x7ffffffffffffca8
1653500: system.cpu: T0 : 0x1c886    : c_sdsp s4, 208(sp)         : MemWrite :  D=0x0000000000070000 A=0x7ffffffffffffca0
1654000: system.cpu: T0 : 0x1c888    : c_sdsp s5, 200(sp)         : MemWrite :  D=0x0000000000072000 A=0x7ffffffffffffc98
1654500: system.cpu: T0 : 0x1c88a    : c_sdsp s6, 192(sp)         : MemWrite :  D=0x0000000000072000 A=0x7ffffffffffffc90
1655000: system.cpu: T0 : 0x1c88c    : c_sdsp s7, 184(sp)         : MemWrite :  D=0x0000000000000000 A=0x7ffffffffffffc88
1655500: system.cpu: T0 : 0x1c88e    : c_sdsp s8, 176(sp)         : MemWrite :  D=0x0000000000000000 A=0x7ffffffffffffc80
1656000: system.cpu: T0 : 0x1c890    : c_sdsp s9, 168(sp)         : MemWrite :  D=0x0000000000000000 A=0x7ffffffffffffc78
1656500: system.cpu: T0 : 0x1c892    : c_sdsp s10, 160(sp)        : MemWrite :  D=0x0000000000000000 A=0x7ffffffffffffc70
1657000: system.cpu: T0 : 0x1c894    : c_sdsp s11, 152(sp)        : MemWrite :  D=0x0000000000000000 A=0x7ffffffffffffc68
1658000: system.cpu: T0 : 0x1c896    : blt a1, zero, 1198         : IntAlu : 
1659000: system.cpu: T0 : 0x1c89a    : addi s0, a1, 23            : IntAlu :  D=0x000000000000003f
1659500: system.cpu: T0 : 0x1c89e    : c_li a5, 31                : IntAlu :  D=0x000000000000001f
1660000: system.cpu: T0 : 0x1c8a0    : c_mv s3, a1                : IntAlu :  D=0x0000000000000028
1660500: system.cpu: T0 : 0x1c8a2    : c_mv s1, a0                : IntAlu :  D=0x000000000006f618
1661000: system.cpu: T0 : 0x1c8a4    : bltu a5, s0, 220           : IntAlu : 
1661500: system.cpu: T0 : 0x1c980    : c_andi s0, 18446744073709551600 : IntAlu :  D=0x0000000000000030
1662500: system.cpu: T0 : 0x1c982    : beq a0, zero, 988          : IntAlu : 
1663500: system.cpu: T0 : 0x1c986    : ld a4, -1376(gp)           : MemRead :  D=0x0000000000000080 A=0x70b18
1664500: system.cpu: T0 : 0x1c98a    : srliw s9, s0, 4            : IntAlu :  D=0x0000000000000003
1665500: system.cpu: T0 : 0x1c98e    : srliw a5, s0, 4            : IntAlu :  D=0x0000000000000003
1666500: system.cpu: T0 : 0x1c992    : bgeu a4, s0, 506           : IntAlu : 
1667000: system.cpu: T0 : 0x1cb8c    : c_addiw a5, -2             : IntAlu :  D=0x0000000000000001
1668000: system.cpu: T0 : 0x1cb8e    : slli a2, a5, 32            : IntAlu :  D=0x0000000100000000
1668500: system.cpu: T0 : 0x1cb92    : c_srli a2, 32              : IntAlu :  D=0x0000000000000001
1669000: system.cpu: T0 : 0x1cb94    : c_addi a2, 2               : IntAlu :  D=0x0000000000000003
1669500: system.cpu: T0 : 0x1cb96    : c_slli a2, 3               : IntAlu :  D=0x0000000000000018
1670000: system.cpu: T0 : 0x1cb98    : c_j -376                   : IntAlu : 
1670500: system.cpu: T0 : 0x1ca20    : c_slli a5, 32              : IntAlu :  D=0x0000000100000000
1671000: system.cpu: T0 : 0x1ca22    : c_srli a5, 29              : IntAlu :  D=0x0000000000000008
1671500: system.cpu: T0 : 0x1ca24    : c_add a5, s1               : IntAlu :  D=0x000000000006f620
1672500: system.cpu: T0 : 0x1ca26    : ld s2, 16(a5)              : MemRead :  D=0x0000000000000000 A=0x6f630
1673500: system.cpu: T0 : 0x1ca2a    : beq s2, zero, 170          : IntAlu : 
1674000: system.cpu: T0 : 0x1cad4    : addiw a5, s9, -1           : IntAlu :  D=0x0000000000000002
1674500: system.cpu: T0 : 0x1cad8    : slliw a5, a5, 1            : IntAlu :  D=0x0000000000000004
1675000: system.cpu: T0 : 0x1cadc    : c_slli a5, 32              : IntAlu :  D=0x0000000400000000
1675500: system.cpu: T0 : 0x1cade    : c_srli a5, 32              : IntAlu :  D=0x0000000000000004
1676000: system.cpu: T0 : 0x1cae0    : c_addi a5, 14              : IntAlu :  D=0x0000000000000012
1676500: system.cpu: T0 : 0x1cae2    : c_slli a5, 3               : IntAlu :  D=0x0000000000000090
1677000: system.cpu: T0 : 0x1cae4    : c_j -550                   : IntAlu : 
1677500: system.cpu: T0 : 0x1c8be    : c_add a5, s1               : IntAlu :  D=0x000000000006f6a8
1678000: system.cpu: T0 : 0x1c8c0    : ld s2, 8(a5)               : MemRead :  D=0x000000000006f698 A=0x6f6b0
1678500: system.cpu: T0 : 0x1c8c4    : addi a3, a5, -16           : IntAlu :  D=0x000000000006f698
1679000: system.cpu: T0 : 0x1c8c8    : beq a3, s2, 748            : IntAlu : 
1679500: system.cpu: T0 : 0x1cbb4    : srli t1, s0, 9             : IntAlu :  D=0x0000000000000000
1680000: system.cpu: T0 : 0x1cbb8    : addiw a5, t1, 91           : IntAlu :  D=0x000000000000005b
1680500: system.cpu: T0 : 0x1cbbc    : srli s10, s0, 6            : IntAlu :  D=0x0000000000000000
1681000: system.cpu: T0 : 0x1cbc0    : c_sdsp a5, 96(sp)          : MemWrite :  D=0x000000000000005b A=0x7ffffffffffffc30
1682000: system.cpu: T0 : 0x1cbc2    : addiw a5, s10, 48          : IntAlu :  D=0x0000000000000030
1682500: system.cpu: T0 : 0x1cbc6    : c_sdsp a5, 88(sp)          : MemWrite :  D=0x0000000000000030 A=0x7ffffffffffffc28
1683000: system.cpu: T0 : 0x1cbc8    : addi a5, zero, 110         : IntAlu :  D=0x000000000000006e
1683500: system.cpu: T0 : 0x1cbcc    : c_sdsp a5, 112(sp)         : MemWrite :  D=0x000000000000006e A=0x7ffffffffffffc40
1684500: system.cpu: T0 : 0x1cbce    : addi a5, zero, 119         : IntAlu :  D=0x0000000000000077
1685000: system.cpu: T0 : 0x1cbd2    : c_sdsp a5, 104(sp)         : MemWrite :  D=0x0000000000000077 A=0x7ffffffffffffc38
1685500: system.cpu: T0 : 0x1cbd4    : addi a5, zero, 124         : IntAlu :  D=0x000000000000007c
1686000: system.cpu: T0 : 0x1cbd8    : c_sdsp s9, 8(sp)           : MemWrite :  D=0x0000000000000003 A=0x7ffffffffffffbd8
1686500: system.cpu: T0 : 0x1cbda    : c_sdsp a5, 120(sp)         : MemWrite :  D=0x000000000000007c A=0x7ffffffffffffc48
1687000: system.cpu: T0 : 0x1cbdc    : c_sdsp zero, 128(sp)       : MemWrite :  D=0x0000000000000000 A=0x7ffffffffffffc50
1687500: system.cpu: T0 : 0x1cbde    : c_sdsp zero, 136(sp)       : MemWrite :  D=0x0000000000000000 A=0x7ffffffffffffc58
1688000: system.cpu: T0 : 0x1cbe0    : ld a5, 40(tp)              : MemRead :  D=0x0000000000072f90 A=0x72738
1688500: system.cpu: T0 : 0x1cbe4    : addi s6, s0, -17           : IntAlu :  D=0x000000000000001f
1689000: system.cpu: T0 : 0x1cbe8    : srli s6, s6, 4             : IntAlu :  D=0x0000000000000001
1689500: system.cpu: T0 : 0x1cbec    : c_li s5, 0                 : IntAlu :  D=0x0000000000000000
1690000: system.cpu: T0 : 0x1cbee    : c_beqz a5, 22              : IntAlu : 
1690500: system.cpu: T0 : 0x1cbf0    : lui a5, 111                : IntAlu :  D=0x000000000006f000
1691000: system.cpu: T0 : 0x1cbf4    : ld s5, 1528(a5)            : MemRead :  D=0x0000000000000040 A=0x6f5f8
1691500: system.cpu: T0 : 0x1cbf8    : sltu s5, s6, s5            : IntAlu :  D=0x0000000000000001
1692000: system.cpu: T0 : 0x1cbfc    : sub s5, zero, s5           : IntAlu :  D=0xffffffffffffffff
1692500: system.cpu: T0 : 0x1cc00    : and s5, s0, s5             : IntAlu :  D=0x0000000000000030
1693000: system.cpu: T0 : 0x1cc04    : lui a5, 111                : IntAlu :  D=0x000000000006f000
1693500: system.cpu: T0 : 0x1cc08    : c_lui s11, 1               : IntAlu :  D=0x0000000000001000
1694500: system.cpu: T0 : 0x1cc0a    : lui s7, 111                : IntAlu :  D=0x000000000006f000
1695500: system.cpu: T0 : 0x1cc0e    : addi a5, a5, 1560          : IntAlu :  D=0x000000000006f618
1696500: system.cpu: T0 : 0x1cc12    : addi s8, s1, 96            : IntAlu :  D=0x000000000006f678
1697000: system.cpu: T0 : 0x1cc16    : c_li t5, 0                 : IntAlu :  D=0x0000000000000000
1697500: system.cpu: T0 : 0x1cc18    : addi s7, s7, 1448          : IntAlu :  D=0x000000000006f5a8
1698000: system.cpu: T0 : 0x1cc1c    : add a7, s1, s11            : IntAlu :  D=0x0000000000070618
1698500: system.cpu: T0 : 0x1cc20    : c_sdsp a5, 56(sp)          : MemWrite :  D=0x000000000006f618 A=0x7ffffffffffffc08
1699000: system.cpu: T0 : 0x1cc22    : c_ld a5, 120(s1)           : MemRead :  D=0x000000000006f678 A=0x6f690
1699500: system.cpu: T0 : 0x1cc24    : beq a5, s8, 532            : IntAlu : 
1700000: system.cpu: T0 : 0x1ce38    : addi a5, zero, 1023        : IntAlu :  D=0x00000000000003ff
1700500: system.cpu: T0 : 0x1ce3c    : bgeu a5, s0, 38            : IntAlu : 
1701000: system.cpu: T0 : 0x1ce62    : c_ldsp a3, 8(sp)           : MemRead :  D=0x0000000000000003 A=0x7ffffffffffffbd8
1701500: system.cpu: T0 : 0x1ce64    : c_li a0, 4                 : IntAlu :  D=0x0000000000000004
1702500: system.cpu: T0 : 0x1ce66    : addiw a5, a3, 1            : IntAlu :  D=0x0000000000000004
1703500: system.cpu: T0 : 0x1ce6a    : srliw a4, a5, 5            : IntAlu :  D=0x0000000000000000
1704500: system.cpu: T0 : 0x1ce6e    : slliw a3, a3, 1            : IntAlu :  D=0x0000000000000006
1705500: system.cpu: T0 : 0x1ce72    : addi a4, a4, 536           : IntAlu :  D=0x0000000000000218
1706000: system.cpu: T0 : 0x1ce76    : c_slli a3, 32              : IntAlu :  D=0x0000000600000000
1706500: system.cpu: T0 : 0x1ce78    : c_slli a4, 2               : IntAlu :  D=0x0000000000000860
1707000: system.cpu: T0 : 0x1ce7a    : c_srli a3, 32              : IntAlu :  D=0x0000000000000006
1707500: system.cpu: T0 : 0x1ce7c    : c_add a4, s1               : IntAlu :  D=0x000000000006fe78
1708000: system.cpu: T0 : 0x1ce7e    : c_slli a3, 3               : IntAlu :  D=0x0000000000000030
1708500: system.cpu: T0 : 0x1ce80    : c_lw a2, 0(a4)             : MemRead :  D=0x0000000000000000 A=0x6fe78
1709500: system.cpu: T0 : 0x1ce82    : addi a3, a3, 96            : IntAlu :  D=0x0000000000000090
1710000: system.cpu: T0 : 0x1ce86    : c_li a4, 1                 : IntAlu :  D=0x0000000000000001
1710500: system.cpu: T0 : 0x1ce88    : srliw s2, a5, 5            : IntAlu :  D=0x0000000000000000
1711000: system.cpu: T0 : 0x1ce8c    : c_add a3, s1               : IntAlu :  D=0x000000000006f6a8
1712000: system.cpu: T0 : 0x1ce8e    : sllw a5, a4, a5            : IntAlu :  D=0x0000000000000010
1713000: system.cpu: T0 : 0x1ce92    : bltu a2, a5, 144           : IntAlu : 
1714000: system.cpu: T0 : 0x1cf22    : addiw a5, s2, 1            : IntAlu :  D=0x0000000000000001
1715000: system.cpu: T0 : 0x1cf26    : addiw s2, a5, 0            : IntAlu :  D=0x0000000000000001
1716000: system.cpu: T0 : 0x1cf2a    : bne s2, a0, -26            : IntAlu : 
1716500: system.cpu: T0 : 0x1cf10    : c_slli a5, 32              : IntAlu :  D=0x0000000100000000
1717000: system.cpu: T0 : 0x1cf12    : c_srli a5, 32              : IntAlu :  D=0x0000000000000001
1717500: system.cpu: T0 : 0x1cf14    : addi a5, a5, 536           : IntAlu :  D=0x0000000000000219
1718000: system.cpu: T0 : 0x1cf18    : c_slli a5, 2               : IntAlu :  D=0x0000000000000864
1718500: system.cpu: T0 : 0x1cf1a    : c_add a5, s1               : IntAlu :  D=0x000000000006fe7c
1719000: system.cpu: T0 : 0x1cf1c    : c_lw a2, 0(a5)             : MemRead :  D=0x0000000000000000 A=0x6fe7c
1720000: system.cpu: T0 : 0x1cf1e    : bne a2, zero, 384          : IntAlu : 
1721000: system.cpu: T0 : 0x1cf22    : addiw a5, s2, 1            : IntAlu :  D=0x0000000000000002
1722000: system.cpu: T0 : 0x1cf26    : addiw s2, a5, 0            : IntAlu :  D=0x0000000000000002
1723000: system.cpu: T0 : 0x1cf2a    : bne s2, a0, -26            : IntAlu : 
1723500: system.cpu: T0 : 0x1cf10    : c_slli a5, 32              : IntAlu :  D=0x0000000200000000
1724000: system.cpu: T0 : 0x1cf12    : c_srli a5, 32              : IntAlu :  D=0x0000000000000002
1724500: system.cpu: T0 : 0x1cf14    : addi a5, a5, 536           : IntAlu :  D=0x000000000000021a
1725000: system.cpu: T0 : 0x1cf18    : c_slli a5, 2               : IntAlu :  D=0x0000000000000868
1725500: system.cpu: T0 : 0x1cf1a    : c_add a5, s1               : IntAlu :  D=0x000000000006fe80
1726000: system.cpu: T0 : 0x1cf1c    : c_lw a2, 0(a5)             : MemRead :  D=0x0000000000000000 A=0x6fe80
1727000: system.cpu: T0 : 0x1cf1e    : bne a2, zero, 384          : IntAlu : 
1728000: system.cpu: T0 : 0x1cf22    : addiw a5, s2, 1            : IntAlu :  D=0x0000000000000003
1729000: system.cpu: T0 : 0x1cf26    : addiw s2, a5, 0            : IntAlu :  D=0x0000000000000003
1730000: system.cpu: T0 : 0x1cf2a    : bne s2, a0, -26            : IntAlu : 
1730500: system.cpu: T0 : 0x1cf10    : c_slli a5, 32              : IntAlu :  D=0x0000000300000000
1731000: system.cpu: T0 : 0x1cf12    : c_srli a5, 32              : IntAlu :  D=0x0000000000000003
1731500: system.cpu: T0 : 0x1cf14    : addi a5, a5, 536           : IntAlu :  D=0x000000000000021b
1732000: system.cpu: T0 : 0x1cf18    : c_slli a5, 2               : IntAlu :  D=0x000000000000086c
1732500: system.cpu: T0 : 0x1cf1a    : c_add a5, s1               : IntAlu :  D=0x000000000006fe84
1733000: system.cpu: T0 : 0x1cf1c    : c_lw a2, 0(a5)             : MemRead :  D=0x0000000000000000 A=0x6fe84
1734000: system.cpu: T0 : 0x1cf1e    : bne a2, zero, 384          : IntAlu : 
1735000: system.cpu: T0 : 0x1cf22    : addiw a5, s2, 1            : IntAlu :  D=0x0000000000000004
1736000: system.cpu: T0 : 0x1cf26    : addiw s2, a5, 0            : IntAlu :  D=0x0000000000000004
1737000: system.cpu: T0 : 0x1cf2a    : bne s2, a0, -26            : IntAlu : 
1737500: system.cpu: T0 : 0x1cf2e    : c_ld a4, 96(s1)            : MemRead :  D=0x0000000000073240 A=0x6f678
1738000: system.cpu: T0 : 0x1cf30    : ld a3, -1912(a7)           : MemRead :  D=0x0000000000021080 A=0x6fea0
1738500: system.cpu: T0 : 0x1cf34    : c_ld a5, 8(a4)             : MemRead :  D=0x0000000000020dc1 A=0x73248
1739000: system.cpu: T0 : 0x1cf36    : c_andi a5, 18446744073709551608 : IntAlu :  D=0x0000000000020dc0
1739500: system.cpu: T0 : 0x1cf38    : bltu a3, a5, 548           : IntAlu : 
1740000: system.cpu: T0 : 0x1cf3c    : addi a3, s0, 32            : IntAlu :  D=0x0000000000000050
1740500: system.cpu: T0 : 0x1cf40    : bgeu a5, a3, 640           : IntAlu : 
1741000: system.cpu: T0 : 0x1d1c0    : add a0, a4, s0             : IntAlu :  D=0x0000000000073270
1741500: system.cpu: T0 : 0x1d1c4    : lui a2, 111                : IntAlu :  D=0x000000000006f000
1742000: system.cpu: T0 : 0x1d1c8    : c_sd a0, 96(s1)            : MemWrite :  D=0x0000000000073270 A=0x6f678
1743000: system.cpu: T0 : 0x1d1ca    : addi a2, a2, 1560          : IntAlu :  D=0x000000000006f618
1743500: system.cpu: T0 : 0x1d1ce    : c_sub a5, s0               : IntAlu :  D=0x0000000000020d90
1744000: system.cpu: T0 : 0x1d1d0    : c_li a3, 4                 : IntAlu :  D=0x0000000000000004
1745000: system.cpu: T0 : 0x1d1d2    : beq s1, a2, 116            : IntAlu : 
1745500: system.cpu: T0 : 0x1d246    : c_li a3, 0                 : IntAlu :  D=0x0000000000000000
1746000: system.cpu: T0 : 0x1d248    : c_j -114                   : IntAlu : 
1746500: system.cpu: T0 : 0x1d1d6    : c_or a3, s0                : IntAlu :  D=0x0000000000000030
1747000: system.cpu: T0 : 0x1d1d8    : ori a3, a3, 1              : IntAlu :  D=0x0000000000000031
1747500: system.cpu: T0 : 0x1d1dc    : lw a1, -1396(gp)           : MemRead :  D=0x0000000000000000 A=0x70b04
1748000: system.cpu: T0 : 0x1d1e0    : c_sd a3, 8(a4)             : MemWrite :  D=0x0000000000000031 A=0x73248
1749000: system.cpu: T0 : 0x1d1e2    : ori a5, a5, 1              : IntAlu :  D=0x0000000000020d91
1749500: system.cpu: T0 : 0x1d1e6    : c_sd a5, 8(a0)             : MemWrite :  D=0x0000000000020d91 A=0x73278
1750000: system.cpu: T0 : 0x1d1e8    : addi s2, a4, 16            : IntAlu :  D=0x0000000000073250
1750500: system.cpu: T0 : 0x1d1ec    : beq a1, zero, -1664        : IntAlu : 
1751000: system.cpu: T0 : 0x1cb6c    : c_ldsp ra, 248(sp)         : MemRead :  D=0x000000000001dcec A=0x7ffffffffffffcc8
1751500: system.cpu: T0 : 0x1cb6e    : c_ldsp s0, 240(sp)         : MemRead :  D=0x0000000000000028 A=0x7ffffffffffffcc0
1752000: system.cpu: T0 : 0x1cb70    : c_ldsp s1, 232(sp)         : MemRead :  D=0x000000000006f000 A=0x7ffffffffffffcb8
1752500: system.cpu: T0 : 0x1cb72    : c_ldsp s3, 216(sp)         : MemRead :  D=0x000000000006efc0 A=0x7ffffffffffffca8
1753000: system.cpu: T0 : 0x1cb74    : c_ldsp s4, 208(sp)         : MemRead :  D=0x0000000000070000 A=0x7ffffffffffffca0
1753500: system.cpu: T0 : 0x1cb76    : c_ldsp s5, 200(sp)         : MemRead :  D=0x0000000000072000 A=0x7ffffffffffffc98
1754000: system.cpu: T0 : 0x1cb78    : c_ldsp s6, 192(sp)         : MemRead :  D=0x0000000000072000 A=0x7ffffffffffffc90
1754500: system.cpu: T0 : 0x1cb7a    : c_ldsp s7, 184(sp)         : MemRead :  D=0x0000000000000000 A=0x7ffffffffffffc88
1755000: system.cpu: T0 : 0x1cb7c    : c_ldsp s8, 176(sp)         : MemRead :  D=0x0000000000000000 A=0x7ffffffffffffc80
1755500: system.cpu: T0 : 0x1cb7e    : c_ldsp s9, 168(sp)         : MemRead :  D=0x0000000000000000 A=0x7ffffffffffffc78
1756000: system.cpu: T0 : 0x1cb80    : c_ldsp s10, 160(sp)        : MemRead :  D=0x0000000000000000 A=0x7ffffffffffffc70
1756500: system.cpu: T0 : 0x1cb82    : c_ldsp s11, 152(sp)        : MemRead :  D=0x0000000000000000 A=0x7ffffffffffffc68
1757000: system.cpu: T0 : 0x1cb84    : c_mv a0, s2                : IntAlu :  D=0x0000000000073250
1757500: system.cpu: T0 : 0x1cb86    : c_ldsp s2, 224(sp)         : MemRead :  D=0x0000000000000000 A=0x7ffffffffffffcb0
1758000: system.cpu: T0 : 0x1cb88    : c_addi16sp sp, 256         : IntAlu :  D=0x7ffffffffffffcd0
1758500: system.cpu: T0 : 0x1cb8a    : c_jr ra                    : IntAlu : 
1759000: system.cpu: T0 : 0x1dcec    : c_mv a5, a0                : IntAlu :  D=0x0000000000073250
1759500: system.cpu: T0 : 0x1dcee    : c_beqz a0, 150             : IntAlu : 
1760000: system.cpu: T0 : 0x1dcf0    : ld a4, -8(a0)              : MemRead :  D=0x0000000000000031 A=0x73248
1760500: system.cpu: T0 : 0x1dcf4    : andi a3, a4, 2             : IntAlu :  D=0x0000000000000000
1761000: system.cpu: T0 : 0x1dcf8    : c_bnez a3, 26              : IntAlu : 
1761500: system.cpu: T0 : 0x1dcfa    : c_andi a4, 4               : IntAlu :  D=0x0000000000000000
1762000: system.cpu: T0 : 0x1dcfc    : c_beqz a4, 22              : IntAlu : 
1762500: system.cpu: T0 : 0x1dd12    : c_ldsp ra, 24(sp)          : MemRead :  D=0x000000000003b2be A=0x7ffffffffffffce8
1763000: system.cpu: T0 : 0x1dd14    : c_ldsp s0, 16(sp)          : MemRead :  D=0x7ffffffffffffd30 A=0x7ffffffffffffce0
1763500: system.cpu: T0 : 0x1dd16    : c_ldsp s1, 8(sp)           : MemRead :  D=0x000000000006feb0 A=0x7ffffffffffffcd8
1764000: system.cpu: T0 : 0x1dd18    : c_ldsp s2, 0(sp)           : MemRead :  D=0x0000000000000000 A=0x7ffffffffffffcd0
1764500: system.cpu: T0 : 0x1dd1a    : c_mv a0, a5                : IntAlu :  D=0x0000000000073250
1765000: system.cpu: T0 : 0x1dd1c    : c_addi16sp sp, 32          : IntAlu :  D=0x7ffffffffffffcf0
1765500: system.cpu: T0 : 0x1dd1e    : c_jr ra                    : IntAlu : 
1766500: system.cpu: T0 : 0x3b2be    : sd a0, 32(s3)              : MemWrite :  D=0x0000000000073250 A=0x6efe0
1767500: system.cpu: T0 : 0x3b2c2    : beq a0, zero, 382          : IntAlu : 
1768500: system.cpu: T0 : 0x3b2c6    : ld s1, 16(s3)              : MemRead :  D=0x0000000000000002 A=0x6efd0
1769500: system.cpu: T0 : 0x3b2ca    : addi a7, zero, 40          : IntAlu :  D=0x0000000000000028
1770000: system.cpu: T0 : 0x3b2ce    : c_mv s5, a0                : IntAlu :  D=0x0000000000073250
1770500: system.cpu: T0 : 0x3b2d0    : slli s4, s1, 2             : IntAlu :  D=0x0000000000000008
1771000: system.cpu: T0 : 0x3b2d4    : addi s4, s4, 79            : IntAlu :  D=0x0000000000000057
1771500: system.cpu: T0 : 0x3b2d8    : divu s4, s4, a7            : IntDiv :  D=0x0000000000000002
1772000: system.cpu: T0 : 0x3b2dc    : slli a7, s4, 2             : IntAlu :  D=0x0000000000000008
1772500: system.cpu: T0 : 0x3b2e0    : c_add s4, a7               : IntAlu :  D=0x000000000000000a
1773500: system.cpu: T0 : 0x3b2e2    : slli a0, s4, 5             : IntAlu :  D=0x0000000000000140
1774500: system.cpu: T0 : 0x3b2e6    : jal ra, -120388            : IntAlu :  D=0x000000000003b2ea
1775500: system.cpu: T0 : 0x1dca2    : ld t1, -1848(gp)           : MemRead :  D=0x0000000000000000 A=0x70940
1776500: system.cpu: T0 : 0x1dca6    : bne t1, zero, 260          : IntAlu : 
1777000: system.cpu: T0 : 0x1dcaa    : c_addi sp, -32             : IntAlu :  D=0x7ffffffffffffcd0
1777500: system.cpu: T0 : 0x1dcac    : c_sdsp s0, 16(sp)          : MemWrite :  D=0x7ffffffffffffd30 A=0x7ffffffffffffce0
1778000: system.cpu: T0 : 0x1dcae    : c_sdsp ra, 24(sp)          : MemWrite :  D=0x000000000003b2ea A=0x7ffffffffffffce8
1778500: system.cpu: T0 : 0x1dcb0    : c_sdsp s1, 8(sp)           : MemWrite :  D=0x0000000000000002 A=0x7ffffffffffffcd8
1779000: system.cpu: T0 : 0x1dcb2    : c_sdsp s2, 0(sp)           : MemWrite :  D=0x0000000000000000 A=0x7ffffffffffffcd0
1779500: system.cpu: T0 : 0x1dcb4    : c_mv s0, a0                : IntAlu :  D=0x0000000000000140
1780500: system.cpu: T0 : 0x1dcb6    : blt a0, zero, 222          : IntAlu : 
1781500: system.cpu: T0 : 0x1dcba    : addi a5, a0, 23            : IntAlu :  D=0x0000000000000157
1782000: system.cpu: T0 : 0x1dcbe    : c_li a4, 31                : IntAlu :  D=0x000000000000001f
1782500: system.cpu: T0 : 0x1dcc0    : c_li s1, 0                 : IntAlu :  D=0x0000000000000000
1783500: system.cpu: T0 : 0x1dcc2    : bltu a4, a5, 94            : IntAlu : 
1784000: system.cpu: T0 : 0x1dd20    : c_andi a5, 18446744073709551600 : IntAlu :  D=0x0000000000000150
1784500: system.cpu: T0 : 0x1dd22    : c_addi a5, -17             : IntAlu :  D=0x000000000000013f
1785000: system.cpu: T0 : 0x1dd24    : srli s1, a5, 4             : IntAlu :  D=0x0000000000000013
1785500: system.cpu: T0 : 0x1dd28    : c_j -98                    : IntAlu : 
1786500: system.cpu: T0 : 0x1dcc6    : ld a4, 40(tp)              : MemRead :  D=0x0000000000072f90 A=0x72738
1787000: system.cpu: T0 : 0x1dcca    : c_beqz a4, 96              : IntAlu : 
1787500: system.cpu: T0 : 0x1dccc    : lui a5, 111                : IntAlu :  D=0x000000000006f000
1788000: system.cpu: T0 : 0x1dcd0    : ld a5, 1528(a5)            : MemRead :  D=0x0000000000000040 A=0x6f5f8
1788500: system.cpu: T0 : 0x1dcd4    : bltu s1, a5, 114           : IntAlu : 
1789500: system.cpu: T0 : 0x1dd46    : slli a3, s1, 1             : IntAlu :  D=0x0000000000000026
1790000: system.cpu: T0 : 0x1dd4a    : c_add a3, a4               : IntAlu :  D=0x0000000000072fb6
1790500: system.cpu: T0 : 0x1dd4c    : lhu a2, 0(a3)              : MemRead :  D=0x0000000000000000 A=0x72fb6
1791000: system.cpu: T0 : 0x1dd50    : c_beqz a2, -120            : IntAlu : 
1791500: system.cpu: T0 : 0x1dcd8    : lw a5, -1808(tp)           : MemRead :  D=0x0000000000000000 A=0x72000
1792000: system.cpu: T0 : 0x1dcdc    : c_bnez a5, 210             : IntAlu : 
1793000: system.cpu: T0 : 0x1dcde    : lui s1, 111                : IntAlu :  D=0x000000000006f000
1793500: system.cpu: T0 : 0x1dce2    : c_mv a1, s0                : IntAlu :  D=0x0000000000000140
1794000: system.cpu: T0 : 0x1dce4    : addi a0, s1, 1560          : IntAlu :  D=0x000000000006f618
1794500: system.cpu: T0 : 0x1dce8    : jal ra, -5230              : IntAlu :  D=0x000000000001dcec
1795000: system.cpu: T0 : 0x1c87a    : c_addi16sp sp, -256        : IntAlu :  D=0x7ffffffffffffbd0
1795500: system.cpu: T0 : 0x1c87c    : c_sdsp ra, 248(sp)         : MemWrite :  D=0x000000000001dcec A=0x7ffffffffffffcc8
1796000: system.cpu: T0 : 0x1c87e    : c_sdsp s0, 240(sp)         : MemWrite :  D=0x0000000000000140 A=0x7ffffffffffffcc0
1796500: system.cpu: T0 : 0x1c880    : c_sdsp s1, 232(sp)         : MemWrite :  D=0x000000000006f000 A=0x7ffffffffffffcb8
1797000: system.cpu: T0 : 0x1c882    : c_sdsp s2, 224(sp)         : MemWrite :  D=0x0000000000000000 A=0x7ffffffffffffcb0
1797500: system.cpu: T0 : 0x1c884    : c_sdsp s3, 216(sp)         : MemWrite :  D=0x000000000006efc0 A=0x7ffffffffffffca8
1798000: system.cpu: T0 : 0x1c886    : c_sdsp s4, 208(sp)         : MemWrite :  D=0x000000000000000a A=0x7ffffffffffffca0
1798500: system.cpu: T0 : 0x1c888    : c_sdsp s5, 200(sp)         : MemWrite :  D=0x0000000000073250 A=0x7ffffffffffffc98
1799000: system.cpu: T0 : 0x1c88a    : c_sdsp s6, 192(sp)         : MemWrite :  D=0x0000000000072000 A=0x7ffffffffffffc90
1799500: system.cpu: T0 : 0x1c88c    : c_sdsp s7, 184(sp)         : MemWrite :  D=0x0000000000000000 A=0x7ffffffffffffc88
1800000: system.cpu: T0 : 0x1c88e    : c_sdsp s8, 176(sp)         : MemWrite :  D=0x0000000000000000 A=0x7ffffffffffffc80
1800500: system.cpu: T0 : 0x1c890    : c_sdsp s9, 168(sp)         : MemWrite :  D=0x0000000000000000 A=0x7ffffffffffffc78
1801000: system.cpu: T0 : 0x1c892    : c_sdsp s10, 160(sp)        : MemWrite :  D=0x0000000000000000 A=0x7ffffffffffffc70
1801500: system.cpu: T0 : 0x1c894    : c_sdsp s11, 152(sp)        : MemWrite :  D=0x0000000000000000 A=0x7ffffffffffffc68
1802500: system.cpu: T0 : 0x1c896    : blt a1, zero, 1198         : IntAlu : 
1803500: system.cpu: T0 : 0x1c89a    : addi s0, a1, 23            : IntAlu :  D=0x0000000000000157
1804000: system.cpu: T0 : 0x1c89e    : c_li a5, 31                : IntAlu :  D=0x000000000000001f
1804500: system.cpu: T0 : 0x1c8a0    : c_mv s3, a1                : IntAlu :  D=0x0000000000000140
1805000: system.cpu: T0 : 0x1c8a2    : c_mv s1, a0                : IntAlu :  D=0x000000000006f618
1805500: system.cpu: T0 : 0x1c8a4    : bltu a5, s0, 220           : IntAlu : 
1806000: system.cpu: T0 : 0x1c980    : c_andi s0, 18446744073709551600 : IntAlu :  D=0x0000000000000150
1807000: system.cpu: T0 : 0x1c982    : beq a0, zero, 988          : IntAlu : 
1808000: system.cpu: T0 : 0x1c986    : ld a4, -1376(gp)           : MemRead :  D=0x0000000000000080 A=0x70b18
1809000: system.cpu: T0 : 0x1c98a    : srliw s9, s0, 4            : IntAlu :  D=0x0000000000000015
1810000: system.cpu: T0 : 0x1c98e    : srliw a5, s0, 4            : IntAlu :  D=0x0000000000000015
1811000: system.cpu: T0 : 0x1c992    : bgeu a4, s0, 506           : IntAlu : 
1812000: system.cpu: T0 : 0x1c996    : addi a4, zero, 1023        : IntAlu :  D=0x00000000000003ff
1813000: system.cpu: T0 : 0x1c99a    : bgeu a4, s0, 1722          : IntAlu : 
1813500: system.cpu: T0 : 0x1d054    : c_addiw a5, -1             : IntAlu :  D=0x0000000000000014
1814000: system.cpu: T0 : 0x1d056    : c_j -1406                  : IntAlu : 
1814500: system.cpu: T0 : 0x1cad8    : slliw a5, a5, 1            : IntAlu :  D=0x0000000000000028
1815000: system.cpu: T0 : 0x1cadc    : c_slli a5, 32              : IntAlu :  D=0x0000002800000000
1815500: system.cpu: T0 : 0x1cade    : c_srli a5, 32              : IntAlu :  D=0x0000000000000028
1816000: system.cpu: T0 : 0x1cae0    : c_addi a5, 14              : IntAlu :  D=0x0000000000000036
1816500: system.cpu: T0 : 0x1cae2    : c_slli a5, 3               : IntAlu :  D=0x00000000000001b0
1817000: system.cpu: T0 : 0x1cae4    : c_j -550                   : IntAlu : 
1817500: system.cpu: T0 : 0x1c8be    : c_add a5, s1               : IntAlu :  D=0x000000000006f7c8
1818000: system.cpu: T0 : 0x1c8c0    : ld s2, 8(a5)               : MemRead :  D=0x000000000006f7b8 A=0x6f7d0
1818500: system.cpu: T0 : 0x1c8c4    : addi a3, a5, -16           : IntAlu :  D=0x000000000006f7b8
1819000: system.cpu: T0 : 0x1c8c8    : beq a3, s2, 748            : IntAlu : 
1819500: system.cpu: T0 : 0x1cbb4    : srli t1, s0, 9             : IntAlu :  D=0x0000000000000000
1820000: system.cpu: T0 : 0x1cbb8    : addiw a5, t1, 91           : IntAlu :  D=0x000000000000005b
1820500: system.cpu: T0 : 0x1cbbc    : srli s10, s0, 6            : IntAlu :  D=0x0000000000000005
1821000: system.cpu: T0 : 0x1cbc0    : c_sdsp a5, 96(sp)          : MemWrite :  D=0x000000000000005b A=0x7ffffffffffffc30
1822000: system.cpu: T0 : 0x1cbc2    : addiw a5, s10, 48          : IntAlu :  D=0x0000000000000035
1822500: system.cpu: T0 : 0x1cbc6    : c_sdsp a5, 88(sp)          : MemWrite :  D=0x0000000000000035 A=0x7ffffffffffffc28
1823000: system.cpu: T0 : 0x1cbc8    : addi a5, zero, 110         : IntAlu :  D=0x000000000000006e
1823500: system.cpu: T0 : 0x1cbcc    : c_sdsp a5, 112(sp)         : MemWrite :  D=0x000000000000006e A=0x7ffffffffffffc40
1824500: system.cpu: T0 : 0x1cbce    : addi a5, zero, 119         : IntAlu :  D=0x0000000000000077
1825000: system.cpu: T0 : 0x1cbd2    : c_sdsp a5, 104(sp)         : MemWrite :  D=0x0000000000000077 A=0x7ffffffffffffc38
1825500: system.cpu: T0 : 0x1cbd4    : addi a5, zero, 124         : IntAlu :  D=0x000000000000007c
1826000: system.cpu: T0 : 0x1cbd8    : c_sdsp s9, 8(sp)           : MemWrite :  D=0x0000000000000015 A=0x7ffffffffffffbd8
1826500: system.cpu: T0 : 0x1cbda    : c_sdsp a5, 120(sp)         : MemWrite :  D=0x000000000000007c A=0x7ffffffffffffc48
1827000: system.cpu: T0 : 0x1cbdc    : c_sdsp zero, 128(sp)       : MemWrite :  D=0x0000000000000000 A=0x7ffffffffffffc50
1827500: system.cpu: T0 : 0x1cbde    : c_sdsp zero, 136(sp)       : MemWrite :  D=0x0000000000000000 A=0x7ffffffffffffc58
1828000: system.cpu: T0 : 0x1cbe0    : ld a5, 40(tp)              : MemRead :  D=0x0000000000072f90 A=0x72738
1828500: system.cpu: T0 : 0x1cbe4    : addi s6, s0, -17           : IntAlu :  D=0x000000000000013f
1829000: system.cpu: T0 : 0x1cbe8    : srli s6, s6, 4             : IntAlu :  D=0x0000000000000013
1829500: system.cpu: T0 : 0x1cbec    : c_li s5, 0                 : IntAlu :  D=0x0000000000000000
1830000: system.cpu: T0 : 0x1cbee    : c_beqz a5, 22              : IntAlu : 
1830500: system.cpu: T0 : 0x1cbf0    : lui a5, 111                : IntAlu :  D=0x000000000006f000
1831000: system.cpu: T0 : 0x1cbf4    : ld s5, 1528(a5)            : MemRead :  D=0x0000000000000040 A=0x6f5f8
1831500: system.cpu: T0 : 0x1cbf8    : sltu s5, s6, s5            : IntAlu :  D=0x0000000000000001
1832000: system.cpu: T0 : 0x1cbfc    : sub s5, zero, s5           : IntAlu :  D=0xffffffffffffffff
1832500: system.cpu: T0 : 0x1cc00    : and s5, s0, s5             : IntAlu :  D=0x0000000000000150
1833000: system.cpu: T0 : 0x1cc04    : lui a5, 111                : IntAlu :  D=0x000000000006f000
1833500: system.cpu: T0 : 0x1cc08    : c_lui s11, 1               : IntAlu :  D=0x0000000000001000
1834500: system.cpu: T0 : 0x1cc0a    : lui s7, 111                : IntAlu :  D=0x000000000006f000
1835500: system.cpu: T0 : 0x1cc0e    : addi a5, a5, 1560          : IntAlu :  D=0x000000000006f618
1836500: system.cpu: T0 : 0x1cc12    : addi s8, s1, 96            : IntAlu :  D=0x000000000006f678
1837000: system.cpu: T0 : 0x1cc16    : c_li t5, 0                 : IntAlu :  D=0x0000000000000000
1837500: system.cpu: T0 : 0x1cc18    : addi s7, s7, 1448          : IntAlu :  D=0x000000000006f5a8
1838000: system.cpu: T0 : 0x1cc1c    : add a7, s1, s11            : IntAlu :  D=0x0000000000070618
1838500: system.cpu: T0 : 0x1cc20    : c_sdsp a5, 56(sp)          : MemWrite :  D=0x000000000006f618 A=0x7ffffffffffffc08
1839000: system.cpu: T0 : 0x1cc22    : c_ld a5, 120(s1)           : MemRead :  D=0x000000000006f678 A=0x6f690
1839500: system.cpu: T0 : 0x1cc24    : beq a5, s8, 532            : IntAlu : 
1840000: system.cpu: T0 : 0x1ce38    : addi a5, zero, 1023        : IntAlu :  D=0x00000000000003ff
1840500: system.cpu: T0 : 0x1ce3c    : bgeu a5, s0, 38            : IntAlu : 
1841000: system.cpu: T0 : 0x1ce62    : c_ldsp a3, 8(sp)           : MemRead :  D=0x0000000000000015 A=0x7ffffffffffffbd8
1841500: system.cpu: T0 : 0x1ce64    : c_li a0, 4                 : IntAlu :  D=0x0000000000000004
1842500: system.cpu: T0 : 0x1ce66    : addiw a5, a3, 1            : IntAlu :  D=0x0000000000000016
1843500: system.cpu: T0 : 0x1ce6a    : srliw a4, a5, 5            : IntAlu :  D=0x0000000000000000
1844500: system.cpu: T0 : 0x1ce6e    : slliw a3, a3, 1            : IntAlu :  D=0x000000000000002a
1845500: system.cpu: T0 : 0x1ce72    : addi a4, a4, 536           : IntAlu :  D=0x0000000000000218
1846000: system.cpu: T0 : 0x1ce76    : c_slli a3, 32              : IntAlu :  D=0x0000002a00000000
1846500: system.cpu: T0 : 0x1ce78    : c_slli a4, 2               : IntAlu :  D=0x0000000000000860
1847000: system.cpu: T0 : 0x1ce7a    : c_srli a3, 32              : IntAlu :  D=0x000000000000002a
1847500: system.cpu: T0 : 0x1ce7c    : c_add a4, s1               : IntAlu :  D=0x000000000006fe78
1848000: system.cpu: T0 : 0x1ce7e    : c_slli a3, 3               : IntAlu :  D=0x0000000000000150
1848500: system.cpu: T0 : 0x1ce80    : c_lw a2, 0(a4)             : MemRead :  D=0x0000000000000000 A=0x6fe78
1849500: system.cpu: T0 : 0x1ce82    : addi a3, a3, 96            : IntAlu :  D=0x00000000000001b0
1850000: system.cpu: T0 : 0x1ce86    : c_li a4, 1                 : IntAlu :  D=0x0000000000000001
1850500: system.cpu: T0 : 0x1ce88    : srliw s2, a5, 5            : IntAlu :  D=0x0000000000000000
1851000: system.cpu: T0 : 0x1ce8c    : c_add a3, s1               : IntAlu :  D=0x000000000006f7c8
1852000: system.cpu: T0 : 0x1ce8e    : sllw a5, a4, a5            : IntAlu :  D=0x0000000000400000
1853000: system.cpu: T0 : 0x1ce92    : bltu a2, a5, 144           : IntAlu : 
1854000: system.cpu: T0 : 0x1cf22    : addiw a5, s2, 1            : IntAlu :  D=0x0000000000000001
1855000: system.cpu: T0 : 0x1cf26    : addiw s2, a5, 0            : IntAlu :  D=0x0000000000000001
1856000: system.cpu: T0 : 0x1cf2a    : bne s2, a0, -26            : IntAlu : 
1856500: system.cpu: T0 : 0x1cf10    : c_slli a5, 32              : IntAlu :  D=0x0000000100000000
1857000: system.cpu: T0 : 0x1cf12    : c_srli a5, 32              : IntAlu :  D=0x0000000000000001
1857500: system.cpu: T0 : 0x1cf14    : addi a5, a5, 536           : IntAlu :  D=0x0000000000000219
1858000: system.cpu: T0 : 0x1cf18    : c_slli a5, 2               : IntAlu :  D=0x0000000000000864
1858500: system.cpu: T0 : 0x1cf1a    : c_add a5, s1               : IntAlu :  D=0x000000000006fe7c
1859000: system.cpu: T0 : 0x1cf1c    : c_lw a2, 0(a5)             : MemRead :  D=0x0000000000000000 A=0x6fe7c
1860000: system.cpu: T0 : 0x1cf1e    : bne a2, zero, 384          : IntAlu : 
1861000: system.cpu: T0 : 0x1cf22    : addiw a5, s2, 1            : IntAlu :  D=0x0000000000000002
1862000: system.cpu: T0 : 0x1cf26    : addiw s2, a5, 0            : IntAlu :  D=0x0000000000000002
1863000: system.cpu: T0 : 0x1cf2a    : bne s2, a0, -26            : IntAlu : 
1863500: system.cpu: T0 : 0x1cf10    : c_slli a5, 32              : IntAlu :  D=0x0000000200000000
1864000: system.cpu: T0 : 0x1cf12    : c_srli a5, 32              : IntAlu :  D=0x0000000000000002
1864500: system.cpu: T0 : 0x1cf14    : addi a5, a5, 536           : IntAlu :  D=0x000000000000021a
1865000: system.cpu: T0 : 0x1cf18    : c_slli a5, 2               : IntAlu :  D=0x0000000000000868
1865500: system.cpu: T0 : 0x1cf1a    : c_add a5, s1               : IntAlu :  D=0x000000000006fe80
1866000: system.cpu: T0 : 0x1cf1c    : c_lw a2, 0(a5)             : MemRead :  D=0x0000000000000000 A=0x6fe80
1867000: system.cpu: T0 : 0x1cf1e    : bne a2, zero, 384          : IntAlu : 
1868000: system.cpu: T0 : 0x1cf22    : addiw a5, s2, 1            : IntAlu :  D=0x0000000000000003
1869000: system.cpu: T0 : 0x1cf26    : addiw s2, a5, 0            : IntAlu :  D=0x0000000000000003
1870000: system.cpu: T0 : 0x1cf2a    : bne s2, a0, -26            : IntAlu : 
1870500: system.cpu: T0 : 0x1cf10    : c_slli a5, 32              : IntAlu :  D=0x0000000300000000
1871000: system.cpu: T0 : 0x1cf12    : c_srli a5, 32              : IntAlu :  D=0x0000000000000003
1871500: system.cpu: T0 : 0x1cf14    : addi a5, a5, 536           : IntAlu :  D=0x000000000000021b
1872000: system.cpu: T0 : 0x1cf18    : c_slli a5, 2               : IntAlu :  D=0x000000000000086c
1872500: system.cpu: T0 : 0x1cf1a    : c_add a5, s1               : IntAlu :  D=0x000000000006fe84
1873000: system.cpu: T0 : 0x1cf1c    : c_lw a2, 0(a5)             : MemRead :  D=0x0000000000000000 A=0x6fe84
1874000: system.cpu: T0 : 0x1cf1e    : bne a2, zero, 384          : IntAlu : 
1875000: system.cpu: T0 : 0x1cf22    : addiw a5, s2, 1            : IntAlu :  D=0x0000000000000004
1876000: system.cpu: T0 : 0x1cf26    : addiw s2, a5, 0            : IntAlu :  D=0x0000000000000004
1877000: system.cpu: T0 : 0x1cf2a    : bne s2, a0, -26            : IntAlu : 
1877500: system.cpu: T0 : 0x1cf2e    : c_ld a4, 96(s1)            : MemRead :  D=0x0000000000073270 A=0x6f678
1878000: system.cpu: T0 : 0x1cf30    : ld a3, -1912(a7)           : MemRead :  D=0x0000000000021080 A=0x6fea0
1878500: system.cpu: T0 : 0x1cf34    : c_ld a5, 8(a4)             : MemRead :  D=0x0000000000020d91 A=0x73278
1879000: system.cpu: T0 : 0x1cf36    : c_andi a5, 18446744073709551608 : IntAlu :  D=0x0000000000020d90
1879500: system.cpu: T0 : 0x1cf38    : bltu a3, a5, 548           : IntAlu : 
1880000: system.cpu: T0 : 0x1cf3c    : addi a3, s0, 32            : IntAlu :  D=0x0000000000000170
1880500: system.cpu: T0 : 0x1cf40    : bgeu a5, a3, 640           : IntAlu : 
1881000: system.cpu: T0 : 0x1d1c0    : add a0, a4, s0             : IntAlu :  D=0x00000000000733c0
1881500: system.cpu: T0 : 0x1d1c4    : lui a2, 111                : IntAlu :  D=0x000000000006f000
1882000: system.cpu: T0 : 0x1d1c8    : c_sd a0, 96(s1)            : MemWrite :  D=0x00000000000733c0 A=0x6f678
1883000: system.cpu: T0 : 0x1d1ca    : addi a2, a2, 1560          : IntAlu :  D=0x000000000006f618
1883500: system.cpu: T0 : 0x1d1ce    : c_sub a5, s0               : IntAlu :  D=0x0000000000020c40
1884000: system.cpu: T0 : 0x1d1d0    : c_li a3, 4                 : IntAlu :  D=0x0000000000000004
1885000: system.cpu: T0 : 0x1d1d2    : beq s1, a2, 116            : IntAlu : 
1885500: system.cpu: T0 : 0x1d246    : c_li a3, 0                 : IntAlu :  D=0x0000000000000000
1886000: system.cpu: T0 : 0x1d248    : c_j -114                   : IntAlu : 
1886500: system.cpu: T0 : 0x1d1d6    : c_or a3, s0                : IntAlu :  D=0x0000000000000150
1887000: system.cpu: T0 : 0x1d1d8    : ori a3, a3, 1              : IntAlu :  D=0x0000000000000151
1887500: system.cpu: T0 : 0x1d1dc    : lw a1, -1396(gp)           : MemRead :  D=0x0000000000000000 A=0x70b04
1888000: system.cpu: T0 : 0x1d1e0    : c_sd a3, 8(a4)             : MemWrite :  D=0x0000000000000151 A=0x73278
1889000: system.cpu: T0 : 0x1d1e2    : ori a5, a5, 1              : IntAlu :  D=0x0000000000020c41
1889500: system.cpu: T0 : 0x1d1e6    : c_sd a5, 8(a0)             : MemWrite :  D=0x0000000000020c41 A=0x733c8
1890000: system.cpu: T0 : 0x1d1e8    : addi s2, a4, 16            : IntAlu :  D=0x0000000000073280
1890500: system.cpu: T0 : 0x1d1ec    : beq a1, zero, -1664        : IntAlu : 
1891000: system.cpu: T0 : 0x1cb6c    : c_ldsp ra, 248(sp)         : MemRead :  D=0x000000000001dcec A=0x7ffffffffffffcc8
1891500: system.cpu: T0 : 0x1cb6e    : c_ldsp s0, 240(sp)         : MemRead :  D=0x0000000000000140 A=0x7ffffffffffffcc0
1892000: system.cpu: T0 : 0x1cb70    : c_ldsp s1, 232(sp)         : MemRead :  D=0x000000000006f000 A=0x7ffffffffffffcb8
1892500: system.cpu: T0 : 0x1cb72    : c_ldsp s3, 216(sp)         : MemRead :  D=0x000000000006efc0 A=0x7ffffffffffffca8
1893000: system.cpu: T0 : 0x1cb74    : c_ldsp s4, 208(sp)         : MemRead :  D=0x000000000000000a A=0x7ffffffffffffca0
1893500: system.cpu: T0 : 0x1cb76    : c_ldsp s5, 200(sp)         : MemRead :  D=0x0000000000073250 A=0x7ffffffffffffc98
1894000: system.cpu: T0 : 0x1cb78    : c_ldsp s6, 192(sp)         : MemRead :  D=0x0000000000072000 A=0x7ffffffffffffc90
1894500: system.cpu: T0 : 0x1cb7a    : c_ldsp s7, 184(sp)         : MemRead :  D=0x0000000000000000 A=0x7ffffffffffffc88
1895000: system.cpu: T0 : 0x1cb7c    : c_ldsp s8, 176(sp)         : MemRead :  D=0x0000000000000000 A=0x7ffffffffffffc80
1895500: system.cpu: T0 : 0x1cb7e    : c_ldsp s9, 168(sp)         : MemRead :  D=0x0000000000000000 A=0x7ffffffffffffc78
1896000: system.cpu: T0 : 0x1cb80    : c_ldsp s10, 160(sp)        : MemRead :  D=0x0000000000000000 A=0x7ffffffffffffc70
1896500: system.cpu: T0 : 0x1cb82    : c_ldsp s11, 152(sp)        : MemRead :  D=0x0000000000000000 A=0x7ffffffffffffc68
1897000: system.cpu: T0 : 0x1cb84    : c_mv a0, s2                : IntAlu :  D=0x0000000000073280
1897500: system.cpu: T0 : 0x1cb86    : c_ldsp s2, 224(sp)         : MemRead :  D=0x0000000000000000 A=0x7ffffffffffffcb0
1898000: system.cpu: T0 : 0x1cb88    : c_addi16sp sp, 256         : IntAlu :  D=0x7ffffffffffffcd0
1898500: system.cpu: T0 : 0x1cb8a    : c_jr ra                    : IntAlu : 
1899000: system.cpu: T0 : 0x1dcec    : c_mv a5, a0                : IntAlu :  D=0x0000000000073280
1899500: system.cpu: T0 : 0x1dcee    : c_beqz a0, 150             : IntAlu : 
1900000: system.cpu: T0 : 0x1dcf0    : ld a4, -8(a0)              : MemRead :  D=0x0000000000000151 A=0x73278
1900500: system.cpu: T0 : 0x1dcf4    : andi a3, a4, 2             : IntAlu :  D=0x0000000000000000
1901000: system.cpu: T0 : 0x1dcf8    : c_bnez a3, 26              : IntAlu : 
1901500: system.cpu: T0 : 0x1dcfa    : c_andi a4, 4               : IntAlu :  D=0x0000000000000000
1902000: system.cpu: T0 : 0x1dcfc    : c_beqz a4, 22              : IntAlu : 
1902500: system.cpu: T0 : 0x1dd12    : c_ldsp ra, 24(sp)          : MemRead :  D=0x000000000003b2ea A=0x7ffffffffffffce8
1903000: system.cpu: T0 : 0x1dd14    : c_ldsp s0, 16(sp)          : MemRead :  D=0x7ffffffffffffd30 A=0x7ffffffffffffce0
1903500: system.cpu: T0 : 0x1dd16    : c_ldsp s1, 8(sp)           : MemRead :  D=0x0000000000000002 A=0x7ffffffffffffcd8
1904000: system.cpu: T0 : 0x1dd18    : c_ldsp s2, 0(sp)           : MemRead :  D=0x0000000000000000 A=0x7ffffffffffffcd0
1904500: system.cpu: T0 : 0x1dd1a    : c_mv a0, a5                : IntAlu :  D=0x0000000000073280
1905000: system.cpu: T0 : 0x1dd1c    : c_addi16sp sp, 32          : IntAlu :  D=0x7ffffffffffffcf0
1905500: system.cpu: T0 : 0x1dd1e    : c_jr ra                    : IntAlu : 
1906500: system.cpu: T0 : 0x3b2ea    : sd a0, 0(s5)               : MemWrite :  D=0x0000000000073280 A=0x73250
1907000: system.cpu: T0 : 0x3b2ee    : c_mv a2, a0                : IntAlu :  D=0x0000000000073280
1907500: system.cpu: T0 : 0x3b2f0    : beq a0, zero, 386          : IntAlu : 
1908000: system.cpu: T0 : 0x3b2f4    : lui a5, 114                : IntAlu :  D=0x0000000000072000
1908500: system.cpu: T0 : 0x3b2f8    : lui a3, 98                 : IntAlu :  D=0x0000000000062000
1909000: system.cpu: T0 : 0x3b2fc    : lui a0, 98                 : IntAlu :  D=0x0000000000062000
1909500: system.cpu: T0 : 0x3b300    : addi a3, a3, -1152         : IntAlu :  D=0x0000000000061b80
1910000: system.cpu: T0 : 0x3b304    : addi a0, a0, -1600         : IntAlu :  D=0x00000000000619c0
1910500: system.cpu: T0 : 0x3b308    : sd a2, -304(a5)            : MemWrite :  D=0x0000000000073280 A=0x71ed0
1911000: system.cpu: T0 : 0x3b30c    : c_li a5, 23                : IntAlu :  D=0x0000000000000017
1911500: system.cpu: T0 : 0x3b30e    : c_sd a3, 24(a2)            : MemWrite :  D=0x0000000000061b80 A=0x73298
1912000: system.cpu: T0 : 0x3b310    : addi a6, a3, 72            : IntAlu :  D=0x0000000000061bc8
1912500: system.cpu: T0 : 0x3b314    : sw zero, 40(s3)            : MemWrite :  D=0x0000000000000000 A=0x6efe8
1913000: system.cpu: T0 : 0x3b318    : addi a1, s5, 8             : IntAlu :  D=0x0000000000073258
1913500: system.cpu: T0 : 0x3b31c    : c_sd a0, 8(a2)             : MemWrite :  D=0x00000000000619c0 A=0x73288
1914500: system.cpu: T0 : 0x3b31e    : sd zero, 16(a2)            : MemWrite :  D=0x0000000000000000 A=0x73290
1915000: system.cpu: T0 : 0x3b322    : c_sd a5, 32(a2)            : MemWrite :  D=0x0000000000000017 A=0x732a0
1915500: system.cpu: T0 : 0x3b324    : slli a7, s4, 3             : IntAlu :  D=0x0000000000000050
1916000: system.cpu: T0 : 0x3b328    : addi t3, s5, 32            : IntAlu :  D=0x0000000000073270
1916500: system.cpu: T0 : 0x3b32c    : c_addi a3, 24              : IntAlu :  D=0x0000000000061b98
1917500: system.cpu: T0 : 0x3b32e    : addi t4, zero, 47          : IntAlu :  D=0x000000000000002f
1918500: system.cpu: T0 : 0x3b332    : addi a4, a2, 40            : IntAlu :  D=0x00000000000732a8
1919000: system.cpu: T0 : 0x3b336    : c_li a5, 0                 : IntAlu :  D=0x0000000000000000
1919500: system.cpu: T0 : 0x3b338    : c_beqz s1, 14              : IntAlu : 
1920500: system.cpu: T0 : 0x3b33a    : sw zero, 0(a4)             : MemWrite :  D=0x0000000000000000 A=0x732a8
1921000: system.cpu: T0 : 0x3b33e    : c_addi a5, 1               : IntAlu :  D=0x0000000000000001
1921500: system.cpu: T0 : 0x3b340    : c_addi a4, 4               : IntAlu :  D=0x00000000000732ac
1922500: system.cpu: T0 : 0x3b342    : bne s1, a5, -8             : IntAlu : 
1923500: system.cpu: T0 : 0x3b33a    : sw zero, 0(a4)             : MemWrite :  D=0x0000000000000000 A=0x732ac
1924000: system.cpu: T0 : 0x3b33e    : c_addi a5, 1               : IntAlu :  D=0x0000000000000002
1924500: system.cpu: T0 : 0x3b340    : c_addi a4, 4               : IntAlu :  D=0x00000000000732b0
1925500: system.cpu: T0 : 0x3b342    : bne s1, a5, -8             : IntAlu : 
1926500: system.cpu: T0 : 0x3b346    : beq t3, a1, 48             : IntAlu : 
1927500: system.cpu: T0 : 0x3b34a    : ld a4, 8(a6)               : MemRead :  D=0x000000000000001b A=0x61bd0
1928500: system.cpu: T0 : 0x3b34e    : add a5, a2, a7             : IntAlu :  D=0x00000000000732d0
1929500: system.cpu: T0 : 0x3b352    : lbu t1, 0(a3)              : MemRead :  D=0x000000000000002f A=0x61b98
1930000: system.cpu: T0 : 0x3b356    : c_sd a5, 0(a2)             : MemWrite :  D=0x00000000000732d0 A=0x73280
1930500: system.cpu: T0 : 0x3b358    : c_sd a3, 24(a5)            : MemWrite :  D=0x0000000000061b98 A=0x732e8
1931500: system.cpu: T0 : 0x3b35a    : addi a2, a4, 1             : IntAlu :  D=0x000000000000001c
1932000: system.cpu: T0 : 0x3b35e    : c_sd a5, 0(a1)             : MemWrite :  D=0x00000000000732d0 A=0x73258
1932500: system.cpu: T0 : 0x3b360    : c_sd a0, 8(a5)             : MemWrite :  D=0x00000000000619c0 A=0x732d8
1933500: system.cpu: T0 : 0x3b362    : sd zero, 16(a5)            : MemWrite :  D=0x0000000000000000 A=0x732e0
1934000: system.cpu: T0 : 0x3b366    : c_sd a4, 32(a5)            : MemWrite :  D=0x000000000000001b A=0x732f0
1934500: system.cpu: T0 : 0x3b368    : c_addi a1, 8               : IntAlu :  D=0x0000000000073260
1935000: system.cpu: T0 : 0x3b36a    : c_add a3, a2               : IntAlu :  D=0x0000000000061bb4
1935500: system.cpu: T0 : 0x3b36c    : c_addi a6, 8               : IntAlu :  D=0x0000000000061bd0
1936500: system.cpu: T0 : 0x3b36e    : bne t1, t4, 228            : IntAlu : 
1937000: system.cpu: T0 : 0x3b372    : c_mv a2, a5                : IntAlu :  D=0x00000000000732d0
1937500: system.cpu: T0 : 0x3b374    : c_j -66                    : IntAlu : 
1938500: system.cpu: T0 : 0x3b332    : addi a4, a2, 40            : IntAlu :  D=0x00000000000732f8
1939000: system.cpu: T0 : 0x3b336    : c_li a5, 0                 : IntAlu :  D=0x0000000000000000
1939500: system.cpu: T0 : 0x3b338    : c_beqz s1, 14              : IntAlu : 
1940500: system.cpu: T0 : 0x3b33a    : sw zero, 0(a4)             : MemWrite :  D=0x0000000000000000 A=0x732f8
1941000: system.cpu: T0 : 0x3b33e    : c_addi a5, 1               : IntAlu :  D=0x0000000000000001
1941500: system.cpu: T0 : 0x3b340    : c_addi a4, 4               : IntAlu :  D=0x00000000000732fc
1942500: system.cpu: T0 : 0x3b342    : bne s1, a5, -8             : IntAlu : 
1943500: system.cpu: T0 : 0x3b33a    : sw zero, 0(a4)             : MemWrite :  D=0x0000000000000000 A=0x732fc
1944000: system.cpu: T0 : 0x3b33e    : c_addi a5, 1               : IntAlu :  D=0x0000000000000002
1944500: system.cpu: T0 : 0x3b340    : c_addi a4, 4               : IntAlu :  D=0x0000000000073300
1945500: system.cpu: T0 : 0x3b342    : bne s1, a5, -8             : IntAlu : 
1946500: system.cpu: T0 : 0x3b346    : beq t3, a1, 48             : IntAlu : 
1947500: system.cpu: T0 : 0x3b34a    : ld a4, 8(a6)               : MemRead :  D=0x0000000000000005 A=0x61bd8
1948500: system.cpu: T0 : 0x3b34e    : add a5, a2, a7             : IntAlu :  D=0x0000000000073320
1949500: system.cpu: T0 : 0x3b352    : lbu t1, 0(a3)              : MemRead :  D=0x000000000000002f A=0x61bb4
1950000: system.cpu: T0 : 0x3b356    : c_sd a5, 0(a2)             : MemWrite :  D=0x0000000000073320 A=0x732d0
1950500: system.cpu: T0 : 0x3b358    : c_sd a3, 24(a5)            : MemWrite :  D=0x0000000000061bb4 A=0x73338
1951500: system.cpu: T0 : 0x3b35a    : addi a2, a4, 1             : IntAlu :  D=0x0000000000000006
1952000: system.cpu: T0 : 0x3b35e    : c_sd a5, 0(a1)             : MemWrite :  D=0x0000000000073320 A=0x73260
1952500: system.cpu: T0 : 0x3b360    : c_sd a0, 8(a5)             : MemWrite :  D=0x00000000000619c0 A=0x73328
1953500: system.cpu: T0 : 0x3b362    : sd zero, 16(a5)            : MemWrite :  D=0x0000000000000000 A=0x73330
1954000: system.cpu: T0 : 0x3b366    : c_sd a4, 32(a5)            : MemWrite :  D=0x0000000000000005 A=0x73340
1954500: system.cpu: T0 : 0x3b368    : c_addi a1, 8               : IntAlu :  D=0x0000000000073268
1955000: system.cpu: T0 : 0x3b36a    : c_add a3, a2               : IntAlu :  D=0x0000000000061bba
1955500: system.cpu: T0 : 0x3b36c    : c_addi a6, 8               : IntAlu :  D=0x0000000000061bd8
1956500: system.cpu: T0 : 0x3b36e    : bne t1, t4, 228            : IntAlu : 
1957000: system.cpu: T0 : 0x3b372    : c_mv a2, a5                : IntAlu :  D=0x0000000000073320
1957500: system.cpu: T0 : 0x3b374    : c_j -66                    : IntAlu : 
1958500: system.cpu: T0 : 0x3b332    : addi a4, a2, 40            : IntAlu :  D=0x0000000000073348
1959000: system.cpu: T0 : 0x3b336    : c_li a5, 0                 : IntAlu :  D=0x0000000000000000
1959500: system.cpu: T0 : 0x3b338    : c_beqz s1, 14              : IntAlu : 
1960500: system.cpu: T0 : 0x3b33a    : sw zero, 0(a4)             : MemWrite :  D=0x0000000000000000 A=0x73348
1961000: system.cpu: T0 : 0x3b33e    : c_addi a5, 1               : IntAlu :  D=0x0000000000000001
1961500: system.cpu: T0 : 0x3b340    : c_addi a4, 4               : IntAlu :  D=0x000000000007334c
1962500: system.cpu: T0 : 0x3b342    : bne s1, a5, -8             : IntAlu : 
1963500: system.cpu: T0 : 0x3b33a    : sw zero, 0(a4)             : MemWrite :  D=0x0000000000000000 A=0x7334c
1964000: system.cpu: T0 : 0x3b33e    : c_addi a5, 1               : IntAlu :  D=0x0000000000000002
1964500: system.cpu: T0 : 0x3b340    : c_addi a4, 4               : IntAlu :  D=0x0000000000073350
1965500: system.cpu: T0 : 0x3b342    : bne s1, a5, -8             : IntAlu : 
1966500: system.cpu: T0 : 0x3b346    : beq t3, a1, 48             : IntAlu : 
1967500: system.cpu: T0 : 0x3b34a    : ld a4, 8(a6)               : MemRead :  D=0x0000000000000009 A=0x61be0
1968500: system.cpu: T0 : 0x3b34e    : add a5, a2, a7             : IntAlu :  D=0x0000000000073370
1969500: system.cpu: T0 : 0x3b352    : lbu t1, 0(a3)              : MemRead :  D=0x000000000000002f A=0x61bba
1970000: system.cpu: T0 : 0x3b356    : c_sd a5, 0(a2)             : MemWrite :  D=0x0000000000073370 A=0x73320
1970500: system.cpu: T0 : 0x3b358    : c_sd a3, 24(a5)            : MemWrite :  D=0x0000000000061bba A=0x73388
1971500: system.cpu: T0 : 0x3b35a    : addi a2, a4, 1             : IntAlu :  D=0x000000000000000a
1972000: system.cpu: T0 : 0x3b35e    : c_sd a5, 0(a1)             : MemWrite :  D=0x0000000000073370 A=0x73268
1972500: system.cpu: T0 : 0x3b360    : c_sd a0, 8(a5)             : MemWrite :  D=0x00000000000619c0 A=0x73378
1973500: system.cpu: T0 : 0x3b362    : sd zero, 16(a5)            : MemWrite :  D=0x0000000000000000 A=0x73380
1974000: system.cpu: T0 : 0x3b366    : c_sd a4, 32(a5)            : MemWrite :  D=0x0000000000000009 A=0x73390
1974500: system.cpu: T0 : 0x3b368    : c_addi a1, 8               : IntAlu :  D=0x0000000000073270
1975000: system.cpu: T0 : 0x3b36a    : c_add a3, a2               : IntAlu :  D=0x0000000000061bc4
1975500: system.cpu: T0 : 0x3b36c    : c_addi a6, 8               : IntAlu :  D=0x0000000000061be0
1976500: system.cpu: T0 : 0x3b36e    : bne t1, t4, 228            : IntAlu : 
1977000: system.cpu: T0 : 0x3b372    : c_mv a2, a5                : IntAlu :  D=0x0000000000073370
1977500: system.cpu: T0 : 0x3b374    : c_j -66                    : IntAlu : 
1978500: system.cpu: T0 : 0x3b332    : addi a4, a2, 40            : IntAlu :  D=0x0000000000073398
1979000: system.cpu: T0 : 0x3b336    : c_li a5, 0                 : IntAlu :  D=0x0000000000000000
1979500: system.cpu: T0 : 0x3b338    : c_beqz s1, 14              : IntAlu : 
1980500: system.cpu: T0 : 0x3b33a    : sw zero, 0(a4)             : MemWrite :  D=0x0000000000000000 A=0x73398
1981000: system.cpu: T0 : 0x3b33e    : c_addi a5, 1               : IntAlu :  D=0x0000000000000001
1981500: system.cpu: T0 : 0x3b340    : c_addi a4, 4               : IntAlu :  D=0x000000000007339c
1982500: system.cpu: T0 : 0x3b342    : bne s1, a5, -8             : IntAlu : 
1983500: system.cpu: T0 : 0x3b33a    : sw zero, 0(a4)             : MemWrite :  D=0x0000000000000000 A=0x7339c
1984000: system.cpu: T0 : 0x3b33e    : c_addi a5, 1               : IntAlu :  D=0x0000000000000002
1984500: system.cpu: T0 : 0x3b340    : c_addi a4, 4               : IntAlu :  D=0x00000000000733a0
1985500: system.cpu: T0 : 0x3b342    : bne s1, a5, -8             : IntAlu : 
1986500: system.cpu: T0 : 0x3b346    : beq t3, a1, 48             : IntAlu : 
1987000: system.cpu: T0 : 0x3b376    : c_li a4, 27                : IntAlu :  D=0x000000000000001b
1987500: system.cpu: T0 : 0x3b378    : sd zero, 0(a2)             : MemWrite :  D=0x0000000000000000 A=0x73370
1988000: system.cpu: T0 : 0x3b37c    : sd a4, -1192(gp)           : MemWrite :  D=0x000000000000001b A=0x70bd0
1988500: system.cpu: T0 : 0x3b380    : sd zero, 32(s5)            : MemWrite :  D=0x0000000000000000 A=0x73270
1989000: system.cpu: T0 : 0x3b384    : beq s2, zero, 10           : IntAlu : 
1989500: system.cpu: T0 : 0x3b38e    : c_li a5, -1                : IntAlu :  D=0xffffffffffffffff
1990000: system.cpu: T0 : 0x3b390    : sd a5, 48(s3)              : MemWrite :  D=0xffffffffffffffff A=0x6eff0
1990500: system.cpu: T0 : 0x3b394    : addi sp, s0, -64           : IntAlu :  D=0x7ffffffffffffcf0
1991000: system.cpu: T0 : 0x3b398    : c_ldsp ra, 56(sp)          : MemRead :  D=0x0000000000022c7e A=0x7ffffffffffffd28
1991500: system.cpu: T0 : 0x3b39a    : c_ldsp s0, 48(sp)          : MemRead :  D=0x000000000006ef80 A=0x7ffffffffffffd20
1992000: system.cpu: T0 : 0x3b39c    : c_ldsp s1, 40(sp)          : MemRead :  D=0x000000000006feb0 A=0x7ffffffffffffd18
1992500: system.cpu: T0 : 0x3b39e    : c_ldsp s2, 32(sp)          : MemRead :  D=0x0000000000072000 A=0x7ffffffffffffd10
1993000: system.cpu: T0 : 0x3b3a0    : c_ldsp s3, 24(sp)          : MemRead :  D=0x0000000000072000 A=0x7ffffffffffffd08
1993500: system.cpu: T0 : 0x3b3a2    : c_ldsp s4, 16(sp)          : MemRead :  D=0x0000000000070000 A=0x7ffffffffffffd00
1994000: system.cpu: T0 : 0x3b3a4    : c_ldsp s5, 8(sp)           : MemRead :  D=0x0000000000072000 A=0x7ffffffffffffcf8
1994500: system.cpu: T0 : 0x3b3a6    : c_addi16sp sp, 64          : IntAlu :  D=0x7ffffffffffffd30
1995000: system.cpu: T0 : 0x3b3a8    : c_jr ra                    : IntAlu : 
1996000: system.cpu: T0 : 0x22c7e    : lui a5, 114                : IntAlu :  D=0x0000000000072000
1997000: system.cpu: T0 : 0x22c82    : ld a4, -304(a5)            : MemRead :  D=0x0000000000073280 A=0x71ed0
1998000: system.cpu: T0 : 0x22c86    : lui a0, 80                 : IntAlu :  D=0x0000000000050000
1999000: system.cpu: T0 : 0x22c8a    : lui a5, 114                : IntAlu :  D=0x0000000000072000
2000000: system.cpu: T0 : 0x22c8e    : addi a0, a0, 624           : IntAlu :  D=0x0000000000050270
2001000: system.cpu: T0 : 0x22c92    : sd a4, -344(a5)            : MemWrite :  D=0x0000000000073280 A=0x71ea8
2002000: system.cpu: T0 : 0x22c96    : jal ra, -57842             : IntAlu :  D=0x0000000000022c9a
2002500: system.cpu: T0 : 0x14aa4    : c_addi16sp sp, -64         : IntAlu :  D=0x7ffffffffffffcf0
2003000: system.cpu: T0 : 0x14aa6    : c_sdsp s1, 40(sp)          : MemWrite :  D=0x000000000006feb0 A=0x7ffffffffffffd18
2003500: system.cpu: T0 : 0x14aa8    : ld s1, -1360(gp)           : MemRead :  D=0x7fffffffffffff48 A=0x70b28
2004000: system.cpu: T0 : 0x14aac    : c_sdsp ra, 56(sp)          : MemWrite :  D=0x0000000000022c9a A=0x7ffffffffffffd28
2004500: system.cpu: T0 : 0x14aae    : c_sdsp s0, 48(sp)          : MemWrite :  D=0x000000000006ef80 A=0x7ffffffffffffd20
2005000: system.cpu: T0 : 0x14ab0    : c_sdsp s2, 32(sp)          : MemWrite :  D=0x0000000000072000 A=0x7ffffffffffffd10
2005500: system.cpu: T0 : 0x14ab2    : c_sdsp s3, 24(sp)          : MemWrite :  D=0x0000000000072000 A=0x7ffffffffffffd08
2006000: system.cpu: T0 : 0x14ab4    : c_sdsp s4, 16(sp)          : MemWrite :  D=0x0000000000070000 A=0x7ffffffffffffd00
2006500: system.cpu: T0 : 0x14ab6    : c_sdsp s5, 8(sp)           : MemWrite :  D=0x0000000000072000 A=0x7ffffffffffffcf8
2007000: system.cpu: T0 : 0x14ab8    : c_sdsp s6, 0(sp)           : MemWrite :  D=0x0000000000072000 A=0x7ffffffffffffcf0
2007500: system.cpu: T0 : 0x14aba    : c_beqz s1, 210             : IntAlu : 
2008000: system.cpu: T0 : 0x14abc    : lbu a5, 0(a0)              : MemRead :  D=0x000000000000004c A=0x50270
2008500: system.cpu: T0 : 0x14ac0    : c_mv s4, a0                : IntAlu :  D=0x0000000000050270
2009000: system.cpu: T0 : 0x14ac2    : c_beqz a5, 202             : IntAlu : 
2009500: system.cpu: T0 : 0x14ac4    : lbu s5, 1(a0)              : MemRead :  D=0x0000000000000044 A=0x50271
2010000: system.cpu: T0 : 0x14ac8    : slliw s2, a5, 16           : IntAlu :  D=0x00000000004c0000
2010500: system.cpu: T0 : 0x14acc    : c_ld s0, 0(s1)             : MemRead :  D=0x0000000000000000 A=0x7fffffffffffff48
2011500: system.cpu: T0 : 0x14ace    : sraiw s2, s2, 16           : IntAlu :  D=0x000000000000004c
2012500: system.cpu: T0 : 0x14ad2    : bne s5, zero, 86           : IntAlu : 
2013000: system.cpu: T0 : 0x14b28    : jal ra, 42492              : IntAlu :  D=0x0000000000014b2c
2013500: system.cpu: T0 : 0x1f124    : andi a5, a0, 7             : IntAlu :  D=0x0000000000000000
2014000: system.cpu: T0 : 0x1f128    : c_beqz a5, 26              : IntAlu : 
2014500: system.cpu: T0 : 0x1f142    : c_mv a5, a0                : IntAlu :  D=0x0000000000050270
2015000: system.cpu: T0 : 0x1f144    : ld a6, -2024(gp)           : MemRead :  D=0xfefefefefefefeff A=0x70890
2015500: system.cpu: T0 : 0x1f148    : ld a1, -2016(gp)           : MemRead :  D=0x8080808080808080 A=0x70898
2016000: system.cpu: T0 : 0x1f14c    : c_ld a2, 0(a5)             : MemRead :  D=0x5f444e49425f444c A=0x50270
2017000: system.cpu: T0 : 0x1f14e    : addi a3, a5, 8             : IntAlu :  D=0x0000000000050278
2018000: system.cpu: T0 : 0x1f152    : add a4, a2, a6             : IntAlu :  D=0x5e434d48415e434b
2019000: system.cpu: T0 : 0x1f156    : xori a2, a2, 18446744073709551615 : IntAlu :  D=0xa0bbb1b6bda0bbb3
2019500: system.cpu: T0 : 0x1f15a    : c_and a4, a2               : IntAlu :  D=0x0003010001000303
2020000: system.cpu: T0 : 0x1f15c    : c_and a4, a1               : IntAlu :  D=0x0000000000000000
2020500: system.cpu: T0 : 0x1f15e    : c_beqz a4, 50              : IntAlu : 
2021000: system.cpu: T0 : 0x1f190    : c_mv a5, a3                : IntAlu :  D=0x0000000000050278
2021500: system.cpu: T0 : 0x1f192    : c_j -70                    : IntAlu : 
2022000: system.cpu: T0 : 0x1f14c    : c_ld a2, 0(a5)             : MemRead :  D=0x0000000000574f4e A=0x50278
2023000: system.cpu: T0 : 0x1f14e    : addi a3, a5, 8             : IntAlu :  D=0x0000000000050280
2024000: system.cpu: T0 : 0x1f152    : add a4, a2, a6             : IntAlu :  D=0xfefefefeff564e4d
2025000: system.cpu: T0 : 0x1f156    : xori a2, a2, 18446744073709551615 : IntAlu :  D=0xffffffffffa8b0b1
2025500: system.cpu: T0 : 0x1f15a    : c_and a4, a2               : IntAlu :  D=0xfefefefeff000001
2026000: system.cpu: T0 : 0x1f15c    : c_and a4, a1               : IntAlu :  D=0x8080808080000000
2026500: system.cpu: T0 : 0x1f15e    : c_beqz a4, 50              : IntAlu : 
2027000: system.cpu: T0 : 0x1f160    : lbu a4, -8(a3)             : MemRead :  D=0x000000000000004e A=0x50278
2027500: system.cpu: T0 : 0x1f164    : c_beqz a4, -40             : IntAlu : 
2028500: system.cpu: T0 : 0x1f166    : lbu a4, -7(a3)             : MemRead :  D=0x000000000000004f A=0x50279
2029000: system.cpu: T0 : 0x1f16a    : c_beqz a4, 50              : IntAlu : 
2029500: system.cpu: T0 : 0x1f16c    : lbu a4, -6(a3)             : MemRead :  D=0x0000000000000057 A=0x5027a
2030000: system.cpu: T0 : 0x1f170    : c_beqz a4, 52              : IntAlu : 
2031000: system.cpu: T0 : 0x1f172    : lbu a4, -5(a3)             : MemRead :  D=0x0000000000000000 A=0x5027b
2031500: system.cpu: T0 : 0x1f176    : c_beqz a4, 54              : IntAlu : 
2032000: system.cpu: T0 : 0x1f1ac    : c_sub a5, a0               : IntAlu :  D=0x0000000000000008
2033000: system.cpu: T0 : 0x1f1ae    : addi a0, a5, 3             : IntAlu :  D=0x000000000000000b
2033500: system.cpu: T0 : 0x1f1b2    : c_jr ra                    : IntAlu : 
2034000: system.cpu: T0 : 0x14b2c    : slli a5, s5, 8             : IntAlu :  D=0x0000000000004400
2034500: system.cpu: T0 : 0x14b30    : or a5, s2, a5              : IntAlu :  D=0x000000000000444c
2035000: system.cpu: T0 : 0x14b34    : slliw s2, a5, 16           : IntAlu :  D=0x00000000444c0000
2035500: system.cpu: T0 : 0x14b38    : c_mv s3, a0                : IntAlu :  D=0x000000000000000b
2036500: system.cpu: T0 : 0x14b3a    : sraiw s2, s2, 16           : IntAlu :  D=0x000000000000444c
2037500: system.cpu: T0 : 0x14b3e    : addi s5, a0, -2            : IntAlu :  D=0x0000000000000009
2038000: system.cpu: T0 : 0x14b42    : c_addi s4, 2               : IntAlu :  D=0x0000000000050272
2038500: system.cpu: T0 : 0x14b44    : c_beqz s0, -50             : IntAlu : 
2039000: system.cpu: T0 : 0x14b12    : c_ldsp ra, 56(sp)          : MemRead :  D=0x0000000000022c9a A=0x7ffffffffffffd28
2039500: system.cpu: T0 : 0x14b14    : c_mv a0, s0                : IntAlu :  D=0x0000000000000000
2040000: system.cpu: T0 : 0x14b16    : c_ldsp s0, 48(sp)          : MemRead :  D=0x000000000006ef80 A=0x7ffffffffffffd20
2040500: system.cpu: T0 : 0x14b18    : c_ldsp s1, 40(sp)          : MemRead :  D=0x000000000006feb0 A=0x7ffffffffffffd18
2041000: system.cpu: T0 : 0x14b1a    : c_ldsp s2, 32(sp)          : MemRead :  D=0x0000000000072000 A=0x7ffffffffffffd10
2041500: system.cpu: T0 : 0x14b1c    : c_ldsp s3, 24(sp)          : MemRead :  D=0x0000000000072000 A=0x7ffffffffffffd08
2042000: system.cpu: T0 : 0x14b1e    : c_ldsp s4, 16(sp)          : MemRead :  D=0x0000000000070000 A=0x7ffffffffffffd00
2042500: system.cpu: T0 : 0x14b20    : c_ldsp s5, 8(sp)           : MemRead :  D=0x0000000000072000 A=0x7ffffffffffffcf8
2043000: system.cpu: T0 : 0x14b22    : c_ldsp s6, 0(sp)           : MemRead :  D=0x0000000000072000 A=0x7ffffffffffffcf0
2043500: system.cpu: T0 : 0x14b24    : c_addi16sp sp, 64          : IntAlu :  D=0x7ffffffffffffd30
2044000: system.cpu: T0 : 0x14b26    : c_jr ra                    : IntAlu : 
2044500: system.cpu: T0 : 0x22c9a    : c_li a5, 1                 : IntAlu :  D=0x0000000000000001
2045000: system.cpu: T0 : 0x22c9c    : c_beqz a0, 10              : IntAlu : 
2046000: system.cpu: T0 : 0x22ca6    : lui a0, 80                 : IntAlu :  D=0x0000000000050000
2047000: system.cpu: T0 : 0x22caa    : lui a4, 114                : IntAlu :  D=0x0000000000072000
2048000: system.cpu: T0 : 0x22cae    : addi a0, a0, 640           : IntAlu :  D=0x0000000000050280
2049000: system.cpu: T0 : 0x22cb2    : sw a5, -408(a4)            : MemWrite :  D=0x0000000000000001 A=0x71e68
2050000: system.cpu: T0 : 0x22cb6    : jal ra, -57874             : IntAlu :  D=0x0000000000022cba
2050500: system.cpu: T0 : 0x14aa4    : c_addi16sp sp, -64         : IntAlu :  D=0x7ffffffffffffcf0
2051000: system.cpu: T0 : 0x14aa6    : c_sdsp s1, 40(sp)          : MemWrite :  D=0x000000000006feb0 A=0x7ffffffffffffd18
2051500: system.cpu: T0 : 0x14aa8    : ld s1, -1360(gp)           : MemRead :  D=0x7fffffffffffff48 A=0x70b28
2052000: system.cpu: T0 : 0x14aac    : c_sdsp ra, 56(sp)          : MemWrite :  D=0x0000000000022cba A=0x7ffffffffffffd28
2052500: system.cpu: T0 : 0x14aae    : c_sdsp s0, 48(sp)          : MemWrite :  D=0x000000000006ef80 A=0x7ffffffffffffd20
2053000: system.cpu: T0 : 0x14ab0    : c_sdsp s2, 32(sp)          : MemWrite :  D=0x0000000000072000 A=0x7ffffffffffffd10
2053500: system.cpu: T0 : 0x14ab2    : c_sdsp s3, 24(sp)          : MemWrite :  D=0x0000000000072000 A=0x7ffffffffffffd08
2054000: system.cpu: T0 : 0x14ab4    : c_sdsp s4, 16(sp)          : MemWrite :  D=0x0000000000070000 A=0x7ffffffffffffd00
2054500: system.cpu: T0 : 0x14ab6    : c_sdsp s5, 8(sp)           : MemWrite :  D=0x0000000000072000 A=0x7ffffffffffffcf8
2055000: system.cpu: T0 : 0x14ab8    : c_sdsp s6, 0(sp)           : MemWrite :  D=0x0000000000072000 A=0x7ffffffffffffcf0
2055500: system.cpu: T0 : 0x14aba    : c_beqz s1, 210             : IntAlu : 
2056000: system.cpu: T0 : 0x14abc    : lbu a5, 0(a0)              : MemRead :  D=0x000000000000004c A=0x50280
2056500: system.cpu: T0 : 0x14ac0    : c_mv s4, a0                : IntAlu :  D=0x0000000000050280
2057000: system.cpu: T0 : 0x14ac2    : c_beqz a5, 202             : IntAlu : 
2057500: system.cpu: T0 : 0x14ac4    : lbu s5, 1(a0)              : MemRead :  D=0x0000000000000044 A=0x50281
2058000: system.cpu: T0 : 0x14ac8    : slliw s2, a5, 16           : IntAlu :  D=0x00000000004c0000
2058500: system.cpu: T0 : 0x14acc    : c_ld s0, 0(s1)             : MemRead :  D=0x0000000000000000 A=0x7fffffffffffff48
2059500: system.cpu: T0 : 0x14ace    : sraiw s2, s2, 16           : IntAlu :  D=0x000000000000004c
2060500: system.cpu: T0 : 0x14ad2    : bne s5, zero, 86           : IntAlu : 
2061000: system.cpu: T0 : 0x14b28    : jal ra, 42492              : IntAlu :  D=0x0000000000014b2c
2061500: system.cpu: T0 : 0x1f124    : andi a5, a0, 7             : IntAlu :  D=0x0000000000000000
2062000: system.cpu: T0 : 0x1f128    : c_beqz a5, 26              : IntAlu : 
2062500: system.cpu: T0 : 0x1f142    : c_mv a5, a0                : IntAlu :  D=0x0000000000050280
2063000: system.cpu: T0 : 0x1f144    : ld a6, -2024(gp)           : MemRead :  D=0xfefefefefefefeff A=0x70890
2063500: system.cpu: T0 : 0x1f148    : ld a1, -2016(gp)           : MemRead :  D=0x8080808080808080 A=0x70898
2064000: system.cpu: T0 : 0x1f14c    : c_ld a2, 0(a5)             : MemRead :  D=0x5f444e49425f444c A=0x50280
2065000: system.cpu: T0 : 0x1f14e    : addi a3, a5, 8             : IntAlu :  D=0x0000000000050288
2066000: system.cpu: T0 : 0x1f152    : add a4, a2, a6             : IntAlu :  D=0x5e434d48415e434b
2067000: system.cpu: T0 : 0x1f156    : xori a2, a2, 18446744073709551615 : IntAlu :  D=0xa0bbb1b6bda0bbb3
2067500: system.cpu: T0 : 0x1f15a    : c_and a4, a2               : IntAlu :  D=0x0003010001000303
2068000: system.cpu: T0 : 0x1f15c    : c_and a4, a1               : IntAlu :  D=0x0000000000000000
2068500: system.cpu: T0 : 0x1f15e    : c_beqz a4, 50              : IntAlu : 
2069000: system.cpu: T0 : 0x1f190    : c_mv a5, a3                : IntAlu :  D=0x0000000000050288
2069500: system.cpu: T0 : 0x1f192    : c_j -70                    : IntAlu : 
2070000: system.cpu: T0 : 0x1f14c    : c_ld a2, 0(a5)             : MemRead :  D=0x0000000000544f4e A=0x50288
2071000: system.cpu: T0 : 0x1f14e    : addi a3, a5, 8             : IntAlu :  D=0x0000000000050290
2072000: system.cpu: T0 : 0x1f152    : add a4, a2, a6             : IntAlu :  D=0xfefefefeff534e4d
2073000: system.cpu: T0 : 0x1f156    : xori a2, a2, 18446744073709551615 : IntAlu :  D=0xffffffffffabb0b1
2073500: system.cpu: T0 : 0x1f15a    : c_and a4, a2               : IntAlu :  D=0xfefefefeff030001
2074000: system.cpu: T0 : 0x1f15c    : c_and a4, a1               : IntAlu :  D=0x8080808080000000
2074500: system.cpu: T0 : 0x1f15e    : c_beqz a4, 50              : IntAlu : 
2075000: system.cpu: T0 : 0x1f160    : lbu a4, -8(a3)             : MemRead :  D=0x000000000000004e A=0x50288
2075500: system.cpu: T0 : 0x1f164    : c_beqz a4, -40             : IntAlu : 
2076500: system.cpu: T0 : 0x1f166    : lbu a4, -7(a3)             : MemRead :  D=0x000000000000004f A=0x50289
2077000: system.cpu: T0 : 0x1f16a    : c_beqz a4, 50              : IntAlu : 
2077500: system.cpu: T0 : 0x1f16c    : lbu a4, -6(a3)             : MemRead :  D=0x0000000000000054 A=0x5028a
2078000: system.cpu: T0 : 0x1f170    : c_beqz a4, 52              : IntAlu : 
2079000: system.cpu: T0 : 0x1f172    : lbu a4, -5(a3)             : MemRead :  D=0x0000000000000000 A=0x5028b
2079500: system.cpu: T0 : 0x1f176    : c_beqz a4, 54              : IntAlu : 
2080000: system.cpu: T0 : 0x1f1ac    : c_sub a5, a0               : IntAlu :  D=0x0000000000000008
2081000: system.cpu: T0 : 0x1f1ae    : addi a0, a5, 3             : IntAlu :  D=0x000000000000000b
2081500: system.cpu: T0 : 0x1f1b2    : c_jr ra                    : IntAlu : 
2082000: system.cpu: T0 : 0x14b2c    : slli a5, s5, 8             : IntAlu :  D=0x0000000000004400
2082500: system.cpu: T0 : 0x14b30    : or a5, s2, a5              : IntAlu :  D=0x000000000000444c
2083000: system.cpu: T0 : 0x14b34    : slliw s2, a5, 16           : IntAlu :  D=0x00000000444c0000
2083500: system.cpu: T0 : 0x14b38    : c_mv s3, a0                : IntAlu :  D=0x000000000000000b
2084500: system.cpu: T0 : 0x14b3a    : sraiw s2, s2, 16           : IntAlu :  D=0x000000000000444c
2085500: system.cpu: T0 : 0x14b3e    : addi s5, a0, -2            : IntAlu :  D=0x0000000000000009
2086000: system.cpu: T0 : 0x14b42    : c_addi s4, 2               : IntAlu :  D=0x0000000000050282
2086500: system.cpu: T0 : 0x14b44    : c_beqz s0, -50             : IntAlu : 
2087000: system.cpu: T0 : 0x14b12    : c_ldsp ra, 56(sp)          : MemRead :  D=0x0000000000022cba A=0x7ffffffffffffd28
2087500: system.cpu: T0 : 0x14b14    : c_mv a0, s0                : IntAlu :  D=0x0000000000000000
2088000: system.cpu: T0 : 0x14b16    : c_ldsp s0, 48(sp)          : MemRead :  D=0x000000000006ef80 A=0x7ffffffffffffd20
2088500: system.cpu: T0 : 0x14b18    : c_ldsp s1, 40(sp)          : MemRead :  D=0x000000000006feb0 A=0x7ffffffffffffd18
2089000: system.cpu: T0 : 0x14b1a    : c_ldsp s2, 32(sp)          : MemRead :  D=0x0000000000072000 A=0x7ffffffffffffd10
2089500: system.cpu: T0 : 0x14b1c    : c_ldsp s3, 24(sp)          : MemRead :  D=0x0000000000072000 A=0x7ffffffffffffd08
2090000: system.cpu: T0 : 0x14b1e    : c_ldsp s4, 16(sp)          : MemRead :  D=0x0000000000070000 A=0x7ffffffffffffd00
2090500: system.cpu: T0 : 0x14b20    : c_ldsp s5, 8(sp)           : MemRead :  D=0x0000000000072000 A=0x7ffffffffffffcf8
2091000: system.cpu: T0 : 0x14b22    : c_ldsp s6, 0(sp)           : MemRead :  D=0x0000000000072000 A=0x7ffffffffffffcf0
2091500: system.cpu: T0 : 0x14b24    : c_addi16sp sp, 64          : IntAlu :  D=0x7ffffffffffffd30
2092000: system.cpu: T0 : 0x14b26    : c_jr ra                    : IntAlu : 
2092500: system.cpu: T0 : 0x22cba    : c_li a5, 0                 : IntAlu :  D=0x0000000000000000
2093000: system.cpu: T0 : 0x22cbc    : c_beqz a0, 10              : IntAlu : 
2094000: system.cpu: T0 : 0x22cc6    : lui a0, 80                 : IntAlu :  D=0x0000000000050000
2095000: system.cpu: T0 : 0x22cca    : lui a4, 114                : IntAlu :  D=0x0000000000072000
2096000: system.cpu: T0 : 0x22cce    : addi a0, a0, 656           : IntAlu :  D=0x0000000000050290
2097000: system.cpu: T0 : 0x22cd2    : sw a5, -432(a4)            : MemWrite :  D=0x0000000000000000 A=0x71e50
2098000: system.cpu: T0 : 0x22cd6    : jal ra, -57906             : IntAlu :  D=0x0000000000022cda
2098500: system.cpu: T0 : 0x14aa4    : c_addi16sp sp, -64         : IntAlu :  D=0x7ffffffffffffcf0
2099000: system.cpu: T0 : 0x14aa6    : c_sdsp s1, 40(sp)          : MemWrite :  D=0x000000000006feb0 A=0x7ffffffffffffd18
2099500: system.cpu: T0 : 0x14aa8    : ld s1, -1360(gp)           : MemRead :  D=0x7fffffffffffff48 A=0x70b28
2100000: system.cpu: T0 : 0x14aac    : c_sdsp ra, 56(sp)          : MemWrite :  D=0x0000000000022cda A=0x7ffffffffffffd28
2100500: system.cpu: T0 : 0x14aae    : c_sdsp s0, 48(sp)          : MemWrite :  D=0x000000000006ef80 A=0x7ffffffffffffd20
2101000: system.cpu: T0 : 0x14ab0    : c_sdsp s2, 32(sp)          : MemWrite :  D=0x0000000000072000 A=0x7ffffffffffffd10
2101500: system.cpu: T0 : 0x14ab2    : c_sdsp s3, 24(sp)          : MemWrite :  D=0x0000000000072000 A=0x7ffffffffffffd08
2102000: system.cpu: T0 : 0x14ab4    : c_sdsp s4, 16(sp)          : MemWrite :  D=0x0000000000070000 A=0x7ffffffffffffd00
2102500: system.cpu: T0 : 0x14ab6    : c_sdsp s5, 8(sp)           : MemWrite :  D=0x0000000000072000 A=0x7ffffffffffffcf8
2103000: system.cpu: T0 : 0x14ab8    : c_sdsp s6, 0(sp)           : MemWrite :  D=0x0000000000072000 A=0x7ffffffffffffcf0
2103500: system.cpu: T0 : 0x14aba    : c_beqz s1, 210             : IntAlu : 
2104000: system.cpu: T0 : 0x14abc    : lbu a5, 0(a0)              : MemRead :  D=0x000000000000004c A=0x50290
2104500: system.cpu: T0 : 0x14ac0    : c_mv s4, a0                : IntAlu :  D=0x0000000000050290
2105000: system.cpu: T0 : 0x14ac2    : c_beqz a5, 202             : IntAlu : 
2105500: system.cpu: T0 : 0x14ac4    : lbu s5, 1(a0)              : MemRead :  D=0x0000000000000044 A=0x50291
2106000: system.cpu: T0 : 0x14ac8    : slliw s2, a5, 16           : IntAlu :  D=0x00000000004c0000
2106500: system.cpu: T0 : 0x14acc    : c_ld s0, 0(s1)             : MemRead :  D=0x0000000000000000 A=0x7fffffffffffff48
2107500: system.cpu: T0 : 0x14ace    : sraiw s2, s2, 16           : IntAlu :  D=0x000000000000004c
2108500: system.cpu: T0 : 0x14ad2    : bne s5, zero, 86           : IntAlu : 
2109000: system.cpu: T0 : 0x14b28    : jal ra, 42492              : IntAlu :  D=0x0000000000014b2c
2109500: system.cpu: T0 : 0x1f124    : andi a5, a0, 7             : IntAlu :  D=0x0000000000000000
2110000: system.cpu: T0 : 0x1f128    : c_beqz a5, 26              : IntAlu : 
2110500: system.cpu: T0 : 0x1f142    : c_mv a5, a0                : IntAlu :  D=0x0000000000050290
2111000: system.cpu: T0 : 0x1f144    : ld a6, -2024(gp)           : MemRead :  D=0xfefefefefefefeff A=0x70890
2111500: system.cpu: T0 : 0x1f148    : ld a1, -2016(gp)           : MemRead :  D=0x8080808080808080 A=0x70898
2112000: system.cpu: T0 : 0x1f14c    : c_ld a2, 0(a5)             : MemRead :  D=0x4d414e59445f444c A=0x50290
2113000: system.cpu: T0 : 0x1f14e    : addi a3, a5, 8             : IntAlu :  D=0x0000000000050298
2114000: system.cpu: T0 : 0x1f152    : add a4, a2, a6             : IntAlu :  D=0x4c404d58435e434b
2115000: system.cpu: T0 : 0x1f156    : xori a2, a2, 18446744073709551615 : IntAlu :  D=0xb2beb1a6bba0bbb3
2115500: system.cpu: T0 : 0x1f15a    : c_and a4, a2               : IntAlu :  D=0x0000010003000303
2116000: system.cpu: T0 : 0x1f15c    : c_and a4, a1               : IntAlu :  D=0x0000000000000000
2116500: system.cpu: T0 : 0x1f15e    : c_beqz a4, 50              : IntAlu : 
2117000: system.cpu: T0 : 0x1f190    : c_mv a5, a3                : IntAlu :  D=0x0000000000050298
2117500: system.cpu: T0 : 0x1f192    : c_j -70                    : IntAlu : 
2118000: system.cpu: T0 : 0x1f14c    : c_ld a2, 0(a5)             : MemRead :  D=0x004b4145575f4349 A=0x50298
2119000: system.cpu: T0 : 0x1f14e    : addi a3, a5, 8             : IntAlu :  D=0x00000000000502a0
2120000: system.cpu: T0 : 0x1f152    : add a4, a2, a6             : IntAlu :  D=0xff4a4044565e4248
2121000: system.cpu: T0 : 0x1f156    : xori a2, a2, 18446744073709551615 : IntAlu :  D=0xffb4bebaa8a0bcb6
2121500: system.cpu: T0 : 0x1f15a    : c_and a4, a2               : IntAlu :  D=0xff00000000000000
2122000: system.cpu: T0 : 0x1f15c    : c_and a4, a1               : IntAlu :  D=0x8000000000000000
2122500: system.cpu: T0 : 0x1f15e    : c_beqz a4, 50              : IntAlu : 
2123000: system.cpu: T0 : 0x1f160    : lbu a4, -8(a3)             : MemRead :  D=0x0000000000000049 A=0x50298
2123500: system.cpu: T0 : 0x1f164    : c_beqz a4, -40             : IntAlu : 
2124500: system.cpu: T0 : 0x1f166    : lbu a4, -7(a3)             : MemRead :  D=0x0000000000000043 A=0x50299
2125000: system.cpu: T0 : 0x1f16a    : c_beqz a4, 50              : IntAlu : 
2125500: system.cpu: T0 : 0x1f16c    : lbu a4, -6(a3)             : MemRead :  D=0x000000000000005f A=0x5029a
2126000: system.cpu: T0 : 0x1f170    : c_beqz a4, 52              : IntAlu : 
2127000: system.cpu: T0 : 0x1f172    : lbu a4, -5(a3)             : MemRead :  D=0x0000000000000057 A=0x5029b
2127500: system.cpu: T0 : 0x1f176    : c_beqz a4, 54              : IntAlu : 
2128000: system.cpu: T0 : 0x1f178    : lbu a4, -4(a3)             : MemRead :  D=0x0000000000000045 A=0x5029c
2128500: system.cpu: T0 : 0x1f17c    : c_beqz a4, 56              : IntAlu : 
2129500: system.cpu: T0 : 0x1f17e    : lbu a4, -3(a3)             : MemRead :  D=0x0000000000000041 A=0x5029d
2130000: system.cpu: T0 : 0x1f182    : c_beqz a4, 58              : IntAlu : 
2130500: system.cpu: T0 : 0x1f184    : lbu a4, -2(a3)             : MemRead :  D=0x000000000000004b A=0x5029e
2131000: system.cpu: T0 : 0x1f188    : c_beqz a4, 60              : IntAlu : 
2132000: system.cpu: T0 : 0x1f18a    : lbu a4, -1(a3)             : MemRead :  D=0x0000000000000000 A=0x5029f
2132500: system.cpu: T0 : 0x1f18e    : c_beqz a4, 6               : IntAlu : 
2133000: system.cpu: T0 : 0x1f194    : c_sub a5, a0               : IntAlu :  D=0x0000000000000008
2134000: system.cpu: T0 : 0x1f196    : addi a0, a5, 7             : IntAlu :  D=0x000000000000000f
2134500: system.cpu: T0 : 0x1f19a    : c_jr ra                    : IntAlu : 
2135000: system.cpu: T0 : 0x14b2c    : slli a5, s5, 8             : IntAlu :  D=0x0000000000004400
2135500: system.cpu: T0 : 0x14b30    : or a5, s2, a5              : IntAlu :  D=0x000000000000444c
2136000: system.cpu: T0 : 0x14b34    : slliw s2, a5, 16           : IntAlu :  D=0x00000000444c0000
2136500: system.cpu: T0 : 0x14b38    : c_mv s3, a0                : IntAlu :  D=0x000000000000000f
2137500: system.cpu: T0 : 0x14b3a    : sraiw s2, s2, 16           : IntAlu :  D=0x000000000000444c
2138500: system.cpu: T0 : 0x14b3e    : addi s5, a0, -2            : IntAlu :  D=0x000000000000000d
2139000: system.cpu: T0 : 0x14b42    : c_addi s4, 2               : IntAlu :  D=0x0000000000050292
2139500: system.cpu: T0 : 0x14b44    : c_beqz s0, -50             : IntAlu : 
2140000: system.cpu: T0 : 0x14b12    : c_ldsp ra, 56(sp)          : MemRead :  D=0x0000000000022cda A=0x7ffffffffffffd28
2140500: system.cpu: T0 : 0x14b14    : c_mv a0, s0                : IntAlu :  D=0x0000000000000000
2141000: system.cpu: T0 : 0x14b16    : c_ldsp s0, 48(sp)          : MemRead :  D=0x000000000006ef80 A=0x7ffffffffffffd20
2141500: system.cpu: T0 : 0x14b18    : c_ldsp s1, 40(sp)          : MemRead :  D=0x000000000006feb0 A=0x7ffffffffffffd18
2142000: system.cpu: T0 : 0x14b1a    : c_ldsp s2, 32(sp)          : MemRead :  D=0x0000000000072000 A=0x7ffffffffffffd10
2142500: system.cpu: T0 : 0x14b1c    : c_ldsp s3, 24(sp)          : MemRead :  D=0x0000000000072000 A=0x7ffffffffffffd08
2143000: system.cpu: T0 : 0x14b1e    : c_ldsp s4, 16(sp)          : MemRead :  D=0x0000000000070000 A=0x7ffffffffffffd00
2143500: system.cpu: T0 : 0x14b20    : c_ldsp s5, 8(sp)           : MemRead :  D=0x0000000000072000 A=0x7ffffffffffffcf8
2144000: system.cpu: T0 : 0x14b22    : c_ldsp s6, 0(sp)           : MemRead :  D=0x0000000000072000 A=0x7ffffffffffffcf0
2144500: system.cpu: T0 : 0x14b24    : c_addi16sp sp, 64          : IntAlu :  D=0x7ffffffffffffd30
2145000: system.cpu: T0 : 0x14b26    : c_jr ra                    : IntAlu : 
2145500: system.cpu: T0 : 0x22cda    : c_li a5, 1                 : IntAlu :  D=0x0000000000000001
2146000: system.cpu: T0 : 0x22cdc    : c_beqz a0, 10              : IntAlu : 
2147000: system.cpu: T0 : 0x22ce6    : lui a0, 80                 : IntAlu :  D=0x0000000000050000
2148000: system.cpu: T0 : 0x22cea    : lui a4, 114                : IntAlu :  D=0x0000000000072000
2149000: system.cpu: T0 : 0x22cee    : addi a0, a0, 672           : IntAlu :  D=0x00000000000502a0
2150000: system.cpu: T0 : 0x22cf2    : sw a5, -356(a4)            : MemWrite :  D=0x0000000000000001 A=0x71e9c
2151000: system.cpu: T0 : 0x22cf6    : jal ra, -57938             : IntAlu :  D=0x0000000000022cfa
2151500: system.cpu: T0 : 0x14aa4    : c_addi16sp sp, -64         : IntAlu :  D=0x7ffffffffffffcf0
2152000: system.cpu: T0 : 0x14aa6    : c_sdsp s1, 40(sp)          : MemWrite :  D=0x000000000006feb0 A=0x7ffffffffffffd18
2152500: system.cpu: T0 : 0x14aa8    : ld s1, -1360(gp)           : MemRead :  D=0x7fffffffffffff48 A=0x70b28
2153000: system.cpu: T0 : 0x14aac    : c_sdsp ra, 56(sp)          : MemWrite :  D=0x0000000000022cfa A=0x7ffffffffffffd28
2153500: system.cpu: T0 : 0x14aae    : c_sdsp s0, 48(sp)          : MemWrite :  D=0x000000000006ef80 A=0x7ffffffffffffd20
2154000: system.cpu: T0 : 0x14ab0    : c_sdsp s2, 32(sp)          : MemWrite :  D=0x0000000000072000 A=0x7ffffffffffffd10
2154500: system.cpu: T0 : 0x14ab2    : c_sdsp s3, 24(sp)          : MemWrite :  D=0x0000000000072000 A=0x7ffffffffffffd08
2155000: system.cpu: T0 : 0x14ab4    : c_sdsp s4, 16(sp)          : MemWrite :  D=0x0000000000070000 A=0x7ffffffffffffd00
2155500: system.cpu: T0 : 0x14ab6    : c_sdsp s5, 8(sp)           : MemWrite :  D=0x0000000000072000 A=0x7ffffffffffffcf8
2156000: system.cpu: T0 : 0x14ab8    : c_sdsp s6, 0(sp)           : MemWrite :  D=0x0000000000072000 A=0x7ffffffffffffcf0
2156500: system.cpu: T0 : 0x14aba    : c_beqz s1, 210             : IntAlu : 
2157000: system.cpu: T0 : 0x14abc    : lbu a5, 0(a0)              : MemRead :  D=0x000000000000004c A=0x502a0
2157500: system.cpu: T0 : 0x14ac0    : c_mv s4, a0                : IntAlu :  D=0x00000000000502a0
2158000: system.cpu: T0 : 0x14ac2    : c_beqz a5, 202             : IntAlu : 
2158500: system.cpu: T0 : 0x14ac4    : lbu s5, 1(a0)              : MemRead :  D=0x0000000000000044 A=0x502a1
2159000: system.cpu: T0 : 0x14ac8    : slliw s2, a5, 16           : IntAlu :  D=0x00000000004c0000
2159500: system.cpu: T0 : 0x14acc    : c_ld s0, 0(s1)             : MemRead :  D=0x0000000000000000 A=0x7fffffffffffff48
2160500: system.cpu: T0 : 0x14ace    : sraiw s2, s2, 16           : IntAlu :  D=0x000000000000004c
2161500: system.cpu: T0 : 0x14ad2    : bne s5, zero, 86           : IntAlu : 
2162000: system.cpu: T0 : 0x14b28    : jal ra, 42492              : IntAlu :  D=0x0000000000014b2c
2162500: system.cpu: T0 : 0x1f124    : andi a5, a0, 7             : IntAlu :  D=0x0000000000000000
2163000: system.cpu: T0 : 0x1f128    : c_beqz a5, 26              : IntAlu : 
2163500: system.cpu: T0 : 0x1f142    : c_mv a5, a0                : IntAlu :  D=0x00000000000502a0
2164000: system.cpu: T0 : 0x1f144    : ld a6, -2024(gp)           : MemRead :  D=0xfefefefefefefeff A=0x70890
2164500: system.cpu: T0 : 0x1f148    : ld a1, -2016(gp)           : MemRead :  D=0x8080808080808080 A=0x70898
2165000: system.cpu: T0 : 0x1f14c    : c_ld a2, 0(a5)             : MemRead :  D=0x49464f52505f444c A=0x502a0
2166000: system.cpu: T0 : 0x1f14e    : addi a3, a5, 8             : IntAlu :  D=0x00000000000502a8
2167000: system.cpu: T0 : 0x1f152    : add a4, a2, a6             : IntAlu :  D=0x48454e514f5e434b
2168000: system.cpu: T0 : 0x1f156    : xori a2, a2, 18446744073709551615 : IntAlu :  D=0xb6b9b0adafa0bbb3
2168500: system.cpu: T0 : 0x1f15a    : c_and a4, a2               : IntAlu :  D=0x000100010f000303
2169000: system.cpu: T0 : 0x1f15c    : c_and a4, a1               : IntAlu :  D=0x0000000000000000
2169500: system.cpu: T0 : 0x1f15e    : c_beqz a4, 50              : IntAlu : 
2170000: system.cpu: T0 : 0x1f190    : c_mv a5, a3                : IntAlu :  D=0x00000000000502a8
2170500: system.cpu: T0 : 0x1f192    : c_j -70                    : IntAlu : 
2171000: system.cpu: T0 : 0x1f14c    : c_ld a2, 0(a5)             : MemRead :  D=0x555054554f5f454c A=0x502a8
2172000: system.cpu: T0 : 0x1f14e    : addi a3, a5, 8             : IntAlu :  D=0x00000000000502b0
2173000: system.cpu: T0 : 0x1f152    : add a4, a2, a6             : IntAlu :  D=0x544f53544e5e444b
2174000: system.cpu: T0 : 0x1f156    : xori a2, a2, 18446744073709551615 : IntAlu :  D=0xaaafabaab0a0bab3
2174500: system.cpu: T0 : 0x1f15a    : c_and a4, a2               : IntAlu :  D=0x000f030000000003
2175000: system.cpu: T0 : 0x1f15c    : c_and a4, a1               : IntAlu :  D=0x0000000000000000
2175500: system.cpu: T0 : 0x1f15e    : c_beqz a4, 50              : IntAlu : 
2176000: system.cpu: T0 : 0x1f190    : c_mv a5, a3                : IntAlu :  D=0x00000000000502b0
2176500: system.cpu: T0 : 0x1f192    : c_j -70                    : IntAlu : 
2177000: system.cpu: T0 : 0x1f14c    : c_ld a2, 0(a5)             : MemRead :  D=0x0000000000000054 A=0x502b0
2178000: system.cpu: T0 : 0x1f14e    : addi a3, a5, 8             : IntAlu :  D=0x00000000000502b8
2179000: system.cpu: T0 : 0x1f152    : add a4, a2, a6             : IntAlu :  D=0xfefefefefefeff53
2180000: system.cpu: T0 : 0x1f156    : xori a2, a2, 18446744073709551615 : IntAlu :  D=0xffffffffffffffab
2180500: system.cpu: T0 : 0x1f15a    : c_and a4, a2               : IntAlu :  D=0xfefefefefefeff03
2181000: system.cpu: T0 : 0x1f15c    : c_and a4, a1               : IntAlu :  D=0x8080808080808000
2181500: system.cpu: T0 : 0x1f15e    : c_beqz a4, 50              : IntAlu : 
2182000: system.cpu: T0 : 0x1f160    : lbu a4, -8(a3)             : MemRead :  D=0x0000000000000054 A=0x502b0
2182500: system.cpu: T0 : 0x1f164    : c_beqz a4, -40             : IntAlu : 
2183500: system.cpu: T0 : 0x1f166    : lbu a4, -7(a3)             : MemRead :  D=0x0000000000000000 A=0x502b1
2184000: system.cpu: T0 : 0x1f16a    : c_beqz a4, 50              : IntAlu : 
2184500: system.cpu: T0 : 0x1f19c    : c_sub a5, a0               : IntAlu :  D=0x0000000000000010
2185500: system.cpu: T0 : 0x1f19e    : addi a0, a5, 1             : IntAlu :  D=0x0000000000000011
2186000: system.cpu: T0 : 0x1f1a2    : c_jr ra                    : IntAlu : 
2186500: system.cpu: T0 : 0x14b2c    : slli a5, s5, 8             : IntAlu :  D=0x0000000000004400
2187000: system.cpu: T0 : 0x14b30    : or a5, s2, a5              : IntAlu :  D=0x000000000000444c
2187500: system.cpu: T0 : 0x14b34    : slliw s2, a5, 16           : IntAlu :  D=0x00000000444c0000
2188000: system.cpu: T0 : 0x14b38    : c_mv s3, a0                : IntAlu :  D=0x0000000000000011
2189000: system.cpu: T0 : 0x14b3a    : sraiw s2, s2, 16           : IntAlu :  D=0x000000000000444c
2190000: system.cpu: T0 : 0x14b3e    : addi s5, a0, -2            : IntAlu :  D=0x000000000000000f
2190500: system.cpu: T0 : 0x14b42    : c_addi s4, 2               : IntAlu :  D=0x00000000000502a2
2191000: system.cpu: T0 : 0x14b44    : c_beqz s0, -50             : IntAlu : 
2191500: system.cpu: T0 : 0x14b12    : c_ldsp ra, 56(sp)          : MemRead :  D=0x0000000000022cfa A=0x7ffffffffffffd28
2192000: system.cpu: T0 : 0x14b14    : c_mv a0, s0                : IntAlu :  D=0x0000000000000000
2192500: system.cpu: T0 : 0x14b16    : c_ldsp s0, 48(sp)          : MemRead :  D=0x000000000006ef80 A=0x7ffffffffffffd20
2193000: system.cpu: T0 : 0x14b18    : c_ldsp s1, 40(sp)          : MemRead :  D=0x000000000006feb0 A=0x7ffffffffffffd18
2193500: system.cpu: T0 : 0x14b1a    : c_ldsp s2, 32(sp)          : MemRead :  D=0x0000000000072000 A=0x7ffffffffffffd10
2194000: system.cpu: T0 : 0x14b1c    : c_ldsp s3, 24(sp)          : MemRead :  D=0x0000000000072000 A=0x7ffffffffffffd08
2194500: system.cpu: T0 : 0x14b1e    : c_ldsp s4, 16(sp)          : MemRead :  D=0x0000000000070000 A=0x7ffffffffffffd00
2195000: system.cpu: T0 : 0x14b20    : c_ldsp s5, 8(sp)           : MemRead :  D=0x0000000000072000 A=0x7ffffffffffffcf8
2195500: system.cpu: T0 : 0x14b22    : c_ldsp s6, 0(sp)           : MemRead :  D=0x0000000000072000 A=0x7ffffffffffffcf0
2196000: system.cpu: T0 : 0x14b24    : c_addi16sp sp, 64          : IntAlu :  D=0x7ffffffffffffd30
2196500: system.cpu: T0 : 0x14b26    : c_jr ra                    : IntAlu : 
2197500: system.cpu: T0 : 0x22cfa    : lui a4, 114                : IntAlu :  D=0x0000000000072000
2198500: system.cpu: T0 : 0x22cfe    : sd a0, -472(a4)            : MemWrite :  D=0x0000000000000000 A=0x71e28
2199500: system.cpu: T0 : 0x22d02    : beq a0, zero, 550          : IntAlu : 
2200000: system.cpu: T0 : 0x22f28    : lui a5, 111                : IntAlu :  D=0x000000000006f000
2200500: system.cpu: T0 : 0x22f2c    : lw a5, -72(a5)             : MemRead :  D=0x0000000000000000 A=0x6efb8
2201000: system.cpu: T0 : 0x22f30    : c_beqz a5, -140            : IntAlu : 
2201500: system.cpu: T0 : 0x22ea4    : lui a3, 80                 : IntAlu :  D=0x0000000000050000
2202000: system.cpu: T0 : 0x22ea8    : addi a3, a3, -48           : IntAlu :  D=0x000000000004ffd0
2202500: system.cpu: T0 : 0x22eac    : c_j -396                   : IntAlu : 
2203000: system.cpu: T0 : 0x22d20    : sd a3, -472(a4)            : MemWrite :  D=0x000000000004ffd0 A=0x71e28
2203500: system.cpu: T0 : 0x22d24    : bne a5, zero, 344          : IntAlu : 
2204000: system.cpu: T0 : 0x22d28    : lui a0, 80                 : IntAlu :  D=0x0000000000050000
2204500: system.cpu: T0 : 0x22d2c    : addi a0, a0, 696           : IntAlu :  D=0x00000000000502b8
2205000: system.cpu: T0 : 0x22d30    : jal ra, -57996             : IntAlu :  D=0x0000000000022d34
2205500: system.cpu: T0 : 0x14aa4    : c_addi16sp sp, -64         : IntAlu :  D=0x7ffffffffffffcf0
2206000: system.cpu: T0 : 0x14aa6    : c_sdsp s1, 40(sp)          : MemWrite :  D=0x000000000006feb0 A=0x7ffffffffffffd18
2206500: system.cpu: T0 : 0x14aa8    : ld s1, -1360(gp)           : MemRead :  D=0x7fffffffffffff48 A=0x70b28
2207000: system.cpu: T0 : 0x14aac    : c_sdsp ra, 56(sp)          : MemWrite :  D=0x0000000000022d34 A=0x7ffffffffffffd28
2207500: system.cpu: T0 : 0x14aae    : c_sdsp s0, 48(sp)          : MemWrite :  D=0x000000000006ef80 A=0x7ffffffffffffd20
2208000: system.cpu: T0 : 0x14ab0    : c_sdsp s2, 32(sp)          : MemWrite :  D=0x0000000000072000 A=0x7ffffffffffffd10
2208500: system.cpu: T0 : 0x14ab2    : c_sdsp s3, 24(sp)          : MemWrite :  D=0x0000000000072000 A=0x7ffffffffffffd08
2209000: system.cpu: T0 : 0x14ab4    : c_sdsp s4, 16(sp)          : MemWrite :  D=0x0000000000070000 A=0x7ffffffffffffd00
2209500: system.cpu: T0 : 0x14ab6    : c_sdsp s5, 8(sp)           : MemWrite :  D=0x0000000000072000 A=0x7ffffffffffffcf8
2210000: system.cpu: T0 : 0x14ab8    : c_sdsp s6, 0(sp)           : MemWrite :  D=0x0000000000072000 A=0x7ffffffffffffcf0
2210500: system.cpu: T0 : 0x14aba    : c_beqz s1, 210             : IntAlu : 
2211000: system.cpu: T0 : 0x14abc    : lbu a5, 0(a0)              : MemRead :  D=0x000000000000004c A=0x502b8
2211500: system.cpu: T0 : 0x14ac0    : c_mv s4, a0                : IntAlu :  D=0x00000000000502b8
2212000: system.cpu: T0 : 0x14ac2    : c_beqz a5, 202             : IntAlu : 
2212500: system.cpu: T0 : 0x14ac4    : lbu s5, 1(a0)              : MemRead :  D=0x0000000000000044 A=0x502b9
2213000: system.cpu: T0 : 0x14ac8    : slliw s2, a5, 16           : IntAlu :  D=0x00000000004c0000
2213500: system.cpu: T0 : 0x14acc    : c_ld s0, 0(s1)             : MemRead :  D=0x0000000000000000 A=0x7fffffffffffff48
2214500: system.cpu: T0 : 0x14ace    : sraiw s2, s2, 16           : IntAlu :  D=0x000000000000004c
2215500: system.cpu: T0 : 0x14ad2    : bne s5, zero, 86           : IntAlu : 
2216000: system.cpu: T0 : 0x14b28    : jal ra, 42492              : IntAlu :  D=0x0000000000014b2c
2216500: system.cpu: T0 : 0x1f124    : andi a5, a0, 7             : IntAlu :  D=0x0000000000000000
2217000: system.cpu: T0 : 0x1f128    : c_beqz a5, 26              : IntAlu : 
2217500: system.cpu: T0 : 0x1f142    : c_mv a5, a0                : IntAlu :  D=0x00000000000502b8
2218000: system.cpu: T0 : 0x1f144    : ld a6, -2024(gp)           : MemRead :  D=0xfefefefefefefeff A=0x70890
2218500: system.cpu: T0 : 0x1f148    : ld a1, -2016(gp)           : MemRead :  D=0x8080808080808080 A=0x70898
2219000: system.cpu: T0 : 0x1f14c    : c_ld a2, 0(a5)             : MemRead :  D=0x4d555353415f444c A=0x502b8
2220000: system.cpu: T0 : 0x1f14e    : addi a3, a5, 8             : IntAlu :  D=0x00000000000502c0
2221000: system.cpu: T0 : 0x1f152    : add a4, a2, a6             : IntAlu :  D=0x4c545252405e434b
2222000: system.cpu: T0 : 0x1f156    : xori a2, a2, 18446744073709551615 : IntAlu :  D=0xb2aaacacbea0bbb3
2222500: system.cpu: T0 : 0x1f15a    : c_and a4, a2               : IntAlu :  D=0x0000000000000303
2223000: system.cpu: T0 : 0x1f15c    : c_and a4, a1               : IntAlu :  D=0x0000000000000000
2223500: system.cpu: T0 : 0x1f15e    : c_beqz a4, 50              : IntAlu : 
2224000: system.cpu: T0 : 0x1f190    : c_mv a5, a3                : IntAlu :  D=0x00000000000502c0
2224500: system.cpu: T0 : 0x1f192    : c_j -70                    : IntAlu : 
2225000: system.cpu: T0 : 0x1f14c    : c_ld a2, 0(a5)             : MemRead :  D=0x4c454e52454b5f45 A=0x502c0
2226000: system.cpu: T0 : 0x1f14e    : addi a3, a5, 8             : IntAlu :  D=0x00000000000502c8
2227000: system.cpu: T0 : 0x1f152    : add a4, a2, a6             : IntAlu :  D=0x4b444d51444a5e44
2228000: system.cpu: T0 : 0x1f156    : xori a2, a2, 18446744073709551615 : IntAlu :  D=0xb3bab1adbab4a0ba
2228500: system.cpu: T0 : 0x1f15a    : c_and a4, a2               : IntAlu :  D=0x0300010100000000
2229000: system.cpu: T0 : 0x1f15c    : c_and a4, a1               : IntAlu :  D=0x0000000000000000
2229500: system.cpu: T0 : 0x1f15e    : c_beqz a4, 50              : IntAlu : 
2230000: system.cpu: T0 : 0x1f190    : c_mv a5, a3                : IntAlu :  D=0x00000000000502c8
2230500: system.cpu: T0 : 0x1f192    : c_j -70                    : IntAlu : 
2231000: system.cpu: T0 : 0x1f14c    : c_ld a2, 0(a5)             : MemRead :  D=0x0000000000000000 A=0x502c8
2232000: system.cpu: T0 : 0x1f14e    : addi a3, a5, 8             : IntAlu :  D=0x00000000000502d0
2233000: system.cpu: T0 : 0x1f152    : add a4, a2, a6             : IntAlu :  D=0xfefefefefefefeff
2234000: system.cpu: T0 : 0x1f156    : xori a2, a2, 18446744073709551615 : IntAlu :  D=0xffffffffffffffff
2234500: system.cpu: T0 : 0x1f15a    : c_and a4, a2               : IntAlu :  D=0xfefefefefefefeff
2235000: system.cpu: T0 : 0x1f15c    : c_and a4, a1               : IntAlu :  D=0x8080808080808080
2235500: system.cpu: T0 : 0x1f15e    : c_beqz a4, 50              : IntAlu : 
2236000: system.cpu: T0 : 0x1f160    : lbu a4, -8(a3)             : MemRead :  D=0x0000000000000000 A=0x502c8
2236500: system.cpu: T0 : 0x1f164    : c_beqz a4, -40             : IntAlu : 
2237000: system.cpu: T0 : 0x1f13c    : sub a0, a5, a0             : IntAlu :  D=0x0000000000000010
2237500: system.cpu: T0 : 0x1f140    : c_jr ra                    : IntAlu : 
2238000: system.cpu: T0 : 0x14b2c    : slli a5, s5, 8             : IntAlu :  D=0x0000000000004400
2238500: system.cpu: T0 : 0x14b30    : or a5, s2, a5              : IntAlu :  D=0x000000000000444c
2239000: system.cpu: T0 : 0x14b34    : slliw s2, a5, 16           : IntAlu :  D=0x00000000444c0000
2239500: system.cpu: T0 : 0x14b38    : c_mv s3, a0                : IntAlu :  D=0x0000000000000010
2240500: system.cpu: T0 : 0x14b3a    : sraiw s2, s2, 16           : IntAlu :  D=0x000000000000444c
2241500: system.cpu: T0 : 0x14b3e    : addi s5, a0, -2            : IntAlu :  D=0x000000000000000e
2242000: system.cpu: T0 : 0x14b42    : c_addi s4, 2               : IntAlu :  D=0x00000000000502ba
2242500: system.cpu: T0 : 0x14b44    : c_beqz s0, -50             : IntAlu : 
2243000: system.cpu: T0 : 0x14b12    : c_ldsp ra, 56(sp)          : MemRead :  D=0x0000000000022d34 A=0x7ffffffffffffd28
2243500: system.cpu: T0 : 0x14b14    : c_mv a0, s0                : IntAlu :  D=0x0000000000000000
2244000: system.cpu: T0 : 0x14b16    : c_ldsp s0, 48(sp)          : MemRead :  D=0x000000000006ef80 A=0x7ffffffffffffd20
2244500: system.cpu: T0 : 0x14b18    : c_ldsp s1, 40(sp)          : MemRead :  D=0x000000000006feb0 A=0x7ffffffffffffd18
2245000: system.cpu: T0 : 0x14b1a    : c_ldsp s2, 32(sp)          : MemRead :  D=0x0000000000072000 A=0x7ffffffffffffd10
2245500: system.cpu: T0 : 0x14b1c    : c_ldsp s3, 24(sp)          : MemRead :  D=0x0000000000072000 A=0x7ffffffffffffd08
2246000: system.cpu: T0 : 0x14b1e    : c_ldsp s4, 16(sp)          : MemRead :  D=0x0000000000070000 A=0x7ffffffffffffd00
2246500: system.cpu: T0 : 0x14b20    : c_ldsp s5, 8(sp)           : MemRead :  D=0x0000000000072000 A=0x7ffffffffffffcf8
2247000: system.cpu: T0 : 0x14b22    : c_ldsp s6, 0(sp)           : MemRead :  D=0x0000000000072000 A=0x7ffffffffffffcf0
2247500: system.cpu: T0 : 0x14b24    : c_addi16sp sp, 64          : IntAlu :  D=0x7ffffffffffffd30
2248000: system.cpu: T0 : 0x14b26    : c_jr ra                    : IntAlu : 
2248500: system.cpu: T0 : 0x22d34    : c_mv s0, a0                : IntAlu :  D=0x0000000000000000
2249000: system.cpu: T0 : 0x22d36    : c_beqz a0, 76              : IntAlu : 
2250000: system.cpu: T0 : 0x22d82    : lui a5, 114                : IntAlu :  D=0x0000000000072000
2251000: system.cpu: T0 : 0x22d86    : ld a0, -416(a5)            : MemRead :  D=0x0000000000000000 A=0x71e60
2251500: system.cpu: T0 : 0x22d8a    : c_beqz a0, 14              : IntAlu : 
2252000: system.cpu: T0 : 0x22d98    : ld a5, -384(s2)            : MemRead :  D=0x0000000000010040 A=0x71e80
2252500: system.cpu: T0 : 0x22d9c    : ld t3, 1120(s1)            : MemRead :  D=0x0000000000000000 A=0x70310
2253000: system.cpu: T0 : 0x22da0    : c_beqz a5, 110             : IntAlu : 
2254000: system.cpu: T0 : 0x22da2    : ld a4, -328(s3)            : MemRead :  D=0x0000000000000006 A=0x71eb8
2255000: system.cpu: T0 : 0x22da6    : slli a3, a4, 3             : IntAlu :  D=0x0000000000000030
2255500: system.cpu: T0 : 0x22daa    : c_sub a3, a4               : IntAlu :  D=0x000000000000002a
2256000: system.cpu: T0 : 0x22dac    : c_slli a3, 3               : IntAlu :  D=0x0000000000000150
2256500: system.cpu: T0 : 0x22dae    : c_add a3, a5               : IntAlu :  D=0x0000000000010190
2257000: system.cpu: T0 : 0x22db0    : bgeu a5, a3, 94            : IntAlu : 
2257500: system.cpu: T0 : 0x22db4    : lui a2, 411470             : IntAlu :  D=0x000000006474e000
2258000: system.cpu: T0 : 0x22db8    : addi a1, a2, 1361          : IntAlu :  D=0x000000006474e551
2258500: system.cpu: T0 : 0x22dbc    : ld t4, 1112(s1)            : MemRead :  D=0x0000000000000000 A=0x70308
2259000: system.cpu: T0 : 0x22dc0    : lw t1, -1800(gp)           : MemRead :  D=0x0000000000000006 A=0x70970
2259500: system.cpu: T0 : 0x22dc4    : c_mv a6, t3                : IntAlu :  D=0x0000000000000000
2260000: system.cpu: T0 : 0x22dc6    : c_li a7, 0                 : IntAlu :  D=0x0000000000000000
2260500: system.cpu: T0 : 0x22dc8    : c_li a0, 0                 : IntAlu :  D=0x0000000000000000
2261500: system.cpu: T0 : 0x22dca    : addi a2, a2, 1362          : IntAlu :  D=0x000000006474e552
2262000: system.cpu: T0 : 0x22dce    : c_j 24                     : IntAlu : 
2262500: system.cpu: T0 : 0x22de6    : c_lw a4, 0(a5)             : MemRead :  D=0x0000000000000001 A=0x10040
2263000: system.cpu: T0 : 0x22de8    : bne a4, a1, -24            : IntAlu : 
2263500: system.cpu: T0 : 0x22dd0    : bne a4, a2, 14             : IntAlu : 
2264500: system.cpu: T0 : 0x22dde    : addi a5, a5, 56            : IntAlu :  D=0x0000000000010078
2265500: system.cpu: T0 : 0x22de2    : bgeu a5, a3, 24            : IntAlu : 
2266000: system.cpu: T0 : 0x22de6    : c_lw a4, 0(a5)             : MemRead :  D=0x0000000000000001 A=0x10078
2266500: system.cpu: T0 : 0x22de8    : bne a4, a1, -24            : IntAlu : 
2267000: system.cpu: T0 : 0x22dd0    : bne a4, a2, 14             : IntAlu : 
2268000: system.cpu: T0 : 0x22dde    : addi a5, a5, 56            : IntAlu :  D=0x00000000000100b0
2269000: system.cpu: T0 : 0x22de2    : bgeu a5, a3, 24            : IntAlu : 
2269500: system.cpu: T0 : 0x22de6    : c_lw a4, 0(a5)             : MemRead :  D=0x0000000000000004 A=0x100b0
2270000: system.cpu: T0 : 0x22de8    : bne a4, a1, -24            : IntAlu : 
2270500: system.cpu: T0 : 0x22dd0    : bne a4, a2, 14             : IntAlu : 
2271500: system.cpu: T0 : 0x22dde    : addi a5, a5, 56            : IntAlu :  D=0x00000000000100e8
2272500: system.cpu: T0 : 0x22de2    : bgeu a5, a3, 24            : IntAlu : 
2273000: system.cpu: T0 : 0x22de6    : c_lw a4, 0(a5)             : MemRead :  D=0x0000000000000007 A=0x100e8
2273500: system.cpu: T0 : 0x22de8    : bne a4, a1, -24            : IntAlu : 
2274000: system.cpu: T0 : 0x22dd0    : bne a4, a2, 14             : IntAlu : 
2275000: system.cpu: T0 : 0x22dde    : addi a5, a5, 56            : IntAlu :  D=0x0000000000010120
2276000: system.cpu: T0 : 0x22de2    : bgeu a5, a3, 24            : IntAlu : 
2276500: system.cpu: T0 : 0x22de6    : c_lw a4, 0(a5)             : MemRead :  D=0x000000006474e551 A=0x10120
2277000: system.cpu: T0 : 0x22de8    : bne a4, a1, -24            : IntAlu : 
2277500: system.cpu: T0 : 0x22dec    : lw t1, 4(a5)               : MemRead :  D=0x0000000000000006 A=0x10124
2278000: system.cpu: T0 : 0x22df0    : addi a5, a5, 56            : IntAlu :  D=0x0000000000010158
2278500: system.cpu: T0 : 0x22df4    : c_li a0, 1                 : IntAlu :  D=0x0000000000000001
2279500: system.cpu: T0 : 0x22df6    : bltu a5, a3, -16           : IntAlu : 
2280000: system.cpu: T0 : 0x22de6    : c_lw a4, 0(a5)             : MemRead :  D=0x000000006474e552 A=0x10158
2280500: system.cpu: T0 : 0x22de8    : bne a4, a1, -24            : IntAlu : 
2281000: system.cpu: T0 : 0x22dd0    : bne a4, a2, 14             : IntAlu : 
2281500: system.cpu: T0 : 0x22dd4    : ld t4, 16(a5)              : MemRead :  D=0x000000000006ead0 A=0x10168
2282000: system.cpu: T0 : 0x22dd8    : ld a6, 40(a5)              : MemRead :  D=0x0000000000000530 A=0x10180
2282500: system.cpu: T0 : 0x22ddc    : c_li a7, 1                 : IntAlu :  D=0x0000000000000001
2283500: system.cpu: T0 : 0x22dde    : addi a5, a5, 56            : IntAlu :  D=0x0000000000010190
2284500: system.cpu: T0 : 0x22de2    : bgeu a5, a3, 24            : IntAlu : 
2285000: system.cpu: T0 : 0x22dfa    : c_beqz a0, 6               : IntAlu : 
2285500: system.cpu: T0 : 0x22dfc    : sw t1, -1800(gp)           : MemWrite :  D=0x0000000000000006 A=0x70970
2286000: system.cpu: T0 : 0x22e00    : beq a7, zero, 14           : IntAlu : 
2286500: system.cpu: T0 : 0x22e04    : sd t4, 1112(s1)            : MemWrite :  D=0x000000000006ead0 A=0x70308
2287000: system.cpu: T0 : 0x22e08    : sd a6, 1120(s1)            : MemWrite :  D=0x0000000000000530 A=0x70310
2287500: system.cpu: T0 : 0x22e0c    : c_mv t3, a6                : IntAlu :  D=0x0000000000000530
2288500: system.cpu: T0 : 0x22e0e    : bne t3, zero, 272          : IntAlu : 
2289500: system.cpu: T0 : 0x22f1e    : addi a0, s4, -336          : IntAlu :  D=0x000000000006feb0
2290500: system.cpu: T0 : 0x22f22    : jal ra, 106388             : IntAlu :  D=0x0000000000022f26
2291000: system.cpu: T0 : 0x3ceb6    : c_addi sp, -16             : IntAlu :  D=0x7ffffffffffffd20
2291500: system.cpu: T0 : 0x3ceb8    : c_ld a5, 0(a0)             : MemRead :  D=0x0000000000000000 A=0x6feb0
2292000: system.cpu: T0 : 0x3ceba    : c_sdsp s0, 0(sp)           : MemWrite :  D=0x0000000000000000 A=0x7ffffffffffffd20
2292500: system.cpu: T0 : 0x3cebc    : c_mv s0, a0                : IntAlu :  D=0x000000000006feb0
2293500: system.cpu: T0 : 0x3cebe    : ld a0, 1112(a0)            : MemRead :  D=0x000000000006ead0 A=0x70308
2294500: system.cpu: T0 : 0x3cec2    : ld a4, -1784(gp)           : MemRead :  D=0x0000000000001000 A=0x70980
2295500: system.cpu: T0 : 0x3cec6    : ld a1, 1120(s0)            : MemRead :  D=0x0000000000000530 A=0x70310
2296000: system.cpu: T0 : 0x3ceca    : c_add a5, a0               : IntAlu :  D=0x000000000006ead0
2296500: system.cpu: T0 : 0x3cecc    : sub a4, zero, a4           : IntAlu :  D=0xfffffffffffff000
2297000: system.cpu: T0 : 0x3ced0    : c_add a1, a5               : IntAlu :  D=0x000000000006f000
2297500: system.cpu: T0 : 0x3ced2    : c_sdsp ra, 8(sp)           : MemWrite :  D=0x0000000000022f26 A=0x7ffffffffffffd28
2298000: system.cpu: T0 : 0x3ced4    : and a0, a5, a4             : IntAlu :  D=0x000000000006e000
2298500: system.cpu: T0 : 0x3ced8    : c_and a1, a4               : IntAlu :  D=0x000000000006f000
2299500: system.cpu: T0 : 0x3ceda    : bne a0, a1, 12             : IntAlu : 
2300000: system.cpu: T0 : 0x3cee6    : c_li a2, 1                 : IntAlu :  D=0x0000000000000001
2300500: system.cpu: T0 : 0x3cee8    : c_sub a1, a0               : IntAlu :  D=0x0000000000001000
2301500: system.cpu: T0 : 0x3ceea    : jal ra, -113354            : IntAlu :  D=0x000000000003ceee
2302000: system.cpu: T0 : 0x21420    : addi a7, zero, 226         : IntAlu :  D=0x00000000000000e2
2302500: system.cpu: T0 : 0x21424    : ecall                      : No_OpClass : 
2303000: system.cpu: T0 : 0x21428    : c_lui a7, 1048575          : IntAlu :  D=0xfffffffffffff000
2304000: system.cpu: T0 : 0x2142a    : bltu a7, a0, 6             : IntAlu : 
2304500: system.cpu: T0 : 0x2142e    : c_jr ra                    : IntAlu : 
2305500: system.cpu: T0 : 0x3ceee    : bge a0, zero, -16          : IntAlu : 
2306000: system.cpu: T0 : 0x3cede    : c_ldsp ra, 8(sp)           : MemRead :  D=0x0000000000022f26 A=0x7ffffffffffffd28
2306500: system.cpu: T0 : 0x3cee0    : c_ldsp s0, 0(sp)           : MemRead :  D=0x0000000000000000 A=0x7ffffffffffffd20
2307000: system.cpu: T0 : 0x3cee2    : c_addi sp, 16              : IntAlu :  D=0x7ffffffffffffd30
2307500: system.cpu: T0 : 0x3cee4    : c_jr ra                    : IntAlu : 
2308000: system.cpu: T0 : 0x22f26    : c_j -276                   : IntAlu : 
2308500: system.cpu: T0 : 0x22e12    : c_ldsp ra, 152(sp)         : MemRead :  D=0x00000000000231a4 A=0x7ffffffffffffdc8
2309000: system.cpu: T0 : 0x22e14    : c_ldsp s0, 144(sp)         : MemRead :  D=0x0000000000000001 A=0x7ffffffffffffdc0
2309500: system.cpu: T0 : 0x22e16    : c_ldsp s1, 136(sp)         : MemRead :  D=0x7fffffffffffff38 A=0x7ffffffffffffdb8
2310000: system.cpu: T0 : 0x22e18    : c_ldsp s2, 128(sp)         : MemRead :  D=0x7fffffffffffff48 A=0x7ffffffffffffdb0
2310500: system.cpu: T0 : 0x22e1a    : c_ldsp s3, 120(sp)         : MemRead :  D=0x0000000000000000 A=0x7ffffffffffffda8
2311000: system.cpu: T0 : 0x22e1c    : c_ldsp s4, 112(sp)         : MemRead :  D=0x0000000000000000 A=0x7ffffffffffffda0
2311500: system.cpu: T0 : 0x22e1e    : c_ldsp s5, 104(sp)         : MemRead :  D=0x0000000000000000 A=0x7ffffffffffffd98
2312000: system.cpu: T0 : 0x22e20    : c_ldsp s6, 96(sp)          : MemRead :  D=0x0000000000000000 A=0x7ffffffffffffd90
2312500: system.cpu: T0 : 0x22e22    : c_ldsp s7, 88(sp)          : MemRead :  D=0x0000000000000000 A=0x7ffffffffffffd88
2313000: system.cpu: T0 : 0x22e24    : c_ldsp s8, 80(sp)          : MemRead :  D=0x0000000000000000 A=0x7ffffffffffffd80
2313500: system.cpu: T0 : 0x22e26    : c_ldsp s9, 72(sp)          : MemRead :  D=0x0000000000000000 A=0x7ffffffffffffd78
2314000: system.cpu: T0 : 0x22e28    : c_ldsp s10, 64(sp)         : MemRead :  D=0x0000000000000000 A=0x7ffffffffffffd70
2314500: system.cpu: T0 : 0x22e2a    : c_addi16sp sp, 160         : IntAlu :  D=0x7ffffffffffffdd0
2315000: system.cpu: T0 : 0x22e2c    : c_jr ra                    : IntAlu : 
2315500: system.cpu: T0 : 0x231a4    : c_mv a2, s2                : IntAlu :  D=0x7fffffffffffff48
2316000: system.cpu: T0 : 0x231a6    : c_mv a1, s1                : IntAlu :  D=0x7fffffffffffff38
2316500: system.cpu: T0 : 0x231a8    : c_mv a0, s0                : IntAlu :  D=0x0000000000000001
2317500: system.cpu: T0 : 0x231aa    : jal ra, -4344              : IntAlu :  D=0x00000000000231ae
2318000: system.cpu: T0 : 0x220b2    : c_beqz a1, 50              : IntAlu : 
2318500: system.cpu: T0 : 0x220b4    : c_addi sp, -32             : IntAlu :  D=0x7ffffffffffffdb0
2319000: system.cpu: T0 : 0x220b6    : c_sdsp s1, 8(sp)           : MemWrite :  D=0x7fffffffffffff38 A=0x7ffffffffffffdb8
2319500: system.cpu: T0 : 0x220b8    : c_ld s1, 0(a1)             : MemRead :  D=0x7fffffffffffffdb A=0x7fffffffffffff38
2320000: system.cpu: T0 : 0x220ba    : c_sdsp s0, 16(sp)          : MemWrite :  D=0x0000000000000001 A=0x7ffffffffffffdc0
2320500: system.cpu: T0 : 0x220bc    : c_sdsp ra, 24(sp)          : MemWrite :  D=0x00000000000231ae A=0x7ffffffffffffdc8
2321000: system.cpu: T0 : 0x220be    : c_mv s0, a1                : IntAlu :  D=0x7fffffffffffff38
2321500: system.cpu: T0 : 0x220c0    : c_beqz s1, 26              : IntAlu : 
2322500: system.cpu: T0 : 0x220c2    : addi a1, zero, 47          : IntAlu :  D=0x000000000000002f
2323000: system.cpu: T0 : 0x220c6    : c_mv a0, s1                : IntAlu :  D=0x7fffffffffffffdb
2323500: system.cpu: T0 : 0x220c8    : jal ra, 90482              : IntAlu :  D=0x00000000000220cc
2324000: system.cpu: T0 : 0x3823a    : c_addi sp, -32             : IntAlu :  D=0x7ffffffffffffd90
2324500: system.cpu: T0 : 0x3823c    : c_sdsp s0, 16(sp)          : MemWrite :  D=0x7fffffffffffff38 A=0x7ffffffffffffda0
2325000: system.cpu: T0 : 0x3823e    : c_sdsp s1, 8(sp)           : MemWrite :  D=0x7fffffffffffffdb A=0x7ffffffffffffd98
2325500: system.cpu: T0 : 0x38240    : c_sdsp s2, 0(sp)           : MemWrite :  D=0x7fffffffffffff48 A=0x7ffffffffffffd90
2326000: system.cpu: T0 : 0x38242    : c_sdsp ra, 24(sp)          : MemWrite :  D=0x00000000000220cc A=0x7ffffffffffffda8
2326500: system.cpu: T0 : 0x38244    : andi s1, a1, 255           : IntAlu :  D=0x000000000000002f
2327000: system.cpu: T0 : 0x38248    : c_mv s0, a0                : IntAlu :  D=0x7fffffffffffffdb
2327500: system.cpu: T0 : 0x3824a    : c_li s2, 0                 : IntAlu :  D=0x0000000000000000
2328000: system.cpu: T0 : 0x3824c    : c_bnez s1, 10              : IntAlu : 
2328500: system.cpu: T0 : 0x38256    : c_mv a0, s0                : IntAlu :  D=0x7fffffffffffffdb
2329000: system.cpu: T0 : 0x38258    : c_mv a1, s1                : IntAlu :  D=0x000000000000002f
2330000: system.cpu: T0 : 0x3825a    : jal ra, -103340            : IntAlu :  D=0x000000000003825e
2331000: system.cpu: T0 : 0x1eeae    : andi a5, a0, 7             : IntAlu :  D=0x0000000000000003
2332000: system.cpu: T0 : 0x1eeb2    : andi a4, a1, 255           : IntAlu :  D=0x000000000000002f
2332500: system.cpu: T0 : 0x1eeb6    : c_bnez a5, 14              : IntAlu : 
2333000: system.cpu: T0 : 0x1eec4    : lbu a5, 0(a0)              : MemRead :  D=0x000000000000002e A=0x7fffffffffffffdb
2333500: system.cpu: T0 : 0x1eec8    : bne a5, a4, -14            : IntAlu : 
2334000: system.cpu: T0 : 0x1eeba    : c_addi a0, 1               : IntAlu :  D=0x7fffffffffffffdc
2334500: system.cpu: T0 : 0x1eebc    : andi a3, a0, 7             : IntAlu :  D=0x0000000000000004
2335000: system.cpu: T0 : 0x1eec0    : c_beqz a5, 168             : IntAlu : 
2335500: system.cpu: T0 : 0x1eec2    : c_beqz a3, 12              : IntAlu : 
2336000: system.cpu: T0 : 0x1eec4    : lbu a5, 0(a0)              : MemRead :  D=0x000000000000002e A=0x7fffffffffffffdc
2336500: system.cpu: T0 : 0x1eec8    : bne a5, a4, -14            : IntAlu : 
2337000: system.cpu: T0 : 0x1eeba    : c_addi a0, 1               : IntAlu :  D=0x7fffffffffffffdd
2337500: system.cpu: T0 : 0x1eebc    : andi a3, a0, 7             : IntAlu :  D=0x0000000000000005
2338000: system.cpu: T0 : 0x1eec0    : c_beqz a5, 168             : IntAlu : 
2338500: system.cpu: T0 : 0x1eec2    : c_beqz a3, 12              : IntAlu : 
2339000: system.cpu: T0 : 0x1eec4    : lbu a5, 0(a0)              : MemRead :  D=0x000000000000002f A=0x7fffffffffffffdd
2339500: system.cpu: T0 : 0x1eec8    : bne a5, a4, -14            : IntAlu : 
2340000: system.cpu: T0 : 0x1eecc    : c_jr ra                    : IntAlu : 
2340500: system.cpu: T0 : 0x3825e    : c_bnez a0, -14             : IntAlu : 
2341000: system.cpu: T0 : 0x38250    : addi s0, a0, 1             : IntAlu :  D=0x7fffffffffffffde
2341500: system.cpu: T0 : 0x38254    : c_mv s2, a0                : IntAlu :  D=0x7fffffffffffffdd
2342000: system.cpu: T0 : 0x38256    : c_mv a0, s0                : IntAlu :  D=0x7fffffffffffffde
2342500: system.cpu: T0 : 0x38258    : c_mv a1, s1                : IntAlu :  D=0x000000000000002f
2343500: system.cpu: T0 : 0x3825a    : jal ra, -103340            : IntAlu :  D=0x000000000003825e
2344500: system.cpu: T0 : 0x1eeae    : andi a5, a0, 7             : IntAlu :  D=0x0000000000000006
2345500: system.cpu: T0 : 0x1eeb2    : andi a4, a1, 255           : IntAlu :  D=0x000000000000002f
2346000: system.cpu: T0 : 0x1eeb6    : c_bnez a5, 14              : IntAlu : 
2346500: system.cpu: T0 : 0x1eec4    : lbu a5, 0(a0)              : MemRead :  D=0x0000000000000044 A=0x7fffffffffffffde
2347000: system.cpu: T0 : 0x1eec8    : bne a5, a4, -14            : IntAlu : 
2347500: system.cpu: T0 : 0x1eeba    : c_addi a0, 1               : IntAlu :  D=0x7fffffffffffffdf
2348000: system.cpu: T0 : 0x1eebc    : andi a3, a0, 7             : IntAlu :  D=0x0000000000000007
2348500: system.cpu: T0 : 0x1eec0    : c_beqz a5, 168             : IntAlu : 
2349000: system.cpu: T0 : 0x1eec2    : c_beqz a3, 12              : IntAlu : 
2349500: system.cpu: T0 : 0x1eec4    : lbu a5, 0(a0)              : MemRead :  D=0x000000000000006f A=0x7fffffffffffffdf
2350000: system.cpu: T0 : 0x1eec8    : bne a5, a4, -14            : IntAlu : 
2350500: system.cpu: T0 : 0x1eeba    : c_addi a0, 1               : IntAlu :  D=0x7fffffffffffffe0
2351000: system.cpu: T0 : 0x1eebc    : andi a3, a0, 7             : IntAlu :  D=0x0000000000000000
2351500: system.cpu: T0 : 0x1eec0    : c_beqz a5, 168             : IntAlu : 
2352000: system.cpu: T0 : 0x1eec2    : c_beqz a3, 12              : IntAlu : 
2352500: system.cpu: T0 : 0x1eece    : c_lui a3, 16               : IntAlu :  D=0x0000000000010000
2353000: system.cpu: T0 : 0x1eed0    : slliw a5, a1, 8            : IntAlu :  D=0x0000000000002f00
2353500: system.cpu: T0 : 0x1eed4    : c_addi a3, -1              : IntAlu :  D=0x000000000000ffff
2354000: system.cpu: T0 : 0x1eed6    : c_and a5, a3               : IntAlu :  D=0x0000000000002f00
2354500: system.cpu: T0 : 0x1eed8    : andi a1, a1, 255           : IntAlu :  D=0x000000000000002f
2355000: system.cpu: T0 : 0x1eedc    : c_or a1, a5                : IntAlu :  D=0x0000000000002f2f
2355500: system.cpu: T0 : 0x1eede    : c_addiw a1, 0              : IntAlu :  D=0x0000000000002f2f
2356000: system.cpu: T0 : 0x1eee0    : slli t1, a1, 16            : IntAlu :  D=0x000000002f2f0000
2356500: system.cpu: T0 : 0x1eee4    : or a1, t1, a1              : IntAlu :  D=0x000000002f2f2f2f
2357000: system.cpu: T0 : 0x1eee8    : ld a6, -2032(gp)           : MemRead :  D=0x7efefefefefefeff A=0x70888
2357500: system.cpu: T0 : 0x1eeec    : slli t1, a1, 32            : IntAlu :  D=0x2f2f2f2f00000000
2358000: system.cpu: T0 : 0x1eef0    : or t1, t1, a1              : IntAlu :  D=0x2f2f2f2f2f2f2f2f
2358500: system.cpu: T0 : 0x1eef4    : c_li t3, -1                : IntAlu :  D=0xffffffffffffffff
2359000: system.cpu: T0 : 0x1eef6    : c_ld a1, 0(a0)             : MemRead :  D=0x2f7364616f6c6e77 A=0x7fffffffffffffe0
2359500: system.cpu: T0 : 0x1eef8    : addi a5, a0, 8             : IntAlu :  D=0x7fffffffffffffe8
2360000: system.cpu: T0 : 0x1eefc    : xor a7, t1, a1             : IntAlu :  D=0x005c4b4e40434158
2360500: system.cpu: T0 : 0x1ef00    : add a3, a1, a6             : IntAlu :  D=0xae7263606e6b6d76
2361000: system.cpu: T0 : 0x1ef04    : add a2, a7, a6             : IntAlu :  D=0x7f5b4a4d3f424057
2361500: system.cpu: T0 : 0x1ef08    : c_xor a3, a1               : IntAlu :  D=0x8101070101070301
2362500: system.cpu: T0 : 0x1ef0a    : xor a2, a2, a7             : IntAlu :  D=0x7f0701037f01010f
2363000: system.cpu: T0 : 0x1ef0e    : c_and a3, a2               : IntAlu :  D=0x0101010101010101
2363500: system.cpu: T0 : 0x1ef10    : or a3, a3, a6              : IntAlu :  D=0x7fffffffffffffff
2364000: system.cpu: T0 : 0x1ef14    : beq a3, t3, 88             : IntAlu : 
2364500: system.cpu: T0 : 0x1ef18    : lbu a3, -8(a5)             : MemRead :  D=0x0000000000000077 A=0x7fffffffffffffe0
2365000: system.cpu: T0 : 0x1ef1c    : beq a3, a4, -80            : IntAlu : 
2365500: system.cpu: T0 : 0x1ef20    : c_beqz a3, 72              : IntAlu : 
2366500: system.cpu: T0 : 0x1ef22    : lbu a3, -7(a5)             : MemRead :  D=0x000000000000006e A=0x7fffffffffffffe1
2367500: system.cpu: T0 : 0x1ef26    : beq a3, a4, 74             : IntAlu : 
2368000: system.cpu: T0 : 0x1ef2a    : c_beqz a3, 62              : IntAlu : 
2368500: system.cpu: T0 : 0x1ef2c    : lbu a3, -6(a5)             : MemRead :  D=0x000000000000006c A=0x7fffffffffffffe2
2369000: system.cpu: T0 : 0x1ef30    : beq a3, a4, 68             : IntAlu : 
2369500: system.cpu: T0 : 0x1ef34    : c_beqz a3, 52              : IntAlu : 
2370500: system.cpu: T0 : 0x1ef36    : lbu a3, -5(a5)             : MemRead :  D=0x000000000000006f A=0x7fffffffffffffe3
2371500: system.cpu: T0 : 0x1ef3a    : beq a3, a4, 62             : IntAlu : 
2372000: system.cpu: T0 : 0x1ef3e    : c_beqz a3, 42              : IntAlu : 
2372500: system.cpu: T0 : 0x1ef40    : lbu a3, -4(a5)             : MemRead :  D=0x0000000000000061 A=0x7fffffffffffffe4
2373000: system.cpu: T0 : 0x1ef44    : beq a3, a4, 56             : IntAlu : 
2373500: system.cpu: T0 : 0x1ef48    : c_beqz a3, 32              : IntAlu : 
2374500: system.cpu: T0 : 0x1ef4a    : lbu a3, -3(a5)             : MemRead :  D=0x0000000000000064 A=0x7fffffffffffffe5
2375500: system.cpu: T0 : 0x1ef4e    : beq a3, a4, 50             : IntAlu : 
2376000: system.cpu: T0 : 0x1ef52    : c_beqz a3, 22              : IntAlu : 
2376500: system.cpu: T0 : 0x1ef54    : lbu a3, -2(a5)             : MemRead :  D=0x0000000000000073 A=0x7fffffffffffffe6
2377000: system.cpu: T0 : 0x1ef58    : beq a3, a4, 44             : IntAlu : 
2377500: system.cpu: T0 : 0x1ef5c    : c_beqz a3, 12              : IntAlu : 
2378500: system.cpu: T0 : 0x1ef5e    : lbu a3, -1(a5)             : MemRead :  D=0x000000000000002f A=0x7fffffffffffffe7
2379500: system.cpu: T0 : 0x1ef62    : beq a3, a4, 38             : IntAlu : 
2380000: system.cpu: T0 : 0x1ef88    : c_addi a0, 7               : IntAlu :  D=0x7fffffffffffffe7
2380500: system.cpu: T0 : 0x1ef8a    : c_jr ra                    : IntAlu : 
2381000: system.cpu: T0 : 0x3825e    : c_bnez a0, -14             : IntAlu : 
2381500: system.cpu: T0 : 0x38250    : addi s0, a0, 1             : IntAlu :  D=0x7fffffffffffffe8
2382000: system.cpu: T0 : 0x38254    : c_mv s2, a0                : IntAlu :  D=0x7fffffffffffffe7
2382500: system.cpu: T0 : 0x38256    : c_mv a0, s0                : IntAlu :  D=0x7fffffffffffffe8
2383000: system.cpu: T0 : 0x38258    : c_mv a1, s1                : IntAlu :  D=0x000000000000002f
2384000: system.cpu: T0 : 0x3825a    : jal ra, -103340            : IntAlu :  D=0x000000000003825e
2385000: system.cpu: T0 : 0x1eeae    : andi a5, a0, 7             : IntAlu :  D=0x0000000000000000
2386000: system.cpu: T0 : 0x1eeb2    : andi a4, a1, 255           : IntAlu :  D=0x000000000000002f
2386500: system.cpu: T0 : 0x1eeb6    : c_bnez a5, 14              : IntAlu : 
2387000: system.cpu: T0 : 0x1eeb8    : c_j 22                     : IntAlu : 
2387500: system.cpu: T0 : 0x1eece    : c_lui a3, 16               : IntAlu :  D=0x0000000000010000
2388000: system.cpu: T0 : 0x1eed0    : slliw a5, a1, 8            : IntAlu :  D=0x0000000000002f00
2388500: system.cpu: T0 : 0x1eed4    : c_addi a3, -1              : IntAlu :  D=0x000000000000ffff
2389000: system.cpu: T0 : 0x1eed6    : c_and a5, a3               : IntAlu :  D=0x0000000000002f00
2389500: system.cpu: T0 : 0x1eed8    : andi a1, a1, 255           : IntAlu :  D=0x000000000000002f
2390000: system.cpu: T0 : 0x1eedc    : c_or a1, a5                : IntAlu :  D=0x0000000000002f2f
2390500: system.cpu: T0 : 0x1eede    : c_addiw a1, 0              : IntAlu :  D=0x0000000000002f2f
2391000: system.cpu: T0 : 0x1eee0    : slli t1, a1, 16            : IntAlu :  D=0x000000002f2f0000
2391500: system.cpu: T0 : 0x1eee4    : or a1, t1, a1              : IntAlu :  D=0x000000002f2f2f2f
2392000: system.cpu: T0 : 0x1eee8    : ld a6, -2032(gp)           : MemRead :  D=0x7efefefefefefeff A=0x70888
2392500: system.cpu: T0 : 0x1eeec    : slli t1, a1, 32            : IntAlu :  D=0x2f2f2f2f00000000
2393000: system.cpu: T0 : 0x1eef0    : or t1, t1, a1              : IntAlu :  D=0x2f2f2f2f2f2f2f2f
2393500: system.cpu: T0 : 0x1eef4    : c_li t3, -1                : IntAlu :  D=0xffffffffffffffff
2394000: system.cpu: T0 : 0x1eef6    : c_ld a1, 0(a0)             : MemRead :  D=0xc9007463656c6573 A=0x7fffffffffffffe8
2394500: system.cpu: T0 : 0x1eef8    : addi a5, a0, 8             : IntAlu :  D=0x7ffffffffffffff0
2395000: system.cpu: T0 : 0x1eefc    : xor a7, t1, a1             : IntAlu :  D=0xe62f5b4c4a434a5c
2395500: system.cpu: T0 : 0x1ef00    : add a3, a1, a6             : IntAlu :  D=0x47ff7362646b6472
2396000: system.cpu: T0 : 0x1ef04    : add a2, a7, a6             : IntAlu :  D=0x652e5a4b4942495b
2396500: system.cpu: T0 : 0x1ef08    : c_xor a3, a1               : IntAlu :  D=0x8eff070101070101
2397500: system.cpu: T0 : 0x1ef0a    : xor a2, a2, a7             : IntAlu :  D=0x8301010703010307
2398000: system.cpu: T0 : 0x1ef0e    : c_and a3, a2               : IntAlu :  D=0x8201010101010101
2398500: system.cpu: T0 : 0x1ef10    : or a3, a3, a6              : IntAlu :  D=0xfeffffffffffffff
2399000: system.cpu: T0 : 0x1ef14    : beq a3, t3, 88             : IntAlu : 
2399500: system.cpu: T0 : 0x1ef18    : lbu a3, -8(a5)             : MemRead :  D=0x0000000000000073 A=0x7fffffffffffffe8
2400000: system.cpu: T0 : 0x1ef1c    : beq a3, a4, -80            : IntAlu : 
2400500: system.cpu: T0 : 0x1ef20    : c_beqz a3, 72              : IntAlu : 
2401500: system.cpu: T0 : 0x1ef22    : lbu a3, -7(a5)             : MemRead :  D=0x0000000000000065 A=0x7fffffffffffffe9
2402500: system.cpu: T0 : 0x1ef26    : beq a3, a4, 74             : IntAlu : 
2403000: system.cpu: T0 : 0x1ef2a    : c_beqz a3, 62              : IntAlu : 
2403500: system.cpu: T0 : 0x1ef2c    : lbu a3, -6(a5)             : MemRead :  D=0x000000000000006c A=0x7fffffffffffffea
2404000: system.cpu: T0 : 0x1ef30    : beq a3, a4, 68             : IntAlu : 
2404500: system.cpu: T0 : 0x1ef34    : c_beqz a3, 52              : IntAlu : 
2405500: system.cpu: T0 : 0x1ef36    : lbu a3, -5(a5)             : MemRead :  D=0x0000000000000065 A=0x7fffffffffffffeb
2406500: system.cpu: T0 : 0x1ef3a    : beq a3, a4, 62             : IntAlu : 
2407000: system.cpu: T0 : 0x1ef3e    : c_beqz a3, 42              : IntAlu : 
2407500: system.cpu: T0 : 0x1ef40    : lbu a3, -4(a5)             : MemRead :  D=0x0000000000000063 A=0x7fffffffffffffec
2408000: system.cpu: T0 : 0x1ef44    : beq a3, a4, 56             : IntAlu : 
2408500: system.cpu: T0 : 0x1ef48    : c_beqz a3, 32              : IntAlu : 
2409500: system.cpu: T0 : 0x1ef4a    : lbu a3, -3(a5)             : MemRead :  D=0x0000000000000074 A=0x7fffffffffffffed
2410500: system.cpu: T0 : 0x1ef4e    : beq a3, a4, 50             : IntAlu : 
2411000: system.cpu: T0 : 0x1ef52    : c_beqz a3, 22              : IntAlu : 
2411500: system.cpu: T0 : 0x1ef54    : lbu a3, -2(a5)             : MemRead :  D=0x0000000000000000 A=0x7fffffffffffffee
2412000: system.cpu: T0 : 0x1ef58    : beq a3, a4, 44             : IntAlu : 
2412500: system.cpu: T0 : 0x1ef5c    : c_beqz a3, 12              : IntAlu : 
2413000: system.cpu: T0 : 0x1ef68    : c_li a0, 0                 : IntAlu :  D=0x0000000000000000
2413500: system.cpu: T0 : 0x1ef6a    : c_jr ra                    : IntAlu : 
2414000: system.cpu: T0 : 0x3825e    : c_bnez a0, -14             : IntAlu : 
2414500: system.cpu: T0 : 0x38260    : c_ldsp ra, 24(sp)          : MemRead :  D=0x00000000000220cc A=0x7ffffffffffffda8
2415000: system.cpu: T0 : 0x38262    : c_ldsp s0, 16(sp)          : MemRead :  D=0x7fffffffffffff38 A=0x7ffffffffffffda0
2415500: system.cpu: T0 : 0x38264    : c_ldsp s1, 8(sp)           : MemRead :  D=0x7fffffffffffffdb A=0x7ffffffffffffd98
2416000: system.cpu: T0 : 0x38266    : c_mv a0, s2                : IntAlu :  D=0x7fffffffffffffe7
2416500: system.cpu: T0 : 0x38268    : c_ldsp s2, 0(sp)           : MemRead :  D=0x7fffffffffffff48 A=0x7ffffffffffffd90
2417000: system.cpu: T0 : 0x3826a    : c_addi16sp sp, 32          : IntAlu :  D=0x7ffffffffffffdb0
2417500: system.cpu: T0 : 0x3826c    : c_jr ra                    : IntAlu : 
2418000: system.cpu: T0 : 0x220cc    : c_beqz a0, 26              : IntAlu : 
2418500: system.cpu: T0 : 0x220ce    : c_addi a0, 1               : IntAlu :  D=0x7fffffffffffffe8
2419000: system.cpu: T0 : 0x220d0    : sd a0, -1824(gp)           : MemWrite :  D=0x7fffffffffffffe8 A=0x70958
2419500: system.cpu: T0 : 0x220d4    : c_ld a4, 0(s0)             : MemRead :  D=0x7fffffffffffffdb A=0x7fffffffffffff38
2420500: system.cpu: T0 : 0x220d6    : sd a4, -1816(gp)           : MemWrite :  D=0x7fffffffffffffdb A=0x70960
2421000: system.cpu: T0 : 0x220da    : c_ldsp ra, 24(sp)          : MemRead :  D=0x00000000000231ae A=0x7ffffffffffffdc8
2421500: system.cpu: T0 : 0x220dc    : c_ldsp s0, 16(sp)          : MemRead :  D=0x0000000000000001 A=0x7ffffffffffffdc0
2422000: system.cpu: T0 : 0x220de    : c_ldsp s1, 8(sp)           : MemRead :  D=0x7fffffffffffff38 A=0x7ffffffffffffdb8
2422500: system.cpu: T0 : 0x220e0    : c_addi16sp sp, 32          : IntAlu :  D=0x7ffffffffffffdd0
2423000: system.cpu: T0 : 0x220e2    : c_jr ra                    : IntAlu : 
2423500: system.cpu: T0 : 0x231ae    : c_ldsp s0, 16(sp)          : MemRead :  D=0x0000000000010d9c A=0x7ffffffffffffde0
2424000: system.cpu: T0 : 0x231b0    : c_ldsp ra, 24(sp)          : MemRead :  D=0x0000000000010a10 A=0x7ffffffffffffde8
2424500: system.cpu: T0 : 0x231b2    : c_ldsp s1, 8(sp)           : MemRead :  D=0x0000000000010e2c A=0x7ffffffffffffdd8
2425000: system.cpu: T0 : 0x231b4    : c_ldsp s2, 0(sp)           : MemRead :  D=0x0000000000000000 A=0x7ffffffffffffdd0
2425500: system.cpu: T0 : 0x231b6    : c_addi16sp sp, 32          : IntAlu :  D=0x7ffffffffffffdf0
2426000: system.cpu: T0 : 0x231b8    : jal zero, 35004            : IntAlu :  D=0x00000000000231bc
2426500: system.cpu: T0 : 0x2ba74    : ld a5, 0(tp)               : MemRead :  D=0x00000000000706c8 A=0x72710
2427000: system.cpu: T0 : 0x2ba78    : c_ld a5, 0(a5)             : MemRead :  D=0x0000000000051c40 A=0x706c8
2427500: system.cpu: T0 : 0x2ba7a    : c_ld a0, 64(a5)            : MemRead :  D=0x0000000000053470 A=0x51c80
2428000: system.cpu: T0 : 0x2ba7c    : c_ld a2, 72(a5)            : MemRead :  D=0x0000000000052a70 A=0x51c88
2428500: system.cpu: T0 : 0x2ba7e    : c_ld a4, 88(a5)            : MemRead :  D=0x0000000000052470 A=0x51c98
2429000: system.cpu: T0 : 0x2ba80    : addi a0, a0, 256           : IntAlu :  D=0x0000000000053570
2429500: system.cpu: T0 : 0x2ba84    : addi a2, a2, 512           : IntAlu :  D=0x0000000000052c70
2430000: system.cpu: T0 : 0x2ba88    : addi a4, a4, 512           : IntAlu :  D=0x0000000000052670
2430500: system.cpu: T0 : 0x2ba8c    : sd a0, 80(tp)              : MemWrite :  D=0x0000000000053570 A=0x72760
2431000: system.cpu: T0 : 0x2ba90    : sd a2, 72(tp)              : MemWrite :  D=0x0000000000052c70 A=0x72758
2431500: system.cpu: T0 : 0x2ba94    : sd a4, 64(tp)              : MemWrite :  D=0x0000000000052670 A=0x72750
2432000: system.cpu: T0 : 0x2ba98    : c_jr ra                    : IntAlu : 
2432500: system.cpu: T0 : 0x10a10    : c_beqz s1, 12              : IntAlu : 
2433000: system.cpu: T0 : 0x10a12    : c_li a2, 0                 : IntAlu :  D=0x0000000000000000
2433500: system.cpu: T0 : 0x10a14    : c_li a1, 0                 : IntAlu :  D=0x0000000000000000
2434000: system.cpu: T0 : 0x10a16    : c_mv a0, s1                : IntAlu :  D=0x0000000000010e2c
2434500: system.cpu: T0 : 0x10a18    : jal ra, 17626              : IntAlu :  D=0x0000000000010a1c
2435500: system.cpu: T0 : 0x14ef2    : addi a3, gp, -1936         : IntAlu :  D=0x00000000000708e8
2436000: system.cpu: T0 : 0x14ef6    : c_j -204                   : IntAlu : 
2436500: system.cpu: T0 : 0x14e2a    : c_addi16sp sp, -64         : IntAlu :  D=0x7ffffffffffffdb0
2437000: system.cpu: T0 : 0x14e2c    : c_sdsp ra, 56(sp)          : MemWrite :  D=0x0000000000010a1c A=0x7ffffffffffffde8
2437500: system.cpu: T0 : 0x14e2e    : c_sdsp s0, 48(sp)          : MemWrite :  D=0x0000000000010d9c A=0x7ffffffffffffde0
2438000: system.cpu: T0 : 0x14e30    : c_sdsp s1, 40(sp)          : MemWrite :  D=0x0000000000010e2c A=0x7ffffffffffffdd8
2438500: system.cpu: T0 : 0x14e32    : c_sdsp s2, 32(sp)          : MemWrite :  D=0x0000000000000000 A=0x7ffffffffffffdd0
2439000: system.cpu: T0 : 0x14e34    : c_sdsp s3, 24(sp)          : MemWrite :  D=0x0000000000000000 A=0x7ffffffffffffdc8
2439500: system.cpu: T0 : 0x14e36    : c_beqz a0, 156             : IntAlu : 
2440000: system.cpu: T0 : 0x14e38    : lui s0, 114                : IntAlu :  D=0x0000000000072000
2440500: system.cpu: T0 : 0x14e3c    : c_mv s2, a2                : IntAlu :  D=0x0000000000000000
2441000: system.cpu: T0 : 0x14e3e    : c_mv s1, a0                : IntAlu :  D=0x0000000000010e2c
2441500: system.cpu: T0 : 0x14e40    : c_mv s3, a1                : IntAlu :  D=0x0000000000000000
2442000: system.cpu: T0 : 0x14e42    : c_li a4, 1                 : IntAlu :  D=0x0000000000000001
2442500: system.cpu: T0 : 0x14e44    : addi a2, s0, -528          : IntAlu :  D=0x0000000000071df0
2443000: system.cpu: T0 : 0x14e48    : lr_w a5, (a2)             
2443000: system.cpu: T0 : 0x14e48. 0 : lr_w a5, (a2)              : MemRead :  D=0x0000000000000000 A=0x71df0
2443500: system.cpu: T0 : 0x14e4c    : c_bnez a5, 8               : IntAlu : 
2444500: system.cpu: T0 : 0x14e4e    : sc_w_aq a1, a4, (a2)      
2444500: system.cpu: T0 : 0x14e4e. 0 : sc_w a1, a4, (a2)          : MemWrite :  D=0x0000000000000000 A=0x71df0
2445000: system.cpu: T0 : 0x14e4e. 1 : 0x1ce625af fence           : No_OpClass : 
2445500: system.cpu: T0 : 0x14e52    : c_bnez a1, -10             : IntAlu : 
2446000: system.cpu: T0 : 0x14e54    : c_addiw a5, 0              : IntAlu :  D=0x0000000000000000
2446500: system.cpu: T0 : 0x14e56    : c_bnez a5, 64              : IntAlu : 
2447000: system.cpu: T0 : 0x14e58    : c_mv a0, a3                : IntAlu :  D=0x00000000000708e8
2448000: system.cpu: T0 : 0x14e5a    : jal ra, -242               : IntAlu :  D=0x0000000000014e5e
2448500: system.cpu: T0 : 0x14d68    : lbu a5, -1476(gp)          : MemRead :  D=0x0000000000000000 A=0x70ab4
2449000: system.cpu: T0 : 0x14d6c    : c_bnez a5, 186             : IntAlu : 
2449500: system.cpu: T0 : 0x14d6e    : c_addi sp, -32             : IntAlu :  D=0x7ffffffffffffd90
2450000: system.cpu: T0 : 0x14d70    : c_sdsp s1, 8(sp)           : MemWrite :  D=0x0000000000010e2c A=0x7ffffffffffffd98
2450500: system.cpu: T0 : 0x14d72    : c_ld s1, 0(a0)             : MemRead :  D=0x0000000000071190 A=0x708e8
2451000: system.cpu: T0 : 0x14d74    : c_sdsp s0, 16(sp)          : MemWrite :  D=0x0000000000072000 A=0x7ffffffffffffda0
2451500: system.cpu: T0 : 0x14d76    : c_sdsp ra, 24(sp)          : MemWrite :  D=0x0000000000014e5e A=0x7ffffffffffffda8
2452000: system.cpu: T0 : 0x14d78    : c_mv s0, a0                : IntAlu :  D=0x00000000000708e8
2452500: system.cpu: T0 : 0x14d7a    : c_beqz s1, 140             : IntAlu : 
2453000: system.cpu: T0 : 0x14d7c    : c_mv a1, s1                : IntAlu :  D=0x0000000000071190
2453500: system.cpu: T0 : 0x14d7e    : c_li a6, 0                 : IntAlu :  D=0x0000000000000000
2454000: system.cpu: T0 : 0x14d80    : c_ld a4, 8(a1)             : MemRead :  D=0x0000000000000000 A=0x71198
2455000: system.cpu: T0 : 0x14d82    : slli a5, a4, 5             : IntAlu :  D=0x0000000000000000
2455500: system.cpu: T0 : 0x14d86    : c_add a5, a1               : IntAlu :  D=0x0000000000071190
2456000: system.cpu: T0 : 0x14d88    : c_beqz a4, 18              : IntAlu : 
2456500: system.cpu: T0 : 0x14d9a    : c_ld a5, 0(a1)             : MemRead :  D=0x0000000000000000 A=0x71190
2457000: system.cpu: T0 : 0x14d9c    : sd zero, 8(a1)             : MemWrite :  D=0x0000000000000000 A=0x71198
2457500: system.cpu: T0 : 0x14da0    : c_mv a6, a1                : IntAlu :  D=0x0000000000071190
2458000: system.cpu: T0 : 0x14da2    : c_beqz a5, 78              : IntAlu : 
2458500: system.cpu: T0 : 0x14df0    : c_li a5, 1                 : IntAlu :  D=0x0000000000000001
2459500: system.cpu: T0 : 0x14df2    : addi a0, a1, 16            : IntAlu :  D=0x00000000000711a0
2460000: system.cpu: T0 : 0x14df6    : c_sd a5, 8(a1)             : MemWrite :  D=0x0000000000000001 A=0x71198
2460500: system.cpu: T0 : 0x14df8    : c_j -60                    : IntAlu : 
2461000: system.cpu: T0 : 0x14dbc    : lui a4, 114                : IntAlu :  D=0x0000000000072000
2461500: system.cpu: T0 : 0x14dc0    : ld a5, -520(a4)            : MemRead :  D=0x0000000000000000 A=0x71df8
2462000: system.cpu: T0 : 0x14dc4    : c_ldsp ra, 24(sp)          : MemRead :  D=0x0000000000014e5e A=0x7ffffffffffffda8
2462500: system.cpu: T0 : 0x14dc6    : c_ldsp s0, 16(sp)          : MemRead :  D=0x0000000000072000 A=0x7ffffffffffffda0
2463000: system.cpu: T0 : 0x14dc8    : c_li a3, 1                 : IntAlu :  D=0x0000000000000001
2463500: system.cpu: T0 : 0x14dca    : c_sd a3, 0(a0)             : MemWrite :  D=0x0000000000000001 A=0x711a0
2464000: system.cpu: T0 : 0x14dcc    : c_addi a5, 1               : IntAlu :  D=0x0000000000000001
2465000: system.cpu: T0 : 0x14dce    : sd a5, -520(a4)            : MemWrite :  D=0x0000000000000001 A=0x71df8
2465500: system.cpu: T0 : 0x14dd2    : c_ldsp s1, 8(sp)           : MemRead :  D=0x0000000000010e2c A=0x7ffffffffffffd98
2466000: system.cpu: T0 : 0x14dd4    : c_addi16sp sp, 32          : IntAlu :  D=0x7ffffffffffffdb0
2466500: system.cpu: T0 : 0x14dd6    : c_jr ra                    : IntAlu : 
2467000: system.cpu: T0 : 0x14e5e    : c_beqz a0, 70              : IntAlu : 
2467500: system.cpu: T0 : 0x14e60    : c_li a5, 4                 : IntAlu :  D=0x0000000000000004
2468000: system.cpu: T0 : 0x14e62    : c_sd a5, 0(a0)             : MemWrite :  D=0x0000000000000004 A=0x711a0
2468500: system.cpu: T0 : 0x14e64    : c_sd s1, 8(a0)             : MemWrite :  D=0x0000000000010e2c A=0x711a8
2469500: system.cpu: T0 : 0x14e66    : sd s3, 16(a0)              : MemWrite :  D=0x0000000000000000 A=0x711b0
2470500: system.cpu: T0 : 0x14e6a    : sd s2, 24(a0)              : MemWrite :  D=0x0000000000000000 A=0x711b8
2471000: system.cpu: T0 : 0x14e6e    : c_li a5, 0                 : IntAlu :  D=0x0000000000000000
2471500: system.cpu: T0 : 0x14e70    : addi a4, s0, -528          : IntAlu :  D=0x0000000000071df0
2472000: system.cpu: T0 : 0x14e74    : fence iorw, ow             : No_OpClass : 
2472500: system.cpu: T0 : 0x14e78    : amoswap_w a5, a5, (a4)    
2472500: system.cpu: T0 : 0x14e78. 0 : amoswap_w[l] a5, a5, (a4)  : MemRead :  D=0x0000000000000001 A=0x71df0
2473000: system.cpu: T0 : 0x14e7c    : c_addiw a5, 0              : IntAlu :  D=0x0000000000000001
2473500: system.cpu: T0 : 0x14e7e    : c_li a3, 1                 : IntAlu :  D=0x0000000000000001
2474000: system.cpu: T0 : 0x14e80    : c_li a4, 0                 : IntAlu :  D=0x0000000000000000
2475000: system.cpu: T0 : 0x14e82    : blt a3, a5, 58             : IntAlu : 
2475500: system.cpu: T0 : 0x14e86    : c_ldsp ra, 56(sp)          : MemRead :  D=0x0000000000010a1c A=0x7ffffffffffffde8
2476000: system.cpu: T0 : 0x14e88    : c_ldsp s0, 48(sp)          : MemRead :  D=0x0000000000010d9c A=0x7ffffffffffffde0
2476500: system.cpu: T0 : 0x14e8a    : c_ldsp s1, 40(sp)          : MemRead :  D=0x0000000000010e2c A=0x7ffffffffffffdd8
2477000: system.cpu: T0 : 0x14e8c    : c_ldsp s2, 32(sp)          : MemRead :  D=0x0000000000000000 A=0x7ffffffffffffdd0
2477500: system.cpu: T0 : 0x14e8e    : c_ldsp s3, 24(sp)          : MemRead :  D=0x0000000000000000 A=0x7ffffffffffffdc8
2478000: system.cpu: T0 : 0x14e90    : c_mv a0, a4                : IntAlu :  D=0x0000000000000000
2478500: system.cpu: T0 : 0x14e92    : c_addi16sp sp, 64          : IntAlu :  D=0x7ffffffffffffdf0
2479000: system.cpu: T0 : 0x14e94    : c_jr ra                    : IntAlu : 
2479500: system.cpu: T0 : 0x10a1c    : lui a5, 111                : IntAlu :  D=0x000000000006f000
2480000: system.cpu: T0 : 0x10a20    : lw a5, -72(a5)             : MemRead :  D=0x0000000000000000 A=0x6efb8
2480500: system.cpu: T0 : 0x10a24    : bne a5, zero, 238          : IntAlu : 
2481000: system.cpu: T0 : 0x10a28    : c_beqz s0, 12              : IntAlu : 
2482000: system.cpu: T0 : 0x10a2a    : ld a2, -1360(gp)           : MemRead :  D=0x7fffffffffffff48 A=0x70b28
2482500: system.cpu: T0 : 0x10a2e    : c_ldsp a1, 16(sp)          : MemRead :  D=0x7fffffffffffff38 A=0x7ffffffffffffe00
2483000: system.cpu: T0 : 0x10a30    : c_ldsp a0, 8(sp)           : MemRead :  D=0x0000000000000001 A=0x7ffffffffffffdf8
2483500: system.cpu: T0 : 0x10a32    : c_jalr s0                  : IntAlu :  D=0x0000000000010a34
2484000: system.cpu: T0 : 0x10d9c    : c_addi16sp sp, -64         : IntAlu :  D=0x7ffffffffffffdb0
2484500: system.cpu: T0 : 0x10d9e    : c_sdsp s0, 48(sp)          : MemWrite :  D=0x0000000000010d9c A=0x7ffffffffffffde0
2485000: system.cpu: T0 : 0x10da0    : c_sdsp s5, 8(sp)           : MemWrite :  D=0x0000000000000000 A=0x7ffffffffffffdb8
2486000: system.cpu: T0 : 0x10da2    : lui s0, 111                : IntAlu :  D=0x000000000006f000
2487000: system.cpu: T0 : 0x10da6    : lui s5, 111                : IntAlu :  D=0x000000000006f000
2488000: system.cpu: T0 : 0x10daa    : addi a5, s0, -1296         : IntAlu :  D=0x000000000006eaf0
2489000: system.cpu: T0 : 0x10dae    : addi s5, s5, -1288         : IntAlu :  D=0x000000000006eaf8
2490000: system.cpu: T0 : 0x10db2    : sub s5, s5, a5             : IntAlu :  D=0x0000000000000008
2490500: system.cpu: T0 : 0x10db6    : c_sdsp s2, 32(sp)          : MemWrite :  D=0x0000000000000000 A=0x7ffffffffffffdd0
2491000: system.cpu: T0 : 0x10db8    : c_sdsp s3, 24(sp)          : MemWrite :  D=0x0000000000000000 A=0x7ffffffffffffdc8
2491500: system.cpu: T0 : 0x10dba    : c_sdsp s4, 16(sp)          : MemWrite :  D=0x0000000000000000 A=0x7ffffffffffffdc0
2492000: system.cpu: T0 : 0x10dbc    : c_sdsp ra, 56(sp)          : MemWrite :  D=0x0000000000010a34 A=0x7ffffffffffffde8
2492500: system.cpu: T0 : 0x10dbe    : c_sdsp s1, 40(sp)          : MemWrite :  D=0x0000000000010e2c A=0x7ffffffffffffdd8
2493000: system.cpu: T0 : 0x10dc0    : srai s5, s5, 3             : IntAlu :  D=0x0000000000000001
2493500: system.cpu: T0 : 0x10dc4    : c_mv s2, a0                : IntAlu :  D=0x0000000000000001
2494000: system.cpu: T0 : 0x10dc6    : c_mv s3, a1                : IntAlu :  D=0x7fffffffffffff38
2494500: system.cpu: T0 : 0x10dc8    : c_mv s4, a2                : IntAlu :  D=0x7fffffffffffff48
2495500: system.cpu: T0 : 0x10dca    : beq s5, zero, 28           : IntAlu : 
2496500: system.cpu: T0 : 0x10dce    : addi s0, s0, -1296         : IntAlu :  D=0x000000000006eaf0
2497000: system.cpu: T0 : 0x10dd2    : c_li s1, 0                 : IntAlu :  D=0x0000000000000000
2497500: system.cpu: T0 : 0x10dd4    : c_ld a5, 0(s0)             : MemRead :  D=0x0000000000010376 A=0x6eaf0
2498000: system.cpu: T0 : 0x10dd6    : c_mv a2, s4                : IntAlu :  D=0x7fffffffffffff48
2498500: system.cpu: T0 : 0x10dd8    : c_mv a1, s3                : IntAlu :  D=0x7fffffffffffff38
2499000: system.cpu: T0 : 0x10dda    : c_mv a0, s2                : IntAlu :  D=0x0000000000000001
2499500: system.cpu: T0 : 0x10ddc    : c_addi s1, 1               : IntAlu :  D=0x0000000000000001
2500000: system.cpu: T0 : 0x10dde    : c_jalr a5                  : IntAlu :  D=0x0000000000010de0
2501000: system.cpu: T0 : 0x10376    : auipc gp, 97               : IntAlu :  D=0x0000000000071376
2502000: system.cpu: T0 : 0x1037a    : addi gp, gp, -766          : IntAlu :  D=0x0000000000071078
2502500: system.cpu: T0 : 0x1037e    : c_jr ra                    : IntAlu : 
2503000: system.cpu: T0 : 0x10de0    : c_addi s0, 8               : IntAlu :  D=0x000000000006eaf8
2504000: system.cpu: T0 : 0x10de2    : bne s5, s1, -14            : IntAlu : 
2505000: system.cpu: T0 : 0x10de6    : lui s0, 111                : IntAlu :  D=0x000000000006f000
2506000: system.cpu: T0 : 0x10dea    : lui s5, 111                : IntAlu :  D=0x000000000006f000
2507000: system.cpu: T0 : 0x10dee    : addi a5, s0, -1288         : IntAlu :  D=0x000000000006eaf8
2508000: system.cpu: T0 : 0x10df2    : addi s5, s5, -1280         : IntAlu :  D=0x000000000006eb00
2509000: system.cpu: T0 : 0x10df6    : sub s5, s5, a5             : IntAlu :  D=0x0000000000000008
2510000: system.cpu: T0 : 0x10dfa    : srai s5, s5, 3             : IntAlu :  D=0x0000000000000001
2511000: system.cpu: T0 : 0x10dfe    : beq s5, zero, 28           : IntAlu : 
2512000: system.cpu: T0 : 0x10e02    : addi s0, s0, -1288         : IntAlu :  D=0x000000000006eaf8
2512500: system.cpu: T0 : 0x10e06    : c_li s1, 0                 : IntAlu :  D=0x0000000000000000
2513000: system.cpu: T0 : 0x10e08    : c_ld a5, 0(s0)             : MemRead :  D=0x000000000001040a A=0x6eaf8
2513500: system.cpu: T0 : 0x10e0a    : c_mv a2, s4                : IntAlu :  D=0x7fffffffffffff48
2514000: system.cpu: T0 : 0x10e0c    : c_mv a1, s3                : IntAlu :  D=0x7fffffffffffff38
2514500: system.cpu: T0 : 0x10e0e    : c_mv a0, s2                : IntAlu :  D=0x0000000000000001
2515000: system.cpu: T0 : 0x10e10    : c_addi s1, 1               : IntAlu :  D=0x0000000000000001
2515500: system.cpu: T0 : 0x10e12    : c_jalr a5                  : IntAlu :  D=0x0000000000010e14
2516500: system.cpu: T0 : 0x1040a    : lui a5, 77                 : IntAlu :  D=0x000000000004d000
2517500: system.cpu: T0 : 0x1040e    : addi a5, a5, -1936         : IntAlu :  D=0x000000000004c870
2518000: system.cpu: T0 : 0x10412    : c_beqz a5, 28              : IntAlu : 
2518500: system.cpu: T0 : 0x10414    : lui a0, 106                : IntAlu :  D=0x000000000006a000
2519000: system.cpu: T0 : 0x10418    : c_addi sp, -16             : IntAlu :  D=0x7ffffffffffffda0
2520000: system.cpu: T0 : 0x1041a    : addi a1, gp, -1008         : IntAlu :  D=0x0000000000070c88
2521000: system.cpu: T0 : 0x1041e    : addi a0, a0, 1408          : IntAlu :  D=0x000000000006a580
2521500: system.cpu: T0 : 0x10422    : c_sdsp ra, 8(sp)           : MemWrite :  D=0x0000000000010e14 A=0x7ffffffffffffda8
2522000: system.cpu: T0 : 0x10424    : jal ra, 246860             : IntAlu :  D=0x0000000000010428
2522500: system.cpu: T0 : 0x4c870    : c_beqz a0, 12              : IntAlu : 
2523000: system.cpu: T0 : 0x4c872    : c_lw a5, 0(a0)             : MemRead :  D=0x000000000000001c A=0x6a580
2523500: system.cpu: T0 : 0x4c874    : c_beqz a5, 8               : IntAlu : 
2524000: system.cpu: T0 : 0x4c876    : c_li a3, 0                 : IntAlu :  D=0x0000000000000000
2524500: system.cpu: T0 : 0x4c878    : c_li a2, 0                 : IntAlu :  D=0x0000000000000000
2525000: system.cpu: T0 : 0x4c87a    : c_j -144                   : IntAlu : 
2525500: system.cpu: T0 : 0x4c7ea    : c_li a5, -1                : IntAlu :  D=0xffffffffffffffff
2526000: system.cpu: T0 : 0x4c7ec    : c_addi sp, -32             : IntAlu :  D=0x7ffffffffffffd80
2526500: system.cpu: T0 : 0x4c7ee    : c_sd a5, 0(a1)             : MemWrite :  D=0xffffffffffffffff A=0x70c88
2527000: system.cpu: T0 : 0x4c7f0    : addi a5, zero, 2040        : IntAlu :  D=0x00000000000007f8
2527500: system.cpu: T0 : 0x4c7f4    : c_sdsp s0, 16(sp)          : MemWrite :  D=0x000000000006eaf8 A=0x7ffffffffffffd90
2528000: system.cpu: T0 : 0x4c7f6    : c_sdsp s1, 8(sp)           : MemWrite :  D=0x0000000000000001 A=0x7ffffffffffffd88
2528500: system.cpu: T0 : 0x4c7f8    : c_sdsp ra, 24(sp)          : MemWrite :  D=0x0000000000010428 A=0x7ffffffffffffd98
2529000: system.cpu: T0 : 0x4c7fa    : c_sd a2, 8(a1)             : MemWrite :  D=0x0000000000000000 A=0x70c90
2529500: system.cpu: T0 : 0x4c7fc    : c_sd a3, 16(a1)            : MemWrite :  D=0x0000000000000000 A=0x70c98
2530000: system.cpu: T0 : 0x4c7fe    : c_sd a0, 24(a1)            : MemWrite :  D=0x000000000006a580 A=0x70ca0
2530500: system.cpu: T0 : 0x4c800    : c_sd a5, 32(a1)            : MemWrite :  D=0x00000000000007f8 A=0x70ca8
2531500: system.cpu: T0 : 0x4c802    : auipc s1, 36               : IntAlu :  D=0x0000000000070802
2532500: system.cpu: T0 : 0x4c806    : ld s1, 86(s1)              : MemRead :  D=0x0000000000000000 A=0x70858
2533000: system.cpu: T0 : 0x4c80a    : c_mv s0, a1                : IntAlu :  D=0x0000000000070c88
2533500: system.cpu: T0 : 0x4c80c    : c_beqz s1, 20              : IntAlu : 
2534000: system.cpu: T0 : 0x4c820    : addi a5, gp, 1880          : IntAlu :  D=0x00000000000717d0
2534500: system.cpu: T0 : 0x4c824    : ld a3, 448(a5)             : MemRead :  D=0x0000000000000000 A=0x71990
2535000: system.cpu: T0 : 0x4c828    : lw a4, 456(a5)             : MemRead :  D=0x0000000000000000 A=0x71998
2535500: system.cpu: T0 : 0x4c82c    : sd s0, 448(a5)             : MemWrite :  D=0x0000000000070c88 A=0x71990
2536000: system.cpu: T0 : 0x4c830    : c_sd a3, 40(s0)            : MemWrite :  D=0x0000000000000000 A=0x70cb0
2536500: system.cpu: T0 : 0x4c832    : c_beqz a4, 30              : IntAlu : 
2537000: system.cpu: T0 : 0x4c850    : c_li a4, 1                 : IntAlu :  D=0x0000000000000001
2538000: system.cpu: T0 : 0x4c852    : addi a5, a5, 456           : IntAlu :  D=0x0000000000071998
2539000: system.cpu: T0 : 0x4c856    : amoswap_w zero, a4, (a5)  
2539000: system.cpu: T0 : 0x4c856. 0 : amoswap_w[l] zero, a4, (a5) : MemRead :  D=0x0000000000000000 A=0x71998
2539500: system.cpu: T0 : 0x4c85a    : c_bnez s1, -36             : IntAlu : 
2540000: system.cpu: T0 : 0x4c85c    : c_ldsp ra, 24(sp)          : MemRead :  D=0x0000000000010428 A=0x7ffffffffffffd98
2540500: system.cpu: T0 : 0x4c85e    : c_ldsp s0, 16(sp)          : MemRead :  D=0x000000000006eaf8 A=0x7ffffffffffffd90
2541000: system.cpu: T0 : 0x4c860    : c_ldsp s1, 8(sp)           : MemRead :  D=0x0000000000000001 A=0x7ffffffffffffd88
2541500: system.cpu: T0 : 0x4c862    : c_addi16sp sp, 32          : IntAlu :  D=0x7ffffffffffffda0
2542000: system.cpu: T0 : 0x4c864    : c_jr ra                    : IntAlu : 
2542500: system.cpu: T0 : 0x10428    : c_ldsp ra, 8(sp)           : MemRead :  D=0x0000000000010e14 A=0x7ffffffffffffda8
2543000: system.cpu: T0 : 0x1042a    : c_addi sp, 16              : IntAlu :  D=0x7ffffffffffffdb0
2543500: system.cpu: T0 : 0x1042c    : c_j -134                   : IntAlu : 
2544500: system.cpu: T0 : 0x103a6    : lui a0, 113                : IntAlu :  D=0x0000000000071000
2545500: system.cpu: T0 : 0x103aa    : addi a1, a0, -1984         : IntAlu :  D=0x0000000000070840
2546500: system.cpu: T0 : 0x103ae    : lui a5, 113                : IntAlu :  D=0x0000000000071000
2547500: system.cpu: T0 : 0x103b2    : addi a5, a5, -1984         : IntAlu :  D=0x0000000000070840
2548000: system.cpu: T0 : 0x103b6    : c_sub a5, a1               : IntAlu :  D=0x0000000000000000
2548500: system.cpu: T0 : 0x103b8    : srai a4, a5, 3             : IntAlu :  D=0x0000000000000000
2549000: system.cpu: T0 : 0x103bc    : srli a1, a5, 63            : IntAlu :  D=0x0000000000000000
2549500: system.cpu: T0 : 0x103c0    : c_add a1, a4               : IntAlu :  D=0x0000000000000000
2550000: system.cpu: T0 : 0x103c2    : c_srai a1, 1               : IntAlu :  D=0x0000000000000000
2550500: system.cpu: T0 : 0x103c4    : c_beqz a1, 16              : IntAlu : 
2551000: system.cpu: T0 : 0x103d4    : c_jr ra                    : IntAlu : 
2551500: system.cpu: T0 : 0x10e14    : c_addi s0, 8               : IntAlu :  D=0x000000000006eb00
2552500: system.cpu: T0 : 0x10e16    : bne s5, s1, -14            : IntAlu : 
2553000: system.cpu: T0 : 0x10e1a    : c_ldsp ra, 56(sp)          : MemRead :  D=0x0000000000010a34 A=0x7ffffffffffffde8
2553500: system.cpu: T0 : 0x10e1c    : c_ldsp s0, 48(sp)          : MemRead :  D=0x0000000000010d9c A=0x7ffffffffffffde0
2554000: system.cpu: T0 : 0x10e1e    : c_ldsp s1, 40(sp)          : MemRead :  D=0x0000000000010e2c A=0x7ffffffffffffdd8
2554500: system.cpu: T0 : 0x10e20    : c_ldsp s2, 32(sp)          : MemRead :  D=0x0000000000000000 A=0x7ffffffffffffdd0
2555000: system.cpu: T0 : 0x10e22    : c_ldsp s3, 24(sp)          : MemRead :  D=0x0000000000000000 A=0x7ffffffffffffdc8
2555500: system.cpu: T0 : 0x10e24    : c_ldsp s4, 16(sp)          : MemRead :  D=0x0000000000000000 A=0x7ffffffffffffdc0
2556000: system.cpu: T0 : 0x10e26    : c_ldsp s5, 8(sp)           : MemRead :  D=0x0000000000000000 A=0x7ffffffffffffdb8
2556500: system.cpu: T0 : 0x10e28    : c_addi16sp sp, 64          : IntAlu :  D=0x7ffffffffffffdf0
2557000: system.cpu: T0 : 0x10e2a    : c_jr ra                    : IntAlu : 
2557500: system.cpu: T0 : 0x10a34    : c_li a1, 0                 : IntAlu :  D=0x0000000000000000
2558000: system.cpu: T0 : 0x10a36    : c_li a0, 0                 : IntAlu :  D=0x0000000000000000
2558500: system.cpu: T0 : 0x10a38    : jal ra, 71442              : IntAlu :  D=0x0000000000010a3c
2559000: system.cpu: T0 : 0x2214a    : c_mv a4, a0                : IntAlu :  D=0x0000000000000000
2559500: system.cpu: T0 : 0x2214c    : c_beqz a1, 70              : IntAlu : 
2560500: system.cpu: T0 : 0x22192    : lui a5, 114                : IntAlu :  D=0x0000000000072000
2561500: system.cpu: T0 : 0x22196    : addi a0, a5, -512          : IntAlu :  D=0x0000000000071e00
2562000: system.cpu: T0 : 0x2219a    : c_ld a5, 8(a0)             : MemRead :  D=0x0000000000000000 A=0x71e08
2562500: system.cpu: T0 : 0x2219c    : c_bnez a5, -52             : IntAlu : 
2563000: system.cpu: T0 : 0x2219e    : c_li a5, 1                 : IntAlu :  D=0x0000000000000001
2563500: system.cpu: T0 : 0x221a0    : c_sw a5, 0(a0)             : MemWrite :  D=0x0000000000000001 A=0x71e00
2564000: system.cpu: T0 : 0x221a2    : c_bnez a4, -52             : IntAlu : 
2564500: system.cpu: T0 : 0x221a4    : lui a5, 114                : IntAlu :  D=0x0000000000072000
2565000: system.cpu: T0 : 0x221a8    : ld a4, -480(a5)            : MemRead :  D=0x0000000000000000 A=0x71e20
2565500: system.cpu: T0 : 0x221ac    : c_j -62                    : IntAlu : 
2566500: system.cpu: T0 : 0x2216e    : slli a5, a1, 3             : IntAlu :  D=0x0000000000000000
2567000: system.cpu: T0 : 0x22172    : c_add a5, a1               : IntAlu :  D=0x0000000000000000
2567500: system.cpu: T0 : 0x22174    : lui a1, 112                : IntAlu :  D=0x0000000000070000
2568000: system.cpu: T0 : 0x22178    : c_slli a5, 4               : IntAlu :  D=0x0000000000000000
2569000: system.cpu: T0 : 0x2217a    : addi a1, a1, 896           : IntAlu :  D=0x0000000000070380
2569500: system.cpu: T0 : 0x2217e    : c_add a1, a5               : IntAlu :  D=0x0000000000070380
2570000: system.cpu: T0 : 0x22180    : c_ld a5, 0(a1)             : MemRead :  D=0x000000000006feb0 A=0x70380
2570500: system.cpu: T0 : 0x22182    : c_sd a4, 32(a0)            : MemWrite :  D=0x0000000000000000 A=0x71e20
2571000: system.cpu: T0 : 0x22184    : c_sd a5, 8(a0)             : MemWrite :  D=0x000000000006feb0 A=0x71e08
2572000: system.cpu: T0 : 0x22186    : lui a5, 34                 : IntAlu :  D=0x0000000000022000
2573000: system.cpu: T0 : 0x2218a    : addi a5, a5, 328           : IntAlu :  D=0x0000000000022148
2573500: system.cpu: T0 : 0x2218e    : c_sd a5, 16(a0)            : MemWrite :  D=0x0000000000022148 A=0x71e10
2574000: system.cpu: T0 : 0x22190    : c_jr ra                    : IntAlu : 
2574500: system.cpu: T0 : 0x10a3c    : c_addi4spn a0, sp, 40      : IntAlu :  D=0x7ffffffffffffe18
2575500: system.cpu: T0 : 0x10a3e    : jal ra, 14938              : IntAlu :  D=0x0000000000010a42
2576000: system.cpu: T0 : 0x14498    : c_li a1, 0                 : IntAlu :  D=0x0000000000000000
2576500: system.cpu: T0 : 0x1449a    : c_j 6                      : IntAlu : 
2577000: system.cpu: T0 : 0x144a0    : sd ra, 0(a0)               : MemWrite :  D=0x0000000000010a42 A=0x7ffffffffffffe18
2577500: system.cpu: T0 : 0x144a4    : c_sd s0, 8(a0)             : MemWrite :  D=0x0000000000010d9c A=0x7ffffffffffffe20
2578000: system.cpu: T0 : 0x144a6    : c_sd s1, 16(a0)            : MemWrite :  D=0x0000000000010e2c A=0x7ffffffffffffe28
2578500: system.cpu: T0 : 0x144a8    : sd s2, 24(a0)              : MemWrite :  D=0x0000000000000000 A=0x7ffffffffffffe30
2579000: system.cpu: T0 : 0x144ac    : sd s3, 32(a0)              : MemWrite :  D=0x0000000000000000 A=0x7ffffffffffffe38
2579500: system.cpu: T0 : 0x144b0    : sd s4, 40(a0)              : MemWrite :  D=0x0000000000000000 A=0x7ffffffffffffe40
2580000: system.cpu: T0 : 0x144b4    : sd s5, 48(a0)              : MemWrite :  D=0x0000000000000000 A=0x7ffffffffffffe48
2580500: system.cpu: T0 : 0x144b8    : sd s6, 56(a0)              : MemWrite :  D=0x0000000000000000 A=0x7ffffffffffffe50
2581000: system.cpu: T0 : 0x144bc    : sd s7, 64(a0)              : MemWrite :  D=0x0000000000000000 A=0x7ffffffffffffe58
2581500: system.cpu: T0 : 0x144c0    : sd s8, 72(a0)              : MemWrite :  D=0x0000000000000000 A=0x7ffffffffffffe60
2582000: system.cpu: T0 : 0x144c4    : sd s9, 80(a0)              : MemWrite :  D=0x0000000000000000 A=0x7ffffffffffffe68
2582500: system.cpu: T0 : 0x144c8    : sd s10, 88(a0)             : MemWrite :  D=0x0000000000000000 A=0x7ffffffffffffe70
2583000: system.cpu: T0 : 0x144cc    : sd s11, 96(a0)             : MemWrite :  D=0x0000000000000000 A=0x7ffffffffffffe78
2583500: system.cpu: T0 : 0x144d0    : sd sp, 104(a0)             : MemWrite :  D=0x7ffffffffffffdf0 A=0x7ffffffffffffe80
2584000: system.cpu: T0 : 0x144d4    : c_fsd fs0, 112(a0)         : FloatMemWrite :  D=0x0000000000000000 A=0x7ffffffffffffe88
2584500: system.cpu: T0 : 0x144d6    : c_fsd fs1, 120(a0)         : FloatMemWrite :  D=0x0000000000000000 A=0x7ffffffffffffe90
2585000: system.cpu: T0 : 0x144d8    : fsd fs2, 128(a0)           : FloatMemWrite :  D=0x0000000000000000 A=0x7ffffffffffffe98
2585500: system.cpu: T0 : 0x144dc    : fsd fs3, 136(a0)           : FloatMemWrite :  D=0x0000000000000000 A=0x7ffffffffffffea0
2586000: system.cpu: T0 : 0x144e0    : fsd fs4, 144(a0)           : FloatMemWrite :  D=0x0000000000000000 A=0x7ffffffffffffea8
2586500: system.cpu: T0 : 0x144e4    : fsd fs5, 152(a0)           : FloatMemWrite :  D=0x0000000000000000 A=0x7ffffffffffffeb0
2587000: system.cpu: T0 : 0x144e8    : fsd fs6, 160(a0)           : FloatMemWrite :  D=0x0000000000000000 A=0x7ffffffffffffeb8
2587500: system.cpu: T0 : 0x144ec    : fsd fs7, 168(a0)           : FloatMemWrite :  D=0x0000000000000000 A=0x7ffffffffffffec0
2588000: system.cpu: T0 : 0x144f0    : fsd fs8, 176(a0)           : FloatMemWrite :  D=0x0000000000000000 A=0x7ffffffffffffec8
2588500: system.cpu: T0 : 0x144f4    : fsd fs9, 184(a0)           : FloatMemWrite :  D=0x0000000000000000 A=0x7ffffffffffffed0
2589000: system.cpu: T0 : 0x144f8    : fsd fs10, 192(a0)          : FloatMemWrite :  D=0x0000000000000000 A=0x7ffffffffffffed8
2589500: system.cpu: T0 : 0x144fc    : fsd fs11, 200(a0)          : FloatMemWrite :  D=0x0000000000000000 A=0x7ffffffffffffee0
2590000: system.cpu: T0 : 0x14500    : jal zero, 4                : IntAlu :  D=0x0000000000014504
2590500: system.cpu: T0 : 0x14504    : c_addi sp, -16             : IntAlu :  D=0x7ffffffffffffde0
2591000: system.cpu: T0 : 0x14506    : c_sdsp s0, 0(sp)           : MemWrite :  D=0x0000000000010d9c A=0x7ffffffffffffde0
2591500: system.cpu: T0 : 0x14508    : c_sdsp ra, 8(sp)           : MemWrite :  D=0x0000000000010a42 A=0x7ffffffffffffde8
2592000: system.cpu: T0 : 0x1450a    : c_mv s0, a0                : IntAlu :  D=0x7ffffffffffffe18
2592500: system.cpu: T0 : 0x1450c    : c_bnez a1, 16              : IntAlu : 
2593000: system.cpu: T0 : 0x1450e    : c_ldsp ra, 8(sp)           : MemRead :  D=0x0000000000010a42 A=0x7ffffffffffffde8
2593500: system.cpu: T0 : 0x14510    : sw a1, 208(s0)             : MemWrite :  D=0x0000000000000000 A=0x7ffffffffffffee8
2594000: system.cpu: T0 : 0x14514    : c_ldsp s0, 0(sp)           : MemRead :  D=0x0000000000010d9c A=0x7ffffffffffffde0
2594500: system.cpu: T0 : 0x14516    : c_li a0, 0                 : IntAlu :  D=0x0000000000000000
2595000: system.cpu: T0 : 0x14518    : c_addi sp, 16              : IntAlu :  D=0x7ffffffffffffdf0
2595500: system.cpu: T0 : 0x1451a    : c_jr ra                    : IntAlu : 
2596000: system.cpu: T0 : 0x10a42    : c_bnez a0, 166             : IntAlu : 
2596500: system.cpu: T0 : 0x10a44    : ld a3, -1552(tp)           : MemRead :  D=0x0000000000000000 A=0x72100
2597000: system.cpu: T0 : 0x10a48    : ld a4, -1560(tp)           : MemRead :  D=0x0000000000000000 A=0x720f8
2597500: system.cpu: T0 : 0x10a4c    : ld a2, -1360(gp)           : MemRead :  D=0x7fffffffffffff48 A=0x70b28
2598000: system.cpu: T0 : 0x10a50    : c_ldsp a1, 16(sp)          : MemRead :  D=0x7fffffffffffff38 A=0x7ffffffffffffe00
2598500: system.cpu: T0 : 0x10a52    : c_ldsp a0, 8(sp)           : MemRead :  D=0x0000000000000001 A=0x7ffffffffffffdf8
2599000: system.cpu: T0 : 0x10a54    : c_ldsp a5, 24(sp)          : MemRead :  D=0x00000000000108b4 A=0x7ffffffffffffe08
2599500: system.cpu: T0 : 0x10a56    : c_sdsp a4, 264(sp)         : MemWrite :  D=0x0000000000000000 A=0x7ffffffffffffef8
2600000: system.cpu: T0 : 0x10a58    : c_sdsp a3, 256(sp)         : MemWrite :  D=0x0000000000000000 A=0x7ffffffffffffef0
2600500: system.cpu: T0 : 0x10a5a    : c_addi4spn a4, sp, 40      : IntAlu :  D=0x7ffffffffffffe18
2601000: system.cpu: T0 : 0x10a5c    : sd a4, -1552(tp)           : MemWrite :  D=0x7ffffffffffffe18 A=0x72100
2601500: system.cpu: T0 : 0x10a60    : c_jalr a5                  : IntAlu :  D=0x0000000000010a62
2602000: system.cpu: T0 : 0x108b4    : c_addi sp, -16             : IntAlu :  D=0x7ffffffffffffde0
2602500: system.cpu: T0 : 0x108b6    : c_sdsp ra, 8(sp)           : MemWrite :  D=0x0000000000010a62 A=0x7ffffffffffffde8
2603000: system.cpu: T0 : 0x108b8    : c_sdsp s0, 0(sp)           : MemWrite :  D=0x0000000000010d9c A=0x7ffffffffffffde0
2603500: system.cpu: T0 : 0x108ba    : c_addi4spn s0, sp, 16      : IntAlu :  D=0x7ffffffffffffdf0
2604000: system.cpu: T0 : 0x108bc    : c_li a1, 20                : IntAlu :  D=0x0000000000000014
2604500: system.cpu: T0 : 0x108be    : c_li a0, 10                : IntAlu :  D=0x000000000000000a
2605000: system.cpu: T0 : 0x108c0    : jal ra, -1168              : IntAlu :  D=0x00000000000108c4
2605500: system.cpu: T0 : 0x10430    : c_addi16sp sp, -96         : IntAlu :  D=0x7ffffffffffffd80
2606000: system.cpu: T0 : 0x10432    : c_sdsp s0, 88(sp)          : MemWrite :  D=0x7ffffffffffffdf0 A=0x7ffffffffffffdd8
2606500: system.cpu: T0 : 0x10434    : c_addi4spn s0, sp, 96      : IntAlu :  D=0x7ffffffffffffde0
2607500: system.cpu: T0 : 0x10436    : sd a0, -88(s0)             : MemWrite :  D=0x000000000000000a A=0x7ffffffffffffd88
2608500: system.cpu: T0 : 0x1043a    : sd a1, -96(s0)             : MemWrite :  D=0x0000000000000014 A=0x7ffffffffffffd80
2609500: system.cpu: T0 : 0x1043e    : sd zero, -32(s0)           : MemWrite :  D=0x0000000000000000 A=0x7ffffffffffffdc0
2610500: system.cpu: T0 : 0x10442    : ld a5, -96(s0)             : MemRead :  D=0x0000000000000014 A=0x7ffffffffffffd80
2611000: system.cpu: T0 : 0x10446    : c_addi a5, -1              : IntAlu :  D=0x0000000000000013
2611500: system.cpu: T0 : 0x10448    : sd a5, -48(s0)             : MemWrite :  D=0x0000000000000013 A=0x7ffffffffffffdb0
2612000: system.cpu: T0 : 0x1044c    : sw zero, -72(s0)           : MemWrite :  D=0x0000000000000000 A=0x7ffffffffffffd98
2612500: system.cpu: T0 : 0x10450    : c_j 1084                   : IntAlu : 
2613000: system.cpu: T0 : 0x1088c    : lw a5, -72(s0)             : MemRead :  D=0x0000000000000000 A=0x7ffffffffffffd98
2613500: system.cpu: T0 : 0x10890    : c_addiw a5, 0              : IntAlu :  D=0x0000000000000000
2614500: system.cpu: T0 : 0x10892    : beq a5, zero, -1088        : IntAlu : 
2615500: system.cpu: T0 : 0x10452    : ld a5, -32(s0)             : MemRead :  D=0x0000000000000000 A=0x7ffffffffffffdc0
2616000: system.cpu: T0 : 0x10456    : c_addi a5, 1               : IntAlu :  D=0x0000000000000001
2616500: system.cpu: T0 : 0x10458    : ld a4, -48(s0)             : MemRead :  D=0x0000000000000013 A=0x7ffffffffffffdb0
2617000: system.cpu: T0 : 0x1045c    : bltu a5, a4, 160           : IntAlu : 
2617500: system.cpu: T0 : 0x104fc    : lw a5, -72(s0)             : MemRead :  D=0x0000000000000000 A=0x7ffffffffffffd98
2618000: system.cpu: T0 : 0x10500    : c_addiw a5, 0              : IntAlu :  D=0x0000000000000000
2619000: system.cpu: T0 : 0x10502    : bne a5, zero, 906          : IntAlu : 
2620000: system.cpu: T0 : 0x10506    : ld a4, -32(s0)             : MemRead :  D=0x0000000000000000 A=0x7ffffffffffffdc0
2621000: system.cpu: T0 : 0x1050a    : ld a5, -48(s0)             : MemRead :  D=0x0000000000000013 A=0x7ffffffffffffdb0
2621500: system.cpu: T0 : 0x1050e    : c_add a5, a4               : IntAlu :  D=0x0000000000000013
2622000: system.cpu: T0 : 0x10510    : c_srli a5, 1               : IntAlu :  D=0x0000000000000009
2623000: system.cpu: T0 : 0x10512    : sd a5, -24(s0)             : MemWrite :  D=0x0000000000000009 A=0x7ffffffffffffdc8
2624000: system.cpu: T0 : 0x10516    : auipc a4, 95               : IntAlu :  D=0x000000000006f516
2625000: system.cpu: T0 : 0x1051a    : addi a4, a4, -1302         : IntAlu :  D=0x000000000006f000
2626000: system.cpu: T0 : 0x1051e    : ld a5, -24(s0)             : MemRead :  D=0x0000000000000009 A=0x7ffffffffffffdc8
2626500: system.cpu: T0 : 0x10522    : c_slli a5, 2               : IntAlu :  D=0x0000000000000024
2627000: system.cpu: T0 : 0x10524    : c_add a5, a4               : IntAlu :  D=0x000000000006f024
2628000: system.cpu: T0 : 0x10526    : flw fa5, 0(a5)             : FloatMemRead :  D=0x0000000042c60000 A=0x6f024
2629000: system.cpu: T0 : 0x1052a    : fsw fa5, -64(s0)           : FloatMemWrite :  D=0x0000000042c60000 A=0x7ffffffffffffda0
2630000: system.cpu: T0 : 0x1052e    : ld a5, -32(s0)             : MemRead :  D=0x0000000000000000 A=0x7ffffffffffffdc0
2630500: system.cpu: T0 : 0x10532    : c_addi a5, 1               : IntAlu :  D=0x0000000000000001
2631000: system.cpu: T0 : 0x10534    : auipc a4, 95               : IntAlu :  D=0x000000000006f534
2631500: system.cpu: T0 : 0x10538    : addi a4, a4, -1332         : IntAlu :  D=0x000000000006f000
2632000: system.cpu: T0 : 0x1053c    : c_slli a5, 2               : IntAlu :  D=0x0000000000000004
2632500: system.cpu: T0 : 0x1053e    : c_add a5, a4               : IntAlu :  D=0x000000000006f004
2633000: system.cpu: T0 : 0x10540    : flw fa5, 0(a5)             : FloatMemRead :  D=0x0000000040800000 A=0x6f004
2633500: system.cpu: T0 : 0x10544    : auipc a4, 95               : IntAlu :  D=0x000000000006f544
2634000: system.cpu: T0 : 0x10548    : addi a4, a4, -1348         : IntAlu :  D=0x000000000006f000
2634500: system.cpu: T0 : 0x1054c    : ld a5, -24(s0)             : MemRead :  D=0x0000000000000009 A=0x7ffffffffffffdc8
2635000: system.cpu: T0 : 0x10550    : c_slli a5, 2               : IntAlu :  D=0x0000000000000024
2635500: system.cpu: T0 : 0x10552    : c_add a5, a4               : IntAlu :  D=0x000000000006f024
2636000: system.cpu: T0 : 0x10554    : fsw fa5, 0(a5)             : FloatMemWrite :  D=0x0000000040800000 A=0x6f024
2636500: system.cpu: T0 : 0x10558    : ld a5, -32(s0)             : MemRead :  D=0x0000000000000000 A=0x7ffffffffffffdc0
2637000: system.cpu: T0 : 0x1055c    : c_addi a5, 1               : IntAlu :  D=0x0000000000000001
2638000: system.cpu: T0 : 0x1055e    : auipc a4, 95               : IntAlu :  D=0x000000000006f55e
2639000: system.cpu: T0 : 0x10562    : addi a4, a4, -1374         : IntAlu :  D=0x000000000006f000
2639500: system.cpu: T0 : 0x10566    : c_slli a5, 2               : IntAlu :  D=0x0000000000000004
2640000: system.cpu: T0 : 0x10568    : c_add a5, a4               : IntAlu :  D=0x000000000006f004
2641000: system.cpu: T0 : 0x1056a    : flw fa5, -64(s0)           : FloatMemRead :  D=0x0000000042c60000 A=0x7ffffffffffffda0
2642000: system.cpu: T0 : 0x1056e    : fsw fa5, 0(a5)             : FloatMemWrite :  D=0x0000000042c60000 A=0x6f004
2643000: system.cpu: T0 : 0x10572    : ld a5, -32(s0)             : MemRead :  D=0x0000000000000000 A=0x7ffffffffffffdc0
2643500: system.cpu: T0 : 0x10576    : c_addi a5, 1               : IntAlu :  D=0x0000000000000001
2644000: system.cpu: T0 : 0x10578    : auipc a4, 95               : IntAlu :  D=0x000000000006f578
2644500: system.cpu: T0 : 0x1057c    : addi a4, a4, -1400         : IntAlu :  D=0x000000000006f000
2645000: system.cpu: T0 : 0x10580    : c_slli a5, 2               : IntAlu :  D=0x0000000000000004
2645500: system.cpu: T0 : 0x10582    : c_add a5, a4               : IntAlu :  D=0x000000000006f004
2646000: system.cpu: T0 : 0x10584    : flw fa4, 0(a5)             : FloatMemRead :  D=0x0000000042c60000 A=0x6f004
2646500: system.cpu: T0 : 0x10588    : auipc a4, 95               : IntAlu :  D=0x000000000006f588
2647000: system.cpu: T0 : 0x1058c    : addi a4, a4, -1416         : IntAlu :  D=0x000000000006f000
2647500: system.cpu: T0 : 0x10590    : ld a5, -48(s0)             : MemRead :  D=0x0000000000000013 A=0x7ffffffffffffdb0
2648000: system.cpu: T0 : 0x10594    : c_slli a5, 2               : IntAlu :  D=0x000000000000004c
2648500: system.cpu: T0 : 0x10596    : c_add a5, a4               : IntAlu :  D=0x000000000006f04c
2649000: system.cpu: T0 : 0x10598    : flw fa5, 0(a5)             : FloatMemRead :  D=0x00000000445e3852 A=0x6f04c
2649500: system.cpu: T0 : 0x1059c    : flt_s a5, fa5, fa4         : FloatCmp :  D=0x0000000000000000
2650000: system.cpu: T0 : 0x105a0    : c_beqz a5, 94              : IntAlu : 
2651000: system.cpu: T0 : 0x105fe    : auipc a4, 95               : IntAlu :  D=0x000000000006f5fe
2652000: system.cpu: T0 : 0x10602    : addi a4, a4, -1534         : IntAlu :  D=0x000000000006f000
2653000: system.cpu: T0 : 0x10606    : ld a5, -32(s0)             : MemRead :  D=0x0000000000000000 A=0x7ffffffffffffdc0
2653500: system.cpu: T0 : 0x1060a    : c_slli a5, 2               : IntAlu :  D=0x0000000000000000
2654000: system.cpu: T0 : 0x1060c    : c_add a5, a4               : IntAlu :  D=0x000000000006f000
2655000: system.cpu: T0 : 0x1060e    : flw fa4, 0(a5)             : FloatMemRead :  D=0x0000000040a00000 A=0x6f000
2656000: system.cpu: T0 : 0x10612    : auipc a4, 95               : IntAlu :  D=0x000000000006f612
2657000: system.cpu: T0 : 0x10616    : addi a4, a4, -1554         : IntAlu :  D=0x000000000006f000
2658000: system.cpu: T0 : 0x1061a    : ld a5, -48(s0)             : MemRead :  D=0x0000000000000013 A=0x7ffffffffffffdb0
2658500: system.cpu: T0 : 0x1061e    : c_slli a5, 2               : IntAlu :  D=0x000000000000004c
2659000: system.cpu: T0 : 0x10620    : c_add a5, a4               : IntAlu :  D=0x000000000006f04c
2660000: system.cpu: T0 : 0x10622    : flw fa5, 0(a5)             : FloatMemRead :  D=0x00000000445e3852 A=0x6f04c
2661000: system.cpu: T0 : 0x10626    : flt_s a5, fa5, fa4         : FloatCmp :  D=0x0000000000000000
2661500: system.cpu: T0 : 0x1062a    : c_beqz a5, 90              : IntAlu : 
2662000: system.cpu: T0 : 0x10684    : ld a5, -32(s0)             : MemRead :  D=0x0000000000000000 A=0x7ffffffffffffdc0
2662500: system.cpu: T0 : 0x10688    : c_addi a5, 1               : IntAlu :  D=0x0000000000000001
2663500: system.cpu: T0 : 0x1068a    : auipc a4, 95               : IntAlu :  D=0x000000000006f68a
2664500: system.cpu: T0 : 0x1068e    : addi a4, a4, -1674         : IntAlu :  D=0x000000000006f000
2665000: system.cpu: T0 : 0x10692    : c_slli a5, 2               : IntAlu :  D=0x0000000000000004
2665500: system.cpu: T0 : 0x10694    : c_add a5, a4               : IntAlu :  D=0x000000000006f004
2666500: system.cpu: T0 : 0x10696    : flw fa4, 0(a5)             : FloatMemRead :  D=0x0000000042c60000 A=0x6f004
2667500: system.cpu: T0 : 0x1069a    : auipc a4, 95               : IntAlu :  D=0x000000000006f69a
2668500: system.cpu: T0 : 0x1069e    : addi a4, a4, -1690         : IntAlu :  D=0x000000000006f000
2669500: system.cpu: T0 : 0x106a2    : ld a5, -32(s0)             : MemRead :  D=0x0000000000000000 A=0x7ffffffffffffdc0
2670000: system.cpu: T0 : 0x106a6    : c_slli a5, 2               : IntAlu :  D=0x0000000000000000
2670500: system.cpu: T0 : 0x106a8    : c_add a5, a4               : IntAlu :  D=0x000000000006f000
2671500: system.cpu: T0 : 0x106aa    : flw fa5, 0(a5)             : FloatMemRead :  D=0x0000000040a00000 A=0x6f000
2672500: system.cpu: T0 : 0x106ae    : flt_s a5, fa5, fa4         : FloatCmp :  D=0x0000000000000001
2673000: system.cpu: T0 : 0x106b2    : c_beqz a5, 94              : IntAlu : 
2673500: system.cpu: T0 : 0x106b4    : ld a5, -32(s0)             : MemRead :  D=0x0000000000000000 A=0x7ffffffffffffdc0
2674000: system.cpu: T0 : 0x106b8    : c_addi a5, 1               : IntAlu :  D=0x0000000000000001
2675000: system.cpu: T0 : 0x106ba    : auipc a4, 95               : IntAlu :  D=0x000000000006f6ba
2676000: system.cpu: T0 : 0x106be    : addi a4, a4, -1722         : IntAlu :  D=0x000000000006f000
2676500: system.cpu: T0 : 0x106c2    : c_slli a5, 2               : IntAlu :  D=0x0000000000000004
2677000: system.cpu: T0 : 0x106c4    : c_add a5, a4               : IntAlu :  D=0x000000000006f004
2678000: system.cpu: T0 : 0x106c6    : flw fa5, 0(a5)             : FloatMemRead :  D=0x0000000042c60000 A=0x6f004
2679000: system.cpu: T0 : 0x106ca    : fsw fa5, -64(s0)           : FloatMemWrite :  D=0x0000000042c60000 A=0x7ffffffffffffda0
2680000: system.cpu: T0 : 0x106ce    : ld a5, -32(s0)             : MemRead :  D=0x0000000000000000 A=0x7ffffffffffffdc0
2680500: system.cpu: T0 : 0x106d2    : c_addi a5, 1               : IntAlu :  D=0x0000000000000001
2681000: system.cpu: T0 : 0x106d4    : auipc a3, 95               : IntAlu :  D=0x000000000006f6d4
2681500: system.cpu: T0 : 0x106d8    : addi a3, a3, -1748         : IntAlu :  D=0x000000000006f000
2682000: system.cpu: T0 : 0x106dc    : ld a4, -32(s0)             : MemRead :  D=0x0000000000000000 A=0x7ffffffffffffdc0
2682500: system.cpu: T0 : 0x106e0    : c_slli a4, 2               : IntAlu :  D=0x0000000000000000
2683000: system.cpu: T0 : 0x106e2    : c_add a4, a3               : IntAlu :  D=0x000000000006f000
2683500: system.cpu: T0 : 0x106e4    : flw fa5, 0(a4)             : FloatMemRead :  D=0x0000000040a00000 A=0x6f000
2684000: system.cpu: T0 : 0x106e8    : auipc a4, 95               : IntAlu :  D=0x000000000006f6e8
2684500: system.cpu: T0 : 0x106ec    : addi a4, a4, -1768         : IntAlu :  D=0x000000000006f000
2685000: system.cpu: T0 : 0x106f0    : c_slli a5, 2               : IntAlu :  D=0x0000000000000004
2685500: system.cpu: T0 : 0x106f2    : c_add a5, a4               : IntAlu :  D=0x000000000006f004
2686000: system.cpu: T0 : 0x106f4    : fsw fa5, 0(a5)             : FloatMemWrite :  D=0x0000000040a00000 A=0x6f004
2686500: system.cpu: T0 : 0x106f8    : auipc a4, 95               : IntAlu :  D=0x000000000006f6f8
2687000: system.cpu: T0 : 0x106fc    : addi a4, a4, -1784         : IntAlu :  D=0x000000000006f000
2687500: system.cpu: T0 : 0x10700    : ld a5, -32(s0)             : MemRead :  D=0x0000000000000000 A=0x7ffffffffffffdc0
2688000: system.cpu: T0 : 0x10704    : c_slli a5, 2               : IntAlu :  D=0x0000000000000000
2688500: system.cpu: T0 : 0x10706    : c_add a5, a4               : IntAlu :  D=0x000000000006f000
2689000: system.cpu: T0 : 0x10708    : flw fa5, -64(s0)           : FloatMemRead :  D=0x0000000042c60000 A=0x7ffffffffffffda0
2689500: system.cpu: T0 : 0x1070c    : fsw fa5, 0(a5)             : FloatMemWrite :  D=0x0000000042c60000 A=0x6f000
2690000: system.cpu: T0 : 0x10710    : ld a5, -32(s0)             : MemRead :  D=0x0000000000000000 A=0x7ffffffffffffdc0
2690500: system.cpu: T0 : 0x10714    : c_addi a5, 1               : IntAlu :  D=0x0000000000000001
2691500: system.cpu: T0 : 0x10716    : sd a5, -56(s0)             : MemWrite :  D=0x0000000000000001 A=0x7ffffffffffffda8
2692500: system.cpu: T0 : 0x1071a    : ld a5, -48(s0)             : MemRead :  D=0x0000000000000013 A=0x7ffffffffffffdb0
2693500: system.cpu: T0 : 0x1071e    : sd a5, -40(s0)             : MemWrite :  D=0x0000000000000013 A=0x7ffffffffffffdb8
2694500: system.cpu: T0 : 0x10722    : auipc a4, 95               : IntAlu :  D=0x000000000006f722
2695500: system.cpu: T0 : 0x10726    : addi a4, a4, -1826         : IntAlu :  D=0x000000000006f000
2696500: system.cpu: T0 : 0x1072a    : ld a5, -32(s0)             : MemRead :  D=0x0000000000000000 A=0x7ffffffffffffdc0
2697000: system.cpu: T0 : 0x1072e    : c_slli a5, 2               : IntAlu :  D=0x0000000000000000
2697500: system.cpu: T0 : 0x10730    : c_add a5, a4               : IntAlu :  D=0x000000000006f000
2698500: system.cpu: T0 : 0x10732    : flw fa5, 0(a5)             : FloatMemRead :  D=0x0000000042c60000 A=0x6f000
2699500: system.cpu: T0 : 0x10736    : fsw fa5, -60(s0)           : FloatMemWrite :  D=0x0000000042c60000 A=0x7ffffffffffffda4
2700500: system.cpu: T0 : 0x1073a    : sw zero, -68(s0)           : MemWrite :  D=0x0000000000000000 A=0x7ffffffffffffd9c
2701000: system.cpu: T0 : 0x1073e    : c_j 220                    : IntAlu : 
2702000: system.cpu: T0 : 0x1081a    : lw a5, -68(s0)             : MemRead :  D=0x0000000000000000 A=0x7ffffffffffffd9c
2702500: system.cpu: T0 : 0x1081e    : c_addiw a5, 0              : IntAlu :  D=0x0000000000000000
2703000: system.cpu: T0 : 0x10820    : c_beqz a5, -224            : IntAlu : 
2703500: system.cpu: T0 : 0x10740    : ld a5, -56(s0)             : MemRead :  D=0x0000000000000001 A=0x7ffffffffffffda8
2704000: system.cpu: T0 : 0x10744    : c_addi a5, 1               : IntAlu :  D=0x0000000000000002
2705000: system.cpu: T0 : 0x10746    : sd a5, -56(s0)             : MemWrite :  D=0x0000000000000002 A=0x7ffffffffffffda8
2705500: system.cpu: T0 : 0x1074a    : c_j 12                     : IntAlu : 
2706500: system.cpu: T0 : 0x10756    : auipc a4, 95               : IntAlu :  D=0x000000000006f756
2707500: system.cpu: T0 : 0x1075a    : addi a4, a4, -1878         : IntAlu :  D=0x000000000006f000
2708500: system.cpu: T0 : 0x1075e    : ld a5, -56(s0)             : MemRead :  D=0x0000000000000002 A=0x7ffffffffffffda8
2709000: system.cpu: T0 : 0x10762    : c_slli a5, 2               : IntAlu :  D=0x0000000000000008
2709500: system.cpu: T0 : 0x10764    : c_add a5, a4               : IntAlu :  D=0x000000000006f008
2710500: system.cpu: T0 : 0x10766    : flw fa5, 0(a5)             : FloatMemRead :  D=0x000000004124cccd A=0x6f008
2711500: system.cpu: T0 : 0x1076a    : flw fa4, -60(s0)           : FloatMemRead :  D=0x0000000042c60000 A=0x7ffffffffffffda4
2712500: system.cpu: T0 : 0x1076e    : flt_s a5, fa5, fa4         : FloatCmp :  D=0x0000000000000001
2713000: system.cpu: T0 : 0x10772    : c_bnez a5, -38             : IntAlu : 
2713500: system.cpu: T0 : 0x1074c    : ld a5, -56(s0)             : MemRead :  D=0x0000000000000002 A=0x7ffffffffffffda8
2714000: system.cpu: T0 : 0x10750    : c_addi a5, 1               : IntAlu :  D=0x0000000000000003
2715000: system.cpu: T0 : 0x10752    : sd a5, -56(s0)             : MemWrite :  D=0x0000000000000003 A=0x7ffffffffffffda8
2716000: system.cpu: T0 : 0x10756    : auipc a4, 95               : IntAlu :  D=0x000000000006f756
2717000: system.cpu: T0 : 0x1075a    : addi a4, a4, -1878         : IntAlu :  D=0x000000000006f000
2718000: system.cpu: T0 : 0x1075e    : ld a5, -56(s0)             : MemRead :  D=0x0000000000000003 A=0x7ffffffffffffda8
2718500: system.cpu: T0 : 0x10762    : c_slli a5, 2               : IntAlu :  D=0x000000000000000c
2719000: system.cpu: T0 : 0x10764    : c_add a5, a4               : IntAlu :  D=0x000000000006f00c
2720000: system.cpu: T0 : 0x10766    : flw fa5, 0(a5)             : FloatMemRead :  D=0x000000003f8ccccd A=0x6f00c
2721000: system.cpu: T0 : 0x1076a    : flw fa4, -60(s0)           : FloatMemRead :  D=0x0000000042c60000 A=0x7ffffffffffffda4
2722000: system.cpu: T0 : 0x1076e    : flt_s a5, fa5, fa4         : FloatCmp :  D=0x0000000000000001
2722500: system.cpu: T0 : 0x10772    : c_bnez a5, -38             : IntAlu : 
2723000: system.cpu: T0 : 0x1074c    : ld a5, -56(s0)             : MemRead :  D=0x0000000000000003 A=0x7ffffffffffffda8
2723500: system.cpu: T0 : 0x10750    : c_addi a5, 1               : IntAlu :  D=0x0000000000000004
2724500: system.cpu: T0 : 0x10752    : sd a5, -56(s0)             : MemWrite :  D=0x0000000000000004 A=0x7ffffffffffffda8
2725500: system.cpu: T0 : 0x10756    : auipc a4, 95               : IntAlu :  D=0x000000000006f756
2726500: system.cpu: T0 : 0x1075a    : addi a4, a4, -1878         : IntAlu :  D=0x000000000006f000
2727500: system.cpu: T0 : 0x1075e    : ld a5, -56(s0)             : MemRead :  D=0x0000000000000004 A=0x7ffffffffffffda8
2728000: system.cpu: T0 : 0x10762    : c_slli a5, 2               : IntAlu :  D=0x0000000000000010
2728500: system.cpu: T0 : 0x10764    : c_add a5, a4               : IntAlu :  D=0x000000000006f010
2729500: system.cpu: T0 : 0x10766    : flw fa5, 0(a5)             : FloatMemRead :  D=0x0000000040b66666 A=0x6f010
2730500: system.cpu: T0 : 0x1076a    : flw fa4, -60(s0)           : FloatMemRead :  D=0x0000000042c60000 A=0x7ffffffffffffda4
2731500: system.cpu: T0 : 0x1076e    : flt_s a5, fa5, fa4         : FloatCmp :  D=0x0000000000000001
2732000: system.cpu: T0 : 0x10772    : c_bnez a5, -38             : IntAlu : 
2732500: system.cpu: T0 : 0x1074c    : ld a5, -56(s0)             : MemRead :  D=0x0000000000000004 A=0x7ffffffffffffda8
2733000: system.cpu: T0 : 0x10750    : c_addi a5, 1               : IntAlu :  D=0x0000000000000005
2734000: system.cpu: T0 : 0x10752    : sd a5, -56(s0)             : MemWrite :  D=0x0000000000000005 A=0x7ffffffffffffda8
2735000: system.cpu: T0 : 0x10756    : auipc a4, 95               : IntAlu :  D=0x000000000006f756
2736000: system.cpu: T0 : 0x1075a    : addi a4, a4, -1878         : IntAlu :  D=0x000000000006f000
2737000: system.cpu: T0 : 0x1075e    : ld a5, -56(s0)             : MemRead :  D=0x0000000000000005 A=0x7ffffffffffffda8
2737500: system.cpu: T0 : 0x10762    : c_slli a5, 2               : IntAlu :  D=0x0000000000000014
2738000: system.cpu: T0 : 0x10764    : c_add a5, a4               : IntAlu :  D=0x000000000006f014
2739000: system.cpu: T0 : 0x10766    : flw fa5, 0(a5)             : FloatMemRead :  D=0x0000000042c80000 A=0x6f014
2740000: system.cpu: T0 : 0x1076a    : flw fa4, -60(s0)           : FloatMemRead :  D=0x0000000042c60000 A=0x7ffffffffffffda4
2741000: system.cpu: T0 : 0x1076e    : flt_s a5, fa5, fa4         : FloatCmp :  D=0x0000000000000000
2741500: system.cpu: T0 : 0x10772    : c_bnez a5, -38             : IntAlu : 
2742000: system.cpu: T0 : 0x10774    : ld a5, -40(s0)             : MemRead :  D=0x0000000000000013 A=0x7ffffffffffffdb8
2742500: system.cpu: T0 : 0x10778    : c_addi a5, -1              : IntAlu :  D=0x0000000000000012
2743500: system.cpu: T0 : 0x1077a    : sd a5, -40(s0)             : MemWrite :  D=0x0000000000000012 A=0x7ffffffffffffdb8
2744000: system.cpu: T0 : 0x1077e    : c_j 12                     : IntAlu : 
2745000: system.cpu: T0 : 0x1078a    : auipc a4, 95               : IntAlu :  D=0x000000000006f78a
2746000: system.cpu: T0 : 0x1078e    : addi a4, a4, -1930         : IntAlu :  D=0x000000000006f000
2747000: system.cpu: T0 : 0x10792    : ld a5, -40(s0)             : MemRead :  D=0x0000000000000012 A=0x7ffffffffffffdb8
2747500: system.cpu: T0 : 0x10796    : c_slli a5, 2               : IntAlu :  D=0x0000000000000048
2748000: system.cpu: T0 : 0x10798    : c_add a5, a4               : IntAlu :  D=0x000000000006f048
2749000: system.cpu: T0 : 0x1079a    : flw fa5, 0(a5)             : FloatMemRead :  D=0x0000000042c7fae1 A=0x6f048
2750000: system.cpu: T0 : 0x1079e    : flw fa4, -60(s0)           : FloatMemRead :  D=0x0000000042c60000 A=0x7ffffffffffffda4
2751000: system.cpu: T0 : 0x107a2    : flt_s a5, fa4, fa5         : FloatCmp :  D=0x0000000000000001
2751500: system.cpu: T0 : 0x107a6    : c_bnez a5, -38             : IntAlu : 
2752000: system.cpu: T0 : 0x10780    : ld a5, -40(s0)             : MemRead :  D=0x0000000000000012 A=0x7ffffffffffffdb8
2752500: system.cpu: T0 : 0x10784    : c_addi a5, -1              : IntAlu :  D=0x0000000000000011
2753500: system.cpu: T0 : 0x10786    : sd a5, -40(s0)             : MemWrite :  D=0x0000000000000011 A=0x7ffffffffffffdb8
2754500: system.cpu: T0 : 0x1078a    : auipc a4, 95               : IntAlu :  D=0x000000000006f78a
2755500: system.cpu: T0 : 0x1078e    : addi a4, a4, -1930         : IntAlu :  D=0x000000000006f000
2756500: system.cpu: T0 : 0x10792    : ld a5, -40(s0)             : MemRead :  D=0x0000000000000011 A=0x7ffffffffffffdb8
2757000: system.cpu: T0 : 0x10796    : c_slli a5, 2               : IntAlu :  D=0x0000000000000044
2757500: system.cpu: T0 : 0x10798    : c_add a5, a4               : IntAlu :  D=0x000000000006f044
2758500: system.cpu: T0 : 0x1079a    : flw fa5, 0(a5)             : FloatMemRead :  D=0x0000000041a451ec A=0x6f044
2759500: system.cpu: T0 : 0x1079e    : flw fa4, -60(s0)           : FloatMemRead :  D=0x0000000042c60000 A=0x7ffffffffffffda4
2760500: system.cpu: T0 : 0x107a2    : flt_s a5, fa4, fa5         : FloatCmp :  D=0x0000000000000000
2761000: system.cpu: T0 : 0x107a6    : c_bnez a5, -38             : IntAlu : 
2761500: system.cpu: T0 : 0x107a8    : ld a4, -40(s0)             : MemRead :  D=0x0000000000000011 A=0x7ffffffffffffdb8
2762000: system.cpu: T0 : 0x107ac    : ld a5, -56(s0)             : MemRead :  D=0x0000000000000005 A=0x7ffffffffffffda8
2762500: system.cpu: T0 : 0x107b0    : bgeu a4, a5, 10            : IntAlu : 
2763500: system.cpu: T0 : 0x107ba    : lw a5, -68(s0)             : MemRead :  D=0x0000000000000000 A=0x7ffffffffffffd9c
2764000: system.cpu: T0 : 0x107be    : c_addiw a5, 0              : IntAlu :  D=0x0000000000000000
2764500: system.cpu: T0 : 0x107c0    : c_bnez a5, 90              : IntAlu : 
2765500: system.cpu: T0 : 0x107c2    : auipc a4, 95               : IntAlu :  D=0x000000000006f7c2
2766500: system.cpu: T0 : 0x107c6    : addi a4, a4, -1986         : IntAlu :  D=0x000000000006f000
2767500: system.cpu: T0 : 0x107ca    : ld a5, -56(s0)             : MemRead :  D=0x0000000000000005 A=0x7ffffffffffffda8
2768000: system.cpu: T0 : 0x107ce    : c_slli a5, 2               : IntAlu :  D=0x0000000000000014
2768500: system.cpu: T0 : 0x107d0    : c_add a5, a4               : IntAlu :  D=0x000000000006f014
2769500: system.cpu: T0 : 0x107d2    : flw fa5, 0(a5)             : FloatMemRead :  D=0x0000000042c80000 A=0x6f014
2770500: system.cpu: T0 : 0x107d6    : fsw fa5, -64(s0)           : FloatMemWrite :  D=0x0000000042c80000 A=0x7ffffffffffffda0
2771500: system.cpu: T0 : 0x107da    : auipc a4, 95               : IntAlu :  D=0x000000000006f7da
2772500: system.cpu: T0 : 0x107de    : addi a4, a4, -2010         : IntAlu :  D=0x000000000006f000
2773500: system.cpu: T0 : 0x107e2    : ld a5, -40(s0)             : MemRead :  D=0x0000000000000011 A=0x7ffffffffffffdb8
2774000: system.cpu: T0 : 0x107e6    : c_slli a5, 2               : IntAlu :  D=0x0000000000000044
2774500: system.cpu: T0 : 0x107e8    : c_add a5, a4               : IntAlu :  D=0x000000000006f044
2775500: system.cpu: T0 : 0x107ea    : flw fa5, 0(a5)             : FloatMemRead :  D=0x0000000041a451ec A=0x6f044
2776500: system.cpu: T0 : 0x107ee    : auipc a4, 95               : IntAlu :  D=0x000000000006f7ee
2777500: system.cpu: T0 : 0x107f2    : addi a4, a4, -2030         : IntAlu :  D=0x000000000006f000
2778500: system.cpu: T0 : 0x107f6    : ld a5, -56(s0)             : MemRead :  D=0x0000000000000005 A=0x7ffffffffffffda8
2779000: system.cpu: T0 : 0x107fa    : c_slli a5, 2               : IntAlu :  D=0x0000000000000014
2779500: system.cpu: T0 : 0x107fc    : c_add a5, a4               : IntAlu :  D=0x000000000006f014
2780500: system.cpu: T0 : 0x107fe    : fsw fa5, 0(a5)             : FloatMemWrite :  D=0x0000000041a451ec A=0x6f014
2781500: system.cpu: T0 : 0x10802    : auipc a4, 94               : IntAlu :  D=0x000000000006e802
2782500: system.cpu: T0 : 0x10806    : addi a4, a4, 2046          : IntAlu :  D=0x000000000006f000
2783500: system.cpu: T0 : 0x1080a    : ld a5, -40(s0)             : MemRead :  D=0x0000000000000011 A=0x7ffffffffffffdb8
2784000: system.cpu: T0 : 0x1080e    : c_slli a5, 2               : IntAlu :  D=0x0000000000000044
2784500: system.cpu: T0 : 0x10810    : c_add a5, a4               : IntAlu :  D=0x000000000006f044
2785500: system.cpu: T0 : 0x10812    : flw fa5, -64(s0)           : FloatMemRead :  D=0x0000000042c80000 A=0x7ffffffffffffda0
2786500: system.cpu: T0 : 0x10816    : fsw fa5, 0(a5)             : FloatMemWrite :  D=0x0000000042c80000 A=0x6f044
2787500: system.cpu: T0 : 0x1081a    : lw a5, -68(s0)             : MemRead :  D=0x0000000000000000 A=0x7ffffffffffffd9c
2788000: system.cpu: T0 : 0x1081e    : c_addiw a5, 0              : IntAlu :  D=0x0000000000000000
2788500: system.cpu: T0 : 0x10820    : c_beqz a5, -224            : IntAlu : 
2789000: system.cpu: T0 : 0x10740    : ld a5, -56(s0)             : MemRead :  D=0x0000000000000005 A=0x7ffffffffffffda8
2789500: system.cpu: T0 : 0x10744    : c_addi a5, 1               : IntAlu :  D=0x0000000000000006
2790500: system.cpu: T0 : 0x10746    : sd a5, -56(s0)             : MemWrite :  D=0x0000000000000006 A=0x7ffffffffffffda8
2791000: system.cpu: T0 : 0x1074a    : c_j 12                     : IntAlu : 
2792000: system.cpu: T0 : 0x10756    : auipc a4, 95               : IntAlu :  D=0x000000000006f756
2793000: system.cpu: T0 : 0x1075a    : addi a4, a4, -1878         : IntAlu :  D=0x000000000006f000
2794000: system.cpu: T0 : 0x1075e    : ld a5, -56(s0)             : MemRead :  D=0x0000000000000006 A=0x7ffffffffffffda8
2794500: system.cpu: T0 : 0x10762    : c_slli a5, 2               : IntAlu :  D=0x0000000000000018
2795000: system.cpu: T0 : 0x10764    : c_add a5, a4               : IntAlu :  D=0x000000000006f018
2796000: system.cpu: T0 : 0x10766    : flw fa5, 0(a5)             : FloatMemRead :  D=0x0000000043670000 A=0x6f018
2797000: system.cpu: T0 : 0x1076a    : flw fa4, -60(s0)           : FloatMemRead :  D=0x0000000042c60000 A=0x7ffffffffffffda4
2798000: system.cpu: T0 : 0x1076e    : flt_s a5, fa5, fa4         : FloatCmp :  D=0x0000000000000000
2798500: system.cpu: T0 : 0x10772    : c_bnez a5, -38             : IntAlu : 
2799000: system.cpu: T0 : 0x10774    : ld a5, -40(s0)             : MemRead :  D=0x0000000000000011 A=0x7ffffffffffffdb8
2799500: system.cpu: T0 : 0x10778    : c_addi a5, -1              : IntAlu :  D=0x0000000000000010
2800500: system.cpu: T0 : 0x1077a    : sd a5, -40(s0)             : MemWrite :  D=0x0000000000000010 A=0x7ffffffffffffdb8
2801000: system.cpu: T0 : 0x1077e    : c_j 12                     : IntAlu : 
2802000: system.cpu: T0 : 0x1078a    : auipc a4, 95               : IntAlu :  D=0x000000000006f78a
2803000: system.cpu: T0 : 0x1078e    : addi a4, a4, -1930         : IntAlu :  D=0x000000000006f000
2804000: system.cpu: T0 : 0x10792    : ld a5, -40(s0)             : MemRead :  D=0x0000000000000010 A=0x7ffffffffffffdb8
2804500: system.cpu: T0 : 0x10796    : c_slli a5, 2               : IntAlu :  D=0x0000000000000040
2805000: system.cpu: T0 : 0x10798    : c_add a5, a4               : IntAlu :  D=0x000000000006f040
2806000: system.cpu: T0 : 0x1079a    : flw fa5, 0(a5)             : FloatMemRead :  D=0x00000000420c0000 A=0x6f040
2807000: system.cpu: T0 : 0x1079e    : flw fa4, -60(s0)           : FloatMemRead :  D=0x0000000042c60000 A=0x7ffffffffffffda4
2808000: system.cpu: T0 : 0x107a2    : flt_s a5, fa4, fa5         : FloatCmp :  D=0x0000000000000000
2808500: system.cpu: T0 : 0x107a6    : c_bnez a5, -38             : IntAlu : 
2809000: system.cpu: T0 : 0x107a8    : ld a4, -40(s0)             : MemRead :  D=0x0000000000000010 A=0x7ffffffffffffdb8
2809500: system.cpu: T0 : 0x107ac    : ld a5, -56(s0)             : MemRead :  D=0x0000000000000006 A=0x7ffffffffffffda8
2810000: system.cpu: T0 : 0x107b0    : bgeu a4, a5, 10            : IntAlu : 
2811000: system.cpu: T0 : 0x107ba    : lw a5, -68(s0)             : MemRead :  D=0x0000000000000000 A=0x7ffffffffffffd9c
2811500: system.cpu: T0 : 0x107be    : c_addiw a5, 0              : IntAlu :  D=0x0000000000000000
2812000: system.cpu: T0 : 0x107c0    : c_bnez a5, 90              : IntAlu : 
2813000: system.cpu: T0 : 0x107c2    : auipc a4, 95               : IntAlu :  D=0x000000000006f7c2
2814000: system.cpu: T0 : 0x107c6    : addi a4, a4, -1986         : IntAlu :  D=0x000000000006f000
2815000: system.cpu: T0 : 0x107ca    : ld a5, -56(s0)             : MemRead :  D=0x0000000000000006 A=0x7ffffffffffffda8
2815500: system.cpu: T0 : 0x107ce    : c_slli a5, 2               : IntAlu :  D=0x0000000000000018
2816000: system.cpu: T0 : 0x107d0    : c_add a5, a4               : IntAlu :  D=0x000000000006f018
2817000: system.cpu: T0 : 0x107d2    : flw fa5, 0(a5)             : FloatMemRead :  D=0x0000000043670000 A=0x6f018
2818000: system.cpu: T0 : 0x107d6    : fsw fa5, -64(s0)           : FloatMemWrite :  D=0x0000000043670000 A=0x7ffffffffffffda0
2819000: system.cpu: T0 : 0x107da    : auipc a4, 95               : IntAlu :  D=0x000000000006f7da
2820000: system.cpu: T0 : 0x107de    : addi a4, a4, -2010         : IntAlu :  D=0x000000000006f000
2821000: system.cpu: T0 : 0x107e2    : ld a5, -40(s0)             : MemRead :  D=0x0000000000000010 A=0x7ffffffffffffdb8
2821500: system.cpu: T0 : 0x107e6    : c_slli a5, 2               : IntAlu :  D=0x0000000000000040
2822000: system.cpu: T0 : 0x107e8    : c_add a5, a4               : IntAlu :  D=0x000000000006f040
2823000: system.cpu: T0 : 0x107ea    : flw fa5, 0(a5)             : FloatMemRead :  D=0x00000000420c0000 A=0x6f040
2824000: system.cpu: T0 : 0x107ee    : auipc a4, 95               : IntAlu :  D=0x000000000006f7ee
2825000: system.cpu: T0 : 0x107f2    : addi a4, a4, -2030         : IntAlu :  D=0x000000000006f000
2826000: system.cpu: T0 : 0x107f6    : ld a5, -56(s0)             : MemRead :  D=0x0000000000000006 A=0x7ffffffffffffda8
2826500: system.cpu: T0 : 0x107fa    : c_slli a5, 2               : IntAlu :  D=0x0000000000000018
2827000: system.cpu: T0 : 0x107fc    : c_add a5, a4               : IntAlu :  D=0x000000000006f018
2828000: system.cpu: T0 : 0x107fe    : fsw fa5, 0(a5)             : FloatMemWrite :  D=0x00000000420c0000 A=0x6f018
2829000: system.cpu: T0 : 0x10802    : auipc a4, 94               : IntAlu :  D=0x000000000006e802
2830000: system.cpu: T0 : 0x10806    : addi a4, a4, 2046          : IntAlu :  D=0x000000000006f000
2831000: system.cpu: T0 : 0x1080a    : ld a5, -40(s0)             : MemRead :  D=0x0000000000000010 A=0x7ffffffffffffdb8
2831500: system.cpu: T0 : 0x1080e    : c_slli a5, 2               : IntAlu :  D=0x0000000000000040
2832000: system.cpu: T0 : 0x10810    : c_add a5, a4               : IntAlu :  D=0x000000000006f040
2833000: system.cpu: T0 : 0x10812    : flw fa5, -64(s0)           : FloatMemRead :  D=0x0000000043670000 A=0x7ffffffffffffda0
2834000: system.cpu: T0 : 0x10816    : fsw fa5, 0(a5)             : FloatMemWrite :  D=0x0000000043670000 A=0x6f040
2835000: system.cpu: T0 : 0x1081a    : lw a5, -68(s0)             : MemRead :  D=0x0000000000000000 A=0x7ffffffffffffd9c
2835500: system.cpu: T0 : 0x1081e    : c_addiw a5, 0              : IntAlu :  D=0x0000000000000000
2836000: system.cpu: T0 : 0x10820    : c_beqz a5, -224            : IntAlu : 
2836500: system.cpu: T0 : 0x10740    : ld a5, -56(s0)             : MemRead :  D=0x0000000000000006 A=0x7ffffffffffffda8
2837000: system.cpu: T0 : 0x10744    : c_addi a5, 1               : IntAlu :  D=0x0000000000000007
2838000: system.cpu: T0 : 0x10746    : sd a5, -56(s0)             : MemWrite :  D=0x0000000000000007 A=0x7ffffffffffffda8
2838500: system.cpu: T0 : 0x1074a    : c_j 12                     : IntAlu : 
2839500: system.cpu: T0 : 0x10756    : auipc a4, 95               : IntAlu :  D=0x000000000006f756
2840500: system.cpu: T0 : 0x1075a    : addi a4, a4, -1878         : IntAlu :  D=0x000000000006f000
2841500: system.cpu: T0 : 0x1075e    : ld a5, -56(s0)             : MemRead :  D=0x0000000000000007 A=0x7ffffffffffffda8
2842000: system.cpu: T0 : 0x10762    : c_slli a5, 2               : IntAlu :  D=0x000000000000001c
2842500: system.cpu: T0 : 0x10764    : c_add a5, a4               : IntAlu :  D=0x000000000006f01c
2843500: system.cpu: T0 : 0x10766    : flw fa5, 0(a5)             : FloatMemRead :  D=0x0000000042de0000 A=0x6f01c
2844500: system.cpu: T0 : 0x1076a    : flw fa4, -60(s0)           : FloatMemRead :  D=0x0000000042c60000 A=0x7ffffffffffffda4
2845500: system.cpu: T0 : 0x1076e    : flt_s a5, fa5, fa4         : FloatCmp :  D=0x0000000000000000
2846000: system.cpu: T0 : 0x10772    : c_bnez a5, -38             : IntAlu : 
2846500: system.cpu: T0 : 0x10774    : ld a5, -40(s0)             : MemRead :  D=0x0000000000000010 A=0x7ffffffffffffdb8
2847000: system.cpu: T0 : 0x10778    : c_addi a5, -1              : IntAlu :  D=0x000000000000000f
2848000: system.cpu: T0 : 0x1077a    : sd a5, -40(s0)             : MemWrite :  D=0x000000000000000f A=0x7ffffffffffffdb8
2848500: system.cpu: T0 : 0x1077e    : c_j 12                     : IntAlu : 
2849500: system.cpu: T0 : 0x1078a    : auipc a4, 95               : IntAlu :  D=0x000000000006f78a
2850500: system.cpu: T0 : 0x1078e    : addi a4, a4, -1930         : IntAlu :  D=0x000000000006f000
2851500: system.cpu: T0 : 0x10792    : ld a5, -40(s0)             : MemRead :  D=0x000000000000000f A=0x7ffffffffffffdb8
2852000: system.cpu: T0 : 0x10796    : c_slli a5, 2               : IntAlu :  D=0x000000000000003c
2852500: system.cpu: T0 : 0x10798    : c_add a5, a4               : IntAlu :  D=0x000000000006f03c
2853500: system.cpu: T0 : 0x1079a    : flw fa5, 0(a5)             : FloatMemRead :  D=0x0000000042300000 A=0x6f03c
2854500: system.cpu: T0 : 0x1079e    : flw fa4, -60(s0)           : FloatMemRead :  D=0x0000000042c60000 A=0x7ffffffffffffda4
2855500: system.cpu: T0 : 0x107a2    : flt_s a5, fa4, fa5         : FloatCmp :  D=0x0000000000000000
2856000: system.cpu: T0 : 0x107a6    : c_bnez a5, -38             : IntAlu : 
2856500: system.cpu: T0 : 0x107a8    : ld a4, -40(s0)             : MemRead :  D=0x000000000000000f A=0x7ffffffffffffdb8
2857000: system.cpu: T0 : 0x107ac    : ld a5, -56(s0)             : MemRead :  D=0x0000000000000007 A=0x7ffffffffffffda8
2857500: system.cpu: T0 : 0x107b0    : bgeu a4, a5, 10            : IntAlu : 
2858500: system.cpu: T0 : 0x107ba    : lw a5, -68(s0)             : MemRead :  D=0x0000000000000000 A=0x7ffffffffffffd9c
2859000: system.cpu: T0 : 0x107be    : c_addiw a5, 0              : IntAlu :  D=0x0000000000000000
2859500: system.cpu: T0 : 0x107c0    : c_bnez a5, 90              : IntAlu : 
2860500: system.cpu: T0 : 0x107c2    : auipc a4, 95               : IntAlu :  D=0x000000000006f7c2
2861500: system.cpu: T0 : 0x107c6    : addi a4, a4, -1986         : IntAlu :  D=0x000000000006f000
2862500: system.cpu: T0 : 0x107ca    : ld a5, -56(s0)             : MemRead :  D=0x0000000000000007 A=0x7ffffffffffffda8
2863000: system.cpu: T0 : 0x107ce    : c_slli a5, 2               : IntAlu :  D=0x000000000000001c
2863500: system.cpu: T0 : 0x107d0    : c_add a5, a4               : IntAlu :  D=0x000000000006f01c
2864500: system.cpu: T0 : 0x107d2    : flw fa5, 0(a5)             : FloatMemRead :  D=0x0000000042de0000 A=0x6f01c
2865500: system.cpu: T0 : 0x107d6    : fsw fa5, -64(s0)           : FloatMemWrite :  D=0x0000000042de0000 A=0x7ffffffffffffda0
2866500: system.cpu: T0 : 0x107da    : auipc a4, 95               : IntAlu :  D=0x000000000006f7da
2867500: system.cpu: T0 : 0x107de    : addi a4, a4, -2010         : IntAlu :  D=0x000000000006f000
2868500: system.cpu: T0 : 0x107e2    : ld a5, -40(s0)             : MemRead :  D=0x000000000000000f A=0x7ffffffffffffdb8
2869000: system.cpu: T0 : 0x107e6    : c_slli a5, 2               : IntAlu :  D=0x000000000000003c
2869500: system.cpu: T0 : 0x107e8    : c_add a5, a4               : IntAlu :  D=0x000000000006f03c
2870500: system.cpu: T0 : 0x107ea    : flw fa5, 0(a5)             : FloatMemRead :  D=0x0000000042300000 A=0x6f03c
2871500: system.cpu: T0 : 0x107ee    : auipc a4, 95               : IntAlu :  D=0x000000000006f7ee
2872500: system.cpu: T0 : 0x107f2    : addi a4, a4, -2030         : IntAlu :  D=0x000000000006f000
2873500: system.cpu: T0 : 0x107f6    : ld a5, -56(s0)             : MemRead :  D=0x0000000000000007 A=0x7ffffffffffffda8
2874000: system.cpu: T0 : 0x107fa    : c_slli a5, 2               : IntAlu :  D=0x000000000000001c
2874500: system.cpu: T0 : 0x107fc    : c_add a5, a4               : IntAlu :  D=0x000000000006f01c
2875500: system.cpu: T0 : 0x107fe    : fsw fa5, 0(a5)             : FloatMemWrite :  D=0x0000000042300000 A=0x6f01c
2876500: system.cpu: T0 : 0x10802    : auipc a4, 94               : IntAlu :  D=0x000000000006e802
2877500: system.cpu: T0 : 0x10806    : addi a4, a4, 2046          : IntAlu :  D=0x000000000006f000
2878500: system.cpu: T0 : 0x1080a    : ld a5, -40(s0)             : MemRead :  D=0x000000000000000f A=0x7ffffffffffffdb8
2879000: system.cpu: T0 : 0x1080e    : c_slli a5, 2               : IntAlu :  D=0x000000000000003c
2879500: system.cpu: T0 : 0x10810    : c_add a5, a4               : IntAlu :  D=0x000000000006f03c
2880500: system.cpu: T0 : 0x10812    : flw fa5, -64(s0)           : FloatMemRead :  D=0x0000000042de0000 A=0x7ffffffffffffda0
2881500: system.cpu: T0 : 0x10816    : fsw fa5, 0(a5)             : FloatMemWrite :  D=0x0000000042de0000 A=0x6f03c
2882500: system.cpu: T0 : 0x1081a    : lw a5, -68(s0)             : MemRead :  D=0x0000000000000000 A=0x7ffffffffffffd9c
2883000: system.cpu: T0 : 0x1081e    : c_addiw a5, 0              : IntAlu :  D=0x0000000000000000
2883500: system.cpu: T0 : 0x10820    : c_beqz a5, -224            : IntAlu : 
2884000: system.cpu: T0 : 0x10740    : ld a5, -56(s0)             : MemRead :  D=0x0000000000000007 A=0x7ffffffffffffda8
2884500: system.cpu: T0 : 0x10744    : c_addi a5, 1               : IntAlu :  D=0x0000000000000008
2885500: system.cpu: T0 : 0x10746    : sd a5, -56(s0)             : MemWrite :  D=0x0000000000000008 A=0x7ffffffffffffda8
2886000: system.cpu: T0 : 0x1074a    : c_j 12                     : IntAlu : 
2887000: system.cpu: T0 : 0x10756    : auipc a4, 95               : IntAlu :  D=0x000000000006f756
2888000: system.cpu: T0 : 0x1075a    : addi a4, a4, -1878         : IntAlu :  D=0x000000000006f000
2889000: system.cpu: T0 : 0x1075e    : ld a5, -56(s0)             : MemRead :  D=0x0000000000000008 A=0x7ffffffffffffda8
2889500: system.cpu: T0 : 0x10762    : c_slli a5, 2               : IntAlu :  D=0x0000000000000020
2890000: system.cpu: T0 : 0x10764    : c_add a5, a4               : IntAlu :  D=0x000000000006f020
2891000: system.cpu: T0 : 0x10766    : flw fa5, 0(a5)             : FloatMemRead :  D=0x0000000042460000 A=0x6f020
2892000: system.cpu: T0 : 0x1076a    : flw fa4, -60(s0)           : FloatMemRead :  D=0x0000000042c60000 A=0x7ffffffffffffda4
2893000: system.cpu: T0 : 0x1076e    : flt_s a5, fa5, fa4         : FloatCmp :  D=0x0000000000000001
2893500: system.cpu: T0 : 0x10772    : c_bnez a5, -38             : IntAlu : 
2894000: system.cpu: T0 : 0x1074c    : ld a5, -56(s0)             : MemRead :  D=0x0000000000000008 A=0x7ffffffffffffda8
2894500: system.cpu: T0 : 0x10750    : c_addi a5, 1               : IntAlu :  D=0x0000000000000009
2895500: system.cpu: T0 : 0x10752    : sd a5, -56(s0)             : MemWrite :  D=0x0000000000000009 A=0x7ffffffffffffda8
2896500: system.cpu: T0 : 0x10756    : auipc a4, 95               : IntAlu :  D=0x000000000006f756
2897500: system.cpu: T0 : 0x1075a    : addi a4, a4, -1878         : IntAlu :  D=0x000000000006f000
2898500: system.cpu: T0 : 0x1075e    : ld a5, -56(s0)             : MemRead :  D=0x0000000000000009 A=0x7ffffffffffffda8
2899000: system.cpu: T0 : 0x10762    : c_slli a5, 2               : IntAlu :  D=0x0000000000000024
2899500: system.cpu: T0 : 0x10764    : c_add a5, a4               : IntAlu :  D=0x000000000006f024
2900500: system.cpu: T0 : 0x10766    : flw fa5, 0(a5)             : FloatMemRead :  D=0x0000000040800000 A=0x6f024
2901500: system.cpu: T0 : 0x1076a    : flw fa4, -60(s0)           : FloatMemRead :  D=0x0000000042c60000 A=0x7ffffffffffffda4
2902500: system.cpu: T0 : 0x1076e    : flt_s a5, fa5, fa4         : FloatCmp :  D=0x0000000000000001
2903000: system.cpu: T0 : 0x10772    : c_bnez a5, -38             : IntAlu : 
2903500: system.cpu: T0 : 0x1074c    : ld a5, -56(s0)             : MemRead :  D=0x0000000000000009 A=0x7ffffffffffffda8
2904000: system.cpu: T0 : 0x10750    : c_addi a5, 1               : IntAlu :  D=0x000000000000000a
2905000: system.cpu: T0 : 0x10752    : sd a5, -56(s0)             : MemWrite :  D=0x000000000000000a A=0x7ffffffffffffda8
2906000: system.cpu: T0 : 0x10756    : auipc a4, 95               : IntAlu :  D=0x000000000006f756
2907000: system.cpu: T0 : 0x1075a    : addi a4, a4, -1878         : IntAlu :  D=0x000000000006f000
2908000: system.cpu: T0 : 0x1075e    : ld a5, -56(s0)             : MemRead :  D=0x000000000000000a A=0x7ffffffffffffda8
2908500: system.cpu: T0 : 0x10762    : c_slli a5, 2               : IntAlu :  D=0x0000000000000028
2909000: system.cpu: T0 : 0x10764    : c_add a5, a4               : IntAlu :  D=0x000000000006f028
2910000: system.cpu: T0 : 0x10766    : flw fa5, 0(a5)             : FloatMemRead :  D=0x0000000041200000 A=0x6f028
2911000: system.cpu: T0 : 0x1076a    : flw fa4, -60(s0)           : FloatMemRead :  D=0x0000000042c60000 A=0x7ffffffffffffda4
2912000: system.cpu: T0 : 0x1076e    : flt_s a5, fa5, fa4         : FloatCmp :  D=0x0000000000000001
2912500: system.cpu: T0 : 0x10772    : c_bnez a5, -38             : IntAlu : 
2913000: system.cpu: T0 : 0x1074c    : ld a5, -56(s0)             : MemRead :  D=0x000000000000000a A=0x7ffffffffffffda8
2913500: system.cpu: T0 : 0x10750    : c_addi a5, 1               : IntAlu :  D=0x000000000000000b
2914500: system.cpu: T0 : 0x10752    : sd a5, -56(s0)             : MemWrite :  D=0x000000000000000b A=0x7ffffffffffffda8
2915500: system.cpu: T0 : 0x10756    : auipc a4, 95               : IntAlu :  D=0x000000000006f756
2916500: system.cpu: T0 : 0x1075a    : addi a4, a4, -1878         : IntAlu :  D=0x000000000006f000
2917500: system.cpu: T0 : 0x1075e    : ld a5, -56(s0)             : MemRead :  D=0x000000000000000b A=0x7ffffffffffffda8
2918000: system.cpu: T0 : 0x10762    : c_slli a5, 2               : IntAlu :  D=0x000000000000002c
2918500: system.cpu: T0 : 0x10764    : c_add a5, a4               : IntAlu :  D=0x000000000006f02c
2919500: system.cpu: T0 : 0x10766    : flw fa5, 0(a5)             : FloatMemRead :  D=0x0000000043160000 A=0x6f02c
2920500: system.cpu: T0 : 0x1076a    : flw fa4, -60(s0)           : FloatMemRead :  D=0x0000000042c60000 A=0x7ffffffffffffda4
2921500: system.cpu: T0 : 0x1076e    : flt_s a5, fa5, fa4         : FloatCmp :  D=0x0000000000000000
2922000: system.cpu: T0 : 0x10772    : c_bnez a5, -38             : IntAlu : 
2922500: system.cpu: T0 : 0x10774    : ld a5, -40(s0)             : MemRead :  D=0x000000000000000f A=0x7ffffffffffffdb8
2923000: system.cpu: T0 : 0x10778    : c_addi a5, -1              : IntAlu :  D=0x000000000000000e
2924000: system.cpu: T0 : 0x1077a    : sd a5, -40(s0)             : MemWrite :  D=0x000000000000000e A=0x7ffffffffffffdb8
2924500: system.cpu: T0 : 0x1077e    : c_j 12                     : IntAlu : 
2925500: system.cpu: T0 : 0x1078a    : auipc a4, 95               : IntAlu :  D=0x000000000006f78a
2926500: system.cpu: T0 : 0x1078e    : addi a4, a4, -1930         : IntAlu :  D=0x000000000006f000
2927500: system.cpu: T0 : 0x10792    : ld a5, -40(s0)             : MemRead :  D=0x000000000000000e A=0x7ffffffffffffdb8
2928000: system.cpu: T0 : 0x10796    : c_slli a5, 2               : IntAlu :  D=0x0000000000000038
2928500: system.cpu: T0 : 0x10798    : c_add a5, a4               : IntAlu :  D=0x000000000006f038
2929500: system.cpu: T0 : 0x1079a    : flw fa5, 0(a5)             : FloatMemRead :  D=0x00000000429a0000 A=0x6f038
2930500: system.cpu: T0 : 0x1079e    : flw fa4, -60(s0)           : FloatMemRead :  D=0x0000000042c60000 A=0x7ffffffffffffda4
2931500: system.cpu: T0 : 0x107a2    : flt_s a5, fa4, fa5         : FloatCmp :  D=0x0000000000000000
2932000: system.cpu: T0 : 0x107a6    : c_bnez a5, -38             : IntAlu : 
2932500: system.cpu: T0 : 0x107a8    : ld a4, -40(s0)             : MemRead :  D=0x000000000000000e A=0x7ffffffffffffdb8
2933000: system.cpu: T0 : 0x107ac    : ld a5, -56(s0)             : MemRead :  D=0x000000000000000b A=0x7ffffffffffffda8
2933500: system.cpu: T0 : 0x107b0    : bgeu a4, a5, 10            : IntAlu : 
2934500: system.cpu: T0 : 0x107ba    : lw a5, -68(s0)             : MemRead :  D=0x0000000000000000 A=0x7ffffffffffffd9c
2935000: system.cpu: T0 : 0x107be    : c_addiw a5, 0              : IntAlu :  D=0x0000000000000000
2935500: system.cpu: T0 : 0x107c0    : c_bnez a5, 90              : IntAlu : 
2936500: system.cpu: T0 : 0x107c2    : auipc a4, 95               : IntAlu :  D=0x000000000006f7c2
2937500: system.cpu: T0 : 0x107c6    : addi a4, a4, -1986         : IntAlu :  D=0x000000000006f000
2938500: system.cpu: T0 : 0x107ca    : ld a5, -56(s0)             : MemRead :  D=0x000000000000000b A=0x7ffffffffffffda8
2939000: system.cpu: T0 : 0x107ce    : c_slli a5, 2               : IntAlu :  D=0x000000000000002c
2939500: system.cpu: T0 : 0x107d0    : c_add a5, a4               : IntAlu :  D=0x000000000006f02c
2940500: system.cpu: T0 : 0x107d2    : flw fa5, 0(a5)             : FloatMemRead :  D=0x0000000043160000 A=0x6f02c
2941500: system.cpu: T0 : 0x107d6    : fsw fa5, -64(s0)           : FloatMemWrite :  D=0x0000000043160000 A=0x7ffffffffffffda0
2942500: system.cpu: T0 : 0x107da    : auipc a4, 95               : IntAlu :  D=0x000000000006f7da
2943500: system.cpu: T0 : 0x107de    : addi a4, a4, -2010         : IntAlu :  D=0x000000000006f000
2944500: system.cpu: T0 : 0x107e2    : ld a5, -40(s0)             : MemRead :  D=0x000000000000000e A=0x7ffffffffffffdb8
2945000: system.cpu: T0 : 0x107e6    : c_slli a5, 2               : IntAlu :  D=0x0000000000000038
2945500: system.cpu: T0 : 0x107e8    : c_add a5, a4               : IntAlu :  D=0x000000000006f038
2946500: system.cpu: T0 : 0x107ea    : flw fa5, 0(a5)             : FloatMemRead :  D=0x00000000429a0000 A=0x6f038
2947500: system.cpu: T0 : 0x107ee    : auipc a4, 95               : IntAlu :  D=0x000000000006f7ee
2948500: system.cpu: T0 : 0x107f2    : addi a4, a4, -2030         : IntAlu :  D=0x000000000006f000
2949500: system.cpu: T0 : 0x107f6    : ld a5, -56(s0)             : MemRead :  D=0x000000000000000b A=0x7ffffffffffffda8
2950000: system.cpu: T0 : 0x107fa    : c_slli a5, 2               : IntAlu :  D=0x000000000000002c
2950500: system.cpu: T0 : 0x107fc    : c_add a5, a4               : IntAlu :  D=0x000000000006f02c
2951500: system.cpu: T0 : 0x107fe    : fsw fa5, 0(a5)             : FloatMemWrite :  D=0x00000000429a0000 A=0x6f02c
2952500: system.cpu: T0 : 0x10802    : auipc a4, 94               : IntAlu :  D=0x000000000006e802
2953500: system.cpu: T0 : 0x10806    : addi a4, a4, 2046          : IntAlu :  D=0x000000000006f000
2954500: system.cpu: T0 : 0x1080a    : ld a5, -40(s0)             : MemRead :  D=0x000000000000000e A=0x7ffffffffffffdb8
2955000: system.cpu: T0 : 0x1080e    : c_slli a5, 2               : IntAlu :  D=0x0000000000000038
2955500: system.cpu: T0 : 0x10810    : c_add a5, a4               : IntAlu :  D=0x000000000006f038
2956500: system.cpu: T0 : 0x10812    : flw fa5, -64(s0)           : FloatMemRead :  D=0x0000000043160000 A=0x7ffffffffffffda0
2957500: system.cpu: T0 : 0x10816    : fsw fa5, 0(a5)             : FloatMemWrite :  D=0x0000000043160000 A=0x6f038
2958500: system.cpu: T0 : 0x1081a    : lw a5, -68(s0)             : MemRead :  D=0x0000000000000000 A=0x7ffffffffffffd9c
2959000: system.cpu: T0 : 0x1081e    : c_addiw a5, 0              : IntAlu :  D=0x0000000000000000
2959500: system.cpu: T0 : 0x10820    : c_beqz a5, -224            : IntAlu : 
2960000: system.cpu: T0 : 0x10740    : ld a5, -56(s0)             : MemRead :  D=0x000000000000000b A=0x7ffffffffffffda8
2960500: system.cpu: T0 : 0x10744    : c_addi a5, 1               : IntAlu :  D=0x000000000000000c
2961500: system.cpu: T0 : 0x10746    : sd a5, -56(s0)             : MemWrite :  D=0x000000000000000c A=0x7ffffffffffffda8
2962000: system.cpu: T0 : 0x1074a    : c_j 12                     : IntAlu : 
2963000: system.cpu: T0 : 0x10756    : auipc a4, 95               : IntAlu :  D=0x000000000006f756
2964000: system.cpu: T0 : 0x1075a    : addi a4, a4, -1878         : IntAlu :  D=0x000000000006f000
2965000: system.cpu: T0 : 0x1075e    : ld a5, -56(s0)             : MemRead :  D=0x000000000000000c A=0x7ffffffffffffda8
2965500: system.cpu: T0 : 0x10762    : c_slli a5, 2               : IntAlu :  D=0x0000000000000030
2966000: system.cpu: T0 : 0x10764    : c_add a5, a4               : IntAlu :  D=0x000000000006f030
2967000: system.cpu: T0 : 0x10766    : flw fa5, 0(a5)             : FloatMemRead :  D=0x00000000435e3852 A=0x6f030
2968000: system.cpu: T0 : 0x1076a    : flw fa4, -60(s0)           : FloatMemRead :  D=0x0000000042c60000 A=0x7ffffffffffffda4
2969000: system.cpu: T0 : 0x1076e    : flt_s a5, fa5, fa4         : FloatCmp :  D=0x0000000000000000
2969500: system.cpu: T0 : 0x10772    : c_bnez a5, -38             : IntAlu : 
2970000: system.cpu: T0 : 0x10774    : ld a5, -40(s0)             : MemRead :  D=0x000000000000000e A=0x7ffffffffffffdb8
2970500: system.cpu: T0 : 0x10778    : c_addi a5, -1              : IntAlu :  D=0x000000000000000d
2971500: system.cpu: T0 : 0x1077a    : sd a5, -40(s0)             : MemWrite :  D=0x000000000000000d A=0x7ffffffffffffdb8
2972000: system.cpu: T0 : 0x1077e    : c_j 12                     : IntAlu : 
2973000: system.cpu: T0 : 0x1078a    : auipc a4, 95               : IntAlu :  D=0x000000000006f78a
2974000: system.cpu: T0 : 0x1078e    : addi a4, a4, -1930         : IntAlu :  D=0x000000000006f000
2975000: system.cpu: T0 : 0x10792    : ld a5, -40(s0)             : MemRead :  D=0x000000000000000d A=0x7ffffffffffffdb8
2975500: system.cpu: T0 : 0x10796    : c_slli a5, 2               : IntAlu :  D=0x0000000000000034
2976000: system.cpu: T0 : 0x10798    : c_add a5, a4               : IntAlu :  D=0x000000000006f034
2977000: system.cpu: T0 : 0x1079a    : flw fa5, 0(a5)             : FloatMemRead :  D=0x0000000042ca0000 A=0x6f034
2978000: system.cpu: T0 : 0x1079e    : flw fa4, -60(s0)           : FloatMemRead :  D=0x0000000042c60000 A=0x7ffffffffffffda4
2979000: system.cpu: T0 : 0x107a2    : flt_s a5, fa4, fa5         : FloatCmp :  D=0x0000000000000001
2979500: system.cpu: T0 : 0x107a6    : c_bnez a5, -38             : IntAlu : 
2980000: system.cpu: T0 : 0x10780    : ld a5, -40(s0)             : MemRead :  D=0x000000000000000d A=0x7ffffffffffffdb8
2980500: system.cpu: T0 : 0x10784    : c_addi a5, -1              : IntAlu :  D=0x000000000000000c
2981500: system.cpu: T0 : 0x10786    : sd a5, -40(s0)             : MemWrite :  D=0x000000000000000c A=0x7ffffffffffffdb8
2982500: system.cpu: T0 : 0x1078a    : auipc a4, 95               : IntAlu :  D=0x000000000006f78a
2983500: system.cpu: T0 : 0x1078e    : addi a4, a4, -1930         : IntAlu :  D=0x000000000006f000
2984500: system.cpu: T0 : 0x10792    : ld a5, -40(s0)             : MemRead :  D=0x000000000000000c A=0x7ffffffffffffdb8
2985000: system.cpu: T0 : 0x10796    : c_slli a5, 2               : IntAlu :  D=0x0000000000000030
2985500: system.cpu: T0 : 0x10798    : c_add a5, a4               : IntAlu :  D=0x000000000006f030
2986500: system.cpu: T0 : 0x1079a    : flw fa5, 0(a5)             : FloatMemRead :  D=0x00000000435e3852 A=0x6f030
2987500: system.cpu: T0 : 0x1079e    : flw fa4, -60(s0)           : FloatMemRead :  D=0x0000000042c60000 A=0x7ffffffffffffda4
2988500: system.cpu: T0 : 0x107a2    : flt_s a5, fa4, fa5         : FloatCmp :  D=0x0000000000000001
2989000: system.cpu: T0 : 0x107a6    : c_bnez a5, -38             : IntAlu : 
2989500: system.cpu: T0 : 0x10780    : ld a5, -40(s0)             : MemRead :  D=0x000000000000000c A=0x7ffffffffffffdb8
2990000: system.cpu: T0 : 0x10784    : c_addi a5, -1              : IntAlu :  D=0x000000000000000b
2991000: system.cpu: T0 : 0x10786    : sd a5, -40(s0)             : MemWrite :  D=0x000000000000000b A=0x7ffffffffffffdb8
2992000: system.cpu: T0 : 0x1078a    : auipc a4, 95               : IntAlu :  D=0x000000000006f78a
2993000: system.cpu: T0 : 0x1078e    : addi a4, a4, -1930         : IntAlu :  D=0x000000000006f000
2994000: system.cpu: T0 : 0x10792    : ld a5, -40(s0)             : MemRead :  D=0x000000000000000b A=0x7ffffffffffffdb8
2994500: system.cpu: T0 : 0x10796    : c_slli a5, 2               : IntAlu :  D=0x000000000000002c
2995000: system.cpu: T0 : 0x10798    : c_add a5, a4               : IntAlu :  D=0x000000000006f02c
2996000: system.cpu: T0 : 0x1079a    : flw fa5, 0(a5)             : FloatMemRead :  D=0x00000000429a0000 A=0x6f02c
2997000: system.cpu: T0 : 0x1079e    : flw fa4, -60(s0)           : FloatMemRead :  D=0x0000000042c60000 A=0x7ffffffffffffda4
2998000: system.cpu: T0 : 0x107a2    : flt_s a5, fa4, fa5         : FloatCmp :  D=0x0000000000000000
2998500: system.cpu: T0 : 0x107a6    : c_bnez a5, -38             : IntAlu : 
2999000: system.cpu: T0 : 0x107a8    : ld a4, -40(s0)             : MemRead :  D=0x000000000000000b A=0x7ffffffffffffdb8
2999500: system.cpu: T0 : 0x107ac    : ld a5, -56(s0)             : MemRead :  D=0x000000000000000c A=0x7ffffffffffffda8
3000000: system.cpu: T0 : 0x107b0    : bgeu a4, a5, 10            : IntAlu : 
3000500: system.cpu: T0 : 0x107b4    : c_li a5, 1                 : IntAlu :  D=0x0000000000000001
3001500: system.cpu: T0 : 0x107b6    : sw a5, -68(s0)             : MemWrite :  D=0x0000000000000001 A=0x7ffffffffffffd9c
3002500: system.cpu: T0 : 0x107ba    : lw a5, -68(s0)             : MemRead :  D=0x0000000000000001 A=0x7ffffffffffffd9c
3003000: system.cpu: T0 : 0x107be    : c_addiw a5, 0              : IntAlu :  D=0x0000000000000001
3003500: system.cpu: T0 : 0x107c0    : c_bnez a5, 90              : IntAlu : 
3004500: system.cpu: T0 : 0x1081a    : lw a5, -68(s0)             : MemRead :  D=0x0000000000000001 A=0x7ffffffffffffd9c
3005000: system.cpu: T0 : 0x1081e    : c_addiw a5, 0              : IntAlu :  D=0x0000000000000001
3005500: system.cpu: T0 : 0x10820    : c_beqz a5, -224            : IntAlu : 
3006500: system.cpu: T0 : 0x10822    : auipc a4, 94               : IntAlu :  D=0x000000000006e822
3007500: system.cpu: T0 : 0x10826    : addi a4, a4, 2014          : IntAlu :  D=0x000000000006f000
3008500: system.cpu: T0 : 0x1082a    : ld a5, -40(s0)             : MemRead :  D=0x000000000000000b A=0x7ffffffffffffdb8
3009000: system.cpu: T0 : 0x1082e    : c_slli a5, 2               : IntAlu :  D=0x000000000000002c
3009500: system.cpu: T0 : 0x10830    : c_add a5, a4               : IntAlu :  D=0x000000000006f02c
3010500: system.cpu: T0 : 0x10832    : flw fa5, 0(a5)             : FloatMemRead :  D=0x00000000429a0000 A=0x6f02c
3011500: system.cpu: T0 : 0x10836    : auipc a4, 94               : IntAlu :  D=0x000000000006e836
3012500: system.cpu: T0 : 0x1083a    : addi a4, a4, 1994          : IntAlu :  D=0x000000000006f000
3013500: system.cpu: T0 : 0x1083e    : ld a5, -32(s0)             : MemRead :  D=0x0000000000000000 A=0x7ffffffffffffdc0
3014000: system.cpu: T0 : 0x10842    : c_slli a5, 2               : IntAlu :  D=0x0000000000000000
3014500: system.cpu: T0 : 0x10844    : c_add a5, a4               : IntAlu :  D=0x000000000006f000
3015500: system.cpu: T0 : 0x10846    : fsw fa5, 0(a5)             : FloatMemWrite :  D=0x00000000429a0000 A=0x6f000
3016500: system.cpu: T0 : 0x1084a    : auipc a4, 94               : IntAlu :  D=0x000000000006e84a
3017500: system.cpu: T0 : 0x1084e    : addi a4, a4, 1974          : IntAlu :  D=0x000000000006f000
3018500: system.cpu: T0 : 0x10852    : ld a5, -40(s0)             : MemRead :  D=0x000000000000000b A=0x7ffffffffffffdb8
3019000: system.cpu: T0 : 0x10856    : c_slli a5, 2               : IntAlu :  D=0x000000000000002c
3019500: system.cpu: T0 : 0x10858    : c_add a5, a4               : IntAlu :  D=0x000000000006f02c
3020500: system.cpu: T0 : 0x1085a    : flw fa5, -60(s0)           : FloatMemRead :  D=0x0000000042c60000 A=0x7ffffffffffffda4
3021500: system.cpu: T0 : 0x1085e    : fsw fa5, 0(a5)             : FloatMemWrite :  D=0x0000000042c60000 A=0x6f02c
3022500: system.cpu: T0 : 0x10862    : ld a4, -40(s0)             : MemRead :  D=0x000000000000000b A=0x7ffffffffffffdb8
3023500: system.cpu: T0 : 0x10866    : ld a5, -88(s0)             : MemRead :  D=0x000000000000000a A=0x7ffffffffffffd88
3024500: system.cpu: T0 : 0x1086a    : bltu a4, a5, 14            : IntAlu : 
3025500: system.cpu: T0 : 0x1086e    : ld a5, -40(s0)             : MemRead :  D=0x000000000000000b A=0x7ffffffffffffdb8
3026000: system.cpu: T0 : 0x10872    : c_addi a5, -1              : IntAlu :  D=0x000000000000000a
3026500: system.cpu: T0 : 0x10874    : sd a5, -48(s0)             : MemWrite :  D=0x000000000000000a A=0x7ffffffffffffdb0
3027000: system.cpu: T0 : 0x10878    : ld a4, -40(s0)             : MemRead :  D=0x000000000000000b A=0x7ffffffffffffdb8
3027500: system.cpu: T0 : 0x1087c    : ld a5, -88(s0)             : MemRead :  D=0x000000000000000a A=0x7ffffffffffffd88
3028000: system.cpu: T0 : 0x10880    : bltu a5, a4, 12            : IntAlu : 
3028500: system.cpu: T0 : 0x1088c    : lw a5, -72(s0)             : MemRead :  D=0x0000000000000000 A=0x7ffffffffffffd98
3029000: system.cpu: T0 : 0x10890    : c_addiw a5, 0              : IntAlu :  D=0x0000000000000000
3030000: system.cpu: T0 : 0x10892    : beq a5, zero, -1088        : IntAlu : 
3031000: system.cpu: T0 : 0x10452    : ld a5, -32(s0)             : MemRead :  D=0x0000000000000000 A=0x7ffffffffffffdc0
3031500: system.cpu: T0 : 0x10456    : c_addi a5, 1               : IntAlu :  D=0x0000000000000001
3032000: system.cpu: T0 : 0x10458    : ld a4, -48(s0)             : MemRead :  D=0x000000000000000a A=0x7ffffffffffffdb0
3032500: system.cpu: T0 : 0x1045c    : bltu a5, a4, 160           : IntAlu : 
3033000: system.cpu: T0 : 0x104fc    : lw a5, -72(s0)             : MemRead :  D=0x0000000000000000 A=0x7ffffffffffffd98
3033500: system.cpu: T0 : 0x10500    : c_addiw a5, 0              : IntAlu :  D=0x0000000000000000
3034500: system.cpu: T0 : 0x10502    : bne a5, zero, 906          : IntAlu : 
3035500: system.cpu: T0 : 0x10506    : ld a4, -32(s0)             : MemRead :  D=0x0000000000000000 A=0x7ffffffffffffdc0
3036500: system.cpu: T0 : 0x1050a    : ld a5, -48(s0)             : MemRead :  D=0x000000000000000a A=0x7ffffffffffffdb0
3037000: system.cpu: T0 : 0x1050e    : c_add a5, a4               : IntAlu :  D=0x000000000000000a
3037500: system.cpu: T0 : 0x10510    : c_srli a5, 1               : IntAlu :  D=0x0000000000000005
3038500: system.cpu: T0 : 0x10512    : sd a5, -24(s0)             : MemWrite :  D=0x0000000000000005 A=0x7ffffffffffffdc8
3039500: system.cpu: T0 : 0x10516    : auipc a4, 95               : IntAlu :  D=0x000000000006f516
3040500: system.cpu: T0 : 0x1051a    : addi a4, a4, -1302         : IntAlu :  D=0x000000000006f000
3041500: system.cpu: T0 : 0x1051e    : ld a5, -24(s0)             : MemRead :  D=0x0000000000000005 A=0x7ffffffffffffdc8
3042000: system.cpu: T0 : 0x10522    : c_slli a5, 2               : IntAlu :  D=0x0000000000000014
3042500: system.cpu: T0 : 0x10524    : c_add a5, a4               : IntAlu :  D=0x000000000006f014
3043500: system.cpu: T0 : 0x10526    : flw fa5, 0(a5)             : FloatMemRead :  D=0x0000000041a451ec A=0x6f014
3044500: system.cpu: T0 : 0x1052a    : fsw fa5, -64(s0)           : FloatMemWrite :  D=0x0000000041a451ec A=0x7ffffffffffffda0
3045500: system.cpu: T0 : 0x1052e    : ld a5, -32(s0)             : MemRead :  D=0x0000000000000000 A=0x7ffffffffffffdc0
3046000: system.cpu: T0 : 0x10532    : c_addi a5, 1               : IntAlu :  D=0x0000000000000001
3046500: system.cpu: T0 : 0x10534    : auipc a4, 95               : IntAlu :  D=0x000000000006f534
3047000: system.cpu: T0 : 0x10538    : addi a4, a4, -1332         : IntAlu :  D=0x000000000006f000
3047500: system.cpu: T0 : 0x1053c    : c_slli a5, 2               : IntAlu :  D=0x0000000000000004
3048000: system.cpu: T0 : 0x1053e    : c_add a5, a4               : IntAlu :  D=0x000000000006f004
3048500: system.cpu: T0 : 0x10540    : flw fa5, 0(a5)             : FloatMemRead :  D=0x0000000040a00000 A=0x6f004
3049000: system.cpu: T0 : 0x10544    : auipc a4, 95               : IntAlu :  D=0x000000000006f544
3049500: system.cpu: T0 : 0x10548    : addi a4, a4, -1348         : IntAlu :  D=0x000000000006f000
3050000: system.cpu: T0 : 0x1054c    : ld a5, -24(s0)             : MemRead :  D=0x0000000000000005 A=0x7ffffffffffffdc8
3050500: system.cpu: T0 : 0x10550    : c_slli a5, 2               : IntAlu :  D=0x0000000000000014
3051000: system.cpu: T0 : 0x10552    : c_add a5, a4               : IntAlu :  D=0x000000000006f014
3051500: system.cpu: T0 : 0x10554    : fsw fa5, 0(a5)             : FloatMemWrite :  D=0x0000000040a00000 A=0x6f014
3052000: system.cpu: T0 : 0x10558    : ld a5, -32(s0)             : MemRead :  D=0x0000000000000000 A=0x7ffffffffffffdc0
3052500: system.cpu: T0 : 0x1055c    : c_addi a5, 1               : IntAlu :  D=0x0000000000000001
3053500: system.cpu: T0 : 0x1055e    : auipc a4, 95               : IntAlu :  D=0x000000000006f55e
3054500: system.cpu: T0 : 0x10562    : addi a4, a4, -1374         : IntAlu :  D=0x000000000006f000
3055000: system.cpu: T0 : 0x10566    : c_slli a5, 2               : IntAlu :  D=0x0000000000000004
3055500: system.cpu: T0 : 0x10568    : c_add a5, a4               : IntAlu :  D=0x000000000006f004
3056500: system.cpu: T0 : 0x1056a    : flw fa5, -64(s0)           : FloatMemRead :  D=0x0000000041a451ec A=0x7ffffffffffffda0
3057500: system.cpu: T0 : 0x1056e    : fsw fa5, 0(a5)             : FloatMemWrite :  D=0x0000000041a451ec A=0x6f004
3058500: system.cpu: T0 : 0x10572    : ld a5, -32(s0)             : MemRead :  D=0x0000000000000000 A=0x7ffffffffffffdc0
3059000: system.cpu: T0 : 0x10576    : c_addi a5, 1               : IntAlu :  D=0x0000000000000001
3059500: system.cpu: T0 : 0x10578    : auipc a4, 95               : IntAlu :  D=0x000000000006f578
3060000: system.cpu: T0 : 0x1057c    : addi a4, a4, -1400         : IntAlu :  D=0x000000000006f000
3060500: system.cpu: T0 : 0x10580    : c_slli a5, 2               : IntAlu :  D=0x0000000000000004
3061000: system.cpu: T0 : 0x10582    : c_add a5, a4               : IntAlu :  D=0x000000000006f004
3061500: system.cpu: T0 : 0x10584    : flw fa4, 0(a5)             : FloatMemRead :  D=0x0000000041a451ec A=0x6f004
3062000: system.cpu: T0 : 0x10588    : auipc a4, 95               : IntAlu :  D=0x000000000006f588
3062500: system.cpu: T0 : 0x1058c    : addi a4, a4, -1416         : IntAlu :  D=0x000000000006f000
3063000: system.cpu: T0 : 0x10590    : ld a5, -48(s0)             : MemRead :  D=0x000000000000000a A=0x7ffffffffffffdb0
3063500: system.cpu: T0 : 0x10594    : c_slli a5, 2               : IntAlu :  D=0x0000000000000028
3064000: system.cpu: T0 : 0x10596    : c_add a5, a4               : IntAlu :  D=0x000000000006f028
3064500: system.cpu: T0 : 0x10598    : flw fa5, 0(a5)             : FloatMemRead :  D=0x0000000041200000 A=0x6f028
3065000: system.cpu: T0 : 0x1059c    : flt_s a5, fa5, fa4         : FloatCmp :  D=0x0000000000000001
3065500: system.cpu: T0 : 0x105a0    : c_beqz a5, 94              : IntAlu : 
3066500: system.cpu: T0 : 0x105a2    : ld a5, -32(s0)             : MemRead :  D=0x0000000000000000 A=0x7ffffffffffffdc0
3067000: system.cpu: T0 : 0x105a6    : c_addi a5, 1               : IntAlu :  D=0x0000000000000001
3067500: system.cpu: T0 : 0x105a8    : auipc a4, 95               : IntAlu :  D=0x000000000006f5a8
3068000: system.cpu: T0 : 0x105ac    : addi a4, a4, -1448         : IntAlu :  D=0x000000000006f000
3068500: system.cpu: T0 : 0x105b0    : c_slli a5, 2               : IntAlu :  D=0x0000000000000004
3069000: system.cpu: T0 : 0x105b2    : c_add a5, a4               : IntAlu :  D=0x000000000006f004
3069500: system.cpu: T0 : 0x105b4    : flw fa5, 0(a5)             : FloatMemRead :  D=0x0000000041a451ec A=0x6f004
3070000: system.cpu: T0 : 0x105b8    : fsw fa5, -64(s0)           : FloatMemWrite :  D=0x0000000041a451ec A=0x7ffffffffffffda0
3070500: system.cpu: T0 : 0x105bc    : ld a5, -32(s0)             : MemRead :  D=0x0000000000000000 A=0x7ffffffffffffdc0
3071000: system.cpu: T0 : 0x105c0    : c_addi a5, 1               : IntAlu :  D=0x0000000000000001
3072000: system.cpu: T0 : 0x105c2    : auipc a3, 95               : IntAlu :  D=0x000000000006f5c2
3073000: system.cpu: T0 : 0x105c6    : addi a3, a3, -1474         : IntAlu :  D=0x000000000006f000
3074000: system.cpu: T0 : 0x105ca    : ld a4, -48(s0)             : MemRead :  D=0x000000000000000a A=0x7ffffffffffffdb0
3074500: system.cpu: T0 : 0x105ce    : c_slli a4, 2               : IntAlu :  D=0x0000000000000028
3075000: system.cpu: T0 : 0x105d0    : c_add a4, a3               : IntAlu :  D=0x000000000006f028
3076000: system.cpu: T0 : 0x105d2    : flw fa5, 0(a4)             : FloatMemRead :  D=0x0000000041200000 A=0x6f028
3077000: system.cpu: T0 : 0x105d6    : auipc a4, 95               : IntAlu :  D=0x000000000006f5d6
3078000: system.cpu: T0 : 0x105da    : addi a4, a4, -1494         : IntAlu :  D=0x000000000006f000
3078500: system.cpu: T0 : 0x105de    : c_slli a5, 2               : IntAlu :  D=0x0000000000000004
3079000: system.cpu: T0 : 0x105e0    : c_add a5, a4               : IntAlu :  D=0x000000000006f004
3080000: system.cpu: T0 : 0x105e2    : fsw fa5, 0(a5)             : FloatMemWrite :  D=0x0000000041200000 A=0x6f004
3081000: system.cpu: T0 : 0x105e6    : auipc a4, 95               : IntAlu :  D=0x000000000006f5e6
3082000: system.cpu: T0 : 0x105ea    : addi a4, a4, -1510         : IntAlu :  D=0x000000000006f000
3083000: system.cpu: T0 : 0x105ee    : ld a5, -48(s0)             : MemRead :  D=0x000000000000000a A=0x7ffffffffffffdb0
3083500: system.cpu: T0 : 0x105f2    : c_slli a5, 2               : IntAlu :  D=0x0000000000000028
3084000: system.cpu: T0 : 0x105f4    : c_add a5, a4               : IntAlu :  D=0x000000000006f028
3085000: system.cpu: T0 : 0x105f6    : flw fa5, -64(s0)           : FloatMemRead :  D=0x0000000041a451ec A=0x7ffffffffffffda0
3086000: system.cpu: T0 : 0x105fa    : fsw fa5, 0(a5)             : FloatMemWrite :  D=0x0000000041a451ec A=0x6f028
3087000: system.cpu: T0 : 0x105fe    : auipc a4, 95               : IntAlu :  D=0x000000000006f5fe
3088000: system.cpu: T0 : 0x10602    : addi a4, a4, -1534         : IntAlu :  D=0x000000000006f000
3089000: system.cpu: T0 : 0x10606    : ld a5, -32(s0)             : MemRead :  D=0x0000000000000000 A=0x7ffffffffffffdc0
3089500: system.cpu: T0 : 0x1060a    : c_slli a5, 2               : IntAlu :  D=0x0000000000000000
3090000: system.cpu: T0 : 0x1060c    : c_add a5, a4               : IntAlu :  D=0x000000000006f000
3091000: system.cpu: T0 : 0x1060e    : flw fa4, 0(a5)             : FloatMemRead :  D=0x00000000429a0000 A=0x6f000
3092000: system.cpu: T0 : 0x10612    : auipc a4, 95               : IntAlu :  D=0x000000000006f612
3093000: system.cpu: T0 : 0x10616    : addi a4, a4, -1554         : IntAlu :  D=0x000000000006f000
3094000: system.cpu: T0 : 0x1061a    : ld a5, -48(s0)             : MemRead :  D=0x000000000000000a A=0x7ffffffffffffdb0
3094500: system.cpu: T0 : 0x1061e    : c_slli a5, 2               : IntAlu :  D=0x0000000000000028
3095000: system.cpu: T0 : 0x10620    : c_add a5, a4               : IntAlu :  D=0x000000000006f028
3096000: system.cpu: T0 : 0x10622    : flw fa5, 0(a5)             : FloatMemRead :  D=0x0000000041a451ec A=0x6f028
3097000: system.cpu: T0 : 0x10626    : flt_s a5, fa5, fa4         : FloatCmp :  D=0x0000000000000001
3097500: system.cpu: T0 : 0x1062a    : c_beqz a5, 90              : IntAlu : 
3098000: system.cpu: T0 : 0x1062c    : auipc a4, 95               : IntAlu :  D=0x000000000006f62c
3098500: system.cpu: T0 : 0x10630    : addi a4, a4, -1580         : IntAlu :  D=0x000000000006f000
3099000: system.cpu: T0 : 0x10634    : ld a5, -32(s0)             : MemRead :  D=0x0000000000000000 A=0x7ffffffffffffdc0
3099500: system.cpu: T0 : 0x10638    : c_slli a5, 2               : IntAlu :  D=0x0000000000000000
3100000: system.cpu: T0 : 0x1063a    : c_add a5, a4               : IntAlu :  D=0x000000000006f000
3100500: system.cpu: T0 : 0x1063c    : flw fa5, 0(a5)             : FloatMemRead :  D=0x00000000429a0000 A=0x6f000
3101000: system.cpu: T0 : 0x10640    : fsw fa5, -64(s0)           : FloatMemWrite :  D=0x00000000429a0000 A=0x7ffffffffffffda0
3101500: system.cpu: T0 : 0x10644    : auipc a4, 95               : IntAlu :  D=0x000000000006f644
3102000: system.cpu: T0 : 0x10648    : addi a4, a4, -1604         : IntAlu :  D=0x000000000006f000
3102500: system.cpu: T0 : 0x1064c    : ld a5, -48(s0)             : MemRead :  D=0x000000000000000a A=0x7ffffffffffffdb0
3103000: system.cpu: T0 : 0x10650    : c_slli a5, 2               : IntAlu :  D=0x0000000000000028
3103500: system.cpu: T0 : 0x10652    : c_add a5, a4               : IntAlu :  D=0x000000000006f028
3104000: system.cpu: T0 : 0x10654    : flw fa5, 0(a5)             : FloatMemRead :  D=0x0000000041a451ec A=0x6f028
3104500: system.cpu: T0 : 0x10658    : auipc a4, 95               : IntAlu :  D=0x000000000006f658
3105000: system.cpu: T0 : 0x1065c    : addi a4, a4, -1624         : IntAlu :  D=0x000000000006f000
3105500: system.cpu: T0 : 0x10660    : ld a5, -32(s0)             : MemRead :  D=0x0000000000000000 A=0x7ffffffffffffdc0
3106000: system.cpu: T0 : 0x10664    : c_slli a5, 2               : IntAlu :  D=0x0000000000000000
3106500: system.cpu: T0 : 0x10666    : c_add a5, a4               : IntAlu :  D=0x000000000006f000
3107000: system.cpu: T0 : 0x10668    : fsw fa5, 0(a5)             : FloatMemWrite :  D=0x0000000041a451ec A=0x6f000
3107500: system.cpu: T0 : 0x1066c    : auipc a4, 95               : IntAlu :  D=0x000000000006f66c
3108000: system.cpu: T0 : 0x10670    : addi a4, a4, -1644         : IntAlu :  D=0x000000000006f000
3108500: system.cpu: T0 : 0x10674    : ld a5, -48(s0)             : MemRead :  D=0x000000000000000a A=0x7ffffffffffffdb0
3109000: system.cpu: T0 : 0x10678    : c_slli a5, 2               : IntAlu :  D=0x0000000000000028
3109500: system.cpu: T0 : 0x1067a    : c_add a5, a4               : IntAlu :  D=0x000000000006f028
3110000: system.cpu: T0 : 0x1067c    : flw fa5, -64(s0)           : FloatMemRead :  D=0x00000000429a0000 A=0x7ffffffffffffda0
3110500: system.cpu: T0 : 0x10680    : fsw fa5, 0(a5)             : FloatMemWrite :  D=0x00000000429a0000 A=0x6f028
3111000: system.cpu: T0 : 0x10684    : ld a5, -32(s0)             : MemRead :  D=0x0000000000000000 A=0x7ffffffffffffdc0
3111500: system.cpu: T0 : 0x10688    : c_addi a5, 1               : IntAlu :  D=0x0000000000000001
3112500: system.cpu: T0 : 0x1068a    : auipc a4, 95               : IntAlu :  D=0x000000000006f68a
3113500: system.cpu: T0 : 0x1068e    : addi a4, a4, -1674         : IntAlu :  D=0x000000000006f000
3114000: system.cpu: T0 : 0x10692    : c_slli a5, 2               : IntAlu :  D=0x0000000000000004
3114500: system.cpu: T0 : 0x10694    : c_add a5, a4               : IntAlu :  D=0x000000000006f004
3115500: system.cpu: T0 : 0x10696    : flw fa4, 0(a5)             : FloatMemRead :  D=0x0000000041200000 A=0x6f004
3116500: system.cpu: T0 : 0x1069a    : auipc a4, 95               : IntAlu :  D=0x000000000006f69a
3117500: system.cpu: T0 : 0x1069e    : addi a4, a4, -1690         : IntAlu :  D=0x000000000006f000
3118500: system.cpu: T0 : 0x106a2    : ld a5, -32(s0)             : MemRead :  D=0x0000000000000000 A=0x7ffffffffffffdc0
3119000: system.cpu: T0 : 0x106a6    : c_slli a5, 2               : IntAlu :  D=0x0000000000000000
3119500: system.cpu: T0 : 0x106a8    : c_add a5, a4               : IntAlu :  D=0x000000000006f000
3120500: system.cpu: T0 : 0x106aa    : flw fa5, 0(a5)             : FloatMemRead :  D=0x0000000041a451ec A=0x6f000
3121500: system.cpu: T0 : 0x106ae    : flt_s a5, fa5, fa4         : FloatCmp :  D=0x0000000000000000
3122000: system.cpu: T0 : 0x106b2    : c_beqz a5, 94              : IntAlu : 
3122500: system.cpu: T0 : 0x10710    : ld a5, -32(s0)             : MemRead :  D=0x0000000000000000 A=0x7ffffffffffffdc0
3123000: system.cpu: T0 : 0x10714    : c_addi a5, 1               : IntAlu :  D=0x0000000000000001
3124000: system.cpu: T0 : 0x10716    : sd a5, -56(s0)             : MemWrite :  D=0x0000000000000001 A=0x7ffffffffffffda8
3125000: system.cpu: T0 : 0x1071a    : ld a5, -48(s0)             : MemRead :  D=0x000000000000000a A=0x7ffffffffffffdb0
3126000: system.cpu: T0 : 0x1071e    : sd a5, -40(s0)             : MemWrite :  D=0x000000000000000a A=0x7ffffffffffffdb8
3127000: system.cpu: T0 : 0x10722    : auipc a4, 95               : IntAlu :  D=0x000000000006f722
3128000: system.cpu: T0 : 0x10726    : addi a4, a4, -1826         : IntAlu :  D=0x000000000006f000
3129000: system.cpu: T0 : 0x1072a    : ld a5, -32(s0)             : MemRead :  D=0x0000000000000000 A=0x7ffffffffffffdc0
3129500: system.cpu: T0 : 0x1072e    : c_slli a5, 2               : IntAlu :  D=0x0000000000000000
3130000: system.cpu: T0 : 0x10730    : c_add a5, a4               : IntAlu :  D=0x000000000006f000
3131000: system.cpu: T0 : 0x10732    : flw fa5, 0(a5)             : FloatMemRead :  D=0x0000000041a451ec A=0x6f000
3132000: system.cpu: T0 : 0x10736    : fsw fa5, -60(s0)           : FloatMemWrite :  D=0x0000000041a451ec A=0x7ffffffffffffda4
3133000: system.cpu: T0 : 0x1073a    : sw zero, -68(s0)           : MemWrite :  D=0x0000000000000000 A=0x7ffffffffffffd9c
3133500: system.cpu: T0 : 0x1073e    : c_j 220                    : IntAlu : 
3134500: system.cpu: T0 : 0x1081a    : lw a5, -68(s0)             : MemRead :  D=0x0000000000000000 A=0x7ffffffffffffd9c
3135000: system.cpu: T0 : 0x1081e    : c_addiw a5, 0              : IntAlu :  D=0x0000000000000000
3135500: system.cpu: T0 : 0x10820    : c_beqz a5, -224            : IntAlu : 
3136000: system.cpu: T0 : 0x10740    : ld a5, -56(s0)             : MemRead :  D=0x0000000000000001 A=0x7ffffffffffffda8
3136500: system.cpu: T0 : 0x10744    : c_addi a5, 1               : IntAlu :  D=0x0000000000000002
3137500: system.cpu: T0 : 0x10746    : sd a5, -56(s0)             : MemWrite :  D=0x0000000000000002 A=0x7ffffffffffffda8
3138000: system.cpu: T0 : 0x1074a    : c_j 12                     : IntAlu : 
3139000: system.cpu: T0 : 0x10756    : auipc a4, 95               : IntAlu :  D=0x000000000006f756
3140000: system.cpu: T0 : 0x1075a    : addi a4, a4, -1878         : IntAlu :  D=0x000000000006f000
3141000: system.cpu: T0 : 0x1075e    : ld a5, -56(s0)             : MemRead :  D=0x0000000000000002 A=0x7ffffffffffffda8
3141500: system.cpu: T0 : 0x10762    : c_slli a5, 2               : IntAlu :  D=0x0000000000000008
3142000: system.cpu: T0 : 0x10764    : c_add a5, a4               : IntAlu :  D=0x000000000006f008
3143000: system.cpu: T0 : 0x10766    : flw fa5, 0(a5)             : FloatMemRead :  D=0x000000004124cccd A=0x6f008
3144000: system.cpu: T0 : 0x1076a    : flw fa4, -60(s0)           : FloatMemRead :  D=0x0000000041a451ec A=0x7ffffffffffffda4
3145000: system.cpu: T0 : 0x1076e    : flt_s a5, fa5, fa4         : FloatCmp :  D=0x0000000000000001
3145500: system.cpu: T0 : 0x10772    : c_bnez a5, -38             : IntAlu : 
3146000: system.cpu: T0 : 0x1074c    : ld a5, -56(s0)             : MemRead :  D=0x0000000000000002 A=0x7ffffffffffffda8
3146500: system.cpu: T0 : 0x10750    : c_addi a5, 1               : IntAlu :  D=0x0000000000000003
3147500: system.cpu: T0 : 0x10752    : sd a5, -56(s0)             : MemWrite :  D=0x0000000000000003 A=0x7ffffffffffffda8
3148500: system.cpu: T0 : 0x10756    : auipc a4, 95               : IntAlu :  D=0x000000000006f756
3149500: system.cpu: T0 : 0x1075a    : addi a4, a4, -1878         : IntAlu :  D=0x000000000006f000
3150500: system.cpu: T0 : 0x1075e    : ld a5, -56(s0)             : MemRead :  D=0x0000000000000003 A=0x7ffffffffffffda8
3151000: system.cpu: T0 : 0x10762    : c_slli a5, 2               : IntAlu :  D=0x000000000000000c
3151500: system.cpu: T0 : 0x10764    : c_add a5, a4               : IntAlu :  D=0x000000000006f00c
3152500: system.cpu: T0 : 0x10766    : flw fa5, 0(a5)             : FloatMemRead :  D=0x000000003f8ccccd A=0x6f00c
3153500: system.cpu: T0 : 0x1076a    : flw fa4, -60(s0)           : FloatMemRead :  D=0x0000000041a451ec A=0x7ffffffffffffda4
3154500: system.cpu: T0 : 0x1076e    : flt_s a5, fa5, fa4         : FloatCmp :  D=0x0000000000000001
3155000: system.cpu: T0 : 0x10772    : c_bnez a5, -38             : IntAlu : 
3155500: system.cpu: T0 : 0x1074c    : ld a5, -56(s0)             : MemRead :  D=0x0000000000000003 A=0x7ffffffffffffda8
3156000: system.cpu: T0 : 0x10750    : c_addi a5, 1               : IntAlu :  D=0x0000000000000004
3157000: system.cpu: T0 : 0x10752    : sd a5, -56(s0)             : MemWrite :  D=0x0000000000000004 A=0x7ffffffffffffda8
3158000: system.cpu: T0 : 0x10756    : auipc a4, 95               : IntAlu :  D=0x000000000006f756
3159000: system.cpu: T0 : 0x1075a    : addi a4, a4, -1878         : IntAlu :  D=0x000000000006f000
3160000: system.cpu: T0 : 0x1075e    : ld a5, -56(s0)             : MemRead :  D=0x0000000000000004 A=0x7ffffffffffffda8
3160500: system.cpu: T0 : 0x10762    : c_slli a5, 2               : IntAlu :  D=0x0000000000000010
3161000: system.cpu: T0 : 0x10764    : c_add a5, a4               : IntAlu :  D=0x000000000006f010
3162000: system.cpu: T0 : 0x10766    : flw fa5, 0(a5)             : FloatMemRead :  D=0x0000000040b66666 A=0x6f010
3163000: system.cpu: T0 : 0x1076a    : flw fa4, -60(s0)           : FloatMemRead :  D=0x0000000041a451ec A=0x7ffffffffffffda4
3164000: system.cpu: T0 : 0x1076e    : flt_s a5, fa5, fa4         : FloatCmp :  D=0x0000000000000001
3164500: system.cpu: T0 : 0x10772    : c_bnez a5, -38             : IntAlu : 
3165000: system.cpu: T0 : 0x1074c    : ld a5, -56(s0)             : MemRead :  D=0x0000000000000004 A=0x7ffffffffffffda8
3165500: system.cpu: T0 : 0x10750    : c_addi a5, 1               : IntAlu :  D=0x0000000000000005
3166500: system.cpu: T0 : 0x10752    : sd a5, -56(s0)             : MemWrite :  D=0x0000000000000005 A=0x7ffffffffffffda8
3167500: system.cpu: T0 : 0x10756    : auipc a4, 95               : IntAlu :  D=0x000000000006f756
3168500: system.cpu: T0 : 0x1075a    : addi a4, a4, -1878         : IntAlu :  D=0x000000000006f000
3169500: system.cpu: T0 : 0x1075e    : ld a5, -56(s0)             : MemRead :  D=0x0000000000000005 A=0x7ffffffffffffda8
3170000: system.cpu: T0 : 0x10762    : c_slli a5, 2               : IntAlu :  D=0x0000000000000014
3170500: system.cpu: T0 : 0x10764    : c_add a5, a4               : IntAlu :  D=0x000000000006f014
3171500: system.cpu: T0 : 0x10766    : flw fa5, 0(a5)             : FloatMemRead :  D=0x0000000040a00000 A=0x6f014
3172500: system.cpu: T0 : 0x1076a    : flw fa4, -60(s0)           : FloatMemRead :  D=0x0000000041a451ec A=0x7ffffffffffffda4
3173500: system.cpu: T0 : 0x1076e    : flt_s a5, fa5, fa4         : FloatCmp :  D=0x0000000000000001
3174000: system.cpu: T0 : 0x10772    : c_bnez a5, -38             : IntAlu : 
3174500: system.cpu: T0 : 0x1074c    : ld a5, -56(s0)             : MemRead :  D=0x0000000000000005 A=0x7ffffffffffffda8
3175000: system.cpu: T0 : 0x10750    : c_addi a5, 1               : IntAlu :  D=0x0000000000000006
3176000: system.cpu: T0 : 0x10752    : sd a5, -56(s0)             : MemWrite :  D=0x0000000000000006 A=0x7ffffffffffffda8
3177000: system.cpu: T0 : 0x10756    : auipc a4, 95               : IntAlu :  D=0x000000000006f756
3178000: system.cpu: T0 : 0x1075a    : addi a4, a4, -1878         : IntAlu :  D=0x000000000006f000
3179000: system.cpu: T0 : 0x1075e    : ld a5, -56(s0)             : MemRead :  D=0x0000000000000006 A=0x7ffffffffffffda8
3179500: system.cpu: T0 : 0x10762    : c_slli a5, 2               : IntAlu :  D=0x0000000000000018
3180000: system.cpu: T0 : 0x10764    : c_add a5, a4               : IntAlu :  D=0x000000000006f018
3181000: system.cpu: T0 : 0x10766    : flw fa5, 0(a5)             : FloatMemRead :  D=0x00000000420c0000 A=0x6f018
3182000: system.cpu: T0 : 0x1076a    : flw fa4, -60(s0)           : FloatMemRead :  D=0x0000000041a451ec A=0x7ffffffffffffda4
3183000: system.cpu: T0 : 0x1076e    : flt_s a5, fa5, fa4         : FloatCmp :  D=0x0000000000000000
3183500: system.cpu: T0 : 0x10772    : c_bnez a5, -38             : IntAlu : 
3184000: system.cpu: T0 : 0x10774    : ld a5, -40(s0)             : MemRead :  D=0x000000000000000a A=0x7ffffffffffffdb8
3184500: system.cpu: T0 : 0x10778    : c_addi a5, -1              : IntAlu :  D=0x0000000000000009
3185500: system.cpu: T0 : 0x1077a    : sd a5, -40(s0)             : MemWrite :  D=0x0000000000000009 A=0x7ffffffffffffdb8
3186000: system.cpu: T0 : 0x1077e    : c_j 12                     : IntAlu : 
3187000: system.cpu: T0 : 0x1078a    : auipc a4, 95               : IntAlu :  D=0x000000000006f78a
3188000: system.cpu: T0 : 0x1078e    : addi a4, a4, -1930         : IntAlu :  D=0x000000000006f000
3189000: system.cpu: T0 : 0x10792    : ld a5, -40(s0)             : MemRead :  D=0x0000000000000009 A=0x7ffffffffffffdb8
3189500: system.cpu: T0 : 0x10796    : c_slli a5, 2               : IntAlu :  D=0x0000000000000024
3190000: system.cpu: T0 : 0x10798    : c_add a5, a4               : IntAlu :  D=0x000000000006f024
3191000: system.cpu: T0 : 0x1079a    : flw fa5, 0(a5)             : FloatMemRead :  D=0x0000000040800000 A=0x6f024
3192000: system.cpu: T0 : 0x1079e    : flw fa4, -60(s0)           : FloatMemRead :  D=0x0000000041a451ec A=0x7ffffffffffffda4
3193000: system.cpu: T0 : 0x107a2    : flt_s a5, fa4, fa5         : FloatCmp :  D=0x0000000000000000
3193500: system.cpu: T0 : 0x107a6    : c_bnez a5, -38             : IntAlu : 
3194000: system.cpu: T0 : 0x107a8    : ld a4, -40(s0)             : MemRead :  D=0x0000000000000009 A=0x7ffffffffffffdb8
3194500: system.cpu: T0 : 0x107ac    : ld a5, -56(s0)             : MemRead :  D=0x0000000000000006 A=0x7ffffffffffffda8
3195000: system.cpu: T0 : 0x107b0    : bgeu a4, a5, 10            : IntAlu : 
3196000: system.cpu: T0 : 0x107ba    : lw a5, -68(s0)             : MemRead :  D=0x0000000000000000 A=0x7ffffffffffffd9c
3196500: system.cpu: T0 : 0x107be    : c_addiw a5, 0              : IntAlu :  D=0x0000000000000000
3197000: system.cpu: T0 : 0x107c0    : c_bnez a5, 90              : IntAlu : 
3198000: system.cpu: T0 : 0x107c2    : auipc a4, 95               : IntAlu :  D=0x000000000006f7c2
3199000: system.cpu: T0 : 0x107c6    : addi a4, a4, -1986         : IntAlu :  D=0x000000000006f000
3200000: system.cpu: T0 : 0x107ca    : ld a5, -56(s0)             : MemRead :  D=0x0000000000000006 A=0x7ffffffffffffda8
3200500: system.cpu: T0 : 0x107ce    : c_slli a5, 2               : IntAlu :  D=0x0000000000000018
3201000: system.cpu: T0 : 0x107d0    : c_add a5, a4               : IntAlu :  D=0x000000000006f018
3202000: system.cpu: T0 : 0x107d2    : flw fa5, 0(a5)             : FloatMemRead :  D=0x00000000420c0000 A=0x6f018
3203000: system.cpu: T0 : 0x107d6    : fsw fa5, -64(s0)           : FloatMemWrite :  D=0x00000000420c0000 A=0x7ffffffffffffda0
3204000: system.cpu: T0 : 0x107da    : auipc a4, 95               : IntAlu :  D=0x000000000006f7da
3205000: system.cpu: T0 : 0x107de    : addi a4, a4, -2010         : IntAlu :  D=0x000000000006f000
3206000: system.cpu: T0 : 0x107e2    : ld a5, -40(s0)             : MemRead :  D=0x0000000000000009 A=0x7ffffffffffffdb8
3206500: system.cpu: T0 : 0x107e6    : c_slli a5, 2               : IntAlu :  D=0x0000000000000024
3207000: system.cpu: T0 : 0x107e8    : c_add a5, a4               : IntAlu :  D=0x000000000006f024
3208000: system.cpu: T0 : 0x107ea    : flw fa5, 0(a5)             : FloatMemRead :  D=0x0000000040800000 A=0x6f024
3209000: system.cpu: T0 : 0x107ee    : auipc a4, 95               : IntAlu :  D=0x000000000006f7ee
3210000: system.cpu: T0 : 0x107f2    : addi a4, a4, -2030         : IntAlu :  D=0x000000000006f000
3211000: system.cpu: T0 : 0x107f6    : ld a5, -56(s0)             : MemRead :  D=0x0000000000000006 A=0x7ffffffffffffda8
3211500: system.cpu: T0 : 0x107fa    : c_slli a5, 2               : IntAlu :  D=0x0000000000000018
3212000: system.cpu: T0 : 0x107fc    : c_add a5, a4               : IntAlu :  D=0x000000000006f018
3213000: system.cpu: T0 : 0x107fe    : fsw fa5, 0(a5)             : FloatMemWrite :  D=0x0000000040800000 A=0x6f018
3214000: system.cpu: T0 : 0x10802    : auipc a4, 94               : IntAlu :  D=0x000000000006e802
3215000: system.cpu: T0 : 0x10806    : addi a4, a4, 2046          : IntAlu :  D=0x000000000006f000
3216000: system.cpu: T0 : 0x1080a    : ld a5, -40(s0)             : MemRead :  D=0x0000000000000009 A=0x7ffffffffffffdb8
3216500: system.cpu: T0 : 0x1080e    : c_slli a5, 2               : IntAlu :  D=0x0000000000000024
3217000: system.cpu: T0 : 0x10810    : c_add a5, a4               : IntAlu :  D=0x000000000006f024
3218000: system.cpu: T0 : 0x10812    : flw fa5, -64(s0)           : FloatMemRead :  D=0x00000000420c0000 A=0x7ffffffffffffda0
3219000: system.cpu: T0 : 0x10816    : fsw fa5, 0(a5)             : FloatMemWrite :  D=0x00000000420c0000 A=0x6f024
3220000: system.cpu: T0 : 0x1081a    : lw a5, -68(s0)             : MemRead :  D=0x0000000000000000 A=0x7ffffffffffffd9c
3220500: system.cpu: T0 : 0x1081e    : c_addiw a5, 0              : IntAlu :  D=0x0000000000000000
3221000: system.cpu: T0 : 0x10820    : c_beqz a5, -224            : IntAlu : 
3221500: system.cpu: T0 : 0x10740    : ld a5, -56(s0)             : MemRead :  D=0x0000000000000006 A=0x7ffffffffffffda8
3222000: system.cpu: T0 : 0x10744    : c_addi a5, 1               : IntAlu :  D=0x0000000000000007
3223000: system.cpu: T0 : 0x10746    : sd a5, -56(s0)             : MemWrite :  D=0x0000000000000007 A=0x7ffffffffffffda8
3223500: system.cpu: T0 : 0x1074a    : c_j 12                     : IntAlu : 
3224500: system.cpu: T0 : 0x10756    : auipc a4, 95               : IntAlu :  D=0x000000000006f756
3225500: system.cpu: T0 : 0x1075a    : addi a4, a4, -1878         : IntAlu :  D=0x000000000006f000
3226500: system.cpu: T0 : 0x1075e    : ld a5, -56(s0)             : MemRead :  D=0x0000000000000007 A=0x7ffffffffffffda8
3227000: system.cpu: T0 : 0x10762    : c_slli a5, 2               : IntAlu :  D=0x000000000000001c
3227500: system.cpu: T0 : 0x10764    : c_add a5, a4               : IntAlu :  D=0x000000000006f01c
3228500: system.cpu: T0 : 0x10766    : flw fa5, 0(a5)             : FloatMemRead :  D=0x0000000042300000 A=0x6f01c
3229500: system.cpu: T0 : 0x1076a    : flw fa4, -60(s0)           : FloatMemRead :  D=0x0000000041a451ec A=0x7ffffffffffffda4
3230500: system.cpu: T0 : 0x1076e    : flt_s a5, fa5, fa4         : FloatCmp :  D=0x0000000000000000
3231000: system.cpu: T0 : 0x10772    : c_bnez a5, -38             : IntAlu : 
3231500: system.cpu: T0 : 0x10774    : ld a5, -40(s0)             : MemRead :  D=0x0000000000000009 A=0x7ffffffffffffdb8
3232000: system.cpu: T0 : 0x10778    : c_addi a5, -1              : IntAlu :  D=0x0000000000000008
3233000: system.cpu: T0 : 0x1077a    : sd a5, -40(s0)             : MemWrite :  D=0x0000000000000008 A=0x7ffffffffffffdb8
3233500: system.cpu: T0 : 0x1077e    : c_j 12                     : IntAlu : 
3234500: system.cpu: T0 : 0x1078a    : auipc a4, 95               : IntAlu :  D=0x000000000006f78a
3235500: system.cpu: T0 : 0x1078e    : addi a4, a4, -1930         : IntAlu :  D=0x000000000006f000
3236500: system.cpu: T0 : 0x10792    : ld a5, -40(s0)             : MemRead :  D=0x0000000000000008 A=0x7ffffffffffffdb8
3237000: system.cpu: T0 : 0x10796    : c_slli a5, 2               : IntAlu :  D=0x0000000000000020
3237500: system.cpu: T0 : 0x10798    : c_add a5, a4               : IntAlu :  D=0x000000000006f020
3238500: system.cpu: T0 : 0x1079a    : flw fa5, 0(a5)             : FloatMemRead :  D=0x0000000042460000 A=0x6f020
3239500: system.cpu: T0 : 0x1079e    : flw fa4, -60(s0)           : FloatMemRead :  D=0x0000000041a451ec A=0x7ffffffffffffda4
3240500: system.cpu: T0 : 0x107a2    : flt_s a5, fa4, fa5         : FloatCmp :  D=0x0000000000000001
3241000: system.cpu: T0 : 0x107a6    : c_bnez a5, -38             : IntAlu : 
3241500: system.cpu: T0 : 0x10780    : ld a5, -40(s0)             : MemRead :  D=0x0000000000000008 A=0x7ffffffffffffdb8
3242000: system.cpu: T0 : 0x10784    : c_addi a5, -1              : IntAlu :  D=0x0000000000000007
3243000: system.cpu: T0 : 0x10786    : sd a5, -40(s0)             : MemWrite :  D=0x0000000000000007 A=0x7ffffffffffffdb8
3244000: system.cpu: T0 : 0x1078a    : auipc a4, 95               : IntAlu :  D=0x000000000006f78a
3245000: system.cpu: T0 : 0x1078e    : addi a4, a4, -1930         : IntAlu :  D=0x000000000006f000
3246000: system.cpu: T0 : 0x10792    : ld a5, -40(s0)             : MemRead :  D=0x0000000000000007 A=0x7ffffffffffffdb8
3246500: system.cpu: T0 : 0x10796    : c_slli a5, 2               : IntAlu :  D=0x000000000000001c
3247000: system.cpu: T0 : 0x10798    : c_add a5, a4               : IntAlu :  D=0x000000000006f01c
3248000: system.cpu: T0 : 0x1079a    : flw fa5, 0(a5)             : FloatMemRead :  D=0x0000000042300000 A=0x6f01c
3249000: system.cpu: T0 : 0x1079e    : flw fa4, -60(s0)           : FloatMemRead :  D=0x0000000041a451ec A=0x7ffffffffffffda4
3250000: system.cpu: T0 : 0x107a2    : flt_s a5, fa4, fa5         : FloatCmp :  D=0x0000000000000001
3250500: system.cpu: T0 : 0x107a6    : c_bnez a5, -38             : IntAlu : 
3251000: system.cpu: T0 : 0x10780    : ld a5, -40(s0)             : MemRead :  D=0x0000000000000007 A=0x7ffffffffffffdb8
3251500: system.cpu: T0 : 0x10784    : c_addi a5, -1              : IntAlu :  D=0x0000000000000006
3252500: system.cpu: T0 : 0x10786    : sd a5, -40(s0)             : MemWrite :  D=0x0000000000000006 A=0x7ffffffffffffdb8
3253500: system.cpu: T0 : 0x1078a    : auipc a4, 95               : IntAlu :  D=0x000000000006f78a
3254500: system.cpu: T0 : 0x1078e    : addi a4, a4, -1930         : IntAlu :  D=0x000000000006f000
3255500: system.cpu: T0 : 0x10792    : ld a5, -40(s0)             : MemRead :  D=0x0000000000000006 A=0x7ffffffffffffdb8
3256000: system.cpu: T0 : 0x10796    : c_slli a5, 2               : IntAlu :  D=0x0000000000000018
3256500: system.cpu: T0 : 0x10798    : c_add a5, a4               : IntAlu :  D=0x000000000006f018
3257500: system.cpu: T0 : 0x1079a    : flw fa5, 0(a5)             : FloatMemRead :  D=0x0000000040800000 A=0x6f018
3258500: system.cpu: T0 : 0x1079e    : flw fa4, -60(s0)           : FloatMemRead :  D=0x0000000041a451ec A=0x7ffffffffffffda4
3259500: system.cpu: T0 : 0x107a2    : flt_s a5, fa4, fa5         : FloatCmp :  D=0x0000000000000000
3260000: system.cpu: T0 : 0x107a6    : c_bnez a5, -38             : IntAlu : 
3260500: system.cpu: T0 : 0x107a8    : ld a4, -40(s0)             : MemRead :  D=0x0000000000000006 A=0x7ffffffffffffdb8
3261000: system.cpu: T0 : 0x107ac    : ld a5, -56(s0)             : MemRead :  D=0x0000000000000007 A=0x7ffffffffffffda8
3261500: system.cpu: T0 : 0x107b0    : bgeu a4, a5, 10            : IntAlu : 
3262000: system.cpu: T0 : 0x107b4    : c_li a5, 1                 : IntAlu :  D=0x0000000000000001
3263000: system.cpu: T0 : 0x107b6    : sw a5, -68(s0)             : MemWrite :  D=0x0000000000000001 A=0x7ffffffffffffd9c
3264000: system.cpu: T0 : 0x107ba    : lw a5, -68(s0)             : MemRead :  D=0x0000000000000001 A=0x7ffffffffffffd9c
3264500: system.cpu: T0 : 0x107be    : c_addiw a5, 0              : IntAlu :  D=0x0000000000000001
3265000: system.cpu: T0 : 0x107c0    : c_bnez a5, 90              : IntAlu : 
3266000: system.cpu: T0 : 0x1081a    : lw a5, -68(s0)             : MemRead :  D=0x0000000000000001 A=0x7ffffffffffffd9c
3266500: system.cpu: T0 : 0x1081e    : c_addiw a5, 0              : IntAlu :  D=0x0000000000000001
3267000: system.cpu: T0 : 0x10820    : c_beqz a5, -224            : IntAlu : 
3268000: system.cpu: T0 : 0x10822    : auipc a4, 94               : IntAlu :  D=0x000000000006e822
3269000: system.cpu: T0 : 0x10826    : addi a4, a4, 2014          : IntAlu :  D=0x000000000006f000
3270000: system.cpu: T0 : 0x1082a    : ld a5, -40(s0)             : MemRead :  D=0x0000000000000006 A=0x7ffffffffffffdb8
3270500: system.cpu: T0 : 0x1082e    : c_slli a5, 2               : IntAlu :  D=0x0000000000000018
3271000: system.cpu: T0 : 0x10830    : c_add a5, a4               : IntAlu :  D=0x000000000006f018
3272000: system.cpu: T0 : 0x10832    : flw fa5, 0(a5)             : FloatMemRead :  D=0x0000000040800000 A=0x6f018
3273000: system.cpu: T0 : 0x10836    : auipc a4, 94               : IntAlu :  D=0x000000000006e836
3274000: system.cpu: T0 : 0x1083a    : addi a4, a4, 1994          : IntAlu :  D=0x000000000006f000
3275000: system.cpu: T0 : 0x1083e    : ld a5, -32(s0)             : MemRead :  D=0x0000000000000000 A=0x7ffffffffffffdc0
3275500: system.cpu: T0 : 0x10842    : c_slli a5, 2               : IntAlu :  D=0x0000000000000000
3276000: system.cpu: T0 : 0x10844    : c_add a5, a4               : IntAlu :  D=0x000000000006f000
3277000: system.cpu: T0 : 0x10846    : fsw fa5, 0(a5)             : FloatMemWrite :  D=0x0000000040800000 A=0x6f000
3278000: system.cpu: T0 : 0x1084a    : auipc a4, 94               : IntAlu :  D=0x000000000006e84a
3279000: system.cpu: T0 : 0x1084e    : addi a4, a4, 1974          : IntAlu :  D=0x000000000006f000
3280000: system.cpu: T0 : 0x10852    : ld a5, -40(s0)             : MemRead :  D=0x0000000000000006 A=0x7ffffffffffffdb8
3280500: system.cpu: T0 : 0x10856    : c_slli a5, 2               : IntAlu :  D=0x0000000000000018
3281000: system.cpu: T0 : 0x10858    : c_add a5, a4               : IntAlu :  D=0x000000000006f018
3282000: system.cpu: T0 : 0x1085a    : flw fa5, -60(s0)           : FloatMemRead :  D=0x0000000041a451ec A=0x7ffffffffffffda4
3283000: system.cpu: T0 : 0x1085e    : fsw fa5, 0(a5)             : FloatMemWrite :  D=0x0000000041a451ec A=0x6f018
3284000: system.cpu: T0 : 0x10862    : ld a4, -40(s0)             : MemRead :  D=0x0000000000000006 A=0x7ffffffffffffdb8
3285000: system.cpu: T0 : 0x10866    : ld a5, -88(s0)             : MemRead :  D=0x000000000000000a A=0x7ffffffffffffd88
3286000: system.cpu: T0 : 0x1086a    : bltu a4, a5, 14            : IntAlu : 
3286500: system.cpu: T0 : 0x10878    : ld a4, -40(s0)             : MemRead :  D=0x0000000000000006 A=0x7ffffffffffffdb8
3287000: system.cpu: T0 : 0x1087c    : ld a5, -88(s0)             : MemRead :  D=0x000000000000000a A=0x7ffffffffffffd88
3287500: system.cpu: T0 : 0x10880    : bltu a5, a4, 12            : IntAlu : 
3288000: system.cpu: T0 : 0x10884    : ld a5, -56(s0)             : MemRead :  D=0x0000000000000007 A=0x7ffffffffffffda8
3288500: system.cpu: T0 : 0x10888    : sd a5, -32(s0)             : MemWrite :  D=0x0000000000000007 A=0x7ffffffffffffdc0
3289000: system.cpu: T0 : 0x1088c    : lw a5, -72(s0)             : MemRead :  D=0x0000000000000000 A=0x7ffffffffffffd98
3289500: system.cpu: T0 : 0x10890    : c_addiw a5, 0              : IntAlu :  D=0x0000000000000000
3290500: system.cpu: T0 : 0x10892    : beq a5, zero, -1088        : IntAlu : 
3291500: system.cpu: T0 : 0x10452    : ld a5, -32(s0)             : MemRead :  D=0x0000000000000007 A=0x7ffffffffffffdc0
3292000: system.cpu: T0 : 0x10456    : c_addi a5, 1               : IntAlu :  D=0x0000000000000008
3292500: system.cpu: T0 : 0x10458    : ld a4, -48(s0)             : MemRead :  D=0x000000000000000a A=0x7ffffffffffffdb0
3293000: system.cpu: T0 : 0x1045c    : bltu a5, a4, 160           : IntAlu : 
3293500: system.cpu: T0 : 0x104fc    : lw a5, -72(s0)             : MemRead :  D=0x0000000000000000 A=0x7ffffffffffffd98
3294000: system.cpu: T0 : 0x10500    : c_addiw a5, 0              : IntAlu :  D=0x0000000000000000
3295000: system.cpu: T0 : 0x10502    : bne a5, zero, 906          : IntAlu : 
3296000: system.cpu: T0 : 0x10506    : ld a4, -32(s0)             : MemRead :  D=0x0000000000000007 A=0x7ffffffffffffdc0
3297000: system.cpu: T0 : 0x1050a    : ld a5, -48(s0)             : MemRead :  D=0x000000000000000a A=0x7ffffffffffffdb0
3297500: system.cpu: T0 : 0x1050e    : c_add a5, a4               : IntAlu :  D=0x0000000000000011
3298000: system.cpu: T0 : 0x10510    : c_srli a5, 1               : IntAlu :  D=0x0000000000000008
3299000: system.cpu: T0 : 0x10512    : sd a5, -24(s0)             : MemWrite :  D=0x0000000000000008 A=0x7ffffffffffffdc8
3300000: system.cpu: T0 : 0x10516    : auipc a4, 95               : IntAlu :  D=0x000000000006f516
3301000: system.cpu: T0 : 0x1051a    : addi a4, a4, -1302         : IntAlu :  D=0x000000000006f000
3302000: system.cpu: T0 : 0x1051e    : ld a5, -24(s0)             : MemRead :  D=0x0000000000000008 A=0x7ffffffffffffdc8
3302500: system.cpu: T0 : 0x10522    : c_slli a5, 2               : IntAlu :  D=0x0000000000000020
3303000: system.cpu: T0 : 0x10524    : c_add a5, a4               : IntAlu :  D=0x000000000006f020
3304000: system.cpu: T0 : 0x10526    : flw fa5, 0(a5)             : FloatMemRead :  D=0x0000000042460000 A=0x6f020
3305000: system.cpu: T0 : 0x1052a    : fsw fa5, -64(s0)           : FloatMemWrite :  D=0x0000000042460000 A=0x7ffffffffffffda0
3306000: system.cpu: T0 : 0x1052e    : ld a5, -32(s0)             : MemRead :  D=0x0000000000000007 A=0x7ffffffffffffdc0
3306500: system.cpu: T0 : 0x10532    : c_addi a5, 1               : IntAlu :  D=0x0000000000000008
3307000: system.cpu: T0 : 0x10534    : auipc a4, 95               : IntAlu :  D=0x000000000006f534
3307500: system.cpu: T0 : 0x10538    : addi a4, a4, -1332         : IntAlu :  D=0x000000000006f000
3308000: system.cpu: T0 : 0x1053c    : c_slli a5, 2               : IntAlu :  D=0x0000000000000020
3308500: system.cpu: T0 : 0x1053e    : c_add a5, a4               : IntAlu :  D=0x000000000006f020
3309000: system.cpu: T0 : 0x10540    : flw fa5, 0(a5)             : FloatMemRead :  D=0x0000000042460000 A=0x6f020
3309500: system.cpu: T0 : 0x10544    : auipc a4, 95               : IntAlu :  D=0x000000000006f544
3310000: system.cpu: T0 : 0x10548    : addi a4, a4, -1348         : IntAlu :  D=0x000000000006f000
3310500: system.cpu: T0 : 0x1054c    : ld a5, -24(s0)             : MemRead :  D=0x0000000000000008 A=0x7ffffffffffffdc8
3311000: system.cpu: T0 : 0x10550    : c_slli a5, 2               : IntAlu :  D=0x0000000000000020
3311500: system.cpu: T0 : 0x10552    : c_add a5, a4               : IntAlu :  D=0x000000000006f020
3312000: system.cpu: T0 : 0x10554    : fsw fa5, 0(a5)             : FloatMemWrite :  D=0x0000000042460000 A=0x6f020
3312500: system.cpu: T0 : 0x10558    : ld a5, -32(s0)             : MemRead :  D=0x0000000000000007 A=0x7ffffffffffffdc0
3313000: system.cpu: T0 : 0x1055c    : c_addi a5, 1               : IntAlu :  D=0x0000000000000008
3314000: system.cpu: T0 : 0x1055e    : auipc a4, 95               : IntAlu :  D=0x000000000006f55e
3315000: system.cpu: T0 : 0x10562    : addi a4, a4, -1374         : IntAlu :  D=0x000000000006f000
3315500: system.cpu: T0 : 0x10566    : c_slli a5, 2               : IntAlu :  D=0x0000000000000020
3316000: system.cpu: T0 : 0x10568    : c_add a5, a4               : IntAlu :  D=0x000000000006f020
3317000: system.cpu: T0 : 0x1056a    : flw fa5, -64(s0)           : FloatMemRead :  D=0x0000000042460000 A=0x7ffffffffffffda0
3318000: system.cpu: T0 : 0x1056e    : fsw fa5, 0(a5)             : FloatMemWrite :  D=0x0000000042460000 A=0x6f020
3319000: system.cpu: T0 : 0x10572    : ld a5, -32(s0)             : MemRead :  D=0x0000000000000007 A=0x7ffffffffffffdc0
3319500: system.cpu: T0 : 0x10576    : c_addi a5, 1               : IntAlu :  D=0x0000000000000008
3320000: system.cpu: T0 : 0x10578    : auipc a4, 95               : IntAlu :  D=0x000000000006f578
3320500: system.cpu: T0 : 0x1057c    : addi a4, a4, -1400         : IntAlu :  D=0x000000000006f000
3321000: system.cpu: T0 : 0x10580    : c_slli a5, 2               : IntAlu :  D=0x0000000000000020
3321500: system.cpu: T0 : 0x10582    : c_add a5, a4               : IntAlu :  D=0x000000000006f020
3322000: system.cpu: T0 : 0x10584    : flw fa4, 0(a5)             : FloatMemRead :  D=0x0000000042460000 A=0x6f020
3322500: system.cpu: T0 : 0x10588    : auipc a4, 95               : IntAlu :  D=0x000000000006f588
3323000: system.cpu: T0 : 0x1058c    : addi a4, a4, -1416         : IntAlu :  D=0x000000000006f000
3323500: system.cpu: T0 : 0x10590    : ld a5, -48(s0)             : MemRead :  D=0x000000000000000a A=0x7ffffffffffffdb0
3324000: system.cpu: T0 : 0x10594    : c_slli a5, 2               : IntAlu :  D=0x0000000000000028
3324500: system.cpu: T0 : 0x10596    : c_add a5, a4               : IntAlu :  D=0x000000000006f028
3325000: system.cpu: T0 : 0x10598    : flw fa5, 0(a5)             : FloatMemRead :  D=0x00000000429a0000 A=0x6f028
3325500: system.cpu: T0 : 0x1059c    : flt_s a5, fa5, fa4         : FloatCmp :  D=0x0000000000000000
3326000: system.cpu: T0 : 0x105a0    : c_beqz a5, 94              : IntAlu : 
3327000: system.cpu: T0 : 0x105fe    : auipc a4, 95               : IntAlu :  D=0x000000000006f5fe
3328000: system.cpu: T0 : 0x10602    : addi a4, a4, -1534         : IntAlu :  D=0x000000000006f000
3329000: system.cpu: T0 : 0x10606    : ld a5, -32(s0)             : MemRead :  D=0x0000000000000007 A=0x7ffffffffffffdc0
3329500: system.cpu: T0 : 0x1060a    : c_slli a5, 2               : IntAlu :  D=0x000000000000001c
3330000: system.cpu: T0 : 0x1060c    : c_add a5, a4               : IntAlu :  D=0x000000000006f01c
3331000: system.cpu: T0 : 0x1060e    : flw fa4, 0(a5)             : FloatMemRead :  D=0x0000000042300000 A=0x6f01c
3332000: system.cpu: T0 : 0x10612    : auipc a4, 95               : IntAlu :  D=0x000000000006f612
3333000: system.cpu: T0 : 0x10616    : addi a4, a4, -1554         : IntAlu :  D=0x000000000006f000
3334000: system.cpu: T0 : 0x1061a    : ld a5, -48(s0)             : MemRead :  D=0x000000000000000a A=0x7ffffffffffffdb0
3334500: system.cpu: T0 : 0x1061e    : c_slli a5, 2               : IntAlu :  D=0x0000000000000028
3335000: system.cpu: T0 : 0x10620    : c_add a5, a4               : IntAlu :  D=0x000000000006f028
3336000: system.cpu: T0 : 0x10622    : flw fa5, 0(a5)             : FloatMemRead :  D=0x00000000429a0000 A=0x6f028
3337000: system.cpu: T0 : 0x10626    : flt_s a5, fa5, fa4         : FloatCmp :  D=0x0000000000000000
3337500: system.cpu: T0 : 0x1062a    : c_beqz a5, 90              : IntAlu : 
3338000: system.cpu: T0 : 0x10684    : ld a5, -32(s0)             : MemRead :  D=0x0000000000000007 A=0x7ffffffffffffdc0
3338500: system.cpu: T0 : 0x10688    : c_addi a5, 1               : IntAlu :  D=0x0000000000000008
3339500: system.cpu: T0 : 0x1068a    : auipc a4, 95               : IntAlu :  D=0x000000000006f68a
3340500: system.cpu: T0 : 0x1068e    : addi a4, a4, -1674         : IntAlu :  D=0x000000000006f000
3341000: system.cpu: T0 : 0x10692    : c_slli a5, 2               : IntAlu :  D=0x0000000000000020
3341500: system.cpu: T0 : 0x10694    : c_add a5, a4               : IntAlu :  D=0x000000000006f020
3342500: system.cpu: T0 : 0x10696    : flw fa4, 0(a5)             : FloatMemRead :  D=0x0000000042460000 A=0x6f020
3343500: system.cpu: T0 : 0x1069a    : auipc a4, 95               : IntAlu :  D=0x000000000006f69a
3344500: system.cpu: T0 : 0x1069e    : addi a4, a4, -1690         : IntAlu :  D=0x000000000006f000
3345500: system.cpu: T0 : 0x106a2    : ld a5, -32(s0)             : MemRead :  D=0x0000000000000007 A=0x7ffffffffffffdc0
3346000: system.cpu: T0 : 0x106a6    : c_slli a5, 2               : IntAlu :  D=0x000000000000001c
3346500: system.cpu: T0 : 0x106a8    : c_add a5, a4               : IntAlu :  D=0x000000000006f01c
3347500: system.cpu: T0 : 0x106aa    : flw fa5, 0(a5)             : FloatMemRead :  D=0x0000000042300000 A=0x6f01c
3348500: system.cpu: T0 : 0x106ae    : flt_s a5, fa5, fa4         : FloatCmp :  D=0x0000000000000001
3349000: system.cpu: T0 : 0x106b2    : c_beqz a5, 94              : IntAlu : 
3349500: system.cpu: T0 : 0x106b4    : ld a5, -32(s0)             : MemRead :  D=0x0000000000000007 A=0x7ffffffffffffdc0
3350000: system.cpu: T0 : 0x106b8    : c_addi a5, 1               : IntAlu :  D=0x0000000000000008
3351000: system.cpu: T0 : 0x106ba    : auipc a4, 95               : IntAlu :  D=0x000000000006f6ba
3352000: system.cpu: T0 : 0x106be    : addi a4, a4, -1722         : IntAlu :  D=0x000000000006f000
3352500: system.cpu: T0 : 0x106c2    : c_slli a5, 2               : IntAlu :  D=0x0000000000000020
3353000: system.cpu: T0 : 0x106c4    : c_add a5, a4               : IntAlu :  D=0x000000000006f020
3354000: system.cpu: T0 : 0x106c6    : flw fa5, 0(a5)             : FloatMemRead :  D=0x0000000042460000 A=0x6f020
3355000: system.cpu: T0 : 0x106ca    : fsw fa5, -64(s0)           : FloatMemWrite :  D=0x0000000042460000 A=0x7ffffffffffffda0
3356000: system.cpu: T0 : 0x106ce    : ld a5, -32(s0)             : MemRead :  D=0x0000000000000007 A=0x7ffffffffffffdc0
3356500: system.cpu: T0 : 0x106d2    : c_addi a5, 1               : IntAlu :  D=0x0000000000000008
3357000: system.cpu: T0 : 0x106d4    : auipc a3, 95               : IntAlu :  D=0x000000000006f6d4
3357500: system.cpu: T0 : 0x106d8    : addi a3, a3, -1748         : IntAlu :  D=0x000000000006f000
3358000: system.cpu: T0 : 0x106dc    : ld a4, -32(s0)             : MemRead :  D=0x0000000000000007 A=0x7ffffffffffffdc0
3358500: system.cpu: T0 : 0x106e0    : c_slli a4, 2               : IntAlu :  D=0x000000000000001c
3359000: system.cpu: T0 : 0x106e2    : c_add a4, a3               : IntAlu :  D=0x000000000006f01c
3359500: system.cpu: T0 : 0x106e4    : flw fa5, 0(a4)             : FloatMemRead :  D=0x0000000042300000 A=0x6f01c
3360000: system.cpu: T0 : 0x106e8    : auipc a4, 95               : IntAlu :  D=0x000000000006f6e8
3360500: system.cpu: T0 : 0x106ec    : addi a4, a4, -1768         : IntAlu :  D=0x000000000006f000
3361000: system.cpu: T0 : 0x106f0    : c_slli a5, 2               : IntAlu :  D=0x0000000000000020
3361500: system.cpu: T0 : 0x106f2    : c_add a5, a4               : IntAlu :  D=0x000000000006f020
3362000: system.cpu: T0 : 0x106f4    : fsw fa5, 0(a5)             : FloatMemWrite :  D=0x0000000042300000 A=0x6f020
3362500: system.cpu: T0 : 0x106f8    : auipc a4, 95               : IntAlu :  D=0x000000000006f6f8
3363000: system.cpu: T0 : 0x106fc    : addi a4, a4, -1784         : IntAlu :  D=0x000000000006f000
3363500: system.cpu: T0 : 0x10700    : ld a5, -32(s0)             : MemRead :  D=0x0000000000000007 A=0x7ffffffffffffdc0
3364000: system.cpu: T0 : 0x10704    : c_slli a5, 2               : IntAlu :  D=0x000000000000001c
3364500: system.cpu: T0 : 0x10706    : c_add a5, a4               : IntAlu :  D=0x000000000006f01c
3365000: system.cpu: T0 : 0x10708    : flw fa5, -64(s0)           : FloatMemRead :  D=0x0000000042460000 A=0x7ffffffffffffda0
3365500: system.cpu: T0 : 0x1070c    : fsw fa5, 0(a5)             : FloatMemWrite :  D=0x0000000042460000 A=0x6f01c
3366000: system.cpu: T0 : 0x10710    : ld a5, -32(s0)             : MemRead :  D=0x0000000000000007 A=0x7ffffffffffffdc0
3366500: system.cpu: T0 : 0x10714    : c_addi a5, 1               : IntAlu :  D=0x0000000000000008
3367500: system.cpu: T0 : 0x10716    : sd a5, -56(s0)             : MemWrite :  D=0x0000000000000008 A=0x7ffffffffffffda8
3368500: system.cpu: T0 : 0x1071a    : ld a5, -48(s0)             : MemRead :  D=0x000000000000000a A=0x7ffffffffffffdb0
3369500: system.cpu: T0 : 0x1071e    : sd a5, -40(s0)             : MemWrite :  D=0x000000000000000a A=0x7ffffffffffffdb8
3370500: system.cpu: T0 : 0x10722    : auipc a4, 95               : IntAlu :  D=0x000000000006f722
3371500: system.cpu: T0 : 0x10726    : addi a4, a4, -1826         : IntAlu :  D=0x000000000006f000
3372500: system.cpu: T0 : 0x1072a    : ld a5, -32(s0)             : MemRead :  D=0x0000000000000007 A=0x7ffffffffffffdc0
3373000: system.cpu: T0 : 0x1072e    : c_slli a5, 2               : IntAlu :  D=0x000000000000001c
3373500: system.cpu: T0 : 0x10730    : c_add a5, a4               : IntAlu :  D=0x000000000006f01c
3374500: system.cpu: T0 : 0x10732    : flw fa5, 0(a5)             : FloatMemRead :  D=0x0000000042460000 A=0x6f01c
3375500: system.cpu: T0 : 0x10736    : fsw fa5, -60(s0)           : FloatMemWrite :  D=0x0000000042460000 A=0x7ffffffffffffda4
3376500: system.cpu: T0 : 0x1073a    : sw zero, -68(s0)           : MemWrite :  D=0x0000000000000000 A=0x7ffffffffffffd9c
3377000: system.cpu: T0 : 0x1073e    : c_j 220                    : IntAlu : 
3378000: system.cpu: T0 : 0x1081a    : lw a5, -68(s0)             : MemRead :  D=0x0000000000000000 A=0x7ffffffffffffd9c
3378500: system.cpu: T0 : 0x1081e    : c_addiw a5, 0              : IntAlu :  D=0x0000000000000000
3379000: system.cpu: T0 : 0x10820    : c_beqz a5, -224            : IntAlu : 
3379500: system.cpu: T0 : 0x10740    : ld a5, -56(s0)             : MemRead :  D=0x0000000000000008 A=0x7ffffffffffffda8
3380000: system.cpu: T0 : 0x10744    : c_addi a5, 1               : IntAlu :  D=0x0000000000000009
3381000: system.cpu: T0 : 0x10746    : sd a5, -56(s0)             : MemWrite :  D=0x0000000000000009 A=0x7ffffffffffffda8
3381500: system.cpu: T0 : 0x1074a    : c_j 12                     : IntAlu : 
3382500: system.cpu: T0 : 0x10756    : auipc a4, 95               : IntAlu :  D=0x000000000006f756
3383500: system.cpu: T0 : 0x1075a    : addi a4, a4, -1878         : IntAlu :  D=0x000000000006f000
3384500: system.cpu: T0 : 0x1075e    : ld a5, -56(s0)             : MemRead :  D=0x0000000000000009 A=0x7ffffffffffffda8
3385000: system.cpu: T0 : 0x10762    : c_slli a5, 2               : IntAlu :  D=0x0000000000000024
3385500: system.cpu: T0 : 0x10764    : c_add a5, a4               : IntAlu :  D=0x000000000006f024
3386500: system.cpu: T0 : 0x10766    : flw fa5, 0(a5)             : FloatMemRead :  D=0x00000000420c0000 A=0x6f024
3387500: system.cpu: T0 : 0x1076a    : flw fa4, -60(s0)           : FloatMemRead :  D=0x0000000042460000 A=0x7ffffffffffffda4
3388500: system.cpu: T0 : 0x1076e    : flt_s a5, fa5, fa4         : FloatCmp :  D=0x0000000000000001
3389000: system.cpu: T0 : 0x10772    : c_bnez a5, -38             : IntAlu : 
3389500: system.cpu: T0 : 0x1074c    : ld a5, -56(s0)             : MemRead :  D=0x0000000000000009 A=0x7ffffffffffffda8
3390000: system.cpu: T0 : 0x10750    : c_addi a5, 1               : IntAlu :  D=0x000000000000000a
3391000: system.cpu: T0 : 0x10752    : sd a5, -56(s0)             : MemWrite :  D=0x000000000000000a A=0x7ffffffffffffda8
3392000: system.cpu: T0 : 0x10756    : auipc a4, 95               : IntAlu :  D=0x000000000006f756
3393000: system.cpu: T0 : 0x1075a    : addi a4, a4, -1878         : IntAlu :  D=0x000000000006f000
3394000: system.cpu: T0 : 0x1075e    : ld a5, -56(s0)             : MemRead :  D=0x000000000000000a A=0x7ffffffffffffda8
3394500: system.cpu: T0 : 0x10762    : c_slli a5, 2               : IntAlu :  D=0x0000000000000028
3395000: system.cpu: T0 : 0x10764    : c_add a5, a4               : IntAlu :  D=0x000000000006f028
3396000: system.cpu: T0 : 0x10766    : flw fa5, 0(a5)             : FloatMemRead :  D=0x00000000429a0000 A=0x6f028
3397000: system.cpu: T0 : 0x1076a    : flw fa4, -60(s0)           : FloatMemRead :  D=0x0000000042460000 A=0x7ffffffffffffda4
3398000: system.cpu: T0 : 0x1076e    : flt_s a5, fa5, fa4         : FloatCmp :  D=0x0000000000000000
3398500: system.cpu: T0 : 0x10772    : c_bnez a5, -38             : IntAlu : 
3399000: system.cpu: T0 : 0x10774    : ld a5, -40(s0)             : MemRead :  D=0x000000000000000a A=0x7ffffffffffffdb8
3399500: system.cpu: T0 : 0x10778    : c_addi a5, -1              : IntAlu :  D=0x0000000000000009
3400500: system.cpu: T0 : 0x1077a    : sd a5, -40(s0)             : MemWrite :  D=0x0000000000000009 A=0x7ffffffffffffdb8
3401000: system.cpu: T0 : 0x1077e    : c_j 12                     : IntAlu : 
3402000: system.cpu: T0 : 0x1078a    : auipc a4, 95               : IntAlu :  D=0x000000000006f78a
3403000: system.cpu: T0 : 0x1078e    : addi a4, a4, -1930         : IntAlu :  D=0x000000000006f000
3404000: system.cpu: T0 : 0x10792    : ld a5, -40(s0)             : MemRead :  D=0x0000000000000009 A=0x7ffffffffffffdb8
3404500: system.cpu: T0 : 0x10796    : c_slli a5, 2               : IntAlu :  D=0x0000000000000024
3405000: system.cpu: T0 : 0x10798    : c_add a5, a4               : IntAlu :  D=0x000000000006f024
3406000: system.cpu: T0 : 0x1079a    : flw fa5, 0(a5)             : FloatMemRead :  D=0x00000000420c0000 A=0x6f024
3407000: system.cpu: T0 : 0x1079e    : flw fa4, -60(s0)           : FloatMemRead :  D=0x0000000042460000 A=0x7ffffffffffffda4
3408000: system.cpu: T0 : 0x107a2    : flt_s a5, fa4, fa5         : FloatCmp :  D=0x0000000000000000
3408500: system.cpu: T0 : 0x107a6    : c_bnez a5, -38             : IntAlu : 
3409000: system.cpu: T0 : 0x107a8    : ld a4, -40(s0)             : MemRead :  D=0x0000000000000009 A=0x7ffffffffffffdb8
3409500: system.cpu: T0 : 0x107ac    : ld a5, -56(s0)             : MemRead :  D=0x000000000000000a A=0x7ffffffffffffda8
3410000: system.cpu: T0 : 0x107b0    : bgeu a4, a5, 10            : IntAlu : 
3410500: system.cpu: T0 : 0x107b4    : c_li a5, 1                 : IntAlu :  D=0x0000000000000001
3411500: system.cpu: T0 : 0x107b6    : sw a5, -68(s0)             : MemWrite :  D=0x0000000000000001 A=0x7ffffffffffffd9c
3412500: system.cpu: T0 : 0x107ba    : lw a5, -68(s0)             : MemRead :  D=0x0000000000000001 A=0x7ffffffffffffd9c
3413000: system.cpu: T0 : 0x107be    : c_addiw a5, 0              : IntAlu :  D=0x0000000000000001
3413500: system.cpu: T0 : 0x107c0    : c_bnez a5, 90              : IntAlu : 
3414500: system.cpu: T0 : 0x1081a    : lw a5, -68(s0)             : MemRead :  D=0x0000000000000001 A=0x7ffffffffffffd9c
3415000: system.cpu: T0 : 0x1081e    : c_addiw a5, 0              : IntAlu :  D=0x0000000000000001
3415500: system.cpu: T0 : 0x10820    : c_beqz a5, -224            : IntAlu : 
3416500: system.cpu: T0 : 0x10822    : auipc a4, 94               : IntAlu :  D=0x000000000006e822
3417500: system.cpu: T0 : 0x10826    : addi a4, a4, 2014          : IntAlu :  D=0x000000000006f000
3418500: system.cpu: T0 : 0x1082a    : ld a5, -40(s0)             : MemRead :  D=0x0000000000000009 A=0x7ffffffffffffdb8
3419000: system.cpu: T0 : 0x1082e    : c_slli a5, 2               : IntAlu :  D=0x0000000000000024
3419500: system.cpu: T0 : 0x10830    : c_add a5, a4               : IntAlu :  D=0x000000000006f024
3420500: system.cpu: T0 : 0x10832    : flw fa5, 0(a5)             : FloatMemRead :  D=0x00000000420c0000 A=0x6f024
3421500: system.cpu: T0 : 0x10836    : auipc a4, 94               : IntAlu :  D=0x000000000006e836
3422500: system.cpu: T0 : 0x1083a    : addi a4, a4, 1994          : IntAlu :  D=0x000000000006f000
3423500: system.cpu: T0 : 0x1083e    : ld a5, -32(s0)             : MemRead :  D=0x0000000000000007 A=0x7ffffffffffffdc0
3424000: system.cpu: T0 : 0x10842    : c_slli a5, 2               : IntAlu :  D=0x000000000000001c
3424500: system.cpu: T0 : 0x10844    : c_add a5, a4               : IntAlu :  D=0x000000000006f01c
3425500: system.cpu: T0 : 0x10846    : fsw fa5, 0(a5)             : FloatMemWrite :  D=0x00000000420c0000 A=0x6f01c
3426500: system.cpu: T0 : 0x1084a    : auipc a4, 94               : IntAlu :  D=0x000000000006e84a
3427500: system.cpu: T0 : 0x1084e    : addi a4, a4, 1974          : IntAlu :  D=0x000000000006f000
3428500: system.cpu: T0 : 0x10852    : ld a5, -40(s0)             : MemRead :  D=0x0000000000000009 A=0x7ffffffffffffdb8
3429000: system.cpu: T0 : 0x10856    : c_slli a5, 2               : IntAlu :  D=0x0000000000000024
3429500: system.cpu: T0 : 0x10858    : c_add a5, a4               : IntAlu :  D=0x000000000006f024
3430500: system.cpu: T0 : 0x1085a    : flw fa5, -60(s0)           : FloatMemRead :  D=0x0000000042460000 A=0x7ffffffffffffda4
3431500: system.cpu: T0 : 0x1085e    : fsw fa5, 0(a5)             : FloatMemWrite :  D=0x0000000042460000 A=0x6f024
3432500: system.cpu: T0 : 0x10862    : ld a4, -40(s0)             : MemRead :  D=0x0000000000000009 A=0x7ffffffffffffdb8
3433500: system.cpu: T0 : 0x10866    : ld a5, -88(s0)             : MemRead :  D=0x000000000000000a A=0x7ffffffffffffd88
3434500: system.cpu: T0 : 0x1086a    : bltu a4, a5, 14            : IntAlu : 
3435000: system.cpu: T0 : 0x10878    : ld a4, -40(s0)             : MemRead :  D=0x0000000000000009 A=0x7ffffffffffffdb8
3435500: system.cpu: T0 : 0x1087c    : ld a5, -88(s0)             : MemRead :  D=0x000000000000000a A=0x7ffffffffffffd88
3436000: system.cpu: T0 : 0x10880    : bltu a5, a4, 12            : IntAlu : 
3436500: system.cpu: T0 : 0x10884    : ld a5, -56(s0)             : MemRead :  D=0x000000000000000a A=0x7ffffffffffffda8
3437000: system.cpu: T0 : 0x10888    : sd a5, -32(s0)             : MemWrite :  D=0x000000000000000a A=0x7ffffffffffffdc0
3437500: system.cpu: T0 : 0x1088c    : lw a5, -72(s0)             : MemRead :  D=0x0000000000000000 A=0x7ffffffffffffd98
3438000: system.cpu: T0 : 0x10890    : c_addiw a5, 0              : IntAlu :  D=0x0000000000000000
3439000: system.cpu: T0 : 0x10892    : beq a5, zero, -1088        : IntAlu : 
3440000: system.cpu: T0 : 0x10452    : ld a5, -32(s0)             : MemRead :  D=0x000000000000000a A=0x7ffffffffffffdc0
3440500: system.cpu: T0 : 0x10456    : c_addi a5, 1               : IntAlu :  D=0x000000000000000b
3441000: system.cpu: T0 : 0x10458    : ld a4, -48(s0)             : MemRead :  D=0x000000000000000a A=0x7ffffffffffffdb0
3441500: system.cpu: T0 : 0x1045c    : bltu a5, a4, 160           : IntAlu : 
3442000: system.cpu: T0 : 0x10460    : ld a5, -32(s0)             : MemRead :  D=0x000000000000000a A=0x7ffffffffffffdc0
3442500: system.cpu: T0 : 0x10464    : c_addi a5, 1               : IntAlu :  D=0x000000000000000b
3443500: system.cpu: T0 : 0x10466    : ld a4, -48(s0)             : MemRead :  D=0x000000000000000a A=0x7ffffffffffffdb0
3444500: system.cpu: T0 : 0x1046a    : bne a4, a5, 138            : IntAlu : 
3445000: system.cpu: T0 : 0x104f4    : c_li a5, 1                 : IntAlu :  D=0x0000000000000001
3446000: system.cpu: T0 : 0x104f6    : sw a5, -72(s0)             : MemWrite :  D=0x0000000000000001 A=0x7ffffffffffffd98
3446500: system.cpu: T0 : 0x104fa    : c_j 914                    : IntAlu : 
3447000: system.cpu: T0 : 0x1088c    : lw a5, -72(s0)             : MemRead :  D=0x0000000000000001 A=0x7ffffffffffffd98
3447500: system.cpu: T0 : 0x10890    : c_addiw a5, 0              : IntAlu :  D=0x0000000000000001
3448500: system.cpu: T0 : 0x10892    : beq a5, zero, -1088        : IntAlu : 
3449500: system.cpu: T0 : 0x10896    : auipc a4, 94               : IntAlu :  D=0x000000000006e896
3450500: system.cpu: T0 : 0x1089a    : addi a4, a4, 1898          : IntAlu :  D=0x000000000006f000
3451500: system.cpu: T0 : 0x1089e    : ld a5, -88(s0)             : MemRead :  D=0x000000000000000a A=0x7ffffffffffffd88
3452000: system.cpu: T0 : 0x108a2    : c_slli a5, 2               : IntAlu :  D=0x0000000000000028
3452500: system.cpu: T0 : 0x108a4    : c_add a5, a4               : IntAlu :  D=0x000000000006f028
3453500: system.cpu: T0 : 0x108a6    : flw fa5, 0(a5)             : FloatMemRead :  D=0x00000000429a0000 A=0x6f028
3454500: system.cpu: T0 : 0x108aa    : fsgnj_s fa0, fa5, fa5      : FloatMisc :  D=0x00000000429a0000
3455000: system.cpu: T0 : 0x108ae    : c_ldsp s0, 88(sp)          : MemRead :  D=0x7ffffffffffffdf0 A=0x7ffffffffffffdd8
3455500: system.cpu: T0 : 0x108b0    : c_addi16sp sp, 96          : IntAlu :  D=0x7ffffffffffffde0
3456000: system.cpu: T0 : 0x108b2    : c_jr ra                    : IntAlu : 
3456500: system.cpu: T0 : 0x108c4    : c_li a5, 0                 : IntAlu :  D=0x0000000000000000
3457000: system.cpu: T0 : 0x108c6    : c_mv a0, a5                : IntAlu :  D=0x0000000000000000
3457500: system.cpu: T0 : 0x108c8    : c_ldsp ra, 8(sp)           : MemRead :  D=0x0000000000010a62 A=0x7ffffffffffffde8
3458000: system.cpu: T0 : 0x108ca    : c_ldsp s0, 0(sp)           : MemRead :  D=0x0000000000010d9c A=0x7ffffffffffffde0
3458500: system.cpu: T0 : 0x108cc    : c_addi sp, 16              : IntAlu :  D=0x7ffffffffffffdf0
3459000: system.cpu: T0 : 0x108ce    : c_jr ra                    : IntAlu : 
3460000: system.cpu: T0 : 0x10a62    : jal ra, 17142              : IntAlu :  D=0x0000000000010a66
3460500: system.cpu: T0 : 0x14d58    : c_addi sp, -16             : IntAlu :  D=0x7ffffffffffffde0
3461000: system.cpu: T0 : 0x14d5a    : c_li a3, 1                 : IntAlu :  D=0x0000000000000001
3461500: system.cpu: T0 : 0x14d5c    : c_li a2, 1                 : IntAlu :  D=0x0000000000000001
3462500: system.cpu: T0 : 0x14d5e    : addi a1, gp, -1936         : IntAlu :  D=0x00000000000708e8
3463000: system.cpu: T0 : 0x14d62    : c_sdsp ra, 8(sp)           : MemWrite :  D=0x0000000000010a66 A=0x7ffffffffffffde8
3463500: system.cpu: T0 : 0x14d64    : jal ra, -468               : IntAlu :  D=0x0000000000014d68
3464000: system.cpu: T0 : 0x14b90    : c_addi16sp sp, -128        : IntAlu :  D=0x7ffffffffffffd60
3464500: system.cpu: T0 : 0x14b92    : c_sdsp s6, 64(sp)          : MemWrite :  D=0x0000000000000000 A=0x7ffffffffffffda0
3465000: system.cpu: T0 : 0x14b94    : c_sdsp s7, 56(sp)          : MemWrite :  D=0x0000000000000000 A=0x7ffffffffffffd98
3465500: system.cpu: T0 : 0x14b96    : c_sdsp ra, 120(sp)         : MemWrite :  D=0x0000000000014d68 A=0x7ffffffffffffdd8
3466000: system.cpu: T0 : 0x14b98    : c_sdsp s0, 112(sp)         : MemWrite :  D=0x0000000000010d9c A=0x7ffffffffffffdd0
3466500: system.cpu: T0 : 0x14b9a    : c_sdsp s1, 104(sp)         : MemWrite :  D=0x0000000000010e2c A=0x7ffffffffffffdc8
3467000: system.cpu: T0 : 0x14b9c    : c_sdsp s2, 96(sp)          : MemWrite :  D=0x0000000000000000 A=0x7ffffffffffffdc0
3467500: system.cpu: T0 : 0x14b9e    : c_sdsp s3, 88(sp)          : MemWrite :  D=0x0000000000000000 A=0x7ffffffffffffdb8
3468000: system.cpu: T0 : 0x14ba0    : c_sdsp s4, 80(sp)          : MemWrite :  D=0x0000000000000000 A=0x7ffffffffffffdb0
3468500: system.cpu: T0 : 0x14ba2    : c_sdsp s5, 72(sp)          : MemWrite :  D=0x0000000000000000 A=0x7ffffffffffffda8
3469000: system.cpu: T0 : 0x14ba4    : c_sdsp s8, 48(sp)          : MemWrite :  D=0x0000000000000000 A=0x7ffffffffffffd90
3469500: system.cpu: T0 : 0x14ba6    : c_sdsp s9, 40(sp)          : MemWrite :  D=0x0000000000000000 A=0x7ffffffffffffd88
3470000: system.cpu: T0 : 0x14ba8    : c_sdsp s10, 32(sp)         : MemWrite :  D=0x0000000000000000 A=0x7ffffffffffffd80
3470500: system.cpu: T0 : 0x14baa    : c_sdsp s11, 24(sp)         : MemWrite :  D=0x0000000000000000 A=0x7ffffffffffffd78
3471000: system.cpu: T0 : 0x14bac    : addi a5, zero, 0           : IntAlu :  D=0x0000000000000000
3471500: system.cpu: T0 : 0x14bb0    : c_sdsp a2, 8(sp)           : MemWrite :  D=0x0000000000000001 A=0x7ffffffffffffd68
3472000: system.cpu: T0 : 0x14bb2    : c_mv s6, a0                : IntAlu :  D=0x0000000000000000
3472500: system.cpu: T0 : 0x14bb4    : c_mv s7, a1                : IntAlu :  D=0x00000000000708e8
3473000: system.cpu: T0 : 0x14bb6    : c_beqz a5, 6               : IntAlu : 
3473500: system.cpu: T0 : 0x14bbc    : lui s9, 114                : IntAlu :  D=0x0000000000072000
3474000: system.cpu: T0 : 0x14bc0    : lui s11, 114               : IntAlu :  D=0x0000000000072000
3474500: system.cpu: T0 : 0x14bc4    : c_li s4, 0                 : IntAlu :  D=0x0000000000000000
3475000: system.cpu: T0 : 0x14bc6    : c_li s3, 1                 : IntAlu :  D=0x0000000000000001
3475500: system.cpu: T0 : 0x14bc8    : c_li a4, 1                 : IntAlu :  D=0x0000000000000001
3476500: system.cpu: T0 : 0x14bca    : addi a3, s9, -528          : IntAlu :  D=0x0000000000071df0
3477500: system.cpu: T0 : 0x14bce    : lr_w a5, (a3)             
3477500: system.cpu: T0 : 0x14bce. 0 : lr_w a5, (a3)              : MemRead :  D=0x0000000000000000 A=0x71df0
3478000: system.cpu: T0 : 0x14bd2    : c_bnez a5, 8               : IntAlu : 
3478500: system.cpu: T0 : 0x14bd4    : sc_w_aq a2, a4, (a3)      
3478500: system.cpu: T0 : 0x14bd4. 0 : sc_w a2, a4, (a3)          : MemWrite :  D=0x0000000000000000 A=0x71df0
3479000: system.cpu: T0 : 0x14bd4. 1 : 0x1ce6a62f fence           : No_OpClass : 
3479500: system.cpu: T0 : 0x14bd8    : c_bnez a2, -10             : IntAlu : 
3480000: system.cpu: T0 : 0x14bda    : c_addiw a5, 0              : IntAlu :  D=0x0000000000000000
3480500: system.cpu: T0 : 0x14bdc    : bne a5, zero, 338          : IntAlu : 
3481000: system.cpu: T0 : 0x14be0    : ld s10, 0(s7)              : MemRead :  D=0x0000000000071190 A=0x708e8
3481500: system.cpu: T0 : 0x14be4    : beq s10, zero, 152         : IntAlu : 
3482000: system.cpu: T0 : 0x14be8    : c_li s5, 3                 : IntAlu :  D=0x0000000000000003
3482500: system.cpu: T0 : 0x14bea    : c_li s2, 4                 : IntAlu :  D=0x0000000000000004
3483000: system.cpu: T0 : 0x14bec    : c_li s1, 2                 : IntAlu :  D=0x0000000000000002
3483500: system.cpu: T0 : 0x14bee    : c_li s0, 1                 : IntAlu :  D=0x0000000000000001
3484000: system.cpu: T0 : 0x14bf0    : c_j 34                     : IntAlu : 
3485000: system.cpu: T0 : 0x14c12    : ld a5, 8(s10)              : MemRead :  D=0x0000000000000001 A=0x71198
3485500: system.cpu: T0 : 0x14c16    : c_beqz a5, 222             : IntAlu : 
3486000: system.cpu: T0 : 0x14c18    : ld s8, -520(s11)           : MemRead :  D=0x0000000000000001 A=0x71df8
3486500: system.cpu: T0 : 0x14c1c    : c_addi a5, -1              : IntAlu :  D=0x0000000000000000
3487500: system.cpu: T0 : 0x14c1e    : sd a5, 8(s10)              : MemWrite :  D=0x0000000000000000 A=0x71198
3488000: system.cpu: T0 : 0x14c22    : c_mv a4, s4                : IntAlu :  D=0x0000000000000000
3488500: system.cpu: T0 : 0x14c24    : addi a3, s9, -528          : IntAlu :  D=0x0000000000071df0
3489000: system.cpu: T0 : 0x14c28    : fence iorw, ow             : No_OpClass : 
3489500: system.cpu: T0 : 0x14c2c    : amoswap_w a4, a4, (a3)    
3489500: system.cpu: T0 : 0x14c2c. 0 : amoswap_w[l] a4, a4, (a3)  : MemRead :  D=0x0000000000000001 A=0x71df0
3490000: system.cpu: T0 : 0x14c30    : c_addiw a4, 0              : IntAlu :  D=0x0000000000000001
3491000: system.cpu: T0 : 0x14c32    : blt s3, a4, 172            : IntAlu : 
3491500: system.cpu: T0 : 0x14c36    : c_slli a5, 5               : IntAlu :  D=0x0000000000000000
3492000: system.cpu: T0 : 0x14c38    : c_add a5, s10              : IntAlu :  D=0x0000000000071190
3492500: system.cpu: T0 : 0x14c3a    : c_ld a4, 16(a5)            : MemRead :  D=0x0000000000000004 A=0x711a0
3493000: system.cpu: T0 : 0x14c3c    : beq a4, s5, 146            : IntAlu : 
3493500: system.cpu: T0 : 0x14c40    : bne a4, s2, -78            : IntAlu : 
3494000: system.cpu: T0 : 0x14c44    : c_ld a4, 24(a5)            : MemRead :  D=0x0000000000010e2c A=0x711a8
3494500: system.cpu: T0 : 0x14c46    : c_ld a0, 32(a5)            : MemRead :  D=0x0000000000000000 A=0x711b0
3495000: system.cpu: T0 : 0x14c48    : sd zero, 16(a5)            : MemWrite :  D=0x0000000000000000 A=0x711a0
3495500: system.cpu: T0 : 0x14c4c    : c_mv a1, s6                : IntAlu :  D=0x0000000000000000
3496000: system.cpu: T0 : 0x14c4e    : c_jalr a4                  : IntAlu :  D=0x0000000000014c50
3496500: system.cpu: T0 : 0x10e2c    : c_addi sp, -32             : IntAlu :  D=0x7ffffffffffffd40
3497000: system.cpu: T0 : 0x10e2e    : c_sdsp s0, 16(sp)          : MemWrite :  D=0x0000000000000001 A=0x7ffffffffffffd50
3497500: system.cpu: T0 : 0x10e30    : lui a5, 111                : IntAlu :  D=0x000000000006f000
3498000: system.cpu: T0 : 0x10e34    : lui s0, 111                : IntAlu :  D=0x000000000006f000
3498500: system.cpu: T0 : 0x10e38    : addi s0, s0, -1280         : IntAlu :  D=0x000000000006eb00
3499000: system.cpu: T0 : 0x10e3c    : addi a5, a5, -1264         : IntAlu :  D=0x000000000006eb10
3499500: system.cpu: T0 : 0x10e40    : c_sub a5, s0               : IntAlu :  D=0x0000000000000010
3500000: system.cpu: T0 : 0x10e42    : c_sdsp ra, 24(sp)          : MemWrite :  D=0x0000000000014c50 A=0x7ffffffffffffd58
3500500: system.cpu: T0 : 0x10e44    : c_sdsp s1, 8(sp)           : MemWrite :  D=0x0000000000000002 A=0x7ffffffffffffd48
3501000: system.cpu: T0 : 0x10e46    : c_sdsp s2, 0(sp)           : MemWrite :  D=0x0000000000000004 A=0x7ffffffffffffd40
3501500: system.cpu: T0 : 0x10e48    : srai a4, a5, 3             : IntAlu :  D=0x0000000000000002
3502000: system.cpu: T0 : 0x10e4c    : c_beqz a4, 24              : IntAlu : 
3502500: system.cpu: T0 : 0x10e4e    : c_addi a5, -8              : IntAlu :  D=0x0000000000000008
3503000: system.cpu: T0 : 0x10e50    : addi s1, a4, -1            : IntAlu :  D=0x0000000000000001
3503500: system.cpu: T0 : 0x10e54    : c_add s0, a5               : IntAlu :  D=0x000000000006eb08
3504000: system.cpu: T0 : 0x10e56    : c_li s2, -1                : IntAlu :  D=0xffffffffffffffff
3504500: system.cpu: T0 : 0x10e58    : c_ld a5, 0(s0)             : MemRead :  D=0x0000000000010340 A=0x6eb08
3505000: system.cpu: T0 : 0x10e5a    : c_addi s1, -1              : IntAlu :  D=0x0000000000000000
3505500: system.cpu: T0 : 0x10e5c    : c_addi s0, -8              : IntAlu :  D=0x000000000006eb00
3506000: system.cpu: T0 : 0x10e5e    : c_jalr a5                  : IntAlu :  D=0x0000000000010e60
3506500: system.cpu: T0 : 0x10340    : addi a0, gp, 1616          : IntAlu :  D=0x00000000000716c8
3507000: system.cpu: T0 : 0x10344    : jal zero, 210038           : IntAlu :  D=0x0000000000010348
3507500: system.cpu: T0 : 0x437ba    : c_addi sp, -32             : IntAlu :  D=0x7ffffffffffffd20
3508000: system.cpu: T0 : 0x437bc    : c_sdsp s1, 8(sp)           : MemWrite :  D=0x0000000000000000 A=0x7ffffffffffffd28
3508500: system.cpu: T0 : 0x437be    : c_ld s1, 0(a0)             : MemRead :  D=0x0000000000000000 A=0x716c8
3509000: system.cpu: T0 : 0x437c0    : c_sdsp ra, 24(sp)          : MemWrite :  D=0x0000000000010e60 A=0x7ffffffffffffd38
3509500: system.cpu: T0 : 0x437c2    : c_sdsp s0, 16(sp)          : MemWrite :  D=0x000000000006eb00 A=0x7ffffffffffffd30
3510000: system.cpu: T0 : 0x437c4    : c_beqz s1, 20              : IntAlu : 
3510500: system.cpu: T0 : 0x437d8    : c_ldsp ra, 24(sp)          : MemRead :  D=0x0000000000010e60 A=0x7ffffffffffffd38
3511000: system.cpu: T0 : 0x437da    : c_ldsp s0, 16(sp)          : MemRead :  D=0x000000000006eb00 A=0x7ffffffffffffd30
3511500: system.cpu: T0 : 0x437dc    : c_ldsp s1, 8(sp)           : MemRead :  D=0x0000000000000000 A=0x7ffffffffffffd28
3512000: system.cpu: T0 : 0x437de    : c_addi16sp sp, 32          : IntAlu :  D=0x7ffffffffffffd40
3512500: system.cpu: T0 : 0x437e0    : c_jr ra                    : IntAlu : 
3513000: system.cpu: T0 : 0x10e60    : bne s1, s2, -8             : IntAlu : 
3513500: system.cpu: T0 : 0x10e58    : c_ld a5, 0(s0)             : MemRead :  D=0x00000000000103d6 A=0x6eb00
3514000: system.cpu: T0 : 0x10e5a    : c_addi s1, -1              : IntAlu :  D=0xffffffffffffffff
3514500: system.cpu: T0 : 0x10e5c    : c_addi s0, -8              : IntAlu :  D=0x000000000006eaf8
3515000: system.cpu: T0 : 0x10e5e    : c_jalr a5                  : IntAlu :  D=0x0000000000010e60
3515500: system.cpu: T0 : 0x103d6    : c_addi sp, -16             : IntAlu :  D=0x7ffffffffffffd30
3516000: system.cpu: T0 : 0x103d8    : c_sdsp s0, 0(sp)           : MemWrite :  D=0x000000000006eaf8 A=0x7ffffffffffffd30
3517000: system.cpu: T0 : 0x103da    : lbu a5, -1016(gp)          : MemRead :  D=0x0000000000000000 A=0x70c80
3517500: system.cpu: T0 : 0x103de    : c_sdsp ra, 8(sp)           : MemWrite :  D=0x0000000000010e60 A=0x7ffffffffffffd38
3518000: system.cpu: T0 : 0x103e0    : c_bnez a5, 34              : IntAlu : 
3519000: system.cpu: T0 : 0x103e2    : jal ra, -96                : IntAlu :  D=0x00000000000103e6
3520000: system.cpu: T0 : 0x10382    : lui a0, 113                : IntAlu :  D=0x0000000000071000
3521000: system.cpu: T0 : 0x10386    : lui a4, 113                : IntAlu :  D=0x0000000000071000
3522000: system.cpu: T0 : 0x1038a    : addi a5, a0, -1984         : IntAlu :  D=0x0000000000070840
3523000: system.cpu: T0 : 0x1038e    : addi a4, a4, -1984         : IntAlu :  D=0x0000000000070840
3524000: system.cpu: T0 : 0x10392    : beq a4, a5, 18             : IntAlu : 
3524500: system.cpu: T0 : 0x103a4    : c_jr ra                    : IntAlu : 
3525500: system.cpu: T0 : 0x103e6    : lui a5, 77                 : IntAlu :  D=0x000000000004d000
3526500: system.cpu: T0 : 0x103ea    : addi a5, a5, -1500         : IntAlu :  D=0x000000000004ca24
3527000: system.cpu: T0 : 0x103ee    : c_beqz a5, 14              : IntAlu : 
3527500: system.cpu: T0 : 0x103f0    : lui a0, 106                : IntAlu :  D=0x000000000006a000
3528000: system.cpu: T0 : 0x103f4    : addi a0, a0, 1408          : IntAlu :  D=0x000000000006a580
3528500: system.cpu: T0 : 0x103f8    : jal ra, 247340             : IntAlu :  D=0x00000000000103fc
3529000: system.cpu: T0 : 0x4ca24    : c_j -222                   : IntAlu : 
3529500: system.cpu: T0 : 0x4c946    : c_addi sp, -32             : IntAlu :  D=0x7ffffffffffffd10
3530000: system.cpu: T0 : 0x4c948    : c_sdsp ra, 24(sp)          : MemWrite :  D=0x00000000000103fc A=0x7ffffffffffffd28
3530500: system.cpu: T0 : 0x4c94a    : c_sdsp s0, 16(sp)          : MemWrite :  D=0x000000000006eaf8 A=0x7ffffffffffffd20
3531000: system.cpu: T0 : 0x4c94c    : c_sdsp s1, 8(sp)           : MemWrite :  D=0xffffffffffffffff A=0x7ffffffffffffd18
3531500: system.cpu: T0 : 0x4c94e    : c_sdsp s2, 0(sp)           : MemWrite :  D=0xffffffffffffffff A=0x7ffffffffffffd10
3532000: system.cpu: T0 : 0x4c950    : c_beqz a0, 160             : IntAlu : 
3532500: system.cpu: T0 : 0x4c952    : c_lw a5, 0(a0)             : MemRead :  D=0x000000000000001c A=0x6a580
3533000: system.cpu: T0 : 0x4c954    : c_mv s1, a0                : IntAlu :  D=0x000000000006a580
3533500: system.cpu: T0 : 0x4c956    : c_beqz a5, 154             : IntAlu : 
3534000: system.cpu: T0 : 0x4c958    : auipc s2, 36               : IntAlu :  D=0x0000000000070958
3534500: system.cpu: T0 : 0x4c95c    : ld s2, -256(s2)            : MemRead :  D=0x0000000000000000 A=0x70858
3535000: system.cpu: T0 : 0x4c960    : beq s2, zero, 22           : IntAlu : 
3536000: system.cpu: T0 : 0x4c976    : addi a2, gp, 1880          : IntAlu :  D=0x00000000000717d0
3537000: system.cpu: T0 : 0x4c97a    : ld a5, 448(a2)             : MemRead :  D=0x0000000000070c88 A=0x71990
3537500: system.cpu: T0 : 0x4c97e    : c_beqz a5, 66              : IntAlu : 
3538000: system.cpu: T0 : 0x4c980    : auipc a3, 37               : IntAlu :  D=0x0000000000071980
3538500: system.cpu: T0 : 0x4c984    : addi a3, a3, 16            : IntAlu :  D=0x0000000000071990
3539000: system.cpu: T0 : 0x4c988    : c_j 8                      : IntAlu : 
3539500: system.cpu: T0 : 0x4c990    : c_ld a4, 24(a5)            : MemRead :  D=0x000000000006a580 A=0x70ca0
3540000: system.cpu: T0 : 0x4c992    : c_mv s0, a5                : IntAlu :  D=0x0000000000070c88
3540500: system.cpu: T0 : 0x4c994    : c_ld a5, 40(a5)            : MemRead :  D=0x0000000000000000 A=0x70cb0
3541500: system.cpu: T0 : 0x4c996    : bne s1, a4, -12            : IntAlu : 
3542000: system.cpu: T0 : 0x4c99a    : c_sd a5, 0(a3)             : MemWrite :  D=0x0000000000000000 A=0x71990
3542500: system.cpu: T0 : 0x4c99c    : beq s2, zero, 22           : IntAlu : 
3543000: system.cpu: T0 : 0x4c9b2    : c_ldsp ra, 24(sp)          : MemRead :  D=0x00000000000103fc A=0x7ffffffffffffd28
3543500: system.cpu: T0 : 0x4c9b4    : c_mv a0, s0                : IntAlu :  D=0x0000000000070c88
3544000: system.cpu: T0 : 0x4c9b6    : c_ldsp s0, 16(sp)          : MemRead :  D=0x000000000006eaf8 A=0x7ffffffffffffd20
3544500: system.cpu: T0 : 0x4c9b8    : c_ldsp s1, 8(sp)           : MemRead :  D=0xffffffffffffffff A=0x7ffffffffffffd18
3545000: system.cpu: T0 : 0x4c9ba    : c_ldsp s2, 0(sp)           : MemRead :  D=0xffffffffffffffff A=0x7ffffffffffffd10
3545500: system.cpu: T0 : 0x4c9bc    : c_addi16sp sp, 32          : IntAlu :  D=0x7ffffffffffffd30
3546000: system.cpu: T0 : 0x4c9be    : c_jr ra                    : IntAlu : 
3546500: system.cpu: T0 : 0x103fc    : c_li a5, 1                 : IntAlu :  D=0x0000000000000001
3547500: system.cpu: T0 : 0x103fe    : sb a5, -1016(gp)           : MemWrite :  D=0x0000000000000001 A=0x70c80
3548000: system.cpu: T0 : 0x10402    : c_ldsp ra, 8(sp)           : MemRead :  D=0x0000000000010e60 A=0x7ffffffffffffd38
3548500: system.cpu: T0 : 0x10404    : c_ldsp s0, 0(sp)           : MemRead :  D=0x000000000006eaf8 A=0x7ffffffffffffd30
3549000: system.cpu: T0 : 0x10406    : c_addi sp, 16              : IntAlu :  D=0x7ffffffffffffd40
3549500: system.cpu: T0 : 0x10408    : c_jr ra                    : IntAlu : 
3550000: system.cpu: T0 : 0x10e60    : bne s1, s2, -8             : IntAlu : 
3550500: system.cpu: T0 : 0x10e64    : c_ldsp ra, 24(sp)          : MemRead :  D=0x0000000000014c50 A=0x7ffffffffffffd58
3551000: system.cpu: T0 : 0x10e66    : c_ldsp s0, 16(sp)          : MemRead :  D=0x0000000000000001 A=0x7ffffffffffffd50
3551500: system.cpu: T0 : 0x10e68    : c_ldsp s1, 8(sp)           : MemRead :  D=0x0000000000000002 A=0x7ffffffffffffd48
3552000: system.cpu: T0 : 0x10e6a    : c_ldsp s2, 0(sp)           : MemRead :  D=0x0000000000000004 A=0x7ffffffffffffd40
3552500: system.cpu: T0 : 0x10e6c    : c_addi16sp sp, 32          : IntAlu :  D=0x7ffffffffffffd60
3553000: system.cpu: T0 : 0x10e6e    : c_jr ra                    : IntAlu : 
3553500: system.cpu: T0 : 0x14c50    : addi a4, s9, -528          : IntAlu :  D=0x0000000000071df0
3554000: system.cpu: T0 : 0x14c54    : lr_w a5, (a4)             
3554000: system.cpu: T0 : 0x14c54. 0 : lr_w a5, (a4)              : MemRead :  D=0x0000000000000000 A=0x71df0
3554500: system.cpu: T0 : 0x14c58    : c_bnez a5, 8               : IntAlu : 
3555500: system.cpu: T0 : 0x14c5a    : sc_w_aq a3, s0, (a4)      
3555500: system.cpu: T0 : 0x14c5a. 0 : sc_w a3, s0, (a4)          : MemWrite :  D=0x0000000000000000 A=0x71df0
3556000: system.cpu: T0 : 0x14c5a. 1 : 0x1c8726af fence           : No_OpClass : 
3556500: system.cpu: T0 : 0x14c5e    : c_bnez a3, -10             : IntAlu : 
3557000: system.cpu: T0 : 0x14c60    : c_addiw a5, 0              : IntAlu :  D=0x0000000000000000
3557500: system.cpu: T0 : 0x14c62    : c_beqz a5, -88             : IntAlu : 
3558500: system.cpu: T0 : 0x14c0a    : ld a5, -520(s11)           : MemRead :  D=0x0000000000000001 A=0x71df8
3559500: system.cpu: T0 : 0x14c0e    : bne a5, s8, 102            : IntAlu : 
3560500: system.cpu: T0 : 0x14c12    : ld a5, 8(s10)              : MemRead :  D=0x0000000000000000 A=0x71198
3561000: system.cpu: T0 : 0x14c16    : c_beqz a5, 222             : IntAlu : 
3561500: system.cpu: T0 : 0x14cf4    : ld a5, 0(s10)              : MemRead :  D=0x0000000000000000 A=0x71190
3562000: system.cpu: T0 : 0x14cf8    : sd a5, 0(s7)               : MemWrite :  D=0x0000000000000000 A=0x708e8
3562500: system.cpu: T0 : 0x14cfc    : c_beqz a5, 8               : IntAlu : 
3563000: system.cpu: T0 : 0x14d04    : c_mv a5, s4                : IntAlu :  D=0x0000000000000000
3564000: system.cpu: T0 : 0x14d06    : addi a4, s9, -528          : IntAlu :  D=0x0000000000071df0
3565000: system.cpu: T0 : 0x14d0a    : fence iorw, ow             : No_OpClass : 
3566000: system.cpu: T0 : 0x14d0e    : amoswap_w a5, a5, (a4)    
3566000: system.cpu: T0 : 0x14d0e. 0 : amoswap_w[l] a5, a5, (a4)  : MemRead :  D=0x0000000000000001 A=0x71df0
3566500: system.cpu: T0 : 0x14d12    : c_addiw a5, 0              : IntAlu :  D=0x0000000000000001
3567000: system.cpu: T0 : 0x14d14    : bge s3, a5, -332           : IntAlu : 
3567500: system.cpu: T0 : 0x14bc8    : c_li a4, 1                 : IntAlu :  D=0x0000000000000001
3568500: system.cpu: T0 : 0x14bca    : addi a3, s9, -528          : IntAlu :  D=0x0000000000071df0
3569500: system.cpu: T0 : 0x14bce    : lr_w a5, (a3)             
3569500: system.cpu: T0 : 0x14bce. 0 : lr_w a5, (a3)              : MemRead :  D=0x0000000000000000 A=0x71df0
3570000: system.cpu: T0 : 0x14bd2    : c_bnez a5, 8               : IntAlu : 
3570500: system.cpu: T0 : 0x14bd4    : sc_w_aq a2, a4, (a3)      
3570500: system.cpu: T0 : 0x14bd4. 0 : sc_w a2, a4, (a3)          : MemWrite :  D=0x0000000000000000 A=0x71df0
3571000: system.cpu: T0 : 0x14bd4. 1 : 0x1ce6a62f fence           : No_OpClass : 
3571500: system.cpu: T0 : 0x14bd8    : c_bnez a2, -10             : IntAlu : 
3572000: system.cpu: T0 : 0x14bda    : c_addiw a5, 0              : IntAlu :  D=0x0000000000000000
3572500: system.cpu: T0 : 0x14bdc    : bne a5, zero, 338          : IntAlu : 
3573000: system.cpu: T0 : 0x14be0    : ld s10, 0(s7)              : MemRead :  D=0x0000000000000000 A=0x708e8
3573500: system.cpu: T0 : 0x14be4    : beq s10, zero, 152         : IntAlu : 
3574000: system.cpu: T0 : 0x14c7c    : c_li a4, 1                 : IntAlu :  D=0x0000000000000001
3575000: system.cpu: T0 : 0x14c7e    : sb a4, -1476(gp)           : MemWrite :  D=0x0000000000000001 A=0x70ab4
3575500: system.cpu: T0 : 0x14c82    : c_li a5, 0                 : IntAlu :  D=0x0000000000000000
3576000: system.cpu: T0 : 0x14c84    : addi a4, s9, -528          : IntAlu :  D=0x0000000000071df0
3576500: system.cpu: T0 : 0x14c88    : fence iorw, ow             : No_OpClass : 
3577000: system.cpu: T0 : 0x14c8c    : amoswap_w a5, a5, (a4)    
3577000: system.cpu: T0 : 0x14c8c. 0 : amoswap_w[l] a5, a5, (a4)  : MemRead :  D=0x0000000000000001 A=0x71df0
3577500: system.cpu: T0 : 0x14c90    : c_addiw a5, 0              : IntAlu :  D=0x0000000000000001
3578000: system.cpu: T0 : 0x14c92    : c_li a4, 1                 : IntAlu :  D=0x0000000000000001
3578500: system.cpu: T0 : 0x14c94    : blt a4, a5, 174            : IntAlu : 
3579000: system.cpu: T0 : 0x14c98    : c_ldsp a5, 8(sp)           : MemRead :  D=0x0000000000000001 A=0x7ffffffffffffd68
3579500: system.cpu: T0 : 0x14c9a    : c_beqz a5, 46              : IntAlu : 
3580000: system.cpu: T0 : 0x14c9c    : lui s0, 106                : IntAlu :  D=0x000000000006a000
3580500: system.cpu: T0 : 0x14ca0    : lui a5, 106                : IntAlu :  D=0x000000000006a000
3581000: system.cpu: T0 : 0x14ca4    : addi s1, s0, 1360          : IntAlu :  D=0x000000000006a550
3581500: system.cpu: T0 : 0x14ca8    : addi a5, a5, 1368          : IntAlu :  D=0x000000000006a558
3582000: system.cpu: T0 : 0x14cac    : bgeu s1, a5, 28            : IntAlu : 
3582500: system.cpu: T0 : 0x14cb0    : c_addi a5, -1              : IntAlu :  D=0x000000000006a557
3583000: system.cpu: T0 : 0x14cb2    : c_sub a5, s1               : IntAlu :  D=0x0000000000000007
3583500: system.cpu: T0 : 0x14cb4    : c_andi a5, 18446744073709551608 : IntAlu :  D=0x0000000000000000
3584000: system.cpu: T0 : 0x14cb6    : c_addi a5, 8               : IntAlu :  D=0x0000000000000008
3584500: system.cpu: T0 : 0x14cb8    : c_add s1, a5               : IntAlu :  D=0x000000000006a558
3585500: system.cpu: T0 : 0x14cba    : addi s0, s0, 1360          : IntAlu :  D=0x000000000006a550
3586000: system.cpu: T0 : 0x14cbe    : c_ld a5, 0(s0)             : MemRead :  D=0x0000000000019bea A=0x6a550
3586500: system.cpu: T0 : 0x14cc0    : c_addi s0, 8               : IntAlu :  D=0x000000000006a558
3587000: system.cpu: T0 : 0x14cc2    : c_jalr a5                  : IntAlu :  D=0x0000000000014cc4
3587500: system.cpu: T0 : 0x19bea    : c_addi16sp sp, -176        : IntAlu :  D=0x7ffffffffffffcb0
3588000: system.cpu: T0 : 0x19bec    : c_sdsp s6, 112(sp)         : MemWrite :  D=0x0000000000000000 A=0x7ffffffffffffd20
3589000: system.cpu: T0 : 0x19bee    : lui s6, 111                : IntAlu :  D=0x000000000006f000
3590000: system.cpu: T0 : 0x19bf2    : ld a5, -1264(s6)           : MemRead :  D=0x6f442f2e2e000000 A=0x6eb10
3590500: system.cpu: T0 : 0x19bf6    : c_sdsp s3, 136(sp)         : MemWrite :  D=0x0000000000000001 A=0x7ffffffffffffd38
3591000: system.cpu: T0 : 0x19bf8    : c_li a0, 0                 : IntAlu :  D=0x0000000000000000
3591500: system.cpu: T0 : 0x19bfa    : c_sdsp s5, 120(sp)         : MemWrite :  D=0x0000000000000003 A=0x7ffffffffffffd28
3592000: system.cpu: T0 : 0x19bfc    : c_sdsp ra, 168(sp)         : MemWrite :  D=0x0000000000014cc4 A=0x7ffffffffffffd58
3592500: system.cpu: T0 : 0x19bfe    : c_sdsp s0, 160(sp)         : MemWrite :  D=0x000000000006a558 A=0x7ffffffffffffd50
3593000: system.cpu: T0 : 0x19c00    : c_sdsp s1, 152(sp)         : MemWrite :  D=0x000000000006a558 A=0x7ffffffffffffd48
3593500: system.cpu: T0 : 0x19c02    : c_sdsp s2, 144(sp)         : MemWrite :  D=0x0000000000000004 A=0x7ffffffffffffd40
3594000: system.cpu: T0 : 0x19c04    : c_sdsp s4, 128(sp)         : MemWrite :  D=0x0000000000000000 A=0x7ffffffffffffd30
3594500: system.cpu: T0 : 0x19c06    : c_sdsp s7, 104(sp)         : MemWrite :  D=0x00000000000708e8 A=0x7ffffffffffffd18
3595000: system.cpu: T0 : 0x19c08    : c_sdsp s8, 96(sp)          : MemWrite :  D=0x0000000000000001 A=0x7ffffffffffffd10
3595500: system.cpu: T0 : 0x19c0a    : c_sdsp s9, 88(sp)          : MemWrite :  D=0x0000000000072000 A=0x7ffffffffffffd08
3596000: system.cpu: T0 : 0x19c0c    : c_sdsp s10, 80(sp)         : MemWrite :  D=0x0000000000000000 A=0x7ffffffffffffd00
3596500: system.cpu: T0 : 0x19c0e    : c_sdsp s11, 72(sp)         : MemWrite :  D=0x0000000000072000 A=0x7ffffffffffffcf8
3597000: system.cpu: T0 : 0x19c10    : c_sdsp a5, 56(sp)          : MemWrite :  D=0x6f442f2e2e000000 A=0x7ffffffffffffce8
3598000: system.cpu: T0 : 0x19c12    : addi s3, zero, 0           : IntAlu :  D=0x0000000000000000
3599000: system.cpu: T0 : 0x19c16    : jal ra, -556               : IntAlu :  D=0x0000000000019c1a
3599500: system.cpu: T0 : 0x199ea    : c_addi16sp sp, -176        : IntAlu :  D=0x7ffffffffffffc00
3600000: system.cpu: T0 : 0x199ec    : c_sdsp s5, 120(sp)         : MemWrite :  D=0x0000000000000003 A=0x7ffffffffffffc78
3601000: system.cpu: T0 : 0x199ee    : lui s5, 111                : IntAlu :  D=0x000000000006f000
3602000: system.cpu: T0 : 0x199f2    : ld a5, -1264(s5)           : MemRead :  D=0x6f442f2e2e000000 A=0x6eb10
3602500: system.cpu: T0 : 0x199f6    : c_sdsp s3, 136(sp)         : MemWrite :  D=0x0000000000000000 A=0x7ffffffffffffc88
3603000: system.cpu: T0 : 0x199f8    : c_sdsp s9, 88(sp)          : MemWrite :  D=0x0000000000072000 A=0x7ffffffffffffc58
3603500: system.cpu: T0 : 0x199fa    : c_sdsp ra, 168(sp)         : MemWrite :  D=0x0000000000019c1a A=0x7ffffffffffffca8
3604000: system.cpu: T0 : 0x199fc    : c_sdsp s0, 160(sp)         : MemWrite :  D=0x000000000006a558 A=0x7ffffffffffffca0
3604500: system.cpu: T0 : 0x199fe    : c_sdsp s1, 152(sp)         : MemWrite :  D=0x000000000006a558 A=0x7ffffffffffffc98
3605000: system.cpu: T0 : 0x19a00    : c_sdsp s2, 144(sp)         : MemWrite :  D=0x0000000000000004 A=0x7ffffffffffffc90
3605500: system.cpu: T0 : 0x19a02    : c_sdsp s4, 128(sp)         : MemWrite :  D=0x0000000000000000 A=0x7ffffffffffffc80
3606000: system.cpu: T0 : 0x19a04    : c_sdsp s6, 112(sp)         : MemWrite :  D=0x000000000006f000 A=0x7ffffffffffffc70
3606500: system.cpu: T0 : 0x19a06    : c_sdsp s7, 104(sp)         : MemWrite :  D=0x00000000000708e8 A=0x7ffffffffffffc68
3607000: system.cpu: T0 : 0x19a08    : c_sdsp s8, 96(sp)          : MemWrite :  D=0x0000000000000001 A=0x7ffffffffffffc60
3607500: system.cpu: T0 : 0x19a0a    : c_sdsp s10, 80(sp)         : MemWrite :  D=0x0000000000000000 A=0x7ffffffffffffc50
3608000: system.cpu: T0 : 0x19a0c    : c_sdsp s11, 72(sp)         : MemWrite :  D=0x0000000000072000 A=0x7ffffffffffffc48
3608500: system.cpu: T0 : 0x19a0e    : c_sdsp a5, 56(sp)          : MemWrite :  D=0x6f442f2e2e000000 A=0x7ffffffffffffc38
3609000: system.cpu: T0 : 0x19a10    : addi s3, zero, 0           : IntAlu :  D=0x0000000000000000
3609500: system.cpu: T0 : 0x19a14    : c_mv s9, a0                : IntAlu :  D=0x0000000000000000
3610500: system.cpu: T0 : 0x19a16    : beq s3, zero, 428          : IntAlu : 
3611000: system.cpu: T0 : 0x19bc2    : c_lui a5, 25               : IntAlu :  D=0x0000000000019000
3611500: system.cpu: T0 : 0x19bc4    : addi a5, a5, -960          : IntAlu :  D=0x0000000000018c40
3612000: system.cpu: T0 : 0x19bc8    : c_sdsp a5, 24(sp)          : MemWrite :  D=0x0000000000018c40 A=0x7ffffffffffffc18
3612500: system.cpu: T0 : 0x19bca    : c_sdsp zero, 32(sp)        : MemWrite :  D=0x0000000000000000 A=0x7ffffffffffffc20
3613000: system.cpu: T0 : 0x19bcc    : c_j -416                   : IntAlu : 
3613500: system.cpu: T0 : 0x19a2c    : addi s8, gp, 1320          : IntAlu :  D=0x00000000000715a0
3614000: system.cpu: T0 : 0x19a30    : ld a5, 8(s8)               : MemRead :  D=0x0000000000000000 A=0x715a8
3614500: system.cpu: T0 : 0x19a34    : addi s0, tp, -1808         : IntAlu :  D=0x0000000000072000
3615000: system.cpu: T0 : 0x19a38    : beq a5, s0, 28             : IntAlu : 
3615500: system.cpu: T0 : 0x19a3c    : c_li a3, 1                 : IntAlu :  D=0x0000000000000001
3616500: system.cpu: T0 : 0x19a3e    : lr_w a5, (s8)             
3616500: system.cpu: T0 : 0x19a3e. 0 : lr_w a5, (s8)              : MemRead :  D=0x0000000000000000 A=0x715a0
3617000: system.cpu: T0 : 0x19a42    : c_bnez a5, 8               : IntAlu : 
3617500: system.cpu: T0 : 0x19a44    : sc_w_aq a4, a3, (s8)      
3617500: system.cpu: T0 : 0x19a44. 0 : sc_w a4, a3, (s8)          : MemWrite :  D=0x0000000000000000 A=0x715a0
3618000: system.cpu: T0 : 0x19a44. 1 : 0x1cdc272f fence           : No_OpClass : 
3618500: system.cpu: T0 : 0x19a48    : c_bnez a4, -10             : IntAlu : 
3619000: system.cpu: T0 : 0x19a4a    : c_addiw a5, 0              : IntAlu :  D=0x0000000000000000
3619500: system.cpu: T0 : 0x19a4c    : bne a5, zero, 386          : IntAlu : 
3620000: system.cpu: T0 : 0x19a50    : sd s0, 8(s8)               : MemWrite :  D=0x0000000000072000 A=0x715a8
3620500: system.cpu: T0 : 0x19a54    : lw a4, 4(s8)               : MemRead :  D=0x0000000000000000 A=0x715a4
3621000: system.cpu: T0 : 0x19a58    : ld s0, -1920(gp)           : MemRead :  D=0x000000000006f050 A=0x708f8
3621500: system.cpu: T0 : 0x19a5c    : addiw a3, a4, 1            : IntAlu :  D=0x0000000000000001
3622000: system.cpu: T0 : 0x19a60    : sw a3, 4(s8)               : MemWrite :  D=0x0000000000000001 A=0x715a4
3622500: system.cpu: T0 : 0x19a64    : beq s0, zero, 382          : IntAlu : 
3623000: system.cpu: T0 : 0x19a68    : lui s1, 106                : IntAlu :  D=0x000000000006a000
3623500: system.cpu: T0 : 0x19a6c    : lui s2, 106                : IntAlu :  D=0x000000000006a000
3624000: system.cpu: T0 : 0x19a70    : addi s2, s2, -152          : IntAlu :  D=0x0000000000069f68
3624500: system.cpu: T0 : 0x19a74    : addi s1, s1, 1360          : IntAlu :  D=0x000000000006a550
3625000: system.cpu: T0 : 0x19a78    : c_li s4, 0                 : IntAlu :  D=0x0000000000000000
3625500: system.cpu: T0 : 0x19a7a    : c_lui s11, 8               : IntAlu :  D=0x0000000000008000
3626000: system.cpu: T0 : 0x19a7c    : c_li s6, 1                 : IntAlu :  D=0x0000000000000001
3627000: system.cpu: T0 : 0x19a7e    : sub s1, s1, s2             : IntAlu :  D=0x00000000000005e8
3628000: system.cpu: T0 : 0x19a82    : sd s0, -1456(gp)           : MemWrite :  D=0x000000000006f050 A=0x70ac8
3629000: system.cpu: T0 : 0x19a86    : beq s9, zero, 54           : IntAlu : 
3629500: system.cpu: T0 : 0x19abc    : lw a5, 192(s0)             : MemRead :  D=0x0000000000000000 A=0x6f110
3630000: system.cpu: T0 : 0x19ac0    : bge zero, a5, 150          : IntAlu : 
3630500: system.cpu: T0 : 0x19b56    : c_ld a3, 40(s0)            : MemRead :  D=0x0000000000000000 A=0x6f078
3631000: system.cpu: T0 : 0x19b58    : c_ld a5, 32(s0)            : MemRead :  D=0x0000000000000000 A=0x6f070
3632000: system.cpu: T0 : 0x19b5a    : bgeu a5, a3, -116          : IntAlu : 
3633000: system.cpu: T0 : 0x19ae6    : beq s9, zero, 28           : IntAlu : 
3633500: system.cpu: T0 : 0x19b02    : c_ld s0, 104(s0)           : MemRead :  D=0x000000000006f218 A=0x6f0b8
3634000: system.cpu: T0 : 0x19b04    : sd zero, -1456(gp)         : MemWrite :  D=0x0000000000000000 A=0x70ac8
3634500: system.cpu: T0 : 0x19b08    : c_bnez s0, -134            : IntAlu : 
3635500: system.cpu: T0 : 0x19a82    : sd s0, -1456(gp)           : MemWrite :  D=0x000000000006f218 A=0x70ac8
3636500: system.cpu: T0 : 0x19a86    : beq s9, zero, 54           : IntAlu : 
3637000: system.cpu: T0 : 0x19abc    : lw a5, 192(s0)             : MemRead :  D=0x0000000000000000 A=0x6f2d8
3637500: system.cpu: T0 : 0x19ac0    : bge zero, a5, 150          : IntAlu : 
3638000: system.cpu: T0 : 0x19b56    : c_ld a3, 40(s0)            : MemRead :  D=0x0000000000000000 A=0x6f240
3638500: system.cpu: T0 : 0x19b58    : c_ld a5, 32(s0)            : MemRead :  D=0x0000000000000000 A=0x6f238
3639500: system.cpu: T0 : 0x19b5a    : bgeu a5, a3, -116          : IntAlu : 
3640500: system.cpu: T0 : 0x19ae6    : beq s9, zero, 28           : IntAlu : 
3641000: system.cpu: T0 : 0x19b02    : c_ld s0, 104(s0)           : MemRead :  D=0x000000000006f3e0 A=0x6f280
3641500: system.cpu: T0 : 0x19b04    : sd zero, -1456(gp)         : MemWrite :  D=0x0000000000000000 A=0x70ac8
3642000: system.cpu: T0 : 0x19b08    : c_bnez s0, -134            : IntAlu : 
3643000: system.cpu: T0 : 0x19a82    : sd s0, -1456(gp)           : MemWrite :  D=0x000000000006f3e0 A=0x70ac8
3644000: system.cpu: T0 : 0x19a86    : beq s9, zero, 54           : IntAlu : 
3644500: system.cpu: T0 : 0x19abc    : lw a5, 192(s0)             : MemRead :  D=0x0000000000000000 A=0x6f4a0
3645000: system.cpu: T0 : 0x19ac0    : bge zero, a5, 150          : IntAlu : 
3645500: system.cpu: T0 : 0x19b56    : c_ld a3, 40(s0)            : MemRead :  D=0x0000000000000000 A=0x6f408
3646000: system.cpu: T0 : 0x19b58    : c_ld a5, 32(s0)            : MemRead :  D=0x0000000000000000 A=0x6f400
3647000: system.cpu: T0 : 0x19b5a    : bgeu a5, a3, -116          : IntAlu : 
3648000: system.cpu: T0 : 0x19ae6    : beq s9, zero, 28           : IntAlu : 
3648500: system.cpu: T0 : 0x19b02    : c_ld s0, 104(s0)           : MemRead :  D=0x0000000000000000 A=0x6f448
3649000: system.cpu: T0 : 0x19b04    : sd zero, -1456(gp)         : MemWrite :  D=0x0000000000000000 A=0x70ac8
3649500: system.cpu: T0 : 0x19b08    : c_bnez s0, -134            : IntAlu : 
3650500: system.cpu: T0 : 0x19b0a    : lw a5, 4(s8)               : MemRead :  D=0x0000000000000001 A=0x715a4
3651500: system.cpu: T0 : 0x19b0e    : addiw a4, a5, -1           : IntAlu :  D=0x0000000000000000
3652500: system.cpu: T0 : 0x19b12    : sw a4, 4(s8)               : MemWrite :  D=0x0000000000000000 A=0x715a4
3653000: system.cpu: T0 : 0x19b16    : c_beqz a4, 128             : IntAlu : 
3654000: system.cpu: T0 : 0x19b96    : sd zero, 8(s8)             : MemWrite :  D=0x0000000000000000 A=0x715a8
3654500: system.cpu: T0 : 0x19b9a    : c_mv a5, a4                : IntAlu :  D=0x0000000000000000
3655000: system.cpu: T0 : 0x19b9c    : fence iorw, ow             : No_OpClass : 
3655500: system.cpu: T0 : 0x19ba0    : amoswap_w a5, a5, (s8)    
3655500: system.cpu: T0 : 0x19ba0. 0 : amoswap_w[l] a5, a5, (s8)  : MemRead :  D=0x0000000000000001 A=0x715a0
3656000: system.cpu: T0 : 0x19ba4    : c_addiw a5, 0              : IntAlu :  D=0x0000000000000001
3656500: system.cpu: T0 : 0x19ba6    : c_li a4, 1                 : IntAlu :  D=0x0000000000000001
3657000: system.cpu: T0 : 0x19ba8    : bge a4, a5, -144           : IntAlu : 
3657500: system.cpu: T0 : 0x19b18    : beq s3, zero, 16           : IntAlu : 
3658000: system.cpu: T0 : 0x19b28    : c_ldsp a4, 56(sp)          : MemRead :  D=0x6f442f2e2e000000 A=0x7ffffffffffffc38
3659000: system.cpu: T0 : 0x19b2a    : ld a5, -1264(s5)           : MemRead :  D=0x6f442f2e2e000000 A=0x6eb10
3660000: system.cpu: T0 : 0x19b2e    : bne a4, a5, 184            : IntAlu : 
3660500: system.cpu: T0 : 0x19b32    : c_ldsp ra, 168(sp)         : MemRead :  D=0x0000000000019c1a A=0x7ffffffffffffca8
3661000: system.cpu: T0 : 0x19b34    : c_ldsp s0, 160(sp)         : MemRead :  D=0x000000000006a558 A=0x7ffffffffffffca0
3661500: system.cpu: T0 : 0x19b36    : c_ldsp s1, 152(sp)         : MemRead :  D=0x000000000006a558 A=0x7ffffffffffffc98
3662000: system.cpu: T0 : 0x19b38    : c_ldsp s2, 144(sp)         : MemRead :  D=0x0000000000000004 A=0x7ffffffffffffc90
3662500: system.cpu: T0 : 0x19b3a    : c_ldsp s3, 136(sp)         : MemRead :  D=0x0000000000000000 A=0x7ffffffffffffc88
3663000: system.cpu: T0 : 0x19b3c    : c_ldsp s5, 120(sp)         : MemRead :  D=0x0000000000000003 A=0x7ffffffffffffc78
3663500: system.cpu: T0 : 0x19b3e    : c_ldsp s6, 112(sp)         : MemRead :  D=0x000000000006f000 A=0x7ffffffffffffc70
3664000: system.cpu: T0 : 0x19b40    : c_ldsp s7, 104(sp)         : MemRead :  D=0x00000000000708e8 A=0x7ffffffffffffc68
3664500: system.cpu: T0 : 0x19b42    : c_ldsp s8, 96(sp)          : MemRead :  D=0x0000000000000001 A=0x7ffffffffffffc60
3665000: system.cpu: T0 : 0x19b44    : c_ldsp s9, 88(sp)          : MemRead :  D=0x0000000000072000 A=0x7ffffffffffffc58
3665500: system.cpu: T0 : 0x19b46    : c_ldsp s10, 80(sp)         : MemRead :  D=0x0000000000000000 A=0x7ffffffffffffc50
3666000: system.cpu: T0 : 0x19b48    : c_ldsp s11, 72(sp)         : MemRead :  D=0x0000000000072000 A=0x7ffffffffffffc48
3666500: system.cpu: T0 : 0x19b4a    : c_mv a0, s4                : IntAlu :  D=0x0000000000000000
3667000: system.cpu: T0 : 0x19b4c    : c_ldsp s4, 128(sp)         : MemRead :  D=0x0000000000000000 A=0x7ffffffffffffc80
3667500: system.cpu: T0 : 0x19b4e    : c_addi16sp sp, 176         : IntAlu :  D=0x7ffffffffffffcb0
3668000: system.cpu: T0 : 0x19b50    : c_jr ra                    : IntAlu : 
3668500: system.cpu: T0 : 0x19c1a    : c_mv s5, a0                : IntAlu :  D=0x0000000000000000
3669000: system.cpu: T0 : 0x19c1c    : beq s3, zero, 482          : IntAlu : 
3669500: system.cpu: T0 : 0x19dfe    : c_lui a5, 25               : IntAlu :  D=0x0000000000019000
3670000: system.cpu: T0 : 0x19e00    : addi a5, a5, -960          : IntAlu :  D=0x0000000000018c40
3670500: system.cpu: T0 : 0x19e04    : c_sdsp a5, 24(sp)          : MemWrite :  D=0x0000000000018c40 A=0x7ffffffffffffcc8
3671000: system.cpu: T0 : 0x19e06    : c_sdsp zero, 32(sp)        : MemWrite :  D=0x0000000000000000 A=0x7ffffffffffffcd0
3671500: system.cpu: T0 : 0x19e08    : c_j -470                   : IntAlu : 
3672500: system.cpu: T0 : 0x19c32    : addi s1, gp, 1320          : IntAlu :  D=0x00000000000715a0
3673000: system.cpu: T0 : 0x19c36    : c_ld a5, 8(s1)             : MemRead :  D=0x0000000000000000 A=0x715a8
3673500: system.cpu: T0 : 0x19c38    : addi s0, tp, -1808         : IntAlu :  D=0x0000000000072000
3674000: system.cpu: T0 : 0x19c3c    : beq s0, a5, 26             : IntAlu : 
3674500: system.cpu: T0 : 0x19c40    : c_li a4, 1                 : IntAlu :  D=0x0000000000000001
3675500: system.cpu: T0 : 0x19c42    : lr_w a5, (s1)             
3675500: system.cpu: T0 : 0x19c42. 0 : lr_w a5, (s1)              : MemRead :  D=0x0000000000000000 A=0x715a0
3676000: system.cpu: T0 : 0x19c46    : c_bnez a5, 8               : IntAlu : 
3676500: system.cpu: T0 : 0x19c48    : sc_w_aq a3, a4, (s1)      
3676500: system.cpu: T0 : 0x19c48. 0 : sc_w a3, a4, (s1)          : MemWrite :  D=0x0000000000000000 A=0x715a0
3677000: system.cpu: T0 : 0x19c48. 1 : 0x1ce4a6af fence           : No_OpClass : 
3677500: system.cpu: T0 : 0x19c4c    : c_bnez a3, -10             : IntAlu : 
3678000: system.cpu: T0 : 0x19c4e    : c_addiw a5, 0              : IntAlu :  D=0x0000000000000000
3678500: system.cpu: T0 : 0x19c50    : bne a5, zero, 442          : IntAlu : 
3679000: system.cpu: T0 : 0x19c54    : c_sd s0, 8(s1)             : MemWrite :  D=0x0000000000072000 A=0x715a8
3679500: system.cpu: T0 : 0x19c56    : c_lw a3, 4(s1)             : MemRead :  D=0x0000000000000000 A=0x715a4
3680000: system.cpu: T0 : 0x19c58    : ld s0, -1920(gp)           : MemRead :  D=0x000000000006f050 A=0x708f8
3680500: system.cpu: T0 : 0x19c5c    : addiw a4, a3, 1            : IntAlu :  D=0x0000000000000001
3681000: system.cpu: T0 : 0x19c60    : c_sw a4, 4(s1)             : MemWrite :  D=0x0000000000000001 A=0x715a4
3681500: system.cpu: T0 : 0x19c62    : c_beqz s0, 202             : IntAlu : 
3682000: system.cpu: T0 : 0x19c64    : lui s2, 106                : IntAlu :  D=0x000000000006a000
3682500: system.cpu: T0 : 0x19c68    : lui s4, 106                : IntAlu :  D=0x000000000006a000
3683000: system.cpu: T0 : 0x19c6c    : addi s4, s4, -152          : IntAlu :  D=0x0000000000069f68
3683500: system.cpu: T0 : 0x19c70    : addi s2, s2, 1360          : IntAlu :  D=0x000000000006a550
3684000: system.cpu: T0 : 0x19c74    : sub s2, s2, s4             : IntAlu :  D=0x00000000000005e8
3684500: system.cpu: T0 : 0x19c78    : c_li s9, 2                 : IntAlu :  D=0x0000000000000002
3685000: system.cpu: T0 : 0x19c7a    : c_j 12                     : IntAlu : 
3685500: system.cpu: T0 : 0x19c86    : c_lw a5, 0(s0)             : MemRead :  D=0xfffffffffbad2086 A=0x6f050
3686000: system.cpu: T0 : 0x19c88    : c_andi a5, 2               : IntAlu :  D=0x0000000000000002
3687000: system.cpu: T0 : 0x19c8a    : addiw s8, a5, 0            : IntAlu :  D=0x0000000000000002
3687500: system.cpu: T0 : 0x19c8e    : c_bnez a5, -18             : IntAlu : 
3688000: system.cpu: T0 : 0x19c7c    : c_li a5, -1                : IntAlu :  D=0xffffffffffffffff
3689000: system.cpu: T0 : 0x19c7e    : sw a5, 192(s0)             : MemWrite :  D=0x00000000ffffffff A=0x6f110
3689500: system.cpu: T0 : 0x19c82    : c_ld s0, 104(s0)           : MemRead :  D=0x000000000006f218 A=0x6f0b8
3690000: system.cpu: T0 : 0x19c84    : c_beqz s0, 162             : IntAlu : 
3690500: system.cpu: T0 : 0x19c86    : c_lw a5, 0(s0)             : MemRead :  D=0xfffffffffbad2084 A=0x6f218
3691000: system.cpu: T0 : 0x19c88    : c_andi a5, 2               : IntAlu :  D=0x0000000000000000
3692000: system.cpu: T0 : 0x19c8a    : addiw s8, a5, 0            : IntAlu :  D=0x0000000000000000
3692500: system.cpu: T0 : 0x19c8e    : c_bnez a5, -18             : IntAlu : 
3693000: system.cpu: T0 : 0x19c90    : lw a5, 192(s0)             : MemRead :  D=0x0000000000000000 A=0x6f2d8
3693500: system.cpu: T0 : 0x19c94    : c_beqz a5, -24             : IntAlu : 
3694000: system.cpu: T0 : 0x19c7c    : c_li a5, -1                : IntAlu :  D=0xffffffffffffffff
3695000: system.cpu: T0 : 0x19c7e    : sw a5, 192(s0)             : MemWrite :  D=0x00000000ffffffff A=0x6f2d8
3695500: system.cpu: T0 : 0x19c82    : c_ld s0, 104(s0)           : MemRead :  D=0x000000000006f3e0 A=0x6f280
3696000: system.cpu: T0 : 0x19c84    : c_beqz s0, 162             : IntAlu : 
3696500: system.cpu: T0 : 0x19c86    : c_lw a5, 0(s0)             : MemRead :  D=0xfffffffffbad2088 A=0x6f3e0
3697000: system.cpu: T0 : 0x19c88    : c_andi a5, 2               : IntAlu :  D=0x0000000000000000
3698000: system.cpu: T0 : 0x19c8a    : addiw s8, a5, 0            : IntAlu :  D=0x0000000000000000
3698500: system.cpu: T0 : 0x19c8e    : c_bnez a5, -18             : IntAlu : 
3699000: system.cpu: T0 : 0x19c90    : lw a5, 192(s0)             : MemRead :  D=0x0000000000000000 A=0x6f4a0
3699500: system.cpu: T0 : 0x19c94    : c_beqz a5, -24             : IntAlu : 
3700000: system.cpu: T0 : 0x19c7c    : c_li a5, -1                : IntAlu :  D=0xffffffffffffffff
3701000: system.cpu: T0 : 0x19c7e    : sw a5, 192(s0)             : MemWrite :  D=0x00000000ffffffff A=0x6f4a0
3701500: system.cpu: T0 : 0x19c82    : c_ld s0, 104(s0)           : MemRead :  D=0x0000000000000000 A=0x6f448
3702000: system.cpu: T0 : 0x19c84    : c_beqz s0, 162             : IntAlu : 
3702500: system.cpu: T0 : 0x19d26    : c_lw a5, 4(s1)             : MemRead :  D=0x0000000000000001 A=0x715a4
3703000: system.cpu: T0 : 0x19d28    : addiw a3, a5, -1           : IntAlu :  D=0x0000000000000000
3703500: system.cpu: T0 : 0x19d2c    : c_sw a3, 4(s1)             : MemWrite :  D=0x0000000000000000 A=0x715a4
3704000: system.cpu: T0 : 0x19d2e    : c_beqz a3, 126             : IntAlu : 
3704500: system.cpu: T0 : 0x19dac    : sd zero, 8(s1)             : MemWrite :  D=0x0000000000000000 A=0x715a8
3705000: system.cpu: T0 : 0x19db0    : c_mv a5, a3                : IntAlu :  D=0x0000000000000000
3706000: system.cpu: T0 : 0x19db2    : fence iorw, ow             : No_OpClass : 
3707000: system.cpu: T0 : 0x19db6    : amoswap_w a5, a5, (s1)    
3707000: system.cpu: T0 : 0x19db6. 0 : amoswap_w[l] a5, a5, (s1)  : MemRead :  D=0x0000000000000001 A=0x715a0
3707500: system.cpu: T0 : 0x19dba    : c_addiw a5, 0              : IntAlu :  D=0x0000000000000001
3708000: system.cpu: T0 : 0x19dbc    : c_li a4, 1                 : IntAlu :  D=0x0000000000000001
3709000: system.cpu: T0 : 0x19dbe    : bge a4, a5, -142           : IntAlu : 
3709500: system.cpu: T0 : 0x19d30    : beq s3, zero, 16           : IntAlu : 
3710000: system.cpu: T0 : 0x19d40    : c_ldsp a4, 56(sp)          : MemRead :  D=0x6f442f2e2e000000 A=0x7ffffffffffffce8
3711000: system.cpu: T0 : 0x19d42    : ld a5, -1264(s6)           : MemRead :  D=0x6f442f2e2e000000 A=0x6eb10
3712000: system.cpu: T0 : 0x19d46    : bne a4, a5, 216            : IntAlu : 
3712500: system.cpu: T0 : 0x19d4a    : c_ldsp ra, 168(sp)         : MemRead :  D=0x0000000000014cc4 A=0x7ffffffffffffd58
3713000: system.cpu: T0 : 0x19d4c    : c_ldsp s0, 160(sp)         : MemRead :  D=0x000000000006a558 A=0x7ffffffffffffd50
3713500: system.cpu: T0 : 0x19d4e    : c_ldsp s1, 152(sp)         : MemRead :  D=0x000000000006a558 A=0x7ffffffffffffd48
3714000: system.cpu: T0 : 0x19d50    : c_ldsp s2, 144(sp)         : MemRead :  D=0x0000000000000004 A=0x7ffffffffffffd40
3714500: system.cpu: T0 : 0x19d52    : c_ldsp s3, 136(sp)         : MemRead :  D=0x0000000000000001 A=0x7ffffffffffffd38
3715000: system.cpu: T0 : 0x19d54    : c_ldsp s4, 128(sp)         : MemRead :  D=0x0000000000000000 A=0x7ffffffffffffd30
3715500: system.cpu: T0 : 0x19d56    : c_ldsp s6, 112(sp)         : MemRead :  D=0x0000000000000000 A=0x7ffffffffffffd20
3716000: system.cpu: T0 : 0x19d58    : c_ldsp s7, 104(sp)         : MemRead :  D=0x00000000000708e8 A=0x7ffffffffffffd18
3716500: system.cpu: T0 : 0x19d5a    : c_ldsp s8, 96(sp)          : MemRead :  D=0x0000000000000001 A=0x7ffffffffffffd10
3717000: system.cpu: T0 : 0x19d5c    : c_ldsp s9, 88(sp)          : MemRead :  D=0x0000000000072000 A=0x7ffffffffffffd08
3717500: system.cpu: T0 : 0x19d5e    : c_ldsp s10, 80(sp)         : MemRead :  D=0x0000000000000000 A=0x7ffffffffffffd00
3718000: system.cpu: T0 : 0x19d60    : c_ldsp s11, 72(sp)         : MemRead :  D=0x0000000000072000 A=0x7ffffffffffffcf8
3718500: system.cpu: T0 : 0x19d62    : c_mv a0, s5                : IntAlu :  D=0x0000000000000000
3719000: system.cpu: T0 : 0x19d64    : c_ldsp s5, 120(sp)         : MemRead :  D=0x0000000000000003 A=0x7ffffffffffffd28
3719500: system.cpu: T0 : 0x19d66    : c_addi16sp sp, 176         : IntAlu :  D=0x7ffffffffffffd60
3720000: system.cpu: T0 : 0x19d68    : c_jr ra                    : IntAlu : 
3720500: system.cpu: T0 : 0x14cc4    : bne s1, s0, -6             : IntAlu : 
3721000: system.cpu: T0 : 0x14cc8    : c_mv a0, s6                : IntAlu :  D=0x0000000000000000
3722000: system.cpu: T0 : 0x14cca    : jal ra, 48000              : IntAlu :  D=0x0000000000014cce
3722500: system.cpu: T0 : 0x2084a    : c_mv a4, a0                : IntAlu :  D=0x0000000000000000
3723000: system.cpu: T0 : 0x2084c    : addi a7, zero, 94          : IntAlu :  D=0x000000000000005e
3723500: system.cpu: T0 : 0x20850    : ecall                      : No_OpClass : 
