      0: system.cpu: T0 : 0x10348    : jal ra, 46                 : IntAlu :  D=0x000000000001034c
   1000: system.cpu: T0 : 0x10376    : auipc gp, 97               : IntAlu :  D=0x0000000000071376
   2000: system.cpu: T0 : 0x1037a    : addi gp, gp, -846          : IntAlu :  D=0x0000000000071028
   2500: system.cpu: T0 : 0x1037e    : c_jr ra                    : IntAlu : 
   3000: system.cpu: T0 : 0x1034c    : c_mv a5, a0                : IntAlu :  D=0x0000000000000000
   4000: system.cpu: T0 : 0x1034e    : auipc a0, 0                : IntAlu :  D=0x000000000001034e
   5000: system.cpu: T0 : 0x10352    : addi a0, a0, 226           : IntAlu :  D=0x0000000000010430
   5500: system.cpu: T0 : 0x10356    : c_ldsp a1, 0(sp)           : MemRead :  D=0x0000000000000001 A=0x7fffffffffffff40
   6000: system.cpu: T0 : 0x10358    : c_addi4spn a2, sp, 8       : IntAlu :  D=0x7fffffffffffff48
   7000: system.cpu: T0 : 0x1035a    : andi sp, sp, 18446744073709551600 : IntAlu :  D=0x7fffffffffffff40
   8000: system.cpu: T0 : 0x1035e    : auipc a3, 0                : IntAlu :  D=0x000000000001035e
   9000: system.cpu: T0 : 0x10362    : addi a3, a3, 1502          : IntAlu :  D=0x000000000001093c
  10000: system.cpu: T0 : 0x10366    : auipc a4, 0                : IntAlu :  D=0x0000000000010366
  11000: system.cpu: T0 : 0x1036a    : addi a4, a4, 1638          : IntAlu :  D=0x00000000000109cc
  11500: system.cpu: T0 : 0x1036e    : c_mv a6, sp                : IntAlu :  D=0x7fffffffffffff40
  12000: system.cpu: T0 : 0x10370    : jal ra, 256                : IntAlu :  D=0x0000000000010374
  12500: system.cpu: T0 : 0x10470    : c_addi16sp sp, -320        : IntAlu :  D=0x7ffffffffffffe00
  13000: system.cpu: T0 : 0x10472    : c_sdsp s0, 304(sp)         : MemWrite :  D=0x0000000000000000 A=0x7fffffffffffff30
  13500: system.cpu: T0 : 0x10474    : c_sdsp s1, 296(sp)         : MemWrite :  D=0x0000000000000000 A=0x7fffffffffffff28
  14000: system.cpu: T0 : 0x10476    : c_sdsp s2, 288(sp)         : MemWrite :  D=0x0000000000000000 A=0x7fffffffffffff20
  14500: system.cpu: T0 : 0x10478    : c_sdsp a2, 16(sp)          : MemWrite :  D=0x7fffffffffffff48 A=0x7ffffffffffffe10
  15000: system.cpu: T0 : 0x1047a    : c_sdsp ra, 312(sp)         : MemWrite :  D=0x0000000000010374 A=0x7fffffffffffff38
  15500: system.cpu: T0 : 0x1047c    : addi t1, zero, 0           : IntAlu :  D=0x0000000000000000
  16000: system.cpu: T0 : 0x10480    : c_sdsp a0, 24(sp)          : MemWrite :  D=0x0000000000010430 A=0x7ffffffffffffe18
  16500: system.cpu: T0 : 0x10482    : c_sdsp a1, 8(sp)           : MemWrite :  D=0x0000000000000001 A=0x7ffffffffffffe08
  17000: system.cpu: T0 : 0x10484    : c_mv s0, a3                : IntAlu :  D=0x000000000001093c
  17500: system.cpu: T0 : 0x10486    : c_mv s1, a4                : IntAlu :  D=0x00000000000109cc
  18000: system.cpu: T0 : 0x10488    : c_mv s2, a5                : IntAlu :  D=0x0000000000000000
  18500: system.cpu: T0 : 0x1048a    : c_li a2, 0                 : IntAlu :  D=0x0000000000000000
  19000: system.cpu: T0 : 0x1048c    : beq t1, zero, 12           : IntAlu : 
  19500: system.cpu: T0 : 0x10498    : c_ldsp a5, 8(sp)           : MemRead :  D=0x0000000000000001 A=0x7ffffffffffffe08
  20500: system.cpu: T0 : 0x1049a    : addi a0, a5, 1             : IntAlu :  D=0x0000000000000002
  21000: system.cpu: T0 : 0x1049e    : c_ldsp a5, 16(sp)          : MemRead :  D=0x7fffffffffffff48 A=0x7ffffffffffffe10
  21500: system.cpu: T0 : 0x104a0    : c_slli a0, 3               : IntAlu :  D=0x0000000000000010
  22000: system.cpu: T0 : 0x104a2    : c_add a0, a5               : IntAlu :  D=0x7fffffffffffff58
  22500: system.cpu: T0 : 0x104a4    : sw a2, -1728(gp)           : MemWrite :  D=0x0000000000000000 A=0x70968
  23000: system.cpu: T0 : 0x104a8    : sd a0, -1360(gp)           : MemWrite :  D=0x7fffffffffffff58 A=0x70ad8
  23500: system.cpu: T0 : 0x104ac    : lui a5, 111                : IntAlu :  D=0x000000000006f000
  24000: system.cpu: T0 : 0x104b0    : sd a6, -80(a5)             : MemWrite :  D=0x7fffffffffffff40 A=0x6efb0
  24500: system.cpu: T0 : 0x104b4    : c_ld a2, 0(a0)             : MemRead :  D=0x0000000000000000 A=0x7fffffffffffff58
  25000: system.cpu: T0 : 0x104b6    : c_addi a0, 8               : IntAlu :  D=0x7fffffffffffff60
  25500: system.cpu: T0 : 0x104b8    : c_bnez a2, -4              : IntAlu : 
  26500: system.cpu: T0 : 0x104ba    : jal ra, 72962              : IntAlu :  D=0x00000000000104be
  27000: system.cpu: T0 : 0x221bc    : c_ld a5, 0(a0)             : MemRead :  D=0x0000000000000009 A=0x7fffffffffffff60
  28000: system.cpu: T0 : 0x221be    : lui a4, 114                : IntAlu :  D=0x0000000000072000
  29000: system.cpu: T0 : 0x221c2    : sd a0, -504(a4)            : MemWrite :  D=0x7fffffffffffff60 A=0x71e08
  30000: system.cpu: T0 : 0x221c6    : beq a5, zero, 618          : IntAlu : 
  30500: system.cpu: T0 : 0x221ca    : c_addi16sp sp, -224        : IntAlu :  D=0x7ffffffffffffd20
  31000: system.cpu: T0 : 0x221cc    : c_sdsp s1, 208(sp)         : MemWrite :  D=0x00000000000109cc A=0x7ffffffffffffdf0
  32000: system.cpu: T0 : 0x221ce    : lui s1, 114                : IntAlu :  D=0x0000000000072000
  33000: system.cpu: T0 : 0x221d2    : ld a4, -432(s1)            : MemRead :  D=0x0000000000000000 A=0x71e50
  33500: system.cpu: T0 : 0x221d6    : c_sdsp s3, 192(sp)         : MemWrite :  D=0x0000000000000000 A=0x7ffffffffffffde0
  34000: system.cpu: T0 : 0x221d8    : c_sdsp a4, 64(sp)          : MemWrite :  D=0x0000000000000000 A=0x7ffffffffffffd60
  35000: system.cpu: T0 : 0x221da    : ld a4, -1336(gp)           : MemRead :  D=0x0000000000000000 A=0x70af0
  36000: system.cpu: T0 : 0x221de    : lui a6, 111                : IntAlu :  D=0x000000000006f000
  37000: system.cpu: T0 : 0x221e2    : addi a6, a6, -128          : IntAlu :  D=0x000000000006ef80
  37500: system.cpu: T0 : 0x221e6    : c_sdsp a4, 32(sp)          : MemWrite :  D=0x0000000000000000 A=0x7ffffffffffffd40
  38000: system.cpu: T0 : 0x221e8    : ld a4, 0(a6)               : MemRead :  D=0x0000000000000000 A=0x6ef80
  38500: system.cpu: T0 : 0x221ec    : lui t3, 111                : IntAlu :  D=0x000000000006f000
  39000: system.cpu: T0 : 0x221f0    : lui t1, 114                : IntAlu :  D=0x0000000000072000
  39500: system.cpu: T0 : 0x221f4    : c_sdsp a4, 104(sp)         : MemWrite :  D=0x0000000000000000 A=0x7ffffffffffffd88
  40500: system.cpu: T0 : 0x221f6    : lw a4, -72(t3)             : MemRead :  D=0x0000000000000001 A=0x6efb8
  41000: system.cpu: T0 : 0x221fa    : c_sdsp s2, 200(sp)         : MemWrite :  D=0x0000000000000000 A=0x7ffffffffffffde8
  41500: system.cpu: T0 : 0x221fc    : c_sdsp a4, 80(sp)          : MemWrite :  D=0x0000000000000001 A=0x7ffffffffffffd70
  42500: system.cpu: T0 : 0x221fe    : lw a4, -360(t1)            : MemRead :  D=0x0000000000000000 A=0x71e98
  43000: system.cpu: T0 : 0x22202    : c_sdsp s4, 184(sp)         : MemWrite :  D=0x0000000000000000 A=0x7ffffffffffffdd8
  43500: system.cpu: T0 : 0x22204    : c_sdsp a4, 96(sp)          : MemWrite :  D=0x0000000000000000 A=0x7ffffffffffffd80
  44500: system.cpu: T0 : 0x22206    : lw a4, -1344(gp)           : MemRead :  D=0x0000000000000000 A=0x70ae8
  45000: system.cpu: T0 : 0x2220a    : c_sdsp s0, 216(sp)         : MemWrite :  D=0x000000000001093c A=0x7ffffffffffffdf8
  45500: system.cpu: T0 : 0x2220c    : lui s0, 114                : IntAlu :  D=0x0000000000072000
  46000: system.cpu: T0 : 0x22210    : c_sdsp a4, 48(sp)          : MemWrite :  D=0x0000000000000000 A=0x7ffffffffffffd50
  47000: system.cpu: T0 : 0x22212    : ld a4, -1328(gp)           : MemRead :  D=0x0000000000000000 A=0x70af8
  48000: system.cpu: T0 : 0x22216    : lui t6, 114                : IntAlu :  D=0x0000000000072000
  48500: system.cpu: T0 : 0x2221a    : c_sdsp a4, 24(sp)          : MemWrite :  D=0x0000000000000000 A=0x7ffffffffffffd38
  49000: system.cpu: T0 : 0x2221c    : ld a4, -496(s0)            : MemRead :  D=0x0000000000000000 A=0x71e10
  49500: system.cpu: T0 : 0x22220    : lui t2, 114                : IntAlu :  D=0x0000000000072000
  50000: system.cpu: T0 : 0x22224    : lui t0, 114                : IntAlu :  D=0x0000000000072000
  50500: system.cpu: T0 : 0x22228    : c_sdsp a4, 8(sp)           : MemWrite :  D=0x0000000000000000 A=0x7ffffffffffffd28
  51500: system.cpu: T0 : 0x2222a    : ld a4, -1784(gp)           : MemRead :  D=0x0000000000001000 A=0x70930
  52500: system.cpu: T0 : 0x2222e    : lui a3, 80                 : IntAlu :  D=0x0000000000050000
  53000: system.cpu: T0 : 0x22232    : c_sdsp s5, 176(sp)         : MemWrite :  D=0x0000000000000000 A=0x7ffffffffffffdd0
  53500: system.cpu: T0 : 0x22234    : c_sdsp s6, 168(sp)         : MemWrite :  D=0x0000000000000000 A=0x7ffffffffffffdc8
  54000: system.cpu: T0 : 0x22236    : c_sdsp s7, 160(sp)         : MemWrite :  D=0x0000000000000000 A=0x7ffffffffffffdc0
  54500: system.cpu: T0 : 0x22238    : c_sdsp s8, 152(sp)         : MemWrite :  D=0x0000000000000000 A=0x7ffffffffffffdb8
  55000: system.cpu: T0 : 0x2223a    : c_sdsp s10, 136(sp)        : MemWrite :  D=0x0000000000000000 A=0x7ffffffffffffda8
  55500: system.cpu: T0 : 0x2223c    : c_sdsp s11, 128(sp)        : MemWrite :  D=0x0000000000000000 A=0x7ffffffffffffda0
  56000: system.cpu: T0 : 0x2223e    : c_sdsp a4, 120(sp)         : MemWrite :  D=0x0000000000001000 A=0x7ffffffffffffd98
  56500: system.cpu: T0 : 0x22240    : lw s7, -440(t6)            : MemRead :  D=0x0000000000000000 A=0x71e48
  57000: system.cpu: T0 : 0x22244    : ld s11, -408(t2)           : MemRead :  D=0x0000000000000000 A=0x71e68
  57500: system.cpu: T0 : 0x22248    : c_sdsp s9, 144(sp)         : MemWrite :  D=0x0000000000000000 A=0x7ffffffffffffdb0
  58000: system.cpu: T0 : 0x2224a    : c_li s10, 0                : IntAlu :  D=0x0000000000000000
  58500: system.cpu: T0 : 0x2224c    : ld s9, -464(t0)            : MemRead :  D=0x0000000000000000 A=0x71e30
  59000: system.cpu: T0 : 0x22250    : c_li s8, 0                 : IntAlu :  D=0x0000000000000000
  59500: system.cpu: T0 : 0x22252    : c_sdsp zero, 112(sp)       : MemWrite :  D=0x0000000000000000 A=0x7ffffffffffffd90
  60000: system.cpu: T0 : 0x22254    : c_sdsp zero, 88(sp)        : MemWrite :  D=0x0000000000000000 A=0x7ffffffffffffd78
  60500: system.cpu: T0 : 0x22256    : c_sdsp zero, 72(sp)        : MemWrite :  D=0x0000000000000000 A=0x7ffffffffffffd68
  61000: system.cpu: T0 : 0x22258    : c_sdsp zero, 56(sp)        : MemWrite :  D=0x0000000000000000 A=0x7ffffffffffffd58
  61500: system.cpu: T0 : 0x2225a    : c_sdsp zero, 40(sp)        : MemWrite :  D=0x0000000000000000 A=0x7ffffffffffffd48
  62000: system.cpu: T0 : 0x2225c    : c_sdsp zero, 16(sp)        : MemWrite :  D=0x0000000000000000 A=0x7ffffffffffffd30
  62500: system.cpu: T0 : 0x2225e    : c_li s6, 0                 : IntAlu :  D=0x0000000000000000
  63000: system.cpu: T0 : 0x22260    : c_li s5, 0                 : IntAlu :  D=0x0000000000000000
  63500: system.cpu: T0 : 0x22262    : c_li t5, 0                 : IntAlu :  D=0x0000000000000000
  64000: system.cpu: T0 : 0x22264    : c_li a7, 0                 : IntAlu :  D=0x0000000000000000
  64500: system.cpu: T0 : 0x22266    : c_li a1, 0                 : IntAlu :  D=0x0000000000000000
  65000: system.cpu: T0 : 0x22268    : c_li a2, 0                 : IntAlu :  D=0x0000000000000000
  65500: system.cpu: T0 : 0x2226a    : c_li a4, 30                : IntAlu :  D=0x000000000000001e
  66000: system.cpu: T0 : 0x2226c    : addi a3, a3, -1296         : IntAlu :  D=0x000000000004faf0
  66500: system.cpu: T0 : 0x22270    : c_addi a5, -3              : IntAlu :  D=0x0000000000000006
  67500: system.cpu: T0 : 0x22272    : bltu a4, a5, 20            : IntAlu : 
  68000: system.cpu: T0 : 0x22276    : c_slli a5, 2               : IntAlu :  D=0x0000000000000018
  68500: system.cpu: T0 : 0x22278    : c_add a5, a3               : IntAlu :  D=0x000000000004fb08
  69000: system.cpu: T0 : 0x2227a    : c_lw a5, 0(a5)             : MemRead :  D=0x0000000000022286 A=0x4fb08
  69500: system.cpu: T0 : 0x2227c    : c_jr a5                    : IntAlu : 
  70000: system.cpu: T0 : 0x22286    : c_ld a5, 16(a0)            : MemRead :  D=0x0000000000000005 A=0x7fffffffffffff70
  70500: system.cpu: T0 : 0x22288    : c_addi a0, 16              : IntAlu :  D=0x7fffffffffffff70
  71000: system.cpu: T0 : 0x2228a    : c_bnez a5, -26             : IntAlu : 
  71500: system.cpu: T0 : 0x22270    : c_addi a5, -3              : IntAlu :  D=0x0000000000000002
  72500: system.cpu: T0 : 0x22272    : bltu a4, a5, 20            : IntAlu : 
  73000: system.cpu: T0 : 0x22276    : c_slli a5, 2               : IntAlu :  D=0x0000000000000008
  73500: system.cpu: T0 : 0x22278    : c_add a5, a3               : IntAlu :  D=0x000000000004faf8
  74000: system.cpu: T0 : 0x2227a    : c_lw a5, 0(a5)             : MemRead :  D=0x0000000000022404 A=0x4faf8
  74500: system.cpu: T0 : 0x2227c    : c_jr a5                    : IntAlu : 
  75000: system.cpu: T0 : 0x22404    : c_ld a5, 16(a0)            : MemRead :  D=0x0000000000000004 A=0x7fffffffffffff80
  76000: system.cpu: T0 : 0x22406    : ld s11, 8(a0)              : MemRead :  D=0x0000000000000006 A=0x7fffffffffffff78
  76500: system.cpu: T0 : 0x2240a    : c_li s8, 1                 : IntAlu :  D=0x0000000000000001
  77000: system.cpu: T0 : 0x2240c    : c_addi a0, 16              : IntAlu :  D=0x7fffffffffffff80
  78000: system.cpu: T0 : 0x2240e    : bne a5, zero, -414         : IntAlu : 
  78500: system.cpu: T0 : 0x22270    : c_addi a5, -3              : IntAlu :  D=0x0000000000000001
  79500: system.cpu: T0 : 0x22272    : bltu a4, a5, 20            : IntAlu : 
  80000: system.cpu: T0 : 0x22276    : c_slli a5, 2               : IntAlu :  D=0x0000000000000004
  80500: system.cpu: T0 : 0x22278    : c_add a5, a3               : IntAlu :  D=0x000000000004faf4
  81000: system.cpu: T0 : 0x2227a    : c_lw a5, 0(a5)             : MemRead :  D=0x0000000000022286 A=0x4faf4
  81500: system.cpu: T0 : 0x2227c    : c_jr a5                    : IntAlu : 
  82000: system.cpu: T0 : 0x22286    : c_ld a5, 16(a0)            : MemRead :  D=0x0000000000000003 A=0x7fffffffffffff90
  82500: system.cpu: T0 : 0x22288    : c_addi a0, 16              : IntAlu :  D=0x7fffffffffffff90
  83000: system.cpu: T0 : 0x2228a    : c_bnez a5, -26             : IntAlu : 
  83500: system.cpu: T0 : 0x22270    : c_addi a5, -3              : IntAlu :  D=0x0000000000000000
  84500: system.cpu: T0 : 0x22272    : bltu a4, a5, 20            : IntAlu : 
  85000: system.cpu: T0 : 0x22276    : c_slli a5, 2               : IntAlu :  D=0x0000000000000000
  85500: system.cpu: T0 : 0x22278    : c_add a5, a3               : IntAlu :  D=0x000000000004faf0
  86000: system.cpu: T0 : 0x2227a    : c_lw a5, 0(a5)             : MemRead :  D=0x0000000000022414 A=0x4faf0
  86500: system.cpu: T0 : 0x2227c    : c_jr a5                    : IntAlu : 
  87000: system.cpu: T0 : 0x22414    : c_ld a5, 16(a0)            : MemRead :  D=0x0000000000000006 A=0x7fffffffffffffa0
  88000: system.cpu: T0 : 0x22416    : ld s9, 8(a0)               : MemRead :  D=0x0000000000010040 A=0x7fffffffffffff98
  88500: system.cpu: T0 : 0x2241a    : c_li s6, 1                 : IntAlu :  D=0x0000000000000001
  89000: system.cpu: T0 : 0x2241c    : c_addi a0, 16              : IntAlu :  D=0x7fffffffffffffa0
  90000: system.cpu: T0 : 0x2241e    : bne a5, zero, -430         : IntAlu : 
  90500: system.cpu: T0 : 0x22270    : c_addi a5, -3              : IntAlu :  D=0x0000000000000003
  91500: system.cpu: T0 : 0x22272    : bltu a4, a5, 20            : IntAlu : 
  92000: system.cpu: T0 : 0x22276    : c_slli a5, 2               : IntAlu :  D=0x000000000000000c
  92500: system.cpu: T0 : 0x22278    : c_add a5, a3               : IntAlu :  D=0x000000000004fafc
  93000: system.cpu: T0 : 0x2227a    : c_lw a5, 0(a5)             : MemRead :  D=0x000000000002227e A=0x4fafc
  93500: system.cpu: T0 : 0x2227c    : c_jr a5                    : IntAlu : 
  94000: system.cpu: T0 : 0x2227e    : c_ld a5, 8(a0)             : MemRead :  D=0x0000000000001000 A=0x7fffffffffffffa8
  94500: system.cpu: T0 : 0x22280    : c_beqz a5, 6               : IntAlu : 
  95000: system.cpu: T0 : 0x22282    : c_sdsp a5, 120(sp)         : MemWrite :  D=0x0000000000001000 A=0x7ffffffffffffd98
  95500: system.cpu: T0 : 0x22284    : c_li t5, 1                 : IntAlu :  D=0x0000000000000001
  96000: system.cpu: T0 : 0x22286    : c_ld a5, 16(a0)            : MemRead :  D=0x0000000000000017 A=0x7fffffffffffffb0
  96500: system.cpu: T0 : 0x22288    : c_addi a0, 16              : IntAlu :  D=0x7fffffffffffffb0
  97000: system.cpu: T0 : 0x2228a    : c_bnez a5, -26             : IntAlu : 
  97500: system.cpu: T0 : 0x22270    : c_addi a5, -3              : IntAlu :  D=0x0000000000000014
  98500: system.cpu: T0 : 0x22272    : bltu a4, a5, 20            : IntAlu : 
  99000: system.cpu: T0 : 0x22276    : c_slli a5, 2               : IntAlu :  D=0x0000000000000050
  99500: system.cpu: T0 : 0x22278    : c_add a5, a3               : IntAlu :  D=0x000000000004fb40
 100000: system.cpu: T0 : 0x2227a    : c_lw a5, 0(a5)             : MemRead :  D=0x0000000000022358 A=0x4fb40
 100500: system.cpu: T0 : 0x2227c    : c_jr a5                    : IntAlu : 
 101000: system.cpu: T0 : 0x22358    : c_lw a5, 8(a0)             : MemRead :  D=0x0000000000000000 A=0x7fffffffffffffb8
 101500: system.cpu: T0 : 0x2235a    : c_li a2, -1                : IntAlu :  D=0xffffffffffffffff
 102000: system.cpu: T0 : 0x2235c    : c_addi a0, 16              : IntAlu :  D=0x7fffffffffffffc0
 102500: system.cpu: T0 : 0x2235e    : c_sdsp a5, 80(sp)          : MemWrite :  D=0x0000000000000000 A=0x7ffffffffffffd70
 103000: system.cpu: T0 : 0x22360    : c_li a5, 1                 : IntAlu :  D=0x0000000000000001
 103500: system.cpu: T0 : 0x22362    : c_sdsp a5, 96(sp)          : MemWrite :  D=0x0000000000000001 A=0x7ffffffffffffd80
 104000: system.cpu: T0 : 0x22364    : c_sdsp a5, 88(sp)          : MemWrite :  D=0x0000000000000001 A=0x7ffffffffffffd78
 104500: system.cpu: T0 : 0x22366    : c_ld a5, 0(a0)             : MemRead :  D=0x0000000000000019 A=0x7fffffffffffffc0
 105000: system.cpu: T0 : 0x22368    : c_bnez a5, -248            : IntAlu : 
 105500: system.cpu: T0 : 0x22270    : c_addi a5, -3              : IntAlu :  D=0x0000000000000016
 106500: system.cpu: T0 : 0x22272    : bltu a4, a5, 20            : IntAlu : 
 107000: system.cpu: T0 : 0x22276    : c_slli a5, 2               : IntAlu :  D=0x0000000000000058
 107500: system.cpu: T0 : 0x22278    : c_add a5, a3               : IntAlu :  D=0x000000000004fb48
 108000: system.cpu: T0 : 0x2227a    : c_lw a5, 0(a5)             : MemRead :  D=0x0000000000022348 A=0x4fb48
 108500: system.cpu: T0 : 0x2227c    : c_jr a5                    : IntAlu : 
 109000: system.cpu: T0 : 0x22348    : c_ld a5, 8(a0)             : MemRead :  D=0x7fffffffffffffe0 A=0x7fffffffffffffc8
 109500: system.cpu: T0 : 0x2234a    : c_addi a0, 16              : IntAlu :  D=0x7fffffffffffffd0
 110000: system.cpu: T0 : 0x2234c    : c_sdsp a5, 104(sp)         : MemWrite :  D=0x7fffffffffffffe0 A=0x7ffffffffffffd88
 110500: system.cpu: T0 : 0x2234e    : c_li a5, 1                 : IntAlu :  D=0x0000000000000001
 111000: system.cpu: T0 : 0x22350    : c_sdsp a5, 112(sp)         : MemWrite :  D=0x0000000000000001 A=0x7ffffffffffffd90
 111500: system.cpu: T0 : 0x22352    : c_ld a5, 0(a0)             : MemRead :  D=0x0000000000000000 A=0x7fffffffffffffd0
 112000: system.cpu: T0 : 0x22354    : c_bnez a5, -228            : IntAlu : 
 112500: system.cpu: T0 : 0x22356    : c_j -202                   : IntAlu : 
 113000: system.cpu: T0 : 0x2228c    : bne t5, zero, 408          : IntAlu : 
 113500: system.cpu: T0 : 0x22424    : c_ldsp a5, 120(sp)         : MemRead :  D=0x0000000000001000 A=0x7ffffffffffffd98
 114500: system.cpu: T0 : 0x22426    : sd a5, -1784(gp)           : MemWrite :  D=0x0000000000001000 A=0x70930
 115500: system.cpu: T0 : 0x2242a    : bne s5, zero, -406         : IntAlu : 
 116000: system.cpu: T0 : 0x2242e    : c_j -406                   : IntAlu : 
 116500: system.cpu: T0 : 0x22298    : beq s6, zero, 8            : IntAlu : 
 117000: system.cpu: T0 : 0x2229c    : sd s9, -464(t0)            : MemWrite :  D=0x0000000000010040 A=0x71e30
 117500: system.cpu: T0 : 0x222a0    : beq s8, zero, 8            : IntAlu : 
 118000: system.cpu: T0 : 0x222a4    : sd s11, -408(t2)           : MemWrite :  D=0x0000000000000006 A=0x71e68
 118500: system.cpu: T0 : 0x222a8    : beq s10, zero, 10          : IntAlu : 
 119000: system.cpu: T0 : 0x222b2    : c_ldsp a5, 16(sp)          : MemRead :  D=0x0000000000000000 A=0x7ffffffffffffd30
 119500: system.cpu: T0 : 0x222b4    : c_beqz a5, 8               : IntAlu : 
 120000: system.cpu: T0 : 0x222bc    : c_ldsp a5, 40(sp)          : MemRead :  D=0x0000000000000000 A=0x7ffffffffffffd48
 120500: system.cpu: T0 : 0x222be    : c_beqz a5, 8               : IntAlu : 
 121000: system.cpu: T0 : 0x222c6    : c_ldsp a5, 56(sp)          : MemRead :  D=0x0000000000000000 A=0x7ffffffffffffd58
 121500: system.cpu: T0 : 0x222c8    : c_beqz a5, 8               : IntAlu : 
 122000: system.cpu: T0 : 0x222d0    : c_ldsp a5, 72(sp)          : MemRead :  D=0x0000000000000000 A=0x7ffffffffffffd68
 122500: system.cpu: T0 : 0x222d2    : c_beqz a5, 8               : IntAlu : 
 123000: system.cpu: T0 : 0x222da    : c_ldsp a5, 88(sp)          : MemRead :  D=0x0000000000000001 A=0x7ffffffffffffd78
 123500: system.cpu: T0 : 0x222dc    : c_beqz a5, 14              : IntAlu : 
 124000: system.cpu: T0 : 0x222de    : c_ldsp a5, 80(sp)          : MemRead :  D=0x0000000000000000 A=0x7ffffffffffffd70
 124500: system.cpu: T0 : 0x222e0    : sw a5, -72(t3)             : MemWrite :  D=0x0000000000000000 A=0x6efb8
 125000: system.cpu: T0 : 0x222e4    : c_ldsp a5, 96(sp)          : MemRead :  D=0x0000000000000001 A=0x7ffffffffffffd80
 126000: system.cpu: T0 : 0x222e6    : sw a5, -360(t1)            : MemWrite :  D=0x0000000000000001 A=0x71e98
 126500: system.cpu: T0 : 0x222ea    : c_ldsp a5, 112(sp)         : MemRead :  D=0x0000000000000001 A=0x7ffffffffffffd90
 127000: system.cpu: T0 : 0x222ec    : c_beqz a5, 8               : IntAlu : 
 127500: system.cpu: T0 : 0x222ee    : c_ldsp a5, 104(sp)         : MemRead :  D=0x7fffffffffffffe0 A=0x7ffffffffffffd88
 128000: system.cpu: T0 : 0x222f0    : sd a5, 0(a6)               : MemWrite :  D=0x7fffffffffffffe0 A=0x6ef80
 128500: system.cpu: T0 : 0x222f4    : c_li a5, 15                : IntAlu :  D=0x000000000000000f
 129500: system.cpu: T0 : 0x222f6    : bne a2, a5, 22             : IntAlu : 
 130000: system.cpu: T0 : 0x2230c    : c_ldsp s0, 216(sp)         : MemRead :  D=0x000000000001093c A=0x7ffffffffffffdf8
 130500: system.cpu: T0 : 0x2230e    : c_ldsp s1, 208(sp)         : MemRead :  D=0x00000000000109cc A=0x7ffffffffffffdf0
 131000: system.cpu: T0 : 0x22310    : c_ldsp s2, 200(sp)         : MemRead :  D=0x0000000000000000 A=0x7ffffffffffffde8
 131500: system.cpu: T0 : 0x22312    : c_ldsp s3, 192(sp)         : MemRead :  D=0x0000000000000000 A=0x7ffffffffffffde0
 132000: system.cpu: T0 : 0x22314    : c_ldsp s4, 184(sp)         : MemRead :  D=0x0000000000000000 A=0x7ffffffffffffdd8
 132500: system.cpu: T0 : 0x22316    : c_ldsp s5, 176(sp)         : MemRead :  D=0x0000000000000000 A=0x7ffffffffffffdd0
 133000: system.cpu: T0 : 0x22318    : c_ldsp s6, 168(sp)         : MemRead :  D=0x0000000000000000 A=0x7ffffffffffffdc8
 133500: system.cpu: T0 : 0x2231a    : c_ldsp s7, 160(sp)         : MemRead :  D=0x0000000000000000 A=0x7ffffffffffffdc0
 134000: system.cpu: T0 : 0x2231c    : c_ldsp s8, 152(sp)         : MemRead :  D=0x0000000000000000 A=0x7ffffffffffffdb8
 134500: system.cpu: T0 : 0x2231e    : c_ldsp s9, 144(sp)         : MemRead :  D=0x0000000000000000 A=0x7ffffffffffffdb0
 135000: system.cpu: T0 : 0x22320    : c_ldsp s10, 136(sp)        : MemRead :  D=0x0000000000000000 A=0x7ffffffffffffda8
 135500: system.cpu: T0 : 0x22322    : c_ldsp s11, 128(sp)        : MemRead :  D=0x0000000000000000 A=0x7ffffffffffffda0
 136000: system.cpu: T0 : 0x22324    : c_addi16sp sp, 224         : IntAlu :  D=0x7ffffffffffffe00
 136500: system.cpu: T0 : 0x22326    : c_jr ra                    : IntAlu : 
 137500: system.cpu: T0 : 0x104be    : lui a5, 114                : IntAlu :  D=0x0000000000072000
 138500: system.cpu: T0 : 0x104c2    : ld a4, -464(a5)            : MemRead :  D=0x0000000000010040 A=0x71e30
 139500: system.cpu: T0 : 0x104c6    : beq a4, zero, 320          : IntAlu : 
 140500: system.cpu: T0 : 0x104ca    : jal ra, 75468              : IntAlu :  D=0x00000000000104ce
 141500: system.cpu: T0 : 0x22b96    : lui a5, 114                : IntAlu :  D=0x0000000000072000
 142500: system.cpu: T0 : 0x22b9a    : lw a5, -360(a5)            : MemRead :  D=0x0000000000000001 A=0x71e98
 143000: system.cpu: T0 : 0x22b9e    : c_beqz a5, 4               : IntAlu : 
 143500: system.cpu: T0 : 0x22ba0    : c_jr ra                    : IntAlu : 
 144500: system.cpu: T0 : 0x104ce    : ld a0, -1360(gp)           : MemRead :  D=0x7fffffffffffff58 A=0x70ad8
 145500: system.cpu: T0 : 0x104d2    : jal ra, 71966              : IntAlu :  D=0x00000000000104d6
 146000: system.cpu: T0 : 0x21df0    : c_addi16sp sp, -128        : IntAlu :  D=0x7ffffffffffffd80
 146500: system.cpu: T0 : 0x21df2    : c_sdsp s4, 80(sp)          : MemWrite :  D=0x0000000000000000 A=0x7ffffffffffffdd0
 147000: system.cpu: T0 : 0x21df4    : lui s4, 111                : IntAlu :  D=0x000000000006f000
 147500: system.cpu: T0 : 0x21df8    : lw a5, -72(s4)             : MemRead :  D=0x0000000000000000 A=0x6efb8
 148000: system.cpu: T0 : 0x21dfc    : c_sdsp s7, 56(sp)          : MemWrite :  D=0x0000000000000000 A=0x7ffffffffffffdb8
 148500: system.cpu: T0 : 0x21dfe    : c_sdsp ra, 120(sp)         : MemWrite :  D=0x00000000000104d6 A=0x7ffffffffffffdf8
 149000: system.cpu: T0 : 0x21e00    : c_sdsp s0, 112(sp)         : MemWrite :  D=0x000000000001093c A=0x7ffffffffffffdf0
 149500: system.cpu: T0 : 0x21e02    : c_sdsp s1, 104(sp)         : MemWrite :  D=0x00000000000109cc A=0x7ffffffffffffde8
 150000: system.cpu: T0 : 0x21e04    : c_sdsp s2, 96(sp)          : MemWrite :  D=0x0000000000000000 A=0x7ffffffffffffde0
 150500: system.cpu: T0 : 0x21e06    : c_sdsp s3, 88(sp)          : MemWrite :  D=0x0000000000000000 A=0x7ffffffffffffdd8
 151000: system.cpu: T0 : 0x21e08    : c_sdsp s5, 72(sp)          : MemWrite :  D=0x0000000000000000 A=0x7ffffffffffffdc8
 151500: system.cpu: T0 : 0x21e0a    : c_sdsp s6, 64(sp)          : MemWrite :  D=0x0000000000000000 A=0x7ffffffffffffdc0
 152000: system.cpu: T0 : 0x21e0c    : c_sdsp s8, 48(sp)          : MemWrite :  D=0x0000000000000000 A=0x7ffffffffffffdb0
 152500: system.cpu: T0 : 0x21e0e    : c_sdsp s9, 40(sp)          : MemWrite :  D=0x0000000000000000 A=0x7ffffffffffffda8
 153000: system.cpu: T0 : 0x21e10    : c_sdsp s10, 32(sp)         : MemWrite :  D=0x0000000000000000 A=0x7ffffffffffffda0
 153500: system.cpu: T0 : 0x21e12    : c_sdsp s11, 24(sp)         : MemWrite :  D=0x0000000000000000 A=0x7ffffffffffffd98
 154000: system.cpu: T0 : 0x21e14    : c_mv s7, a0                : IntAlu :  D=0x7fffffffffffff58
 155000: system.cpu: T0 : 0x21e16    : bne a5, zero, 750          : IntAlu : 
 156000: system.cpu: T0 : 0x21e1a    : lui s0, 111                : IntAlu :  D=0x000000000006f000
 157000: system.cpu: T0 : 0x21e1e    : addi s3, zero, 61          : IntAlu :  D=0x000000000000003d
 158000: system.cpu: T0 : 0x21e22    : lui s1, 79                 : IntAlu :  D=0x000000000004f000
 159000: system.cpu: T0 : 0x21e26    : addi s6, s0, -1248         : IntAlu :  D=0x000000000006eb20
 160000: system.cpu: T0 : 0x21e2a    : beq s7, zero, 166          : IntAlu : 
 160500: system.cpu: T0 : 0x21e2e    : c_mv a3, s7                : IntAlu :  D=0x7fffffffffffff58
 161000: system.cpu: T0 : 0x21e30    : ld s9, 0(a3)               : MemRead :  D=0x0000000000000000 A=0x7fffffffffffff58
 161500: system.cpu: T0 : 0x21e34    : c_mv s5, a3                : IntAlu :  D=0x7fffffffffffff58
 162500: system.cpu: T0 : 0x21e36    : beq s9, zero, 154          : IntAlu : 
 163000: system.cpu: T0 : 0x21ed0    : c_ldsp ra, 120(sp)         : MemRead :  D=0x00000000000104d6 A=0x7ffffffffffffdf8
 163500: system.cpu: T0 : 0x21ed2    : c_ldsp s0, 112(sp)         : MemRead :  D=0x000000000001093c A=0x7ffffffffffffdf0
 164000: system.cpu: T0 : 0x21ed4    : c_ldsp s1, 104(sp)         : MemRead :  D=0x00000000000109cc A=0x7ffffffffffffde8
 164500: system.cpu: T0 : 0x21ed6    : c_ldsp s2, 96(sp)          : MemRead :  D=0x0000000000000000 A=0x7ffffffffffffde0
 165000: system.cpu: T0 : 0x21ed8    : c_ldsp s3, 88(sp)          : MemRead :  D=0x0000000000000000 A=0x7ffffffffffffdd8
 165500: system.cpu: T0 : 0x21eda    : c_ldsp s4, 80(sp)          : MemRead :  D=0x0000000000000000 A=0x7ffffffffffffdd0
 166000: system.cpu: T0 : 0x21edc    : c_ldsp s5, 72(sp)          : MemRead :  D=0x0000000000000000 A=0x7ffffffffffffdc8
 166500: system.cpu: T0 : 0x21ede    : c_ldsp s6, 64(sp)          : MemRead :  D=0x0000000000000000 A=0x7ffffffffffffdc0
 167000: system.cpu: T0 : 0x21ee0    : c_ldsp s7, 56(sp)          : MemRead :  D=0x0000000000000000 A=0x7ffffffffffffdb8
 167500: system.cpu: T0 : 0x21ee2    : c_ldsp s8, 48(sp)          : MemRead :  D=0x0000000000000000 A=0x7ffffffffffffdb0
 168000: system.cpu: T0 : 0x21ee4    : c_ldsp s9, 40(sp)          : MemRead :  D=0x0000000000000000 A=0x7ffffffffffffda8
 168500: system.cpu: T0 : 0x21ee6    : c_ldsp s10, 32(sp)         : MemRead :  D=0x0000000000000000 A=0x7ffffffffffffda0
 169000: system.cpu: T0 : 0x21ee8    : c_ldsp s11, 24(sp)         : MemRead :  D=0x0000000000000000 A=0x7ffffffffffffd98
 169500: system.cpu: T0 : 0x21eea    : c_addi16sp sp, 128         : IntAlu :  D=0x7ffffffffffffe00
 170000: system.cpu: T0 : 0x21eec    : c_jr ra                    : IntAlu : 
 171000: system.cpu: T0 : 0x104d6    : jal ra, 664                : IntAlu :  D=0x00000000000104da
 171500: system.cpu: T0 : 0x1076e    : c_addi16sp sp, -128        : IntAlu :  D=0x7ffffffffffffd80
 172000: system.cpu: T0 : 0x10770    : lui a5, 114                : IntAlu :  D=0x0000000000072000
 172500: system.cpu: T0 : 0x10774    : c_sdsp s0, 112(sp)         : MemWrite :  D=0x000000000001093c A=0x7ffffffffffffdf0
 173500: system.cpu: T0 : 0x10776    : ld s0, -464(a5)            : MemRead :  D=0x0000000000010040 A=0x71e30
 174000: system.cpu: T0 : 0x1077a    : c_sdsp s3, 88(sp)          : MemWrite :  D=0x0000000000000000 A=0x7ffffffffffffdd8
 174500: system.cpu: T0 : 0x1077c    : lui a5, 112                : IntAlu :  D=0x0000000000070000
 175000: system.cpu: T0 : 0x10780    : c_sdsp ra, 120(sp)         : MemWrite :  D=0x00000000000104da A=0x7ffffffffffffdf8
 175500: system.cpu: T0 : 0x10782    : c_sdsp s1, 104(sp)         : MemWrite :  D=0x00000000000109cc A=0x7ffffffffffffde8
 176000: system.cpu: T0 : 0x10784    : c_sdsp s2, 96(sp)          : MemWrite :  D=0x0000000000000000 A=0x7ffffffffffffde0
 176500: system.cpu: T0 : 0x10786    : c_sdsp s4, 80(sp)          : MemWrite :  D=0x0000000000000000 A=0x7ffffffffffffdd0
 177000: system.cpu: T0 : 0x10788    : c_sdsp s5, 72(sp)          : MemWrite :  D=0x0000000000000000 A=0x7ffffffffffffdc8
 177500: system.cpu: T0 : 0x1078a    : c_sdsp s6, 64(sp)          : MemWrite :  D=0x0000000000000000 A=0x7ffffffffffffdc0
 178000: system.cpu: T0 : 0x1078c    : c_sdsp s7, 56(sp)          : MemWrite :  D=0x0000000000000000 A=0x7ffffffffffffdb8
 178500: system.cpu: T0 : 0x1078e    : c_sdsp s8, 48(sp)          : MemWrite :  D=0x0000000000000000 A=0x7ffffffffffffdb0
 179000: system.cpu: T0 : 0x10790    : c_sdsp s9, 40(sp)          : MemWrite :  D=0x0000000000000000 A=0x7ffffffffffffda8
 179500: system.cpu: T0 : 0x10792    : c_sdsp s10, 32(sp)         : MemWrite :  D=0x0000000000000000 A=0x7ffffffffffffda0
 180000: system.cpu: T0 : 0x10794    : c_sdsp s11, 24(sp)         : MemWrite :  D=0x0000000000000000 A=0x7ffffffffffffd98
 181000: system.cpu: T0 : 0x10796    : ld s3, 816(a5)             : MemRead :  D=0x000000000006fe60 A=0x70330
 182000: system.cpu: T0 : 0x1079a    : beq s0, zero, 368          : IntAlu : 
 183000: system.cpu: T0 : 0x1079e    : lui a5, 114                : IntAlu :  D=0x0000000000072000
 184000: system.cpu: T0 : 0x107a2    : ld a5, -408(a5)            : MemRead :  D=0x0000000000000006 A=0x71e68
 185000: system.cpu: T0 : 0x107a6    : slli a4, a5, 3             : IntAlu :  D=0x0000000000000030
 185500: system.cpu: T0 : 0x107aa    : c_sub a4, a5               : IntAlu :  D=0x000000000000002a
 186000: system.cpu: T0 : 0x107ac    : c_slli a4, 3               : IntAlu :  D=0x0000000000000150
 186500: system.cpu: T0 : 0x107ae    : c_add a4, s0               : IntAlu :  D=0x0000000000010190
 187000: system.cpu: T0 : 0x107b0    : bgeu s0, a4, 322           : IntAlu : 
 187500: system.cpu: T0 : 0x107b4    : c_li a3, 7                 : IntAlu :  D=0x0000000000000007
 188000: system.cpu: T0 : 0x107b6    : c_j 10                     : IntAlu : 
 188500: system.cpu: T0 : 0x107c0    : c_lw a5, 0(s0)             : MemRead :  D=0x0000000000000001 A=0x10040
 189500: system.cpu: T0 : 0x107c2    : bne a5, a3, -10            : IntAlu : 
 190000: system.cpu: T0 : 0x107b8    : addi s0, s0, 56            : IntAlu :  D=0x0000000000010078
 190500: system.cpu: T0 : 0x107bc    : bgeu s0, a4, 310           : IntAlu : 
 191000: system.cpu: T0 : 0x107c0    : c_lw a5, 0(s0)             : MemRead :  D=0x0000000000000001 A=0x10078
 192000: system.cpu: T0 : 0x107c2    : bne a5, a3, -10            : IntAlu : 
 192500: system.cpu: T0 : 0x107b8    : addi s0, s0, 56            : IntAlu :  D=0x00000000000100b0
 193000: system.cpu: T0 : 0x107bc    : bgeu s0, a4, 310           : IntAlu : 
 193500: system.cpu: T0 : 0x107c0    : c_lw a5, 0(s0)             : MemRead :  D=0x0000000000000004 A=0x100b0
 194500: system.cpu: T0 : 0x107c2    : bne a5, a3, -10            : IntAlu : 
 195000: system.cpu: T0 : 0x107b8    : addi s0, s0, 56            : IntAlu :  D=0x00000000000100e8
 195500: system.cpu: T0 : 0x107bc    : bgeu s0, a4, 310           : IntAlu : 
 196000: system.cpu: T0 : 0x107c0    : c_lw a5, 0(s0)             : MemRead :  D=0x0000000000000007 A=0x100e8
 197000: system.cpu: T0 : 0x107c2    : bne a5, a3, -10            : IntAlu : 
 198000: system.cpu: T0 : 0x107c6    : ld s5, 48(s0)              : MemRead :  D=0x0000000000000008 A=0x10118
 199000: system.cpu: T0 : 0x107ca    : ld a1, 0(s3)               : MemRead :  D=0x0000000000000000 A=0x6fe60
 199500: system.cpu: T0 : 0x107ce    : c_ld a4, 16(s0)            : MemRead :  D=0x000000000006ead0 A=0x100f8
 200000: system.cpu: T0 : 0x107d0    : c_li a5, 16                : IntAlu :  D=0x0000000000000010
 201000: system.cpu: T0 : 0x107d2    : ld s10, 40(s0)             : MemRead :  D=0x0000000000000060 A=0x10110
 202000: system.cpu: T0 : 0x107d6    : ld s4, 32(s0)              : MemRead :  D=0x0000000000000020 A=0x10108
 202500: system.cpu: T0 : 0x107da    : c_mv s8, s5                : IntAlu :  D=0x0000000000000008
 203000: system.cpu: T0 : 0x107dc    : add s0, a1, a4             : IntAlu :  D=0x000000000006ead0
 203500: system.cpu: T0 : 0x107e0    : bltu s5, a5, 260           : IntAlu : 
 204000: system.cpu: T0 : 0x108e4    : c_li s8, 16                : IntAlu :  D=0x0000000000000010
 205000: system.cpu: T0 : 0x108e6    : addi a4, s8, -1            : IntAlu :  D=0x000000000000000f
 205500: system.cpu: T0 : 0x108ea    : c_mv s9, s5                : IntAlu :  D=0x0000000000000008
 206000: system.cpu: T0 : 0x108ec    : bne s5, zero, -254         : IntAlu : 
 207000: system.cpu: T0 : 0x107ee    : sub s11, zero, s8          : IntAlu :  D=0xfffffffffffffff0
 208000: system.cpu: T0 : 0x107f2    : beq s5, zero, 302          : IntAlu : 
 209000: system.cpu: T0 : 0x107f6    : addi s2, s5, -1            : IntAlu :  D=0x0000000000000007
 210000: system.cpu: T0 : 0x107fa    : divu a5, s2, s9            : IntDiv :  D=0x0000000000000000
 210500: system.cpu: T0 : 0x107fe    : c_add s2, s10              : IntAlu :  D=0x0000000000000067
 211000: system.cpu: T0 : 0x10800    : mul s7, a5, s9             : IntMult :  D=0x0000000000000000
 211500: system.cpu: T0 : 0x10804    : c_mv a5, s7                : IntAlu :  D=0x0000000000000000
 212500: system.cpu: T0 : 0x10806    : ld a0, -1968(gp)           : MemRead :  D=0x0000000000000800 A=0x70878
 213000: system.cpu: T0 : 0x1080a    : c_sdsp a5, 8(sp)           : MemWrite :  D=0x0000000000000000 A=0x7ffffffffffffd88
 213500: system.cpu: T0 : 0x1080c    : c_sdsp a4, 0(sp)           : MemWrite :  D=0x000000000000000f A=0x7ffffffffffffd80
 214500: system.cpu: T0 : 0x1080e    : addi a0, a0, 1808          : IntAlu :  D=0x0000000000000f10
 215000: system.cpu: T0 : 0x10812    : c_add a0, s10              : IntAlu :  D=0x0000000000000f70
 215500: system.cpu: T0 : 0x10814    : c_add a0, s8               : IntAlu :  D=0x0000000000000f80
 216000: system.cpu: T0 : 0x10816    : c_add a0, s7               : IntAlu :  D=0x0000000000000f80
 216500: system.cpu: T0 : 0x10818    : jal ra, 67204              : IntAlu :  D=0x000000000001081c
 217000: system.cpu: T0 : 0x20e9c    : c_addi sp, -32             : IntAlu :  D=0x7ffffffffffffd60
 217500: system.cpu: T0 : 0x20e9e    : c_sdsp s2, 0(sp)           : MemWrite :  D=0x0000000000000067 A=0x7ffffffffffffd60
 218000: system.cpu: T0 : 0x20ea0    : c_sdsp s1, 8(sp)           : MemWrite :  D=0x00000000000109cc A=0x7ffffffffffffd68
 219000: system.cpu: T0 : 0x20ea2    : ld s1, -1200(gp)           : MemRead :  D=0x0000000000000000 A=0x70b78
 219500: system.cpu: T0 : 0x20ea6    : c_sdsp s0, 16(sp)          : MemWrite :  D=0x000000000006ead0 A=0x7ffffffffffffd70
 220000: system.cpu: T0 : 0x20ea8    : c_sdsp ra, 24(sp)          : MemWrite :  D=0x000000000001081c A=0x7ffffffffffffd78
 220500: system.cpu: T0 : 0x20eaa    : c_mv s0, a0                : IntAlu :  D=0x0000000000000f80
 221000: system.cpu: T0 : 0x20eac    : c_beqz s1, 46              : IntAlu : 
 221500: system.cpu: T0 : 0x20eda    : c_li a0, 0                 : IntAlu :  D=0x0000000000000000
 222000: system.cpu: T0 : 0x20edc    : jal ra, 98418              : IntAlu :  D=0x0000000000020ee0
 222500: system.cpu: T0 : 0x38f4e    : c_mv a5, a0                : IntAlu :  D=0x0000000000000000
 223000: system.cpu: T0 : 0x38f50    : addi a7, zero, 214         : IntAlu :  D=0x00000000000000d6
 223500: system.cpu: T0 : 0x38f54    : ecall                      : No_OpClass : 
 224000: system.cpu: T0 : 0x38f58    : sd a0, -1200(gp)           : MemWrite :  D=0x0000000000072000 A=0x70b78
 224500: system.cpu: T0 : 0x38f5c    : bltu a0, a5, 8             : IntAlu : 
 225000: system.cpu: T0 : 0x38f60    : c_li a0, 0                 : IntAlu :  D=0x0000000000000000
 225500: system.cpu: T0 : 0x38f62    : c_jr ra                    : IntAlu : 
 226000: system.cpu: T0 : 0x20ee0    : blt a0, zero, -22          : IntAlu : 
 226500: system.cpu: T0 : 0x20ee4    : ld s1, -1200(gp)           : MemRead :  D=0x0000000000072000 A=0x70b78
 227000: system.cpu: T0 : 0x20ee8    : c_j -52                    : IntAlu : 
 227500: system.cpu: T0 : 0x20eb4    : c_beqz s0, 24              : IntAlu : 
 228500: system.cpu: T0 : 0x20eb6    : bge zero, s0, 52           : IntAlu : 
 229500: system.cpu: T0 : 0x20eba    : add a5, s0, s1             : IntAlu :  D=0x0000000000072f80
 230500: system.cpu: T0 : 0x20ebe    : sltu a5, a5, s1            : IntAlu :  D=0x0000000000000000
 231000: system.cpu: T0 : 0x20ec2    : c_beqz a5, 50              : IntAlu : 
 231500: system.cpu: T0 : 0x20ef4    : add a0, s1, s0             : IntAlu :  D=0x0000000000072f80
 232000: system.cpu: T0 : 0x20ef8    : jal ra, 98390              : IntAlu :  D=0x0000000000020efc
 232500: system.cpu: T0 : 0x38f4e    : c_mv a5, a0                : IntAlu :  D=0x0000000000072f80
 233000: system.cpu: T0 : 0x38f50    : addi a7, zero, 214         : IntAlu :  D=0x00000000000000d6
 233500: system.cpu: T0 : 0x38f54    : ecall                      : No_OpClass : 
 234000: system.cpu: T0 : 0x38f58    : sd a0, -1200(gp)           : MemWrite :  D=0x0000000000072f80 A=0x70b78
 234500: system.cpu: T0 : 0x38f5c    : bltu a0, a5, 8             : IntAlu : 
 235000: system.cpu: T0 : 0x38f60    : c_li a0, 0                 : IntAlu :  D=0x0000000000000000
 235500: system.cpu: T0 : 0x38f62    : c_jr ra                    : IntAlu : 
 236000: system.cpu: T0 : 0x20efc    : blt a0, zero, -50          : IntAlu : 
 236500: system.cpu: T0 : 0x20f00    : c_ldsp ra, 24(sp)          : MemRead :  D=0x000000000001081c A=0x7ffffffffffffd78
 237000: system.cpu: T0 : 0x20f02    : c_ldsp s0, 16(sp)          : MemRead :  D=0x000000000006ead0 A=0x7ffffffffffffd70
 237500: system.cpu: T0 : 0x20f04    : c_ldsp s2, 0(sp)           : MemRead :  D=0x0000000000000067 A=0x7ffffffffffffd60
 238000: system.cpu: T0 : 0x20f06    : c_mv a0, s1                : IntAlu :  D=0x0000000000072000
 238500: system.cpu: T0 : 0x20f08    : c_ldsp s1, 8(sp)           : MemRead :  D=0x00000000000109cc A=0x7ffffffffffffd68
 239000: system.cpu: T0 : 0x20f0a    : c_addi16sp sp, 32          : IntAlu :  D=0x7ffffffffffffd80
 239500: system.cpu: T0 : 0x20f0c    : c_jr ra                    : IntAlu : 
 240000: system.cpu: T0 : 0x1081c    : divu s2, s2, s9            : IntDiv :  D=0x000000000000000c
 240500: system.cpu: T0 : 0x10820    : c_ldsp a4, 0(sp)           : MemRead :  D=0x000000000000000f A=0x7ffffffffffffd80
 241000: system.cpu: T0 : 0x10822    : c_ldsp a5, 8(sp)           : MemRead :  D=0x0000000000000000 A=0x7ffffffffffffd88
 241500: system.cpu: T0 : 0x10824    : addi s1, a0, 1808          : IntAlu :  D=0x0000000000072710
 242000: system.cpu: T0 : 0x10828    : c_add s1, a4               : IntAlu :  D=0x000000000007271f
 243000: system.cpu: T0 : 0x1082a    : and s1, s1, s11            : IntAlu :  D=0x0000000000072710
 244000: system.cpu: T0 : 0x1082e    : lui a4, 114                : IntAlu :  D=0x0000000000072000
 245000: system.cpu: T0 : 0x10832    : addi a4, a4, -1680         : IntAlu :  D=0x0000000000071970
 246000: system.cpu: T0 : 0x10836    : add a0, s1, s7             : IntAlu :  D=0x0000000000072710
 247000: system.cpu: T0 : 0x1083a    : sd a5, 1088(s3)            : MemWrite :  D=0x0000000000000000 A=0x702a0
 248000: system.cpu: T0 : 0x1083e    : addi a5, zero, 62          : IntAlu :  D=0x000000000000003e
 248500: system.cpu: T0 : 0x10842    : c_mv a2, s4                : IntAlu :  D=0x0000000000000020
 249000: system.cpu: T0 : 0x10844    : c_sd a5, 0(a4)             : MemWrite :  D=0x000000000000003e A=0x71970
 249500: system.cpu: T0 : 0x10846    : c_mv a1, s0                : IntAlu :  D=0x000000000006ead0
 250000: system.cpu: T0 : 0x10848    : c_sd a0, 32(a4)            : MemWrite :  D=0x0000000000072710 A=0x71990
 251000: system.cpu: T0 : 0x1084a    : sd zero, 40(a4)            : MemWrite :  D=0x0000000000000000 A=0x71998
 252000: system.cpu: T0 : 0x1084e    : jal ra, 61666              : IntAlu :  D=0x0000000000010852
 252500: system.cpu: T0 : 0x1f930    : c_addi16sp sp, -48         : IntAlu :  D=0x7ffffffffffffd50
 253000: system.cpu: T0 : 0x1f932    : c_sdsp s0, 32(sp)          : MemWrite :  D=0x000000000006ead0 A=0x7ffffffffffffd70
 253500: system.cpu: T0 : 0x1f934    : c_sdsp s2, 16(sp)          : MemWrite :  D=0x000000000000000c A=0x7ffffffffffffd60
 254000: system.cpu: T0 : 0x1f936    : c_sdsp ra, 40(sp)          : MemWrite :  D=0x0000000000010852 A=0x7ffffffffffffd78
 254500: system.cpu: T0 : 0x1f938    : c_sdsp s1, 24(sp)          : MemWrite :  D=0x0000000000072710 A=0x7ffffffffffffd68
 255000: system.cpu: T0 : 0x1f93a    : c_sdsp s3, 8(sp)           : MemWrite :  D=0x000000000006fe60 A=0x7ffffffffffffd58
 255500: system.cpu: T0 : 0x1f93c    : c_li a5, 15                : IntAlu :  D=0x000000000000000f
 256000: system.cpu: T0 : 0x1f93e    : c_mv s2, a0                : IntAlu :  D=0x0000000000072710
 256500: system.cpu: T0 : 0x1f940    : c_mv a4, a0                : IntAlu :  D=0x0000000000072710
 257000: system.cpu: T0 : 0x1f942    : c_mv s0, a1                : IntAlu :  D=0x000000000006ead0
 257500: system.cpu: T0 : 0x1f944    : bgeu a5, a2, 72            : IntAlu : 
 258000: system.cpu: T0 : 0x1f948    : sub a0, zero, a0           : IntAlu :  D=0xfffffffffff8d8f0
 258500: system.cpu: T0 : 0x1f94c    : c_andi a0, 7               : IntAlu :  D=0x0000000000000000
 259500: system.cpu: T0 : 0x1f94e    : sub s1, a2, a0             : IntAlu :  D=0x0000000000000020
 260000: system.cpu: T0 : 0x1f952    : c_beqz a0, 110             : IntAlu : 
 260500: system.cpu: T0 : 0x1f9c0    : c_mv s3, s2                : IntAlu :  D=0x0000000000072710
 261000: system.cpu: T0 : 0x1f9c2    : c_j -84                    : IntAlu : 
 262000: system.cpu: T0 : 0x1f96e    : andi a5, s0, 7             : IntAlu :  D=0x0000000000000000
 263000: system.cpu: T0 : 0x1f972    : srli a2, s1, 3             : IntAlu :  D=0x0000000000000004
 263500: system.cpu: T0 : 0x1f976    : c_mv a1, s0                : IntAlu :  D=0x000000000006ead0
 264000: system.cpu: T0 : 0x1f978    : c_mv a0, s3                : IntAlu :  D=0x0000000000072710
 264500: system.cpu: T0 : 0x1f97a    : c_bnez a5, 64              : IntAlu : 
 265000: system.cpu: T0 : 0x1f97c    : jal ra, 72                 : IntAlu :  D=0x000000000001f980
 265500: system.cpu: T0 : 0x1f9c4    : andi a5, a2, 7             : IntAlu :  D=0x0000000000000004
 266000: system.cpu: T0 : 0x1f9c8    : lui a4, 79                 : IntAlu :  D=0x000000000004f000
 266500: system.cpu: T0 : 0x1f9cc    : c_slli a5, 2               : IntAlu :  D=0x0000000000000010
 267500: system.cpu: T0 : 0x1f9ce    : addi a4, a4, -248          : IntAlu :  D=0x000000000004ef08
 268000: system.cpu: T0 : 0x1f9d2    : c_add a5, a4               : IntAlu :  D=0x000000000004ef18
 268500: system.cpu: T0 : 0x1f9d4    : c_lw a5, 0(a5)             : MemRead :  D=0x000000000001fa6e A=0x4ef18
 269000: system.cpu: T0 : 0x1f9d6    : c_jr a5                    : IntAlu : 
 270000: system.cpu: T0 : 0x1fa6e    : ld a6, 0(a1)               : MemRead :  D=0x0000000000070678 A=0x6ead0
 270500: system.cpu: T0 : 0x1fa72    : c_mv a3, a0                : IntAlu :  D=0x0000000000072710
 271000: system.cpu: T0 : 0x1fa74    : c_addi a1, -32             : IntAlu :  D=0x000000000006eab0
 272000: system.cpu: T0 : 0x1fa76    : addi a5, a0, -40           : IntAlu :  D=0x00000000000726e8
 272500: system.cpu: T0 : 0x1fa7a    : c_addi a2, 4               : IntAlu :  D=0x0000000000000008
 273000: system.cpu: T0 : 0x1fa7c    : c_j -124                   : IntAlu : 
 273500: system.cpu: T0 : 0x1fa00    : c_ld a4, 40(a1)            : MemRead :  D=0x0000000000070678 A=0x6ead8
 274500: system.cpu: T0 : 0x1fa02    : addi a0, a5, 48            : IntAlu :  D=0x0000000000072718
 275500: system.cpu: T0 : 0x1fa06    : sd a6, 0(a3)               : MemWrite :  D=0x0000000000070678 A=0x72710
 276500: system.cpu: T0 : 0x1fa06    : sd a6, 0(a3)               : MemWrite :  D=0x0000000000070678 A=0x72710
 277500: system.cpu: T0 : 0x1fa0a    : ld a6, 48(a1)              : MemRead :  D=0x0000000000070680 A=0x6eae0
 278500: system.cpu: T0 : 0x1fa0e    : addi a3, a5, 56            : IntAlu :  D=0x0000000000072720
 279000: system.cpu: T0 : 0x1fa12    : c_sd a4, 0(a0)             : MemWrite :  D=0x0000000000070678 A=0x72718
 279500: system.cpu: T0 : 0x1fa14    : c_ld a4, 56(a1)            : MemRead :  D=0x0000000000070698 A=0x6eae8
 280500: system.cpu: T0 : 0x1fa16    : addi a5, a5, 64            : IntAlu :  D=0x0000000000072728
 281500: system.cpu: T0 : 0x1fa1a    : sd a6, 0(a3)               : MemWrite :  D=0x0000000000070680 A=0x72720
 282000: system.cpu: T0 : 0x1fa1e    : c_addi a2, -8              : IntAlu :  D=0x0000000000000000
 282500: system.cpu: T0 : 0x1fa20    : c_mv a0, a5                : IntAlu :  D=0x0000000000072728
 283500: system.cpu: T0 : 0x1fa22    : addi a1, a1, 64            : IntAlu :  D=0x000000000006eaf0
 284000: system.cpu: T0 : 0x1fa26    : c_beqz a2, 24              : IntAlu : 
 284500: system.cpu: T0 : 0x1fa3e    : c_sd a4, 0(a0)             : MemWrite :  D=0x0000000000070698 A=0x72728
 285000: system.cpu: T0 : 0x1fa40    : c_jr ra                    : IntAlu : 
 285500: system.cpu: T0 : 0x1f980    : andi a4, s1, 18446744073709551608 : IntAlu :  D=0x0000000000000020
 286000: system.cpu: T0 : 0x1f984    : c_add s0, a4               : IntAlu :  D=0x000000000006eaf0
 287000: system.cpu: T0 : 0x1f986    : andi a2, s1, 7             : IntAlu :  D=0x0000000000000000
 287500: system.cpu: T0 : 0x1f98a    : c_add a4, s3               : IntAlu :  D=0x0000000000072730
 288000: system.cpu: T0 : 0x1f98c    : c_addi a4, -1              : IntAlu :  D=0x000000000007272f
 288500: system.cpu: T0 : 0x1f98e    : c_mv a5, s0                : IntAlu :  D=0x000000000006eaf0
 289000: system.cpu: T0 : 0x1f990    : add a1, a2, s0             : IntAlu :  D=0x000000000006eaf0
 289500: system.cpu: T0 : 0x1f994    : c_sub a4, s0               : IntAlu :  D=0x0000000000003c3f
 290000: system.cpu: T0 : 0x1f996    : c_beqz a2, 20              : IntAlu : 
 290500: system.cpu: T0 : 0x1f9aa    : c_ldsp ra, 40(sp)          : MemRead :  D=0x0000000000010852 A=0x7ffffffffffffd78
 291000: system.cpu: T0 : 0x1f9ac    : c_ldsp s0, 32(sp)          : MemRead :  D=0x000000000006ead0 A=0x7ffffffffffffd70
 291500: system.cpu: T0 : 0x1f9ae    : c_ldsp s1, 24(sp)          : MemRead :  D=0x0000000000072710 A=0x7ffffffffffffd68
 292000: system.cpu: T0 : 0x1f9b0    : c_ldsp s3, 8(sp)           : MemRead :  D=0x000000000006fe60 A=0x7ffffffffffffd58
 292500: system.cpu: T0 : 0x1f9b2    : c_mv a0, s2                : IntAlu :  D=0x0000000000072710
 293000: system.cpu: T0 : 0x1f9b4    : c_ldsp s2, 16(sp)          : MemRead :  D=0x000000000000000c A=0x7ffffffffffffd60
 293500: system.cpu: T0 : 0x1f9b6    : c_addi16sp sp, 48          : IntAlu :  D=0x7ffffffffffffd80
 294000: system.cpu: T0 : 0x1f9b8    : c_jr ra                    : IntAlu : 
 295000: system.cpu: T0 : 0x10852    : lui a5, 114                : IntAlu :  D=0x0000000000072000
 296000: system.cpu: T0 : 0x10856    : addi a5, a5, -1664         : IntAlu :  D=0x0000000000071980
 297000: system.cpu: T0 : 0x1085a    : ld a4, -1968(gp)           : MemRead :  D=0x0000000000000800 A=0x70878
 298000: system.cpu: T0 : 0x1085e    : addi a3, gp, -960          : IntAlu :  D=0x0000000000070c68
 299000: system.cpu: T0 : 0x10862    : sd a5, -16(s1)             : MemWrite :  D=0x0000000000071980 A=0x72700
 300000: system.cpu: T0 : 0x10866    : addi a2, zero, 64          : IntAlu :  D=0x0000000000000040
 300500: system.cpu: T0 : 0x1086a    : c_li a5, 1                 : IntAlu :  D=0x0000000000000001
 301000: system.cpu: T0 : 0x1086c    : c_sd a2, 0(a3)             : MemWrite :  D=0x0000000000000040 A=0x70c68
 302000: system.cpu: T0 : 0x1086e    : lui a2, 114                : IntAlu :  D=0x0000000000072000
 303000: system.cpu: T0 : 0x10872    : sd a5, -1688(a2)           : MemWrite :  D=0x0000000000000001 A=0x71968
 304000: system.cpu: T0 : 0x10876    : lui a2, 114                : IntAlu :  D=0x0000000000072000
 305000: system.cpu: T0 : 0x1087a    : sd s3, 40(a3)              : MemWrite :  D=0x000000000006fe60 A=0x70c90
 306000: system.cpu: T0 : 0x1087e    : sd a3, -656(a2)            : MemWrite :  D=0x0000000000070c68 A=0x71d70
 307000: system.cpu: T0 : 0x10882    : lui a3, 114                : IntAlu :  D=0x0000000000072000
 308000: system.cpu: T0 : 0x10886    : sd s8, -1696(a3)           : MemWrite :  D=0x0000000000000010 A=0x71960
 309000: system.cpu: T0 : 0x1088a    : lui a3, 114                : IntAlu :  D=0x0000000000072000
 310000: system.cpu: T0 : 0x1088e    : sd a5, 1096(s3)            : MemWrite :  D=0x0000000000000001 A=0x702a8
 311000: system.cpu: T0 : 0x10892    : sd a5, -632(a3)            : MemWrite :  D=0x0000000000000001 A=0x71d88
 311500: system.cpu: T0 : 0x10896    : c_addi a4, 15              : IntAlu :  D=0x000000000000080f
 312000: system.cpu: T0 : 0x10898    : sd s0, 1048(s3)            : MemWrite :  D=0x000000000006ead0 A=0x70278
 312500: system.cpu: T0 : 0x1089c    : c_ldsp ra, 120(sp)         : MemRead :  D=0x00000000000104da A=0x7ffffffffffffdf8
 313000: system.cpu: T0 : 0x1089e    : c_ldsp s0, 112(sp)         : MemRead :  D=0x000000000001093c A=0x7ffffffffffffdf0
 313500: system.cpu: T0 : 0x108a0    : sd s5, 1072(s3)            : MemWrite :  D=0x0000000000000008 A=0x70290
 314000: system.cpu: T0 : 0x108a4    : sd s10, 1064(s3)           : MemWrite :  D=0x0000000000000060 A=0x70288
 314500: system.cpu: T0 : 0x108a8    : sd s4, 1056(s3)            : MemWrite :  D=0x0000000000000020 A=0x70280
 315000: system.cpu: T0 : 0x108ac    : c_ldsp s5, 72(sp)          : MemRead :  D=0x0000000000000000 A=0x7ffffffffffffdc8
 315500: system.cpu: T0 : 0x108ae    : c_ldsp s3, 88(sp)          : MemRead :  D=0x0000000000000000 A=0x7ffffffffffffdd8
 316000: system.cpu: T0 : 0x108b0    : c_ldsp s4, 80(sp)          : MemRead :  D=0x0000000000000000 A=0x7ffffffffffffdd0
 316500: system.cpu: T0 : 0x108b2    : c_ldsp s8, 48(sp)          : MemRead :  D=0x0000000000000000 A=0x7ffffffffffffdb0
 317000: system.cpu: T0 : 0x108b4    : c_ldsp s10, 32(sp)         : MemRead :  D=0x0000000000000000 A=0x7ffffffffffffda0
 317500: system.cpu: T0 : 0x108b6    : c_ldsp s11, 24(sp)         : MemRead :  D=0x0000000000000000 A=0x7ffffffffffffd98
 318000: system.cpu: T0 : 0x108b8    : c_mv tp, s1                : IntAlu :  D=0x0000000000072710
 318500: system.cpu: T0 : 0x108ba    : c_ldsp s1, 104(sp)         : MemRead :  D=0x00000000000109cc A=0x7ffffffffffffde8
 319000: system.cpu: T0 : 0x108bc    : mul s2, s2, s9             : IntMult :  D=0x0000000000000060
 319500: system.cpu: T0 : 0x108c0    : c_ldsp s9, 40(sp)          : MemRead :  D=0x0000000000000000 A=0x7ffffffffffffda8
 320500: system.cpu: T0 : 0x108c2    : add a5, s2, s7             : IntAlu :  D=0x0000000000000060
 321000: system.cpu: T0 : 0x108c6    : c_add a4, a5               : IntAlu :  D=0x000000000000086f
 321500: system.cpu: T0 : 0x108c8    : c_andi a4, 18446744073709551600 : IntAlu :  D=0x0000000000000860
 322500: system.cpu: T0 : 0x108ca    : sd a4, -1968(gp)           : MemWrite :  D=0x0000000000000860 A=0x70878
 323500: system.cpu: T0 : 0x108ce    : lui a4, 114                : IntAlu :  D=0x0000000000072000
 324500: system.cpu: T0 : 0x108d2    : sd a5, -1704(a4)           : MemWrite :  D=0x0000000000000060 A=0x71958
 325000: system.cpu: T0 : 0x108d6    : c_ldsp s2, 96(sp)          : MemRead :  D=0x0000000000000000 A=0x7ffffffffffffde0
 325500: system.cpu: T0 : 0x108d8    : c_ldsp s6, 64(sp)          : MemRead :  D=0x0000000000000000 A=0x7ffffffffffffdc0
 326000: system.cpu: T0 : 0x108da    : c_ldsp s7, 56(sp)          : MemRead :  D=0x0000000000000000 A=0x7ffffffffffffdb8
 326500: system.cpu: T0 : 0x108dc    : c_addi16sp sp, 128         : IntAlu :  D=0x7ffffffffffffe00
 327000: system.cpu: T0 : 0x108de    : c_jr ra                    : IntAlu : 
 328000: system.cpu: T0 : 0x104da    : lui a5, 111                : IntAlu :  D=0x000000000006f000
 329000: system.cpu: T0 : 0x104de    : ld a5, -128(a5)            : MemRead :  D=0x7fffffffffffffe0 A=0x6ef80
 330000: system.cpu: T0 : 0x104e2    : lw a7, -1728(gp)           : MemRead :  D=0x0000000000000000 A=0x70968
 331000: system.cpu: T0 : 0x104e6    : lbu a6, 1(a5)              : MemRead :  D=0x0000000000000000 A=0x7fffffffffffffe1
 332000: system.cpu: T0 : 0x104ea    : lbu a4, 0(a5)              : MemRead :  D=0x0000000000000000 A=0x7fffffffffffffe0
 333000: system.cpu: T0 : 0x104ee    : lbu a0, 2(a5)              : MemRead :  D=0x0000000000000000 A=0x7fffffffffffffe2
 334000: system.cpu: T0 : 0x104f2    : lbu a1, 3(a5)              : MemRead :  D=0x0000000000000000 A=0x7fffffffffffffe3
 335000: system.cpu: T0 : 0x104f6    : lbu a2, 4(a5)              : MemRead :  D=0x0000000000000000 A=0x7fffffffffffffe4
 335500: system.cpu: T0 : 0x104fa    : c_slli a6, 8               : IntAlu :  D=0x0000000000000000
 336000: system.cpu: T0 : 0x104fc    : lbu a3, 5(a5)              : MemRead :  D=0x0000000000000000 A=0x7fffffffffffffe5
 336500: system.cpu: T0 : 0x10500    : or a6, a6, a4              : IntAlu :  D=0x0000000000000000
 337000: system.cpu: T0 : 0x10504    : c_slli a0, 16              : IntAlu :  D=0x0000000000000000
 338000: system.cpu: T0 : 0x10506    : lbu a4, 6(a5)              : MemRead :  D=0x0000000000000000 A=0x7fffffffffffffe6
 339000: system.cpu: T0 : 0x1050a    : or a0, a0, a6              : IntAlu :  D=0x0000000000000000
 339500: system.cpu: T0 : 0x1050e    : c_slli a1, 24              : IntAlu :  D=0x0000000000000000
 340000: system.cpu: T0 : 0x10510    : lbu a5, 7(a5)              : MemRead :  D=0x000000000000002e A=0x7fffffffffffffe7
 340500: system.cpu: T0 : 0x10514    : c_or a1, a0                : IntAlu :  D=0x0000000000000000
 341000: system.cpu: T0 : 0x10516    : c_slli a2, 32              : IntAlu :  D=0x0000000000000000
 341500: system.cpu: T0 : 0x10518    : c_or a2, a1                : IntAlu :  D=0x0000000000000000
 342000: system.cpu: T0 : 0x1051a    : c_slli a3, 40              : IntAlu :  D=0x0000000000000000
 342500: system.cpu: T0 : 0x1051c    : c_or a3, a2                : IntAlu :  D=0x0000000000000000
 343000: system.cpu: T0 : 0x1051e    : c_slli a4, 48              : IntAlu :  D=0x0000000000000000
 343500: system.cpu: T0 : 0x10520    : c_or a4, a3                : IntAlu :  D=0x0000000000000000
 344000: system.cpu: T0 : 0x10522    : c_slli a5, 56              : IntAlu :  D=0x2e00000000000000
 344500: system.cpu: T0 : 0x10524    : c_or a5, a4                : IntAlu :  D=0x2e00000000000000
 345500: system.cpu: T0 : 0x10526    : andi a5, a5, 18446744073709551360 : IntAlu :  D=0x2e00000000000000
 346500: system.cpu: T0 : 0x1052a    : lui a4, 111                : IntAlu :  D=0x000000000006f000
 347500: system.cpu: T0 : 0x1052e    : sd a5, -1264(a4)           : MemWrite :  D=0x2e00000000000000 A=0x6eb10
 348500: system.cpu: T0 : 0x10532    : beq a7, zero, 286          : IntAlu : 
 349000: system.cpu: T0 : 0x10650    : jal ra, 75206              : IntAlu :  D=0x0000000000010654
 349500: system.cpu: T0 : 0x22c16    : c_addi16sp sp, -496        : IntAlu :  D=0x7ffffffffffffc10
 350000: system.cpu: T0 : 0x22c18    : c_addi4spn a0, sp, 72      : IntAlu :  D=0x7ffffffffffffc58
 350500: system.cpu: T0 : 0x22c1a    : c_sdsp ra, 488(sp)         : MemWrite :  D=0x0000000000010654 A=0x7ffffffffffffdf8
 351000: system.cpu: T0 : 0x22c1c    : c_sdsp s0, 480(sp)         : MemWrite :  D=0x000000000001093c A=0x7ffffffffffffdf0
 351500: system.cpu: T0 : 0x22c1e    : c_sdsp s1, 472(sp)         : MemWrite :  D=0x00000000000109cc A=0x7ffffffffffffde8
 352000: system.cpu: T0 : 0x22c20    : jal ra, 90520              : IntAlu :  D=0x0000000000022c24
 352500: system.cpu: T0 : 0x38db8    : addi a7, zero, 160         : IntAlu :  D=0x00000000000000a0
 353000: system.cpu: T0 : 0x38dbc    : ecall                      : No_OpClass : 
 353500: system.cpu: T0 : 0x38dc0    : c_lui a7, 1048575          : IntAlu :  D=0xfffffffffffff000
 354500: system.cpu: T0 : 0x38dc2    : bltu a7, a0, 6             : IntAlu : 
 355000: system.cpu: T0 : 0x38dc6    : c_jr ra                    : IntAlu : 
 355500: system.cpu: T0 : 0x22c24    : addi a3, sp, 202           : IntAlu :  D=0x7ffffffffffffcda
 356000: system.cpu: T0 : 0x22c28    : c_bnez a0, 140             : IntAlu : 
 356500: system.cpu: T0 : 0x22c2a    : c_li t1, 0                 : IntAlu :  D=0x0000000000000000
 357000: system.cpu: T0 : 0x22c2c    : c_li a0, 0                 : IntAlu :  D=0x0000000000000000
 357500: system.cpu: T0 : 0x22c2e    : c_li a7, 9                 : IntAlu :  D=0x0000000000000009
 358000: system.cpu: T0 : 0x22c30    : addi t3, zero, 46          : IntAlu :  D=0x000000000000002e
 358500: system.cpu: T0 : 0x22c34    : c_li t4, 3                 : IntAlu :  D=0x0000000000000003
 359500: system.cpu: T0 : 0x22c36    : lbu a5, 0(a3)              : MemRead :  D=0x0000000000000035 A=0x7ffffffffffffcda
 360500: system.cpu: T0 : 0x22c3a    : addiw a5, a5, -48          : IntAlu :  D=0x0000000000000005
 361500: system.cpu: T0 : 0x22c3e    : andi a4, a5, 255           : IntAlu :  D=0x0000000000000005
 362500: system.cpu: T0 : 0x22c42    : bltu a7, a4, 98            : IntAlu : 
 363500: system.cpu: T0 : 0x22c46    : lbu a1, 1(a3)              : MemRead :  D=0x000000000000002e A=0x7ffffffffffffcdb
 364500: system.cpu: T0 : 0x22c4a    : addiw a4, a5, 0            : IntAlu :  D=0x0000000000000005
 365000: system.cpu: T0 : 0x22c4e    : c_addi a3, 1               : IntAlu :  D=0x7ffffffffffffcdb
 365500: system.cpu: T0 : 0x22c50    : addiw a2, a1, -48          : IntAlu :  D=0xfffffffffffffffe
 366000: system.cpu: T0 : 0x22c54    : andi a5, a2, 255           : IntAlu :  D=0x00000000000000fe
 366500: system.cpu: T0 : 0x22c58    : bltu a7, a5, 36            : IntAlu : 
 367000: system.cpu: T0 : 0x22c7c    : slliw a5, a0, 8            : IntAlu :  D=0x0000000000000000
 367500: system.cpu: T0 : 0x22c80    : c_or a5, a4                : IntAlu :  D=0x0000000000000005
 368000: system.cpu: T0 : 0x22c82    : c_addiw t1, 1              : IntAlu :  D=0x0000000000000001
 368500: system.cpu: T0 : 0x22c84    : addiw a0, a5, 0            : IntAlu :  D=0x0000000000000005
 369000: system.cpu: T0 : 0x22c88    : c_addi a3, 1               : IntAlu :  D=0x7ffffffffffffcdc
 370000: system.cpu: T0 : 0x22c8a    : bne a1, t3, 20             : IntAlu : 
 371000: system.cpu: T0 : 0x22c8e    : bne t1, t4, -88            : IntAlu : 
 372000: system.cpu: T0 : 0x22c36    : lbu a5, 0(a3)              : MemRead :  D=0x0000000000000031 A=0x7ffffffffffffcdc
 373000: system.cpu: T0 : 0x22c3a    : addiw a5, a5, -48          : IntAlu :  D=0x0000000000000001
 374000: system.cpu: T0 : 0x22c3e    : andi a4, a5, 255           : IntAlu :  D=0x0000000000000001
 375000: system.cpu: T0 : 0x22c42    : bltu a7, a4, 98            : IntAlu : 
 376000: system.cpu: T0 : 0x22c46    : lbu a1, 1(a3)              : MemRead :  D=0x000000000000002e A=0x7ffffffffffffcdd
 377000: system.cpu: T0 : 0x22c4a    : addiw a4, a5, 0            : IntAlu :  D=0x0000000000000001
 377500: system.cpu: T0 : 0x22c4e    : c_addi a3, 1               : IntAlu :  D=0x7ffffffffffffcdd
 378000: system.cpu: T0 : 0x22c50    : addiw a2, a1, -48          : IntAlu :  D=0xfffffffffffffffe
 378500: system.cpu: T0 : 0x22c54    : andi a5, a2, 255           : IntAlu :  D=0x00000000000000fe
 379000: system.cpu: T0 : 0x22c58    : bltu a7, a5, 36            : IntAlu : 
 379500: system.cpu: T0 : 0x22c7c    : slliw a5, a0, 8            : IntAlu :  D=0x0000000000000500
 380000: system.cpu: T0 : 0x22c80    : c_or a5, a4                : IntAlu :  D=0x0000000000000501
 380500: system.cpu: T0 : 0x22c82    : c_addiw t1, 1              : IntAlu :  D=0x0000000000000002
 381000: system.cpu: T0 : 0x22c84    : addiw a0, a5, 0            : IntAlu :  D=0x0000000000000501
 381500: system.cpu: T0 : 0x22c88    : c_addi a3, 1               : IntAlu :  D=0x7ffffffffffffcde
 382500: system.cpu: T0 : 0x22c8a    : bne a1, t3, 20             : IntAlu : 
 383500: system.cpu: T0 : 0x22c8e    : bne t1, t4, -88            : IntAlu : 
 384500: system.cpu: T0 : 0x22c36    : lbu a5, 0(a3)              : MemRead :  D=0x0000000000000030 A=0x7ffffffffffffcde
 385500: system.cpu: T0 : 0x22c3a    : addiw a5, a5, -48          : IntAlu :  D=0x0000000000000000
 386500: system.cpu: T0 : 0x22c3e    : andi a4, a5, 255           : IntAlu :  D=0x0000000000000000
 387500: system.cpu: T0 : 0x22c42    : bltu a7, a4, 98            : IntAlu : 
 388500: system.cpu: T0 : 0x22c46    : lbu a1, 1(a3)              : MemRead :  D=0x0000000000000000 A=0x7ffffffffffffcdf
 389500: system.cpu: T0 : 0x22c4a    : addiw a4, a5, 0            : IntAlu :  D=0x0000000000000000
 390000: system.cpu: T0 : 0x22c4e    : c_addi a3, 1               : IntAlu :  D=0x7ffffffffffffcdf
 390500: system.cpu: T0 : 0x22c50    : addiw a2, a1, -48          : IntAlu :  D=0xffffffffffffffd0
 391000: system.cpu: T0 : 0x22c54    : andi a5, a2, 255           : IntAlu :  D=0x00000000000000d0
 391500: system.cpu: T0 : 0x22c58    : bltu a7, a5, 36            : IntAlu : 
 392000: system.cpu: T0 : 0x22c7c    : slliw a5, a0, 8            : IntAlu :  D=0x0000000000050100
 392500: system.cpu: T0 : 0x22c80    : c_or a5, a4                : IntAlu :  D=0x0000000000050100
 393000: system.cpu: T0 : 0x22c82    : c_addiw t1, 1              : IntAlu :  D=0x0000000000000003
 393500: system.cpu: T0 : 0x22c84    : addiw a0, a5, 0            : IntAlu :  D=0x0000000000050100
 394000: system.cpu: T0 : 0x22c88    : c_addi a3, 1               : IntAlu :  D=0x7ffffffffffffce0
 395000: system.cpu: T0 : 0x22c8a    : bne a1, t3, 20             : IntAlu : 
 395500: system.cpu: T0 : 0x22c9e    : c_li a5, 3                 : IntAlu :  D=0x0000000000000003
 396000: system.cpu: T0 : 0x22ca0    : beq t1, a5, -14            : IntAlu : 
 396500: system.cpu: T0 : 0x22c92    : c_addiw a0, 0              : IntAlu :  D=0x0000000000050100
 397000: system.cpu: T0 : 0x22c94    : c_ldsp ra, 488(sp)         : MemRead :  D=0x0000000000010654 A=0x7ffffffffffffdf8
 397500: system.cpu: T0 : 0x22c96    : c_ldsp s0, 480(sp)         : MemRead :  D=0x000000000001093c A=0x7ffffffffffffdf0
 398000: system.cpu: T0 : 0x22c98    : c_ldsp s1, 472(sp)         : MemRead :  D=0x00000000000109cc A=0x7ffffffffffffde8
 398500: system.cpu: T0 : 0x22c9a    : c_addi16sp sp, 496         : IntAlu :  D=0x7ffffffffffffe00
 399000: system.cpu: T0 : 0x22c9c    : c_jr ra                    : IntAlu : 
 399500: system.cpu: T0 : 0x10654    : c_mv a5, a0                : IntAlu :  D=0x0000000000050100
 400500: system.cpu: T0 : 0x10656    : blt a0, zero, 104          : IntAlu : 
 401500: system.cpu: T0 : 0x1065a    : lui a4, 114                : IntAlu :  D=0x0000000000072000
 402500: system.cpu: T0 : 0x1065e    : lw a3, -376(a4)            : MemRead :  D=0x0000000000000000 A=0x71e88
 403500: system.cpu: T0 : 0x10662    : addiw a4, a0, 0            : IntAlu :  D=0x0000000000050100
 404000: system.cpu: T0 : 0x10666    : c_bnez a3, 82              : IntAlu : 
 404500: system.cpu: T0 : 0x10668    : lui a3, 114                : IntAlu :  D=0x0000000000072000
 405000: system.cpu: T0 : 0x1066c    : sw a4, -376(a3)            : MemWrite :  D=0x0000000000050100 A=0x71e88
 405500: system.cpu: T0 : 0x10670    : lui a4, 65                 : IntAlu :  D=0x0000000000041000
 406000: system.cpu: T0 : 0x10674    : addi a4, a4, -257          : IntAlu :  D=0x0000000000040eff
 406500: system.cpu: T0 : 0x10678    : blt a4, a5, -322           : IntAlu : 
 407500: system.cpu: T0 : 0x10536    : addi a5, zero, 0           : IntAlu :  D=0x0000000000000000
 408000: system.cpu: T0 : 0x1053a    : c_beqz a5, 10              : IntAlu : 
 408500: system.cpu: T0 : 0x10544    : lui a5, 111                : IntAlu :  D=0x000000000006f000
 409000: system.cpu: T0 : 0x10548    : ld a5, -128(a5)            : MemRead :  D=0x7fffffffffffffe0 A=0x6ef80
 409500: system.cpu: T0 : 0x1054c    : lbu a4, 14(a5)             : MemRead :  D=0x0000000000000000 A=0x7fffffffffffffee
 410000: system.cpu: T0 : 0x10550    : lbu a7, 8(a5)              : MemRead :  D=0x000000000000002e A=0x7fffffffffffffe8
 410500: system.cpu: T0 : 0x10554    : lbu a6, 9(a5)              : MemRead :  D=0x000000000000002f A=0x7fffffffffffffe9
 411000: system.cpu: T0 : 0x10558    : lbu a0, 10(a5)             : MemRead :  D=0x0000000000000074 A=0x7fffffffffffffea
 411500: system.cpu: T0 : 0x1055c    : lbu a1, 11(a5)             : MemRead :  D=0x0000000000000030 A=0x7fffffffffffffeb
 412000: system.cpu: T0 : 0x10560    : lbu a2, 12(a5)             : MemRead :  D=0x0000000000000030 A=0x7fffffffffffffec
 412500: system.cpu: T0 : 0x10564    : lbu a3, 13(a5)             : MemRead :  D=0x0000000000000031 A=0x7fffffffffffffed
 413000: system.cpu: T0 : 0x10568    : lbu a5, 15(a5)             : MemRead :  D=0x00000000000000c9 A=0x7fffffffffffffef
 413500: system.cpu: T0 : 0x1056c    : sb a7, 40(sp)              : MemWrite :  D=0x000000000000002e A=0x7ffffffffffffe28
 414000: system.cpu: T0 : 0x10570    : sb a6, 41(sp)              : MemWrite :  D=0x000000000000002f A=0x7ffffffffffffe29
 414500: system.cpu: T0 : 0x10574    : sb a5, 47(sp)              : MemWrite :  D=0x00000000000000c9 A=0x7ffffffffffffe2f
 415000: system.cpu: T0 : 0x10578    : sb a0, 42(sp)              : MemWrite :  D=0x0000000000000074 A=0x7ffffffffffffe2a
 415500: system.cpu: T0 : 0x1057c    : sb a1, 43(sp)              : MemWrite :  D=0x0000000000000030 A=0x7ffffffffffffe2b
 416000: system.cpu: T0 : 0x10580    : sb a2, 44(sp)              : MemWrite :  D=0x0000000000000030 A=0x7ffffffffffffe2c
 416500: system.cpu: T0 : 0x10584    : sb a3, 45(sp)              : MemWrite :  D=0x0000000000000031 A=0x7ffffffffffffe2d
 417000: system.cpu: T0 : 0x10588    : sb a4, 46(sp)              : MemWrite :  D=0x0000000000000000 A=0x7ffffffffffffe2e
 417500: system.cpu: T0 : 0x1058c    : c_ldsp a4, 40(sp)          : MemRead :  D=0xc900313030742f2e A=0x7ffffffffffffe28
 418500: system.cpu: T0 : 0x1058e    : lui a5, 111                : IntAlu :  D=0x000000000006f000
 419500: system.cpu: T0 : 0x10592    : sd a4, -1256(a5)           : MemWrite :  D=0xc900313030742f2e A=0x6eb18
 420500: system.cpu: T0 : 0x10596    : beq s2, zero, 14           : IntAlu : 
 421000: system.cpu: T0 : 0x105a4    : ld a2, -1360(gp)           : MemRead :  D=0x7fffffffffffff58 A=0x70ad8
 421500: system.cpu: T0 : 0x105a8    : c_ldsp a1, 16(sp)          : MemRead :  D=0x7fffffffffffff48 A=0x7ffffffffffffe10
 422000: system.cpu: T0 : 0x105aa    : c_ldsp a0, 8(sp)           : MemRead :  D=0x0000000000000001 A=0x7ffffffffffffe08
 422500: system.cpu: T0 : 0x105ac    : jal ra, 75610              : IntAlu :  D=0x00000000000105b0
 423000: system.cpu: T0 : 0x22d06    : c_addi sp, -32             : IntAlu :  D=0x7ffffffffffffde0
 423500: system.cpu: T0 : 0x22d08    : c_sdsp s0, 16(sp)          : MemWrite :  D=0x000000000001093c A=0x7ffffffffffffdf0
 424000: system.cpu: T0 : 0x22d0a    : c_sdsp s1, 8(sp)           : MemWrite :  D=0x00000000000109cc A=0x7ffffffffffffde8
 424500: system.cpu: T0 : 0x22d0c    : c_sdsp s2, 0(sp)           : MemWrite :  D=0x0000000000000000 A=0x7ffffffffffffde0
 425000: system.cpu: T0 : 0x22d0e    : c_sdsp ra, 24(sp)          : MemWrite :  D=0x00000000000105b0 A=0x7ffffffffffffdf8
 425500: system.cpu: T0 : 0x22d10    : addi a4, zero, 0           : IntAlu :  D=0x0000000000000000
 426000: system.cpu: T0 : 0x22d14    : c_mv s0, a0                : IntAlu :  D=0x0000000000000001
 426500: system.cpu: T0 : 0x22d16    : c_mv s1, a1                : IntAlu :  D=0x7fffffffffffff48
 427000: system.cpu: T0 : 0x22d18    : c_mv s2, a2                : IntAlu :  D=0x7fffffffffffff58
 427500: system.cpu: T0 : 0x22d1a    : c_beqz a4, 62              : IntAlu : 
 428000: system.cpu: T0 : 0x22d58    : lw a0, -1248(gp)           : MemRead :  D=0x0000000000000000 A=0x70b48
 428500: system.cpu: T0 : 0x22d5c    : lw a5, -1344(gp)           : MemRead :  D=0x0000000000000000 A=0x70ae8
 429000: system.cpu: T0 : 0x22d60    : sw zero, -1728(gp)         : MemWrite :  D=0x0000000000000000 A=0x70968
 429500: system.cpu: T0 : 0x22d64    : beq a5, a0, -60            : IntAlu : 
 430000: system.cpu: T0 : 0x22d28    : lui a5, 114                : IntAlu :  D=0x0000000000072000
 430500: system.cpu: T0 : 0x22d2c    : sw s0, -352(a5)            : MemWrite :  D=0x0000000000000001 A=0x71ea0
 431000: system.cpu: T0 : 0x22d30    : lui a5, 114                : IntAlu :  D=0x0000000000072000
 431500: system.cpu: T0 : 0x22d34    : sd s1, -344(a5)            : MemWrite :  D=0x7fffffffffffff48 A=0x71ea8
 432000: system.cpu: T0 : 0x22d38    : sd s2, -1360(gp)           : MemWrite :  D=0x7fffffffffffff58 A=0x70ad8
 432500: system.cpu: T0 : 0x22d3c    : jal ra, -2314              : IntAlu :  D=0x0000000000022d40
 433000: system.cpu: T0 : 0x22432    : c_addi16sp sp, -160        : IntAlu :  D=0x7ffffffffffffd40
 433500: system.cpu: T0 : 0x22434    : c_sdsp ra, 152(sp)         : MemWrite :  D=0x0000000000022d40 A=0x7ffffffffffffdd8
 434000: system.cpu: T0 : 0x22436    : c_sdsp s1, 136(sp)         : MemWrite :  D=0x7fffffffffffff48 A=0x7ffffffffffffdc8
 434500: system.cpu: T0 : 0x22438    : c_sdsp s2, 128(sp)         : MemWrite :  D=0x7fffffffffffff58 A=0x7ffffffffffffdc0
 435000: system.cpu: T0 : 0x2243a    : c_sdsp s3, 120(sp)         : MemWrite :  D=0x0000000000000000 A=0x7ffffffffffffdb8
 435500: system.cpu: T0 : 0x2243c    : c_sdsp s4, 112(sp)         : MemWrite :  D=0x0000000000000000 A=0x7ffffffffffffdb0
 436000: system.cpu: T0 : 0x2243e    : c_sdsp s0, 144(sp)         : MemWrite :  D=0x0000000000000001 A=0x7ffffffffffffdd0
 436500: system.cpu: T0 : 0x22440    : c_sdsp s5, 104(sp)         : MemWrite :  D=0x0000000000000000 A=0x7ffffffffffffda8
 437000: system.cpu: T0 : 0x22442    : c_sdsp s6, 96(sp)          : MemWrite :  D=0x0000000000000000 A=0x7ffffffffffffda0
 437500: system.cpu: T0 : 0x22444    : c_sdsp s7, 88(sp)          : MemWrite :  D=0x0000000000000000 A=0x7ffffffffffffd98
 438000: system.cpu: T0 : 0x22446    : c_sdsp s8, 80(sp)          : MemWrite :  D=0x0000000000000000 A=0x7ffffffffffffd90
 438500: system.cpu: T0 : 0x22448    : c_sdsp s9, 72(sp)          : MemWrite :  D=0x0000000000000000 A=0x7ffffffffffffd88
 439000: system.cpu: T0 : 0x2244a    : c_sdsp s10, 64(sp)         : MemWrite :  D=0x0000000000000000 A=0x7ffffffffffffd80
 439500: system.cpu: T0 : 0x2244c    : lui s2, 114                : IntAlu :  D=0x0000000000072000
 440000: system.cpu: T0 : 0x22450    : jal ra, 116914             : IntAlu :  D=0x0000000000022454
 440500: system.cpu: T0 : 0x3ed02    : c_lui t1, 1048575          : IntAlu :  D=0xfffffffffffff000
 441000: system.cpu: T0 : 0x3ed04    : c_addi16sp sp, -48         : IntAlu :  D=0x7ffffffffffffd10
 441500: system.cpu: T0 : 0x3ed06    : c_addi t1, 16              : IntAlu :  D=0xfffffffffffff010
 442000: system.cpu: T0 : 0x3ed08    : c_sdsp ra, 40(sp)          : MemWrite :  D=0x0000000000022454 A=0x7ffffffffffffd38
 442500: system.cpu: T0 : 0x3ed0a    : c_sdsp s0, 32(sp)          : MemWrite :  D=0x0000000000000001 A=0x7ffffffffffffd30
 443000: system.cpu: T0 : 0x3ed0c    : c_sdsp s1, 24(sp)          : MemWrite :  D=0x7fffffffffffff48 A=0x7ffffffffffffd28
 443500: system.cpu: T0 : 0x3ed0e    : c_sdsp s2, 16(sp)          : MemWrite :  D=0x0000000000072000 A=0x7ffffffffffffd20
 444000: system.cpu: T0 : 0x3ed10    : lui a1, 98                 : IntAlu :  D=0x0000000000062000
 444500: system.cpu: T0 : 0x3ed14    : c_add sp, t1               : IntAlu :  D=0x7fffffffffffed20
 445000: system.cpu: T0 : 0x3ed16    : c_lui a5, 1048575          : IntAlu :  D=0xfffffffffffff000
 445500: system.cpu: T0 : 0x3ed18    : addi a7, zero, 78          : IntAlu :  D=0x000000000000004e
 446000: system.cpu: T0 : 0x3ed1c    : addi a0, zero, -100        : IntAlu :  D=0xffffffffffffff9c
 446500: system.cpu: T0 : 0x3ed20    : addi a1, a1, 256           : IntAlu :  D=0x0000000000062100
 447000: system.cpu: T0 : 0x3ed24    : c_mv a2, sp                : IntAlu :  D=0x7fffffffffffed20
 447500: system.cpu: T0 : 0x3ed26    : c_lui a3, 1                : IntAlu :  D=0x0000000000001000
 448000: system.cpu: T0 : 0x3ed28    : ecall                      : No_OpClass : 
 448500: system.cpu: T0 : 0x3ed2c    : c_addiw a0, 0              : IntAlu :  D=0xfffffffffffffffe
 449500: system.cpu: T0 : 0x3ed2e    : bltu a5, a0, 84            : IntAlu : 
 450500: system.cpu: T0 : 0x3ed82    : lui a5, 114                : IntAlu :  D=0x0000000000072000
 451500: system.cpu: T0 : 0x3ed86    : ld s1, -448(a5)            : MemRead :  D=0x0000000000000000 A=0x71e40
 452000: system.cpu: T0 : 0x3ed8a    : c_beqz s1, 62              : IntAlu : 
 452500: system.cpu: T0 : 0x3edc8    : c_li s0, -1                : IntAlu :  D=0xffffffffffffffff
 453000: system.cpu: T0 : 0x3edca    : c_lui t1, 1                : IntAlu :  D=0x0000000000001000
 453500: system.cpu: T0 : 0x3edcc    : c_addi t1, -16             : IntAlu :  D=0x0000000000000ff0
 454000: system.cpu: T0 : 0x3edce    : c_add sp, t1               : IntAlu :  D=0x7ffffffffffffd10
 454500: system.cpu: T0 : 0x3edd0    : c_ldsp ra, 40(sp)          : MemRead :  D=0x0000000000022454 A=0x7ffffffffffffd38
 455000: system.cpu: T0 : 0x3edd2    : c_mv a0, s0                : IntAlu :  D=0xffffffffffffffff
 455500: system.cpu: T0 : 0x3edd4    : c_ldsp s1, 24(sp)          : MemRead :  D=0x7fffffffffffff48 A=0x7ffffffffffffd28
 456000: system.cpu: T0 : 0x3edd6    : c_ldsp s0, 32(sp)          : MemRead :  D=0x0000000000000001 A=0x7ffffffffffffd30
 456500: system.cpu: T0 : 0x3edd8    : c_ldsp s2, 16(sp)          : MemRead :  D=0x0000000000072000 A=0x7ffffffffffffd20
 457000: system.cpu: T0 : 0x3edda    : c_addi16sp sp, 48          : IntAlu :  D=0x7ffffffffffffd40
 457500: system.cpu: T0 : 0x3eddc    : c_jr ra                    : IntAlu : 
 458000: system.cpu: T0 : 0x22454    : lui s3, 114                : IntAlu :  D=0x0000000000072000
 458500: system.cpu: T0 : 0x22458    : ld a5, -408(s3)            : MemRead :  D=0x0000000000000006 A=0x71e68
 459000: system.cpu: T0 : 0x2245c    : ld a4, -464(s2)            : MemRead :  D=0x0000000000010040 A=0x71e30
 459500: system.cpu: T0 : 0x22460    : c_mv a3, a0                : IntAlu :  D=0xffffffffffffffff
 460500: system.cpu: T0 : 0x22462    : lui s4, 112                : IntAlu :  D=0x0000000000070000
 461500: system.cpu: T0 : 0x22466    : lui a0, 80                 : IntAlu :  D=0x0000000000050000
 462500: system.cpu: T0 : 0x2246a    : addi s1, s4, -416          : IntAlu :  D=0x000000000006fe60
 463500: system.cpu: T0 : 0x2246e    : addi a0, a0, -864          : IntAlu :  D=0x000000000004fca0
 464500: system.cpu: T0 : 0x22472    : sh a5, 696(s1)             : MemWrite :  D=0x0000000000000006 A=0x70118
 465500: system.cpu: T0 : 0x22476    : sd a3, 840(s1)             : MemWrite :  D=0xffffffffffffffff A=0x701a8
 466500: system.cpu: T0 : 0x2247a    : sd a4, 680(s1)             : MemWrite :  D=0x0000000000010040 A=0x70108
 467500: system.cpu: T0 : 0x2247e    : jal ra, -56890             : IntAlu :  D=0x0000000000022482
 468000: system.cpu: T0 : 0x14644    : c_addi16sp sp, -64         : IntAlu :  D=0x7ffffffffffffd00
 468500: system.cpu: T0 : 0x14646    : c_sdsp s1, 40(sp)          : MemWrite :  D=0x000000000006fe60 A=0x7ffffffffffffd28
 469000: system.cpu: T0 : 0x14648    : ld s1, -1360(gp)           : MemRead :  D=0x7fffffffffffff58 A=0x70ad8
 469500: system.cpu: T0 : 0x1464c    : c_sdsp ra, 56(sp)          : MemWrite :  D=0x0000000000022482 A=0x7ffffffffffffd38
 470000: system.cpu: T0 : 0x1464e    : c_sdsp s0, 48(sp)          : MemWrite :  D=0x0000000000000001 A=0x7ffffffffffffd30
 470500: system.cpu: T0 : 0x14650    : c_sdsp s2, 32(sp)          : MemWrite :  D=0x0000000000072000 A=0x7ffffffffffffd20
 471000: system.cpu: T0 : 0x14652    : c_sdsp s3, 24(sp)          : MemWrite :  D=0x0000000000072000 A=0x7ffffffffffffd18
 471500: system.cpu: T0 : 0x14654    : c_sdsp s4, 16(sp)          : MemWrite :  D=0x0000000000070000 A=0x7ffffffffffffd10
 472000: system.cpu: T0 : 0x14656    : c_sdsp s5, 8(sp)           : MemWrite :  D=0x0000000000000000 A=0x7ffffffffffffd08
 472500: system.cpu: T0 : 0x14658    : c_sdsp s6, 0(sp)           : MemWrite :  D=0x0000000000000000 A=0x7ffffffffffffd00
 473000: system.cpu: T0 : 0x1465a    : c_beqz s1, 210             : IntAlu : 
 473500: system.cpu: T0 : 0x1465c    : lbu a5, 0(a0)              : MemRead :  D=0x000000000000004c A=0x4fca0
 474000: system.cpu: T0 : 0x14660    : c_mv s4, a0                : IntAlu :  D=0x000000000004fca0
 474500: system.cpu: T0 : 0x14662    : c_beqz a5, 202             : IntAlu : 
 475000: system.cpu: T0 : 0x14664    : lbu s5, 1(a0)              : MemRead :  D=0x0000000000000044 A=0x4fca1
 475500: system.cpu: T0 : 0x14668    : slliw s2, a5, 16           : IntAlu :  D=0x00000000004c0000
 476000: system.cpu: T0 : 0x1466c    : c_ld s0, 0(s1)             : MemRead :  D=0x0000000000000000 A=0x7fffffffffffff58
 477000: system.cpu: T0 : 0x1466e    : sraiw s2, s2, 16           : IntAlu :  D=0x000000000000004c
 478000: system.cpu: T0 : 0x14672    : bne s5, zero, 86           : IntAlu : 
 478500: system.cpu: T0 : 0x146c8    : jal ra, 42488              : IntAlu :  D=0x00000000000146cc
 479000: system.cpu: T0 : 0x1ecc0    : andi a5, a0, 7             : IntAlu :  D=0x0000000000000000
 479500: system.cpu: T0 : 0x1ecc4    : c_beqz a5, 26              : IntAlu : 
 480000: system.cpu: T0 : 0x1ecde    : c_mv a5, a0                : IntAlu :  D=0x000000000004fca0
 480500: system.cpu: T0 : 0x1ece0    : ld a6, -2024(gp)           : MemRead :  D=0xfefefefefefefeff A=0x70840
 481000: system.cpu: T0 : 0x1ece4    : ld a1, -2016(gp)           : MemRead :  D=0x8080808080808080 A=0x70848
 481500: system.cpu: T0 : 0x1ece8    : c_ld a2, 0(a5)             : MemRead :  D=0x004e5241575f444c A=0x4fca0
 482500: system.cpu: T0 : 0x1ecea    : addi a3, a5, 8             : IntAlu :  D=0x000000000004fca8
 483500: system.cpu: T0 : 0x1ecee    : add a4, a2, a6             : IntAlu :  D=0xff4d5140565e434b
 484500: system.cpu: T0 : 0x1ecf2    : xori a2, a2, 18446744073709551615 : IntAlu :  D=0xffb1adbea8a0bbb3
 485000: system.cpu: T0 : 0x1ecf6    : c_and a4, a2               : IntAlu :  D=0xff01010000000303
 485500: system.cpu: T0 : 0x1ecf8    : c_and a4, a1               : IntAlu :  D=0x8000000000000000
 486000: system.cpu: T0 : 0x1ecfa    : c_beqz a4, 50              : IntAlu : 
 486500: system.cpu: T0 : 0x1ecfc    : lbu a4, -8(a3)             : MemRead :  D=0x000000000000004c A=0x4fca0
 487000: system.cpu: T0 : 0x1ed00    : c_beqz a4, -40             : IntAlu : 
 488000: system.cpu: T0 : 0x1ed02    : lbu a4, -7(a3)             : MemRead :  D=0x0000000000000044 A=0x4fca1
 488500: system.cpu: T0 : 0x1ed06    : c_beqz a4, 50              : IntAlu : 
 489000: system.cpu: T0 : 0x1ed08    : lbu a4, -6(a3)             : MemRead :  D=0x000000000000005f A=0x4fca2
 489500: system.cpu: T0 : 0x1ed0c    : c_beqz a4, 52              : IntAlu : 
 490500: system.cpu: T0 : 0x1ed0e    : lbu a4, -5(a3)             : MemRead :  D=0x0000000000000057 A=0x4fca3
 491000: system.cpu: T0 : 0x1ed12    : c_beqz a4, 54              : IntAlu : 
 491500: system.cpu: T0 : 0x1ed14    : lbu a4, -4(a3)             : MemRead :  D=0x0000000000000041 A=0x4fca4
 492000: system.cpu: T0 : 0x1ed18    : c_beqz a4, 56              : IntAlu : 
 493000: system.cpu: T0 : 0x1ed1a    : lbu a4, -3(a3)             : MemRead :  D=0x0000000000000052 A=0x4fca5
 493500: system.cpu: T0 : 0x1ed1e    : c_beqz a4, 58              : IntAlu : 
 494000: system.cpu: T0 : 0x1ed20    : lbu a4, -2(a3)             : MemRead :  D=0x000000000000004e A=0x4fca6
 494500: system.cpu: T0 : 0x1ed24    : c_beqz a4, 60              : IntAlu : 
 495500: system.cpu: T0 : 0x1ed26    : lbu a4, -1(a3)             : MemRead :  D=0x0000000000000000 A=0x4fca7
 496000: system.cpu: T0 : 0x1ed2a    : c_beqz a4, 6               : IntAlu : 
 496500: system.cpu: T0 : 0x1ed30    : c_sub a5, a0               : IntAlu :  D=0x0000000000000000
 497500: system.cpu: T0 : 0x1ed32    : addi a0, a5, 7             : IntAlu :  D=0x0000000000000007
 498000: system.cpu: T0 : 0x1ed36    : c_jr ra                    : IntAlu : 
 498500: system.cpu: T0 : 0x146cc    : slli a5, s5, 8             : IntAlu :  D=0x0000000000004400
 499000: system.cpu: T0 : 0x146d0    : or a5, s2, a5              : IntAlu :  D=0x000000000000444c
 499500: system.cpu: T0 : 0x146d4    : slliw s2, a5, 16           : IntAlu :  D=0x00000000444c0000
 500000: system.cpu: T0 : 0x146d8    : c_mv s3, a0                : IntAlu :  D=0x0000000000000007
 501000: system.cpu: T0 : 0x146da    : sraiw s2, s2, 16           : IntAlu :  D=0x000000000000444c
 502000: system.cpu: T0 : 0x146de    : addi s5, a0, -2            : IntAlu :  D=0x0000000000000005
 502500: system.cpu: T0 : 0x146e2    : c_addi s4, 2               : IntAlu :  D=0x000000000004fca2
 503000: system.cpu: T0 : 0x146e4    : c_beqz s0, -50             : IntAlu : 
 503500: system.cpu: T0 : 0x146b2    : c_ldsp ra, 56(sp)          : MemRead :  D=0x0000000000022482 A=0x7ffffffffffffd38
 504000: system.cpu: T0 : 0x146b4    : c_mv a0, s0                : IntAlu :  D=0x0000000000000000
 504500: system.cpu: T0 : 0x146b6    : c_ldsp s0, 48(sp)          : MemRead :  D=0x0000000000000001 A=0x7ffffffffffffd30
 505000: system.cpu: T0 : 0x146b8    : c_ldsp s1, 40(sp)          : MemRead :  D=0x000000000006fe60 A=0x7ffffffffffffd28
 505500: system.cpu: T0 : 0x146ba    : c_ldsp s2, 32(sp)          : MemRead :  D=0x0000000000072000 A=0x7ffffffffffffd20
 506000: system.cpu: T0 : 0x146bc    : c_ldsp s3, 24(sp)          : MemRead :  D=0x0000000000072000 A=0x7ffffffffffffd18
 506500: system.cpu: T0 : 0x146be    : c_ldsp s4, 16(sp)          : MemRead :  D=0x0000000000070000 A=0x7ffffffffffffd10
 507000: system.cpu: T0 : 0x146c0    : c_ldsp s5, 8(sp)           : MemRead :  D=0x0000000000000000 A=0x7ffffffffffffd08
 507500: system.cpu: T0 : 0x146c2    : c_ldsp s6, 0(sp)           : MemRead :  D=0x0000000000000000 A=0x7ffffffffffffd00
 508000: system.cpu: T0 : 0x146c4    : c_addi16sp sp, 64          : IntAlu :  D=0x7ffffffffffffd40
 508500: system.cpu: T0 : 0x146c6    : c_jr ra                    : IntAlu : 
 509000: system.cpu: T0 : 0x22482    : c_li a5, 0                 : IntAlu :  D=0x0000000000000000
 509500: system.cpu: T0 : 0x22484    : c_beqz a0, 10              : IntAlu : 
 510500: system.cpu: T0 : 0x2248e    : lui s5, 114                : IntAlu :  D=0x0000000000072000
 511500: system.cpu: T0 : 0x22492    : ld a4, -432(s5)            : MemRead :  D=0x0000000000000000 A=0x71e50
 512500: system.cpu: T0 : 0x22496    : lui a3, 114                : IntAlu :  D=0x0000000000072000
 513500: system.cpu: T0 : 0x2249a    : sw a5, -416(a3)            : MemWrite :  D=0x0000000000000000 A=0x71e60
 514500: system.cpu: T0 : 0x2249e    : beq a4, zero, 1518         : IntAlu : 
 515000: system.cpu: T0 : 0x22a8c    : lui s6, 114                : IntAlu :  D=0x0000000000072000
 515500: system.cpu: T0 : 0x22a90    : ld s0, -480(s6)            : MemRead :  D=0x0000000000000000 A=0x71e20
 516000: system.cpu: T0 : 0x22a94    : bne s0, zero, -1062        : IntAlu : 
 516500: system.cpu: T0 : 0x22a98    : lui s0, 111                : IntAlu :  D=0x000000000006f000
 517000: system.cpu: T0 : 0x22a9c    : addi s0, s0, -128          : IntAlu :  D=0x000000000006ef80
 517500: system.cpu: T0 : 0x22aa0    : sd zero, 8(s0)             : MemWrite :  D=0x0000000000000000 A=0x6ef88
 518000: system.cpu: T0 : 0x22aa4    : sd zero, 16(s0)            : MemWrite :  D=0x0000000000000000 A=0x6ef90
 518500: system.cpu: T0 : 0x22aa8    : sd zero, 24(s0)            : MemWrite :  D=0x0000000000000000 A=0x6ef98
 519000: system.cpu: T0 : 0x22aac    : c_li a5, 0                 : IntAlu :  D=0x0000000000000000
 519500: system.cpu: T0 : 0x22aae    : c_j -678                   : IntAlu : 
 520000: system.cpu: T0 : 0x22808    : lui a0, 80                 : IntAlu :  D=0x0000000000050000
 520500: system.cpu: T0 : 0x2280c    : addi a0, a0, -512          : IntAlu :  D=0x000000000004fe00
 521000: system.cpu: T0 : 0x22810    : c_sd a5, 32(s0)            : MemWrite :  D=0x0000000000000000 A=0x6efa0
 522000: system.cpu: T0 : 0x22812    : jal ra, -57806             : IntAlu :  D=0x0000000000022816
 522500: system.cpu: T0 : 0x14644    : c_addi16sp sp, -64         : IntAlu :  D=0x7ffffffffffffd00
 523000: system.cpu: T0 : 0x14646    : c_sdsp s1, 40(sp)          : MemWrite :  D=0x000000000006fe60 A=0x7ffffffffffffd28
 523500: system.cpu: T0 : 0x14648    : ld s1, -1360(gp)           : MemRead :  D=0x7fffffffffffff58 A=0x70ad8
 524000: system.cpu: T0 : 0x1464c    : c_sdsp ra, 56(sp)          : MemWrite :  D=0x0000000000022816 A=0x7ffffffffffffd38
 524500: system.cpu: T0 : 0x1464e    : c_sdsp s0, 48(sp)          : MemWrite :  D=0x000000000006ef80 A=0x7ffffffffffffd30
 525000: system.cpu: T0 : 0x14650    : c_sdsp s2, 32(sp)          : MemWrite :  D=0x0000000000072000 A=0x7ffffffffffffd20
 525500: system.cpu: T0 : 0x14652    : c_sdsp s3, 24(sp)          : MemWrite :  D=0x0000000000072000 A=0x7ffffffffffffd18
 526000: system.cpu: T0 : 0x14654    : c_sdsp s4, 16(sp)          : MemWrite :  D=0x0000000000070000 A=0x7ffffffffffffd10
 526500: system.cpu: T0 : 0x14656    : c_sdsp s5, 8(sp)           : MemWrite :  D=0x0000000000072000 A=0x7ffffffffffffd08
 527000: system.cpu: T0 : 0x14658    : c_sdsp s6, 0(sp)           : MemWrite :  D=0x0000000000072000 A=0x7ffffffffffffd00
 527500: system.cpu: T0 : 0x1465a    : c_beqz s1, 210             : IntAlu : 
 528000: system.cpu: T0 : 0x1465c    : lbu a5, 0(a0)              : MemRead :  D=0x000000000000004c A=0x4fe00
 528500: system.cpu: T0 : 0x14660    : c_mv s4, a0                : IntAlu :  D=0x000000000004fe00
 529000: system.cpu: T0 : 0x14662    : c_beqz a5, 202             : IntAlu : 
 529500: system.cpu: T0 : 0x14664    : lbu s5, 1(a0)              : MemRead :  D=0x0000000000000044 A=0x4fe01
 530000: system.cpu: T0 : 0x14668    : slliw s2, a5, 16           : IntAlu :  D=0x00000000004c0000
 530500: system.cpu: T0 : 0x1466c    : c_ld s0, 0(s1)             : MemRead :  D=0x0000000000000000 A=0x7fffffffffffff58
 531500: system.cpu: T0 : 0x1466e    : sraiw s2, s2, 16           : IntAlu :  D=0x000000000000004c
 532500: system.cpu: T0 : 0x14672    : bne s5, zero, 86           : IntAlu : 
 533000: system.cpu: T0 : 0x146c8    : jal ra, 42488              : IntAlu :  D=0x00000000000146cc
 533500: system.cpu: T0 : 0x1ecc0    : andi a5, a0, 7             : IntAlu :  D=0x0000000000000000
 534000: system.cpu: T0 : 0x1ecc4    : c_beqz a5, 26              : IntAlu : 
 534500: system.cpu: T0 : 0x1ecde    : c_mv a5, a0                : IntAlu :  D=0x000000000004fe00
 535000: system.cpu: T0 : 0x1ece0    : ld a6, -2024(gp)           : MemRead :  D=0xfefefefefefefeff A=0x70840
 535500: system.cpu: T0 : 0x1ece4    : ld a1, -2016(gp)           : MemRead :  D=0x8080808080808080 A=0x70848
 536000: system.cpu: T0 : 0x1ece8    : c_ld a2, 0(a5)             : MemRead :  D=0x415242494c5f444c A=0x4fe00
 537000: system.cpu: T0 : 0x1ecea    : addi a3, a5, 8             : IntAlu :  D=0x000000000004fe08
 538000: system.cpu: T0 : 0x1ecee    : add a4, a2, a6             : IntAlu :  D=0x405141484b5e434b
 539000: system.cpu: T0 : 0x1ecf2    : xori a2, a2, 18446744073709551615 : IntAlu :  D=0xbeadbdb6b3a0bbb3
 539500: system.cpu: T0 : 0x1ecf6    : c_and a4, a2               : IntAlu :  D=0x0001010003000303
 540000: system.cpu: T0 : 0x1ecf8    : c_and a4, a1               : IntAlu :  D=0x0000000000000000
 540500: system.cpu: T0 : 0x1ecfa    : c_beqz a4, 50              : IntAlu : 
 541000: system.cpu: T0 : 0x1ed2c    : c_mv a5, a3                : IntAlu :  D=0x000000000004fe08
 541500: system.cpu: T0 : 0x1ed2e    : c_j -70                    : IntAlu : 
 542000: system.cpu: T0 : 0x1ece8    : c_ld a2, 0(a5)             : MemRead :  D=0x00485441505f5952 A=0x4fe08
 543000: system.cpu: T0 : 0x1ecea    : addi a3, a5, 8             : IntAlu :  D=0x000000000004fe10
 544000: system.cpu: T0 : 0x1ecee    : add a4, a2, a6             : IntAlu :  D=0xff4753404f5e5851
 545000: system.cpu: T0 : 0x1ecf2    : xori a2, a2, 18446744073709551615 : IntAlu :  D=0xffb7abbeafa0a6ad
 545500: system.cpu: T0 : 0x1ecf6    : c_and a4, a2               : IntAlu :  D=0xff0703000f000001
 546000: system.cpu: T0 : 0x1ecf8    : c_and a4, a1               : IntAlu :  D=0x8000000000000000
 546500: system.cpu: T0 : 0x1ecfa    : c_beqz a4, 50              : IntAlu : 
 547000: system.cpu: T0 : 0x1ecfc    : lbu a4, -8(a3)             : MemRead :  D=0x0000000000000052 A=0x4fe08
 547500: system.cpu: T0 : 0x1ed00    : c_beqz a4, -40             : IntAlu : 
 548500: system.cpu: T0 : 0x1ed02    : lbu a4, -7(a3)             : MemRead :  D=0x0000000000000059 A=0x4fe09
 549000: system.cpu: T0 : 0x1ed06    : c_beqz a4, 50              : IntAlu : 
 549500: system.cpu: T0 : 0x1ed08    : lbu a4, -6(a3)             : MemRead :  D=0x000000000000005f A=0x4fe0a
 550000: system.cpu: T0 : 0x1ed0c    : c_beqz a4, 52              : IntAlu : 
 551000: system.cpu: T0 : 0x1ed0e    : lbu a4, -5(a3)             : MemRead :  D=0x0000000000000050 A=0x4fe0b
 551500: system.cpu: T0 : 0x1ed12    : c_beqz a4, 54              : IntAlu : 
 552000: system.cpu: T0 : 0x1ed14    : lbu a4, -4(a3)             : MemRead :  D=0x0000000000000041 A=0x4fe0c
 552500: system.cpu: T0 : 0x1ed18    : c_beqz a4, 56              : IntAlu : 
 553500: system.cpu: T0 : 0x1ed1a    : lbu a4, -3(a3)             : MemRead :  D=0x0000000000000054 A=0x4fe0d
 554000: system.cpu: T0 : 0x1ed1e    : c_beqz a4, 58              : IntAlu : 
 554500: system.cpu: T0 : 0x1ed20    : lbu a4, -2(a3)             : MemRead :  D=0x0000000000000048 A=0x4fe0e
 555000: system.cpu: T0 : 0x1ed24    : c_beqz a4, 60              : IntAlu : 
 556000: system.cpu: T0 : 0x1ed26    : lbu a4, -1(a3)             : MemRead :  D=0x0000000000000000 A=0x4fe0f
 556500: system.cpu: T0 : 0x1ed2a    : c_beqz a4, 6               : IntAlu : 
 557000: system.cpu: T0 : 0x1ed30    : c_sub a5, a0               : IntAlu :  D=0x0000000000000008
 558000: system.cpu: T0 : 0x1ed32    : addi a0, a5, 7             : IntAlu :  D=0x000000000000000f
 558500: system.cpu: T0 : 0x1ed36    : c_jr ra                    : IntAlu : 
 559000: system.cpu: T0 : 0x146cc    : slli a5, s5, 8             : IntAlu :  D=0x0000000000004400
 559500: system.cpu: T0 : 0x146d0    : or a5, s2, a5              : IntAlu :  D=0x000000000000444c
 560000: system.cpu: T0 : 0x146d4    : slliw s2, a5, 16           : IntAlu :  D=0x00000000444c0000
 560500: system.cpu: T0 : 0x146d8    : c_mv s3, a0                : IntAlu :  D=0x000000000000000f
 561500: system.cpu: T0 : 0x146da    : sraiw s2, s2, 16           : IntAlu :  D=0x000000000000444c
 562500: system.cpu: T0 : 0x146de    : addi s5, a0, -2            : IntAlu :  D=0x000000000000000d
 563000: system.cpu: T0 : 0x146e2    : c_addi s4, 2               : IntAlu :  D=0x000000000004fe02
 563500: system.cpu: T0 : 0x146e4    : c_beqz s0, -50             : IntAlu : 
 564000: system.cpu: T0 : 0x146b2    : c_ldsp ra, 56(sp)          : MemRead :  D=0x0000000000022816 A=0x7ffffffffffffd38
 564500: system.cpu: T0 : 0x146b4    : c_mv a0, s0                : IntAlu :  D=0x0000000000000000
 565000: system.cpu: T0 : 0x146b6    : c_ldsp s0, 48(sp)          : MemRead :  D=0x000000000006ef80 A=0x7ffffffffffffd30
 565500: system.cpu: T0 : 0x146b8    : c_ldsp s1, 40(sp)          : MemRead :  D=0x000000000006fe60 A=0x7ffffffffffffd28
 566000: system.cpu: T0 : 0x146ba    : c_ldsp s2, 32(sp)          : MemRead :  D=0x0000000000072000 A=0x7ffffffffffffd20
 566500: system.cpu: T0 : 0x146bc    : c_ldsp s3, 24(sp)          : MemRead :  D=0x0000000000072000 A=0x7ffffffffffffd18
 567000: system.cpu: T0 : 0x146be    : c_ldsp s4, 16(sp)          : MemRead :  D=0x0000000000070000 A=0x7ffffffffffffd10
 567500: system.cpu: T0 : 0x146c0    : c_ldsp s5, 8(sp)           : MemRead :  D=0x0000000000072000 A=0x7ffffffffffffd08
 568000: system.cpu: T0 : 0x146c2    : c_ldsp s6, 0(sp)           : MemRead :  D=0x0000000000072000 A=0x7ffffffffffffd00
 568500: system.cpu: T0 : 0x146c4    : c_addi16sp sp, 64          : IntAlu :  D=0x7ffffffffffffd40
 569000: system.cpu: T0 : 0x146c6    : c_jr ra                    : IntAlu : 
 570000: system.cpu: T0 : 0x22816    : jal ra, 99838              : IntAlu :  D=0x000000000002281a
 570500: system.cpu: T0 : 0x3ae14    : c_addi16sp sp, -64         : IntAlu :  D=0x7ffffffffffffd00
 571000: system.cpu: T0 : 0x3ae16    : c_sdsp ra, 56(sp)          : MemWrite :  D=0x000000000002281a A=0x7ffffffffffffd38
 571500: system.cpu: T0 : 0x3ae18    : c_sdsp s0, 48(sp)          : MemWrite :  D=0x000000000006ef80 A=0x7ffffffffffffd30
 572000: system.cpu: T0 : 0x3ae1a    : c_sdsp s2, 32(sp)          : MemWrite :  D=0x0000000000072000 A=0x7ffffffffffffd20
 572500: system.cpu: T0 : 0x3ae1c    : c_sdsp s3, 24(sp)          : MemWrite :  D=0x0000000000072000 A=0x7ffffffffffffd18
 573000: system.cpu: T0 : 0x3ae1e    : c_addi4spn s0, sp, 64      : IntAlu :  D=0x7ffffffffffffd40
 573500: system.cpu: T0 : 0x3ae20    : c_sdsp s1, 40(sp)          : MemWrite :  D=0x000000000006fe60 A=0x7ffffffffffffd28
 574000: system.cpu: T0 : 0x3ae22    : c_sdsp s4, 16(sp)          : MemWrite :  D=0x0000000000070000 A=0x7ffffffffffffd10
 574500: system.cpu: T0 : 0x3ae24    : c_sdsp s5, 8(sp)           : MemWrite :  D=0x0000000000072000 A=0x7ffffffffffffd08
 575500: system.cpu: T0 : 0x3ae26    : lui a5, 114                : IntAlu :  D=0x0000000000072000
 576500: system.cpu: T0 : 0x3ae2a    : ld a1, -544(a5)            : MemRead :  D=0x0000000000000000 A=0x71de0
 577500: system.cpu: T0 : 0x3ae2e    : lui a5, 114                : IntAlu :  D=0x0000000000072000
 578000: system.cpu: T0 : 0x3ae32    : c_mv s2, a0                : IntAlu :  D=0x0000000000000000
 578500: system.cpu: T0 : 0x3ae34    : lui s3, 111                : IntAlu :  D=0x000000000006f000
 579000: system.cpu: T0 : 0x3ae38    : ld a0, -496(a5)            : MemRead :  D=0x0000000000000000 A=0x71e10
 579500: system.cpu: T0 : 0x3ae3c    : addi s3, s3, -64           : IntAlu :  D=0x000000000006efc0
 580000: system.cpu: T0 : 0x3ae40    : addi a3, s3, 8             : IntAlu :  D=0x000000000006efc8
 580500: system.cpu: T0 : 0x3ae44    : addi a2, s3, 16            : IntAlu :  D=0x000000000006efd0
 581000: system.cpu: T0 : 0x3ae48    : jal ra, 9754               : IntAlu :  D=0x000000000003ae4c
 581500: system.cpu: T0 : 0x3d462    : c_addi16sp sp, -192        : IntAlu :  D=0x7ffffffffffffc40
 582000: system.cpu: T0 : 0x3d464    : c_sdsp s0, 176(sp)         : MemWrite :  D=0x7ffffffffffffd40 A=0x7ffffffffffffcf0
 582500: system.cpu: T0 : 0x3d466    : c_sdsp s3, 152(sp)         : MemWrite :  D=0x000000000006efc0 A=0x7ffffffffffffcd8
 583000: system.cpu: T0 : 0x3d468    : c_addi4spn s0, sp, 192     : IntAlu :  D=0x7ffffffffffffd00
 583500: system.cpu: T0 : 0x3d46a    : c_sdsp s4, 144(sp)         : MemWrite :  D=0x0000000000070000 A=0x7ffffffffffffcd0
 584000: system.cpu: T0 : 0x3d46c    : c_sdsp s9, 104(sp)         : MemWrite :  D=0x0000000000000000 A=0x7ffffffffffffca8
 584500: system.cpu: T0 : 0x3d46e    : c_sdsp s11, 88(sp)         : MemWrite :  D=0x0000000000000000 A=0x7ffffffffffffc98
 585000: system.cpu: T0 : 0x3d470    : c_sdsp ra, 184(sp)         : MemWrite :  D=0x000000000003ae4c A=0x7ffffffffffffcf8
 585500: system.cpu: T0 : 0x3d472    : c_sdsp s1, 168(sp)         : MemWrite :  D=0x000000000006fe60 A=0x7ffffffffffffce8
 586000: system.cpu: T0 : 0x3d474    : c_sdsp s2, 160(sp)         : MemWrite :  D=0x0000000000000000 A=0x7ffffffffffffce0
 586500: system.cpu: T0 : 0x3d476    : c_sdsp s5, 136(sp)         : MemWrite :  D=0x0000000000072000 A=0x7ffffffffffffcc8
 587000: system.cpu: T0 : 0x3d478    : c_sdsp s6, 128(sp)         : MemWrite :  D=0x0000000000072000 A=0x7ffffffffffffcc0
 587500: system.cpu: T0 : 0x3d47a    : c_sdsp s7, 120(sp)         : MemWrite :  D=0x0000000000000000 A=0x7ffffffffffffcb8
 588000: system.cpu: T0 : 0x3d47c    : c_sdsp s8, 112(sp)         : MemWrite :  D=0x0000000000000000 A=0x7ffffffffffffcb0
 588500: system.cpu: T0 : 0x3d47e    : c_sdsp s10, 96(sp)         : MemWrite :  D=0x0000000000000000 A=0x7ffffffffffffca0
 589000: system.cpu: T0 : 0x3d480    : c_mv a5, a2                : IntAlu :  D=0x000000000006efd0
 589500: system.cpu: T0 : 0x3d482    : c_mv a4, a1                : IntAlu :  D=0x0000000000000000
 590000: system.cpu: T0 : 0x3d484    : c_mv s4, a0                : IntAlu :  D=0x0000000000000000
 590500: system.cpu: T0 : 0x3d486    : c_li a2, 0                 : IntAlu :  D=0x0000000000000000
 591000: system.cpu: T0 : 0x3d488    : addi a1, s0, -120          : IntAlu :  D=0x7ffffffffffffc88
 591500: system.cpu: T0 : 0x3d48c    : c_li a0, 8                 : IntAlu :  D=0x0000000000000008
 592500: system.cpu: T0 : 0x3d48e    : sd a5, -136(s0)            : MemWrite :  D=0x000000000006efd0 A=0x7ffffffffffffc78
 593500: system.cpu: T0 : 0x3d492    : sd a3, -160(s0)            : MemWrite :  D=0x000000000006efc8 A=0x7ffffffffffffc60
 594500: system.cpu: T0 : 0x3d496    : sd a4, -144(s0)            : MemWrite :  D=0x0000000000000000 A=0x7ffffffffffffc70
 595500: system.cpu: T0 : 0x3d49a    : jal ra, -111428            : IntAlu :  D=0x000000000003d49e
 596000: system.cpu: T0 : 0x22156    : c_slli a0, 32              : IntAlu :  D=0x0000000800000000
 596500: system.cpu: T0 : 0x22158    : c_srli a0, 32              : IntAlu :  D=0x0000000000000008
 597500: system.cpu: T0 : 0x2215a    : slli a5, a0, 3             : IntAlu :  D=0x0000000000000040
 598000: system.cpu: T0 : 0x2215e    : c_sub a5, a0               : IntAlu :  D=0x0000000000000038
 598500: system.cpu: T0 : 0x22160    : lui a4, 111                : IntAlu :  D=0x000000000006f000
 599000: system.cpu: T0 : 0x22164    : addi a4, a4, -1248         : IntAlu :  D=0x000000000006eb20
 599500: system.cpu: T0 : 0x22168    : c_slli a5, 3               : IntAlu :  D=0x00000000000001c0
 600000: system.cpu: T0 : 0x2216a    : c_add a5, a4               : IntAlu :  D=0x000000000006ece0
 600500: system.cpu: T0 : 0x2216c    : c_lw a3, 8(a5)             : MemRead :  D=0x0000000000000001 A=0x6ece8
 601000: system.cpu: T0 : 0x2216e    : c_li a6, 2                 : IntAlu :  D=0x0000000000000002
 601500: system.cpu: T0 : 0x22170    : c_ld a5, 32(a5)            : MemRead :  D=0x0000000000000000 A=0x6ed00
 602500: system.cpu: T0 : 0x22172    : bltu a6, a3, 42            : IntAlu : 
 603000: system.cpu: T0 : 0x22176    : c_bnez a3, 38              : IntAlu : 
 603500: system.cpu: T0 : 0x2219c    : c_sd a5, 0(a1)             : MemWrite :  D=0x0000000000000000 A=0x7ffffffffffffc88
 604000: system.cpu: T0 : 0x2219e    : c_j -36                    : IntAlu : 
 605000: system.cpu: T0 : 0x2217a    : slli a5, a0, 3             : IntAlu :  D=0x0000000000000040
 605500: system.cpu: T0 : 0x2217e    : c_sub a5, a0               : IntAlu :  D=0x0000000000000038
 606000: system.cpu: T0 : 0x22180    : c_slli a5, 3               : IntAlu :  D=0x00000000000001c0
 607000: system.cpu: T0 : 0x22182    : add a3, a4, a5             : IntAlu :  D=0x000000000006ece0
 608000: system.cpu: T0 : 0x22186    : lbu a3, 40(a3)             : MemRead :  D=0x0000000000000000 A=0x6ed08
 608500: system.cpu: T0 : 0x2218a    : c_beqz a3, 16              : IntAlu : 
 609000: system.cpu: T0 : 0x2219a    : c_jr ra                    : IntAlu : 
 610000: system.cpu: T0 : 0x3d49e    : ld s11, -120(s0)           : MemRead :  D=0x0000000000000000 A=0x7ffffffffffffc88
 611000: system.cpu: T0 : 0x3d4a2    : ld s9, -1328(gp)           : MemRead :  D=0x0000000000000000 A=0x70af8
 612000: system.cpu: T0 : 0x3d4a6    : sltu a3, zero, s4          : IntAlu :  D=0x0000000000000000
 613000: system.cpu: T0 : 0x3d4aa    : and s3, s9, s11            : IntAlu :  D=0x0000000000000000
 614000: system.cpu: T0 : 0x3d4ae    : beq s3, zero, 1250         : IntAlu : 
 614500: system.cpu: T0 : 0x3d990    : addi s2, a3, 1             : IntAlu :  D=0x0000000000000001
 615000: system.cpu: T0 : 0x3d994    : c_j -1210                  : IntAlu : 
 616000: system.cpu: T0 : 0x3d4da    : lui a5, 114                : IntAlu :  D=0x0000000000072000
 617000: system.cpu: T0 : 0x3d4de    : ld s5, -480(a5)            : MemRead :  D=0x0000000000000000 A=0x71e20
 618000: system.cpu: T0 : 0x3d4e2    : beq s5, zero, 444          : IntAlu : 
 619000: system.cpu: T0 : 0x3d69e    : slli a5, s2, 4             : IntAlu :  D=0x0000000000000010
 620000: system.cpu: T0 : 0x3d6a2    : sub sp, sp, a5             : IntAlu :  D=0x7ffffffffffffc30
 620500: system.cpu: T0 : 0x3d6a6    : c_mv a3, sp                : IntAlu :  D=0x7ffffffffffffc30
 621000: system.cpu: T0 : 0x3d6a8    : c_mv s1, a3                : IntAlu :  D=0x7ffffffffffffc30
 621500: system.cpu: T0 : 0x3d6aa    : c_li a1, 1                 : IntAlu :  D=0x0000000000000001
 622000: system.cpu: T0 : 0x3d6ac    : c_li s9, 0                 : IntAlu :  D=0x0000000000000000
 623000: system.cpu: T0 : 0x3d6ae    : bne s3, zero, -118         : IntAlu : 
 624000: system.cpu: T0 : 0x3d6b2    : beq s4, zero, 24           : IntAlu : 
 625000: system.cpu: T0 : 0x3d6ca    : lui a5, 98                 : IntAlu :  D=0x0000000000062000
 626000: system.cpu: T0 : 0x3d6ce    : addi a5, a5, -784          : IntAlu :  D=0x0000000000061cf0
 626500: system.cpu: T0 : 0x3d6d2    : c_sd a5, 0(a3)             : MemWrite :  D=0x0000000000061cf0 A=0x7ffffffffffffc30
 627000: system.cpu: T0 : 0x3d6d4    : c_li a5, 3                 : IntAlu :  D=0x0000000000000003
 627500: system.cpu: T0 : 0x3d6d6    : c_sd a5, 8(a3)             : MemWrite :  D=0x0000000000000003 A=0x7ffffffffffffc38
 628000: system.cpu: T0 : 0x3d6d8    : bne s2, a1, 706            : IntAlu : 
 628500: system.cpu: T0 : 0x3d6dc    : c_li a5, 1                 : IntAlu :  D=0x0000000000000001
 629500: system.cpu: T0 : 0x3d6de    : ld s9, 8(s1)               : MemRead :  D=0x0000000000000003 A=0x7ffffffffffffc38
 630500: system.cpu: T0 : 0x3d6e2    : beq s2, a5, 542            : IntAlu : 
 631000: system.cpu: T0 : 0x3d900    : ld a5, -136(s0)            : MemRead :  D=0x000000000006efd0 A=0x7ffffffffffffc78
 631500: system.cpu: T0 : 0x3d904    : c_li s2, 2                 : IntAlu :  D=0x0000000000000002
 632500: system.cpu: T0 : 0x3d906    : addi a0, s9, 33            : IntAlu :  D=0x0000000000000024
 633500: system.cpu: T0 : 0x3d90a    : sd s2, 0(a5)               : MemWrite :  D=0x0000000000000002 A=0x6efd0
 634500: system.cpu: T0 : 0x3d90e    : jal ra, -131280            : IntAlu :  D=0x000000000003d912
 635500: system.cpu: T0 : 0x1d83e    : ld t1, -1848(gp)           : MemRead :  D=0x000000000001da3c A=0x708f0
 636500: system.cpu: T0 : 0x1d842    : bne t1, zero, 260          : IntAlu : 
 637000: system.cpu: T0 : 0x1d946    : c_mv a1, ra                : IntAlu :  D=0x000000000003d912
 637500: system.cpu: T0 : 0x1d948    : c_jr t1                    : IntAlu : 
 638000: system.cpu: T0 : 0x1da3c    : lw a5, -1876(gp)           : MemRead :  D=0xffffffffffffffff A=0x708d4
 638500: system.cpu: T0 : 0x1da40    : sd zero, -1848(gp)         : MemWrite :  D=0x0000000000000000 A=0x708f0
 639000: system.cpu: T0 : 0x1da44    : blt a5, zero, 6            : IntAlu : 
 639500: system.cpu: T0 : 0x1da4a    : c_addi sp, -32             : IntAlu :  D=0x7ffffffffffffc10
 640000: system.cpu: T0 : 0x1da4c    : c_sdsp ra, 24(sp)          : MemWrite :  D=0x000000000003d912 A=0x7ffffffffffffc28
 640500: system.cpu: T0 : 0x1da4e    : c_sdsp a0, 8(sp)           : MemWrite :  D=0x0000000000000024 A=0x7ffffffffffffc18
 641000: system.cpu: T0 : 0x1da50    : jal ra, -11948             : IntAlu :  D=0x000000000001da54
 641500: system.cpu: T0 : 0x1aba4    : c_addi16sp sp, -48         : IntAlu :  D=0x7ffffffffffffbe0
 642000: system.cpu: T0 : 0x1aba6    : c_sdsp s1, 24(sp)          : MemWrite :  D=0x7ffffffffffffc30 A=0x7ffffffffffffbf8
 642500: system.cpu: T0 : 0x1aba8    : lui s1, 111                : IntAlu :  D=0x000000000006f000
 643000: system.cpu: T0 : 0x1abac    : ld a3, -1264(s1)           : MemRead :  D=0x2e00000000000000 A=0x6eb10
 643500: system.cpu: T0 : 0x1abb0    : lui a0, 111                : IntAlu :  D=0x000000000006f000
 644000: system.cpu: T0 : 0x1abb4    : addi a4, a0, 1480          : IntAlu :  D=0x000000000006f5c8
 644500: system.cpu: T0 : 0x1abb8    : c_sdsp ra, 40(sp)          : MemWrite :  D=0x000000000001da54 A=0x7ffffffffffffc08
 645000: system.cpu: T0 : 0x1abba    : c_sdsp s0, 32(sp)          : MemWrite :  D=0x7ffffffffffffd00 A=0x7ffffffffffffc00
 645500: system.cpu: T0 : 0x1abbc    : addi a0, a0, 1480          : IntAlu :  D=0x000000000006f5c8
 646000: system.cpu: T0 : 0x1abc0    : sd a4, 56(tp)              : MemWrite :  D=0x000000000006f5c8 A=0x72748
 646500: system.cpu: T0 : 0x1abc4    : c_sdsp a3, 8(sp)           : MemWrite :  D=0x2e00000000000000 A=0x7ffffffffffffbe8
 647500: system.cpu: T0 : 0x1abc6    : sw zero, -1876(gp)         : MemWrite :  D=0x0000000000000000 A=0x708d4
 648500: system.cpu: T0 : 0x1abca    : jal ra, -1026              : IntAlu :  D=0x000000000001abce
 649000: system.cpu: T0 : 0x1a7c8    : c_lui a4, 1                : IntAlu :  D=0x0000000000001000
 650000: system.cpu: T0 : 0x1a7ca    : addi a3, a0, 96            : IntAlu :  D=0x000000000006f628
 651000: system.cpu: T0 : 0x1a7ce    : addi a4, a4, -1968         : IntAlu :  D=0x0000000000000850
 651500: system.cpu: T0 : 0x1a7d2    : c_mv a5, a3                : IntAlu :  D=0x000000000006f628
 652000: system.cpu: T0 : 0x1a7d4    : c_add a4, a0               : IntAlu :  D=0x000000000006fe18
 652500: system.cpu: T0 : 0x1a7d6    : c_sd a5, 24(a5)            : MemWrite :  D=0x000000000006f628 A=0x6f640
 653000: system.cpu: T0 : 0x1a7d8    : c_sd a5, 16(a5)            : MemWrite :  D=0x000000000006f628 A=0x6f638
 653500: system.cpu: T0 : 0x1a7da    : c_addi a5, 16              : IntAlu :  D=0x000000000006f638
 654000: system.cpu: T0 : 0x1a7dc    : bne a4, a5, -6             : IntAlu : 
 654500: system.cpu: T0 : 0x1a7d6    : c_sd a5, 24(a5)            : MemWrite :  D=0x000000000006f638 A=0x6f650
 655000: system.cpu: T0 : 0x1a7d8    : c_sd a5, 16(a5)            : MemWrite :  D=0x000000000006f638 A=0x6f648
 655500: system.cpu: T0 : 0x1a7da    : c_addi a5, 16              : IntAlu :  D=0x000000000006f648
 656000: system.cpu: T0 : 0x1a7dc    : bne a4, a5, -6             : IntAlu : 
 656500: system.cpu: T0 : 0x1a7d6    : c_sd a5, 24(a5)            : MemWrite :  D=0x000000000006f648 A=0x6f660
 657000: system.cpu: T0 : 0x1a7d8    : c_sd a5, 16(a5)            : MemWrite :  D=0x000000000006f648 A=0x6f658
 657500: system.cpu: T0 : 0x1a7da    : c_addi a5, 16              : IntAlu :  D=0x000000000006f658
 658000: system.cpu: T0 : 0x1a7dc    : bne a4, a5, -6             : IntAlu : 
 658500: system.cpu: T0 : 0x1a7d6    : c_sd a5, 24(a5)            : MemWrite :  D=0x000000000006f658 A=0x6f670
 659000: system.cpu: T0 : 0x1a7d8    : c_sd a5, 16(a5)            : MemWrite :  D=0x000000000006f658 A=0x6f668
 659500: system.cpu: T0 : 0x1a7da    : c_addi a5, 16              : IntAlu :  D=0x000000000006f668
 660000: system.cpu: T0 : 0x1a7dc    : bne a4, a5, -6             : IntAlu : 
 660500: system.cpu: T0 : 0x1a7d6    : c_sd a5, 24(a5)            : MemWrite :  D=0x000000000006f668 A=0x6f680
 661000: system.cpu: T0 : 0x1a7d8    : c_sd a5, 16(a5)            : MemWrite :  D=0x000000000006f668 A=0x6f678
 661500: system.cpu: T0 : 0x1a7da    : c_addi a5, 16              : IntAlu :  D=0x000000000006f678
 662000: system.cpu: T0 : 0x1a7dc    : bne a4, a5, -6             : IntAlu : 
 662500: system.cpu: T0 : 0x1a7d6    : c_sd a5, 24(a5)            : MemWrite :  D=0x000000000006f678 A=0x6f690
 663000: system.cpu: T0 : 0x1a7d8    : c_sd a5, 16(a5)            : MemWrite :  D=0x000000000006f678 A=0x6f688
 663500: system.cpu: T0 : 0x1a7da    : c_addi a5, 16              : IntAlu :  D=0x000000000006f688
 664000: system.cpu: T0 : 0x1a7dc    : bne a4, a5, -6             : IntAlu : 
 664500: system.cpu: T0 : 0x1a7d6    : c_sd a5, 24(a5)            : MemWrite :  D=0x000000000006f688 A=0x6f6a0
 665000: system.cpu: T0 : 0x1a7d8    : c_sd a5, 16(a5)            : MemWrite :  D=0x000000000006f688 A=0x6f698
 665500: system.cpu: T0 : 0x1a7da    : c_addi a5, 16              : IntAlu :  D=0x000000000006f698
 666000: system.cpu: T0 : 0x1a7dc    : bne a4, a5, -6             : IntAlu : 
 666500: system.cpu: T0 : 0x1a7d6    : c_sd a5, 24(a5)            : MemWrite :  D=0x000000000006f698 A=0x6f6b0
 667000: system.cpu: T0 : 0x1a7d8    : c_sd a5, 16(a5)            : MemWrite :  D=0x000000000006f698 A=0x6f6a8
 667500: system.cpu: T0 : 0x1a7da    : c_addi a5, 16              : IntAlu :  D=0x000000000006f6a8
 668000: system.cpu: T0 : 0x1a7dc    : bne a4, a5, -6             : IntAlu : 
 668500: system.cpu: T0 : 0x1a7d6    : c_sd a5, 24(a5)            : MemWrite :  D=0x000000000006f6a8 A=0x6f6c0
 669000: system.cpu: T0 : 0x1a7d8    : c_sd a5, 16(a5)            : MemWrite :  D=0x000000000006f6a8 A=0x6f6b8
 669500: system.cpu: T0 : 0x1a7da    : c_addi a5, 16              : IntAlu :  D=0x000000000006f6b8
 670000: system.cpu: T0 : 0x1a7dc    : bne a4, a5, -6             : IntAlu : 
 670500: system.cpu: T0 : 0x1a7d6    : c_sd a5, 24(a5)            : MemWrite :  D=0x000000000006f6b8 A=0x6f6d0
 671000: system.cpu: T0 : 0x1a7d8    : c_sd a5, 16(a5)            : MemWrite :  D=0x000000000006f6b8 A=0x6f6c8
 671500: system.cpu: T0 : 0x1a7da    : c_addi a5, 16              : IntAlu :  D=0x000000000006f6c8
 672000: system.cpu: T0 : 0x1a7dc    : bne a4, a5, -6             : IntAlu : 
 672500: system.cpu: T0 : 0x1a7d6    : c_sd a5, 24(a5)            : MemWrite :  D=0x000000000006f6c8 A=0x6f6e0
 673000: system.cpu: T0 : 0x1a7d8    : c_sd a5, 16(a5)            : MemWrite :  D=0x000000000006f6c8 A=0x6f6d8
 673500: system.cpu: T0 : 0x1a7da    : c_addi a5, 16              : IntAlu :  D=0x000000000006f6d8
 674000: system.cpu: T0 : 0x1a7dc    : bne a4, a5, -6             : IntAlu : 
 674500: system.cpu: T0 : 0x1a7d6    : c_sd a5, 24(a5)            : MemWrite :  D=0x000000000006f6d8 A=0x6f6f0
 675000: system.cpu: T0 : 0x1a7d8    : c_sd a5, 16(a5)            : MemWrite :  D=0x000000000006f6d8 A=0x6f6e8
 675500: system.cpu: T0 : 0x1a7da    : c_addi a5, 16              : IntAlu :  D=0x000000000006f6e8
 676000: system.cpu: T0 : 0x1a7dc    : bne a4, a5, -6             : IntAlu : 
 676500: system.cpu: T0 : 0x1a7d6    : c_sd a5, 24(a5)            : MemWrite :  D=0x000000000006f6e8 A=0x6f700
 677000: system.cpu: T0 : 0x1a7d8    : c_sd a5, 16(a5)            : MemWrite :  D=0x000000000006f6e8 A=0x6f6f8
 677500: system.cpu: T0 : 0x1a7da    : c_addi a5, 16              : IntAlu :  D=0x000000000006f6f8
 678000: system.cpu: T0 : 0x1a7dc    : bne a4, a5, -6             : IntAlu : 
 678500: system.cpu: T0 : 0x1a7d6    : c_sd a5, 24(a5)            : MemWrite :  D=0x000000000006f6f8 A=0x6f710
 679000: system.cpu: T0 : 0x1a7d8    : c_sd a5, 16(a5)            : MemWrite :  D=0x000000000006f6f8 A=0x6f708
 679500: system.cpu: T0 : 0x1a7da    : c_addi a5, 16              : IntAlu :  D=0x000000000006f708
 680000: system.cpu: T0 : 0x1a7dc    : bne a4, a5, -6             : IntAlu : 
 680500: system.cpu: T0 : 0x1a7d6    : c_sd a5, 24(a5)            : MemWrite :  D=0x000000000006f708 A=0x6f720
 681000: system.cpu: T0 : 0x1a7d8    : c_sd a5, 16(a5)            : MemWrite :  D=0x000000000006f708 A=0x6f718
 681500: system.cpu: T0 : 0x1a7da    : c_addi a5, 16              : IntAlu :  D=0x000000000006f718
 682000: system.cpu: T0 : 0x1a7dc    : bne a4, a5, -6             : IntAlu : 
 682500: system.cpu: T0 : 0x1a7d6    : c_sd a5, 24(a5)            : MemWrite :  D=0x000000000006f718 A=0x6f730
 683000: system.cpu: T0 : 0x1a7d8    : c_sd a5, 16(a5)            : MemWrite :  D=0x000000000006f718 A=0x6f728
 683500: system.cpu: T0 : 0x1a7da    : c_addi a5, 16              : IntAlu :  D=0x000000000006f728
 684000: system.cpu: T0 : 0x1a7dc    : bne a4, a5, -6             : IntAlu : 
 684500: system.cpu: T0 : 0x1a7d6    : c_sd a5, 24(a5)            : MemWrite :  D=0x000000000006f728 A=0x6f740
 685000: system.cpu: T0 : 0x1a7d8    : c_sd a5, 16(a5)            : MemWrite :  D=0x000000000006f728 A=0x6f738
 685500: system.cpu: T0 : 0x1a7da    : c_addi a5, 16              : IntAlu :  D=0x000000000006f738
 686000: system.cpu: T0 : 0x1a7dc    : bne a4, a5, -6             : IntAlu : 
 686500: system.cpu: T0 : 0x1a7d6    : c_sd a5, 24(a5)            : MemWrite :  D=0x000000000006f738 A=0x6f750
 687000: system.cpu: T0 : 0x1a7d8    : c_sd a5, 16(a5)            : MemWrite :  D=0x000000000006f738 A=0x6f748
 687500: system.cpu: T0 : 0x1a7da    : c_addi a5, 16              : IntAlu :  D=0x000000000006f748
 688000: system.cpu: T0 : 0x1a7dc    : bne a4, a5, -6             : IntAlu : 
 688500: system.cpu: T0 : 0x1a7d6    : c_sd a5, 24(a5)            : MemWrite :  D=0x000000000006f748 A=0x6f760
 689000: system.cpu: T0 : 0x1a7d8    : c_sd a5, 16(a5)            : MemWrite :  D=0x000000000006f748 A=0x6f758
 689500: system.cpu: T0 : 0x1a7da    : c_addi a5, 16              : IntAlu :  D=0x000000000006f758
 690000: system.cpu: T0 : 0x1a7dc    : bne a4, a5, -6             : IntAlu : 
 690500: system.cpu: T0 : 0x1a7d6    : c_sd a5, 24(a5)            : MemWrite :  D=0x000000000006f758 A=0x6f770
 691000: system.cpu: T0 : 0x1a7d8    : c_sd a5, 16(a5)            : MemWrite :  D=0x000000000006f758 A=0x6f768
 691500: system.cpu: T0 : 0x1a7da    : c_addi a5, 16              : IntAlu :  D=0x000000000006f768
 692000: system.cpu: T0 : 0x1a7dc    : bne a4, a5, -6             : IntAlu : 
 692500: system.cpu: T0 : 0x1a7d6    : c_sd a5, 24(a5)            : MemWrite :  D=0x000000000006f768 A=0x6f780
 693000: system.cpu: T0 : 0x1a7d8    : c_sd a5, 16(a5)            : MemWrite :  D=0x000000000006f768 A=0x6f778
 693500: system.cpu: T0 : 0x1a7da    : c_addi a5, 16              : IntAlu :  D=0x000000000006f778
 694000: system.cpu: T0 : 0x1a7dc    : bne a4, a5, -6             : IntAlu : 
 694500: system.cpu: T0 : 0x1a7d6    : c_sd a5, 24(a5)            : MemWrite :  D=0x000000000006f778 A=0x6f790
 695000: system.cpu: T0 : 0x1a7d8    : c_sd a5, 16(a5)            : MemWrite :  D=0x000000000006f778 A=0x6f788
 695500: system.cpu: T0 : 0x1a7da    : c_addi a5, 16              : IntAlu :  D=0x000000000006f788
 696000: system.cpu: T0 : 0x1a7dc    : bne a4, a5, -6             : IntAlu : 
 696500: system.cpu: T0 : 0x1a7d6    : c_sd a5, 24(a5)            : MemWrite :  D=0x000000000006f788 A=0x6f7a0
 697000: system.cpu: T0 : 0x1a7d8    : c_sd a5, 16(a5)            : MemWrite :  D=0x000000000006f788 A=0x6f798
 697500: system.cpu: T0 : 0x1a7da    : c_addi a5, 16              : IntAlu :  D=0x000000000006f798
 698000: system.cpu: T0 : 0x1a7dc    : bne a4, a5, -6             : IntAlu : 
 698500: system.cpu: T0 : 0x1a7d6    : c_sd a5, 24(a5)            : MemWrite :  D=0x000000000006f798 A=0x6f7b0
 699000: system.cpu: T0 : 0x1a7d8    : c_sd a5, 16(a5)            : MemWrite :  D=0x000000000006f798 A=0x6f7a8
 699500: system.cpu: T0 : 0x1a7da    : c_addi a5, 16              : IntAlu :  D=0x000000000006f7a8
 700000: system.cpu: T0 : 0x1a7dc    : bne a4, a5, -6             : IntAlu : 
 700500: system.cpu: T0 : 0x1a7d6    : c_sd a5, 24(a5)            : MemWrite :  D=0x000000000006f7a8 A=0x6f7c0
 701000: system.cpu: T0 : 0x1a7d8    : c_sd a5, 16(a5)            : MemWrite :  D=0x000000000006f7a8 A=0x6f7b8
 701500: system.cpu: T0 : 0x1a7da    : c_addi a5, 16              : IntAlu :  D=0x000000000006f7b8
 702000: system.cpu: T0 : 0x1a7dc    : bne a4, a5, -6             : IntAlu : 
 702500: system.cpu: T0 : 0x1a7d6    : c_sd a5, 24(a5)            : MemWrite :  D=0x000000000006f7b8 A=0x6f7d0
 703000: system.cpu: T0 : 0x1a7d8    : c_sd a5, 16(a5)            : MemWrite :  D=0x000000000006f7b8 A=0x6f7c8
 703500: system.cpu: T0 : 0x1a7da    : c_addi a5, 16              : IntAlu :  D=0x000000000006f7c8
 704000: system.cpu: T0 : 0x1a7dc    : bne a4, a5, -6             : IntAlu : 
 704500: system.cpu: T0 : 0x1a7d6    : c_sd a5, 24(a5)            : MemWrite :  D=0x000000000006f7c8 A=0x6f7e0
 705000: system.cpu: T0 : 0x1a7d8    : c_sd a5, 16(a5)            : MemWrite :  D=0x000000000006f7c8 A=0x6f7d8
 705500: system.cpu: T0 : 0x1a7da    : c_addi a5, 16              : IntAlu :  D=0x000000000006f7d8
 706000: system.cpu: T0 : 0x1a7dc    : bne a4, a5, -6             : IntAlu : 
 706500: system.cpu: T0 : 0x1a7d6    : c_sd a5, 24(a5)            : MemWrite :  D=0x000000000006f7d8 A=0x6f7f0
 707000: system.cpu: T0 : 0x1a7d8    : c_sd a5, 16(a5)            : MemWrite :  D=0x000000000006f7d8 A=0x6f7e8
 707500: system.cpu: T0 : 0x1a7da    : c_addi a5, 16              : IntAlu :  D=0x000000000006f7e8
 708000: system.cpu: T0 : 0x1a7dc    : bne a4, a5, -6             : IntAlu : 
 708500: system.cpu: T0 : 0x1a7d6    : c_sd a5, 24(a5)            : MemWrite :  D=0x000000000006f7e8 A=0x6f800
 709000: system.cpu: T0 : 0x1a7d8    : c_sd a5, 16(a5)            : MemWrite :  D=0x000000000006f7e8 A=0x6f7f8
 709500: system.cpu: T0 : 0x1a7da    : c_addi a5, 16              : IntAlu :  D=0x000000000006f7f8
 710000: system.cpu: T0 : 0x1a7dc    : bne a4, a5, -6             : IntAlu : 
 710500: system.cpu: T0 : 0x1a7d6    : c_sd a5, 24(a5)            : MemWrite :  D=0x000000000006f7f8 A=0x6f810
 711000: system.cpu: T0 : 0x1a7d8    : c_sd a5, 16(a5)            : MemWrite :  D=0x000000000006f7f8 A=0x6f808
 711500: system.cpu: T0 : 0x1a7da    : c_addi a5, 16              : IntAlu :  D=0x000000000006f808
 712000: system.cpu: T0 : 0x1a7dc    : bne a4, a5, -6             : IntAlu : 
 712500: system.cpu: T0 : 0x1a7d6    : c_sd a5, 24(a5)            : MemWrite :  D=0x000000000006f808 A=0x6f820
 713000: system.cpu: T0 : 0x1a7d8    : c_sd a5, 16(a5)            : MemWrite :  D=0x000000000006f808 A=0x6f818
 713500: system.cpu: T0 : 0x1a7da    : c_addi a5, 16              : IntAlu :  D=0x000000000006f818
 714000: system.cpu: T0 : 0x1a7dc    : bne a4, a5, -6             : IntAlu : 
 714500: system.cpu: T0 : 0x1a7d6    : c_sd a5, 24(a5)            : MemWrite :  D=0x000000000006f818 A=0x6f830
 715000: system.cpu: T0 : 0x1a7d8    : c_sd a5, 16(a5)            : MemWrite :  D=0x000000000006f818 A=0x6f828
 715500: system.cpu: T0 : 0x1a7da    : c_addi a5, 16              : IntAlu :  D=0x000000000006f828
 716000: system.cpu: T0 : 0x1a7dc    : bne a4, a5, -6             : IntAlu : 
 716500: system.cpu: T0 : 0x1a7d6    : c_sd a5, 24(a5)            : MemWrite :  D=0x000000000006f828 A=0x6f840
 717000: system.cpu: T0 : 0x1a7d8    : c_sd a5, 16(a5)            : MemWrite :  D=0x000000000006f828 A=0x6f838
 717500: system.cpu: T0 : 0x1a7da    : c_addi a5, 16              : IntAlu :  D=0x000000000006f838
 718000: system.cpu: T0 : 0x1a7dc    : bne a4, a5, -6             : IntAlu : 
 718500: system.cpu: T0 : 0x1a7d6    : c_sd a5, 24(a5)            : MemWrite :  D=0x000000000006f838 A=0x6f850
 719000: system.cpu: T0 : 0x1a7d8    : c_sd a5, 16(a5)            : MemWrite :  D=0x000000000006f838 A=0x6f848
 719500: system.cpu: T0 : 0x1a7da    : c_addi a5, 16              : IntAlu :  D=0x000000000006f848
 720000: system.cpu: T0 : 0x1a7dc    : bne a4, a5, -6             : IntAlu : 
 720500: system.cpu: T0 : 0x1a7d6    : c_sd a5, 24(a5)            : MemWrite :  D=0x000000000006f848 A=0x6f860
 721000: system.cpu: T0 : 0x1a7d8    : c_sd a5, 16(a5)            : MemWrite :  D=0x000000000006f848 A=0x6f858
 721500: system.cpu: T0 : 0x1a7da    : c_addi a5, 16              : IntAlu :  D=0x000000000006f858
 722000: system.cpu: T0 : 0x1a7dc    : bne a4, a5, -6             : IntAlu : 
 722500: system.cpu: T0 : 0x1a7d6    : c_sd a5, 24(a5)            : MemWrite :  D=0x000000000006f858 A=0x6f870
 723000: system.cpu: T0 : 0x1a7d8    : c_sd a5, 16(a5)            : MemWrite :  D=0x000000000006f858 A=0x6f868
 723500: system.cpu: T0 : 0x1a7da    : c_addi a5, 16              : IntAlu :  D=0x000000000006f868
 724000: system.cpu: T0 : 0x1a7dc    : bne a4, a5, -6             : IntAlu : 
 724500: system.cpu: T0 : 0x1a7d6    : c_sd a5, 24(a5)            : MemWrite :  D=0x000000000006f868 A=0x6f880
 725000: system.cpu: T0 : 0x1a7d8    : c_sd a5, 16(a5)            : MemWrite :  D=0x000000000006f868 A=0x6f878
 725500: system.cpu: T0 : 0x1a7da    : c_addi a5, 16              : IntAlu :  D=0x000000000006f878
 726000: system.cpu: T0 : 0x1a7dc    : bne a4, a5, -6             : IntAlu : 
 726500: system.cpu: T0 : 0x1a7d6    : c_sd a5, 24(a5)            : MemWrite :  D=0x000000000006f878 A=0x6f890
 727000: system.cpu: T0 : 0x1a7d8    : c_sd a5, 16(a5)            : MemWrite :  D=0x000000000006f878 A=0x6f888
 727500: system.cpu: T0 : 0x1a7da    : c_addi a5, 16              : IntAlu :  D=0x000000000006f888
 728000: system.cpu: T0 : 0x1a7dc    : bne a4, a5, -6             : IntAlu : 
 728500: system.cpu: T0 : 0x1a7d6    : c_sd a5, 24(a5)            : MemWrite :  D=0x000000000006f888 A=0x6f8a0
 729000: system.cpu: T0 : 0x1a7d8    : c_sd a5, 16(a5)            : MemWrite :  D=0x000000000006f888 A=0x6f898
 729500: system.cpu: T0 : 0x1a7da    : c_addi a5, 16              : IntAlu :  D=0x000000000006f898
 730000: system.cpu: T0 : 0x1a7dc    : bne a4, a5, -6             : IntAlu : 
 730500: system.cpu: T0 : 0x1a7d6    : c_sd a5, 24(a5)            : MemWrite :  D=0x000000000006f898 A=0x6f8b0
 731000: system.cpu: T0 : 0x1a7d8    : c_sd a5, 16(a5)            : MemWrite :  D=0x000000000006f898 A=0x6f8a8
 731500: system.cpu: T0 : 0x1a7da    : c_addi a5, 16              : IntAlu :  D=0x000000000006f8a8
 732000: system.cpu: T0 : 0x1a7dc    : bne a4, a5, -6             : IntAlu : 
 732500: system.cpu: T0 : 0x1a7d6    : c_sd a5, 24(a5)            : MemWrite :  D=0x000000000006f8a8 A=0x6f8c0
 733000: system.cpu: T0 : 0x1a7d8    : c_sd a5, 16(a5)            : MemWrite :  D=0x000000000006f8a8 A=0x6f8b8
 733500: system.cpu: T0 : 0x1a7da    : c_addi a5, 16              : IntAlu :  D=0x000000000006f8b8
 734000: system.cpu: T0 : 0x1a7dc    : bne a4, a5, -6             : IntAlu : 
 734500: system.cpu: T0 : 0x1a7d6    : c_sd a5, 24(a5)            : MemWrite :  D=0x000000000006f8b8 A=0x6f8d0
 735000: system.cpu: T0 : 0x1a7d8    : c_sd a5, 16(a5)            : MemWrite :  D=0x000000000006f8b8 A=0x6f8c8
 735500: system.cpu: T0 : 0x1a7da    : c_addi a5, 16              : IntAlu :  D=0x000000000006f8c8
 736000: system.cpu: T0 : 0x1a7dc    : bne a4, a5, -6             : IntAlu : 
 736500: system.cpu: T0 : 0x1a7d6    : c_sd a5, 24(a5)            : MemWrite :  D=0x000000000006f8c8 A=0x6f8e0
 737000: system.cpu: T0 : 0x1a7d8    : c_sd a5, 16(a5)            : MemWrite :  D=0x000000000006f8c8 A=0x6f8d8
 737500: system.cpu: T0 : 0x1a7da    : c_addi a5, 16              : IntAlu :  D=0x000000000006f8d8
 738000: system.cpu: T0 : 0x1a7dc    : bne a4, a5, -6             : IntAlu : 
 738500: system.cpu: T0 : 0x1a7d6    : c_sd a5, 24(a5)            : MemWrite :  D=0x000000000006f8d8 A=0x6f8f0
 739000: system.cpu: T0 : 0x1a7d8    : c_sd a5, 16(a5)            : MemWrite :  D=0x000000000006f8d8 A=0x6f8e8
 739500: system.cpu: T0 : 0x1a7da    : c_addi a5, 16              : IntAlu :  D=0x000000000006f8e8
 740000: system.cpu: T0 : 0x1a7dc    : bne a4, a5, -6             : IntAlu : 
 740500: system.cpu: T0 : 0x1a7d6    : c_sd a5, 24(a5)            : MemWrite :  D=0x000000000006f8e8 A=0x6f900
 741000: system.cpu: T0 : 0x1a7d8    : c_sd a5, 16(a5)            : MemWrite :  D=0x000000000006f8e8 A=0x6f8f8
 741500: system.cpu: T0 : 0x1a7da    : c_addi a5, 16              : IntAlu :  D=0x000000000006f8f8
 742000: system.cpu: T0 : 0x1a7dc    : bne a4, a5, -6             : IntAlu : 
 742500: system.cpu: T0 : 0x1a7d6    : c_sd a5, 24(a5)            : MemWrite :  D=0x000000000006f8f8 A=0x6f910
 743000: system.cpu: T0 : 0x1a7d8    : c_sd a5, 16(a5)            : MemWrite :  D=0x000000000006f8f8 A=0x6f908
 743500: system.cpu: T0 : 0x1a7da    : c_addi a5, 16              : IntAlu :  D=0x000000000006f908
 744000: system.cpu: T0 : 0x1a7dc    : bne a4, a5, -6             : IntAlu : 
 744500: system.cpu: T0 : 0x1a7d6    : c_sd a5, 24(a5)            : MemWrite :  D=0x000000000006f908 A=0x6f920
 745000: system.cpu: T0 : 0x1a7d8    : c_sd a5, 16(a5)            : MemWrite :  D=0x000000000006f908 A=0x6f918
 745500: system.cpu: T0 : 0x1a7da    : c_addi a5, 16              : IntAlu :  D=0x000000000006f918
 746000: system.cpu: T0 : 0x1a7dc    : bne a4, a5, -6             : IntAlu : 
 746500: system.cpu: T0 : 0x1a7d6    : c_sd a5, 24(a5)            : MemWrite :  D=0x000000000006f918 A=0x6f930
 747000: system.cpu: T0 : 0x1a7d8    : c_sd a5, 16(a5)            : MemWrite :  D=0x000000000006f918 A=0x6f928
 747500: system.cpu: T0 : 0x1a7da    : c_addi a5, 16              : IntAlu :  D=0x000000000006f928
 748000: system.cpu: T0 : 0x1a7dc    : bne a4, a5, -6             : IntAlu : 
 748500: system.cpu: T0 : 0x1a7d6    : c_sd a5, 24(a5)            : MemWrite :  D=0x000000000006f928 A=0x6f940
 749000: system.cpu: T0 : 0x1a7d8    : c_sd a5, 16(a5)            : MemWrite :  D=0x000000000006f928 A=0x6f938
 749500: system.cpu: T0 : 0x1a7da    : c_addi a5, 16              : IntAlu :  D=0x000000000006f938
 750000: system.cpu: T0 : 0x1a7dc    : bne a4, a5, -6             : IntAlu : 
 750500: system.cpu: T0 : 0x1a7d6    : c_sd a5, 24(a5)            : MemWrite :  D=0x000000000006f938 A=0x6f950
 751000: system.cpu: T0 : 0x1a7d8    : c_sd a5, 16(a5)            : MemWrite :  D=0x000000000006f938 A=0x6f948
 751500: system.cpu: T0 : 0x1a7da    : c_addi a5, 16              : IntAlu :  D=0x000000000006f948
 752000: system.cpu: T0 : 0x1a7dc    : bne a4, a5, -6             : IntAlu : 
 752500: system.cpu: T0 : 0x1a7d6    : c_sd a5, 24(a5)            : MemWrite :  D=0x000000000006f948 A=0x6f960
 753000: system.cpu: T0 : 0x1a7d8    : c_sd a5, 16(a5)            : MemWrite :  D=0x000000000006f948 A=0x6f958
 753500: system.cpu: T0 : 0x1a7da    : c_addi a5, 16              : IntAlu :  D=0x000000000006f958
 754000: system.cpu: T0 : 0x1a7dc    : bne a4, a5, -6             : IntAlu : 
 754500: system.cpu: T0 : 0x1a7d6    : c_sd a5, 24(a5)            : MemWrite :  D=0x000000000006f958 A=0x6f970
 755000: system.cpu: T0 : 0x1a7d8    : c_sd a5, 16(a5)            : MemWrite :  D=0x000000000006f958 A=0x6f968
 755500: system.cpu: T0 : 0x1a7da    : c_addi a5, 16              : IntAlu :  D=0x000000000006f968
 756000: system.cpu: T0 : 0x1a7dc    : bne a4, a5, -6             : IntAlu : 
 756500: system.cpu: T0 : 0x1a7d6    : c_sd a5, 24(a5)            : MemWrite :  D=0x000000000006f968 A=0x6f980
 757000: system.cpu: T0 : 0x1a7d8    : c_sd a5, 16(a5)            : MemWrite :  D=0x000000000006f968 A=0x6f978
 757500: system.cpu: T0 : 0x1a7da    : c_addi a5, 16              : IntAlu :  D=0x000000000006f978
 758000: system.cpu: T0 : 0x1a7dc    : bne a4, a5, -6             : IntAlu : 
 758500: system.cpu: T0 : 0x1a7d6    : c_sd a5, 24(a5)            : MemWrite :  D=0x000000000006f978 A=0x6f990
 759000: system.cpu: T0 : 0x1a7d8    : c_sd a5, 16(a5)            : MemWrite :  D=0x000000000006f978 A=0x6f988
 759500: system.cpu: T0 : 0x1a7da    : c_addi a5, 16              : IntAlu :  D=0x000000000006f988
 760000: system.cpu: T0 : 0x1a7dc    : bne a4, a5, -6             : IntAlu : 
 760500: system.cpu: T0 : 0x1a7d6    : c_sd a5, 24(a5)            : MemWrite :  D=0x000000000006f988 A=0x6f9a0
 761000: system.cpu: T0 : 0x1a7d8    : c_sd a5, 16(a5)            : MemWrite :  D=0x000000000006f988 A=0x6f998
 761500: system.cpu: T0 : 0x1a7da    : c_addi a5, 16              : IntAlu :  D=0x000000000006f998
 762000: system.cpu: T0 : 0x1a7dc    : bne a4, a5, -6             : IntAlu : 
 762500: system.cpu: T0 : 0x1a7d6    : c_sd a5, 24(a5)            : MemWrite :  D=0x000000000006f998 A=0x6f9b0
 763000: system.cpu: T0 : 0x1a7d8    : c_sd a5, 16(a5)            : MemWrite :  D=0x000000000006f998 A=0x6f9a8
 763500: system.cpu: T0 : 0x1a7da    : c_addi a5, 16              : IntAlu :  D=0x000000000006f9a8
 764000: system.cpu: T0 : 0x1a7dc    : bne a4, a5, -6             : IntAlu : 
 764500: system.cpu: T0 : 0x1a7d6    : c_sd a5, 24(a5)            : MemWrite :  D=0x000000000006f9a8 A=0x6f9c0
 765000: system.cpu: T0 : 0x1a7d8    : c_sd a5, 16(a5)            : MemWrite :  D=0x000000000006f9a8 A=0x6f9b8
 765500: system.cpu: T0 : 0x1a7da    : c_addi a5, 16              : IntAlu :  D=0x000000000006f9b8
 766000: system.cpu: T0 : 0x1a7dc    : bne a4, a5, -6             : IntAlu : 
 766500: system.cpu: T0 : 0x1a7d6    : c_sd a5, 24(a5)            : MemWrite :  D=0x000000000006f9b8 A=0x6f9d0
 767000: system.cpu: T0 : 0x1a7d8    : c_sd a5, 16(a5)            : MemWrite :  D=0x000000000006f9b8 A=0x6f9c8
 767500: system.cpu: T0 : 0x1a7da    : c_addi a5, 16              : IntAlu :  D=0x000000000006f9c8
 768000: system.cpu: T0 : 0x1a7dc    : bne a4, a5, -6             : IntAlu : 
 768500: system.cpu: T0 : 0x1a7d6    : c_sd a5, 24(a5)            : MemWrite :  D=0x000000000006f9c8 A=0x6f9e0
 769000: system.cpu: T0 : 0x1a7d8    : c_sd a5, 16(a5)            : MemWrite :  D=0x000000000006f9c8 A=0x6f9d8
 769500: system.cpu: T0 : 0x1a7da    : c_addi a5, 16              : IntAlu :  D=0x000000000006f9d8
 770000: system.cpu: T0 : 0x1a7dc    : bne a4, a5, -6             : IntAlu : 
 770500: system.cpu: T0 : 0x1a7d6    : c_sd a5, 24(a5)            : MemWrite :  D=0x000000000006f9d8 A=0x6f9f0
 771000: system.cpu: T0 : 0x1a7d8    : c_sd a5, 16(a5)            : MemWrite :  D=0x000000000006f9d8 A=0x6f9e8
 771500: system.cpu: T0 : 0x1a7da    : c_addi a5, 16              : IntAlu :  D=0x000000000006f9e8
 772000: system.cpu: T0 : 0x1a7dc    : bne a4, a5, -6             : IntAlu : 
 772500: system.cpu: T0 : 0x1a7d6    : c_sd a5, 24(a5)            : MemWrite :  D=0x000000000006f9e8 A=0x6fa00
 773000: system.cpu: T0 : 0x1a7d8    : c_sd a5, 16(a5)            : MemWrite :  D=0x000000000006f9e8 A=0x6f9f8
 773500: system.cpu: T0 : 0x1a7da    : c_addi a5, 16              : IntAlu :  D=0x000000000006f9f8
 774000: system.cpu: T0 : 0x1a7dc    : bne a4, a5, -6             : IntAlu : 
 774500: system.cpu: T0 : 0x1a7d6    : c_sd a5, 24(a5)            : MemWrite :  D=0x000000000006f9f8 A=0x6fa10
 775000: system.cpu: T0 : 0x1a7d8    : c_sd a5, 16(a5)            : MemWrite :  D=0x000000000006f9f8 A=0x6fa08
 775500: system.cpu: T0 : 0x1a7da    : c_addi a5, 16              : IntAlu :  D=0x000000000006fa08
 776000: system.cpu: T0 : 0x1a7dc    : bne a4, a5, -6             : IntAlu : 
 776500: system.cpu: T0 : 0x1a7d6    : c_sd a5, 24(a5)            : MemWrite :  D=0x000000000006fa08 A=0x6fa20
 777000: system.cpu: T0 : 0x1a7d8    : c_sd a5, 16(a5)            : MemWrite :  D=0x000000000006fa08 A=0x6fa18
 777500: system.cpu: T0 : 0x1a7da    : c_addi a5, 16              : IntAlu :  D=0x000000000006fa18
 778000: system.cpu: T0 : 0x1a7dc    : bne a4, a5, -6             : IntAlu : 
 778500: system.cpu: T0 : 0x1a7d6    : c_sd a5, 24(a5)            : MemWrite :  D=0x000000000006fa18 A=0x6fa30
 779000: system.cpu: T0 : 0x1a7d8    : c_sd a5, 16(a5)            : MemWrite :  D=0x000000000006fa18 A=0x6fa28
 779500: system.cpu: T0 : 0x1a7da    : c_addi a5, 16              : IntAlu :  D=0x000000000006fa28
 780000: system.cpu: T0 : 0x1a7dc    : bne a4, a5, -6             : IntAlu : 
 780500: system.cpu: T0 : 0x1a7d6    : c_sd a5, 24(a5)            : MemWrite :  D=0x000000000006fa28 A=0x6fa40
 781000: system.cpu: T0 : 0x1a7d8    : c_sd a5, 16(a5)            : MemWrite :  D=0x000000000006fa28 A=0x6fa38
 781500: system.cpu: T0 : 0x1a7da    : c_addi a5, 16              : IntAlu :  D=0x000000000006fa38
 782000: system.cpu: T0 : 0x1a7dc    : bne a4, a5, -6             : IntAlu : 
 782500: system.cpu: T0 : 0x1a7d6    : c_sd a5, 24(a5)            : MemWrite :  D=0x000000000006fa38 A=0x6fa50
 783000: system.cpu: T0 : 0x1a7d8    : c_sd a5, 16(a5)            : MemWrite :  D=0x000000000006fa38 A=0x6fa48
 783500: system.cpu: T0 : 0x1a7da    : c_addi a5, 16              : IntAlu :  D=0x000000000006fa48
 784000: system.cpu: T0 : 0x1a7dc    : bne a4, a5, -6             : IntAlu : 
 784500: system.cpu: T0 : 0x1a7d6    : c_sd a5, 24(a5)            : MemWrite :  D=0x000000000006fa48 A=0x6fa60
 785000: system.cpu: T0 : 0x1a7d8    : c_sd a5, 16(a5)            : MemWrite :  D=0x000000000006fa48 A=0x6fa58
 785500: system.cpu: T0 : 0x1a7da    : c_addi a5, 16              : IntAlu :  D=0x000000000006fa58
 786000: system.cpu: T0 : 0x1a7dc    : bne a4, a5, -6             : IntAlu : 
 786500: system.cpu: T0 : 0x1a7d6    : c_sd a5, 24(a5)            : MemWrite :  D=0x000000000006fa58 A=0x6fa70
 787000: system.cpu: T0 : 0x1a7d8    : c_sd a5, 16(a5)            : MemWrite :  D=0x000000000006fa58 A=0x6fa68
 787500: system.cpu: T0 : 0x1a7da    : c_addi a5, 16              : IntAlu :  D=0x000000000006fa68
 788000: system.cpu: T0 : 0x1a7dc    : bne a4, a5, -6             : IntAlu : 
 788500: system.cpu: T0 : 0x1a7d6    : c_sd a5, 24(a5)            : MemWrite :  D=0x000000000006fa68 A=0x6fa80
 789000: system.cpu: T0 : 0x1a7d8    : c_sd a5, 16(a5)            : MemWrite :  D=0x000000000006fa68 A=0x6fa78
 789500: system.cpu: T0 : 0x1a7da    : c_addi a5, 16              : IntAlu :  D=0x000000000006fa78
 790000: system.cpu: T0 : 0x1a7dc    : bne a4, a5, -6             : IntAlu : 
 790500: system.cpu: T0 : 0x1a7d6    : c_sd a5, 24(a5)            : MemWrite :  D=0x000000000006fa78 A=0x6fa90
 791000: system.cpu: T0 : 0x1a7d8    : c_sd a5, 16(a5)            : MemWrite :  D=0x000000000006fa78 A=0x6fa88
 791500: system.cpu: T0 : 0x1a7da    : c_addi a5, 16              : IntAlu :  D=0x000000000006fa88
 792000: system.cpu: T0 : 0x1a7dc    : bne a4, a5, -6             : IntAlu : 
 792500: system.cpu: T0 : 0x1a7d6    : c_sd a5, 24(a5)            : MemWrite :  D=0x000000000006fa88 A=0x6faa0
 793000: system.cpu: T0 : 0x1a7d8    : c_sd a5, 16(a5)            : MemWrite :  D=0x000000000006fa88 A=0x6fa98
 793500: system.cpu: T0 : 0x1a7da    : c_addi a5, 16              : IntAlu :  D=0x000000000006fa98
 794000: system.cpu: T0 : 0x1a7dc    : bne a4, a5, -6             : IntAlu : 
 794500: system.cpu: T0 : 0x1a7d6    : c_sd a5, 24(a5)            : MemWrite :  D=0x000000000006fa98 A=0x6fab0
 795000: system.cpu: T0 : 0x1a7d8    : c_sd a5, 16(a5)            : MemWrite :  D=0x000000000006fa98 A=0x6faa8
 795500: system.cpu: T0 : 0x1a7da    : c_addi a5, 16              : IntAlu :  D=0x000000000006faa8
 796000: system.cpu: T0 : 0x1a7dc    : bne a4, a5, -6             : IntAlu : 
 796500: system.cpu: T0 : 0x1a7d6    : c_sd a5, 24(a5)            : MemWrite :  D=0x000000000006faa8 A=0x6fac0
 797000: system.cpu: T0 : 0x1a7d8    : c_sd a5, 16(a5)            : MemWrite :  D=0x000000000006faa8 A=0x6fab8
 797500: system.cpu: T0 : 0x1a7da    : c_addi a5, 16              : IntAlu :  D=0x000000000006fab8
 798000: system.cpu: T0 : 0x1a7dc    : bne a4, a5, -6             : IntAlu : 
 798500: system.cpu: T0 : 0x1a7d6    : c_sd a5, 24(a5)            : MemWrite :  D=0x000000000006fab8 A=0x6fad0
 799000: system.cpu: T0 : 0x1a7d8    : c_sd a5, 16(a5)            : MemWrite :  D=0x000000000006fab8 A=0x6fac8
 799500: system.cpu: T0 : 0x1a7da    : c_addi a5, 16              : IntAlu :  D=0x000000000006fac8
 800000: system.cpu: T0 : 0x1a7dc    : bne a4, a5, -6             : IntAlu : 
 800500: system.cpu: T0 : 0x1a7d6    : c_sd a5, 24(a5)            : MemWrite :  D=0x000000000006fac8 A=0x6fae0
 801000: system.cpu: T0 : 0x1a7d8    : c_sd a5, 16(a5)            : MemWrite :  D=0x000000000006fac8 A=0x6fad8
 801500: system.cpu: T0 : 0x1a7da    : c_addi a5, 16              : IntAlu :  D=0x000000000006fad8
 802000: system.cpu: T0 : 0x1a7dc    : bne a4, a5, -6             : IntAlu : 
 802500: system.cpu: T0 : 0x1a7d6    : c_sd a5, 24(a5)            : MemWrite :  D=0x000000000006fad8 A=0x6faf0
 803000: system.cpu: T0 : 0x1a7d8    : c_sd a5, 16(a5)            : MemWrite :  D=0x000000000006fad8 A=0x6fae8
 803500: system.cpu: T0 : 0x1a7da    : c_addi a5, 16              : IntAlu :  D=0x000000000006fae8
 804000: system.cpu: T0 : 0x1a7dc    : bne a4, a5, -6             : IntAlu : 
 804500: system.cpu: T0 : 0x1a7d6    : c_sd a5, 24(a5)            : MemWrite :  D=0x000000000006fae8 A=0x6fb00
 805000: system.cpu: T0 : 0x1a7d8    : c_sd a5, 16(a5)            : MemWrite :  D=0x000000000006fae8 A=0x6faf8
 805500: system.cpu: T0 : 0x1a7da    : c_addi a5, 16              : IntAlu :  D=0x000000000006faf8
 806000: system.cpu: T0 : 0x1a7dc    : bne a4, a5, -6             : IntAlu : 
 806500: system.cpu: T0 : 0x1a7d6    : c_sd a5, 24(a5)            : MemWrite :  D=0x000000000006faf8 A=0x6fb10
 807000: system.cpu: T0 : 0x1a7d8    : c_sd a5, 16(a5)            : MemWrite :  D=0x000000000006faf8 A=0x6fb08
 807500: system.cpu: T0 : 0x1a7da    : c_addi a5, 16              : IntAlu :  D=0x000000000006fb08
 808000: system.cpu: T0 : 0x1a7dc    : bne a4, a5, -6             : IntAlu : 
 808500: system.cpu: T0 : 0x1a7d6    : c_sd a5, 24(a5)            : MemWrite :  D=0x000000000006fb08 A=0x6fb20
 809000: system.cpu: T0 : 0x1a7d8    : c_sd a5, 16(a5)            : MemWrite :  D=0x000000000006fb08 A=0x6fb18
 809500: system.cpu: T0 : 0x1a7da    : c_addi a5, 16              : IntAlu :  D=0x000000000006fb18
 810000: system.cpu: T0 : 0x1a7dc    : bne a4, a5, -6             : IntAlu : 
 810500: system.cpu: T0 : 0x1a7d6    : c_sd a5, 24(a5)            : MemWrite :  D=0x000000000006fb18 A=0x6fb30
 811000: system.cpu: T0 : 0x1a7d8    : c_sd a5, 16(a5)            : MemWrite :  D=0x000000000006fb18 A=0x6fb28
 811500: system.cpu: T0 : 0x1a7da    : c_addi a5, 16              : IntAlu :  D=0x000000000006fb28
 812000: system.cpu: T0 : 0x1a7dc    : bne a4, a5, -6             : IntAlu : 
 812500: system.cpu: T0 : 0x1a7d6    : c_sd a5, 24(a5)            : MemWrite :  D=0x000000000006fb28 A=0x6fb40
 813000: system.cpu: T0 : 0x1a7d8    : c_sd a5, 16(a5)            : MemWrite :  D=0x000000000006fb28 A=0x6fb38
 813500: system.cpu: T0 : 0x1a7da    : c_addi a5, 16              : IntAlu :  D=0x000000000006fb38
 814000: system.cpu: T0 : 0x1a7dc    : bne a4, a5, -6             : IntAlu : 
 814500: system.cpu: T0 : 0x1a7d6    : c_sd a5, 24(a5)            : MemWrite :  D=0x000000000006fb38 A=0x6fb50
 815000: system.cpu: T0 : 0x1a7d8    : c_sd a5, 16(a5)            : MemWrite :  D=0x000000000006fb38 A=0x6fb48
 815500: system.cpu: T0 : 0x1a7da    : c_addi a5, 16              : IntAlu :  D=0x000000000006fb48
 816000: system.cpu: T0 : 0x1a7dc    : bne a4, a5, -6             : IntAlu : 
 816500: system.cpu: T0 : 0x1a7d6    : c_sd a5, 24(a5)            : MemWrite :  D=0x000000000006fb48 A=0x6fb60
 817000: system.cpu: T0 : 0x1a7d8    : c_sd a5, 16(a5)            : MemWrite :  D=0x000000000006fb48 A=0x6fb58
 817500: system.cpu: T0 : 0x1a7da    : c_addi a5, 16              : IntAlu :  D=0x000000000006fb58
 818000: system.cpu: T0 : 0x1a7dc    : bne a4, a5, -6             : IntAlu : 
 818500: system.cpu: T0 : 0x1a7d6    : c_sd a5, 24(a5)            : MemWrite :  D=0x000000000006fb58 A=0x6fb70
 819000: system.cpu: T0 : 0x1a7d8    : c_sd a5, 16(a5)            : MemWrite :  D=0x000000000006fb58 A=0x6fb68
 819500: system.cpu: T0 : 0x1a7da    : c_addi a5, 16              : IntAlu :  D=0x000000000006fb68
 820000: system.cpu: T0 : 0x1a7dc    : bne a4, a5, -6             : IntAlu : 
 820500: system.cpu: T0 : 0x1a7d6    : c_sd a5, 24(a5)            : MemWrite :  D=0x000000000006fb68 A=0x6fb80
 821000: system.cpu: T0 : 0x1a7d8    : c_sd a5, 16(a5)            : MemWrite :  D=0x000000000006fb68 A=0x6fb78
 821500: system.cpu: T0 : 0x1a7da    : c_addi a5, 16              : IntAlu :  D=0x000000000006fb78
 822000: system.cpu: T0 : 0x1a7dc    : bne a4, a5, -6             : IntAlu : 
 822500: system.cpu: T0 : 0x1a7d6    : c_sd a5, 24(a5)            : MemWrite :  D=0x000000000006fb78 A=0x6fb90
 823000: system.cpu: T0 : 0x1a7d8    : c_sd a5, 16(a5)            : MemWrite :  D=0x000000000006fb78 A=0x6fb88
 823500: system.cpu: T0 : 0x1a7da    : c_addi a5, 16              : IntAlu :  D=0x000000000006fb88
 824000: system.cpu: T0 : 0x1a7dc    : bne a4, a5, -6             : IntAlu : 
 824500: system.cpu: T0 : 0x1a7d6    : c_sd a5, 24(a5)            : MemWrite :  D=0x000000000006fb88 A=0x6fba0
 825000: system.cpu: T0 : 0x1a7d8    : c_sd a5, 16(a5)            : MemWrite :  D=0x000000000006fb88 A=0x6fb98
 825500: system.cpu: T0 : 0x1a7da    : c_addi a5, 16              : IntAlu :  D=0x000000000006fb98
 826000: system.cpu: T0 : 0x1a7dc    : bne a4, a5, -6             : IntAlu : 
 826500: system.cpu: T0 : 0x1a7d6    : c_sd a5, 24(a5)            : MemWrite :  D=0x000000000006fb98 A=0x6fbb0
 827000: system.cpu: T0 : 0x1a7d8    : c_sd a5, 16(a5)            : MemWrite :  D=0x000000000006fb98 A=0x6fba8
 827500: system.cpu: T0 : 0x1a7da    : c_addi a5, 16              : IntAlu :  D=0x000000000006fba8
 828000: system.cpu: T0 : 0x1a7dc    : bne a4, a5, -6             : IntAlu : 
 828500: system.cpu: T0 : 0x1a7d6    : c_sd a5, 24(a5)            : MemWrite :  D=0x000000000006fba8 A=0x6fbc0
 829000: system.cpu: T0 : 0x1a7d8    : c_sd a5, 16(a5)            : MemWrite :  D=0x000000000006fba8 A=0x6fbb8
 829500: system.cpu: T0 : 0x1a7da    : c_addi a5, 16              : IntAlu :  D=0x000000000006fbb8
 830000: system.cpu: T0 : 0x1a7dc    : bne a4, a5, -6             : IntAlu : 
 830500: system.cpu: T0 : 0x1a7d6    : c_sd a5, 24(a5)            : MemWrite :  D=0x000000000006fbb8 A=0x6fbd0
 831000: system.cpu: T0 : 0x1a7d8    : c_sd a5, 16(a5)            : MemWrite :  D=0x000000000006fbb8 A=0x6fbc8
 831500: system.cpu: T0 : 0x1a7da    : c_addi a5, 16              : IntAlu :  D=0x000000000006fbc8
 832000: system.cpu: T0 : 0x1a7dc    : bne a4, a5, -6             : IntAlu : 
 832500: system.cpu: T0 : 0x1a7d6    : c_sd a5, 24(a5)            : MemWrite :  D=0x000000000006fbc8 A=0x6fbe0
 833000: system.cpu: T0 : 0x1a7d8    : c_sd a5, 16(a5)            : MemWrite :  D=0x000000000006fbc8 A=0x6fbd8
 833500: system.cpu: T0 : 0x1a7da    : c_addi a5, 16              : IntAlu :  D=0x000000000006fbd8
 834000: system.cpu: T0 : 0x1a7dc    : bne a4, a5, -6             : IntAlu : 
 834500: system.cpu: T0 : 0x1a7d6    : c_sd a5, 24(a5)            : MemWrite :  D=0x000000000006fbd8 A=0x6fbf0
 835000: system.cpu: T0 : 0x1a7d8    : c_sd a5, 16(a5)            : MemWrite :  D=0x000000000006fbd8 A=0x6fbe8
 835500: system.cpu: T0 : 0x1a7da    : c_addi a5, 16              : IntAlu :  D=0x000000000006fbe8
 836000: system.cpu: T0 : 0x1a7dc    : bne a4, a5, -6             : IntAlu : 
 836500: system.cpu: T0 : 0x1a7d6    : c_sd a5, 24(a5)            : MemWrite :  D=0x000000000006fbe8 A=0x6fc00
 837000: system.cpu: T0 : 0x1a7d8    : c_sd a5, 16(a5)            : MemWrite :  D=0x000000000006fbe8 A=0x6fbf8
 837500: system.cpu: T0 : 0x1a7da    : c_addi a5, 16              : IntAlu :  D=0x000000000006fbf8
 838000: system.cpu: T0 : 0x1a7dc    : bne a4, a5, -6             : IntAlu : 
 838500: system.cpu: T0 : 0x1a7d6    : c_sd a5, 24(a5)            : MemWrite :  D=0x000000000006fbf8 A=0x6fc10
 839000: system.cpu: T0 : 0x1a7d8    : c_sd a5, 16(a5)            : MemWrite :  D=0x000000000006fbf8 A=0x6fc08
 839500: system.cpu: T0 : 0x1a7da    : c_addi a5, 16              : IntAlu :  D=0x000000000006fc08
 840000: system.cpu: T0 : 0x1a7dc    : bne a4, a5, -6             : IntAlu : 
 840500: system.cpu: T0 : 0x1a7d6    : c_sd a5, 24(a5)            : MemWrite :  D=0x000000000006fc08 A=0x6fc20
 841000: system.cpu: T0 : 0x1a7d8    : c_sd a5, 16(a5)            : MemWrite :  D=0x000000000006fc08 A=0x6fc18
 841500: system.cpu: T0 : 0x1a7da    : c_addi a5, 16              : IntAlu :  D=0x000000000006fc18
 842000: system.cpu: T0 : 0x1a7dc    : bne a4, a5, -6             : IntAlu : 
 842500: system.cpu: T0 : 0x1a7d6    : c_sd a5, 24(a5)            : MemWrite :  D=0x000000000006fc18 A=0x6fc30
 843000: system.cpu: T0 : 0x1a7d8    : c_sd a5, 16(a5)            : MemWrite :  D=0x000000000006fc18 A=0x6fc28
 843500: system.cpu: T0 : 0x1a7da    : c_addi a5, 16              : IntAlu :  D=0x000000000006fc28
 844000: system.cpu: T0 : 0x1a7dc    : bne a4, a5, -6             : IntAlu : 
 844500: system.cpu: T0 : 0x1a7d6    : c_sd a5, 24(a5)            : MemWrite :  D=0x000000000006fc28 A=0x6fc40
 845000: system.cpu: T0 : 0x1a7d8    : c_sd a5, 16(a5)            : MemWrite :  D=0x000000000006fc28 A=0x6fc38
 845500: system.cpu: T0 : 0x1a7da    : c_addi a5, 16              : IntAlu :  D=0x000000000006fc38
 846000: system.cpu: T0 : 0x1a7dc    : bne a4, a5, -6             : IntAlu : 
 846500: system.cpu: T0 : 0x1a7d6    : c_sd a5, 24(a5)            : MemWrite :  D=0x000000000006fc38 A=0x6fc50
 847000: system.cpu: T0 : 0x1a7d8    : c_sd a5, 16(a5)            : MemWrite :  D=0x000000000006fc38 A=0x6fc48
 847500: system.cpu: T0 : 0x1a7da    : c_addi a5, 16              : IntAlu :  D=0x000000000006fc48
 848000: system.cpu: T0 : 0x1a7dc    : bne a4, a5, -6             : IntAlu : 
 848500: system.cpu: T0 : 0x1a7d6    : c_sd a5, 24(a5)            : MemWrite :  D=0x000000000006fc48 A=0x6fc60
 849000: system.cpu: T0 : 0x1a7d8    : c_sd a5, 16(a5)            : MemWrite :  D=0x000000000006fc48 A=0x6fc58
 849500: system.cpu: T0 : 0x1a7da    : c_addi a5, 16              : IntAlu :  D=0x000000000006fc58
 850000: system.cpu: T0 : 0x1a7dc    : bne a4, a5, -6             : IntAlu : 
 850500: system.cpu: T0 : 0x1a7d6    : c_sd a5, 24(a5)            : MemWrite :  D=0x000000000006fc58 A=0x6fc70
 851000: system.cpu: T0 : 0x1a7d8    : c_sd a5, 16(a5)            : MemWrite :  D=0x000000000006fc58 A=0x6fc68
 851500: system.cpu: T0 : 0x1a7da    : c_addi a5, 16              : IntAlu :  D=0x000000000006fc68
 852000: system.cpu: T0 : 0x1a7dc    : bne a4, a5, -6             : IntAlu : 
 852500: system.cpu: T0 : 0x1a7d6    : c_sd a5, 24(a5)            : MemWrite :  D=0x000000000006fc68 A=0x6fc80
 853000: system.cpu: T0 : 0x1a7d8    : c_sd a5, 16(a5)            : MemWrite :  D=0x000000000006fc68 A=0x6fc78
 853500: system.cpu: T0 : 0x1a7da    : c_addi a5, 16              : IntAlu :  D=0x000000000006fc78
 854000: system.cpu: T0 : 0x1a7dc    : bne a4, a5, -6             : IntAlu : 
 854500: system.cpu: T0 : 0x1a7d6    : c_sd a5, 24(a5)            : MemWrite :  D=0x000000000006fc78 A=0x6fc90
 855000: system.cpu: T0 : 0x1a7d8    : c_sd a5, 16(a5)            : MemWrite :  D=0x000000000006fc78 A=0x6fc88
 855500: system.cpu: T0 : 0x1a7da    : c_addi a5, 16              : IntAlu :  D=0x000000000006fc88
 856000: system.cpu: T0 : 0x1a7dc    : bne a4, a5, -6             : IntAlu : 
 856500: system.cpu: T0 : 0x1a7d6    : c_sd a5, 24(a5)            : MemWrite :  D=0x000000000006fc88 A=0x6fca0
 857000: system.cpu: T0 : 0x1a7d8    : c_sd a5, 16(a5)            : MemWrite :  D=0x000000000006fc88 A=0x6fc98
 857500: system.cpu: T0 : 0x1a7da    : c_addi a5, 16              : IntAlu :  D=0x000000000006fc98
 858000: system.cpu: T0 : 0x1a7dc    : bne a4, a5, -6             : IntAlu : 
 858500: system.cpu: T0 : 0x1a7d6    : c_sd a5, 24(a5)            : MemWrite :  D=0x000000000006fc98 A=0x6fcb0
 859000: system.cpu: T0 : 0x1a7d8    : c_sd a5, 16(a5)            : MemWrite :  D=0x000000000006fc98 A=0x6fca8
 859500: system.cpu: T0 : 0x1a7da    : c_addi a5, 16              : IntAlu :  D=0x000000000006fca8
 860000: system.cpu: T0 : 0x1a7dc    : bne a4, a5, -6             : IntAlu : 
 860500: system.cpu: T0 : 0x1a7d6    : c_sd a5, 24(a5)            : MemWrite :  D=0x000000000006fca8 A=0x6fcc0
 861000: system.cpu: T0 : 0x1a7d8    : c_sd a5, 16(a5)            : MemWrite :  D=0x000000000006fca8 A=0x6fcb8
 861500: system.cpu: T0 : 0x1a7da    : c_addi a5, 16              : IntAlu :  D=0x000000000006fcb8
 862000: system.cpu: T0 : 0x1a7dc    : bne a4, a5, -6             : IntAlu : 
 862500: system.cpu: T0 : 0x1a7d6    : c_sd a5, 24(a5)            : MemWrite :  D=0x000000000006fcb8 A=0x6fcd0
 863000: system.cpu: T0 : 0x1a7d8    : c_sd a5, 16(a5)            : MemWrite :  D=0x000000000006fcb8 A=0x6fcc8
 863500: system.cpu: T0 : 0x1a7da    : c_addi a5, 16              : IntAlu :  D=0x000000000006fcc8
 864000: system.cpu: T0 : 0x1a7dc    : bne a4, a5, -6             : IntAlu : 
 864500: system.cpu: T0 : 0x1a7d6    : c_sd a5, 24(a5)            : MemWrite :  D=0x000000000006fcc8 A=0x6fce0
 865000: system.cpu: T0 : 0x1a7d8    : c_sd a5, 16(a5)            : MemWrite :  D=0x000000000006fcc8 A=0x6fcd8
 865500: system.cpu: T0 : 0x1a7da    : c_addi a5, 16              : IntAlu :  D=0x000000000006fcd8
 866000: system.cpu: T0 : 0x1a7dc    : bne a4, a5, -6             : IntAlu : 
 866500: system.cpu: T0 : 0x1a7d6    : c_sd a5, 24(a5)            : MemWrite :  D=0x000000000006fcd8 A=0x6fcf0
 867000: system.cpu: T0 : 0x1a7d8    : c_sd a5, 16(a5)            : MemWrite :  D=0x000000000006fcd8 A=0x6fce8
 867500: system.cpu: T0 : 0x1a7da    : c_addi a5, 16              : IntAlu :  D=0x000000000006fce8
 868000: system.cpu: T0 : 0x1a7dc    : bne a4, a5, -6             : IntAlu : 
 868500: system.cpu: T0 : 0x1a7d6    : c_sd a5, 24(a5)            : MemWrite :  D=0x000000000006fce8 A=0x6fd00
 869000: system.cpu: T0 : 0x1a7d8    : c_sd a5, 16(a5)            : MemWrite :  D=0x000000000006fce8 A=0x6fcf8
 869500: system.cpu: T0 : 0x1a7da    : c_addi a5, 16              : IntAlu :  D=0x000000000006fcf8
 870000: system.cpu: T0 : 0x1a7dc    : bne a4, a5, -6             : IntAlu : 
 870500: system.cpu: T0 : 0x1a7d6    : c_sd a5, 24(a5)            : MemWrite :  D=0x000000000006fcf8 A=0x6fd10
 871000: system.cpu: T0 : 0x1a7d8    : c_sd a5, 16(a5)            : MemWrite :  D=0x000000000006fcf8 A=0x6fd08
 871500: system.cpu: T0 : 0x1a7da    : c_addi a5, 16              : IntAlu :  D=0x000000000006fd08
 872000: system.cpu: T0 : 0x1a7dc    : bne a4, a5, -6             : IntAlu : 
 872500: system.cpu: T0 : 0x1a7d6    : c_sd a5, 24(a5)            : MemWrite :  D=0x000000000006fd08 A=0x6fd20
 873000: system.cpu: T0 : 0x1a7d8    : c_sd a5, 16(a5)            : MemWrite :  D=0x000000000006fd08 A=0x6fd18
 873500: system.cpu: T0 : 0x1a7da    : c_addi a5, 16              : IntAlu :  D=0x000000000006fd18
 874000: system.cpu: T0 : 0x1a7dc    : bne a4, a5, -6             : IntAlu : 
 874500: system.cpu: T0 : 0x1a7d6    : c_sd a5, 24(a5)            : MemWrite :  D=0x000000000006fd18 A=0x6fd30
 875000: system.cpu: T0 : 0x1a7d8    : c_sd a5, 16(a5)            : MemWrite :  D=0x000000000006fd18 A=0x6fd28
 875500: system.cpu: T0 : 0x1a7da    : c_addi a5, 16              : IntAlu :  D=0x000000000006fd28
 876000: system.cpu: T0 : 0x1a7dc    : bne a4, a5, -6             : IntAlu : 
 876500: system.cpu: T0 : 0x1a7d6    : c_sd a5, 24(a5)            : MemWrite :  D=0x000000000006fd28 A=0x6fd40
 877000: system.cpu: T0 : 0x1a7d8    : c_sd a5, 16(a5)            : MemWrite :  D=0x000000000006fd28 A=0x6fd38
 877500: system.cpu: T0 : 0x1a7da    : c_addi a5, 16              : IntAlu :  D=0x000000000006fd38
 878000: system.cpu: T0 : 0x1a7dc    : bne a4, a5, -6             : IntAlu : 
 878500: system.cpu: T0 : 0x1a7d6    : c_sd a5, 24(a5)            : MemWrite :  D=0x000000000006fd38 A=0x6fd50
 879000: system.cpu: T0 : 0x1a7d8    : c_sd a5, 16(a5)            : MemWrite :  D=0x000000000006fd38 A=0x6fd48
 879500: system.cpu: T0 : 0x1a7da    : c_addi a5, 16              : IntAlu :  D=0x000000000006fd48
 880000: system.cpu: T0 : 0x1a7dc    : bne a4, a5, -6             : IntAlu : 
 880500: system.cpu: T0 : 0x1a7d6    : c_sd a5, 24(a5)            : MemWrite :  D=0x000000000006fd48 A=0x6fd60
 881000: system.cpu: T0 : 0x1a7d8    : c_sd a5, 16(a5)            : MemWrite :  D=0x000000000006fd48 A=0x6fd58
 881500: system.cpu: T0 : 0x1a7da    : c_addi a5, 16              : IntAlu :  D=0x000000000006fd58
 882000: system.cpu: T0 : 0x1a7dc    : bne a4, a5, -6             : IntAlu : 
 882500: system.cpu: T0 : 0x1a7d6    : c_sd a5, 24(a5)            : MemWrite :  D=0x000000000006fd58 A=0x6fd70
 883000: system.cpu: T0 : 0x1a7d8    : c_sd a5, 16(a5)            : MemWrite :  D=0x000000000006fd58 A=0x6fd68
 883500: system.cpu: T0 : 0x1a7da    : c_addi a5, 16              : IntAlu :  D=0x000000000006fd68
 884000: system.cpu: T0 : 0x1a7dc    : bne a4, a5, -6             : IntAlu : 
 884500: system.cpu: T0 : 0x1a7d6    : c_sd a5, 24(a5)            : MemWrite :  D=0x000000000006fd68 A=0x6fd80
 885000: system.cpu: T0 : 0x1a7d8    : c_sd a5, 16(a5)            : MemWrite :  D=0x000000000006fd68 A=0x6fd78
 885500: system.cpu: T0 : 0x1a7da    : c_addi a5, 16              : IntAlu :  D=0x000000000006fd78
 886000: system.cpu: T0 : 0x1a7dc    : bne a4, a5, -6             : IntAlu : 
 886500: system.cpu: T0 : 0x1a7d6    : c_sd a5, 24(a5)            : MemWrite :  D=0x000000000006fd78 A=0x6fd90
 887000: system.cpu: T0 : 0x1a7d8    : c_sd a5, 16(a5)            : MemWrite :  D=0x000000000006fd78 A=0x6fd88
 887500: system.cpu: T0 : 0x1a7da    : c_addi a5, 16              : IntAlu :  D=0x000000000006fd88
 888000: system.cpu: T0 : 0x1a7dc    : bne a4, a5, -6             : IntAlu : 
 888500: system.cpu: T0 : 0x1a7d6    : c_sd a5, 24(a5)            : MemWrite :  D=0x000000000006fd88 A=0x6fda0
 889000: system.cpu: T0 : 0x1a7d8    : c_sd a5, 16(a5)            : MemWrite :  D=0x000000000006fd88 A=0x6fd98
 889500: system.cpu: T0 : 0x1a7da    : c_addi a5, 16              : IntAlu :  D=0x000000000006fd98
 890000: system.cpu: T0 : 0x1a7dc    : bne a4, a5, -6             : IntAlu : 
 890500: system.cpu: T0 : 0x1a7d6    : c_sd a5, 24(a5)            : MemWrite :  D=0x000000000006fd98 A=0x6fdb0
 891000: system.cpu: T0 : 0x1a7d8    : c_sd a5, 16(a5)            : MemWrite :  D=0x000000000006fd98 A=0x6fda8
 891500: system.cpu: T0 : 0x1a7da    : c_addi a5, 16              : IntAlu :  D=0x000000000006fda8
 892000: system.cpu: T0 : 0x1a7dc    : bne a4, a5, -6             : IntAlu : 
 892500: system.cpu: T0 : 0x1a7d6    : c_sd a5, 24(a5)            : MemWrite :  D=0x000000000006fda8 A=0x6fdc0
 893000: system.cpu: T0 : 0x1a7d8    : c_sd a5, 16(a5)            : MemWrite :  D=0x000000000006fda8 A=0x6fdb8
 893500: system.cpu: T0 : 0x1a7da    : c_addi a5, 16              : IntAlu :  D=0x000000000006fdb8
 894000: system.cpu: T0 : 0x1a7dc    : bne a4, a5, -6             : IntAlu : 
 894500: system.cpu: T0 : 0x1a7d6    : c_sd a5, 24(a5)            : MemWrite :  D=0x000000000006fdb8 A=0x6fdd0
 895000: system.cpu: T0 : 0x1a7d8    : c_sd a5, 16(a5)            : MemWrite :  D=0x000000000006fdb8 A=0x6fdc8
 895500: system.cpu: T0 : 0x1a7da    : c_addi a5, 16              : IntAlu :  D=0x000000000006fdc8
 896000: system.cpu: T0 : 0x1a7dc    : bne a4, a5, -6             : IntAlu : 
 896500: system.cpu: T0 : 0x1a7d6    : c_sd a5, 24(a5)            : MemWrite :  D=0x000000000006fdc8 A=0x6fde0
 897000: system.cpu: T0 : 0x1a7d8    : c_sd a5, 16(a5)            : MemWrite :  D=0x000000000006fdc8 A=0x6fdd8
 897500: system.cpu: T0 : 0x1a7da    : c_addi a5, 16              : IntAlu :  D=0x000000000006fdd8
 898000: system.cpu: T0 : 0x1a7dc    : bne a4, a5, -6             : IntAlu : 
 898500: system.cpu: T0 : 0x1a7d6    : c_sd a5, 24(a5)            : MemWrite :  D=0x000000000006fdd8 A=0x6fdf0
 899000: system.cpu: T0 : 0x1a7d8    : c_sd a5, 16(a5)            : MemWrite :  D=0x000000000006fdd8 A=0x6fde8
 899500: system.cpu: T0 : 0x1a7da    : c_addi a5, 16              : IntAlu :  D=0x000000000006fde8
 900000: system.cpu: T0 : 0x1a7dc    : bne a4, a5, -6             : IntAlu : 
 900500: system.cpu: T0 : 0x1a7d6    : c_sd a5, 24(a5)            : MemWrite :  D=0x000000000006fde8 A=0x6fe00
 901000: system.cpu: T0 : 0x1a7d8    : c_sd a5, 16(a5)            : MemWrite :  D=0x000000000006fde8 A=0x6fdf8
 901500: system.cpu: T0 : 0x1a7da    : c_addi a5, 16              : IntAlu :  D=0x000000000006fdf8
 902000: system.cpu: T0 : 0x1a7dc    : bne a4, a5, -6             : IntAlu : 
 902500: system.cpu: T0 : 0x1a7d6    : c_sd a5, 24(a5)            : MemWrite :  D=0x000000000006fdf8 A=0x6fe10
 903000: system.cpu: T0 : 0x1a7d8    : c_sd a5, 16(a5)            : MemWrite :  D=0x000000000006fdf8 A=0x6fe08
 903500: system.cpu: T0 : 0x1a7da    : c_addi a5, 16              : IntAlu :  D=0x000000000006fe08
 904000: system.cpu: T0 : 0x1a7dc    : bne a4, a5, -6             : IntAlu : 
 904500: system.cpu: T0 : 0x1a7d6    : c_sd a5, 24(a5)            : MemWrite :  D=0x000000000006fe08 A=0x6fe20
 905000: system.cpu: T0 : 0x1a7d8    : c_sd a5, 16(a5)            : MemWrite :  D=0x000000000006fe08 A=0x6fe18
 905500: system.cpu: T0 : 0x1a7da    : c_addi a5, 16              : IntAlu :  D=0x000000000006fe18
 906000: system.cpu: T0 : 0x1a7dc    : bne a4, a5, -6             : IntAlu : 
 906500: system.cpu: T0 : 0x1a7e0    : lui a5, 111                : IntAlu :  D=0x000000000006f000
 907000: system.cpu: T0 : 0x1a7e4    : addi a5, a5, 1480          : IntAlu :  D=0x000000000006f5c8
 907500: system.cpu: T0 : 0x1a7e8    : beq a0, a5, 24             : IntAlu : 
 908000: system.cpu: T0 : 0x1a800    : addi a4, zero, 128         : IntAlu :  D=0x0000000000000080
 908500: system.cpu: T0 : 0x1a804    : sd a4, -1376(gp)           : MemWrite :  D=0x0000000000000080 A=0x70ac8
 909000: system.cpu: T0 : 0x1a808    : addi a5, a0, 8             : IntAlu :  D=0x000000000006f5d0
 909500: system.cpu: T0 : 0x1a80c    : amoswap_w zero, zero, (a5)
 909500: system.cpu: T0 : 0x1a80c. 0 : amoswap_w[l] zero, zero, (a5) : MemRead :  D=0x0000000000000000 A=0x6f5d0
 910000: system.cpu: T0 : 0x1a810    : c_sd a3, 96(a0)            : MemWrite :  D=0x000000000006f628 A=0x6f628
 910500: system.cpu: T0 : 0x1a812    : c_jr ra                    : IntAlu : 
 911000: system.cpu: T0 : 0x1abce    : c_lui a2, 27               : IntAlu :  D=0x000000000001b000
 911500: system.cpu: T0 : 0x1abd0    : addi a2, a2, 796           : IntAlu :  D=0x000000000001b31c
 912000: system.cpu: T0 : 0x1abd4    : c_mv a1, sp                : IntAlu :  D=0x7ffffffffffffbe0
 912500: system.cpu: T0 : 0x1abd6    : c_li a0, 19                : IntAlu :  D=0x0000000000000013
 913000: system.cpu: T0 : 0x1abd8    : jal ra, 30078              : IntAlu :  D=0x000000000001abdc
 913500: system.cpu: T0 : 0x22156    : c_slli a0, 32              : IntAlu :  D=0x0000001300000000
 914000: system.cpu: T0 : 0x22158    : c_srli a0, 32              : IntAlu :  D=0x0000000000000013
 915000: system.cpu: T0 : 0x2215a    : slli a5, a0, 3             : IntAlu :  D=0x0000000000000098
 915500: system.cpu: T0 : 0x2215e    : c_sub a5, a0               : IntAlu :  D=0x0000000000000085
 916000: system.cpu: T0 : 0x22160    : lui a4, 111                : IntAlu :  D=0x000000000006f000
 916500: system.cpu: T0 : 0x22164    : addi a4, a4, -1248         : IntAlu :  D=0x000000000006eb20
 917000: system.cpu: T0 : 0x22168    : c_slli a5, 3               : IntAlu :  D=0x0000000000000428
 917500: system.cpu: T0 : 0x2216a    : c_add a5, a4               : IntAlu :  D=0x000000000006ef48
 918000: system.cpu: T0 : 0x2216c    : c_lw a3, 8(a5)             : MemRead :  D=0x0000000000000000 A=0x6ef50
 918500: system.cpu: T0 : 0x2216e    : c_li a6, 2                 : IntAlu :  D=0x0000000000000002
 919000: system.cpu: T0 : 0x22170    : c_ld a5, 32(a5)            : MemRead :  D=0x0000000000000000 A=0x6ef68
 920000: system.cpu: T0 : 0x22172    : bltu a6, a3, 42            : IntAlu : 
 920500: system.cpu: T0 : 0x22176    : c_bnez a3, 38              : IntAlu : 
 921000: system.cpu: T0 : 0x22178    : c_sw a5, 0(a1)             : MemWrite :  D=0x0000000000000000 A=0x7ffffffffffffbe0
 922000: system.cpu: T0 : 0x2217a    : slli a5, a0, 3             : IntAlu :  D=0x0000000000000098
 922500: system.cpu: T0 : 0x2217e    : c_sub a5, a0               : IntAlu :  D=0x0000000000000085
 923000: system.cpu: T0 : 0x22180    : c_slli a5, 3               : IntAlu :  D=0x0000000000000428
 924000: system.cpu: T0 : 0x22182    : add a3, a4, a5             : IntAlu :  D=0x000000000006ef48
 925000: system.cpu: T0 : 0x22186    : lbu a3, 40(a3)             : MemRead :  D=0x0000000000000000 A=0x6ef70
 925500: system.cpu: T0 : 0x2218a    : c_beqz a3, 16              : IntAlu : 
 926000: system.cpu: T0 : 0x2219a    : c_jr ra                    : IntAlu : 
 926500: system.cpu: T0 : 0x1abdc    : c_lui a2, 26               : IntAlu :  D=0x000000000001a000
 927500: system.cpu: T0 : 0x1abde    : addi a2, a2, 1120          : IntAlu :  D=0x000000000001a460
 928000: system.cpu: T0 : 0x1abe2    : c_mv a1, sp                : IntAlu :  D=0x7ffffffffffffbe0
 928500: system.cpu: T0 : 0x1abe4    : c_li a0, 7                 : IntAlu :  D=0x0000000000000007
 929500: system.cpu: T0 : 0x1abe6    : jal ra, 30064              : IntAlu :  D=0x000000000001abea
 930000: system.cpu: T0 : 0x22156    : c_slli a0, 32              : IntAlu :  D=0x0000000700000000
 930500: system.cpu: T0 : 0x22158    : c_srli a0, 32              : IntAlu :  D=0x0000000000000007
 931500: system.cpu: T0 : 0x2215a    : slli a5, a0, 3             : IntAlu :  D=0x0000000000000038
 932000: system.cpu: T0 : 0x2215e    : c_sub a5, a0               : IntAlu :  D=0x0000000000000031
 932500: system.cpu: T0 : 0x22160    : lui a4, 111                : IntAlu :  D=0x000000000006f000
 933000: system.cpu: T0 : 0x22164    : addi a4, a4, -1248         : IntAlu :  D=0x000000000006eb20
 933500: system.cpu: T0 : 0x22168    : c_slli a5, 3               : IntAlu :  D=0x0000000000000188
 934000: system.cpu: T0 : 0x2216a    : c_add a5, a4               : IntAlu :  D=0x000000000006eca8
 934500: system.cpu: T0 : 0x2216c    : c_lw a3, 8(a5)             : MemRead :  D=0x0000000000000002 A=0x6ecb0
 935000: system.cpu: T0 : 0x2216e    : c_li a6, 2                 : IntAlu :  D=0x0000000000000002
 935500: system.cpu: T0 : 0x22170    : c_ld a5, 32(a5)            : MemRead :  D=0x0000000000000000 A=0x6ecc8
 936500: system.cpu: T0 : 0x22172    : bltu a6, a3, 42            : IntAlu : 
 937000: system.cpu: T0 : 0x22176    : c_bnez a3, 38              : IntAlu : 
 937500: system.cpu: T0 : 0x2219c    : c_sd a5, 0(a1)             : MemWrite :  D=0x0000000000000000 A=0x7ffffffffffffbe0
 938000: system.cpu: T0 : 0x2219e    : c_j -36                    : IntAlu : 
 939000: system.cpu: T0 : 0x2217a    : slli a5, a0, 3             : IntAlu :  D=0x0000000000000038
 939500: system.cpu: T0 : 0x2217e    : c_sub a5, a0               : IntAlu :  D=0x0000000000000031
 940000: system.cpu: T0 : 0x22180    : c_slli a5, 3               : IntAlu :  D=0x0000000000000188
 941000: system.cpu: T0 : 0x22182    : add a3, a4, a5             : IntAlu :  D=0x000000000006eca8
 942000: system.cpu: T0 : 0x22186    : lbu a3, 40(a3)             : MemRead :  D=0x0000000000000000 A=0x6ecd0
 942500: system.cpu: T0 : 0x2218a    : c_beqz a3, 16              : IntAlu : 
 943000: system.cpu: T0 : 0x2219a    : c_jr ra                    : IntAlu : 
 943500: system.cpu: T0 : 0x1abea    : c_lui a2, 26               : IntAlu :  D=0x000000000001a000
 944000: system.cpu: T0 : 0x1abec    : addi a2, a2, 1138          : IntAlu :  D=0x000000000001a472
 944500: system.cpu: T0 : 0x1abf0    : c_mv a1, sp                : IntAlu :  D=0x7ffffffffffffbe0
 945000: system.cpu: T0 : 0x1abf2    : c_li a0, 2                 : IntAlu :  D=0x0000000000000002
 945500: system.cpu: T0 : 0x1abf4    : jal ra, 30050              : IntAlu :  D=0x000000000001abf8
 946000: system.cpu: T0 : 0x22156    : c_slli a0, 32              : IntAlu :  D=0x0000000200000000
 946500: system.cpu: T0 : 0x22158    : c_srli a0, 32              : IntAlu :  D=0x0000000000000002
 947500: system.cpu: T0 : 0x2215a    : slli a5, a0, 3             : IntAlu :  D=0x0000000000000010
 948000: system.cpu: T0 : 0x2215e    : c_sub a5, a0               : IntAlu :  D=0x000000000000000e
 948500: system.cpu: T0 : 0x22160    : lui a4, 111                : IntAlu :  D=0x000000000006f000
 949000: system.cpu: T0 : 0x22164    : addi a4, a4, -1248         : IntAlu :  D=0x000000000006eb20
 949500: system.cpu: T0 : 0x22168    : c_slli a5, 3               : IntAlu :  D=0x0000000000000070
 950000: system.cpu: T0 : 0x2216a    : c_add a5, a4               : IntAlu :  D=0x000000000006eb90
 950500: system.cpu: T0 : 0x2216c    : c_lw a3, 8(a5)             : MemRead :  D=0x0000000000000000 A=0x6eb98
 951000: system.cpu: T0 : 0x2216e    : c_li a6, 2                 : IntAlu :  D=0x0000000000000002
 951500: system.cpu: T0 : 0x22170    : c_ld a5, 32(a5)            : MemRead :  D=0x0000000000000000 A=0x6ebb0
 952500: system.cpu: T0 : 0x22172    : bltu a6, a3, 42            : IntAlu : 
 953000: system.cpu: T0 : 0x22176    : c_bnez a3, 38              : IntAlu : 
 953500: system.cpu: T0 : 0x22178    : c_sw a5, 0(a1)             : MemWrite :  D=0x0000000000000000 A=0x7ffffffffffffbe0
 954500: system.cpu: T0 : 0x2217a    : slli a5, a0, 3             : IntAlu :  D=0x0000000000000010
 955000: system.cpu: T0 : 0x2217e    : c_sub a5, a0               : IntAlu :  D=0x000000000000000e
 955500: system.cpu: T0 : 0x22180    : c_slli a5, 3               : IntAlu :  D=0x0000000000000070
 956500: system.cpu: T0 : 0x22182    : add a3, a4, a5             : IntAlu :  D=0x000000000006eb90
 957500: system.cpu: T0 : 0x22186    : lbu a3, 40(a3)             : MemRead :  D=0x0000000000000000 A=0x6ebb8
 958000: system.cpu: T0 : 0x2218a    : c_beqz a3, 16              : IntAlu : 
 958500: system.cpu: T0 : 0x2219a    : c_jr ra                    : IntAlu : 
 959000: system.cpu: T0 : 0x1abf8    : c_lui a2, 26               : IntAlu :  D=0x000000000001a000
 960000: system.cpu: T0 : 0x1abfa    : addi a2, a2, 1074          : IntAlu :  D=0x000000000001a432
 960500: system.cpu: T0 : 0x1abfe    : c_mv a1, sp                : IntAlu :  D=0x7ffffffffffffbe0
 961000: system.cpu: T0 : 0x1ac00    : c_li a0, 14                : IntAlu :  D=0x000000000000000e
 962000: system.cpu: T0 : 0x1ac02    : jal ra, 30036              : IntAlu :  D=0x000000000001ac06
 962500: system.cpu: T0 : 0x22156    : c_slli a0, 32              : IntAlu :  D=0x0000000e00000000
 963000: system.cpu: T0 : 0x22158    : c_srli a0, 32              : IntAlu :  D=0x000000000000000e
 964000: system.cpu: T0 : 0x2215a    : slli a5, a0, 3             : IntAlu :  D=0x0000000000000070
 964500: system.cpu: T0 : 0x2215e    : c_sub a5, a0               : IntAlu :  D=0x0000000000000062
 965000: system.cpu: T0 : 0x22160    : lui a4, 111                : IntAlu :  D=0x000000000006f000
 965500: system.cpu: T0 : 0x22164    : addi a4, a4, -1248         : IntAlu :  D=0x000000000006eb20
 966000: system.cpu: T0 : 0x22168    : c_slli a5, 3               : IntAlu :  D=0x0000000000000310
 966500: system.cpu: T0 : 0x2216a    : c_add a5, a4               : IntAlu :  D=0x000000000006ee30
 967000: system.cpu: T0 : 0x2216c    : c_lw a3, 8(a5)             : MemRead :  D=0x0000000000000002 A=0x6ee38
 967500: system.cpu: T0 : 0x2216e    : c_li a6, 2                 : IntAlu :  D=0x0000000000000002
 968000: system.cpu: T0 : 0x22170    : c_ld a5, 32(a5)            : MemRead :  D=0x0000000000000000 A=0x6ee50
 969000: system.cpu: T0 : 0x22172    : bltu a6, a3, 42            : IntAlu : 
 969500: system.cpu: T0 : 0x22176    : c_bnez a3, 38              : IntAlu : 
 970000: system.cpu: T0 : 0x2219c    : c_sd a5, 0(a1)             : MemWrite :  D=0x0000000000000000 A=0x7ffffffffffffbe0
 970500: system.cpu: T0 : 0x2219e    : c_j -36                    : IntAlu : 
 971500: system.cpu: T0 : 0x2217a    : slli a5, a0, 3             : IntAlu :  D=0x0000000000000070
 972000: system.cpu: T0 : 0x2217e    : c_sub a5, a0               : IntAlu :  D=0x0000000000000062
 972500: system.cpu: T0 : 0x22180    : c_slli a5, 3               : IntAlu :  D=0x0000000000000310
 973500: system.cpu: T0 : 0x22182    : add a3, a4, a5             : IntAlu :  D=0x000000000006ee30
 974500: system.cpu: T0 : 0x22186    : lbu a3, 40(a3)             : MemRead :  D=0x0000000000000000 A=0x6ee58
 975000: system.cpu: T0 : 0x2218a    : c_beqz a3, 16              : IntAlu : 
 975500: system.cpu: T0 : 0x2219a    : c_jr ra                    : IntAlu : 
 976000: system.cpu: T0 : 0x1ac06    : c_lui a2, 26               : IntAlu :  D=0x000000000001a000
 976500: system.cpu: T0 : 0x1ac08    : addi a2, a2, 1146          : IntAlu :  D=0x000000000001a47a
 977000: system.cpu: T0 : 0x1ac0c    : c_mv a1, sp                : IntAlu :  D=0x7ffffffffffffbe0
 977500: system.cpu: T0 : 0x1ac0e    : c_li a0, 1                 : IntAlu :  D=0x0000000000000001
 978000: system.cpu: T0 : 0x1ac10    : jal ra, 30022              : IntAlu :  D=0x000000000001ac14
 978500: system.cpu: T0 : 0x22156    : c_slli a0, 32              : IntAlu :  D=0x0000000100000000
 979000: system.cpu: T0 : 0x22158    : c_srli a0, 32              : IntAlu :  D=0x0000000000000001
 980000: system.cpu: T0 : 0x2215a    : slli a5, a0, 3             : IntAlu :  D=0x0000000000000008
 980500: system.cpu: T0 : 0x2215e    : c_sub a5, a0               : IntAlu :  D=0x0000000000000007
 981000: system.cpu: T0 : 0x22160    : lui a4, 111                : IntAlu :  D=0x000000000006f000
 981500: system.cpu: T0 : 0x22164    : addi a4, a4, -1248         : IntAlu :  D=0x000000000006eb20
 982000: system.cpu: T0 : 0x22168    : c_slli a5, 3               : IntAlu :  D=0x0000000000000038
 982500: system.cpu: T0 : 0x2216a    : c_add a5, a4               : IntAlu :  D=0x000000000006eb58
 983000: system.cpu: T0 : 0x2216c    : c_lw a3, 8(a5)             : MemRead :  D=0x0000000000000002 A=0x6eb60
 983500: system.cpu: T0 : 0x2216e    : c_li a6, 2                 : IntAlu :  D=0x0000000000000002
 984000: system.cpu: T0 : 0x22170    : c_ld a5, 32(a5)            : MemRead :  D=0x0000000000000000 A=0x6eb78
 985000: system.cpu: T0 : 0x22172    : bltu a6, a3, 42            : IntAlu : 
 985500: system.cpu: T0 : 0x22176    : c_bnez a3, 38              : IntAlu : 
 986000: system.cpu: T0 : 0x2219c    : c_sd a5, 0(a1)             : MemWrite :  D=0x0000000000000000 A=0x7ffffffffffffbe0
 986500: system.cpu: T0 : 0x2219e    : c_j -36                    : IntAlu : 
 987500: system.cpu: T0 : 0x2217a    : slli a5, a0, 3             : IntAlu :  D=0x0000000000000008
 988000: system.cpu: T0 : 0x2217e    : c_sub a5, a0               : IntAlu :  D=0x0000000000000007
 988500: system.cpu: T0 : 0x22180    : c_slli a5, 3               : IntAlu :  D=0x0000000000000038
 989500: system.cpu: T0 : 0x22182    : add a3, a4, a5             : IntAlu :  D=0x000000000006eb58
 990500: system.cpu: T0 : 0x22186    : lbu a3, 40(a3)             : MemRead :  D=0x0000000000000000 A=0x6eb80
 991000: system.cpu: T0 : 0x2218a    : c_beqz a3, 16              : IntAlu : 
 991500: system.cpu: T0 : 0x2219a    : c_jr ra                    : IntAlu : 
 992000: system.cpu: T0 : 0x1ac14    : c_lui a2, 26               : IntAlu :  D=0x000000000001a000
 993000: system.cpu: T0 : 0x1ac16    : addi a2, a2, 1102          : IntAlu :  D=0x000000000001a44e
 993500: system.cpu: T0 : 0x1ac1a    : c_mv a1, sp                : IntAlu :  D=0x7ffffffffffffbe0
 994000: system.cpu: T0 : 0x1ac1c    : c_li a0, 9                 : IntAlu :  D=0x0000000000000009
 995000: system.cpu: T0 : 0x1ac1e    : jal ra, 30008              : IntAlu :  D=0x000000000001ac22
 995500: system.cpu: T0 : 0x22156    : c_slli a0, 32              : IntAlu :  D=0x0000000900000000
 996000: system.cpu: T0 : 0x22158    : c_srli a0, 32              : IntAlu :  D=0x0000000000000009
 997000: system.cpu: T0 : 0x2215a    : slli a5, a0, 3             : IntAlu :  D=0x0000000000000048
 997500: system.cpu: T0 : 0x2215e    : c_sub a5, a0               : IntAlu :  D=0x000000000000003f
 998000: system.cpu: T0 : 0x22160    : lui a4, 111                : IntAlu :  D=0x000000000006f000
 998500: system.cpu: T0 : 0x22164    : addi a4, a4, -1248         : IntAlu :  D=0x000000000006eb20
 999000: system.cpu: T0 : 0x22168    : c_slli a5, 3               : IntAlu :  D=0x00000000000001f8
 999500: system.cpu: T0 : 0x2216a    : c_add a5, a4               : IntAlu :  D=0x000000000006ed18
1000000: system.cpu: T0 : 0x2216c    : c_lw a3, 8(a5)             : MemRead :  D=0x0000000000000000 A=0x6ed20
1000500: system.cpu: T0 : 0x2216e    : c_li a6, 2                 : IntAlu :  D=0x0000000000000002
1001000: system.cpu: T0 : 0x22170    : c_ld a5, 32(a5)            : MemRead :  D=0x0000000000000000 A=0x6ed38
1002000: system.cpu: T0 : 0x22172    : bltu a6, a3, 42            : IntAlu : 
1002500: system.cpu: T0 : 0x22176    : c_bnez a3, 38              : IntAlu : 
1003000: system.cpu: T0 : 0x22178    : c_sw a5, 0(a1)             : MemWrite :  D=0x0000000000000000 A=0x7ffffffffffffbe0
1004000: system.cpu: T0 : 0x2217a    : slli a5, a0, 3             : IntAlu :  D=0x0000000000000048
1004500: system.cpu: T0 : 0x2217e    : c_sub a5, a0               : IntAlu :  D=0x000000000000003f
1005000: system.cpu: T0 : 0x22180    : c_slli a5, 3               : IntAlu :  D=0x00000000000001f8
1006000: system.cpu: T0 : 0x22182    : add a3, a4, a5             : IntAlu :  D=0x000000000006ed18
1007000: system.cpu: T0 : 0x22186    : lbu a3, 40(a3)             : MemRead :  D=0x0000000000000000 A=0x6ed40
1007500: system.cpu: T0 : 0x2218a    : c_beqz a3, 16              : IntAlu : 
1008000: system.cpu: T0 : 0x2219a    : c_jr ra                    : IntAlu : 
1008500: system.cpu: T0 : 0x1ac22    : c_lui a2, 26               : IntAlu :  D=0x000000000001a000
1009000: system.cpu: T0 : 0x1ac24    : addi a2, a2, 1164          : IntAlu :  D=0x000000000001a48c
1009500: system.cpu: T0 : 0x1ac28    : c_mv a1, sp                : IntAlu :  D=0x7ffffffffffffbe0
1010000: system.cpu: T0 : 0x1ac2a    : c_li a0, 13                : IntAlu :  D=0x000000000000000d
1010500: system.cpu: T0 : 0x1ac2c    : jal ra, 29994              : IntAlu :  D=0x000000000001ac30
1011000: system.cpu: T0 : 0x22156    : c_slli a0, 32              : IntAlu :  D=0x0000000d00000000
1011500: system.cpu: T0 : 0x22158    : c_srli a0, 32              : IntAlu :  D=0x000000000000000d
1012500: system.cpu: T0 : 0x2215a    : slli a5, a0, 3             : IntAlu :  D=0x0000000000000068
1013000: system.cpu: T0 : 0x2215e    : c_sub a5, a0               : IntAlu :  D=0x000000000000005b
1013500: system.cpu: T0 : 0x22160    : lui a4, 111                : IntAlu :  D=0x000000000006f000
1014000: system.cpu: T0 : 0x22164    : addi a4, a4, -1248         : IntAlu :  D=0x000000000006eb20
1014500: system.cpu: T0 : 0x22168    : c_slli a5, 3               : IntAlu :  D=0x00000000000002d8
1015000: system.cpu: T0 : 0x2216a    : c_add a5, a4               : IntAlu :  D=0x000000000006edf8
1015500: system.cpu: T0 : 0x2216c    : c_lw a3, 8(a5)             : MemRead :  D=0x0000000000000002 A=0x6ee00
1016000: system.cpu: T0 : 0x2216e    : c_li a6, 2                 : IntAlu :  D=0x0000000000000002
1016500: system.cpu: T0 : 0x22170    : c_ld a5, 32(a5)            : MemRead :  D=0x0000000000000000 A=0x6ee18
1017500: system.cpu: T0 : 0x22172    : bltu a6, a3, 42            : IntAlu : 
1018000: system.cpu: T0 : 0x22176    : c_bnez a3, 38              : IntAlu : 
1018500: system.cpu: T0 : 0x2219c    : c_sd a5, 0(a1)             : MemWrite :  D=0x0000000000000000 A=0x7ffffffffffffbe0
1019000: system.cpu: T0 : 0x2219e    : c_j -36                    : IntAlu : 
1020000: system.cpu: T0 : 0x2217a    : slli a5, a0, 3             : IntAlu :  D=0x0000000000000068
1020500: system.cpu: T0 : 0x2217e    : c_sub a5, a0               : IntAlu :  D=0x000000000000005b
1021000: system.cpu: T0 : 0x22180    : c_slli a5, 3               : IntAlu :  D=0x00000000000002d8
1022000: system.cpu: T0 : 0x22182    : add a3, a4, a5             : IntAlu :  D=0x000000000006edf8
1023000: system.cpu: T0 : 0x22186    : lbu a3, 40(a3)             : MemRead :  D=0x0000000000000000 A=0x6ee20
1023500: system.cpu: T0 : 0x2218a    : c_beqz a3, 16              : IntAlu : 
1024000: system.cpu: T0 : 0x2219a    : c_jr ra                    : IntAlu : 
1024500: system.cpu: T0 : 0x1ac30    : c_lui a2, 26               : IntAlu :  D=0x000000000001a000
1025500: system.cpu: T0 : 0x1ac32    : addi a2, a2, 1176          : IntAlu :  D=0x000000000001a498
1026000: system.cpu: T0 : 0x1ac36    : c_mv a1, sp                : IntAlu :  D=0x7ffffffffffffbe0
1026500: system.cpu: T0 : 0x1ac38    : c_li a0, 16                : IntAlu :  D=0x0000000000000010
1027500: system.cpu: T0 : 0x1ac3a    : jal ra, 29980              : IntAlu :  D=0x000000000001ac3e
1028000: system.cpu: T0 : 0x22156    : c_slli a0, 32              : IntAlu :  D=0x0000001000000000
1028500: system.cpu: T0 : 0x22158    : c_srli a0, 32              : IntAlu :  D=0x0000000000000010
1029500: system.cpu: T0 : 0x2215a    : slli a5, a0, 3             : IntAlu :  D=0x0000000000000080
1030000: system.cpu: T0 : 0x2215e    : c_sub a5, a0               : IntAlu :  D=0x0000000000000070
1030500: system.cpu: T0 : 0x22160    : lui a4, 111                : IntAlu :  D=0x000000000006f000
1031000: system.cpu: T0 : 0x22164    : addi a4, a4, -1248         : IntAlu :  D=0x000000000006eb20
1031500: system.cpu: T0 : 0x22168    : c_slli a5, 3               : IntAlu :  D=0x0000000000000380
1032000: system.cpu: T0 : 0x2216a    : c_add a5, a4               : IntAlu :  D=0x000000000006eea0
1032500: system.cpu: T0 : 0x2216c    : c_lw a3, 8(a5)             : MemRead :  D=0x0000000000000002 A=0x6eea8
1033000: system.cpu: T0 : 0x2216e    : c_li a6, 2                 : IntAlu :  D=0x0000000000000002
1033500: system.cpu: T0 : 0x22170    : c_ld a5, 32(a5)            : MemRead :  D=0x0000000000000000 A=0x6eec0
1034500: system.cpu: T0 : 0x22172    : bltu a6, a3, 42            : IntAlu : 
1035000: system.cpu: T0 : 0x22176    : c_bnez a3, 38              : IntAlu : 
1035500: system.cpu: T0 : 0x2219c    : c_sd a5, 0(a1)             : MemWrite :  D=0x0000000000000000 A=0x7ffffffffffffbe0
1036000: system.cpu: T0 : 0x2219e    : c_j -36                    : IntAlu : 
1037000: system.cpu: T0 : 0x2217a    : slli a5, a0, 3             : IntAlu :  D=0x0000000000000080
1037500: system.cpu: T0 : 0x2217e    : c_sub a5, a0               : IntAlu :  D=0x0000000000000070
1038000: system.cpu: T0 : 0x22180    : c_slli a5, 3               : IntAlu :  D=0x0000000000000380
1039000: system.cpu: T0 : 0x22182    : add a3, a4, a5             : IntAlu :  D=0x000000000006eea0
1040000: system.cpu: T0 : 0x22186    : lbu a3, 40(a3)             : MemRead :  D=0x0000000000000000 A=0x6eec8
1040500: system.cpu: T0 : 0x2218a    : c_beqz a3, 16              : IntAlu : 
1041000: system.cpu: T0 : 0x2219a    : c_jr ra                    : IntAlu : 
1041500: system.cpu: T0 : 0x1ac3e    : c_lui a2, 26               : IntAlu :  D=0x000000000001a000
1042000: system.cpu: T0 : 0x1ac40    : addi a2, a2, 1188          : IntAlu :  D=0x000000000001a4a4
1042500: system.cpu: T0 : 0x1ac44    : c_mv a1, sp                : IntAlu :  D=0x7ffffffffffffbe0
1043000: system.cpu: T0 : 0x1ac46    : c_li a0, 18                : IntAlu :  D=0x0000000000000012
1043500: system.cpu: T0 : 0x1ac48    : jal ra, 29966              : IntAlu :  D=0x000000000001ac4c
1044000: system.cpu: T0 : 0x22156    : c_slli a0, 32              : IntAlu :  D=0x0000001200000000
1044500: system.cpu: T0 : 0x22158    : c_srli a0, 32              : IntAlu :  D=0x0000000000000012
1045500: system.cpu: T0 : 0x2215a    : slli a5, a0, 3             : IntAlu :  D=0x0000000000000090
1046000: system.cpu: T0 : 0x2215e    : c_sub a5, a0               : IntAlu :  D=0x000000000000007e
1046500: system.cpu: T0 : 0x22160    : lui a4, 111                : IntAlu :  D=0x000000000006f000
1047000: system.cpu: T0 : 0x22164    : addi a4, a4, -1248         : IntAlu :  D=0x000000000006eb20
1047500: system.cpu: T0 : 0x22168    : c_slli a5, 3               : IntAlu :  D=0x00000000000003f0
1048000: system.cpu: T0 : 0x2216a    : c_add a5, a4               : IntAlu :  D=0x000000000006ef10
1048500: system.cpu: T0 : 0x2216c    : c_lw a3, 8(a5)             : MemRead :  D=0x0000000000000002 A=0x6ef18
1049000: system.cpu: T0 : 0x2216e    : c_li a6, 2                 : IntAlu :  D=0x0000000000000002
1049500: system.cpu: T0 : 0x22170    : c_ld a5, 32(a5)            : MemRead :  D=0x0000000000000000 A=0x6ef30
1050500: system.cpu: T0 : 0x22172    : bltu a6, a3, 42            : IntAlu : 
1051000: system.cpu: T0 : 0x22176    : c_bnez a3, 38              : IntAlu : 
1051500: system.cpu: T0 : 0x2219c    : c_sd a5, 0(a1)             : MemWrite :  D=0x0000000000000000 A=0x7ffffffffffffbe0
1052000: system.cpu: T0 : 0x2219e    : c_j -36                    : IntAlu : 
1053000: system.cpu: T0 : 0x2217a    : slli a5, a0, 3             : IntAlu :  D=0x0000000000000090
1053500: system.cpu: T0 : 0x2217e    : c_sub a5, a0               : IntAlu :  D=0x000000000000007e
1054000: system.cpu: T0 : 0x22180    : c_slli a5, 3               : IntAlu :  D=0x00000000000003f0
1055000: system.cpu: T0 : 0x22182    : add a3, a4, a5             : IntAlu :  D=0x000000000006ef10
1056000: system.cpu: T0 : 0x22186    : lbu a3, 40(a3)             : MemRead :  D=0x0000000000000000 A=0x6ef38
1056500: system.cpu: T0 : 0x2218a    : c_beqz a3, 16              : IntAlu : 
1057000: system.cpu: T0 : 0x2219a    : c_jr ra                    : IntAlu : 
1057500: system.cpu: T0 : 0x1ac4c    : c_lui a2, 26               : IntAlu :  D=0x000000000001a000
1058500: system.cpu: T0 : 0x1ac4e    : addi a2, a2, 1234          : IntAlu :  D=0x000000000001a4d2
1059000: system.cpu: T0 : 0x1ac52    : c_mv a1, sp                : IntAlu :  D=0x7ffffffffffffbe0
1059500: system.cpu: T0 : 0x1ac54    : c_li a0, 15                : IntAlu :  D=0x000000000000000f
1060500: system.cpu: T0 : 0x1ac56    : jal ra, 29952              : IntAlu :  D=0x000000000001ac5a
1061000: system.cpu: T0 : 0x22156    : c_slli a0, 32              : IntAlu :  D=0x0000000f00000000
1061500: system.cpu: T0 : 0x22158    : c_srli a0, 32              : IntAlu :  D=0x000000000000000f
1062500: system.cpu: T0 : 0x2215a    : slli a5, a0, 3             : IntAlu :  D=0x0000000000000078
1063000: system.cpu: T0 : 0x2215e    : c_sub a5, a0               : IntAlu :  D=0x0000000000000069
1063500: system.cpu: T0 : 0x22160    : lui a4, 111                : IntAlu :  D=0x000000000006f000
1064000: system.cpu: T0 : 0x22164    : addi a4, a4, -1248         : IntAlu :  D=0x000000000006eb20
1064500: system.cpu: T0 : 0x22168    : c_slli a5, 3               : IntAlu :  D=0x0000000000000348
1065000: system.cpu: T0 : 0x2216a    : c_add a5, a4               : IntAlu :  D=0x000000000006ee68
1065500: system.cpu: T0 : 0x2216c    : c_lw a3, 8(a5)             : MemRead :  D=0x0000000000000002 A=0x6ee70
1066000: system.cpu: T0 : 0x2216e    : c_li a6, 2                 : IntAlu :  D=0x0000000000000002
1066500: system.cpu: T0 : 0x22170    : c_ld a5, 32(a5)            : MemRead :  D=0x0000000000000000 A=0x6ee88
1067500: system.cpu: T0 : 0x22172    : bltu a6, a3, 42            : IntAlu : 
1068000: system.cpu: T0 : 0x22176    : c_bnez a3, 38              : IntAlu : 
1068500: system.cpu: T0 : 0x2219c    : c_sd a5, 0(a1)             : MemWrite :  D=0x0000000000000000 A=0x7ffffffffffffbe0
1069000: system.cpu: T0 : 0x2219e    : c_j -36                    : IntAlu : 
1070000: system.cpu: T0 : 0x2217a    : slli a5, a0, 3             : IntAlu :  D=0x0000000000000078
1070500: system.cpu: T0 : 0x2217e    : c_sub a5, a0               : IntAlu :  D=0x0000000000000069
1071000: system.cpu: T0 : 0x22180    : c_slli a5, 3               : IntAlu :  D=0x0000000000000348
1072000: system.cpu: T0 : 0x22182    : add a3, a4, a5             : IntAlu :  D=0x000000000006ee68
1073000: system.cpu: T0 : 0x22186    : lbu a3, 40(a3)             : MemRead :  D=0x0000000000000000 A=0x6ee90
1073500: system.cpu: T0 : 0x2218a    : c_beqz a3, 16              : IntAlu : 
1074000: system.cpu: T0 : 0x2219a    : c_jr ra                    : IntAlu : 
1074500: system.cpu: T0 : 0x1ac5a    : c_lui a2, 26               : IntAlu :  D=0x000000000001a000
1075000: system.cpu: T0 : 0x1ac5c    : addi a2, a2, 1254          : IntAlu :  D=0x000000000001a4e6
1075500: system.cpu: T0 : 0x1ac60    : c_mv a1, sp                : IntAlu :  D=0x7ffffffffffffbe0
1076000: system.cpu: T0 : 0x1ac62    : c_li a0, 11                : IntAlu :  D=0x000000000000000b
1076500: system.cpu: T0 : 0x1ac64    : jal ra, 29938              : IntAlu :  D=0x000000000001ac68
1077000: system.cpu: T0 : 0x22156    : c_slli a0, 32              : IntAlu :  D=0x0000000b00000000
1077500: system.cpu: T0 : 0x22158    : c_srli a0, 32              : IntAlu :  D=0x000000000000000b
1078500: system.cpu: T0 : 0x2215a    : slli a5, a0, 3             : IntAlu :  D=0x0000000000000058
1079000: system.cpu: T0 : 0x2215e    : c_sub a5, a0               : IntAlu :  D=0x000000000000004d
1079500: system.cpu: T0 : 0x22160    : lui a4, 111                : IntAlu :  D=0x000000000006f000
1080000: system.cpu: T0 : 0x22164    : addi a4, a4, -1248         : IntAlu :  D=0x000000000006eb20
1080500: system.cpu: T0 : 0x22168    : c_slli a5, 3               : IntAlu :  D=0x0000000000000268
1081000: system.cpu: T0 : 0x2216a    : c_add a5, a4               : IntAlu :  D=0x000000000006ed88
1081500: system.cpu: T0 : 0x2216c    : c_lw a3, 8(a5)             : MemRead :  D=0x0000000000000002 A=0x6ed90
1082000: system.cpu: T0 : 0x2216e    : c_li a6, 2                 : IntAlu :  D=0x0000000000000002
1082500: system.cpu: T0 : 0x22170    : c_ld a5, 32(a5)            : MemRead :  D=0x0000000000000000 A=0x6eda8
1083500: system.cpu: T0 : 0x22172    : bltu a6, a3, 42            : IntAlu : 
1084000: system.cpu: T0 : 0x22176    : c_bnez a3, 38              : IntAlu : 
1084500: system.cpu: T0 : 0x2219c    : c_sd a5, 0(a1)             : MemWrite :  D=0x0000000000000000 A=0x7ffffffffffffbe0
1085000: system.cpu: T0 : 0x2219e    : c_j -36                    : IntAlu : 
1086000: system.cpu: T0 : 0x2217a    : slli a5, a0, 3             : IntAlu :  D=0x0000000000000058
1086500: system.cpu: T0 : 0x2217e    : c_sub a5, a0               : IntAlu :  D=0x000000000000004d
1087000: system.cpu: T0 : 0x22180    : c_slli a5, 3               : IntAlu :  D=0x0000000000000268
1088000: system.cpu: T0 : 0x22182    : add a3, a4, a5             : IntAlu :  D=0x000000000006ed88
1089000: system.cpu: T0 : 0x22186    : lbu a3, 40(a3)             : MemRead :  D=0x0000000000000000 A=0x6edb0
1089500: system.cpu: T0 : 0x2218a    : c_beqz a3, 16              : IntAlu : 
1090000: system.cpu: T0 : 0x2219a    : c_jr ra                    : IntAlu : 
1090500: system.cpu: T0 : 0x1ac68    : c_lui a2, 26               : IntAlu :  D=0x000000000001a000
1091500: system.cpu: T0 : 0x1ac6a    : addi a2, a2, 1266          : IntAlu :  D=0x000000000001a4f2
1092000: system.cpu: T0 : 0x1ac6e    : c_mv a1, sp                : IntAlu :  D=0x7ffffffffffffbe0
1092500: system.cpu: T0 : 0x1ac70    : c_li a0, 5                 : IntAlu :  D=0x0000000000000005
1093500: system.cpu: T0 : 0x1ac72    : jal ra, 29924              : IntAlu :  D=0x000000000001ac76
1094000: system.cpu: T0 : 0x22156    : c_slli a0, 32              : IntAlu :  D=0x0000000500000000
1094500: system.cpu: T0 : 0x22158    : c_srli a0, 32              : IntAlu :  D=0x0000000000000005
1095500: system.cpu: T0 : 0x2215a    : slli a5, a0, 3             : IntAlu :  D=0x0000000000000028
1096000: system.cpu: T0 : 0x2215e    : c_sub a5, a0               : IntAlu :  D=0x0000000000000023
1096500: system.cpu: T0 : 0x22160    : lui a4, 111                : IntAlu :  D=0x000000000006f000
1097000: system.cpu: T0 : 0x22164    : addi a4, a4, -1248         : IntAlu :  D=0x000000000006eb20
1097500: system.cpu: T0 : 0x22168    : c_slli a5, 3               : IntAlu :  D=0x0000000000000118
1098000: system.cpu: T0 : 0x2216a    : c_add a5, a4               : IntAlu :  D=0x000000000006ec38
1098500: system.cpu: T0 : 0x2216c    : c_lw a3, 8(a5)             : MemRead :  D=0x0000000000000002 A=0x6ec40
1099000: system.cpu: T0 : 0x2216e    : c_li a6, 2                 : IntAlu :  D=0x0000000000000002
1099500: system.cpu: T0 : 0x22170    : c_ld a5, 32(a5)            : MemRead :  D=0x0000000000000000 A=0x6ec58
1100500: system.cpu: T0 : 0x22172    : bltu a6, a3, 42            : IntAlu : 
1101000: system.cpu: T0 : 0x22176    : c_bnez a3, 38              : IntAlu : 
1101500: system.cpu: T0 : 0x2219c    : c_sd a5, 0(a1)             : MemWrite :  D=0x0000000000000000 A=0x7ffffffffffffbe0
1102000: system.cpu: T0 : 0x2219e    : c_j -36                    : IntAlu : 
1103000: system.cpu: T0 : 0x2217a    : slli a5, a0, 3             : IntAlu :  D=0x0000000000000028
1103500: system.cpu: T0 : 0x2217e    : c_sub a5, a0               : IntAlu :  D=0x0000000000000023
1104000: system.cpu: T0 : 0x22180    : c_slli a5, 3               : IntAlu :  D=0x0000000000000118
1105000: system.cpu: T0 : 0x22182    : add a3, a4, a5             : IntAlu :  D=0x000000000006ec38
1106000: system.cpu: T0 : 0x22186    : lbu a3, 40(a3)             : MemRead :  D=0x0000000000000000 A=0x6ec60
1106500: system.cpu: T0 : 0x2218a    : c_beqz a3, 16              : IntAlu : 
1107000: system.cpu: T0 : 0x2219a    : c_jr ra                    : IntAlu : 
1107500: system.cpu: T0 : 0x1ac76    : c_ldsp a4, 8(sp)           : MemRead :  D=0x2e00000000000000 A=0x7ffffffffffffbe8
1108000: system.cpu: T0 : 0x1ac78    : ld a5, -1264(s1)           : MemRead :  D=0x2e00000000000000 A=0x6eb10
1108500: system.cpu: T0 : 0x1ac7c    : c_li a3, 1                 : IntAlu :  D=0x0000000000000001
1109500: system.cpu: T0 : 0x1ac7e    : sw a3, -1876(gp)           : MemWrite :  D=0x0000000000000001 A=0x708d4
1110500: system.cpu: T0 : 0x1ac82    : bne a4, a5, 14             : IntAlu : 
1111000: system.cpu: T0 : 0x1ac86    : c_ldsp ra, 40(sp)          : MemRead :  D=0x000000000001da54 A=0x7ffffffffffffc08
1111500: system.cpu: T0 : 0x1ac88    : c_ldsp s0, 32(sp)          : MemRead :  D=0x7ffffffffffffd00 A=0x7ffffffffffffc00
1112000: system.cpu: T0 : 0x1ac8a    : c_ldsp s1, 24(sp)          : MemRead :  D=0x7ffffffffffffc30 A=0x7ffffffffffffbf8
1112500: system.cpu: T0 : 0x1ac8c    : c_addi16sp sp, 48          : IntAlu :  D=0x7ffffffffffffc10
1113000: system.cpu: T0 : 0x1ac8e    : c_jr ra                    : IntAlu : 
1113500: system.cpu: T0 : 0x1da54    : c_ldsp a0, 8(sp)           : MemRead :  D=0x0000000000000024 A=0x7ffffffffffffc18
1114000: system.cpu: T0 : 0x1da56    : c_ldsp ra, 24(sp)          : MemRead :  D=0x000000000003d912 A=0x7ffffffffffffc28
1114500: system.cpu: T0 : 0x1da58    : c_addi16sp sp, 32          : IntAlu :  D=0x7ffffffffffffc30
1115000: system.cpu: T0 : 0x1da5a    : c_j -540                   : IntAlu : 
1116000: system.cpu: T0 : 0x1d83e    : ld t1, -1848(gp)           : MemRead :  D=0x0000000000000000 A=0x708f0
1117000: system.cpu: T0 : 0x1d842    : bne t1, zero, 260          : IntAlu : 
1117500: system.cpu: T0 : 0x1d846    : c_addi sp, -32             : IntAlu :  D=0x7ffffffffffffc10
1118000: system.cpu: T0 : 0x1d848    : c_sdsp s0, 16(sp)          : MemWrite :  D=0x7ffffffffffffd00 A=0x7ffffffffffffc20
1118500: system.cpu: T0 : 0x1d84a    : c_sdsp ra, 24(sp)          : MemWrite :  D=0x000000000003d912 A=0x7ffffffffffffc28
1119000: system.cpu: T0 : 0x1d84c    : c_sdsp s1, 8(sp)           : MemWrite :  D=0x7ffffffffffffc30 A=0x7ffffffffffffc18
1119500: system.cpu: T0 : 0x1d84e    : c_sdsp s2, 0(sp)           : MemWrite :  D=0x0000000000000002 A=0x7ffffffffffffc10
1120000: system.cpu: T0 : 0x1d850    : c_mv s0, a0                : IntAlu :  D=0x0000000000000024
1121000: system.cpu: T0 : 0x1d852    : blt a0, zero, 222          : IntAlu : 
1122000: system.cpu: T0 : 0x1d856    : addi a5, a0, 23            : IntAlu :  D=0x000000000000003b
1122500: system.cpu: T0 : 0x1d85a    : c_li a4, 31                : IntAlu :  D=0x000000000000001f
1123000: system.cpu: T0 : 0x1d85c    : c_li s1, 0                 : IntAlu :  D=0x0000000000000000
1124000: system.cpu: T0 : 0x1d85e    : bltu a4, a5, 94            : IntAlu : 
1124500: system.cpu: T0 : 0x1d8bc    : c_andi a5, 18446744073709551600 : IntAlu :  D=0x0000000000000030
1125000: system.cpu: T0 : 0x1d8be    : c_addi a5, -17             : IntAlu :  D=0x000000000000001f
1125500: system.cpu: T0 : 0x1d8c0    : srli s1, a5, 4             : IntAlu :  D=0x0000000000000001
1126000: system.cpu: T0 : 0x1d8c4    : c_j -98                    : IntAlu : 
1127000: system.cpu: T0 : 0x1d862    : ld a4, 40(tp)              : MemRead :  D=0x0000000000000000 A=0x72738
1127500: system.cpu: T0 : 0x1d866    : c_beqz a4, 96              : IntAlu : 
1128500: system.cpu: T0 : 0x1d8c6    : lbu a5, 48(tp)             : MemRead :  D=0x0000000000000000 A=0x72740
1129000: system.cpu: T0 : 0x1d8ca    : c_bnez a5, -86             : IntAlu : 
1129500: system.cpu: T0 : 0x1d8cc    : jal ra, -2478              : IntAlu :  D=0x000000000001d8d0
1130000: system.cpu: T0 : 0x1cf1e    : c_addi sp, -32             : IntAlu :  D=0x7ffffffffffffbf0
1130500: system.cpu: T0 : 0x1cf20    : c_sdsp s0, 16(sp)          : MemWrite :  D=0x0000000000000024 A=0x7ffffffffffffc00
1131500: system.cpu: T0 : 0x1cf22    : ld s0, 56(tp)              : MemRead :  D=0x000000000006f5c8 A=0x72748
1132000: system.cpu: T0 : 0x1cf26    : c_sdsp ra, 24(sp)          : MemWrite :  D=0x000000000001d8d0 A=0x7ffffffffffffc08
1132500: system.cpu: T0 : 0x1cf28    : c_sdsp s1, 8(sp)           : MemWrite :  D=0x0000000000000001 A=0x7ffffffffffffbf8
1133000: system.cpu: T0 : 0x1cf2a    : c_beqz s0, 78              : IntAlu : 
1133500: system.cpu: T0 : 0x1cf2c    : c_mv s1, s0                : IntAlu :  D=0x000000000006f5c8
1134000: system.cpu: T0 : 0x1cf2e    : c_li a4, 1                 : IntAlu :  D=0x0000000000000001
1134500: system.cpu: T0 : 0x1cf30    : lr_w a5, (s0)             
1134500: system.cpu: T0 : 0x1cf30. 0 : lr_w a5, (s0)              : MemRead :  D=0x0000000000000000 A=0x6f5c8
1135000: system.cpu: T0 : 0x1cf34    : c_bnez a5, 8               : IntAlu : 
1136000: system.cpu: T0 : 0x1cf36    : sc_w_aq a3, a4, (s0)      
1136000: system.cpu: T0 : 0x1cf36. 0 : sc_w a3, a4, (s0)          : MemWrite :  D=0x0000000000000000 A=0x6f5c8
1136500: system.cpu: T0 : 0x1cf36. 1 : 0x1ce426af fence           : No_OpClass : 
1137000: system.cpu: T0 : 0x1cf3a    : c_bnez a3, -10             : IntAlu : 
1137500: system.cpu: T0 : 0x1cf3c    : c_addiw a5, 0              : IntAlu :  D=0x0000000000000000
1138000: system.cpu: T0 : 0x1cf3e    : c_bnez a5, 162             : IntAlu : 
1138500: system.cpu: T0 : 0x1cf40    : addi a1, zero, 640         : IntAlu :  D=0x0000000000000280
1139000: system.cpu: T0 : 0x1cf44    : c_mv a0, s0                : IntAlu :  D=0x000000000006f5c8
1140000: system.cpu: T0 : 0x1cf46    : jal ra, -2862              : IntAlu :  D=0x000000000001cf4a
1140500: system.cpu: T0 : 0x1c418    : c_addi16sp sp, -256        : IntAlu :  D=0x7ffffffffffffaf0
1141000: system.cpu: T0 : 0x1c41a    : c_sdsp ra, 248(sp)         : MemWrite :  D=0x000000000001cf4a A=0x7ffffffffffffbe8
1141500: system.cpu: T0 : 0x1c41c    : c_sdsp s0, 240(sp)         : MemWrite :  D=0x000000000006f5c8 A=0x7ffffffffffffbe0
1142000: system.cpu: T0 : 0x1c41e    : c_sdsp s1, 232(sp)         : MemWrite :  D=0x000000000006f5c8 A=0x7ffffffffffffbd8
1142500: system.cpu: T0 : 0x1c420    : c_sdsp s2, 224(sp)         : MemWrite :  D=0x0000000000000002 A=0x7ffffffffffffbd0
1143000: system.cpu: T0 : 0x1c422    : c_sdsp s3, 216(sp)         : MemWrite :  D=0x0000000000000000 A=0x7ffffffffffffbc8
1143500: system.cpu: T0 : 0x1c424    : c_sdsp s4, 208(sp)         : MemWrite :  D=0x0000000000000000 A=0x7ffffffffffffbc0
1144000: system.cpu: T0 : 0x1c426    : c_sdsp s5, 200(sp)         : MemWrite :  D=0x0000000000000000 A=0x7ffffffffffffbb8
1144500: system.cpu: T0 : 0x1c428    : c_sdsp s6, 192(sp)         : MemWrite :  D=0x0000000000072000 A=0x7ffffffffffffbb0
1145000: system.cpu: T0 : 0x1c42a    : c_sdsp s7, 184(sp)         : MemWrite :  D=0x0000000000000000 A=0x7ffffffffffffba8
1145500: system.cpu: T0 : 0x1c42c    : c_sdsp s8, 176(sp)         : MemWrite :  D=0x0000000000000000 A=0x7ffffffffffffba0
1146000: system.cpu: T0 : 0x1c42e    : c_sdsp s9, 168(sp)         : MemWrite :  D=0x0000000000000003 A=0x7ffffffffffffb98
1146500: system.cpu: T0 : 0x1c430    : c_sdsp s10, 160(sp)        : MemWrite :  D=0x0000000000000000 A=0x7ffffffffffffb90
1147000: system.cpu: T0 : 0x1c432    : c_sdsp s11, 152(sp)        : MemWrite :  D=0x0000000000000000 A=0x7ffffffffffffb88
1147500: system.cpu: T0 : 0x1c434    : blt a1, zero, 1198         : IntAlu : 
1148000: system.cpu: T0 : 0x1c438    : addi s0, a1, 23            : IntAlu :  D=0x0000000000000297
1148500: system.cpu: T0 : 0x1c43c    : c_li a5, 31                : IntAlu :  D=0x000000000000001f
1149000: system.cpu: T0 : 0x1c43e    : c_mv s3, a1                : IntAlu :  D=0x0000000000000280
1149500: system.cpu: T0 : 0x1c440    : c_mv s1, a0                : IntAlu :  D=0x000000000006f5c8
1150500: system.cpu: T0 : 0x1c442    : bltu a5, s0, 220           : IntAlu : 
1151000: system.cpu: T0 : 0x1c51e    : c_andi s0, 18446744073709551600 : IntAlu :  D=0x0000000000000290
1151500: system.cpu: T0 : 0x1c520    : beq a0, zero, 988          : IntAlu : 
1152000: system.cpu: T0 : 0x1c524    : ld a4, -1376(gp)           : MemRead :  D=0x0000000000000080 A=0x70ac8
1152500: system.cpu: T0 : 0x1c528    : srliw s9, s0, 4            : IntAlu :  D=0x0000000000000029
1153000: system.cpu: T0 : 0x1c52c    : srliw a5, s0, 4            : IntAlu :  D=0x0000000000000029
1153500: system.cpu: T0 : 0x1c530    : bgeu a4, s0, 506           : IntAlu : 
1154000: system.cpu: T0 : 0x1c534    : addi a4, zero, 1023        : IntAlu :  D=0x00000000000003ff
1154500: system.cpu: T0 : 0x1c538    : bgeu a4, s0, 1722          : IntAlu : 
1155000: system.cpu: T0 : 0x1cbf2    : c_addiw a5, -1             : IntAlu :  D=0x0000000000000028
1155500: system.cpu: T0 : 0x1cbf4    : c_j -1406                  : IntAlu : 
1156500: system.cpu: T0 : 0x1c676    : slliw a5, a5, 1            : IntAlu :  D=0x0000000000000050
1157000: system.cpu: T0 : 0x1c67a    : c_slli a5, 32              : IntAlu :  D=0x0000005000000000
1157500: system.cpu: T0 : 0x1c67c    : c_srli a5, 32              : IntAlu :  D=0x0000000000000050
1158000: system.cpu: T0 : 0x1c67e    : c_addi a5, 14              : IntAlu :  D=0x000000000000005e
1158500: system.cpu: T0 : 0x1c680    : c_slli a5, 3               : IntAlu :  D=0x00000000000002f0
1159000: system.cpu: T0 : 0x1c682    : c_j -550                   : IntAlu : 
1159500: system.cpu: T0 : 0x1c45c    : c_add a5, s1               : IntAlu :  D=0x000000000006f8b8
1160500: system.cpu: T0 : 0x1c45e    : ld s2, 8(a5)               : MemRead :  D=0x000000000006f8a8 A=0x6f8c0
1161500: system.cpu: T0 : 0x1c462    : addi a3, a5, -16           : IntAlu :  D=0x000000000006f8a8
1162500: system.cpu: T0 : 0x1c466    : beq a3, s2, 748            : IntAlu : 
1163500: system.cpu: T0 : 0x1c752    : srli t1, s0, 9             : IntAlu :  D=0x0000000000000001
1164500: system.cpu: T0 : 0x1c756    : addiw a5, t1, 91           : IntAlu :  D=0x000000000000005c
1165500: system.cpu: T0 : 0x1c75a    : srli s10, s0, 6            : IntAlu :  D=0x000000000000000a
1166000: system.cpu: T0 : 0x1c75e    : c_sdsp a5, 96(sp)          : MemWrite :  D=0x000000000000005c A=0x7ffffffffffffb50
1166500: system.cpu: T0 : 0x1c760    : addiw a5, s10, 48          : IntAlu :  D=0x000000000000003a
1167000: system.cpu: T0 : 0x1c764    : c_sdsp a5, 88(sp)          : MemWrite :  D=0x000000000000003a A=0x7ffffffffffffb48
1168000: system.cpu: T0 : 0x1c766    : addi a5, zero, 110         : IntAlu :  D=0x000000000000006e
1168500: system.cpu: T0 : 0x1c76a    : c_sdsp a5, 112(sp)         : MemWrite :  D=0x000000000000006e A=0x7ffffffffffffb60
1169000: system.cpu: T0 : 0x1c76c    : addi a5, zero, 119         : IntAlu :  D=0x0000000000000077
1169500: system.cpu: T0 : 0x1c770    : c_sdsp a5, 104(sp)         : MemWrite :  D=0x0000000000000077 A=0x7ffffffffffffb58
1170500: system.cpu: T0 : 0x1c772    : addi a5, zero, 124         : IntAlu :  D=0x000000000000007c
1171000: system.cpu: T0 : 0x1c776    : c_sdsp s9, 8(sp)           : MemWrite :  D=0x0000000000000029 A=0x7ffffffffffffaf8
1171500: system.cpu: T0 : 0x1c778    : c_sdsp a5, 120(sp)         : MemWrite :  D=0x000000000000007c A=0x7ffffffffffffb68
1172000: system.cpu: T0 : 0x1c77a    : c_sdsp zero, 128(sp)       : MemWrite :  D=0x0000000000000000 A=0x7ffffffffffffb70
1172500: system.cpu: T0 : 0x1c77c    : c_sdsp zero, 136(sp)       : MemWrite :  D=0x0000000000000000 A=0x7ffffffffffffb78
1173500: system.cpu: T0 : 0x1c77e    : ld a5, 40(tp)              : MemRead :  D=0x0000000000000000 A=0x72738
1174500: system.cpu: T0 : 0x1c782    : addi s6, s0, -17           : IntAlu :  D=0x000000000000027f
1175500: system.cpu: T0 : 0x1c786    : srli s6, s6, 4             : IntAlu :  D=0x0000000000000027
1176000: system.cpu: T0 : 0x1c78a    : c_li s5, 0                 : IntAlu :  D=0x0000000000000000
1176500: system.cpu: T0 : 0x1c78c    : c_beqz a5, 22              : IntAlu : 
1177500: system.cpu: T0 : 0x1c7a2    : lui a5, 111                : IntAlu :  D=0x000000000006f000
1178000: system.cpu: T0 : 0x1c7a6    : c_lui s11, 1               : IntAlu :  D=0x0000000000001000
1178500: system.cpu: T0 : 0x1c7a8    : lui s7, 111                : IntAlu :  D=0x000000000006f000
1179000: system.cpu: T0 : 0x1c7ac    : addi a5, a5, 1480          : IntAlu :  D=0x000000000006f5c8
1179500: system.cpu: T0 : 0x1c7b0    : addi s8, s1, 96            : IntAlu :  D=0x000000000006f628
1180000: system.cpu: T0 : 0x1c7b4    : c_li t5, 0                 : IntAlu :  D=0x0000000000000000
1181000: system.cpu: T0 : 0x1c7b6    : addi s7, s7, 1368          : IntAlu :  D=0x000000000006f558
1182000: system.cpu: T0 : 0x1c7ba    : add a7, s1, s11            : IntAlu :  D=0x00000000000705c8
1182500: system.cpu: T0 : 0x1c7be    : c_sdsp a5, 56(sp)          : MemWrite :  D=0x000000000006f5c8 A=0x7ffffffffffffb28
1183000: system.cpu: T0 : 0x1c7c0    : c_ld a5, 120(s1)           : MemRead :  D=0x000000000006f628 A=0x6f640
1184000: system.cpu: T0 : 0x1c7c2    : beq a5, s8, 532            : IntAlu : 
1185000: system.cpu: T0 : 0x1c9d6    : addi a5, zero, 1023        : IntAlu :  D=0x00000000000003ff
1186000: system.cpu: T0 : 0x1c9da    : bgeu a5, s0, 38            : IntAlu : 
1186500: system.cpu: T0 : 0x1ca00    : c_ldsp a3, 8(sp)           : MemRead :  D=0x0000000000000029 A=0x7ffffffffffffaf8
1187000: system.cpu: T0 : 0x1ca02    : c_li a0, 4                 : IntAlu :  D=0x0000000000000004
1187500: system.cpu: T0 : 0x1ca04    : addiw a5, a3, 1            : IntAlu :  D=0x000000000000002a
1188000: system.cpu: T0 : 0x1ca08    : srliw a4, a5, 5            : IntAlu :  D=0x0000000000000001
1188500: system.cpu: T0 : 0x1ca0c    : slliw a3, a3, 1            : IntAlu :  D=0x0000000000000052
1189000: system.cpu: T0 : 0x1ca10    : addi a4, a4, 536           : IntAlu :  D=0x0000000000000219
1189500: system.cpu: T0 : 0x1ca14    : c_slli a3, 32              : IntAlu :  D=0x0000005200000000
1190000: system.cpu: T0 : 0x1ca16    : c_slli a4, 2               : IntAlu :  D=0x0000000000000864
1190500: system.cpu: T0 : 0x1ca18    : c_srli a3, 32              : IntAlu :  D=0x0000000000000052
1191000: system.cpu: T0 : 0x1ca1a    : c_add a4, s1               : IntAlu :  D=0x000000000006fe2c
1191500: system.cpu: T0 : 0x1ca1c    : c_slli a3, 3               : IntAlu :  D=0x0000000000000290
1192000: system.cpu: T0 : 0x1ca1e    : c_lw a2, 0(a4)             : MemRead :  D=0x0000000000000000 A=0x6fe2c
1192500: system.cpu: T0 : 0x1ca20    : addi a3, a3, 96            : IntAlu :  D=0x00000000000002f0
1193000: system.cpu: T0 : 0x1ca24    : c_li a4, 1                 : IntAlu :  D=0x0000000000000001
1194000: system.cpu: T0 : 0x1ca26    : srliw s2, a5, 5            : IntAlu :  D=0x0000000000000001
1194500: system.cpu: T0 : 0x1ca2a    : c_add a3, s1               : IntAlu :  D=0x000000000006f8b8
1195000: system.cpu: T0 : 0x1ca2c    : sllw a5, a4, a5            : IntAlu :  D=0x0000000000000400
1195500: system.cpu: T0 : 0x1ca30    : bltu a2, a5, 144           : IntAlu : 
1196000: system.cpu: T0 : 0x1cac0    : addiw a5, s2, 1            : IntAlu :  D=0x0000000000000002
1196500: system.cpu: T0 : 0x1cac4    : addiw s2, a5, 0            : IntAlu :  D=0x0000000000000002
1197000: system.cpu: T0 : 0x1cac8    : bne s2, a0, -26            : IntAlu : 
1197500: system.cpu: T0 : 0x1caae    : c_slli a5, 32              : IntAlu :  D=0x0000000200000000
1198000: system.cpu: T0 : 0x1cab0    : c_srli a5, 32              : IntAlu :  D=0x0000000000000002
1199000: system.cpu: T0 : 0x1cab2    : addi a5, a5, 536           : IntAlu :  D=0x000000000000021a
1199500: system.cpu: T0 : 0x1cab6    : c_slli a5, 2               : IntAlu :  D=0x0000000000000868
1200000: system.cpu: T0 : 0x1cab8    : c_add a5, s1               : IntAlu :  D=0x000000000006fe30
1200500: system.cpu: T0 : 0x1caba    : c_lw a2, 0(a5)             : MemRead :  D=0x0000000000000000 A=0x6fe30
1201000: system.cpu: T0 : 0x1cabc    : bne a2, zero, 384          : IntAlu : 
1201500: system.cpu: T0 : 0x1cac0    : addiw a5, s2, 1            : IntAlu :  D=0x0000000000000003
1202000: system.cpu: T0 : 0x1cac4    : addiw s2, a5, 0            : IntAlu :  D=0x0000000000000003
1202500: system.cpu: T0 : 0x1cac8    : bne s2, a0, -26            : IntAlu : 
1203000: system.cpu: T0 : 0x1caae    : c_slli a5, 32              : IntAlu :  D=0x0000000300000000
1203500: system.cpu: T0 : 0x1cab0    : c_srli a5, 32              : IntAlu :  D=0x0000000000000003
1204500: system.cpu: T0 : 0x1cab2    : addi a5, a5, 536           : IntAlu :  D=0x000000000000021b
1205000: system.cpu: T0 : 0x1cab6    : c_slli a5, 2               : IntAlu :  D=0x000000000000086c
1205500: system.cpu: T0 : 0x1cab8    : c_add a5, s1               : IntAlu :  D=0x000000000006fe34
1206000: system.cpu: T0 : 0x1caba    : c_lw a2, 0(a5)             : MemRead :  D=0x0000000000000000 A=0x6fe34
1206500: system.cpu: T0 : 0x1cabc    : bne a2, zero, 384          : IntAlu : 
1207000: system.cpu: T0 : 0x1cac0    : addiw a5, s2, 1            : IntAlu :  D=0x0000000000000004
1207500: system.cpu: T0 : 0x1cac4    : addiw s2, a5, 0            : IntAlu :  D=0x0000000000000004
1208000: system.cpu: T0 : 0x1cac8    : bne s2, a0, -26            : IntAlu : 
1208500: system.cpu: T0 : 0x1cacc    : c_ld a4, 96(s1)            : MemRead :  D=0x000000000006f628 A=0x6f628
1209500: system.cpu: T0 : 0x1cace    : ld a3, -1912(a7)           : MemRead :  D=0x0000000000000000 A=0x6fe50
1210000: system.cpu: T0 : 0x1cad2    : c_ld a5, 8(a4)             : MemRead :  D=0x0000000000000000 A=0x6f630
1210500: system.cpu: T0 : 0x1cad4    : c_andi a5, 18446744073709551608 : IntAlu :  D=0x0000000000000000
1211500: system.cpu: T0 : 0x1cad6    : bltu a3, a5, 548           : IntAlu : 
1212500: system.cpu: T0 : 0x1cada    : addi a3, s0, 32            : IntAlu :  D=0x00000000000002b0
1213500: system.cpu: T0 : 0x1cade    : bgeu a5, a3, 640           : IntAlu : 
1214000: system.cpu: T0 : 0x1cae2    : c_sdsp a7, 32(sp)          : MemWrite :  D=0x00000000000705c8 A=0x7ffffffffffffb10
1214500: system.cpu: T0 : 0x1cae4    : c_sdsp t1, 24(sp)          : MemWrite :  D=0x0000000000000001 A=0x7ffffffffffffb08
1215000: system.cpu: T0 : 0x1cae6    : c_sdsp t5, 16(sp)          : MemWrite :  D=0x0000000000000000 A=0x7ffffffffffffb00
1215500: system.cpu: T0 : 0x1cae8    : c_lw a5, 8(s1)             : MemRead :  D=0x0000000000000000 A=0x6f5d0
1216000: system.cpu: T0 : 0x1caea    : c_addiw a5, 0              : IntAlu :  D=0x0000000000000000
1216500: system.cpu: T0 : 0x1caec    : c_beqz a5, 180             : IntAlu : 
1217000: system.cpu: T0 : 0x1cba0    : c_mv a1, s1                : IntAlu :  D=0x000000000006f5c8
1217500: system.cpu: T0 : 0x1cba2    : c_mv a0, s0                : IntAlu :  D=0x0000000000000290
1218000: system.cpu: T0 : 0x1cba4    : jal ra, -3372              : IntAlu :  D=0x000000000001cba8
1218500: system.cpu: T0 : 0x1be78    : c_addi16sp sp, -160        : IntAlu :  D=0x7ffffffffffffa50
1219000: system.cpu: T0 : 0x1be7a    : c_sdsp s1, 136(sp)         : MemWrite :  D=0x000000000006f5c8 A=0x7ffffffffffffad8
1219500: system.cpu: T0 : 0x1be7c    : c_sdsp s2, 128(sp)         : MemWrite :  D=0x0000000000000004 A=0x7ffffffffffffad0
1220000: system.cpu: T0 : 0x1be7e    : c_sdsp s10, 64(sp)         : MemWrite :  D=0x000000000000000a A=0x7ffffffffffffa90
1220500: system.cpu: T0 : 0x1be80    : c_sdsp ra, 152(sp)         : MemWrite :  D=0x000000000001cba8 A=0x7ffffffffffffae8
1221000: system.cpu: T0 : 0x1be82    : c_sdsp s0, 144(sp)         : MemWrite :  D=0x0000000000000290 A=0x7ffffffffffffae0
1221500: system.cpu: T0 : 0x1be84    : c_sdsp s3, 120(sp)         : MemWrite :  D=0x0000000000000280 A=0x7ffffffffffffac8
1222000: system.cpu: T0 : 0x1be86    : c_sdsp s4, 112(sp)         : MemWrite :  D=0x0000000000000000 A=0x7ffffffffffffac0
1222500: system.cpu: T0 : 0x1be88    : c_sdsp s5, 104(sp)         : MemWrite :  D=0x0000000000000000 A=0x7ffffffffffffab8
1223000: system.cpu: T0 : 0x1be8a    : c_sdsp s6, 96(sp)          : MemWrite :  D=0x0000000000000027 A=0x7ffffffffffffab0
1223500: system.cpu: T0 : 0x1be8c    : c_sdsp s7, 88(sp)          : MemWrite :  D=0x000000000006f558 A=0x7ffffffffffffaa8
1224000: system.cpu: T0 : 0x1be8e    : c_sdsp s8, 80(sp)          : MemWrite :  D=0x000000000006f628 A=0x7ffffffffffffaa0
1224500: system.cpu: T0 : 0x1be90    : c_sdsp s9, 72(sp)          : MemWrite :  D=0x0000000000000029 A=0x7ffffffffffffa98
1225000: system.cpu: T0 : 0x1be92    : c_sdsp s11, 56(sp)         : MemWrite :  D=0x0000000000001000 A=0x7ffffffffffffa88
1225500: system.cpu: T0 : 0x1be94    : ld s2, -1784(gp)           : MemRead :  D=0x0000000000001000 A=0x70930
1226000: system.cpu: T0 : 0x1be98    : c_mv s1, a0                : IntAlu :  D=0x0000000000000290
1227000: system.cpu: T0 : 0x1be9a    : beq a1, zero, 534          : IntAlu : 
1228000: system.cpu: T0 : 0x1be9e    : lui s11, 111               : IntAlu :  D=0x000000000006f000
1229000: system.cpu: T0 : 0x1bea2    : addi s11, s11, 1368        : IntAlu :  D=0x000000000006f558
1230000: system.cpu: T0 : 0x1bea6    : ld a5, 16(s11)             : MemRead :  D=0x0000000000020000 A=0x6f568
1230500: system.cpu: T0 : 0x1beaa    : c_mv s0, a1                : IntAlu :  D=0x000000000006f5c8
1231000: system.cpu: T0 : 0x1beac    : bgeu a0, a5, 276           : IntAlu : 
1231500: system.cpu: T0 : 0x1beb0    : c_sdsp zero, 8(sp)         : MemWrite :  D=0x0000000000000000 A=0x7ffffffffffffa58
1232500: system.cpu: T0 : 0x1beb2    : addi s5, s2, 7             : IntAlu :  D=0x0000000000001007
1233500: system.cpu: T0 : 0x1beb6    : add a5, s5, s1             : IntAlu :  D=0x0000000000001297
1234500: system.cpu: T0 : 0x1beba    : lui s6, 111                : IntAlu :  D=0x000000000006f000
1235500: system.cpu: T0 : 0x1bebe    : sub s5, zero, s2           : IntAlu :  D=0xfffffffffffff000
1236500: system.cpu: T0 : 0x1bec2    : addi a7, s0, 96            : IntAlu :  D=0x000000000006f628
1237500: system.cpu: T0 : 0x1bec6    : addi t1, s2, -1            : IntAlu :  D=0x0000000000000fff
1238500: system.cpu: T0 : 0x1beca    : addi s8, s1, 32            : IntAlu :  D=0x00000000000002b0
1239500: system.cpu: T0 : 0x1bece    : addi s7, s6, 1480          : IntAlu :  D=0x000000000006f5c8
1240500: system.cpu: T0 : 0x1bed2    : and s5, a5, s5             : IntAlu :  D=0x0000000000001000
1241500: system.cpu: T0 : 0x1bed6    : ld s4, 96(s0)              : MemRead :  D=0x000000000006f628 A=0x6f628
1242500: system.cpu: T0 : 0x1beda    : ld a5, 8(s4)               : MemRead :  D=0x0000000000000000 A=0x6f630
1243500: system.cpu: T0 : 0x1bede    : andi s3, a5, 18446744073709551608 : IntAlu :  D=0x0000000000000000
1244500: system.cpu: T0 : 0x1bee2    : add s9, s4, s3             : IntAlu :  D=0x000000000006f628
1245500: system.cpu: T0 : 0x1bee6    : beq s4, a7, 506            : IntAlu : 
1246000: system.cpu: T0 : 0x1c0e0    : beq s3, zero, -482         : IntAlu : 
1247000: system.cpu: T0 : 0x1befe    : bgeu s3, s8, 1112          : IntAlu : 
1248000: system.cpu: T0 : 0x1bf02    : beq s0, s7, 484            : IntAlu : 
1249000: system.cpu: T0 : 0x1c0e6    : ld s5, 8(s11)              : MemRead :  D=0x0000000000020000 A=0x6f560
1249500: system.cpu: T0 : 0x1c0ea    : c_lw a5, 4(s0)             : MemRead :  D=0x0000000000000000 A=0x6f5cc
1250000: system.cpu: T0 : 0x1c0ec    : addi s10, s2, -1           : IntAlu :  D=0x0000000000000fff
1250500: system.cpu: T0 : 0x1c0f0    : addi s5, s5, 32            : IntAlu :  D=0x0000000000020020
1251000: system.cpu: T0 : 0x1c0f4    : c_add s5, s10              : IntAlu :  D=0x000000000002101f
1251500: system.cpu: T0 : 0x1c0f6    : c_andi a5, 2               : IntAlu :  D=0x0000000000000000
1252000: system.cpu: T0 : 0x1c0f8    : c_add s5, s1               : IntAlu :  D=0x00000000000212af
1253000: system.cpu: T0 : 0x1c0fa    : sub a6, zero, s2           : IntAlu :  D=0xfffffffffffff000
1253500: system.cpu: T0 : 0x1c0fe    : c_beqz a5, 158             : IntAlu : 
1254000: system.cpu: T0 : 0x1c19c    : sub s5, s5, s3             : IntAlu :  D=0x00000000000212af
1254500: system.cpu: T0 : 0x1c1a0    : and s5, s5, a6             : IntAlu :  D=0x0000000000021000
1255000: system.cpu: T0 : 0x1c1a4    : blt zero, s5, -156         : IntAlu : 
1255500: system.cpu: T0 : 0x1c108    : ld a5, -1840(gp)           : MemRead :  D=0x000000000001ea32 A=0x708f8
1256000: system.cpu: T0 : 0x1c10c    : c_mv a0, s5                : IntAlu :  D=0x0000000000021000
1256500: system.cpu: T0 : 0x1c10e    : c_sdsp a6, 8(sp)           : MemWrite :  D=0xfffffffffffff000 A=0x7ffffffffffffa58
1257000: system.cpu: T0 : 0x1c110    : c_jalr a5                  : IntAlu :  D=0x000000000001c112
1257500: system.cpu: T0 : 0x1ea32    : c_addi sp, -16             : IntAlu :  D=0x7ffffffffffffa40
1258000: system.cpu: T0 : 0x1ea34    : c_sdsp ra, 8(sp)           : MemWrite :  D=0x000000000001c112 A=0x7ffffffffffffa48
1259000: system.cpu: T0 : 0x1ea36    : jal ra, 9318               : IntAlu :  D=0x000000000001ea3a
1259500: system.cpu: T0 : 0x20e9c    : c_addi sp, -32             : IntAlu :  D=0x7ffffffffffffa20
1260000: system.cpu: T0 : 0x20e9e    : c_sdsp s2, 0(sp)           : MemWrite :  D=0x0000000000001000 A=0x7ffffffffffffa20
1260500: system.cpu: T0 : 0x20ea0    : c_sdsp s1, 8(sp)           : MemWrite :  D=0x0000000000000290 A=0x7ffffffffffffa28
1261500: system.cpu: T0 : 0x20ea2    : ld s1, -1200(gp)           : MemRead :  D=0x0000000000072f80 A=0x70b78
1262000: system.cpu: T0 : 0x20ea6    : c_sdsp s0, 16(sp)          : MemWrite :  D=0x000000000006f5c8 A=0x7ffffffffffffa30
1262500: system.cpu: T0 : 0x20ea8    : c_sdsp ra, 24(sp)          : MemWrite :  D=0x000000000001ea3a A=0x7ffffffffffffa38
1263000: system.cpu: T0 : 0x20eaa    : c_mv s0, a0                : IntAlu :  D=0x0000000000021000
1263500: system.cpu: T0 : 0x20eac    : c_beqz s1, 46              : IntAlu : 
1264500: system.cpu: T0 : 0x20eae    : lw a5, -1728(gp)           : MemRead :  D=0x0000000000000000 A=0x70968
1265000: system.cpu: T0 : 0x20eb2    : c_bnez a5, 40              : IntAlu : 
1265500: system.cpu: T0 : 0x20eb4    : c_beqz s0, 24              : IntAlu : 
1266500: system.cpu: T0 : 0x20eb6    : bge zero, s0, 52           : IntAlu : 
1267500: system.cpu: T0 : 0x20eba    : add a5, s0, s1             : IntAlu :  D=0x0000000000093f80
1268500: system.cpu: T0 : 0x20ebe    : sltu a5, a5, s1            : IntAlu :  D=0x0000000000000000
1269000: system.cpu: T0 : 0x20ec2    : c_beqz a5, 50              : IntAlu : 
1269500: system.cpu: T0 : 0x20ef4    : add a0, s1, s0             : IntAlu :  D=0x0000000000093f80
1270000: system.cpu: T0 : 0x20ef8    : jal ra, 98390              : IntAlu :  D=0x0000000000020efc
1270500: system.cpu: T0 : 0x38f4e    : c_mv a5, a0                : IntAlu :  D=0x0000000000093f80
1271000: system.cpu: T0 : 0x38f50    : addi a7, zero, 214         : IntAlu :  D=0x00000000000000d6
1271500: system.cpu: T0 : 0x38f54    : ecall                      : No_OpClass : 
1272000: system.cpu: T0 : 0x38f58    : sd a0, -1200(gp)           : MemWrite :  D=0x0000000000093f80 A=0x70b78
1272500: system.cpu: T0 : 0x38f5c    : bltu a0, a5, 8             : IntAlu : 
1273000: system.cpu: T0 : 0x38f60    : c_li a0, 0                 : IntAlu :  D=0x0000000000000000
1273500: system.cpu: T0 : 0x38f62    : c_jr ra                    : IntAlu : 
1274000: system.cpu: T0 : 0x20efc    : blt a0, zero, -50          : IntAlu : 
1274500: system.cpu: T0 : 0x20f00    : c_ldsp ra, 24(sp)          : MemRead :  D=0x000000000001ea3a A=0x7ffffffffffffa38
1275000: system.cpu: T0 : 0x20f02    : c_ldsp s0, 16(sp)          : MemRead :  D=0x000000000006f5c8 A=0x7ffffffffffffa30
1275500: system.cpu: T0 : 0x20f04    : c_ldsp s2, 0(sp)           : MemRead :  D=0x0000000000001000 A=0x7ffffffffffffa20
1276000: system.cpu: T0 : 0x20f06    : c_mv a0, s1                : IntAlu :  D=0x0000000000072f80
1276500: system.cpu: T0 : 0x20f08    : c_ldsp s1, 8(sp)           : MemRead :  D=0x0000000000000290 A=0x7ffffffffffffa28
1277000: system.cpu: T0 : 0x20f0a    : c_addi16sp sp, 32          : IntAlu :  D=0x7ffffffffffffa40
1277500: system.cpu: T0 : 0x20f0c    : c_jr ra                    : IntAlu : 
1278000: system.cpu: T0 : 0x1ea3a    : c_li a5, -1                : IntAlu :  D=0xffffffffffffffff
1278500: system.cpu: T0 : 0x1ea3c    : beq a0, a5, 10             : IntAlu : 
1279000: system.cpu: T0 : 0x1ea40    : c_ldsp ra, 8(sp)           : MemRead :  D=0x000000000001c112 A=0x7ffffffffffffa48
1279500: system.cpu: T0 : 0x1ea42    : c_addi sp, 16              : IntAlu :  D=0x7ffffffffffffa50
1280000: system.cpu: T0 : 0x1ea44    : c_jr ra                    : IntAlu : 
1280500: system.cpu: T0 : 0x1c112    : c_ldsp a6, 8(sp)           : MemRead :  D=0xfffffffffffff000 A=0x7ffffffffffffa58
1281000: system.cpu: T0 : 0x1c114    : c_mv s2, a0                : IntAlu :  D=0x0000000000072f80
1282000: system.cpu: T0 : 0x1c116    : beq a0, zero, 502          : IntAlu : 
1283000: system.cpu: T0 : 0x1c11a    : ld a5, -1392(gp)           : MemRead :  D=0x0000000000000000 A=0x70ab8
1283500: system.cpu: T0 : 0x1c11e    : c_li a4, 0                 : IntAlu :  D=0x0000000000000000
1284000: system.cpu: T0 : 0x1c120    : bne a5, zero, 538          : IntAlu : 
1284500: system.cpu: T0 : 0x1c124    : ld a5, 72(s11)             : MemRead :  D=0x0000000000000000 A=0x6f5a0
1285000: system.cpu: T0 : 0x1c128    : beq a5, zero, 380          : IntAlu : 
1285500: system.cpu: T0 : 0x1c2a4    : sd s2, 72(s11)             : MemWrite :  D=0x0000000000072f80 A=0x6f5a0
1286000: system.cpu: T0 : 0x1c2a8    : c_j -380                   : IntAlu : 
1286500: system.cpu: T0 : 0x1c12c    : c_lui s11, 1               : IntAlu :  D=0x0000000000001000
1287000: system.cpu: T0 : 0x1c12e    : c_add s11, s7              : IntAlu :  D=0x00000000000705c8
1287500: system.cpu: T0 : 0x1c130    : ld a5, -1912(s11)          : MemRead :  D=0x0000000000000000 A=0x6fe50
1288000: system.cpu: T0 : 0x1c134    : c_add a5, s5               : IntAlu :  D=0x0000000000021000
1289000: system.cpu: T0 : 0x1c136    : sd a5, -1912(s11)          : MemWrite :  D=0x0000000000021000 A=0x6fe50
1290000: system.cpu: T0 : 0x1c13a    : beq s9, s2, 342            : IntAlu : 
1291000: system.cpu: T0 : 0x1c13e    : lw a3, 4(s7)               : MemRead :  D=0x0000000000000000 A=0x6f5cc
1291500: system.cpu: T0 : 0x1c142    : c_andi a3, 2               : IntAlu :  D=0x0000000000000000
1292000: system.cpu: T0 : 0x1c144    : bne a3, zero, 242          : IntAlu : 
1292500: system.cpu: T0 : 0x1c148    : beq s3, zero, 18           : IntAlu : 
1293500: system.cpu: T0 : 0x1c15a    : andi a5, s2, 15            : IntAlu :  D=0x0000000000000000
1294500: system.cpu: T0 : 0x1c15e    : bne a5, zero, 332          : IntAlu : 
1295000: system.cpu: T0 : 0x1c162    : c_mv a4, s3                : IntAlu :  D=0x0000000000000000
1295500: system.cpu: T0 : 0x1c164    : c_mv s9, s2                : IntAlu :  D=0x0000000000072f80
1296000: system.cpu: T0 : 0x1c166    : c_add s5, a4               : IntAlu :  D=0x0000000000021000
1296500: system.cpu: T0 : 0x1c168    : add a0, s2, s5             : IntAlu :  D=0x0000000000093f80
1297000: system.cpu: T0 : 0x1c16c    : c_add s10, a0              : IntAlu :  D=0x0000000000094f7f
1298000: system.cpu: T0 : 0x1c16e    : and a6, s10, a6            : IntAlu :  D=0x0000000000094000
1298500: system.cpu: T0 : 0x1c172    : c_sub a4, a0               : IntAlu :  D=0xfffffffffff6c080
1299000: system.cpu: T0 : 0x1c174    : add s5, a6, a4             : IntAlu :  D=0x0000000000000080
1299500: system.cpu: T0 : 0x1c178    : blt s5, zero, 626          : IntAlu : 
1300000: system.cpu: T0 : 0x1c17c    : ld a5, -1840(gp)           : MemRead :  D=0x000000000001ea32 A=0x708f8
1300500: system.cpu: T0 : 0x1c180    : c_mv a0, s5                : IntAlu :  D=0x0000000000000080
1301000: system.cpu: T0 : 0x1c182    : c_jalr a5                  : IntAlu :  D=0x000000000001c184
1301500: system.cpu: T0 : 0x1ea32    : c_addi sp, -16             : IntAlu :  D=0x7ffffffffffffa40
1302000: system.cpu: T0 : 0x1ea34    : c_sdsp ra, 8(sp)           : MemWrite :  D=0x000000000001c184 A=0x7ffffffffffffa48
1303000: system.cpu: T0 : 0x1ea36    : jal ra, 9318               : IntAlu :  D=0x000000000001ea3a
1303500: system.cpu: T0 : 0x20e9c    : c_addi sp, -32             : IntAlu :  D=0x7ffffffffffffa20
1304000: system.cpu: T0 : 0x20e9e    : c_sdsp s2, 0(sp)           : MemWrite :  D=0x0000000000072f80 A=0x7ffffffffffffa20
1304500: system.cpu: T0 : 0x20ea0    : c_sdsp s1, 8(sp)           : MemWrite :  D=0x0000000000000290 A=0x7ffffffffffffa28
1305500: system.cpu: T0 : 0x20ea2    : ld s1, -1200(gp)           : MemRead :  D=0x0000000000093f80 A=0x70b78
1306000: system.cpu: T0 : 0x20ea6    : c_sdsp s0, 16(sp)          : MemWrite :  D=0x000000000006f5c8 A=0x7ffffffffffffa30
1306500: system.cpu: T0 : 0x20ea8    : c_sdsp ra, 24(sp)          : MemWrite :  D=0x000000000001ea3a A=0x7ffffffffffffa38
1307000: system.cpu: T0 : 0x20eaa    : c_mv s0, a0                : IntAlu :  D=0x0000000000000080
1307500: system.cpu: T0 : 0x20eac    : c_beqz s1, 46              : IntAlu : 
1308500: system.cpu: T0 : 0x20eae    : lw a5, -1728(gp)           : MemRead :  D=0x0000000000000000 A=0x70968
1309000: system.cpu: T0 : 0x20eb2    : c_bnez a5, 40              : IntAlu : 
1309500: system.cpu: T0 : 0x20eb4    : c_beqz s0, 24              : IntAlu : 
1310500: system.cpu: T0 : 0x20eb6    : bge zero, s0, 52           : IntAlu : 
1311500: system.cpu: T0 : 0x20eba    : add a5, s0, s1             : IntAlu :  D=0x0000000000094000
1312500: system.cpu: T0 : 0x20ebe    : sltu a5, a5, s1            : IntAlu :  D=0x0000000000000000
1313000: system.cpu: T0 : 0x20ec2    : c_beqz a5, 50              : IntAlu : 
1313500: system.cpu: T0 : 0x20ef4    : add a0, s1, s0             : IntAlu :  D=0x0000000000094000
1314000: system.cpu: T0 : 0x20ef8    : jal ra, 98390              : IntAlu :  D=0x0000000000020efc
1314500: system.cpu: T0 : 0x38f4e    : c_mv a5, a0                : IntAlu :  D=0x0000000000094000
1315000: system.cpu: T0 : 0x38f50    : addi a7, zero, 214         : IntAlu :  D=0x00000000000000d6
1315500: system.cpu: T0 : 0x38f54    : ecall                      : No_OpClass : 
1316000: system.cpu: T0 : 0x38f58    : sd a0, -1200(gp)           : MemWrite :  D=0x0000000000094000 A=0x70b78
1316500: system.cpu: T0 : 0x38f5c    : bltu a0, a5, 8             : IntAlu : 
1317000: system.cpu: T0 : 0x38f60    : c_li a0, 0                 : IntAlu :  D=0x0000000000000000
1317500: system.cpu: T0 : 0x38f62    : c_jr ra                    : IntAlu : 
1318000: system.cpu: T0 : 0x20efc    : blt a0, zero, -50          : IntAlu : 
1318500: system.cpu: T0 : 0x20f00    : c_ldsp ra, 24(sp)          : MemRead :  D=0x000000000001ea3a A=0x7ffffffffffffa38
1319000: system.cpu: T0 : 0x20f02    : c_ldsp s0, 16(sp)          : MemRead :  D=0x000000000006f5c8 A=0x7ffffffffffffa30
1319500: system.cpu: T0 : 0x20f04    : c_ldsp s2, 0(sp)           : MemRead :  D=0x0000000000072f80 A=0x7ffffffffffffa20
1320000: system.cpu: T0 : 0x20f06    : c_mv a0, s1                : IntAlu :  D=0x0000000000093f80
1320500: system.cpu: T0 : 0x20f08    : c_ldsp s1, 8(sp)           : MemRead :  D=0x0000000000000290 A=0x7ffffffffffffa28
1321000: system.cpu: T0 : 0x20f0a    : c_addi16sp sp, 32          : IntAlu :  D=0x7ffffffffffffa40
1321500: system.cpu: T0 : 0x20f0c    : c_jr ra                    : IntAlu : 
1322000: system.cpu: T0 : 0x1ea3a    : c_li a5, -1                : IntAlu :  D=0xffffffffffffffff
1322500: system.cpu: T0 : 0x1ea3c    : beq a0, a5, 10             : IntAlu : 
1323000: system.cpu: T0 : 0x1ea40    : c_ldsp ra, 8(sp)           : MemRead :  D=0x000000000001c184 A=0x7ffffffffffffa48
1323500: system.cpu: T0 : 0x1ea42    : c_addi sp, 16              : IntAlu :  D=0x7ffffffffffffa50
1324000: system.cpu: T0 : 0x1ea44    : c_jr ra                    : IntAlu : 
1324500: system.cpu: T0 : 0x1c184    : c_mv a4, a0                : IntAlu :  D=0x0000000000093f80
1325500: system.cpu: T0 : 0x1c186    : beq a0, zero, 426          : IntAlu : 
1326500: system.cpu: T0 : 0x1c18a    : ld a5, -1392(gp)           : MemRead :  D=0x0000000000000000 A=0x70ab8
1327500: system.cpu: T0 : 0x1c18e    : bne a5, zero, 440          : IntAlu : 
1328500: system.cpu: T0 : 0x1c192    : ld a5, -1912(s11)          : MemRead :  D=0x0000000000021000 A=0x6fe50
1329000: system.cpu: T0 : 0x1c196    : c_mv s2, s9                : IntAlu :  D=0x0000000000072f80
1329500: system.cpu: T0 : 0x1c198    : c_add a5, s5               : IntAlu :  D=0x0000000000021080
1330000: system.cpu: T0 : 0x1c19a    : c_j 168                    : IntAlu : 
1331000: system.cpu: T0 : 0x1c242    : sub a4, a4, s2             : IntAlu :  D=0x0000000000021000
1331500: system.cpu: T0 : 0x1c246    : c_add a4, s5               : IntAlu :  D=0x0000000000021080
1332000: system.cpu: T0 : 0x1c248    : sd s2, 96(s7)              : MemWrite :  D=0x0000000000072f80 A=0x6f628
1332500: system.cpu: T0 : 0x1c24c    : ori a4, a4, 1              : IntAlu :  D=0x0000000000021081
1333000: system.cpu: T0 : 0x1c250    : sd a4, 8(s2)               : MemWrite :  D=0x0000000000021081 A=0x72f88
1333500: system.cpu: T0 : 0x1c254    : sd a5, -1912(s11)          : MemWrite :  D=0x0000000000021080 A=0x6fe50
1334000: system.cpu: T0 : 0x1c258    : beq s3, zero, -754         : IntAlu : 
1334500: system.cpu: T0 : 0x1bf66    : c_lui a4, 1                : IntAlu :  D=0x0000000000001000
1335000: system.cpu: T0 : 0x1bf68    : c_add a4, s0               : IntAlu :  D=0x00000000000705c8
1336000: system.cpu: T0 : 0x1bf6a    : ld a3, -1904(a4)           : MemRead :  D=0x0000000000000000 A=0x6fe58
1337000: system.cpu: T0 : 0x1bf6e    : bgeu a3, a5, 8             : IntAlu : 
1338000: system.cpu: T0 : 0x1bf72    : sd a5, -1904(a4)           : MemWrite :  D=0x0000000000021080 A=0x6fe58
1339000: system.cpu: T0 : 0x1bf76    : ld a5, 8(s2)               : MemRead :  D=0x0000000000021081 A=0x72f88
1339500: system.cpu: T0 : 0x1bf7a    : c_andi a5, 18446744073709551608 : IntAlu :  D=0x0000000000021080
1340000: system.cpu: T0 : 0x1bf7c    : bltu a5, s8, 298           : IntAlu : 
1340500: system.cpu: T0 : 0x1bf80    : add a4, s2, s1             : IntAlu :  D=0x0000000000073210
1341000: system.cpu: T0 : 0x1bf84    : c_sd a4, 96(s0)            : MemWrite :  D=0x0000000000073210 A=0x6f628
1341500: system.cpu: T0 : 0x1bf86    : c_sub a5, s1               : IntAlu :  D=0x0000000000020df0
1342000: system.cpu: T0 : 0x1bf88    : beq s0, s7, 8              : IntAlu : 
1342500: system.cpu: T0 : 0x1bf90    : ori s1, s1, 1              : IntAlu :  D=0x0000000000000291
1343000: system.cpu: T0 : 0x1bf94    : sd s1, 8(s2)               : MemWrite :  D=0x0000000000000291 A=0x72f88
1343500: system.cpu: T0 : 0x1bf98    : ori a5, a5, 1              : IntAlu :  D=0x0000000000020df1
1344000: system.cpu: T0 : 0x1bf9c    : c_sd a5, 8(a4)             : MemWrite :  D=0x0000000000020df1 A=0x73218
1344500: system.cpu: T0 : 0x1bf9c    : c_sd a5, 8(a4)             : MemWrite :  D=0x0000000000020df1 A=0x73218
1345500: system.cpu: T0 : 0x1bf9e    : addi a0, s2, 16            : IntAlu :  D=0x0000000000072f90
1346000: system.cpu: T0 : 0x1bfa2    : c_ldsp ra, 152(sp)         : MemRead :  D=0x000000000001cba8 A=0x7ffffffffffffae8
1346500: system.cpu: T0 : 0x1bfa4    : c_ldsp s0, 144(sp)         : MemRead :  D=0x0000000000000290 A=0x7ffffffffffffae0
1347000: system.cpu: T0 : 0x1bfa6    : c_ldsp s1, 136(sp)         : MemRead :  D=0x000000000006f5c8 A=0x7ffffffffffffad8
1347500: system.cpu: T0 : 0x1bfa8    : c_ldsp s2, 128(sp)         : MemRead :  D=0x0000000000000004 A=0x7ffffffffffffad0
1348000: system.cpu: T0 : 0x1bfaa    : c_ldsp s3, 120(sp)         : MemRead :  D=0x0000000000000280 A=0x7ffffffffffffac8
1348500: system.cpu: T0 : 0x1bfac    : c_ldsp s4, 112(sp)         : MemRead :  D=0x0000000000000000 A=0x7ffffffffffffac0
1349000: system.cpu: T0 : 0x1bfae    : c_ldsp s5, 104(sp)         : MemRead :  D=0x0000000000000000 A=0x7ffffffffffffab8
1349500: system.cpu: T0 : 0x1bfb0    : c_ldsp s6, 96(sp)          : MemRead :  D=0x0000000000000027 A=0x7ffffffffffffab0
1350000: system.cpu: T0 : 0x1bfb2    : c_ldsp s7, 88(sp)          : MemRead :  D=0x000000000006f558 A=0x7ffffffffffffaa8
1350500: system.cpu: T0 : 0x1bfb4    : c_ldsp s8, 80(sp)          : MemRead :  D=0x000000000006f628 A=0x7ffffffffffffaa0
1351000: system.cpu: T0 : 0x1bfb6    : c_ldsp s9, 72(sp)          : MemRead :  D=0x0000000000000029 A=0x7ffffffffffffa98
1351500: system.cpu: T0 : 0x1bfb8    : c_ldsp s10, 64(sp)         : MemRead :  D=0x000000000000000a A=0x7ffffffffffffa90
1352000: system.cpu: T0 : 0x1bfba    : c_ldsp s11, 56(sp)         : MemRead :  D=0x0000000000001000 A=0x7ffffffffffffa88
1352500: system.cpu: T0 : 0x1bfbc    : c_addi16sp sp, 160         : IntAlu :  D=0x7ffffffffffffaf0
1353000: system.cpu: T0 : 0x1bfbe    : c_jr ra                    : IntAlu : 
1353500: system.cpu: T0 : 0x1cba8    : c_mv s2, a0                : IntAlu :  D=0x0000000000072f90
1354500: system.cpu: T0 : 0x1cbaa    : bne a0, zero, -672         : IntAlu : 
1355500: system.cpu: T0 : 0x1c90a    : lw a1, -1396(gp)           : MemRead :  D=0x0000000000000000 A=0x70ab4
1356500: system.cpu: T0 : 0x1c90e    : beq a1, zero, -516         : IntAlu : 
1357000: system.cpu: T0 : 0x1c70a    : c_ldsp ra, 248(sp)         : MemRead :  D=0x000000000001cf4a A=0x7ffffffffffffbe8
1357500: system.cpu: T0 : 0x1c70c    : c_ldsp s0, 240(sp)         : MemRead :  D=0x000000000006f5c8 A=0x7ffffffffffffbe0
1358000: system.cpu: T0 : 0x1c70e    : c_ldsp s1, 232(sp)         : MemRead :  D=0x000000000006f5c8 A=0x7ffffffffffffbd8
1358500: system.cpu: T0 : 0x1c710    : c_ldsp s3, 216(sp)         : MemRead :  D=0x0000000000000000 A=0x7ffffffffffffbc8
1359000: system.cpu: T0 : 0x1c712    : c_ldsp s4, 208(sp)         : MemRead :  D=0x0000000000000000 A=0x7ffffffffffffbc0
1359500: system.cpu: T0 : 0x1c714    : c_ldsp s5, 200(sp)         : MemRead :  D=0x0000000000000000 A=0x7ffffffffffffbb8
1360000: system.cpu: T0 : 0x1c716    : c_ldsp s6, 192(sp)         : MemRead :  D=0x0000000000072000 A=0x7ffffffffffffbb0
1360500: system.cpu: T0 : 0x1c718    : c_ldsp s7, 184(sp)         : MemRead :  D=0x0000000000000000 A=0x7ffffffffffffba8
1361000: system.cpu: T0 : 0x1c71a    : c_ldsp s8, 176(sp)         : MemRead :  D=0x0000000000000000 A=0x7ffffffffffffba0
1361500: system.cpu: T0 : 0x1c71c    : c_ldsp s9, 168(sp)         : MemRead :  D=0x0000000000000003 A=0x7ffffffffffffb98
1362000: system.cpu: T0 : 0x1c71e    : c_ldsp s10, 160(sp)        : MemRead :  D=0x0000000000000000 A=0x7ffffffffffffb90
1362500: system.cpu: T0 : 0x1c720    : c_ldsp s11, 152(sp)        : MemRead :  D=0x0000000000000000 A=0x7ffffffffffffb88
1363000: system.cpu: T0 : 0x1c722    : c_mv a0, s2                : IntAlu :  D=0x0000000000072f90
1363500: system.cpu: T0 : 0x1c724    : c_ldsp s2, 224(sp)         : MemRead :  D=0x0000000000000002 A=0x7ffffffffffffbd0
1364000: system.cpu: T0 : 0x1c726    : c_addi16sp sp, 256         : IntAlu :  D=0x7ffffffffffffbf0
1364500: system.cpu: T0 : 0x1c728    : c_jr ra                    : IntAlu : 
1365000: system.cpu: T0 : 0x1cf4a    : c_mv a5, a0                : IntAlu :  D=0x0000000000072f90
1365500: system.cpu: T0 : 0x1cf4c    : c_beqz a0, 70              : IntAlu : 
1366000: system.cpu: T0 : 0x1cf4e    : c_li a4, 0                 : IntAlu :  D=0x0000000000000000
1366500: system.cpu: T0 : 0x1cf50    : fence iorw, ow             : No_OpClass : 
1367000: system.cpu: T0 : 0x1cf54    : amoswap_w a4, a4, (s0)    
1367000: system.cpu: T0 : 0x1cf54. 0 : amoswap_w[l] a4, a4, (s0)  : MemRead :  D=0x0000000000000001 A=0x6f5c8
1367500: system.cpu: T0 : 0x1cf58    : c_addiw a4, 0              : IntAlu :  D=0x0000000000000001
1368000: system.cpu: T0 : 0x1cf5a    : c_li a3, 1                 : IntAlu :  D=0x0000000000000001
1368500: system.cpu: T0 : 0x1cf5c    : blt a3, a4, 96             : IntAlu : 
1369000: system.cpu: T0 : 0x1cf60    : c_ldsp s0, 16(sp)          : MemRead :  D=0x0000000000000024 A=0x7ffffffffffffc00
1369500: system.cpu: T0 : 0x1cf62    : c_ldsp ra, 24(sp)          : MemRead :  D=0x000000000001d8d0 A=0x7ffffffffffffc08
1370000: system.cpu: T0 : 0x1cf64    : c_ldsp s1, 8(sp)           : MemRead :  D=0x0000000000000001 A=0x7ffffffffffffbf8
1371000: system.cpu: T0 : 0x1cf66    : sd a5, 40(tp)              : MemWrite :  D=0x0000000000072f90 A=0x72738
1372000: system.cpu: T0 : 0x1cf6a    : addi a2, zero, 640         : IntAlu :  D=0x0000000000000280
1372500: system.cpu: T0 : 0x1cf6e    : c_li a1, 0                 : IntAlu :  D=0x0000000000000000
1373000: system.cpu: T0 : 0x1cf70    : c_mv a0, a5                : IntAlu :  D=0x0000000000072f90
1373500: system.cpu: T0 : 0x1cf72    : c_addi16sp sp, 32          : IntAlu :  D=0x7ffffffffffffc10
1374000: system.cpu: T0 : 0x1cf74    : jal zero, 10394            : IntAlu :  D=0x000000000001cf78
1374500: system.cpu: T0 : 0x1f80e    : c_li a4, 7                 : IntAlu :  D=0x0000000000000007
1375000: system.cpu: T0 : 0x1f810    : c_mv a5, a0                : IntAlu :  D=0x0000000000072f90
1376000: system.cpu: T0 : 0x1f812    : bgeu a4, a2, 140           : IntAlu : 
1377000: system.cpu: T0 : 0x1f816    : andi a7, a1, 255           : IntAlu :  D=0x0000000000000000
1378000: system.cpu: T0 : 0x1f81a    : slli a3, a7, 8             : IntAlu :  D=0x0000000000000000
1379000: system.cpu: T0 : 0x1f81e    : or a3, a3, a7              : IntAlu :  D=0x0000000000000000
1380000: system.cpu: T0 : 0x1f822    : slli a4, a3, 16            : IntAlu :  D=0x0000000000000000
1380500: system.cpu: T0 : 0x1f826    : c_or a3, a4                : IntAlu :  D=0x0000000000000000
1381000: system.cpu: T0 : 0x1f828    : slli a4, a3, 32            : IntAlu :  D=0x0000000000000000
1381500: system.cpu: T0 : 0x1f82c    : andi a6, a0, 7             : IntAlu :  D=0x0000000000000000
1382000: system.cpu: T0 : 0x1f830    : c_or a4, a3                : IntAlu :  D=0x0000000000000000
1383000: system.cpu: T0 : 0x1f832    : beq a6, zero, 130          : IntAlu : 
1383500: system.cpu: T0 : 0x1f8b4    : c_mv a3, a2                : IntAlu :  D=0x0000000000000280
1384000: system.cpu: T0 : 0x1f8b6    : c_j -108                   : IntAlu : 
1385000: system.cpu: T0 : 0x1f84a    : srli a6, a3, 6             : IntAlu :  D=0x000000000000000a
1386000: system.cpu: T0 : 0x1f84e    : beq a6, zero, 42           : IntAlu : 
1387000: system.cpu: T0 : 0x1f852    : slli a2, a6, 6             : IntAlu :  D=0x0000000000000280
1387500: system.cpu: T0 : 0x1f856    : c_mv a7, a5                : IntAlu :  D=0x0000000000072f90
1388000: system.cpu: T0 : 0x1f858    : c_add a2, a5               : IntAlu :  D=0x0000000000073210
1388500: system.cpu: T0 : 0x1f85a    : c_sd a4, 0(a5)             : MemWrite :  D=0x0000000000000000 A=0x72f90
1389000: system.cpu: T0 : 0x1f85c    : c_sd a4, 8(a5)             : MemWrite :  D=0x0000000000000000 A=0x72f98
1389500: system.cpu: T0 : 0x1f85e    : c_sd a4, 16(a5)            : MemWrite :  D=0x0000000000000000 A=0x72fa0
1390000: system.cpu: T0 : 0x1f860    : c_sd a4, 24(a5)            : MemWrite :  D=0x0000000000000000 A=0x72fa8
1390500: system.cpu: T0 : 0x1f862    : c_sd a4, 32(a5)            : MemWrite :  D=0x0000000000000000 A=0x72fb0
1391000: system.cpu: T0 : 0x1f864    : c_sd a4, 40(a5)            : MemWrite :  D=0x0000000000000000 A=0x72fb8
1391500: system.cpu: T0 : 0x1f866    : c_sd a4, 48(a5)            : MemWrite :  D=0x0000000000000000 A=0x72fc0
1392000: system.cpu: T0 : 0x1f868    : c_sd a4, 56(a5)            : MemWrite :  D=0x0000000000000000 A=0x72fc8
1393000: system.cpu: T0 : 0x1f86a    : addi a5, a5, 64            : IntAlu :  D=0x0000000000072fd0
1394000: system.cpu: T0 : 0x1f86e    : bne a2, a5, -20            : IntAlu : 
1394500: system.cpu: T0 : 0x1f85a    : c_sd a4, 0(a5)             : MemWrite :  D=0x0000000000000000 A=0x72fd0
1395000: system.cpu: T0 : 0x1f85c    : c_sd a4, 8(a5)             : MemWrite :  D=0x0000000000000000 A=0x72fd8
1395500: system.cpu: T0 : 0x1f85e    : c_sd a4, 16(a5)            : MemWrite :  D=0x0000000000000000 A=0x72fe0
1396000: system.cpu: T0 : 0x1f860    : c_sd a4, 24(a5)            : MemWrite :  D=0x0000000000000000 A=0x72fe8
1396500: system.cpu: T0 : 0x1f862    : c_sd a4, 32(a5)            : MemWrite :  D=0x0000000000000000 A=0x72ff0
1397000: system.cpu: T0 : 0x1f864    : c_sd a4, 40(a5)            : MemWrite :  D=0x0000000000000000 A=0x72ff8
1397500: system.cpu: T0 : 0x1f866    : c_sd a4, 48(a5)            : MemWrite :  D=0x0000000000000000 A=0x73000
1398000: system.cpu: T0 : 0x1f868    : c_sd a4, 56(a5)            : MemWrite :  D=0x0000000000000000 A=0x73008
1399000: system.cpu: T0 : 0x1f86a    : addi a5, a5, 64            : IntAlu :  D=0x0000000000073010
1400000: system.cpu: T0 : 0x1f86e    : bne a2, a5, -20            : IntAlu : 
1400500: system.cpu: T0 : 0x1f85a    : c_sd a4, 0(a5)             : MemWrite :  D=0x0000000000000000 A=0x73010
1401000: system.cpu: T0 : 0x1f85c    : c_sd a4, 8(a5)             : MemWrite :  D=0x0000000000000000 A=0x73018
1401500: system.cpu: T0 : 0x1f85e    : c_sd a4, 16(a5)            : MemWrite :  D=0x0000000000000000 A=0x73020
1402000: system.cpu: T0 : 0x1f860    : c_sd a4, 24(a5)            : MemWrite :  D=0x0000000000000000 A=0x73028
1402500: system.cpu: T0 : 0x1f862    : c_sd a4, 32(a5)            : MemWrite :  D=0x0000000000000000 A=0x73030
1403000: system.cpu: T0 : 0x1f864    : c_sd a4, 40(a5)            : MemWrite :  D=0x0000000000000000 A=0x73038
1403500: system.cpu: T0 : 0x1f866    : c_sd a4, 48(a5)            : MemWrite :  D=0x0000000000000000 A=0x73040
1404000: system.cpu: T0 : 0x1f868    : c_sd a4, 56(a5)            : MemWrite :  D=0x0000000000000000 A=0x73048
1405000: system.cpu: T0 : 0x1f86a    : addi a5, a5, 64            : IntAlu :  D=0x0000000000073050
1406000: system.cpu: T0 : 0x1f86e    : bne a2, a5, -20            : IntAlu : 
1406500: system.cpu: T0 : 0x1f85a    : c_sd a4, 0(a5)             : MemWrite :  D=0x0000000000000000 A=0x73050
1407000: system.cpu: T0 : 0x1f85c    : c_sd a4, 8(a5)             : MemWrite :  D=0x0000000000000000 A=0x73058
1407500: system.cpu: T0 : 0x1f85e    : c_sd a4, 16(a5)            : MemWrite :  D=0x0000000000000000 A=0x73060
1408000: system.cpu: T0 : 0x1f860    : c_sd a4, 24(a5)            : MemWrite :  D=0x0000000000000000 A=0x73068
1408500: system.cpu: T0 : 0x1f862    : c_sd a4, 32(a5)            : MemWrite :  D=0x0000000000000000 A=0x73070
1409000: system.cpu: T0 : 0x1f864    : c_sd a4, 40(a5)            : MemWrite :  D=0x0000000000000000 A=0x73078
1409500: system.cpu: T0 : 0x1f866    : c_sd a4, 48(a5)            : MemWrite :  D=0x0000000000000000 A=0x73080
1410000: system.cpu: T0 : 0x1f868    : c_sd a4, 56(a5)            : MemWrite :  D=0x0000000000000000 A=0x73088
1411000: system.cpu: T0 : 0x1f86a    : addi a5, a5, 64            : IntAlu :  D=0x0000000000073090
1412000: system.cpu: T0 : 0x1f86e    : bne a2, a5, -20            : IntAlu : 
1412500: system.cpu: T0 : 0x1f85a    : c_sd a4, 0(a5)             : MemWrite :  D=0x0000000000000000 A=0x73090
1413000: system.cpu: T0 : 0x1f85c    : c_sd a4, 8(a5)             : MemWrite :  D=0x0000000000000000 A=0x73098
1413500: system.cpu: T0 : 0x1f85e    : c_sd a4, 16(a5)            : MemWrite :  D=0x0000000000000000 A=0x730a0
1414000: system.cpu: T0 : 0x1f860    : c_sd a4, 24(a5)            : MemWrite :  D=0x0000000000000000 A=0x730a8
1414500: system.cpu: T0 : 0x1f862    : c_sd a4, 32(a5)            : MemWrite :  D=0x0000000000000000 A=0x730b0
1415000: system.cpu: T0 : 0x1f864    : c_sd a4, 40(a5)            : MemWrite :  D=0x0000000000000000 A=0x730b8
1415500: system.cpu: T0 : 0x1f866    : c_sd a4, 48(a5)            : MemWrite :  D=0x0000000000000000 A=0x730c0
1416000: system.cpu: T0 : 0x1f868    : c_sd a4, 56(a5)            : MemWrite :  D=0x0000000000000000 A=0x730c8
1417000: system.cpu: T0 : 0x1f86a    : addi a5, a5, 64            : IntAlu :  D=0x00000000000730d0
1418000: system.cpu: T0 : 0x1f86e    : bne a2, a5, -20            : IntAlu : 
1418500: system.cpu: T0 : 0x1f85a    : c_sd a4, 0(a5)             : MemWrite :  D=0x0000000000000000 A=0x730d0
1419000: system.cpu: T0 : 0x1f85c    : c_sd a4, 8(a5)             : MemWrite :  D=0x0000000000000000 A=0x730d8
1419500: system.cpu: T0 : 0x1f85e    : c_sd a4, 16(a5)            : MemWrite :  D=0x0000000000000000 A=0x730e0
1420000: system.cpu: T0 : 0x1f860    : c_sd a4, 24(a5)            : MemWrite :  D=0x0000000000000000 A=0x730e8
1420500: system.cpu: T0 : 0x1f862    : c_sd a4, 32(a5)            : MemWrite :  D=0x0000000000000000 A=0x730f0
1421000: system.cpu: T0 : 0x1f864    : c_sd a4, 40(a5)            : MemWrite :  D=0x0000000000000000 A=0x730f8
1421500: system.cpu: T0 : 0x1f866    : c_sd a4, 48(a5)            : MemWrite :  D=0x0000000000000000 A=0x73100
1422000: system.cpu: T0 : 0x1f868    : c_sd a4, 56(a5)            : MemWrite :  D=0x0000000000000000 A=0x73108
1423000: system.cpu: T0 : 0x1f86a    : addi a5, a5, 64            : IntAlu :  D=0x0000000000073110
1424000: system.cpu: T0 : 0x1f86e    : bne a2, a5, -20            : IntAlu : 
1424500: system.cpu: T0 : 0x1f85a    : c_sd a4, 0(a5)             : MemWrite :  D=0x0000000000000000 A=0x73110
1425000: system.cpu: T0 : 0x1f85c    : c_sd a4, 8(a5)             : MemWrite :  D=0x0000000000000000 A=0x73118
1425500: system.cpu: T0 : 0x1f85e    : c_sd a4, 16(a5)            : MemWrite :  D=0x0000000000000000 A=0x73120
1426000: system.cpu: T0 : 0x1f860    : c_sd a4, 24(a5)            : MemWrite :  D=0x0000000000000000 A=0x73128
1426500: system.cpu: T0 : 0x1f862    : c_sd a4, 32(a5)            : MemWrite :  D=0x0000000000000000 A=0x73130
1427000: system.cpu: T0 : 0x1f864    : c_sd a4, 40(a5)            : MemWrite :  D=0x0000000000000000 A=0x73138
1427500: system.cpu: T0 : 0x1f866    : c_sd a4, 48(a5)            : MemWrite :  D=0x0000000000000000 A=0x73140
1428000: system.cpu: T0 : 0x1f868    : c_sd a4, 56(a5)            : MemWrite :  D=0x0000000000000000 A=0x73148
1429000: system.cpu: T0 : 0x1f86a    : addi a5, a5, 64            : IntAlu :  D=0x0000000000073150
1430000: system.cpu: T0 : 0x1f86e    : bne a2, a5, -20            : IntAlu : 
1430500: system.cpu: T0 : 0x1f85a    : c_sd a4, 0(a5)             : MemWrite :  D=0x0000000000000000 A=0x73150
1431000: system.cpu: T0 : 0x1f85c    : c_sd a4, 8(a5)             : MemWrite :  D=0x0000000000000000 A=0x73158
1431500: system.cpu: T0 : 0x1f85e    : c_sd a4, 16(a5)            : MemWrite :  D=0x0000000000000000 A=0x73160
1432000: system.cpu: T0 : 0x1f860    : c_sd a4, 24(a5)            : MemWrite :  D=0x0000000000000000 A=0x73168
1432500: system.cpu: T0 : 0x1f862    : c_sd a4, 32(a5)            : MemWrite :  D=0x0000000000000000 A=0x73170
1433000: system.cpu: T0 : 0x1f864    : c_sd a4, 40(a5)            : MemWrite :  D=0x0000000000000000 A=0x73178
1433500: system.cpu: T0 : 0x1f866    : c_sd a4, 48(a5)            : MemWrite :  D=0x0000000000000000 A=0x73180
1434000: system.cpu: T0 : 0x1f868    : c_sd a4, 56(a5)            : MemWrite :  D=0x0000000000000000 A=0x73188
1435000: system.cpu: T0 : 0x1f86a    : addi a5, a5, 64            : IntAlu :  D=0x0000000000073190
1436000: system.cpu: T0 : 0x1f86e    : bne a2, a5, -20            : IntAlu : 
1436500: system.cpu: T0 : 0x1f85a    : c_sd a4, 0(a5)             : MemWrite :  D=0x0000000000000000 A=0x73190
1437000: system.cpu: T0 : 0x1f85c    : c_sd a4, 8(a5)             : MemWrite :  D=0x0000000000000000 A=0x73198
1437500: system.cpu: T0 : 0x1f85e    : c_sd a4, 16(a5)            : MemWrite :  D=0x0000000000000000 A=0x731a0
1438000: system.cpu: T0 : 0x1f860    : c_sd a4, 24(a5)            : MemWrite :  D=0x0000000000000000 A=0x731a8
1438500: system.cpu: T0 : 0x1f862    : c_sd a4, 32(a5)            : MemWrite :  D=0x0000000000000000 A=0x731b0
1439000: system.cpu: T0 : 0x1f864    : c_sd a4, 40(a5)            : MemWrite :  D=0x0000000000000000 A=0x731b8
1439500: system.cpu: T0 : 0x1f866    : c_sd a4, 48(a5)            : MemWrite :  D=0x0000000000000000 A=0x731c0
1440000: system.cpu: T0 : 0x1f868    : c_sd a4, 56(a5)            : MemWrite :  D=0x0000000000000000 A=0x731c8
1441000: system.cpu: T0 : 0x1f86a    : addi a5, a5, 64            : IntAlu :  D=0x00000000000731d0
1442000: system.cpu: T0 : 0x1f86e    : bne a2, a5, -20            : IntAlu : 
1442500: system.cpu: T0 : 0x1f85a    : c_sd a4, 0(a5)             : MemWrite :  D=0x0000000000000000 A=0x731d0
1443000: system.cpu: T0 : 0x1f85c    : c_sd a4, 8(a5)             : MemWrite :  D=0x0000000000000000 A=0x731d8
1443500: system.cpu: T0 : 0x1f85e    : c_sd a4, 16(a5)            : MemWrite :  D=0x0000000000000000 A=0x731e0
1444000: system.cpu: T0 : 0x1f860    : c_sd a4, 24(a5)            : MemWrite :  D=0x0000000000000000 A=0x731e8
1444500: system.cpu: T0 : 0x1f862    : c_sd a4, 32(a5)            : MemWrite :  D=0x0000000000000000 A=0x731f0
1445000: system.cpu: T0 : 0x1f864    : c_sd a4, 40(a5)            : MemWrite :  D=0x0000000000000000 A=0x731f8
1445500: system.cpu: T0 : 0x1f866    : c_sd a4, 48(a5)            : MemWrite :  D=0x0000000000000000 A=0x73200
1446000: system.cpu: T0 : 0x1f868    : c_sd a4, 56(a5)            : MemWrite :  D=0x0000000000000000 A=0x73208
1447000: system.cpu: T0 : 0x1f86a    : addi a5, a5, 64            : IntAlu :  D=0x0000000000073210
1448000: system.cpu: T0 : 0x1f86e    : bne a2, a5, -20            : IntAlu : 
1449000: system.cpu: T0 : 0x1f872    : slli a5, a6, 6             : IntAlu :  D=0x0000000000000280
1449500: system.cpu: T0 : 0x1f876    : c_add a5, a7               : IntAlu :  D=0x0000000000073210
1450000: system.cpu: T0 : 0x1f878    : srli a6, a3, 3             : IntAlu :  D=0x0000000000000050
1450500: system.cpu: T0 : 0x1f87c    : andi a6, a6, 7             : IntAlu :  D=0x0000000000000000
1451000: system.cpu: T0 : 0x1f880    : beq a6, zero, 26           : IntAlu : 
1452000: system.cpu: T0 : 0x1f89a    : andi a2, a3, 7             : IntAlu :  D=0x0000000000000000
1453000: system.cpu: T0 : 0x1f89e    : andi a1, a1, 255           : IntAlu :  D=0x0000000000000000
1454000: system.cpu: T0 : 0x1f8a2    : add a4, a5, a2             : IntAlu :  D=0x0000000000073210
1454500: system.cpu: T0 : 0x1f8a6    : c_beqz a2, 12              : IntAlu : 
1455000: system.cpu: T0 : 0x1f8b2    : c_jr ra                    : IntAlu : 
1455500: system.cpu: T0 : 0x1d8d0    : lui a5, 111                : IntAlu :  D=0x000000000006f000
1456000: system.cpu: T0 : 0x1d8d4    : ld a5, 1448(a5)            : MemRead :  D=0x0000000000000040 A=0x6f5a8
1456500: system.cpu: T0 : 0x1d8d8    : bgeu s1, a5, -100          : IntAlu : 
1457000: system.cpu: T0 : 0x1d8dc    : ld a4, 40(tp)              : MemRead :  D=0x0000000000072f90 A=0x72738
1457500: system.cpu: T0 : 0x1d8e0    : c_beqz a4, -108            : IntAlu : 
1458500: system.cpu: T0 : 0x1d8e2    : slli a3, s1, 1             : IntAlu :  D=0x0000000000000002
1459000: system.cpu: T0 : 0x1d8e6    : c_add a3, a4               : IntAlu :  D=0x0000000000072f92
1459500: system.cpu: T0 : 0x1d8e8    : lhu a2, 0(a3)              : MemRead :  D=0x0000000000000000 A=0x72f92
1460000: system.cpu: T0 : 0x1d8ec    : c_beqz a2, -120            : IntAlu : 
1460500: system.cpu: T0 : 0x1d874    : lw a5, -1808(tp)           : MemRead :  D=0x0000000000000000 A=0x72000
1461000: system.cpu: T0 : 0x1d878    : c_bnez a5, 210             : IntAlu : 
1462000: system.cpu: T0 : 0x1d87a    : lui s1, 111                : IntAlu :  D=0x000000000006f000
1462500: system.cpu: T0 : 0x1d87e    : c_mv a1, s0                : IntAlu :  D=0x0000000000000024
1463000: system.cpu: T0 : 0x1d880    : addi a0, s1, 1480          : IntAlu :  D=0x000000000006f5c8
1463500: system.cpu: T0 : 0x1d884    : jal ra, -5228              : IntAlu :  D=0x000000000001d888
1464000: system.cpu: T0 : 0x1c418    : c_addi16sp sp, -256        : IntAlu :  D=0x7ffffffffffffb10
1464500: system.cpu: T0 : 0x1c41a    : c_sdsp ra, 248(sp)         : MemWrite :  D=0x000000000001d888 A=0x7ffffffffffffc08
1465000: system.cpu: T0 : 0x1c41c    : c_sdsp s0, 240(sp)         : MemWrite :  D=0x0000000000000024 A=0x7ffffffffffffc00
1465500: system.cpu: T0 : 0x1c41e    : c_sdsp s1, 232(sp)         : MemWrite :  D=0x000000000006f000 A=0x7ffffffffffffbf8
1466000: system.cpu: T0 : 0x1c420    : c_sdsp s2, 224(sp)         : MemWrite :  D=0x0000000000000002 A=0x7ffffffffffffbf0
1466500: system.cpu: T0 : 0x1c422    : c_sdsp s3, 216(sp)         : MemWrite :  D=0x0000000000000000 A=0x7ffffffffffffbe8
1467000: system.cpu: T0 : 0x1c424    : c_sdsp s4, 208(sp)         : MemWrite :  D=0x0000000000000000 A=0x7ffffffffffffbe0
1467500: system.cpu: T0 : 0x1c426    : c_sdsp s5, 200(sp)         : MemWrite :  D=0x0000000000000000 A=0x7ffffffffffffbd8
1468000: system.cpu: T0 : 0x1c428    : c_sdsp s6, 192(sp)         : MemWrite :  D=0x0000000000072000 A=0x7ffffffffffffbd0
1468500: system.cpu: T0 : 0x1c42a    : c_sdsp s7, 184(sp)         : MemWrite :  D=0x0000000000000000 A=0x7ffffffffffffbc8
1469000: system.cpu: T0 : 0x1c42c    : c_sdsp s8, 176(sp)         : MemWrite :  D=0x0000000000000000 A=0x7ffffffffffffbc0
1469500: system.cpu: T0 : 0x1c42e    : c_sdsp s9, 168(sp)         : MemWrite :  D=0x0000000000000003 A=0x7ffffffffffffbb8
1470000: system.cpu: T0 : 0x1c430    : c_sdsp s10, 160(sp)        : MemWrite :  D=0x0000000000000000 A=0x7ffffffffffffbb0
1470500: system.cpu: T0 : 0x1c432    : c_sdsp s11, 152(sp)        : MemWrite :  D=0x0000000000000000 A=0x7ffffffffffffba8
1471000: system.cpu: T0 : 0x1c434    : blt a1, zero, 1198         : IntAlu : 
1471500: system.cpu: T0 : 0x1c438    : addi s0, a1, 23            : IntAlu :  D=0x000000000000003b
1472000: system.cpu: T0 : 0x1c43c    : c_li a5, 31                : IntAlu :  D=0x000000000000001f
1472500: system.cpu: T0 : 0x1c43e    : c_mv s3, a1                : IntAlu :  D=0x0000000000000024
1473000: system.cpu: T0 : 0x1c440    : c_mv s1, a0                : IntAlu :  D=0x000000000006f5c8
1474000: system.cpu: T0 : 0x1c442    : bltu a5, s0, 220           : IntAlu : 
1474500: system.cpu: T0 : 0x1c51e    : c_andi s0, 18446744073709551600 : IntAlu :  D=0x0000000000000030
1475000: system.cpu: T0 : 0x1c520    : beq a0, zero, 988          : IntAlu : 
1475500: system.cpu: T0 : 0x1c524    : ld a4, -1376(gp)           : MemRead :  D=0x0000000000000080 A=0x70ac8
1476000: system.cpu: T0 : 0x1c528    : srliw s9, s0, 4            : IntAlu :  D=0x0000000000000003
1476500: system.cpu: T0 : 0x1c52c    : srliw a5, s0, 4            : IntAlu :  D=0x0000000000000003
1477000: system.cpu: T0 : 0x1c530    : bgeu a4, s0, 506           : IntAlu : 
1477500: system.cpu: T0 : 0x1c72a    : c_addiw a5, -2             : IntAlu :  D=0x0000000000000001
1478000: system.cpu: T0 : 0x1c72c    : slli a2, a5, 32            : IntAlu :  D=0x0000000100000000
1478500: system.cpu: T0 : 0x1c730    : c_srli a2, 32              : IntAlu :  D=0x0000000000000001
1479000: system.cpu: T0 : 0x1c732    : c_addi a2, 2               : IntAlu :  D=0x0000000000000003
1479500: system.cpu: T0 : 0x1c734    : c_slli a2, 3               : IntAlu :  D=0x0000000000000018
1480000: system.cpu: T0 : 0x1c736    : c_j -376                   : IntAlu : 
1480500: system.cpu: T0 : 0x1c5be    : c_slli a5, 32              : IntAlu :  D=0x0000000100000000
1481000: system.cpu: T0 : 0x1c5c0    : c_srli a5, 29              : IntAlu :  D=0x0000000000000008
1481500: system.cpu: T0 : 0x1c5c2    : c_add a5, s1               : IntAlu :  D=0x000000000006f5d0
1482000: system.cpu: T0 : 0x1c5c4    : ld s2, 16(a5)              : MemRead :  D=0x0000000000000000 A=0x6f5e0
1482500: system.cpu: T0 : 0x1c5c8    : beq s2, zero, 170          : IntAlu : 
1483500: system.cpu: T0 : 0x1c672    : addiw a5, s9, -1           : IntAlu :  D=0x0000000000000002
1484500: system.cpu: T0 : 0x1c676    : slliw a5, a5, 1            : IntAlu :  D=0x0000000000000004
1485000: system.cpu: T0 : 0x1c67a    : c_slli a5, 32              : IntAlu :  D=0x0000000400000000
1485500: system.cpu: T0 : 0x1c67c    : c_srli a5, 32              : IntAlu :  D=0x0000000000000004
1486000: system.cpu: T0 : 0x1c67e    : c_addi a5, 14              : IntAlu :  D=0x0000000000000012
1486500: system.cpu: T0 : 0x1c680    : c_slli a5, 3               : IntAlu :  D=0x0000000000000090
1487000: system.cpu: T0 : 0x1c682    : c_j -550                   : IntAlu : 
1487500: system.cpu: T0 : 0x1c45c    : c_add a5, s1               : IntAlu :  D=0x000000000006f658
1488500: system.cpu: T0 : 0x1c45e    : ld s2, 8(a5)               : MemRead :  D=0x000000000006f648 A=0x6f660
1489500: system.cpu: T0 : 0x1c462    : addi a3, a5, -16           : IntAlu :  D=0x000000000006f648
1490500: system.cpu: T0 : 0x1c466    : beq a3, s2, 748            : IntAlu : 
1491500: system.cpu: T0 : 0x1c752    : srli t1, s0, 9             : IntAlu :  D=0x0000000000000000
1492500: system.cpu: T0 : 0x1c756    : addiw a5, t1, 91           : IntAlu :  D=0x000000000000005b
1493500: system.cpu: T0 : 0x1c75a    : srli s10, s0, 6            : IntAlu :  D=0x0000000000000000
1494000: system.cpu: T0 : 0x1c75e    : c_sdsp a5, 96(sp)          : MemWrite :  D=0x000000000000005b A=0x7ffffffffffffb70
1494500: system.cpu: T0 : 0x1c760    : addiw a5, s10, 48          : IntAlu :  D=0x0000000000000030
1495000: system.cpu: T0 : 0x1c764    : c_sdsp a5, 88(sp)          : MemWrite :  D=0x0000000000000030 A=0x7ffffffffffffb68
1496000: system.cpu: T0 : 0x1c766    : addi a5, zero, 110         : IntAlu :  D=0x000000000000006e
1496500: system.cpu: T0 : 0x1c76a    : c_sdsp a5, 112(sp)         : MemWrite :  D=0x000000000000006e A=0x7ffffffffffffb80
1497000: system.cpu: T0 : 0x1c76c    : addi a5, zero, 119         : IntAlu :  D=0x0000000000000077
1497500: system.cpu: T0 : 0x1c770    : c_sdsp a5, 104(sp)         : MemWrite :  D=0x0000000000000077 A=0x7ffffffffffffb78
1498500: system.cpu: T0 : 0x1c772    : addi a5, zero, 124         : IntAlu :  D=0x000000000000007c
1499000: system.cpu: T0 : 0x1c776    : c_sdsp s9, 8(sp)           : MemWrite :  D=0x0000000000000003 A=0x7ffffffffffffb18
1499500: system.cpu: T0 : 0x1c778    : c_sdsp a5, 120(sp)         : MemWrite :  D=0x000000000000007c A=0x7ffffffffffffb88
1500000: system.cpu: T0 : 0x1c77a    : c_sdsp zero, 128(sp)       : MemWrite :  D=0x0000000000000000 A=0x7ffffffffffffb90
1500500: system.cpu: T0 : 0x1c77c    : c_sdsp zero, 136(sp)       : MemWrite :  D=0x0000000000000000 A=0x7ffffffffffffb98
1501500: system.cpu: T0 : 0x1c77e    : ld a5, 40(tp)              : MemRead :  D=0x0000000000072f90 A=0x72738
1502500: system.cpu: T0 : 0x1c782    : addi s6, s0, -17           : IntAlu :  D=0x000000000000001f
1503500: system.cpu: T0 : 0x1c786    : srli s6, s6, 4             : IntAlu :  D=0x0000000000000001
1504000: system.cpu: T0 : 0x1c78a    : c_li s5, 0                 : IntAlu :  D=0x0000000000000000
1504500: system.cpu: T0 : 0x1c78c    : c_beqz a5, 22              : IntAlu : 
1505500: system.cpu: T0 : 0x1c78e    : lui a5, 111                : IntAlu :  D=0x000000000006f000
1506500: system.cpu: T0 : 0x1c792    : ld s5, 1448(a5)            : MemRead :  D=0x0000000000000040 A=0x6f5a8
1507500: system.cpu: T0 : 0x1c796    : sltu s5, s6, s5            : IntAlu :  D=0x0000000000000001
1508500: system.cpu: T0 : 0x1c79a    : sub s5, zero, s5           : IntAlu :  D=0xffffffffffffffff
1509500: system.cpu: T0 : 0x1c79e    : and s5, s0, s5             : IntAlu :  D=0x0000000000000030
1510500: system.cpu: T0 : 0x1c7a2    : lui a5, 111                : IntAlu :  D=0x000000000006f000
1511000: system.cpu: T0 : 0x1c7a6    : c_lui s11, 1               : IntAlu :  D=0x0000000000001000
1511500: system.cpu: T0 : 0x1c7a8    : lui s7, 111                : IntAlu :  D=0x000000000006f000
1512000: system.cpu: T0 : 0x1c7ac    : addi a5, a5, 1480          : IntAlu :  D=0x000000000006f5c8
1512500: system.cpu: T0 : 0x1c7b0    : addi s8, s1, 96            : IntAlu :  D=0x000000000006f628
1513000: system.cpu: T0 : 0x1c7b4    : c_li t5, 0                 : IntAlu :  D=0x0000000000000000
1514000: system.cpu: T0 : 0x1c7b6    : addi s7, s7, 1368          : IntAlu :  D=0x000000000006f558
1515000: system.cpu: T0 : 0x1c7ba    : add a7, s1, s11            : IntAlu :  D=0x00000000000705c8
1515500: system.cpu: T0 : 0x1c7be    : c_sdsp a5, 56(sp)          : MemWrite :  D=0x000000000006f5c8 A=0x7ffffffffffffb48
1516000: system.cpu: T0 : 0x1c7c0    : c_ld a5, 120(s1)           : MemRead :  D=0x000000000006f628 A=0x6f640
1517000: system.cpu: T0 : 0x1c7c2    : beq a5, s8, 532            : IntAlu : 
1518000: system.cpu: T0 : 0x1c9d6    : addi a5, zero, 1023        : IntAlu :  D=0x00000000000003ff
1519000: system.cpu: T0 : 0x1c9da    : bgeu a5, s0, 38            : IntAlu : 
1519500: system.cpu: T0 : 0x1ca00    : c_ldsp a3, 8(sp)           : MemRead :  D=0x0000000000000003 A=0x7ffffffffffffb18
1520000: system.cpu: T0 : 0x1ca02    : c_li a0, 4                 : IntAlu :  D=0x0000000000000004
1520500: system.cpu: T0 : 0x1ca04    : addiw a5, a3, 1            : IntAlu :  D=0x0000000000000004
1521000: system.cpu: T0 : 0x1ca08    : srliw a4, a5, 5            : IntAlu :  D=0x0000000000000000
1521500: system.cpu: T0 : 0x1ca0c    : slliw a3, a3, 1            : IntAlu :  D=0x0000000000000006
1522000: system.cpu: T0 : 0x1ca10    : addi a4, a4, 536           : IntAlu :  D=0x0000000000000218
1522500: system.cpu: T0 : 0x1ca14    : c_slli a3, 32              : IntAlu :  D=0x0000000600000000
1523000: system.cpu: T0 : 0x1ca16    : c_slli a4, 2               : IntAlu :  D=0x0000000000000860
1523500: system.cpu: T0 : 0x1ca18    : c_srli a3, 32              : IntAlu :  D=0x0000000000000006
1524000: system.cpu: T0 : 0x1ca1a    : c_add a4, s1               : IntAlu :  D=0x000000000006fe28
1524500: system.cpu: T0 : 0x1ca1c    : c_slli a3, 3               : IntAlu :  D=0x0000000000000030
1525000: system.cpu: T0 : 0x1ca1e    : c_lw a2, 0(a4)             : MemRead :  D=0x0000000000000000 A=0x6fe28
1525500: system.cpu: T0 : 0x1ca20    : addi a3, a3, 96            : IntAlu :  D=0x0000000000000090
1526000: system.cpu: T0 : 0x1ca24    : c_li a4, 1                 : IntAlu :  D=0x0000000000000001
1527000: system.cpu: T0 : 0x1ca26    : srliw s2, a5, 5            : IntAlu :  D=0x0000000000000000
1527500: system.cpu: T0 : 0x1ca2a    : c_add a3, s1               : IntAlu :  D=0x000000000006f658
1528000: system.cpu: T0 : 0x1ca2c    : sllw a5, a4, a5            : IntAlu :  D=0x0000000000000010
1528500: system.cpu: T0 : 0x1ca30    : bltu a2, a5, 144           : IntAlu : 
1529000: system.cpu: T0 : 0x1cac0    : addiw a5, s2, 1            : IntAlu :  D=0x0000000000000001
1529500: system.cpu: T0 : 0x1cac4    : addiw s2, a5, 0            : IntAlu :  D=0x0000000000000001
1530000: system.cpu: T0 : 0x1cac8    : bne s2, a0, -26            : IntAlu : 
1530500: system.cpu: T0 : 0x1caae    : c_slli a5, 32              : IntAlu :  D=0x0000000100000000
1531000: system.cpu: T0 : 0x1cab0    : c_srli a5, 32              : IntAlu :  D=0x0000000000000001
1532000: system.cpu: T0 : 0x1cab2    : addi a5, a5, 536           : IntAlu :  D=0x0000000000000219
1532500: system.cpu: T0 : 0x1cab6    : c_slli a5, 2               : IntAlu :  D=0x0000000000000864
1533000: system.cpu: T0 : 0x1cab8    : c_add a5, s1               : IntAlu :  D=0x000000000006fe2c
1533500: system.cpu: T0 : 0x1caba    : c_lw a2, 0(a5)             : MemRead :  D=0x0000000000000000 A=0x6fe2c
1534000: system.cpu: T0 : 0x1cabc    : bne a2, zero, 384          : IntAlu : 
1534500: system.cpu: T0 : 0x1cac0    : addiw a5, s2, 1            : IntAlu :  D=0x0000000000000002
1535000: system.cpu: T0 : 0x1cac4    : addiw s2, a5, 0            : IntAlu :  D=0x0000000000000002
1535500: system.cpu: T0 : 0x1cac8    : bne s2, a0, -26            : IntAlu : 
1536000: system.cpu: T0 : 0x1caae    : c_slli a5, 32              : IntAlu :  D=0x0000000200000000
1536500: system.cpu: T0 : 0x1cab0    : c_srli a5, 32              : IntAlu :  D=0x0000000000000002
1537500: system.cpu: T0 : 0x1cab2    : addi a5, a5, 536           : IntAlu :  D=0x000000000000021a
1538000: system.cpu: T0 : 0x1cab6    : c_slli a5, 2               : IntAlu :  D=0x0000000000000868
1538500: system.cpu: T0 : 0x1cab8    : c_add a5, s1               : IntAlu :  D=0x000000000006fe30
1539000: system.cpu: T0 : 0x1caba    : c_lw a2, 0(a5)             : MemRead :  D=0x0000000000000000 A=0x6fe30
1539500: system.cpu: T0 : 0x1cabc    : bne a2, zero, 384          : IntAlu : 
1540000: system.cpu: T0 : 0x1cac0    : addiw a5, s2, 1            : IntAlu :  D=0x0000000000000003
1540500: system.cpu: T0 : 0x1cac4    : addiw s2, a5, 0            : IntAlu :  D=0x0000000000000003
1541000: system.cpu: T0 : 0x1cac8    : bne s2, a0, -26            : IntAlu : 
1541500: system.cpu: T0 : 0x1caae    : c_slli a5, 32              : IntAlu :  D=0x0000000300000000
1542000: system.cpu: T0 : 0x1cab0    : c_srli a5, 32              : IntAlu :  D=0x0000000000000003
1543000: system.cpu: T0 : 0x1cab2    : addi a5, a5, 536           : IntAlu :  D=0x000000000000021b
1543500: system.cpu: T0 : 0x1cab6    : c_slli a5, 2               : IntAlu :  D=0x000000000000086c
1544000: system.cpu: T0 : 0x1cab8    : c_add a5, s1               : IntAlu :  D=0x000000000006fe34
1544500: system.cpu: T0 : 0x1caba    : c_lw a2, 0(a5)             : MemRead :  D=0x0000000000000000 A=0x6fe34
1545000: system.cpu: T0 : 0x1cabc    : bne a2, zero, 384          : IntAlu : 
1545500: system.cpu: T0 : 0x1cac0    : addiw a5, s2, 1            : IntAlu :  D=0x0000000000000004
1546000: system.cpu: T0 : 0x1cac4    : addiw s2, a5, 0            : IntAlu :  D=0x0000000000000004
1546500: system.cpu: T0 : 0x1cac8    : bne s2, a0, -26            : IntAlu : 
1547000: system.cpu: T0 : 0x1cacc    : c_ld a4, 96(s1)            : MemRead :  D=0x0000000000073210 A=0x6f628
1548000: system.cpu: T0 : 0x1cace    : ld a3, -1912(a7)           : MemRead :  D=0x0000000000021080 A=0x6fe50
1548500: system.cpu: T0 : 0x1cad2    : c_ld a5, 8(a4)             : MemRead :  D=0x0000000000020df1 A=0x73218
1549000: system.cpu: T0 : 0x1cad4    : c_andi a5, 18446744073709551608 : IntAlu :  D=0x0000000000020df0
1550000: system.cpu: T0 : 0x1cad6    : bltu a3, a5, 548           : IntAlu : 
1551000: system.cpu: T0 : 0x1cada    : addi a3, s0, 32            : IntAlu :  D=0x0000000000000050
1552000: system.cpu: T0 : 0x1cade    : bgeu a5, a3, 640           : IntAlu : 
1553000: system.cpu: T0 : 0x1cd5e    : add a0, a4, s0             : IntAlu :  D=0x0000000000073240
1554000: system.cpu: T0 : 0x1cd62    : lui a2, 111                : IntAlu :  D=0x000000000006f000
1554500: system.cpu: T0 : 0x1cd66    : c_sd a0, 96(s1)            : MemWrite :  D=0x0000000000073240 A=0x6f628
1555000: system.cpu: T0 : 0x1cd68    : addi a2, a2, 1480          : IntAlu :  D=0x000000000006f5c8
1555500: system.cpu: T0 : 0x1cd6c    : c_sub a5, s0               : IntAlu :  D=0x0000000000020dc0
1556000: system.cpu: T0 : 0x1cd6e    : c_li a3, 4                 : IntAlu :  D=0x0000000000000004
1556500: system.cpu: T0 : 0x1cd70    : beq s1, a2, 116            : IntAlu : 
1557000: system.cpu: T0 : 0x1cde4    : c_li a3, 0                 : IntAlu :  D=0x0000000000000000
1557500: system.cpu: T0 : 0x1cde6    : c_j -114                   : IntAlu : 
1558000: system.cpu: T0 : 0x1cd74    : c_or a3, s0                : IntAlu :  D=0x0000000000000030
1559000: system.cpu: T0 : 0x1cd76    : ori a3, a3, 1              : IntAlu :  D=0x0000000000000031
1560000: system.cpu: T0 : 0x1cd7a    : lw a1, -1396(gp)           : MemRead :  D=0x0000000000000000 A=0x70ab4
1560500: system.cpu: T0 : 0x1cd7e    : c_sd a3, 8(a4)             : MemWrite :  D=0x0000000000000031 A=0x73218
1561000: system.cpu: T0 : 0x1cd80    : ori a5, a5, 1              : IntAlu :  D=0x0000000000020dc1
1561500: system.cpu: T0 : 0x1cd84    : c_sd a5, 8(a0)             : MemWrite :  D=0x0000000000020dc1 A=0x73248
1562500: system.cpu: T0 : 0x1cd86    : addi s2, a4, 16            : IntAlu :  D=0x0000000000073220
1563500: system.cpu: T0 : 0x1cd8a    : beq a1, zero, -1664        : IntAlu : 
1564000: system.cpu: T0 : 0x1c70a    : c_ldsp ra, 248(sp)         : MemRead :  D=0x000000000001d888 A=0x7ffffffffffffc08
1564500: system.cpu: T0 : 0x1c70c    : c_ldsp s0, 240(sp)         : MemRead :  D=0x0000000000000024 A=0x7ffffffffffffc00
1565000: system.cpu: T0 : 0x1c70e    : c_ldsp s1, 232(sp)         : MemRead :  D=0x000000000006f000 A=0x7ffffffffffffbf8
1565500: system.cpu: T0 : 0x1c710    : c_ldsp s3, 216(sp)         : MemRead :  D=0x0000000000000000 A=0x7ffffffffffffbe8
1566000: system.cpu: T0 : 0x1c712    : c_ldsp s4, 208(sp)         : MemRead :  D=0x0000000000000000 A=0x7ffffffffffffbe0
1566500: system.cpu: T0 : 0x1c714    : c_ldsp s5, 200(sp)         : MemRead :  D=0x0000000000000000 A=0x7ffffffffffffbd8
1567000: system.cpu: T0 : 0x1c716    : c_ldsp s6, 192(sp)         : MemRead :  D=0x0000000000072000 A=0x7ffffffffffffbd0
1567500: system.cpu: T0 : 0x1c718    : c_ldsp s7, 184(sp)         : MemRead :  D=0x0000000000000000 A=0x7ffffffffffffbc8
1568000: system.cpu: T0 : 0x1c71a    : c_ldsp s8, 176(sp)         : MemRead :  D=0x0000000000000000 A=0x7ffffffffffffbc0
1568500: system.cpu: T0 : 0x1c71c    : c_ldsp s9, 168(sp)         : MemRead :  D=0x0000000000000003 A=0x7ffffffffffffbb8
1569000: system.cpu: T0 : 0x1c71e    : c_ldsp s10, 160(sp)        : MemRead :  D=0x0000000000000000 A=0x7ffffffffffffbb0
1569500: system.cpu: T0 : 0x1c720    : c_ldsp s11, 152(sp)        : MemRead :  D=0x0000000000000000 A=0x7ffffffffffffba8
1570000: system.cpu: T0 : 0x1c722    : c_mv a0, s2                : IntAlu :  D=0x0000000000073220
1570500: system.cpu: T0 : 0x1c724    : c_ldsp s2, 224(sp)         : MemRead :  D=0x0000000000000002 A=0x7ffffffffffffbf0
1571000: system.cpu: T0 : 0x1c726    : c_addi16sp sp, 256         : IntAlu :  D=0x7ffffffffffffc10
1571500: system.cpu: T0 : 0x1c728    : c_jr ra                    : IntAlu : 
1572000: system.cpu: T0 : 0x1d888    : c_mv a5, a0                : IntAlu :  D=0x0000000000073220
1572500: system.cpu: T0 : 0x1d88a    : c_beqz a0, 150             : IntAlu : 
1573000: system.cpu: T0 : 0x1d88c    : ld a4, -8(a0)              : MemRead :  D=0x0000000000000031 A=0x73218
1573500: system.cpu: T0 : 0x1d890    : andi a3, a4, 2             : IntAlu :  D=0x0000000000000000
1574000: system.cpu: T0 : 0x1d894    : c_bnez a3, 26              : IntAlu : 
1574500: system.cpu: T0 : 0x1d896    : c_andi a4, 4               : IntAlu :  D=0x0000000000000000
1575000: system.cpu: T0 : 0x1d898    : c_beqz a4, 22              : IntAlu : 
1575500: system.cpu: T0 : 0x1d8ae    : c_ldsp ra, 24(sp)          : MemRead :  D=0x000000000003d912 A=0x7ffffffffffffc28
1576000: system.cpu: T0 : 0x1d8b0    : c_ldsp s0, 16(sp)          : MemRead :  D=0x7ffffffffffffd00 A=0x7ffffffffffffc20
1576500: system.cpu: T0 : 0x1d8b2    : c_ldsp s1, 8(sp)           : MemRead :  D=0x7ffffffffffffc30 A=0x7ffffffffffffc18
1577000: system.cpu: T0 : 0x1d8b4    : c_ldsp s2, 0(sp)           : MemRead :  D=0x0000000000000002 A=0x7ffffffffffffc10
1577500: system.cpu: T0 : 0x1d8b6    : c_mv a0, a5                : IntAlu :  D=0x0000000000073220
1578000: system.cpu: T0 : 0x1d8b8    : c_addi16sp sp, 32          : IntAlu :  D=0x7ffffffffffffc30
1578500: system.cpu: T0 : 0x1d8ba    : c_jr ra                    : IntAlu : 
1579000: system.cpu: T0 : 0x3d912    : c_mv s6, a0                : IntAlu :  D=0x0000000000073220
1579500: system.cpu: T0 : 0x3d914    : addi a5, s9, 1             : IntAlu :  D=0x0000000000000004
1580000: system.cpu: T0 : 0x3d918    : c_bnez a0, 64              : IntAlu : 
1580500: system.cpu: T0 : 0x3d958    : c_ld a1, 0(s1)             : MemRead :  D=0x0000000000061cf0 A=0x7ffffffffffffc30
1581500: system.cpu: T0 : 0x3d95a    : addi a0, a0, 32            : IntAlu :  D=0x0000000000073240
1582500: system.cpu: T0 : 0x3d95e    : sd a5, 8(s6)               : MemWrite :  D=0x0000000000000004 A=0x73228
1583500: system.cpu: T0 : 0x3d962    : sd a0, 0(s6)               : MemWrite :  D=0x0000000000073240 A=0x73220
1584500: system.cpu: T0 : 0x3d966    : sd a0, 16(s6)              : MemWrite :  D=0x0000000000073240 A=0x73230
1585500: system.cpu: T0 : 0x3d96a    : sd zero, 24(s6)            : MemWrite :  D=0x0000000000000000 A=0x73238
1586000: system.cpu: T0 : 0x3d96e    : c_mv a2, s9                : IntAlu :  D=0x0000000000000003
1586500: system.cpu: T0 : 0x3d970    : jal ra, -123064            : IntAlu :  D=0x000000000003d974
1587000: system.cpu: T0 : 0x1f8b8    : c_addi sp, -16             : IntAlu :  D=0x7ffffffffffffc20
1587500: system.cpu: T0 : 0x1f8ba    : c_sdsp s0, 0(sp)           : MemWrite :  D=0x7ffffffffffffd00 A=0x7ffffffffffffc20
1588000: system.cpu: T0 : 0x1f8bc    : c_sdsp ra, 8(sp)           : MemWrite :  D=0x000000000003d974 A=0x7ffffffffffffc28
1588500: system.cpu: T0 : 0x1f8be    : c_mv s0, a2                : IntAlu :  D=0x0000000000000003
1589000: system.cpu: T0 : 0x1f8c0    : jal ra, 112                : IntAlu :  D=0x000000000001f8c4
1589500: system.cpu: T0 : 0x1f930    : c_addi16sp sp, -48         : IntAlu :  D=0x7ffffffffffffbf0
1590000: system.cpu: T0 : 0x1f932    : c_sdsp s0, 32(sp)          : MemWrite :  D=0x0000000000000003 A=0x7ffffffffffffc10
1590500: system.cpu: T0 : 0x1f934    : c_sdsp s2, 16(sp)          : MemWrite :  D=0x0000000000000002 A=0x7ffffffffffffc00
1591000: system.cpu: T0 : 0x1f936    : c_sdsp ra, 40(sp)          : MemWrite :  D=0x000000000001f8c4 A=0x7ffffffffffffc18
1591500: system.cpu: T0 : 0x1f938    : c_sdsp s1, 24(sp)          : MemWrite :  D=0x7ffffffffffffc30 A=0x7ffffffffffffc08
1592000: system.cpu: T0 : 0x1f93a    : c_sdsp s3, 8(sp)           : MemWrite :  D=0x0000000000000000 A=0x7ffffffffffffbf8
1592500: system.cpu: T0 : 0x1f93c    : c_li a5, 15                : IntAlu :  D=0x000000000000000f
1593000: system.cpu: T0 : 0x1f93e    : c_mv s2, a0                : IntAlu :  D=0x0000000000073240
1593500: system.cpu: T0 : 0x1f940    : c_mv a4, a0                : IntAlu :  D=0x0000000000073240
1594000: system.cpu: T0 : 0x1f942    : c_mv s0, a1                : IntAlu :  D=0x0000000000061cf0
1594500: system.cpu: T0 : 0x1f944    : bgeu a5, a2, 72            : IntAlu : 
1595000: system.cpu: T0 : 0x1f98c    : c_addi a4, -1              : IntAlu :  D=0x000000000007323f
1595500: system.cpu: T0 : 0x1f98e    : c_mv a5, s0                : IntAlu :  D=0x0000000000061cf0
1596000: system.cpu: T0 : 0x1f990    : add a1, a2, s0             : IntAlu :  D=0x0000000000061cf3
1596500: system.cpu: T0 : 0x1f994    : c_sub a4, s0               : IntAlu :  D=0x000000000001154f
1597000: system.cpu: T0 : 0x1f996    : c_beqz a2, 20              : IntAlu : 
1597500: system.cpu: T0 : 0x1f998    : lbu a2, 0(a5)              : MemRead :  D=0x0000000000000074 A=0x61cf0
1598000: system.cpu: T0 : 0x1f99c    : c_addi a5, 1               : IntAlu :  D=0x0000000000061cf1
1599000: system.cpu: T0 : 0x1f99e    : add a3, a4, a5             : IntAlu :  D=0x0000000000073240
1600000: system.cpu: T0 : 0x1f9a2    : sb a2, 0(a3)               : MemWrite :  D=0x0000000000000074 A=0x73240
1601000: system.cpu: T0 : 0x1f9a6    : bne a1, a5, -14            : IntAlu : 
1601500: system.cpu: T0 : 0x1f998    : lbu a2, 0(a5)              : MemRead :  D=0x000000000000006c A=0x61cf1
1602000: system.cpu: T0 : 0x1f99c    : c_addi a5, 1               : IntAlu :  D=0x0000000000061cf2
1603000: system.cpu: T0 : 0x1f99e    : add a3, a4, a5             : IntAlu :  D=0x0000000000073241
1604000: system.cpu: T0 : 0x1f9a2    : sb a2, 0(a3)               : MemWrite :  D=0x000000000000006c A=0x73241
1605000: system.cpu: T0 : 0x1f9a6    : bne a1, a5, -14            : IntAlu : 
1605500: system.cpu: T0 : 0x1f998    : lbu a2, 0(a5)              : MemRead :  D=0x0000000000000073 A=0x61cf2
1606000: system.cpu: T0 : 0x1f99c    : c_addi a5, 1               : IntAlu :  D=0x0000000000061cf3
1607000: system.cpu: T0 : 0x1f99e    : add a3, a4, a5             : IntAlu :  D=0x0000000000073242
1608000: system.cpu: T0 : 0x1f9a2    : sb a2, 0(a3)               : MemWrite :  D=0x0000000000000073 A=0x73242
1609000: system.cpu: T0 : 0x1f9a6    : bne a1, a5, -14            : IntAlu : 
1609500: system.cpu: T0 : 0x1f9aa    : c_ldsp ra, 40(sp)          : MemRead :  D=0x000000000001f8c4 A=0x7ffffffffffffc18
1610000: system.cpu: T0 : 0x1f9ac    : c_ldsp s0, 32(sp)          : MemRead :  D=0x0000000000000003 A=0x7ffffffffffffc10
1610500: system.cpu: T0 : 0x1f9ae    : c_ldsp s1, 24(sp)          : MemRead :  D=0x7ffffffffffffc30 A=0x7ffffffffffffc08
1611000: system.cpu: T0 : 0x1f9b0    : c_ldsp s3, 8(sp)           : MemRead :  D=0x0000000000000000 A=0x7ffffffffffffbf8
1611500: system.cpu: T0 : 0x1f9b2    : c_mv a0, s2                : IntAlu :  D=0x0000000000073240
1612000: system.cpu: T0 : 0x1f9b4    : c_ldsp s2, 16(sp)          : MemRead :  D=0x0000000000000002 A=0x7ffffffffffffc00
1612500: system.cpu: T0 : 0x1f9b6    : c_addi16sp sp, 48          : IntAlu :  D=0x7ffffffffffffc20
1613000: system.cpu: T0 : 0x1f9b8    : c_jr ra                    : IntAlu : 
1613500: system.cpu: T0 : 0x1f8c4    : c_ldsp ra, 8(sp)           : MemRead :  D=0x000000000003d974 A=0x7ffffffffffffc28
1614000: system.cpu: T0 : 0x1f8c6    : c_add a0, s0               : IntAlu :  D=0x0000000000073243
1614500: system.cpu: T0 : 0x1f8c8    : c_ldsp s0, 0(sp)           : MemRead :  D=0x7ffffffffffffd00 A=0x7ffffffffffffc20
1615000: system.cpu: T0 : 0x1f8ca    : c_addi sp, 16              : IntAlu :  D=0x7ffffffffffffc30
1615500: system.cpu: T0 : 0x1f8cc    : c_jr ra                    : IntAlu : 
1616000: system.cpu: T0 : 0x3d974    : ld a4, -136(s0)            : MemRead :  D=0x000000000006efd0 A=0x7ffffffffffffc78
1616500: system.cpu: T0 : 0x3d978    : addi a5, zero, 47          : IntAlu :  D=0x000000000000002f
1617000: system.cpu: T0 : 0x3d97c    : sb a5, 0(a0)               : MemWrite :  D=0x000000000000002f A=0x73243
1617500: system.cpu: T0 : 0x3d980    : sd s2, 0(a4)               : MemWrite :  D=0x0000000000000002 A=0x6efd0
1618000: system.cpu: T0 : 0x3d984    : ld a5, 8(s6)               : MemRead :  D=0x0000000000000004 A=0x73228
1618500: system.cpu: T0 : 0x3d988    : ld a4, -160(s0)            : MemRead :  D=0x000000000006efc8 A=0x7ffffffffffffc60
1619000: system.cpu: T0 : 0x3d98c    : c_sd a5, 0(a4)             : MemWrite :  D=0x0000000000000004 A=0x6efc8
1619500: system.cpu: T0 : 0x3d98e    : c_j -178                   : IntAlu : 
1620000: system.cpu: T0 : 0x3d8dc    : addi sp, s0, -192          : IntAlu :  D=0x7ffffffffffffc40
1620500: system.cpu: T0 : 0x3d8e0    : c_ldsp ra, 184(sp)         : MemRead :  D=0x000000000003ae4c A=0x7ffffffffffffcf8
1621000: system.cpu: T0 : 0x3d8e2    : c_mv a0, s6                : IntAlu :  D=0x0000000000073220
1621500: system.cpu: T0 : 0x3d8e4    : c_ldsp s0, 176(sp)         : MemRead :  D=0x7ffffffffffffd40 A=0x7ffffffffffffcf0
1622000: system.cpu: T0 : 0x3d8e6    : c_ldsp s1, 168(sp)         : MemRead :  D=0x000000000006fe60 A=0x7ffffffffffffce8
1622500: system.cpu: T0 : 0x3d8e8    : c_ldsp s2, 160(sp)         : MemRead :  D=0x0000000000000000 A=0x7ffffffffffffce0
1623000: system.cpu: T0 : 0x3d8ea    : c_ldsp s3, 152(sp)         : MemRead :  D=0x000000000006efc0 A=0x7ffffffffffffcd8
1623500: system.cpu: T0 : 0x3d8ec    : c_ldsp s4, 144(sp)         : MemRead :  D=0x0000000000070000 A=0x7ffffffffffffcd0
1624000: system.cpu: T0 : 0x3d8ee    : c_ldsp s5, 136(sp)         : MemRead :  D=0x0000000000072000 A=0x7ffffffffffffcc8
1624500: system.cpu: T0 : 0x3d8f0    : c_ldsp s6, 128(sp)         : MemRead :  D=0x0000000000072000 A=0x7ffffffffffffcc0
1625000: system.cpu: T0 : 0x3d8f2    : c_ldsp s7, 120(sp)         : MemRead :  D=0x0000000000000000 A=0x7ffffffffffffcb8
1625500: system.cpu: T0 : 0x3d8f4    : c_ldsp s8, 112(sp)         : MemRead :  D=0x0000000000000000 A=0x7ffffffffffffcb0
1626000: system.cpu: T0 : 0x3d8f6    : c_ldsp s9, 104(sp)         : MemRead :  D=0x0000000000000000 A=0x7ffffffffffffca8
1626500: system.cpu: T0 : 0x3d8f8    : c_ldsp s10, 96(sp)         : MemRead :  D=0x0000000000000000 A=0x7ffffffffffffca0
1627000: system.cpu: T0 : 0x3d8fa    : c_ldsp s11, 88(sp)         : MemRead :  D=0x0000000000000000 A=0x7ffffffffffffc98
1627500: system.cpu: T0 : 0x3d8fc    : c_addi16sp sp, 192         : IntAlu :  D=0x7ffffffffffffd00
1628000: system.cpu: T0 : 0x3d8fe    : c_jr ra                    : IntAlu : 
1628500: system.cpu: T0 : 0x3ae4c    : c_mv a5, a0                : IntAlu :  D=0x0000000000073220
1629500: system.cpu: T0 : 0x3ae4e    : addi a0, zero, 40          : IntAlu :  D=0x0000000000000028
1630500: system.cpu: T0 : 0x3ae52    : sd a5, 24(s3)              : MemWrite :  D=0x0000000000073220 A=0x6efd8
1631500: system.cpu: T0 : 0x3ae56    : jal ra, -120344            : IntAlu :  D=0x000000000003ae5a
1632500: system.cpu: T0 : 0x1d83e    : ld t1, -1848(gp)           : MemRead :  D=0x0000000000000000 A=0x708f0
1633500: system.cpu: T0 : 0x1d842    : bne t1, zero, 260          : IntAlu : 
1634000: system.cpu: T0 : 0x1d846    : c_addi sp, -32             : IntAlu :  D=0x7ffffffffffffce0
1634500: system.cpu: T0 : 0x1d848    : c_sdsp s0, 16(sp)          : MemWrite :  D=0x7ffffffffffffd40 A=0x7ffffffffffffcf0
1635000: system.cpu: T0 : 0x1d84a    : c_sdsp ra, 24(sp)          : MemWrite :  D=0x000000000003ae5a A=0x7ffffffffffffcf8
1635500: system.cpu: T0 : 0x1d84c    : c_sdsp s1, 8(sp)           : MemWrite :  D=0x000000000006fe60 A=0x7ffffffffffffce8
1636000: system.cpu: T0 : 0x1d84e    : c_sdsp s2, 0(sp)           : MemWrite :  D=0x0000000000000000 A=0x7ffffffffffffce0
1636500: system.cpu: T0 : 0x1d850    : c_mv s0, a0                : IntAlu :  D=0x0000000000000028
1637500: system.cpu: T0 : 0x1d852    : blt a0, zero, 222          : IntAlu : 
1638500: system.cpu: T0 : 0x1d856    : addi a5, a0, 23            : IntAlu :  D=0x000000000000003f
1639000: system.cpu: T0 : 0x1d85a    : c_li a4, 31                : IntAlu :  D=0x000000000000001f
1639500: system.cpu: T0 : 0x1d85c    : c_li s1, 0                 : IntAlu :  D=0x0000000000000000
1640500: system.cpu: T0 : 0x1d85e    : bltu a4, a5, 94            : IntAlu : 
1641000: system.cpu: T0 : 0x1d8bc    : c_andi a5, 18446744073709551600 : IntAlu :  D=0x0000000000000030
1641500: system.cpu: T0 : 0x1d8be    : c_addi a5, -17             : IntAlu :  D=0x000000000000001f
1642000: system.cpu: T0 : 0x1d8c0    : srli s1, a5, 4             : IntAlu :  D=0x0000000000000001
1642500: system.cpu: T0 : 0x1d8c4    : c_j -98                    : IntAlu : 
1643500: system.cpu: T0 : 0x1d862    : ld a4, 40(tp)              : MemRead :  D=0x0000000000072f90 A=0x72738
1644000: system.cpu: T0 : 0x1d866    : c_beqz a4, 96              : IntAlu : 
1644500: system.cpu: T0 : 0x1d868    : lui a5, 111                : IntAlu :  D=0x000000000006f000
1645000: system.cpu: T0 : 0x1d86c    : ld a5, 1448(a5)            : MemRead :  D=0x0000000000000040 A=0x6f5a8
1645500: system.cpu: T0 : 0x1d870    : bltu s1, a5, 114           : IntAlu : 
1646500: system.cpu: T0 : 0x1d8e2    : slli a3, s1, 1             : IntAlu :  D=0x0000000000000002
1647000: system.cpu: T0 : 0x1d8e6    : c_add a3, a4               : IntAlu :  D=0x0000000000072f92
1647500: system.cpu: T0 : 0x1d8e8    : lhu a2, 0(a3)              : MemRead :  D=0x0000000000000000 A=0x72f92
1648000: system.cpu: T0 : 0x1d8ec    : c_beqz a2, -120            : IntAlu : 
1648500: system.cpu: T0 : 0x1d874    : lw a5, -1808(tp)           : MemRead :  D=0x0000000000000000 A=0x72000
1649000: system.cpu: T0 : 0x1d878    : c_bnez a5, 210             : IntAlu : 
1650000: system.cpu: T0 : 0x1d87a    : lui s1, 111                : IntAlu :  D=0x000000000006f000
1650500: system.cpu: T0 : 0x1d87e    : c_mv a1, s0                : IntAlu :  D=0x0000000000000028
1651000: system.cpu: T0 : 0x1d880    : addi a0, s1, 1480          : IntAlu :  D=0x000000000006f5c8
1651500: system.cpu: T0 : 0x1d884    : jal ra, -5228              : IntAlu :  D=0x000000000001d888
1652000: system.cpu: T0 : 0x1c418    : c_addi16sp sp, -256        : IntAlu :  D=0x7ffffffffffffbe0
1652500: system.cpu: T0 : 0x1c41a    : c_sdsp ra, 248(sp)         : MemWrite :  D=0x000000000001d888 A=0x7ffffffffffffcd8
1653000: system.cpu: T0 : 0x1c41c    : c_sdsp s0, 240(sp)         : MemWrite :  D=0x0000000000000028 A=0x7ffffffffffffcd0
1653500: system.cpu: T0 : 0x1c41e    : c_sdsp s1, 232(sp)         : MemWrite :  D=0x000000000006f000 A=0x7ffffffffffffcc8
1654000: system.cpu: T0 : 0x1c420    : c_sdsp s2, 224(sp)         : MemWrite :  D=0x0000000000000000 A=0x7ffffffffffffcc0
1654500: system.cpu: T0 : 0x1c422    : c_sdsp s3, 216(sp)         : MemWrite :  D=0x000000000006efc0 A=0x7ffffffffffffcb8
1655000: system.cpu: T0 : 0x1c424    : c_sdsp s4, 208(sp)         : MemWrite :  D=0x0000000000070000 A=0x7ffffffffffffcb0
1655500: system.cpu: T0 : 0x1c426    : c_sdsp s5, 200(sp)         : MemWrite :  D=0x0000000000072000 A=0x7ffffffffffffca8
1656000: system.cpu: T0 : 0x1c428    : c_sdsp s6, 192(sp)         : MemWrite :  D=0x0000000000072000 A=0x7ffffffffffffca0
1656500: system.cpu: T0 : 0x1c42a    : c_sdsp s7, 184(sp)         : MemWrite :  D=0x0000000000000000 A=0x7ffffffffffffc98
1657000: system.cpu: T0 : 0x1c42c    : c_sdsp s8, 176(sp)         : MemWrite :  D=0x0000000000000000 A=0x7ffffffffffffc90
1657500: system.cpu: T0 : 0x1c42e    : c_sdsp s9, 168(sp)         : MemWrite :  D=0x0000000000000000 A=0x7ffffffffffffc88
1658000: system.cpu: T0 : 0x1c430    : c_sdsp s10, 160(sp)        : MemWrite :  D=0x0000000000000000 A=0x7ffffffffffffc80
1658500: system.cpu: T0 : 0x1c432    : c_sdsp s11, 152(sp)        : MemWrite :  D=0x0000000000000000 A=0x7ffffffffffffc78
1659000: system.cpu: T0 : 0x1c434    : blt a1, zero, 1198         : IntAlu : 
1659500: system.cpu: T0 : 0x1c438    : addi s0, a1, 23            : IntAlu :  D=0x000000000000003f
1660000: system.cpu: T0 : 0x1c43c    : c_li a5, 31                : IntAlu :  D=0x000000000000001f
1660500: system.cpu: T0 : 0x1c43e    : c_mv s3, a1                : IntAlu :  D=0x0000000000000028
1661000: system.cpu: T0 : 0x1c440    : c_mv s1, a0                : IntAlu :  D=0x000000000006f5c8
1662000: system.cpu: T0 : 0x1c442    : bltu a5, s0, 220           : IntAlu : 
1662500: system.cpu: T0 : 0x1c51e    : c_andi s0, 18446744073709551600 : IntAlu :  D=0x0000000000000030
1663000: system.cpu: T0 : 0x1c520    : beq a0, zero, 988          : IntAlu : 
1663500: system.cpu: T0 : 0x1c524    : ld a4, -1376(gp)           : MemRead :  D=0x0000000000000080 A=0x70ac8
1664000: system.cpu: T0 : 0x1c528    : srliw s9, s0, 4            : IntAlu :  D=0x0000000000000003
1664500: system.cpu: T0 : 0x1c52c    : srliw a5, s0, 4            : IntAlu :  D=0x0000000000000003
1665000: system.cpu: T0 : 0x1c530    : bgeu a4, s0, 506           : IntAlu : 
1665500: system.cpu: T0 : 0x1c72a    : c_addiw a5, -2             : IntAlu :  D=0x0000000000000001
1666000: system.cpu: T0 : 0x1c72c    : slli a2, a5, 32            : IntAlu :  D=0x0000000100000000
1666500: system.cpu: T0 : 0x1c730    : c_srli a2, 32              : IntAlu :  D=0x0000000000000001
1667000: system.cpu: T0 : 0x1c732    : c_addi a2, 2               : IntAlu :  D=0x0000000000000003
1667500: system.cpu: T0 : 0x1c734    : c_slli a2, 3               : IntAlu :  D=0x0000000000000018
1668000: system.cpu: T0 : 0x1c736    : c_j -376                   : IntAlu : 
1668500: system.cpu: T0 : 0x1c5be    : c_slli a5, 32              : IntAlu :  D=0x0000000100000000
1669000: system.cpu: T0 : 0x1c5c0    : c_srli a5, 29              : IntAlu :  D=0x0000000000000008
1669500: system.cpu: T0 : 0x1c5c2    : c_add a5, s1               : IntAlu :  D=0x000000000006f5d0
1670000: system.cpu: T0 : 0x1c5c4    : ld s2, 16(a5)              : MemRead :  D=0x0000000000000000 A=0x6f5e0
1670500: system.cpu: T0 : 0x1c5c8    : beq s2, zero, 170          : IntAlu : 
1671500: system.cpu: T0 : 0x1c672    : addiw a5, s9, -1           : IntAlu :  D=0x0000000000000002
1672500: system.cpu: T0 : 0x1c676    : slliw a5, a5, 1            : IntAlu :  D=0x0000000000000004
1673000: system.cpu: T0 : 0x1c67a    : c_slli a5, 32              : IntAlu :  D=0x0000000400000000
1673500: system.cpu: T0 : 0x1c67c    : c_srli a5, 32              : IntAlu :  D=0x0000000000000004
1674000: system.cpu: T0 : 0x1c67e    : c_addi a5, 14              : IntAlu :  D=0x0000000000000012
1674500: system.cpu: T0 : 0x1c680    : c_slli a5, 3               : IntAlu :  D=0x0000000000000090
1675000: system.cpu: T0 : 0x1c682    : c_j -550                   : IntAlu : 
1675500: system.cpu: T0 : 0x1c45c    : c_add a5, s1               : IntAlu :  D=0x000000000006f658
1676500: system.cpu: T0 : 0x1c45e    : ld s2, 8(a5)               : MemRead :  D=0x000000000006f648 A=0x6f660
1677500: system.cpu: T0 : 0x1c462    : addi a3, a5, -16           : IntAlu :  D=0x000000000006f648
1678500: system.cpu: T0 : 0x1c466    : beq a3, s2, 748            : IntAlu : 
1679500: system.cpu: T0 : 0x1c752    : srli t1, s0, 9             : IntAlu :  D=0x0000000000000000
1680500: system.cpu: T0 : 0x1c756    : addiw a5, t1, 91           : IntAlu :  D=0x000000000000005b
1681500: system.cpu: T0 : 0x1c75a    : srli s10, s0, 6            : IntAlu :  D=0x0000000000000000
1682000: system.cpu: T0 : 0x1c75e    : c_sdsp a5, 96(sp)          : MemWrite :  D=0x000000000000005b A=0x7ffffffffffffc40
1682500: system.cpu: T0 : 0x1c760    : addiw a5, s10, 48          : IntAlu :  D=0x0000000000000030
1683000: system.cpu: T0 : 0x1c764    : c_sdsp a5, 88(sp)          : MemWrite :  D=0x0000000000000030 A=0x7ffffffffffffc38
1684000: system.cpu: T0 : 0x1c766    : addi a5, zero, 110         : IntAlu :  D=0x000000000000006e
1684500: system.cpu: T0 : 0x1c76a    : c_sdsp a5, 112(sp)         : MemWrite :  D=0x000000000000006e A=0x7ffffffffffffc50
1685000: system.cpu: T0 : 0x1c76c    : addi a5, zero, 119         : IntAlu :  D=0x0000000000000077
1685500: system.cpu: T0 : 0x1c770    : c_sdsp a5, 104(sp)         : MemWrite :  D=0x0000000000000077 A=0x7ffffffffffffc48
1686500: system.cpu: T0 : 0x1c772    : addi a5, zero, 124         : IntAlu :  D=0x000000000000007c
1687000: system.cpu: T0 : 0x1c776    : c_sdsp s9, 8(sp)           : MemWrite :  D=0x0000000000000003 A=0x7ffffffffffffbe8
1687500: system.cpu: T0 : 0x1c778    : c_sdsp a5, 120(sp)         : MemWrite :  D=0x000000000000007c A=0x7ffffffffffffc58
1688000: system.cpu: T0 : 0x1c77a    : c_sdsp zero, 128(sp)       : MemWrite :  D=0x0000000000000000 A=0x7ffffffffffffc60
1688500: system.cpu: T0 : 0x1c77c    : c_sdsp zero, 136(sp)       : MemWrite :  D=0x0000000000000000 A=0x7ffffffffffffc68
1689500: system.cpu: T0 : 0x1c77e    : ld a5, 40(tp)              : MemRead :  D=0x0000000000072f90 A=0x72738
1690500: system.cpu: T0 : 0x1c782    : addi s6, s0, -17           : IntAlu :  D=0x000000000000001f
1691500: system.cpu: T0 : 0x1c786    : srli s6, s6, 4             : IntAlu :  D=0x0000000000000001
1692000: system.cpu: T0 : 0x1c78a    : c_li s5, 0                 : IntAlu :  D=0x0000000000000000
1692500: system.cpu: T0 : 0x1c78c    : c_beqz a5, 22              : IntAlu : 
1693500: system.cpu: T0 : 0x1c78e    : lui a5, 111                : IntAlu :  D=0x000000000006f000
1694500: system.cpu: T0 : 0x1c792    : ld s5, 1448(a5)            : MemRead :  D=0x0000000000000040 A=0x6f5a8
1695500: system.cpu: T0 : 0x1c796    : sltu s5, s6, s5            : IntAlu :  D=0x0000000000000001
1696500: system.cpu: T0 : 0x1c79a    : sub s5, zero, s5           : IntAlu :  D=0xffffffffffffffff
1697500: system.cpu: T0 : 0x1c79e    : and s5, s0, s5             : IntAlu :  D=0x0000000000000030
1698500: system.cpu: T0 : 0x1c7a2    : lui a5, 111                : IntAlu :  D=0x000000000006f000
1699000: system.cpu: T0 : 0x1c7a6    : c_lui s11, 1               : IntAlu :  D=0x0000000000001000
1699500: system.cpu: T0 : 0x1c7a8    : lui s7, 111                : IntAlu :  D=0x000000000006f000
1700000: system.cpu: T0 : 0x1c7ac    : addi a5, a5, 1480          : IntAlu :  D=0x000000000006f5c8
1700500: system.cpu: T0 : 0x1c7b0    : addi s8, s1, 96            : IntAlu :  D=0x000000000006f628
1701000: system.cpu: T0 : 0x1c7b4    : c_li t5, 0                 : IntAlu :  D=0x0000000000000000
1702000: system.cpu: T0 : 0x1c7b6    : addi s7, s7, 1368          : IntAlu :  D=0x000000000006f558
1703000: system.cpu: T0 : 0x1c7ba    : add a7, s1, s11            : IntAlu :  D=0x00000000000705c8
1703500: system.cpu: T0 : 0x1c7be    : c_sdsp a5, 56(sp)          : MemWrite :  D=0x000000000006f5c8 A=0x7ffffffffffffc18
1704000: system.cpu: T0 : 0x1c7c0    : c_ld a5, 120(s1)           : MemRead :  D=0x000000000006f628 A=0x6f640
1705000: system.cpu: T0 : 0x1c7c2    : beq a5, s8, 532            : IntAlu : 
1706000: system.cpu: T0 : 0x1c9d6    : addi a5, zero, 1023        : IntAlu :  D=0x00000000000003ff
1707000: system.cpu: T0 : 0x1c9da    : bgeu a5, s0, 38            : IntAlu : 
1707500: system.cpu: T0 : 0x1ca00    : c_ldsp a3, 8(sp)           : MemRead :  D=0x0000000000000003 A=0x7ffffffffffffbe8
1708000: system.cpu: T0 : 0x1ca02    : c_li a0, 4                 : IntAlu :  D=0x0000000000000004
1708500: system.cpu: T0 : 0x1ca04    : addiw a5, a3, 1            : IntAlu :  D=0x0000000000000004
1709000: system.cpu: T0 : 0x1ca08    : srliw a4, a5, 5            : IntAlu :  D=0x0000000000000000
1709500: system.cpu: T0 : 0x1ca0c    : slliw a3, a3, 1            : IntAlu :  D=0x0000000000000006
1710000: system.cpu: T0 : 0x1ca10    : addi a4, a4, 536           : IntAlu :  D=0x0000000000000218
1710500: system.cpu: T0 : 0x1ca14    : c_slli a3, 32              : IntAlu :  D=0x0000000600000000
1711000: system.cpu: T0 : 0x1ca16    : c_slli a4, 2               : IntAlu :  D=0x0000000000000860
1711500: system.cpu: T0 : 0x1ca18    : c_srli a3, 32              : IntAlu :  D=0x0000000000000006
1712000: system.cpu: T0 : 0x1ca1a    : c_add a4, s1               : IntAlu :  D=0x000000000006fe28
1712500: system.cpu: T0 : 0x1ca1c    : c_slli a3, 3               : IntAlu :  D=0x0000000000000030
1713000: system.cpu: T0 : 0x1ca1e    : c_lw a2, 0(a4)             : MemRead :  D=0x0000000000000000 A=0x6fe28
1713500: system.cpu: T0 : 0x1ca20    : addi a3, a3, 96            : IntAlu :  D=0x0000000000000090
1714000: system.cpu: T0 : 0x1ca24    : c_li a4, 1                 : IntAlu :  D=0x0000000000000001
1715000: system.cpu: T0 : 0x1ca26    : srliw s2, a5, 5            : IntAlu :  D=0x0000000000000000
1715500: system.cpu: T0 : 0x1ca2a    : c_add a3, s1               : IntAlu :  D=0x000000000006f658
1716000: system.cpu: T0 : 0x1ca2c    : sllw a5, a4, a5            : IntAlu :  D=0x0000000000000010
1716500: system.cpu: T0 : 0x1ca30    : bltu a2, a5, 144           : IntAlu : 
1717000: system.cpu: T0 : 0x1cac0    : addiw a5, s2, 1            : IntAlu :  D=0x0000000000000001
1717500: system.cpu: T0 : 0x1cac4    : addiw s2, a5, 0            : IntAlu :  D=0x0000000000000001
1718000: system.cpu: T0 : 0x1cac8    : bne s2, a0, -26            : IntAlu : 
1718500: system.cpu: T0 : 0x1caae    : c_slli a5, 32              : IntAlu :  D=0x0000000100000000
1719000: system.cpu: T0 : 0x1cab0    : c_srli a5, 32              : IntAlu :  D=0x0000000000000001
1720000: system.cpu: T0 : 0x1cab2    : addi a5, a5, 536           : IntAlu :  D=0x0000000000000219
1720500: system.cpu: T0 : 0x1cab6    : c_slli a5, 2               : IntAlu :  D=0x0000000000000864
1721000: system.cpu: T0 : 0x1cab8    : c_add a5, s1               : IntAlu :  D=0x000000000006fe2c
1721500: system.cpu: T0 : 0x1caba    : c_lw a2, 0(a5)             : MemRead :  D=0x0000000000000000 A=0x6fe2c
1722000: system.cpu: T0 : 0x1cabc    : bne a2, zero, 384          : IntAlu : 
1722500: system.cpu: T0 : 0x1cac0    : addiw a5, s2, 1            : IntAlu :  D=0x0000000000000002
1723000: system.cpu: T0 : 0x1cac4    : addiw s2, a5, 0            : IntAlu :  D=0x0000000000000002
1723500: system.cpu: T0 : 0x1cac8    : bne s2, a0, -26            : IntAlu : 
1724000: system.cpu: T0 : 0x1caae    : c_slli a5, 32              : IntAlu :  D=0x0000000200000000
1724500: system.cpu: T0 : 0x1cab0    : c_srli a5, 32              : IntAlu :  D=0x0000000000000002
1725500: system.cpu: T0 : 0x1cab2    : addi a5, a5, 536           : IntAlu :  D=0x000000000000021a
1726000: system.cpu: T0 : 0x1cab6    : c_slli a5, 2               : IntAlu :  D=0x0000000000000868
1726500: system.cpu: T0 : 0x1cab8    : c_add a5, s1               : IntAlu :  D=0x000000000006fe30
1727000: system.cpu: T0 : 0x1caba    : c_lw a2, 0(a5)             : MemRead :  D=0x0000000000000000 A=0x6fe30
1727500: system.cpu: T0 : 0x1cabc    : bne a2, zero, 384          : IntAlu : 
1728000: system.cpu: T0 : 0x1cac0    : addiw a5, s2, 1            : IntAlu :  D=0x0000000000000003
1728500: system.cpu: T0 : 0x1cac4    : addiw s2, a5, 0            : IntAlu :  D=0x0000000000000003
1729000: system.cpu: T0 : 0x1cac8    : bne s2, a0, -26            : IntAlu : 
1729500: system.cpu: T0 : 0x1caae    : c_slli a5, 32              : IntAlu :  D=0x0000000300000000
1730000: system.cpu: T0 : 0x1cab0    : c_srli a5, 32              : IntAlu :  D=0x0000000000000003
1731000: system.cpu: T0 : 0x1cab2    : addi a5, a5, 536           : IntAlu :  D=0x000000000000021b
1731500: system.cpu: T0 : 0x1cab6    : c_slli a5, 2               : IntAlu :  D=0x000000000000086c
1732000: system.cpu: T0 : 0x1cab8    : c_add a5, s1               : IntAlu :  D=0x000000000006fe34
1732500: system.cpu: T0 : 0x1caba    : c_lw a2, 0(a5)             : MemRead :  D=0x0000000000000000 A=0x6fe34
1733000: system.cpu: T0 : 0x1cabc    : bne a2, zero, 384          : IntAlu : 
1733500: system.cpu: T0 : 0x1cac0    : addiw a5, s2, 1            : IntAlu :  D=0x0000000000000004
1734000: system.cpu: T0 : 0x1cac4    : addiw s2, a5, 0            : IntAlu :  D=0x0000000000000004
1734500: system.cpu: T0 : 0x1cac8    : bne s2, a0, -26            : IntAlu : 
1735000: system.cpu: T0 : 0x1cacc    : c_ld a4, 96(s1)            : MemRead :  D=0x0000000000073240 A=0x6f628
1736000: system.cpu: T0 : 0x1cace    : ld a3, -1912(a7)           : MemRead :  D=0x0000000000021080 A=0x6fe50
1736500: system.cpu: T0 : 0x1cad2    : c_ld a5, 8(a4)             : MemRead :  D=0x0000000000020dc1 A=0x73248
1737000: system.cpu: T0 : 0x1cad4    : c_andi a5, 18446744073709551608 : IntAlu :  D=0x0000000000020dc0
1738000: system.cpu: T0 : 0x1cad6    : bltu a3, a5, 548           : IntAlu : 
1739000: system.cpu: T0 : 0x1cada    : addi a3, s0, 32            : IntAlu :  D=0x0000000000000050
1740000: system.cpu: T0 : 0x1cade    : bgeu a5, a3, 640           : IntAlu : 
1741000: system.cpu: T0 : 0x1cd5e    : add a0, a4, s0             : IntAlu :  D=0x0000000000073270
1742000: system.cpu: T0 : 0x1cd62    : lui a2, 111                : IntAlu :  D=0x000000000006f000
1742500: system.cpu: T0 : 0x1cd66    : c_sd a0, 96(s1)            : MemWrite :  D=0x0000000000073270 A=0x6f628
1743000: system.cpu: T0 : 0x1cd68    : addi a2, a2, 1480          : IntAlu :  D=0x000000000006f5c8
1743500: system.cpu: T0 : 0x1cd6c    : c_sub a5, s0               : IntAlu :  D=0x0000000000020d90
1744000: system.cpu: T0 : 0x1cd6e    : c_li a3, 4                 : IntAlu :  D=0x0000000000000004
1744500: system.cpu: T0 : 0x1cd70    : beq s1, a2, 116            : IntAlu : 
1745000: system.cpu: T0 : 0x1cde4    : c_li a3, 0                 : IntAlu :  D=0x0000000000000000
1745500: system.cpu: T0 : 0x1cde6    : c_j -114                   : IntAlu : 
1746000: system.cpu: T0 : 0x1cd74    : c_or a3, s0                : IntAlu :  D=0x0000000000000030
1747000: system.cpu: T0 : 0x1cd76    : ori a3, a3, 1              : IntAlu :  D=0x0000000000000031
1748000: system.cpu: T0 : 0x1cd7a    : lw a1, -1396(gp)           : MemRead :  D=0x0000000000000000 A=0x70ab4
1748500: system.cpu: T0 : 0x1cd7e    : c_sd a3, 8(a4)             : MemWrite :  D=0x0000000000000031 A=0x73248
1749000: system.cpu: T0 : 0x1cd80    : ori a5, a5, 1              : IntAlu :  D=0x0000000000020d91
1749500: system.cpu: T0 : 0x1cd84    : c_sd a5, 8(a0)             : MemWrite :  D=0x0000000000020d91 A=0x73278
1750500: system.cpu: T0 : 0x1cd86    : addi s2, a4, 16            : IntAlu :  D=0x0000000000073250
1751500: system.cpu: T0 : 0x1cd8a    : beq a1, zero, -1664        : IntAlu : 
1752000: system.cpu: T0 : 0x1c70a    : c_ldsp ra, 248(sp)         : MemRead :  D=0x000000000001d888 A=0x7ffffffffffffcd8
1752500: system.cpu: T0 : 0x1c70c    : c_ldsp s0, 240(sp)         : MemRead :  D=0x0000000000000028 A=0x7ffffffffffffcd0
1753000: system.cpu: T0 : 0x1c70e    : c_ldsp s1, 232(sp)         : MemRead :  D=0x000000000006f000 A=0x7ffffffffffffcc8
1753500: system.cpu: T0 : 0x1c710    : c_ldsp s3, 216(sp)         : MemRead :  D=0x000000000006efc0 A=0x7ffffffffffffcb8
1754000: system.cpu: T0 : 0x1c712    : c_ldsp s4, 208(sp)         : MemRead :  D=0x0000000000070000 A=0x7ffffffffffffcb0
1754500: system.cpu: T0 : 0x1c714    : c_ldsp s5, 200(sp)         : MemRead :  D=0x0000000000072000 A=0x7ffffffffffffca8
1755000: system.cpu: T0 : 0x1c716    : c_ldsp s6, 192(sp)         : MemRead :  D=0x0000000000072000 A=0x7ffffffffffffca0
1755500: system.cpu: T0 : 0x1c718    : c_ldsp s7, 184(sp)         : MemRead :  D=0x0000000000000000 A=0x7ffffffffffffc98
1756000: system.cpu: T0 : 0x1c71a    : c_ldsp s8, 176(sp)         : MemRead :  D=0x0000000000000000 A=0x7ffffffffffffc90
1756500: system.cpu: T0 : 0x1c71c    : c_ldsp s9, 168(sp)         : MemRead :  D=0x0000000000000000 A=0x7ffffffffffffc88
1757000: system.cpu: T0 : 0x1c71e    : c_ldsp s10, 160(sp)        : MemRead :  D=0x0000000000000000 A=0x7ffffffffffffc80
1757500: system.cpu: T0 : 0x1c720    : c_ldsp s11, 152(sp)        : MemRead :  D=0x0000000000000000 A=0x7ffffffffffffc78
1758000: system.cpu: T0 : 0x1c722    : c_mv a0, s2                : IntAlu :  D=0x0000000000073250
1758500: system.cpu: T0 : 0x1c724    : c_ldsp s2, 224(sp)         : MemRead :  D=0x0000000000000000 A=0x7ffffffffffffcc0
1759000: system.cpu: T0 : 0x1c726    : c_addi16sp sp, 256         : IntAlu :  D=0x7ffffffffffffce0
1759500: system.cpu: T0 : 0x1c728    : c_jr ra                    : IntAlu : 
1760000: system.cpu: T0 : 0x1d888    : c_mv a5, a0                : IntAlu :  D=0x0000000000073250
1760500: system.cpu: T0 : 0x1d88a    : c_beqz a0, 150             : IntAlu : 
1761000: system.cpu: T0 : 0x1d88c    : ld a4, -8(a0)              : MemRead :  D=0x0000000000000031 A=0x73248
1761500: system.cpu: T0 : 0x1d890    : andi a3, a4, 2             : IntAlu :  D=0x0000000000000000
1762000: system.cpu: T0 : 0x1d894    : c_bnez a3, 26              : IntAlu : 
1762500: system.cpu: T0 : 0x1d896    : c_andi a4, 4               : IntAlu :  D=0x0000000000000000
1763000: system.cpu: T0 : 0x1d898    : c_beqz a4, 22              : IntAlu : 
1763500: system.cpu: T0 : 0x1d8ae    : c_ldsp ra, 24(sp)          : MemRead :  D=0x000000000003ae5a A=0x7ffffffffffffcf8
1764000: system.cpu: T0 : 0x1d8b0    : c_ldsp s0, 16(sp)          : MemRead :  D=0x7ffffffffffffd40 A=0x7ffffffffffffcf0
1764500: system.cpu: T0 : 0x1d8b2    : c_ldsp s1, 8(sp)           : MemRead :  D=0x000000000006fe60 A=0x7ffffffffffffce8
1765000: system.cpu: T0 : 0x1d8b4    : c_ldsp s2, 0(sp)           : MemRead :  D=0x0000000000000000 A=0x7ffffffffffffce0
1765500: system.cpu: T0 : 0x1d8b6    : c_mv a0, a5                : IntAlu :  D=0x0000000000073250
1766000: system.cpu: T0 : 0x1d8b8    : c_addi16sp sp, 32          : IntAlu :  D=0x7ffffffffffffd00
1766500: system.cpu: T0 : 0x1d8ba    : c_jr ra                    : IntAlu : 
1767500: system.cpu: T0 : 0x3ae5a    : sd a0, 32(s3)              : MemWrite :  D=0x0000000000073250 A=0x6efe0
1768500: system.cpu: T0 : 0x3ae5e    : beq a0, zero, 382          : IntAlu : 
1769500: system.cpu: T0 : 0x3ae62    : ld s1, 16(s3)              : MemRead :  D=0x0000000000000002 A=0x6efd0
1770500: system.cpu: T0 : 0x3ae66    : addi a7, zero, 40          : IntAlu :  D=0x0000000000000028
1771000: system.cpu: T0 : 0x3ae6a    : c_mv s5, a0                : IntAlu :  D=0x0000000000073250
1771500: system.cpu: T0 : 0x3ae6c    : slli s4, s1, 2             : IntAlu :  D=0x0000000000000008
1772000: system.cpu: T0 : 0x3ae70    : addi s4, s4, 79            : IntAlu :  D=0x0000000000000057
1772500: system.cpu: T0 : 0x3ae74    : divu s4, s4, a7            : IntDiv :  D=0x0000000000000002
1773000: system.cpu: T0 : 0x3ae78    : slli a7, s4, 2             : IntAlu :  D=0x0000000000000008
1773500: system.cpu: T0 : 0x3ae7c    : c_add s4, a7               : IntAlu :  D=0x000000000000000a
1774500: system.cpu: T0 : 0x3ae7e    : slli a0, s4, 5             : IntAlu :  D=0x0000000000000140
1775500: system.cpu: T0 : 0x3ae82    : jal ra, -120388            : IntAlu :  D=0x000000000003ae86
1776500: system.cpu: T0 : 0x1d83e    : ld t1, -1848(gp)           : MemRead :  D=0x0000000000000000 A=0x708f0
1777500: system.cpu: T0 : 0x1d842    : bne t1, zero, 260          : IntAlu : 
1778000: system.cpu: T0 : 0x1d846    : c_addi sp, -32             : IntAlu :  D=0x7ffffffffffffce0
1778500: system.cpu: T0 : 0x1d848    : c_sdsp s0, 16(sp)          : MemWrite :  D=0x7ffffffffffffd40 A=0x7ffffffffffffcf0
1779000: system.cpu: T0 : 0x1d84a    : c_sdsp ra, 24(sp)          : MemWrite :  D=0x000000000003ae86 A=0x7ffffffffffffcf8
1779500: system.cpu: T0 : 0x1d84c    : c_sdsp s1, 8(sp)           : MemWrite :  D=0x0000000000000002 A=0x7ffffffffffffce8
1780000: system.cpu: T0 : 0x1d84e    : c_sdsp s2, 0(sp)           : MemWrite :  D=0x0000000000000000 A=0x7ffffffffffffce0
1780500: system.cpu: T0 : 0x1d850    : c_mv s0, a0                : IntAlu :  D=0x0000000000000140
1781500: system.cpu: T0 : 0x1d852    : blt a0, zero, 222          : IntAlu : 
1782500: system.cpu: T0 : 0x1d856    : addi a5, a0, 23            : IntAlu :  D=0x0000000000000157
1783000: system.cpu: T0 : 0x1d85a    : c_li a4, 31                : IntAlu :  D=0x000000000000001f
1783500: system.cpu: T0 : 0x1d85c    : c_li s1, 0                 : IntAlu :  D=0x0000000000000000
1784500: system.cpu: T0 : 0x1d85e    : bltu a4, a5, 94            : IntAlu : 
1785000: system.cpu: T0 : 0x1d8bc    : c_andi a5, 18446744073709551600 : IntAlu :  D=0x0000000000000150
1785500: system.cpu: T0 : 0x1d8be    : c_addi a5, -17             : IntAlu :  D=0x000000000000013f
1786000: system.cpu: T0 : 0x1d8c0    : srli s1, a5, 4             : IntAlu :  D=0x0000000000000013
1786500: system.cpu: T0 : 0x1d8c4    : c_j -98                    : IntAlu : 
1787500: system.cpu: T0 : 0x1d862    : ld a4, 40(tp)              : MemRead :  D=0x0000000000072f90 A=0x72738
1788000: system.cpu: T0 : 0x1d866    : c_beqz a4, 96              : IntAlu : 
1788500: system.cpu: T0 : 0x1d868    : lui a5, 111                : IntAlu :  D=0x000000000006f000
1789000: system.cpu: T0 : 0x1d86c    : ld a5, 1448(a5)            : MemRead :  D=0x0000000000000040 A=0x6f5a8
1789500: system.cpu: T0 : 0x1d870    : bltu s1, a5, 114           : IntAlu : 
1790500: system.cpu: T0 : 0x1d8e2    : slli a3, s1, 1             : IntAlu :  D=0x0000000000000026
1791000: system.cpu: T0 : 0x1d8e6    : c_add a3, a4               : IntAlu :  D=0x0000000000072fb6
1791500: system.cpu: T0 : 0x1d8e8    : lhu a2, 0(a3)              : MemRead :  D=0x0000000000000000 A=0x72fb6
1792000: system.cpu: T0 : 0x1d8ec    : c_beqz a2, -120            : IntAlu : 
1792500: system.cpu: T0 : 0x1d874    : lw a5, -1808(tp)           : MemRead :  D=0x0000000000000000 A=0x72000
1793000: system.cpu: T0 : 0x1d878    : c_bnez a5, 210             : IntAlu : 
1794000: system.cpu: T0 : 0x1d87a    : lui s1, 111                : IntAlu :  D=0x000000000006f000
1794500: system.cpu: T0 : 0x1d87e    : c_mv a1, s0                : IntAlu :  D=0x0000000000000140
1795000: system.cpu: T0 : 0x1d880    : addi a0, s1, 1480          : IntAlu :  D=0x000000000006f5c8
1795500: system.cpu: T0 : 0x1d884    : jal ra, -5228              : IntAlu :  D=0x000000000001d888
1796000: system.cpu: T0 : 0x1c418    : c_addi16sp sp, -256        : IntAlu :  D=0x7ffffffffffffbe0
1796500: system.cpu: T0 : 0x1c41a    : c_sdsp ra, 248(sp)         : MemWrite :  D=0x000000000001d888 A=0x7ffffffffffffcd8
1797000: system.cpu: T0 : 0x1c41c    : c_sdsp s0, 240(sp)         : MemWrite :  D=0x0000000000000140 A=0x7ffffffffffffcd0
1797500: system.cpu: T0 : 0x1c41e    : c_sdsp s1, 232(sp)         : MemWrite :  D=0x000000000006f000 A=0x7ffffffffffffcc8
1798000: system.cpu: T0 : 0x1c420    : c_sdsp s2, 224(sp)         : MemWrite :  D=0x0000000000000000 A=0x7ffffffffffffcc0
1798500: system.cpu: T0 : 0x1c422    : c_sdsp s3, 216(sp)         : MemWrite :  D=0x000000000006efc0 A=0x7ffffffffffffcb8
1799000: system.cpu: T0 : 0x1c424    : c_sdsp s4, 208(sp)         : MemWrite :  D=0x000000000000000a A=0x7ffffffffffffcb0
1799500: system.cpu: T0 : 0x1c426    : c_sdsp s5, 200(sp)         : MemWrite :  D=0x0000000000073250 A=0x7ffffffffffffca8
1800000: system.cpu: T0 : 0x1c428    : c_sdsp s6, 192(sp)         : MemWrite :  D=0x0000000000072000 A=0x7ffffffffffffca0
1800500: system.cpu: T0 : 0x1c42a    : c_sdsp s7, 184(sp)         : MemWrite :  D=0x0000000000000000 A=0x7ffffffffffffc98
1801000: system.cpu: T0 : 0x1c42c    : c_sdsp s8, 176(sp)         : MemWrite :  D=0x0000000000000000 A=0x7ffffffffffffc90
1801500: system.cpu: T0 : 0x1c42e    : c_sdsp s9, 168(sp)         : MemWrite :  D=0x0000000000000000 A=0x7ffffffffffffc88
1802000: system.cpu: T0 : 0x1c430    : c_sdsp s10, 160(sp)        : MemWrite :  D=0x0000000000000000 A=0x7ffffffffffffc80
1802500: system.cpu: T0 : 0x1c432    : c_sdsp s11, 152(sp)        : MemWrite :  D=0x0000000000000000 A=0x7ffffffffffffc78
1803000: system.cpu: T0 : 0x1c434    : blt a1, zero, 1198         : IntAlu : 
1803500: system.cpu: T0 : 0x1c438    : addi s0, a1, 23            : IntAlu :  D=0x0000000000000157
1804000: system.cpu: T0 : 0x1c43c    : c_li a5, 31                : IntAlu :  D=0x000000000000001f
1804500: system.cpu: T0 : 0x1c43e    : c_mv s3, a1                : IntAlu :  D=0x0000000000000140
1805000: system.cpu: T0 : 0x1c440    : c_mv s1, a0                : IntAlu :  D=0x000000000006f5c8
1806000: system.cpu: T0 : 0x1c442    : bltu a5, s0, 220           : IntAlu : 
1806500: system.cpu: T0 : 0x1c51e    : c_andi s0, 18446744073709551600 : IntAlu :  D=0x0000000000000150
1807000: system.cpu: T0 : 0x1c520    : beq a0, zero, 988          : IntAlu : 
1807500: system.cpu: T0 : 0x1c524    : ld a4, -1376(gp)           : MemRead :  D=0x0000000000000080 A=0x70ac8
1808000: system.cpu: T0 : 0x1c528    : srliw s9, s0, 4            : IntAlu :  D=0x0000000000000015
1808500: system.cpu: T0 : 0x1c52c    : srliw a5, s0, 4            : IntAlu :  D=0x0000000000000015
1809000: system.cpu: T0 : 0x1c530    : bgeu a4, s0, 506           : IntAlu : 
1809500: system.cpu: T0 : 0x1c534    : addi a4, zero, 1023        : IntAlu :  D=0x00000000000003ff
1810000: system.cpu: T0 : 0x1c538    : bgeu a4, s0, 1722          : IntAlu : 
1810500: system.cpu: T0 : 0x1cbf2    : c_addiw a5, -1             : IntAlu :  D=0x0000000000000014
1811000: system.cpu: T0 : 0x1cbf4    : c_j -1406                  : IntAlu : 
1812000: system.cpu: T0 : 0x1c676    : slliw a5, a5, 1            : IntAlu :  D=0x0000000000000028
1812500: system.cpu: T0 : 0x1c67a    : c_slli a5, 32              : IntAlu :  D=0x0000002800000000
1813000: system.cpu: T0 : 0x1c67c    : c_srli a5, 32              : IntAlu :  D=0x0000000000000028
1813500: system.cpu: T0 : 0x1c67e    : c_addi a5, 14              : IntAlu :  D=0x0000000000000036
1814000: system.cpu: T0 : 0x1c680    : c_slli a5, 3               : IntAlu :  D=0x00000000000001b0
1814500: system.cpu: T0 : 0x1c682    : c_j -550                   : IntAlu : 
1815000: system.cpu: T0 : 0x1c45c    : c_add a5, s1               : IntAlu :  D=0x000000000006f778
1816000: system.cpu: T0 : 0x1c45e    : ld s2, 8(a5)               : MemRead :  D=0x000000000006f768 A=0x6f780
1817000: system.cpu: T0 : 0x1c462    : addi a3, a5, -16           : IntAlu :  D=0x000000000006f768
1818000: system.cpu: T0 : 0x1c466    : beq a3, s2, 748            : IntAlu : 
1819000: system.cpu: T0 : 0x1c752    : srli t1, s0, 9             : IntAlu :  D=0x0000000000000000
1820000: system.cpu: T0 : 0x1c756    : addiw a5, t1, 91           : IntAlu :  D=0x000000000000005b
1821000: system.cpu: T0 : 0x1c75a    : srli s10, s0, 6            : IntAlu :  D=0x0000000000000005
1821500: system.cpu: T0 : 0x1c75e    : c_sdsp a5, 96(sp)          : MemWrite :  D=0x000000000000005b A=0x7ffffffffffffc40
1822000: system.cpu: T0 : 0x1c760    : addiw a5, s10, 48          : IntAlu :  D=0x0000000000000035
1822500: system.cpu: T0 : 0x1c764    : c_sdsp a5, 88(sp)          : MemWrite :  D=0x0000000000000035 A=0x7ffffffffffffc38
1823500: system.cpu: T0 : 0x1c766    : addi a5, zero, 110         : IntAlu :  D=0x000000000000006e
1824000: system.cpu: T0 : 0x1c76a    : c_sdsp a5, 112(sp)         : MemWrite :  D=0x000000000000006e A=0x7ffffffffffffc50
1824500: system.cpu: T0 : 0x1c76c    : addi a5, zero, 119         : IntAlu :  D=0x0000000000000077
1825000: system.cpu: T0 : 0x1c770    : c_sdsp a5, 104(sp)         : MemWrite :  D=0x0000000000000077 A=0x7ffffffffffffc48
1826000: system.cpu: T0 : 0x1c772    : addi a5, zero, 124         : IntAlu :  D=0x000000000000007c
1826500: system.cpu: T0 : 0x1c776    : c_sdsp s9, 8(sp)           : MemWrite :  D=0x0000000000000015 A=0x7ffffffffffffbe8
1827000: system.cpu: T0 : 0x1c778    : c_sdsp a5, 120(sp)         : MemWrite :  D=0x000000000000007c A=0x7ffffffffffffc58
1827500: system.cpu: T0 : 0x1c77a    : c_sdsp zero, 128(sp)       : MemWrite :  D=0x0000000000000000 A=0x7ffffffffffffc60
1828000: system.cpu: T0 : 0x1c77c    : c_sdsp zero, 136(sp)       : MemWrite :  D=0x0000000000000000 A=0x7ffffffffffffc68
1829000: system.cpu: T0 : 0x1c77e    : ld a5, 40(tp)              : MemRead :  D=0x0000000000072f90 A=0x72738
1830000: system.cpu: T0 : 0x1c782    : addi s6, s0, -17           : IntAlu :  D=0x000000000000013f
1831000: system.cpu: T0 : 0x1c786    : srli s6, s6, 4             : IntAlu :  D=0x0000000000000013
1831500: system.cpu: T0 : 0x1c78a    : c_li s5, 0                 : IntAlu :  D=0x0000000000000000
1832000: system.cpu: T0 : 0x1c78c    : c_beqz a5, 22              : IntAlu : 
1833000: system.cpu: T0 : 0x1c78e    : lui a5, 111                : IntAlu :  D=0x000000000006f000
1834000: system.cpu: T0 : 0x1c792    : ld s5, 1448(a5)            : MemRead :  D=0x0000000000000040 A=0x6f5a8
1835000: system.cpu: T0 : 0x1c796    : sltu s5, s6, s5            : IntAlu :  D=0x0000000000000001
1836000: system.cpu: T0 : 0x1c79a    : sub s5, zero, s5           : IntAlu :  D=0xffffffffffffffff
1837000: system.cpu: T0 : 0x1c79e    : and s5, s0, s5             : IntAlu :  D=0x0000000000000150
1838000: system.cpu: T0 : 0x1c7a2    : lui a5, 111                : IntAlu :  D=0x000000000006f000
1838500: system.cpu: T0 : 0x1c7a6    : c_lui s11, 1               : IntAlu :  D=0x0000000000001000
1839000: system.cpu: T0 : 0x1c7a8    : lui s7, 111                : IntAlu :  D=0x000000000006f000
1839500: system.cpu: T0 : 0x1c7ac    : addi a5, a5, 1480          : IntAlu :  D=0x000000000006f5c8
1840000: system.cpu: T0 : 0x1c7b0    : addi s8, s1, 96            : IntAlu :  D=0x000000000006f628
1840500: system.cpu: T0 : 0x1c7b4    : c_li t5, 0                 : IntAlu :  D=0x0000000000000000
1841500: system.cpu: T0 : 0x1c7b6    : addi s7, s7, 1368          : IntAlu :  D=0x000000000006f558
1842500: system.cpu: T0 : 0x1c7ba    : add a7, s1, s11            : IntAlu :  D=0x00000000000705c8
1843000: system.cpu: T0 : 0x1c7be    : c_sdsp a5, 56(sp)          : MemWrite :  D=0x000000000006f5c8 A=0x7ffffffffffffc18
1843500: system.cpu: T0 : 0x1c7c0    : c_ld a5, 120(s1)           : MemRead :  D=0x000000000006f628 A=0x6f640
1844500: system.cpu: T0 : 0x1c7c2    : beq a5, s8, 532            : IntAlu : 
1845500: system.cpu: T0 : 0x1c9d6    : addi a5, zero, 1023        : IntAlu :  D=0x00000000000003ff
1846500: system.cpu: T0 : 0x1c9da    : bgeu a5, s0, 38            : IntAlu : 
1847000: system.cpu: T0 : 0x1ca00    : c_ldsp a3, 8(sp)           : MemRead :  D=0x0000000000000015 A=0x7ffffffffffffbe8
1847500: system.cpu: T0 : 0x1ca02    : c_li a0, 4                 : IntAlu :  D=0x0000000000000004
1848000: system.cpu: T0 : 0x1ca04    : addiw a5, a3, 1            : IntAlu :  D=0x0000000000000016
1848500: system.cpu: T0 : 0x1ca08    : srliw a4, a5, 5            : IntAlu :  D=0x0000000000000000
1849000: system.cpu: T0 : 0x1ca0c    : slliw a3, a3, 1            : IntAlu :  D=0x000000000000002a
1849500: system.cpu: T0 : 0x1ca10    : addi a4, a4, 536           : IntAlu :  D=0x0000000000000218
1850000: system.cpu: T0 : 0x1ca14    : c_slli a3, 32              : IntAlu :  D=0x0000002a00000000
1850500: system.cpu: T0 : 0x1ca16    : c_slli a4, 2               : IntAlu :  D=0x0000000000000860
1851000: system.cpu: T0 : 0x1ca18    : c_srli a3, 32              : IntAlu :  D=0x000000000000002a
1851500: system.cpu: T0 : 0x1ca1a    : c_add a4, s1               : IntAlu :  D=0x000000000006fe28
1852000: system.cpu: T0 : 0x1ca1c    : c_slli a3, 3               : IntAlu :  D=0x0000000000000150
1852500: system.cpu: T0 : 0x1ca1e    : c_lw a2, 0(a4)             : MemRead :  D=0x0000000000000000 A=0x6fe28
1853000: system.cpu: T0 : 0x1ca20    : addi a3, a3, 96            : IntAlu :  D=0x00000000000001b0
1853500: system.cpu: T0 : 0x1ca24    : c_li a4, 1                 : IntAlu :  D=0x0000000000000001
1854500: system.cpu: T0 : 0x1ca26    : srliw s2, a5, 5            : IntAlu :  D=0x0000000000000000
1855000: system.cpu: T0 : 0x1ca2a    : c_add a3, s1               : IntAlu :  D=0x000000000006f778
1855500: system.cpu: T0 : 0x1ca2c    : sllw a5, a4, a5            : IntAlu :  D=0x0000000000400000
1856000: system.cpu: T0 : 0x1ca30    : bltu a2, a5, 144           : IntAlu : 
1856500: system.cpu: T0 : 0x1cac0    : addiw a5, s2, 1            : IntAlu :  D=0x0000000000000001
1857000: system.cpu: T0 : 0x1cac4    : addiw s2, a5, 0            : IntAlu :  D=0x0000000000000001
1857500: system.cpu: T0 : 0x1cac8    : bne s2, a0, -26            : IntAlu : 
1858000: system.cpu: T0 : 0x1caae    : c_slli a5, 32              : IntAlu :  D=0x0000000100000000
1858500: system.cpu: T0 : 0x1cab0    : c_srli a5, 32              : IntAlu :  D=0x0000000000000001
1859500: system.cpu: T0 : 0x1cab2    : addi a5, a5, 536           : IntAlu :  D=0x0000000000000219
1860000: system.cpu: T0 : 0x1cab6    : c_slli a5, 2               : IntAlu :  D=0x0000000000000864
1860500: system.cpu: T0 : 0x1cab8    : c_add a5, s1               : IntAlu :  D=0x000000000006fe2c
1861000: system.cpu: T0 : 0x1caba    : c_lw a2, 0(a5)             : MemRead :  D=0x0000000000000000 A=0x6fe2c
1861500: system.cpu: T0 : 0x1cabc    : bne a2, zero, 384          : IntAlu : 
1862000: system.cpu: T0 : 0x1cac0    : addiw a5, s2, 1            : IntAlu :  D=0x0000000000000002
1862500: system.cpu: T0 : 0x1cac4    : addiw s2, a5, 0            : IntAlu :  D=0x0000000000000002
1863000: system.cpu: T0 : 0x1cac8    : bne s2, a0, -26            : IntAlu : 
1863500: system.cpu: T0 : 0x1caae    : c_slli a5, 32              : IntAlu :  D=0x0000000200000000
1864000: system.cpu: T0 : 0x1cab0    : c_srli a5, 32              : IntAlu :  D=0x0000000000000002
1865000: system.cpu: T0 : 0x1cab2    : addi a5, a5, 536           : IntAlu :  D=0x000000000000021a
1865500: system.cpu: T0 : 0x1cab6    : c_slli a5, 2               : IntAlu :  D=0x0000000000000868
1866000: system.cpu: T0 : 0x1cab8    : c_add a5, s1               : IntAlu :  D=0x000000000006fe30
1866500: system.cpu: T0 : 0x1caba    : c_lw a2, 0(a5)             : MemRead :  D=0x0000000000000000 A=0x6fe30
1867000: system.cpu: T0 : 0x1cabc    : bne a2, zero, 384          : IntAlu : 
1867500: system.cpu: T0 : 0x1cac0    : addiw a5, s2, 1            : IntAlu :  D=0x0000000000000003
1868000: system.cpu: T0 : 0x1cac4    : addiw s2, a5, 0            : IntAlu :  D=0x0000000000000003
1868500: system.cpu: T0 : 0x1cac8    : bne s2, a0, -26            : IntAlu : 
1869000: system.cpu: T0 : 0x1caae    : c_slli a5, 32              : IntAlu :  D=0x0000000300000000
1869500: system.cpu: T0 : 0x1cab0    : c_srli a5, 32              : IntAlu :  D=0x0000000000000003
1870500: system.cpu: T0 : 0x1cab2    : addi a5, a5, 536           : IntAlu :  D=0x000000000000021b
1871000: system.cpu: T0 : 0x1cab6    : c_slli a5, 2               : IntAlu :  D=0x000000000000086c
1871500: system.cpu: T0 : 0x1cab8    : c_add a5, s1               : IntAlu :  D=0x000000000006fe34
1872000: system.cpu: T0 : 0x1caba    : c_lw a2, 0(a5)             : MemRead :  D=0x0000000000000000 A=0x6fe34
1872500: system.cpu: T0 : 0x1cabc    : bne a2, zero, 384          : IntAlu : 
1873000: system.cpu: T0 : 0x1cac0    : addiw a5, s2, 1            : IntAlu :  D=0x0000000000000004
1873500: system.cpu: T0 : 0x1cac4    : addiw s2, a5, 0            : IntAlu :  D=0x0000000000000004
1874000: system.cpu: T0 : 0x1cac8    : bne s2, a0, -26            : IntAlu : 
1874500: system.cpu: T0 : 0x1cacc    : c_ld a4, 96(s1)            : MemRead :  D=0x0000000000073270 A=0x6f628
1875500: system.cpu: T0 : 0x1cace    : ld a3, -1912(a7)           : MemRead :  D=0x0000000000021080 A=0x6fe50
1876000: system.cpu: T0 : 0x1cad2    : c_ld a5, 8(a4)             : MemRead :  D=0x0000000000020d91 A=0x73278
1876500: system.cpu: T0 : 0x1cad4    : c_andi a5, 18446744073709551608 : IntAlu :  D=0x0000000000020d90
1877500: system.cpu: T0 : 0x1cad6    : bltu a3, a5, 548           : IntAlu : 
1878500: system.cpu: T0 : 0x1cada    : addi a3, s0, 32            : IntAlu :  D=0x0000000000000170
1879500: system.cpu: T0 : 0x1cade    : bgeu a5, a3, 640           : IntAlu : 
1880500: system.cpu: T0 : 0x1cd5e    : add a0, a4, s0             : IntAlu :  D=0x00000000000733c0
1881500: system.cpu: T0 : 0x1cd62    : lui a2, 111                : IntAlu :  D=0x000000000006f000
1882000: system.cpu: T0 : 0x1cd66    : c_sd a0, 96(s1)            : MemWrite :  D=0x00000000000733c0 A=0x6f628
1882500: system.cpu: T0 : 0x1cd68    : addi a2, a2, 1480          : IntAlu :  D=0x000000000006f5c8
1883000: system.cpu: T0 : 0x1cd6c    : c_sub a5, s0               : IntAlu :  D=0x0000000000020c40
1883500: system.cpu: T0 : 0x1cd6e    : c_li a3, 4                 : IntAlu :  D=0x0000000000000004
1884000: system.cpu: T0 : 0x1cd70    : beq s1, a2, 116            : IntAlu : 
1884500: system.cpu: T0 : 0x1cde4    : c_li a3, 0                 : IntAlu :  D=0x0000000000000000
1885000: system.cpu: T0 : 0x1cde6    : c_j -114                   : IntAlu : 
1885500: system.cpu: T0 : 0x1cd74    : c_or a3, s0                : IntAlu :  D=0x0000000000000150
1886500: system.cpu: T0 : 0x1cd76    : ori a3, a3, 1              : IntAlu :  D=0x0000000000000151
1887500: system.cpu: T0 : 0x1cd7a    : lw a1, -1396(gp)           : MemRead :  D=0x0000000000000000 A=0x70ab4
1888000: system.cpu: T0 : 0x1cd7e    : c_sd a3, 8(a4)             : MemWrite :  D=0x0000000000000151 A=0x73278
1888500: system.cpu: T0 : 0x1cd80    : ori a5, a5, 1              : IntAlu :  D=0x0000000000020c41
1889000: system.cpu: T0 : 0x1cd84    : c_sd a5, 8(a0)             : MemWrite :  D=0x0000000000020c41 A=0x733c8
1890000: system.cpu: T0 : 0x1cd86    : addi s2, a4, 16            : IntAlu :  D=0x0000000000073280
1891000: system.cpu: T0 : 0x1cd8a    : beq a1, zero, -1664        : IntAlu : 
1891500: system.cpu: T0 : 0x1c70a    : c_ldsp ra, 248(sp)         : MemRead :  D=0x000000000001d888 A=0x7ffffffffffffcd8
1892000: system.cpu: T0 : 0x1c70c    : c_ldsp s0, 240(sp)         : MemRead :  D=0x0000000000000140 A=0x7ffffffffffffcd0
1892500: system.cpu: T0 : 0x1c70e    : c_ldsp s1, 232(sp)         : MemRead :  D=0x000000000006f000 A=0x7ffffffffffffcc8
1893000: system.cpu: T0 : 0x1c710    : c_ldsp s3, 216(sp)         : MemRead :  D=0x000000000006efc0 A=0x7ffffffffffffcb8
1893500: system.cpu: T0 : 0x1c712    : c_ldsp s4, 208(sp)         : MemRead :  D=0x000000000000000a A=0x7ffffffffffffcb0
1894000: system.cpu: T0 : 0x1c714    : c_ldsp s5, 200(sp)         : MemRead :  D=0x0000000000073250 A=0x7ffffffffffffca8
1894500: system.cpu: T0 : 0x1c716    : c_ldsp s6, 192(sp)         : MemRead :  D=0x0000000000072000 A=0x7ffffffffffffca0
1895000: system.cpu: T0 : 0x1c718    : c_ldsp s7, 184(sp)         : MemRead :  D=0x0000000000000000 A=0x7ffffffffffffc98
1895500: system.cpu: T0 : 0x1c71a    : c_ldsp s8, 176(sp)         : MemRead :  D=0x0000000000000000 A=0x7ffffffffffffc90
1896000: system.cpu: T0 : 0x1c71c    : c_ldsp s9, 168(sp)         : MemRead :  D=0x0000000000000000 A=0x7ffffffffffffc88
1896500: system.cpu: T0 : 0x1c71e    : c_ldsp s10, 160(sp)        : MemRead :  D=0x0000000000000000 A=0x7ffffffffffffc80
1897000: system.cpu: T0 : 0x1c720    : c_ldsp s11, 152(sp)        : MemRead :  D=0x0000000000000000 A=0x7ffffffffffffc78
1897500: system.cpu: T0 : 0x1c722    : c_mv a0, s2                : IntAlu :  D=0x0000000000073280
1898000: system.cpu: T0 : 0x1c724    : c_ldsp s2, 224(sp)         : MemRead :  D=0x0000000000000000 A=0x7ffffffffffffcc0
1898500: system.cpu: T0 : 0x1c726    : c_addi16sp sp, 256         : IntAlu :  D=0x7ffffffffffffce0
1899000: system.cpu: T0 : 0x1c728    : c_jr ra                    : IntAlu : 
1899500: system.cpu: T0 : 0x1d888    : c_mv a5, a0                : IntAlu :  D=0x0000000000073280
1900000: system.cpu: T0 : 0x1d88a    : c_beqz a0, 150             : IntAlu : 
1900500: system.cpu: T0 : 0x1d88c    : ld a4, -8(a0)              : MemRead :  D=0x0000000000000151 A=0x73278
1901000: system.cpu: T0 : 0x1d890    : andi a3, a4, 2             : IntAlu :  D=0x0000000000000000
1901500: system.cpu: T0 : 0x1d894    : c_bnez a3, 26              : IntAlu : 
1902000: system.cpu: T0 : 0x1d896    : c_andi a4, 4               : IntAlu :  D=0x0000000000000000
1902500: system.cpu: T0 : 0x1d898    : c_beqz a4, 22              : IntAlu : 
1903000: system.cpu: T0 : 0x1d8ae    : c_ldsp ra, 24(sp)          : MemRead :  D=0x000000000003ae86 A=0x7ffffffffffffcf8
1903500: system.cpu: T0 : 0x1d8b0    : c_ldsp s0, 16(sp)          : MemRead :  D=0x7ffffffffffffd40 A=0x7ffffffffffffcf0
1904000: system.cpu: T0 : 0x1d8b2    : c_ldsp s1, 8(sp)           : MemRead :  D=0x0000000000000002 A=0x7ffffffffffffce8
1904500: system.cpu: T0 : 0x1d8b4    : c_ldsp s2, 0(sp)           : MemRead :  D=0x0000000000000000 A=0x7ffffffffffffce0
1905000: system.cpu: T0 : 0x1d8b6    : c_mv a0, a5                : IntAlu :  D=0x0000000000073280
1905500: system.cpu: T0 : 0x1d8b8    : c_addi16sp sp, 32          : IntAlu :  D=0x7ffffffffffffd00
1906000: system.cpu: T0 : 0x1d8ba    : c_jr ra                    : IntAlu : 
1907000: system.cpu: T0 : 0x3ae86    : sd a0, 0(s5)               : MemWrite :  D=0x0000000000073280 A=0x73250
1907500: system.cpu: T0 : 0x3ae8a    : c_mv a2, a0                : IntAlu :  D=0x0000000000073280
1908000: system.cpu: T0 : 0x3ae8c    : beq a0, zero, 386          : IntAlu : 
1908500: system.cpu: T0 : 0x3ae90    : lui a5, 114                : IntAlu :  D=0x0000000000072000
1909000: system.cpu: T0 : 0x3ae94    : lui a3, 97                 : IntAlu :  D=0x0000000000061000
1909500: system.cpu: T0 : 0x3ae98    : lui a0, 97                 : IntAlu :  D=0x0000000000061000
1910000: system.cpu: T0 : 0x3ae9c    : addi a3, a3, 1824          : IntAlu :  D=0x0000000000061720
1910500: system.cpu: T0 : 0x3aea0    : addi a0, a0, 1376          : IntAlu :  D=0x0000000000061560
1911000: system.cpu: T0 : 0x3aea4    : sd a2, -384(a5)            : MemWrite :  D=0x0000000000073280 A=0x71e80
1911500: system.cpu: T0 : 0x3aea8    : c_li a5, 23                : IntAlu :  D=0x0000000000000017
1912000: system.cpu: T0 : 0x3aeaa    : c_sd a3, 24(a2)            : MemWrite :  D=0x0000000000061720 A=0x73298
1912500: system.cpu: T0 : 0x3aeac    : addi a6, a3, 72            : IntAlu :  D=0x0000000000061768
1913000: system.cpu: T0 : 0x3aeb0    : sw zero, 40(s3)            : MemWrite :  D=0x0000000000000000 A=0x6efe8
1913500: system.cpu: T0 : 0x3aeb4    : addi a1, s5, 8             : IntAlu :  D=0x0000000000073258
1914000: system.cpu: T0 : 0x3aeb8    : c_sd a0, 8(a2)             : MemWrite :  D=0x0000000000061560 A=0x73288
1915000: system.cpu: T0 : 0x3aeba    : sd zero, 16(a2)            : MemWrite :  D=0x0000000000000000 A=0x73290
1915500: system.cpu: T0 : 0x3aebe    : c_sd a5, 32(a2)            : MemWrite :  D=0x0000000000000017 A=0x732a0
1916000: system.cpu: T0 : 0x3aec0    : slli a7, s4, 3             : IntAlu :  D=0x0000000000000050
1916500: system.cpu: T0 : 0x3aec4    : addi t3, s5, 32            : IntAlu :  D=0x0000000000073270
1917000: system.cpu: T0 : 0x3aec8    : c_addi a3, 24              : IntAlu :  D=0x0000000000061738
1918000: system.cpu: T0 : 0x3aeca    : addi t4, zero, 47          : IntAlu :  D=0x000000000000002f
1919000: system.cpu: T0 : 0x3aece    : addi a4, a2, 40            : IntAlu :  D=0x00000000000732a8
1919500: system.cpu: T0 : 0x3aed2    : c_li a5, 0                 : IntAlu :  D=0x0000000000000000
1920000: system.cpu: T0 : 0x3aed4    : c_beqz s1, 14              : IntAlu : 
1921000: system.cpu: T0 : 0x3aed6    : sw zero, 0(a4)             : MemWrite :  D=0x0000000000000000 A=0x732a8
1921500: system.cpu: T0 : 0x3aeda    : c_addi a5, 1               : IntAlu :  D=0x0000000000000001
1922000: system.cpu: T0 : 0x3aedc    : c_addi a4, 4               : IntAlu :  D=0x00000000000732ac
1923000: system.cpu: T0 : 0x3aede    : bne s1, a5, -8             : IntAlu : 
1924000: system.cpu: T0 : 0x3aed6    : sw zero, 0(a4)             : MemWrite :  D=0x0000000000000000 A=0x732ac
1924500: system.cpu: T0 : 0x3aeda    : c_addi a5, 1               : IntAlu :  D=0x0000000000000002
1925000: system.cpu: T0 : 0x3aedc    : c_addi a4, 4               : IntAlu :  D=0x00000000000732b0
1926000: system.cpu: T0 : 0x3aede    : bne s1, a5, -8             : IntAlu : 
1927000: system.cpu: T0 : 0x3aee2    : beq t3, a1, 48             : IntAlu : 
1928000: system.cpu: T0 : 0x3aee6    : ld a4, 8(a6)               : MemRead :  D=0x000000000000001b A=0x61770
1929000: system.cpu: T0 : 0x3aeea    : add a5, a2, a7             : IntAlu :  D=0x00000000000732d0
1930000: system.cpu: T0 : 0x3aeee    : lbu t1, 0(a3)              : MemRead :  D=0x000000000000002f A=0x61738
1930500: system.cpu: T0 : 0x3aef2    : c_sd a5, 0(a2)             : MemWrite :  D=0x00000000000732d0 A=0x73280
1931000: system.cpu: T0 : 0x3aef4    : c_sd a3, 24(a5)            : MemWrite :  D=0x0000000000061738 A=0x732e8
1932000: system.cpu: T0 : 0x3aef6    : addi a2, a4, 1             : IntAlu :  D=0x000000000000001c
1932500: system.cpu: T0 : 0x3aefa    : c_sd a5, 0(a1)             : MemWrite :  D=0x00000000000732d0 A=0x73258
1933000: system.cpu: T0 : 0x3aefc    : c_sd a0, 8(a5)             : MemWrite :  D=0x0000000000061560 A=0x732d8
1934000: system.cpu: T0 : 0x3aefe    : sd zero, 16(a5)            : MemWrite :  D=0x0000000000000000 A=0x732e0
1934500: system.cpu: T0 : 0x3af02    : c_sd a4, 32(a5)            : MemWrite :  D=0x000000000000001b A=0x732f0
1935000: system.cpu: T0 : 0x3af04    : c_addi a1, 8               : IntAlu :  D=0x0000000000073260
1935500: system.cpu: T0 : 0x3af06    : c_add a3, a2               : IntAlu :  D=0x0000000000061754
1936000: system.cpu: T0 : 0x3af08    : c_addi a6, 8               : IntAlu :  D=0x0000000000061770
1937000: system.cpu: T0 : 0x3af0a    : bne t1, t4, 228            : IntAlu : 
1937500: system.cpu: T0 : 0x3af0e    : c_mv a2, a5                : IntAlu :  D=0x00000000000732d0
1938000: system.cpu: T0 : 0x3af10    : c_j -66                    : IntAlu : 
1939000: system.cpu: T0 : 0x3aece    : addi a4, a2, 40            : IntAlu :  D=0x00000000000732f8
1939500: system.cpu: T0 : 0x3aed2    : c_li a5, 0                 : IntAlu :  D=0x0000000000000000
1940000: system.cpu: T0 : 0x3aed4    : c_beqz s1, 14              : IntAlu : 
1941000: system.cpu: T0 : 0x3aed6    : sw zero, 0(a4)             : MemWrite :  D=0x0000000000000000 A=0x732f8
1941500: system.cpu: T0 : 0x3aeda    : c_addi a5, 1               : IntAlu :  D=0x0000000000000001
1942000: system.cpu: T0 : 0x3aedc    : c_addi a4, 4               : IntAlu :  D=0x00000000000732fc
1943000: system.cpu: T0 : 0x3aede    : bne s1, a5, -8             : IntAlu : 
1944000: system.cpu: T0 : 0x3aed6    : sw zero, 0(a4)             : MemWrite :  D=0x0000000000000000 A=0x732fc
1944500: system.cpu: T0 : 0x3aeda    : c_addi a5, 1               : IntAlu :  D=0x0000000000000002
1945000: system.cpu: T0 : 0x3aedc    : c_addi a4, 4               : IntAlu :  D=0x0000000000073300
1946000: system.cpu: T0 : 0x3aede    : bne s1, a5, -8             : IntAlu : 
1947000: system.cpu: T0 : 0x3aee2    : beq t3, a1, 48             : IntAlu : 
1948000: system.cpu: T0 : 0x3aee6    : ld a4, 8(a6)               : MemRead :  D=0x0000000000000005 A=0x61778
1949000: system.cpu: T0 : 0x3aeea    : add a5, a2, a7             : IntAlu :  D=0x0000000000073320
1950000: system.cpu: T0 : 0x3aeee    : lbu t1, 0(a3)              : MemRead :  D=0x000000000000002f A=0x61754
1950500: system.cpu: T0 : 0x3aef2    : c_sd a5, 0(a2)             : MemWrite :  D=0x0000000000073320 A=0x732d0
1951000: system.cpu: T0 : 0x3aef4    : c_sd a3, 24(a5)            : MemWrite :  D=0x0000000000061754 A=0x73338
1952000: system.cpu: T0 : 0x3aef6    : addi a2, a4, 1             : IntAlu :  D=0x0000000000000006
1952500: system.cpu: T0 : 0x3aefa    : c_sd a5, 0(a1)             : MemWrite :  D=0x0000000000073320 A=0x73260
1953000: system.cpu: T0 : 0x3aefc    : c_sd a0, 8(a5)             : MemWrite :  D=0x0000000000061560 A=0x73328
1954000: system.cpu: T0 : 0x3aefe    : sd zero, 16(a5)            : MemWrite :  D=0x0000000000000000 A=0x73330
1954500: system.cpu: T0 : 0x3af02    : c_sd a4, 32(a5)            : MemWrite :  D=0x0000000000000005 A=0x73340
1955000: system.cpu: T0 : 0x3af04    : c_addi a1, 8               : IntAlu :  D=0x0000000000073268
1955500: system.cpu: T0 : 0x3af06    : c_add a3, a2               : IntAlu :  D=0x000000000006175a
1956000: system.cpu: T0 : 0x3af08    : c_addi a6, 8               : IntAlu :  D=0x0000000000061778
1957000: system.cpu: T0 : 0x3af0a    : bne t1, t4, 228            : IntAlu : 
1957500: system.cpu: T0 : 0x3af0e    : c_mv a2, a5                : IntAlu :  D=0x0000000000073320
1958000: system.cpu: T0 : 0x3af10    : c_j -66                    : IntAlu : 
1959000: system.cpu: T0 : 0x3aece    : addi a4, a2, 40            : IntAlu :  D=0x0000000000073348
1959500: system.cpu: T0 : 0x3aed2    : c_li a5, 0                 : IntAlu :  D=0x0000000000000000
1960000: system.cpu: T0 : 0x3aed4    : c_beqz s1, 14              : IntAlu : 
1961000: system.cpu: T0 : 0x3aed6    : sw zero, 0(a4)             : MemWrite :  D=0x0000000000000000 A=0x73348
1961500: system.cpu: T0 : 0x3aeda    : c_addi a5, 1               : IntAlu :  D=0x0000000000000001
1962000: system.cpu: T0 : 0x3aedc    : c_addi a4, 4               : IntAlu :  D=0x000000000007334c
1963000: system.cpu: T0 : 0x3aede    : bne s1, a5, -8             : IntAlu : 
1964000: system.cpu: T0 : 0x3aed6    : sw zero, 0(a4)             : MemWrite :  D=0x0000000000000000 A=0x7334c
1964500: system.cpu: T0 : 0x3aeda    : c_addi a5, 1               : IntAlu :  D=0x0000000000000002
1965000: system.cpu: T0 : 0x3aedc    : c_addi a4, 4               : IntAlu :  D=0x0000000000073350
1966000: system.cpu: T0 : 0x3aede    : bne s1, a5, -8             : IntAlu : 
1967000: system.cpu: T0 : 0x3aee2    : beq t3, a1, 48             : IntAlu : 
1968000: system.cpu: T0 : 0x3aee6    : ld a4, 8(a6)               : MemRead :  D=0x0000000000000009 A=0x61780
1969000: system.cpu: T0 : 0x3aeea    : add a5, a2, a7             : IntAlu :  D=0x0000000000073370
1970000: system.cpu: T0 : 0x3aeee    : lbu t1, 0(a3)              : MemRead :  D=0x000000000000002f A=0x6175a
1970500: system.cpu: T0 : 0x3aef2    : c_sd a5, 0(a2)             : MemWrite :  D=0x0000000000073370 A=0x73320
1971000: system.cpu: T0 : 0x3aef4    : c_sd a3, 24(a5)            : MemWrite :  D=0x000000000006175a A=0x73388
1972000: system.cpu: T0 : 0x3aef6    : addi a2, a4, 1             : IntAlu :  D=0x000000000000000a
1972500: system.cpu: T0 : 0x3aefa    : c_sd a5, 0(a1)             : MemWrite :  D=0x0000000000073370 A=0x73268
1973000: system.cpu: T0 : 0x3aefc    : c_sd a0, 8(a5)             : MemWrite :  D=0x0000000000061560 A=0x73378
1974000: system.cpu: T0 : 0x3aefe    : sd zero, 16(a5)            : MemWrite :  D=0x0000000000000000 A=0x73380
1974500: system.cpu: T0 : 0x3af02    : c_sd a4, 32(a5)            : MemWrite :  D=0x0000000000000009 A=0x73390
1975000: system.cpu: T0 : 0x3af04    : c_addi a1, 8               : IntAlu :  D=0x0000000000073270
1975500: system.cpu: T0 : 0x3af06    : c_add a3, a2               : IntAlu :  D=0x0000000000061764
1976000: system.cpu: T0 : 0x3af08    : c_addi a6, 8               : IntAlu :  D=0x0000000000061780
1977000: system.cpu: T0 : 0x3af0a    : bne t1, t4, 228            : IntAlu : 
1977500: system.cpu: T0 : 0x3af0e    : c_mv a2, a5                : IntAlu :  D=0x0000000000073370
1978000: system.cpu: T0 : 0x3af10    : c_j -66                    : IntAlu : 
1979000: system.cpu: T0 : 0x3aece    : addi a4, a2, 40            : IntAlu :  D=0x0000000000073398
1979500: system.cpu: T0 : 0x3aed2    : c_li a5, 0                 : IntAlu :  D=0x0000000000000000
1980000: system.cpu: T0 : 0x3aed4    : c_beqz s1, 14              : IntAlu : 
1981000: system.cpu: T0 : 0x3aed6    : sw zero, 0(a4)             : MemWrite :  D=0x0000000000000000 A=0x73398
1981500: system.cpu: T0 : 0x3aeda    : c_addi a5, 1               : IntAlu :  D=0x0000000000000001
1982000: system.cpu: T0 : 0x3aedc    : c_addi a4, 4               : IntAlu :  D=0x000000000007339c
1983000: system.cpu: T0 : 0x3aede    : bne s1, a5, -8             : IntAlu : 
1984000: system.cpu: T0 : 0x3aed6    : sw zero, 0(a4)             : MemWrite :  D=0x0000000000000000 A=0x7339c
1984500: system.cpu: T0 : 0x3aeda    : c_addi a5, 1               : IntAlu :  D=0x0000000000000002
1985000: system.cpu: T0 : 0x3aedc    : c_addi a4, 4               : IntAlu :  D=0x00000000000733a0
1986000: system.cpu: T0 : 0x3aede    : bne s1, a5, -8             : IntAlu : 
1987000: system.cpu: T0 : 0x3aee2    : beq t3, a1, 48             : IntAlu : 
1987500: system.cpu: T0 : 0x3af12    : c_li a4, 27                : IntAlu :  D=0x000000000000001b
1988000: system.cpu: T0 : 0x3af14    : sd zero, 0(a2)             : MemWrite :  D=0x0000000000000000 A=0x73370
1988500: system.cpu: T0 : 0x3af18    : sd a4, -1192(gp)           : MemWrite :  D=0x000000000000001b A=0x70b80
1989000: system.cpu: T0 : 0x3af1c    : sd zero, 32(s5)            : MemWrite :  D=0x0000000000000000 A=0x73270
1989500: system.cpu: T0 : 0x3af20    : beq s2, zero, 10           : IntAlu : 
1990000: system.cpu: T0 : 0x3af2a    : c_li a5, -1                : IntAlu :  D=0xffffffffffffffff
1990500: system.cpu: T0 : 0x3af2c    : sd a5, 48(s3)              : MemWrite :  D=0xffffffffffffffff A=0x6eff0
1991000: system.cpu: T0 : 0x3af30    : addi sp, s0, -64           : IntAlu :  D=0x7ffffffffffffd00
1991500: system.cpu: T0 : 0x3af34    : c_ldsp ra, 56(sp)          : MemRead :  D=0x000000000002281a A=0x7ffffffffffffd38
1992000: system.cpu: T0 : 0x3af36    : c_ldsp s0, 48(sp)          : MemRead :  D=0x000000000006ef80 A=0x7ffffffffffffd30
1992500: system.cpu: T0 : 0x3af38    : c_ldsp s1, 40(sp)          : MemRead :  D=0x000000000006fe60 A=0x7ffffffffffffd28
1993000: system.cpu: T0 : 0x3af3a    : c_ldsp s2, 32(sp)          : MemRead :  D=0x0000000000072000 A=0x7ffffffffffffd20
1993500: system.cpu: T0 : 0x3af3c    : c_ldsp s3, 24(sp)          : MemRead :  D=0x0000000000072000 A=0x7ffffffffffffd18
1994000: system.cpu: T0 : 0x3af3e    : c_ldsp s4, 16(sp)          : MemRead :  D=0x0000000000070000 A=0x7ffffffffffffd10
1994500: system.cpu: T0 : 0x3af40    : c_ldsp s5, 8(sp)           : MemRead :  D=0x0000000000072000 A=0x7ffffffffffffd08
1995000: system.cpu: T0 : 0x3af42    : c_addi16sp sp, 64          : IntAlu :  D=0x7ffffffffffffd40
1995500: system.cpu: T0 : 0x3af44    : c_jr ra                    : IntAlu : 
1996500: system.cpu: T0 : 0x2281a    : lui a5, 114                : IntAlu :  D=0x0000000000072000
1997500: system.cpu: T0 : 0x2281e    : ld a4, -384(a5)            : MemRead :  D=0x0000000000073280 A=0x71e80
1998500: system.cpu: T0 : 0x22822    : lui a0, 80                 : IntAlu :  D=0x0000000000050000
1999500: system.cpu: T0 : 0x22826    : lui a5, 114                : IntAlu :  D=0x0000000000072000
2000500: system.cpu: T0 : 0x2282a    : addi a0, a0, -496          : IntAlu :  D=0x000000000004fe10
2001500: system.cpu: T0 : 0x2282e    : sd a4, -424(a5)            : MemWrite :  D=0x0000000000073280 A=0x71e58
2002500: system.cpu: T0 : 0x22832    : jal ra, -57838             : IntAlu :  D=0x0000000000022836
2003000: system.cpu: T0 : 0x14644    : c_addi16sp sp, -64         : IntAlu :  D=0x7ffffffffffffd00
2003500: system.cpu: T0 : 0x14646    : c_sdsp s1, 40(sp)          : MemWrite :  D=0x000000000006fe60 A=0x7ffffffffffffd28
2004000: system.cpu: T0 : 0x14648    : ld s1, -1360(gp)           : MemRead :  D=0x7fffffffffffff58 A=0x70ad8
2004500: system.cpu: T0 : 0x1464c    : c_sdsp ra, 56(sp)          : MemWrite :  D=0x0000000000022836 A=0x7ffffffffffffd38
2005000: system.cpu: T0 : 0x1464e    : c_sdsp s0, 48(sp)          : MemWrite :  D=0x000000000006ef80 A=0x7ffffffffffffd30
2005500: system.cpu: T0 : 0x14650    : c_sdsp s2, 32(sp)          : MemWrite :  D=0x0000000000072000 A=0x7ffffffffffffd20
2006000: system.cpu: T0 : 0x14652    : c_sdsp s3, 24(sp)          : MemWrite :  D=0x0000000000072000 A=0x7ffffffffffffd18
2006500: system.cpu: T0 : 0x14654    : c_sdsp s4, 16(sp)          : MemWrite :  D=0x0000000000070000 A=0x7ffffffffffffd10
2007000: system.cpu: T0 : 0x14656    : c_sdsp s5, 8(sp)           : MemWrite :  D=0x0000000000072000 A=0x7ffffffffffffd08
2007500: system.cpu: T0 : 0x14658    : c_sdsp s6, 0(sp)           : MemWrite :  D=0x0000000000072000 A=0x7ffffffffffffd00
2008000: system.cpu: T0 : 0x1465a    : c_beqz s1, 210             : IntAlu : 
2008500: system.cpu: T0 : 0x1465c    : lbu a5, 0(a0)              : MemRead :  D=0x000000000000004c A=0x4fe10
2009000: system.cpu: T0 : 0x14660    : c_mv s4, a0                : IntAlu :  D=0x000000000004fe10
2009500: system.cpu: T0 : 0x14662    : c_beqz a5, 202             : IntAlu : 
2010000: system.cpu: T0 : 0x14664    : lbu s5, 1(a0)              : MemRead :  D=0x0000000000000044 A=0x4fe11
2010500: system.cpu: T0 : 0x14668    : slliw s2, a5, 16           : IntAlu :  D=0x00000000004c0000
2011000: system.cpu: T0 : 0x1466c    : c_ld s0, 0(s1)             : MemRead :  D=0x0000000000000000 A=0x7fffffffffffff58
2012000: system.cpu: T0 : 0x1466e    : sraiw s2, s2, 16           : IntAlu :  D=0x000000000000004c
2013000: system.cpu: T0 : 0x14672    : bne s5, zero, 86           : IntAlu : 
2013500: system.cpu: T0 : 0x146c8    : jal ra, 42488              : IntAlu :  D=0x00000000000146cc
2014000: system.cpu: T0 : 0x1ecc0    : andi a5, a0, 7             : IntAlu :  D=0x0000000000000000
2014500: system.cpu: T0 : 0x1ecc4    : c_beqz a5, 26              : IntAlu : 
2015000: system.cpu: T0 : 0x1ecde    : c_mv a5, a0                : IntAlu :  D=0x000000000004fe10
2015500: system.cpu: T0 : 0x1ece0    : ld a6, -2024(gp)           : MemRead :  D=0xfefefefefefefeff A=0x70840
2016000: system.cpu: T0 : 0x1ece4    : ld a1, -2016(gp)           : MemRead :  D=0x8080808080808080 A=0x70848
2016500: system.cpu: T0 : 0x1ece8    : c_ld a2, 0(a5)             : MemRead :  D=0x5f444e49425f444c A=0x4fe10
2017500: system.cpu: T0 : 0x1ecea    : addi a3, a5, 8             : IntAlu :  D=0x000000000004fe18
2018500: system.cpu: T0 : 0x1ecee    : add a4, a2, a6             : IntAlu :  D=0x5e434d48415e434b
2019500: system.cpu: T0 : 0x1ecf2    : xori a2, a2, 18446744073709551615 : IntAlu :  D=0xa0bbb1b6bda0bbb3
2020000: system.cpu: T0 : 0x1ecf6    : c_and a4, a2               : IntAlu :  D=0x0003010001000303
2020500: system.cpu: T0 : 0x1ecf8    : c_and a4, a1               : IntAlu :  D=0x0000000000000000
2021000: system.cpu: T0 : 0x1ecfa    : c_beqz a4, 50              : IntAlu : 
2021500: system.cpu: T0 : 0x1ed2c    : c_mv a5, a3                : IntAlu :  D=0x000000000004fe18
2022000: system.cpu: T0 : 0x1ed2e    : c_j -70                    : IntAlu : 
2022500: system.cpu: T0 : 0x1ece8    : c_ld a2, 0(a5)             : MemRead :  D=0x0000000000574f4e A=0x4fe18
2023500: system.cpu: T0 : 0x1ecea    : addi a3, a5, 8             : IntAlu :  D=0x000000000004fe20
2024500: system.cpu: T0 : 0x1ecee    : add a4, a2, a6             : IntAlu :  D=0xfefefefeff564e4d
2025500: system.cpu: T0 : 0x1ecf2    : xori a2, a2, 18446744073709551615 : IntAlu :  D=0xffffffffffa8b0b1
2026000: system.cpu: T0 : 0x1ecf6    : c_and a4, a2               : IntAlu :  D=0xfefefefeff000001
2026500: system.cpu: T0 : 0x1ecf8    : c_and a4, a1               : IntAlu :  D=0x8080808080000000
2027000: system.cpu: T0 : 0x1ecfa    : c_beqz a4, 50              : IntAlu : 
2027500: system.cpu: T0 : 0x1ecfc    : lbu a4, -8(a3)             : MemRead :  D=0x000000000000004e A=0x4fe18
2028000: system.cpu: T0 : 0x1ed00    : c_beqz a4, -40             : IntAlu : 
2029000: system.cpu: T0 : 0x1ed02    : lbu a4, -7(a3)             : MemRead :  D=0x000000000000004f A=0x4fe19
2029500: system.cpu: T0 : 0x1ed06    : c_beqz a4, 50              : IntAlu : 
2030000: system.cpu: T0 : 0x1ed08    : lbu a4, -6(a3)             : MemRead :  D=0x0000000000000057 A=0x4fe1a
2030500: system.cpu: T0 : 0x1ed0c    : c_beqz a4, 52              : IntAlu : 
2031500: system.cpu: T0 : 0x1ed0e    : lbu a4, -5(a3)             : MemRead :  D=0x0000000000000000 A=0x4fe1b
2032000: system.cpu: T0 : 0x1ed12    : c_beqz a4, 54              : IntAlu : 
2032500: system.cpu: T0 : 0x1ed48    : c_sub a5, a0               : IntAlu :  D=0x0000000000000008
2033500: system.cpu: T0 : 0x1ed4a    : addi a0, a5, 3             : IntAlu :  D=0x000000000000000b
2034000: system.cpu: T0 : 0x1ed4e    : c_jr ra                    : IntAlu : 
2034500: system.cpu: T0 : 0x146cc    : slli a5, s5, 8             : IntAlu :  D=0x0000000000004400
2035000: system.cpu: T0 : 0x146d0    : or a5, s2, a5              : IntAlu :  D=0x000000000000444c
2035500: system.cpu: T0 : 0x146d4    : slliw s2, a5, 16           : IntAlu :  D=0x00000000444c0000
2036000: system.cpu: T0 : 0x146d8    : c_mv s3, a0                : IntAlu :  D=0x000000000000000b
2037000: system.cpu: T0 : 0x146da    : sraiw s2, s2, 16           : IntAlu :  D=0x000000000000444c
2038000: system.cpu: T0 : 0x146de    : addi s5, a0, -2            : IntAlu :  D=0x0000000000000009
2038500: system.cpu: T0 : 0x146e2    : c_addi s4, 2               : IntAlu :  D=0x000000000004fe12
2039000: system.cpu: T0 : 0x146e4    : c_beqz s0, -50             : IntAlu : 
2039500: system.cpu: T0 : 0x146b2    : c_ldsp ra, 56(sp)          : MemRead :  D=0x0000000000022836 A=0x7ffffffffffffd38
2040000: system.cpu: T0 : 0x146b4    : c_mv a0, s0                : IntAlu :  D=0x0000000000000000
2040500: system.cpu: T0 : 0x146b6    : c_ldsp s0, 48(sp)          : MemRead :  D=0x000000000006ef80 A=0x7ffffffffffffd30
2041000: system.cpu: T0 : 0x146b8    : c_ldsp s1, 40(sp)          : MemRead :  D=0x000000000006fe60 A=0x7ffffffffffffd28
2041500: system.cpu: T0 : 0x146ba    : c_ldsp s2, 32(sp)          : MemRead :  D=0x0000000000072000 A=0x7ffffffffffffd20
2042000: system.cpu: T0 : 0x146bc    : c_ldsp s3, 24(sp)          : MemRead :  D=0x0000000000072000 A=0x7ffffffffffffd18
2042500: system.cpu: T0 : 0x146be    : c_ldsp s4, 16(sp)          : MemRead :  D=0x0000000000070000 A=0x7ffffffffffffd10
2043000: system.cpu: T0 : 0x146c0    : c_ldsp s5, 8(sp)           : MemRead :  D=0x0000000000072000 A=0x7ffffffffffffd08
2043500: system.cpu: T0 : 0x146c2    : c_ldsp s6, 0(sp)           : MemRead :  D=0x0000000000072000 A=0x7ffffffffffffd00
2044000: system.cpu: T0 : 0x146c4    : c_addi16sp sp, 64          : IntAlu :  D=0x7ffffffffffffd40
2044500: system.cpu: T0 : 0x146c6    : c_jr ra                    : IntAlu : 
2045000: system.cpu: T0 : 0x22836    : c_li a5, 1                 : IntAlu :  D=0x0000000000000001
2045500: system.cpu: T0 : 0x22838    : c_beqz a0, 10              : IntAlu : 
2046500: system.cpu: T0 : 0x22842    : lui a0, 80                 : IntAlu :  D=0x0000000000050000
2047500: system.cpu: T0 : 0x22846    : lui a4, 114                : IntAlu :  D=0x0000000000072000
2048500: system.cpu: T0 : 0x2284a    : addi a0, a0, -480          : IntAlu :  D=0x000000000004fe20
2049500: system.cpu: T0 : 0x2284e    : sw a5, -488(a4)            : MemWrite :  D=0x0000000000000001 A=0x71e18
2050500: system.cpu: T0 : 0x22852    : jal ra, -57870             : IntAlu :  D=0x0000000000022856
2051000: system.cpu: T0 : 0x14644    : c_addi16sp sp, -64         : IntAlu :  D=0x7ffffffffffffd00
2051500: system.cpu: T0 : 0x14646    : c_sdsp s1, 40(sp)          : MemWrite :  D=0x000000000006fe60 A=0x7ffffffffffffd28
2052000: system.cpu: T0 : 0x14648    : ld s1, -1360(gp)           : MemRead :  D=0x7fffffffffffff58 A=0x70ad8
2052500: system.cpu: T0 : 0x1464c    : c_sdsp ra, 56(sp)          : MemWrite :  D=0x0000000000022856 A=0x7ffffffffffffd38
2053000: system.cpu: T0 : 0x1464e    : c_sdsp s0, 48(sp)          : MemWrite :  D=0x000000000006ef80 A=0x7ffffffffffffd30
2053500: system.cpu: T0 : 0x14650    : c_sdsp s2, 32(sp)          : MemWrite :  D=0x0000000000072000 A=0x7ffffffffffffd20
2054000: system.cpu: T0 : 0x14652    : c_sdsp s3, 24(sp)          : MemWrite :  D=0x0000000000072000 A=0x7ffffffffffffd18
2054500: system.cpu: T0 : 0x14654    : c_sdsp s4, 16(sp)          : MemWrite :  D=0x0000000000070000 A=0x7ffffffffffffd10
2055000: system.cpu: T0 : 0x14656    : c_sdsp s5, 8(sp)           : MemWrite :  D=0x0000000000072000 A=0x7ffffffffffffd08
2055500: system.cpu: T0 : 0x14658    : c_sdsp s6, 0(sp)           : MemWrite :  D=0x0000000000072000 A=0x7ffffffffffffd00
2056000: system.cpu: T0 : 0x1465a    : c_beqz s1, 210             : IntAlu : 
2056500: system.cpu: T0 : 0x1465c    : lbu a5, 0(a0)              : MemRead :  D=0x000000000000004c A=0x4fe20
2057000: system.cpu: T0 : 0x14660    : c_mv s4, a0                : IntAlu :  D=0x000000000004fe20
2057500: system.cpu: T0 : 0x14662    : c_beqz a5, 202             : IntAlu : 
2058000: system.cpu: T0 : 0x14664    : lbu s5, 1(a0)              : MemRead :  D=0x0000000000000044 A=0x4fe21
2058500: system.cpu: T0 : 0x14668    : slliw s2, a5, 16           : IntAlu :  D=0x00000000004c0000
2059000: system.cpu: T0 : 0x1466c    : c_ld s0, 0(s1)             : MemRead :  D=0x0000000000000000 A=0x7fffffffffffff58
2060000: system.cpu: T0 : 0x1466e    : sraiw s2, s2, 16           : IntAlu :  D=0x000000000000004c
2061000: system.cpu: T0 : 0x14672    : bne s5, zero, 86           : IntAlu : 
2061500: system.cpu: T0 : 0x146c8    : jal ra, 42488              : IntAlu :  D=0x00000000000146cc
2062000: system.cpu: T0 : 0x1ecc0    : andi a5, a0, 7             : IntAlu :  D=0x0000000000000000
2062500: system.cpu: T0 : 0x1ecc4    : c_beqz a5, 26              : IntAlu : 
2063000: system.cpu: T0 : 0x1ecde    : c_mv a5, a0                : IntAlu :  D=0x000000000004fe20
2063500: system.cpu: T0 : 0x1ece0    : ld a6, -2024(gp)           : MemRead :  D=0xfefefefefefefeff A=0x70840
2064000: system.cpu: T0 : 0x1ece4    : ld a1, -2016(gp)           : MemRead :  D=0x8080808080808080 A=0x70848
2064500: system.cpu: T0 : 0x1ece8    : c_ld a2, 0(a5)             : MemRead :  D=0x5f444e49425f444c A=0x4fe20
2065500: system.cpu: T0 : 0x1ecea    : addi a3, a5, 8             : IntAlu :  D=0x000000000004fe28
2066500: system.cpu: T0 : 0x1ecee    : add a4, a2, a6             : IntAlu :  D=0x5e434d48415e434b
2067500: system.cpu: T0 : 0x1ecf2    : xori a2, a2, 18446744073709551615 : IntAlu :  D=0xa0bbb1b6bda0bbb3
2068000: system.cpu: T0 : 0x1ecf6    : c_and a4, a2               : IntAlu :  D=0x0003010001000303
2068500: system.cpu: T0 : 0x1ecf8    : c_and a4, a1               : IntAlu :  D=0x0000000000000000
2069000: system.cpu: T0 : 0x1ecfa    : c_beqz a4, 50              : IntAlu : 
2069500: system.cpu: T0 : 0x1ed2c    : c_mv a5, a3                : IntAlu :  D=0x000000000004fe28
2070000: system.cpu: T0 : 0x1ed2e    : c_j -70                    : IntAlu : 
2070500: system.cpu: T0 : 0x1ece8    : c_ld a2, 0(a5)             : MemRead :  D=0x0000000000544f4e A=0x4fe28
2071500: system.cpu: T0 : 0x1ecea    : addi a3, a5, 8             : IntAlu :  D=0x000000000004fe30
2072500: system.cpu: T0 : 0x1ecee    : add a4, a2, a6             : IntAlu :  D=0xfefefefeff534e4d
2073500: system.cpu: T0 : 0x1ecf2    : xori a2, a2, 18446744073709551615 : IntAlu :  D=0xffffffffffabb0b1
2074000: system.cpu: T0 : 0x1ecf6    : c_and a4, a2               : IntAlu :  D=0xfefefefeff030001
2074500: system.cpu: T0 : 0x1ecf8    : c_and a4, a1               : IntAlu :  D=0x8080808080000000
2075000: system.cpu: T0 : 0x1ecfa    : c_beqz a4, 50              : IntAlu : 
2075500: system.cpu: T0 : 0x1ecfc    : lbu a4, -8(a3)             : MemRead :  D=0x000000000000004e A=0x4fe28
2076000: system.cpu: T0 : 0x1ed00    : c_beqz a4, -40             : IntAlu : 
2077000: system.cpu: T0 : 0x1ed02    : lbu a4, -7(a3)             : MemRead :  D=0x000000000000004f A=0x4fe29
2077500: system.cpu: T0 : 0x1ed06    : c_beqz a4, 50              : IntAlu : 
2078000: system.cpu: T0 : 0x1ed08    : lbu a4, -6(a3)             : MemRead :  D=0x0000000000000054 A=0x4fe2a
2078500: system.cpu: T0 : 0x1ed0c    : c_beqz a4, 52              : IntAlu : 
2079500: system.cpu: T0 : 0x1ed0e    : lbu a4, -5(a3)             : MemRead :  D=0x0000000000000000 A=0x4fe2b
2080000: system.cpu: T0 : 0x1ed12    : c_beqz a4, 54              : IntAlu : 
2080500: system.cpu: T0 : 0x1ed48    : c_sub a5, a0               : IntAlu :  D=0x0000000000000008
2081500: system.cpu: T0 : 0x1ed4a    : addi a0, a5, 3             : IntAlu :  D=0x000000000000000b
2082000: system.cpu: T0 : 0x1ed4e    : c_jr ra                    : IntAlu : 
2082500: system.cpu: T0 : 0x146cc    : slli a5, s5, 8             : IntAlu :  D=0x0000000000004400
2083000: system.cpu: T0 : 0x146d0    : or a5, s2, a5              : IntAlu :  D=0x000000000000444c
2083500: system.cpu: T0 : 0x146d4    : slliw s2, a5, 16           : IntAlu :  D=0x00000000444c0000
2084000: system.cpu: T0 : 0x146d8    : c_mv s3, a0                : IntAlu :  D=0x000000000000000b
2085000: system.cpu: T0 : 0x146da    : sraiw s2, s2, 16           : IntAlu :  D=0x000000000000444c
2086000: system.cpu: T0 : 0x146de    : addi s5, a0, -2            : IntAlu :  D=0x0000000000000009
2086500: system.cpu: T0 : 0x146e2    : c_addi s4, 2               : IntAlu :  D=0x000000000004fe22
2087000: system.cpu: T0 : 0x146e4    : c_beqz s0, -50             : IntAlu : 
2087500: system.cpu: T0 : 0x146b2    : c_ldsp ra, 56(sp)          : MemRead :  D=0x0000000000022856 A=0x7ffffffffffffd38
2088000: system.cpu: T0 : 0x146b4    : c_mv a0, s0                : IntAlu :  D=0x0000000000000000
2088500: system.cpu: T0 : 0x146b6    : c_ldsp s0, 48(sp)          : MemRead :  D=0x000000000006ef80 A=0x7ffffffffffffd30
2089000: system.cpu: T0 : 0x146b8    : c_ldsp s1, 40(sp)          : MemRead :  D=0x000000000006fe60 A=0x7ffffffffffffd28
2089500: system.cpu: T0 : 0x146ba    : c_ldsp s2, 32(sp)          : MemRead :  D=0x0000000000072000 A=0x7ffffffffffffd20
2090000: system.cpu: T0 : 0x146bc    : c_ldsp s3, 24(sp)          : MemRead :  D=0x0000000000072000 A=0x7ffffffffffffd18
2090500: system.cpu: T0 : 0x146be    : c_ldsp s4, 16(sp)          : MemRead :  D=0x0000000000070000 A=0x7ffffffffffffd10
2091000: system.cpu: T0 : 0x146c0    : c_ldsp s5, 8(sp)           : MemRead :  D=0x0000000000072000 A=0x7ffffffffffffd08
2091500: system.cpu: T0 : 0x146c2    : c_ldsp s6, 0(sp)           : MemRead :  D=0x0000000000072000 A=0x7ffffffffffffd00
2092000: system.cpu: T0 : 0x146c4    : c_addi16sp sp, 64          : IntAlu :  D=0x7ffffffffffffd40
2092500: system.cpu: T0 : 0x146c6    : c_jr ra                    : IntAlu : 
2093000: system.cpu: T0 : 0x22856    : c_li a5, 0                 : IntAlu :  D=0x0000000000000000
2093500: system.cpu: T0 : 0x22858    : c_beqz a0, 10              : IntAlu : 
2094500: system.cpu: T0 : 0x22862    : lui a0, 80                 : IntAlu :  D=0x0000000000050000
2095500: system.cpu: T0 : 0x22866    : lui a4, 114                : IntAlu :  D=0x0000000000072000
2096500: system.cpu: T0 : 0x2286a    : addi a0, a0, -464          : IntAlu :  D=0x000000000004fe30
2097500: system.cpu: T0 : 0x2286e    : sw a5, -512(a4)            : MemWrite :  D=0x0000000000000000 A=0x71e00
2098500: system.cpu: T0 : 0x22872    : jal ra, -57902             : IntAlu :  D=0x0000000000022876
2099000: system.cpu: T0 : 0x14644    : c_addi16sp sp, -64         : IntAlu :  D=0x7ffffffffffffd00
2099500: system.cpu: T0 : 0x14646    : c_sdsp s1, 40(sp)          : MemWrite :  D=0x000000000006fe60 A=0x7ffffffffffffd28
2100000: system.cpu: T0 : 0x14648    : ld s1, -1360(gp)           : MemRead :  D=0x7fffffffffffff58 A=0x70ad8
2100500: system.cpu: T0 : 0x1464c    : c_sdsp ra, 56(sp)          : MemWrite :  D=0x0000000000022876 A=0x7ffffffffffffd38
2101000: system.cpu: T0 : 0x1464e    : c_sdsp s0, 48(sp)          : MemWrite :  D=0x000000000006ef80 A=0x7ffffffffffffd30
2101500: system.cpu: T0 : 0x14650    : c_sdsp s2, 32(sp)          : MemWrite :  D=0x0000000000072000 A=0x7ffffffffffffd20
2102000: system.cpu: T0 : 0x14652    : c_sdsp s3, 24(sp)          : MemWrite :  D=0x0000000000072000 A=0x7ffffffffffffd18
2102500: system.cpu: T0 : 0x14654    : c_sdsp s4, 16(sp)          : MemWrite :  D=0x0000000000070000 A=0x7ffffffffffffd10
2103000: system.cpu: T0 : 0x14656    : c_sdsp s5, 8(sp)           : MemWrite :  D=0x0000000000072000 A=0x7ffffffffffffd08
2103500: system.cpu: T0 : 0x14658    : c_sdsp s6, 0(sp)           : MemWrite :  D=0x0000000000072000 A=0x7ffffffffffffd00
2104000: system.cpu: T0 : 0x1465a    : c_beqz s1, 210             : IntAlu : 
2104500: system.cpu: T0 : 0x1465c    : lbu a5, 0(a0)              : MemRead :  D=0x000000000000004c A=0x4fe30
2105000: system.cpu: T0 : 0x14660    : c_mv s4, a0                : IntAlu :  D=0x000000000004fe30
2105500: system.cpu: T0 : 0x14662    : c_beqz a5, 202             : IntAlu : 
2106000: system.cpu: T0 : 0x14664    : lbu s5, 1(a0)              : MemRead :  D=0x0000000000000044 A=0x4fe31
2106500: system.cpu: T0 : 0x14668    : slliw s2, a5, 16           : IntAlu :  D=0x00000000004c0000
2107000: system.cpu: T0 : 0x1466c    : c_ld s0, 0(s1)             : MemRead :  D=0x0000000000000000 A=0x7fffffffffffff58
2108000: system.cpu: T0 : 0x1466e    : sraiw s2, s2, 16           : IntAlu :  D=0x000000000000004c
2109000: system.cpu: T0 : 0x14672    : bne s5, zero, 86           : IntAlu : 
2109500: system.cpu: T0 : 0x146c8    : jal ra, 42488              : IntAlu :  D=0x00000000000146cc
2110000: system.cpu: T0 : 0x1ecc0    : andi a5, a0, 7             : IntAlu :  D=0x0000000000000000
2110500: system.cpu: T0 : 0x1ecc4    : c_beqz a5, 26              : IntAlu : 
2111000: system.cpu: T0 : 0x1ecde    : c_mv a5, a0                : IntAlu :  D=0x000000000004fe30
2111500: system.cpu: T0 : 0x1ece0    : ld a6, -2024(gp)           : MemRead :  D=0xfefefefefefefeff A=0x70840
2112000: system.cpu: T0 : 0x1ece4    : ld a1, -2016(gp)           : MemRead :  D=0x8080808080808080 A=0x70848
2112500: system.cpu: T0 : 0x1ece8    : c_ld a2, 0(a5)             : MemRead :  D=0x4d414e59445f444c A=0x4fe30
2113500: system.cpu: T0 : 0x1ecea    : addi a3, a5, 8             : IntAlu :  D=0x000000000004fe38
2114500: system.cpu: T0 : 0x1ecee    : add a4, a2, a6             : IntAlu :  D=0x4c404d58435e434b
2115500: system.cpu: T0 : 0x1ecf2    : xori a2, a2, 18446744073709551615 : IntAlu :  D=0xb2beb1a6bba0bbb3
2116000: system.cpu: T0 : 0x1ecf6    : c_and a4, a2               : IntAlu :  D=0x0000010003000303
2116500: system.cpu: T0 : 0x1ecf8    : c_and a4, a1               : IntAlu :  D=0x0000000000000000
2117000: system.cpu: T0 : 0x1ecfa    : c_beqz a4, 50              : IntAlu : 
2117500: system.cpu: T0 : 0x1ed2c    : c_mv a5, a3                : IntAlu :  D=0x000000000004fe38
2118000: system.cpu: T0 : 0x1ed2e    : c_j -70                    : IntAlu : 
2118500: system.cpu: T0 : 0x1ece8    : c_ld a2, 0(a5)             : MemRead :  D=0x004b4145575f4349 A=0x4fe38
2119500: system.cpu: T0 : 0x1ecea    : addi a3, a5, 8             : IntAlu :  D=0x000000000004fe40
2120500: system.cpu: T0 : 0x1ecee    : add a4, a2, a6             : IntAlu :  D=0xff4a4044565e4248
2121500: system.cpu: T0 : 0x1ecf2    : xori a2, a2, 18446744073709551615 : IntAlu :  D=0xffb4bebaa8a0bcb6
2122000: system.cpu: T0 : 0x1ecf6    : c_and a4, a2               : IntAlu :  D=0xff00000000000000
2122500: system.cpu: T0 : 0x1ecf8    : c_and a4, a1               : IntAlu :  D=0x8000000000000000
2123000: system.cpu: T0 : 0x1ecfa    : c_beqz a4, 50              : IntAlu : 
2123500: system.cpu: T0 : 0x1ecfc    : lbu a4, -8(a3)             : MemRead :  D=0x0000000000000049 A=0x4fe38
2124000: system.cpu: T0 : 0x1ed00    : c_beqz a4, -40             : IntAlu : 
2125000: system.cpu: T0 : 0x1ed02    : lbu a4, -7(a3)             : MemRead :  D=0x0000000000000043 A=0x4fe39
2125500: system.cpu: T0 : 0x1ed06    : c_beqz a4, 50              : IntAlu : 
2126000: system.cpu: T0 : 0x1ed08    : lbu a4, -6(a3)             : MemRead :  D=0x000000000000005f A=0x4fe3a
2126500: system.cpu: T0 : 0x1ed0c    : c_beqz a4, 52              : IntAlu : 
2127500: system.cpu: T0 : 0x1ed0e    : lbu a4, -5(a3)             : MemRead :  D=0x0000000000000057 A=0x4fe3b
2128000: system.cpu: T0 : 0x1ed12    : c_beqz a4, 54              : IntAlu : 
2128500: system.cpu: T0 : 0x1ed14    : lbu a4, -4(a3)             : MemRead :  D=0x0000000000000045 A=0x4fe3c
2129000: system.cpu: T0 : 0x1ed18    : c_beqz a4, 56              : IntAlu : 
2130000: system.cpu: T0 : 0x1ed1a    : lbu a4, -3(a3)             : MemRead :  D=0x0000000000000041 A=0x4fe3d
2130500: system.cpu: T0 : 0x1ed1e    : c_beqz a4, 58              : IntAlu : 
2131000: system.cpu: T0 : 0x1ed20    : lbu a4, -2(a3)             : MemRead :  D=0x000000000000004b A=0x4fe3e
2131500: system.cpu: T0 : 0x1ed24    : c_beqz a4, 60              : IntAlu : 
2132500: system.cpu: T0 : 0x1ed26    : lbu a4, -1(a3)             : MemRead :  D=0x0000000000000000 A=0x4fe3f
2133000: system.cpu: T0 : 0x1ed2a    : c_beqz a4, 6               : IntAlu : 
2133500: system.cpu: T0 : 0x1ed30    : c_sub a5, a0               : IntAlu :  D=0x0000000000000008
2134500: system.cpu: T0 : 0x1ed32    : addi a0, a5, 7             : IntAlu :  D=0x000000000000000f
2135000: system.cpu: T0 : 0x1ed36    : c_jr ra                    : IntAlu : 
2135500: system.cpu: T0 : 0x146cc    : slli a5, s5, 8             : IntAlu :  D=0x0000000000004400
2136000: system.cpu: T0 : 0x146d0    : or a5, s2, a5              : IntAlu :  D=0x000000000000444c
2136500: system.cpu: T0 : 0x146d4    : slliw s2, a5, 16           : IntAlu :  D=0x00000000444c0000
2137000: system.cpu: T0 : 0x146d8    : c_mv s3, a0                : IntAlu :  D=0x000000000000000f
2138000: system.cpu: T0 : 0x146da    : sraiw s2, s2, 16           : IntAlu :  D=0x000000000000444c
2139000: system.cpu: T0 : 0x146de    : addi s5, a0, -2            : IntAlu :  D=0x000000000000000d
2139500: system.cpu: T0 : 0x146e2    : c_addi s4, 2               : IntAlu :  D=0x000000000004fe32
2140000: system.cpu: T0 : 0x146e4    : c_beqz s0, -50             : IntAlu : 
2140500: system.cpu: T0 : 0x146b2    : c_ldsp ra, 56(sp)          : MemRead :  D=0x0000000000022876 A=0x7ffffffffffffd38
2141000: system.cpu: T0 : 0x146b4    : c_mv a0, s0                : IntAlu :  D=0x0000000000000000
2141500: system.cpu: T0 : 0x146b6    : c_ldsp s0, 48(sp)          : MemRead :  D=0x000000000006ef80 A=0x7ffffffffffffd30
2142000: system.cpu: T0 : 0x146b8    : c_ldsp s1, 40(sp)          : MemRead :  D=0x000000000006fe60 A=0x7ffffffffffffd28
2142500: system.cpu: T0 : 0x146ba    : c_ldsp s2, 32(sp)          : MemRead :  D=0x0000000000072000 A=0x7ffffffffffffd20
2143000: system.cpu: T0 : 0x146bc    : c_ldsp s3, 24(sp)          : MemRead :  D=0x0000000000072000 A=0x7ffffffffffffd18
2143500: system.cpu: T0 : 0x146be    : c_ldsp s4, 16(sp)          : MemRead :  D=0x0000000000070000 A=0x7ffffffffffffd10
2144000: system.cpu: T0 : 0x146c0    : c_ldsp s5, 8(sp)           : MemRead :  D=0x0000000000072000 A=0x7ffffffffffffd08
2144500: system.cpu: T0 : 0x146c2    : c_ldsp s6, 0(sp)           : MemRead :  D=0x0000000000072000 A=0x7ffffffffffffd00
2145000: system.cpu: T0 : 0x146c4    : c_addi16sp sp, 64          : IntAlu :  D=0x7ffffffffffffd40
2145500: system.cpu: T0 : 0x146c6    : c_jr ra                    : IntAlu : 
2146000: system.cpu: T0 : 0x22876    : c_li a5, 1                 : IntAlu :  D=0x0000000000000001
2146500: system.cpu: T0 : 0x22878    : c_beqz a0, 10              : IntAlu : 
2147500: system.cpu: T0 : 0x22882    : lui a0, 80                 : IntAlu :  D=0x0000000000050000
2148500: system.cpu: T0 : 0x22886    : lui a4, 114                : IntAlu :  D=0x0000000000072000
2149500: system.cpu: T0 : 0x2288a    : addi a0, a0, -448          : IntAlu :  D=0x000000000004fe40
2150500: system.cpu: T0 : 0x2288e    : sw a5, -436(a4)            : MemWrite :  D=0x0000000000000001 A=0x71e4c
2151500: system.cpu: T0 : 0x22892    : jal ra, -57934             : IntAlu :  D=0x0000000000022896
2152000: system.cpu: T0 : 0x14644    : c_addi16sp sp, -64         : IntAlu :  D=0x7ffffffffffffd00
2152500: system.cpu: T0 : 0x14646    : c_sdsp s1, 40(sp)          : MemWrite :  D=0x000000000006fe60 A=0x7ffffffffffffd28
2153000: system.cpu: T0 : 0x14648    : ld s1, -1360(gp)           : MemRead :  D=0x7fffffffffffff58 A=0x70ad8
2153500: system.cpu: T0 : 0x1464c    : c_sdsp ra, 56(sp)          : MemWrite :  D=0x0000000000022896 A=0x7ffffffffffffd38
2154000: system.cpu: T0 : 0x1464e    : c_sdsp s0, 48(sp)          : MemWrite :  D=0x000000000006ef80 A=0x7ffffffffffffd30
2154500: system.cpu: T0 : 0x14650    : c_sdsp s2, 32(sp)          : MemWrite :  D=0x0000000000072000 A=0x7ffffffffffffd20
2155000: system.cpu: T0 : 0x14652    : c_sdsp s3, 24(sp)          : MemWrite :  D=0x0000000000072000 A=0x7ffffffffffffd18
2155500: system.cpu: T0 : 0x14654    : c_sdsp s4, 16(sp)          : MemWrite :  D=0x0000000000070000 A=0x7ffffffffffffd10
2156000: system.cpu: T0 : 0x14656    : c_sdsp s5, 8(sp)           : MemWrite :  D=0x0000000000072000 A=0x7ffffffffffffd08
2156500: system.cpu: T0 : 0x14658    : c_sdsp s6, 0(sp)           : MemWrite :  D=0x0000000000072000 A=0x7ffffffffffffd00
2157000: system.cpu: T0 : 0x1465a    : c_beqz s1, 210             : IntAlu : 
2157500: system.cpu: T0 : 0x1465c    : lbu a5, 0(a0)              : MemRead :  D=0x000000000000004c A=0x4fe40
2158000: system.cpu: T0 : 0x14660    : c_mv s4, a0                : IntAlu :  D=0x000000000004fe40
2158500: system.cpu: T0 : 0x14662    : c_beqz a5, 202             : IntAlu : 
2159000: system.cpu: T0 : 0x14664    : lbu s5, 1(a0)              : MemRead :  D=0x0000000000000044 A=0x4fe41
2159500: system.cpu: T0 : 0x14668    : slliw s2, a5, 16           : IntAlu :  D=0x00000000004c0000
2160000: system.cpu: T0 : 0x1466c    : c_ld s0, 0(s1)             : MemRead :  D=0x0000000000000000 A=0x7fffffffffffff58
2161000: system.cpu: T0 : 0x1466e    : sraiw s2, s2, 16           : IntAlu :  D=0x000000000000004c
2162000: system.cpu: T0 : 0x14672    : bne s5, zero, 86           : IntAlu : 
2162500: system.cpu: T0 : 0x146c8    : jal ra, 42488              : IntAlu :  D=0x00000000000146cc
2163000: system.cpu: T0 : 0x1ecc0    : andi a5, a0, 7             : IntAlu :  D=0x0000000000000000
2163500: system.cpu: T0 : 0x1ecc4    : c_beqz a5, 26              : IntAlu : 
2164000: system.cpu: T0 : 0x1ecde    : c_mv a5, a0                : IntAlu :  D=0x000000000004fe40
2164500: system.cpu: T0 : 0x1ece0    : ld a6, -2024(gp)           : MemRead :  D=0xfefefefefefefeff A=0x70840
2165000: system.cpu: T0 : 0x1ece4    : ld a1, -2016(gp)           : MemRead :  D=0x8080808080808080 A=0x70848
2165500: system.cpu: T0 : 0x1ece8    : c_ld a2, 0(a5)             : MemRead :  D=0x49464f52505f444c A=0x4fe40
2166500: system.cpu: T0 : 0x1ecea    : addi a3, a5, 8             : IntAlu :  D=0x000000000004fe48
2167500: system.cpu: T0 : 0x1ecee    : add a4, a2, a6             : IntAlu :  D=0x48454e514f5e434b
2168500: system.cpu: T0 : 0x1ecf2    : xori a2, a2, 18446744073709551615 : IntAlu :  D=0xb6b9b0adafa0bbb3
2169000: system.cpu: T0 : 0x1ecf6    : c_and a4, a2               : IntAlu :  D=0x000100010f000303
2169500: system.cpu: T0 : 0x1ecf8    : c_and a4, a1               : IntAlu :  D=0x0000000000000000
2170000: system.cpu: T0 : 0x1ecfa    : c_beqz a4, 50              : IntAlu : 
2170500: system.cpu: T0 : 0x1ed2c    : c_mv a5, a3                : IntAlu :  D=0x000000000004fe48
2171000: system.cpu: T0 : 0x1ed2e    : c_j -70                    : IntAlu : 
2171500: system.cpu: T0 : 0x1ece8    : c_ld a2, 0(a5)             : MemRead :  D=0x555054554f5f454c A=0x4fe48
2172500: system.cpu: T0 : 0x1ecea    : addi a3, a5, 8             : IntAlu :  D=0x000000000004fe50
2173500: system.cpu: T0 : 0x1ecee    : add a4, a2, a6             : IntAlu :  D=0x544f53544e5e444b
2174500: system.cpu: T0 : 0x1ecf2    : xori a2, a2, 18446744073709551615 : IntAlu :  D=0xaaafabaab0a0bab3
2175000: system.cpu: T0 : 0x1ecf6    : c_and a4, a2               : IntAlu :  D=0x000f030000000003
2175500: system.cpu: T0 : 0x1ecf8    : c_and a4, a1               : IntAlu :  D=0x0000000000000000
2176000: system.cpu: T0 : 0x1ecfa    : c_beqz a4, 50              : IntAlu : 
2176500: system.cpu: T0 : 0x1ed2c    : c_mv a5, a3                : IntAlu :  D=0x000000000004fe50
2177000: system.cpu: T0 : 0x1ed2e    : c_j -70                    : IntAlu : 
2177500: system.cpu: T0 : 0x1ece8    : c_ld a2, 0(a5)             : MemRead :  D=0x0000000000000054 A=0x4fe50
2178500: system.cpu: T0 : 0x1ecea    : addi a3, a5, 8             : IntAlu :  D=0x000000000004fe58
2179500: system.cpu: T0 : 0x1ecee    : add a4, a2, a6             : IntAlu :  D=0xfefefefefefeff53
2180500: system.cpu: T0 : 0x1ecf2    : xori a2, a2, 18446744073709551615 : IntAlu :  D=0xffffffffffffffab
2181000: system.cpu: T0 : 0x1ecf6    : c_and a4, a2               : IntAlu :  D=0xfefefefefefeff03
2181500: system.cpu: T0 : 0x1ecf8    : c_and a4, a1               : IntAlu :  D=0x8080808080808000
2182000: system.cpu: T0 : 0x1ecfa    : c_beqz a4, 50              : IntAlu : 
2182500: system.cpu: T0 : 0x1ecfc    : lbu a4, -8(a3)             : MemRead :  D=0x0000000000000054 A=0x4fe50
2183000: system.cpu: T0 : 0x1ed00    : c_beqz a4, -40             : IntAlu : 
2184000: system.cpu: T0 : 0x1ed02    : lbu a4, -7(a3)             : MemRead :  D=0x0000000000000000 A=0x4fe51
2184500: system.cpu: T0 : 0x1ed06    : c_beqz a4, 50              : IntAlu : 
2185000: system.cpu: T0 : 0x1ed38    : c_sub a5, a0               : IntAlu :  D=0x0000000000000010
2186000: system.cpu: T0 : 0x1ed3a    : addi a0, a5, 1             : IntAlu :  D=0x0000000000000011
2186500: system.cpu: T0 : 0x1ed3e    : c_jr ra                    : IntAlu : 
2187000: system.cpu: T0 : 0x146cc    : slli a5, s5, 8             : IntAlu :  D=0x0000000000004400
2187500: system.cpu: T0 : 0x146d0    : or a5, s2, a5              : IntAlu :  D=0x000000000000444c
2188000: system.cpu: T0 : 0x146d4    : slliw s2, a5, 16           : IntAlu :  D=0x00000000444c0000
2188500: system.cpu: T0 : 0x146d8    : c_mv s3, a0                : IntAlu :  D=0x0000000000000011
2189500: system.cpu: T0 : 0x146da    : sraiw s2, s2, 16           : IntAlu :  D=0x000000000000444c
2190500: system.cpu: T0 : 0x146de    : addi s5, a0, -2            : IntAlu :  D=0x000000000000000f
2191000: system.cpu: T0 : 0x146e2    : c_addi s4, 2               : IntAlu :  D=0x000000000004fe42
2191500: system.cpu: T0 : 0x146e4    : c_beqz s0, -50             : IntAlu : 
2192000: system.cpu: T0 : 0x146b2    : c_ldsp ra, 56(sp)          : MemRead :  D=0x0000000000022896 A=0x7ffffffffffffd38
2192500: system.cpu: T0 : 0x146b4    : c_mv a0, s0                : IntAlu :  D=0x0000000000000000
2193000: system.cpu: T0 : 0x146b6    : c_ldsp s0, 48(sp)          : MemRead :  D=0x000000000006ef80 A=0x7ffffffffffffd30
2193500: system.cpu: T0 : 0x146b8    : c_ldsp s1, 40(sp)          : MemRead :  D=0x000000000006fe60 A=0x7ffffffffffffd28
2194000: system.cpu: T0 : 0x146ba    : c_ldsp s2, 32(sp)          : MemRead :  D=0x0000000000072000 A=0x7ffffffffffffd20
2194500: system.cpu: T0 : 0x146bc    : c_ldsp s3, 24(sp)          : MemRead :  D=0x0000000000072000 A=0x7ffffffffffffd18
2195000: system.cpu: T0 : 0x146be    : c_ldsp s4, 16(sp)          : MemRead :  D=0x0000000000070000 A=0x7ffffffffffffd10
2195500: system.cpu: T0 : 0x146c0    : c_ldsp s5, 8(sp)           : MemRead :  D=0x0000000000072000 A=0x7ffffffffffffd08
2196000: system.cpu: T0 : 0x146c2    : c_ldsp s6, 0(sp)           : MemRead :  D=0x0000000000072000 A=0x7ffffffffffffd00
2196500: system.cpu: T0 : 0x146c4    : c_addi16sp sp, 64          : IntAlu :  D=0x7ffffffffffffd40
2197000: system.cpu: T0 : 0x146c6    : c_jr ra                    : IntAlu : 
2198000: system.cpu: T0 : 0x22896    : lui a4, 114                : IntAlu :  D=0x0000000000072000
2199000: system.cpu: T0 : 0x2289a    : sd a0, -552(a4)            : MemWrite :  D=0x0000000000000000 A=0x71dd8
2200000: system.cpu: T0 : 0x2289e    : beq a0, zero, 550          : IntAlu : 
2200500: system.cpu: T0 : 0x22ac4    : lui a5, 111                : IntAlu :  D=0x000000000006f000
2201000: system.cpu: T0 : 0x22ac8    : lw a5, -72(a5)             : MemRead :  D=0x0000000000000000 A=0x6efb8
2201500: system.cpu: T0 : 0x22acc    : c_beqz a5, -140            : IntAlu : 
2202000: system.cpu: T0 : 0x22a40    : lui a3, 80                 : IntAlu :  D=0x0000000000050000
2202500: system.cpu: T0 : 0x22a44    : addi a3, a3, -1168         : IntAlu :  D=0x000000000004fb70
2203000: system.cpu: T0 : 0x22a48    : c_j -396                   : IntAlu : 
2203500: system.cpu: T0 : 0x228bc    : sd a3, -552(a4)            : MemWrite :  D=0x000000000004fb70 A=0x71dd8
2204000: system.cpu: T0 : 0x228c0    : bne a5, zero, 344          : IntAlu : 
2204500: system.cpu: T0 : 0x228c4    : lui a0, 80                 : IntAlu :  D=0x0000000000050000
2205000: system.cpu: T0 : 0x228c8    : addi a0, a0, -424          : IntAlu :  D=0x000000000004fe58
2205500: system.cpu: T0 : 0x228cc    : jal ra, -57992             : IntAlu :  D=0x00000000000228d0
2206000: system.cpu: T0 : 0x14644    : c_addi16sp sp, -64         : IntAlu :  D=0x7ffffffffffffd00
2206500: system.cpu: T0 : 0x14646    : c_sdsp s1, 40(sp)          : MemWrite :  D=0x000000000006fe60 A=0x7ffffffffffffd28
2207000: system.cpu: T0 : 0x14648    : ld s1, -1360(gp)           : MemRead :  D=0x7fffffffffffff58 A=0x70ad8
2207500: system.cpu: T0 : 0x1464c    : c_sdsp ra, 56(sp)          : MemWrite :  D=0x00000000000228d0 A=0x7ffffffffffffd38
2208000: system.cpu: T0 : 0x1464e    : c_sdsp s0, 48(sp)          : MemWrite :  D=0x000000000006ef80 A=0x7ffffffffffffd30
2208500: system.cpu: T0 : 0x14650    : c_sdsp s2, 32(sp)          : MemWrite :  D=0x0000000000072000 A=0x7ffffffffffffd20
2209000: system.cpu: T0 : 0x14652    : c_sdsp s3, 24(sp)          : MemWrite :  D=0x0000000000072000 A=0x7ffffffffffffd18
2209500: system.cpu: T0 : 0x14654    : c_sdsp s4, 16(sp)          : MemWrite :  D=0x0000000000070000 A=0x7ffffffffffffd10
2210000: system.cpu: T0 : 0x14656    : c_sdsp s5, 8(sp)           : MemWrite :  D=0x0000000000072000 A=0x7ffffffffffffd08
2210500: system.cpu: T0 : 0x14658    : c_sdsp s6, 0(sp)           : MemWrite :  D=0x0000000000072000 A=0x7ffffffffffffd00
2211000: system.cpu: T0 : 0x1465a    : c_beqz s1, 210             : IntAlu : 
2211500: system.cpu: T0 : 0x1465c    : lbu a5, 0(a0)              : MemRead :  D=0x000000000000004c A=0x4fe58
2212000: system.cpu: T0 : 0x14660    : c_mv s4, a0                : IntAlu :  D=0x000000000004fe58
2212500: system.cpu: T0 : 0x14662    : c_beqz a5, 202             : IntAlu : 
2213000: system.cpu: T0 : 0x14664    : lbu s5, 1(a0)              : MemRead :  D=0x0000000000000044 A=0x4fe59
2213500: system.cpu: T0 : 0x14668    : slliw s2, a5, 16           : IntAlu :  D=0x00000000004c0000
2214000: system.cpu: T0 : 0x1466c    : c_ld s0, 0(s1)             : MemRead :  D=0x0000000000000000 A=0x7fffffffffffff58
2215000: system.cpu: T0 : 0x1466e    : sraiw s2, s2, 16           : IntAlu :  D=0x000000000000004c
2216000: system.cpu: T0 : 0x14672    : bne s5, zero, 86           : IntAlu : 
2216500: system.cpu: T0 : 0x146c8    : jal ra, 42488              : IntAlu :  D=0x00000000000146cc
2217000: system.cpu: T0 : 0x1ecc0    : andi a5, a0, 7             : IntAlu :  D=0x0000000000000000
2217500: system.cpu: T0 : 0x1ecc4    : c_beqz a5, 26              : IntAlu : 
2218000: system.cpu: T0 : 0x1ecde    : c_mv a5, a0                : IntAlu :  D=0x000000000004fe58
2218500: system.cpu: T0 : 0x1ece0    : ld a6, -2024(gp)           : MemRead :  D=0xfefefefefefefeff A=0x70840
2219000: system.cpu: T0 : 0x1ece4    : ld a1, -2016(gp)           : MemRead :  D=0x8080808080808080 A=0x70848
2219500: system.cpu: T0 : 0x1ece8    : c_ld a2, 0(a5)             : MemRead :  D=0x4d555353415f444c A=0x4fe58
2220500: system.cpu: T0 : 0x1ecea    : addi a3, a5, 8             : IntAlu :  D=0x000000000004fe60
2221500: system.cpu: T0 : 0x1ecee    : add a4, a2, a6             : IntAlu :  D=0x4c545252405e434b
2222500: system.cpu: T0 : 0x1ecf2    : xori a2, a2, 18446744073709551615 : IntAlu :  D=0xb2aaacacbea0bbb3
2223000: system.cpu: T0 : 0x1ecf6    : c_and a4, a2               : IntAlu :  D=0x0000000000000303
2223500: system.cpu: T0 : 0x1ecf8    : c_and a4, a1               : IntAlu :  D=0x0000000000000000
2224000: system.cpu: T0 : 0x1ecfa    : c_beqz a4, 50              : IntAlu : 
2224500: system.cpu: T0 : 0x1ed2c    : c_mv a5, a3                : IntAlu :  D=0x000000000004fe60
2225000: system.cpu: T0 : 0x1ed2e    : c_j -70                    : IntAlu : 
2225500: system.cpu: T0 : 0x1ece8    : c_ld a2, 0(a5)             : MemRead :  D=0x4c454e52454b5f45 A=0x4fe60
2226500: system.cpu: T0 : 0x1ecea    : addi a3, a5, 8             : IntAlu :  D=0x000000000004fe68
2227500: system.cpu: T0 : 0x1ecee    : add a4, a2, a6             : IntAlu :  D=0x4b444d51444a5e44
2228500: system.cpu: T0 : 0x1ecf2    : xori a2, a2, 18446744073709551615 : IntAlu :  D=0xb3bab1adbab4a0ba
2229000: system.cpu: T0 : 0x1ecf6    : c_and a4, a2               : IntAlu :  D=0x0300010100000000
2229500: system.cpu: T0 : 0x1ecf8    : c_and a4, a1               : IntAlu :  D=0x0000000000000000
2230000: system.cpu: T0 : 0x1ecfa    : c_beqz a4, 50              : IntAlu : 
2230500: system.cpu: T0 : 0x1ed2c    : c_mv a5, a3                : IntAlu :  D=0x000000000004fe68
2231000: system.cpu: T0 : 0x1ed2e    : c_j -70                    : IntAlu : 
2231500: system.cpu: T0 : 0x1ece8    : c_ld a2, 0(a5)             : MemRead :  D=0x0000000000000000 A=0x4fe68
2232500: system.cpu: T0 : 0x1ecea    : addi a3, a5, 8             : IntAlu :  D=0x000000000004fe70
2233500: system.cpu: T0 : 0x1ecee    : add a4, a2, a6             : IntAlu :  D=0xfefefefefefefeff
2234500: system.cpu: T0 : 0x1ecf2    : xori a2, a2, 18446744073709551615 : IntAlu :  D=0xffffffffffffffff
2235000: system.cpu: T0 : 0x1ecf6    : c_and a4, a2               : IntAlu :  D=0xfefefefefefefeff
2235500: system.cpu: T0 : 0x1ecf8    : c_and a4, a1               : IntAlu :  D=0x8080808080808080
2236000: system.cpu: T0 : 0x1ecfa    : c_beqz a4, 50              : IntAlu : 
2236500: system.cpu: T0 : 0x1ecfc    : lbu a4, -8(a3)             : MemRead :  D=0x0000000000000000 A=0x4fe68
2237000: system.cpu: T0 : 0x1ed00    : c_beqz a4, -40             : IntAlu : 
2237500: system.cpu: T0 : 0x1ecd8    : sub a0, a5, a0             : IntAlu :  D=0x0000000000000010
2238000: system.cpu: T0 : 0x1ecdc    : c_jr ra                    : IntAlu : 
2238500: system.cpu: T0 : 0x146cc    : slli a5, s5, 8             : IntAlu :  D=0x0000000000004400
2239000: system.cpu: T0 : 0x146d0    : or a5, s2, a5              : IntAlu :  D=0x000000000000444c
2239500: system.cpu: T0 : 0x146d4    : slliw s2, a5, 16           : IntAlu :  D=0x00000000444c0000
2240000: system.cpu: T0 : 0x146d8    : c_mv s3, a0                : IntAlu :  D=0x0000000000000010
2241000: system.cpu: T0 : 0x146da    : sraiw s2, s2, 16           : IntAlu :  D=0x000000000000444c
2242000: system.cpu: T0 : 0x146de    : addi s5, a0, -2            : IntAlu :  D=0x000000000000000e
2242500: system.cpu: T0 : 0x146e2    : c_addi s4, 2               : IntAlu :  D=0x000000000004fe5a
2243000: system.cpu: T0 : 0x146e4    : c_beqz s0, -50             : IntAlu : 
2243500: system.cpu: T0 : 0x146b2    : c_ldsp ra, 56(sp)          : MemRead :  D=0x00000000000228d0 A=0x7ffffffffffffd38
2244000: system.cpu: T0 : 0x146b4    : c_mv a0, s0                : IntAlu :  D=0x0000000000000000
2244500: system.cpu: T0 : 0x146b6    : c_ldsp s0, 48(sp)          : MemRead :  D=0x000000000006ef80 A=0x7ffffffffffffd30
2245000: system.cpu: T0 : 0x146b8    : c_ldsp s1, 40(sp)          : MemRead :  D=0x000000000006fe60 A=0x7ffffffffffffd28
2245500: system.cpu: T0 : 0x146ba    : c_ldsp s2, 32(sp)          : MemRead :  D=0x0000000000072000 A=0x7ffffffffffffd20
2246000: system.cpu: T0 : 0x146bc    : c_ldsp s3, 24(sp)          : MemRead :  D=0x0000000000072000 A=0x7ffffffffffffd18
2246500: system.cpu: T0 : 0x146be    : c_ldsp s4, 16(sp)          : MemRead :  D=0x0000000000070000 A=0x7ffffffffffffd10
2247000: system.cpu: T0 : 0x146c0    : c_ldsp s5, 8(sp)           : MemRead :  D=0x0000000000072000 A=0x7ffffffffffffd08
2247500: system.cpu: T0 : 0x146c2    : c_ldsp s6, 0(sp)           : MemRead :  D=0x0000000000072000 A=0x7ffffffffffffd00
2248000: system.cpu: T0 : 0x146c4    : c_addi16sp sp, 64          : IntAlu :  D=0x7ffffffffffffd40
2248500: system.cpu: T0 : 0x146c6    : c_jr ra                    : IntAlu : 
2249000: system.cpu: T0 : 0x228d0    : c_mv s0, a0                : IntAlu :  D=0x0000000000000000
2249500: system.cpu: T0 : 0x228d2    : c_beqz a0, 76              : IntAlu : 
2250500: system.cpu: T0 : 0x2291e    : lui a5, 114                : IntAlu :  D=0x0000000000072000
2251500: system.cpu: T0 : 0x22922    : ld a0, -496(a5)            : MemRead :  D=0x0000000000000000 A=0x71e10
2252000: system.cpu: T0 : 0x22926    : c_beqz a0, 14              : IntAlu : 
2252500: system.cpu: T0 : 0x22934    : ld a5, -464(s2)            : MemRead :  D=0x0000000000010040 A=0x71e30
2253000: system.cpu: T0 : 0x22938    : ld t3, 1120(s1)            : MemRead :  D=0x0000000000000000 A=0x702c0
2253500: system.cpu: T0 : 0x2293c    : c_beqz a5, 110             : IntAlu : 
2254500: system.cpu: T0 : 0x2293e    : ld a4, -408(s3)            : MemRead :  D=0x0000000000000006 A=0x71e68
2255500: system.cpu: T0 : 0x22942    : slli a3, a4, 3             : IntAlu :  D=0x0000000000000030
2256000: system.cpu: T0 : 0x22946    : c_sub a3, a4               : IntAlu :  D=0x000000000000002a
2256500: system.cpu: T0 : 0x22948    : c_slli a3, 3               : IntAlu :  D=0x0000000000000150
2257000: system.cpu: T0 : 0x2294a    : c_add a3, a5               : IntAlu :  D=0x0000000000010190
2257500: system.cpu: T0 : 0x2294c    : bgeu a5, a3, 94            : IntAlu : 
2258000: system.cpu: T0 : 0x22950    : lui a2, 411470             : IntAlu :  D=0x000000006474e000
2258500: system.cpu: T0 : 0x22954    : addi a1, a2, 1361          : IntAlu :  D=0x000000006474e551
2259000: system.cpu: T0 : 0x22958    : ld t4, 1112(s1)            : MemRead :  D=0x0000000000000000 A=0x702b8
2259500: system.cpu: T0 : 0x2295c    : lw t1, -1800(gp)           : MemRead :  D=0x0000000000000006 A=0x70920
2260000: system.cpu: T0 : 0x22960    : c_mv a6, t3                : IntAlu :  D=0x0000000000000000
2260500: system.cpu: T0 : 0x22962    : c_li a7, 0                 : IntAlu :  D=0x0000000000000000
2261000: system.cpu: T0 : 0x22964    : c_li a0, 0                 : IntAlu :  D=0x0000000000000000
2262000: system.cpu: T0 : 0x22966    : addi a2, a2, 1362          : IntAlu :  D=0x000000006474e552
2262500: system.cpu: T0 : 0x2296a    : c_j 24                     : IntAlu : 
2263000: system.cpu: T0 : 0x22982    : c_lw a4, 0(a5)             : MemRead :  D=0x0000000000000001 A=0x10040
2263500: system.cpu: T0 : 0x22984    : bne a4, a1, -24            : IntAlu : 
2264000: system.cpu: T0 : 0x2296c    : bne a4, a2, 14             : IntAlu : 
2265000: system.cpu: T0 : 0x2297a    : addi a5, a5, 56            : IntAlu :  D=0x0000000000010078
2266000: system.cpu: T0 : 0x2297e    : bgeu a5, a3, 24            : IntAlu : 
2266500: system.cpu: T0 : 0x22982    : c_lw a4, 0(a5)             : MemRead :  D=0x0000000000000001 A=0x10078
2267000: system.cpu: T0 : 0x22984    : bne a4, a1, -24            : IntAlu : 
2267500: system.cpu: T0 : 0x2296c    : bne a4, a2, 14             : IntAlu : 
2268500: system.cpu: T0 : 0x2297a    : addi a5, a5, 56            : IntAlu :  D=0x00000000000100b0
2269500: system.cpu: T0 : 0x2297e    : bgeu a5, a3, 24            : IntAlu : 
2270000: system.cpu: T0 : 0x22982    : c_lw a4, 0(a5)             : MemRead :  D=0x0000000000000004 A=0x100b0
2270500: system.cpu: T0 : 0x22984    : bne a4, a1, -24            : IntAlu : 
2271000: system.cpu: T0 : 0x2296c    : bne a4, a2, 14             : IntAlu : 
2272000: system.cpu: T0 : 0x2297a    : addi a5, a5, 56            : IntAlu :  D=0x00000000000100e8
2273000: system.cpu: T0 : 0x2297e    : bgeu a5, a3, 24            : IntAlu : 
2273500: system.cpu: T0 : 0x22982    : c_lw a4, 0(a5)             : MemRead :  D=0x0000000000000007 A=0x100e8
2274000: system.cpu: T0 : 0x22984    : bne a4, a1, -24            : IntAlu : 
2274500: system.cpu: T0 : 0x2296c    : bne a4, a2, 14             : IntAlu : 
2275500: system.cpu: T0 : 0x2297a    : addi a5, a5, 56            : IntAlu :  D=0x0000000000010120
2276500: system.cpu: T0 : 0x2297e    : bgeu a5, a3, 24            : IntAlu : 
2277000: system.cpu: T0 : 0x22982    : c_lw a4, 0(a5)             : MemRead :  D=0x000000006474e551 A=0x10120
2277500: system.cpu: T0 : 0x22984    : bne a4, a1, -24            : IntAlu : 
2278000: system.cpu: T0 : 0x22988    : lw t1, 4(a5)               : MemRead :  D=0x0000000000000006 A=0x10124
2278500: system.cpu: T0 : 0x2298c    : addi a5, a5, 56            : IntAlu :  D=0x0000000000010158
2279000: system.cpu: T0 : 0x22990    : c_li a0, 1                 : IntAlu :  D=0x0000000000000001
2280000: system.cpu: T0 : 0x22992    : bltu a5, a3, -16           : IntAlu : 
2280500: system.cpu: T0 : 0x22982    : c_lw a4, 0(a5)             : MemRead :  D=0x000000006474e552 A=0x10158
2281000: system.cpu: T0 : 0x22984    : bne a4, a1, -24            : IntAlu : 
2281500: system.cpu: T0 : 0x2296c    : bne a4, a2, 14             : IntAlu : 
2282000: system.cpu: T0 : 0x22970    : ld t4, 16(a5)              : MemRead :  D=0x000000000006ead0 A=0x10168
2282500: system.cpu: T0 : 0x22974    : ld a6, 40(a5)              : MemRead :  D=0x0000000000000530 A=0x10180
2283000: system.cpu: T0 : 0x22978    : c_li a7, 1                 : IntAlu :  D=0x0000000000000001
2284000: system.cpu: T0 : 0x2297a    : addi a5, a5, 56            : IntAlu :  D=0x0000000000010190
2285000: system.cpu: T0 : 0x2297e    : bgeu a5, a3, 24            : IntAlu : 
2285500: system.cpu: T0 : 0x22996    : c_beqz a0, 6               : IntAlu : 
2286000: system.cpu: T0 : 0x22998    : sw t1, -1800(gp)           : MemWrite :  D=0x0000000000000006 A=0x70920
2286500: system.cpu: T0 : 0x2299c    : beq a7, zero, 14           : IntAlu : 
2287000: system.cpu: T0 : 0x229a0    : sd t4, 1112(s1)            : MemWrite :  D=0x000000000006ead0 A=0x702b8
2287500: system.cpu: T0 : 0x229a4    : sd a6, 1120(s1)            : MemWrite :  D=0x0000000000000530 A=0x702c0
2288000: system.cpu: T0 : 0x229a8    : c_mv t3, a6                : IntAlu :  D=0x0000000000000530
2289000: system.cpu: T0 : 0x229aa    : bne t3, zero, 272          : IntAlu : 
2290000: system.cpu: T0 : 0x22aba    : addi a0, s4, -416          : IntAlu :  D=0x000000000006fe60
2291000: system.cpu: T0 : 0x22abe    : jal ra, 106388             : IntAlu :  D=0x0000000000022ac2
2291500: system.cpu: T0 : 0x3ca52    : c_addi sp, -16             : IntAlu :  D=0x7ffffffffffffd30
2292000: system.cpu: T0 : 0x3ca54    : c_ld a5, 0(a0)             : MemRead :  D=0x0000000000000000 A=0x6fe60
2292500: system.cpu: T0 : 0x3ca56    : c_sdsp s0, 0(sp)           : MemWrite :  D=0x0000000000000000 A=0x7ffffffffffffd30
2293000: system.cpu: T0 : 0x3ca58    : c_mv s0, a0                : IntAlu :  D=0x000000000006fe60
2294000: system.cpu: T0 : 0x3ca5a    : ld a0, 1112(a0)            : MemRead :  D=0x000000000006ead0 A=0x702b8
2295000: system.cpu: T0 : 0x3ca5e    : ld a4, -1784(gp)           : MemRead :  D=0x0000000000001000 A=0x70930
2296000: system.cpu: T0 : 0x3ca62    : ld a1, 1120(s0)            : MemRead :  D=0x0000000000000530 A=0x702c0
2296500: system.cpu: T0 : 0x3ca66    : c_add a5, a0               : IntAlu :  D=0x000000000006ead0
2297000: system.cpu: T0 : 0x3ca68    : sub a4, zero, a4           : IntAlu :  D=0xfffffffffffff000
2297500: system.cpu: T0 : 0x3ca6c    : c_add a1, a5               : IntAlu :  D=0x000000000006f000
2298000: system.cpu: T0 : 0x3ca6e    : c_sdsp ra, 8(sp)           : MemWrite :  D=0x0000000000022ac2 A=0x7ffffffffffffd38
2298500: system.cpu: T0 : 0x3ca70    : and a0, a5, a4             : IntAlu :  D=0x000000000006e000
2299000: system.cpu: T0 : 0x3ca74    : c_and a1, a4               : IntAlu :  D=0x000000000006f000
2300000: system.cpu: T0 : 0x3ca76    : bne a0, a1, 12             : IntAlu : 
2300500: system.cpu: T0 : 0x3ca82    : c_li a2, 1                 : IntAlu :  D=0x0000000000000001
2301000: system.cpu: T0 : 0x3ca84    : c_sub a1, a0               : IntAlu :  D=0x0000000000001000
2302000: system.cpu: T0 : 0x3ca86    : jal ra, -113354            : IntAlu :  D=0x000000000003ca8a
2302500: system.cpu: T0 : 0x20fbc    : addi a7, zero, 226         : IntAlu :  D=0x00000000000000e2
2303000: system.cpu: T0 : 0x20fc0    : ecall                      : No_OpClass : 
2303500: system.cpu: T0 : 0x20fc4    : c_lui a7, 1048575          : IntAlu :  D=0xfffffffffffff000
2304500: system.cpu: T0 : 0x20fc6    : bltu a7, a0, 6             : IntAlu : 
2305000: system.cpu: T0 : 0x20fca    : c_jr ra                    : IntAlu : 
2306000: system.cpu: T0 : 0x3ca8a    : bge a0, zero, -16          : IntAlu : 
2306500: system.cpu: T0 : 0x3ca7a    : c_ldsp ra, 8(sp)           : MemRead :  D=0x0000000000022ac2 A=0x7ffffffffffffd38
2307000: system.cpu: T0 : 0x3ca7c    : c_ldsp s0, 0(sp)           : MemRead :  D=0x0000000000000000 A=0x7ffffffffffffd30
2307500: system.cpu: T0 : 0x3ca7e    : c_addi sp, 16              : IntAlu :  D=0x7ffffffffffffd40
2308000: system.cpu: T0 : 0x3ca80    : c_jr ra                    : IntAlu : 
2308500: system.cpu: T0 : 0x22ac2    : c_j -276                   : IntAlu : 
2309000: system.cpu: T0 : 0x229ae    : c_ldsp ra, 152(sp)         : MemRead :  D=0x0000000000022d40 A=0x7ffffffffffffdd8
2309500: system.cpu: T0 : 0x229b0    : c_ldsp s0, 144(sp)         : MemRead :  D=0x0000000000000001 A=0x7ffffffffffffdd0
2310000: system.cpu: T0 : 0x229b2    : c_ldsp s1, 136(sp)         : MemRead :  D=0x7fffffffffffff48 A=0x7ffffffffffffdc8
2310500: system.cpu: T0 : 0x229b4    : c_ldsp s2, 128(sp)         : MemRead :  D=0x7fffffffffffff58 A=0x7ffffffffffffdc0
2311000: system.cpu: T0 : 0x229b6    : c_ldsp s3, 120(sp)         : MemRead :  D=0x0000000000000000 A=0x7ffffffffffffdb8
2311500: system.cpu: T0 : 0x229b8    : c_ldsp s4, 112(sp)         : MemRead :  D=0x0000000000000000 A=0x7ffffffffffffdb0
2312000: system.cpu: T0 : 0x229ba    : c_ldsp s5, 104(sp)         : MemRead :  D=0x0000000000000000 A=0x7ffffffffffffda8
2312500: system.cpu: T0 : 0x229bc    : c_ldsp s6, 96(sp)          : MemRead :  D=0x0000000000000000 A=0x7ffffffffffffda0
2313000: system.cpu: T0 : 0x229be    : c_ldsp s7, 88(sp)          : MemRead :  D=0x0000000000000000 A=0x7ffffffffffffd98
2313500: system.cpu: T0 : 0x229c0    : c_ldsp s8, 80(sp)          : MemRead :  D=0x0000000000000000 A=0x7ffffffffffffd90
2314000: system.cpu: T0 : 0x229c2    : c_ldsp s9, 72(sp)          : MemRead :  D=0x0000000000000000 A=0x7ffffffffffffd88
2314500: system.cpu: T0 : 0x229c4    : c_ldsp s10, 64(sp)         : MemRead :  D=0x0000000000000000 A=0x7ffffffffffffd80
2315000: system.cpu: T0 : 0x229c6    : c_addi16sp sp, 160         : IntAlu :  D=0x7ffffffffffffde0
2315500: system.cpu: T0 : 0x229c8    : c_jr ra                    : IntAlu : 
2316000: system.cpu: T0 : 0x22d40    : c_mv a2, s2                : IntAlu :  D=0x7fffffffffffff58
2316500: system.cpu: T0 : 0x22d42    : c_mv a1, s1                : IntAlu :  D=0x7fffffffffffff48
2317000: system.cpu: T0 : 0x22d44    : c_mv a0, s0                : IntAlu :  D=0x0000000000000001
2318000: system.cpu: T0 : 0x22d46    : jal ra, -4344              : IntAlu :  D=0x0000000000022d4a
2318500: system.cpu: T0 : 0x21c4e    : c_beqz a1, 50              : IntAlu : 
2319000: system.cpu: T0 : 0x21c50    : c_addi sp, -32             : IntAlu :  D=0x7ffffffffffffdc0
2319500: system.cpu: T0 : 0x21c52    : c_sdsp s1, 8(sp)           : MemWrite :  D=0x7fffffffffffff48 A=0x7ffffffffffffdc8
2320000: system.cpu: T0 : 0x21c54    : c_ld s1, 0(a1)             : MemRead :  D=0x7fffffffffffffe7 A=0x7fffffffffffff48
2320500: system.cpu: T0 : 0x21c56    : c_sdsp s0, 16(sp)          : MemWrite :  D=0x0000000000000001 A=0x7ffffffffffffdd0
2321000: system.cpu: T0 : 0x21c58    : c_sdsp ra, 24(sp)          : MemWrite :  D=0x0000000000022d4a A=0x7ffffffffffffdd8
2321500: system.cpu: T0 : 0x21c5a    : c_mv s0, a1                : IntAlu :  D=0x7fffffffffffff48
2322000: system.cpu: T0 : 0x21c5c    : c_beqz s1, 26              : IntAlu : 
2323000: system.cpu: T0 : 0x21c5e    : addi a1, zero, 47          : IntAlu :  D=0x000000000000002f
2323500: system.cpu: T0 : 0x21c62    : c_mv a0, s1                : IntAlu :  D=0x7fffffffffffffe7
2324000: system.cpu: T0 : 0x21c64    : jal ra, 90482              : IntAlu :  D=0x0000000000021c68
2324500: system.cpu: T0 : 0x37dd6    : c_addi sp, -32             : IntAlu :  D=0x7ffffffffffffda0
2325000: system.cpu: T0 : 0x37dd8    : c_sdsp s0, 16(sp)          : MemWrite :  D=0x7fffffffffffff48 A=0x7ffffffffffffdb0
2325500: system.cpu: T0 : 0x37dda    : c_sdsp s1, 8(sp)           : MemWrite :  D=0x7fffffffffffffe7 A=0x7ffffffffffffda8
2326000: system.cpu: T0 : 0x37ddc    : c_sdsp s2, 0(sp)           : MemWrite :  D=0x7fffffffffffff58 A=0x7ffffffffffffda0
2326500: system.cpu: T0 : 0x37dde    : c_sdsp ra, 24(sp)          : MemWrite :  D=0x0000000000021c68 A=0x7ffffffffffffdb8
2327000: system.cpu: T0 : 0x37de0    : andi s1, a1, 255           : IntAlu :  D=0x000000000000002f
2327500: system.cpu: T0 : 0x37de4    : c_mv s0, a0                : IntAlu :  D=0x7fffffffffffffe7
2328000: system.cpu: T0 : 0x37de6    : c_li s2, 0                 : IntAlu :  D=0x0000000000000000
2328500: system.cpu: T0 : 0x37de8    : c_bnez s1, 10              : IntAlu : 
2329000: system.cpu: T0 : 0x37df2    : c_mv a0, s0                : IntAlu :  D=0x7fffffffffffffe7
2329500: system.cpu: T0 : 0x37df4    : c_mv a1, s1                : IntAlu :  D=0x000000000000002f
2330500: system.cpu: T0 : 0x37df6    : jal ra, -103340            : IntAlu :  D=0x0000000000037dfa
2331500: system.cpu: T0 : 0x1ea4a    : andi a5, a0, 7             : IntAlu :  D=0x0000000000000007
2332500: system.cpu: T0 : 0x1ea4e    : andi a4, a1, 255           : IntAlu :  D=0x000000000000002f
2333000: system.cpu: T0 : 0x1ea52    : c_bnez a5, 14              : IntAlu : 
2333500: system.cpu: T0 : 0x1ea60    : lbu a5, 0(a0)              : MemRead :  D=0x000000000000002e A=0x7fffffffffffffe7
2334000: system.cpu: T0 : 0x1ea64    : bne a5, a4, -14            : IntAlu : 
2334500: system.cpu: T0 : 0x1ea56    : c_addi a0, 1               : IntAlu :  D=0x7fffffffffffffe8
2335000: system.cpu: T0 : 0x1ea58    : andi a3, a0, 7             : IntAlu :  D=0x0000000000000000
2335500: system.cpu: T0 : 0x1ea5c    : c_beqz a5, 168             : IntAlu : 
2336000: system.cpu: T0 : 0x1ea5e    : c_beqz a3, 12              : IntAlu : 
2336500: system.cpu: T0 : 0x1ea6a    : c_lui a3, 16               : IntAlu :  D=0x0000000000010000
2337000: system.cpu: T0 : 0x1ea6c    : slliw a5, a1, 8            : IntAlu :  D=0x0000000000002f00
2337500: system.cpu: T0 : 0x1ea70    : c_addi a3, -1              : IntAlu :  D=0x000000000000ffff
2338000: system.cpu: T0 : 0x1ea72    : c_and a5, a3               : IntAlu :  D=0x0000000000002f00
2338500: system.cpu: T0 : 0x1ea74    : andi a1, a1, 255           : IntAlu :  D=0x000000000000002f
2339000: system.cpu: T0 : 0x1ea78    : c_or a1, a5                : IntAlu :  D=0x0000000000002f2f
2339500: system.cpu: T0 : 0x1ea7a    : c_addiw a1, 0              : IntAlu :  D=0x0000000000002f2f
2340000: system.cpu: T0 : 0x1ea7c    : slli t1, a1, 16            : IntAlu :  D=0x000000002f2f0000
2340500: system.cpu: T0 : 0x1ea80    : or a1, t1, a1              : IntAlu :  D=0x000000002f2f2f2f
2341000: system.cpu: T0 : 0x1ea84    : ld a6, -2032(gp)           : MemRead :  D=0x7efefefefefefeff A=0x70838
2341500: system.cpu: T0 : 0x1ea88    : slli t1, a1, 32            : IntAlu :  D=0x2f2f2f2f00000000
2342000: system.cpu: T0 : 0x1ea8c    : or t1, t1, a1              : IntAlu :  D=0x2f2f2f2f2f2f2f2f
2342500: system.cpu: T0 : 0x1ea90    : c_li t3, -1                : IntAlu :  D=0xffffffffffffffff
2343000: system.cpu: T0 : 0x1ea92    : c_ld a1, 0(a0)             : MemRead :  D=0xc900313030742f2e A=0x7fffffffffffffe8
2343500: system.cpu: T0 : 0x1ea94    : addi a5, a0, 8             : IntAlu :  D=0x7ffffffffffffff0
2344000: system.cpu: T0 : 0x1ea98    : xor a7, t1, a1             : IntAlu :  D=0xe62f1e1f1f5b0001
2344500: system.cpu: T0 : 0x1ea9c    : add a3, a1, a6             : IntAlu :  D=0x47ff302f2f732e2d
2345000: system.cpu: T0 : 0x1eaa0    : add a2, a7, a6             : IntAlu :  D=0x652e1d1e1e59ff00
2345500: system.cpu: T0 : 0x1eaa4    : c_xor a3, a1               : IntAlu :  D=0x8eff011f1f070103
2346500: system.cpu: T0 : 0x1eaa6    : xor a2, a2, a7             : IntAlu :  D=0x830103010102ff01
2347000: system.cpu: T0 : 0x1eaaa    : c_and a3, a2               : IntAlu :  D=0x8201010101020101
2347500: system.cpu: T0 : 0x1eaac    : or a3, a3, a6              : IntAlu :  D=0xfefffffffffeffff
2348000: system.cpu: T0 : 0x1eab0    : beq a3, t3, 88             : IntAlu : 
2348500: system.cpu: T0 : 0x1eab4    : lbu a3, -8(a5)             : MemRead :  D=0x000000000000002e A=0x7fffffffffffffe8
2349000: system.cpu: T0 : 0x1eab8    : beq a3, a4, -80            : IntAlu : 
2349500: system.cpu: T0 : 0x1eabc    : c_beqz a3, 72              : IntAlu : 
2350500: system.cpu: T0 : 0x1eabe    : lbu a3, -7(a5)             : MemRead :  D=0x000000000000002f A=0x7fffffffffffffe9
2351500: system.cpu: T0 : 0x1eac2    : beq a3, a4, 74             : IntAlu : 
2352000: system.cpu: T0 : 0x1eb0c    : c_addi a0, 1               : IntAlu :  D=0x7fffffffffffffe9
2352500: system.cpu: T0 : 0x1eb0e    : c_jr ra                    : IntAlu : 
2353000: system.cpu: T0 : 0x37dfa    : c_bnez a0, -14             : IntAlu : 
2353500: system.cpu: T0 : 0x37dec    : addi s0, a0, 1             : IntAlu :  D=0x7fffffffffffffea
2354000: system.cpu: T0 : 0x37df0    : c_mv s2, a0                : IntAlu :  D=0x7fffffffffffffe9
2354500: system.cpu: T0 : 0x37df2    : c_mv a0, s0                : IntAlu :  D=0x7fffffffffffffea
2355000: system.cpu: T0 : 0x37df4    : c_mv a1, s1                : IntAlu :  D=0x000000000000002f
2356000: system.cpu: T0 : 0x37df6    : jal ra, -103340            : IntAlu :  D=0x0000000000037dfa
2357000: system.cpu: T0 : 0x1ea4a    : andi a5, a0, 7             : IntAlu :  D=0x0000000000000002
2358000: system.cpu: T0 : 0x1ea4e    : andi a4, a1, 255           : IntAlu :  D=0x000000000000002f
2358500: system.cpu: T0 : 0x1ea52    : c_bnez a5, 14              : IntAlu : 
2359000: system.cpu: T0 : 0x1ea60    : lbu a5, 0(a0)              : MemRead :  D=0x0000000000000074 A=0x7fffffffffffffea
2359500: system.cpu: T0 : 0x1ea64    : bne a5, a4, -14            : IntAlu : 
2360000: system.cpu: T0 : 0x1ea56    : c_addi a0, 1               : IntAlu :  D=0x7fffffffffffffeb
2360500: system.cpu: T0 : 0x1ea58    : andi a3, a0, 7             : IntAlu :  D=0x0000000000000003
2361000: system.cpu: T0 : 0x1ea5c    : c_beqz a5, 168             : IntAlu : 
2361500: system.cpu: T0 : 0x1ea5e    : c_beqz a3, 12              : IntAlu : 
2362000: system.cpu: T0 : 0x1ea60    : lbu a5, 0(a0)              : MemRead :  D=0x0000000000000030 A=0x7fffffffffffffeb
2362500: system.cpu: T0 : 0x1ea64    : bne a5, a4, -14            : IntAlu : 
2363000: system.cpu: T0 : 0x1ea56    : c_addi a0, 1               : IntAlu :  D=0x7fffffffffffffec
2363500: system.cpu: T0 : 0x1ea58    : andi a3, a0, 7             : IntAlu :  D=0x0000000000000004
2364000: system.cpu: T0 : 0x1ea5c    : c_beqz a5, 168             : IntAlu : 
2364500: system.cpu: T0 : 0x1ea5e    : c_beqz a3, 12              : IntAlu : 
2365000: system.cpu: T0 : 0x1ea60    : lbu a5, 0(a0)              : MemRead :  D=0x0000000000000030 A=0x7fffffffffffffec
2365500: system.cpu: T0 : 0x1ea64    : bne a5, a4, -14            : IntAlu : 
2366000: system.cpu: T0 : 0x1ea56    : c_addi a0, 1               : IntAlu :  D=0x7fffffffffffffed
2366500: system.cpu: T0 : 0x1ea58    : andi a3, a0, 7             : IntAlu :  D=0x0000000000000005
2367000: system.cpu: T0 : 0x1ea5c    : c_beqz a5, 168             : IntAlu : 
2367500: system.cpu: T0 : 0x1ea5e    : c_beqz a3, 12              : IntAlu : 
2368000: system.cpu: T0 : 0x1ea60    : lbu a5, 0(a0)              : MemRead :  D=0x0000000000000031 A=0x7fffffffffffffed
2368500: system.cpu: T0 : 0x1ea64    : bne a5, a4, -14            : IntAlu : 
2369000: system.cpu: T0 : 0x1ea56    : c_addi a0, 1               : IntAlu :  D=0x7fffffffffffffee
2369500: system.cpu: T0 : 0x1ea58    : andi a3, a0, 7             : IntAlu :  D=0x0000000000000006
2370000: system.cpu: T0 : 0x1ea5c    : c_beqz a5, 168             : IntAlu : 
2370500: system.cpu: T0 : 0x1ea5e    : c_beqz a3, 12              : IntAlu : 
2371000: system.cpu: T0 : 0x1ea60    : lbu a5, 0(a0)              : MemRead :  D=0x0000000000000000 A=0x7fffffffffffffee
2371500: system.cpu: T0 : 0x1ea64    : bne a5, a4, -14            : IntAlu : 
2372000: system.cpu: T0 : 0x1ea56    : c_addi a0, 1               : IntAlu :  D=0x7fffffffffffffef
2372500: system.cpu: T0 : 0x1ea58    : andi a3, a0, 7             : IntAlu :  D=0x0000000000000007
2373000: system.cpu: T0 : 0x1ea5c    : c_beqz a5, 168             : IntAlu : 
2373500: system.cpu: T0 : 0x1eb04    : c_li a0, 0                 : IntAlu :  D=0x0000000000000000
2374000: system.cpu: T0 : 0x1eb06    : c_jr ra                    : IntAlu : 
2374500: system.cpu: T0 : 0x37dfa    : c_bnez a0, -14             : IntAlu : 
2375000: system.cpu: T0 : 0x37dfc    : c_ldsp ra, 24(sp)          : MemRead :  D=0x0000000000021c68 A=0x7ffffffffffffdb8
2375500: system.cpu: T0 : 0x37dfe    : c_ldsp s0, 16(sp)          : MemRead :  D=0x7fffffffffffff48 A=0x7ffffffffffffdb0
2376000: system.cpu: T0 : 0x37e00    : c_ldsp s1, 8(sp)           : MemRead :  D=0x7fffffffffffffe7 A=0x7ffffffffffffda8
2376500: system.cpu: T0 : 0x37e02    : c_mv a0, s2                : IntAlu :  D=0x7fffffffffffffe9
2377000: system.cpu: T0 : 0x37e04    : c_ldsp s2, 0(sp)           : MemRead :  D=0x7fffffffffffff58 A=0x7ffffffffffffda0
2377500: system.cpu: T0 : 0x37e06    : c_addi16sp sp, 32          : IntAlu :  D=0x7ffffffffffffdc0
2378000: system.cpu: T0 : 0x37e08    : c_jr ra                    : IntAlu : 
2378500: system.cpu: T0 : 0x21c68    : c_beqz a0, 26              : IntAlu : 
2379000: system.cpu: T0 : 0x21c6a    : c_addi a0, 1               : IntAlu :  D=0x7fffffffffffffea
2379500: system.cpu: T0 : 0x21c6c    : sd a0, -1824(gp)           : MemWrite :  D=0x7fffffffffffffea A=0x70908
2380000: system.cpu: T0 : 0x21c70    : c_ld a4, 0(s0)             : MemRead :  D=0x7fffffffffffffe7 A=0x7fffffffffffff48
2381000: system.cpu: T0 : 0x21c72    : sd a4, -1816(gp)           : MemWrite :  D=0x7fffffffffffffe7 A=0x70910
2381500: system.cpu: T0 : 0x21c76    : c_ldsp ra, 24(sp)          : MemRead :  D=0x0000000000022d4a A=0x7ffffffffffffdd8
2382000: system.cpu: T0 : 0x21c78    : c_ldsp s0, 16(sp)          : MemRead :  D=0x0000000000000001 A=0x7ffffffffffffdd0
2382500: system.cpu: T0 : 0x21c7a    : c_ldsp s1, 8(sp)           : MemRead :  D=0x7fffffffffffff48 A=0x7ffffffffffffdc8
2383000: system.cpu: T0 : 0x21c7c    : c_addi16sp sp, 32          : IntAlu :  D=0x7ffffffffffffde0
2383500: system.cpu: T0 : 0x21c7e    : c_jr ra                    : IntAlu : 
2384000: system.cpu: T0 : 0x22d4a    : c_ldsp s0, 16(sp)          : MemRead :  D=0x000000000001093c A=0x7ffffffffffffdf0
2384500: system.cpu: T0 : 0x22d4c    : c_ldsp ra, 24(sp)          : MemRead :  D=0x00000000000105b0 A=0x7ffffffffffffdf8
2385000: system.cpu: T0 : 0x22d4e    : c_ldsp s1, 8(sp)           : MemRead :  D=0x00000000000109cc A=0x7ffffffffffffde8
2385500: system.cpu: T0 : 0x22d50    : c_ldsp s2, 0(sp)           : MemRead :  D=0x0000000000000000 A=0x7ffffffffffffde0
2386000: system.cpu: T0 : 0x22d52    : c_addi16sp sp, 32          : IntAlu :  D=0x7ffffffffffffe00
2386500: system.cpu: T0 : 0x22d54    : jal zero, 35004            : IntAlu :  D=0x0000000000022d58
2387000: system.cpu: T0 : 0x2b610    : ld a5, 0(tp)               : MemRead :  D=0x0000000000070678 A=0x72710
2387500: system.cpu: T0 : 0x2b614    : c_ld a5, 0(a5)             : MemRead :  D=0x00000000000517e0 A=0x70678
2388000: system.cpu: T0 : 0x2b616    : c_ld a0, 64(a5)            : MemRead :  D=0x0000000000053010 A=0x51820
2388500: system.cpu: T0 : 0x2b618    : c_ld a2, 72(a5)            : MemRead :  D=0x0000000000052610 A=0x51828
2389000: system.cpu: T0 : 0x2b61a    : c_ld a4, 88(a5)            : MemRead :  D=0x0000000000052010 A=0x51838
2389500: system.cpu: T0 : 0x2b61c    : addi a0, a0, 256           : IntAlu :  D=0x0000000000053110
2390000: system.cpu: T0 : 0x2b620    : addi a2, a2, 512           : IntAlu :  D=0x0000000000052810
2390500: system.cpu: T0 : 0x2b624    : addi a4, a4, 512           : IntAlu :  D=0x0000000000052210
2391000: system.cpu: T0 : 0x2b628    : sd a0, 80(tp)              : MemWrite :  D=0x0000000000053110 A=0x72760
2391500: system.cpu: T0 : 0x2b62c    : sd a2, 72(tp)              : MemWrite :  D=0x0000000000052810 A=0x72758
2392000: system.cpu: T0 : 0x2b630    : sd a4, 64(tp)              : MemWrite :  D=0x0000000000052210 A=0x72750
2392500: system.cpu: T0 : 0x2b634    : c_jr ra                    : IntAlu : 
2393000: system.cpu: T0 : 0x105b0    : c_beqz s1, 12              : IntAlu : 
2393500: system.cpu: T0 : 0x105b2    : c_li a2, 0                 : IntAlu :  D=0x0000000000000000
2394000: system.cpu: T0 : 0x105b4    : c_li a1, 0                 : IntAlu :  D=0x0000000000000000
2394500: system.cpu: T0 : 0x105b6    : c_mv a0, s1                : IntAlu :  D=0x00000000000109cc
2395000: system.cpu: T0 : 0x105b8    : jal ra, 17626              : IntAlu :  D=0x00000000000105bc
2396000: system.cpu: T0 : 0x14a92    : addi a3, gp, -1936         : IntAlu :  D=0x0000000000070898
2396500: system.cpu: T0 : 0x14a96    : c_j -204                   : IntAlu : 
2397000: system.cpu: T0 : 0x149ca    : c_addi16sp sp, -64         : IntAlu :  D=0x7ffffffffffffdc0
2397500: system.cpu: T0 : 0x149cc    : c_sdsp ra, 56(sp)          : MemWrite :  D=0x00000000000105bc A=0x7ffffffffffffdf8
2398000: system.cpu: T0 : 0x149ce    : c_sdsp s0, 48(sp)          : MemWrite :  D=0x000000000001093c A=0x7ffffffffffffdf0
2398500: system.cpu: T0 : 0x149d0    : c_sdsp s1, 40(sp)          : MemWrite :  D=0x00000000000109cc A=0x7ffffffffffffde8
2399000: system.cpu: T0 : 0x149d2    : c_sdsp s2, 32(sp)          : MemWrite :  D=0x0000000000000000 A=0x7ffffffffffffde0
2399500: system.cpu: T0 : 0x149d4    : c_sdsp s3, 24(sp)          : MemWrite :  D=0x0000000000000000 A=0x7ffffffffffffdd8
2400000: system.cpu: T0 : 0x149d6    : c_beqz a0, 156             : IntAlu : 
2400500: system.cpu: T0 : 0x149d8    : lui s0, 114                : IntAlu :  D=0x0000000000072000
2401000: system.cpu: T0 : 0x149dc    : c_mv s2, a2                : IntAlu :  D=0x0000000000000000
2401500: system.cpu: T0 : 0x149de    : c_mv s1, a0                : IntAlu :  D=0x00000000000109cc
2402000: system.cpu: T0 : 0x149e0    : c_mv s3, a1                : IntAlu :  D=0x0000000000000000
2402500: system.cpu: T0 : 0x149e2    : c_li a4, 1                 : IntAlu :  D=0x0000000000000001
2403000: system.cpu: T0 : 0x149e4    : addi a2, s0, -608          : IntAlu :  D=0x0000000000071da0
2403500: system.cpu: T0 : 0x149e8    : lr_w a5, (a2)             
2403500: system.cpu: T0 : 0x149e8. 0 : lr_w a5, (a2)              : MemRead :  D=0x0000000000000000 A=0x71da0
2404000: system.cpu: T0 : 0x149ec    : c_bnez a5, 8               : IntAlu : 
2405000: system.cpu: T0 : 0x149ee    : sc_w_aq a1, a4, (a2)      
2405000: system.cpu: T0 : 0x149ee. 0 : sc_w a1, a4, (a2)          : MemWrite :  D=0x0000000000000000 A=0x71da0
2405500: system.cpu: T0 : 0x149ee. 1 : 0x1ce625af fence           : No_OpClass : 
2406000: system.cpu: T0 : 0x149f2    : c_bnez a1, -10             : IntAlu : 
2406500: system.cpu: T0 : 0x149f4    : c_addiw a5, 0              : IntAlu :  D=0x0000000000000000
2407000: system.cpu: T0 : 0x149f6    : c_bnez a5, 64              : IntAlu : 
2407500: system.cpu: T0 : 0x149f8    : c_mv a0, a3                : IntAlu :  D=0x0000000000070898
2408500: system.cpu: T0 : 0x149fa    : jal ra, -242               : IntAlu :  D=0x00000000000149fe
2409000: system.cpu: T0 : 0x14908    : lbu a5, -1476(gp)          : MemRead :  D=0x0000000000000000 A=0x70a64
2409500: system.cpu: T0 : 0x1490c    : c_bnez a5, 186             : IntAlu : 
2410000: system.cpu: T0 : 0x1490e    : c_addi sp, -32             : IntAlu :  D=0x7ffffffffffffda0
2410500: system.cpu: T0 : 0x14910    : c_sdsp s1, 8(sp)           : MemWrite :  D=0x00000000000109cc A=0x7ffffffffffffda8
2411000: system.cpu: T0 : 0x14912    : c_ld s1, 0(a0)             : MemRead :  D=0x0000000000071140 A=0x70898
2411500: system.cpu: T0 : 0x14914    : c_sdsp s0, 16(sp)          : MemWrite :  D=0x0000000000072000 A=0x7ffffffffffffdb0
2412000: system.cpu: T0 : 0x14916    : c_sdsp ra, 24(sp)          : MemWrite :  D=0x00000000000149fe A=0x7ffffffffffffdb8
2412500: system.cpu: T0 : 0x14918    : c_mv s0, a0                : IntAlu :  D=0x0000000000070898
2413000: system.cpu: T0 : 0x1491a    : c_beqz s1, 140             : IntAlu : 
2413500: system.cpu: T0 : 0x1491c    : c_mv a1, s1                : IntAlu :  D=0x0000000000071140
2414000: system.cpu: T0 : 0x1491e    : c_li a6, 0                 : IntAlu :  D=0x0000000000000000
2414500: system.cpu: T0 : 0x14920    : c_ld a4, 8(a1)             : MemRead :  D=0x0000000000000000 A=0x71148
2415500: system.cpu: T0 : 0x14922    : slli a5, a4, 5             : IntAlu :  D=0x0000000000000000
2416000: system.cpu: T0 : 0x14926    : c_add a5, a1               : IntAlu :  D=0x0000000000071140
2416500: system.cpu: T0 : 0x14928    : c_beqz a4, 18              : IntAlu : 
2417000: system.cpu: T0 : 0x1493a    : c_ld a5, 0(a1)             : MemRead :  D=0x0000000000000000 A=0x71140
2417500: system.cpu: T0 : 0x1493c    : sd zero, 8(a1)             : MemWrite :  D=0x0000000000000000 A=0x71148
2418000: system.cpu: T0 : 0x14940    : c_mv a6, a1                : IntAlu :  D=0x0000000000071140
2418500: system.cpu: T0 : 0x14942    : c_beqz a5, 78              : IntAlu : 
2419000: system.cpu: T0 : 0x14990    : c_li a5, 1                 : IntAlu :  D=0x0000000000000001
2420000: system.cpu: T0 : 0x14992    : addi a0, a1, 16            : IntAlu :  D=0x0000000000071150
2420500: system.cpu: T0 : 0x14996    : c_sd a5, 8(a1)             : MemWrite :  D=0x0000000000000001 A=0x71148
2421000: system.cpu: T0 : 0x14998    : c_j -60                    : IntAlu : 
2421500: system.cpu: T0 : 0x1495c    : lui a4, 114                : IntAlu :  D=0x0000000000072000
2422000: system.cpu: T0 : 0x14960    : ld a5, -600(a4)            : MemRead :  D=0x0000000000000000 A=0x71da8
2422500: system.cpu: T0 : 0x14964    : c_ldsp ra, 24(sp)          : MemRead :  D=0x00000000000149fe A=0x7ffffffffffffdb8
2423000: system.cpu: T0 : 0x14966    : c_ldsp s0, 16(sp)          : MemRead :  D=0x0000000000072000 A=0x7ffffffffffffdb0
2423500: system.cpu: T0 : 0x14968    : c_li a3, 1                 : IntAlu :  D=0x0000000000000001
2424000: system.cpu: T0 : 0x1496a    : c_sd a3, 0(a0)             : MemWrite :  D=0x0000000000000001 A=0x71150
2424500: system.cpu: T0 : 0x1496c    : c_addi a5, 1               : IntAlu :  D=0x0000000000000001
2425500: system.cpu: T0 : 0x1496e    : sd a5, -600(a4)            : MemWrite :  D=0x0000000000000001 A=0x71da8
2426000: system.cpu: T0 : 0x14972    : c_ldsp s1, 8(sp)           : MemRead :  D=0x00000000000109cc A=0x7ffffffffffffda8
2426500: system.cpu: T0 : 0x14974    : c_addi16sp sp, 32          : IntAlu :  D=0x7ffffffffffffdc0
2427000: system.cpu: T0 : 0x14976    : c_jr ra                    : IntAlu : 
2427500: system.cpu: T0 : 0x149fe    : c_beqz a0, 70              : IntAlu : 
2428000: system.cpu: T0 : 0x14a00    : c_li a5, 4                 : IntAlu :  D=0x0000000000000004
2428500: system.cpu: T0 : 0x14a02    : c_sd a5, 0(a0)             : MemWrite :  D=0x0000000000000004 A=0x71150
2429000: system.cpu: T0 : 0x14a04    : c_sd s1, 8(a0)             : MemWrite :  D=0x00000000000109cc A=0x71158
2430000: system.cpu: T0 : 0x14a06    : sd s3, 16(a0)              : MemWrite :  D=0x0000000000000000 A=0x71160
2431000: system.cpu: T0 : 0x14a0a    : sd s2, 24(a0)              : MemWrite :  D=0x0000000000000000 A=0x71168
2431500: system.cpu: T0 : 0x14a0e    : c_li a5, 0                 : IntAlu :  D=0x0000000000000000
2432000: system.cpu: T0 : 0x14a10    : addi a4, s0, -608          : IntAlu :  D=0x0000000000071da0
2432500: system.cpu: T0 : 0x14a14    : fence iorw, ow             : No_OpClass : 
2433000: system.cpu: T0 : 0x14a18    : amoswap_w a5, a5, (a4)    
2433000: system.cpu: T0 : 0x14a18. 0 : amoswap_w[l] a5, a5, (a4)  : MemRead :  D=0x0000000000000001 A=0x71da0
2433500: system.cpu: T0 : 0x14a1c    : c_addiw a5, 0              : IntAlu :  D=0x0000000000000001
2434000: system.cpu: T0 : 0x14a1e    : c_li a3, 1                 : IntAlu :  D=0x0000000000000001
2434500: system.cpu: T0 : 0x14a20    : c_li a4, 0                 : IntAlu :  D=0x0000000000000000
2435500: system.cpu: T0 : 0x14a22    : blt a3, a5, 58             : IntAlu : 
2436000: system.cpu: T0 : 0x14a26    : c_ldsp ra, 56(sp)          : MemRead :  D=0x00000000000105bc A=0x7ffffffffffffdf8
2436500: system.cpu: T0 : 0x14a28    : c_ldsp s0, 48(sp)          : MemRead :  D=0x000000000001093c A=0x7ffffffffffffdf0
2437000: system.cpu: T0 : 0x14a2a    : c_ldsp s1, 40(sp)          : MemRead :  D=0x00000000000109cc A=0x7ffffffffffffde8
2437500: system.cpu: T0 : 0x14a2c    : c_ldsp s2, 32(sp)          : MemRead :  D=0x0000000000000000 A=0x7ffffffffffffde0
2438000: system.cpu: T0 : 0x14a2e    : c_ldsp s3, 24(sp)          : MemRead :  D=0x0000000000000000 A=0x7ffffffffffffdd8
2438500: system.cpu: T0 : 0x14a30    : c_mv a0, a4                : IntAlu :  D=0x0000000000000000
2439000: system.cpu: T0 : 0x14a32    : c_addi16sp sp, 64          : IntAlu :  D=0x7ffffffffffffe00
2439500: system.cpu: T0 : 0x14a34    : c_jr ra                    : IntAlu : 
2440000: system.cpu: T0 : 0x105bc    : lui a5, 111                : IntAlu :  D=0x000000000006f000
2440500: system.cpu: T0 : 0x105c0    : lw a5, -72(a5)             : MemRead :  D=0x0000000000000000 A=0x6efb8
2441000: system.cpu: T0 : 0x105c4    : bne a5, zero, 238          : IntAlu : 
2441500: system.cpu: T0 : 0x105c8    : c_beqz s0, 12              : IntAlu : 
2442500: system.cpu: T0 : 0x105ca    : ld a2, -1360(gp)           : MemRead :  D=0x7fffffffffffff58 A=0x70ad8
2443000: system.cpu: T0 : 0x105ce    : c_ldsp a1, 16(sp)          : MemRead :  D=0x7fffffffffffff48 A=0x7ffffffffffffe10
2443500: system.cpu: T0 : 0x105d0    : c_ldsp a0, 8(sp)           : MemRead :  D=0x0000000000000001 A=0x7ffffffffffffe08
2444000: system.cpu: T0 : 0x105d2    : c_jalr s0                  : IntAlu :  D=0x00000000000105d4
2444500: system.cpu: T0 : 0x1093c    : c_addi16sp sp, -64         : IntAlu :  D=0x7ffffffffffffdc0
2445000: system.cpu: T0 : 0x1093e    : c_sdsp s0, 48(sp)          : MemWrite :  D=0x000000000001093c A=0x7ffffffffffffdf0
2445500: system.cpu: T0 : 0x10940    : c_sdsp s5, 8(sp)           : MemWrite :  D=0x0000000000000000 A=0x7ffffffffffffdc8
2446500: system.cpu: T0 : 0x10942    : lui s0, 111                : IntAlu :  D=0x000000000006f000
2447500: system.cpu: T0 : 0x10946    : lui s5, 111                : IntAlu :  D=0x000000000006f000
2448500: system.cpu: T0 : 0x1094a    : addi a5, s0, -1296         : IntAlu :  D=0x000000000006eaf0
2449500: system.cpu: T0 : 0x1094e    : addi s5, s5, -1288         : IntAlu :  D=0x000000000006eaf8
2450500: system.cpu: T0 : 0x10952    : sub s5, s5, a5             : IntAlu :  D=0x0000000000000008
2451000: system.cpu: T0 : 0x10956    : c_sdsp s2, 32(sp)          : MemWrite :  D=0x0000000000000000 A=0x7ffffffffffffde0
2451500: system.cpu: T0 : 0x10958    : c_sdsp s3, 24(sp)          : MemWrite :  D=0x0000000000000000 A=0x7ffffffffffffdd8
2452000: system.cpu: T0 : 0x1095a    : c_sdsp s4, 16(sp)          : MemWrite :  D=0x0000000000000000 A=0x7ffffffffffffdd0
2452500: system.cpu: T0 : 0x1095c    : c_sdsp ra, 56(sp)          : MemWrite :  D=0x00000000000105d4 A=0x7ffffffffffffdf8
2453000: system.cpu: T0 : 0x1095e    : c_sdsp s1, 40(sp)          : MemWrite :  D=0x00000000000109cc A=0x7ffffffffffffde8
2453500: system.cpu: T0 : 0x10960    : srai s5, s5, 3             : IntAlu :  D=0x0000000000000001
2454000: system.cpu: T0 : 0x10964    : c_mv s2, a0                : IntAlu :  D=0x0000000000000001
2454500: system.cpu: T0 : 0x10966    : c_mv s3, a1                : IntAlu :  D=0x7fffffffffffff48
2455000: system.cpu: T0 : 0x10968    : c_mv s4, a2                : IntAlu :  D=0x7fffffffffffff58
2456000: system.cpu: T0 : 0x1096a    : beq s5, zero, 28           : IntAlu : 
2457000: system.cpu: T0 : 0x1096e    : addi s0, s0, -1296         : IntAlu :  D=0x000000000006eaf0
2457500: system.cpu: T0 : 0x10972    : c_li s1, 0                 : IntAlu :  D=0x0000000000000000
2458000: system.cpu: T0 : 0x10974    : c_ld a5, 0(s0)             : MemRead :  D=0x0000000000010376 A=0x6eaf0
2458500: system.cpu: T0 : 0x10976    : c_mv a2, s4                : IntAlu :  D=0x7fffffffffffff58
2459000: system.cpu: T0 : 0x10978    : c_mv a1, s3                : IntAlu :  D=0x7fffffffffffff48
2459500: system.cpu: T0 : 0x1097a    : c_mv a0, s2                : IntAlu :  D=0x0000000000000001
2460000: system.cpu: T0 : 0x1097c    : c_addi s1, 1               : IntAlu :  D=0x0000000000000001
2460500: system.cpu: T0 : 0x1097e    : c_jalr a5                  : IntAlu :  D=0x0000000000010980
2461500: system.cpu: T0 : 0x10376    : auipc gp, 97               : IntAlu :  D=0x0000000000071376
2462500: system.cpu: T0 : 0x1037a    : addi gp, gp, -846          : IntAlu :  D=0x0000000000071028
2463000: system.cpu: T0 : 0x1037e    : c_jr ra                    : IntAlu : 
2463500: system.cpu: T0 : 0x10980    : c_addi s0, 8               : IntAlu :  D=0x000000000006eaf8
2464500: system.cpu: T0 : 0x10982    : bne s5, s1, -14            : IntAlu : 
2465500: system.cpu: T0 : 0x10986    : lui s0, 111                : IntAlu :  D=0x000000000006f000
2466500: system.cpu: T0 : 0x1098a    : lui s5, 111                : IntAlu :  D=0x000000000006f000
2467500: system.cpu: T0 : 0x1098e    : addi a5, s0, -1288         : IntAlu :  D=0x000000000006eaf8
2468500: system.cpu: T0 : 0x10992    : addi s5, s5, -1280         : IntAlu :  D=0x000000000006eb00
2469500: system.cpu: T0 : 0x10996    : sub s5, s5, a5             : IntAlu :  D=0x0000000000000008
2470500: system.cpu: T0 : 0x1099a    : srai s5, s5, 3             : IntAlu :  D=0x0000000000000001
2471500: system.cpu: T0 : 0x1099e    : beq s5, zero, 28           : IntAlu : 
2472500: system.cpu: T0 : 0x109a2    : addi s0, s0, -1288         : IntAlu :  D=0x000000000006eaf8
2473000: system.cpu: T0 : 0x109a6    : c_li s1, 0                 : IntAlu :  D=0x0000000000000000
2473500: system.cpu: T0 : 0x109a8    : c_ld a5, 0(s0)             : MemRead :  D=0x000000000001040a A=0x6eaf8
2474000: system.cpu: T0 : 0x109aa    : c_mv a2, s4                : IntAlu :  D=0x7fffffffffffff58
2474500: system.cpu: T0 : 0x109ac    : c_mv a1, s3                : IntAlu :  D=0x7fffffffffffff48
2475000: system.cpu: T0 : 0x109ae    : c_mv a0, s2                : IntAlu :  D=0x0000000000000001
2475500: system.cpu: T0 : 0x109b0    : c_addi s1, 1               : IntAlu :  D=0x0000000000000001
2476000: system.cpu: T0 : 0x109b2    : c_jalr a5                  : IntAlu :  D=0x00000000000109b4
2477000: system.cpu: T0 : 0x1040a    : lui a5, 76                 : IntAlu :  D=0x000000000004c000
2478000: system.cpu: T0 : 0x1040e    : addi a5, a5, 1036          : IntAlu :  D=0x000000000004c40c
2478500: system.cpu: T0 : 0x10412    : c_beqz a5, 28              : IntAlu : 
2479000: system.cpu: T0 : 0x10414    : lui a0, 106                : IntAlu :  D=0x000000000006a000
2479500: system.cpu: T0 : 0x10418    : c_addi sp, -16             : IntAlu :  D=0x7ffffffffffffdb0
2480500: system.cpu: T0 : 0x1041a    : addi a1, gp, -1008         : IntAlu :  D=0x0000000000070c38
2481500: system.cpu: T0 : 0x1041e    : addi a0, a0, 288           : IntAlu :  D=0x000000000006a120
2482000: system.cpu: T0 : 0x10422    : c_sdsp ra, 8(sp)           : MemWrite :  D=0x00000000000109b4 A=0x7ffffffffffffdb8
2482500: system.cpu: T0 : 0x10424    : jal ra, 245736             : IntAlu :  D=0x0000000000010428
2483000: system.cpu: T0 : 0x4c40c    : c_beqz a0, 12              : IntAlu : 
2483500: system.cpu: T0 : 0x4c40e    : c_lw a5, 0(a0)             : MemRead :  D=0x000000000000001c A=0x6a120
2484000: system.cpu: T0 : 0x4c410    : c_beqz a5, 8               : IntAlu : 
2484500: system.cpu: T0 : 0x4c412    : c_li a3, 0                 : IntAlu :  D=0x0000000000000000
2485000: system.cpu: T0 : 0x4c414    : c_li a2, 0                 : IntAlu :  D=0x0000000000000000
2485500: system.cpu: T0 : 0x4c416    : c_j -144                   : IntAlu : 
2486000: system.cpu: T0 : 0x4c386    : c_li a5, -1                : IntAlu :  D=0xffffffffffffffff
2486500: system.cpu: T0 : 0x4c388    : c_addi sp, -32             : IntAlu :  D=0x7ffffffffffffd90
2487000: system.cpu: T0 : 0x4c38a    : c_sd a5, 0(a1)             : MemWrite :  D=0xffffffffffffffff A=0x70c38
2487500: system.cpu: T0 : 0x4c38c    : addi a5, zero, 2040        : IntAlu :  D=0x00000000000007f8
2488000: system.cpu: T0 : 0x4c390    : c_sdsp s0, 16(sp)          : MemWrite :  D=0x000000000006eaf8 A=0x7ffffffffffffda0
2488500: system.cpu: T0 : 0x4c392    : c_sdsp s1, 8(sp)           : MemWrite :  D=0x0000000000000001 A=0x7ffffffffffffd98
2489000: system.cpu: T0 : 0x4c394    : c_sdsp ra, 24(sp)          : MemWrite :  D=0x0000000000010428 A=0x7ffffffffffffda8
2489500: system.cpu: T0 : 0x4c396    : c_sd a2, 8(a1)             : MemWrite :  D=0x0000000000000000 A=0x70c40
2490000: system.cpu: T0 : 0x4c398    : c_sd a3, 16(a1)            : MemWrite :  D=0x0000000000000000 A=0x70c48
2490500: system.cpu: T0 : 0x4c39a    : c_sd a0, 24(a1)            : MemWrite :  D=0x000000000006a120 A=0x70c50
2491000: system.cpu: T0 : 0x4c39c    : c_sd a5, 32(a1)            : MemWrite :  D=0x00000000000007f8 A=0x70c58
2492000: system.cpu: T0 : 0x4c39e    : auipc s1, 36               : IntAlu :  D=0x000000000007039e
2493000: system.cpu: T0 : 0x4c3a2    : ld s1, 1130(s1)            : MemRead :  D=0x0000000000000000 A=0x70808
2493500: system.cpu: T0 : 0x4c3a6    : c_mv s0, a1                : IntAlu :  D=0x0000000000070c38
2494000: system.cpu: T0 : 0x4c3a8    : c_beqz s1, 20              : IntAlu : 
2494500: system.cpu: T0 : 0x4c3bc    : addi a5, gp, 1880          : IntAlu :  D=0x0000000000071780
2495000: system.cpu: T0 : 0x4c3c0    : ld a3, 448(a5)             : MemRead :  D=0x0000000000000000 A=0x71940
2495500: system.cpu: T0 : 0x4c3c4    : lw a4, 456(a5)             : MemRead :  D=0x0000000000000000 A=0x71948
2496000: system.cpu: T0 : 0x4c3c8    : sd s0, 448(a5)             : MemWrite :  D=0x0000000000070c38 A=0x71940
2496500: system.cpu: T0 : 0x4c3cc    : c_sd a3, 40(s0)            : MemWrite :  D=0x0000000000000000 A=0x70c60
2497000: system.cpu: T0 : 0x4c3ce    : c_beqz a4, 30              : IntAlu : 
2497500: system.cpu: T0 : 0x4c3ec    : c_li a4, 1                 : IntAlu :  D=0x0000000000000001
2498500: system.cpu: T0 : 0x4c3ee    : addi a5, a5, 456           : IntAlu :  D=0x0000000000071948
2499500: system.cpu: T0 : 0x4c3f2    : amoswap_w zero, a4, (a5)  
2499500: system.cpu: T0 : 0x4c3f2. 0 : amoswap_w[l] zero, a4, (a5) : MemRead :  D=0x0000000000000000 A=0x71948
2500000: system.cpu: T0 : 0x4c3f6    : c_bnez s1, -36             : IntAlu : 
2500500: system.cpu: T0 : 0x4c3f8    : c_ldsp ra, 24(sp)          : MemRead :  D=0x0000000000010428 A=0x7ffffffffffffda8
2501000: system.cpu: T0 : 0x4c3fa    : c_ldsp s0, 16(sp)          : MemRead :  D=0x000000000006eaf8 A=0x7ffffffffffffda0
2501500: system.cpu: T0 : 0x4c3fc    : c_ldsp s1, 8(sp)           : MemRead :  D=0x0000000000000001 A=0x7ffffffffffffd98
2502000: system.cpu: T0 : 0x4c3fe    : c_addi16sp sp, 32          : IntAlu :  D=0x7ffffffffffffdb0
2502500: system.cpu: T0 : 0x4c400    : c_jr ra                    : IntAlu : 
2503000: system.cpu: T0 : 0x10428    : c_ldsp ra, 8(sp)           : MemRead :  D=0x00000000000109b4 A=0x7ffffffffffffdb8
2503500: system.cpu: T0 : 0x1042a    : c_addi sp, 16              : IntAlu :  D=0x7ffffffffffffdc0
2504000: system.cpu: T0 : 0x1042c    : c_j -134                   : IntAlu : 
2505000: system.cpu: T0 : 0x103a6    : lui a0, 112                : IntAlu :  D=0x0000000000070000
2506000: system.cpu: T0 : 0x103aa    : addi a1, a0, 2032          : IntAlu :  D=0x00000000000707f0
2507000: system.cpu: T0 : 0x103ae    : lui a5, 112                : IntAlu :  D=0x0000000000070000
2508000: system.cpu: T0 : 0x103b2    : addi a5, a5, 2032          : IntAlu :  D=0x00000000000707f0
2508500: system.cpu: T0 : 0x103b6    : c_sub a5, a1               : IntAlu :  D=0x0000000000000000
2509000: system.cpu: T0 : 0x103b8    : srai a4, a5, 3             : IntAlu :  D=0x0000000000000000
2509500: system.cpu: T0 : 0x103bc    : srli a1, a5, 63            : IntAlu :  D=0x0000000000000000
2510000: system.cpu: T0 : 0x103c0    : c_add a1, a4               : IntAlu :  D=0x0000000000000000
2510500: system.cpu: T0 : 0x103c2    : c_srai a1, 1               : IntAlu :  D=0x0000000000000000
2511000: system.cpu: T0 : 0x103c4    : c_beqz a1, 16              : IntAlu : 
2511500: system.cpu: T0 : 0x103d4    : c_jr ra                    : IntAlu : 
2512000: system.cpu: T0 : 0x109b4    : c_addi s0, 8               : IntAlu :  D=0x000000000006eb00
2513000: system.cpu: T0 : 0x109b6    : bne s5, s1, -14            : IntAlu : 
2513500: system.cpu: T0 : 0x109ba    : c_ldsp ra, 56(sp)          : MemRead :  D=0x00000000000105d4 A=0x7ffffffffffffdf8
2514000: system.cpu: T0 : 0x109bc    : c_ldsp s0, 48(sp)          : MemRead :  D=0x000000000001093c A=0x7ffffffffffffdf0
2514500: system.cpu: T0 : 0x109be    : c_ldsp s1, 40(sp)          : MemRead :  D=0x00000000000109cc A=0x7ffffffffffffde8
2515000: system.cpu: T0 : 0x109c0    : c_ldsp s2, 32(sp)          : MemRead :  D=0x0000000000000000 A=0x7ffffffffffffde0
2515500: system.cpu: T0 : 0x109c2    : c_ldsp s3, 24(sp)          : MemRead :  D=0x0000000000000000 A=0x7ffffffffffffdd8
2516000: system.cpu: T0 : 0x109c4    : c_ldsp s4, 16(sp)          : MemRead :  D=0x0000000000000000 A=0x7ffffffffffffdd0
2516500: system.cpu: T0 : 0x109c6    : c_ldsp s5, 8(sp)           : MemRead :  D=0x0000000000000000 A=0x7ffffffffffffdc8
2517000: system.cpu: T0 : 0x109c8    : c_addi16sp sp, 64          : IntAlu :  D=0x7ffffffffffffe00
2517500: system.cpu: T0 : 0x109ca    : c_jr ra                    : IntAlu : 
2518000: system.cpu: T0 : 0x105d4    : c_li a1, 0                 : IntAlu :  D=0x0000000000000000
2518500: system.cpu: T0 : 0x105d6    : c_li a0, 0                 : IntAlu :  D=0x0000000000000000
2519000: system.cpu: T0 : 0x105d8    : jal ra, 71438              : IntAlu :  D=0x00000000000105dc
2519500: system.cpu: T0 : 0x21ce6    : c_mv a4, a0                : IntAlu :  D=0x0000000000000000
2520000: system.cpu: T0 : 0x21ce8    : c_beqz a1, 70              : IntAlu : 
2521000: system.cpu: T0 : 0x21d2e    : lui a5, 114                : IntAlu :  D=0x0000000000072000
2522000: system.cpu: T0 : 0x21d32    : addi a0, a5, -592          : IntAlu :  D=0x0000000000071db0
2522500: system.cpu: T0 : 0x21d36    : c_ld a5, 8(a0)             : MemRead :  D=0x0000000000000000 A=0x71db8
2523000: system.cpu: T0 : 0x21d38    : c_bnez a5, -52             : IntAlu : 
2523500: system.cpu: T0 : 0x21d3a    : c_li a5, 1                 : IntAlu :  D=0x0000000000000001
2524000: system.cpu: T0 : 0x21d3c    : c_sw a5, 0(a0)             : MemWrite :  D=0x0000000000000001 A=0x71db0
2524500: system.cpu: T0 : 0x21d3e    : c_bnez a4, -52             : IntAlu : 
2525000: system.cpu: T0 : 0x21d40    : lui a5, 114                : IntAlu :  D=0x0000000000072000
2525500: system.cpu: T0 : 0x21d44    : ld a4, -560(a5)            : MemRead :  D=0x0000000000000000 A=0x71dd0
2526000: system.cpu: T0 : 0x21d48    : c_j -62                    : IntAlu : 
2527000: system.cpu: T0 : 0x21d0a    : slli a5, a1, 3             : IntAlu :  D=0x0000000000000000
2527500: system.cpu: T0 : 0x21d0e    : c_add a5, a1               : IntAlu :  D=0x0000000000000000
2528000: system.cpu: T0 : 0x21d10    : lui a1, 112                : IntAlu :  D=0x0000000000070000
2528500: system.cpu: T0 : 0x21d14    : c_slli a5, 4               : IntAlu :  D=0x0000000000000000
2529500: system.cpu: T0 : 0x21d16    : addi a1, a1, 816           : IntAlu :  D=0x0000000000070330
2530000: system.cpu: T0 : 0x21d1a    : c_add a1, a5               : IntAlu :  D=0x0000000000070330
2530500: system.cpu: T0 : 0x21d1c    : c_ld a5, 0(a1)             : MemRead :  D=0x000000000006fe60 A=0x70330
2531000: system.cpu: T0 : 0x21d1e    : c_sd a4, 32(a0)            : MemWrite :  D=0x0000000000000000 A=0x71dd0
2531500: system.cpu: T0 : 0x21d20    : c_sd a5, 8(a0)             : MemWrite :  D=0x000000000006fe60 A=0x71db8
2532500: system.cpu: T0 : 0x21d22    : lui a5, 34                 : IntAlu :  D=0x0000000000022000
2533500: system.cpu: T0 : 0x21d26    : addi a5, a5, -796          : IntAlu :  D=0x0000000000021ce4
2534000: system.cpu: T0 : 0x21d2a    : c_sd a5, 16(a0)            : MemWrite :  D=0x0000000000021ce4 A=0x71dc0
2534500: system.cpu: T0 : 0x21d2c    : c_jr ra                    : IntAlu : 
2535000: system.cpu: T0 : 0x105dc    : c_addi4spn a0, sp, 40      : IntAlu :  D=0x7ffffffffffffe28
2536000: system.cpu: T0 : 0x105de    : jal ra, 14938              : IntAlu :  D=0x00000000000105e2
2536500: system.cpu: T0 : 0x14038    : c_li a1, 0                 : IntAlu :  D=0x0000000000000000
2537000: system.cpu: T0 : 0x1403a    : c_j 6                      : IntAlu : 
2537500: system.cpu: T0 : 0x14040    : sd ra, 0(a0)               : MemWrite :  D=0x00000000000105e2 A=0x7ffffffffffffe28
2538000: system.cpu: T0 : 0x14044    : c_sd s0, 8(a0)             : MemWrite :  D=0x000000000001093c A=0x7ffffffffffffe30
2538500: system.cpu: T0 : 0x14046    : c_sd s1, 16(a0)            : MemWrite :  D=0x00000000000109cc A=0x7ffffffffffffe38
2539000: system.cpu: T0 : 0x14048    : sd s2, 24(a0)              : MemWrite :  D=0x0000000000000000 A=0x7ffffffffffffe40
2539500: system.cpu: T0 : 0x1404c    : sd s3, 32(a0)              : MemWrite :  D=0x0000000000000000 A=0x7ffffffffffffe48
2540000: system.cpu: T0 : 0x14050    : sd s4, 40(a0)              : MemWrite :  D=0x0000000000000000 A=0x7ffffffffffffe50
2540500: system.cpu: T0 : 0x14054    : sd s5, 48(a0)              : MemWrite :  D=0x0000000000000000 A=0x7ffffffffffffe58
2541000: system.cpu: T0 : 0x14058    : sd s6, 56(a0)              : MemWrite :  D=0x0000000000000000 A=0x7ffffffffffffe60
2541500: system.cpu: T0 : 0x1405c    : sd s7, 64(a0)              : MemWrite :  D=0x0000000000000000 A=0x7ffffffffffffe68
2542000: system.cpu: T0 : 0x14060    : sd s8, 72(a0)              : MemWrite :  D=0x0000000000000000 A=0x7ffffffffffffe70
2542500: system.cpu: T0 : 0x14064    : sd s9, 80(a0)              : MemWrite :  D=0x0000000000000000 A=0x7ffffffffffffe78
2543000: system.cpu: T0 : 0x14068    : sd s10, 88(a0)             : MemWrite :  D=0x0000000000000000 A=0x7ffffffffffffe80
2543500: system.cpu: T0 : 0x1406c    : sd s11, 96(a0)             : MemWrite :  D=0x0000000000000000 A=0x7ffffffffffffe88
2544000: system.cpu: T0 : 0x14070    : sd sp, 104(a0)             : MemWrite :  D=0x7ffffffffffffe00 A=0x7ffffffffffffe90
2544500: system.cpu: T0 : 0x14074    : c_fsd fs0, 112(a0)         : FloatMemWrite :  D=0x0000000000000000 A=0x7ffffffffffffe98
2545000: system.cpu: T0 : 0x14076    : c_fsd fs1, 120(a0)         : FloatMemWrite :  D=0x0000000000000000 A=0x7ffffffffffffea0
2545500: system.cpu: T0 : 0x14078    : fsd fs2, 128(a0)           : FloatMemWrite :  D=0x0000000000000000 A=0x7ffffffffffffea8
2546000: system.cpu: T0 : 0x1407c    : fsd fs3, 136(a0)           : FloatMemWrite :  D=0x0000000000000000 A=0x7ffffffffffffeb0
2546500: system.cpu: T0 : 0x14080    : fsd fs4, 144(a0)           : FloatMemWrite :  D=0x0000000000000000 A=0x7ffffffffffffeb8
2547000: system.cpu: T0 : 0x14084    : fsd fs5, 152(a0)           : FloatMemWrite :  D=0x0000000000000000 A=0x7ffffffffffffec0
2547500: system.cpu: T0 : 0x14088    : fsd fs6, 160(a0)           : FloatMemWrite :  D=0x0000000000000000 A=0x7ffffffffffffec8
2548000: system.cpu: T0 : 0x1408c    : fsd fs7, 168(a0)           : FloatMemWrite :  D=0x0000000000000000 A=0x7ffffffffffffed0
2548500: system.cpu: T0 : 0x14090    : fsd fs8, 176(a0)           : FloatMemWrite :  D=0x0000000000000000 A=0x7ffffffffffffed8
2549000: system.cpu: T0 : 0x14094    : fsd fs9, 184(a0)           : FloatMemWrite :  D=0x0000000000000000 A=0x7ffffffffffffee0
2549500: system.cpu: T0 : 0x14098    : fsd fs10, 192(a0)          : FloatMemWrite :  D=0x0000000000000000 A=0x7ffffffffffffee8
2550000: system.cpu: T0 : 0x1409c    : fsd fs11, 200(a0)          : FloatMemWrite :  D=0x0000000000000000 A=0x7ffffffffffffef0
2550500: system.cpu: T0 : 0x140a0    : jal zero, 4                : IntAlu :  D=0x00000000000140a4
2551000: system.cpu: T0 : 0x140a4    : c_addi sp, -16             : IntAlu :  D=0x7ffffffffffffdf0
2551500: system.cpu: T0 : 0x140a6    : c_sdsp s0, 0(sp)           : MemWrite :  D=0x000000000001093c A=0x7ffffffffffffdf0
2552000: system.cpu: T0 : 0x140a8    : c_sdsp ra, 8(sp)           : MemWrite :  D=0x00000000000105e2 A=0x7ffffffffffffdf8
2552500: system.cpu: T0 : 0x140aa    : c_mv s0, a0                : IntAlu :  D=0x7ffffffffffffe28
2553000: system.cpu: T0 : 0x140ac    : c_bnez a1, 16              : IntAlu : 
2553500: system.cpu: T0 : 0x140ae    : c_ldsp ra, 8(sp)           : MemRead :  D=0x00000000000105e2 A=0x7ffffffffffffdf8
2554000: system.cpu: T0 : 0x140b0    : sw a1, 208(s0)             : MemWrite :  D=0x0000000000000000 A=0x7ffffffffffffef8
2554500: system.cpu: T0 : 0x140b4    : c_ldsp s0, 0(sp)           : MemRead :  D=0x000000000001093c A=0x7ffffffffffffdf0
2555000: system.cpu: T0 : 0x140b6    : c_li a0, 0                 : IntAlu :  D=0x0000000000000000
2555500: system.cpu: T0 : 0x140b8    : c_addi sp, 16              : IntAlu :  D=0x7ffffffffffffe00
2556000: system.cpu: T0 : 0x140ba    : c_jr ra                    : IntAlu : 
2556500: system.cpu: T0 : 0x105e2    : c_bnez a0, 166             : IntAlu : 
2557000: system.cpu: T0 : 0x105e4    : ld a3, -1552(tp)           : MemRead :  D=0x0000000000000000 A=0x72100
2557500: system.cpu: T0 : 0x105e8    : ld a4, -1560(tp)           : MemRead :  D=0x0000000000000000 A=0x720f8
2558000: system.cpu: T0 : 0x105ec    : ld a2, -1360(gp)           : MemRead :  D=0x7fffffffffffff58 A=0x70ad8
2558500: system.cpu: T0 : 0x105f0    : c_ldsp a1, 16(sp)          : MemRead :  D=0x7fffffffffffff48 A=0x7ffffffffffffe10
2559000: system.cpu: T0 : 0x105f2    : c_ldsp a0, 8(sp)           : MemRead :  D=0x0000000000000001 A=0x7ffffffffffffe08
2559500: system.cpu: T0 : 0x105f4    : c_ldsp a5, 24(sp)          : MemRead :  D=0x0000000000010430 A=0x7ffffffffffffe18
2560000: system.cpu: T0 : 0x105f6    : c_sdsp a4, 264(sp)         : MemWrite :  D=0x0000000000000000 A=0x7fffffffffffff08
2560500: system.cpu: T0 : 0x105f8    : c_sdsp a3, 256(sp)         : MemWrite :  D=0x0000000000000000 A=0x7fffffffffffff00
2561000: system.cpu: T0 : 0x105fa    : c_addi4spn a4, sp, 40      : IntAlu :  D=0x7ffffffffffffe28
2561500: system.cpu: T0 : 0x105fc    : sd a4, -1552(tp)           : MemWrite :  D=0x7ffffffffffffe28 A=0x72100
2562000: system.cpu: T0 : 0x10600    : c_jalr a5                  : IntAlu :  D=0x0000000000010602
2562500: system.cpu: T0 : 0x10430    : c_addi sp, -32             : IntAlu :  D=0x7ffffffffffffde0
2563000: system.cpu: T0 : 0x10432    : c_sdsp s0, 24(sp)          : MemWrite :  D=0x000000000001093c A=0x7ffffffffffffdf8
2563500: system.cpu: T0 : 0x10434    : c_addi4spn s0, sp, 32      : IntAlu :  D=0x7ffffffffffffe00
2564000: system.cpu: T0 : 0x10436    : c_li a5, 5                 : IntAlu :  D=0x0000000000000005
2564500: system.cpu: T0 : 0x10438    : sw a5, -20(s0)             : MemWrite :  D=0x0000000000000005 A=0x7ffffffffffffdec
2565000: system.cpu: T0 : 0x1043c    : lw a5, -20(s0)             : MemRead :  D=0x0000000000000005 A=0x7ffffffffffffdec
2565500: system.cpu: T0 : 0x10440    : addiw a4, a5, 0            : IntAlu :  D=0x0000000000000005
2566000: system.cpu: T0 : 0x10444    : c_li a5, 1                 : IntAlu :  D=0x0000000000000001
2567000: system.cpu: T0 : 0x10446    : bne a4, a5, 12             : IntAlu : 
2568000: system.cpu: T0 : 0x10452    : lw a5, -20(s0)             : MemRead :  D=0x0000000000000005 A=0x7ffffffffffffdec
2569000: system.cpu: T0 : 0x10456    : addiw a4, a5, 0            : IntAlu :  D=0x0000000000000005
2569500: system.cpu: T0 : 0x1045a    : c_li a5, 3                 : IntAlu :  D=0x0000000000000003
2570000: system.cpu: T0 : 0x1045c    : bne a4, a5, 10             : IntAlu : 
2570500: system.cpu: T0 : 0x10466    : c_li a5, 0                 : IntAlu :  D=0x0000000000000000
2571000: system.cpu: T0 : 0x10468    : c_mv a0, a5                : IntAlu :  D=0x0000000000000000
2571500: system.cpu: T0 : 0x1046a    : c_ldsp s0, 24(sp)          : MemRead :  D=0x000000000001093c A=0x7ffffffffffffdf8
2572000: system.cpu: T0 : 0x1046c    : c_addi16sp sp, 32          : IntAlu :  D=0x7ffffffffffffe00
2572500: system.cpu: T0 : 0x1046e    : c_jr ra                    : IntAlu : 
2573500: system.cpu: T0 : 0x10602    : jal ra, 17142              : IntAlu :  D=0x0000000000010606
2574000: system.cpu: T0 : 0x148f8    : c_addi sp, -16             : IntAlu :  D=0x7ffffffffffffdf0
2574500: system.cpu: T0 : 0x148fa    : c_li a3, 1                 : IntAlu :  D=0x0000000000000001
2575000: system.cpu: T0 : 0x148fc    : c_li a2, 1                 : IntAlu :  D=0x0000000000000001
2576000: system.cpu: T0 : 0x148fe    : addi a1, gp, -1936         : IntAlu :  D=0x0000000000070898
2576500: system.cpu: T0 : 0x14902    : c_sdsp ra, 8(sp)           : MemWrite :  D=0x0000000000010606 A=0x7ffffffffffffdf8
2577000: system.cpu: T0 : 0x14904    : jal ra, -468               : IntAlu :  D=0x0000000000014908
2577500: system.cpu: T0 : 0x14730    : c_addi16sp sp, -128        : IntAlu :  D=0x7ffffffffffffd70
2578000: system.cpu: T0 : 0x14732    : c_sdsp s6, 64(sp)          : MemWrite :  D=0x0000000000000000 A=0x7ffffffffffffdb0
2578500: system.cpu: T0 : 0x14734    : c_sdsp s7, 56(sp)          : MemWrite :  D=0x0000000000000000 A=0x7ffffffffffffda8
2579000: system.cpu: T0 : 0x14736    : c_sdsp ra, 120(sp)         : MemWrite :  D=0x0000000000014908 A=0x7ffffffffffffde8
2579500: system.cpu: T0 : 0x14738    : c_sdsp s0, 112(sp)         : MemWrite :  D=0x000000000001093c A=0x7ffffffffffffde0
2580000: system.cpu: T0 : 0x1473a    : c_sdsp s1, 104(sp)         : MemWrite :  D=0x00000000000109cc A=0x7ffffffffffffdd8
2580500: system.cpu: T0 : 0x1473c    : c_sdsp s2, 96(sp)          : MemWrite :  D=0x0000000000000000 A=0x7ffffffffffffdd0
2581000: system.cpu: T0 : 0x1473e    : c_sdsp s3, 88(sp)          : MemWrite :  D=0x0000000000000000 A=0x7ffffffffffffdc8
2581500: system.cpu: T0 : 0x14740    : c_sdsp s4, 80(sp)          : MemWrite :  D=0x0000000000000000 A=0x7ffffffffffffdc0
2582000: system.cpu: T0 : 0x14742    : c_sdsp s5, 72(sp)          : MemWrite :  D=0x0000000000000000 A=0x7ffffffffffffdb8
2582500: system.cpu: T0 : 0x14744    : c_sdsp s8, 48(sp)          : MemWrite :  D=0x0000000000000000 A=0x7ffffffffffffda0
2583000: system.cpu: T0 : 0x14746    : c_sdsp s9, 40(sp)          : MemWrite :  D=0x0000000000000000 A=0x7ffffffffffffd98
2583500: system.cpu: T0 : 0x14748    : c_sdsp s10, 32(sp)         : MemWrite :  D=0x0000000000000000 A=0x7ffffffffffffd90
2584000: system.cpu: T0 : 0x1474a    : c_sdsp s11, 24(sp)         : MemWrite :  D=0x0000000000000000 A=0x7ffffffffffffd88
2584500: system.cpu: T0 : 0x1474c    : addi a5, zero, 0           : IntAlu :  D=0x0000000000000000
2585000: system.cpu: T0 : 0x14750    : c_sdsp a2, 8(sp)           : MemWrite :  D=0x0000000000000001 A=0x7ffffffffffffd78
2585500: system.cpu: T0 : 0x14752    : c_mv s6, a0                : IntAlu :  D=0x0000000000000000
2586000: system.cpu: T0 : 0x14754    : c_mv s7, a1                : IntAlu :  D=0x0000000000070898
2586500: system.cpu: T0 : 0x14756    : c_beqz a5, 6               : IntAlu : 
2587000: system.cpu: T0 : 0x1475c    : lui s9, 114                : IntAlu :  D=0x0000000000072000
2587500: system.cpu: T0 : 0x14760    : lui s11, 114               : IntAlu :  D=0x0000000000072000
2588000: system.cpu: T0 : 0x14764    : c_li s4, 0                 : IntAlu :  D=0x0000000000000000
2588500: system.cpu: T0 : 0x14766    : c_li s3, 1                 : IntAlu :  D=0x0000000000000001
2589000: system.cpu: T0 : 0x14768    : c_li a4, 1                 : IntAlu :  D=0x0000000000000001
2590000: system.cpu: T0 : 0x1476a    : addi a3, s9, -608          : IntAlu :  D=0x0000000000071da0
2591000: system.cpu: T0 : 0x1476e    : lr_w a5, (a3)             
2591000: system.cpu: T0 : 0x1476e. 0 : lr_w a5, (a3)              : MemRead :  D=0x0000000000000000 A=0x71da0
2591500: system.cpu: T0 : 0x14772    : c_bnez a5, 8               : IntAlu : 
2592000: system.cpu: T0 : 0x14774    : sc_w_aq a2, a4, (a3)      
2592000: system.cpu: T0 : 0x14774. 0 : sc_w a2, a4, (a3)          : MemWrite :  D=0x0000000000000000 A=0x71da0
2592500: system.cpu: T0 : 0x14774. 1 : 0x1ce6a62f fence           : No_OpClass : 
2593000: system.cpu: T0 : 0x14778    : c_bnez a2, -10             : IntAlu : 
2593500: system.cpu: T0 : 0x1477a    : c_addiw a5, 0              : IntAlu :  D=0x0000000000000000
2594000: system.cpu: T0 : 0x1477c    : bne a5, zero, 338          : IntAlu : 
2594500: system.cpu: T0 : 0x14780    : ld s10, 0(s7)              : MemRead :  D=0x0000000000071140 A=0x70898
2595000: system.cpu: T0 : 0x14784    : beq s10, zero, 152         : IntAlu : 
2595500: system.cpu: T0 : 0x14788    : c_li s5, 3                 : IntAlu :  D=0x0000000000000003
2596000: system.cpu: T0 : 0x1478a    : c_li s2, 4                 : IntAlu :  D=0x0000000000000004
2596500: system.cpu: T0 : 0x1478c    : c_li s1, 2                 : IntAlu :  D=0x0000000000000002
2597000: system.cpu: T0 : 0x1478e    : c_li s0, 1                 : IntAlu :  D=0x0000000000000001
2597500: system.cpu: T0 : 0x14790    : c_j 34                     : IntAlu : 
2598500: system.cpu: T0 : 0x147b2    : ld a5, 8(s10)              : MemRead :  D=0x0000000000000001 A=0x71148
2599000: system.cpu: T0 : 0x147b6    : c_beqz a5, 222             : IntAlu : 
2599500: system.cpu: T0 : 0x147b8    : ld s8, -600(s11)           : MemRead :  D=0x0000000000000001 A=0x71da8
2600000: system.cpu: T0 : 0x147bc    : c_addi a5, -1              : IntAlu :  D=0x0000000000000000
2601000: system.cpu: T0 : 0x147be    : sd a5, 8(s10)              : MemWrite :  D=0x0000000000000000 A=0x71148
2601500: system.cpu: T0 : 0x147c2    : c_mv a4, s4                : IntAlu :  D=0x0000000000000000
2602000: system.cpu: T0 : 0x147c4    : addi a3, s9, -608          : IntAlu :  D=0x0000000000071da0
2602500: system.cpu: T0 : 0x147c8    : fence iorw, ow             : No_OpClass : 
2603000: system.cpu: T0 : 0x147cc    : amoswap_w a4, a4, (a3)    
2603000: system.cpu: T0 : 0x147cc. 0 : amoswap_w[l] a4, a4, (a3)  : MemRead :  D=0x0000000000000001 A=0x71da0
2603500: system.cpu: T0 : 0x147d0    : c_addiw a4, 0              : IntAlu :  D=0x0000000000000001
2604500: system.cpu: T0 : 0x147d2    : blt s3, a4, 172            : IntAlu : 
2605000: system.cpu: T0 : 0x147d6    : c_slli a5, 5               : IntAlu :  D=0x0000000000000000
2605500: system.cpu: T0 : 0x147d8    : c_add a5, s10              : IntAlu :  D=0x0000000000071140
2606000: system.cpu: T0 : 0x147da    : c_ld a4, 16(a5)            : MemRead :  D=0x0000000000000004 A=0x71150
2606500: system.cpu: T0 : 0x147dc    : beq a4, s5, 146            : IntAlu : 
2607000: system.cpu: T0 : 0x147e0    : bne a4, s2, -78            : IntAlu : 
2607500: system.cpu: T0 : 0x147e4    : c_ld a4, 24(a5)            : MemRead :  D=0x00000000000109cc A=0x71158
2608000: system.cpu: T0 : 0x147e6    : c_ld a0, 32(a5)            : MemRead :  D=0x0000000000000000 A=0x71160
2608500: system.cpu: T0 : 0x147e8    : sd zero, 16(a5)            : MemWrite :  D=0x0000000000000000 A=0x71150
2609000: system.cpu: T0 : 0x147ec    : c_mv a1, s6                : IntAlu :  D=0x0000000000000000
2609500: system.cpu: T0 : 0x147ee    : c_jalr a4                  : IntAlu :  D=0x00000000000147f0
2610000: system.cpu: T0 : 0x109cc    : c_addi sp, -32             : IntAlu :  D=0x7ffffffffffffd50
2610500: system.cpu: T0 : 0x109ce    : c_sdsp s0, 16(sp)          : MemWrite :  D=0x0000000000000001 A=0x7ffffffffffffd60
2611000: system.cpu: T0 : 0x109d0    : lui a5, 111                : IntAlu :  D=0x000000000006f000
2611500: system.cpu: T0 : 0x109d4    : lui s0, 111                : IntAlu :  D=0x000000000006f000
2612000: system.cpu: T0 : 0x109d8    : addi s0, s0, -1280         : IntAlu :  D=0x000000000006eb00
2612500: system.cpu: T0 : 0x109dc    : addi a5, a5, -1264         : IntAlu :  D=0x000000000006eb10
2613000: system.cpu: T0 : 0x109e0    : c_sub a5, s0               : IntAlu :  D=0x0000000000000010
2613500: system.cpu: T0 : 0x109e2    : c_sdsp ra, 24(sp)          : MemWrite :  D=0x00000000000147f0 A=0x7ffffffffffffd68
2614000: system.cpu: T0 : 0x109e4    : c_sdsp s1, 8(sp)           : MemWrite :  D=0x0000000000000002 A=0x7ffffffffffffd58
2614500: system.cpu: T0 : 0x109e6    : c_sdsp s2, 0(sp)           : MemWrite :  D=0x0000000000000004 A=0x7ffffffffffffd50
2615000: system.cpu: T0 : 0x109e8    : srai a4, a5, 3             : IntAlu :  D=0x0000000000000002
2615500: system.cpu: T0 : 0x109ec    : c_beqz a4, 24              : IntAlu : 
2616000: system.cpu: T0 : 0x109ee    : c_addi a5, -8              : IntAlu :  D=0x0000000000000008
2616500: system.cpu: T0 : 0x109f0    : addi s1, a4, -1            : IntAlu :  D=0x0000000000000001
2617000: system.cpu: T0 : 0x109f4    : c_add s0, a5               : IntAlu :  D=0x000000000006eb08
2617500: system.cpu: T0 : 0x109f6    : c_li s2, -1                : IntAlu :  D=0xffffffffffffffff
2618000: system.cpu: T0 : 0x109f8    : c_ld a5, 0(s0)             : MemRead :  D=0x0000000000010340 A=0x6eb08
2618500: system.cpu: T0 : 0x109fa    : c_addi s1, -1              : IntAlu :  D=0x0000000000000000
2619000: system.cpu: T0 : 0x109fc    : c_addi s0, -8              : IntAlu :  D=0x000000000006eb00
2619500: system.cpu: T0 : 0x109fe    : c_jalr a5                  : IntAlu :  D=0x0000000000010a00
2620000: system.cpu: T0 : 0x10340    : addi a0, gp, 1616          : IntAlu :  D=0x0000000000071678
2620500: system.cpu: T0 : 0x10344    : jal zero, 208914           : IntAlu :  D=0x0000000000010348
2621000: system.cpu: T0 : 0x43356    : c_addi sp, -32             : IntAlu :  D=0x7ffffffffffffd30
2621500: system.cpu: T0 : 0x43358    : c_sdsp s1, 8(sp)           : MemWrite :  D=0x0000000000000000 A=0x7ffffffffffffd38
2622000: system.cpu: T0 : 0x4335a    : c_ld s1, 0(a0)             : MemRead :  D=0x0000000000000000 A=0x71678
2622500: system.cpu: T0 : 0x4335c    : c_sdsp ra, 24(sp)          : MemWrite :  D=0x0000000000010a00 A=0x7ffffffffffffd48
2623000: system.cpu: T0 : 0x4335e    : c_sdsp s0, 16(sp)          : MemWrite :  D=0x000000000006eb00 A=0x7ffffffffffffd40
2623500: system.cpu: T0 : 0x43360    : c_beqz s1, 20              : IntAlu : 
2624000: system.cpu: T0 : 0x43374    : c_ldsp ra, 24(sp)          : MemRead :  D=0x0000000000010a00 A=0x7ffffffffffffd48
2624500: system.cpu: T0 : 0x43376    : c_ldsp s0, 16(sp)          : MemRead :  D=0x000000000006eb00 A=0x7ffffffffffffd40
2625000: system.cpu: T0 : 0x43378    : c_ldsp s1, 8(sp)           : MemRead :  D=0x0000000000000000 A=0x7ffffffffffffd38
2625500: system.cpu: T0 : 0x4337a    : c_addi16sp sp, 32          : IntAlu :  D=0x7ffffffffffffd50
2626000: system.cpu: T0 : 0x4337c    : c_jr ra                    : IntAlu : 
2626500: system.cpu: T0 : 0x10a00    : bne s1, s2, -8             : IntAlu : 
2627000: system.cpu: T0 : 0x109f8    : c_ld a5, 0(s0)             : MemRead :  D=0x00000000000103d6 A=0x6eb00
2627500: system.cpu: T0 : 0x109fa    : c_addi s1, -1              : IntAlu :  D=0xffffffffffffffff
2628000: system.cpu: T0 : 0x109fc    : c_addi s0, -8              : IntAlu :  D=0x000000000006eaf8
2628500: system.cpu: T0 : 0x109fe    : c_jalr a5                  : IntAlu :  D=0x0000000000010a00
2629000: system.cpu: T0 : 0x103d6    : c_addi sp, -16             : IntAlu :  D=0x7ffffffffffffd40
2629500: system.cpu: T0 : 0x103d8    : c_sdsp s0, 0(sp)           : MemWrite :  D=0x000000000006eaf8 A=0x7ffffffffffffd40
2630500: system.cpu: T0 : 0x103da    : lbu a5, -1016(gp)          : MemRead :  D=0x0000000000000000 A=0x70c30
2631000: system.cpu: T0 : 0x103de    : c_sdsp ra, 8(sp)           : MemWrite :  D=0x0000000000010a00 A=0x7ffffffffffffd48
2631500: system.cpu: T0 : 0x103e0    : c_bnez a5, 34              : IntAlu : 
2632500: system.cpu: T0 : 0x103e2    : jal ra, -96                : IntAlu :  D=0x00000000000103e6
2633500: system.cpu: T0 : 0x10382    : lui a0, 112                : IntAlu :  D=0x0000000000070000
2634500: system.cpu: T0 : 0x10386    : lui a4, 112                : IntAlu :  D=0x0000000000070000
2635500: system.cpu: T0 : 0x1038a    : addi a5, a0, 2032          : IntAlu :  D=0x00000000000707f0
2636500: system.cpu: T0 : 0x1038e    : addi a4, a4, 2032          : IntAlu :  D=0x00000000000707f0
2637500: system.cpu: T0 : 0x10392    : beq a4, a5, 18             : IntAlu : 
2638000: system.cpu: T0 : 0x103a4    : c_jr ra                    : IntAlu : 
2639000: system.cpu: T0 : 0x103e6    : lui a5, 76                 : IntAlu :  D=0x000000000004c000
2640000: system.cpu: T0 : 0x103ea    : addi a5, a5, 1472          : IntAlu :  D=0x000000000004c5c0
2640500: system.cpu: T0 : 0x103ee    : c_beqz a5, 14              : IntAlu : 
2641000: system.cpu: T0 : 0x103f0    : lui a0, 106                : IntAlu :  D=0x000000000006a000
2641500: system.cpu: T0 : 0x103f4    : addi a0, a0, 288           : IntAlu :  D=0x000000000006a120
2642000: system.cpu: T0 : 0x103f8    : jal ra, 246216             : IntAlu :  D=0x00000000000103fc
2642500: system.cpu: T0 : 0x4c5c0    : c_j -222                   : IntAlu : 
2643000: system.cpu: T0 : 0x4c4e2    : c_addi sp, -32             : IntAlu :  D=0x7ffffffffffffd20
2643500: system.cpu: T0 : 0x4c4e4    : c_sdsp ra, 24(sp)          : MemWrite :  D=0x00000000000103fc A=0x7ffffffffffffd38
2644000: system.cpu: T0 : 0x4c4e6    : c_sdsp s0, 16(sp)          : MemWrite :  D=0x000000000006eaf8 A=0x7ffffffffffffd30
2644500: system.cpu: T0 : 0x4c4e8    : c_sdsp s1, 8(sp)           : MemWrite :  D=0xffffffffffffffff A=0x7ffffffffffffd28
2645000: system.cpu: T0 : 0x4c4ea    : c_sdsp s2, 0(sp)           : MemWrite :  D=0xffffffffffffffff A=0x7ffffffffffffd20
2645500: system.cpu: T0 : 0x4c4ec    : c_beqz a0, 160             : IntAlu : 
2646000: system.cpu: T0 : 0x4c4ee    : c_lw a5, 0(a0)             : MemRead :  D=0x000000000000001c A=0x6a120
2646500: system.cpu: T0 : 0x4c4f0    : c_mv s1, a0                : IntAlu :  D=0x000000000006a120
2647000: system.cpu: T0 : 0x4c4f2    : c_beqz a5, 154             : IntAlu : 
2647500: system.cpu: T0 : 0x4c4f4    : auipc s2, 36               : IntAlu :  D=0x00000000000704f4
2648000: system.cpu: T0 : 0x4c4f8    : ld s2, 788(s2)             : MemRead :  D=0x0000000000000000 A=0x70808
2648500: system.cpu: T0 : 0x4c4fc    : beq s2, zero, 22           : IntAlu : 
2649500: system.cpu: T0 : 0x4c512    : addi a2, gp, 1880          : IntAlu :  D=0x0000000000071780
2650500: system.cpu: T0 : 0x4c516    : ld a5, 448(a2)             : MemRead :  D=0x0000000000070c38 A=0x71940
2651000: system.cpu: T0 : 0x4c51a    : c_beqz a5, 66              : IntAlu : 
2651500: system.cpu: T0 : 0x4c51c    : auipc a3, 37               : IntAlu :  D=0x000000000007151c
2652000: system.cpu: T0 : 0x4c520    : addi a3, a3, 1060          : IntAlu :  D=0x0000000000071940
2652500: system.cpu: T0 : 0x4c524    : c_j 8                      : IntAlu : 
2653000: system.cpu: T0 : 0x4c52c    : c_ld a4, 24(a5)            : MemRead :  D=0x000000000006a120 A=0x70c50
2653500: system.cpu: T0 : 0x4c52e    : c_mv s0, a5                : IntAlu :  D=0x0000000000070c38
2654000: system.cpu: T0 : 0x4c530    : c_ld a5, 40(a5)            : MemRead :  D=0x0000000000000000 A=0x70c60
2655000: system.cpu: T0 : 0x4c532    : bne s1, a4, -12            : IntAlu : 
2655500: system.cpu: T0 : 0x4c536    : c_sd a5, 0(a3)             : MemWrite :  D=0x0000000000000000 A=0x71940
2656000: system.cpu: T0 : 0x4c538    : beq s2, zero, 22           : IntAlu : 
2656500: system.cpu: T0 : 0x4c54e    : c_ldsp ra, 24(sp)          : MemRead :  D=0x00000000000103fc A=0x7ffffffffffffd38
2657000: system.cpu: T0 : 0x4c550    : c_mv a0, s0                : IntAlu :  D=0x0000000000070c38
2657500: system.cpu: T0 : 0x4c552    : c_ldsp s0, 16(sp)          : MemRead :  D=0x000000000006eaf8 A=0x7ffffffffffffd30
2658000: system.cpu: T0 : 0x4c554    : c_ldsp s1, 8(sp)           : MemRead :  D=0xffffffffffffffff A=0x7ffffffffffffd28
2658500: system.cpu: T0 : 0x4c556    : c_ldsp s2, 0(sp)           : MemRead :  D=0xffffffffffffffff A=0x7ffffffffffffd20
2659000: system.cpu: T0 : 0x4c558    : c_addi16sp sp, 32          : IntAlu :  D=0x7ffffffffffffd40
2659500: system.cpu: T0 : 0x4c55a    : c_jr ra                    : IntAlu : 
2660000: system.cpu: T0 : 0x103fc    : c_li a5, 1                 : IntAlu :  D=0x0000000000000001
2661000: system.cpu: T0 : 0x103fe    : sb a5, -1016(gp)           : MemWrite :  D=0x0000000000000001 A=0x70c30
2661500: system.cpu: T0 : 0x10402    : c_ldsp ra, 8(sp)           : MemRead :  D=0x0000000000010a00 A=0x7ffffffffffffd48
2662000: system.cpu: T0 : 0x10404    : c_ldsp s0, 0(sp)           : MemRead :  D=0x000000000006eaf8 A=0x7ffffffffffffd40
2662500: system.cpu: T0 : 0x10406    : c_addi sp, 16              : IntAlu :  D=0x7ffffffffffffd50
2663000: system.cpu: T0 : 0x10408    : c_jr ra                    : IntAlu : 
2663500: system.cpu: T0 : 0x10a00    : bne s1, s2, -8             : IntAlu : 
2664000: system.cpu: T0 : 0x10a04    : c_ldsp ra, 24(sp)          : MemRead :  D=0x00000000000147f0 A=0x7ffffffffffffd68
2664500: system.cpu: T0 : 0x10a06    : c_ldsp s0, 16(sp)          : MemRead :  D=0x0000000000000001 A=0x7ffffffffffffd60
2665000: system.cpu: T0 : 0x10a08    : c_ldsp s1, 8(sp)           : MemRead :  D=0x0000000000000002 A=0x7ffffffffffffd58
2665500: system.cpu: T0 : 0x10a0a    : c_ldsp s2, 0(sp)           : MemRead :  D=0x0000000000000004 A=0x7ffffffffffffd50
2666000: system.cpu: T0 : 0x10a0c    : c_addi16sp sp, 32          : IntAlu :  D=0x7ffffffffffffd70
2666500: system.cpu: T0 : 0x10a0e    : c_jr ra                    : IntAlu : 
2667000: system.cpu: T0 : 0x147f0    : addi a4, s9, -608          : IntAlu :  D=0x0000000000071da0
2667500: system.cpu: T0 : 0x147f4    : lr_w a5, (a4)             
2667500: system.cpu: T0 : 0x147f4. 0 : lr_w a5, (a4)              : MemRead :  D=0x0000000000000000 A=0x71da0
2668000: system.cpu: T0 : 0x147f8    : c_bnez a5, 8               : IntAlu : 
2669000: system.cpu: T0 : 0x147fa    : sc_w_aq a3, s0, (a4)      
2669000: system.cpu: T0 : 0x147fa. 0 : sc_w a3, s0, (a4)          : MemWrite :  D=0x0000000000000000 A=0x71da0
2669500: system.cpu: T0 : 0x147fa. 1 : 0x1c8726af fence           : No_OpClass : 
2670000: system.cpu: T0 : 0x147fe    : c_bnez a3, -10             : IntAlu : 
2670500: system.cpu: T0 : 0x14800    : c_addiw a5, 0              : IntAlu :  D=0x0000000000000000
2671000: system.cpu: T0 : 0x14802    : c_beqz a5, -88             : IntAlu : 
2672000: system.cpu: T0 : 0x147aa    : ld a5, -600(s11)           : MemRead :  D=0x0000000000000001 A=0x71da8
2673000: system.cpu: T0 : 0x147ae    : bne a5, s8, 102            : IntAlu : 
2674000: system.cpu: T0 : 0x147b2    : ld a5, 8(s10)              : MemRead :  D=0x0000000000000000 A=0x71148
2674500: system.cpu: T0 : 0x147b6    : c_beqz a5, 222             : IntAlu : 
2675000: system.cpu: T0 : 0x14894    : ld a5, 0(s10)              : MemRead :  D=0x0000000000000000 A=0x71140
2675500: system.cpu: T0 : 0x14898    : sd a5, 0(s7)               : MemWrite :  D=0x0000000000000000 A=0x70898
2676000: system.cpu: T0 : 0x1489c    : c_beqz a5, 8               : IntAlu : 
2676500: system.cpu: T0 : 0x148a4    : c_mv a5, s4                : IntAlu :  D=0x0000000000000000
2677500: system.cpu: T0 : 0x148a6    : addi a4, s9, -608          : IntAlu :  D=0x0000000000071da0
2678500: system.cpu: T0 : 0x148aa    : fence iorw, ow             : No_OpClass : 
2679500: system.cpu: T0 : 0x148ae    : amoswap_w a5, a5, (a4)    
2679500: system.cpu: T0 : 0x148ae. 0 : amoswap_w[l] a5, a5, (a4)  : MemRead :  D=0x0000000000000001 A=0x71da0
2680000: system.cpu: T0 : 0x148b2    : c_addiw a5, 0              : IntAlu :  D=0x0000000000000001
2680500: system.cpu: T0 : 0x148b4    : bge s3, a5, -332           : IntAlu : 
2681000: system.cpu: T0 : 0x14768    : c_li a4, 1                 : IntAlu :  D=0x0000000000000001
2682000: system.cpu: T0 : 0x1476a    : addi a3, s9, -608          : IntAlu :  D=0x0000000000071da0
2683000: system.cpu: T0 : 0x1476e    : lr_w a5, (a3)             
2683000: system.cpu: T0 : 0x1476e. 0 : lr_w a5, (a3)              : MemRead :  D=0x0000000000000000 A=0x71da0
2683500: system.cpu: T0 : 0x14772    : c_bnez a5, 8               : IntAlu : 
2684000: system.cpu: T0 : 0x14774    : sc_w_aq a2, a4, (a3)      
2684000: system.cpu: T0 : 0x14774. 0 : sc_w a2, a4, (a3)          : MemWrite :  D=0x0000000000000000 A=0x71da0
2684500: system.cpu: T0 : 0x14774. 1 : 0x1ce6a62f fence           : No_OpClass : 
2685000: system.cpu: T0 : 0x14778    : c_bnez a2, -10             : IntAlu : 
2685500: system.cpu: T0 : 0x1477a    : c_addiw a5, 0              : IntAlu :  D=0x0000000000000000
2686000: system.cpu: T0 : 0x1477c    : bne a5, zero, 338          : IntAlu : 
2686500: system.cpu: T0 : 0x14780    : ld s10, 0(s7)              : MemRead :  D=0x0000000000000000 A=0x70898
2687000: system.cpu: T0 : 0x14784    : beq s10, zero, 152         : IntAlu : 
2687500: system.cpu: T0 : 0x1481c    : c_li a4, 1                 : IntAlu :  D=0x0000000000000001
2688500: system.cpu: T0 : 0x1481e    : sb a4, -1476(gp)           : MemWrite :  D=0x0000000000000001 A=0x70a64
2689000: system.cpu: T0 : 0x14822    : c_li a5, 0                 : IntAlu :  D=0x0000000000000000
2689500: system.cpu: T0 : 0x14824    : addi a4, s9, -608          : IntAlu :  D=0x0000000000071da0
2690000: system.cpu: T0 : 0x14828    : fence iorw, ow             : No_OpClass : 
2690500: system.cpu: T0 : 0x1482c    : amoswap_w a5, a5, (a4)    
2690500: system.cpu: T0 : 0x1482c. 0 : amoswap_w[l] a5, a5, (a4)  : MemRead :  D=0x0000000000000001 A=0x71da0
2691000: system.cpu: T0 : 0x14830    : c_addiw a5, 0              : IntAlu :  D=0x0000000000000001
2691500: system.cpu: T0 : 0x14832    : c_li a4, 1                 : IntAlu :  D=0x0000000000000001
2692000: system.cpu: T0 : 0x14834    : blt a4, a5, 174            : IntAlu : 
2692500: system.cpu: T0 : 0x14838    : c_ldsp a5, 8(sp)           : MemRead :  D=0x0000000000000001 A=0x7ffffffffffffd78
2693000: system.cpu: T0 : 0x1483a    : c_beqz a5, 46              : IntAlu : 
2693500: system.cpu: T0 : 0x1483c    : lui s0, 106                : IntAlu :  D=0x000000000006a000
2694000: system.cpu: T0 : 0x14840    : lui a5, 106                : IntAlu :  D=0x000000000006a000
2694500: system.cpu: T0 : 0x14844    : addi s1, s0, 240           : IntAlu :  D=0x000000000006a0f0
2695000: system.cpu: T0 : 0x14848    : addi a5, a5, 248           : IntAlu :  D=0x000000000006a0f8
2695500: system.cpu: T0 : 0x1484c    : bgeu s1, a5, 28            : IntAlu : 
2696000: system.cpu: T0 : 0x14850    : c_addi a5, -1              : IntAlu :  D=0x000000000006a0f7
2696500: system.cpu: T0 : 0x14852    : c_sub a5, s1               : IntAlu :  D=0x0000000000000007
2697000: system.cpu: T0 : 0x14854    : c_andi a5, 18446744073709551608 : IntAlu :  D=0x0000000000000000
2697500: system.cpu: T0 : 0x14856    : c_addi a5, 8               : IntAlu :  D=0x0000000000000008
2698000: system.cpu: T0 : 0x14858    : c_add s1, a5               : IntAlu :  D=0x000000000006a0f8
2699000: system.cpu: T0 : 0x1485a    : addi s0, s0, 240           : IntAlu :  D=0x000000000006a0f0
2699500: system.cpu: T0 : 0x1485e    : c_ld a5, 0(s0)             : MemRead :  D=0x000000000001978a A=0x6a0f0
2700000: system.cpu: T0 : 0x14860    : c_addi s0, 8               : IntAlu :  D=0x000000000006a0f8
2700500: system.cpu: T0 : 0x14862    : c_jalr a5                  : IntAlu :  D=0x0000000000014864
2701000: system.cpu: T0 : 0x1978a    : c_addi16sp sp, -176        : IntAlu :  D=0x7ffffffffffffcc0
2701500: system.cpu: T0 : 0x1978c    : c_sdsp s6, 112(sp)         : MemWrite :  D=0x0000000000000000 A=0x7ffffffffffffd30
2702500: system.cpu: T0 : 0x1978e    : lui s6, 111                : IntAlu :  D=0x000000000006f000
2703500: system.cpu: T0 : 0x19792    : ld a5, -1264(s6)           : MemRead :  D=0x2e00000000000000 A=0x6eb10
2704000: system.cpu: T0 : 0x19796    : c_sdsp s3, 136(sp)         : MemWrite :  D=0x0000000000000001 A=0x7ffffffffffffd48
2704500: system.cpu: T0 : 0x19798    : c_li a0, 0                 : IntAlu :  D=0x0000000000000000
2705000: system.cpu: T0 : 0x1979a    : c_sdsp s5, 120(sp)         : MemWrite :  D=0x0000000000000003 A=0x7ffffffffffffd38
2705500: system.cpu: T0 : 0x1979c    : c_sdsp ra, 168(sp)         : MemWrite :  D=0x0000000000014864 A=0x7ffffffffffffd68
2706000: system.cpu: T0 : 0x1979e    : c_sdsp s0, 160(sp)         : MemWrite :  D=0x000000000006a0f8 A=0x7ffffffffffffd60
2706500: system.cpu: T0 : 0x197a0    : c_sdsp s1, 152(sp)         : MemWrite :  D=0x000000000006a0f8 A=0x7ffffffffffffd58
2707000: system.cpu: T0 : 0x197a2    : c_sdsp s2, 144(sp)         : MemWrite :  D=0x0000000000000004 A=0x7ffffffffffffd50
2707500: system.cpu: T0 : 0x197a4    : c_sdsp s4, 128(sp)         : MemWrite :  D=0x0000000000000000 A=0x7ffffffffffffd40
2708000: system.cpu: T0 : 0x197a6    : c_sdsp s7, 104(sp)         : MemWrite :  D=0x0000000000070898 A=0x7ffffffffffffd28
2708500: system.cpu: T0 : 0x197a8    : c_sdsp s8, 96(sp)          : MemWrite :  D=0x0000000000000001 A=0x7ffffffffffffd20
2709000: system.cpu: T0 : 0x197aa    : c_sdsp s9, 88(sp)          : MemWrite :  D=0x0000000000072000 A=0x7ffffffffffffd18
2709500: system.cpu: T0 : 0x197ac    : c_sdsp s10, 80(sp)         : MemWrite :  D=0x0000000000000000 A=0x7ffffffffffffd10
2710000: system.cpu: T0 : 0x197ae    : c_sdsp s11, 72(sp)         : MemWrite :  D=0x0000000000072000 A=0x7ffffffffffffd08
2710500: system.cpu: T0 : 0x197b0    : c_sdsp a5, 56(sp)          : MemWrite :  D=0x2e00000000000000 A=0x7ffffffffffffcf8
2711500: system.cpu: T0 : 0x197b2    : addi s3, zero, 0           : IntAlu :  D=0x0000000000000000
2712500: system.cpu: T0 : 0x197b6    : jal ra, -556               : IntAlu :  D=0x00000000000197ba
2713000: system.cpu: T0 : 0x1958a    : c_addi16sp sp, -176        : IntAlu :  D=0x7ffffffffffffc10
2713500: system.cpu: T0 : 0x1958c    : c_sdsp s5, 120(sp)         : MemWrite :  D=0x0000000000000003 A=0x7ffffffffffffc88
2714500: system.cpu: T0 : 0x1958e    : lui s5, 111                : IntAlu :  D=0x000000000006f000
2715500: system.cpu: T0 : 0x19592    : ld a5, -1264(s5)           : MemRead :  D=0x2e00000000000000 A=0x6eb10
2716000: system.cpu: T0 : 0x19596    : c_sdsp s3, 136(sp)         : MemWrite :  D=0x0000000000000000 A=0x7ffffffffffffc98
2716500: system.cpu: T0 : 0x19598    : c_sdsp s9, 88(sp)          : MemWrite :  D=0x0000000000072000 A=0x7ffffffffffffc68
2717000: system.cpu: T0 : 0x1959a    : c_sdsp ra, 168(sp)         : MemWrite :  D=0x00000000000197ba A=0x7ffffffffffffcb8
2717500: system.cpu: T0 : 0x1959c    : c_sdsp s0, 160(sp)         : MemWrite :  D=0x000000000006a0f8 A=0x7ffffffffffffcb0
2718000: system.cpu: T0 : 0x1959e    : c_sdsp s1, 152(sp)         : MemWrite :  D=0x000000000006a0f8 A=0x7ffffffffffffca8
2718500: system.cpu: T0 : 0x195a0    : c_sdsp s2, 144(sp)         : MemWrite :  D=0x0000000000000004 A=0x7ffffffffffffca0
2719000: system.cpu: T0 : 0x195a2    : c_sdsp s4, 128(sp)         : MemWrite :  D=0x0000000000000000 A=0x7ffffffffffffc90
2719500: system.cpu: T0 : 0x195a4    : c_sdsp s6, 112(sp)         : MemWrite :  D=0x000000000006f000 A=0x7ffffffffffffc80
2720000: system.cpu: T0 : 0x195a6    : c_sdsp s7, 104(sp)         : MemWrite :  D=0x0000000000070898 A=0x7ffffffffffffc78
2720500: system.cpu: T0 : 0x195a8    : c_sdsp s8, 96(sp)          : MemWrite :  D=0x0000000000000001 A=0x7ffffffffffffc70
2721000: system.cpu: T0 : 0x195aa    : c_sdsp s10, 80(sp)         : MemWrite :  D=0x0000000000000000 A=0x7ffffffffffffc60
2721500: system.cpu: T0 : 0x195ac    : c_sdsp s11, 72(sp)         : MemWrite :  D=0x0000000000072000 A=0x7ffffffffffffc58
2722000: system.cpu: T0 : 0x195ae    : c_sdsp a5, 56(sp)          : MemWrite :  D=0x2e00000000000000 A=0x7ffffffffffffc48
2722500: system.cpu: T0 : 0x195b0    : addi s3, zero, 0           : IntAlu :  D=0x0000000000000000
2723000: system.cpu: T0 : 0x195b4    : c_mv s9, a0                : IntAlu :  D=0x0000000000000000
2724000: system.cpu: T0 : 0x195b6    : beq s3, zero, 428          : IntAlu : 
2724500: system.cpu: T0 : 0x19762    : c_lui a5, 24               : IntAlu :  D=0x0000000000018000
2725000: system.cpu: T0 : 0x19764    : addi a5, a5, 2016          : IntAlu :  D=0x00000000000187e0
2725500: system.cpu: T0 : 0x19768    : c_sdsp a5, 24(sp)          : MemWrite :  D=0x00000000000187e0 A=0x7ffffffffffffc28
2726000: system.cpu: T0 : 0x1976a    : c_sdsp zero, 32(sp)        : MemWrite :  D=0x0000000000000000 A=0x7ffffffffffffc30
2726500: system.cpu: T0 : 0x1976c    : c_j -416                   : IntAlu : 
2727000: system.cpu: T0 : 0x195cc    : addi s8, gp, 1320          : IntAlu :  D=0x0000000000071550
2727500: system.cpu: T0 : 0x195d0    : ld a5, 8(s8)               : MemRead :  D=0x0000000000000000 A=0x71558
2728000: system.cpu: T0 : 0x195d4    : addi s0, tp, -1808         : IntAlu :  D=0x0000000000072000
2728500: system.cpu: T0 : 0x195d8    : beq a5, s0, 28             : IntAlu : 
2729000: system.cpu: T0 : 0x195dc    : c_li a3, 1                 : IntAlu :  D=0x0000000000000001
2730000: system.cpu: T0 : 0x195de    : lr_w a5, (s8)             
2730000: system.cpu: T0 : 0x195de. 0 : lr_w a5, (s8)              : MemRead :  D=0x0000000000000000 A=0x71550
2730500: system.cpu: T0 : 0x195e2    : c_bnez a5, 8               : IntAlu : 
2731000: system.cpu: T0 : 0x195e4    : sc_w_aq a4, a3, (s8)      
2731000: system.cpu: T0 : 0x195e4. 0 : sc_w a4, a3, (s8)          : MemWrite :  D=0x0000000000000000 A=0x71550
2731500: system.cpu: T0 : 0x195e4. 1 : 0x1cdc272f fence           : No_OpClass : 
2732000: system.cpu: T0 : 0x195e8    : c_bnez a4, -10             : IntAlu : 
2732500: system.cpu: T0 : 0x195ea    : c_addiw a5, 0              : IntAlu :  D=0x0000000000000000
2733000: system.cpu: T0 : 0x195ec    : bne a5, zero, 386          : IntAlu : 
2733500: system.cpu: T0 : 0x195f0    : sd s0, 8(s8)               : MemWrite :  D=0x0000000000072000 A=0x71558
2734000: system.cpu: T0 : 0x195f4    : lw a4, 4(s8)               : MemRead :  D=0x0000000000000000 A=0x71554
2734500: system.cpu: T0 : 0x195f8    : ld s0, -1920(gp)           : MemRead :  D=0x000000000006f000 A=0x708a8
2735000: system.cpu: T0 : 0x195fc    : addiw a3, a4, 1            : IntAlu :  D=0x0000000000000001
2735500: system.cpu: T0 : 0x19600    : sw a3, 4(s8)               : MemWrite :  D=0x0000000000000001 A=0x71554
2736000: system.cpu: T0 : 0x19604    : beq s0, zero, 382          : IntAlu : 
2736500: system.cpu: T0 : 0x19608    : lui s1, 106                : IntAlu :  D=0x000000000006a000
2737000: system.cpu: T0 : 0x1960c    : lui s2, 106                : IntAlu :  D=0x000000000006a000
2737500: system.cpu: T0 : 0x19610    : addi s2, s2, -1272         : IntAlu :  D=0x0000000000069b08
2738000: system.cpu: T0 : 0x19614    : addi s1, s1, 240           : IntAlu :  D=0x000000000006a0f0
2738500: system.cpu: T0 : 0x19618    : c_li s4, 0                 : IntAlu :  D=0x0000000000000000
2739000: system.cpu: T0 : 0x1961a    : c_lui s11, 8               : IntAlu :  D=0x0000000000008000
2739500: system.cpu: T0 : 0x1961c    : c_li s6, 1                 : IntAlu :  D=0x0000000000000001
2740500: system.cpu: T0 : 0x1961e    : sub s1, s1, s2             : IntAlu :  D=0x00000000000005e8
2741500: system.cpu: T0 : 0x19622    : sd s0, -1456(gp)           : MemWrite :  D=0x000000000006f000 A=0x70a78
2742500: system.cpu: T0 : 0x19626    : beq s9, zero, 54           : IntAlu : 
2743000: system.cpu: T0 : 0x1965c    : lw a5, 192(s0)             : MemRead :  D=0x0000000000000000 A=0x6f0c0
2743500: system.cpu: T0 : 0x19660    : bge zero, a5, 150          : IntAlu : 
2744000: system.cpu: T0 : 0x196f6    : c_ld a3, 40(s0)            : MemRead :  D=0x0000000000000000 A=0x6f028
2744500: system.cpu: T0 : 0x196f8    : c_ld a5, 32(s0)            : MemRead :  D=0x0000000000000000 A=0x6f020
2745500: system.cpu: T0 : 0x196fa    : bgeu a5, a3, -116          : IntAlu : 
2746500: system.cpu: T0 : 0x19686    : beq s9, zero, 28           : IntAlu : 
2747000: system.cpu: T0 : 0x196a2    : c_ld s0, 104(s0)           : MemRead :  D=0x000000000006f1c8 A=0x6f068
2747500: system.cpu: T0 : 0x196a4    : sd zero, -1456(gp)         : MemWrite :  D=0x0000000000000000 A=0x70a78
2748000: system.cpu: T0 : 0x196a8    : c_bnez s0, -134            : IntAlu : 
2749000: system.cpu: T0 : 0x19622    : sd s0, -1456(gp)           : MemWrite :  D=0x000000000006f1c8 A=0x70a78
2750000: system.cpu: T0 : 0x19626    : beq s9, zero, 54           : IntAlu : 
2750500: system.cpu: T0 : 0x1965c    : lw a5, 192(s0)             : MemRead :  D=0x0000000000000000 A=0x6f288
2751000: system.cpu: T0 : 0x19660    : bge zero, a5, 150          : IntAlu : 
2751500: system.cpu: T0 : 0x196f6    : c_ld a3, 40(s0)            : MemRead :  D=0x0000000000000000 A=0x6f1f0
2752000: system.cpu: T0 : 0x196f8    : c_ld a5, 32(s0)            : MemRead :  D=0x0000000000000000 A=0x6f1e8
2753000: system.cpu: T0 : 0x196fa    : bgeu a5, a3, -116          : IntAlu : 
2754000: system.cpu: T0 : 0x19686    : beq s9, zero, 28           : IntAlu : 
2754500: system.cpu: T0 : 0x196a2    : c_ld s0, 104(s0)           : MemRead :  D=0x000000000006f390 A=0x6f230
2755000: system.cpu: T0 : 0x196a4    : sd zero, -1456(gp)         : MemWrite :  D=0x0000000000000000 A=0x70a78
2755500: system.cpu: T0 : 0x196a8    : c_bnez s0, -134            : IntAlu : 
2756500: system.cpu: T0 : 0x19622    : sd s0, -1456(gp)           : MemWrite :  D=0x000000000006f390 A=0x70a78
2757500: system.cpu: T0 : 0x19626    : beq s9, zero, 54           : IntAlu : 
2758000: system.cpu: T0 : 0x1965c    : lw a5, 192(s0)             : MemRead :  D=0x0000000000000000 A=0x6f450
2758500: system.cpu: T0 : 0x19660    : bge zero, a5, 150          : IntAlu : 
2759000: system.cpu: T0 : 0x196f6    : c_ld a3, 40(s0)            : MemRead :  D=0x0000000000000000 A=0x6f3b8
2759500: system.cpu: T0 : 0x196f8    : c_ld a5, 32(s0)            : MemRead :  D=0x0000000000000000 A=0x6f3b0
2760500: system.cpu: T0 : 0x196fa    : bgeu a5, a3, -116          : IntAlu : 
2761500: system.cpu: T0 : 0x19686    : beq s9, zero, 28           : IntAlu : 
2762000: system.cpu: T0 : 0x196a2    : c_ld s0, 104(s0)           : MemRead :  D=0x0000000000000000 A=0x6f3f8
2762500: system.cpu: T0 : 0x196a4    : sd zero, -1456(gp)         : MemWrite :  D=0x0000000000000000 A=0x70a78
2763000: system.cpu: T0 : 0x196a8    : c_bnez s0, -134            : IntAlu : 
2764000: system.cpu: T0 : 0x196aa    : lw a5, 4(s8)               : MemRead :  D=0x0000000000000001 A=0x71554
2765000: system.cpu: T0 : 0x196ae    : addiw a4, a5, -1           : IntAlu :  D=0x0000000000000000
2766000: system.cpu: T0 : 0x196b2    : sw a4, 4(s8)               : MemWrite :  D=0x0000000000000000 A=0x71554
2766500: system.cpu: T0 : 0x196b6    : c_beqz a4, 128             : IntAlu : 
2767500: system.cpu: T0 : 0x19736    : sd zero, 8(s8)             : MemWrite :  D=0x0000000000000000 A=0x71558
2768000: system.cpu: T0 : 0x1973a    : c_mv a5, a4                : IntAlu :  D=0x0000000000000000
2768500: system.cpu: T0 : 0x1973c    : fence iorw, ow             : No_OpClass : 
2769000: system.cpu: T0 : 0x19740    : amoswap_w a5, a5, (s8)    
2769000: system.cpu: T0 : 0x19740. 0 : amoswap_w[l] a5, a5, (s8)  : MemRead :  D=0x0000000000000001 A=0x71550
2769500: system.cpu: T0 : 0x19744    : c_addiw a5, 0              : IntAlu :  D=0x0000000000000001
2770000: system.cpu: T0 : 0x19746    : c_li a4, 1                 : IntAlu :  D=0x0000000000000001
2770500: system.cpu: T0 : 0x19748    : bge a4, a5, -144           : IntAlu : 
2771000: system.cpu: T0 : 0x196b8    : beq s3, zero, 16           : IntAlu : 
2771500: system.cpu: T0 : 0x196c8    : c_ldsp a4, 56(sp)          : MemRead :  D=0x2e00000000000000 A=0x7ffffffffffffc48
2772500: system.cpu: T0 : 0x196ca    : ld a5, -1264(s5)           : MemRead :  D=0x2e00000000000000 A=0x6eb10
2773500: system.cpu: T0 : 0x196ce    : bne a4, a5, 184            : IntAlu : 
2774000: system.cpu: T0 : 0x196d2    : c_ldsp ra, 168(sp)         : MemRead :  D=0x00000000000197ba A=0x7ffffffffffffcb8
2774500: system.cpu: T0 : 0x196d4    : c_ldsp s0, 160(sp)         : MemRead :  D=0x000000000006a0f8 A=0x7ffffffffffffcb0
2775000: system.cpu: T0 : 0x196d6    : c_ldsp s1, 152(sp)         : MemRead :  D=0x000000000006a0f8 A=0x7ffffffffffffca8
2775500: system.cpu: T0 : 0x196d8    : c_ldsp s2, 144(sp)         : MemRead :  D=0x0000000000000004 A=0x7ffffffffffffca0
2776000: system.cpu: T0 : 0x196da    : c_ldsp s3, 136(sp)         : MemRead :  D=0x0000000000000000 A=0x7ffffffffffffc98
2776500: system.cpu: T0 : 0x196dc    : c_ldsp s5, 120(sp)         : MemRead :  D=0x0000000000000003 A=0x7ffffffffffffc88
2777000: system.cpu: T0 : 0x196de    : c_ldsp s6, 112(sp)         : MemRead :  D=0x000000000006f000 A=0x7ffffffffffffc80
2777500: system.cpu: T0 : 0x196e0    : c_ldsp s7, 104(sp)         : MemRead :  D=0x0000000000070898 A=0x7ffffffffffffc78
2778000: system.cpu: T0 : 0x196e2    : c_ldsp s8, 96(sp)          : MemRead :  D=0x0000000000000001 A=0x7ffffffffffffc70
2778500: system.cpu: T0 : 0x196e4    : c_ldsp s9, 88(sp)          : MemRead :  D=0x0000000000072000 A=0x7ffffffffffffc68
2779000: system.cpu: T0 : 0x196e6    : c_ldsp s10, 80(sp)         : MemRead :  D=0x0000000000000000 A=0x7ffffffffffffc60
2779500: system.cpu: T0 : 0x196e8    : c_ldsp s11, 72(sp)         : MemRead :  D=0x0000000000072000 A=0x7ffffffffffffc58
2780000: system.cpu: T0 : 0x196ea    : c_mv a0, s4                : IntAlu :  D=0x0000000000000000
2780500: system.cpu: T0 : 0x196ec    : c_ldsp s4, 128(sp)         : MemRead :  D=0x0000000000000000 A=0x7ffffffffffffc90
2781000: system.cpu: T0 : 0x196ee    : c_addi16sp sp, 176         : IntAlu :  D=0x7ffffffffffffcc0
2781500: system.cpu: T0 : 0x196f0    : c_jr ra                    : IntAlu : 
2782000: system.cpu: T0 : 0x197ba    : c_mv s5, a0                : IntAlu :  D=0x0000000000000000
2782500: system.cpu: T0 : 0x197bc    : beq s3, zero, 482          : IntAlu : 
2783000: system.cpu: T0 : 0x1999e    : c_lui a5, 24               : IntAlu :  D=0x0000000000018000
2783500: system.cpu: T0 : 0x199a0    : addi a5, a5, 2016          : IntAlu :  D=0x00000000000187e0
2784000: system.cpu: T0 : 0x199a4    : c_sdsp a5, 24(sp)          : MemWrite :  D=0x00000000000187e0 A=0x7ffffffffffffcd8
2784500: system.cpu: T0 : 0x199a6    : c_sdsp zero, 32(sp)        : MemWrite :  D=0x0000000000000000 A=0x7ffffffffffffce0
2785000: system.cpu: T0 : 0x199a8    : c_j -470                   : IntAlu : 
2786000: system.cpu: T0 : 0x197d2    : addi s1, gp, 1320          : IntAlu :  D=0x0000000000071550
2786500: system.cpu: T0 : 0x197d6    : c_ld a5, 8(s1)             : MemRead :  D=0x0000000000000000 A=0x71558
2787000: system.cpu: T0 : 0x197d8    : addi s0, tp, -1808         : IntAlu :  D=0x0000000000072000
2787500: system.cpu: T0 : 0x197dc    : beq s0, a5, 26             : IntAlu : 
2788000: system.cpu: T0 : 0x197e0    : c_li a4, 1                 : IntAlu :  D=0x0000000000000001
2789000: system.cpu: T0 : 0x197e2    : lr_w a5, (s1)             
2789000: system.cpu: T0 : 0x197e2. 0 : lr_w a5, (s1)              : MemRead :  D=0x0000000000000000 A=0x71550
2789500: system.cpu: T0 : 0x197e6    : c_bnez a5, 8               : IntAlu : 
2790000: system.cpu: T0 : 0x197e8    : sc_w_aq a3, a4, (s1)      
2790000: system.cpu: T0 : 0x197e8. 0 : sc_w a3, a4, (s1)          : MemWrite :  D=0x0000000000000000 A=0x71550
2790500: system.cpu: T0 : 0x197e8. 1 : 0x1ce4a6af fence           : No_OpClass : 
2791000: system.cpu: T0 : 0x197ec    : c_bnez a3, -10             : IntAlu : 
2791500: system.cpu: T0 : 0x197ee    : c_addiw a5, 0              : IntAlu :  D=0x0000000000000000
2792000: system.cpu: T0 : 0x197f0    : bne a5, zero, 442          : IntAlu : 
2792500: system.cpu: T0 : 0x197f4    : c_sd s0, 8(s1)             : MemWrite :  D=0x0000000000072000 A=0x71558
2793000: system.cpu: T0 : 0x197f6    : c_lw a3, 4(s1)             : MemRead :  D=0x0000000000000000 A=0x71554
2793500: system.cpu: T0 : 0x197f8    : ld s0, -1920(gp)           : MemRead :  D=0x000000000006f000 A=0x708a8
2794000: system.cpu: T0 : 0x197fc    : addiw a4, a3, 1            : IntAlu :  D=0x0000000000000001
2794500: system.cpu: T0 : 0x19800    : c_sw a4, 4(s1)             : MemWrite :  D=0x0000000000000001 A=0x71554
2795000: system.cpu: T0 : 0x19802    : c_beqz s0, 202             : IntAlu : 
2795500: system.cpu: T0 : 0x19804    : lui s2, 106                : IntAlu :  D=0x000000000006a000
2796000: system.cpu: T0 : 0x19808    : lui s4, 106                : IntAlu :  D=0x000000000006a000
2796500: system.cpu: T0 : 0x1980c    : addi s4, s4, -1272         : IntAlu :  D=0x0000000000069b08
2797000: system.cpu: T0 : 0x19810    : addi s2, s2, 240           : IntAlu :  D=0x000000000006a0f0
2797500: system.cpu: T0 : 0x19814    : sub s2, s2, s4             : IntAlu :  D=0x00000000000005e8
2798000: system.cpu: T0 : 0x19818    : c_li s9, 2                 : IntAlu :  D=0x0000000000000002
2798500: system.cpu: T0 : 0x1981a    : c_j 12                     : IntAlu : 
2799000: system.cpu: T0 : 0x19826    : c_lw a5, 0(s0)             : MemRead :  D=0xfffffffffbad2086 A=0x6f000
2799500: system.cpu: T0 : 0x19828    : c_andi a5, 2               : IntAlu :  D=0x0000000000000002
2800500: system.cpu: T0 : 0x1982a    : addiw s8, a5, 0            : IntAlu :  D=0x0000000000000002
2801000: system.cpu: T0 : 0x1982e    : c_bnez a5, -18             : IntAlu : 
2801500: system.cpu: T0 : 0x1981c    : c_li a5, -1                : IntAlu :  D=0xffffffffffffffff
2802500: system.cpu: T0 : 0x1981e    : sw a5, 192(s0)             : MemWrite :  D=0x00000000ffffffff A=0x6f0c0
2803000: system.cpu: T0 : 0x19822    : c_ld s0, 104(s0)           : MemRead :  D=0x000000000006f1c8 A=0x6f068
2803500: system.cpu: T0 : 0x19824    : c_beqz s0, 162             : IntAlu : 
2804000: system.cpu: T0 : 0x19826    : c_lw a5, 0(s0)             : MemRead :  D=0xfffffffffbad2084 A=0x6f1c8
2804500: system.cpu: T0 : 0x19828    : c_andi a5, 2               : IntAlu :  D=0x0000000000000000
2805500: system.cpu: T0 : 0x1982a    : addiw s8, a5, 0            : IntAlu :  D=0x0000000000000000
2806000: system.cpu: T0 : 0x1982e    : c_bnez a5, -18             : IntAlu : 
2806500: system.cpu: T0 : 0x19830    : lw a5, 192(s0)             : MemRead :  D=0x0000000000000000 A=0x6f288
2807000: system.cpu: T0 : 0x19834    : c_beqz a5, -24             : IntAlu : 
2807500: system.cpu: T0 : 0x1981c    : c_li a5, -1                : IntAlu :  D=0xffffffffffffffff
2808500: system.cpu: T0 : 0x1981e    : sw a5, 192(s0)             : MemWrite :  D=0x00000000ffffffff A=0x6f288
2809000: system.cpu: T0 : 0x19822    : c_ld s0, 104(s0)           : MemRead :  D=0x000000000006f390 A=0x6f230
2809500: system.cpu: T0 : 0x19824    : c_beqz s0, 162             : IntAlu : 
2810000: system.cpu: T0 : 0x19826    : c_lw a5, 0(s0)             : MemRead :  D=0xfffffffffbad2088 A=0x6f390
2810500: system.cpu: T0 : 0x19828    : c_andi a5, 2               : IntAlu :  D=0x0000000000000000
2811500: system.cpu: T0 : 0x1982a    : addiw s8, a5, 0            : IntAlu :  D=0x0000000000000000
2812000: system.cpu: T0 : 0x1982e    : c_bnez a5, -18             : IntAlu : 
2812500: system.cpu: T0 : 0x19830    : lw a5, 192(s0)             : MemRead :  D=0x0000000000000000 A=0x6f450
2813000: system.cpu: T0 : 0x19834    : c_beqz a5, -24             : IntAlu : 
2813500: system.cpu: T0 : 0x1981c    : c_li a5, -1                : IntAlu :  D=0xffffffffffffffff
2814500: system.cpu: T0 : 0x1981e    : sw a5, 192(s0)             : MemWrite :  D=0x00000000ffffffff A=0x6f450
2815000: system.cpu: T0 : 0x19822    : c_ld s0, 104(s0)           : MemRead :  D=0x0000000000000000 A=0x6f3f8
2815500: system.cpu: T0 : 0x19824    : c_beqz s0, 162             : IntAlu : 
2816000: system.cpu: T0 : 0x198c6    : c_lw a5, 4(s1)             : MemRead :  D=0x0000000000000001 A=0x71554
2816500: system.cpu: T0 : 0x198c8    : addiw a3, a5, -1           : IntAlu :  D=0x0000000000000000
2817000: system.cpu: T0 : 0x198cc    : c_sw a3, 4(s1)             : MemWrite :  D=0x0000000000000000 A=0x71554
2817500: system.cpu: T0 : 0x198ce    : c_beqz a3, 126             : IntAlu : 
2818000: system.cpu: T0 : 0x1994c    : sd zero, 8(s1)             : MemWrite :  D=0x0000000000000000 A=0x71558
2818500: system.cpu: T0 : 0x19950    : c_mv a5, a3                : IntAlu :  D=0x0000000000000000
2819500: system.cpu: T0 : 0x19952    : fence iorw, ow             : No_OpClass : 
2820500: system.cpu: T0 : 0x19956    : amoswap_w a5, a5, (s1)    
2820500: system.cpu: T0 : 0x19956. 0 : amoswap_w[l] a5, a5, (s1)  : MemRead :  D=0x0000000000000001 A=0x71550
2821000: system.cpu: T0 : 0x1995a    : c_addiw a5, 0              : IntAlu :  D=0x0000000000000001
2821500: system.cpu: T0 : 0x1995c    : c_li a4, 1                 : IntAlu :  D=0x0000000000000001
2822500: system.cpu: T0 : 0x1995e    : bge a4, a5, -142           : IntAlu : 
2823000: system.cpu: T0 : 0x198d0    : beq s3, zero, 16           : IntAlu : 
2823500: system.cpu: T0 : 0x198e0    : c_ldsp a4, 56(sp)          : MemRead :  D=0x2e00000000000000 A=0x7ffffffffffffcf8
2824500: system.cpu: T0 : 0x198e2    : ld a5, -1264(s6)           : MemRead :  D=0x2e00000000000000 A=0x6eb10
2825500: system.cpu: T0 : 0x198e6    : bne a4, a5, 216            : IntAlu : 
2826000: system.cpu: T0 : 0x198ea    : c_ldsp ra, 168(sp)         : MemRead :  D=0x0000000000014864 A=0x7ffffffffffffd68
2826500: system.cpu: T0 : 0x198ec    : c_ldsp s0, 160(sp)         : MemRead :  D=0x000000000006a0f8 A=0x7ffffffffffffd60
2827000: system.cpu: T0 : 0x198ee    : c_ldsp s1, 152(sp)         : MemRead :  D=0x000000000006a0f8 A=0x7ffffffffffffd58
2827500: system.cpu: T0 : 0x198f0    : c_ldsp s2, 144(sp)         : MemRead :  D=0x0000000000000004 A=0x7ffffffffffffd50
2828000: system.cpu: T0 : 0x198f2    : c_ldsp s3, 136(sp)         : MemRead :  D=0x0000000000000001 A=0x7ffffffffffffd48
2828500: system.cpu: T0 : 0x198f4    : c_ldsp s4, 128(sp)         : MemRead :  D=0x0000000000000000 A=0x7ffffffffffffd40
2829000: system.cpu: T0 : 0x198f6    : c_ldsp s6, 112(sp)         : MemRead :  D=0x0000000000000000 A=0x7ffffffffffffd30
2829500: system.cpu: T0 : 0x198f8    : c_ldsp s7, 104(sp)         : MemRead :  D=0x0000000000070898 A=0x7ffffffffffffd28
2830000: system.cpu: T0 : 0x198fa    : c_ldsp s8, 96(sp)          : MemRead :  D=0x0000000000000001 A=0x7ffffffffffffd20
2830500: system.cpu: T0 : 0x198fc    : c_ldsp s9, 88(sp)          : MemRead :  D=0x0000000000072000 A=0x7ffffffffffffd18
2831000: system.cpu: T0 : 0x198fe    : c_ldsp s10, 80(sp)         : MemRead :  D=0x0000000000000000 A=0x7ffffffffffffd10
2831500: system.cpu: T0 : 0x19900    : c_ldsp s11, 72(sp)         : MemRead :  D=0x0000000000072000 A=0x7ffffffffffffd08
2832000: system.cpu: T0 : 0x19902    : c_mv a0, s5                : IntAlu :  D=0x0000000000000000
2832500: system.cpu: T0 : 0x19904    : c_ldsp s5, 120(sp)         : MemRead :  D=0x0000000000000003 A=0x7ffffffffffffd38
2833000: system.cpu: T0 : 0x19906    : c_addi16sp sp, 176         : IntAlu :  D=0x7ffffffffffffd70
2833500: system.cpu: T0 : 0x19908    : c_jr ra                    : IntAlu : 
2834000: system.cpu: T0 : 0x14864    : bne s1, s0, -6             : IntAlu : 
2834500: system.cpu: T0 : 0x14868    : c_mv a0, s6                : IntAlu :  D=0x0000000000000000
2835500: system.cpu: T0 : 0x1486a    : jal ra, 47996              : IntAlu :  D=0x000000000001486e
2836000: system.cpu: T0 : 0x203e6    : c_mv a4, a0                : IntAlu :  D=0x0000000000000000
2836500: system.cpu: T0 : 0x203e8    : addi a7, zero, 94          : IntAlu :  D=0x000000000000005e
2837000: system.cpu: T0 : 0x203ec    : ecall                      : No_OpClass : 
