      0: system.cpu: T0 : 0x10348    : jal ra, 46                 : IntAlu :  D=0x000000000001034c
   1000: system.cpu: T0 : 0x10376    : auipc gp, 97               : IntAlu :  D=0x0000000000071376
   2000: system.cpu: T0 : 0x1037a    : addi gp, gp, -846          : IntAlu :  D=0x0000000000071028
   2500: system.cpu: T0 : 0x1037e    : c_jr ra                    : IntAlu : 
   3000: system.cpu: T0 : 0x1034c    : c_mv a5, a0                : IntAlu :  D=0x0000000000000000
   4000: system.cpu: T0 : 0x1034e    : auipc a0, 0                : IntAlu :  D=0x000000000001034e
   5000: system.cpu: T0 : 0x10352    : addi a0, a0, 266           : IntAlu :  D=0x0000000000010458
   5500: system.cpu: T0 : 0x10356    : c_ldsp a1, 0(sp)           : MemRead :  D=0x0000000000000001 A=0x7fffffffffffff20
   6000: system.cpu: T0 : 0x10358    : c_addi4spn a2, sp, 8       : IntAlu :  D=0x7fffffffffffff28
   7000: system.cpu: T0 : 0x1035a    : andi sp, sp, 18446744073709551600 : IntAlu :  D=0x7fffffffffffff20
   8000: system.cpu: T0 : 0x1035e    : auipc a3, 0                : IntAlu :  D=0x000000000001035e
   9000: system.cpu: T0 : 0x10362    : addi a3, a3, 1562          : IntAlu :  D=0x0000000000010978
  10000: system.cpu: T0 : 0x10366    : auipc a4, 0                : IntAlu :  D=0x0000000000010366
  11000: system.cpu: T0 : 0x1036a    : addi a4, a4, 1698          : IntAlu :  D=0x0000000000010a08
  11500: system.cpu: T0 : 0x1036e    : c_mv a6, sp                : IntAlu :  D=0x7fffffffffffff20
  12000: system.cpu: T0 : 0x10370    : jal ra, 316                : IntAlu :  D=0x0000000000010374
  12500: system.cpu: T0 : 0x104ac    : c_addi16sp sp, -320        : IntAlu :  D=0x7ffffffffffffde0
  13000: system.cpu: T0 : 0x104ae    : c_sdsp s0, 304(sp)         : MemWrite :  D=0x0000000000000000 A=0x7fffffffffffff10
  13500: system.cpu: T0 : 0x104b0    : c_sdsp s1, 296(sp)         : MemWrite :  D=0x0000000000000000 A=0x7fffffffffffff08
  14000: system.cpu: T0 : 0x104b2    : c_sdsp s2, 288(sp)         : MemWrite :  D=0x0000000000000000 A=0x7fffffffffffff00
  14500: system.cpu: T0 : 0x104b4    : c_sdsp a2, 16(sp)          : MemWrite :  D=0x7fffffffffffff28 A=0x7ffffffffffffdf0
  15000: system.cpu: T0 : 0x104b6    : c_sdsp ra, 312(sp)         : MemWrite :  D=0x0000000000010374 A=0x7fffffffffffff18
  15500: system.cpu: T0 : 0x104b8    : addi t1, zero, 0           : IntAlu :  D=0x0000000000000000
  16000: system.cpu: T0 : 0x104bc    : c_sdsp a0, 24(sp)          : MemWrite :  D=0x0000000000010458 A=0x7ffffffffffffdf8
  16500: system.cpu: T0 : 0x104be    : c_sdsp a1, 8(sp)           : MemWrite :  D=0x0000000000000001 A=0x7ffffffffffffde8
  17000: system.cpu: T0 : 0x104c0    : c_mv s0, a3                : IntAlu :  D=0x0000000000010978
  17500: system.cpu: T0 : 0x104c2    : c_mv s1, a4                : IntAlu :  D=0x0000000000010a08
  18000: system.cpu: T0 : 0x104c4    : c_mv s2, a5                : IntAlu :  D=0x0000000000000000
  18500: system.cpu: T0 : 0x104c6    : c_li a2, 0                 : IntAlu :  D=0x0000000000000000
  19000: system.cpu: T0 : 0x104c8    : beq t1, zero, 12           : IntAlu : 
  19500: system.cpu: T0 : 0x104d4    : c_ldsp a5, 8(sp)           : MemRead :  D=0x0000000000000001 A=0x7ffffffffffffde8
  20500: system.cpu: T0 : 0x104d6    : addi a0, a5, 1             : IntAlu :  D=0x0000000000000002
  21000: system.cpu: T0 : 0x104da    : c_ldsp a5, 16(sp)          : MemRead :  D=0x7fffffffffffff28 A=0x7ffffffffffffdf0
  21500: system.cpu: T0 : 0x104dc    : c_slli a0, 3               : IntAlu :  D=0x0000000000000010
  22000: system.cpu: T0 : 0x104de    : c_add a0, a5               : IntAlu :  D=0x7fffffffffffff38
  22500: system.cpu: T0 : 0x104e0    : sw a2, -1728(gp)           : MemWrite :  D=0x0000000000000000 A=0x70968
  23000: system.cpu: T0 : 0x104e4    : sd a0, -1360(gp)           : MemWrite :  D=0x7fffffffffffff38 A=0x70ad8
  23500: system.cpu: T0 : 0x104e8    : lui a5, 111                : IntAlu :  D=0x000000000006f000
  24000: system.cpu: T0 : 0x104ec    : sd a6, -80(a5)             : MemWrite :  D=0x7fffffffffffff20 A=0x6efb0
  24500: system.cpu: T0 : 0x104f0    : c_ld a2, 0(a0)             : MemRead :  D=0x0000000000000000 A=0x7fffffffffffff38
  25000: system.cpu: T0 : 0x104f2    : c_addi a0, 8               : IntAlu :  D=0x7fffffffffffff40
  25500: system.cpu: T0 : 0x104f4    : c_bnez a2, -4              : IntAlu : 
  26500: system.cpu: T0 : 0x104f6    : jal ra, 72962              : IntAlu :  D=0x00000000000104fa
  27000: system.cpu: T0 : 0x221f8    : c_ld a5, 0(a0)             : MemRead :  D=0x0000000000000009 A=0x7fffffffffffff40
  28000: system.cpu: T0 : 0x221fa    : lui a4, 114                : IntAlu :  D=0x0000000000072000
  29000: system.cpu: T0 : 0x221fe    : sd a0, -504(a4)            : MemWrite :  D=0x7fffffffffffff40 A=0x71e08
  30000: system.cpu: T0 : 0x22202    : beq a5, zero, 618          : IntAlu : 
  30500: system.cpu: T0 : 0x22206    : c_addi16sp sp, -224        : IntAlu :  D=0x7ffffffffffffd00
  31000: system.cpu: T0 : 0x22208    : c_sdsp s1, 208(sp)         : MemWrite :  D=0x0000000000010a08 A=0x7ffffffffffffdd0
  32000: system.cpu: T0 : 0x2220a    : lui s1, 114                : IntAlu :  D=0x0000000000072000
  33000: system.cpu: T0 : 0x2220e    : ld a4, -432(s1)            : MemRead :  D=0x0000000000000000 A=0x71e50
  33500: system.cpu: T0 : 0x22212    : c_sdsp s3, 192(sp)         : MemWrite :  D=0x0000000000000000 A=0x7ffffffffffffdc0
  34000: system.cpu: T0 : 0x22214    : c_sdsp a4, 64(sp)          : MemWrite :  D=0x0000000000000000 A=0x7ffffffffffffd40
  35000: system.cpu: T0 : 0x22216    : ld a4, -1336(gp)           : MemRead :  D=0x0000000000000000 A=0x70af0
  36000: system.cpu: T0 : 0x2221a    : lui a6, 111                : IntAlu :  D=0x000000000006f000
  37000: system.cpu: T0 : 0x2221e    : addi a6, a6, -128          : IntAlu :  D=0x000000000006ef80
  37500: system.cpu: T0 : 0x22222    : c_sdsp a4, 32(sp)          : MemWrite :  D=0x0000000000000000 A=0x7ffffffffffffd20
  38000: system.cpu: T0 : 0x22224    : ld a4, 0(a6)               : MemRead :  D=0x0000000000000000 A=0x6ef80
  38500: system.cpu: T0 : 0x22228    : lui t3, 111                : IntAlu :  D=0x000000000006f000
  39000: system.cpu: T0 : 0x2222c    : lui t1, 114                : IntAlu :  D=0x0000000000072000
  39500: system.cpu: T0 : 0x22230    : c_sdsp a4, 104(sp)         : MemWrite :  D=0x0000000000000000 A=0x7ffffffffffffd68
  40500: system.cpu: T0 : 0x22232    : lw a4, -72(t3)             : MemRead :  D=0x0000000000000001 A=0x6efb8
  41000: system.cpu: T0 : 0x22236    : c_sdsp s2, 200(sp)         : MemWrite :  D=0x0000000000000000 A=0x7ffffffffffffdc8
  41500: system.cpu: T0 : 0x22238    : c_sdsp a4, 80(sp)          : MemWrite :  D=0x0000000000000001 A=0x7ffffffffffffd50
  42500: system.cpu: T0 : 0x2223a    : lw a4, -360(t1)            : MemRead :  D=0x0000000000000000 A=0x71e98
  43000: system.cpu: T0 : 0x2223e    : c_sdsp s4, 184(sp)         : MemWrite :  D=0x0000000000000000 A=0x7ffffffffffffdb8
  43500: system.cpu: T0 : 0x22240    : c_sdsp a4, 96(sp)          : MemWrite :  D=0x0000000000000000 A=0x7ffffffffffffd60
  44500: system.cpu: T0 : 0x22242    : lw a4, -1344(gp)           : MemRead :  D=0x0000000000000000 A=0x70ae8
  45000: system.cpu: T0 : 0x22246    : c_sdsp s0, 216(sp)         : MemWrite :  D=0x0000000000010978 A=0x7ffffffffffffdd8
  45500: system.cpu: T0 : 0x22248    : lui s0, 114                : IntAlu :  D=0x0000000000072000
  46000: system.cpu: T0 : 0x2224c    : c_sdsp a4, 48(sp)          : MemWrite :  D=0x0000000000000000 A=0x7ffffffffffffd30
  47000: system.cpu: T0 : 0x2224e    : ld a4, -1328(gp)           : MemRead :  D=0x0000000000000000 A=0x70af8
  48000: system.cpu: T0 : 0x22252    : lui t6, 114                : IntAlu :  D=0x0000000000072000
  48500: system.cpu: T0 : 0x22256    : c_sdsp a4, 24(sp)          : MemWrite :  D=0x0000000000000000 A=0x7ffffffffffffd18
  49000: system.cpu: T0 : 0x22258    : ld a4, -496(s0)            : MemRead :  D=0x0000000000000000 A=0x71e10
  49500: system.cpu: T0 : 0x2225c    : lui t2, 114                : IntAlu :  D=0x0000000000072000
  50000: system.cpu: T0 : 0x22260    : lui t0, 114                : IntAlu :  D=0x0000000000072000
  50500: system.cpu: T0 : 0x22264    : c_sdsp a4, 8(sp)           : MemWrite :  D=0x0000000000000000 A=0x7ffffffffffffd08
  51500: system.cpu: T0 : 0x22266    : ld a4, -1784(gp)           : MemRead :  D=0x0000000000001000 A=0x70930
  52500: system.cpu: T0 : 0x2226a    : lui a3, 80                 : IntAlu :  D=0x0000000000050000
  53000: system.cpu: T0 : 0x2226e    : c_sdsp s5, 176(sp)         : MemWrite :  D=0x0000000000000000 A=0x7ffffffffffffdb0
  53500: system.cpu: T0 : 0x22270    : c_sdsp s6, 168(sp)         : MemWrite :  D=0x0000000000000000 A=0x7ffffffffffffda8
  54000: system.cpu: T0 : 0x22272    : c_sdsp s7, 160(sp)         : MemWrite :  D=0x0000000000000000 A=0x7ffffffffffffda0
  54500: system.cpu: T0 : 0x22274    : c_sdsp s8, 152(sp)         : MemWrite :  D=0x0000000000000000 A=0x7ffffffffffffd98
  55000: system.cpu: T0 : 0x22276    : c_sdsp s10, 136(sp)        : MemWrite :  D=0x0000000000000000 A=0x7ffffffffffffd88
  55500: system.cpu: T0 : 0x22278    : c_sdsp s11, 128(sp)        : MemWrite :  D=0x0000000000000000 A=0x7ffffffffffffd80
  56000: system.cpu: T0 : 0x2227a    : c_sdsp a4, 120(sp)         : MemWrite :  D=0x0000000000001000 A=0x7ffffffffffffd78
  56500: system.cpu: T0 : 0x2227c    : lw s7, -440(t6)            : MemRead :  D=0x0000000000000000 A=0x71e48
  57000: system.cpu: T0 : 0x22280    : ld s11, -408(t2)           : MemRead :  D=0x0000000000000000 A=0x71e68
  57500: system.cpu: T0 : 0x22284    : c_sdsp s9, 144(sp)         : MemWrite :  D=0x0000000000000000 A=0x7ffffffffffffd90
  58000: system.cpu: T0 : 0x22286    : c_li s10, 0                : IntAlu :  D=0x0000000000000000
  58500: system.cpu: T0 : 0x22288    : ld s9, -464(t0)            : MemRead :  D=0x0000000000000000 A=0x71e30
  59000: system.cpu: T0 : 0x2228c    : c_li s8, 0                 : IntAlu :  D=0x0000000000000000
  59500: system.cpu: T0 : 0x2228e    : c_sdsp zero, 112(sp)       : MemWrite :  D=0x0000000000000000 A=0x7ffffffffffffd70
  60000: system.cpu: T0 : 0x22290    : c_sdsp zero, 88(sp)        : MemWrite :  D=0x0000000000000000 A=0x7ffffffffffffd58
  60500: system.cpu: T0 : 0x22292    : c_sdsp zero, 72(sp)        : MemWrite :  D=0x0000000000000000 A=0x7ffffffffffffd48
  61000: system.cpu: T0 : 0x22294    : c_sdsp zero, 56(sp)        : MemWrite :  D=0x0000000000000000 A=0x7ffffffffffffd38
  61500: system.cpu: T0 : 0x22296    : c_sdsp zero, 40(sp)        : MemWrite :  D=0x0000000000000000 A=0x7ffffffffffffd28
  62000: system.cpu: T0 : 0x22298    : c_sdsp zero, 16(sp)        : MemWrite :  D=0x0000000000000000 A=0x7ffffffffffffd10
  62500: system.cpu: T0 : 0x2229a    : c_li s6, 0                 : IntAlu :  D=0x0000000000000000
  63000: system.cpu: T0 : 0x2229c    : c_li s5, 0                 : IntAlu :  D=0x0000000000000000
  63500: system.cpu: T0 : 0x2229e    : c_li t5, 0                 : IntAlu :  D=0x0000000000000000
  64000: system.cpu: T0 : 0x222a0    : c_li a7, 0                 : IntAlu :  D=0x0000000000000000
  64500: system.cpu: T0 : 0x222a2    : c_li a1, 0                 : IntAlu :  D=0x0000000000000000
  65000: system.cpu: T0 : 0x222a4    : c_li a2, 0                 : IntAlu :  D=0x0000000000000000
  65500: system.cpu: T0 : 0x222a6    : c_li a4, 30                : IntAlu :  D=0x000000000000001e
  66000: system.cpu: T0 : 0x222a8    : addi a3, a3, -1232         : IntAlu :  D=0x000000000004fb30
  66500: system.cpu: T0 : 0x222ac    : c_addi a5, -3              : IntAlu :  D=0x0000000000000006
  67500: system.cpu: T0 : 0x222ae    : bltu a4, a5, 20            : IntAlu : 
  68000: system.cpu: T0 : 0x222b2    : c_slli a5, 2               : IntAlu :  D=0x0000000000000018
  68500: system.cpu: T0 : 0x222b4    : c_add a5, a3               : IntAlu :  D=0x000000000004fb48
  69000: system.cpu: T0 : 0x222b6    : c_lw a5, 0(a5)             : MemRead :  D=0x00000000000222c2 A=0x4fb48
  69500: system.cpu: T0 : 0x222b8    : c_jr a5                    : IntAlu : 
  70000: system.cpu: T0 : 0x222c2    : c_ld a5, 16(a0)            : MemRead :  D=0x0000000000000005 A=0x7fffffffffffff50
  70500: system.cpu: T0 : 0x222c4    : c_addi a0, 16              : IntAlu :  D=0x7fffffffffffff50
  71000: system.cpu: T0 : 0x222c6    : c_bnez a5, -26             : IntAlu : 
  71500: system.cpu: T0 : 0x222ac    : c_addi a5, -3              : IntAlu :  D=0x0000000000000002
  72500: system.cpu: T0 : 0x222ae    : bltu a4, a5, 20            : IntAlu : 
  73000: system.cpu: T0 : 0x222b2    : c_slli a5, 2               : IntAlu :  D=0x0000000000000008
  73500: system.cpu: T0 : 0x222b4    : c_add a5, a3               : IntAlu :  D=0x000000000004fb38
  74000: system.cpu: T0 : 0x222b6    : c_lw a5, 0(a5)             : MemRead :  D=0x0000000000022440 A=0x4fb38
  74500: system.cpu: T0 : 0x222b8    : c_jr a5                    : IntAlu : 
  75000: system.cpu: T0 : 0x22440    : c_ld a5, 16(a0)            : MemRead :  D=0x0000000000000004 A=0x7fffffffffffff60
  76000: system.cpu: T0 : 0x22442    : ld s11, 8(a0)              : MemRead :  D=0x0000000000000006 A=0x7fffffffffffff58
  76500: system.cpu: T0 : 0x22446    : c_li s8, 1                 : IntAlu :  D=0x0000000000000001
  77000: system.cpu: T0 : 0x22448    : c_addi a0, 16              : IntAlu :  D=0x7fffffffffffff60
  78000: system.cpu: T0 : 0x2244a    : bne a5, zero, -414         : IntAlu : 
  78500: system.cpu: T0 : 0x222ac    : c_addi a5, -3              : IntAlu :  D=0x0000000000000001
  79500: system.cpu: T0 : 0x222ae    : bltu a4, a5, 20            : IntAlu : 
  80000: system.cpu: T0 : 0x222b2    : c_slli a5, 2               : IntAlu :  D=0x0000000000000004
  80500: system.cpu: T0 : 0x222b4    : c_add a5, a3               : IntAlu :  D=0x000000000004fb34
  81000: system.cpu: T0 : 0x222b6    : c_lw a5, 0(a5)             : MemRead :  D=0x00000000000222c2 A=0x4fb34
  81500: system.cpu: T0 : 0x222b8    : c_jr a5                    : IntAlu : 
  82000: system.cpu: T0 : 0x222c2    : c_ld a5, 16(a0)            : MemRead :  D=0x0000000000000003 A=0x7fffffffffffff70
  82500: system.cpu: T0 : 0x222c4    : c_addi a0, 16              : IntAlu :  D=0x7fffffffffffff70
  83000: system.cpu: T0 : 0x222c6    : c_bnez a5, -26             : IntAlu : 
  83500: system.cpu: T0 : 0x222ac    : c_addi a5, -3              : IntAlu :  D=0x0000000000000000
  84500: system.cpu: T0 : 0x222ae    : bltu a4, a5, 20            : IntAlu : 
  85000: system.cpu: T0 : 0x222b2    : c_slli a5, 2               : IntAlu :  D=0x0000000000000000
  85500: system.cpu: T0 : 0x222b4    : c_add a5, a3               : IntAlu :  D=0x000000000004fb30
  86000: system.cpu: T0 : 0x222b6    : c_lw a5, 0(a5)             : MemRead :  D=0x0000000000022450 A=0x4fb30
  86500: system.cpu: T0 : 0x222b8    : c_jr a5                    : IntAlu : 
  87000: system.cpu: T0 : 0x22450    : c_ld a5, 16(a0)            : MemRead :  D=0x0000000000000006 A=0x7fffffffffffff80
  88000: system.cpu: T0 : 0x22452    : ld s9, 8(a0)               : MemRead :  D=0x0000000000010040 A=0x7fffffffffffff78
  88500: system.cpu: T0 : 0x22456    : c_li s6, 1                 : IntAlu :  D=0x0000000000000001
  89000: system.cpu: T0 : 0x22458    : c_addi a0, 16              : IntAlu :  D=0x7fffffffffffff80
  90000: system.cpu: T0 : 0x2245a    : bne a5, zero, -430         : IntAlu : 
  90500: system.cpu: T0 : 0x222ac    : c_addi a5, -3              : IntAlu :  D=0x0000000000000003
  91500: system.cpu: T0 : 0x222ae    : bltu a4, a5, 20            : IntAlu : 
  92000: system.cpu: T0 : 0x222b2    : c_slli a5, 2               : IntAlu :  D=0x000000000000000c
  92500: system.cpu: T0 : 0x222b4    : c_add a5, a3               : IntAlu :  D=0x000000000004fb3c
  93000: system.cpu: T0 : 0x222b6    : c_lw a5, 0(a5)             : MemRead :  D=0x00000000000222ba A=0x4fb3c
  93500: system.cpu: T0 : 0x222b8    : c_jr a5                    : IntAlu : 
  94000: system.cpu: T0 : 0x222ba    : c_ld a5, 8(a0)             : MemRead :  D=0x0000000000001000 A=0x7fffffffffffff88
  94500: system.cpu: T0 : 0x222bc    : c_beqz a5, 6               : IntAlu : 
  95000: system.cpu: T0 : 0x222be    : c_sdsp a5, 120(sp)         : MemWrite :  D=0x0000000000001000 A=0x7ffffffffffffd78
  95500: system.cpu: T0 : 0x222c0    : c_li t5, 1                 : IntAlu :  D=0x0000000000000001
  96000: system.cpu: T0 : 0x222c2    : c_ld a5, 16(a0)            : MemRead :  D=0x0000000000000017 A=0x7fffffffffffff90
  96500: system.cpu: T0 : 0x222c4    : c_addi a0, 16              : IntAlu :  D=0x7fffffffffffff90
  97000: system.cpu: T0 : 0x222c6    : c_bnez a5, -26             : IntAlu : 
  97500: system.cpu: T0 : 0x222ac    : c_addi a5, -3              : IntAlu :  D=0x0000000000000014
  98500: system.cpu: T0 : 0x222ae    : bltu a4, a5, 20            : IntAlu : 
  99000: system.cpu: T0 : 0x222b2    : c_slli a5, 2               : IntAlu :  D=0x0000000000000050
  99500: system.cpu: T0 : 0x222b4    : c_add a5, a3               : IntAlu :  D=0x000000000004fb80
 100000: system.cpu: T0 : 0x222b6    : c_lw a5, 0(a5)             : MemRead :  D=0x0000000000022394 A=0x4fb80
 100500: system.cpu: T0 : 0x222b8    : c_jr a5                    : IntAlu : 
 101000: system.cpu: T0 : 0x22394    : c_lw a5, 8(a0)             : MemRead :  D=0x0000000000000000 A=0x7fffffffffffff98
 101500: system.cpu: T0 : 0x22396    : c_li a2, -1                : IntAlu :  D=0xffffffffffffffff
 102000: system.cpu: T0 : 0x22398    : c_addi a0, 16              : IntAlu :  D=0x7fffffffffffffa0
 102500: system.cpu: T0 : 0x2239a    : c_sdsp a5, 80(sp)          : MemWrite :  D=0x0000000000000000 A=0x7ffffffffffffd50
 103000: system.cpu: T0 : 0x2239c    : c_li a5, 1                 : IntAlu :  D=0x0000000000000001
 103500: system.cpu: T0 : 0x2239e    : c_sdsp a5, 96(sp)          : MemWrite :  D=0x0000000000000001 A=0x7ffffffffffffd60
 104000: system.cpu: T0 : 0x223a0    : c_sdsp a5, 88(sp)          : MemWrite :  D=0x0000000000000001 A=0x7ffffffffffffd58
 104500: system.cpu: T0 : 0x223a2    : c_ld a5, 0(a0)             : MemRead :  D=0x0000000000000019 A=0x7fffffffffffffa0
 105000: system.cpu: T0 : 0x223a4    : c_bnez a5, -248            : IntAlu : 
 105500: system.cpu: T0 : 0x222ac    : c_addi a5, -3              : IntAlu :  D=0x0000000000000016
 106500: system.cpu: T0 : 0x222ae    : bltu a4, a5, 20            : IntAlu : 
 107000: system.cpu: T0 : 0x222b2    : c_slli a5, 2               : IntAlu :  D=0x0000000000000058
 107500: system.cpu: T0 : 0x222b4    : c_add a5, a3               : IntAlu :  D=0x000000000004fb88
 108000: system.cpu: T0 : 0x222b6    : c_lw a5, 0(a5)             : MemRead :  D=0x0000000000022384 A=0x4fb88
 108500: system.cpu: T0 : 0x222b8    : c_jr a5                    : IntAlu : 
 109000: system.cpu: T0 : 0x22384    : c_ld a5, 8(a0)             : MemRead :  D=0x7fffffffffffffc8 A=0x7fffffffffffffa8
 109500: system.cpu: T0 : 0x22386    : c_addi a0, 16              : IntAlu :  D=0x7fffffffffffffb0
 110000: system.cpu: T0 : 0x22388    : c_sdsp a5, 104(sp)         : MemWrite :  D=0x7fffffffffffffc8 A=0x7ffffffffffffd68
 110500: system.cpu: T0 : 0x2238a    : c_li a5, 1                 : IntAlu :  D=0x0000000000000001
 111000: system.cpu: T0 : 0x2238c    : c_sdsp a5, 112(sp)         : MemWrite :  D=0x0000000000000001 A=0x7ffffffffffffd70
 111500: system.cpu: T0 : 0x2238e    : c_ld a5, 0(a0)             : MemRead :  D=0x0000000000000000 A=0x7fffffffffffffb0
 112000: system.cpu: T0 : 0x22390    : c_bnez a5, -228            : IntAlu : 
 112500: system.cpu: T0 : 0x22392    : c_j -202                   : IntAlu : 
 113000: system.cpu: T0 : 0x222c8    : bne t5, zero, 408          : IntAlu : 
 113500: system.cpu: T0 : 0x22460    : c_ldsp a5, 120(sp)         : MemRead :  D=0x0000000000001000 A=0x7ffffffffffffd78
 114500: system.cpu: T0 : 0x22462    : sd a5, -1784(gp)           : MemWrite :  D=0x0000000000001000 A=0x70930
 115500: system.cpu: T0 : 0x22466    : bne s5, zero, -406         : IntAlu : 
 116000: system.cpu: T0 : 0x2246a    : c_j -406                   : IntAlu : 
 116500: system.cpu: T0 : 0x222d4    : beq s6, zero, 8            : IntAlu : 
 117000: system.cpu: T0 : 0x222d8    : sd s9, -464(t0)            : MemWrite :  D=0x0000000000010040 A=0x71e30
 117500: system.cpu: T0 : 0x222dc    : beq s8, zero, 8            : IntAlu : 
 118000: system.cpu: T0 : 0x222e0    : sd s11, -408(t2)           : MemWrite :  D=0x0000000000000006 A=0x71e68
 118500: system.cpu: T0 : 0x222e4    : beq s10, zero, 10          : IntAlu : 
 119000: system.cpu: T0 : 0x222ee    : c_ldsp a5, 16(sp)          : MemRead :  D=0x0000000000000000 A=0x7ffffffffffffd10
 119500: system.cpu: T0 : 0x222f0    : c_beqz a5, 8               : IntAlu : 
 120000: system.cpu: T0 : 0x222f8    : c_ldsp a5, 40(sp)          : MemRead :  D=0x0000000000000000 A=0x7ffffffffffffd28
 120500: system.cpu: T0 : 0x222fa    : c_beqz a5, 8               : IntAlu : 
 121000: system.cpu: T0 : 0x22302    : c_ldsp a5, 56(sp)          : MemRead :  D=0x0000000000000000 A=0x7ffffffffffffd38
 121500: system.cpu: T0 : 0x22304    : c_beqz a5, 8               : IntAlu : 
 122000: system.cpu: T0 : 0x2230c    : c_ldsp a5, 72(sp)          : MemRead :  D=0x0000000000000000 A=0x7ffffffffffffd48
 122500: system.cpu: T0 : 0x2230e    : c_beqz a5, 8               : IntAlu : 
 123000: system.cpu: T0 : 0x22316    : c_ldsp a5, 88(sp)          : MemRead :  D=0x0000000000000001 A=0x7ffffffffffffd58
 123500: system.cpu: T0 : 0x22318    : c_beqz a5, 14              : IntAlu : 
 124000: system.cpu: T0 : 0x2231a    : c_ldsp a5, 80(sp)          : MemRead :  D=0x0000000000000000 A=0x7ffffffffffffd50
 124500: system.cpu: T0 : 0x2231c    : sw a5, -72(t3)             : MemWrite :  D=0x0000000000000000 A=0x6efb8
 125000: system.cpu: T0 : 0x22320    : c_ldsp a5, 96(sp)          : MemRead :  D=0x0000000000000001 A=0x7ffffffffffffd60
 126000: system.cpu: T0 : 0x22322    : sw a5, -360(t1)            : MemWrite :  D=0x0000000000000001 A=0x71e98
 126500: system.cpu: T0 : 0x22326    : c_ldsp a5, 112(sp)         : MemRead :  D=0x0000000000000001 A=0x7ffffffffffffd70
 127000: system.cpu: T0 : 0x22328    : c_beqz a5, 8               : IntAlu : 
 127500: system.cpu: T0 : 0x2232a    : c_ldsp a5, 104(sp)         : MemRead :  D=0x7fffffffffffffc8 A=0x7ffffffffffffd68
 128000: system.cpu: T0 : 0x2232c    : sd a5, 0(a6)               : MemWrite :  D=0x7fffffffffffffc8 A=0x6ef80
 128500: system.cpu: T0 : 0x22330    : c_li a5, 15                : IntAlu :  D=0x000000000000000f
 129500: system.cpu: T0 : 0x22332    : bne a2, a5, 22             : IntAlu : 
 130000: system.cpu: T0 : 0x22348    : c_ldsp s0, 216(sp)         : MemRead :  D=0x0000000000010978 A=0x7ffffffffffffdd8
 130500: system.cpu: T0 : 0x2234a    : c_ldsp s1, 208(sp)         : MemRead :  D=0x0000000000010a08 A=0x7ffffffffffffdd0
 131000: system.cpu: T0 : 0x2234c    : c_ldsp s2, 200(sp)         : MemRead :  D=0x0000000000000000 A=0x7ffffffffffffdc8
 131500: system.cpu: T0 : 0x2234e    : c_ldsp s3, 192(sp)         : MemRead :  D=0x0000000000000000 A=0x7ffffffffffffdc0
 132000: system.cpu: T0 : 0x22350    : c_ldsp s4, 184(sp)         : MemRead :  D=0x0000000000000000 A=0x7ffffffffffffdb8
 132500: system.cpu: T0 : 0x22352    : c_ldsp s5, 176(sp)         : MemRead :  D=0x0000000000000000 A=0x7ffffffffffffdb0
 133000: system.cpu: T0 : 0x22354    : c_ldsp s6, 168(sp)         : MemRead :  D=0x0000000000000000 A=0x7ffffffffffffda8
 133500: system.cpu: T0 : 0x22356    : c_ldsp s7, 160(sp)         : MemRead :  D=0x0000000000000000 A=0x7ffffffffffffda0
 134000: system.cpu: T0 : 0x22358    : c_ldsp s8, 152(sp)         : MemRead :  D=0x0000000000000000 A=0x7ffffffffffffd98
 134500: system.cpu: T0 : 0x2235a    : c_ldsp s9, 144(sp)         : MemRead :  D=0x0000000000000000 A=0x7ffffffffffffd90
 135000: system.cpu: T0 : 0x2235c    : c_ldsp s10, 136(sp)        : MemRead :  D=0x0000000000000000 A=0x7ffffffffffffd88
 135500: system.cpu: T0 : 0x2235e    : c_ldsp s11, 128(sp)        : MemRead :  D=0x0000000000000000 A=0x7ffffffffffffd80
 136000: system.cpu: T0 : 0x22360    : c_addi16sp sp, 224         : IntAlu :  D=0x7ffffffffffffde0
 136500: system.cpu: T0 : 0x22362    : c_jr ra                    : IntAlu : 
 137500: system.cpu: T0 : 0x104fa    : lui a5, 114                : IntAlu :  D=0x0000000000072000
 138500: system.cpu: T0 : 0x104fe    : ld a4, -464(a5)            : MemRead :  D=0x0000000000010040 A=0x71e30
 139500: system.cpu: T0 : 0x10502    : beq a4, zero, 320          : IntAlu : 
 140500: system.cpu: T0 : 0x10506    : jal ra, 75468              : IntAlu :  D=0x000000000001050a
 141500: system.cpu: T0 : 0x22bd2    : lui a5, 114                : IntAlu :  D=0x0000000000072000
 142500: system.cpu: T0 : 0x22bd6    : lw a5, -360(a5)            : MemRead :  D=0x0000000000000001 A=0x71e98
 143000: system.cpu: T0 : 0x22bda    : c_beqz a5, 4               : IntAlu : 
 143500: system.cpu: T0 : 0x22bdc    : c_jr ra                    : IntAlu : 
 144500: system.cpu: T0 : 0x1050a    : ld a0, -1360(gp)           : MemRead :  D=0x7fffffffffffff38 A=0x70ad8
 145500: system.cpu: T0 : 0x1050e    : jal ra, 71966              : IntAlu :  D=0x0000000000010512
 146000: system.cpu: T0 : 0x21e2c    : c_addi16sp sp, -128        : IntAlu :  D=0x7ffffffffffffd60
 146500: system.cpu: T0 : 0x21e2e    : c_sdsp s4, 80(sp)          : MemWrite :  D=0x0000000000000000 A=0x7ffffffffffffdb0
 147000: system.cpu: T0 : 0x21e30    : lui s4, 111                : IntAlu :  D=0x000000000006f000
 147500: system.cpu: T0 : 0x21e34    : lw a5, -72(s4)             : MemRead :  D=0x0000000000000000 A=0x6efb8
 148000: system.cpu: T0 : 0x21e38    : c_sdsp s7, 56(sp)          : MemWrite :  D=0x0000000000000000 A=0x7ffffffffffffd98
 148500: system.cpu: T0 : 0x21e3a    : c_sdsp ra, 120(sp)         : MemWrite :  D=0x0000000000010512 A=0x7ffffffffffffdd8
 149000: system.cpu: T0 : 0x21e3c    : c_sdsp s0, 112(sp)         : MemWrite :  D=0x0000000000010978 A=0x7ffffffffffffdd0
 149500: system.cpu: T0 : 0x21e3e    : c_sdsp s1, 104(sp)         : MemWrite :  D=0x0000000000010a08 A=0x7ffffffffffffdc8
 150000: system.cpu: T0 : 0x21e40    : c_sdsp s2, 96(sp)          : MemWrite :  D=0x0000000000000000 A=0x7ffffffffffffdc0
 150500: system.cpu: T0 : 0x21e42    : c_sdsp s3, 88(sp)          : MemWrite :  D=0x0000000000000000 A=0x7ffffffffffffdb8
 151000: system.cpu: T0 : 0x21e44    : c_sdsp s5, 72(sp)          : MemWrite :  D=0x0000000000000000 A=0x7ffffffffffffda8
 151500: system.cpu: T0 : 0x21e46    : c_sdsp s6, 64(sp)          : MemWrite :  D=0x0000000000000000 A=0x7ffffffffffffda0
 152000: system.cpu: T0 : 0x21e48    : c_sdsp s8, 48(sp)          : MemWrite :  D=0x0000000000000000 A=0x7ffffffffffffd90
 152500: system.cpu: T0 : 0x21e4a    : c_sdsp s9, 40(sp)          : MemWrite :  D=0x0000000000000000 A=0x7ffffffffffffd88
 153000: system.cpu: T0 : 0x21e4c    : c_sdsp s10, 32(sp)         : MemWrite :  D=0x0000000000000000 A=0x7ffffffffffffd80
 153500: system.cpu: T0 : 0x21e4e    : c_sdsp s11, 24(sp)         : MemWrite :  D=0x0000000000000000 A=0x7ffffffffffffd78
 154000: system.cpu: T0 : 0x21e50    : c_mv s7, a0                : IntAlu :  D=0x7fffffffffffff38
 155000: system.cpu: T0 : 0x21e52    : bne a5, zero, 750          : IntAlu : 
 156000: system.cpu: T0 : 0x21e56    : lui s0, 111                : IntAlu :  D=0x000000000006f000
 157000: system.cpu: T0 : 0x21e5a    : addi s3, zero, 61          : IntAlu :  D=0x000000000000003d
 158000: system.cpu: T0 : 0x21e5e    : lui s1, 79                 : IntAlu :  D=0x000000000004f000
 159000: system.cpu: T0 : 0x21e62    : addi s6, s0, -1248         : IntAlu :  D=0x000000000006eb20
 160000: system.cpu: T0 : 0x21e66    : beq s7, zero, 166          : IntAlu : 
 160500: system.cpu: T0 : 0x21e6a    : c_mv a3, s7                : IntAlu :  D=0x7fffffffffffff38
 161000: system.cpu: T0 : 0x21e6c    : ld s9, 0(a3)               : MemRead :  D=0x0000000000000000 A=0x7fffffffffffff38
 161500: system.cpu: T0 : 0x21e70    : c_mv s5, a3                : IntAlu :  D=0x7fffffffffffff38
 162500: system.cpu: T0 : 0x21e72    : beq s9, zero, 154          : IntAlu : 
 163000: system.cpu: T0 : 0x21f0c    : c_ldsp ra, 120(sp)         : MemRead :  D=0x0000000000010512 A=0x7ffffffffffffdd8
 163500: system.cpu: T0 : 0x21f0e    : c_ldsp s0, 112(sp)         : MemRead :  D=0x0000000000010978 A=0x7ffffffffffffdd0
 164000: system.cpu: T0 : 0x21f10    : c_ldsp s1, 104(sp)         : MemRead :  D=0x0000000000010a08 A=0x7ffffffffffffdc8
 164500: system.cpu: T0 : 0x21f12    : c_ldsp s2, 96(sp)          : MemRead :  D=0x0000000000000000 A=0x7ffffffffffffdc0
 165000: system.cpu: T0 : 0x21f14    : c_ldsp s3, 88(sp)          : MemRead :  D=0x0000000000000000 A=0x7ffffffffffffdb8
 165500: system.cpu: T0 : 0x21f16    : c_ldsp s4, 80(sp)          : MemRead :  D=0x0000000000000000 A=0x7ffffffffffffdb0
 166000: system.cpu: T0 : 0x21f18    : c_ldsp s5, 72(sp)          : MemRead :  D=0x0000000000000000 A=0x7ffffffffffffda8
 166500: system.cpu: T0 : 0x21f1a    : c_ldsp s6, 64(sp)          : MemRead :  D=0x0000000000000000 A=0x7ffffffffffffda0
 167000: system.cpu: T0 : 0x21f1c    : c_ldsp s7, 56(sp)          : MemRead :  D=0x0000000000000000 A=0x7ffffffffffffd98
 167500: system.cpu: T0 : 0x21f1e    : c_ldsp s8, 48(sp)          : MemRead :  D=0x0000000000000000 A=0x7ffffffffffffd90
 168000: system.cpu: T0 : 0x21f20    : c_ldsp s9, 40(sp)          : MemRead :  D=0x0000000000000000 A=0x7ffffffffffffd88
 168500: system.cpu: T0 : 0x21f22    : c_ldsp s10, 32(sp)         : MemRead :  D=0x0000000000000000 A=0x7ffffffffffffd80
 169000: system.cpu: T0 : 0x21f24    : c_ldsp s11, 24(sp)         : MemRead :  D=0x0000000000000000 A=0x7ffffffffffffd78
 169500: system.cpu: T0 : 0x21f26    : c_addi16sp sp, 128         : IntAlu :  D=0x7ffffffffffffde0
 170000: system.cpu: T0 : 0x21f28    : c_jr ra                    : IntAlu : 
 171000: system.cpu: T0 : 0x10512    : jal ra, 664                : IntAlu :  D=0x0000000000010516
 171500: system.cpu: T0 : 0x107aa    : c_addi16sp sp, -128        : IntAlu :  D=0x7ffffffffffffd60
 172000: system.cpu: T0 : 0x107ac    : lui a5, 114                : IntAlu :  D=0x0000000000072000
 172500: system.cpu: T0 : 0x107b0    : c_sdsp s0, 112(sp)         : MemWrite :  D=0x0000000000010978 A=0x7ffffffffffffdd0
 173500: system.cpu: T0 : 0x107b2    : ld s0, -464(a5)            : MemRead :  D=0x0000000000010040 A=0x71e30
 174000: system.cpu: T0 : 0x107b6    : c_sdsp s3, 88(sp)          : MemWrite :  D=0x0000000000000000 A=0x7ffffffffffffdb8
 174500: system.cpu: T0 : 0x107b8    : lui a5, 112                : IntAlu :  D=0x0000000000070000
 175000: system.cpu: T0 : 0x107bc    : c_sdsp ra, 120(sp)         : MemWrite :  D=0x0000000000010516 A=0x7ffffffffffffdd8
 175500: system.cpu: T0 : 0x107be    : c_sdsp s1, 104(sp)         : MemWrite :  D=0x0000000000010a08 A=0x7ffffffffffffdc8
 176000: system.cpu: T0 : 0x107c0    : c_sdsp s2, 96(sp)          : MemWrite :  D=0x0000000000000000 A=0x7ffffffffffffdc0
 176500: system.cpu: T0 : 0x107c2    : c_sdsp s4, 80(sp)          : MemWrite :  D=0x0000000000000000 A=0x7ffffffffffffdb0
 177000: system.cpu: T0 : 0x107c4    : c_sdsp s5, 72(sp)          : MemWrite :  D=0x0000000000000000 A=0x7ffffffffffffda8
 177500: system.cpu: T0 : 0x107c6    : c_sdsp s6, 64(sp)          : MemWrite :  D=0x0000000000000000 A=0x7ffffffffffffda0
 178000: system.cpu: T0 : 0x107c8    : c_sdsp s7, 56(sp)          : MemWrite :  D=0x0000000000000000 A=0x7ffffffffffffd98
 178500: system.cpu: T0 : 0x107ca    : c_sdsp s8, 48(sp)          : MemWrite :  D=0x0000000000000000 A=0x7ffffffffffffd90
 179000: system.cpu: T0 : 0x107cc    : c_sdsp s9, 40(sp)          : MemWrite :  D=0x0000000000000000 A=0x7ffffffffffffd88
 179500: system.cpu: T0 : 0x107ce    : c_sdsp s10, 32(sp)         : MemWrite :  D=0x0000000000000000 A=0x7ffffffffffffd80
 180000: system.cpu: T0 : 0x107d0    : c_sdsp s11, 24(sp)         : MemWrite :  D=0x0000000000000000 A=0x7ffffffffffffd78
 181000: system.cpu: T0 : 0x107d2    : ld s3, 816(a5)             : MemRead :  D=0x000000000006fe60 A=0x70330
 182000: system.cpu: T0 : 0x107d6    : beq s0, zero, 368          : IntAlu : 
 183000: system.cpu: T0 : 0x107da    : lui a5, 114                : IntAlu :  D=0x0000000000072000
 184000: system.cpu: T0 : 0x107de    : ld a5, -408(a5)            : MemRead :  D=0x0000000000000006 A=0x71e68
 185000: system.cpu: T0 : 0x107e2    : slli a4, a5, 3             : IntAlu :  D=0x0000000000000030
 185500: system.cpu: T0 : 0x107e6    : c_sub a4, a5               : IntAlu :  D=0x000000000000002a
 186000: system.cpu: T0 : 0x107e8    : c_slli a4, 3               : IntAlu :  D=0x0000000000000150
 186500: system.cpu: T0 : 0x107ea    : c_add a4, s0               : IntAlu :  D=0x0000000000010190
 187000: system.cpu: T0 : 0x107ec    : bgeu s0, a4, 322           : IntAlu : 
 187500: system.cpu: T0 : 0x107f0    : c_li a3, 7                 : IntAlu :  D=0x0000000000000007
 188000: system.cpu: T0 : 0x107f2    : c_j 10                     : IntAlu : 
 188500: system.cpu: T0 : 0x107fc    : c_lw a5, 0(s0)             : MemRead :  D=0x0000000000000001 A=0x10040
 189500: system.cpu: T0 : 0x107fe    : bne a5, a3, -10            : IntAlu : 
 190000: system.cpu: T0 : 0x107f4    : addi s0, s0, 56            : IntAlu :  D=0x0000000000010078
 190500: system.cpu: T0 : 0x107f8    : bgeu s0, a4, 310           : IntAlu : 
 191000: system.cpu: T0 : 0x107fc    : c_lw a5, 0(s0)             : MemRead :  D=0x0000000000000001 A=0x10078
 192000: system.cpu: T0 : 0x107fe    : bne a5, a3, -10            : IntAlu : 
 192500: system.cpu: T0 : 0x107f4    : addi s0, s0, 56            : IntAlu :  D=0x00000000000100b0
 193000: system.cpu: T0 : 0x107f8    : bgeu s0, a4, 310           : IntAlu : 
 193500: system.cpu: T0 : 0x107fc    : c_lw a5, 0(s0)             : MemRead :  D=0x0000000000000004 A=0x100b0
 194500: system.cpu: T0 : 0x107fe    : bne a5, a3, -10            : IntAlu : 
 195000: system.cpu: T0 : 0x107f4    : addi s0, s0, 56            : IntAlu :  D=0x00000000000100e8
 195500: system.cpu: T0 : 0x107f8    : bgeu s0, a4, 310           : IntAlu : 
 196000: system.cpu: T0 : 0x107fc    : c_lw a5, 0(s0)             : MemRead :  D=0x0000000000000007 A=0x100e8
 197000: system.cpu: T0 : 0x107fe    : bne a5, a3, -10            : IntAlu : 
 198000: system.cpu: T0 : 0x10802    : ld s5, 48(s0)              : MemRead :  D=0x0000000000000008 A=0x10118
 199000: system.cpu: T0 : 0x10806    : ld a1, 0(s3)               : MemRead :  D=0x0000000000000000 A=0x6fe60
 199500: system.cpu: T0 : 0x1080a    : c_ld a4, 16(s0)            : MemRead :  D=0x000000000006ead0 A=0x100f8
 200000: system.cpu: T0 : 0x1080c    : c_li a5, 16                : IntAlu :  D=0x0000000000000010
 201000: system.cpu: T0 : 0x1080e    : ld s10, 40(s0)             : MemRead :  D=0x0000000000000060 A=0x10110
 202000: system.cpu: T0 : 0x10812    : ld s4, 32(s0)              : MemRead :  D=0x0000000000000020 A=0x10108
 202500: system.cpu: T0 : 0x10816    : c_mv s8, s5                : IntAlu :  D=0x0000000000000008
 203000: system.cpu: T0 : 0x10818    : add s0, a1, a4             : IntAlu :  D=0x000000000006ead0
 203500: system.cpu: T0 : 0x1081c    : bltu s5, a5, 260           : IntAlu : 
 204000: system.cpu: T0 : 0x10920    : c_li s8, 16                : IntAlu :  D=0x0000000000000010
 205000: system.cpu: T0 : 0x10922    : addi a4, s8, -1            : IntAlu :  D=0x000000000000000f
 205500: system.cpu: T0 : 0x10926    : c_mv s9, s5                : IntAlu :  D=0x0000000000000008
 206000: system.cpu: T0 : 0x10928    : bne s5, zero, -254         : IntAlu : 
 207000: system.cpu: T0 : 0x1082a    : sub s11, zero, s8          : IntAlu :  D=0xfffffffffffffff0
 208000: system.cpu: T0 : 0x1082e    : beq s5, zero, 302          : IntAlu : 
 209000: system.cpu: T0 : 0x10832    : addi s2, s5, -1            : IntAlu :  D=0x0000000000000007
 210000: system.cpu: T0 : 0x10836    : divu a5, s2, s9            : IntDiv :  D=0x0000000000000000
 210500: system.cpu: T0 : 0x1083a    : c_add s2, s10              : IntAlu :  D=0x0000000000000067
 211000: system.cpu: T0 : 0x1083c    : mul s7, a5, s9             : IntMult :  D=0x0000000000000000
 211500: system.cpu: T0 : 0x10840    : c_mv a5, s7                : IntAlu :  D=0x0000000000000000
 212500: system.cpu: T0 : 0x10842    : ld a0, -1968(gp)           : MemRead :  D=0x0000000000000800 A=0x70878
 213000: system.cpu: T0 : 0x10846    : c_sdsp a5, 8(sp)           : MemWrite :  D=0x0000000000000000 A=0x7ffffffffffffd68
 213500: system.cpu: T0 : 0x10848    : c_sdsp a4, 0(sp)           : MemWrite :  D=0x000000000000000f A=0x7ffffffffffffd60
 214500: system.cpu: T0 : 0x1084a    : addi a0, a0, 1808          : IntAlu :  D=0x0000000000000f10
 215000: system.cpu: T0 : 0x1084e    : c_add a0, s10              : IntAlu :  D=0x0000000000000f70
 215500: system.cpu: T0 : 0x10850    : c_add a0, s8               : IntAlu :  D=0x0000000000000f80
 216000: system.cpu: T0 : 0x10852    : c_add a0, s7               : IntAlu :  D=0x0000000000000f80
 216500: system.cpu: T0 : 0x10854    : jal ra, 67204              : IntAlu :  D=0x0000000000010858
 217000: system.cpu: T0 : 0x20ed8    : c_addi sp, -32             : IntAlu :  D=0x7ffffffffffffd40
 217500: system.cpu: T0 : 0x20eda    : c_sdsp s2, 0(sp)           : MemWrite :  D=0x0000000000000067 A=0x7ffffffffffffd40
 218000: system.cpu: T0 : 0x20edc    : c_sdsp s1, 8(sp)           : MemWrite :  D=0x0000000000010a08 A=0x7ffffffffffffd48
 219000: system.cpu: T0 : 0x20ede    : ld s1, -1200(gp)           : MemRead :  D=0x0000000000000000 A=0x70b78
 219500: system.cpu: T0 : 0x20ee2    : c_sdsp s0, 16(sp)          : MemWrite :  D=0x000000000006ead0 A=0x7ffffffffffffd50
 220000: system.cpu: T0 : 0x20ee4    : c_sdsp ra, 24(sp)          : MemWrite :  D=0x0000000000010858 A=0x7ffffffffffffd58
 220500: system.cpu: T0 : 0x20ee6    : c_mv s0, a0                : IntAlu :  D=0x0000000000000f80
 221000: system.cpu: T0 : 0x20ee8    : c_beqz s1, 46              : IntAlu : 
 221500: system.cpu: T0 : 0x20f16    : c_li a0, 0                 : IntAlu :  D=0x0000000000000000
 222000: system.cpu: T0 : 0x20f18    : jal ra, 98418              : IntAlu :  D=0x0000000000020f1c
 222500: system.cpu: T0 : 0x38f8a    : c_mv a5, a0                : IntAlu :  D=0x0000000000000000
 223000: system.cpu: T0 : 0x38f8c    : addi a7, zero, 214         : IntAlu :  D=0x00000000000000d6
 223500: system.cpu: T0 : 0x38f90    : ecall                      : No_OpClass : 
 224000: system.cpu: T0 : 0x38f94    : sd a0, -1200(gp)           : MemWrite :  D=0x0000000000072000 A=0x70b78
 224500: system.cpu: T0 : 0x38f98    : bltu a0, a5, 8             : IntAlu : 
 225000: system.cpu: T0 : 0x38f9c    : c_li a0, 0                 : IntAlu :  D=0x0000000000000000
 225500: system.cpu: T0 : 0x38f9e    : c_jr ra                    : IntAlu : 
 226000: system.cpu: T0 : 0x20f1c    : blt a0, zero, -22          : IntAlu : 
 226500: system.cpu: T0 : 0x20f20    : ld s1, -1200(gp)           : MemRead :  D=0x0000000000072000 A=0x70b78
 227000: system.cpu: T0 : 0x20f24    : c_j -52                    : IntAlu : 
 227500: system.cpu: T0 : 0x20ef0    : c_beqz s0, 24              : IntAlu : 
 228500: system.cpu: T0 : 0x20ef2    : bge zero, s0, 52           : IntAlu : 
 229500: system.cpu: T0 : 0x20ef6    : add a5, s0, s1             : IntAlu :  D=0x0000000000072f80
 230500: system.cpu: T0 : 0x20efa    : sltu a5, a5, s1            : IntAlu :  D=0x0000000000000000
 231000: system.cpu: T0 : 0x20efe    : c_beqz a5, 50              : IntAlu : 
 231500: system.cpu: T0 : 0x20f30    : add a0, s1, s0             : IntAlu :  D=0x0000000000072f80
 232000: system.cpu: T0 : 0x20f34    : jal ra, 98390              : IntAlu :  D=0x0000000000020f38
 232500: system.cpu: T0 : 0x38f8a    : c_mv a5, a0                : IntAlu :  D=0x0000000000072f80
 233000: system.cpu: T0 : 0x38f8c    : addi a7, zero, 214         : IntAlu :  D=0x00000000000000d6
 233500: system.cpu: T0 : 0x38f90    : ecall                      : No_OpClass : 
 234000: system.cpu: T0 : 0x38f94    : sd a0, -1200(gp)           : MemWrite :  D=0x0000000000072f80 A=0x70b78
 234500: system.cpu: T0 : 0x38f98    : bltu a0, a5, 8             : IntAlu : 
 235000: system.cpu: T0 : 0x38f9c    : c_li a0, 0                 : IntAlu :  D=0x0000000000000000
 235500: system.cpu: T0 : 0x38f9e    : c_jr ra                    : IntAlu : 
 236000: system.cpu: T0 : 0x20f38    : blt a0, zero, -50          : IntAlu : 
 236500: system.cpu: T0 : 0x20f3c    : c_ldsp ra, 24(sp)          : MemRead :  D=0x0000000000010858 A=0x7ffffffffffffd58
 237000: system.cpu: T0 : 0x20f3e    : c_ldsp s0, 16(sp)          : MemRead :  D=0x000000000006ead0 A=0x7ffffffffffffd50
 237500: system.cpu: T0 : 0x20f40    : c_ldsp s2, 0(sp)           : MemRead :  D=0x0000000000000067 A=0x7ffffffffffffd40
 238000: system.cpu: T0 : 0x20f42    : c_mv a0, s1                : IntAlu :  D=0x0000000000072000
 238500: system.cpu: T0 : 0x20f44    : c_ldsp s1, 8(sp)           : MemRead :  D=0x0000000000010a08 A=0x7ffffffffffffd48
 239000: system.cpu: T0 : 0x20f46    : c_addi16sp sp, 32          : IntAlu :  D=0x7ffffffffffffd60
 239500: system.cpu: T0 : 0x20f48    : c_jr ra                    : IntAlu : 
 240000: system.cpu: T0 : 0x10858    : divu s2, s2, s9            : IntDiv :  D=0x000000000000000c
 240500: system.cpu: T0 : 0x1085c    : c_ldsp a4, 0(sp)           : MemRead :  D=0x000000000000000f A=0x7ffffffffffffd60
 241000: system.cpu: T0 : 0x1085e    : c_ldsp a5, 8(sp)           : MemRead :  D=0x0000000000000000 A=0x7ffffffffffffd68
 241500: system.cpu: T0 : 0x10860    : addi s1, a0, 1808          : IntAlu :  D=0x0000000000072710
 242000: system.cpu: T0 : 0x10864    : c_add s1, a4               : IntAlu :  D=0x000000000007271f
 243000: system.cpu: T0 : 0x10866    : and s1, s1, s11            : IntAlu :  D=0x0000000000072710
 244000: system.cpu: T0 : 0x1086a    : lui a4, 114                : IntAlu :  D=0x0000000000072000
 245000: system.cpu: T0 : 0x1086e    : addi a4, a4, -1680         : IntAlu :  D=0x0000000000071970
 246000: system.cpu: T0 : 0x10872    : add a0, s1, s7             : IntAlu :  D=0x0000000000072710
 247000: system.cpu: T0 : 0x10876    : sd a5, 1088(s3)            : MemWrite :  D=0x0000000000000000 A=0x702a0
 248000: system.cpu: T0 : 0x1087a    : addi a5, zero, 62          : IntAlu :  D=0x000000000000003e
 248500: system.cpu: T0 : 0x1087e    : c_mv a2, s4                : IntAlu :  D=0x0000000000000020
 249000: system.cpu: T0 : 0x10880    : c_sd a5, 0(a4)             : MemWrite :  D=0x000000000000003e A=0x71970
 249500: system.cpu: T0 : 0x10882    : c_mv a1, s0                : IntAlu :  D=0x000000000006ead0
 250000: system.cpu: T0 : 0x10884    : c_sd a0, 32(a4)            : MemWrite :  D=0x0000000000072710 A=0x71990
 251000: system.cpu: T0 : 0x10886    : sd zero, 40(a4)            : MemWrite :  D=0x0000000000000000 A=0x71998
 252000: system.cpu: T0 : 0x1088a    : jal ra, 61666              : IntAlu :  D=0x000000000001088e
 252500: system.cpu: T0 : 0x1f96c    : c_addi16sp sp, -48         : IntAlu :  D=0x7ffffffffffffd30
 253000: system.cpu: T0 : 0x1f96e    : c_sdsp s0, 32(sp)          : MemWrite :  D=0x000000000006ead0 A=0x7ffffffffffffd50
 253500: system.cpu: T0 : 0x1f970    : c_sdsp s2, 16(sp)          : MemWrite :  D=0x000000000000000c A=0x7ffffffffffffd40
 254000: system.cpu: T0 : 0x1f972    : c_sdsp ra, 40(sp)          : MemWrite :  D=0x000000000001088e A=0x7ffffffffffffd58
 254500: system.cpu: T0 : 0x1f974    : c_sdsp s1, 24(sp)          : MemWrite :  D=0x0000000000072710 A=0x7ffffffffffffd48
 255000: system.cpu: T0 : 0x1f976    : c_sdsp s3, 8(sp)           : MemWrite :  D=0x000000000006fe60 A=0x7ffffffffffffd38
 255500: system.cpu: T0 : 0x1f978    : c_li a5, 15                : IntAlu :  D=0x000000000000000f
 256000: system.cpu: T0 : 0x1f97a    : c_mv s2, a0                : IntAlu :  D=0x0000000000072710
 256500: system.cpu: T0 : 0x1f97c    : c_mv a4, a0                : IntAlu :  D=0x0000000000072710
 257000: system.cpu: T0 : 0x1f97e    : c_mv s0, a1                : IntAlu :  D=0x000000000006ead0
 257500: system.cpu: T0 : 0x1f980    : bgeu a5, a2, 72            : IntAlu : 
 258000: system.cpu: T0 : 0x1f984    : sub a0, zero, a0           : IntAlu :  D=0xfffffffffff8d8f0
 258500: system.cpu: T0 : 0x1f988    : c_andi a0, 7               : IntAlu :  D=0x0000000000000000
 259500: system.cpu: T0 : 0x1f98a    : sub s1, a2, a0             : IntAlu :  D=0x0000000000000020
 260000: system.cpu: T0 : 0x1f98e    : c_beqz a0, 110             : IntAlu : 
 260500: system.cpu: T0 : 0x1f9fc    : c_mv s3, s2                : IntAlu :  D=0x0000000000072710
 261000: system.cpu: T0 : 0x1f9fe    : c_j -84                    : IntAlu : 
 262000: system.cpu: T0 : 0x1f9aa    : andi a5, s0, 7             : IntAlu :  D=0x0000000000000000
 263000: system.cpu: T0 : 0x1f9ae    : srli a2, s1, 3             : IntAlu :  D=0x0000000000000004
 263500: system.cpu: T0 : 0x1f9b2    : c_mv a1, s0                : IntAlu :  D=0x000000000006ead0
 264000: system.cpu: T0 : 0x1f9b4    : c_mv a0, s3                : IntAlu :  D=0x0000000000072710
 264500: system.cpu: T0 : 0x1f9b6    : c_bnez a5, 64              : IntAlu : 
 265000: system.cpu: T0 : 0x1f9b8    : jal ra, 72                 : IntAlu :  D=0x000000000001f9bc
 265500: system.cpu: T0 : 0x1fa00    : andi a5, a2, 7             : IntAlu :  D=0x0000000000000004
 266000: system.cpu: T0 : 0x1fa04    : lui a4, 79                 : IntAlu :  D=0x000000000004f000
 266500: system.cpu: T0 : 0x1fa08    : c_slli a5, 2               : IntAlu :  D=0x0000000000000010
 267500: system.cpu: T0 : 0x1fa0a    : addi a4, a4, -184          : IntAlu :  D=0x000000000004ef48
 268000: system.cpu: T0 : 0x1fa0e    : c_add a5, a4               : IntAlu :  D=0x000000000004ef58
 268500: system.cpu: T0 : 0x1fa10    : c_lw a5, 0(a5)             : MemRead :  D=0x000000000001faaa A=0x4ef58
 269000: system.cpu: T0 : 0x1fa12    : c_jr a5                    : IntAlu : 
 270000: system.cpu: T0 : 0x1faaa    : ld a6, 0(a1)               : MemRead :  D=0x0000000000070678 A=0x6ead0
 270500: system.cpu: T0 : 0x1faae    : c_mv a3, a0                : IntAlu :  D=0x0000000000072710
 271000: system.cpu: T0 : 0x1fab0    : c_addi a1, -32             : IntAlu :  D=0x000000000006eab0
 272000: system.cpu: T0 : 0x1fab2    : addi a5, a0, -40           : IntAlu :  D=0x00000000000726e8
 272500: system.cpu: T0 : 0x1fab6    : c_addi a2, 4               : IntAlu :  D=0x0000000000000008
 273000: system.cpu: T0 : 0x1fab8    : c_j -124                   : IntAlu : 
 273500: system.cpu: T0 : 0x1fa3c    : c_ld a4, 40(a1)            : MemRead :  D=0x0000000000070678 A=0x6ead8
 274500: system.cpu: T0 : 0x1fa3e    : addi a0, a5, 48            : IntAlu :  D=0x0000000000072718
 275500: system.cpu: T0 : 0x1fa42    : sd a6, 0(a3)               : MemWrite :  D=0x0000000000070678 A=0x72710
 276500: system.cpu: T0 : 0x1fa42    : sd a6, 0(a3)               : MemWrite :  D=0x0000000000070678 A=0x72710
 277500: system.cpu: T0 : 0x1fa46    : ld a6, 48(a1)              : MemRead :  D=0x0000000000070680 A=0x6eae0
 278500: system.cpu: T0 : 0x1fa4a    : addi a3, a5, 56            : IntAlu :  D=0x0000000000072720
 279000: system.cpu: T0 : 0x1fa4e    : c_sd a4, 0(a0)             : MemWrite :  D=0x0000000000070678 A=0x72718
 279500: system.cpu: T0 : 0x1fa50    : c_ld a4, 56(a1)            : MemRead :  D=0x0000000000070698 A=0x6eae8
 280500: system.cpu: T0 : 0x1fa52    : addi a5, a5, 64            : IntAlu :  D=0x0000000000072728
 281500: system.cpu: T0 : 0x1fa56    : sd a6, 0(a3)               : MemWrite :  D=0x0000000000070680 A=0x72720
 282000: system.cpu: T0 : 0x1fa5a    : c_addi a2, -8              : IntAlu :  D=0x0000000000000000
 282500: system.cpu: T0 : 0x1fa5c    : c_mv a0, a5                : IntAlu :  D=0x0000000000072728
 283500: system.cpu: T0 : 0x1fa5e    : addi a1, a1, 64            : IntAlu :  D=0x000000000006eaf0
 284000: system.cpu: T0 : 0x1fa62    : c_beqz a2, 24              : IntAlu : 
 284500: system.cpu: T0 : 0x1fa7a    : c_sd a4, 0(a0)             : MemWrite :  D=0x0000000000070698 A=0x72728
 285000: system.cpu: T0 : 0x1fa7c    : c_jr ra                    : IntAlu : 
 285500: system.cpu: T0 : 0x1f9bc    : andi a4, s1, 18446744073709551608 : IntAlu :  D=0x0000000000000020
 286000: system.cpu: T0 : 0x1f9c0    : c_add s0, a4               : IntAlu :  D=0x000000000006eaf0
 287000: system.cpu: T0 : 0x1f9c2    : andi a2, s1, 7             : IntAlu :  D=0x0000000000000000
 287500: system.cpu: T0 : 0x1f9c6    : c_add a4, s3               : IntAlu :  D=0x0000000000072730
 288000: system.cpu: T0 : 0x1f9c8    : c_addi a4, -1              : IntAlu :  D=0x000000000007272f
 288500: system.cpu: T0 : 0x1f9ca    : c_mv a5, s0                : IntAlu :  D=0x000000000006eaf0
 289000: system.cpu: T0 : 0x1f9cc    : add a1, a2, s0             : IntAlu :  D=0x000000000006eaf0
 289500: system.cpu: T0 : 0x1f9d0    : c_sub a4, s0               : IntAlu :  D=0x0000000000003c3f
 290000: system.cpu: T0 : 0x1f9d2    : c_beqz a2, 20              : IntAlu : 
 290500: system.cpu: T0 : 0x1f9e6    : c_ldsp ra, 40(sp)          : MemRead :  D=0x000000000001088e A=0x7ffffffffffffd58
 291000: system.cpu: T0 : 0x1f9e8    : c_ldsp s0, 32(sp)          : MemRead :  D=0x000000000006ead0 A=0x7ffffffffffffd50
 291500: system.cpu: T0 : 0x1f9ea    : c_ldsp s1, 24(sp)          : MemRead :  D=0x0000000000072710 A=0x7ffffffffffffd48
 292000: system.cpu: T0 : 0x1f9ec    : c_ldsp s3, 8(sp)           : MemRead :  D=0x000000000006fe60 A=0x7ffffffffffffd38
 292500: system.cpu: T0 : 0x1f9ee    : c_mv a0, s2                : IntAlu :  D=0x0000000000072710
 293000: system.cpu: T0 : 0x1f9f0    : c_ldsp s2, 16(sp)          : MemRead :  D=0x000000000000000c A=0x7ffffffffffffd40
 293500: system.cpu: T0 : 0x1f9f2    : c_addi16sp sp, 48          : IntAlu :  D=0x7ffffffffffffd60
 294000: system.cpu: T0 : 0x1f9f4    : c_jr ra                    : IntAlu : 
 295000: system.cpu: T0 : 0x1088e    : lui a5, 114                : IntAlu :  D=0x0000000000072000
 296000: system.cpu: T0 : 0x10892    : addi a5, a5, -1664         : IntAlu :  D=0x0000000000071980
 297000: system.cpu: T0 : 0x10896    : ld a4, -1968(gp)           : MemRead :  D=0x0000000000000800 A=0x70878
 298000: system.cpu: T0 : 0x1089a    : addi a3, gp, -960          : IntAlu :  D=0x0000000000070c68
 299000: system.cpu: T0 : 0x1089e    : sd a5, -16(s1)             : MemWrite :  D=0x0000000000071980 A=0x72700
 300000: system.cpu: T0 : 0x108a2    : addi a2, zero, 64          : IntAlu :  D=0x0000000000000040
 300500: system.cpu: T0 : 0x108a6    : c_li a5, 1                 : IntAlu :  D=0x0000000000000001
 301000: system.cpu: T0 : 0x108a8    : c_sd a2, 0(a3)             : MemWrite :  D=0x0000000000000040 A=0x70c68
 302000: system.cpu: T0 : 0x108aa    : lui a2, 114                : IntAlu :  D=0x0000000000072000
 303000: system.cpu: T0 : 0x108ae    : sd a5, -1688(a2)           : MemWrite :  D=0x0000000000000001 A=0x71968
 304000: system.cpu: T0 : 0x108b2    : lui a2, 114                : IntAlu :  D=0x0000000000072000
 305000: system.cpu: T0 : 0x108b6    : sd s3, 40(a3)              : MemWrite :  D=0x000000000006fe60 A=0x70c90
 306000: system.cpu: T0 : 0x108ba    : sd a3, -656(a2)            : MemWrite :  D=0x0000000000070c68 A=0x71d70
 307000: system.cpu: T0 : 0x108be    : lui a3, 114                : IntAlu :  D=0x0000000000072000
 308000: system.cpu: T0 : 0x108c2    : sd s8, -1696(a3)           : MemWrite :  D=0x0000000000000010 A=0x71960
 309000: system.cpu: T0 : 0x108c6    : lui a3, 114                : IntAlu :  D=0x0000000000072000
 310000: system.cpu: T0 : 0x108ca    : sd a5, 1096(s3)            : MemWrite :  D=0x0000000000000001 A=0x702a8
 311000: system.cpu: T0 : 0x108ce    : sd a5, -632(a3)            : MemWrite :  D=0x0000000000000001 A=0x71d88
 311500: system.cpu: T0 : 0x108d2    : c_addi a4, 15              : IntAlu :  D=0x000000000000080f
 312000: system.cpu: T0 : 0x108d4    : sd s0, 1048(s3)            : MemWrite :  D=0x000000000006ead0 A=0x70278
 312500: system.cpu: T0 : 0x108d8    : c_ldsp ra, 120(sp)         : MemRead :  D=0x0000000000010516 A=0x7ffffffffffffdd8
 313000: system.cpu: T0 : 0x108da    : c_ldsp s0, 112(sp)         : MemRead :  D=0x0000000000010978 A=0x7ffffffffffffdd0
 313500: system.cpu: T0 : 0x108dc    : sd s5, 1072(s3)            : MemWrite :  D=0x0000000000000008 A=0x70290
 314000: system.cpu: T0 : 0x108e0    : sd s10, 1064(s3)           : MemWrite :  D=0x0000000000000060 A=0x70288
 314500: system.cpu: T0 : 0x108e4    : sd s4, 1056(s3)            : MemWrite :  D=0x0000000000000020 A=0x70280
 315000: system.cpu: T0 : 0x108e8    : c_ldsp s5, 72(sp)          : MemRead :  D=0x0000000000000000 A=0x7ffffffffffffda8
 315500: system.cpu: T0 : 0x108ea    : c_ldsp s3, 88(sp)          : MemRead :  D=0x0000000000000000 A=0x7ffffffffffffdb8
 316000: system.cpu: T0 : 0x108ec    : c_ldsp s4, 80(sp)          : MemRead :  D=0x0000000000000000 A=0x7ffffffffffffdb0
 316500: system.cpu: T0 : 0x108ee    : c_ldsp s8, 48(sp)          : MemRead :  D=0x0000000000000000 A=0x7ffffffffffffd90
 317000: system.cpu: T0 : 0x108f0    : c_ldsp s10, 32(sp)         : MemRead :  D=0x0000000000000000 A=0x7ffffffffffffd80
 317500: system.cpu: T0 : 0x108f2    : c_ldsp s11, 24(sp)         : MemRead :  D=0x0000000000000000 A=0x7ffffffffffffd78
 318000: system.cpu: T0 : 0x108f4    : c_mv tp, s1                : IntAlu :  D=0x0000000000072710
 318500: system.cpu: T0 : 0x108f6    : c_ldsp s1, 104(sp)         : MemRead :  D=0x0000000000010a08 A=0x7ffffffffffffdc8
 319000: system.cpu: T0 : 0x108f8    : mul s2, s2, s9             : IntMult :  D=0x0000000000000060
 319500: system.cpu: T0 : 0x108fc    : c_ldsp s9, 40(sp)          : MemRead :  D=0x0000000000000000 A=0x7ffffffffffffd88
 320500: system.cpu: T0 : 0x108fe    : add a5, s2, s7             : IntAlu :  D=0x0000000000000060
 321000: system.cpu: T0 : 0x10902    : c_add a4, a5               : IntAlu :  D=0x000000000000086f
 321500: system.cpu: T0 : 0x10904    : c_andi a4, 18446744073709551600 : IntAlu :  D=0x0000000000000860
 322500: system.cpu: T0 : 0x10906    : sd a4, -1968(gp)           : MemWrite :  D=0x0000000000000860 A=0x70878
 323500: system.cpu: T0 : 0x1090a    : lui a4, 114                : IntAlu :  D=0x0000000000072000
 324500: system.cpu: T0 : 0x1090e    : sd a5, -1704(a4)           : MemWrite :  D=0x0000000000000060 A=0x71958
 325000: system.cpu: T0 : 0x10912    : c_ldsp s2, 96(sp)          : MemRead :  D=0x0000000000000000 A=0x7ffffffffffffdc0
 325500: system.cpu: T0 : 0x10914    : c_ldsp s6, 64(sp)          : MemRead :  D=0x0000000000000000 A=0x7ffffffffffffda0
 326000: system.cpu: T0 : 0x10916    : c_ldsp s7, 56(sp)          : MemRead :  D=0x0000000000000000 A=0x7ffffffffffffd98
 326500: system.cpu: T0 : 0x10918    : c_addi16sp sp, 128         : IntAlu :  D=0x7ffffffffffffde0
 327000: system.cpu: T0 : 0x1091a    : c_jr ra                    : IntAlu : 
 328000: system.cpu: T0 : 0x10516    : lui a5, 111                : IntAlu :  D=0x000000000006f000
 329000: system.cpu: T0 : 0x1051a    : ld a5, -128(a5)            : MemRead :  D=0x7fffffffffffffc8 A=0x6ef80
 330000: system.cpu: T0 : 0x1051e    : lw a7, -1728(gp)           : MemRead :  D=0x0000000000000000 A=0x70968
 331000: system.cpu: T0 : 0x10522    : lbu a6, 1(a5)              : MemRead :  D=0x0000000000000000 A=0x7fffffffffffffc9
 332000: system.cpu: T0 : 0x10526    : lbu a4, 0(a5)              : MemRead :  D=0x0000000000000000 A=0x7fffffffffffffc8
 333000: system.cpu: T0 : 0x1052a    : lbu a0, 2(a5)              : MemRead :  D=0x0000000000000000 A=0x7fffffffffffffca
 334000: system.cpu: T0 : 0x1052e    : lbu a1, 3(a5)              : MemRead :  D=0x0000000000000000 A=0x7fffffffffffffcb
 335000: system.cpu: T0 : 0x10532    : lbu a2, 4(a5)              : MemRead :  D=0x0000000000000000 A=0x7fffffffffffffcc
 335500: system.cpu: T0 : 0x10536    : c_slli a6, 8               : IntAlu :  D=0x0000000000000000
 336000: system.cpu: T0 : 0x10538    : lbu a3, 5(a5)              : MemRead :  D=0x0000000000000000 A=0x7fffffffffffffcd
 336500: system.cpu: T0 : 0x1053c    : or a6, a6, a4              : IntAlu :  D=0x0000000000000000
 337000: system.cpu: T0 : 0x10540    : c_slli a0, 16              : IntAlu :  D=0x0000000000000000
 338000: system.cpu: T0 : 0x10542    : lbu a4, 6(a5)              : MemRead :  D=0x0000000000000000 A=0x7fffffffffffffce
 339000: system.cpu: T0 : 0x10546    : or a0, a0, a6              : IntAlu :  D=0x0000000000000000
 339500: system.cpu: T0 : 0x1054a    : c_slli a1, 24              : IntAlu :  D=0x0000000000000000
 340000: system.cpu: T0 : 0x1054c    : lbu a5, 7(a5)              : MemRead :  D=0x000000000000002f A=0x7fffffffffffffcf
 340500: system.cpu: T0 : 0x10550    : c_or a1, a0                : IntAlu :  D=0x0000000000000000
 341000: system.cpu: T0 : 0x10552    : c_slli a2, 32              : IntAlu :  D=0x0000000000000000
 341500: system.cpu: T0 : 0x10554    : c_or a2, a1                : IntAlu :  D=0x0000000000000000
 342000: system.cpu: T0 : 0x10556    : c_slli a3, 40              : IntAlu :  D=0x0000000000000000
 342500: system.cpu: T0 : 0x10558    : c_or a3, a2                : IntAlu :  D=0x0000000000000000
 343000: system.cpu: T0 : 0x1055a    : c_slli a4, 48              : IntAlu :  D=0x0000000000000000
 343500: system.cpu: T0 : 0x1055c    : c_or a4, a3                : IntAlu :  D=0x0000000000000000
 344000: system.cpu: T0 : 0x1055e    : c_slli a5, 56              : IntAlu :  D=0x2f00000000000000
 344500: system.cpu: T0 : 0x10560    : c_or a5, a4                : IntAlu :  D=0x2f00000000000000
 345500: system.cpu: T0 : 0x10562    : andi a5, a5, 18446744073709551360 : IntAlu :  D=0x2f00000000000000
 346500: system.cpu: T0 : 0x10566    : lui a4, 111                : IntAlu :  D=0x000000000006f000
 347500: system.cpu: T0 : 0x1056a    : sd a5, -1264(a4)           : MemWrite :  D=0x2f00000000000000 A=0x6eb10
 348500: system.cpu: T0 : 0x1056e    : beq a7, zero, 286          : IntAlu : 
 349000: system.cpu: T0 : 0x1068c    : jal ra, 75206              : IntAlu :  D=0x0000000000010690
 349500: system.cpu: T0 : 0x22c52    : c_addi16sp sp, -496        : IntAlu :  D=0x7ffffffffffffbf0
 350000: system.cpu: T0 : 0x22c54    : c_addi4spn a0, sp, 72      : IntAlu :  D=0x7ffffffffffffc38
 350500: system.cpu: T0 : 0x22c56    : c_sdsp ra, 488(sp)         : MemWrite :  D=0x0000000000010690 A=0x7ffffffffffffdd8
 351000: system.cpu: T0 : 0x22c58    : c_sdsp s0, 480(sp)         : MemWrite :  D=0x0000000000010978 A=0x7ffffffffffffdd0
 351500: system.cpu: T0 : 0x22c5a    : c_sdsp s1, 472(sp)         : MemWrite :  D=0x0000000000010a08 A=0x7ffffffffffffdc8
 352000: system.cpu: T0 : 0x22c5c    : jal ra, 90520              : IntAlu :  D=0x0000000000022c60
 352500: system.cpu: T0 : 0x38df4    : addi a7, zero, 160         : IntAlu :  D=0x00000000000000a0
 353000: system.cpu: T0 : 0x38df8    : ecall                      : No_OpClass : 
 353500: system.cpu: T0 : 0x38dfc    : c_lui a7, 1048575          : IntAlu :  D=0xfffffffffffff000
 354500: system.cpu: T0 : 0x38dfe    : bltu a7, a0, 6             : IntAlu : 
 355000: system.cpu: T0 : 0x38e02    : c_jr ra                    : IntAlu : 
 355500: system.cpu: T0 : 0x22c60    : addi a3, sp, 202           : IntAlu :  D=0x7ffffffffffffcba
 356000: system.cpu: T0 : 0x22c64    : c_bnez a0, 140             : IntAlu : 
 356500: system.cpu: T0 : 0x22c66    : c_li t1, 0                 : IntAlu :  D=0x0000000000000000
 357000: system.cpu: T0 : 0x22c68    : c_li a0, 0                 : IntAlu :  D=0x0000000000000000
 357500: system.cpu: T0 : 0x22c6a    : c_li a7, 9                 : IntAlu :  D=0x0000000000000009
 358000: system.cpu: T0 : 0x22c6c    : addi t3, zero, 46          : IntAlu :  D=0x000000000000002e
 358500: system.cpu: T0 : 0x22c70    : c_li t4, 3                 : IntAlu :  D=0x0000000000000003
 359500: system.cpu: T0 : 0x22c72    : lbu a5, 0(a3)              : MemRead :  D=0x0000000000000035 A=0x7ffffffffffffcba
 360500: system.cpu: T0 : 0x22c76    : addiw a5, a5, -48          : IntAlu :  D=0x0000000000000005
 361500: system.cpu: T0 : 0x22c7a    : andi a4, a5, 255           : IntAlu :  D=0x0000000000000005
 362500: system.cpu: T0 : 0x22c7e    : bltu a7, a4, 98            : IntAlu : 
 363500: system.cpu: T0 : 0x22c82    : lbu a1, 1(a3)              : MemRead :  D=0x000000000000002e A=0x7ffffffffffffcbb
 364500: system.cpu: T0 : 0x22c86    : addiw a4, a5, 0            : IntAlu :  D=0x0000000000000005
 365000: system.cpu: T0 : 0x22c8a    : c_addi a3, 1               : IntAlu :  D=0x7ffffffffffffcbb
 365500: system.cpu: T0 : 0x22c8c    : addiw a2, a1, -48          : IntAlu :  D=0xfffffffffffffffe
 366000: system.cpu: T0 : 0x22c90    : andi a5, a2, 255           : IntAlu :  D=0x00000000000000fe
 366500: system.cpu: T0 : 0x22c94    : bltu a7, a5, 36            : IntAlu : 
 367000: system.cpu: T0 : 0x22cb8    : slliw a5, a0, 8            : IntAlu :  D=0x0000000000000000
 367500: system.cpu: T0 : 0x22cbc    : c_or a5, a4                : IntAlu :  D=0x0000000000000005
 368000: system.cpu: T0 : 0x22cbe    : c_addiw t1, 1              : IntAlu :  D=0x0000000000000001
 368500: system.cpu: T0 : 0x22cc0    : addiw a0, a5, 0            : IntAlu :  D=0x0000000000000005
 369000: system.cpu: T0 : 0x22cc4    : c_addi a3, 1               : IntAlu :  D=0x7ffffffffffffcbc
 370000: system.cpu: T0 : 0x22cc6    : bne a1, t3, 20             : IntAlu : 
 371000: system.cpu: T0 : 0x22cca    : bne t1, t4, -88            : IntAlu : 
 372000: system.cpu: T0 : 0x22c72    : lbu a5, 0(a3)              : MemRead :  D=0x0000000000000031 A=0x7ffffffffffffcbc
 373000: system.cpu: T0 : 0x22c76    : addiw a5, a5, -48          : IntAlu :  D=0x0000000000000001
 374000: system.cpu: T0 : 0x22c7a    : andi a4, a5, 255           : IntAlu :  D=0x0000000000000001
 375000: system.cpu: T0 : 0x22c7e    : bltu a7, a4, 98            : IntAlu : 
 376000: system.cpu: T0 : 0x22c82    : lbu a1, 1(a3)              : MemRead :  D=0x000000000000002e A=0x7ffffffffffffcbd
 377000: system.cpu: T0 : 0x22c86    : addiw a4, a5, 0            : IntAlu :  D=0x0000000000000001
 377500: system.cpu: T0 : 0x22c8a    : c_addi a3, 1               : IntAlu :  D=0x7ffffffffffffcbd
 378000: system.cpu: T0 : 0x22c8c    : addiw a2, a1, -48          : IntAlu :  D=0xfffffffffffffffe
 378500: system.cpu: T0 : 0x22c90    : andi a5, a2, 255           : IntAlu :  D=0x00000000000000fe
 379000: system.cpu: T0 : 0x22c94    : bltu a7, a5, 36            : IntAlu : 
 379500: system.cpu: T0 : 0x22cb8    : slliw a5, a0, 8            : IntAlu :  D=0x0000000000000500
 380000: system.cpu: T0 : 0x22cbc    : c_or a5, a4                : IntAlu :  D=0x0000000000000501
 380500: system.cpu: T0 : 0x22cbe    : c_addiw t1, 1              : IntAlu :  D=0x0000000000000002
 381000: system.cpu: T0 : 0x22cc0    : addiw a0, a5, 0            : IntAlu :  D=0x0000000000000501
 381500: system.cpu: T0 : 0x22cc4    : c_addi a3, 1               : IntAlu :  D=0x7ffffffffffffcbe
 382500: system.cpu: T0 : 0x22cc6    : bne a1, t3, 20             : IntAlu : 
 383500: system.cpu: T0 : 0x22cca    : bne t1, t4, -88            : IntAlu : 
 384500: system.cpu: T0 : 0x22c72    : lbu a5, 0(a3)              : MemRead :  D=0x0000000000000030 A=0x7ffffffffffffcbe
 385500: system.cpu: T0 : 0x22c76    : addiw a5, a5, -48          : IntAlu :  D=0x0000000000000000
 386500: system.cpu: T0 : 0x22c7a    : andi a4, a5, 255           : IntAlu :  D=0x0000000000000000
 387500: system.cpu: T0 : 0x22c7e    : bltu a7, a4, 98            : IntAlu : 
 388500: system.cpu: T0 : 0x22c82    : lbu a1, 1(a3)              : MemRead :  D=0x0000000000000000 A=0x7ffffffffffffcbf
 389500: system.cpu: T0 : 0x22c86    : addiw a4, a5, 0            : IntAlu :  D=0x0000000000000000
 390000: system.cpu: T0 : 0x22c8a    : c_addi a3, 1               : IntAlu :  D=0x7ffffffffffffcbf
 390500: system.cpu: T0 : 0x22c8c    : addiw a2, a1, -48          : IntAlu :  D=0xffffffffffffffd0
 391000: system.cpu: T0 : 0x22c90    : andi a5, a2, 255           : IntAlu :  D=0x00000000000000d0
 391500: system.cpu: T0 : 0x22c94    : bltu a7, a5, 36            : IntAlu : 
 392000: system.cpu: T0 : 0x22cb8    : slliw a5, a0, 8            : IntAlu :  D=0x0000000000050100
 392500: system.cpu: T0 : 0x22cbc    : c_or a5, a4                : IntAlu :  D=0x0000000000050100
 393000: system.cpu: T0 : 0x22cbe    : c_addiw t1, 1              : IntAlu :  D=0x0000000000000003
 393500: system.cpu: T0 : 0x22cc0    : addiw a0, a5, 0            : IntAlu :  D=0x0000000000050100
 394000: system.cpu: T0 : 0x22cc4    : c_addi a3, 1               : IntAlu :  D=0x7ffffffffffffcc0
 395000: system.cpu: T0 : 0x22cc6    : bne a1, t3, 20             : IntAlu : 
 395500: system.cpu: T0 : 0x22cda    : c_li a5, 3                 : IntAlu :  D=0x0000000000000003
 396000: system.cpu: T0 : 0x22cdc    : beq t1, a5, -14            : IntAlu : 
 396500: system.cpu: T0 : 0x22cce    : c_addiw a0, 0              : IntAlu :  D=0x0000000000050100
 397000: system.cpu: T0 : 0x22cd0    : c_ldsp ra, 488(sp)         : MemRead :  D=0x0000000000010690 A=0x7ffffffffffffdd8
 397500: system.cpu: T0 : 0x22cd2    : c_ldsp s0, 480(sp)         : MemRead :  D=0x0000000000010978 A=0x7ffffffffffffdd0
 398000: system.cpu: T0 : 0x22cd4    : c_ldsp s1, 472(sp)         : MemRead :  D=0x0000000000010a08 A=0x7ffffffffffffdc8
 398500: system.cpu: T0 : 0x22cd6    : c_addi16sp sp, 496         : IntAlu :  D=0x7ffffffffffffde0
 399000: system.cpu: T0 : 0x22cd8    : c_jr ra                    : IntAlu : 
 399500: system.cpu: T0 : 0x10690    : c_mv a5, a0                : IntAlu :  D=0x0000000000050100
 400500: system.cpu: T0 : 0x10692    : blt a0, zero, 104          : IntAlu : 
 401500: system.cpu: T0 : 0x10696    : lui a4, 114                : IntAlu :  D=0x0000000000072000
 402500: system.cpu: T0 : 0x1069a    : lw a3, -376(a4)            : MemRead :  D=0x0000000000000000 A=0x71e88
 403500: system.cpu: T0 : 0x1069e    : addiw a4, a0, 0            : IntAlu :  D=0x0000000000050100
 404000: system.cpu: T0 : 0x106a2    : c_bnez a3, 82              : IntAlu : 
 404500: system.cpu: T0 : 0x106a4    : lui a3, 114                : IntAlu :  D=0x0000000000072000
 405000: system.cpu: T0 : 0x106a8    : sw a4, -376(a3)            : MemWrite :  D=0x0000000000050100 A=0x71e88
 405500: system.cpu: T0 : 0x106ac    : lui a4, 65                 : IntAlu :  D=0x0000000000041000
 406000: system.cpu: T0 : 0x106b0    : addi a4, a4, -257          : IntAlu :  D=0x0000000000040eff
 406500: system.cpu: T0 : 0x106b4    : blt a4, a5, -322           : IntAlu : 
 407500: system.cpu: T0 : 0x10572    : addi a5, zero, 0           : IntAlu :  D=0x0000000000000000
 408000: system.cpu: T0 : 0x10576    : c_beqz a5, 10              : IntAlu : 
 408500: system.cpu: T0 : 0x10580    : lui a5, 111                : IntAlu :  D=0x000000000006f000
 409000: system.cpu: T0 : 0x10584    : ld a5, -128(a5)            : MemRead :  D=0x7fffffffffffffc8 A=0x6ef80
 409500: system.cpu: T0 : 0x10588    : lbu a4, 14(a5)             : MemRead :  D=0x0000000000000065 A=0x7fffffffffffffd6
 410000: system.cpu: T0 : 0x1058c    : lbu a7, 8(a5)              : MemRead :  D=0x0000000000000068 A=0x7fffffffffffffd0
 410500: system.cpu: T0 : 0x10590    : lbu a6, 9(a5)              : MemRead :  D=0x000000000000006f A=0x7fffffffffffffd1
 411000: system.cpu: T0 : 0x10594    : lbu a0, 10(a5)             : MemRead :  D=0x000000000000006d A=0x7fffffffffffffd2
 411500: system.cpu: T0 : 0x10598    : lbu a1, 11(a5)             : MemRead :  D=0x0000000000000065 A=0x7fffffffffffffd3
 412000: system.cpu: T0 : 0x1059c    : lbu a2, 12(a5)             : MemRead :  D=0x000000000000002f A=0x7fffffffffffffd4
 412500: system.cpu: T0 : 0x105a0    : lbu a3, 13(a5)             : MemRead :  D=0x0000000000000076 A=0x7fffffffffffffd5
 413000: system.cpu: T0 : 0x105a4    : lbu a5, 15(a5)             : MemRead :  D=0x0000000000000079 A=0x7fffffffffffffd7
 413500: system.cpu: T0 : 0x105a8    : sb a7, 40(sp)              : MemWrite :  D=0x0000000000000068 A=0x7ffffffffffffe08
 414000: system.cpu: T0 : 0x105ac    : sb a6, 41(sp)              : MemWrite :  D=0x000000000000006f A=0x7ffffffffffffe09
 414500: system.cpu: T0 : 0x105b0    : sb a5, 47(sp)              : MemWrite :  D=0x0000000000000079 A=0x7ffffffffffffe0f
 415000: system.cpu: T0 : 0x105b4    : sb a0, 42(sp)              : MemWrite :  D=0x000000000000006d A=0x7ffffffffffffe0a
 415500: system.cpu: T0 : 0x105b8    : sb a1, 43(sp)              : MemWrite :  D=0x0000000000000065 A=0x7ffffffffffffe0b
 416000: system.cpu: T0 : 0x105bc    : sb a2, 44(sp)              : MemWrite :  D=0x000000000000002f A=0x7ffffffffffffe0c
 416500: system.cpu: T0 : 0x105c0    : sb a3, 45(sp)              : MemWrite :  D=0x0000000000000076 A=0x7ffffffffffffe0d
 417000: system.cpu: T0 : 0x105c4    : sb a4, 46(sp)              : MemWrite :  D=0x0000000000000065 A=0x7ffffffffffffe0e
 417500: system.cpu: T0 : 0x105c8    : c_ldsp a4, 40(sp)          : MemRead :  D=0x7965762f656d6f68 A=0x7ffffffffffffe08
 418500: system.cpu: T0 : 0x105ca    : lui a5, 111                : IntAlu :  D=0x000000000006f000
 419500: system.cpu: T0 : 0x105ce    : sd a4, -1256(a5)           : MemWrite :  D=0x7965762f656d6f68 A=0x6eb18
 420500: system.cpu: T0 : 0x105d2    : beq s2, zero, 14           : IntAlu : 
 421000: system.cpu: T0 : 0x105e0    : ld a2, -1360(gp)           : MemRead :  D=0x7fffffffffffff38 A=0x70ad8
 421500: system.cpu: T0 : 0x105e4    : c_ldsp a1, 16(sp)          : MemRead :  D=0x7fffffffffffff28 A=0x7ffffffffffffdf0
 422000: system.cpu: T0 : 0x105e6    : c_ldsp a0, 8(sp)           : MemRead :  D=0x0000000000000001 A=0x7ffffffffffffde8
 422500: system.cpu: T0 : 0x105e8    : jal ra, 75610              : IntAlu :  D=0x00000000000105ec
 423000: system.cpu: T0 : 0x22d42    : c_addi sp, -32             : IntAlu :  D=0x7ffffffffffffdc0
 423500: system.cpu: T0 : 0x22d44    : c_sdsp s0, 16(sp)          : MemWrite :  D=0x0000000000010978 A=0x7ffffffffffffdd0
 424000: system.cpu: T0 : 0x22d46    : c_sdsp s1, 8(sp)           : MemWrite :  D=0x0000000000010a08 A=0x7ffffffffffffdc8
 424500: system.cpu: T0 : 0x22d48    : c_sdsp s2, 0(sp)           : MemWrite :  D=0x0000000000000000 A=0x7ffffffffffffdc0
 425000: system.cpu: T0 : 0x22d4a    : c_sdsp ra, 24(sp)          : MemWrite :  D=0x00000000000105ec A=0x7ffffffffffffdd8
 425500: system.cpu: T0 : 0x22d4c    : addi a4, zero, 0           : IntAlu :  D=0x0000000000000000
 426000: system.cpu: T0 : 0x22d50    : c_mv s0, a0                : IntAlu :  D=0x0000000000000001
 426500: system.cpu: T0 : 0x22d52    : c_mv s1, a1                : IntAlu :  D=0x7fffffffffffff28
 427000: system.cpu: T0 : 0x22d54    : c_mv s2, a2                : IntAlu :  D=0x7fffffffffffff38
 427500: system.cpu: T0 : 0x22d56    : c_beqz a4, 62              : IntAlu : 
 428000: system.cpu: T0 : 0x22d94    : lw a0, -1248(gp)           : MemRead :  D=0x0000000000000000 A=0x70b48
 428500: system.cpu: T0 : 0x22d98    : lw a5, -1344(gp)           : MemRead :  D=0x0000000000000000 A=0x70ae8
 429000: system.cpu: T0 : 0x22d9c    : sw zero, -1728(gp)         : MemWrite :  D=0x0000000000000000 A=0x70968
 429500: system.cpu: T0 : 0x22da0    : beq a5, a0, -60            : IntAlu : 
 430000: system.cpu: T0 : 0x22d64    : lui a5, 114                : IntAlu :  D=0x0000000000072000
 430500: system.cpu: T0 : 0x22d68    : sw s0, -352(a5)            : MemWrite :  D=0x0000000000000001 A=0x71ea0
 431000: system.cpu: T0 : 0x22d6c    : lui a5, 114                : IntAlu :  D=0x0000000000072000
 431500: system.cpu: T0 : 0x22d70    : sd s1, -344(a5)            : MemWrite :  D=0x7fffffffffffff28 A=0x71ea8
 432000: system.cpu: T0 : 0x22d74    : sd s2, -1360(gp)           : MemWrite :  D=0x7fffffffffffff38 A=0x70ad8
 432500: system.cpu: T0 : 0x22d78    : jal ra, -2314              : IntAlu :  D=0x0000000000022d7c
 433000: system.cpu: T0 : 0x2246e    : c_addi16sp sp, -160        : IntAlu :  D=0x7ffffffffffffd20
 433500: system.cpu: T0 : 0x22470    : c_sdsp ra, 152(sp)         : MemWrite :  D=0x0000000000022d7c A=0x7ffffffffffffdb8
 434000: system.cpu: T0 : 0x22472    : c_sdsp s1, 136(sp)         : MemWrite :  D=0x7fffffffffffff28 A=0x7ffffffffffffda8
 434500: system.cpu: T0 : 0x22474    : c_sdsp s2, 128(sp)         : MemWrite :  D=0x7fffffffffffff38 A=0x7ffffffffffffda0
 435000: system.cpu: T0 : 0x22476    : c_sdsp s3, 120(sp)         : MemWrite :  D=0x0000000000000000 A=0x7ffffffffffffd98
 435500: system.cpu: T0 : 0x22478    : c_sdsp s4, 112(sp)         : MemWrite :  D=0x0000000000000000 A=0x7ffffffffffffd90
 436000: system.cpu: T0 : 0x2247a    : c_sdsp s0, 144(sp)         : MemWrite :  D=0x0000000000000001 A=0x7ffffffffffffdb0
 436500: system.cpu: T0 : 0x2247c    : c_sdsp s5, 104(sp)         : MemWrite :  D=0x0000000000000000 A=0x7ffffffffffffd88
 437000: system.cpu: T0 : 0x2247e    : c_sdsp s6, 96(sp)          : MemWrite :  D=0x0000000000000000 A=0x7ffffffffffffd80
 437500: system.cpu: T0 : 0x22480    : c_sdsp s7, 88(sp)          : MemWrite :  D=0x0000000000000000 A=0x7ffffffffffffd78
 438000: system.cpu: T0 : 0x22482    : c_sdsp s8, 80(sp)          : MemWrite :  D=0x0000000000000000 A=0x7ffffffffffffd70
 438500: system.cpu: T0 : 0x22484    : c_sdsp s9, 72(sp)          : MemWrite :  D=0x0000000000000000 A=0x7ffffffffffffd68
 439000: system.cpu: T0 : 0x22486    : c_sdsp s10, 64(sp)         : MemWrite :  D=0x0000000000000000 A=0x7ffffffffffffd60
 439500: system.cpu: T0 : 0x22488    : lui s2, 114                : IntAlu :  D=0x0000000000072000
 440000: system.cpu: T0 : 0x2248c    : jal ra, 116914             : IntAlu :  D=0x0000000000022490
 440500: system.cpu: T0 : 0x3ed3e    : c_lui t1, 1048575          : IntAlu :  D=0xfffffffffffff000
 441000: system.cpu: T0 : 0x3ed40    : c_addi16sp sp, -48         : IntAlu :  D=0x7ffffffffffffcf0
 441500: system.cpu: T0 : 0x3ed42    : c_addi t1, 16              : IntAlu :  D=0xfffffffffffff010
 442000: system.cpu: T0 : 0x3ed44    : c_sdsp ra, 40(sp)          : MemWrite :  D=0x0000000000022490 A=0x7ffffffffffffd18
 442500: system.cpu: T0 : 0x3ed46    : c_sdsp s0, 32(sp)          : MemWrite :  D=0x0000000000000001 A=0x7ffffffffffffd10
 443000: system.cpu: T0 : 0x3ed48    : c_sdsp s1, 24(sp)          : MemWrite :  D=0x7fffffffffffff28 A=0x7ffffffffffffd08
 443500: system.cpu: T0 : 0x3ed4a    : c_sdsp s2, 16(sp)          : MemWrite :  D=0x0000000000072000 A=0x7ffffffffffffd00
 444000: system.cpu: T0 : 0x3ed4c    : lui a1, 98                 : IntAlu :  D=0x0000000000062000
 444500: system.cpu: T0 : 0x3ed50    : c_add sp, t1               : IntAlu :  D=0x7fffffffffffed00
 445000: system.cpu: T0 : 0x3ed52    : c_lui a5, 1048575          : IntAlu :  D=0xfffffffffffff000
 445500: system.cpu: T0 : 0x3ed54    : addi a7, zero, 78          : IntAlu :  D=0x000000000000004e
 446000: system.cpu: T0 : 0x3ed58    : addi a0, zero, -100        : IntAlu :  D=0xffffffffffffff9c
 446500: system.cpu: T0 : 0x3ed5c    : addi a1, a1, 320           : IntAlu :  D=0x0000000000062140
 447000: system.cpu: T0 : 0x3ed60    : c_mv a2, sp                : IntAlu :  D=0x7fffffffffffed00
 447500: system.cpu: T0 : 0x3ed62    : c_lui a3, 1                : IntAlu :  D=0x0000000000001000
 448000: system.cpu: T0 : 0x3ed64    : ecall                      : No_OpClass : 
 448500: system.cpu: T0 : 0x3ed68    : c_addiw a0, 0              : IntAlu :  D=0xfffffffffffffffe
 449500: system.cpu: T0 : 0x3ed6a    : bltu a5, a0, 84            : IntAlu : 
 450500: system.cpu: T0 : 0x3edbe    : lui a5, 114                : IntAlu :  D=0x0000000000072000
 451500: system.cpu: T0 : 0x3edc2    : ld s1, -448(a5)            : MemRead :  D=0x0000000000000000 A=0x71e40
 452000: system.cpu: T0 : 0x3edc6    : c_beqz s1, 62              : IntAlu : 
 452500: system.cpu: T0 : 0x3ee04    : c_li s0, -1                : IntAlu :  D=0xffffffffffffffff
 453000: system.cpu: T0 : 0x3ee06    : c_lui t1, 1                : IntAlu :  D=0x0000000000001000
 453500: system.cpu: T0 : 0x3ee08    : c_addi t1, -16             : IntAlu :  D=0x0000000000000ff0
 454000: system.cpu: T0 : 0x3ee0a    : c_add sp, t1               : IntAlu :  D=0x7ffffffffffffcf0
 454500: system.cpu: T0 : 0x3ee0c    : c_ldsp ra, 40(sp)          : MemRead :  D=0x0000000000022490 A=0x7ffffffffffffd18
 455000: system.cpu: T0 : 0x3ee0e    : c_mv a0, s0                : IntAlu :  D=0xffffffffffffffff
 455500: system.cpu: T0 : 0x3ee10    : c_ldsp s1, 24(sp)          : MemRead :  D=0x7fffffffffffff28 A=0x7ffffffffffffd08
 456000: system.cpu: T0 : 0x3ee12    : c_ldsp s0, 32(sp)          : MemRead :  D=0x0000000000000001 A=0x7ffffffffffffd10
 456500: system.cpu: T0 : 0x3ee14    : c_ldsp s2, 16(sp)          : MemRead :  D=0x0000000000072000 A=0x7ffffffffffffd00
 457000: system.cpu: T0 : 0x3ee16    : c_addi16sp sp, 48          : IntAlu :  D=0x7ffffffffffffd20
 457500: system.cpu: T0 : 0x3ee18    : c_jr ra                    : IntAlu : 
 458000: system.cpu: T0 : 0x22490    : lui s3, 114                : IntAlu :  D=0x0000000000072000
 458500: system.cpu: T0 : 0x22494    : ld a5, -408(s3)            : MemRead :  D=0x0000000000000006 A=0x71e68
 459000: system.cpu: T0 : 0x22498    : ld a4, -464(s2)            : MemRead :  D=0x0000000000010040 A=0x71e30
 459500: system.cpu: T0 : 0x2249c    : c_mv a3, a0                : IntAlu :  D=0xffffffffffffffff
 460500: system.cpu: T0 : 0x2249e    : lui s4, 112                : IntAlu :  D=0x0000000000070000
 461500: system.cpu: T0 : 0x224a2    : lui a0, 80                 : IntAlu :  D=0x0000000000050000
 462500: system.cpu: T0 : 0x224a6    : addi s1, s4, -416          : IntAlu :  D=0x000000000006fe60
 463500: system.cpu: T0 : 0x224aa    : addi a0, a0, -800          : IntAlu :  D=0x000000000004fce0
 464500: system.cpu: T0 : 0x224ae    : sh a5, 696(s1)             : MemWrite :  D=0x0000000000000006 A=0x70118
 465500: system.cpu: T0 : 0x224b2    : sd a3, 840(s1)             : MemWrite :  D=0xffffffffffffffff A=0x701a8
 466500: system.cpu: T0 : 0x224b6    : sd a4, 680(s1)             : MemWrite :  D=0x0000000000010040 A=0x70108
 467500: system.cpu: T0 : 0x224ba    : jal ra, -56890             : IntAlu :  D=0x00000000000224be
 468000: system.cpu: T0 : 0x14680    : c_addi16sp sp, -64         : IntAlu :  D=0x7ffffffffffffce0
 468500: system.cpu: T0 : 0x14682    : c_sdsp s1, 40(sp)          : MemWrite :  D=0x000000000006fe60 A=0x7ffffffffffffd08
 469000: system.cpu: T0 : 0x14684    : ld s1, -1360(gp)           : MemRead :  D=0x7fffffffffffff38 A=0x70ad8
 469500: system.cpu: T0 : 0x14688    : c_sdsp ra, 56(sp)          : MemWrite :  D=0x00000000000224be A=0x7ffffffffffffd18
 470000: system.cpu: T0 : 0x1468a    : c_sdsp s0, 48(sp)          : MemWrite :  D=0x0000000000000001 A=0x7ffffffffffffd10
 470500: system.cpu: T0 : 0x1468c    : c_sdsp s2, 32(sp)          : MemWrite :  D=0x0000000000072000 A=0x7ffffffffffffd00
 471000: system.cpu: T0 : 0x1468e    : c_sdsp s3, 24(sp)          : MemWrite :  D=0x0000000000072000 A=0x7ffffffffffffcf8
 471500: system.cpu: T0 : 0x14690    : c_sdsp s4, 16(sp)          : MemWrite :  D=0x0000000000070000 A=0x7ffffffffffffcf0
 472000: system.cpu: T0 : 0x14692    : c_sdsp s5, 8(sp)           : MemWrite :  D=0x0000000000000000 A=0x7ffffffffffffce8
 472500: system.cpu: T0 : 0x14694    : c_sdsp s6, 0(sp)           : MemWrite :  D=0x0000000000000000 A=0x7ffffffffffffce0
 473000: system.cpu: T0 : 0x14696    : c_beqz s1, 210             : IntAlu : 
 473500: system.cpu: T0 : 0x14698    : lbu a5, 0(a0)              : MemRead :  D=0x000000000000004c A=0x4fce0
 474000: system.cpu: T0 : 0x1469c    : c_mv s4, a0                : IntAlu :  D=0x000000000004fce0
 474500: system.cpu: T0 : 0x1469e    : c_beqz a5, 202             : IntAlu : 
 475000: system.cpu: T0 : 0x146a0    : lbu s5, 1(a0)              : MemRead :  D=0x0000000000000044 A=0x4fce1
 475500: system.cpu: T0 : 0x146a4    : slliw s2, a5, 16           : IntAlu :  D=0x00000000004c0000
 476000: system.cpu: T0 : 0x146a8    : c_ld s0, 0(s1)             : MemRead :  D=0x0000000000000000 A=0x7fffffffffffff38
 477000: system.cpu: T0 : 0x146aa    : sraiw s2, s2, 16           : IntAlu :  D=0x000000000000004c
 478000: system.cpu: T0 : 0x146ae    : bne s5, zero, 86           : IntAlu : 
 478500: system.cpu: T0 : 0x14704    : jal ra, 42488              : IntAlu :  D=0x0000000000014708
 479000: system.cpu: T0 : 0x1ecfc    : andi a5, a0, 7             : IntAlu :  D=0x0000000000000000
 479500: system.cpu: T0 : 0x1ed00    : c_beqz a5, 26              : IntAlu : 
 480000: system.cpu: T0 : 0x1ed1a    : c_mv a5, a0                : IntAlu :  D=0x000000000004fce0
 480500: system.cpu: T0 : 0x1ed1c    : ld a6, -2024(gp)           : MemRead :  D=0xfefefefefefefeff A=0x70840
 481000: system.cpu: T0 : 0x1ed20    : ld a1, -2016(gp)           : MemRead :  D=0x8080808080808080 A=0x70848
 481500: system.cpu: T0 : 0x1ed24    : c_ld a2, 0(a5)             : MemRead :  D=0x004e5241575f444c A=0x4fce0
 482500: system.cpu: T0 : 0x1ed26    : addi a3, a5, 8             : IntAlu :  D=0x000000000004fce8
 483500: system.cpu: T0 : 0x1ed2a    : add a4, a2, a6             : IntAlu :  D=0xff4d5140565e434b
 484500: system.cpu: T0 : 0x1ed2e    : xori a2, a2, 18446744073709551615 : IntAlu :  D=0xffb1adbea8a0bbb3
 485000: system.cpu: T0 : 0x1ed32    : c_and a4, a2               : IntAlu :  D=0xff01010000000303
 485500: system.cpu: T0 : 0x1ed34    : c_and a4, a1               : IntAlu :  D=0x8000000000000000
 486000: system.cpu: T0 : 0x1ed36    : c_beqz a4, 50              : IntAlu : 
 486500: system.cpu: T0 : 0x1ed38    : lbu a4, -8(a3)             : MemRead :  D=0x000000000000004c A=0x4fce0
 487000: system.cpu: T0 : 0x1ed3c    : c_beqz a4, -40             : IntAlu : 
 488000: system.cpu: T0 : 0x1ed3e    : lbu a4, -7(a3)             : MemRead :  D=0x0000000000000044 A=0x4fce1
 488500: system.cpu: T0 : 0x1ed42    : c_beqz a4, 50              : IntAlu : 
 489000: system.cpu: T0 : 0x1ed44    : lbu a4, -6(a3)             : MemRead :  D=0x000000000000005f A=0x4fce2
 489500: system.cpu: T0 : 0x1ed48    : c_beqz a4, 52              : IntAlu : 
 490500: system.cpu: T0 : 0x1ed4a    : lbu a4, -5(a3)             : MemRead :  D=0x0000000000000057 A=0x4fce3
 491000: system.cpu: T0 : 0x1ed4e    : c_beqz a4, 54              : IntAlu : 
 491500: system.cpu: T0 : 0x1ed50    : lbu a4, -4(a3)             : MemRead :  D=0x0000000000000041 A=0x4fce4
 492000: system.cpu: T0 : 0x1ed54    : c_beqz a4, 56              : IntAlu : 
 493000: system.cpu: T0 : 0x1ed56    : lbu a4, -3(a3)             : MemRead :  D=0x0000000000000052 A=0x4fce5
 493500: system.cpu: T0 : 0x1ed5a    : c_beqz a4, 58              : IntAlu : 
 494000: system.cpu: T0 : 0x1ed5c    : lbu a4, -2(a3)             : MemRead :  D=0x000000000000004e A=0x4fce6
 494500: system.cpu: T0 : 0x1ed60    : c_beqz a4, 60              : IntAlu : 
 495500: system.cpu: T0 : 0x1ed62    : lbu a4, -1(a3)             : MemRead :  D=0x0000000000000000 A=0x4fce7
 496000: system.cpu: T0 : 0x1ed66    : c_beqz a4, 6               : IntAlu : 
 496500: system.cpu: T0 : 0x1ed6c    : c_sub a5, a0               : IntAlu :  D=0x0000000000000000
 497500: system.cpu: T0 : 0x1ed6e    : addi a0, a5, 7             : IntAlu :  D=0x0000000000000007
 498000: system.cpu: T0 : 0x1ed72    : c_jr ra                    : IntAlu : 
 498500: system.cpu: T0 : 0x14708    : slli a5, s5, 8             : IntAlu :  D=0x0000000000004400
 499000: system.cpu: T0 : 0x1470c    : or a5, s2, a5              : IntAlu :  D=0x000000000000444c
 499500: system.cpu: T0 : 0x14710    : slliw s2, a5, 16           : IntAlu :  D=0x00000000444c0000
 500000: system.cpu: T0 : 0x14714    : c_mv s3, a0                : IntAlu :  D=0x0000000000000007
 501000: system.cpu: T0 : 0x14716    : sraiw s2, s2, 16           : IntAlu :  D=0x000000000000444c
 502000: system.cpu: T0 : 0x1471a    : addi s5, a0, -2            : IntAlu :  D=0x0000000000000005
 502500: system.cpu: T0 : 0x1471e    : c_addi s4, 2               : IntAlu :  D=0x000000000004fce2
 503000: system.cpu: T0 : 0x14720    : c_beqz s0, -50             : IntAlu : 
 503500: system.cpu: T0 : 0x146ee    : c_ldsp ra, 56(sp)          : MemRead :  D=0x00000000000224be A=0x7ffffffffffffd18
 504000: system.cpu: T0 : 0x146f0    : c_mv a0, s0                : IntAlu :  D=0x0000000000000000
 504500: system.cpu: T0 : 0x146f2    : c_ldsp s0, 48(sp)          : MemRead :  D=0x0000000000000001 A=0x7ffffffffffffd10
 505000: system.cpu: T0 : 0x146f4    : c_ldsp s1, 40(sp)          : MemRead :  D=0x000000000006fe60 A=0x7ffffffffffffd08
 505500: system.cpu: T0 : 0x146f6    : c_ldsp s2, 32(sp)          : MemRead :  D=0x0000000000072000 A=0x7ffffffffffffd00
 506000: system.cpu: T0 : 0x146f8    : c_ldsp s3, 24(sp)          : MemRead :  D=0x0000000000072000 A=0x7ffffffffffffcf8
 506500: system.cpu: T0 : 0x146fa    : c_ldsp s4, 16(sp)          : MemRead :  D=0x0000000000070000 A=0x7ffffffffffffcf0
 507000: system.cpu: T0 : 0x146fc    : c_ldsp s5, 8(sp)           : MemRead :  D=0x0000000000000000 A=0x7ffffffffffffce8
 507500: system.cpu: T0 : 0x146fe    : c_ldsp s6, 0(sp)           : MemRead :  D=0x0000000000000000 A=0x7ffffffffffffce0
 508000: system.cpu: T0 : 0x14700    : c_addi16sp sp, 64          : IntAlu :  D=0x7ffffffffffffd20
 508500: system.cpu: T0 : 0x14702    : c_jr ra                    : IntAlu : 
 509000: system.cpu: T0 : 0x224be    : c_li a5, 0                 : IntAlu :  D=0x0000000000000000
 509500: system.cpu: T0 : 0x224c0    : c_beqz a0, 10              : IntAlu : 
 510500: system.cpu: T0 : 0x224ca    : lui s5, 114                : IntAlu :  D=0x0000000000072000
 511500: system.cpu: T0 : 0x224ce    : ld a4, -432(s5)            : MemRead :  D=0x0000000000000000 A=0x71e50
 512500: system.cpu: T0 : 0x224d2    : lui a3, 114                : IntAlu :  D=0x0000000000072000
 513500: system.cpu: T0 : 0x224d6    : sw a5, -416(a3)            : MemWrite :  D=0x0000000000000000 A=0x71e60
 514500: system.cpu: T0 : 0x224da    : beq a4, zero, 1518         : IntAlu : 
 515000: system.cpu: T0 : 0x22ac8    : lui s6, 114                : IntAlu :  D=0x0000000000072000
 515500: system.cpu: T0 : 0x22acc    : ld s0, -480(s6)            : MemRead :  D=0x0000000000000000 A=0x71e20
 516000: system.cpu: T0 : 0x22ad0    : bne s0, zero, -1062        : IntAlu : 
 516500: system.cpu: T0 : 0x22ad4    : lui s0, 111                : IntAlu :  D=0x000000000006f000
 517000: system.cpu: T0 : 0x22ad8    : addi s0, s0, -128          : IntAlu :  D=0x000000000006ef80
 517500: system.cpu: T0 : 0x22adc    : sd zero, 8(s0)             : MemWrite :  D=0x0000000000000000 A=0x6ef88
 518000: system.cpu: T0 : 0x22ae0    : sd zero, 16(s0)            : MemWrite :  D=0x0000000000000000 A=0x6ef90
 518500: system.cpu: T0 : 0x22ae4    : sd zero, 24(s0)            : MemWrite :  D=0x0000000000000000 A=0x6ef98
 519000: system.cpu: T0 : 0x22ae8    : c_li a5, 0                 : IntAlu :  D=0x0000000000000000
 519500: system.cpu: T0 : 0x22aea    : c_j -678                   : IntAlu : 
 520000: system.cpu: T0 : 0x22844    : lui a0, 80                 : IntAlu :  D=0x0000000000050000
 520500: system.cpu: T0 : 0x22848    : addi a0, a0, -448          : IntAlu :  D=0x000000000004fe40
 521000: system.cpu: T0 : 0x2284c    : c_sd a5, 32(s0)            : MemWrite :  D=0x0000000000000000 A=0x6efa0
 522000: system.cpu: T0 : 0x2284e    : jal ra, -57806             : IntAlu :  D=0x0000000000022852
 522500: system.cpu: T0 : 0x14680    : c_addi16sp sp, -64         : IntAlu :  D=0x7ffffffffffffce0
 523000: system.cpu: T0 : 0x14682    : c_sdsp s1, 40(sp)          : MemWrite :  D=0x000000000006fe60 A=0x7ffffffffffffd08
 523500: system.cpu: T0 : 0x14684    : ld s1, -1360(gp)           : MemRead :  D=0x7fffffffffffff38 A=0x70ad8
 524000: system.cpu: T0 : 0x14688    : c_sdsp ra, 56(sp)          : MemWrite :  D=0x0000000000022852 A=0x7ffffffffffffd18
 524500: system.cpu: T0 : 0x1468a    : c_sdsp s0, 48(sp)          : MemWrite :  D=0x000000000006ef80 A=0x7ffffffffffffd10
 525000: system.cpu: T0 : 0x1468c    : c_sdsp s2, 32(sp)          : MemWrite :  D=0x0000000000072000 A=0x7ffffffffffffd00
 525500: system.cpu: T0 : 0x1468e    : c_sdsp s3, 24(sp)          : MemWrite :  D=0x0000000000072000 A=0x7ffffffffffffcf8
 526000: system.cpu: T0 : 0x14690    : c_sdsp s4, 16(sp)          : MemWrite :  D=0x0000000000070000 A=0x7ffffffffffffcf0
 526500: system.cpu: T0 : 0x14692    : c_sdsp s5, 8(sp)           : MemWrite :  D=0x0000000000072000 A=0x7ffffffffffffce8
 527000: system.cpu: T0 : 0x14694    : c_sdsp s6, 0(sp)           : MemWrite :  D=0x0000000000072000 A=0x7ffffffffffffce0
 527500: system.cpu: T0 : 0x14696    : c_beqz s1, 210             : IntAlu : 
 528000: system.cpu: T0 : 0x14698    : lbu a5, 0(a0)              : MemRead :  D=0x000000000000004c A=0x4fe40
 528500: system.cpu: T0 : 0x1469c    : c_mv s4, a0                : IntAlu :  D=0x000000000004fe40
 529000: system.cpu: T0 : 0x1469e    : c_beqz a5, 202             : IntAlu : 
 529500: system.cpu: T0 : 0x146a0    : lbu s5, 1(a0)              : MemRead :  D=0x0000000000000044 A=0x4fe41
 530000: system.cpu: T0 : 0x146a4    : slliw s2, a5, 16           : IntAlu :  D=0x00000000004c0000
 530500: system.cpu: T0 : 0x146a8    : c_ld s0, 0(s1)             : MemRead :  D=0x0000000000000000 A=0x7fffffffffffff38
 531500: system.cpu: T0 : 0x146aa    : sraiw s2, s2, 16           : IntAlu :  D=0x000000000000004c
 532500: system.cpu: T0 : 0x146ae    : bne s5, zero, 86           : IntAlu : 
 533000: system.cpu: T0 : 0x14704    : jal ra, 42488              : IntAlu :  D=0x0000000000014708
 533500: system.cpu: T0 : 0x1ecfc    : andi a5, a0, 7             : IntAlu :  D=0x0000000000000000
 534000: system.cpu: T0 : 0x1ed00    : c_beqz a5, 26              : IntAlu : 
 534500: system.cpu: T0 : 0x1ed1a    : c_mv a5, a0                : IntAlu :  D=0x000000000004fe40
 535000: system.cpu: T0 : 0x1ed1c    : ld a6, -2024(gp)           : MemRead :  D=0xfefefefefefefeff A=0x70840
 535500: system.cpu: T0 : 0x1ed20    : ld a1, -2016(gp)           : MemRead :  D=0x8080808080808080 A=0x70848
 536000: system.cpu: T0 : 0x1ed24    : c_ld a2, 0(a5)             : MemRead :  D=0x415242494c5f444c A=0x4fe40
 537000: system.cpu: T0 : 0x1ed26    : addi a3, a5, 8             : IntAlu :  D=0x000000000004fe48
 538000: system.cpu: T0 : 0x1ed2a    : add a4, a2, a6             : IntAlu :  D=0x405141484b5e434b
 539000: system.cpu: T0 : 0x1ed2e    : xori a2, a2, 18446744073709551615 : IntAlu :  D=0xbeadbdb6b3a0bbb3
 539500: system.cpu: T0 : 0x1ed32    : c_and a4, a2               : IntAlu :  D=0x0001010003000303
 540000: system.cpu: T0 : 0x1ed34    : c_and a4, a1               : IntAlu :  D=0x0000000000000000
 540500: system.cpu: T0 : 0x1ed36    : c_beqz a4, 50              : IntAlu : 
 541000: system.cpu: T0 : 0x1ed68    : c_mv a5, a3                : IntAlu :  D=0x000000000004fe48
 541500: system.cpu: T0 : 0x1ed6a    : c_j -70                    : IntAlu : 
 542000: system.cpu: T0 : 0x1ed24    : c_ld a2, 0(a5)             : MemRead :  D=0x00485441505f5952 A=0x4fe48
 543000: system.cpu: T0 : 0x1ed26    : addi a3, a5, 8             : IntAlu :  D=0x000000000004fe50
 544000: system.cpu: T0 : 0x1ed2a    : add a4, a2, a6             : IntAlu :  D=0xff4753404f5e5851
 545000: system.cpu: T0 : 0x1ed2e    : xori a2, a2, 18446744073709551615 : IntAlu :  D=0xffb7abbeafa0a6ad
 545500: system.cpu: T0 : 0x1ed32    : c_and a4, a2               : IntAlu :  D=0xff0703000f000001
 546000: system.cpu: T0 : 0x1ed34    : c_and a4, a1               : IntAlu :  D=0x8000000000000000
 546500: system.cpu: T0 : 0x1ed36    : c_beqz a4, 50              : IntAlu : 
 547000: system.cpu: T0 : 0x1ed38    : lbu a4, -8(a3)             : MemRead :  D=0x0000000000000052 A=0x4fe48
 547500: system.cpu: T0 : 0x1ed3c    : c_beqz a4, -40             : IntAlu : 
 548500: system.cpu: T0 : 0x1ed3e    : lbu a4, -7(a3)             : MemRead :  D=0x0000000000000059 A=0x4fe49
 549000: system.cpu: T0 : 0x1ed42    : c_beqz a4, 50              : IntAlu : 
 549500: system.cpu: T0 : 0x1ed44    : lbu a4, -6(a3)             : MemRead :  D=0x000000000000005f A=0x4fe4a
 550000: system.cpu: T0 : 0x1ed48    : c_beqz a4, 52              : IntAlu : 
 551000: system.cpu: T0 : 0x1ed4a    : lbu a4, -5(a3)             : MemRead :  D=0x0000000000000050 A=0x4fe4b
 551500: system.cpu: T0 : 0x1ed4e    : c_beqz a4, 54              : IntAlu : 
 552000: system.cpu: T0 : 0x1ed50    : lbu a4, -4(a3)             : MemRead :  D=0x0000000000000041 A=0x4fe4c
 552500: system.cpu: T0 : 0x1ed54    : c_beqz a4, 56              : IntAlu : 
 553500: system.cpu: T0 : 0x1ed56    : lbu a4, -3(a3)             : MemRead :  D=0x0000000000000054 A=0x4fe4d
 554000: system.cpu: T0 : 0x1ed5a    : c_beqz a4, 58              : IntAlu : 
 554500: system.cpu: T0 : 0x1ed5c    : lbu a4, -2(a3)             : MemRead :  D=0x0000000000000048 A=0x4fe4e
 555000: system.cpu: T0 : 0x1ed60    : c_beqz a4, 60              : IntAlu : 
 556000: system.cpu: T0 : 0x1ed62    : lbu a4, -1(a3)             : MemRead :  D=0x0000000000000000 A=0x4fe4f
 556500: system.cpu: T0 : 0x1ed66    : c_beqz a4, 6               : IntAlu : 
 557000: system.cpu: T0 : 0x1ed6c    : c_sub a5, a0               : IntAlu :  D=0x0000000000000008
 558000: system.cpu: T0 : 0x1ed6e    : addi a0, a5, 7             : IntAlu :  D=0x000000000000000f
 558500: system.cpu: T0 : 0x1ed72    : c_jr ra                    : IntAlu : 
 559000: system.cpu: T0 : 0x14708    : slli a5, s5, 8             : IntAlu :  D=0x0000000000004400
 559500: system.cpu: T0 : 0x1470c    : or a5, s2, a5              : IntAlu :  D=0x000000000000444c
 560000: system.cpu: T0 : 0x14710    : slliw s2, a5, 16           : IntAlu :  D=0x00000000444c0000
 560500: system.cpu: T0 : 0x14714    : c_mv s3, a0                : IntAlu :  D=0x000000000000000f
 561500: system.cpu: T0 : 0x14716    : sraiw s2, s2, 16           : IntAlu :  D=0x000000000000444c
 562500: system.cpu: T0 : 0x1471a    : addi s5, a0, -2            : IntAlu :  D=0x000000000000000d
 563000: system.cpu: T0 : 0x1471e    : c_addi s4, 2               : IntAlu :  D=0x000000000004fe42
 563500: system.cpu: T0 : 0x14720    : c_beqz s0, -50             : IntAlu : 
 564000: system.cpu: T0 : 0x146ee    : c_ldsp ra, 56(sp)          : MemRead :  D=0x0000000000022852 A=0x7ffffffffffffd18
 564500: system.cpu: T0 : 0x146f0    : c_mv a0, s0                : IntAlu :  D=0x0000000000000000
 565000: system.cpu: T0 : 0x146f2    : c_ldsp s0, 48(sp)          : MemRead :  D=0x000000000006ef80 A=0x7ffffffffffffd10
 565500: system.cpu: T0 : 0x146f4    : c_ldsp s1, 40(sp)          : MemRead :  D=0x000000000006fe60 A=0x7ffffffffffffd08
 566000: system.cpu: T0 : 0x146f6    : c_ldsp s2, 32(sp)          : MemRead :  D=0x0000000000072000 A=0x7ffffffffffffd00
 566500: system.cpu: T0 : 0x146f8    : c_ldsp s3, 24(sp)          : MemRead :  D=0x0000000000072000 A=0x7ffffffffffffcf8
 567000: system.cpu: T0 : 0x146fa    : c_ldsp s4, 16(sp)          : MemRead :  D=0x0000000000070000 A=0x7ffffffffffffcf0
 567500: system.cpu: T0 : 0x146fc    : c_ldsp s5, 8(sp)           : MemRead :  D=0x0000000000072000 A=0x7ffffffffffffce8
 568000: system.cpu: T0 : 0x146fe    : c_ldsp s6, 0(sp)           : MemRead :  D=0x0000000000072000 A=0x7ffffffffffffce0
 568500: system.cpu: T0 : 0x14700    : c_addi16sp sp, 64          : IntAlu :  D=0x7ffffffffffffd20
 569000: system.cpu: T0 : 0x14702    : c_jr ra                    : IntAlu : 
 570000: system.cpu: T0 : 0x22852    : jal ra, 99838              : IntAlu :  D=0x0000000000022856
 570500: system.cpu: T0 : 0x3ae50    : c_addi16sp sp, -64         : IntAlu :  D=0x7ffffffffffffce0
 571000: system.cpu: T0 : 0x3ae52    : c_sdsp ra, 56(sp)          : MemWrite :  D=0x0000000000022856 A=0x7ffffffffffffd18
 571500: system.cpu: T0 : 0x3ae54    : c_sdsp s0, 48(sp)          : MemWrite :  D=0x000000000006ef80 A=0x7ffffffffffffd10
 572000: system.cpu: T0 : 0x3ae56    : c_sdsp s2, 32(sp)          : MemWrite :  D=0x0000000000072000 A=0x7ffffffffffffd00
 572500: system.cpu: T0 : 0x3ae58    : c_sdsp s3, 24(sp)          : MemWrite :  D=0x0000000000072000 A=0x7ffffffffffffcf8
 573000: system.cpu: T0 : 0x3ae5a    : c_addi4spn s0, sp, 64      : IntAlu :  D=0x7ffffffffffffd20
 573500: system.cpu: T0 : 0x3ae5c    : c_sdsp s1, 40(sp)          : MemWrite :  D=0x000000000006fe60 A=0x7ffffffffffffd08
 574000: system.cpu: T0 : 0x3ae5e    : c_sdsp s4, 16(sp)          : MemWrite :  D=0x0000000000070000 A=0x7ffffffffffffcf0
 574500: system.cpu: T0 : 0x3ae60    : c_sdsp s5, 8(sp)           : MemWrite :  D=0x0000000000072000 A=0x7ffffffffffffce8
 575500: system.cpu: T0 : 0x3ae62    : lui a5, 114                : IntAlu :  D=0x0000000000072000
 576500: system.cpu: T0 : 0x3ae66    : ld a1, -544(a5)            : MemRead :  D=0x0000000000000000 A=0x71de0
 577500: system.cpu: T0 : 0x3ae6a    : lui a5, 114                : IntAlu :  D=0x0000000000072000
 578000: system.cpu: T0 : 0x3ae6e    : c_mv s2, a0                : IntAlu :  D=0x0000000000000000
 578500: system.cpu: T0 : 0x3ae70    : lui s3, 111                : IntAlu :  D=0x000000000006f000
 579000: system.cpu: T0 : 0x3ae74    : ld a0, -496(a5)            : MemRead :  D=0x0000000000000000 A=0x71e10
 579500: system.cpu: T0 : 0x3ae78    : addi s3, s3, -64           : IntAlu :  D=0x000000000006efc0
 580000: system.cpu: T0 : 0x3ae7c    : addi a3, s3, 8             : IntAlu :  D=0x000000000006efc8
 580500: system.cpu: T0 : 0x3ae80    : addi a2, s3, 16            : IntAlu :  D=0x000000000006efd0
 581000: system.cpu: T0 : 0x3ae84    : jal ra, 9754               : IntAlu :  D=0x000000000003ae88
 581500: system.cpu: T0 : 0x3d49e    : c_addi16sp sp, -192        : IntAlu :  D=0x7ffffffffffffc20
 582000: system.cpu: T0 : 0x3d4a0    : c_sdsp s0, 176(sp)         : MemWrite :  D=0x7ffffffffffffd20 A=0x7ffffffffffffcd0
 582500: system.cpu: T0 : 0x3d4a2    : c_sdsp s3, 152(sp)         : MemWrite :  D=0x000000000006efc0 A=0x7ffffffffffffcb8
 583000: system.cpu: T0 : 0x3d4a4    : c_addi4spn s0, sp, 192     : IntAlu :  D=0x7ffffffffffffce0
 583500: system.cpu: T0 : 0x3d4a6    : c_sdsp s4, 144(sp)         : MemWrite :  D=0x0000000000070000 A=0x7ffffffffffffcb0
 584000: system.cpu: T0 : 0x3d4a8    : c_sdsp s9, 104(sp)         : MemWrite :  D=0x0000000000000000 A=0x7ffffffffffffc88
 584500: system.cpu: T0 : 0x3d4aa    : c_sdsp s11, 88(sp)         : MemWrite :  D=0x0000000000000000 A=0x7ffffffffffffc78
 585000: system.cpu: T0 : 0x3d4ac    : c_sdsp ra, 184(sp)         : MemWrite :  D=0x000000000003ae88 A=0x7ffffffffffffcd8
 585500: system.cpu: T0 : 0x3d4ae    : c_sdsp s1, 168(sp)         : MemWrite :  D=0x000000000006fe60 A=0x7ffffffffffffcc8
 586000: system.cpu: T0 : 0x3d4b0    : c_sdsp s2, 160(sp)         : MemWrite :  D=0x0000000000000000 A=0x7ffffffffffffcc0
 586500: system.cpu: T0 : 0x3d4b2    : c_sdsp s5, 136(sp)         : MemWrite :  D=0x0000000000072000 A=0x7ffffffffffffca8
 587000: system.cpu: T0 : 0x3d4b4    : c_sdsp s6, 128(sp)         : MemWrite :  D=0x0000000000072000 A=0x7ffffffffffffca0
 587500: system.cpu: T0 : 0x3d4b6    : c_sdsp s7, 120(sp)         : MemWrite :  D=0x0000000000000000 A=0x7ffffffffffffc98
 588000: system.cpu: T0 : 0x3d4b8    : c_sdsp s8, 112(sp)         : MemWrite :  D=0x0000000000000000 A=0x7ffffffffffffc90
 588500: system.cpu: T0 : 0x3d4ba    : c_sdsp s10, 96(sp)         : MemWrite :  D=0x0000000000000000 A=0x7ffffffffffffc80
 589000: system.cpu: T0 : 0x3d4bc    : c_mv a5, a2                : IntAlu :  D=0x000000000006efd0
 589500: system.cpu: T0 : 0x3d4be    : c_mv a4, a1                : IntAlu :  D=0x0000000000000000
 590000: system.cpu: T0 : 0x3d4c0    : c_mv s4, a0                : IntAlu :  D=0x0000000000000000
 590500: system.cpu: T0 : 0x3d4c2    : c_li a2, 0                 : IntAlu :  D=0x0000000000000000
 591000: system.cpu: T0 : 0x3d4c4    : addi a1, s0, -120          : IntAlu :  D=0x7ffffffffffffc68
 591500: system.cpu: T0 : 0x3d4c8    : c_li a0, 8                 : IntAlu :  D=0x0000000000000008
 592500: system.cpu: T0 : 0x3d4ca    : sd a5, -136(s0)            : MemWrite :  D=0x000000000006efd0 A=0x7ffffffffffffc58
 593500: system.cpu: T0 : 0x3d4ce    : sd a3, -160(s0)            : MemWrite :  D=0x000000000006efc8 A=0x7ffffffffffffc40
 594500: system.cpu: T0 : 0x3d4d2    : sd a4, -144(s0)            : MemWrite :  D=0x0000000000000000 A=0x7ffffffffffffc50
 595500: system.cpu: T0 : 0x3d4d6    : jal ra, -111428            : IntAlu :  D=0x000000000003d4da
 596000: system.cpu: T0 : 0x22192    : c_slli a0, 32              : IntAlu :  D=0x0000000800000000
 596500: system.cpu: T0 : 0x22194    : c_srli a0, 32              : IntAlu :  D=0x0000000000000008
 597500: system.cpu: T0 : 0x22196    : slli a5, a0, 3             : IntAlu :  D=0x0000000000000040
 598000: system.cpu: T0 : 0x2219a    : c_sub a5, a0               : IntAlu :  D=0x0000000000000038
 598500: system.cpu: T0 : 0x2219c    : lui a4, 111                : IntAlu :  D=0x000000000006f000
 599000: system.cpu: T0 : 0x221a0    : addi a4, a4, -1248         : IntAlu :  D=0x000000000006eb20
 599500: system.cpu: T0 : 0x221a4    : c_slli a5, 3               : IntAlu :  D=0x00000000000001c0
 600000: system.cpu: T0 : 0x221a6    : c_add a5, a4               : IntAlu :  D=0x000000000006ece0
 600500: system.cpu: T0 : 0x221a8    : c_lw a3, 8(a5)             : MemRead :  D=0x0000000000000001 A=0x6ece8
 601000: system.cpu: T0 : 0x221aa    : c_li a6, 2                 : IntAlu :  D=0x0000000000000002
 601500: system.cpu: T0 : 0x221ac    : c_ld a5, 32(a5)            : MemRead :  D=0x0000000000000000 A=0x6ed00
 602500: system.cpu: T0 : 0x221ae    : bltu a6, a3, 42            : IntAlu : 
 603000: system.cpu: T0 : 0x221b2    : c_bnez a3, 38              : IntAlu : 
 603500: system.cpu: T0 : 0x221d8    : c_sd a5, 0(a1)             : MemWrite :  D=0x0000000000000000 A=0x7ffffffffffffc68
 604000: system.cpu: T0 : 0x221da    : c_j -36                    : IntAlu : 
 605000: system.cpu: T0 : 0x221b6    : slli a5, a0, 3             : IntAlu :  D=0x0000000000000040
 605500: system.cpu: T0 : 0x221ba    : c_sub a5, a0               : IntAlu :  D=0x0000000000000038
 606000: system.cpu: T0 : 0x221bc    : c_slli a5, 3               : IntAlu :  D=0x00000000000001c0
 607000: system.cpu: T0 : 0x221be    : add a3, a4, a5             : IntAlu :  D=0x000000000006ece0
 608000: system.cpu: T0 : 0x221c2    : lbu a3, 40(a3)             : MemRead :  D=0x0000000000000000 A=0x6ed08
 608500: system.cpu: T0 : 0x221c6    : c_beqz a3, 16              : IntAlu : 
 609000: system.cpu: T0 : 0x221d6    : c_jr ra                    : IntAlu : 
 610000: system.cpu: T0 : 0x3d4da    : ld s11, -120(s0)           : MemRead :  D=0x0000000000000000 A=0x7ffffffffffffc68
 611000: system.cpu: T0 : 0x3d4de    : ld s9, -1328(gp)           : MemRead :  D=0x0000000000000000 A=0x70af8
 612000: system.cpu: T0 : 0x3d4e2    : sltu a3, zero, s4          : IntAlu :  D=0x0000000000000000
 613000: system.cpu: T0 : 0x3d4e6    : and s3, s9, s11            : IntAlu :  D=0x0000000000000000
 614000: system.cpu: T0 : 0x3d4ea    : beq s3, zero, 1250         : IntAlu : 
 614500: system.cpu: T0 : 0x3d9cc    : addi s2, a3, 1             : IntAlu :  D=0x0000000000000001
 615000: system.cpu: T0 : 0x3d9d0    : c_j -1210                  : IntAlu : 
 616000: system.cpu: T0 : 0x3d516    : lui a5, 114                : IntAlu :  D=0x0000000000072000
 617000: system.cpu: T0 : 0x3d51a    : ld s5, -480(a5)            : MemRead :  D=0x0000000000000000 A=0x71e20
 618000: system.cpu: T0 : 0x3d51e    : beq s5, zero, 444          : IntAlu : 
 619000: system.cpu: T0 : 0x3d6da    : slli a5, s2, 4             : IntAlu :  D=0x0000000000000010
 620000: system.cpu: T0 : 0x3d6de    : sub sp, sp, a5             : IntAlu :  D=0x7ffffffffffffc10
 620500: system.cpu: T0 : 0x3d6e2    : c_mv a3, sp                : IntAlu :  D=0x7ffffffffffffc10
 621000: system.cpu: T0 : 0x3d6e4    : c_mv s1, a3                : IntAlu :  D=0x7ffffffffffffc10
 621500: system.cpu: T0 : 0x3d6e6    : c_li a1, 1                 : IntAlu :  D=0x0000000000000001
 622000: system.cpu: T0 : 0x3d6e8    : c_li s9, 0                 : IntAlu :  D=0x0000000000000000
 623000: system.cpu: T0 : 0x3d6ea    : bne s3, zero, -118         : IntAlu : 
 624000: system.cpu: T0 : 0x3d6ee    : beq s4, zero, 24           : IntAlu : 
 625000: system.cpu: T0 : 0x3d706    : lui a5, 98                 : IntAlu :  D=0x0000000000062000
 626000: system.cpu: T0 : 0x3d70a    : addi a5, a5, -720          : IntAlu :  D=0x0000000000061d30
 626500: system.cpu: T0 : 0x3d70e    : c_sd a5, 0(a3)             : MemWrite :  D=0x0000000000061d30 A=0x7ffffffffffffc10
 627000: system.cpu: T0 : 0x3d710    : c_li a5, 3                 : IntAlu :  D=0x0000000000000003
 627500: system.cpu: T0 : 0x3d712    : c_sd a5, 8(a3)             : MemWrite :  D=0x0000000000000003 A=0x7ffffffffffffc18
 628000: system.cpu: T0 : 0x3d714    : bne s2, a1, 706            : IntAlu : 
 628500: system.cpu: T0 : 0x3d718    : c_li a5, 1                 : IntAlu :  D=0x0000000000000001
 629500: system.cpu: T0 : 0x3d71a    : ld s9, 8(s1)               : MemRead :  D=0x0000000000000003 A=0x7ffffffffffffc18
 630500: system.cpu: T0 : 0x3d71e    : beq s2, a5, 542            : IntAlu : 
 631000: system.cpu: T0 : 0x3d93c    : ld a5, -136(s0)            : MemRead :  D=0x000000000006efd0 A=0x7ffffffffffffc58
 631500: system.cpu: T0 : 0x3d940    : c_li s2, 2                 : IntAlu :  D=0x0000000000000002
 632500: system.cpu: T0 : 0x3d942    : addi a0, s9, 33            : IntAlu :  D=0x0000000000000024
 633500: system.cpu: T0 : 0x3d946    : sd s2, 0(a5)               : MemWrite :  D=0x0000000000000002 A=0x6efd0
 634500: system.cpu: T0 : 0x3d94a    : jal ra, -131280            : IntAlu :  D=0x000000000003d94e
 635500: system.cpu: T0 : 0x1d87a    : ld t1, -1848(gp)           : MemRead :  D=0x000000000001da78 A=0x708f0
 636500: system.cpu: T0 : 0x1d87e    : bne t1, zero, 260          : IntAlu : 
 637000: system.cpu: T0 : 0x1d982    : c_mv a1, ra                : IntAlu :  D=0x000000000003d94e
 637500: system.cpu: T0 : 0x1d984    : c_jr t1                    : IntAlu : 
 638000: system.cpu: T0 : 0x1da78    : lw a5, -1876(gp)           : MemRead :  D=0xffffffffffffffff A=0x708d4
 638500: system.cpu: T0 : 0x1da7c    : sd zero, -1848(gp)         : MemWrite :  D=0x0000000000000000 A=0x708f0
 639000: system.cpu: T0 : 0x1da80    : blt a5, zero, 6            : IntAlu : 
 639500: system.cpu: T0 : 0x1da86    : c_addi sp, -32             : IntAlu :  D=0x7ffffffffffffbf0
 640000: system.cpu: T0 : 0x1da88    : c_sdsp ra, 24(sp)          : MemWrite :  D=0x000000000003d94e A=0x7ffffffffffffc08
 640500: system.cpu: T0 : 0x1da8a    : c_sdsp a0, 8(sp)           : MemWrite :  D=0x0000000000000024 A=0x7ffffffffffffbf8
 641000: system.cpu: T0 : 0x1da8c    : jal ra, -11948             : IntAlu :  D=0x000000000001da90
 641500: system.cpu: T0 : 0x1abe0    : c_addi16sp sp, -48         : IntAlu :  D=0x7ffffffffffffbc0
 642000: system.cpu: T0 : 0x1abe2    : c_sdsp s1, 24(sp)          : MemWrite :  D=0x7ffffffffffffc10 A=0x7ffffffffffffbd8
 642500: system.cpu: T0 : 0x1abe4    : lui s1, 111                : IntAlu :  D=0x000000000006f000
 643000: system.cpu: T0 : 0x1abe8    : ld a3, -1264(s1)           : MemRead :  D=0x2f00000000000000 A=0x6eb10
 643500: system.cpu: T0 : 0x1abec    : lui a0, 111                : IntAlu :  D=0x000000000006f000
 644000: system.cpu: T0 : 0x1abf0    : addi a4, a0, 1480          : IntAlu :  D=0x000000000006f5c8
 644500: system.cpu: T0 : 0x1abf4    : c_sdsp ra, 40(sp)          : MemWrite :  D=0x000000000001da90 A=0x7ffffffffffffbe8
 645000: system.cpu: T0 : 0x1abf6    : c_sdsp s0, 32(sp)          : MemWrite :  D=0x7ffffffffffffce0 A=0x7ffffffffffffbe0
 645500: system.cpu: T0 : 0x1abf8    : addi a0, a0, 1480          : IntAlu :  D=0x000000000006f5c8
 646000: system.cpu: T0 : 0x1abfc    : sd a4, 56(tp)              : MemWrite :  D=0x000000000006f5c8 A=0x72748
 646500: system.cpu: T0 : 0x1ac00    : c_sdsp a3, 8(sp)           : MemWrite :  D=0x2f00000000000000 A=0x7ffffffffffffbc8
 647500: system.cpu: T0 : 0x1ac02    : sw zero, -1876(gp)         : MemWrite :  D=0x0000000000000000 A=0x708d4
 648500: system.cpu: T0 : 0x1ac06    : jal ra, -1026              : IntAlu :  D=0x000000000001ac0a
 649000: system.cpu: T0 : 0x1a804    : c_lui a4, 1                : IntAlu :  D=0x0000000000001000
 650000: system.cpu: T0 : 0x1a806    : addi a3, a0, 96            : IntAlu :  D=0x000000000006f628
 651000: system.cpu: T0 : 0x1a80a    : addi a4, a4, -1968         : IntAlu :  D=0x0000000000000850
 651500: system.cpu: T0 : 0x1a80e    : c_mv a5, a3                : IntAlu :  D=0x000000000006f628
 652000: system.cpu: T0 : 0x1a810    : c_add a4, a0               : IntAlu :  D=0x000000000006fe18
 652500: system.cpu: T0 : 0x1a812    : c_sd a5, 24(a5)            : MemWrite :  D=0x000000000006f628 A=0x6f640
 653000: system.cpu: T0 : 0x1a814    : c_sd a5, 16(a5)            : MemWrite :  D=0x000000000006f628 A=0x6f638
 653500: system.cpu: T0 : 0x1a816    : c_addi a5, 16              : IntAlu :  D=0x000000000006f638
 654000: system.cpu: T0 : 0x1a818    : bne a4, a5, -6             : IntAlu : 
 654500: system.cpu: T0 : 0x1a812    : c_sd a5, 24(a5)            : MemWrite :  D=0x000000000006f638 A=0x6f650
 655000: system.cpu: T0 : 0x1a814    : c_sd a5, 16(a5)            : MemWrite :  D=0x000000000006f638 A=0x6f648
 655500: system.cpu: T0 : 0x1a816    : c_addi a5, 16              : IntAlu :  D=0x000000000006f648
 656000: system.cpu: T0 : 0x1a818    : bne a4, a5, -6             : IntAlu : 
 656500: system.cpu: T0 : 0x1a812    : c_sd a5, 24(a5)            : MemWrite :  D=0x000000000006f648 A=0x6f660
 657000: system.cpu: T0 : 0x1a814    : c_sd a5, 16(a5)            : MemWrite :  D=0x000000000006f648 A=0x6f658
 657500: system.cpu: T0 : 0x1a816    : c_addi a5, 16              : IntAlu :  D=0x000000000006f658
 658000: system.cpu: T0 : 0x1a818    : bne a4, a5, -6             : IntAlu : 
 658500: system.cpu: T0 : 0x1a812    : c_sd a5, 24(a5)            : MemWrite :  D=0x000000000006f658 A=0x6f670
 659000: system.cpu: T0 : 0x1a814    : c_sd a5, 16(a5)            : MemWrite :  D=0x000000000006f658 A=0x6f668
 659500: system.cpu: T0 : 0x1a816    : c_addi a5, 16              : IntAlu :  D=0x000000000006f668
 660000: system.cpu: T0 : 0x1a818    : bne a4, a5, -6             : IntAlu : 
 660500: system.cpu: T0 : 0x1a812    : c_sd a5, 24(a5)            : MemWrite :  D=0x000000000006f668 A=0x6f680
 661000: system.cpu: T0 : 0x1a814    : c_sd a5, 16(a5)            : MemWrite :  D=0x000000000006f668 A=0x6f678
 661500: system.cpu: T0 : 0x1a816    : c_addi a5, 16              : IntAlu :  D=0x000000000006f678
 662000: system.cpu: T0 : 0x1a818    : bne a4, a5, -6             : IntAlu : 
 662500: system.cpu: T0 : 0x1a812    : c_sd a5, 24(a5)            : MemWrite :  D=0x000000000006f678 A=0x6f690
 663000: system.cpu: T0 : 0x1a814    : c_sd a5, 16(a5)            : MemWrite :  D=0x000000000006f678 A=0x6f688
 663500: system.cpu: T0 : 0x1a816    : c_addi a5, 16              : IntAlu :  D=0x000000000006f688
 664000: system.cpu: T0 : 0x1a818    : bne a4, a5, -6             : IntAlu : 
 664500: system.cpu: T0 : 0x1a812    : c_sd a5, 24(a5)            : MemWrite :  D=0x000000000006f688 A=0x6f6a0
 665000: system.cpu: T0 : 0x1a814    : c_sd a5, 16(a5)            : MemWrite :  D=0x000000000006f688 A=0x6f698
 665500: system.cpu: T0 : 0x1a816    : c_addi a5, 16              : IntAlu :  D=0x000000000006f698
 666000: system.cpu: T0 : 0x1a818    : bne a4, a5, -6             : IntAlu : 
 666500: system.cpu: T0 : 0x1a812    : c_sd a5, 24(a5)            : MemWrite :  D=0x000000000006f698 A=0x6f6b0
 667000: system.cpu: T0 : 0x1a814    : c_sd a5, 16(a5)            : MemWrite :  D=0x000000000006f698 A=0x6f6a8
 667500: system.cpu: T0 : 0x1a816    : c_addi a5, 16              : IntAlu :  D=0x000000000006f6a8
 668000: system.cpu: T0 : 0x1a818    : bne a4, a5, -6             : IntAlu : 
 668500: system.cpu: T0 : 0x1a812    : c_sd a5, 24(a5)            : MemWrite :  D=0x000000000006f6a8 A=0x6f6c0
 669000: system.cpu: T0 : 0x1a814    : c_sd a5, 16(a5)            : MemWrite :  D=0x000000000006f6a8 A=0x6f6b8
 669500: system.cpu: T0 : 0x1a816    : c_addi a5, 16              : IntAlu :  D=0x000000000006f6b8
 670000: system.cpu: T0 : 0x1a818    : bne a4, a5, -6             : IntAlu : 
 670500: system.cpu: T0 : 0x1a812    : c_sd a5, 24(a5)            : MemWrite :  D=0x000000000006f6b8 A=0x6f6d0
 671000: system.cpu: T0 : 0x1a814    : c_sd a5, 16(a5)            : MemWrite :  D=0x000000000006f6b8 A=0x6f6c8
 671500: system.cpu: T0 : 0x1a816    : c_addi a5, 16              : IntAlu :  D=0x000000000006f6c8
 672000: system.cpu: T0 : 0x1a818    : bne a4, a5, -6             : IntAlu : 
 672500: system.cpu: T0 : 0x1a812    : c_sd a5, 24(a5)            : MemWrite :  D=0x000000000006f6c8 A=0x6f6e0
 673000: system.cpu: T0 : 0x1a814    : c_sd a5, 16(a5)            : MemWrite :  D=0x000000000006f6c8 A=0x6f6d8
 673500: system.cpu: T0 : 0x1a816    : c_addi a5, 16              : IntAlu :  D=0x000000000006f6d8
 674000: system.cpu: T0 : 0x1a818    : bne a4, a5, -6             : IntAlu : 
 674500: system.cpu: T0 : 0x1a812    : c_sd a5, 24(a5)            : MemWrite :  D=0x000000000006f6d8 A=0x6f6f0
 675000: system.cpu: T0 : 0x1a814    : c_sd a5, 16(a5)            : MemWrite :  D=0x000000000006f6d8 A=0x6f6e8
 675500: system.cpu: T0 : 0x1a816    : c_addi a5, 16              : IntAlu :  D=0x000000000006f6e8
 676000: system.cpu: T0 : 0x1a818    : bne a4, a5, -6             : IntAlu : 
 676500: system.cpu: T0 : 0x1a812    : c_sd a5, 24(a5)            : MemWrite :  D=0x000000000006f6e8 A=0x6f700
 677000: system.cpu: T0 : 0x1a814    : c_sd a5, 16(a5)            : MemWrite :  D=0x000000000006f6e8 A=0x6f6f8
 677500: system.cpu: T0 : 0x1a816    : c_addi a5, 16              : IntAlu :  D=0x000000000006f6f8
 678000: system.cpu: T0 : 0x1a818    : bne a4, a5, -6             : IntAlu : 
 678500: system.cpu: T0 : 0x1a812    : c_sd a5, 24(a5)            : MemWrite :  D=0x000000000006f6f8 A=0x6f710
 679000: system.cpu: T0 : 0x1a814    : c_sd a5, 16(a5)            : MemWrite :  D=0x000000000006f6f8 A=0x6f708
 679500: system.cpu: T0 : 0x1a816    : c_addi a5, 16              : IntAlu :  D=0x000000000006f708
 680000: system.cpu: T0 : 0x1a818    : bne a4, a5, -6             : IntAlu : 
 680500: system.cpu: T0 : 0x1a812    : c_sd a5, 24(a5)            : MemWrite :  D=0x000000000006f708 A=0x6f720
 681000: system.cpu: T0 : 0x1a814    : c_sd a5, 16(a5)            : MemWrite :  D=0x000000000006f708 A=0x6f718
 681500: system.cpu: T0 : 0x1a816    : c_addi a5, 16              : IntAlu :  D=0x000000000006f718
 682000: system.cpu: T0 : 0x1a818    : bne a4, a5, -6             : IntAlu : 
 682500: system.cpu: T0 : 0x1a812    : c_sd a5, 24(a5)            : MemWrite :  D=0x000000000006f718 A=0x6f730
 683000: system.cpu: T0 : 0x1a814    : c_sd a5, 16(a5)            : MemWrite :  D=0x000000000006f718 A=0x6f728
 683500: system.cpu: T0 : 0x1a816    : c_addi a5, 16              : IntAlu :  D=0x000000000006f728
 684000: system.cpu: T0 : 0x1a818    : bne a4, a5, -6             : IntAlu : 
 684500: system.cpu: T0 : 0x1a812    : c_sd a5, 24(a5)            : MemWrite :  D=0x000000000006f728 A=0x6f740
 685000: system.cpu: T0 : 0x1a814    : c_sd a5, 16(a5)            : MemWrite :  D=0x000000000006f728 A=0x6f738
 685500: system.cpu: T0 : 0x1a816    : c_addi a5, 16              : IntAlu :  D=0x000000000006f738
 686000: system.cpu: T0 : 0x1a818    : bne a4, a5, -6             : IntAlu : 
 686500: system.cpu: T0 : 0x1a812    : c_sd a5, 24(a5)            : MemWrite :  D=0x000000000006f738 A=0x6f750
 687000: system.cpu: T0 : 0x1a814    : c_sd a5, 16(a5)            : MemWrite :  D=0x000000000006f738 A=0x6f748
 687500: system.cpu: T0 : 0x1a816    : c_addi a5, 16              : IntAlu :  D=0x000000000006f748
 688000: system.cpu: T0 : 0x1a818    : bne a4, a5, -6             : IntAlu : 
 688500: system.cpu: T0 : 0x1a812    : c_sd a5, 24(a5)            : MemWrite :  D=0x000000000006f748 A=0x6f760
 689000: system.cpu: T0 : 0x1a814    : c_sd a5, 16(a5)            : MemWrite :  D=0x000000000006f748 A=0x6f758
 689500: system.cpu: T0 : 0x1a816    : c_addi a5, 16              : IntAlu :  D=0x000000000006f758
 690000: system.cpu: T0 : 0x1a818    : bne a4, a5, -6             : IntAlu : 
 690500: system.cpu: T0 : 0x1a812    : c_sd a5, 24(a5)            : MemWrite :  D=0x000000000006f758 A=0x6f770
 691000: system.cpu: T0 : 0x1a814    : c_sd a5, 16(a5)            : MemWrite :  D=0x000000000006f758 A=0x6f768
 691500: system.cpu: T0 : 0x1a816    : c_addi a5, 16              : IntAlu :  D=0x000000000006f768
 692000: system.cpu: T0 : 0x1a818    : bne a4, a5, -6             : IntAlu : 
 692500: system.cpu: T0 : 0x1a812    : c_sd a5, 24(a5)            : MemWrite :  D=0x000000000006f768 A=0x6f780
 693000: system.cpu: T0 : 0x1a814    : c_sd a5, 16(a5)            : MemWrite :  D=0x000000000006f768 A=0x6f778
 693500: system.cpu: T0 : 0x1a816    : c_addi a5, 16              : IntAlu :  D=0x000000000006f778
 694000: system.cpu: T0 : 0x1a818    : bne a4, a5, -6             : IntAlu : 
 694500: system.cpu: T0 : 0x1a812    : c_sd a5, 24(a5)            : MemWrite :  D=0x000000000006f778 A=0x6f790
 695000: system.cpu: T0 : 0x1a814    : c_sd a5, 16(a5)            : MemWrite :  D=0x000000000006f778 A=0x6f788
 695500: system.cpu: T0 : 0x1a816    : c_addi a5, 16              : IntAlu :  D=0x000000000006f788
 696000: system.cpu: T0 : 0x1a818    : bne a4, a5, -6             : IntAlu : 
 696500: system.cpu: T0 : 0x1a812    : c_sd a5, 24(a5)            : MemWrite :  D=0x000000000006f788 A=0x6f7a0
 697000: system.cpu: T0 : 0x1a814    : c_sd a5, 16(a5)            : MemWrite :  D=0x000000000006f788 A=0x6f798
 697500: system.cpu: T0 : 0x1a816    : c_addi a5, 16              : IntAlu :  D=0x000000000006f798
 698000: system.cpu: T0 : 0x1a818    : bne a4, a5, -6             : IntAlu : 
 698500: system.cpu: T0 : 0x1a812    : c_sd a5, 24(a5)            : MemWrite :  D=0x000000000006f798 A=0x6f7b0
 699000: system.cpu: T0 : 0x1a814    : c_sd a5, 16(a5)            : MemWrite :  D=0x000000000006f798 A=0x6f7a8
 699500: system.cpu: T0 : 0x1a816    : c_addi a5, 16              : IntAlu :  D=0x000000000006f7a8
 700000: system.cpu: T0 : 0x1a818    : bne a4, a5, -6             : IntAlu : 
 700500: system.cpu: T0 : 0x1a812    : c_sd a5, 24(a5)            : MemWrite :  D=0x000000000006f7a8 A=0x6f7c0
 701000: system.cpu: T0 : 0x1a814    : c_sd a5, 16(a5)            : MemWrite :  D=0x000000000006f7a8 A=0x6f7b8
 701500: system.cpu: T0 : 0x1a816    : c_addi a5, 16              : IntAlu :  D=0x000000000006f7b8
 702000: system.cpu: T0 : 0x1a818    : bne a4, a5, -6             : IntAlu : 
 702500: system.cpu: T0 : 0x1a812    : c_sd a5, 24(a5)            : MemWrite :  D=0x000000000006f7b8 A=0x6f7d0
 703000: system.cpu: T0 : 0x1a814    : c_sd a5, 16(a5)            : MemWrite :  D=0x000000000006f7b8 A=0x6f7c8
 703500: system.cpu: T0 : 0x1a816    : c_addi a5, 16              : IntAlu :  D=0x000000000006f7c8
 704000: system.cpu: T0 : 0x1a818    : bne a4, a5, -6             : IntAlu : 
 704500: system.cpu: T0 : 0x1a812    : c_sd a5, 24(a5)            : MemWrite :  D=0x000000000006f7c8 A=0x6f7e0
 705000: system.cpu: T0 : 0x1a814    : c_sd a5, 16(a5)            : MemWrite :  D=0x000000000006f7c8 A=0x6f7d8
 705500: system.cpu: T0 : 0x1a816    : c_addi a5, 16              : IntAlu :  D=0x000000000006f7d8
 706000: system.cpu: T0 : 0x1a818    : bne a4, a5, -6             : IntAlu : 
 706500: system.cpu: T0 : 0x1a812    : c_sd a5, 24(a5)            : MemWrite :  D=0x000000000006f7d8 A=0x6f7f0
 707000: system.cpu: T0 : 0x1a814    : c_sd a5, 16(a5)            : MemWrite :  D=0x000000000006f7d8 A=0x6f7e8
 707500: system.cpu: T0 : 0x1a816    : c_addi a5, 16              : IntAlu :  D=0x000000000006f7e8
 708000: system.cpu: T0 : 0x1a818    : bne a4, a5, -6             : IntAlu : 
 708500: system.cpu: T0 : 0x1a812    : c_sd a5, 24(a5)            : MemWrite :  D=0x000000000006f7e8 A=0x6f800
 709000: system.cpu: T0 : 0x1a814    : c_sd a5, 16(a5)            : MemWrite :  D=0x000000000006f7e8 A=0x6f7f8
 709500: system.cpu: T0 : 0x1a816    : c_addi a5, 16              : IntAlu :  D=0x000000000006f7f8
 710000: system.cpu: T0 : 0x1a818    : bne a4, a5, -6             : IntAlu : 
 710500: system.cpu: T0 : 0x1a812    : c_sd a5, 24(a5)            : MemWrite :  D=0x000000000006f7f8 A=0x6f810
 711000: system.cpu: T0 : 0x1a814    : c_sd a5, 16(a5)            : MemWrite :  D=0x000000000006f7f8 A=0x6f808
 711500: system.cpu: T0 : 0x1a816    : c_addi a5, 16              : IntAlu :  D=0x000000000006f808
 712000: system.cpu: T0 : 0x1a818    : bne a4, a5, -6             : IntAlu : 
 712500: system.cpu: T0 : 0x1a812    : c_sd a5, 24(a5)            : MemWrite :  D=0x000000000006f808 A=0x6f820
 713000: system.cpu: T0 : 0x1a814    : c_sd a5, 16(a5)            : MemWrite :  D=0x000000000006f808 A=0x6f818
 713500: system.cpu: T0 : 0x1a816    : c_addi a5, 16              : IntAlu :  D=0x000000000006f818
 714000: system.cpu: T0 : 0x1a818    : bne a4, a5, -6             : IntAlu : 
 714500: system.cpu: T0 : 0x1a812    : c_sd a5, 24(a5)            : MemWrite :  D=0x000000000006f818 A=0x6f830
 715000: system.cpu: T0 : 0x1a814    : c_sd a5, 16(a5)            : MemWrite :  D=0x000000000006f818 A=0x6f828
 715500: system.cpu: T0 : 0x1a816    : c_addi a5, 16              : IntAlu :  D=0x000000000006f828
 716000: system.cpu: T0 : 0x1a818    : bne a4, a5, -6             : IntAlu : 
 716500: system.cpu: T0 : 0x1a812    : c_sd a5, 24(a5)            : MemWrite :  D=0x000000000006f828 A=0x6f840
 717000: system.cpu: T0 : 0x1a814    : c_sd a5, 16(a5)            : MemWrite :  D=0x000000000006f828 A=0x6f838
 717500: system.cpu: T0 : 0x1a816    : c_addi a5, 16              : IntAlu :  D=0x000000000006f838
 718000: system.cpu: T0 : 0x1a818    : bne a4, a5, -6             : IntAlu : 
 718500: system.cpu: T0 : 0x1a812    : c_sd a5, 24(a5)            : MemWrite :  D=0x000000000006f838 A=0x6f850
 719000: system.cpu: T0 : 0x1a814    : c_sd a5, 16(a5)            : MemWrite :  D=0x000000000006f838 A=0x6f848
 719500: system.cpu: T0 : 0x1a816    : c_addi a5, 16              : IntAlu :  D=0x000000000006f848
 720000: system.cpu: T0 : 0x1a818    : bne a4, a5, -6             : IntAlu : 
 720500: system.cpu: T0 : 0x1a812    : c_sd a5, 24(a5)            : MemWrite :  D=0x000000000006f848 A=0x6f860
 721000: system.cpu: T0 : 0x1a814    : c_sd a5, 16(a5)            : MemWrite :  D=0x000000000006f848 A=0x6f858
 721500: system.cpu: T0 : 0x1a816    : c_addi a5, 16              : IntAlu :  D=0x000000000006f858
 722000: system.cpu: T0 : 0x1a818    : bne a4, a5, -6             : IntAlu : 
 722500: system.cpu: T0 : 0x1a812    : c_sd a5, 24(a5)            : MemWrite :  D=0x000000000006f858 A=0x6f870
 723000: system.cpu: T0 : 0x1a814    : c_sd a5, 16(a5)            : MemWrite :  D=0x000000000006f858 A=0x6f868
 723500: system.cpu: T0 : 0x1a816    : c_addi a5, 16              : IntAlu :  D=0x000000000006f868
 724000: system.cpu: T0 : 0x1a818    : bne a4, a5, -6             : IntAlu : 
 724500: system.cpu: T0 : 0x1a812    : c_sd a5, 24(a5)            : MemWrite :  D=0x000000000006f868 A=0x6f880
 725000: system.cpu: T0 : 0x1a814    : c_sd a5, 16(a5)            : MemWrite :  D=0x000000000006f868 A=0x6f878
 725500: system.cpu: T0 : 0x1a816    : c_addi a5, 16              : IntAlu :  D=0x000000000006f878
 726000: system.cpu: T0 : 0x1a818    : bne a4, a5, -6             : IntAlu : 
 726500: system.cpu: T0 : 0x1a812    : c_sd a5, 24(a5)            : MemWrite :  D=0x000000000006f878 A=0x6f890
 727000: system.cpu: T0 : 0x1a814    : c_sd a5, 16(a5)            : MemWrite :  D=0x000000000006f878 A=0x6f888
 727500: system.cpu: T0 : 0x1a816    : c_addi a5, 16              : IntAlu :  D=0x000000000006f888
 728000: system.cpu: T0 : 0x1a818    : bne a4, a5, -6             : IntAlu : 
 728500: system.cpu: T0 : 0x1a812    : c_sd a5, 24(a5)            : MemWrite :  D=0x000000000006f888 A=0x6f8a0
 729000: system.cpu: T0 : 0x1a814    : c_sd a5, 16(a5)            : MemWrite :  D=0x000000000006f888 A=0x6f898
 729500: system.cpu: T0 : 0x1a816    : c_addi a5, 16              : IntAlu :  D=0x000000000006f898
 730000: system.cpu: T0 : 0x1a818    : bne a4, a5, -6             : IntAlu : 
 730500: system.cpu: T0 : 0x1a812    : c_sd a5, 24(a5)            : MemWrite :  D=0x000000000006f898 A=0x6f8b0
 731000: system.cpu: T0 : 0x1a814    : c_sd a5, 16(a5)            : MemWrite :  D=0x000000000006f898 A=0x6f8a8
 731500: system.cpu: T0 : 0x1a816    : c_addi a5, 16              : IntAlu :  D=0x000000000006f8a8
 732000: system.cpu: T0 : 0x1a818    : bne a4, a5, -6             : IntAlu : 
 732500: system.cpu: T0 : 0x1a812    : c_sd a5, 24(a5)            : MemWrite :  D=0x000000000006f8a8 A=0x6f8c0
 733000: system.cpu: T0 : 0x1a814    : c_sd a5, 16(a5)            : MemWrite :  D=0x000000000006f8a8 A=0x6f8b8
 733500: system.cpu: T0 : 0x1a816    : c_addi a5, 16              : IntAlu :  D=0x000000000006f8b8
 734000: system.cpu: T0 : 0x1a818    : bne a4, a5, -6             : IntAlu : 
 734500: system.cpu: T0 : 0x1a812    : c_sd a5, 24(a5)            : MemWrite :  D=0x000000000006f8b8 A=0x6f8d0
 735000: system.cpu: T0 : 0x1a814    : c_sd a5, 16(a5)            : MemWrite :  D=0x000000000006f8b8 A=0x6f8c8
 735500: system.cpu: T0 : 0x1a816    : c_addi a5, 16              : IntAlu :  D=0x000000000006f8c8
 736000: system.cpu: T0 : 0x1a818    : bne a4, a5, -6             : IntAlu : 
 736500: system.cpu: T0 : 0x1a812    : c_sd a5, 24(a5)            : MemWrite :  D=0x000000000006f8c8 A=0x6f8e0
 737000: system.cpu: T0 : 0x1a814    : c_sd a5, 16(a5)            : MemWrite :  D=0x000000000006f8c8 A=0x6f8d8
 737500: system.cpu: T0 : 0x1a816    : c_addi a5, 16              : IntAlu :  D=0x000000000006f8d8
 738000: system.cpu: T0 : 0x1a818    : bne a4, a5, -6             : IntAlu : 
 738500: system.cpu: T0 : 0x1a812    : c_sd a5, 24(a5)            : MemWrite :  D=0x000000000006f8d8 A=0x6f8f0
 739000: system.cpu: T0 : 0x1a814    : c_sd a5, 16(a5)            : MemWrite :  D=0x000000000006f8d8 A=0x6f8e8
 739500: system.cpu: T0 : 0x1a816    : c_addi a5, 16              : IntAlu :  D=0x000000000006f8e8
 740000: system.cpu: T0 : 0x1a818    : bne a4, a5, -6             : IntAlu : 
 740500: system.cpu: T0 : 0x1a812    : c_sd a5, 24(a5)            : MemWrite :  D=0x000000000006f8e8 A=0x6f900
 741000: system.cpu: T0 : 0x1a814    : c_sd a5, 16(a5)            : MemWrite :  D=0x000000000006f8e8 A=0x6f8f8
 741500: system.cpu: T0 : 0x1a816    : c_addi a5, 16              : IntAlu :  D=0x000000000006f8f8
 742000: system.cpu: T0 : 0x1a818    : bne a4, a5, -6             : IntAlu : 
 742500: system.cpu: T0 : 0x1a812    : c_sd a5, 24(a5)            : MemWrite :  D=0x000000000006f8f8 A=0x6f910
 743000: system.cpu: T0 : 0x1a814    : c_sd a5, 16(a5)            : MemWrite :  D=0x000000000006f8f8 A=0x6f908
 743500: system.cpu: T0 : 0x1a816    : c_addi a5, 16              : IntAlu :  D=0x000000000006f908
 744000: system.cpu: T0 : 0x1a818    : bne a4, a5, -6             : IntAlu : 
 744500: system.cpu: T0 : 0x1a812    : c_sd a5, 24(a5)            : MemWrite :  D=0x000000000006f908 A=0x6f920
 745000: system.cpu: T0 : 0x1a814    : c_sd a5, 16(a5)            : MemWrite :  D=0x000000000006f908 A=0x6f918
 745500: system.cpu: T0 : 0x1a816    : c_addi a5, 16              : IntAlu :  D=0x000000000006f918
 746000: system.cpu: T0 : 0x1a818    : bne a4, a5, -6             : IntAlu : 
 746500: system.cpu: T0 : 0x1a812    : c_sd a5, 24(a5)            : MemWrite :  D=0x000000000006f918 A=0x6f930
 747000: system.cpu: T0 : 0x1a814    : c_sd a5, 16(a5)            : MemWrite :  D=0x000000000006f918 A=0x6f928
 747500: system.cpu: T0 : 0x1a816    : c_addi a5, 16              : IntAlu :  D=0x000000000006f928
 748000: system.cpu: T0 : 0x1a818    : bne a4, a5, -6             : IntAlu : 
 748500: system.cpu: T0 : 0x1a812    : c_sd a5, 24(a5)            : MemWrite :  D=0x000000000006f928 A=0x6f940
 749000: system.cpu: T0 : 0x1a814    : c_sd a5, 16(a5)            : MemWrite :  D=0x000000000006f928 A=0x6f938
 749500: system.cpu: T0 : 0x1a816    : c_addi a5, 16              : IntAlu :  D=0x000000000006f938
 750000: system.cpu: T0 : 0x1a818    : bne a4, a5, -6             : IntAlu : 
 750500: system.cpu: T0 : 0x1a812    : c_sd a5, 24(a5)            : MemWrite :  D=0x000000000006f938 A=0x6f950
 751000: system.cpu: T0 : 0x1a814    : c_sd a5, 16(a5)            : MemWrite :  D=0x000000000006f938 A=0x6f948
 751500: system.cpu: T0 : 0x1a816    : c_addi a5, 16              : IntAlu :  D=0x000000000006f948
 752000: system.cpu: T0 : 0x1a818    : bne a4, a5, -6             : IntAlu : 
 752500: system.cpu: T0 : 0x1a812    : c_sd a5, 24(a5)            : MemWrite :  D=0x000000000006f948 A=0x6f960
 753000: system.cpu: T0 : 0x1a814    : c_sd a5, 16(a5)            : MemWrite :  D=0x000000000006f948 A=0x6f958
 753500: system.cpu: T0 : 0x1a816    : c_addi a5, 16              : IntAlu :  D=0x000000000006f958
 754000: system.cpu: T0 : 0x1a818    : bne a4, a5, -6             : IntAlu : 
 754500: system.cpu: T0 : 0x1a812    : c_sd a5, 24(a5)            : MemWrite :  D=0x000000000006f958 A=0x6f970
 755000: system.cpu: T0 : 0x1a814    : c_sd a5, 16(a5)            : MemWrite :  D=0x000000000006f958 A=0x6f968
 755500: system.cpu: T0 : 0x1a816    : c_addi a5, 16              : IntAlu :  D=0x000000000006f968
 756000: system.cpu: T0 : 0x1a818    : bne a4, a5, -6             : IntAlu : 
 756500: system.cpu: T0 : 0x1a812    : c_sd a5, 24(a5)            : MemWrite :  D=0x000000000006f968 A=0x6f980
 757000: system.cpu: T0 : 0x1a814    : c_sd a5, 16(a5)            : MemWrite :  D=0x000000000006f968 A=0x6f978
 757500: system.cpu: T0 : 0x1a816    : c_addi a5, 16              : IntAlu :  D=0x000000000006f978
 758000: system.cpu: T0 : 0x1a818    : bne a4, a5, -6             : IntAlu : 
 758500: system.cpu: T0 : 0x1a812    : c_sd a5, 24(a5)            : MemWrite :  D=0x000000000006f978 A=0x6f990
 759000: system.cpu: T0 : 0x1a814    : c_sd a5, 16(a5)            : MemWrite :  D=0x000000000006f978 A=0x6f988
 759500: system.cpu: T0 : 0x1a816    : c_addi a5, 16              : IntAlu :  D=0x000000000006f988
 760000: system.cpu: T0 : 0x1a818    : bne a4, a5, -6             : IntAlu : 
 760500: system.cpu: T0 : 0x1a812    : c_sd a5, 24(a5)            : MemWrite :  D=0x000000000006f988 A=0x6f9a0
 761000: system.cpu: T0 : 0x1a814    : c_sd a5, 16(a5)            : MemWrite :  D=0x000000000006f988 A=0x6f998
 761500: system.cpu: T0 : 0x1a816    : c_addi a5, 16              : IntAlu :  D=0x000000000006f998
 762000: system.cpu: T0 : 0x1a818    : bne a4, a5, -6             : IntAlu : 
 762500: system.cpu: T0 : 0x1a812    : c_sd a5, 24(a5)            : MemWrite :  D=0x000000000006f998 A=0x6f9b0
 763000: system.cpu: T0 : 0x1a814    : c_sd a5, 16(a5)            : MemWrite :  D=0x000000000006f998 A=0x6f9a8
 763500: system.cpu: T0 : 0x1a816    : c_addi a5, 16              : IntAlu :  D=0x000000000006f9a8
 764000: system.cpu: T0 : 0x1a818    : bne a4, a5, -6             : IntAlu : 
 764500: system.cpu: T0 : 0x1a812    : c_sd a5, 24(a5)            : MemWrite :  D=0x000000000006f9a8 A=0x6f9c0
 765000: system.cpu: T0 : 0x1a814    : c_sd a5, 16(a5)            : MemWrite :  D=0x000000000006f9a8 A=0x6f9b8
 765500: system.cpu: T0 : 0x1a816    : c_addi a5, 16              : IntAlu :  D=0x000000000006f9b8
 766000: system.cpu: T0 : 0x1a818    : bne a4, a5, -6             : IntAlu : 
 766500: system.cpu: T0 : 0x1a812    : c_sd a5, 24(a5)            : MemWrite :  D=0x000000000006f9b8 A=0x6f9d0
 767000: system.cpu: T0 : 0x1a814    : c_sd a5, 16(a5)            : MemWrite :  D=0x000000000006f9b8 A=0x6f9c8
 767500: system.cpu: T0 : 0x1a816    : c_addi a5, 16              : IntAlu :  D=0x000000000006f9c8
 768000: system.cpu: T0 : 0x1a818    : bne a4, a5, -6             : IntAlu : 
 768500: system.cpu: T0 : 0x1a812    : c_sd a5, 24(a5)            : MemWrite :  D=0x000000000006f9c8 A=0x6f9e0
 769000: system.cpu: T0 : 0x1a814    : c_sd a5, 16(a5)            : MemWrite :  D=0x000000000006f9c8 A=0x6f9d8
 769500: system.cpu: T0 : 0x1a816    : c_addi a5, 16              : IntAlu :  D=0x000000000006f9d8
 770000: system.cpu: T0 : 0x1a818    : bne a4, a5, -6             : IntAlu : 
 770500: system.cpu: T0 : 0x1a812    : c_sd a5, 24(a5)            : MemWrite :  D=0x000000000006f9d8 A=0x6f9f0
 771000: system.cpu: T0 : 0x1a814    : c_sd a5, 16(a5)            : MemWrite :  D=0x000000000006f9d8 A=0x6f9e8
 771500: system.cpu: T0 : 0x1a816    : c_addi a5, 16              : IntAlu :  D=0x000000000006f9e8
 772000: system.cpu: T0 : 0x1a818    : bne a4, a5, -6             : IntAlu : 
 772500: system.cpu: T0 : 0x1a812    : c_sd a5, 24(a5)            : MemWrite :  D=0x000000000006f9e8 A=0x6fa00
 773000: system.cpu: T0 : 0x1a814    : c_sd a5, 16(a5)            : MemWrite :  D=0x000000000006f9e8 A=0x6f9f8
 773500: system.cpu: T0 : 0x1a816    : c_addi a5, 16              : IntAlu :  D=0x000000000006f9f8
 774000: system.cpu: T0 : 0x1a818    : bne a4, a5, -6             : IntAlu : 
 774500: system.cpu: T0 : 0x1a812    : c_sd a5, 24(a5)            : MemWrite :  D=0x000000000006f9f8 A=0x6fa10
 775000: system.cpu: T0 : 0x1a814    : c_sd a5, 16(a5)            : MemWrite :  D=0x000000000006f9f8 A=0x6fa08
 775500: system.cpu: T0 : 0x1a816    : c_addi a5, 16              : IntAlu :  D=0x000000000006fa08
 776000: system.cpu: T0 : 0x1a818    : bne a4, a5, -6             : IntAlu : 
 776500: system.cpu: T0 : 0x1a812    : c_sd a5, 24(a5)            : MemWrite :  D=0x000000000006fa08 A=0x6fa20
 777000: system.cpu: T0 : 0x1a814    : c_sd a5, 16(a5)            : MemWrite :  D=0x000000000006fa08 A=0x6fa18
 777500: system.cpu: T0 : 0x1a816    : c_addi a5, 16              : IntAlu :  D=0x000000000006fa18
 778000: system.cpu: T0 : 0x1a818    : bne a4, a5, -6             : IntAlu : 
 778500: system.cpu: T0 : 0x1a812    : c_sd a5, 24(a5)            : MemWrite :  D=0x000000000006fa18 A=0x6fa30
 779000: system.cpu: T0 : 0x1a814    : c_sd a5, 16(a5)            : MemWrite :  D=0x000000000006fa18 A=0x6fa28
 779500: system.cpu: T0 : 0x1a816    : c_addi a5, 16              : IntAlu :  D=0x000000000006fa28
 780000: system.cpu: T0 : 0x1a818    : bne a4, a5, -6             : IntAlu : 
 780500: system.cpu: T0 : 0x1a812    : c_sd a5, 24(a5)            : MemWrite :  D=0x000000000006fa28 A=0x6fa40
 781000: system.cpu: T0 : 0x1a814    : c_sd a5, 16(a5)            : MemWrite :  D=0x000000000006fa28 A=0x6fa38
 781500: system.cpu: T0 : 0x1a816    : c_addi a5, 16              : IntAlu :  D=0x000000000006fa38
 782000: system.cpu: T0 : 0x1a818    : bne a4, a5, -6             : IntAlu : 
 782500: system.cpu: T0 : 0x1a812    : c_sd a5, 24(a5)            : MemWrite :  D=0x000000000006fa38 A=0x6fa50
 783000: system.cpu: T0 : 0x1a814    : c_sd a5, 16(a5)            : MemWrite :  D=0x000000000006fa38 A=0x6fa48
 783500: system.cpu: T0 : 0x1a816    : c_addi a5, 16              : IntAlu :  D=0x000000000006fa48
 784000: system.cpu: T0 : 0x1a818    : bne a4, a5, -6             : IntAlu : 
 784500: system.cpu: T0 : 0x1a812    : c_sd a5, 24(a5)            : MemWrite :  D=0x000000000006fa48 A=0x6fa60
 785000: system.cpu: T0 : 0x1a814    : c_sd a5, 16(a5)            : MemWrite :  D=0x000000000006fa48 A=0x6fa58
 785500: system.cpu: T0 : 0x1a816    : c_addi a5, 16              : IntAlu :  D=0x000000000006fa58
 786000: system.cpu: T0 : 0x1a818    : bne a4, a5, -6             : IntAlu : 
 786500: system.cpu: T0 : 0x1a812    : c_sd a5, 24(a5)            : MemWrite :  D=0x000000000006fa58 A=0x6fa70
 787000: system.cpu: T0 : 0x1a814    : c_sd a5, 16(a5)            : MemWrite :  D=0x000000000006fa58 A=0x6fa68
 787500: system.cpu: T0 : 0x1a816    : c_addi a5, 16              : IntAlu :  D=0x000000000006fa68
 788000: system.cpu: T0 : 0x1a818    : bne a4, a5, -6             : IntAlu : 
 788500: system.cpu: T0 : 0x1a812    : c_sd a5, 24(a5)            : MemWrite :  D=0x000000000006fa68 A=0x6fa80
 789000: system.cpu: T0 : 0x1a814    : c_sd a5, 16(a5)            : MemWrite :  D=0x000000000006fa68 A=0x6fa78
 789500: system.cpu: T0 : 0x1a816    : c_addi a5, 16              : IntAlu :  D=0x000000000006fa78
 790000: system.cpu: T0 : 0x1a818    : bne a4, a5, -6             : IntAlu : 
 790500: system.cpu: T0 : 0x1a812    : c_sd a5, 24(a5)            : MemWrite :  D=0x000000000006fa78 A=0x6fa90
 791000: system.cpu: T0 : 0x1a814    : c_sd a5, 16(a5)            : MemWrite :  D=0x000000000006fa78 A=0x6fa88
 791500: system.cpu: T0 : 0x1a816    : c_addi a5, 16              : IntAlu :  D=0x000000000006fa88
 792000: system.cpu: T0 : 0x1a818    : bne a4, a5, -6             : IntAlu : 
 792500: system.cpu: T0 : 0x1a812    : c_sd a5, 24(a5)            : MemWrite :  D=0x000000000006fa88 A=0x6faa0
 793000: system.cpu: T0 : 0x1a814    : c_sd a5, 16(a5)            : MemWrite :  D=0x000000000006fa88 A=0x6fa98
 793500: system.cpu: T0 : 0x1a816    : c_addi a5, 16              : IntAlu :  D=0x000000000006fa98
 794000: system.cpu: T0 : 0x1a818    : bne a4, a5, -6             : IntAlu : 
 794500: system.cpu: T0 : 0x1a812    : c_sd a5, 24(a5)            : MemWrite :  D=0x000000000006fa98 A=0x6fab0
 795000: system.cpu: T0 : 0x1a814    : c_sd a5, 16(a5)            : MemWrite :  D=0x000000000006fa98 A=0x6faa8
 795500: system.cpu: T0 : 0x1a816    : c_addi a5, 16              : IntAlu :  D=0x000000000006faa8
 796000: system.cpu: T0 : 0x1a818    : bne a4, a5, -6             : IntAlu : 
 796500: system.cpu: T0 : 0x1a812    : c_sd a5, 24(a5)            : MemWrite :  D=0x000000000006faa8 A=0x6fac0
 797000: system.cpu: T0 : 0x1a814    : c_sd a5, 16(a5)            : MemWrite :  D=0x000000000006faa8 A=0x6fab8
 797500: system.cpu: T0 : 0x1a816    : c_addi a5, 16              : IntAlu :  D=0x000000000006fab8
 798000: system.cpu: T0 : 0x1a818    : bne a4, a5, -6             : IntAlu : 
 798500: system.cpu: T0 : 0x1a812    : c_sd a5, 24(a5)            : MemWrite :  D=0x000000000006fab8 A=0x6fad0
 799000: system.cpu: T0 : 0x1a814    : c_sd a5, 16(a5)            : MemWrite :  D=0x000000000006fab8 A=0x6fac8
 799500: system.cpu: T0 : 0x1a816    : c_addi a5, 16              : IntAlu :  D=0x000000000006fac8
 800000: system.cpu: T0 : 0x1a818    : bne a4, a5, -6             : IntAlu : 
 800500: system.cpu: T0 : 0x1a812    : c_sd a5, 24(a5)            : MemWrite :  D=0x000000000006fac8 A=0x6fae0
 801000: system.cpu: T0 : 0x1a814    : c_sd a5, 16(a5)            : MemWrite :  D=0x000000000006fac8 A=0x6fad8
 801500: system.cpu: T0 : 0x1a816    : c_addi a5, 16              : IntAlu :  D=0x000000000006fad8
 802000: system.cpu: T0 : 0x1a818    : bne a4, a5, -6             : IntAlu : 
 802500: system.cpu: T0 : 0x1a812    : c_sd a5, 24(a5)            : MemWrite :  D=0x000000000006fad8 A=0x6faf0
 803000: system.cpu: T0 : 0x1a814    : c_sd a5, 16(a5)            : MemWrite :  D=0x000000000006fad8 A=0x6fae8
 803500: system.cpu: T0 : 0x1a816    : c_addi a5, 16              : IntAlu :  D=0x000000000006fae8
 804000: system.cpu: T0 : 0x1a818    : bne a4, a5, -6             : IntAlu : 
 804500: system.cpu: T0 : 0x1a812    : c_sd a5, 24(a5)            : MemWrite :  D=0x000000000006fae8 A=0x6fb00
 805000: system.cpu: T0 : 0x1a814    : c_sd a5, 16(a5)            : MemWrite :  D=0x000000000006fae8 A=0x6faf8
 805500: system.cpu: T0 : 0x1a816    : c_addi a5, 16              : IntAlu :  D=0x000000000006faf8
 806000: system.cpu: T0 : 0x1a818    : bne a4, a5, -6             : IntAlu : 
 806500: system.cpu: T0 : 0x1a812    : c_sd a5, 24(a5)            : MemWrite :  D=0x000000000006faf8 A=0x6fb10
 807000: system.cpu: T0 : 0x1a814    : c_sd a5, 16(a5)            : MemWrite :  D=0x000000000006faf8 A=0x6fb08
 807500: system.cpu: T0 : 0x1a816    : c_addi a5, 16              : IntAlu :  D=0x000000000006fb08
 808000: system.cpu: T0 : 0x1a818    : bne a4, a5, -6             : IntAlu : 
 808500: system.cpu: T0 : 0x1a812    : c_sd a5, 24(a5)            : MemWrite :  D=0x000000000006fb08 A=0x6fb20
 809000: system.cpu: T0 : 0x1a814    : c_sd a5, 16(a5)            : MemWrite :  D=0x000000000006fb08 A=0x6fb18
 809500: system.cpu: T0 : 0x1a816    : c_addi a5, 16              : IntAlu :  D=0x000000000006fb18
 810000: system.cpu: T0 : 0x1a818    : bne a4, a5, -6             : IntAlu : 
 810500: system.cpu: T0 : 0x1a812    : c_sd a5, 24(a5)            : MemWrite :  D=0x000000000006fb18 A=0x6fb30
 811000: system.cpu: T0 : 0x1a814    : c_sd a5, 16(a5)            : MemWrite :  D=0x000000000006fb18 A=0x6fb28
 811500: system.cpu: T0 : 0x1a816    : c_addi a5, 16              : IntAlu :  D=0x000000000006fb28
 812000: system.cpu: T0 : 0x1a818    : bne a4, a5, -6             : IntAlu : 
 812500: system.cpu: T0 : 0x1a812    : c_sd a5, 24(a5)            : MemWrite :  D=0x000000000006fb28 A=0x6fb40
 813000: system.cpu: T0 : 0x1a814    : c_sd a5, 16(a5)            : MemWrite :  D=0x000000000006fb28 A=0x6fb38
 813500: system.cpu: T0 : 0x1a816    : c_addi a5, 16              : IntAlu :  D=0x000000000006fb38
 814000: system.cpu: T0 : 0x1a818    : bne a4, a5, -6             : IntAlu : 
 814500: system.cpu: T0 : 0x1a812    : c_sd a5, 24(a5)            : MemWrite :  D=0x000000000006fb38 A=0x6fb50
 815000: system.cpu: T0 : 0x1a814    : c_sd a5, 16(a5)            : MemWrite :  D=0x000000000006fb38 A=0x6fb48
 815500: system.cpu: T0 : 0x1a816    : c_addi a5, 16              : IntAlu :  D=0x000000000006fb48
 816000: system.cpu: T0 : 0x1a818    : bne a4, a5, -6             : IntAlu : 
 816500: system.cpu: T0 : 0x1a812    : c_sd a5, 24(a5)            : MemWrite :  D=0x000000000006fb48 A=0x6fb60
 817000: system.cpu: T0 : 0x1a814    : c_sd a5, 16(a5)            : MemWrite :  D=0x000000000006fb48 A=0x6fb58
 817500: system.cpu: T0 : 0x1a816    : c_addi a5, 16              : IntAlu :  D=0x000000000006fb58
 818000: system.cpu: T0 : 0x1a818    : bne a4, a5, -6             : IntAlu : 
 818500: system.cpu: T0 : 0x1a812    : c_sd a5, 24(a5)            : MemWrite :  D=0x000000000006fb58 A=0x6fb70
 819000: system.cpu: T0 : 0x1a814    : c_sd a5, 16(a5)            : MemWrite :  D=0x000000000006fb58 A=0x6fb68
 819500: system.cpu: T0 : 0x1a816    : c_addi a5, 16              : IntAlu :  D=0x000000000006fb68
 820000: system.cpu: T0 : 0x1a818    : bne a4, a5, -6             : IntAlu : 
 820500: system.cpu: T0 : 0x1a812    : c_sd a5, 24(a5)            : MemWrite :  D=0x000000000006fb68 A=0x6fb80
 821000: system.cpu: T0 : 0x1a814    : c_sd a5, 16(a5)            : MemWrite :  D=0x000000000006fb68 A=0x6fb78
 821500: system.cpu: T0 : 0x1a816    : c_addi a5, 16              : IntAlu :  D=0x000000000006fb78
 822000: system.cpu: T0 : 0x1a818    : bne a4, a5, -6             : IntAlu : 
 822500: system.cpu: T0 : 0x1a812    : c_sd a5, 24(a5)            : MemWrite :  D=0x000000000006fb78 A=0x6fb90
 823000: system.cpu: T0 : 0x1a814    : c_sd a5, 16(a5)            : MemWrite :  D=0x000000000006fb78 A=0x6fb88
 823500: system.cpu: T0 : 0x1a816    : c_addi a5, 16              : IntAlu :  D=0x000000000006fb88
 824000: system.cpu: T0 : 0x1a818    : bne a4, a5, -6             : IntAlu : 
 824500: system.cpu: T0 : 0x1a812    : c_sd a5, 24(a5)            : MemWrite :  D=0x000000000006fb88 A=0x6fba0
 825000: system.cpu: T0 : 0x1a814    : c_sd a5, 16(a5)            : MemWrite :  D=0x000000000006fb88 A=0x6fb98
 825500: system.cpu: T0 : 0x1a816    : c_addi a5, 16              : IntAlu :  D=0x000000000006fb98
 826000: system.cpu: T0 : 0x1a818    : bne a4, a5, -6             : IntAlu : 
 826500: system.cpu: T0 : 0x1a812    : c_sd a5, 24(a5)            : MemWrite :  D=0x000000000006fb98 A=0x6fbb0
 827000: system.cpu: T0 : 0x1a814    : c_sd a5, 16(a5)            : MemWrite :  D=0x000000000006fb98 A=0x6fba8
 827500: system.cpu: T0 : 0x1a816    : c_addi a5, 16              : IntAlu :  D=0x000000000006fba8
 828000: system.cpu: T0 : 0x1a818    : bne a4, a5, -6             : IntAlu : 
 828500: system.cpu: T0 : 0x1a812    : c_sd a5, 24(a5)            : MemWrite :  D=0x000000000006fba8 A=0x6fbc0
 829000: system.cpu: T0 : 0x1a814    : c_sd a5, 16(a5)            : MemWrite :  D=0x000000000006fba8 A=0x6fbb8
 829500: system.cpu: T0 : 0x1a816    : c_addi a5, 16              : IntAlu :  D=0x000000000006fbb8
 830000: system.cpu: T0 : 0x1a818    : bne a4, a5, -6             : IntAlu : 
 830500: system.cpu: T0 : 0x1a812    : c_sd a5, 24(a5)            : MemWrite :  D=0x000000000006fbb8 A=0x6fbd0
 831000: system.cpu: T0 : 0x1a814    : c_sd a5, 16(a5)            : MemWrite :  D=0x000000000006fbb8 A=0x6fbc8
 831500: system.cpu: T0 : 0x1a816    : c_addi a5, 16              : IntAlu :  D=0x000000000006fbc8
 832000: system.cpu: T0 : 0x1a818    : bne a4, a5, -6             : IntAlu : 
 832500: system.cpu: T0 : 0x1a812    : c_sd a5, 24(a5)            : MemWrite :  D=0x000000000006fbc8 A=0x6fbe0
 833000: system.cpu: T0 : 0x1a814    : c_sd a5, 16(a5)            : MemWrite :  D=0x000000000006fbc8 A=0x6fbd8
 833500: system.cpu: T0 : 0x1a816    : c_addi a5, 16              : IntAlu :  D=0x000000000006fbd8
 834000: system.cpu: T0 : 0x1a818    : bne a4, a5, -6             : IntAlu : 
 834500: system.cpu: T0 : 0x1a812    : c_sd a5, 24(a5)            : MemWrite :  D=0x000000000006fbd8 A=0x6fbf0
 835000: system.cpu: T0 : 0x1a814    : c_sd a5, 16(a5)            : MemWrite :  D=0x000000000006fbd8 A=0x6fbe8
 835500: system.cpu: T0 : 0x1a816    : c_addi a5, 16              : IntAlu :  D=0x000000000006fbe8
 836000: system.cpu: T0 : 0x1a818    : bne a4, a5, -6             : IntAlu : 
 836500: system.cpu: T0 : 0x1a812    : c_sd a5, 24(a5)            : MemWrite :  D=0x000000000006fbe8 A=0x6fc00
 837000: system.cpu: T0 : 0x1a814    : c_sd a5, 16(a5)            : MemWrite :  D=0x000000000006fbe8 A=0x6fbf8
 837500: system.cpu: T0 : 0x1a816    : c_addi a5, 16              : IntAlu :  D=0x000000000006fbf8
 838000: system.cpu: T0 : 0x1a818    : bne a4, a5, -6             : IntAlu : 
 838500: system.cpu: T0 : 0x1a812    : c_sd a5, 24(a5)            : MemWrite :  D=0x000000000006fbf8 A=0x6fc10
 839000: system.cpu: T0 : 0x1a814    : c_sd a5, 16(a5)            : MemWrite :  D=0x000000000006fbf8 A=0x6fc08
 839500: system.cpu: T0 : 0x1a816    : c_addi a5, 16              : IntAlu :  D=0x000000000006fc08
 840000: system.cpu: T0 : 0x1a818    : bne a4, a5, -6             : IntAlu : 
 840500: system.cpu: T0 : 0x1a812    : c_sd a5, 24(a5)            : MemWrite :  D=0x000000000006fc08 A=0x6fc20
 841000: system.cpu: T0 : 0x1a814    : c_sd a5, 16(a5)            : MemWrite :  D=0x000000000006fc08 A=0x6fc18
 841500: system.cpu: T0 : 0x1a816    : c_addi a5, 16              : IntAlu :  D=0x000000000006fc18
 842000: system.cpu: T0 : 0x1a818    : bne a4, a5, -6             : IntAlu : 
 842500: system.cpu: T0 : 0x1a812    : c_sd a5, 24(a5)            : MemWrite :  D=0x000000000006fc18 A=0x6fc30
 843000: system.cpu: T0 : 0x1a814    : c_sd a5, 16(a5)            : MemWrite :  D=0x000000000006fc18 A=0x6fc28
 843500: system.cpu: T0 : 0x1a816    : c_addi a5, 16              : IntAlu :  D=0x000000000006fc28
 844000: system.cpu: T0 : 0x1a818    : bne a4, a5, -6             : IntAlu : 
 844500: system.cpu: T0 : 0x1a812    : c_sd a5, 24(a5)            : MemWrite :  D=0x000000000006fc28 A=0x6fc40
 845000: system.cpu: T0 : 0x1a814    : c_sd a5, 16(a5)            : MemWrite :  D=0x000000000006fc28 A=0x6fc38
 845500: system.cpu: T0 : 0x1a816    : c_addi a5, 16              : IntAlu :  D=0x000000000006fc38
 846000: system.cpu: T0 : 0x1a818    : bne a4, a5, -6             : IntAlu : 
 846500: system.cpu: T0 : 0x1a812    : c_sd a5, 24(a5)            : MemWrite :  D=0x000000000006fc38 A=0x6fc50
 847000: system.cpu: T0 : 0x1a814    : c_sd a5, 16(a5)            : MemWrite :  D=0x000000000006fc38 A=0x6fc48
 847500: system.cpu: T0 : 0x1a816    : c_addi a5, 16              : IntAlu :  D=0x000000000006fc48
 848000: system.cpu: T0 : 0x1a818    : bne a4, a5, -6             : IntAlu : 
 848500: system.cpu: T0 : 0x1a812    : c_sd a5, 24(a5)            : MemWrite :  D=0x000000000006fc48 A=0x6fc60
 849000: system.cpu: T0 : 0x1a814    : c_sd a5, 16(a5)            : MemWrite :  D=0x000000000006fc48 A=0x6fc58
 849500: system.cpu: T0 : 0x1a816    : c_addi a5, 16              : IntAlu :  D=0x000000000006fc58
 850000: system.cpu: T0 : 0x1a818    : bne a4, a5, -6             : IntAlu : 
 850500: system.cpu: T0 : 0x1a812    : c_sd a5, 24(a5)            : MemWrite :  D=0x000000000006fc58 A=0x6fc70
 851000: system.cpu: T0 : 0x1a814    : c_sd a5, 16(a5)            : MemWrite :  D=0x000000000006fc58 A=0x6fc68
 851500: system.cpu: T0 : 0x1a816    : c_addi a5, 16              : IntAlu :  D=0x000000000006fc68
 852000: system.cpu: T0 : 0x1a818    : bne a4, a5, -6             : IntAlu : 
 852500: system.cpu: T0 : 0x1a812    : c_sd a5, 24(a5)            : MemWrite :  D=0x000000000006fc68 A=0x6fc80
 853000: system.cpu: T0 : 0x1a814    : c_sd a5, 16(a5)            : MemWrite :  D=0x000000000006fc68 A=0x6fc78
 853500: system.cpu: T0 : 0x1a816    : c_addi a5, 16              : IntAlu :  D=0x000000000006fc78
 854000: system.cpu: T0 : 0x1a818    : bne a4, a5, -6             : IntAlu : 
 854500: system.cpu: T0 : 0x1a812    : c_sd a5, 24(a5)            : MemWrite :  D=0x000000000006fc78 A=0x6fc90
 855000: system.cpu: T0 : 0x1a814    : c_sd a5, 16(a5)            : MemWrite :  D=0x000000000006fc78 A=0x6fc88
 855500: system.cpu: T0 : 0x1a816    : c_addi a5, 16              : IntAlu :  D=0x000000000006fc88
 856000: system.cpu: T0 : 0x1a818    : bne a4, a5, -6             : IntAlu : 
 856500: system.cpu: T0 : 0x1a812    : c_sd a5, 24(a5)            : MemWrite :  D=0x000000000006fc88 A=0x6fca0
 857000: system.cpu: T0 : 0x1a814    : c_sd a5, 16(a5)            : MemWrite :  D=0x000000000006fc88 A=0x6fc98
 857500: system.cpu: T0 : 0x1a816    : c_addi a5, 16              : IntAlu :  D=0x000000000006fc98
 858000: system.cpu: T0 : 0x1a818    : bne a4, a5, -6             : IntAlu : 
 858500: system.cpu: T0 : 0x1a812    : c_sd a5, 24(a5)            : MemWrite :  D=0x000000000006fc98 A=0x6fcb0
 859000: system.cpu: T0 : 0x1a814    : c_sd a5, 16(a5)            : MemWrite :  D=0x000000000006fc98 A=0x6fca8
 859500: system.cpu: T0 : 0x1a816    : c_addi a5, 16              : IntAlu :  D=0x000000000006fca8
 860000: system.cpu: T0 : 0x1a818    : bne a4, a5, -6             : IntAlu : 
 860500: system.cpu: T0 : 0x1a812    : c_sd a5, 24(a5)            : MemWrite :  D=0x000000000006fca8 A=0x6fcc0
 861000: system.cpu: T0 : 0x1a814    : c_sd a5, 16(a5)            : MemWrite :  D=0x000000000006fca8 A=0x6fcb8
 861500: system.cpu: T0 : 0x1a816    : c_addi a5, 16              : IntAlu :  D=0x000000000006fcb8
 862000: system.cpu: T0 : 0x1a818    : bne a4, a5, -6             : IntAlu : 
 862500: system.cpu: T0 : 0x1a812    : c_sd a5, 24(a5)            : MemWrite :  D=0x000000000006fcb8 A=0x6fcd0
 863000: system.cpu: T0 : 0x1a814    : c_sd a5, 16(a5)            : MemWrite :  D=0x000000000006fcb8 A=0x6fcc8
 863500: system.cpu: T0 : 0x1a816    : c_addi a5, 16              : IntAlu :  D=0x000000000006fcc8
 864000: system.cpu: T0 : 0x1a818    : bne a4, a5, -6             : IntAlu : 
 864500: system.cpu: T0 : 0x1a812    : c_sd a5, 24(a5)            : MemWrite :  D=0x000000000006fcc8 A=0x6fce0
 865000: system.cpu: T0 : 0x1a814    : c_sd a5, 16(a5)            : MemWrite :  D=0x000000000006fcc8 A=0x6fcd8
 865500: system.cpu: T0 : 0x1a816    : c_addi a5, 16              : IntAlu :  D=0x000000000006fcd8
 866000: system.cpu: T0 : 0x1a818    : bne a4, a5, -6             : IntAlu : 
 866500: system.cpu: T0 : 0x1a812    : c_sd a5, 24(a5)            : MemWrite :  D=0x000000000006fcd8 A=0x6fcf0
 867000: system.cpu: T0 : 0x1a814    : c_sd a5, 16(a5)            : MemWrite :  D=0x000000000006fcd8 A=0x6fce8
 867500: system.cpu: T0 : 0x1a816    : c_addi a5, 16              : IntAlu :  D=0x000000000006fce8
 868000: system.cpu: T0 : 0x1a818    : bne a4, a5, -6             : IntAlu : 
 868500: system.cpu: T0 : 0x1a812    : c_sd a5, 24(a5)            : MemWrite :  D=0x000000000006fce8 A=0x6fd00
 869000: system.cpu: T0 : 0x1a814    : c_sd a5, 16(a5)            : MemWrite :  D=0x000000000006fce8 A=0x6fcf8
 869500: system.cpu: T0 : 0x1a816    : c_addi a5, 16              : IntAlu :  D=0x000000000006fcf8
 870000: system.cpu: T0 : 0x1a818    : bne a4, a5, -6             : IntAlu : 
 870500: system.cpu: T0 : 0x1a812    : c_sd a5, 24(a5)            : MemWrite :  D=0x000000000006fcf8 A=0x6fd10
 871000: system.cpu: T0 : 0x1a814    : c_sd a5, 16(a5)            : MemWrite :  D=0x000000000006fcf8 A=0x6fd08
 871500: system.cpu: T0 : 0x1a816    : c_addi a5, 16              : IntAlu :  D=0x000000000006fd08
 872000: system.cpu: T0 : 0x1a818    : bne a4, a5, -6             : IntAlu : 
 872500: system.cpu: T0 : 0x1a812    : c_sd a5, 24(a5)            : MemWrite :  D=0x000000000006fd08 A=0x6fd20
 873000: system.cpu: T0 : 0x1a814    : c_sd a5, 16(a5)            : MemWrite :  D=0x000000000006fd08 A=0x6fd18
 873500: system.cpu: T0 : 0x1a816    : c_addi a5, 16              : IntAlu :  D=0x000000000006fd18
 874000: system.cpu: T0 : 0x1a818    : bne a4, a5, -6             : IntAlu : 
 874500: system.cpu: T0 : 0x1a812    : c_sd a5, 24(a5)            : MemWrite :  D=0x000000000006fd18 A=0x6fd30
 875000: system.cpu: T0 : 0x1a814    : c_sd a5, 16(a5)            : MemWrite :  D=0x000000000006fd18 A=0x6fd28
 875500: system.cpu: T0 : 0x1a816    : c_addi a5, 16              : IntAlu :  D=0x000000000006fd28
 876000: system.cpu: T0 : 0x1a818    : bne a4, a5, -6             : IntAlu : 
 876500: system.cpu: T0 : 0x1a812    : c_sd a5, 24(a5)            : MemWrite :  D=0x000000000006fd28 A=0x6fd40
 877000: system.cpu: T0 : 0x1a814    : c_sd a5, 16(a5)            : MemWrite :  D=0x000000000006fd28 A=0x6fd38
 877500: system.cpu: T0 : 0x1a816    : c_addi a5, 16              : IntAlu :  D=0x000000000006fd38
 878000: system.cpu: T0 : 0x1a818    : bne a4, a5, -6             : IntAlu : 
 878500: system.cpu: T0 : 0x1a812    : c_sd a5, 24(a5)            : MemWrite :  D=0x000000000006fd38 A=0x6fd50
 879000: system.cpu: T0 : 0x1a814    : c_sd a5, 16(a5)            : MemWrite :  D=0x000000000006fd38 A=0x6fd48
 879500: system.cpu: T0 : 0x1a816    : c_addi a5, 16              : IntAlu :  D=0x000000000006fd48
 880000: system.cpu: T0 : 0x1a818    : bne a4, a5, -6             : IntAlu : 
 880500: system.cpu: T0 : 0x1a812    : c_sd a5, 24(a5)            : MemWrite :  D=0x000000000006fd48 A=0x6fd60
 881000: system.cpu: T0 : 0x1a814    : c_sd a5, 16(a5)            : MemWrite :  D=0x000000000006fd48 A=0x6fd58
 881500: system.cpu: T0 : 0x1a816    : c_addi a5, 16              : IntAlu :  D=0x000000000006fd58
 882000: system.cpu: T0 : 0x1a818    : bne a4, a5, -6             : IntAlu : 
 882500: system.cpu: T0 : 0x1a812    : c_sd a5, 24(a5)            : MemWrite :  D=0x000000000006fd58 A=0x6fd70
 883000: system.cpu: T0 : 0x1a814    : c_sd a5, 16(a5)            : MemWrite :  D=0x000000000006fd58 A=0x6fd68
 883500: system.cpu: T0 : 0x1a816    : c_addi a5, 16              : IntAlu :  D=0x000000000006fd68
 884000: system.cpu: T0 : 0x1a818    : bne a4, a5, -6             : IntAlu : 
 884500: system.cpu: T0 : 0x1a812    : c_sd a5, 24(a5)            : MemWrite :  D=0x000000000006fd68 A=0x6fd80
 885000: system.cpu: T0 : 0x1a814    : c_sd a5, 16(a5)            : MemWrite :  D=0x000000000006fd68 A=0x6fd78
 885500: system.cpu: T0 : 0x1a816    : c_addi a5, 16              : IntAlu :  D=0x000000000006fd78
 886000: system.cpu: T0 : 0x1a818    : bne a4, a5, -6             : IntAlu : 
 886500: system.cpu: T0 : 0x1a812    : c_sd a5, 24(a5)            : MemWrite :  D=0x000000000006fd78 A=0x6fd90
 887000: system.cpu: T0 : 0x1a814    : c_sd a5, 16(a5)            : MemWrite :  D=0x000000000006fd78 A=0x6fd88
 887500: system.cpu: T0 : 0x1a816    : c_addi a5, 16              : IntAlu :  D=0x000000000006fd88
 888000: system.cpu: T0 : 0x1a818    : bne a4, a5, -6             : IntAlu : 
 888500: system.cpu: T0 : 0x1a812    : c_sd a5, 24(a5)            : MemWrite :  D=0x000000000006fd88 A=0x6fda0
 889000: system.cpu: T0 : 0x1a814    : c_sd a5, 16(a5)            : MemWrite :  D=0x000000000006fd88 A=0x6fd98
 889500: system.cpu: T0 : 0x1a816    : c_addi a5, 16              : IntAlu :  D=0x000000000006fd98
 890000: system.cpu: T0 : 0x1a818    : bne a4, a5, -6             : IntAlu : 
 890500: system.cpu: T0 : 0x1a812    : c_sd a5, 24(a5)            : MemWrite :  D=0x000000000006fd98 A=0x6fdb0
 891000: system.cpu: T0 : 0x1a814    : c_sd a5, 16(a5)            : MemWrite :  D=0x000000000006fd98 A=0x6fda8
 891500: system.cpu: T0 : 0x1a816    : c_addi a5, 16              : IntAlu :  D=0x000000000006fda8
 892000: system.cpu: T0 : 0x1a818    : bne a4, a5, -6             : IntAlu : 
 892500: system.cpu: T0 : 0x1a812    : c_sd a5, 24(a5)            : MemWrite :  D=0x000000000006fda8 A=0x6fdc0
 893000: system.cpu: T0 : 0x1a814    : c_sd a5, 16(a5)            : MemWrite :  D=0x000000000006fda8 A=0x6fdb8
 893500: system.cpu: T0 : 0x1a816    : c_addi a5, 16              : IntAlu :  D=0x000000000006fdb8
 894000: system.cpu: T0 : 0x1a818    : bne a4, a5, -6             : IntAlu : 
 894500: system.cpu: T0 : 0x1a812    : c_sd a5, 24(a5)            : MemWrite :  D=0x000000000006fdb8 A=0x6fdd0
 895000: system.cpu: T0 : 0x1a814    : c_sd a5, 16(a5)            : MemWrite :  D=0x000000000006fdb8 A=0x6fdc8
 895500: system.cpu: T0 : 0x1a816    : c_addi a5, 16              : IntAlu :  D=0x000000000006fdc8
 896000: system.cpu: T0 : 0x1a818    : bne a4, a5, -6             : IntAlu : 
 896500: system.cpu: T0 : 0x1a812    : c_sd a5, 24(a5)            : MemWrite :  D=0x000000000006fdc8 A=0x6fde0
 897000: system.cpu: T0 : 0x1a814    : c_sd a5, 16(a5)            : MemWrite :  D=0x000000000006fdc8 A=0x6fdd8
 897500: system.cpu: T0 : 0x1a816    : c_addi a5, 16              : IntAlu :  D=0x000000000006fdd8
 898000: system.cpu: T0 : 0x1a818    : bne a4, a5, -6             : IntAlu : 
 898500: system.cpu: T0 : 0x1a812    : c_sd a5, 24(a5)            : MemWrite :  D=0x000000000006fdd8 A=0x6fdf0
 899000: system.cpu: T0 : 0x1a814    : c_sd a5, 16(a5)            : MemWrite :  D=0x000000000006fdd8 A=0x6fde8
 899500: system.cpu: T0 : 0x1a816    : c_addi a5, 16              : IntAlu :  D=0x000000000006fde8
 900000: system.cpu: T0 : 0x1a818    : bne a4, a5, -6             : IntAlu : 
 900500: system.cpu: T0 : 0x1a812    : c_sd a5, 24(a5)            : MemWrite :  D=0x000000000006fde8 A=0x6fe00
 901000: system.cpu: T0 : 0x1a814    : c_sd a5, 16(a5)            : MemWrite :  D=0x000000000006fde8 A=0x6fdf8
 901500: system.cpu: T0 : 0x1a816    : c_addi a5, 16              : IntAlu :  D=0x000000000006fdf8
 902000: system.cpu: T0 : 0x1a818    : bne a4, a5, -6             : IntAlu : 
 902500: system.cpu: T0 : 0x1a812    : c_sd a5, 24(a5)            : MemWrite :  D=0x000000000006fdf8 A=0x6fe10
 903000: system.cpu: T0 : 0x1a814    : c_sd a5, 16(a5)            : MemWrite :  D=0x000000000006fdf8 A=0x6fe08
 903500: system.cpu: T0 : 0x1a816    : c_addi a5, 16              : IntAlu :  D=0x000000000006fe08
 904000: system.cpu: T0 : 0x1a818    : bne a4, a5, -6             : IntAlu : 
 904500: system.cpu: T0 : 0x1a812    : c_sd a5, 24(a5)            : MemWrite :  D=0x000000000006fe08 A=0x6fe20
 905000: system.cpu: T0 : 0x1a814    : c_sd a5, 16(a5)            : MemWrite :  D=0x000000000006fe08 A=0x6fe18
 905500: system.cpu: T0 : 0x1a816    : c_addi a5, 16              : IntAlu :  D=0x000000000006fe18
 906000: system.cpu: T0 : 0x1a818    : bne a4, a5, -6             : IntAlu : 
 906500: system.cpu: T0 : 0x1a81c    : lui a5, 111                : IntAlu :  D=0x000000000006f000
 907000: system.cpu: T0 : 0x1a820    : addi a5, a5, 1480          : IntAlu :  D=0x000000000006f5c8
 907500: system.cpu: T0 : 0x1a824    : beq a0, a5, 24             : IntAlu : 
 908000: system.cpu: T0 : 0x1a83c    : addi a4, zero, 128         : IntAlu :  D=0x0000000000000080
 908500: system.cpu: T0 : 0x1a840    : sd a4, -1376(gp)           : MemWrite :  D=0x0000000000000080 A=0x70ac8
 909000: system.cpu: T0 : 0x1a844    : addi a5, a0, 8             : IntAlu :  D=0x000000000006f5d0
 909500: system.cpu: T0 : 0x1a848    : amoswap_w zero, zero, (a5)
 909500: system.cpu: T0 : 0x1a848. 0 : amoswap_w[l] zero, zero, (a5) : MemRead :  D=0x0000000000000000 A=0x6f5d0
 910000: system.cpu: T0 : 0x1a84c    : c_sd a3, 96(a0)            : MemWrite :  D=0x000000000006f628 A=0x6f628
 910500: system.cpu: T0 : 0x1a84e    : c_jr ra                    : IntAlu : 
 911000: system.cpu: T0 : 0x1ac0a    : c_lui a2, 27               : IntAlu :  D=0x000000000001b000
 911500: system.cpu: T0 : 0x1ac0c    : addi a2, a2, 856           : IntAlu :  D=0x000000000001b358
 912000: system.cpu: T0 : 0x1ac10    : c_mv a1, sp                : IntAlu :  D=0x7ffffffffffffbc0
 912500: system.cpu: T0 : 0x1ac12    : c_li a0, 19                : IntAlu :  D=0x0000000000000013
 913000: system.cpu: T0 : 0x1ac14    : jal ra, 30078              : IntAlu :  D=0x000000000001ac18
 913500: system.cpu: T0 : 0x22192    : c_slli a0, 32              : IntAlu :  D=0x0000001300000000
 914000: system.cpu: T0 : 0x22194    : c_srli a0, 32              : IntAlu :  D=0x0000000000000013
 915000: system.cpu: T0 : 0x22196    : slli a5, a0, 3             : IntAlu :  D=0x0000000000000098
 915500: system.cpu: T0 : 0x2219a    : c_sub a5, a0               : IntAlu :  D=0x0000000000000085
 916000: system.cpu: T0 : 0x2219c    : lui a4, 111                : IntAlu :  D=0x000000000006f000
 916500: system.cpu: T0 : 0x221a0    : addi a4, a4, -1248         : IntAlu :  D=0x000000000006eb20
 917000: system.cpu: T0 : 0x221a4    : c_slli a5, 3               : IntAlu :  D=0x0000000000000428
 917500: system.cpu: T0 : 0x221a6    : c_add a5, a4               : IntAlu :  D=0x000000000006ef48
 918000: system.cpu: T0 : 0x221a8    : c_lw a3, 8(a5)             : MemRead :  D=0x0000000000000000 A=0x6ef50
 918500: system.cpu: T0 : 0x221aa    : c_li a6, 2                 : IntAlu :  D=0x0000000000000002
 919000: system.cpu: T0 : 0x221ac    : c_ld a5, 32(a5)            : MemRead :  D=0x0000000000000000 A=0x6ef68
 920000: system.cpu: T0 : 0x221ae    : bltu a6, a3, 42            : IntAlu : 
 920500: system.cpu: T0 : 0x221b2    : c_bnez a3, 38              : IntAlu : 
 921000: system.cpu: T0 : 0x221b4    : c_sw a5, 0(a1)             : MemWrite :  D=0x0000000000000000 A=0x7ffffffffffffbc0
 922000: system.cpu: T0 : 0x221b6    : slli a5, a0, 3             : IntAlu :  D=0x0000000000000098
 922500: system.cpu: T0 : 0x221ba    : c_sub a5, a0               : IntAlu :  D=0x0000000000000085
 923000: system.cpu: T0 : 0x221bc    : c_slli a5, 3               : IntAlu :  D=0x0000000000000428
 924000: system.cpu: T0 : 0x221be    : add a3, a4, a5             : IntAlu :  D=0x000000000006ef48
 925000: system.cpu: T0 : 0x221c2    : lbu a3, 40(a3)             : MemRead :  D=0x0000000000000000 A=0x6ef70
 925500: system.cpu: T0 : 0x221c6    : c_beqz a3, 16              : IntAlu : 
 926000: system.cpu: T0 : 0x221d6    : c_jr ra                    : IntAlu : 
 926500: system.cpu: T0 : 0x1ac18    : c_lui a2, 26               : IntAlu :  D=0x000000000001a000
 927500: system.cpu: T0 : 0x1ac1a    : addi a2, a2, 1180          : IntAlu :  D=0x000000000001a49c
 928000: system.cpu: T0 : 0x1ac1e    : c_mv a1, sp                : IntAlu :  D=0x7ffffffffffffbc0
 928500: system.cpu: T0 : 0x1ac20    : c_li a0, 7                 : IntAlu :  D=0x0000000000000007
 929500: system.cpu: T0 : 0x1ac22    : jal ra, 30064              : IntAlu :  D=0x000000000001ac26
 930000: system.cpu: T0 : 0x22192    : c_slli a0, 32              : IntAlu :  D=0x0000000700000000
 930500: system.cpu: T0 : 0x22194    : c_srli a0, 32              : IntAlu :  D=0x0000000000000007
 931500: system.cpu: T0 : 0x22196    : slli a5, a0, 3             : IntAlu :  D=0x0000000000000038
 932000: system.cpu: T0 : 0x2219a    : c_sub a5, a0               : IntAlu :  D=0x0000000000000031
 932500: system.cpu: T0 : 0x2219c    : lui a4, 111                : IntAlu :  D=0x000000000006f000
 933000: system.cpu: T0 : 0x221a0    : addi a4, a4, -1248         : IntAlu :  D=0x000000000006eb20
 933500: system.cpu: T0 : 0x221a4    : c_slli a5, 3               : IntAlu :  D=0x0000000000000188
 934000: system.cpu: T0 : 0x221a6    : c_add a5, a4               : IntAlu :  D=0x000000000006eca8
 934500: system.cpu: T0 : 0x221a8    : c_lw a3, 8(a5)             : MemRead :  D=0x0000000000000002 A=0x6ecb0
 935000: system.cpu: T0 : 0x221aa    : c_li a6, 2                 : IntAlu :  D=0x0000000000000002
 935500: system.cpu: T0 : 0x221ac    : c_ld a5, 32(a5)            : MemRead :  D=0x0000000000000000 A=0x6ecc8
 936500: system.cpu: T0 : 0x221ae    : bltu a6, a3, 42            : IntAlu : 
 937000: system.cpu: T0 : 0x221b2    : c_bnez a3, 38              : IntAlu : 
 937500: system.cpu: T0 : 0x221d8    : c_sd a5, 0(a1)             : MemWrite :  D=0x0000000000000000 A=0x7ffffffffffffbc0
 938000: system.cpu: T0 : 0x221da    : c_j -36                    : IntAlu : 
 939000: system.cpu: T0 : 0x221b6    : slli a5, a0, 3             : IntAlu :  D=0x0000000000000038
 939500: system.cpu: T0 : 0x221ba    : c_sub a5, a0               : IntAlu :  D=0x0000000000000031
 940000: system.cpu: T0 : 0x221bc    : c_slli a5, 3               : IntAlu :  D=0x0000000000000188
 941000: system.cpu: T0 : 0x221be    : add a3, a4, a5             : IntAlu :  D=0x000000000006eca8
 942000: system.cpu: T0 : 0x221c2    : lbu a3, 40(a3)             : MemRead :  D=0x0000000000000000 A=0x6ecd0
 942500: system.cpu: T0 : 0x221c6    : c_beqz a3, 16              : IntAlu : 
 943000: system.cpu: T0 : 0x221d6    : c_jr ra                    : IntAlu : 
 943500: system.cpu: T0 : 0x1ac26    : c_lui a2, 26               : IntAlu :  D=0x000000000001a000
 944000: system.cpu: T0 : 0x1ac28    : addi a2, a2, 1198          : IntAlu :  D=0x000000000001a4ae
 944500: system.cpu: T0 : 0x1ac2c    : c_mv a1, sp                : IntAlu :  D=0x7ffffffffffffbc0
 945000: system.cpu: T0 : 0x1ac2e    : c_li a0, 2                 : IntAlu :  D=0x0000000000000002
 945500: system.cpu: T0 : 0x1ac30    : jal ra, 30050              : IntAlu :  D=0x000000000001ac34
 946000: system.cpu: T0 : 0x22192    : c_slli a0, 32              : IntAlu :  D=0x0000000200000000
 946500: system.cpu: T0 : 0x22194    : c_srli a0, 32              : IntAlu :  D=0x0000000000000002
 947500: system.cpu: T0 : 0x22196    : slli a5, a0, 3             : IntAlu :  D=0x0000000000000010
 948000: system.cpu: T0 : 0x2219a    : c_sub a5, a0               : IntAlu :  D=0x000000000000000e
 948500: system.cpu: T0 : 0x2219c    : lui a4, 111                : IntAlu :  D=0x000000000006f000
 949000: system.cpu: T0 : 0x221a0    : addi a4, a4, -1248         : IntAlu :  D=0x000000000006eb20
 949500: system.cpu: T0 : 0x221a4    : c_slli a5, 3               : IntAlu :  D=0x0000000000000070
 950000: system.cpu: T0 : 0x221a6    : c_add a5, a4               : IntAlu :  D=0x000000000006eb90
 950500: system.cpu: T0 : 0x221a8    : c_lw a3, 8(a5)             : MemRead :  D=0x0000000000000000 A=0x6eb98
 951000: system.cpu: T0 : 0x221aa    : c_li a6, 2                 : IntAlu :  D=0x0000000000000002
 951500: system.cpu: T0 : 0x221ac    : c_ld a5, 32(a5)            : MemRead :  D=0x0000000000000000 A=0x6ebb0
 952500: system.cpu: T0 : 0x221ae    : bltu a6, a3, 42            : IntAlu : 
 953000: system.cpu: T0 : 0x221b2    : c_bnez a3, 38              : IntAlu : 
 953500: system.cpu: T0 : 0x221b4    : c_sw a5, 0(a1)             : MemWrite :  D=0x0000000000000000 A=0x7ffffffffffffbc0
 954500: system.cpu: T0 : 0x221b6    : slli a5, a0, 3             : IntAlu :  D=0x0000000000000010
 955000: system.cpu: T0 : 0x221ba    : c_sub a5, a0               : IntAlu :  D=0x000000000000000e
 955500: system.cpu: T0 : 0x221bc    : c_slli a5, 3               : IntAlu :  D=0x0000000000000070
 956500: system.cpu: T0 : 0x221be    : add a3, a4, a5             : IntAlu :  D=0x000000000006eb90
 957500: system.cpu: T0 : 0x221c2    : lbu a3, 40(a3)             : MemRead :  D=0x0000000000000000 A=0x6ebb8
 958000: system.cpu: T0 : 0x221c6    : c_beqz a3, 16              : IntAlu : 
 958500: system.cpu: T0 : 0x221d6    : c_jr ra                    : IntAlu : 
 959000: system.cpu: T0 : 0x1ac34    : c_lui a2, 26               : IntAlu :  D=0x000000000001a000
 960000: system.cpu: T0 : 0x1ac36    : addi a2, a2, 1134          : IntAlu :  D=0x000000000001a46e
 960500: system.cpu: T0 : 0x1ac3a    : c_mv a1, sp                : IntAlu :  D=0x7ffffffffffffbc0
 961000: system.cpu: T0 : 0x1ac3c    : c_li a0, 14                : IntAlu :  D=0x000000000000000e
 962000: system.cpu: T0 : 0x1ac3e    : jal ra, 30036              : IntAlu :  D=0x000000000001ac42
 962500: system.cpu: T0 : 0x22192    : c_slli a0, 32              : IntAlu :  D=0x0000000e00000000
 963000: system.cpu: T0 : 0x22194    : c_srli a0, 32              : IntAlu :  D=0x000000000000000e
 964000: system.cpu: T0 : 0x22196    : slli a5, a0, 3             : IntAlu :  D=0x0000000000000070
 964500: system.cpu: T0 : 0x2219a    : c_sub a5, a0               : IntAlu :  D=0x0000000000000062
 965000: system.cpu: T0 : 0x2219c    : lui a4, 111                : IntAlu :  D=0x000000000006f000
 965500: system.cpu: T0 : 0x221a0    : addi a4, a4, -1248         : IntAlu :  D=0x000000000006eb20
 966000: system.cpu: T0 : 0x221a4    : c_slli a5, 3               : IntAlu :  D=0x0000000000000310
 966500: system.cpu: T0 : 0x221a6    : c_add a5, a4               : IntAlu :  D=0x000000000006ee30
 967000: system.cpu: T0 : 0x221a8    : c_lw a3, 8(a5)             : MemRead :  D=0x0000000000000002 A=0x6ee38
 967500: system.cpu: T0 : 0x221aa    : c_li a6, 2                 : IntAlu :  D=0x0000000000000002
 968000: system.cpu: T0 : 0x221ac    : c_ld a5, 32(a5)            : MemRead :  D=0x0000000000000000 A=0x6ee50
 969000: system.cpu: T0 : 0x221ae    : bltu a6, a3, 42            : IntAlu : 
 969500: system.cpu: T0 : 0x221b2    : c_bnez a3, 38              : IntAlu : 
 970000: system.cpu: T0 : 0x221d8    : c_sd a5, 0(a1)             : MemWrite :  D=0x0000000000000000 A=0x7ffffffffffffbc0
 970500: system.cpu: T0 : 0x221da    : c_j -36                    : IntAlu : 
 971500: system.cpu: T0 : 0x221b6    : slli a5, a0, 3             : IntAlu :  D=0x0000000000000070
 972000: system.cpu: T0 : 0x221ba    : c_sub a5, a0               : IntAlu :  D=0x0000000000000062
 972500: system.cpu: T0 : 0x221bc    : c_slli a5, 3               : IntAlu :  D=0x0000000000000310
 973500: system.cpu: T0 : 0x221be    : add a3, a4, a5             : IntAlu :  D=0x000000000006ee30
 974500: system.cpu: T0 : 0x221c2    : lbu a3, 40(a3)             : MemRead :  D=0x0000000000000000 A=0x6ee58
 975000: system.cpu: T0 : 0x221c6    : c_beqz a3, 16              : IntAlu : 
 975500: system.cpu: T0 : 0x221d6    : c_jr ra                    : IntAlu : 
 976000: system.cpu: T0 : 0x1ac42    : c_lui a2, 26               : IntAlu :  D=0x000000000001a000
 976500: system.cpu: T0 : 0x1ac44    : addi a2, a2, 1206          : IntAlu :  D=0x000000000001a4b6
 977000: system.cpu: T0 : 0x1ac48    : c_mv a1, sp                : IntAlu :  D=0x7ffffffffffffbc0
 977500: system.cpu: T0 : 0x1ac4a    : c_li a0, 1                 : IntAlu :  D=0x0000000000000001
 978000: system.cpu: T0 : 0x1ac4c    : jal ra, 30022              : IntAlu :  D=0x000000000001ac50
 978500: system.cpu: T0 : 0x22192    : c_slli a0, 32              : IntAlu :  D=0x0000000100000000
 979000: system.cpu: T0 : 0x22194    : c_srli a0, 32              : IntAlu :  D=0x0000000000000001
 980000: system.cpu: T0 : 0x22196    : slli a5, a0, 3             : IntAlu :  D=0x0000000000000008
 980500: system.cpu: T0 : 0x2219a    : c_sub a5, a0               : IntAlu :  D=0x0000000000000007
 981000: system.cpu: T0 : 0x2219c    : lui a4, 111                : IntAlu :  D=0x000000000006f000
 981500: system.cpu: T0 : 0x221a0    : addi a4, a4, -1248         : IntAlu :  D=0x000000000006eb20
 982000: system.cpu: T0 : 0x221a4    : c_slli a5, 3               : IntAlu :  D=0x0000000000000038
 982500: system.cpu: T0 : 0x221a6    : c_add a5, a4               : IntAlu :  D=0x000000000006eb58
 983000: system.cpu: T0 : 0x221a8    : c_lw a3, 8(a5)             : MemRead :  D=0x0000000000000002 A=0x6eb60
 983500: system.cpu: T0 : 0x221aa    : c_li a6, 2                 : IntAlu :  D=0x0000000000000002
 984000: system.cpu: T0 : 0x221ac    : c_ld a5, 32(a5)            : MemRead :  D=0x0000000000000000 A=0x6eb78
 985000: system.cpu: T0 : 0x221ae    : bltu a6, a3, 42            : IntAlu : 
 985500: system.cpu: T0 : 0x221b2    : c_bnez a3, 38              : IntAlu : 
 986000: system.cpu: T0 : 0x221d8    : c_sd a5, 0(a1)             : MemWrite :  D=0x0000000000000000 A=0x7ffffffffffffbc0
 986500: system.cpu: T0 : 0x221da    : c_j -36                    : IntAlu : 
 987500: system.cpu: T0 : 0x221b6    : slli a5, a0, 3             : IntAlu :  D=0x0000000000000008
 988000: system.cpu: T0 : 0x221ba    : c_sub a5, a0               : IntAlu :  D=0x0000000000000007
 988500: system.cpu: T0 : 0x221bc    : c_slli a5, 3               : IntAlu :  D=0x0000000000000038
 989500: system.cpu: T0 : 0x221be    : add a3, a4, a5             : IntAlu :  D=0x000000000006eb58
 990500: system.cpu: T0 : 0x221c2    : lbu a3, 40(a3)             : MemRead :  D=0x0000000000000000 A=0x6eb80
 991000: system.cpu: T0 : 0x221c6    : c_beqz a3, 16              : IntAlu : 
 991500: system.cpu: T0 : 0x221d6    : c_jr ra                    : IntAlu : 
 992000: system.cpu: T0 : 0x1ac50    : c_lui a2, 26               : IntAlu :  D=0x000000000001a000
 993000: system.cpu: T0 : 0x1ac52    : addi a2, a2, 1162          : IntAlu :  D=0x000000000001a48a
 993500: system.cpu: T0 : 0x1ac56    : c_mv a1, sp                : IntAlu :  D=0x7ffffffffffffbc0
 994000: system.cpu: T0 : 0x1ac58    : c_li a0, 9                 : IntAlu :  D=0x0000000000000009
 995000: system.cpu: T0 : 0x1ac5a    : jal ra, 30008              : IntAlu :  D=0x000000000001ac5e
 995500: system.cpu: T0 : 0x22192    : c_slli a0, 32              : IntAlu :  D=0x0000000900000000
 996000: system.cpu: T0 : 0x22194    : c_srli a0, 32              : IntAlu :  D=0x0000000000000009
 997000: system.cpu: T0 : 0x22196    : slli a5, a0, 3             : IntAlu :  D=0x0000000000000048
 997500: system.cpu: T0 : 0x2219a    : c_sub a5, a0               : IntAlu :  D=0x000000000000003f
 998000: system.cpu: T0 : 0x2219c    : lui a4, 111                : IntAlu :  D=0x000000000006f000
 998500: system.cpu: T0 : 0x221a0    : addi a4, a4, -1248         : IntAlu :  D=0x000000000006eb20
 999000: system.cpu: T0 : 0x221a4    : c_slli a5, 3               : IntAlu :  D=0x00000000000001f8
 999500: system.cpu: T0 : 0x221a6    : c_add a5, a4               : IntAlu :  D=0x000000000006ed18
1000000: system.cpu: T0 : 0x221a8    : c_lw a3, 8(a5)             : MemRead :  D=0x0000000000000000 A=0x6ed20
1000500: system.cpu: T0 : 0x221aa    : c_li a6, 2                 : IntAlu :  D=0x0000000000000002
1001000: system.cpu: T0 : 0x221ac    : c_ld a5, 32(a5)            : MemRead :  D=0x0000000000000000 A=0x6ed38
1002000: system.cpu: T0 : 0x221ae    : bltu a6, a3, 42            : IntAlu : 
1002500: system.cpu: T0 : 0x221b2    : c_bnez a3, 38              : IntAlu : 
1003000: system.cpu: T0 : 0x221b4    : c_sw a5, 0(a1)             : MemWrite :  D=0x0000000000000000 A=0x7ffffffffffffbc0
1004000: system.cpu: T0 : 0x221b6    : slli a5, a0, 3             : IntAlu :  D=0x0000000000000048
1004500: system.cpu: T0 : 0x221ba    : c_sub a5, a0               : IntAlu :  D=0x000000000000003f
1005000: system.cpu: T0 : 0x221bc    : c_slli a5, 3               : IntAlu :  D=0x00000000000001f8
1006000: system.cpu: T0 : 0x221be    : add a3, a4, a5             : IntAlu :  D=0x000000000006ed18
1007000: system.cpu: T0 : 0x221c2    : lbu a3, 40(a3)             : MemRead :  D=0x0000000000000000 A=0x6ed40
1007500: system.cpu: T0 : 0x221c6    : c_beqz a3, 16              : IntAlu : 
1008000: system.cpu: T0 : 0x221d6    : c_jr ra                    : IntAlu : 
1008500: system.cpu: T0 : 0x1ac5e    : c_lui a2, 26               : IntAlu :  D=0x000000000001a000
1009000: system.cpu: T0 : 0x1ac60    : addi a2, a2, 1224          : IntAlu :  D=0x000000000001a4c8
1009500: system.cpu: T0 : 0x1ac64    : c_mv a1, sp                : IntAlu :  D=0x7ffffffffffffbc0
1010000: system.cpu: T0 : 0x1ac66    : c_li a0, 13                : IntAlu :  D=0x000000000000000d
1010500: system.cpu: T0 : 0x1ac68    : jal ra, 29994              : IntAlu :  D=0x000000000001ac6c
1011000: system.cpu: T0 : 0x22192    : c_slli a0, 32              : IntAlu :  D=0x0000000d00000000
1011500: system.cpu: T0 : 0x22194    : c_srli a0, 32              : IntAlu :  D=0x000000000000000d
1012500: system.cpu: T0 : 0x22196    : slli a5, a0, 3             : IntAlu :  D=0x0000000000000068
1013000: system.cpu: T0 : 0x2219a    : c_sub a5, a0               : IntAlu :  D=0x000000000000005b
1013500: system.cpu: T0 : 0x2219c    : lui a4, 111                : IntAlu :  D=0x000000000006f000
1014000: system.cpu: T0 : 0x221a0    : addi a4, a4, -1248         : IntAlu :  D=0x000000000006eb20
1014500: system.cpu: T0 : 0x221a4    : c_slli a5, 3               : IntAlu :  D=0x00000000000002d8
1015000: system.cpu: T0 : 0x221a6    : c_add a5, a4               : IntAlu :  D=0x000000000006edf8
1015500: system.cpu: T0 : 0x221a8    : c_lw a3, 8(a5)             : MemRead :  D=0x0000000000000002 A=0x6ee00
1016000: system.cpu: T0 : 0x221aa    : c_li a6, 2                 : IntAlu :  D=0x0000000000000002
1016500: system.cpu: T0 : 0x221ac    : c_ld a5, 32(a5)            : MemRead :  D=0x0000000000000000 A=0x6ee18
1017500: system.cpu: T0 : 0x221ae    : bltu a6, a3, 42            : IntAlu : 
1018000: system.cpu: T0 : 0x221b2    : c_bnez a3, 38              : IntAlu : 
1018500: system.cpu: T0 : 0x221d8    : c_sd a5, 0(a1)             : MemWrite :  D=0x0000000000000000 A=0x7ffffffffffffbc0
1019000: system.cpu: T0 : 0x221da    : c_j -36                    : IntAlu : 
1020000: system.cpu: T0 : 0x221b6    : slli a5, a0, 3             : IntAlu :  D=0x0000000000000068
1020500: system.cpu: T0 : 0x221ba    : c_sub a5, a0               : IntAlu :  D=0x000000000000005b
1021000: system.cpu: T0 : 0x221bc    : c_slli a5, 3               : IntAlu :  D=0x00000000000002d8
1022000: system.cpu: T0 : 0x221be    : add a3, a4, a5             : IntAlu :  D=0x000000000006edf8
1023000: system.cpu: T0 : 0x221c2    : lbu a3, 40(a3)             : MemRead :  D=0x0000000000000000 A=0x6ee20
1023500: system.cpu: T0 : 0x221c6    : c_beqz a3, 16              : IntAlu : 
1024000: system.cpu: T0 : 0x221d6    : c_jr ra                    : IntAlu : 
1024500: system.cpu: T0 : 0x1ac6c    : c_lui a2, 26               : IntAlu :  D=0x000000000001a000
1025500: system.cpu: T0 : 0x1ac6e    : addi a2, a2, 1236          : IntAlu :  D=0x000000000001a4d4
1026000: system.cpu: T0 : 0x1ac72    : c_mv a1, sp                : IntAlu :  D=0x7ffffffffffffbc0
1026500: system.cpu: T0 : 0x1ac74    : c_li a0, 16                : IntAlu :  D=0x0000000000000010
1027500: system.cpu: T0 : 0x1ac76    : jal ra, 29980              : IntAlu :  D=0x000000000001ac7a
1028000: system.cpu: T0 : 0x22192    : c_slli a0, 32              : IntAlu :  D=0x0000001000000000
1028500: system.cpu: T0 : 0x22194    : c_srli a0, 32              : IntAlu :  D=0x0000000000000010
1029500: system.cpu: T0 : 0x22196    : slli a5, a0, 3             : IntAlu :  D=0x0000000000000080
1030000: system.cpu: T0 : 0x2219a    : c_sub a5, a0               : IntAlu :  D=0x0000000000000070
1030500: system.cpu: T0 : 0x2219c    : lui a4, 111                : IntAlu :  D=0x000000000006f000
1031000: system.cpu: T0 : 0x221a0    : addi a4, a4, -1248         : IntAlu :  D=0x000000000006eb20
1031500: system.cpu: T0 : 0x221a4    : c_slli a5, 3               : IntAlu :  D=0x0000000000000380
1032000: system.cpu: T0 : 0x221a6    : c_add a5, a4               : IntAlu :  D=0x000000000006eea0
1032500: system.cpu: T0 : 0x221a8    : c_lw a3, 8(a5)             : MemRead :  D=0x0000000000000002 A=0x6eea8
1033000: system.cpu: T0 : 0x221aa    : c_li a6, 2                 : IntAlu :  D=0x0000000000000002
1033500: system.cpu: T0 : 0x221ac    : c_ld a5, 32(a5)            : MemRead :  D=0x0000000000000000 A=0x6eec0
1034500: system.cpu: T0 : 0x221ae    : bltu a6, a3, 42            : IntAlu : 
1035000: system.cpu: T0 : 0x221b2    : c_bnez a3, 38              : IntAlu : 
1035500: system.cpu: T0 : 0x221d8    : c_sd a5, 0(a1)             : MemWrite :  D=0x0000000000000000 A=0x7ffffffffffffbc0
1036000: system.cpu: T0 : 0x221da    : c_j -36                    : IntAlu : 
1037000: system.cpu: T0 : 0x221b6    : slli a5, a0, 3             : IntAlu :  D=0x0000000000000080
1037500: system.cpu: T0 : 0x221ba    : c_sub a5, a0               : IntAlu :  D=0x0000000000000070
1038000: system.cpu: T0 : 0x221bc    : c_slli a5, 3               : IntAlu :  D=0x0000000000000380
1039000: system.cpu: T0 : 0x221be    : add a3, a4, a5             : IntAlu :  D=0x000000000006eea0
1040000: system.cpu: T0 : 0x221c2    : lbu a3, 40(a3)             : MemRead :  D=0x0000000000000000 A=0x6eec8
1040500: system.cpu: T0 : 0x221c6    : c_beqz a3, 16              : IntAlu : 
1041000: system.cpu: T0 : 0x221d6    : c_jr ra                    : IntAlu : 
1041500: system.cpu: T0 : 0x1ac7a    : c_lui a2, 26               : IntAlu :  D=0x000000000001a000
1042000: system.cpu: T0 : 0x1ac7c    : addi a2, a2, 1248          : IntAlu :  D=0x000000000001a4e0
1042500: system.cpu: T0 : 0x1ac80    : c_mv a1, sp                : IntAlu :  D=0x7ffffffffffffbc0
1043000: system.cpu: T0 : 0x1ac82    : c_li a0, 18                : IntAlu :  D=0x0000000000000012
1043500: system.cpu: T0 : 0x1ac84    : jal ra, 29966              : IntAlu :  D=0x000000000001ac88
1044000: system.cpu: T0 : 0x22192    : c_slli a0, 32              : IntAlu :  D=0x0000001200000000
1044500: system.cpu: T0 : 0x22194    : c_srli a0, 32              : IntAlu :  D=0x0000000000000012
1045500: system.cpu: T0 : 0x22196    : slli a5, a0, 3             : IntAlu :  D=0x0000000000000090
1046000: system.cpu: T0 : 0x2219a    : c_sub a5, a0               : IntAlu :  D=0x000000000000007e
1046500: system.cpu: T0 : 0x2219c    : lui a4, 111                : IntAlu :  D=0x000000000006f000
1047000: system.cpu: T0 : 0x221a0    : addi a4, a4, -1248         : IntAlu :  D=0x000000000006eb20
1047500: system.cpu: T0 : 0x221a4    : c_slli a5, 3               : IntAlu :  D=0x00000000000003f0
1048000: system.cpu: T0 : 0x221a6    : c_add a5, a4               : IntAlu :  D=0x000000000006ef10
1048500: system.cpu: T0 : 0x221a8    : c_lw a3, 8(a5)             : MemRead :  D=0x0000000000000002 A=0x6ef18
1049000: system.cpu: T0 : 0x221aa    : c_li a6, 2                 : IntAlu :  D=0x0000000000000002
1049500: system.cpu: T0 : 0x221ac    : c_ld a5, 32(a5)            : MemRead :  D=0x0000000000000000 A=0x6ef30
1050500: system.cpu: T0 : 0x221ae    : bltu a6, a3, 42            : IntAlu : 
1051000: system.cpu: T0 : 0x221b2    : c_bnez a3, 38              : IntAlu : 
1051500: system.cpu: T0 : 0x221d8    : c_sd a5, 0(a1)             : MemWrite :  D=0x0000000000000000 A=0x7ffffffffffffbc0
1052000: system.cpu: T0 : 0x221da    : c_j -36                    : IntAlu : 
1053000: system.cpu: T0 : 0x221b6    : slli a5, a0, 3             : IntAlu :  D=0x0000000000000090
1053500: system.cpu: T0 : 0x221ba    : c_sub a5, a0               : IntAlu :  D=0x000000000000007e
1054000: system.cpu: T0 : 0x221bc    : c_slli a5, 3               : IntAlu :  D=0x00000000000003f0
1055000: system.cpu: T0 : 0x221be    : add a3, a4, a5             : IntAlu :  D=0x000000000006ef10
1056000: system.cpu: T0 : 0x221c2    : lbu a3, 40(a3)             : MemRead :  D=0x0000000000000000 A=0x6ef38
1056500: system.cpu: T0 : 0x221c6    : c_beqz a3, 16              : IntAlu : 
1057000: system.cpu: T0 : 0x221d6    : c_jr ra                    : IntAlu : 
1057500: system.cpu: T0 : 0x1ac88    : c_lui a2, 26               : IntAlu :  D=0x000000000001a000
1058500: system.cpu: T0 : 0x1ac8a    : addi a2, a2, 1294          : IntAlu :  D=0x000000000001a50e
1059000: system.cpu: T0 : 0x1ac8e    : c_mv a1, sp                : IntAlu :  D=0x7ffffffffffffbc0
1059500: system.cpu: T0 : 0x1ac90    : c_li a0, 15                : IntAlu :  D=0x000000000000000f
1060500: system.cpu: T0 : 0x1ac92    : jal ra, 29952              : IntAlu :  D=0x000000000001ac96
1061000: system.cpu: T0 : 0x22192    : c_slli a0, 32              : IntAlu :  D=0x0000000f00000000
1061500: system.cpu: T0 : 0x22194    : c_srli a0, 32              : IntAlu :  D=0x000000000000000f
1062500: system.cpu: T0 : 0x22196    : slli a5, a0, 3             : IntAlu :  D=0x0000000000000078
1063000: system.cpu: T0 : 0x2219a    : c_sub a5, a0               : IntAlu :  D=0x0000000000000069
1063500: system.cpu: T0 : 0x2219c    : lui a4, 111                : IntAlu :  D=0x000000000006f000
1064000: system.cpu: T0 : 0x221a0    : addi a4, a4, -1248         : IntAlu :  D=0x000000000006eb20
1064500: system.cpu: T0 : 0x221a4    : c_slli a5, 3               : IntAlu :  D=0x0000000000000348
1065000: system.cpu: T0 : 0x221a6    : c_add a5, a4               : IntAlu :  D=0x000000000006ee68
1065500: system.cpu: T0 : 0x221a8    : c_lw a3, 8(a5)             : MemRead :  D=0x0000000000000002 A=0x6ee70
1066000: system.cpu: T0 : 0x221aa    : c_li a6, 2                 : IntAlu :  D=0x0000000000000002
1066500: system.cpu: T0 : 0x221ac    : c_ld a5, 32(a5)            : MemRead :  D=0x0000000000000000 A=0x6ee88
1067500: system.cpu: T0 : 0x221ae    : bltu a6, a3, 42            : IntAlu : 
1068000: system.cpu: T0 : 0x221b2    : c_bnez a3, 38              : IntAlu : 
1068500: system.cpu: T0 : 0x221d8    : c_sd a5, 0(a1)             : MemWrite :  D=0x0000000000000000 A=0x7ffffffffffffbc0
1069000: system.cpu: T0 : 0x221da    : c_j -36                    : IntAlu : 
1070000: system.cpu: T0 : 0x221b6    : slli a5, a0, 3             : IntAlu :  D=0x0000000000000078
1070500: system.cpu: T0 : 0x221ba    : c_sub a5, a0               : IntAlu :  D=0x0000000000000069
1071000: system.cpu: T0 : 0x221bc    : c_slli a5, 3               : IntAlu :  D=0x0000000000000348
1072000: system.cpu: T0 : 0x221be    : add a3, a4, a5             : IntAlu :  D=0x000000000006ee68
1073000: system.cpu: T0 : 0x221c2    : lbu a3, 40(a3)             : MemRead :  D=0x0000000000000000 A=0x6ee90
1073500: system.cpu: T0 : 0x221c6    : c_beqz a3, 16              : IntAlu : 
1074000: system.cpu: T0 : 0x221d6    : c_jr ra                    : IntAlu : 
1074500: system.cpu: T0 : 0x1ac96    : c_lui a2, 26               : IntAlu :  D=0x000000000001a000
1075000: system.cpu: T0 : 0x1ac98    : addi a2, a2, 1314          : IntAlu :  D=0x000000000001a522
1075500: system.cpu: T0 : 0x1ac9c    : c_mv a1, sp                : IntAlu :  D=0x7ffffffffffffbc0
1076000: system.cpu: T0 : 0x1ac9e    : c_li a0, 11                : IntAlu :  D=0x000000000000000b
1076500: system.cpu: T0 : 0x1aca0    : jal ra, 29938              : IntAlu :  D=0x000000000001aca4
1077000: system.cpu: T0 : 0x22192    : c_slli a0, 32              : IntAlu :  D=0x0000000b00000000
1077500: system.cpu: T0 : 0x22194    : c_srli a0, 32              : IntAlu :  D=0x000000000000000b
1078500: system.cpu: T0 : 0x22196    : slli a5, a0, 3             : IntAlu :  D=0x0000000000000058
1079000: system.cpu: T0 : 0x2219a    : c_sub a5, a0               : IntAlu :  D=0x000000000000004d
1079500: system.cpu: T0 : 0x2219c    : lui a4, 111                : IntAlu :  D=0x000000000006f000
1080000: system.cpu: T0 : 0x221a0    : addi a4, a4, -1248         : IntAlu :  D=0x000000000006eb20
1080500: system.cpu: T0 : 0x221a4    : c_slli a5, 3               : IntAlu :  D=0x0000000000000268
1081000: system.cpu: T0 : 0x221a6    : c_add a5, a4               : IntAlu :  D=0x000000000006ed88
1081500: system.cpu: T0 : 0x221a8    : c_lw a3, 8(a5)             : MemRead :  D=0x0000000000000002 A=0x6ed90
1082000: system.cpu: T0 : 0x221aa    : c_li a6, 2                 : IntAlu :  D=0x0000000000000002
1082500: system.cpu: T0 : 0x221ac    : c_ld a5, 32(a5)            : MemRead :  D=0x0000000000000000 A=0x6eda8
1083500: system.cpu: T0 : 0x221ae    : bltu a6, a3, 42            : IntAlu : 
1084000: system.cpu: T0 : 0x221b2    : c_bnez a3, 38              : IntAlu : 
1084500: system.cpu: T0 : 0x221d8    : c_sd a5, 0(a1)             : MemWrite :  D=0x0000000000000000 A=0x7ffffffffffffbc0
1085000: system.cpu: T0 : 0x221da    : c_j -36                    : IntAlu : 
1086000: system.cpu: T0 : 0x221b6    : slli a5, a0, 3             : IntAlu :  D=0x0000000000000058
1086500: system.cpu: T0 : 0x221ba    : c_sub a5, a0               : IntAlu :  D=0x000000000000004d
1087000: system.cpu: T0 : 0x221bc    : c_slli a5, 3               : IntAlu :  D=0x0000000000000268
1088000: system.cpu: T0 : 0x221be    : add a3, a4, a5             : IntAlu :  D=0x000000000006ed88
1089000: system.cpu: T0 : 0x221c2    : lbu a3, 40(a3)             : MemRead :  D=0x0000000000000000 A=0x6edb0
1089500: system.cpu: T0 : 0x221c6    : c_beqz a3, 16              : IntAlu : 
1090000: system.cpu: T0 : 0x221d6    : c_jr ra                    : IntAlu : 
1090500: system.cpu: T0 : 0x1aca4    : c_lui a2, 26               : IntAlu :  D=0x000000000001a000
1091500: system.cpu: T0 : 0x1aca6    : addi a2, a2, 1326          : IntAlu :  D=0x000000000001a52e
1092000: system.cpu: T0 : 0x1acaa    : c_mv a1, sp                : IntAlu :  D=0x7ffffffffffffbc0
1092500: system.cpu: T0 : 0x1acac    : c_li a0, 5                 : IntAlu :  D=0x0000000000000005
1093500: system.cpu: T0 : 0x1acae    : jal ra, 29924              : IntAlu :  D=0x000000000001acb2
1094000: system.cpu: T0 : 0x22192    : c_slli a0, 32              : IntAlu :  D=0x0000000500000000
1094500: system.cpu: T0 : 0x22194    : c_srli a0, 32              : IntAlu :  D=0x0000000000000005
1095500: system.cpu: T0 : 0x22196    : slli a5, a0, 3             : IntAlu :  D=0x0000000000000028
1096000: system.cpu: T0 : 0x2219a    : c_sub a5, a0               : IntAlu :  D=0x0000000000000023
1096500: system.cpu: T0 : 0x2219c    : lui a4, 111                : IntAlu :  D=0x000000000006f000
1097000: system.cpu: T0 : 0x221a0    : addi a4, a4, -1248         : IntAlu :  D=0x000000000006eb20
1097500: system.cpu: T0 : 0x221a4    : c_slli a5, 3               : IntAlu :  D=0x0000000000000118
1098000: system.cpu: T0 : 0x221a6    : c_add a5, a4               : IntAlu :  D=0x000000000006ec38
1098500: system.cpu: T0 : 0x221a8    : c_lw a3, 8(a5)             : MemRead :  D=0x0000000000000002 A=0x6ec40
1099000: system.cpu: T0 : 0x221aa    : c_li a6, 2                 : IntAlu :  D=0x0000000000000002
1099500: system.cpu: T0 : 0x221ac    : c_ld a5, 32(a5)            : MemRead :  D=0x0000000000000000 A=0x6ec58
1100500: system.cpu: T0 : 0x221ae    : bltu a6, a3, 42            : IntAlu : 
1101000: system.cpu: T0 : 0x221b2    : c_bnez a3, 38              : IntAlu : 
1101500: system.cpu: T0 : 0x221d8    : c_sd a5, 0(a1)             : MemWrite :  D=0x0000000000000000 A=0x7ffffffffffffbc0
1102000: system.cpu: T0 : 0x221da    : c_j -36                    : IntAlu : 
1103000: system.cpu: T0 : 0x221b6    : slli a5, a0, 3             : IntAlu :  D=0x0000000000000028
1103500: system.cpu: T0 : 0x221ba    : c_sub a5, a0               : IntAlu :  D=0x0000000000000023
1104000: system.cpu: T0 : 0x221bc    : c_slli a5, 3               : IntAlu :  D=0x0000000000000118
1105000: system.cpu: T0 : 0x221be    : add a3, a4, a5             : IntAlu :  D=0x000000000006ec38
1106000: system.cpu: T0 : 0x221c2    : lbu a3, 40(a3)             : MemRead :  D=0x0000000000000000 A=0x6ec60
1106500: system.cpu: T0 : 0x221c6    : c_beqz a3, 16              : IntAlu : 
1107000: system.cpu: T0 : 0x221d6    : c_jr ra                    : IntAlu : 
1107500: system.cpu: T0 : 0x1acb2    : c_ldsp a4, 8(sp)           : MemRead :  D=0x2f00000000000000 A=0x7ffffffffffffbc8
1108000: system.cpu: T0 : 0x1acb4    : ld a5, -1264(s1)           : MemRead :  D=0x2f00000000000000 A=0x6eb10
1108500: system.cpu: T0 : 0x1acb8    : c_li a3, 1                 : IntAlu :  D=0x0000000000000001
1109500: system.cpu: T0 : 0x1acba    : sw a3, -1876(gp)           : MemWrite :  D=0x0000000000000001 A=0x708d4
1110500: system.cpu: T0 : 0x1acbe    : bne a4, a5, 14             : IntAlu : 
1111000: system.cpu: T0 : 0x1acc2    : c_ldsp ra, 40(sp)          : MemRead :  D=0x000000000001da90 A=0x7ffffffffffffbe8
1111500: system.cpu: T0 : 0x1acc4    : c_ldsp s0, 32(sp)          : MemRead :  D=0x7ffffffffffffce0 A=0x7ffffffffffffbe0
1112000: system.cpu: T0 : 0x1acc6    : c_ldsp s1, 24(sp)          : MemRead :  D=0x7ffffffffffffc10 A=0x7ffffffffffffbd8
1112500: system.cpu: T0 : 0x1acc8    : c_addi16sp sp, 48          : IntAlu :  D=0x7ffffffffffffbf0
1113000: system.cpu: T0 : 0x1acca    : c_jr ra                    : IntAlu : 
1113500: system.cpu: T0 : 0x1da90    : c_ldsp a0, 8(sp)           : MemRead :  D=0x0000000000000024 A=0x7ffffffffffffbf8
1114000: system.cpu: T0 : 0x1da92    : c_ldsp ra, 24(sp)          : MemRead :  D=0x000000000003d94e A=0x7ffffffffffffc08
1114500: system.cpu: T0 : 0x1da94    : c_addi16sp sp, 32          : IntAlu :  D=0x7ffffffffffffc10
1115000: system.cpu: T0 : 0x1da96    : c_j -540                   : IntAlu : 
1116000: system.cpu: T0 : 0x1d87a    : ld t1, -1848(gp)           : MemRead :  D=0x0000000000000000 A=0x708f0
1117000: system.cpu: T0 : 0x1d87e    : bne t1, zero, 260          : IntAlu : 
1117500: system.cpu: T0 : 0x1d882    : c_addi sp, -32             : IntAlu :  D=0x7ffffffffffffbf0
1118000: system.cpu: T0 : 0x1d884    : c_sdsp s0, 16(sp)          : MemWrite :  D=0x7ffffffffffffce0 A=0x7ffffffffffffc00
1118500: system.cpu: T0 : 0x1d886    : c_sdsp ra, 24(sp)          : MemWrite :  D=0x000000000003d94e A=0x7ffffffffffffc08
1119000: system.cpu: T0 : 0x1d888    : c_sdsp s1, 8(sp)           : MemWrite :  D=0x7ffffffffffffc10 A=0x7ffffffffffffbf8
1119500: system.cpu: T0 : 0x1d88a    : c_sdsp s2, 0(sp)           : MemWrite :  D=0x0000000000000002 A=0x7ffffffffffffbf0
1120000: system.cpu: T0 : 0x1d88c    : c_mv s0, a0                : IntAlu :  D=0x0000000000000024
1121000: system.cpu: T0 : 0x1d88e    : blt a0, zero, 222          : IntAlu : 
1122000: system.cpu: T0 : 0x1d892    : addi a5, a0, 23            : IntAlu :  D=0x000000000000003b
1122500: system.cpu: T0 : 0x1d896    : c_li a4, 31                : IntAlu :  D=0x000000000000001f
1123000: system.cpu: T0 : 0x1d898    : c_li s1, 0                 : IntAlu :  D=0x0000000000000000
1124000: system.cpu: T0 : 0x1d89a    : bltu a4, a5, 94            : IntAlu : 
1124500: system.cpu: T0 : 0x1d8f8    : c_andi a5, 18446744073709551600 : IntAlu :  D=0x0000000000000030
1125000: system.cpu: T0 : 0x1d8fa    : c_addi a5, -17             : IntAlu :  D=0x000000000000001f
1125500: system.cpu: T0 : 0x1d8fc    : srli s1, a5, 4             : IntAlu :  D=0x0000000000000001
1126000: system.cpu: T0 : 0x1d900    : c_j -98                    : IntAlu : 
1127000: system.cpu: T0 : 0x1d89e    : ld a4, 40(tp)              : MemRead :  D=0x0000000000000000 A=0x72738
1127500: system.cpu: T0 : 0x1d8a2    : c_beqz a4, 96              : IntAlu : 
1128500: system.cpu: T0 : 0x1d902    : lbu a5, 48(tp)             : MemRead :  D=0x0000000000000000 A=0x72740
1129000: system.cpu: T0 : 0x1d906    : c_bnez a5, -86             : IntAlu : 
1129500: system.cpu: T0 : 0x1d908    : jal ra, -2478              : IntAlu :  D=0x000000000001d90c
1130000: system.cpu: T0 : 0x1cf5a    : c_addi sp, -32             : IntAlu :  D=0x7ffffffffffffbd0
1130500: system.cpu: T0 : 0x1cf5c    : c_sdsp s0, 16(sp)          : MemWrite :  D=0x0000000000000024 A=0x7ffffffffffffbe0
1131500: system.cpu: T0 : 0x1cf5e    : ld s0, 56(tp)              : MemRead :  D=0x000000000006f5c8 A=0x72748
1132000: system.cpu: T0 : 0x1cf62    : c_sdsp ra, 24(sp)          : MemWrite :  D=0x000000000001d90c A=0x7ffffffffffffbe8
1132500: system.cpu: T0 : 0x1cf64    : c_sdsp s1, 8(sp)           : MemWrite :  D=0x0000000000000001 A=0x7ffffffffffffbd8
1133000: system.cpu: T0 : 0x1cf66    : c_beqz s0, 78              : IntAlu : 
1133500: system.cpu: T0 : 0x1cf68    : c_mv s1, s0                : IntAlu :  D=0x000000000006f5c8
1134000: system.cpu: T0 : 0x1cf6a    : c_li a4, 1                 : IntAlu :  D=0x0000000000000001
1134500: system.cpu: T0 : 0x1cf6c    : lr_w a5, (s0)             
1134500: system.cpu: T0 : 0x1cf6c. 0 : lr_w a5, (s0)              : MemRead :  D=0x0000000000000000 A=0x6f5c8
1135000: system.cpu: T0 : 0x1cf70    : c_bnez a5, 8               : IntAlu : 
1136000: system.cpu: T0 : 0x1cf72    : sc_w_aq a3, a4, (s0)      
1136000: system.cpu: T0 : 0x1cf72. 0 : sc_w a3, a4, (s0)          : MemWrite :  D=0x0000000000000000 A=0x6f5c8
1136500: system.cpu: T0 : 0x1cf72. 1 : 0x1ce426af fence           : No_OpClass : 
1137000: system.cpu: T0 : 0x1cf76    : c_bnez a3, -10             : IntAlu : 
1137500: system.cpu: T0 : 0x1cf78    : c_addiw a5, 0              : IntAlu :  D=0x0000000000000000
1138000: system.cpu: T0 : 0x1cf7a    : c_bnez a5, 162             : IntAlu : 
1138500: system.cpu: T0 : 0x1cf7c    : addi a1, zero, 640         : IntAlu :  D=0x0000000000000280
1139000: system.cpu: T0 : 0x1cf80    : c_mv a0, s0                : IntAlu :  D=0x000000000006f5c8
1140000: system.cpu: T0 : 0x1cf82    : jal ra, -2862              : IntAlu :  D=0x000000000001cf86
1140500: system.cpu: T0 : 0x1c454    : c_addi16sp sp, -256        : IntAlu :  D=0x7ffffffffffffad0
1141000: system.cpu: T0 : 0x1c456    : c_sdsp ra, 248(sp)         : MemWrite :  D=0x000000000001cf86 A=0x7ffffffffffffbc8
1141500: system.cpu: T0 : 0x1c458    : c_sdsp s0, 240(sp)         : MemWrite :  D=0x000000000006f5c8 A=0x7ffffffffffffbc0
1142000: system.cpu: T0 : 0x1c45a    : c_sdsp s1, 232(sp)         : MemWrite :  D=0x000000000006f5c8 A=0x7ffffffffffffbb8
1142500: system.cpu: T0 : 0x1c45c    : c_sdsp s2, 224(sp)         : MemWrite :  D=0x0000000000000002 A=0x7ffffffffffffbb0
1143000: system.cpu: T0 : 0x1c45e    : c_sdsp s3, 216(sp)         : MemWrite :  D=0x0000000000000000 A=0x7ffffffffffffba8
1143500: system.cpu: T0 : 0x1c460    : c_sdsp s4, 208(sp)         : MemWrite :  D=0x0000000000000000 A=0x7ffffffffffffba0
1144000: system.cpu: T0 : 0x1c462    : c_sdsp s5, 200(sp)         : MemWrite :  D=0x0000000000000000 A=0x7ffffffffffffb98
1144500: system.cpu: T0 : 0x1c464    : c_sdsp s6, 192(sp)         : MemWrite :  D=0x0000000000072000 A=0x7ffffffffffffb90
1145000: system.cpu: T0 : 0x1c466    : c_sdsp s7, 184(sp)         : MemWrite :  D=0x0000000000000000 A=0x7ffffffffffffb88
1145500: system.cpu: T0 : 0x1c468    : c_sdsp s8, 176(sp)         : MemWrite :  D=0x0000000000000000 A=0x7ffffffffffffb80
1146000: system.cpu: T0 : 0x1c46a    : c_sdsp s9, 168(sp)         : MemWrite :  D=0x0000000000000003 A=0x7ffffffffffffb78
1146500: system.cpu: T0 : 0x1c46c    : c_sdsp s10, 160(sp)        : MemWrite :  D=0x0000000000000000 A=0x7ffffffffffffb70
1147000: system.cpu: T0 : 0x1c46e    : c_sdsp s11, 152(sp)        : MemWrite :  D=0x0000000000000000 A=0x7ffffffffffffb68
1147500: system.cpu: T0 : 0x1c470    : blt a1, zero, 1198         : IntAlu : 
1148000: system.cpu: T0 : 0x1c474    : addi s0, a1, 23            : IntAlu :  D=0x0000000000000297
1148500: system.cpu: T0 : 0x1c478    : c_li a5, 31                : IntAlu :  D=0x000000000000001f
1149000: system.cpu: T0 : 0x1c47a    : c_mv s3, a1                : IntAlu :  D=0x0000000000000280
1149500: system.cpu: T0 : 0x1c47c    : c_mv s1, a0                : IntAlu :  D=0x000000000006f5c8
1150500: system.cpu: T0 : 0x1c47e    : bltu a5, s0, 220           : IntAlu : 
1151000: system.cpu: T0 : 0x1c55a    : c_andi s0, 18446744073709551600 : IntAlu :  D=0x0000000000000290
1151500: system.cpu: T0 : 0x1c55c    : beq a0, zero, 988          : IntAlu : 
1152000: system.cpu: T0 : 0x1c560    : ld a4, -1376(gp)           : MemRead :  D=0x0000000000000080 A=0x70ac8
1152500: system.cpu: T0 : 0x1c564    : srliw s9, s0, 4            : IntAlu :  D=0x0000000000000029
1153000: system.cpu: T0 : 0x1c568    : srliw a5, s0, 4            : IntAlu :  D=0x0000000000000029
1153500: system.cpu: T0 : 0x1c56c    : bgeu a4, s0, 506           : IntAlu : 
1154000: system.cpu: T0 : 0x1c570    : addi a4, zero, 1023        : IntAlu :  D=0x00000000000003ff
1154500: system.cpu: T0 : 0x1c574    : bgeu a4, s0, 1722          : IntAlu : 
1155000: system.cpu: T0 : 0x1cc2e    : c_addiw a5, -1             : IntAlu :  D=0x0000000000000028
1155500: system.cpu: T0 : 0x1cc30    : c_j -1406                  : IntAlu : 
1156500: system.cpu: T0 : 0x1c6b2    : slliw a5, a5, 1            : IntAlu :  D=0x0000000000000050
1157000: system.cpu: T0 : 0x1c6b6    : c_slli a5, 32              : IntAlu :  D=0x0000005000000000
1157500: system.cpu: T0 : 0x1c6b8    : c_srli a5, 32              : IntAlu :  D=0x0000000000000050
1158000: system.cpu: T0 : 0x1c6ba    : c_addi a5, 14              : IntAlu :  D=0x000000000000005e
1158500: system.cpu: T0 : 0x1c6bc    : c_slli a5, 3               : IntAlu :  D=0x00000000000002f0
1159000: system.cpu: T0 : 0x1c6be    : c_j -550                   : IntAlu : 
1159500: system.cpu: T0 : 0x1c498    : c_add a5, s1               : IntAlu :  D=0x000000000006f8b8
1160500: system.cpu: T0 : 0x1c49a    : ld s2, 8(a5)               : MemRead :  D=0x000000000006f8a8 A=0x6f8c0
1161500: system.cpu: T0 : 0x1c49e    : addi a3, a5, -16           : IntAlu :  D=0x000000000006f8a8
1162500: system.cpu: T0 : 0x1c4a2    : beq a3, s2, 748            : IntAlu : 
1163500: system.cpu: T0 : 0x1c78e    : srli t1, s0, 9             : IntAlu :  D=0x0000000000000001
1164500: system.cpu: T0 : 0x1c792    : addiw a5, t1, 91           : IntAlu :  D=0x000000000000005c
1165500: system.cpu: T0 : 0x1c796    : srli s10, s0, 6            : IntAlu :  D=0x000000000000000a
1166000: system.cpu: T0 : 0x1c79a    : c_sdsp a5, 96(sp)          : MemWrite :  D=0x000000000000005c A=0x7ffffffffffffb30
1166500: system.cpu: T0 : 0x1c79c    : addiw a5, s10, 48          : IntAlu :  D=0x000000000000003a
1167000: system.cpu: T0 : 0x1c7a0    : c_sdsp a5, 88(sp)          : MemWrite :  D=0x000000000000003a A=0x7ffffffffffffb28
1168000: system.cpu: T0 : 0x1c7a2    : addi a5, zero, 110         : IntAlu :  D=0x000000000000006e
1168500: system.cpu: T0 : 0x1c7a6    : c_sdsp a5, 112(sp)         : MemWrite :  D=0x000000000000006e A=0x7ffffffffffffb40
1169000: system.cpu: T0 : 0x1c7a8    : addi a5, zero, 119         : IntAlu :  D=0x0000000000000077
1169500: system.cpu: T0 : 0x1c7ac    : c_sdsp a5, 104(sp)         : MemWrite :  D=0x0000000000000077 A=0x7ffffffffffffb38
1170500: system.cpu: T0 : 0x1c7ae    : addi a5, zero, 124         : IntAlu :  D=0x000000000000007c
1171000: system.cpu: T0 : 0x1c7b2    : c_sdsp s9, 8(sp)           : MemWrite :  D=0x0000000000000029 A=0x7ffffffffffffad8
1171500: system.cpu: T0 : 0x1c7b4    : c_sdsp a5, 120(sp)         : MemWrite :  D=0x000000000000007c A=0x7ffffffffffffb48
1172000: system.cpu: T0 : 0x1c7b6    : c_sdsp zero, 128(sp)       : MemWrite :  D=0x0000000000000000 A=0x7ffffffffffffb50
1172500: system.cpu: T0 : 0x1c7b8    : c_sdsp zero, 136(sp)       : MemWrite :  D=0x0000000000000000 A=0x7ffffffffffffb58
1173500: system.cpu: T0 : 0x1c7ba    : ld a5, 40(tp)              : MemRead :  D=0x0000000000000000 A=0x72738
1174500: system.cpu: T0 : 0x1c7be    : addi s6, s0, -17           : IntAlu :  D=0x000000000000027f
1175500: system.cpu: T0 : 0x1c7c2    : srli s6, s6, 4             : IntAlu :  D=0x0000000000000027
1176000: system.cpu: T0 : 0x1c7c6    : c_li s5, 0                 : IntAlu :  D=0x0000000000000000
1176500: system.cpu: T0 : 0x1c7c8    : c_beqz a5, 22              : IntAlu : 
1177500: system.cpu: T0 : 0x1c7de    : lui a5, 111                : IntAlu :  D=0x000000000006f000
1178000: system.cpu: T0 : 0x1c7e2    : c_lui s11, 1               : IntAlu :  D=0x0000000000001000
1178500: system.cpu: T0 : 0x1c7e4    : lui s7, 111                : IntAlu :  D=0x000000000006f000
1179000: system.cpu: T0 : 0x1c7e8    : addi a5, a5, 1480          : IntAlu :  D=0x000000000006f5c8
1179500: system.cpu: T0 : 0x1c7ec    : addi s8, s1, 96            : IntAlu :  D=0x000000000006f628
1180000: system.cpu: T0 : 0x1c7f0    : c_li t5, 0                 : IntAlu :  D=0x0000000000000000
1181000: system.cpu: T0 : 0x1c7f2    : addi s7, s7, 1368          : IntAlu :  D=0x000000000006f558
1182000: system.cpu: T0 : 0x1c7f6    : add a7, s1, s11            : IntAlu :  D=0x00000000000705c8
1182500: system.cpu: T0 : 0x1c7fa    : c_sdsp a5, 56(sp)          : MemWrite :  D=0x000000000006f5c8 A=0x7ffffffffffffb08
1183000: system.cpu: T0 : 0x1c7fc    : c_ld a5, 120(s1)           : MemRead :  D=0x000000000006f628 A=0x6f640
1184000: system.cpu: T0 : 0x1c7fe    : beq a5, s8, 532            : IntAlu : 
1185000: system.cpu: T0 : 0x1ca12    : addi a5, zero, 1023        : IntAlu :  D=0x00000000000003ff
1186000: system.cpu: T0 : 0x1ca16    : bgeu a5, s0, 38            : IntAlu : 
1186500: system.cpu: T0 : 0x1ca3c    : c_ldsp a3, 8(sp)           : MemRead :  D=0x0000000000000029 A=0x7ffffffffffffad8
1187000: system.cpu: T0 : 0x1ca3e    : c_li a0, 4                 : IntAlu :  D=0x0000000000000004
1187500: system.cpu: T0 : 0x1ca40    : addiw a5, a3, 1            : IntAlu :  D=0x000000000000002a
1188000: system.cpu: T0 : 0x1ca44    : srliw a4, a5, 5            : IntAlu :  D=0x0000000000000001
1188500: system.cpu: T0 : 0x1ca48    : slliw a3, a3, 1            : IntAlu :  D=0x0000000000000052
1189000: system.cpu: T0 : 0x1ca4c    : addi a4, a4, 536           : IntAlu :  D=0x0000000000000219
1189500: system.cpu: T0 : 0x1ca50    : c_slli a3, 32              : IntAlu :  D=0x0000005200000000
1190000: system.cpu: T0 : 0x1ca52    : c_slli a4, 2               : IntAlu :  D=0x0000000000000864
1190500: system.cpu: T0 : 0x1ca54    : c_srli a3, 32              : IntAlu :  D=0x0000000000000052
1191000: system.cpu: T0 : 0x1ca56    : c_add a4, s1               : IntAlu :  D=0x000000000006fe2c
1191500: system.cpu: T0 : 0x1ca58    : c_slli a3, 3               : IntAlu :  D=0x0000000000000290
1192000: system.cpu: T0 : 0x1ca5a    : c_lw a2, 0(a4)             : MemRead :  D=0x0000000000000000 A=0x6fe2c
1192500: system.cpu: T0 : 0x1ca5c    : addi a3, a3, 96            : IntAlu :  D=0x00000000000002f0
1193000: system.cpu: T0 : 0x1ca60    : c_li a4, 1                 : IntAlu :  D=0x0000000000000001
1194000: system.cpu: T0 : 0x1ca62    : srliw s2, a5, 5            : IntAlu :  D=0x0000000000000001
1194500: system.cpu: T0 : 0x1ca66    : c_add a3, s1               : IntAlu :  D=0x000000000006f8b8
1195000: system.cpu: T0 : 0x1ca68    : sllw a5, a4, a5            : IntAlu :  D=0x0000000000000400
1195500: system.cpu: T0 : 0x1ca6c    : bltu a2, a5, 144           : IntAlu : 
1196000: system.cpu: T0 : 0x1cafc    : addiw a5, s2, 1            : IntAlu :  D=0x0000000000000002
1196500: system.cpu: T0 : 0x1cb00    : addiw s2, a5, 0            : IntAlu :  D=0x0000000000000002
1197000: system.cpu: T0 : 0x1cb04    : bne s2, a0, -26            : IntAlu : 
1197500: system.cpu: T0 : 0x1caea    : c_slli a5, 32              : IntAlu :  D=0x0000000200000000
1198000: system.cpu: T0 : 0x1caec    : c_srli a5, 32              : IntAlu :  D=0x0000000000000002
1199000: system.cpu: T0 : 0x1caee    : addi a5, a5, 536           : IntAlu :  D=0x000000000000021a
1199500: system.cpu: T0 : 0x1caf2    : c_slli a5, 2               : IntAlu :  D=0x0000000000000868
1200000: system.cpu: T0 : 0x1caf4    : c_add a5, s1               : IntAlu :  D=0x000000000006fe30
1200500: system.cpu: T0 : 0x1caf6    : c_lw a2, 0(a5)             : MemRead :  D=0x0000000000000000 A=0x6fe30
1201000: system.cpu: T0 : 0x1caf8    : bne a2, zero, 384          : IntAlu : 
1201500: system.cpu: T0 : 0x1cafc    : addiw a5, s2, 1            : IntAlu :  D=0x0000000000000003
1202000: system.cpu: T0 : 0x1cb00    : addiw s2, a5, 0            : IntAlu :  D=0x0000000000000003
1202500: system.cpu: T0 : 0x1cb04    : bne s2, a0, -26            : IntAlu : 
1203000: system.cpu: T0 : 0x1caea    : c_slli a5, 32              : IntAlu :  D=0x0000000300000000
1203500: system.cpu: T0 : 0x1caec    : c_srli a5, 32              : IntAlu :  D=0x0000000000000003
1204500: system.cpu: T0 : 0x1caee    : addi a5, a5, 536           : IntAlu :  D=0x000000000000021b
1205000: system.cpu: T0 : 0x1caf2    : c_slli a5, 2               : IntAlu :  D=0x000000000000086c
1205500: system.cpu: T0 : 0x1caf4    : c_add a5, s1               : IntAlu :  D=0x000000000006fe34
1206000: system.cpu: T0 : 0x1caf6    : c_lw a2, 0(a5)             : MemRead :  D=0x0000000000000000 A=0x6fe34
1206500: system.cpu: T0 : 0x1caf8    : bne a2, zero, 384          : IntAlu : 
1207000: system.cpu: T0 : 0x1cafc    : addiw a5, s2, 1            : IntAlu :  D=0x0000000000000004
1207500: system.cpu: T0 : 0x1cb00    : addiw s2, a5, 0            : IntAlu :  D=0x0000000000000004
1208000: system.cpu: T0 : 0x1cb04    : bne s2, a0, -26            : IntAlu : 
1208500: system.cpu: T0 : 0x1cb08    : c_ld a4, 96(s1)            : MemRead :  D=0x000000000006f628 A=0x6f628
1209500: system.cpu: T0 : 0x1cb0a    : ld a3, -1912(a7)           : MemRead :  D=0x0000000000000000 A=0x6fe50
1210000: system.cpu: T0 : 0x1cb0e    : c_ld a5, 8(a4)             : MemRead :  D=0x0000000000000000 A=0x6f630
1210500: system.cpu: T0 : 0x1cb10    : c_andi a5, 18446744073709551608 : IntAlu :  D=0x0000000000000000
1211500: system.cpu: T0 : 0x1cb12    : bltu a3, a5, 548           : IntAlu : 
1212500: system.cpu: T0 : 0x1cb16    : addi a3, s0, 32            : IntAlu :  D=0x00000000000002b0
1213500: system.cpu: T0 : 0x1cb1a    : bgeu a5, a3, 640           : IntAlu : 
1214000: system.cpu: T0 : 0x1cb1e    : c_sdsp a7, 32(sp)          : MemWrite :  D=0x00000000000705c8 A=0x7ffffffffffffaf0
1214500: system.cpu: T0 : 0x1cb20    : c_sdsp t1, 24(sp)          : MemWrite :  D=0x0000000000000001 A=0x7ffffffffffffae8
1215000: system.cpu: T0 : 0x1cb22    : c_sdsp t5, 16(sp)          : MemWrite :  D=0x0000000000000000 A=0x7ffffffffffffae0
1215500: system.cpu: T0 : 0x1cb24    : c_lw a5, 8(s1)             : MemRead :  D=0x0000000000000000 A=0x6f5d0
1216000: system.cpu: T0 : 0x1cb26    : c_addiw a5, 0              : IntAlu :  D=0x0000000000000000
1216500: system.cpu: T0 : 0x1cb28    : c_beqz a5, 180             : IntAlu : 
1217000: system.cpu: T0 : 0x1cbdc    : c_mv a1, s1                : IntAlu :  D=0x000000000006f5c8
1217500: system.cpu: T0 : 0x1cbde    : c_mv a0, s0                : IntAlu :  D=0x0000000000000290
1218000: system.cpu: T0 : 0x1cbe0    : jal ra, -3372              : IntAlu :  D=0x000000000001cbe4
1218500: system.cpu: T0 : 0x1beb4    : c_addi16sp sp, -160        : IntAlu :  D=0x7ffffffffffffa30
1219000: system.cpu: T0 : 0x1beb6    : c_sdsp s1, 136(sp)         : MemWrite :  D=0x000000000006f5c8 A=0x7ffffffffffffab8
1219500: system.cpu: T0 : 0x1beb8    : c_sdsp s2, 128(sp)         : MemWrite :  D=0x0000000000000004 A=0x7ffffffffffffab0
1220000: system.cpu: T0 : 0x1beba    : c_sdsp s10, 64(sp)         : MemWrite :  D=0x000000000000000a A=0x7ffffffffffffa70
1220500: system.cpu: T0 : 0x1bebc    : c_sdsp ra, 152(sp)         : MemWrite :  D=0x000000000001cbe4 A=0x7ffffffffffffac8
1221000: system.cpu: T0 : 0x1bebe    : c_sdsp s0, 144(sp)         : MemWrite :  D=0x0000000000000290 A=0x7ffffffffffffac0
1221500: system.cpu: T0 : 0x1bec0    : c_sdsp s3, 120(sp)         : MemWrite :  D=0x0000000000000280 A=0x7ffffffffffffaa8
1222000: system.cpu: T0 : 0x1bec2    : c_sdsp s4, 112(sp)         : MemWrite :  D=0x0000000000000000 A=0x7ffffffffffffaa0
1222500: system.cpu: T0 : 0x1bec4    : c_sdsp s5, 104(sp)         : MemWrite :  D=0x0000000000000000 A=0x7ffffffffffffa98
1223000: system.cpu: T0 : 0x1bec6    : c_sdsp s6, 96(sp)          : MemWrite :  D=0x0000000000000027 A=0x7ffffffffffffa90
1223500: system.cpu: T0 : 0x1bec8    : c_sdsp s7, 88(sp)          : MemWrite :  D=0x000000000006f558 A=0x7ffffffffffffa88
1224000: system.cpu: T0 : 0x1beca    : c_sdsp s8, 80(sp)          : MemWrite :  D=0x000000000006f628 A=0x7ffffffffffffa80
1224500: system.cpu: T0 : 0x1becc    : c_sdsp s9, 72(sp)          : MemWrite :  D=0x0000000000000029 A=0x7ffffffffffffa78
1225000: system.cpu: T0 : 0x1bece    : c_sdsp s11, 56(sp)         : MemWrite :  D=0x0000000000001000 A=0x7ffffffffffffa68
1225500: system.cpu: T0 : 0x1bed0    : ld s2, -1784(gp)           : MemRead :  D=0x0000000000001000 A=0x70930
1226000: system.cpu: T0 : 0x1bed4    : c_mv s1, a0                : IntAlu :  D=0x0000000000000290
1227000: system.cpu: T0 : 0x1bed6    : beq a1, zero, 534          : IntAlu : 
1228000: system.cpu: T0 : 0x1beda    : lui s11, 111               : IntAlu :  D=0x000000000006f000
1229000: system.cpu: T0 : 0x1bede    : addi s11, s11, 1368        : IntAlu :  D=0x000000000006f558
1230000: system.cpu: T0 : 0x1bee2    : ld a5, 16(s11)             : MemRead :  D=0x0000000000020000 A=0x6f568
1230500: system.cpu: T0 : 0x1bee6    : c_mv s0, a1                : IntAlu :  D=0x000000000006f5c8
1231000: system.cpu: T0 : 0x1bee8    : bgeu a0, a5, 276           : IntAlu : 
1231500: system.cpu: T0 : 0x1beec    : c_sdsp zero, 8(sp)         : MemWrite :  D=0x0000000000000000 A=0x7ffffffffffffa38
1232500: system.cpu: T0 : 0x1beee    : addi s5, s2, 7             : IntAlu :  D=0x0000000000001007
1233500: system.cpu: T0 : 0x1bef2    : add a5, s5, s1             : IntAlu :  D=0x0000000000001297
1234500: system.cpu: T0 : 0x1bef6    : lui s6, 111                : IntAlu :  D=0x000000000006f000
1235500: system.cpu: T0 : 0x1befa    : sub s5, zero, s2           : IntAlu :  D=0xfffffffffffff000
1236500: system.cpu: T0 : 0x1befe    : addi a7, s0, 96            : IntAlu :  D=0x000000000006f628
1237500: system.cpu: T0 : 0x1bf02    : addi t1, s2, -1            : IntAlu :  D=0x0000000000000fff
1238500: system.cpu: T0 : 0x1bf06    : addi s8, s1, 32            : IntAlu :  D=0x00000000000002b0
1239500: system.cpu: T0 : 0x1bf0a    : addi s7, s6, 1480          : IntAlu :  D=0x000000000006f5c8
1240500: system.cpu: T0 : 0x1bf0e    : and s5, a5, s5             : IntAlu :  D=0x0000000000001000
1241500: system.cpu: T0 : 0x1bf12    : ld s4, 96(s0)              : MemRead :  D=0x000000000006f628 A=0x6f628
1242500: system.cpu: T0 : 0x1bf16    : ld a5, 8(s4)               : MemRead :  D=0x0000000000000000 A=0x6f630
1243500: system.cpu: T0 : 0x1bf1a    : andi s3, a5, 18446744073709551608 : IntAlu :  D=0x0000000000000000
1244500: system.cpu: T0 : 0x1bf1e    : add s9, s4, s3             : IntAlu :  D=0x000000000006f628
1245500: system.cpu: T0 : 0x1bf22    : beq s4, a7, 506            : IntAlu : 
1246000: system.cpu: T0 : 0x1c11c    : beq s3, zero, -482         : IntAlu : 
1247000: system.cpu: T0 : 0x1bf3a    : bgeu s3, s8, 1112          : IntAlu : 
1248000: system.cpu: T0 : 0x1bf3e    : beq s0, s7, 484            : IntAlu : 
1249000: system.cpu: T0 : 0x1c122    : ld s5, 8(s11)              : MemRead :  D=0x0000000000020000 A=0x6f560
1249500: system.cpu: T0 : 0x1c126    : c_lw a5, 4(s0)             : MemRead :  D=0x0000000000000000 A=0x6f5cc
1250000: system.cpu: T0 : 0x1c128    : addi s10, s2, -1           : IntAlu :  D=0x0000000000000fff
1250500: system.cpu: T0 : 0x1c12c    : addi s5, s5, 32            : IntAlu :  D=0x0000000000020020
1251000: system.cpu: T0 : 0x1c130    : c_add s5, s10              : IntAlu :  D=0x000000000002101f
1251500: system.cpu: T0 : 0x1c132    : c_andi a5, 2               : IntAlu :  D=0x0000000000000000
1252000: system.cpu: T0 : 0x1c134    : c_add s5, s1               : IntAlu :  D=0x00000000000212af
1253000: system.cpu: T0 : 0x1c136    : sub a6, zero, s2           : IntAlu :  D=0xfffffffffffff000
1253500: system.cpu: T0 : 0x1c13a    : c_beqz a5, 158             : IntAlu : 
1254000: system.cpu: T0 : 0x1c1d8    : sub s5, s5, s3             : IntAlu :  D=0x00000000000212af
1254500: system.cpu: T0 : 0x1c1dc    : and s5, s5, a6             : IntAlu :  D=0x0000000000021000
1255000: system.cpu: T0 : 0x1c1e0    : blt zero, s5, -156         : IntAlu : 
1255500: system.cpu: T0 : 0x1c144    : ld a5, -1840(gp)           : MemRead :  D=0x000000000001ea6e A=0x708f8
1256000: system.cpu: T0 : 0x1c148    : c_mv a0, s5                : IntAlu :  D=0x0000000000021000
1256500: system.cpu: T0 : 0x1c14a    : c_sdsp a6, 8(sp)           : MemWrite :  D=0xfffffffffffff000 A=0x7ffffffffffffa38
1257000: system.cpu: T0 : 0x1c14c    : c_jalr a5                  : IntAlu :  D=0x000000000001c14e
1257500: system.cpu: T0 : 0x1ea6e    : c_addi sp, -16             : IntAlu :  D=0x7ffffffffffffa20
1258000: system.cpu: T0 : 0x1ea70    : c_sdsp ra, 8(sp)           : MemWrite :  D=0x000000000001c14e A=0x7ffffffffffffa28
1259000: system.cpu: T0 : 0x1ea72    : jal ra, 9318               : IntAlu :  D=0x000000000001ea76
1259500: system.cpu: T0 : 0x20ed8    : c_addi sp, -32             : IntAlu :  D=0x7ffffffffffffa00
1260000: system.cpu: T0 : 0x20eda    : c_sdsp s2, 0(sp)           : MemWrite :  D=0x0000000000001000 A=0x7ffffffffffffa00
1260500: system.cpu: T0 : 0x20edc    : c_sdsp s1, 8(sp)           : MemWrite :  D=0x0000000000000290 A=0x7ffffffffffffa08
1261500: system.cpu: T0 : 0x20ede    : ld s1, -1200(gp)           : MemRead :  D=0x0000000000072f80 A=0x70b78
1262000: system.cpu: T0 : 0x20ee2    : c_sdsp s0, 16(sp)          : MemWrite :  D=0x000000000006f5c8 A=0x7ffffffffffffa10
1262500: system.cpu: T0 : 0x20ee4    : c_sdsp ra, 24(sp)          : MemWrite :  D=0x000000000001ea76 A=0x7ffffffffffffa18
1263000: system.cpu: T0 : 0x20ee6    : c_mv s0, a0                : IntAlu :  D=0x0000000000021000
1263500: system.cpu: T0 : 0x20ee8    : c_beqz s1, 46              : IntAlu : 
1264500: system.cpu: T0 : 0x20eea    : lw a5, -1728(gp)           : MemRead :  D=0x0000000000000000 A=0x70968
1265000: system.cpu: T0 : 0x20eee    : c_bnez a5, 40              : IntAlu : 
1265500: system.cpu: T0 : 0x20ef0    : c_beqz s0, 24              : IntAlu : 
1266500: system.cpu: T0 : 0x20ef2    : bge zero, s0, 52           : IntAlu : 
1267500: system.cpu: T0 : 0x20ef6    : add a5, s0, s1             : IntAlu :  D=0x0000000000093f80
1268500: system.cpu: T0 : 0x20efa    : sltu a5, a5, s1            : IntAlu :  D=0x0000000000000000
1269000: system.cpu: T0 : 0x20efe    : c_beqz a5, 50              : IntAlu : 
1269500: system.cpu: T0 : 0x20f30    : add a0, s1, s0             : IntAlu :  D=0x0000000000093f80
1270000: system.cpu: T0 : 0x20f34    : jal ra, 98390              : IntAlu :  D=0x0000000000020f38
1270500: system.cpu: T0 : 0x38f8a    : c_mv a5, a0                : IntAlu :  D=0x0000000000093f80
1271000: system.cpu: T0 : 0x38f8c    : addi a7, zero, 214         : IntAlu :  D=0x00000000000000d6
1271500: system.cpu: T0 : 0x38f90    : ecall                      : No_OpClass : 
1272000: system.cpu: T0 : 0x38f94    : sd a0, -1200(gp)           : MemWrite :  D=0x0000000000093f80 A=0x70b78
1272500: system.cpu: T0 : 0x38f98    : bltu a0, a5, 8             : IntAlu : 
1273000: system.cpu: T0 : 0x38f9c    : c_li a0, 0                 : IntAlu :  D=0x0000000000000000
1273500: system.cpu: T0 : 0x38f9e    : c_jr ra                    : IntAlu : 
1274000: system.cpu: T0 : 0x20f38    : blt a0, zero, -50          : IntAlu : 
1274500: system.cpu: T0 : 0x20f3c    : c_ldsp ra, 24(sp)          : MemRead :  D=0x000000000001ea76 A=0x7ffffffffffffa18
1275000: system.cpu: T0 : 0x20f3e    : c_ldsp s0, 16(sp)          : MemRead :  D=0x000000000006f5c8 A=0x7ffffffffffffa10
1275500: system.cpu: T0 : 0x20f40    : c_ldsp s2, 0(sp)           : MemRead :  D=0x0000000000001000 A=0x7ffffffffffffa00
1276000: system.cpu: T0 : 0x20f42    : c_mv a0, s1                : IntAlu :  D=0x0000000000072f80
1276500: system.cpu: T0 : 0x20f44    : c_ldsp s1, 8(sp)           : MemRead :  D=0x0000000000000290 A=0x7ffffffffffffa08
1277000: system.cpu: T0 : 0x20f46    : c_addi16sp sp, 32          : IntAlu :  D=0x7ffffffffffffa20
1277500: system.cpu: T0 : 0x20f48    : c_jr ra                    : IntAlu : 
1278000: system.cpu: T0 : 0x1ea76    : c_li a5, -1                : IntAlu :  D=0xffffffffffffffff
1278500: system.cpu: T0 : 0x1ea78    : beq a0, a5, 10             : IntAlu : 
1279000: system.cpu: T0 : 0x1ea7c    : c_ldsp ra, 8(sp)           : MemRead :  D=0x000000000001c14e A=0x7ffffffffffffa28
1279500: system.cpu: T0 : 0x1ea7e    : c_addi sp, 16              : IntAlu :  D=0x7ffffffffffffa30
1280000: system.cpu: T0 : 0x1ea80    : c_jr ra                    : IntAlu : 
1280500: system.cpu: T0 : 0x1c14e    : c_ldsp a6, 8(sp)           : MemRead :  D=0xfffffffffffff000 A=0x7ffffffffffffa38
1281000: system.cpu: T0 : 0x1c150    : c_mv s2, a0                : IntAlu :  D=0x0000000000072f80
1282000: system.cpu: T0 : 0x1c152    : beq a0, zero, 502          : IntAlu : 
1283000: system.cpu: T0 : 0x1c156    : ld a5, -1392(gp)           : MemRead :  D=0x0000000000000000 A=0x70ab8
1283500: system.cpu: T0 : 0x1c15a    : c_li a4, 0                 : IntAlu :  D=0x0000000000000000
1284000: system.cpu: T0 : 0x1c15c    : bne a5, zero, 538          : IntAlu : 
1284500: system.cpu: T0 : 0x1c160    : ld a5, 72(s11)             : MemRead :  D=0x0000000000000000 A=0x6f5a0
1285000: system.cpu: T0 : 0x1c164    : beq a5, zero, 380          : IntAlu : 
1285500: system.cpu: T0 : 0x1c2e0    : sd s2, 72(s11)             : MemWrite :  D=0x0000000000072f80 A=0x6f5a0
1286000: system.cpu: T0 : 0x1c2e4    : c_j -380                   : IntAlu : 
1286500: system.cpu: T0 : 0x1c168    : c_lui s11, 1               : IntAlu :  D=0x0000000000001000
1287000: system.cpu: T0 : 0x1c16a    : c_add s11, s7              : IntAlu :  D=0x00000000000705c8
1287500: system.cpu: T0 : 0x1c16c    : ld a5, -1912(s11)          : MemRead :  D=0x0000000000000000 A=0x6fe50
1288000: system.cpu: T0 : 0x1c170    : c_add a5, s5               : IntAlu :  D=0x0000000000021000
1289000: system.cpu: T0 : 0x1c172    : sd a5, -1912(s11)          : MemWrite :  D=0x0000000000021000 A=0x6fe50
1290000: system.cpu: T0 : 0x1c176    : beq s9, s2, 342            : IntAlu : 
1291000: system.cpu: T0 : 0x1c17a    : lw a3, 4(s7)               : MemRead :  D=0x0000000000000000 A=0x6f5cc
1291500: system.cpu: T0 : 0x1c17e    : c_andi a3, 2               : IntAlu :  D=0x0000000000000000
1292000: system.cpu: T0 : 0x1c180    : bne a3, zero, 242          : IntAlu : 
1292500: system.cpu: T0 : 0x1c184    : beq s3, zero, 18           : IntAlu : 
1293500: system.cpu: T0 : 0x1c196    : andi a5, s2, 15            : IntAlu :  D=0x0000000000000000
1294500: system.cpu: T0 : 0x1c19a    : bne a5, zero, 332          : IntAlu : 
1295000: system.cpu: T0 : 0x1c19e    : c_mv a4, s3                : IntAlu :  D=0x0000000000000000
1295500: system.cpu: T0 : 0x1c1a0    : c_mv s9, s2                : IntAlu :  D=0x0000000000072f80
1296000: system.cpu: T0 : 0x1c1a2    : c_add s5, a4               : IntAlu :  D=0x0000000000021000
1296500: system.cpu: T0 : 0x1c1a4    : add a0, s2, s5             : IntAlu :  D=0x0000000000093f80
1297000: system.cpu: T0 : 0x1c1a8    : c_add s10, a0              : IntAlu :  D=0x0000000000094f7f
1298000: system.cpu: T0 : 0x1c1aa    : and a6, s10, a6            : IntAlu :  D=0x0000000000094000
1298500: system.cpu: T0 : 0x1c1ae    : c_sub a4, a0               : IntAlu :  D=0xfffffffffff6c080
1299000: system.cpu: T0 : 0x1c1b0    : add s5, a6, a4             : IntAlu :  D=0x0000000000000080
1299500: system.cpu: T0 : 0x1c1b4    : blt s5, zero, 626          : IntAlu : 
1300000: system.cpu: T0 : 0x1c1b8    : ld a5, -1840(gp)           : MemRead :  D=0x000000000001ea6e A=0x708f8
1300500: system.cpu: T0 : 0x1c1bc    : c_mv a0, s5                : IntAlu :  D=0x0000000000000080
1301000: system.cpu: T0 : 0x1c1be    : c_jalr a5                  : IntAlu :  D=0x000000000001c1c0
1301500: system.cpu: T0 : 0x1ea6e    : c_addi sp, -16             : IntAlu :  D=0x7ffffffffffffa20
1302000: system.cpu: T0 : 0x1ea70    : c_sdsp ra, 8(sp)           : MemWrite :  D=0x000000000001c1c0 A=0x7ffffffffffffa28
1303000: system.cpu: T0 : 0x1ea72    : jal ra, 9318               : IntAlu :  D=0x000000000001ea76
1303500: system.cpu: T0 : 0x20ed8    : c_addi sp, -32             : IntAlu :  D=0x7ffffffffffffa00
1304000: system.cpu: T0 : 0x20eda    : c_sdsp s2, 0(sp)           : MemWrite :  D=0x0000000000072f80 A=0x7ffffffffffffa00
1304500: system.cpu: T0 : 0x20edc    : c_sdsp s1, 8(sp)           : MemWrite :  D=0x0000000000000290 A=0x7ffffffffffffa08
1305500: system.cpu: T0 : 0x20ede    : ld s1, -1200(gp)           : MemRead :  D=0x0000000000093f80 A=0x70b78
1306000: system.cpu: T0 : 0x20ee2    : c_sdsp s0, 16(sp)          : MemWrite :  D=0x000000000006f5c8 A=0x7ffffffffffffa10
1306500: system.cpu: T0 : 0x20ee4    : c_sdsp ra, 24(sp)          : MemWrite :  D=0x000000000001ea76 A=0x7ffffffffffffa18
1307000: system.cpu: T0 : 0x20ee6    : c_mv s0, a0                : IntAlu :  D=0x0000000000000080
1307500: system.cpu: T0 : 0x20ee8    : c_beqz s1, 46              : IntAlu : 
1308500: system.cpu: T0 : 0x20eea    : lw a5, -1728(gp)           : MemRead :  D=0x0000000000000000 A=0x70968
1309000: system.cpu: T0 : 0x20eee    : c_bnez a5, 40              : IntAlu : 
1309500: system.cpu: T0 : 0x20ef0    : c_beqz s0, 24              : IntAlu : 
1310500: system.cpu: T0 : 0x20ef2    : bge zero, s0, 52           : IntAlu : 
1311500: system.cpu: T0 : 0x20ef6    : add a5, s0, s1             : IntAlu :  D=0x0000000000094000
1312500: system.cpu: T0 : 0x20efa    : sltu a5, a5, s1            : IntAlu :  D=0x0000000000000000
1313000: system.cpu: T0 : 0x20efe    : c_beqz a5, 50              : IntAlu : 
1313500: system.cpu: T0 : 0x20f30    : add a0, s1, s0             : IntAlu :  D=0x0000000000094000
1314000: system.cpu: T0 : 0x20f34    : jal ra, 98390              : IntAlu :  D=0x0000000000020f38
1314500: system.cpu: T0 : 0x38f8a    : c_mv a5, a0                : IntAlu :  D=0x0000000000094000
1315000: system.cpu: T0 : 0x38f8c    : addi a7, zero, 214         : IntAlu :  D=0x00000000000000d6
1315500: system.cpu: T0 : 0x38f90    : ecall                      : No_OpClass : 
1316000: system.cpu: T0 : 0x38f94    : sd a0, -1200(gp)           : MemWrite :  D=0x0000000000094000 A=0x70b78
1316500: system.cpu: T0 : 0x38f98    : bltu a0, a5, 8             : IntAlu : 
1317000: system.cpu: T0 : 0x38f9c    : c_li a0, 0                 : IntAlu :  D=0x0000000000000000
1317500: system.cpu: T0 : 0x38f9e    : c_jr ra                    : IntAlu : 
1318000: system.cpu: T0 : 0x20f38    : blt a0, zero, -50          : IntAlu : 
1318500: system.cpu: T0 : 0x20f3c    : c_ldsp ra, 24(sp)          : MemRead :  D=0x000000000001ea76 A=0x7ffffffffffffa18
1319000: system.cpu: T0 : 0x20f3e    : c_ldsp s0, 16(sp)          : MemRead :  D=0x000000000006f5c8 A=0x7ffffffffffffa10
1319500: system.cpu: T0 : 0x20f40    : c_ldsp s2, 0(sp)           : MemRead :  D=0x0000000000072f80 A=0x7ffffffffffffa00
1320000: system.cpu: T0 : 0x20f42    : c_mv a0, s1                : IntAlu :  D=0x0000000000093f80
1320500: system.cpu: T0 : 0x20f44    : c_ldsp s1, 8(sp)           : MemRead :  D=0x0000000000000290 A=0x7ffffffffffffa08
1321000: system.cpu: T0 : 0x20f46    : c_addi16sp sp, 32          : IntAlu :  D=0x7ffffffffffffa20
1321500: system.cpu: T0 : 0x20f48    : c_jr ra                    : IntAlu : 
1322000: system.cpu: T0 : 0x1ea76    : c_li a5, -1                : IntAlu :  D=0xffffffffffffffff
1322500: system.cpu: T0 : 0x1ea78    : beq a0, a5, 10             : IntAlu : 
1323000: system.cpu: T0 : 0x1ea7c    : c_ldsp ra, 8(sp)           : MemRead :  D=0x000000000001c1c0 A=0x7ffffffffffffa28
1323500: system.cpu: T0 : 0x1ea7e    : c_addi sp, 16              : IntAlu :  D=0x7ffffffffffffa30
1324000: system.cpu: T0 : 0x1ea80    : c_jr ra                    : IntAlu : 
1324500: system.cpu: T0 : 0x1c1c0    : c_mv a4, a0                : IntAlu :  D=0x0000000000093f80
1325500: system.cpu: T0 : 0x1c1c2    : beq a0, zero, 426          : IntAlu : 
1326500: system.cpu: T0 : 0x1c1c6    : ld a5, -1392(gp)           : MemRead :  D=0x0000000000000000 A=0x70ab8
1327500: system.cpu: T0 : 0x1c1ca    : bne a5, zero, 440          : IntAlu : 
1328500: system.cpu: T0 : 0x1c1ce    : ld a5, -1912(s11)          : MemRead :  D=0x0000000000021000 A=0x6fe50
1329000: system.cpu: T0 : 0x1c1d2    : c_mv s2, s9                : IntAlu :  D=0x0000000000072f80
1329500: system.cpu: T0 : 0x1c1d4    : c_add a5, s5               : IntAlu :  D=0x0000000000021080
1330000: system.cpu: T0 : 0x1c1d6    : c_j 168                    : IntAlu : 
1331000: system.cpu: T0 : 0x1c27e    : sub a4, a4, s2             : IntAlu :  D=0x0000000000021000
1331500: system.cpu: T0 : 0x1c282    : c_add a4, s5               : IntAlu :  D=0x0000000000021080
1332000: system.cpu: T0 : 0x1c284    : sd s2, 96(s7)              : MemWrite :  D=0x0000000000072f80 A=0x6f628
1332500: system.cpu: T0 : 0x1c288    : ori a4, a4, 1              : IntAlu :  D=0x0000000000021081
1333000: system.cpu: T0 : 0x1c28c    : sd a4, 8(s2)               : MemWrite :  D=0x0000000000021081 A=0x72f88
1333500: system.cpu: T0 : 0x1c290    : sd a5, -1912(s11)          : MemWrite :  D=0x0000000000021080 A=0x6fe50
1334000: system.cpu: T0 : 0x1c294    : beq s3, zero, -754         : IntAlu : 
1334500: system.cpu: T0 : 0x1bfa2    : c_lui a4, 1                : IntAlu :  D=0x0000000000001000
1335000: system.cpu: T0 : 0x1bfa4    : c_add a4, s0               : IntAlu :  D=0x00000000000705c8
1336000: system.cpu: T0 : 0x1bfa6    : ld a3, -1904(a4)           : MemRead :  D=0x0000000000000000 A=0x6fe58
1337000: system.cpu: T0 : 0x1bfaa    : bgeu a3, a5, 8             : IntAlu : 
1338000: system.cpu: T0 : 0x1bfae    : sd a5, -1904(a4)           : MemWrite :  D=0x0000000000021080 A=0x6fe58
1339000: system.cpu: T0 : 0x1bfb2    : ld a5, 8(s2)               : MemRead :  D=0x0000000000021081 A=0x72f88
1339500: system.cpu: T0 : 0x1bfb6    : c_andi a5, 18446744073709551608 : IntAlu :  D=0x0000000000021080
1340000: system.cpu: T0 : 0x1bfb8    : bltu a5, s8, 298           : IntAlu : 
1340500: system.cpu: T0 : 0x1bfbc    : add a4, s2, s1             : IntAlu :  D=0x0000000000073210
1341000: system.cpu: T0 : 0x1bfc0    : c_sd a4, 96(s0)            : MemWrite :  D=0x0000000000073210 A=0x6f628
1341500: system.cpu: T0 : 0x1bfc2    : c_sub a5, s1               : IntAlu :  D=0x0000000000020df0
1342000: system.cpu: T0 : 0x1bfc4    : beq s0, s7, 8              : IntAlu : 
1342500: system.cpu: T0 : 0x1bfcc    : ori s1, s1, 1              : IntAlu :  D=0x0000000000000291
1343000: system.cpu: T0 : 0x1bfd0    : sd s1, 8(s2)               : MemWrite :  D=0x0000000000000291 A=0x72f88
1343500: system.cpu: T0 : 0x1bfd4    : ori a5, a5, 1              : IntAlu :  D=0x0000000000020df1
1344000: system.cpu: T0 : 0x1bfd8    : c_sd a5, 8(a4)             : MemWrite :  D=0x0000000000020df1 A=0x73218
1344500: system.cpu: T0 : 0x1bfd8    : c_sd a5, 8(a4)             : MemWrite :  D=0x0000000000020df1 A=0x73218
1345500: system.cpu: T0 : 0x1bfda    : addi a0, s2, 16            : IntAlu :  D=0x0000000000072f90
1346000: system.cpu: T0 : 0x1bfde    : c_ldsp ra, 152(sp)         : MemRead :  D=0x000000000001cbe4 A=0x7ffffffffffffac8
1346500: system.cpu: T0 : 0x1bfe0    : c_ldsp s0, 144(sp)         : MemRead :  D=0x0000000000000290 A=0x7ffffffffffffac0
1347000: system.cpu: T0 : 0x1bfe2    : c_ldsp s1, 136(sp)         : MemRead :  D=0x000000000006f5c8 A=0x7ffffffffffffab8
1347500: system.cpu: T0 : 0x1bfe4    : c_ldsp s2, 128(sp)         : MemRead :  D=0x0000000000000004 A=0x7ffffffffffffab0
1348000: system.cpu: T0 : 0x1bfe6    : c_ldsp s3, 120(sp)         : MemRead :  D=0x0000000000000280 A=0x7ffffffffffffaa8
1348500: system.cpu: T0 : 0x1bfe8    : c_ldsp s4, 112(sp)         : MemRead :  D=0x0000000000000000 A=0x7ffffffffffffaa0
1349000: system.cpu: T0 : 0x1bfea    : c_ldsp s5, 104(sp)         : MemRead :  D=0x0000000000000000 A=0x7ffffffffffffa98
1349500: system.cpu: T0 : 0x1bfec    : c_ldsp s6, 96(sp)          : MemRead :  D=0x0000000000000027 A=0x7ffffffffffffa90
1350000: system.cpu: T0 : 0x1bfee    : c_ldsp s7, 88(sp)          : MemRead :  D=0x000000000006f558 A=0x7ffffffffffffa88
1350500: system.cpu: T0 : 0x1bff0    : c_ldsp s8, 80(sp)          : MemRead :  D=0x000000000006f628 A=0x7ffffffffffffa80
1351000: system.cpu: T0 : 0x1bff2    : c_ldsp s9, 72(sp)          : MemRead :  D=0x0000000000000029 A=0x7ffffffffffffa78
1351500: system.cpu: T0 : 0x1bff4    : c_ldsp s10, 64(sp)         : MemRead :  D=0x000000000000000a A=0x7ffffffffffffa70
1352000: system.cpu: T0 : 0x1bff6    : c_ldsp s11, 56(sp)         : MemRead :  D=0x0000000000001000 A=0x7ffffffffffffa68
1352500: system.cpu: T0 : 0x1bff8    : c_addi16sp sp, 160         : IntAlu :  D=0x7ffffffffffffad0
1353000: system.cpu: T0 : 0x1bffa    : c_jr ra                    : IntAlu : 
1353500: system.cpu: T0 : 0x1cbe4    : c_mv s2, a0                : IntAlu :  D=0x0000000000072f90
1354500: system.cpu: T0 : 0x1cbe6    : bne a0, zero, -672         : IntAlu : 
1355500: system.cpu: T0 : 0x1c946    : lw a1, -1396(gp)           : MemRead :  D=0x0000000000000000 A=0x70ab4
1356500: system.cpu: T0 : 0x1c94a    : beq a1, zero, -516         : IntAlu : 
1357000: system.cpu: T0 : 0x1c746    : c_ldsp ra, 248(sp)         : MemRead :  D=0x000000000001cf86 A=0x7ffffffffffffbc8
1357500: system.cpu: T0 : 0x1c748    : c_ldsp s0, 240(sp)         : MemRead :  D=0x000000000006f5c8 A=0x7ffffffffffffbc0
1358000: system.cpu: T0 : 0x1c74a    : c_ldsp s1, 232(sp)         : MemRead :  D=0x000000000006f5c8 A=0x7ffffffffffffbb8
1358500: system.cpu: T0 : 0x1c74c    : c_ldsp s3, 216(sp)         : MemRead :  D=0x0000000000000000 A=0x7ffffffffffffba8
1359000: system.cpu: T0 : 0x1c74e    : c_ldsp s4, 208(sp)         : MemRead :  D=0x0000000000000000 A=0x7ffffffffffffba0
1359500: system.cpu: T0 : 0x1c750    : c_ldsp s5, 200(sp)         : MemRead :  D=0x0000000000000000 A=0x7ffffffffffffb98
1360000: system.cpu: T0 : 0x1c752    : c_ldsp s6, 192(sp)         : MemRead :  D=0x0000000000072000 A=0x7ffffffffffffb90
1360500: system.cpu: T0 : 0x1c754    : c_ldsp s7, 184(sp)         : MemRead :  D=0x0000000000000000 A=0x7ffffffffffffb88
1361000: system.cpu: T0 : 0x1c756    : c_ldsp s8, 176(sp)         : MemRead :  D=0x0000000000000000 A=0x7ffffffffffffb80
1361500: system.cpu: T0 : 0x1c758    : c_ldsp s9, 168(sp)         : MemRead :  D=0x0000000000000003 A=0x7ffffffffffffb78
1362000: system.cpu: T0 : 0x1c75a    : c_ldsp s10, 160(sp)        : MemRead :  D=0x0000000000000000 A=0x7ffffffffffffb70
1362500: system.cpu: T0 : 0x1c75c    : c_ldsp s11, 152(sp)        : MemRead :  D=0x0000000000000000 A=0x7ffffffffffffb68
1363000: system.cpu: T0 : 0x1c75e    : c_mv a0, s2                : IntAlu :  D=0x0000000000072f90
1363500: system.cpu: T0 : 0x1c760    : c_ldsp s2, 224(sp)         : MemRead :  D=0x0000000000000002 A=0x7ffffffffffffbb0
1364000: system.cpu: T0 : 0x1c762    : c_addi16sp sp, 256         : IntAlu :  D=0x7ffffffffffffbd0
1364500: system.cpu: T0 : 0x1c764    : c_jr ra                    : IntAlu : 
1365000: system.cpu: T0 : 0x1cf86    : c_mv a5, a0                : IntAlu :  D=0x0000000000072f90
1365500: system.cpu: T0 : 0x1cf88    : c_beqz a0, 70              : IntAlu : 
1366000: system.cpu: T0 : 0x1cf8a    : c_li a4, 0                 : IntAlu :  D=0x0000000000000000
1366500: system.cpu: T0 : 0x1cf8c    : fence iorw, ow             : No_OpClass : 
1367000: system.cpu: T0 : 0x1cf90    : amoswap_w a4, a4, (s0)    
1367000: system.cpu: T0 : 0x1cf90. 0 : amoswap_w[l] a4, a4, (s0)  : MemRead :  D=0x0000000000000001 A=0x6f5c8
1367500: system.cpu: T0 : 0x1cf94    : c_addiw a4, 0              : IntAlu :  D=0x0000000000000001
1368000: system.cpu: T0 : 0x1cf96    : c_li a3, 1                 : IntAlu :  D=0x0000000000000001
1368500: system.cpu: T0 : 0x1cf98    : blt a3, a4, 96             : IntAlu : 
1369000: system.cpu: T0 : 0x1cf9c    : c_ldsp s0, 16(sp)          : MemRead :  D=0x0000000000000024 A=0x7ffffffffffffbe0
1369500: system.cpu: T0 : 0x1cf9e    : c_ldsp ra, 24(sp)          : MemRead :  D=0x000000000001d90c A=0x7ffffffffffffbe8
1370000: system.cpu: T0 : 0x1cfa0    : c_ldsp s1, 8(sp)           : MemRead :  D=0x0000000000000001 A=0x7ffffffffffffbd8
1371000: system.cpu: T0 : 0x1cfa2    : sd a5, 40(tp)              : MemWrite :  D=0x0000000000072f90 A=0x72738
1372000: system.cpu: T0 : 0x1cfa6    : addi a2, zero, 640         : IntAlu :  D=0x0000000000000280
1372500: system.cpu: T0 : 0x1cfaa    : c_li a1, 0                 : IntAlu :  D=0x0000000000000000
1373000: system.cpu: T0 : 0x1cfac    : c_mv a0, a5                : IntAlu :  D=0x0000000000072f90
1373500: system.cpu: T0 : 0x1cfae    : c_addi16sp sp, 32          : IntAlu :  D=0x7ffffffffffffbf0
1374000: system.cpu: T0 : 0x1cfb0    : jal zero, 10394            : IntAlu :  D=0x000000000001cfb4
1374500: system.cpu: T0 : 0x1f84a    : c_li a4, 7                 : IntAlu :  D=0x0000000000000007
1375000: system.cpu: T0 : 0x1f84c    : c_mv a5, a0                : IntAlu :  D=0x0000000000072f90
1376000: system.cpu: T0 : 0x1f84e    : bgeu a4, a2, 140           : IntAlu : 
1377000: system.cpu: T0 : 0x1f852    : andi a7, a1, 255           : IntAlu :  D=0x0000000000000000
1378000: system.cpu: T0 : 0x1f856    : slli a3, a7, 8             : IntAlu :  D=0x0000000000000000
1379000: system.cpu: T0 : 0x1f85a    : or a3, a3, a7              : IntAlu :  D=0x0000000000000000
1380000: system.cpu: T0 : 0x1f85e    : slli a4, a3, 16            : IntAlu :  D=0x0000000000000000
1380500: system.cpu: T0 : 0x1f862    : c_or a3, a4                : IntAlu :  D=0x0000000000000000
1381000: system.cpu: T0 : 0x1f864    : slli a4, a3, 32            : IntAlu :  D=0x0000000000000000
1381500: system.cpu: T0 : 0x1f868    : andi a6, a0, 7             : IntAlu :  D=0x0000000000000000
1382000: system.cpu: T0 : 0x1f86c    : c_or a4, a3                : IntAlu :  D=0x0000000000000000
1383000: system.cpu: T0 : 0x1f86e    : beq a6, zero, 130          : IntAlu : 
1383500: system.cpu: T0 : 0x1f8f0    : c_mv a3, a2                : IntAlu :  D=0x0000000000000280
1384000: system.cpu: T0 : 0x1f8f2    : c_j -108                   : IntAlu : 
1385000: system.cpu: T0 : 0x1f886    : srli a6, a3, 6             : IntAlu :  D=0x000000000000000a
1386000: system.cpu: T0 : 0x1f88a    : beq a6, zero, 42           : IntAlu : 
1387000: system.cpu: T0 : 0x1f88e    : slli a2, a6, 6             : IntAlu :  D=0x0000000000000280
1387500: system.cpu: T0 : 0x1f892    : c_mv a7, a5                : IntAlu :  D=0x0000000000072f90
1388000: system.cpu: T0 : 0x1f894    : c_add a2, a5               : IntAlu :  D=0x0000000000073210
1388500: system.cpu: T0 : 0x1f896    : c_sd a4, 0(a5)             : MemWrite :  D=0x0000000000000000 A=0x72f90
1389000: system.cpu: T0 : 0x1f898    : c_sd a4, 8(a5)             : MemWrite :  D=0x0000000000000000 A=0x72f98
1389500: system.cpu: T0 : 0x1f89a    : c_sd a4, 16(a5)            : MemWrite :  D=0x0000000000000000 A=0x72fa0
1390000: system.cpu: T0 : 0x1f89c    : c_sd a4, 24(a5)            : MemWrite :  D=0x0000000000000000 A=0x72fa8
1390500: system.cpu: T0 : 0x1f89e    : c_sd a4, 32(a5)            : MemWrite :  D=0x0000000000000000 A=0x72fb0
1391000: system.cpu: T0 : 0x1f8a0    : c_sd a4, 40(a5)            : MemWrite :  D=0x0000000000000000 A=0x72fb8
1391500: system.cpu: T0 : 0x1f8a2    : c_sd a4, 48(a5)            : MemWrite :  D=0x0000000000000000 A=0x72fc0
1392000: system.cpu: T0 : 0x1f8a4    : c_sd a4, 56(a5)            : MemWrite :  D=0x0000000000000000 A=0x72fc8
1393000: system.cpu: T0 : 0x1f8a6    : addi a5, a5, 64            : IntAlu :  D=0x0000000000072fd0
1394000: system.cpu: T0 : 0x1f8aa    : bne a2, a5, -20            : IntAlu : 
1394500: system.cpu: T0 : 0x1f896    : c_sd a4, 0(a5)             : MemWrite :  D=0x0000000000000000 A=0x72fd0
1395000: system.cpu: T0 : 0x1f898    : c_sd a4, 8(a5)             : MemWrite :  D=0x0000000000000000 A=0x72fd8
1395500: system.cpu: T0 : 0x1f89a    : c_sd a4, 16(a5)            : MemWrite :  D=0x0000000000000000 A=0x72fe0
1396000: system.cpu: T0 : 0x1f89c    : c_sd a4, 24(a5)            : MemWrite :  D=0x0000000000000000 A=0x72fe8
1396500: system.cpu: T0 : 0x1f89e    : c_sd a4, 32(a5)            : MemWrite :  D=0x0000000000000000 A=0x72ff0
1397000: system.cpu: T0 : 0x1f8a0    : c_sd a4, 40(a5)            : MemWrite :  D=0x0000000000000000 A=0x72ff8
1397500: system.cpu: T0 : 0x1f8a2    : c_sd a4, 48(a5)            : MemWrite :  D=0x0000000000000000 A=0x73000
1398000: system.cpu: T0 : 0x1f8a4    : c_sd a4, 56(a5)            : MemWrite :  D=0x0000000000000000 A=0x73008
1399000: system.cpu: T0 : 0x1f8a6    : addi a5, a5, 64            : IntAlu :  D=0x0000000000073010
1400000: system.cpu: T0 : 0x1f8aa    : bne a2, a5, -20            : IntAlu : 
1400500: system.cpu: T0 : 0x1f896    : c_sd a4, 0(a5)             : MemWrite :  D=0x0000000000000000 A=0x73010
1401000: system.cpu: T0 : 0x1f898    : c_sd a4, 8(a5)             : MemWrite :  D=0x0000000000000000 A=0x73018
1401500: system.cpu: T0 : 0x1f89a    : c_sd a4, 16(a5)            : MemWrite :  D=0x0000000000000000 A=0x73020
1402000: system.cpu: T0 : 0x1f89c    : c_sd a4, 24(a5)            : MemWrite :  D=0x0000000000000000 A=0x73028
1402500: system.cpu: T0 : 0x1f89e    : c_sd a4, 32(a5)            : MemWrite :  D=0x0000000000000000 A=0x73030
1403000: system.cpu: T0 : 0x1f8a0    : c_sd a4, 40(a5)            : MemWrite :  D=0x0000000000000000 A=0x73038
1403500: system.cpu: T0 : 0x1f8a2    : c_sd a4, 48(a5)            : MemWrite :  D=0x0000000000000000 A=0x73040
1404000: system.cpu: T0 : 0x1f8a4    : c_sd a4, 56(a5)            : MemWrite :  D=0x0000000000000000 A=0x73048
1405000: system.cpu: T0 : 0x1f8a6    : addi a5, a5, 64            : IntAlu :  D=0x0000000000073050
1406000: system.cpu: T0 : 0x1f8aa    : bne a2, a5, -20            : IntAlu : 
1406500: system.cpu: T0 : 0x1f896    : c_sd a4, 0(a5)             : MemWrite :  D=0x0000000000000000 A=0x73050
1407000: system.cpu: T0 : 0x1f898    : c_sd a4, 8(a5)             : MemWrite :  D=0x0000000000000000 A=0x73058
1407500: system.cpu: T0 : 0x1f89a    : c_sd a4, 16(a5)            : MemWrite :  D=0x0000000000000000 A=0x73060
1408000: system.cpu: T0 : 0x1f89c    : c_sd a4, 24(a5)            : MemWrite :  D=0x0000000000000000 A=0x73068
1408500: system.cpu: T0 : 0x1f89e    : c_sd a4, 32(a5)            : MemWrite :  D=0x0000000000000000 A=0x73070
1409000: system.cpu: T0 : 0x1f8a0    : c_sd a4, 40(a5)            : MemWrite :  D=0x0000000000000000 A=0x73078
1409500: system.cpu: T0 : 0x1f8a2    : c_sd a4, 48(a5)            : MemWrite :  D=0x0000000000000000 A=0x73080
1410000: system.cpu: T0 : 0x1f8a4    : c_sd a4, 56(a5)            : MemWrite :  D=0x0000000000000000 A=0x73088
1411000: system.cpu: T0 : 0x1f8a6    : addi a5, a5, 64            : IntAlu :  D=0x0000000000073090
1412000: system.cpu: T0 : 0x1f8aa    : bne a2, a5, -20            : IntAlu : 
1412500: system.cpu: T0 : 0x1f896    : c_sd a4, 0(a5)             : MemWrite :  D=0x0000000000000000 A=0x73090
1413000: system.cpu: T0 : 0x1f898    : c_sd a4, 8(a5)             : MemWrite :  D=0x0000000000000000 A=0x73098
1413500: system.cpu: T0 : 0x1f89a    : c_sd a4, 16(a5)            : MemWrite :  D=0x0000000000000000 A=0x730a0
1414000: system.cpu: T0 : 0x1f89c    : c_sd a4, 24(a5)            : MemWrite :  D=0x0000000000000000 A=0x730a8
1414500: system.cpu: T0 : 0x1f89e    : c_sd a4, 32(a5)            : MemWrite :  D=0x0000000000000000 A=0x730b0
1415000: system.cpu: T0 : 0x1f8a0    : c_sd a4, 40(a5)            : MemWrite :  D=0x0000000000000000 A=0x730b8
1415500: system.cpu: T0 : 0x1f8a2    : c_sd a4, 48(a5)            : MemWrite :  D=0x0000000000000000 A=0x730c0
1416000: system.cpu: T0 : 0x1f8a4    : c_sd a4, 56(a5)            : MemWrite :  D=0x0000000000000000 A=0x730c8
1417000: system.cpu: T0 : 0x1f8a6    : addi a5, a5, 64            : IntAlu :  D=0x00000000000730d0
1418000: system.cpu: T0 : 0x1f8aa    : bne a2, a5, -20            : IntAlu : 
1418500: system.cpu: T0 : 0x1f896    : c_sd a4, 0(a5)             : MemWrite :  D=0x0000000000000000 A=0x730d0
1419000: system.cpu: T0 : 0x1f898    : c_sd a4, 8(a5)             : MemWrite :  D=0x0000000000000000 A=0x730d8
1419500: system.cpu: T0 : 0x1f89a    : c_sd a4, 16(a5)            : MemWrite :  D=0x0000000000000000 A=0x730e0
1420000: system.cpu: T0 : 0x1f89c    : c_sd a4, 24(a5)            : MemWrite :  D=0x0000000000000000 A=0x730e8
1420500: system.cpu: T0 : 0x1f89e    : c_sd a4, 32(a5)            : MemWrite :  D=0x0000000000000000 A=0x730f0
1421000: system.cpu: T0 : 0x1f8a0    : c_sd a4, 40(a5)            : MemWrite :  D=0x0000000000000000 A=0x730f8
1421500: system.cpu: T0 : 0x1f8a2    : c_sd a4, 48(a5)            : MemWrite :  D=0x0000000000000000 A=0x73100
1422000: system.cpu: T0 : 0x1f8a4    : c_sd a4, 56(a5)            : MemWrite :  D=0x0000000000000000 A=0x73108
1423000: system.cpu: T0 : 0x1f8a6    : addi a5, a5, 64            : IntAlu :  D=0x0000000000073110
1424000: system.cpu: T0 : 0x1f8aa    : bne a2, a5, -20            : IntAlu : 
1424500: system.cpu: T0 : 0x1f896    : c_sd a4, 0(a5)             : MemWrite :  D=0x0000000000000000 A=0x73110
1425000: system.cpu: T0 : 0x1f898    : c_sd a4, 8(a5)             : MemWrite :  D=0x0000000000000000 A=0x73118
1425500: system.cpu: T0 : 0x1f89a    : c_sd a4, 16(a5)            : MemWrite :  D=0x0000000000000000 A=0x73120
1426000: system.cpu: T0 : 0x1f89c    : c_sd a4, 24(a5)            : MemWrite :  D=0x0000000000000000 A=0x73128
1426500: system.cpu: T0 : 0x1f89e    : c_sd a4, 32(a5)            : MemWrite :  D=0x0000000000000000 A=0x73130
1427000: system.cpu: T0 : 0x1f8a0    : c_sd a4, 40(a5)            : MemWrite :  D=0x0000000000000000 A=0x73138
1427500: system.cpu: T0 : 0x1f8a2    : c_sd a4, 48(a5)            : MemWrite :  D=0x0000000000000000 A=0x73140
1428000: system.cpu: T0 : 0x1f8a4    : c_sd a4, 56(a5)            : MemWrite :  D=0x0000000000000000 A=0x73148
1429000: system.cpu: T0 : 0x1f8a6    : addi a5, a5, 64            : IntAlu :  D=0x0000000000073150
1430000: system.cpu: T0 : 0x1f8aa    : bne a2, a5, -20            : IntAlu : 
1430500: system.cpu: T0 : 0x1f896    : c_sd a4, 0(a5)             : MemWrite :  D=0x0000000000000000 A=0x73150
1431000: system.cpu: T0 : 0x1f898    : c_sd a4, 8(a5)             : MemWrite :  D=0x0000000000000000 A=0x73158
1431500: system.cpu: T0 : 0x1f89a    : c_sd a4, 16(a5)            : MemWrite :  D=0x0000000000000000 A=0x73160
1432000: system.cpu: T0 : 0x1f89c    : c_sd a4, 24(a5)            : MemWrite :  D=0x0000000000000000 A=0x73168
1432500: system.cpu: T0 : 0x1f89e    : c_sd a4, 32(a5)            : MemWrite :  D=0x0000000000000000 A=0x73170
1433000: system.cpu: T0 : 0x1f8a0    : c_sd a4, 40(a5)            : MemWrite :  D=0x0000000000000000 A=0x73178
1433500: system.cpu: T0 : 0x1f8a2    : c_sd a4, 48(a5)            : MemWrite :  D=0x0000000000000000 A=0x73180
1434000: system.cpu: T0 : 0x1f8a4    : c_sd a4, 56(a5)            : MemWrite :  D=0x0000000000000000 A=0x73188
1435000: system.cpu: T0 : 0x1f8a6    : addi a5, a5, 64            : IntAlu :  D=0x0000000000073190
1436000: system.cpu: T0 : 0x1f8aa    : bne a2, a5, -20            : IntAlu : 
1436500: system.cpu: T0 : 0x1f896    : c_sd a4, 0(a5)             : MemWrite :  D=0x0000000000000000 A=0x73190
1437000: system.cpu: T0 : 0x1f898    : c_sd a4, 8(a5)             : MemWrite :  D=0x0000000000000000 A=0x73198
1437500: system.cpu: T0 : 0x1f89a    : c_sd a4, 16(a5)            : MemWrite :  D=0x0000000000000000 A=0x731a0
1438000: system.cpu: T0 : 0x1f89c    : c_sd a4, 24(a5)            : MemWrite :  D=0x0000000000000000 A=0x731a8
1438500: system.cpu: T0 : 0x1f89e    : c_sd a4, 32(a5)            : MemWrite :  D=0x0000000000000000 A=0x731b0
1439000: system.cpu: T0 : 0x1f8a0    : c_sd a4, 40(a5)            : MemWrite :  D=0x0000000000000000 A=0x731b8
1439500: system.cpu: T0 : 0x1f8a2    : c_sd a4, 48(a5)            : MemWrite :  D=0x0000000000000000 A=0x731c0
1440000: system.cpu: T0 : 0x1f8a4    : c_sd a4, 56(a5)            : MemWrite :  D=0x0000000000000000 A=0x731c8
1441000: system.cpu: T0 : 0x1f8a6    : addi a5, a5, 64            : IntAlu :  D=0x00000000000731d0
1442000: system.cpu: T0 : 0x1f8aa    : bne a2, a5, -20            : IntAlu : 
1442500: system.cpu: T0 : 0x1f896    : c_sd a4, 0(a5)             : MemWrite :  D=0x0000000000000000 A=0x731d0
1443000: system.cpu: T0 : 0x1f898    : c_sd a4, 8(a5)             : MemWrite :  D=0x0000000000000000 A=0x731d8
1443500: system.cpu: T0 : 0x1f89a    : c_sd a4, 16(a5)            : MemWrite :  D=0x0000000000000000 A=0x731e0
1444000: system.cpu: T0 : 0x1f89c    : c_sd a4, 24(a5)            : MemWrite :  D=0x0000000000000000 A=0x731e8
1444500: system.cpu: T0 : 0x1f89e    : c_sd a4, 32(a5)            : MemWrite :  D=0x0000000000000000 A=0x731f0
1445000: system.cpu: T0 : 0x1f8a0    : c_sd a4, 40(a5)            : MemWrite :  D=0x0000000000000000 A=0x731f8
1445500: system.cpu: T0 : 0x1f8a2    : c_sd a4, 48(a5)            : MemWrite :  D=0x0000000000000000 A=0x73200
1446000: system.cpu: T0 : 0x1f8a4    : c_sd a4, 56(a5)            : MemWrite :  D=0x0000000000000000 A=0x73208
1447000: system.cpu: T0 : 0x1f8a6    : addi a5, a5, 64            : IntAlu :  D=0x0000000000073210
1448000: system.cpu: T0 : 0x1f8aa    : bne a2, a5, -20            : IntAlu : 
1449000: system.cpu: T0 : 0x1f8ae    : slli a5, a6, 6             : IntAlu :  D=0x0000000000000280
1449500: system.cpu: T0 : 0x1f8b2    : c_add a5, a7               : IntAlu :  D=0x0000000000073210
1450000: system.cpu: T0 : 0x1f8b4    : srli a6, a3, 3             : IntAlu :  D=0x0000000000000050
1450500: system.cpu: T0 : 0x1f8b8    : andi a6, a6, 7             : IntAlu :  D=0x0000000000000000
1451000: system.cpu: T0 : 0x1f8bc    : beq a6, zero, 26           : IntAlu : 
1452000: system.cpu: T0 : 0x1f8d6    : andi a2, a3, 7             : IntAlu :  D=0x0000000000000000
1453000: system.cpu: T0 : 0x1f8da    : andi a1, a1, 255           : IntAlu :  D=0x0000000000000000
1454000: system.cpu: T0 : 0x1f8de    : add a4, a5, a2             : IntAlu :  D=0x0000000000073210
1454500: system.cpu: T0 : 0x1f8e2    : c_beqz a2, 12              : IntAlu : 
1455000: system.cpu: T0 : 0x1f8ee    : c_jr ra                    : IntAlu : 
1455500: system.cpu: T0 : 0x1d90c    : lui a5, 111                : IntAlu :  D=0x000000000006f000
1456000: system.cpu: T0 : 0x1d910    : ld a5, 1448(a5)            : MemRead :  D=0x0000000000000040 A=0x6f5a8
1456500: system.cpu: T0 : 0x1d914    : bgeu s1, a5, -100          : IntAlu : 
1457000: system.cpu: T0 : 0x1d918    : ld a4, 40(tp)              : MemRead :  D=0x0000000000072f90 A=0x72738
1457500: system.cpu: T0 : 0x1d91c    : c_beqz a4, -108            : IntAlu : 
1458500: system.cpu: T0 : 0x1d91e    : slli a3, s1, 1             : IntAlu :  D=0x0000000000000002
1459000: system.cpu: T0 : 0x1d922    : c_add a3, a4               : IntAlu :  D=0x0000000000072f92
1459500: system.cpu: T0 : 0x1d924    : lhu a2, 0(a3)              : MemRead :  D=0x0000000000000000 A=0x72f92
1460000: system.cpu: T0 : 0x1d928    : c_beqz a2, -120            : IntAlu : 
1460500: system.cpu: T0 : 0x1d8b0    : lw a5, -1808(tp)           : MemRead :  D=0x0000000000000000 A=0x72000
1461000: system.cpu: T0 : 0x1d8b4    : c_bnez a5, 210             : IntAlu : 
1462000: system.cpu: T0 : 0x1d8b6    : lui s1, 111                : IntAlu :  D=0x000000000006f000
1462500: system.cpu: T0 : 0x1d8ba    : c_mv a1, s0                : IntAlu :  D=0x0000000000000024
1463000: system.cpu: T0 : 0x1d8bc    : addi a0, s1, 1480          : IntAlu :  D=0x000000000006f5c8
1463500: system.cpu: T0 : 0x1d8c0    : jal ra, -5228              : IntAlu :  D=0x000000000001d8c4
1464000: system.cpu: T0 : 0x1c454    : c_addi16sp sp, -256        : IntAlu :  D=0x7ffffffffffffaf0
1464500: system.cpu: T0 : 0x1c456    : c_sdsp ra, 248(sp)         : MemWrite :  D=0x000000000001d8c4 A=0x7ffffffffffffbe8
1465000: system.cpu: T0 : 0x1c458    : c_sdsp s0, 240(sp)         : MemWrite :  D=0x0000000000000024 A=0x7ffffffffffffbe0
1465500: system.cpu: T0 : 0x1c45a    : c_sdsp s1, 232(sp)         : MemWrite :  D=0x000000000006f000 A=0x7ffffffffffffbd8
1466000: system.cpu: T0 : 0x1c45c    : c_sdsp s2, 224(sp)         : MemWrite :  D=0x0000000000000002 A=0x7ffffffffffffbd0
1466500: system.cpu: T0 : 0x1c45e    : c_sdsp s3, 216(sp)         : MemWrite :  D=0x0000000000000000 A=0x7ffffffffffffbc8
1467000: system.cpu: T0 : 0x1c460    : c_sdsp s4, 208(sp)         : MemWrite :  D=0x0000000000000000 A=0x7ffffffffffffbc0
1467500: system.cpu: T0 : 0x1c462    : c_sdsp s5, 200(sp)         : MemWrite :  D=0x0000000000000000 A=0x7ffffffffffffbb8
1468000: system.cpu: T0 : 0x1c464    : c_sdsp s6, 192(sp)         : MemWrite :  D=0x0000000000072000 A=0x7ffffffffffffbb0
1468500: system.cpu: T0 : 0x1c466    : c_sdsp s7, 184(sp)         : MemWrite :  D=0x0000000000000000 A=0x7ffffffffffffba8
1469000: system.cpu: T0 : 0x1c468    : c_sdsp s8, 176(sp)         : MemWrite :  D=0x0000000000000000 A=0x7ffffffffffffba0
1469500: system.cpu: T0 : 0x1c46a    : c_sdsp s9, 168(sp)         : MemWrite :  D=0x0000000000000003 A=0x7ffffffffffffb98
1470000: system.cpu: T0 : 0x1c46c    : c_sdsp s10, 160(sp)        : MemWrite :  D=0x0000000000000000 A=0x7ffffffffffffb90
1470500: system.cpu: T0 : 0x1c46e    : c_sdsp s11, 152(sp)        : MemWrite :  D=0x0000000000000000 A=0x7ffffffffffffb88
1471000: system.cpu: T0 : 0x1c470    : blt a1, zero, 1198         : IntAlu : 
1471500: system.cpu: T0 : 0x1c474    : addi s0, a1, 23            : IntAlu :  D=0x000000000000003b
1472000: system.cpu: T0 : 0x1c478    : c_li a5, 31                : IntAlu :  D=0x000000000000001f
1472500: system.cpu: T0 : 0x1c47a    : c_mv s3, a1                : IntAlu :  D=0x0000000000000024
1473000: system.cpu: T0 : 0x1c47c    : c_mv s1, a0                : IntAlu :  D=0x000000000006f5c8
1474000: system.cpu: T0 : 0x1c47e    : bltu a5, s0, 220           : IntAlu : 
1474500: system.cpu: T0 : 0x1c55a    : c_andi s0, 18446744073709551600 : IntAlu :  D=0x0000000000000030
1475000: system.cpu: T0 : 0x1c55c    : beq a0, zero, 988          : IntAlu : 
1475500: system.cpu: T0 : 0x1c560    : ld a4, -1376(gp)           : MemRead :  D=0x0000000000000080 A=0x70ac8
1476000: system.cpu: T0 : 0x1c564    : srliw s9, s0, 4            : IntAlu :  D=0x0000000000000003
1476500: system.cpu: T0 : 0x1c568    : srliw a5, s0, 4            : IntAlu :  D=0x0000000000000003
1477000: system.cpu: T0 : 0x1c56c    : bgeu a4, s0, 506           : IntAlu : 
1477500: system.cpu: T0 : 0x1c766    : c_addiw a5, -2             : IntAlu :  D=0x0000000000000001
1478000: system.cpu: T0 : 0x1c768    : slli a2, a5, 32            : IntAlu :  D=0x0000000100000000
1478500: system.cpu: T0 : 0x1c76c    : c_srli a2, 32              : IntAlu :  D=0x0000000000000001
1479000: system.cpu: T0 : 0x1c76e    : c_addi a2, 2               : IntAlu :  D=0x0000000000000003
1479500: system.cpu: T0 : 0x1c770    : c_slli a2, 3               : IntAlu :  D=0x0000000000000018
1480000: system.cpu: T0 : 0x1c772    : c_j -376                   : IntAlu : 
1480500: system.cpu: T0 : 0x1c5fa    : c_slli a5, 32              : IntAlu :  D=0x0000000100000000
1481000: system.cpu: T0 : 0x1c5fc    : c_srli a5, 29              : IntAlu :  D=0x0000000000000008
1481500: system.cpu: T0 : 0x1c5fe    : c_add a5, s1               : IntAlu :  D=0x000000000006f5d0
1482000: system.cpu: T0 : 0x1c600    : ld s2, 16(a5)              : MemRead :  D=0x0000000000000000 A=0x6f5e0
1482500: system.cpu: T0 : 0x1c604    : beq s2, zero, 170          : IntAlu : 
1483500: system.cpu: T0 : 0x1c6ae    : addiw a5, s9, -1           : IntAlu :  D=0x0000000000000002
1484500: system.cpu: T0 : 0x1c6b2    : slliw a5, a5, 1            : IntAlu :  D=0x0000000000000004
1485000: system.cpu: T0 : 0x1c6b6    : c_slli a5, 32              : IntAlu :  D=0x0000000400000000
1485500: system.cpu: T0 : 0x1c6b8    : c_srli a5, 32              : IntAlu :  D=0x0000000000000004
1486000: system.cpu: T0 : 0x1c6ba    : c_addi a5, 14              : IntAlu :  D=0x0000000000000012
1486500: system.cpu: T0 : 0x1c6bc    : c_slli a5, 3               : IntAlu :  D=0x0000000000000090
1487000: system.cpu: T0 : 0x1c6be    : c_j -550                   : IntAlu : 
1487500: system.cpu: T0 : 0x1c498    : c_add a5, s1               : IntAlu :  D=0x000000000006f658
1488500: system.cpu: T0 : 0x1c49a    : ld s2, 8(a5)               : MemRead :  D=0x000000000006f648 A=0x6f660
1489500: system.cpu: T0 : 0x1c49e    : addi a3, a5, -16           : IntAlu :  D=0x000000000006f648
1490500: system.cpu: T0 : 0x1c4a2    : beq a3, s2, 748            : IntAlu : 
1491500: system.cpu: T0 : 0x1c78e    : srli t1, s0, 9             : IntAlu :  D=0x0000000000000000
1492500: system.cpu: T0 : 0x1c792    : addiw a5, t1, 91           : IntAlu :  D=0x000000000000005b
1493500: system.cpu: T0 : 0x1c796    : srli s10, s0, 6            : IntAlu :  D=0x0000000000000000
1494000: system.cpu: T0 : 0x1c79a    : c_sdsp a5, 96(sp)          : MemWrite :  D=0x000000000000005b A=0x7ffffffffffffb50
1494500: system.cpu: T0 : 0x1c79c    : addiw a5, s10, 48          : IntAlu :  D=0x0000000000000030
1495000: system.cpu: T0 : 0x1c7a0    : c_sdsp a5, 88(sp)          : MemWrite :  D=0x0000000000000030 A=0x7ffffffffffffb48
1496000: system.cpu: T0 : 0x1c7a2    : addi a5, zero, 110         : IntAlu :  D=0x000000000000006e
1496500: system.cpu: T0 : 0x1c7a6    : c_sdsp a5, 112(sp)         : MemWrite :  D=0x000000000000006e A=0x7ffffffffffffb60
1497000: system.cpu: T0 : 0x1c7a8    : addi a5, zero, 119         : IntAlu :  D=0x0000000000000077
1497500: system.cpu: T0 : 0x1c7ac    : c_sdsp a5, 104(sp)         : MemWrite :  D=0x0000000000000077 A=0x7ffffffffffffb58
1498500: system.cpu: T0 : 0x1c7ae    : addi a5, zero, 124         : IntAlu :  D=0x000000000000007c
1499000: system.cpu: T0 : 0x1c7b2    : c_sdsp s9, 8(sp)           : MemWrite :  D=0x0000000000000003 A=0x7ffffffffffffaf8
1499500: system.cpu: T0 : 0x1c7b4    : c_sdsp a5, 120(sp)         : MemWrite :  D=0x000000000000007c A=0x7ffffffffffffb68
1500000: system.cpu: T0 : 0x1c7b6    : c_sdsp zero, 128(sp)       : MemWrite :  D=0x0000000000000000 A=0x7ffffffffffffb70
1500500: system.cpu: T0 : 0x1c7b8    : c_sdsp zero, 136(sp)       : MemWrite :  D=0x0000000000000000 A=0x7ffffffffffffb78
1501500: system.cpu: T0 : 0x1c7ba    : ld a5, 40(tp)              : MemRead :  D=0x0000000000072f90 A=0x72738
1502500: system.cpu: T0 : 0x1c7be    : addi s6, s0, -17           : IntAlu :  D=0x000000000000001f
1503500: system.cpu: T0 : 0x1c7c2    : srli s6, s6, 4             : IntAlu :  D=0x0000000000000001
1504000: system.cpu: T0 : 0x1c7c6    : c_li s5, 0                 : IntAlu :  D=0x0000000000000000
1504500: system.cpu: T0 : 0x1c7c8    : c_beqz a5, 22              : IntAlu : 
1505500: system.cpu: T0 : 0x1c7ca    : lui a5, 111                : IntAlu :  D=0x000000000006f000
1506500: system.cpu: T0 : 0x1c7ce    : ld s5, 1448(a5)            : MemRead :  D=0x0000000000000040 A=0x6f5a8
1507500: system.cpu: T0 : 0x1c7d2    : sltu s5, s6, s5            : IntAlu :  D=0x0000000000000001
1508500: system.cpu: T0 : 0x1c7d6    : sub s5, zero, s5           : IntAlu :  D=0xffffffffffffffff
1509500: system.cpu: T0 : 0x1c7da    : and s5, s0, s5             : IntAlu :  D=0x0000000000000030
1510500: system.cpu: T0 : 0x1c7de    : lui a5, 111                : IntAlu :  D=0x000000000006f000
1511000: system.cpu: T0 : 0x1c7e2    : c_lui s11, 1               : IntAlu :  D=0x0000000000001000
1511500: system.cpu: T0 : 0x1c7e4    : lui s7, 111                : IntAlu :  D=0x000000000006f000
1512000: system.cpu: T0 : 0x1c7e8    : addi a5, a5, 1480          : IntAlu :  D=0x000000000006f5c8
1512500: system.cpu: T0 : 0x1c7ec    : addi s8, s1, 96            : IntAlu :  D=0x000000000006f628
1513000: system.cpu: T0 : 0x1c7f0    : c_li t5, 0                 : IntAlu :  D=0x0000000000000000
1514000: system.cpu: T0 : 0x1c7f2    : addi s7, s7, 1368          : IntAlu :  D=0x000000000006f558
1515000: system.cpu: T0 : 0x1c7f6    : add a7, s1, s11            : IntAlu :  D=0x00000000000705c8
1515500: system.cpu: T0 : 0x1c7fa    : c_sdsp a5, 56(sp)          : MemWrite :  D=0x000000000006f5c8 A=0x7ffffffffffffb28
1516000: system.cpu: T0 : 0x1c7fc    : c_ld a5, 120(s1)           : MemRead :  D=0x000000000006f628 A=0x6f640
1517000: system.cpu: T0 : 0x1c7fe    : beq a5, s8, 532            : IntAlu : 
1518000: system.cpu: T0 : 0x1ca12    : addi a5, zero, 1023        : IntAlu :  D=0x00000000000003ff
1519000: system.cpu: T0 : 0x1ca16    : bgeu a5, s0, 38            : IntAlu : 
1519500: system.cpu: T0 : 0x1ca3c    : c_ldsp a3, 8(sp)           : MemRead :  D=0x0000000000000003 A=0x7ffffffffffffaf8
1520000: system.cpu: T0 : 0x1ca3e    : c_li a0, 4                 : IntAlu :  D=0x0000000000000004
1520500: system.cpu: T0 : 0x1ca40    : addiw a5, a3, 1            : IntAlu :  D=0x0000000000000004
1521000: system.cpu: T0 : 0x1ca44    : srliw a4, a5, 5            : IntAlu :  D=0x0000000000000000
1521500: system.cpu: T0 : 0x1ca48    : slliw a3, a3, 1            : IntAlu :  D=0x0000000000000006
1522000: system.cpu: T0 : 0x1ca4c    : addi a4, a4, 536           : IntAlu :  D=0x0000000000000218
1522500: system.cpu: T0 : 0x1ca50    : c_slli a3, 32              : IntAlu :  D=0x0000000600000000
1523000: system.cpu: T0 : 0x1ca52    : c_slli a4, 2               : IntAlu :  D=0x0000000000000860
1523500: system.cpu: T0 : 0x1ca54    : c_srli a3, 32              : IntAlu :  D=0x0000000000000006
1524000: system.cpu: T0 : 0x1ca56    : c_add a4, s1               : IntAlu :  D=0x000000000006fe28
1524500: system.cpu: T0 : 0x1ca58    : c_slli a3, 3               : IntAlu :  D=0x0000000000000030
1525000: system.cpu: T0 : 0x1ca5a    : c_lw a2, 0(a4)             : MemRead :  D=0x0000000000000000 A=0x6fe28
1525500: system.cpu: T0 : 0x1ca5c    : addi a3, a3, 96            : IntAlu :  D=0x0000000000000090
1526000: system.cpu: T0 : 0x1ca60    : c_li a4, 1                 : IntAlu :  D=0x0000000000000001
1527000: system.cpu: T0 : 0x1ca62    : srliw s2, a5, 5            : IntAlu :  D=0x0000000000000000
1527500: system.cpu: T0 : 0x1ca66    : c_add a3, s1               : IntAlu :  D=0x000000000006f658
1528000: system.cpu: T0 : 0x1ca68    : sllw a5, a4, a5            : IntAlu :  D=0x0000000000000010
1528500: system.cpu: T0 : 0x1ca6c    : bltu a2, a5, 144           : IntAlu : 
1529000: system.cpu: T0 : 0x1cafc    : addiw a5, s2, 1            : IntAlu :  D=0x0000000000000001
1529500: system.cpu: T0 : 0x1cb00    : addiw s2, a5, 0            : IntAlu :  D=0x0000000000000001
1530000: system.cpu: T0 : 0x1cb04    : bne s2, a0, -26            : IntAlu : 
1530500: system.cpu: T0 : 0x1caea    : c_slli a5, 32              : IntAlu :  D=0x0000000100000000
1531000: system.cpu: T0 : 0x1caec    : c_srli a5, 32              : IntAlu :  D=0x0000000000000001
1532000: system.cpu: T0 : 0x1caee    : addi a5, a5, 536           : IntAlu :  D=0x0000000000000219
1532500: system.cpu: T0 : 0x1caf2    : c_slli a5, 2               : IntAlu :  D=0x0000000000000864
1533000: system.cpu: T0 : 0x1caf4    : c_add a5, s1               : IntAlu :  D=0x000000000006fe2c
1533500: system.cpu: T0 : 0x1caf6    : c_lw a2, 0(a5)             : MemRead :  D=0x0000000000000000 A=0x6fe2c
1534000: system.cpu: T0 : 0x1caf8    : bne a2, zero, 384          : IntAlu : 
1534500: system.cpu: T0 : 0x1cafc    : addiw a5, s2, 1            : IntAlu :  D=0x0000000000000002
1535000: system.cpu: T0 : 0x1cb00    : addiw s2, a5, 0            : IntAlu :  D=0x0000000000000002
1535500: system.cpu: T0 : 0x1cb04    : bne s2, a0, -26            : IntAlu : 
1536000: system.cpu: T0 : 0x1caea    : c_slli a5, 32              : IntAlu :  D=0x0000000200000000
1536500: system.cpu: T0 : 0x1caec    : c_srli a5, 32              : IntAlu :  D=0x0000000000000002
1537500: system.cpu: T0 : 0x1caee    : addi a5, a5, 536           : IntAlu :  D=0x000000000000021a
1538000: system.cpu: T0 : 0x1caf2    : c_slli a5, 2               : IntAlu :  D=0x0000000000000868
1538500: system.cpu: T0 : 0x1caf4    : c_add a5, s1               : IntAlu :  D=0x000000000006fe30
1539000: system.cpu: T0 : 0x1caf6    : c_lw a2, 0(a5)             : MemRead :  D=0x0000000000000000 A=0x6fe30
1539500: system.cpu: T0 : 0x1caf8    : bne a2, zero, 384          : IntAlu : 
1540000: system.cpu: T0 : 0x1cafc    : addiw a5, s2, 1            : IntAlu :  D=0x0000000000000003
1540500: system.cpu: T0 : 0x1cb00    : addiw s2, a5, 0            : IntAlu :  D=0x0000000000000003
1541000: system.cpu: T0 : 0x1cb04    : bne s2, a0, -26            : IntAlu : 
1541500: system.cpu: T0 : 0x1caea    : c_slli a5, 32              : IntAlu :  D=0x0000000300000000
1542000: system.cpu: T0 : 0x1caec    : c_srli a5, 32              : IntAlu :  D=0x0000000000000003
1543000: system.cpu: T0 : 0x1caee    : addi a5, a5, 536           : IntAlu :  D=0x000000000000021b
1543500: system.cpu: T0 : 0x1caf2    : c_slli a5, 2               : IntAlu :  D=0x000000000000086c
1544000: system.cpu: T0 : 0x1caf4    : c_add a5, s1               : IntAlu :  D=0x000000000006fe34
1544500: system.cpu: T0 : 0x1caf6    : c_lw a2, 0(a5)             : MemRead :  D=0x0000000000000000 A=0x6fe34
1545000: system.cpu: T0 : 0x1caf8    : bne a2, zero, 384          : IntAlu : 
1545500: system.cpu: T0 : 0x1cafc    : addiw a5, s2, 1            : IntAlu :  D=0x0000000000000004
1546000: system.cpu: T0 : 0x1cb00    : addiw s2, a5, 0            : IntAlu :  D=0x0000000000000004
1546500: system.cpu: T0 : 0x1cb04    : bne s2, a0, -26            : IntAlu : 
1547000: system.cpu: T0 : 0x1cb08    : c_ld a4, 96(s1)            : MemRead :  D=0x0000000000073210 A=0x6f628
1548000: system.cpu: T0 : 0x1cb0a    : ld a3, -1912(a7)           : MemRead :  D=0x0000000000021080 A=0x6fe50
1548500: system.cpu: T0 : 0x1cb0e    : c_ld a5, 8(a4)             : MemRead :  D=0x0000000000020df1 A=0x73218
1549000: system.cpu: T0 : 0x1cb10    : c_andi a5, 18446744073709551608 : IntAlu :  D=0x0000000000020df0
1550000: system.cpu: T0 : 0x1cb12    : bltu a3, a5, 548           : IntAlu : 
1551000: system.cpu: T0 : 0x1cb16    : addi a3, s0, 32            : IntAlu :  D=0x0000000000000050
1552000: system.cpu: T0 : 0x1cb1a    : bgeu a5, a3, 640           : IntAlu : 
1553000: system.cpu: T0 : 0x1cd9a    : add a0, a4, s0             : IntAlu :  D=0x0000000000073240
1554000: system.cpu: T0 : 0x1cd9e    : lui a2, 111                : IntAlu :  D=0x000000000006f000
1554500: system.cpu: T0 : 0x1cda2    : c_sd a0, 96(s1)            : MemWrite :  D=0x0000000000073240 A=0x6f628
1555000: system.cpu: T0 : 0x1cda4    : addi a2, a2, 1480          : IntAlu :  D=0x000000000006f5c8
1555500: system.cpu: T0 : 0x1cda8    : c_sub a5, s0               : IntAlu :  D=0x0000000000020dc0
1556000: system.cpu: T0 : 0x1cdaa    : c_li a3, 4                 : IntAlu :  D=0x0000000000000004
1556500: system.cpu: T0 : 0x1cdac    : beq s1, a2, 116            : IntAlu : 
1557000: system.cpu: T0 : 0x1ce20    : c_li a3, 0                 : IntAlu :  D=0x0000000000000000
1557500: system.cpu: T0 : 0x1ce22    : c_j -114                   : IntAlu : 
1558000: system.cpu: T0 : 0x1cdb0    : c_or a3, s0                : IntAlu :  D=0x0000000000000030
1559000: system.cpu: T0 : 0x1cdb2    : ori a3, a3, 1              : IntAlu :  D=0x0000000000000031
1560000: system.cpu: T0 : 0x1cdb6    : lw a1, -1396(gp)           : MemRead :  D=0x0000000000000000 A=0x70ab4
1560500: system.cpu: T0 : 0x1cdba    : c_sd a3, 8(a4)             : MemWrite :  D=0x0000000000000031 A=0x73218
1561000: system.cpu: T0 : 0x1cdbc    : ori a5, a5, 1              : IntAlu :  D=0x0000000000020dc1
1561500: system.cpu: T0 : 0x1cdc0    : c_sd a5, 8(a0)             : MemWrite :  D=0x0000000000020dc1 A=0x73248
1562500: system.cpu: T0 : 0x1cdc2    : addi s2, a4, 16            : IntAlu :  D=0x0000000000073220
1563500: system.cpu: T0 : 0x1cdc6    : beq a1, zero, -1664        : IntAlu : 
1564000: system.cpu: T0 : 0x1c746    : c_ldsp ra, 248(sp)         : MemRead :  D=0x000000000001d8c4 A=0x7ffffffffffffbe8
1564500: system.cpu: T0 : 0x1c748    : c_ldsp s0, 240(sp)         : MemRead :  D=0x0000000000000024 A=0x7ffffffffffffbe0
1565000: system.cpu: T0 : 0x1c74a    : c_ldsp s1, 232(sp)         : MemRead :  D=0x000000000006f000 A=0x7ffffffffffffbd8
1565500: system.cpu: T0 : 0x1c74c    : c_ldsp s3, 216(sp)         : MemRead :  D=0x0000000000000000 A=0x7ffffffffffffbc8
1566000: system.cpu: T0 : 0x1c74e    : c_ldsp s4, 208(sp)         : MemRead :  D=0x0000000000000000 A=0x7ffffffffffffbc0
1566500: system.cpu: T0 : 0x1c750    : c_ldsp s5, 200(sp)         : MemRead :  D=0x0000000000000000 A=0x7ffffffffffffbb8
1567000: system.cpu: T0 : 0x1c752    : c_ldsp s6, 192(sp)         : MemRead :  D=0x0000000000072000 A=0x7ffffffffffffbb0
1567500: system.cpu: T0 : 0x1c754    : c_ldsp s7, 184(sp)         : MemRead :  D=0x0000000000000000 A=0x7ffffffffffffba8
1568000: system.cpu: T0 : 0x1c756    : c_ldsp s8, 176(sp)         : MemRead :  D=0x0000000000000000 A=0x7ffffffffffffba0
1568500: system.cpu: T0 : 0x1c758    : c_ldsp s9, 168(sp)         : MemRead :  D=0x0000000000000003 A=0x7ffffffffffffb98
1569000: system.cpu: T0 : 0x1c75a    : c_ldsp s10, 160(sp)        : MemRead :  D=0x0000000000000000 A=0x7ffffffffffffb90
1569500: system.cpu: T0 : 0x1c75c    : c_ldsp s11, 152(sp)        : MemRead :  D=0x0000000000000000 A=0x7ffffffffffffb88
1570000: system.cpu: T0 : 0x1c75e    : c_mv a0, s2                : IntAlu :  D=0x0000000000073220
1570500: system.cpu: T0 : 0x1c760    : c_ldsp s2, 224(sp)         : MemRead :  D=0x0000000000000002 A=0x7ffffffffffffbd0
1571000: system.cpu: T0 : 0x1c762    : c_addi16sp sp, 256         : IntAlu :  D=0x7ffffffffffffbf0
1571500: system.cpu: T0 : 0x1c764    : c_jr ra                    : IntAlu : 
1572000: system.cpu: T0 : 0x1d8c4    : c_mv a5, a0                : IntAlu :  D=0x0000000000073220
1572500: system.cpu: T0 : 0x1d8c6    : c_beqz a0, 150             : IntAlu : 
1573000: system.cpu: T0 : 0x1d8c8    : ld a4, -8(a0)              : MemRead :  D=0x0000000000000031 A=0x73218
1573500: system.cpu: T0 : 0x1d8cc    : andi a3, a4, 2             : IntAlu :  D=0x0000000000000000
1574000: system.cpu: T0 : 0x1d8d0    : c_bnez a3, 26              : IntAlu : 
1574500: system.cpu: T0 : 0x1d8d2    : c_andi a4, 4               : IntAlu :  D=0x0000000000000000
1575000: system.cpu: T0 : 0x1d8d4    : c_beqz a4, 22              : IntAlu : 
1575500: system.cpu: T0 : 0x1d8ea    : c_ldsp ra, 24(sp)          : MemRead :  D=0x000000000003d94e A=0x7ffffffffffffc08
1576000: system.cpu: T0 : 0x1d8ec    : c_ldsp s0, 16(sp)          : MemRead :  D=0x7ffffffffffffce0 A=0x7ffffffffffffc00
1576500: system.cpu: T0 : 0x1d8ee    : c_ldsp s1, 8(sp)           : MemRead :  D=0x7ffffffffffffc10 A=0x7ffffffffffffbf8
1577000: system.cpu: T0 : 0x1d8f0    : c_ldsp s2, 0(sp)           : MemRead :  D=0x0000000000000002 A=0x7ffffffffffffbf0
1577500: system.cpu: T0 : 0x1d8f2    : c_mv a0, a5                : IntAlu :  D=0x0000000000073220
1578000: system.cpu: T0 : 0x1d8f4    : c_addi16sp sp, 32          : IntAlu :  D=0x7ffffffffffffc10
1578500: system.cpu: T0 : 0x1d8f6    : c_jr ra                    : IntAlu : 
1579000: system.cpu: T0 : 0x3d94e    : c_mv s6, a0                : IntAlu :  D=0x0000000000073220
1579500: system.cpu: T0 : 0x3d950    : addi a5, s9, 1             : IntAlu :  D=0x0000000000000004
1580000: system.cpu: T0 : 0x3d954    : c_bnez a0, 64              : IntAlu : 
1580500: system.cpu: T0 : 0x3d994    : c_ld a1, 0(s1)             : MemRead :  D=0x0000000000061d30 A=0x7ffffffffffffc10
1581500: system.cpu: T0 : 0x3d996    : addi a0, a0, 32            : IntAlu :  D=0x0000000000073240
1582500: system.cpu: T0 : 0x3d99a    : sd a5, 8(s6)               : MemWrite :  D=0x0000000000000004 A=0x73228
1583500: system.cpu: T0 : 0x3d99e    : sd a0, 0(s6)               : MemWrite :  D=0x0000000000073240 A=0x73220
1584500: system.cpu: T0 : 0x3d9a2    : sd a0, 16(s6)              : MemWrite :  D=0x0000000000073240 A=0x73230
1585500: system.cpu: T0 : 0x3d9a6    : sd zero, 24(s6)            : MemWrite :  D=0x0000000000000000 A=0x73238
1586000: system.cpu: T0 : 0x3d9aa    : c_mv a2, s9                : IntAlu :  D=0x0000000000000003
1586500: system.cpu: T0 : 0x3d9ac    : jal ra, -123064            : IntAlu :  D=0x000000000003d9b0
1587000: system.cpu: T0 : 0x1f8f4    : c_addi sp, -16             : IntAlu :  D=0x7ffffffffffffc00
1587500: system.cpu: T0 : 0x1f8f6    : c_sdsp s0, 0(sp)           : MemWrite :  D=0x7ffffffffffffce0 A=0x7ffffffffffffc00
1588000: system.cpu: T0 : 0x1f8f8    : c_sdsp ra, 8(sp)           : MemWrite :  D=0x000000000003d9b0 A=0x7ffffffffffffc08
1588500: system.cpu: T0 : 0x1f8fa    : c_mv s0, a2                : IntAlu :  D=0x0000000000000003
1589000: system.cpu: T0 : 0x1f8fc    : jal ra, 112                : IntAlu :  D=0x000000000001f900
1589500: system.cpu: T0 : 0x1f96c    : c_addi16sp sp, -48         : IntAlu :  D=0x7ffffffffffffbd0
1590000: system.cpu: T0 : 0x1f96e    : c_sdsp s0, 32(sp)          : MemWrite :  D=0x0000000000000003 A=0x7ffffffffffffbf0
1590500: system.cpu: T0 : 0x1f970    : c_sdsp s2, 16(sp)          : MemWrite :  D=0x0000000000000002 A=0x7ffffffffffffbe0
1591000: system.cpu: T0 : 0x1f972    : c_sdsp ra, 40(sp)          : MemWrite :  D=0x000000000001f900 A=0x7ffffffffffffbf8
1591500: system.cpu: T0 : 0x1f974    : c_sdsp s1, 24(sp)          : MemWrite :  D=0x7ffffffffffffc10 A=0x7ffffffffffffbe8
1592000: system.cpu: T0 : 0x1f976    : c_sdsp s3, 8(sp)           : MemWrite :  D=0x0000000000000000 A=0x7ffffffffffffbd8
1592500: system.cpu: T0 : 0x1f978    : c_li a5, 15                : IntAlu :  D=0x000000000000000f
1593000: system.cpu: T0 : 0x1f97a    : c_mv s2, a0                : IntAlu :  D=0x0000000000073240
1593500: system.cpu: T0 : 0x1f97c    : c_mv a4, a0                : IntAlu :  D=0x0000000000073240
1594000: system.cpu: T0 : 0x1f97e    : c_mv s0, a1                : IntAlu :  D=0x0000000000061d30
1594500: system.cpu: T0 : 0x1f980    : bgeu a5, a2, 72            : IntAlu : 
1595000: system.cpu: T0 : 0x1f9c8    : c_addi a4, -1              : IntAlu :  D=0x000000000007323f
1595500: system.cpu: T0 : 0x1f9ca    : c_mv a5, s0                : IntAlu :  D=0x0000000000061d30
1596000: system.cpu: T0 : 0x1f9cc    : add a1, a2, s0             : IntAlu :  D=0x0000000000061d33
1596500: system.cpu: T0 : 0x1f9d0    : c_sub a4, s0               : IntAlu :  D=0x000000000001150f
1597000: system.cpu: T0 : 0x1f9d2    : c_beqz a2, 20              : IntAlu : 
1597500: system.cpu: T0 : 0x1f9d4    : lbu a2, 0(a5)              : MemRead :  D=0x0000000000000074 A=0x61d30
1598000: system.cpu: T0 : 0x1f9d8    : c_addi a5, 1               : IntAlu :  D=0x0000000000061d31
1599000: system.cpu: T0 : 0x1f9da    : add a3, a4, a5             : IntAlu :  D=0x0000000000073240
1600000: system.cpu: T0 : 0x1f9de    : sb a2, 0(a3)               : MemWrite :  D=0x0000000000000074 A=0x73240
1601000: system.cpu: T0 : 0x1f9e2    : bne a1, a5, -14            : IntAlu : 
1601500: system.cpu: T0 : 0x1f9d4    : lbu a2, 0(a5)              : MemRead :  D=0x000000000000006c A=0x61d31
1602000: system.cpu: T0 : 0x1f9d8    : c_addi a5, 1               : IntAlu :  D=0x0000000000061d32
1603000: system.cpu: T0 : 0x1f9da    : add a3, a4, a5             : IntAlu :  D=0x0000000000073241
1604000: system.cpu: T0 : 0x1f9de    : sb a2, 0(a3)               : MemWrite :  D=0x000000000000006c A=0x73241
1605000: system.cpu: T0 : 0x1f9e2    : bne a1, a5, -14            : IntAlu : 
1605500: system.cpu: T0 : 0x1f9d4    : lbu a2, 0(a5)              : MemRead :  D=0x0000000000000073 A=0x61d32
1606000: system.cpu: T0 : 0x1f9d8    : c_addi a5, 1               : IntAlu :  D=0x0000000000061d33
1607000: system.cpu: T0 : 0x1f9da    : add a3, a4, a5             : IntAlu :  D=0x0000000000073242
1608000: system.cpu: T0 : 0x1f9de    : sb a2, 0(a3)               : MemWrite :  D=0x0000000000000073 A=0x73242
1609000: system.cpu: T0 : 0x1f9e2    : bne a1, a5, -14            : IntAlu : 
1609500: system.cpu: T0 : 0x1f9e6    : c_ldsp ra, 40(sp)          : MemRead :  D=0x000000000001f900 A=0x7ffffffffffffbf8
1610000: system.cpu: T0 : 0x1f9e8    : c_ldsp s0, 32(sp)          : MemRead :  D=0x0000000000000003 A=0x7ffffffffffffbf0
1610500: system.cpu: T0 : 0x1f9ea    : c_ldsp s1, 24(sp)          : MemRead :  D=0x7ffffffffffffc10 A=0x7ffffffffffffbe8
1611000: system.cpu: T0 : 0x1f9ec    : c_ldsp s3, 8(sp)           : MemRead :  D=0x0000000000000000 A=0x7ffffffffffffbd8
1611500: system.cpu: T0 : 0x1f9ee    : c_mv a0, s2                : IntAlu :  D=0x0000000000073240
1612000: system.cpu: T0 : 0x1f9f0    : c_ldsp s2, 16(sp)          : MemRead :  D=0x0000000000000002 A=0x7ffffffffffffbe0
1612500: system.cpu: T0 : 0x1f9f2    : c_addi16sp sp, 48          : IntAlu :  D=0x7ffffffffffffc00
1613000: system.cpu: T0 : 0x1f9f4    : c_jr ra                    : IntAlu : 
1613500: system.cpu: T0 : 0x1f900    : c_ldsp ra, 8(sp)           : MemRead :  D=0x000000000003d9b0 A=0x7ffffffffffffc08
1614000: system.cpu: T0 : 0x1f902    : c_add a0, s0               : IntAlu :  D=0x0000000000073243
1614500: system.cpu: T0 : 0x1f904    : c_ldsp s0, 0(sp)           : MemRead :  D=0x7ffffffffffffce0 A=0x7ffffffffffffc00
1615000: system.cpu: T0 : 0x1f906    : c_addi sp, 16              : IntAlu :  D=0x7ffffffffffffc10
1615500: system.cpu: T0 : 0x1f908    : c_jr ra                    : IntAlu : 
1616000: system.cpu: T0 : 0x3d9b0    : ld a4, -136(s0)            : MemRead :  D=0x000000000006efd0 A=0x7ffffffffffffc58
1616500: system.cpu: T0 : 0x3d9b4    : addi a5, zero, 47          : IntAlu :  D=0x000000000000002f
1617000: system.cpu: T0 : 0x3d9b8    : sb a5, 0(a0)               : MemWrite :  D=0x000000000000002f A=0x73243
1617500: system.cpu: T0 : 0x3d9bc    : sd s2, 0(a4)               : MemWrite :  D=0x0000000000000002 A=0x6efd0
1618000: system.cpu: T0 : 0x3d9c0    : ld a5, 8(s6)               : MemRead :  D=0x0000000000000004 A=0x73228
1618500: system.cpu: T0 : 0x3d9c4    : ld a4, -160(s0)            : MemRead :  D=0x000000000006efc8 A=0x7ffffffffffffc40
1619000: system.cpu: T0 : 0x3d9c8    : c_sd a5, 0(a4)             : MemWrite :  D=0x0000000000000004 A=0x6efc8
1619500: system.cpu: T0 : 0x3d9ca    : c_j -178                   : IntAlu : 
1620000: system.cpu: T0 : 0x3d918    : addi sp, s0, -192          : IntAlu :  D=0x7ffffffffffffc20
1620500: system.cpu: T0 : 0x3d91c    : c_ldsp ra, 184(sp)         : MemRead :  D=0x000000000003ae88 A=0x7ffffffffffffcd8
1621000: system.cpu: T0 : 0x3d91e    : c_mv a0, s6                : IntAlu :  D=0x0000000000073220
1621500: system.cpu: T0 : 0x3d920    : c_ldsp s0, 176(sp)         : MemRead :  D=0x7ffffffffffffd20 A=0x7ffffffffffffcd0
1622000: system.cpu: T0 : 0x3d922    : c_ldsp s1, 168(sp)         : MemRead :  D=0x000000000006fe60 A=0x7ffffffffffffcc8
1622500: system.cpu: T0 : 0x3d924    : c_ldsp s2, 160(sp)         : MemRead :  D=0x0000000000000000 A=0x7ffffffffffffcc0
1623000: system.cpu: T0 : 0x3d926    : c_ldsp s3, 152(sp)         : MemRead :  D=0x000000000006efc0 A=0x7ffffffffffffcb8
1623500: system.cpu: T0 : 0x3d928    : c_ldsp s4, 144(sp)         : MemRead :  D=0x0000000000070000 A=0x7ffffffffffffcb0
1624000: system.cpu: T0 : 0x3d92a    : c_ldsp s5, 136(sp)         : MemRead :  D=0x0000000000072000 A=0x7ffffffffffffca8
1624500: system.cpu: T0 : 0x3d92c    : c_ldsp s6, 128(sp)         : MemRead :  D=0x0000000000072000 A=0x7ffffffffffffca0
1625000: system.cpu: T0 : 0x3d92e    : c_ldsp s7, 120(sp)         : MemRead :  D=0x0000000000000000 A=0x7ffffffffffffc98
1625500: system.cpu: T0 : 0x3d930    : c_ldsp s8, 112(sp)         : MemRead :  D=0x0000000000000000 A=0x7ffffffffffffc90
1626000: system.cpu: T0 : 0x3d932    : c_ldsp s9, 104(sp)         : MemRead :  D=0x0000000000000000 A=0x7ffffffffffffc88
1626500: system.cpu: T0 : 0x3d934    : c_ldsp s10, 96(sp)         : MemRead :  D=0x0000000000000000 A=0x7ffffffffffffc80
1627000: system.cpu: T0 : 0x3d936    : c_ldsp s11, 88(sp)         : MemRead :  D=0x0000000000000000 A=0x7ffffffffffffc78
1627500: system.cpu: T0 : 0x3d938    : c_addi16sp sp, 192         : IntAlu :  D=0x7ffffffffffffce0
1628000: system.cpu: T0 : 0x3d93a    : c_jr ra                    : IntAlu : 
1628500: system.cpu: T0 : 0x3ae88    : c_mv a5, a0                : IntAlu :  D=0x0000000000073220
1629500: system.cpu: T0 : 0x3ae8a    : addi a0, zero, 40          : IntAlu :  D=0x0000000000000028
1630500: system.cpu: T0 : 0x3ae8e    : sd a5, 24(s3)              : MemWrite :  D=0x0000000000073220 A=0x6efd8
1631500: system.cpu: T0 : 0x3ae92    : jal ra, -120344            : IntAlu :  D=0x000000000003ae96
1632500: system.cpu: T0 : 0x1d87a    : ld t1, -1848(gp)           : MemRead :  D=0x0000000000000000 A=0x708f0
1633500: system.cpu: T0 : 0x1d87e    : bne t1, zero, 260          : IntAlu : 
1634000: system.cpu: T0 : 0x1d882    : c_addi sp, -32             : IntAlu :  D=0x7ffffffffffffcc0
1634500: system.cpu: T0 : 0x1d884    : c_sdsp s0, 16(sp)          : MemWrite :  D=0x7ffffffffffffd20 A=0x7ffffffffffffcd0
1635000: system.cpu: T0 : 0x1d886    : c_sdsp ra, 24(sp)          : MemWrite :  D=0x000000000003ae96 A=0x7ffffffffffffcd8
1635500: system.cpu: T0 : 0x1d888    : c_sdsp s1, 8(sp)           : MemWrite :  D=0x000000000006fe60 A=0x7ffffffffffffcc8
1636000: system.cpu: T0 : 0x1d88a    : c_sdsp s2, 0(sp)           : MemWrite :  D=0x0000000000000000 A=0x7ffffffffffffcc0
1636500: system.cpu: T0 : 0x1d88c    : c_mv s0, a0                : IntAlu :  D=0x0000000000000028
1637500: system.cpu: T0 : 0x1d88e    : blt a0, zero, 222          : IntAlu : 
1638500: system.cpu: T0 : 0x1d892    : addi a5, a0, 23            : IntAlu :  D=0x000000000000003f
1639000: system.cpu: T0 : 0x1d896    : c_li a4, 31                : IntAlu :  D=0x000000000000001f
1639500: system.cpu: T0 : 0x1d898    : c_li s1, 0                 : IntAlu :  D=0x0000000000000000
1640500: system.cpu: T0 : 0x1d89a    : bltu a4, a5, 94            : IntAlu : 
1641000: system.cpu: T0 : 0x1d8f8    : c_andi a5, 18446744073709551600 : IntAlu :  D=0x0000000000000030
1641500: system.cpu: T0 : 0x1d8fa    : c_addi a5, -17             : IntAlu :  D=0x000000000000001f
1642000: system.cpu: T0 : 0x1d8fc    : srli s1, a5, 4             : IntAlu :  D=0x0000000000000001
1642500: system.cpu: T0 : 0x1d900    : c_j -98                    : IntAlu : 
1643500: system.cpu: T0 : 0x1d89e    : ld a4, 40(tp)              : MemRead :  D=0x0000000000072f90 A=0x72738
1644000: system.cpu: T0 : 0x1d8a2    : c_beqz a4, 96              : IntAlu : 
1644500: system.cpu: T0 : 0x1d8a4    : lui a5, 111                : IntAlu :  D=0x000000000006f000
1645000: system.cpu: T0 : 0x1d8a8    : ld a5, 1448(a5)            : MemRead :  D=0x0000000000000040 A=0x6f5a8
1645500: system.cpu: T0 : 0x1d8ac    : bltu s1, a5, 114           : IntAlu : 
1646500: system.cpu: T0 : 0x1d91e    : slli a3, s1, 1             : IntAlu :  D=0x0000000000000002
1647000: system.cpu: T0 : 0x1d922    : c_add a3, a4               : IntAlu :  D=0x0000000000072f92
1647500: system.cpu: T0 : 0x1d924    : lhu a2, 0(a3)              : MemRead :  D=0x0000000000000000 A=0x72f92
1648000: system.cpu: T0 : 0x1d928    : c_beqz a2, -120            : IntAlu : 
1648500: system.cpu: T0 : 0x1d8b0    : lw a5, -1808(tp)           : MemRead :  D=0x0000000000000000 A=0x72000
1649000: system.cpu: T0 : 0x1d8b4    : c_bnez a5, 210             : IntAlu : 
1650000: system.cpu: T0 : 0x1d8b6    : lui s1, 111                : IntAlu :  D=0x000000000006f000
1650500: system.cpu: T0 : 0x1d8ba    : c_mv a1, s0                : IntAlu :  D=0x0000000000000028
1651000: system.cpu: T0 : 0x1d8bc    : addi a0, s1, 1480          : IntAlu :  D=0x000000000006f5c8
1651500: system.cpu: T0 : 0x1d8c0    : jal ra, -5228              : IntAlu :  D=0x000000000001d8c4
1652000: system.cpu: T0 : 0x1c454    : c_addi16sp sp, -256        : IntAlu :  D=0x7ffffffffffffbc0
1652500: system.cpu: T0 : 0x1c456    : c_sdsp ra, 248(sp)         : MemWrite :  D=0x000000000001d8c4 A=0x7ffffffffffffcb8
1653000: system.cpu: T0 : 0x1c458    : c_sdsp s0, 240(sp)         : MemWrite :  D=0x0000000000000028 A=0x7ffffffffffffcb0
1653500: system.cpu: T0 : 0x1c45a    : c_sdsp s1, 232(sp)         : MemWrite :  D=0x000000000006f000 A=0x7ffffffffffffca8
1654000: system.cpu: T0 : 0x1c45c    : c_sdsp s2, 224(sp)         : MemWrite :  D=0x0000000000000000 A=0x7ffffffffffffca0
1654500: system.cpu: T0 : 0x1c45e    : c_sdsp s3, 216(sp)         : MemWrite :  D=0x000000000006efc0 A=0x7ffffffffffffc98
1655000: system.cpu: T0 : 0x1c460    : c_sdsp s4, 208(sp)         : MemWrite :  D=0x0000000000070000 A=0x7ffffffffffffc90
1655500: system.cpu: T0 : 0x1c462    : c_sdsp s5, 200(sp)         : MemWrite :  D=0x0000000000072000 A=0x7ffffffffffffc88
1656000: system.cpu: T0 : 0x1c464    : c_sdsp s6, 192(sp)         : MemWrite :  D=0x0000000000072000 A=0x7ffffffffffffc80
1656500: system.cpu: T0 : 0x1c466    : c_sdsp s7, 184(sp)         : MemWrite :  D=0x0000000000000000 A=0x7ffffffffffffc78
1657000: system.cpu: T0 : 0x1c468    : c_sdsp s8, 176(sp)         : MemWrite :  D=0x0000000000000000 A=0x7ffffffffffffc70
1657500: system.cpu: T0 : 0x1c46a    : c_sdsp s9, 168(sp)         : MemWrite :  D=0x0000000000000000 A=0x7ffffffffffffc68
1658000: system.cpu: T0 : 0x1c46c    : c_sdsp s10, 160(sp)        : MemWrite :  D=0x0000000000000000 A=0x7ffffffffffffc60
1658500: system.cpu: T0 : 0x1c46e    : c_sdsp s11, 152(sp)        : MemWrite :  D=0x0000000000000000 A=0x7ffffffffffffc58
1659000: system.cpu: T0 : 0x1c470    : blt a1, zero, 1198         : IntAlu : 
1659500: system.cpu: T0 : 0x1c474    : addi s0, a1, 23            : IntAlu :  D=0x000000000000003f
1660000: system.cpu: T0 : 0x1c478    : c_li a5, 31                : IntAlu :  D=0x000000000000001f
1660500: system.cpu: T0 : 0x1c47a    : c_mv s3, a1                : IntAlu :  D=0x0000000000000028
1661000: system.cpu: T0 : 0x1c47c    : c_mv s1, a0                : IntAlu :  D=0x000000000006f5c8
1662000: system.cpu: T0 : 0x1c47e    : bltu a5, s0, 220           : IntAlu : 
1662500: system.cpu: T0 : 0x1c55a    : c_andi s0, 18446744073709551600 : IntAlu :  D=0x0000000000000030
1663000: system.cpu: T0 : 0x1c55c    : beq a0, zero, 988          : IntAlu : 
1663500: system.cpu: T0 : 0x1c560    : ld a4, -1376(gp)           : MemRead :  D=0x0000000000000080 A=0x70ac8
1664000: system.cpu: T0 : 0x1c564    : srliw s9, s0, 4            : IntAlu :  D=0x0000000000000003
1664500: system.cpu: T0 : 0x1c568    : srliw a5, s0, 4            : IntAlu :  D=0x0000000000000003
1665000: system.cpu: T0 : 0x1c56c    : bgeu a4, s0, 506           : IntAlu : 
1665500: system.cpu: T0 : 0x1c766    : c_addiw a5, -2             : IntAlu :  D=0x0000000000000001
1666000: system.cpu: T0 : 0x1c768    : slli a2, a5, 32            : IntAlu :  D=0x0000000100000000
1666500: system.cpu: T0 : 0x1c76c    : c_srli a2, 32              : IntAlu :  D=0x0000000000000001
1667000: system.cpu: T0 : 0x1c76e    : c_addi a2, 2               : IntAlu :  D=0x0000000000000003
1667500: system.cpu: T0 : 0x1c770    : c_slli a2, 3               : IntAlu :  D=0x0000000000000018
1668000: system.cpu: T0 : 0x1c772    : c_j -376                   : IntAlu : 
1668500: system.cpu: T0 : 0x1c5fa    : c_slli a5, 32              : IntAlu :  D=0x0000000100000000
1669000: system.cpu: T0 : 0x1c5fc    : c_srli a5, 29              : IntAlu :  D=0x0000000000000008
1669500: system.cpu: T0 : 0x1c5fe    : c_add a5, s1               : IntAlu :  D=0x000000000006f5d0
1670000: system.cpu: T0 : 0x1c600    : ld s2, 16(a5)              : MemRead :  D=0x0000000000000000 A=0x6f5e0
1670500: system.cpu: T0 : 0x1c604    : beq s2, zero, 170          : IntAlu : 
1671500: system.cpu: T0 : 0x1c6ae    : addiw a5, s9, -1           : IntAlu :  D=0x0000000000000002
1672500: system.cpu: T0 : 0x1c6b2    : slliw a5, a5, 1            : IntAlu :  D=0x0000000000000004
1673000: system.cpu: T0 : 0x1c6b6    : c_slli a5, 32              : IntAlu :  D=0x0000000400000000
1673500: system.cpu: T0 : 0x1c6b8    : c_srli a5, 32              : IntAlu :  D=0x0000000000000004
1674000: system.cpu: T0 : 0x1c6ba    : c_addi a5, 14              : IntAlu :  D=0x0000000000000012
1674500: system.cpu: T0 : 0x1c6bc    : c_slli a5, 3               : IntAlu :  D=0x0000000000000090
1675000: system.cpu: T0 : 0x1c6be    : c_j -550                   : IntAlu : 
1675500: system.cpu: T0 : 0x1c498    : c_add a5, s1               : IntAlu :  D=0x000000000006f658
1676500: system.cpu: T0 : 0x1c49a    : ld s2, 8(a5)               : MemRead :  D=0x000000000006f648 A=0x6f660
1677500: system.cpu: T0 : 0x1c49e    : addi a3, a5, -16           : IntAlu :  D=0x000000000006f648
1678500: system.cpu: T0 : 0x1c4a2    : beq a3, s2, 748            : IntAlu : 
1679500: system.cpu: T0 : 0x1c78e    : srli t1, s0, 9             : IntAlu :  D=0x0000000000000000
1680500: system.cpu: T0 : 0x1c792    : addiw a5, t1, 91           : IntAlu :  D=0x000000000000005b
1681500: system.cpu: T0 : 0x1c796    : srli s10, s0, 6            : IntAlu :  D=0x0000000000000000
1682000: system.cpu: T0 : 0x1c79a    : c_sdsp a5, 96(sp)          : MemWrite :  D=0x000000000000005b A=0x7ffffffffffffc20
1682500: system.cpu: T0 : 0x1c79c    : addiw a5, s10, 48          : IntAlu :  D=0x0000000000000030
1683000: system.cpu: T0 : 0x1c7a0    : c_sdsp a5, 88(sp)          : MemWrite :  D=0x0000000000000030 A=0x7ffffffffffffc18
1684000: system.cpu: T0 : 0x1c7a2    : addi a5, zero, 110         : IntAlu :  D=0x000000000000006e
1684500: system.cpu: T0 : 0x1c7a6    : c_sdsp a5, 112(sp)         : MemWrite :  D=0x000000000000006e A=0x7ffffffffffffc30
1685000: system.cpu: T0 : 0x1c7a8    : addi a5, zero, 119         : IntAlu :  D=0x0000000000000077
1685500: system.cpu: T0 : 0x1c7ac    : c_sdsp a5, 104(sp)         : MemWrite :  D=0x0000000000000077 A=0x7ffffffffffffc28
1686500: system.cpu: T0 : 0x1c7ae    : addi a5, zero, 124         : IntAlu :  D=0x000000000000007c
1687000: system.cpu: T0 : 0x1c7b2    : c_sdsp s9, 8(sp)           : MemWrite :  D=0x0000000000000003 A=0x7ffffffffffffbc8
1687500: system.cpu: T0 : 0x1c7b4    : c_sdsp a5, 120(sp)         : MemWrite :  D=0x000000000000007c A=0x7ffffffffffffc38
1688000: system.cpu: T0 : 0x1c7b6    : c_sdsp zero, 128(sp)       : MemWrite :  D=0x0000000000000000 A=0x7ffffffffffffc40
1688500: system.cpu: T0 : 0x1c7b8    : c_sdsp zero, 136(sp)       : MemWrite :  D=0x0000000000000000 A=0x7ffffffffffffc48
1689500: system.cpu: T0 : 0x1c7ba    : ld a5, 40(tp)              : MemRead :  D=0x0000000000072f90 A=0x72738
1690500: system.cpu: T0 : 0x1c7be    : addi s6, s0, -17           : IntAlu :  D=0x000000000000001f
1691500: system.cpu: T0 : 0x1c7c2    : srli s6, s6, 4             : IntAlu :  D=0x0000000000000001
1692000: system.cpu: T0 : 0x1c7c6    : c_li s5, 0                 : IntAlu :  D=0x0000000000000000
1692500: system.cpu: T0 : 0x1c7c8    : c_beqz a5, 22              : IntAlu : 
1693500: system.cpu: T0 : 0x1c7ca    : lui a5, 111                : IntAlu :  D=0x000000000006f000
1694500: system.cpu: T0 : 0x1c7ce    : ld s5, 1448(a5)            : MemRead :  D=0x0000000000000040 A=0x6f5a8
1695500: system.cpu: T0 : 0x1c7d2    : sltu s5, s6, s5            : IntAlu :  D=0x0000000000000001
1696500: system.cpu: T0 : 0x1c7d6    : sub s5, zero, s5           : IntAlu :  D=0xffffffffffffffff
1697500: system.cpu: T0 : 0x1c7da    : and s5, s0, s5             : IntAlu :  D=0x0000000000000030
1698500: system.cpu: T0 : 0x1c7de    : lui a5, 111                : IntAlu :  D=0x000000000006f000
1699000: system.cpu: T0 : 0x1c7e2    : c_lui s11, 1               : IntAlu :  D=0x0000000000001000
1699500: system.cpu: T0 : 0x1c7e4    : lui s7, 111                : IntAlu :  D=0x000000000006f000
1700000: system.cpu: T0 : 0x1c7e8    : addi a5, a5, 1480          : IntAlu :  D=0x000000000006f5c8
1700500: system.cpu: T0 : 0x1c7ec    : addi s8, s1, 96            : IntAlu :  D=0x000000000006f628
1701000: system.cpu: T0 : 0x1c7f0    : c_li t5, 0                 : IntAlu :  D=0x0000000000000000
1702000: system.cpu: T0 : 0x1c7f2    : addi s7, s7, 1368          : IntAlu :  D=0x000000000006f558
1703000: system.cpu: T0 : 0x1c7f6    : add a7, s1, s11            : IntAlu :  D=0x00000000000705c8
1703500: system.cpu: T0 : 0x1c7fa    : c_sdsp a5, 56(sp)          : MemWrite :  D=0x000000000006f5c8 A=0x7ffffffffffffbf8
1704000: system.cpu: T0 : 0x1c7fc    : c_ld a5, 120(s1)           : MemRead :  D=0x000000000006f628 A=0x6f640
1705000: system.cpu: T0 : 0x1c7fe    : beq a5, s8, 532            : IntAlu : 
1706000: system.cpu: T0 : 0x1ca12    : addi a5, zero, 1023        : IntAlu :  D=0x00000000000003ff
1707000: system.cpu: T0 : 0x1ca16    : bgeu a5, s0, 38            : IntAlu : 
1707500: system.cpu: T0 : 0x1ca3c    : c_ldsp a3, 8(sp)           : MemRead :  D=0x0000000000000003 A=0x7ffffffffffffbc8
1708000: system.cpu: T0 : 0x1ca3e    : c_li a0, 4                 : IntAlu :  D=0x0000000000000004
1708500: system.cpu: T0 : 0x1ca40    : addiw a5, a3, 1            : IntAlu :  D=0x0000000000000004
1709000: system.cpu: T0 : 0x1ca44    : srliw a4, a5, 5            : IntAlu :  D=0x0000000000000000
1709500: system.cpu: T0 : 0x1ca48    : slliw a3, a3, 1            : IntAlu :  D=0x0000000000000006
1710000: system.cpu: T0 : 0x1ca4c    : addi a4, a4, 536           : IntAlu :  D=0x0000000000000218
1710500: system.cpu: T0 : 0x1ca50    : c_slli a3, 32              : IntAlu :  D=0x0000000600000000
1711000: system.cpu: T0 : 0x1ca52    : c_slli a4, 2               : IntAlu :  D=0x0000000000000860
1711500: system.cpu: T0 : 0x1ca54    : c_srli a3, 32              : IntAlu :  D=0x0000000000000006
1712000: system.cpu: T0 : 0x1ca56    : c_add a4, s1               : IntAlu :  D=0x000000000006fe28
1712500: system.cpu: T0 : 0x1ca58    : c_slli a3, 3               : IntAlu :  D=0x0000000000000030
1713000: system.cpu: T0 : 0x1ca5a    : c_lw a2, 0(a4)             : MemRead :  D=0x0000000000000000 A=0x6fe28
1713500: system.cpu: T0 : 0x1ca5c    : addi a3, a3, 96            : IntAlu :  D=0x0000000000000090
1714000: system.cpu: T0 : 0x1ca60    : c_li a4, 1                 : IntAlu :  D=0x0000000000000001
1715000: system.cpu: T0 : 0x1ca62    : srliw s2, a5, 5            : IntAlu :  D=0x0000000000000000
1715500: system.cpu: T0 : 0x1ca66    : c_add a3, s1               : IntAlu :  D=0x000000000006f658
1716000: system.cpu: T0 : 0x1ca68    : sllw a5, a4, a5            : IntAlu :  D=0x0000000000000010
1716500: system.cpu: T0 : 0x1ca6c    : bltu a2, a5, 144           : IntAlu : 
1717000: system.cpu: T0 : 0x1cafc    : addiw a5, s2, 1            : IntAlu :  D=0x0000000000000001
1717500: system.cpu: T0 : 0x1cb00    : addiw s2, a5, 0            : IntAlu :  D=0x0000000000000001
1718000: system.cpu: T0 : 0x1cb04    : bne s2, a0, -26            : IntAlu : 
1718500: system.cpu: T0 : 0x1caea    : c_slli a5, 32              : IntAlu :  D=0x0000000100000000
1719000: system.cpu: T0 : 0x1caec    : c_srli a5, 32              : IntAlu :  D=0x0000000000000001
1720000: system.cpu: T0 : 0x1caee    : addi a5, a5, 536           : IntAlu :  D=0x0000000000000219
1720500: system.cpu: T0 : 0x1caf2    : c_slli a5, 2               : IntAlu :  D=0x0000000000000864
1721000: system.cpu: T0 : 0x1caf4    : c_add a5, s1               : IntAlu :  D=0x000000000006fe2c
1721500: system.cpu: T0 : 0x1caf6    : c_lw a2, 0(a5)             : MemRead :  D=0x0000000000000000 A=0x6fe2c
1722000: system.cpu: T0 : 0x1caf8    : bne a2, zero, 384          : IntAlu : 
1722500: system.cpu: T0 : 0x1cafc    : addiw a5, s2, 1            : IntAlu :  D=0x0000000000000002
1723000: system.cpu: T0 : 0x1cb00    : addiw s2, a5, 0            : IntAlu :  D=0x0000000000000002
1723500: system.cpu: T0 : 0x1cb04    : bne s2, a0, -26            : IntAlu : 
1724000: system.cpu: T0 : 0x1caea    : c_slli a5, 32              : IntAlu :  D=0x0000000200000000
1724500: system.cpu: T0 : 0x1caec    : c_srli a5, 32              : IntAlu :  D=0x0000000000000002
1725500: system.cpu: T0 : 0x1caee    : addi a5, a5, 536           : IntAlu :  D=0x000000000000021a
1726000: system.cpu: T0 : 0x1caf2    : c_slli a5, 2               : IntAlu :  D=0x0000000000000868
1726500: system.cpu: T0 : 0x1caf4    : c_add a5, s1               : IntAlu :  D=0x000000000006fe30
1727000: system.cpu: T0 : 0x1caf6    : c_lw a2, 0(a5)             : MemRead :  D=0x0000000000000000 A=0x6fe30
1727500: system.cpu: T0 : 0x1caf8    : bne a2, zero, 384          : IntAlu : 
1728000: system.cpu: T0 : 0x1cafc    : addiw a5, s2, 1            : IntAlu :  D=0x0000000000000003
1728500: system.cpu: T0 : 0x1cb00    : addiw s2, a5, 0            : IntAlu :  D=0x0000000000000003
1729000: system.cpu: T0 : 0x1cb04    : bne s2, a0, -26            : IntAlu : 
1729500: system.cpu: T0 : 0x1caea    : c_slli a5, 32              : IntAlu :  D=0x0000000300000000
1730000: system.cpu: T0 : 0x1caec    : c_srli a5, 32              : IntAlu :  D=0x0000000000000003
1731000: system.cpu: T0 : 0x1caee    : addi a5, a5, 536           : IntAlu :  D=0x000000000000021b
1731500: system.cpu: T0 : 0x1caf2    : c_slli a5, 2               : IntAlu :  D=0x000000000000086c
1732000: system.cpu: T0 : 0x1caf4    : c_add a5, s1               : IntAlu :  D=0x000000000006fe34
1732500: system.cpu: T0 : 0x1caf6    : c_lw a2, 0(a5)             : MemRead :  D=0x0000000000000000 A=0x6fe34
1733000: system.cpu: T0 : 0x1caf8    : bne a2, zero, 384          : IntAlu : 
1733500: system.cpu: T0 : 0x1cafc    : addiw a5, s2, 1            : IntAlu :  D=0x0000000000000004
1734000: system.cpu: T0 : 0x1cb00    : addiw s2, a5, 0            : IntAlu :  D=0x0000000000000004
1734500: system.cpu: T0 : 0x1cb04    : bne s2, a0, -26            : IntAlu : 
1735000: system.cpu: T0 : 0x1cb08    : c_ld a4, 96(s1)            : MemRead :  D=0x0000000000073240 A=0x6f628
1736000: system.cpu: T0 : 0x1cb0a    : ld a3, -1912(a7)           : MemRead :  D=0x0000000000021080 A=0x6fe50
1736500: system.cpu: T0 : 0x1cb0e    : c_ld a5, 8(a4)             : MemRead :  D=0x0000000000020dc1 A=0x73248
1737000: system.cpu: T0 : 0x1cb10    : c_andi a5, 18446744073709551608 : IntAlu :  D=0x0000000000020dc0
1738000: system.cpu: T0 : 0x1cb12    : bltu a3, a5, 548           : IntAlu : 
1739000: system.cpu: T0 : 0x1cb16    : addi a3, s0, 32            : IntAlu :  D=0x0000000000000050
1740000: system.cpu: T0 : 0x1cb1a    : bgeu a5, a3, 640           : IntAlu : 
1741000: system.cpu: T0 : 0x1cd9a    : add a0, a4, s0             : IntAlu :  D=0x0000000000073270
1742000: system.cpu: T0 : 0x1cd9e    : lui a2, 111                : IntAlu :  D=0x000000000006f000
1742500: system.cpu: T0 : 0x1cda2    : c_sd a0, 96(s1)            : MemWrite :  D=0x0000000000073270 A=0x6f628
1743000: system.cpu: T0 : 0x1cda4    : addi a2, a2, 1480          : IntAlu :  D=0x000000000006f5c8
1743500: system.cpu: T0 : 0x1cda8    : c_sub a5, s0               : IntAlu :  D=0x0000000000020d90
1744000: system.cpu: T0 : 0x1cdaa    : c_li a3, 4                 : IntAlu :  D=0x0000000000000004
1744500: system.cpu: T0 : 0x1cdac    : beq s1, a2, 116            : IntAlu : 
1745000: system.cpu: T0 : 0x1ce20    : c_li a3, 0                 : IntAlu :  D=0x0000000000000000
1745500: system.cpu: T0 : 0x1ce22    : c_j -114                   : IntAlu : 
1746000: system.cpu: T0 : 0x1cdb0    : c_or a3, s0                : IntAlu :  D=0x0000000000000030
1747000: system.cpu: T0 : 0x1cdb2    : ori a3, a3, 1              : IntAlu :  D=0x0000000000000031
1748000: system.cpu: T0 : 0x1cdb6    : lw a1, -1396(gp)           : MemRead :  D=0x0000000000000000 A=0x70ab4
1748500: system.cpu: T0 : 0x1cdba    : c_sd a3, 8(a4)             : MemWrite :  D=0x0000000000000031 A=0x73248
1749000: system.cpu: T0 : 0x1cdbc    : ori a5, a5, 1              : IntAlu :  D=0x0000000000020d91
1749500: system.cpu: T0 : 0x1cdc0    : c_sd a5, 8(a0)             : MemWrite :  D=0x0000000000020d91 A=0x73278
1750500: system.cpu: T0 : 0x1cdc2    : addi s2, a4, 16            : IntAlu :  D=0x0000000000073250
1751500: system.cpu: T0 : 0x1cdc6    : beq a1, zero, -1664        : IntAlu : 
1752000: system.cpu: T0 : 0x1c746    : c_ldsp ra, 248(sp)         : MemRead :  D=0x000000000001d8c4 A=0x7ffffffffffffcb8
1752500: system.cpu: T0 : 0x1c748    : c_ldsp s0, 240(sp)         : MemRead :  D=0x0000000000000028 A=0x7ffffffffffffcb0
1753000: system.cpu: T0 : 0x1c74a    : c_ldsp s1, 232(sp)         : MemRead :  D=0x000000000006f000 A=0x7ffffffffffffca8
1753500: system.cpu: T0 : 0x1c74c    : c_ldsp s3, 216(sp)         : MemRead :  D=0x000000000006efc0 A=0x7ffffffffffffc98
1754000: system.cpu: T0 : 0x1c74e    : c_ldsp s4, 208(sp)         : MemRead :  D=0x0000000000070000 A=0x7ffffffffffffc90
1754500: system.cpu: T0 : 0x1c750    : c_ldsp s5, 200(sp)         : MemRead :  D=0x0000000000072000 A=0x7ffffffffffffc88
1755000: system.cpu: T0 : 0x1c752    : c_ldsp s6, 192(sp)         : MemRead :  D=0x0000000000072000 A=0x7ffffffffffffc80
1755500: system.cpu: T0 : 0x1c754    : c_ldsp s7, 184(sp)         : MemRead :  D=0x0000000000000000 A=0x7ffffffffffffc78
1756000: system.cpu: T0 : 0x1c756    : c_ldsp s8, 176(sp)         : MemRead :  D=0x0000000000000000 A=0x7ffffffffffffc70
1756500: system.cpu: T0 : 0x1c758    : c_ldsp s9, 168(sp)         : MemRead :  D=0x0000000000000000 A=0x7ffffffffffffc68
1757000: system.cpu: T0 : 0x1c75a    : c_ldsp s10, 160(sp)        : MemRead :  D=0x0000000000000000 A=0x7ffffffffffffc60
1757500: system.cpu: T0 : 0x1c75c    : c_ldsp s11, 152(sp)        : MemRead :  D=0x0000000000000000 A=0x7ffffffffffffc58
1758000: system.cpu: T0 : 0x1c75e    : c_mv a0, s2                : IntAlu :  D=0x0000000000073250
1758500: system.cpu: T0 : 0x1c760    : c_ldsp s2, 224(sp)         : MemRead :  D=0x0000000000000000 A=0x7ffffffffffffca0
1759000: system.cpu: T0 : 0x1c762    : c_addi16sp sp, 256         : IntAlu :  D=0x7ffffffffffffcc0
1759500: system.cpu: T0 : 0x1c764    : c_jr ra                    : IntAlu : 
1760000: system.cpu: T0 : 0x1d8c4    : c_mv a5, a0                : IntAlu :  D=0x0000000000073250
1760500: system.cpu: T0 : 0x1d8c6    : c_beqz a0, 150             : IntAlu : 
1761000: system.cpu: T0 : 0x1d8c8    : ld a4, -8(a0)              : MemRead :  D=0x0000000000000031 A=0x73248
1761500: system.cpu: T0 : 0x1d8cc    : andi a3, a4, 2             : IntAlu :  D=0x0000000000000000
1762000: system.cpu: T0 : 0x1d8d0    : c_bnez a3, 26              : IntAlu : 
1762500: system.cpu: T0 : 0x1d8d2    : c_andi a4, 4               : IntAlu :  D=0x0000000000000000
1763000: system.cpu: T0 : 0x1d8d4    : c_beqz a4, 22              : IntAlu : 
1763500: system.cpu: T0 : 0x1d8ea    : c_ldsp ra, 24(sp)          : MemRead :  D=0x000000000003ae96 A=0x7ffffffffffffcd8
1764000: system.cpu: T0 : 0x1d8ec    : c_ldsp s0, 16(sp)          : MemRead :  D=0x7ffffffffffffd20 A=0x7ffffffffffffcd0
1764500: system.cpu: T0 : 0x1d8ee    : c_ldsp s1, 8(sp)           : MemRead :  D=0x000000000006fe60 A=0x7ffffffffffffcc8
1765000: system.cpu: T0 : 0x1d8f0    : c_ldsp s2, 0(sp)           : MemRead :  D=0x0000000000000000 A=0x7ffffffffffffcc0
1765500: system.cpu: T0 : 0x1d8f2    : c_mv a0, a5                : IntAlu :  D=0x0000000000073250
1766000: system.cpu: T0 : 0x1d8f4    : c_addi16sp sp, 32          : IntAlu :  D=0x7ffffffffffffce0
1766500: system.cpu: T0 : 0x1d8f6    : c_jr ra                    : IntAlu : 
1767500: system.cpu: T0 : 0x3ae96    : sd a0, 32(s3)              : MemWrite :  D=0x0000000000073250 A=0x6efe0
1768500: system.cpu: T0 : 0x3ae9a    : beq a0, zero, 382          : IntAlu : 
1769500: system.cpu: T0 : 0x3ae9e    : ld s1, 16(s3)              : MemRead :  D=0x0000000000000002 A=0x6efd0
1770500: system.cpu: T0 : 0x3aea2    : addi a7, zero, 40          : IntAlu :  D=0x0000000000000028
1771000: system.cpu: T0 : 0x3aea6    : c_mv s5, a0                : IntAlu :  D=0x0000000000073250
1771500: system.cpu: T0 : 0x3aea8    : slli s4, s1, 2             : IntAlu :  D=0x0000000000000008
1772000: system.cpu: T0 : 0x3aeac    : addi s4, s4, 79            : IntAlu :  D=0x0000000000000057
1772500: system.cpu: T0 : 0x3aeb0    : divu s4, s4, a7            : IntDiv :  D=0x0000000000000002
1773000: system.cpu: T0 : 0x3aeb4    : slli a7, s4, 2             : IntAlu :  D=0x0000000000000008
1773500: system.cpu: T0 : 0x3aeb8    : c_add s4, a7               : IntAlu :  D=0x000000000000000a
1774500: system.cpu: T0 : 0x3aeba    : slli a0, s4, 5             : IntAlu :  D=0x0000000000000140
1775500: system.cpu: T0 : 0x3aebe    : jal ra, -120388            : IntAlu :  D=0x000000000003aec2
1776500: system.cpu: T0 : 0x1d87a    : ld t1, -1848(gp)           : MemRead :  D=0x0000000000000000 A=0x708f0
1777500: system.cpu: T0 : 0x1d87e    : bne t1, zero, 260          : IntAlu : 
1778000: system.cpu: T0 : 0x1d882    : c_addi sp, -32             : IntAlu :  D=0x7ffffffffffffcc0
1778500: system.cpu: T0 : 0x1d884    : c_sdsp s0, 16(sp)          : MemWrite :  D=0x7ffffffffffffd20 A=0x7ffffffffffffcd0
1779000: system.cpu: T0 : 0x1d886    : c_sdsp ra, 24(sp)          : MemWrite :  D=0x000000000003aec2 A=0x7ffffffffffffcd8
1779500: system.cpu: T0 : 0x1d888    : c_sdsp s1, 8(sp)           : MemWrite :  D=0x0000000000000002 A=0x7ffffffffffffcc8
1780000: system.cpu: T0 : 0x1d88a    : c_sdsp s2, 0(sp)           : MemWrite :  D=0x0000000000000000 A=0x7ffffffffffffcc0
1780500: system.cpu: T0 : 0x1d88c    : c_mv s0, a0                : IntAlu :  D=0x0000000000000140
1781500: system.cpu: T0 : 0x1d88e    : blt a0, zero, 222          : IntAlu : 
1782500: system.cpu: T0 : 0x1d892    : addi a5, a0, 23            : IntAlu :  D=0x0000000000000157
1783000: system.cpu: T0 : 0x1d896    : c_li a4, 31                : IntAlu :  D=0x000000000000001f
1783500: system.cpu: T0 : 0x1d898    : c_li s1, 0                 : IntAlu :  D=0x0000000000000000
1784500: system.cpu: T0 : 0x1d89a    : bltu a4, a5, 94            : IntAlu : 
1785000: system.cpu: T0 : 0x1d8f8    : c_andi a5, 18446744073709551600 : IntAlu :  D=0x0000000000000150
1785500: system.cpu: T0 : 0x1d8fa    : c_addi a5, -17             : IntAlu :  D=0x000000000000013f
1786000: system.cpu: T0 : 0x1d8fc    : srli s1, a5, 4             : IntAlu :  D=0x0000000000000013
1786500: system.cpu: T0 : 0x1d900    : c_j -98                    : IntAlu : 
1787500: system.cpu: T0 : 0x1d89e    : ld a4, 40(tp)              : MemRead :  D=0x0000000000072f90 A=0x72738
1788000: system.cpu: T0 : 0x1d8a2    : c_beqz a4, 96              : IntAlu : 
1788500: system.cpu: T0 : 0x1d8a4    : lui a5, 111                : IntAlu :  D=0x000000000006f000
1789000: system.cpu: T0 : 0x1d8a8    : ld a5, 1448(a5)            : MemRead :  D=0x0000000000000040 A=0x6f5a8
1789500: system.cpu: T0 : 0x1d8ac    : bltu s1, a5, 114           : IntAlu : 
1790500: system.cpu: T0 : 0x1d91e    : slli a3, s1, 1             : IntAlu :  D=0x0000000000000026
1791000: system.cpu: T0 : 0x1d922    : c_add a3, a4               : IntAlu :  D=0x0000000000072fb6
1791500: system.cpu: T0 : 0x1d924    : lhu a2, 0(a3)              : MemRead :  D=0x0000000000000000 A=0x72fb6
1792000: system.cpu: T0 : 0x1d928    : c_beqz a2, -120            : IntAlu : 
1792500: system.cpu: T0 : 0x1d8b0    : lw a5, -1808(tp)           : MemRead :  D=0x0000000000000000 A=0x72000
1793000: system.cpu: T0 : 0x1d8b4    : c_bnez a5, 210             : IntAlu : 
1794000: system.cpu: T0 : 0x1d8b6    : lui s1, 111                : IntAlu :  D=0x000000000006f000
1794500: system.cpu: T0 : 0x1d8ba    : c_mv a1, s0                : IntAlu :  D=0x0000000000000140
1795000: system.cpu: T0 : 0x1d8bc    : addi a0, s1, 1480          : IntAlu :  D=0x000000000006f5c8
1795500: system.cpu: T0 : 0x1d8c0    : jal ra, -5228              : IntAlu :  D=0x000000000001d8c4
1796000: system.cpu: T0 : 0x1c454    : c_addi16sp sp, -256        : IntAlu :  D=0x7ffffffffffffbc0
1796500: system.cpu: T0 : 0x1c456    : c_sdsp ra, 248(sp)         : MemWrite :  D=0x000000000001d8c4 A=0x7ffffffffffffcb8
1797000: system.cpu: T0 : 0x1c458    : c_sdsp s0, 240(sp)         : MemWrite :  D=0x0000000000000140 A=0x7ffffffffffffcb0
1797500: system.cpu: T0 : 0x1c45a    : c_sdsp s1, 232(sp)         : MemWrite :  D=0x000000000006f000 A=0x7ffffffffffffca8
1798000: system.cpu: T0 : 0x1c45c    : c_sdsp s2, 224(sp)         : MemWrite :  D=0x0000000000000000 A=0x7ffffffffffffca0
1798500: system.cpu: T0 : 0x1c45e    : c_sdsp s3, 216(sp)         : MemWrite :  D=0x000000000006efc0 A=0x7ffffffffffffc98
1799000: system.cpu: T0 : 0x1c460    : c_sdsp s4, 208(sp)         : MemWrite :  D=0x000000000000000a A=0x7ffffffffffffc90
1799500: system.cpu: T0 : 0x1c462    : c_sdsp s5, 200(sp)         : MemWrite :  D=0x0000000000073250 A=0x7ffffffffffffc88
1800000: system.cpu: T0 : 0x1c464    : c_sdsp s6, 192(sp)         : MemWrite :  D=0x0000000000072000 A=0x7ffffffffffffc80
1800500: system.cpu: T0 : 0x1c466    : c_sdsp s7, 184(sp)         : MemWrite :  D=0x0000000000000000 A=0x7ffffffffffffc78
1801000: system.cpu: T0 : 0x1c468    : c_sdsp s8, 176(sp)         : MemWrite :  D=0x0000000000000000 A=0x7ffffffffffffc70
1801500: system.cpu: T0 : 0x1c46a    : c_sdsp s9, 168(sp)         : MemWrite :  D=0x0000000000000000 A=0x7ffffffffffffc68
1802000: system.cpu: T0 : 0x1c46c    : c_sdsp s10, 160(sp)        : MemWrite :  D=0x0000000000000000 A=0x7ffffffffffffc60
1802500: system.cpu: T0 : 0x1c46e    : c_sdsp s11, 152(sp)        : MemWrite :  D=0x0000000000000000 A=0x7ffffffffffffc58
1803000: system.cpu: T0 : 0x1c470    : blt a1, zero, 1198         : IntAlu : 
1803500: system.cpu: T0 : 0x1c474    : addi s0, a1, 23            : IntAlu :  D=0x0000000000000157
1804000: system.cpu: T0 : 0x1c478    : c_li a5, 31                : IntAlu :  D=0x000000000000001f
1804500: system.cpu: T0 : 0x1c47a    : c_mv s3, a1                : IntAlu :  D=0x0000000000000140
1805000: system.cpu: T0 : 0x1c47c    : c_mv s1, a0                : IntAlu :  D=0x000000000006f5c8
1806000: system.cpu: T0 : 0x1c47e    : bltu a5, s0, 220           : IntAlu : 
1806500: system.cpu: T0 : 0x1c55a    : c_andi s0, 18446744073709551600 : IntAlu :  D=0x0000000000000150
1807000: system.cpu: T0 : 0x1c55c    : beq a0, zero, 988          : IntAlu : 
1807500: system.cpu: T0 : 0x1c560    : ld a4, -1376(gp)           : MemRead :  D=0x0000000000000080 A=0x70ac8
1808000: system.cpu: T0 : 0x1c564    : srliw s9, s0, 4            : IntAlu :  D=0x0000000000000015
1808500: system.cpu: T0 : 0x1c568    : srliw a5, s0, 4            : IntAlu :  D=0x0000000000000015
1809000: system.cpu: T0 : 0x1c56c    : bgeu a4, s0, 506           : IntAlu : 
1809500: system.cpu: T0 : 0x1c570    : addi a4, zero, 1023        : IntAlu :  D=0x00000000000003ff
1810000: system.cpu: T0 : 0x1c574    : bgeu a4, s0, 1722          : IntAlu : 
1810500: system.cpu: T0 : 0x1cc2e    : c_addiw a5, -1             : IntAlu :  D=0x0000000000000014
1811000: system.cpu: T0 : 0x1cc30    : c_j -1406                  : IntAlu : 
1812000: system.cpu: T0 : 0x1c6b2    : slliw a5, a5, 1            : IntAlu :  D=0x0000000000000028
1812500: system.cpu: T0 : 0x1c6b6    : c_slli a5, 32              : IntAlu :  D=0x0000002800000000
1813000: system.cpu: T0 : 0x1c6b8    : c_srli a5, 32              : IntAlu :  D=0x0000000000000028
1813500: system.cpu: T0 : 0x1c6ba    : c_addi a5, 14              : IntAlu :  D=0x0000000000000036
1814000: system.cpu: T0 : 0x1c6bc    : c_slli a5, 3               : IntAlu :  D=0x00000000000001b0
1814500: system.cpu: T0 : 0x1c6be    : c_j -550                   : IntAlu : 
1815000: system.cpu: T0 : 0x1c498    : c_add a5, s1               : IntAlu :  D=0x000000000006f778
1816000: system.cpu: T0 : 0x1c49a    : ld s2, 8(a5)               : MemRead :  D=0x000000000006f768 A=0x6f780
1817000: system.cpu: T0 : 0x1c49e    : addi a3, a5, -16           : IntAlu :  D=0x000000000006f768
1818000: system.cpu: T0 : 0x1c4a2    : beq a3, s2, 748            : IntAlu : 
1819000: system.cpu: T0 : 0x1c78e    : srli t1, s0, 9             : IntAlu :  D=0x0000000000000000
1820000: system.cpu: T0 : 0x1c792    : addiw a5, t1, 91           : IntAlu :  D=0x000000000000005b
1821000: system.cpu: T0 : 0x1c796    : srli s10, s0, 6            : IntAlu :  D=0x0000000000000005
1821500: system.cpu: T0 : 0x1c79a    : c_sdsp a5, 96(sp)          : MemWrite :  D=0x000000000000005b A=0x7ffffffffffffc20
1822000: system.cpu: T0 : 0x1c79c    : addiw a5, s10, 48          : IntAlu :  D=0x0000000000000035
1822500: system.cpu: T0 : 0x1c7a0    : c_sdsp a5, 88(sp)          : MemWrite :  D=0x0000000000000035 A=0x7ffffffffffffc18
1823500: system.cpu: T0 : 0x1c7a2    : addi a5, zero, 110         : IntAlu :  D=0x000000000000006e
1824000: system.cpu: T0 : 0x1c7a6    : c_sdsp a5, 112(sp)         : MemWrite :  D=0x000000000000006e A=0x7ffffffffffffc30
1824500: system.cpu: T0 : 0x1c7a8    : addi a5, zero, 119         : IntAlu :  D=0x0000000000000077
1825000: system.cpu: T0 : 0x1c7ac    : c_sdsp a5, 104(sp)         : MemWrite :  D=0x0000000000000077 A=0x7ffffffffffffc28
1826000: system.cpu: T0 : 0x1c7ae    : addi a5, zero, 124         : IntAlu :  D=0x000000000000007c
1826500: system.cpu: T0 : 0x1c7b2    : c_sdsp s9, 8(sp)           : MemWrite :  D=0x0000000000000015 A=0x7ffffffffffffbc8
1827000: system.cpu: T0 : 0x1c7b4    : c_sdsp a5, 120(sp)         : MemWrite :  D=0x000000000000007c A=0x7ffffffffffffc38
1827500: system.cpu: T0 : 0x1c7b6    : c_sdsp zero, 128(sp)       : MemWrite :  D=0x0000000000000000 A=0x7ffffffffffffc40
1828000: system.cpu: T0 : 0x1c7b8    : c_sdsp zero, 136(sp)       : MemWrite :  D=0x0000000000000000 A=0x7ffffffffffffc48
1829000: system.cpu: T0 : 0x1c7ba    : ld a5, 40(tp)              : MemRead :  D=0x0000000000072f90 A=0x72738
1830000: system.cpu: T0 : 0x1c7be    : addi s6, s0, -17           : IntAlu :  D=0x000000000000013f
1831000: system.cpu: T0 : 0x1c7c2    : srli s6, s6, 4             : IntAlu :  D=0x0000000000000013
1831500: system.cpu: T0 : 0x1c7c6    : c_li s5, 0                 : IntAlu :  D=0x0000000000000000
1832000: system.cpu: T0 : 0x1c7c8    : c_beqz a5, 22              : IntAlu : 
1833000: system.cpu: T0 : 0x1c7ca    : lui a5, 111                : IntAlu :  D=0x000000000006f000
1834000: system.cpu: T0 : 0x1c7ce    : ld s5, 1448(a5)            : MemRead :  D=0x0000000000000040 A=0x6f5a8
1835000: system.cpu: T0 : 0x1c7d2    : sltu s5, s6, s5            : IntAlu :  D=0x0000000000000001
1836000: system.cpu: T0 : 0x1c7d6    : sub s5, zero, s5           : IntAlu :  D=0xffffffffffffffff
1837000: system.cpu: T0 : 0x1c7da    : and s5, s0, s5             : IntAlu :  D=0x0000000000000150
1838000: system.cpu: T0 : 0x1c7de    : lui a5, 111                : IntAlu :  D=0x000000000006f000
1838500: system.cpu: T0 : 0x1c7e2    : c_lui s11, 1               : IntAlu :  D=0x0000000000001000
1839000: system.cpu: T0 : 0x1c7e4    : lui s7, 111                : IntAlu :  D=0x000000000006f000
1839500: system.cpu: T0 : 0x1c7e8    : addi a5, a5, 1480          : IntAlu :  D=0x000000000006f5c8
1840000: system.cpu: T0 : 0x1c7ec    : addi s8, s1, 96            : IntAlu :  D=0x000000000006f628
1840500: system.cpu: T0 : 0x1c7f0    : c_li t5, 0                 : IntAlu :  D=0x0000000000000000
1841500: system.cpu: T0 : 0x1c7f2    : addi s7, s7, 1368          : IntAlu :  D=0x000000000006f558
1842500: system.cpu: T0 : 0x1c7f6    : add a7, s1, s11            : IntAlu :  D=0x00000000000705c8
1843000: system.cpu: T0 : 0x1c7fa    : c_sdsp a5, 56(sp)          : MemWrite :  D=0x000000000006f5c8 A=0x7ffffffffffffbf8
1843500: system.cpu: T0 : 0x1c7fc    : c_ld a5, 120(s1)           : MemRead :  D=0x000000000006f628 A=0x6f640
1844500: system.cpu: T0 : 0x1c7fe    : beq a5, s8, 532            : IntAlu : 
1845500: system.cpu: T0 : 0x1ca12    : addi a5, zero, 1023        : IntAlu :  D=0x00000000000003ff
1846500: system.cpu: T0 : 0x1ca16    : bgeu a5, s0, 38            : IntAlu : 
1847000: system.cpu: T0 : 0x1ca3c    : c_ldsp a3, 8(sp)           : MemRead :  D=0x0000000000000015 A=0x7ffffffffffffbc8
1847500: system.cpu: T0 : 0x1ca3e    : c_li a0, 4                 : IntAlu :  D=0x0000000000000004
1848000: system.cpu: T0 : 0x1ca40    : addiw a5, a3, 1            : IntAlu :  D=0x0000000000000016
1848500: system.cpu: T0 : 0x1ca44    : srliw a4, a5, 5            : IntAlu :  D=0x0000000000000000
1849000: system.cpu: T0 : 0x1ca48    : slliw a3, a3, 1            : IntAlu :  D=0x000000000000002a
1849500: system.cpu: T0 : 0x1ca4c    : addi a4, a4, 536           : IntAlu :  D=0x0000000000000218
1850000: system.cpu: T0 : 0x1ca50    : c_slli a3, 32              : IntAlu :  D=0x0000002a00000000
1850500: system.cpu: T0 : 0x1ca52    : c_slli a4, 2               : IntAlu :  D=0x0000000000000860
1851000: system.cpu: T0 : 0x1ca54    : c_srli a3, 32              : IntAlu :  D=0x000000000000002a
1851500: system.cpu: T0 : 0x1ca56    : c_add a4, s1               : IntAlu :  D=0x000000000006fe28
1852000: system.cpu: T0 : 0x1ca58    : c_slli a3, 3               : IntAlu :  D=0x0000000000000150
1852500: system.cpu: T0 : 0x1ca5a    : c_lw a2, 0(a4)             : MemRead :  D=0x0000000000000000 A=0x6fe28
1853000: system.cpu: T0 : 0x1ca5c    : addi a3, a3, 96            : IntAlu :  D=0x00000000000001b0
1853500: system.cpu: T0 : 0x1ca60    : c_li a4, 1                 : IntAlu :  D=0x0000000000000001
1854500: system.cpu: T0 : 0x1ca62    : srliw s2, a5, 5            : IntAlu :  D=0x0000000000000000
1855000: system.cpu: T0 : 0x1ca66    : c_add a3, s1               : IntAlu :  D=0x000000000006f778
1855500: system.cpu: T0 : 0x1ca68    : sllw a5, a4, a5            : IntAlu :  D=0x0000000000400000
1856000: system.cpu: T0 : 0x1ca6c    : bltu a2, a5, 144           : IntAlu : 
1856500: system.cpu: T0 : 0x1cafc    : addiw a5, s2, 1            : IntAlu :  D=0x0000000000000001
1857000: system.cpu: T0 : 0x1cb00    : addiw s2, a5, 0            : IntAlu :  D=0x0000000000000001
1857500: system.cpu: T0 : 0x1cb04    : bne s2, a0, -26            : IntAlu : 
1858000: system.cpu: T0 : 0x1caea    : c_slli a5, 32              : IntAlu :  D=0x0000000100000000
1858500: system.cpu: T0 : 0x1caec    : c_srli a5, 32              : IntAlu :  D=0x0000000000000001
1859500: system.cpu: T0 : 0x1caee    : addi a5, a5, 536           : IntAlu :  D=0x0000000000000219
1860000: system.cpu: T0 : 0x1caf2    : c_slli a5, 2               : IntAlu :  D=0x0000000000000864
1860500: system.cpu: T0 : 0x1caf4    : c_add a5, s1               : IntAlu :  D=0x000000000006fe2c
1861000: system.cpu: T0 : 0x1caf6    : c_lw a2, 0(a5)             : MemRead :  D=0x0000000000000000 A=0x6fe2c
1861500: system.cpu: T0 : 0x1caf8    : bne a2, zero, 384          : IntAlu : 
1862000: system.cpu: T0 : 0x1cafc    : addiw a5, s2, 1            : IntAlu :  D=0x0000000000000002
1862500: system.cpu: T0 : 0x1cb00    : addiw s2, a5, 0            : IntAlu :  D=0x0000000000000002
1863000: system.cpu: T0 : 0x1cb04    : bne s2, a0, -26            : IntAlu : 
1863500: system.cpu: T0 : 0x1caea    : c_slli a5, 32              : IntAlu :  D=0x0000000200000000
1864000: system.cpu: T0 : 0x1caec    : c_srli a5, 32              : IntAlu :  D=0x0000000000000002
1865000: system.cpu: T0 : 0x1caee    : addi a5, a5, 536           : IntAlu :  D=0x000000000000021a
1865500: system.cpu: T0 : 0x1caf2    : c_slli a5, 2               : IntAlu :  D=0x0000000000000868
1866000: system.cpu: T0 : 0x1caf4    : c_add a5, s1               : IntAlu :  D=0x000000000006fe30
1866500: system.cpu: T0 : 0x1caf6    : c_lw a2, 0(a5)             : MemRead :  D=0x0000000000000000 A=0x6fe30
1867000: system.cpu: T0 : 0x1caf8    : bne a2, zero, 384          : IntAlu : 
1867500: system.cpu: T0 : 0x1cafc    : addiw a5, s2, 1            : IntAlu :  D=0x0000000000000003
1868000: system.cpu: T0 : 0x1cb00    : addiw s2, a5, 0            : IntAlu :  D=0x0000000000000003
1868500: system.cpu: T0 : 0x1cb04    : bne s2, a0, -26            : IntAlu : 
1869000: system.cpu: T0 : 0x1caea    : c_slli a5, 32              : IntAlu :  D=0x0000000300000000
1869500: system.cpu: T0 : 0x1caec    : c_srli a5, 32              : IntAlu :  D=0x0000000000000003
1870500: system.cpu: T0 : 0x1caee    : addi a5, a5, 536           : IntAlu :  D=0x000000000000021b
1871000: system.cpu: T0 : 0x1caf2    : c_slli a5, 2               : IntAlu :  D=0x000000000000086c
1871500: system.cpu: T0 : 0x1caf4    : c_add a5, s1               : IntAlu :  D=0x000000000006fe34
1872000: system.cpu: T0 : 0x1caf6    : c_lw a2, 0(a5)             : MemRead :  D=0x0000000000000000 A=0x6fe34
1872500: system.cpu: T0 : 0x1caf8    : bne a2, zero, 384          : IntAlu : 
1873000: system.cpu: T0 : 0x1cafc    : addiw a5, s2, 1            : IntAlu :  D=0x0000000000000004
1873500: system.cpu: T0 : 0x1cb00    : addiw s2, a5, 0            : IntAlu :  D=0x0000000000000004
1874000: system.cpu: T0 : 0x1cb04    : bne s2, a0, -26            : IntAlu : 
1874500: system.cpu: T0 : 0x1cb08    : c_ld a4, 96(s1)            : MemRead :  D=0x0000000000073270 A=0x6f628
1875500: system.cpu: T0 : 0x1cb0a    : ld a3, -1912(a7)           : MemRead :  D=0x0000000000021080 A=0x6fe50
1876000: system.cpu: T0 : 0x1cb0e    : c_ld a5, 8(a4)             : MemRead :  D=0x0000000000020d91 A=0x73278
1876500: system.cpu: T0 : 0x1cb10    : c_andi a5, 18446744073709551608 : IntAlu :  D=0x0000000000020d90
1877500: system.cpu: T0 : 0x1cb12    : bltu a3, a5, 548           : IntAlu : 
1878500: system.cpu: T0 : 0x1cb16    : addi a3, s0, 32            : IntAlu :  D=0x0000000000000170
1879500: system.cpu: T0 : 0x1cb1a    : bgeu a5, a3, 640           : IntAlu : 
1880500: system.cpu: T0 : 0x1cd9a    : add a0, a4, s0             : IntAlu :  D=0x00000000000733c0
1881500: system.cpu: T0 : 0x1cd9e    : lui a2, 111                : IntAlu :  D=0x000000000006f000
1882000: system.cpu: T0 : 0x1cda2    : c_sd a0, 96(s1)            : MemWrite :  D=0x00000000000733c0 A=0x6f628
1882500: system.cpu: T0 : 0x1cda4    : addi a2, a2, 1480          : IntAlu :  D=0x000000000006f5c8
1883000: system.cpu: T0 : 0x1cda8    : c_sub a5, s0               : IntAlu :  D=0x0000000000020c40
1883500: system.cpu: T0 : 0x1cdaa    : c_li a3, 4                 : IntAlu :  D=0x0000000000000004
1884000: system.cpu: T0 : 0x1cdac    : beq s1, a2, 116            : IntAlu : 
1884500: system.cpu: T0 : 0x1ce20    : c_li a3, 0                 : IntAlu :  D=0x0000000000000000
1885000: system.cpu: T0 : 0x1ce22    : c_j -114                   : IntAlu : 
1885500: system.cpu: T0 : 0x1cdb0    : c_or a3, s0                : IntAlu :  D=0x0000000000000150
1886500: system.cpu: T0 : 0x1cdb2    : ori a3, a3, 1              : IntAlu :  D=0x0000000000000151
1887500: system.cpu: T0 : 0x1cdb6    : lw a1, -1396(gp)           : MemRead :  D=0x0000000000000000 A=0x70ab4
1888000: system.cpu: T0 : 0x1cdba    : c_sd a3, 8(a4)             : MemWrite :  D=0x0000000000000151 A=0x73278
1888500: system.cpu: T0 : 0x1cdbc    : ori a5, a5, 1              : IntAlu :  D=0x0000000000020c41
1889000: system.cpu: T0 : 0x1cdc0    : c_sd a5, 8(a0)             : MemWrite :  D=0x0000000000020c41 A=0x733c8
1890000: system.cpu: T0 : 0x1cdc2    : addi s2, a4, 16            : IntAlu :  D=0x0000000000073280
1891000: system.cpu: T0 : 0x1cdc6    : beq a1, zero, -1664        : IntAlu : 
1891500: system.cpu: T0 : 0x1c746    : c_ldsp ra, 248(sp)         : MemRead :  D=0x000000000001d8c4 A=0x7ffffffffffffcb8
1892000: system.cpu: T0 : 0x1c748    : c_ldsp s0, 240(sp)         : MemRead :  D=0x0000000000000140 A=0x7ffffffffffffcb0
1892500: system.cpu: T0 : 0x1c74a    : c_ldsp s1, 232(sp)         : MemRead :  D=0x000000000006f000 A=0x7ffffffffffffca8
1893000: system.cpu: T0 : 0x1c74c    : c_ldsp s3, 216(sp)         : MemRead :  D=0x000000000006efc0 A=0x7ffffffffffffc98
1893500: system.cpu: T0 : 0x1c74e    : c_ldsp s4, 208(sp)         : MemRead :  D=0x000000000000000a A=0x7ffffffffffffc90
1894000: system.cpu: T0 : 0x1c750    : c_ldsp s5, 200(sp)         : MemRead :  D=0x0000000000073250 A=0x7ffffffffffffc88
1894500: system.cpu: T0 : 0x1c752    : c_ldsp s6, 192(sp)         : MemRead :  D=0x0000000000072000 A=0x7ffffffffffffc80
1895000: system.cpu: T0 : 0x1c754    : c_ldsp s7, 184(sp)         : MemRead :  D=0x0000000000000000 A=0x7ffffffffffffc78
1895500: system.cpu: T0 : 0x1c756    : c_ldsp s8, 176(sp)         : MemRead :  D=0x0000000000000000 A=0x7ffffffffffffc70
1896000: system.cpu: T0 : 0x1c758    : c_ldsp s9, 168(sp)         : MemRead :  D=0x0000000000000000 A=0x7ffffffffffffc68
1896500: system.cpu: T0 : 0x1c75a    : c_ldsp s10, 160(sp)        : MemRead :  D=0x0000000000000000 A=0x7ffffffffffffc60
1897000: system.cpu: T0 : 0x1c75c    : c_ldsp s11, 152(sp)        : MemRead :  D=0x0000000000000000 A=0x7ffffffffffffc58
1897500: system.cpu: T0 : 0x1c75e    : c_mv a0, s2                : IntAlu :  D=0x0000000000073280
1898000: system.cpu: T0 : 0x1c760    : c_ldsp s2, 224(sp)         : MemRead :  D=0x0000000000000000 A=0x7ffffffffffffca0
1898500: system.cpu: T0 : 0x1c762    : c_addi16sp sp, 256         : IntAlu :  D=0x7ffffffffffffcc0
1899000: system.cpu: T0 : 0x1c764    : c_jr ra                    : IntAlu : 
1899500: system.cpu: T0 : 0x1d8c4    : c_mv a5, a0                : IntAlu :  D=0x0000000000073280
1900000: system.cpu: T0 : 0x1d8c6    : c_beqz a0, 150             : IntAlu : 
1900500: system.cpu: T0 : 0x1d8c8    : ld a4, -8(a0)              : MemRead :  D=0x0000000000000151 A=0x73278
1901000: system.cpu: T0 : 0x1d8cc    : andi a3, a4, 2             : IntAlu :  D=0x0000000000000000
1901500: system.cpu: T0 : 0x1d8d0    : c_bnez a3, 26              : IntAlu : 
1902000: system.cpu: T0 : 0x1d8d2    : c_andi a4, 4               : IntAlu :  D=0x0000000000000000
1902500: system.cpu: T0 : 0x1d8d4    : c_beqz a4, 22              : IntAlu : 
1903000: system.cpu: T0 : 0x1d8ea    : c_ldsp ra, 24(sp)          : MemRead :  D=0x000000000003aec2 A=0x7ffffffffffffcd8
1903500: system.cpu: T0 : 0x1d8ec    : c_ldsp s0, 16(sp)          : MemRead :  D=0x7ffffffffffffd20 A=0x7ffffffffffffcd0
1904000: system.cpu: T0 : 0x1d8ee    : c_ldsp s1, 8(sp)           : MemRead :  D=0x0000000000000002 A=0x7ffffffffffffcc8
1904500: system.cpu: T0 : 0x1d8f0    : c_ldsp s2, 0(sp)           : MemRead :  D=0x0000000000000000 A=0x7ffffffffffffcc0
1905000: system.cpu: T0 : 0x1d8f2    : c_mv a0, a5                : IntAlu :  D=0x0000000000073280
1905500: system.cpu: T0 : 0x1d8f4    : c_addi16sp sp, 32          : IntAlu :  D=0x7ffffffffffffce0
1906000: system.cpu: T0 : 0x1d8f6    : c_jr ra                    : IntAlu : 
1907000: system.cpu: T0 : 0x3aec2    : sd a0, 0(s5)               : MemWrite :  D=0x0000000000073280 A=0x73250
1907500: system.cpu: T0 : 0x3aec6    : c_mv a2, a0                : IntAlu :  D=0x0000000000073280
1908000: system.cpu: T0 : 0x3aec8    : beq a0, zero, 386          : IntAlu : 
1908500: system.cpu: T0 : 0x3aecc    : lui a5, 114                : IntAlu :  D=0x0000000000072000
1909000: system.cpu: T0 : 0x3aed0    : lui a3, 97                 : IntAlu :  D=0x0000000000061000
1909500: system.cpu: T0 : 0x3aed4    : lui a0, 97                 : IntAlu :  D=0x0000000000061000
1910000: system.cpu: T0 : 0x3aed8    : addi a3, a3, 1888          : IntAlu :  D=0x0000000000061760
1910500: system.cpu: T0 : 0x3aedc    : addi a0, a0, 1440          : IntAlu :  D=0x00000000000615a0
1911000: system.cpu: T0 : 0x3aee0    : sd a2, -384(a5)            : MemWrite :  D=0x0000000000073280 A=0x71e80
1911500: system.cpu: T0 : 0x3aee4    : c_li a5, 23                : IntAlu :  D=0x0000000000000017
1912000: system.cpu: T0 : 0x3aee6    : c_sd a3, 24(a2)            : MemWrite :  D=0x0000000000061760 A=0x73298
1912500: system.cpu: T0 : 0x3aee8    : addi a6, a3, 72            : IntAlu :  D=0x00000000000617a8
1913000: system.cpu: T0 : 0x3aeec    : sw zero, 40(s3)            : MemWrite :  D=0x0000000000000000 A=0x6efe8
1913500: system.cpu: T0 : 0x3aef0    : addi a1, s5, 8             : IntAlu :  D=0x0000000000073258
1914000: system.cpu: T0 : 0x3aef4    : c_sd a0, 8(a2)             : MemWrite :  D=0x00000000000615a0 A=0x73288
1915000: system.cpu: T0 : 0x3aef6    : sd zero, 16(a2)            : MemWrite :  D=0x0000000000000000 A=0x73290
1915500: system.cpu: T0 : 0x3aefa    : c_sd a5, 32(a2)            : MemWrite :  D=0x0000000000000017 A=0x732a0
1916000: system.cpu: T0 : 0x3aefc    : slli a7, s4, 3             : IntAlu :  D=0x0000000000000050
1916500: system.cpu: T0 : 0x3af00    : addi t3, s5, 32            : IntAlu :  D=0x0000000000073270
1917000: system.cpu: T0 : 0x3af04    : c_addi a3, 24              : IntAlu :  D=0x0000000000061778
1918000: system.cpu: T0 : 0x3af06    : addi t4, zero, 47          : IntAlu :  D=0x000000000000002f
1919000: system.cpu: T0 : 0x3af0a    : addi a4, a2, 40            : IntAlu :  D=0x00000000000732a8
1919500: system.cpu: T0 : 0x3af0e    : c_li a5, 0                 : IntAlu :  D=0x0000000000000000
1920000: system.cpu: T0 : 0x3af10    : c_beqz s1, 14              : IntAlu : 
1921000: system.cpu: T0 : 0x3af12    : sw zero, 0(a4)             : MemWrite :  D=0x0000000000000000 A=0x732a8
1921500: system.cpu: T0 : 0x3af16    : c_addi a5, 1               : IntAlu :  D=0x0000000000000001
1922000: system.cpu: T0 : 0x3af18    : c_addi a4, 4               : IntAlu :  D=0x00000000000732ac
1923000: system.cpu: T0 : 0x3af1a    : bne s1, a5, -8             : IntAlu : 
1924000: system.cpu: T0 : 0x3af12    : sw zero, 0(a4)             : MemWrite :  D=0x0000000000000000 A=0x732ac
1924500: system.cpu: T0 : 0x3af16    : c_addi a5, 1               : IntAlu :  D=0x0000000000000002
1925000: system.cpu: T0 : 0x3af18    : c_addi a4, 4               : IntAlu :  D=0x00000000000732b0
1926000: system.cpu: T0 : 0x3af1a    : bne s1, a5, -8             : IntAlu : 
1927000: system.cpu: T0 : 0x3af1e    : beq t3, a1, 48             : IntAlu : 
1928000: system.cpu: T0 : 0x3af22    : ld a4, 8(a6)               : MemRead :  D=0x000000000000001b A=0x617b0
1929000: system.cpu: T0 : 0x3af26    : add a5, a2, a7             : IntAlu :  D=0x00000000000732d0
1930000: system.cpu: T0 : 0x3af2a    : lbu t1, 0(a3)              : MemRead :  D=0x000000000000002f A=0x61778
1930500: system.cpu: T0 : 0x3af2e    : c_sd a5, 0(a2)             : MemWrite :  D=0x00000000000732d0 A=0x73280
1931000: system.cpu: T0 : 0x3af30    : c_sd a3, 24(a5)            : MemWrite :  D=0x0000000000061778 A=0x732e8
1932000: system.cpu: T0 : 0x3af32    : addi a2, a4, 1             : IntAlu :  D=0x000000000000001c
1932500: system.cpu: T0 : 0x3af36    : c_sd a5, 0(a1)             : MemWrite :  D=0x00000000000732d0 A=0x73258
1933000: system.cpu: T0 : 0x3af38    : c_sd a0, 8(a5)             : MemWrite :  D=0x00000000000615a0 A=0x732d8
1934000: system.cpu: T0 : 0x3af3a    : sd zero, 16(a5)            : MemWrite :  D=0x0000000000000000 A=0x732e0
1934500: system.cpu: T0 : 0x3af3e    : c_sd a4, 32(a5)            : MemWrite :  D=0x000000000000001b A=0x732f0
1935000: system.cpu: T0 : 0x3af40    : c_addi a1, 8               : IntAlu :  D=0x0000000000073260
1935500: system.cpu: T0 : 0x3af42    : c_add a3, a2               : IntAlu :  D=0x0000000000061794
1936000: system.cpu: T0 : 0x3af44    : c_addi a6, 8               : IntAlu :  D=0x00000000000617b0
1937000: system.cpu: T0 : 0x3af46    : bne t1, t4, 228            : IntAlu : 
1937500: system.cpu: T0 : 0x3af4a    : c_mv a2, a5                : IntAlu :  D=0x00000000000732d0
1938000: system.cpu: T0 : 0x3af4c    : c_j -66                    : IntAlu : 
1939000: system.cpu: T0 : 0x3af0a    : addi a4, a2, 40            : IntAlu :  D=0x00000000000732f8
1939500: system.cpu: T0 : 0x3af0e    : c_li a5, 0                 : IntAlu :  D=0x0000000000000000
1940000: system.cpu: T0 : 0x3af10    : c_beqz s1, 14              : IntAlu : 
1941000: system.cpu: T0 : 0x3af12    : sw zero, 0(a4)             : MemWrite :  D=0x0000000000000000 A=0x732f8
1941500: system.cpu: T0 : 0x3af16    : c_addi a5, 1               : IntAlu :  D=0x0000000000000001
1942000: system.cpu: T0 : 0x3af18    : c_addi a4, 4               : IntAlu :  D=0x00000000000732fc
1943000: system.cpu: T0 : 0x3af1a    : bne s1, a5, -8             : IntAlu : 
1944000: system.cpu: T0 : 0x3af12    : sw zero, 0(a4)             : MemWrite :  D=0x0000000000000000 A=0x732fc
1944500: system.cpu: T0 : 0x3af16    : c_addi a5, 1               : IntAlu :  D=0x0000000000000002
1945000: system.cpu: T0 : 0x3af18    : c_addi a4, 4               : IntAlu :  D=0x0000000000073300
1946000: system.cpu: T0 : 0x3af1a    : bne s1, a5, -8             : IntAlu : 
1947000: system.cpu: T0 : 0x3af1e    : beq t3, a1, 48             : IntAlu : 
1948000: system.cpu: T0 : 0x3af22    : ld a4, 8(a6)               : MemRead :  D=0x0000000000000005 A=0x617b8
1949000: system.cpu: T0 : 0x3af26    : add a5, a2, a7             : IntAlu :  D=0x0000000000073320
1950000: system.cpu: T0 : 0x3af2a    : lbu t1, 0(a3)              : MemRead :  D=0x000000000000002f A=0x61794
1950500: system.cpu: T0 : 0x3af2e    : c_sd a5, 0(a2)             : MemWrite :  D=0x0000000000073320 A=0x732d0
1951000: system.cpu: T0 : 0x3af30    : c_sd a3, 24(a5)            : MemWrite :  D=0x0000000000061794 A=0x73338
1952000: system.cpu: T0 : 0x3af32    : addi a2, a4, 1             : IntAlu :  D=0x0000000000000006
1952500: system.cpu: T0 : 0x3af36    : c_sd a5, 0(a1)             : MemWrite :  D=0x0000000000073320 A=0x73260
1953000: system.cpu: T0 : 0x3af38    : c_sd a0, 8(a5)             : MemWrite :  D=0x00000000000615a0 A=0x73328
1954000: system.cpu: T0 : 0x3af3a    : sd zero, 16(a5)            : MemWrite :  D=0x0000000000000000 A=0x73330
1954500: system.cpu: T0 : 0x3af3e    : c_sd a4, 32(a5)            : MemWrite :  D=0x0000000000000005 A=0x73340
1955000: system.cpu: T0 : 0x3af40    : c_addi a1, 8               : IntAlu :  D=0x0000000000073268
1955500: system.cpu: T0 : 0x3af42    : c_add a3, a2               : IntAlu :  D=0x000000000006179a
1956000: system.cpu: T0 : 0x3af44    : c_addi a6, 8               : IntAlu :  D=0x00000000000617b8
1957000: system.cpu: T0 : 0x3af46    : bne t1, t4, 228            : IntAlu : 
1957500: system.cpu: T0 : 0x3af4a    : c_mv a2, a5                : IntAlu :  D=0x0000000000073320
1958000: system.cpu: T0 : 0x3af4c    : c_j -66                    : IntAlu : 
1959000: system.cpu: T0 : 0x3af0a    : addi a4, a2, 40            : IntAlu :  D=0x0000000000073348
1959500: system.cpu: T0 : 0x3af0e    : c_li a5, 0                 : IntAlu :  D=0x0000000000000000
1960000: system.cpu: T0 : 0x3af10    : c_beqz s1, 14              : IntAlu : 
1961000: system.cpu: T0 : 0x3af12    : sw zero, 0(a4)             : MemWrite :  D=0x0000000000000000 A=0x73348
1961500: system.cpu: T0 : 0x3af16    : c_addi a5, 1               : IntAlu :  D=0x0000000000000001
1962000: system.cpu: T0 : 0x3af18    : c_addi a4, 4               : IntAlu :  D=0x000000000007334c
1963000: system.cpu: T0 : 0x3af1a    : bne s1, a5, -8             : IntAlu : 
1964000: system.cpu: T0 : 0x3af12    : sw zero, 0(a4)             : MemWrite :  D=0x0000000000000000 A=0x7334c
1964500: system.cpu: T0 : 0x3af16    : c_addi a5, 1               : IntAlu :  D=0x0000000000000002
1965000: system.cpu: T0 : 0x3af18    : c_addi a4, 4               : IntAlu :  D=0x0000000000073350
1966000: system.cpu: T0 : 0x3af1a    : bne s1, a5, -8             : IntAlu : 
1967000: system.cpu: T0 : 0x3af1e    : beq t3, a1, 48             : IntAlu : 
1968000: system.cpu: T0 : 0x3af22    : ld a4, 8(a6)               : MemRead :  D=0x0000000000000009 A=0x617c0
1969000: system.cpu: T0 : 0x3af26    : add a5, a2, a7             : IntAlu :  D=0x0000000000073370
1970000: system.cpu: T0 : 0x3af2a    : lbu t1, 0(a3)              : MemRead :  D=0x000000000000002f A=0x6179a
1970500: system.cpu: T0 : 0x3af2e    : c_sd a5, 0(a2)             : MemWrite :  D=0x0000000000073370 A=0x73320
1971000: system.cpu: T0 : 0x3af30    : c_sd a3, 24(a5)            : MemWrite :  D=0x000000000006179a A=0x73388
1972000: system.cpu: T0 : 0x3af32    : addi a2, a4, 1             : IntAlu :  D=0x000000000000000a
1972500: system.cpu: T0 : 0x3af36    : c_sd a5, 0(a1)             : MemWrite :  D=0x0000000000073370 A=0x73268
1973000: system.cpu: T0 : 0x3af38    : c_sd a0, 8(a5)             : MemWrite :  D=0x00000000000615a0 A=0x73378
1974000: system.cpu: T0 : 0x3af3a    : sd zero, 16(a5)            : MemWrite :  D=0x0000000000000000 A=0x73380
1974500: system.cpu: T0 : 0x3af3e    : c_sd a4, 32(a5)            : MemWrite :  D=0x0000000000000009 A=0x73390
1975000: system.cpu: T0 : 0x3af40    : c_addi a1, 8               : IntAlu :  D=0x0000000000073270
1975500: system.cpu: T0 : 0x3af42    : c_add a3, a2               : IntAlu :  D=0x00000000000617a4
1976000: system.cpu: T0 : 0x3af44    : c_addi a6, 8               : IntAlu :  D=0x00000000000617c0
1977000: system.cpu: T0 : 0x3af46    : bne t1, t4, 228            : IntAlu : 
1977500: system.cpu: T0 : 0x3af4a    : c_mv a2, a5                : IntAlu :  D=0x0000000000073370
1978000: system.cpu: T0 : 0x3af4c    : c_j -66                    : IntAlu : 
1979000: system.cpu: T0 : 0x3af0a    : addi a4, a2, 40            : IntAlu :  D=0x0000000000073398
1979500: system.cpu: T0 : 0x3af0e    : c_li a5, 0                 : IntAlu :  D=0x0000000000000000
1980000: system.cpu: T0 : 0x3af10    : c_beqz s1, 14              : IntAlu : 
1981000: system.cpu: T0 : 0x3af12    : sw zero, 0(a4)             : MemWrite :  D=0x0000000000000000 A=0x73398
1981500: system.cpu: T0 : 0x3af16    : c_addi a5, 1               : IntAlu :  D=0x0000000000000001
1982000: system.cpu: T0 : 0x3af18    : c_addi a4, 4               : IntAlu :  D=0x000000000007339c
1983000: system.cpu: T0 : 0x3af1a    : bne s1, a5, -8             : IntAlu : 
1984000: system.cpu: T0 : 0x3af12    : sw zero, 0(a4)             : MemWrite :  D=0x0000000000000000 A=0x7339c
1984500: system.cpu: T0 : 0x3af16    : c_addi a5, 1               : IntAlu :  D=0x0000000000000002
1985000: system.cpu: T0 : 0x3af18    : c_addi a4, 4               : IntAlu :  D=0x00000000000733a0
1986000: system.cpu: T0 : 0x3af1a    : bne s1, a5, -8             : IntAlu : 
1987000: system.cpu: T0 : 0x3af1e    : beq t3, a1, 48             : IntAlu : 
1987500: system.cpu: T0 : 0x3af4e    : c_li a4, 27                : IntAlu :  D=0x000000000000001b
1988000: system.cpu: T0 : 0x3af50    : sd zero, 0(a2)             : MemWrite :  D=0x0000000000000000 A=0x73370
1988500: system.cpu: T0 : 0x3af54    : sd a4, -1192(gp)           : MemWrite :  D=0x000000000000001b A=0x70b80
1989000: system.cpu: T0 : 0x3af58    : sd zero, 32(s5)            : MemWrite :  D=0x0000000000000000 A=0x73270
1989500: system.cpu: T0 : 0x3af5c    : beq s2, zero, 10           : IntAlu : 
1990000: system.cpu: T0 : 0x3af66    : c_li a5, -1                : IntAlu :  D=0xffffffffffffffff
1990500: system.cpu: T0 : 0x3af68    : sd a5, 48(s3)              : MemWrite :  D=0xffffffffffffffff A=0x6eff0
1991000: system.cpu: T0 : 0x3af6c    : addi sp, s0, -64           : IntAlu :  D=0x7ffffffffffffce0
1991500: system.cpu: T0 : 0x3af70    : c_ldsp ra, 56(sp)          : MemRead :  D=0x0000000000022856 A=0x7ffffffffffffd18
1992000: system.cpu: T0 : 0x3af72    : c_ldsp s0, 48(sp)          : MemRead :  D=0x000000000006ef80 A=0x7ffffffffffffd10
1992500: system.cpu: T0 : 0x3af74    : c_ldsp s1, 40(sp)          : MemRead :  D=0x000000000006fe60 A=0x7ffffffffffffd08
1993000: system.cpu: T0 : 0x3af76    : c_ldsp s2, 32(sp)          : MemRead :  D=0x0000000000072000 A=0x7ffffffffffffd00
1993500: system.cpu: T0 : 0x3af78    : c_ldsp s3, 24(sp)          : MemRead :  D=0x0000000000072000 A=0x7ffffffffffffcf8
1994000: system.cpu: T0 : 0x3af7a    : c_ldsp s4, 16(sp)          : MemRead :  D=0x0000000000070000 A=0x7ffffffffffffcf0
1994500: system.cpu: T0 : 0x3af7c    : c_ldsp s5, 8(sp)           : MemRead :  D=0x0000000000072000 A=0x7ffffffffffffce8
1995000: system.cpu: T0 : 0x3af7e    : c_addi16sp sp, 64          : IntAlu :  D=0x7ffffffffffffd20
1995500: system.cpu: T0 : 0x3af80    : c_jr ra                    : IntAlu : 
1996500: system.cpu: T0 : 0x22856    : lui a5, 114                : IntAlu :  D=0x0000000000072000
1997500: system.cpu: T0 : 0x2285a    : ld a4, -384(a5)            : MemRead :  D=0x0000000000073280 A=0x71e80
1998500: system.cpu: T0 : 0x2285e    : lui a0, 80                 : IntAlu :  D=0x0000000000050000
1999500: system.cpu: T0 : 0x22862    : lui a5, 114                : IntAlu :  D=0x0000000000072000
2000500: system.cpu: T0 : 0x22866    : addi a0, a0, -432          : IntAlu :  D=0x000000000004fe50
2001500: system.cpu: T0 : 0x2286a    : sd a4, -424(a5)            : MemWrite :  D=0x0000000000073280 A=0x71e58
2002500: system.cpu: T0 : 0x2286e    : jal ra, -57838             : IntAlu :  D=0x0000000000022872
2003000: system.cpu: T0 : 0x14680    : c_addi16sp sp, -64         : IntAlu :  D=0x7ffffffffffffce0
2003500: system.cpu: T0 : 0x14682    : c_sdsp s1, 40(sp)          : MemWrite :  D=0x000000000006fe60 A=0x7ffffffffffffd08
2004000: system.cpu: T0 : 0x14684    : ld s1, -1360(gp)           : MemRead :  D=0x7fffffffffffff38 A=0x70ad8
2004500: system.cpu: T0 : 0x14688    : c_sdsp ra, 56(sp)          : MemWrite :  D=0x0000000000022872 A=0x7ffffffffffffd18
2005000: system.cpu: T0 : 0x1468a    : c_sdsp s0, 48(sp)          : MemWrite :  D=0x000000000006ef80 A=0x7ffffffffffffd10
2005500: system.cpu: T0 : 0x1468c    : c_sdsp s2, 32(sp)          : MemWrite :  D=0x0000000000072000 A=0x7ffffffffffffd00
2006000: system.cpu: T0 : 0x1468e    : c_sdsp s3, 24(sp)          : MemWrite :  D=0x0000000000072000 A=0x7ffffffffffffcf8
2006500: system.cpu: T0 : 0x14690    : c_sdsp s4, 16(sp)          : MemWrite :  D=0x0000000000070000 A=0x7ffffffffffffcf0
2007000: system.cpu: T0 : 0x14692    : c_sdsp s5, 8(sp)           : MemWrite :  D=0x0000000000072000 A=0x7ffffffffffffce8
2007500: system.cpu: T0 : 0x14694    : c_sdsp s6, 0(sp)           : MemWrite :  D=0x0000000000072000 A=0x7ffffffffffffce0
2008000: system.cpu: T0 : 0x14696    : c_beqz s1, 210             : IntAlu : 
2008500: system.cpu: T0 : 0x14698    : lbu a5, 0(a0)              : MemRead :  D=0x000000000000004c A=0x4fe50
2009000: system.cpu: T0 : 0x1469c    : c_mv s4, a0                : IntAlu :  D=0x000000000004fe50
2009500: system.cpu: T0 : 0x1469e    : c_beqz a5, 202             : IntAlu : 
2010000: system.cpu: T0 : 0x146a0    : lbu s5, 1(a0)              : MemRead :  D=0x0000000000000044 A=0x4fe51
2010500: system.cpu: T0 : 0x146a4    : slliw s2, a5, 16           : IntAlu :  D=0x00000000004c0000
2011000: system.cpu: T0 : 0x146a8    : c_ld s0, 0(s1)             : MemRead :  D=0x0000000000000000 A=0x7fffffffffffff38
2012000: system.cpu: T0 : 0x146aa    : sraiw s2, s2, 16           : IntAlu :  D=0x000000000000004c
2013000: system.cpu: T0 : 0x146ae    : bne s5, zero, 86           : IntAlu : 
2013500: system.cpu: T0 : 0x14704    : jal ra, 42488              : IntAlu :  D=0x0000000000014708
2014000: system.cpu: T0 : 0x1ecfc    : andi a5, a0, 7             : IntAlu :  D=0x0000000000000000
2014500: system.cpu: T0 : 0x1ed00    : c_beqz a5, 26              : IntAlu : 
2015000: system.cpu: T0 : 0x1ed1a    : c_mv a5, a0                : IntAlu :  D=0x000000000004fe50
2015500: system.cpu: T0 : 0x1ed1c    : ld a6, -2024(gp)           : MemRead :  D=0xfefefefefefefeff A=0x70840
2016000: system.cpu: T0 : 0x1ed20    : ld a1, -2016(gp)           : MemRead :  D=0x8080808080808080 A=0x70848
2016500: system.cpu: T0 : 0x1ed24    : c_ld a2, 0(a5)             : MemRead :  D=0x5f444e49425f444c A=0x4fe50
2017500: system.cpu: T0 : 0x1ed26    : addi a3, a5, 8             : IntAlu :  D=0x000000000004fe58
2018500: system.cpu: T0 : 0x1ed2a    : add a4, a2, a6             : IntAlu :  D=0x5e434d48415e434b
2019500: system.cpu: T0 : 0x1ed2e    : xori a2, a2, 18446744073709551615 : IntAlu :  D=0xa0bbb1b6bda0bbb3
2020000: system.cpu: T0 : 0x1ed32    : c_and a4, a2               : IntAlu :  D=0x0003010001000303
2020500: system.cpu: T0 : 0x1ed34    : c_and a4, a1               : IntAlu :  D=0x0000000000000000
2021000: system.cpu: T0 : 0x1ed36    : c_beqz a4, 50              : IntAlu : 
2021500: system.cpu: T0 : 0x1ed68    : c_mv a5, a3                : IntAlu :  D=0x000000000004fe58
2022000: system.cpu: T0 : 0x1ed6a    : c_j -70                    : IntAlu : 
2022500: system.cpu: T0 : 0x1ed24    : c_ld a2, 0(a5)             : MemRead :  D=0x0000000000574f4e A=0x4fe58
2023500: system.cpu: T0 : 0x1ed26    : addi a3, a5, 8             : IntAlu :  D=0x000000000004fe60
2024500: system.cpu: T0 : 0x1ed2a    : add a4, a2, a6             : IntAlu :  D=0xfefefefeff564e4d
2025500: system.cpu: T0 : 0x1ed2e    : xori a2, a2, 18446744073709551615 : IntAlu :  D=0xffffffffffa8b0b1
2026000: system.cpu: T0 : 0x1ed32    : c_and a4, a2               : IntAlu :  D=0xfefefefeff000001
2026500: system.cpu: T0 : 0x1ed34    : c_and a4, a1               : IntAlu :  D=0x8080808080000000
2027000: system.cpu: T0 : 0x1ed36    : c_beqz a4, 50              : IntAlu : 
2027500: system.cpu: T0 : 0x1ed38    : lbu a4, -8(a3)             : MemRead :  D=0x000000000000004e A=0x4fe58
2028000: system.cpu: T0 : 0x1ed3c    : c_beqz a4, -40             : IntAlu : 
2029000: system.cpu: T0 : 0x1ed3e    : lbu a4, -7(a3)             : MemRead :  D=0x000000000000004f A=0x4fe59
2029500: system.cpu: T0 : 0x1ed42    : c_beqz a4, 50              : IntAlu : 
2030000: system.cpu: T0 : 0x1ed44    : lbu a4, -6(a3)             : MemRead :  D=0x0000000000000057 A=0x4fe5a
2030500: system.cpu: T0 : 0x1ed48    : c_beqz a4, 52              : IntAlu : 
2031500: system.cpu: T0 : 0x1ed4a    : lbu a4, -5(a3)             : MemRead :  D=0x0000000000000000 A=0x4fe5b
2032000: system.cpu: T0 : 0x1ed4e    : c_beqz a4, 54              : IntAlu : 
2032500: system.cpu: T0 : 0x1ed84    : c_sub a5, a0               : IntAlu :  D=0x0000000000000008
2033500: system.cpu: T0 : 0x1ed86    : addi a0, a5, 3             : IntAlu :  D=0x000000000000000b
2034000: system.cpu: T0 : 0x1ed8a    : c_jr ra                    : IntAlu : 
2034500: system.cpu: T0 : 0x14708    : slli a5, s5, 8             : IntAlu :  D=0x0000000000004400
2035000: system.cpu: T0 : 0x1470c    : or a5, s2, a5              : IntAlu :  D=0x000000000000444c
2035500: system.cpu: T0 : 0x14710    : slliw s2, a5, 16           : IntAlu :  D=0x00000000444c0000
2036000: system.cpu: T0 : 0x14714    : c_mv s3, a0                : IntAlu :  D=0x000000000000000b
2037000: system.cpu: T0 : 0x14716    : sraiw s2, s2, 16           : IntAlu :  D=0x000000000000444c
2038000: system.cpu: T0 : 0x1471a    : addi s5, a0, -2            : IntAlu :  D=0x0000000000000009
2038500: system.cpu: T0 : 0x1471e    : c_addi s4, 2               : IntAlu :  D=0x000000000004fe52
2039000: system.cpu: T0 : 0x14720    : c_beqz s0, -50             : IntAlu : 
2039500: system.cpu: T0 : 0x146ee    : c_ldsp ra, 56(sp)          : MemRead :  D=0x0000000000022872 A=0x7ffffffffffffd18
2040000: system.cpu: T0 : 0x146f0    : c_mv a0, s0                : IntAlu :  D=0x0000000000000000
2040500: system.cpu: T0 : 0x146f2    : c_ldsp s0, 48(sp)          : MemRead :  D=0x000000000006ef80 A=0x7ffffffffffffd10
2041000: system.cpu: T0 : 0x146f4    : c_ldsp s1, 40(sp)          : MemRead :  D=0x000000000006fe60 A=0x7ffffffffffffd08
2041500: system.cpu: T0 : 0x146f6    : c_ldsp s2, 32(sp)          : MemRead :  D=0x0000000000072000 A=0x7ffffffffffffd00
2042000: system.cpu: T0 : 0x146f8    : c_ldsp s3, 24(sp)          : MemRead :  D=0x0000000000072000 A=0x7ffffffffffffcf8
2042500: system.cpu: T0 : 0x146fa    : c_ldsp s4, 16(sp)          : MemRead :  D=0x0000000000070000 A=0x7ffffffffffffcf0
2043000: system.cpu: T0 : 0x146fc    : c_ldsp s5, 8(sp)           : MemRead :  D=0x0000000000072000 A=0x7ffffffffffffce8
2043500: system.cpu: T0 : 0x146fe    : c_ldsp s6, 0(sp)           : MemRead :  D=0x0000000000072000 A=0x7ffffffffffffce0
2044000: system.cpu: T0 : 0x14700    : c_addi16sp sp, 64          : IntAlu :  D=0x7ffffffffffffd20
2044500: system.cpu: T0 : 0x14702    : c_jr ra                    : IntAlu : 
2045000: system.cpu: T0 : 0x22872    : c_li a5, 1                 : IntAlu :  D=0x0000000000000001
2045500: system.cpu: T0 : 0x22874    : c_beqz a0, 10              : IntAlu : 
2046500: system.cpu: T0 : 0x2287e    : lui a0, 80                 : IntAlu :  D=0x0000000000050000
2047500: system.cpu: T0 : 0x22882    : lui a4, 114                : IntAlu :  D=0x0000000000072000
2048500: system.cpu: T0 : 0x22886    : addi a0, a0, -416          : IntAlu :  D=0x000000000004fe60
2049500: system.cpu: T0 : 0x2288a    : sw a5, -488(a4)            : MemWrite :  D=0x0000000000000001 A=0x71e18
2050500: system.cpu: T0 : 0x2288e    : jal ra, -57870             : IntAlu :  D=0x0000000000022892
2051000: system.cpu: T0 : 0x14680    : c_addi16sp sp, -64         : IntAlu :  D=0x7ffffffffffffce0
2051500: system.cpu: T0 : 0x14682    : c_sdsp s1, 40(sp)          : MemWrite :  D=0x000000000006fe60 A=0x7ffffffffffffd08
2052000: system.cpu: T0 : 0x14684    : ld s1, -1360(gp)           : MemRead :  D=0x7fffffffffffff38 A=0x70ad8
2052500: system.cpu: T0 : 0x14688    : c_sdsp ra, 56(sp)          : MemWrite :  D=0x0000000000022892 A=0x7ffffffffffffd18
2053000: system.cpu: T0 : 0x1468a    : c_sdsp s0, 48(sp)          : MemWrite :  D=0x000000000006ef80 A=0x7ffffffffffffd10
2053500: system.cpu: T0 : 0x1468c    : c_sdsp s2, 32(sp)          : MemWrite :  D=0x0000000000072000 A=0x7ffffffffffffd00
2054000: system.cpu: T0 : 0x1468e    : c_sdsp s3, 24(sp)          : MemWrite :  D=0x0000000000072000 A=0x7ffffffffffffcf8
2054500: system.cpu: T0 : 0x14690    : c_sdsp s4, 16(sp)          : MemWrite :  D=0x0000000000070000 A=0x7ffffffffffffcf0
2055000: system.cpu: T0 : 0x14692    : c_sdsp s5, 8(sp)           : MemWrite :  D=0x0000000000072000 A=0x7ffffffffffffce8
2055500: system.cpu: T0 : 0x14694    : c_sdsp s6, 0(sp)           : MemWrite :  D=0x0000000000072000 A=0x7ffffffffffffce0
2056000: system.cpu: T0 : 0x14696    : c_beqz s1, 210             : IntAlu : 
2056500: system.cpu: T0 : 0x14698    : lbu a5, 0(a0)              : MemRead :  D=0x000000000000004c A=0x4fe60
2057000: system.cpu: T0 : 0x1469c    : c_mv s4, a0                : IntAlu :  D=0x000000000004fe60
2057500: system.cpu: T0 : 0x1469e    : c_beqz a5, 202             : IntAlu : 
2058000: system.cpu: T0 : 0x146a0    : lbu s5, 1(a0)              : MemRead :  D=0x0000000000000044 A=0x4fe61
2058500: system.cpu: T0 : 0x146a4    : slliw s2, a5, 16           : IntAlu :  D=0x00000000004c0000
2059000: system.cpu: T0 : 0x146a8    : c_ld s0, 0(s1)             : MemRead :  D=0x0000000000000000 A=0x7fffffffffffff38
2060000: system.cpu: T0 : 0x146aa    : sraiw s2, s2, 16           : IntAlu :  D=0x000000000000004c
2061000: system.cpu: T0 : 0x146ae    : bne s5, zero, 86           : IntAlu : 
2061500: system.cpu: T0 : 0x14704    : jal ra, 42488              : IntAlu :  D=0x0000000000014708
2062000: system.cpu: T0 : 0x1ecfc    : andi a5, a0, 7             : IntAlu :  D=0x0000000000000000
2062500: system.cpu: T0 : 0x1ed00    : c_beqz a5, 26              : IntAlu : 
2063000: system.cpu: T0 : 0x1ed1a    : c_mv a5, a0                : IntAlu :  D=0x000000000004fe60
2063500: system.cpu: T0 : 0x1ed1c    : ld a6, -2024(gp)           : MemRead :  D=0xfefefefefefefeff A=0x70840
2064000: system.cpu: T0 : 0x1ed20    : ld a1, -2016(gp)           : MemRead :  D=0x8080808080808080 A=0x70848
2064500: system.cpu: T0 : 0x1ed24    : c_ld a2, 0(a5)             : MemRead :  D=0x5f444e49425f444c A=0x4fe60
2065500: system.cpu: T0 : 0x1ed26    : addi a3, a5, 8             : IntAlu :  D=0x000000000004fe68
2066500: system.cpu: T0 : 0x1ed2a    : add a4, a2, a6             : IntAlu :  D=0x5e434d48415e434b
2067500: system.cpu: T0 : 0x1ed2e    : xori a2, a2, 18446744073709551615 : IntAlu :  D=0xa0bbb1b6bda0bbb3
2068000: system.cpu: T0 : 0x1ed32    : c_and a4, a2               : IntAlu :  D=0x0003010001000303
2068500: system.cpu: T0 : 0x1ed34    : c_and a4, a1               : IntAlu :  D=0x0000000000000000
2069000: system.cpu: T0 : 0x1ed36    : c_beqz a4, 50              : IntAlu : 
2069500: system.cpu: T0 : 0x1ed68    : c_mv a5, a3                : IntAlu :  D=0x000000000004fe68
2070000: system.cpu: T0 : 0x1ed6a    : c_j -70                    : IntAlu : 
2070500: system.cpu: T0 : 0x1ed24    : c_ld a2, 0(a5)             : MemRead :  D=0x0000000000544f4e A=0x4fe68
2071500: system.cpu: T0 : 0x1ed26    : addi a3, a5, 8             : IntAlu :  D=0x000000000004fe70
2072500: system.cpu: T0 : 0x1ed2a    : add a4, a2, a6             : IntAlu :  D=0xfefefefeff534e4d
2073500: system.cpu: T0 : 0x1ed2e    : xori a2, a2, 18446744073709551615 : IntAlu :  D=0xffffffffffabb0b1
2074000: system.cpu: T0 : 0x1ed32    : c_and a4, a2               : IntAlu :  D=0xfefefefeff030001
2074500: system.cpu: T0 : 0x1ed34    : c_and a4, a1               : IntAlu :  D=0x8080808080000000
2075000: system.cpu: T0 : 0x1ed36    : c_beqz a4, 50              : IntAlu : 
2075500: system.cpu: T0 : 0x1ed38    : lbu a4, -8(a3)             : MemRead :  D=0x000000000000004e A=0x4fe68
2076000: system.cpu: T0 : 0x1ed3c    : c_beqz a4, -40             : IntAlu : 
2077000: system.cpu: T0 : 0x1ed3e    : lbu a4, -7(a3)             : MemRead :  D=0x000000000000004f A=0x4fe69
2077500: system.cpu: T0 : 0x1ed42    : c_beqz a4, 50              : IntAlu : 
2078000: system.cpu: T0 : 0x1ed44    : lbu a4, -6(a3)             : MemRead :  D=0x0000000000000054 A=0x4fe6a
2078500: system.cpu: T0 : 0x1ed48    : c_beqz a4, 52              : IntAlu : 
2079500: system.cpu: T0 : 0x1ed4a    : lbu a4, -5(a3)             : MemRead :  D=0x0000000000000000 A=0x4fe6b
2080000: system.cpu: T0 : 0x1ed4e    : c_beqz a4, 54              : IntAlu : 
2080500: system.cpu: T0 : 0x1ed84    : c_sub a5, a0               : IntAlu :  D=0x0000000000000008
2081500: system.cpu: T0 : 0x1ed86    : addi a0, a5, 3             : IntAlu :  D=0x000000000000000b
2082000: system.cpu: T0 : 0x1ed8a    : c_jr ra                    : IntAlu : 
2082500: system.cpu: T0 : 0x14708    : slli a5, s5, 8             : IntAlu :  D=0x0000000000004400
2083000: system.cpu: T0 : 0x1470c    : or a5, s2, a5              : IntAlu :  D=0x000000000000444c
2083500: system.cpu: T0 : 0x14710    : slliw s2, a5, 16           : IntAlu :  D=0x00000000444c0000
2084000: system.cpu: T0 : 0x14714    : c_mv s3, a0                : IntAlu :  D=0x000000000000000b
2085000: system.cpu: T0 : 0x14716    : sraiw s2, s2, 16           : IntAlu :  D=0x000000000000444c
2086000: system.cpu: T0 : 0x1471a    : addi s5, a0, -2            : IntAlu :  D=0x0000000000000009
2086500: system.cpu: T0 : 0x1471e    : c_addi s4, 2               : IntAlu :  D=0x000000000004fe62
2087000: system.cpu: T0 : 0x14720    : c_beqz s0, -50             : IntAlu : 
2087500: system.cpu: T0 : 0x146ee    : c_ldsp ra, 56(sp)          : MemRead :  D=0x0000000000022892 A=0x7ffffffffffffd18
2088000: system.cpu: T0 : 0x146f0    : c_mv a0, s0                : IntAlu :  D=0x0000000000000000
2088500: system.cpu: T0 : 0x146f2    : c_ldsp s0, 48(sp)          : MemRead :  D=0x000000000006ef80 A=0x7ffffffffffffd10
2089000: system.cpu: T0 : 0x146f4    : c_ldsp s1, 40(sp)          : MemRead :  D=0x000000000006fe60 A=0x7ffffffffffffd08
2089500: system.cpu: T0 : 0x146f6    : c_ldsp s2, 32(sp)          : MemRead :  D=0x0000000000072000 A=0x7ffffffffffffd00
2090000: system.cpu: T0 : 0x146f8    : c_ldsp s3, 24(sp)          : MemRead :  D=0x0000000000072000 A=0x7ffffffffffffcf8
2090500: system.cpu: T0 : 0x146fa    : c_ldsp s4, 16(sp)          : MemRead :  D=0x0000000000070000 A=0x7ffffffffffffcf0
2091000: system.cpu: T0 : 0x146fc    : c_ldsp s5, 8(sp)           : MemRead :  D=0x0000000000072000 A=0x7ffffffffffffce8
2091500: system.cpu: T0 : 0x146fe    : c_ldsp s6, 0(sp)           : MemRead :  D=0x0000000000072000 A=0x7ffffffffffffce0
2092000: system.cpu: T0 : 0x14700    : c_addi16sp sp, 64          : IntAlu :  D=0x7ffffffffffffd20
2092500: system.cpu: T0 : 0x14702    : c_jr ra                    : IntAlu : 
2093000: system.cpu: T0 : 0x22892    : c_li a5, 0                 : IntAlu :  D=0x0000000000000000
2093500: system.cpu: T0 : 0x22894    : c_beqz a0, 10              : IntAlu : 
2094500: system.cpu: T0 : 0x2289e    : lui a0, 80                 : IntAlu :  D=0x0000000000050000
2095500: system.cpu: T0 : 0x228a2    : lui a4, 114                : IntAlu :  D=0x0000000000072000
2096500: system.cpu: T0 : 0x228a6    : addi a0, a0, -400          : IntAlu :  D=0x000000000004fe70
2097500: system.cpu: T0 : 0x228aa    : sw a5, -512(a4)            : MemWrite :  D=0x0000000000000000 A=0x71e00
2098500: system.cpu: T0 : 0x228ae    : jal ra, -57902             : IntAlu :  D=0x00000000000228b2
2099000: system.cpu: T0 : 0x14680    : c_addi16sp sp, -64         : IntAlu :  D=0x7ffffffffffffce0
2099500: system.cpu: T0 : 0x14682    : c_sdsp s1, 40(sp)          : MemWrite :  D=0x000000000006fe60 A=0x7ffffffffffffd08
2100000: system.cpu: T0 : 0x14684    : ld s1, -1360(gp)           : MemRead :  D=0x7fffffffffffff38 A=0x70ad8
2100500: system.cpu: T0 : 0x14688    : c_sdsp ra, 56(sp)          : MemWrite :  D=0x00000000000228b2 A=0x7ffffffffffffd18
2101000: system.cpu: T0 : 0x1468a    : c_sdsp s0, 48(sp)          : MemWrite :  D=0x000000000006ef80 A=0x7ffffffffffffd10
2101500: system.cpu: T0 : 0x1468c    : c_sdsp s2, 32(sp)          : MemWrite :  D=0x0000000000072000 A=0x7ffffffffffffd00
2102000: system.cpu: T0 : 0x1468e    : c_sdsp s3, 24(sp)          : MemWrite :  D=0x0000000000072000 A=0x7ffffffffffffcf8
2102500: system.cpu: T0 : 0x14690    : c_sdsp s4, 16(sp)          : MemWrite :  D=0x0000000000070000 A=0x7ffffffffffffcf0
2103000: system.cpu: T0 : 0x14692    : c_sdsp s5, 8(sp)           : MemWrite :  D=0x0000000000072000 A=0x7ffffffffffffce8
2103500: system.cpu: T0 : 0x14694    : c_sdsp s6, 0(sp)           : MemWrite :  D=0x0000000000072000 A=0x7ffffffffffffce0
2104000: system.cpu: T0 : 0x14696    : c_beqz s1, 210             : IntAlu : 
2104500: system.cpu: T0 : 0x14698    : lbu a5, 0(a0)              : MemRead :  D=0x000000000000004c A=0x4fe70
2105000: system.cpu: T0 : 0x1469c    : c_mv s4, a0                : IntAlu :  D=0x000000000004fe70
2105500: system.cpu: T0 : 0x1469e    : c_beqz a5, 202             : IntAlu : 
2106000: system.cpu: T0 : 0x146a0    : lbu s5, 1(a0)              : MemRead :  D=0x0000000000000044 A=0x4fe71
2106500: system.cpu: T0 : 0x146a4    : slliw s2, a5, 16           : IntAlu :  D=0x00000000004c0000
2107000: system.cpu: T0 : 0x146a8    : c_ld s0, 0(s1)             : MemRead :  D=0x0000000000000000 A=0x7fffffffffffff38
2108000: system.cpu: T0 : 0x146aa    : sraiw s2, s2, 16           : IntAlu :  D=0x000000000000004c
2109000: system.cpu: T0 : 0x146ae    : bne s5, zero, 86           : IntAlu : 
2109500: system.cpu: T0 : 0x14704    : jal ra, 42488              : IntAlu :  D=0x0000000000014708
2110000: system.cpu: T0 : 0x1ecfc    : andi a5, a0, 7             : IntAlu :  D=0x0000000000000000
2110500: system.cpu: T0 : 0x1ed00    : c_beqz a5, 26              : IntAlu : 
2111000: system.cpu: T0 : 0x1ed1a    : c_mv a5, a0                : IntAlu :  D=0x000000000004fe70
2111500: system.cpu: T0 : 0x1ed1c    : ld a6, -2024(gp)           : MemRead :  D=0xfefefefefefefeff A=0x70840
2112000: system.cpu: T0 : 0x1ed20    : ld a1, -2016(gp)           : MemRead :  D=0x8080808080808080 A=0x70848
2112500: system.cpu: T0 : 0x1ed24    : c_ld a2, 0(a5)             : MemRead :  D=0x4d414e59445f444c A=0x4fe70
2113500: system.cpu: T0 : 0x1ed26    : addi a3, a5, 8             : IntAlu :  D=0x000000000004fe78
2114500: system.cpu: T0 : 0x1ed2a    : add a4, a2, a6             : IntAlu :  D=0x4c404d58435e434b
2115500: system.cpu: T0 : 0x1ed2e    : xori a2, a2, 18446744073709551615 : IntAlu :  D=0xb2beb1a6bba0bbb3
2116000: system.cpu: T0 : 0x1ed32    : c_and a4, a2               : IntAlu :  D=0x0000010003000303
2116500: system.cpu: T0 : 0x1ed34    : c_and a4, a1               : IntAlu :  D=0x0000000000000000
2117000: system.cpu: T0 : 0x1ed36    : c_beqz a4, 50              : IntAlu : 
2117500: system.cpu: T0 : 0x1ed68    : c_mv a5, a3                : IntAlu :  D=0x000000000004fe78
2118000: system.cpu: T0 : 0x1ed6a    : c_j -70                    : IntAlu : 
2118500: system.cpu: T0 : 0x1ed24    : c_ld a2, 0(a5)             : MemRead :  D=0x004b4145575f4349 A=0x4fe78
2119500: system.cpu: T0 : 0x1ed26    : addi a3, a5, 8             : IntAlu :  D=0x000000000004fe80
2120500: system.cpu: T0 : 0x1ed2a    : add a4, a2, a6             : IntAlu :  D=0xff4a4044565e4248
2121500: system.cpu: T0 : 0x1ed2e    : xori a2, a2, 18446744073709551615 : IntAlu :  D=0xffb4bebaa8a0bcb6
2122000: system.cpu: T0 : 0x1ed32    : c_and a4, a2               : IntAlu :  D=0xff00000000000000
2122500: system.cpu: T0 : 0x1ed34    : c_and a4, a1               : IntAlu :  D=0x8000000000000000
2123000: system.cpu: T0 : 0x1ed36    : c_beqz a4, 50              : IntAlu : 
2123500: system.cpu: T0 : 0x1ed38    : lbu a4, -8(a3)             : MemRead :  D=0x0000000000000049 A=0x4fe78
2124000: system.cpu: T0 : 0x1ed3c    : c_beqz a4, -40             : IntAlu : 
2125000: system.cpu: T0 : 0x1ed3e    : lbu a4, -7(a3)             : MemRead :  D=0x0000000000000043 A=0x4fe79
2125500: system.cpu: T0 : 0x1ed42    : c_beqz a4, 50              : IntAlu : 
2126000: system.cpu: T0 : 0x1ed44    : lbu a4, -6(a3)             : MemRead :  D=0x000000000000005f A=0x4fe7a
2126500: system.cpu: T0 : 0x1ed48    : c_beqz a4, 52              : IntAlu : 
2127500: system.cpu: T0 : 0x1ed4a    : lbu a4, -5(a3)             : MemRead :  D=0x0000000000000057 A=0x4fe7b
2128000: system.cpu: T0 : 0x1ed4e    : c_beqz a4, 54              : IntAlu : 
2128500: system.cpu: T0 : 0x1ed50    : lbu a4, -4(a3)             : MemRead :  D=0x0000000000000045 A=0x4fe7c
2129000: system.cpu: T0 : 0x1ed54    : c_beqz a4, 56              : IntAlu : 
2130000: system.cpu: T0 : 0x1ed56    : lbu a4, -3(a3)             : MemRead :  D=0x0000000000000041 A=0x4fe7d
2130500: system.cpu: T0 : 0x1ed5a    : c_beqz a4, 58              : IntAlu : 
2131000: system.cpu: T0 : 0x1ed5c    : lbu a4, -2(a3)             : MemRead :  D=0x000000000000004b A=0x4fe7e
2131500: system.cpu: T0 : 0x1ed60    : c_beqz a4, 60              : IntAlu : 
2132500: system.cpu: T0 : 0x1ed62    : lbu a4, -1(a3)             : MemRead :  D=0x0000000000000000 A=0x4fe7f
2133000: system.cpu: T0 : 0x1ed66    : c_beqz a4, 6               : IntAlu : 
2133500: system.cpu: T0 : 0x1ed6c    : c_sub a5, a0               : IntAlu :  D=0x0000000000000008
2134500: system.cpu: T0 : 0x1ed6e    : addi a0, a5, 7             : IntAlu :  D=0x000000000000000f
2135000: system.cpu: T0 : 0x1ed72    : c_jr ra                    : IntAlu : 
2135500: system.cpu: T0 : 0x14708    : slli a5, s5, 8             : IntAlu :  D=0x0000000000004400
2136000: system.cpu: T0 : 0x1470c    : or a5, s2, a5              : IntAlu :  D=0x000000000000444c
2136500: system.cpu: T0 : 0x14710    : slliw s2, a5, 16           : IntAlu :  D=0x00000000444c0000
2137000: system.cpu: T0 : 0x14714    : c_mv s3, a0                : IntAlu :  D=0x000000000000000f
2138000: system.cpu: T0 : 0x14716    : sraiw s2, s2, 16           : IntAlu :  D=0x000000000000444c
2139000: system.cpu: T0 : 0x1471a    : addi s5, a0, -2            : IntAlu :  D=0x000000000000000d
2139500: system.cpu: T0 : 0x1471e    : c_addi s4, 2               : IntAlu :  D=0x000000000004fe72
2140000: system.cpu: T0 : 0x14720    : c_beqz s0, -50             : IntAlu : 
2140500: system.cpu: T0 : 0x146ee    : c_ldsp ra, 56(sp)          : MemRead :  D=0x00000000000228b2 A=0x7ffffffffffffd18
2141000: system.cpu: T0 : 0x146f0    : c_mv a0, s0                : IntAlu :  D=0x0000000000000000
2141500: system.cpu: T0 : 0x146f2    : c_ldsp s0, 48(sp)          : MemRead :  D=0x000000000006ef80 A=0x7ffffffffffffd10
2142000: system.cpu: T0 : 0x146f4    : c_ldsp s1, 40(sp)          : MemRead :  D=0x000000000006fe60 A=0x7ffffffffffffd08
2142500: system.cpu: T0 : 0x146f6    : c_ldsp s2, 32(sp)          : MemRead :  D=0x0000000000072000 A=0x7ffffffffffffd00
2143000: system.cpu: T0 : 0x146f8    : c_ldsp s3, 24(sp)          : MemRead :  D=0x0000000000072000 A=0x7ffffffffffffcf8
2143500: system.cpu: T0 : 0x146fa    : c_ldsp s4, 16(sp)          : MemRead :  D=0x0000000000070000 A=0x7ffffffffffffcf0
2144000: system.cpu: T0 : 0x146fc    : c_ldsp s5, 8(sp)           : MemRead :  D=0x0000000000072000 A=0x7ffffffffffffce8
2144500: system.cpu: T0 : 0x146fe    : c_ldsp s6, 0(sp)           : MemRead :  D=0x0000000000072000 A=0x7ffffffffffffce0
2145000: system.cpu: T0 : 0x14700    : c_addi16sp sp, 64          : IntAlu :  D=0x7ffffffffffffd20
2145500: system.cpu: T0 : 0x14702    : c_jr ra                    : IntAlu : 
2146000: system.cpu: T0 : 0x228b2    : c_li a5, 1                 : IntAlu :  D=0x0000000000000001
2146500: system.cpu: T0 : 0x228b4    : c_beqz a0, 10              : IntAlu : 
2147500: system.cpu: T0 : 0x228be    : lui a0, 80                 : IntAlu :  D=0x0000000000050000
2148500: system.cpu: T0 : 0x228c2    : lui a4, 114                : IntAlu :  D=0x0000000000072000
2149500: system.cpu: T0 : 0x228c6    : addi a0, a0, -384          : IntAlu :  D=0x000000000004fe80
2150500: system.cpu: T0 : 0x228ca    : sw a5, -436(a4)            : MemWrite :  D=0x0000000000000001 A=0x71e4c
2151500: system.cpu: T0 : 0x228ce    : jal ra, -57934             : IntAlu :  D=0x00000000000228d2
2152000: system.cpu: T0 : 0x14680    : c_addi16sp sp, -64         : IntAlu :  D=0x7ffffffffffffce0
2152500: system.cpu: T0 : 0x14682    : c_sdsp s1, 40(sp)          : MemWrite :  D=0x000000000006fe60 A=0x7ffffffffffffd08
2153000: system.cpu: T0 : 0x14684    : ld s1, -1360(gp)           : MemRead :  D=0x7fffffffffffff38 A=0x70ad8
2153500: system.cpu: T0 : 0x14688    : c_sdsp ra, 56(sp)          : MemWrite :  D=0x00000000000228d2 A=0x7ffffffffffffd18
2154000: system.cpu: T0 : 0x1468a    : c_sdsp s0, 48(sp)          : MemWrite :  D=0x000000000006ef80 A=0x7ffffffffffffd10
2154500: system.cpu: T0 : 0x1468c    : c_sdsp s2, 32(sp)          : MemWrite :  D=0x0000000000072000 A=0x7ffffffffffffd00
2155000: system.cpu: T0 : 0x1468e    : c_sdsp s3, 24(sp)          : MemWrite :  D=0x0000000000072000 A=0x7ffffffffffffcf8
2155500: system.cpu: T0 : 0x14690    : c_sdsp s4, 16(sp)          : MemWrite :  D=0x0000000000070000 A=0x7ffffffffffffcf0
2156000: system.cpu: T0 : 0x14692    : c_sdsp s5, 8(sp)           : MemWrite :  D=0x0000000000072000 A=0x7ffffffffffffce8
2156500: system.cpu: T0 : 0x14694    : c_sdsp s6, 0(sp)           : MemWrite :  D=0x0000000000072000 A=0x7ffffffffffffce0
2157000: system.cpu: T0 : 0x14696    : c_beqz s1, 210             : IntAlu : 
2157500: system.cpu: T0 : 0x14698    : lbu a5, 0(a0)              : MemRead :  D=0x000000000000004c A=0x4fe80
2158000: system.cpu: T0 : 0x1469c    : c_mv s4, a0                : IntAlu :  D=0x000000000004fe80
2158500: system.cpu: T0 : 0x1469e    : c_beqz a5, 202             : IntAlu : 
2159000: system.cpu: T0 : 0x146a0    : lbu s5, 1(a0)              : MemRead :  D=0x0000000000000044 A=0x4fe81
2159500: system.cpu: T0 : 0x146a4    : slliw s2, a5, 16           : IntAlu :  D=0x00000000004c0000
2160000: system.cpu: T0 : 0x146a8    : c_ld s0, 0(s1)             : MemRead :  D=0x0000000000000000 A=0x7fffffffffffff38
2161000: system.cpu: T0 : 0x146aa    : sraiw s2, s2, 16           : IntAlu :  D=0x000000000000004c
2162000: system.cpu: T0 : 0x146ae    : bne s5, zero, 86           : IntAlu : 
2162500: system.cpu: T0 : 0x14704    : jal ra, 42488              : IntAlu :  D=0x0000000000014708
2163000: system.cpu: T0 : 0x1ecfc    : andi a5, a0, 7             : IntAlu :  D=0x0000000000000000
2163500: system.cpu: T0 : 0x1ed00    : c_beqz a5, 26              : IntAlu : 
2164000: system.cpu: T0 : 0x1ed1a    : c_mv a5, a0                : IntAlu :  D=0x000000000004fe80
2164500: system.cpu: T0 : 0x1ed1c    : ld a6, -2024(gp)           : MemRead :  D=0xfefefefefefefeff A=0x70840
2165000: system.cpu: T0 : 0x1ed20    : ld a1, -2016(gp)           : MemRead :  D=0x8080808080808080 A=0x70848
2165500: system.cpu: T0 : 0x1ed24    : c_ld a2, 0(a5)             : MemRead :  D=0x49464f52505f444c A=0x4fe80
2166500: system.cpu: T0 : 0x1ed26    : addi a3, a5, 8             : IntAlu :  D=0x000000000004fe88
2167500: system.cpu: T0 : 0x1ed2a    : add a4, a2, a6             : IntAlu :  D=0x48454e514f5e434b
2168500: system.cpu: T0 : 0x1ed2e    : xori a2, a2, 18446744073709551615 : IntAlu :  D=0xb6b9b0adafa0bbb3
2169000: system.cpu: T0 : 0x1ed32    : c_and a4, a2               : IntAlu :  D=0x000100010f000303
2169500: system.cpu: T0 : 0x1ed34    : c_and a4, a1               : IntAlu :  D=0x0000000000000000
2170000: system.cpu: T0 : 0x1ed36    : c_beqz a4, 50              : IntAlu : 
2170500: system.cpu: T0 : 0x1ed68    : c_mv a5, a3                : IntAlu :  D=0x000000000004fe88
2171000: system.cpu: T0 : 0x1ed6a    : c_j -70                    : IntAlu : 
2171500: system.cpu: T0 : 0x1ed24    : c_ld a2, 0(a5)             : MemRead :  D=0x555054554f5f454c A=0x4fe88
2172500: system.cpu: T0 : 0x1ed26    : addi a3, a5, 8             : IntAlu :  D=0x000000000004fe90
2173500: system.cpu: T0 : 0x1ed2a    : add a4, a2, a6             : IntAlu :  D=0x544f53544e5e444b
2174500: system.cpu: T0 : 0x1ed2e    : xori a2, a2, 18446744073709551615 : IntAlu :  D=0xaaafabaab0a0bab3
2175000: system.cpu: T0 : 0x1ed32    : c_and a4, a2               : IntAlu :  D=0x000f030000000003
2175500: system.cpu: T0 : 0x1ed34    : c_and a4, a1               : IntAlu :  D=0x0000000000000000
2176000: system.cpu: T0 : 0x1ed36    : c_beqz a4, 50              : IntAlu : 
2176500: system.cpu: T0 : 0x1ed68    : c_mv a5, a3                : IntAlu :  D=0x000000000004fe90
2177000: system.cpu: T0 : 0x1ed6a    : c_j -70                    : IntAlu : 
2177500: system.cpu: T0 : 0x1ed24    : c_ld a2, 0(a5)             : MemRead :  D=0x0000000000000054 A=0x4fe90
2178500: system.cpu: T0 : 0x1ed26    : addi a3, a5, 8             : IntAlu :  D=0x000000000004fe98
2179500: system.cpu: T0 : 0x1ed2a    : add a4, a2, a6             : IntAlu :  D=0xfefefefefefeff53
2180500: system.cpu: T0 : 0x1ed2e    : xori a2, a2, 18446744073709551615 : IntAlu :  D=0xffffffffffffffab
2181000: system.cpu: T0 : 0x1ed32    : c_and a4, a2               : IntAlu :  D=0xfefefefefefeff03
2181500: system.cpu: T0 : 0x1ed34    : c_and a4, a1               : IntAlu :  D=0x8080808080808000
2182000: system.cpu: T0 : 0x1ed36    : c_beqz a4, 50              : IntAlu : 
2182500: system.cpu: T0 : 0x1ed38    : lbu a4, -8(a3)             : MemRead :  D=0x0000000000000054 A=0x4fe90
2183000: system.cpu: T0 : 0x1ed3c    : c_beqz a4, -40             : IntAlu : 
2184000: system.cpu: T0 : 0x1ed3e    : lbu a4, -7(a3)             : MemRead :  D=0x0000000000000000 A=0x4fe91
2184500: system.cpu: T0 : 0x1ed42    : c_beqz a4, 50              : IntAlu : 
2185000: system.cpu: T0 : 0x1ed74    : c_sub a5, a0               : IntAlu :  D=0x0000000000000010
2186000: system.cpu: T0 : 0x1ed76    : addi a0, a5, 1             : IntAlu :  D=0x0000000000000011
2186500: system.cpu: T0 : 0x1ed7a    : c_jr ra                    : IntAlu : 
2187000: system.cpu: T0 : 0x14708    : slli a5, s5, 8             : IntAlu :  D=0x0000000000004400
2187500: system.cpu: T0 : 0x1470c    : or a5, s2, a5              : IntAlu :  D=0x000000000000444c
2188000: system.cpu: T0 : 0x14710    : slliw s2, a5, 16           : IntAlu :  D=0x00000000444c0000
2188500: system.cpu: T0 : 0x14714    : c_mv s3, a0                : IntAlu :  D=0x0000000000000011
2189500: system.cpu: T0 : 0x14716    : sraiw s2, s2, 16           : IntAlu :  D=0x000000000000444c
2190500: system.cpu: T0 : 0x1471a    : addi s5, a0, -2            : IntAlu :  D=0x000000000000000f
2191000: system.cpu: T0 : 0x1471e    : c_addi s4, 2               : IntAlu :  D=0x000000000004fe82
2191500: system.cpu: T0 : 0x14720    : c_beqz s0, -50             : IntAlu : 
2192000: system.cpu: T0 : 0x146ee    : c_ldsp ra, 56(sp)          : MemRead :  D=0x00000000000228d2 A=0x7ffffffffffffd18
2192500: system.cpu: T0 : 0x146f0    : c_mv a0, s0                : IntAlu :  D=0x0000000000000000
2193000: system.cpu: T0 : 0x146f2    : c_ldsp s0, 48(sp)          : MemRead :  D=0x000000000006ef80 A=0x7ffffffffffffd10
2193500: system.cpu: T0 : 0x146f4    : c_ldsp s1, 40(sp)          : MemRead :  D=0x000000000006fe60 A=0x7ffffffffffffd08
2194000: system.cpu: T0 : 0x146f6    : c_ldsp s2, 32(sp)          : MemRead :  D=0x0000000000072000 A=0x7ffffffffffffd00
2194500: system.cpu: T0 : 0x146f8    : c_ldsp s3, 24(sp)          : MemRead :  D=0x0000000000072000 A=0x7ffffffffffffcf8
2195000: system.cpu: T0 : 0x146fa    : c_ldsp s4, 16(sp)          : MemRead :  D=0x0000000000070000 A=0x7ffffffffffffcf0
2195500: system.cpu: T0 : 0x146fc    : c_ldsp s5, 8(sp)           : MemRead :  D=0x0000000000072000 A=0x7ffffffffffffce8
2196000: system.cpu: T0 : 0x146fe    : c_ldsp s6, 0(sp)           : MemRead :  D=0x0000000000072000 A=0x7ffffffffffffce0
2196500: system.cpu: T0 : 0x14700    : c_addi16sp sp, 64          : IntAlu :  D=0x7ffffffffffffd20
2197000: system.cpu: T0 : 0x14702    : c_jr ra                    : IntAlu : 
2198000: system.cpu: T0 : 0x228d2    : lui a4, 114                : IntAlu :  D=0x0000000000072000
2199000: system.cpu: T0 : 0x228d6    : sd a0, -552(a4)            : MemWrite :  D=0x0000000000000000 A=0x71dd8
2200000: system.cpu: T0 : 0x228da    : beq a0, zero, 550          : IntAlu : 
2200500: system.cpu: T0 : 0x22b00    : lui a5, 111                : IntAlu :  D=0x000000000006f000
2201000: system.cpu: T0 : 0x22b04    : lw a5, -72(a5)             : MemRead :  D=0x0000000000000000 A=0x6efb8
2201500: system.cpu: T0 : 0x22b08    : c_beqz a5, -140            : IntAlu : 
2202000: system.cpu: T0 : 0x22a7c    : lui a3, 80                 : IntAlu :  D=0x0000000000050000
2202500: system.cpu: T0 : 0x22a80    : addi a3, a3, -1104         : IntAlu :  D=0x000000000004fbb0
2203000: system.cpu: T0 : 0x22a84    : c_j -396                   : IntAlu : 
2203500: system.cpu: T0 : 0x228f8    : sd a3, -552(a4)            : MemWrite :  D=0x000000000004fbb0 A=0x71dd8
2204000: system.cpu: T0 : 0x228fc    : bne a5, zero, 344          : IntAlu : 
2204500: system.cpu: T0 : 0x22900    : lui a0, 80                 : IntAlu :  D=0x0000000000050000
2205000: system.cpu: T0 : 0x22904    : addi a0, a0, -360          : IntAlu :  D=0x000000000004fe98
2205500: system.cpu: T0 : 0x22908    : jal ra, -57992             : IntAlu :  D=0x000000000002290c
2206000: system.cpu: T0 : 0x14680    : c_addi16sp sp, -64         : IntAlu :  D=0x7ffffffffffffce0
2206500: system.cpu: T0 : 0x14682    : c_sdsp s1, 40(sp)          : MemWrite :  D=0x000000000006fe60 A=0x7ffffffffffffd08
2207000: system.cpu: T0 : 0x14684    : ld s1, -1360(gp)           : MemRead :  D=0x7fffffffffffff38 A=0x70ad8
2207500: system.cpu: T0 : 0x14688    : c_sdsp ra, 56(sp)          : MemWrite :  D=0x000000000002290c A=0x7ffffffffffffd18
2208000: system.cpu: T0 : 0x1468a    : c_sdsp s0, 48(sp)          : MemWrite :  D=0x000000000006ef80 A=0x7ffffffffffffd10
2208500: system.cpu: T0 : 0x1468c    : c_sdsp s2, 32(sp)          : MemWrite :  D=0x0000000000072000 A=0x7ffffffffffffd00
2209000: system.cpu: T0 : 0x1468e    : c_sdsp s3, 24(sp)          : MemWrite :  D=0x0000000000072000 A=0x7ffffffffffffcf8
2209500: system.cpu: T0 : 0x14690    : c_sdsp s4, 16(sp)          : MemWrite :  D=0x0000000000070000 A=0x7ffffffffffffcf0
2210000: system.cpu: T0 : 0x14692    : c_sdsp s5, 8(sp)           : MemWrite :  D=0x0000000000072000 A=0x7ffffffffffffce8
2210500: system.cpu: T0 : 0x14694    : c_sdsp s6, 0(sp)           : MemWrite :  D=0x0000000000072000 A=0x7ffffffffffffce0
2211000: system.cpu: T0 : 0x14696    : c_beqz s1, 210             : IntAlu : 
2211500: system.cpu: T0 : 0x14698    : lbu a5, 0(a0)              : MemRead :  D=0x000000000000004c A=0x4fe98
2212000: system.cpu: T0 : 0x1469c    : c_mv s4, a0                : IntAlu :  D=0x000000000004fe98
2212500: system.cpu: T0 : 0x1469e    : c_beqz a5, 202             : IntAlu : 
2213000: system.cpu: T0 : 0x146a0    : lbu s5, 1(a0)              : MemRead :  D=0x0000000000000044 A=0x4fe99
2213500: system.cpu: T0 : 0x146a4    : slliw s2, a5, 16           : IntAlu :  D=0x00000000004c0000
2214000: system.cpu: T0 : 0x146a8    : c_ld s0, 0(s1)             : MemRead :  D=0x0000000000000000 A=0x7fffffffffffff38
2215000: system.cpu: T0 : 0x146aa    : sraiw s2, s2, 16           : IntAlu :  D=0x000000000000004c
2216000: system.cpu: T0 : 0x146ae    : bne s5, zero, 86           : IntAlu : 
2216500: system.cpu: T0 : 0x14704    : jal ra, 42488              : IntAlu :  D=0x0000000000014708
2217000: system.cpu: T0 : 0x1ecfc    : andi a5, a0, 7             : IntAlu :  D=0x0000000000000000
2217500: system.cpu: T0 : 0x1ed00    : c_beqz a5, 26              : IntAlu : 
2218000: system.cpu: T0 : 0x1ed1a    : c_mv a5, a0                : IntAlu :  D=0x000000000004fe98
2218500: system.cpu: T0 : 0x1ed1c    : ld a6, -2024(gp)           : MemRead :  D=0xfefefefefefefeff A=0x70840
2219000: system.cpu: T0 : 0x1ed20    : ld a1, -2016(gp)           : MemRead :  D=0x8080808080808080 A=0x70848
2219500: system.cpu: T0 : 0x1ed24    : c_ld a2, 0(a5)             : MemRead :  D=0x4d555353415f444c A=0x4fe98
2220500: system.cpu: T0 : 0x1ed26    : addi a3, a5, 8             : IntAlu :  D=0x000000000004fea0
2221500: system.cpu: T0 : 0x1ed2a    : add a4, a2, a6             : IntAlu :  D=0x4c545252405e434b
2222500: system.cpu: T0 : 0x1ed2e    : xori a2, a2, 18446744073709551615 : IntAlu :  D=0xb2aaacacbea0bbb3
2223000: system.cpu: T0 : 0x1ed32    : c_and a4, a2               : IntAlu :  D=0x0000000000000303
2223500: system.cpu: T0 : 0x1ed34    : c_and a4, a1               : IntAlu :  D=0x0000000000000000
2224000: system.cpu: T0 : 0x1ed36    : c_beqz a4, 50              : IntAlu : 
2224500: system.cpu: T0 : 0x1ed68    : c_mv a5, a3                : IntAlu :  D=0x000000000004fea0
2225000: system.cpu: T0 : 0x1ed6a    : c_j -70                    : IntAlu : 
2225500: system.cpu: T0 : 0x1ed24    : c_ld a2, 0(a5)             : MemRead :  D=0x4c454e52454b5f45 A=0x4fea0
2226500: system.cpu: T0 : 0x1ed26    : addi a3, a5, 8             : IntAlu :  D=0x000000000004fea8
2227500: system.cpu: T0 : 0x1ed2a    : add a4, a2, a6             : IntAlu :  D=0x4b444d51444a5e44
2228500: system.cpu: T0 : 0x1ed2e    : xori a2, a2, 18446744073709551615 : IntAlu :  D=0xb3bab1adbab4a0ba
2229000: system.cpu: T0 : 0x1ed32    : c_and a4, a2               : IntAlu :  D=0x0300010100000000
2229500: system.cpu: T0 : 0x1ed34    : c_and a4, a1               : IntAlu :  D=0x0000000000000000
2230000: system.cpu: T0 : 0x1ed36    : c_beqz a4, 50              : IntAlu : 
2230500: system.cpu: T0 : 0x1ed68    : c_mv a5, a3                : IntAlu :  D=0x000000000004fea8
2231000: system.cpu: T0 : 0x1ed6a    : c_j -70                    : IntAlu : 
2231500: system.cpu: T0 : 0x1ed24    : c_ld a2, 0(a5)             : MemRead :  D=0x0000000000000000 A=0x4fea8
2232500: system.cpu: T0 : 0x1ed26    : addi a3, a5, 8             : IntAlu :  D=0x000000000004feb0
2233500: system.cpu: T0 : 0x1ed2a    : add a4, a2, a6             : IntAlu :  D=0xfefefefefefefeff
2234500: system.cpu: T0 : 0x1ed2e    : xori a2, a2, 18446744073709551615 : IntAlu :  D=0xffffffffffffffff
2235000: system.cpu: T0 : 0x1ed32    : c_and a4, a2               : IntAlu :  D=0xfefefefefefefeff
2235500: system.cpu: T0 : 0x1ed34    : c_and a4, a1               : IntAlu :  D=0x8080808080808080
2236000: system.cpu: T0 : 0x1ed36    : c_beqz a4, 50              : IntAlu : 
2236500: system.cpu: T0 : 0x1ed38    : lbu a4, -8(a3)             : MemRead :  D=0x0000000000000000 A=0x4fea8
2237000: system.cpu: T0 : 0x1ed3c    : c_beqz a4, -40             : IntAlu : 
2237500: system.cpu: T0 : 0x1ed14    : sub a0, a5, a0             : IntAlu :  D=0x0000000000000010
2238000: system.cpu: T0 : 0x1ed18    : c_jr ra                    : IntAlu : 
2238500: system.cpu: T0 : 0x14708    : slli a5, s5, 8             : IntAlu :  D=0x0000000000004400
2239000: system.cpu: T0 : 0x1470c    : or a5, s2, a5              : IntAlu :  D=0x000000000000444c
2239500: system.cpu: T0 : 0x14710    : slliw s2, a5, 16           : IntAlu :  D=0x00000000444c0000
2240000: system.cpu: T0 : 0x14714    : c_mv s3, a0                : IntAlu :  D=0x0000000000000010
2241000: system.cpu: T0 : 0x14716    : sraiw s2, s2, 16           : IntAlu :  D=0x000000000000444c
2242000: system.cpu: T0 : 0x1471a    : addi s5, a0, -2            : IntAlu :  D=0x000000000000000e
2242500: system.cpu: T0 : 0x1471e    : c_addi s4, 2               : IntAlu :  D=0x000000000004fe9a
2243000: system.cpu: T0 : 0x14720    : c_beqz s0, -50             : IntAlu : 
2243500: system.cpu: T0 : 0x146ee    : c_ldsp ra, 56(sp)          : MemRead :  D=0x000000000002290c A=0x7ffffffffffffd18
2244000: system.cpu: T0 : 0x146f0    : c_mv a0, s0                : IntAlu :  D=0x0000000000000000
2244500: system.cpu: T0 : 0x146f2    : c_ldsp s0, 48(sp)          : MemRead :  D=0x000000000006ef80 A=0x7ffffffffffffd10
2245000: system.cpu: T0 : 0x146f4    : c_ldsp s1, 40(sp)          : MemRead :  D=0x000000000006fe60 A=0x7ffffffffffffd08
2245500: system.cpu: T0 : 0x146f6    : c_ldsp s2, 32(sp)          : MemRead :  D=0x0000000000072000 A=0x7ffffffffffffd00
2246000: system.cpu: T0 : 0x146f8    : c_ldsp s3, 24(sp)          : MemRead :  D=0x0000000000072000 A=0x7ffffffffffffcf8
2246500: system.cpu: T0 : 0x146fa    : c_ldsp s4, 16(sp)          : MemRead :  D=0x0000000000070000 A=0x7ffffffffffffcf0
2247000: system.cpu: T0 : 0x146fc    : c_ldsp s5, 8(sp)           : MemRead :  D=0x0000000000072000 A=0x7ffffffffffffce8
2247500: system.cpu: T0 : 0x146fe    : c_ldsp s6, 0(sp)           : MemRead :  D=0x0000000000072000 A=0x7ffffffffffffce0
2248000: system.cpu: T0 : 0x14700    : c_addi16sp sp, 64          : IntAlu :  D=0x7ffffffffffffd20
2248500: system.cpu: T0 : 0x14702    : c_jr ra                    : IntAlu : 
2249000: system.cpu: T0 : 0x2290c    : c_mv s0, a0                : IntAlu :  D=0x0000000000000000
2249500: system.cpu: T0 : 0x2290e    : c_beqz a0, 76              : IntAlu : 
2250500: system.cpu: T0 : 0x2295a    : lui a5, 114                : IntAlu :  D=0x0000000000072000
2251500: system.cpu: T0 : 0x2295e    : ld a0, -496(a5)            : MemRead :  D=0x0000000000000000 A=0x71e10
2252000: system.cpu: T0 : 0x22962    : c_beqz a0, 14              : IntAlu : 
2252500: system.cpu: T0 : 0x22970    : ld a5, -464(s2)            : MemRead :  D=0x0000000000010040 A=0x71e30
2253000: system.cpu: T0 : 0x22974    : ld t3, 1120(s1)            : MemRead :  D=0x0000000000000000 A=0x702c0
2253500: system.cpu: T0 : 0x22978    : c_beqz a5, 110             : IntAlu : 
2254500: system.cpu: T0 : 0x2297a    : ld a4, -408(s3)            : MemRead :  D=0x0000000000000006 A=0x71e68
2255500: system.cpu: T0 : 0x2297e    : slli a3, a4, 3             : IntAlu :  D=0x0000000000000030
2256000: system.cpu: T0 : 0x22982    : c_sub a3, a4               : IntAlu :  D=0x000000000000002a
2256500: system.cpu: T0 : 0x22984    : c_slli a3, 3               : IntAlu :  D=0x0000000000000150
2257000: system.cpu: T0 : 0x22986    : c_add a3, a5               : IntAlu :  D=0x0000000000010190
2257500: system.cpu: T0 : 0x22988    : bgeu a5, a3, 94            : IntAlu : 
2258000: system.cpu: T0 : 0x2298c    : lui a2, 411470             : IntAlu :  D=0x000000006474e000
2258500: system.cpu: T0 : 0x22990    : addi a1, a2, 1361          : IntAlu :  D=0x000000006474e551
2259000: system.cpu: T0 : 0x22994    : ld t4, 1112(s1)            : MemRead :  D=0x0000000000000000 A=0x702b8
2259500: system.cpu: T0 : 0x22998    : lw t1, -1800(gp)           : MemRead :  D=0x0000000000000006 A=0x70920
2260000: system.cpu: T0 : 0x2299c    : c_mv a6, t3                : IntAlu :  D=0x0000000000000000
2260500: system.cpu: T0 : 0x2299e    : c_li a7, 0                 : IntAlu :  D=0x0000000000000000
2261000: system.cpu: T0 : 0x229a0    : c_li a0, 0                 : IntAlu :  D=0x0000000000000000
2262000: system.cpu: T0 : 0x229a2    : addi a2, a2, 1362          : IntAlu :  D=0x000000006474e552
2262500: system.cpu: T0 : 0x229a6    : c_j 24                     : IntAlu : 
2263000: system.cpu: T0 : 0x229be    : c_lw a4, 0(a5)             : MemRead :  D=0x0000000000000001 A=0x10040
2263500: system.cpu: T0 : 0x229c0    : bne a4, a1, -24            : IntAlu : 
2264000: system.cpu: T0 : 0x229a8    : bne a4, a2, 14             : IntAlu : 
2265000: system.cpu: T0 : 0x229b6    : addi a5, a5, 56            : IntAlu :  D=0x0000000000010078
2266000: system.cpu: T0 : 0x229ba    : bgeu a5, a3, 24            : IntAlu : 
2266500: system.cpu: T0 : 0x229be    : c_lw a4, 0(a5)             : MemRead :  D=0x0000000000000001 A=0x10078
2267000: system.cpu: T0 : 0x229c0    : bne a4, a1, -24            : IntAlu : 
2267500: system.cpu: T0 : 0x229a8    : bne a4, a2, 14             : IntAlu : 
2268500: system.cpu: T0 : 0x229b6    : addi a5, a5, 56            : IntAlu :  D=0x00000000000100b0
2269500: system.cpu: T0 : 0x229ba    : bgeu a5, a3, 24            : IntAlu : 
2270000: system.cpu: T0 : 0x229be    : c_lw a4, 0(a5)             : MemRead :  D=0x0000000000000004 A=0x100b0
2270500: system.cpu: T0 : 0x229c0    : bne a4, a1, -24            : IntAlu : 
2271000: system.cpu: T0 : 0x229a8    : bne a4, a2, 14             : IntAlu : 
2272000: system.cpu: T0 : 0x229b6    : addi a5, a5, 56            : IntAlu :  D=0x00000000000100e8
2273000: system.cpu: T0 : 0x229ba    : bgeu a5, a3, 24            : IntAlu : 
2273500: system.cpu: T0 : 0x229be    : c_lw a4, 0(a5)             : MemRead :  D=0x0000000000000007 A=0x100e8
2274000: system.cpu: T0 : 0x229c0    : bne a4, a1, -24            : IntAlu : 
2274500: system.cpu: T0 : 0x229a8    : bne a4, a2, 14             : IntAlu : 
2275500: system.cpu: T0 : 0x229b6    : addi a5, a5, 56            : IntAlu :  D=0x0000000000010120
2276500: system.cpu: T0 : 0x229ba    : bgeu a5, a3, 24            : IntAlu : 
2277000: system.cpu: T0 : 0x229be    : c_lw a4, 0(a5)             : MemRead :  D=0x000000006474e551 A=0x10120
2277500: system.cpu: T0 : 0x229c0    : bne a4, a1, -24            : IntAlu : 
2278000: system.cpu: T0 : 0x229c4    : lw t1, 4(a5)               : MemRead :  D=0x0000000000000006 A=0x10124
2278500: system.cpu: T0 : 0x229c8    : addi a5, a5, 56            : IntAlu :  D=0x0000000000010158
2279000: system.cpu: T0 : 0x229cc    : c_li a0, 1                 : IntAlu :  D=0x0000000000000001
2280000: system.cpu: T0 : 0x229ce    : bltu a5, a3, -16           : IntAlu : 
2280500: system.cpu: T0 : 0x229be    : c_lw a4, 0(a5)             : MemRead :  D=0x000000006474e552 A=0x10158
2281000: system.cpu: T0 : 0x229c0    : bne a4, a1, -24            : IntAlu : 
2281500: system.cpu: T0 : 0x229a8    : bne a4, a2, 14             : IntAlu : 
2282000: system.cpu: T0 : 0x229ac    : ld t4, 16(a5)              : MemRead :  D=0x000000000006ead0 A=0x10168
2282500: system.cpu: T0 : 0x229b0    : ld a6, 40(a5)              : MemRead :  D=0x0000000000000530 A=0x10180
2283000: system.cpu: T0 : 0x229b4    : c_li a7, 1                 : IntAlu :  D=0x0000000000000001
2284000: system.cpu: T0 : 0x229b6    : addi a5, a5, 56            : IntAlu :  D=0x0000000000010190
2285000: system.cpu: T0 : 0x229ba    : bgeu a5, a3, 24            : IntAlu : 
2285500: system.cpu: T0 : 0x229d2    : c_beqz a0, 6               : IntAlu : 
2286000: system.cpu: T0 : 0x229d4    : sw t1, -1800(gp)           : MemWrite :  D=0x0000000000000006 A=0x70920
2286500: system.cpu: T0 : 0x229d8    : beq a7, zero, 14           : IntAlu : 
2287000: system.cpu: T0 : 0x229dc    : sd t4, 1112(s1)            : MemWrite :  D=0x000000000006ead0 A=0x702b8
2287500: system.cpu: T0 : 0x229e0    : sd a6, 1120(s1)            : MemWrite :  D=0x0000000000000530 A=0x702c0
2288000: system.cpu: T0 : 0x229e4    : c_mv t3, a6                : IntAlu :  D=0x0000000000000530
2289000: system.cpu: T0 : 0x229e6    : bne t3, zero, 272          : IntAlu : 
2290000: system.cpu: T0 : 0x22af6    : addi a0, s4, -416          : IntAlu :  D=0x000000000006fe60
2291000: system.cpu: T0 : 0x22afa    : jal ra, 106388             : IntAlu :  D=0x0000000000022afe
2291500: system.cpu: T0 : 0x3ca8e    : c_addi sp, -16             : IntAlu :  D=0x7ffffffffffffd10
2292000: system.cpu: T0 : 0x3ca90    : c_ld a5, 0(a0)             : MemRead :  D=0x0000000000000000 A=0x6fe60
2292500: system.cpu: T0 : 0x3ca92    : c_sdsp s0, 0(sp)           : MemWrite :  D=0x0000000000000000 A=0x7ffffffffffffd10
2293000: system.cpu: T0 : 0x3ca94    : c_mv s0, a0                : IntAlu :  D=0x000000000006fe60
2294000: system.cpu: T0 : 0x3ca96    : ld a0, 1112(a0)            : MemRead :  D=0x000000000006ead0 A=0x702b8
2295000: system.cpu: T0 : 0x3ca9a    : ld a4, -1784(gp)           : MemRead :  D=0x0000000000001000 A=0x70930
2296000: system.cpu: T0 : 0x3ca9e    : ld a1, 1120(s0)            : MemRead :  D=0x0000000000000530 A=0x702c0
2296500: system.cpu: T0 : 0x3caa2    : c_add a5, a0               : IntAlu :  D=0x000000000006ead0
2297000: system.cpu: T0 : 0x3caa4    : sub a4, zero, a4           : IntAlu :  D=0xfffffffffffff000
2297500: system.cpu: T0 : 0x3caa8    : c_add a1, a5               : IntAlu :  D=0x000000000006f000
2298000: system.cpu: T0 : 0x3caaa    : c_sdsp ra, 8(sp)           : MemWrite :  D=0x0000000000022afe A=0x7ffffffffffffd18
2298500: system.cpu: T0 : 0x3caac    : and a0, a5, a4             : IntAlu :  D=0x000000000006e000
2299000: system.cpu: T0 : 0x3cab0    : c_and a1, a4               : IntAlu :  D=0x000000000006f000
2300000: system.cpu: T0 : 0x3cab2    : bne a0, a1, 12             : IntAlu : 
2300500: system.cpu: T0 : 0x3cabe    : c_li a2, 1                 : IntAlu :  D=0x0000000000000001
2301000: system.cpu: T0 : 0x3cac0    : c_sub a1, a0               : IntAlu :  D=0x0000000000001000
2302000: system.cpu: T0 : 0x3cac2    : jal ra, -113354            : IntAlu :  D=0x000000000003cac6
2302500: system.cpu: T0 : 0x20ff8    : addi a7, zero, 226         : IntAlu :  D=0x00000000000000e2
2303000: system.cpu: T0 : 0x20ffc    : ecall                      : No_OpClass : 
2303500: system.cpu: T0 : 0x21000    : c_lui a7, 1048575          : IntAlu :  D=0xfffffffffffff000
2304500: system.cpu: T0 : 0x21002    : bltu a7, a0, 6             : IntAlu : 
2305000: system.cpu: T0 : 0x21006    : c_jr ra                    : IntAlu : 
2306000: system.cpu: T0 : 0x3cac6    : bge a0, zero, -16          : IntAlu : 
2306500: system.cpu: T0 : 0x3cab6    : c_ldsp ra, 8(sp)           : MemRead :  D=0x0000000000022afe A=0x7ffffffffffffd18
2307000: system.cpu: T0 : 0x3cab8    : c_ldsp s0, 0(sp)           : MemRead :  D=0x0000000000000000 A=0x7ffffffffffffd10
2307500: system.cpu: T0 : 0x3caba    : c_addi sp, 16              : IntAlu :  D=0x7ffffffffffffd20
2308000: system.cpu: T0 : 0x3cabc    : c_jr ra                    : IntAlu : 
2308500: system.cpu: T0 : 0x22afe    : c_j -276                   : IntAlu : 
2309000: system.cpu: T0 : 0x229ea    : c_ldsp ra, 152(sp)         : MemRead :  D=0x0000000000022d7c A=0x7ffffffffffffdb8
2309500: system.cpu: T0 : 0x229ec    : c_ldsp s0, 144(sp)         : MemRead :  D=0x0000000000000001 A=0x7ffffffffffffdb0
2310000: system.cpu: T0 : 0x229ee    : c_ldsp s1, 136(sp)         : MemRead :  D=0x7fffffffffffff28 A=0x7ffffffffffffda8
2310500: system.cpu: T0 : 0x229f0    : c_ldsp s2, 128(sp)         : MemRead :  D=0x7fffffffffffff38 A=0x7ffffffffffffda0
2311000: system.cpu: T0 : 0x229f2    : c_ldsp s3, 120(sp)         : MemRead :  D=0x0000000000000000 A=0x7ffffffffffffd98
2311500: system.cpu: T0 : 0x229f4    : c_ldsp s4, 112(sp)         : MemRead :  D=0x0000000000000000 A=0x7ffffffffffffd90
2312000: system.cpu: T0 : 0x229f6    : c_ldsp s5, 104(sp)         : MemRead :  D=0x0000000000000000 A=0x7ffffffffffffd88
2312500: system.cpu: T0 : 0x229f8    : c_ldsp s6, 96(sp)          : MemRead :  D=0x0000000000000000 A=0x7ffffffffffffd80
2313000: system.cpu: T0 : 0x229fa    : c_ldsp s7, 88(sp)          : MemRead :  D=0x0000000000000000 A=0x7ffffffffffffd78
2313500: system.cpu: T0 : 0x229fc    : c_ldsp s8, 80(sp)          : MemRead :  D=0x0000000000000000 A=0x7ffffffffffffd70
2314000: system.cpu: T0 : 0x229fe    : c_ldsp s9, 72(sp)          : MemRead :  D=0x0000000000000000 A=0x7ffffffffffffd68
2314500: system.cpu: T0 : 0x22a00    : c_ldsp s10, 64(sp)         : MemRead :  D=0x0000000000000000 A=0x7ffffffffffffd60
2315000: system.cpu: T0 : 0x22a02    : c_addi16sp sp, 160         : IntAlu :  D=0x7ffffffffffffdc0
2315500: system.cpu: T0 : 0x22a04    : c_jr ra                    : IntAlu : 
2316000: system.cpu: T0 : 0x22d7c    : c_mv a2, s2                : IntAlu :  D=0x7fffffffffffff38
2316500: system.cpu: T0 : 0x22d7e    : c_mv a1, s1                : IntAlu :  D=0x7fffffffffffff28
2317000: system.cpu: T0 : 0x22d80    : c_mv a0, s0                : IntAlu :  D=0x0000000000000001
2318000: system.cpu: T0 : 0x22d82    : jal ra, -4344              : IntAlu :  D=0x0000000000022d86
2318500: system.cpu: T0 : 0x21c8a    : c_beqz a1, 50              : IntAlu : 
2319000: system.cpu: T0 : 0x21c8c    : c_addi sp, -32             : IntAlu :  D=0x7ffffffffffffda0
2319500: system.cpu: T0 : 0x21c8e    : c_sdsp s1, 8(sp)           : MemWrite :  D=0x7fffffffffffff28 A=0x7ffffffffffffda8
2320000: system.cpu: T0 : 0x21c90    : c_ld s1, 0(a1)             : MemRead :  D=0x7fffffffffffffcf A=0x7fffffffffffff28
2320500: system.cpu: T0 : 0x21c92    : c_sdsp s0, 16(sp)          : MemWrite :  D=0x0000000000000001 A=0x7ffffffffffffdb0
2321000: system.cpu: T0 : 0x21c94    : c_sdsp ra, 24(sp)          : MemWrite :  D=0x0000000000022d86 A=0x7ffffffffffffdb8
2321500: system.cpu: T0 : 0x21c96    : c_mv s0, a1                : IntAlu :  D=0x7fffffffffffff28
2322000: system.cpu: T0 : 0x21c98    : c_beqz s1, 26              : IntAlu : 
2323000: system.cpu: T0 : 0x21c9a    : addi a1, zero, 47          : IntAlu :  D=0x000000000000002f
2323500: system.cpu: T0 : 0x21c9e    : c_mv a0, s1                : IntAlu :  D=0x7fffffffffffffcf
2324000: system.cpu: T0 : 0x21ca0    : jal ra, 90482              : IntAlu :  D=0x0000000000021ca4
2324500: system.cpu: T0 : 0x37e12    : c_addi sp, -32             : IntAlu :  D=0x7ffffffffffffd80
2325000: system.cpu: T0 : 0x37e14    : c_sdsp s0, 16(sp)          : MemWrite :  D=0x7fffffffffffff28 A=0x7ffffffffffffd90
2325500: system.cpu: T0 : 0x37e16    : c_sdsp s1, 8(sp)           : MemWrite :  D=0x7fffffffffffffcf A=0x7ffffffffffffd88
2326000: system.cpu: T0 : 0x37e18    : c_sdsp s2, 0(sp)           : MemWrite :  D=0x7fffffffffffff38 A=0x7ffffffffffffd80
2326500: system.cpu: T0 : 0x37e1a    : c_sdsp ra, 24(sp)          : MemWrite :  D=0x0000000000021ca4 A=0x7ffffffffffffd98
2327000: system.cpu: T0 : 0x37e1c    : andi s1, a1, 255           : IntAlu :  D=0x000000000000002f
2327500: system.cpu: T0 : 0x37e20    : c_mv s0, a0                : IntAlu :  D=0x7fffffffffffffcf
2328000: system.cpu: T0 : 0x37e22    : c_li s2, 0                 : IntAlu :  D=0x0000000000000000
2328500: system.cpu: T0 : 0x37e24    : c_bnez s1, 10              : IntAlu : 
2329000: system.cpu: T0 : 0x37e2e    : c_mv a0, s0                : IntAlu :  D=0x7fffffffffffffcf
2329500: system.cpu: T0 : 0x37e30    : c_mv a1, s1                : IntAlu :  D=0x000000000000002f
2330500: system.cpu: T0 : 0x37e32    : jal ra, -103340            : IntAlu :  D=0x0000000000037e36
2331500: system.cpu: T0 : 0x1ea86    : andi a5, a0, 7             : IntAlu :  D=0x0000000000000007
2332500: system.cpu: T0 : 0x1ea8a    : andi a4, a1, 255           : IntAlu :  D=0x000000000000002f
2333000: system.cpu: T0 : 0x1ea8e    : c_bnez a5, 14              : IntAlu : 
2333500: system.cpu: T0 : 0x1ea9c    : lbu a5, 0(a0)              : MemRead :  D=0x000000000000002f A=0x7fffffffffffffcf
2334000: system.cpu: T0 : 0x1eaa0    : bne a5, a4, -14            : IntAlu : 
2334500: system.cpu: T0 : 0x1eaa4    : c_jr ra                    : IntAlu : 
2335000: system.cpu: T0 : 0x37e36    : c_bnez a0, -14             : IntAlu : 
2335500: system.cpu: T0 : 0x37e28    : addi s0, a0, 1             : IntAlu :  D=0x7fffffffffffffd0
2336000: system.cpu: T0 : 0x37e2c    : c_mv s2, a0                : IntAlu :  D=0x7fffffffffffffcf
2336500: system.cpu: T0 : 0x37e2e    : c_mv a0, s0                : IntAlu :  D=0x7fffffffffffffd0
2337000: system.cpu: T0 : 0x37e30    : c_mv a1, s1                : IntAlu :  D=0x000000000000002f
2338000: system.cpu: T0 : 0x37e32    : jal ra, -103340            : IntAlu :  D=0x0000000000037e36
2339000: system.cpu: T0 : 0x1ea86    : andi a5, a0, 7             : IntAlu :  D=0x0000000000000000
2340000: system.cpu: T0 : 0x1ea8a    : andi a4, a1, 255           : IntAlu :  D=0x000000000000002f
2340500: system.cpu: T0 : 0x1ea8e    : c_bnez a5, 14              : IntAlu : 
2341000: system.cpu: T0 : 0x1ea90    : c_j 22                     : IntAlu : 
2341500: system.cpu: T0 : 0x1eaa6    : c_lui a3, 16               : IntAlu :  D=0x0000000000010000
2342000: system.cpu: T0 : 0x1eaa8    : slliw a5, a1, 8            : IntAlu :  D=0x0000000000002f00
2342500: system.cpu: T0 : 0x1eaac    : c_addi a3, -1              : IntAlu :  D=0x000000000000ffff
2343000: system.cpu: T0 : 0x1eaae    : c_and a5, a3               : IntAlu :  D=0x0000000000002f00
2343500: system.cpu: T0 : 0x1eab0    : andi a1, a1, 255           : IntAlu :  D=0x000000000000002f
2344000: system.cpu: T0 : 0x1eab4    : c_or a1, a5                : IntAlu :  D=0x0000000000002f2f
2344500: system.cpu: T0 : 0x1eab6    : c_addiw a1, 0              : IntAlu :  D=0x0000000000002f2f
2345000: system.cpu: T0 : 0x1eab8    : slli t1, a1, 16            : IntAlu :  D=0x000000002f2f0000
2345500: system.cpu: T0 : 0x1eabc    : or a1, t1, a1              : IntAlu :  D=0x000000002f2f2f2f
2346000: system.cpu: T0 : 0x1eac0    : ld a6, -2032(gp)           : MemRead :  D=0x7efefefefefefeff A=0x70838
2346500: system.cpu: T0 : 0x1eac4    : slli t1, a1, 32            : IntAlu :  D=0x2f2f2f2f00000000
2347000: system.cpu: T0 : 0x1eac8    : or t1, t1, a1              : IntAlu :  D=0x2f2f2f2f2f2f2f2f
2347500: system.cpu: T0 : 0x1eacc    : c_li t3, -1                : IntAlu :  D=0xffffffffffffffff
2348000: system.cpu: T0 : 0x1eace    : c_ld a1, 0(a0)             : MemRead :  D=0x7965762f656d6f68 A=0x7fffffffffffffd0
2348500: system.cpu: T0 : 0x1ead0    : addi a5, a0, 8             : IntAlu :  D=0x7fffffffffffffd8
2349000: system.cpu: T0 : 0x1ead4    : xor a7, t1, a1             : IntAlu :  D=0x564a59004a424047
2349500: system.cpu: T0 : 0x1ead8    : add a3, a1, a6             : IntAlu :  D=0xf864752e646c6e67
2350000: system.cpu: T0 : 0x1eadc    : add a2, a7, a6             : IntAlu :  D=0xd54957ff49413f46
2350500: system.cpu: T0 : 0x1eae0    : c_xor a3, a1               : IntAlu :  D=0x810103010101010f
2351500: system.cpu: T0 : 0x1eae2    : xor a2, a2, a7             : IntAlu :  D=0x83030eff03037f01
2352000: system.cpu: T0 : 0x1eae6    : c_and a3, a2               : IntAlu :  D=0x8101020101010101
2352500: system.cpu: T0 : 0x1eae8    : or a3, a3, a6              : IntAlu :  D=0xfffffeffffffffff
2353000: system.cpu: T0 : 0x1eaec    : beq a3, t3, 88             : IntAlu : 
2353500: system.cpu: T0 : 0x1eaf0    : lbu a3, -8(a5)             : MemRead :  D=0x0000000000000068 A=0x7fffffffffffffd0
2354000: system.cpu: T0 : 0x1eaf4    : beq a3, a4, -80            : IntAlu : 
2354500: system.cpu: T0 : 0x1eaf8    : c_beqz a3, 72              : IntAlu : 
2355500: system.cpu: T0 : 0x1eafa    : lbu a3, -7(a5)             : MemRead :  D=0x000000000000006f A=0x7fffffffffffffd1
2356500: system.cpu: T0 : 0x1eafe    : beq a3, a4, 74             : IntAlu : 
2357000: system.cpu: T0 : 0x1eb02    : c_beqz a3, 62              : IntAlu : 
2357500: system.cpu: T0 : 0x1eb04    : lbu a3, -6(a5)             : MemRead :  D=0x000000000000006d A=0x7fffffffffffffd2
2358000: system.cpu: T0 : 0x1eb08    : beq a3, a4, 68             : IntAlu : 
2358500: system.cpu: T0 : 0x1eb0c    : c_beqz a3, 52              : IntAlu : 
2359500: system.cpu: T0 : 0x1eb0e    : lbu a3, -5(a5)             : MemRead :  D=0x0000000000000065 A=0x7fffffffffffffd3
2360500: system.cpu: T0 : 0x1eb12    : beq a3, a4, 62             : IntAlu : 
2361000: system.cpu: T0 : 0x1eb16    : c_beqz a3, 42              : IntAlu : 
2361500: system.cpu: T0 : 0x1eb18    : lbu a3, -4(a5)             : MemRead :  D=0x000000000000002f A=0x7fffffffffffffd4
2362000: system.cpu: T0 : 0x1eb1c    : beq a3, a4, 56             : IntAlu : 
2362500: system.cpu: T0 : 0x1eb54    : c_addi a0, 4               : IntAlu :  D=0x7fffffffffffffd4
2363000: system.cpu: T0 : 0x1eb56    : c_jr ra                    : IntAlu : 
2363500: system.cpu: T0 : 0x37e36    : c_bnez a0, -14             : IntAlu : 
2364000: system.cpu: T0 : 0x37e28    : addi s0, a0, 1             : IntAlu :  D=0x7fffffffffffffd5
2364500: system.cpu: T0 : 0x37e2c    : c_mv s2, a0                : IntAlu :  D=0x7fffffffffffffd4
2365000: system.cpu: T0 : 0x37e2e    : c_mv a0, s0                : IntAlu :  D=0x7fffffffffffffd5
2365500: system.cpu: T0 : 0x37e30    : c_mv a1, s1                : IntAlu :  D=0x000000000000002f
2366500: system.cpu: T0 : 0x37e32    : jal ra, -103340            : IntAlu :  D=0x0000000000037e36
2367500: system.cpu: T0 : 0x1ea86    : andi a5, a0, 7             : IntAlu :  D=0x0000000000000005
2368500: system.cpu: T0 : 0x1ea8a    : andi a4, a1, 255           : IntAlu :  D=0x000000000000002f
2369000: system.cpu: T0 : 0x1ea8e    : c_bnez a5, 14              : IntAlu : 
2369500: system.cpu: T0 : 0x1ea9c    : lbu a5, 0(a0)              : MemRead :  D=0x0000000000000076 A=0x7fffffffffffffd5
2370000: system.cpu: T0 : 0x1eaa0    : bne a5, a4, -14            : IntAlu : 
2370500: system.cpu: T0 : 0x1ea92    : c_addi a0, 1               : IntAlu :  D=0x7fffffffffffffd6
2371000: system.cpu: T0 : 0x1ea94    : andi a3, a0, 7             : IntAlu :  D=0x0000000000000006
2371500: system.cpu: T0 : 0x1ea98    : c_beqz a5, 168             : IntAlu : 
2372000: system.cpu: T0 : 0x1ea9a    : c_beqz a3, 12              : IntAlu : 
2372500: system.cpu: T0 : 0x1ea9c    : lbu a5, 0(a0)              : MemRead :  D=0x0000000000000065 A=0x7fffffffffffffd6
2373000: system.cpu: T0 : 0x1eaa0    : bne a5, a4, -14            : IntAlu : 
2373500: system.cpu: T0 : 0x1ea92    : c_addi a0, 1               : IntAlu :  D=0x7fffffffffffffd7
2374000: system.cpu: T0 : 0x1ea94    : andi a3, a0, 7             : IntAlu :  D=0x0000000000000007
2374500: system.cpu: T0 : 0x1ea98    : c_beqz a5, 168             : IntAlu : 
2375000: system.cpu: T0 : 0x1ea9a    : c_beqz a3, 12              : IntAlu : 
2375500: system.cpu: T0 : 0x1ea9c    : lbu a5, 0(a0)              : MemRead :  D=0x0000000000000079 A=0x7fffffffffffffd7
2376000: system.cpu: T0 : 0x1eaa0    : bne a5, a4, -14            : IntAlu : 
2376500: system.cpu: T0 : 0x1ea92    : c_addi a0, 1               : IntAlu :  D=0x7fffffffffffffd8
2377000: system.cpu: T0 : 0x1ea94    : andi a3, a0, 7             : IntAlu :  D=0x0000000000000000
2377500: system.cpu: T0 : 0x1ea98    : c_beqz a5, 168             : IntAlu : 
2378000: system.cpu: T0 : 0x1ea9a    : c_beqz a3, 12              : IntAlu : 
2378500: system.cpu: T0 : 0x1eaa6    : c_lui a3, 16               : IntAlu :  D=0x0000000000010000
2379000: system.cpu: T0 : 0x1eaa8    : slliw a5, a1, 8            : IntAlu :  D=0x0000000000002f00
2379500: system.cpu: T0 : 0x1eaac    : c_addi a3, -1              : IntAlu :  D=0x000000000000ffff
2380000: system.cpu: T0 : 0x1eaae    : c_and a5, a3               : IntAlu :  D=0x0000000000002f00
2380500: system.cpu: T0 : 0x1eab0    : andi a1, a1, 255           : IntAlu :  D=0x000000000000002f
2381000: system.cpu: T0 : 0x1eab4    : c_or a1, a5                : IntAlu :  D=0x0000000000002f2f
2381500: system.cpu: T0 : 0x1eab6    : c_addiw a1, 0              : IntAlu :  D=0x0000000000002f2f
2382000: system.cpu: T0 : 0x1eab8    : slli t1, a1, 16            : IntAlu :  D=0x000000002f2f0000
2382500: system.cpu: T0 : 0x1eabc    : or a1, t1, a1              : IntAlu :  D=0x000000002f2f2f2f
2383000: system.cpu: T0 : 0x1eac0    : ld a6, -2032(gp)           : MemRead :  D=0x7efefefefefefeff A=0x70838
2383500: system.cpu: T0 : 0x1eac4    : slli t1, a1, 32            : IntAlu :  D=0x2f2f2f2f00000000
2384000: system.cpu: T0 : 0x1eac8    : or t1, t1, a1              : IntAlu :  D=0x2f2f2f2f2f2f2f2f
2384500: system.cpu: T0 : 0x1eacc    : c_li t3, -1                : IntAlu :  D=0xffffffffffffffff
2385000: system.cpu: T0 : 0x1eace    : c_ld a1, 0(a0)             : MemRead :  D=0x636e75662f6c6573 A=0x7fffffffffffffd8
2385500: system.cpu: T0 : 0x1ead0    : addi a5, a0, 8             : IntAlu :  D=0x7fffffffffffffe0
2386000: system.cpu: T0 : 0x1ead4    : xor a7, t1, a1             : IntAlu :  D=0x4c415a4900434a5c
2386500: system.cpu: T0 : 0x1ead8    : add a3, a1, a6             : IntAlu :  D=0xe26d74652e6b6472
2387000: system.cpu: T0 : 0x1eadc    : add a2, a7, a6             : IntAlu :  D=0xcb405947ff42495b
2387500: system.cpu: T0 : 0x1eae0    : c_xor a3, a1               : IntAlu :  D=0x8103010301070101
2388500: system.cpu: T0 : 0x1eae2    : xor a2, a2, a7             : IntAlu :  D=0x8701030eff010307
2389000: system.cpu: T0 : 0x1eae6    : c_and a3, a2               : IntAlu :  D=0x8101010201010101
2389500: system.cpu: T0 : 0x1eae8    : or a3, a3, a6              : IntAlu :  D=0xfffffffeffffffff
2390000: system.cpu: T0 : 0x1eaec    : beq a3, t3, 88             : IntAlu : 
2390500: system.cpu: T0 : 0x1eaf0    : lbu a3, -8(a5)             : MemRead :  D=0x0000000000000073 A=0x7fffffffffffffd8
2391000: system.cpu: T0 : 0x1eaf4    : beq a3, a4, -80            : IntAlu : 
2391500: system.cpu: T0 : 0x1eaf8    : c_beqz a3, 72              : IntAlu : 
2392500: system.cpu: T0 : 0x1eafa    : lbu a3, -7(a5)             : MemRead :  D=0x0000000000000065 A=0x7fffffffffffffd9
2393500: system.cpu: T0 : 0x1eafe    : beq a3, a4, 74             : IntAlu : 
2394000: system.cpu: T0 : 0x1eb02    : c_beqz a3, 62              : IntAlu : 
2394500: system.cpu: T0 : 0x1eb04    : lbu a3, -6(a5)             : MemRead :  D=0x000000000000006c A=0x7fffffffffffffda
2395000: system.cpu: T0 : 0x1eb08    : beq a3, a4, 68             : IntAlu : 
2395500: system.cpu: T0 : 0x1eb0c    : c_beqz a3, 52              : IntAlu : 
2396500: system.cpu: T0 : 0x1eb0e    : lbu a3, -5(a5)             : MemRead :  D=0x000000000000002f A=0x7fffffffffffffdb
2397500: system.cpu: T0 : 0x1eb12    : beq a3, a4, 62             : IntAlu : 
2398000: system.cpu: T0 : 0x1eb50    : c_addi a0, 3               : IntAlu :  D=0x7fffffffffffffdb
2398500: system.cpu: T0 : 0x1eb52    : c_jr ra                    : IntAlu : 
2399000: system.cpu: T0 : 0x37e36    : c_bnez a0, -14             : IntAlu : 
2399500: system.cpu: T0 : 0x37e28    : addi s0, a0, 1             : IntAlu :  D=0x7fffffffffffffdc
2400000: system.cpu: T0 : 0x37e2c    : c_mv s2, a0                : IntAlu :  D=0x7fffffffffffffdb
2400500: system.cpu: T0 : 0x37e2e    : c_mv a0, s0                : IntAlu :  D=0x7fffffffffffffdc
2401000: system.cpu: T0 : 0x37e30    : c_mv a1, s1                : IntAlu :  D=0x000000000000002f
2402000: system.cpu: T0 : 0x37e32    : jal ra, -103340            : IntAlu :  D=0x0000000000037e36
2403000: system.cpu: T0 : 0x1ea86    : andi a5, a0, 7             : IntAlu :  D=0x0000000000000004
2404000: system.cpu: T0 : 0x1ea8a    : andi a4, a1, 255           : IntAlu :  D=0x000000000000002f
2404500: system.cpu: T0 : 0x1ea8e    : c_bnez a5, 14              : IntAlu : 
2405000: system.cpu: T0 : 0x1ea9c    : lbu a5, 0(a0)              : MemRead :  D=0x0000000000000066 A=0x7fffffffffffffdc
2405500: system.cpu: T0 : 0x1eaa0    : bne a5, a4, -14            : IntAlu : 
2406000: system.cpu: T0 : 0x1ea92    : c_addi a0, 1               : IntAlu :  D=0x7fffffffffffffdd
2406500: system.cpu: T0 : 0x1ea94    : andi a3, a0, 7             : IntAlu :  D=0x0000000000000005
2407000: system.cpu: T0 : 0x1ea98    : c_beqz a5, 168             : IntAlu : 
2407500: system.cpu: T0 : 0x1ea9a    : c_beqz a3, 12              : IntAlu : 
2408000: system.cpu: T0 : 0x1ea9c    : lbu a5, 0(a0)              : MemRead :  D=0x0000000000000075 A=0x7fffffffffffffdd
2408500: system.cpu: T0 : 0x1eaa0    : bne a5, a4, -14            : IntAlu : 
2409000: system.cpu: T0 : 0x1ea92    : c_addi a0, 1               : IntAlu :  D=0x7fffffffffffffde
2409500: system.cpu: T0 : 0x1ea94    : andi a3, a0, 7             : IntAlu :  D=0x0000000000000006
2410000: system.cpu: T0 : 0x1ea98    : c_beqz a5, 168             : IntAlu : 
2410500: system.cpu: T0 : 0x1ea9a    : c_beqz a3, 12              : IntAlu : 
2411000: system.cpu: T0 : 0x1ea9c    : lbu a5, 0(a0)              : MemRead :  D=0x000000000000006e A=0x7fffffffffffffde
2411500: system.cpu: T0 : 0x1eaa0    : bne a5, a4, -14            : IntAlu : 
2412000: system.cpu: T0 : 0x1ea92    : c_addi a0, 1               : IntAlu :  D=0x7fffffffffffffdf
2412500: system.cpu: T0 : 0x1ea94    : andi a3, a0, 7             : IntAlu :  D=0x0000000000000007
2413000: system.cpu: T0 : 0x1ea98    : c_beqz a5, 168             : IntAlu : 
2413500: system.cpu: T0 : 0x1ea9a    : c_beqz a3, 12              : IntAlu : 
2414000: system.cpu: T0 : 0x1ea9c    : lbu a5, 0(a0)              : MemRead :  D=0x0000000000000063 A=0x7fffffffffffffdf
2414500: system.cpu: T0 : 0x1eaa0    : bne a5, a4, -14            : IntAlu : 
2415000: system.cpu: T0 : 0x1ea92    : c_addi a0, 1               : IntAlu :  D=0x7fffffffffffffe0
2415500: system.cpu: T0 : 0x1ea94    : andi a3, a0, 7             : IntAlu :  D=0x0000000000000000
2416000: system.cpu: T0 : 0x1ea98    : c_beqz a5, 168             : IntAlu : 
2416500: system.cpu: T0 : 0x1ea9a    : c_beqz a3, 12              : IntAlu : 
2417000: system.cpu: T0 : 0x1eaa6    : c_lui a3, 16               : IntAlu :  D=0x0000000000010000
2417500: system.cpu: T0 : 0x1eaa8    : slliw a5, a1, 8            : IntAlu :  D=0x0000000000002f00
2418000: system.cpu: T0 : 0x1eaac    : c_addi a3, -1              : IntAlu :  D=0x000000000000ffff
2418500: system.cpu: T0 : 0x1eaae    : c_and a5, a3               : IntAlu :  D=0x0000000000002f00
2419000: system.cpu: T0 : 0x1eab0    : andi a1, a1, 255           : IntAlu :  D=0x000000000000002f
2419500: system.cpu: T0 : 0x1eab4    : c_or a1, a5                : IntAlu :  D=0x0000000000002f2f
2420000: system.cpu: T0 : 0x1eab6    : c_addiw a1, 0              : IntAlu :  D=0x0000000000002f2f
2420500: system.cpu: T0 : 0x1eab8    : slli t1, a1, 16            : IntAlu :  D=0x000000002f2f0000
2421000: system.cpu: T0 : 0x1eabc    : or a1, t1, a1              : IntAlu :  D=0x000000002f2f2f2f
2421500: system.cpu: T0 : 0x1eac0    : ld a6, -2032(gp)           : MemRead :  D=0x7efefefefefefeff A=0x70838
2422000: system.cpu: T0 : 0x1eac4    : slli t1, a1, 32            : IntAlu :  D=0x2f2f2f2f00000000
2422500: system.cpu: T0 : 0x1eac8    : or t1, t1, a1              : IntAlu :  D=0x2f2f2f2f2f2f2f2f
2423000: system.cpu: T0 : 0x1eacc    : c_li t3, -1                : IntAlu :  D=0xffffffffffffffff
2423500: system.cpu: T0 : 0x1eace    : c_ld a1, 0(a0)             : MemRead :  D=0x6c61635f6e6f6974 A=0x7fffffffffffffe0
2424000: system.cpu: T0 : 0x1ead0    : addi a5, a0, 8             : IntAlu :  D=0x7fffffffffffffe8
2424500: system.cpu: T0 : 0x1ead4    : xor a7, t1, a1             : IntAlu :  D=0x434e4c704140465b
2425000: system.cpu: T0 : 0x1ead8    : add a3, a1, a6             : IntAlu :  D=0xeb60625e6d6e6873
2425500: system.cpu: T0 : 0x1eadc    : add a2, a7, a6             : IntAlu :  D=0xc24d4b6f403f455a
2426000: system.cpu: T0 : 0x1eae0    : c_xor a3, a1               : IntAlu :  D=0x8701010103010107
2427000: system.cpu: T0 : 0x1eae2    : xor a2, a2, a7             : IntAlu :  D=0x8103071f017f0301
2427500: system.cpu: T0 : 0x1eae6    : c_and a3, a2               : IntAlu :  D=0x8101010101010101
2428000: system.cpu: T0 : 0x1eae8    : or a3, a3, a6              : IntAlu :  D=0xffffffffffffffff
2428500: system.cpu: T0 : 0x1eaec    : beq a3, t3, 88             : IntAlu : 
2429000: system.cpu: T0 : 0x1eb44    : c_mv a0, a5                : IntAlu :  D=0x7fffffffffffffe8
2429500: system.cpu: T0 : 0x1eb46    : c_j -120                   : IntAlu : 
2430000: system.cpu: T0 : 0x1eace    : c_ld a1, 0(a0)             : MemRead :  D=0xc900747365745f6c A=0x7fffffffffffffe8
2430500: system.cpu: T0 : 0x1ead0    : addi a5, a0, 8             : IntAlu :  D=0x7ffffffffffffff0
2431000: system.cpu: T0 : 0x1ead4    : xor a7, t1, a1             : IntAlu :  D=0xe62f5b5c4a5b7043
2431500: system.cpu: T0 : 0x1ead8    : add a3, a1, a6             : IntAlu :  D=0x47ff737264735e6b
2432000: system.cpu: T0 : 0x1eadc    : add a2, a7, a6             : IntAlu :  D=0x652e5a5b495a6f42
2432500: system.cpu: T0 : 0x1eae0    : c_xor a3, a1               : IntAlu :  D=0x8eff070101070107
2433500: system.cpu: T0 : 0x1eae2    : xor a2, a2, a7             : IntAlu :  D=0x8301010703011f01
2434000: system.cpu: T0 : 0x1eae6    : c_and a3, a2               : IntAlu :  D=0x8201010101010101
2434500: system.cpu: T0 : 0x1eae8    : or a3, a3, a6              : IntAlu :  D=0xfeffffffffffffff
2435000: system.cpu: T0 : 0x1eaec    : beq a3, t3, 88             : IntAlu : 
2435500: system.cpu: T0 : 0x1eaf0    : lbu a3, -8(a5)             : MemRead :  D=0x000000000000006c A=0x7fffffffffffffe8
2436000: system.cpu: T0 : 0x1eaf4    : beq a3, a4, -80            : IntAlu : 
2436500: system.cpu: T0 : 0x1eaf8    : c_beqz a3, 72              : IntAlu : 
2437500: system.cpu: T0 : 0x1eafa    : lbu a3, -7(a5)             : MemRead :  D=0x000000000000005f A=0x7fffffffffffffe9
2438500: system.cpu: T0 : 0x1eafe    : beq a3, a4, 74             : IntAlu : 
2439000: system.cpu: T0 : 0x1eb02    : c_beqz a3, 62              : IntAlu : 
2439500: system.cpu: T0 : 0x1eb04    : lbu a3, -6(a5)             : MemRead :  D=0x0000000000000074 A=0x7fffffffffffffea
2440000: system.cpu: T0 : 0x1eb08    : beq a3, a4, 68             : IntAlu : 
2440500: system.cpu: T0 : 0x1eb0c    : c_beqz a3, 52              : IntAlu : 
2441500: system.cpu: T0 : 0x1eb0e    : lbu a3, -5(a5)             : MemRead :  D=0x0000000000000065 A=0x7fffffffffffffeb
2442500: system.cpu: T0 : 0x1eb12    : beq a3, a4, 62             : IntAlu : 
2443000: system.cpu: T0 : 0x1eb16    : c_beqz a3, 42              : IntAlu : 
2443500: system.cpu: T0 : 0x1eb18    : lbu a3, -4(a5)             : MemRead :  D=0x0000000000000073 A=0x7fffffffffffffec
2444000: system.cpu: T0 : 0x1eb1c    : beq a3, a4, 56             : IntAlu : 
2444500: system.cpu: T0 : 0x1eb20    : c_beqz a3, 32              : IntAlu : 
2445500: system.cpu: T0 : 0x1eb22    : lbu a3, -3(a5)             : MemRead :  D=0x0000000000000074 A=0x7fffffffffffffed
2446500: system.cpu: T0 : 0x1eb26    : beq a3, a4, 50             : IntAlu : 
2447000: system.cpu: T0 : 0x1eb2a    : c_beqz a3, 22              : IntAlu : 
2447500: system.cpu: T0 : 0x1eb2c    : lbu a3, -2(a5)             : MemRead :  D=0x0000000000000000 A=0x7fffffffffffffee
2448000: system.cpu: T0 : 0x1eb30    : beq a3, a4, 44             : IntAlu : 
2448500: system.cpu: T0 : 0x1eb34    : c_beqz a3, 12              : IntAlu : 
2449000: system.cpu: T0 : 0x1eb40    : c_li a0, 0                 : IntAlu :  D=0x0000000000000000
2449500: system.cpu: T0 : 0x1eb42    : c_jr ra                    : IntAlu : 
2450000: system.cpu: T0 : 0x37e36    : c_bnez a0, -14             : IntAlu : 
2450500: system.cpu: T0 : 0x37e38    : c_ldsp ra, 24(sp)          : MemRead :  D=0x0000000000021ca4 A=0x7ffffffffffffd98
2451000: system.cpu: T0 : 0x37e3a    : c_ldsp s0, 16(sp)          : MemRead :  D=0x7fffffffffffff28 A=0x7ffffffffffffd90
2451500: system.cpu: T0 : 0x37e3c    : c_ldsp s1, 8(sp)           : MemRead :  D=0x7fffffffffffffcf A=0x7ffffffffffffd88
2452000: system.cpu: T0 : 0x37e3e    : c_mv a0, s2                : IntAlu :  D=0x7fffffffffffffdb
2452500: system.cpu: T0 : 0x37e40    : c_ldsp s2, 0(sp)           : MemRead :  D=0x7fffffffffffff38 A=0x7ffffffffffffd80
2453000: system.cpu: T0 : 0x37e42    : c_addi16sp sp, 32          : IntAlu :  D=0x7ffffffffffffda0
2453500: system.cpu: T0 : 0x37e44    : c_jr ra                    : IntAlu : 
2454000: system.cpu: T0 : 0x21ca4    : c_beqz a0, 26              : IntAlu : 
2454500: system.cpu: T0 : 0x21ca6    : c_addi a0, 1               : IntAlu :  D=0x7fffffffffffffdc
2455000: system.cpu: T0 : 0x21ca8    : sd a0, -1824(gp)           : MemWrite :  D=0x7fffffffffffffdc A=0x70908
2455500: system.cpu: T0 : 0x21cac    : c_ld a4, 0(s0)             : MemRead :  D=0x7fffffffffffffcf A=0x7fffffffffffff28
2456500: system.cpu: T0 : 0x21cae    : sd a4, -1816(gp)           : MemWrite :  D=0x7fffffffffffffcf A=0x70910
2457000: system.cpu: T0 : 0x21cb2    : c_ldsp ra, 24(sp)          : MemRead :  D=0x0000000000022d86 A=0x7ffffffffffffdb8
2457500: system.cpu: T0 : 0x21cb4    : c_ldsp s0, 16(sp)          : MemRead :  D=0x0000000000000001 A=0x7ffffffffffffdb0
2458000: system.cpu: T0 : 0x21cb6    : c_ldsp s1, 8(sp)           : MemRead :  D=0x7fffffffffffff28 A=0x7ffffffffffffda8
2458500: system.cpu: T0 : 0x21cb8    : c_addi16sp sp, 32          : IntAlu :  D=0x7ffffffffffffdc0
2459000: system.cpu: T0 : 0x21cba    : c_jr ra                    : IntAlu : 
2459500: system.cpu: T0 : 0x22d86    : c_ldsp s0, 16(sp)          : MemRead :  D=0x0000000000010978 A=0x7ffffffffffffdd0
2460000: system.cpu: T0 : 0x22d88    : c_ldsp ra, 24(sp)          : MemRead :  D=0x00000000000105ec A=0x7ffffffffffffdd8
2460500: system.cpu: T0 : 0x22d8a    : c_ldsp s1, 8(sp)           : MemRead :  D=0x0000000000010a08 A=0x7ffffffffffffdc8
2461000: system.cpu: T0 : 0x22d8c    : c_ldsp s2, 0(sp)           : MemRead :  D=0x0000000000000000 A=0x7ffffffffffffdc0
2461500: system.cpu: T0 : 0x22d8e    : c_addi16sp sp, 32          : IntAlu :  D=0x7ffffffffffffde0
2462000: system.cpu: T0 : 0x22d90    : jal zero, 35004            : IntAlu :  D=0x0000000000022d94
2462500: system.cpu: T0 : 0x2b64c    : ld a5, 0(tp)               : MemRead :  D=0x0000000000070678 A=0x72710
2463000: system.cpu: T0 : 0x2b650    : c_ld a5, 0(a5)             : MemRead :  D=0x0000000000051820 A=0x70678
2463500: system.cpu: T0 : 0x2b652    : c_ld a0, 64(a5)            : MemRead :  D=0x0000000000053050 A=0x51860
2464000: system.cpu: T0 : 0x2b654    : c_ld a2, 72(a5)            : MemRead :  D=0x0000000000052650 A=0x51868
2464500: system.cpu: T0 : 0x2b656    : c_ld a4, 88(a5)            : MemRead :  D=0x0000000000052050 A=0x51878
2465000: system.cpu: T0 : 0x2b658    : addi a0, a0, 256           : IntAlu :  D=0x0000000000053150
2465500: system.cpu: T0 : 0x2b65c    : addi a2, a2, 512           : IntAlu :  D=0x0000000000052850
2466000: system.cpu: T0 : 0x2b660    : addi a4, a4, 512           : IntAlu :  D=0x0000000000052250
2466500: system.cpu: T0 : 0x2b664    : sd a0, 80(tp)              : MemWrite :  D=0x0000000000053150 A=0x72760
2467000: system.cpu: T0 : 0x2b668    : sd a2, 72(tp)              : MemWrite :  D=0x0000000000052850 A=0x72758
2467500: system.cpu: T0 : 0x2b66c    : sd a4, 64(tp)              : MemWrite :  D=0x0000000000052250 A=0x72750
2468000: system.cpu: T0 : 0x2b670    : c_jr ra                    : IntAlu : 
2468500: system.cpu: T0 : 0x105ec    : c_beqz s1, 12              : IntAlu : 
2469000: system.cpu: T0 : 0x105ee    : c_li a2, 0                 : IntAlu :  D=0x0000000000000000
2469500: system.cpu: T0 : 0x105f0    : c_li a1, 0                 : IntAlu :  D=0x0000000000000000
2470000: system.cpu: T0 : 0x105f2    : c_mv a0, s1                : IntAlu :  D=0x0000000000010a08
2470500: system.cpu: T0 : 0x105f4    : jal ra, 17626              : IntAlu :  D=0x00000000000105f8
2471500: system.cpu: T0 : 0x14ace    : addi a3, gp, -1936         : IntAlu :  D=0x0000000000070898
2472000: system.cpu: T0 : 0x14ad2    : c_j -204                   : IntAlu : 
2472500: system.cpu: T0 : 0x14a06    : c_addi16sp sp, -64         : IntAlu :  D=0x7ffffffffffffda0
2473000: system.cpu: T0 : 0x14a08    : c_sdsp ra, 56(sp)          : MemWrite :  D=0x00000000000105f8 A=0x7ffffffffffffdd8
2473500: system.cpu: T0 : 0x14a0a    : c_sdsp s0, 48(sp)          : MemWrite :  D=0x0000000000010978 A=0x7ffffffffffffdd0
2474000: system.cpu: T0 : 0x14a0c    : c_sdsp s1, 40(sp)          : MemWrite :  D=0x0000000000010a08 A=0x7ffffffffffffdc8
2474500: system.cpu: T0 : 0x14a0e    : c_sdsp s2, 32(sp)          : MemWrite :  D=0x0000000000000000 A=0x7ffffffffffffdc0
2475000: system.cpu: T0 : 0x14a10    : c_sdsp s3, 24(sp)          : MemWrite :  D=0x0000000000000000 A=0x7ffffffffffffdb8
2475500: system.cpu: T0 : 0x14a12    : c_beqz a0, 156             : IntAlu : 
2476000: system.cpu: T0 : 0x14a14    : lui s0, 114                : IntAlu :  D=0x0000000000072000
2476500: system.cpu: T0 : 0x14a18    : c_mv s2, a2                : IntAlu :  D=0x0000000000000000
2477000: system.cpu: T0 : 0x14a1a    : c_mv s1, a0                : IntAlu :  D=0x0000000000010a08
2477500: system.cpu: T0 : 0x14a1c    : c_mv s3, a1                : IntAlu :  D=0x0000000000000000
2478000: system.cpu: T0 : 0x14a1e    : c_li a4, 1                 : IntAlu :  D=0x0000000000000001
2478500: system.cpu: T0 : 0x14a20    : addi a2, s0, -608          : IntAlu :  D=0x0000000000071da0
2479000: system.cpu: T0 : 0x14a24    : lr_w a5, (a2)             
2479000: system.cpu: T0 : 0x14a24. 0 : lr_w a5, (a2)              : MemRead :  D=0x0000000000000000 A=0x71da0
2479500: system.cpu: T0 : 0x14a28    : c_bnez a5, 8               : IntAlu : 
2480500: system.cpu: T0 : 0x14a2a    : sc_w_aq a1, a4, (a2)      
2480500: system.cpu: T0 : 0x14a2a. 0 : sc_w a1, a4, (a2)          : MemWrite :  D=0x0000000000000000 A=0x71da0
2481000: system.cpu: T0 : 0x14a2a. 1 : 0x1ce625af fence           : No_OpClass : 
2481500: system.cpu: T0 : 0x14a2e    : c_bnez a1, -10             : IntAlu : 
2482000: system.cpu: T0 : 0x14a30    : c_addiw a5, 0              : IntAlu :  D=0x0000000000000000
2482500: system.cpu: T0 : 0x14a32    : c_bnez a5, 64              : IntAlu : 
2483000: system.cpu: T0 : 0x14a34    : c_mv a0, a3                : IntAlu :  D=0x0000000000070898
2484000: system.cpu: T0 : 0x14a36    : jal ra, -242               : IntAlu :  D=0x0000000000014a3a
2484500: system.cpu: T0 : 0x14944    : lbu a5, -1476(gp)          : MemRead :  D=0x0000000000000000 A=0x70a64
2485000: system.cpu: T0 : 0x14948    : c_bnez a5, 186             : IntAlu : 
2485500: system.cpu: T0 : 0x1494a    : c_addi sp, -32             : IntAlu :  D=0x7ffffffffffffd80
2486000: system.cpu: T0 : 0x1494c    : c_sdsp s1, 8(sp)           : MemWrite :  D=0x0000000000010a08 A=0x7ffffffffffffd88
2486500: system.cpu: T0 : 0x1494e    : c_ld s1, 0(a0)             : MemRead :  D=0x0000000000071140 A=0x70898
2487000: system.cpu: T0 : 0x14950    : c_sdsp s0, 16(sp)          : MemWrite :  D=0x0000000000072000 A=0x7ffffffffffffd90
2487500: system.cpu: T0 : 0x14952    : c_sdsp ra, 24(sp)          : MemWrite :  D=0x0000000000014a3a A=0x7ffffffffffffd98
2488000: system.cpu: T0 : 0x14954    : c_mv s0, a0                : IntAlu :  D=0x0000000000070898
2488500: system.cpu: T0 : 0x14956    : c_beqz s1, 140             : IntAlu : 
2489000: system.cpu: T0 : 0x14958    : c_mv a1, s1                : IntAlu :  D=0x0000000000071140
2489500: system.cpu: T0 : 0x1495a    : c_li a6, 0                 : IntAlu :  D=0x0000000000000000
2490000: system.cpu: T0 : 0x1495c    : c_ld a4, 8(a1)             : MemRead :  D=0x0000000000000000 A=0x71148
2491000: system.cpu: T0 : 0x1495e    : slli a5, a4, 5             : IntAlu :  D=0x0000000000000000
2491500: system.cpu: T0 : 0x14962    : c_add a5, a1               : IntAlu :  D=0x0000000000071140
2492000: system.cpu: T0 : 0x14964    : c_beqz a4, 18              : IntAlu : 
2492500: system.cpu: T0 : 0x14976    : c_ld a5, 0(a1)             : MemRead :  D=0x0000000000000000 A=0x71140
2493000: system.cpu: T0 : 0x14978    : sd zero, 8(a1)             : MemWrite :  D=0x0000000000000000 A=0x71148
2493500: system.cpu: T0 : 0x1497c    : c_mv a6, a1                : IntAlu :  D=0x0000000000071140
2494000: system.cpu: T0 : 0x1497e    : c_beqz a5, 78              : IntAlu : 
2494500: system.cpu: T0 : 0x149cc    : c_li a5, 1                 : IntAlu :  D=0x0000000000000001
2495500: system.cpu: T0 : 0x149ce    : addi a0, a1, 16            : IntAlu :  D=0x0000000000071150
2496000: system.cpu: T0 : 0x149d2    : c_sd a5, 8(a1)             : MemWrite :  D=0x0000000000000001 A=0x71148
2496500: system.cpu: T0 : 0x149d4    : c_j -60                    : IntAlu : 
2497000: system.cpu: T0 : 0x14998    : lui a4, 114                : IntAlu :  D=0x0000000000072000
2497500: system.cpu: T0 : 0x1499c    : ld a5, -600(a4)            : MemRead :  D=0x0000000000000000 A=0x71da8
2498000: system.cpu: T0 : 0x149a0    : c_ldsp ra, 24(sp)          : MemRead :  D=0x0000000000014a3a A=0x7ffffffffffffd98
2498500: system.cpu: T0 : 0x149a2    : c_ldsp s0, 16(sp)          : MemRead :  D=0x0000000000072000 A=0x7ffffffffffffd90
2499000: system.cpu: T0 : 0x149a4    : c_li a3, 1                 : IntAlu :  D=0x0000000000000001
2499500: system.cpu: T0 : 0x149a6    : c_sd a3, 0(a0)             : MemWrite :  D=0x0000000000000001 A=0x71150
2500000: system.cpu: T0 : 0x149a8    : c_addi a5, 1               : IntAlu :  D=0x0000000000000001
2501000: system.cpu: T0 : 0x149aa    : sd a5, -600(a4)            : MemWrite :  D=0x0000000000000001 A=0x71da8
2501500: system.cpu: T0 : 0x149ae    : c_ldsp s1, 8(sp)           : MemRead :  D=0x0000000000010a08 A=0x7ffffffffffffd88
2502000: system.cpu: T0 : 0x149b0    : c_addi16sp sp, 32          : IntAlu :  D=0x7ffffffffffffda0
2502500: system.cpu: T0 : 0x149b2    : c_jr ra                    : IntAlu : 
2503000: system.cpu: T0 : 0x14a3a    : c_beqz a0, 70              : IntAlu : 
2503500: system.cpu: T0 : 0x14a3c    : c_li a5, 4                 : IntAlu :  D=0x0000000000000004
2504000: system.cpu: T0 : 0x14a3e    : c_sd a5, 0(a0)             : MemWrite :  D=0x0000000000000004 A=0x71150
2504500: system.cpu: T0 : 0x14a40    : c_sd s1, 8(a0)             : MemWrite :  D=0x0000000000010a08 A=0x71158
2505500: system.cpu: T0 : 0x14a42    : sd s3, 16(a0)              : MemWrite :  D=0x0000000000000000 A=0x71160
2506500: system.cpu: T0 : 0x14a46    : sd s2, 24(a0)              : MemWrite :  D=0x0000000000000000 A=0x71168
2507000: system.cpu: T0 : 0x14a4a    : c_li a5, 0                 : IntAlu :  D=0x0000000000000000
2507500: system.cpu: T0 : 0x14a4c    : addi a4, s0, -608          : IntAlu :  D=0x0000000000071da0
2508000: system.cpu: T0 : 0x14a50    : fence iorw, ow             : No_OpClass : 
2508500: system.cpu: T0 : 0x14a54    : amoswap_w a5, a5, (a4)    
2508500: system.cpu: T0 : 0x14a54. 0 : amoswap_w[l] a5, a5, (a4)  : MemRead :  D=0x0000000000000001 A=0x71da0
2509000: system.cpu: T0 : 0x14a58    : c_addiw a5, 0              : IntAlu :  D=0x0000000000000001
2509500: system.cpu: T0 : 0x14a5a    : c_li a3, 1                 : IntAlu :  D=0x0000000000000001
2510000: system.cpu: T0 : 0x14a5c    : c_li a4, 0                 : IntAlu :  D=0x0000000000000000
2511000: system.cpu: T0 : 0x14a5e    : blt a3, a5, 58             : IntAlu : 
2511500: system.cpu: T0 : 0x14a62    : c_ldsp ra, 56(sp)          : MemRead :  D=0x00000000000105f8 A=0x7ffffffffffffdd8
2512000: system.cpu: T0 : 0x14a64    : c_ldsp s0, 48(sp)          : MemRead :  D=0x0000000000010978 A=0x7ffffffffffffdd0
2512500: system.cpu: T0 : 0x14a66    : c_ldsp s1, 40(sp)          : MemRead :  D=0x0000000000010a08 A=0x7ffffffffffffdc8
2513000: system.cpu: T0 : 0x14a68    : c_ldsp s2, 32(sp)          : MemRead :  D=0x0000000000000000 A=0x7ffffffffffffdc0
2513500: system.cpu: T0 : 0x14a6a    : c_ldsp s3, 24(sp)          : MemRead :  D=0x0000000000000000 A=0x7ffffffffffffdb8
2514000: system.cpu: T0 : 0x14a6c    : c_mv a0, a4                : IntAlu :  D=0x0000000000000000
2514500: system.cpu: T0 : 0x14a6e    : c_addi16sp sp, 64          : IntAlu :  D=0x7ffffffffffffde0
2515000: system.cpu: T0 : 0x14a70    : c_jr ra                    : IntAlu : 
2515500: system.cpu: T0 : 0x105f8    : lui a5, 111                : IntAlu :  D=0x000000000006f000
2516000: system.cpu: T0 : 0x105fc    : lw a5, -72(a5)             : MemRead :  D=0x0000000000000000 A=0x6efb8
2516500: system.cpu: T0 : 0x10600    : bne a5, zero, 238          : IntAlu : 
2517000: system.cpu: T0 : 0x10604    : c_beqz s0, 12              : IntAlu : 
2518000: system.cpu: T0 : 0x10606    : ld a2, -1360(gp)           : MemRead :  D=0x7fffffffffffff38 A=0x70ad8
2518500: system.cpu: T0 : 0x1060a    : c_ldsp a1, 16(sp)          : MemRead :  D=0x7fffffffffffff28 A=0x7ffffffffffffdf0
2519000: system.cpu: T0 : 0x1060c    : c_ldsp a0, 8(sp)           : MemRead :  D=0x0000000000000001 A=0x7ffffffffffffde8
2519500: system.cpu: T0 : 0x1060e    : c_jalr s0                  : IntAlu :  D=0x0000000000010610
2520000: system.cpu: T0 : 0x10978    : c_addi16sp sp, -64         : IntAlu :  D=0x7ffffffffffffda0
2520500: system.cpu: T0 : 0x1097a    : c_sdsp s0, 48(sp)          : MemWrite :  D=0x0000000000010978 A=0x7ffffffffffffdd0
2521000: system.cpu: T0 : 0x1097c    : c_sdsp s5, 8(sp)           : MemWrite :  D=0x0000000000000000 A=0x7ffffffffffffda8
2522000: system.cpu: T0 : 0x1097e    : lui s0, 111                : IntAlu :  D=0x000000000006f000
2523000: system.cpu: T0 : 0x10982    : lui s5, 111                : IntAlu :  D=0x000000000006f000
2524000: system.cpu: T0 : 0x10986    : addi a5, s0, -1296         : IntAlu :  D=0x000000000006eaf0
2525000: system.cpu: T0 : 0x1098a    : addi s5, s5, -1288         : IntAlu :  D=0x000000000006eaf8
2526000: system.cpu: T0 : 0x1098e    : sub s5, s5, a5             : IntAlu :  D=0x0000000000000008
2526500: system.cpu: T0 : 0x10992    : c_sdsp s2, 32(sp)          : MemWrite :  D=0x0000000000000000 A=0x7ffffffffffffdc0
2527000: system.cpu: T0 : 0x10994    : c_sdsp s3, 24(sp)          : MemWrite :  D=0x0000000000000000 A=0x7ffffffffffffdb8
2527500: system.cpu: T0 : 0x10996    : c_sdsp s4, 16(sp)          : MemWrite :  D=0x0000000000000000 A=0x7ffffffffffffdb0
2528000: system.cpu: T0 : 0x10998    : c_sdsp ra, 56(sp)          : MemWrite :  D=0x0000000000010610 A=0x7ffffffffffffdd8
2528500: system.cpu: T0 : 0x1099a    : c_sdsp s1, 40(sp)          : MemWrite :  D=0x0000000000010a08 A=0x7ffffffffffffdc8
2529000: system.cpu: T0 : 0x1099c    : srai s5, s5, 3             : IntAlu :  D=0x0000000000000001
2529500: system.cpu: T0 : 0x109a0    : c_mv s2, a0                : IntAlu :  D=0x0000000000000001
2530000: system.cpu: T0 : 0x109a2    : c_mv s3, a1                : IntAlu :  D=0x7fffffffffffff28
2530500: system.cpu: T0 : 0x109a4    : c_mv s4, a2                : IntAlu :  D=0x7fffffffffffff38
2531500: system.cpu: T0 : 0x109a6    : beq s5, zero, 28           : IntAlu : 
2532500: system.cpu: T0 : 0x109aa    : addi s0, s0, -1296         : IntAlu :  D=0x000000000006eaf0
2533000: system.cpu: T0 : 0x109ae    : c_li s1, 0                 : IntAlu :  D=0x0000000000000000
2533500: system.cpu: T0 : 0x109b0    : c_ld a5, 0(s0)             : MemRead :  D=0x0000000000010376 A=0x6eaf0
2534000: system.cpu: T0 : 0x109b2    : c_mv a2, s4                : IntAlu :  D=0x7fffffffffffff38
2534500: system.cpu: T0 : 0x109b4    : c_mv a1, s3                : IntAlu :  D=0x7fffffffffffff28
2535000: system.cpu: T0 : 0x109b6    : c_mv a0, s2                : IntAlu :  D=0x0000000000000001
2535500: system.cpu: T0 : 0x109b8    : c_addi s1, 1               : IntAlu :  D=0x0000000000000001
2536000: system.cpu: T0 : 0x109ba    : c_jalr a5                  : IntAlu :  D=0x00000000000109bc
2537000: system.cpu: T0 : 0x10376    : auipc gp, 97               : IntAlu :  D=0x0000000000071376
2538000: system.cpu: T0 : 0x1037a    : addi gp, gp, -846          : IntAlu :  D=0x0000000000071028
2538500: system.cpu: T0 : 0x1037e    : c_jr ra                    : IntAlu : 
2539000: system.cpu: T0 : 0x109bc    : c_addi s0, 8               : IntAlu :  D=0x000000000006eaf8
2540000: system.cpu: T0 : 0x109be    : bne s5, s1, -14            : IntAlu : 
2541000: system.cpu: T0 : 0x109c2    : lui s0, 111                : IntAlu :  D=0x000000000006f000
2542000: system.cpu: T0 : 0x109c6    : lui s5, 111                : IntAlu :  D=0x000000000006f000
2543000: system.cpu: T0 : 0x109ca    : addi a5, s0, -1288         : IntAlu :  D=0x000000000006eaf8
2544000: system.cpu: T0 : 0x109ce    : addi s5, s5, -1280         : IntAlu :  D=0x000000000006eb00
2545000: system.cpu: T0 : 0x109d2    : sub s5, s5, a5             : IntAlu :  D=0x0000000000000008
2546000: system.cpu: T0 : 0x109d6    : srai s5, s5, 3             : IntAlu :  D=0x0000000000000001
2547000: system.cpu: T0 : 0x109da    : beq s5, zero, 28           : IntAlu : 
2548000: system.cpu: T0 : 0x109de    : addi s0, s0, -1288         : IntAlu :  D=0x000000000006eaf8
2548500: system.cpu: T0 : 0x109e2    : c_li s1, 0                 : IntAlu :  D=0x0000000000000000
2549000: system.cpu: T0 : 0x109e4    : c_ld a5, 0(s0)             : MemRead :  D=0x000000000001040a A=0x6eaf8
2549500: system.cpu: T0 : 0x109e6    : c_mv a2, s4                : IntAlu :  D=0x7fffffffffffff38
2550000: system.cpu: T0 : 0x109e8    : c_mv a1, s3                : IntAlu :  D=0x7fffffffffffff28
2550500: system.cpu: T0 : 0x109ea    : c_mv a0, s2                : IntAlu :  D=0x0000000000000001
2551000: system.cpu: T0 : 0x109ec    : c_addi s1, 1               : IntAlu :  D=0x0000000000000001
2551500: system.cpu: T0 : 0x109ee    : c_jalr a5                  : IntAlu :  D=0x00000000000109f0
2552500: system.cpu: T0 : 0x1040a    : lui a5, 76                 : IntAlu :  D=0x000000000004c000
2553500: system.cpu: T0 : 0x1040e    : addi a5, a5, 1096          : IntAlu :  D=0x000000000004c448
2554000: system.cpu: T0 : 0x10412    : c_beqz a5, 28              : IntAlu : 
2554500: system.cpu: T0 : 0x10414    : lui a0, 106                : IntAlu :  D=0x000000000006a000
2555000: system.cpu: T0 : 0x10418    : c_addi sp, -16             : IntAlu :  D=0x7ffffffffffffd90
2556000: system.cpu: T0 : 0x1041a    : addi a1, gp, -1008         : IntAlu :  D=0x0000000000070c38
2557000: system.cpu: T0 : 0x1041e    : addi a0, a0, 352           : IntAlu :  D=0x000000000006a160
2557500: system.cpu: T0 : 0x10422    : c_sdsp ra, 8(sp)           : MemWrite :  D=0x00000000000109f0 A=0x7ffffffffffffd98
2558000: system.cpu: T0 : 0x10424    : jal ra, 245796             : IntAlu :  D=0x0000000000010428
2558500: system.cpu: T0 : 0x4c448    : c_beqz a0, 12              : IntAlu : 
2559000: system.cpu: T0 : 0x4c44a    : c_lw a5, 0(a0)             : MemRead :  D=0x000000000000001c A=0x6a160
2559500: system.cpu: T0 : 0x4c44c    : c_beqz a5, 8               : IntAlu : 
2560000: system.cpu: T0 : 0x4c44e    : c_li a3, 0                 : IntAlu :  D=0x0000000000000000
2560500: system.cpu: T0 : 0x4c450    : c_li a2, 0                 : IntAlu :  D=0x0000000000000000
2561000: system.cpu: T0 : 0x4c452    : c_j -144                   : IntAlu : 
2561500: system.cpu: T0 : 0x4c3c2    : c_li a5, -1                : IntAlu :  D=0xffffffffffffffff
2562000: system.cpu: T0 : 0x4c3c4    : c_addi sp, -32             : IntAlu :  D=0x7ffffffffffffd70
2562500: system.cpu: T0 : 0x4c3c6    : c_sd a5, 0(a1)             : MemWrite :  D=0xffffffffffffffff A=0x70c38
2563000: system.cpu: T0 : 0x4c3c8    : addi a5, zero, 2040        : IntAlu :  D=0x00000000000007f8
2563500: system.cpu: T0 : 0x4c3cc    : c_sdsp s0, 16(sp)          : MemWrite :  D=0x000000000006eaf8 A=0x7ffffffffffffd80
2564000: system.cpu: T0 : 0x4c3ce    : c_sdsp s1, 8(sp)           : MemWrite :  D=0x0000000000000001 A=0x7ffffffffffffd78
2564500: system.cpu: T0 : 0x4c3d0    : c_sdsp ra, 24(sp)          : MemWrite :  D=0x0000000000010428 A=0x7ffffffffffffd88
2565000: system.cpu: T0 : 0x4c3d2    : c_sd a2, 8(a1)             : MemWrite :  D=0x0000000000000000 A=0x70c40
2565500: system.cpu: T0 : 0x4c3d4    : c_sd a3, 16(a1)            : MemWrite :  D=0x0000000000000000 A=0x70c48
2566000: system.cpu: T0 : 0x4c3d6    : c_sd a0, 24(a1)            : MemWrite :  D=0x000000000006a160 A=0x70c50
2566500: system.cpu: T0 : 0x4c3d8    : c_sd a5, 32(a1)            : MemWrite :  D=0x00000000000007f8 A=0x70c58
2567500: system.cpu: T0 : 0x4c3da    : auipc s1, 36               : IntAlu :  D=0x00000000000703da
2568500: system.cpu: T0 : 0x4c3de    : ld s1, 1070(s1)            : MemRead :  D=0x0000000000000000 A=0x70808
2569000: system.cpu: T0 : 0x4c3e2    : c_mv s0, a1                : IntAlu :  D=0x0000000000070c38
2569500: system.cpu: T0 : 0x4c3e4    : c_beqz s1, 20              : IntAlu : 
2570000: system.cpu: T0 : 0x4c3f8    : addi a5, gp, 1880          : IntAlu :  D=0x0000000000071780
2570500: system.cpu: T0 : 0x4c3fc    : ld a3, 448(a5)             : MemRead :  D=0x0000000000000000 A=0x71940
2571000: system.cpu: T0 : 0x4c400    : lw a4, 456(a5)             : MemRead :  D=0x0000000000000000 A=0x71948
2571500: system.cpu: T0 : 0x4c404    : sd s0, 448(a5)             : MemWrite :  D=0x0000000000070c38 A=0x71940
2572000: system.cpu: T0 : 0x4c408    : c_sd a3, 40(s0)            : MemWrite :  D=0x0000000000000000 A=0x70c60
2572500: system.cpu: T0 : 0x4c40a    : c_beqz a4, 30              : IntAlu : 
2573000: system.cpu: T0 : 0x4c428    : c_li a4, 1                 : IntAlu :  D=0x0000000000000001
2574000: system.cpu: T0 : 0x4c42a    : addi a5, a5, 456           : IntAlu :  D=0x0000000000071948
2575000: system.cpu: T0 : 0x4c42e    : amoswap_w zero, a4, (a5)  
2575000: system.cpu: T0 : 0x4c42e. 0 : amoswap_w[l] zero, a4, (a5) : MemRead :  D=0x0000000000000000 A=0x71948
2575500: system.cpu: T0 : 0x4c432    : c_bnez s1, -36             : IntAlu : 
2576000: system.cpu: T0 : 0x4c434    : c_ldsp ra, 24(sp)          : MemRead :  D=0x0000000000010428 A=0x7ffffffffffffd88
2576500: system.cpu: T0 : 0x4c436    : c_ldsp s0, 16(sp)          : MemRead :  D=0x000000000006eaf8 A=0x7ffffffffffffd80
2577000: system.cpu: T0 : 0x4c438    : c_ldsp s1, 8(sp)           : MemRead :  D=0x0000000000000001 A=0x7ffffffffffffd78
2577500: system.cpu: T0 : 0x4c43a    : c_addi16sp sp, 32          : IntAlu :  D=0x7ffffffffffffd90
2578000: system.cpu: T0 : 0x4c43c    : c_jr ra                    : IntAlu : 
2578500: system.cpu: T0 : 0x10428    : c_ldsp ra, 8(sp)           : MemRead :  D=0x00000000000109f0 A=0x7ffffffffffffd98
2579000: system.cpu: T0 : 0x1042a    : c_addi sp, 16              : IntAlu :  D=0x7ffffffffffffda0
2579500: system.cpu: T0 : 0x1042c    : c_j -134                   : IntAlu : 
2580500: system.cpu: T0 : 0x103a6    : lui a0, 112                : IntAlu :  D=0x0000000000070000
2581500: system.cpu: T0 : 0x103aa    : addi a1, a0, 2032          : IntAlu :  D=0x00000000000707f0
2582500: system.cpu: T0 : 0x103ae    : lui a5, 112                : IntAlu :  D=0x0000000000070000
2583500: system.cpu: T0 : 0x103b2    : addi a5, a5, 2032          : IntAlu :  D=0x00000000000707f0
2584000: system.cpu: T0 : 0x103b6    : c_sub a5, a1               : IntAlu :  D=0x0000000000000000
2584500: system.cpu: T0 : 0x103b8    : srai a4, a5, 3             : IntAlu :  D=0x0000000000000000
2585000: system.cpu: T0 : 0x103bc    : srli a1, a5, 63            : IntAlu :  D=0x0000000000000000
2585500: system.cpu: T0 : 0x103c0    : c_add a1, a4               : IntAlu :  D=0x0000000000000000
2586000: system.cpu: T0 : 0x103c2    : c_srai a1, 1               : IntAlu :  D=0x0000000000000000
2586500: system.cpu: T0 : 0x103c4    : c_beqz a1, 16              : IntAlu : 
2587000: system.cpu: T0 : 0x103d4    : c_jr ra                    : IntAlu : 
2587500: system.cpu: T0 : 0x109f0    : c_addi s0, 8               : IntAlu :  D=0x000000000006eb00
2588500: system.cpu: T0 : 0x109f2    : bne s5, s1, -14            : IntAlu : 
2589000: system.cpu: T0 : 0x109f6    : c_ldsp ra, 56(sp)          : MemRead :  D=0x0000000000010610 A=0x7ffffffffffffdd8
2589500: system.cpu: T0 : 0x109f8    : c_ldsp s0, 48(sp)          : MemRead :  D=0x0000000000010978 A=0x7ffffffffffffdd0
2590000: system.cpu: T0 : 0x109fa    : c_ldsp s1, 40(sp)          : MemRead :  D=0x0000000000010a08 A=0x7ffffffffffffdc8
2590500: system.cpu: T0 : 0x109fc    : c_ldsp s2, 32(sp)          : MemRead :  D=0x0000000000000000 A=0x7ffffffffffffdc0
2591000: system.cpu: T0 : 0x109fe    : c_ldsp s3, 24(sp)          : MemRead :  D=0x0000000000000000 A=0x7ffffffffffffdb8
2591500: system.cpu: T0 : 0x10a00    : c_ldsp s4, 16(sp)          : MemRead :  D=0x0000000000000000 A=0x7ffffffffffffdb0
2592000: system.cpu: T0 : 0x10a02    : c_ldsp s5, 8(sp)           : MemRead :  D=0x0000000000000000 A=0x7ffffffffffffda8
2592500: system.cpu: T0 : 0x10a04    : c_addi16sp sp, 64          : IntAlu :  D=0x7ffffffffffffde0
2593000: system.cpu: T0 : 0x10a06    : c_jr ra                    : IntAlu : 
2593500: system.cpu: T0 : 0x10610    : c_li a1, 0                 : IntAlu :  D=0x0000000000000000
2594000: system.cpu: T0 : 0x10612    : c_li a0, 0                 : IntAlu :  D=0x0000000000000000
2594500: system.cpu: T0 : 0x10614    : jal ra, 71438              : IntAlu :  D=0x0000000000010618
2595000: system.cpu: T0 : 0x21d22    : c_mv a4, a0                : IntAlu :  D=0x0000000000000000
2595500: system.cpu: T0 : 0x21d24    : c_beqz a1, 70              : IntAlu : 
2596500: system.cpu: T0 : 0x21d6a    : lui a5, 114                : IntAlu :  D=0x0000000000072000
2597500: system.cpu: T0 : 0x21d6e    : addi a0, a5, -592          : IntAlu :  D=0x0000000000071db0
2598000: system.cpu: T0 : 0x21d72    : c_ld a5, 8(a0)             : MemRead :  D=0x0000000000000000 A=0x71db8
2598500: system.cpu: T0 : 0x21d74    : c_bnez a5, -52             : IntAlu : 
2599000: system.cpu: T0 : 0x21d76    : c_li a5, 1                 : IntAlu :  D=0x0000000000000001
2599500: system.cpu: T0 : 0x21d78    : c_sw a5, 0(a0)             : MemWrite :  D=0x0000000000000001 A=0x71db0
2600000: system.cpu: T0 : 0x21d7a    : c_bnez a4, -52             : IntAlu : 
2600500: system.cpu: T0 : 0x21d7c    : lui a5, 114                : IntAlu :  D=0x0000000000072000
2601000: system.cpu: T0 : 0x21d80    : ld a4, -560(a5)            : MemRead :  D=0x0000000000000000 A=0x71dd0
2601500: system.cpu: T0 : 0x21d84    : c_j -62                    : IntAlu : 
2602500: system.cpu: T0 : 0x21d46    : slli a5, a1, 3             : IntAlu :  D=0x0000000000000000
2603000: system.cpu: T0 : 0x21d4a    : c_add a5, a1               : IntAlu :  D=0x0000000000000000
2603500: system.cpu: T0 : 0x21d4c    : lui a1, 112                : IntAlu :  D=0x0000000000070000
2604000: system.cpu: T0 : 0x21d50    : c_slli a5, 4               : IntAlu :  D=0x0000000000000000
2605000: system.cpu: T0 : 0x21d52    : addi a1, a1, 816           : IntAlu :  D=0x0000000000070330
2605500: system.cpu: T0 : 0x21d56    : c_add a1, a5               : IntAlu :  D=0x0000000000070330
2606000: system.cpu: T0 : 0x21d58    : c_ld a5, 0(a1)             : MemRead :  D=0x000000000006fe60 A=0x70330
2606500: system.cpu: T0 : 0x21d5a    : c_sd a4, 32(a0)            : MemWrite :  D=0x0000000000000000 A=0x71dd0
2607000: system.cpu: T0 : 0x21d5c    : c_sd a5, 8(a0)             : MemWrite :  D=0x000000000006fe60 A=0x71db8
2608000: system.cpu: T0 : 0x21d5e    : lui a5, 34                 : IntAlu :  D=0x0000000000022000
2609000: system.cpu: T0 : 0x21d62    : addi a5, a5, -736          : IntAlu :  D=0x0000000000021d20
2609500: system.cpu: T0 : 0x21d66    : c_sd a5, 16(a0)            : MemWrite :  D=0x0000000000021d20 A=0x71dc0
2610000: system.cpu: T0 : 0x21d68    : c_jr ra                    : IntAlu : 
2610500: system.cpu: T0 : 0x10618    : c_addi4spn a0, sp, 40      : IntAlu :  D=0x7ffffffffffffe08
2611500: system.cpu: T0 : 0x1061a    : jal ra, 14938              : IntAlu :  D=0x000000000001061e
2612000: system.cpu: T0 : 0x14074    : c_li a1, 0                 : IntAlu :  D=0x0000000000000000
2612500: system.cpu: T0 : 0x14076    : c_j 6                      : IntAlu : 
2613000: system.cpu: T0 : 0x1407c    : sd ra, 0(a0)               : MemWrite :  D=0x000000000001061e A=0x7ffffffffffffe08
2613500: system.cpu: T0 : 0x14080    : c_sd s0, 8(a0)             : MemWrite :  D=0x0000000000010978 A=0x7ffffffffffffe10
2614000: system.cpu: T0 : 0x14082    : c_sd s1, 16(a0)            : MemWrite :  D=0x0000000000010a08 A=0x7ffffffffffffe18
2614500: system.cpu: T0 : 0x14084    : sd s2, 24(a0)              : MemWrite :  D=0x0000000000000000 A=0x7ffffffffffffe20
2615000: system.cpu: T0 : 0x14088    : sd s3, 32(a0)              : MemWrite :  D=0x0000000000000000 A=0x7ffffffffffffe28
2615500: system.cpu: T0 : 0x1408c    : sd s4, 40(a0)              : MemWrite :  D=0x0000000000000000 A=0x7ffffffffffffe30
2616000: system.cpu: T0 : 0x14090    : sd s5, 48(a0)              : MemWrite :  D=0x0000000000000000 A=0x7ffffffffffffe38
2616500: system.cpu: T0 : 0x14094    : sd s6, 56(a0)              : MemWrite :  D=0x0000000000000000 A=0x7ffffffffffffe40
2617000: system.cpu: T0 : 0x14098    : sd s7, 64(a0)              : MemWrite :  D=0x0000000000000000 A=0x7ffffffffffffe48
2617500: system.cpu: T0 : 0x1409c    : sd s8, 72(a0)              : MemWrite :  D=0x0000000000000000 A=0x7ffffffffffffe50
2618000: system.cpu: T0 : 0x140a0    : sd s9, 80(a0)              : MemWrite :  D=0x0000000000000000 A=0x7ffffffffffffe58
2618500: system.cpu: T0 : 0x140a4    : sd s10, 88(a0)             : MemWrite :  D=0x0000000000000000 A=0x7ffffffffffffe60
2619000: system.cpu: T0 : 0x140a8    : sd s11, 96(a0)             : MemWrite :  D=0x0000000000000000 A=0x7ffffffffffffe68
2619500: system.cpu: T0 : 0x140ac    : sd sp, 104(a0)             : MemWrite :  D=0x7ffffffffffffde0 A=0x7ffffffffffffe70
2620000: system.cpu: T0 : 0x140b0    : c_fsd fs0, 112(a0)         : FloatMemWrite :  D=0x0000000000000000 A=0x7ffffffffffffe78
2620500: system.cpu: T0 : 0x140b2    : c_fsd fs1, 120(a0)         : FloatMemWrite :  D=0x0000000000000000 A=0x7ffffffffffffe80
2621000: system.cpu: T0 : 0x140b4    : fsd fs2, 128(a0)           : FloatMemWrite :  D=0x0000000000000000 A=0x7ffffffffffffe88
2621500: system.cpu: T0 : 0x140b8    : fsd fs3, 136(a0)           : FloatMemWrite :  D=0x0000000000000000 A=0x7ffffffffffffe90
2622000: system.cpu: T0 : 0x140bc    : fsd fs4, 144(a0)           : FloatMemWrite :  D=0x0000000000000000 A=0x7ffffffffffffe98
2622500: system.cpu: T0 : 0x140c0    : fsd fs5, 152(a0)           : FloatMemWrite :  D=0x0000000000000000 A=0x7ffffffffffffea0
2623000: system.cpu: T0 : 0x140c4    : fsd fs6, 160(a0)           : FloatMemWrite :  D=0x0000000000000000 A=0x7ffffffffffffea8
2623500: system.cpu: T0 : 0x140c8    : fsd fs7, 168(a0)           : FloatMemWrite :  D=0x0000000000000000 A=0x7ffffffffffffeb0
2624000: system.cpu: T0 : 0x140cc    : fsd fs8, 176(a0)           : FloatMemWrite :  D=0x0000000000000000 A=0x7ffffffffffffeb8
2624500: system.cpu: T0 : 0x140d0    : fsd fs9, 184(a0)           : FloatMemWrite :  D=0x0000000000000000 A=0x7ffffffffffffec0
2625000: system.cpu: T0 : 0x140d4    : fsd fs10, 192(a0)          : FloatMemWrite :  D=0x0000000000000000 A=0x7ffffffffffffec8
2625500: system.cpu: T0 : 0x140d8    : fsd fs11, 200(a0)          : FloatMemWrite :  D=0x0000000000000000 A=0x7ffffffffffffed0
2626000: system.cpu: T0 : 0x140dc    : jal zero, 4                : IntAlu :  D=0x00000000000140e0
2626500: system.cpu: T0 : 0x140e0    : c_addi sp, -16             : IntAlu :  D=0x7ffffffffffffdd0
2627000: system.cpu: T0 : 0x140e2    : c_sdsp s0, 0(sp)           : MemWrite :  D=0x0000000000010978 A=0x7ffffffffffffdd0
2627500: system.cpu: T0 : 0x140e4    : c_sdsp ra, 8(sp)           : MemWrite :  D=0x000000000001061e A=0x7ffffffffffffdd8
2628000: system.cpu: T0 : 0x140e6    : c_mv s0, a0                : IntAlu :  D=0x7ffffffffffffe08
2628500: system.cpu: T0 : 0x140e8    : c_bnez a1, 16              : IntAlu : 
2629000: system.cpu: T0 : 0x140ea    : c_ldsp ra, 8(sp)           : MemRead :  D=0x000000000001061e A=0x7ffffffffffffdd8
2629500: system.cpu: T0 : 0x140ec    : sw a1, 208(s0)             : MemWrite :  D=0x0000000000000000 A=0x7ffffffffffffed8
2630000: system.cpu: T0 : 0x140f0    : c_ldsp s0, 0(sp)           : MemRead :  D=0x0000000000010978 A=0x7ffffffffffffdd0
2630500: system.cpu: T0 : 0x140f2    : c_li a0, 0                 : IntAlu :  D=0x0000000000000000
2631000: system.cpu: T0 : 0x140f4    : c_addi sp, 16              : IntAlu :  D=0x7ffffffffffffde0
2631500: system.cpu: T0 : 0x140f6    : c_jr ra                    : IntAlu : 
2632000: system.cpu: T0 : 0x1061e    : c_bnez a0, 166             : IntAlu : 
2632500: system.cpu: T0 : 0x10620    : ld a3, -1552(tp)           : MemRead :  D=0x0000000000000000 A=0x72100
2633000: system.cpu: T0 : 0x10624    : ld a4, -1560(tp)           : MemRead :  D=0x0000000000000000 A=0x720f8
2633500: system.cpu: T0 : 0x10628    : ld a2, -1360(gp)           : MemRead :  D=0x7fffffffffffff38 A=0x70ad8
2634000: system.cpu: T0 : 0x1062c    : c_ldsp a1, 16(sp)          : MemRead :  D=0x7fffffffffffff28 A=0x7ffffffffffffdf0
2634500: system.cpu: T0 : 0x1062e    : c_ldsp a0, 8(sp)           : MemRead :  D=0x0000000000000001 A=0x7ffffffffffffde8
2635000: system.cpu: T0 : 0x10630    : c_ldsp a5, 24(sp)          : MemRead :  D=0x0000000000010458 A=0x7ffffffffffffdf8
2635500: system.cpu: T0 : 0x10632    : c_sdsp a4, 264(sp)         : MemWrite :  D=0x0000000000000000 A=0x7ffffffffffffee8
2636000: system.cpu: T0 : 0x10634    : c_sdsp a3, 256(sp)         : MemWrite :  D=0x0000000000000000 A=0x7ffffffffffffee0
2636500: system.cpu: T0 : 0x10636    : c_addi4spn a4, sp, 40      : IntAlu :  D=0x7ffffffffffffe08
2637000: system.cpu: T0 : 0x10638    : sd a4, -1552(tp)           : MemWrite :  D=0x7ffffffffffffe08 A=0x72100
2637500: system.cpu: T0 : 0x1063c    : c_jalr a5                  : IntAlu :  D=0x000000000001063e
2638000: system.cpu: T0 : 0x10458    : c_addi sp, -32             : IntAlu :  D=0x7ffffffffffffdc0
2638500: system.cpu: T0 : 0x1045a    : c_sdsp ra, 24(sp)          : MemWrite :  D=0x000000000001063e A=0x7ffffffffffffdd8
2639000: system.cpu: T0 : 0x1045c    : c_sdsp s0, 16(sp)          : MemWrite :  D=0x0000000000010978 A=0x7ffffffffffffdd0
2639500: system.cpu: T0 : 0x1045e    : c_addi4spn s0, sp, 32      : IntAlu :  D=0x7ffffffffffffde0
2640000: system.cpu: T0 : 0x10460    : c_li a1, 7                 : IntAlu :  D=0x0000000000000007
2640500: system.cpu: T0 : 0x10462    : c_li a0, 5                 : IntAlu :  D=0x0000000000000005
2641000: system.cpu: T0 : 0x10464    : jal ra, -52                : IntAlu :  D=0x0000000000010468
2641500: system.cpu: T0 : 0x10430    : c_addi sp, -32             : IntAlu :  D=0x7ffffffffffffda0
2642000: system.cpu: T0 : 0x10432    : c_sdsp s0, 24(sp)          : MemWrite :  D=0x7ffffffffffffde0 A=0x7ffffffffffffdb8
2642500: system.cpu: T0 : 0x10434    : c_addi4spn s0, sp, 32      : IntAlu :  D=0x7ffffffffffffdc0
2643000: system.cpu: T0 : 0x10436    : c_mv a5, a0                : IntAlu :  D=0x0000000000000005
2643500: system.cpu: T0 : 0x10438    : c_mv a4, a1                : IntAlu :  D=0x0000000000000007
2644500: system.cpu: T0 : 0x1043a    : sw a5, -20(s0)             : MemWrite :  D=0x0000000000000005 A=0x7ffffffffffffdac
2645000: system.cpu: T0 : 0x1043e    : c_mv a5, a4                : IntAlu :  D=0x0000000000000007
2645500: system.cpu: T0 : 0x10440    : sw a5, -24(s0)             : MemWrite :  D=0x0000000000000007 A=0x7ffffffffffffda8
2646000: system.cpu: T0 : 0x10444    : lw a4, -20(s0)             : MemRead :  D=0x0000000000000005 A=0x7ffffffffffffdac
2646500: system.cpu: T0 : 0x10448    : lw a5, -24(s0)             : MemRead :  D=0x0000000000000007 A=0x7ffffffffffffda8
2647000: system.cpu: T0 : 0x1044c    : c_addw a5, a4              : IntAlu :  D=0x000000000000000c
2647500: system.cpu: T0 : 0x1044e    : c_addiw a5, 0              : IntAlu :  D=0x000000000000000c
2648000: system.cpu: T0 : 0x10450    : c_mv a0, a5                : IntAlu :  D=0x000000000000000c
2648500: system.cpu: T0 : 0x10452    : c_ldsp s0, 24(sp)          : MemRead :  D=0x7ffffffffffffde0 A=0x7ffffffffffffdb8
2649000: system.cpu: T0 : 0x10454    : c_addi16sp sp, 32          : IntAlu :  D=0x7ffffffffffffdc0
2649500: system.cpu: T0 : 0x10456    : c_jr ra                    : IntAlu : 
2650000: system.cpu: T0 : 0x10468    : c_mv a5, a0                : IntAlu :  D=0x000000000000000c
2651000: system.cpu: T0 : 0x1046a    : sw a5, -28(s0)             : MemWrite :  D=0x000000000000000c A=0x7ffffffffffffdc4
2651500: system.cpu: T0 : 0x1046e    : c_li a5, 2                 : IntAlu :  D=0x0000000000000002
2652000: system.cpu: T0 : 0x10470    : sw a5, -24(s0)             : MemWrite :  D=0x0000000000000002 A=0x7ffffffffffffdc8
2652500: system.cpu: T0 : 0x10474    : lw a4, -24(s0)             : MemRead :  D=0x0000000000000002 A=0x7ffffffffffffdc8
2653000: system.cpu: T0 : 0x10478    : lw a5, -28(s0)             : MemRead :  D=0x000000000000000c A=0x7ffffffffffffdc4
2653500: system.cpu: T0 : 0x1047c    : mulw a5, a4, a5            : IntMult :  D=0x0000000000000018
2654000: system.cpu: T0 : 0x10480    : sw a5, -24(s0)             : MemWrite :  D=0x0000000000000018 A=0x7ffffffffffffdc8
2654500: system.cpu: T0 : 0x10484    : c_li a1, 4                 : IntAlu :  D=0x0000000000000004
2655000: system.cpu: T0 : 0x10486    : c_li a0, 3                 : IntAlu :  D=0x0000000000000003
2655500: system.cpu: T0 : 0x10488    : jal ra, -88                : IntAlu :  D=0x000000000001048c
2656000: system.cpu: T0 : 0x10430    : c_addi sp, -32             : IntAlu :  D=0x7ffffffffffffda0
2656500: system.cpu: T0 : 0x10432    : c_sdsp s0, 24(sp)          : MemWrite :  D=0x7ffffffffffffde0 A=0x7ffffffffffffdb8
2657000: system.cpu: T0 : 0x10434    : c_addi4spn s0, sp, 32      : IntAlu :  D=0x7ffffffffffffdc0
2657500: system.cpu: T0 : 0x10436    : c_mv a5, a0                : IntAlu :  D=0x0000000000000003
2658000: system.cpu: T0 : 0x10438    : c_mv a4, a1                : IntAlu :  D=0x0000000000000004
2659000: system.cpu: T0 : 0x1043a    : sw a5, -20(s0)             : MemWrite :  D=0x0000000000000003 A=0x7ffffffffffffdac
2659500: system.cpu: T0 : 0x1043e    : c_mv a5, a4                : IntAlu :  D=0x0000000000000004
2660000: system.cpu: T0 : 0x10440    : sw a5, -24(s0)             : MemWrite :  D=0x0000000000000004 A=0x7ffffffffffffda8
2660500: system.cpu: T0 : 0x10444    : lw a4, -20(s0)             : MemRead :  D=0x0000000000000003 A=0x7ffffffffffffdac
2661000: system.cpu: T0 : 0x10448    : lw a5, -24(s0)             : MemRead :  D=0x0000000000000004 A=0x7ffffffffffffda8
2661500: system.cpu: T0 : 0x1044c    : c_addw a5, a4              : IntAlu :  D=0x0000000000000007
2662000: system.cpu: T0 : 0x1044e    : c_addiw a5, 0              : IntAlu :  D=0x0000000000000007
2662500: system.cpu: T0 : 0x10450    : c_mv a0, a5                : IntAlu :  D=0x0000000000000007
2663000: system.cpu: T0 : 0x10452    : c_ldsp s0, 24(sp)          : MemRead :  D=0x7ffffffffffffde0 A=0x7ffffffffffffdb8
2663500: system.cpu: T0 : 0x10454    : c_addi16sp sp, 32          : IntAlu :  D=0x7ffffffffffffdc0
2664000: system.cpu: T0 : 0x10456    : c_jr ra                    : IntAlu : 
2664500: system.cpu: T0 : 0x1048c    : c_mv a5, a0                : IntAlu :  D=0x0000000000000007
2665500: system.cpu: T0 : 0x1048e    : sw a5, -20(s0)             : MemWrite :  D=0x0000000000000007 A=0x7ffffffffffffdcc
2666500: system.cpu: T0 : 0x10492    : lw a4, -24(s0)             : MemRead :  D=0x0000000000000018 A=0x7ffffffffffffdc8
2667500: system.cpu: T0 : 0x10496    : lw a5, -20(s0)             : MemRead :  D=0x0000000000000007 A=0x7ffffffffffffdcc
2668000: system.cpu: T0 : 0x1049a    : c_addw a5, a4              : IntAlu :  D=0x000000000000001f
2668500: system.cpu: T0 : 0x1049c    : sw a5, -24(s0)             : MemWrite :  D=0x000000000000001f A=0x7ffffffffffffdc8
2669000: system.cpu: T0 : 0x104a0    : c_li a5, 0                 : IntAlu :  D=0x0000000000000000
2669500: system.cpu: T0 : 0x104a2    : c_mv a0, a5                : IntAlu :  D=0x0000000000000000
2670000: system.cpu: T0 : 0x104a4    : c_ldsp ra, 24(sp)          : MemRead :  D=0x000000000001063e A=0x7ffffffffffffdd8
2670500: system.cpu: T0 : 0x104a6    : c_ldsp s0, 16(sp)          : MemRead :  D=0x0000000000010978 A=0x7ffffffffffffdd0
2671000: system.cpu: T0 : 0x104a8    : c_addi16sp sp, 32          : IntAlu :  D=0x7ffffffffffffde0
2671500: system.cpu: T0 : 0x104aa    : c_jr ra                    : IntAlu : 
2672500: system.cpu: T0 : 0x1063e    : jal ra, 17142              : IntAlu :  D=0x0000000000010642
2673000: system.cpu: T0 : 0x14934    : c_addi sp, -16             : IntAlu :  D=0x7ffffffffffffdd0
2673500: system.cpu: T0 : 0x14936    : c_li a3, 1                 : IntAlu :  D=0x0000000000000001
2674000: system.cpu: T0 : 0x14938    : c_li a2, 1                 : IntAlu :  D=0x0000000000000001
2675000: system.cpu: T0 : 0x1493a    : addi a1, gp, -1936         : IntAlu :  D=0x0000000000070898
2675500: system.cpu: T0 : 0x1493e    : c_sdsp ra, 8(sp)           : MemWrite :  D=0x0000000000010642 A=0x7ffffffffffffdd8
2676000: system.cpu: T0 : 0x14940    : jal ra, -468               : IntAlu :  D=0x0000000000014944
2676500: system.cpu: T0 : 0x1476c    : c_addi16sp sp, -128        : IntAlu :  D=0x7ffffffffffffd50
2677000: system.cpu: T0 : 0x1476e    : c_sdsp s6, 64(sp)          : MemWrite :  D=0x0000000000000000 A=0x7ffffffffffffd90
2677500: system.cpu: T0 : 0x14770    : c_sdsp s7, 56(sp)          : MemWrite :  D=0x0000000000000000 A=0x7ffffffffffffd88
2678000: system.cpu: T0 : 0x14772    : c_sdsp ra, 120(sp)         : MemWrite :  D=0x0000000000014944 A=0x7ffffffffffffdc8
2678500: system.cpu: T0 : 0x14774    : c_sdsp s0, 112(sp)         : MemWrite :  D=0x0000000000010978 A=0x7ffffffffffffdc0
2679000: system.cpu: T0 : 0x14776    : c_sdsp s1, 104(sp)         : MemWrite :  D=0x0000000000010a08 A=0x7ffffffffffffdb8
2679500: system.cpu: T0 : 0x14778    : c_sdsp s2, 96(sp)          : MemWrite :  D=0x0000000000000000 A=0x7ffffffffffffdb0
2680000: system.cpu: T0 : 0x1477a    : c_sdsp s3, 88(sp)          : MemWrite :  D=0x0000000000000000 A=0x7ffffffffffffda8
2680500: system.cpu: T0 : 0x1477c    : c_sdsp s4, 80(sp)          : MemWrite :  D=0x0000000000000000 A=0x7ffffffffffffda0
2681000: system.cpu: T0 : 0x1477e    : c_sdsp s5, 72(sp)          : MemWrite :  D=0x0000000000000000 A=0x7ffffffffffffd98
2681500: system.cpu: T0 : 0x14780    : c_sdsp s8, 48(sp)          : MemWrite :  D=0x0000000000000000 A=0x7ffffffffffffd80
2682000: system.cpu: T0 : 0x14782    : c_sdsp s9, 40(sp)          : MemWrite :  D=0x0000000000000000 A=0x7ffffffffffffd78
2682500: system.cpu: T0 : 0x14784    : c_sdsp s10, 32(sp)         : MemWrite :  D=0x0000000000000000 A=0x7ffffffffffffd70
2683000: system.cpu: T0 : 0x14786    : c_sdsp s11, 24(sp)         : MemWrite :  D=0x0000000000000000 A=0x7ffffffffffffd68
2683500: system.cpu: T0 : 0x14788    : addi a5, zero, 0           : IntAlu :  D=0x0000000000000000
2684000: system.cpu: T0 : 0x1478c    : c_sdsp a2, 8(sp)           : MemWrite :  D=0x0000000000000001 A=0x7ffffffffffffd58
2684500: system.cpu: T0 : 0x1478e    : c_mv s6, a0                : IntAlu :  D=0x0000000000000000
2685000: system.cpu: T0 : 0x14790    : c_mv s7, a1                : IntAlu :  D=0x0000000000070898
2685500: system.cpu: T0 : 0x14792    : c_beqz a5, 6               : IntAlu : 
2686000: system.cpu: T0 : 0x14798    : lui s9, 114                : IntAlu :  D=0x0000000000072000
2686500: system.cpu: T0 : 0x1479c    : lui s11, 114               : IntAlu :  D=0x0000000000072000
2687000: system.cpu: T0 : 0x147a0    : c_li s4, 0                 : IntAlu :  D=0x0000000000000000
2687500: system.cpu: T0 : 0x147a2    : c_li s3, 1                 : IntAlu :  D=0x0000000000000001
2688000: system.cpu: T0 : 0x147a4    : c_li a4, 1                 : IntAlu :  D=0x0000000000000001
2689000: system.cpu: T0 : 0x147a6    : addi a3, s9, -608          : IntAlu :  D=0x0000000000071da0
2690000: system.cpu: T0 : 0x147aa    : lr_w a5, (a3)             
2690000: system.cpu: T0 : 0x147aa. 0 : lr_w a5, (a3)              : MemRead :  D=0x0000000000000000 A=0x71da0
2690500: system.cpu: T0 : 0x147ae    : c_bnez a5, 8               : IntAlu : 
2691000: system.cpu: T0 : 0x147b0    : sc_w_aq a2, a4, (a3)      
2691000: system.cpu: T0 : 0x147b0. 0 : sc_w a2, a4, (a3)          : MemWrite :  D=0x0000000000000000 A=0x71da0
2691500: system.cpu: T0 : 0x147b0. 1 : 0x1ce6a62f fence           : No_OpClass : 
2692000: system.cpu: T0 : 0x147b4    : c_bnez a2, -10             : IntAlu : 
2692500: system.cpu: T0 : 0x147b6    : c_addiw a5, 0              : IntAlu :  D=0x0000000000000000
2693000: system.cpu: T0 : 0x147b8    : bne a5, zero, 338          : IntAlu : 
2693500: system.cpu: T0 : 0x147bc    : ld s10, 0(s7)              : MemRead :  D=0x0000000000071140 A=0x70898
2694000: system.cpu: T0 : 0x147c0    : beq s10, zero, 152         : IntAlu : 
2694500: system.cpu: T0 : 0x147c4    : c_li s5, 3                 : IntAlu :  D=0x0000000000000003
2695000: system.cpu: T0 : 0x147c6    : c_li s2, 4                 : IntAlu :  D=0x0000000000000004
2695500: system.cpu: T0 : 0x147c8    : c_li s1, 2                 : IntAlu :  D=0x0000000000000002
2696000: system.cpu: T0 : 0x147ca    : c_li s0, 1                 : IntAlu :  D=0x0000000000000001
2696500: system.cpu: T0 : 0x147cc    : c_j 34                     : IntAlu : 
2697500: system.cpu: T0 : 0x147ee    : ld a5, 8(s10)              : MemRead :  D=0x0000000000000001 A=0x71148
2698000: system.cpu: T0 : 0x147f2    : c_beqz a5, 222             : IntAlu : 
2698500: system.cpu: T0 : 0x147f4    : ld s8, -600(s11)           : MemRead :  D=0x0000000000000001 A=0x71da8
2699000: system.cpu: T0 : 0x147f8    : c_addi a5, -1              : IntAlu :  D=0x0000000000000000
2700000: system.cpu: T0 : 0x147fa    : sd a5, 8(s10)              : MemWrite :  D=0x0000000000000000 A=0x71148
2700500: system.cpu: T0 : 0x147fe    : c_mv a4, s4                : IntAlu :  D=0x0000000000000000
2701000: system.cpu: T0 : 0x14800    : addi a3, s9, -608          : IntAlu :  D=0x0000000000071da0
2701500: system.cpu: T0 : 0x14804    : fence iorw, ow             : No_OpClass : 
2702000: system.cpu: T0 : 0x14808    : amoswap_w a4, a4, (a3)    
2702000: system.cpu: T0 : 0x14808. 0 : amoswap_w[l] a4, a4, (a3)  : MemRead :  D=0x0000000000000001 A=0x71da0
2702500: system.cpu: T0 : 0x1480c    : c_addiw a4, 0              : IntAlu :  D=0x0000000000000001
2703500: system.cpu: T0 : 0x1480e    : blt s3, a4, 172            : IntAlu : 
2704000: system.cpu: T0 : 0x14812    : c_slli a5, 5               : IntAlu :  D=0x0000000000000000
2704500: system.cpu: T0 : 0x14814    : c_add a5, s10              : IntAlu :  D=0x0000000000071140
2705000: system.cpu: T0 : 0x14816    : c_ld a4, 16(a5)            : MemRead :  D=0x0000000000000004 A=0x71150
2705500: system.cpu: T0 : 0x14818    : beq a4, s5, 146            : IntAlu : 
2706000: system.cpu: T0 : 0x1481c    : bne a4, s2, -78            : IntAlu : 
2706500: system.cpu: T0 : 0x14820    : c_ld a4, 24(a5)            : MemRead :  D=0x0000000000010a08 A=0x71158
2707000: system.cpu: T0 : 0x14822    : c_ld a0, 32(a5)            : MemRead :  D=0x0000000000000000 A=0x71160
2707500: system.cpu: T0 : 0x14824    : sd zero, 16(a5)            : MemWrite :  D=0x0000000000000000 A=0x71150
2708000: system.cpu: T0 : 0x14828    : c_mv a1, s6                : IntAlu :  D=0x0000000000000000
2708500: system.cpu: T0 : 0x1482a    : c_jalr a4                  : IntAlu :  D=0x000000000001482c
2709000: system.cpu: T0 : 0x10a08    : c_addi sp, -32             : IntAlu :  D=0x7ffffffffffffd30
2709500: system.cpu: T0 : 0x10a0a    : c_sdsp s0, 16(sp)          : MemWrite :  D=0x0000000000000001 A=0x7ffffffffffffd40
2710000: system.cpu: T0 : 0x10a0c    : lui a5, 111                : IntAlu :  D=0x000000000006f000
2710500: system.cpu: T0 : 0x10a10    : lui s0, 111                : IntAlu :  D=0x000000000006f000
2711000: system.cpu: T0 : 0x10a14    : addi s0, s0, -1280         : IntAlu :  D=0x000000000006eb00
2711500: system.cpu: T0 : 0x10a18    : addi a5, a5, -1264         : IntAlu :  D=0x000000000006eb10
2712000: system.cpu: T0 : 0x10a1c    : c_sub a5, s0               : IntAlu :  D=0x0000000000000010
2712500: system.cpu: T0 : 0x10a1e    : c_sdsp ra, 24(sp)          : MemWrite :  D=0x000000000001482c A=0x7ffffffffffffd48
2713000: system.cpu: T0 : 0x10a20    : c_sdsp s1, 8(sp)           : MemWrite :  D=0x0000000000000002 A=0x7ffffffffffffd38
2713500: system.cpu: T0 : 0x10a22    : c_sdsp s2, 0(sp)           : MemWrite :  D=0x0000000000000004 A=0x7ffffffffffffd30
2714000: system.cpu: T0 : 0x10a24    : srai a4, a5, 3             : IntAlu :  D=0x0000000000000002
2714500: system.cpu: T0 : 0x10a28    : c_beqz a4, 24              : IntAlu : 
2715000: system.cpu: T0 : 0x10a2a    : c_addi a5, -8              : IntAlu :  D=0x0000000000000008
2715500: system.cpu: T0 : 0x10a2c    : addi s1, a4, -1            : IntAlu :  D=0x0000000000000001
2716000: system.cpu: T0 : 0x10a30    : c_add s0, a5               : IntAlu :  D=0x000000000006eb08
2716500: system.cpu: T0 : 0x10a32    : c_li s2, -1                : IntAlu :  D=0xffffffffffffffff
2717000: system.cpu: T0 : 0x10a34    : c_ld a5, 0(s0)             : MemRead :  D=0x0000000000010340 A=0x6eb08
2717500: system.cpu: T0 : 0x10a36    : c_addi s1, -1              : IntAlu :  D=0x0000000000000000
2718000: system.cpu: T0 : 0x10a38    : c_addi s0, -8              : IntAlu :  D=0x000000000006eb00
2718500: system.cpu: T0 : 0x10a3a    : c_jalr a5                  : IntAlu :  D=0x0000000000010a3c
2719000: system.cpu: T0 : 0x10340    : addi a0, gp, 1616          : IntAlu :  D=0x0000000000071678
2719500: system.cpu: T0 : 0x10344    : jal zero, 208974           : IntAlu :  D=0x0000000000010348
2720000: system.cpu: T0 : 0x43392    : c_addi sp, -32             : IntAlu :  D=0x7ffffffffffffd10
2720500: system.cpu: T0 : 0x43394    : c_sdsp s1, 8(sp)           : MemWrite :  D=0x0000000000000000 A=0x7ffffffffffffd18
2721000: system.cpu: T0 : 0x43396    : c_ld s1, 0(a0)             : MemRead :  D=0x0000000000000000 A=0x71678
2721500: system.cpu: T0 : 0x43398    : c_sdsp ra, 24(sp)          : MemWrite :  D=0x0000000000010a3c A=0x7ffffffffffffd28
2722000: system.cpu: T0 : 0x4339a    : c_sdsp s0, 16(sp)          : MemWrite :  D=0x000000000006eb00 A=0x7ffffffffffffd20
2722500: system.cpu: T0 : 0x4339c    : c_beqz s1, 20              : IntAlu : 
2723000: system.cpu: T0 : 0x433b0    : c_ldsp ra, 24(sp)          : MemRead :  D=0x0000000000010a3c A=0x7ffffffffffffd28
2723500: system.cpu: T0 : 0x433b2    : c_ldsp s0, 16(sp)          : MemRead :  D=0x000000000006eb00 A=0x7ffffffffffffd20
2724000: system.cpu: T0 : 0x433b4    : c_ldsp s1, 8(sp)           : MemRead :  D=0x0000000000000000 A=0x7ffffffffffffd18
2724500: system.cpu: T0 : 0x433b6    : c_addi16sp sp, 32          : IntAlu :  D=0x7ffffffffffffd30
2725000: system.cpu: T0 : 0x433b8    : c_jr ra                    : IntAlu : 
2725500: system.cpu: T0 : 0x10a3c    : bne s1, s2, -8             : IntAlu : 
2726000: system.cpu: T0 : 0x10a34    : c_ld a5, 0(s0)             : MemRead :  D=0x00000000000103d6 A=0x6eb00
2726500: system.cpu: T0 : 0x10a36    : c_addi s1, -1              : IntAlu :  D=0xffffffffffffffff
2727000: system.cpu: T0 : 0x10a38    : c_addi s0, -8              : IntAlu :  D=0x000000000006eaf8
2727500: system.cpu: T0 : 0x10a3a    : c_jalr a5                  : IntAlu :  D=0x0000000000010a3c
2728000: system.cpu: T0 : 0x103d6    : c_addi sp, -16             : IntAlu :  D=0x7ffffffffffffd20
2728500: system.cpu: T0 : 0x103d8    : c_sdsp s0, 0(sp)           : MemWrite :  D=0x000000000006eaf8 A=0x7ffffffffffffd20
2729500: system.cpu: T0 : 0x103da    : lbu a5, -1016(gp)          : MemRead :  D=0x0000000000000000 A=0x70c30
2730000: system.cpu: T0 : 0x103de    : c_sdsp ra, 8(sp)           : MemWrite :  D=0x0000000000010a3c A=0x7ffffffffffffd28
2730500: system.cpu: T0 : 0x103e0    : c_bnez a5, 34              : IntAlu : 
2731500: system.cpu: T0 : 0x103e2    : jal ra, -96                : IntAlu :  D=0x00000000000103e6
2732500: system.cpu: T0 : 0x10382    : lui a0, 112                : IntAlu :  D=0x0000000000070000
2733500: system.cpu: T0 : 0x10386    : lui a4, 112                : IntAlu :  D=0x0000000000070000
2734500: system.cpu: T0 : 0x1038a    : addi a5, a0, 2032          : IntAlu :  D=0x00000000000707f0
2735500: system.cpu: T0 : 0x1038e    : addi a4, a4, 2032          : IntAlu :  D=0x00000000000707f0
2736500: system.cpu: T0 : 0x10392    : beq a4, a5, 18             : IntAlu : 
2737000: system.cpu: T0 : 0x103a4    : c_jr ra                    : IntAlu : 
2738000: system.cpu: T0 : 0x103e6    : lui a5, 76                 : IntAlu :  D=0x000000000004c000
2739000: system.cpu: T0 : 0x103ea    : addi a5, a5, 1532          : IntAlu :  D=0x000000000004c5fc
2739500: system.cpu: T0 : 0x103ee    : c_beqz a5, 14              : IntAlu : 
2740000: system.cpu: T0 : 0x103f0    : lui a0, 106                : IntAlu :  D=0x000000000006a000
2740500: system.cpu: T0 : 0x103f4    : addi a0, a0, 352           : IntAlu :  D=0x000000000006a160
2741000: system.cpu: T0 : 0x103f8    : jal ra, 246276             : IntAlu :  D=0x00000000000103fc
2741500: system.cpu: T0 : 0x4c5fc    : c_j -222                   : IntAlu : 
2742000: system.cpu: T0 : 0x4c51e    : c_addi sp, -32             : IntAlu :  D=0x7ffffffffffffd00
2742500: system.cpu: T0 : 0x4c520    : c_sdsp ra, 24(sp)          : MemWrite :  D=0x00000000000103fc A=0x7ffffffffffffd18
2743000: system.cpu: T0 : 0x4c522    : c_sdsp s0, 16(sp)          : MemWrite :  D=0x000000000006eaf8 A=0x7ffffffffffffd10
2743500: system.cpu: T0 : 0x4c524    : c_sdsp s1, 8(sp)           : MemWrite :  D=0xffffffffffffffff A=0x7ffffffffffffd08
2744000: system.cpu: T0 : 0x4c526    : c_sdsp s2, 0(sp)           : MemWrite :  D=0xffffffffffffffff A=0x7ffffffffffffd00
2744500: system.cpu: T0 : 0x4c528    : c_beqz a0, 160             : IntAlu : 
2745000: system.cpu: T0 : 0x4c52a    : c_lw a5, 0(a0)             : MemRead :  D=0x000000000000001c A=0x6a160
2745500: system.cpu: T0 : 0x4c52c    : c_mv s1, a0                : IntAlu :  D=0x000000000006a160
2746000: system.cpu: T0 : 0x4c52e    : c_beqz a5, 154             : IntAlu : 
2746500: system.cpu: T0 : 0x4c530    : auipc s2, 36               : IntAlu :  D=0x0000000000070530
2747000: system.cpu: T0 : 0x4c534    : ld s2, 728(s2)             : MemRead :  D=0x0000000000000000 A=0x70808
2747500: system.cpu: T0 : 0x4c538    : beq s2, zero, 22           : IntAlu : 
2748500: system.cpu: T0 : 0x4c54e    : addi a2, gp, 1880          : IntAlu :  D=0x0000000000071780
2749500: system.cpu: T0 : 0x4c552    : ld a5, 448(a2)             : MemRead :  D=0x0000000000070c38 A=0x71940
2750000: system.cpu: T0 : 0x4c556    : c_beqz a5, 66              : IntAlu : 
2750500: system.cpu: T0 : 0x4c558    : auipc a3, 37               : IntAlu :  D=0x0000000000071558
2751000: system.cpu: T0 : 0x4c55c    : addi a3, a3, 1000          : IntAlu :  D=0x0000000000071940
2751500: system.cpu: T0 : 0x4c560    : c_j 8                      : IntAlu : 
2752000: system.cpu: T0 : 0x4c568    : c_ld a4, 24(a5)            : MemRead :  D=0x000000000006a160 A=0x70c50
2752500: system.cpu: T0 : 0x4c56a    : c_mv s0, a5                : IntAlu :  D=0x0000000000070c38
2753000: system.cpu: T0 : 0x4c56c    : c_ld a5, 40(a5)            : MemRead :  D=0x0000000000000000 A=0x70c60
2754000: system.cpu: T0 : 0x4c56e    : bne s1, a4, -12            : IntAlu : 
2754500: system.cpu: T0 : 0x4c572    : c_sd a5, 0(a3)             : MemWrite :  D=0x0000000000000000 A=0x71940
2755000: system.cpu: T0 : 0x4c574    : beq s2, zero, 22           : IntAlu : 
2755500: system.cpu: T0 : 0x4c58a    : c_ldsp ra, 24(sp)          : MemRead :  D=0x00000000000103fc A=0x7ffffffffffffd18
2756000: system.cpu: T0 : 0x4c58c    : c_mv a0, s0                : IntAlu :  D=0x0000000000070c38
2756500: system.cpu: T0 : 0x4c58e    : c_ldsp s0, 16(sp)          : MemRead :  D=0x000000000006eaf8 A=0x7ffffffffffffd10
2757000: system.cpu: T0 : 0x4c590    : c_ldsp s1, 8(sp)           : MemRead :  D=0xffffffffffffffff A=0x7ffffffffffffd08
2757500: system.cpu: T0 : 0x4c592    : c_ldsp s2, 0(sp)           : MemRead :  D=0xffffffffffffffff A=0x7ffffffffffffd00
2758000: system.cpu: T0 : 0x4c594    : c_addi16sp sp, 32          : IntAlu :  D=0x7ffffffffffffd20
2758500: system.cpu: T0 : 0x4c596    : c_jr ra                    : IntAlu : 
2759000: system.cpu: T0 : 0x103fc    : c_li a5, 1                 : IntAlu :  D=0x0000000000000001
2760000: system.cpu: T0 : 0x103fe    : sb a5, -1016(gp)           : MemWrite :  D=0x0000000000000001 A=0x70c30
2760500: system.cpu: T0 : 0x10402    : c_ldsp ra, 8(sp)           : MemRead :  D=0x0000000000010a3c A=0x7ffffffffffffd28
2761000: system.cpu: T0 : 0x10404    : c_ldsp s0, 0(sp)           : MemRead :  D=0x000000000006eaf8 A=0x7ffffffffffffd20
2761500: system.cpu: T0 : 0x10406    : c_addi sp, 16              : IntAlu :  D=0x7ffffffffffffd30
2762000: system.cpu: T0 : 0x10408    : c_jr ra                    : IntAlu : 
2762500: system.cpu: T0 : 0x10a3c    : bne s1, s2, -8             : IntAlu : 
2763000: system.cpu: T0 : 0x10a40    : c_ldsp ra, 24(sp)          : MemRead :  D=0x000000000001482c A=0x7ffffffffffffd48
2763500: system.cpu: T0 : 0x10a42    : c_ldsp s0, 16(sp)          : MemRead :  D=0x0000000000000001 A=0x7ffffffffffffd40
2764000: system.cpu: T0 : 0x10a44    : c_ldsp s1, 8(sp)           : MemRead :  D=0x0000000000000002 A=0x7ffffffffffffd38
2764500: system.cpu: T0 : 0x10a46    : c_ldsp s2, 0(sp)           : MemRead :  D=0x0000000000000004 A=0x7ffffffffffffd30
2765000: system.cpu: T0 : 0x10a48    : c_addi16sp sp, 32          : IntAlu :  D=0x7ffffffffffffd50
2765500: system.cpu: T0 : 0x10a4a    : c_jr ra                    : IntAlu : 
2766000: system.cpu: T0 : 0x1482c    : addi a4, s9, -608          : IntAlu :  D=0x0000000000071da0
2766500: system.cpu: T0 : 0x14830    : lr_w a5, (a4)             
2766500: system.cpu: T0 : 0x14830. 0 : lr_w a5, (a4)              : MemRead :  D=0x0000000000000000 A=0x71da0
2767000: system.cpu: T0 : 0x14834    : c_bnez a5, 8               : IntAlu : 
2768000: system.cpu: T0 : 0x14836    : sc_w_aq a3, s0, (a4)      
2768000: system.cpu: T0 : 0x14836. 0 : sc_w a3, s0, (a4)          : MemWrite :  D=0x0000000000000000 A=0x71da0
2768500: system.cpu: T0 : 0x14836. 1 : 0x1c8726af fence           : No_OpClass : 
2769000: system.cpu: T0 : 0x1483a    : c_bnez a3, -10             : IntAlu : 
2769500: system.cpu: T0 : 0x1483c    : c_addiw a5, 0              : IntAlu :  D=0x0000000000000000
2770000: system.cpu: T0 : 0x1483e    : c_beqz a5, -88             : IntAlu : 
2771000: system.cpu: T0 : 0x147e6    : ld a5, -600(s11)           : MemRead :  D=0x0000000000000001 A=0x71da8
2772000: system.cpu: T0 : 0x147ea    : bne a5, s8, 102            : IntAlu : 
2773000: system.cpu: T0 : 0x147ee    : ld a5, 8(s10)              : MemRead :  D=0x0000000000000000 A=0x71148
2773500: system.cpu: T0 : 0x147f2    : c_beqz a5, 222             : IntAlu : 
2774000: system.cpu: T0 : 0x148d0    : ld a5, 0(s10)              : MemRead :  D=0x0000000000000000 A=0x71140
2774500: system.cpu: T0 : 0x148d4    : sd a5, 0(s7)               : MemWrite :  D=0x0000000000000000 A=0x70898
2775000: system.cpu: T0 : 0x148d8    : c_beqz a5, 8               : IntAlu : 
2775500: system.cpu: T0 : 0x148e0    : c_mv a5, s4                : IntAlu :  D=0x0000000000000000
2776500: system.cpu: T0 : 0x148e2    : addi a4, s9, -608          : IntAlu :  D=0x0000000000071da0
2777500: system.cpu: T0 : 0x148e6    : fence iorw, ow             : No_OpClass : 
2778500: system.cpu: T0 : 0x148ea    : amoswap_w a5, a5, (a4)    
2778500: system.cpu: T0 : 0x148ea. 0 : amoswap_w[l] a5, a5, (a4)  : MemRead :  D=0x0000000000000001 A=0x71da0
2779000: system.cpu: T0 : 0x148ee    : c_addiw a5, 0              : IntAlu :  D=0x0000000000000001
2779500: system.cpu: T0 : 0x148f0    : bge s3, a5, -332           : IntAlu : 
2780000: system.cpu: T0 : 0x147a4    : c_li a4, 1                 : IntAlu :  D=0x0000000000000001
2781000: system.cpu: T0 : 0x147a6    : addi a3, s9, -608          : IntAlu :  D=0x0000000000071da0
2782000: system.cpu: T0 : 0x147aa    : lr_w a5, (a3)             
2782000: system.cpu: T0 : 0x147aa. 0 : lr_w a5, (a3)              : MemRead :  D=0x0000000000000000 A=0x71da0
2782500: system.cpu: T0 : 0x147ae    : c_bnez a5, 8               : IntAlu : 
2783000: system.cpu: T0 : 0x147b0    : sc_w_aq a2, a4, (a3)      
2783000: system.cpu: T0 : 0x147b0. 0 : sc_w a2, a4, (a3)          : MemWrite :  D=0x0000000000000000 A=0x71da0
2783500: system.cpu: T0 : 0x147b0. 1 : 0x1ce6a62f fence           : No_OpClass : 
2784000: system.cpu: T0 : 0x147b4    : c_bnez a2, -10             : IntAlu : 
2784500: system.cpu: T0 : 0x147b6    : c_addiw a5, 0              : IntAlu :  D=0x0000000000000000
2785000: system.cpu: T0 : 0x147b8    : bne a5, zero, 338          : IntAlu : 
2785500: system.cpu: T0 : 0x147bc    : ld s10, 0(s7)              : MemRead :  D=0x0000000000000000 A=0x70898
2786000: system.cpu: T0 : 0x147c0    : beq s10, zero, 152         : IntAlu : 
2786500: system.cpu: T0 : 0x14858    : c_li a4, 1                 : IntAlu :  D=0x0000000000000001
2787500: system.cpu: T0 : 0x1485a    : sb a4, -1476(gp)           : MemWrite :  D=0x0000000000000001 A=0x70a64
2788000: system.cpu: T0 : 0x1485e    : c_li a5, 0                 : IntAlu :  D=0x0000000000000000
2788500: system.cpu: T0 : 0x14860    : addi a4, s9, -608          : IntAlu :  D=0x0000000000071da0
2789000: system.cpu: T0 : 0x14864    : fence iorw, ow             : No_OpClass : 
2789500: system.cpu: T0 : 0x14868    : amoswap_w a5, a5, (a4)    
2789500: system.cpu: T0 : 0x14868. 0 : amoswap_w[l] a5, a5, (a4)  : MemRead :  D=0x0000000000000001 A=0x71da0
2790000: system.cpu: T0 : 0x1486c    : c_addiw a5, 0              : IntAlu :  D=0x0000000000000001
2790500: system.cpu: T0 : 0x1486e    : c_li a4, 1                 : IntAlu :  D=0x0000000000000001
2791000: system.cpu: T0 : 0x14870    : blt a4, a5, 174            : IntAlu : 
2791500: system.cpu: T0 : 0x14874    : c_ldsp a5, 8(sp)           : MemRead :  D=0x0000000000000001 A=0x7ffffffffffffd58
2792000: system.cpu: T0 : 0x14876    : c_beqz a5, 46              : IntAlu : 
2792500: system.cpu: T0 : 0x14878    : lui s0, 106                : IntAlu :  D=0x000000000006a000
2793000: system.cpu: T0 : 0x1487c    : lui a5, 106                : IntAlu :  D=0x000000000006a000
2793500: system.cpu: T0 : 0x14880    : addi s1, s0, 304           : IntAlu :  D=0x000000000006a130
2794000: system.cpu: T0 : 0x14884    : addi a5, a5, 312           : IntAlu :  D=0x000000000006a138
2794500: system.cpu: T0 : 0x14888    : bgeu s1, a5, 28            : IntAlu : 
2795000: system.cpu: T0 : 0x1488c    : c_addi a5, -1              : IntAlu :  D=0x000000000006a137
2795500: system.cpu: T0 : 0x1488e    : c_sub a5, s1               : IntAlu :  D=0x0000000000000007
2796000: system.cpu: T0 : 0x14890    : c_andi a5, 18446744073709551608 : IntAlu :  D=0x0000000000000000
2796500: system.cpu: T0 : 0x14892    : c_addi a5, 8               : IntAlu :  D=0x0000000000000008
2797000: system.cpu: T0 : 0x14894    : c_add s1, a5               : IntAlu :  D=0x000000000006a138
2798000: system.cpu: T0 : 0x14896    : addi s0, s0, 304           : IntAlu :  D=0x000000000006a130
2798500: system.cpu: T0 : 0x1489a    : c_ld a5, 0(s0)             : MemRead :  D=0x00000000000197c6 A=0x6a130
2799000: system.cpu: T0 : 0x1489c    : c_addi s0, 8               : IntAlu :  D=0x000000000006a138
2799500: system.cpu: T0 : 0x1489e    : c_jalr a5                  : IntAlu :  D=0x00000000000148a0
2800000: system.cpu: T0 : 0x197c6    : c_addi16sp sp, -176        : IntAlu :  D=0x7ffffffffffffca0
2800500: system.cpu: T0 : 0x197c8    : c_sdsp s6, 112(sp)         : MemWrite :  D=0x0000000000000000 A=0x7ffffffffffffd10
2801500: system.cpu: T0 : 0x197ca    : lui s6, 111                : IntAlu :  D=0x000000000006f000
2802500: system.cpu: T0 : 0x197ce    : ld a5, -1264(s6)           : MemRead :  D=0x2f00000000000000 A=0x6eb10
2803000: system.cpu: T0 : 0x197d2    : c_sdsp s3, 136(sp)         : MemWrite :  D=0x0000000000000001 A=0x7ffffffffffffd28
2803500: system.cpu: T0 : 0x197d4    : c_li a0, 0                 : IntAlu :  D=0x0000000000000000
2804000: system.cpu: T0 : 0x197d6    : c_sdsp s5, 120(sp)         : MemWrite :  D=0x0000000000000003 A=0x7ffffffffffffd18
2804500: system.cpu: T0 : 0x197d8    : c_sdsp ra, 168(sp)         : MemWrite :  D=0x00000000000148a0 A=0x7ffffffffffffd48
2805000: system.cpu: T0 : 0x197da    : c_sdsp s0, 160(sp)         : MemWrite :  D=0x000000000006a138 A=0x7ffffffffffffd40
2805500: system.cpu: T0 : 0x197dc    : c_sdsp s1, 152(sp)         : MemWrite :  D=0x000000000006a138 A=0x7ffffffffffffd38
2806000: system.cpu: T0 : 0x197de    : c_sdsp s2, 144(sp)         : MemWrite :  D=0x0000000000000004 A=0x7ffffffffffffd30
2806500: system.cpu: T0 : 0x197e0    : c_sdsp s4, 128(sp)         : MemWrite :  D=0x0000000000000000 A=0x7ffffffffffffd20
2807000: system.cpu: T0 : 0x197e2    : c_sdsp s7, 104(sp)         : MemWrite :  D=0x0000000000070898 A=0x7ffffffffffffd08
2807500: system.cpu: T0 : 0x197e4    : c_sdsp s8, 96(sp)          : MemWrite :  D=0x0000000000000001 A=0x7ffffffffffffd00
2808000: system.cpu: T0 : 0x197e6    : c_sdsp s9, 88(sp)          : MemWrite :  D=0x0000000000072000 A=0x7ffffffffffffcf8
2808500: system.cpu: T0 : 0x197e8    : c_sdsp s10, 80(sp)         : MemWrite :  D=0x0000000000000000 A=0x7ffffffffffffcf0
2809000: system.cpu: T0 : 0x197ea    : c_sdsp s11, 72(sp)         : MemWrite :  D=0x0000000000072000 A=0x7ffffffffffffce8
2809500: system.cpu: T0 : 0x197ec    : c_sdsp a5, 56(sp)          : MemWrite :  D=0x2f00000000000000 A=0x7ffffffffffffcd8
2810500: system.cpu: T0 : 0x197ee    : addi s3, zero, 0           : IntAlu :  D=0x0000000000000000
2811500: system.cpu: T0 : 0x197f2    : jal ra, -556               : IntAlu :  D=0x00000000000197f6
2812000: system.cpu: T0 : 0x195c6    : c_addi16sp sp, -176        : IntAlu :  D=0x7ffffffffffffbf0
2812500: system.cpu: T0 : 0x195c8    : c_sdsp s5, 120(sp)         : MemWrite :  D=0x0000000000000003 A=0x7ffffffffffffc68
2813500: system.cpu: T0 : 0x195ca    : lui s5, 111                : IntAlu :  D=0x000000000006f000
2814500: system.cpu: T0 : 0x195ce    : ld a5, -1264(s5)           : MemRead :  D=0x2f00000000000000 A=0x6eb10
2815000: system.cpu: T0 : 0x195d2    : c_sdsp s3, 136(sp)         : MemWrite :  D=0x0000000000000000 A=0x7ffffffffffffc78
2815500: system.cpu: T0 : 0x195d4    : c_sdsp s9, 88(sp)          : MemWrite :  D=0x0000000000072000 A=0x7ffffffffffffc48
2816000: system.cpu: T0 : 0x195d6    : c_sdsp ra, 168(sp)         : MemWrite :  D=0x00000000000197f6 A=0x7ffffffffffffc98
2816500: system.cpu: T0 : 0x195d8    : c_sdsp s0, 160(sp)         : MemWrite :  D=0x000000000006a138 A=0x7ffffffffffffc90
2817000: system.cpu: T0 : 0x195da    : c_sdsp s1, 152(sp)         : MemWrite :  D=0x000000000006a138 A=0x7ffffffffffffc88
2817500: system.cpu: T0 : 0x195dc    : c_sdsp s2, 144(sp)         : MemWrite :  D=0x0000000000000004 A=0x7ffffffffffffc80
2818000: system.cpu: T0 : 0x195de    : c_sdsp s4, 128(sp)         : MemWrite :  D=0x0000000000000000 A=0x7ffffffffffffc70
2818500: system.cpu: T0 : 0x195e0    : c_sdsp s6, 112(sp)         : MemWrite :  D=0x000000000006f000 A=0x7ffffffffffffc60
2819000: system.cpu: T0 : 0x195e2    : c_sdsp s7, 104(sp)         : MemWrite :  D=0x0000000000070898 A=0x7ffffffffffffc58
2819500: system.cpu: T0 : 0x195e4    : c_sdsp s8, 96(sp)          : MemWrite :  D=0x0000000000000001 A=0x7ffffffffffffc50
2820000: system.cpu: T0 : 0x195e6    : c_sdsp s10, 80(sp)         : MemWrite :  D=0x0000000000000000 A=0x7ffffffffffffc40
2820500: system.cpu: T0 : 0x195e8    : c_sdsp s11, 72(sp)         : MemWrite :  D=0x0000000000072000 A=0x7ffffffffffffc38
2821000: system.cpu: T0 : 0x195ea    : c_sdsp a5, 56(sp)          : MemWrite :  D=0x2f00000000000000 A=0x7ffffffffffffc28
2821500: system.cpu: T0 : 0x195ec    : addi s3, zero, 0           : IntAlu :  D=0x0000000000000000
2822000: system.cpu: T0 : 0x195f0    : c_mv s9, a0                : IntAlu :  D=0x0000000000000000
2823000: system.cpu: T0 : 0x195f2    : beq s3, zero, 428          : IntAlu : 
2823500: system.cpu: T0 : 0x1979e    : c_lui a5, 25               : IntAlu :  D=0x0000000000019000
2824000: system.cpu: T0 : 0x197a0    : addi a5, a5, -2020         : IntAlu :  D=0x000000000001881c
2824500: system.cpu: T0 : 0x197a4    : c_sdsp a5, 24(sp)          : MemWrite :  D=0x000000000001881c A=0x7ffffffffffffc08
2825000: system.cpu: T0 : 0x197a6    : c_sdsp zero, 32(sp)        : MemWrite :  D=0x0000000000000000 A=0x7ffffffffffffc10
2825500: system.cpu: T0 : 0x197a8    : c_j -416                   : IntAlu : 
2826000: system.cpu: T0 : 0x19608    : addi s8, gp, 1320          : IntAlu :  D=0x0000000000071550
2826500: system.cpu: T0 : 0x1960c    : ld a5, 8(s8)               : MemRead :  D=0x0000000000000000 A=0x71558
2827000: system.cpu: T0 : 0x19610    : addi s0, tp, -1808         : IntAlu :  D=0x0000000000072000
2827500: system.cpu: T0 : 0x19614    : beq a5, s0, 28             : IntAlu : 
2828000: system.cpu: T0 : 0x19618    : c_li a3, 1                 : IntAlu :  D=0x0000000000000001
2829000: system.cpu: T0 : 0x1961a    : lr_w a5, (s8)             
2829000: system.cpu: T0 : 0x1961a. 0 : lr_w a5, (s8)              : MemRead :  D=0x0000000000000000 A=0x71550
2829500: system.cpu: T0 : 0x1961e    : c_bnez a5, 8               : IntAlu : 
2830000: system.cpu: T0 : 0x19620    : sc_w_aq a4, a3, (s8)      
2830000: system.cpu: T0 : 0x19620. 0 : sc_w a4, a3, (s8)          : MemWrite :  D=0x0000000000000000 A=0x71550
2830500: system.cpu: T0 : 0x19620. 1 : 0x1cdc272f fence           : No_OpClass : 
2831000: system.cpu: T0 : 0x19624    : c_bnez a4, -10             : IntAlu : 
2831500: system.cpu: T0 : 0x19626    : c_addiw a5, 0              : IntAlu :  D=0x0000000000000000
2832000: system.cpu: T0 : 0x19628    : bne a5, zero, 386          : IntAlu : 
2832500: system.cpu: T0 : 0x1962c    : sd s0, 8(s8)               : MemWrite :  D=0x0000000000072000 A=0x71558
2833000: system.cpu: T0 : 0x19630    : lw a4, 4(s8)               : MemRead :  D=0x0000000000000000 A=0x71554
2833500: system.cpu: T0 : 0x19634    : ld s0, -1920(gp)           : MemRead :  D=0x000000000006f000 A=0x708a8
2834000: system.cpu: T0 : 0x19638    : addiw a3, a4, 1            : IntAlu :  D=0x0000000000000001
2834500: system.cpu: T0 : 0x1963c    : sw a3, 4(s8)               : MemWrite :  D=0x0000000000000001 A=0x71554
2835000: system.cpu: T0 : 0x19640    : beq s0, zero, 382          : IntAlu : 
2835500: system.cpu: T0 : 0x19644    : lui s1, 106                : IntAlu :  D=0x000000000006a000
2836000: system.cpu: T0 : 0x19648    : lui s2, 106                : IntAlu :  D=0x000000000006a000
2836500: system.cpu: T0 : 0x1964c    : addi s2, s2, -1208         : IntAlu :  D=0x0000000000069b48
2837000: system.cpu: T0 : 0x19650    : addi s1, s1, 304           : IntAlu :  D=0x000000000006a130
2837500: system.cpu: T0 : 0x19654    : c_li s4, 0                 : IntAlu :  D=0x0000000000000000
2838000: system.cpu: T0 : 0x19656    : c_lui s11, 8               : IntAlu :  D=0x0000000000008000
2838500: system.cpu: T0 : 0x19658    : c_li s6, 1                 : IntAlu :  D=0x0000000000000001
2839500: system.cpu: T0 : 0x1965a    : sub s1, s1, s2             : IntAlu :  D=0x00000000000005e8
2840500: system.cpu: T0 : 0x1965e    : sd s0, -1456(gp)           : MemWrite :  D=0x000000000006f000 A=0x70a78
2841500: system.cpu: T0 : 0x19662    : beq s9, zero, 54           : IntAlu : 
2842000: system.cpu: T0 : 0x19698    : lw a5, 192(s0)             : MemRead :  D=0x0000000000000000 A=0x6f0c0
2842500: system.cpu: T0 : 0x1969c    : bge zero, a5, 150          : IntAlu : 
2843000: system.cpu: T0 : 0x19732    : c_ld a3, 40(s0)            : MemRead :  D=0x0000000000000000 A=0x6f028
2843500: system.cpu: T0 : 0x19734    : c_ld a5, 32(s0)            : MemRead :  D=0x0000000000000000 A=0x6f020
2844500: system.cpu: T0 : 0x19736    : bgeu a5, a3, -116          : IntAlu : 
2845500: system.cpu: T0 : 0x196c2    : beq s9, zero, 28           : IntAlu : 
2846000: system.cpu: T0 : 0x196de    : c_ld s0, 104(s0)           : MemRead :  D=0x000000000006f1c8 A=0x6f068
2846500: system.cpu: T0 : 0x196e0    : sd zero, -1456(gp)         : MemWrite :  D=0x0000000000000000 A=0x70a78
2847000: system.cpu: T0 : 0x196e4    : c_bnez s0, -134            : IntAlu : 
2848000: system.cpu: T0 : 0x1965e    : sd s0, -1456(gp)           : MemWrite :  D=0x000000000006f1c8 A=0x70a78
2849000: system.cpu: T0 : 0x19662    : beq s9, zero, 54           : IntAlu : 
2849500: system.cpu: T0 : 0x19698    : lw a5, 192(s0)             : MemRead :  D=0x0000000000000000 A=0x6f288
2850000: system.cpu: T0 : 0x1969c    : bge zero, a5, 150          : IntAlu : 
2850500: system.cpu: T0 : 0x19732    : c_ld a3, 40(s0)            : MemRead :  D=0x0000000000000000 A=0x6f1f0
2851000: system.cpu: T0 : 0x19734    : c_ld a5, 32(s0)            : MemRead :  D=0x0000000000000000 A=0x6f1e8
2852000: system.cpu: T0 : 0x19736    : bgeu a5, a3, -116          : IntAlu : 
2853000: system.cpu: T0 : 0x196c2    : beq s9, zero, 28           : IntAlu : 
2853500: system.cpu: T0 : 0x196de    : c_ld s0, 104(s0)           : MemRead :  D=0x000000000006f390 A=0x6f230
2854000: system.cpu: T0 : 0x196e0    : sd zero, -1456(gp)         : MemWrite :  D=0x0000000000000000 A=0x70a78
2854500: system.cpu: T0 : 0x196e4    : c_bnez s0, -134            : IntAlu : 
2855500: system.cpu: T0 : 0x1965e    : sd s0, -1456(gp)           : MemWrite :  D=0x000000000006f390 A=0x70a78
2856500: system.cpu: T0 : 0x19662    : beq s9, zero, 54           : IntAlu : 
2857000: system.cpu: T0 : 0x19698    : lw a5, 192(s0)             : MemRead :  D=0x0000000000000000 A=0x6f450
2857500: system.cpu: T0 : 0x1969c    : bge zero, a5, 150          : IntAlu : 
2858000: system.cpu: T0 : 0x19732    : c_ld a3, 40(s0)            : MemRead :  D=0x0000000000000000 A=0x6f3b8
2858500: system.cpu: T0 : 0x19734    : c_ld a5, 32(s0)            : MemRead :  D=0x0000000000000000 A=0x6f3b0
2859500: system.cpu: T0 : 0x19736    : bgeu a5, a3, -116          : IntAlu : 
2860500: system.cpu: T0 : 0x196c2    : beq s9, zero, 28           : IntAlu : 
2861000: system.cpu: T0 : 0x196de    : c_ld s0, 104(s0)           : MemRead :  D=0x0000000000000000 A=0x6f3f8
2861500: system.cpu: T0 : 0x196e0    : sd zero, -1456(gp)         : MemWrite :  D=0x0000000000000000 A=0x70a78
2862000: system.cpu: T0 : 0x196e4    : c_bnez s0, -134            : IntAlu : 
2863000: system.cpu: T0 : 0x196e6    : lw a5, 4(s8)               : MemRead :  D=0x0000000000000001 A=0x71554
2864000: system.cpu: T0 : 0x196ea    : addiw a4, a5, -1           : IntAlu :  D=0x0000000000000000
2865000: system.cpu: T0 : 0x196ee    : sw a4, 4(s8)               : MemWrite :  D=0x0000000000000000 A=0x71554
2865500: system.cpu: T0 : 0x196f2    : c_beqz a4, 128             : IntAlu : 
2866500: system.cpu: T0 : 0x19772    : sd zero, 8(s8)             : MemWrite :  D=0x0000000000000000 A=0x71558
2867000: system.cpu: T0 : 0x19776    : c_mv a5, a4                : IntAlu :  D=0x0000000000000000
2867500: system.cpu: T0 : 0x19778    : fence iorw, ow             : No_OpClass : 
2868000: system.cpu: T0 : 0x1977c    : amoswap_w a5, a5, (s8)    
2868000: system.cpu: T0 : 0x1977c. 0 : amoswap_w[l] a5, a5, (s8)  : MemRead :  D=0x0000000000000001 A=0x71550
2868500: system.cpu: T0 : 0x19780    : c_addiw a5, 0              : IntAlu :  D=0x0000000000000001
2869000: system.cpu: T0 : 0x19782    : c_li a4, 1                 : IntAlu :  D=0x0000000000000001
2869500: system.cpu: T0 : 0x19784    : bge a4, a5, -144           : IntAlu : 
2870000: system.cpu: T0 : 0x196f4    : beq s3, zero, 16           : IntAlu : 
2870500: system.cpu: T0 : 0x19704    : c_ldsp a4, 56(sp)          : MemRead :  D=0x2f00000000000000 A=0x7ffffffffffffc28
2871500: system.cpu: T0 : 0x19706    : ld a5, -1264(s5)           : MemRead :  D=0x2f00000000000000 A=0x6eb10
2872500: system.cpu: T0 : 0x1970a    : bne a4, a5, 184            : IntAlu : 
2873000: system.cpu: T0 : 0x1970e    : c_ldsp ra, 168(sp)         : MemRead :  D=0x00000000000197f6 A=0x7ffffffffffffc98
2873500: system.cpu: T0 : 0x19710    : c_ldsp s0, 160(sp)         : MemRead :  D=0x000000000006a138 A=0x7ffffffffffffc90
2874000: system.cpu: T0 : 0x19712    : c_ldsp s1, 152(sp)         : MemRead :  D=0x000000000006a138 A=0x7ffffffffffffc88
2874500: system.cpu: T0 : 0x19714    : c_ldsp s2, 144(sp)         : MemRead :  D=0x0000000000000004 A=0x7ffffffffffffc80
2875000: system.cpu: T0 : 0x19716    : c_ldsp s3, 136(sp)         : MemRead :  D=0x0000000000000000 A=0x7ffffffffffffc78
2875500: system.cpu: T0 : 0x19718    : c_ldsp s5, 120(sp)         : MemRead :  D=0x0000000000000003 A=0x7ffffffffffffc68
2876000: system.cpu: T0 : 0x1971a    : c_ldsp s6, 112(sp)         : MemRead :  D=0x000000000006f000 A=0x7ffffffffffffc60
2876500: system.cpu: T0 : 0x1971c    : c_ldsp s7, 104(sp)         : MemRead :  D=0x0000000000070898 A=0x7ffffffffffffc58
2877000: system.cpu: T0 : 0x1971e    : c_ldsp s8, 96(sp)          : MemRead :  D=0x0000000000000001 A=0x7ffffffffffffc50
2877500: system.cpu: T0 : 0x19720    : c_ldsp s9, 88(sp)          : MemRead :  D=0x0000000000072000 A=0x7ffffffffffffc48
2878000: system.cpu: T0 : 0x19722    : c_ldsp s10, 80(sp)         : MemRead :  D=0x0000000000000000 A=0x7ffffffffffffc40
2878500: system.cpu: T0 : 0x19724    : c_ldsp s11, 72(sp)         : MemRead :  D=0x0000000000072000 A=0x7ffffffffffffc38
2879000: system.cpu: T0 : 0x19726    : c_mv a0, s4                : IntAlu :  D=0x0000000000000000
2879500: system.cpu: T0 : 0x19728    : c_ldsp s4, 128(sp)         : MemRead :  D=0x0000000000000000 A=0x7ffffffffffffc70
2880000: system.cpu: T0 : 0x1972a    : c_addi16sp sp, 176         : IntAlu :  D=0x7ffffffffffffca0
2880500: system.cpu: T0 : 0x1972c    : c_jr ra                    : IntAlu : 
2881000: system.cpu: T0 : 0x197f6    : c_mv s5, a0                : IntAlu :  D=0x0000000000000000
2881500: system.cpu: T0 : 0x197f8    : beq s3, zero, 482          : IntAlu : 
2882000: system.cpu: T0 : 0x199da    : c_lui a5, 25               : IntAlu :  D=0x0000000000019000
2882500: system.cpu: T0 : 0x199dc    : addi a5, a5, -2020         : IntAlu :  D=0x000000000001881c
2883000: system.cpu: T0 : 0x199e0    : c_sdsp a5, 24(sp)          : MemWrite :  D=0x000000000001881c A=0x7ffffffffffffcb8
2883500: system.cpu: T0 : 0x199e2    : c_sdsp zero, 32(sp)        : MemWrite :  D=0x0000000000000000 A=0x7ffffffffffffcc0
2884000: system.cpu: T0 : 0x199e4    : c_j -470                   : IntAlu : 
2885000: system.cpu: T0 : 0x1980e    : addi s1, gp, 1320          : IntAlu :  D=0x0000000000071550
2885500: system.cpu: T0 : 0x19812    : c_ld a5, 8(s1)             : MemRead :  D=0x0000000000000000 A=0x71558
2886000: system.cpu: T0 : 0x19814    : addi s0, tp, -1808         : IntAlu :  D=0x0000000000072000
2886500: system.cpu: T0 : 0x19818    : beq s0, a5, 26             : IntAlu : 
2887000: system.cpu: T0 : 0x1981c    : c_li a4, 1                 : IntAlu :  D=0x0000000000000001
2888000: system.cpu: T0 : 0x1981e    : lr_w a5, (s1)             
2888000: system.cpu: T0 : 0x1981e. 0 : lr_w a5, (s1)              : MemRead :  D=0x0000000000000000 A=0x71550
2888500: system.cpu: T0 : 0x19822    : c_bnez a5, 8               : IntAlu : 
2889000: system.cpu: T0 : 0x19824    : sc_w_aq a3, a4, (s1)      
2889000: system.cpu: T0 : 0x19824. 0 : sc_w a3, a4, (s1)          : MemWrite :  D=0x0000000000000000 A=0x71550
2889500: system.cpu: T0 : 0x19824. 1 : 0x1ce4a6af fence           : No_OpClass : 
2890000: system.cpu: T0 : 0x19828    : c_bnez a3, -10             : IntAlu : 
2890500: system.cpu: T0 : 0x1982a    : c_addiw a5, 0              : IntAlu :  D=0x0000000000000000
2891000: system.cpu: T0 : 0x1982c    : bne a5, zero, 442          : IntAlu : 
2891500: system.cpu: T0 : 0x19830    : c_sd s0, 8(s1)             : MemWrite :  D=0x0000000000072000 A=0x71558
2892000: system.cpu: T0 : 0x19832    : c_lw a3, 4(s1)             : MemRead :  D=0x0000000000000000 A=0x71554
2892500: system.cpu: T0 : 0x19834    : ld s0, -1920(gp)           : MemRead :  D=0x000000000006f000 A=0x708a8
2893000: system.cpu: T0 : 0x19838    : addiw a4, a3, 1            : IntAlu :  D=0x0000000000000001
2893500: system.cpu: T0 : 0x1983c    : c_sw a4, 4(s1)             : MemWrite :  D=0x0000000000000001 A=0x71554
2894000: system.cpu: T0 : 0x1983e    : c_beqz s0, 202             : IntAlu : 
2894500: system.cpu: T0 : 0x19840    : lui s2, 106                : IntAlu :  D=0x000000000006a000
2895000: system.cpu: T0 : 0x19844    : lui s4, 106                : IntAlu :  D=0x000000000006a000
2895500: system.cpu: T0 : 0x19848    : addi s4, s4, -1208         : IntAlu :  D=0x0000000000069b48
2896000: system.cpu: T0 : 0x1984c    : addi s2, s2, 304           : IntAlu :  D=0x000000000006a130
2896500: system.cpu: T0 : 0x19850    : sub s2, s2, s4             : IntAlu :  D=0x00000000000005e8
2897000: system.cpu: T0 : 0x19854    : c_li s9, 2                 : IntAlu :  D=0x0000000000000002
2897500: system.cpu: T0 : 0x19856    : c_j 12                     : IntAlu : 
2898000: system.cpu: T0 : 0x19862    : c_lw a5, 0(s0)             : MemRead :  D=0xfffffffffbad2086 A=0x6f000
2898500: system.cpu: T0 : 0x19864    : c_andi a5, 2               : IntAlu :  D=0x0000000000000002
2899500: system.cpu: T0 : 0x19866    : addiw s8, a5, 0            : IntAlu :  D=0x0000000000000002
2900000: system.cpu: T0 : 0x1986a    : c_bnez a5, -18             : IntAlu : 
2900500: system.cpu: T0 : 0x19858    : c_li a5, -1                : IntAlu :  D=0xffffffffffffffff
2901500: system.cpu: T0 : 0x1985a    : sw a5, 192(s0)             : MemWrite :  D=0x00000000ffffffff A=0x6f0c0
2902000: system.cpu: T0 : 0x1985e    : c_ld s0, 104(s0)           : MemRead :  D=0x000000000006f1c8 A=0x6f068
2902500: system.cpu: T0 : 0x19860    : c_beqz s0, 162             : IntAlu : 
2903000: system.cpu: T0 : 0x19862    : c_lw a5, 0(s0)             : MemRead :  D=0xfffffffffbad2084 A=0x6f1c8
2903500: system.cpu: T0 : 0x19864    : c_andi a5, 2               : IntAlu :  D=0x0000000000000000
2904500: system.cpu: T0 : 0x19866    : addiw s8, a5, 0            : IntAlu :  D=0x0000000000000000
2905000: system.cpu: T0 : 0x1986a    : c_bnez a5, -18             : IntAlu : 
2905500: system.cpu: T0 : 0x1986c    : lw a5, 192(s0)             : MemRead :  D=0x0000000000000000 A=0x6f288
2906000: system.cpu: T0 : 0x19870    : c_beqz a5, -24             : IntAlu : 
2906500: system.cpu: T0 : 0x19858    : c_li a5, -1                : IntAlu :  D=0xffffffffffffffff
2907500: system.cpu: T0 : 0x1985a    : sw a5, 192(s0)             : MemWrite :  D=0x00000000ffffffff A=0x6f288
2908000: system.cpu: T0 : 0x1985e    : c_ld s0, 104(s0)           : MemRead :  D=0x000000000006f390 A=0x6f230
2908500: system.cpu: T0 : 0x19860    : c_beqz s0, 162             : IntAlu : 
2909000: system.cpu: T0 : 0x19862    : c_lw a5, 0(s0)             : MemRead :  D=0xfffffffffbad2088 A=0x6f390
2909500: system.cpu: T0 : 0x19864    : c_andi a5, 2               : IntAlu :  D=0x0000000000000000
2910500: system.cpu: T0 : 0x19866    : addiw s8, a5, 0            : IntAlu :  D=0x0000000000000000
2911000: system.cpu: T0 : 0x1986a    : c_bnez a5, -18             : IntAlu : 
2911500: system.cpu: T0 : 0x1986c    : lw a5, 192(s0)             : MemRead :  D=0x0000000000000000 A=0x6f450
2912000: system.cpu: T0 : 0x19870    : c_beqz a5, -24             : IntAlu : 
2912500: system.cpu: T0 : 0x19858    : c_li a5, -1                : IntAlu :  D=0xffffffffffffffff
2913500: system.cpu: T0 : 0x1985a    : sw a5, 192(s0)             : MemWrite :  D=0x00000000ffffffff A=0x6f450
2914000: system.cpu: T0 : 0x1985e    : c_ld s0, 104(s0)           : MemRead :  D=0x0000000000000000 A=0x6f3f8
2914500: system.cpu: T0 : 0x19860    : c_beqz s0, 162             : IntAlu : 
2915000: system.cpu: T0 : 0x19902    : c_lw a5, 4(s1)             : MemRead :  D=0x0000000000000001 A=0x71554
2915500: system.cpu: T0 : 0x19904    : addiw a3, a5, -1           : IntAlu :  D=0x0000000000000000
2916000: system.cpu: T0 : 0x19908    : c_sw a3, 4(s1)             : MemWrite :  D=0x0000000000000000 A=0x71554
2916500: system.cpu: T0 : 0x1990a    : c_beqz a3, 126             : IntAlu : 
2917000: system.cpu: T0 : 0x19988    : sd zero, 8(s1)             : MemWrite :  D=0x0000000000000000 A=0x71558
2917500: system.cpu: T0 : 0x1998c    : c_mv a5, a3                : IntAlu :  D=0x0000000000000000
2918500: system.cpu: T0 : 0x1998e    : fence iorw, ow             : No_OpClass : 
2919500: system.cpu: T0 : 0x19992    : amoswap_w a5, a5, (s1)    
2919500: system.cpu: T0 : 0x19992. 0 : amoswap_w[l] a5, a5, (s1)  : MemRead :  D=0x0000000000000001 A=0x71550
2920000: system.cpu: T0 : 0x19996    : c_addiw a5, 0              : IntAlu :  D=0x0000000000000001
2920500: system.cpu: T0 : 0x19998    : c_li a4, 1                 : IntAlu :  D=0x0000000000000001
2921500: system.cpu: T0 : 0x1999a    : bge a4, a5, -142           : IntAlu : 
2922000: system.cpu: T0 : 0x1990c    : beq s3, zero, 16           : IntAlu : 
2922500: system.cpu: T0 : 0x1991c    : c_ldsp a4, 56(sp)          : MemRead :  D=0x2f00000000000000 A=0x7ffffffffffffcd8
2923500: system.cpu: T0 : 0x1991e    : ld a5, -1264(s6)           : MemRead :  D=0x2f00000000000000 A=0x6eb10
2924500: system.cpu: T0 : 0x19922    : bne a4, a5, 216            : IntAlu : 
2925000: system.cpu: T0 : 0x19926    : c_ldsp ra, 168(sp)         : MemRead :  D=0x00000000000148a0 A=0x7ffffffffffffd48
2925500: system.cpu: T0 : 0x19928    : c_ldsp s0, 160(sp)         : MemRead :  D=0x000000000006a138 A=0x7ffffffffffffd40
2926000: system.cpu: T0 : 0x1992a    : c_ldsp s1, 152(sp)         : MemRead :  D=0x000000000006a138 A=0x7ffffffffffffd38
2926500: system.cpu: T0 : 0x1992c    : c_ldsp s2, 144(sp)         : MemRead :  D=0x0000000000000004 A=0x7ffffffffffffd30
2927000: system.cpu: T0 : 0x1992e    : c_ldsp s3, 136(sp)         : MemRead :  D=0x0000000000000001 A=0x7ffffffffffffd28
2927500: system.cpu: T0 : 0x19930    : c_ldsp s4, 128(sp)         : MemRead :  D=0x0000000000000000 A=0x7ffffffffffffd20
2928000: system.cpu: T0 : 0x19932    : c_ldsp s6, 112(sp)         : MemRead :  D=0x0000000000000000 A=0x7ffffffffffffd10
2928500: system.cpu: T0 : 0x19934    : c_ldsp s7, 104(sp)         : MemRead :  D=0x0000000000070898 A=0x7ffffffffffffd08
2929000: system.cpu: T0 : 0x19936    : c_ldsp s8, 96(sp)          : MemRead :  D=0x0000000000000001 A=0x7ffffffffffffd00
2929500: system.cpu: T0 : 0x19938    : c_ldsp s9, 88(sp)          : MemRead :  D=0x0000000000072000 A=0x7ffffffffffffcf8
2930000: system.cpu: T0 : 0x1993a    : c_ldsp s10, 80(sp)         : MemRead :  D=0x0000000000000000 A=0x7ffffffffffffcf0
2930500: system.cpu: T0 : 0x1993c    : c_ldsp s11, 72(sp)         : MemRead :  D=0x0000000000072000 A=0x7ffffffffffffce8
2931000: system.cpu: T0 : 0x1993e    : c_mv a0, s5                : IntAlu :  D=0x0000000000000000
2931500: system.cpu: T0 : 0x19940    : c_ldsp s5, 120(sp)         : MemRead :  D=0x0000000000000003 A=0x7ffffffffffffd18
2932000: system.cpu: T0 : 0x19942    : c_addi16sp sp, 176         : IntAlu :  D=0x7ffffffffffffd50
2932500: system.cpu: T0 : 0x19944    : c_jr ra                    : IntAlu : 
2933000: system.cpu: T0 : 0x148a0    : bne s1, s0, -6             : IntAlu : 
2933500: system.cpu: T0 : 0x148a4    : c_mv a0, s6                : IntAlu :  D=0x0000000000000000
2934500: system.cpu: T0 : 0x148a6    : jal ra, 47996              : IntAlu :  D=0x00000000000148aa
2935000: system.cpu: T0 : 0x20422    : c_mv a4, a0                : IntAlu :  D=0x0000000000000000
2935500: system.cpu: T0 : 0x20424    : addi a7, zero, 94          : IntAlu :  D=0x000000000000005e
2936000: system.cpu: T0 : 0x20428    : ecall                      : No_OpClass : 
