      0: system.cpu: T0 : 0x10348    : jal ra, 46                 : IntAlu :  D=0x000000000001034c
   1000: system.cpu: T0 : 0x10376    : auipc gp, 97               : IntAlu :  D=0x0000000000071376
   2000: system.cpu: T0 : 0x1037a    : addi gp, gp, -814          : IntAlu :  D=0x0000000000071048
   2500: system.cpu: T0 : 0x1037e    : c_jr ra                    : IntAlu : 
   3000: system.cpu: T0 : 0x1034c    : c_mv a5, a0                : IntAlu :  D=0x0000000000000000
   4000: system.cpu: T0 : 0x1034e    : auipc a0, 0                : IntAlu :  D=0x000000000001034e
   5000: system.cpu: T0 : 0x10352    : addi a0, a0, 510           : IntAlu :  D=0x000000000001054c
   5500: system.cpu: T0 : 0x10356    : c_ldsp a1, 0(sp)           : MemRead :  D=0x0000000000000001 A=0x7fffffffffffff30
   6000: system.cpu: T0 : 0x10358    : c_addi4spn a2, sp, 8       : IntAlu :  D=0x7fffffffffffff38
   7000: system.cpu: T0 : 0x1035a    : andi sp, sp, 18446744073709551600 : IntAlu :  D=0x7fffffffffffff30
   8000: system.cpu: T0 : 0x1035e    : auipc a3, 1                : IntAlu :  D=0x000000000001135e
   9000: system.cpu: T0 : 0x10362    : addi a3, a3, -1656         : IntAlu :  D=0x0000000000010ce6
  10000: system.cpu: T0 : 0x10366    : auipc a4, 1                : IntAlu :  D=0x0000000000011366
  11000: system.cpu: T0 : 0x1036a    : addi a4, a4, -1520         : IntAlu :  D=0x0000000000010d76
  11500: system.cpu: T0 : 0x1036e    : c_mv a6, sp                : IntAlu :  D=0x7fffffffffffff30
  12000: system.cpu: T0 : 0x10370    : jal ra, 1194               : IntAlu :  D=0x0000000000010374
  12500: system.cpu: T0 : 0x1081a    : c_addi16sp sp, -320        : IntAlu :  D=0x7ffffffffffffdf0
  13000: system.cpu: T0 : 0x1081c    : c_sdsp s0, 304(sp)         : MemWrite :  D=0x0000000000000000 A=0x7fffffffffffff20
  13500: system.cpu: T0 : 0x1081e    : c_sdsp s1, 296(sp)         : MemWrite :  D=0x0000000000000000 A=0x7fffffffffffff18
  14000: system.cpu: T0 : 0x10820    : c_sdsp s2, 288(sp)         : MemWrite :  D=0x0000000000000000 A=0x7fffffffffffff10
  14500: system.cpu: T0 : 0x10822    : c_sdsp a2, 16(sp)          : MemWrite :  D=0x7fffffffffffff38 A=0x7ffffffffffffe00
  15000: system.cpu: T0 : 0x10824    : c_sdsp ra, 312(sp)         : MemWrite :  D=0x0000000000010374 A=0x7fffffffffffff28
  16000: system.cpu: T0 : 0x10826    : addi t1, zero, 0           : IntAlu :  D=0x0000000000000000
  16500: system.cpu: T0 : 0x1082a    : c_sdsp a0, 24(sp)          : MemWrite :  D=0x000000000001054c A=0x7ffffffffffffe08
  17000: system.cpu: T0 : 0x1082c    : c_sdsp a1, 8(sp)           : MemWrite :  D=0x0000000000000001 A=0x7ffffffffffffdf8
  17500: system.cpu: T0 : 0x1082e    : c_mv s0, a3                : IntAlu :  D=0x0000000000010ce6
  18000: system.cpu: T0 : 0x10830    : c_mv s1, a4                : IntAlu :  D=0x0000000000010d76
  18500: system.cpu: T0 : 0x10832    : c_mv s2, a5                : IntAlu :  D=0x0000000000000000
  19000: system.cpu: T0 : 0x10834    : c_li a2, 0                 : IntAlu :  D=0x0000000000000000
  20000: system.cpu: T0 : 0x10836    : beq t1, zero, 12           : IntAlu : 
  20500: system.cpu: T0 : 0x10842    : c_ldsp a5, 8(sp)           : MemRead :  D=0x0000000000000001 A=0x7ffffffffffffdf8
  21000: system.cpu: T0 : 0x10844    : addi a0, a5, 1             : IntAlu :  D=0x0000000000000002
  21500: system.cpu: T0 : 0x10848    : c_ldsp a5, 16(sp)          : MemRead :  D=0x7fffffffffffff38 A=0x7ffffffffffffe00
  22000: system.cpu: T0 : 0x1084a    : c_slli a0, 3               : IntAlu :  D=0x0000000000000010
  22500: system.cpu: T0 : 0x1084c    : c_add a0, a5               : IntAlu :  D=0x7fffffffffffff48
  23500: system.cpu: T0 : 0x1084e    : sw a2, -1728(gp)           : MemWrite :  D=0x0000000000000000 A=0x70988
  24500: system.cpu: T0 : 0x10852    : sd a0, -1360(gp)           : MemWrite :  D=0x7fffffffffffff48 A=0x70af8
  25500: system.cpu: T0 : 0x10856    : lui a5, 111                : IntAlu :  D=0x000000000006f000
  26500: system.cpu: T0 : 0x1085a    : sd a6, -80(a5)             : MemWrite :  D=0x7fffffffffffff30 A=0x6efb0
  27000: system.cpu: T0 : 0x1085e    : c_ld a2, 0(a0)             : MemRead :  D=0x0000000000000000 A=0x7fffffffffffff48
  27500: system.cpu: T0 : 0x10860    : c_addi a0, 8               : IntAlu :  D=0x7fffffffffffff50
  28000: system.cpu: T0 : 0x10862    : c_bnez a2, -4              : IntAlu : 
  28500: system.cpu: T0 : 0x10864    : jal ra, 72968              : IntAlu :  D=0x0000000000010868
  29000: system.cpu: T0 : 0x2256c    : c_ld a5, 0(a0)             : MemRead :  D=0x0000000000000009 A=0x7fffffffffffff50
  30000: system.cpu: T0 : 0x2256e    : lui a4, 114                : IntAlu :  D=0x0000000000072000
  31000: system.cpu: T0 : 0x22572    : sd a0, -408(a4)            : MemWrite :  D=0x7fffffffffffff50 A=0x71e68
  32000: system.cpu: T0 : 0x22576    : beq a5, zero, 618          : IntAlu : 
  32500: system.cpu: T0 : 0x2257a    : c_addi16sp sp, -224        : IntAlu :  D=0x7ffffffffffffd10
  33000: system.cpu: T0 : 0x2257c    : c_sdsp s1, 208(sp)         : MemWrite :  D=0x0000000000010d76 A=0x7ffffffffffffde0
  34000: system.cpu: T0 : 0x2257e    : lui s1, 114                : IntAlu :  D=0x0000000000072000
  35000: system.cpu: T0 : 0x22582    : ld a4, -336(s1)            : MemRead :  D=0x0000000000000000 A=0x71eb0
  35500: system.cpu: T0 : 0x22586    : c_sdsp s3, 192(sp)         : MemWrite :  D=0x0000000000000000 A=0x7ffffffffffffdd0
  36000: system.cpu: T0 : 0x22588    : c_sdsp a4, 64(sp)          : MemWrite :  D=0x0000000000000000 A=0x7ffffffffffffd50
  37000: system.cpu: T0 : 0x2258a    : ld a4, -1336(gp)           : MemRead :  D=0x0000000000000000 A=0x70b10
  38000: system.cpu: T0 : 0x2258e    : lui a6, 111                : IntAlu :  D=0x000000000006f000
  39000: system.cpu: T0 : 0x22592    : addi a6, a6, -128          : IntAlu :  D=0x000000000006ef80
  39500: system.cpu: T0 : 0x22596    : c_sdsp a4, 32(sp)          : MemWrite :  D=0x0000000000000000 A=0x7ffffffffffffd30
  40000: system.cpu: T0 : 0x22598    : ld a4, 0(a6)               : MemRead :  D=0x0000000000000000 A=0x6ef80
  40500: system.cpu: T0 : 0x2259c    : lui t3, 111                : IntAlu :  D=0x000000000006f000
  41000: system.cpu: T0 : 0x225a0    : lui t1, 114                : IntAlu :  D=0x0000000000072000
  41500: system.cpu: T0 : 0x225a4    : c_sdsp a4, 104(sp)         : MemWrite :  D=0x0000000000000000 A=0x7ffffffffffffd78
  42500: system.cpu: T0 : 0x225a6    : lw a4, -72(t3)             : MemRead :  D=0x0000000000000001 A=0x6efb8
  43000: system.cpu: T0 : 0x225aa    : c_sdsp s2, 200(sp)         : MemWrite :  D=0x0000000000000000 A=0x7ffffffffffffdd8
  43500: system.cpu: T0 : 0x225ac    : c_sdsp a4, 80(sp)          : MemWrite :  D=0x0000000000000001 A=0x7ffffffffffffd60
  44500: system.cpu: T0 : 0x225ae    : lw a4, -264(t1)            : MemRead :  D=0x0000000000000000 A=0x71ef8
  45000: system.cpu: T0 : 0x225b2    : c_sdsp s4, 184(sp)         : MemWrite :  D=0x0000000000000000 A=0x7ffffffffffffdc8
  45500: system.cpu: T0 : 0x225b4    : c_sdsp a4, 96(sp)          : MemWrite :  D=0x0000000000000000 A=0x7ffffffffffffd70
  46500: system.cpu: T0 : 0x225b6    : lw a4, -1344(gp)           : MemRead :  D=0x0000000000000000 A=0x70b08
  47000: system.cpu: T0 : 0x225ba    : c_sdsp s0, 216(sp)         : MemWrite :  D=0x0000000000010ce6 A=0x7ffffffffffffde8
  47500: system.cpu: T0 : 0x225bc    : lui s0, 114                : IntAlu :  D=0x0000000000072000
  48000: system.cpu: T0 : 0x225c0    : c_sdsp a4, 48(sp)          : MemWrite :  D=0x0000000000000000 A=0x7ffffffffffffd40
  49000: system.cpu: T0 : 0x225c2    : ld a4, -1328(gp)           : MemRead :  D=0x0000000000000000 A=0x70b18
  50000: system.cpu: T0 : 0x225c6    : lui t6, 114                : IntAlu :  D=0x0000000000072000
  50500: system.cpu: T0 : 0x225ca    : c_sdsp a4, 24(sp)          : MemWrite :  D=0x0000000000000000 A=0x7ffffffffffffd28
  51000: system.cpu: T0 : 0x225cc    : ld a4, -400(s0)            : MemRead :  D=0x0000000000000000 A=0x71e70
  51500: system.cpu: T0 : 0x225d0    : lui t2, 114                : IntAlu :  D=0x0000000000072000
  52000: system.cpu: T0 : 0x225d4    : lui t0, 114                : IntAlu :  D=0x0000000000072000
  52500: system.cpu: T0 : 0x225d8    : c_sdsp a4, 8(sp)           : MemWrite :  D=0x0000000000000000 A=0x7ffffffffffffd18
  53500: system.cpu: T0 : 0x225da    : ld a4, -1784(gp)           : MemRead :  D=0x0000000000001000 A=0x70950
  54500: system.cpu: T0 : 0x225de    : lui a3, 80                 : IntAlu :  D=0x0000000000050000
  55000: system.cpu: T0 : 0x225e2    : c_sdsp s5, 176(sp)         : MemWrite :  D=0x0000000000000000 A=0x7ffffffffffffdc0
  55500: system.cpu: T0 : 0x225e4    : c_sdsp s6, 168(sp)         : MemWrite :  D=0x0000000000000000 A=0x7ffffffffffffdb8
  56000: system.cpu: T0 : 0x225e6    : c_sdsp s7, 160(sp)         : MemWrite :  D=0x0000000000000000 A=0x7ffffffffffffdb0
  56500: system.cpu: T0 : 0x225e8    : c_sdsp s8, 152(sp)         : MemWrite :  D=0x0000000000000000 A=0x7ffffffffffffda8
  57000: system.cpu: T0 : 0x225ea    : c_sdsp s10, 136(sp)        : MemWrite :  D=0x0000000000000000 A=0x7ffffffffffffd98
  57500: system.cpu: T0 : 0x225ec    : c_sdsp s11, 128(sp)        : MemWrite :  D=0x0000000000000000 A=0x7ffffffffffffd90
  58000: system.cpu: T0 : 0x225ee    : c_sdsp a4, 120(sp)         : MemWrite :  D=0x0000000000001000 A=0x7ffffffffffffd88
  58500: system.cpu: T0 : 0x225f0    : lw s7, -344(t6)            : MemRead :  D=0x0000000000000000 A=0x71ea8
  59000: system.cpu: T0 : 0x225f4    : ld s11, -312(t2)           : MemRead :  D=0x0000000000000000 A=0x71ec8
  59500: system.cpu: T0 : 0x225f8    : c_sdsp s9, 144(sp)         : MemWrite :  D=0x0000000000000000 A=0x7ffffffffffffda0
  60000: system.cpu: T0 : 0x225fa    : c_li s10, 0                : IntAlu :  D=0x0000000000000000
  60500: system.cpu: T0 : 0x225fc    : ld s9, -368(t0)            : MemRead :  D=0x0000000000000000 A=0x71e90
  61000: system.cpu: T0 : 0x22600    : c_li s8, 0                 : IntAlu :  D=0x0000000000000000
  61500: system.cpu: T0 : 0x22602    : c_sdsp zero, 112(sp)       : MemWrite :  D=0x0000000000000000 A=0x7ffffffffffffd80
  62000: system.cpu: T0 : 0x22604    : c_sdsp zero, 88(sp)        : MemWrite :  D=0x0000000000000000 A=0x7ffffffffffffd68
  62500: system.cpu: T0 : 0x22606    : c_sdsp zero, 72(sp)        : MemWrite :  D=0x0000000000000000 A=0x7ffffffffffffd58
  63000: system.cpu: T0 : 0x22608    : c_sdsp zero, 56(sp)        : MemWrite :  D=0x0000000000000000 A=0x7ffffffffffffd48
  63500: system.cpu: T0 : 0x2260a    : c_sdsp zero, 40(sp)        : MemWrite :  D=0x0000000000000000 A=0x7ffffffffffffd38
  64000: system.cpu: T0 : 0x2260c    : c_sdsp zero, 16(sp)        : MemWrite :  D=0x0000000000000000 A=0x7ffffffffffffd20
  64500: system.cpu: T0 : 0x2260e    : c_li s6, 0                 : IntAlu :  D=0x0000000000000000
  65000: system.cpu: T0 : 0x22610    : c_li s5, 0                 : IntAlu :  D=0x0000000000000000
  65500: system.cpu: T0 : 0x22612    : c_li t5, 0                 : IntAlu :  D=0x0000000000000000
  66000: system.cpu: T0 : 0x22614    : c_li a7, 0                 : IntAlu :  D=0x0000000000000000
  66500: system.cpu: T0 : 0x22616    : c_li a1, 0                 : IntAlu :  D=0x0000000000000000
  67000: system.cpu: T0 : 0x22618    : c_li a2, 0                 : IntAlu :  D=0x0000000000000000
  67500: system.cpu: T0 : 0x2261a    : c_li a4, 30                : IntAlu :  D=0x000000000000001e
  68000: system.cpu: T0 : 0x2261c    : addi a3, a3, -280          : IntAlu :  D=0x000000000004fee8
  68500: system.cpu: T0 : 0x22620    : c_addi a5, -3              : IntAlu :  D=0x0000000000000006
  69500: system.cpu: T0 : 0x22622    : bltu a4, a5, 20            : IntAlu : 
  70000: system.cpu: T0 : 0x22626    : c_slli a5, 2               : IntAlu :  D=0x0000000000000018
  70500: system.cpu: T0 : 0x22628    : c_add a5, a3               : IntAlu :  D=0x000000000004ff00
  71000: system.cpu: T0 : 0x2262a    : c_lw a5, 0(a5)             : MemRead :  D=0x0000000000022636 A=0x4ff00
  71500: system.cpu: T0 : 0x2262c    : c_jr a5                    : IntAlu : 
  72000: system.cpu: T0 : 0x22636    : c_ld a5, 16(a0)            : MemRead :  D=0x0000000000000005 A=0x7fffffffffffff60
  72500: system.cpu: T0 : 0x22638    : c_addi a0, 16              : IntAlu :  D=0x7fffffffffffff60
  73000: system.cpu: T0 : 0x2263a    : c_bnez a5, -26             : IntAlu : 
  73500: system.cpu: T0 : 0x22620    : c_addi a5, -3              : IntAlu :  D=0x0000000000000002
  74500: system.cpu: T0 : 0x22622    : bltu a4, a5, 20            : IntAlu : 
  75000: system.cpu: T0 : 0x22626    : c_slli a5, 2               : IntAlu :  D=0x0000000000000008
  75500: system.cpu: T0 : 0x22628    : c_add a5, a3               : IntAlu :  D=0x000000000004fef0
  76000: system.cpu: T0 : 0x2262a    : c_lw a5, 0(a5)             : MemRead :  D=0x00000000000227b4 A=0x4fef0
  76500: system.cpu: T0 : 0x2262c    : c_jr a5                    : IntAlu : 
  77000: system.cpu: T0 : 0x227b4    : c_ld a5, 16(a0)            : MemRead :  D=0x0000000000000004 A=0x7fffffffffffff70
  78000: system.cpu: T0 : 0x227b6    : ld s11, 8(a0)              : MemRead :  D=0x0000000000000006 A=0x7fffffffffffff68
  78500: system.cpu: T0 : 0x227ba    : c_li s8, 1                 : IntAlu :  D=0x0000000000000001
  79000: system.cpu: T0 : 0x227bc    : c_addi a0, 16              : IntAlu :  D=0x7fffffffffffff70
  80000: system.cpu: T0 : 0x227be    : bne a5, zero, -414         : IntAlu : 
  80500: system.cpu: T0 : 0x22620    : c_addi a5, -3              : IntAlu :  D=0x0000000000000001
  81500: system.cpu: T0 : 0x22622    : bltu a4, a5, 20            : IntAlu : 
  82000: system.cpu: T0 : 0x22626    : c_slli a5, 2               : IntAlu :  D=0x0000000000000004
  82500: system.cpu: T0 : 0x22628    : c_add a5, a3               : IntAlu :  D=0x000000000004feec
  83000: system.cpu: T0 : 0x2262a    : c_lw a5, 0(a5)             : MemRead :  D=0x0000000000022636 A=0x4feec
  83500: system.cpu: T0 : 0x2262c    : c_jr a5                    : IntAlu : 
  84000: system.cpu: T0 : 0x22636    : c_ld a5, 16(a0)            : MemRead :  D=0x0000000000000003 A=0x7fffffffffffff80
  84500: system.cpu: T0 : 0x22638    : c_addi a0, 16              : IntAlu :  D=0x7fffffffffffff80
  85000: system.cpu: T0 : 0x2263a    : c_bnez a5, -26             : IntAlu : 
  85500: system.cpu: T0 : 0x22620    : c_addi a5, -3              : IntAlu :  D=0x0000000000000000
  86500: system.cpu: T0 : 0x22622    : bltu a4, a5, 20            : IntAlu : 
  87000: system.cpu: T0 : 0x22626    : c_slli a5, 2               : IntAlu :  D=0x0000000000000000
  87500: system.cpu: T0 : 0x22628    : c_add a5, a3               : IntAlu :  D=0x000000000004fee8
  88000: system.cpu: T0 : 0x2262a    : c_lw a5, 0(a5)             : MemRead :  D=0x00000000000227c4 A=0x4fee8
  88500: system.cpu: T0 : 0x2262c    : c_jr a5                    : IntAlu : 
  89000: system.cpu: T0 : 0x227c4    : c_ld a5, 16(a0)            : MemRead :  D=0x0000000000000006 A=0x7fffffffffffff90
  90000: system.cpu: T0 : 0x227c6    : ld s9, 8(a0)               : MemRead :  D=0x0000000000010040 A=0x7fffffffffffff88
  90500: system.cpu: T0 : 0x227ca    : c_li s6, 1                 : IntAlu :  D=0x0000000000000001
  91000: system.cpu: T0 : 0x227cc    : c_addi a0, 16              : IntAlu :  D=0x7fffffffffffff90
  92000: system.cpu: T0 : 0x227ce    : bne a5, zero, -430         : IntAlu : 
  92500: system.cpu: T0 : 0x22620    : c_addi a5, -3              : IntAlu :  D=0x0000000000000003
  93500: system.cpu: T0 : 0x22622    : bltu a4, a5, 20            : IntAlu : 
  94000: system.cpu: T0 : 0x22626    : c_slli a5, 2               : IntAlu :  D=0x000000000000000c
  94500: system.cpu: T0 : 0x22628    : c_add a5, a3               : IntAlu :  D=0x000000000004fef4
  95000: system.cpu: T0 : 0x2262a    : c_lw a5, 0(a5)             : MemRead :  D=0x000000000002262e A=0x4fef4
  95500: system.cpu: T0 : 0x2262c    : c_jr a5                    : IntAlu : 
  96000: system.cpu: T0 : 0x2262e    : c_ld a5, 8(a0)             : MemRead :  D=0x0000000000001000 A=0x7fffffffffffff98
  96500: system.cpu: T0 : 0x22630    : c_beqz a5, 6               : IntAlu : 
  97000: system.cpu: T0 : 0x22632    : c_sdsp a5, 120(sp)         : MemWrite :  D=0x0000000000001000 A=0x7ffffffffffffd88
  97500: system.cpu: T0 : 0x22634    : c_li t5, 1                 : IntAlu :  D=0x0000000000000001
  98000: system.cpu: T0 : 0x22636    : c_ld a5, 16(a0)            : MemRead :  D=0x0000000000000017 A=0x7fffffffffffffa0
  98500: system.cpu: T0 : 0x22638    : c_addi a0, 16              : IntAlu :  D=0x7fffffffffffffa0
  99000: system.cpu: T0 : 0x2263a    : c_bnez a5, -26             : IntAlu : 
  99500: system.cpu: T0 : 0x22620    : c_addi a5, -3              : IntAlu :  D=0x0000000000000014
 100500: system.cpu: T0 : 0x22622    : bltu a4, a5, 20            : IntAlu : 
 101000: system.cpu: T0 : 0x22626    : c_slli a5, 2               : IntAlu :  D=0x0000000000000050
 101500: system.cpu: T0 : 0x22628    : c_add a5, a3               : IntAlu :  D=0x000000000004ff38
 102000: system.cpu: T0 : 0x2262a    : c_lw a5, 0(a5)             : MemRead :  D=0x0000000000022708 A=0x4ff38
 102500: system.cpu: T0 : 0x2262c    : c_jr a5                    : IntAlu : 
 103000: system.cpu: T0 : 0x22708    : c_lw a5, 8(a0)             : MemRead :  D=0x0000000000000000 A=0x7fffffffffffffa8
 103500: system.cpu: T0 : 0x2270a    : c_li a2, -1                : IntAlu :  D=0xffffffffffffffff
 104000: system.cpu: T0 : 0x2270c    : c_addi a0, 16              : IntAlu :  D=0x7fffffffffffffb0
 104500: system.cpu: T0 : 0x2270e    : c_sdsp a5, 80(sp)          : MemWrite :  D=0x0000000000000000 A=0x7ffffffffffffd60
 105000: system.cpu: T0 : 0x22710    : c_li a5, 1                 : IntAlu :  D=0x0000000000000001
 105500: system.cpu: T0 : 0x22712    : c_sdsp a5, 96(sp)          : MemWrite :  D=0x0000000000000001 A=0x7ffffffffffffd70
 106000: system.cpu: T0 : 0x22714    : c_sdsp a5, 88(sp)          : MemWrite :  D=0x0000000000000001 A=0x7ffffffffffffd68
 106500: system.cpu: T0 : 0x22716    : c_ld a5, 0(a0)             : MemRead :  D=0x0000000000000019 A=0x7fffffffffffffb0
 107000: system.cpu: T0 : 0x22718    : c_bnez a5, -248            : IntAlu : 
 107500: system.cpu: T0 : 0x22620    : c_addi a5, -3              : IntAlu :  D=0x0000000000000016
 108500: system.cpu: T0 : 0x22622    : bltu a4, a5, 20            : IntAlu : 
 109000: system.cpu: T0 : 0x22626    : c_slli a5, 2               : IntAlu :  D=0x0000000000000058
 109500: system.cpu: T0 : 0x22628    : c_add a5, a3               : IntAlu :  D=0x000000000004ff40
 110000: system.cpu: T0 : 0x2262a    : c_lw a5, 0(a5)             : MemRead :  D=0x00000000000226f8 A=0x4ff40
 110500: system.cpu: T0 : 0x2262c    : c_jr a5                    : IntAlu : 
 111000: system.cpu: T0 : 0x226f8    : c_ld a5, 8(a0)             : MemRead :  D=0x7fffffffffffffd8 A=0x7fffffffffffffb8
 111500: system.cpu: T0 : 0x226fa    : c_addi a0, 16              : IntAlu :  D=0x7fffffffffffffc0
 112000: system.cpu: T0 : 0x226fc    : c_sdsp a5, 104(sp)         : MemWrite :  D=0x7fffffffffffffd8 A=0x7ffffffffffffd78
 112500: system.cpu: T0 : 0x226fe    : c_li a5, 1                 : IntAlu :  D=0x0000000000000001
 113000: system.cpu: T0 : 0x22700    : c_sdsp a5, 112(sp)         : MemWrite :  D=0x0000000000000001 A=0x7ffffffffffffd80
 113500: system.cpu: T0 : 0x22702    : c_ld a5, 0(a0)             : MemRead :  D=0x0000000000000000 A=0x7fffffffffffffc0
 114000: system.cpu: T0 : 0x22704    : c_bnez a5, -228            : IntAlu : 
 114500: system.cpu: T0 : 0x22706    : c_j -202                   : IntAlu : 
 115000: system.cpu: T0 : 0x2263c    : bne t5, zero, 408          : IntAlu : 
 115500: system.cpu: T0 : 0x227d4    : c_ldsp a5, 120(sp)         : MemRead :  D=0x0000000000001000 A=0x7ffffffffffffd88
 116500: system.cpu: T0 : 0x227d6    : sd a5, -1784(gp)           : MemWrite :  D=0x0000000000001000 A=0x70950
 117500: system.cpu: T0 : 0x227da    : bne s5, zero, -406         : IntAlu : 
 118000: system.cpu: T0 : 0x227de    : c_j -406                   : IntAlu : 
 118500: system.cpu: T0 : 0x22648    : beq s6, zero, 8            : IntAlu : 
 119000: system.cpu: T0 : 0x2264c    : sd s9, -368(t0)            : MemWrite :  D=0x0000000000010040 A=0x71e90
 119500: system.cpu: T0 : 0x22650    : beq s8, zero, 8            : IntAlu : 
 120000: system.cpu: T0 : 0x22654    : sd s11, -312(t2)           : MemWrite :  D=0x0000000000000006 A=0x71ec8
 120500: system.cpu: T0 : 0x22658    : beq s10, zero, 10          : IntAlu : 
 121000: system.cpu: T0 : 0x22662    : c_ldsp a5, 16(sp)          : MemRead :  D=0x0000000000000000 A=0x7ffffffffffffd20
 121500: system.cpu: T0 : 0x22664    : c_beqz a5, 8               : IntAlu : 
 122000: system.cpu: T0 : 0x2266c    : c_ldsp a5, 40(sp)          : MemRead :  D=0x0000000000000000 A=0x7ffffffffffffd38
 122500: system.cpu: T0 : 0x2266e    : c_beqz a5, 8               : IntAlu : 
 123000: system.cpu: T0 : 0x22676    : c_ldsp a5, 56(sp)          : MemRead :  D=0x0000000000000000 A=0x7ffffffffffffd48
 123500: system.cpu: T0 : 0x22678    : c_beqz a5, 8               : IntAlu : 
 124000: system.cpu: T0 : 0x22680    : c_ldsp a5, 72(sp)          : MemRead :  D=0x0000000000000000 A=0x7ffffffffffffd58
 124500: system.cpu: T0 : 0x22682    : c_beqz a5, 8               : IntAlu : 
 125000: system.cpu: T0 : 0x2268a    : c_ldsp a5, 88(sp)          : MemRead :  D=0x0000000000000001 A=0x7ffffffffffffd68
 125500: system.cpu: T0 : 0x2268c    : c_beqz a5, 14              : IntAlu : 
 126000: system.cpu: T0 : 0x2268e    : c_ldsp a5, 80(sp)          : MemRead :  D=0x0000000000000000 A=0x7ffffffffffffd60
 126500: system.cpu: T0 : 0x22690    : sw a5, -72(t3)             : MemWrite :  D=0x0000000000000000 A=0x6efb8
 127000: system.cpu: T0 : 0x22694    : c_ldsp a5, 96(sp)          : MemRead :  D=0x0000000000000001 A=0x7ffffffffffffd70
 128000: system.cpu: T0 : 0x22696    : sw a5, -264(t1)            : MemWrite :  D=0x0000000000000001 A=0x71ef8
 128500: system.cpu: T0 : 0x2269a    : c_ldsp a5, 112(sp)         : MemRead :  D=0x0000000000000001 A=0x7ffffffffffffd80
 129000: system.cpu: T0 : 0x2269c    : c_beqz a5, 8               : IntAlu : 
 129500: system.cpu: T0 : 0x2269e    : c_ldsp a5, 104(sp)         : MemRead :  D=0x7fffffffffffffd8 A=0x7ffffffffffffd78
 130000: system.cpu: T0 : 0x226a0    : sd a5, 0(a6)               : MemWrite :  D=0x7fffffffffffffd8 A=0x6ef80
 130500: system.cpu: T0 : 0x226a4    : c_li a5, 15                : IntAlu :  D=0x000000000000000f
 131500: system.cpu: T0 : 0x226a6    : bne a2, a5, 22             : IntAlu : 
 132000: system.cpu: T0 : 0x226bc    : c_ldsp s0, 216(sp)         : MemRead :  D=0x0000000000010ce6 A=0x7ffffffffffffde8
 132500: system.cpu: T0 : 0x226be    : c_ldsp s1, 208(sp)         : MemRead :  D=0x0000000000010d76 A=0x7ffffffffffffde0
 133000: system.cpu: T0 : 0x226c0    : c_ldsp s2, 200(sp)         : MemRead :  D=0x0000000000000000 A=0x7ffffffffffffdd8
 133500: system.cpu: T0 : 0x226c2    : c_ldsp s3, 192(sp)         : MemRead :  D=0x0000000000000000 A=0x7ffffffffffffdd0
 134000: system.cpu: T0 : 0x226c4    : c_ldsp s4, 184(sp)         : MemRead :  D=0x0000000000000000 A=0x7ffffffffffffdc8
 134500: system.cpu: T0 : 0x226c6    : c_ldsp s5, 176(sp)         : MemRead :  D=0x0000000000000000 A=0x7ffffffffffffdc0
 135000: system.cpu: T0 : 0x226c8    : c_ldsp s6, 168(sp)         : MemRead :  D=0x0000000000000000 A=0x7ffffffffffffdb8
 135500: system.cpu: T0 : 0x226ca    : c_ldsp s7, 160(sp)         : MemRead :  D=0x0000000000000000 A=0x7ffffffffffffdb0
 136000: system.cpu: T0 : 0x226cc    : c_ldsp s8, 152(sp)         : MemRead :  D=0x0000000000000000 A=0x7ffffffffffffda8
 136500: system.cpu: T0 : 0x226ce    : c_ldsp s9, 144(sp)         : MemRead :  D=0x0000000000000000 A=0x7ffffffffffffda0
 137000: system.cpu: T0 : 0x226d0    : c_ldsp s10, 136(sp)        : MemRead :  D=0x0000000000000000 A=0x7ffffffffffffd98
 137500: system.cpu: T0 : 0x226d2    : c_ldsp s11, 128(sp)        : MemRead :  D=0x0000000000000000 A=0x7ffffffffffffd90
 138000: system.cpu: T0 : 0x226d4    : c_addi16sp sp, 224         : IntAlu :  D=0x7ffffffffffffdf0
 138500: system.cpu: T0 : 0x226d6    : c_jr ra                    : IntAlu : 
 139000: system.cpu: T0 : 0x10868    : lui a5, 114                : IntAlu :  D=0x0000000000072000
 139500: system.cpu: T0 : 0x1086c    : ld a4, -368(a5)            : MemRead :  D=0x0000000000010040 A=0x71e90
 140000: system.cpu: T0 : 0x10870    : beq a4, zero, 320          : IntAlu : 
 140500: system.cpu: T0 : 0x10874    : jal ra, 75474              : IntAlu :  D=0x0000000000010878
 141500: system.cpu: T0 : 0x22f46    : lui a5, 114                : IntAlu :  D=0x0000000000072000
 142500: system.cpu: T0 : 0x22f4a    : lw a5, -264(a5)            : MemRead :  D=0x0000000000000001 A=0x71ef8
 143000: system.cpu: T0 : 0x22f4e    : c_beqz a5, 4               : IntAlu : 
 143500: system.cpu: T0 : 0x22f50    : c_jr ra                    : IntAlu : 
 144000: system.cpu: T0 : 0x10878    : ld a0, -1360(gp)           : MemRead :  D=0x7fffffffffffff48 A=0x70af8
 144500: system.cpu: T0 : 0x1087c    : jal ra, 71972              : IntAlu :  D=0x0000000000010880
 145000: system.cpu: T0 : 0x221a0    : c_addi16sp sp, -128        : IntAlu :  D=0x7ffffffffffffd70
 145500: system.cpu: T0 : 0x221a2    : c_sdsp s4, 80(sp)          : MemWrite :  D=0x0000000000000000 A=0x7ffffffffffffdc0
 146000: system.cpu: T0 : 0x221a4    : lui s4, 111                : IntAlu :  D=0x000000000006f000
 146500: system.cpu: T0 : 0x221a8    : lw a5, -72(s4)             : MemRead :  D=0x0000000000000000 A=0x6efb8
 147000: system.cpu: T0 : 0x221ac    : c_sdsp s7, 56(sp)          : MemWrite :  D=0x0000000000000000 A=0x7ffffffffffffda8
 147500: system.cpu: T0 : 0x221ae    : c_sdsp ra, 120(sp)         : MemWrite :  D=0x0000000000010880 A=0x7ffffffffffffde8
 148000: system.cpu: T0 : 0x221b0    : c_sdsp s0, 112(sp)         : MemWrite :  D=0x0000000000010ce6 A=0x7ffffffffffffde0
 148500: system.cpu: T0 : 0x221b2    : c_sdsp s1, 104(sp)         : MemWrite :  D=0x0000000000010d76 A=0x7ffffffffffffdd8
 149000: system.cpu: T0 : 0x221b4    : c_sdsp s2, 96(sp)          : MemWrite :  D=0x0000000000000000 A=0x7ffffffffffffdd0
 149500: system.cpu: T0 : 0x221b6    : c_sdsp s3, 88(sp)          : MemWrite :  D=0x0000000000000000 A=0x7ffffffffffffdc8
 150000: system.cpu: T0 : 0x221b8    : c_sdsp s5, 72(sp)          : MemWrite :  D=0x0000000000000000 A=0x7ffffffffffffdb8
 150500: system.cpu: T0 : 0x221ba    : c_sdsp s6, 64(sp)          : MemWrite :  D=0x0000000000000000 A=0x7ffffffffffffdb0
 151000: system.cpu: T0 : 0x221bc    : c_sdsp s8, 48(sp)          : MemWrite :  D=0x0000000000000000 A=0x7ffffffffffffda0
 151500: system.cpu: T0 : 0x221be    : c_sdsp s9, 40(sp)          : MemWrite :  D=0x0000000000000000 A=0x7ffffffffffffd98
 152000: system.cpu: T0 : 0x221c0    : c_sdsp s10, 32(sp)         : MemWrite :  D=0x0000000000000000 A=0x7ffffffffffffd90
 152500: system.cpu: T0 : 0x221c2    : c_sdsp s11, 24(sp)         : MemWrite :  D=0x0000000000000000 A=0x7ffffffffffffd88
 153000: system.cpu: T0 : 0x221c4    : c_mv s7, a0                : IntAlu :  D=0x7fffffffffffff48
 154000: system.cpu: T0 : 0x221c6    : bne a5, zero, 750          : IntAlu : 
 155000: system.cpu: T0 : 0x221ca    : lui s0, 111                : IntAlu :  D=0x000000000006f000
 156000: system.cpu: T0 : 0x221ce    : addi s3, zero, 61          : IntAlu :  D=0x000000000000003d
 157000: system.cpu: T0 : 0x221d2    : lui s1, 80                 : IntAlu :  D=0x0000000000050000
 158000: system.cpu: T0 : 0x221d6    : addi s6, s0, -1248         : IntAlu :  D=0x000000000006eb20
 159000: system.cpu: T0 : 0x221da    : beq s7, zero, 166          : IntAlu : 
 159500: system.cpu: T0 : 0x221de    : c_mv a3, s7                : IntAlu :  D=0x7fffffffffffff48
 160000: system.cpu: T0 : 0x221e0    : ld s9, 0(a3)               : MemRead :  D=0x0000000000000000 A=0x7fffffffffffff48
 160500: system.cpu: T0 : 0x221e4    : c_mv s5, a3                : IntAlu :  D=0x7fffffffffffff48
 161500: system.cpu: T0 : 0x221e6    : beq s9, zero, 154          : IntAlu : 
 162000: system.cpu: T0 : 0x22280    : c_ldsp ra, 120(sp)         : MemRead :  D=0x0000000000010880 A=0x7ffffffffffffde8
 162500: system.cpu: T0 : 0x22282    : c_ldsp s0, 112(sp)         : MemRead :  D=0x0000000000010ce6 A=0x7ffffffffffffde0
 163000: system.cpu: T0 : 0x22284    : c_ldsp s1, 104(sp)         : MemRead :  D=0x0000000000010d76 A=0x7ffffffffffffdd8
 163500: system.cpu: T0 : 0x22286    : c_ldsp s2, 96(sp)          : MemRead :  D=0x0000000000000000 A=0x7ffffffffffffdd0
 164000: system.cpu: T0 : 0x22288    : c_ldsp s3, 88(sp)          : MemRead :  D=0x0000000000000000 A=0x7ffffffffffffdc8
 164500: system.cpu: T0 : 0x2228a    : c_ldsp s4, 80(sp)          : MemRead :  D=0x0000000000000000 A=0x7ffffffffffffdc0
 165000: system.cpu: T0 : 0x2228c    : c_ldsp s5, 72(sp)          : MemRead :  D=0x0000000000000000 A=0x7ffffffffffffdb8
 165500: system.cpu: T0 : 0x2228e    : c_ldsp s6, 64(sp)          : MemRead :  D=0x0000000000000000 A=0x7ffffffffffffdb0
 166000: system.cpu: T0 : 0x22290    : c_ldsp s7, 56(sp)          : MemRead :  D=0x0000000000000000 A=0x7ffffffffffffda8
 166500: system.cpu: T0 : 0x22292    : c_ldsp s8, 48(sp)          : MemRead :  D=0x0000000000000000 A=0x7ffffffffffffda0
 167000: system.cpu: T0 : 0x22294    : c_ldsp s9, 40(sp)          : MemRead :  D=0x0000000000000000 A=0x7ffffffffffffd98
 167500: system.cpu: T0 : 0x22296    : c_ldsp s10, 32(sp)         : MemRead :  D=0x0000000000000000 A=0x7ffffffffffffd90
 168000: system.cpu: T0 : 0x22298    : c_ldsp s11, 24(sp)         : MemRead :  D=0x0000000000000000 A=0x7ffffffffffffd88
 168500: system.cpu: T0 : 0x2229a    : c_addi16sp sp, 128         : IntAlu :  D=0x7ffffffffffffdf0
 169000: system.cpu: T0 : 0x2229c    : c_jr ra                    : IntAlu : 
 169500: system.cpu: T0 : 0x10880    : jal ra, 664                : IntAlu :  D=0x0000000000010884
 170000: system.cpu: T0 : 0x10b18    : c_addi16sp sp, -128        : IntAlu :  D=0x7ffffffffffffd70
 171000: system.cpu: T0 : 0x10b1a    : lui a5, 114                : IntAlu :  D=0x0000000000072000
 171500: system.cpu: T0 : 0x10b1e    : c_sdsp s0, 112(sp)         : MemWrite :  D=0x0000000000010ce6 A=0x7ffffffffffffde0
 172000: system.cpu: T0 : 0x10b20    : ld s0, -368(a5)            : MemRead :  D=0x0000000000010040 A=0x71e90
 172500: system.cpu: T0 : 0x10b24    : c_sdsp s3, 88(sp)          : MemWrite :  D=0x0000000000000000 A=0x7ffffffffffffdc8
 173500: system.cpu: T0 : 0x10b26    : lui a5, 112                : IntAlu :  D=0x0000000000070000
 174000: system.cpu: T0 : 0x10b2a    : c_sdsp ra, 120(sp)         : MemWrite :  D=0x0000000000010884 A=0x7ffffffffffffde8
 174500: system.cpu: T0 : 0x10b2c    : c_sdsp s1, 104(sp)         : MemWrite :  D=0x0000000000010d76 A=0x7ffffffffffffdd8
 175000: system.cpu: T0 : 0x10b2e    : c_sdsp s2, 96(sp)          : MemWrite :  D=0x0000000000000000 A=0x7ffffffffffffdd0
 175500: system.cpu: T0 : 0x10b30    : c_sdsp s4, 80(sp)          : MemWrite :  D=0x0000000000000000 A=0x7ffffffffffffdc0
 176000: system.cpu: T0 : 0x10b32    : c_sdsp s5, 72(sp)          : MemWrite :  D=0x0000000000000000 A=0x7ffffffffffffdb8
 176500: system.cpu: T0 : 0x10b34    : c_sdsp s6, 64(sp)          : MemWrite :  D=0x0000000000000000 A=0x7ffffffffffffdb0
 177000: system.cpu: T0 : 0x10b36    : c_sdsp s7, 56(sp)          : MemWrite :  D=0x0000000000000000 A=0x7ffffffffffffda8
 177500: system.cpu: T0 : 0x10b38    : c_sdsp s8, 48(sp)          : MemWrite :  D=0x0000000000000000 A=0x7ffffffffffffda0
 178000: system.cpu: T0 : 0x10b3a    : c_sdsp s9, 40(sp)          : MemWrite :  D=0x0000000000000000 A=0x7ffffffffffffd98
 178500: system.cpu: T0 : 0x10b3c    : c_sdsp s10, 32(sp)         : MemWrite :  D=0x0000000000000000 A=0x7ffffffffffffd90
 179000: system.cpu: T0 : 0x10b3e    : c_sdsp s11, 24(sp)         : MemWrite :  D=0x0000000000000000 A=0x7ffffffffffffd88
 179500: system.cpu: T0 : 0x10b40    : ld s3, 816(a5)             : MemRead :  D=0x000000000006fe60 A=0x70330
 180000: system.cpu: T0 : 0x10b44    : beq s0, zero, 368          : IntAlu : 
 180500: system.cpu: T0 : 0x10b48    : lui a5, 114                : IntAlu :  D=0x0000000000072000
 181000: system.cpu: T0 : 0x10b4c    : ld a5, -312(a5)            : MemRead :  D=0x0000000000000006 A=0x71ec8
 181500: system.cpu: T0 : 0x10b50    : slli a4, a5, 3             : IntAlu :  D=0x0000000000000030
 182000: system.cpu: T0 : 0x10b54    : c_sub a4, a5               : IntAlu :  D=0x000000000000002a
 182500: system.cpu: T0 : 0x10b56    : c_slli a4, 3               : IntAlu :  D=0x0000000000000150
 183000: system.cpu: T0 : 0x10b58    : c_add a4, s0               : IntAlu :  D=0x0000000000010190
 184000: system.cpu: T0 : 0x10b5a    : bgeu s0, a4, 322           : IntAlu : 
 184500: system.cpu: T0 : 0x10b5e    : c_li a3, 7                 : IntAlu :  D=0x0000000000000007
 185000: system.cpu: T0 : 0x10b60    : c_j 10                     : IntAlu : 
 185500: system.cpu: T0 : 0x10b6a    : c_lw a5, 0(s0)             : MemRead :  D=0x0000000000000001 A=0x10040
 186000: system.cpu: T0 : 0x10b6c    : bne a5, a3, -10            : IntAlu : 
 187000: system.cpu: T0 : 0x10b62    : addi s0, s0, 56            : IntAlu :  D=0x0000000000010078
 188000: system.cpu: T0 : 0x10b66    : bgeu s0, a4, 310           : IntAlu : 
 188500: system.cpu: T0 : 0x10b6a    : c_lw a5, 0(s0)             : MemRead :  D=0x0000000000000001 A=0x10078
 189000: system.cpu: T0 : 0x10b6c    : bne a5, a3, -10            : IntAlu : 
 190000: system.cpu: T0 : 0x10b62    : addi s0, s0, 56            : IntAlu :  D=0x00000000000100b0
 191000: system.cpu: T0 : 0x10b66    : bgeu s0, a4, 310           : IntAlu : 
 191500: system.cpu: T0 : 0x10b6a    : c_lw a5, 0(s0)             : MemRead :  D=0x0000000000000004 A=0x100b0
 192000: system.cpu: T0 : 0x10b6c    : bne a5, a3, -10            : IntAlu : 
 193000: system.cpu: T0 : 0x10b62    : addi s0, s0, 56            : IntAlu :  D=0x00000000000100e8
 194000: system.cpu: T0 : 0x10b66    : bgeu s0, a4, 310           : IntAlu : 
 194500: system.cpu: T0 : 0x10b6a    : c_lw a5, 0(s0)             : MemRead :  D=0x0000000000000007 A=0x100e8
 195000: system.cpu: T0 : 0x10b6c    : bne a5, a3, -10            : IntAlu : 
 195500: system.cpu: T0 : 0x10b70    : ld s5, 48(s0)              : MemRead :  D=0x0000000000000008 A=0x10118
 196000: system.cpu: T0 : 0x10b74    : ld a1, 0(s3)               : MemRead :  D=0x0000000000000000 A=0x6fe60
 196500: system.cpu: T0 : 0x10b78    : c_ld a4, 16(s0)            : MemRead :  D=0x000000000006ead0 A=0x100f8
 197000: system.cpu: T0 : 0x10b7a    : c_li a5, 16                : IntAlu :  D=0x0000000000000010
 197500: system.cpu: T0 : 0x10b7c    : ld s10, 40(s0)             : MemRead :  D=0x0000000000000060 A=0x10110
 198000: system.cpu: T0 : 0x10b80    : ld s4, 32(s0)              : MemRead :  D=0x0000000000000020 A=0x10108
 198500: system.cpu: T0 : 0x10b84    : c_mv s8, s5                : IntAlu :  D=0x0000000000000008
 199500: system.cpu: T0 : 0x10b86    : add s0, a1, a4             : IntAlu :  D=0x000000000006ead0
 200500: system.cpu: T0 : 0x10b8a    : bltu s5, a5, 260           : IntAlu : 
 201000: system.cpu: T0 : 0x10c8e    : c_li s8, 16                : IntAlu :  D=0x0000000000000010
 201500: system.cpu: T0 : 0x10c90    : addi a4, s8, -1            : IntAlu :  D=0x000000000000000f
 202000: system.cpu: T0 : 0x10c94    : c_mv s9, s5                : IntAlu :  D=0x0000000000000008
 203000: system.cpu: T0 : 0x10c96    : bne s5, zero, -254         : IntAlu : 
 203500: system.cpu: T0 : 0x10b98    : sub s11, zero, s8          : IntAlu :  D=0xfffffffffffffff0
 204000: system.cpu: T0 : 0x10b9c    : beq s5, zero, 302          : IntAlu : 
 204500: system.cpu: T0 : 0x10ba0    : addi s2, s5, -1            : IntAlu :  D=0x0000000000000007
 205000: system.cpu: T0 : 0x10ba4    : divu a5, s2, s9            : IntDiv :  D=0x0000000000000000
 205500: system.cpu: T0 : 0x10ba8    : c_add s2, s10              : IntAlu :  D=0x0000000000000067
 206500: system.cpu: T0 : 0x10baa    : mul s7, a5, s9             : IntMult :  D=0x0000000000000000
 207000: system.cpu: T0 : 0x10bae    : c_mv a5, s7                : IntAlu :  D=0x0000000000000000
 207500: system.cpu: T0 : 0x10bb0    : ld a0, -1968(gp)           : MemRead :  D=0x0000000000000800 A=0x70898
 208000: system.cpu: T0 : 0x10bb4    : c_sdsp a5, 8(sp)           : MemWrite :  D=0x0000000000000000 A=0x7ffffffffffffd78
 208500: system.cpu: T0 : 0x10bb6    : c_sdsp a4, 0(sp)           : MemWrite :  D=0x000000000000000f A=0x7ffffffffffffd70
 209000: system.cpu: T0 : 0x10bb8    : addi a0, a0, 1808          : IntAlu :  D=0x0000000000000f10
 209500: system.cpu: T0 : 0x10bbc    : c_add a0, s10              : IntAlu :  D=0x0000000000000f70
 210000: system.cpu: T0 : 0x10bbe    : c_add a0, s8               : IntAlu :  D=0x0000000000000f80
 210500: system.cpu: T0 : 0x10bc0    : c_add a0, s7               : IntAlu :  D=0x0000000000000f80
 211500: system.cpu: T0 : 0x10bc2    : jal ra, 67210              : IntAlu :  D=0x0000000000010bc6
 212000: system.cpu: T0 : 0x2124c    : c_addi sp, -32             : IntAlu :  D=0x7ffffffffffffd50
 212500: system.cpu: T0 : 0x2124e    : c_sdsp s2, 0(sp)           : MemWrite :  D=0x0000000000000067 A=0x7ffffffffffffd50
 213000: system.cpu: T0 : 0x21250    : c_sdsp s1, 8(sp)           : MemWrite :  D=0x0000000000010d76 A=0x7ffffffffffffd58
 214000: system.cpu: T0 : 0x21252    : ld s1, -1200(gp)           : MemRead :  D=0x0000000000000000 A=0x70b98
 214500: system.cpu: T0 : 0x21256    : c_sdsp s0, 16(sp)          : MemWrite :  D=0x000000000006ead0 A=0x7ffffffffffffd60
 215000: system.cpu: T0 : 0x21258    : c_sdsp ra, 24(sp)          : MemWrite :  D=0x0000000000010bc6 A=0x7ffffffffffffd68
 215500: system.cpu: T0 : 0x2125a    : c_mv s0, a0                : IntAlu :  D=0x0000000000000f80
 216000: system.cpu: T0 : 0x2125c    : c_beqz s1, 46              : IntAlu : 
 216500: system.cpu: T0 : 0x2128a    : c_li a0, 0                 : IntAlu :  D=0x0000000000000000
 217000: system.cpu: T0 : 0x2128c    : jal ra, 98418              : IntAlu :  D=0x0000000000021290
 217500: system.cpu: T0 : 0x392fe    : c_mv a5, a0                : IntAlu :  D=0x0000000000000000
 218000: system.cpu: T0 : 0x39300    : addi a7, zero, 214         : IntAlu :  D=0x00000000000000d6
 218500: system.cpu: T0 : 0x39304    : ecall                      : No_OpClass : 
 219000: system.cpu: T0 : 0x39308    : sd a0, -1200(gp)           : MemWrite :  D=0x0000000000072000 A=0x70b98
 219500: system.cpu: T0 : 0x3930c    : bltu a0, a5, 8             : IntAlu : 
 220000: system.cpu: T0 : 0x39310    : c_li a0, 0                 : IntAlu :  D=0x0000000000000000
 220500: system.cpu: T0 : 0x39312    : c_jr ra                    : IntAlu : 
 221000: system.cpu: T0 : 0x21290    : blt a0, zero, -22          : IntAlu : 
 221500: system.cpu: T0 : 0x21294    : ld s1, -1200(gp)           : MemRead :  D=0x0000000000072000 A=0x70b98
 222000: system.cpu: T0 : 0x21298    : c_j -52                    : IntAlu : 
 222500: system.cpu: T0 : 0x21264    : c_beqz s0, 24              : IntAlu : 
 223500: system.cpu: T0 : 0x21266    : bge zero, s0, 52           : IntAlu : 
 224500: system.cpu: T0 : 0x2126a    : add a5, s0, s1             : IntAlu :  D=0x0000000000072f80
 225500: system.cpu: T0 : 0x2126e    : sltu a5, a5, s1            : IntAlu :  D=0x0000000000000000
 226000: system.cpu: T0 : 0x21272    : c_beqz a5, 50              : IntAlu : 
 226500: system.cpu: T0 : 0x212a4    : add a0, s1, s0             : IntAlu :  D=0x0000000000072f80
 227000: system.cpu: T0 : 0x212a8    : jal ra, 98390              : IntAlu :  D=0x00000000000212ac
 227500: system.cpu: T0 : 0x392fe    : c_mv a5, a0                : IntAlu :  D=0x0000000000072f80
 228000: system.cpu: T0 : 0x39300    : addi a7, zero, 214         : IntAlu :  D=0x00000000000000d6
 228500: system.cpu: T0 : 0x39304    : ecall                      : No_OpClass : 
 229000: system.cpu: T0 : 0x39308    : sd a0, -1200(gp)           : MemWrite :  D=0x0000000000072f80 A=0x70b98
 229500: system.cpu: T0 : 0x3930c    : bltu a0, a5, 8             : IntAlu : 
 230000: system.cpu: T0 : 0x39310    : c_li a0, 0                 : IntAlu :  D=0x0000000000000000
 230500: system.cpu: T0 : 0x39312    : c_jr ra                    : IntAlu : 
 231000: system.cpu: T0 : 0x212ac    : blt a0, zero, -50          : IntAlu : 
 231500: system.cpu: T0 : 0x212b0    : c_ldsp ra, 24(sp)          : MemRead :  D=0x0000000000010bc6 A=0x7ffffffffffffd68
 232000: system.cpu: T0 : 0x212b2    : c_ldsp s0, 16(sp)          : MemRead :  D=0x000000000006ead0 A=0x7ffffffffffffd60
 232500: system.cpu: T0 : 0x212b4    : c_ldsp s2, 0(sp)           : MemRead :  D=0x0000000000000067 A=0x7ffffffffffffd50
 233000: system.cpu: T0 : 0x212b6    : c_mv a0, s1                : IntAlu :  D=0x0000000000072000
 233500: system.cpu: T0 : 0x212b8    : c_ldsp s1, 8(sp)           : MemRead :  D=0x0000000000010d76 A=0x7ffffffffffffd58
 234000: system.cpu: T0 : 0x212ba    : c_addi16sp sp, 32          : IntAlu :  D=0x7ffffffffffffd70
 234500: system.cpu: T0 : 0x212bc    : c_jr ra                    : IntAlu : 
 235500: system.cpu: T0 : 0x10bc6    : divu s2, s2, s9            : IntDiv :  D=0x000000000000000c
 236000: system.cpu: T0 : 0x10bca    : c_ldsp a4, 0(sp)           : MemRead :  D=0x000000000000000f A=0x7ffffffffffffd70
 236500: system.cpu: T0 : 0x10bcc    : c_ldsp a5, 8(sp)           : MemRead :  D=0x0000000000000000 A=0x7ffffffffffffd78
 237500: system.cpu: T0 : 0x10bce    : addi s1, a0, 1808          : IntAlu :  D=0x0000000000072710
 238000: system.cpu: T0 : 0x10bd2    : c_add s1, a4               : IntAlu :  D=0x000000000007271f
 238500: system.cpu: T0 : 0x10bd4    : and s1, s1, s11            : IntAlu :  D=0x0000000000072710
 239000: system.cpu: T0 : 0x10bd8    : lui a4, 114                : IntAlu :  D=0x0000000000072000
 239500: system.cpu: T0 : 0x10bdc    : addi a4, a4, -1584         : IntAlu :  D=0x00000000000719d0
 240000: system.cpu: T0 : 0x10be0    : add a0, s1, s7             : IntAlu :  D=0x0000000000072710
 240500: system.cpu: T0 : 0x10be4    : sd a5, 1088(s3)            : MemWrite :  D=0x0000000000000000 A=0x702a0
 241000: system.cpu: T0 : 0x10be8    : addi a5, zero, 62          : IntAlu :  D=0x000000000000003e
 241500: system.cpu: T0 : 0x10bec    : c_mv a2, s4                : IntAlu :  D=0x0000000000000020
 242000: system.cpu: T0 : 0x10bee    : c_sd a5, 0(a4)             : MemWrite :  D=0x000000000000003e A=0x719d0
 242500: system.cpu: T0 : 0x10bf0    : c_mv a1, s0                : IntAlu :  D=0x000000000006ead0
 243000: system.cpu: T0 : 0x10bf2    : c_sd a0, 32(a4)            : MemWrite :  D=0x0000000000072710 A=0x719f0
 243500: system.cpu: T0 : 0x10bf4    : sd zero, 40(a4)            : MemWrite :  D=0x0000000000000000 A=0x719f8
 244000: system.cpu: T0 : 0x10bf8    : jal ra, 61672              : IntAlu :  D=0x0000000000010bfc
 244500: system.cpu: T0 : 0x1fce0    : c_addi16sp sp, -48         : IntAlu :  D=0x7ffffffffffffd40
 245000: system.cpu: T0 : 0x1fce2    : c_sdsp s0, 32(sp)          : MemWrite :  D=0x000000000006ead0 A=0x7ffffffffffffd60
 245500: system.cpu: T0 : 0x1fce4    : c_sdsp s2, 16(sp)          : MemWrite :  D=0x000000000000000c A=0x7ffffffffffffd50
 246000: system.cpu: T0 : 0x1fce6    : c_sdsp ra, 40(sp)          : MemWrite :  D=0x0000000000010bfc A=0x7ffffffffffffd68
 246500: system.cpu: T0 : 0x1fce8    : c_sdsp s1, 24(sp)          : MemWrite :  D=0x0000000000072710 A=0x7ffffffffffffd58
 247000: system.cpu: T0 : 0x1fcea    : c_sdsp s3, 8(sp)           : MemWrite :  D=0x000000000006fe60 A=0x7ffffffffffffd48
 247500: system.cpu: T0 : 0x1fcec    : c_li a5, 15                : IntAlu :  D=0x000000000000000f
 248000: system.cpu: T0 : 0x1fcee    : c_mv s2, a0                : IntAlu :  D=0x0000000000072710
 248500: system.cpu: T0 : 0x1fcf0    : c_mv a4, a0                : IntAlu :  D=0x0000000000072710
 249000: system.cpu: T0 : 0x1fcf2    : c_mv s0, a1                : IntAlu :  D=0x000000000006ead0
 249500: system.cpu: T0 : 0x1fcf4    : bgeu a5, a2, 72            : IntAlu : 
 250000: system.cpu: T0 : 0x1fcf8    : sub a0, zero, a0           : IntAlu :  D=0xfffffffffff8d8f0
 250500: system.cpu: T0 : 0x1fcfc    : c_andi a0, 7               : IntAlu :  D=0x0000000000000000
 251500: system.cpu: T0 : 0x1fcfe    : sub s1, a2, a0             : IntAlu :  D=0x0000000000000020
 252000: system.cpu: T0 : 0x1fd02    : c_beqz a0, 110             : IntAlu : 
 252500: system.cpu: T0 : 0x1fd70    : c_mv s3, s2                : IntAlu :  D=0x0000000000072710
 253000: system.cpu: T0 : 0x1fd72    : c_j -84                    : IntAlu : 
 254000: system.cpu: T0 : 0x1fd1e    : andi a5, s0, 7             : IntAlu :  D=0x0000000000000000
 255000: system.cpu: T0 : 0x1fd22    : srli a2, s1, 3             : IntAlu :  D=0x0000000000000004
 255500: system.cpu: T0 : 0x1fd26    : c_mv a1, s0                : IntAlu :  D=0x000000000006ead0
 256000: system.cpu: T0 : 0x1fd28    : c_mv a0, s3                : IntAlu :  D=0x0000000000072710
 256500: system.cpu: T0 : 0x1fd2a    : c_bnez a5, 64              : IntAlu : 
 257000: system.cpu: T0 : 0x1fd2c    : jal ra, 72                 : IntAlu :  D=0x000000000001fd30
 257500: system.cpu: T0 : 0x1fd74    : andi a5, a2, 7             : IntAlu :  D=0x0000000000000004
 258000: system.cpu: T0 : 0x1fd78    : lui a4, 79                 : IntAlu :  D=0x000000000004f000
 258500: system.cpu: T0 : 0x1fd7c    : c_slli a5, 2               : IntAlu :  D=0x0000000000000010
 259500: system.cpu: T0 : 0x1fd7e    : addi a4, a4, 768           : IntAlu :  D=0x000000000004f300
 260000: system.cpu: T0 : 0x1fd82    : c_add a5, a4               : IntAlu :  D=0x000000000004f310
 260500: system.cpu: T0 : 0x1fd84    : c_lw a5, 0(a5)             : MemRead :  D=0x000000000001fe1e A=0x4f310
 261000: system.cpu: T0 : 0x1fd86    : c_jr a5                    : IntAlu : 
 262000: system.cpu: T0 : 0x1fe1e    : ld a6, 0(a1)               : MemRead :  D=0x0000000000070678 A=0x6ead0
 262500: system.cpu: T0 : 0x1fe22    : c_mv a3, a0                : IntAlu :  D=0x0000000000072710
 263000: system.cpu: T0 : 0x1fe24    : c_addi a1, -32             : IntAlu :  D=0x000000000006eab0
 264000: system.cpu: T0 : 0x1fe26    : addi a5, a0, -40           : IntAlu :  D=0x00000000000726e8
 264500: system.cpu: T0 : 0x1fe2a    : c_addi a2, 4               : IntAlu :  D=0x0000000000000008
 265000: system.cpu: T0 : 0x1fe2c    : c_j -124                   : IntAlu : 
 265500: system.cpu: T0 : 0x1fdb0    : c_ld a4, 40(a1)            : MemRead :  D=0x0000000000070678 A=0x6ead8
 266500: system.cpu: T0 : 0x1fdb2    : addi a0, a5, 48            : IntAlu :  D=0x0000000000072718
 267500: system.cpu: T0 : 0x1fdb6    : sd a6, 0(a3)               : MemWrite :  D=0x0000000000070678 A=0x72710
 268500: system.cpu: T0 : 0x1fdb6    : sd a6, 0(a3)               : MemWrite :  D=0x0000000000070678 A=0x72710
 269500: system.cpu: T0 : 0x1fdba    : ld a6, 48(a1)              : MemRead :  D=0x0000000000070680 A=0x6eae0
 270500: system.cpu: T0 : 0x1fdbe    : addi a3, a5, 56            : IntAlu :  D=0x0000000000072720
 271000: system.cpu: T0 : 0x1fdc2    : c_sd a4, 0(a0)             : MemWrite :  D=0x0000000000070678 A=0x72718
 271500: system.cpu: T0 : 0x1fdc4    : c_ld a4, 56(a1)            : MemRead :  D=0x0000000000070698 A=0x6eae8
 272500: system.cpu: T0 : 0x1fdc6    : addi a5, a5, 64            : IntAlu :  D=0x0000000000072728
 273500: system.cpu: T0 : 0x1fdca    : sd a6, 0(a3)               : MemWrite :  D=0x0000000000070680 A=0x72720
 274000: system.cpu: T0 : 0x1fdce    : c_addi a2, -8              : IntAlu :  D=0x0000000000000000
 274500: system.cpu: T0 : 0x1fdd0    : c_mv a0, a5                : IntAlu :  D=0x0000000000072728
 275500: system.cpu: T0 : 0x1fdd2    : addi a1, a1, 64            : IntAlu :  D=0x000000000006eaf0
 276000: system.cpu: T0 : 0x1fdd6    : c_beqz a2, 24              : IntAlu : 
 276500: system.cpu: T0 : 0x1fdee    : c_sd a4, 0(a0)             : MemWrite :  D=0x0000000000070698 A=0x72728
 277000: system.cpu: T0 : 0x1fdf0    : c_jr ra                    : IntAlu : 
 277500: system.cpu: T0 : 0x1fd30    : andi a4, s1, 18446744073709551608 : IntAlu :  D=0x0000000000000020
 278000: system.cpu: T0 : 0x1fd34    : c_add s0, a4               : IntAlu :  D=0x000000000006eaf0
 279000: system.cpu: T0 : 0x1fd36    : andi a2, s1, 7             : IntAlu :  D=0x0000000000000000
 279500: system.cpu: T0 : 0x1fd3a    : c_add a4, s3               : IntAlu :  D=0x0000000000072730
 280000: system.cpu: T0 : 0x1fd3c    : c_addi a4, -1              : IntAlu :  D=0x000000000007272f
 280500: system.cpu: T0 : 0x1fd3e    : c_mv a5, s0                : IntAlu :  D=0x000000000006eaf0
 281000: system.cpu: T0 : 0x1fd40    : add a1, a2, s0             : IntAlu :  D=0x000000000006eaf0
 281500: system.cpu: T0 : 0x1fd44    : c_sub a4, s0               : IntAlu :  D=0x0000000000003c3f
 282000: system.cpu: T0 : 0x1fd46    : c_beqz a2, 20              : IntAlu : 
 282500: system.cpu: T0 : 0x1fd5a    : c_ldsp ra, 40(sp)          : MemRead :  D=0x0000000000010bfc A=0x7ffffffffffffd68
 283000: system.cpu: T0 : 0x1fd5c    : c_ldsp s0, 32(sp)          : MemRead :  D=0x000000000006ead0 A=0x7ffffffffffffd60
 283500: system.cpu: T0 : 0x1fd5e    : c_ldsp s1, 24(sp)          : MemRead :  D=0x0000000000072710 A=0x7ffffffffffffd58
 284000: system.cpu: T0 : 0x1fd60    : c_ldsp s3, 8(sp)           : MemRead :  D=0x000000000006fe60 A=0x7ffffffffffffd48
 284500: system.cpu: T0 : 0x1fd62    : c_mv a0, s2                : IntAlu :  D=0x0000000000072710
 285000: system.cpu: T0 : 0x1fd64    : c_ldsp s2, 16(sp)          : MemRead :  D=0x000000000000000c A=0x7ffffffffffffd50
 285500: system.cpu: T0 : 0x1fd66    : c_addi16sp sp, 48          : IntAlu :  D=0x7ffffffffffffd70
 286000: system.cpu: T0 : 0x1fd68    : c_jr ra                    : IntAlu : 
 286500: system.cpu: T0 : 0x10bfc    : lui a5, 114                : IntAlu :  D=0x0000000000072000
 287000: system.cpu: T0 : 0x10c00    : addi a5, a5, -1568         : IntAlu :  D=0x00000000000719e0
 287500: system.cpu: T0 : 0x10c04    : ld a4, -1968(gp)           : MemRead :  D=0x0000000000000800 A=0x70898
 288000: system.cpu: T0 : 0x10c08    : addi a3, gp, -960          : IntAlu :  D=0x0000000000070c88
 288500: system.cpu: T0 : 0x10c0c    : sd a5, -16(s1)             : MemWrite :  D=0x00000000000719e0 A=0x72700
 289000: system.cpu: T0 : 0x10c10    : addi a2, zero, 64          : IntAlu :  D=0x0000000000000040
 289500: system.cpu: T0 : 0x10c14    : c_li a5, 1                 : IntAlu :  D=0x0000000000000001
 290000: system.cpu: T0 : 0x10c16    : c_sd a2, 0(a3)             : MemWrite :  D=0x0000000000000040 A=0x70c88
 290500: system.cpu: T0 : 0x10c18    : lui a2, 114                : IntAlu :  D=0x0000000000072000
 291000: system.cpu: T0 : 0x10c1c    : sd a5, -1592(a2)           : MemWrite :  D=0x0000000000000001 A=0x719c8
 291500: system.cpu: T0 : 0x10c20    : lui a2, 114                : IntAlu :  D=0x0000000000072000
 292000: system.cpu: T0 : 0x10c24    : sd s3, 40(a3)              : MemWrite :  D=0x000000000006fe60 A=0x70cb0
 292500: system.cpu: T0 : 0x10c28    : sd a3, -560(a2)            : MemWrite :  D=0x0000000000070c88 A=0x71dd0
 293000: system.cpu: T0 : 0x10c2c    : lui a3, 114                : IntAlu :  D=0x0000000000072000
 293500: system.cpu: T0 : 0x10c30    : sd s8, -1600(a3)           : MemWrite :  D=0x0000000000000010 A=0x719c0
 294000: system.cpu: T0 : 0x10c34    : lui a3, 114                : IntAlu :  D=0x0000000000072000
 294500: system.cpu: T0 : 0x10c38    : sd a5, 1096(s3)            : MemWrite :  D=0x0000000000000001 A=0x702a8
 295000: system.cpu: T0 : 0x10c3c    : sd a5, -536(a3)            : MemWrite :  D=0x0000000000000001 A=0x71de8
 295500: system.cpu: T0 : 0x10c40    : c_addi a4, 15              : IntAlu :  D=0x000000000000080f
 296500: system.cpu: T0 : 0x10c42    : sd s0, 1048(s3)            : MemWrite :  D=0x000000000006ead0 A=0x70278
 297000: system.cpu: T0 : 0x10c46    : c_ldsp ra, 120(sp)         : MemRead :  D=0x0000000000010884 A=0x7ffffffffffffde8
 297500: system.cpu: T0 : 0x10c48    : c_ldsp s0, 112(sp)         : MemRead :  D=0x0000000000010ce6 A=0x7ffffffffffffde0
 298500: system.cpu: T0 : 0x10c4a    : sd s5, 1072(s3)            : MemWrite :  D=0x0000000000000008 A=0x70290
 299500: system.cpu: T0 : 0x10c4e    : sd s10, 1064(s3)           : MemWrite :  D=0x0000000000000060 A=0x70288
 300500: system.cpu: T0 : 0x10c52    : sd s4, 1056(s3)            : MemWrite :  D=0x0000000000000020 A=0x70280
 301000: system.cpu: T0 : 0x10c56    : c_ldsp s5, 72(sp)          : MemRead :  D=0x0000000000000000 A=0x7ffffffffffffdb8
 301500: system.cpu: T0 : 0x10c58    : c_ldsp s3, 88(sp)          : MemRead :  D=0x0000000000000000 A=0x7ffffffffffffdc8
 302000: system.cpu: T0 : 0x10c5a    : c_ldsp s4, 80(sp)          : MemRead :  D=0x0000000000000000 A=0x7ffffffffffffdc0
 302500: system.cpu: T0 : 0x10c5c    : c_ldsp s8, 48(sp)          : MemRead :  D=0x0000000000000000 A=0x7ffffffffffffda0
 303000: system.cpu: T0 : 0x10c5e    : c_ldsp s10, 32(sp)         : MemRead :  D=0x0000000000000000 A=0x7ffffffffffffd90
 303500: system.cpu: T0 : 0x10c60    : c_ldsp s11, 24(sp)         : MemRead :  D=0x0000000000000000 A=0x7ffffffffffffd88
 304000: system.cpu: T0 : 0x10c62    : c_mv tp, s1                : IntAlu :  D=0x0000000000072710
 304500: system.cpu: T0 : 0x10c64    : c_ldsp s1, 104(sp)         : MemRead :  D=0x0000000000010d76 A=0x7ffffffffffffdd8
 305500: system.cpu: T0 : 0x10c66    : mul s2, s2, s9             : IntMult :  D=0x0000000000000060
 306000: system.cpu: T0 : 0x10c6a    : c_ldsp s9, 40(sp)          : MemRead :  D=0x0000000000000000 A=0x7ffffffffffffd98
 306500: system.cpu: T0 : 0x10c6c    : add a5, s2, s7             : IntAlu :  D=0x0000000000000060
 307000: system.cpu: T0 : 0x10c70    : c_add a4, a5               : IntAlu :  D=0x000000000000086f
 307500: system.cpu: T0 : 0x10c72    : c_andi a4, 18446744073709551600 : IntAlu :  D=0x0000000000000860
 308000: system.cpu: T0 : 0x10c74    : sd a4, -1968(gp)           : MemWrite :  D=0x0000000000000860 A=0x70898
 308500: system.cpu: T0 : 0x10c78    : lui a4, 114                : IntAlu :  D=0x0000000000072000
 309000: system.cpu: T0 : 0x10c7c    : sd a5, -1608(a4)           : MemWrite :  D=0x0000000000000060 A=0x719b8
 309500: system.cpu: T0 : 0x10c80    : c_ldsp s2, 96(sp)          : MemRead :  D=0x0000000000000000 A=0x7ffffffffffffdd0
 310000: system.cpu: T0 : 0x10c82    : c_ldsp s6, 64(sp)          : MemRead :  D=0x0000000000000000 A=0x7ffffffffffffdb0
 310500: system.cpu: T0 : 0x10c84    : c_ldsp s7, 56(sp)          : MemRead :  D=0x0000000000000000 A=0x7ffffffffffffda8
 311000: system.cpu: T0 : 0x10c86    : c_addi16sp sp, 128         : IntAlu :  D=0x7ffffffffffffdf0
 311500: system.cpu: T0 : 0x10c88    : c_jr ra                    : IntAlu : 
 312000: system.cpu: T0 : 0x10884    : lui a5, 111                : IntAlu :  D=0x000000000006f000
 312500: system.cpu: T0 : 0x10888    : ld a5, -128(a5)            : MemRead :  D=0x7fffffffffffffd8 A=0x6ef80
 313000: system.cpu: T0 : 0x1088c    : lw a7, -1728(gp)           : MemRead :  D=0x0000000000000000 A=0x70988
 313500: system.cpu: T0 : 0x10890    : lbu a6, 1(a5)              : MemRead :  D=0x0000000000000000 A=0x7fffffffffffffd9
 314000: system.cpu: T0 : 0x10894    : lbu a4, 0(a5)              : MemRead :  D=0x0000000000000000 A=0x7fffffffffffffd8
 314500: system.cpu: T0 : 0x10898    : lbu a0, 2(a5)              : MemRead :  D=0x0000000000000000 A=0x7fffffffffffffda
 315000: system.cpu: T0 : 0x1089c    : lbu a1, 3(a5)              : MemRead :  D=0x0000000000000000 A=0x7fffffffffffffdb
 315500: system.cpu: T0 : 0x108a0    : lbu a2, 4(a5)              : MemRead :  D=0x0000000000000000 A=0x7fffffffffffffdc
 316000: system.cpu: T0 : 0x108a4    : c_slli a6, 8               : IntAlu :  D=0x0000000000000000
 317000: system.cpu: T0 : 0x108a6    : lbu a3, 5(a5)              : MemRead :  D=0x000000000000002e A=0x7fffffffffffffdd
 318000: system.cpu: T0 : 0x108aa    : or a6, a6, a4              : IntAlu :  D=0x0000000000000000
 318500: system.cpu: T0 : 0x108ae    : c_slli a0, 16              : IntAlu :  D=0x0000000000000000
 319000: system.cpu: T0 : 0x108b0    : lbu a4, 6(a5)              : MemRead :  D=0x000000000000002e A=0x7fffffffffffffde
 319500: system.cpu: T0 : 0x108b4    : or a0, a0, a6              : IntAlu :  D=0x0000000000000000
 320000: system.cpu: T0 : 0x108b8    : c_slli a1, 24              : IntAlu :  D=0x0000000000000000
 321000: system.cpu: T0 : 0x108ba    : lbu a5, 7(a5)              : MemRead :  D=0x000000000000002f A=0x7fffffffffffffdf
 321500: system.cpu: T0 : 0x108be    : c_or a1, a0                : IntAlu :  D=0x0000000000000000
 322000: system.cpu: T0 : 0x108c0    : c_slli a2, 32              : IntAlu :  D=0x0000000000000000
 322500: system.cpu: T0 : 0x108c2    : c_or a2, a1                : IntAlu :  D=0x0000000000000000
 323000: system.cpu: T0 : 0x108c4    : c_slli a3, 40              : IntAlu :  D=0x00002e0000000000
 323500: system.cpu: T0 : 0x108c6    : c_or a3, a2                : IntAlu :  D=0x00002e0000000000
 324000: system.cpu: T0 : 0x108c8    : c_slli a4, 48              : IntAlu :  D=0x002e000000000000
 324500: system.cpu: T0 : 0x108ca    : c_or a4, a3                : IntAlu :  D=0x002e2e0000000000
 325000: system.cpu: T0 : 0x108cc    : c_slli a5, 56              : IntAlu :  D=0x2f00000000000000
 325500: system.cpu: T0 : 0x108ce    : c_or a5, a4                : IntAlu :  D=0x2f2e2e0000000000
 326000: system.cpu: T0 : 0x108d0    : andi a5, a5, 18446744073709551360 : IntAlu :  D=0x2f2e2e0000000000
 326500: system.cpu: T0 : 0x108d4    : lui a4, 111                : IntAlu :  D=0x000000000006f000
 327000: system.cpu: T0 : 0x108d8    : sd a5, -1264(a4)           : MemWrite :  D=0x2f2e2e0000000000 A=0x6eb10
 327500: system.cpu: T0 : 0x108dc    : beq a7, zero, 286          : IntAlu : 
 328500: system.cpu: T0 : 0x109fa    : jal ra, 75212              : IntAlu :  D=0x00000000000109fe
 329000: system.cpu: T0 : 0x22fc6    : c_addi16sp sp, -496        : IntAlu :  D=0x7ffffffffffffc00
 329500: system.cpu: T0 : 0x22fc8    : c_addi4spn a0, sp, 72      : IntAlu :  D=0x7ffffffffffffc48
 330000: system.cpu: T0 : 0x22fca    : c_sdsp ra, 488(sp)         : MemWrite :  D=0x00000000000109fe A=0x7ffffffffffffde8
 330500: system.cpu: T0 : 0x22fcc    : c_sdsp s0, 480(sp)         : MemWrite :  D=0x0000000000010ce6 A=0x7ffffffffffffde0
 331000: system.cpu: T0 : 0x22fce    : c_sdsp s1, 472(sp)         : MemWrite :  D=0x0000000000010d76 A=0x7ffffffffffffdd8
 331500: system.cpu: T0 : 0x22fd0    : jal ra, 90520              : IntAlu :  D=0x0000000000022fd4
 332000: system.cpu: T0 : 0x39168    : addi a7, zero, 160         : IntAlu :  D=0x00000000000000a0
 332500: system.cpu: T0 : 0x3916c    : ecall                      : No_OpClass : 
 333000: system.cpu: T0 : 0x39170    : c_lui a7, 1048575          : IntAlu :  D=0xfffffffffffff000
 334000: system.cpu: T0 : 0x39172    : bltu a7, a0, 6             : IntAlu : 
 334500: system.cpu: T0 : 0x39176    : c_jr ra                    : IntAlu : 
 335000: system.cpu: T0 : 0x22fd4    : addi a3, sp, 202           : IntAlu :  D=0x7ffffffffffffcca
 335500: system.cpu: T0 : 0x22fd8    : c_bnez a0, 140             : IntAlu : 
 336000: system.cpu: T0 : 0x22fda    : c_li t1, 0                 : IntAlu :  D=0x0000000000000000
 336500: system.cpu: T0 : 0x22fdc    : c_li a0, 0                 : IntAlu :  D=0x0000000000000000
 337000: system.cpu: T0 : 0x22fde    : c_li a7, 9                 : IntAlu :  D=0x0000000000000009
 337500: system.cpu: T0 : 0x22fe0    : addi t3, zero, 46          : IntAlu :  D=0x000000000000002e
 338000: system.cpu: T0 : 0x22fe4    : c_li t4, 3                 : IntAlu :  D=0x0000000000000003
 339000: system.cpu: T0 : 0x22fe6    : lbu a5, 0(a3)              : MemRead :  D=0x0000000000000035 A=0x7ffffffffffffcca
 340000: system.cpu: T0 : 0x22fea    : addiw a5, a5, -48          : IntAlu :  D=0x0000000000000005
 341000: system.cpu: T0 : 0x22fee    : andi a4, a5, 255           : IntAlu :  D=0x0000000000000005
 342000: system.cpu: T0 : 0x22ff2    : bltu a7, a4, 98            : IntAlu : 
 343000: system.cpu: T0 : 0x22ff6    : lbu a1, 1(a3)              : MemRead :  D=0x000000000000002e A=0x7ffffffffffffccb
 344000: system.cpu: T0 : 0x22ffa    : addiw a4, a5, 0            : IntAlu :  D=0x0000000000000005
 344500: system.cpu: T0 : 0x22ffe    : c_addi a3, 1               : IntAlu :  D=0x7ffffffffffffccb
 345000: system.cpu: T0 : 0x23000    : addiw a2, a1, -48          : IntAlu :  D=0xfffffffffffffffe
 345500: system.cpu: T0 : 0x23004    : andi a5, a2, 255           : IntAlu :  D=0x00000000000000fe
 346000: system.cpu: T0 : 0x23008    : bltu a7, a5, 36            : IntAlu : 
 346500: system.cpu: T0 : 0x2302c    : slliw a5, a0, 8            : IntAlu :  D=0x0000000000000000
 347000: system.cpu: T0 : 0x23030    : c_or a5, a4                : IntAlu :  D=0x0000000000000005
 347500: system.cpu: T0 : 0x23032    : c_addiw t1, 1              : IntAlu :  D=0x0000000000000001
 348000: system.cpu: T0 : 0x23034    : addiw a0, a5, 0            : IntAlu :  D=0x0000000000000005
 348500: system.cpu: T0 : 0x23038    : c_addi a3, 1               : IntAlu :  D=0x7ffffffffffffccc
 349500: system.cpu: T0 : 0x2303a    : bne a1, t3, 20             : IntAlu : 
 350500: system.cpu: T0 : 0x2303e    : bne t1, t4, -88            : IntAlu : 
 351500: system.cpu: T0 : 0x22fe6    : lbu a5, 0(a3)              : MemRead :  D=0x0000000000000031 A=0x7ffffffffffffccc
 352500: system.cpu: T0 : 0x22fea    : addiw a5, a5, -48          : IntAlu :  D=0x0000000000000001
 353500: system.cpu: T0 : 0x22fee    : andi a4, a5, 255           : IntAlu :  D=0x0000000000000001
 354500: system.cpu: T0 : 0x22ff2    : bltu a7, a4, 98            : IntAlu : 
 355500: system.cpu: T0 : 0x22ff6    : lbu a1, 1(a3)              : MemRead :  D=0x000000000000002e A=0x7ffffffffffffccd
 356500: system.cpu: T0 : 0x22ffa    : addiw a4, a5, 0            : IntAlu :  D=0x0000000000000001
 357000: system.cpu: T0 : 0x22ffe    : c_addi a3, 1               : IntAlu :  D=0x7ffffffffffffccd
 357500: system.cpu: T0 : 0x23000    : addiw a2, a1, -48          : IntAlu :  D=0xfffffffffffffffe
 358000: system.cpu: T0 : 0x23004    : andi a5, a2, 255           : IntAlu :  D=0x00000000000000fe
 358500: system.cpu: T0 : 0x23008    : bltu a7, a5, 36            : IntAlu : 
 359000: system.cpu: T0 : 0x2302c    : slliw a5, a0, 8            : IntAlu :  D=0x0000000000000500
 359500: system.cpu: T0 : 0x23030    : c_or a5, a4                : IntAlu :  D=0x0000000000000501
 360000: system.cpu: T0 : 0x23032    : c_addiw t1, 1              : IntAlu :  D=0x0000000000000002
 360500: system.cpu: T0 : 0x23034    : addiw a0, a5, 0            : IntAlu :  D=0x0000000000000501
 361000: system.cpu: T0 : 0x23038    : c_addi a3, 1               : IntAlu :  D=0x7ffffffffffffcce
 362000: system.cpu: T0 : 0x2303a    : bne a1, t3, 20             : IntAlu : 
 363000: system.cpu: T0 : 0x2303e    : bne t1, t4, -88            : IntAlu : 
 364000: system.cpu: T0 : 0x22fe6    : lbu a5, 0(a3)              : MemRead :  D=0x0000000000000030 A=0x7ffffffffffffcce
 365000: system.cpu: T0 : 0x22fea    : addiw a5, a5, -48          : IntAlu :  D=0x0000000000000000
 366000: system.cpu: T0 : 0x22fee    : andi a4, a5, 255           : IntAlu :  D=0x0000000000000000
 367000: system.cpu: T0 : 0x22ff2    : bltu a7, a4, 98            : IntAlu : 
 368000: system.cpu: T0 : 0x22ff6    : lbu a1, 1(a3)              : MemRead :  D=0x0000000000000000 A=0x7ffffffffffffccf
 369000: system.cpu: T0 : 0x22ffa    : addiw a4, a5, 0            : IntAlu :  D=0x0000000000000000
 369500: system.cpu: T0 : 0x22ffe    : c_addi a3, 1               : IntAlu :  D=0x7ffffffffffffccf
 370000: system.cpu: T0 : 0x23000    : addiw a2, a1, -48          : IntAlu :  D=0xffffffffffffffd0
 370500: system.cpu: T0 : 0x23004    : andi a5, a2, 255           : IntAlu :  D=0x00000000000000d0
 371000: system.cpu: T0 : 0x23008    : bltu a7, a5, 36            : IntAlu : 
 371500: system.cpu: T0 : 0x2302c    : slliw a5, a0, 8            : IntAlu :  D=0x0000000000050100
 372000: system.cpu: T0 : 0x23030    : c_or a5, a4                : IntAlu :  D=0x0000000000050100
 372500: system.cpu: T0 : 0x23032    : c_addiw t1, 1              : IntAlu :  D=0x0000000000000003
 373000: system.cpu: T0 : 0x23034    : addiw a0, a5, 0            : IntAlu :  D=0x0000000000050100
 373500: system.cpu: T0 : 0x23038    : c_addi a3, 1               : IntAlu :  D=0x7ffffffffffffcd0
 374500: system.cpu: T0 : 0x2303a    : bne a1, t3, 20             : IntAlu : 
 375000: system.cpu: T0 : 0x2304e    : c_li a5, 3                 : IntAlu :  D=0x0000000000000003
 375500: system.cpu: T0 : 0x23050    : beq t1, a5, -14            : IntAlu : 
 376000: system.cpu: T0 : 0x23042    : c_addiw a0, 0              : IntAlu :  D=0x0000000000050100
 376500: system.cpu: T0 : 0x23044    : c_ldsp ra, 488(sp)         : MemRead :  D=0x00000000000109fe A=0x7ffffffffffffde8
 377000: system.cpu: T0 : 0x23046    : c_ldsp s0, 480(sp)         : MemRead :  D=0x0000000000010ce6 A=0x7ffffffffffffde0
 377500: system.cpu: T0 : 0x23048    : c_ldsp s1, 472(sp)         : MemRead :  D=0x0000000000010d76 A=0x7ffffffffffffdd8
 378000: system.cpu: T0 : 0x2304a    : c_addi16sp sp, 496         : IntAlu :  D=0x7ffffffffffffdf0
 378500: system.cpu: T0 : 0x2304c    : c_jr ra                    : IntAlu : 
 379000: system.cpu: T0 : 0x109fe    : c_mv a5, a0                : IntAlu :  D=0x0000000000050100
 379500: system.cpu: T0 : 0x10a00    : blt a0, zero, 104          : IntAlu : 
 380000: system.cpu: T0 : 0x10a04    : lui a4, 114                : IntAlu :  D=0x0000000000072000
 380500: system.cpu: T0 : 0x10a08    : lw a3, -280(a4)            : MemRead :  D=0x0000000000000000 A=0x71ee8
 381000: system.cpu: T0 : 0x10a0c    : addiw a4, a0, 0            : IntAlu :  D=0x0000000000050100
 381500: system.cpu: T0 : 0x10a10    : c_bnez a3, 82              : IntAlu : 
 382500: system.cpu: T0 : 0x10a12    : lui a3, 114                : IntAlu :  D=0x0000000000072000
 383500: system.cpu: T0 : 0x10a16    : sw a4, -280(a3)            : MemWrite :  D=0x0000000000050100 A=0x71ee8
 384500: system.cpu: T0 : 0x10a1a    : lui a4, 65                 : IntAlu :  D=0x0000000000041000
 385500: system.cpu: T0 : 0x10a1e    : addi a4, a4, -257          : IntAlu :  D=0x0000000000040eff
 386500: system.cpu: T0 : 0x10a22    : blt a4, a5, -322           : IntAlu : 
 387000: system.cpu: T0 : 0x108e0    : addi a5, zero, 0           : IntAlu :  D=0x0000000000000000
 387500: system.cpu: T0 : 0x108e4    : c_beqz a5, 10              : IntAlu : 
 388500: system.cpu: T0 : 0x108ee    : lui a5, 111                : IntAlu :  D=0x000000000006f000
 389500: system.cpu: T0 : 0x108f2    : ld a5, -128(a5)            : MemRead :  D=0x7fffffffffffffd8 A=0x6ef80
 390500: system.cpu: T0 : 0x108f6    : lbu a4, 14(a5)             : MemRead :  D=0x0000000000000061 A=0x7fffffffffffffe6
 391500: system.cpu: T0 : 0x108fa    : lbu a7, 8(a5)              : MemRead :  D=0x0000000000000044 A=0x7fffffffffffffe0
 392500: system.cpu: T0 : 0x108fe    : lbu a6, 9(a5)              : MemRead :  D=0x000000000000006f A=0x7fffffffffffffe1
 393500: system.cpu: T0 : 0x10902    : lbu a0, 10(a5)             : MemRead :  D=0x0000000000000077 A=0x7fffffffffffffe2
 394500: system.cpu: T0 : 0x10906    : lbu a1, 11(a5)             : MemRead :  D=0x000000000000006e A=0x7fffffffffffffe3
 395500: system.cpu: T0 : 0x1090a    : lbu a2, 12(a5)             : MemRead :  D=0x000000000000006c A=0x7fffffffffffffe4
 396500: system.cpu: T0 : 0x1090e    : lbu a3, 13(a5)             : MemRead :  D=0x000000000000006f A=0x7fffffffffffffe5
 397500: system.cpu: T0 : 0x10912    : lbu a5, 15(a5)             : MemRead :  D=0x0000000000000064 A=0x7fffffffffffffe7
 398500: system.cpu: T0 : 0x10916    : sb a7, 40(sp)              : MemWrite :  D=0x0000000000000044 A=0x7ffffffffffffe18
 399500: system.cpu: T0 : 0x1091a    : sb a6, 41(sp)              : MemWrite :  D=0x000000000000006f A=0x7ffffffffffffe19
 400500: system.cpu: T0 : 0x1091e    : sb a5, 47(sp)              : MemWrite :  D=0x0000000000000064 A=0x7ffffffffffffe1f
 401500: system.cpu: T0 : 0x10922    : sb a0, 42(sp)              : MemWrite :  D=0x0000000000000077 A=0x7ffffffffffffe1a
 402500: system.cpu: T0 : 0x10926    : sb a1, 43(sp)              : MemWrite :  D=0x000000000000006e A=0x7ffffffffffffe1b
 403500: system.cpu: T0 : 0x1092a    : sb a2, 44(sp)              : MemWrite :  D=0x000000000000006c A=0x7ffffffffffffe1c
 404500: system.cpu: T0 : 0x1092e    : sb a3, 45(sp)              : MemWrite :  D=0x000000000000006f A=0x7ffffffffffffe1d
 405500: system.cpu: T0 : 0x10932    : sb a4, 46(sp)              : MemWrite :  D=0x0000000000000061 A=0x7ffffffffffffe1e
 406000: system.cpu: T0 : 0x10936    : c_ldsp a4, 40(sp)          : MemRead :  D=0x64616f6c6e776f44 A=0x7ffffffffffffe18
 406500: system.cpu: T0 : 0x10938    : lui a5, 111                : IntAlu :  D=0x000000000006f000
 407000: system.cpu: T0 : 0x1093c    : sd a4, -1256(a5)           : MemWrite :  D=0x64616f6c6e776f44 A=0x6eb18
 407500: system.cpu: T0 : 0x10940    : beq s2, zero, 14           : IntAlu : 
 408500: system.cpu: T0 : 0x1094e    : ld a2, -1360(gp)           : MemRead :  D=0x7fffffffffffff48 A=0x70af8
 409000: system.cpu: T0 : 0x10952    : c_ldsp a1, 16(sp)          : MemRead :  D=0x7fffffffffffff38 A=0x7ffffffffffffe00
 409500: system.cpu: T0 : 0x10954    : c_ldsp a0, 8(sp)           : MemRead :  D=0x0000000000000001 A=0x7ffffffffffffdf8
 410500: system.cpu: T0 : 0x10956    : jal ra, 75616              : IntAlu :  D=0x000000000001095a
 411000: system.cpu: T0 : 0x230b6    : c_addi sp, -32             : IntAlu :  D=0x7ffffffffffffdd0
 411500: system.cpu: T0 : 0x230b8    : c_sdsp s0, 16(sp)          : MemWrite :  D=0x0000000000010ce6 A=0x7ffffffffffffde0
 412000: system.cpu: T0 : 0x230ba    : c_sdsp s1, 8(sp)           : MemWrite :  D=0x0000000000010d76 A=0x7ffffffffffffdd8
 412500: system.cpu: T0 : 0x230bc    : c_sdsp s2, 0(sp)           : MemWrite :  D=0x0000000000000000 A=0x7ffffffffffffdd0
 413000: system.cpu: T0 : 0x230be    : c_sdsp ra, 24(sp)          : MemWrite :  D=0x000000000001095a A=0x7ffffffffffffde8
 413500: system.cpu: T0 : 0x230c0    : addi a4, zero, 0           : IntAlu :  D=0x0000000000000000
 414000: system.cpu: T0 : 0x230c4    : c_mv s0, a0                : IntAlu :  D=0x0000000000000001
 414500: system.cpu: T0 : 0x230c6    : c_mv s1, a1                : IntAlu :  D=0x7fffffffffffff38
 415000: system.cpu: T0 : 0x230c8    : c_mv s2, a2                : IntAlu :  D=0x7fffffffffffff48
 415500: system.cpu: T0 : 0x230ca    : c_beqz a4, 62              : IntAlu : 
 416000: system.cpu: T0 : 0x23108    : lw a0, -1248(gp)           : MemRead :  D=0x0000000000000000 A=0x70b68
 416500: system.cpu: T0 : 0x2310c    : lw a5, -1344(gp)           : MemRead :  D=0x0000000000000000 A=0x70b08
 417000: system.cpu: T0 : 0x23110    : sw zero, -1728(gp)         : MemWrite :  D=0x0000000000000000 A=0x70988
 417500: system.cpu: T0 : 0x23114    : beq a5, a0, -60            : IntAlu : 
 418000: system.cpu: T0 : 0x230d8    : lui a5, 114                : IntAlu :  D=0x0000000000072000
 418500: system.cpu: T0 : 0x230dc    : sw s0, -256(a5)            : MemWrite :  D=0x0000000000000001 A=0x71f00
 419000: system.cpu: T0 : 0x230e0    : lui a5, 114                : IntAlu :  D=0x0000000000072000
 419500: system.cpu: T0 : 0x230e4    : sd s1, -248(a5)            : MemWrite :  D=0x7fffffffffffff38 A=0x71f08
 420000: system.cpu: T0 : 0x230e8    : sd s2, -1360(gp)           : MemWrite :  D=0x7fffffffffffff48 A=0x70af8
 420500: system.cpu: T0 : 0x230ec    : jal ra, -2314              : IntAlu :  D=0x00000000000230f0
 421000: system.cpu: T0 : 0x227e2    : c_addi16sp sp, -160        : IntAlu :  D=0x7ffffffffffffd30
 421500: system.cpu: T0 : 0x227e4    : c_sdsp ra, 152(sp)         : MemWrite :  D=0x00000000000230f0 A=0x7ffffffffffffdc8
 422000: system.cpu: T0 : 0x227e6    : c_sdsp s1, 136(sp)         : MemWrite :  D=0x7fffffffffffff38 A=0x7ffffffffffffdb8
 422500: system.cpu: T0 : 0x227e8    : c_sdsp s2, 128(sp)         : MemWrite :  D=0x7fffffffffffff48 A=0x7ffffffffffffdb0
 423000: system.cpu: T0 : 0x227ea    : c_sdsp s3, 120(sp)         : MemWrite :  D=0x0000000000000000 A=0x7ffffffffffffda8
 423500: system.cpu: T0 : 0x227ec    : c_sdsp s4, 112(sp)         : MemWrite :  D=0x0000000000000000 A=0x7ffffffffffffda0
 424000: system.cpu: T0 : 0x227ee    : c_sdsp s0, 144(sp)         : MemWrite :  D=0x0000000000000001 A=0x7ffffffffffffdc0
 424500: system.cpu: T0 : 0x227f0    : c_sdsp s5, 104(sp)         : MemWrite :  D=0x0000000000000000 A=0x7ffffffffffffd98
 425000: system.cpu: T0 : 0x227f2    : c_sdsp s6, 96(sp)          : MemWrite :  D=0x0000000000000000 A=0x7ffffffffffffd90
 425500: system.cpu: T0 : 0x227f4    : c_sdsp s7, 88(sp)          : MemWrite :  D=0x0000000000000000 A=0x7ffffffffffffd88
 426000: system.cpu: T0 : 0x227f6    : c_sdsp s8, 80(sp)          : MemWrite :  D=0x0000000000000000 A=0x7ffffffffffffd80
 426500: system.cpu: T0 : 0x227f8    : c_sdsp s9, 72(sp)          : MemWrite :  D=0x0000000000000000 A=0x7ffffffffffffd78
 427000: system.cpu: T0 : 0x227fa    : c_sdsp s10, 64(sp)         : MemWrite :  D=0x0000000000000000 A=0x7ffffffffffffd70
 427500: system.cpu: T0 : 0x227fc    : lui s2, 114                : IntAlu :  D=0x0000000000072000
 428000: system.cpu: T0 : 0x22800    : jal ra, 116914             : IntAlu :  D=0x0000000000022804
 428500: system.cpu: T0 : 0x3f0b2    : c_lui t1, 1048575          : IntAlu :  D=0xfffffffffffff000
 429000: system.cpu: T0 : 0x3f0b4    : c_addi16sp sp, -48         : IntAlu :  D=0x7ffffffffffffd00
 429500: system.cpu: T0 : 0x3f0b6    : c_addi t1, 16              : IntAlu :  D=0xfffffffffffff010
 430000: system.cpu: T0 : 0x3f0b8    : c_sdsp ra, 40(sp)          : MemWrite :  D=0x0000000000022804 A=0x7ffffffffffffd28
 430500: system.cpu: T0 : 0x3f0ba    : c_sdsp s0, 32(sp)          : MemWrite :  D=0x0000000000000001 A=0x7ffffffffffffd20
 431000: system.cpu: T0 : 0x3f0bc    : c_sdsp s1, 24(sp)          : MemWrite :  D=0x7fffffffffffff38 A=0x7ffffffffffffd18
 431500: system.cpu: T0 : 0x3f0be    : c_sdsp s2, 16(sp)          : MemWrite :  D=0x0000000000072000 A=0x7ffffffffffffd10
 432000: system.cpu: T0 : 0x3f0c0    : lui a1, 98                 : IntAlu :  D=0x0000000000062000
 432500: system.cpu: T0 : 0x3f0c4    : c_add sp, t1               : IntAlu :  D=0x7fffffffffffed10
 433000: system.cpu: T0 : 0x3f0c6    : c_lui a5, 1048575          : IntAlu :  D=0xfffffffffffff000
 433500: system.cpu: T0 : 0x3f0c8    : addi a7, zero, 78          : IntAlu :  D=0x000000000000004e
 434000: system.cpu: T0 : 0x3f0cc    : addi a0, zero, -100        : IntAlu :  D=0xffffffffffffff9c
 434500: system.cpu: T0 : 0x3f0d0    : addi a1, a1, 1272          : IntAlu :  D=0x00000000000624f8
 435000: system.cpu: T0 : 0x3f0d4    : c_mv a2, sp                : IntAlu :  D=0x7fffffffffffed10
 435500: system.cpu: T0 : 0x3f0d6    : c_lui a3, 1                : IntAlu :  D=0x0000000000001000
 436000: system.cpu: T0 : 0x3f0d8    : ecall                      : No_OpClass : 
 436500: system.cpu: T0 : 0x3f0dc    : c_addiw a0, 0              : IntAlu :  D=0xfffffffffffffffe
 437500: system.cpu: T0 : 0x3f0de    : bltu a5, a0, 84            : IntAlu : 
 438500: system.cpu: T0 : 0x3f132    : lui a5, 114                : IntAlu :  D=0x0000000000072000
 439500: system.cpu: T0 : 0x3f136    : ld s1, -352(a5)            : MemRead :  D=0x0000000000000000 A=0x71ea0
 440000: system.cpu: T0 : 0x3f13a    : c_beqz s1, 62              : IntAlu : 
 440500: system.cpu: T0 : 0x3f178    : c_li s0, -1                : IntAlu :  D=0xffffffffffffffff
 441000: system.cpu: T0 : 0x3f17a    : c_lui t1, 1                : IntAlu :  D=0x0000000000001000
 441500: system.cpu: T0 : 0x3f17c    : c_addi t1, -16             : IntAlu :  D=0x0000000000000ff0
 442000: system.cpu: T0 : 0x3f17e    : c_add sp, t1               : IntAlu :  D=0x7ffffffffffffd00
 442500: system.cpu: T0 : 0x3f180    : c_ldsp ra, 40(sp)          : MemRead :  D=0x0000000000022804 A=0x7ffffffffffffd28
 443000: system.cpu: T0 : 0x3f182    : c_mv a0, s0                : IntAlu :  D=0xffffffffffffffff
 443500: system.cpu: T0 : 0x3f184    : c_ldsp s1, 24(sp)          : MemRead :  D=0x7fffffffffffff38 A=0x7ffffffffffffd18
 444000: system.cpu: T0 : 0x3f186    : c_ldsp s0, 32(sp)          : MemRead :  D=0x0000000000000001 A=0x7ffffffffffffd20
 444500: system.cpu: T0 : 0x3f188    : c_ldsp s2, 16(sp)          : MemRead :  D=0x0000000000072000 A=0x7ffffffffffffd10
 445000: system.cpu: T0 : 0x3f18a    : c_addi16sp sp, 48          : IntAlu :  D=0x7ffffffffffffd30
 445500: system.cpu: T0 : 0x3f18c    : c_jr ra                    : IntAlu : 
 446000: system.cpu: T0 : 0x22804    : lui s3, 114                : IntAlu :  D=0x0000000000072000
 446500: system.cpu: T0 : 0x22808    : ld a5, -312(s3)            : MemRead :  D=0x0000000000000006 A=0x71ec8
 447000: system.cpu: T0 : 0x2280c    : ld a4, -368(s2)            : MemRead :  D=0x0000000000010040 A=0x71e90
 447500: system.cpu: T0 : 0x22810    : c_mv a3, a0                : IntAlu :  D=0xffffffffffffffff
 448500: system.cpu: T0 : 0x22812    : lui s4, 112                : IntAlu :  D=0x0000000000070000
 449500: system.cpu: T0 : 0x22816    : lui a0, 80                 : IntAlu :  D=0x0000000000050000
 450500: system.cpu: T0 : 0x2281a    : addi s1, s4, -416          : IntAlu :  D=0x000000000006fe60
 451500: system.cpu: T0 : 0x2281e    : addi a0, a0, 152           : IntAlu :  D=0x0000000000050098
 452500: system.cpu: T0 : 0x22822    : sh a5, 696(s1)             : MemWrite :  D=0x0000000000000006 A=0x70118
 453500: system.cpu: T0 : 0x22826    : sd a3, 840(s1)             : MemWrite :  D=0xffffffffffffffff A=0x701a8
 454500: system.cpu: T0 : 0x2282a    : sd a4, 680(s1)             : MemWrite :  D=0x0000000000010040 A=0x70108
 455500: system.cpu: T0 : 0x2282e    : jal ra, -56894             : IntAlu :  D=0x0000000000022832
 456000: system.cpu: T0 : 0x149f0    : c_addi16sp sp, -64         : IntAlu :  D=0x7ffffffffffffcf0
 456500: system.cpu: T0 : 0x149f2    : c_sdsp s1, 40(sp)          : MemWrite :  D=0x000000000006fe60 A=0x7ffffffffffffd18
 457000: system.cpu: T0 : 0x149f4    : ld s1, -1360(gp)           : MemRead :  D=0x7fffffffffffff48 A=0x70af8
 457500: system.cpu: T0 : 0x149f8    : c_sdsp ra, 56(sp)          : MemWrite :  D=0x0000000000022832 A=0x7ffffffffffffd28
 458000: system.cpu: T0 : 0x149fa    : c_sdsp s0, 48(sp)          : MemWrite :  D=0x0000000000000001 A=0x7ffffffffffffd20
 458500: system.cpu: T0 : 0x149fc    : c_sdsp s2, 32(sp)          : MemWrite :  D=0x0000000000072000 A=0x7ffffffffffffd10
 459000: system.cpu: T0 : 0x149fe    : c_sdsp s3, 24(sp)          : MemWrite :  D=0x0000000000072000 A=0x7ffffffffffffd08
 459500: system.cpu: T0 : 0x14a00    : c_sdsp s4, 16(sp)          : MemWrite :  D=0x0000000000070000 A=0x7ffffffffffffd00
 460000: system.cpu: T0 : 0x14a02    : c_sdsp s5, 8(sp)           : MemWrite :  D=0x0000000000000000 A=0x7ffffffffffffcf8
 460500: system.cpu: T0 : 0x14a04    : c_sdsp s6, 0(sp)           : MemWrite :  D=0x0000000000000000 A=0x7ffffffffffffcf0
 461000: system.cpu: T0 : 0x14a06    : c_beqz s1, 210             : IntAlu : 
 461500: system.cpu: T0 : 0x14a08    : lbu a5, 0(a0)              : MemRead :  D=0x000000000000004c A=0x50098
 462000: system.cpu: T0 : 0x14a0c    : c_mv s4, a0                : IntAlu :  D=0x0000000000050098
 462500: system.cpu: T0 : 0x14a0e    : c_beqz a5, 202             : IntAlu : 
 463000: system.cpu: T0 : 0x14a10    : lbu s5, 1(a0)              : MemRead :  D=0x0000000000000044 A=0x50099
 463500: system.cpu: T0 : 0x14a14    : slliw s2, a5, 16           : IntAlu :  D=0x00000000004c0000
 464000: system.cpu: T0 : 0x14a18    : c_ld s0, 0(s1)             : MemRead :  D=0x0000000000000000 A=0x7fffffffffffff48
 465000: system.cpu: T0 : 0x14a1a    : sraiw s2, s2, 16           : IntAlu :  D=0x000000000000004c
 466000: system.cpu: T0 : 0x14a1e    : bne s5, zero, 86           : IntAlu : 
 466500: system.cpu: T0 : 0x14a74    : jal ra, 42492              : IntAlu :  D=0x0000000000014a78
 467000: system.cpu: T0 : 0x1f070    : andi a5, a0, 7             : IntAlu :  D=0x0000000000000000
 467500: system.cpu: T0 : 0x1f074    : c_beqz a5, 26              : IntAlu : 
 468000: system.cpu: T0 : 0x1f08e    : c_mv a5, a0                : IntAlu :  D=0x0000000000050098
 468500: system.cpu: T0 : 0x1f090    : ld a6, -2024(gp)           : MemRead :  D=0xfefefefefefefeff A=0x70860
 469000: system.cpu: T0 : 0x1f094    : ld a1, -2016(gp)           : MemRead :  D=0x8080808080808080 A=0x70868
 469500: system.cpu: T0 : 0x1f098    : c_ld a2, 0(a5)             : MemRead :  D=0x004e5241575f444c A=0x50098
 470500: system.cpu: T0 : 0x1f09a    : addi a3, a5, 8             : IntAlu :  D=0x00000000000500a0
 471500: system.cpu: T0 : 0x1f09e    : add a4, a2, a6             : IntAlu :  D=0xff4d5140565e434b
 472500: system.cpu: T0 : 0x1f0a2    : xori a2, a2, 18446744073709551615 : IntAlu :  D=0xffb1adbea8a0bbb3
 473000: system.cpu: T0 : 0x1f0a6    : c_and a4, a2               : IntAlu :  D=0xff01010000000303
 473500: system.cpu: T0 : 0x1f0a8    : c_and a4, a1               : IntAlu :  D=0x8000000000000000
 474000: system.cpu: T0 : 0x1f0aa    : c_beqz a4, 50              : IntAlu : 
 474500: system.cpu: T0 : 0x1f0ac    : lbu a4, -8(a3)             : MemRead :  D=0x000000000000004c A=0x50098
 475000: system.cpu: T0 : 0x1f0b0    : c_beqz a4, -40             : IntAlu : 
 476000: system.cpu: T0 : 0x1f0b2    : lbu a4, -7(a3)             : MemRead :  D=0x0000000000000044 A=0x50099
 476500: system.cpu: T0 : 0x1f0b6    : c_beqz a4, 50              : IntAlu : 
 477000: system.cpu: T0 : 0x1f0b8    : lbu a4, -6(a3)             : MemRead :  D=0x000000000000005f A=0x5009a
 477500: system.cpu: T0 : 0x1f0bc    : c_beqz a4, 52              : IntAlu : 
 478500: system.cpu: T0 : 0x1f0be    : lbu a4, -5(a3)             : MemRead :  D=0x0000000000000057 A=0x5009b
 479000: system.cpu: T0 : 0x1f0c2    : c_beqz a4, 54              : IntAlu : 
 479500: system.cpu: T0 : 0x1f0c4    : lbu a4, -4(a3)             : MemRead :  D=0x0000000000000041 A=0x5009c
 480000: system.cpu: T0 : 0x1f0c8    : c_beqz a4, 56              : IntAlu : 
 481000: system.cpu: T0 : 0x1f0ca    : lbu a4, -3(a3)             : MemRead :  D=0x0000000000000052 A=0x5009d
 481500: system.cpu: T0 : 0x1f0ce    : c_beqz a4, 58              : IntAlu : 
 482000: system.cpu: T0 : 0x1f0d0    : lbu a4, -2(a3)             : MemRead :  D=0x000000000000004e A=0x5009e
 482500: system.cpu: T0 : 0x1f0d4    : c_beqz a4, 60              : IntAlu : 
 483500: system.cpu: T0 : 0x1f0d6    : lbu a4, -1(a3)             : MemRead :  D=0x0000000000000000 A=0x5009f
 484000: system.cpu: T0 : 0x1f0da    : c_beqz a4, 6               : IntAlu : 
 484500: system.cpu: T0 : 0x1f0e0    : c_sub a5, a0               : IntAlu :  D=0x0000000000000000
 485500: system.cpu: T0 : 0x1f0e2    : addi a0, a5, 7             : IntAlu :  D=0x0000000000000007
 486000: system.cpu: T0 : 0x1f0e6    : c_jr ra                    : IntAlu : 
 486500: system.cpu: T0 : 0x14a78    : slli a5, s5, 8             : IntAlu :  D=0x0000000000004400
 487000: system.cpu: T0 : 0x14a7c    : or a5, s2, a5              : IntAlu :  D=0x000000000000444c
 487500: system.cpu: T0 : 0x14a80    : slliw s2, a5, 16           : IntAlu :  D=0x00000000444c0000
 488000: system.cpu: T0 : 0x14a84    : c_mv s3, a0                : IntAlu :  D=0x0000000000000007
 489000: system.cpu: T0 : 0x14a86    : sraiw s2, s2, 16           : IntAlu :  D=0x000000000000444c
 490000: system.cpu: T0 : 0x14a8a    : addi s5, a0, -2            : IntAlu :  D=0x0000000000000005
 490500: system.cpu: T0 : 0x14a8e    : c_addi s4, 2               : IntAlu :  D=0x000000000005009a
 491000: system.cpu: T0 : 0x14a90    : c_beqz s0, -50             : IntAlu : 
 491500: system.cpu: T0 : 0x14a5e    : c_ldsp ra, 56(sp)          : MemRead :  D=0x0000000000022832 A=0x7ffffffffffffd28
 492000: system.cpu: T0 : 0x14a60    : c_mv a0, s0                : IntAlu :  D=0x0000000000000000
 492500: system.cpu: T0 : 0x14a62    : c_ldsp s0, 48(sp)          : MemRead :  D=0x0000000000000001 A=0x7ffffffffffffd20
 493000: system.cpu: T0 : 0x14a64    : c_ldsp s1, 40(sp)          : MemRead :  D=0x000000000006fe60 A=0x7ffffffffffffd18
 493500: system.cpu: T0 : 0x14a66    : c_ldsp s2, 32(sp)          : MemRead :  D=0x0000000000072000 A=0x7ffffffffffffd10
 494000: system.cpu: T0 : 0x14a68    : c_ldsp s3, 24(sp)          : MemRead :  D=0x0000000000072000 A=0x7ffffffffffffd08
 494500: system.cpu: T0 : 0x14a6a    : c_ldsp s4, 16(sp)          : MemRead :  D=0x0000000000070000 A=0x7ffffffffffffd00
 495000: system.cpu: T0 : 0x14a6c    : c_ldsp s5, 8(sp)           : MemRead :  D=0x0000000000000000 A=0x7ffffffffffffcf8
 495500: system.cpu: T0 : 0x14a6e    : c_ldsp s6, 0(sp)           : MemRead :  D=0x0000000000000000 A=0x7ffffffffffffcf0
 496000: system.cpu: T0 : 0x14a70    : c_addi16sp sp, 64          : IntAlu :  D=0x7ffffffffffffd30
 496500: system.cpu: T0 : 0x14a72    : c_jr ra                    : IntAlu : 
 497000: system.cpu: T0 : 0x22832    : c_li a5, 0                 : IntAlu :  D=0x0000000000000000
 497500: system.cpu: T0 : 0x22834    : c_beqz a0, 10              : IntAlu : 
 498500: system.cpu: T0 : 0x2283e    : lui s5, 114                : IntAlu :  D=0x0000000000072000
 499500: system.cpu: T0 : 0x22842    : ld a4, -336(s5)            : MemRead :  D=0x0000000000000000 A=0x71eb0
 500500: system.cpu: T0 : 0x22846    : lui a3, 114                : IntAlu :  D=0x0000000000072000
 501500: system.cpu: T0 : 0x2284a    : sw a5, -320(a3)            : MemWrite :  D=0x0000000000000000 A=0x71ec0
 502500: system.cpu: T0 : 0x2284e    : beq a4, zero, 1518         : IntAlu : 
 503000: system.cpu: T0 : 0x22e3c    : lui s6, 114                : IntAlu :  D=0x0000000000072000
 503500: system.cpu: T0 : 0x22e40    : ld s0, -384(s6)            : MemRead :  D=0x0000000000000000 A=0x71e80
 504000: system.cpu: T0 : 0x22e44    : bne s0, zero, -1062        : IntAlu : 
 504500: system.cpu: T0 : 0x22e48    : lui s0, 111                : IntAlu :  D=0x000000000006f000
 505000: system.cpu: T0 : 0x22e4c    : addi s0, s0, -128          : IntAlu :  D=0x000000000006ef80
 505500: system.cpu: T0 : 0x22e50    : sd zero, 8(s0)             : MemWrite :  D=0x0000000000000000 A=0x6ef88
 506000: system.cpu: T0 : 0x22e54    : sd zero, 16(s0)            : MemWrite :  D=0x0000000000000000 A=0x6ef90
 506500: system.cpu: T0 : 0x22e58    : sd zero, 24(s0)            : MemWrite :  D=0x0000000000000000 A=0x6ef98
 507000: system.cpu: T0 : 0x22e5c    : c_li a5, 0                 : IntAlu :  D=0x0000000000000000
 507500: system.cpu: T0 : 0x22e5e    : c_j -678                   : IntAlu : 
 508000: system.cpu: T0 : 0x22bb8    : lui a0, 80                 : IntAlu :  D=0x0000000000050000
 508500: system.cpu: T0 : 0x22bbc    : addi a0, a0, 504           : IntAlu :  D=0x00000000000501f8
 509000: system.cpu: T0 : 0x22bc0    : c_sd a5, 32(s0)            : MemWrite :  D=0x0000000000000000 A=0x6efa0
 510000: system.cpu: T0 : 0x22bc2    : jal ra, -57810             : IntAlu :  D=0x0000000000022bc6
 510500: system.cpu: T0 : 0x149f0    : c_addi16sp sp, -64         : IntAlu :  D=0x7ffffffffffffcf0
 511000: system.cpu: T0 : 0x149f2    : c_sdsp s1, 40(sp)          : MemWrite :  D=0x000000000006fe60 A=0x7ffffffffffffd18
 511500: system.cpu: T0 : 0x149f4    : ld s1, -1360(gp)           : MemRead :  D=0x7fffffffffffff48 A=0x70af8
 512000: system.cpu: T0 : 0x149f8    : c_sdsp ra, 56(sp)          : MemWrite :  D=0x0000000000022bc6 A=0x7ffffffffffffd28
 512500: system.cpu: T0 : 0x149fa    : c_sdsp s0, 48(sp)          : MemWrite :  D=0x000000000006ef80 A=0x7ffffffffffffd20
 513000: system.cpu: T0 : 0x149fc    : c_sdsp s2, 32(sp)          : MemWrite :  D=0x0000000000072000 A=0x7ffffffffffffd10
 513500: system.cpu: T0 : 0x149fe    : c_sdsp s3, 24(sp)          : MemWrite :  D=0x0000000000072000 A=0x7ffffffffffffd08
 514000: system.cpu: T0 : 0x14a00    : c_sdsp s4, 16(sp)          : MemWrite :  D=0x0000000000070000 A=0x7ffffffffffffd00
 514500: system.cpu: T0 : 0x14a02    : c_sdsp s5, 8(sp)           : MemWrite :  D=0x0000000000072000 A=0x7ffffffffffffcf8
 515000: system.cpu: T0 : 0x14a04    : c_sdsp s6, 0(sp)           : MemWrite :  D=0x0000000000072000 A=0x7ffffffffffffcf0
 515500: system.cpu: T0 : 0x14a06    : c_beqz s1, 210             : IntAlu : 
 516000: system.cpu: T0 : 0x14a08    : lbu a5, 0(a0)              : MemRead :  D=0x000000000000004c A=0x501f8
 516500: system.cpu: T0 : 0x14a0c    : c_mv s4, a0                : IntAlu :  D=0x00000000000501f8
 517000: system.cpu: T0 : 0x14a0e    : c_beqz a5, 202             : IntAlu : 
 517500: system.cpu: T0 : 0x14a10    : lbu s5, 1(a0)              : MemRead :  D=0x0000000000000044 A=0x501f9
 518000: system.cpu: T0 : 0x14a14    : slliw s2, a5, 16           : IntAlu :  D=0x00000000004c0000
 518500: system.cpu: T0 : 0x14a18    : c_ld s0, 0(s1)             : MemRead :  D=0x0000000000000000 A=0x7fffffffffffff48
 519500: system.cpu: T0 : 0x14a1a    : sraiw s2, s2, 16           : IntAlu :  D=0x000000000000004c
 520500: system.cpu: T0 : 0x14a1e    : bne s5, zero, 86           : IntAlu : 
 521000: system.cpu: T0 : 0x14a74    : jal ra, 42492              : IntAlu :  D=0x0000000000014a78
 521500: system.cpu: T0 : 0x1f070    : andi a5, a0, 7             : IntAlu :  D=0x0000000000000000
 522000: system.cpu: T0 : 0x1f074    : c_beqz a5, 26              : IntAlu : 
 522500: system.cpu: T0 : 0x1f08e    : c_mv a5, a0                : IntAlu :  D=0x00000000000501f8
 523000: system.cpu: T0 : 0x1f090    : ld a6, -2024(gp)           : MemRead :  D=0xfefefefefefefeff A=0x70860
 523500: system.cpu: T0 : 0x1f094    : ld a1, -2016(gp)           : MemRead :  D=0x8080808080808080 A=0x70868
 524000: system.cpu: T0 : 0x1f098    : c_ld a2, 0(a5)             : MemRead :  D=0x415242494c5f444c A=0x501f8
 525000: system.cpu: T0 : 0x1f09a    : addi a3, a5, 8             : IntAlu :  D=0x0000000000050200
 526000: system.cpu: T0 : 0x1f09e    : add a4, a2, a6             : IntAlu :  D=0x405141484b5e434b
 527000: system.cpu: T0 : 0x1f0a2    : xori a2, a2, 18446744073709551615 : IntAlu :  D=0xbeadbdb6b3a0bbb3
 527500: system.cpu: T0 : 0x1f0a6    : c_and a4, a2               : IntAlu :  D=0x0001010003000303
 528000: system.cpu: T0 : 0x1f0a8    : c_and a4, a1               : IntAlu :  D=0x0000000000000000
 528500: system.cpu: T0 : 0x1f0aa    : c_beqz a4, 50              : IntAlu : 
 529000: system.cpu: T0 : 0x1f0dc    : c_mv a5, a3                : IntAlu :  D=0x0000000000050200
 529500: system.cpu: T0 : 0x1f0de    : c_j -70                    : IntAlu : 
 530000: system.cpu: T0 : 0x1f098    : c_ld a2, 0(a5)             : MemRead :  D=0x00485441505f5952 A=0x50200
 531000: system.cpu: T0 : 0x1f09a    : addi a3, a5, 8             : IntAlu :  D=0x0000000000050208
 532000: system.cpu: T0 : 0x1f09e    : add a4, a2, a6             : IntAlu :  D=0xff4753404f5e5851
 533000: system.cpu: T0 : 0x1f0a2    : xori a2, a2, 18446744073709551615 : IntAlu :  D=0xffb7abbeafa0a6ad
 533500: system.cpu: T0 : 0x1f0a6    : c_and a4, a2               : IntAlu :  D=0xff0703000f000001
 534000: system.cpu: T0 : 0x1f0a8    : c_and a4, a1               : IntAlu :  D=0x8000000000000000
 534500: system.cpu: T0 : 0x1f0aa    : c_beqz a4, 50              : IntAlu : 
 535000: system.cpu: T0 : 0x1f0ac    : lbu a4, -8(a3)             : MemRead :  D=0x0000000000000052 A=0x50200
 535500: system.cpu: T0 : 0x1f0b0    : c_beqz a4, -40             : IntAlu : 
 536500: system.cpu: T0 : 0x1f0b2    : lbu a4, -7(a3)             : MemRead :  D=0x0000000000000059 A=0x50201
 537000: system.cpu: T0 : 0x1f0b6    : c_beqz a4, 50              : IntAlu : 
 537500: system.cpu: T0 : 0x1f0b8    : lbu a4, -6(a3)             : MemRead :  D=0x000000000000005f A=0x50202
 538000: system.cpu: T0 : 0x1f0bc    : c_beqz a4, 52              : IntAlu : 
 539000: system.cpu: T0 : 0x1f0be    : lbu a4, -5(a3)             : MemRead :  D=0x0000000000000050 A=0x50203
 539500: system.cpu: T0 : 0x1f0c2    : c_beqz a4, 54              : IntAlu : 
 540000: system.cpu: T0 : 0x1f0c4    : lbu a4, -4(a3)             : MemRead :  D=0x0000000000000041 A=0x50204
 540500: system.cpu: T0 : 0x1f0c8    : c_beqz a4, 56              : IntAlu : 
 541500: system.cpu: T0 : 0x1f0ca    : lbu a4, -3(a3)             : MemRead :  D=0x0000000000000054 A=0x50205
 542000: system.cpu: T0 : 0x1f0ce    : c_beqz a4, 58              : IntAlu : 
 542500: system.cpu: T0 : 0x1f0d0    : lbu a4, -2(a3)             : MemRead :  D=0x0000000000000048 A=0x50206
 543000: system.cpu: T0 : 0x1f0d4    : c_beqz a4, 60              : IntAlu : 
 544000: system.cpu: T0 : 0x1f0d6    : lbu a4, -1(a3)             : MemRead :  D=0x0000000000000000 A=0x50207
 544500: system.cpu: T0 : 0x1f0da    : c_beqz a4, 6               : IntAlu : 
 545000: system.cpu: T0 : 0x1f0e0    : c_sub a5, a0               : IntAlu :  D=0x0000000000000008
 546000: system.cpu: T0 : 0x1f0e2    : addi a0, a5, 7             : IntAlu :  D=0x000000000000000f
 546500: system.cpu: T0 : 0x1f0e6    : c_jr ra                    : IntAlu : 
 547000: system.cpu: T0 : 0x14a78    : slli a5, s5, 8             : IntAlu :  D=0x0000000000004400
 547500: system.cpu: T0 : 0x14a7c    : or a5, s2, a5              : IntAlu :  D=0x000000000000444c
 548000: system.cpu: T0 : 0x14a80    : slliw s2, a5, 16           : IntAlu :  D=0x00000000444c0000
 548500: system.cpu: T0 : 0x14a84    : c_mv s3, a0                : IntAlu :  D=0x000000000000000f
 549500: system.cpu: T0 : 0x14a86    : sraiw s2, s2, 16           : IntAlu :  D=0x000000000000444c
 550500: system.cpu: T0 : 0x14a8a    : addi s5, a0, -2            : IntAlu :  D=0x000000000000000d
 551000: system.cpu: T0 : 0x14a8e    : c_addi s4, 2               : IntAlu :  D=0x00000000000501fa
 551500: system.cpu: T0 : 0x14a90    : c_beqz s0, -50             : IntAlu : 
 552000: system.cpu: T0 : 0x14a5e    : c_ldsp ra, 56(sp)          : MemRead :  D=0x0000000000022bc6 A=0x7ffffffffffffd28
 552500: system.cpu: T0 : 0x14a60    : c_mv a0, s0                : IntAlu :  D=0x0000000000000000
 553000: system.cpu: T0 : 0x14a62    : c_ldsp s0, 48(sp)          : MemRead :  D=0x000000000006ef80 A=0x7ffffffffffffd20
 553500: system.cpu: T0 : 0x14a64    : c_ldsp s1, 40(sp)          : MemRead :  D=0x000000000006fe60 A=0x7ffffffffffffd18
 554000: system.cpu: T0 : 0x14a66    : c_ldsp s2, 32(sp)          : MemRead :  D=0x0000000000072000 A=0x7ffffffffffffd10
 554500: system.cpu: T0 : 0x14a68    : c_ldsp s3, 24(sp)          : MemRead :  D=0x0000000000072000 A=0x7ffffffffffffd08
 555000: system.cpu: T0 : 0x14a6a    : c_ldsp s4, 16(sp)          : MemRead :  D=0x0000000000070000 A=0x7ffffffffffffd00
 555500: system.cpu: T0 : 0x14a6c    : c_ldsp s5, 8(sp)           : MemRead :  D=0x0000000000072000 A=0x7ffffffffffffcf8
 556000: system.cpu: T0 : 0x14a6e    : c_ldsp s6, 0(sp)           : MemRead :  D=0x0000000000072000 A=0x7ffffffffffffcf0
 556500: system.cpu: T0 : 0x14a70    : c_addi16sp sp, 64          : IntAlu :  D=0x7ffffffffffffd30
 557000: system.cpu: T0 : 0x14a72    : c_jr ra                    : IntAlu : 
 558000: system.cpu: T0 : 0x22bc6    : jal ra, 99838              : IntAlu :  D=0x0000000000022bca
 558500: system.cpu: T0 : 0x3b1c4    : c_addi16sp sp, -64         : IntAlu :  D=0x7ffffffffffffcf0
 559000: system.cpu: T0 : 0x3b1c6    : c_sdsp ra, 56(sp)          : MemWrite :  D=0x0000000000022bca A=0x7ffffffffffffd28
 559500: system.cpu: T0 : 0x3b1c8    : c_sdsp s0, 48(sp)          : MemWrite :  D=0x000000000006ef80 A=0x7ffffffffffffd20
 560000: system.cpu: T0 : 0x3b1ca    : c_sdsp s2, 32(sp)          : MemWrite :  D=0x0000000000072000 A=0x7ffffffffffffd10
 560500: system.cpu: T0 : 0x3b1cc    : c_sdsp s3, 24(sp)          : MemWrite :  D=0x0000000000072000 A=0x7ffffffffffffd08
 561000: system.cpu: T0 : 0x3b1ce    : c_addi4spn s0, sp, 64      : IntAlu :  D=0x7ffffffffffffd30
 561500: system.cpu: T0 : 0x3b1d0    : c_sdsp s1, 40(sp)          : MemWrite :  D=0x000000000006fe60 A=0x7ffffffffffffd18
 562000: system.cpu: T0 : 0x3b1d2    : c_sdsp s4, 16(sp)          : MemWrite :  D=0x0000000000070000 A=0x7ffffffffffffd00
 562500: system.cpu: T0 : 0x3b1d4    : c_sdsp s5, 8(sp)           : MemWrite :  D=0x0000000000072000 A=0x7ffffffffffffcf8
 563500: system.cpu: T0 : 0x3b1d6    : lui a5, 114                : IntAlu :  D=0x0000000000072000
 564500: system.cpu: T0 : 0x3b1da    : ld a1, -448(a5)            : MemRead :  D=0x0000000000000000 A=0x71e40
 565500: system.cpu: T0 : 0x3b1de    : lui a5, 114                : IntAlu :  D=0x0000000000072000
 566000: system.cpu: T0 : 0x3b1e2    : c_mv s2, a0                : IntAlu :  D=0x0000000000000000
 566500: system.cpu: T0 : 0x3b1e4    : lui s3, 111                : IntAlu :  D=0x000000000006f000
 567000: system.cpu: T0 : 0x3b1e8    : ld a0, -400(a5)            : MemRead :  D=0x0000000000000000 A=0x71e70
 567500: system.cpu: T0 : 0x3b1ec    : addi s3, s3, -64           : IntAlu :  D=0x000000000006efc0
 568000: system.cpu: T0 : 0x3b1f0    : addi a3, s3, 8             : IntAlu :  D=0x000000000006efc8
 568500: system.cpu: T0 : 0x3b1f4    : addi a2, s3, 16            : IntAlu :  D=0x000000000006efd0
 569000: system.cpu: T0 : 0x3b1f8    : jal ra, 9754               : IntAlu :  D=0x000000000003b1fc
 569500: system.cpu: T0 : 0x3d812    : c_addi16sp sp, -192        : IntAlu :  D=0x7ffffffffffffc30
 570000: system.cpu: T0 : 0x3d814    : c_sdsp s0, 176(sp)         : MemWrite :  D=0x7ffffffffffffd30 A=0x7ffffffffffffce0
 570500: system.cpu: T0 : 0x3d816    : c_sdsp s3, 152(sp)         : MemWrite :  D=0x000000000006efc0 A=0x7ffffffffffffcc8
 571000: system.cpu: T0 : 0x3d818    : c_addi4spn s0, sp, 192     : IntAlu :  D=0x7ffffffffffffcf0
 571500: system.cpu: T0 : 0x3d81a    : c_sdsp s4, 144(sp)         : MemWrite :  D=0x0000000000070000 A=0x7ffffffffffffcc0
 572000: system.cpu: T0 : 0x3d81c    : c_sdsp s9, 104(sp)         : MemWrite :  D=0x0000000000000000 A=0x7ffffffffffffc98
 572500: system.cpu: T0 : 0x3d81e    : c_sdsp s11, 88(sp)         : MemWrite :  D=0x0000000000000000 A=0x7ffffffffffffc88
 573000: system.cpu: T0 : 0x3d820    : c_sdsp ra, 184(sp)         : MemWrite :  D=0x000000000003b1fc A=0x7ffffffffffffce8
 573500: system.cpu: T0 : 0x3d822    : c_sdsp s1, 168(sp)         : MemWrite :  D=0x000000000006fe60 A=0x7ffffffffffffcd8
 574000: system.cpu: T0 : 0x3d824    : c_sdsp s2, 160(sp)         : MemWrite :  D=0x0000000000000000 A=0x7ffffffffffffcd0
 574500: system.cpu: T0 : 0x3d826    : c_sdsp s5, 136(sp)         : MemWrite :  D=0x0000000000072000 A=0x7ffffffffffffcb8
 575000: system.cpu: T0 : 0x3d828    : c_sdsp s6, 128(sp)         : MemWrite :  D=0x0000000000072000 A=0x7ffffffffffffcb0
 575500: system.cpu: T0 : 0x3d82a    : c_sdsp s7, 120(sp)         : MemWrite :  D=0x0000000000000000 A=0x7ffffffffffffca8
 576000: system.cpu: T0 : 0x3d82c    : c_sdsp s8, 112(sp)         : MemWrite :  D=0x0000000000000000 A=0x7ffffffffffffca0
 576500: system.cpu: T0 : 0x3d82e    : c_sdsp s10, 96(sp)         : MemWrite :  D=0x0000000000000000 A=0x7ffffffffffffc90
 577000: system.cpu: T0 : 0x3d830    : c_mv a5, a2                : IntAlu :  D=0x000000000006efd0
 577500: system.cpu: T0 : 0x3d832    : c_mv a4, a1                : IntAlu :  D=0x0000000000000000
 578000: system.cpu: T0 : 0x3d834    : c_mv s4, a0                : IntAlu :  D=0x0000000000000000
 578500: system.cpu: T0 : 0x3d836    : c_li a2, 0                 : IntAlu :  D=0x0000000000000000
 579000: system.cpu: T0 : 0x3d838    : addi a1, s0, -120          : IntAlu :  D=0x7ffffffffffffc78
 579500: system.cpu: T0 : 0x3d83c    : c_li a0, 8                 : IntAlu :  D=0x0000000000000008
 580500: system.cpu: T0 : 0x3d83e    : sd a5, -136(s0)            : MemWrite :  D=0x000000000006efd0 A=0x7ffffffffffffc68
 581500: system.cpu: T0 : 0x3d842    : sd a3, -160(s0)            : MemWrite :  D=0x000000000006efc8 A=0x7ffffffffffffc50
 582500: system.cpu: T0 : 0x3d846    : sd a4, -144(s0)            : MemWrite :  D=0x0000000000000000 A=0x7ffffffffffffc60
 583500: system.cpu: T0 : 0x3d84a    : jal ra, -111428            : IntAlu :  D=0x000000000003d84e
 584000: system.cpu: T0 : 0x22506    : c_slli a0, 32              : IntAlu :  D=0x0000000800000000
 584500: system.cpu: T0 : 0x22508    : c_srli a0, 32              : IntAlu :  D=0x0000000000000008
 585500: system.cpu: T0 : 0x2250a    : slli a5, a0, 3             : IntAlu :  D=0x0000000000000040
 586000: system.cpu: T0 : 0x2250e    : c_sub a5, a0               : IntAlu :  D=0x0000000000000038
 586500: system.cpu: T0 : 0x22510    : lui a4, 111                : IntAlu :  D=0x000000000006f000
 587000: system.cpu: T0 : 0x22514    : addi a4, a4, -1248         : IntAlu :  D=0x000000000006eb20
 587500: system.cpu: T0 : 0x22518    : c_slli a5, 3               : IntAlu :  D=0x00000000000001c0
 588000: system.cpu: T0 : 0x2251a    : c_add a5, a4               : IntAlu :  D=0x000000000006ece0
 588500: system.cpu: T0 : 0x2251c    : c_lw a3, 8(a5)             : MemRead :  D=0x0000000000000001 A=0x6ece8
 589000: system.cpu: T0 : 0x2251e    : c_li a6, 2                 : IntAlu :  D=0x0000000000000002
 589500: system.cpu: T0 : 0x22520    : c_ld a5, 32(a5)            : MemRead :  D=0x0000000000000000 A=0x6ed00
 590500: system.cpu: T0 : 0x22522    : bltu a6, a3, 42            : IntAlu : 
 591000: system.cpu: T0 : 0x22526    : c_bnez a3, 38              : IntAlu : 
 591500: system.cpu: T0 : 0x2254c    : c_sd a5, 0(a1)             : MemWrite :  D=0x0000000000000000 A=0x7ffffffffffffc78
 592000: system.cpu: T0 : 0x2254e    : c_j -36                    : IntAlu : 
 593000: system.cpu: T0 : 0x2252a    : slli a5, a0, 3             : IntAlu :  D=0x0000000000000040
 593500: system.cpu: T0 : 0x2252e    : c_sub a5, a0               : IntAlu :  D=0x0000000000000038
 594000: system.cpu: T0 : 0x22530    : c_slli a5, 3               : IntAlu :  D=0x00000000000001c0
 595000: system.cpu: T0 : 0x22532    : add a3, a4, a5             : IntAlu :  D=0x000000000006ece0
 596000: system.cpu: T0 : 0x22536    : lbu a3, 40(a3)             : MemRead :  D=0x0000000000000000 A=0x6ed08
 596500: system.cpu: T0 : 0x2253a    : c_beqz a3, 16              : IntAlu : 
 597000: system.cpu: T0 : 0x2254a    : c_jr ra                    : IntAlu : 
 598000: system.cpu: T0 : 0x3d84e    : ld s11, -120(s0)           : MemRead :  D=0x0000000000000000 A=0x7ffffffffffffc78
 599000: system.cpu: T0 : 0x3d852    : ld s9, -1328(gp)           : MemRead :  D=0x0000000000000000 A=0x70b18
 600000: system.cpu: T0 : 0x3d856    : sltu a3, zero, s4          : IntAlu :  D=0x0000000000000000
 601000: system.cpu: T0 : 0x3d85a    : and s3, s9, s11            : IntAlu :  D=0x0000000000000000
 602000: system.cpu: T0 : 0x3d85e    : beq s3, zero, 1250         : IntAlu : 
 602500: system.cpu: T0 : 0x3dd40    : addi s2, a3, 1             : IntAlu :  D=0x0000000000000001
 603000: system.cpu: T0 : 0x3dd44    : c_j -1210                  : IntAlu : 
 604000: system.cpu: T0 : 0x3d88a    : lui a5, 114                : IntAlu :  D=0x0000000000072000
 605000: system.cpu: T0 : 0x3d88e    : ld s5, -384(a5)            : MemRead :  D=0x0000000000000000 A=0x71e80
 606000: system.cpu: T0 : 0x3d892    : beq s5, zero, 444          : IntAlu : 
 607000: system.cpu: T0 : 0x3da4e    : slli a5, s2, 4             : IntAlu :  D=0x0000000000000010
 608000: system.cpu: T0 : 0x3da52    : sub sp, sp, a5             : IntAlu :  D=0x7ffffffffffffc20
 608500: system.cpu: T0 : 0x3da56    : c_mv a3, sp                : IntAlu :  D=0x7ffffffffffffc20
 609000: system.cpu: T0 : 0x3da58    : c_mv s1, a3                : IntAlu :  D=0x7ffffffffffffc20
 609500: system.cpu: T0 : 0x3da5a    : c_li a1, 1                 : IntAlu :  D=0x0000000000000001
 610000: system.cpu: T0 : 0x3da5c    : c_li s9, 0                 : IntAlu :  D=0x0000000000000000
 611000: system.cpu: T0 : 0x3da5e    : bne s3, zero, -118         : IntAlu : 
 612000: system.cpu: T0 : 0x3da62    : beq s4, zero, 24           : IntAlu : 
 613000: system.cpu: T0 : 0x3da7a    : lui a5, 98                 : IntAlu :  D=0x0000000000062000
 614000: system.cpu: T0 : 0x3da7e    : addi a5, a5, 232           : IntAlu :  D=0x00000000000620e8
 614500: system.cpu: T0 : 0x3da82    : c_sd a5, 0(a3)             : MemWrite :  D=0x00000000000620e8 A=0x7ffffffffffffc20
 615000: system.cpu: T0 : 0x3da84    : c_li a5, 3                 : IntAlu :  D=0x0000000000000003
 615500: system.cpu: T0 : 0x3da86    : c_sd a5, 8(a3)             : MemWrite :  D=0x0000000000000003 A=0x7ffffffffffffc28
 616000: system.cpu: T0 : 0x3da88    : bne s2, a1, 706            : IntAlu : 
 616500: system.cpu: T0 : 0x3da8c    : c_li a5, 1                 : IntAlu :  D=0x0000000000000001
 617500: system.cpu: T0 : 0x3da8e    : ld s9, 8(s1)               : MemRead :  D=0x0000000000000003 A=0x7ffffffffffffc28
 618500: system.cpu: T0 : 0x3da92    : beq s2, a5, 542            : IntAlu : 
 619000: system.cpu: T0 : 0x3dcb0    : ld a5, -136(s0)            : MemRead :  D=0x000000000006efd0 A=0x7ffffffffffffc68
 619500: system.cpu: T0 : 0x3dcb4    : c_li s2, 2                 : IntAlu :  D=0x0000000000000002
 620500: system.cpu: T0 : 0x3dcb6    : addi a0, s9, 33            : IntAlu :  D=0x0000000000000024
 621500: system.cpu: T0 : 0x3dcba    : sd s2, 0(a5)               : MemWrite :  D=0x0000000000000002 A=0x6efd0
 622500: system.cpu: T0 : 0x3dcbe    : jal ra, -131280            : IntAlu :  D=0x000000000003dcc2
 623500: system.cpu: T0 : 0x1dbee    : ld t1, -1848(gp)           : MemRead :  D=0x000000000001ddec A=0x70910
 624500: system.cpu: T0 : 0x1dbf2    : bne t1, zero, 260          : IntAlu : 
 625000: system.cpu: T0 : 0x1dcf6    : c_mv a1, ra                : IntAlu :  D=0x000000000003dcc2
 625500: system.cpu: T0 : 0x1dcf8    : c_jr t1                    : IntAlu : 
 626000: system.cpu: T0 : 0x1ddec    : lw a5, -1876(gp)           : MemRead :  D=0xffffffffffffffff A=0x708f4
 626500: system.cpu: T0 : 0x1ddf0    : sd zero, -1848(gp)         : MemWrite :  D=0x0000000000000000 A=0x70910
 627000: system.cpu: T0 : 0x1ddf4    : blt a5, zero, 6            : IntAlu : 
 627500: system.cpu: T0 : 0x1ddfa    : c_addi sp, -32             : IntAlu :  D=0x7ffffffffffffc00
 628000: system.cpu: T0 : 0x1ddfc    : c_sdsp ra, 24(sp)          : MemWrite :  D=0x000000000003dcc2 A=0x7ffffffffffffc18
 628500: system.cpu: T0 : 0x1ddfe    : c_sdsp a0, 8(sp)           : MemWrite :  D=0x0000000000000024 A=0x7ffffffffffffc08
 629000: system.cpu: T0 : 0x1de00    : jal ra, -11952             : IntAlu :  D=0x000000000001de04
 629500: system.cpu: T0 : 0x1af50    : c_addi16sp sp, -48         : IntAlu :  D=0x7ffffffffffffbd0
 630000: system.cpu: T0 : 0x1af52    : c_sdsp s1, 24(sp)          : MemWrite :  D=0x7ffffffffffffc20 A=0x7ffffffffffffbe8
 630500: system.cpu: T0 : 0x1af54    : lui s1, 111                : IntAlu :  D=0x000000000006f000
 631000: system.cpu: T0 : 0x1af58    : ld a3, -1264(s1)           : MemRead :  D=0x2f2e2e0000000000 A=0x6eb10
 631500: system.cpu: T0 : 0x1af5c    : lui a0, 111                : IntAlu :  D=0x000000000006f000
 632000: system.cpu: T0 : 0x1af60    : addi a4, a0, 1480          : IntAlu :  D=0x000000000006f5c8
 632500: system.cpu: T0 : 0x1af64    : c_sdsp ra, 40(sp)          : MemWrite :  D=0x000000000001de04 A=0x7ffffffffffffbf8
 633000: system.cpu: T0 : 0x1af66    : c_sdsp s0, 32(sp)          : MemWrite :  D=0x7ffffffffffffcf0 A=0x7ffffffffffffbf0
 633500: system.cpu: T0 : 0x1af68    : addi a0, a0, 1480          : IntAlu :  D=0x000000000006f5c8
 634000: system.cpu: T0 : 0x1af6c    : sd a4, 56(tp)              : MemWrite :  D=0x000000000006f5c8 A=0x72748
 634500: system.cpu: T0 : 0x1af70    : c_sdsp a3, 8(sp)           : MemWrite :  D=0x2f2e2e0000000000 A=0x7ffffffffffffbd8
 635500: system.cpu: T0 : 0x1af72    : sw zero, -1876(gp)         : MemWrite :  D=0x0000000000000000 A=0x708f4
 636500: system.cpu: T0 : 0x1af76    : jal ra, -1026              : IntAlu :  D=0x000000000001af7a
 637000: system.cpu: T0 : 0x1ab74    : c_lui a4, 1                : IntAlu :  D=0x0000000000001000
 638000: system.cpu: T0 : 0x1ab76    : addi a3, a0, 96            : IntAlu :  D=0x000000000006f628
 639000: system.cpu: T0 : 0x1ab7a    : addi a4, a4, -1968         : IntAlu :  D=0x0000000000000850
 639500: system.cpu: T0 : 0x1ab7e    : c_mv a5, a3                : IntAlu :  D=0x000000000006f628
 640000: system.cpu: T0 : 0x1ab80    : c_add a4, a0               : IntAlu :  D=0x000000000006fe18
 640500: system.cpu: T0 : 0x1ab82    : c_sd a5, 24(a5)            : MemWrite :  D=0x000000000006f628 A=0x6f640
 641000: system.cpu: T0 : 0x1ab84    : c_sd a5, 16(a5)            : MemWrite :  D=0x000000000006f628 A=0x6f638
 641500: system.cpu: T0 : 0x1ab86    : c_addi a5, 16              : IntAlu :  D=0x000000000006f638
 642000: system.cpu: T0 : 0x1ab88    : bne a4, a5, -6             : IntAlu : 
 642500: system.cpu: T0 : 0x1ab82    : c_sd a5, 24(a5)            : MemWrite :  D=0x000000000006f638 A=0x6f650
 643000: system.cpu: T0 : 0x1ab84    : c_sd a5, 16(a5)            : MemWrite :  D=0x000000000006f638 A=0x6f648
 643500: system.cpu: T0 : 0x1ab86    : c_addi a5, 16              : IntAlu :  D=0x000000000006f648
 644000: system.cpu: T0 : 0x1ab88    : bne a4, a5, -6             : IntAlu : 
 644500: system.cpu: T0 : 0x1ab82    : c_sd a5, 24(a5)            : MemWrite :  D=0x000000000006f648 A=0x6f660
 645000: system.cpu: T0 : 0x1ab84    : c_sd a5, 16(a5)            : MemWrite :  D=0x000000000006f648 A=0x6f658
 645500: system.cpu: T0 : 0x1ab86    : c_addi a5, 16              : IntAlu :  D=0x000000000006f658
 646000: system.cpu: T0 : 0x1ab88    : bne a4, a5, -6             : IntAlu : 
 646500: system.cpu: T0 : 0x1ab82    : c_sd a5, 24(a5)            : MemWrite :  D=0x000000000006f658 A=0x6f670
 647000: system.cpu: T0 : 0x1ab84    : c_sd a5, 16(a5)            : MemWrite :  D=0x000000000006f658 A=0x6f668
 647500: system.cpu: T0 : 0x1ab86    : c_addi a5, 16              : IntAlu :  D=0x000000000006f668
 648000: system.cpu: T0 : 0x1ab88    : bne a4, a5, -6             : IntAlu : 
 648500: system.cpu: T0 : 0x1ab82    : c_sd a5, 24(a5)            : MemWrite :  D=0x000000000006f668 A=0x6f680
 649000: system.cpu: T0 : 0x1ab84    : c_sd a5, 16(a5)            : MemWrite :  D=0x000000000006f668 A=0x6f678
 649500: system.cpu: T0 : 0x1ab86    : c_addi a5, 16              : IntAlu :  D=0x000000000006f678
 650000: system.cpu: T0 : 0x1ab88    : bne a4, a5, -6             : IntAlu : 
 650500: system.cpu: T0 : 0x1ab82    : c_sd a5, 24(a5)            : MemWrite :  D=0x000000000006f678 A=0x6f690
 651000: system.cpu: T0 : 0x1ab84    : c_sd a5, 16(a5)            : MemWrite :  D=0x000000000006f678 A=0x6f688
 651500: system.cpu: T0 : 0x1ab86    : c_addi a5, 16              : IntAlu :  D=0x000000000006f688
 652000: system.cpu: T0 : 0x1ab88    : bne a4, a5, -6             : IntAlu : 
 652500: system.cpu: T0 : 0x1ab82    : c_sd a5, 24(a5)            : MemWrite :  D=0x000000000006f688 A=0x6f6a0
 653000: system.cpu: T0 : 0x1ab84    : c_sd a5, 16(a5)            : MemWrite :  D=0x000000000006f688 A=0x6f698
 653500: system.cpu: T0 : 0x1ab86    : c_addi a5, 16              : IntAlu :  D=0x000000000006f698
 654000: system.cpu: T0 : 0x1ab88    : bne a4, a5, -6             : IntAlu : 
 654500: system.cpu: T0 : 0x1ab82    : c_sd a5, 24(a5)            : MemWrite :  D=0x000000000006f698 A=0x6f6b0
 655000: system.cpu: T0 : 0x1ab84    : c_sd a5, 16(a5)            : MemWrite :  D=0x000000000006f698 A=0x6f6a8
 655500: system.cpu: T0 : 0x1ab86    : c_addi a5, 16              : IntAlu :  D=0x000000000006f6a8
 656000: system.cpu: T0 : 0x1ab88    : bne a4, a5, -6             : IntAlu : 
 656500: system.cpu: T0 : 0x1ab82    : c_sd a5, 24(a5)            : MemWrite :  D=0x000000000006f6a8 A=0x6f6c0
 657000: system.cpu: T0 : 0x1ab84    : c_sd a5, 16(a5)            : MemWrite :  D=0x000000000006f6a8 A=0x6f6b8
 657500: system.cpu: T0 : 0x1ab86    : c_addi a5, 16              : IntAlu :  D=0x000000000006f6b8
 658000: system.cpu: T0 : 0x1ab88    : bne a4, a5, -6             : IntAlu : 
 658500: system.cpu: T0 : 0x1ab82    : c_sd a5, 24(a5)            : MemWrite :  D=0x000000000006f6b8 A=0x6f6d0
 659000: system.cpu: T0 : 0x1ab84    : c_sd a5, 16(a5)            : MemWrite :  D=0x000000000006f6b8 A=0x6f6c8
 659500: system.cpu: T0 : 0x1ab86    : c_addi a5, 16              : IntAlu :  D=0x000000000006f6c8
 660000: system.cpu: T0 : 0x1ab88    : bne a4, a5, -6             : IntAlu : 
 660500: system.cpu: T0 : 0x1ab82    : c_sd a5, 24(a5)            : MemWrite :  D=0x000000000006f6c8 A=0x6f6e0
 661000: system.cpu: T0 : 0x1ab84    : c_sd a5, 16(a5)            : MemWrite :  D=0x000000000006f6c8 A=0x6f6d8
 661500: system.cpu: T0 : 0x1ab86    : c_addi a5, 16              : IntAlu :  D=0x000000000006f6d8
 662000: system.cpu: T0 : 0x1ab88    : bne a4, a5, -6             : IntAlu : 
 662500: system.cpu: T0 : 0x1ab82    : c_sd a5, 24(a5)            : MemWrite :  D=0x000000000006f6d8 A=0x6f6f0
 663000: system.cpu: T0 : 0x1ab84    : c_sd a5, 16(a5)            : MemWrite :  D=0x000000000006f6d8 A=0x6f6e8
 663500: system.cpu: T0 : 0x1ab86    : c_addi a5, 16              : IntAlu :  D=0x000000000006f6e8
 664000: system.cpu: T0 : 0x1ab88    : bne a4, a5, -6             : IntAlu : 
 664500: system.cpu: T0 : 0x1ab82    : c_sd a5, 24(a5)            : MemWrite :  D=0x000000000006f6e8 A=0x6f700
 665000: system.cpu: T0 : 0x1ab84    : c_sd a5, 16(a5)            : MemWrite :  D=0x000000000006f6e8 A=0x6f6f8
 665500: system.cpu: T0 : 0x1ab86    : c_addi a5, 16              : IntAlu :  D=0x000000000006f6f8
 666000: system.cpu: T0 : 0x1ab88    : bne a4, a5, -6             : IntAlu : 
 666500: system.cpu: T0 : 0x1ab82    : c_sd a5, 24(a5)            : MemWrite :  D=0x000000000006f6f8 A=0x6f710
 667000: system.cpu: T0 : 0x1ab84    : c_sd a5, 16(a5)            : MemWrite :  D=0x000000000006f6f8 A=0x6f708
 667500: system.cpu: T0 : 0x1ab86    : c_addi a5, 16              : IntAlu :  D=0x000000000006f708
 668000: system.cpu: T0 : 0x1ab88    : bne a4, a5, -6             : IntAlu : 
 668500: system.cpu: T0 : 0x1ab82    : c_sd a5, 24(a5)            : MemWrite :  D=0x000000000006f708 A=0x6f720
 669000: system.cpu: T0 : 0x1ab84    : c_sd a5, 16(a5)            : MemWrite :  D=0x000000000006f708 A=0x6f718
 669500: system.cpu: T0 : 0x1ab86    : c_addi a5, 16              : IntAlu :  D=0x000000000006f718
 670000: system.cpu: T0 : 0x1ab88    : bne a4, a5, -6             : IntAlu : 
 670500: system.cpu: T0 : 0x1ab82    : c_sd a5, 24(a5)            : MemWrite :  D=0x000000000006f718 A=0x6f730
 671000: system.cpu: T0 : 0x1ab84    : c_sd a5, 16(a5)            : MemWrite :  D=0x000000000006f718 A=0x6f728
 671500: system.cpu: T0 : 0x1ab86    : c_addi a5, 16              : IntAlu :  D=0x000000000006f728
 672000: system.cpu: T0 : 0x1ab88    : bne a4, a5, -6             : IntAlu : 
 672500: system.cpu: T0 : 0x1ab82    : c_sd a5, 24(a5)            : MemWrite :  D=0x000000000006f728 A=0x6f740
 673000: system.cpu: T0 : 0x1ab84    : c_sd a5, 16(a5)            : MemWrite :  D=0x000000000006f728 A=0x6f738
 673500: system.cpu: T0 : 0x1ab86    : c_addi a5, 16              : IntAlu :  D=0x000000000006f738
 674000: system.cpu: T0 : 0x1ab88    : bne a4, a5, -6             : IntAlu : 
 674500: system.cpu: T0 : 0x1ab82    : c_sd a5, 24(a5)            : MemWrite :  D=0x000000000006f738 A=0x6f750
 675000: system.cpu: T0 : 0x1ab84    : c_sd a5, 16(a5)            : MemWrite :  D=0x000000000006f738 A=0x6f748
 675500: system.cpu: T0 : 0x1ab86    : c_addi a5, 16              : IntAlu :  D=0x000000000006f748
 676000: system.cpu: T0 : 0x1ab88    : bne a4, a5, -6             : IntAlu : 
 676500: system.cpu: T0 : 0x1ab82    : c_sd a5, 24(a5)            : MemWrite :  D=0x000000000006f748 A=0x6f760
 677000: system.cpu: T0 : 0x1ab84    : c_sd a5, 16(a5)            : MemWrite :  D=0x000000000006f748 A=0x6f758
 677500: system.cpu: T0 : 0x1ab86    : c_addi a5, 16              : IntAlu :  D=0x000000000006f758
 678000: system.cpu: T0 : 0x1ab88    : bne a4, a5, -6             : IntAlu : 
 678500: system.cpu: T0 : 0x1ab82    : c_sd a5, 24(a5)            : MemWrite :  D=0x000000000006f758 A=0x6f770
 679000: system.cpu: T0 : 0x1ab84    : c_sd a5, 16(a5)            : MemWrite :  D=0x000000000006f758 A=0x6f768
 679500: system.cpu: T0 : 0x1ab86    : c_addi a5, 16              : IntAlu :  D=0x000000000006f768
 680000: system.cpu: T0 : 0x1ab88    : bne a4, a5, -6             : IntAlu : 
 680500: system.cpu: T0 : 0x1ab82    : c_sd a5, 24(a5)            : MemWrite :  D=0x000000000006f768 A=0x6f780
 681000: system.cpu: T0 : 0x1ab84    : c_sd a5, 16(a5)            : MemWrite :  D=0x000000000006f768 A=0x6f778
 681500: system.cpu: T0 : 0x1ab86    : c_addi a5, 16              : IntAlu :  D=0x000000000006f778
 682000: system.cpu: T0 : 0x1ab88    : bne a4, a5, -6             : IntAlu : 
 682500: system.cpu: T0 : 0x1ab82    : c_sd a5, 24(a5)            : MemWrite :  D=0x000000000006f778 A=0x6f790
 683000: system.cpu: T0 : 0x1ab84    : c_sd a5, 16(a5)            : MemWrite :  D=0x000000000006f778 A=0x6f788
 683500: system.cpu: T0 : 0x1ab86    : c_addi a5, 16              : IntAlu :  D=0x000000000006f788
 684000: system.cpu: T0 : 0x1ab88    : bne a4, a5, -6             : IntAlu : 
 684500: system.cpu: T0 : 0x1ab82    : c_sd a5, 24(a5)            : MemWrite :  D=0x000000000006f788 A=0x6f7a0
 685000: system.cpu: T0 : 0x1ab84    : c_sd a5, 16(a5)            : MemWrite :  D=0x000000000006f788 A=0x6f798
 685500: system.cpu: T0 : 0x1ab86    : c_addi a5, 16              : IntAlu :  D=0x000000000006f798
 686000: system.cpu: T0 : 0x1ab88    : bne a4, a5, -6             : IntAlu : 
 686500: system.cpu: T0 : 0x1ab82    : c_sd a5, 24(a5)            : MemWrite :  D=0x000000000006f798 A=0x6f7b0
 687000: system.cpu: T0 : 0x1ab84    : c_sd a5, 16(a5)            : MemWrite :  D=0x000000000006f798 A=0x6f7a8
 687500: system.cpu: T0 : 0x1ab86    : c_addi a5, 16              : IntAlu :  D=0x000000000006f7a8
 688000: system.cpu: T0 : 0x1ab88    : bne a4, a5, -6             : IntAlu : 
 688500: system.cpu: T0 : 0x1ab82    : c_sd a5, 24(a5)            : MemWrite :  D=0x000000000006f7a8 A=0x6f7c0
 689000: system.cpu: T0 : 0x1ab84    : c_sd a5, 16(a5)            : MemWrite :  D=0x000000000006f7a8 A=0x6f7b8
 689500: system.cpu: T0 : 0x1ab86    : c_addi a5, 16              : IntAlu :  D=0x000000000006f7b8
 690000: system.cpu: T0 : 0x1ab88    : bne a4, a5, -6             : IntAlu : 
 690500: system.cpu: T0 : 0x1ab82    : c_sd a5, 24(a5)            : MemWrite :  D=0x000000000006f7b8 A=0x6f7d0
 691000: system.cpu: T0 : 0x1ab84    : c_sd a5, 16(a5)            : MemWrite :  D=0x000000000006f7b8 A=0x6f7c8
 691500: system.cpu: T0 : 0x1ab86    : c_addi a5, 16              : IntAlu :  D=0x000000000006f7c8
 692000: system.cpu: T0 : 0x1ab88    : bne a4, a5, -6             : IntAlu : 
 692500: system.cpu: T0 : 0x1ab82    : c_sd a5, 24(a5)            : MemWrite :  D=0x000000000006f7c8 A=0x6f7e0
 693000: system.cpu: T0 : 0x1ab84    : c_sd a5, 16(a5)            : MemWrite :  D=0x000000000006f7c8 A=0x6f7d8
 693500: system.cpu: T0 : 0x1ab86    : c_addi a5, 16              : IntAlu :  D=0x000000000006f7d8
 694000: system.cpu: T0 : 0x1ab88    : bne a4, a5, -6             : IntAlu : 
 694500: system.cpu: T0 : 0x1ab82    : c_sd a5, 24(a5)            : MemWrite :  D=0x000000000006f7d8 A=0x6f7f0
 695000: system.cpu: T0 : 0x1ab84    : c_sd a5, 16(a5)            : MemWrite :  D=0x000000000006f7d8 A=0x6f7e8
 695500: system.cpu: T0 : 0x1ab86    : c_addi a5, 16              : IntAlu :  D=0x000000000006f7e8
 696000: system.cpu: T0 : 0x1ab88    : bne a4, a5, -6             : IntAlu : 
 696500: system.cpu: T0 : 0x1ab82    : c_sd a5, 24(a5)            : MemWrite :  D=0x000000000006f7e8 A=0x6f800
 697000: system.cpu: T0 : 0x1ab84    : c_sd a5, 16(a5)            : MemWrite :  D=0x000000000006f7e8 A=0x6f7f8
 697500: system.cpu: T0 : 0x1ab86    : c_addi a5, 16              : IntAlu :  D=0x000000000006f7f8
 698000: system.cpu: T0 : 0x1ab88    : bne a4, a5, -6             : IntAlu : 
 698500: system.cpu: T0 : 0x1ab82    : c_sd a5, 24(a5)            : MemWrite :  D=0x000000000006f7f8 A=0x6f810
 699000: system.cpu: T0 : 0x1ab84    : c_sd a5, 16(a5)            : MemWrite :  D=0x000000000006f7f8 A=0x6f808
 699500: system.cpu: T0 : 0x1ab86    : c_addi a5, 16              : IntAlu :  D=0x000000000006f808
 700000: system.cpu: T0 : 0x1ab88    : bne a4, a5, -6             : IntAlu : 
 700500: system.cpu: T0 : 0x1ab82    : c_sd a5, 24(a5)            : MemWrite :  D=0x000000000006f808 A=0x6f820
 701000: system.cpu: T0 : 0x1ab84    : c_sd a5, 16(a5)            : MemWrite :  D=0x000000000006f808 A=0x6f818
 701500: system.cpu: T0 : 0x1ab86    : c_addi a5, 16              : IntAlu :  D=0x000000000006f818
 702000: system.cpu: T0 : 0x1ab88    : bne a4, a5, -6             : IntAlu : 
 702500: system.cpu: T0 : 0x1ab82    : c_sd a5, 24(a5)            : MemWrite :  D=0x000000000006f818 A=0x6f830
 703000: system.cpu: T0 : 0x1ab84    : c_sd a5, 16(a5)            : MemWrite :  D=0x000000000006f818 A=0x6f828
 703500: system.cpu: T0 : 0x1ab86    : c_addi a5, 16              : IntAlu :  D=0x000000000006f828
 704000: system.cpu: T0 : 0x1ab88    : bne a4, a5, -6             : IntAlu : 
 704500: system.cpu: T0 : 0x1ab82    : c_sd a5, 24(a5)            : MemWrite :  D=0x000000000006f828 A=0x6f840
 705000: system.cpu: T0 : 0x1ab84    : c_sd a5, 16(a5)            : MemWrite :  D=0x000000000006f828 A=0x6f838
 705500: system.cpu: T0 : 0x1ab86    : c_addi a5, 16              : IntAlu :  D=0x000000000006f838
 706000: system.cpu: T0 : 0x1ab88    : bne a4, a5, -6             : IntAlu : 
 706500: system.cpu: T0 : 0x1ab82    : c_sd a5, 24(a5)            : MemWrite :  D=0x000000000006f838 A=0x6f850
 707000: system.cpu: T0 : 0x1ab84    : c_sd a5, 16(a5)            : MemWrite :  D=0x000000000006f838 A=0x6f848
 707500: system.cpu: T0 : 0x1ab86    : c_addi a5, 16              : IntAlu :  D=0x000000000006f848
 708000: system.cpu: T0 : 0x1ab88    : bne a4, a5, -6             : IntAlu : 
 708500: system.cpu: T0 : 0x1ab82    : c_sd a5, 24(a5)            : MemWrite :  D=0x000000000006f848 A=0x6f860
 709000: system.cpu: T0 : 0x1ab84    : c_sd a5, 16(a5)            : MemWrite :  D=0x000000000006f848 A=0x6f858
 709500: system.cpu: T0 : 0x1ab86    : c_addi a5, 16              : IntAlu :  D=0x000000000006f858
 710000: system.cpu: T0 : 0x1ab88    : bne a4, a5, -6             : IntAlu : 
 710500: system.cpu: T0 : 0x1ab82    : c_sd a5, 24(a5)            : MemWrite :  D=0x000000000006f858 A=0x6f870
 711000: system.cpu: T0 : 0x1ab84    : c_sd a5, 16(a5)            : MemWrite :  D=0x000000000006f858 A=0x6f868
 711500: system.cpu: T0 : 0x1ab86    : c_addi a5, 16              : IntAlu :  D=0x000000000006f868
 712000: system.cpu: T0 : 0x1ab88    : bne a4, a5, -6             : IntAlu : 
 712500: system.cpu: T0 : 0x1ab82    : c_sd a5, 24(a5)            : MemWrite :  D=0x000000000006f868 A=0x6f880
 713000: system.cpu: T0 : 0x1ab84    : c_sd a5, 16(a5)            : MemWrite :  D=0x000000000006f868 A=0x6f878
 713500: system.cpu: T0 : 0x1ab86    : c_addi a5, 16              : IntAlu :  D=0x000000000006f878
 714000: system.cpu: T0 : 0x1ab88    : bne a4, a5, -6             : IntAlu : 
 714500: system.cpu: T0 : 0x1ab82    : c_sd a5, 24(a5)            : MemWrite :  D=0x000000000006f878 A=0x6f890
 715000: system.cpu: T0 : 0x1ab84    : c_sd a5, 16(a5)            : MemWrite :  D=0x000000000006f878 A=0x6f888
 715500: system.cpu: T0 : 0x1ab86    : c_addi a5, 16              : IntAlu :  D=0x000000000006f888
 716000: system.cpu: T0 : 0x1ab88    : bne a4, a5, -6             : IntAlu : 
 716500: system.cpu: T0 : 0x1ab82    : c_sd a5, 24(a5)            : MemWrite :  D=0x000000000006f888 A=0x6f8a0
 717000: system.cpu: T0 : 0x1ab84    : c_sd a5, 16(a5)            : MemWrite :  D=0x000000000006f888 A=0x6f898
 717500: system.cpu: T0 : 0x1ab86    : c_addi a5, 16              : IntAlu :  D=0x000000000006f898
 718000: system.cpu: T0 : 0x1ab88    : bne a4, a5, -6             : IntAlu : 
 718500: system.cpu: T0 : 0x1ab82    : c_sd a5, 24(a5)            : MemWrite :  D=0x000000000006f898 A=0x6f8b0
 719000: system.cpu: T0 : 0x1ab84    : c_sd a5, 16(a5)            : MemWrite :  D=0x000000000006f898 A=0x6f8a8
 719500: system.cpu: T0 : 0x1ab86    : c_addi a5, 16              : IntAlu :  D=0x000000000006f8a8
 720000: system.cpu: T0 : 0x1ab88    : bne a4, a5, -6             : IntAlu : 
 720500: system.cpu: T0 : 0x1ab82    : c_sd a5, 24(a5)            : MemWrite :  D=0x000000000006f8a8 A=0x6f8c0
 721000: system.cpu: T0 : 0x1ab84    : c_sd a5, 16(a5)            : MemWrite :  D=0x000000000006f8a8 A=0x6f8b8
 721500: system.cpu: T0 : 0x1ab86    : c_addi a5, 16              : IntAlu :  D=0x000000000006f8b8
 722000: system.cpu: T0 : 0x1ab88    : bne a4, a5, -6             : IntAlu : 
 722500: system.cpu: T0 : 0x1ab82    : c_sd a5, 24(a5)            : MemWrite :  D=0x000000000006f8b8 A=0x6f8d0
 723000: system.cpu: T0 : 0x1ab84    : c_sd a5, 16(a5)            : MemWrite :  D=0x000000000006f8b8 A=0x6f8c8
 723500: system.cpu: T0 : 0x1ab86    : c_addi a5, 16              : IntAlu :  D=0x000000000006f8c8
 724000: system.cpu: T0 : 0x1ab88    : bne a4, a5, -6             : IntAlu : 
 724500: system.cpu: T0 : 0x1ab82    : c_sd a5, 24(a5)            : MemWrite :  D=0x000000000006f8c8 A=0x6f8e0
 725000: system.cpu: T0 : 0x1ab84    : c_sd a5, 16(a5)            : MemWrite :  D=0x000000000006f8c8 A=0x6f8d8
 725500: system.cpu: T0 : 0x1ab86    : c_addi a5, 16              : IntAlu :  D=0x000000000006f8d8
 726000: system.cpu: T0 : 0x1ab88    : bne a4, a5, -6             : IntAlu : 
 726500: system.cpu: T0 : 0x1ab82    : c_sd a5, 24(a5)            : MemWrite :  D=0x000000000006f8d8 A=0x6f8f0
 727000: system.cpu: T0 : 0x1ab84    : c_sd a5, 16(a5)            : MemWrite :  D=0x000000000006f8d8 A=0x6f8e8
 727500: system.cpu: T0 : 0x1ab86    : c_addi a5, 16              : IntAlu :  D=0x000000000006f8e8
 728000: system.cpu: T0 : 0x1ab88    : bne a4, a5, -6             : IntAlu : 
 728500: system.cpu: T0 : 0x1ab82    : c_sd a5, 24(a5)            : MemWrite :  D=0x000000000006f8e8 A=0x6f900
 729000: system.cpu: T0 : 0x1ab84    : c_sd a5, 16(a5)            : MemWrite :  D=0x000000000006f8e8 A=0x6f8f8
 729500: system.cpu: T0 : 0x1ab86    : c_addi a5, 16              : IntAlu :  D=0x000000000006f8f8
 730000: system.cpu: T0 : 0x1ab88    : bne a4, a5, -6             : IntAlu : 
 730500: system.cpu: T0 : 0x1ab82    : c_sd a5, 24(a5)            : MemWrite :  D=0x000000000006f8f8 A=0x6f910
 731000: system.cpu: T0 : 0x1ab84    : c_sd a5, 16(a5)            : MemWrite :  D=0x000000000006f8f8 A=0x6f908
 731500: system.cpu: T0 : 0x1ab86    : c_addi a5, 16              : IntAlu :  D=0x000000000006f908
 732000: system.cpu: T0 : 0x1ab88    : bne a4, a5, -6             : IntAlu : 
 732500: system.cpu: T0 : 0x1ab82    : c_sd a5, 24(a5)            : MemWrite :  D=0x000000000006f908 A=0x6f920
 733000: system.cpu: T0 : 0x1ab84    : c_sd a5, 16(a5)            : MemWrite :  D=0x000000000006f908 A=0x6f918
 733500: system.cpu: T0 : 0x1ab86    : c_addi a5, 16              : IntAlu :  D=0x000000000006f918
 734000: system.cpu: T0 : 0x1ab88    : bne a4, a5, -6             : IntAlu : 
 734500: system.cpu: T0 : 0x1ab82    : c_sd a5, 24(a5)            : MemWrite :  D=0x000000000006f918 A=0x6f930
 735000: system.cpu: T0 : 0x1ab84    : c_sd a5, 16(a5)            : MemWrite :  D=0x000000000006f918 A=0x6f928
 735500: system.cpu: T0 : 0x1ab86    : c_addi a5, 16              : IntAlu :  D=0x000000000006f928
 736000: system.cpu: T0 : 0x1ab88    : bne a4, a5, -6             : IntAlu : 
 736500: system.cpu: T0 : 0x1ab82    : c_sd a5, 24(a5)            : MemWrite :  D=0x000000000006f928 A=0x6f940
 737000: system.cpu: T0 : 0x1ab84    : c_sd a5, 16(a5)            : MemWrite :  D=0x000000000006f928 A=0x6f938
 737500: system.cpu: T0 : 0x1ab86    : c_addi a5, 16              : IntAlu :  D=0x000000000006f938
 738000: system.cpu: T0 : 0x1ab88    : bne a4, a5, -6             : IntAlu : 
 738500: system.cpu: T0 : 0x1ab82    : c_sd a5, 24(a5)            : MemWrite :  D=0x000000000006f938 A=0x6f950
 739000: system.cpu: T0 : 0x1ab84    : c_sd a5, 16(a5)            : MemWrite :  D=0x000000000006f938 A=0x6f948
 739500: system.cpu: T0 : 0x1ab86    : c_addi a5, 16              : IntAlu :  D=0x000000000006f948
 740000: system.cpu: T0 : 0x1ab88    : bne a4, a5, -6             : IntAlu : 
 740500: system.cpu: T0 : 0x1ab82    : c_sd a5, 24(a5)            : MemWrite :  D=0x000000000006f948 A=0x6f960
 741000: system.cpu: T0 : 0x1ab84    : c_sd a5, 16(a5)            : MemWrite :  D=0x000000000006f948 A=0x6f958
 741500: system.cpu: T0 : 0x1ab86    : c_addi a5, 16              : IntAlu :  D=0x000000000006f958
 742000: system.cpu: T0 : 0x1ab88    : bne a4, a5, -6             : IntAlu : 
 742500: system.cpu: T0 : 0x1ab82    : c_sd a5, 24(a5)            : MemWrite :  D=0x000000000006f958 A=0x6f970
 743000: system.cpu: T0 : 0x1ab84    : c_sd a5, 16(a5)            : MemWrite :  D=0x000000000006f958 A=0x6f968
 743500: system.cpu: T0 : 0x1ab86    : c_addi a5, 16              : IntAlu :  D=0x000000000006f968
 744000: system.cpu: T0 : 0x1ab88    : bne a4, a5, -6             : IntAlu : 
 744500: system.cpu: T0 : 0x1ab82    : c_sd a5, 24(a5)            : MemWrite :  D=0x000000000006f968 A=0x6f980
 745000: system.cpu: T0 : 0x1ab84    : c_sd a5, 16(a5)            : MemWrite :  D=0x000000000006f968 A=0x6f978
 745500: system.cpu: T0 : 0x1ab86    : c_addi a5, 16              : IntAlu :  D=0x000000000006f978
 746000: system.cpu: T0 : 0x1ab88    : bne a4, a5, -6             : IntAlu : 
 746500: system.cpu: T0 : 0x1ab82    : c_sd a5, 24(a5)            : MemWrite :  D=0x000000000006f978 A=0x6f990
 747000: system.cpu: T0 : 0x1ab84    : c_sd a5, 16(a5)            : MemWrite :  D=0x000000000006f978 A=0x6f988
 747500: system.cpu: T0 : 0x1ab86    : c_addi a5, 16              : IntAlu :  D=0x000000000006f988
 748000: system.cpu: T0 : 0x1ab88    : bne a4, a5, -6             : IntAlu : 
 748500: system.cpu: T0 : 0x1ab82    : c_sd a5, 24(a5)            : MemWrite :  D=0x000000000006f988 A=0x6f9a0
 749000: system.cpu: T0 : 0x1ab84    : c_sd a5, 16(a5)            : MemWrite :  D=0x000000000006f988 A=0x6f998
 749500: system.cpu: T0 : 0x1ab86    : c_addi a5, 16              : IntAlu :  D=0x000000000006f998
 750000: system.cpu: T0 : 0x1ab88    : bne a4, a5, -6             : IntAlu : 
 750500: system.cpu: T0 : 0x1ab82    : c_sd a5, 24(a5)            : MemWrite :  D=0x000000000006f998 A=0x6f9b0
 751000: system.cpu: T0 : 0x1ab84    : c_sd a5, 16(a5)            : MemWrite :  D=0x000000000006f998 A=0x6f9a8
 751500: system.cpu: T0 : 0x1ab86    : c_addi a5, 16              : IntAlu :  D=0x000000000006f9a8
 752000: system.cpu: T0 : 0x1ab88    : bne a4, a5, -6             : IntAlu : 
 752500: system.cpu: T0 : 0x1ab82    : c_sd a5, 24(a5)            : MemWrite :  D=0x000000000006f9a8 A=0x6f9c0
 753000: system.cpu: T0 : 0x1ab84    : c_sd a5, 16(a5)            : MemWrite :  D=0x000000000006f9a8 A=0x6f9b8
 753500: system.cpu: T0 : 0x1ab86    : c_addi a5, 16              : IntAlu :  D=0x000000000006f9b8
 754000: system.cpu: T0 : 0x1ab88    : bne a4, a5, -6             : IntAlu : 
 754500: system.cpu: T0 : 0x1ab82    : c_sd a5, 24(a5)            : MemWrite :  D=0x000000000006f9b8 A=0x6f9d0
 755000: system.cpu: T0 : 0x1ab84    : c_sd a5, 16(a5)            : MemWrite :  D=0x000000000006f9b8 A=0x6f9c8
 755500: system.cpu: T0 : 0x1ab86    : c_addi a5, 16              : IntAlu :  D=0x000000000006f9c8
 756000: system.cpu: T0 : 0x1ab88    : bne a4, a5, -6             : IntAlu : 
 756500: system.cpu: T0 : 0x1ab82    : c_sd a5, 24(a5)            : MemWrite :  D=0x000000000006f9c8 A=0x6f9e0
 757000: system.cpu: T0 : 0x1ab84    : c_sd a5, 16(a5)            : MemWrite :  D=0x000000000006f9c8 A=0x6f9d8
 757500: system.cpu: T0 : 0x1ab86    : c_addi a5, 16              : IntAlu :  D=0x000000000006f9d8
 758000: system.cpu: T0 : 0x1ab88    : bne a4, a5, -6             : IntAlu : 
 758500: system.cpu: T0 : 0x1ab82    : c_sd a5, 24(a5)            : MemWrite :  D=0x000000000006f9d8 A=0x6f9f0
 759000: system.cpu: T0 : 0x1ab84    : c_sd a5, 16(a5)            : MemWrite :  D=0x000000000006f9d8 A=0x6f9e8
 759500: system.cpu: T0 : 0x1ab86    : c_addi a5, 16              : IntAlu :  D=0x000000000006f9e8
 760000: system.cpu: T0 : 0x1ab88    : bne a4, a5, -6             : IntAlu : 
 760500: system.cpu: T0 : 0x1ab82    : c_sd a5, 24(a5)            : MemWrite :  D=0x000000000006f9e8 A=0x6fa00
 761000: system.cpu: T0 : 0x1ab84    : c_sd a5, 16(a5)            : MemWrite :  D=0x000000000006f9e8 A=0x6f9f8
 761500: system.cpu: T0 : 0x1ab86    : c_addi a5, 16              : IntAlu :  D=0x000000000006f9f8
 762000: system.cpu: T0 : 0x1ab88    : bne a4, a5, -6             : IntAlu : 
 762500: system.cpu: T0 : 0x1ab82    : c_sd a5, 24(a5)            : MemWrite :  D=0x000000000006f9f8 A=0x6fa10
 763000: system.cpu: T0 : 0x1ab84    : c_sd a5, 16(a5)            : MemWrite :  D=0x000000000006f9f8 A=0x6fa08
 763500: system.cpu: T0 : 0x1ab86    : c_addi a5, 16              : IntAlu :  D=0x000000000006fa08
 764000: system.cpu: T0 : 0x1ab88    : bne a4, a5, -6             : IntAlu : 
 764500: system.cpu: T0 : 0x1ab82    : c_sd a5, 24(a5)            : MemWrite :  D=0x000000000006fa08 A=0x6fa20
 765000: system.cpu: T0 : 0x1ab84    : c_sd a5, 16(a5)            : MemWrite :  D=0x000000000006fa08 A=0x6fa18
 765500: system.cpu: T0 : 0x1ab86    : c_addi a5, 16              : IntAlu :  D=0x000000000006fa18
 766000: system.cpu: T0 : 0x1ab88    : bne a4, a5, -6             : IntAlu : 
 766500: system.cpu: T0 : 0x1ab82    : c_sd a5, 24(a5)            : MemWrite :  D=0x000000000006fa18 A=0x6fa30
 767000: system.cpu: T0 : 0x1ab84    : c_sd a5, 16(a5)            : MemWrite :  D=0x000000000006fa18 A=0x6fa28
 767500: system.cpu: T0 : 0x1ab86    : c_addi a5, 16              : IntAlu :  D=0x000000000006fa28
 768000: system.cpu: T0 : 0x1ab88    : bne a4, a5, -6             : IntAlu : 
 768500: system.cpu: T0 : 0x1ab82    : c_sd a5, 24(a5)            : MemWrite :  D=0x000000000006fa28 A=0x6fa40
 769000: system.cpu: T0 : 0x1ab84    : c_sd a5, 16(a5)            : MemWrite :  D=0x000000000006fa28 A=0x6fa38
 769500: system.cpu: T0 : 0x1ab86    : c_addi a5, 16              : IntAlu :  D=0x000000000006fa38
 770000: system.cpu: T0 : 0x1ab88    : bne a4, a5, -6             : IntAlu : 
 770500: system.cpu: T0 : 0x1ab82    : c_sd a5, 24(a5)            : MemWrite :  D=0x000000000006fa38 A=0x6fa50
 771000: system.cpu: T0 : 0x1ab84    : c_sd a5, 16(a5)            : MemWrite :  D=0x000000000006fa38 A=0x6fa48
 771500: system.cpu: T0 : 0x1ab86    : c_addi a5, 16              : IntAlu :  D=0x000000000006fa48
 772000: system.cpu: T0 : 0x1ab88    : bne a4, a5, -6             : IntAlu : 
 772500: system.cpu: T0 : 0x1ab82    : c_sd a5, 24(a5)            : MemWrite :  D=0x000000000006fa48 A=0x6fa60
 773000: system.cpu: T0 : 0x1ab84    : c_sd a5, 16(a5)            : MemWrite :  D=0x000000000006fa48 A=0x6fa58
 773500: system.cpu: T0 : 0x1ab86    : c_addi a5, 16              : IntAlu :  D=0x000000000006fa58
 774000: system.cpu: T0 : 0x1ab88    : bne a4, a5, -6             : IntAlu : 
 774500: system.cpu: T0 : 0x1ab82    : c_sd a5, 24(a5)            : MemWrite :  D=0x000000000006fa58 A=0x6fa70
 775000: system.cpu: T0 : 0x1ab84    : c_sd a5, 16(a5)            : MemWrite :  D=0x000000000006fa58 A=0x6fa68
 775500: system.cpu: T0 : 0x1ab86    : c_addi a5, 16              : IntAlu :  D=0x000000000006fa68
 776000: system.cpu: T0 : 0x1ab88    : bne a4, a5, -6             : IntAlu : 
 776500: system.cpu: T0 : 0x1ab82    : c_sd a5, 24(a5)            : MemWrite :  D=0x000000000006fa68 A=0x6fa80
 777000: system.cpu: T0 : 0x1ab84    : c_sd a5, 16(a5)            : MemWrite :  D=0x000000000006fa68 A=0x6fa78
 777500: system.cpu: T0 : 0x1ab86    : c_addi a5, 16              : IntAlu :  D=0x000000000006fa78
 778000: system.cpu: T0 : 0x1ab88    : bne a4, a5, -6             : IntAlu : 
 778500: system.cpu: T0 : 0x1ab82    : c_sd a5, 24(a5)            : MemWrite :  D=0x000000000006fa78 A=0x6fa90
 779000: system.cpu: T0 : 0x1ab84    : c_sd a5, 16(a5)            : MemWrite :  D=0x000000000006fa78 A=0x6fa88
 779500: system.cpu: T0 : 0x1ab86    : c_addi a5, 16              : IntAlu :  D=0x000000000006fa88
 780000: system.cpu: T0 : 0x1ab88    : bne a4, a5, -6             : IntAlu : 
 780500: system.cpu: T0 : 0x1ab82    : c_sd a5, 24(a5)            : MemWrite :  D=0x000000000006fa88 A=0x6faa0
 781000: system.cpu: T0 : 0x1ab84    : c_sd a5, 16(a5)            : MemWrite :  D=0x000000000006fa88 A=0x6fa98
 781500: system.cpu: T0 : 0x1ab86    : c_addi a5, 16              : IntAlu :  D=0x000000000006fa98
 782000: system.cpu: T0 : 0x1ab88    : bne a4, a5, -6             : IntAlu : 
 782500: system.cpu: T0 : 0x1ab82    : c_sd a5, 24(a5)            : MemWrite :  D=0x000000000006fa98 A=0x6fab0
 783000: system.cpu: T0 : 0x1ab84    : c_sd a5, 16(a5)            : MemWrite :  D=0x000000000006fa98 A=0x6faa8
 783500: system.cpu: T0 : 0x1ab86    : c_addi a5, 16              : IntAlu :  D=0x000000000006faa8
 784000: system.cpu: T0 : 0x1ab88    : bne a4, a5, -6             : IntAlu : 
 784500: system.cpu: T0 : 0x1ab82    : c_sd a5, 24(a5)            : MemWrite :  D=0x000000000006faa8 A=0x6fac0
 785000: system.cpu: T0 : 0x1ab84    : c_sd a5, 16(a5)            : MemWrite :  D=0x000000000006faa8 A=0x6fab8
 785500: system.cpu: T0 : 0x1ab86    : c_addi a5, 16              : IntAlu :  D=0x000000000006fab8
 786000: system.cpu: T0 : 0x1ab88    : bne a4, a5, -6             : IntAlu : 
 786500: system.cpu: T0 : 0x1ab82    : c_sd a5, 24(a5)            : MemWrite :  D=0x000000000006fab8 A=0x6fad0
 787000: system.cpu: T0 : 0x1ab84    : c_sd a5, 16(a5)            : MemWrite :  D=0x000000000006fab8 A=0x6fac8
 787500: system.cpu: T0 : 0x1ab86    : c_addi a5, 16              : IntAlu :  D=0x000000000006fac8
 788000: system.cpu: T0 : 0x1ab88    : bne a4, a5, -6             : IntAlu : 
 788500: system.cpu: T0 : 0x1ab82    : c_sd a5, 24(a5)            : MemWrite :  D=0x000000000006fac8 A=0x6fae0
 789000: system.cpu: T0 : 0x1ab84    : c_sd a5, 16(a5)            : MemWrite :  D=0x000000000006fac8 A=0x6fad8
 789500: system.cpu: T0 : 0x1ab86    : c_addi a5, 16              : IntAlu :  D=0x000000000006fad8
 790000: system.cpu: T0 : 0x1ab88    : bne a4, a5, -6             : IntAlu : 
 790500: system.cpu: T0 : 0x1ab82    : c_sd a5, 24(a5)            : MemWrite :  D=0x000000000006fad8 A=0x6faf0
 791000: system.cpu: T0 : 0x1ab84    : c_sd a5, 16(a5)            : MemWrite :  D=0x000000000006fad8 A=0x6fae8
 791500: system.cpu: T0 : 0x1ab86    : c_addi a5, 16              : IntAlu :  D=0x000000000006fae8
 792000: system.cpu: T0 : 0x1ab88    : bne a4, a5, -6             : IntAlu : 
 792500: system.cpu: T0 : 0x1ab82    : c_sd a5, 24(a5)            : MemWrite :  D=0x000000000006fae8 A=0x6fb00
 793000: system.cpu: T0 : 0x1ab84    : c_sd a5, 16(a5)            : MemWrite :  D=0x000000000006fae8 A=0x6faf8
 793500: system.cpu: T0 : 0x1ab86    : c_addi a5, 16              : IntAlu :  D=0x000000000006faf8
 794000: system.cpu: T0 : 0x1ab88    : bne a4, a5, -6             : IntAlu : 
 794500: system.cpu: T0 : 0x1ab82    : c_sd a5, 24(a5)            : MemWrite :  D=0x000000000006faf8 A=0x6fb10
 795000: system.cpu: T0 : 0x1ab84    : c_sd a5, 16(a5)            : MemWrite :  D=0x000000000006faf8 A=0x6fb08
 795500: system.cpu: T0 : 0x1ab86    : c_addi a5, 16              : IntAlu :  D=0x000000000006fb08
 796000: system.cpu: T0 : 0x1ab88    : bne a4, a5, -6             : IntAlu : 
 796500: system.cpu: T0 : 0x1ab82    : c_sd a5, 24(a5)            : MemWrite :  D=0x000000000006fb08 A=0x6fb20
 797000: system.cpu: T0 : 0x1ab84    : c_sd a5, 16(a5)            : MemWrite :  D=0x000000000006fb08 A=0x6fb18
 797500: system.cpu: T0 : 0x1ab86    : c_addi a5, 16              : IntAlu :  D=0x000000000006fb18
 798000: system.cpu: T0 : 0x1ab88    : bne a4, a5, -6             : IntAlu : 
 798500: system.cpu: T0 : 0x1ab82    : c_sd a5, 24(a5)            : MemWrite :  D=0x000000000006fb18 A=0x6fb30
 799000: system.cpu: T0 : 0x1ab84    : c_sd a5, 16(a5)            : MemWrite :  D=0x000000000006fb18 A=0x6fb28
 799500: system.cpu: T0 : 0x1ab86    : c_addi a5, 16              : IntAlu :  D=0x000000000006fb28
 800000: system.cpu: T0 : 0x1ab88    : bne a4, a5, -6             : IntAlu : 
 800500: system.cpu: T0 : 0x1ab82    : c_sd a5, 24(a5)            : MemWrite :  D=0x000000000006fb28 A=0x6fb40
 801000: system.cpu: T0 : 0x1ab84    : c_sd a5, 16(a5)            : MemWrite :  D=0x000000000006fb28 A=0x6fb38
 801500: system.cpu: T0 : 0x1ab86    : c_addi a5, 16              : IntAlu :  D=0x000000000006fb38
 802000: system.cpu: T0 : 0x1ab88    : bne a4, a5, -6             : IntAlu : 
 802500: system.cpu: T0 : 0x1ab82    : c_sd a5, 24(a5)            : MemWrite :  D=0x000000000006fb38 A=0x6fb50
 803000: system.cpu: T0 : 0x1ab84    : c_sd a5, 16(a5)            : MemWrite :  D=0x000000000006fb38 A=0x6fb48
 803500: system.cpu: T0 : 0x1ab86    : c_addi a5, 16              : IntAlu :  D=0x000000000006fb48
 804000: system.cpu: T0 : 0x1ab88    : bne a4, a5, -6             : IntAlu : 
 804500: system.cpu: T0 : 0x1ab82    : c_sd a5, 24(a5)            : MemWrite :  D=0x000000000006fb48 A=0x6fb60
 805000: system.cpu: T0 : 0x1ab84    : c_sd a5, 16(a5)            : MemWrite :  D=0x000000000006fb48 A=0x6fb58
 805500: system.cpu: T0 : 0x1ab86    : c_addi a5, 16              : IntAlu :  D=0x000000000006fb58
 806000: system.cpu: T0 : 0x1ab88    : bne a4, a5, -6             : IntAlu : 
 806500: system.cpu: T0 : 0x1ab82    : c_sd a5, 24(a5)            : MemWrite :  D=0x000000000006fb58 A=0x6fb70
 807000: system.cpu: T0 : 0x1ab84    : c_sd a5, 16(a5)            : MemWrite :  D=0x000000000006fb58 A=0x6fb68
 807500: system.cpu: T0 : 0x1ab86    : c_addi a5, 16              : IntAlu :  D=0x000000000006fb68
 808000: system.cpu: T0 : 0x1ab88    : bne a4, a5, -6             : IntAlu : 
 808500: system.cpu: T0 : 0x1ab82    : c_sd a5, 24(a5)            : MemWrite :  D=0x000000000006fb68 A=0x6fb80
 809000: system.cpu: T0 : 0x1ab84    : c_sd a5, 16(a5)            : MemWrite :  D=0x000000000006fb68 A=0x6fb78
 809500: system.cpu: T0 : 0x1ab86    : c_addi a5, 16              : IntAlu :  D=0x000000000006fb78
 810000: system.cpu: T0 : 0x1ab88    : bne a4, a5, -6             : IntAlu : 
 810500: system.cpu: T0 : 0x1ab82    : c_sd a5, 24(a5)            : MemWrite :  D=0x000000000006fb78 A=0x6fb90
 811000: system.cpu: T0 : 0x1ab84    : c_sd a5, 16(a5)            : MemWrite :  D=0x000000000006fb78 A=0x6fb88
 811500: system.cpu: T0 : 0x1ab86    : c_addi a5, 16              : IntAlu :  D=0x000000000006fb88
 812000: system.cpu: T0 : 0x1ab88    : bne a4, a5, -6             : IntAlu : 
 812500: system.cpu: T0 : 0x1ab82    : c_sd a5, 24(a5)            : MemWrite :  D=0x000000000006fb88 A=0x6fba0
 813000: system.cpu: T0 : 0x1ab84    : c_sd a5, 16(a5)            : MemWrite :  D=0x000000000006fb88 A=0x6fb98
 813500: system.cpu: T0 : 0x1ab86    : c_addi a5, 16              : IntAlu :  D=0x000000000006fb98
 814000: system.cpu: T0 : 0x1ab88    : bne a4, a5, -6             : IntAlu : 
 814500: system.cpu: T0 : 0x1ab82    : c_sd a5, 24(a5)            : MemWrite :  D=0x000000000006fb98 A=0x6fbb0
 815000: system.cpu: T0 : 0x1ab84    : c_sd a5, 16(a5)            : MemWrite :  D=0x000000000006fb98 A=0x6fba8
 815500: system.cpu: T0 : 0x1ab86    : c_addi a5, 16              : IntAlu :  D=0x000000000006fba8
 816000: system.cpu: T0 : 0x1ab88    : bne a4, a5, -6             : IntAlu : 
 816500: system.cpu: T0 : 0x1ab82    : c_sd a5, 24(a5)            : MemWrite :  D=0x000000000006fba8 A=0x6fbc0
 817000: system.cpu: T0 : 0x1ab84    : c_sd a5, 16(a5)            : MemWrite :  D=0x000000000006fba8 A=0x6fbb8
 817500: system.cpu: T0 : 0x1ab86    : c_addi a5, 16              : IntAlu :  D=0x000000000006fbb8
 818000: system.cpu: T0 : 0x1ab88    : bne a4, a5, -6             : IntAlu : 
 818500: system.cpu: T0 : 0x1ab82    : c_sd a5, 24(a5)            : MemWrite :  D=0x000000000006fbb8 A=0x6fbd0
 819000: system.cpu: T0 : 0x1ab84    : c_sd a5, 16(a5)            : MemWrite :  D=0x000000000006fbb8 A=0x6fbc8
 819500: system.cpu: T0 : 0x1ab86    : c_addi a5, 16              : IntAlu :  D=0x000000000006fbc8
 820000: system.cpu: T0 : 0x1ab88    : bne a4, a5, -6             : IntAlu : 
 820500: system.cpu: T0 : 0x1ab82    : c_sd a5, 24(a5)            : MemWrite :  D=0x000000000006fbc8 A=0x6fbe0
 821000: system.cpu: T0 : 0x1ab84    : c_sd a5, 16(a5)            : MemWrite :  D=0x000000000006fbc8 A=0x6fbd8
 821500: system.cpu: T0 : 0x1ab86    : c_addi a5, 16              : IntAlu :  D=0x000000000006fbd8
 822000: system.cpu: T0 : 0x1ab88    : bne a4, a5, -6             : IntAlu : 
 822500: system.cpu: T0 : 0x1ab82    : c_sd a5, 24(a5)            : MemWrite :  D=0x000000000006fbd8 A=0x6fbf0
 823000: system.cpu: T0 : 0x1ab84    : c_sd a5, 16(a5)            : MemWrite :  D=0x000000000006fbd8 A=0x6fbe8
 823500: system.cpu: T0 : 0x1ab86    : c_addi a5, 16              : IntAlu :  D=0x000000000006fbe8
 824000: system.cpu: T0 : 0x1ab88    : bne a4, a5, -6             : IntAlu : 
 824500: system.cpu: T0 : 0x1ab82    : c_sd a5, 24(a5)            : MemWrite :  D=0x000000000006fbe8 A=0x6fc00
 825000: system.cpu: T0 : 0x1ab84    : c_sd a5, 16(a5)            : MemWrite :  D=0x000000000006fbe8 A=0x6fbf8
 825500: system.cpu: T0 : 0x1ab86    : c_addi a5, 16              : IntAlu :  D=0x000000000006fbf8
 826000: system.cpu: T0 : 0x1ab88    : bne a4, a5, -6             : IntAlu : 
 826500: system.cpu: T0 : 0x1ab82    : c_sd a5, 24(a5)            : MemWrite :  D=0x000000000006fbf8 A=0x6fc10
 827000: system.cpu: T0 : 0x1ab84    : c_sd a5, 16(a5)            : MemWrite :  D=0x000000000006fbf8 A=0x6fc08
 827500: system.cpu: T0 : 0x1ab86    : c_addi a5, 16              : IntAlu :  D=0x000000000006fc08
 828000: system.cpu: T0 : 0x1ab88    : bne a4, a5, -6             : IntAlu : 
 828500: system.cpu: T0 : 0x1ab82    : c_sd a5, 24(a5)            : MemWrite :  D=0x000000000006fc08 A=0x6fc20
 829000: system.cpu: T0 : 0x1ab84    : c_sd a5, 16(a5)            : MemWrite :  D=0x000000000006fc08 A=0x6fc18
 829500: system.cpu: T0 : 0x1ab86    : c_addi a5, 16              : IntAlu :  D=0x000000000006fc18
 830000: system.cpu: T0 : 0x1ab88    : bne a4, a5, -6             : IntAlu : 
 830500: system.cpu: T0 : 0x1ab82    : c_sd a5, 24(a5)            : MemWrite :  D=0x000000000006fc18 A=0x6fc30
 831000: system.cpu: T0 : 0x1ab84    : c_sd a5, 16(a5)            : MemWrite :  D=0x000000000006fc18 A=0x6fc28
 831500: system.cpu: T0 : 0x1ab86    : c_addi a5, 16              : IntAlu :  D=0x000000000006fc28
 832000: system.cpu: T0 : 0x1ab88    : bne a4, a5, -6             : IntAlu : 
 832500: system.cpu: T0 : 0x1ab82    : c_sd a5, 24(a5)            : MemWrite :  D=0x000000000006fc28 A=0x6fc40
 833000: system.cpu: T0 : 0x1ab84    : c_sd a5, 16(a5)            : MemWrite :  D=0x000000000006fc28 A=0x6fc38
 833500: system.cpu: T0 : 0x1ab86    : c_addi a5, 16              : IntAlu :  D=0x000000000006fc38
 834000: system.cpu: T0 : 0x1ab88    : bne a4, a5, -6             : IntAlu : 
 834500: system.cpu: T0 : 0x1ab82    : c_sd a5, 24(a5)            : MemWrite :  D=0x000000000006fc38 A=0x6fc50
 835000: system.cpu: T0 : 0x1ab84    : c_sd a5, 16(a5)            : MemWrite :  D=0x000000000006fc38 A=0x6fc48
 835500: system.cpu: T0 : 0x1ab86    : c_addi a5, 16              : IntAlu :  D=0x000000000006fc48
 836000: system.cpu: T0 : 0x1ab88    : bne a4, a5, -6             : IntAlu : 
 836500: system.cpu: T0 : 0x1ab82    : c_sd a5, 24(a5)            : MemWrite :  D=0x000000000006fc48 A=0x6fc60
 837000: system.cpu: T0 : 0x1ab84    : c_sd a5, 16(a5)            : MemWrite :  D=0x000000000006fc48 A=0x6fc58
 837500: system.cpu: T0 : 0x1ab86    : c_addi a5, 16              : IntAlu :  D=0x000000000006fc58
 838000: system.cpu: T0 : 0x1ab88    : bne a4, a5, -6             : IntAlu : 
 838500: system.cpu: T0 : 0x1ab82    : c_sd a5, 24(a5)            : MemWrite :  D=0x000000000006fc58 A=0x6fc70
 839000: system.cpu: T0 : 0x1ab84    : c_sd a5, 16(a5)            : MemWrite :  D=0x000000000006fc58 A=0x6fc68
 839500: system.cpu: T0 : 0x1ab86    : c_addi a5, 16              : IntAlu :  D=0x000000000006fc68
 840000: system.cpu: T0 : 0x1ab88    : bne a4, a5, -6             : IntAlu : 
 840500: system.cpu: T0 : 0x1ab82    : c_sd a5, 24(a5)            : MemWrite :  D=0x000000000006fc68 A=0x6fc80
 841000: system.cpu: T0 : 0x1ab84    : c_sd a5, 16(a5)            : MemWrite :  D=0x000000000006fc68 A=0x6fc78
 841500: system.cpu: T0 : 0x1ab86    : c_addi a5, 16              : IntAlu :  D=0x000000000006fc78
 842000: system.cpu: T0 : 0x1ab88    : bne a4, a5, -6             : IntAlu : 
 842500: system.cpu: T0 : 0x1ab82    : c_sd a5, 24(a5)            : MemWrite :  D=0x000000000006fc78 A=0x6fc90
 843000: system.cpu: T0 : 0x1ab84    : c_sd a5, 16(a5)            : MemWrite :  D=0x000000000006fc78 A=0x6fc88
 843500: system.cpu: T0 : 0x1ab86    : c_addi a5, 16              : IntAlu :  D=0x000000000006fc88
 844000: system.cpu: T0 : 0x1ab88    : bne a4, a5, -6             : IntAlu : 
 844500: system.cpu: T0 : 0x1ab82    : c_sd a5, 24(a5)            : MemWrite :  D=0x000000000006fc88 A=0x6fca0
 845000: system.cpu: T0 : 0x1ab84    : c_sd a5, 16(a5)            : MemWrite :  D=0x000000000006fc88 A=0x6fc98
 845500: system.cpu: T0 : 0x1ab86    : c_addi a5, 16              : IntAlu :  D=0x000000000006fc98
 846000: system.cpu: T0 : 0x1ab88    : bne a4, a5, -6             : IntAlu : 
 846500: system.cpu: T0 : 0x1ab82    : c_sd a5, 24(a5)            : MemWrite :  D=0x000000000006fc98 A=0x6fcb0
 847000: system.cpu: T0 : 0x1ab84    : c_sd a5, 16(a5)            : MemWrite :  D=0x000000000006fc98 A=0x6fca8
 847500: system.cpu: T0 : 0x1ab86    : c_addi a5, 16              : IntAlu :  D=0x000000000006fca8
 848000: system.cpu: T0 : 0x1ab88    : bne a4, a5, -6             : IntAlu : 
 848500: system.cpu: T0 : 0x1ab82    : c_sd a5, 24(a5)            : MemWrite :  D=0x000000000006fca8 A=0x6fcc0
 849000: system.cpu: T0 : 0x1ab84    : c_sd a5, 16(a5)            : MemWrite :  D=0x000000000006fca8 A=0x6fcb8
 849500: system.cpu: T0 : 0x1ab86    : c_addi a5, 16              : IntAlu :  D=0x000000000006fcb8
 850000: system.cpu: T0 : 0x1ab88    : bne a4, a5, -6             : IntAlu : 
 850500: system.cpu: T0 : 0x1ab82    : c_sd a5, 24(a5)            : MemWrite :  D=0x000000000006fcb8 A=0x6fcd0
 851000: system.cpu: T0 : 0x1ab84    : c_sd a5, 16(a5)            : MemWrite :  D=0x000000000006fcb8 A=0x6fcc8
 851500: system.cpu: T0 : 0x1ab86    : c_addi a5, 16              : IntAlu :  D=0x000000000006fcc8
 852000: system.cpu: T0 : 0x1ab88    : bne a4, a5, -6             : IntAlu : 
 852500: system.cpu: T0 : 0x1ab82    : c_sd a5, 24(a5)            : MemWrite :  D=0x000000000006fcc8 A=0x6fce0
 853000: system.cpu: T0 : 0x1ab84    : c_sd a5, 16(a5)            : MemWrite :  D=0x000000000006fcc8 A=0x6fcd8
 853500: system.cpu: T0 : 0x1ab86    : c_addi a5, 16              : IntAlu :  D=0x000000000006fcd8
 854000: system.cpu: T0 : 0x1ab88    : bne a4, a5, -6             : IntAlu : 
 854500: system.cpu: T0 : 0x1ab82    : c_sd a5, 24(a5)            : MemWrite :  D=0x000000000006fcd8 A=0x6fcf0
 855000: system.cpu: T0 : 0x1ab84    : c_sd a5, 16(a5)            : MemWrite :  D=0x000000000006fcd8 A=0x6fce8
 855500: system.cpu: T0 : 0x1ab86    : c_addi a5, 16              : IntAlu :  D=0x000000000006fce8
 856000: system.cpu: T0 : 0x1ab88    : bne a4, a5, -6             : IntAlu : 
 856500: system.cpu: T0 : 0x1ab82    : c_sd a5, 24(a5)            : MemWrite :  D=0x000000000006fce8 A=0x6fd00
 857000: system.cpu: T0 : 0x1ab84    : c_sd a5, 16(a5)            : MemWrite :  D=0x000000000006fce8 A=0x6fcf8
 857500: system.cpu: T0 : 0x1ab86    : c_addi a5, 16              : IntAlu :  D=0x000000000006fcf8
 858000: system.cpu: T0 : 0x1ab88    : bne a4, a5, -6             : IntAlu : 
 858500: system.cpu: T0 : 0x1ab82    : c_sd a5, 24(a5)            : MemWrite :  D=0x000000000006fcf8 A=0x6fd10
 859000: system.cpu: T0 : 0x1ab84    : c_sd a5, 16(a5)            : MemWrite :  D=0x000000000006fcf8 A=0x6fd08
 859500: system.cpu: T0 : 0x1ab86    : c_addi a5, 16              : IntAlu :  D=0x000000000006fd08
 860000: system.cpu: T0 : 0x1ab88    : bne a4, a5, -6             : IntAlu : 
 860500: system.cpu: T0 : 0x1ab82    : c_sd a5, 24(a5)            : MemWrite :  D=0x000000000006fd08 A=0x6fd20
 861000: system.cpu: T0 : 0x1ab84    : c_sd a5, 16(a5)            : MemWrite :  D=0x000000000006fd08 A=0x6fd18
 861500: system.cpu: T0 : 0x1ab86    : c_addi a5, 16              : IntAlu :  D=0x000000000006fd18
 862000: system.cpu: T0 : 0x1ab88    : bne a4, a5, -6             : IntAlu : 
 862500: system.cpu: T0 : 0x1ab82    : c_sd a5, 24(a5)            : MemWrite :  D=0x000000000006fd18 A=0x6fd30
 863000: system.cpu: T0 : 0x1ab84    : c_sd a5, 16(a5)            : MemWrite :  D=0x000000000006fd18 A=0x6fd28
 863500: system.cpu: T0 : 0x1ab86    : c_addi a5, 16              : IntAlu :  D=0x000000000006fd28
 864000: system.cpu: T0 : 0x1ab88    : bne a4, a5, -6             : IntAlu : 
 864500: system.cpu: T0 : 0x1ab82    : c_sd a5, 24(a5)            : MemWrite :  D=0x000000000006fd28 A=0x6fd40
 865000: system.cpu: T0 : 0x1ab84    : c_sd a5, 16(a5)            : MemWrite :  D=0x000000000006fd28 A=0x6fd38
 865500: system.cpu: T0 : 0x1ab86    : c_addi a5, 16              : IntAlu :  D=0x000000000006fd38
 866000: system.cpu: T0 : 0x1ab88    : bne a4, a5, -6             : IntAlu : 
 866500: system.cpu: T0 : 0x1ab82    : c_sd a5, 24(a5)            : MemWrite :  D=0x000000000006fd38 A=0x6fd50
 867000: system.cpu: T0 : 0x1ab84    : c_sd a5, 16(a5)            : MemWrite :  D=0x000000000006fd38 A=0x6fd48
 867500: system.cpu: T0 : 0x1ab86    : c_addi a5, 16              : IntAlu :  D=0x000000000006fd48
 868000: system.cpu: T0 : 0x1ab88    : bne a4, a5, -6             : IntAlu : 
 868500: system.cpu: T0 : 0x1ab82    : c_sd a5, 24(a5)            : MemWrite :  D=0x000000000006fd48 A=0x6fd60
 869000: system.cpu: T0 : 0x1ab84    : c_sd a5, 16(a5)            : MemWrite :  D=0x000000000006fd48 A=0x6fd58
 869500: system.cpu: T0 : 0x1ab86    : c_addi a5, 16              : IntAlu :  D=0x000000000006fd58
 870000: system.cpu: T0 : 0x1ab88    : bne a4, a5, -6             : IntAlu : 
 870500: system.cpu: T0 : 0x1ab82    : c_sd a5, 24(a5)            : MemWrite :  D=0x000000000006fd58 A=0x6fd70
 871000: system.cpu: T0 : 0x1ab84    : c_sd a5, 16(a5)            : MemWrite :  D=0x000000000006fd58 A=0x6fd68
 871500: system.cpu: T0 : 0x1ab86    : c_addi a5, 16              : IntAlu :  D=0x000000000006fd68
 872000: system.cpu: T0 : 0x1ab88    : bne a4, a5, -6             : IntAlu : 
 872500: system.cpu: T0 : 0x1ab82    : c_sd a5, 24(a5)            : MemWrite :  D=0x000000000006fd68 A=0x6fd80
 873000: system.cpu: T0 : 0x1ab84    : c_sd a5, 16(a5)            : MemWrite :  D=0x000000000006fd68 A=0x6fd78
 873500: system.cpu: T0 : 0x1ab86    : c_addi a5, 16              : IntAlu :  D=0x000000000006fd78
 874000: system.cpu: T0 : 0x1ab88    : bne a4, a5, -6             : IntAlu : 
 874500: system.cpu: T0 : 0x1ab82    : c_sd a5, 24(a5)            : MemWrite :  D=0x000000000006fd78 A=0x6fd90
 875000: system.cpu: T0 : 0x1ab84    : c_sd a5, 16(a5)            : MemWrite :  D=0x000000000006fd78 A=0x6fd88
 875500: system.cpu: T0 : 0x1ab86    : c_addi a5, 16              : IntAlu :  D=0x000000000006fd88
 876000: system.cpu: T0 : 0x1ab88    : bne a4, a5, -6             : IntAlu : 
 876500: system.cpu: T0 : 0x1ab82    : c_sd a5, 24(a5)            : MemWrite :  D=0x000000000006fd88 A=0x6fda0
 877000: system.cpu: T0 : 0x1ab84    : c_sd a5, 16(a5)            : MemWrite :  D=0x000000000006fd88 A=0x6fd98
 877500: system.cpu: T0 : 0x1ab86    : c_addi a5, 16              : IntAlu :  D=0x000000000006fd98
 878000: system.cpu: T0 : 0x1ab88    : bne a4, a5, -6             : IntAlu : 
 878500: system.cpu: T0 : 0x1ab82    : c_sd a5, 24(a5)            : MemWrite :  D=0x000000000006fd98 A=0x6fdb0
 879000: system.cpu: T0 : 0x1ab84    : c_sd a5, 16(a5)            : MemWrite :  D=0x000000000006fd98 A=0x6fda8
 879500: system.cpu: T0 : 0x1ab86    : c_addi a5, 16              : IntAlu :  D=0x000000000006fda8
 880000: system.cpu: T0 : 0x1ab88    : bne a4, a5, -6             : IntAlu : 
 880500: system.cpu: T0 : 0x1ab82    : c_sd a5, 24(a5)            : MemWrite :  D=0x000000000006fda8 A=0x6fdc0
 881000: system.cpu: T0 : 0x1ab84    : c_sd a5, 16(a5)            : MemWrite :  D=0x000000000006fda8 A=0x6fdb8
 881500: system.cpu: T0 : 0x1ab86    : c_addi a5, 16              : IntAlu :  D=0x000000000006fdb8
 882000: system.cpu: T0 : 0x1ab88    : bne a4, a5, -6             : IntAlu : 
 882500: system.cpu: T0 : 0x1ab82    : c_sd a5, 24(a5)            : MemWrite :  D=0x000000000006fdb8 A=0x6fdd0
 883000: system.cpu: T0 : 0x1ab84    : c_sd a5, 16(a5)            : MemWrite :  D=0x000000000006fdb8 A=0x6fdc8
 883500: system.cpu: T0 : 0x1ab86    : c_addi a5, 16              : IntAlu :  D=0x000000000006fdc8
 884000: system.cpu: T0 : 0x1ab88    : bne a4, a5, -6             : IntAlu : 
 884500: system.cpu: T0 : 0x1ab82    : c_sd a5, 24(a5)            : MemWrite :  D=0x000000000006fdc8 A=0x6fde0
 885000: system.cpu: T0 : 0x1ab84    : c_sd a5, 16(a5)            : MemWrite :  D=0x000000000006fdc8 A=0x6fdd8
 885500: system.cpu: T0 : 0x1ab86    : c_addi a5, 16              : IntAlu :  D=0x000000000006fdd8
 886000: system.cpu: T0 : 0x1ab88    : bne a4, a5, -6             : IntAlu : 
 886500: system.cpu: T0 : 0x1ab82    : c_sd a5, 24(a5)            : MemWrite :  D=0x000000000006fdd8 A=0x6fdf0
 887000: system.cpu: T0 : 0x1ab84    : c_sd a5, 16(a5)            : MemWrite :  D=0x000000000006fdd8 A=0x6fde8
 887500: system.cpu: T0 : 0x1ab86    : c_addi a5, 16              : IntAlu :  D=0x000000000006fde8
 888000: system.cpu: T0 : 0x1ab88    : bne a4, a5, -6             : IntAlu : 
 888500: system.cpu: T0 : 0x1ab82    : c_sd a5, 24(a5)            : MemWrite :  D=0x000000000006fde8 A=0x6fe00
 889000: system.cpu: T0 : 0x1ab84    : c_sd a5, 16(a5)            : MemWrite :  D=0x000000000006fde8 A=0x6fdf8
 889500: system.cpu: T0 : 0x1ab86    : c_addi a5, 16              : IntAlu :  D=0x000000000006fdf8
 890000: system.cpu: T0 : 0x1ab88    : bne a4, a5, -6             : IntAlu : 
 890500: system.cpu: T0 : 0x1ab82    : c_sd a5, 24(a5)            : MemWrite :  D=0x000000000006fdf8 A=0x6fe10
 891000: system.cpu: T0 : 0x1ab84    : c_sd a5, 16(a5)            : MemWrite :  D=0x000000000006fdf8 A=0x6fe08
 891500: system.cpu: T0 : 0x1ab86    : c_addi a5, 16              : IntAlu :  D=0x000000000006fe08
 892000: system.cpu: T0 : 0x1ab88    : bne a4, a5, -6             : IntAlu : 
 892500: system.cpu: T0 : 0x1ab82    : c_sd a5, 24(a5)            : MemWrite :  D=0x000000000006fe08 A=0x6fe20
 893000: system.cpu: T0 : 0x1ab84    : c_sd a5, 16(a5)            : MemWrite :  D=0x000000000006fe08 A=0x6fe18
 893500: system.cpu: T0 : 0x1ab86    : c_addi a5, 16              : IntAlu :  D=0x000000000006fe18
 894000: system.cpu: T0 : 0x1ab88    : bne a4, a5, -6             : IntAlu : 
 894500: system.cpu: T0 : 0x1ab8c    : lui a5, 111                : IntAlu :  D=0x000000000006f000
 895000: system.cpu: T0 : 0x1ab90    : addi a5, a5, 1480          : IntAlu :  D=0x000000000006f5c8
 895500: system.cpu: T0 : 0x1ab94    : beq a0, a5, 24             : IntAlu : 
 896000: system.cpu: T0 : 0x1abac    : addi a4, zero, 128         : IntAlu :  D=0x0000000000000080
 896500: system.cpu: T0 : 0x1abb0    : sd a4, -1376(gp)           : MemWrite :  D=0x0000000000000080 A=0x70ae8
 897000: system.cpu: T0 : 0x1abb4    : addi a5, a0, 8             : IntAlu :  D=0x000000000006f5d0
 897500: system.cpu: T0 : 0x1abb8    : amoswap_w zero, zero, (a5)
 897500: system.cpu: T0 : 0x1abb8. 0 : amoswap_w[l] zero, zero, (a5) : MemRead :  D=0x0000000000000000 A=0x6f5d0
 898000: system.cpu: T0 : 0x1abbc    : c_sd a3, 96(a0)            : MemWrite :  D=0x000000000006f628 A=0x6f628
 898500: system.cpu: T0 : 0x1abbe    : c_jr ra                    : IntAlu : 
 899000: system.cpu: T0 : 0x1af7a    : c_lui a2, 27               : IntAlu :  D=0x000000000001b000
 899500: system.cpu: T0 : 0x1af7c    : addi a2, a2, 1736          : IntAlu :  D=0x000000000001b6c8
 900000: system.cpu: T0 : 0x1af80    : c_mv a1, sp                : IntAlu :  D=0x7ffffffffffffbd0
 900500: system.cpu: T0 : 0x1af82    : c_li a0, 19                : IntAlu :  D=0x0000000000000013
 901000: system.cpu: T0 : 0x1af84    : jal ra, 30082              : IntAlu :  D=0x000000000001af88
 901500: system.cpu: T0 : 0x22506    : c_slli a0, 32              : IntAlu :  D=0x0000001300000000
 902000: system.cpu: T0 : 0x22508    : c_srli a0, 32              : IntAlu :  D=0x0000000000000013
 903000: system.cpu: T0 : 0x2250a    : slli a5, a0, 3             : IntAlu :  D=0x0000000000000098
 903500: system.cpu: T0 : 0x2250e    : c_sub a5, a0               : IntAlu :  D=0x0000000000000085
 904000: system.cpu: T0 : 0x22510    : lui a4, 111                : IntAlu :  D=0x000000000006f000
 904500: system.cpu: T0 : 0x22514    : addi a4, a4, -1248         : IntAlu :  D=0x000000000006eb20
 905000: system.cpu: T0 : 0x22518    : c_slli a5, 3               : IntAlu :  D=0x0000000000000428
 905500: system.cpu: T0 : 0x2251a    : c_add a5, a4               : IntAlu :  D=0x000000000006ef48
 906000: system.cpu: T0 : 0x2251c    : c_lw a3, 8(a5)             : MemRead :  D=0x0000000000000000 A=0x6ef50
 906500: system.cpu: T0 : 0x2251e    : c_li a6, 2                 : IntAlu :  D=0x0000000000000002
 907000: system.cpu: T0 : 0x22520    : c_ld a5, 32(a5)            : MemRead :  D=0x0000000000000000 A=0x6ef68
 908000: system.cpu: T0 : 0x22522    : bltu a6, a3, 42            : IntAlu : 
 908500: system.cpu: T0 : 0x22526    : c_bnez a3, 38              : IntAlu : 
 909000: system.cpu: T0 : 0x22528    : c_sw a5, 0(a1)             : MemWrite :  D=0x0000000000000000 A=0x7ffffffffffffbd0
 910000: system.cpu: T0 : 0x2252a    : slli a5, a0, 3             : IntAlu :  D=0x0000000000000098
 910500: system.cpu: T0 : 0x2252e    : c_sub a5, a0               : IntAlu :  D=0x0000000000000085
 911000: system.cpu: T0 : 0x22530    : c_slli a5, 3               : IntAlu :  D=0x0000000000000428
 912000: system.cpu: T0 : 0x22532    : add a3, a4, a5             : IntAlu :  D=0x000000000006ef48
 913000: system.cpu: T0 : 0x22536    : lbu a3, 40(a3)             : MemRead :  D=0x0000000000000000 A=0x6ef70
 913500: system.cpu: T0 : 0x2253a    : c_beqz a3, 16              : IntAlu : 
 914000: system.cpu: T0 : 0x2254a    : c_jr ra                    : IntAlu : 
 914500: system.cpu: T0 : 0x1af88    : c_lui a2, 27               : IntAlu :  D=0x000000000001b000
 915500: system.cpu: T0 : 0x1af8a    : addi a2, a2, -2036         : IntAlu :  D=0x000000000001a80c
 916000: system.cpu: T0 : 0x1af8e    : c_mv a1, sp                : IntAlu :  D=0x7ffffffffffffbd0
 916500: system.cpu: T0 : 0x1af90    : c_li a0, 7                 : IntAlu :  D=0x0000000000000007
 917500: system.cpu: T0 : 0x1af92    : jal ra, 30068              : IntAlu :  D=0x000000000001af96
 918000: system.cpu: T0 : 0x22506    : c_slli a0, 32              : IntAlu :  D=0x0000000700000000
 918500: system.cpu: T0 : 0x22508    : c_srli a0, 32              : IntAlu :  D=0x0000000000000007
 919500: system.cpu: T0 : 0x2250a    : slli a5, a0, 3             : IntAlu :  D=0x0000000000000038
 920000: system.cpu: T0 : 0x2250e    : c_sub a5, a0               : IntAlu :  D=0x0000000000000031
 920500: system.cpu: T0 : 0x22510    : lui a4, 111                : IntAlu :  D=0x000000000006f000
 921000: system.cpu: T0 : 0x22514    : addi a4, a4, -1248         : IntAlu :  D=0x000000000006eb20
 921500: system.cpu: T0 : 0x22518    : c_slli a5, 3               : IntAlu :  D=0x0000000000000188
 922000: system.cpu: T0 : 0x2251a    : c_add a5, a4               : IntAlu :  D=0x000000000006eca8
 922500: system.cpu: T0 : 0x2251c    : c_lw a3, 8(a5)             : MemRead :  D=0x0000000000000002 A=0x6ecb0
 923000: system.cpu: T0 : 0x2251e    : c_li a6, 2                 : IntAlu :  D=0x0000000000000002
 923500: system.cpu: T0 : 0x22520    : c_ld a5, 32(a5)            : MemRead :  D=0x0000000000000000 A=0x6ecc8
 924500: system.cpu: T0 : 0x22522    : bltu a6, a3, 42            : IntAlu : 
 925000: system.cpu: T0 : 0x22526    : c_bnez a3, 38              : IntAlu : 
 925500: system.cpu: T0 : 0x2254c    : c_sd a5, 0(a1)             : MemWrite :  D=0x0000000000000000 A=0x7ffffffffffffbd0
 926000: system.cpu: T0 : 0x2254e    : c_j -36                    : IntAlu : 
 927000: system.cpu: T0 : 0x2252a    : slli a5, a0, 3             : IntAlu :  D=0x0000000000000038
 927500: system.cpu: T0 : 0x2252e    : c_sub a5, a0               : IntAlu :  D=0x0000000000000031
 928000: system.cpu: T0 : 0x22530    : c_slli a5, 3               : IntAlu :  D=0x0000000000000188
 929000: system.cpu: T0 : 0x22532    : add a3, a4, a5             : IntAlu :  D=0x000000000006eca8
 930000: system.cpu: T0 : 0x22536    : lbu a3, 40(a3)             : MemRead :  D=0x0000000000000000 A=0x6ecd0
 930500: system.cpu: T0 : 0x2253a    : c_beqz a3, 16              : IntAlu : 
 931000: system.cpu: T0 : 0x2254a    : c_jr ra                    : IntAlu : 
 931500: system.cpu: T0 : 0x1af96    : c_lui a2, 27               : IntAlu :  D=0x000000000001b000
 932000: system.cpu: T0 : 0x1af98    : addi a2, a2, -2018         : IntAlu :  D=0x000000000001a81e
 932500: system.cpu: T0 : 0x1af9c    : c_mv a1, sp                : IntAlu :  D=0x7ffffffffffffbd0
 933000: system.cpu: T0 : 0x1af9e    : c_li a0, 2                 : IntAlu :  D=0x0000000000000002
 933500: system.cpu: T0 : 0x1afa0    : jal ra, 30054              : IntAlu :  D=0x000000000001afa4
 934000: system.cpu: T0 : 0x22506    : c_slli a0, 32              : IntAlu :  D=0x0000000200000000
 934500: system.cpu: T0 : 0x22508    : c_srli a0, 32              : IntAlu :  D=0x0000000000000002
 935500: system.cpu: T0 : 0x2250a    : slli a5, a0, 3             : IntAlu :  D=0x0000000000000010
 936000: system.cpu: T0 : 0x2250e    : c_sub a5, a0               : IntAlu :  D=0x000000000000000e
 936500: system.cpu: T0 : 0x22510    : lui a4, 111                : IntAlu :  D=0x000000000006f000
 937000: system.cpu: T0 : 0x22514    : addi a4, a4, -1248         : IntAlu :  D=0x000000000006eb20
 937500: system.cpu: T0 : 0x22518    : c_slli a5, 3               : IntAlu :  D=0x0000000000000070
 938000: system.cpu: T0 : 0x2251a    : c_add a5, a4               : IntAlu :  D=0x000000000006eb90
 938500: system.cpu: T0 : 0x2251c    : c_lw a3, 8(a5)             : MemRead :  D=0x0000000000000000 A=0x6eb98
 939000: system.cpu: T0 : 0x2251e    : c_li a6, 2                 : IntAlu :  D=0x0000000000000002
 939500: system.cpu: T0 : 0x22520    : c_ld a5, 32(a5)            : MemRead :  D=0x0000000000000000 A=0x6ebb0
 940500: system.cpu: T0 : 0x22522    : bltu a6, a3, 42            : IntAlu : 
 941000: system.cpu: T0 : 0x22526    : c_bnez a3, 38              : IntAlu : 
 941500: system.cpu: T0 : 0x22528    : c_sw a5, 0(a1)             : MemWrite :  D=0x0000000000000000 A=0x7ffffffffffffbd0
 942500: system.cpu: T0 : 0x2252a    : slli a5, a0, 3             : IntAlu :  D=0x0000000000000010
 943000: system.cpu: T0 : 0x2252e    : c_sub a5, a0               : IntAlu :  D=0x000000000000000e
 943500: system.cpu: T0 : 0x22530    : c_slli a5, 3               : IntAlu :  D=0x0000000000000070
 944500: system.cpu: T0 : 0x22532    : add a3, a4, a5             : IntAlu :  D=0x000000000006eb90
 945500: system.cpu: T0 : 0x22536    : lbu a3, 40(a3)             : MemRead :  D=0x0000000000000000 A=0x6ebb8
 946000: system.cpu: T0 : 0x2253a    : c_beqz a3, 16              : IntAlu : 
 946500: system.cpu: T0 : 0x2254a    : c_jr ra                    : IntAlu : 
 947000: system.cpu: T0 : 0x1afa4    : c_lui a2, 26               : IntAlu :  D=0x000000000001a000
 948000: system.cpu: T0 : 0x1afa6    : addi a2, a2, 2014          : IntAlu :  D=0x000000000001a7de
 948500: system.cpu: T0 : 0x1afaa    : c_mv a1, sp                : IntAlu :  D=0x7ffffffffffffbd0
 949000: system.cpu: T0 : 0x1afac    : c_li a0, 14                : IntAlu :  D=0x000000000000000e
 950000: system.cpu: T0 : 0x1afae    : jal ra, 30040              : IntAlu :  D=0x000000000001afb2
 950500: system.cpu: T0 : 0x22506    : c_slli a0, 32              : IntAlu :  D=0x0000000e00000000
 951000: system.cpu: T0 : 0x22508    : c_srli a0, 32              : IntAlu :  D=0x000000000000000e
 952000: system.cpu: T0 : 0x2250a    : slli a5, a0, 3             : IntAlu :  D=0x0000000000000070
 952500: system.cpu: T0 : 0x2250e    : c_sub a5, a0               : IntAlu :  D=0x0000000000000062
 953000: system.cpu: T0 : 0x22510    : lui a4, 111                : IntAlu :  D=0x000000000006f000
 953500: system.cpu: T0 : 0x22514    : addi a4, a4, -1248         : IntAlu :  D=0x000000000006eb20
 954000: system.cpu: T0 : 0x22518    : c_slli a5, 3               : IntAlu :  D=0x0000000000000310
 954500: system.cpu: T0 : 0x2251a    : c_add a5, a4               : IntAlu :  D=0x000000000006ee30
 955000: system.cpu: T0 : 0x2251c    : c_lw a3, 8(a5)             : MemRead :  D=0x0000000000000002 A=0x6ee38
 955500: system.cpu: T0 : 0x2251e    : c_li a6, 2                 : IntAlu :  D=0x0000000000000002
 956000: system.cpu: T0 : 0x22520    : c_ld a5, 32(a5)            : MemRead :  D=0x0000000000000000 A=0x6ee50
 957000: system.cpu: T0 : 0x22522    : bltu a6, a3, 42            : IntAlu : 
 957500: system.cpu: T0 : 0x22526    : c_bnez a3, 38              : IntAlu : 
 958000: system.cpu: T0 : 0x2254c    : c_sd a5, 0(a1)             : MemWrite :  D=0x0000000000000000 A=0x7ffffffffffffbd0
 958500: system.cpu: T0 : 0x2254e    : c_j -36                    : IntAlu : 
 959500: system.cpu: T0 : 0x2252a    : slli a5, a0, 3             : IntAlu :  D=0x0000000000000070
 960000: system.cpu: T0 : 0x2252e    : c_sub a5, a0               : IntAlu :  D=0x0000000000000062
 960500: system.cpu: T0 : 0x22530    : c_slli a5, 3               : IntAlu :  D=0x0000000000000310
 961500: system.cpu: T0 : 0x22532    : add a3, a4, a5             : IntAlu :  D=0x000000000006ee30
 962500: system.cpu: T0 : 0x22536    : lbu a3, 40(a3)             : MemRead :  D=0x0000000000000000 A=0x6ee58
 963000: system.cpu: T0 : 0x2253a    : c_beqz a3, 16              : IntAlu : 
 963500: system.cpu: T0 : 0x2254a    : c_jr ra                    : IntAlu : 
 964000: system.cpu: T0 : 0x1afb2    : c_lui a2, 27               : IntAlu :  D=0x000000000001b000
 964500: system.cpu: T0 : 0x1afb4    : addi a2, a2, -2010         : IntAlu :  D=0x000000000001a826
 965000: system.cpu: T0 : 0x1afb8    : c_mv a1, sp                : IntAlu :  D=0x7ffffffffffffbd0
 965500: system.cpu: T0 : 0x1afba    : c_li a0, 1                 : IntAlu :  D=0x0000000000000001
 966000: system.cpu: T0 : 0x1afbc    : jal ra, 30026              : IntAlu :  D=0x000000000001afc0
 966500: system.cpu: T0 : 0x22506    : c_slli a0, 32              : IntAlu :  D=0x0000000100000000
 967000: system.cpu: T0 : 0x22508    : c_srli a0, 32              : IntAlu :  D=0x0000000000000001
 968000: system.cpu: T0 : 0x2250a    : slli a5, a0, 3             : IntAlu :  D=0x0000000000000008
 968500: system.cpu: T0 : 0x2250e    : c_sub a5, a0               : IntAlu :  D=0x0000000000000007
 969000: system.cpu: T0 : 0x22510    : lui a4, 111                : IntAlu :  D=0x000000000006f000
 969500: system.cpu: T0 : 0x22514    : addi a4, a4, -1248         : IntAlu :  D=0x000000000006eb20
 970000: system.cpu: T0 : 0x22518    : c_slli a5, 3               : IntAlu :  D=0x0000000000000038
 970500: system.cpu: T0 : 0x2251a    : c_add a5, a4               : IntAlu :  D=0x000000000006eb58
 971000: system.cpu: T0 : 0x2251c    : c_lw a3, 8(a5)             : MemRead :  D=0x0000000000000002 A=0x6eb60
 971500: system.cpu: T0 : 0x2251e    : c_li a6, 2                 : IntAlu :  D=0x0000000000000002
 972000: system.cpu: T0 : 0x22520    : c_ld a5, 32(a5)            : MemRead :  D=0x0000000000000000 A=0x6eb78
 973000: system.cpu: T0 : 0x22522    : bltu a6, a3, 42            : IntAlu : 
 973500: system.cpu: T0 : 0x22526    : c_bnez a3, 38              : IntAlu : 
 974000: system.cpu: T0 : 0x2254c    : c_sd a5, 0(a1)             : MemWrite :  D=0x0000000000000000 A=0x7ffffffffffffbd0
 974500: system.cpu: T0 : 0x2254e    : c_j -36                    : IntAlu : 
 975500: system.cpu: T0 : 0x2252a    : slli a5, a0, 3             : IntAlu :  D=0x0000000000000008
 976000: system.cpu: T0 : 0x2252e    : c_sub a5, a0               : IntAlu :  D=0x0000000000000007
 976500: system.cpu: T0 : 0x22530    : c_slli a5, 3               : IntAlu :  D=0x0000000000000038
 977500: system.cpu: T0 : 0x22532    : add a3, a4, a5             : IntAlu :  D=0x000000000006eb58
 978500: system.cpu: T0 : 0x22536    : lbu a3, 40(a3)             : MemRead :  D=0x0000000000000000 A=0x6eb80
 979000: system.cpu: T0 : 0x2253a    : c_beqz a3, 16              : IntAlu : 
 979500: system.cpu: T0 : 0x2254a    : c_jr ra                    : IntAlu : 
 980000: system.cpu: T0 : 0x1afc0    : c_lui a2, 26               : IntAlu :  D=0x000000000001a000
 981000: system.cpu: T0 : 0x1afc2    : addi a2, a2, 2042          : IntAlu :  D=0x000000000001a7fa
 981500: system.cpu: T0 : 0x1afc6    : c_mv a1, sp                : IntAlu :  D=0x7ffffffffffffbd0
 982000: system.cpu: T0 : 0x1afc8    : c_li a0, 9                 : IntAlu :  D=0x0000000000000009
 983000: system.cpu: T0 : 0x1afca    : jal ra, 30012              : IntAlu :  D=0x000000000001afce
 983500: system.cpu: T0 : 0x22506    : c_slli a0, 32              : IntAlu :  D=0x0000000900000000
 984000: system.cpu: T0 : 0x22508    : c_srli a0, 32              : IntAlu :  D=0x0000000000000009
 985000: system.cpu: T0 : 0x2250a    : slli a5, a0, 3             : IntAlu :  D=0x0000000000000048
 985500: system.cpu: T0 : 0x2250e    : c_sub a5, a0               : IntAlu :  D=0x000000000000003f
 986000: system.cpu: T0 : 0x22510    : lui a4, 111                : IntAlu :  D=0x000000000006f000
 986500: system.cpu: T0 : 0x22514    : addi a4, a4, -1248         : IntAlu :  D=0x000000000006eb20
 987000: system.cpu: T0 : 0x22518    : c_slli a5, 3               : IntAlu :  D=0x00000000000001f8
 987500: system.cpu: T0 : 0x2251a    : c_add a5, a4               : IntAlu :  D=0x000000000006ed18
 988000: system.cpu: T0 : 0x2251c    : c_lw a3, 8(a5)             : MemRead :  D=0x0000000000000000 A=0x6ed20
 988500: system.cpu: T0 : 0x2251e    : c_li a6, 2                 : IntAlu :  D=0x0000000000000002
 989000: system.cpu: T0 : 0x22520    : c_ld a5, 32(a5)            : MemRead :  D=0x0000000000000000 A=0x6ed38
 990000: system.cpu: T0 : 0x22522    : bltu a6, a3, 42            : IntAlu : 
 990500: system.cpu: T0 : 0x22526    : c_bnez a3, 38              : IntAlu : 
 991000: system.cpu: T0 : 0x22528    : c_sw a5, 0(a1)             : MemWrite :  D=0x0000000000000000 A=0x7ffffffffffffbd0
 992000: system.cpu: T0 : 0x2252a    : slli a5, a0, 3             : IntAlu :  D=0x0000000000000048
 992500: system.cpu: T0 : 0x2252e    : c_sub a5, a0               : IntAlu :  D=0x000000000000003f
 993000: system.cpu: T0 : 0x22530    : c_slli a5, 3               : IntAlu :  D=0x00000000000001f8
 994000: system.cpu: T0 : 0x22532    : add a3, a4, a5             : IntAlu :  D=0x000000000006ed18
 995000: system.cpu: T0 : 0x22536    : lbu a3, 40(a3)             : MemRead :  D=0x0000000000000000 A=0x6ed40
 995500: system.cpu: T0 : 0x2253a    : c_beqz a3, 16              : IntAlu : 
 996000: system.cpu: T0 : 0x2254a    : c_jr ra                    : IntAlu : 
 996500: system.cpu: T0 : 0x1afce    : c_lui a2, 27               : IntAlu :  D=0x000000000001b000
 997000: system.cpu: T0 : 0x1afd0    : addi a2, a2, -1992         : IntAlu :  D=0x000000000001a838
 997500: system.cpu: T0 : 0x1afd4    : c_mv a1, sp                : IntAlu :  D=0x7ffffffffffffbd0
 998000: system.cpu: T0 : 0x1afd6    : c_li a0, 13                : IntAlu :  D=0x000000000000000d
 998500: system.cpu: T0 : 0x1afd8    : jal ra, 29998              : IntAlu :  D=0x000000000001afdc
 999000: system.cpu: T0 : 0x22506    : c_slli a0, 32              : IntAlu :  D=0x0000000d00000000
 999500: system.cpu: T0 : 0x22508    : c_srli a0, 32              : IntAlu :  D=0x000000000000000d
1000500: system.cpu: T0 : 0x2250a    : slli a5, a0, 3             : IntAlu :  D=0x0000000000000068
1001000: system.cpu: T0 : 0x2250e    : c_sub a5, a0               : IntAlu :  D=0x000000000000005b
1001500: system.cpu: T0 : 0x22510    : lui a4, 111                : IntAlu :  D=0x000000000006f000
1002000: system.cpu: T0 : 0x22514    : addi a4, a4, -1248         : IntAlu :  D=0x000000000006eb20
1002500: system.cpu: T0 : 0x22518    : c_slli a5, 3               : IntAlu :  D=0x00000000000002d8
1003000: system.cpu: T0 : 0x2251a    : c_add a5, a4               : IntAlu :  D=0x000000000006edf8
1003500: system.cpu: T0 : 0x2251c    : c_lw a3, 8(a5)             : MemRead :  D=0x0000000000000002 A=0x6ee00
1004000: system.cpu: T0 : 0x2251e    : c_li a6, 2                 : IntAlu :  D=0x0000000000000002
1004500: system.cpu: T0 : 0x22520    : c_ld a5, 32(a5)            : MemRead :  D=0x0000000000000000 A=0x6ee18
1005500: system.cpu: T0 : 0x22522    : bltu a6, a3, 42            : IntAlu : 
1006000: system.cpu: T0 : 0x22526    : c_bnez a3, 38              : IntAlu : 
1006500: system.cpu: T0 : 0x2254c    : c_sd a5, 0(a1)             : MemWrite :  D=0x0000000000000000 A=0x7ffffffffffffbd0
1007000: system.cpu: T0 : 0x2254e    : c_j -36                    : IntAlu : 
1008000: system.cpu: T0 : 0x2252a    : slli a5, a0, 3             : IntAlu :  D=0x0000000000000068
1008500: system.cpu: T0 : 0x2252e    : c_sub a5, a0               : IntAlu :  D=0x000000000000005b
1009000: system.cpu: T0 : 0x22530    : c_slli a5, 3               : IntAlu :  D=0x00000000000002d8
1010000: system.cpu: T0 : 0x22532    : add a3, a4, a5             : IntAlu :  D=0x000000000006edf8
1011000: system.cpu: T0 : 0x22536    : lbu a3, 40(a3)             : MemRead :  D=0x0000000000000000 A=0x6ee20
1011500: system.cpu: T0 : 0x2253a    : c_beqz a3, 16              : IntAlu : 
1012000: system.cpu: T0 : 0x2254a    : c_jr ra                    : IntAlu : 
1012500: system.cpu: T0 : 0x1afdc    : c_lui a2, 27               : IntAlu :  D=0x000000000001b000
1013500: system.cpu: T0 : 0x1afde    : addi a2, a2, -1980         : IntAlu :  D=0x000000000001a844
1014000: system.cpu: T0 : 0x1afe2    : c_mv a1, sp                : IntAlu :  D=0x7ffffffffffffbd0
1014500: system.cpu: T0 : 0x1afe4    : c_li a0, 16                : IntAlu :  D=0x0000000000000010
1015500: system.cpu: T0 : 0x1afe6    : jal ra, 29984              : IntAlu :  D=0x000000000001afea
1016000: system.cpu: T0 : 0x22506    : c_slli a0, 32              : IntAlu :  D=0x0000001000000000
1016500: system.cpu: T0 : 0x22508    : c_srli a0, 32              : IntAlu :  D=0x0000000000000010
1017500: system.cpu: T0 : 0x2250a    : slli a5, a0, 3             : IntAlu :  D=0x0000000000000080
1018000: system.cpu: T0 : 0x2250e    : c_sub a5, a0               : IntAlu :  D=0x0000000000000070
1018500: system.cpu: T0 : 0x22510    : lui a4, 111                : IntAlu :  D=0x000000000006f000
1019000: system.cpu: T0 : 0x22514    : addi a4, a4, -1248         : IntAlu :  D=0x000000000006eb20
1019500: system.cpu: T0 : 0x22518    : c_slli a5, 3               : IntAlu :  D=0x0000000000000380
1020000: system.cpu: T0 : 0x2251a    : c_add a5, a4               : IntAlu :  D=0x000000000006eea0
1020500: system.cpu: T0 : 0x2251c    : c_lw a3, 8(a5)             : MemRead :  D=0x0000000000000002 A=0x6eea8
1021000: system.cpu: T0 : 0x2251e    : c_li a6, 2                 : IntAlu :  D=0x0000000000000002
1021500: system.cpu: T0 : 0x22520    : c_ld a5, 32(a5)            : MemRead :  D=0x0000000000000000 A=0x6eec0
1022500: system.cpu: T0 : 0x22522    : bltu a6, a3, 42            : IntAlu : 
1023000: system.cpu: T0 : 0x22526    : c_bnez a3, 38              : IntAlu : 
1023500: system.cpu: T0 : 0x2254c    : c_sd a5, 0(a1)             : MemWrite :  D=0x0000000000000000 A=0x7ffffffffffffbd0
1024000: system.cpu: T0 : 0x2254e    : c_j -36                    : IntAlu : 
1025000: system.cpu: T0 : 0x2252a    : slli a5, a0, 3             : IntAlu :  D=0x0000000000000080
1025500: system.cpu: T0 : 0x2252e    : c_sub a5, a0               : IntAlu :  D=0x0000000000000070
1026000: system.cpu: T0 : 0x22530    : c_slli a5, 3               : IntAlu :  D=0x0000000000000380
1027000: system.cpu: T0 : 0x22532    : add a3, a4, a5             : IntAlu :  D=0x000000000006eea0
1028000: system.cpu: T0 : 0x22536    : lbu a3, 40(a3)             : MemRead :  D=0x0000000000000000 A=0x6eec8
1028500: system.cpu: T0 : 0x2253a    : c_beqz a3, 16              : IntAlu : 
1029000: system.cpu: T0 : 0x2254a    : c_jr ra                    : IntAlu : 
1029500: system.cpu: T0 : 0x1afea    : c_lui a2, 27               : IntAlu :  D=0x000000000001b000
1030000: system.cpu: T0 : 0x1afec    : addi a2, a2, -1968         : IntAlu :  D=0x000000000001a850
1030500: system.cpu: T0 : 0x1aff0    : c_mv a1, sp                : IntAlu :  D=0x7ffffffffffffbd0
1031000: system.cpu: T0 : 0x1aff2    : c_li a0, 18                : IntAlu :  D=0x0000000000000012
1031500: system.cpu: T0 : 0x1aff4    : jal ra, 29970              : IntAlu :  D=0x000000000001aff8
1032000: system.cpu: T0 : 0x22506    : c_slli a0, 32              : IntAlu :  D=0x0000001200000000
1032500: system.cpu: T0 : 0x22508    : c_srli a0, 32              : IntAlu :  D=0x0000000000000012
1033500: system.cpu: T0 : 0x2250a    : slli a5, a0, 3             : IntAlu :  D=0x0000000000000090
1034000: system.cpu: T0 : 0x2250e    : c_sub a5, a0               : IntAlu :  D=0x000000000000007e
1034500: system.cpu: T0 : 0x22510    : lui a4, 111                : IntAlu :  D=0x000000000006f000
1035000: system.cpu: T0 : 0x22514    : addi a4, a4, -1248         : IntAlu :  D=0x000000000006eb20
1035500: system.cpu: T0 : 0x22518    : c_slli a5, 3               : IntAlu :  D=0x00000000000003f0
1036000: system.cpu: T0 : 0x2251a    : c_add a5, a4               : IntAlu :  D=0x000000000006ef10
1036500: system.cpu: T0 : 0x2251c    : c_lw a3, 8(a5)             : MemRead :  D=0x0000000000000002 A=0x6ef18
1037000: system.cpu: T0 : 0x2251e    : c_li a6, 2                 : IntAlu :  D=0x0000000000000002
1037500: system.cpu: T0 : 0x22520    : c_ld a5, 32(a5)            : MemRead :  D=0x0000000000000000 A=0x6ef30
1038500: system.cpu: T0 : 0x22522    : bltu a6, a3, 42            : IntAlu : 
1039000: system.cpu: T0 : 0x22526    : c_bnez a3, 38              : IntAlu : 
1039500: system.cpu: T0 : 0x2254c    : c_sd a5, 0(a1)             : MemWrite :  D=0x0000000000000000 A=0x7ffffffffffffbd0
1040000: system.cpu: T0 : 0x2254e    : c_j -36                    : IntAlu : 
1041000: system.cpu: T0 : 0x2252a    : slli a5, a0, 3             : IntAlu :  D=0x0000000000000090
1041500: system.cpu: T0 : 0x2252e    : c_sub a5, a0               : IntAlu :  D=0x000000000000007e
1042000: system.cpu: T0 : 0x22530    : c_slli a5, 3               : IntAlu :  D=0x00000000000003f0
1043000: system.cpu: T0 : 0x22532    : add a3, a4, a5             : IntAlu :  D=0x000000000006ef10
1044000: system.cpu: T0 : 0x22536    : lbu a3, 40(a3)             : MemRead :  D=0x0000000000000000 A=0x6ef38
1044500: system.cpu: T0 : 0x2253a    : c_beqz a3, 16              : IntAlu : 
1045000: system.cpu: T0 : 0x2254a    : c_jr ra                    : IntAlu : 
1045500: system.cpu: T0 : 0x1aff8    : c_lui a2, 27               : IntAlu :  D=0x000000000001b000
1046500: system.cpu: T0 : 0x1affa    : addi a2, a2, -1922         : IntAlu :  D=0x000000000001a87e
1047000: system.cpu: T0 : 0x1affe    : c_mv a1, sp                : IntAlu :  D=0x7ffffffffffffbd0
1047500: system.cpu: T0 : 0x1b000    : c_li a0, 15                : IntAlu :  D=0x000000000000000f
1048500: system.cpu: T0 : 0x1b002    : jal ra, 29956              : IntAlu :  D=0x000000000001b006
1049000: system.cpu: T0 : 0x22506    : c_slli a0, 32              : IntAlu :  D=0x0000000f00000000
1049500: system.cpu: T0 : 0x22508    : c_srli a0, 32              : IntAlu :  D=0x000000000000000f
1050500: system.cpu: T0 : 0x2250a    : slli a5, a0, 3             : IntAlu :  D=0x0000000000000078
1051000: system.cpu: T0 : 0x2250e    : c_sub a5, a0               : IntAlu :  D=0x0000000000000069
1051500: system.cpu: T0 : 0x22510    : lui a4, 111                : IntAlu :  D=0x000000000006f000
1052000: system.cpu: T0 : 0x22514    : addi a4, a4, -1248         : IntAlu :  D=0x000000000006eb20
1052500: system.cpu: T0 : 0x22518    : c_slli a5, 3               : IntAlu :  D=0x0000000000000348
1053000: system.cpu: T0 : 0x2251a    : c_add a5, a4               : IntAlu :  D=0x000000000006ee68
1053500: system.cpu: T0 : 0x2251c    : c_lw a3, 8(a5)             : MemRead :  D=0x0000000000000002 A=0x6ee70
1054000: system.cpu: T0 : 0x2251e    : c_li a6, 2                 : IntAlu :  D=0x0000000000000002
1054500: system.cpu: T0 : 0x22520    : c_ld a5, 32(a5)            : MemRead :  D=0x0000000000000000 A=0x6ee88
1055500: system.cpu: T0 : 0x22522    : bltu a6, a3, 42            : IntAlu : 
1056000: system.cpu: T0 : 0x22526    : c_bnez a3, 38              : IntAlu : 
1056500: system.cpu: T0 : 0x2254c    : c_sd a5, 0(a1)             : MemWrite :  D=0x0000000000000000 A=0x7ffffffffffffbd0
1057000: system.cpu: T0 : 0x2254e    : c_j -36                    : IntAlu : 
1058000: system.cpu: T0 : 0x2252a    : slli a5, a0, 3             : IntAlu :  D=0x0000000000000078
1058500: system.cpu: T0 : 0x2252e    : c_sub a5, a0               : IntAlu :  D=0x0000000000000069
1059000: system.cpu: T0 : 0x22530    : c_slli a5, 3               : IntAlu :  D=0x0000000000000348
1060000: system.cpu: T0 : 0x22532    : add a3, a4, a5             : IntAlu :  D=0x000000000006ee68
1061000: system.cpu: T0 : 0x22536    : lbu a3, 40(a3)             : MemRead :  D=0x0000000000000000 A=0x6ee90
1061500: system.cpu: T0 : 0x2253a    : c_beqz a3, 16              : IntAlu : 
1062000: system.cpu: T0 : 0x2254a    : c_jr ra                    : IntAlu : 
1062500: system.cpu: T0 : 0x1b006    : c_lui a2, 27               : IntAlu :  D=0x000000000001b000
1063000: system.cpu: T0 : 0x1b008    : addi a2, a2, -1902         : IntAlu :  D=0x000000000001a892
1063500: system.cpu: T0 : 0x1b00c    : c_mv a1, sp                : IntAlu :  D=0x7ffffffffffffbd0
1064000: system.cpu: T0 : 0x1b00e    : c_li a0, 11                : IntAlu :  D=0x000000000000000b
1064500: system.cpu: T0 : 0x1b010    : jal ra, 29942              : IntAlu :  D=0x000000000001b014
1065000: system.cpu: T0 : 0x22506    : c_slli a0, 32              : IntAlu :  D=0x0000000b00000000
1065500: system.cpu: T0 : 0x22508    : c_srli a0, 32              : IntAlu :  D=0x000000000000000b
1066500: system.cpu: T0 : 0x2250a    : slli a5, a0, 3             : IntAlu :  D=0x0000000000000058
1067000: system.cpu: T0 : 0x2250e    : c_sub a5, a0               : IntAlu :  D=0x000000000000004d
1067500: system.cpu: T0 : 0x22510    : lui a4, 111                : IntAlu :  D=0x000000000006f000
1068000: system.cpu: T0 : 0x22514    : addi a4, a4, -1248         : IntAlu :  D=0x000000000006eb20
1068500: system.cpu: T0 : 0x22518    : c_slli a5, 3               : IntAlu :  D=0x0000000000000268
1069000: system.cpu: T0 : 0x2251a    : c_add a5, a4               : IntAlu :  D=0x000000000006ed88
1069500: system.cpu: T0 : 0x2251c    : c_lw a3, 8(a5)             : MemRead :  D=0x0000000000000002 A=0x6ed90
1070000: system.cpu: T0 : 0x2251e    : c_li a6, 2                 : IntAlu :  D=0x0000000000000002
1070500: system.cpu: T0 : 0x22520    : c_ld a5, 32(a5)            : MemRead :  D=0x0000000000000000 A=0x6eda8
1071500: system.cpu: T0 : 0x22522    : bltu a6, a3, 42            : IntAlu : 
1072000: system.cpu: T0 : 0x22526    : c_bnez a3, 38              : IntAlu : 
1072500: system.cpu: T0 : 0x2254c    : c_sd a5, 0(a1)             : MemWrite :  D=0x0000000000000000 A=0x7ffffffffffffbd0
1073000: system.cpu: T0 : 0x2254e    : c_j -36                    : IntAlu : 
1074000: system.cpu: T0 : 0x2252a    : slli a5, a0, 3             : IntAlu :  D=0x0000000000000058
1074500: system.cpu: T0 : 0x2252e    : c_sub a5, a0               : IntAlu :  D=0x000000000000004d
1075000: system.cpu: T0 : 0x22530    : c_slli a5, 3               : IntAlu :  D=0x0000000000000268
1076000: system.cpu: T0 : 0x22532    : add a3, a4, a5             : IntAlu :  D=0x000000000006ed88
1077000: system.cpu: T0 : 0x22536    : lbu a3, 40(a3)             : MemRead :  D=0x0000000000000000 A=0x6edb0
1077500: system.cpu: T0 : 0x2253a    : c_beqz a3, 16              : IntAlu : 
1078000: system.cpu: T0 : 0x2254a    : c_jr ra                    : IntAlu : 
1078500: system.cpu: T0 : 0x1b014    : c_lui a2, 27               : IntAlu :  D=0x000000000001b000
1079500: system.cpu: T0 : 0x1b016    : addi a2, a2, -1890         : IntAlu :  D=0x000000000001a89e
1080000: system.cpu: T0 : 0x1b01a    : c_mv a1, sp                : IntAlu :  D=0x7ffffffffffffbd0
1080500: system.cpu: T0 : 0x1b01c    : c_li a0, 5                 : IntAlu :  D=0x0000000000000005
1081500: system.cpu: T0 : 0x1b01e    : jal ra, 29928              : IntAlu :  D=0x000000000001b022
1082000: system.cpu: T0 : 0x22506    : c_slli a0, 32              : IntAlu :  D=0x0000000500000000
1082500: system.cpu: T0 : 0x22508    : c_srli a0, 32              : IntAlu :  D=0x0000000000000005
1083500: system.cpu: T0 : 0x2250a    : slli a5, a0, 3             : IntAlu :  D=0x0000000000000028
1084000: system.cpu: T0 : 0x2250e    : c_sub a5, a0               : IntAlu :  D=0x0000000000000023
1084500: system.cpu: T0 : 0x22510    : lui a4, 111                : IntAlu :  D=0x000000000006f000
1085000: system.cpu: T0 : 0x22514    : addi a4, a4, -1248         : IntAlu :  D=0x000000000006eb20
1085500: system.cpu: T0 : 0x22518    : c_slli a5, 3               : IntAlu :  D=0x0000000000000118
1086000: system.cpu: T0 : 0x2251a    : c_add a5, a4               : IntAlu :  D=0x000000000006ec38
1086500: system.cpu: T0 : 0x2251c    : c_lw a3, 8(a5)             : MemRead :  D=0x0000000000000002 A=0x6ec40
1087000: system.cpu: T0 : 0x2251e    : c_li a6, 2                 : IntAlu :  D=0x0000000000000002
1087500: system.cpu: T0 : 0x22520    : c_ld a5, 32(a5)            : MemRead :  D=0x0000000000000000 A=0x6ec58
1088500: system.cpu: T0 : 0x22522    : bltu a6, a3, 42            : IntAlu : 
1089000: system.cpu: T0 : 0x22526    : c_bnez a3, 38              : IntAlu : 
1089500: system.cpu: T0 : 0x2254c    : c_sd a5, 0(a1)             : MemWrite :  D=0x0000000000000000 A=0x7ffffffffffffbd0
1090000: system.cpu: T0 : 0x2254e    : c_j -36                    : IntAlu : 
1091000: system.cpu: T0 : 0x2252a    : slli a5, a0, 3             : IntAlu :  D=0x0000000000000028
1091500: system.cpu: T0 : 0x2252e    : c_sub a5, a0               : IntAlu :  D=0x0000000000000023
1092000: system.cpu: T0 : 0x22530    : c_slli a5, 3               : IntAlu :  D=0x0000000000000118
1093000: system.cpu: T0 : 0x22532    : add a3, a4, a5             : IntAlu :  D=0x000000000006ec38
1094000: system.cpu: T0 : 0x22536    : lbu a3, 40(a3)             : MemRead :  D=0x0000000000000000 A=0x6ec60
1094500: system.cpu: T0 : 0x2253a    : c_beqz a3, 16              : IntAlu : 
1095000: system.cpu: T0 : 0x2254a    : c_jr ra                    : IntAlu : 
1095500: system.cpu: T0 : 0x1b022    : c_ldsp a4, 8(sp)           : MemRead :  D=0x2f2e2e0000000000 A=0x7ffffffffffffbd8
1096000: system.cpu: T0 : 0x1b024    : ld a5, -1264(s1)           : MemRead :  D=0x2f2e2e0000000000 A=0x6eb10
1096500: system.cpu: T0 : 0x1b028    : c_li a3, 1                 : IntAlu :  D=0x0000000000000001
1097500: system.cpu: T0 : 0x1b02a    : sw a3, -1876(gp)           : MemWrite :  D=0x0000000000000001 A=0x708f4
1098500: system.cpu: T0 : 0x1b02e    : bne a4, a5, 14             : IntAlu : 
1099000: system.cpu: T0 : 0x1b032    : c_ldsp ra, 40(sp)          : MemRead :  D=0x000000000001de04 A=0x7ffffffffffffbf8
1099500: system.cpu: T0 : 0x1b034    : c_ldsp s0, 32(sp)          : MemRead :  D=0x7ffffffffffffcf0 A=0x7ffffffffffffbf0
1100000: system.cpu: T0 : 0x1b036    : c_ldsp s1, 24(sp)          : MemRead :  D=0x7ffffffffffffc20 A=0x7ffffffffffffbe8
1100500: system.cpu: T0 : 0x1b038    : c_addi16sp sp, 48          : IntAlu :  D=0x7ffffffffffffc00
1101000: system.cpu: T0 : 0x1b03a    : c_jr ra                    : IntAlu : 
1101500: system.cpu: T0 : 0x1de04    : c_ldsp a0, 8(sp)           : MemRead :  D=0x0000000000000024 A=0x7ffffffffffffc08
1102000: system.cpu: T0 : 0x1de06    : c_ldsp ra, 24(sp)          : MemRead :  D=0x000000000003dcc2 A=0x7ffffffffffffc18
1102500: system.cpu: T0 : 0x1de08    : c_addi16sp sp, 32          : IntAlu :  D=0x7ffffffffffffc20
1103000: system.cpu: T0 : 0x1de0a    : c_j -540                   : IntAlu : 
1104000: system.cpu: T0 : 0x1dbee    : ld t1, -1848(gp)           : MemRead :  D=0x0000000000000000 A=0x70910
1105000: system.cpu: T0 : 0x1dbf2    : bne t1, zero, 260          : IntAlu : 
1105500: system.cpu: T0 : 0x1dbf6    : c_addi sp, -32             : IntAlu :  D=0x7ffffffffffffc00
1106000: system.cpu: T0 : 0x1dbf8    : c_sdsp s0, 16(sp)          : MemWrite :  D=0x7ffffffffffffcf0 A=0x7ffffffffffffc10
1106500: system.cpu: T0 : 0x1dbfa    : c_sdsp ra, 24(sp)          : MemWrite :  D=0x000000000003dcc2 A=0x7ffffffffffffc18
1107000: system.cpu: T0 : 0x1dbfc    : c_sdsp s1, 8(sp)           : MemWrite :  D=0x7ffffffffffffc20 A=0x7ffffffffffffc08
1107500: system.cpu: T0 : 0x1dbfe    : c_sdsp s2, 0(sp)           : MemWrite :  D=0x0000000000000002 A=0x7ffffffffffffc00
1108000: system.cpu: T0 : 0x1dc00    : c_mv s0, a0                : IntAlu :  D=0x0000000000000024
1109000: system.cpu: T0 : 0x1dc02    : blt a0, zero, 222          : IntAlu : 
1110000: system.cpu: T0 : 0x1dc06    : addi a5, a0, 23            : IntAlu :  D=0x000000000000003b
1110500: system.cpu: T0 : 0x1dc0a    : c_li a4, 31                : IntAlu :  D=0x000000000000001f
1111000: system.cpu: T0 : 0x1dc0c    : c_li s1, 0                 : IntAlu :  D=0x0000000000000000
1112000: system.cpu: T0 : 0x1dc0e    : bltu a4, a5, 94            : IntAlu : 
1112500: system.cpu: T0 : 0x1dc6c    : c_andi a5, 18446744073709551600 : IntAlu :  D=0x0000000000000030
1113000: system.cpu: T0 : 0x1dc6e    : c_addi a5, -17             : IntAlu :  D=0x000000000000001f
1113500: system.cpu: T0 : 0x1dc70    : srli s1, a5, 4             : IntAlu :  D=0x0000000000000001
1114000: system.cpu: T0 : 0x1dc74    : c_j -98                    : IntAlu : 
1115000: system.cpu: T0 : 0x1dc12    : ld a4, 40(tp)              : MemRead :  D=0x0000000000000000 A=0x72738
1115500: system.cpu: T0 : 0x1dc16    : c_beqz a4, 96              : IntAlu : 
1116500: system.cpu: T0 : 0x1dc76    : lbu a5, 48(tp)             : MemRead :  D=0x0000000000000000 A=0x72740
1117000: system.cpu: T0 : 0x1dc7a    : c_bnez a5, -86             : IntAlu : 
1117500: system.cpu: T0 : 0x1dc7c    : jal ra, -2480              : IntAlu :  D=0x000000000001dc80
1118000: system.cpu: T0 : 0x1d2cc    : c_addi sp, -32             : IntAlu :  D=0x7ffffffffffffbe0
1118500: system.cpu: T0 : 0x1d2ce    : c_sdsp s0, 16(sp)          : MemWrite :  D=0x0000000000000024 A=0x7ffffffffffffbf0
1119000: system.cpu: T0 : 0x1d2d0    : ld s0, 56(tp)              : MemRead :  D=0x000000000006f5c8 A=0x72748
1119500: system.cpu: T0 : 0x1d2d4    : c_sdsp ra, 24(sp)          : MemWrite :  D=0x000000000001dc80 A=0x7ffffffffffffbf8
1120000: system.cpu: T0 : 0x1d2d6    : c_sdsp s1, 8(sp)           : MemWrite :  D=0x0000000000000001 A=0x7ffffffffffffbe8
1120500: system.cpu: T0 : 0x1d2d8    : c_beqz s0, 78              : IntAlu : 
1121000: system.cpu: T0 : 0x1d2da    : c_mv s1, s0                : IntAlu :  D=0x000000000006f5c8
1121500: system.cpu: T0 : 0x1d2dc    : c_li a4, 1                 : IntAlu :  D=0x0000000000000001
1122500: system.cpu: T0 : 0x1d2de    : lr_w a5, (s0)             
1122500: system.cpu: T0 : 0x1d2de. 0 : lr_w a5, (s0)              : MemRead :  D=0x0000000000000000 A=0x6f5c8
1123000: system.cpu: T0 : 0x1d2e2    : c_bnez a5, 8               : IntAlu : 
1123500: system.cpu: T0 : 0x1d2e4    : sc_w_aq a3, a4, (s0)      
1123500: system.cpu: T0 : 0x1d2e4. 0 : sc_w a3, a4, (s0)          : MemWrite :  D=0x0000000000000000 A=0x6f5c8
1124000: system.cpu: T0 : 0x1d2e4. 1 : 0x1ce426af fence           : No_OpClass : 
1124500: system.cpu: T0 : 0x1d2e8    : c_bnez a3, -10             : IntAlu : 
1125000: system.cpu: T0 : 0x1d2ea    : c_addiw a5, 0              : IntAlu :  D=0x0000000000000000
1125500: system.cpu: T0 : 0x1d2ec    : c_bnez a5, 162             : IntAlu : 
1126500: system.cpu: T0 : 0x1d2ee    : addi a1, zero, 640         : IntAlu :  D=0x0000000000000280
1127000: system.cpu: T0 : 0x1d2f2    : c_mv a0, s0                : IntAlu :  D=0x000000000006f5c8
1127500: system.cpu: T0 : 0x1d2f4    : jal ra, -2862              : IntAlu :  D=0x000000000001d2f8
1128000: system.cpu: T0 : 0x1c7c6    : c_addi16sp sp, -256        : IntAlu :  D=0x7ffffffffffffae0
1128500: system.cpu: T0 : 0x1c7c8    : c_sdsp ra, 248(sp)         : MemWrite :  D=0x000000000001d2f8 A=0x7ffffffffffffbd8
1129000: system.cpu: T0 : 0x1c7ca    : c_sdsp s0, 240(sp)         : MemWrite :  D=0x000000000006f5c8 A=0x7ffffffffffffbd0
1129500: system.cpu: T0 : 0x1c7cc    : c_sdsp s1, 232(sp)         : MemWrite :  D=0x000000000006f5c8 A=0x7ffffffffffffbc8
1130000: system.cpu: T0 : 0x1c7ce    : c_sdsp s2, 224(sp)         : MemWrite :  D=0x0000000000000002 A=0x7ffffffffffffbc0
1130500: system.cpu: T0 : 0x1c7d0    : c_sdsp s3, 216(sp)         : MemWrite :  D=0x0000000000000000 A=0x7ffffffffffffbb8
1131000: system.cpu: T0 : 0x1c7d2    : c_sdsp s4, 208(sp)         : MemWrite :  D=0x0000000000000000 A=0x7ffffffffffffbb0
1131500: system.cpu: T0 : 0x1c7d4    : c_sdsp s5, 200(sp)         : MemWrite :  D=0x0000000000000000 A=0x7ffffffffffffba8
1132000: system.cpu: T0 : 0x1c7d6    : c_sdsp s6, 192(sp)         : MemWrite :  D=0x0000000000072000 A=0x7ffffffffffffba0
1132500: system.cpu: T0 : 0x1c7d8    : c_sdsp s7, 184(sp)         : MemWrite :  D=0x0000000000000000 A=0x7ffffffffffffb98
1133000: system.cpu: T0 : 0x1c7da    : c_sdsp s8, 176(sp)         : MemWrite :  D=0x0000000000000000 A=0x7ffffffffffffb90
1133500: system.cpu: T0 : 0x1c7dc    : c_sdsp s9, 168(sp)         : MemWrite :  D=0x0000000000000003 A=0x7ffffffffffffb88
1134000: system.cpu: T0 : 0x1c7de    : c_sdsp s10, 160(sp)        : MemWrite :  D=0x0000000000000000 A=0x7ffffffffffffb80
1134500: system.cpu: T0 : 0x1c7e0    : c_sdsp s11, 152(sp)        : MemWrite :  D=0x0000000000000000 A=0x7ffffffffffffb78
1135500: system.cpu: T0 : 0x1c7e2    : blt a1, zero, 1198         : IntAlu : 
1136500: system.cpu: T0 : 0x1c7e6    : addi s0, a1, 23            : IntAlu :  D=0x0000000000000297
1137000: system.cpu: T0 : 0x1c7ea    : c_li a5, 31                : IntAlu :  D=0x000000000000001f
1137500: system.cpu: T0 : 0x1c7ec    : c_mv s3, a1                : IntAlu :  D=0x0000000000000280
1138000: system.cpu: T0 : 0x1c7ee    : c_mv s1, a0                : IntAlu :  D=0x000000000006f5c8
1138500: system.cpu: T0 : 0x1c7f0    : bltu a5, s0, 220           : IntAlu : 
1139000: system.cpu: T0 : 0x1c8cc    : c_andi s0, 18446744073709551600 : IntAlu :  D=0x0000000000000290
1140000: system.cpu: T0 : 0x1c8ce    : beq a0, zero, 988          : IntAlu : 
1141000: system.cpu: T0 : 0x1c8d2    : ld a4, -1376(gp)           : MemRead :  D=0x0000000000000080 A=0x70ae8
1142000: system.cpu: T0 : 0x1c8d6    : srliw s9, s0, 4            : IntAlu :  D=0x0000000000000029
1143000: system.cpu: T0 : 0x1c8da    : srliw a5, s0, 4            : IntAlu :  D=0x0000000000000029
1144000: system.cpu: T0 : 0x1c8de    : bgeu a4, s0, 506           : IntAlu : 
1145000: system.cpu: T0 : 0x1c8e2    : addi a4, zero, 1023        : IntAlu :  D=0x00000000000003ff
1146000: system.cpu: T0 : 0x1c8e6    : bgeu a4, s0, 1722          : IntAlu : 
1146500: system.cpu: T0 : 0x1cfa0    : c_addiw a5, -1             : IntAlu :  D=0x0000000000000028
1147000: system.cpu: T0 : 0x1cfa2    : c_j -1406                  : IntAlu : 
1147500: system.cpu: T0 : 0x1ca24    : slliw a5, a5, 1            : IntAlu :  D=0x0000000000000050
1148000: system.cpu: T0 : 0x1ca28    : c_slli a5, 32              : IntAlu :  D=0x0000005000000000
1148500: system.cpu: T0 : 0x1ca2a    : c_srli a5, 32              : IntAlu :  D=0x0000000000000050
1149000: system.cpu: T0 : 0x1ca2c    : c_addi a5, 14              : IntAlu :  D=0x000000000000005e
1149500: system.cpu: T0 : 0x1ca2e    : c_slli a5, 3               : IntAlu :  D=0x00000000000002f0
1150000: system.cpu: T0 : 0x1ca30    : c_j -550                   : IntAlu : 
1150500: system.cpu: T0 : 0x1c80a    : c_add a5, s1               : IntAlu :  D=0x000000000006f8b8
1151000: system.cpu: T0 : 0x1c80c    : ld s2, 8(a5)               : MemRead :  D=0x000000000006f8a8 A=0x6f8c0
1151500: system.cpu: T0 : 0x1c810    : addi a3, a5, -16           : IntAlu :  D=0x000000000006f8a8
1152000: system.cpu: T0 : 0x1c814    : beq a3, s2, 748            : IntAlu : 
1152500: system.cpu: T0 : 0x1cb00    : srli t1, s0, 9             : IntAlu :  D=0x0000000000000001
1153000: system.cpu: T0 : 0x1cb04    : addiw a5, t1, 91           : IntAlu :  D=0x000000000000005c
1153500: system.cpu: T0 : 0x1cb08    : srli s10, s0, 6            : IntAlu :  D=0x000000000000000a
1154000: system.cpu: T0 : 0x1cb0c    : c_sdsp a5, 96(sp)          : MemWrite :  D=0x000000000000005c A=0x7ffffffffffffb40
1155000: system.cpu: T0 : 0x1cb0e    : addiw a5, s10, 48          : IntAlu :  D=0x000000000000003a
1155500: system.cpu: T0 : 0x1cb12    : c_sdsp a5, 88(sp)          : MemWrite :  D=0x000000000000003a A=0x7ffffffffffffb38
1156000: system.cpu: T0 : 0x1cb14    : addi a5, zero, 110         : IntAlu :  D=0x000000000000006e
1156500: system.cpu: T0 : 0x1cb18    : c_sdsp a5, 112(sp)         : MemWrite :  D=0x000000000000006e A=0x7ffffffffffffb50
1157500: system.cpu: T0 : 0x1cb1a    : addi a5, zero, 119         : IntAlu :  D=0x0000000000000077
1158000: system.cpu: T0 : 0x1cb1e    : c_sdsp a5, 104(sp)         : MemWrite :  D=0x0000000000000077 A=0x7ffffffffffffb48
1158500: system.cpu: T0 : 0x1cb20    : addi a5, zero, 124         : IntAlu :  D=0x000000000000007c
1159000: system.cpu: T0 : 0x1cb24    : c_sdsp s9, 8(sp)           : MemWrite :  D=0x0000000000000029 A=0x7ffffffffffffae8
1159500: system.cpu: T0 : 0x1cb26    : c_sdsp a5, 120(sp)         : MemWrite :  D=0x000000000000007c A=0x7ffffffffffffb58
1160000: system.cpu: T0 : 0x1cb28    : c_sdsp zero, 128(sp)       : MemWrite :  D=0x0000000000000000 A=0x7ffffffffffffb60
1160500: system.cpu: T0 : 0x1cb2a    : c_sdsp zero, 136(sp)       : MemWrite :  D=0x0000000000000000 A=0x7ffffffffffffb68
1161000: system.cpu: T0 : 0x1cb2c    : ld a5, 40(tp)              : MemRead :  D=0x0000000000000000 A=0x72738
1161500: system.cpu: T0 : 0x1cb30    : addi s6, s0, -17           : IntAlu :  D=0x000000000000027f
1162000: system.cpu: T0 : 0x1cb34    : srli s6, s6, 4             : IntAlu :  D=0x0000000000000027
1162500: system.cpu: T0 : 0x1cb38    : c_li s5, 0                 : IntAlu :  D=0x0000000000000000
1163000: system.cpu: T0 : 0x1cb3a    : c_beqz a5, 22              : IntAlu : 
1163500: system.cpu: T0 : 0x1cb50    : lui a5, 111                : IntAlu :  D=0x000000000006f000
1164000: system.cpu: T0 : 0x1cb54    : c_lui s11, 1               : IntAlu :  D=0x0000000000001000
1165000: system.cpu: T0 : 0x1cb56    : lui s7, 111                : IntAlu :  D=0x000000000006f000
1166000: system.cpu: T0 : 0x1cb5a    : addi a5, a5, 1480          : IntAlu :  D=0x000000000006f5c8
1167000: system.cpu: T0 : 0x1cb5e    : addi s8, s1, 96            : IntAlu :  D=0x000000000006f628
1167500: system.cpu: T0 : 0x1cb62    : c_li t5, 0                 : IntAlu :  D=0x0000000000000000
1168000: system.cpu: T0 : 0x1cb64    : addi s7, s7, 1368          : IntAlu :  D=0x000000000006f558
1168500: system.cpu: T0 : 0x1cb68    : add a7, s1, s11            : IntAlu :  D=0x00000000000705c8
1169000: system.cpu: T0 : 0x1cb6c    : c_sdsp a5, 56(sp)          : MemWrite :  D=0x000000000006f5c8 A=0x7ffffffffffffb18
1169500: system.cpu: T0 : 0x1cb6e    : c_ld a5, 120(s1)           : MemRead :  D=0x000000000006f628 A=0x6f640
1170000: system.cpu: T0 : 0x1cb70    : beq a5, s8, 532            : IntAlu : 
1170500: system.cpu: T0 : 0x1cd84    : addi a5, zero, 1023        : IntAlu :  D=0x00000000000003ff
1171000: system.cpu: T0 : 0x1cd88    : bgeu a5, s0, 38            : IntAlu : 
1171500: system.cpu: T0 : 0x1cdae    : c_ldsp a3, 8(sp)           : MemRead :  D=0x0000000000000029 A=0x7ffffffffffffae8
1172000: system.cpu: T0 : 0x1cdb0    : c_li a0, 4                 : IntAlu :  D=0x0000000000000004
1173000: system.cpu: T0 : 0x1cdb2    : addiw a5, a3, 1            : IntAlu :  D=0x000000000000002a
1174000: system.cpu: T0 : 0x1cdb6    : srliw a4, a5, 5            : IntAlu :  D=0x0000000000000001
1175000: system.cpu: T0 : 0x1cdba    : slliw a3, a3, 1            : IntAlu :  D=0x0000000000000052
1176000: system.cpu: T0 : 0x1cdbe    : addi a4, a4, 536           : IntAlu :  D=0x0000000000000219
1176500: system.cpu: T0 : 0x1cdc2    : c_slli a3, 32              : IntAlu :  D=0x0000005200000000
1177000: system.cpu: T0 : 0x1cdc4    : c_slli a4, 2               : IntAlu :  D=0x0000000000000864
1177500: system.cpu: T0 : 0x1cdc6    : c_srli a3, 32              : IntAlu :  D=0x0000000000000052
1178000: system.cpu: T0 : 0x1cdc8    : c_add a4, s1               : IntAlu :  D=0x000000000006fe2c
1178500: system.cpu: T0 : 0x1cdca    : c_slli a3, 3               : IntAlu :  D=0x0000000000000290
1179000: system.cpu: T0 : 0x1cdcc    : c_lw a2, 0(a4)             : MemRead :  D=0x0000000000000000 A=0x6fe2c
1180000: system.cpu: T0 : 0x1cdce    : addi a3, a3, 96            : IntAlu :  D=0x00000000000002f0
1180500: system.cpu: T0 : 0x1cdd2    : c_li a4, 1                 : IntAlu :  D=0x0000000000000001
1181000: system.cpu: T0 : 0x1cdd4    : srliw s2, a5, 5            : IntAlu :  D=0x0000000000000001
1181500: system.cpu: T0 : 0x1cdd8    : c_add a3, s1               : IntAlu :  D=0x000000000006f8b8
1182500: system.cpu: T0 : 0x1cdda    : sllw a5, a4, a5            : IntAlu :  D=0x0000000000000400
1183500: system.cpu: T0 : 0x1cdde    : bltu a2, a5, 144           : IntAlu : 
1184500: system.cpu: T0 : 0x1ce6e    : addiw a5, s2, 1            : IntAlu :  D=0x0000000000000002
1185500: system.cpu: T0 : 0x1ce72    : addiw s2, a5, 0            : IntAlu :  D=0x0000000000000002
1186500: system.cpu: T0 : 0x1ce76    : bne s2, a0, -26            : IntAlu : 
1187000: system.cpu: T0 : 0x1ce5c    : c_slli a5, 32              : IntAlu :  D=0x0000000200000000
1187500: system.cpu: T0 : 0x1ce5e    : c_srli a5, 32              : IntAlu :  D=0x0000000000000002
1188000: system.cpu: T0 : 0x1ce60    : addi a5, a5, 536           : IntAlu :  D=0x000000000000021a
1188500: system.cpu: T0 : 0x1ce64    : c_slli a5, 2               : IntAlu :  D=0x0000000000000868
1189000: system.cpu: T0 : 0x1ce66    : c_add a5, s1               : IntAlu :  D=0x000000000006fe30
1189500: system.cpu: T0 : 0x1ce68    : c_lw a2, 0(a5)             : MemRead :  D=0x0000000000000000 A=0x6fe30
1190500: system.cpu: T0 : 0x1ce6a    : bne a2, zero, 384          : IntAlu : 
1191500: system.cpu: T0 : 0x1ce6e    : addiw a5, s2, 1            : IntAlu :  D=0x0000000000000003
1192500: system.cpu: T0 : 0x1ce72    : addiw s2, a5, 0            : IntAlu :  D=0x0000000000000003
1193500: system.cpu: T0 : 0x1ce76    : bne s2, a0, -26            : IntAlu : 
1194000: system.cpu: T0 : 0x1ce5c    : c_slli a5, 32              : IntAlu :  D=0x0000000300000000
1194500: system.cpu: T0 : 0x1ce5e    : c_srli a5, 32              : IntAlu :  D=0x0000000000000003
1195000: system.cpu: T0 : 0x1ce60    : addi a5, a5, 536           : IntAlu :  D=0x000000000000021b
1195500: system.cpu: T0 : 0x1ce64    : c_slli a5, 2               : IntAlu :  D=0x000000000000086c
1196000: system.cpu: T0 : 0x1ce66    : c_add a5, s1               : IntAlu :  D=0x000000000006fe34
1196500: system.cpu: T0 : 0x1ce68    : c_lw a2, 0(a5)             : MemRead :  D=0x0000000000000000 A=0x6fe34
1197500: system.cpu: T0 : 0x1ce6a    : bne a2, zero, 384          : IntAlu : 
1198500: system.cpu: T0 : 0x1ce6e    : addiw a5, s2, 1            : IntAlu :  D=0x0000000000000004
1199500: system.cpu: T0 : 0x1ce72    : addiw s2, a5, 0            : IntAlu :  D=0x0000000000000004
1200500: system.cpu: T0 : 0x1ce76    : bne s2, a0, -26            : IntAlu : 
1201000: system.cpu: T0 : 0x1ce7a    : c_ld a4, 96(s1)            : MemRead :  D=0x000000000006f628 A=0x6f628
1201500: system.cpu: T0 : 0x1ce7c    : ld a3, -1912(a7)           : MemRead :  D=0x0000000000000000 A=0x6fe50
1202000: system.cpu: T0 : 0x1ce80    : c_ld a5, 8(a4)             : MemRead :  D=0x0000000000000000 A=0x6f630
1202500: system.cpu: T0 : 0x1ce82    : c_andi a5, 18446744073709551608 : IntAlu :  D=0x0000000000000000
1203000: system.cpu: T0 : 0x1ce84    : bltu a3, a5, 548           : IntAlu : 
1203500: system.cpu: T0 : 0x1ce88    : addi a3, s0, 32            : IntAlu :  D=0x00000000000002b0
1204000: system.cpu: T0 : 0x1ce8c    : bgeu a5, a3, 640           : IntAlu : 
1204500: system.cpu: T0 : 0x1ce90    : c_sdsp a7, 32(sp)          : MemWrite :  D=0x00000000000705c8 A=0x7ffffffffffffb00
1205000: system.cpu: T0 : 0x1ce92    : c_sdsp t1, 24(sp)          : MemWrite :  D=0x0000000000000001 A=0x7ffffffffffffaf8
1205500: system.cpu: T0 : 0x1ce94    : c_sdsp t5, 16(sp)          : MemWrite :  D=0x0000000000000000 A=0x7ffffffffffffaf0
1206000: system.cpu: T0 : 0x1ce96    : c_lw a5, 8(s1)             : MemRead :  D=0x0000000000000000 A=0x6f5d0
1206500: system.cpu: T0 : 0x1ce98    : c_addiw a5, 0              : IntAlu :  D=0x0000000000000000
1207000: system.cpu: T0 : 0x1ce9a    : c_beqz a5, 180             : IntAlu : 
1207500: system.cpu: T0 : 0x1cf4e    : c_mv a1, s1                : IntAlu :  D=0x000000000006f5c8
1208000: system.cpu: T0 : 0x1cf50    : c_mv a0, s0                : IntAlu :  D=0x0000000000000290
1209000: system.cpu: T0 : 0x1cf52    : jal ra, -3372              : IntAlu :  D=0x000000000001cf56
1209500: system.cpu: T0 : 0x1c226    : c_addi16sp sp, -160        : IntAlu :  D=0x7ffffffffffffa40
1210000: system.cpu: T0 : 0x1c228    : c_sdsp s1, 136(sp)         : MemWrite :  D=0x000000000006f5c8 A=0x7ffffffffffffac8
1210500: system.cpu: T0 : 0x1c22a    : c_sdsp s2, 128(sp)         : MemWrite :  D=0x0000000000000004 A=0x7ffffffffffffac0
1211000: system.cpu: T0 : 0x1c22c    : c_sdsp s10, 64(sp)         : MemWrite :  D=0x000000000000000a A=0x7ffffffffffffa80
1211500: system.cpu: T0 : 0x1c22e    : c_sdsp ra, 152(sp)         : MemWrite :  D=0x000000000001cf56 A=0x7ffffffffffffad8
1212000: system.cpu: T0 : 0x1c230    : c_sdsp s0, 144(sp)         : MemWrite :  D=0x0000000000000290 A=0x7ffffffffffffad0
1212500: system.cpu: T0 : 0x1c232    : c_sdsp s3, 120(sp)         : MemWrite :  D=0x0000000000000280 A=0x7ffffffffffffab8
1213000: system.cpu: T0 : 0x1c234    : c_sdsp s4, 112(sp)         : MemWrite :  D=0x0000000000000000 A=0x7ffffffffffffab0
1213500: system.cpu: T0 : 0x1c236    : c_sdsp s5, 104(sp)         : MemWrite :  D=0x0000000000000000 A=0x7ffffffffffffaa8
1214000: system.cpu: T0 : 0x1c238    : c_sdsp s6, 96(sp)          : MemWrite :  D=0x0000000000000027 A=0x7ffffffffffffaa0
1214500: system.cpu: T0 : 0x1c23a    : c_sdsp s7, 88(sp)          : MemWrite :  D=0x000000000006f558 A=0x7ffffffffffffa98
1215000: system.cpu: T0 : 0x1c23c    : c_sdsp s8, 80(sp)          : MemWrite :  D=0x000000000006f628 A=0x7ffffffffffffa90
1215500: system.cpu: T0 : 0x1c23e    : c_sdsp s9, 72(sp)          : MemWrite :  D=0x0000000000000029 A=0x7ffffffffffffa88
1216000: system.cpu: T0 : 0x1c240    : c_sdsp s11, 56(sp)         : MemWrite :  D=0x0000000000001000 A=0x7ffffffffffffa78
1217000: system.cpu: T0 : 0x1c242    : ld s2, -1784(gp)           : MemRead :  D=0x0000000000001000 A=0x70950
1217500: system.cpu: T0 : 0x1c246    : c_mv s1, a0                : IntAlu :  D=0x0000000000000290
1218000: system.cpu: T0 : 0x1c248    : beq a1, zero, 534          : IntAlu : 
1218500: system.cpu: T0 : 0x1c24c    : lui s11, 111               : IntAlu :  D=0x000000000006f000
1219000: system.cpu: T0 : 0x1c250    : addi s11, s11, 1368        : IntAlu :  D=0x000000000006f558
1219500: system.cpu: T0 : 0x1c254    : ld a5, 16(s11)             : MemRead :  D=0x0000000000020000 A=0x6f568
1220000: system.cpu: T0 : 0x1c258    : c_mv s0, a1                : IntAlu :  D=0x000000000006f5c8
1221000: system.cpu: T0 : 0x1c25a    : bgeu a0, a5, 276           : IntAlu : 
1221500: system.cpu: T0 : 0x1c25e    : c_sdsp zero, 8(sp)         : MemWrite :  D=0x0000000000000000 A=0x7ffffffffffffa48
1222000: system.cpu: T0 : 0x1c260    : addi s5, s2, 7             : IntAlu :  D=0x0000000000001007
1222500: system.cpu: T0 : 0x1c264    : add a5, s5, s1             : IntAlu :  D=0x0000000000001297
1223000: system.cpu: T0 : 0x1c268    : lui s6, 111                : IntAlu :  D=0x000000000006f000
1223500: system.cpu: T0 : 0x1c26c    : sub s5, zero, s2           : IntAlu :  D=0xfffffffffffff000
1224000: system.cpu: T0 : 0x1c270    : addi a7, s0, 96            : IntAlu :  D=0x000000000006f628
1224500: system.cpu: T0 : 0x1c274    : addi t1, s2, -1            : IntAlu :  D=0x0000000000000fff
1225000: system.cpu: T0 : 0x1c278    : addi s8, s1, 32            : IntAlu :  D=0x00000000000002b0
1225500: system.cpu: T0 : 0x1c27c    : addi s7, s6, 1480          : IntAlu :  D=0x000000000006f5c8
1226000: system.cpu: T0 : 0x1c280    : and s5, a5, s5             : IntAlu :  D=0x0000000000001000
1226500: system.cpu: T0 : 0x1c284    : ld s4, 96(s0)              : MemRead :  D=0x000000000006f628 A=0x6f628
1227000: system.cpu: T0 : 0x1c288    : ld a5, 8(s4)               : MemRead :  D=0x0000000000000000 A=0x6f630
1227500: system.cpu: T0 : 0x1c28c    : andi s3, a5, 18446744073709551608 : IntAlu :  D=0x0000000000000000
1228000: system.cpu: T0 : 0x1c290    : add s9, s4, s3             : IntAlu :  D=0x000000000006f628
1228500: system.cpu: T0 : 0x1c294    : beq s4, a7, 506            : IntAlu : 
1229500: system.cpu: T0 : 0x1c48e    : beq s3, zero, -482         : IntAlu : 
1230000: system.cpu: T0 : 0x1c2ac    : bgeu s3, s8, 1112          : IntAlu : 
1230500: system.cpu: T0 : 0x1c2b0    : beq s0, s7, 484            : IntAlu : 
1231000: system.cpu: T0 : 0x1c494    : ld s5, 8(s11)              : MemRead :  D=0x0000000000020000 A=0x6f560
1231500: system.cpu: T0 : 0x1c498    : c_lw a5, 4(s0)             : MemRead :  D=0x0000000000000000 A=0x6f5cc
1232500: system.cpu: T0 : 0x1c49a    : addi s10, s2, -1           : IntAlu :  D=0x0000000000000fff
1233500: system.cpu: T0 : 0x1c49e    : addi s5, s5, 32            : IntAlu :  D=0x0000000000020020
1234000: system.cpu: T0 : 0x1c4a2    : c_add s5, s10              : IntAlu :  D=0x000000000002101f
1234500: system.cpu: T0 : 0x1c4a4    : c_andi a5, 2               : IntAlu :  D=0x0000000000000000
1235000: system.cpu: T0 : 0x1c4a6    : c_add s5, s1               : IntAlu :  D=0x00000000000212af
1235500: system.cpu: T0 : 0x1c4a8    : sub a6, zero, s2           : IntAlu :  D=0xfffffffffffff000
1236000: system.cpu: T0 : 0x1c4ac    : c_beqz a5, 158             : IntAlu : 
1237000: system.cpu: T0 : 0x1c54a    : sub s5, s5, s3             : IntAlu :  D=0x00000000000212af
1238000: system.cpu: T0 : 0x1c54e    : and s5, s5, a6             : IntAlu :  D=0x0000000000021000
1239000: system.cpu: T0 : 0x1c552    : blt zero, s5, -156         : IntAlu : 
1240000: system.cpu: T0 : 0x1c4b6    : ld a5, -1840(gp)           : MemRead :  D=0x000000000001ede2 A=0x70918
1240500: system.cpu: T0 : 0x1c4ba    : c_mv a0, s5                : IntAlu :  D=0x0000000000021000
1241000: system.cpu: T0 : 0x1c4bc    : c_sdsp a6, 8(sp)           : MemWrite :  D=0xfffffffffffff000 A=0x7ffffffffffffa48
1241500: system.cpu: T0 : 0x1c4be    : c_jalr a5                  : IntAlu :  D=0x000000000001c4c0
1242000: system.cpu: T0 : 0x1ede2    : c_addi sp, -16             : IntAlu :  D=0x7ffffffffffffa30
1242500: system.cpu: T0 : 0x1ede4    : c_sdsp ra, 8(sp)           : MemWrite :  D=0x000000000001c4c0 A=0x7ffffffffffffa38
1243500: system.cpu: T0 : 0x1ede6    : jal ra, 9318               : IntAlu :  D=0x000000000001edea
1244000: system.cpu: T0 : 0x2124c    : c_addi sp, -32             : IntAlu :  D=0x7ffffffffffffa10
1244500: system.cpu: T0 : 0x2124e    : c_sdsp s2, 0(sp)           : MemWrite :  D=0x0000000000001000 A=0x7ffffffffffffa10
1245000: system.cpu: T0 : 0x21250    : c_sdsp s1, 8(sp)           : MemWrite :  D=0x0000000000000290 A=0x7ffffffffffffa18
1246000: system.cpu: T0 : 0x21252    : ld s1, -1200(gp)           : MemRead :  D=0x0000000000072f80 A=0x70b98
1246500: system.cpu: T0 : 0x21256    : c_sdsp s0, 16(sp)          : MemWrite :  D=0x000000000006f5c8 A=0x7ffffffffffffa20
1247000: system.cpu: T0 : 0x21258    : c_sdsp ra, 24(sp)          : MemWrite :  D=0x000000000001edea A=0x7ffffffffffffa28
1247500: system.cpu: T0 : 0x2125a    : c_mv s0, a0                : IntAlu :  D=0x0000000000021000
1248000: system.cpu: T0 : 0x2125c    : c_beqz s1, 46              : IntAlu : 
1249000: system.cpu: T0 : 0x2125e    : lw a5, -1728(gp)           : MemRead :  D=0x0000000000000000 A=0x70988
1249500: system.cpu: T0 : 0x21262    : c_bnez a5, 40              : IntAlu : 
1250000: system.cpu: T0 : 0x21264    : c_beqz s0, 24              : IntAlu : 
1251000: system.cpu: T0 : 0x21266    : bge zero, s0, 52           : IntAlu : 
1252000: system.cpu: T0 : 0x2126a    : add a5, s0, s1             : IntAlu :  D=0x0000000000093f80
1253000: system.cpu: T0 : 0x2126e    : sltu a5, a5, s1            : IntAlu :  D=0x0000000000000000
1253500: system.cpu: T0 : 0x21272    : c_beqz a5, 50              : IntAlu : 
1254000: system.cpu: T0 : 0x212a4    : add a0, s1, s0             : IntAlu :  D=0x0000000000093f80
1254500: system.cpu: T0 : 0x212a8    : jal ra, 98390              : IntAlu :  D=0x00000000000212ac
1255000: system.cpu: T0 : 0x392fe    : c_mv a5, a0                : IntAlu :  D=0x0000000000093f80
1255500: system.cpu: T0 : 0x39300    : addi a7, zero, 214         : IntAlu :  D=0x00000000000000d6
1256000: system.cpu: T0 : 0x39304    : ecall                      : No_OpClass : 
1256500: system.cpu: T0 : 0x39308    : sd a0, -1200(gp)           : MemWrite :  D=0x0000000000093f80 A=0x70b98
1257000: system.cpu: T0 : 0x3930c    : bltu a0, a5, 8             : IntAlu : 
1257500: system.cpu: T0 : 0x39310    : c_li a0, 0                 : IntAlu :  D=0x0000000000000000
1258000: system.cpu: T0 : 0x39312    : c_jr ra                    : IntAlu : 
1258500: system.cpu: T0 : 0x212ac    : blt a0, zero, -50          : IntAlu : 
1259000: system.cpu: T0 : 0x212b0    : c_ldsp ra, 24(sp)          : MemRead :  D=0x000000000001edea A=0x7ffffffffffffa28
1259500: system.cpu: T0 : 0x212b2    : c_ldsp s0, 16(sp)          : MemRead :  D=0x000000000006f5c8 A=0x7ffffffffffffa20
1260000: system.cpu: T0 : 0x212b4    : c_ldsp s2, 0(sp)           : MemRead :  D=0x0000000000001000 A=0x7ffffffffffffa10
1260500: system.cpu: T0 : 0x212b6    : c_mv a0, s1                : IntAlu :  D=0x0000000000072f80
1261000: system.cpu: T0 : 0x212b8    : c_ldsp s1, 8(sp)           : MemRead :  D=0x0000000000000290 A=0x7ffffffffffffa18
1261500: system.cpu: T0 : 0x212ba    : c_addi16sp sp, 32          : IntAlu :  D=0x7ffffffffffffa30
1262000: system.cpu: T0 : 0x212bc    : c_jr ra                    : IntAlu : 
1262500: system.cpu: T0 : 0x1edea    : c_li a5, -1                : IntAlu :  D=0xffffffffffffffff
1263000: system.cpu: T0 : 0x1edec    : beq a0, a5, 10             : IntAlu : 
1263500: system.cpu: T0 : 0x1edf0    : c_ldsp ra, 8(sp)           : MemRead :  D=0x000000000001c4c0 A=0x7ffffffffffffa38
1264000: system.cpu: T0 : 0x1edf2    : c_addi sp, 16              : IntAlu :  D=0x7ffffffffffffa40
1264500: system.cpu: T0 : 0x1edf4    : c_jr ra                    : IntAlu : 
1265000: system.cpu: T0 : 0x1c4c0    : c_ldsp a6, 8(sp)           : MemRead :  D=0xfffffffffffff000 A=0x7ffffffffffffa48
1265500: system.cpu: T0 : 0x1c4c2    : c_mv s2, a0                : IntAlu :  D=0x0000000000072f80
1266000: system.cpu: T0 : 0x1c4c4    : beq a0, zero, 502          : IntAlu : 
1266500: system.cpu: T0 : 0x1c4c8    : ld a5, -1392(gp)           : MemRead :  D=0x0000000000000000 A=0x70ad8
1267000: system.cpu: T0 : 0x1c4cc    : c_li a4, 0                 : IntAlu :  D=0x0000000000000000
1268000: system.cpu: T0 : 0x1c4ce    : bne a5, zero, 538          : IntAlu : 
1269000: system.cpu: T0 : 0x1c4d2    : ld a5, 72(s11)             : MemRead :  D=0x0000000000000000 A=0x6f5a0
1270000: system.cpu: T0 : 0x1c4d6    : beq a5, zero, 380          : IntAlu : 
1271000: system.cpu: T0 : 0x1c652    : sd s2, 72(s11)             : MemWrite :  D=0x0000000000072f80 A=0x6f5a0
1271500: system.cpu: T0 : 0x1c656    : c_j -380                   : IntAlu : 
1272000: system.cpu: T0 : 0x1c4da    : c_lui s11, 1               : IntAlu :  D=0x0000000000001000
1272500: system.cpu: T0 : 0x1c4dc    : c_add s11, s7              : IntAlu :  D=0x00000000000705c8
1273500: system.cpu: T0 : 0x1c4de    : ld a5, -1912(s11)          : MemRead :  D=0x0000000000000000 A=0x6fe50
1274000: system.cpu: T0 : 0x1c4e2    : c_add a5, s5               : IntAlu :  D=0x0000000000021000
1274500: system.cpu: T0 : 0x1c4e4    : sd a5, -1912(s11)          : MemWrite :  D=0x0000000000021000 A=0x6fe50
1275000: system.cpu: T0 : 0x1c4e8    : beq s9, s2, 342            : IntAlu : 
1275500: system.cpu: T0 : 0x1c4ec    : lw a3, 4(s7)               : MemRead :  D=0x0000000000000000 A=0x6f5cc
1276000: system.cpu: T0 : 0x1c4f0    : c_andi a3, 2               : IntAlu :  D=0x0000000000000000
1277000: system.cpu: T0 : 0x1c4f2    : bne a3, zero, 242          : IntAlu : 
1278000: system.cpu: T0 : 0x1c4f6    : beq s3, zero, 18           : IntAlu : 
1278500: system.cpu: T0 : 0x1c508    : andi a5, s2, 15            : IntAlu :  D=0x0000000000000000
1279000: system.cpu: T0 : 0x1c50c    : bne a5, zero, 332          : IntAlu : 
1279500: system.cpu: T0 : 0x1c510    : c_mv a4, s3                : IntAlu :  D=0x0000000000000000
1280000: system.cpu: T0 : 0x1c512    : c_mv s9, s2                : IntAlu :  D=0x0000000000072f80
1280500: system.cpu: T0 : 0x1c514    : c_add s5, a4               : IntAlu :  D=0x0000000000021000
1281500: system.cpu: T0 : 0x1c516    : add a0, s2, s5             : IntAlu :  D=0x0000000000093f80
1282000: system.cpu: T0 : 0x1c51a    : c_add s10, a0              : IntAlu :  D=0x0000000000094f7f
1282500: system.cpu: T0 : 0x1c51c    : and a6, s10, a6            : IntAlu :  D=0x0000000000094000
1283000: system.cpu: T0 : 0x1c520    : c_sub a4, a0               : IntAlu :  D=0xfffffffffff6c080
1284000: system.cpu: T0 : 0x1c522    : add s5, a6, a4             : IntAlu :  D=0x0000000000000080
1285000: system.cpu: T0 : 0x1c526    : blt s5, zero, 626          : IntAlu : 
1286000: system.cpu: T0 : 0x1c52a    : ld a5, -1840(gp)           : MemRead :  D=0x000000000001ede2 A=0x70918
1286500: system.cpu: T0 : 0x1c52e    : c_mv a0, s5                : IntAlu :  D=0x0000000000000080
1287000: system.cpu: T0 : 0x1c530    : c_jalr a5                  : IntAlu :  D=0x000000000001c532
1287500: system.cpu: T0 : 0x1ede2    : c_addi sp, -16             : IntAlu :  D=0x7ffffffffffffa30
1288000: system.cpu: T0 : 0x1ede4    : c_sdsp ra, 8(sp)           : MemWrite :  D=0x000000000001c532 A=0x7ffffffffffffa38
1289000: system.cpu: T0 : 0x1ede6    : jal ra, 9318               : IntAlu :  D=0x000000000001edea
1289500: system.cpu: T0 : 0x2124c    : c_addi sp, -32             : IntAlu :  D=0x7ffffffffffffa10
1290000: system.cpu: T0 : 0x2124e    : c_sdsp s2, 0(sp)           : MemWrite :  D=0x0000000000072f80 A=0x7ffffffffffffa10
1290500: system.cpu: T0 : 0x21250    : c_sdsp s1, 8(sp)           : MemWrite :  D=0x0000000000000290 A=0x7ffffffffffffa18
1291500: system.cpu: T0 : 0x21252    : ld s1, -1200(gp)           : MemRead :  D=0x0000000000093f80 A=0x70b98
1292000: system.cpu: T0 : 0x21256    : c_sdsp s0, 16(sp)          : MemWrite :  D=0x000000000006f5c8 A=0x7ffffffffffffa20
1292500: system.cpu: T0 : 0x21258    : c_sdsp ra, 24(sp)          : MemWrite :  D=0x000000000001edea A=0x7ffffffffffffa28
1293000: system.cpu: T0 : 0x2125a    : c_mv s0, a0                : IntAlu :  D=0x0000000000000080
1293500: system.cpu: T0 : 0x2125c    : c_beqz s1, 46              : IntAlu : 
1294500: system.cpu: T0 : 0x2125e    : lw a5, -1728(gp)           : MemRead :  D=0x0000000000000000 A=0x70988
1295000: system.cpu: T0 : 0x21262    : c_bnez a5, 40              : IntAlu : 
1295500: system.cpu: T0 : 0x21264    : c_beqz s0, 24              : IntAlu : 
1296500: system.cpu: T0 : 0x21266    : bge zero, s0, 52           : IntAlu : 
1297500: system.cpu: T0 : 0x2126a    : add a5, s0, s1             : IntAlu :  D=0x0000000000094000
1298500: system.cpu: T0 : 0x2126e    : sltu a5, a5, s1            : IntAlu :  D=0x0000000000000000
1299000: system.cpu: T0 : 0x21272    : c_beqz a5, 50              : IntAlu : 
1299500: system.cpu: T0 : 0x212a4    : add a0, s1, s0             : IntAlu :  D=0x0000000000094000
1300000: system.cpu: T0 : 0x212a8    : jal ra, 98390              : IntAlu :  D=0x00000000000212ac
1300500: system.cpu: T0 : 0x392fe    : c_mv a5, a0                : IntAlu :  D=0x0000000000094000
1301000: system.cpu: T0 : 0x39300    : addi a7, zero, 214         : IntAlu :  D=0x00000000000000d6
1301500: system.cpu: T0 : 0x39304    : ecall                      : No_OpClass : 
1302000: system.cpu: T0 : 0x39308    : sd a0, -1200(gp)           : MemWrite :  D=0x0000000000094000 A=0x70b98
1302500: system.cpu: T0 : 0x3930c    : bltu a0, a5, 8             : IntAlu : 
1303000: system.cpu: T0 : 0x39310    : c_li a0, 0                 : IntAlu :  D=0x0000000000000000
1303500: system.cpu: T0 : 0x39312    : c_jr ra                    : IntAlu : 
1304000: system.cpu: T0 : 0x212ac    : blt a0, zero, -50          : IntAlu : 
1304500: system.cpu: T0 : 0x212b0    : c_ldsp ra, 24(sp)          : MemRead :  D=0x000000000001edea A=0x7ffffffffffffa28
1305000: system.cpu: T0 : 0x212b2    : c_ldsp s0, 16(sp)          : MemRead :  D=0x000000000006f5c8 A=0x7ffffffffffffa20
1305500: system.cpu: T0 : 0x212b4    : c_ldsp s2, 0(sp)           : MemRead :  D=0x0000000000072f80 A=0x7ffffffffffffa10
1306000: system.cpu: T0 : 0x212b6    : c_mv a0, s1                : IntAlu :  D=0x0000000000093f80
1306500: system.cpu: T0 : 0x212b8    : c_ldsp s1, 8(sp)           : MemRead :  D=0x0000000000000290 A=0x7ffffffffffffa18
1307000: system.cpu: T0 : 0x212ba    : c_addi16sp sp, 32          : IntAlu :  D=0x7ffffffffffffa30
1307500: system.cpu: T0 : 0x212bc    : c_jr ra                    : IntAlu : 
1308000: system.cpu: T0 : 0x1edea    : c_li a5, -1                : IntAlu :  D=0xffffffffffffffff
1308500: system.cpu: T0 : 0x1edec    : beq a0, a5, 10             : IntAlu : 
1309000: system.cpu: T0 : 0x1edf0    : c_ldsp ra, 8(sp)           : MemRead :  D=0x000000000001c532 A=0x7ffffffffffffa38
1309500: system.cpu: T0 : 0x1edf2    : c_addi sp, 16              : IntAlu :  D=0x7ffffffffffffa40
1310000: system.cpu: T0 : 0x1edf4    : c_jr ra                    : IntAlu : 
1310500: system.cpu: T0 : 0x1c532    : c_mv a4, a0                : IntAlu :  D=0x0000000000093f80
1311000: system.cpu: T0 : 0x1c534    : beq a0, zero, 426          : IntAlu : 
1311500: system.cpu: T0 : 0x1c538    : ld a5, -1392(gp)           : MemRead :  D=0x0000000000000000 A=0x70ad8
1312000: system.cpu: T0 : 0x1c53c    : bne a5, zero, 440          : IntAlu : 
1312500: system.cpu: T0 : 0x1c540    : ld a5, -1912(s11)          : MemRead :  D=0x0000000000021000 A=0x6fe50
1313000: system.cpu: T0 : 0x1c544    : c_mv s2, s9                : IntAlu :  D=0x0000000000072f80
1313500: system.cpu: T0 : 0x1c546    : c_add a5, s5               : IntAlu :  D=0x0000000000021080
1314000: system.cpu: T0 : 0x1c548    : c_j 168                    : IntAlu : 
1314500: system.cpu: T0 : 0x1c5f0    : sub a4, a4, s2             : IntAlu :  D=0x0000000000021000
1315000: system.cpu: T0 : 0x1c5f4    : c_add a4, s5               : IntAlu :  D=0x0000000000021080
1316000: system.cpu: T0 : 0x1c5f6    : sd s2, 96(s7)              : MemWrite :  D=0x0000000000072f80 A=0x6f628
1317000: system.cpu: T0 : 0x1c5fa    : ori a4, a4, 1              : IntAlu :  D=0x0000000000021081
1318000: system.cpu: T0 : 0x1c5fe    : sd a4, 8(s2)               : MemWrite :  D=0x0000000000021081 A=0x72f88
1319000: system.cpu: T0 : 0x1c602    : sd a5, -1912(s11)          : MemWrite :  D=0x0000000000021080 A=0x6fe50
1320000: system.cpu: T0 : 0x1c606    : beq s3, zero, -754         : IntAlu : 
1320500: system.cpu: T0 : 0x1c314    : c_lui a4, 1                : IntAlu :  D=0x0000000000001000
1321000: system.cpu: T0 : 0x1c316    : c_add a4, s0               : IntAlu :  D=0x00000000000705c8
1321500: system.cpu: T0 : 0x1c318    : ld a3, -1904(a4)           : MemRead :  D=0x0000000000000000 A=0x6fe58
1322000: system.cpu: T0 : 0x1c31c    : bgeu a3, a5, 8             : IntAlu : 
1322500: system.cpu: T0 : 0x1c320    : sd a5, -1904(a4)           : MemWrite :  D=0x0000000000021080 A=0x6fe58
1323000: system.cpu: T0 : 0x1c324    : ld a5, 8(s2)               : MemRead :  D=0x0000000000021081 A=0x72f88
1323500: system.cpu: T0 : 0x1c328    : c_andi a5, 18446744073709551608 : IntAlu :  D=0x0000000000021080
1324500: system.cpu: T0 : 0x1c32a    : bltu a5, s8, 298           : IntAlu : 
1325500: system.cpu: T0 : 0x1c32e    : add a4, s2, s1             : IntAlu :  D=0x0000000000073210
1326000: system.cpu: T0 : 0x1c332    : c_sd a4, 96(s0)            : MemWrite :  D=0x0000000000073210 A=0x6f628
1326500: system.cpu: T0 : 0x1c334    : c_sub a5, s1               : IntAlu :  D=0x0000000000020df0
1327500: system.cpu: T0 : 0x1c336    : beq s0, s7, 8              : IntAlu : 
1328500: system.cpu: T0 : 0x1c33e    : ori s1, s1, 1              : IntAlu :  D=0x0000000000000291
1329500: system.cpu: T0 : 0x1c342    : sd s1, 8(s2)               : MemWrite :  D=0x0000000000000291 A=0x72f88
1330500: system.cpu: T0 : 0x1c346    : ori a5, a5, 1              : IntAlu :  D=0x0000000000020df1
1331000: system.cpu: T0 : 0x1c34a    : c_sd a5, 8(a4)             : MemWrite :  D=0x0000000000020df1 A=0x73218
1331500: system.cpu: T0 : 0x1c34a    : c_sd a5, 8(a4)             : MemWrite :  D=0x0000000000020df1 A=0x73218
1332000: system.cpu: T0 : 0x1c34c    : addi a0, s2, 16            : IntAlu :  D=0x0000000000072f90
1332500: system.cpu: T0 : 0x1c350    : c_ldsp ra, 152(sp)         : MemRead :  D=0x000000000001cf56 A=0x7ffffffffffffad8
1333000: system.cpu: T0 : 0x1c352    : c_ldsp s0, 144(sp)         : MemRead :  D=0x0000000000000290 A=0x7ffffffffffffad0
1333500: system.cpu: T0 : 0x1c354    : c_ldsp s1, 136(sp)         : MemRead :  D=0x000000000006f5c8 A=0x7ffffffffffffac8
1334000: system.cpu: T0 : 0x1c356    : c_ldsp s2, 128(sp)         : MemRead :  D=0x0000000000000004 A=0x7ffffffffffffac0
1334500: system.cpu: T0 : 0x1c358    : c_ldsp s3, 120(sp)         : MemRead :  D=0x0000000000000280 A=0x7ffffffffffffab8
1335000: system.cpu: T0 : 0x1c35a    : c_ldsp s4, 112(sp)         : MemRead :  D=0x0000000000000000 A=0x7ffffffffffffab0
1335500: system.cpu: T0 : 0x1c35c    : c_ldsp s5, 104(sp)         : MemRead :  D=0x0000000000000000 A=0x7ffffffffffffaa8
1336000: system.cpu: T0 : 0x1c35e    : c_ldsp s6, 96(sp)          : MemRead :  D=0x0000000000000027 A=0x7ffffffffffffaa0
1336500: system.cpu: T0 : 0x1c360    : c_ldsp s7, 88(sp)          : MemRead :  D=0x000000000006f558 A=0x7ffffffffffffa98
1337000: system.cpu: T0 : 0x1c362    : c_ldsp s8, 80(sp)          : MemRead :  D=0x000000000006f628 A=0x7ffffffffffffa90
1337500: system.cpu: T0 : 0x1c364    : c_ldsp s9, 72(sp)          : MemRead :  D=0x0000000000000029 A=0x7ffffffffffffa88
1338000: system.cpu: T0 : 0x1c366    : c_ldsp s10, 64(sp)         : MemRead :  D=0x000000000000000a A=0x7ffffffffffffa80
1338500: system.cpu: T0 : 0x1c368    : c_ldsp s11, 56(sp)         : MemRead :  D=0x0000000000001000 A=0x7ffffffffffffa78
1339000: system.cpu: T0 : 0x1c36a    : c_addi16sp sp, 160         : IntAlu :  D=0x7ffffffffffffae0
1339500: system.cpu: T0 : 0x1c36c    : c_jr ra                    : IntAlu : 
1340000: system.cpu: T0 : 0x1cf56    : c_mv s2, a0                : IntAlu :  D=0x0000000000072f90
1340500: system.cpu: T0 : 0x1cf58    : bne a0, zero, -672         : IntAlu : 
1341000: system.cpu: T0 : 0x1ccb8    : lw a1, -1396(gp)           : MemRead :  D=0x0000000000000000 A=0x70ad4
1341500: system.cpu: T0 : 0x1ccbc    : beq a1, zero, -516         : IntAlu : 
1342000: system.cpu: T0 : 0x1cab8    : c_ldsp ra, 248(sp)         : MemRead :  D=0x000000000001d2f8 A=0x7ffffffffffffbd8
1342500: system.cpu: T0 : 0x1caba    : c_ldsp s0, 240(sp)         : MemRead :  D=0x000000000006f5c8 A=0x7ffffffffffffbd0
1343000: system.cpu: T0 : 0x1cabc    : c_ldsp s1, 232(sp)         : MemRead :  D=0x000000000006f5c8 A=0x7ffffffffffffbc8
1343500: system.cpu: T0 : 0x1cabe    : c_ldsp s3, 216(sp)         : MemRead :  D=0x0000000000000000 A=0x7ffffffffffffbb8
1344000: system.cpu: T0 : 0x1cac0    : c_ldsp s4, 208(sp)         : MemRead :  D=0x0000000000000000 A=0x7ffffffffffffbb0
1344500: system.cpu: T0 : 0x1cac2    : c_ldsp s5, 200(sp)         : MemRead :  D=0x0000000000000000 A=0x7ffffffffffffba8
1345000: system.cpu: T0 : 0x1cac4    : c_ldsp s6, 192(sp)         : MemRead :  D=0x0000000000072000 A=0x7ffffffffffffba0
1345500: system.cpu: T0 : 0x1cac6    : c_ldsp s7, 184(sp)         : MemRead :  D=0x0000000000000000 A=0x7ffffffffffffb98
1346000: system.cpu: T0 : 0x1cac8    : c_ldsp s8, 176(sp)         : MemRead :  D=0x0000000000000000 A=0x7ffffffffffffb90
1346500: system.cpu: T0 : 0x1caca    : c_ldsp s9, 168(sp)         : MemRead :  D=0x0000000000000003 A=0x7ffffffffffffb88
1347000: system.cpu: T0 : 0x1cacc    : c_ldsp s10, 160(sp)        : MemRead :  D=0x0000000000000000 A=0x7ffffffffffffb80
1347500: system.cpu: T0 : 0x1cace    : c_ldsp s11, 152(sp)        : MemRead :  D=0x0000000000000000 A=0x7ffffffffffffb78
1348000: system.cpu: T0 : 0x1cad0    : c_mv a0, s2                : IntAlu :  D=0x0000000000072f90
1348500: system.cpu: T0 : 0x1cad2    : c_ldsp s2, 224(sp)         : MemRead :  D=0x0000000000000002 A=0x7ffffffffffffbc0
1349000: system.cpu: T0 : 0x1cad4    : c_addi16sp sp, 256         : IntAlu :  D=0x7ffffffffffffbe0
1349500: system.cpu: T0 : 0x1cad6    : c_jr ra                    : IntAlu : 
1350000: system.cpu: T0 : 0x1d2f8    : c_mv a5, a0                : IntAlu :  D=0x0000000000072f90
1350500: system.cpu: T0 : 0x1d2fa    : c_beqz a0, 70              : IntAlu : 
1351000: system.cpu: T0 : 0x1d2fc    : c_li a4, 0                 : IntAlu :  D=0x0000000000000000
1352000: system.cpu: T0 : 0x1d2fe    : fence iorw, ow             : No_OpClass : 
1353000: system.cpu: T0 : 0x1d302    : amoswap_w a4, a4, (s0)    
1353000: system.cpu: T0 : 0x1d302. 0 : amoswap_w[l] a4, a4, (s0)  : MemRead :  D=0x0000000000000001 A=0x6f5c8
1353500: system.cpu: T0 : 0x1d306    : c_addiw a4, 0              : IntAlu :  D=0x0000000000000001
1354000: system.cpu: T0 : 0x1d308    : c_li a3, 1                 : IntAlu :  D=0x0000000000000001
1355000: system.cpu: T0 : 0x1d30a    : blt a3, a4, 96             : IntAlu : 
1355500: system.cpu: T0 : 0x1d30e    : c_ldsp s0, 16(sp)          : MemRead :  D=0x0000000000000024 A=0x7ffffffffffffbf0
1356000: system.cpu: T0 : 0x1d310    : c_ldsp ra, 24(sp)          : MemRead :  D=0x000000000001dc80 A=0x7ffffffffffffbf8
1356500: system.cpu: T0 : 0x1d312    : c_ldsp s1, 8(sp)           : MemRead :  D=0x0000000000000001 A=0x7ffffffffffffbe8
1357000: system.cpu: T0 : 0x1d314    : sd a5, 40(tp)              : MemWrite :  D=0x0000000000072f90 A=0x72738
1357500: system.cpu: T0 : 0x1d318    : addi a2, zero, 640         : IntAlu :  D=0x0000000000000280
1358000: system.cpu: T0 : 0x1d31c    : c_li a1, 0                 : IntAlu :  D=0x0000000000000000
1358500: system.cpu: T0 : 0x1d31e    : c_mv a0, a5                : IntAlu :  D=0x0000000000072f90
1359000: system.cpu: T0 : 0x1d320    : c_addi16sp sp, 32          : IntAlu :  D=0x7ffffffffffffc00
1360000: system.cpu: T0 : 0x1d322    : jal zero, 10396            : IntAlu :  D=0x000000000001d326
1360500: system.cpu: T0 : 0x1fbbe    : c_li a4, 7                 : IntAlu :  D=0x0000000000000007
1361000: system.cpu: T0 : 0x1fbc0    : c_mv a5, a0                : IntAlu :  D=0x0000000000072f90
1362000: system.cpu: T0 : 0x1fbc2    : bgeu a4, a2, 140           : IntAlu : 
1363000: system.cpu: T0 : 0x1fbc6    : andi a7, a1, 255           : IntAlu :  D=0x0000000000000000
1364000: system.cpu: T0 : 0x1fbca    : slli a3, a7, 8             : IntAlu :  D=0x0000000000000000
1365000: system.cpu: T0 : 0x1fbce    : or a3, a3, a7              : IntAlu :  D=0x0000000000000000
1366000: system.cpu: T0 : 0x1fbd2    : slli a4, a3, 16            : IntAlu :  D=0x0000000000000000
1366500: system.cpu: T0 : 0x1fbd6    : c_or a3, a4                : IntAlu :  D=0x0000000000000000
1367000: system.cpu: T0 : 0x1fbd8    : slli a4, a3, 32            : IntAlu :  D=0x0000000000000000
1367500: system.cpu: T0 : 0x1fbdc    : andi a6, a0, 7             : IntAlu :  D=0x0000000000000000
1368000: system.cpu: T0 : 0x1fbe0    : c_or a4, a3                : IntAlu :  D=0x0000000000000000
1369000: system.cpu: T0 : 0x1fbe2    : beq a6, zero, 130          : IntAlu : 
1369500: system.cpu: T0 : 0x1fc64    : c_mv a3, a2                : IntAlu :  D=0x0000000000000280
1370000: system.cpu: T0 : 0x1fc66    : c_j -108                   : IntAlu : 
1371000: system.cpu: T0 : 0x1fbfa    : srli a6, a3, 6             : IntAlu :  D=0x000000000000000a
1372000: system.cpu: T0 : 0x1fbfe    : beq a6, zero, 42           : IntAlu : 
1373000: system.cpu: T0 : 0x1fc02    : slli a2, a6, 6             : IntAlu :  D=0x0000000000000280
1373500: system.cpu: T0 : 0x1fc06    : c_mv a7, a5                : IntAlu :  D=0x0000000000072f90
1374000: system.cpu: T0 : 0x1fc08    : c_add a2, a5               : IntAlu :  D=0x0000000000073210
1374500: system.cpu: T0 : 0x1fc0a    : c_sd a4, 0(a5)             : MemWrite :  D=0x0000000000000000 A=0x72f90
1375000: system.cpu: T0 : 0x1fc0c    : c_sd a4, 8(a5)             : MemWrite :  D=0x0000000000000000 A=0x72f98
1375500: system.cpu: T0 : 0x1fc0e    : c_sd a4, 16(a5)            : MemWrite :  D=0x0000000000000000 A=0x72fa0
1376000: system.cpu: T0 : 0x1fc10    : c_sd a4, 24(a5)            : MemWrite :  D=0x0000000000000000 A=0x72fa8
1376500: system.cpu: T0 : 0x1fc12    : c_sd a4, 32(a5)            : MemWrite :  D=0x0000000000000000 A=0x72fb0
1377000: system.cpu: T0 : 0x1fc14    : c_sd a4, 40(a5)            : MemWrite :  D=0x0000000000000000 A=0x72fb8
1377500: system.cpu: T0 : 0x1fc16    : c_sd a4, 48(a5)            : MemWrite :  D=0x0000000000000000 A=0x72fc0
1378000: system.cpu: T0 : 0x1fc18    : c_sd a4, 56(a5)            : MemWrite :  D=0x0000000000000000 A=0x72fc8
1379000: system.cpu: T0 : 0x1fc1a    : addi a5, a5, 64            : IntAlu :  D=0x0000000000072fd0
1380000: system.cpu: T0 : 0x1fc1e    : bne a2, a5, -20            : IntAlu : 
1380500: system.cpu: T0 : 0x1fc0a    : c_sd a4, 0(a5)             : MemWrite :  D=0x0000000000000000 A=0x72fd0
1381000: system.cpu: T0 : 0x1fc0c    : c_sd a4, 8(a5)             : MemWrite :  D=0x0000000000000000 A=0x72fd8
1381500: system.cpu: T0 : 0x1fc0e    : c_sd a4, 16(a5)            : MemWrite :  D=0x0000000000000000 A=0x72fe0
1382000: system.cpu: T0 : 0x1fc10    : c_sd a4, 24(a5)            : MemWrite :  D=0x0000000000000000 A=0x72fe8
1382500: system.cpu: T0 : 0x1fc12    : c_sd a4, 32(a5)            : MemWrite :  D=0x0000000000000000 A=0x72ff0
1383000: system.cpu: T0 : 0x1fc14    : c_sd a4, 40(a5)            : MemWrite :  D=0x0000000000000000 A=0x72ff8
1383500: system.cpu: T0 : 0x1fc16    : c_sd a4, 48(a5)            : MemWrite :  D=0x0000000000000000 A=0x73000
1384000: system.cpu: T0 : 0x1fc18    : c_sd a4, 56(a5)            : MemWrite :  D=0x0000000000000000 A=0x73008
1385000: system.cpu: T0 : 0x1fc1a    : addi a5, a5, 64            : IntAlu :  D=0x0000000000073010
1386000: system.cpu: T0 : 0x1fc1e    : bne a2, a5, -20            : IntAlu : 
1386500: system.cpu: T0 : 0x1fc0a    : c_sd a4, 0(a5)             : MemWrite :  D=0x0000000000000000 A=0x73010
1387000: system.cpu: T0 : 0x1fc0c    : c_sd a4, 8(a5)             : MemWrite :  D=0x0000000000000000 A=0x73018
1387500: system.cpu: T0 : 0x1fc0e    : c_sd a4, 16(a5)            : MemWrite :  D=0x0000000000000000 A=0x73020
1388000: system.cpu: T0 : 0x1fc10    : c_sd a4, 24(a5)            : MemWrite :  D=0x0000000000000000 A=0x73028
1388500: system.cpu: T0 : 0x1fc12    : c_sd a4, 32(a5)            : MemWrite :  D=0x0000000000000000 A=0x73030
1389000: system.cpu: T0 : 0x1fc14    : c_sd a4, 40(a5)            : MemWrite :  D=0x0000000000000000 A=0x73038
1389500: system.cpu: T0 : 0x1fc16    : c_sd a4, 48(a5)            : MemWrite :  D=0x0000000000000000 A=0x73040
1390000: system.cpu: T0 : 0x1fc18    : c_sd a4, 56(a5)            : MemWrite :  D=0x0000000000000000 A=0x73048
1391000: system.cpu: T0 : 0x1fc1a    : addi a5, a5, 64            : IntAlu :  D=0x0000000000073050
1392000: system.cpu: T0 : 0x1fc1e    : bne a2, a5, -20            : IntAlu : 
1392500: system.cpu: T0 : 0x1fc0a    : c_sd a4, 0(a5)             : MemWrite :  D=0x0000000000000000 A=0x73050
1393000: system.cpu: T0 : 0x1fc0c    : c_sd a4, 8(a5)             : MemWrite :  D=0x0000000000000000 A=0x73058
1393500: system.cpu: T0 : 0x1fc0e    : c_sd a4, 16(a5)            : MemWrite :  D=0x0000000000000000 A=0x73060
1394000: system.cpu: T0 : 0x1fc10    : c_sd a4, 24(a5)            : MemWrite :  D=0x0000000000000000 A=0x73068
1394500: system.cpu: T0 : 0x1fc12    : c_sd a4, 32(a5)            : MemWrite :  D=0x0000000000000000 A=0x73070
1395000: system.cpu: T0 : 0x1fc14    : c_sd a4, 40(a5)            : MemWrite :  D=0x0000000000000000 A=0x73078
1395500: system.cpu: T0 : 0x1fc16    : c_sd a4, 48(a5)            : MemWrite :  D=0x0000000000000000 A=0x73080
1396000: system.cpu: T0 : 0x1fc18    : c_sd a4, 56(a5)            : MemWrite :  D=0x0000000000000000 A=0x73088
1397000: system.cpu: T0 : 0x1fc1a    : addi a5, a5, 64            : IntAlu :  D=0x0000000000073090
1398000: system.cpu: T0 : 0x1fc1e    : bne a2, a5, -20            : IntAlu : 
1398500: system.cpu: T0 : 0x1fc0a    : c_sd a4, 0(a5)             : MemWrite :  D=0x0000000000000000 A=0x73090
1399000: system.cpu: T0 : 0x1fc0c    : c_sd a4, 8(a5)             : MemWrite :  D=0x0000000000000000 A=0x73098
1399500: system.cpu: T0 : 0x1fc0e    : c_sd a4, 16(a5)            : MemWrite :  D=0x0000000000000000 A=0x730a0
1400000: system.cpu: T0 : 0x1fc10    : c_sd a4, 24(a5)            : MemWrite :  D=0x0000000000000000 A=0x730a8
1400500: system.cpu: T0 : 0x1fc12    : c_sd a4, 32(a5)            : MemWrite :  D=0x0000000000000000 A=0x730b0
1401000: system.cpu: T0 : 0x1fc14    : c_sd a4, 40(a5)            : MemWrite :  D=0x0000000000000000 A=0x730b8
1401500: system.cpu: T0 : 0x1fc16    : c_sd a4, 48(a5)            : MemWrite :  D=0x0000000000000000 A=0x730c0
1402000: system.cpu: T0 : 0x1fc18    : c_sd a4, 56(a5)            : MemWrite :  D=0x0000000000000000 A=0x730c8
1403000: system.cpu: T0 : 0x1fc1a    : addi a5, a5, 64            : IntAlu :  D=0x00000000000730d0
1404000: system.cpu: T0 : 0x1fc1e    : bne a2, a5, -20            : IntAlu : 
1404500: system.cpu: T0 : 0x1fc0a    : c_sd a4, 0(a5)             : MemWrite :  D=0x0000000000000000 A=0x730d0
1405000: system.cpu: T0 : 0x1fc0c    : c_sd a4, 8(a5)             : MemWrite :  D=0x0000000000000000 A=0x730d8
1405500: system.cpu: T0 : 0x1fc0e    : c_sd a4, 16(a5)            : MemWrite :  D=0x0000000000000000 A=0x730e0
1406000: system.cpu: T0 : 0x1fc10    : c_sd a4, 24(a5)            : MemWrite :  D=0x0000000000000000 A=0x730e8
1406500: system.cpu: T0 : 0x1fc12    : c_sd a4, 32(a5)            : MemWrite :  D=0x0000000000000000 A=0x730f0
1407000: system.cpu: T0 : 0x1fc14    : c_sd a4, 40(a5)            : MemWrite :  D=0x0000000000000000 A=0x730f8
1407500: system.cpu: T0 : 0x1fc16    : c_sd a4, 48(a5)            : MemWrite :  D=0x0000000000000000 A=0x73100
1408000: system.cpu: T0 : 0x1fc18    : c_sd a4, 56(a5)            : MemWrite :  D=0x0000000000000000 A=0x73108
1409000: system.cpu: T0 : 0x1fc1a    : addi a5, a5, 64            : IntAlu :  D=0x0000000000073110
1410000: system.cpu: T0 : 0x1fc1e    : bne a2, a5, -20            : IntAlu : 
1410500: system.cpu: T0 : 0x1fc0a    : c_sd a4, 0(a5)             : MemWrite :  D=0x0000000000000000 A=0x73110
1411000: system.cpu: T0 : 0x1fc0c    : c_sd a4, 8(a5)             : MemWrite :  D=0x0000000000000000 A=0x73118
1411500: system.cpu: T0 : 0x1fc0e    : c_sd a4, 16(a5)            : MemWrite :  D=0x0000000000000000 A=0x73120
1412000: system.cpu: T0 : 0x1fc10    : c_sd a4, 24(a5)            : MemWrite :  D=0x0000000000000000 A=0x73128
1412500: system.cpu: T0 : 0x1fc12    : c_sd a4, 32(a5)            : MemWrite :  D=0x0000000000000000 A=0x73130
1413000: system.cpu: T0 : 0x1fc14    : c_sd a4, 40(a5)            : MemWrite :  D=0x0000000000000000 A=0x73138
1413500: system.cpu: T0 : 0x1fc16    : c_sd a4, 48(a5)            : MemWrite :  D=0x0000000000000000 A=0x73140
1414000: system.cpu: T0 : 0x1fc18    : c_sd a4, 56(a5)            : MemWrite :  D=0x0000000000000000 A=0x73148
1415000: system.cpu: T0 : 0x1fc1a    : addi a5, a5, 64            : IntAlu :  D=0x0000000000073150
1416000: system.cpu: T0 : 0x1fc1e    : bne a2, a5, -20            : IntAlu : 
1416500: system.cpu: T0 : 0x1fc0a    : c_sd a4, 0(a5)             : MemWrite :  D=0x0000000000000000 A=0x73150
1417000: system.cpu: T0 : 0x1fc0c    : c_sd a4, 8(a5)             : MemWrite :  D=0x0000000000000000 A=0x73158
1417500: system.cpu: T0 : 0x1fc0e    : c_sd a4, 16(a5)            : MemWrite :  D=0x0000000000000000 A=0x73160
1418000: system.cpu: T0 : 0x1fc10    : c_sd a4, 24(a5)            : MemWrite :  D=0x0000000000000000 A=0x73168
1418500: system.cpu: T0 : 0x1fc12    : c_sd a4, 32(a5)            : MemWrite :  D=0x0000000000000000 A=0x73170
1419000: system.cpu: T0 : 0x1fc14    : c_sd a4, 40(a5)            : MemWrite :  D=0x0000000000000000 A=0x73178
1419500: system.cpu: T0 : 0x1fc16    : c_sd a4, 48(a5)            : MemWrite :  D=0x0000000000000000 A=0x73180
1420000: system.cpu: T0 : 0x1fc18    : c_sd a4, 56(a5)            : MemWrite :  D=0x0000000000000000 A=0x73188
1421000: system.cpu: T0 : 0x1fc1a    : addi a5, a5, 64            : IntAlu :  D=0x0000000000073190
1422000: system.cpu: T0 : 0x1fc1e    : bne a2, a5, -20            : IntAlu : 
1422500: system.cpu: T0 : 0x1fc0a    : c_sd a4, 0(a5)             : MemWrite :  D=0x0000000000000000 A=0x73190
1423000: system.cpu: T0 : 0x1fc0c    : c_sd a4, 8(a5)             : MemWrite :  D=0x0000000000000000 A=0x73198
1423500: system.cpu: T0 : 0x1fc0e    : c_sd a4, 16(a5)            : MemWrite :  D=0x0000000000000000 A=0x731a0
1424000: system.cpu: T0 : 0x1fc10    : c_sd a4, 24(a5)            : MemWrite :  D=0x0000000000000000 A=0x731a8
1424500: system.cpu: T0 : 0x1fc12    : c_sd a4, 32(a5)            : MemWrite :  D=0x0000000000000000 A=0x731b0
1425000: system.cpu: T0 : 0x1fc14    : c_sd a4, 40(a5)            : MemWrite :  D=0x0000000000000000 A=0x731b8
1425500: system.cpu: T0 : 0x1fc16    : c_sd a4, 48(a5)            : MemWrite :  D=0x0000000000000000 A=0x731c0
1426000: system.cpu: T0 : 0x1fc18    : c_sd a4, 56(a5)            : MemWrite :  D=0x0000000000000000 A=0x731c8
1427000: system.cpu: T0 : 0x1fc1a    : addi a5, a5, 64            : IntAlu :  D=0x00000000000731d0
1428000: system.cpu: T0 : 0x1fc1e    : bne a2, a5, -20            : IntAlu : 
1428500: system.cpu: T0 : 0x1fc0a    : c_sd a4, 0(a5)             : MemWrite :  D=0x0000000000000000 A=0x731d0
1429000: system.cpu: T0 : 0x1fc0c    : c_sd a4, 8(a5)             : MemWrite :  D=0x0000000000000000 A=0x731d8
1429500: system.cpu: T0 : 0x1fc0e    : c_sd a4, 16(a5)            : MemWrite :  D=0x0000000000000000 A=0x731e0
1430000: system.cpu: T0 : 0x1fc10    : c_sd a4, 24(a5)            : MemWrite :  D=0x0000000000000000 A=0x731e8
1430500: system.cpu: T0 : 0x1fc12    : c_sd a4, 32(a5)            : MemWrite :  D=0x0000000000000000 A=0x731f0
1431000: system.cpu: T0 : 0x1fc14    : c_sd a4, 40(a5)            : MemWrite :  D=0x0000000000000000 A=0x731f8
1431500: system.cpu: T0 : 0x1fc16    : c_sd a4, 48(a5)            : MemWrite :  D=0x0000000000000000 A=0x73200
1432000: system.cpu: T0 : 0x1fc18    : c_sd a4, 56(a5)            : MemWrite :  D=0x0000000000000000 A=0x73208
1433000: system.cpu: T0 : 0x1fc1a    : addi a5, a5, 64            : IntAlu :  D=0x0000000000073210
1434000: system.cpu: T0 : 0x1fc1e    : bne a2, a5, -20            : IntAlu : 
1435000: system.cpu: T0 : 0x1fc22    : slli a5, a6, 6             : IntAlu :  D=0x0000000000000280
1435500: system.cpu: T0 : 0x1fc26    : c_add a5, a7               : IntAlu :  D=0x0000000000073210
1436000: system.cpu: T0 : 0x1fc28    : srli a6, a3, 3             : IntAlu :  D=0x0000000000000050
1436500: system.cpu: T0 : 0x1fc2c    : andi a6, a6, 7             : IntAlu :  D=0x0000000000000000
1437000: system.cpu: T0 : 0x1fc30    : beq a6, zero, 26           : IntAlu : 
1438000: system.cpu: T0 : 0x1fc4a    : andi a2, a3, 7             : IntAlu :  D=0x0000000000000000
1439000: system.cpu: T0 : 0x1fc4e    : andi a1, a1, 255           : IntAlu :  D=0x0000000000000000
1440000: system.cpu: T0 : 0x1fc52    : add a4, a5, a2             : IntAlu :  D=0x0000000000073210
1440500: system.cpu: T0 : 0x1fc56    : c_beqz a2, 12              : IntAlu : 
1441000: system.cpu: T0 : 0x1fc62    : c_jr ra                    : IntAlu : 
1441500: system.cpu: T0 : 0x1dc80    : lui a5, 111                : IntAlu :  D=0x000000000006f000
1442000: system.cpu: T0 : 0x1dc84    : ld a5, 1448(a5)            : MemRead :  D=0x0000000000000040 A=0x6f5a8
1442500: system.cpu: T0 : 0x1dc88    : bgeu s1, a5, -100          : IntAlu : 
1443000: system.cpu: T0 : 0x1dc8c    : ld a4, 40(tp)              : MemRead :  D=0x0000000000072f90 A=0x72738
1443500: system.cpu: T0 : 0x1dc90    : c_beqz a4, -108            : IntAlu : 
1444500: system.cpu: T0 : 0x1dc92    : slli a3, s1, 1             : IntAlu :  D=0x0000000000000002
1445000: system.cpu: T0 : 0x1dc96    : c_add a3, a4               : IntAlu :  D=0x0000000000072f92
1445500: system.cpu: T0 : 0x1dc98    : lhu a2, 0(a3)              : MemRead :  D=0x0000000000000000 A=0x72f92
1446000: system.cpu: T0 : 0x1dc9c    : c_beqz a2, -120            : IntAlu : 
1446500: system.cpu: T0 : 0x1dc24    : lw a5, -1808(tp)           : MemRead :  D=0x0000000000000000 A=0x72000
1447000: system.cpu: T0 : 0x1dc28    : c_bnez a5, 210             : IntAlu : 
1448000: system.cpu: T0 : 0x1dc2a    : lui s1, 111                : IntAlu :  D=0x000000000006f000
1448500: system.cpu: T0 : 0x1dc2e    : c_mv a1, s0                : IntAlu :  D=0x0000000000000024
1449000: system.cpu: T0 : 0x1dc30    : addi a0, s1, 1480          : IntAlu :  D=0x000000000006f5c8
1449500: system.cpu: T0 : 0x1dc34    : jal ra, -5230              : IntAlu :  D=0x000000000001dc38
1450000: system.cpu: T0 : 0x1c7c6    : c_addi16sp sp, -256        : IntAlu :  D=0x7ffffffffffffb00
1450500: system.cpu: T0 : 0x1c7c8    : c_sdsp ra, 248(sp)         : MemWrite :  D=0x000000000001dc38 A=0x7ffffffffffffbf8
1451000: system.cpu: T0 : 0x1c7ca    : c_sdsp s0, 240(sp)         : MemWrite :  D=0x0000000000000024 A=0x7ffffffffffffbf0
1451500: system.cpu: T0 : 0x1c7cc    : c_sdsp s1, 232(sp)         : MemWrite :  D=0x000000000006f000 A=0x7ffffffffffffbe8
1452000: system.cpu: T0 : 0x1c7ce    : c_sdsp s2, 224(sp)         : MemWrite :  D=0x0000000000000002 A=0x7ffffffffffffbe0
1452500: system.cpu: T0 : 0x1c7d0    : c_sdsp s3, 216(sp)         : MemWrite :  D=0x0000000000000000 A=0x7ffffffffffffbd8
1453000: system.cpu: T0 : 0x1c7d2    : c_sdsp s4, 208(sp)         : MemWrite :  D=0x0000000000000000 A=0x7ffffffffffffbd0
1453500: system.cpu: T0 : 0x1c7d4    : c_sdsp s5, 200(sp)         : MemWrite :  D=0x0000000000000000 A=0x7ffffffffffffbc8
1454000: system.cpu: T0 : 0x1c7d6    : c_sdsp s6, 192(sp)         : MemWrite :  D=0x0000000000072000 A=0x7ffffffffffffbc0
1454500: system.cpu: T0 : 0x1c7d8    : c_sdsp s7, 184(sp)         : MemWrite :  D=0x0000000000000000 A=0x7ffffffffffffbb8
1455000: system.cpu: T0 : 0x1c7da    : c_sdsp s8, 176(sp)         : MemWrite :  D=0x0000000000000000 A=0x7ffffffffffffbb0
1455500: system.cpu: T0 : 0x1c7dc    : c_sdsp s9, 168(sp)         : MemWrite :  D=0x0000000000000003 A=0x7ffffffffffffba8
1456000: system.cpu: T0 : 0x1c7de    : c_sdsp s10, 160(sp)        : MemWrite :  D=0x0000000000000000 A=0x7ffffffffffffba0
1456500: system.cpu: T0 : 0x1c7e0    : c_sdsp s11, 152(sp)        : MemWrite :  D=0x0000000000000000 A=0x7ffffffffffffb98
1457500: system.cpu: T0 : 0x1c7e2    : blt a1, zero, 1198         : IntAlu : 
1458500: system.cpu: T0 : 0x1c7e6    : addi s0, a1, 23            : IntAlu :  D=0x000000000000003b
1459000: system.cpu: T0 : 0x1c7ea    : c_li a5, 31                : IntAlu :  D=0x000000000000001f
1459500: system.cpu: T0 : 0x1c7ec    : c_mv s3, a1                : IntAlu :  D=0x0000000000000024
1460000: system.cpu: T0 : 0x1c7ee    : c_mv s1, a0                : IntAlu :  D=0x000000000006f5c8
1460500: system.cpu: T0 : 0x1c7f0    : bltu a5, s0, 220           : IntAlu : 
1461000: system.cpu: T0 : 0x1c8cc    : c_andi s0, 18446744073709551600 : IntAlu :  D=0x0000000000000030
1462000: system.cpu: T0 : 0x1c8ce    : beq a0, zero, 988          : IntAlu : 
1463000: system.cpu: T0 : 0x1c8d2    : ld a4, -1376(gp)           : MemRead :  D=0x0000000000000080 A=0x70ae8
1464000: system.cpu: T0 : 0x1c8d6    : srliw s9, s0, 4            : IntAlu :  D=0x0000000000000003
1465000: system.cpu: T0 : 0x1c8da    : srliw a5, s0, 4            : IntAlu :  D=0x0000000000000003
1466000: system.cpu: T0 : 0x1c8de    : bgeu a4, s0, 506           : IntAlu : 
1466500: system.cpu: T0 : 0x1cad8    : c_addiw a5, -2             : IntAlu :  D=0x0000000000000001
1467500: system.cpu: T0 : 0x1cada    : slli a2, a5, 32            : IntAlu :  D=0x0000000100000000
1468000: system.cpu: T0 : 0x1cade    : c_srli a2, 32              : IntAlu :  D=0x0000000000000001
1468500: system.cpu: T0 : 0x1cae0    : c_addi a2, 2               : IntAlu :  D=0x0000000000000003
1469000: system.cpu: T0 : 0x1cae2    : c_slli a2, 3               : IntAlu :  D=0x0000000000000018
1469500: system.cpu: T0 : 0x1cae4    : c_j -376                   : IntAlu : 
1470000: system.cpu: T0 : 0x1c96c    : c_slli a5, 32              : IntAlu :  D=0x0000000100000000
1470500: system.cpu: T0 : 0x1c96e    : c_srli a5, 29              : IntAlu :  D=0x0000000000000008
1471000: system.cpu: T0 : 0x1c970    : c_add a5, s1               : IntAlu :  D=0x000000000006f5d0
1472000: system.cpu: T0 : 0x1c972    : ld s2, 16(a5)              : MemRead :  D=0x0000000000000000 A=0x6f5e0
1473000: system.cpu: T0 : 0x1c976    : beq s2, zero, 170          : IntAlu : 
1473500: system.cpu: T0 : 0x1ca20    : addiw a5, s9, -1           : IntAlu :  D=0x0000000000000002
1474000: system.cpu: T0 : 0x1ca24    : slliw a5, a5, 1            : IntAlu :  D=0x0000000000000004
1474500: system.cpu: T0 : 0x1ca28    : c_slli a5, 32              : IntAlu :  D=0x0000000400000000
1475000: system.cpu: T0 : 0x1ca2a    : c_srli a5, 32              : IntAlu :  D=0x0000000000000004
1475500: system.cpu: T0 : 0x1ca2c    : c_addi a5, 14              : IntAlu :  D=0x0000000000000012
1476000: system.cpu: T0 : 0x1ca2e    : c_slli a5, 3               : IntAlu :  D=0x0000000000000090
1476500: system.cpu: T0 : 0x1ca30    : c_j -550                   : IntAlu : 
1477000: system.cpu: T0 : 0x1c80a    : c_add a5, s1               : IntAlu :  D=0x000000000006f658
1477500: system.cpu: T0 : 0x1c80c    : ld s2, 8(a5)               : MemRead :  D=0x000000000006f648 A=0x6f660
1478000: system.cpu: T0 : 0x1c810    : addi a3, a5, -16           : IntAlu :  D=0x000000000006f648
1478500: system.cpu: T0 : 0x1c814    : beq a3, s2, 748            : IntAlu : 
1479000: system.cpu: T0 : 0x1cb00    : srli t1, s0, 9             : IntAlu :  D=0x0000000000000000
1479500: system.cpu: T0 : 0x1cb04    : addiw a5, t1, 91           : IntAlu :  D=0x000000000000005b
1480000: system.cpu: T0 : 0x1cb08    : srli s10, s0, 6            : IntAlu :  D=0x0000000000000000
1480500: system.cpu: T0 : 0x1cb0c    : c_sdsp a5, 96(sp)          : MemWrite :  D=0x000000000000005b A=0x7ffffffffffffb60
1481500: system.cpu: T0 : 0x1cb0e    : addiw a5, s10, 48          : IntAlu :  D=0x0000000000000030
1482000: system.cpu: T0 : 0x1cb12    : c_sdsp a5, 88(sp)          : MemWrite :  D=0x0000000000000030 A=0x7ffffffffffffb58
1482500: system.cpu: T0 : 0x1cb14    : addi a5, zero, 110         : IntAlu :  D=0x000000000000006e
1483000: system.cpu: T0 : 0x1cb18    : c_sdsp a5, 112(sp)         : MemWrite :  D=0x000000000000006e A=0x7ffffffffffffb70
1484000: system.cpu: T0 : 0x1cb1a    : addi a5, zero, 119         : IntAlu :  D=0x0000000000000077
1484500: system.cpu: T0 : 0x1cb1e    : c_sdsp a5, 104(sp)         : MemWrite :  D=0x0000000000000077 A=0x7ffffffffffffb68
1485000: system.cpu: T0 : 0x1cb20    : addi a5, zero, 124         : IntAlu :  D=0x000000000000007c
1485500: system.cpu: T0 : 0x1cb24    : c_sdsp s9, 8(sp)           : MemWrite :  D=0x0000000000000003 A=0x7ffffffffffffb08
1486000: system.cpu: T0 : 0x1cb26    : c_sdsp a5, 120(sp)         : MemWrite :  D=0x000000000000007c A=0x7ffffffffffffb78
1486500: system.cpu: T0 : 0x1cb28    : c_sdsp zero, 128(sp)       : MemWrite :  D=0x0000000000000000 A=0x7ffffffffffffb80
1487000: system.cpu: T0 : 0x1cb2a    : c_sdsp zero, 136(sp)       : MemWrite :  D=0x0000000000000000 A=0x7ffffffffffffb88
1487500: system.cpu: T0 : 0x1cb2c    : ld a5, 40(tp)              : MemRead :  D=0x0000000000072f90 A=0x72738
1488000: system.cpu: T0 : 0x1cb30    : addi s6, s0, -17           : IntAlu :  D=0x000000000000001f
1488500: system.cpu: T0 : 0x1cb34    : srli s6, s6, 4             : IntAlu :  D=0x0000000000000001
1489000: system.cpu: T0 : 0x1cb38    : c_li s5, 0                 : IntAlu :  D=0x0000000000000000
1489500: system.cpu: T0 : 0x1cb3a    : c_beqz a5, 22              : IntAlu : 
1490000: system.cpu: T0 : 0x1cb3c    : lui a5, 111                : IntAlu :  D=0x000000000006f000
1490500: system.cpu: T0 : 0x1cb40    : ld s5, 1448(a5)            : MemRead :  D=0x0000000000000040 A=0x6f5a8
1491000: system.cpu: T0 : 0x1cb44    : sltu s5, s6, s5            : IntAlu :  D=0x0000000000000001
1491500: system.cpu: T0 : 0x1cb48    : sub s5, zero, s5           : IntAlu :  D=0xffffffffffffffff
1492000: system.cpu: T0 : 0x1cb4c    : and s5, s0, s5             : IntAlu :  D=0x0000000000000030
1492500: system.cpu: T0 : 0x1cb50    : lui a5, 111                : IntAlu :  D=0x000000000006f000
1493000: system.cpu: T0 : 0x1cb54    : c_lui s11, 1               : IntAlu :  D=0x0000000000001000
1494000: system.cpu: T0 : 0x1cb56    : lui s7, 111                : IntAlu :  D=0x000000000006f000
1495000: system.cpu: T0 : 0x1cb5a    : addi a5, a5, 1480          : IntAlu :  D=0x000000000006f5c8
1496000: system.cpu: T0 : 0x1cb5e    : addi s8, s1, 96            : IntAlu :  D=0x000000000006f628
1496500: system.cpu: T0 : 0x1cb62    : c_li t5, 0                 : IntAlu :  D=0x0000000000000000
1497000: system.cpu: T0 : 0x1cb64    : addi s7, s7, 1368          : IntAlu :  D=0x000000000006f558
1497500: system.cpu: T0 : 0x1cb68    : add a7, s1, s11            : IntAlu :  D=0x00000000000705c8
1498000: system.cpu: T0 : 0x1cb6c    : c_sdsp a5, 56(sp)          : MemWrite :  D=0x000000000006f5c8 A=0x7ffffffffffffb38
1498500: system.cpu: T0 : 0x1cb6e    : c_ld a5, 120(s1)           : MemRead :  D=0x000000000006f628 A=0x6f640
1499000: system.cpu: T0 : 0x1cb70    : beq a5, s8, 532            : IntAlu : 
1499500: system.cpu: T0 : 0x1cd84    : addi a5, zero, 1023        : IntAlu :  D=0x00000000000003ff
1500000: system.cpu: T0 : 0x1cd88    : bgeu a5, s0, 38            : IntAlu : 
1500500: system.cpu: T0 : 0x1cdae    : c_ldsp a3, 8(sp)           : MemRead :  D=0x0000000000000003 A=0x7ffffffffffffb08
1501000: system.cpu: T0 : 0x1cdb0    : c_li a0, 4                 : IntAlu :  D=0x0000000000000004
1502000: system.cpu: T0 : 0x1cdb2    : addiw a5, a3, 1            : IntAlu :  D=0x0000000000000004
1503000: system.cpu: T0 : 0x1cdb6    : srliw a4, a5, 5            : IntAlu :  D=0x0000000000000000
1504000: system.cpu: T0 : 0x1cdba    : slliw a3, a3, 1            : IntAlu :  D=0x0000000000000006
1505000: system.cpu: T0 : 0x1cdbe    : addi a4, a4, 536           : IntAlu :  D=0x0000000000000218
1505500: system.cpu: T0 : 0x1cdc2    : c_slli a3, 32              : IntAlu :  D=0x0000000600000000
1506000: system.cpu: T0 : 0x1cdc4    : c_slli a4, 2               : IntAlu :  D=0x0000000000000860
1506500: system.cpu: T0 : 0x1cdc6    : c_srli a3, 32              : IntAlu :  D=0x0000000000000006
1507000: system.cpu: T0 : 0x1cdc8    : c_add a4, s1               : IntAlu :  D=0x000000000006fe28
1507500: system.cpu: T0 : 0x1cdca    : c_slli a3, 3               : IntAlu :  D=0x0000000000000030
1508000: system.cpu: T0 : 0x1cdcc    : c_lw a2, 0(a4)             : MemRead :  D=0x0000000000000000 A=0x6fe28
1509000: system.cpu: T0 : 0x1cdce    : addi a3, a3, 96            : IntAlu :  D=0x0000000000000090
1509500: system.cpu: T0 : 0x1cdd2    : c_li a4, 1                 : IntAlu :  D=0x0000000000000001
1510000: system.cpu: T0 : 0x1cdd4    : srliw s2, a5, 5            : IntAlu :  D=0x0000000000000000
1510500: system.cpu: T0 : 0x1cdd8    : c_add a3, s1               : IntAlu :  D=0x000000000006f658
1511500: system.cpu: T0 : 0x1cdda    : sllw a5, a4, a5            : IntAlu :  D=0x0000000000000010
1512500: system.cpu: T0 : 0x1cdde    : bltu a2, a5, 144           : IntAlu : 
1513500: system.cpu: T0 : 0x1ce6e    : addiw a5, s2, 1            : IntAlu :  D=0x0000000000000001
1514500: system.cpu: T0 : 0x1ce72    : addiw s2, a5, 0            : IntAlu :  D=0x0000000000000001
1515500: system.cpu: T0 : 0x1ce76    : bne s2, a0, -26            : IntAlu : 
1516000: system.cpu: T0 : 0x1ce5c    : c_slli a5, 32              : IntAlu :  D=0x0000000100000000
1516500: system.cpu: T0 : 0x1ce5e    : c_srli a5, 32              : IntAlu :  D=0x0000000000000001
1517000: system.cpu: T0 : 0x1ce60    : addi a5, a5, 536           : IntAlu :  D=0x0000000000000219
1517500: system.cpu: T0 : 0x1ce64    : c_slli a5, 2               : IntAlu :  D=0x0000000000000864
1518000: system.cpu: T0 : 0x1ce66    : c_add a5, s1               : IntAlu :  D=0x000000000006fe2c
1518500: system.cpu: T0 : 0x1ce68    : c_lw a2, 0(a5)             : MemRead :  D=0x0000000000000000 A=0x6fe2c
1519500: system.cpu: T0 : 0x1ce6a    : bne a2, zero, 384          : IntAlu : 
1520500: system.cpu: T0 : 0x1ce6e    : addiw a5, s2, 1            : IntAlu :  D=0x0000000000000002
1521500: system.cpu: T0 : 0x1ce72    : addiw s2, a5, 0            : IntAlu :  D=0x0000000000000002
1522500: system.cpu: T0 : 0x1ce76    : bne s2, a0, -26            : IntAlu : 
1523000: system.cpu: T0 : 0x1ce5c    : c_slli a5, 32              : IntAlu :  D=0x0000000200000000
1523500: system.cpu: T0 : 0x1ce5e    : c_srli a5, 32              : IntAlu :  D=0x0000000000000002
1524000: system.cpu: T0 : 0x1ce60    : addi a5, a5, 536           : IntAlu :  D=0x000000000000021a
1524500: system.cpu: T0 : 0x1ce64    : c_slli a5, 2               : IntAlu :  D=0x0000000000000868
1525000: system.cpu: T0 : 0x1ce66    : c_add a5, s1               : IntAlu :  D=0x000000000006fe30
1525500: system.cpu: T0 : 0x1ce68    : c_lw a2, 0(a5)             : MemRead :  D=0x0000000000000000 A=0x6fe30
1526500: system.cpu: T0 : 0x1ce6a    : bne a2, zero, 384          : IntAlu : 
1527500: system.cpu: T0 : 0x1ce6e    : addiw a5, s2, 1            : IntAlu :  D=0x0000000000000003
1528500: system.cpu: T0 : 0x1ce72    : addiw s2, a5, 0            : IntAlu :  D=0x0000000000000003
1529500: system.cpu: T0 : 0x1ce76    : bne s2, a0, -26            : IntAlu : 
1530000: system.cpu: T0 : 0x1ce5c    : c_slli a5, 32              : IntAlu :  D=0x0000000300000000
1530500: system.cpu: T0 : 0x1ce5e    : c_srli a5, 32              : IntAlu :  D=0x0000000000000003
1531000: system.cpu: T0 : 0x1ce60    : addi a5, a5, 536           : IntAlu :  D=0x000000000000021b
1531500: system.cpu: T0 : 0x1ce64    : c_slli a5, 2               : IntAlu :  D=0x000000000000086c
1532000: system.cpu: T0 : 0x1ce66    : c_add a5, s1               : IntAlu :  D=0x000000000006fe34
1532500: system.cpu: T0 : 0x1ce68    : c_lw a2, 0(a5)             : MemRead :  D=0x0000000000000000 A=0x6fe34
1533500: system.cpu: T0 : 0x1ce6a    : bne a2, zero, 384          : IntAlu : 
1534500: system.cpu: T0 : 0x1ce6e    : addiw a5, s2, 1            : IntAlu :  D=0x0000000000000004
1535500: system.cpu: T0 : 0x1ce72    : addiw s2, a5, 0            : IntAlu :  D=0x0000000000000004
1536500: system.cpu: T0 : 0x1ce76    : bne s2, a0, -26            : IntAlu : 
1537000: system.cpu: T0 : 0x1ce7a    : c_ld a4, 96(s1)            : MemRead :  D=0x0000000000073210 A=0x6f628
1537500: system.cpu: T0 : 0x1ce7c    : ld a3, -1912(a7)           : MemRead :  D=0x0000000000021080 A=0x6fe50
1538000: system.cpu: T0 : 0x1ce80    : c_ld a5, 8(a4)             : MemRead :  D=0x0000000000020df1 A=0x73218
1538500: system.cpu: T0 : 0x1ce82    : c_andi a5, 18446744073709551608 : IntAlu :  D=0x0000000000020df0
1539000: system.cpu: T0 : 0x1ce84    : bltu a3, a5, 548           : IntAlu : 
1539500: system.cpu: T0 : 0x1ce88    : addi a3, s0, 32            : IntAlu :  D=0x0000000000000050
1540000: system.cpu: T0 : 0x1ce8c    : bgeu a5, a3, 640           : IntAlu : 
1540500: system.cpu: T0 : 0x1d10c    : add a0, a4, s0             : IntAlu :  D=0x0000000000073240
1541000: system.cpu: T0 : 0x1d110    : lui a2, 111                : IntAlu :  D=0x000000000006f000
1541500: system.cpu: T0 : 0x1d114    : c_sd a0, 96(s1)            : MemWrite :  D=0x0000000000073240 A=0x6f628
1542500: system.cpu: T0 : 0x1d116    : addi a2, a2, 1480          : IntAlu :  D=0x000000000006f5c8
1543000: system.cpu: T0 : 0x1d11a    : c_sub a5, s0               : IntAlu :  D=0x0000000000020dc0
1543500: system.cpu: T0 : 0x1d11c    : c_li a3, 4                 : IntAlu :  D=0x0000000000000004
1544500: system.cpu: T0 : 0x1d11e    : beq s1, a2, 116            : IntAlu : 
1545000: system.cpu: T0 : 0x1d192    : c_li a3, 0                 : IntAlu :  D=0x0000000000000000
1545500: system.cpu: T0 : 0x1d194    : c_j -114                   : IntAlu : 
1546000: system.cpu: T0 : 0x1d122    : c_or a3, s0                : IntAlu :  D=0x0000000000000030
1546500: system.cpu: T0 : 0x1d124    : ori a3, a3, 1              : IntAlu :  D=0x0000000000000031
1547000: system.cpu: T0 : 0x1d128    : lw a1, -1396(gp)           : MemRead :  D=0x0000000000000000 A=0x70ad4
1547500: system.cpu: T0 : 0x1d12c    : c_sd a3, 8(a4)             : MemWrite :  D=0x0000000000000031 A=0x73218
1548500: system.cpu: T0 : 0x1d12e    : ori a5, a5, 1              : IntAlu :  D=0x0000000000020dc1
1549000: system.cpu: T0 : 0x1d132    : c_sd a5, 8(a0)             : MemWrite :  D=0x0000000000020dc1 A=0x73248
1549500: system.cpu: T0 : 0x1d134    : addi s2, a4, 16            : IntAlu :  D=0x0000000000073220
1550000: system.cpu: T0 : 0x1d138    : beq a1, zero, -1664        : IntAlu : 
1550500: system.cpu: T0 : 0x1cab8    : c_ldsp ra, 248(sp)         : MemRead :  D=0x000000000001dc38 A=0x7ffffffffffffbf8
1551000: system.cpu: T0 : 0x1caba    : c_ldsp s0, 240(sp)         : MemRead :  D=0x0000000000000024 A=0x7ffffffffffffbf0
1551500: system.cpu: T0 : 0x1cabc    : c_ldsp s1, 232(sp)         : MemRead :  D=0x000000000006f000 A=0x7ffffffffffffbe8
1552000: system.cpu: T0 : 0x1cabe    : c_ldsp s3, 216(sp)         : MemRead :  D=0x0000000000000000 A=0x7ffffffffffffbd8
1552500: system.cpu: T0 : 0x1cac0    : c_ldsp s4, 208(sp)         : MemRead :  D=0x0000000000000000 A=0x7ffffffffffffbd0
1553000: system.cpu: T0 : 0x1cac2    : c_ldsp s5, 200(sp)         : MemRead :  D=0x0000000000000000 A=0x7ffffffffffffbc8
1553500: system.cpu: T0 : 0x1cac4    : c_ldsp s6, 192(sp)         : MemRead :  D=0x0000000000072000 A=0x7ffffffffffffbc0
1554000: system.cpu: T0 : 0x1cac6    : c_ldsp s7, 184(sp)         : MemRead :  D=0x0000000000000000 A=0x7ffffffffffffbb8
1554500: system.cpu: T0 : 0x1cac8    : c_ldsp s8, 176(sp)         : MemRead :  D=0x0000000000000000 A=0x7ffffffffffffbb0
1555000: system.cpu: T0 : 0x1caca    : c_ldsp s9, 168(sp)         : MemRead :  D=0x0000000000000003 A=0x7ffffffffffffba8
1555500: system.cpu: T0 : 0x1cacc    : c_ldsp s10, 160(sp)        : MemRead :  D=0x0000000000000000 A=0x7ffffffffffffba0
1556000: system.cpu: T0 : 0x1cace    : c_ldsp s11, 152(sp)        : MemRead :  D=0x0000000000000000 A=0x7ffffffffffffb98
1556500: system.cpu: T0 : 0x1cad0    : c_mv a0, s2                : IntAlu :  D=0x0000000000073220
1557000: system.cpu: T0 : 0x1cad2    : c_ldsp s2, 224(sp)         : MemRead :  D=0x0000000000000002 A=0x7ffffffffffffbe0
1557500: system.cpu: T0 : 0x1cad4    : c_addi16sp sp, 256         : IntAlu :  D=0x7ffffffffffffc00
1558000: system.cpu: T0 : 0x1cad6    : c_jr ra                    : IntAlu : 
1558500: system.cpu: T0 : 0x1dc38    : c_mv a5, a0                : IntAlu :  D=0x0000000000073220
1559000: system.cpu: T0 : 0x1dc3a    : c_beqz a0, 150             : IntAlu : 
1559500: system.cpu: T0 : 0x1dc3c    : ld a4, -8(a0)              : MemRead :  D=0x0000000000000031 A=0x73218
1560000: system.cpu: T0 : 0x1dc40    : andi a3, a4, 2             : IntAlu :  D=0x0000000000000000
1560500: system.cpu: T0 : 0x1dc44    : c_bnez a3, 26              : IntAlu : 
1561000: system.cpu: T0 : 0x1dc46    : c_andi a4, 4               : IntAlu :  D=0x0000000000000000
1561500: system.cpu: T0 : 0x1dc48    : c_beqz a4, 22              : IntAlu : 
1562000: system.cpu: T0 : 0x1dc5e    : c_ldsp ra, 24(sp)          : MemRead :  D=0x000000000003dcc2 A=0x7ffffffffffffc18
1562500: system.cpu: T0 : 0x1dc60    : c_ldsp s0, 16(sp)          : MemRead :  D=0x7ffffffffffffcf0 A=0x7ffffffffffffc10
1563000: system.cpu: T0 : 0x1dc62    : c_ldsp s1, 8(sp)           : MemRead :  D=0x7ffffffffffffc20 A=0x7ffffffffffffc08
1563500: system.cpu: T0 : 0x1dc64    : c_ldsp s2, 0(sp)           : MemRead :  D=0x0000000000000002 A=0x7ffffffffffffc00
1564000: system.cpu: T0 : 0x1dc66    : c_mv a0, a5                : IntAlu :  D=0x0000000000073220
1564500: system.cpu: T0 : 0x1dc68    : c_addi16sp sp, 32          : IntAlu :  D=0x7ffffffffffffc20
1565000: system.cpu: T0 : 0x1dc6a    : c_jr ra                    : IntAlu : 
1565500: system.cpu: T0 : 0x3dcc2    : c_mv s6, a0                : IntAlu :  D=0x0000000000073220
1566000: system.cpu: T0 : 0x3dcc4    : addi a5, s9, 1             : IntAlu :  D=0x0000000000000004
1566500: system.cpu: T0 : 0x3dcc8    : c_bnez a0, 64              : IntAlu : 
1567000: system.cpu: T0 : 0x3dd08    : c_ld a1, 0(s1)             : MemRead :  D=0x00000000000620e8 A=0x7ffffffffffffc20
1568000: system.cpu: T0 : 0x3dd0a    : addi a0, a0, 32            : IntAlu :  D=0x0000000000073240
1569000: system.cpu: T0 : 0x3dd0e    : sd a5, 8(s6)               : MemWrite :  D=0x0000000000000004 A=0x73228
1570000: system.cpu: T0 : 0x3dd12    : sd a0, 0(s6)               : MemWrite :  D=0x0000000000073240 A=0x73220
1571000: system.cpu: T0 : 0x3dd16    : sd a0, 16(s6)              : MemWrite :  D=0x0000000000073240 A=0x73230
1572000: system.cpu: T0 : 0x3dd1a    : sd zero, 24(s6)            : MemWrite :  D=0x0000000000000000 A=0x73238
1572500: system.cpu: T0 : 0x3dd1e    : c_mv a2, s9                : IntAlu :  D=0x0000000000000003
1573000: system.cpu: T0 : 0x3dd20    : jal ra, -123064            : IntAlu :  D=0x000000000003dd24
1573500: system.cpu: T0 : 0x1fc68    : c_addi sp, -16             : IntAlu :  D=0x7ffffffffffffc10
1574000: system.cpu: T0 : 0x1fc6a    : c_sdsp s0, 0(sp)           : MemWrite :  D=0x7ffffffffffffcf0 A=0x7ffffffffffffc10
1574500: system.cpu: T0 : 0x1fc6c    : c_sdsp ra, 8(sp)           : MemWrite :  D=0x000000000003dd24 A=0x7ffffffffffffc18
1575000: system.cpu: T0 : 0x1fc6e    : c_mv s0, a2                : IntAlu :  D=0x0000000000000003
1575500: system.cpu: T0 : 0x1fc70    : jal ra, 112                : IntAlu :  D=0x000000000001fc74
1576000: system.cpu: T0 : 0x1fce0    : c_addi16sp sp, -48         : IntAlu :  D=0x7ffffffffffffbe0
1576500: system.cpu: T0 : 0x1fce2    : c_sdsp s0, 32(sp)          : MemWrite :  D=0x0000000000000003 A=0x7ffffffffffffc00
1577000: system.cpu: T0 : 0x1fce4    : c_sdsp s2, 16(sp)          : MemWrite :  D=0x0000000000000002 A=0x7ffffffffffffbf0
1577500: system.cpu: T0 : 0x1fce6    : c_sdsp ra, 40(sp)          : MemWrite :  D=0x000000000001fc74 A=0x7ffffffffffffc08
1578000: system.cpu: T0 : 0x1fce8    : c_sdsp s1, 24(sp)          : MemWrite :  D=0x7ffffffffffffc20 A=0x7ffffffffffffbf8
1578500: system.cpu: T0 : 0x1fcea    : c_sdsp s3, 8(sp)           : MemWrite :  D=0x0000000000000000 A=0x7ffffffffffffbe8
1579000: system.cpu: T0 : 0x1fcec    : c_li a5, 15                : IntAlu :  D=0x000000000000000f
1579500: system.cpu: T0 : 0x1fcee    : c_mv s2, a0                : IntAlu :  D=0x0000000000073240
1580000: system.cpu: T0 : 0x1fcf0    : c_mv a4, a0                : IntAlu :  D=0x0000000000073240
1580500: system.cpu: T0 : 0x1fcf2    : c_mv s0, a1                : IntAlu :  D=0x00000000000620e8
1581000: system.cpu: T0 : 0x1fcf4    : bgeu a5, a2, 72            : IntAlu : 
1581500: system.cpu: T0 : 0x1fd3c    : c_addi a4, -1              : IntAlu :  D=0x000000000007323f
1582000: system.cpu: T0 : 0x1fd3e    : c_mv a5, s0                : IntAlu :  D=0x00000000000620e8
1582500: system.cpu: T0 : 0x1fd40    : add a1, a2, s0             : IntAlu :  D=0x00000000000620eb
1583000: system.cpu: T0 : 0x1fd44    : c_sub a4, s0               : IntAlu :  D=0x0000000000011157
1583500: system.cpu: T0 : 0x1fd46    : c_beqz a2, 20              : IntAlu : 
1584000: system.cpu: T0 : 0x1fd48    : lbu a2, 0(a5)              : MemRead :  D=0x0000000000000074 A=0x620e8
1584500: system.cpu: T0 : 0x1fd4c    : c_addi a5, 1               : IntAlu :  D=0x00000000000620e9
1585500: system.cpu: T0 : 0x1fd4e    : add a3, a4, a5             : IntAlu :  D=0x0000000000073240
1586500: system.cpu: T0 : 0x1fd52    : sb a2, 0(a3)               : MemWrite :  D=0x0000000000000074 A=0x73240
1587500: system.cpu: T0 : 0x1fd56    : bne a1, a5, -14            : IntAlu : 
1588000: system.cpu: T0 : 0x1fd48    : lbu a2, 0(a5)              : MemRead :  D=0x000000000000006c A=0x620e9
1588500: system.cpu: T0 : 0x1fd4c    : c_addi a5, 1               : IntAlu :  D=0x00000000000620ea
1589500: system.cpu: T0 : 0x1fd4e    : add a3, a4, a5             : IntAlu :  D=0x0000000000073241
1590500: system.cpu: T0 : 0x1fd52    : sb a2, 0(a3)               : MemWrite :  D=0x000000000000006c A=0x73241
1591500: system.cpu: T0 : 0x1fd56    : bne a1, a5, -14            : IntAlu : 
1592000: system.cpu: T0 : 0x1fd48    : lbu a2, 0(a5)              : MemRead :  D=0x0000000000000073 A=0x620ea
1592500: system.cpu: T0 : 0x1fd4c    : c_addi a5, 1               : IntAlu :  D=0x00000000000620eb
1593500: system.cpu: T0 : 0x1fd4e    : add a3, a4, a5             : IntAlu :  D=0x0000000000073242
1594500: system.cpu: T0 : 0x1fd52    : sb a2, 0(a3)               : MemWrite :  D=0x0000000000000073 A=0x73242
1595500: system.cpu: T0 : 0x1fd56    : bne a1, a5, -14            : IntAlu : 
1596000: system.cpu: T0 : 0x1fd5a    : c_ldsp ra, 40(sp)          : MemRead :  D=0x000000000001fc74 A=0x7ffffffffffffc08
1596500: system.cpu: T0 : 0x1fd5c    : c_ldsp s0, 32(sp)          : MemRead :  D=0x0000000000000003 A=0x7ffffffffffffc00
1597000: system.cpu: T0 : 0x1fd5e    : c_ldsp s1, 24(sp)          : MemRead :  D=0x7ffffffffffffc20 A=0x7ffffffffffffbf8
1597500: system.cpu: T0 : 0x1fd60    : c_ldsp s3, 8(sp)           : MemRead :  D=0x0000000000000000 A=0x7ffffffffffffbe8
1598000: system.cpu: T0 : 0x1fd62    : c_mv a0, s2                : IntAlu :  D=0x0000000000073240
1598500: system.cpu: T0 : 0x1fd64    : c_ldsp s2, 16(sp)          : MemRead :  D=0x0000000000000002 A=0x7ffffffffffffbf0
1599000: system.cpu: T0 : 0x1fd66    : c_addi16sp sp, 48          : IntAlu :  D=0x7ffffffffffffc10
1599500: system.cpu: T0 : 0x1fd68    : c_jr ra                    : IntAlu : 
1600000: system.cpu: T0 : 0x1fc74    : c_ldsp ra, 8(sp)           : MemRead :  D=0x000000000003dd24 A=0x7ffffffffffffc18
1600500: system.cpu: T0 : 0x1fc76    : c_add a0, s0               : IntAlu :  D=0x0000000000073243
1601000: system.cpu: T0 : 0x1fc78    : c_ldsp s0, 0(sp)           : MemRead :  D=0x7ffffffffffffcf0 A=0x7ffffffffffffc10
1601500: system.cpu: T0 : 0x1fc7a    : c_addi sp, 16              : IntAlu :  D=0x7ffffffffffffc20
1602000: system.cpu: T0 : 0x1fc7c    : c_jr ra                    : IntAlu : 
1602500: system.cpu: T0 : 0x3dd24    : ld a4, -136(s0)            : MemRead :  D=0x000000000006efd0 A=0x7ffffffffffffc68
1603000: system.cpu: T0 : 0x3dd28    : addi a5, zero, 47          : IntAlu :  D=0x000000000000002f
1603500: system.cpu: T0 : 0x3dd2c    : sb a5, 0(a0)               : MemWrite :  D=0x000000000000002f A=0x73243
1604000: system.cpu: T0 : 0x3dd30    : sd s2, 0(a4)               : MemWrite :  D=0x0000000000000002 A=0x6efd0
1604500: system.cpu: T0 : 0x3dd34    : ld a5, 8(s6)               : MemRead :  D=0x0000000000000004 A=0x73228
1605000: system.cpu: T0 : 0x3dd38    : ld a4, -160(s0)            : MemRead :  D=0x000000000006efc8 A=0x7ffffffffffffc50
1605500: system.cpu: T0 : 0x3dd3c    : c_sd a5, 0(a4)             : MemWrite :  D=0x0000000000000004 A=0x6efc8
1606000: system.cpu: T0 : 0x3dd3e    : c_j -178                   : IntAlu : 
1606500: system.cpu: T0 : 0x3dc8c    : addi sp, s0, -192          : IntAlu :  D=0x7ffffffffffffc30
1607000: system.cpu: T0 : 0x3dc90    : c_ldsp ra, 184(sp)         : MemRead :  D=0x000000000003b1fc A=0x7ffffffffffffce8
1607500: system.cpu: T0 : 0x3dc92    : c_mv a0, s6                : IntAlu :  D=0x0000000000073220
1608000: system.cpu: T0 : 0x3dc94    : c_ldsp s0, 176(sp)         : MemRead :  D=0x7ffffffffffffd30 A=0x7ffffffffffffce0
1608500: system.cpu: T0 : 0x3dc96    : c_ldsp s1, 168(sp)         : MemRead :  D=0x000000000006fe60 A=0x7ffffffffffffcd8
1609000: system.cpu: T0 : 0x3dc98    : c_ldsp s2, 160(sp)         : MemRead :  D=0x0000000000000000 A=0x7ffffffffffffcd0
1609500: system.cpu: T0 : 0x3dc9a    : c_ldsp s3, 152(sp)         : MemRead :  D=0x000000000006efc0 A=0x7ffffffffffffcc8
1610000: system.cpu: T0 : 0x3dc9c    : c_ldsp s4, 144(sp)         : MemRead :  D=0x0000000000070000 A=0x7ffffffffffffcc0
1610500: system.cpu: T0 : 0x3dc9e    : c_ldsp s5, 136(sp)         : MemRead :  D=0x0000000000072000 A=0x7ffffffffffffcb8
1611000: system.cpu: T0 : 0x3dca0    : c_ldsp s6, 128(sp)         : MemRead :  D=0x0000000000072000 A=0x7ffffffffffffcb0
1611500: system.cpu: T0 : 0x3dca2    : c_ldsp s7, 120(sp)         : MemRead :  D=0x0000000000000000 A=0x7ffffffffffffca8
1612000: system.cpu: T0 : 0x3dca4    : c_ldsp s8, 112(sp)         : MemRead :  D=0x0000000000000000 A=0x7ffffffffffffca0
1612500: system.cpu: T0 : 0x3dca6    : c_ldsp s9, 104(sp)         : MemRead :  D=0x0000000000000000 A=0x7ffffffffffffc98
1613000: system.cpu: T0 : 0x3dca8    : c_ldsp s10, 96(sp)         : MemRead :  D=0x0000000000000000 A=0x7ffffffffffffc90
1613500: system.cpu: T0 : 0x3dcaa    : c_ldsp s11, 88(sp)         : MemRead :  D=0x0000000000000000 A=0x7ffffffffffffc88
1614000: system.cpu: T0 : 0x3dcac    : c_addi16sp sp, 192         : IntAlu :  D=0x7ffffffffffffcf0
1614500: system.cpu: T0 : 0x3dcae    : c_jr ra                    : IntAlu : 
1615000: system.cpu: T0 : 0x3b1fc    : c_mv a5, a0                : IntAlu :  D=0x0000000000073220
1616000: system.cpu: T0 : 0x3b1fe    : addi a0, zero, 40          : IntAlu :  D=0x0000000000000028
1617000: system.cpu: T0 : 0x3b202    : sd a5, 24(s3)              : MemWrite :  D=0x0000000000073220 A=0x6efd8
1618000: system.cpu: T0 : 0x3b206    : jal ra, -120344            : IntAlu :  D=0x000000000003b20a
1619000: system.cpu: T0 : 0x1dbee    : ld t1, -1848(gp)           : MemRead :  D=0x0000000000000000 A=0x70910
1620000: system.cpu: T0 : 0x1dbf2    : bne t1, zero, 260          : IntAlu : 
1620500: system.cpu: T0 : 0x1dbf6    : c_addi sp, -32             : IntAlu :  D=0x7ffffffffffffcd0
1621000: system.cpu: T0 : 0x1dbf8    : c_sdsp s0, 16(sp)          : MemWrite :  D=0x7ffffffffffffd30 A=0x7ffffffffffffce0
1621500: system.cpu: T0 : 0x1dbfa    : c_sdsp ra, 24(sp)          : MemWrite :  D=0x000000000003b20a A=0x7ffffffffffffce8
1622000: system.cpu: T0 : 0x1dbfc    : c_sdsp s1, 8(sp)           : MemWrite :  D=0x000000000006fe60 A=0x7ffffffffffffcd8
1622500: system.cpu: T0 : 0x1dbfe    : c_sdsp s2, 0(sp)           : MemWrite :  D=0x0000000000000000 A=0x7ffffffffffffcd0
1623000: system.cpu: T0 : 0x1dc00    : c_mv s0, a0                : IntAlu :  D=0x0000000000000028
1624000: system.cpu: T0 : 0x1dc02    : blt a0, zero, 222          : IntAlu : 
1625000: system.cpu: T0 : 0x1dc06    : addi a5, a0, 23            : IntAlu :  D=0x000000000000003f
1625500: system.cpu: T0 : 0x1dc0a    : c_li a4, 31                : IntAlu :  D=0x000000000000001f
1626000: system.cpu: T0 : 0x1dc0c    : c_li s1, 0                 : IntAlu :  D=0x0000000000000000
1627000: system.cpu: T0 : 0x1dc0e    : bltu a4, a5, 94            : IntAlu : 
1627500: system.cpu: T0 : 0x1dc6c    : c_andi a5, 18446744073709551600 : IntAlu :  D=0x0000000000000030
1628000: system.cpu: T0 : 0x1dc6e    : c_addi a5, -17             : IntAlu :  D=0x000000000000001f
1628500: system.cpu: T0 : 0x1dc70    : srli s1, a5, 4             : IntAlu :  D=0x0000000000000001
1629000: system.cpu: T0 : 0x1dc74    : c_j -98                    : IntAlu : 
1630000: system.cpu: T0 : 0x1dc12    : ld a4, 40(tp)              : MemRead :  D=0x0000000000072f90 A=0x72738
1630500: system.cpu: T0 : 0x1dc16    : c_beqz a4, 96              : IntAlu : 
1631000: system.cpu: T0 : 0x1dc18    : lui a5, 111                : IntAlu :  D=0x000000000006f000
1631500: system.cpu: T0 : 0x1dc1c    : ld a5, 1448(a5)            : MemRead :  D=0x0000000000000040 A=0x6f5a8
1632000: system.cpu: T0 : 0x1dc20    : bltu s1, a5, 114           : IntAlu : 
1633000: system.cpu: T0 : 0x1dc92    : slli a3, s1, 1             : IntAlu :  D=0x0000000000000002
1633500: system.cpu: T0 : 0x1dc96    : c_add a3, a4               : IntAlu :  D=0x0000000000072f92
1634000: system.cpu: T0 : 0x1dc98    : lhu a2, 0(a3)              : MemRead :  D=0x0000000000000000 A=0x72f92
1634500: system.cpu: T0 : 0x1dc9c    : c_beqz a2, -120            : IntAlu : 
1635000: system.cpu: T0 : 0x1dc24    : lw a5, -1808(tp)           : MemRead :  D=0x0000000000000000 A=0x72000
1635500: system.cpu: T0 : 0x1dc28    : c_bnez a5, 210             : IntAlu : 
1636500: system.cpu: T0 : 0x1dc2a    : lui s1, 111                : IntAlu :  D=0x000000000006f000
1637000: system.cpu: T0 : 0x1dc2e    : c_mv a1, s0                : IntAlu :  D=0x0000000000000028
1637500: system.cpu: T0 : 0x1dc30    : addi a0, s1, 1480          : IntAlu :  D=0x000000000006f5c8
1638000: system.cpu: T0 : 0x1dc34    : jal ra, -5230              : IntAlu :  D=0x000000000001dc38
1638500: system.cpu: T0 : 0x1c7c6    : c_addi16sp sp, -256        : IntAlu :  D=0x7ffffffffffffbd0
1639000: system.cpu: T0 : 0x1c7c8    : c_sdsp ra, 248(sp)         : MemWrite :  D=0x000000000001dc38 A=0x7ffffffffffffcc8
1639500: system.cpu: T0 : 0x1c7ca    : c_sdsp s0, 240(sp)         : MemWrite :  D=0x0000000000000028 A=0x7ffffffffffffcc0
1640000: system.cpu: T0 : 0x1c7cc    : c_sdsp s1, 232(sp)         : MemWrite :  D=0x000000000006f000 A=0x7ffffffffffffcb8
1640500: system.cpu: T0 : 0x1c7ce    : c_sdsp s2, 224(sp)         : MemWrite :  D=0x0000000000000000 A=0x7ffffffffffffcb0
1641000: system.cpu: T0 : 0x1c7d0    : c_sdsp s3, 216(sp)         : MemWrite :  D=0x000000000006efc0 A=0x7ffffffffffffca8
1641500: system.cpu: T0 : 0x1c7d2    : c_sdsp s4, 208(sp)         : MemWrite :  D=0x0000000000070000 A=0x7ffffffffffffca0
1642000: system.cpu: T0 : 0x1c7d4    : c_sdsp s5, 200(sp)         : MemWrite :  D=0x0000000000072000 A=0x7ffffffffffffc98
1642500: system.cpu: T0 : 0x1c7d6    : c_sdsp s6, 192(sp)         : MemWrite :  D=0x0000000000072000 A=0x7ffffffffffffc90
1643000: system.cpu: T0 : 0x1c7d8    : c_sdsp s7, 184(sp)         : MemWrite :  D=0x0000000000000000 A=0x7ffffffffffffc88
1643500: system.cpu: T0 : 0x1c7da    : c_sdsp s8, 176(sp)         : MemWrite :  D=0x0000000000000000 A=0x7ffffffffffffc80
1644000: system.cpu: T0 : 0x1c7dc    : c_sdsp s9, 168(sp)         : MemWrite :  D=0x0000000000000000 A=0x7ffffffffffffc78
1644500: system.cpu: T0 : 0x1c7de    : c_sdsp s10, 160(sp)        : MemWrite :  D=0x0000000000000000 A=0x7ffffffffffffc70
1645000: system.cpu: T0 : 0x1c7e0    : c_sdsp s11, 152(sp)        : MemWrite :  D=0x0000000000000000 A=0x7ffffffffffffc68
1646000: system.cpu: T0 : 0x1c7e2    : blt a1, zero, 1198         : IntAlu : 
1647000: system.cpu: T0 : 0x1c7e6    : addi s0, a1, 23            : IntAlu :  D=0x000000000000003f
1647500: system.cpu: T0 : 0x1c7ea    : c_li a5, 31                : IntAlu :  D=0x000000000000001f
1648000: system.cpu: T0 : 0x1c7ec    : c_mv s3, a1                : IntAlu :  D=0x0000000000000028
1648500: system.cpu: T0 : 0x1c7ee    : c_mv s1, a0                : IntAlu :  D=0x000000000006f5c8
1649000: system.cpu: T0 : 0x1c7f0    : bltu a5, s0, 220           : IntAlu : 
1649500: system.cpu: T0 : 0x1c8cc    : c_andi s0, 18446744073709551600 : IntAlu :  D=0x0000000000000030
1650500: system.cpu: T0 : 0x1c8ce    : beq a0, zero, 988          : IntAlu : 
1651500: system.cpu: T0 : 0x1c8d2    : ld a4, -1376(gp)           : MemRead :  D=0x0000000000000080 A=0x70ae8
1652500: system.cpu: T0 : 0x1c8d6    : srliw s9, s0, 4            : IntAlu :  D=0x0000000000000003
1653500: system.cpu: T0 : 0x1c8da    : srliw a5, s0, 4            : IntAlu :  D=0x0000000000000003
1654500: system.cpu: T0 : 0x1c8de    : bgeu a4, s0, 506           : IntAlu : 
1655000: system.cpu: T0 : 0x1cad8    : c_addiw a5, -2             : IntAlu :  D=0x0000000000000001
1656000: system.cpu: T0 : 0x1cada    : slli a2, a5, 32            : IntAlu :  D=0x0000000100000000
1656500: system.cpu: T0 : 0x1cade    : c_srli a2, 32              : IntAlu :  D=0x0000000000000001
1657000: system.cpu: T0 : 0x1cae0    : c_addi a2, 2               : IntAlu :  D=0x0000000000000003
1657500: system.cpu: T0 : 0x1cae2    : c_slli a2, 3               : IntAlu :  D=0x0000000000000018
1658000: system.cpu: T0 : 0x1cae4    : c_j -376                   : IntAlu : 
1658500: system.cpu: T0 : 0x1c96c    : c_slli a5, 32              : IntAlu :  D=0x0000000100000000
1659000: system.cpu: T0 : 0x1c96e    : c_srli a5, 29              : IntAlu :  D=0x0000000000000008
1659500: system.cpu: T0 : 0x1c970    : c_add a5, s1               : IntAlu :  D=0x000000000006f5d0
1660500: system.cpu: T0 : 0x1c972    : ld s2, 16(a5)              : MemRead :  D=0x0000000000000000 A=0x6f5e0
1661500: system.cpu: T0 : 0x1c976    : beq s2, zero, 170          : IntAlu : 
1662000: system.cpu: T0 : 0x1ca20    : addiw a5, s9, -1           : IntAlu :  D=0x0000000000000002
1662500: system.cpu: T0 : 0x1ca24    : slliw a5, a5, 1            : IntAlu :  D=0x0000000000000004
1663000: system.cpu: T0 : 0x1ca28    : c_slli a5, 32              : IntAlu :  D=0x0000000400000000
1663500: system.cpu: T0 : 0x1ca2a    : c_srli a5, 32              : IntAlu :  D=0x0000000000000004
1664000: system.cpu: T0 : 0x1ca2c    : c_addi a5, 14              : IntAlu :  D=0x0000000000000012
1664500: system.cpu: T0 : 0x1ca2e    : c_slli a5, 3               : IntAlu :  D=0x0000000000000090
1665000: system.cpu: T0 : 0x1ca30    : c_j -550                   : IntAlu : 
1665500: system.cpu: T0 : 0x1c80a    : c_add a5, s1               : IntAlu :  D=0x000000000006f658
1666000: system.cpu: T0 : 0x1c80c    : ld s2, 8(a5)               : MemRead :  D=0x000000000006f648 A=0x6f660
1666500: system.cpu: T0 : 0x1c810    : addi a3, a5, -16           : IntAlu :  D=0x000000000006f648
1667000: system.cpu: T0 : 0x1c814    : beq a3, s2, 748            : IntAlu : 
1667500: system.cpu: T0 : 0x1cb00    : srli t1, s0, 9             : IntAlu :  D=0x0000000000000000
1668000: system.cpu: T0 : 0x1cb04    : addiw a5, t1, 91           : IntAlu :  D=0x000000000000005b
1668500: system.cpu: T0 : 0x1cb08    : srli s10, s0, 6            : IntAlu :  D=0x0000000000000000
1669000: system.cpu: T0 : 0x1cb0c    : c_sdsp a5, 96(sp)          : MemWrite :  D=0x000000000000005b A=0x7ffffffffffffc30
1670000: system.cpu: T0 : 0x1cb0e    : addiw a5, s10, 48          : IntAlu :  D=0x0000000000000030
1670500: system.cpu: T0 : 0x1cb12    : c_sdsp a5, 88(sp)          : MemWrite :  D=0x0000000000000030 A=0x7ffffffffffffc28
1671000: system.cpu: T0 : 0x1cb14    : addi a5, zero, 110         : IntAlu :  D=0x000000000000006e
1671500: system.cpu: T0 : 0x1cb18    : c_sdsp a5, 112(sp)         : MemWrite :  D=0x000000000000006e A=0x7ffffffffffffc40
1672500: system.cpu: T0 : 0x1cb1a    : addi a5, zero, 119         : IntAlu :  D=0x0000000000000077
1673000: system.cpu: T0 : 0x1cb1e    : c_sdsp a5, 104(sp)         : MemWrite :  D=0x0000000000000077 A=0x7ffffffffffffc38
1673500: system.cpu: T0 : 0x1cb20    : addi a5, zero, 124         : IntAlu :  D=0x000000000000007c
1674000: system.cpu: T0 : 0x1cb24    : c_sdsp s9, 8(sp)           : MemWrite :  D=0x0000000000000003 A=0x7ffffffffffffbd8
1674500: system.cpu: T0 : 0x1cb26    : c_sdsp a5, 120(sp)         : MemWrite :  D=0x000000000000007c A=0x7ffffffffffffc48
1675000: system.cpu: T0 : 0x1cb28    : c_sdsp zero, 128(sp)       : MemWrite :  D=0x0000000000000000 A=0x7ffffffffffffc50
1675500: system.cpu: T0 : 0x1cb2a    : c_sdsp zero, 136(sp)       : MemWrite :  D=0x0000000000000000 A=0x7ffffffffffffc58
1676000: system.cpu: T0 : 0x1cb2c    : ld a5, 40(tp)              : MemRead :  D=0x0000000000072f90 A=0x72738
1676500: system.cpu: T0 : 0x1cb30    : addi s6, s0, -17           : IntAlu :  D=0x000000000000001f
1677000: system.cpu: T0 : 0x1cb34    : srli s6, s6, 4             : IntAlu :  D=0x0000000000000001
1677500: system.cpu: T0 : 0x1cb38    : c_li s5, 0                 : IntAlu :  D=0x0000000000000000
1678000: system.cpu: T0 : 0x1cb3a    : c_beqz a5, 22              : IntAlu : 
1678500: system.cpu: T0 : 0x1cb3c    : lui a5, 111                : IntAlu :  D=0x000000000006f000
1679000: system.cpu: T0 : 0x1cb40    : ld s5, 1448(a5)            : MemRead :  D=0x0000000000000040 A=0x6f5a8
1679500: system.cpu: T0 : 0x1cb44    : sltu s5, s6, s5            : IntAlu :  D=0x0000000000000001
1680000: system.cpu: T0 : 0x1cb48    : sub s5, zero, s5           : IntAlu :  D=0xffffffffffffffff
1680500: system.cpu: T0 : 0x1cb4c    : and s5, s0, s5             : IntAlu :  D=0x0000000000000030
1681000: system.cpu: T0 : 0x1cb50    : lui a5, 111                : IntAlu :  D=0x000000000006f000
1681500: system.cpu: T0 : 0x1cb54    : c_lui s11, 1               : IntAlu :  D=0x0000000000001000
1682500: system.cpu: T0 : 0x1cb56    : lui s7, 111                : IntAlu :  D=0x000000000006f000
1683500: system.cpu: T0 : 0x1cb5a    : addi a5, a5, 1480          : IntAlu :  D=0x000000000006f5c8
1684500: system.cpu: T0 : 0x1cb5e    : addi s8, s1, 96            : IntAlu :  D=0x000000000006f628
1685000: system.cpu: T0 : 0x1cb62    : c_li t5, 0                 : IntAlu :  D=0x0000000000000000
1685500: system.cpu: T0 : 0x1cb64    : addi s7, s7, 1368          : IntAlu :  D=0x000000000006f558
1686000: system.cpu: T0 : 0x1cb68    : add a7, s1, s11            : IntAlu :  D=0x00000000000705c8
1686500: system.cpu: T0 : 0x1cb6c    : c_sdsp a5, 56(sp)          : MemWrite :  D=0x000000000006f5c8 A=0x7ffffffffffffc08
1687000: system.cpu: T0 : 0x1cb6e    : c_ld a5, 120(s1)           : MemRead :  D=0x000000000006f628 A=0x6f640
1687500: system.cpu: T0 : 0x1cb70    : beq a5, s8, 532            : IntAlu : 
1688000: system.cpu: T0 : 0x1cd84    : addi a5, zero, 1023        : IntAlu :  D=0x00000000000003ff
1688500: system.cpu: T0 : 0x1cd88    : bgeu a5, s0, 38            : IntAlu : 
1689000: system.cpu: T0 : 0x1cdae    : c_ldsp a3, 8(sp)           : MemRead :  D=0x0000000000000003 A=0x7ffffffffffffbd8
1689500: system.cpu: T0 : 0x1cdb0    : c_li a0, 4                 : IntAlu :  D=0x0000000000000004
1690500: system.cpu: T0 : 0x1cdb2    : addiw a5, a3, 1            : IntAlu :  D=0x0000000000000004
1691500: system.cpu: T0 : 0x1cdb6    : srliw a4, a5, 5            : IntAlu :  D=0x0000000000000000
1692500: system.cpu: T0 : 0x1cdba    : slliw a3, a3, 1            : IntAlu :  D=0x0000000000000006
1693500: system.cpu: T0 : 0x1cdbe    : addi a4, a4, 536           : IntAlu :  D=0x0000000000000218
1694000: system.cpu: T0 : 0x1cdc2    : c_slli a3, 32              : IntAlu :  D=0x0000000600000000
1694500: system.cpu: T0 : 0x1cdc4    : c_slli a4, 2               : IntAlu :  D=0x0000000000000860
1695000: system.cpu: T0 : 0x1cdc6    : c_srli a3, 32              : IntAlu :  D=0x0000000000000006
1695500: system.cpu: T0 : 0x1cdc8    : c_add a4, s1               : IntAlu :  D=0x000000000006fe28
1696000: system.cpu: T0 : 0x1cdca    : c_slli a3, 3               : IntAlu :  D=0x0000000000000030
1696500: system.cpu: T0 : 0x1cdcc    : c_lw a2, 0(a4)             : MemRead :  D=0x0000000000000000 A=0x6fe28
1697500: system.cpu: T0 : 0x1cdce    : addi a3, a3, 96            : IntAlu :  D=0x0000000000000090
1698000: system.cpu: T0 : 0x1cdd2    : c_li a4, 1                 : IntAlu :  D=0x0000000000000001
1698500: system.cpu: T0 : 0x1cdd4    : srliw s2, a5, 5            : IntAlu :  D=0x0000000000000000
1699000: system.cpu: T0 : 0x1cdd8    : c_add a3, s1               : IntAlu :  D=0x000000000006f658
1700000: system.cpu: T0 : 0x1cdda    : sllw a5, a4, a5            : IntAlu :  D=0x0000000000000010
1701000: system.cpu: T0 : 0x1cdde    : bltu a2, a5, 144           : IntAlu : 
1702000: system.cpu: T0 : 0x1ce6e    : addiw a5, s2, 1            : IntAlu :  D=0x0000000000000001
1703000: system.cpu: T0 : 0x1ce72    : addiw s2, a5, 0            : IntAlu :  D=0x0000000000000001
1704000: system.cpu: T0 : 0x1ce76    : bne s2, a0, -26            : IntAlu : 
1704500: system.cpu: T0 : 0x1ce5c    : c_slli a5, 32              : IntAlu :  D=0x0000000100000000
1705000: system.cpu: T0 : 0x1ce5e    : c_srli a5, 32              : IntAlu :  D=0x0000000000000001
1705500: system.cpu: T0 : 0x1ce60    : addi a5, a5, 536           : IntAlu :  D=0x0000000000000219
1706000: system.cpu: T0 : 0x1ce64    : c_slli a5, 2               : IntAlu :  D=0x0000000000000864
1706500: system.cpu: T0 : 0x1ce66    : c_add a5, s1               : IntAlu :  D=0x000000000006fe2c
1707000: system.cpu: T0 : 0x1ce68    : c_lw a2, 0(a5)             : MemRead :  D=0x0000000000000000 A=0x6fe2c
1708000: system.cpu: T0 : 0x1ce6a    : bne a2, zero, 384          : IntAlu : 
1709000: system.cpu: T0 : 0x1ce6e    : addiw a5, s2, 1            : IntAlu :  D=0x0000000000000002
1710000: system.cpu: T0 : 0x1ce72    : addiw s2, a5, 0            : IntAlu :  D=0x0000000000000002
1711000: system.cpu: T0 : 0x1ce76    : bne s2, a0, -26            : IntAlu : 
1711500: system.cpu: T0 : 0x1ce5c    : c_slli a5, 32              : IntAlu :  D=0x0000000200000000
1712000: system.cpu: T0 : 0x1ce5e    : c_srli a5, 32              : IntAlu :  D=0x0000000000000002
1712500: system.cpu: T0 : 0x1ce60    : addi a5, a5, 536           : IntAlu :  D=0x000000000000021a
1713000: system.cpu: T0 : 0x1ce64    : c_slli a5, 2               : IntAlu :  D=0x0000000000000868
1713500: system.cpu: T0 : 0x1ce66    : c_add a5, s1               : IntAlu :  D=0x000000000006fe30
1714000: system.cpu: T0 : 0x1ce68    : c_lw a2, 0(a5)             : MemRead :  D=0x0000000000000000 A=0x6fe30
1715000: system.cpu: T0 : 0x1ce6a    : bne a2, zero, 384          : IntAlu : 
1716000: system.cpu: T0 : 0x1ce6e    : addiw a5, s2, 1            : IntAlu :  D=0x0000000000000003
1717000: system.cpu: T0 : 0x1ce72    : addiw s2, a5, 0            : IntAlu :  D=0x0000000000000003
1718000: system.cpu: T0 : 0x1ce76    : bne s2, a0, -26            : IntAlu : 
1718500: system.cpu: T0 : 0x1ce5c    : c_slli a5, 32              : IntAlu :  D=0x0000000300000000
1719000: system.cpu: T0 : 0x1ce5e    : c_srli a5, 32              : IntAlu :  D=0x0000000000000003
1719500: system.cpu: T0 : 0x1ce60    : addi a5, a5, 536           : IntAlu :  D=0x000000000000021b
1720000: system.cpu: T0 : 0x1ce64    : c_slli a5, 2               : IntAlu :  D=0x000000000000086c
1720500: system.cpu: T0 : 0x1ce66    : c_add a5, s1               : IntAlu :  D=0x000000000006fe34
1721000: system.cpu: T0 : 0x1ce68    : c_lw a2, 0(a5)             : MemRead :  D=0x0000000000000000 A=0x6fe34
1722000: system.cpu: T0 : 0x1ce6a    : bne a2, zero, 384          : IntAlu : 
1723000: system.cpu: T0 : 0x1ce6e    : addiw a5, s2, 1            : IntAlu :  D=0x0000000000000004
1724000: system.cpu: T0 : 0x1ce72    : addiw s2, a5, 0            : IntAlu :  D=0x0000000000000004
1725000: system.cpu: T0 : 0x1ce76    : bne s2, a0, -26            : IntAlu : 
1725500: system.cpu: T0 : 0x1ce7a    : c_ld a4, 96(s1)            : MemRead :  D=0x0000000000073240 A=0x6f628
1726000: system.cpu: T0 : 0x1ce7c    : ld a3, -1912(a7)           : MemRead :  D=0x0000000000021080 A=0x6fe50
1726500: system.cpu: T0 : 0x1ce80    : c_ld a5, 8(a4)             : MemRead :  D=0x0000000000020dc1 A=0x73248
1727000: system.cpu: T0 : 0x1ce82    : c_andi a5, 18446744073709551608 : IntAlu :  D=0x0000000000020dc0
1727500: system.cpu: T0 : 0x1ce84    : bltu a3, a5, 548           : IntAlu : 
1728000: system.cpu: T0 : 0x1ce88    : addi a3, s0, 32            : IntAlu :  D=0x0000000000000050
1728500: system.cpu: T0 : 0x1ce8c    : bgeu a5, a3, 640           : IntAlu : 
1729000: system.cpu: T0 : 0x1d10c    : add a0, a4, s0             : IntAlu :  D=0x0000000000073270
1729500: system.cpu: T0 : 0x1d110    : lui a2, 111                : IntAlu :  D=0x000000000006f000
1730000: system.cpu: T0 : 0x1d114    : c_sd a0, 96(s1)            : MemWrite :  D=0x0000000000073270 A=0x6f628
1731000: system.cpu: T0 : 0x1d116    : addi a2, a2, 1480          : IntAlu :  D=0x000000000006f5c8
1731500: system.cpu: T0 : 0x1d11a    : c_sub a5, s0               : IntAlu :  D=0x0000000000020d90
1732000: system.cpu: T0 : 0x1d11c    : c_li a3, 4                 : IntAlu :  D=0x0000000000000004
1733000: system.cpu: T0 : 0x1d11e    : beq s1, a2, 116            : IntAlu : 
1733500: system.cpu: T0 : 0x1d192    : c_li a3, 0                 : IntAlu :  D=0x0000000000000000
1734000: system.cpu: T0 : 0x1d194    : c_j -114                   : IntAlu : 
1734500: system.cpu: T0 : 0x1d122    : c_or a3, s0                : IntAlu :  D=0x0000000000000030
1735000: system.cpu: T0 : 0x1d124    : ori a3, a3, 1              : IntAlu :  D=0x0000000000000031
1735500: system.cpu: T0 : 0x1d128    : lw a1, -1396(gp)           : MemRead :  D=0x0000000000000000 A=0x70ad4
1736000: system.cpu: T0 : 0x1d12c    : c_sd a3, 8(a4)             : MemWrite :  D=0x0000000000000031 A=0x73248
1737000: system.cpu: T0 : 0x1d12e    : ori a5, a5, 1              : IntAlu :  D=0x0000000000020d91
1737500: system.cpu: T0 : 0x1d132    : c_sd a5, 8(a0)             : MemWrite :  D=0x0000000000020d91 A=0x73278
1738000: system.cpu: T0 : 0x1d134    : addi s2, a4, 16            : IntAlu :  D=0x0000000000073250
1738500: system.cpu: T0 : 0x1d138    : beq a1, zero, -1664        : IntAlu : 
1739000: system.cpu: T0 : 0x1cab8    : c_ldsp ra, 248(sp)         : MemRead :  D=0x000000000001dc38 A=0x7ffffffffffffcc8
1739500: system.cpu: T0 : 0x1caba    : c_ldsp s0, 240(sp)         : MemRead :  D=0x0000000000000028 A=0x7ffffffffffffcc0
1740000: system.cpu: T0 : 0x1cabc    : c_ldsp s1, 232(sp)         : MemRead :  D=0x000000000006f000 A=0x7ffffffffffffcb8
1740500: system.cpu: T0 : 0x1cabe    : c_ldsp s3, 216(sp)         : MemRead :  D=0x000000000006efc0 A=0x7ffffffffffffca8
1741000: system.cpu: T0 : 0x1cac0    : c_ldsp s4, 208(sp)         : MemRead :  D=0x0000000000070000 A=0x7ffffffffffffca0
1741500: system.cpu: T0 : 0x1cac2    : c_ldsp s5, 200(sp)         : MemRead :  D=0x0000000000072000 A=0x7ffffffffffffc98
1742000: system.cpu: T0 : 0x1cac4    : c_ldsp s6, 192(sp)         : MemRead :  D=0x0000000000072000 A=0x7ffffffffffffc90
1742500: system.cpu: T0 : 0x1cac6    : c_ldsp s7, 184(sp)         : MemRead :  D=0x0000000000000000 A=0x7ffffffffffffc88
1743000: system.cpu: T0 : 0x1cac8    : c_ldsp s8, 176(sp)         : MemRead :  D=0x0000000000000000 A=0x7ffffffffffffc80
1743500: system.cpu: T0 : 0x1caca    : c_ldsp s9, 168(sp)         : MemRead :  D=0x0000000000000000 A=0x7ffffffffffffc78
1744000: system.cpu: T0 : 0x1cacc    : c_ldsp s10, 160(sp)        : MemRead :  D=0x0000000000000000 A=0x7ffffffffffffc70
1744500: system.cpu: T0 : 0x1cace    : c_ldsp s11, 152(sp)        : MemRead :  D=0x0000000000000000 A=0x7ffffffffffffc68
1745000: system.cpu: T0 : 0x1cad0    : c_mv a0, s2                : IntAlu :  D=0x0000000000073250
1745500: system.cpu: T0 : 0x1cad2    : c_ldsp s2, 224(sp)         : MemRead :  D=0x0000000000000000 A=0x7ffffffffffffcb0
1746000: system.cpu: T0 : 0x1cad4    : c_addi16sp sp, 256         : IntAlu :  D=0x7ffffffffffffcd0
1746500: system.cpu: T0 : 0x1cad6    : c_jr ra                    : IntAlu : 
1747000: system.cpu: T0 : 0x1dc38    : c_mv a5, a0                : IntAlu :  D=0x0000000000073250
1747500: system.cpu: T0 : 0x1dc3a    : c_beqz a0, 150             : IntAlu : 
1748000: system.cpu: T0 : 0x1dc3c    : ld a4, -8(a0)              : MemRead :  D=0x0000000000000031 A=0x73248
1748500: system.cpu: T0 : 0x1dc40    : andi a3, a4, 2             : IntAlu :  D=0x0000000000000000
1749000: system.cpu: T0 : 0x1dc44    : c_bnez a3, 26              : IntAlu : 
1749500: system.cpu: T0 : 0x1dc46    : c_andi a4, 4               : IntAlu :  D=0x0000000000000000
1750000: system.cpu: T0 : 0x1dc48    : c_beqz a4, 22              : IntAlu : 
1750500: system.cpu: T0 : 0x1dc5e    : c_ldsp ra, 24(sp)          : MemRead :  D=0x000000000003b20a A=0x7ffffffffffffce8
1751000: system.cpu: T0 : 0x1dc60    : c_ldsp s0, 16(sp)          : MemRead :  D=0x7ffffffffffffd30 A=0x7ffffffffffffce0
1751500: system.cpu: T0 : 0x1dc62    : c_ldsp s1, 8(sp)           : MemRead :  D=0x000000000006fe60 A=0x7ffffffffffffcd8
1752000: system.cpu: T0 : 0x1dc64    : c_ldsp s2, 0(sp)           : MemRead :  D=0x0000000000000000 A=0x7ffffffffffffcd0
1752500: system.cpu: T0 : 0x1dc66    : c_mv a0, a5                : IntAlu :  D=0x0000000000073250
1753000: system.cpu: T0 : 0x1dc68    : c_addi16sp sp, 32          : IntAlu :  D=0x7ffffffffffffcf0
1753500: system.cpu: T0 : 0x1dc6a    : c_jr ra                    : IntAlu : 
1754500: system.cpu: T0 : 0x3b20a    : sd a0, 32(s3)              : MemWrite :  D=0x0000000000073250 A=0x6efe0
1755500: system.cpu: T0 : 0x3b20e    : beq a0, zero, 382          : IntAlu : 
1756500: system.cpu: T0 : 0x3b212    : ld s1, 16(s3)              : MemRead :  D=0x0000000000000002 A=0x6efd0
1757500: system.cpu: T0 : 0x3b216    : addi a7, zero, 40          : IntAlu :  D=0x0000000000000028
1758000: system.cpu: T0 : 0x3b21a    : c_mv s5, a0                : IntAlu :  D=0x0000000000073250
1758500: system.cpu: T0 : 0x3b21c    : slli s4, s1, 2             : IntAlu :  D=0x0000000000000008
1759000: system.cpu: T0 : 0x3b220    : addi s4, s4, 79            : IntAlu :  D=0x0000000000000057
1759500: system.cpu: T0 : 0x3b224    : divu s4, s4, a7            : IntDiv :  D=0x0000000000000002
1760000: system.cpu: T0 : 0x3b228    : slli a7, s4, 2             : IntAlu :  D=0x0000000000000008
1760500: system.cpu: T0 : 0x3b22c    : c_add s4, a7               : IntAlu :  D=0x000000000000000a
1761500: system.cpu: T0 : 0x3b22e    : slli a0, s4, 5             : IntAlu :  D=0x0000000000000140
1762500: system.cpu: T0 : 0x3b232    : jal ra, -120388            : IntAlu :  D=0x000000000003b236
1763500: system.cpu: T0 : 0x1dbee    : ld t1, -1848(gp)           : MemRead :  D=0x0000000000000000 A=0x70910
1764500: system.cpu: T0 : 0x1dbf2    : bne t1, zero, 260          : IntAlu : 
1765000: system.cpu: T0 : 0x1dbf6    : c_addi sp, -32             : IntAlu :  D=0x7ffffffffffffcd0
1765500: system.cpu: T0 : 0x1dbf8    : c_sdsp s0, 16(sp)          : MemWrite :  D=0x7ffffffffffffd30 A=0x7ffffffffffffce0
1766000: system.cpu: T0 : 0x1dbfa    : c_sdsp ra, 24(sp)          : MemWrite :  D=0x000000000003b236 A=0x7ffffffffffffce8
1766500: system.cpu: T0 : 0x1dbfc    : c_sdsp s1, 8(sp)           : MemWrite :  D=0x0000000000000002 A=0x7ffffffffffffcd8
1767000: system.cpu: T0 : 0x1dbfe    : c_sdsp s2, 0(sp)           : MemWrite :  D=0x0000000000000000 A=0x7ffffffffffffcd0
1767500: system.cpu: T0 : 0x1dc00    : c_mv s0, a0                : IntAlu :  D=0x0000000000000140
1768500: system.cpu: T0 : 0x1dc02    : blt a0, zero, 222          : IntAlu : 
1769500: system.cpu: T0 : 0x1dc06    : addi a5, a0, 23            : IntAlu :  D=0x0000000000000157
1770000: system.cpu: T0 : 0x1dc0a    : c_li a4, 31                : IntAlu :  D=0x000000000000001f
1770500: system.cpu: T0 : 0x1dc0c    : c_li s1, 0                 : IntAlu :  D=0x0000000000000000
1771500: system.cpu: T0 : 0x1dc0e    : bltu a4, a5, 94            : IntAlu : 
1772000: system.cpu: T0 : 0x1dc6c    : c_andi a5, 18446744073709551600 : IntAlu :  D=0x0000000000000150
1772500: system.cpu: T0 : 0x1dc6e    : c_addi a5, -17             : IntAlu :  D=0x000000000000013f
1773000: system.cpu: T0 : 0x1dc70    : srli s1, a5, 4             : IntAlu :  D=0x0000000000000013
1773500: system.cpu: T0 : 0x1dc74    : c_j -98                    : IntAlu : 
1774500: system.cpu: T0 : 0x1dc12    : ld a4, 40(tp)              : MemRead :  D=0x0000000000072f90 A=0x72738
1775000: system.cpu: T0 : 0x1dc16    : c_beqz a4, 96              : IntAlu : 
1775500: system.cpu: T0 : 0x1dc18    : lui a5, 111                : IntAlu :  D=0x000000000006f000
1776000: system.cpu: T0 : 0x1dc1c    : ld a5, 1448(a5)            : MemRead :  D=0x0000000000000040 A=0x6f5a8
1776500: system.cpu: T0 : 0x1dc20    : bltu s1, a5, 114           : IntAlu : 
1777500: system.cpu: T0 : 0x1dc92    : slli a3, s1, 1             : IntAlu :  D=0x0000000000000026
1778000: system.cpu: T0 : 0x1dc96    : c_add a3, a4               : IntAlu :  D=0x0000000000072fb6
1778500: system.cpu: T0 : 0x1dc98    : lhu a2, 0(a3)              : MemRead :  D=0x0000000000000000 A=0x72fb6
1779000: system.cpu: T0 : 0x1dc9c    : c_beqz a2, -120            : IntAlu : 
1779500: system.cpu: T0 : 0x1dc24    : lw a5, -1808(tp)           : MemRead :  D=0x0000000000000000 A=0x72000
1780000: system.cpu: T0 : 0x1dc28    : c_bnez a5, 210             : IntAlu : 
1781000: system.cpu: T0 : 0x1dc2a    : lui s1, 111                : IntAlu :  D=0x000000000006f000
1781500: system.cpu: T0 : 0x1dc2e    : c_mv a1, s0                : IntAlu :  D=0x0000000000000140
1782000: system.cpu: T0 : 0x1dc30    : addi a0, s1, 1480          : IntAlu :  D=0x000000000006f5c8
1782500: system.cpu: T0 : 0x1dc34    : jal ra, -5230              : IntAlu :  D=0x000000000001dc38
1783000: system.cpu: T0 : 0x1c7c6    : c_addi16sp sp, -256        : IntAlu :  D=0x7ffffffffffffbd0
1783500: system.cpu: T0 : 0x1c7c8    : c_sdsp ra, 248(sp)         : MemWrite :  D=0x000000000001dc38 A=0x7ffffffffffffcc8
1784000: system.cpu: T0 : 0x1c7ca    : c_sdsp s0, 240(sp)         : MemWrite :  D=0x0000000000000140 A=0x7ffffffffffffcc0
1784500: system.cpu: T0 : 0x1c7cc    : c_sdsp s1, 232(sp)         : MemWrite :  D=0x000000000006f000 A=0x7ffffffffffffcb8
1785000: system.cpu: T0 : 0x1c7ce    : c_sdsp s2, 224(sp)         : MemWrite :  D=0x0000000000000000 A=0x7ffffffffffffcb0
1785500: system.cpu: T0 : 0x1c7d0    : c_sdsp s3, 216(sp)         : MemWrite :  D=0x000000000006efc0 A=0x7ffffffffffffca8
1786000: system.cpu: T0 : 0x1c7d2    : c_sdsp s4, 208(sp)         : MemWrite :  D=0x000000000000000a A=0x7ffffffffffffca0
1786500: system.cpu: T0 : 0x1c7d4    : c_sdsp s5, 200(sp)         : MemWrite :  D=0x0000000000073250 A=0x7ffffffffffffc98
1787000: system.cpu: T0 : 0x1c7d6    : c_sdsp s6, 192(sp)         : MemWrite :  D=0x0000000000072000 A=0x7ffffffffffffc90
1787500: system.cpu: T0 : 0x1c7d8    : c_sdsp s7, 184(sp)         : MemWrite :  D=0x0000000000000000 A=0x7ffffffffffffc88
1788000: system.cpu: T0 : 0x1c7da    : c_sdsp s8, 176(sp)         : MemWrite :  D=0x0000000000000000 A=0x7ffffffffffffc80
1788500: system.cpu: T0 : 0x1c7dc    : c_sdsp s9, 168(sp)         : MemWrite :  D=0x0000000000000000 A=0x7ffffffffffffc78
1789000: system.cpu: T0 : 0x1c7de    : c_sdsp s10, 160(sp)        : MemWrite :  D=0x0000000000000000 A=0x7ffffffffffffc70
1789500: system.cpu: T0 : 0x1c7e0    : c_sdsp s11, 152(sp)        : MemWrite :  D=0x0000000000000000 A=0x7ffffffffffffc68
1790500: system.cpu: T0 : 0x1c7e2    : blt a1, zero, 1198         : IntAlu : 
1791500: system.cpu: T0 : 0x1c7e6    : addi s0, a1, 23            : IntAlu :  D=0x0000000000000157
1792000: system.cpu: T0 : 0x1c7ea    : c_li a5, 31                : IntAlu :  D=0x000000000000001f
1792500: system.cpu: T0 : 0x1c7ec    : c_mv s3, a1                : IntAlu :  D=0x0000000000000140
1793000: system.cpu: T0 : 0x1c7ee    : c_mv s1, a0                : IntAlu :  D=0x000000000006f5c8
1793500: system.cpu: T0 : 0x1c7f0    : bltu a5, s0, 220           : IntAlu : 
1794000: system.cpu: T0 : 0x1c8cc    : c_andi s0, 18446744073709551600 : IntAlu :  D=0x0000000000000150
1795000: system.cpu: T0 : 0x1c8ce    : beq a0, zero, 988          : IntAlu : 
1796000: system.cpu: T0 : 0x1c8d2    : ld a4, -1376(gp)           : MemRead :  D=0x0000000000000080 A=0x70ae8
1797000: system.cpu: T0 : 0x1c8d6    : srliw s9, s0, 4            : IntAlu :  D=0x0000000000000015
1798000: system.cpu: T0 : 0x1c8da    : srliw a5, s0, 4            : IntAlu :  D=0x0000000000000015
1799000: system.cpu: T0 : 0x1c8de    : bgeu a4, s0, 506           : IntAlu : 
1800000: system.cpu: T0 : 0x1c8e2    : addi a4, zero, 1023        : IntAlu :  D=0x00000000000003ff
1801000: system.cpu: T0 : 0x1c8e6    : bgeu a4, s0, 1722          : IntAlu : 
1801500: system.cpu: T0 : 0x1cfa0    : c_addiw a5, -1             : IntAlu :  D=0x0000000000000014
1802000: system.cpu: T0 : 0x1cfa2    : c_j -1406                  : IntAlu : 
1802500: system.cpu: T0 : 0x1ca24    : slliw a5, a5, 1            : IntAlu :  D=0x0000000000000028
1803000: system.cpu: T0 : 0x1ca28    : c_slli a5, 32              : IntAlu :  D=0x0000002800000000
1803500: system.cpu: T0 : 0x1ca2a    : c_srli a5, 32              : IntAlu :  D=0x0000000000000028
1804000: system.cpu: T0 : 0x1ca2c    : c_addi a5, 14              : IntAlu :  D=0x0000000000000036
1804500: system.cpu: T0 : 0x1ca2e    : c_slli a5, 3               : IntAlu :  D=0x00000000000001b0
1805000: system.cpu: T0 : 0x1ca30    : c_j -550                   : IntAlu : 
1805500: system.cpu: T0 : 0x1c80a    : c_add a5, s1               : IntAlu :  D=0x000000000006f778
1806000: system.cpu: T0 : 0x1c80c    : ld s2, 8(a5)               : MemRead :  D=0x000000000006f768 A=0x6f780
1806500: system.cpu: T0 : 0x1c810    : addi a3, a5, -16           : IntAlu :  D=0x000000000006f768
1807000: system.cpu: T0 : 0x1c814    : beq a3, s2, 748            : IntAlu : 
1807500: system.cpu: T0 : 0x1cb00    : srli t1, s0, 9             : IntAlu :  D=0x0000000000000000
1808000: system.cpu: T0 : 0x1cb04    : addiw a5, t1, 91           : IntAlu :  D=0x000000000000005b
1808500: system.cpu: T0 : 0x1cb08    : srli s10, s0, 6            : IntAlu :  D=0x0000000000000005
1809000: system.cpu: T0 : 0x1cb0c    : c_sdsp a5, 96(sp)          : MemWrite :  D=0x000000000000005b A=0x7ffffffffffffc30
1810000: system.cpu: T0 : 0x1cb0e    : addiw a5, s10, 48          : IntAlu :  D=0x0000000000000035
1810500: system.cpu: T0 : 0x1cb12    : c_sdsp a5, 88(sp)          : MemWrite :  D=0x0000000000000035 A=0x7ffffffffffffc28
1811000: system.cpu: T0 : 0x1cb14    : addi a5, zero, 110         : IntAlu :  D=0x000000000000006e
1811500: system.cpu: T0 : 0x1cb18    : c_sdsp a5, 112(sp)         : MemWrite :  D=0x000000000000006e A=0x7ffffffffffffc40
1812500: system.cpu: T0 : 0x1cb1a    : addi a5, zero, 119         : IntAlu :  D=0x0000000000000077
1813000: system.cpu: T0 : 0x1cb1e    : c_sdsp a5, 104(sp)         : MemWrite :  D=0x0000000000000077 A=0x7ffffffffffffc38
1813500: system.cpu: T0 : 0x1cb20    : addi a5, zero, 124         : IntAlu :  D=0x000000000000007c
1814000: system.cpu: T0 : 0x1cb24    : c_sdsp s9, 8(sp)           : MemWrite :  D=0x0000000000000015 A=0x7ffffffffffffbd8
1814500: system.cpu: T0 : 0x1cb26    : c_sdsp a5, 120(sp)         : MemWrite :  D=0x000000000000007c A=0x7ffffffffffffc48
1815000: system.cpu: T0 : 0x1cb28    : c_sdsp zero, 128(sp)       : MemWrite :  D=0x0000000000000000 A=0x7ffffffffffffc50
1815500: system.cpu: T0 : 0x1cb2a    : c_sdsp zero, 136(sp)       : MemWrite :  D=0x0000000000000000 A=0x7ffffffffffffc58
1816000: system.cpu: T0 : 0x1cb2c    : ld a5, 40(tp)              : MemRead :  D=0x0000000000072f90 A=0x72738
1816500: system.cpu: T0 : 0x1cb30    : addi s6, s0, -17           : IntAlu :  D=0x000000000000013f
1817000: system.cpu: T0 : 0x1cb34    : srli s6, s6, 4             : IntAlu :  D=0x0000000000000013
1817500: system.cpu: T0 : 0x1cb38    : c_li s5, 0                 : IntAlu :  D=0x0000000000000000
1818000: system.cpu: T0 : 0x1cb3a    : c_beqz a5, 22              : IntAlu : 
1818500: system.cpu: T0 : 0x1cb3c    : lui a5, 111                : IntAlu :  D=0x000000000006f000
1819000: system.cpu: T0 : 0x1cb40    : ld s5, 1448(a5)            : MemRead :  D=0x0000000000000040 A=0x6f5a8
1819500: system.cpu: T0 : 0x1cb44    : sltu s5, s6, s5            : IntAlu :  D=0x0000000000000001
1820000: system.cpu: T0 : 0x1cb48    : sub s5, zero, s5           : IntAlu :  D=0xffffffffffffffff
1820500: system.cpu: T0 : 0x1cb4c    : and s5, s0, s5             : IntAlu :  D=0x0000000000000150
1821000: system.cpu: T0 : 0x1cb50    : lui a5, 111                : IntAlu :  D=0x000000000006f000
1821500: system.cpu: T0 : 0x1cb54    : c_lui s11, 1               : IntAlu :  D=0x0000000000001000
1822500: system.cpu: T0 : 0x1cb56    : lui s7, 111                : IntAlu :  D=0x000000000006f000
1823500: system.cpu: T0 : 0x1cb5a    : addi a5, a5, 1480          : IntAlu :  D=0x000000000006f5c8
1824500: system.cpu: T0 : 0x1cb5e    : addi s8, s1, 96            : IntAlu :  D=0x000000000006f628
1825000: system.cpu: T0 : 0x1cb62    : c_li t5, 0                 : IntAlu :  D=0x0000000000000000
1825500: system.cpu: T0 : 0x1cb64    : addi s7, s7, 1368          : IntAlu :  D=0x000000000006f558
1826000: system.cpu: T0 : 0x1cb68    : add a7, s1, s11            : IntAlu :  D=0x00000000000705c8
1826500: system.cpu: T0 : 0x1cb6c    : c_sdsp a5, 56(sp)          : MemWrite :  D=0x000000000006f5c8 A=0x7ffffffffffffc08
1827000: system.cpu: T0 : 0x1cb6e    : c_ld a5, 120(s1)           : MemRead :  D=0x000000000006f628 A=0x6f640
1827500: system.cpu: T0 : 0x1cb70    : beq a5, s8, 532            : IntAlu : 
1828000: system.cpu: T0 : 0x1cd84    : addi a5, zero, 1023        : IntAlu :  D=0x00000000000003ff
1828500: system.cpu: T0 : 0x1cd88    : bgeu a5, s0, 38            : IntAlu : 
1829000: system.cpu: T0 : 0x1cdae    : c_ldsp a3, 8(sp)           : MemRead :  D=0x0000000000000015 A=0x7ffffffffffffbd8
1829500: system.cpu: T0 : 0x1cdb0    : c_li a0, 4                 : IntAlu :  D=0x0000000000000004
1830500: system.cpu: T0 : 0x1cdb2    : addiw a5, a3, 1            : IntAlu :  D=0x0000000000000016
1831500: system.cpu: T0 : 0x1cdb6    : srliw a4, a5, 5            : IntAlu :  D=0x0000000000000000
1832500: system.cpu: T0 : 0x1cdba    : slliw a3, a3, 1            : IntAlu :  D=0x000000000000002a
1833500: system.cpu: T0 : 0x1cdbe    : addi a4, a4, 536           : IntAlu :  D=0x0000000000000218
1834000: system.cpu: T0 : 0x1cdc2    : c_slli a3, 32              : IntAlu :  D=0x0000002a00000000
1834500: system.cpu: T0 : 0x1cdc4    : c_slli a4, 2               : IntAlu :  D=0x0000000000000860
1835000: system.cpu: T0 : 0x1cdc6    : c_srli a3, 32              : IntAlu :  D=0x000000000000002a
1835500: system.cpu: T0 : 0x1cdc8    : c_add a4, s1               : IntAlu :  D=0x000000000006fe28
1836000: system.cpu: T0 : 0x1cdca    : c_slli a3, 3               : IntAlu :  D=0x0000000000000150
1836500: system.cpu: T0 : 0x1cdcc    : c_lw a2, 0(a4)             : MemRead :  D=0x0000000000000000 A=0x6fe28
1837500: system.cpu: T0 : 0x1cdce    : addi a3, a3, 96            : IntAlu :  D=0x00000000000001b0
1838000: system.cpu: T0 : 0x1cdd2    : c_li a4, 1                 : IntAlu :  D=0x0000000000000001
1838500: system.cpu: T0 : 0x1cdd4    : srliw s2, a5, 5            : IntAlu :  D=0x0000000000000000
1839000: system.cpu: T0 : 0x1cdd8    : c_add a3, s1               : IntAlu :  D=0x000000000006f778
1840000: system.cpu: T0 : 0x1cdda    : sllw a5, a4, a5            : IntAlu :  D=0x0000000000400000
1841000: system.cpu: T0 : 0x1cdde    : bltu a2, a5, 144           : IntAlu : 
1842000: system.cpu: T0 : 0x1ce6e    : addiw a5, s2, 1            : IntAlu :  D=0x0000000000000001
1843000: system.cpu: T0 : 0x1ce72    : addiw s2, a5, 0            : IntAlu :  D=0x0000000000000001
1844000: system.cpu: T0 : 0x1ce76    : bne s2, a0, -26            : IntAlu : 
1844500: system.cpu: T0 : 0x1ce5c    : c_slli a5, 32              : IntAlu :  D=0x0000000100000000
1845000: system.cpu: T0 : 0x1ce5e    : c_srli a5, 32              : IntAlu :  D=0x0000000000000001
1845500: system.cpu: T0 : 0x1ce60    : addi a5, a5, 536           : IntAlu :  D=0x0000000000000219
1846000: system.cpu: T0 : 0x1ce64    : c_slli a5, 2               : IntAlu :  D=0x0000000000000864
1846500: system.cpu: T0 : 0x1ce66    : c_add a5, s1               : IntAlu :  D=0x000000000006fe2c
1847000: system.cpu: T0 : 0x1ce68    : c_lw a2, 0(a5)             : MemRead :  D=0x0000000000000000 A=0x6fe2c
1848000: system.cpu: T0 : 0x1ce6a    : bne a2, zero, 384          : IntAlu : 
1849000: system.cpu: T0 : 0x1ce6e    : addiw a5, s2, 1            : IntAlu :  D=0x0000000000000002
1850000: system.cpu: T0 : 0x1ce72    : addiw s2, a5, 0            : IntAlu :  D=0x0000000000000002
1851000: system.cpu: T0 : 0x1ce76    : bne s2, a0, -26            : IntAlu : 
1851500: system.cpu: T0 : 0x1ce5c    : c_slli a5, 32              : IntAlu :  D=0x0000000200000000
1852000: system.cpu: T0 : 0x1ce5e    : c_srli a5, 32              : IntAlu :  D=0x0000000000000002
1852500: system.cpu: T0 : 0x1ce60    : addi a5, a5, 536           : IntAlu :  D=0x000000000000021a
1853000: system.cpu: T0 : 0x1ce64    : c_slli a5, 2               : IntAlu :  D=0x0000000000000868
1853500: system.cpu: T0 : 0x1ce66    : c_add a5, s1               : IntAlu :  D=0x000000000006fe30
1854000: system.cpu: T0 : 0x1ce68    : c_lw a2, 0(a5)             : MemRead :  D=0x0000000000000000 A=0x6fe30
1855000: system.cpu: T0 : 0x1ce6a    : bne a2, zero, 384          : IntAlu : 
1856000: system.cpu: T0 : 0x1ce6e    : addiw a5, s2, 1            : IntAlu :  D=0x0000000000000003
1857000: system.cpu: T0 : 0x1ce72    : addiw s2, a5, 0            : IntAlu :  D=0x0000000000000003
1858000: system.cpu: T0 : 0x1ce76    : bne s2, a0, -26            : IntAlu : 
1858500: system.cpu: T0 : 0x1ce5c    : c_slli a5, 32              : IntAlu :  D=0x0000000300000000
1859000: system.cpu: T0 : 0x1ce5e    : c_srli a5, 32              : IntAlu :  D=0x0000000000000003
1859500: system.cpu: T0 : 0x1ce60    : addi a5, a5, 536           : IntAlu :  D=0x000000000000021b
1860000: system.cpu: T0 : 0x1ce64    : c_slli a5, 2               : IntAlu :  D=0x000000000000086c
1860500: system.cpu: T0 : 0x1ce66    : c_add a5, s1               : IntAlu :  D=0x000000000006fe34
1861000: system.cpu: T0 : 0x1ce68    : c_lw a2, 0(a5)             : MemRead :  D=0x0000000000000000 A=0x6fe34
1862000: system.cpu: T0 : 0x1ce6a    : bne a2, zero, 384          : IntAlu : 
1863000: system.cpu: T0 : 0x1ce6e    : addiw a5, s2, 1            : IntAlu :  D=0x0000000000000004
1864000: system.cpu: T0 : 0x1ce72    : addiw s2, a5, 0            : IntAlu :  D=0x0000000000000004
1865000: system.cpu: T0 : 0x1ce76    : bne s2, a0, -26            : IntAlu : 
1865500: system.cpu: T0 : 0x1ce7a    : c_ld a4, 96(s1)            : MemRead :  D=0x0000000000073270 A=0x6f628
1866000: system.cpu: T0 : 0x1ce7c    : ld a3, -1912(a7)           : MemRead :  D=0x0000000000021080 A=0x6fe50
1866500: system.cpu: T0 : 0x1ce80    : c_ld a5, 8(a4)             : MemRead :  D=0x0000000000020d91 A=0x73278
1867000: system.cpu: T0 : 0x1ce82    : c_andi a5, 18446744073709551608 : IntAlu :  D=0x0000000000020d90
1867500: system.cpu: T0 : 0x1ce84    : bltu a3, a5, 548           : IntAlu : 
1868000: system.cpu: T0 : 0x1ce88    : addi a3, s0, 32            : IntAlu :  D=0x0000000000000170
1868500: system.cpu: T0 : 0x1ce8c    : bgeu a5, a3, 640           : IntAlu : 
1869000: system.cpu: T0 : 0x1d10c    : add a0, a4, s0             : IntAlu :  D=0x00000000000733c0
1869500: system.cpu: T0 : 0x1d110    : lui a2, 111                : IntAlu :  D=0x000000000006f000
1870000: system.cpu: T0 : 0x1d114    : c_sd a0, 96(s1)            : MemWrite :  D=0x00000000000733c0 A=0x6f628
1871000: system.cpu: T0 : 0x1d116    : addi a2, a2, 1480          : IntAlu :  D=0x000000000006f5c8
1871500: system.cpu: T0 : 0x1d11a    : c_sub a5, s0               : IntAlu :  D=0x0000000000020c40
1872000: system.cpu: T0 : 0x1d11c    : c_li a3, 4                 : IntAlu :  D=0x0000000000000004
1873000: system.cpu: T0 : 0x1d11e    : beq s1, a2, 116            : IntAlu : 
1873500: system.cpu: T0 : 0x1d192    : c_li a3, 0                 : IntAlu :  D=0x0000000000000000
1874000: system.cpu: T0 : 0x1d194    : c_j -114                   : IntAlu : 
1874500: system.cpu: T0 : 0x1d122    : c_or a3, s0                : IntAlu :  D=0x0000000000000150
1875000: system.cpu: T0 : 0x1d124    : ori a3, a3, 1              : IntAlu :  D=0x0000000000000151
1875500: system.cpu: T0 : 0x1d128    : lw a1, -1396(gp)           : MemRead :  D=0x0000000000000000 A=0x70ad4
1876000: system.cpu: T0 : 0x1d12c    : c_sd a3, 8(a4)             : MemWrite :  D=0x0000000000000151 A=0x73278
1877000: system.cpu: T0 : 0x1d12e    : ori a5, a5, 1              : IntAlu :  D=0x0000000000020c41
1877500: system.cpu: T0 : 0x1d132    : c_sd a5, 8(a0)             : MemWrite :  D=0x0000000000020c41 A=0x733c8
1878000: system.cpu: T0 : 0x1d134    : addi s2, a4, 16            : IntAlu :  D=0x0000000000073280
1878500: system.cpu: T0 : 0x1d138    : beq a1, zero, -1664        : IntAlu : 
1879000: system.cpu: T0 : 0x1cab8    : c_ldsp ra, 248(sp)         : MemRead :  D=0x000000000001dc38 A=0x7ffffffffffffcc8
1879500: system.cpu: T0 : 0x1caba    : c_ldsp s0, 240(sp)         : MemRead :  D=0x0000000000000140 A=0x7ffffffffffffcc0
1880000: system.cpu: T0 : 0x1cabc    : c_ldsp s1, 232(sp)         : MemRead :  D=0x000000000006f000 A=0x7ffffffffffffcb8
1880500: system.cpu: T0 : 0x1cabe    : c_ldsp s3, 216(sp)         : MemRead :  D=0x000000000006efc0 A=0x7ffffffffffffca8
1881000: system.cpu: T0 : 0x1cac0    : c_ldsp s4, 208(sp)         : MemRead :  D=0x000000000000000a A=0x7ffffffffffffca0
1881500: system.cpu: T0 : 0x1cac2    : c_ldsp s5, 200(sp)         : MemRead :  D=0x0000000000073250 A=0x7ffffffffffffc98
1882000: system.cpu: T0 : 0x1cac4    : c_ldsp s6, 192(sp)         : MemRead :  D=0x0000000000072000 A=0x7ffffffffffffc90
1882500: system.cpu: T0 : 0x1cac6    : c_ldsp s7, 184(sp)         : MemRead :  D=0x0000000000000000 A=0x7ffffffffffffc88
1883000: system.cpu: T0 : 0x1cac8    : c_ldsp s8, 176(sp)         : MemRead :  D=0x0000000000000000 A=0x7ffffffffffffc80
1883500: system.cpu: T0 : 0x1caca    : c_ldsp s9, 168(sp)         : MemRead :  D=0x0000000000000000 A=0x7ffffffffffffc78
1884000: system.cpu: T0 : 0x1cacc    : c_ldsp s10, 160(sp)        : MemRead :  D=0x0000000000000000 A=0x7ffffffffffffc70
1884500: system.cpu: T0 : 0x1cace    : c_ldsp s11, 152(sp)        : MemRead :  D=0x0000000000000000 A=0x7ffffffffffffc68
1885000: system.cpu: T0 : 0x1cad0    : c_mv a0, s2                : IntAlu :  D=0x0000000000073280
1885500: system.cpu: T0 : 0x1cad2    : c_ldsp s2, 224(sp)         : MemRead :  D=0x0000000000000000 A=0x7ffffffffffffcb0
1886000: system.cpu: T0 : 0x1cad4    : c_addi16sp sp, 256         : IntAlu :  D=0x7ffffffffffffcd0
1886500: system.cpu: T0 : 0x1cad6    : c_jr ra                    : IntAlu : 
1887000: system.cpu: T0 : 0x1dc38    : c_mv a5, a0                : IntAlu :  D=0x0000000000073280
1887500: system.cpu: T0 : 0x1dc3a    : c_beqz a0, 150             : IntAlu : 
1888000: system.cpu: T0 : 0x1dc3c    : ld a4, -8(a0)              : MemRead :  D=0x0000000000000151 A=0x73278
1888500: system.cpu: T0 : 0x1dc40    : andi a3, a4, 2             : IntAlu :  D=0x0000000000000000
1889000: system.cpu: T0 : 0x1dc44    : c_bnez a3, 26              : IntAlu : 
1889500: system.cpu: T0 : 0x1dc46    : c_andi a4, 4               : IntAlu :  D=0x0000000000000000
1890000: system.cpu: T0 : 0x1dc48    : c_beqz a4, 22              : IntAlu : 
1890500: system.cpu: T0 : 0x1dc5e    : c_ldsp ra, 24(sp)          : MemRead :  D=0x000000000003b236 A=0x7ffffffffffffce8
1891000: system.cpu: T0 : 0x1dc60    : c_ldsp s0, 16(sp)          : MemRead :  D=0x7ffffffffffffd30 A=0x7ffffffffffffce0
1891500: system.cpu: T0 : 0x1dc62    : c_ldsp s1, 8(sp)           : MemRead :  D=0x0000000000000002 A=0x7ffffffffffffcd8
1892000: system.cpu: T0 : 0x1dc64    : c_ldsp s2, 0(sp)           : MemRead :  D=0x0000000000000000 A=0x7ffffffffffffcd0
1892500: system.cpu: T0 : 0x1dc66    : c_mv a0, a5                : IntAlu :  D=0x0000000000073280
1893000: system.cpu: T0 : 0x1dc68    : c_addi16sp sp, 32          : IntAlu :  D=0x7ffffffffffffcf0
1893500: system.cpu: T0 : 0x1dc6a    : c_jr ra                    : IntAlu : 
1894500: system.cpu: T0 : 0x3b236    : sd a0, 0(s5)               : MemWrite :  D=0x0000000000073280 A=0x73250
1895000: system.cpu: T0 : 0x3b23a    : c_mv a2, a0                : IntAlu :  D=0x0000000000073280
1895500: system.cpu: T0 : 0x3b23c    : beq a0, zero, 386          : IntAlu : 
1896000: system.cpu: T0 : 0x3b240    : lui a5, 114                : IntAlu :  D=0x0000000000072000
1896500: system.cpu: T0 : 0x3b244    : lui a3, 98                 : IntAlu :  D=0x0000000000062000
1897000: system.cpu: T0 : 0x3b248    : lui a0, 98                 : IntAlu :  D=0x0000000000062000
1897500: system.cpu: T0 : 0x3b24c    : addi a3, a3, -1256         : IntAlu :  D=0x0000000000061b18
1898000: system.cpu: T0 : 0x3b250    : addi a0, a0, -1704         : IntAlu :  D=0x0000000000061958
1898500: system.cpu: T0 : 0x3b254    : sd a2, -288(a5)            : MemWrite :  D=0x0000000000073280 A=0x71ee0
1899000: system.cpu: T0 : 0x3b258    : c_li a5, 23                : IntAlu :  D=0x0000000000000017
1899500: system.cpu: T0 : 0x3b25a    : c_sd a3, 24(a2)            : MemWrite :  D=0x0000000000061b18 A=0x73298
1900000: system.cpu: T0 : 0x3b25c    : addi a6, a3, 72            : IntAlu :  D=0x0000000000061b60
1900500: system.cpu: T0 : 0x3b260    : sw zero, 40(s3)            : MemWrite :  D=0x0000000000000000 A=0x6efe8
1901000: system.cpu: T0 : 0x3b264    : addi a1, s5, 8             : IntAlu :  D=0x0000000000073258
1901500: system.cpu: T0 : 0x3b268    : c_sd a0, 8(a2)             : MemWrite :  D=0x0000000000061958 A=0x73288
1902500: system.cpu: T0 : 0x3b26a    : sd zero, 16(a2)            : MemWrite :  D=0x0000000000000000 A=0x73290
1903000: system.cpu: T0 : 0x3b26e    : c_sd a5, 32(a2)            : MemWrite :  D=0x0000000000000017 A=0x732a0
1903500: system.cpu: T0 : 0x3b270    : slli a7, s4, 3             : IntAlu :  D=0x0000000000000050
1904000: system.cpu: T0 : 0x3b274    : addi t3, s5, 32            : IntAlu :  D=0x0000000000073270
1904500: system.cpu: T0 : 0x3b278    : c_addi a3, 24              : IntAlu :  D=0x0000000000061b30
1905500: system.cpu: T0 : 0x3b27a    : addi t4, zero, 47          : IntAlu :  D=0x000000000000002f
1906500: system.cpu: T0 : 0x3b27e    : addi a4, a2, 40            : IntAlu :  D=0x00000000000732a8
1907000: system.cpu: T0 : 0x3b282    : c_li a5, 0                 : IntAlu :  D=0x0000000000000000
1907500: system.cpu: T0 : 0x3b284    : c_beqz s1, 14              : IntAlu : 
1908500: system.cpu: T0 : 0x3b286    : sw zero, 0(a4)             : MemWrite :  D=0x0000000000000000 A=0x732a8
1909000: system.cpu: T0 : 0x3b28a    : c_addi a5, 1               : IntAlu :  D=0x0000000000000001
1909500: system.cpu: T0 : 0x3b28c    : c_addi a4, 4               : IntAlu :  D=0x00000000000732ac
1910500: system.cpu: T0 : 0x3b28e    : bne s1, a5, -8             : IntAlu : 
1911500: system.cpu: T0 : 0x3b286    : sw zero, 0(a4)             : MemWrite :  D=0x0000000000000000 A=0x732ac
1912000: system.cpu: T0 : 0x3b28a    : c_addi a5, 1               : IntAlu :  D=0x0000000000000002
1912500: system.cpu: T0 : 0x3b28c    : c_addi a4, 4               : IntAlu :  D=0x00000000000732b0
1913500: system.cpu: T0 : 0x3b28e    : bne s1, a5, -8             : IntAlu : 
1914500: system.cpu: T0 : 0x3b292    : beq t3, a1, 48             : IntAlu : 
1915500: system.cpu: T0 : 0x3b296    : ld a4, 8(a6)               : MemRead :  D=0x000000000000001b A=0x61b68
1916500: system.cpu: T0 : 0x3b29a    : add a5, a2, a7             : IntAlu :  D=0x00000000000732d0
1917500: system.cpu: T0 : 0x3b29e    : lbu t1, 0(a3)              : MemRead :  D=0x000000000000002f A=0x61b30
1918000: system.cpu: T0 : 0x3b2a2    : c_sd a5, 0(a2)             : MemWrite :  D=0x00000000000732d0 A=0x73280
1918500: system.cpu: T0 : 0x3b2a4    : c_sd a3, 24(a5)            : MemWrite :  D=0x0000000000061b30 A=0x732e8
1919500: system.cpu: T0 : 0x3b2a6    : addi a2, a4, 1             : IntAlu :  D=0x000000000000001c
1920000: system.cpu: T0 : 0x3b2aa    : c_sd a5, 0(a1)             : MemWrite :  D=0x00000000000732d0 A=0x73258
1920500: system.cpu: T0 : 0x3b2ac    : c_sd a0, 8(a5)             : MemWrite :  D=0x0000000000061958 A=0x732d8
1921500: system.cpu: T0 : 0x3b2ae    : sd zero, 16(a5)            : MemWrite :  D=0x0000000000000000 A=0x732e0
1922000: system.cpu: T0 : 0x3b2b2    : c_sd a4, 32(a5)            : MemWrite :  D=0x000000000000001b A=0x732f0
1922500: system.cpu: T0 : 0x3b2b4    : c_addi a1, 8               : IntAlu :  D=0x0000000000073260
1923000: system.cpu: T0 : 0x3b2b6    : c_add a3, a2               : IntAlu :  D=0x0000000000061b4c
1923500: system.cpu: T0 : 0x3b2b8    : c_addi a6, 8               : IntAlu :  D=0x0000000000061b68
1924500: system.cpu: T0 : 0x3b2ba    : bne t1, t4, 228            : IntAlu : 
1925000: system.cpu: T0 : 0x3b2be    : c_mv a2, a5                : IntAlu :  D=0x00000000000732d0
1925500: system.cpu: T0 : 0x3b2c0    : c_j -66                    : IntAlu : 
1926500: system.cpu: T0 : 0x3b27e    : addi a4, a2, 40            : IntAlu :  D=0x00000000000732f8
1927000: system.cpu: T0 : 0x3b282    : c_li a5, 0                 : IntAlu :  D=0x0000000000000000
1927500: system.cpu: T0 : 0x3b284    : c_beqz s1, 14              : IntAlu : 
1928500: system.cpu: T0 : 0x3b286    : sw zero, 0(a4)             : MemWrite :  D=0x0000000000000000 A=0x732f8
1929000: system.cpu: T0 : 0x3b28a    : c_addi a5, 1               : IntAlu :  D=0x0000000000000001
1929500: system.cpu: T0 : 0x3b28c    : c_addi a4, 4               : IntAlu :  D=0x00000000000732fc
1930500: system.cpu: T0 : 0x3b28e    : bne s1, a5, -8             : IntAlu : 
1931500: system.cpu: T0 : 0x3b286    : sw zero, 0(a4)             : MemWrite :  D=0x0000000000000000 A=0x732fc
1932000: system.cpu: T0 : 0x3b28a    : c_addi a5, 1               : IntAlu :  D=0x0000000000000002
1932500: system.cpu: T0 : 0x3b28c    : c_addi a4, 4               : IntAlu :  D=0x0000000000073300
1933500: system.cpu: T0 : 0x3b28e    : bne s1, a5, -8             : IntAlu : 
1934500: system.cpu: T0 : 0x3b292    : beq t3, a1, 48             : IntAlu : 
1935500: system.cpu: T0 : 0x3b296    : ld a4, 8(a6)               : MemRead :  D=0x0000000000000005 A=0x61b70
1936500: system.cpu: T0 : 0x3b29a    : add a5, a2, a7             : IntAlu :  D=0x0000000000073320
1937500: system.cpu: T0 : 0x3b29e    : lbu t1, 0(a3)              : MemRead :  D=0x000000000000002f A=0x61b4c
1938000: system.cpu: T0 : 0x3b2a2    : c_sd a5, 0(a2)             : MemWrite :  D=0x0000000000073320 A=0x732d0
1938500: system.cpu: T0 : 0x3b2a4    : c_sd a3, 24(a5)            : MemWrite :  D=0x0000000000061b4c A=0x73338
1939500: system.cpu: T0 : 0x3b2a6    : addi a2, a4, 1             : IntAlu :  D=0x0000000000000006
1940000: system.cpu: T0 : 0x3b2aa    : c_sd a5, 0(a1)             : MemWrite :  D=0x0000000000073320 A=0x73260
1940500: system.cpu: T0 : 0x3b2ac    : c_sd a0, 8(a5)             : MemWrite :  D=0x0000000000061958 A=0x73328
1941500: system.cpu: T0 : 0x3b2ae    : sd zero, 16(a5)            : MemWrite :  D=0x0000000000000000 A=0x73330
1942000: system.cpu: T0 : 0x3b2b2    : c_sd a4, 32(a5)            : MemWrite :  D=0x0000000000000005 A=0x73340
1942500: system.cpu: T0 : 0x3b2b4    : c_addi a1, 8               : IntAlu :  D=0x0000000000073268
1943000: system.cpu: T0 : 0x3b2b6    : c_add a3, a2               : IntAlu :  D=0x0000000000061b52
1943500: system.cpu: T0 : 0x3b2b8    : c_addi a6, 8               : IntAlu :  D=0x0000000000061b70
1944500: system.cpu: T0 : 0x3b2ba    : bne t1, t4, 228            : IntAlu : 
1945000: system.cpu: T0 : 0x3b2be    : c_mv a2, a5                : IntAlu :  D=0x0000000000073320
1945500: system.cpu: T0 : 0x3b2c0    : c_j -66                    : IntAlu : 
1946500: system.cpu: T0 : 0x3b27e    : addi a4, a2, 40            : IntAlu :  D=0x0000000000073348
1947000: system.cpu: T0 : 0x3b282    : c_li a5, 0                 : IntAlu :  D=0x0000000000000000
1947500: system.cpu: T0 : 0x3b284    : c_beqz s1, 14              : IntAlu : 
1948500: system.cpu: T0 : 0x3b286    : sw zero, 0(a4)             : MemWrite :  D=0x0000000000000000 A=0x73348
1949000: system.cpu: T0 : 0x3b28a    : c_addi a5, 1               : IntAlu :  D=0x0000000000000001
1949500: system.cpu: T0 : 0x3b28c    : c_addi a4, 4               : IntAlu :  D=0x000000000007334c
1950500: system.cpu: T0 : 0x3b28e    : bne s1, a5, -8             : IntAlu : 
1951500: system.cpu: T0 : 0x3b286    : sw zero, 0(a4)             : MemWrite :  D=0x0000000000000000 A=0x7334c
1952000: system.cpu: T0 : 0x3b28a    : c_addi a5, 1               : IntAlu :  D=0x0000000000000002
1952500: system.cpu: T0 : 0x3b28c    : c_addi a4, 4               : IntAlu :  D=0x0000000000073350
1953500: system.cpu: T0 : 0x3b28e    : bne s1, a5, -8             : IntAlu : 
1954500: system.cpu: T0 : 0x3b292    : beq t3, a1, 48             : IntAlu : 
1955500: system.cpu: T0 : 0x3b296    : ld a4, 8(a6)               : MemRead :  D=0x0000000000000009 A=0x61b78
1956500: system.cpu: T0 : 0x3b29a    : add a5, a2, a7             : IntAlu :  D=0x0000000000073370
1957500: system.cpu: T0 : 0x3b29e    : lbu t1, 0(a3)              : MemRead :  D=0x000000000000002f A=0x61b52
1958000: system.cpu: T0 : 0x3b2a2    : c_sd a5, 0(a2)             : MemWrite :  D=0x0000000000073370 A=0x73320
1958500: system.cpu: T0 : 0x3b2a4    : c_sd a3, 24(a5)            : MemWrite :  D=0x0000000000061b52 A=0x73388
1959500: system.cpu: T0 : 0x3b2a6    : addi a2, a4, 1             : IntAlu :  D=0x000000000000000a
1960000: system.cpu: T0 : 0x3b2aa    : c_sd a5, 0(a1)             : MemWrite :  D=0x0000000000073370 A=0x73268
1960500: system.cpu: T0 : 0x3b2ac    : c_sd a0, 8(a5)             : MemWrite :  D=0x0000000000061958 A=0x73378
1961500: system.cpu: T0 : 0x3b2ae    : sd zero, 16(a5)            : MemWrite :  D=0x0000000000000000 A=0x73380
1962000: system.cpu: T0 : 0x3b2b2    : c_sd a4, 32(a5)            : MemWrite :  D=0x0000000000000009 A=0x73390
1962500: system.cpu: T0 : 0x3b2b4    : c_addi a1, 8               : IntAlu :  D=0x0000000000073270
1963000: system.cpu: T0 : 0x3b2b6    : c_add a3, a2               : IntAlu :  D=0x0000000000061b5c
1963500: system.cpu: T0 : 0x3b2b8    : c_addi a6, 8               : IntAlu :  D=0x0000000000061b78
1964500: system.cpu: T0 : 0x3b2ba    : bne t1, t4, 228            : IntAlu : 
1965000: system.cpu: T0 : 0x3b2be    : c_mv a2, a5                : IntAlu :  D=0x0000000000073370
1965500: system.cpu: T0 : 0x3b2c0    : c_j -66                    : IntAlu : 
1966500: system.cpu: T0 : 0x3b27e    : addi a4, a2, 40            : IntAlu :  D=0x0000000000073398
1967000: system.cpu: T0 : 0x3b282    : c_li a5, 0                 : IntAlu :  D=0x0000000000000000
1967500: system.cpu: T0 : 0x3b284    : c_beqz s1, 14              : IntAlu : 
1968500: system.cpu: T0 : 0x3b286    : sw zero, 0(a4)             : MemWrite :  D=0x0000000000000000 A=0x73398
1969000: system.cpu: T0 : 0x3b28a    : c_addi a5, 1               : IntAlu :  D=0x0000000000000001
1969500: system.cpu: T0 : 0x3b28c    : c_addi a4, 4               : IntAlu :  D=0x000000000007339c
1970500: system.cpu: T0 : 0x3b28e    : bne s1, a5, -8             : IntAlu : 
1971500: system.cpu: T0 : 0x3b286    : sw zero, 0(a4)             : MemWrite :  D=0x0000000000000000 A=0x7339c
1972000: system.cpu: T0 : 0x3b28a    : c_addi a5, 1               : IntAlu :  D=0x0000000000000002
1972500: system.cpu: T0 : 0x3b28c    : c_addi a4, 4               : IntAlu :  D=0x00000000000733a0
1973500: system.cpu: T0 : 0x3b28e    : bne s1, a5, -8             : IntAlu : 
1974500: system.cpu: T0 : 0x3b292    : beq t3, a1, 48             : IntAlu : 
1975000: system.cpu: T0 : 0x3b2c2    : c_li a4, 27                : IntAlu :  D=0x000000000000001b
1975500: system.cpu: T0 : 0x3b2c4    : sd zero, 0(a2)             : MemWrite :  D=0x0000000000000000 A=0x73370
1976000: system.cpu: T0 : 0x3b2c8    : sd a4, -1192(gp)           : MemWrite :  D=0x000000000000001b A=0x70ba0
1976500: system.cpu: T0 : 0x3b2cc    : sd zero, 32(s5)            : MemWrite :  D=0x0000000000000000 A=0x73270
1977000: system.cpu: T0 : 0x3b2d0    : beq s2, zero, 10           : IntAlu : 
1977500: system.cpu: T0 : 0x3b2da    : c_li a5, -1                : IntAlu :  D=0xffffffffffffffff
1978000: system.cpu: T0 : 0x3b2dc    : sd a5, 48(s3)              : MemWrite :  D=0xffffffffffffffff A=0x6eff0
1978500: system.cpu: T0 : 0x3b2e0    : addi sp, s0, -64           : IntAlu :  D=0x7ffffffffffffcf0
1979000: system.cpu: T0 : 0x3b2e4    : c_ldsp ra, 56(sp)          : MemRead :  D=0x0000000000022bca A=0x7ffffffffffffd28
1979500: system.cpu: T0 : 0x3b2e6    : c_ldsp s0, 48(sp)          : MemRead :  D=0x000000000006ef80 A=0x7ffffffffffffd20
1980000: system.cpu: T0 : 0x3b2e8    : c_ldsp s1, 40(sp)          : MemRead :  D=0x000000000006fe60 A=0x7ffffffffffffd18
1980500: system.cpu: T0 : 0x3b2ea    : c_ldsp s2, 32(sp)          : MemRead :  D=0x0000000000072000 A=0x7ffffffffffffd10
1981000: system.cpu: T0 : 0x3b2ec    : c_ldsp s3, 24(sp)          : MemRead :  D=0x0000000000072000 A=0x7ffffffffffffd08
1981500: system.cpu: T0 : 0x3b2ee    : c_ldsp s4, 16(sp)          : MemRead :  D=0x0000000000070000 A=0x7ffffffffffffd00
1982000: system.cpu: T0 : 0x3b2f0    : c_ldsp s5, 8(sp)           : MemRead :  D=0x0000000000072000 A=0x7ffffffffffffcf8
1982500: system.cpu: T0 : 0x3b2f2    : c_addi16sp sp, 64          : IntAlu :  D=0x7ffffffffffffd30
1983000: system.cpu: T0 : 0x3b2f4    : c_jr ra                    : IntAlu : 
1984000: system.cpu: T0 : 0x22bca    : lui a5, 114                : IntAlu :  D=0x0000000000072000
1985000: system.cpu: T0 : 0x22bce    : ld a4, -288(a5)            : MemRead :  D=0x0000000000073280 A=0x71ee0
1986000: system.cpu: T0 : 0x22bd2    : lui a0, 80                 : IntAlu :  D=0x0000000000050000
1987000: system.cpu: T0 : 0x22bd6    : lui a5, 114                : IntAlu :  D=0x0000000000072000
1988000: system.cpu: T0 : 0x22bda    : addi a0, a0, 520           : IntAlu :  D=0x0000000000050208
1989000: system.cpu: T0 : 0x22bde    : sd a4, -328(a5)            : MemWrite :  D=0x0000000000073280 A=0x71eb8
1990000: system.cpu: T0 : 0x22be2    : jal ra, -57842             : IntAlu :  D=0x0000000000022be6
1990500: system.cpu: T0 : 0x149f0    : c_addi16sp sp, -64         : IntAlu :  D=0x7ffffffffffffcf0
1991000: system.cpu: T0 : 0x149f2    : c_sdsp s1, 40(sp)          : MemWrite :  D=0x000000000006fe60 A=0x7ffffffffffffd18
1991500: system.cpu: T0 : 0x149f4    : ld s1, -1360(gp)           : MemRead :  D=0x7fffffffffffff48 A=0x70af8
1992000: system.cpu: T0 : 0x149f8    : c_sdsp ra, 56(sp)          : MemWrite :  D=0x0000000000022be6 A=0x7ffffffffffffd28
1992500: system.cpu: T0 : 0x149fa    : c_sdsp s0, 48(sp)          : MemWrite :  D=0x000000000006ef80 A=0x7ffffffffffffd20
1993000: system.cpu: T0 : 0x149fc    : c_sdsp s2, 32(sp)          : MemWrite :  D=0x0000000000072000 A=0x7ffffffffffffd10
1993500: system.cpu: T0 : 0x149fe    : c_sdsp s3, 24(sp)          : MemWrite :  D=0x0000000000072000 A=0x7ffffffffffffd08
1994000: system.cpu: T0 : 0x14a00    : c_sdsp s4, 16(sp)          : MemWrite :  D=0x0000000000070000 A=0x7ffffffffffffd00
1994500: system.cpu: T0 : 0x14a02    : c_sdsp s5, 8(sp)           : MemWrite :  D=0x0000000000072000 A=0x7ffffffffffffcf8
1995000: system.cpu: T0 : 0x14a04    : c_sdsp s6, 0(sp)           : MemWrite :  D=0x0000000000072000 A=0x7ffffffffffffcf0
1995500: system.cpu: T0 : 0x14a06    : c_beqz s1, 210             : IntAlu : 
1996000: system.cpu: T0 : 0x14a08    : lbu a5, 0(a0)              : MemRead :  D=0x000000000000004c A=0x50208
1996500: system.cpu: T0 : 0x14a0c    : c_mv s4, a0                : IntAlu :  D=0x0000000000050208
1997000: system.cpu: T0 : 0x14a0e    : c_beqz a5, 202             : IntAlu : 
1997500: system.cpu: T0 : 0x14a10    : lbu s5, 1(a0)              : MemRead :  D=0x0000000000000044 A=0x50209
1998000: system.cpu: T0 : 0x14a14    : slliw s2, a5, 16           : IntAlu :  D=0x00000000004c0000
1998500: system.cpu: T0 : 0x14a18    : c_ld s0, 0(s1)             : MemRead :  D=0x0000000000000000 A=0x7fffffffffffff48
1999500: system.cpu: T0 : 0x14a1a    : sraiw s2, s2, 16           : IntAlu :  D=0x000000000000004c
2000500: system.cpu: T0 : 0x14a1e    : bne s5, zero, 86           : IntAlu : 
2001000: system.cpu: T0 : 0x14a74    : jal ra, 42492              : IntAlu :  D=0x0000000000014a78
2001500: system.cpu: T0 : 0x1f070    : andi a5, a0, 7             : IntAlu :  D=0x0000000000000000
2002000: system.cpu: T0 : 0x1f074    : c_beqz a5, 26              : IntAlu : 
2002500: system.cpu: T0 : 0x1f08e    : c_mv a5, a0                : IntAlu :  D=0x0000000000050208
2003000: system.cpu: T0 : 0x1f090    : ld a6, -2024(gp)           : MemRead :  D=0xfefefefefefefeff A=0x70860
2003500: system.cpu: T0 : 0x1f094    : ld a1, -2016(gp)           : MemRead :  D=0x8080808080808080 A=0x70868
2004000: system.cpu: T0 : 0x1f098    : c_ld a2, 0(a5)             : MemRead :  D=0x5f444e49425f444c A=0x50208
2005000: system.cpu: T0 : 0x1f09a    : addi a3, a5, 8             : IntAlu :  D=0x0000000000050210
2006000: system.cpu: T0 : 0x1f09e    : add a4, a2, a6             : IntAlu :  D=0x5e434d48415e434b
2007000: system.cpu: T0 : 0x1f0a2    : xori a2, a2, 18446744073709551615 : IntAlu :  D=0xa0bbb1b6bda0bbb3
2007500: system.cpu: T0 : 0x1f0a6    : c_and a4, a2               : IntAlu :  D=0x0003010001000303
2008000: system.cpu: T0 : 0x1f0a8    : c_and a4, a1               : IntAlu :  D=0x0000000000000000
2008500: system.cpu: T0 : 0x1f0aa    : c_beqz a4, 50              : IntAlu : 
2009000: system.cpu: T0 : 0x1f0dc    : c_mv a5, a3                : IntAlu :  D=0x0000000000050210
2009500: system.cpu: T0 : 0x1f0de    : c_j -70                    : IntAlu : 
2010000: system.cpu: T0 : 0x1f098    : c_ld a2, 0(a5)             : MemRead :  D=0x0000000000574f4e A=0x50210
2011000: system.cpu: T0 : 0x1f09a    : addi a3, a5, 8             : IntAlu :  D=0x0000000000050218
2012000: system.cpu: T0 : 0x1f09e    : add a4, a2, a6             : IntAlu :  D=0xfefefefeff564e4d
2013000: system.cpu: T0 : 0x1f0a2    : xori a2, a2, 18446744073709551615 : IntAlu :  D=0xffffffffffa8b0b1
2013500: system.cpu: T0 : 0x1f0a6    : c_and a4, a2               : IntAlu :  D=0xfefefefeff000001
2014000: system.cpu: T0 : 0x1f0a8    : c_and a4, a1               : IntAlu :  D=0x8080808080000000
2014500: system.cpu: T0 : 0x1f0aa    : c_beqz a4, 50              : IntAlu : 
2015000: system.cpu: T0 : 0x1f0ac    : lbu a4, -8(a3)             : MemRead :  D=0x000000000000004e A=0x50210
2015500: system.cpu: T0 : 0x1f0b0    : c_beqz a4, -40             : IntAlu : 
2016500: system.cpu: T0 : 0x1f0b2    : lbu a4, -7(a3)             : MemRead :  D=0x000000000000004f A=0x50211
2017000: system.cpu: T0 : 0x1f0b6    : c_beqz a4, 50              : IntAlu : 
2017500: system.cpu: T0 : 0x1f0b8    : lbu a4, -6(a3)             : MemRead :  D=0x0000000000000057 A=0x50212
2018000: system.cpu: T0 : 0x1f0bc    : c_beqz a4, 52              : IntAlu : 
2019000: system.cpu: T0 : 0x1f0be    : lbu a4, -5(a3)             : MemRead :  D=0x0000000000000000 A=0x50213
2019500: system.cpu: T0 : 0x1f0c2    : c_beqz a4, 54              : IntAlu : 
2020000: system.cpu: T0 : 0x1f0f8    : c_sub a5, a0               : IntAlu :  D=0x0000000000000008
2021000: system.cpu: T0 : 0x1f0fa    : addi a0, a5, 3             : IntAlu :  D=0x000000000000000b
2021500: system.cpu: T0 : 0x1f0fe    : c_jr ra                    : IntAlu : 
2022000: system.cpu: T0 : 0x14a78    : slli a5, s5, 8             : IntAlu :  D=0x0000000000004400
2022500: system.cpu: T0 : 0x14a7c    : or a5, s2, a5              : IntAlu :  D=0x000000000000444c
2023000: system.cpu: T0 : 0x14a80    : slliw s2, a5, 16           : IntAlu :  D=0x00000000444c0000
2023500: system.cpu: T0 : 0x14a84    : c_mv s3, a0                : IntAlu :  D=0x000000000000000b
2024500: system.cpu: T0 : 0x14a86    : sraiw s2, s2, 16           : IntAlu :  D=0x000000000000444c
2025500: system.cpu: T0 : 0x14a8a    : addi s5, a0, -2            : IntAlu :  D=0x0000000000000009
2026000: system.cpu: T0 : 0x14a8e    : c_addi s4, 2               : IntAlu :  D=0x000000000005020a
2026500: system.cpu: T0 : 0x14a90    : c_beqz s0, -50             : IntAlu : 
2027000: system.cpu: T0 : 0x14a5e    : c_ldsp ra, 56(sp)          : MemRead :  D=0x0000000000022be6 A=0x7ffffffffffffd28
2027500: system.cpu: T0 : 0x14a60    : c_mv a0, s0                : IntAlu :  D=0x0000000000000000
2028000: system.cpu: T0 : 0x14a62    : c_ldsp s0, 48(sp)          : MemRead :  D=0x000000000006ef80 A=0x7ffffffffffffd20
2028500: system.cpu: T0 : 0x14a64    : c_ldsp s1, 40(sp)          : MemRead :  D=0x000000000006fe60 A=0x7ffffffffffffd18
2029000: system.cpu: T0 : 0x14a66    : c_ldsp s2, 32(sp)          : MemRead :  D=0x0000000000072000 A=0x7ffffffffffffd10
2029500: system.cpu: T0 : 0x14a68    : c_ldsp s3, 24(sp)          : MemRead :  D=0x0000000000072000 A=0x7ffffffffffffd08
2030000: system.cpu: T0 : 0x14a6a    : c_ldsp s4, 16(sp)          : MemRead :  D=0x0000000000070000 A=0x7ffffffffffffd00
2030500: system.cpu: T0 : 0x14a6c    : c_ldsp s5, 8(sp)           : MemRead :  D=0x0000000000072000 A=0x7ffffffffffffcf8
2031000: system.cpu: T0 : 0x14a6e    : c_ldsp s6, 0(sp)           : MemRead :  D=0x0000000000072000 A=0x7ffffffffffffcf0
2031500: system.cpu: T0 : 0x14a70    : c_addi16sp sp, 64          : IntAlu :  D=0x7ffffffffffffd30
2032000: system.cpu: T0 : 0x14a72    : c_jr ra                    : IntAlu : 
2032500: system.cpu: T0 : 0x22be6    : c_li a5, 1                 : IntAlu :  D=0x0000000000000001
2033000: system.cpu: T0 : 0x22be8    : c_beqz a0, 10              : IntAlu : 
2034000: system.cpu: T0 : 0x22bf2    : lui a0, 80                 : IntAlu :  D=0x0000000000050000
2035000: system.cpu: T0 : 0x22bf6    : lui a4, 114                : IntAlu :  D=0x0000000000072000
2036000: system.cpu: T0 : 0x22bfa    : addi a0, a0, 536           : IntAlu :  D=0x0000000000050218
2037000: system.cpu: T0 : 0x22bfe    : sw a5, -392(a4)            : MemWrite :  D=0x0000000000000001 A=0x71e78
2038000: system.cpu: T0 : 0x22c02    : jal ra, -57874             : IntAlu :  D=0x0000000000022c06
2038500: system.cpu: T0 : 0x149f0    : c_addi16sp sp, -64         : IntAlu :  D=0x7ffffffffffffcf0
2039000: system.cpu: T0 : 0x149f2    : c_sdsp s1, 40(sp)          : MemWrite :  D=0x000000000006fe60 A=0x7ffffffffffffd18
2039500: system.cpu: T0 : 0x149f4    : ld s1, -1360(gp)           : MemRead :  D=0x7fffffffffffff48 A=0x70af8
2040000: system.cpu: T0 : 0x149f8    : c_sdsp ra, 56(sp)          : MemWrite :  D=0x0000000000022c06 A=0x7ffffffffffffd28
2040500: system.cpu: T0 : 0x149fa    : c_sdsp s0, 48(sp)          : MemWrite :  D=0x000000000006ef80 A=0x7ffffffffffffd20
2041000: system.cpu: T0 : 0x149fc    : c_sdsp s2, 32(sp)          : MemWrite :  D=0x0000000000072000 A=0x7ffffffffffffd10
2041500: system.cpu: T0 : 0x149fe    : c_sdsp s3, 24(sp)          : MemWrite :  D=0x0000000000072000 A=0x7ffffffffffffd08
2042000: system.cpu: T0 : 0x14a00    : c_sdsp s4, 16(sp)          : MemWrite :  D=0x0000000000070000 A=0x7ffffffffffffd00
2042500: system.cpu: T0 : 0x14a02    : c_sdsp s5, 8(sp)           : MemWrite :  D=0x0000000000072000 A=0x7ffffffffffffcf8
2043000: system.cpu: T0 : 0x14a04    : c_sdsp s6, 0(sp)           : MemWrite :  D=0x0000000000072000 A=0x7ffffffffffffcf0
2043500: system.cpu: T0 : 0x14a06    : c_beqz s1, 210             : IntAlu : 
2044000: system.cpu: T0 : 0x14a08    : lbu a5, 0(a0)              : MemRead :  D=0x000000000000004c A=0x50218
2044500: system.cpu: T0 : 0x14a0c    : c_mv s4, a0                : IntAlu :  D=0x0000000000050218
2045000: system.cpu: T0 : 0x14a0e    : c_beqz a5, 202             : IntAlu : 
2045500: system.cpu: T0 : 0x14a10    : lbu s5, 1(a0)              : MemRead :  D=0x0000000000000044 A=0x50219
2046000: system.cpu: T0 : 0x14a14    : slliw s2, a5, 16           : IntAlu :  D=0x00000000004c0000
2046500: system.cpu: T0 : 0x14a18    : c_ld s0, 0(s1)             : MemRead :  D=0x0000000000000000 A=0x7fffffffffffff48
2047500: system.cpu: T0 : 0x14a1a    : sraiw s2, s2, 16           : IntAlu :  D=0x000000000000004c
2048500: system.cpu: T0 : 0x14a1e    : bne s5, zero, 86           : IntAlu : 
2049000: system.cpu: T0 : 0x14a74    : jal ra, 42492              : IntAlu :  D=0x0000000000014a78
2049500: system.cpu: T0 : 0x1f070    : andi a5, a0, 7             : IntAlu :  D=0x0000000000000000
2050000: system.cpu: T0 : 0x1f074    : c_beqz a5, 26              : IntAlu : 
2050500: system.cpu: T0 : 0x1f08e    : c_mv a5, a0                : IntAlu :  D=0x0000000000050218
2051000: system.cpu: T0 : 0x1f090    : ld a6, -2024(gp)           : MemRead :  D=0xfefefefefefefeff A=0x70860
2051500: system.cpu: T0 : 0x1f094    : ld a1, -2016(gp)           : MemRead :  D=0x8080808080808080 A=0x70868
2052000: system.cpu: T0 : 0x1f098    : c_ld a2, 0(a5)             : MemRead :  D=0x5f444e49425f444c A=0x50218
2053000: system.cpu: T0 : 0x1f09a    : addi a3, a5, 8             : IntAlu :  D=0x0000000000050220
2054000: system.cpu: T0 : 0x1f09e    : add a4, a2, a6             : IntAlu :  D=0x5e434d48415e434b
2055000: system.cpu: T0 : 0x1f0a2    : xori a2, a2, 18446744073709551615 : IntAlu :  D=0xa0bbb1b6bda0bbb3
2055500: system.cpu: T0 : 0x1f0a6    : c_and a4, a2               : IntAlu :  D=0x0003010001000303
2056000: system.cpu: T0 : 0x1f0a8    : c_and a4, a1               : IntAlu :  D=0x0000000000000000
2056500: system.cpu: T0 : 0x1f0aa    : c_beqz a4, 50              : IntAlu : 
2057000: system.cpu: T0 : 0x1f0dc    : c_mv a5, a3                : IntAlu :  D=0x0000000000050220
2057500: system.cpu: T0 : 0x1f0de    : c_j -70                    : IntAlu : 
2058000: system.cpu: T0 : 0x1f098    : c_ld a2, 0(a5)             : MemRead :  D=0x0000000000544f4e A=0x50220
2059000: system.cpu: T0 : 0x1f09a    : addi a3, a5, 8             : IntAlu :  D=0x0000000000050228
2060000: system.cpu: T0 : 0x1f09e    : add a4, a2, a6             : IntAlu :  D=0xfefefefeff534e4d
2061000: system.cpu: T0 : 0x1f0a2    : xori a2, a2, 18446744073709551615 : IntAlu :  D=0xffffffffffabb0b1
2061500: system.cpu: T0 : 0x1f0a6    : c_and a4, a2               : IntAlu :  D=0xfefefefeff030001
2062000: system.cpu: T0 : 0x1f0a8    : c_and a4, a1               : IntAlu :  D=0x8080808080000000
2062500: system.cpu: T0 : 0x1f0aa    : c_beqz a4, 50              : IntAlu : 
2063000: system.cpu: T0 : 0x1f0ac    : lbu a4, -8(a3)             : MemRead :  D=0x000000000000004e A=0x50220
2063500: system.cpu: T0 : 0x1f0b0    : c_beqz a4, -40             : IntAlu : 
2064500: system.cpu: T0 : 0x1f0b2    : lbu a4, -7(a3)             : MemRead :  D=0x000000000000004f A=0x50221
2065000: system.cpu: T0 : 0x1f0b6    : c_beqz a4, 50              : IntAlu : 
2065500: system.cpu: T0 : 0x1f0b8    : lbu a4, -6(a3)             : MemRead :  D=0x0000000000000054 A=0x50222
2066000: system.cpu: T0 : 0x1f0bc    : c_beqz a4, 52              : IntAlu : 
2067000: system.cpu: T0 : 0x1f0be    : lbu a4, -5(a3)             : MemRead :  D=0x0000000000000000 A=0x50223
2067500: system.cpu: T0 : 0x1f0c2    : c_beqz a4, 54              : IntAlu : 
2068000: system.cpu: T0 : 0x1f0f8    : c_sub a5, a0               : IntAlu :  D=0x0000000000000008
2069000: system.cpu: T0 : 0x1f0fa    : addi a0, a5, 3             : IntAlu :  D=0x000000000000000b
2069500: system.cpu: T0 : 0x1f0fe    : c_jr ra                    : IntAlu : 
2070000: system.cpu: T0 : 0x14a78    : slli a5, s5, 8             : IntAlu :  D=0x0000000000004400
2070500: system.cpu: T0 : 0x14a7c    : or a5, s2, a5              : IntAlu :  D=0x000000000000444c
2071000: system.cpu: T0 : 0x14a80    : slliw s2, a5, 16           : IntAlu :  D=0x00000000444c0000
2071500: system.cpu: T0 : 0x14a84    : c_mv s3, a0                : IntAlu :  D=0x000000000000000b
2072500: system.cpu: T0 : 0x14a86    : sraiw s2, s2, 16           : IntAlu :  D=0x000000000000444c
2073500: system.cpu: T0 : 0x14a8a    : addi s5, a0, -2            : IntAlu :  D=0x0000000000000009
2074000: system.cpu: T0 : 0x14a8e    : c_addi s4, 2               : IntAlu :  D=0x000000000005021a
2074500: system.cpu: T0 : 0x14a90    : c_beqz s0, -50             : IntAlu : 
2075000: system.cpu: T0 : 0x14a5e    : c_ldsp ra, 56(sp)          : MemRead :  D=0x0000000000022c06 A=0x7ffffffffffffd28
2075500: system.cpu: T0 : 0x14a60    : c_mv a0, s0                : IntAlu :  D=0x0000000000000000
2076000: system.cpu: T0 : 0x14a62    : c_ldsp s0, 48(sp)          : MemRead :  D=0x000000000006ef80 A=0x7ffffffffffffd20
2076500: system.cpu: T0 : 0x14a64    : c_ldsp s1, 40(sp)          : MemRead :  D=0x000000000006fe60 A=0x7ffffffffffffd18
2077000: system.cpu: T0 : 0x14a66    : c_ldsp s2, 32(sp)          : MemRead :  D=0x0000000000072000 A=0x7ffffffffffffd10
2077500: system.cpu: T0 : 0x14a68    : c_ldsp s3, 24(sp)          : MemRead :  D=0x0000000000072000 A=0x7ffffffffffffd08
2078000: system.cpu: T0 : 0x14a6a    : c_ldsp s4, 16(sp)          : MemRead :  D=0x0000000000070000 A=0x7ffffffffffffd00
2078500: system.cpu: T0 : 0x14a6c    : c_ldsp s5, 8(sp)           : MemRead :  D=0x0000000000072000 A=0x7ffffffffffffcf8
2079000: system.cpu: T0 : 0x14a6e    : c_ldsp s6, 0(sp)           : MemRead :  D=0x0000000000072000 A=0x7ffffffffffffcf0
2079500: system.cpu: T0 : 0x14a70    : c_addi16sp sp, 64          : IntAlu :  D=0x7ffffffffffffd30
2080000: system.cpu: T0 : 0x14a72    : c_jr ra                    : IntAlu : 
2080500: system.cpu: T0 : 0x22c06    : c_li a5, 0                 : IntAlu :  D=0x0000000000000000
2081000: system.cpu: T0 : 0x22c08    : c_beqz a0, 10              : IntAlu : 
2082000: system.cpu: T0 : 0x22c12    : lui a0, 80                 : IntAlu :  D=0x0000000000050000
2083000: system.cpu: T0 : 0x22c16    : lui a4, 114                : IntAlu :  D=0x0000000000072000
2084000: system.cpu: T0 : 0x22c1a    : addi a0, a0, 552           : IntAlu :  D=0x0000000000050228
2085000: system.cpu: T0 : 0x22c1e    : sw a5, -416(a4)            : MemWrite :  D=0x0000000000000000 A=0x71e60
2086000: system.cpu: T0 : 0x22c22    : jal ra, -57906             : IntAlu :  D=0x0000000000022c26
2086500: system.cpu: T0 : 0x149f0    : c_addi16sp sp, -64         : IntAlu :  D=0x7ffffffffffffcf0
2087000: system.cpu: T0 : 0x149f2    : c_sdsp s1, 40(sp)          : MemWrite :  D=0x000000000006fe60 A=0x7ffffffffffffd18
2087500: system.cpu: T0 : 0x149f4    : ld s1, -1360(gp)           : MemRead :  D=0x7fffffffffffff48 A=0x70af8
2088000: system.cpu: T0 : 0x149f8    : c_sdsp ra, 56(sp)          : MemWrite :  D=0x0000000000022c26 A=0x7ffffffffffffd28
2088500: system.cpu: T0 : 0x149fa    : c_sdsp s0, 48(sp)          : MemWrite :  D=0x000000000006ef80 A=0x7ffffffffffffd20
2089000: system.cpu: T0 : 0x149fc    : c_sdsp s2, 32(sp)          : MemWrite :  D=0x0000000000072000 A=0x7ffffffffffffd10
2089500: system.cpu: T0 : 0x149fe    : c_sdsp s3, 24(sp)          : MemWrite :  D=0x0000000000072000 A=0x7ffffffffffffd08
2090000: system.cpu: T0 : 0x14a00    : c_sdsp s4, 16(sp)          : MemWrite :  D=0x0000000000070000 A=0x7ffffffffffffd00
2090500: system.cpu: T0 : 0x14a02    : c_sdsp s5, 8(sp)           : MemWrite :  D=0x0000000000072000 A=0x7ffffffffffffcf8
2091000: system.cpu: T0 : 0x14a04    : c_sdsp s6, 0(sp)           : MemWrite :  D=0x0000000000072000 A=0x7ffffffffffffcf0
2091500: system.cpu: T0 : 0x14a06    : c_beqz s1, 210             : IntAlu : 
2092000: system.cpu: T0 : 0x14a08    : lbu a5, 0(a0)              : MemRead :  D=0x000000000000004c A=0x50228
2092500: system.cpu: T0 : 0x14a0c    : c_mv s4, a0                : IntAlu :  D=0x0000000000050228
2093000: system.cpu: T0 : 0x14a0e    : c_beqz a5, 202             : IntAlu : 
2093500: system.cpu: T0 : 0x14a10    : lbu s5, 1(a0)              : MemRead :  D=0x0000000000000044 A=0x50229
2094000: system.cpu: T0 : 0x14a14    : slliw s2, a5, 16           : IntAlu :  D=0x00000000004c0000
2094500: system.cpu: T0 : 0x14a18    : c_ld s0, 0(s1)             : MemRead :  D=0x0000000000000000 A=0x7fffffffffffff48
2095500: system.cpu: T0 : 0x14a1a    : sraiw s2, s2, 16           : IntAlu :  D=0x000000000000004c
2096500: system.cpu: T0 : 0x14a1e    : bne s5, zero, 86           : IntAlu : 
2097000: system.cpu: T0 : 0x14a74    : jal ra, 42492              : IntAlu :  D=0x0000000000014a78
2097500: system.cpu: T0 : 0x1f070    : andi a5, a0, 7             : IntAlu :  D=0x0000000000000000
2098000: system.cpu: T0 : 0x1f074    : c_beqz a5, 26              : IntAlu : 
2098500: system.cpu: T0 : 0x1f08e    : c_mv a5, a0                : IntAlu :  D=0x0000000000050228
2099000: system.cpu: T0 : 0x1f090    : ld a6, -2024(gp)           : MemRead :  D=0xfefefefefefefeff A=0x70860
2099500: system.cpu: T0 : 0x1f094    : ld a1, -2016(gp)           : MemRead :  D=0x8080808080808080 A=0x70868
2100000: system.cpu: T0 : 0x1f098    : c_ld a2, 0(a5)             : MemRead :  D=0x4d414e59445f444c A=0x50228
2101000: system.cpu: T0 : 0x1f09a    : addi a3, a5, 8             : IntAlu :  D=0x0000000000050230
2102000: system.cpu: T0 : 0x1f09e    : add a4, a2, a6             : IntAlu :  D=0x4c404d58435e434b
2103000: system.cpu: T0 : 0x1f0a2    : xori a2, a2, 18446744073709551615 : IntAlu :  D=0xb2beb1a6bba0bbb3
2103500: system.cpu: T0 : 0x1f0a6    : c_and a4, a2               : IntAlu :  D=0x0000010003000303
2104000: system.cpu: T0 : 0x1f0a8    : c_and a4, a1               : IntAlu :  D=0x0000000000000000
2104500: system.cpu: T0 : 0x1f0aa    : c_beqz a4, 50              : IntAlu : 
2105000: system.cpu: T0 : 0x1f0dc    : c_mv a5, a3                : IntAlu :  D=0x0000000000050230
2105500: system.cpu: T0 : 0x1f0de    : c_j -70                    : IntAlu : 
2106000: system.cpu: T0 : 0x1f098    : c_ld a2, 0(a5)             : MemRead :  D=0x004b4145575f4349 A=0x50230
2107000: system.cpu: T0 : 0x1f09a    : addi a3, a5, 8             : IntAlu :  D=0x0000000000050238
2108000: system.cpu: T0 : 0x1f09e    : add a4, a2, a6             : IntAlu :  D=0xff4a4044565e4248
2109000: system.cpu: T0 : 0x1f0a2    : xori a2, a2, 18446744073709551615 : IntAlu :  D=0xffb4bebaa8a0bcb6
2109500: system.cpu: T0 : 0x1f0a6    : c_and a4, a2               : IntAlu :  D=0xff00000000000000
2110000: system.cpu: T0 : 0x1f0a8    : c_and a4, a1               : IntAlu :  D=0x8000000000000000
2110500: system.cpu: T0 : 0x1f0aa    : c_beqz a4, 50              : IntAlu : 
2111000: system.cpu: T0 : 0x1f0ac    : lbu a4, -8(a3)             : MemRead :  D=0x0000000000000049 A=0x50230
2111500: system.cpu: T0 : 0x1f0b0    : c_beqz a4, -40             : IntAlu : 
2112500: system.cpu: T0 : 0x1f0b2    : lbu a4, -7(a3)             : MemRead :  D=0x0000000000000043 A=0x50231
2113000: system.cpu: T0 : 0x1f0b6    : c_beqz a4, 50              : IntAlu : 
2113500: system.cpu: T0 : 0x1f0b8    : lbu a4, -6(a3)             : MemRead :  D=0x000000000000005f A=0x50232
2114000: system.cpu: T0 : 0x1f0bc    : c_beqz a4, 52              : IntAlu : 
2115000: system.cpu: T0 : 0x1f0be    : lbu a4, -5(a3)             : MemRead :  D=0x0000000000000057 A=0x50233
2115500: system.cpu: T0 : 0x1f0c2    : c_beqz a4, 54              : IntAlu : 
2116000: system.cpu: T0 : 0x1f0c4    : lbu a4, -4(a3)             : MemRead :  D=0x0000000000000045 A=0x50234
2116500: system.cpu: T0 : 0x1f0c8    : c_beqz a4, 56              : IntAlu : 
2117500: system.cpu: T0 : 0x1f0ca    : lbu a4, -3(a3)             : MemRead :  D=0x0000000000000041 A=0x50235
2118000: system.cpu: T0 : 0x1f0ce    : c_beqz a4, 58              : IntAlu : 
2118500: system.cpu: T0 : 0x1f0d0    : lbu a4, -2(a3)             : MemRead :  D=0x000000000000004b A=0x50236
2119000: system.cpu: T0 : 0x1f0d4    : c_beqz a4, 60              : IntAlu : 
2120000: system.cpu: T0 : 0x1f0d6    : lbu a4, -1(a3)             : MemRead :  D=0x0000000000000000 A=0x50237
2120500: system.cpu: T0 : 0x1f0da    : c_beqz a4, 6               : IntAlu : 
2121000: system.cpu: T0 : 0x1f0e0    : c_sub a5, a0               : IntAlu :  D=0x0000000000000008
2122000: system.cpu: T0 : 0x1f0e2    : addi a0, a5, 7             : IntAlu :  D=0x000000000000000f
2122500: system.cpu: T0 : 0x1f0e6    : c_jr ra                    : IntAlu : 
2123000: system.cpu: T0 : 0x14a78    : slli a5, s5, 8             : IntAlu :  D=0x0000000000004400
2123500: system.cpu: T0 : 0x14a7c    : or a5, s2, a5              : IntAlu :  D=0x000000000000444c
2124000: system.cpu: T0 : 0x14a80    : slliw s2, a5, 16           : IntAlu :  D=0x00000000444c0000
2124500: system.cpu: T0 : 0x14a84    : c_mv s3, a0                : IntAlu :  D=0x000000000000000f
2125500: system.cpu: T0 : 0x14a86    : sraiw s2, s2, 16           : IntAlu :  D=0x000000000000444c
2126500: system.cpu: T0 : 0x14a8a    : addi s5, a0, -2            : IntAlu :  D=0x000000000000000d
2127000: system.cpu: T0 : 0x14a8e    : c_addi s4, 2               : IntAlu :  D=0x000000000005022a
2127500: system.cpu: T0 : 0x14a90    : c_beqz s0, -50             : IntAlu : 
2128000: system.cpu: T0 : 0x14a5e    : c_ldsp ra, 56(sp)          : MemRead :  D=0x0000000000022c26 A=0x7ffffffffffffd28
2128500: system.cpu: T0 : 0x14a60    : c_mv a0, s0                : IntAlu :  D=0x0000000000000000
2129000: system.cpu: T0 : 0x14a62    : c_ldsp s0, 48(sp)          : MemRead :  D=0x000000000006ef80 A=0x7ffffffffffffd20
2129500: system.cpu: T0 : 0x14a64    : c_ldsp s1, 40(sp)          : MemRead :  D=0x000000000006fe60 A=0x7ffffffffffffd18
2130000: system.cpu: T0 : 0x14a66    : c_ldsp s2, 32(sp)          : MemRead :  D=0x0000000000072000 A=0x7ffffffffffffd10
2130500: system.cpu: T0 : 0x14a68    : c_ldsp s3, 24(sp)          : MemRead :  D=0x0000000000072000 A=0x7ffffffffffffd08
2131000: system.cpu: T0 : 0x14a6a    : c_ldsp s4, 16(sp)          : MemRead :  D=0x0000000000070000 A=0x7ffffffffffffd00
2131500: system.cpu: T0 : 0x14a6c    : c_ldsp s5, 8(sp)           : MemRead :  D=0x0000000000072000 A=0x7ffffffffffffcf8
2132000: system.cpu: T0 : 0x14a6e    : c_ldsp s6, 0(sp)           : MemRead :  D=0x0000000000072000 A=0x7ffffffffffffcf0
2132500: system.cpu: T0 : 0x14a70    : c_addi16sp sp, 64          : IntAlu :  D=0x7ffffffffffffd30
2133000: system.cpu: T0 : 0x14a72    : c_jr ra                    : IntAlu : 
2133500: system.cpu: T0 : 0x22c26    : c_li a5, 1                 : IntAlu :  D=0x0000000000000001
2134000: system.cpu: T0 : 0x22c28    : c_beqz a0, 10              : IntAlu : 
2135000: system.cpu: T0 : 0x22c32    : lui a0, 80                 : IntAlu :  D=0x0000000000050000
2136000: system.cpu: T0 : 0x22c36    : lui a4, 114                : IntAlu :  D=0x0000000000072000
2137000: system.cpu: T0 : 0x22c3a    : addi a0, a0, 568           : IntAlu :  D=0x0000000000050238
2138000: system.cpu: T0 : 0x22c3e    : sw a5, -340(a4)            : MemWrite :  D=0x0000000000000001 A=0x71eac
2139000: system.cpu: T0 : 0x22c42    : jal ra, -57938             : IntAlu :  D=0x0000000000022c46
2139500: system.cpu: T0 : 0x149f0    : c_addi16sp sp, -64         : IntAlu :  D=0x7ffffffffffffcf0
2140000: system.cpu: T0 : 0x149f2    : c_sdsp s1, 40(sp)          : MemWrite :  D=0x000000000006fe60 A=0x7ffffffffffffd18
2140500: system.cpu: T0 : 0x149f4    : ld s1, -1360(gp)           : MemRead :  D=0x7fffffffffffff48 A=0x70af8
2141000: system.cpu: T0 : 0x149f8    : c_sdsp ra, 56(sp)          : MemWrite :  D=0x0000000000022c46 A=0x7ffffffffffffd28
2141500: system.cpu: T0 : 0x149fa    : c_sdsp s0, 48(sp)          : MemWrite :  D=0x000000000006ef80 A=0x7ffffffffffffd20
2142000: system.cpu: T0 : 0x149fc    : c_sdsp s2, 32(sp)          : MemWrite :  D=0x0000000000072000 A=0x7ffffffffffffd10
2142500: system.cpu: T0 : 0x149fe    : c_sdsp s3, 24(sp)          : MemWrite :  D=0x0000000000072000 A=0x7ffffffffffffd08
2143000: system.cpu: T0 : 0x14a00    : c_sdsp s4, 16(sp)          : MemWrite :  D=0x0000000000070000 A=0x7ffffffffffffd00
2143500: system.cpu: T0 : 0x14a02    : c_sdsp s5, 8(sp)           : MemWrite :  D=0x0000000000072000 A=0x7ffffffffffffcf8
2144000: system.cpu: T0 : 0x14a04    : c_sdsp s6, 0(sp)           : MemWrite :  D=0x0000000000072000 A=0x7ffffffffffffcf0
2144500: system.cpu: T0 : 0x14a06    : c_beqz s1, 210             : IntAlu : 
2145000: system.cpu: T0 : 0x14a08    : lbu a5, 0(a0)              : MemRead :  D=0x000000000000004c A=0x50238
2145500: system.cpu: T0 : 0x14a0c    : c_mv s4, a0                : IntAlu :  D=0x0000000000050238
2146000: system.cpu: T0 : 0x14a0e    : c_beqz a5, 202             : IntAlu : 
2146500: system.cpu: T0 : 0x14a10    : lbu s5, 1(a0)              : MemRead :  D=0x0000000000000044 A=0x50239
2147000: system.cpu: T0 : 0x14a14    : slliw s2, a5, 16           : IntAlu :  D=0x00000000004c0000
2147500: system.cpu: T0 : 0x14a18    : c_ld s0, 0(s1)             : MemRead :  D=0x0000000000000000 A=0x7fffffffffffff48
2148500: system.cpu: T0 : 0x14a1a    : sraiw s2, s2, 16           : IntAlu :  D=0x000000000000004c
2149500: system.cpu: T0 : 0x14a1e    : bne s5, zero, 86           : IntAlu : 
2150000: system.cpu: T0 : 0x14a74    : jal ra, 42492              : IntAlu :  D=0x0000000000014a78
2150500: system.cpu: T0 : 0x1f070    : andi a5, a0, 7             : IntAlu :  D=0x0000000000000000
2151000: system.cpu: T0 : 0x1f074    : c_beqz a5, 26              : IntAlu : 
2151500: system.cpu: T0 : 0x1f08e    : c_mv a5, a0                : IntAlu :  D=0x0000000000050238
2152000: system.cpu: T0 : 0x1f090    : ld a6, -2024(gp)           : MemRead :  D=0xfefefefefefefeff A=0x70860
2152500: system.cpu: T0 : 0x1f094    : ld a1, -2016(gp)           : MemRead :  D=0x8080808080808080 A=0x70868
2153000: system.cpu: T0 : 0x1f098    : c_ld a2, 0(a5)             : MemRead :  D=0x49464f52505f444c A=0x50238
2154000: system.cpu: T0 : 0x1f09a    : addi a3, a5, 8             : IntAlu :  D=0x0000000000050240
2155000: system.cpu: T0 : 0x1f09e    : add a4, a2, a6             : IntAlu :  D=0x48454e514f5e434b
2156000: system.cpu: T0 : 0x1f0a2    : xori a2, a2, 18446744073709551615 : IntAlu :  D=0xb6b9b0adafa0bbb3
2156500: system.cpu: T0 : 0x1f0a6    : c_and a4, a2               : IntAlu :  D=0x000100010f000303
2157000: system.cpu: T0 : 0x1f0a8    : c_and a4, a1               : IntAlu :  D=0x0000000000000000
2157500: system.cpu: T0 : 0x1f0aa    : c_beqz a4, 50              : IntAlu : 
2158000: system.cpu: T0 : 0x1f0dc    : c_mv a5, a3                : IntAlu :  D=0x0000000000050240
2158500: system.cpu: T0 : 0x1f0de    : c_j -70                    : IntAlu : 
2159000: system.cpu: T0 : 0x1f098    : c_ld a2, 0(a5)             : MemRead :  D=0x555054554f5f454c A=0x50240
2160000: system.cpu: T0 : 0x1f09a    : addi a3, a5, 8             : IntAlu :  D=0x0000000000050248
2161000: system.cpu: T0 : 0x1f09e    : add a4, a2, a6             : IntAlu :  D=0x544f53544e5e444b
2162000: system.cpu: T0 : 0x1f0a2    : xori a2, a2, 18446744073709551615 : IntAlu :  D=0xaaafabaab0a0bab3
2162500: system.cpu: T0 : 0x1f0a6    : c_and a4, a2               : IntAlu :  D=0x000f030000000003
2163000: system.cpu: T0 : 0x1f0a8    : c_and a4, a1               : IntAlu :  D=0x0000000000000000
2163500: system.cpu: T0 : 0x1f0aa    : c_beqz a4, 50              : IntAlu : 
2164000: system.cpu: T0 : 0x1f0dc    : c_mv a5, a3                : IntAlu :  D=0x0000000000050248
2164500: system.cpu: T0 : 0x1f0de    : c_j -70                    : IntAlu : 
2165000: system.cpu: T0 : 0x1f098    : c_ld a2, 0(a5)             : MemRead :  D=0x0000000000000054 A=0x50248
2166000: system.cpu: T0 : 0x1f09a    : addi a3, a5, 8             : IntAlu :  D=0x0000000000050250
2167000: system.cpu: T0 : 0x1f09e    : add a4, a2, a6             : IntAlu :  D=0xfefefefefefeff53
2168000: system.cpu: T0 : 0x1f0a2    : xori a2, a2, 18446744073709551615 : IntAlu :  D=0xffffffffffffffab
2168500: system.cpu: T0 : 0x1f0a6    : c_and a4, a2               : IntAlu :  D=0xfefefefefefeff03
2169000: system.cpu: T0 : 0x1f0a8    : c_and a4, a1               : IntAlu :  D=0x8080808080808000
2169500: system.cpu: T0 : 0x1f0aa    : c_beqz a4, 50              : IntAlu : 
2170000: system.cpu: T0 : 0x1f0ac    : lbu a4, -8(a3)             : MemRead :  D=0x0000000000000054 A=0x50248
2170500: system.cpu: T0 : 0x1f0b0    : c_beqz a4, -40             : IntAlu : 
2171500: system.cpu: T0 : 0x1f0b2    : lbu a4, -7(a3)             : MemRead :  D=0x0000000000000000 A=0x50249
2172000: system.cpu: T0 : 0x1f0b6    : c_beqz a4, 50              : IntAlu : 
2172500: system.cpu: T0 : 0x1f0e8    : c_sub a5, a0               : IntAlu :  D=0x0000000000000010
2173500: system.cpu: T0 : 0x1f0ea    : addi a0, a5, 1             : IntAlu :  D=0x0000000000000011
2174000: system.cpu: T0 : 0x1f0ee    : c_jr ra                    : IntAlu : 
2174500: system.cpu: T0 : 0x14a78    : slli a5, s5, 8             : IntAlu :  D=0x0000000000004400
2175000: system.cpu: T0 : 0x14a7c    : or a5, s2, a5              : IntAlu :  D=0x000000000000444c
2175500: system.cpu: T0 : 0x14a80    : slliw s2, a5, 16           : IntAlu :  D=0x00000000444c0000
2176000: system.cpu: T0 : 0x14a84    : c_mv s3, a0                : IntAlu :  D=0x0000000000000011
2177000: system.cpu: T0 : 0x14a86    : sraiw s2, s2, 16           : IntAlu :  D=0x000000000000444c
2178000: system.cpu: T0 : 0x14a8a    : addi s5, a0, -2            : IntAlu :  D=0x000000000000000f
2178500: system.cpu: T0 : 0x14a8e    : c_addi s4, 2               : IntAlu :  D=0x000000000005023a
2179000: system.cpu: T0 : 0x14a90    : c_beqz s0, -50             : IntAlu : 
2179500: system.cpu: T0 : 0x14a5e    : c_ldsp ra, 56(sp)          : MemRead :  D=0x0000000000022c46 A=0x7ffffffffffffd28
2180000: system.cpu: T0 : 0x14a60    : c_mv a0, s0                : IntAlu :  D=0x0000000000000000
2180500: system.cpu: T0 : 0x14a62    : c_ldsp s0, 48(sp)          : MemRead :  D=0x000000000006ef80 A=0x7ffffffffffffd20
2181000: system.cpu: T0 : 0x14a64    : c_ldsp s1, 40(sp)          : MemRead :  D=0x000000000006fe60 A=0x7ffffffffffffd18
2181500: system.cpu: T0 : 0x14a66    : c_ldsp s2, 32(sp)          : MemRead :  D=0x0000000000072000 A=0x7ffffffffffffd10
2182000: system.cpu: T0 : 0x14a68    : c_ldsp s3, 24(sp)          : MemRead :  D=0x0000000000072000 A=0x7ffffffffffffd08
2182500: system.cpu: T0 : 0x14a6a    : c_ldsp s4, 16(sp)          : MemRead :  D=0x0000000000070000 A=0x7ffffffffffffd00
2183000: system.cpu: T0 : 0x14a6c    : c_ldsp s5, 8(sp)           : MemRead :  D=0x0000000000072000 A=0x7ffffffffffffcf8
2183500: system.cpu: T0 : 0x14a6e    : c_ldsp s6, 0(sp)           : MemRead :  D=0x0000000000072000 A=0x7ffffffffffffcf0
2184000: system.cpu: T0 : 0x14a70    : c_addi16sp sp, 64          : IntAlu :  D=0x7ffffffffffffd30
2184500: system.cpu: T0 : 0x14a72    : c_jr ra                    : IntAlu : 
2185500: system.cpu: T0 : 0x22c46    : lui a4, 114                : IntAlu :  D=0x0000000000072000
2186500: system.cpu: T0 : 0x22c4a    : sd a0, -456(a4)            : MemWrite :  D=0x0000000000000000 A=0x71e38
2187500: system.cpu: T0 : 0x22c4e    : beq a0, zero, 550          : IntAlu : 
2188000: system.cpu: T0 : 0x22e74    : lui a5, 111                : IntAlu :  D=0x000000000006f000
2188500: system.cpu: T0 : 0x22e78    : lw a5, -72(a5)             : MemRead :  D=0x0000000000000000 A=0x6efb8
2189000: system.cpu: T0 : 0x22e7c    : c_beqz a5, -140            : IntAlu : 
2189500: system.cpu: T0 : 0x22df0    : lui a3, 80                 : IntAlu :  D=0x0000000000050000
2190000: system.cpu: T0 : 0x22df4    : addi a3, a3, -152          : IntAlu :  D=0x000000000004ff68
2190500: system.cpu: T0 : 0x22df8    : c_j -396                   : IntAlu : 
2191000: system.cpu: T0 : 0x22c6c    : sd a3, -456(a4)            : MemWrite :  D=0x000000000004ff68 A=0x71e38
2191500: system.cpu: T0 : 0x22c70    : bne a5, zero, 344          : IntAlu : 
2192000: system.cpu: T0 : 0x22c74    : lui a0, 80                 : IntAlu :  D=0x0000000000050000
2192500: system.cpu: T0 : 0x22c78    : addi a0, a0, 592           : IntAlu :  D=0x0000000000050250
2193000: system.cpu: T0 : 0x22c7c    : jal ra, -57996             : IntAlu :  D=0x0000000000022c80
2193500: system.cpu: T0 : 0x149f0    : c_addi16sp sp, -64         : IntAlu :  D=0x7ffffffffffffcf0
2194000: system.cpu: T0 : 0x149f2    : c_sdsp s1, 40(sp)          : MemWrite :  D=0x000000000006fe60 A=0x7ffffffffffffd18
2194500: system.cpu: T0 : 0x149f4    : ld s1, -1360(gp)           : MemRead :  D=0x7fffffffffffff48 A=0x70af8
2195000: system.cpu: T0 : 0x149f8    : c_sdsp ra, 56(sp)          : MemWrite :  D=0x0000000000022c80 A=0x7ffffffffffffd28
2195500: system.cpu: T0 : 0x149fa    : c_sdsp s0, 48(sp)          : MemWrite :  D=0x000000000006ef80 A=0x7ffffffffffffd20
2196000: system.cpu: T0 : 0x149fc    : c_sdsp s2, 32(sp)          : MemWrite :  D=0x0000000000072000 A=0x7ffffffffffffd10
2196500: system.cpu: T0 : 0x149fe    : c_sdsp s3, 24(sp)          : MemWrite :  D=0x0000000000072000 A=0x7ffffffffffffd08
2197000: system.cpu: T0 : 0x14a00    : c_sdsp s4, 16(sp)          : MemWrite :  D=0x0000000000070000 A=0x7ffffffffffffd00
2197500: system.cpu: T0 : 0x14a02    : c_sdsp s5, 8(sp)           : MemWrite :  D=0x0000000000072000 A=0x7ffffffffffffcf8
2198000: system.cpu: T0 : 0x14a04    : c_sdsp s6, 0(sp)           : MemWrite :  D=0x0000000000072000 A=0x7ffffffffffffcf0
2198500: system.cpu: T0 : 0x14a06    : c_beqz s1, 210             : IntAlu : 
2199000: system.cpu: T0 : 0x14a08    : lbu a5, 0(a0)              : MemRead :  D=0x000000000000004c A=0x50250
2199500: system.cpu: T0 : 0x14a0c    : c_mv s4, a0                : IntAlu :  D=0x0000000000050250
2200000: system.cpu: T0 : 0x14a0e    : c_beqz a5, 202             : IntAlu : 
2200500: system.cpu: T0 : 0x14a10    : lbu s5, 1(a0)              : MemRead :  D=0x0000000000000044 A=0x50251
2201000: system.cpu: T0 : 0x14a14    : slliw s2, a5, 16           : IntAlu :  D=0x00000000004c0000
2201500: system.cpu: T0 : 0x14a18    : c_ld s0, 0(s1)             : MemRead :  D=0x0000000000000000 A=0x7fffffffffffff48
2202500: system.cpu: T0 : 0x14a1a    : sraiw s2, s2, 16           : IntAlu :  D=0x000000000000004c
2203500: system.cpu: T0 : 0x14a1e    : bne s5, zero, 86           : IntAlu : 
2204000: system.cpu: T0 : 0x14a74    : jal ra, 42492              : IntAlu :  D=0x0000000000014a78
2204500: system.cpu: T0 : 0x1f070    : andi a5, a0, 7             : IntAlu :  D=0x0000000000000000
2205000: system.cpu: T0 : 0x1f074    : c_beqz a5, 26              : IntAlu : 
2205500: system.cpu: T0 : 0x1f08e    : c_mv a5, a0                : IntAlu :  D=0x0000000000050250
2206000: system.cpu: T0 : 0x1f090    : ld a6, -2024(gp)           : MemRead :  D=0xfefefefefefefeff A=0x70860
2206500: system.cpu: T0 : 0x1f094    : ld a1, -2016(gp)           : MemRead :  D=0x8080808080808080 A=0x70868
2207000: system.cpu: T0 : 0x1f098    : c_ld a2, 0(a5)             : MemRead :  D=0x4d555353415f444c A=0x50250
2208000: system.cpu: T0 : 0x1f09a    : addi a3, a5, 8             : IntAlu :  D=0x0000000000050258
2209000: system.cpu: T0 : 0x1f09e    : add a4, a2, a6             : IntAlu :  D=0x4c545252405e434b
2210000: system.cpu: T0 : 0x1f0a2    : xori a2, a2, 18446744073709551615 : IntAlu :  D=0xb2aaacacbea0bbb3
2210500: system.cpu: T0 : 0x1f0a6    : c_and a4, a2               : IntAlu :  D=0x0000000000000303
2211000: system.cpu: T0 : 0x1f0a8    : c_and a4, a1               : IntAlu :  D=0x0000000000000000
2211500: system.cpu: T0 : 0x1f0aa    : c_beqz a4, 50              : IntAlu : 
2212000: system.cpu: T0 : 0x1f0dc    : c_mv a5, a3                : IntAlu :  D=0x0000000000050258
2212500: system.cpu: T0 : 0x1f0de    : c_j -70                    : IntAlu : 
2213000: system.cpu: T0 : 0x1f098    : c_ld a2, 0(a5)             : MemRead :  D=0x4c454e52454b5f45 A=0x50258
2214000: system.cpu: T0 : 0x1f09a    : addi a3, a5, 8             : IntAlu :  D=0x0000000000050260
2215000: system.cpu: T0 : 0x1f09e    : add a4, a2, a6             : IntAlu :  D=0x4b444d51444a5e44
2216000: system.cpu: T0 : 0x1f0a2    : xori a2, a2, 18446744073709551615 : IntAlu :  D=0xb3bab1adbab4a0ba
2216500: system.cpu: T0 : 0x1f0a6    : c_and a4, a2               : IntAlu :  D=0x0300010100000000
2217000: system.cpu: T0 : 0x1f0a8    : c_and a4, a1               : IntAlu :  D=0x0000000000000000
2217500: system.cpu: T0 : 0x1f0aa    : c_beqz a4, 50              : IntAlu : 
2218000: system.cpu: T0 : 0x1f0dc    : c_mv a5, a3                : IntAlu :  D=0x0000000000050260
2218500: system.cpu: T0 : 0x1f0de    : c_j -70                    : IntAlu : 
2219000: system.cpu: T0 : 0x1f098    : c_ld a2, 0(a5)             : MemRead :  D=0x0000000000000000 A=0x50260
2220000: system.cpu: T0 : 0x1f09a    : addi a3, a5, 8             : IntAlu :  D=0x0000000000050268
2221000: system.cpu: T0 : 0x1f09e    : add a4, a2, a6             : IntAlu :  D=0xfefefefefefefeff
2222000: system.cpu: T0 : 0x1f0a2    : xori a2, a2, 18446744073709551615 : IntAlu :  D=0xffffffffffffffff
2222500: system.cpu: T0 : 0x1f0a6    : c_and a4, a2               : IntAlu :  D=0xfefefefefefefeff
2223000: system.cpu: T0 : 0x1f0a8    : c_and a4, a1               : IntAlu :  D=0x8080808080808080
2223500: system.cpu: T0 : 0x1f0aa    : c_beqz a4, 50              : IntAlu : 
2224000: system.cpu: T0 : 0x1f0ac    : lbu a4, -8(a3)             : MemRead :  D=0x0000000000000000 A=0x50260
2224500: system.cpu: T0 : 0x1f0b0    : c_beqz a4, -40             : IntAlu : 
2225000: system.cpu: T0 : 0x1f088    : sub a0, a5, a0             : IntAlu :  D=0x0000000000000010
2225500: system.cpu: T0 : 0x1f08c    : c_jr ra                    : IntAlu : 
2226000: system.cpu: T0 : 0x14a78    : slli a5, s5, 8             : IntAlu :  D=0x0000000000004400
2226500: system.cpu: T0 : 0x14a7c    : or a5, s2, a5              : IntAlu :  D=0x000000000000444c
2227000: system.cpu: T0 : 0x14a80    : slliw s2, a5, 16           : IntAlu :  D=0x00000000444c0000
2227500: system.cpu: T0 : 0x14a84    : c_mv s3, a0                : IntAlu :  D=0x0000000000000010
2228500: system.cpu: T0 : 0x14a86    : sraiw s2, s2, 16           : IntAlu :  D=0x000000000000444c
2229500: system.cpu: T0 : 0x14a8a    : addi s5, a0, -2            : IntAlu :  D=0x000000000000000e
2230000: system.cpu: T0 : 0x14a8e    : c_addi s4, 2               : IntAlu :  D=0x0000000000050252
2230500: system.cpu: T0 : 0x14a90    : c_beqz s0, -50             : IntAlu : 
2231000: system.cpu: T0 : 0x14a5e    : c_ldsp ra, 56(sp)          : MemRead :  D=0x0000000000022c80 A=0x7ffffffffffffd28
2231500: system.cpu: T0 : 0x14a60    : c_mv a0, s0                : IntAlu :  D=0x0000000000000000
2232000: system.cpu: T0 : 0x14a62    : c_ldsp s0, 48(sp)          : MemRead :  D=0x000000000006ef80 A=0x7ffffffffffffd20
2232500: system.cpu: T0 : 0x14a64    : c_ldsp s1, 40(sp)          : MemRead :  D=0x000000000006fe60 A=0x7ffffffffffffd18
2233000: system.cpu: T0 : 0x14a66    : c_ldsp s2, 32(sp)          : MemRead :  D=0x0000000000072000 A=0x7ffffffffffffd10
2233500: system.cpu: T0 : 0x14a68    : c_ldsp s3, 24(sp)          : MemRead :  D=0x0000000000072000 A=0x7ffffffffffffd08
2234000: system.cpu: T0 : 0x14a6a    : c_ldsp s4, 16(sp)          : MemRead :  D=0x0000000000070000 A=0x7ffffffffffffd00
2234500: system.cpu: T0 : 0x14a6c    : c_ldsp s5, 8(sp)           : MemRead :  D=0x0000000000072000 A=0x7ffffffffffffcf8
2235000: system.cpu: T0 : 0x14a6e    : c_ldsp s6, 0(sp)           : MemRead :  D=0x0000000000072000 A=0x7ffffffffffffcf0
2235500: system.cpu: T0 : 0x14a70    : c_addi16sp sp, 64          : IntAlu :  D=0x7ffffffffffffd30
2236000: system.cpu: T0 : 0x14a72    : c_jr ra                    : IntAlu : 
2236500: system.cpu: T0 : 0x22c80    : c_mv s0, a0                : IntAlu :  D=0x0000000000000000
2237000: system.cpu: T0 : 0x22c82    : c_beqz a0, 76              : IntAlu : 
2238000: system.cpu: T0 : 0x22cce    : lui a5, 114                : IntAlu :  D=0x0000000000072000
2239000: system.cpu: T0 : 0x22cd2    : ld a0, -400(a5)            : MemRead :  D=0x0000000000000000 A=0x71e70
2239500: system.cpu: T0 : 0x22cd6    : c_beqz a0, 14              : IntAlu : 
2240000: system.cpu: T0 : 0x22ce4    : ld a5, -368(s2)            : MemRead :  D=0x0000000000010040 A=0x71e90
2240500: system.cpu: T0 : 0x22ce8    : ld t3, 1120(s1)            : MemRead :  D=0x0000000000000000 A=0x702c0
2241000: system.cpu: T0 : 0x22cec    : c_beqz a5, 110             : IntAlu : 
2242000: system.cpu: T0 : 0x22cee    : ld a4, -312(s3)            : MemRead :  D=0x0000000000000006 A=0x71ec8
2243000: system.cpu: T0 : 0x22cf2    : slli a3, a4, 3             : IntAlu :  D=0x0000000000000030
2243500: system.cpu: T0 : 0x22cf6    : c_sub a3, a4               : IntAlu :  D=0x000000000000002a
2244000: system.cpu: T0 : 0x22cf8    : c_slli a3, 3               : IntAlu :  D=0x0000000000000150
2244500: system.cpu: T0 : 0x22cfa    : c_add a3, a5               : IntAlu :  D=0x0000000000010190
2245000: system.cpu: T0 : 0x22cfc    : bgeu a5, a3, 94            : IntAlu : 
2245500: system.cpu: T0 : 0x22d00    : lui a2, 411470             : IntAlu :  D=0x000000006474e000
2246000: system.cpu: T0 : 0x22d04    : addi a1, a2, 1361          : IntAlu :  D=0x000000006474e551
2246500: system.cpu: T0 : 0x22d08    : ld t4, 1112(s1)            : MemRead :  D=0x0000000000000000 A=0x702b8
2247000: system.cpu: T0 : 0x22d0c    : lw t1, -1800(gp)           : MemRead :  D=0x0000000000000006 A=0x70940
2247500: system.cpu: T0 : 0x22d10    : c_mv a6, t3                : IntAlu :  D=0x0000000000000000
2248000: system.cpu: T0 : 0x22d12    : c_li a7, 0                 : IntAlu :  D=0x0000000000000000
2248500: system.cpu: T0 : 0x22d14    : c_li a0, 0                 : IntAlu :  D=0x0000000000000000
2249500: system.cpu: T0 : 0x22d16    : addi a2, a2, 1362          : IntAlu :  D=0x000000006474e552
2250000: system.cpu: T0 : 0x22d1a    : c_j 24                     : IntAlu : 
2250500: system.cpu: T0 : 0x22d32    : c_lw a4, 0(a5)             : MemRead :  D=0x0000000000000001 A=0x10040
2251000: system.cpu: T0 : 0x22d34    : bne a4, a1, -24            : IntAlu : 
2251500: system.cpu: T0 : 0x22d1c    : bne a4, a2, 14             : IntAlu : 
2252500: system.cpu: T0 : 0x22d2a    : addi a5, a5, 56            : IntAlu :  D=0x0000000000010078
2253500: system.cpu: T0 : 0x22d2e    : bgeu a5, a3, 24            : IntAlu : 
2254000: system.cpu: T0 : 0x22d32    : c_lw a4, 0(a5)             : MemRead :  D=0x0000000000000001 A=0x10078
2254500: system.cpu: T0 : 0x22d34    : bne a4, a1, -24            : IntAlu : 
2255000: system.cpu: T0 : 0x22d1c    : bne a4, a2, 14             : IntAlu : 
2256000: system.cpu: T0 : 0x22d2a    : addi a5, a5, 56            : IntAlu :  D=0x00000000000100b0
2257000: system.cpu: T0 : 0x22d2e    : bgeu a5, a3, 24            : IntAlu : 
2257500: system.cpu: T0 : 0x22d32    : c_lw a4, 0(a5)             : MemRead :  D=0x0000000000000004 A=0x100b0
2258000: system.cpu: T0 : 0x22d34    : bne a4, a1, -24            : IntAlu : 
2258500: system.cpu: T0 : 0x22d1c    : bne a4, a2, 14             : IntAlu : 
2259500: system.cpu: T0 : 0x22d2a    : addi a5, a5, 56            : IntAlu :  D=0x00000000000100e8
2260500: system.cpu: T0 : 0x22d2e    : bgeu a5, a3, 24            : IntAlu : 
2261000: system.cpu: T0 : 0x22d32    : c_lw a4, 0(a5)             : MemRead :  D=0x0000000000000007 A=0x100e8
2261500: system.cpu: T0 : 0x22d34    : bne a4, a1, -24            : IntAlu : 
2262000: system.cpu: T0 : 0x22d1c    : bne a4, a2, 14             : IntAlu : 
2263000: system.cpu: T0 : 0x22d2a    : addi a5, a5, 56            : IntAlu :  D=0x0000000000010120
2264000: system.cpu: T0 : 0x22d2e    : bgeu a5, a3, 24            : IntAlu : 
2264500: system.cpu: T0 : 0x22d32    : c_lw a4, 0(a5)             : MemRead :  D=0x000000006474e551 A=0x10120
2265000: system.cpu: T0 : 0x22d34    : bne a4, a1, -24            : IntAlu : 
2265500: system.cpu: T0 : 0x22d38    : lw t1, 4(a5)               : MemRead :  D=0x0000000000000006 A=0x10124
2266000: system.cpu: T0 : 0x22d3c    : addi a5, a5, 56            : IntAlu :  D=0x0000000000010158
2266500: system.cpu: T0 : 0x22d40    : c_li a0, 1                 : IntAlu :  D=0x0000000000000001
2267500: system.cpu: T0 : 0x22d42    : bltu a5, a3, -16           : IntAlu : 
2268000: system.cpu: T0 : 0x22d32    : c_lw a4, 0(a5)             : MemRead :  D=0x000000006474e552 A=0x10158
2268500: system.cpu: T0 : 0x22d34    : bne a4, a1, -24            : IntAlu : 
2269000: system.cpu: T0 : 0x22d1c    : bne a4, a2, 14             : IntAlu : 
2269500: system.cpu: T0 : 0x22d20    : ld t4, 16(a5)              : MemRead :  D=0x000000000006ead0 A=0x10168
2270000: system.cpu: T0 : 0x22d24    : ld a6, 40(a5)              : MemRead :  D=0x0000000000000530 A=0x10180
2270500: system.cpu: T0 : 0x22d28    : c_li a7, 1                 : IntAlu :  D=0x0000000000000001
2271500: system.cpu: T0 : 0x22d2a    : addi a5, a5, 56            : IntAlu :  D=0x0000000000010190
2272500: system.cpu: T0 : 0x22d2e    : bgeu a5, a3, 24            : IntAlu : 
2273000: system.cpu: T0 : 0x22d46    : c_beqz a0, 6               : IntAlu : 
2273500: system.cpu: T0 : 0x22d48    : sw t1, -1800(gp)           : MemWrite :  D=0x0000000000000006 A=0x70940
2274000: system.cpu: T0 : 0x22d4c    : beq a7, zero, 14           : IntAlu : 
2274500: system.cpu: T0 : 0x22d50    : sd t4, 1112(s1)            : MemWrite :  D=0x000000000006ead0 A=0x702b8
2275000: system.cpu: T0 : 0x22d54    : sd a6, 1120(s1)            : MemWrite :  D=0x0000000000000530 A=0x702c0
2275500: system.cpu: T0 : 0x22d58    : c_mv t3, a6                : IntAlu :  D=0x0000000000000530
2276500: system.cpu: T0 : 0x22d5a    : bne t3, zero, 272          : IntAlu : 
2277500: system.cpu: T0 : 0x22e6a    : addi a0, s4, -416          : IntAlu :  D=0x000000000006fe60
2278500: system.cpu: T0 : 0x22e6e    : jal ra, 106388             : IntAlu :  D=0x0000000000022e72
2279000: system.cpu: T0 : 0x3ce02    : c_addi sp, -16             : IntAlu :  D=0x7ffffffffffffd20
2279500: system.cpu: T0 : 0x3ce04    : c_ld a5, 0(a0)             : MemRead :  D=0x0000000000000000 A=0x6fe60
2280000: system.cpu: T0 : 0x3ce06    : c_sdsp s0, 0(sp)           : MemWrite :  D=0x0000000000000000 A=0x7ffffffffffffd20
2280500: system.cpu: T0 : 0x3ce08    : c_mv s0, a0                : IntAlu :  D=0x000000000006fe60
2281500: system.cpu: T0 : 0x3ce0a    : ld a0, 1112(a0)            : MemRead :  D=0x000000000006ead0 A=0x702b8
2282500: system.cpu: T0 : 0x3ce0e    : ld a4, -1784(gp)           : MemRead :  D=0x0000000000001000 A=0x70950
2283500: system.cpu: T0 : 0x3ce12    : ld a1, 1120(s0)            : MemRead :  D=0x0000000000000530 A=0x702c0
2284000: system.cpu: T0 : 0x3ce16    : c_add a5, a0               : IntAlu :  D=0x000000000006ead0
2284500: system.cpu: T0 : 0x3ce18    : sub a4, zero, a4           : IntAlu :  D=0xfffffffffffff000
2285000: system.cpu: T0 : 0x3ce1c    : c_add a1, a5               : IntAlu :  D=0x000000000006f000
2285500: system.cpu: T0 : 0x3ce1e    : c_sdsp ra, 8(sp)           : MemWrite :  D=0x0000000000022e72 A=0x7ffffffffffffd28
2286000: system.cpu: T0 : 0x3ce20    : and a0, a5, a4             : IntAlu :  D=0x000000000006e000
2286500: system.cpu: T0 : 0x3ce24    : c_and a1, a4               : IntAlu :  D=0x000000000006f000
2287500: system.cpu: T0 : 0x3ce26    : bne a0, a1, 12             : IntAlu : 
2288000: system.cpu: T0 : 0x3ce32    : c_li a2, 1                 : IntAlu :  D=0x0000000000000001
2288500: system.cpu: T0 : 0x3ce34    : c_sub a1, a0               : IntAlu :  D=0x0000000000001000
2289500: system.cpu: T0 : 0x3ce36    : jal ra, -113354            : IntAlu :  D=0x000000000003ce3a
2290000: system.cpu: T0 : 0x2136c    : addi a7, zero, 226         : IntAlu :  D=0x00000000000000e2
2290500: system.cpu: T0 : 0x21370    : ecall                      : No_OpClass : 
2291000: system.cpu: T0 : 0x21374    : c_lui a7, 1048575          : IntAlu :  D=0xfffffffffffff000
2292000: system.cpu: T0 : 0x21376    : bltu a7, a0, 6             : IntAlu : 
2292500: system.cpu: T0 : 0x2137a    : c_jr ra                    : IntAlu : 
2293500: system.cpu: T0 : 0x3ce3a    : bge a0, zero, -16          : IntAlu : 
2294000: system.cpu: T0 : 0x3ce2a    : c_ldsp ra, 8(sp)           : MemRead :  D=0x0000000000022e72 A=0x7ffffffffffffd28
2294500: system.cpu: T0 : 0x3ce2c    : c_ldsp s0, 0(sp)           : MemRead :  D=0x0000000000000000 A=0x7ffffffffffffd20
2295000: system.cpu: T0 : 0x3ce2e    : c_addi sp, 16              : IntAlu :  D=0x7ffffffffffffd30
2295500: system.cpu: T0 : 0x3ce30    : c_jr ra                    : IntAlu : 
2296000: system.cpu: T0 : 0x22e72    : c_j -276                   : IntAlu : 
2296500: system.cpu: T0 : 0x22d5e    : c_ldsp ra, 152(sp)         : MemRead :  D=0x00000000000230f0 A=0x7ffffffffffffdc8
2297000: system.cpu: T0 : 0x22d60    : c_ldsp s0, 144(sp)         : MemRead :  D=0x0000000000000001 A=0x7ffffffffffffdc0
2297500: system.cpu: T0 : 0x22d62    : c_ldsp s1, 136(sp)         : MemRead :  D=0x7fffffffffffff38 A=0x7ffffffffffffdb8
2298000: system.cpu: T0 : 0x22d64    : c_ldsp s2, 128(sp)         : MemRead :  D=0x7fffffffffffff48 A=0x7ffffffffffffdb0
2298500: system.cpu: T0 : 0x22d66    : c_ldsp s3, 120(sp)         : MemRead :  D=0x0000000000000000 A=0x7ffffffffffffda8
2299000: system.cpu: T0 : 0x22d68    : c_ldsp s4, 112(sp)         : MemRead :  D=0x0000000000000000 A=0x7ffffffffffffda0
2299500: system.cpu: T0 : 0x22d6a    : c_ldsp s5, 104(sp)         : MemRead :  D=0x0000000000000000 A=0x7ffffffffffffd98
2300000: system.cpu: T0 : 0x22d6c    : c_ldsp s6, 96(sp)          : MemRead :  D=0x0000000000000000 A=0x7ffffffffffffd90
2300500: system.cpu: T0 : 0x22d6e    : c_ldsp s7, 88(sp)          : MemRead :  D=0x0000000000000000 A=0x7ffffffffffffd88
2301000: system.cpu: T0 : 0x22d70    : c_ldsp s8, 80(sp)          : MemRead :  D=0x0000000000000000 A=0x7ffffffffffffd80
2301500: system.cpu: T0 : 0x22d72    : c_ldsp s9, 72(sp)          : MemRead :  D=0x0000000000000000 A=0x7ffffffffffffd78
2302000: system.cpu: T0 : 0x22d74    : c_ldsp s10, 64(sp)         : MemRead :  D=0x0000000000000000 A=0x7ffffffffffffd70
2302500: system.cpu: T0 : 0x22d76    : c_addi16sp sp, 160         : IntAlu :  D=0x7ffffffffffffdd0
2303000: system.cpu: T0 : 0x22d78    : c_jr ra                    : IntAlu : 
2303500: system.cpu: T0 : 0x230f0    : c_mv a2, s2                : IntAlu :  D=0x7fffffffffffff48
2304000: system.cpu: T0 : 0x230f2    : c_mv a1, s1                : IntAlu :  D=0x7fffffffffffff38
2304500: system.cpu: T0 : 0x230f4    : c_mv a0, s0                : IntAlu :  D=0x0000000000000001
2305500: system.cpu: T0 : 0x230f6    : jal ra, -4344              : IntAlu :  D=0x00000000000230fa
2306000: system.cpu: T0 : 0x21ffe    : c_beqz a1, 50              : IntAlu : 
2306500: system.cpu: T0 : 0x22000    : c_addi sp, -32             : IntAlu :  D=0x7ffffffffffffdb0
2307000: system.cpu: T0 : 0x22002    : c_sdsp s1, 8(sp)           : MemWrite :  D=0x7fffffffffffff38 A=0x7ffffffffffffdb8
2307500: system.cpu: T0 : 0x22004    : c_ld s1, 0(a1)             : MemRead :  D=0x7fffffffffffffdd A=0x7fffffffffffff38
2308000: system.cpu: T0 : 0x22006    : c_sdsp s0, 16(sp)          : MemWrite :  D=0x0000000000000001 A=0x7ffffffffffffdc0
2308500: system.cpu: T0 : 0x22008    : c_sdsp ra, 24(sp)          : MemWrite :  D=0x00000000000230fa A=0x7ffffffffffffdc8
2309000: system.cpu: T0 : 0x2200a    : c_mv s0, a1                : IntAlu :  D=0x7fffffffffffff38
2309500: system.cpu: T0 : 0x2200c    : c_beqz s1, 26              : IntAlu : 
2310500: system.cpu: T0 : 0x2200e    : addi a1, zero, 47          : IntAlu :  D=0x000000000000002f
2311000: system.cpu: T0 : 0x22012    : c_mv a0, s1                : IntAlu :  D=0x7fffffffffffffdd
2311500: system.cpu: T0 : 0x22014    : jal ra, 90482              : IntAlu :  D=0x0000000000022018
2312000: system.cpu: T0 : 0x38186    : c_addi sp, -32             : IntAlu :  D=0x7ffffffffffffd90
2312500: system.cpu: T0 : 0x38188    : c_sdsp s0, 16(sp)          : MemWrite :  D=0x7fffffffffffff38 A=0x7ffffffffffffda0
2313000: system.cpu: T0 : 0x3818a    : c_sdsp s1, 8(sp)           : MemWrite :  D=0x7fffffffffffffdd A=0x7ffffffffffffd98
2313500: system.cpu: T0 : 0x3818c    : c_sdsp s2, 0(sp)           : MemWrite :  D=0x7fffffffffffff48 A=0x7ffffffffffffd90
2314000: system.cpu: T0 : 0x3818e    : c_sdsp ra, 24(sp)          : MemWrite :  D=0x0000000000022018 A=0x7ffffffffffffda8
2314500: system.cpu: T0 : 0x38190    : andi s1, a1, 255           : IntAlu :  D=0x000000000000002f
2315000: system.cpu: T0 : 0x38194    : c_mv s0, a0                : IntAlu :  D=0x7fffffffffffffdd
2315500: system.cpu: T0 : 0x38196    : c_li s2, 0                 : IntAlu :  D=0x0000000000000000
2316000: system.cpu: T0 : 0x38198    : c_bnez s1, 10              : IntAlu : 
2316500: system.cpu: T0 : 0x381a2    : c_mv a0, s0                : IntAlu :  D=0x7fffffffffffffdd
2317000: system.cpu: T0 : 0x381a4    : c_mv a1, s1                : IntAlu :  D=0x000000000000002f
2318000: system.cpu: T0 : 0x381a6    : jal ra, -103340            : IntAlu :  D=0x00000000000381aa
2319000: system.cpu: T0 : 0x1edfa    : andi a5, a0, 7             : IntAlu :  D=0x0000000000000005
2320000: system.cpu: T0 : 0x1edfe    : andi a4, a1, 255           : IntAlu :  D=0x000000000000002f
2320500: system.cpu: T0 : 0x1ee02    : c_bnez a5, 14              : IntAlu : 
2321000: system.cpu: T0 : 0x1ee10    : lbu a5, 0(a0)              : MemRead :  D=0x000000000000002e A=0x7fffffffffffffdd
2321500: system.cpu: T0 : 0x1ee14    : bne a5, a4, -14            : IntAlu : 
2322000: system.cpu: T0 : 0x1ee06    : c_addi a0, 1               : IntAlu :  D=0x7fffffffffffffde
2322500: system.cpu: T0 : 0x1ee08    : andi a3, a0, 7             : IntAlu :  D=0x0000000000000006
2323000: system.cpu: T0 : 0x1ee0c    : c_beqz a5, 168             : IntAlu : 
2323500: system.cpu: T0 : 0x1ee0e    : c_beqz a3, 12              : IntAlu : 
2324000: system.cpu: T0 : 0x1ee10    : lbu a5, 0(a0)              : MemRead :  D=0x000000000000002e A=0x7fffffffffffffde
2324500: system.cpu: T0 : 0x1ee14    : bne a5, a4, -14            : IntAlu : 
2325000: system.cpu: T0 : 0x1ee06    : c_addi a0, 1               : IntAlu :  D=0x7fffffffffffffdf
2325500: system.cpu: T0 : 0x1ee08    : andi a3, a0, 7             : IntAlu :  D=0x0000000000000007
2326000: system.cpu: T0 : 0x1ee0c    : c_beqz a5, 168             : IntAlu : 
2326500: system.cpu: T0 : 0x1ee0e    : c_beqz a3, 12              : IntAlu : 
2327000: system.cpu: T0 : 0x1ee10    : lbu a5, 0(a0)              : MemRead :  D=0x000000000000002f A=0x7fffffffffffffdf
2327500: system.cpu: T0 : 0x1ee14    : bne a5, a4, -14            : IntAlu : 
2328000: system.cpu: T0 : 0x1ee18    : c_jr ra                    : IntAlu : 
2328500: system.cpu: T0 : 0x381aa    : c_bnez a0, -14             : IntAlu : 
2329000: system.cpu: T0 : 0x3819c    : addi s0, a0, 1             : IntAlu :  D=0x7fffffffffffffe0
2329500: system.cpu: T0 : 0x381a0    : c_mv s2, a0                : IntAlu :  D=0x7fffffffffffffdf
2330000: system.cpu: T0 : 0x381a2    : c_mv a0, s0                : IntAlu :  D=0x7fffffffffffffe0
2330500: system.cpu: T0 : 0x381a4    : c_mv a1, s1                : IntAlu :  D=0x000000000000002f
2331500: system.cpu: T0 : 0x381a6    : jal ra, -103340            : IntAlu :  D=0x00000000000381aa
2332500: system.cpu: T0 : 0x1edfa    : andi a5, a0, 7             : IntAlu :  D=0x0000000000000000
2333500: system.cpu: T0 : 0x1edfe    : andi a4, a1, 255           : IntAlu :  D=0x000000000000002f
2334000: system.cpu: T0 : 0x1ee02    : c_bnez a5, 14              : IntAlu : 
2334500: system.cpu: T0 : 0x1ee04    : c_j 22                     : IntAlu : 
2335000: system.cpu: T0 : 0x1ee1a    : c_lui a3, 16               : IntAlu :  D=0x0000000000010000
2335500: system.cpu: T0 : 0x1ee1c    : slliw a5, a1, 8            : IntAlu :  D=0x0000000000002f00
2336000: system.cpu: T0 : 0x1ee20    : c_addi a3, -1              : IntAlu :  D=0x000000000000ffff
2336500: system.cpu: T0 : 0x1ee22    : c_and a5, a3               : IntAlu :  D=0x0000000000002f00
2337000: system.cpu: T0 : 0x1ee24    : andi a1, a1, 255           : IntAlu :  D=0x000000000000002f
2337500: system.cpu: T0 : 0x1ee28    : c_or a1, a5                : IntAlu :  D=0x0000000000002f2f
2338000: system.cpu: T0 : 0x1ee2a    : c_addiw a1, 0              : IntAlu :  D=0x0000000000002f2f
2338500: system.cpu: T0 : 0x1ee2c    : slli t1, a1, 16            : IntAlu :  D=0x000000002f2f0000
2339000: system.cpu: T0 : 0x1ee30    : or a1, t1, a1              : IntAlu :  D=0x000000002f2f2f2f
2339500: system.cpu: T0 : 0x1ee34    : ld a6, -2032(gp)           : MemRead :  D=0x7efefefefefefeff A=0x70858
2340000: system.cpu: T0 : 0x1ee38    : slli t1, a1, 32            : IntAlu :  D=0x2f2f2f2f00000000
2340500: system.cpu: T0 : 0x1ee3c    : or t1, t1, a1              : IntAlu :  D=0x2f2f2f2f2f2f2f2f
2341000: system.cpu: T0 : 0x1ee40    : c_li t3, -1                : IntAlu :  D=0xffffffffffffffff
2341500: system.cpu: T0 : 0x1ee42    : c_ld a1, 0(a0)             : MemRead :  D=0x64616f6c6e776f44 A=0x7fffffffffffffe0
2342000: system.cpu: T0 : 0x1ee44    : addi a5, a0, 8             : IntAlu :  D=0x7fffffffffffffe8
2342500: system.cpu: T0 : 0x1ee48    : xor a7, t1, a1             : IntAlu :  D=0x4b4e40434158406b
2343000: system.cpu: T0 : 0x1ee4c    : add a3, a1, a6             : IntAlu :  D=0xe3606e6b6d766e43
2343500: system.cpu: T0 : 0x1ee50    : add a2, a7, a6             : IntAlu :  D=0xca4d3f4240573f6a
2344000: system.cpu: T0 : 0x1ee54    : c_xor a3, a1               : IntAlu :  D=0x8701010703010107
2345000: system.cpu: T0 : 0x1ee56    : xor a2, a2, a7             : IntAlu :  D=0x81037f01010f7f01
2345500: system.cpu: T0 : 0x1ee5a    : c_and a3, a2               : IntAlu :  D=0x8101010101010101
2346000: system.cpu: T0 : 0x1ee5c    : or a3, a3, a6              : IntAlu :  D=0xffffffffffffffff
2346500: system.cpu: T0 : 0x1ee60    : beq a3, t3, 88             : IntAlu : 
2347000: system.cpu: T0 : 0x1eeb8    : c_mv a0, a5                : IntAlu :  D=0x7fffffffffffffe8
2347500: system.cpu: T0 : 0x1eeba    : c_j -120                   : IntAlu : 
2348000: system.cpu: T0 : 0x1ee42    : c_ld a1, 0(a0)             : MemRead :  D=0xc900747275712f73 A=0x7fffffffffffffe8
2348500: system.cpu: T0 : 0x1ee44    : addi a5, a0, 8             : IntAlu :  D=0x7ffffffffffffff0
2349000: system.cpu: T0 : 0x1ee48    : xor a7, t1, a1             : IntAlu :  D=0xe62f5b5d5a5e005c
2349500: system.cpu: T0 : 0x1ee4c    : add a3, a1, a6             : IntAlu :  D=0x47ff737174702e72
2350000: system.cpu: T0 : 0x1ee50    : add a2, a7, a6             : IntAlu :  D=0x652e5a5c595cff5b
2350500: system.cpu: T0 : 0x1ee54    : c_xor a3, a1               : IntAlu :  D=0x8eff070301010101
2351500: system.cpu: T0 : 0x1ee56    : xor a2, a2, a7             : IntAlu :  D=0x830101010302ff07
2352000: system.cpu: T0 : 0x1ee5a    : c_and a3, a2               : IntAlu :  D=0x8201010101000101
2352500: system.cpu: T0 : 0x1ee5c    : or a3, a3, a6              : IntAlu :  D=0xfefffffffffeffff
2353000: system.cpu: T0 : 0x1ee60    : beq a3, t3, 88             : IntAlu : 
2353500: system.cpu: T0 : 0x1ee64    : lbu a3, -8(a5)             : MemRead :  D=0x0000000000000073 A=0x7fffffffffffffe8
2354000: system.cpu: T0 : 0x1ee68    : beq a3, a4, -80            : IntAlu : 
2354500: system.cpu: T0 : 0x1ee6c    : c_beqz a3, 72              : IntAlu : 
2355500: system.cpu: T0 : 0x1ee6e    : lbu a3, -7(a5)             : MemRead :  D=0x000000000000002f A=0x7fffffffffffffe9
2356500: system.cpu: T0 : 0x1ee72    : beq a3, a4, 74             : IntAlu : 
2357000: system.cpu: T0 : 0x1eebc    : c_addi a0, 1               : IntAlu :  D=0x7fffffffffffffe9
2357500: system.cpu: T0 : 0x1eebe    : c_jr ra                    : IntAlu : 
2358000: system.cpu: T0 : 0x381aa    : c_bnez a0, -14             : IntAlu : 
2358500: system.cpu: T0 : 0x3819c    : addi s0, a0, 1             : IntAlu :  D=0x7fffffffffffffea
2359000: system.cpu: T0 : 0x381a0    : c_mv s2, a0                : IntAlu :  D=0x7fffffffffffffe9
2359500: system.cpu: T0 : 0x381a2    : c_mv a0, s0                : IntAlu :  D=0x7fffffffffffffea
2360000: system.cpu: T0 : 0x381a4    : c_mv a1, s1                : IntAlu :  D=0x000000000000002f
2361000: system.cpu: T0 : 0x381a6    : jal ra, -103340            : IntAlu :  D=0x00000000000381aa
2362000: system.cpu: T0 : 0x1edfa    : andi a5, a0, 7             : IntAlu :  D=0x0000000000000002
2363000: system.cpu: T0 : 0x1edfe    : andi a4, a1, 255           : IntAlu :  D=0x000000000000002f
2363500: system.cpu: T0 : 0x1ee02    : c_bnez a5, 14              : IntAlu : 
2364000: system.cpu: T0 : 0x1ee10    : lbu a5, 0(a0)              : MemRead :  D=0x0000000000000071 A=0x7fffffffffffffea
2364500: system.cpu: T0 : 0x1ee14    : bne a5, a4, -14            : IntAlu : 
2365000: system.cpu: T0 : 0x1ee06    : c_addi a0, 1               : IntAlu :  D=0x7fffffffffffffeb
2365500: system.cpu: T0 : 0x1ee08    : andi a3, a0, 7             : IntAlu :  D=0x0000000000000003
2366000: system.cpu: T0 : 0x1ee0c    : c_beqz a5, 168             : IntAlu : 
2366500: system.cpu: T0 : 0x1ee0e    : c_beqz a3, 12              : IntAlu : 
2367000: system.cpu: T0 : 0x1ee10    : lbu a5, 0(a0)              : MemRead :  D=0x0000000000000075 A=0x7fffffffffffffeb
2367500: system.cpu: T0 : 0x1ee14    : bne a5, a4, -14            : IntAlu : 
2368000: system.cpu: T0 : 0x1ee06    : c_addi a0, 1               : IntAlu :  D=0x7fffffffffffffec
2368500: system.cpu: T0 : 0x1ee08    : andi a3, a0, 7             : IntAlu :  D=0x0000000000000004
2369000: system.cpu: T0 : 0x1ee0c    : c_beqz a5, 168             : IntAlu : 
2369500: system.cpu: T0 : 0x1ee0e    : c_beqz a3, 12              : IntAlu : 
2370000: system.cpu: T0 : 0x1ee10    : lbu a5, 0(a0)              : MemRead :  D=0x0000000000000072 A=0x7fffffffffffffec
2370500: system.cpu: T0 : 0x1ee14    : bne a5, a4, -14            : IntAlu : 
2371000: system.cpu: T0 : 0x1ee06    : c_addi a0, 1               : IntAlu :  D=0x7fffffffffffffed
2371500: system.cpu: T0 : 0x1ee08    : andi a3, a0, 7             : IntAlu :  D=0x0000000000000005
2372000: system.cpu: T0 : 0x1ee0c    : c_beqz a5, 168             : IntAlu : 
2372500: system.cpu: T0 : 0x1ee0e    : c_beqz a3, 12              : IntAlu : 
2373000: system.cpu: T0 : 0x1ee10    : lbu a5, 0(a0)              : MemRead :  D=0x0000000000000074 A=0x7fffffffffffffed
2373500: system.cpu: T0 : 0x1ee14    : bne a5, a4, -14            : IntAlu : 
2374000: system.cpu: T0 : 0x1ee06    : c_addi a0, 1               : IntAlu :  D=0x7fffffffffffffee
2374500: system.cpu: T0 : 0x1ee08    : andi a3, a0, 7             : IntAlu :  D=0x0000000000000006
2375000: system.cpu: T0 : 0x1ee0c    : c_beqz a5, 168             : IntAlu : 
2375500: system.cpu: T0 : 0x1ee0e    : c_beqz a3, 12              : IntAlu : 
2376000: system.cpu: T0 : 0x1ee10    : lbu a5, 0(a0)              : MemRead :  D=0x0000000000000000 A=0x7fffffffffffffee
2376500: system.cpu: T0 : 0x1ee14    : bne a5, a4, -14            : IntAlu : 
2377000: system.cpu: T0 : 0x1ee06    : c_addi a0, 1               : IntAlu :  D=0x7fffffffffffffef
2377500: system.cpu: T0 : 0x1ee08    : andi a3, a0, 7             : IntAlu :  D=0x0000000000000007
2378000: system.cpu: T0 : 0x1ee0c    : c_beqz a5, 168             : IntAlu : 
2378500: system.cpu: T0 : 0x1eeb4    : c_li a0, 0                 : IntAlu :  D=0x0000000000000000
2379000: system.cpu: T0 : 0x1eeb6    : c_jr ra                    : IntAlu : 
2379500: system.cpu: T0 : 0x381aa    : c_bnez a0, -14             : IntAlu : 
2380000: system.cpu: T0 : 0x381ac    : c_ldsp ra, 24(sp)          : MemRead :  D=0x0000000000022018 A=0x7ffffffffffffda8
2380500: system.cpu: T0 : 0x381ae    : c_ldsp s0, 16(sp)          : MemRead :  D=0x7fffffffffffff38 A=0x7ffffffffffffda0
2381000: system.cpu: T0 : 0x381b0    : c_ldsp s1, 8(sp)           : MemRead :  D=0x7fffffffffffffdd A=0x7ffffffffffffd98
2381500: system.cpu: T0 : 0x381b2    : c_mv a0, s2                : IntAlu :  D=0x7fffffffffffffe9
2382000: system.cpu: T0 : 0x381b4    : c_ldsp s2, 0(sp)           : MemRead :  D=0x7fffffffffffff48 A=0x7ffffffffffffd90
2382500: system.cpu: T0 : 0x381b6    : c_addi16sp sp, 32          : IntAlu :  D=0x7ffffffffffffdb0
2383000: system.cpu: T0 : 0x381b8    : c_jr ra                    : IntAlu : 
2383500: system.cpu: T0 : 0x22018    : c_beqz a0, 26              : IntAlu : 
2384000: system.cpu: T0 : 0x2201a    : c_addi a0, 1               : IntAlu :  D=0x7fffffffffffffea
2384500: system.cpu: T0 : 0x2201c    : sd a0, -1824(gp)           : MemWrite :  D=0x7fffffffffffffea A=0x70928
2385000: system.cpu: T0 : 0x22020    : c_ld a4, 0(s0)             : MemRead :  D=0x7fffffffffffffdd A=0x7fffffffffffff38
2386000: system.cpu: T0 : 0x22022    : sd a4, -1816(gp)           : MemWrite :  D=0x7fffffffffffffdd A=0x70930
2386500: system.cpu: T0 : 0x22026    : c_ldsp ra, 24(sp)          : MemRead :  D=0x00000000000230fa A=0x7ffffffffffffdc8
2387000: system.cpu: T0 : 0x22028    : c_ldsp s0, 16(sp)          : MemRead :  D=0x0000000000000001 A=0x7ffffffffffffdc0
2387500: system.cpu: T0 : 0x2202a    : c_ldsp s1, 8(sp)           : MemRead :  D=0x7fffffffffffff38 A=0x7ffffffffffffdb8
2388000: system.cpu: T0 : 0x2202c    : c_addi16sp sp, 32          : IntAlu :  D=0x7ffffffffffffdd0
2388500: system.cpu: T0 : 0x2202e    : c_jr ra                    : IntAlu : 
2389000: system.cpu: T0 : 0x230fa    : c_ldsp s0, 16(sp)          : MemRead :  D=0x0000000000010ce6 A=0x7ffffffffffffde0
2389500: system.cpu: T0 : 0x230fc    : c_ldsp ra, 24(sp)          : MemRead :  D=0x000000000001095a A=0x7ffffffffffffde8
2390000: system.cpu: T0 : 0x230fe    : c_ldsp s1, 8(sp)           : MemRead :  D=0x0000000000010d76 A=0x7ffffffffffffdd8
2390500: system.cpu: T0 : 0x23100    : c_ldsp s2, 0(sp)           : MemRead :  D=0x0000000000000000 A=0x7ffffffffffffdd0
2391000: system.cpu: T0 : 0x23102    : c_addi16sp sp, 32          : IntAlu :  D=0x7ffffffffffffdf0
2391500: system.cpu: T0 : 0x23104    : jal zero, 35004            : IntAlu :  D=0x0000000000023108
2392000: system.cpu: T0 : 0x2b9c0    : ld a5, 0(tp)               : MemRead :  D=0x0000000000070678 A=0x72710
2392500: system.cpu: T0 : 0x2b9c4    : c_ld a5, 0(a5)             : MemRead :  D=0x0000000000051bd8 A=0x70678
2393000: system.cpu: T0 : 0x2b9c6    : c_ld a0, 64(a5)            : MemRead :  D=0x0000000000053408 A=0x51c18
2393500: system.cpu: T0 : 0x2b9c8    : c_ld a2, 72(a5)            : MemRead :  D=0x0000000000052a08 A=0x51c20
2394000: system.cpu: T0 : 0x2b9ca    : c_ld a4, 88(a5)            : MemRead :  D=0x0000000000052408 A=0x51c30
2394500: system.cpu: T0 : 0x2b9cc    : addi a0, a0, 256           : IntAlu :  D=0x0000000000053508
2395000: system.cpu: T0 : 0x2b9d0    : addi a2, a2, 512           : IntAlu :  D=0x0000000000052c08
2395500: system.cpu: T0 : 0x2b9d4    : addi a4, a4, 512           : IntAlu :  D=0x0000000000052608
2396000: system.cpu: T0 : 0x2b9d8    : sd a0, 80(tp)              : MemWrite :  D=0x0000000000053508 A=0x72760
2396500: system.cpu: T0 : 0x2b9dc    : sd a2, 72(tp)              : MemWrite :  D=0x0000000000052c08 A=0x72758
2397000: system.cpu: T0 : 0x2b9e0    : sd a4, 64(tp)              : MemWrite :  D=0x0000000000052608 A=0x72750
2397500: system.cpu: T0 : 0x2b9e4    : c_jr ra                    : IntAlu : 
2398000: system.cpu: T0 : 0x1095a    : c_beqz s1, 12              : IntAlu : 
2398500: system.cpu: T0 : 0x1095c    : c_li a2, 0                 : IntAlu :  D=0x0000000000000000
2399000: system.cpu: T0 : 0x1095e    : c_li a1, 0                 : IntAlu :  D=0x0000000000000000
2399500: system.cpu: T0 : 0x10960    : c_mv a0, s1                : IntAlu :  D=0x0000000000010d76
2400500: system.cpu: T0 : 0x10962    : jal ra, 17628              : IntAlu :  D=0x0000000000010966
2401500: system.cpu: T0 : 0x14e3e    : addi a3, gp, -1936         : IntAlu :  D=0x00000000000708b8
2402000: system.cpu: T0 : 0x14e42    : c_j -204                   : IntAlu : 
2402500: system.cpu: T0 : 0x14d76    : c_addi16sp sp, -64         : IntAlu :  D=0x7ffffffffffffdb0
2403000: system.cpu: T0 : 0x14d78    : c_sdsp ra, 56(sp)          : MemWrite :  D=0x0000000000010966 A=0x7ffffffffffffde8
2403500: system.cpu: T0 : 0x14d7a    : c_sdsp s0, 48(sp)          : MemWrite :  D=0x0000000000010ce6 A=0x7ffffffffffffde0
2404000: system.cpu: T0 : 0x14d7c    : c_sdsp s1, 40(sp)          : MemWrite :  D=0x0000000000010d76 A=0x7ffffffffffffdd8
2404500: system.cpu: T0 : 0x14d7e    : c_sdsp s2, 32(sp)          : MemWrite :  D=0x0000000000000000 A=0x7ffffffffffffdd0
2405000: system.cpu: T0 : 0x14d80    : c_sdsp s3, 24(sp)          : MemWrite :  D=0x0000000000000000 A=0x7ffffffffffffdc8
2405500: system.cpu: T0 : 0x14d82    : c_beqz a0, 156             : IntAlu : 
2406000: system.cpu: T0 : 0x14d84    : lui s0, 114                : IntAlu :  D=0x0000000000072000
2406500: system.cpu: T0 : 0x14d88    : c_mv s2, a2                : IntAlu :  D=0x0000000000000000
2407000: system.cpu: T0 : 0x14d8a    : c_mv s1, a0                : IntAlu :  D=0x0000000000010d76
2407500: system.cpu: T0 : 0x14d8c    : c_mv s3, a1                : IntAlu :  D=0x0000000000000000
2408000: system.cpu: T0 : 0x14d8e    : c_li a4, 1                 : IntAlu :  D=0x0000000000000001
2408500: system.cpu: T0 : 0x14d90    : addi a2, s0, -512          : IntAlu :  D=0x0000000000071e00
2409000: system.cpu: T0 : 0x14d94    : lr_w a5, (a2)             
2409000: system.cpu: T0 : 0x14d94. 0 : lr_w a5, (a2)              : MemRead :  D=0x0000000000000000 A=0x71e00
2409500: system.cpu: T0 : 0x14d98    : c_bnez a5, 8               : IntAlu : 
2410500: system.cpu: T0 : 0x14d9a    : sc_w_aq a1, a4, (a2)      
2410500: system.cpu: T0 : 0x14d9a. 0 : sc_w a1, a4, (a2)          : MemWrite :  D=0x0000000000000000 A=0x71e00
2411000: system.cpu: T0 : 0x14d9a. 1 : 0x1ce625af fence           : No_OpClass : 
2411500: system.cpu: T0 : 0x14d9e    : c_bnez a1, -10             : IntAlu : 
2412000: system.cpu: T0 : 0x14da0    : c_addiw a5, 0              : IntAlu :  D=0x0000000000000000
2412500: system.cpu: T0 : 0x14da2    : c_bnez a5, 64              : IntAlu : 
2413000: system.cpu: T0 : 0x14da4    : c_mv a0, a3                : IntAlu :  D=0x00000000000708b8
2414000: system.cpu: T0 : 0x14da6    : jal ra, -242               : IntAlu :  D=0x0000000000014daa
2414500: system.cpu: T0 : 0x14cb4    : lbu a5, -1476(gp)          : MemRead :  D=0x0000000000000000 A=0x70a84
2415000: system.cpu: T0 : 0x14cb8    : c_bnez a5, 186             : IntAlu : 
2415500: system.cpu: T0 : 0x14cba    : c_addi sp, -32             : IntAlu :  D=0x7ffffffffffffd90
2416000: system.cpu: T0 : 0x14cbc    : c_sdsp s1, 8(sp)           : MemWrite :  D=0x0000000000010d76 A=0x7ffffffffffffd98
2416500: system.cpu: T0 : 0x14cbe    : c_ld s1, 0(a0)             : MemRead :  D=0x0000000000071160 A=0x708b8
2417000: system.cpu: T0 : 0x14cc0    : c_sdsp s0, 16(sp)          : MemWrite :  D=0x0000000000072000 A=0x7ffffffffffffda0
2417500: system.cpu: T0 : 0x14cc2    : c_sdsp ra, 24(sp)          : MemWrite :  D=0x0000000000014daa A=0x7ffffffffffffda8
2418000: system.cpu: T0 : 0x14cc4    : c_mv s0, a0                : IntAlu :  D=0x00000000000708b8
2418500: system.cpu: T0 : 0x14cc6    : c_beqz s1, 140             : IntAlu : 
2419000: system.cpu: T0 : 0x14cc8    : c_mv a1, s1                : IntAlu :  D=0x0000000000071160
2419500: system.cpu: T0 : 0x14cca    : c_li a6, 0                 : IntAlu :  D=0x0000000000000000
2420000: system.cpu: T0 : 0x14ccc    : c_ld a4, 8(a1)             : MemRead :  D=0x0000000000000000 A=0x71168
2421000: system.cpu: T0 : 0x14cce    : slli a5, a4, 5             : IntAlu :  D=0x0000000000000000
2421500: system.cpu: T0 : 0x14cd2    : c_add a5, a1               : IntAlu :  D=0x0000000000071160
2422000: system.cpu: T0 : 0x14cd4    : c_beqz a4, 18              : IntAlu : 
2422500: system.cpu: T0 : 0x14ce6    : c_ld a5, 0(a1)             : MemRead :  D=0x0000000000000000 A=0x71160
2423000: system.cpu: T0 : 0x14ce8    : sd zero, 8(a1)             : MemWrite :  D=0x0000000000000000 A=0x71168
2423500: system.cpu: T0 : 0x14cec    : c_mv a6, a1                : IntAlu :  D=0x0000000000071160
2424000: system.cpu: T0 : 0x14cee    : c_beqz a5, 78              : IntAlu : 
2424500: system.cpu: T0 : 0x14d3c    : c_li a5, 1                 : IntAlu :  D=0x0000000000000001
2425500: system.cpu: T0 : 0x14d3e    : addi a0, a1, 16            : IntAlu :  D=0x0000000000071170
2426000: system.cpu: T0 : 0x14d42    : c_sd a5, 8(a1)             : MemWrite :  D=0x0000000000000001 A=0x71168
2426500: system.cpu: T0 : 0x14d44    : c_j -60                    : IntAlu : 
2427000: system.cpu: T0 : 0x14d08    : lui a4, 114                : IntAlu :  D=0x0000000000072000
2427500: system.cpu: T0 : 0x14d0c    : ld a5, -504(a4)            : MemRead :  D=0x0000000000000000 A=0x71e08
2428000: system.cpu: T0 : 0x14d10    : c_ldsp ra, 24(sp)          : MemRead :  D=0x0000000000014daa A=0x7ffffffffffffda8
2428500: system.cpu: T0 : 0x14d12    : c_ldsp s0, 16(sp)          : MemRead :  D=0x0000000000072000 A=0x7ffffffffffffda0
2429000: system.cpu: T0 : 0x14d14    : c_li a3, 1                 : IntAlu :  D=0x0000000000000001
2429500: system.cpu: T0 : 0x14d16    : c_sd a3, 0(a0)             : MemWrite :  D=0x0000000000000001 A=0x71170
2430000: system.cpu: T0 : 0x14d18    : c_addi a5, 1               : IntAlu :  D=0x0000000000000001
2431000: system.cpu: T0 : 0x14d1a    : sd a5, -504(a4)            : MemWrite :  D=0x0000000000000001 A=0x71e08
2431500: system.cpu: T0 : 0x14d1e    : c_ldsp s1, 8(sp)           : MemRead :  D=0x0000000000010d76 A=0x7ffffffffffffd98
2432000: system.cpu: T0 : 0x14d20    : c_addi16sp sp, 32          : IntAlu :  D=0x7ffffffffffffdb0
2432500: system.cpu: T0 : 0x14d22    : c_jr ra                    : IntAlu : 
2433000: system.cpu: T0 : 0x14daa    : c_beqz a0, 70              : IntAlu : 
2433500: system.cpu: T0 : 0x14dac    : c_li a5, 4                 : IntAlu :  D=0x0000000000000004
2434000: system.cpu: T0 : 0x14dae    : c_sd a5, 0(a0)             : MemWrite :  D=0x0000000000000004 A=0x71170
2434500: system.cpu: T0 : 0x14db0    : c_sd s1, 8(a0)             : MemWrite :  D=0x0000000000010d76 A=0x71178
2435500: system.cpu: T0 : 0x14db2    : sd s3, 16(a0)              : MemWrite :  D=0x0000000000000000 A=0x71180
2436500: system.cpu: T0 : 0x14db6    : sd s2, 24(a0)              : MemWrite :  D=0x0000000000000000 A=0x71188
2437000: system.cpu: T0 : 0x14dba    : c_li a5, 0                 : IntAlu :  D=0x0000000000000000
2437500: system.cpu: T0 : 0x14dbc    : addi a4, s0, -512          : IntAlu :  D=0x0000000000071e00
2438000: system.cpu: T0 : 0x14dc0    : fence iorw, ow             : No_OpClass : 
2438500: system.cpu: T0 : 0x14dc4    : amoswap_w a5, a5, (a4)    
2438500: system.cpu: T0 : 0x14dc4. 0 : amoswap_w[l] a5, a5, (a4)  : MemRead :  D=0x0000000000000001 A=0x71e00
2439000: system.cpu: T0 : 0x14dc8    : c_addiw a5, 0              : IntAlu :  D=0x0000000000000001
2439500: system.cpu: T0 : 0x14dca    : c_li a3, 1                 : IntAlu :  D=0x0000000000000001
2440000: system.cpu: T0 : 0x14dcc    : c_li a4, 0                 : IntAlu :  D=0x0000000000000000
2441000: system.cpu: T0 : 0x14dce    : blt a3, a5, 58             : IntAlu : 
2441500: system.cpu: T0 : 0x14dd2    : c_ldsp ra, 56(sp)          : MemRead :  D=0x0000000000010966 A=0x7ffffffffffffde8
2442000: system.cpu: T0 : 0x14dd4    : c_ldsp s0, 48(sp)          : MemRead :  D=0x0000000000010ce6 A=0x7ffffffffffffde0
2442500: system.cpu: T0 : 0x14dd6    : c_ldsp s1, 40(sp)          : MemRead :  D=0x0000000000010d76 A=0x7ffffffffffffdd8
2443000: system.cpu: T0 : 0x14dd8    : c_ldsp s2, 32(sp)          : MemRead :  D=0x0000000000000000 A=0x7ffffffffffffdd0
2443500: system.cpu: T0 : 0x14dda    : c_ldsp s3, 24(sp)          : MemRead :  D=0x0000000000000000 A=0x7ffffffffffffdc8
2444000: system.cpu: T0 : 0x14ddc    : c_mv a0, a4                : IntAlu :  D=0x0000000000000000
2444500: system.cpu: T0 : 0x14dde    : c_addi16sp sp, 64          : IntAlu :  D=0x7ffffffffffffdf0
2445000: system.cpu: T0 : 0x14de0    : c_jr ra                    : IntAlu : 
2446000: system.cpu: T0 : 0x10966    : lui a5, 111                : IntAlu :  D=0x000000000006f000
2447000: system.cpu: T0 : 0x1096a    : lw a5, -72(a5)             : MemRead :  D=0x0000000000000000 A=0x6efb8
2448000: system.cpu: T0 : 0x1096e    : bne a5, zero, 238          : IntAlu : 
2448500: system.cpu: T0 : 0x10972    : c_beqz s0, 12              : IntAlu : 
2449000: system.cpu: T0 : 0x10974    : ld a2, -1360(gp)           : MemRead :  D=0x7fffffffffffff48 A=0x70af8
2449500: system.cpu: T0 : 0x10978    : c_ldsp a1, 16(sp)          : MemRead :  D=0x7fffffffffffff38 A=0x7ffffffffffffe00
2450000: system.cpu: T0 : 0x1097a    : c_ldsp a0, 8(sp)           : MemRead :  D=0x0000000000000001 A=0x7ffffffffffffdf8
2450500: system.cpu: T0 : 0x1097c    : c_jalr s0                  : IntAlu :  D=0x000000000001097e
2451000: system.cpu: T0 : 0x10ce6    : c_addi16sp sp, -64         : IntAlu :  D=0x7ffffffffffffdb0
2451500: system.cpu: T0 : 0x10ce8    : c_sdsp s0, 48(sp)          : MemWrite :  D=0x0000000000010ce6 A=0x7ffffffffffffde0
2452000: system.cpu: T0 : 0x10cea    : c_sdsp s5, 8(sp)           : MemWrite :  D=0x0000000000000000 A=0x7ffffffffffffdb8
2452500: system.cpu: T0 : 0x10cec    : lui s0, 111                : IntAlu :  D=0x000000000006f000
2453000: system.cpu: T0 : 0x10cf0    : lui s5, 111                : IntAlu :  D=0x000000000006f000
2453500: system.cpu: T0 : 0x10cf4    : addi a5, s0, -1296         : IntAlu :  D=0x000000000006eaf0
2454000: system.cpu: T0 : 0x10cf8    : addi s5, s5, -1288         : IntAlu :  D=0x000000000006eaf8
2454500: system.cpu: T0 : 0x10cfc    : sub s5, s5, a5             : IntAlu :  D=0x0000000000000008
2455000: system.cpu: T0 : 0x10d00    : c_sdsp s2, 32(sp)          : MemWrite :  D=0x0000000000000000 A=0x7ffffffffffffdd0
2455500: system.cpu: T0 : 0x10d02    : c_sdsp s3, 24(sp)          : MemWrite :  D=0x0000000000000000 A=0x7ffffffffffffdc8
2456000: system.cpu: T0 : 0x10d04    : c_sdsp s4, 16(sp)          : MemWrite :  D=0x0000000000000000 A=0x7ffffffffffffdc0
2456500: system.cpu: T0 : 0x10d06    : c_sdsp ra, 56(sp)          : MemWrite :  D=0x000000000001097e A=0x7ffffffffffffde8
2457000: system.cpu: T0 : 0x10d08    : c_sdsp s1, 40(sp)          : MemWrite :  D=0x0000000000010d76 A=0x7ffffffffffffdd8
2458000: system.cpu: T0 : 0x10d0a    : srai s5, s5, 3             : IntAlu :  D=0x0000000000000001
2458500: system.cpu: T0 : 0x10d0e    : c_mv s2, a0                : IntAlu :  D=0x0000000000000001
2459000: system.cpu: T0 : 0x10d10    : c_mv s3, a1                : IntAlu :  D=0x7fffffffffffff38
2459500: system.cpu: T0 : 0x10d12    : c_mv s4, a2                : IntAlu :  D=0x7fffffffffffff48
2460000: system.cpu: T0 : 0x10d14    : beq s5, zero, 28           : IntAlu : 
2460500: system.cpu: T0 : 0x10d18    : addi s0, s0, -1296         : IntAlu :  D=0x000000000006eaf0
2461000: system.cpu: T0 : 0x10d1c    : c_li s1, 0                 : IntAlu :  D=0x0000000000000000
2461500: system.cpu: T0 : 0x10d1e    : c_ld a5, 0(s0)             : MemRead :  D=0x0000000000010376 A=0x6eaf0
2462000: system.cpu: T0 : 0x10d20    : c_mv a2, s4                : IntAlu :  D=0x7fffffffffffff48
2462500: system.cpu: T0 : 0x10d22    : c_mv a1, s3                : IntAlu :  D=0x7fffffffffffff38
2463000: system.cpu: T0 : 0x10d24    : c_mv a0, s2                : IntAlu :  D=0x0000000000000001
2463500: system.cpu: T0 : 0x10d26    : c_addi s1, 1               : IntAlu :  D=0x0000000000000001
2464000: system.cpu: T0 : 0x10d28    : c_jalr a5                  : IntAlu :  D=0x0000000000010d2a
2465000: system.cpu: T0 : 0x10376    : auipc gp, 97               : IntAlu :  D=0x0000000000071376
2466000: system.cpu: T0 : 0x1037a    : addi gp, gp, -814          : IntAlu :  D=0x0000000000071048
2466500: system.cpu: T0 : 0x1037e    : c_jr ra                    : IntAlu : 
2467000: system.cpu: T0 : 0x10d2a    : c_addi s0, 8               : IntAlu :  D=0x000000000006eaf8
2467500: system.cpu: T0 : 0x10d2c    : bne s5, s1, -14            : IntAlu : 
2468000: system.cpu: T0 : 0x10d30    : lui s0, 111                : IntAlu :  D=0x000000000006f000
2468500: system.cpu: T0 : 0x10d34    : lui s5, 111                : IntAlu :  D=0x000000000006f000
2469000: system.cpu: T0 : 0x10d38    : addi a5, s0, -1288         : IntAlu :  D=0x000000000006eaf8
2469500: system.cpu: T0 : 0x10d3c    : addi s5, s5, -1280         : IntAlu :  D=0x000000000006eb00
2470000: system.cpu: T0 : 0x10d40    : sub s5, s5, a5             : IntAlu :  D=0x0000000000000008
2470500: system.cpu: T0 : 0x10d44    : srai s5, s5, 3             : IntAlu :  D=0x0000000000000001
2471000: system.cpu: T0 : 0x10d48    : beq s5, zero, 28           : IntAlu : 
2471500: system.cpu: T0 : 0x10d4c    : addi s0, s0, -1288         : IntAlu :  D=0x000000000006eaf8
2472000: system.cpu: T0 : 0x10d50    : c_li s1, 0                 : IntAlu :  D=0x0000000000000000
2472500: system.cpu: T0 : 0x10d52    : c_ld a5, 0(s0)             : MemRead :  D=0x000000000001040a A=0x6eaf8
2473000: system.cpu: T0 : 0x10d54    : c_mv a2, s4                : IntAlu :  D=0x7fffffffffffff48
2473500: system.cpu: T0 : 0x10d56    : c_mv a1, s3                : IntAlu :  D=0x7fffffffffffff38
2474000: system.cpu: T0 : 0x10d58    : c_mv a0, s2                : IntAlu :  D=0x0000000000000001
2474500: system.cpu: T0 : 0x10d5a    : c_addi s1, 1               : IntAlu :  D=0x0000000000000001
2475000: system.cpu: T0 : 0x10d5c    : c_jalr a5                  : IntAlu :  D=0x0000000000010d5e
2476000: system.cpu: T0 : 0x1040a    : lui a5, 76                 : IntAlu :  D=0x000000000004c000
2477000: system.cpu: T0 : 0x1040e    : addi a5, a5, 1980          : IntAlu :  D=0x000000000004c7bc
2477500: system.cpu: T0 : 0x10412    : c_beqz a5, 28              : IntAlu : 
2478000: system.cpu: T0 : 0x10414    : lui a0, 106                : IntAlu :  D=0x000000000006a000
2478500: system.cpu: T0 : 0x10418    : c_addi sp, -16             : IntAlu :  D=0x7ffffffffffffda0
2479500: system.cpu: T0 : 0x1041a    : addi a1, gp, -1008         : IntAlu :  D=0x0000000000070c58
2480500: system.cpu: T0 : 0x1041e    : addi a0, a0, 1296          : IntAlu :  D=0x000000000006a510
2481000: system.cpu: T0 : 0x10422    : c_sdsp ra, 8(sp)           : MemWrite :  D=0x0000000000010d5e A=0x7ffffffffffffda8
2481500: system.cpu: T0 : 0x10424    : jal ra, 246680             : IntAlu :  D=0x0000000000010428
2482000: system.cpu: T0 : 0x4c7bc    : c_beqz a0, 12              : IntAlu : 
2482500: system.cpu: T0 : 0x4c7be    : c_lw a5, 0(a0)             : MemRead :  D=0x000000000000001c A=0x6a510
2483000: system.cpu: T0 : 0x4c7c0    : c_beqz a5, 8               : IntAlu : 
2483500: system.cpu: T0 : 0x4c7c2    : c_li a3, 0                 : IntAlu :  D=0x0000000000000000
2484000: system.cpu: T0 : 0x4c7c4    : c_li a2, 0                 : IntAlu :  D=0x0000000000000000
2484500: system.cpu: T0 : 0x4c7c6    : c_j -144                   : IntAlu : 
2485000: system.cpu: T0 : 0x4c736    : c_li a5, -1                : IntAlu :  D=0xffffffffffffffff
2485500: system.cpu: T0 : 0x4c738    : c_addi sp, -32             : IntAlu :  D=0x7ffffffffffffd80
2486000: system.cpu: T0 : 0x4c73a    : c_sd a5, 0(a1)             : MemWrite :  D=0xffffffffffffffff A=0x70c58
2486500: system.cpu: T0 : 0x4c73c    : addi a5, zero, 2040        : IntAlu :  D=0x00000000000007f8
2487000: system.cpu: T0 : 0x4c740    : c_sdsp s0, 16(sp)          : MemWrite :  D=0x000000000006eaf8 A=0x7ffffffffffffd90
2487500: system.cpu: T0 : 0x4c742    : c_sdsp s1, 8(sp)           : MemWrite :  D=0x0000000000000001 A=0x7ffffffffffffd88
2488000: system.cpu: T0 : 0x4c744    : c_sdsp ra, 24(sp)          : MemWrite :  D=0x0000000000010428 A=0x7ffffffffffffd98
2488500: system.cpu: T0 : 0x4c746    : c_sd a2, 8(a1)             : MemWrite :  D=0x0000000000000000 A=0x70c60
2489000: system.cpu: T0 : 0x4c748    : c_sd a3, 16(a1)            : MemWrite :  D=0x0000000000000000 A=0x70c68
2489500: system.cpu: T0 : 0x4c74a    : c_sd a0, 24(a1)            : MemWrite :  D=0x000000000006a510 A=0x70c70
2490000: system.cpu: T0 : 0x4c74c    : c_sd a5, 32(a1)            : MemWrite :  D=0x00000000000007f8 A=0x70c78
2491000: system.cpu: T0 : 0x4c74e    : auipc s1, 36               : IntAlu :  D=0x000000000007074e
2492000: system.cpu: T0 : 0x4c752    : ld s1, 186(s1)             : MemRead :  D=0x0000000000000000 A=0x70808
2492500: system.cpu: T0 : 0x4c756    : c_mv s0, a1                : IntAlu :  D=0x0000000000070c58
2493000: system.cpu: T0 : 0x4c758    : c_beqz s1, 20              : IntAlu : 
2493500: system.cpu: T0 : 0x4c76c    : addi a5, gp, 1880          : IntAlu :  D=0x00000000000717a0
2494000: system.cpu: T0 : 0x4c770    : ld a3, 448(a5)             : MemRead :  D=0x0000000000000000 A=0x71960
2494500: system.cpu: T0 : 0x4c774    : lw a4, 456(a5)             : MemRead :  D=0x0000000000000000 A=0x71968
2495000: system.cpu: T0 : 0x4c778    : sd s0, 448(a5)             : MemWrite :  D=0x0000000000070c58 A=0x71960
2495500: system.cpu: T0 : 0x4c77c    : c_sd a3, 40(s0)            : MemWrite :  D=0x0000000000000000 A=0x70c80
2496000: system.cpu: T0 : 0x4c77e    : c_beqz a4, 30              : IntAlu : 
2496500: system.cpu: T0 : 0x4c79c    : c_li a4, 1                 : IntAlu :  D=0x0000000000000001
2497500: system.cpu: T0 : 0x4c79e    : addi a5, a5, 456           : IntAlu :  D=0x0000000000071968
2498500: system.cpu: T0 : 0x4c7a2    : amoswap_w zero, a4, (a5)  
2498500: system.cpu: T0 : 0x4c7a2. 0 : amoswap_w[l] zero, a4, (a5) : MemRead :  D=0x0000000000000000 A=0x71968
2499000: system.cpu: T0 : 0x4c7a6    : c_bnez s1, -36             : IntAlu : 
2499500: system.cpu: T0 : 0x4c7a8    : c_ldsp ra, 24(sp)          : MemRead :  D=0x0000000000010428 A=0x7ffffffffffffd98
2500000: system.cpu: T0 : 0x4c7aa    : c_ldsp s0, 16(sp)          : MemRead :  D=0x000000000006eaf8 A=0x7ffffffffffffd90
2500500: system.cpu: T0 : 0x4c7ac    : c_ldsp s1, 8(sp)           : MemRead :  D=0x0000000000000001 A=0x7ffffffffffffd88
2501000: system.cpu: T0 : 0x4c7ae    : c_addi16sp sp, 32          : IntAlu :  D=0x7ffffffffffffda0
2501500: system.cpu: T0 : 0x4c7b0    : c_jr ra                    : IntAlu : 
2502000: system.cpu: T0 : 0x10428    : c_ldsp ra, 8(sp)           : MemRead :  D=0x0000000000010d5e A=0x7ffffffffffffda8
2502500: system.cpu: T0 : 0x1042a    : c_addi sp, 16              : IntAlu :  D=0x7ffffffffffffdb0
2503000: system.cpu: T0 : 0x1042c    : c_j -134                   : IntAlu : 
2504000: system.cpu: T0 : 0x103a6    : lui a0, 112                : IntAlu :  D=0x0000000000070000
2505000: system.cpu: T0 : 0x103aa    : addi a1, a0, 2032          : IntAlu :  D=0x00000000000707f0
2506000: system.cpu: T0 : 0x103ae    : lui a5, 112                : IntAlu :  D=0x0000000000070000
2507000: system.cpu: T0 : 0x103b2    : addi a5, a5, 2032          : IntAlu :  D=0x00000000000707f0
2507500: system.cpu: T0 : 0x103b6    : c_sub a5, a1               : IntAlu :  D=0x0000000000000000
2508000: system.cpu: T0 : 0x103b8    : srai a4, a5, 3             : IntAlu :  D=0x0000000000000000
2508500: system.cpu: T0 : 0x103bc    : srli a1, a5, 63            : IntAlu :  D=0x0000000000000000
2509000: system.cpu: T0 : 0x103c0    : c_add a1, a4               : IntAlu :  D=0x0000000000000000
2509500: system.cpu: T0 : 0x103c2    : c_srai a1, 1               : IntAlu :  D=0x0000000000000000
2510000: system.cpu: T0 : 0x103c4    : c_beqz a1, 16              : IntAlu : 
2510500: system.cpu: T0 : 0x103d4    : c_jr ra                    : IntAlu : 
2511000: system.cpu: T0 : 0x10d5e    : c_addi s0, 8               : IntAlu :  D=0x000000000006eb00
2511500: system.cpu: T0 : 0x10d60    : bne s5, s1, -14            : IntAlu : 
2512000: system.cpu: T0 : 0x10d64    : c_ldsp ra, 56(sp)          : MemRead :  D=0x000000000001097e A=0x7ffffffffffffde8
2512500: system.cpu: T0 : 0x10d66    : c_ldsp s0, 48(sp)          : MemRead :  D=0x0000000000010ce6 A=0x7ffffffffffffde0
2513000: system.cpu: T0 : 0x10d68    : c_ldsp s1, 40(sp)          : MemRead :  D=0x0000000000010d76 A=0x7ffffffffffffdd8
2513500: system.cpu: T0 : 0x10d6a    : c_ldsp s2, 32(sp)          : MemRead :  D=0x0000000000000000 A=0x7ffffffffffffdd0
2514000: system.cpu: T0 : 0x10d6c    : c_ldsp s3, 24(sp)          : MemRead :  D=0x0000000000000000 A=0x7ffffffffffffdc8
2514500: system.cpu: T0 : 0x10d6e    : c_ldsp s4, 16(sp)          : MemRead :  D=0x0000000000000000 A=0x7ffffffffffffdc0
2515000: system.cpu: T0 : 0x10d70    : c_ldsp s5, 8(sp)           : MemRead :  D=0x0000000000000000 A=0x7ffffffffffffdb8
2515500: system.cpu: T0 : 0x10d72    : c_addi16sp sp, 64          : IntAlu :  D=0x7ffffffffffffdf0
2516000: system.cpu: T0 : 0x10d74    : c_jr ra                    : IntAlu : 
2516500: system.cpu: T0 : 0x1097e    : c_li a1, 0                 : IntAlu :  D=0x0000000000000000
2517000: system.cpu: T0 : 0x10980    : c_li a0, 0                 : IntAlu :  D=0x0000000000000000
2518000: system.cpu: T0 : 0x10982    : jal ra, 71444              : IntAlu :  D=0x0000000000010986
2518500: system.cpu: T0 : 0x22096    : c_mv a4, a0                : IntAlu :  D=0x0000000000000000
2519000: system.cpu: T0 : 0x22098    : c_beqz a1, 70              : IntAlu : 
2520000: system.cpu: T0 : 0x220de    : lui a5, 114                : IntAlu :  D=0x0000000000072000
2521000: system.cpu: T0 : 0x220e2    : addi a0, a5, -496          : IntAlu :  D=0x0000000000071e10
2521500: system.cpu: T0 : 0x220e6    : c_ld a5, 8(a0)             : MemRead :  D=0x0000000000000000 A=0x71e18
2522000: system.cpu: T0 : 0x220e8    : c_bnez a5, -52             : IntAlu : 
2522500: system.cpu: T0 : 0x220ea    : c_li a5, 1                 : IntAlu :  D=0x0000000000000001
2523000: system.cpu: T0 : 0x220ec    : c_sw a5, 0(a0)             : MemWrite :  D=0x0000000000000001 A=0x71e10
2523500: system.cpu: T0 : 0x220ee    : c_bnez a4, -52             : IntAlu : 
2524000: system.cpu: T0 : 0x220f0    : lui a5, 114                : IntAlu :  D=0x0000000000072000
2524500: system.cpu: T0 : 0x220f4    : ld a4, -464(a5)            : MemRead :  D=0x0000000000000000 A=0x71e30
2525000: system.cpu: T0 : 0x220f8    : c_j -62                    : IntAlu : 
2526000: system.cpu: T0 : 0x220ba    : slli a5, a1, 3             : IntAlu :  D=0x0000000000000000
2526500: system.cpu: T0 : 0x220be    : c_add a5, a1               : IntAlu :  D=0x0000000000000000
2527000: system.cpu: T0 : 0x220c0    : lui a1, 112                : IntAlu :  D=0x0000000000070000
2527500: system.cpu: T0 : 0x220c4    : c_slli a5, 4               : IntAlu :  D=0x0000000000000000
2528500: system.cpu: T0 : 0x220c6    : addi a1, a1, 816           : IntAlu :  D=0x0000000000070330
2529000: system.cpu: T0 : 0x220ca    : c_add a1, a5               : IntAlu :  D=0x0000000000070330
2529500: system.cpu: T0 : 0x220cc    : c_ld a5, 0(a1)             : MemRead :  D=0x000000000006fe60 A=0x70330
2530000: system.cpu: T0 : 0x220ce    : c_sd a4, 32(a0)            : MemWrite :  D=0x0000000000000000 A=0x71e30
2530500: system.cpu: T0 : 0x220d0    : c_sd a5, 8(a0)             : MemWrite :  D=0x000000000006fe60 A=0x71e18
2531500: system.cpu: T0 : 0x220d2    : lui a5, 34                 : IntAlu :  D=0x0000000000022000
2532500: system.cpu: T0 : 0x220d6    : addi a5, a5, 148           : IntAlu :  D=0x0000000000022094
2533000: system.cpu: T0 : 0x220da    : c_sd a5, 16(a0)            : MemWrite :  D=0x0000000000022094 A=0x71e20
2533500: system.cpu: T0 : 0x220dc    : c_jr ra                    : IntAlu : 
2534000: system.cpu: T0 : 0x10986    : c_addi4spn a0, sp, 40      : IntAlu :  D=0x7ffffffffffffe18
2534500: system.cpu: T0 : 0x10988    : jal ra, 14940              : IntAlu :  D=0x000000000001098c
2535000: system.cpu: T0 : 0x143e4    : c_li a1, 0                 : IntAlu :  D=0x0000000000000000
2535500: system.cpu: T0 : 0x143e6    : c_j 6                      : IntAlu : 
2536000: system.cpu: T0 : 0x143ec    : sd ra, 0(a0)               : MemWrite :  D=0x000000000001098c A=0x7ffffffffffffe18
2536500: system.cpu: T0 : 0x143f0    : c_sd s0, 8(a0)             : MemWrite :  D=0x0000000000010ce6 A=0x7ffffffffffffe20
2537000: system.cpu: T0 : 0x143f2    : c_sd s1, 16(a0)            : MemWrite :  D=0x0000000000010d76 A=0x7ffffffffffffe28
2537500: system.cpu: T0 : 0x143f4    : sd s2, 24(a0)              : MemWrite :  D=0x0000000000000000 A=0x7ffffffffffffe30
2538000: system.cpu: T0 : 0x143f8    : sd s3, 32(a0)              : MemWrite :  D=0x0000000000000000 A=0x7ffffffffffffe38
2538500: system.cpu: T0 : 0x143fc    : sd s4, 40(a0)              : MemWrite :  D=0x0000000000000000 A=0x7ffffffffffffe40
2539000: system.cpu: T0 : 0x14400    : sd s5, 48(a0)              : MemWrite :  D=0x0000000000000000 A=0x7ffffffffffffe48
2539500: system.cpu: T0 : 0x14404    : sd s6, 56(a0)              : MemWrite :  D=0x0000000000000000 A=0x7ffffffffffffe50
2540000: system.cpu: T0 : 0x14408    : sd s7, 64(a0)              : MemWrite :  D=0x0000000000000000 A=0x7ffffffffffffe58
2540500: system.cpu: T0 : 0x1440c    : sd s8, 72(a0)              : MemWrite :  D=0x0000000000000000 A=0x7ffffffffffffe60
2541000: system.cpu: T0 : 0x14410    : sd s9, 80(a0)              : MemWrite :  D=0x0000000000000000 A=0x7ffffffffffffe68
2541500: system.cpu: T0 : 0x14414    : sd s10, 88(a0)             : MemWrite :  D=0x0000000000000000 A=0x7ffffffffffffe70
2542000: system.cpu: T0 : 0x14418    : sd s11, 96(a0)             : MemWrite :  D=0x0000000000000000 A=0x7ffffffffffffe78
2542500: system.cpu: T0 : 0x1441c    : sd sp, 104(a0)             : MemWrite :  D=0x7ffffffffffffdf0 A=0x7ffffffffffffe80
2543000: system.cpu: T0 : 0x14420    : c_fsd fs0, 112(a0)         : FloatMemWrite :  D=0x0000000000000000 A=0x7ffffffffffffe88
2543500: system.cpu: T0 : 0x14422    : c_fsd fs1, 120(a0)         : FloatMemWrite :  D=0x0000000000000000 A=0x7ffffffffffffe90
2544000: system.cpu: T0 : 0x14424    : fsd fs2, 128(a0)           : FloatMemWrite :  D=0x0000000000000000 A=0x7ffffffffffffe98
2544500: system.cpu: T0 : 0x14428    : fsd fs3, 136(a0)           : FloatMemWrite :  D=0x0000000000000000 A=0x7ffffffffffffea0
2545000: system.cpu: T0 : 0x1442c    : fsd fs4, 144(a0)           : FloatMemWrite :  D=0x0000000000000000 A=0x7ffffffffffffea8
2545500: system.cpu: T0 : 0x14430    : fsd fs5, 152(a0)           : FloatMemWrite :  D=0x0000000000000000 A=0x7ffffffffffffeb0
2546000: system.cpu: T0 : 0x14434    : fsd fs6, 160(a0)           : FloatMemWrite :  D=0x0000000000000000 A=0x7ffffffffffffeb8
2546500: system.cpu: T0 : 0x14438    : fsd fs7, 168(a0)           : FloatMemWrite :  D=0x0000000000000000 A=0x7ffffffffffffec0
2547000: system.cpu: T0 : 0x1443c    : fsd fs8, 176(a0)           : FloatMemWrite :  D=0x0000000000000000 A=0x7ffffffffffffec8
2547500: system.cpu: T0 : 0x14440    : fsd fs9, 184(a0)           : FloatMemWrite :  D=0x0000000000000000 A=0x7ffffffffffffed0
2548000: system.cpu: T0 : 0x14444    : fsd fs10, 192(a0)          : FloatMemWrite :  D=0x0000000000000000 A=0x7ffffffffffffed8
2548500: system.cpu: T0 : 0x14448    : fsd fs11, 200(a0)          : FloatMemWrite :  D=0x0000000000000000 A=0x7ffffffffffffee0
2549000: system.cpu: T0 : 0x1444c    : jal zero, 4                : IntAlu :  D=0x0000000000014450
2549500: system.cpu: T0 : 0x14450    : c_addi sp, -16             : IntAlu :  D=0x7ffffffffffffde0
2550000: system.cpu: T0 : 0x14452    : c_sdsp s0, 0(sp)           : MemWrite :  D=0x0000000000010ce6 A=0x7ffffffffffffde0
2550500: system.cpu: T0 : 0x14454    : c_sdsp ra, 8(sp)           : MemWrite :  D=0x000000000001098c A=0x7ffffffffffffde8
2551000: system.cpu: T0 : 0x14456    : c_mv s0, a0                : IntAlu :  D=0x7ffffffffffffe18
2551500: system.cpu: T0 : 0x14458    : c_bnez a1, 16              : IntAlu : 
2552000: system.cpu: T0 : 0x1445a    : c_ldsp ra, 8(sp)           : MemRead :  D=0x000000000001098c A=0x7ffffffffffffde8
2552500: system.cpu: T0 : 0x1445c    : sw a1, 208(s0)             : MemWrite :  D=0x0000000000000000 A=0x7ffffffffffffee8
2553000: system.cpu: T0 : 0x14460    : c_ldsp s0, 0(sp)           : MemRead :  D=0x0000000000010ce6 A=0x7ffffffffffffde0
2553500: system.cpu: T0 : 0x14462    : c_li a0, 0                 : IntAlu :  D=0x0000000000000000
2554000: system.cpu: T0 : 0x14464    : c_addi sp, 16              : IntAlu :  D=0x7ffffffffffffdf0
2554500: system.cpu: T0 : 0x14466    : c_jr ra                    : IntAlu : 
2555000: system.cpu: T0 : 0x1098c    : c_bnez a0, 166             : IntAlu : 
2556000: system.cpu: T0 : 0x1098e    : ld a3, -1552(tp)           : MemRead :  D=0x0000000000000000 A=0x72100
2557000: system.cpu: T0 : 0x10992    : ld a4, -1560(tp)           : MemRead :  D=0x0000000000000000 A=0x720f8
2558000: system.cpu: T0 : 0x10996    : ld a2, -1360(gp)           : MemRead :  D=0x7fffffffffffff48 A=0x70af8
2558500: system.cpu: T0 : 0x1099a    : c_ldsp a1, 16(sp)          : MemRead :  D=0x7fffffffffffff38 A=0x7ffffffffffffe00
2559000: system.cpu: T0 : 0x1099c    : c_ldsp a0, 8(sp)           : MemRead :  D=0x0000000000000001 A=0x7ffffffffffffdf8
2559500: system.cpu: T0 : 0x1099e    : c_ldsp a5, 24(sp)          : MemRead :  D=0x000000000001054c A=0x7ffffffffffffe08
2560000: system.cpu: T0 : 0x109a0    : c_sdsp a4, 264(sp)         : MemWrite :  D=0x0000000000000000 A=0x7ffffffffffffef8
2560500: system.cpu: T0 : 0x109a2    : c_sdsp a3, 256(sp)         : MemWrite :  D=0x0000000000000000 A=0x7ffffffffffffef0
2561000: system.cpu: T0 : 0x109a4    : c_addi4spn a4, sp, 40      : IntAlu :  D=0x7ffffffffffffe18
2562000: system.cpu: T0 : 0x109a6    : sd a4, -1552(tp)           : MemWrite :  D=0x7ffffffffffffe18 A=0x72100
2562500: system.cpu: T0 : 0x109aa    : c_jalr a5                  : IntAlu :  D=0x00000000000109ac
2563000: system.cpu: T0 : 0x1054c    : c_addi sp, -16             : IntAlu :  D=0x7ffffffffffffde0
2563500: system.cpu: T0 : 0x1054e    : c_sdsp ra, 8(sp)           : MemWrite :  D=0x00000000000109ac A=0x7ffffffffffffde8
2564000: system.cpu: T0 : 0x10550    : c_sdsp s0, 0(sp)           : MemWrite :  D=0x0000000000010ce6 A=0x7ffffffffffffde0
2564500: system.cpu: T0 : 0x10552    : c_addi4spn s0, sp, 16      : IntAlu :  D=0x7ffffffffffffdf0
2565000: system.cpu: T0 : 0x10554    : auipc a5, 96               : IntAlu :  D=0x0000000000070554
2565500: system.cpu: T0 : 0x10558    : ld a5, 748(a5)             : MemRead :  D=0x00000000000719a0 A=0x70840
2566000: system.cpu: T0 : 0x1055c    : auipc a4, 61               : IntAlu :  D=0x000000000004d55c
2566500: system.cpu: T0 : 0x10560    : addi a4, a4, 484           : IntAlu :  D=0x000000000004d740
2567000: system.cpu: T0 : 0x10564    : c_fld fa5, 0(a4)           : FloatMemRead :  D=0x3ff0000000000000 A=0x4d740
2567500: system.cpu: T0 : 0x10566    : c_fsd fa5, 0(a5)           : FloatMemWrite :  D=0x3ff0000000000000 A=0x719a0
2568000: system.cpu: T0 : 0x10568    : auipc a5, 96               : IntAlu :  D=0x0000000000070568
2568500: system.cpu: T0 : 0x1056c    : ld a5, 728(a5)             : MemRead :  D=0x00000000000719a0 A=0x70840
2569000: system.cpu: T0 : 0x10570    : auipc a4, 61               : IntAlu :  D=0x000000000004d570
2569500: system.cpu: T0 : 0x10574    : addi a4, a4, 472           : IntAlu :  D=0x000000000004d748
2570000: system.cpu: T0 : 0x10578    : c_fld fa5, 0(a4)           : FloatMemRead :  D=0xc008000000000000 A=0x4d748
2570500: system.cpu: T0 : 0x1057a    : c_fsd fa5, 8(a5)           : FloatMemWrite :  D=0xc008000000000000 A=0x719a8
2571000: system.cpu: T0 : 0x1057c    : auipc a5, 96               : IntAlu :  D=0x000000000007057c
2571500: system.cpu: T0 : 0x10580    : ld a5, 708(a5)             : MemRead :  D=0x00000000000719a0 A=0x70840
2572000: system.cpu: T0 : 0x10584    : auipc a4, 61               : IntAlu :  D=0x000000000004d584
2572500: system.cpu: T0 : 0x10588    : addi a4, a4, 460           : IntAlu :  D=0x000000000004d750
2573000: system.cpu: T0 : 0x1058c    : c_fld fa5, 0(a4)           : FloatMemRead :  D=0x4000000000000000 A=0x4d750
2573500: system.cpu: T0 : 0x1058e    : c_fsd fa5, 16(a5)          : FloatMemWrite :  D=0x4000000000000000 A=0x719b0
2574000: system.cpu: T0 : 0x10590    : jal ra, 144                : IntAlu :  D=0x0000000000010594
2574500: system.cpu: T0 : 0x10620    : c_addi16sp sp, -48         : IntAlu :  D=0x7ffffffffffffdb0
2575000: system.cpu: T0 : 0x10622    : c_sdsp ra, 40(sp)          : MemWrite :  D=0x0000000000010594 A=0x7ffffffffffffdd8
2575500: system.cpu: T0 : 0x10624    : c_sdsp s0, 32(sp)          : MemWrite :  D=0x7ffffffffffffdf0 A=0x7ffffffffffffdd0
2576000: system.cpu: T0 : 0x10626    : c_addi4spn s0, sp, 48      : IntAlu :  D=0x7ffffffffffffde0
2576500: system.cpu: T0 : 0x10628    : auipc a5, 96               : IntAlu :  D=0x0000000000070628
2577000: system.cpu: T0 : 0x1062c    : ld a5, 536(a5)             : MemRead :  D=0x00000000000719a0 A=0x70840
2577500: system.cpu: T0 : 0x10630    : c_fld fa5, 0(a5)           : FloatMemRead :  D=0x3ff0000000000000 A=0x719a0
2578500: system.cpu: T0 : 0x10632    : fmv_d_x fa4, zero          : FloatCvt :  D=0x0000000000000000
2579500: system.cpu: T0 : 0x10636    : feq_d a5, fa5, fa4         : FloatCmp :  D=0x0000000000000000
2580000: system.cpu: T0 : 0x1063a    : c_beqz a5, 8               : IntAlu : 
2581000: system.cpu: T0 : 0x10642    : auipc a5, 96               : IntAlu :  D=0x0000000000070642
2582000: system.cpu: T0 : 0x10646    : ld a5, 510(a5)             : MemRead :  D=0x00000000000719a0 A=0x70840
2582500: system.cpu: T0 : 0x1064a    : c_fld fa4, 8(a5)           : FloatMemRead :  D=0xc008000000000000 A=0x719a8
2583000: system.cpu: T0 : 0x1064c    : auipc a5, 96               : IntAlu :  D=0x000000000007064c
2583500: system.cpu: T0 : 0x10650    : ld a5, 500(a5)             : MemRead :  D=0x00000000000719a0 A=0x70840
2584000: system.cpu: T0 : 0x10654    : c_fld fa5, 8(a5)           : FloatMemRead :  D=0xc008000000000000 A=0x719a8
2585000: system.cpu: T0 : 0x10656    : fmul_d fa4, fa4, fa5       : FloatMult :  D=0x4022000000000000
2586000: system.cpu: T0 : 0x1065a    : auipc a5, 96               : IntAlu :  D=0x000000000007065a
2587000: system.cpu: T0 : 0x1065e    : ld a5, 486(a5)             : MemRead :  D=0x00000000000719a0 A=0x70840
2587500: system.cpu: T0 : 0x10662    : c_fld fa3, 0(a5)           : FloatMemRead :  D=0x3ff0000000000000 A=0x719a0
2588000: system.cpu: T0 : 0x10664    : auipc a5, 61               : IntAlu :  D=0x000000000004d664
2588500: system.cpu: T0 : 0x10668    : addi a5, a5, 268           : IntAlu :  D=0x000000000004d770
2589000: system.cpu: T0 : 0x1066c    : c_fld fa5, 0(a5)           : FloatMemRead :  D=0x4010000000000000 A=0x4d770
2590000: system.cpu: T0 : 0x1066e    : fmul_d fa3, fa3, fa5       : FloatMult :  D=0x4010000000000000
2591000: system.cpu: T0 : 0x10672    : auipc a5, 96               : IntAlu :  D=0x0000000000070672
2592000: system.cpu: T0 : 0x10676    : ld a5, 462(a5)             : MemRead :  D=0x00000000000719a0 A=0x70840
2592500: system.cpu: T0 : 0x1067a    : c_fld fa5, 16(a5)          : FloatMemRead :  D=0x4000000000000000 A=0x719b0
2593000: system.cpu: T0 : 0x1067c    : fmul_d fa5, fa3, fa5       : FloatMult :  D=0x4020000000000000
2593500: system.cpu: T0 : 0x10680    : fsub_d fa5, fa4, fa5       : FloatAdd :  D=0x3ff0000000000000
2594000: system.cpu: T0 : 0x10684    : fsd fa5, -40(s0)           : FloatMemWrite :  D=0x3ff0000000000000 A=0x7ffffffffffffdb8
2594500: system.cpu: T0 : 0x10688    : auipc a5, 96               : IntAlu :  D=0x0000000000070688
2595000: system.cpu: T0 : 0x1068c    : ld a5, 440(a5)             : MemRead :  D=0x00000000000719a0 A=0x70840
2595500: system.cpu: T0 : 0x10690    : c_fld fa5, 0(a5)           : FloatMemRead :  D=0x3ff0000000000000 A=0x719a0
2596500: system.cpu: T0 : 0x10692    : fadd_d fa5, fa5, fa5       : FloatAdd :  D=0x4000000000000000
2597500: system.cpu: T0 : 0x10696    : fsd fa5, -32(s0)           : FloatMemWrite :  D=0x4000000000000000 A=0x7ffffffffffffdc0
2598500: system.cpu: T0 : 0x1069a    : fld fa0, -40(s0)           : FloatMemRead :  D=0x3ff0000000000000 A=0x7ffffffffffffdb8
2599500: system.cpu: T0 : 0x1069e    : jal ra, -622               : IntAlu :  D=0x00000000000106a2
2600000: system.cpu: T0 : 0x10430    : c_addi16sp sp, -48         : IntAlu :  D=0x7ffffffffffffd80
2600500: system.cpu: T0 : 0x10432    : c_sdsp s0, 40(sp)          : MemWrite :  D=0x7ffffffffffffde0 A=0x7ffffffffffffda8
2601000: system.cpu: T0 : 0x10434    : c_addi4spn s0, sp, 48      : IntAlu :  D=0x7ffffffffffffdb0
2602000: system.cpu: T0 : 0x10436    : fsd fa0, -40(s0)           : FloatMemWrite :  D=0x3ff0000000000000 A=0x7ffffffffffffd88
2603000: system.cpu: T0 : 0x1043a    : fld fa5, -40(s0)           : FloatMemRead :  D=0x3ff0000000000000 A=0x7ffffffffffffd88
2604000: system.cpu: T0 : 0x1043e    : fmv_d_x fa4, zero          : FloatCvt :  D=0x0000000000000000
2605000: system.cpu: T0 : 0x10442    : fle_d a5, fa4, fa5         : FloatCmp :  D=0x0000000000000001
2605500: system.cpu: T0 : 0x10446    : c_beqz a5, 12              : IntAlu : 
2606000: system.cpu: T0 : 0x10448    : fld fa5, -40(s0)           : FloatMemRead :  D=0x3ff0000000000000 A=0x7ffffffffffffd88
2606500: system.cpu: T0 : 0x1044c    : fsd fa5, -24(s0)           : FloatMemWrite :  D=0x3ff0000000000000 A=0x7ffffffffffffd98
2607000: system.cpu: T0 : 0x10450    : c_j 14                     : IntAlu : 
2608000: system.cpu: T0 : 0x1045e    : fld fa5, -24(s0)           : FloatMemRead :  D=0x3ff0000000000000 A=0x7ffffffffffffd98
2609000: system.cpu: T0 : 0x10462    : fsgnj_d fa0, fa5, fa5      : FloatMisc :  D=0x3ff0000000000000
2609500: system.cpu: T0 : 0x10466    : c_ldsp s0, 40(sp)          : MemRead :  D=0x7ffffffffffffde0 A=0x7ffffffffffffda8
2610000: system.cpu: T0 : 0x10468    : c_addi16sp sp, 48          : IntAlu :  D=0x7ffffffffffffdb0
2610500: system.cpu: T0 : 0x1046a    : c_jr ra                    : IntAlu : 
2611500: system.cpu: T0 : 0x106a2    : fmv_x_d a5, fa0            : FloatCvt :  D=0x3ff0000000000000
2612500: system.cpu: T0 : 0x106a6    : fmv_d_x fa0, a5            : FloatCvt :  D=0x3ff0000000000000
2613500: system.cpu: T0 : 0x106aa    : jal ra, -574               : IntAlu :  D=0x00000000000106ae
2614000: system.cpu: T0 : 0x1046c    : c_addi16sp sp, -80         : IntAlu :  D=0x7ffffffffffffd60
2614500: system.cpu: T0 : 0x1046e    : c_sdsp ra, 72(sp)          : MemWrite :  D=0x00000000000106ae A=0x7ffffffffffffda8
2615000: system.cpu: T0 : 0x10470    : c_sdsp s0, 64(sp)          : MemWrite :  D=0x7ffffffffffffde0 A=0x7ffffffffffffda0
2615500: system.cpu: T0 : 0x10472    : c_addi4spn s0, sp, 80      : IntAlu :  D=0x7ffffffffffffdb0
2616000: system.cpu: T0 : 0x10474    : fsd fa0, -72(s0)           : FloatMemWrite :  D=0x3ff0000000000000 A=0x7ffffffffffffd68
2616500: system.cpu: T0 : 0x10478    : fld fa4, -72(s0)           : FloatMemRead :  D=0x3ff0000000000000 A=0x7ffffffffffffd68
2617000: system.cpu: T0 : 0x1047c    : auipc a5, 61               : IntAlu :  D=0x000000000004d47c
2617500: system.cpu: T0 : 0x10480    : addi a5, a5, 692           : IntAlu :  D=0x000000000004d730
2618000: system.cpu: T0 : 0x10484    : c_fld fa5, 0(a5)           : FloatMemRead :  D=0x4024000000000000 A=0x4d730
2619000: system.cpu: T0 : 0x10486    : fdiv_d fa5, fa4, fa5       : FloatDiv :  D=0x3fb999999999999a
2620000: system.cpu: T0 : 0x1048a    : fsd fa5, -48(s0)           : FloatMemWrite :  D=0x3fb999999999999a A=0x7ffffffffffffd80
2621000: system.cpu: T0 : 0x1048e    : auipc a5, 61               : IntAlu :  D=0x000000000004d48e
2622000: system.cpu: T0 : 0x10492    : addi a5, a5, 682           : IntAlu :  D=0x000000000004d738
2622500: system.cpu: T0 : 0x10496    : c_fld fa5, 0(a5)           : FloatMemRead :  D=0x3ee4f8b588e368f1 A=0x4d738
2623000: system.cpu: T0 : 0x10498    : fsd fa5, -40(s0)           : FloatMemWrite :  D=0x3ee4f8b588e368f1 A=0x7ffffffffffffd88
2623500: system.cpu: T0 : 0x1049c    : sw zero, -52(s0)           : MemWrite :  D=0x0000000000000000 A=0x7ffffffffffffd7c
2624000: system.cpu: T0 : 0x104a0    : fld fa5, -72(s0)           : FloatMemRead :  D=0x3ff0000000000000 A=0x7ffffffffffffd68
2624500: system.cpu: T0 : 0x104a4    : fmv_d_x fa4, zero          : FloatCvt :  D=0x0000000000000000
2625000: system.cpu: T0 : 0x104a8    : feq_d a5, fa5, fa4         : FloatCmp :  D=0x0000000000000000
2625500: system.cpu: T0 : 0x104ac    : c_beqz a5, 8               : IntAlu : 
2626000: system.cpu: T0 : 0x104b4    : c_li a5, 1                 : IntAlu :  D=0x0000000000000001
2627000: system.cpu: T0 : 0x104b6    : sw a5, -56(s0)             : MemWrite :  D=0x0000000000000001 A=0x7ffffffffffffd78
2627500: system.cpu: T0 : 0x104ba    : c_j 116                    : IntAlu : 
2628500: system.cpu: T0 : 0x1052e    : lw a5, -56(s0)             : MemRead :  D=0x0000000000000001 A=0x7ffffffffffffd78
2629500: system.cpu: T0 : 0x10532    : addiw a4, a5, 0            : IntAlu :  D=0x0000000000000001
2630000: system.cpu: T0 : 0x10536    : c_li a5, 19                : IntAlu :  D=0x0000000000000013
2630500: system.cpu: T0 : 0x10538    : bge a5, a4, -124           : IntAlu : 
2631000: system.cpu: T0 : 0x104bc    : lw a5, -52(s0)             : MemRead :  D=0x0000000000000000 A=0x7ffffffffffffd7c
2631500: system.cpu: T0 : 0x104c0    : c_addiw a5, 0              : IntAlu :  D=0x0000000000000000
2632000: system.cpu: T0 : 0x104c2    : c_bnez a5, 98              : IntAlu : 
2632500: system.cpu: T0 : 0x104c4    : fld fa5, -48(s0)           : FloatMemRead :  D=0x3fb999999999999a A=0x7ffffffffffffd80
2633000: system.cpu: T0 : 0x104c8    : fmul_d fa5, fa5, fa5       : FloatMult :  D=0x3f847ae147ae147c
2633500: system.cpu: T0 : 0x104cc    : fld fa4, -72(s0)           : FloatMemRead :  D=0x3ff0000000000000 A=0x7ffffffffffffd68
2634000: system.cpu: T0 : 0x104d0    : fsub_d fa4, fa4, fa5       : FloatAdd :  D=0x3fefae147ae147ae
2634500: system.cpu: T0 : 0x104d4    : fld fa5, -48(s0)           : FloatMemRead :  D=0x3fb999999999999a A=0x7ffffffffffffd80
2635000: system.cpu: T0 : 0x104d8    : fadd_d fa5, fa5, fa5       : FloatAdd :  D=0x3fc999999999999a
2635500: system.cpu: T0 : 0x104dc    : fdiv_d fa5, fa4, fa5       : FloatDiv :  D=0x4013cccccccccccc
2636000: system.cpu: T0 : 0x104e0    : fsd fa5, -32(s0)           : FloatMemWrite :  D=0x4013cccccccccccc A=0x7ffffffffffffd90
2636500: system.cpu: T0 : 0x104e4    : fld fa4, -48(s0)           : FloatMemRead :  D=0x3fb999999999999a A=0x7ffffffffffffd80
2637000: system.cpu: T0 : 0x104e8    : fld fa5, -32(s0)           : FloatMemRead :  D=0x4013cccccccccccc A=0x7ffffffffffffd90
2637500: system.cpu: T0 : 0x104ec    : fadd_d fa5, fa4, fa5       : FloatAdd :  D=0x4014333333333332
2638000: system.cpu: T0 : 0x104f0    : fsd fa5, -48(s0)           : FloatMemWrite :  D=0x4014333333333332 A=0x7ffffffffffffd80
2638500: system.cpu: T0 : 0x104f4    : fld fa5, -48(s0)           : FloatMemRead :  D=0x4014333333333332 A=0x7ffffffffffffd80
2639000: system.cpu: T0 : 0x104f8    : fmul_d fa5, fa5, fa5       : FloatMult :  D=0x403980a3d70a3d6e
2639500: system.cpu: T0 : 0x104fc    : fld fa4, -72(s0)           : FloatMemRead :  D=0x3ff0000000000000 A=0x7ffffffffffffd68
2640000: system.cpu: T0 : 0x10500    : fsub_d fa5, fa4, fa5       : FloatAdd :  D=0xc03880a3d70a3d6e
2640500: system.cpu: T0 : 0x10504    : fsd fa5, -24(s0)           : FloatMemWrite :  D=0xc03880a3d70a3d6e A=0x7ffffffffffffd98
2641000: system.cpu: T0 : 0x10508    : fld fa0, -24(s0)           : FloatMemRead :  D=0xc03880a3d70a3d6e A=0x7ffffffffffffd98
2641500: system.cpu: T0 : 0x1050c    : jal ra, -220               : IntAlu :  D=0x0000000000010510
2642000: system.cpu: T0 : 0x10430    : c_addi16sp sp, -48         : IntAlu :  D=0x7ffffffffffffd30
2642500: system.cpu: T0 : 0x10432    : c_sdsp s0, 40(sp)          : MemWrite :  D=0x7ffffffffffffdb0 A=0x7ffffffffffffd58
2643000: system.cpu: T0 : 0x10434    : c_addi4spn s0, sp, 48      : IntAlu :  D=0x7ffffffffffffd60
2644000: system.cpu: T0 : 0x10436    : fsd fa0, -40(s0)           : FloatMemWrite :  D=0xc03880a3d70a3d6e A=0x7ffffffffffffd38
2645000: system.cpu: T0 : 0x1043a    : fld fa5, -40(s0)           : FloatMemRead :  D=0xc03880a3d70a3d6e A=0x7ffffffffffffd38
2646000: system.cpu: T0 : 0x1043e    : fmv_d_x fa4, zero          : FloatCvt :  D=0x0000000000000000
2647000: system.cpu: T0 : 0x10442    : fle_d a5, fa4, fa5         : FloatCmp :  D=0x0000000000000000
2647500: system.cpu: T0 : 0x10446    : c_beqz a5, 12              : IntAlu : 
2648500: system.cpu: T0 : 0x10452    : fld fa5, -40(s0)           : FloatMemRead :  D=0xc03880a3d70a3d6e A=0x7ffffffffffffd38
2649500: system.cpu: T0 : 0x10456    : fsgnjn_d fa5, fa5, fa5     : FloatMisc :  D=0x403880a3d70a3d6e
2650500: system.cpu: T0 : 0x1045a    : fsd fa5, -24(s0)           : FloatMemWrite :  D=0x403880a3d70a3d6e A=0x7ffffffffffffd48
2651500: system.cpu: T0 : 0x1045e    : fld fa5, -24(s0)           : FloatMemRead :  D=0x403880a3d70a3d6e A=0x7ffffffffffffd48
2652500: system.cpu: T0 : 0x10462    : fsgnj_d fa0, fa5, fa5      : FloatMisc :  D=0x403880a3d70a3d6e
2653000: system.cpu: T0 : 0x10466    : c_ldsp s0, 40(sp)          : MemRead :  D=0x7ffffffffffffdb0 A=0x7ffffffffffffd58
2653500: system.cpu: T0 : 0x10468    : c_addi16sp sp, 48          : IntAlu :  D=0x7ffffffffffffd60
2654000: system.cpu: T0 : 0x1046a    : c_jr ra                    : IntAlu : 
2654500: system.cpu: T0 : 0x10510    : fsgnj_d fa4, fa0, fa0      : FloatMisc :  D=0x403880a3d70a3d6e
2655000: system.cpu: T0 : 0x10514    : fld fa5, -40(s0)           : FloatMemRead :  D=0x3ee4f8b588e368f1 A=0x7ffffffffffffd88
2655500: system.cpu: T0 : 0x10518    : fle_d a5, fa4, fa5         : FloatCmp :  D=0x0000000000000000
2656000: system.cpu: T0 : 0x1051c    : c_beqz a5, 8               : IntAlu : 
2656500: system.cpu: T0 : 0x10524    : lw a5, -56(s0)             : MemRead :  D=0x0000000000000001 A=0x7ffffffffffffd78
2657000: system.cpu: T0 : 0x10528    : c_addiw a5, 1              : IntAlu :  D=0x0000000000000002
2658000: system.cpu: T0 : 0x1052a    : sw a5, -56(s0)             : MemWrite :  D=0x0000000000000002 A=0x7ffffffffffffd78
2659000: system.cpu: T0 : 0x1052e    : lw a5, -56(s0)             : MemRead :  D=0x0000000000000002 A=0x7ffffffffffffd78
2660000: system.cpu: T0 : 0x10532    : addiw a4, a5, 0            : IntAlu :  D=0x0000000000000002
2660500: system.cpu: T0 : 0x10536    : c_li a5, 19                : IntAlu :  D=0x0000000000000013
2661000: system.cpu: T0 : 0x10538    : bge a5, a4, -124           : IntAlu : 
2661500: system.cpu: T0 : 0x104bc    : lw a5, -52(s0)             : MemRead :  D=0x0000000000000000 A=0x7ffffffffffffd7c
2662000: system.cpu: T0 : 0x104c0    : c_addiw a5, 0              : IntAlu :  D=0x0000000000000000
2662500: system.cpu: T0 : 0x104c2    : c_bnez a5, 98              : IntAlu : 
2663000: system.cpu: T0 : 0x104c4    : fld fa5, -48(s0)           : FloatMemRead :  D=0x4014333333333332 A=0x7ffffffffffffd80
2663500: system.cpu: T0 : 0x104c8    : fmul_d fa5, fa5, fa5       : FloatMult :  D=0x403980a3d70a3d6e
2664000: system.cpu: T0 : 0x104cc    : fld fa4, -72(s0)           : FloatMemRead :  D=0x3ff0000000000000 A=0x7ffffffffffffd68
2664500: system.cpu: T0 : 0x104d0    : fsub_d fa4, fa4, fa5       : FloatAdd :  D=0xc03880a3d70a3d6e
2665000: system.cpu: T0 : 0x104d4    : fld fa5, -48(s0)           : FloatMemRead :  D=0x4014333333333332 A=0x7ffffffffffffd80
2665500: system.cpu: T0 : 0x104d8    : fadd_d fa5, fa5, fa5       : FloatAdd :  D=0x4024333333333332
2666000: system.cpu: T0 : 0x104dc    : fdiv_d fa5, fa4, fa5       : FloatDiv :  D=0xc003686d7f3d56ae
2666500: system.cpu: T0 : 0x104e0    : fsd fa5, -32(s0)           : FloatMemWrite :  D=0xc003686d7f3d56ae A=0x7ffffffffffffd90
2667000: system.cpu: T0 : 0x104e4    : fld fa4, -48(s0)           : FloatMemRead :  D=0x4014333333333332 A=0x7ffffffffffffd80
2667500: system.cpu: T0 : 0x104e8    : fld fa5, -32(s0)           : FloatMemRead :  D=0xc003686d7f3d56ae A=0x7ffffffffffffd90
2668000: system.cpu: T0 : 0x104ec    : fadd_d fa5, fa4, fa5       : FloatAdd :  D=0x4004fdf8e7290fb6
2668500: system.cpu: T0 : 0x104f0    : fsd fa5, -48(s0)           : FloatMemWrite :  D=0x4004fdf8e7290fb6 A=0x7ffffffffffffd80
2669000: system.cpu: T0 : 0x104f4    : fld fa5, -48(s0)           : FloatMemRead :  D=0x4004fdf8e7290fb6 A=0x7ffffffffffffd80
2669500: system.cpu: T0 : 0x104f8    : fmul_d fa5, fa5, fa5       : FloatMult :  D=0x401b8aada09524dc
2670000: system.cpu: T0 : 0x104fc    : fld fa4, -72(s0)           : FloatMemRead :  D=0x3ff0000000000000 A=0x7ffffffffffffd68
2670500: system.cpu: T0 : 0x10500    : fsub_d fa5, fa4, fa5       : FloatAdd :  D=0xc0178aada09524dc
2671000: system.cpu: T0 : 0x10504    : fsd fa5, -24(s0)           : FloatMemWrite :  D=0xc0178aada09524dc A=0x7ffffffffffffd98
2671500: system.cpu: T0 : 0x10508    : fld fa0, -24(s0)           : FloatMemRead :  D=0xc0178aada09524dc A=0x7ffffffffffffd98
2672000: system.cpu: T0 : 0x1050c    : jal ra, -220               : IntAlu :  D=0x0000000000010510
2672500: system.cpu: T0 : 0x10430    : c_addi16sp sp, -48         : IntAlu :  D=0x7ffffffffffffd30
2673000: system.cpu: T0 : 0x10432    : c_sdsp s0, 40(sp)          : MemWrite :  D=0x7ffffffffffffdb0 A=0x7ffffffffffffd58
2673500: system.cpu: T0 : 0x10434    : c_addi4spn s0, sp, 48      : IntAlu :  D=0x7ffffffffffffd60
2674500: system.cpu: T0 : 0x10436    : fsd fa0, -40(s0)           : FloatMemWrite :  D=0xc0178aada09524dc A=0x7ffffffffffffd38
2675500: system.cpu: T0 : 0x1043a    : fld fa5, -40(s0)           : FloatMemRead :  D=0xc0178aada09524dc A=0x7ffffffffffffd38
2676500: system.cpu: T0 : 0x1043e    : fmv_d_x fa4, zero          : FloatCvt :  D=0x0000000000000000
2677500: system.cpu: T0 : 0x10442    : fle_d a5, fa4, fa5         : FloatCmp :  D=0x0000000000000000
2678000: system.cpu: T0 : 0x10446    : c_beqz a5, 12              : IntAlu : 
2679000: system.cpu: T0 : 0x10452    : fld fa5, -40(s0)           : FloatMemRead :  D=0xc0178aada09524dc A=0x7ffffffffffffd38
2680000: system.cpu: T0 : 0x10456    : fsgnjn_d fa5, fa5, fa5     : FloatMisc :  D=0x40178aada09524dc
2681000: system.cpu: T0 : 0x1045a    : fsd fa5, -24(s0)           : FloatMemWrite :  D=0x40178aada09524dc A=0x7ffffffffffffd48
2682000: system.cpu: T0 : 0x1045e    : fld fa5, -24(s0)           : FloatMemRead :  D=0x40178aada09524dc A=0x7ffffffffffffd48
2683000: system.cpu: T0 : 0x10462    : fsgnj_d fa0, fa5, fa5      : FloatMisc :  D=0x40178aada09524dc
2683500: system.cpu: T0 : 0x10466    : c_ldsp s0, 40(sp)          : MemRead :  D=0x7ffffffffffffdb0 A=0x7ffffffffffffd58
2684000: system.cpu: T0 : 0x10468    : c_addi16sp sp, 48          : IntAlu :  D=0x7ffffffffffffd60
2684500: system.cpu: T0 : 0x1046a    : c_jr ra                    : IntAlu : 
2685000: system.cpu: T0 : 0x10510    : fsgnj_d fa4, fa0, fa0      : FloatMisc :  D=0x40178aada09524dc
2685500: system.cpu: T0 : 0x10514    : fld fa5, -40(s0)           : FloatMemRead :  D=0x3ee4f8b588e368f1 A=0x7ffffffffffffd88
2686000: system.cpu: T0 : 0x10518    : fle_d a5, fa4, fa5         : FloatCmp :  D=0x0000000000000000
2686500: system.cpu: T0 : 0x1051c    : c_beqz a5, 8               : IntAlu : 
2687000: system.cpu: T0 : 0x10524    : lw a5, -56(s0)             : MemRead :  D=0x0000000000000002 A=0x7ffffffffffffd78
2687500: system.cpu: T0 : 0x10528    : c_addiw a5, 1              : IntAlu :  D=0x0000000000000003
2688500: system.cpu: T0 : 0x1052a    : sw a5, -56(s0)             : MemWrite :  D=0x0000000000000003 A=0x7ffffffffffffd78
2689500: system.cpu: T0 : 0x1052e    : lw a5, -56(s0)             : MemRead :  D=0x0000000000000003 A=0x7ffffffffffffd78
2690500: system.cpu: T0 : 0x10532    : addiw a4, a5, 0            : IntAlu :  D=0x0000000000000003
2691000: system.cpu: T0 : 0x10536    : c_li a5, 19                : IntAlu :  D=0x0000000000000013
2691500: system.cpu: T0 : 0x10538    : bge a5, a4, -124           : IntAlu : 
2692000: system.cpu: T0 : 0x104bc    : lw a5, -52(s0)             : MemRead :  D=0x0000000000000000 A=0x7ffffffffffffd7c
2692500: system.cpu: T0 : 0x104c0    : c_addiw a5, 0              : IntAlu :  D=0x0000000000000000
2693000: system.cpu: T0 : 0x104c2    : c_bnez a5, 98              : IntAlu : 
2693500: system.cpu: T0 : 0x104c4    : fld fa5, -48(s0)           : FloatMemRead :  D=0x4004fdf8e7290fb6 A=0x7ffffffffffffd80
2694000: system.cpu: T0 : 0x104c8    : fmul_d fa5, fa5, fa5       : FloatMult :  D=0x401b8aada09524dc
2694500: system.cpu: T0 : 0x104cc    : fld fa4, -72(s0)           : FloatMemRead :  D=0x3ff0000000000000 A=0x7ffffffffffffd68
2695000: system.cpu: T0 : 0x104d0    : fsub_d fa4, fa4, fa5       : FloatAdd :  D=0xc0178aada09524dc
2695500: system.cpu: T0 : 0x104d4    : fld fa5, -48(s0)           : FloatMemRead :  D=0x4004fdf8e7290fb6 A=0x7ffffffffffffd80
2696000: system.cpu: T0 : 0x104d8    : fadd_d fa5, fa5, fa5       : FloatAdd :  D=0x4014fdf8e7290fb6
2696500: system.cpu: T0 : 0x104dc    : fdiv_d fa5, fa4, fa5       : FloatDiv :  D=0xbff1f17cc76178ff
2697000: system.cpu: T0 : 0x104e0    : fsd fa5, -32(s0)           : FloatMemWrite :  D=0xbff1f17cc76178ff A=0x7ffffffffffffd90
2697500: system.cpu: T0 : 0x104e4    : fld fa4, -48(s0)           : FloatMemRead :  D=0x4004fdf8e7290fb6 A=0x7ffffffffffffd80
2698000: system.cpu: T0 : 0x104e8    : fld fa5, -32(s0)           : FloatMemRead :  D=0xbff1f17cc76178ff A=0x7ffffffffffffd90
2698500: system.cpu: T0 : 0x104ec    : fadd_d fa5, fa4, fa5       : FloatAdd :  D=0x3ff80a7506f0a66d
2699000: system.cpu: T0 : 0x104f0    : fsd fa5, -48(s0)           : FloatMemWrite :  D=0x3ff80a7506f0a66d A=0x7ffffffffffffd80
2699500: system.cpu: T0 : 0x104f4    : fld fa5, -48(s0)           : FloatMemRead :  D=0x3ff80a7506f0a66d A=0x7ffffffffffffd80
2700000: system.cpu: T0 : 0x104f8    : fmul_d fa5, fa5, fa5       : FloatMult :  D=0x40020fb2f5394acd
2700500: system.cpu: T0 : 0x104fc    : fld fa4, -72(s0)           : FloatMemRead :  D=0x3ff0000000000000 A=0x7ffffffffffffd68
2701000: system.cpu: T0 : 0x10500    : fsub_d fa5, fa4, fa5       : FloatAdd :  D=0xbff41f65ea72959a
2701500: system.cpu: T0 : 0x10504    : fsd fa5, -24(s0)           : FloatMemWrite :  D=0xbff41f65ea72959a A=0x7ffffffffffffd98
2702000: system.cpu: T0 : 0x10508    : fld fa0, -24(s0)           : FloatMemRead :  D=0xbff41f65ea72959a A=0x7ffffffffffffd98
2702500: system.cpu: T0 : 0x1050c    : jal ra, -220               : IntAlu :  D=0x0000000000010510
2703000: system.cpu: T0 : 0x10430    : c_addi16sp sp, -48         : IntAlu :  D=0x7ffffffffffffd30
2703500: system.cpu: T0 : 0x10432    : c_sdsp s0, 40(sp)          : MemWrite :  D=0x7ffffffffffffdb0 A=0x7ffffffffffffd58
2704000: system.cpu: T0 : 0x10434    : c_addi4spn s0, sp, 48      : IntAlu :  D=0x7ffffffffffffd60
2705000: system.cpu: T0 : 0x10436    : fsd fa0, -40(s0)           : FloatMemWrite :  D=0xbff41f65ea72959a A=0x7ffffffffffffd38
2706000: system.cpu: T0 : 0x1043a    : fld fa5, -40(s0)           : FloatMemRead :  D=0xbff41f65ea72959a A=0x7ffffffffffffd38
2707000: system.cpu: T0 : 0x1043e    : fmv_d_x fa4, zero          : FloatCvt :  D=0x0000000000000000
2708000: system.cpu: T0 : 0x10442    : fle_d a5, fa4, fa5         : FloatCmp :  D=0x0000000000000000
2708500: system.cpu: T0 : 0x10446    : c_beqz a5, 12              : IntAlu : 
2709500: system.cpu: T0 : 0x10452    : fld fa5, -40(s0)           : FloatMemRead :  D=0xbff41f65ea72959a A=0x7ffffffffffffd38
2710500: system.cpu: T0 : 0x10456    : fsgnjn_d fa5, fa5, fa5     : FloatMisc :  D=0x3ff41f65ea72959a
2711500: system.cpu: T0 : 0x1045a    : fsd fa5, -24(s0)           : FloatMemWrite :  D=0x3ff41f65ea72959a A=0x7ffffffffffffd48
2712500: system.cpu: T0 : 0x1045e    : fld fa5, -24(s0)           : FloatMemRead :  D=0x3ff41f65ea72959a A=0x7ffffffffffffd48
2713500: system.cpu: T0 : 0x10462    : fsgnj_d fa0, fa5, fa5      : FloatMisc :  D=0x3ff41f65ea72959a
2714000: system.cpu: T0 : 0x10466    : c_ldsp s0, 40(sp)          : MemRead :  D=0x7ffffffffffffdb0 A=0x7ffffffffffffd58
2714500: system.cpu: T0 : 0x10468    : c_addi16sp sp, 48          : IntAlu :  D=0x7ffffffffffffd60
2715000: system.cpu: T0 : 0x1046a    : c_jr ra                    : IntAlu : 
2715500: system.cpu: T0 : 0x10510    : fsgnj_d fa4, fa0, fa0      : FloatMisc :  D=0x3ff41f65ea72959a
2716000: system.cpu: T0 : 0x10514    : fld fa5, -40(s0)           : FloatMemRead :  D=0x3ee4f8b588e368f1 A=0x7ffffffffffffd88
2716500: system.cpu: T0 : 0x10518    : fle_d a5, fa4, fa5         : FloatCmp :  D=0x0000000000000000
2717000: system.cpu: T0 : 0x1051c    : c_beqz a5, 8               : IntAlu : 
2717500: system.cpu: T0 : 0x10524    : lw a5, -56(s0)             : MemRead :  D=0x0000000000000003 A=0x7ffffffffffffd78
2718000: system.cpu: T0 : 0x10528    : c_addiw a5, 1              : IntAlu :  D=0x0000000000000004
2719000: system.cpu: T0 : 0x1052a    : sw a5, -56(s0)             : MemWrite :  D=0x0000000000000004 A=0x7ffffffffffffd78
2720000: system.cpu: T0 : 0x1052e    : lw a5, -56(s0)             : MemRead :  D=0x0000000000000004 A=0x7ffffffffffffd78
2721000: system.cpu: T0 : 0x10532    : addiw a4, a5, 0            : IntAlu :  D=0x0000000000000004
2721500: system.cpu: T0 : 0x10536    : c_li a5, 19                : IntAlu :  D=0x0000000000000013
2722000: system.cpu: T0 : 0x10538    : bge a5, a4, -124           : IntAlu : 
2722500: system.cpu: T0 : 0x104bc    : lw a5, -52(s0)             : MemRead :  D=0x0000000000000000 A=0x7ffffffffffffd7c
2723000: system.cpu: T0 : 0x104c0    : c_addiw a5, 0              : IntAlu :  D=0x0000000000000000
2723500: system.cpu: T0 : 0x104c2    : c_bnez a5, 98              : IntAlu : 
2724000: system.cpu: T0 : 0x104c4    : fld fa5, -48(s0)           : FloatMemRead :  D=0x3ff80a7506f0a66d A=0x7ffffffffffffd80
2724500: system.cpu: T0 : 0x104c8    : fmul_d fa5, fa5, fa5       : FloatMult :  D=0x40020fb2f5394acd
2725000: system.cpu: T0 : 0x104cc    : fld fa4, -72(s0)           : FloatMemRead :  D=0x3ff0000000000000 A=0x7ffffffffffffd68
2725500: system.cpu: T0 : 0x104d0    : fsub_d fa4, fa4, fa5       : FloatAdd :  D=0xbff41f65ea72959a
2726000: system.cpu: T0 : 0x104d4    : fld fa5, -48(s0)           : FloatMemRead :  D=0x3ff80a7506f0a66d A=0x7ffffffffffffd80
2726500: system.cpu: T0 : 0x104d8    : fadd_d fa5, fa5, fa5       : FloatAdd :  D=0x40080a7506f0a66d
2727000: system.cpu: T0 : 0x104dc    : fdiv_d fa5, fa4, fa5       : FloatDiv :  D=0xbfdac8dc41e21eab
2727500: system.cpu: T0 : 0x104e0    : fsd fa5, -32(s0)           : FloatMemWrite :  D=0xbfdac8dc41e21eab A=0x7ffffffffffffd90
2728000: system.cpu: T0 : 0x104e4    : fld fa4, -48(s0)           : FloatMemRead :  D=0x3ff80a7506f0a66d A=0x7ffffffffffffd80
2728500: system.cpu: T0 : 0x104e8    : fld fa5, -32(s0)           : FloatMemRead :  D=0xbfdac8dc41e21eab A=0x7ffffffffffffd90
2729000: system.cpu: T0 : 0x104ec    : fadd_d fa5, fa4, fa5       : FloatAdd :  D=0x3ff1583df6781ec2
2729500: system.cpu: T0 : 0x104f0    : fsd fa5, -48(s0)           : FloatMemWrite :  D=0x3ff1583df6781ec2 A=0x7ffffffffffffd80
2730000: system.cpu: T0 : 0x104f4    : fld fa5, -48(s0)           : FloatMemRead :  D=0x3ff1583df6781ec2 A=0x7ffffffffffffd80
2730500: system.cpu: T0 : 0x104f8    : fmul_d fa5, fa5, fa5       : FloatMult :  D=0x3ff2cd6a564660d7
2731000: system.cpu: T0 : 0x104fc    : fld fa4, -72(s0)           : FloatMemRead :  D=0x3ff0000000000000 A=0x7ffffffffffffd68
2731500: system.cpu: T0 : 0x10500    : fsub_d fa5, fa4, fa5       : FloatAdd :  D=0xbfc66b52b23306b8
2732000: system.cpu: T0 : 0x10504    : fsd fa5, -24(s0)           : FloatMemWrite :  D=0xbfc66b52b23306b8 A=0x7ffffffffffffd98
2732500: system.cpu: T0 : 0x10508    : fld fa0, -24(s0)           : FloatMemRead :  D=0xbfc66b52b23306b8 A=0x7ffffffffffffd98
2733000: system.cpu: T0 : 0x1050c    : jal ra, -220               : IntAlu :  D=0x0000000000010510
2733500: system.cpu: T0 : 0x10430    : c_addi16sp sp, -48         : IntAlu :  D=0x7ffffffffffffd30
2734000: system.cpu: T0 : 0x10432    : c_sdsp s0, 40(sp)          : MemWrite :  D=0x7ffffffffffffdb0 A=0x7ffffffffffffd58
2734500: system.cpu: T0 : 0x10434    : c_addi4spn s0, sp, 48      : IntAlu :  D=0x7ffffffffffffd60
2735500: system.cpu: T0 : 0x10436    : fsd fa0, -40(s0)           : FloatMemWrite :  D=0xbfc66b52b23306b8 A=0x7ffffffffffffd38
2736500: system.cpu: T0 : 0x1043a    : fld fa5, -40(s0)           : FloatMemRead :  D=0xbfc66b52b23306b8 A=0x7ffffffffffffd38
2737500: system.cpu: T0 : 0x1043e    : fmv_d_x fa4, zero          : FloatCvt :  D=0x0000000000000000
2738500: system.cpu: T0 : 0x10442    : fle_d a5, fa4, fa5         : FloatCmp :  D=0x0000000000000000
2739000: system.cpu: T0 : 0x10446    : c_beqz a5, 12              : IntAlu : 
2740000: system.cpu: T0 : 0x10452    : fld fa5, -40(s0)           : FloatMemRead :  D=0xbfc66b52b23306b8 A=0x7ffffffffffffd38
2741000: system.cpu: T0 : 0x10456    : fsgnjn_d fa5, fa5, fa5     : FloatMisc :  D=0x3fc66b52b23306b8
2742000: system.cpu: T0 : 0x1045a    : fsd fa5, -24(s0)           : FloatMemWrite :  D=0x3fc66b52b23306b8 A=0x7ffffffffffffd48
2743000: system.cpu: T0 : 0x1045e    : fld fa5, -24(s0)           : FloatMemRead :  D=0x3fc66b52b23306b8 A=0x7ffffffffffffd48
2744000: system.cpu: T0 : 0x10462    : fsgnj_d fa0, fa5, fa5      : FloatMisc :  D=0x3fc66b52b23306b8
2744500: system.cpu: T0 : 0x10466    : c_ldsp s0, 40(sp)          : MemRead :  D=0x7ffffffffffffdb0 A=0x7ffffffffffffd58
2745000: system.cpu: T0 : 0x10468    : c_addi16sp sp, 48          : IntAlu :  D=0x7ffffffffffffd60
2745500: system.cpu: T0 : 0x1046a    : c_jr ra                    : IntAlu : 
2746000: system.cpu: T0 : 0x10510    : fsgnj_d fa4, fa0, fa0      : FloatMisc :  D=0x3fc66b52b23306b8
2746500: system.cpu: T0 : 0x10514    : fld fa5, -40(s0)           : FloatMemRead :  D=0x3ee4f8b588e368f1 A=0x7ffffffffffffd88
2747000: system.cpu: T0 : 0x10518    : fle_d a5, fa4, fa5         : FloatCmp :  D=0x0000000000000000
2747500: system.cpu: T0 : 0x1051c    : c_beqz a5, 8               : IntAlu : 
2748000: system.cpu: T0 : 0x10524    : lw a5, -56(s0)             : MemRead :  D=0x0000000000000004 A=0x7ffffffffffffd78
2748500: system.cpu: T0 : 0x10528    : c_addiw a5, 1              : IntAlu :  D=0x0000000000000005
2749500: system.cpu: T0 : 0x1052a    : sw a5, -56(s0)             : MemWrite :  D=0x0000000000000005 A=0x7ffffffffffffd78
2750500: system.cpu: T0 : 0x1052e    : lw a5, -56(s0)             : MemRead :  D=0x0000000000000005 A=0x7ffffffffffffd78
2751500: system.cpu: T0 : 0x10532    : addiw a4, a5, 0            : IntAlu :  D=0x0000000000000005
2752000: system.cpu: T0 : 0x10536    : c_li a5, 19                : IntAlu :  D=0x0000000000000013
2752500: system.cpu: T0 : 0x10538    : bge a5, a4, -124           : IntAlu : 
2753000: system.cpu: T0 : 0x104bc    : lw a5, -52(s0)             : MemRead :  D=0x0000000000000000 A=0x7ffffffffffffd7c
2753500: system.cpu: T0 : 0x104c0    : c_addiw a5, 0              : IntAlu :  D=0x0000000000000000
2754000: system.cpu: T0 : 0x104c2    : c_bnez a5, 98              : IntAlu : 
2754500: system.cpu: T0 : 0x104c4    : fld fa5, -48(s0)           : FloatMemRead :  D=0x3ff1583df6781ec2 A=0x7ffffffffffffd80
2755000: system.cpu: T0 : 0x104c8    : fmul_d fa5, fa5, fa5       : FloatMult :  D=0x3ff2cd6a564660d7
2755500: system.cpu: T0 : 0x104cc    : fld fa4, -72(s0)           : FloatMemRead :  D=0x3ff0000000000000 A=0x7ffffffffffffd68
2756000: system.cpu: T0 : 0x104d0    : fsub_d fa4, fa4, fa5       : FloatAdd :  D=0xbfc66b52b23306b8
2756500: system.cpu: T0 : 0x104d4    : fld fa5, -48(s0)           : FloatMemRead :  D=0x3ff1583df6781ec2 A=0x7ffffffffffffd80
2757000: system.cpu: T0 : 0x104d8    : fadd_d fa5, fa5, fa5       : FloatAdd :  D=0x4001583df6781ec2
2757500: system.cpu: T0 : 0x104dc    : fdiv_d fa5, fa4, fa5       : FloatDiv :  D=0xbfb4ae5dbb983db0
2758000: system.cpu: T0 : 0x104e0    : fsd fa5, -32(s0)           : FloatMemWrite :  D=0xbfb4ae5dbb983db0 A=0x7ffffffffffffd90
2758500: system.cpu: T0 : 0x104e4    : fld fa4, -48(s0)           : FloatMemRead :  D=0x3ff1583df6781ec2 A=0x7ffffffffffffd80
2759000: system.cpu: T0 : 0x104e8    : fld fa5, -32(s0)           : FloatMemRead :  D=0xbfb4ae5dbb983db0 A=0x7ffffffffffffd90
2759500: system.cpu: T0 : 0x104ec    : fadd_d fa5, fa4, fa5       : FloatAdd :  D=0x3ff00d581abe9ae7
2760000: system.cpu: T0 : 0x104f0    : fsd fa5, -48(s0)           : FloatMemWrite :  D=0x3ff00d581abe9ae7 A=0x7ffffffffffffd80
2760500: system.cpu: T0 : 0x104f4    : fld fa5, -48(s0)           : FloatMemRead :  D=0x3ff00d581abe9ae7 A=0x7ffffffffffffd80
2761000: system.cpu: T0 : 0x104f8    : fmul_d fa5, fa5, fa5       : FloatMult :  D=0x3ff01abb568dd1e7
2761500: system.cpu: T0 : 0x104fc    : fld fa4, -72(s0)           : FloatMemRead :  D=0x3ff0000000000000 A=0x7ffffffffffffd68
2762000: system.cpu: T0 : 0x10500    : fsub_d fa5, fa4, fa5       : FloatAdd :  D=0xbf7abb568dd1e700
2762500: system.cpu: T0 : 0x10504    : fsd fa5, -24(s0)           : FloatMemWrite :  D=0xbf7abb568dd1e700 A=0x7ffffffffffffd98
2763000: system.cpu: T0 : 0x10508    : fld fa0, -24(s0)           : FloatMemRead :  D=0xbf7abb568dd1e700 A=0x7ffffffffffffd98
2763500: system.cpu: T0 : 0x1050c    : jal ra, -220               : IntAlu :  D=0x0000000000010510
2764000: system.cpu: T0 : 0x10430    : c_addi16sp sp, -48         : IntAlu :  D=0x7ffffffffffffd30
2764500: system.cpu: T0 : 0x10432    : c_sdsp s0, 40(sp)          : MemWrite :  D=0x7ffffffffffffdb0 A=0x7ffffffffffffd58
2765000: system.cpu: T0 : 0x10434    : c_addi4spn s0, sp, 48      : IntAlu :  D=0x7ffffffffffffd60
2766000: system.cpu: T0 : 0x10436    : fsd fa0, -40(s0)           : FloatMemWrite :  D=0xbf7abb568dd1e700 A=0x7ffffffffffffd38
2767000: system.cpu: T0 : 0x1043a    : fld fa5, -40(s0)           : FloatMemRead :  D=0xbf7abb568dd1e700 A=0x7ffffffffffffd38
2768000: system.cpu: T0 : 0x1043e    : fmv_d_x fa4, zero          : FloatCvt :  D=0x0000000000000000
2769000: system.cpu: T0 : 0x10442    : fle_d a5, fa4, fa5         : FloatCmp :  D=0x0000000000000000
2769500: system.cpu: T0 : 0x10446    : c_beqz a5, 12              : IntAlu : 
2770500: system.cpu: T0 : 0x10452    : fld fa5, -40(s0)           : FloatMemRead :  D=0xbf7abb568dd1e700 A=0x7ffffffffffffd38
2771500: system.cpu: T0 : 0x10456    : fsgnjn_d fa5, fa5, fa5     : FloatMisc :  D=0x3f7abb568dd1e700
2772500: system.cpu: T0 : 0x1045a    : fsd fa5, -24(s0)           : FloatMemWrite :  D=0x3f7abb568dd1e700 A=0x7ffffffffffffd48
2773500: system.cpu: T0 : 0x1045e    : fld fa5, -24(s0)           : FloatMemRead :  D=0x3f7abb568dd1e700 A=0x7ffffffffffffd48
2774500: system.cpu: T0 : 0x10462    : fsgnj_d fa0, fa5, fa5      : FloatMisc :  D=0x3f7abb568dd1e700
2775000: system.cpu: T0 : 0x10466    : c_ldsp s0, 40(sp)          : MemRead :  D=0x7ffffffffffffdb0 A=0x7ffffffffffffd58
2775500: system.cpu: T0 : 0x10468    : c_addi16sp sp, 48          : IntAlu :  D=0x7ffffffffffffd60
2776000: system.cpu: T0 : 0x1046a    : c_jr ra                    : IntAlu : 
2776500: system.cpu: T0 : 0x10510    : fsgnj_d fa4, fa0, fa0      : FloatMisc :  D=0x3f7abb568dd1e700
2777000: system.cpu: T0 : 0x10514    : fld fa5, -40(s0)           : FloatMemRead :  D=0x3ee4f8b588e368f1 A=0x7ffffffffffffd88
2777500: system.cpu: T0 : 0x10518    : fle_d a5, fa4, fa5         : FloatCmp :  D=0x0000000000000000
2778000: system.cpu: T0 : 0x1051c    : c_beqz a5, 8               : IntAlu : 
2778500: system.cpu: T0 : 0x10524    : lw a5, -56(s0)             : MemRead :  D=0x0000000000000005 A=0x7ffffffffffffd78
2779000: system.cpu: T0 : 0x10528    : c_addiw a5, 1              : IntAlu :  D=0x0000000000000006
2780000: system.cpu: T0 : 0x1052a    : sw a5, -56(s0)             : MemWrite :  D=0x0000000000000006 A=0x7ffffffffffffd78
2781000: system.cpu: T0 : 0x1052e    : lw a5, -56(s0)             : MemRead :  D=0x0000000000000006 A=0x7ffffffffffffd78
2782000: system.cpu: T0 : 0x10532    : addiw a4, a5, 0            : IntAlu :  D=0x0000000000000006
2782500: system.cpu: T0 : 0x10536    : c_li a5, 19                : IntAlu :  D=0x0000000000000013
2783000: system.cpu: T0 : 0x10538    : bge a5, a4, -124           : IntAlu : 
2783500: system.cpu: T0 : 0x104bc    : lw a5, -52(s0)             : MemRead :  D=0x0000000000000000 A=0x7ffffffffffffd7c
2784000: system.cpu: T0 : 0x104c0    : c_addiw a5, 0              : IntAlu :  D=0x0000000000000000
2784500: system.cpu: T0 : 0x104c2    : c_bnez a5, 98              : IntAlu : 
2785000: system.cpu: T0 : 0x104c4    : fld fa5, -48(s0)           : FloatMemRead :  D=0x3ff00d581abe9ae7 A=0x7ffffffffffffd80
2785500: system.cpu: T0 : 0x104c8    : fmul_d fa5, fa5, fa5       : FloatMult :  D=0x3ff01abb568dd1e7
2786000: system.cpu: T0 : 0x104cc    : fld fa4, -72(s0)           : FloatMemRead :  D=0x3ff0000000000000 A=0x7ffffffffffffd68
2786500: system.cpu: T0 : 0x104d0    : fsub_d fa4, fa4, fa5       : FloatAdd :  D=0xbf7abb568dd1e700
2787000: system.cpu: T0 : 0x104d4    : fld fa5, -48(s0)           : FloatMemRead :  D=0x3ff00d581abe9ae7 A=0x7ffffffffffffd80
2787500: system.cpu: T0 : 0x104d8    : fadd_d fa5, fa5, fa5       : FloatAdd :  D=0x40000d581abe9ae7
2788000: system.cpu: T0 : 0x104dc    : fdiv_d fa5, fa4, fa5       : FloatDiv :  D=0xbf6aa51dad085d96
2788500: system.cpu: T0 : 0x104e0    : fsd fa5, -32(s0)           : FloatMemWrite :  D=0xbf6aa51dad085d96 A=0x7ffffffffffffd90
2789000: system.cpu: T0 : 0x104e4    : fld fa4, -48(s0)           : FloatMemRead :  D=0x3ff00d581abe9ae7 A=0x7ffffffffffffd80
2789500: system.cpu: T0 : 0x104e8    : fld fa5, -32(s0)           : FloatMemRead :  D=0xbf6aa51dad085d96 A=0x7ffffffffffffd90
2790000: system.cpu: T0 : 0x104ec    : fadd_d fa5, fa4, fa5       : FloatAdd :  D=0x3ff000058be816b8
2790500: system.cpu: T0 : 0x104f0    : fsd fa5, -48(s0)           : FloatMemWrite :  D=0x3ff000058be816b8 A=0x7ffffffffffffd80
2791000: system.cpu: T0 : 0x104f4    : fld fa5, -48(s0)           : FloatMemRead :  D=0x3ff000058be816b8 A=0x7ffffffffffffd80
2791500: system.cpu: T0 : 0x104f8    : fmul_d fa5, fa5, fa5       : FloatMult :  D=0x3ff0000b17d219a8
2792000: system.cpu: T0 : 0x104fc    : fld fa4, -72(s0)           : FloatMemRead :  D=0x3ff0000000000000 A=0x7ffffffffffffd68
2792500: system.cpu: T0 : 0x10500    : fsub_d fa5, fa4, fa5       : FloatAdd :  D=0xbee62fa433500000
2793000: system.cpu: T0 : 0x10504    : fsd fa5, -24(s0)           : FloatMemWrite :  D=0xbee62fa433500000 A=0x7ffffffffffffd98
2793500: system.cpu: T0 : 0x10508    : fld fa0, -24(s0)           : FloatMemRead :  D=0xbee62fa433500000 A=0x7ffffffffffffd98
2794000: system.cpu: T0 : 0x1050c    : jal ra, -220               : IntAlu :  D=0x0000000000010510
2794500: system.cpu: T0 : 0x10430    : c_addi16sp sp, -48         : IntAlu :  D=0x7ffffffffffffd30
2795000: system.cpu: T0 : 0x10432    : c_sdsp s0, 40(sp)          : MemWrite :  D=0x7ffffffffffffdb0 A=0x7ffffffffffffd58
2795500: system.cpu: T0 : 0x10434    : c_addi4spn s0, sp, 48      : IntAlu :  D=0x7ffffffffffffd60
2796500: system.cpu: T0 : 0x10436    : fsd fa0, -40(s0)           : FloatMemWrite :  D=0xbee62fa433500000 A=0x7ffffffffffffd38
2797500: system.cpu: T0 : 0x1043a    : fld fa5, -40(s0)           : FloatMemRead :  D=0xbee62fa433500000 A=0x7ffffffffffffd38
2798500: system.cpu: T0 : 0x1043e    : fmv_d_x fa4, zero          : FloatCvt :  D=0x0000000000000000
2799500: system.cpu: T0 : 0x10442    : fle_d a5, fa4, fa5         : FloatCmp :  D=0x0000000000000000
2800000: system.cpu: T0 : 0x10446    : c_beqz a5, 12              : IntAlu : 
2801000: system.cpu: T0 : 0x10452    : fld fa5, -40(s0)           : FloatMemRead :  D=0xbee62fa433500000 A=0x7ffffffffffffd38
2802000: system.cpu: T0 : 0x10456    : fsgnjn_d fa5, fa5, fa5     : FloatMisc :  D=0x3ee62fa433500000
2803000: system.cpu: T0 : 0x1045a    : fsd fa5, -24(s0)           : FloatMemWrite :  D=0x3ee62fa433500000 A=0x7ffffffffffffd48
2804000: system.cpu: T0 : 0x1045e    : fld fa5, -24(s0)           : FloatMemRead :  D=0x3ee62fa433500000 A=0x7ffffffffffffd48
2805000: system.cpu: T0 : 0x10462    : fsgnj_d fa0, fa5, fa5      : FloatMisc :  D=0x3ee62fa433500000
2805500: system.cpu: T0 : 0x10466    : c_ldsp s0, 40(sp)          : MemRead :  D=0x7ffffffffffffdb0 A=0x7ffffffffffffd58
2806000: system.cpu: T0 : 0x10468    : c_addi16sp sp, 48          : IntAlu :  D=0x7ffffffffffffd60
2806500: system.cpu: T0 : 0x1046a    : c_jr ra                    : IntAlu : 
2807000: system.cpu: T0 : 0x10510    : fsgnj_d fa4, fa0, fa0      : FloatMisc :  D=0x3ee62fa433500000
2807500: system.cpu: T0 : 0x10514    : fld fa5, -40(s0)           : FloatMemRead :  D=0x3ee4f8b588e368f1 A=0x7ffffffffffffd88
2808000: system.cpu: T0 : 0x10518    : fle_d a5, fa4, fa5         : FloatCmp :  D=0x0000000000000000
2808500: system.cpu: T0 : 0x1051c    : c_beqz a5, 8               : IntAlu : 
2809000: system.cpu: T0 : 0x10524    : lw a5, -56(s0)             : MemRead :  D=0x0000000000000006 A=0x7ffffffffffffd78
2809500: system.cpu: T0 : 0x10528    : c_addiw a5, 1              : IntAlu :  D=0x0000000000000007
2810500: system.cpu: T0 : 0x1052a    : sw a5, -56(s0)             : MemWrite :  D=0x0000000000000007 A=0x7ffffffffffffd78
2811500: system.cpu: T0 : 0x1052e    : lw a5, -56(s0)             : MemRead :  D=0x0000000000000007 A=0x7ffffffffffffd78
2812500: system.cpu: T0 : 0x10532    : addiw a4, a5, 0            : IntAlu :  D=0x0000000000000007
2813000: system.cpu: T0 : 0x10536    : c_li a5, 19                : IntAlu :  D=0x0000000000000013
2813500: system.cpu: T0 : 0x10538    : bge a5, a4, -124           : IntAlu : 
2814000: system.cpu: T0 : 0x104bc    : lw a5, -52(s0)             : MemRead :  D=0x0000000000000000 A=0x7ffffffffffffd7c
2814500: system.cpu: T0 : 0x104c0    : c_addiw a5, 0              : IntAlu :  D=0x0000000000000000
2815000: system.cpu: T0 : 0x104c2    : c_bnez a5, 98              : IntAlu : 
2815500: system.cpu: T0 : 0x104c4    : fld fa5, -48(s0)           : FloatMemRead :  D=0x3ff000058be816b8 A=0x7ffffffffffffd80
2816000: system.cpu: T0 : 0x104c8    : fmul_d fa5, fa5, fa5       : FloatMult :  D=0x3ff0000b17d219a8
2816500: system.cpu: T0 : 0x104cc    : fld fa4, -72(s0)           : FloatMemRead :  D=0x3ff0000000000000 A=0x7ffffffffffffd68
2817000: system.cpu: T0 : 0x104d0    : fsub_d fa4, fa4, fa5       : FloatAdd :  D=0xbee62fa433500000
2817500: system.cpu: T0 : 0x104d4    : fld fa5, -48(s0)           : FloatMemRead :  D=0x3ff000058be816b8 A=0x7ffffffffffffd80
2818000: system.cpu: T0 : 0x104d8    : fadd_d fa5, fa5, fa5       : FloatAdd :  D=0x400000058be816b8
2818500: system.cpu: T0 : 0x104dc    : fdiv_d fa5, fa4, fa5       : FloatDiv :  D=0xbed62f9c826fa5b2
2819000: system.cpu: T0 : 0x104e0    : fsd fa5, -32(s0)           : FloatMemWrite :  D=0xbed62f9c826fa5b2 A=0x7ffffffffffffd90
2819500: system.cpu: T0 : 0x104e4    : fld fa4, -48(s0)           : FloatMemRead :  D=0x3ff000058be816b8 A=0x7ffffffffffffd80
2820000: system.cpu: T0 : 0x104e8    : fld fa5, -32(s0)           : FloatMemRead :  D=0xbed62f9c826fa5b2 A=0x7ffffffffffffd90
2820500: system.cpu: T0 : 0x104ec    : fadd_d fa5, fa4, fa5       : FloatAdd :  D=0x3ff000000000f61c
2821000: system.cpu: T0 : 0x104f0    : fsd fa5, -48(s0)           : FloatMemWrite :  D=0x3ff000000000f61c A=0x7ffffffffffffd80
2821500: system.cpu: T0 : 0x104f4    : fld fa5, -48(s0)           : FloatMemRead :  D=0x3ff000000000f61c A=0x7ffffffffffffd80
2822000: system.cpu: T0 : 0x104f8    : fmul_d fa5, fa5, fa5       : FloatMult :  D=0x3ff000000001ec38
2822500: system.cpu: T0 : 0x104fc    : fld fa4, -72(s0)           : FloatMemRead :  D=0x3ff0000000000000 A=0x7ffffffffffffd68
2823000: system.cpu: T0 : 0x10500    : fsub_d fa5, fa4, fa5       : FloatAdd :  D=0xbdbec38000000000
2823500: system.cpu: T0 : 0x10504    : fsd fa5, -24(s0)           : FloatMemWrite :  D=0xbdbec38000000000 A=0x7ffffffffffffd98
2824000: system.cpu: T0 : 0x10508    : fld fa0, -24(s0)           : FloatMemRead :  D=0xbdbec38000000000 A=0x7ffffffffffffd98
2824500: system.cpu: T0 : 0x1050c    : jal ra, -220               : IntAlu :  D=0x0000000000010510
2825000: system.cpu: T0 : 0x10430    : c_addi16sp sp, -48         : IntAlu :  D=0x7ffffffffffffd30
2825500: system.cpu: T0 : 0x10432    : c_sdsp s0, 40(sp)          : MemWrite :  D=0x7ffffffffffffdb0 A=0x7ffffffffffffd58
2826000: system.cpu: T0 : 0x10434    : c_addi4spn s0, sp, 48      : IntAlu :  D=0x7ffffffffffffd60
2827000: system.cpu: T0 : 0x10436    : fsd fa0, -40(s0)           : FloatMemWrite :  D=0xbdbec38000000000 A=0x7ffffffffffffd38
2828000: system.cpu: T0 : 0x1043a    : fld fa5, -40(s0)           : FloatMemRead :  D=0xbdbec38000000000 A=0x7ffffffffffffd38
2829000: system.cpu: T0 : 0x1043e    : fmv_d_x fa4, zero          : FloatCvt :  D=0x0000000000000000
2830000: system.cpu: T0 : 0x10442    : fle_d a5, fa4, fa5         : FloatCmp :  D=0x0000000000000000
2830500: system.cpu: T0 : 0x10446    : c_beqz a5, 12              : IntAlu : 
2831500: system.cpu: T0 : 0x10452    : fld fa5, -40(s0)           : FloatMemRead :  D=0xbdbec38000000000 A=0x7ffffffffffffd38
2832500: system.cpu: T0 : 0x10456    : fsgnjn_d fa5, fa5, fa5     : FloatMisc :  D=0x3dbec38000000000
2833500: system.cpu: T0 : 0x1045a    : fsd fa5, -24(s0)           : FloatMemWrite :  D=0x3dbec38000000000 A=0x7ffffffffffffd48
2834500: system.cpu: T0 : 0x1045e    : fld fa5, -24(s0)           : FloatMemRead :  D=0x3dbec38000000000 A=0x7ffffffffffffd48
2835500: system.cpu: T0 : 0x10462    : fsgnj_d fa0, fa5, fa5      : FloatMisc :  D=0x3dbec38000000000
2836000: system.cpu: T0 : 0x10466    : c_ldsp s0, 40(sp)          : MemRead :  D=0x7ffffffffffffdb0 A=0x7ffffffffffffd58
2836500: system.cpu: T0 : 0x10468    : c_addi16sp sp, 48          : IntAlu :  D=0x7ffffffffffffd60
2837000: system.cpu: T0 : 0x1046a    : c_jr ra                    : IntAlu : 
2837500: system.cpu: T0 : 0x10510    : fsgnj_d fa4, fa0, fa0      : FloatMisc :  D=0x3dbec38000000000
2838000: system.cpu: T0 : 0x10514    : fld fa5, -40(s0)           : FloatMemRead :  D=0x3ee4f8b588e368f1 A=0x7ffffffffffffd88
2838500: system.cpu: T0 : 0x10518    : fle_d a5, fa4, fa5         : FloatCmp :  D=0x0000000000000001
2839000: system.cpu: T0 : 0x1051c    : c_beqz a5, 8               : IntAlu : 
2839500: system.cpu: T0 : 0x1051e    : c_li a5, 1                 : IntAlu :  D=0x0000000000000001
2840000: system.cpu: T0 : 0x10520    : sw a5, -52(s0)             : MemWrite :  D=0x0000000000000001 A=0x7ffffffffffffd7c
2840500: system.cpu: T0 : 0x10524    : lw a5, -56(s0)             : MemRead :  D=0x0000000000000007 A=0x7ffffffffffffd78
2841000: system.cpu: T0 : 0x10528    : c_addiw a5, 1              : IntAlu :  D=0x0000000000000008
2842000: system.cpu: T0 : 0x1052a    : sw a5, -56(s0)             : MemWrite :  D=0x0000000000000008 A=0x7ffffffffffffd78
2843000: system.cpu: T0 : 0x1052e    : lw a5, -56(s0)             : MemRead :  D=0x0000000000000008 A=0x7ffffffffffffd78
2844000: system.cpu: T0 : 0x10532    : addiw a4, a5, 0            : IntAlu :  D=0x0000000000000008
2844500: system.cpu: T0 : 0x10536    : c_li a5, 19                : IntAlu :  D=0x0000000000000013
2845000: system.cpu: T0 : 0x10538    : bge a5, a4, -124           : IntAlu : 
2845500: system.cpu: T0 : 0x104bc    : lw a5, -52(s0)             : MemRead :  D=0x0000000000000001 A=0x7ffffffffffffd7c
2846000: system.cpu: T0 : 0x104c0    : c_addiw a5, 0              : IntAlu :  D=0x0000000000000001
2846500: system.cpu: T0 : 0x104c2    : c_bnez a5, 98              : IntAlu : 
2847000: system.cpu: T0 : 0x10524    : lw a5, -56(s0)             : MemRead :  D=0x0000000000000008 A=0x7ffffffffffffd78
2847500: system.cpu: T0 : 0x10528    : c_addiw a5, 1              : IntAlu :  D=0x0000000000000009
2848500: system.cpu: T0 : 0x1052a    : sw a5, -56(s0)             : MemWrite :  D=0x0000000000000009 A=0x7ffffffffffffd78
2849500: system.cpu: T0 : 0x1052e    : lw a5, -56(s0)             : MemRead :  D=0x0000000000000009 A=0x7ffffffffffffd78
2850500: system.cpu: T0 : 0x10532    : addiw a4, a5, 0            : IntAlu :  D=0x0000000000000009
2851000: system.cpu: T0 : 0x10536    : c_li a5, 19                : IntAlu :  D=0x0000000000000013
2851500: system.cpu: T0 : 0x10538    : bge a5, a4, -124           : IntAlu : 
2852000: system.cpu: T0 : 0x104bc    : lw a5, -52(s0)             : MemRead :  D=0x0000000000000001 A=0x7ffffffffffffd7c
2852500: system.cpu: T0 : 0x104c0    : c_addiw a5, 0              : IntAlu :  D=0x0000000000000001
2853000: system.cpu: T0 : 0x104c2    : c_bnez a5, 98              : IntAlu : 
2853500: system.cpu: T0 : 0x10524    : lw a5, -56(s0)             : MemRead :  D=0x0000000000000009 A=0x7ffffffffffffd78
2854000: system.cpu: T0 : 0x10528    : c_addiw a5, 1              : IntAlu :  D=0x000000000000000a
2855000: system.cpu: T0 : 0x1052a    : sw a5, -56(s0)             : MemWrite :  D=0x000000000000000a A=0x7ffffffffffffd78
2856000: system.cpu: T0 : 0x1052e    : lw a5, -56(s0)             : MemRead :  D=0x000000000000000a A=0x7ffffffffffffd78
2857000: system.cpu: T0 : 0x10532    : addiw a4, a5, 0            : IntAlu :  D=0x000000000000000a
2857500: system.cpu: T0 : 0x10536    : c_li a5, 19                : IntAlu :  D=0x0000000000000013
2858000: system.cpu: T0 : 0x10538    : bge a5, a4, -124           : IntAlu : 
2858500: system.cpu: T0 : 0x104bc    : lw a5, -52(s0)             : MemRead :  D=0x0000000000000001 A=0x7ffffffffffffd7c
2859000: system.cpu: T0 : 0x104c0    : c_addiw a5, 0              : IntAlu :  D=0x0000000000000001
2859500: system.cpu: T0 : 0x104c2    : c_bnez a5, 98              : IntAlu : 
2860000: system.cpu: T0 : 0x10524    : lw a5, -56(s0)             : MemRead :  D=0x000000000000000a A=0x7ffffffffffffd78
2860500: system.cpu: T0 : 0x10528    : c_addiw a5, 1              : IntAlu :  D=0x000000000000000b
2861500: system.cpu: T0 : 0x1052a    : sw a5, -56(s0)             : MemWrite :  D=0x000000000000000b A=0x7ffffffffffffd78
2862500: system.cpu: T0 : 0x1052e    : lw a5, -56(s0)             : MemRead :  D=0x000000000000000b A=0x7ffffffffffffd78
2863500: system.cpu: T0 : 0x10532    : addiw a4, a5, 0            : IntAlu :  D=0x000000000000000b
2864000: system.cpu: T0 : 0x10536    : c_li a5, 19                : IntAlu :  D=0x0000000000000013
2864500: system.cpu: T0 : 0x10538    : bge a5, a4, -124           : IntAlu : 
2865000: system.cpu: T0 : 0x104bc    : lw a5, -52(s0)             : MemRead :  D=0x0000000000000001 A=0x7ffffffffffffd7c
2865500: system.cpu: T0 : 0x104c0    : c_addiw a5, 0              : IntAlu :  D=0x0000000000000001
2866000: system.cpu: T0 : 0x104c2    : c_bnez a5, 98              : IntAlu : 
2866500: system.cpu: T0 : 0x10524    : lw a5, -56(s0)             : MemRead :  D=0x000000000000000b A=0x7ffffffffffffd78
2867000: system.cpu: T0 : 0x10528    : c_addiw a5, 1              : IntAlu :  D=0x000000000000000c
2868000: system.cpu: T0 : 0x1052a    : sw a5, -56(s0)             : MemWrite :  D=0x000000000000000c A=0x7ffffffffffffd78
2869000: system.cpu: T0 : 0x1052e    : lw a5, -56(s0)             : MemRead :  D=0x000000000000000c A=0x7ffffffffffffd78
2870000: system.cpu: T0 : 0x10532    : addiw a4, a5, 0            : IntAlu :  D=0x000000000000000c
2870500: system.cpu: T0 : 0x10536    : c_li a5, 19                : IntAlu :  D=0x0000000000000013
2871000: system.cpu: T0 : 0x10538    : bge a5, a4, -124           : IntAlu : 
2871500: system.cpu: T0 : 0x104bc    : lw a5, -52(s0)             : MemRead :  D=0x0000000000000001 A=0x7ffffffffffffd7c
2872000: system.cpu: T0 : 0x104c0    : c_addiw a5, 0              : IntAlu :  D=0x0000000000000001
2872500: system.cpu: T0 : 0x104c2    : c_bnez a5, 98              : IntAlu : 
2873000: system.cpu: T0 : 0x10524    : lw a5, -56(s0)             : MemRead :  D=0x000000000000000c A=0x7ffffffffffffd78
2873500: system.cpu: T0 : 0x10528    : c_addiw a5, 1              : IntAlu :  D=0x000000000000000d
2874500: system.cpu: T0 : 0x1052a    : sw a5, -56(s0)             : MemWrite :  D=0x000000000000000d A=0x7ffffffffffffd78
2875500: system.cpu: T0 : 0x1052e    : lw a5, -56(s0)             : MemRead :  D=0x000000000000000d A=0x7ffffffffffffd78
2876500: system.cpu: T0 : 0x10532    : addiw a4, a5, 0            : IntAlu :  D=0x000000000000000d
2877000: system.cpu: T0 : 0x10536    : c_li a5, 19                : IntAlu :  D=0x0000000000000013
2877500: system.cpu: T0 : 0x10538    : bge a5, a4, -124           : IntAlu : 
2878000: system.cpu: T0 : 0x104bc    : lw a5, -52(s0)             : MemRead :  D=0x0000000000000001 A=0x7ffffffffffffd7c
2878500: system.cpu: T0 : 0x104c0    : c_addiw a5, 0              : IntAlu :  D=0x0000000000000001
2879000: system.cpu: T0 : 0x104c2    : c_bnez a5, 98              : IntAlu : 
2879500: system.cpu: T0 : 0x10524    : lw a5, -56(s0)             : MemRead :  D=0x000000000000000d A=0x7ffffffffffffd78
2880000: system.cpu: T0 : 0x10528    : c_addiw a5, 1              : IntAlu :  D=0x000000000000000e
2881000: system.cpu: T0 : 0x1052a    : sw a5, -56(s0)             : MemWrite :  D=0x000000000000000e A=0x7ffffffffffffd78
2882000: system.cpu: T0 : 0x1052e    : lw a5, -56(s0)             : MemRead :  D=0x000000000000000e A=0x7ffffffffffffd78
2883000: system.cpu: T0 : 0x10532    : addiw a4, a5, 0            : IntAlu :  D=0x000000000000000e
2883500: system.cpu: T0 : 0x10536    : c_li a5, 19                : IntAlu :  D=0x0000000000000013
2884000: system.cpu: T0 : 0x10538    : bge a5, a4, -124           : IntAlu : 
2884500: system.cpu: T0 : 0x104bc    : lw a5, -52(s0)             : MemRead :  D=0x0000000000000001 A=0x7ffffffffffffd7c
2885000: system.cpu: T0 : 0x104c0    : c_addiw a5, 0              : IntAlu :  D=0x0000000000000001
2885500: system.cpu: T0 : 0x104c2    : c_bnez a5, 98              : IntAlu : 
2886000: system.cpu: T0 : 0x10524    : lw a5, -56(s0)             : MemRead :  D=0x000000000000000e A=0x7ffffffffffffd78
2886500: system.cpu: T0 : 0x10528    : c_addiw a5, 1              : IntAlu :  D=0x000000000000000f
2887500: system.cpu: T0 : 0x1052a    : sw a5, -56(s0)             : MemWrite :  D=0x000000000000000f A=0x7ffffffffffffd78
2888500: system.cpu: T0 : 0x1052e    : lw a5, -56(s0)             : MemRead :  D=0x000000000000000f A=0x7ffffffffffffd78
2889500: system.cpu: T0 : 0x10532    : addiw a4, a5, 0            : IntAlu :  D=0x000000000000000f
2890000: system.cpu: T0 : 0x10536    : c_li a5, 19                : IntAlu :  D=0x0000000000000013
2890500: system.cpu: T0 : 0x10538    : bge a5, a4, -124           : IntAlu : 
2891000: system.cpu: T0 : 0x104bc    : lw a5, -52(s0)             : MemRead :  D=0x0000000000000001 A=0x7ffffffffffffd7c
2891500: system.cpu: T0 : 0x104c0    : c_addiw a5, 0              : IntAlu :  D=0x0000000000000001
2892000: system.cpu: T0 : 0x104c2    : c_bnez a5, 98              : IntAlu : 
2892500: system.cpu: T0 : 0x10524    : lw a5, -56(s0)             : MemRead :  D=0x000000000000000f A=0x7ffffffffffffd78
2893000: system.cpu: T0 : 0x10528    : c_addiw a5, 1              : IntAlu :  D=0x0000000000000010
2894000: system.cpu: T0 : 0x1052a    : sw a5, -56(s0)             : MemWrite :  D=0x0000000000000010 A=0x7ffffffffffffd78
2895000: system.cpu: T0 : 0x1052e    : lw a5, -56(s0)             : MemRead :  D=0x0000000000000010 A=0x7ffffffffffffd78
2896000: system.cpu: T0 : 0x10532    : addiw a4, a5, 0            : IntAlu :  D=0x0000000000000010
2896500: system.cpu: T0 : 0x10536    : c_li a5, 19                : IntAlu :  D=0x0000000000000013
2897000: system.cpu: T0 : 0x10538    : bge a5, a4, -124           : IntAlu : 
2897500: system.cpu: T0 : 0x104bc    : lw a5, -52(s0)             : MemRead :  D=0x0000000000000001 A=0x7ffffffffffffd7c
2898000: system.cpu: T0 : 0x104c0    : c_addiw a5, 0              : IntAlu :  D=0x0000000000000001
2898500: system.cpu: T0 : 0x104c2    : c_bnez a5, 98              : IntAlu : 
2899000: system.cpu: T0 : 0x10524    : lw a5, -56(s0)             : MemRead :  D=0x0000000000000010 A=0x7ffffffffffffd78
2899500: system.cpu: T0 : 0x10528    : c_addiw a5, 1              : IntAlu :  D=0x0000000000000011
2900500: system.cpu: T0 : 0x1052a    : sw a5, -56(s0)             : MemWrite :  D=0x0000000000000011 A=0x7ffffffffffffd78
2901500: system.cpu: T0 : 0x1052e    : lw a5, -56(s0)             : MemRead :  D=0x0000000000000011 A=0x7ffffffffffffd78
2902500: system.cpu: T0 : 0x10532    : addiw a4, a5, 0            : IntAlu :  D=0x0000000000000011
2903000: system.cpu: T0 : 0x10536    : c_li a5, 19                : IntAlu :  D=0x0000000000000013
2903500: system.cpu: T0 : 0x10538    : bge a5, a4, -124           : IntAlu : 
2904000: system.cpu: T0 : 0x104bc    : lw a5, -52(s0)             : MemRead :  D=0x0000000000000001 A=0x7ffffffffffffd7c
2904500: system.cpu: T0 : 0x104c0    : c_addiw a5, 0              : IntAlu :  D=0x0000000000000001
2905000: system.cpu: T0 : 0x104c2    : c_bnez a5, 98              : IntAlu : 
2905500: system.cpu: T0 : 0x10524    : lw a5, -56(s0)             : MemRead :  D=0x0000000000000011 A=0x7ffffffffffffd78
2906000: system.cpu: T0 : 0x10528    : c_addiw a5, 1              : IntAlu :  D=0x0000000000000012
2907000: system.cpu: T0 : 0x1052a    : sw a5, -56(s0)             : MemWrite :  D=0x0000000000000012 A=0x7ffffffffffffd78
2908000: system.cpu: T0 : 0x1052e    : lw a5, -56(s0)             : MemRead :  D=0x0000000000000012 A=0x7ffffffffffffd78
2909000: system.cpu: T0 : 0x10532    : addiw a4, a5, 0            : IntAlu :  D=0x0000000000000012
2909500: system.cpu: T0 : 0x10536    : c_li a5, 19                : IntAlu :  D=0x0000000000000013
2910000: system.cpu: T0 : 0x10538    : bge a5, a4, -124           : IntAlu : 
2910500: system.cpu: T0 : 0x104bc    : lw a5, -52(s0)             : MemRead :  D=0x0000000000000001 A=0x7ffffffffffffd7c
2911000: system.cpu: T0 : 0x104c0    : c_addiw a5, 0              : IntAlu :  D=0x0000000000000001
2911500: system.cpu: T0 : 0x104c2    : c_bnez a5, 98              : IntAlu : 
2912000: system.cpu: T0 : 0x10524    : lw a5, -56(s0)             : MemRead :  D=0x0000000000000012 A=0x7ffffffffffffd78
2912500: system.cpu: T0 : 0x10528    : c_addiw a5, 1              : IntAlu :  D=0x0000000000000013
2913500: system.cpu: T0 : 0x1052a    : sw a5, -56(s0)             : MemWrite :  D=0x0000000000000013 A=0x7ffffffffffffd78
2914500: system.cpu: T0 : 0x1052e    : lw a5, -56(s0)             : MemRead :  D=0x0000000000000013 A=0x7ffffffffffffd78
2915500: system.cpu: T0 : 0x10532    : addiw a4, a5, 0            : IntAlu :  D=0x0000000000000013
2916000: system.cpu: T0 : 0x10536    : c_li a5, 19                : IntAlu :  D=0x0000000000000013
2916500: system.cpu: T0 : 0x10538    : bge a5, a4, -124           : IntAlu : 
2917000: system.cpu: T0 : 0x104bc    : lw a5, -52(s0)             : MemRead :  D=0x0000000000000001 A=0x7ffffffffffffd7c
2917500: system.cpu: T0 : 0x104c0    : c_addiw a5, 0              : IntAlu :  D=0x0000000000000001
2918000: system.cpu: T0 : 0x104c2    : c_bnez a5, 98              : IntAlu : 
2918500: system.cpu: T0 : 0x10524    : lw a5, -56(s0)             : MemRead :  D=0x0000000000000013 A=0x7ffffffffffffd78
2919000: system.cpu: T0 : 0x10528    : c_addiw a5, 1              : IntAlu :  D=0x0000000000000014
2920000: system.cpu: T0 : 0x1052a    : sw a5, -56(s0)             : MemWrite :  D=0x0000000000000014 A=0x7ffffffffffffd78
2921000: system.cpu: T0 : 0x1052e    : lw a5, -56(s0)             : MemRead :  D=0x0000000000000014 A=0x7ffffffffffffd78
2922000: system.cpu: T0 : 0x10532    : addiw a4, a5, 0            : IntAlu :  D=0x0000000000000014
2922500: system.cpu: T0 : 0x10536    : c_li a5, 19                : IntAlu :  D=0x0000000000000013
2923000: system.cpu: T0 : 0x10538    : bge a5, a4, -124           : IntAlu : 
2923500: system.cpu: T0 : 0x1053c    : fld fa5, -48(s0)           : FloatMemRead :  D=0x3ff000000000f61c A=0x7ffffffffffffd80
2924000: system.cpu: T0 : 0x10540    : fsgnj_d fa0, fa5, fa5      : FloatMisc :  D=0x3ff000000000f61c
2924500: system.cpu: T0 : 0x10544    : c_ldsp ra, 72(sp)          : MemRead :  D=0x00000000000106ae A=0x7ffffffffffffda8
2925000: system.cpu: T0 : 0x10546    : c_ldsp s0, 64(sp)          : MemRead :  D=0x7ffffffffffffde0 A=0x7ffffffffffffda0
2925500: system.cpu: T0 : 0x10548    : c_addi16sp sp, 80          : IntAlu :  D=0x7ffffffffffffdb0
2926000: system.cpu: T0 : 0x1054a    : c_jr ra                    : IntAlu : 
2927000: system.cpu: T0 : 0x106ae    : fsd fa0, -24(s0)           : FloatMemWrite :  D=0x3ff000000000f61c A=0x7ffffffffffffdc8
2928000: system.cpu: T0 : 0x106b2    : fld fa5, -40(s0)           : FloatMemRead :  D=0x3ff0000000000000 A=0x7ffffffffffffdb8
2929000: system.cpu: T0 : 0x106b6    : fmv_d_x fa4, zero          : FloatCvt :  D=0x0000000000000000
2930000: system.cpu: T0 : 0x106ba    : flt_d a5, fa4, fa5         : FloatCmp :  D=0x0000000000000001
2930500: system.cpu: T0 : 0x106be    : c_beqz a5, 118             : IntAlu : 
2931000: system.cpu: T0 : 0x106c0    : auipc a5, 96               : IntAlu :  D=0x00000000000706c0
2931500: system.cpu: T0 : 0x106c4    : ld a5, 336(a5)             : MemRead :  D=0x0000000000071978 A=0x70810
2932000: system.cpu: T0 : 0x106c8    : c_li a4, 1                 : IntAlu :  D=0x0000000000000001
2932500: system.cpu: T0 : 0x106ca    : c_sw a4, 0(a5)             : MemWrite :  D=0x0000000000000001 A=0x71978
2933000: system.cpu: T0 : 0x106cc    : auipc a5, 96               : IntAlu :  D=0x00000000000706cc
2933500: system.cpu: T0 : 0x106d0    : ld a5, 372(a5)             : MemRead :  D=0x00000000000719a0 A=0x70840
2934000: system.cpu: T0 : 0x106d4    : c_fld fa5, 8(a5)           : FloatMemRead :  D=0xc008000000000000 A=0x719a8
2935000: system.cpu: T0 : 0x106d6    : fld fa4, -24(s0)           : FloatMemRead :  D=0x3ff000000000f61c A=0x7ffffffffffffdc8
2936000: system.cpu: T0 : 0x106da    : fsub_d fa4, fa4, fa5       : FloatAdd :  D=0x4010000000003d87
2937000: system.cpu: T0 : 0x106de    : fld fa5, -32(s0)           : FloatMemRead :  D=0x4000000000000000 A=0x7ffffffffffffdc0
2938000: system.cpu: T0 : 0x106e2    : fdiv_d fa5, fa4, fa5       : FloatDiv :  D=0x4000000000003d87
2939000: system.cpu: T0 : 0x106e6    : auipc a5, 96               : IntAlu :  D=0x00000000000706e6
2940000: system.cpu: T0 : 0x106ea    : ld a5, 330(a5)             : MemRead :  D=0x0000000000071990 A=0x70830
2940500: system.cpu: T0 : 0x106ee    : c_fsd fa5, 0(a5)           : FloatMemWrite :  D=0x4000000000003d87 A=0x71990
2941000: system.cpu: T0 : 0x106f0    : auipc a5, 96               : IntAlu :  D=0x00000000000706f0
2941500: system.cpu: T0 : 0x106f4    : ld a5, 320(a5)             : MemRead :  D=0x0000000000071990 A=0x70830
2942000: system.cpu: T0 : 0x106f8    : sd zero, 8(a5)             : MemWrite :  D=0x0000000000000000 A=0x71998
2942500: system.cpu: T0 : 0x106fc    : auipc a5, 96               : IntAlu :  D=0x00000000000706fc
2943000: system.cpu: T0 : 0x10700    : ld a5, 324(a5)             : MemRead :  D=0x00000000000719a0 A=0x70840
2943500: system.cpu: T0 : 0x10704    : c_fld fa5, 8(a5)           : FloatMemRead :  D=0xc008000000000000 A=0x719a8
2944500: system.cpu: T0 : 0x10706    : fsgnjn_d fa4, fa5, fa5     : FloatMisc :  D=0x4008000000000000
2945500: system.cpu: T0 : 0x1070a    : fld fa5, -24(s0)           : FloatMemRead :  D=0x3ff000000000f61c A=0x7ffffffffffffdc8
2946500: system.cpu: T0 : 0x1070e    : fsub_d fa4, fa4, fa5       : FloatAdd :  D=0x3fffffffffff09e4
2947500: system.cpu: T0 : 0x10712    : fld fa5, -32(s0)           : FloatMemRead :  D=0x4000000000000000 A=0x7ffffffffffffdc0
2948500: system.cpu: T0 : 0x10716    : fdiv_d fa5, fa4, fa5       : FloatDiv :  D=0x3fefffffffff09e4
2949500: system.cpu: T0 : 0x1071a    : auipc a5, 96               : IntAlu :  D=0x000000000007071a
2950500: system.cpu: T0 : 0x1071e    : ld a5, 254(a5)             : MemRead :  D=0x0000000000071980 A=0x70818
2951000: system.cpu: T0 : 0x10722    : c_fsd fa5, 0(a5)           : FloatMemWrite :  D=0x3fefffffffff09e4 A=0x71980
2951500: system.cpu: T0 : 0x10724    : auipc a5, 96               : IntAlu :  D=0x0000000000070724
2952000: system.cpu: T0 : 0x10728    : ld a5, 244(a5)             : MemRead :  D=0x0000000000071980 A=0x70818
2952500: system.cpu: T0 : 0x1072c    : sd zero, 8(a5)             : MemWrite :  D=0x0000000000000000 A=0x71988
2953000: system.cpu: T0 : 0x10730    : c_li a5, 0                 : IntAlu :  D=0x0000000000000000
2953500: system.cpu: T0 : 0x10732    : c_j 222                    : IntAlu : 
2954000: system.cpu: T0 : 0x10810    : c_mv a0, a5                : IntAlu :  D=0x0000000000000000
2954500: system.cpu: T0 : 0x10812    : c_ldsp ra, 40(sp)          : MemRead :  D=0x0000000000010594 A=0x7ffffffffffffdd8
2955000: system.cpu: T0 : 0x10814    : c_ldsp s0, 32(sp)          : MemRead :  D=0x7ffffffffffffdf0 A=0x7ffffffffffffdd0
2955500: system.cpu: T0 : 0x10816    : c_addi16sp sp, 48          : IntAlu :  D=0x7ffffffffffffde0
2956000: system.cpu: T0 : 0x10818    : c_jr ra                    : IntAlu : 
2956500: system.cpu: T0 : 0x10594    : auipc a5, 96               : IntAlu :  D=0x0000000000070594
2957000: system.cpu: T0 : 0x10598    : ld a5, 684(a5)             : MemRead :  D=0x00000000000719a0 A=0x70840
2957500: system.cpu: T0 : 0x1059c    : auipc a4, 61               : IntAlu :  D=0x000000000004d59c
2958000: system.cpu: T0 : 0x105a0    : addi a4, a4, 420           : IntAlu :  D=0x000000000004d740
2958500: system.cpu: T0 : 0x105a4    : c_fld fa5, 0(a4)           : FloatMemRead :  D=0x3ff0000000000000 A=0x4d740
2959000: system.cpu: T0 : 0x105a6    : c_fsd fa5, 0(a5)           : FloatMemWrite :  D=0x3ff0000000000000 A=0x719a0
2959500: system.cpu: T0 : 0x105a8    : auipc a5, 96               : IntAlu :  D=0x00000000000705a8
2960000: system.cpu: T0 : 0x105ac    : ld a5, 664(a5)             : MemRead :  D=0x00000000000719a0 A=0x70840
2960500: system.cpu: T0 : 0x105b0    : auipc a4, 61               : IntAlu :  D=0x000000000004d5b0
2961000: system.cpu: T0 : 0x105b4    : addi a4, a4, 424           : IntAlu :  D=0x000000000004d758
2961500: system.cpu: T0 : 0x105b8    : c_fld fa5, 0(a4)           : FloatMemRead :  D=0xc000000000000000 A=0x4d758
2962000: system.cpu: T0 : 0x105ba    : c_fsd fa5, 8(a5)           : FloatMemWrite :  D=0xc000000000000000 A=0x719a8
2962500: system.cpu: T0 : 0x105bc    : auipc a5, 96               : IntAlu :  D=0x00000000000705bc
2963000: system.cpu: T0 : 0x105c0    : ld a5, 644(a5)             : MemRead :  D=0x00000000000719a0 A=0x70840
2963500: system.cpu: T0 : 0x105c4    : auipc a4, 61               : IntAlu :  D=0x000000000004d5c4
2964000: system.cpu: T0 : 0x105c8    : addi a4, a4, 380           : IntAlu :  D=0x000000000004d740
2964500: system.cpu: T0 : 0x105cc    : c_fld fa5, 0(a4)           : FloatMemRead :  D=0x3ff0000000000000 A=0x4d740
2965000: system.cpu: T0 : 0x105ce    : c_fsd fa5, 16(a5)          : FloatMemWrite :  D=0x3ff0000000000000 A=0x719b0
2965500: system.cpu: T0 : 0x105d0    : jal ra, 80                 : IntAlu :  D=0x00000000000105d4
2966000: system.cpu: T0 : 0x10620    : c_addi16sp sp, -48         : IntAlu :  D=0x7ffffffffffffdb0
2966500: system.cpu: T0 : 0x10622    : c_sdsp ra, 40(sp)          : MemWrite :  D=0x00000000000105d4 A=0x7ffffffffffffdd8
2967000: system.cpu: T0 : 0x10624    : c_sdsp s0, 32(sp)          : MemWrite :  D=0x7ffffffffffffdf0 A=0x7ffffffffffffdd0
2967500: system.cpu: T0 : 0x10626    : c_addi4spn s0, sp, 48      : IntAlu :  D=0x7ffffffffffffde0
2968000: system.cpu: T0 : 0x10628    : auipc a5, 96               : IntAlu :  D=0x0000000000070628
2968500: system.cpu: T0 : 0x1062c    : ld a5, 536(a5)             : MemRead :  D=0x00000000000719a0 A=0x70840
2969000: system.cpu: T0 : 0x10630    : c_fld fa5, 0(a5)           : FloatMemRead :  D=0x3ff0000000000000 A=0x719a0
2970000: system.cpu: T0 : 0x10632    : fmv_d_x fa4, zero          : FloatCvt :  D=0x0000000000000000
2971000: system.cpu: T0 : 0x10636    : feq_d a5, fa5, fa4         : FloatCmp :  D=0x0000000000000000
2971500: system.cpu: T0 : 0x1063a    : c_beqz a5, 8               : IntAlu : 
2972500: system.cpu: T0 : 0x10642    : auipc a5, 96               : IntAlu :  D=0x0000000000070642
2973500: system.cpu: T0 : 0x10646    : ld a5, 510(a5)             : MemRead :  D=0x00000000000719a0 A=0x70840
2974000: system.cpu: T0 : 0x1064a    : c_fld fa4, 8(a5)           : FloatMemRead :  D=0xc000000000000000 A=0x719a8
2974500: system.cpu: T0 : 0x1064c    : auipc a5, 96               : IntAlu :  D=0x000000000007064c
2975000: system.cpu: T0 : 0x10650    : ld a5, 500(a5)             : MemRead :  D=0x00000000000719a0 A=0x70840
2975500: system.cpu: T0 : 0x10654    : c_fld fa5, 8(a5)           : FloatMemRead :  D=0xc000000000000000 A=0x719a8
2976500: system.cpu: T0 : 0x10656    : fmul_d fa4, fa4, fa5       : FloatMult :  D=0x4010000000000000
2977500: system.cpu: T0 : 0x1065a    : auipc a5, 96               : IntAlu :  D=0x000000000007065a
2978500: system.cpu: T0 : 0x1065e    : ld a5, 486(a5)             : MemRead :  D=0x00000000000719a0 A=0x70840
2979000: system.cpu: T0 : 0x10662    : c_fld fa3, 0(a5)           : FloatMemRead :  D=0x3ff0000000000000 A=0x719a0
2979500: system.cpu: T0 : 0x10664    : auipc a5, 61               : IntAlu :  D=0x000000000004d664
2980000: system.cpu: T0 : 0x10668    : addi a5, a5, 268           : IntAlu :  D=0x000000000004d770
2980500: system.cpu: T0 : 0x1066c    : c_fld fa5, 0(a5)           : FloatMemRead :  D=0x4010000000000000 A=0x4d770
2981500: system.cpu: T0 : 0x1066e    : fmul_d fa3, fa3, fa5       : FloatMult :  D=0x4010000000000000
2982500: system.cpu: T0 : 0x10672    : auipc a5, 96               : IntAlu :  D=0x0000000000070672
2983500: system.cpu: T0 : 0x10676    : ld a5, 462(a5)             : MemRead :  D=0x00000000000719a0 A=0x70840
2984000: system.cpu: T0 : 0x1067a    : c_fld fa5, 16(a5)          : FloatMemRead :  D=0x3ff0000000000000 A=0x719b0
2984500: system.cpu: T0 : 0x1067c    : fmul_d fa5, fa3, fa5       : FloatMult :  D=0x4010000000000000
2985000: system.cpu: T0 : 0x10680    : fsub_d fa5, fa4, fa5       : FloatAdd :  D=0x0000000000000000
2985500: system.cpu: T0 : 0x10684    : fsd fa5, -40(s0)           : FloatMemWrite :  D=0x0000000000000000 A=0x7ffffffffffffdb8
2986000: system.cpu: T0 : 0x10688    : auipc a5, 96               : IntAlu :  D=0x0000000000070688
2986500: system.cpu: T0 : 0x1068c    : ld a5, 440(a5)             : MemRead :  D=0x00000000000719a0 A=0x70840
2987000: system.cpu: T0 : 0x10690    : c_fld fa5, 0(a5)           : FloatMemRead :  D=0x3ff0000000000000 A=0x719a0
2988000: system.cpu: T0 : 0x10692    : fadd_d fa5, fa5, fa5       : FloatAdd :  D=0x4000000000000000
2989000: system.cpu: T0 : 0x10696    : fsd fa5, -32(s0)           : FloatMemWrite :  D=0x4000000000000000 A=0x7ffffffffffffdc0
2990000: system.cpu: T0 : 0x1069a    : fld fa0, -40(s0)           : FloatMemRead :  D=0x0000000000000000 A=0x7ffffffffffffdb8
2991000: system.cpu: T0 : 0x1069e    : jal ra, -622               : IntAlu :  D=0x00000000000106a2
2991500: system.cpu: T0 : 0x10430    : c_addi16sp sp, -48         : IntAlu :  D=0x7ffffffffffffd80
2992000: system.cpu: T0 : 0x10432    : c_sdsp s0, 40(sp)          : MemWrite :  D=0x7ffffffffffffde0 A=0x7ffffffffffffda8
2992500: system.cpu: T0 : 0x10434    : c_addi4spn s0, sp, 48      : IntAlu :  D=0x7ffffffffffffdb0
2993500: system.cpu: T0 : 0x10436    : fsd fa0, -40(s0)           : FloatMemWrite :  D=0x0000000000000000 A=0x7ffffffffffffd88
2994500: system.cpu: T0 : 0x1043a    : fld fa5, -40(s0)           : FloatMemRead :  D=0x0000000000000000 A=0x7ffffffffffffd88
2995500: system.cpu: T0 : 0x1043e    : fmv_d_x fa4, zero          : FloatCvt :  D=0x0000000000000000
2996500: system.cpu: T0 : 0x10442    : fle_d a5, fa4, fa5         : FloatCmp :  D=0x0000000000000001
2997000: system.cpu: T0 : 0x10446    : c_beqz a5, 12              : IntAlu : 
2997500: system.cpu: T0 : 0x10448    : fld fa5, -40(s0)           : FloatMemRead :  D=0x0000000000000000 A=0x7ffffffffffffd88
2998000: system.cpu: T0 : 0x1044c    : fsd fa5, -24(s0)           : FloatMemWrite :  D=0x0000000000000000 A=0x7ffffffffffffd98
2998500: system.cpu: T0 : 0x10450    : c_j 14                     : IntAlu : 
2999500: system.cpu: T0 : 0x1045e    : fld fa5, -24(s0)           : FloatMemRead :  D=0x0000000000000000 A=0x7ffffffffffffd98
3000500: system.cpu: T0 : 0x10462    : fsgnj_d fa0, fa5, fa5      : FloatMisc :  D=0x0000000000000000
3001000: system.cpu: T0 : 0x10466    : c_ldsp s0, 40(sp)          : MemRead :  D=0x7ffffffffffffde0 A=0x7ffffffffffffda8
3001500: system.cpu: T0 : 0x10468    : c_addi16sp sp, 48          : IntAlu :  D=0x7ffffffffffffdb0
3002000: system.cpu: T0 : 0x1046a    : c_jr ra                    : IntAlu : 
3003000: system.cpu: T0 : 0x106a2    : fmv_x_d a5, fa0            : FloatCvt :  D=0x0000000000000000
3004000: system.cpu: T0 : 0x106a6    : fmv_d_x fa0, a5            : FloatCvt :  D=0x0000000000000000
3005000: system.cpu: T0 : 0x106aa    : jal ra, -574               : IntAlu :  D=0x00000000000106ae
3005500: system.cpu: T0 : 0x1046c    : c_addi16sp sp, -80         : IntAlu :  D=0x7ffffffffffffd60
3006000: system.cpu: T0 : 0x1046e    : c_sdsp ra, 72(sp)          : MemWrite :  D=0x00000000000106ae A=0x7ffffffffffffda8
3006500: system.cpu: T0 : 0x10470    : c_sdsp s0, 64(sp)          : MemWrite :  D=0x7ffffffffffffde0 A=0x7ffffffffffffda0
3007000: system.cpu: T0 : 0x10472    : c_addi4spn s0, sp, 80      : IntAlu :  D=0x7ffffffffffffdb0
3007500: system.cpu: T0 : 0x10474    : fsd fa0, -72(s0)           : FloatMemWrite :  D=0x0000000000000000 A=0x7ffffffffffffd68
3008000: system.cpu: T0 : 0x10478    : fld fa4, -72(s0)           : FloatMemRead :  D=0x0000000000000000 A=0x7ffffffffffffd68
3008500: system.cpu: T0 : 0x1047c    : auipc a5, 61               : IntAlu :  D=0x000000000004d47c
3009000: system.cpu: T0 : 0x10480    : addi a5, a5, 692           : IntAlu :  D=0x000000000004d730
3009500: system.cpu: T0 : 0x10484    : c_fld fa5, 0(a5)           : FloatMemRead :  D=0x4024000000000000 A=0x4d730
3010500: system.cpu: T0 : 0x10486    : fdiv_d fa5, fa4, fa5       : FloatDiv :  D=0x0000000000000000
3011500: system.cpu: T0 : 0x1048a    : fsd fa5, -48(s0)           : FloatMemWrite :  D=0x0000000000000000 A=0x7ffffffffffffd80
3012500: system.cpu: T0 : 0x1048e    : auipc a5, 61               : IntAlu :  D=0x000000000004d48e
3013500: system.cpu: T0 : 0x10492    : addi a5, a5, 682           : IntAlu :  D=0x000000000004d738
3014000: system.cpu: T0 : 0x10496    : c_fld fa5, 0(a5)           : FloatMemRead :  D=0x3ee4f8b588e368f1 A=0x4d738
3014500: system.cpu: T0 : 0x10498    : fsd fa5, -40(s0)           : FloatMemWrite :  D=0x3ee4f8b588e368f1 A=0x7ffffffffffffd88
3015000: system.cpu: T0 : 0x1049c    : sw zero, -52(s0)           : MemWrite :  D=0x0000000000000000 A=0x7ffffffffffffd7c
3015500: system.cpu: T0 : 0x104a0    : fld fa5, -72(s0)           : FloatMemRead :  D=0x0000000000000000 A=0x7ffffffffffffd68
3016000: system.cpu: T0 : 0x104a4    : fmv_d_x fa4, zero          : FloatCvt :  D=0x0000000000000000
3016500: system.cpu: T0 : 0x104a8    : feq_d a5, fa5, fa4         : FloatCmp :  D=0x0000000000000001
3017000: system.cpu: T0 : 0x104ac    : c_beqz a5, 8               : IntAlu : 
3018000: system.cpu: T0 : 0x104ae    : sd zero, -48(s0)           : MemWrite :  D=0x0000000000000000 A=0x7ffffffffffffd80
3018500: system.cpu: T0 : 0x104b2    : c_j 138                    : IntAlu : 
3019000: system.cpu: T0 : 0x1053c    : fld fa5, -48(s0)           : FloatMemRead :  D=0x0000000000000000 A=0x7ffffffffffffd80
3019500: system.cpu: T0 : 0x10540    : fsgnj_d fa0, fa5, fa5      : FloatMisc :  D=0x0000000000000000
3020000: system.cpu: T0 : 0x10544    : c_ldsp ra, 72(sp)          : MemRead :  D=0x00000000000106ae A=0x7ffffffffffffda8
3020500: system.cpu: T0 : 0x10546    : c_ldsp s0, 64(sp)          : MemRead :  D=0x7ffffffffffffde0 A=0x7ffffffffffffda0
3021000: system.cpu: T0 : 0x10548    : c_addi16sp sp, 80          : IntAlu :  D=0x7ffffffffffffdb0
3021500: system.cpu: T0 : 0x1054a    : c_jr ra                    : IntAlu : 
3022500: system.cpu: T0 : 0x106ae    : fsd fa0, -24(s0)           : FloatMemWrite :  D=0x0000000000000000 A=0x7ffffffffffffdc8
3023500: system.cpu: T0 : 0x106b2    : fld fa5, -40(s0)           : FloatMemRead :  D=0x0000000000000000 A=0x7ffffffffffffdb8
3024500: system.cpu: T0 : 0x106b6    : fmv_d_x fa4, zero          : FloatCvt :  D=0x0000000000000000
3025500: system.cpu: T0 : 0x106ba    : flt_d a5, fa4, fa5         : FloatCmp :  D=0x0000000000000000
3026000: system.cpu: T0 : 0x106be    : c_beqz a5, 118             : IntAlu : 
3026500: system.cpu: T0 : 0x10734    : fld fa5, -40(s0)           : FloatMemRead :  D=0x0000000000000000 A=0x7ffffffffffffdb8
3027000: system.cpu: T0 : 0x10738    : fmv_d_x fa4, zero          : FloatCvt :  D=0x0000000000000000
3027500: system.cpu: T0 : 0x1073c    : feq_d a5, fa5, fa4         : FloatCmp :  D=0x0000000000000001
3028000: system.cpu: T0 : 0x10740    : c_beqz a5, 94              : IntAlu : 
3029000: system.cpu: T0 : 0x10742    : auipc a5, 96               : IntAlu :  D=0x0000000000070742
3030000: system.cpu: T0 : 0x10746    : ld a5, 206(a5)             : MemRead :  D=0x0000000000071978 A=0x70810
3031000: system.cpu: T0 : 0x1074a    : sw zero, 0(a5)             : MemWrite :  D=0x0000000000000000 A=0x71978
3032000: system.cpu: T0 : 0x1074e    : auipc a5, 96               : IntAlu :  D=0x000000000007074e
3033000: system.cpu: T0 : 0x10752    : ld a5, 242(a5)             : MemRead :  D=0x00000000000719a0 A=0x70840
3033500: system.cpu: T0 : 0x10756    : c_fld fa5, 8(a5)           : FloatMemRead :  D=0xc000000000000000 A=0x719a8
3034000: system.cpu: T0 : 0x10758    : fsgnjn_d fa4, fa5, fa5     : FloatMisc :  D=0x4000000000000000
3034500: system.cpu: T0 : 0x1075c    : fld fa5, -32(s0)           : FloatMemRead :  D=0x4000000000000000 A=0x7ffffffffffffdc0
3035000: system.cpu: T0 : 0x10760    : fdiv_d fa5, fa4, fa5       : FloatDiv :  D=0x3ff0000000000000
3035500: system.cpu: T0 : 0x10764    : auipc a5, 96               : IntAlu :  D=0x0000000000070764
3036000: system.cpu: T0 : 0x10768    : ld a5, 204(a5)             : MemRead :  D=0x0000000000071990 A=0x70830
3036500: system.cpu: T0 : 0x1076c    : c_fsd fa5, 0(a5)           : FloatMemWrite :  D=0x3ff0000000000000 A=0x71990
3037500: system.cpu: T0 : 0x1076e    : auipc a5, 96               : IntAlu :  D=0x000000000007076e
3038500: system.cpu: T0 : 0x10772    : ld a5, 194(a5)             : MemRead :  D=0x0000000000071990 A=0x70830
3039500: system.cpu: T0 : 0x10776    : sd zero, 8(a5)             : MemWrite :  D=0x0000000000000000 A=0x71998
3040500: system.cpu: T0 : 0x1077a    : auipc a5, 96               : IntAlu :  D=0x000000000007077a
3041500: system.cpu: T0 : 0x1077e    : ld a5, 182(a5)             : MemRead :  D=0x0000000000071990 A=0x70830
3042000: system.cpu: T0 : 0x10782    : c_fld fa5, 0(a5)           : FloatMemRead :  D=0x3ff0000000000000 A=0x71990
3042500: system.cpu: T0 : 0x10784    : auipc a5, 96               : IntAlu :  D=0x0000000000070784
3043000: system.cpu: T0 : 0x10788    : ld a5, 148(a5)             : MemRead :  D=0x0000000000071980 A=0x70818
3043500: system.cpu: T0 : 0x1078c    : c_fsd fa5, 0(a5)           : FloatMemWrite :  D=0x3ff0000000000000 A=0x71980
3044500: system.cpu: T0 : 0x1078e    : auipc a5, 96               : IntAlu :  D=0x000000000007078e
3045500: system.cpu: T0 : 0x10792    : ld a5, 138(a5)             : MemRead :  D=0x0000000000071980 A=0x70818
3046500: system.cpu: T0 : 0x10796    : sd zero, 8(a5)             : MemWrite :  D=0x0000000000000000 A=0x71988
3047000: system.cpu: T0 : 0x1079a    : c_li a5, 0                 : IntAlu :  D=0x0000000000000000
3047500: system.cpu: T0 : 0x1079c    : c_j 116                    : IntAlu : 
3048000: system.cpu: T0 : 0x10810    : c_mv a0, a5                : IntAlu :  D=0x0000000000000000
3048500: system.cpu: T0 : 0x10812    : c_ldsp ra, 40(sp)          : MemRead :  D=0x00000000000105d4 A=0x7ffffffffffffdd8
3049000: system.cpu: T0 : 0x10814    : c_ldsp s0, 32(sp)          : MemRead :  D=0x7ffffffffffffdf0 A=0x7ffffffffffffdd0
3049500: system.cpu: T0 : 0x10816    : c_addi16sp sp, 48          : IntAlu :  D=0x7ffffffffffffde0
3050000: system.cpu: T0 : 0x10818    : c_jr ra                    : IntAlu : 
3050500: system.cpu: T0 : 0x105d4    : auipc a5, 96               : IntAlu :  D=0x00000000000705d4
3051000: system.cpu: T0 : 0x105d8    : ld a5, 620(a5)             : MemRead :  D=0x00000000000719a0 A=0x70840
3051500: system.cpu: T0 : 0x105dc    : auipc a4, 61               : IntAlu :  D=0x000000000004d5dc
3052000: system.cpu: T0 : 0x105e0    : addi a4, a4, 356           : IntAlu :  D=0x000000000004d740
3052500: system.cpu: T0 : 0x105e4    : c_fld fa5, 0(a4)           : FloatMemRead :  D=0x3ff0000000000000 A=0x4d740
3053000: system.cpu: T0 : 0x105e6    : c_fsd fa5, 0(a5)           : FloatMemWrite :  D=0x3ff0000000000000 A=0x719a0
3053500: system.cpu: T0 : 0x105e8    : auipc a5, 96               : IntAlu :  D=0x00000000000705e8
3054000: system.cpu: T0 : 0x105ec    : ld a5, 600(a5)             : MemRead :  D=0x00000000000719a0 A=0x70840
3054500: system.cpu: T0 : 0x105f0    : auipc a4, 61               : IntAlu :  D=0x000000000004d5f0
3055000: system.cpu: T0 : 0x105f4    : addi a4, a4, 368           : IntAlu :  D=0x000000000004d760
3055500: system.cpu: T0 : 0x105f8    : c_fld fa5, 0(a4)           : FloatMemRead :  D=0xc010000000000000 A=0x4d760
3056000: system.cpu: T0 : 0x105fa    : c_fsd fa5, 8(a5)           : FloatMemWrite :  D=0xc010000000000000 A=0x719a8
3056500: system.cpu: T0 : 0x105fc    : auipc a5, 96               : IntAlu :  D=0x00000000000705fc
3057000: system.cpu: T0 : 0x10600    : ld a5, 580(a5)             : MemRead :  D=0x00000000000719a0 A=0x70840
3057500: system.cpu: T0 : 0x10604    : auipc a4, 61               : IntAlu :  D=0x000000000004d604
3058000: system.cpu: T0 : 0x10608    : addi a4, a4, 356           : IntAlu :  D=0x000000000004d768
3058500: system.cpu: T0 : 0x1060c    : c_fld fa5, 0(a4)           : FloatMemRead :  D=0x4020000000000000 A=0x4d768
3059000: system.cpu: T0 : 0x1060e    : c_fsd fa5, 16(a5)          : FloatMemWrite :  D=0x4020000000000000 A=0x719b0
3059500: system.cpu: T0 : 0x10610    : jal ra, 16                 : IntAlu :  D=0x0000000000010614
3060000: system.cpu: T0 : 0x10620    : c_addi16sp sp, -48         : IntAlu :  D=0x7ffffffffffffdb0
3060500: system.cpu: T0 : 0x10622    : c_sdsp ra, 40(sp)          : MemWrite :  D=0x0000000000010614 A=0x7ffffffffffffdd8
3061000: system.cpu: T0 : 0x10624    : c_sdsp s0, 32(sp)          : MemWrite :  D=0x7ffffffffffffdf0 A=0x7ffffffffffffdd0
3061500: system.cpu: T0 : 0x10626    : c_addi4spn s0, sp, 48      : IntAlu :  D=0x7ffffffffffffde0
3062000: system.cpu: T0 : 0x10628    : auipc a5, 96               : IntAlu :  D=0x0000000000070628
3062500: system.cpu: T0 : 0x1062c    : ld a5, 536(a5)             : MemRead :  D=0x00000000000719a0 A=0x70840
3063000: system.cpu: T0 : 0x10630    : c_fld fa5, 0(a5)           : FloatMemRead :  D=0x3ff0000000000000 A=0x719a0
3064000: system.cpu: T0 : 0x10632    : fmv_d_x fa4, zero          : FloatCvt :  D=0x0000000000000000
3065000: system.cpu: T0 : 0x10636    : feq_d a5, fa5, fa4         : FloatCmp :  D=0x0000000000000000
3065500: system.cpu: T0 : 0x1063a    : c_beqz a5, 8               : IntAlu : 
3066500: system.cpu: T0 : 0x10642    : auipc a5, 96               : IntAlu :  D=0x0000000000070642
3067500: system.cpu: T0 : 0x10646    : ld a5, 510(a5)             : MemRead :  D=0x00000000000719a0 A=0x70840
3068000: system.cpu: T0 : 0x1064a    : c_fld fa4, 8(a5)           : FloatMemRead :  D=0xc010000000000000 A=0x719a8
3068500: system.cpu: T0 : 0x1064c    : auipc a5, 96               : IntAlu :  D=0x000000000007064c
3069000: system.cpu: T0 : 0x10650    : ld a5, 500(a5)             : MemRead :  D=0x00000000000719a0 A=0x70840
3069500: system.cpu: T0 : 0x10654    : c_fld fa5, 8(a5)           : FloatMemRead :  D=0xc010000000000000 A=0x719a8
3070500: system.cpu: T0 : 0x10656    : fmul_d fa4, fa4, fa5       : FloatMult :  D=0x4030000000000000
3071500: system.cpu: T0 : 0x1065a    : auipc a5, 96               : IntAlu :  D=0x000000000007065a
3072500: system.cpu: T0 : 0x1065e    : ld a5, 486(a5)             : MemRead :  D=0x00000000000719a0 A=0x70840
3073000: system.cpu: T0 : 0x10662    : c_fld fa3, 0(a5)           : FloatMemRead :  D=0x3ff0000000000000 A=0x719a0
3073500: system.cpu: T0 : 0x10664    : auipc a5, 61               : IntAlu :  D=0x000000000004d664
3074000: system.cpu: T0 : 0x10668    : addi a5, a5, 268           : IntAlu :  D=0x000000000004d770
3074500: system.cpu: T0 : 0x1066c    : c_fld fa5, 0(a5)           : FloatMemRead :  D=0x4010000000000000 A=0x4d770
3075500: system.cpu: T0 : 0x1066e    : fmul_d fa3, fa3, fa5       : FloatMult :  D=0x4010000000000000
3076500: system.cpu: T0 : 0x10672    : auipc a5, 96               : IntAlu :  D=0x0000000000070672
3077500: system.cpu: T0 : 0x10676    : ld a5, 462(a5)             : MemRead :  D=0x00000000000719a0 A=0x70840
3078000: system.cpu: T0 : 0x1067a    : c_fld fa5, 16(a5)          : FloatMemRead :  D=0x4020000000000000 A=0x719b0
3078500: system.cpu: T0 : 0x1067c    : fmul_d fa5, fa3, fa5       : FloatMult :  D=0x4040000000000000
3079000: system.cpu: T0 : 0x10680    : fsub_d fa5, fa4, fa5       : FloatAdd :  D=0xc030000000000000
3079500: system.cpu: T0 : 0x10684    : fsd fa5, -40(s0)           : FloatMemWrite :  D=0xc030000000000000 A=0x7ffffffffffffdb8
3080000: system.cpu: T0 : 0x10688    : auipc a5, 96               : IntAlu :  D=0x0000000000070688
3080500: system.cpu: T0 : 0x1068c    : ld a5, 440(a5)             : MemRead :  D=0x00000000000719a0 A=0x70840
3081000: system.cpu: T0 : 0x10690    : c_fld fa5, 0(a5)           : FloatMemRead :  D=0x3ff0000000000000 A=0x719a0
3082000: system.cpu: T0 : 0x10692    : fadd_d fa5, fa5, fa5       : FloatAdd :  D=0x4000000000000000
3083000: system.cpu: T0 : 0x10696    : fsd fa5, -32(s0)           : FloatMemWrite :  D=0x4000000000000000 A=0x7ffffffffffffdc0
3084000: system.cpu: T0 : 0x1069a    : fld fa0, -40(s0)           : FloatMemRead :  D=0xc030000000000000 A=0x7ffffffffffffdb8
3085000: system.cpu: T0 : 0x1069e    : jal ra, -622               : IntAlu :  D=0x00000000000106a2
3085500: system.cpu: T0 : 0x10430    : c_addi16sp sp, -48         : IntAlu :  D=0x7ffffffffffffd80
3086000: system.cpu: T0 : 0x10432    : c_sdsp s0, 40(sp)          : MemWrite :  D=0x7ffffffffffffde0 A=0x7ffffffffffffda8
3086500: system.cpu: T0 : 0x10434    : c_addi4spn s0, sp, 48      : IntAlu :  D=0x7ffffffffffffdb0
3087500: system.cpu: T0 : 0x10436    : fsd fa0, -40(s0)           : FloatMemWrite :  D=0xc030000000000000 A=0x7ffffffffffffd88
3088500: system.cpu: T0 : 0x1043a    : fld fa5, -40(s0)           : FloatMemRead :  D=0xc030000000000000 A=0x7ffffffffffffd88
3089500: system.cpu: T0 : 0x1043e    : fmv_d_x fa4, zero          : FloatCvt :  D=0x0000000000000000
3090500: system.cpu: T0 : 0x10442    : fle_d a5, fa4, fa5         : FloatCmp :  D=0x0000000000000000
3091000: system.cpu: T0 : 0x10446    : c_beqz a5, 12              : IntAlu : 
3092000: system.cpu: T0 : 0x10452    : fld fa5, -40(s0)           : FloatMemRead :  D=0xc030000000000000 A=0x7ffffffffffffd88
3093000: system.cpu: T0 : 0x10456    : fsgnjn_d fa5, fa5, fa5     : FloatMisc :  D=0x4030000000000000
3094000: system.cpu: T0 : 0x1045a    : fsd fa5, -24(s0)           : FloatMemWrite :  D=0x4030000000000000 A=0x7ffffffffffffd98
3095000: system.cpu: T0 : 0x1045e    : fld fa5, -24(s0)           : FloatMemRead :  D=0x4030000000000000 A=0x7ffffffffffffd98
3096000: system.cpu: T0 : 0x10462    : fsgnj_d fa0, fa5, fa5      : FloatMisc :  D=0x4030000000000000
3096500: system.cpu: T0 : 0x10466    : c_ldsp s0, 40(sp)          : MemRead :  D=0x7ffffffffffffde0 A=0x7ffffffffffffda8
3097000: system.cpu: T0 : 0x10468    : c_addi16sp sp, 48          : IntAlu :  D=0x7ffffffffffffdb0
3097500: system.cpu: T0 : 0x1046a    : c_jr ra                    : IntAlu : 
3098500: system.cpu: T0 : 0x106a2    : fmv_x_d a5, fa0            : FloatCvt :  D=0x4030000000000000
3099500: system.cpu: T0 : 0x106a6    : fmv_d_x fa0, a5            : FloatCvt :  D=0x4030000000000000
3100500: system.cpu: T0 : 0x106aa    : jal ra, -574               : IntAlu :  D=0x00000000000106ae
3101000: system.cpu: T0 : 0x1046c    : c_addi16sp sp, -80         : IntAlu :  D=0x7ffffffffffffd60
3101500: system.cpu: T0 : 0x1046e    : c_sdsp ra, 72(sp)          : MemWrite :  D=0x00000000000106ae A=0x7ffffffffffffda8
3102000: system.cpu: T0 : 0x10470    : c_sdsp s0, 64(sp)          : MemWrite :  D=0x7ffffffffffffde0 A=0x7ffffffffffffda0
3102500: system.cpu: T0 : 0x10472    : c_addi4spn s0, sp, 80      : IntAlu :  D=0x7ffffffffffffdb0
3103000: system.cpu: T0 : 0x10474    : fsd fa0, -72(s0)           : FloatMemWrite :  D=0x4030000000000000 A=0x7ffffffffffffd68
3103500: system.cpu: T0 : 0x10478    : fld fa4, -72(s0)           : FloatMemRead :  D=0x4030000000000000 A=0x7ffffffffffffd68
3104000: system.cpu: T0 : 0x1047c    : auipc a5, 61               : IntAlu :  D=0x000000000004d47c
3104500: system.cpu: T0 : 0x10480    : addi a5, a5, 692           : IntAlu :  D=0x000000000004d730
3105000: system.cpu: T0 : 0x10484    : c_fld fa5, 0(a5)           : FloatMemRead :  D=0x4024000000000000 A=0x4d730
3106000: system.cpu: T0 : 0x10486    : fdiv_d fa5, fa4, fa5       : FloatDiv :  D=0x3ff999999999999a
3107000: system.cpu: T0 : 0x1048a    : fsd fa5, -48(s0)           : FloatMemWrite :  D=0x3ff999999999999a A=0x7ffffffffffffd80
3108000: system.cpu: T0 : 0x1048e    : auipc a5, 61               : IntAlu :  D=0x000000000004d48e
3109000: system.cpu: T0 : 0x10492    : addi a5, a5, 682           : IntAlu :  D=0x000000000004d738
3109500: system.cpu: T0 : 0x10496    : c_fld fa5, 0(a5)           : FloatMemRead :  D=0x3ee4f8b588e368f1 A=0x4d738
3110000: system.cpu: T0 : 0x10498    : fsd fa5, -40(s0)           : FloatMemWrite :  D=0x3ee4f8b588e368f1 A=0x7ffffffffffffd88
3110500: system.cpu: T0 : 0x1049c    : sw zero, -52(s0)           : MemWrite :  D=0x0000000000000000 A=0x7ffffffffffffd7c
3111000: system.cpu: T0 : 0x104a0    : fld fa5, -72(s0)           : FloatMemRead :  D=0x4030000000000000 A=0x7ffffffffffffd68
3111500: system.cpu: T0 : 0x104a4    : fmv_d_x fa4, zero          : FloatCvt :  D=0x0000000000000000
3112000: system.cpu: T0 : 0x104a8    : feq_d a5, fa5, fa4         : FloatCmp :  D=0x0000000000000000
3112500: system.cpu: T0 : 0x104ac    : c_beqz a5, 8               : IntAlu : 
3113000: system.cpu: T0 : 0x104b4    : c_li a5, 1                 : IntAlu :  D=0x0000000000000001
3114000: system.cpu: T0 : 0x104b6    : sw a5, -56(s0)             : MemWrite :  D=0x0000000000000001 A=0x7ffffffffffffd78
3114500: system.cpu: T0 : 0x104ba    : c_j 116                    : IntAlu : 
3115500: system.cpu: T0 : 0x1052e    : lw a5, -56(s0)             : MemRead :  D=0x0000000000000001 A=0x7ffffffffffffd78
3116500: system.cpu: T0 : 0x10532    : addiw a4, a5, 0            : IntAlu :  D=0x0000000000000001
3117000: system.cpu: T0 : 0x10536    : c_li a5, 19                : IntAlu :  D=0x0000000000000013
3117500: system.cpu: T0 : 0x10538    : bge a5, a4, -124           : IntAlu : 
3118000: system.cpu: T0 : 0x104bc    : lw a5, -52(s0)             : MemRead :  D=0x0000000000000000 A=0x7ffffffffffffd7c
3118500: system.cpu: T0 : 0x104c0    : c_addiw a5, 0              : IntAlu :  D=0x0000000000000000
3119000: system.cpu: T0 : 0x104c2    : c_bnez a5, 98              : IntAlu : 
3119500: system.cpu: T0 : 0x104c4    : fld fa5, -48(s0)           : FloatMemRead :  D=0x3ff999999999999a A=0x7ffffffffffffd80
3120000: system.cpu: T0 : 0x104c8    : fmul_d fa5, fa5, fa5       : FloatMult :  D=0x40047ae147ae147c
3120500: system.cpu: T0 : 0x104cc    : fld fa4, -72(s0)           : FloatMemRead :  D=0x4030000000000000 A=0x7ffffffffffffd68
3121000: system.cpu: T0 : 0x104d0    : fsub_d fa4, fa4, fa5       : FloatAdd :  D=0x402ae147ae147ae1
3121500: system.cpu: T0 : 0x104d4    : fld fa5, -48(s0)           : FloatMemRead :  D=0x3ff999999999999a A=0x7ffffffffffffd80
3122000: system.cpu: T0 : 0x104d8    : fadd_d fa5, fa5, fa5       : FloatAdd :  D=0x400999999999999a
3122500: system.cpu: T0 : 0x104dc    : fdiv_d fa5, fa4, fa5       : FloatDiv :  D=0x4010cccccccccccc
3123000: system.cpu: T0 : 0x104e0    : fsd fa5, -32(s0)           : FloatMemWrite :  D=0x4010cccccccccccc A=0x7ffffffffffffd90
3123500: system.cpu: T0 : 0x104e4    : fld fa4, -48(s0)           : FloatMemRead :  D=0x3ff999999999999a A=0x7ffffffffffffd80
3124000: system.cpu: T0 : 0x104e8    : fld fa5, -32(s0)           : FloatMemRead :  D=0x4010cccccccccccc A=0x7ffffffffffffd90
3124500: system.cpu: T0 : 0x104ec    : fadd_d fa5, fa4, fa5       : FloatAdd :  D=0x4017333333333332
3125000: system.cpu: T0 : 0x104f0    : fsd fa5, -48(s0)           : FloatMemWrite :  D=0x4017333333333332 A=0x7ffffffffffffd80
3125500: system.cpu: T0 : 0x104f4    : fld fa5, -48(s0)           : FloatMemRead :  D=0x4017333333333332 A=0x7ffffffffffffd80
3126000: system.cpu: T0 : 0x104f8    : fmul_d fa5, fa5, fa5       : FloatMult :  D=0x4040d1eb851eb850
3126500: system.cpu: T0 : 0x104fc    : fld fa4, -72(s0)           : FloatMemRead :  D=0x4030000000000000 A=0x7ffffffffffffd68
3127000: system.cpu: T0 : 0x10500    : fsub_d fa5, fa4, fa5       : FloatAdd :  D=0xc031a3d70a3d70a0
3127500: system.cpu: T0 : 0x10504    : fsd fa5, -24(s0)           : FloatMemWrite :  D=0xc031a3d70a3d70a0 A=0x7ffffffffffffd98
3128000: system.cpu: T0 : 0x10508    : fld fa0, -24(s0)           : FloatMemRead :  D=0xc031a3d70a3d70a0 A=0x7ffffffffffffd98
3128500: system.cpu: T0 : 0x1050c    : jal ra, -220               : IntAlu :  D=0x0000000000010510
3129000: system.cpu: T0 : 0x10430    : c_addi16sp sp, -48         : IntAlu :  D=0x7ffffffffffffd30
3129500: system.cpu: T0 : 0x10432    : c_sdsp s0, 40(sp)          : MemWrite :  D=0x7ffffffffffffdb0 A=0x7ffffffffffffd58
3130000: system.cpu: T0 : 0x10434    : c_addi4spn s0, sp, 48      : IntAlu :  D=0x7ffffffffffffd60
3131000: system.cpu: T0 : 0x10436    : fsd fa0, -40(s0)           : FloatMemWrite :  D=0xc031a3d70a3d70a0 A=0x7ffffffffffffd38
3132000: system.cpu: T0 : 0x1043a    : fld fa5, -40(s0)           : FloatMemRead :  D=0xc031a3d70a3d70a0 A=0x7ffffffffffffd38
3133000: system.cpu: T0 : 0x1043e    : fmv_d_x fa4, zero          : FloatCvt :  D=0x0000000000000000
3134000: system.cpu: T0 : 0x10442    : fle_d a5, fa4, fa5         : FloatCmp :  D=0x0000000000000000
3134500: system.cpu: T0 : 0x10446    : c_beqz a5, 12              : IntAlu : 
3135500: system.cpu: T0 : 0x10452    : fld fa5, -40(s0)           : FloatMemRead :  D=0xc031a3d70a3d70a0 A=0x7ffffffffffffd38
3136500: system.cpu: T0 : 0x10456    : fsgnjn_d fa5, fa5, fa5     : FloatMisc :  D=0x4031a3d70a3d70a0
3137500: system.cpu: T0 : 0x1045a    : fsd fa5, -24(s0)           : FloatMemWrite :  D=0x4031a3d70a3d70a0 A=0x7ffffffffffffd48
3138500: system.cpu: T0 : 0x1045e    : fld fa5, -24(s0)           : FloatMemRead :  D=0x4031a3d70a3d70a0 A=0x7ffffffffffffd48
3139500: system.cpu: T0 : 0x10462    : fsgnj_d fa0, fa5, fa5      : FloatMisc :  D=0x4031a3d70a3d70a0
3140000: system.cpu: T0 : 0x10466    : c_ldsp s0, 40(sp)          : MemRead :  D=0x7ffffffffffffdb0 A=0x7ffffffffffffd58
3140500: system.cpu: T0 : 0x10468    : c_addi16sp sp, 48          : IntAlu :  D=0x7ffffffffffffd60
3141000: system.cpu: T0 : 0x1046a    : c_jr ra                    : IntAlu : 
3141500: system.cpu: T0 : 0x10510    : fsgnj_d fa4, fa0, fa0      : FloatMisc :  D=0x4031a3d70a3d70a0
3142000: system.cpu: T0 : 0x10514    : fld fa5, -40(s0)           : FloatMemRead :  D=0x3ee4f8b588e368f1 A=0x7ffffffffffffd88
3142500: system.cpu: T0 : 0x10518    : fle_d a5, fa4, fa5         : FloatCmp :  D=0x0000000000000000
3143000: system.cpu: T0 : 0x1051c    : c_beqz a5, 8               : IntAlu : 
3143500: system.cpu: T0 : 0x10524    : lw a5, -56(s0)             : MemRead :  D=0x0000000000000001 A=0x7ffffffffffffd78
3144000: system.cpu: T0 : 0x10528    : c_addiw a5, 1              : IntAlu :  D=0x0000000000000002
3145000: system.cpu: T0 : 0x1052a    : sw a5, -56(s0)             : MemWrite :  D=0x0000000000000002 A=0x7ffffffffffffd78
3146000: system.cpu: T0 : 0x1052e    : lw a5, -56(s0)             : MemRead :  D=0x0000000000000002 A=0x7ffffffffffffd78
3147000: system.cpu: T0 : 0x10532    : addiw a4, a5, 0            : IntAlu :  D=0x0000000000000002
3147500: system.cpu: T0 : 0x10536    : c_li a5, 19                : IntAlu :  D=0x0000000000000013
3148000: system.cpu: T0 : 0x10538    : bge a5, a4, -124           : IntAlu : 
3148500: system.cpu: T0 : 0x104bc    : lw a5, -52(s0)             : MemRead :  D=0x0000000000000000 A=0x7ffffffffffffd7c
3149000: system.cpu: T0 : 0x104c0    : c_addiw a5, 0              : IntAlu :  D=0x0000000000000000
3149500: system.cpu: T0 : 0x104c2    : c_bnez a5, 98              : IntAlu : 
3150000: system.cpu: T0 : 0x104c4    : fld fa5, -48(s0)           : FloatMemRead :  D=0x4017333333333332 A=0x7ffffffffffffd80
3150500: system.cpu: T0 : 0x104c8    : fmul_d fa5, fa5, fa5       : FloatMult :  D=0x4040d1eb851eb850
3151000: system.cpu: T0 : 0x104cc    : fld fa4, -72(s0)           : FloatMemRead :  D=0x4030000000000000 A=0x7ffffffffffffd68
3151500: system.cpu: T0 : 0x104d0    : fsub_d fa4, fa4, fa5       : FloatAdd :  D=0xc031a3d70a3d70a0
3152000: system.cpu: T0 : 0x104d4    : fld fa5, -48(s0)           : FloatMemRead :  D=0x4017333333333332 A=0x7ffffffffffffd80
3152500: system.cpu: T0 : 0x104d8    : fadd_d fa5, fa5, fa5       : FloatAdd :  D=0x4027333333333332
3153000: system.cpu: T0 : 0x104dc    : fdiv_d fa5, fa4, fa5       : FloatDiv :  D=0xbff854bead054be7
3153500: system.cpu: T0 : 0x104e0    : fsd fa5, -32(s0)           : FloatMemWrite :  D=0xbff854bead054be7 A=0x7ffffffffffffd90
3154000: system.cpu: T0 : 0x104e4    : fld fa4, -48(s0)           : FloatMemRead :  D=0x4017333333333332 A=0x7ffffffffffffd80
3154500: system.cpu: T0 : 0x104e8    : fld fa5, -32(s0)           : FloatMemRead :  D=0xbff854bead054be7 A=0x7ffffffffffffd90
3155000: system.cpu: T0 : 0x104ec    : fadd_d fa5, fa4, fa5       : FloatAdd :  D=0x40111e0387f1e038
3155500: system.cpu: T0 : 0x104f0    : fsd fa5, -48(s0)           : FloatMemWrite :  D=0x40111e0387f1e038 A=0x7ffffffffffffd80
3156000: system.cpu: T0 : 0x104f4    : fld fa5, -48(s0)           : FloatMemRead :  D=0x40111e0387f1e038 A=0x7ffffffffffffd80
3156500: system.cpu: T0 : 0x104f8    : fmul_d fa5, fa5, fa5       : FloatMult :  D=0x40324fffce208efe
3157000: system.cpu: T0 : 0x104fc    : fld fa4, -72(s0)           : FloatMemRead :  D=0x4030000000000000 A=0x7ffffffffffffd68
3157500: system.cpu: T0 : 0x10500    : fsub_d fa5, fa4, fa5       : FloatAdd :  D=0xc0027ffe710477f0
3158000: system.cpu: T0 : 0x10504    : fsd fa5, -24(s0)           : FloatMemWrite :  D=0xc0027ffe710477f0 A=0x7ffffffffffffd98
3158500: system.cpu: T0 : 0x10508    : fld fa0, -24(s0)           : FloatMemRead :  D=0xc0027ffe710477f0 A=0x7ffffffffffffd98
3159000: system.cpu: T0 : 0x1050c    : jal ra, -220               : IntAlu :  D=0x0000000000010510
3159500: system.cpu: T0 : 0x10430    : c_addi16sp sp, -48         : IntAlu :  D=0x7ffffffffffffd30
3160000: system.cpu: T0 : 0x10432    : c_sdsp s0, 40(sp)          : MemWrite :  D=0x7ffffffffffffdb0 A=0x7ffffffffffffd58
3160500: system.cpu: T0 : 0x10434    : c_addi4spn s0, sp, 48      : IntAlu :  D=0x7ffffffffffffd60
3161500: system.cpu: T0 : 0x10436    : fsd fa0, -40(s0)           : FloatMemWrite :  D=0xc0027ffe710477f0 A=0x7ffffffffffffd38
3162500: system.cpu: T0 : 0x1043a    : fld fa5, -40(s0)           : FloatMemRead :  D=0xc0027ffe710477f0 A=0x7ffffffffffffd38
3163500: system.cpu: T0 : 0x1043e    : fmv_d_x fa4, zero          : FloatCvt :  D=0x0000000000000000
3164500: system.cpu: T0 : 0x10442    : fle_d a5, fa4, fa5         : FloatCmp :  D=0x0000000000000000
3165000: system.cpu: T0 : 0x10446    : c_beqz a5, 12              : IntAlu : 
3166000: system.cpu: T0 : 0x10452    : fld fa5, -40(s0)           : FloatMemRead :  D=0xc0027ffe710477f0 A=0x7ffffffffffffd38
3167000: system.cpu: T0 : 0x10456    : fsgnjn_d fa5, fa5, fa5     : FloatMisc :  D=0x40027ffe710477f0
3168000: system.cpu: T0 : 0x1045a    : fsd fa5, -24(s0)           : FloatMemWrite :  D=0x40027ffe710477f0 A=0x7ffffffffffffd48
3169000: system.cpu: T0 : 0x1045e    : fld fa5, -24(s0)           : FloatMemRead :  D=0x40027ffe710477f0 A=0x7ffffffffffffd48
3170000: system.cpu: T0 : 0x10462    : fsgnj_d fa0, fa5, fa5      : FloatMisc :  D=0x40027ffe710477f0
3170500: system.cpu: T0 : 0x10466    : c_ldsp s0, 40(sp)          : MemRead :  D=0x7ffffffffffffdb0 A=0x7ffffffffffffd58
3171000: system.cpu: T0 : 0x10468    : c_addi16sp sp, 48          : IntAlu :  D=0x7ffffffffffffd60
3171500: system.cpu: T0 : 0x1046a    : c_jr ra                    : IntAlu : 
3172000: system.cpu: T0 : 0x10510    : fsgnj_d fa4, fa0, fa0      : FloatMisc :  D=0x40027ffe710477f0
3172500: system.cpu: T0 : 0x10514    : fld fa5, -40(s0)           : FloatMemRead :  D=0x3ee4f8b588e368f1 A=0x7ffffffffffffd88
3173000: system.cpu: T0 : 0x10518    : fle_d a5, fa4, fa5         : FloatCmp :  D=0x0000000000000000
3173500: system.cpu: T0 : 0x1051c    : c_beqz a5, 8               : IntAlu : 
3174000: system.cpu: T0 : 0x10524    : lw a5, -56(s0)             : MemRead :  D=0x0000000000000002 A=0x7ffffffffffffd78
3174500: system.cpu: T0 : 0x10528    : c_addiw a5, 1              : IntAlu :  D=0x0000000000000003
3175500: system.cpu: T0 : 0x1052a    : sw a5, -56(s0)             : MemWrite :  D=0x0000000000000003 A=0x7ffffffffffffd78
3176500: system.cpu: T0 : 0x1052e    : lw a5, -56(s0)             : MemRead :  D=0x0000000000000003 A=0x7ffffffffffffd78
3177500: system.cpu: T0 : 0x10532    : addiw a4, a5, 0            : IntAlu :  D=0x0000000000000003
3178000: system.cpu: T0 : 0x10536    : c_li a5, 19                : IntAlu :  D=0x0000000000000013
3178500: system.cpu: T0 : 0x10538    : bge a5, a4, -124           : IntAlu : 
3179000: system.cpu: T0 : 0x104bc    : lw a5, -52(s0)             : MemRead :  D=0x0000000000000000 A=0x7ffffffffffffd7c
3179500: system.cpu: T0 : 0x104c0    : c_addiw a5, 0              : IntAlu :  D=0x0000000000000000
3180000: system.cpu: T0 : 0x104c2    : c_bnez a5, 98              : IntAlu : 
3180500: system.cpu: T0 : 0x104c4    : fld fa5, -48(s0)           : FloatMemRead :  D=0x40111e0387f1e038 A=0x7ffffffffffffd80
3181000: system.cpu: T0 : 0x104c8    : fmul_d fa5, fa5, fa5       : FloatMult :  D=0x40324fffce208efe
3181500: system.cpu: T0 : 0x104cc    : fld fa4, -72(s0)           : FloatMemRead :  D=0x4030000000000000 A=0x7ffffffffffffd68
3182000: system.cpu: T0 : 0x104d0    : fsub_d fa4, fa4, fa5       : FloatAdd :  D=0xc0027ffe710477f0
3182500: system.cpu: T0 : 0x104d4    : fld fa5, -48(s0)           : FloatMemRead :  D=0x40111e0387f1e038 A=0x7ffffffffffffd80
3183000: system.cpu: T0 : 0x104d8    : fadd_d fa5, fa5, fa5       : FloatAdd :  D=0x40211e0387f1e038
3183500: system.cpu: T0 : 0x104dc    : fdiv_d fa5, fa4, fa5       : FloatDiv :  D=0xbfd14ae03821e1c6
3184000: system.cpu: T0 : 0x104e0    : fsd fa5, -32(s0)           : FloatMemWrite :  D=0xbfd14ae03821e1c6 A=0x7ffffffffffffd90
3184500: system.cpu: T0 : 0x104e4    : fld fa4, -48(s0)           : FloatMemRead :  D=0x40111e0387f1e038 A=0x7ffffffffffffd80
3185000: system.cpu: T0 : 0x104e8    : fld fa5, -32(s0)           : FloatMemRead :  D=0xbfd14ae03821e1c6 A=0x7ffffffffffffd90
3185500: system.cpu: T0 : 0x104ec    : fadd_d fa5, fa4, fa5       : FloatAdd :  D=0x40100955846fc21c
3186000: system.cpu: T0 : 0x104f0    : fsd fa5, -48(s0)           : FloatMemWrite :  D=0x40100955846fc21c A=0x7ffffffffffffd80
3186500: system.cpu: T0 : 0x104f4    : fld fa5, -48(s0)           : FloatMemRead :  D=0x40100955846fc21c A=0x7ffffffffffffd80
3187000: system.cpu: T0 : 0x104f8    : fmul_d fa5, fa5, fa5       : FloatMult :  D=0x403012b07add955e
3187500: system.cpu: T0 : 0x104fc    : fld fa4, -72(s0)           : FloatMemRead :  D=0x4030000000000000 A=0x7ffffffffffffd68
3188000: system.cpu: T0 : 0x10500    : fsub_d fa5, fa4, fa5       : FloatAdd :  D=0xbfb2b07add955e00
3188500: system.cpu: T0 : 0x10504    : fsd fa5, -24(s0)           : FloatMemWrite :  D=0xbfb2b07add955e00 A=0x7ffffffffffffd98
3189000: system.cpu: T0 : 0x10508    : fld fa0, -24(s0)           : FloatMemRead :  D=0xbfb2b07add955e00 A=0x7ffffffffffffd98
3189500: system.cpu: T0 : 0x1050c    : jal ra, -220               : IntAlu :  D=0x0000000000010510
3190000: system.cpu: T0 : 0x10430    : c_addi16sp sp, -48         : IntAlu :  D=0x7ffffffffffffd30
3190500: system.cpu: T0 : 0x10432    : c_sdsp s0, 40(sp)          : MemWrite :  D=0x7ffffffffffffdb0 A=0x7ffffffffffffd58
3191000: system.cpu: T0 : 0x10434    : c_addi4spn s0, sp, 48      : IntAlu :  D=0x7ffffffffffffd60
3192000: system.cpu: T0 : 0x10436    : fsd fa0, -40(s0)           : FloatMemWrite :  D=0xbfb2b07add955e00 A=0x7ffffffffffffd38
3193000: system.cpu: T0 : 0x1043a    : fld fa5, -40(s0)           : FloatMemRead :  D=0xbfb2b07add955e00 A=0x7ffffffffffffd38
3194000: system.cpu: T0 : 0x1043e    : fmv_d_x fa4, zero          : FloatCvt :  D=0x0000000000000000
3195000: system.cpu: T0 : 0x10442    : fle_d a5, fa4, fa5         : FloatCmp :  D=0x0000000000000000
3195500: system.cpu: T0 : 0x10446    : c_beqz a5, 12              : IntAlu : 
3196500: system.cpu: T0 : 0x10452    : fld fa5, -40(s0)           : FloatMemRead :  D=0xbfb2b07add955e00 A=0x7ffffffffffffd38
3197500: system.cpu: T0 : 0x10456    : fsgnjn_d fa5, fa5, fa5     : FloatMisc :  D=0x3fb2b07add955e00
3198500: system.cpu: T0 : 0x1045a    : fsd fa5, -24(s0)           : FloatMemWrite :  D=0x3fb2b07add955e00 A=0x7ffffffffffffd48
3199500: system.cpu: T0 : 0x1045e    : fld fa5, -24(s0)           : FloatMemRead :  D=0x3fb2b07add955e00 A=0x7ffffffffffffd48
3200500: system.cpu: T0 : 0x10462    : fsgnj_d fa0, fa5, fa5      : FloatMisc :  D=0x3fb2b07add955e00
3201000: system.cpu: T0 : 0x10466    : c_ldsp s0, 40(sp)          : MemRead :  D=0x7ffffffffffffdb0 A=0x7ffffffffffffd58
3201500: system.cpu: T0 : 0x10468    : c_addi16sp sp, 48          : IntAlu :  D=0x7ffffffffffffd60
3202000: system.cpu: T0 : 0x1046a    : c_jr ra                    : IntAlu : 
3202500: system.cpu: T0 : 0x10510    : fsgnj_d fa4, fa0, fa0      : FloatMisc :  D=0x3fb2b07add955e00
3203000: system.cpu: T0 : 0x10514    : fld fa5, -40(s0)           : FloatMemRead :  D=0x3ee4f8b588e368f1 A=0x7ffffffffffffd88
3203500: system.cpu: T0 : 0x10518    : fle_d a5, fa4, fa5         : FloatCmp :  D=0x0000000000000000
3204000: system.cpu: T0 : 0x1051c    : c_beqz a5, 8               : IntAlu : 
3204500: system.cpu: T0 : 0x10524    : lw a5, -56(s0)             : MemRead :  D=0x0000000000000003 A=0x7ffffffffffffd78
3205000: system.cpu: T0 : 0x10528    : c_addiw a5, 1              : IntAlu :  D=0x0000000000000004
3206000: system.cpu: T0 : 0x1052a    : sw a5, -56(s0)             : MemWrite :  D=0x0000000000000004 A=0x7ffffffffffffd78
3207000: system.cpu: T0 : 0x1052e    : lw a5, -56(s0)             : MemRead :  D=0x0000000000000004 A=0x7ffffffffffffd78
3208000: system.cpu: T0 : 0x10532    : addiw a4, a5, 0            : IntAlu :  D=0x0000000000000004
3208500: system.cpu: T0 : 0x10536    : c_li a5, 19                : IntAlu :  D=0x0000000000000013
3209000: system.cpu: T0 : 0x10538    : bge a5, a4, -124           : IntAlu : 
3209500: system.cpu: T0 : 0x104bc    : lw a5, -52(s0)             : MemRead :  D=0x0000000000000000 A=0x7ffffffffffffd7c
3210000: system.cpu: T0 : 0x104c0    : c_addiw a5, 0              : IntAlu :  D=0x0000000000000000
3210500: system.cpu: T0 : 0x104c2    : c_bnez a5, 98              : IntAlu : 
3211000: system.cpu: T0 : 0x104c4    : fld fa5, -48(s0)           : FloatMemRead :  D=0x40100955846fc21c A=0x7ffffffffffffd80
3211500: system.cpu: T0 : 0x104c8    : fmul_d fa5, fa5, fa5       : FloatMult :  D=0x403012b07add955e
3212000: system.cpu: T0 : 0x104cc    : fld fa4, -72(s0)           : FloatMemRead :  D=0x4030000000000000 A=0x7ffffffffffffd68
3212500: system.cpu: T0 : 0x104d0    : fsub_d fa4, fa4, fa5       : FloatAdd :  D=0xbfb2b07add955e00
3213000: system.cpu: T0 : 0x104d4    : fld fa5, -48(s0)           : FloatMemRead :  D=0x40100955846fc21c A=0x7ffffffffffffd80
3213500: system.cpu: T0 : 0x104d8    : fadd_d fa5, fa5, fa5       : FloatAdd :  D=0x40200955846fc21c
3214000: system.cpu: T0 : 0x104dc    : fdiv_d fa5, fa4, fa5       : FloatDiv :  D=0xbf82a59a0cd34d03
3214500: system.cpu: T0 : 0x104e0    : fsd fa5, -32(s0)           : FloatMemWrite :  D=0xbf82a59a0cd34d03 A=0x7ffffffffffffd90
3215000: system.cpu: T0 : 0x104e4    : fld fa4, -48(s0)           : FloatMemRead :  D=0x40100955846fc21c A=0x7ffffffffffffd80
3215500: system.cpu: T0 : 0x104e8    : fld fa5, -32(s0)           : FloatMemRead :  D=0xbf82a59a0cd34d03 A=0x7ffffffffffffd90
3216000: system.cpu: T0 : 0x104ec    : fadd_d fa5, fa4, fa5       : FloatAdd :  D=0x40100002b7695875
3216500: system.cpu: T0 : 0x104f0    : fsd fa5, -48(s0)           : FloatMemWrite :  D=0x40100002b7695875 A=0x7ffffffffffffd80
3217000: system.cpu: T0 : 0x104f4    : fld fa5, -48(s0)           : FloatMemRead :  D=0x40100002b7695875 A=0x7ffffffffffffd80
3217500: system.cpu: T0 : 0x104f8    : fmul_d fa5, fa5, fa5       : FloatMult :  D=0x403000056ed326fb
3218000: system.cpu: T0 : 0x104fc    : fld fa4, -72(s0)           : FloatMemRead :  D=0x4030000000000000 A=0x7ffffffffffffd68
3218500: system.cpu: T0 : 0x10500    : fsub_d fa5, fa4, fa5       : FloatAdd :  D=0xbf15bb4c9bec0000
3219000: system.cpu: T0 : 0x10504    : fsd fa5, -24(s0)           : FloatMemWrite :  D=0xbf15bb4c9bec0000 A=0x7ffffffffffffd98
3219500: system.cpu: T0 : 0x10508    : fld fa0, -24(s0)           : FloatMemRead :  D=0xbf15bb4c9bec0000 A=0x7ffffffffffffd98
3220000: system.cpu: T0 : 0x1050c    : jal ra, -220               : IntAlu :  D=0x0000000000010510
3220500: system.cpu: T0 : 0x10430    : c_addi16sp sp, -48         : IntAlu :  D=0x7ffffffffffffd30
3221000: system.cpu: T0 : 0x10432    : c_sdsp s0, 40(sp)          : MemWrite :  D=0x7ffffffffffffdb0 A=0x7ffffffffffffd58
3221500: system.cpu: T0 : 0x10434    : c_addi4spn s0, sp, 48      : IntAlu :  D=0x7ffffffffffffd60
3222500: system.cpu: T0 : 0x10436    : fsd fa0, -40(s0)           : FloatMemWrite :  D=0xbf15bb4c9bec0000 A=0x7ffffffffffffd38
3223500: system.cpu: T0 : 0x1043a    : fld fa5, -40(s0)           : FloatMemRead :  D=0xbf15bb4c9bec0000 A=0x7ffffffffffffd38
3224500: system.cpu: T0 : 0x1043e    : fmv_d_x fa4, zero          : FloatCvt :  D=0x0000000000000000
3225500: system.cpu: T0 : 0x10442    : fle_d a5, fa4, fa5         : FloatCmp :  D=0x0000000000000000
3226000: system.cpu: T0 : 0x10446    : c_beqz a5, 12              : IntAlu : 
3227000: system.cpu: T0 : 0x10452    : fld fa5, -40(s0)           : FloatMemRead :  D=0xbf15bb4c9bec0000 A=0x7ffffffffffffd38
3228000: system.cpu: T0 : 0x10456    : fsgnjn_d fa5, fa5, fa5     : FloatMisc :  D=0x3f15bb4c9bec0000
3229000: system.cpu: T0 : 0x1045a    : fsd fa5, -24(s0)           : FloatMemWrite :  D=0x3f15bb4c9bec0000 A=0x7ffffffffffffd48
3230000: system.cpu: T0 : 0x1045e    : fld fa5, -24(s0)           : FloatMemRead :  D=0x3f15bb4c9bec0000 A=0x7ffffffffffffd48
3231000: system.cpu: T0 : 0x10462    : fsgnj_d fa0, fa5, fa5      : FloatMisc :  D=0x3f15bb4c9bec0000
3231500: system.cpu: T0 : 0x10466    : c_ldsp s0, 40(sp)          : MemRead :  D=0x7ffffffffffffdb0 A=0x7ffffffffffffd58
3232000: system.cpu: T0 : 0x10468    : c_addi16sp sp, 48          : IntAlu :  D=0x7ffffffffffffd60
3232500: system.cpu: T0 : 0x1046a    : c_jr ra                    : IntAlu : 
3233000: system.cpu: T0 : 0x10510    : fsgnj_d fa4, fa0, fa0      : FloatMisc :  D=0x3f15bb4c9bec0000
3233500: system.cpu: T0 : 0x10514    : fld fa5, -40(s0)           : FloatMemRead :  D=0x3ee4f8b588e368f1 A=0x7ffffffffffffd88
3234000: system.cpu: T0 : 0x10518    : fle_d a5, fa4, fa5         : FloatCmp :  D=0x0000000000000000
3234500: system.cpu: T0 : 0x1051c    : c_beqz a5, 8               : IntAlu : 
3235000: system.cpu: T0 : 0x10524    : lw a5, -56(s0)             : MemRead :  D=0x0000000000000004 A=0x7ffffffffffffd78
3235500: system.cpu: T0 : 0x10528    : c_addiw a5, 1              : IntAlu :  D=0x0000000000000005
3236500: system.cpu: T0 : 0x1052a    : sw a5, -56(s0)             : MemWrite :  D=0x0000000000000005 A=0x7ffffffffffffd78
3237500: system.cpu: T0 : 0x1052e    : lw a5, -56(s0)             : MemRead :  D=0x0000000000000005 A=0x7ffffffffffffd78
3238500: system.cpu: T0 : 0x10532    : addiw a4, a5, 0            : IntAlu :  D=0x0000000000000005
3239000: system.cpu: T0 : 0x10536    : c_li a5, 19                : IntAlu :  D=0x0000000000000013
3239500: system.cpu: T0 : 0x10538    : bge a5, a4, -124           : IntAlu : 
3240000: system.cpu: T0 : 0x104bc    : lw a5, -52(s0)             : MemRead :  D=0x0000000000000000 A=0x7ffffffffffffd7c
3240500: system.cpu: T0 : 0x104c0    : c_addiw a5, 0              : IntAlu :  D=0x0000000000000000
3241000: system.cpu: T0 : 0x104c2    : c_bnez a5, 98              : IntAlu : 
3241500: system.cpu: T0 : 0x104c4    : fld fa5, -48(s0)           : FloatMemRead :  D=0x40100002b7695875 A=0x7ffffffffffffd80
3242000: system.cpu: T0 : 0x104c8    : fmul_d fa5, fa5, fa5       : FloatMult :  D=0x403000056ed326fb
3242500: system.cpu: T0 : 0x104cc    : fld fa4, -72(s0)           : FloatMemRead :  D=0x4030000000000000 A=0x7ffffffffffffd68
3243000: system.cpu: T0 : 0x104d0    : fsub_d fa4, fa4, fa5       : FloatAdd :  D=0xbf15bb4c9bec0000
3243500: system.cpu: T0 : 0x104d4    : fld fa5, -48(s0)           : FloatMemRead :  D=0x40100002b7695875 A=0x7ffffffffffffd80
3244000: system.cpu: T0 : 0x104d8    : fadd_d fa5, fa5, fa5       : FloatAdd :  D=0x40200002b7695875
3244500: system.cpu: T0 : 0x104dc    : fdiv_d fa5, fa4, fa5       : FloatDiv :  D=0xbee5bb48eb65bb5b
3245000: system.cpu: T0 : 0x104e0    : fsd fa5, -32(s0)           : FloatMemWrite :  D=0xbee5bb48eb65bb5b A=0x7ffffffffffffd90
3245500: system.cpu: T0 : 0x104e4    : fld fa4, -48(s0)           : FloatMemRead :  D=0x40100002b7695875 A=0x7ffffffffffffd80
3246000: system.cpu: T0 : 0x104e8    : fld fa5, -32(s0)           : FloatMemRead :  D=0xbee5bb48eb65bb5b A=0x7ffffffffffffd90
3246500: system.cpu: T0 : 0x104ec    : fadd_d fa5, fa4, fa5       : FloatAdd :  D=0x4010000000003b08
3247000: system.cpu: T0 : 0x104f0    : fsd fa5, -48(s0)           : FloatMemWrite :  D=0x4010000000003b08 A=0x7ffffffffffffd80
3247500: system.cpu: T0 : 0x104f4    : fld fa5, -48(s0)           : FloatMemRead :  D=0x4010000000003b08 A=0x7ffffffffffffd80
3248000: system.cpu: T0 : 0x104f8    : fmul_d fa5, fa5, fa5       : FloatMult :  D=0x4030000000007610
3248500: system.cpu: T0 : 0x104fc    : fld fa4, -72(s0)           : FloatMemRead :  D=0x4030000000000000 A=0x7ffffffffffffd68
3249000: system.cpu: T0 : 0x10500    : fsub_d fa5, fa4, fa5       : FloatAdd :  D=0xbddd840000000000
3249500: system.cpu: T0 : 0x10504    : fsd fa5, -24(s0)           : FloatMemWrite :  D=0xbddd840000000000 A=0x7ffffffffffffd98
3250000: system.cpu: T0 : 0x10508    : fld fa0, -24(s0)           : FloatMemRead :  D=0xbddd840000000000 A=0x7ffffffffffffd98
3250500: system.cpu: T0 : 0x1050c    : jal ra, -220               : IntAlu :  D=0x0000000000010510
3251000: system.cpu: T0 : 0x10430    : c_addi16sp sp, -48         : IntAlu :  D=0x7ffffffffffffd30
3251500: system.cpu: T0 : 0x10432    : c_sdsp s0, 40(sp)          : MemWrite :  D=0x7ffffffffffffdb0 A=0x7ffffffffffffd58
3252000: system.cpu: T0 : 0x10434    : c_addi4spn s0, sp, 48      : IntAlu :  D=0x7ffffffffffffd60
3253000: system.cpu: T0 : 0x10436    : fsd fa0, -40(s0)           : FloatMemWrite :  D=0xbddd840000000000 A=0x7ffffffffffffd38
3254000: system.cpu: T0 : 0x1043a    : fld fa5, -40(s0)           : FloatMemRead :  D=0xbddd840000000000 A=0x7ffffffffffffd38
3255000: system.cpu: T0 : 0x1043e    : fmv_d_x fa4, zero          : FloatCvt :  D=0x0000000000000000
3256000: system.cpu: T0 : 0x10442    : fle_d a5, fa4, fa5         : FloatCmp :  D=0x0000000000000000
3256500: system.cpu: T0 : 0x10446    : c_beqz a5, 12              : IntAlu : 
3257500: system.cpu: T0 : 0x10452    : fld fa5, -40(s0)           : FloatMemRead :  D=0xbddd840000000000 A=0x7ffffffffffffd38
3258500: system.cpu: T0 : 0x10456    : fsgnjn_d fa5, fa5, fa5     : FloatMisc :  D=0x3ddd840000000000
3259500: system.cpu: T0 : 0x1045a    : fsd fa5, -24(s0)           : FloatMemWrite :  D=0x3ddd840000000000 A=0x7ffffffffffffd48
3260500: system.cpu: T0 : 0x1045e    : fld fa5, -24(s0)           : FloatMemRead :  D=0x3ddd840000000000 A=0x7ffffffffffffd48
3261500: system.cpu: T0 : 0x10462    : fsgnj_d fa0, fa5, fa5      : FloatMisc :  D=0x3ddd840000000000
3262000: system.cpu: T0 : 0x10466    : c_ldsp s0, 40(sp)          : MemRead :  D=0x7ffffffffffffdb0 A=0x7ffffffffffffd58
3262500: system.cpu: T0 : 0x10468    : c_addi16sp sp, 48          : IntAlu :  D=0x7ffffffffffffd60
3263000: system.cpu: T0 : 0x1046a    : c_jr ra                    : IntAlu : 
3263500: system.cpu: T0 : 0x10510    : fsgnj_d fa4, fa0, fa0      : FloatMisc :  D=0x3ddd840000000000
3264000: system.cpu: T0 : 0x10514    : fld fa5, -40(s0)           : FloatMemRead :  D=0x3ee4f8b588e368f1 A=0x7ffffffffffffd88
3264500: system.cpu: T0 : 0x10518    : fle_d a5, fa4, fa5         : FloatCmp :  D=0x0000000000000001
3265000: system.cpu: T0 : 0x1051c    : c_beqz a5, 8               : IntAlu : 
3265500: system.cpu: T0 : 0x1051e    : c_li a5, 1                 : IntAlu :  D=0x0000000000000001
3266000: system.cpu: T0 : 0x10520    : sw a5, -52(s0)             : MemWrite :  D=0x0000000000000001 A=0x7ffffffffffffd7c
3266500: system.cpu: T0 : 0x10524    : lw a5, -56(s0)             : MemRead :  D=0x0000000000000005 A=0x7ffffffffffffd78
3267000: system.cpu: T0 : 0x10528    : c_addiw a5, 1              : IntAlu :  D=0x0000000000000006
3268000: system.cpu: T0 : 0x1052a    : sw a5, -56(s0)             : MemWrite :  D=0x0000000000000006 A=0x7ffffffffffffd78
3269000: system.cpu: T0 : 0x1052e    : lw a5, -56(s0)             : MemRead :  D=0x0000000000000006 A=0x7ffffffffffffd78
3270000: system.cpu: T0 : 0x10532    : addiw a4, a5, 0            : IntAlu :  D=0x0000000000000006
3270500: system.cpu: T0 : 0x10536    : c_li a5, 19                : IntAlu :  D=0x0000000000000013
3271000: system.cpu: T0 : 0x10538    : bge a5, a4, -124           : IntAlu : 
3271500: system.cpu: T0 : 0x104bc    : lw a5, -52(s0)             : MemRead :  D=0x0000000000000001 A=0x7ffffffffffffd7c
3272000: system.cpu: T0 : 0x104c0    : c_addiw a5, 0              : IntAlu :  D=0x0000000000000001
3272500: system.cpu: T0 : 0x104c2    : c_bnez a5, 98              : IntAlu : 
3273000: system.cpu: T0 : 0x10524    : lw a5, -56(s0)             : MemRead :  D=0x0000000000000006 A=0x7ffffffffffffd78
3273500: system.cpu: T0 : 0x10528    : c_addiw a5, 1              : IntAlu :  D=0x0000000000000007
3274500: system.cpu: T0 : 0x1052a    : sw a5, -56(s0)             : MemWrite :  D=0x0000000000000007 A=0x7ffffffffffffd78
3275500: system.cpu: T0 : 0x1052e    : lw a5, -56(s0)             : MemRead :  D=0x0000000000000007 A=0x7ffffffffffffd78
3276500: system.cpu: T0 : 0x10532    : addiw a4, a5, 0            : IntAlu :  D=0x0000000000000007
3277000: system.cpu: T0 : 0x10536    : c_li a5, 19                : IntAlu :  D=0x0000000000000013
3277500: system.cpu: T0 : 0x10538    : bge a5, a4, -124           : IntAlu : 
3278000: system.cpu: T0 : 0x104bc    : lw a5, -52(s0)             : MemRead :  D=0x0000000000000001 A=0x7ffffffffffffd7c
3278500: system.cpu: T0 : 0x104c0    : c_addiw a5, 0              : IntAlu :  D=0x0000000000000001
3279000: system.cpu: T0 : 0x104c2    : c_bnez a5, 98              : IntAlu : 
3279500: system.cpu: T0 : 0x10524    : lw a5, -56(s0)             : MemRead :  D=0x0000000000000007 A=0x7ffffffffffffd78
3280000: system.cpu: T0 : 0x10528    : c_addiw a5, 1              : IntAlu :  D=0x0000000000000008
3281000: system.cpu: T0 : 0x1052a    : sw a5, -56(s0)             : MemWrite :  D=0x0000000000000008 A=0x7ffffffffffffd78
3282000: system.cpu: T0 : 0x1052e    : lw a5, -56(s0)             : MemRead :  D=0x0000000000000008 A=0x7ffffffffffffd78
3283000: system.cpu: T0 : 0x10532    : addiw a4, a5, 0            : IntAlu :  D=0x0000000000000008
3283500: system.cpu: T0 : 0x10536    : c_li a5, 19                : IntAlu :  D=0x0000000000000013
3284000: system.cpu: T0 : 0x10538    : bge a5, a4, -124           : IntAlu : 
3284500: system.cpu: T0 : 0x104bc    : lw a5, -52(s0)             : MemRead :  D=0x0000000000000001 A=0x7ffffffffffffd7c
3285000: system.cpu: T0 : 0x104c0    : c_addiw a5, 0              : IntAlu :  D=0x0000000000000001
3285500: system.cpu: T0 : 0x104c2    : c_bnez a5, 98              : IntAlu : 
3286000: system.cpu: T0 : 0x10524    : lw a5, -56(s0)             : MemRead :  D=0x0000000000000008 A=0x7ffffffffffffd78
3286500: system.cpu: T0 : 0x10528    : c_addiw a5, 1              : IntAlu :  D=0x0000000000000009
3287500: system.cpu: T0 : 0x1052a    : sw a5, -56(s0)             : MemWrite :  D=0x0000000000000009 A=0x7ffffffffffffd78
3288500: system.cpu: T0 : 0x1052e    : lw a5, -56(s0)             : MemRead :  D=0x0000000000000009 A=0x7ffffffffffffd78
3289500: system.cpu: T0 : 0x10532    : addiw a4, a5, 0            : IntAlu :  D=0x0000000000000009
3290000: system.cpu: T0 : 0x10536    : c_li a5, 19                : IntAlu :  D=0x0000000000000013
3290500: system.cpu: T0 : 0x10538    : bge a5, a4, -124           : IntAlu : 
3291000: system.cpu: T0 : 0x104bc    : lw a5, -52(s0)             : MemRead :  D=0x0000000000000001 A=0x7ffffffffffffd7c
3291500: system.cpu: T0 : 0x104c0    : c_addiw a5, 0              : IntAlu :  D=0x0000000000000001
3292000: system.cpu: T0 : 0x104c2    : c_bnez a5, 98              : IntAlu : 
3292500: system.cpu: T0 : 0x10524    : lw a5, -56(s0)             : MemRead :  D=0x0000000000000009 A=0x7ffffffffffffd78
3293000: system.cpu: T0 : 0x10528    : c_addiw a5, 1              : IntAlu :  D=0x000000000000000a
3294000: system.cpu: T0 : 0x1052a    : sw a5, -56(s0)             : MemWrite :  D=0x000000000000000a A=0x7ffffffffffffd78
3295000: system.cpu: T0 : 0x1052e    : lw a5, -56(s0)             : MemRead :  D=0x000000000000000a A=0x7ffffffffffffd78
3296000: system.cpu: T0 : 0x10532    : addiw a4, a5, 0            : IntAlu :  D=0x000000000000000a
3296500: system.cpu: T0 : 0x10536    : c_li a5, 19                : IntAlu :  D=0x0000000000000013
3297000: system.cpu: T0 : 0x10538    : bge a5, a4, -124           : IntAlu : 
3297500: system.cpu: T0 : 0x104bc    : lw a5, -52(s0)             : MemRead :  D=0x0000000000000001 A=0x7ffffffffffffd7c
3298000: system.cpu: T0 : 0x104c0    : c_addiw a5, 0              : IntAlu :  D=0x0000000000000001
3298500: system.cpu: T0 : 0x104c2    : c_bnez a5, 98              : IntAlu : 
3299000: system.cpu: T0 : 0x10524    : lw a5, -56(s0)             : MemRead :  D=0x000000000000000a A=0x7ffffffffffffd78
3299500: system.cpu: T0 : 0x10528    : c_addiw a5, 1              : IntAlu :  D=0x000000000000000b
3300500: system.cpu: T0 : 0x1052a    : sw a5, -56(s0)             : MemWrite :  D=0x000000000000000b A=0x7ffffffffffffd78
3301500: system.cpu: T0 : 0x1052e    : lw a5, -56(s0)             : MemRead :  D=0x000000000000000b A=0x7ffffffffffffd78
3302500: system.cpu: T0 : 0x10532    : addiw a4, a5, 0            : IntAlu :  D=0x000000000000000b
3303000: system.cpu: T0 : 0x10536    : c_li a5, 19                : IntAlu :  D=0x0000000000000013
3303500: system.cpu: T0 : 0x10538    : bge a5, a4, -124           : IntAlu : 
3304000: system.cpu: T0 : 0x104bc    : lw a5, -52(s0)             : MemRead :  D=0x0000000000000001 A=0x7ffffffffffffd7c
3304500: system.cpu: T0 : 0x104c0    : c_addiw a5, 0              : IntAlu :  D=0x0000000000000001
3305000: system.cpu: T0 : 0x104c2    : c_bnez a5, 98              : IntAlu : 
3305500: system.cpu: T0 : 0x10524    : lw a5, -56(s0)             : MemRead :  D=0x000000000000000b A=0x7ffffffffffffd78
3306000: system.cpu: T0 : 0x10528    : c_addiw a5, 1              : IntAlu :  D=0x000000000000000c
3307000: system.cpu: T0 : 0x1052a    : sw a5, -56(s0)             : MemWrite :  D=0x000000000000000c A=0x7ffffffffffffd78
3308000: system.cpu: T0 : 0x1052e    : lw a5, -56(s0)             : MemRead :  D=0x000000000000000c A=0x7ffffffffffffd78
3309000: system.cpu: T0 : 0x10532    : addiw a4, a5, 0            : IntAlu :  D=0x000000000000000c
3309500: system.cpu: T0 : 0x10536    : c_li a5, 19                : IntAlu :  D=0x0000000000000013
3310000: system.cpu: T0 : 0x10538    : bge a5, a4, -124           : IntAlu : 
3310500: system.cpu: T0 : 0x104bc    : lw a5, -52(s0)             : MemRead :  D=0x0000000000000001 A=0x7ffffffffffffd7c
3311000: system.cpu: T0 : 0x104c0    : c_addiw a5, 0              : IntAlu :  D=0x0000000000000001
3311500: system.cpu: T0 : 0x104c2    : c_bnez a5, 98              : IntAlu : 
3312000: system.cpu: T0 : 0x10524    : lw a5, -56(s0)             : MemRead :  D=0x000000000000000c A=0x7ffffffffffffd78
3312500: system.cpu: T0 : 0x10528    : c_addiw a5, 1              : IntAlu :  D=0x000000000000000d
3313500: system.cpu: T0 : 0x1052a    : sw a5, -56(s0)             : MemWrite :  D=0x000000000000000d A=0x7ffffffffffffd78
3314500: system.cpu: T0 : 0x1052e    : lw a5, -56(s0)             : MemRead :  D=0x000000000000000d A=0x7ffffffffffffd78
3315500: system.cpu: T0 : 0x10532    : addiw a4, a5, 0            : IntAlu :  D=0x000000000000000d
3316000: system.cpu: T0 : 0x10536    : c_li a5, 19                : IntAlu :  D=0x0000000000000013
3316500: system.cpu: T0 : 0x10538    : bge a5, a4, -124           : IntAlu : 
3317000: system.cpu: T0 : 0x104bc    : lw a5, -52(s0)             : MemRead :  D=0x0000000000000001 A=0x7ffffffffffffd7c
3317500: system.cpu: T0 : 0x104c0    : c_addiw a5, 0              : IntAlu :  D=0x0000000000000001
3318000: system.cpu: T0 : 0x104c2    : c_bnez a5, 98              : IntAlu : 
3318500: system.cpu: T0 : 0x10524    : lw a5, -56(s0)             : MemRead :  D=0x000000000000000d A=0x7ffffffffffffd78
3319000: system.cpu: T0 : 0x10528    : c_addiw a5, 1              : IntAlu :  D=0x000000000000000e
3320000: system.cpu: T0 : 0x1052a    : sw a5, -56(s0)             : MemWrite :  D=0x000000000000000e A=0x7ffffffffffffd78
3321000: system.cpu: T0 : 0x1052e    : lw a5, -56(s0)             : MemRead :  D=0x000000000000000e A=0x7ffffffffffffd78
3322000: system.cpu: T0 : 0x10532    : addiw a4, a5, 0            : IntAlu :  D=0x000000000000000e
3322500: system.cpu: T0 : 0x10536    : c_li a5, 19                : IntAlu :  D=0x0000000000000013
3323000: system.cpu: T0 : 0x10538    : bge a5, a4, -124           : IntAlu : 
3323500: system.cpu: T0 : 0x104bc    : lw a5, -52(s0)             : MemRead :  D=0x0000000000000001 A=0x7ffffffffffffd7c
3324000: system.cpu: T0 : 0x104c0    : c_addiw a5, 0              : IntAlu :  D=0x0000000000000001
3324500: system.cpu: T0 : 0x104c2    : c_bnez a5, 98              : IntAlu : 
3325000: system.cpu: T0 : 0x10524    : lw a5, -56(s0)             : MemRead :  D=0x000000000000000e A=0x7ffffffffffffd78
3325500: system.cpu: T0 : 0x10528    : c_addiw a5, 1              : IntAlu :  D=0x000000000000000f
3326500: system.cpu: T0 : 0x1052a    : sw a5, -56(s0)             : MemWrite :  D=0x000000000000000f A=0x7ffffffffffffd78
3327500: system.cpu: T0 : 0x1052e    : lw a5, -56(s0)             : MemRead :  D=0x000000000000000f A=0x7ffffffffffffd78
3328500: system.cpu: T0 : 0x10532    : addiw a4, a5, 0            : IntAlu :  D=0x000000000000000f
3329000: system.cpu: T0 : 0x10536    : c_li a5, 19                : IntAlu :  D=0x0000000000000013
3329500: system.cpu: T0 : 0x10538    : bge a5, a4, -124           : IntAlu : 
3330000: system.cpu: T0 : 0x104bc    : lw a5, -52(s0)             : MemRead :  D=0x0000000000000001 A=0x7ffffffffffffd7c
3330500: system.cpu: T0 : 0x104c0    : c_addiw a5, 0              : IntAlu :  D=0x0000000000000001
3331000: system.cpu: T0 : 0x104c2    : c_bnez a5, 98              : IntAlu : 
3331500: system.cpu: T0 : 0x10524    : lw a5, -56(s0)             : MemRead :  D=0x000000000000000f A=0x7ffffffffffffd78
3332000: system.cpu: T0 : 0x10528    : c_addiw a5, 1              : IntAlu :  D=0x0000000000000010
3333000: system.cpu: T0 : 0x1052a    : sw a5, -56(s0)             : MemWrite :  D=0x0000000000000010 A=0x7ffffffffffffd78
3334000: system.cpu: T0 : 0x1052e    : lw a5, -56(s0)             : MemRead :  D=0x0000000000000010 A=0x7ffffffffffffd78
3335000: system.cpu: T0 : 0x10532    : addiw a4, a5, 0            : IntAlu :  D=0x0000000000000010
3335500: system.cpu: T0 : 0x10536    : c_li a5, 19                : IntAlu :  D=0x0000000000000013
3336000: system.cpu: T0 : 0x10538    : bge a5, a4, -124           : IntAlu : 
3336500: system.cpu: T0 : 0x104bc    : lw a5, -52(s0)             : MemRead :  D=0x0000000000000001 A=0x7ffffffffffffd7c
3337000: system.cpu: T0 : 0x104c0    : c_addiw a5, 0              : IntAlu :  D=0x0000000000000001
3337500: system.cpu: T0 : 0x104c2    : c_bnez a5, 98              : IntAlu : 
3338000: system.cpu: T0 : 0x10524    : lw a5, -56(s0)             : MemRead :  D=0x0000000000000010 A=0x7ffffffffffffd78
3338500: system.cpu: T0 : 0x10528    : c_addiw a5, 1              : IntAlu :  D=0x0000000000000011
3339500: system.cpu: T0 : 0x1052a    : sw a5, -56(s0)             : MemWrite :  D=0x0000000000000011 A=0x7ffffffffffffd78
3340500: system.cpu: T0 : 0x1052e    : lw a5, -56(s0)             : MemRead :  D=0x0000000000000011 A=0x7ffffffffffffd78
3341500: system.cpu: T0 : 0x10532    : addiw a4, a5, 0            : IntAlu :  D=0x0000000000000011
3342000: system.cpu: T0 : 0x10536    : c_li a5, 19                : IntAlu :  D=0x0000000000000013
3342500: system.cpu: T0 : 0x10538    : bge a5, a4, -124           : IntAlu : 
3343000: system.cpu: T0 : 0x104bc    : lw a5, -52(s0)             : MemRead :  D=0x0000000000000001 A=0x7ffffffffffffd7c
3343500: system.cpu: T0 : 0x104c0    : c_addiw a5, 0              : IntAlu :  D=0x0000000000000001
3344000: system.cpu: T0 : 0x104c2    : c_bnez a5, 98              : IntAlu : 
3344500: system.cpu: T0 : 0x10524    : lw a5, -56(s0)             : MemRead :  D=0x0000000000000011 A=0x7ffffffffffffd78
3345000: system.cpu: T0 : 0x10528    : c_addiw a5, 1              : IntAlu :  D=0x0000000000000012
3346000: system.cpu: T0 : 0x1052a    : sw a5, -56(s0)             : MemWrite :  D=0x0000000000000012 A=0x7ffffffffffffd78
3347000: system.cpu: T0 : 0x1052e    : lw a5, -56(s0)             : MemRead :  D=0x0000000000000012 A=0x7ffffffffffffd78
3348000: system.cpu: T0 : 0x10532    : addiw a4, a5, 0            : IntAlu :  D=0x0000000000000012
3348500: system.cpu: T0 : 0x10536    : c_li a5, 19                : IntAlu :  D=0x0000000000000013
3349000: system.cpu: T0 : 0x10538    : bge a5, a4, -124           : IntAlu : 
3349500: system.cpu: T0 : 0x104bc    : lw a5, -52(s0)             : MemRead :  D=0x0000000000000001 A=0x7ffffffffffffd7c
3350000: system.cpu: T0 : 0x104c0    : c_addiw a5, 0              : IntAlu :  D=0x0000000000000001
3350500: system.cpu: T0 : 0x104c2    : c_bnez a5, 98              : IntAlu : 
3351000: system.cpu: T0 : 0x10524    : lw a5, -56(s0)             : MemRead :  D=0x0000000000000012 A=0x7ffffffffffffd78
3351500: system.cpu: T0 : 0x10528    : c_addiw a5, 1              : IntAlu :  D=0x0000000000000013
3352500: system.cpu: T0 : 0x1052a    : sw a5, -56(s0)             : MemWrite :  D=0x0000000000000013 A=0x7ffffffffffffd78
3353500: system.cpu: T0 : 0x1052e    : lw a5, -56(s0)             : MemRead :  D=0x0000000000000013 A=0x7ffffffffffffd78
3354500: system.cpu: T0 : 0x10532    : addiw a4, a5, 0            : IntAlu :  D=0x0000000000000013
3355000: system.cpu: T0 : 0x10536    : c_li a5, 19                : IntAlu :  D=0x0000000000000013
3355500: system.cpu: T0 : 0x10538    : bge a5, a4, -124           : IntAlu : 
3356000: system.cpu: T0 : 0x104bc    : lw a5, -52(s0)             : MemRead :  D=0x0000000000000001 A=0x7ffffffffffffd7c
3356500: system.cpu: T0 : 0x104c0    : c_addiw a5, 0              : IntAlu :  D=0x0000000000000001
3357000: system.cpu: T0 : 0x104c2    : c_bnez a5, 98              : IntAlu : 
3357500: system.cpu: T0 : 0x10524    : lw a5, -56(s0)             : MemRead :  D=0x0000000000000013 A=0x7ffffffffffffd78
3358000: system.cpu: T0 : 0x10528    : c_addiw a5, 1              : IntAlu :  D=0x0000000000000014
3359000: system.cpu: T0 : 0x1052a    : sw a5, -56(s0)             : MemWrite :  D=0x0000000000000014 A=0x7ffffffffffffd78
3360000: system.cpu: T0 : 0x1052e    : lw a5, -56(s0)             : MemRead :  D=0x0000000000000014 A=0x7ffffffffffffd78
3361000: system.cpu: T0 : 0x10532    : addiw a4, a5, 0            : IntAlu :  D=0x0000000000000014
3361500: system.cpu: T0 : 0x10536    : c_li a5, 19                : IntAlu :  D=0x0000000000000013
3362000: system.cpu: T0 : 0x10538    : bge a5, a4, -124           : IntAlu : 
3362500: system.cpu: T0 : 0x1053c    : fld fa5, -48(s0)           : FloatMemRead :  D=0x4010000000003b08 A=0x7ffffffffffffd80
3363000: system.cpu: T0 : 0x10540    : fsgnj_d fa0, fa5, fa5      : FloatMisc :  D=0x4010000000003b08
3363500: system.cpu: T0 : 0x10544    : c_ldsp ra, 72(sp)          : MemRead :  D=0x00000000000106ae A=0x7ffffffffffffda8
3364000: system.cpu: T0 : 0x10546    : c_ldsp s0, 64(sp)          : MemRead :  D=0x7ffffffffffffde0 A=0x7ffffffffffffda0
3364500: system.cpu: T0 : 0x10548    : c_addi16sp sp, 80          : IntAlu :  D=0x7ffffffffffffdb0
3365000: system.cpu: T0 : 0x1054a    : c_jr ra                    : IntAlu : 
3366000: system.cpu: T0 : 0x106ae    : fsd fa0, -24(s0)           : FloatMemWrite :  D=0x4010000000003b08 A=0x7ffffffffffffdc8
3367000: system.cpu: T0 : 0x106b2    : fld fa5, -40(s0)           : FloatMemRead :  D=0xc030000000000000 A=0x7ffffffffffffdb8
3368000: system.cpu: T0 : 0x106b6    : fmv_d_x fa4, zero          : FloatCvt :  D=0x0000000000000000
3369000: system.cpu: T0 : 0x106ba    : flt_d a5, fa4, fa5         : FloatCmp :  D=0x0000000000000000
3369500: system.cpu: T0 : 0x106be    : c_beqz a5, 118             : IntAlu : 
3370000: system.cpu: T0 : 0x10734    : fld fa5, -40(s0)           : FloatMemRead :  D=0xc030000000000000 A=0x7ffffffffffffdb8
3370500: system.cpu: T0 : 0x10738    : fmv_d_x fa4, zero          : FloatCvt :  D=0x0000000000000000
3371000: system.cpu: T0 : 0x1073c    : feq_d a5, fa5, fa4         : FloatCmp :  D=0x0000000000000000
3371500: system.cpu: T0 : 0x10740    : c_beqz a5, 94              : IntAlu : 
3372500: system.cpu: T0 : 0x1079e    : auipc a5, 96               : IntAlu :  D=0x000000000007079e
3373500: system.cpu: T0 : 0x107a2    : ld a5, 114(a5)             : MemRead :  D=0x0000000000071978 A=0x70810
3374000: system.cpu: T0 : 0x107a6    : c_li a4, -1                : IntAlu :  D=0xffffffffffffffff
3374500: system.cpu: T0 : 0x107a8    : c_sw a4, 0(a5)             : MemWrite :  D=0x00000000ffffffff A=0x71978
3375500: system.cpu: T0 : 0x107aa    : fld fa4, -24(s0)           : FloatMemRead :  D=0x4010000000003b08 A=0x7ffffffffffffdc8
3376500: system.cpu: T0 : 0x107ae    : fld fa5, -32(s0)           : FloatMemRead :  D=0x4000000000000000 A=0x7ffffffffffffdc0
3377500: system.cpu: T0 : 0x107b2    : fdiv_d fa5, fa4, fa5       : FloatDiv :  D=0x4000000000003b08
3378500: system.cpu: T0 : 0x107b6    : fsd fa5, -24(s0)           : FloatMemWrite :  D=0x4000000000003b08 A=0x7ffffffffffffdc8
3379500: system.cpu: T0 : 0x107ba    : auipc a5, 96               : IntAlu :  D=0x00000000000707ba
3380500: system.cpu: T0 : 0x107be    : ld a5, 134(a5)             : MemRead :  D=0x00000000000719a0 A=0x70840
3381000: system.cpu: T0 : 0x107c2    : c_fld fa5, 8(a5)           : FloatMemRead :  D=0xc010000000000000 A=0x719a8
3381500: system.cpu: T0 : 0x107c4    : fsgnjn_d fa4, fa5, fa5     : FloatMisc :  D=0x4010000000000000
3382000: system.cpu: T0 : 0x107c8    : fld fa5, -32(s0)           : FloatMemRead :  D=0x4000000000000000 A=0x7ffffffffffffdc0
3382500: system.cpu: T0 : 0x107cc    : fdiv_d fa5, fa4, fa5       : FloatDiv :  D=0x4000000000000000
3383000: system.cpu: T0 : 0x107d0    : auipc a5, 96               : IntAlu :  D=0x00000000000707d0
3383500: system.cpu: T0 : 0x107d4    : ld a5, 96(a5)              : MemRead :  D=0x0000000000071990 A=0x70830
3384000: system.cpu: T0 : 0x107d8    : c_fsd fa5, 0(a5)           : FloatMemWrite :  D=0x4000000000000000 A=0x71990
3385000: system.cpu: T0 : 0x107da    : auipc a5, 96               : IntAlu :  D=0x00000000000707da
3386000: system.cpu: T0 : 0x107de    : ld a5, 86(a5)              : MemRead :  D=0x0000000000071990 A=0x70830
3387000: system.cpu: T0 : 0x107e2    : fld fa5, -24(s0)           : FloatMemRead :  D=0x4000000000003b08 A=0x7ffffffffffffdc8
3387500: system.cpu: T0 : 0x107e6    : c_fsd fa5, 8(a5)           : FloatMemWrite :  D=0x4000000000003b08 A=0x71998
3388000: system.cpu: T0 : 0x107e8    : auipc a5, 96               : IntAlu :  D=0x00000000000707e8
3388500: system.cpu: T0 : 0x107ec    : ld a5, 72(a5)              : MemRead :  D=0x0000000000071990 A=0x70830
3389000: system.cpu: T0 : 0x107f0    : c_fld fa5, 0(a5)           : FloatMemRead :  D=0x4000000000000000 A=0x71990
3390000: system.cpu: T0 : 0x107f2    : auipc a5, 96               : IntAlu :  D=0x00000000000707f2
3391000: system.cpu: T0 : 0x107f6    : ld a5, 38(a5)              : MemRead :  D=0x0000000000071980 A=0x70818
3391500: system.cpu: T0 : 0x107fa    : c_fsd fa5, 0(a5)           : FloatMemWrite :  D=0x4000000000000000 A=0x71980
3392000: system.cpu: T0 : 0x107fc    : fld fa5, -24(s0)           : FloatMemRead :  D=0x4000000000003b08 A=0x7ffffffffffffdc8
3392500: system.cpu: T0 : 0x10800    : fsgnjn_d fa5, fa5, fa5     : FloatMisc :  D=0xc000000000003b08
3393000: system.cpu: T0 : 0x10804    : auipc a5, 96               : IntAlu :  D=0x0000000000070804
3393500: system.cpu: T0 : 0x10808    : ld a5, 20(a5)              : MemRead :  D=0x0000000000071980 A=0x70818
3394000: system.cpu: T0 : 0x1080c    : c_fsd fa5, 8(a5)           : FloatMemWrite :  D=0xc000000000003b08 A=0x71988
3394500: system.cpu: T0 : 0x1080e    : c_li a5, 0                 : IntAlu :  D=0x0000000000000000
3395000: system.cpu: T0 : 0x10810    : c_mv a0, a5                : IntAlu :  D=0x0000000000000000
3395500: system.cpu: T0 : 0x10812    : c_ldsp ra, 40(sp)          : MemRead :  D=0x0000000000010614 A=0x7ffffffffffffdd8
3396000: system.cpu: T0 : 0x10814    : c_ldsp s0, 32(sp)          : MemRead :  D=0x7ffffffffffffdf0 A=0x7ffffffffffffdd0
3396500: system.cpu: T0 : 0x10816    : c_addi16sp sp, 48          : IntAlu :  D=0x7ffffffffffffde0
3397000: system.cpu: T0 : 0x10818    : c_jr ra                    : IntAlu : 
3397500: system.cpu: T0 : 0x10614    : c_li a5, 0                 : IntAlu :  D=0x0000000000000000
3398000: system.cpu: T0 : 0x10616    : c_mv a0, a5                : IntAlu :  D=0x0000000000000000
3398500: system.cpu: T0 : 0x10618    : c_ldsp ra, 8(sp)           : MemRead :  D=0x00000000000109ac A=0x7ffffffffffffde8
3399000: system.cpu: T0 : 0x1061a    : c_ldsp s0, 0(sp)           : MemRead :  D=0x0000000000010ce6 A=0x7ffffffffffffde0
3399500: system.cpu: T0 : 0x1061c    : c_addi sp, 16              : IntAlu :  D=0x7ffffffffffffdf0
3400000: system.cpu: T0 : 0x1061e    : c_jr ra                    : IntAlu : 
3400500: system.cpu: T0 : 0x109ac    : jal ra, 17144              : IntAlu :  D=0x00000000000109b0
3401000: system.cpu: T0 : 0x14ca4    : c_addi sp, -16             : IntAlu :  D=0x7ffffffffffffde0
3401500: system.cpu: T0 : 0x14ca6    : c_li a3, 1                 : IntAlu :  D=0x0000000000000001
3402000: system.cpu: T0 : 0x14ca8    : c_li a2, 1                 : IntAlu :  D=0x0000000000000001
3403000: system.cpu: T0 : 0x14caa    : addi a1, gp, -1936         : IntAlu :  D=0x00000000000708b8
3403500: system.cpu: T0 : 0x14cae    : c_sdsp ra, 8(sp)           : MemWrite :  D=0x00000000000109b0 A=0x7ffffffffffffde8
3404000: system.cpu: T0 : 0x14cb0    : jal ra, -468               : IntAlu :  D=0x0000000000014cb4
3404500: system.cpu: T0 : 0x14adc    : c_addi16sp sp, -128        : IntAlu :  D=0x7ffffffffffffd60
3405000: system.cpu: T0 : 0x14ade    : c_sdsp s6, 64(sp)          : MemWrite :  D=0x0000000000000000 A=0x7ffffffffffffda0
3405500: system.cpu: T0 : 0x14ae0    : c_sdsp s7, 56(sp)          : MemWrite :  D=0x0000000000000000 A=0x7ffffffffffffd98
3406000: system.cpu: T0 : 0x14ae2    : c_sdsp ra, 120(sp)         : MemWrite :  D=0x0000000000014cb4 A=0x7ffffffffffffdd8
3406500: system.cpu: T0 : 0x14ae4    : c_sdsp s0, 112(sp)         : MemWrite :  D=0x0000000000010ce6 A=0x7ffffffffffffdd0
3407000: system.cpu: T0 : 0x14ae6    : c_sdsp s1, 104(sp)         : MemWrite :  D=0x0000000000010d76 A=0x7ffffffffffffdc8
3407500: system.cpu: T0 : 0x14ae8    : c_sdsp s2, 96(sp)          : MemWrite :  D=0x0000000000000000 A=0x7ffffffffffffdc0
3408000: system.cpu: T0 : 0x14aea    : c_sdsp s3, 88(sp)          : MemWrite :  D=0x0000000000000000 A=0x7ffffffffffffdb8
3408500: system.cpu: T0 : 0x14aec    : c_sdsp s4, 80(sp)          : MemWrite :  D=0x0000000000000000 A=0x7ffffffffffffdb0
3409000: system.cpu: T0 : 0x14aee    : c_sdsp s5, 72(sp)          : MemWrite :  D=0x0000000000000000 A=0x7ffffffffffffda8
3409500: system.cpu: T0 : 0x14af0    : c_sdsp s8, 48(sp)          : MemWrite :  D=0x0000000000000000 A=0x7ffffffffffffd90
3410000: system.cpu: T0 : 0x14af2    : c_sdsp s9, 40(sp)          : MemWrite :  D=0x0000000000000000 A=0x7ffffffffffffd88
3410500: system.cpu: T0 : 0x14af4    : c_sdsp s10, 32(sp)         : MemWrite :  D=0x0000000000000000 A=0x7ffffffffffffd80
3411000: system.cpu: T0 : 0x14af6    : c_sdsp s11, 24(sp)         : MemWrite :  D=0x0000000000000000 A=0x7ffffffffffffd78
3411500: system.cpu: T0 : 0x14af8    : addi a5, zero, 0           : IntAlu :  D=0x0000000000000000
3412000: system.cpu: T0 : 0x14afc    : c_sdsp a2, 8(sp)           : MemWrite :  D=0x0000000000000001 A=0x7ffffffffffffd68
3412500: system.cpu: T0 : 0x14afe    : c_mv s6, a0                : IntAlu :  D=0x0000000000000000
3413000: system.cpu: T0 : 0x14b00    : c_mv s7, a1                : IntAlu :  D=0x00000000000708b8
3413500: system.cpu: T0 : 0x14b02    : c_beqz a5, 6               : IntAlu : 
3414000: system.cpu: T0 : 0x14b08    : lui s9, 114                : IntAlu :  D=0x0000000000072000
3414500: system.cpu: T0 : 0x14b0c    : lui s11, 114               : IntAlu :  D=0x0000000000072000
3415000: system.cpu: T0 : 0x14b10    : c_li s4, 0                 : IntAlu :  D=0x0000000000000000
3415500: system.cpu: T0 : 0x14b12    : c_li s3, 1                 : IntAlu :  D=0x0000000000000001
3416000: system.cpu: T0 : 0x14b14    : c_li a4, 1                 : IntAlu :  D=0x0000000000000001
3417000: system.cpu: T0 : 0x14b16    : addi a3, s9, -512          : IntAlu :  D=0x0000000000071e00
3418000: system.cpu: T0 : 0x14b1a    : lr_w a5, (a3)             
3418000: system.cpu: T0 : 0x14b1a. 0 : lr_w a5, (a3)              : MemRead :  D=0x0000000000000000 A=0x71e00
3418500: system.cpu: T0 : 0x14b1e    : c_bnez a5, 8               : IntAlu : 
3419000: system.cpu: T0 : 0x14b20    : sc_w_aq a2, a4, (a3)      
3419000: system.cpu: T0 : 0x14b20. 0 : sc_w a2, a4, (a3)          : MemWrite :  D=0x0000000000000000 A=0x71e00
3419500: system.cpu: T0 : 0x14b20. 1 : 0x1ce6a62f fence           : No_OpClass : 
3420000: system.cpu: T0 : 0x14b24    : c_bnez a2, -10             : IntAlu : 
3420500: system.cpu: T0 : 0x14b26    : c_addiw a5, 0              : IntAlu :  D=0x0000000000000000
3421000: system.cpu: T0 : 0x14b28    : bne a5, zero, 338          : IntAlu : 
3421500: system.cpu: T0 : 0x14b2c    : ld s10, 0(s7)              : MemRead :  D=0x0000000000071160 A=0x708b8
3422000: system.cpu: T0 : 0x14b30    : beq s10, zero, 152         : IntAlu : 
3422500: system.cpu: T0 : 0x14b34    : c_li s5, 3                 : IntAlu :  D=0x0000000000000003
3423000: system.cpu: T0 : 0x14b36    : c_li s2, 4                 : IntAlu :  D=0x0000000000000004
3423500: system.cpu: T0 : 0x14b38    : c_li s1, 2                 : IntAlu :  D=0x0000000000000002
3424000: system.cpu: T0 : 0x14b3a    : c_li s0, 1                 : IntAlu :  D=0x0000000000000001
3424500: system.cpu: T0 : 0x14b3c    : c_j 34                     : IntAlu : 
3425500: system.cpu: T0 : 0x14b5e    : ld a5, 8(s10)              : MemRead :  D=0x0000000000000001 A=0x71168
3426000: system.cpu: T0 : 0x14b62    : c_beqz a5, 222             : IntAlu : 
3426500: system.cpu: T0 : 0x14b64    : ld s8, -504(s11)           : MemRead :  D=0x0000000000000001 A=0x71e08
3427000: system.cpu: T0 : 0x14b68    : c_addi a5, -1              : IntAlu :  D=0x0000000000000000
3428000: system.cpu: T0 : 0x14b6a    : sd a5, 8(s10)              : MemWrite :  D=0x0000000000000000 A=0x71168
3428500: system.cpu: T0 : 0x14b6e    : c_mv a4, s4                : IntAlu :  D=0x0000000000000000
3429000: system.cpu: T0 : 0x14b70    : addi a3, s9, -512          : IntAlu :  D=0x0000000000071e00
3429500: system.cpu: T0 : 0x14b74    : fence iorw, ow             : No_OpClass : 
3430000: system.cpu: T0 : 0x14b78    : amoswap_w a4, a4, (a3)    
3430000: system.cpu: T0 : 0x14b78. 0 : amoswap_w[l] a4, a4, (a3)  : MemRead :  D=0x0000000000000001 A=0x71e00
3430500: system.cpu: T0 : 0x14b7c    : c_addiw a4, 0              : IntAlu :  D=0x0000000000000001
3431500: system.cpu: T0 : 0x14b7e    : blt s3, a4, 172            : IntAlu : 
3432000: system.cpu: T0 : 0x14b82    : c_slli a5, 5               : IntAlu :  D=0x0000000000000000
3432500: system.cpu: T0 : 0x14b84    : c_add a5, s10              : IntAlu :  D=0x0000000000071160
3433000: system.cpu: T0 : 0x14b86    : c_ld a4, 16(a5)            : MemRead :  D=0x0000000000000004 A=0x71170
3433500: system.cpu: T0 : 0x14b88    : beq a4, s5, 146            : IntAlu : 
3434000: system.cpu: T0 : 0x14b8c    : bne a4, s2, -78            : IntAlu : 
3434500: system.cpu: T0 : 0x14b90    : c_ld a4, 24(a5)            : MemRead :  D=0x0000000000010d76 A=0x71178
3435000: system.cpu: T0 : 0x14b92    : c_ld a0, 32(a5)            : MemRead :  D=0x0000000000000000 A=0x71180
3435500: system.cpu: T0 : 0x14b94    : sd zero, 16(a5)            : MemWrite :  D=0x0000000000000000 A=0x71170
3436000: system.cpu: T0 : 0x14b98    : c_mv a1, s6                : IntAlu :  D=0x0000000000000000
3436500: system.cpu: T0 : 0x14b9a    : c_jalr a4                  : IntAlu :  D=0x0000000000014b9c
3437000: system.cpu: T0 : 0x10d76    : c_addi sp, -32             : IntAlu :  D=0x7ffffffffffffd40
3437500: system.cpu: T0 : 0x10d78    : c_sdsp s0, 16(sp)          : MemWrite :  D=0x0000000000000001 A=0x7ffffffffffffd50
3438500: system.cpu: T0 : 0x10d7a    : lui a5, 111                : IntAlu :  D=0x000000000006f000
3439500: system.cpu: T0 : 0x10d7e    : lui s0, 111                : IntAlu :  D=0x000000000006f000
3440500: system.cpu: T0 : 0x10d82    : addi s0, s0, -1280         : IntAlu :  D=0x000000000006eb00
3441500: system.cpu: T0 : 0x10d86    : addi a5, a5, -1264         : IntAlu :  D=0x000000000006eb10
3442000: system.cpu: T0 : 0x10d8a    : c_sub a5, s0               : IntAlu :  D=0x0000000000000010
3442500: system.cpu: T0 : 0x10d8c    : c_sdsp ra, 24(sp)          : MemWrite :  D=0x0000000000014b9c A=0x7ffffffffffffd58
3443000: system.cpu: T0 : 0x10d8e    : c_sdsp s1, 8(sp)           : MemWrite :  D=0x0000000000000002 A=0x7ffffffffffffd48
3443500: system.cpu: T0 : 0x10d90    : c_sdsp s2, 0(sp)           : MemWrite :  D=0x0000000000000004 A=0x7ffffffffffffd40
3444500: system.cpu: T0 : 0x10d92    : srai a4, a5, 3             : IntAlu :  D=0x0000000000000002
3445000: system.cpu: T0 : 0x10d96    : c_beqz a4, 24              : IntAlu : 
3445500: system.cpu: T0 : 0x10d98    : c_addi a5, -8              : IntAlu :  D=0x0000000000000008
3446500: system.cpu: T0 : 0x10d9a    : addi s1, a4, -1            : IntAlu :  D=0x0000000000000001
3447000: system.cpu: T0 : 0x10d9e    : c_add s0, a5               : IntAlu :  D=0x000000000006eb08
3447500: system.cpu: T0 : 0x10da0    : c_li s2, -1                : IntAlu :  D=0xffffffffffffffff
3448000: system.cpu: T0 : 0x10da2    : c_ld a5, 0(s0)             : MemRead :  D=0x0000000000010340 A=0x6eb08
3448500: system.cpu: T0 : 0x10da4    : c_addi s1, -1              : IntAlu :  D=0x0000000000000000
3449000: system.cpu: T0 : 0x10da6    : c_addi s0, -8              : IntAlu :  D=0x000000000006eb00
3449500: system.cpu: T0 : 0x10da8    : c_jalr a5                  : IntAlu :  D=0x0000000000010daa
3450000: system.cpu: T0 : 0x10340    : addi a0, gp, 1616          : IntAlu :  D=0x0000000000071698
3450500: system.cpu: T0 : 0x10344    : jal zero, 209858           : IntAlu :  D=0x0000000000010348
3451000: system.cpu: T0 : 0x43706    : c_addi sp, -32             : IntAlu :  D=0x7ffffffffffffd20
3451500: system.cpu: T0 : 0x43708    : c_sdsp s1, 8(sp)           : MemWrite :  D=0x0000000000000000 A=0x7ffffffffffffd28
3452000: system.cpu: T0 : 0x4370a    : c_ld s1, 0(a0)             : MemRead :  D=0x0000000000000000 A=0x71698
3452500: system.cpu: T0 : 0x4370c    : c_sdsp ra, 24(sp)          : MemWrite :  D=0x0000000000010daa A=0x7ffffffffffffd38
3453000: system.cpu: T0 : 0x4370e    : c_sdsp s0, 16(sp)          : MemWrite :  D=0x000000000006eb00 A=0x7ffffffffffffd30
3453500: system.cpu: T0 : 0x43710    : c_beqz s1, 20              : IntAlu : 
3454000: system.cpu: T0 : 0x43724    : c_ldsp ra, 24(sp)          : MemRead :  D=0x0000000000010daa A=0x7ffffffffffffd38
3454500: system.cpu: T0 : 0x43726    : c_ldsp s0, 16(sp)          : MemRead :  D=0x000000000006eb00 A=0x7ffffffffffffd30
3455000: system.cpu: T0 : 0x43728    : c_ldsp s1, 8(sp)           : MemRead :  D=0x0000000000000000 A=0x7ffffffffffffd28
3455500: system.cpu: T0 : 0x4372a    : c_addi16sp sp, 32          : IntAlu :  D=0x7ffffffffffffd40
3456000: system.cpu: T0 : 0x4372c    : c_jr ra                    : IntAlu : 
3457000: system.cpu: T0 : 0x10daa    : bne s1, s2, -8             : IntAlu : 
3457500: system.cpu: T0 : 0x10da2    : c_ld a5, 0(s0)             : MemRead :  D=0x00000000000103d6 A=0x6eb00
3458000: system.cpu: T0 : 0x10da4    : c_addi s1, -1              : IntAlu :  D=0xffffffffffffffff
3458500: system.cpu: T0 : 0x10da6    : c_addi s0, -8              : IntAlu :  D=0x000000000006eaf8
3459000: system.cpu: T0 : 0x10da8    : c_jalr a5                  : IntAlu :  D=0x0000000000010daa
3459500: system.cpu: T0 : 0x103d6    : c_addi sp, -16             : IntAlu :  D=0x7ffffffffffffd30
3460000: system.cpu: T0 : 0x103d8    : c_sdsp s0, 0(sp)           : MemWrite :  D=0x000000000006eaf8 A=0x7ffffffffffffd30
3461000: system.cpu: T0 : 0x103da    : lbu a5, -1016(gp)          : MemRead :  D=0x0000000000000000 A=0x70c50
3461500: system.cpu: T0 : 0x103de    : c_sdsp ra, 8(sp)           : MemWrite :  D=0x0000000000010daa A=0x7ffffffffffffd38
3462000: system.cpu: T0 : 0x103e0    : c_bnez a5, 34              : IntAlu : 
3463000: system.cpu: T0 : 0x103e2    : jal ra, -96                : IntAlu :  D=0x00000000000103e6
3464000: system.cpu: T0 : 0x10382    : lui a0, 112                : IntAlu :  D=0x0000000000070000
3465000: system.cpu: T0 : 0x10386    : lui a4, 112                : IntAlu :  D=0x0000000000070000
3466000: system.cpu: T0 : 0x1038a    : addi a5, a0, 2032          : IntAlu :  D=0x00000000000707f0
3467000: system.cpu: T0 : 0x1038e    : addi a4, a4, 2032          : IntAlu :  D=0x00000000000707f0
3468000: system.cpu: T0 : 0x10392    : beq a4, a5, 18             : IntAlu : 
3468500: system.cpu: T0 : 0x103a4    : c_jr ra                    : IntAlu : 
3469500: system.cpu: T0 : 0x103e6    : lui a5, 77                 : IntAlu :  D=0x000000000004d000
3470500: system.cpu: T0 : 0x103ea    : addi a5, a5, -1680         : IntAlu :  D=0x000000000004c970
3471000: system.cpu: T0 : 0x103ee    : c_beqz a5, 14              : IntAlu : 
3471500: system.cpu: T0 : 0x103f0    : lui a0, 106                : IntAlu :  D=0x000000000006a000
3472000: system.cpu: T0 : 0x103f4    : addi a0, a0, 1296          : IntAlu :  D=0x000000000006a510
3472500: system.cpu: T0 : 0x103f8    : jal ra, 247160             : IntAlu :  D=0x00000000000103fc
3473000: system.cpu: T0 : 0x4c970    : c_j -222                   : IntAlu : 
3473500: system.cpu: T0 : 0x4c892    : c_addi sp, -32             : IntAlu :  D=0x7ffffffffffffd10
3474000: system.cpu: T0 : 0x4c894    : c_sdsp ra, 24(sp)          : MemWrite :  D=0x00000000000103fc A=0x7ffffffffffffd28
3474500: system.cpu: T0 : 0x4c896    : c_sdsp s0, 16(sp)          : MemWrite :  D=0x000000000006eaf8 A=0x7ffffffffffffd20
3475000: system.cpu: T0 : 0x4c898    : c_sdsp s1, 8(sp)           : MemWrite :  D=0xffffffffffffffff A=0x7ffffffffffffd18
3475500: system.cpu: T0 : 0x4c89a    : c_sdsp s2, 0(sp)           : MemWrite :  D=0xffffffffffffffff A=0x7ffffffffffffd10
3476000: system.cpu: T0 : 0x4c89c    : c_beqz a0, 160             : IntAlu : 
3476500: system.cpu: T0 : 0x4c89e    : c_lw a5, 0(a0)             : MemRead :  D=0x000000000000001c A=0x6a510
3477000: system.cpu: T0 : 0x4c8a0    : c_mv s1, a0                : IntAlu :  D=0x000000000006a510
3477500: system.cpu: T0 : 0x4c8a2    : c_beqz a5, 154             : IntAlu : 
3478000: system.cpu: T0 : 0x4c8a4    : auipc s2, 36               : IntAlu :  D=0x00000000000708a4
3478500: system.cpu: T0 : 0x4c8a8    : ld s2, -156(s2)            : MemRead :  D=0x0000000000000000 A=0x70808
3479000: system.cpu: T0 : 0x4c8ac    : beq s2, zero, 22           : IntAlu : 
3480000: system.cpu: T0 : 0x4c8c2    : addi a2, gp, 1880          : IntAlu :  D=0x00000000000717a0
3481000: system.cpu: T0 : 0x4c8c6    : ld a5, 448(a2)             : MemRead :  D=0x0000000000070c58 A=0x71960
3481500: system.cpu: T0 : 0x4c8ca    : c_beqz a5, 66              : IntAlu : 
3482000: system.cpu: T0 : 0x4c8cc    : auipc a3, 37               : IntAlu :  D=0x00000000000718cc
3482500: system.cpu: T0 : 0x4c8d0    : addi a3, a3, 148           : IntAlu :  D=0x0000000000071960
3483000: system.cpu: T0 : 0x4c8d4    : c_j 8                      : IntAlu : 
3483500: system.cpu: T0 : 0x4c8dc    : c_ld a4, 24(a5)            : MemRead :  D=0x000000000006a510 A=0x70c70
3484000: system.cpu: T0 : 0x4c8de    : c_mv s0, a5                : IntAlu :  D=0x0000000000070c58
3484500: system.cpu: T0 : 0x4c8e0    : c_ld a5, 40(a5)            : MemRead :  D=0x0000000000000000 A=0x70c80
3485500: system.cpu: T0 : 0x4c8e2    : bne s1, a4, -12            : IntAlu : 
3486000: system.cpu: T0 : 0x4c8e6    : c_sd a5, 0(a3)             : MemWrite :  D=0x0000000000000000 A=0x71960
3486500: system.cpu: T0 : 0x4c8e8    : beq s2, zero, 22           : IntAlu : 
3487000: system.cpu: T0 : 0x4c8fe    : c_ldsp ra, 24(sp)          : MemRead :  D=0x00000000000103fc A=0x7ffffffffffffd28
3487500: system.cpu: T0 : 0x4c900    : c_mv a0, s0                : IntAlu :  D=0x0000000000070c58
3488000: system.cpu: T0 : 0x4c902    : c_ldsp s0, 16(sp)          : MemRead :  D=0x000000000006eaf8 A=0x7ffffffffffffd20
3488500: system.cpu: T0 : 0x4c904    : c_ldsp s1, 8(sp)           : MemRead :  D=0xffffffffffffffff A=0x7ffffffffffffd18
3489000: system.cpu: T0 : 0x4c906    : c_ldsp s2, 0(sp)           : MemRead :  D=0xffffffffffffffff A=0x7ffffffffffffd10
3489500: system.cpu: T0 : 0x4c908    : c_addi16sp sp, 32          : IntAlu :  D=0x7ffffffffffffd30
3490000: system.cpu: T0 : 0x4c90a    : c_jr ra                    : IntAlu : 
3490500: system.cpu: T0 : 0x103fc    : c_li a5, 1                 : IntAlu :  D=0x0000000000000001
3491500: system.cpu: T0 : 0x103fe    : sb a5, -1016(gp)           : MemWrite :  D=0x0000000000000001 A=0x70c50
3492000: system.cpu: T0 : 0x10402    : c_ldsp ra, 8(sp)           : MemRead :  D=0x0000000000010daa A=0x7ffffffffffffd38
3492500: system.cpu: T0 : 0x10404    : c_ldsp s0, 0(sp)           : MemRead :  D=0x000000000006eaf8 A=0x7ffffffffffffd30
3493000: system.cpu: T0 : 0x10406    : c_addi sp, 16              : IntAlu :  D=0x7ffffffffffffd40
3493500: system.cpu: T0 : 0x10408    : c_jr ra                    : IntAlu : 
3494500: system.cpu: T0 : 0x10daa    : bne s1, s2, -8             : IntAlu : 
3495000: system.cpu: T0 : 0x10dae    : c_ldsp ra, 24(sp)          : MemRead :  D=0x0000000000014b9c A=0x7ffffffffffffd58
3495500: system.cpu: T0 : 0x10db0    : c_ldsp s0, 16(sp)          : MemRead :  D=0x0000000000000001 A=0x7ffffffffffffd50
3496000: system.cpu: T0 : 0x10db2    : c_ldsp s1, 8(sp)           : MemRead :  D=0x0000000000000002 A=0x7ffffffffffffd48
3496500: system.cpu: T0 : 0x10db4    : c_ldsp s2, 0(sp)           : MemRead :  D=0x0000000000000004 A=0x7ffffffffffffd40
3497000: system.cpu: T0 : 0x10db6    : c_addi16sp sp, 32          : IntAlu :  D=0x7ffffffffffffd60
3497500: system.cpu: T0 : 0x10db8    : c_jr ra                    : IntAlu : 
3498000: system.cpu: T0 : 0x14b9c    : addi a4, s9, -512          : IntAlu :  D=0x0000000000071e00
3498500: system.cpu: T0 : 0x14ba0    : lr_w a5, (a4)             
3498500: system.cpu: T0 : 0x14ba0. 0 : lr_w a5, (a4)              : MemRead :  D=0x0000000000000000 A=0x71e00
3499000: system.cpu: T0 : 0x14ba4    : c_bnez a5, 8               : IntAlu : 
3500000: system.cpu: T0 : 0x14ba6    : sc_w_aq a3, s0, (a4)      
3500000: system.cpu: T0 : 0x14ba6. 0 : sc_w a3, s0, (a4)          : MemWrite :  D=0x0000000000000000 A=0x71e00
3500500: system.cpu: T0 : 0x14ba6. 1 : 0x1c8726af fence           : No_OpClass : 
3501000: system.cpu: T0 : 0x14baa    : c_bnez a3, -10             : IntAlu : 
3501500: system.cpu: T0 : 0x14bac    : c_addiw a5, 0              : IntAlu :  D=0x0000000000000000
3502000: system.cpu: T0 : 0x14bae    : c_beqz a5, -88             : IntAlu : 
3503000: system.cpu: T0 : 0x14b56    : ld a5, -504(s11)           : MemRead :  D=0x0000000000000001 A=0x71e08
3504000: system.cpu: T0 : 0x14b5a    : bne a5, s8, 102            : IntAlu : 
3505000: system.cpu: T0 : 0x14b5e    : ld a5, 8(s10)              : MemRead :  D=0x0000000000000000 A=0x71168
3505500: system.cpu: T0 : 0x14b62    : c_beqz a5, 222             : IntAlu : 
3506000: system.cpu: T0 : 0x14c40    : ld a5, 0(s10)              : MemRead :  D=0x0000000000000000 A=0x71160
3506500: system.cpu: T0 : 0x14c44    : sd a5, 0(s7)               : MemWrite :  D=0x0000000000000000 A=0x708b8
3507000: system.cpu: T0 : 0x14c48    : c_beqz a5, 8               : IntAlu : 
3507500: system.cpu: T0 : 0x14c50    : c_mv a5, s4                : IntAlu :  D=0x0000000000000000
3508500: system.cpu: T0 : 0x14c52    : addi a4, s9, -512          : IntAlu :  D=0x0000000000071e00
3509500: system.cpu: T0 : 0x14c56    : fence iorw, ow             : No_OpClass : 
3510500: system.cpu: T0 : 0x14c5a    : amoswap_w a5, a5, (a4)    
3510500: system.cpu: T0 : 0x14c5a. 0 : amoswap_w[l] a5, a5, (a4)  : MemRead :  D=0x0000000000000001 A=0x71e00
3511000: system.cpu: T0 : 0x14c5e    : c_addiw a5, 0              : IntAlu :  D=0x0000000000000001
3511500: system.cpu: T0 : 0x14c60    : bge s3, a5, -332           : IntAlu : 
3512000: system.cpu: T0 : 0x14b14    : c_li a4, 1                 : IntAlu :  D=0x0000000000000001
3513000: system.cpu: T0 : 0x14b16    : addi a3, s9, -512          : IntAlu :  D=0x0000000000071e00
3514000: system.cpu: T0 : 0x14b1a    : lr_w a5, (a3)             
3514000: system.cpu: T0 : 0x14b1a. 0 : lr_w a5, (a3)              : MemRead :  D=0x0000000000000000 A=0x71e00
3514500: system.cpu: T0 : 0x14b1e    : c_bnez a5, 8               : IntAlu : 
3515000: system.cpu: T0 : 0x14b20    : sc_w_aq a2, a4, (a3)      
3515000: system.cpu: T0 : 0x14b20. 0 : sc_w a2, a4, (a3)          : MemWrite :  D=0x0000000000000000 A=0x71e00
3515500: system.cpu: T0 : 0x14b20. 1 : 0x1ce6a62f fence           : No_OpClass : 
3516000: system.cpu: T0 : 0x14b24    : c_bnez a2, -10             : IntAlu : 
3516500: system.cpu: T0 : 0x14b26    : c_addiw a5, 0              : IntAlu :  D=0x0000000000000000
3517000: system.cpu: T0 : 0x14b28    : bne a5, zero, 338          : IntAlu : 
3517500: system.cpu: T0 : 0x14b2c    : ld s10, 0(s7)              : MemRead :  D=0x0000000000000000 A=0x708b8
3518000: system.cpu: T0 : 0x14b30    : beq s10, zero, 152         : IntAlu : 
3518500: system.cpu: T0 : 0x14bc8    : c_li a4, 1                 : IntAlu :  D=0x0000000000000001
3519500: system.cpu: T0 : 0x14bca    : sb a4, -1476(gp)           : MemWrite :  D=0x0000000000000001 A=0x70a84
3520000: system.cpu: T0 : 0x14bce    : c_li a5, 0                 : IntAlu :  D=0x0000000000000000
3520500: system.cpu: T0 : 0x14bd0    : addi a4, s9, -512          : IntAlu :  D=0x0000000000071e00
3521000: system.cpu: T0 : 0x14bd4    : fence iorw, ow             : No_OpClass : 
3521500: system.cpu: T0 : 0x14bd8    : amoswap_w a5, a5, (a4)    
3521500: system.cpu: T0 : 0x14bd8. 0 : amoswap_w[l] a5, a5, (a4)  : MemRead :  D=0x0000000000000001 A=0x71e00
3522000: system.cpu: T0 : 0x14bdc    : c_addiw a5, 0              : IntAlu :  D=0x0000000000000001
3522500: system.cpu: T0 : 0x14bde    : c_li a4, 1                 : IntAlu :  D=0x0000000000000001
3523000: system.cpu: T0 : 0x14be0    : blt a4, a5, 174            : IntAlu : 
3523500: system.cpu: T0 : 0x14be4    : c_ldsp a5, 8(sp)           : MemRead :  D=0x0000000000000001 A=0x7ffffffffffffd68
3524000: system.cpu: T0 : 0x14be6    : c_beqz a5, 46              : IntAlu : 
3524500: system.cpu: T0 : 0x14be8    : lui s0, 106                : IntAlu :  D=0x000000000006a000
3525000: system.cpu: T0 : 0x14bec    : lui a5, 106                : IntAlu :  D=0x000000000006a000
3525500: system.cpu: T0 : 0x14bf0    : addi s1, s0, 1248          : IntAlu :  D=0x000000000006a4e0
3526000: system.cpu: T0 : 0x14bf4    : addi a5, a5, 1256          : IntAlu :  D=0x000000000006a4e8
3526500: system.cpu: T0 : 0x14bf8    : bgeu s1, a5, 28            : IntAlu : 
3527000: system.cpu: T0 : 0x14bfc    : c_addi a5, -1              : IntAlu :  D=0x000000000006a4e7
3527500: system.cpu: T0 : 0x14bfe    : c_sub a5, s1               : IntAlu :  D=0x0000000000000007
3528000: system.cpu: T0 : 0x14c00    : c_andi a5, 18446744073709551608 : IntAlu :  D=0x0000000000000000
3528500: system.cpu: T0 : 0x14c02    : c_addi a5, 8               : IntAlu :  D=0x0000000000000008
3529000: system.cpu: T0 : 0x14c04    : c_add s1, a5               : IntAlu :  D=0x000000000006a4e8
3530000: system.cpu: T0 : 0x14c06    : addi s0, s0, 1248          : IntAlu :  D=0x000000000006a4e0
3530500: system.cpu: T0 : 0x14c0a    : c_ld a5, 0(s0)             : MemRead :  D=0x0000000000019b36 A=0x6a4e0
3531000: system.cpu: T0 : 0x14c0c    : c_addi s0, 8               : IntAlu :  D=0x000000000006a4e8
3531500: system.cpu: T0 : 0x14c0e    : c_jalr a5                  : IntAlu :  D=0x0000000000014c10
3532000: system.cpu: T0 : 0x19b36    : c_addi16sp sp, -176        : IntAlu :  D=0x7ffffffffffffcb0
3532500: system.cpu: T0 : 0x19b38    : c_sdsp s6, 112(sp)         : MemWrite :  D=0x0000000000000000 A=0x7ffffffffffffd20
3533500: system.cpu: T0 : 0x19b3a    : lui s6, 111                : IntAlu :  D=0x000000000006f000
3534500: system.cpu: T0 : 0x19b3e    : ld a5, -1264(s6)           : MemRead :  D=0x2f2e2e0000000000 A=0x6eb10
3535000: system.cpu: T0 : 0x19b42    : c_sdsp s3, 136(sp)         : MemWrite :  D=0x0000000000000001 A=0x7ffffffffffffd38
3535500: system.cpu: T0 : 0x19b44    : c_li a0, 0                 : IntAlu :  D=0x0000000000000000
3536000: system.cpu: T0 : 0x19b46    : c_sdsp s5, 120(sp)         : MemWrite :  D=0x0000000000000003 A=0x7ffffffffffffd28
3536500: system.cpu: T0 : 0x19b48    : c_sdsp ra, 168(sp)         : MemWrite :  D=0x0000000000014c10 A=0x7ffffffffffffd58
3537000: system.cpu: T0 : 0x19b4a    : c_sdsp s0, 160(sp)         : MemWrite :  D=0x000000000006a4e8 A=0x7ffffffffffffd50
3537500: system.cpu: T0 : 0x19b4c    : c_sdsp s1, 152(sp)         : MemWrite :  D=0x000000000006a4e8 A=0x7ffffffffffffd48
3538000: system.cpu: T0 : 0x19b4e    : c_sdsp s2, 144(sp)         : MemWrite :  D=0x0000000000000004 A=0x7ffffffffffffd40
3538500: system.cpu: T0 : 0x19b50    : c_sdsp s4, 128(sp)         : MemWrite :  D=0x0000000000000000 A=0x7ffffffffffffd30
3539000: system.cpu: T0 : 0x19b52    : c_sdsp s7, 104(sp)         : MemWrite :  D=0x00000000000708b8 A=0x7ffffffffffffd18
3539500: system.cpu: T0 : 0x19b54    : c_sdsp s8, 96(sp)          : MemWrite :  D=0x0000000000000001 A=0x7ffffffffffffd10
3540000: system.cpu: T0 : 0x19b56    : c_sdsp s9, 88(sp)          : MemWrite :  D=0x0000000000072000 A=0x7ffffffffffffd08
3540500: system.cpu: T0 : 0x19b58    : c_sdsp s10, 80(sp)         : MemWrite :  D=0x0000000000000000 A=0x7ffffffffffffd00
3541000: system.cpu: T0 : 0x19b5a    : c_sdsp s11, 72(sp)         : MemWrite :  D=0x0000000000072000 A=0x7ffffffffffffcf8
3541500: system.cpu: T0 : 0x19b5c    : c_sdsp a5, 56(sp)          : MemWrite :  D=0x2f2e2e0000000000 A=0x7ffffffffffffce8
3542500: system.cpu: T0 : 0x19b5e    : addi s3, zero, 0           : IntAlu :  D=0x0000000000000000
3543500: system.cpu: T0 : 0x19b62    : jal ra, -556               : IntAlu :  D=0x0000000000019b66
3544000: system.cpu: T0 : 0x19936    : c_addi16sp sp, -176        : IntAlu :  D=0x7ffffffffffffc00
3544500: system.cpu: T0 : 0x19938    : c_sdsp s5, 120(sp)         : MemWrite :  D=0x0000000000000003 A=0x7ffffffffffffc78
3545500: system.cpu: T0 : 0x1993a    : lui s5, 111                : IntAlu :  D=0x000000000006f000
3546500: system.cpu: T0 : 0x1993e    : ld a5, -1264(s5)           : MemRead :  D=0x2f2e2e0000000000 A=0x6eb10
3547000: system.cpu: T0 : 0x19942    : c_sdsp s3, 136(sp)         : MemWrite :  D=0x0000000000000000 A=0x7ffffffffffffc88
3547500: system.cpu: T0 : 0x19944    : c_sdsp s9, 88(sp)          : MemWrite :  D=0x0000000000072000 A=0x7ffffffffffffc58
3548000: system.cpu: T0 : 0x19946    : c_sdsp ra, 168(sp)         : MemWrite :  D=0x0000000000019b66 A=0x7ffffffffffffca8
3548500: system.cpu: T0 : 0x19948    : c_sdsp s0, 160(sp)         : MemWrite :  D=0x000000000006a4e8 A=0x7ffffffffffffca0
3549000: system.cpu: T0 : 0x1994a    : c_sdsp s1, 152(sp)         : MemWrite :  D=0x000000000006a4e8 A=0x7ffffffffffffc98
3549500: system.cpu: T0 : 0x1994c    : c_sdsp s2, 144(sp)         : MemWrite :  D=0x0000000000000004 A=0x7ffffffffffffc90
3550000: system.cpu: T0 : 0x1994e    : c_sdsp s4, 128(sp)         : MemWrite :  D=0x0000000000000000 A=0x7ffffffffffffc80
3550500: system.cpu: T0 : 0x19950    : c_sdsp s6, 112(sp)         : MemWrite :  D=0x000000000006f000 A=0x7ffffffffffffc70
3551000: system.cpu: T0 : 0x19952    : c_sdsp s7, 104(sp)         : MemWrite :  D=0x00000000000708b8 A=0x7ffffffffffffc68
3551500: system.cpu: T0 : 0x19954    : c_sdsp s8, 96(sp)          : MemWrite :  D=0x0000000000000001 A=0x7ffffffffffffc60
3552000: system.cpu: T0 : 0x19956    : c_sdsp s10, 80(sp)         : MemWrite :  D=0x0000000000000000 A=0x7ffffffffffffc50
3552500: system.cpu: T0 : 0x19958    : c_sdsp s11, 72(sp)         : MemWrite :  D=0x0000000000072000 A=0x7ffffffffffffc48
3553000: system.cpu: T0 : 0x1995a    : c_sdsp a5, 56(sp)          : MemWrite :  D=0x2f2e2e0000000000 A=0x7ffffffffffffc38
3553500: system.cpu: T0 : 0x1995c    : addi s3, zero, 0           : IntAlu :  D=0x0000000000000000
3554000: system.cpu: T0 : 0x19960    : c_mv s9, a0                : IntAlu :  D=0x0000000000000000
3555000: system.cpu: T0 : 0x19962    : beq s3, zero, 428          : IntAlu : 
3555500: system.cpu: T0 : 0x19b0e    : c_lui a5, 25               : IntAlu :  D=0x0000000000019000
3556000: system.cpu: T0 : 0x19b10    : addi a5, a5, -1140         : IntAlu :  D=0x0000000000018b8c
3556500: system.cpu: T0 : 0x19b14    : c_sdsp a5, 24(sp)          : MemWrite :  D=0x0000000000018b8c A=0x7ffffffffffffc18
3557000: system.cpu: T0 : 0x19b16    : c_sdsp zero, 32(sp)        : MemWrite :  D=0x0000000000000000 A=0x7ffffffffffffc20
3557500: system.cpu: T0 : 0x19b18    : c_j -416                   : IntAlu : 
3558000: system.cpu: T0 : 0x19978    : addi s8, gp, 1320          : IntAlu :  D=0x0000000000071570
3558500: system.cpu: T0 : 0x1997c    : ld a5, 8(s8)               : MemRead :  D=0x0000000000000000 A=0x71578
3559000: system.cpu: T0 : 0x19980    : addi s0, tp, -1808         : IntAlu :  D=0x0000000000072000
3559500: system.cpu: T0 : 0x19984    : beq a5, s0, 28             : IntAlu : 
3560000: system.cpu: T0 : 0x19988    : c_li a3, 1                 : IntAlu :  D=0x0000000000000001
3561000: system.cpu: T0 : 0x1998a    : lr_w a5, (s8)             
3561000: system.cpu: T0 : 0x1998a. 0 : lr_w a5, (s8)              : MemRead :  D=0x0000000000000000 A=0x71570
3561500: system.cpu: T0 : 0x1998e    : c_bnez a5, 8               : IntAlu : 
3562000: system.cpu: T0 : 0x19990    : sc_w_aq a4, a3, (s8)      
3562000: system.cpu: T0 : 0x19990. 0 : sc_w a4, a3, (s8)          : MemWrite :  D=0x0000000000000000 A=0x71570
3562500: system.cpu: T0 : 0x19990. 1 : 0x1cdc272f fence           : No_OpClass : 
3563000: system.cpu: T0 : 0x19994    : c_bnez a4, -10             : IntAlu : 
3563500: system.cpu: T0 : 0x19996    : c_addiw a5, 0              : IntAlu :  D=0x0000000000000000
3564000: system.cpu: T0 : 0x19998    : bne a5, zero, 386          : IntAlu : 
3564500: system.cpu: T0 : 0x1999c    : sd s0, 8(s8)               : MemWrite :  D=0x0000000000072000 A=0x71578
3565000: system.cpu: T0 : 0x199a0    : lw a4, 4(s8)               : MemRead :  D=0x0000000000000000 A=0x71574
3565500: system.cpu: T0 : 0x199a4    : ld s0, -1920(gp)           : MemRead :  D=0x000000000006f000 A=0x708c8
3566000: system.cpu: T0 : 0x199a8    : addiw a3, a4, 1            : IntAlu :  D=0x0000000000000001
3566500: system.cpu: T0 : 0x199ac    : sw a3, 4(s8)               : MemWrite :  D=0x0000000000000001 A=0x71574
3567000: system.cpu: T0 : 0x199b0    : beq s0, zero, 382          : IntAlu : 
3567500: system.cpu: T0 : 0x199b4    : lui s1, 106                : IntAlu :  D=0x000000000006a000
3568000: system.cpu: T0 : 0x199b8    : lui s2, 106                : IntAlu :  D=0x000000000006a000
3568500: system.cpu: T0 : 0x199bc    : addi s2, s2, -264          : IntAlu :  D=0x0000000000069ef8
3569000: system.cpu: T0 : 0x199c0    : addi s1, s1, 1248          : IntAlu :  D=0x000000000006a4e0
3569500: system.cpu: T0 : 0x199c4    : c_li s4, 0                 : IntAlu :  D=0x0000000000000000
3570000: system.cpu: T0 : 0x199c6    : c_lui s11, 8               : IntAlu :  D=0x0000000000008000
3570500: system.cpu: T0 : 0x199c8    : c_li s6, 1                 : IntAlu :  D=0x0000000000000001
3571500: system.cpu: T0 : 0x199ca    : sub s1, s1, s2             : IntAlu :  D=0x00000000000005e8
3572500: system.cpu: T0 : 0x199ce    : sd s0, -1456(gp)           : MemWrite :  D=0x000000000006f000 A=0x70a98
3573500: system.cpu: T0 : 0x199d2    : beq s9, zero, 54           : IntAlu : 
3574000: system.cpu: T0 : 0x19a08    : lw a5, 192(s0)             : MemRead :  D=0x0000000000000000 A=0x6f0c0
3574500: system.cpu: T0 : 0x19a0c    : bge zero, a5, 150          : IntAlu : 
3575000: system.cpu: T0 : 0x19aa2    : c_ld a3, 40(s0)            : MemRead :  D=0x0000000000000000 A=0x6f028
3575500: system.cpu: T0 : 0x19aa4    : c_ld a5, 32(s0)            : MemRead :  D=0x0000000000000000 A=0x6f020
3576500: system.cpu: T0 : 0x19aa6    : bgeu a5, a3, -116          : IntAlu : 
3577500: system.cpu: T0 : 0x19a32    : beq s9, zero, 28           : IntAlu : 
3578000: system.cpu: T0 : 0x19a4e    : c_ld s0, 104(s0)           : MemRead :  D=0x000000000006f1c8 A=0x6f068
3578500: system.cpu: T0 : 0x19a50    : sd zero, -1456(gp)         : MemWrite :  D=0x0000000000000000 A=0x70a98
3579000: system.cpu: T0 : 0x19a54    : c_bnez s0, -134            : IntAlu : 
3580000: system.cpu: T0 : 0x199ce    : sd s0, -1456(gp)           : MemWrite :  D=0x000000000006f1c8 A=0x70a98
3581000: system.cpu: T0 : 0x199d2    : beq s9, zero, 54           : IntAlu : 
3581500: system.cpu: T0 : 0x19a08    : lw a5, 192(s0)             : MemRead :  D=0x0000000000000000 A=0x6f288
3582000: system.cpu: T0 : 0x19a0c    : bge zero, a5, 150          : IntAlu : 
3582500: system.cpu: T0 : 0x19aa2    : c_ld a3, 40(s0)            : MemRead :  D=0x0000000000000000 A=0x6f1f0
3583000: system.cpu: T0 : 0x19aa4    : c_ld a5, 32(s0)            : MemRead :  D=0x0000000000000000 A=0x6f1e8
3584000: system.cpu: T0 : 0x19aa6    : bgeu a5, a3, -116          : IntAlu : 
3585000: system.cpu: T0 : 0x19a32    : beq s9, zero, 28           : IntAlu : 
3585500: system.cpu: T0 : 0x19a4e    : c_ld s0, 104(s0)           : MemRead :  D=0x000000000006f390 A=0x6f230
3586000: system.cpu: T0 : 0x19a50    : sd zero, -1456(gp)         : MemWrite :  D=0x0000000000000000 A=0x70a98
3586500: system.cpu: T0 : 0x19a54    : c_bnez s0, -134            : IntAlu : 
3587500: system.cpu: T0 : 0x199ce    : sd s0, -1456(gp)           : MemWrite :  D=0x000000000006f390 A=0x70a98
3588500: system.cpu: T0 : 0x199d2    : beq s9, zero, 54           : IntAlu : 
3589000: system.cpu: T0 : 0x19a08    : lw a5, 192(s0)             : MemRead :  D=0x0000000000000000 A=0x6f450
3589500: system.cpu: T0 : 0x19a0c    : bge zero, a5, 150          : IntAlu : 
3590000: system.cpu: T0 : 0x19aa2    : c_ld a3, 40(s0)            : MemRead :  D=0x0000000000000000 A=0x6f3b8
3590500: system.cpu: T0 : 0x19aa4    : c_ld a5, 32(s0)            : MemRead :  D=0x0000000000000000 A=0x6f3b0
3591500: system.cpu: T0 : 0x19aa6    : bgeu a5, a3, -116          : IntAlu : 
3592500: system.cpu: T0 : 0x19a32    : beq s9, zero, 28           : IntAlu : 
3593000: system.cpu: T0 : 0x19a4e    : c_ld s0, 104(s0)           : MemRead :  D=0x0000000000000000 A=0x6f3f8
3593500: system.cpu: T0 : 0x19a50    : sd zero, -1456(gp)         : MemWrite :  D=0x0000000000000000 A=0x70a98
3594000: system.cpu: T0 : 0x19a54    : c_bnez s0, -134            : IntAlu : 
3595000: system.cpu: T0 : 0x19a56    : lw a5, 4(s8)               : MemRead :  D=0x0000000000000001 A=0x71574
3596000: system.cpu: T0 : 0x19a5a    : addiw a4, a5, -1           : IntAlu :  D=0x0000000000000000
3597000: system.cpu: T0 : 0x19a5e    : sw a4, 4(s8)               : MemWrite :  D=0x0000000000000000 A=0x71574
3597500: system.cpu: T0 : 0x19a62    : c_beqz a4, 128             : IntAlu : 
3598500: system.cpu: T0 : 0x19ae2    : sd zero, 8(s8)             : MemWrite :  D=0x0000000000000000 A=0x71578
3599000: system.cpu: T0 : 0x19ae6    : c_mv a5, a4                : IntAlu :  D=0x0000000000000000
3599500: system.cpu: T0 : 0x19ae8    : fence iorw, ow             : No_OpClass : 
3600000: system.cpu: T0 : 0x19aec    : amoswap_w a5, a5, (s8)    
3600000: system.cpu: T0 : 0x19aec. 0 : amoswap_w[l] a5, a5, (s8)  : MemRead :  D=0x0000000000000001 A=0x71570
3600500: system.cpu: T0 : 0x19af0    : c_addiw a5, 0              : IntAlu :  D=0x0000000000000001
3601000: system.cpu: T0 : 0x19af2    : c_li a4, 1                 : IntAlu :  D=0x0000000000000001
3601500: system.cpu: T0 : 0x19af4    : bge a4, a5, -144           : IntAlu : 
3602000: system.cpu: T0 : 0x19a64    : beq s3, zero, 16           : IntAlu : 
3602500: system.cpu: T0 : 0x19a74    : c_ldsp a4, 56(sp)          : MemRead :  D=0x2f2e2e0000000000 A=0x7ffffffffffffc38
3603500: system.cpu: T0 : 0x19a76    : ld a5, -1264(s5)           : MemRead :  D=0x2f2e2e0000000000 A=0x6eb10
3604500: system.cpu: T0 : 0x19a7a    : bne a4, a5, 184            : IntAlu : 
3605000: system.cpu: T0 : 0x19a7e    : c_ldsp ra, 168(sp)         : MemRead :  D=0x0000000000019b66 A=0x7ffffffffffffca8
3605500: system.cpu: T0 : 0x19a80    : c_ldsp s0, 160(sp)         : MemRead :  D=0x000000000006a4e8 A=0x7ffffffffffffca0
3606000: system.cpu: T0 : 0x19a82    : c_ldsp s1, 152(sp)         : MemRead :  D=0x000000000006a4e8 A=0x7ffffffffffffc98
3606500: system.cpu: T0 : 0x19a84    : c_ldsp s2, 144(sp)         : MemRead :  D=0x0000000000000004 A=0x7ffffffffffffc90
3607000: system.cpu: T0 : 0x19a86    : c_ldsp s3, 136(sp)         : MemRead :  D=0x0000000000000000 A=0x7ffffffffffffc88
3607500: system.cpu: T0 : 0x19a88    : c_ldsp s5, 120(sp)         : MemRead :  D=0x0000000000000003 A=0x7ffffffffffffc78
3608000: system.cpu: T0 : 0x19a8a    : c_ldsp s6, 112(sp)         : MemRead :  D=0x000000000006f000 A=0x7ffffffffffffc70
3608500: system.cpu: T0 : 0x19a8c    : c_ldsp s7, 104(sp)         : MemRead :  D=0x00000000000708b8 A=0x7ffffffffffffc68
3609000: system.cpu: T0 : 0x19a8e    : c_ldsp s8, 96(sp)          : MemRead :  D=0x0000000000000001 A=0x7ffffffffffffc60
3609500: system.cpu: T0 : 0x19a90    : c_ldsp s9, 88(sp)          : MemRead :  D=0x0000000000072000 A=0x7ffffffffffffc58
3610000: system.cpu: T0 : 0x19a92    : c_ldsp s10, 80(sp)         : MemRead :  D=0x0000000000000000 A=0x7ffffffffffffc50
3610500: system.cpu: T0 : 0x19a94    : c_ldsp s11, 72(sp)         : MemRead :  D=0x0000000000072000 A=0x7ffffffffffffc48
3611000: system.cpu: T0 : 0x19a96    : c_mv a0, s4                : IntAlu :  D=0x0000000000000000
3611500: system.cpu: T0 : 0x19a98    : c_ldsp s4, 128(sp)         : MemRead :  D=0x0000000000000000 A=0x7ffffffffffffc80
3612000: system.cpu: T0 : 0x19a9a    : c_addi16sp sp, 176         : IntAlu :  D=0x7ffffffffffffcb0
3612500: system.cpu: T0 : 0x19a9c    : c_jr ra                    : IntAlu : 
3613000: system.cpu: T0 : 0x19b66    : c_mv s5, a0                : IntAlu :  D=0x0000000000000000
3613500: system.cpu: T0 : 0x19b68    : beq s3, zero, 482          : IntAlu : 
3614000: system.cpu: T0 : 0x19d4a    : c_lui a5, 25               : IntAlu :  D=0x0000000000019000
3614500: system.cpu: T0 : 0x19d4c    : addi a5, a5, -1140         : IntAlu :  D=0x0000000000018b8c
3615000: system.cpu: T0 : 0x19d50    : c_sdsp a5, 24(sp)          : MemWrite :  D=0x0000000000018b8c A=0x7ffffffffffffcc8
3615500: system.cpu: T0 : 0x19d52    : c_sdsp zero, 32(sp)        : MemWrite :  D=0x0000000000000000 A=0x7ffffffffffffcd0
3616000: system.cpu: T0 : 0x19d54    : c_j -470                   : IntAlu : 
3617000: system.cpu: T0 : 0x19b7e    : addi s1, gp, 1320          : IntAlu :  D=0x0000000000071570
3617500: system.cpu: T0 : 0x19b82    : c_ld a5, 8(s1)             : MemRead :  D=0x0000000000000000 A=0x71578
3618000: system.cpu: T0 : 0x19b84    : addi s0, tp, -1808         : IntAlu :  D=0x0000000000072000
3618500: system.cpu: T0 : 0x19b88    : beq s0, a5, 26             : IntAlu : 
3619000: system.cpu: T0 : 0x19b8c    : c_li a4, 1                 : IntAlu :  D=0x0000000000000001
3620000: system.cpu: T0 : 0x19b8e    : lr_w a5, (s1)             
3620000: system.cpu: T0 : 0x19b8e. 0 : lr_w a5, (s1)              : MemRead :  D=0x0000000000000000 A=0x71570
3620500: system.cpu: T0 : 0x19b92    : c_bnez a5, 8               : IntAlu : 
3621000: system.cpu: T0 : 0x19b94    : sc_w_aq a3, a4, (s1)      
3621000: system.cpu: T0 : 0x19b94. 0 : sc_w a3, a4, (s1)          : MemWrite :  D=0x0000000000000000 A=0x71570
3621500: system.cpu: T0 : 0x19b94. 1 : 0x1ce4a6af fence           : No_OpClass : 
3622000: system.cpu: T0 : 0x19b98    : c_bnez a3, -10             : IntAlu : 
3622500: system.cpu: T0 : 0x19b9a    : c_addiw a5, 0              : IntAlu :  D=0x0000000000000000
3623000: system.cpu: T0 : 0x19b9c    : bne a5, zero, 442          : IntAlu : 
3623500: system.cpu: T0 : 0x19ba0    : c_sd s0, 8(s1)             : MemWrite :  D=0x0000000000072000 A=0x71578
3624000: system.cpu: T0 : 0x19ba2    : c_lw a3, 4(s1)             : MemRead :  D=0x0000000000000000 A=0x71574
3624500: system.cpu: T0 : 0x19ba4    : ld s0, -1920(gp)           : MemRead :  D=0x000000000006f000 A=0x708c8
3625000: system.cpu: T0 : 0x19ba8    : addiw a4, a3, 1            : IntAlu :  D=0x0000000000000001
3625500: system.cpu: T0 : 0x19bac    : c_sw a4, 4(s1)             : MemWrite :  D=0x0000000000000001 A=0x71574
3626000: system.cpu: T0 : 0x19bae    : c_beqz s0, 202             : IntAlu : 
3626500: system.cpu: T0 : 0x19bb0    : lui s2, 106                : IntAlu :  D=0x000000000006a000
3627000: system.cpu: T0 : 0x19bb4    : lui s4, 106                : IntAlu :  D=0x000000000006a000
3627500: system.cpu: T0 : 0x19bb8    : addi s4, s4, -264          : IntAlu :  D=0x0000000000069ef8
3628000: system.cpu: T0 : 0x19bbc    : addi s2, s2, 1248          : IntAlu :  D=0x000000000006a4e0
3628500: system.cpu: T0 : 0x19bc0    : sub s2, s2, s4             : IntAlu :  D=0x00000000000005e8
3629000: system.cpu: T0 : 0x19bc4    : c_li s9, 2                 : IntAlu :  D=0x0000000000000002
3629500: system.cpu: T0 : 0x19bc6    : c_j 12                     : IntAlu : 
3630000: system.cpu: T0 : 0x19bd2    : c_lw a5, 0(s0)             : MemRead :  D=0xfffffffffbad2086 A=0x6f000
3630500: system.cpu: T0 : 0x19bd4    : c_andi a5, 2               : IntAlu :  D=0x0000000000000002
3631500: system.cpu: T0 : 0x19bd6    : addiw s8, a5, 0            : IntAlu :  D=0x0000000000000002
3632000: system.cpu: T0 : 0x19bda    : c_bnez a5, -18             : IntAlu : 
3632500: system.cpu: T0 : 0x19bc8    : c_li a5, -1                : IntAlu :  D=0xffffffffffffffff
3633500: system.cpu: T0 : 0x19bca    : sw a5, 192(s0)             : MemWrite :  D=0x00000000ffffffff A=0x6f0c0
3634000: system.cpu: T0 : 0x19bce    : c_ld s0, 104(s0)           : MemRead :  D=0x000000000006f1c8 A=0x6f068
3634500: system.cpu: T0 : 0x19bd0    : c_beqz s0, 162             : IntAlu : 
3635000: system.cpu: T0 : 0x19bd2    : c_lw a5, 0(s0)             : MemRead :  D=0xfffffffffbad2084 A=0x6f1c8
3635500: system.cpu: T0 : 0x19bd4    : c_andi a5, 2               : IntAlu :  D=0x0000000000000000
3636500: system.cpu: T0 : 0x19bd6    : addiw s8, a5, 0            : IntAlu :  D=0x0000000000000000
3637000: system.cpu: T0 : 0x19bda    : c_bnez a5, -18             : IntAlu : 
3637500: system.cpu: T0 : 0x19bdc    : lw a5, 192(s0)             : MemRead :  D=0x0000000000000000 A=0x6f288
3638000: system.cpu: T0 : 0x19be0    : c_beqz a5, -24             : IntAlu : 
3638500: system.cpu: T0 : 0x19bc8    : c_li a5, -1                : IntAlu :  D=0xffffffffffffffff
3639500: system.cpu: T0 : 0x19bca    : sw a5, 192(s0)             : MemWrite :  D=0x00000000ffffffff A=0x6f288
3640000: system.cpu: T0 : 0x19bce    : c_ld s0, 104(s0)           : MemRead :  D=0x000000000006f390 A=0x6f230
3640500: system.cpu: T0 : 0x19bd0    : c_beqz s0, 162             : IntAlu : 
3641000: system.cpu: T0 : 0x19bd2    : c_lw a5, 0(s0)             : MemRead :  D=0xfffffffffbad2088 A=0x6f390
3641500: system.cpu: T0 : 0x19bd4    : c_andi a5, 2               : IntAlu :  D=0x0000000000000000
3642500: system.cpu: T0 : 0x19bd6    : addiw s8, a5, 0            : IntAlu :  D=0x0000000000000000
3643000: system.cpu: T0 : 0x19bda    : c_bnez a5, -18             : IntAlu : 
3643500: system.cpu: T0 : 0x19bdc    : lw a5, 192(s0)             : MemRead :  D=0x0000000000000000 A=0x6f450
3644000: system.cpu: T0 : 0x19be0    : c_beqz a5, -24             : IntAlu : 
3644500: system.cpu: T0 : 0x19bc8    : c_li a5, -1                : IntAlu :  D=0xffffffffffffffff
3645500: system.cpu: T0 : 0x19bca    : sw a5, 192(s0)             : MemWrite :  D=0x00000000ffffffff A=0x6f450
3646000: system.cpu: T0 : 0x19bce    : c_ld s0, 104(s0)           : MemRead :  D=0x0000000000000000 A=0x6f3f8
3646500: system.cpu: T0 : 0x19bd0    : c_beqz s0, 162             : IntAlu : 
3647000: system.cpu: T0 : 0x19c72    : c_lw a5, 4(s1)             : MemRead :  D=0x0000000000000001 A=0x71574
3647500: system.cpu: T0 : 0x19c74    : addiw a3, a5, -1           : IntAlu :  D=0x0000000000000000
3648000: system.cpu: T0 : 0x19c78    : c_sw a3, 4(s1)             : MemWrite :  D=0x0000000000000000 A=0x71574
3648500: system.cpu: T0 : 0x19c7a    : c_beqz a3, 126             : IntAlu : 
3649000: system.cpu: T0 : 0x19cf8    : sd zero, 8(s1)             : MemWrite :  D=0x0000000000000000 A=0x71578
3649500: system.cpu: T0 : 0x19cfc    : c_mv a5, a3                : IntAlu :  D=0x0000000000000000
3650500: system.cpu: T0 : 0x19cfe    : fence iorw, ow             : No_OpClass : 
3651500: system.cpu: T0 : 0x19d02    : amoswap_w a5, a5, (s1)    
3651500: system.cpu: T0 : 0x19d02. 0 : amoswap_w[l] a5, a5, (s1)  : MemRead :  D=0x0000000000000001 A=0x71570
3652000: system.cpu: T0 : 0x19d06    : c_addiw a5, 0              : IntAlu :  D=0x0000000000000001
3652500: system.cpu: T0 : 0x19d08    : c_li a4, 1                 : IntAlu :  D=0x0000000000000001
3653500: system.cpu: T0 : 0x19d0a    : bge a4, a5, -142           : IntAlu : 
3654000: system.cpu: T0 : 0x19c7c    : beq s3, zero, 16           : IntAlu : 
3654500: system.cpu: T0 : 0x19c8c    : c_ldsp a4, 56(sp)          : MemRead :  D=0x2f2e2e0000000000 A=0x7ffffffffffffce8
3655500: system.cpu: T0 : 0x19c8e    : ld a5, -1264(s6)           : MemRead :  D=0x2f2e2e0000000000 A=0x6eb10
3656500: system.cpu: T0 : 0x19c92    : bne a4, a5, 216            : IntAlu : 
3657000: system.cpu: T0 : 0x19c96    : c_ldsp ra, 168(sp)         : MemRead :  D=0x0000000000014c10 A=0x7ffffffffffffd58
3657500: system.cpu: T0 : 0x19c98    : c_ldsp s0, 160(sp)         : MemRead :  D=0x000000000006a4e8 A=0x7ffffffffffffd50
3658000: system.cpu: T0 : 0x19c9a    : c_ldsp s1, 152(sp)         : MemRead :  D=0x000000000006a4e8 A=0x7ffffffffffffd48
3658500: system.cpu: T0 : 0x19c9c    : c_ldsp s2, 144(sp)         : MemRead :  D=0x0000000000000004 A=0x7ffffffffffffd40
3659000: system.cpu: T0 : 0x19c9e    : c_ldsp s3, 136(sp)         : MemRead :  D=0x0000000000000001 A=0x7ffffffffffffd38
3659500: system.cpu: T0 : 0x19ca0    : c_ldsp s4, 128(sp)         : MemRead :  D=0x0000000000000000 A=0x7ffffffffffffd30
3660000: system.cpu: T0 : 0x19ca2    : c_ldsp s6, 112(sp)         : MemRead :  D=0x0000000000000000 A=0x7ffffffffffffd20
3660500: system.cpu: T0 : 0x19ca4    : c_ldsp s7, 104(sp)         : MemRead :  D=0x00000000000708b8 A=0x7ffffffffffffd18
3661000: system.cpu: T0 : 0x19ca6    : c_ldsp s8, 96(sp)          : MemRead :  D=0x0000000000000001 A=0x7ffffffffffffd10
3661500: system.cpu: T0 : 0x19ca8    : c_ldsp s9, 88(sp)          : MemRead :  D=0x0000000000072000 A=0x7ffffffffffffd08
3662000: system.cpu: T0 : 0x19caa    : c_ldsp s10, 80(sp)         : MemRead :  D=0x0000000000000000 A=0x7ffffffffffffd00
3662500: system.cpu: T0 : 0x19cac    : c_ldsp s11, 72(sp)         : MemRead :  D=0x0000000000072000 A=0x7ffffffffffffcf8
3663000: system.cpu: T0 : 0x19cae    : c_mv a0, s5                : IntAlu :  D=0x0000000000000000
3663500: system.cpu: T0 : 0x19cb0    : c_ldsp s5, 120(sp)         : MemRead :  D=0x0000000000000003 A=0x7ffffffffffffd28
3664000: system.cpu: T0 : 0x19cb2    : c_addi16sp sp, 176         : IntAlu :  D=0x7ffffffffffffd60
3664500: system.cpu: T0 : 0x19cb4    : c_jr ra                    : IntAlu : 
3665000: system.cpu: T0 : 0x14c10    : bne s1, s0, -6             : IntAlu : 
3665500: system.cpu: T0 : 0x14c14    : c_mv a0, s6                : IntAlu :  D=0x0000000000000000
3666500: system.cpu: T0 : 0x14c16    : jal ra, 48000              : IntAlu :  D=0x0000000000014c1a
3667000: system.cpu: T0 : 0x20796    : c_mv a4, a0                : IntAlu :  D=0x0000000000000000
3667500: system.cpu: T0 : 0x20798    : addi a7, zero, 94          : IntAlu :  D=0x000000000000005e
3668000: system.cpu: T0 : 0x2079c    : ecall                      : No_OpClass : 
