      0: system.cpu: T0 : 0x10348    : jal ra, 46                 : IntAlu :  D=0x000000000001034c
   1000: system.cpu: T0 : 0x10376    : auipc gp, 97               : IntAlu :  D=0x0000000000071376
   2000: system.cpu: T0 : 0x1037a    : addi gp, gp, -838          : IntAlu :  D=0x0000000000071030
   2500: system.cpu: T0 : 0x1037e    : c_jr ra                    : IntAlu : 
   3000: system.cpu: T0 : 0x1034c    : c_mv a5, a0                : IntAlu :  D=0x0000000000000000
   4000: system.cpu: T0 : 0x1034e    : auipc a0, 0                : IntAlu :  D=0x000000000001034e
   5000: system.cpu: T0 : 0x10352    : addi a0, a0, 226           : IntAlu :  D=0x0000000000010430
   5500: system.cpu: T0 : 0x10356    : c_ldsp a1, 0(sp)           : MemRead :  D=0x0000000000000001 A=0x7fffffffffffff30
   6000: system.cpu: T0 : 0x10358    : c_addi4spn a2, sp, 8       : IntAlu :  D=0x7fffffffffffff38
   7000: system.cpu: T0 : 0x1035a    : andi sp, sp, 18446744073709551600 : IntAlu :  D=0x7fffffffffffff30
   8000: system.cpu: T0 : 0x1035e    : auipc a3, 0                : IntAlu :  D=0x000000000001035e
   9000: system.cpu: T0 : 0x10362    : addi a3, a3, 1772          : IntAlu :  D=0x0000000000010a4a
  10000: system.cpu: T0 : 0x10366    : auipc a4, 0                : IntAlu :  D=0x0000000000010366
  11000: system.cpu: T0 : 0x1036a    : addi a4, a4, 1908          : IntAlu :  D=0x0000000000010ada
  11500: system.cpu: T0 : 0x1036e    : c_mv a6, sp                : IntAlu :  D=0x7fffffffffffff30
  12000: system.cpu: T0 : 0x10370    : jal ra, 526                : IntAlu :  D=0x0000000000010374
  12500: system.cpu: T0 : 0x1057e    : c_addi16sp sp, -320        : IntAlu :  D=0x7ffffffffffffdf0
  13000: system.cpu: T0 : 0x10580    : c_sdsp s0, 304(sp)         : MemWrite :  D=0x0000000000000000 A=0x7fffffffffffff20
  13500: system.cpu: T0 : 0x10582    : c_sdsp s1, 296(sp)         : MemWrite :  D=0x0000000000000000 A=0x7fffffffffffff18
  14000: system.cpu: T0 : 0x10584    : c_sdsp s2, 288(sp)         : MemWrite :  D=0x0000000000000000 A=0x7fffffffffffff10
  14500: system.cpu: T0 : 0x10586    : c_sdsp a2, 16(sp)          : MemWrite :  D=0x7fffffffffffff38 A=0x7ffffffffffffe00
  15000: system.cpu: T0 : 0x10588    : c_sdsp ra, 312(sp)         : MemWrite :  D=0x0000000000010374 A=0x7fffffffffffff28
  16000: system.cpu: T0 : 0x1058a    : addi t1, zero, 0           : IntAlu :  D=0x0000000000000000
  16500: system.cpu: T0 : 0x1058e    : c_sdsp a0, 24(sp)          : MemWrite :  D=0x0000000000010430 A=0x7ffffffffffffe08
  17000: system.cpu: T0 : 0x10590    : c_sdsp a1, 8(sp)           : MemWrite :  D=0x0000000000000001 A=0x7ffffffffffffdf8
  17500: system.cpu: T0 : 0x10592    : c_mv s0, a3                : IntAlu :  D=0x0000000000010a4a
  18000: system.cpu: T0 : 0x10594    : c_mv s1, a4                : IntAlu :  D=0x0000000000010ada
  18500: system.cpu: T0 : 0x10596    : c_mv s2, a5                : IntAlu :  D=0x0000000000000000
  19000: system.cpu: T0 : 0x10598    : c_li a2, 0                 : IntAlu :  D=0x0000000000000000
  20000: system.cpu: T0 : 0x1059a    : beq t1, zero, 12           : IntAlu : 
  20500: system.cpu: T0 : 0x105a6    : c_ldsp a5, 8(sp)           : MemRead :  D=0x0000000000000001 A=0x7ffffffffffffdf8
  21000: system.cpu: T0 : 0x105a8    : addi a0, a5, 1             : IntAlu :  D=0x0000000000000002
  21500: system.cpu: T0 : 0x105ac    : c_ldsp a5, 16(sp)          : MemRead :  D=0x7fffffffffffff38 A=0x7ffffffffffffe00
  22000: system.cpu: T0 : 0x105ae    : c_slli a0, 3               : IntAlu :  D=0x0000000000000010
  22500: system.cpu: T0 : 0x105b0    : c_add a0, a5               : IntAlu :  D=0x7fffffffffffff48
  23500: system.cpu: T0 : 0x105b2    : sw a2, -1728(gp)           : MemWrite :  D=0x0000000000000000 A=0x70970
  24500: system.cpu: T0 : 0x105b6    : sd a0, -1360(gp)           : MemWrite :  D=0x7fffffffffffff48 A=0x70ae0
  25500: system.cpu: T0 : 0x105ba    : lui a5, 111                : IntAlu :  D=0x000000000006f000
  26500: system.cpu: T0 : 0x105be    : sd a6, -80(a5)             : MemWrite :  D=0x7fffffffffffff30 A=0x6efb0
  27000: system.cpu: T0 : 0x105c2    : c_ld a2, 0(a0)             : MemRead :  D=0x0000000000000000 A=0x7fffffffffffff48
  27500: system.cpu: T0 : 0x105c4    : c_addi a0, 8               : IntAlu :  D=0x7fffffffffffff50
  28000: system.cpu: T0 : 0x105c6    : c_bnez a2, -4              : IntAlu : 
  28500: system.cpu: T0 : 0x105c8    : jal ra, 72964              : IntAlu :  D=0x00000000000105cc
  29000: system.cpu: T0 : 0x222cc    : c_ld a5, 0(a0)             : MemRead :  D=0x0000000000000009 A=0x7fffffffffffff50
  30000: system.cpu: T0 : 0x222ce    : lui a4, 114                : IntAlu :  D=0x0000000000072000
  31000: system.cpu: T0 : 0x222d2    : sd a0, -448(a4)            : MemWrite :  D=0x7fffffffffffff50 A=0x71e40
  32000: system.cpu: T0 : 0x222d6    : beq a5, zero, 618          : IntAlu : 
  32500: system.cpu: T0 : 0x222da    : c_addi16sp sp, -224        : IntAlu :  D=0x7ffffffffffffd10
  33000: system.cpu: T0 : 0x222dc    : c_sdsp s1, 208(sp)         : MemWrite :  D=0x0000000000010ada A=0x7ffffffffffffde0
  34000: system.cpu: T0 : 0x222de    : lui s1, 114                : IntAlu :  D=0x0000000000072000
  35000: system.cpu: T0 : 0x222e2    : ld a4, -376(s1)            : MemRead :  D=0x0000000000000000 A=0x71e88
  35500: system.cpu: T0 : 0x222e6    : c_sdsp s3, 192(sp)         : MemWrite :  D=0x0000000000000000 A=0x7ffffffffffffdd0
  36000: system.cpu: T0 : 0x222e8    : c_sdsp a4, 64(sp)          : MemWrite :  D=0x0000000000000000 A=0x7ffffffffffffd50
  37000: system.cpu: T0 : 0x222ea    : ld a4, -1336(gp)           : MemRead :  D=0x0000000000000000 A=0x70af8
  38000: system.cpu: T0 : 0x222ee    : lui a6, 111                : IntAlu :  D=0x000000000006f000
  39000: system.cpu: T0 : 0x222f2    : addi a6, a6, -128          : IntAlu :  D=0x000000000006ef80
  39500: system.cpu: T0 : 0x222f6    : c_sdsp a4, 32(sp)          : MemWrite :  D=0x0000000000000000 A=0x7ffffffffffffd30
  40000: system.cpu: T0 : 0x222f8    : ld a4, 0(a6)               : MemRead :  D=0x0000000000000000 A=0x6ef80
  40500: system.cpu: T0 : 0x222fc    : lui t3, 111                : IntAlu :  D=0x000000000006f000
  41000: system.cpu: T0 : 0x22300    : lui t1, 114                : IntAlu :  D=0x0000000000072000
  41500: system.cpu: T0 : 0x22304    : c_sdsp a4, 104(sp)         : MemWrite :  D=0x0000000000000000 A=0x7ffffffffffffd78
  42500: system.cpu: T0 : 0x22306    : lw a4, -72(t3)             : MemRead :  D=0x0000000000000001 A=0x6efb8
  43000: system.cpu: T0 : 0x2230a    : c_sdsp s2, 200(sp)         : MemWrite :  D=0x0000000000000000 A=0x7ffffffffffffdd8
  43500: system.cpu: T0 : 0x2230c    : c_sdsp a4, 80(sp)          : MemWrite :  D=0x0000000000000001 A=0x7ffffffffffffd60
  44500: system.cpu: T0 : 0x2230e    : lw a4, -304(t1)            : MemRead :  D=0x0000000000000000 A=0x71ed0
  45000: system.cpu: T0 : 0x22312    : c_sdsp s4, 184(sp)         : MemWrite :  D=0x0000000000000000 A=0x7ffffffffffffdc8
  45500: system.cpu: T0 : 0x22314    : c_sdsp a4, 96(sp)          : MemWrite :  D=0x0000000000000000 A=0x7ffffffffffffd70
  46500: system.cpu: T0 : 0x22316    : lw a4, -1344(gp)           : MemRead :  D=0x0000000000000000 A=0x70af0
  47000: system.cpu: T0 : 0x2231a    : c_sdsp s0, 216(sp)         : MemWrite :  D=0x0000000000010a4a A=0x7ffffffffffffde8
  47500: system.cpu: T0 : 0x2231c    : lui s0, 114                : IntAlu :  D=0x0000000000072000
  48000: system.cpu: T0 : 0x22320    : c_sdsp a4, 48(sp)          : MemWrite :  D=0x0000000000000000 A=0x7ffffffffffffd40
  49000: system.cpu: T0 : 0x22322    : ld a4, -1328(gp)           : MemRead :  D=0x0000000000000000 A=0x70b00
  50000: system.cpu: T0 : 0x22326    : lui t6, 114                : IntAlu :  D=0x0000000000072000
  50500: system.cpu: T0 : 0x2232a    : c_sdsp a4, 24(sp)          : MemWrite :  D=0x0000000000000000 A=0x7ffffffffffffd28
  51000: system.cpu: T0 : 0x2232c    : ld a4, -440(s0)            : MemRead :  D=0x0000000000000000 A=0x71e48
  51500: system.cpu: T0 : 0x22330    : lui t2, 114                : IntAlu :  D=0x0000000000072000
  52000: system.cpu: T0 : 0x22334    : lui t0, 114                : IntAlu :  D=0x0000000000072000
  52500: system.cpu: T0 : 0x22338    : c_sdsp a4, 8(sp)           : MemWrite :  D=0x0000000000000000 A=0x7ffffffffffffd18
  53500: system.cpu: T0 : 0x2233a    : ld a4, -1784(gp)           : MemRead :  D=0x0000000000001000 A=0x70938
  54500: system.cpu: T0 : 0x2233e    : lui a3, 80                 : IntAlu :  D=0x0000000000050000
  55000: system.cpu: T0 : 0x22342    : c_sdsp s5, 176(sp)         : MemWrite :  D=0x0000000000000000 A=0x7ffffffffffffdc0
  55500: system.cpu: T0 : 0x22344    : c_sdsp s6, 168(sp)         : MemWrite :  D=0x0000000000000000 A=0x7ffffffffffffdb8
  56000: system.cpu: T0 : 0x22346    : c_sdsp s7, 160(sp)         : MemWrite :  D=0x0000000000000000 A=0x7ffffffffffffdb0
  56500: system.cpu: T0 : 0x22348    : c_sdsp s8, 152(sp)         : MemWrite :  D=0x0000000000000000 A=0x7ffffffffffffda8
  57000: system.cpu: T0 : 0x2234a    : c_sdsp s10, 136(sp)        : MemWrite :  D=0x0000000000000000 A=0x7ffffffffffffd98
  57500: system.cpu: T0 : 0x2234c    : c_sdsp s11, 128(sp)        : MemWrite :  D=0x0000000000000000 A=0x7ffffffffffffd90
  58000: system.cpu: T0 : 0x2234e    : c_sdsp a4, 120(sp)         : MemWrite :  D=0x0000000000001000 A=0x7ffffffffffffd88
  58500: system.cpu: T0 : 0x22350    : lw s7, -384(t6)            : MemRead :  D=0x0000000000000000 A=0x71e80
  59000: system.cpu: T0 : 0x22354    : ld s11, -352(t2)           : MemRead :  D=0x0000000000000000 A=0x71ea0
  59500: system.cpu: T0 : 0x22358    : c_sdsp s9, 144(sp)         : MemWrite :  D=0x0000000000000000 A=0x7ffffffffffffda0
  60000: system.cpu: T0 : 0x2235a    : c_li s10, 0                : IntAlu :  D=0x0000000000000000
  60500: system.cpu: T0 : 0x2235c    : ld s9, -408(t0)            : MemRead :  D=0x0000000000000000 A=0x71e68
  61000: system.cpu: T0 : 0x22360    : c_li s8, 0                 : IntAlu :  D=0x0000000000000000
  61500: system.cpu: T0 : 0x22362    : c_sdsp zero, 112(sp)       : MemWrite :  D=0x0000000000000000 A=0x7ffffffffffffd80
  62000: system.cpu: T0 : 0x22364    : c_sdsp zero, 88(sp)        : MemWrite :  D=0x0000000000000000 A=0x7ffffffffffffd68
  62500: system.cpu: T0 : 0x22366    : c_sdsp zero, 72(sp)        : MemWrite :  D=0x0000000000000000 A=0x7ffffffffffffd58
  63000: system.cpu: T0 : 0x22368    : c_sdsp zero, 56(sp)        : MemWrite :  D=0x0000000000000000 A=0x7ffffffffffffd48
  63500: system.cpu: T0 : 0x2236a    : c_sdsp zero, 40(sp)        : MemWrite :  D=0x0000000000000000 A=0x7ffffffffffffd38
  64000: system.cpu: T0 : 0x2236c    : c_sdsp zero, 16(sp)        : MemWrite :  D=0x0000000000000000 A=0x7ffffffffffffd20
  64500: system.cpu: T0 : 0x2236e    : c_li s6, 0                 : IntAlu :  D=0x0000000000000000
  65000: system.cpu: T0 : 0x22370    : c_li s5, 0                 : IntAlu :  D=0x0000000000000000
  65500: system.cpu: T0 : 0x22372    : c_li t5, 0                 : IntAlu :  D=0x0000000000000000
  66000: system.cpu: T0 : 0x22374    : c_li a7, 0                 : IntAlu :  D=0x0000000000000000
  66500: system.cpu: T0 : 0x22376    : c_li a1, 0                 : IntAlu :  D=0x0000000000000000
  67000: system.cpu: T0 : 0x22378    : c_li a2, 0                 : IntAlu :  D=0x0000000000000000
  67500: system.cpu: T0 : 0x2237a    : c_li a4, 30                : IntAlu :  D=0x000000000000001e
  68000: system.cpu: T0 : 0x2237c    : addi a3, a3, -1024         : IntAlu :  D=0x000000000004fc00
  68500: system.cpu: T0 : 0x22380    : c_addi a5, -3              : IntAlu :  D=0x0000000000000006
  69500: system.cpu: T0 : 0x22382    : bltu a4, a5, 20            : IntAlu : 
  70000: system.cpu: T0 : 0x22386    : c_slli a5, 2               : IntAlu :  D=0x0000000000000018
  70500: system.cpu: T0 : 0x22388    : c_add a5, a3               : IntAlu :  D=0x000000000004fc18
  71000: system.cpu: T0 : 0x2238a    : c_lw a5, 0(a5)             : MemRead :  D=0x0000000000022396 A=0x4fc18
  71500: system.cpu: T0 : 0x2238c    : c_jr a5                    : IntAlu : 
  72000: system.cpu: T0 : 0x22396    : c_ld a5, 16(a0)            : MemRead :  D=0x0000000000000005 A=0x7fffffffffffff60
  72500: system.cpu: T0 : 0x22398    : c_addi a0, 16              : IntAlu :  D=0x7fffffffffffff60
  73000: system.cpu: T0 : 0x2239a    : c_bnez a5, -26             : IntAlu : 
  73500: system.cpu: T0 : 0x22380    : c_addi a5, -3              : IntAlu :  D=0x0000000000000002
  74500: system.cpu: T0 : 0x22382    : bltu a4, a5, 20            : IntAlu : 
  75000: system.cpu: T0 : 0x22386    : c_slli a5, 2               : IntAlu :  D=0x0000000000000008
  75500: system.cpu: T0 : 0x22388    : c_add a5, a3               : IntAlu :  D=0x000000000004fc08
  76000: system.cpu: T0 : 0x2238a    : c_lw a5, 0(a5)             : MemRead :  D=0x0000000000022514 A=0x4fc08
  76500: system.cpu: T0 : 0x2238c    : c_jr a5                    : IntAlu : 
  77000: system.cpu: T0 : 0x22514    : c_ld a5, 16(a0)            : MemRead :  D=0x0000000000000004 A=0x7fffffffffffff70
  78000: system.cpu: T0 : 0x22516    : ld s11, 8(a0)              : MemRead :  D=0x0000000000000006 A=0x7fffffffffffff68
  78500: system.cpu: T0 : 0x2251a    : c_li s8, 1                 : IntAlu :  D=0x0000000000000001
  79000: system.cpu: T0 : 0x2251c    : c_addi a0, 16              : IntAlu :  D=0x7fffffffffffff70
  80000: system.cpu: T0 : 0x2251e    : bne a5, zero, -414         : IntAlu : 
  80500: system.cpu: T0 : 0x22380    : c_addi a5, -3              : IntAlu :  D=0x0000000000000001
  81500: system.cpu: T0 : 0x22382    : bltu a4, a5, 20            : IntAlu : 
  82000: system.cpu: T0 : 0x22386    : c_slli a5, 2               : IntAlu :  D=0x0000000000000004
  82500: system.cpu: T0 : 0x22388    : c_add a5, a3               : IntAlu :  D=0x000000000004fc04
  83000: system.cpu: T0 : 0x2238a    : c_lw a5, 0(a5)             : MemRead :  D=0x0000000000022396 A=0x4fc04
  83500: system.cpu: T0 : 0x2238c    : c_jr a5                    : IntAlu : 
  84000: system.cpu: T0 : 0x22396    : c_ld a5, 16(a0)            : MemRead :  D=0x0000000000000003 A=0x7fffffffffffff80
  84500: system.cpu: T0 : 0x22398    : c_addi a0, 16              : IntAlu :  D=0x7fffffffffffff80
  85000: system.cpu: T0 : 0x2239a    : c_bnez a5, -26             : IntAlu : 
  85500: system.cpu: T0 : 0x22380    : c_addi a5, -3              : IntAlu :  D=0x0000000000000000
  86500: system.cpu: T0 : 0x22382    : bltu a4, a5, 20            : IntAlu : 
  87000: system.cpu: T0 : 0x22386    : c_slli a5, 2               : IntAlu :  D=0x0000000000000000
  87500: system.cpu: T0 : 0x22388    : c_add a5, a3               : IntAlu :  D=0x000000000004fc00
  88000: system.cpu: T0 : 0x2238a    : c_lw a5, 0(a5)             : MemRead :  D=0x0000000000022524 A=0x4fc00
  88500: system.cpu: T0 : 0x2238c    : c_jr a5                    : IntAlu : 
  89000: system.cpu: T0 : 0x22524    : c_ld a5, 16(a0)            : MemRead :  D=0x0000000000000006 A=0x7fffffffffffff90
  90000: system.cpu: T0 : 0x22526    : ld s9, 8(a0)               : MemRead :  D=0x0000000000010040 A=0x7fffffffffffff88
  90500: system.cpu: T0 : 0x2252a    : c_li s6, 1                 : IntAlu :  D=0x0000000000000001
  91000: system.cpu: T0 : 0x2252c    : c_addi a0, 16              : IntAlu :  D=0x7fffffffffffff90
  92000: system.cpu: T0 : 0x2252e    : bne a5, zero, -430         : IntAlu : 
  92500: system.cpu: T0 : 0x22380    : c_addi a5, -3              : IntAlu :  D=0x0000000000000003
  93500: system.cpu: T0 : 0x22382    : bltu a4, a5, 20            : IntAlu : 
  94000: system.cpu: T0 : 0x22386    : c_slli a5, 2               : IntAlu :  D=0x000000000000000c
  94500: system.cpu: T0 : 0x22388    : c_add a5, a3               : IntAlu :  D=0x000000000004fc0c
  95000: system.cpu: T0 : 0x2238a    : c_lw a5, 0(a5)             : MemRead :  D=0x000000000002238e A=0x4fc0c
  95500: system.cpu: T0 : 0x2238c    : c_jr a5                    : IntAlu : 
  96000: system.cpu: T0 : 0x2238e    : c_ld a5, 8(a0)             : MemRead :  D=0x0000000000001000 A=0x7fffffffffffff98
  96500: system.cpu: T0 : 0x22390    : c_beqz a5, 6               : IntAlu : 
  97000: system.cpu: T0 : 0x22392    : c_sdsp a5, 120(sp)         : MemWrite :  D=0x0000000000001000 A=0x7ffffffffffffd88
  97500: system.cpu: T0 : 0x22394    : c_li t5, 1                 : IntAlu :  D=0x0000000000000001
  98000: system.cpu: T0 : 0x22396    : c_ld a5, 16(a0)            : MemRead :  D=0x0000000000000017 A=0x7fffffffffffffa0
  98500: system.cpu: T0 : 0x22398    : c_addi a0, 16              : IntAlu :  D=0x7fffffffffffffa0
  99000: system.cpu: T0 : 0x2239a    : c_bnez a5, -26             : IntAlu : 
  99500: system.cpu: T0 : 0x22380    : c_addi a5, -3              : IntAlu :  D=0x0000000000000014
 100500: system.cpu: T0 : 0x22382    : bltu a4, a5, 20            : IntAlu : 
 101000: system.cpu: T0 : 0x22386    : c_slli a5, 2               : IntAlu :  D=0x0000000000000050
 101500: system.cpu: T0 : 0x22388    : c_add a5, a3               : IntAlu :  D=0x000000000004fc50
 102000: system.cpu: T0 : 0x2238a    : c_lw a5, 0(a5)             : MemRead :  D=0x0000000000022468 A=0x4fc50
 102500: system.cpu: T0 : 0x2238c    : c_jr a5                    : IntAlu : 
 103000: system.cpu: T0 : 0x22468    : c_lw a5, 8(a0)             : MemRead :  D=0x0000000000000000 A=0x7fffffffffffffa8
 103500: system.cpu: T0 : 0x2246a    : c_li a2, -1                : IntAlu :  D=0xffffffffffffffff
 104000: system.cpu: T0 : 0x2246c    : c_addi a0, 16              : IntAlu :  D=0x7fffffffffffffb0
 104500: system.cpu: T0 : 0x2246e    : c_sdsp a5, 80(sp)          : MemWrite :  D=0x0000000000000000 A=0x7ffffffffffffd60
 105000: system.cpu: T0 : 0x22470    : c_li a5, 1                 : IntAlu :  D=0x0000000000000001
 105500: system.cpu: T0 : 0x22472    : c_sdsp a5, 96(sp)          : MemWrite :  D=0x0000000000000001 A=0x7ffffffffffffd70
 106000: system.cpu: T0 : 0x22474    : c_sdsp a5, 88(sp)          : MemWrite :  D=0x0000000000000001 A=0x7ffffffffffffd68
 106500: system.cpu: T0 : 0x22476    : c_ld a5, 0(a0)             : MemRead :  D=0x0000000000000019 A=0x7fffffffffffffb0
 107000: system.cpu: T0 : 0x22478    : c_bnez a5, -248            : IntAlu : 
 107500: system.cpu: T0 : 0x22380    : c_addi a5, -3              : IntAlu :  D=0x0000000000000016
 108500: system.cpu: T0 : 0x22382    : bltu a4, a5, 20            : IntAlu : 
 109000: system.cpu: T0 : 0x22386    : c_slli a5, 2               : IntAlu :  D=0x0000000000000058
 109500: system.cpu: T0 : 0x22388    : c_add a5, a3               : IntAlu :  D=0x000000000004fc58
 110000: system.cpu: T0 : 0x2238a    : c_lw a5, 0(a5)             : MemRead :  D=0x0000000000022458 A=0x4fc58
 110500: system.cpu: T0 : 0x2238c    : c_jr a5                    : IntAlu : 
 111000: system.cpu: T0 : 0x22458    : c_ld a5, 8(a0)             : MemRead :  D=0x7fffffffffffffd0 A=0x7fffffffffffffb8
 111500: system.cpu: T0 : 0x2245a    : c_addi a0, 16              : IntAlu :  D=0x7fffffffffffffc0
 112000: system.cpu: T0 : 0x2245c    : c_sdsp a5, 104(sp)         : MemWrite :  D=0x7fffffffffffffd0 A=0x7ffffffffffffd78
 112500: system.cpu: T0 : 0x2245e    : c_li a5, 1                 : IntAlu :  D=0x0000000000000001
 113000: system.cpu: T0 : 0x22460    : c_sdsp a5, 112(sp)         : MemWrite :  D=0x0000000000000001 A=0x7ffffffffffffd80
 113500: system.cpu: T0 : 0x22462    : c_ld a5, 0(a0)             : MemRead :  D=0x0000000000000000 A=0x7fffffffffffffc0
 114000: system.cpu: T0 : 0x22464    : c_bnez a5, -228            : IntAlu : 
 114500: system.cpu: T0 : 0x22466    : c_j -202                   : IntAlu : 
 115000: system.cpu: T0 : 0x2239c    : bne t5, zero, 408          : IntAlu : 
 115500: system.cpu: T0 : 0x22534    : c_ldsp a5, 120(sp)         : MemRead :  D=0x0000000000001000 A=0x7ffffffffffffd88
 116500: system.cpu: T0 : 0x22536    : sd a5, -1784(gp)           : MemWrite :  D=0x0000000000001000 A=0x70938
 117500: system.cpu: T0 : 0x2253a    : bne s5, zero, -406         : IntAlu : 
 118000: system.cpu: T0 : 0x2253e    : c_j -406                   : IntAlu : 
 118500: system.cpu: T0 : 0x223a8    : beq s6, zero, 8            : IntAlu : 
 119000: system.cpu: T0 : 0x223ac    : sd s9, -408(t0)            : MemWrite :  D=0x0000000000010040 A=0x71e68
 119500: system.cpu: T0 : 0x223b0    : beq s8, zero, 8            : IntAlu : 
 120000: system.cpu: T0 : 0x223b4    : sd s11, -352(t2)           : MemWrite :  D=0x0000000000000006 A=0x71ea0
 120500: system.cpu: T0 : 0x223b8    : beq s10, zero, 10          : IntAlu : 
 121000: system.cpu: T0 : 0x223c2    : c_ldsp a5, 16(sp)          : MemRead :  D=0x0000000000000000 A=0x7ffffffffffffd20
 121500: system.cpu: T0 : 0x223c4    : c_beqz a5, 8               : IntAlu : 
 122000: system.cpu: T0 : 0x223cc    : c_ldsp a5, 40(sp)          : MemRead :  D=0x0000000000000000 A=0x7ffffffffffffd38
 122500: system.cpu: T0 : 0x223ce    : c_beqz a5, 8               : IntAlu : 
 123000: system.cpu: T0 : 0x223d6    : c_ldsp a5, 56(sp)          : MemRead :  D=0x0000000000000000 A=0x7ffffffffffffd48
 123500: system.cpu: T0 : 0x223d8    : c_beqz a5, 8               : IntAlu : 
 124000: system.cpu: T0 : 0x223e0    : c_ldsp a5, 72(sp)          : MemRead :  D=0x0000000000000000 A=0x7ffffffffffffd58
 124500: system.cpu: T0 : 0x223e2    : c_beqz a5, 8               : IntAlu : 
 125000: system.cpu: T0 : 0x223ea    : c_ldsp a5, 88(sp)          : MemRead :  D=0x0000000000000001 A=0x7ffffffffffffd68
 125500: system.cpu: T0 : 0x223ec    : c_beqz a5, 14              : IntAlu : 
 126000: system.cpu: T0 : 0x223ee    : c_ldsp a5, 80(sp)          : MemRead :  D=0x0000000000000000 A=0x7ffffffffffffd60
 126500: system.cpu: T0 : 0x223f0    : sw a5, -72(t3)             : MemWrite :  D=0x0000000000000000 A=0x6efb8
 127000: system.cpu: T0 : 0x223f4    : c_ldsp a5, 96(sp)          : MemRead :  D=0x0000000000000001 A=0x7ffffffffffffd70
 128000: system.cpu: T0 : 0x223f6    : sw a5, -304(t1)            : MemWrite :  D=0x0000000000000001 A=0x71ed0
 128500: system.cpu: T0 : 0x223fa    : c_ldsp a5, 112(sp)         : MemRead :  D=0x0000000000000001 A=0x7ffffffffffffd80
 129000: system.cpu: T0 : 0x223fc    : c_beqz a5, 8               : IntAlu : 
 129500: system.cpu: T0 : 0x223fe    : c_ldsp a5, 104(sp)         : MemRead :  D=0x7fffffffffffffd0 A=0x7ffffffffffffd78
 130000: system.cpu: T0 : 0x22400    : sd a5, 0(a6)               : MemWrite :  D=0x7fffffffffffffd0 A=0x6ef80
 130500: system.cpu: T0 : 0x22404    : c_li a5, 15                : IntAlu :  D=0x000000000000000f
 131500: system.cpu: T0 : 0x22406    : bne a2, a5, 22             : IntAlu : 
 132000: system.cpu: T0 : 0x2241c    : c_ldsp s0, 216(sp)         : MemRead :  D=0x0000000000010a4a A=0x7ffffffffffffde8
 132500: system.cpu: T0 : 0x2241e    : c_ldsp s1, 208(sp)         : MemRead :  D=0x0000000000010ada A=0x7ffffffffffffde0
 133000: system.cpu: T0 : 0x22420    : c_ldsp s2, 200(sp)         : MemRead :  D=0x0000000000000000 A=0x7ffffffffffffdd8
 133500: system.cpu: T0 : 0x22422    : c_ldsp s3, 192(sp)         : MemRead :  D=0x0000000000000000 A=0x7ffffffffffffdd0
 134000: system.cpu: T0 : 0x22424    : c_ldsp s4, 184(sp)         : MemRead :  D=0x0000000000000000 A=0x7ffffffffffffdc8
 134500: system.cpu: T0 : 0x22426    : c_ldsp s5, 176(sp)         : MemRead :  D=0x0000000000000000 A=0x7ffffffffffffdc0
 135000: system.cpu: T0 : 0x22428    : c_ldsp s6, 168(sp)         : MemRead :  D=0x0000000000000000 A=0x7ffffffffffffdb8
 135500: system.cpu: T0 : 0x2242a    : c_ldsp s7, 160(sp)         : MemRead :  D=0x0000000000000000 A=0x7ffffffffffffdb0
 136000: system.cpu: T0 : 0x2242c    : c_ldsp s8, 152(sp)         : MemRead :  D=0x0000000000000000 A=0x7ffffffffffffda8
 136500: system.cpu: T0 : 0x2242e    : c_ldsp s9, 144(sp)         : MemRead :  D=0x0000000000000000 A=0x7ffffffffffffda0
 137000: system.cpu: T0 : 0x22430    : c_ldsp s10, 136(sp)        : MemRead :  D=0x0000000000000000 A=0x7ffffffffffffd98
 137500: system.cpu: T0 : 0x22432    : c_ldsp s11, 128(sp)        : MemRead :  D=0x0000000000000000 A=0x7ffffffffffffd90
 138000: system.cpu: T0 : 0x22434    : c_addi16sp sp, 224         : IntAlu :  D=0x7ffffffffffffdf0
 138500: system.cpu: T0 : 0x22436    : c_jr ra                    : IntAlu : 
 139000: system.cpu: T0 : 0x105cc    : lui a5, 114                : IntAlu :  D=0x0000000000072000
 139500: system.cpu: T0 : 0x105d0    : ld a4, -408(a5)            : MemRead :  D=0x0000000000010040 A=0x71e68
 140000: system.cpu: T0 : 0x105d4    : beq a4, zero, 320          : IntAlu : 
 140500: system.cpu: T0 : 0x105d8    : jal ra, 75470              : IntAlu :  D=0x00000000000105dc
 141500: system.cpu: T0 : 0x22ca6    : lui a5, 114                : IntAlu :  D=0x0000000000072000
 142500: system.cpu: T0 : 0x22caa    : lw a5, -304(a5)            : MemRead :  D=0x0000000000000001 A=0x71ed0
 143000: system.cpu: T0 : 0x22cae    : c_beqz a5, 4               : IntAlu : 
 143500: system.cpu: T0 : 0x22cb0    : c_jr ra                    : IntAlu : 
 144000: system.cpu: T0 : 0x105dc    : ld a0, -1360(gp)           : MemRead :  D=0x7fffffffffffff48 A=0x70ae0
 144500: system.cpu: T0 : 0x105e0    : jal ra, 71968              : IntAlu :  D=0x00000000000105e4
 145000: system.cpu: T0 : 0x21f00    : c_addi16sp sp, -128        : IntAlu :  D=0x7ffffffffffffd70
 145500: system.cpu: T0 : 0x21f02    : c_sdsp s4, 80(sp)          : MemWrite :  D=0x0000000000000000 A=0x7ffffffffffffdc0
 146000: system.cpu: T0 : 0x21f04    : lui s4, 111                : IntAlu :  D=0x000000000006f000
 146500: system.cpu: T0 : 0x21f08    : lw a5, -72(s4)             : MemRead :  D=0x0000000000000000 A=0x6efb8
 147000: system.cpu: T0 : 0x21f0c    : c_sdsp s7, 56(sp)          : MemWrite :  D=0x0000000000000000 A=0x7ffffffffffffda8
 147500: system.cpu: T0 : 0x21f0e    : c_sdsp ra, 120(sp)         : MemWrite :  D=0x00000000000105e4 A=0x7ffffffffffffde8
 148000: system.cpu: T0 : 0x21f10    : c_sdsp s0, 112(sp)         : MemWrite :  D=0x0000000000010a4a A=0x7ffffffffffffde0
 148500: system.cpu: T0 : 0x21f12    : c_sdsp s1, 104(sp)         : MemWrite :  D=0x0000000000010ada A=0x7ffffffffffffdd8
 149000: system.cpu: T0 : 0x21f14    : c_sdsp s2, 96(sp)          : MemWrite :  D=0x0000000000000000 A=0x7ffffffffffffdd0
 149500: system.cpu: T0 : 0x21f16    : c_sdsp s3, 88(sp)          : MemWrite :  D=0x0000000000000000 A=0x7ffffffffffffdc8
 150000: system.cpu: T0 : 0x21f18    : c_sdsp s5, 72(sp)          : MemWrite :  D=0x0000000000000000 A=0x7ffffffffffffdb8
 150500: system.cpu: T0 : 0x21f1a    : c_sdsp s6, 64(sp)          : MemWrite :  D=0x0000000000000000 A=0x7ffffffffffffdb0
 151000: system.cpu: T0 : 0x21f1c    : c_sdsp s8, 48(sp)          : MemWrite :  D=0x0000000000000000 A=0x7ffffffffffffda0
 151500: system.cpu: T0 : 0x21f1e    : c_sdsp s9, 40(sp)          : MemWrite :  D=0x0000000000000000 A=0x7ffffffffffffd98
 152000: system.cpu: T0 : 0x21f20    : c_sdsp s10, 32(sp)         : MemWrite :  D=0x0000000000000000 A=0x7ffffffffffffd90
 152500: system.cpu: T0 : 0x21f22    : c_sdsp s11, 24(sp)         : MemWrite :  D=0x0000000000000000 A=0x7ffffffffffffd88
 153000: system.cpu: T0 : 0x21f24    : c_mv s7, a0                : IntAlu :  D=0x7fffffffffffff48
 154000: system.cpu: T0 : 0x21f26    : bne a5, zero, 750          : IntAlu : 
 155000: system.cpu: T0 : 0x21f2a    : lui s0, 111                : IntAlu :  D=0x000000000006f000
 156000: system.cpu: T0 : 0x21f2e    : addi s3, zero, 61          : IntAlu :  D=0x000000000000003d
 157000: system.cpu: T0 : 0x21f32    : lui s1, 80                 : IntAlu :  D=0x0000000000050000
 158000: system.cpu: T0 : 0x21f36    : addi s6, s0, -1248         : IntAlu :  D=0x000000000006eb20
 159000: system.cpu: T0 : 0x21f3a    : beq s7, zero, 166          : IntAlu : 
 159500: system.cpu: T0 : 0x21f3e    : c_mv a3, s7                : IntAlu :  D=0x7fffffffffffff48
 160000: system.cpu: T0 : 0x21f40    : ld s9, 0(a3)               : MemRead :  D=0x0000000000000000 A=0x7fffffffffffff48
 160500: system.cpu: T0 : 0x21f44    : c_mv s5, a3                : IntAlu :  D=0x7fffffffffffff48
 161500: system.cpu: T0 : 0x21f46    : beq s9, zero, 154          : IntAlu : 
 162000: system.cpu: T0 : 0x21fe0    : c_ldsp ra, 120(sp)         : MemRead :  D=0x00000000000105e4 A=0x7ffffffffffffde8
 162500: system.cpu: T0 : 0x21fe2    : c_ldsp s0, 112(sp)         : MemRead :  D=0x0000000000010a4a A=0x7ffffffffffffde0
 163000: system.cpu: T0 : 0x21fe4    : c_ldsp s1, 104(sp)         : MemRead :  D=0x0000000000010ada A=0x7ffffffffffffdd8
 163500: system.cpu: T0 : 0x21fe6    : c_ldsp s2, 96(sp)          : MemRead :  D=0x0000000000000000 A=0x7ffffffffffffdd0
 164000: system.cpu: T0 : 0x21fe8    : c_ldsp s3, 88(sp)          : MemRead :  D=0x0000000000000000 A=0x7ffffffffffffdc8
 164500: system.cpu: T0 : 0x21fea    : c_ldsp s4, 80(sp)          : MemRead :  D=0x0000000000000000 A=0x7ffffffffffffdc0
 165000: system.cpu: T0 : 0x21fec    : c_ldsp s5, 72(sp)          : MemRead :  D=0x0000000000000000 A=0x7ffffffffffffdb8
 165500: system.cpu: T0 : 0x21fee    : c_ldsp s6, 64(sp)          : MemRead :  D=0x0000000000000000 A=0x7ffffffffffffdb0
 166000: system.cpu: T0 : 0x21ff0    : c_ldsp s7, 56(sp)          : MemRead :  D=0x0000000000000000 A=0x7ffffffffffffda8
 166500: system.cpu: T0 : 0x21ff2    : c_ldsp s8, 48(sp)          : MemRead :  D=0x0000000000000000 A=0x7ffffffffffffda0
 167000: system.cpu: T0 : 0x21ff4    : c_ldsp s9, 40(sp)          : MemRead :  D=0x0000000000000000 A=0x7ffffffffffffd98
 167500: system.cpu: T0 : 0x21ff6    : c_ldsp s10, 32(sp)         : MemRead :  D=0x0000000000000000 A=0x7ffffffffffffd90
 168000: system.cpu: T0 : 0x21ff8    : c_ldsp s11, 24(sp)         : MemRead :  D=0x0000000000000000 A=0x7ffffffffffffd88
 168500: system.cpu: T0 : 0x21ffa    : c_addi16sp sp, 128         : IntAlu :  D=0x7ffffffffffffdf0
 169000: system.cpu: T0 : 0x21ffc    : c_jr ra                    : IntAlu : 
 169500: system.cpu: T0 : 0x105e4    : jal ra, 664                : IntAlu :  D=0x00000000000105e8
 170000: system.cpu: T0 : 0x1087c    : c_addi16sp sp, -128        : IntAlu :  D=0x7ffffffffffffd70
 171000: system.cpu: T0 : 0x1087e    : lui a5, 114                : IntAlu :  D=0x0000000000072000
 171500: system.cpu: T0 : 0x10882    : c_sdsp s0, 112(sp)         : MemWrite :  D=0x0000000000010a4a A=0x7ffffffffffffde0
 172000: system.cpu: T0 : 0x10884    : ld s0, -408(a5)            : MemRead :  D=0x0000000000010040 A=0x71e68
 172500: system.cpu: T0 : 0x10888    : c_sdsp s3, 88(sp)          : MemWrite :  D=0x0000000000000000 A=0x7ffffffffffffdc8
 173500: system.cpu: T0 : 0x1088a    : lui a5, 112                : IntAlu :  D=0x0000000000070000
 174000: system.cpu: T0 : 0x1088e    : c_sdsp ra, 120(sp)         : MemWrite :  D=0x00000000000105e8 A=0x7ffffffffffffde8
 174500: system.cpu: T0 : 0x10890    : c_sdsp s1, 104(sp)         : MemWrite :  D=0x0000000000010ada A=0x7ffffffffffffdd8
 175000: system.cpu: T0 : 0x10892    : c_sdsp s2, 96(sp)          : MemWrite :  D=0x0000000000000000 A=0x7ffffffffffffdd0
 175500: system.cpu: T0 : 0x10894    : c_sdsp s4, 80(sp)          : MemWrite :  D=0x0000000000000000 A=0x7ffffffffffffdc0
 176000: system.cpu: T0 : 0x10896    : c_sdsp s5, 72(sp)          : MemWrite :  D=0x0000000000000000 A=0x7ffffffffffffdb8
 176500: system.cpu: T0 : 0x10898    : c_sdsp s6, 64(sp)          : MemWrite :  D=0x0000000000000000 A=0x7ffffffffffffdb0
 177000: system.cpu: T0 : 0x1089a    : c_sdsp s7, 56(sp)          : MemWrite :  D=0x0000000000000000 A=0x7ffffffffffffda8
 177500: system.cpu: T0 : 0x1089c    : c_sdsp s8, 48(sp)          : MemWrite :  D=0x0000000000000000 A=0x7ffffffffffffda0
 178000: system.cpu: T0 : 0x1089e    : c_sdsp s9, 40(sp)          : MemWrite :  D=0x0000000000000000 A=0x7ffffffffffffd98
 178500: system.cpu: T0 : 0x108a0    : c_sdsp s10, 32(sp)         : MemWrite :  D=0x0000000000000000 A=0x7ffffffffffffd90
 179000: system.cpu: T0 : 0x108a2    : c_sdsp s11, 24(sp)         : MemWrite :  D=0x0000000000000000 A=0x7ffffffffffffd88
 179500: system.cpu: T0 : 0x108a4    : ld s3, 816(a5)             : MemRead :  D=0x000000000006fe60 A=0x70330
 180000: system.cpu: T0 : 0x108a8    : beq s0, zero, 368          : IntAlu : 
 180500: system.cpu: T0 : 0x108ac    : lui a5, 114                : IntAlu :  D=0x0000000000072000
 181000: system.cpu: T0 : 0x108b0    : ld a5, -352(a5)            : MemRead :  D=0x0000000000000006 A=0x71ea0
 181500: system.cpu: T0 : 0x108b4    : slli a4, a5, 3             : IntAlu :  D=0x0000000000000030
 182000: system.cpu: T0 : 0x108b8    : c_sub a4, a5               : IntAlu :  D=0x000000000000002a
 182500: system.cpu: T0 : 0x108ba    : c_slli a4, 3               : IntAlu :  D=0x0000000000000150
 183000: system.cpu: T0 : 0x108bc    : c_add a4, s0               : IntAlu :  D=0x0000000000010190
 184000: system.cpu: T0 : 0x108be    : bgeu s0, a4, 322           : IntAlu : 
 184500: system.cpu: T0 : 0x108c2    : c_li a3, 7                 : IntAlu :  D=0x0000000000000007
 185000: system.cpu: T0 : 0x108c4    : c_j 10                     : IntAlu : 
 185500: system.cpu: T0 : 0x108ce    : c_lw a5, 0(s0)             : MemRead :  D=0x0000000000000001 A=0x10040
 186000: system.cpu: T0 : 0x108d0    : bne a5, a3, -10            : IntAlu : 
 187000: system.cpu: T0 : 0x108c6    : addi s0, s0, 56            : IntAlu :  D=0x0000000000010078
 188000: system.cpu: T0 : 0x108ca    : bgeu s0, a4, 310           : IntAlu : 
 188500: system.cpu: T0 : 0x108ce    : c_lw a5, 0(s0)             : MemRead :  D=0x0000000000000001 A=0x10078
 189000: system.cpu: T0 : 0x108d0    : bne a5, a3, -10            : IntAlu : 
 190000: system.cpu: T0 : 0x108c6    : addi s0, s0, 56            : IntAlu :  D=0x00000000000100b0
 191000: system.cpu: T0 : 0x108ca    : bgeu s0, a4, 310           : IntAlu : 
 191500: system.cpu: T0 : 0x108ce    : c_lw a5, 0(s0)             : MemRead :  D=0x0000000000000004 A=0x100b0
 192000: system.cpu: T0 : 0x108d0    : bne a5, a3, -10            : IntAlu : 
 193000: system.cpu: T0 : 0x108c6    : addi s0, s0, 56            : IntAlu :  D=0x00000000000100e8
 194000: system.cpu: T0 : 0x108ca    : bgeu s0, a4, 310           : IntAlu : 
 194500: system.cpu: T0 : 0x108ce    : c_lw a5, 0(s0)             : MemRead :  D=0x0000000000000007 A=0x100e8
 195000: system.cpu: T0 : 0x108d0    : bne a5, a3, -10            : IntAlu : 
 195500: system.cpu: T0 : 0x108d4    : ld s5, 48(s0)              : MemRead :  D=0x0000000000000008 A=0x10118
 196000: system.cpu: T0 : 0x108d8    : ld a1, 0(s3)               : MemRead :  D=0x0000000000000000 A=0x6fe60
 196500: system.cpu: T0 : 0x108dc    : c_ld a4, 16(s0)            : MemRead :  D=0x000000000006ead0 A=0x100f8
 197000: system.cpu: T0 : 0x108de    : c_li a5, 16                : IntAlu :  D=0x0000000000000010
 197500: system.cpu: T0 : 0x108e0    : ld s10, 40(s0)             : MemRead :  D=0x0000000000000060 A=0x10110
 198000: system.cpu: T0 : 0x108e4    : ld s4, 32(s0)              : MemRead :  D=0x0000000000000020 A=0x10108
 198500: system.cpu: T0 : 0x108e8    : c_mv s8, s5                : IntAlu :  D=0x0000000000000008
 199500: system.cpu: T0 : 0x108ea    : add s0, a1, a4             : IntAlu :  D=0x000000000006ead0
 200500: system.cpu: T0 : 0x108ee    : bltu s5, a5, 260           : IntAlu : 
 201000: system.cpu: T0 : 0x109f2    : c_li s8, 16                : IntAlu :  D=0x0000000000000010
 201500: system.cpu: T0 : 0x109f4    : addi a4, s8, -1            : IntAlu :  D=0x000000000000000f
 202000: system.cpu: T0 : 0x109f8    : c_mv s9, s5                : IntAlu :  D=0x0000000000000008
 203000: system.cpu: T0 : 0x109fa    : bne s5, zero, -254         : IntAlu : 
 203500: system.cpu: T0 : 0x108fc    : sub s11, zero, s8          : IntAlu :  D=0xfffffffffffffff0
 204000: system.cpu: T0 : 0x10900    : beq s5, zero, 302          : IntAlu : 
 204500: system.cpu: T0 : 0x10904    : addi s2, s5, -1            : IntAlu :  D=0x0000000000000007
 205000: system.cpu: T0 : 0x10908    : divu a5, s2, s9            : IntDiv :  D=0x0000000000000000
 205500: system.cpu: T0 : 0x1090c    : c_add s2, s10              : IntAlu :  D=0x0000000000000067
 206500: system.cpu: T0 : 0x1090e    : mul s7, a5, s9             : IntMult :  D=0x0000000000000000
 207000: system.cpu: T0 : 0x10912    : c_mv a5, s7                : IntAlu :  D=0x0000000000000000
 207500: system.cpu: T0 : 0x10914    : ld a0, -1968(gp)           : MemRead :  D=0x0000000000000800 A=0x70880
 208000: system.cpu: T0 : 0x10918    : c_sdsp a5, 8(sp)           : MemWrite :  D=0x0000000000000000 A=0x7ffffffffffffd78
 208500: system.cpu: T0 : 0x1091a    : c_sdsp a4, 0(sp)           : MemWrite :  D=0x000000000000000f A=0x7ffffffffffffd70
 209000: system.cpu: T0 : 0x1091c    : addi a0, a0, 1808          : IntAlu :  D=0x0000000000000f10
 209500: system.cpu: T0 : 0x10920    : c_add a0, s10              : IntAlu :  D=0x0000000000000f70
 210000: system.cpu: T0 : 0x10922    : c_add a0, s8               : IntAlu :  D=0x0000000000000f80
 210500: system.cpu: T0 : 0x10924    : c_add a0, s7               : IntAlu :  D=0x0000000000000f80
 211500: system.cpu: T0 : 0x10926    : jal ra, 67206              : IntAlu :  D=0x000000000001092a
 212000: system.cpu: T0 : 0x20fac    : c_addi sp, -32             : IntAlu :  D=0x7ffffffffffffd50
 212500: system.cpu: T0 : 0x20fae    : c_sdsp s2, 0(sp)           : MemWrite :  D=0x0000000000000067 A=0x7ffffffffffffd50
 213000: system.cpu: T0 : 0x20fb0    : c_sdsp s1, 8(sp)           : MemWrite :  D=0x0000000000010ada A=0x7ffffffffffffd58
 214000: system.cpu: T0 : 0x20fb2    : ld s1, -1200(gp)           : MemRead :  D=0x0000000000000000 A=0x70b80
 214500: system.cpu: T0 : 0x20fb6    : c_sdsp s0, 16(sp)          : MemWrite :  D=0x000000000006ead0 A=0x7ffffffffffffd60
 215000: system.cpu: T0 : 0x20fb8    : c_sdsp ra, 24(sp)          : MemWrite :  D=0x000000000001092a A=0x7ffffffffffffd68
 215500: system.cpu: T0 : 0x20fba    : c_mv s0, a0                : IntAlu :  D=0x0000000000000f80
 216000: system.cpu: T0 : 0x20fbc    : c_beqz s1, 46              : IntAlu : 
 216500: system.cpu: T0 : 0x20fea    : c_li a0, 0                 : IntAlu :  D=0x0000000000000000
 217000: system.cpu: T0 : 0x20fec    : jal ra, 98418              : IntAlu :  D=0x0000000000020ff0
 217500: system.cpu: T0 : 0x3905e    : c_mv a5, a0                : IntAlu :  D=0x0000000000000000
 218000: system.cpu: T0 : 0x39060    : addi a7, zero, 214         : IntAlu :  D=0x00000000000000d6
 218500: system.cpu: T0 : 0x39064    : ecall                      : No_OpClass : 
 219000: system.cpu: T0 : 0x39068    : sd a0, -1200(gp)           : MemWrite :  D=0x0000000000072000 A=0x70b80
 219500: system.cpu: T0 : 0x3906c    : bltu a0, a5, 8             : IntAlu : 
 220000: system.cpu: T0 : 0x39070    : c_li a0, 0                 : IntAlu :  D=0x0000000000000000
 220500: system.cpu: T0 : 0x39072    : c_jr ra                    : IntAlu : 
 221000: system.cpu: T0 : 0x20ff0    : blt a0, zero, -22          : IntAlu : 
 221500: system.cpu: T0 : 0x20ff4    : ld s1, -1200(gp)           : MemRead :  D=0x0000000000072000 A=0x70b80
 222000: system.cpu: T0 : 0x20ff8    : c_j -52                    : IntAlu : 
 222500: system.cpu: T0 : 0x20fc4    : c_beqz s0, 24              : IntAlu : 
 223500: system.cpu: T0 : 0x20fc6    : bge zero, s0, 52           : IntAlu : 
 224500: system.cpu: T0 : 0x20fca    : add a5, s0, s1             : IntAlu :  D=0x0000000000072f80
 225500: system.cpu: T0 : 0x20fce    : sltu a5, a5, s1            : IntAlu :  D=0x0000000000000000
 226000: system.cpu: T0 : 0x20fd2    : c_beqz a5, 50              : IntAlu : 
 226500: system.cpu: T0 : 0x21004    : add a0, s1, s0             : IntAlu :  D=0x0000000000072f80
 227000: system.cpu: T0 : 0x21008    : jal ra, 98390              : IntAlu :  D=0x000000000002100c
 227500: system.cpu: T0 : 0x3905e    : c_mv a5, a0                : IntAlu :  D=0x0000000000072f80
 228000: system.cpu: T0 : 0x39060    : addi a7, zero, 214         : IntAlu :  D=0x00000000000000d6
 228500: system.cpu: T0 : 0x39064    : ecall                      : No_OpClass : 
 229000: system.cpu: T0 : 0x39068    : sd a0, -1200(gp)           : MemWrite :  D=0x0000000000072f80 A=0x70b80
 229500: system.cpu: T0 : 0x3906c    : bltu a0, a5, 8             : IntAlu : 
 230000: system.cpu: T0 : 0x39070    : c_li a0, 0                 : IntAlu :  D=0x0000000000000000
 230500: system.cpu: T0 : 0x39072    : c_jr ra                    : IntAlu : 
 231000: system.cpu: T0 : 0x2100c    : blt a0, zero, -50          : IntAlu : 
 231500: system.cpu: T0 : 0x21010    : c_ldsp ra, 24(sp)          : MemRead :  D=0x000000000001092a A=0x7ffffffffffffd68
 232000: system.cpu: T0 : 0x21012    : c_ldsp s0, 16(sp)          : MemRead :  D=0x000000000006ead0 A=0x7ffffffffffffd60
 232500: system.cpu: T0 : 0x21014    : c_ldsp s2, 0(sp)           : MemRead :  D=0x0000000000000067 A=0x7ffffffffffffd50
 233000: system.cpu: T0 : 0x21016    : c_mv a0, s1                : IntAlu :  D=0x0000000000072000
 233500: system.cpu: T0 : 0x21018    : c_ldsp s1, 8(sp)           : MemRead :  D=0x0000000000010ada A=0x7ffffffffffffd58
 234000: system.cpu: T0 : 0x2101a    : c_addi16sp sp, 32          : IntAlu :  D=0x7ffffffffffffd70
 234500: system.cpu: T0 : 0x2101c    : c_jr ra                    : IntAlu : 
 235500: system.cpu: T0 : 0x1092a    : divu s2, s2, s9            : IntDiv :  D=0x000000000000000c
 236000: system.cpu: T0 : 0x1092e    : c_ldsp a4, 0(sp)           : MemRead :  D=0x000000000000000f A=0x7ffffffffffffd70
 236500: system.cpu: T0 : 0x10930    : c_ldsp a5, 8(sp)           : MemRead :  D=0x0000000000000000 A=0x7ffffffffffffd78
 237500: system.cpu: T0 : 0x10932    : addi s1, a0, 1808          : IntAlu :  D=0x0000000000072710
 238000: system.cpu: T0 : 0x10936    : c_add s1, a4               : IntAlu :  D=0x000000000007271f
 238500: system.cpu: T0 : 0x10938    : and s1, s1, s11            : IntAlu :  D=0x0000000000072710
 239000: system.cpu: T0 : 0x1093c    : lui a4, 114                : IntAlu :  D=0x0000000000072000
 239500: system.cpu: T0 : 0x10940    : addi a4, a4, -1624         : IntAlu :  D=0x00000000000719a8
 240000: system.cpu: T0 : 0x10944    : add a0, s1, s7             : IntAlu :  D=0x0000000000072710
 240500: system.cpu: T0 : 0x10948    : sd a5, 1088(s3)            : MemWrite :  D=0x0000000000000000 A=0x702a0
 241000: system.cpu: T0 : 0x1094c    : addi a5, zero, 62          : IntAlu :  D=0x000000000000003e
 241500: system.cpu: T0 : 0x10950    : c_mv a2, s4                : IntAlu :  D=0x0000000000000020
 242000: system.cpu: T0 : 0x10952    : c_sd a5, 0(a4)             : MemWrite :  D=0x000000000000003e A=0x719a8
 242500: system.cpu: T0 : 0x10954    : c_mv a1, s0                : IntAlu :  D=0x000000000006ead0
 243000: system.cpu: T0 : 0x10956    : c_sd a0, 32(a4)            : MemWrite :  D=0x0000000000072710 A=0x719c8
 243500: system.cpu: T0 : 0x10958    : sd zero, 40(a4)            : MemWrite :  D=0x0000000000000000 A=0x719d0
 244000: system.cpu: T0 : 0x1095c    : jal ra, 61668              : IntAlu :  D=0x0000000000010960
 244500: system.cpu: T0 : 0x1fa40    : c_addi16sp sp, -48         : IntAlu :  D=0x7ffffffffffffd40
 245000: system.cpu: T0 : 0x1fa42    : c_sdsp s0, 32(sp)          : MemWrite :  D=0x000000000006ead0 A=0x7ffffffffffffd60
 245500: system.cpu: T0 : 0x1fa44    : c_sdsp s2, 16(sp)          : MemWrite :  D=0x000000000000000c A=0x7ffffffffffffd50
 246000: system.cpu: T0 : 0x1fa46    : c_sdsp ra, 40(sp)          : MemWrite :  D=0x0000000000010960 A=0x7ffffffffffffd68
 246500: system.cpu: T0 : 0x1fa48    : c_sdsp s1, 24(sp)          : MemWrite :  D=0x0000000000072710 A=0x7ffffffffffffd58
 247000: system.cpu: T0 : 0x1fa4a    : c_sdsp s3, 8(sp)           : MemWrite :  D=0x000000000006fe60 A=0x7ffffffffffffd48
 247500: system.cpu: T0 : 0x1fa4c    : c_li a5, 15                : IntAlu :  D=0x000000000000000f
 248000: system.cpu: T0 : 0x1fa4e    : c_mv s2, a0                : IntAlu :  D=0x0000000000072710
 248500: system.cpu: T0 : 0x1fa50    : c_mv a4, a0                : IntAlu :  D=0x0000000000072710
 249000: system.cpu: T0 : 0x1fa52    : c_mv s0, a1                : IntAlu :  D=0x000000000006ead0
 249500: system.cpu: T0 : 0x1fa54    : bgeu a5, a2, 72            : IntAlu : 
 250000: system.cpu: T0 : 0x1fa58    : sub a0, zero, a0           : IntAlu :  D=0xfffffffffff8d8f0
 250500: system.cpu: T0 : 0x1fa5c    : c_andi a0, 7               : IntAlu :  D=0x0000000000000000
 251500: system.cpu: T0 : 0x1fa5e    : sub s1, a2, a0             : IntAlu :  D=0x0000000000000020
 252000: system.cpu: T0 : 0x1fa62    : c_beqz a0, 110             : IntAlu : 
 252500: system.cpu: T0 : 0x1fad0    : c_mv s3, s2                : IntAlu :  D=0x0000000000072710
 253000: system.cpu: T0 : 0x1fad2    : c_j -84                    : IntAlu : 
 254000: system.cpu: T0 : 0x1fa7e    : andi a5, s0, 7             : IntAlu :  D=0x0000000000000000
 255000: system.cpu: T0 : 0x1fa82    : srli a2, s1, 3             : IntAlu :  D=0x0000000000000004
 255500: system.cpu: T0 : 0x1fa86    : c_mv a1, s0                : IntAlu :  D=0x000000000006ead0
 256000: system.cpu: T0 : 0x1fa88    : c_mv a0, s3                : IntAlu :  D=0x0000000000072710
 256500: system.cpu: T0 : 0x1fa8a    : c_bnez a5, 64              : IntAlu : 
 257000: system.cpu: T0 : 0x1fa8c    : jal ra, 72                 : IntAlu :  D=0x000000000001fa90
 257500: system.cpu: T0 : 0x1fad4    : andi a5, a2, 7             : IntAlu :  D=0x0000000000000004
 258000: system.cpu: T0 : 0x1fad8    : lui a4, 79                 : IntAlu :  D=0x000000000004f000
 258500: system.cpu: T0 : 0x1fadc    : c_slli a5, 2               : IntAlu :  D=0x0000000000000010
 259500: system.cpu: T0 : 0x1fade    : addi a4, a4, 24            : IntAlu :  D=0x000000000004f018
 260000: system.cpu: T0 : 0x1fae2    : c_add a5, a4               : IntAlu :  D=0x000000000004f028
 260500: system.cpu: T0 : 0x1fae4    : c_lw a5, 0(a5)             : MemRead :  D=0x000000000001fb7e A=0x4f028
 261000: system.cpu: T0 : 0x1fae6    : c_jr a5                    : IntAlu : 
 262000: system.cpu: T0 : 0x1fb7e    : ld a6, 0(a1)               : MemRead :  D=0x0000000000070678 A=0x6ead0
 262500: system.cpu: T0 : 0x1fb82    : c_mv a3, a0                : IntAlu :  D=0x0000000000072710
 263000: system.cpu: T0 : 0x1fb84    : c_addi a1, -32             : IntAlu :  D=0x000000000006eab0
 264000: system.cpu: T0 : 0x1fb86    : addi a5, a0, -40           : IntAlu :  D=0x00000000000726e8
 264500: system.cpu: T0 : 0x1fb8a    : c_addi a2, 4               : IntAlu :  D=0x0000000000000008
 265000: system.cpu: T0 : 0x1fb8c    : c_j -124                   : IntAlu : 
 265500: system.cpu: T0 : 0x1fb10    : c_ld a4, 40(a1)            : MemRead :  D=0x0000000000070678 A=0x6ead8
 266500: system.cpu: T0 : 0x1fb12    : addi a0, a5, 48            : IntAlu :  D=0x0000000000072718
 267500: system.cpu: T0 : 0x1fb16    : sd a6, 0(a3)               : MemWrite :  D=0x0000000000070678 A=0x72710
 268500: system.cpu: T0 : 0x1fb16    : sd a6, 0(a3)               : MemWrite :  D=0x0000000000070678 A=0x72710
 269500: system.cpu: T0 : 0x1fb1a    : ld a6, 48(a1)              : MemRead :  D=0x0000000000070680 A=0x6eae0
 270500: system.cpu: T0 : 0x1fb1e    : addi a3, a5, 56            : IntAlu :  D=0x0000000000072720
 271000: system.cpu: T0 : 0x1fb22    : c_sd a4, 0(a0)             : MemWrite :  D=0x0000000000070678 A=0x72718
 271500: system.cpu: T0 : 0x1fb24    : c_ld a4, 56(a1)            : MemRead :  D=0x0000000000070698 A=0x6eae8
 272500: system.cpu: T0 : 0x1fb26    : addi a5, a5, 64            : IntAlu :  D=0x0000000000072728
 273500: system.cpu: T0 : 0x1fb2a    : sd a6, 0(a3)               : MemWrite :  D=0x0000000000070680 A=0x72720
 274000: system.cpu: T0 : 0x1fb2e    : c_addi a2, -8              : IntAlu :  D=0x0000000000000000
 274500: system.cpu: T0 : 0x1fb30    : c_mv a0, a5                : IntAlu :  D=0x0000000000072728
 275500: system.cpu: T0 : 0x1fb32    : addi a1, a1, 64            : IntAlu :  D=0x000000000006eaf0
 276000: system.cpu: T0 : 0x1fb36    : c_beqz a2, 24              : IntAlu : 
 276500: system.cpu: T0 : 0x1fb4e    : c_sd a4, 0(a0)             : MemWrite :  D=0x0000000000070698 A=0x72728
 277000: system.cpu: T0 : 0x1fb50    : c_jr ra                    : IntAlu : 
 277500: system.cpu: T0 : 0x1fa90    : andi a4, s1, 18446744073709551608 : IntAlu :  D=0x0000000000000020
 278000: system.cpu: T0 : 0x1fa94    : c_add s0, a4               : IntAlu :  D=0x000000000006eaf0
 279000: system.cpu: T0 : 0x1fa96    : andi a2, s1, 7             : IntAlu :  D=0x0000000000000000
 279500: system.cpu: T0 : 0x1fa9a    : c_add a4, s3               : IntAlu :  D=0x0000000000072730
 280000: system.cpu: T0 : 0x1fa9c    : c_addi a4, -1              : IntAlu :  D=0x000000000007272f
 280500: system.cpu: T0 : 0x1fa9e    : c_mv a5, s0                : IntAlu :  D=0x000000000006eaf0
 281000: system.cpu: T0 : 0x1faa0    : add a1, a2, s0             : IntAlu :  D=0x000000000006eaf0
 281500: system.cpu: T0 : 0x1faa4    : c_sub a4, s0               : IntAlu :  D=0x0000000000003c3f
 282000: system.cpu: T0 : 0x1faa6    : c_beqz a2, 20              : IntAlu : 
 282500: system.cpu: T0 : 0x1faba    : c_ldsp ra, 40(sp)          : MemRead :  D=0x0000000000010960 A=0x7ffffffffffffd68
 283000: system.cpu: T0 : 0x1fabc    : c_ldsp s0, 32(sp)          : MemRead :  D=0x000000000006ead0 A=0x7ffffffffffffd60
 283500: system.cpu: T0 : 0x1fabe    : c_ldsp s1, 24(sp)          : MemRead :  D=0x0000000000072710 A=0x7ffffffffffffd58
 284000: system.cpu: T0 : 0x1fac0    : c_ldsp s3, 8(sp)           : MemRead :  D=0x000000000006fe60 A=0x7ffffffffffffd48
 284500: system.cpu: T0 : 0x1fac2    : c_mv a0, s2                : IntAlu :  D=0x0000000000072710
 285000: system.cpu: T0 : 0x1fac4    : c_ldsp s2, 16(sp)          : MemRead :  D=0x000000000000000c A=0x7ffffffffffffd50
 285500: system.cpu: T0 : 0x1fac6    : c_addi16sp sp, 48          : IntAlu :  D=0x7ffffffffffffd70
 286000: system.cpu: T0 : 0x1fac8    : c_jr ra                    : IntAlu : 
 286500: system.cpu: T0 : 0x10960    : lui a5, 114                : IntAlu :  D=0x0000000000072000
 287000: system.cpu: T0 : 0x10964    : addi a5, a5, -1608         : IntAlu :  D=0x00000000000719b8
 287500: system.cpu: T0 : 0x10968    : ld a4, -1968(gp)           : MemRead :  D=0x0000000000000800 A=0x70880
 288000: system.cpu: T0 : 0x1096c    : addi a3, gp, -960          : IntAlu :  D=0x0000000000070c70
 288500: system.cpu: T0 : 0x10970    : sd a5, -16(s1)             : MemWrite :  D=0x00000000000719b8 A=0x72700
 289000: system.cpu: T0 : 0x10974    : addi a2, zero, 64          : IntAlu :  D=0x0000000000000040
 289500: system.cpu: T0 : 0x10978    : c_li a5, 1                 : IntAlu :  D=0x0000000000000001
 290000: system.cpu: T0 : 0x1097a    : c_sd a2, 0(a3)             : MemWrite :  D=0x0000000000000040 A=0x70c70
 290500: system.cpu: T0 : 0x1097c    : lui a2, 114                : IntAlu :  D=0x0000000000072000
 291000: system.cpu: T0 : 0x10980    : sd a5, -1632(a2)           : MemWrite :  D=0x0000000000000001 A=0x719a0
 291500: system.cpu: T0 : 0x10984    : lui a2, 114                : IntAlu :  D=0x0000000000072000
 292000: system.cpu: T0 : 0x10988    : sd s3, 40(a3)              : MemWrite :  D=0x000000000006fe60 A=0x70c98
 292500: system.cpu: T0 : 0x1098c    : sd a3, -600(a2)            : MemWrite :  D=0x0000000000070c70 A=0x71da8
 293000: system.cpu: T0 : 0x10990    : lui a3, 114                : IntAlu :  D=0x0000000000072000
 293500: system.cpu: T0 : 0x10994    : sd s8, -1640(a3)           : MemWrite :  D=0x0000000000000010 A=0x71998
 294000: system.cpu: T0 : 0x10998    : lui a3, 114                : IntAlu :  D=0x0000000000072000
 294500: system.cpu: T0 : 0x1099c    : sd a5, 1096(s3)            : MemWrite :  D=0x0000000000000001 A=0x702a8
 295000: system.cpu: T0 : 0x109a0    : sd a5, -576(a3)            : MemWrite :  D=0x0000000000000001 A=0x71dc0
 295500: system.cpu: T0 : 0x109a4    : c_addi a4, 15              : IntAlu :  D=0x000000000000080f
 296500: system.cpu: T0 : 0x109a6    : sd s0, 1048(s3)            : MemWrite :  D=0x000000000006ead0 A=0x70278
 297000: system.cpu: T0 : 0x109aa    : c_ldsp ra, 120(sp)         : MemRead :  D=0x00000000000105e8 A=0x7ffffffffffffde8
 297500: system.cpu: T0 : 0x109ac    : c_ldsp s0, 112(sp)         : MemRead :  D=0x0000000000010a4a A=0x7ffffffffffffde0
 298500: system.cpu: T0 : 0x109ae    : sd s5, 1072(s3)            : MemWrite :  D=0x0000000000000008 A=0x70290
 299500: system.cpu: T0 : 0x109b2    : sd s10, 1064(s3)           : MemWrite :  D=0x0000000000000060 A=0x70288
 300500: system.cpu: T0 : 0x109b6    : sd s4, 1056(s3)            : MemWrite :  D=0x0000000000000020 A=0x70280
 301000: system.cpu: T0 : 0x109ba    : c_ldsp s5, 72(sp)          : MemRead :  D=0x0000000000000000 A=0x7ffffffffffffdb8
 301500: system.cpu: T0 : 0x109bc    : c_ldsp s3, 88(sp)          : MemRead :  D=0x0000000000000000 A=0x7ffffffffffffdc8
 302000: system.cpu: T0 : 0x109be    : c_ldsp s4, 80(sp)          : MemRead :  D=0x0000000000000000 A=0x7ffffffffffffdc0
 302500: system.cpu: T0 : 0x109c0    : c_ldsp s8, 48(sp)          : MemRead :  D=0x0000000000000000 A=0x7ffffffffffffda0
 303000: system.cpu: T0 : 0x109c2    : c_ldsp s10, 32(sp)         : MemRead :  D=0x0000000000000000 A=0x7ffffffffffffd90
 303500: system.cpu: T0 : 0x109c4    : c_ldsp s11, 24(sp)         : MemRead :  D=0x0000000000000000 A=0x7ffffffffffffd88
 304000: system.cpu: T0 : 0x109c6    : c_mv tp, s1                : IntAlu :  D=0x0000000000072710
 304500: system.cpu: T0 : 0x109c8    : c_ldsp s1, 104(sp)         : MemRead :  D=0x0000000000010ada A=0x7ffffffffffffdd8
 305500: system.cpu: T0 : 0x109ca    : mul s2, s2, s9             : IntMult :  D=0x0000000000000060
 306000: system.cpu: T0 : 0x109ce    : c_ldsp s9, 40(sp)          : MemRead :  D=0x0000000000000000 A=0x7ffffffffffffd98
 306500: system.cpu: T0 : 0x109d0    : add a5, s2, s7             : IntAlu :  D=0x0000000000000060
 307000: system.cpu: T0 : 0x109d4    : c_add a4, a5               : IntAlu :  D=0x000000000000086f
 307500: system.cpu: T0 : 0x109d6    : c_andi a4, 18446744073709551600 : IntAlu :  D=0x0000000000000860
 308000: system.cpu: T0 : 0x109d8    : sd a4, -1968(gp)           : MemWrite :  D=0x0000000000000860 A=0x70880
 308500: system.cpu: T0 : 0x109dc    : lui a4, 114                : IntAlu :  D=0x0000000000072000
 309000: system.cpu: T0 : 0x109e0    : sd a5, -1648(a4)           : MemWrite :  D=0x0000000000000060 A=0x71990
 309500: system.cpu: T0 : 0x109e4    : c_ldsp s2, 96(sp)          : MemRead :  D=0x0000000000000000 A=0x7ffffffffffffdd0
 310000: system.cpu: T0 : 0x109e6    : c_ldsp s6, 64(sp)          : MemRead :  D=0x0000000000000000 A=0x7ffffffffffffdb0
 310500: system.cpu: T0 : 0x109e8    : c_ldsp s7, 56(sp)          : MemRead :  D=0x0000000000000000 A=0x7ffffffffffffda8
 311000: system.cpu: T0 : 0x109ea    : c_addi16sp sp, 128         : IntAlu :  D=0x7ffffffffffffdf0
 311500: system.cpu: T0 : 0x109ec    : c_jr ra                    : IntAlu : 
 312000: system.cpu: T0 : 0x105e8    : lui a5, 111                : IntAlu :  D=0x000000000006f000
 312500: system.cpu: T0 : 0x105ec    : ld a5, -128(a5)            : MemRead :  D=0x7fffffffffffffd0 A=0x6ef80
 313000: system.cpu: T0 : 0x105f0    : lw a7, -1728(gp)           : MemRead :  D=0x0000000000000000 A=0x70970
 313500: system.cpu: T0 : 0x105f4    : lbu a6, 1(a5)              : MemRead :  D=0x0000000000000000 A=0x7fffffffffffffd1
 314000: system.cpu: T0 : 0x105f8    : lbu a4, 0(a5)              : MemRead :  D=0x0000000000000000 A=0x7fffffffffffffd0
 314500: system.cpu: T0 : 0x105fc    : lbu a0, 2(a5)              : MemRead :  D=0x0000000000000000 A=0x7fffffffffffffd2
 315000: system.cpu: T0 : 0x10600    : lbu a1, 3(a5)              : MemRead :  D=0x0000000000000000 A=0x7fffffffffffffd3
 315500: system.cpu: T0 : 0x10604    : lbu a2, 4(a5)              : MemRead :  D=0x0000000000000000 A=0x7fffffffffffffd4
 316000: system.cpu: T0 : 0x10608    : c_slli a6, 8               : IntAlu :  D=0x0000000000000000
 317000: system.cpu: T0 : 0x1060a    : lbu a3, 5(a5)              : MemRead :  D=0x0000000000000000 A=0x7fffffffffffffd5
 318000: system.cpu: T0 : 0x1060e    : or a6, a6, a4              : IntAlu :  D=0x0000000000000000
 318500: system.cpu: T0 : 0x10612    : c_slli a0, 16              : IntAlu :  D=0x0000000000000000
 319000: system.cpu: T0 : 0x10614    : lbu a4, 6(a5)              : MemRead :  D=0x0000000000000000 A=0x7fffffffffffffd6
 319500: system.cpu: T0 : 0x10618    : or a0, a0, a6              : IntAlu :  D=0x0000000000000000
 320000: system.cpu: T0 : 0x1061c    : c_slli a1, 24              : IntAlu :  D=0x0000000000000000
 321000: system.cpu: T0 : 0x1061e    : lbu a5, 7(a5)              : MemRead :  D=0x000000000000002e A=0x7fffffffffffffd7
 321500: system.cpu: T0 : 0x10622    : c_or a1, a0                : IntAlu :  D=0x0000000000000000
 322000: system.cpu: T0 : 0x10624    : c_slli a2, 32              : IntAlu :  D=0x0000000000000000
 322500: system.cpu: T0 : 0x10626    : c_or a2, a1                : IntAlu :  D=0x0000000000000000
 323000: system.cpu: T0 : 0x10628    : c_slli a3, 40              : IntAlu :  D=0x0000000000000000
 323500: system.cpu: T0 : 0x1062a    : c_or a3, a2                : IntAlu :  D=0x0000000000000000
 324000: system.cpu: T0 : 0x1062c    : c_slli a4, 48              : IntAlu :  D=0x0000000000000000
 324500: system.cpu: T0 : 0x1062e    : c_or a4, a3                : IntAlu :  D=0x0000000000000000
 325000: system.cpu: T0 : 0x10630    : c_slli a5, 56              : IntAlu :  D=0x2e00000000000000
 325500: system.cpu: T0 : 0x10632    : c_or a5, a4                : IntAlu :  D=0x2e00000000000000
 326000: system.cpu: T0 : 0x10634    : andi a5, a5, 18446744073709551360 : IntAlu :  D=0x2e00000000000000
 326500: system.cpu: T0 : 0x10638    : lui a4, 111                : IntAlu :  D=0x000000000006f000
 327000: system.cpu: T0 : 0x1063c    : sd a5, -1264(a4)           : MemWrite :  D=0x2e00000000000000 A=0x6eb10
 327500: system.cpu: T0 : 0x10640    : beq a7, zero, 286          : IntAlu : 
 328500: system.cpu: T0 : 0x1075e    : jal ra, 75208              : IntAlu :  D=0x0000000000010762
 329000: system.cpu: T0 : 0x22d26    : c_addi16sp sp, -496        : IntAlu :  D=0x7ffffffffffffc00
 329500: system.cpu: T0 : 0x22d28    : c_addi4spn a0, sp, 72      : IntAlu :  D=0x7ffffffffffffc48
 330000: system.cpu: T0 : 0x22d2a    : c_sdsp ra, 488(sp)         : MemWrite :  D=0x0000000000010762 A=0x7ffffffffffffde8
 330500: system.cpu: T0 : 0x22d2c    : c_sdsp s0, 480(sp)         : MemWrite :  D=0x0000000000010a4a A=0x7ffffffffffffde0
 331000: system.cpu: T0 : 0x22d2e    : c_sdsp s1, 472(sp)         : MemWrite :  D=0x0000000000010ada A=0x7ffffffffffffdd8
 331500: system.cpu: T0 : 0x22d30    : jal ra, 90520              : IntAlu :  D=0x0000000000022d34
 332000: system.cpu: T0 : 0x38ec8    : addi a7, zero, 160         : IntAlu :  D=0x00000000000000a0
 332500: system.cpu: T0 : 0x38ecc    : ecall                      : No_OpClass : 
 333000: system.cpu: T0 : 0x38ed0    : c_lui a7, 1048575          : IntAlu :  D=0xfffffffffffff000
 334000: system.cpu: T0 : 0x38ed2    : bltu a7, a0, 6             : IntAlu : 
 334500: system.cpu: T0 : 0x38ed6    : c_jr ra                    : IntAlu : 
 335000: system.cpu: T0 : 0x22d34    : addi a3, sp, 202           : IntAlu :  D=0x7ffffffffffffcca
 335500: system.cpu: T0 : 0x22d38    : c_bnez a0, 140             : IntAlu : 
 336000: system.cpu: T0 : 0x22d3a    : c_li t1, 0                 : IntAlu :  D=0x0000000000000000
 336500: system.cpu: T0 : 0x22d3c    : c_li a0, 0                 : IntAlu :  D=0x0000000000000000
 337000: system.cpu: T0 : 0x22d3e    : c_li a7, 9                 : IntAlu :  D=0x0000000000000009
 337500: system.cpu: T0 : 0x22d40    : addi t3, zero, 46          : IntAlu :  D=0x000000000000002e
 338000: system.cpu: T0 : 0x22d44    : c_li t4, 3                 : IntAlu :  D=0x0000000000000003
 339000: system.cpu: T0 : 0x22d46    : lbu a5, 0(a3)              : MemRead :  D=0x0000000000000035 A=0x7ffffffffffffcca
 340000: system.cpu: T0 : 0x22d4a    : addiw a5, a5, -48          : IntAlu :  D=0x0000000000000005
 341000: system.cpu: T0 : 0x22d4e    : andi a4, a5, 255           : IntAlu :  D=0x0000000000000005
 342000: system.cpu: T0 : 0x22d52    : bltu a7, a4, 98            : IntAlu : 
 343000: system.cpu: T0 : 0x22d56    : lbu a1, 1(a3)              : MemRead :  D=0x000000000000002e A=0x7ffffffffffffccb
 344000: system.cpu: T0 : 0x22d5a    : addiw a4, a5, 0            : IntAlu :  D=0x0000000000000005
 344500: system.cpu: T0 : 0x22d5e    : c_addi a3, 1               : IntAlu :  D=0x7ffffffffffffccb
 345000: system.cpu: T0 : 0x22d60    : addiw a2, a1, -48          : IntAlu :  D=0xfffffffffffffffe
 345500: system.cpu: T0 : 0x22d64    : andi a5, a2, 255           : IntAlu :  D=0x00000000000000fe
 346000: system.cpu: T0 : 0x22d68    : bltu a7, a5, 36            : IntAlu : 
 346500: system.cpu: T0 : 0x22d8c    : slliw a5, a0, 8            : IntAlu :  D=0x0000000000000000
 347000: system.cpu: T0 : 0x22d90    : c_or a5, a4                : IntAlu :  D=0x0000000000000005
 347500: system.cpu: T0 : 0x22d92    : c_addiw t1, 1              : IntAlu :  D=0x0000000000000001
 348000: system.cpu: T0 : 0x22d94    : addiw a0, a5, 0            : IntAlu :  D=0x0000000000000005
 348500: system.cpu: T0 : 0x22d98    : c_addi a3, 1               : IntAlu :  D=0x7ffffffffffffccc
 349500: system.cpu: T0 : 0x22d9a    : bne a1, t3, 20             : IntAlu : 
 350500: system.cpu: T0 : 0x22d9e    : bne t1, t4, -88            : IntAlu : 
 351500: system.cpu: T0 : 0x22d46    : lbu a5, 0(a3)              : MemRead :  D=0x0000000000000031 A=0x7ffffffffffffccc
 352500: system.cpu: T0 : 0x22d4a    : addiw a5, a5, -48          : IntAlu :  D=0x0000000000000001
 353500: system.cpu: T0 : 0x22d4e    : andi a4, a5, 255           : IntAlu :  D=0x0000000000000001
 354500: system.cpu: T0 : 0x22d52    : bltu a7, a4, 98            : IntAlu : 
 355500: system.cpu: T0 : 0x22d56    : lbu a1, 1(a3)              : MemRead :  D=0x000000000000002e A=0x7ffffffffffffccd
 356500: system.cpu: T0 : 0x22d5a    : addiw a4, a5, 0            : IntAlu :  D=0x0000000000000001
 357000: system.cpu: T0 : 0x22d5e    : c_addi a3, 1               : IntAlu :  D=0x7ffffffffffffccd
 357500: system.cpu: T0 : 0x22d60    : addiw a2, a1, -48          : IntAlu :  D=0xfffffffffffffffe
 358000: system.cpu: T0 : 0x22d64    : andi a5, a2, 255           : IntAlu :  D=0x00000000000000fe
 358500: system.cpu: T0 : 0x22d68    : bltu a7, a5, 36            : IntAlu : 
 359000: system.cpu: T0 : 0x22d8c    : slliw a5, a0, 8            : IntAlu :  D=0x0000000000000500
 359500: system.cpu: T0 : 0x22d90    : c_or a5, a4                : IntAlu :  D=0x0000000000000501
 360000: system.cpu: T0 : 0x22d92    : c_addiw t1, 1              : IntAlu :  D=0x0000000000000002
 360500: system.cpu: T0 : 0x22d94    : addiw a0, a5, 0            : IntAlu :  D=0x0000000000000501
 361000: system.cpu: T0 : 0x22d98    : c_addi a3, 1               : IntAlu :  D=0x7ffffffffffffcce
 362000: system.cpu: T0 : 0x22d9a    : bne a1, t3, 20             : IntAlu : 
 363000: system.cpu: T0 : 0x22d9e    : bne t1, t4, -88            : IntAlu : 
 364000: system.cpu: T0 : 0x22d46    : lbu a5, 0(a3)              : MemRead :  D=0x0000000000000030 A=0x7ffffffffffffcce
 365000: system.cpu: T0 : 0x22d4a    : addiw a5, a5, -48          : IntAlu :  D=0x0000000000000000
 366000: system.cpu: T0 : 0x22d4e    : andi a4, a5, 255           : IntAlu :  D=0x0000000000000000
 367000: system.cpu: T0 : 0x22d52    : bltu a7, a4, 98            : IntAlu : 
 368000: system.cpu: T0 : 0x22d56    : lbu a1, 1(a3)              : MemRead :  D=0x0000000000000000 A=0x7ffffffffffffccf
 369000: system.cpu: T0 : 0x22d5a    : addiw a4, a5, 0            : IntAlu :  D=0x0000000000000000
 369500: system.cpu: T0 : 0x22d5e    : c_addi a3, 1               : IntAlu :  D=0x7ffffffffffffccf
 370000: system.cpu: T0 : 0x22d60    : addiw a2, a1, -48          : IntAlu :  D=0xffffffffffffffd0
 370500: system.cpu: T0 : 0x22d64    : andi a5, a2, 255           : IntAlu :  D=0x00000000000000d0
 371000: system.cpu: T0 : 0x22d68    : bltu a7, a5, 36            : IntAlu : 
 371500: system.cpu: T0 : 0x22d8c    : slliw a5, a0, 8            : IntAlu :  D=0x0000000000050100
 372000: system.cpu: T0 : 0x22d90    : c_or a5, a4                : IntAlu :  D=0x0000000000050100
 372500: system.cpu: T0 : 0x22d92    : c_addiw t1, 1              : IntAlu :  D=0x0000000000000003
 373000: system.cpu: T0 : 0x22d94    : addiw a0, a5, 0            : IntAlu :  D=0x0000000000050100
 373500: system.cpu: T0 : 0x22d98    : c_addi a3, 1               : IntAlu :  D=0x7ffffffffffffcd0
 374500: system.cpu: T0 : 0x22d9a    : bne a1, t3, 20             : IntAlu : 
 375000: system.cpu: T0 : 0x22dae    : c_li a5, 3                 : IntAlu :  D=0x0000000000000003
 375500: system.cpu: T0 : 0x22db0    : beq t1, a5, -14            : IntAlu : 
 376000: system.cpu: T0 : 0x22da2    : c_addiw a0, 0              : IntAlu :  D=0x0000000000050100
 376500: system.cpu: T0 : 0x22da4    : c_ldsp ra, 488(sp)         : MemRead :  D=0x0000000000010762 A=0x7ffffffffffffde8
 377000: system.cpu: T0 : 0x22da6    : c_ldsp s0, 480(sp)         : MemRead :  D=0x0000000000010a4a A=0x7ffffffffffffde0
 377500: system.cpu: T0 : 0x22da8    : c_ldsp s1, 472(sp)         : MemRead :  D=0x0000000000010ada A=0x7ffffffffffffdd8
 378000: system.cpu: T0 : 0x22daa    : c_addi16sp sp, 496         : IntAlu :  D=0x7ffffffffffffdf0
 378500: system.cpu: T0 : 0x22dac    : c_jr ra                    : IntAlu : 
 379000: system.cpu: T0 : 0x10762    : c_mv a5, a0                : IntAlu :  D=0x0000000000050100
 379500: system.cpu: T0 : 0x10764    : blt a0, zero, 104          : IntAlu : 
 380000: system.cpu: T0 : 0x10768    : lui a4, 114                : IntAlu :  D=0x0000000000072000
 380500: system.cpu: T0 : 0x1076c    : lw a3, -320(a4)            : MemRead :  D=0x0000000000000000 A=0x71ec0
 381000: system.cpu: T0 : 0x10770    : addiw a4, a0, 0            : IntAlu :  D=0x0000000000050100
 381500: system.cpu: T0 : 0x10774    : c_bnez a3, 82              : IntAlu : 
 382500: system.cpu: T0 : 0x10776    : lui a3, 114                : IntAlu :  D=0x0000000000072000
 383500: system.cpu: T0 : 0x1077a    : sw a4, -320(a3)            : MemWrite :  D=0x0000000000050100 A=0x71ec0
 384500: system.cpu: T0 : 0x1077e    : lui a4, 65                 : IntAlu :  D=0x0000000000041000
 385500: system.cpu: T0 : 0x10782    : addi a4, a4, -257          : IntAlu :  D=0x0000000000040eff
 386500: system.cpu: T0 : 0x10786    : blt a4, a5, -322           : IntAlu : 
 387000: system.cpu: T0 : 0x10644    : addi a5, zero, 0           : IntAlu :  D=0x0000000000000000
 387500: system.cpu: T0 : 0x10648    : c_beqz a5, 10              : IntAlu : 
 388500: system.cpu: T0 : 0x10652    : lui a5, 111                : IntAlu :  D=0x000000000006f000
 389500: system.cpu: T0 : 0x10656    : ld a5, -128(a5)            : MemRead :  D=0x7fffffffffffffd0 A=0x6ef80
 390500: system.cpu: T0 : 0x1065a    : lbu a4, 14(a5)             : MemRead :  D=0x000000000000006c A=0x7fffffffffffffde
 391500: system.cpu: T0 : 0x1065e    : lbu a7, 8(a5)              : MemRead :  D=0x000000000000002e A=0x7fffffffffffffd8
 392500: system.cpu: T0 : 0x10662    : lbu a6, 9(a5)              : MemRead :  D=0x000000000000002f A=0x7fffffffffffffd9
 393500: system.cpu: T0 : 0x10666    : lbu a0, 10(a5)             : MemRead :  D=0x0000000000000044 A=0x7fffffffffffffda
 394500: system.cpu: T0 : 0x1066a    : lbu a1, 11(a5)             : MemRead :  D=0x000000000000006f A=0x7fffffffffffffdb
 395500: system.cpu: T0 : 0x1066e    : lbu a2, 12(a5)             : MemRead :  D=0x0000000000000077 A=0x7fffffffffffffdc
 396500: system.cpu: T0 : 0x10672    : lbu a3, 13(a5)             : MemRead :  D=0x000000000000006e A=0x7fffffffffffffdd
 397500: system.cpu: T0 : 0x10676    : lbu a5, 15(a5)             : MemRead :  D=0x000000000000006f A=0x7fffffffffffffdf
 398500: system.cpu: T0 : 0x1067a    : sb a7, 40(sp)              : MemWrite :  D=0x000000000000002e A=0x7ffffffffffffe18
 399500: system.cpu: T0 : 0x1067e    : sb a6, 41(sp)              : MemWrite :  D=0x000000000000002f A=0x7ffffffffffffe19
 400500: system.cpu: T0 : 0x10682    : sb a5, 47(sp)              : MemWrite :  D=0x000000000000006f A=0x7ffffffffffffe1f
 401500: system.cpu: T0 : 0x10686    : sb a0, 42(sp)              : MemWrite :  D=0x0000000000000044 A=0x7ffffffffffffe1a
 402500: system.cpu: T0 : 0x1068a    : sb a1, 43(sp)              : MemWrite :  D=0x000000000000006f A=0x7ffffffffffffe1b
 403500: system.cpu: T0 : 0x1068e    : sb a2, 44(sp)              : MemWrite :  D=0x0000000000000077 A=0x7ffffffffffffe1c
 404500: system.cpu: T0 : 0x10692    : sb a3, 45(sp)              : MemWrite :  D=0x000000000000006e A=0x7ffffffffffffe1d
 405500: system.cpu: T0 : 0x10696    : sb a4, 46(sp)              : MemWrite :  D=0x000000000000006c A=0x7ffffffffffffe1e
 406000: system.cpu: T0 : 0x1069a    : c_ldsp a4, 40(sp)          : MemRead :  D=0x6f6c6e776f442f2e A=0x7ffffffffffffe18
 406500: system.cpu: T0 : 0x1069c    : lui a5, 111                : IntAlu :  D=0x000000000006f000
 407000: system.cpu: T0 : 0x106a0    : sd a4, -1256(a5)           : MemWrite :  D=0x6f6c6e776f442f2e A=0x6eb18
 407500: system.cpu: T0 : 0x106a4    : beq s2, zero, 14           : IntAlu : 
 408500: system.cpu: T0 : 0x106b2    : ld a2, -1360(gp)           : MemRead :  D=0x7fffffffffffff48 A=0x70ae0
 409000: system.cpu: T0 : 0x106b6    : c_ldsp a1, 16(sp)          : MemRead :  D=0x7fffffffffffff38 A=0x7ffffffffffffe00
 409500: system.cpu: T0 : 0x106b8    : c_ldsp a0, 8(sp)           : MemRead :  D=0x0000000000000001 A=0x7ffffffffffffdf8
 410500: system.cpu: T0 : 0x106ba    : jal ra, 75612              : IntAlu :  D=0x00000000000106be
 411000: system.cpu: T0 : 0x22e16    : c_addi sp, -32             : IntAlu :  D=0x7ffffffffffffdd0
 411500: system.cpu: T0 : 0x22e18    : c_sdsp s0, 16(sp)          : MemWrite :  D=0x0000000000010a4a A=0x7ffffffffffffde0
 412000: system.cpu: T0 : 0x22e1a    : c_sdsp s1, 8(sp)           : MemWrite :  D=0x0000000000010ada A=0x7ffffffffffffdd8
 412500: system.cpu: T0 : 0x22e1c    : c_sdsp s2, 0(sp)           : MemWrite :  D=0x0000000000000000 A=0x7ffffffffffffdd0
 413000: system.cpu: T0 : 0x22e1e    : c_sdsp ra, 24(sp)          : MemWrite :  D=0x00000000000106be A=0x7ffffffffffffde8
 413500: system.cpu: T0 : 0x22e20    : addi a4, zero, 0           : IntAlu :  D=0x0000000000000000
 414000: system.cpu: T0 : 0x22e24    : c_mv s0, a0                : IntAlu :  D=0x0000000000000001
 414500: system.cpu: T0 : 0x22e26    : c_mv s1, a1                : IntAlu :  D=0x7fffffffffffff38
 415000: system.cpu: T0 : 0x22e28    : c_mv s2, a2                : IntAlu :  D=0x7fffffffffffff48
 415500: system.cpu: T0 : 0x22e2a    : c_beqz a4, 62              : IntAlu : 
 416000: system.cpu: T0 : 0x22e68    : lw a0, -1248(gp)           : MemRead :  D=0x0000000000000000 A=0x70b50
 416500: system.cpu: T0 : 0x22e6c    : lw a5, -1344(gp)           : MemRead :  D=0x0000000000000000 A=0x70af0
 417000: system.cpu: T0 : 0x22e70    : sw zero, -1728(gp)         : MemWrite :  D=0x0000000000000000 A=0x70970
 417500: system.cpu: T0 : 0x22e74    : beq a5, a0, -60            : IntAlu : 
 418000: system.cpu: T0 : 0x22e38    : lui a5, 114                : IntAlu :  D=0x0000000000072000
 418500: system.cpu: T0 : 0x22e3c    : sw s0, -296(a5)            : MemWrite :  D=0x0000000000000001 A=0x71ed8
 419000: system.cpu: T0 : 0x22e40    : lui a5, 114                : IntAlu :  D=0x0000000000072000
 419500: system.cpu: T0 : 0x22e44    : sd s1, -288(a5)            : MemWrite :  D=0x7fffffffffffff38 A=0x71ee0
 420000: system.cpu: T0 : 0x22e48    : sd s2, -1360(gp)           : MemWrite :  D=0x7fffffffffffff48 A=0x70ae0
 420500: system.cpu: T0 : 0x22e4c    : jal ra, -2314              : IntAlu :  D=0x0000000000022e50
 421000: system.cpu: T0 : 0x22542    : c_addi16sp sp, -160        : IntAlu :  D=0x7ffffffffffffd30
 421500: system.cpu: T0 : 0x22544    : c_sdsp ra, 152(sp)         : MemWrite :  D=0x0000000000022e50 A=0x7ffffffffffffdc8
 422000: system.cpu: T0 : 0x22546    : c_sdsp s1, 136(sp)         : MemWrite :  D=0x7fffffffffffff38 A=0x7ffffffffffffdb8
 422500: system.cpu: T0 : 0x22548    : c_sdsp s2, 128(sp)         : MemWrite :  D=0x7fffffffffffff48 A=0x7ffffffffffffdb0
 423000: system.cpu: T0 : 0x2254a    : c_sdsp s3, 120(sp)         : MemWrite :  D=0x0000000000000000 A=0x7ffffffffffffda8
 423500: system.cpu: T0 : 0x2254c    : c_sdsp s4, 112(sp)         : MemWrite :  D=0x0000000000000000 A=0x7ffffffffffffda0
 424000: system.cpu: T0 : 0x2254e    : c_sdsp s0, 144(sp)         : MemWrite :  D=0x0000000000000001 A=0x7ffffffffffffdc0
 424500: system.cpu: T0 : 0x22550    : c_sdsp s5, 104(sp)         : MemWrite :  D=0x0000000000000000 A=0x7ffffffffffffd98
 425000: system.cpu: T0 : 0x22552    : c_sdsp s6, 96(sp)          : MemWrite :  D=0x0000000000000000 A=0x7ffffffffffffd90
 425500: system.cpu: T0 : 0x22554    : c_sdsp s7, 88(sp)          : MemWrite :  D=0x0000000000000000 A=0x7ffffffffffffd88
 426000: system.cpu: T0 : 0x22556    : c_sdsp s8, 80(sp)          : MemWrite :  D=0x0000000000000000 A=0x7ffffffffffffd80
 426500: system.cpu: T0 : 0x22558    : c_sdsp s9, 72(sp)          : MemWrite :  D=0x0000000000000000 A=0x7ffffffffffffd78
 427000: system.cpu: T0 : 0x2255a    : c_sdsp s10, 64(sp)         : MemWrite :  D=0x0000000000000000 A=0x7ffffffffffffd70
 427500: system.cpu: T0 : 0x2255c    : lui s2, 114                : IntAlu :  D=0x0000000000072000
 428000: system.cpu: T0 : 0x22560    : jal ra, 116914             : IntAlu :  D=0x0000000000022564
 428500: system.cpu: T0 : 0x3ee12    : c_lui t1, 1048575          : IntAlu :  D=0xfffffffffffff000
 429000: system.cpu: T0 : 0x3ee14    : c_addi16sp sp, -48         : IntAlu :  D=0x7ffffffffffffd00
 429500: system.cpu: T0 : 0x3ee16    : c_addi t1, 16              : IntAlu :  D=0xfffffffffffff010
 430000: system.cpu: T0 : 0x3ee18    : c_sdsp ra, 40(sp)          : MemWrite :  D=0x0000000000022564 A=0x7ffffffffffffd28
 430500: system.cpu: T0 : 0x3ee1a    : c_sdsp s0, 32(sp)          : MemWrite :  D=0x0000000000000001 A=0x7ffffffffffffd20
 431000: system.cpu: T0 : 0x3ee1c    : c_sdsp s1, 24(sp)          : MemWrite :  D=0x7fffffffffffff38 A=0x7ffffffffffffd18
 431500: system.cpu: T0 : 0x3ee1e    : c_sdsp s2, 16(sp)          : MemWrite :  D=0x0000000000072000 A=0x7ffffffffffffd10
 432000: system.cpu: T0 : 0x3ee20    : lui a1, 98                 : IntAlu :  D=0x0000000000062000
 432500: system.cpu: T0 : 0x3ee24    : c_add sp, t1               : IntAlu :  D=0x7fffffffffffed10
 433000: system.cpu: T0 : 0x3ee26    : c_lui a5, 1048575          : IntAlu :  D=0xfffffffffffff000
 433500: system.cpu: T0 : 0x3ee28    : addi a7, zero, 78          : IntAlu :  D=0x000000000000004e
 434000: system.cpu: T0 : 0x3ee2c    : addi a0, zero, -100        : IntAlu :  D=0xffffffffffffff9c
 434500: system.cpu: T0 : 0x3ee30    : addi a1, a1, 528           : IntAlu :  D=0x0000000000062210
 435000: system.cpu: T0 : 0x3ee34    : c_mv a2, sp                : IntAlu :  D=0x7fffffffffffed10
 435500: system.cpu: T0 : 0x3ee36    : c_lui a3, 1                : IntAlu :  D=0x0000000000001000
 436000: system.cpu: T0 : 0x3ee38    : ecall                      : No_OpClass : 
 436500: system.cpu: T0 : 0x3ee3c    : c_addiw a0, 0              : IntAlu :  D=0xfffffffffffffffe
 437500: system.cpu: T0 : 0x3ee3e    : bltu a5, a0, 84            : IntAlu : 
 438500: system.cpu: T0 : 0x3ee92    : lui a5, 114                : IntAlu :  D=0x0000000000072000
 439500: system.cpu: T0 : 0x3ee96    : ld s1, -392(a5)            : MemRead :  D=0x0000000000000000 A=0x71e78
 440000: system.cpu: T0 : 0x3ee9a    : c_beqz s1, 62              : IntAlu : 
 440500: system.cpu: T0 : 0x3eed8    : c_li s0, -1                : IntAlu :  D=0xffffffffffffffff
 441000: system.cpu: T0 : 0x3eeda    : c_lui t1, 1                : IntAlu :  D=0x0000000000001000
 441500: system.cpu: T0 : 0x3eedc    : c_addi t1, -16             : IntAlu :  D=0x0000000000000ff0
 442000: system.cpu: T0 : 0x3eede    : c_add sp, t1               : IntAlu :  D=0x7ffffffffffffd00
 442500: system.cpu: T0 : 0x3eee0    : c_ldsp ra, 40(sp)          : MemRead :  D=0x0000000000022564 A=0x7ffffffffffffd28
 443000: system.cpu: T0 : 0x3eee2    : c_mv a0, s0                : IntAlu :  D=0xffffffffffffffff
 443500: system.cpu: T0 : 0x3eee4    : c_ldsp s1, 24(sp)          : MemRead :  D=0x7fffffffffffff38 A=0x7ffffffffffffd18
 444000: system.cpu: T0 : 0x3eee6    : c_ldsp s0, 32(sp)          : MemRead :  D=0x0000000000000001 A=0x7ffffffffffffd20
 444500: system.cpu: T0 : 0x3eee8    : c_ldsp s2, 16(sp)          : MemRead :  D=0x0000000000072000 A=0x7ffffffffffffd10
 445000: system.cpu: T0 : 0x3eeea    : c_addi16sp sp, 48          : IntAlu :  D=0x7ffffffffffffd30
 445500: system.cpu: T0 : 0x3eeec    : c_jr ra                    : IntAlu : 
 446000: system.cpu: T0 : 0x22564    : lui s3, 114                : IntAlu :  D=0x0000000000072000
 446500: system.cpu: T0 : 0x22568    : ld a5, -352(s3)            : MemRead :  D=0x0000000000000006 A=0x71ea0
 447000: system.cpu: T0 : 0x2256c    : ld a4, -408(s2)            : MemRead :  D=0x0000000000010040 A=0x71e68
 447500: system.cpu: T0 : 0x22570    : c_mv a3, a0                : IntAlu :  D=0xffffffffffffffff
 448500: system.cpu: T0 : 0x22572    : lui s4, 112                : IntAlu :  D=0x0000000000070000
 449500: system.cpu: T0 : 0x22576    : lui a0, 80                 : IntAlu :  D=0x0000000000050000
 450500: system.cpu: T0 : 0x2257a    : addi s1, s4, -416          : IntAlu :  D=0x000000000006fe60
 451500: system.cpu: T0 : 0x2257e    : addi a0, a0, -592          : IntAlu :  D=0x000000000004fdb0
 452500: system.cpu: T0 : 0x22582    : sh a5, 696(s1)             : MemWrite :  D=0x0000000000000006 A=0x70118
 453500: system.cpu: T0 : 0x22586    : sd a3, 840(s1)             : MemWrite :  D=0xffffffffffffffff A=0x701a8
 454500: system.cpu: T0 : 0x2258a    : sd a4, 680(s1)             : MemWrite :  D=0x0000000000010040 A=0x70108
 455500: system.cpu: T0 : 0x2258e    : jal ra, -56890             : IntAlu :  D=0x0000000000022592
 456000: system.cpu: T0 : 0x14754    : c_addi16sp sp, -64         : IntAlu :  D=0x7ffffffffffffcf0
 456500: system.cpu: T0 : 0x14756    : c_sdsp s1, 40(sp)          : MemWrite :  D=0x000000000006fe60 A=0x7ffffffffffffd18
 457000: system.cpu: T0 : 0x14758    : ld s1, -1360(gp)           : MemRead :  D=0x7fffffffffffff48 A=0x70ae0
 457500: system.cpu: T0 : 0x1475c    : c_sdsp ra, 56(sp)          : MemWrite :  D=0x0000000000022592 A=0x7ffffffffffffd28
 458000: system.cpu: T0 : 0x1475e    : c_sdsp s0, 48(sp)          : MemWrite :  D=0x0000000000000001 A=0x7ffffffffffffd20
 458500: system.cpu: T0 : 0x14760    : c_sdsp s2, 32(sp)          : MemWrite :  D=0x0000000000072000 A=0x7ffffffffffffd10
 459000: system.cpu: T0 : 0x14762    : c_sdsp s3, 24(sp)          : MemWrite :  D=0x0000000000072000 A=0x7ffffffffffffd08
 459500: system.cpu: T0 : 0x14764    : c_sdsp s4, 16(sp)          : MemWrite :  D=0x0000000000070000 A=0x7ffffffffffffd00
 460000: system.cpu: T0 : 0x14766    : c_sdsp s5, 8(sp)           : MemWrite :  D=0x0000000000000000 A=0x7ffffffffffffcf8
 460500: system.cpu: T0 : 0x14768    : c_sdsp s6, 0(sp)           : MemWrite :  D=0x0000000000000000 A=0x7ffffffffffffcf0
 461000: system.cpu: T0 : 0x1476a    : c_beqz s1, 210             : IntAlu : 
 461500: system.cpu: T0 : 0x1476c    : lbu a5, 0(a0)              : MemRead :  D=0x000000000000004c A=0x4fdb0
 462000: system.cpu: T0 : 0x14770    : c_mv s4, a0                : IntAlu :  D=0x000000000004fdb0
 462500: system.cpu: T0 : 0x14772    : c_beqz a5, 202             : IntAlu : 
 463000: system.cpu: T0 : 0x14774    : lbu s5, 1(a0)              : MemRead :  D=0x0000000000000044 A=0x4fdb1
 463500: system.cpu: T0 : 0x14778    : slliw s2, a5, 16           : IntAlu :  D=0x00000000004c0000
 464000: system.cpu: T0 : 0x1477c    : c_ld s0, 0(s1)             : MemRead :  D=0x0000000000000000 A=0x7fffffffffffff48
 465000: system.cpu: T0 : 0x1477e    : sraiw s2, s2, 16           : IntAlu :  D=0x000000000000004c
 466000: system.cpu: T0 : 0x14782    : bne s5, zero, 86           : IntAlu : 
 466500: system.cpu: T0 : 0x147d8    : jal ra, 42488              : IntAlu :  D=0x00000000000147dc
 467000: system.cpu: T0 : 0x1edd0    : andi a5, a0, 7             : IntAlu :  D=0x0000000000000000
 467500: system.cpu: T0 : 0x1edd4    : c_beqz a5, 26              : IntAlu : 
 468000: system.cpu: T0 : 0x1edee    : c_mv a5, a0                : IntAlu :  D=0x000000000004fdb0
 468500: system.cpu: T0 : 0x1edf0    : ld a6, -2024(gp)           : MemRead :  D=0xfefefefefefefeff A=0x70848
 469000: system.cpu: T0 : 0x1edf4    : ld a1, -2016(gp)           : MemRead :  D=0x8080808080808080 A=0x70850
 469500: system.cpu: T0 : 0x1edf8    : c_ld a2, 0(a5)             : MemRead :  D=0x004e5241575f444c A=0x4fdb0
 470500: system.cpu: T0 : 0x1edfa    : addi a3, a5, 8             : IntAlu :  D=0x000000000004fdb8
 471500: system.cpu: T0 : 0x1edfe    : add a4, a2, a6             : IntAlu :  D=0xff4d5140565e434b
 472500: system.cpu: T0 : 0x1ee02    : xori a2, a2, 18446744073709551615 : IntAlu :  D=0xffb1adbea8a0bbb3
 473000: system.cpu: T0 : 0x1ee06    : c_and a4, a2               : IntAlu :  D=0xff01010000000303
 473500: system.cpu: T0 : 0x1ee08    : c_and a4, a1               : IntAlu :  D=0x8000000000000000
 474000: system.cpu: T0 : 0x1ee0a    : c_beqz a4, 50              : IntAlu : 
 474500: system.cpu: T0 : 0x1ee0c    : lbu a4, -8(a3)             : MemRead :  D=0x000000000000004c A=0x4fdb0
 475000: system.cpu: T0 : 0x1ee10    : c_beqz a4, -40             : IntAlu : 
 476000: system.cpu: T0 : 0x1ee12    : lbu a4, -7(a3)             : MemRead :  D=0x0000000000000044 A=0x4fdb1
 476500: system.cpu: T0 : 0x1ee16    : c_beqz a4, 50              : IntAlu : 
 477000: system.cpu: T0 : 0x1ee18    : lbu a4, -6(a3)             : MemRead :  D=0x000000000000005f A=0x4fdb2
 477500: system.cpu: T0 : 0x1ee1c    : c_beqz a4, 52              : IntAlu : 
 478500: system.cpu: T0 : 0x1ee1e    : lbu a4, -5(a3)             : MemRead :  D=0x0000000000000057 A=0x4fdb3
 479000: system.cpu: T0 : 0x1ee22    : c_beqz a4, 54              : IntAlu : 
 479500: system.cpu: T0 : 0x1ee24    : lbu a4, -4(a3)             : MemRead :  D=0x0000000000000041 A=0x4fdb4
 480000: system.cpu: T0 : 0x1ee28    : c_beqz a4, 56              : IntAlu : 
 481000: system.cpu: T0 : 0x1ee2a    : lbu a4, -3(a3)             : MemRead :  D=0x0000000000000052 A=0x4fdb5
 481500: system.cpu: T0 : 0x1ee2e    : c_beqz a4, 58              : IntAlu : 
 482000: system.cpu: T0 : 0x1ee30    : lbu a4, -2(a3)             : MemRead :  D=0x000000000000004e A=0x4fdb6
 482500: system.cpu: T0 : 0x1ee34    : c_beqz a4, 60              : IntAlu : 
 483500: system.cpu: T0 : 0x1ee36    : lbu a4, -1(a3)             : MemRead :  D=0x0000000000000000 A=0x4fdb7
 484000: system.cpu: T0 : 0x1ee3a    : c_beqz a4, 6               : IntAlu : 
 484500: system.cpu: T0 : 0x1ee40    : c_sub a5, a0               : IntAlu :  D=0x0000000000000000
 485500: system.cpu: T0 : 0x1ee42    : addi a0, a5, 7             : IntAlu :  D=0x0000000000000007
 486000: system.cpu: T0 : 0x1ee46    : c_jr ra                    : IntAlu : 
 486500: system.cpu: T0 : 0x147dc    : slli a5, s5, 8             : IntAlu :  D=0x0000000000004400
 487000: system.cpu: T0 : 0x147e0    : or a5, s2, a5              : IntAlu :  D=0x000000000000444c
 487500: system.cpu: T0 : 0x147e4    : slliw s2, a5, 16           : IntAlu :  D=0x00000000444c0000
 488000: system.cpu: T0 : 0x147e8    : c_mv s3, a0                : IntAlu :  D=0x0000000000000007
 489000: system.cpu: T0 : 0x147ea    : sraiw s2, s2, 16           : IntAlu :  D=0x000000000000444c
 490000: system.cpu: T0 : 0x147ee    : addi s5, a0, -2            : IntAlu :  D=0x0000000000000005
 490500: system.cpu: T0 : 0x147f2    : c_addi s4, 2               : IntAlu :  D=0x000000000004fdb2
 491000: system.cpu: T0 : 0x147f4    : c_beqz s0, -50             : IntAlu : 
 491500: system.cpu: T0 : 0x147c2    : c_ldsp ra, 56(sp)          : MemRead :  D=0x0000000000022592 A=0x7ffffffffffffd28
 492000: system.cpu: T0 : 0x147c4    : c_mv a0, s0                : IntAlu :  D=0x0000000000000000
 492500: system.cpu: T0 : 0x147c6    : c_ldsp s0, 48(sp)          : MemRead :  D=0x0000000000000001 A=0x7ffffffffffffd20
 493000: system.cpu: T0 : 0x147c8    : c_ldsp s1, 40(sp)          : MemRead :  D=0x000000000006fe60 A=0x7ffffffffffffd18
 493500: system.cpu: T0 : 0x147ca    : c_ldsp s2, 32(sp)          : MemRead :  D=0x0000000000072000 A=0x7ffffffffffffd10
 494000: system.cpu: T0 : 0x147cc    : c_ldsp s3, 24(sp)          : MemRead :  D=0x0000000000072000 A=0x7ffffffffffffd08
 494500: system.cpu: T0 : 0x147ce    : c_ldsp s4, 16(sp)          : MemRead :  D=0x0000000000070000 A=0x7ffffffffffffd00
 495000: system.cpu: T0 : 0x147d0    : c_ldsp s5, 8(sp)           : MemRead :  D=0x0000000000000000 A=0x7ffffffffffffcf8
 495500: system.cpu: T0 : 0x147d2    : c_ldsp s6, 0(sp)           : MemRead :  D=0x0000000000000000 A=0x7ffffffffffffcf0
 496000: system.cpu: T0 : 0x147d4    : c_addi16sp sp, 64          : IntAlu :  D=0x7ffffffffffffd30
 496500: system.cpu: T0 : 0x147d6    : c_jr ra                    : IntAlu : 
 497000: system.cpu: T0 : 0x22592    : c_li a5, 0                 : IntAlu :  D=0x0000000000000000
 497500: system.cpu: T0 : 0x22594    : c_beqz a0, 10              : IntAlu : 
 498500: system.cpu: T0 : 0x2259e    : lui s5, 114                : IntAlu :  D=0x0000000000072000
 499500: system.cpu: T0 : 0x225a2    : ld a4, -376(s5)            : MemRead :  D=0x0000000000000000 A=0x71e88
 500500: system.cpu: T0 : 0x225a6    : lui a3, 114                : IntAlu :  D=0x0000000000072000
 501500: system.cpu: T0 : 0x225aa    : sw a5, -360(a3)            : MemWrite :  D=0x0000000000000000 A=0x71e98
 502500: system.cpu: T0 : 0x225ae    : beq a4, zero, 1518         : IntAlu : 
 503000: system.cpu: T0 : 0x22b9c    : lui s6, 114                : IntAlu :  D=0x0000000000072000
 503500: system.cpu: T0 : 0x22ba0    : ld s0, -424(s6)            : MemRead :  D=0x0000000000000000 A=0x71e58
 504000: system.cpu: T0 : 0x22ba4    : bne s0, zero, -1062        : IntAlu : 
 504500: system.cpu: T0 : 0x22ba8    : lui s0, 111                : IntAlu :  D=0x000000000006f000
 505000: system.cpu: T0 : 0x22bac    : addi s0, s0, -128          : IntAlu :  D=0x000000000006ef80
 505500: system.cpu: T0 : 0x22bb0    : sd zero, 8(s0)             : MemWrite :  D=0x0000000000000000 A=0x6ef88
 506000: system.cpu: T0 : 0x22bb4    : sd zero, 16(s0)            : MemWrite :  D=0x0000000000000000 A=0x6ef90
 506500: system.cpu: T0 : 0x22bb8    : sd zero, 24(s0)            : MemWrite :  D=0x0000000000000000 A=0x6ef98
 507000: system.cpu: T0 : 0x22bbc    : c_li a5, 0                 : IntAlu :  D=0x0000000000000000
 507500: system.cpu: T0 : 0x22bbe    : c_j -678                   : IntAlu : 
 508000: system.cpu: T0 : 0x22918    : lui a0, 80                 : IntAlu :  D=0x0000000000050000
 508500: system.cpu: T0 : 0x2291c    : addi a0, a0, -240          : IntAlu :  D=0x000000000004ff10
 509000: system.cpu: T0 : 0x22920    : c_sd a5, 32(s0)            : MemWrite :  D=0x0000000000000000 A=0x6efa0
 510000: system.cpu: T0 : 0x22922    : jal ra, -57806             : IntAlu :  D=0x0000000000022926
 510500: system.cpu: T0 : 0x14754    : c_addi16sp sp, -64         : IntAlu :  D=0x7ffffffffffffcf0
 511000: system.cpu: T0 : 0x14756    : c_sdsp s1, 40(sp)          : MemWrite :  D=0x000000000006fe60 A=0x7ffffffffffffd18
 511500: system.cpu: T0 : 0x14758    : ld s1, -1360(gp)           : MemRead :  D=0x7fffffffffffff48 A=0x70ae0
 512000: system.cpu: T0 : 0x1475c    : c_sdsp ra, 56(sp)          : MemWrite :  D=0x0000000000022926 A=0x7ffffffffffffd28
 512500: system.cpu: T0 : 0x1475e    : c_sdsp s0, 48(sp)          : MemWrite :  D=0x000000000006ef80 A=0x7ffffffffffffd20
 513000: system.cpu: T0 : 0x14760    : c_sdsp s2, 32(sp)          : MemWrite :  D=0x0000000000072000 A=0x7ffffffffffffd10
 513500: system.cpu: T0 : 0x14762    : c_sdsp s3, 24(sp)          : MemWrite :  D=0x0000000000072000 A=0x7ffffffffffffd08
 514000: system.cpu: T0 : 0x14764    : c_sdsp s4, 16(sp)          : MemWrite :  D=0x0000000000070000 A=0x7ffffffffffffd00
 514500: system.cpu: T0 : 0x14766    : c_sdsp s5, 8(sp)           : MemWrite :  D=0x0000000000072000 A=0x7ffffffffffffcf8
 515000: system.cpu: T0 : 0x14768    : c_sdsp s6, 0(sp)           : MemWrite :  D=0x0000000000072000 A=0x7ffffffffffffcf0
 515500: system.cpu: T0 : 0x1476a    : c_beqz s1, 210             : IntAlu : 
 516000: system.cpu: T0 : 0x1476c    : lbu a5, 0(a0)              : MemRead :  D=0x000000000000004c A=0x4ff10
 516500: system.cpu: T0 : 0x14770    : c_mv s4, a0                : IntAlu :  D=0x000000000004ff10
 517000: system.cpu: T0 : 0x14772    : c_beqz a5, 202             : IntAlu : 
 517500: system.cpu: T0 : 0x14774    : lbu s5, 1(a0)              : MemRead :  D=0x0000000000000044 A=0x4ff11
 518000: system.cpu: T0 : 0x14778    : slliw s2, a5, 16           : IntAlu :  D=0x00000000004c0000
 518500: system.cpu: T0 : 0x1477c    : c_ld s0, 0(s1)             : MemRead :  D=0x0000000000000000 A=0x7fffffffffffff48
 519500: system.cpu: T0 : 0x1477e    : sraiw s2, s2, 16           : IntAlu :  D=0x000000000000004c
 520500: system.cpu: T0 : 0x14782    : bne s5, zero, 86           : IntAlu : 
 521000: system.cpu: T0 : 0x147d8    : jal ra, 42488              : IntAlu :  D=0x00000000000147dc
 521500: system.cpu: T0 : 0x1edd0    : andi a5, a0, 7             : IntAlu :  D=0x0000000000000000
 522000: system.cpu: T0 : 0x1edd4    : c_beqz a5, 26              : IntAlu : 
 522500: system.cpu: T0 : 0x1edee    : c_mv a5, a0                : IntAlu :  D=0x000000000004ff10
 523000: system.cpu: T0 : 0x1edf0    : ld a6, -2024(gp)           : MemRead :  D=0xfefefefefefefeff A=0x70848
 523500: system.cpu: T0 : 0x1edf4    : ld a1, -2016(gp)           : MemRead :  D=0x8080808080808080 A=0x70850
 524000: system.cpu: T0 : 0x1edf8    : c_ld a2, 0(a5)             : MemRead :  D=0x415242494c5f444c A=0x4ff10
 525000: system.cpu: T0 : 0x1edfa    : addi a3, a5, 8             : IntAlu :  D=0x000000000004ff18
 526000: system.cpu: T0 : 0x1edfe    : add a4, a2, a6             : IntAlu :  D=0x405141484b5e434b
 527000: system.cpu: T0 : 0x1ee02    : xori a2, a2, 18446744073709551615 : IntAlu :  D=0xbeadbdb6b3a0bbb3
 527500: system.cpu: T0 : 0x1ee06    : c_and a4, a2               : IntAlu :  D=0x0001010003000303
 528000: system.cpu: T0 : 0x1ee08    : c_and a4, a1               : IntAlu :  D=0x0000000000000000
 528500: system.cpu: T0 : 0x1ee0a    : c_beqz a4, 50              : IntAlu : 
 529000: system.cpu: T0 : 0x1ee3c    : c_mv a5, a3                : IntAlu :  D=0x000000000004ff18
 529500: system.cpu: T0 : 0x1ee3e    : c_j -70                    : IntAlu : 
 530000: system.cpu: T0 : 0x1edf8    : c_ld a2, 0(a5)             : MemRead :  D=0x00485441505f5952 A=0x4ff18
 531000: system.cpu: T0 : 0x1edfa    : addi a3, a5, 8             : IntAlu :  D=0x000000000004ff20
 532000: system.cpu: T0 : 0x1edfe    : add a4, a2, a6             : IntAlu :  D=0xff4753404f5e5851
 533000: system.cpu: T0 : 0x1ee02    : xori a2, a2, 18446744073709551615 : IntAlu :  D=0xffb7abbeafa0a6ad
 533500: system.cpu: T0 : 0x1ee06    : c_and a4, a2               : IntAlu :  D=0xff0703000f000001
 534000: system.cpu: T0 : 0x1ee08    : c_and a4, a1               : IntAlu :  D=0x8000000000000000
 534500: system.cpu: T0 : 0x1ee0a    : c_beqz a4, 50              : IntAlu : 
 535000: system.cpu: T0 : 0x1ee0c    : lbu a4, -8(a3)             : MemRead :  D=0x0000000000000052 A=0x4ff18
 535500: system.cpu: T0 : 0x1ee10    : c_beqz a4, -40             : IntAlu : 
 536500: system.cpu: T0 : 0x1ee12    : lbu a4, -7(a3)             : MemRead :  D=0x0000000000000059 A=0x4ff19
 537000: system.cpu: T0 : 0x1ee16    : c_beqz a4, 50              : IntAlu : 
 537500: system.cpu: T0 : 0x1ee18    : lbu a4, -6(a3)             : MemRead :  D=0x000000000000005f A=0x4ff1a
 538000: system.cpu: T0 : 0x1ee1c    : c_beqz a4, 52              : IntAlu : 
 539000: system.cpu: T0 : 0x1ee1e    : lbu a4, -5(a3)             : MemRead :  D=0x0000000000000050 A=0x4ff1b
 539500: system.cpu: T0 : 0x1ee22    : c_beqz a4, 54              : IntAlu : 
 540000: system.cpu: T0 : 0x1ee24    : lbu a4, -4(a3)             : MemRead :  D=0x0000000000000041 A=0x4ff1c
 540500: system.cpu: T0 : 0x1ee28    : c_beqz a4, 56              : IntAlu : 
 541500: system.cpu: T0 : 0x1ee2a    : lbu a4, -3(a3)             : MemRead :  D=0x0000000000000054 A=0x4ff1d
 542000: system.cpu: T0 : 0x1ee2e    : c_beqz a4, 58              : IntAlu : 
 542500: system.cpu: T0 : 0x1ee30    : lbu a4, -2(a3)             : MemRead :  D=0x0000000000000048 A=0x4ff1e
 543000: system.cpu: T0 : 0x1ee34    : c_beqz a4, 60              : IntAlu : 
 544000: system.cpu: T0 : 0x1ee36    : lbu a4, -1(a3)             : MemRead :  D=0x0000000000000000 A=0x4ff1f
 544500: system.cpu: T0 : 0x1ee3a    : c_beqz a4, 6               : IntAlu : 
 545000: system.cpu: T0 : 0x1ee40    : c_sub a5, a0               : IntAlu :  D=0x0000000000000008
 546000: system.cpu: T0 : 0x1ee42    : addi a0, a5, 7             : IntAlu :  D=0x000000000000000f
 546500: system.cpu: T0 : 0x1ee46    : c_jr ra                    : IntAlu : 
 547000: system.cpu: T0 : 0x147dc    : slli a5, s5, 8             : IntAlu :  D=0x0000000000004400
 547500: system.cpu: T0 : 0x147e0    : or a5, s2, a5              : IntAlu :  D=0x000000000000444c
 548000: system.cpu: T0 : 0x147e4    : slliw s2, a5, 16           : IntAlu :  D=0x00000000444c0000
 548500: system.cpu: T0 : 0x147e8    : c_mv s3, a0                : IntAlu :  D=0x000000000000000f
 549500: system.cpu: T0 : 0x147ea    : sraiw s2, s2, 16           : IntAlu :  D=0x000000000000444c
 550500: system.cpu: T0 : 0x147ee    : addi s5, a0, -2            : IntAlu :  D=0x000000000000000d
 551000: system.cpu: T0 : 0x147f2    : c_addi s4, 2               : IntAlu :  D=0x000000000004ff12
 551500: system.cpu: T0 : 0x147f4    : c_beqz s0, -50             : IntAlu : 
 552000: system.cpu: T0 : 0x147c2    : c_ldsp ra, 56(sp)          : MemRead :  D=0x0000000000022926 A=0x7ffffffffffffd28
 552500: system.cpu: T0 : 0x147c4    : c_mv a0, s0                : IntAlu :  D=0x0000000000000000
 553000: system.cpu: T0 : 0x147c6    : c_ldsp s0, 48(sp)          : MemRead :  D=0x000000000006ef80 A=0x7ffffffffffffd20
 553500: system.cpu: T0 : 0x147c8    : c_ldsp s1, 40(sp)          : MemRead :  D=0x000000000006fe60 A=0x7ffffffffffffd18
 554000: system.cpu: T0 : 0x147ca    : c_ldsp s2, 32(sp)          : MemRead :  D=0x0000000000072000 A=0x7ffffffffffffd10
 554500: system.cpu: T0 : 0x147cc    : c_ldsp s3, 24(sp)          : MemRead :  D=0x0000000000072000 A=0x7ffffffffffffd08
 555000: system.cpu: T0 : 0x147ce    : c_ldsp s4, 16(sp)          : MemRead :  D=0x0000000000070000 A=0x7ffffffffffffd00
 555500: system.cpu: T0 : 0x147d0    : c_ldsp s5, 8(sp)           : MemRead :  D=0x0000000000072000 A=0x7ffffffffffffcf8
 556000: system.cpu: T0 : 0x147d2    : c_ldsp s6, 0(sp)           : MemRead :  D=0x0000000000072000 A=0x7ffffffffffffcf0
 556500: system.cpu: T0 : 0x147d4    : c_addi16sp sp, 64          : IntAlu :  D=0x7ffffffffffffd30
 557000: system.cpu: T0 : 0x147d6    : c_jr ra                    : IntAlu : 
 558000: system.cpu: T0 : 0x22926    : jal ra, 99838              : IntAlu :  D=0x000000000002292a
 558500: system.cpu: T0 : 0x3af24    : c_addi16sp sp, -64         : IntAlu :  D=0x7ffffffffffffcf0
 559000: system.cpu: T0 : 0x3af26    : c_sdsp ra, 56(sp)          : MemWrite :  D=0x000000000002292a A=0x7ffffffffffffd28
 559500: system.cpu: T0 : 0x3af28    : c_sdsp s0, 48(sp)          : MemWrite :  D=0x000000000006ef80 A=0x7ffffffffffffd20
 560000: system.cpu: T0 : 0x3af2a    : c_sdsp s2, 32(sp)          : MemWrite :  D=0x0000000000072000 A=0x7ffffffffffffd10
 560500: system.cpu: T0 : 0x3af2c    : c_sdsp s3, 24(sp)          : MemWrite :  D=0x0000000000072000 A=0x7ffffffffffffd08
 561000: system.cpu: T0 : 0x3af2e    : c_addi4spn s0, sp, 64      : IntAlu :  D=0x7ffffffffffffd30
 561500: system.cpu: T0 : 0x3af30    : c_sdsp s1, 40(sp)          : MemWrite :  D=0x000000000006fe60 A=0x7ffffffffffffd18
 562000: system.cpu: T0 : 0x3af32    : c_sdsp s4, 16(sp)          : MemWrite :  D=0x0000000000070000 A=0x7ffffffffffffd00
 562500: system.cpu: T0 : 0x3af34    : c_sdsp s5, 8(sp)           : MemWrite :  D=0x0000000000072000 A=0x7ffffffffffffcf8
 563500: system.cpu: T0 : 0x3af36    : lui a5, 114                : IntAlu :  D=0x0000000000072000
 564500: system.cpu: T0 : 0x3af3a    : ld a1, -488(a5)            : MemRead :  D=0x0000000000000000 A=0x71e18
 565500: system.cpu: T0 : 0x3af3e    : lui a5, 114                : IntAlu :  D=0x0000000000072000
 566000: system.cpu: T0 : 0x3af42    : c_mv s2, a0                : IntAlu :  D=0x0000000000000000
 566500: system.cpu: T0 : 0x3af44    : lui s3, 111                : IntAlu :  D=0x000000000006f000
 567000: system.cpu: T0 : 0x3af48    : ld a0, -440(a5)            : MemRead :  D=0x0000000000000000 A=0x71e48
 567500: system.cpu: T0 : 0x3af4c    : addi s3, s3, -64           : IntAlu :  D=0x000000000006efc0
 568000: system.cpu: T0 : 0x3af50    : addi a3, s3, 8             : IntAlu :  D=0x000000000006efc8
 568500: system.cpu: T0 : 0x3af54    : addi a2, s3, 16            : IntAlu :  D=0x000000000006efd0
 569000: system.cpu: T0 : 0x3af58    : jal ra, 9754               : IntAlu :  D=0x000000000003af5c
 569500: system.cpu: T0 : 0x3d572    : c_addi16sp sp, -192        : IntAlu :  D=0x7ffffffffffffc30
 570000: system.cpu: T0 : 0x3d574    : c_sdsp s0, 176(sp)         : MemWrite :  D=0x7ffffffffffffd30 A=0x7ffffffffffffce0
 570500: system.cpu: T0 : 0x3d576    : c_sdsp s3, 152(sp)         : MemWrite :  D=0x000000000006efc0 A=0x7ffffffffffffcc8
 571000: system.cpu: T0 : 0x3d578    : c_addi4spn s0, sp, 192     : IntAlu :  D=0x7ffffffffffffcf0
 571500: system.cpu: T0 : 0x3d57a    : c_sdsp s4, 144(sp)         : MemWrite :  D=0x0000000000070000 A=0x7ffffffffffffcc0
 572000: system.cpu: T0 : 0x3d57c    : c_sdsp s9, 104(sp)         : MemWrite :  D=0x0000000000000000 A=0x7ffffffffffffc98
 572500: system.cpu: T0 : 0x3d57e    : c_sdsp s11, 88(sp)         : MemWrite :  D=0x0000000000000000 A=0x7ffffffffffffc88
 573000: system.cpu: T0 : 0x3d580    : c_sdsp ra, 184(sp)         : MemWrite :  D=0x000000000003af5c A=0x7ffffffffffffce8
 573500: system.cpu: T0 : 0x3d582    : c_sdsp s1, 168(sp)         : MemWrite :  D=0x000000000006fe60 A=0x7ffffffffffffcd8
 574000: system.cpu: T0 : 0x3d584    : c_sdsp s2, 160(sp)         : MemWrite :  D=0x0000000000000000 A=0x7ffffffffffffcd0
 574500: system.cpu: T0 : 0x3d586    : c_sdsp s5, 136(sp)         : MemWrite :  D=0x0000000000072000 A=0x7ffffffffffffcb8
 575000: system.cpu: T0 : 0x3d588    : c_sdsp s6, 128(sp)         : MemWrite :  D=0x0000000000072000 A=0x7ffffffffffffcb0
 575500: system.cpu: T0 : 0x3d58a    : c_sdsp s7, 120(sp)         : MemWrite :  D=0x0000000000000000 A=0x7ffffffffffffca8
 576000: system.cpu: T0 : 0x3d58c    : c_sdsp s8, 112(sp)         : MemWrite :  D=0x0000000000000000 A=0x7ffffffffffffca0
 576500: system.cpu: T0 : 0x3d58e    : c_sdsp s10, 96(sp)         : MemWrite :  D=0x0000000000000000 A=0x7ffffffffffffc90
 577000: system.cpu: T0 : 0x3d590    : c_mv a5, a2                : IntAlu :  D=0x000000000006efd0
 577500: system.cpu: T0 : 0x3d592    : c_mv a4, a1                : IntAlu :  D=0x0000000000000000
 578000: system.cpu: T0 : 0x3d594    : c_mv s4, a0                : IntAlu :  D=0x0000000000000000
 578500: system.cpu: T0 : 0x3d596    : c_li a2, 0                 : IntAlu :  D=0x0000000000000000
 579000: system.cpu: T0 : 0x3d598    : addi a1, s0, -120          : IntAlu :  D=0x7ffffffffffffc78
 579500: system.cpu: T0 : 0x3d59c    : c_li a0, 8                 : IntAlu :  D=0x0000000000000008
 580500: system.cpu: T0 : 0x3d59e    : sd a5, -136(s0)            : MemWrite :  D=0x000000000006efd0 A=0x7ffffffffffffc68
 581500: system.cpu: T0 : 0x3d5a2    : sd a3, -160(s0)            : MemWrite :  D=0x000000000006efc8 A=0x7ffffffffffffc50
 582500: system.cpu: T0 : 0x3d5a6    : sd a4, -144(s0)            : MemWrite :  D=0x0000000000000000 A=0x7ffffffffffffc60
 583500: system.cpu: T0 : 0x3d5aa    : jal ra, -111428            : IntAlu :  D=0x000000000003d5ae
 584000: system.cpu: T0 : 0x22266    : c_slli a0, 32              : IntAlu :  D=0x0000000800000000
 584500: system.cpu: T0 : 0x22268    : c_srli a0, 32              : IntAlu :  D=0x0000000000000008
 585500: system.cpu: T0 : 0x2226a    : slli a5, a0, 3             : IntAlu :  D=0x0000000000000040
 586000: system.cpu: T0 : 0x2226e    : c_sub a5, a0               : IntAlu :  D=0x0000000000000038
 586500: system.cpu: T0 : 0x22270    : lui a4, 111                : IntAlu :  D=0x000000000006f000
 587000: system.cpu: T0 : 0x22274    : addi a4, a4, -1248         : IntAlu :  D=0x000000000006eb20
 587500: system.cpu: T0 : 0x22278    : c_slli a5, 3               : IntAlu :  D=0x00000000000001c0
 588000: system.cpu: T0 : 0x2227a    : c_add a5, a4               : IntAlu :  D=0x000000000006ece0
 588500: system.cpu: T0 : 0x2227c    : c_lw a3, 8(a5)             : MemRead :  D=0x0000000000000001 A=0x6ece8
 589000: system.cpu: T0 : 0x2227e    : c_li a6, 2                 : IntAlu :  D=0x0000000000000002
 589500: system.cpu: T0 : 0x22280    : c_ld a5, 32(a5)            : MemRead :  D=0x0000000000000000 A=0x6ed00
 590500: system.cpu: T0 : 0x22282    : bltu a6, a3, 42            : IntAlu : 
 591000: system.cpu: T0 : 0x22286    : c_bnez a3, 38              : IntAlu : 
 591500: system.cpu: T0 : 0x222ac    : c_sd a5, 0(a1)             : MemWrite :  D=0x0000000000000000 A=0x7ffffffffffffc78
 592000: system.cpu: T0 : 0x222ae    : c_j -36                    : IntAlu : 
 593000: system.cpu: T0 : 0x2228a    : slli a5, a0, 3             : IntAlu :  D=0x0000000000000040
 593500: system.cpu: T0 : 0x2228e    : c_sub a5, a0               : IntAlu :  D=0x0000000000000038
 594000: system.cpu: T0 : 0x22290    : c_slli a5, 3               : IntAlu :  D=0x00000000000001c0
 595000: system.cpu: T0 : 0x22292    : add a3, a4, a5             : IntAlu :  D=0x000000000006ece0
 596000: system.cpu: T0 : 0x22296    : lbu a3, 40(a3)             : MemRead :  D=0x0000000000000000 A=0x6ed08
 596500: system.cpu: T0 : 0x2229a    : c_beqz a3, 16              : IntAlu : 
 597000: system.cpu: T0 : 0x222aa    : c_jr ra                    : IntAlu : 
 598000: system.cpu: T0 : 0x3d5ae    : ld s11, -120(s0)           : MemRead :  D=0x0000000000000000 A=0x7ffffffffffffc78
 599000: system.cpu: T0 : 0x3d5b2    : ld s9, -1328(gp)           : MemRead :  D=0x0000000000000000 A=0x70b00
 600000: system.cpu: T0 : 0x3d5b6    : sltu a3, zero, s4          : IntAlu :  D=0x0000000000000000
 601000: system.cpu: T0 : 0x3d5ba    : and s3, s9, s11            : IntAlu :  D=0x0000000000000000
 602000: system.cpu: T0 : 0x3d5be    : beq s3, zero, 1250         : IntAlu : 
 602500: system.cpu: T0 : 0x3daa0    : addi s2, a3, 1             : IntAlu :  D=0x0000000000000001
 603000: system.cpu: T0 : 0x3daa4    : c_j -1210                  : IntAlu : 
 604000: system.cpu: T0 : 0x3d5ea    : lui a5, 114                : IntAlu :  D=0x0000000000072000
 605000: system.cpu: T0 : 0x3d5ee    : ld s5, -424(a5)            : MemRead :  D=0x0000000000000000 A=0x71e58
 606000: system.cpu: T0 : 0x3d5f2    : beq s5, zero, 444          : IntAlu : 
 607000: system.cpu: T0 : 0x3d7ae    : slli a5, s2, 4             : IntAlu :  D=0x0000000000000010
 608000: system.cpu: T0 : 0x3d7b2    : sub sp, sp, a5             : IntAlu :  D=0x7ffffffffffffc20
 608500: system.cpu: T0 : 0x3d7b6    : c_mv a3, sp                : IntAlu :  D=0x7ffffffffffffc20
 609000: system.cpu: T0 : 0x3d7b8    : c_mv s1, a3                : IntAlu :  D=0x7ffffffffffffc20
 609500: system.cpu: T0 : 0x3d7ba    : c_li a1, 1                 : IntAlu :  D=0x0000000000000001
 610000: system.cpu: T0 : 0x3d7bc    : c_li s9, 0                 : IntAlu :  D=0x0000000000000000
 611000: system.cpu: T0 : 0x3d7be    : bne s3, zero, -118         : IntAlu : 
 612000: system.cpu: T0 : 0x3d7c2    : beq s4, zero, 24           : IntAlu : 
 613000: system.cpu: T0 : 0x3d7da    : lui a5, 98                 : IntAlu :  D=0x0000000000062000
 614000: system.cpu: T0 : 0x3d7de    : addi a5, a5, -512          : IntAlu :  D=0x0000000000061e00
 614500: system.cpu: T0 : 0x3d7e2    : c_sd a5, 0(a3)             : MemWrite :  D=0x0000000000061e00 A=0x7ffffffffffffc20
 615000: system.cpu: T0 : 0x3d7e4    : c_li a5, 3                 : IntAlu :  D=0x0000000000000003
 615500: system.cpu: T0 : 0x3d7e6    : c_sd a5, 8(a3)             : MemWrite :  D=0x0000000000000003 A=0x7ffffffffffffc28
 616000: system.cpu: T0 : 0x3d7e8    : bne s2, a1, 706            : IntAlu : 
 616500: system.cpu: T0 : 0x3d7ec    : c_li a5, 1                 : IntAlu :  D=0x0000000000000001
 617500: system.cpu: T0 : 0x3d7ee    : ld s9, 8(s1)               : MemRead :  D=0x0000000000000003 A=0x7ffffffffffffc28
 618500: system.cpu: T0 : 0x3d7f2    : beq s2, a5, 542            : IntAlu : 
 619000: system.cpu: T0 : 0x3da10    : ld a5, -136(s0)            : MemRead :  D=0x000000000006efd0 A=0x7ffffffffffffc68
 619500: system.cpu: T0 : 0x3da14    : c_li s2, 2                 : IntAlu :  D=0x0000000000000002
 620500: system.cpu: T0 : 0x3da16    : addi a0, s9, 33            : IntAlu :  D=0x0000000000000024
 621500: system.cpu: T0 : 0x3da1a    : sd s2, 0(a5)               : MemWrite :  D=0x0000000000000002 A=0x6efd0
 622500: system.cpu: T0 : 0x3da1e    : jal ra, -131280            : IntAlu :  D=0x000000000003da22
 623500: system.cpu: T0 : 0x1d94e    : ld t1, -1848(gp)           : MemRead :  D=0x000000000001db4c A=0x708f8
 624500: system.cpu: T0 : 0x1d952    : bne t1, zero, 260          : IntAlu : 
 625000: system.cpu: T0 : 0x1da56    : c_mv a1, ra                : IntAlu :  D=0x000000000003da22
 625500: system.cpu: T0 : 0x1da58    : c_jr t1                    : IntAlu : 
 626000: system.cpu: T0 : 0x1db4c    : lw a5, -1876(gp)           : MemRead :  D=0xffffffffffffffff A=0x708dc
 626500: system.cpu: T0 : 0x1db50    : sd zero, -1848(gp)         : MemWrite :  D=0x0000000000000000 A=0x708f8
 627000: system.cpu: T0 : 0x1db54    : blt a5, zero, 6            : IntAlu : 
 627500: system.cpu: T0 : 0x1db5a    : c_addi sp, -32             : IntAlu :  D=0x7ffffffffffffc00
 628000: system.cpu: T0 : 0x1db5c    : c_sdsp ra, 24(sp)          : MemWrite :  D=0x000000000003da22 A=0x7ffffffffffffc18
 628500: system.cpu: T0 : 0x1db5e    : c_sdsp a0, 8(sp)           : MemWrite :  D=0x0000000000000024 A=0x7ffffffffffffc08
 629000: system.cpu: T0 : 0x1db60    : jal ra, -11948             : IntAlu :  D=0x000000000001db64
 629500: system.cpu: T0 : 0x1acb4    : c_addi16sp sp, -48         : IntAlu :  D=0x7ffffffffffffbd0
 630000: system.cpu: T0 : 0x1acb6    : c_sdsp s1, 24(sp)          : MemWrite :  D=0x7ffffffffffffc20 A=0x7ffffffffffffbe8
 630500: system.cpu: T0 : 0x1acb8    : lui s1, 111                : IntAlu :  D=0x000000000006f000
 631000: system.cpu: T0 : 0x1acbc    : ld a3, -1264(s1)           : MemRead :  D=0x2e00000000000000 A=0x6eb10
 631500: system.cpu: T0 : 0x1acc0    : lui a0, 111                : IntAlu :  D=0x000000000006f000
 632000: system.cpu: T0 : 0x1acc4    : addi a4, a0, 1480          : IntAlu :  D=0x000000000006f5c8
 632500: system.cpu: T0 : 0x1acc8    : c_sdsp ra, 40(sp)          : MemWrite :  D=0x000000000001db64 A=0x7ffffffffffffbf8
 633000: system.cpu: T0 : 0x1acca    : c_sdsp s0, 32(sp)          : MemWrite :  D=0x7ffffffffffffcf0 A=0x7ffffffffffffbf0
 633500: system.cpu: T0 : 0x1accc    : addi a0, a0, 1480          : IntAlu :  D=0x000000000006f5c8
 634000: system.cpu: T0 : 0x1acd0    : sd a4, 56(tp)              : MemWrite :  D=0x000000000006f5c8 A=0x72748
 634500: system.cpu: T0 : 0x1acd4    : c_sdsp a3, 8(sp)           : MemWrite :  D=0x2e00000000000000 A=0x7ffffffffffffbd8
 635500: system.cpu: T0 : 0x1acd6    : sw zero, -1876(gp)         : MemWrite :  D=0x0000000000000000 A=0x708dc
 636500: system.cpu: T0 : 0x1acda    : jal ra, -1026              : IntAlu :  D=0x000000000001acde
 637000: system.cpu: T0 : 0x1a8d8    : c_lui a4, 1                : IntAlu :  D=0x0000000000001000
 638000: system.cpu: T0 : 0x1a8da    : addi a3, a0, 96            : IntAlu :  D=0x000000000006f628
 639000: system.cpu: T0 : 0x1a8de    : addi a4, a4, -1968         : IntAlu :  D=0x0000000000000850
 639500: system.cpu: T0 : 0x1a8e2    : c_mv a5, a3                : IntAlu :  D=0x000000000006f628
 640000: system.cpu: T0 : 0x1a8e4    : c_add a4, a0               : IntAlu :  D=0x000000000006fe18
 640500: system.cpu: T0 : 0x1a8e6    : c_sd a5, 24(a5)            : MemWrite :  D=0x000000000006f628 A=0x6f640
 641000: system.cpu: T0 : 0x1a8e8    : c_sd a5, 16(a5)            : MemWrite :  D=0x000000000006f628 A=0x6f638
 641500: system.cpu: T0 : 0x1a8ea    : c_addi a5, 16              : IntAlu :  D=0x000000000006f638
 642000: system.cpu: T0 : 0x1a8ec    : bne a4, a5, -6             : IntAlu : 
 642500: system.cpu: T0 : 0x1a8e6    : c_sd a5, 24(a5)            : MemWrite :  D=0x000000000006f638 A=0x6f650
 643000: system.cpu: T0 : 0x1a8e8    : c_sd a5, 16(a5)            : MemWrite :  D=0x000000000006f638 A=0x6f648
 643500: system.cpu: T0 : 0x1a8ea    : c_addi a5, 16              : IntAlu :  D=0x000000000006f648
 644000: system.cpu: T0 : 0x1a8ec    : bne a4, a5, -6             : IntAlu : 
 644500: system.cpu: T0 : 0x1a8e6    : c_sd a5, 24(a5)            : MemWrite :  D=0x000000000006f648 A=0x6f660
 645000: system.cpu: T0 : 0x1a8e8    : c_sd a5, 16(a5)            : MemWrite :  D=0x000000000006f648 A=0x6f658
 645500: system.cpu: T0 : 0x1a8ea    : c_addi a5, 16              : IntAlu :  D=0x000000000006f658
 646000: system.cpu: T0 : 0x1a8ec    : bne a4, a5, -6             : IntAlu : 
 646500: system.cpu: T0 : 0x1a8e6    : c_sd a5, 24(a5)            : MemWrite :  D=0x000000000006f658 A=0x6f670
 647000: system.cpu: T0 : 0x1a8e8    : c_sd a5, 16(a5)            : MemWrite :  D=0x000000000006f658 A=0x6f668
 647500: system.cpu: T0 : 0x1a8ea    : c_addi a5, 16              : IntAlu :  D=0x000000000006f668
 648000: system.cpu: T0 : 0x1a8ec    : bne a4, a5, -6             : IntAlu : 
 648500: system.cpu: T0 : 0x1a8e6    : c_sd a5, 24(a5)            : MemWrite :  D=0x000000000006f668 A=0x6f680
 649000: system.cpu: T0 : 0x1a8e8    : c_sd a5, 16(a5)            : MemWrite :  D=0x000000000006f668 A=0x6f678
 649500: system.cpu: T0 : 0x1a8ea    : c_addi a5, 16              : IntAlu :  D=0x000000000006f678
 650000: system.cpu: T0 : 0x1a8ec    : bne a4, a5, -6             : IntAlu : 
 650500: system.cpu: T0 : 0x1a8e6    : c_sd a5, 24(a5)            : MemWrite :  D=0x000000000006f678 A=0x6f690
 651000: system.cpu: T0 : 0x1a8e8    : c_sd a5, 16(a5)            : MemWrite :  D=0x000000000006f678 A=0x6f688
 651500: system.cpu: T0 : 0x1a8ea    : c_addi a5, 16              : IntAlu :  D=0x000000000006f688
 652000: system.cpu: T0 : 0x1a8ec    : bne a4, a5, -6             : IntAlu : 
 652500: system.cpu: T0 : 0x1a8e6    : c_sd a5, 24(a5)            : MemWrite :  D=0x000000000006f688 A=0x6f6a0
 653000: system.cpu: T0 : 0x1a8e8    : c_sd a5, 16(a5)            : MemWrite :  D=0x000000000006f688 A=0x6f698
 653500: system.cpu: T0 : 0x1a8ea    : c_addi a5, 16              : IntAlu :  D=0x000000000006f698
 654000: system.cpu: T0 : 0x1a8ec    : bne a4, a5, -6             : IntAlu : 
 654500: system.cpu: T0 : 0x1a8e6    : c_sd a5, 24(a5)            : MemWrite :  D=0x000000000006f698 A=0x6f6b0
 655000: system.cpu: T0 : 0x1a8e8    : c_sd a5, 16(a5)            : MemWrite :  D=0x000000000006f698 A=0x6f6a8
 655500: system.cpu: T0 : 0x1a8ea    : c_addi a5, 16              : IntAlu :  D=0x000000000006f6a8
 656000: system.cpu: T0 : 0x1a8ec    : bne a4, a5, -6             : IntAlu : 
 656500: system.cpu: T0 : 0x1a8e6    : c_sd a5, 24(a5)            : MemWrite :  D=0x000000000006f6a8 A=0x6f6c0
 657000: system.cpu: T0 : 0x1a8e8    : c_sd a5, 16(a5)            : MemWrite :  D=0x000000000006f6a8 A=0x6f6b8
 657500: system.cpu: T0 : 0x1a8ea    : c_addi a5, 16              : IntAlu :  D=0x000000000006f6b8
 658000: system.cpu: T0 : 0x1a8ec    : bne a4, a5, -6             : IntAlu : 
 658500: system.cpu: T0 : 0x1a8e6    : c_sd a5, 24(a5)            : MemWrite :  D=0x000000000006f6b8 A=0x6f6d0
 659000: system.cpu: T0 : 0x1a8e8    : c_sd a5, 16(a5)            : MemWrite :  D=0x000000000006f6b8 A=0x6f6c8
 659500: system.cpu: T0 : 0x1a8ea    : c_addi a5, 16              : IntAlu :  D=0x000000000006f6c8
 660000: system.cpu: T0 : 0x1a8ec    : bne a4, a5, -6             : IntAlu : 
 660500: system.cpu: T0 : 0x1a8e6    : c_sd a5, 24(a5)            : MemWrite :  D=0x000000000006f6c8 A=0x6f6e0
 661000: system.cpu: T0 : 0x1a8e8    : c_sd a5, 16(a5)            : MemWrite :  D=0x000000000006f6c8 A=0x6f6d8
 661500: system.cpu: T0 : 0x1a8ea    : c_addi a5, 16              : IntAlu :  D=0x000000000006f6d8
 662000: system.cpu: T0 : 0x1a8ec    : bne a4, a5, -6             : IntAlu : 
 662500: system.cpu: T0 : 0x1a8e6    : c_sd a5, 24(a5)            : MemWrite :  D=0x000000000006f6d8 A=0x6f6f0
 663000: system.cpu: T0 : 0x1a8e8    : c_sd a5, 16(a5)            : MemWrite :  D=0x000000000006f6d8 A=0x6f6e8
 663500: system.cpu: T0 : 0x1a8ea    : c_addi a5, 16              : IntAlu :  D=0x000000000006f6e8
 664000: system.cpu: T0 : 0x1a8ec    : bne a4, a5, -6             : IntAlu : 
 664500: system.cpu: T0 : 0x1a8e6    : c_sd a5, 24(a5)            : MemWrite :  D=0x000000000006f6e8 A=0x6f700
 665000: system.cpu: T0 : 0x1a8e8    : c_sd a5, 16(a5)            : MemWrite :  D=0x000000000006f6e8 A=0x6f6f8
 665500: system.cpu: T0 : 0x1a8ea    : c_addi a5, 16              : IntAlu :  D=0x000000000006f6f8
 666000: system.cpu: T0 : 0x1a8ec    : bne a4, a5, -6             : IntAlu : 
 666500: system.cpu: T0 : 0x1a8e6    : c_sd a5, 24(a5)            : MemWrite :  D=0x000000000006f6f8 A=0x6f710
 667000: system.cpu: T0 : 0x1a8e8    : c_sd a5, 16(a5)            : MemWrite :  D=0x000000000006f6f8 A=0x6f708
 667500: system.cpu: T0 : 0x1a8ea    : c_addi a5, 16              : IntAlu :  D=0x000000000006f708
 668000: system.cpu: T0 : 0x1a8ec    : bne a4, a5, -6             : IntAlu : 
 668500: system.cpu: T0 : 0x1a8e6    : c_sd a5, 24(a5)            : MemWrite :  D=0x000000000006f708 A=0x6f720
 669000: system.cpu: T0 : 0x1a8e8    : c_sd a5, 16(a5)            : MemWrite :  D=0x000000000006f708 A=0x6f718
 669500: system.cpu: T0 : 0x1a8ea    : c_addi a5, 16              : IntAlu :  D=0x000000000006f718
 670000: system.cpu: T0 : 0x1a8ec    : bne a4, a5, -6             : IntAlu : 
 670500: system.cpu: T0 : 0x1a8e6    : c_sd a5, 24(a5)            : MemWrite :  D=0x000000000006f718 A=0x6f730
 671000: system.cpu: T0 : 0x1a8e8    : c_sd a5, 16(a5)            : MemWrite :  D=0x000000000006f718 A=0x6f728
 671500: system.cpu: T0 : 0x1a8ea    : c_addi a5, 16              : IntAlu :  D=0x000000000006f728
 672000: system.cpu: T0 : 0x1a8ec    : bne a4, a5, -6             : IntAlu : 
 672500: system.cpu: T0 : 0x1a8e6    : c_sd a5, 24(a5)            : MemWrite :  D=0x000000000006f728 A=0x6f740
 673000: system.cpu: T0 : 0x1a8e8    : c_sd a5, 16(a5)            : MemWrite :  D=0x000000000006f728 A=0x6f738
 673500: system.cpu: T0 : 0x1a8ea    : c_addi a5, 16              : IntAlu :  D=0x000000000006f738
 674000: system.cpu: T0 : 0x1a8ec    : bne a4, a5, -6             : IntAlu : 
 674500: system.cpu: T0 : 0x1a8e6    : c_sd a5, 24(a5)            : MemWrite :  D=0x000000000006f738 A=0x6f750
 675000: system.cpu: T0 : 0x1a8e8    : c_sd a5, 16(a5)            : MemWrite :  D=0x000000000006f738 A=0x6f748
 675500: system.cpu: T0 : 0x1a8ea    : c_addi a5, 16              : IntAlu :  D=0x000000000006f748
 676000: system.cpu: T0 : 0x1a8ec    : bne a4, a5, -6             : IntAlu : 
 676500: system.cpu: T0 : 0x1a8e6    : c_sd a5, 24(a5)            : MemWrite :  D=0x000000000006f748 A=0x6f760
 677000: system.cpu: T0 : 0x1a8e8    : c_sd a5, 16(a5)            : MemWrite :  D=0x000000000006f748 A=0x6f758
 677500: system.cpu: T0 : 0x1a8ea    : c_addi a5, 16              : IntAlu :  D=0x000000000006f758
 678000: system.cpu: T0 : 0x1a8ec    : bne a4, a5, -6             : IntAlu : 
 678500: system.cpu: T0 : 0x1a8e6    : c_sd a5, 24(a5)            : MemWrite :  D=0x000000000006f758 A=0x6f770
 679000: system.cpu: T0 : 0x1a8e8    : c_sd a5, 16(a5)            : MemWrite :  D=0x000000000006f758 A=0x6f768
 679500: system.cpu: T0 : 0x1a8ea    : c_addi a5, 16              : IntAlu :  D=0x000000000006f768
 680000: system.cpu: T0 : 0x1a8ec    : bne a4, a5, -6             : IntAlu : 
 680500: system.cpu: T0 : 0x1a8e6    : c_sd a5, 24(a5)            : MemWrite :  D=0x000000000006f768 A=0x6f780
 681000: system.cpu: T0 : 0x1a8e8    : c_sd a5, 16(a5)            : MemWrite :  D=0x000000000006f768 A=0x6f778
 681500: system.cpu: T0 : 0x1a8ea    : c_addi a5, 16              : IntAlu :  D=0x000000000006f778
 682000: system.cpu: T0 : 0x1a8ec    : bne a4, a5, -6             : IntAlu : 
 682500: system.cpu: T0 : 0x1a8e6    : c_sd a5, 24(a5)            : MemWrite :  D=0x000000000006f778 A=0x6f790
 683000: system.cpu: T0 : 0x1a8e8    : c_sd a5, 16(a5)            : MemWrite :  D=0x000000000006f778 A=0x6f788
 683500: system.cpu: T0 : 0x1a8ea    : c_addi a5, 16              : IntAlu :  D=0x000000000006f788
 684000: system.cpu: T0 : 0x1a8ec    : bne a4, a5, -6             : IntAlu : 
 684500: system.cpu: T0 : 0x1a8e6    : c_sd a5, 24(a5)            : MemWrite :  D=0x000000000006f788 A=0x6f7a0
 685000: system.cpu: T0 : 0x1a8e8    : c_sd a5, 16(a5)            : MemWrite :  D=0x000000000006f788 A=0x6f798
 685500: system.cpu: T0 : 0x1a8ea    : c_addi a5, 16              : IntAlu :  D=0x000000000006f798
 686000: system.cpu: T0 : 0x1a8ec    : bne a4, a5, -6             : IntAlu : 
 686500: system.cpu: T0 : 0x1a8e6    : c_sd a5, 24(a5)            : MemWrite :  D=0x000000000006f798 A=0x6f7b0
 687000: system.cpu: T0 : 0x1a8e8    : c_sd a5, 16(a5)            : MemWrite :  D=0x000000000006f798 A=0x6f7a8
 687500: system.cpu: T0 : 0x1a8ea    : c_addi a5, 16              : IntAlu :  D=0x000000000006f7a8
 688000: system.cpu: T0 : 0x1a8ec    : bne a4, a5, -6             : IntAlu : 
 688500: system.cpu: T0 : 0x1a8e6    : c_sd a5, 24(a5)            : MemWrite :  D=0x000000000006f7a8 A=0x6f7c0
 689000: system.cpu: T0 : 0x1a8e8    : c_sd a5, 16(a5)            : MemWrite :  D=0x000000000006f7a8 A=0x6f7b8
 689500: system.cpu: T0 : 0x1a8ea    : c_addi a5, 16              : IntAlu :  D=0x000000000006f7b8
 690000: system.cpu: T0 : 0x1a8ec    : bne a4, a5, -6             : IntAlu : 
 690500: system.cpu: T0 : 0x1a8e6    : c_sd a5, 24(a5)            : MemWrite :  D=0x000000000006f7b8 A=0x6f7d0
 691000: system.cpu: T0 : 0x1a8e8    : c_sd a5, 16(a5)            : MemWrite :  D=0x000000000006f7b8 A=0x6f7c8
 691500: system.cpu: T0 : 0x1a8ea    : c_addi a5, 16              : IntAlu :  D=0x000000000006f7c8
 692000: system.cpu: T0 : 0x1a8ec    : bne a4, a5, -6             : IntAlu : 
 692500: system.cpu: T0 : 0x1a8e6    : c_sd a5, 24(a5)            : MemWrite :  D=0x000000000006f7c8 A=0x6f7e0
 693000: system.cpu: T0 : 0x1a8e8    : c_sd a5, 16(a5)            : MemWrite :  D=0x000000000006f7c8 A=0x6f7d8
 693500: system.cpu: T0 : 0x1a8ea    : c_addi a5, 16              : IntAlu :  D=0x000000000006f7d8
 694000: system.cpu: T0 : 0x1a8ec    : bne a4, a5, -6             : IntAlu : 
 694500: system.cpu: T0 : 0x1a8e6    : c_sd a5, 24(a5)            : MemWrite :  D=0x000000000006f7d8 A=0x6f7f0
 695000: system.cpu: T0 : 0x1a8e8    : c_sd a5, 16(a5)            : MemWrite :  D=0x000000000006f7d8 A=0x6f7e8
 695500: system.cpu: T0 : 0x1a8ea    : c_addi a5, 16              : IntAlu :  D=0x000000000006f7e8
 696000: system.cpu: T0 : 0x1a8ec    : bne a4, a5, -6             : IntAlu : 
 696500: system.cpu: T0 : 0x1a8e6    : c_sd a5, 24(a5)            : MemWrite :  D=0x000000000006f7e8 A=0x6f800
 697000: system.cpu: T0 : 0x1a8e8    : c_sd a5, 16(a5)            : MemWrite :  D=0x000000000006f7e8 A=0x6f7f8
 697500: system.cpu: T0 : 0x1a8ea    : c_addi a5, 16              : IntAlu :  D=0x000000000006f7f8
 698000: system.cpu: T0 : 0x1a8ec    : bne a4, a5, -6             : IntAlu : 
 698500: system.cpu: T0 : 0x1a8e6    : c_sd a5, 24(a5)            : MemWrite :  D=0x000000000006f7f8 A=0x6f810
 699000: system.cpu: T0 : 0x1a8e8    : c_sd a5, 16(a5)            : MemWrite :  D=0x000000000006f7f8 A=0x6f808
 699500: system.cpu: T0 : 0x1a8ea    : c_addi a5, 16              : IntAlu :  D=0x000000000006f808
 700000: system.cpu: T0 : 0x1a8ec    : bne a4, a5, -6             : IntAlu : 
 700500: system.cpu: T0 : 0x1a8e6    : c_sd a5, 24(a5)            : MemWrite :  D=0x000000000006f808 A=0x6f820
 701000: system.cpu: T0 : 0x1a8e8    : c_sd a5, 16(a5)            : MemWrite :  D=0x000000000006f808 A=0x6f818
 701500: system.cpu: T0 : 0x1a8ea    : c_addi a5, 16              : IntAlu :  D=0x000000000006f818
 702000: system.cpu: T0 : 0x1a8ec    : bne a4, a5, -6             : IntAlu : 
 702500: system.cpu: T0 : 0x1a8e6    : c_sd a5, 24(a5)            : MemWrite :  D=0x000000000006f818 A=0x6f830
 703000: system.cpu: T0 : 0x1a8e8    : c_sd a5, 16(a5)            : MemWrite :  D=0x000000000006f818 A=0x6f828
 703500: system.cpu: T0 : 0x1a8ea    : c_addi a5, 16              : IntAlu :  D=0x000000000006f828
 704000: system.cpu: T0 : 0x1a8ec    : bne a4, a5, -6             : IntAlu : 
 704500: system.cpu: T0 : 0x1a8e6    : c_sd a5, 24(a5)            : MemWrite :  D=0x000000000006f828 A=0x6f840
 705000: system.cpu: T0 : 0x1a8e8    : c_sd a5, 16(a5)            : MemWrite :  D=0x000000000006f828 A=0x6f838
 705500: system.cpu: T0 : 0x1a8ea    : c_addi a5, 16              : IntAlu :  D=0x000000000006f838
 706000: system.cpu: T0 : 0x1a8ec    : bne a4, a5, -6             : IntAlu : 
 706500: system.cpu: T0 : 0x1a8e6    : c_sd a5, 24(a5)            : MemWrite :  D=0x000000000006f838 A=0x6f850
 707000: system.cpu: T0 : 0x1a8e8    : c_sd a5, 16(a5)            : MemWrite :  D=0x000000000006f838 A=0x6f848
 707500: system.cpu: T0 : 0x1a8ea    : c_addi a5, 16              : IntAlu :  D=0x000000000006f848
 708000: system.cpu: T0 : 0x1a8ec    : bne a4, a5, -6             : IntAlu : 
 708500: system.cpu: T0 : 0x1a8e6    : c_sd a5, 24(a5)            : MemWrite :  D=0x000000000006f848 A=0x6f860
 709000: system.cpu: T0 : 0x1a8e8    : c_sd a5, 16(a5)            : MemWrite :  D=0x000000000006f848 A=0x6f858
 709500: system.cpu: T0 : 0x1a8ea    : c_addi a5, 16              : IntAlu :  D=0x000000000006f858
 710000: system.cpu: T0 : 0x1a8ec    : bne a4, a5, -6             : IntAlu : 
 710500: system.cpu: T0 : 0x1a8e6    : c_sd a5, 24(a5)            : MemWrite :  D=0x000000000006f858 A=0x6f870
 711000: system.cpu: T0 : 0x1a8e8    : c_sd a5, 16(a5)            : MemWrite :  D=0x000000000006f858 A=0x6f868
 711500: system.cpu: T0 : 0x1a8ea    : c_addi a5, 16              : IntAlu :  D=0x000000000006f868
 712000: system.cpu: T0 : 0x1a8ec    : bne a4, a5, -6             : IntAlu : 
 712500: system.cpu: T0 : 0x1a8e6    : c_sd a5, 24(a5)            : MemWrite :  D=0x000000000006f868 A=0x6f880
 713000: system.cpu: T0 : 0x1a8e8    : c_sd a5, 16(a5)            : MemWrite :  D=0x000000000006f868 A=0x6f878
 713500: system.cpu: T0 : 0x1a8ea    : c_addi a5, 16              : IntAlu :  D=0x000000000006f878
 714000: system.cpu: T0 : 0x1a8ec    : bne a4, a5, -6             : IntAlu : 
 714500: system.cpu: T0 : 0x1a8e6    : c_sd a5, 24(a5)            : MemWrite :  D=0x000000000006f878 A=0x6f890
 715000: system.cpu: T0 : 0x1a8e8    : c_sd a5, 16(a5)            : MemWrite :  D=0x000000000006f878 A=0x6f888
 715500: system.cpu: T0 : 0x1a8ea    : c_addi a5, 16              : IntAlu :  D=0x000000000006f888
 716000: system.cpu: T0 : 0x1a8ec    : bne a4, a5, -6             : IntAlu : 
 716500: system.cpu: T0 : 0x1a8e6    : c_sd a5, 24(a5)            : MemWrite :  D=0x000000000006f888 A=0x6f8a0
 717000: system.cpu: T0 : 0x1a8e8    : c_sd a5, 16(a5)            : MemWrite :  D=0x000000000006f888 A=0x6f898
 717500: system.cpu: T0 : 0x1a8ea    : c_addi a5, 16              : IntAlu :  D=0x000000000006f898
 718000: system.cpu: T0 : 0x1a8ec    : bne a4, a5, -6             : IntAlu : 
 718500: system.cpu: T0 : 0x1a8e6    : c_sd a5, 24(a5)            : MemWrite :  D=0x000000000006f898 A=0x6f8b0
 719000: system.cpu: T0 : 0x1a8e8    : c_sd a5, 16(a5)            : MemWrite :  D=0x000000000006f898 A=0x6f8a8
 719500: system.cpu: T0 : 0x1a8ea    : c_addi a5, 16              : IntAlu :  D=0x000000000006f8a8
 720000: system.cpu: T0 : 0x1a8ec    : bne a4, a5, -6             : IntAlu : 
 720500: system.cpu: T0 : 0x1a8e6    : c_sd a5, 24(a5)            : MemWrite :  D=0x000000000006f8a8 A=0x6f8c0
 721000: system.cpu: T0 : 0x1a8e8    : c_sd a5, 16(a5)            : MemWrite :  D=0x000000000006f8a8 A=0x6f8b8
 721500: system.cpu: T0 : 0x1a8ea    : c_addi a5, 16              : IntAlu :  D=0x000000000006f8b8
 722000: system.cpu: T0 : 0x1a8ec    : bne a4, a5, -6             : IntAlu : 
 722500: system.cpu: T0 : 0x1a8e6    : c_sd a5, 24(a5)            : MemWrite :  D=0x000000000006f8b8 A=0x6f8d0
 723000: system.cpu: T0 : 0x1a8e8    : c_sd a5, 16(a5)            : MemWrite :  D=0x000000000006f8b8 A=0x6f8c8
 723500: system.cpu: T0 : 0x1a8ea    : c_addi a5, 16              : IntAlu :  D=0x000000000006f8c8
 724000: system.cpu: T0 : 0x1a8ec    : bne a4, a5, -6             : IntAlu : 
 724500: system.cpu: T0 : 0x1a8e6    : c_sd a5, 24(a5)            : MemWrite :  D=0x000000000006f8c8 A=0x6f8e0
 725000: system.cpu: T0 : 0x1a8e8    : c_sd a5, 16(a5)            : MemWrite :  D=0x000000000006f8c8 A=0x6f8d8
 725500: system.cpu: T0 : 0x1a8ea    : c_addi a5, 16              : IntAlu :  D=0x000000000006f8d8
 726000: system.cpu: T0 : 0x1a8ec    : bne a4, a5, -6             : IntAlu : 
 726500: system.cpu: T0 : 0x1a8e6    : c_sd a5, 24(a5)            : MemWrite :  D=0x000000000006f8d8 A=0x6f8f0
 727000: system.cpu: T0 : 0x1a8e8    : c_sd a5, 16(a5)            : MemWrite :  D=0x000000000006f8d8 A=0x6f8e8
 727500: system.cpu: T0 : 0x1a8ea    : c_addi a5, 16              : IntAlu :  D=0x000000000006f8e8
 728000: system.cpu: T0 : 0x1a8ec    : bne a4, a5, -6             : IntAlu : 
 728500: system.cpu: T0 : 0x1a8e6    : c_sd a5, 24(a5)            : MemWrite :  D=0x000000000006f8e8 A=0x6f900
 729000: system.cpu: T0 : 0x1a8e8    : c_sd a5, 16(a5)            : MemWrite :  D=0x000000000006f8e8 A=0x6f8f8
 729500: system.cpu: T0 : 0x1a8ea    : c_addi a5, 16              : IntAlu :  D=0x000000000006f8f8
 730000: system.cpu: T0 : 0x1a8ec    : bne a4, a5, -6             : IntAlu : 
 730500: system.cpu: T0 : 0x1a8e6    : c_sd a5, 24(a5)            : MemWrite :  D=0x000000000006f8f8 A=0x6f910
 731000: system.cpu: T0 : 0x1a8e8    : c_sd a5, 16(a5)            : MemWrite :  D=0x000000000006f8f8 A=0x6f908
 731500: system.cpu: T0 : 0x1a8ea    : c_addi a5, 16              : IntAlu :  D=0x000000000006f908
 732000: system.cpu: T0 : 0x1a8ec    : bne a4, a5, -6             : IntAlu : 
 732500: system.cpu: T0 : 0x1a8e6    : c_sd a5, 24(a5)            : MemWrite :  D=0x000000000006f908 A=0x6f920
 733000: system.cpu: T0 : 0x1a8e8    : c_sd a5, 16(a5)            : MemWrite :  D=0x000000000006f908 A=0x6f918
 733500: system.cpu: T0 : 0x1a8ea    : c_addi a5, 16              : IntAlu :  D=0x000000000006f918
 734000: system.cpu: T0 : 0x1a8ec    : bne a4, a5, -6             : IntAlu : 
 734500: system.cpu: T0 : 0x1a8e6    : c_sd a5, 24(a5)            : MemWrite :  D=0x000000000006f918 A=0x6f930
 735000: system.cpu: T0 : 0x1a8e8    : c_sd a5, 16(a5)            : MemWrite :  D=0x000000000006f918 A=0x6f928
 735500: system.cpu: T0 : 0x1a8ea    : c_addi a5, 16              : IntAlu :  D=0x000000000006f928
 736000: system.cpu: T0 : 0x1a8ec    : bne a4, a5, -6             : IntAlu : 
 736500: system.cpu: T0 : 0x1a8e6    : c_sd a5, 24(a5)            : MemWrite :  D=0x000000000006f928 A=0x6f940
 737000: system.cpu: T0 : 0x1a8e8    : c_sd a5, 16(a5)            : MemWrite :  D=0x000000000006f928 A=0x6f938
 737500: system.cpu: T0 : 0x1a8ea    : c_addi a5, 16              : IntAlu :  D=0x000000000006f938
 738000: system.cpu: T0 : 0x1a8ec    : bne a4, a5, -6             : IntAlu : 
 738500: system.cpu: T0 : 0x1a8e6    : c_sd a5, 24(a5)            : MemWrite :  D=0x000000000006f938 A=0x6f950
 739000: system.cpu: T0 : 0x1a8e8    : c_sd a5, 16(a5)            : MemWrite :  D=0x000000000006f938 A=0x6f948
 739500: system.cpu: T0 : 0x1a8ea    : c_addi a5, 16              : IntAlu :  D=0x000000000006f948
 740000: system.cpu: T0 : 0x1a8ec    : bne a4, a5, -6             : IntAlu : 
 740500: system.cpu: T0 : 0x1a8e6    : c_sd a5, 24(a5)            : MemWrite :  D=0x000000000006f948 A=0x6f960
 741000: system.cpu: T0 : 0x1a8e8    : c_sd a5, 16(a5)            : MemWrite :  D=0x000000000006f948 A=0x6f958
 741500: system.cpu: T0 : 0x1a8ea    : c_addi a5, 16              : IntAlu :  D=0x000000000006f958
 742000: system.cpu: T0 : 0x1a8ec    : bne a4, a5, -6             : IntAlu : 
 742500: system.cpu: T0 : 0x1a8e6    : c_sd a5, 24(a5)            : MemWrite :  D=0x000000000006f958 A=0x6f970
 743000: system.cpu: T0 : 0x1a8e8    : c_sd a5, 16(a5)            : MemWrite :  D=0x000000000006f958 A=0x6f968
 743500: system.cpu: T0 : 0x1a8ea    : c_addi a5, 16              : IntAlu :  D=0x000000000006f968
 744000: system.cpu: T0 : 0x1a8ec    : bne a4, a5, -6             : IntAlu : 
 744500: system.cpu: T0 : 0x1a8e6    : c_sd a5, 24(a5)            : MemWrite :  D=0x000000000006f968 A=0x6f980
 745000: system.cpu: T0 : 0x1a8e8    : c_sd a5, 16(a5)            : MemWrite :  D=0x000000000006f968 A=0x6f978
 745500: system.cpu: T0 : 0x1a8ea    : c_addi a5, 16              : IntAlu :  D=0x000000000006f978
 746000: system.cpu: T0 : 0x1a8ec    : bne a4, a5, -6             : IntAlu : 
 746500: system.cpu: T0 : 0x1a8e6    : c_sd a5, 24(a5)            : MemWrite :  D=0x000000000006f978 A=0x6f990
 747000: system.cpu: T0 : 0x1a8e8    : c_sd a5, 16(a5)            : MemWrite :  D=0x000000000006f978 A=0x6f988
 747500: system.cpu: T0 : 0x1a8ea    : c_addi a5, 16              : IntAlu :  D=0x000000000006f988
 748000: system.cpu: T0 : 0x1a8ec    : bne a4, a5, -6             : IntAlu : 
 748500: system.cpu: T0 : 0x1a8e6    : c_sd a5, 24(a5)            : MemWrite :  D=0x000000000006f988 A=0x6f9a0
 749000: system.cpu: T0 : 0x1a8e8    : c_sd a5, 16(a5)            : MemWrite :  D=0x000000000006f988 A=0x6f998
 749500: system.cpu: T0 : 0x1a8ea    : c_addi a5, 16              : IntAlu :  D=0x000000000006f998
 750000: system.cpu: T0 : 0x1a8ec    : bne a4, a5, -6             : IntAlu : 
 750500: system.cpu: T0 : 0x1a8e6    : c_sd a5, 24(a5)            : MemWrite :  D=0x000000000006f998 A=0x6f9b0
 751000: system.cpu: T0 : 0x1a8e8    : c_sd a5, 16(a5)            : MemWrite :  D=0x000000000006f998 A=0x6f9a8
 751500: system.cpu: T0 : 0x1a8ea    : c_addi a5, 16              : IntAlu :  D=0x000000000006f9a8
 752000: system.cpu: T0 : 0x1a8ec    : bne a4, a5, -6             : IntAlu : 
 752500: system.cpu: T0 : 0x1a8e6    : c_sd a5, 24(a5)            : MemWrite :  D=0x000000000006f9a8 A=0x6f9c0
 753000: system.cpu: T0 : 0x1a8e8    : c_sd a5, 16(a5)            : MemWrite :  D=0x000000000006f9a8 A=0x6f9b8
 753500: system.cpu: T0 : 0x1a8ea    : c_addi a5, 16              : IntAlu :  D=0x000000000006f9b8
 754000: system.cpu: T0 : 0x1a8ec    : bne a4, a5, -6             : IntAlu : 
 754500: system.cpu: T0 : 0x1a8e6    : c_sd a5, 24(a5)            : MemWrite :  D=0x000000000006f9b8 A=0x6f9d0
 755000: system.cpu: T0 : 0x1a8e8    : c_sd a5, 16(a5)            : MemWrite :  D=0x000000000006f9b8 A=0x6f9c8
 755500: system.cpu: T0 : 0x1a8ea    : c_addi a5, 16              : IntAlu :  D=0x000000000006f9c8
 756000: system.cpu: T0 : 0x1a8ec    : bne a4, a5, -6             : IntAlu : 
 756500: system.cpu: T0 : 0x1a8e6    : c_sd a5, 24(a5)            : MemWrite :  D=0x000000000006f9c8 A=0x6f9e0
 757000: system.cpu: T0 : 0x1a8e8    : c_sd a5, 16(a5)            : MemWrite :  D=0x000000000006f9c8 A=0x6f9d8
 757500: system.cpu: T0 : 0x1a8ea    : c_addi a5, 16              : IntAlu :  D=0x000000000006f9d8
 758000: system.cpu: T0 : 0x1a8ec    : bne a4, a5, -6             : IntAlu : 
 758500: system.cpu: T0 : 0x1a8e6    : c_sd a5, 24(a5)            : MemWrite :  D=0x000000000006f9d8 A=0x6f9f0
 759000: system.cpu: T0 : 0x1a8e8    : c_sd a5, 16(a5)            : MemWrite :  D=0x000000000006f9d8 A=0x6f9e8
 759500: system.cpu: T0 : 0x1a8ea    : c_addi a5, 16              : IntAlu :  D=0x000000000006f9e8
 760000: system.cpu: T0 : 0x1a8ec    : bne a4, a5, -6             : IntAlu : 
 760500: system.cpu: T0 : 0x1a8e6    : c_sd a5, 24(a5)            : MemWrite :  D=0x000000000006f9e8 A=0x6fa00
 761000: system.cpu: T0 : 0x1a8e8    : c_sd a5, 16(a5)            : MemWrite :  D=0x000000000006f9e8 A=0x6f9f8
 761500: system.cpu: T0 : 0x1a8ea    : c_addi a5, 16              : IntAlu :  D=0x000000000006f9f8
 762000: system.cpu: T0 : 0x1a8ec    : bne a4, a5, -6             : IntAlu : 
 762500: system.cpu: T0 : 0x1a8e6    : c_sd a5, 24(a5)            : MemWrite :  D=0x000000000006f9f8 A=0x6fa10
 763000: system.cpu: T0 : 0x1a8e8    : c_sd a5, 16(a5)            : MemWrite :  D=0x000000000006f9f8 A=0x6fa08
 763500: system.cpu: T0 : 0x1a8ea    : c_addi a5, 16              : IntAlu :  D=0x000000000006fa08
 764000: system.cpu: T0 : 0x1a8ec    : bne a4, a5, -6             : IntAlu : 
 764500: system.cpu: T0 : 0x1a8e6    : c_sd a5, 24(a5)            : MemWrite :  D=0x000000000006fa08 A=0x6fa20
 765000: system.cpu: T0 : 0x1a8e8    : c_sd a5, 16(a5)            : MemWrite :  D=0x000000000006fa08 A=0x6fa18
 765500: system.cpu: T0 : 0x1a8ea    : c_addi a5, 16              : IntAlu :  D=0x000000000006fa18
 766000: system.cpu: T0 : 0x1a8ec    : bne a4, a5, -6             : IntAlu : 
 766500: system.cpu: T0 : 0x1a8e6    : c_sd a5, 24(a5)            : MemWrite :  D=0x000000000006fa18 A=0x6fa30
 767000: system.cpu: T0 : 0x1a8e8    : c_sd a5, 16(a5)            : MemWrite :  D=0x000000000006fa18 A=0x6fa28
 767500: system.cpu: T0 : 0x1a8ea    : c_addi a5, 16              : IntAlu :  D=0x000000000006fa28
 768000: system.cpu: T0 : 0x1a8ec    : bne a4, a5, -6             : IntAlu : 
 768500: system.cpu: T0 : 0x1a8e6    : c_sd a5, 24(a5)            : MemWrite :  D=0x000000000006fa28 A=0x6fa40
 769000: system.cpu: T0 : 0x1a8e8    : c_sd a5, 16(a5)            : MemWrite :  D=0x000000000006fa28 A=0x6fa38
 769500: system.cpu: T0 : 0x1a8ea    : c_addi a5, 16              : IntAlu :  D=0x000000000006fa38
 770000: system.cpu: T0 : 0x1a8ec    : bne a4, a5, -6             : IntAlu : 
 770500: system.cpu: T0 : 0x1a8e6    : c_sd a5, 24(a5)            : MemWrite :  D=0x000000000006fa38 A=0x6fa50
 771000: system.cpu: T0 : 0x1a8e8    : c_sd a5, 16(a5)            : MemWrite :  D=0x000000000006fa38 A=0x6fa48
 771500: system.cpu: T0 : 0x1a8ea    : c_addi a5, 16              : IntAlu :  D=0x000000000006fa48
 772000: system.cpu: T0 : 0x1a8ec    : bne a4, a5, -6             : IntAlu : 
 772500: system.cpu: T0 : 0x1a8e6    : c_sd a5, 24(a5)            : MemWrite :  D=0x000000000006fa48 A=0x6fa60
 773000: system.cpu: T0 : 0x1a8e8    : c_sd a5, 16(a5)            : MemWrite :  D=0x000000000006fa48 A=0x6fa58
 773500: system.cpu: T0 : 0x1a8ea    : c_addi a5, 16              : IntAlu :  D=0x000000000006fa58
 774000: system.cpu: T0 : 0x1a8ec    : bne a4, a5, -6             : IntAlu : 
 774500: system.cpu: T0 : 0x1a8e6    : c_sd a5, 24(a5)            : MemWrite :  D=0x000000000006fa58 A=0x6fa70
 775000: system.cpu: T0 : 0x1a8e8    : c_sd a5, 16(a5)            : MemWrite :  D=0x000000000006fa58 A=0x6fa68
 775500: system.cpu: T0 : 0x1a8ea    : c_addi a5, 16              : IntAlu :  D=0x000000000006fa68
 776000: system.cpu: T0 : 0x1a8ec    : bne a4, a5, -6             : IntAlu : 
 776500: system.cpu: T0 : 0x1a8e6    : c_sd a5, 24(a5)            : MemWrite :  D=0x000000000006fa68 A=0x6fa80
 777000: system.cpu: T0 : 0x1a8e8    : c_sd a5, 16(a5)            : MemWrite :  D=0x000000000006fa68 A=0x6fa78
 777500: system.cpu: T0 : 0x1a8ea    : c_addi a5, 16              : IntAlu :  D=0x000000000006fa78
 778000: system.cpu: T0 : 0x1a8ec    : bne a4, a5, -6             : IntAlu : 
 778500: system.cpu: T0 : 0x1a8e6    : c_sd a5, 24(a5)            : MemWrite :  D=0x000000000006fa78 A=0x6fa90
 779000: system.cpu: T0 : 0x1a8e8    : c_sd a5, 16(a5)            : MemWrite :  D=0x000000000006fa78 A=0x6fa88
 779500: system.cpu: T0 : 0x1a8ea    : c_addi a5, 16              : IntAlu :  D=0x000000000006fa88
 780000: system.cpu: T0 : 0x1a8ec    : bne a4, a5, -6             : IntAlu : 
 780500: system.cpu: T0 : 0x1a8e6    : c_sd a5, 24(a5)            : MemWrite :  D=0x000000000006fa88 A=0x6faa0
 781000: system.cpu: T0 : 0x1a8e8    : c_sd a5, 16(a5)            : MemWrite :  D=0x000000000006fa88 A=0x6fa98
 781500: system.cpu: T0 : 0x1a8ea    : c_addi a5, 16              : IntAlu :  D=0x000000000006fa98
 782000: system.cpu: T0 : 0x1a8ec    : bne a4, a5, -6             : IntAlu : 
 782500: system.cpu: T0 : 0x1a8e6    : c_sd a5, 24(a5)            : MemWrite :  D=0x000000000006fa98 A=0x6fab0
 783000: system.cpu: T0 : 0x1a8e8    : c_sd a5, 16(a5)            : MemWrite :  D=0x000000000006fa98 A=0x6faa8
 783500: system.cpu: T0 : 0x1a8ea    : c_addi a5, 16              : IntAlu :  D=0x000000000006faa8
 784000: system.cpu: T0 : 0x1a8ec    : bne a4, a5, -6             : IntAlu : 
 784500: system.cpu: T0 : 0x1a8e6    : c_sd a5, 24(a5)            : MemWrite :  D=0x000000000006faa8 A=0x6fac0
 785000: system.cpu: T0 : 0x1a8e8    : c_sd a5, 16(a5)            : MemWrite :  D=0x000000000006faa8 A=0x6fab8
 785500: system.cpu: T0 : 0x1a8ea    : c_addi a5, 16              : IntAlu :  D=0x000000000006fab8
 786000: system.cpu: T0 : 0x1a8ec    : bne a4, a5, -6             : IntAlu : 
 786500: system.cpu: T0 : 0x1a8e6    : c_sd a5, 24(a5)            : MemWrite :  D=0x000000000006fab8 A=0x6fad0
 787000: system.cpu: T0 : 0x1a8e8    : c_sd a5, 16(a5)            : MemWrite :  D=0x000000000006fab8 A=0x6fac8
 787500: system.cpu: T0 : 0x1a8ea    : c_addi a5, 16              : IntAlu :  D=0x000000000006fac8
 788000: system.cpu: T0 : 0x1a8ec    : bne a4, a5, -6             : IntAlu : 
 788500: system.cpu: T0 : 0x1a8e6    : c_sd a5, 24(a5)            : MemWrite :  D=0x000000000006fac8 A=0x6fae0
 789000: system.cpu: T0 : 0x1a8e8    : c_sd a5, 16(a5)            : MemWrite :  D=0x000000000006fac8 A=0x6fad8
 789500: system.cpu: T0 : 0x1a8ea    : c_addi a5, 16              : IntAlu :  D=0x000000000006fad8
 790000: system.cpu: T0 : 0x1a8ec    : bne a4, a5, -6             : IntAlu : 
 790500: system.cpu: T0 : 0x1a8e6    : c_sd a5, 24(a5)            : MemWrite :  D=0x000000000006fad8 A=0x6faf0
 791000: system.cpu: T0 : 0x1a8e8    : c_sd a5, 16(a5)            : MemWrite :  D=0x000000000006fad8 A=0x6fae8
 791500: system.cpu: T0 : 0x1a8ea    : c_addi a5, 16              : IntAlu :  D=0x000000000006fae8
 792000: system.cpu: T0 : 0x1a8ec    : bne a4, a5, -6             : IntAlu : 
 792500: system.cpu: T0 : 0x1a8e6    : c_sd a5, 24(a5)            : MemWrite :  D=0x000000000006fae8 A=0x6fb00
 793000: system.cpu: T0 : 0x1a8e8    : c_sd a5, 16(a5)            : MemWrite :  D=0x000000000006fae8 A=0x6faf8
 793500: system.cpu: T0 : 0x1a8ea    : c_addi a5, 16              : IntAlu :  D=0x000000000006faf8
 794000: system.cpu: T0 : 0x1a8ec    : bne a4, a5, -6             : IntAlu : 
 794500: system.cpu: T0 : 0x1a8e6    : c_sd a5, 24(a5)            : MemWrite :  D=0x000000000006faf8 A=0x6fb10
 795000: system.cpu: T0 : 0x1a8e8    : c_sd a5, 16(a5)            : MemWrite :  D=0x000000000006faf8 A=0x6fb08
 795500: system.cpu: T0 : 0x1a8ea    : c_addi a5, 16              : IntAlu :  D=0x000000000006fb08
 796000: system.cpu: T0 : 0x1a8ec    : bne a4, a5, -6             : IntAlu : 
 796500: system.cpu: T0 : 0x1a8e6    : c_sd a5, 24(a5)            : MemWrite :  D=0x000000000006fb08 A=0x6fb20
 797000: system.cpu: T0 : 0x1a8e8    : c_sd a5, 16(a5)            : MemWrite :  D=0x000000000006fb08 A=0x6fb18
 797500: system.cpu: T0 : 0x1a8ea    : c_addi a5, 16              : IntAlu :  D=0x000000000006fb18
 798000: system.cpu: T0 : 0x1a8ec    : bne a4, a5, -6             : IntAlu : 
 798500: system.cpu: T0 : 0x1a8e6    : c_sd a5, 24(a5)            : MemWrite :  D=0x000000000006fb18 A=0x6fb30
 799000: system.cpu: T0 : 0x1a8e8    : c_sd a5, 16(a5)            : MemWrite :  D=0x000000000006fb18 A=0x6fb28
 799500: system.cpu: T0 : 0x1a8ea    : c_addi a5, 16              : IntAlu :  D=0x000000000006fb28
 800000: system.cpu: T0 : 0x1a8ec    : bne a4, a5, -6             : IntAlu : 
 800500: system.cpu: T0 : 0x1a8e6    : c_sd a5, 24(a5)            : MemWrite :  D=0x000000000006fb28 A=0x6fb40
 801000: system.cpu: T0 : 0x1a8e8    : c_sd a5, 16(a5)            : MemWrite :  D=0x000000000006fb28 A=0x6fb38
 801500: system.cpu: T0 : 0x1a8ea    : c_addi a5, 16              : IntAlu :  D=0x000000000006fb38
 802000: system.cpu: T0 : 0x1a8ec    : bne a4, a5, -6             : IntAlu : 
 802500: system.cpu: T0 : 0x1a8e6    : c_sd a5, 24(a5)            : MemWrite :  D=0x000000000006fb38 A=0x6fb50
 803000: system.cpu: T0 : 0x1a8e8    : c_sd a5, 16(a5)            : MemWrite :  D=0x000000000006fb38 A=0x6fb48
 803500: system.cpu: T0 : 0x1a8ea    : c_addi a5, 16              : IntAlu :  D=0x000000000006fb48
 804000: system.cpu: T0 : 0x1a8ec    : bne a4, a5, -6             : IntAlu : 
 804500: system.cpu: T0 : 0x1a8e6    : c_sd a5, 24(a5)            : MemWrite :  D=0x000000000006fb48 A=0x6fb60
 805000: system.cpu: T0 : 0x1a8e8    : c_sd a5, 16(a5)            : MemWrite :  D=0x000000000006fb48 A=0x6fb58
 805500: system.cpu: T0 : 0x1a8ea    : c_addi a5, 16              : IntAlu :  D=0x000000000006fb58
 806000: system.cpu: T0 : 0x1a8ec    : bne a4, a5, -6             : IntAlu : 
 806500: system.cpu: T0 : 0x1a8e6    : c_sd a5, 24(a5)            : MemWrite :  D=0x000000000006fb58 A=0x6fb70
 807000: system.cpu: T0 : 0x1a8e8    : c_sd a5, 16(a5)            : MemWrite :  D=0x000000000006fb58 A=0x6fb68
 807500: system.cpu: T0 : 0x1a8ea    : c_addi a5, 16              : IntAlu :  D=0x000000000006fb68
 808000: system.cpu: T0 : 0x1a8ec    : bne a4, a5, -6             : IntAlu : 
 808500: system.cpu: T0 : 0x1a8e6    : c_sd a5, 24(a5)            : MemWrite :  D=0x000000000006fb68 A=0x6fb80
 809000: system.cpu: T0 : 0x1a8e8    : c_sd a5, 16(a5)            : MemWrite :  D=0x000000000006fb68 A=0x6fb78
 809500: system.cpu: T0 : 0x1a8ea    : c_addi a5, 16              : IntAlu :  D=0x000000000006fb78
 810000: system.cpu: T0 : 0x1a8ec    : bne a4, a5, -6             : IntAlu : 
 810500: system.cpu: T0 : 0x1a8e6    : c_sd a5, 24(a5)            : MemWrite :  D=0x000000000006fb78 A=0x6fb90
 811000: system.cpu: T0 : 0x1a8e8    : c_sd a5, 16(a5)            : MemWrite :  D=0x000000000006fb78 A=0x6fb88
 811500: system.cpu: T0 : 0x1a8ea    : c_addi a5, 16              : IntAlu :  D=0x000000000006fb88
 812000: system.cpu: T0 : 0x1a8ec    : bne a4, a5, -6             : IntAlu : 
 812500: system.cpu: T0 : 0x1a8e6    : c_sd a5, 24(a5)            : MemWrite :  D=0x000000000006fb88 A=0x6fba0
 813000: system.cpu: T0 : 0x1a8e8    : c_sd a5, 16(a5)            : MemWrite :  D=0x000000000006fb88 A=0x6fb98
 813500: system.cpu: T0 : 0x1a8ea    : c_addi a5, 16              : IntAlu :  D=0x000000000006fb98
 814000: system.cpu: T0 : 0x1a8ec    : bne a4, a5, -6             : IntAlu : 
 814500: system.cpu: T0 : 0x1a8e6    : c_sd a5, 24(a5)            : MemWrite :  D=0x000000000006fb98 A=0x6fbb0
 815000: system.cpu: T0 : 0x1a8e8    : c_sd a5, 16(a5)            : MemWrite :  D=0x000000000006fb98 A=0x6fba8
 815500: system.cpu: T0 : 0x1a8ea    : c_addi a5, 16              : IntAlu :  D=0x000000000006fba8
 816000: system.cpu: T0 : 0x1a8ec    : bne a4, a5, -6             : IntAlu : 
 816500: system.cpu: T0 : 0x1a8e6    : c_sd a5, 24(a5)            : MemWrite :  D=0x000000000006fba8 A=0x6fbc0
 817000: system.cpu: T0 : 0x1a8e8    : c_sd a5, 16(a5)            : MemWrite :  D=0x000000000006fba8 A=0x6fbb8
 817500: system.cpu: T0 : 0x1a8ea    : c_addi a5, 16              : IntAlu :  D=0x000000000006fbb8
 818000: system.cpu: T0 : 0x1a8ec    : bne a4, a5, -6             : IntAlu : 
 818500: system.cpu: T0 : 0x1a8e6    : c_sd a5, 24(a5)            : MemWrite :  D=0x000000000006fbb8 A=0x6fbd0
 819000: system.cpu: T0 : 0x1a8e8    : c_sd a5, 16(a5)            : MemWrite :  D=0x000000000006fbb8 A=0x6fbc8
 819500: system.cpu: T0 : 0x1a8ea    : c_addi a5, 16              : IntAlu :  D=0x000000000006fbc8
 820000: system.cpu: T0 : 0x1a8ec    : bne a4, a5, -6             : IntAlu : 
 820500: system.cpu: T0 : 0x1a8e6    : c_sd a5, 24(a5)            : MemWrite :  D=0x000000000006fbc8 A=0x6fbe0
 821000: system.cpu: T0 : 0x1a8e8    : c_sd a5, 16(a5)            : MemWrite :  D=0x000000000006fbc8 A=0x6fbd8
 821500: system.cpu: T0 : 0x1a8ea    : c_addi a5, 16              : IntAlu :  D=0x000000000006fbd8
 822000: system.cpu: T0 : 0x1a8ec    : bne a4, a5, -6             : IntAlu : 
 822500: system.cpu: T0 : 0x1a8e6    : c_sd a5, 24(a5)            : MemWrite :  D=0x000000000006fbd8 A=0x6fbf0
 823000: system.cpu: T0 : 0x1a8e8    : c_sd a5, 16(a5)            : MemWrite :  D=0x000000000006fbd8 A=0x6fbe8
 823500: system.cpu: T0 : 0x1a8ea    : c_addi a5, 16              : IntAlu :  D=0x000000000006fbe8
 824000: system.cpu: T0 : 0x1a8ec    : bne a4, a5, -6             : IntAlu : 
 824500: system.cpu: T0 : 0x1a8e6    : c_sd a5, 24(a5)            : MemWrite :  D=0x000000000006fbe8 A=0x6fc00
 825000: system.cpu: T0 : 0x1a8e8    : c_sd a5, 16(a5)            : MemWrite :  D=0x000000000006fbe8 A=0x6fbf8
 825500: system.cpu: T0 : 0x1a8ea    : c_addi a5, 16              : IntAlu :  D=0x000000000006fbf8
 826000: system.cpu: T0 : 0x1a8ec    : bne a4, a5, -6             : IntAlu : 
 826500: system.cpu: T0 : 0x1a8e6    : c_sd a5, 24(a5)            : MemWrite :  D=0x000000000006fbf8 A=0x6fc10
 827000: system.cpu: T0 : 0x1a8e8    : c_sd a5, 16(a5)            : MemWrite :  D=0x000000000006fbf8 A=0x6fc08
 827500: system.cpu: T0 : 0x1a8ea    : c_addi a5, 16              : IntAlu :  D=0x000000000006fc08
 828000: system.cpu: T0 : 0x1a8ec    : bne a4, a5, -6             : IntAlu : 
 828500: system.cpu: T0 : 0x1a8e6    : c_sd a5, 24(a5)            : MemWrite :  D=0x000000000006fc08 A=0x6fc20
 829000: system.cpu: T0 : 0x1a8e8    : c_sd a5, 16(a5)            : MemWrite :  D=0x000000000006fc08 A=0x6fc18
 829500: system.cpu: T0 : 0x1a8ea    : c_addi a5, 16              : IntAlu :  D=0x000000000006fc18
 830000: system.cpu: T0 : 0x1a8ec    : bne a4, a5, -6             : IntAlu : 
 830500: system.cpu: T0 : 0x1a8e6    : c_sd a5, 24(a5)            : MemWrite :  D=0x000000000006fc18 A=0x6fc30
 831000: system.cpu: T0 : 0x1a8e8    : c_sd a5, 16(a5)            : MemWrite :  D=0x000000000006fc18 A=0x6fc28
 831500: system.cpu: T0 : 0x1a8ea    : c_addi a5, 16              : IntAlu :  D=0x000000000006fc28
 832000: system.cpu: T0 : 0x1a8ec    : bne a4, a5, -6             : IntAlu : 
 832500: system.cpu: T0 : 0x1a8e6    : c_sd a5, 24(a5)            : MemWrite :  D=0x000000000006fc28 A=0x6fc40
 833000: system.cpu: T0 : 0x1a8e8    : c_sd a5, 16(a5)            : MemWrite :  D=0x000000000006fc28 A=0x6fc38
 833500: system.cpu: T0 : 0x1a8ea    : c_addi a5, 16              : IntAlu :  D=0x000000000006fc38
 834000: system.cpu: T0 : 0x1a8ec    : bne a4, a5, -6             : IntAlu : 
 834500: system.cpu: T0 : 0x1a8e6    : c_sd a5, 24(a5)            : MemWrite :  D=0x000000000006fc38 A=0x6fc50
 835000: system.cpu: T0 : 0x1a8e8    : c_sd a5, 16(a5)            : MemWrite :  D=0x000000000006fc38 A=0x6fc48
 835500: system.cpu: T0 : 0x1a8ea    : c_addi a5, 16              : IntAlu :  D=0x000000000006fc48
 836000: system.cpu: T0 : 0x1a8ec    : bne a4, a5, -6             : IntAlu : 
 836500: system.cpu: T0 : 0x1a8e6    : c_sd a5, 24(a5)            : MemWrite :  D=0x000000000006fc48 A=0x6fc60
 837000: system.cpu: T0 : 0x1a8e8    : c_sd a5, 16(a5)            : MemWrite :  D=0x000000000006fc48 A=0x6fc58
 837500: system.cpu: T0 : 0x1a8ea    : c_addi a5, 16              : IntAlu :  D=0x000000000006fc58
 838000: system.cpu: T0 : 0x1a8ec    : bne a4, a5, -6             : IntAlu : 
 838500: system.cpu: T0 : 0x1a8e6    : c_sd a5, 24(a5)            : MemWrite :  D=0x000000000006fc58 A=0x6fc70
 839000: system.cpu: T0 : 0x1a8e8    : c_sd a5, 16(a5)            : MemWrite :  D=0x000000000006fc58 A=0x6fc68
 839500: system.cpu: T0 : 0x1a8ea    : c_addi a5, 16              : IntAlu :  D=0x000000000006fc68
 840000: system.cpu: T0 : 0x1a8ec    : bne a4, a5, -6             : IntAlu : 
 840500: system.cpu: T0 : 0x1a8e6    : c_sd a5, 24(a5)            : MemWrite :  D=0x000000000006fc68 A=0x6fc80
 841000: system.cpu: T0 : 0x1a8e8    : c_sd a5, 16(a5)            : MemWrite :  D=0x000000000006fc68 A=0x6fc78
 841500: system.cpu: T0 : 0x1a8ea    : c_addi a5, 16              : IntAlu :  D=0x000000000006fc78
 842000: system.cpu: T0 : 0x1a8ec    : bne a4, a5, -6             : IntAlu : 
 842500: system.cpu: T0 : 0x1a8e6    : c_sd a5, 24(a5)            : MemWrite :  D=0x000000000006fc78 A=0x6fc90
 843000: system.cpu: T0 : 0x1a8e8    : c_sd a5, 16(a5)            : MemWrite :  D=0x000000000006fc78 A=0x6fc88
 843500: system.cpu: T0 : 0x1a8ea    : c_addi a5, 16              : IntAlu :  D=0x000000000006fc88
 844000: system.cpu: T0 : 0x1a8ec    : bne a4, a5, -6             : IntAlu : 
 844500: system.cpu: T0 : 0x1a8e6    : c_sd a5, 24(a5)            : MemWrite :  D=0x000000000006fc88 A=0x6fca0
 845000: system.cpu: T0 : 0x1a8e8    : c_sd a5, 16(a5)            : MemWrite :  D=0x000000000006fc88 A=0x6fc98
 845500: system.cpu: T0 : 0x1a8ea    : c_addi a5, 16              : IntAlu :  D=0x000000000006fc98
 846000: system.cpu: T0 : 0x1a8ec    : bne a4, a5, -6             : IntAlu : 
 846500: system.cpu: T0 : 0x1a8e6    : c_sd a5, 24(a5)            : MemWrite :  D=0x000000000006fc98 A=0x6fcb0
 847000: system.cpu: T0 : 0x1a8e8    : c_sd a5, 16(a5)            : MemWrite :  D=0x000000000006fc98 A=0x6fca8
 847500: system.cpu: T0 : 0x1a8ea    : c_addi a5, 16              : IntAlu :  D=0x000000000006fca8
 848000: system.cpu: T0 : 0x1a8ec    : bne a4, a5, -6             : IntAlu : 
 848500: system.cpu: T0 : 0x1a8e6    : c_sd a5, 24(a5)            : MemWrite :  D=0x000000000006fca8 A=0x6fcc0
 849000: system.cpu: T0 : 0x1a8e8    : c_sd a5, 16(a5)            : MemWrite :  D=0x000000000006fca8 A=0x6fcb8
 849500: system.cpu: T0 : 0x1a8ea    : c_addi a5, 16              : IntAlu :  D=0x000000000006fcb8
 850000: system.cpu: T0 : 0x1a8ec    : bne a4, a5, -6             : IntAlu : 
 850500: system.cpu: T0 : 0x1a8e6    : c_sd a5, 24(a5)            : MemWrite :  D=0x000000000006fcb8 A=0x6fcd0
 851000: system.cpu: T0 : 0x1a8e8    : c_sd a5, 16(a5)            : MemWrite :  D=0x000000000006fcb8 A=0x6fcc8
 851500: system.cpu: T0 : 0x1a8ea    : c_addi a5, 16              : IntAlu :  D=0x000000000006fcc8
 852000: system.cpu: T0 : 0x1a8ec    : bne a4, a5, -6             : IntAlu : 
 852500: system.cpu: T0 : 0x1a8e6    : c_sd a5, 24(a5)            : MemWrite :  D=0x000000000006fcc8 A=0x6fce0
 853000: system.cpu: T0 : 0x1a8e8    : c_sd a5, 16(a5)            : MemWrite :  D=0x000000000006fcc8 A=0x6fcd8
 853500: system.cpu: T0 : 0x1a8ea    : c_addi a5, 16              : IntAlu :  D=0x000000000006fcd8
 854000: system.cpu: T0 : 0x1a8ec    : bne a4, a5, -6             : IntAlu : 
 854500: system.cpu: T0 : 0x1a8e6    : c_sd a5, 24(a5)            : MemWrite :  D=0x000000000006fcd8 A=0x6fcf0
 855000: system.cpu: T0 : 0x1a8e8    : c_sd a5, 16(a5)            : MemWrite :  D=0x000000000006fcd8 A=0x6fce8
 855500: system.cpu: T0 : 0x1a8ea    : c_addi a5, 16              : IntAlu :  D=0x000000000006fce8
 856000: system.cpu: T0 : 0x1a8ec    : bne a4, a5, -6             : IntAlu : 
 856500: system.cpu: T0 : 0x1a8e6    : c_sd a5, 24(a5)            : MemWrite :  D=0x000000000006fce8 A=0x6fd00
 857000: system.cpu: T0 : 0x1a8e8    : c_sd a5, 16(a5)            : MemWrite :  D=0x000000000006fce8 A=0x6fcf8
 857500: system.cpu: T0 : 0x1a8ea    : c_addi a5, 16              : IntAlu :  D=0x000000000006fcf8
 858000: system.cpu: T0 : 0x1a8ec    : bne a4, a5, -6             : IntAlu : 
 858500: system.cpu: T0 : 0x1a8e6    : c_sd a5, 24(a5)            : MemWrite :  D=0x000000000006fcf8 A=0x6fd10
 859000: system.cpu: T0 : 0x1a8e8    : c_sd a5, 16(a5)            : MemWrite :  D=0x000000000006fcf8 A=0x6fd08
 859500: system.cpu: T0 : 0x1a8ea    : c_addi a5, 16              : IntAlu :  D=0x000000000006fd08
 860000: system.cpu: T0 : 0x1a8ec    : bne a4, a5, -6             : IntAlu : 
 860500: system.cpu: T0 : 0x1a8e6    : c_sd a5, 24(a5)            : MemWrite :  D=0x000000000006fd08 A=0x6fd20
 861000: system.cpu: T0 : 0x1a8e8    : c_sd a5, 16(a5)            : MemWrite :  D=0x000000000006fd08 A=0x6fd18
 861500: system.cpu: T0 : 0x1a8ea    : c_addi a5, 16              : IntAlu :  D=0x000000000006fd18
 862000: system.cpu: T0 : 0x1a8ec    : bne a4, a5, -6             : IntAlu : 
 862500: system.cpu: T0 : 0x1a8e6    : c_sd a5, 24(a5)            : MemWrite :  D=0x000000000006fd18 A=0x6fd30
 863000: system.cpu: T0 : 0x1a8e8    : c_sd a5, 16(a5)            : MemWrite :  D=0x000000000006fd18 A=0x6fd28
 863500: system.cpu: T0 : 0x1a8ea    : c_addi a5, 16              : IntAlu :  D=0x000000000006fd28
 864000: system.cpu: T0 : 0x1a8ec    : bne a4, a5, -6             : IntAlu : 
 864500: system.cpu: T0 : 0x1a8e6    : c_sd a5, 24(a5)            : MemWrite :  D=0x000000000006fd28 A=0x6fd40
 865000: system.cpu: T0 : 0x1a8e8    : c_sd a5, 16(a5)            : MemWrite :  D=0x000000000006fd28 A=0x6fd38
 865500: system.cpu: T0 : 0x1a8ea    : c_addi a5, 16              : IntAlu :  D=0x000000000006fd38
 866000: system.cpu: T0 : 0x1a8ec    : bne a4, a5, -6             : IntAlu : 
 866500: system.cpu: T0 : 0x1a8e6    : c_sd a5, 24(a5)            : MemWrite :  D=0x000000000006fd38 A=0x6fd50
 867000: system.cpu: T0 : 0x1a8e8    : c_sd a5, 16(a5)            : MemWrite :  D=0x000000000006fd38 A=0x6fd48
 867500: system.cpu: T0 : 0x1a8ea    : c_addi a5, 16              : IntAlu :  D=0x000000000006fd48
 868000: system.cpu: T0 : 0x1a8ec    : bne a4, a5, -6             : IntAlu : 
 868500: system.cpu: T0 : 0x1a8e6    : c_sd a5, 24(a5)            : MemWrite :  D=0x000000000006fd48 A=0x6fd60
 869000: system.cpu: T0 : 0x1a8e8    : c_sd a5, 16(a5)            : MemWrite :  D=0x000000000006fd48 A=0x6fd58
 869500: system.cpu: T0 : 0x1a8ea    : c_addi a5, 16              : IntAlu :  D=0x000000000006fd58
 870000: system.cpu: T0 : 0x1a8ec    : bne a4, a5, -6             : IntAlu : 
 870500: system.cpu: T0 : 0x1a8e6    : c_sd a5, 24(a5)            : MemWrite :  D=0x000000000006fd58 A=0x6fd70
 871000: system.cpu: T0 : 0x1a8e8    : c_sd a5, 16(a5)            : MemWrite :  D=0x000000000006fd58 A=0x6fd68
 871500: system.cpu: T0 : 0x1a8ea    : c_addi a5, 16              : IntAlu :  D=0x000000000006fd68
 872000: system.cpu: T0 : 0x1a8ec    : bne a4, a5, -6             : IntAlu : 
 872500: system.cpu: T0 : 0x1a8e6    : c_sd a5, 24(a5)            : MemWrite :  D=0x000000000006fd68 A=0x6fd80
 873000: system.cpu: T0 : 0x1a8e8    : c_sd a5, 16(a5)            : MemWrite :  D=0x000000000006fd68 A=0x6fd78
 873500: system.cpu: T0 : 0x1a8ea    : c_addi a5, 16              : IntAlu :  D=0x000000000006fd78
 874000: system.cpu: T0 : 0x1a8ec    : bne a4, a5, -6             : IntAlu : 
 874500: system.cpu: T0 : 0x1a8e6    : c_sd a5, 24(a5)            : MemWrite :  D=0x000000000006fd78 A=0x6fd90
 875000: system.cpu: T0 : 0x1a8e8    : c_sd a5, 16(a5)            : MemWrite :  D=0x000000000006fd78 A=0x6fd88
 875500: system.cpu: T0 : 0x1a8ea    : c_addi a5, 16              : IntAlu :  D=0x000000000006fd88
 876000: system.cpu: T0 : 0x1a8ec    : bne a4, a5, -6             : IntAlu : 
 876500: system.cpu: T0 : 0x1a8e6    : c_sd a5, 24(a5)            : MemWrite :  D=0x000000000006fd88 A=0x6fda0
 877000: system.cpu: T0 : 0x1a8e8    : c_sd a5, 16(a5)            : MemWrite :  D=0x000000000006fd88 A=0x6fd98
 877500: system.cpu: T0 : 0x1a8ea    : c_addi a5, 16              : IntAlu :  D=0x000000000006fd98
 878000: system.cpu: T0 : 0x1a8ec    : bne a4, a5, -6             : IntAlu : 
 878500: system.cpu: T0 : 0x1a8e6    : c_sd a5, 24(a5)            : MemWrite :  D=0x000000000006fd98 A=0x6fdb0
 879000: system.cpu: T0 : 0x1a8e8    : c_sd a5, 16(a5)            : MemWrite :  D=0x000000000006fd98 A=0x6fda8
 879500: system.cpu: T0 : 0x1a8ea    : c_addi a5, 16              : IntAlu :  D=0x000000000006fda8
 880000: system.cpu: T0 : 0x1a8ec    : bne a4, a5, -6             : IntAlu : 
 880500: system.cpu: T0 : 0x1a8e6    : c_sd a5, 24(a5)            : MemWrite :  D=0x000000000006fda8 A=0x6fdc0
 881000: system.cpu: T0 : 0x1a8e8    : c_sd a5, 16(a5)            : MemWrite :  D=0x000000000006fda8 A=0x6fdb8
 881500: system.cpu: T0 : 0x1a8ea    : c_addi a5, 16              : IntAlu :  D=0x000000000006fdb8
 882000: system.cpu: T0 : 0x1a8ec    : bne a4, a5, -6             : IntAlu : 
 882500: system.cpu: T0 : 0x1a8e6    : c_sd a5, 24(a5)            : MemWrite :  D=0x000000000006fdb8 A=0x6fdd0
 883000: system.cpu: T0 : 0x1a8e8    : c_sd a5, 16(a5)            : MemWrite :  D=0x000000000006fdb8 A=0x6fdc8
 883500: system.cpu: T0 : 0x1a8ea    : c_addi a5, 16              : IntAlu :  D=0x000000000006fdc8
 884000: system.cpu: T0 : 0x1a8ec    : bne a4, a5, -6             : IntAlu : 
 884500: system.cpu: T0 : 0x1a8e6    : c_sd a5, 24(a5)            : MemWrite :  D=0x000000000006fdc8 A=0x6fde0
 885000: system.cpu: T0 : 0x1a8e8    : c_sd a5, 16(a5)            : MemWrite :  D=0x000000000006fdc8 A=0x6fdd8
 885500: system.cpu: T0 : 0x1a8ea    : c_addi a5, 16              : IntAlu :  D=0x000000000006fdd8
 886000: system.cpu: T0 : 0x1a8ec    : bne a4, a5, -6             : IntAlu : 
 886500: system.cpu: T0 : 0x1a8e6    : c_sd a5, 24(a5)            : MemWrite :  D=0x000000000006fdd8 A=0x6fdf0
 887000: system.cpu: T0 : 0x1a8e8    : c_sd a5, 16(a5)            : MemWrite :  D=0x000000000006fdd8 A=0x6fde8
 887500: system.cpu: T0 : 0x1a8ea    : c_addi a5, 16              : IntAlu :  D=0x000000000006fde8
 888000: system.cpu: T0 : 0x1a8ec    : bne a4, a5, -6             : IntAlu : 
 888500: system.cpu: T0 : 0x1a8e6    : c_sd a5, 24(a5)            : MemWrite :  D=0x000000000006fde8 A=0x6fe00
 889000: system.cpu: T0 : 0x1a8e8    : c_sd a5, 16(a5)            : MemWrite :  D=0x000000000006fde8 A=0x6fdf8
 889500: system.cpu: T0 : 0x1a8ea    : c_addi a5, 16              : IntAlu :  D=0x000000000006fdf8
 890000: system.cpu: T0 : 0x1a8ec    : bne a4, a5, -6             : IntAlu : 
 890500: system.cpu: T0 : 0x1a8e6    : c_sd a5, 24(a5)            : MemWrite :  D=0x000000000006fdf8 A=0x6fe10
 891000: system.cpu: T0 : 0x1a8e8    : c_sd a5, 16(a5)            : MemWrite :  D=0x000000000006fdf8 A=0x6fe08
 891500: system.cpu: T0 : 0x1a8ea    : c_addi a5, 16              : IntAlu :  D=0x000000000006fe08
 892000: system.cpu: T0 : 0x1a8ec    : bne a4, a5, -6             : IntAlu : 
 892500: system.cpu: T0 : 0x1a8e6    : c_sd a5, 24(a5)            : MemWrite :  D=0x000000000006fe08 A=0x6fe20
 893000: system.cpu: T0 : 0x1a8e8    : c_sd a5, 16(a5)            : MemWrite :  D=0x000000000006fe08 A=0x6fe18
 893500: system.cpu: T0 : 0x1a8ea    : c_addi a5, 16              : IntAlu :  D=0x000000000006fe18
 894000: system.cpu: T0 : 0x1a8ec    : bne a4, a5, -6             : IntAlu : 
 894500: system.cpu: T0 : 0x1a8f0    : lui a5, 111                : IntAlu :  D=0x000000000006f000
 895000: system.cpu: T0 : 0x1a8f4    : addi a5, a5, 1480          : IntAlu :  D=0x000000000006f5c8
 895500: system.cpu: T0 : 0x1a8f8    : beq a0, a5, 24             : IntAlu : 
 896000: system.cpu: T0 : 0x1a910    : addi a4, zero, 128         : IntAlu :  D=0x0000000000000080
 896500: system.cpu: T0 : 0x1a914    : sd a4, -1376(gp)           : MemWrite :  D=0x0000000000000080 A=0x70ad0
 897000: system.cpu: T0 : 0x1a918    : addi a5, a0, 8             : IntAlu :  D=0x000000000006f5d0
 897500: system.cpu: T0 : 0x1a91c    : amoswap_w zero, zero, (a5)
 897500: system.cpu: T0 : 0x1a91c. 0 : amoswap_w[l] zero, zero, (a5) : MemRead :  D=0x0000000000000000 A=0x6f5d0
 898000: system.cpu: T0 : 0x1a920    : c_sd a3, 96(a0)            : MemWrite :  D=0x000000000006f628 A=0x6f628
 898500: system.cpu: T0 : 0x1a922    : c_jr ra                    : IntAlu : 
 899000: system.cpu: T0 : 0x1acde    : c_lui a2, 27               : IntAlu :  D=0x000000000001b000
 899500: system.cpu: T0 : 0x1ace0    : addi a2, a2, 1068          : IntAlu :  D=0x000000000001b42c
 900000: system.cpu: T0 : 0x1ace4    : c_mv a1, sp                : IntAlu :  D=0x7ffffffffffffbd0
 900500: system.cpu: T0 : 0x1ace6    : c_li a0, 19                : IntAlu :  D=0x0000000000000013
 901000: system.cpu: T0 : 0x1ace8    : jal ra, 30078              : IntAlu :  D=0x000000000001acec
 901500: system.cpu: T0 : 0x22266    : c_slli a0, 32              : IntAlu :  D=0x0000001300000000
 902000: system.cpu: T0 : 0x22268    : c_srli a0, 32              : IntAlu :  D=0x0000000000000013
 903000: system.cpu: T0 : 0x2226a    : slli a5, a0, 3             : IntAlu :  D=0x0000000000000098
 903500: system.cpu: T0 : 0x2226e    : c_sub a5, a0               : IntAlu :  D=0x0000000000000085
 904000: system.cpu: T0 : 0x22270    : lui a4, 111                : IntAlu :  D=0x000000000006f000
 904500: system.cpu: T0 : 0x22274    : addi a4, a4, -1248         : IntAlu :  D=0x000000000006eb20
 905000: system.cpu: T0 : 0x22278    : c_slli a5, 3               : IntAlu :  D=0x0000000000000428
 905500: system.cpu: T0 : 0x2227a    : c_add a5, a4               : IntAlu :  D=0x000000000006ef48
 906000: system.cpu: T0 : 0x2227c    : c_lw a3, 8(a5)             : MemRead :  D=0x0000000000000000 A=0x6ef50
 906500: system.cpu: T0 : 0x2227e    : c_li a6, 2                 : IntAlu :  D=0x0000000000000002
 907000: system.cpu: T0 : 0x22280    : c_ld a5, 32(a5)            : MemRead :  D=0x0000000000000000 A=0x6ef68
 908000: system.cpu: T0 : 0x22282    : bltu a6, a3, 42            : IntAlu : 
 908500: system.cpu: T0 : 0x22286    : c_bnez a3, 38              : IntAlu : 
 909000: system.cpu: T0 : 0x22288    : c_sw a5, 0(a1)             : MemWrite :  D=0x0000000000000000 A=0x7ffffffffffffbd0
 910000: system.cpu: T0 : 0x2228a    : slli a5, a0, 3             : IntAlu :  D=0x0000000000000098
 910500: system.cpu: T0 : 0x2228e    : c_sub a5, a0               : IntAlu :  D=0x0000000000000085
 911000: system.cpu: T0 : 0x22290    : c_slli a5, 3               : IntAlu :  D=0x0000000000000428
 912000: system.cpu: T0 : 0x22292    : add a3, a4, a5             : IntAlu :  D=0x000000000006ef48
 913000: system.cpu: T0 : 0x22296    : lbu a3, 40(a3)             : MemRead :  D=0x0000000000000000 A=0x6ef70
 913500: system.cpu: T0 : 0x2229a    : c_beqz a3, 16              : IntAlu : 
 914000: system.cpu: T0 : 0x222aa    : c_jr ra                    : IntAlu : 
 914500: system.cpu: T0 : 0x1acec    : c_lui a2, 26               : IntAlu :  D=0x000000000001a000
 915500: system.cpu: T0 : 0x1acee    : addi a2, a2, 1392          : IntAlu :  D=0x000000000001a570
 916000: system.cpu: T0 : 0x1acf2    : c_mv a1, sp                : IntAlu :  D=0x7ffffffffffffbd0
 916500: system.cpu: T0 : 0x1acf4    : c_li a0, 7                 : IntAlu :  D=0x0000000000000007
 917500: system.cpu: T0 : 0x1acf6    : jal ra, 30064              : IntAlu :  D=0x000000000001acfa
 918000: system.cpu: T0 : 0x22266    : c_slli a0, 32              : IntAlu :  D=0x0000000700000000
 918500: system.cpu: T0 : 0x22268    : c_srli a0, 32              : IntAlu :  D=0x0000000000000007
 919500: system.cpu: T0 : 0x2226a    : slli a5, a0, 3             : IntAlu :  D=0x0000000000000038
 920000: system.cpu: T0 : 0x2226e    : c_sub a5, a0               : IntAlu :  D=0x0000000000000031
 920500: system.cpu: T0 : 0x22270    : lui a4, 111                : IntAlu :  D=0x000000000006f000
 921000: system.cpu: T0 : 0x22274    : addi a4, a4, -1248         : IntAlu :  D=0x000000000006eb20
 921500: system.cpu: T0 : 0x22278    : c_slli a5, 3               : IntAlu :  D=0x0000000000000188
 922000: system.cpu: T0 : 0x2227a    : c_add a5, a4               : IntAlu :  D=0x000000000006eca8
 922500: system.cpu: T0 : 0x2227c    : c_lw a3, 8(a5)             : MemRead :  D=0x0000000000000002 A=0x6ecb0
 923000: system.cpu: T0 : 0x2227e    : c_li a6, 2                 : IntAlu :  D=0x0000000000000002
 923500: system.cpu: T0 : 0x22280    : c_ld a5, 32(a5)            : MemRead :  D=0x0000000000000000 A=0x6ecc8
 924500: system.cpu: T0 : 0x22282    : bltu a6, a3, 42            : IntAlu : 
 925000: system.cpu: T0 : 0x22286    : c_bnez a3, 38              : IntAlu : 
 925500: system.cpu: T0 : 0x222ac    : c_sd a5, 0(a1)             : MemWrite :  D=0x0000000000000000 A=0x7ffffffffffffbd0
 926000: system.cpu: T0 : 0x222ae    : c_j -36                    : IntAlu : 
 927000: system.cpu: T0 : 0x2228a    : slli a5, a0, 3             : IntAlu :  D=0x0000000000000038
 927500: system.cpu: T0 : 0x2228e    : c_sub a5, a0               : IntAlu :  D=0x0000000000000031
 928000: system.cpu: T0 : 0x22290    : c_slli a5, 3               : IntAlu :  D=0x0000000000000188
 929000: system.cpu: T0 : 0x22292    : add a3, a4, a5             : IntAlu :  D=0x000000000006eca8
 930000: system.cpu: T0 : 0x22296    : lbu a3, 40(a3)             : MemRead :  D=0x0000000000000000 A=0x6ecd0
 930500: system.cpu: T0 : 0x2229a    : c_beqz a3, 16              : IntAlu : 
 931000: system.cpu: T0 : 0x222aa    : c_jr ra                    : IntAlu : 
 931500: system.cpu: T0 : 0x1acfa    : c_lui a2, 26               : IntAlu :  D=0x000000000001a000
 932000: system.cpu: T0 : 0x1acfc    : addi a2, a2, 1410          : IntAlu :  D=0x000000000001a582
 932500: system.cpu: T0 : 0x1ad00    : c_mv a1, sp                : IntAlu :  D=0x7ffffffffffffbd0
 933000: system.cpu: T0 : 0x1ad02    : c_li a0, 2                 : IntAlu :  D=0x0000000000000002
 933500: system.cpu: T0 : 0x1ad04    : jal ra, 30050              : IntAlu :  D=0x000000000001ad08
 934000: system.cpu: T0 : 0x22266    : c_slli a0, 32              : IntAlu :  D=0x0000000200000000
 934500: system.cpu: T0 : 0x22268    : c_srli a0, 32              : IntAlu :  D=0x0000000000000002
 935500: system.cpu: T0 : 0x2226a    : slli a5, a0, 3             : IntAlu :  D=0x0000000000000010
 936000: system.cpu: T0 : 0x2226e    : c_sub a5, a0               : IntAlu :  D=0x000000000000000e
 936500: system.cpu: T0 : 0x22270    : lui a4, 111                : IntAlu :  D=0x000000000006f000
 937000: system.cpu: T0 : 0x22274    : addi a4, a4, -1248         : IntAlu :  D=0x000000000006eb20
 937500: system.cpu: T0 : 0x22278    : c_slli a5, 3               : IntAlu :  D=0x0000000000000070
 938000: system.cpu: T0 : 0x2227a    : c_add a5, a4               : IntAlu :  D=0x000000000006eb90
 938500: system.cpu: T0 : 0x2227c    : c_lw a3, 8(a5)             : MemRead :  D=0x0000000000000000 A=0x6eb98
 939000: system.cpu: T0 : 0x2227e    : c_li a6, 2                 : IntAlu :  D=0x0000000000000002
 939500: system.cpu: T0 : 0x22280    : c_ld a5, 32(a5)            : MemRead :  D=0x0000000000000000 A=0x6ebb0
 940500: system.cpu: T0 : 0x22282    : bltu a6, a3, 42            : IntAlu : 
 941000: system.cpu: T0 : 0x22286    : c_bnez a3, 38              : IntAlu : 
 941500: system.cpu: T0 : 0x22288    : c_sw a5, 0(a1)             : MemWrite :  D=0x0000000000000000 A=0x7ffffffffffffbd0
 942500: system.cpu: T0 : 0x2228a    : slli a5, a0, 3             : IntAlu :  D=0x0000000000000010
 943000: system.cpu: T0 : 0x2228e    : c_sub a5, a0               : IntAlu :  D=0x000000000000000e
 943500: system.cpu: T0 : 0x22290    : c_slli a5, 3               : IntAlu :  D=0x0000000000000070
 944500: system.cpu: T0 : 0x22292    : add a3, a4, a5             : IntAlu :  D=0x000000000006eb90
 945500: system.cpu: T0 : 0x22296    : lbu a3, 40(a3)             : MemRead :  D=0x0000000000000000 A=0x6ebb8
 946000: system.cpu: T0 : 0x2229a    : c_beqz a3, 16              : IntAlu : 
 946500: system.cpu: T0 : 0x222aa    : c_jr ra                    : IntAlu : 
 947000: system.cpu: T0 : 0x1ad08    : c_lui a2, 26               : IntAlu :  D=0x000000000001a000
 948000: system.cpu: T0 : 0x1ad0a    : addi a2, a2, 1346          : IntAlu :  D=0x000000000001a542
 948500: system.cpu: T0 : 0x1ad0e    : c_mv a1, sp                : IntAlu :  D=0x7ffffffffffffbd0
 949000: system.cpu: T0 : 0x1ad10    : c_li a0, 14                : IntAlu :  D=0x000000000000000e
 950000: system.cpu: T0 : 0x1ad12    : jal ra, 30036              : IntAlu :  D=0x000000000001ad16
 950500: system.cpu: T0 : 0x22266    : c_slli a0, 32              : IntAlu :  D=0x0000000e00000000
 951000: system.cpu: T0 : 0x22268    : c_srli a0, 32              : IntAlu :  D=0x000000000000000e
 952000: system.cpu: T0 : 0x2226a    : slli a5, a0, 3             : IntAlu :  D=0x0000000000000070
 952500: system.cpu: T0 : 0x2226e    : c_sub a5, a0               : IntAlu :  D=0x0000000000000062
 953000: system.cpu: T0 : 0x22270    : lui a4, 111                : IntAlu :  D=0x000000000006f000
 953500: system.cpu: T0 : 0x22274    : addi a4, a4, -1248         : IntAlu :  D=0x000000000006eb20
 954000: system.cpu: T0 : 0x22278    : c_slli a5, 3               : IntAlu :  D=0x0000000000000310
 954500: system.cpu: T0 : 0x2227a    : c_add a5, a4               : IntAlu :  D=0x000000000006ee30
 955000: system.cpu: T0 : 0x2227c    : c_lw a3, 8(a5)             : MemRead :  D=0x0000000000000002 A=0x6ee38
 955500: system.cpu: T0 : 0x2227e    : c_li a6, 2                 : IntAlu :  D=0x0000000000000002
 956000: system.cpu: T0 : 0x22280    : c_ld a5, 32(a5)            : MemRead :  D=0x0000000000000000 A=0x6ee50
 957000: system.cpu: T0 : 0x22282    : bltu a6, a3, 42            : IntAlu : 
 957500: system.cpu: T0 : 0x22286    : c_bnez a3, 38              : IntAlu : 
 958000: system.cpu: T0 : 0x222ac    : c_sd a5, 0(a1)             : MemWrite :  D=0x0000000000000000 A=0x7ffffffffffffbd0
 958500: system.cpu: T0 : 0x222ae    : c_j -36                    : IntAlu : 
 959500: system.cpu: T0 : 0x2228a    : slli a5, a0, 3             : IntAlu :  D=0x0000000000000070
 960000: system.cpu: T0 : 0x2228e    : c_sub a5, a0               : IntAlu :  D=0x0000000000000062
 960500: system.cpu: T0 : 0x22290    : c_slli a5, 3               : IntAlu :  D=0x0000000000000310
 961500: system.cpu: T0 : 0x22292    : add a3, a4, a5             : IntAlu :  D=0x000000000006ee30
 962500: system.cpu: T0 : 0x22296    : lbu a3, 40(a3)             : MemRead :  D=0x0000000000000000 A=0x6ee58
 963000: system.cpu: T0 : 0x2229a    : c_beqz a3, 16              : IntAlu : 
 963500: system.cpu: T0 : 0x222aa    : c_jr ra                    : IntAlu : 
 964000: system.cpu: T0 : 0x1ad16    : c_lui a2, 26               : IntAlu :  D=0x000000000001a000
 964500: system.cpu: T0 : 0x1ad18    : addi a2, a2, 1418          : IntAlu :  D=0x000000000001a58a
 965000: system.cpu: T0 : 0x1ad1c    : c_mv a1, sp                : IntAlu :  D=0x7ffffffffffffbd0
 965500: system.cpu: T0 : 0x1ad1e    : c_li a0, 1                 : IntAlu :  D=0x0000000000000001
 966000: system.cpu: T0 : 0x1ad20    : jal ra, 30022              : IntAlu :  D=0x000000000001ad24
 966500: system.cpu: T0 : 0x22266    : c_slli a0, 32              : IntAlu :  D=0x0000000100000000
 967000: system.cpu: T0 : 0x22268    : c_srli a0, 32              : IntAlu :  D=0x0000000000000001
 968000: system.cpu: T0 : 0x2226a    : slli a5, a0, 3             : IntAlu :  D=0x0000000000000008
 968500: system.cpu: T0 : 0x2226e    : c_sub a5, a0               : IntAlu :  D=0x0000000000000007
 969000: system.cpu: T0 : 0x22270    : lui a4, 111                : IntAlu :  D=0x000000000006f000
 969500: system.cpu: T0 : 0x22274    : addi a4, a4, -1248         : IntAlu :  D=0x000000000006eb20
 970000: system.cpu: T0 : 0x22278    : c_slli a5, 3               : IntAlu :  D=0x0000000000000038
 970500: system.cpu: T0 : 0x2227a    : c_add a5, a4               : IntAlu :  D=0x000000000006eb58
 971000: system.cpu: T0 : 0x2227c    : c_lw a3, 8(a5)             : MemRead :  D=0x0000000000000002 A=0x6eb60
 971500: system.cpu: T0 : 0x2227e    : c_li a6, 2                 : IntAlu :  D=0x0000000000000002
 972000: system.cpu: T0 : 0x22280    : c_ld a5, 32(a5)            : MemRead :  D=0x0000000000000000 A=0x6eb78
 973000: system.cpu: T0 : 0x22282    : bltu a6, a3, 42            : IntAlu : 
 973500: system.cpu: T0 : 0x22286    : c_bnez a3, 38              : IntAlu : 
 974000: system.cpu: T0 : 0x222ac    : c_sd a5, 0(a1)             : MemWrite :  D=0x0000000000000000 A=0x7ffffffffffffbd0
 974500: system.cpu: T0 : 0x222ae    : c_j -36                    : IntAlu : 
 975500: system.cpu: T0 : 0x2228a    : slli a5, a0, 3             : IntAlu :  D=0x0000000000000008
 976000: system.cpu: T0 : 0x2228e    : c_sub a5, a0               : IntAlu :  D=0x0000000000000007
 976500: system.cpu: T0 : 0x22290    : c_slli a5, 3               : IntAlu :  D=0x0000000000000038
 977500: system.cpu: T0 : 0x22292    : add a3, a4, a5             : IntAlu :  D=0x000000000006eb58
 978500: system.cpu: T0 : 0x22296    : lbu a3, 40(a3)             : MemRead :  D=0x0000000000000000 A=0x6eb80
 979000: system.cpu: T0 : 0x2229a    : c_beqz a3, 16              : IntAlu : 
 979500: system.cpu: T0 : 0x222aa    : c_jr ra                    : IntAlu : 
 980000: system.cpu: T0 : 0x1ad24    : c_lui a2, 26               : IntAlu :  D=0x000000000001a000
 981000: system.cpu: T0 : 0x1ad26    : addi a2, a2, 1374          : IntAlu :  D=0x000000000001a55e
 981500: system.cpu: T0 : 0x1ad2a    : c_mv a1, sp                : IntAlu :  D=0x7ffffffffffffbd0
 982000: system.cpu: T0 : 0x1ad2c    : c_li a0, 9                 : IntAlu :  D=0x0000000000000009
 983000: system.cpu: T0 : 0x1ad2e    : jal ra, 30008              : IntAlu :  D=0x000000000001ad32
 983500: system.cpu: T0 : 0x22266    : c_slli a0, 32              : IntAlu :  D=0x0000000900000000
 984000: system.cpu: T0 : 0x22268    : c_srli a0, 32              : IntAlu :  D=0x0000000000000009
 985000: system.cpu: T0 : 0x2226a    : slli a5, a0, 3             : IntAlu :  D=0x0000000000000048
 985500: system.cpu: T0 : 0x2226e    : c_sub a5, a0               : IntAlu :  D=0x000000000000003f
 986000: system.cpu: T0 : 0x22270    : lui a4, 111                : IntAlu :  D=0x000000000006f000
 986500: system.cpu: T0 : 0x22274    : addi a4, a4, -1248         : IntAlu :  D=0x000000000006eb20
 987000: system.cpu: T0 : 0x22278    : c_slli a5, 3               : IntAlu :  D=0x00000000000001f8
 987500: system.cpu: T0 : 0x2227a    : c_add a5, a4               : IntAlu :  D=0x000000000006ed18
 988000: system.cpu: T0 : 0x2227c    : c_lw a3, 8(a5)             : MemRead :  D=0x0000000000000000 A=0x6ed20
 988500: system.cpu: T0 : 0x2227e    : c_li a6, 2                 : IntAlu :  D=0x0000000000000002
 989000: system.cpu: T0 : 0x22280    : c_ld a5, 32(a5)            : MemRead :  D=0x0000000000000000 A=0x6ed38
 990000: system.cpu: T0 : 0x22282    : bltu a6, a3, 42            : IntAlu : 
 990500: system.cpu: T0 : 0x22286    : c_bnez a3, 38              : IntAlu : 
 991000: system.cpu: T0 : 0x22288    : c_sw a5, 0(a1)             : MemWrite :  D=0x0000000000000000 A=0x7ffffffffffffbd0
 992000: system.cpu: T0 : 0x2228a    : slli a5, a0, 3             : IntAlu :  D=0x0000000000000048
 992500: system.cpu: T0 : 0x2228e    : c_sub a5, a0               : IntAlu :  D=0x000000000000003f
 993000: system.cpu: T0 : 0x22290    : c_slli a5, 3               : IntAlu :  D=0x00000000000001f8
 994000: system.cpu: T0 : 0x22292    : add a3, a4, a5             : IntAlu :  D=0x000000000006ed18
 995000: system.cpu: T0 : 0x22296    : lbu a3, 40(a3)             : MemRead :  D=0x0000000000000000 A=0x6ed40
 995500: system.cpu: T0 : 0x2229a    : c_beqz a3, 16              : IntAlu : 
 996000: system.cpu: T0 : 0x222aa    : c_jr ra                    : IntAlu : 
 996500: system.cpu: T0 : 0x1ad32    : c_lui a2, 26               : IntAlu :  D=0x000000000001a000
 997000: system.cpu: T0 : 0x1ad34    : addi a2, a2, 1436          : IntAlu :  D=0x000000000001a59c
 997500: system.cpu: T0 : 0x1ad38    : c_mv a1, sp                : IntAlu :  D=0x7ffffffffffffbd0
 998000: system.cpu: T0 : 0x1ad3a    : c_li a0, 13                : IntAlu :  D=0x000000000000000d
 998500: system.cpu: T0 : 0x1ad3c    : jal ra, 29994              : IntAlu :  D=0x000000000001ad40
 999000: system.cpu: T0 : 0x22266    : c_slli a0, 32              : IntAlu :  D=0x0000000d00000000
 999500: system.cpu: T0 : 0x22268    : c_srli a0, 32              : IntAlu :  D=0x000000000000000d
1000500: system.cpu: T0 : 0x2226a    : slli a5, a0, 3             : IntAlu :  D=0x0000000000000068
1001000: system.cpu: T0 : 0x2226e    : c_sub a5, a0               : IntAlu :  D=0x000000000000005b
1001500: system.cpu: T0 : 0x22270    : lui a4, 111                : IntAlu :  D=0x000000000006f000
1002000: system.cpu: T0 : 0x22274    : addi a4, a4, -1248         : IntAlu :  D=0x000000000006eb20
1002500: system.cpu: T0 : 0x22278    : c_slli a5, 3               : IntAlu :  D=0x00000000000002d8
1003000: system.cpu: T0 : 0x2227a    : c_add a5, a4               : IntAlu :  D=0x000000000006edf8
1003500: system.cpu: T0 : 0x2227c    : c_lw a3, 8(a5)             : MemRead :  D=0x0000000000000002 A=0x6ee00
1004000: system.cpu: T0 : 0x2227e    : c_li a6, 2                 : IntAlu :  D=0x0000000000000002
1004500: system.cpu: T0 : 0x22280    : c_ld a5, 32(a5)            : MemRead :  D=0x0000000000000000 A=0x6ee18
1005500: system.cpu: T0 : 0x22282    : bltu a6, a3, 42            : IntAlu : 
1006000: system.cpu: T0 : 0x22286    : c_bnez a3, 38              : IntAlu : 
1006500: system.cpu: T0 : 0x222ac    : c_sd a5, 0(a1)             : MemWrite :  D=0x0000000000000000 A=0x7ffffffffffffbd0
1007000: system.cpu: T0 : 0x222ae    : c_j -36                    : IntAlu : 
1008000: system.cpu: T0 : 0x2228a    : slli a5, a0, 3             : IntAlu :  D=0x0000000000000068
1008500: system.cpu: T0 : 0x2228e    : c_sub a5, a0               : IntAlu :  D=0x000000000000005b
1009000: system.cpu: T0 : 0x22290    : c_slli a5, 3               : IntAlu :  D=0x00000000000002d8
1010000: system.cpu: T0 : 0x22292    : add a3, a4, a5             : IntAlu :  D=0x000000000006edf8
1011000: system.cpu: T0 : 0x22296    : lbu a3, 40(a3)             : MemRead :  D=0x0000000000000000 A=0x6ee20
1011500: system.cpu: T0 : 0x2229a    : c_beqz a3, 16              : IntAlu : 
1012000: system.cpu: T0 : 0x222aa    : c_jr ra                    : IntAlu : 
1012500: system.cpu: T0 : 0x1ad40    : c_lui a2, 26               : IntAlu :  D=0x000000000001a000
1013500: system.cpu: T0 : 0x1ad42    : addi a2, a2, 1448          : IntAlu :  D=0x000000000001a5a8
1014000: system.cpu: T0 : 0x1ad46    : c_mv a1, sp                : IntAlu :  D=0x7ffffffffffffbd0
1014500: system.cpu: T0 : 0x1ad48    : c_li a0, 16                : IntAlu :  D=0x0000000000000010
1015500: system.cpu: T0 : 0x1ad4a    : jal ra, 29980              : IntAlu :  D=0x000000000001ad4e
1016000: system.cpu: T0 : 0x22266    : c_slli a0, 32              : IntAlu :  D=0x0000001000000000
1016500: system.cpu: T0 : 0x22268    : c_srli a0, 32              : IntAlu :  D=0x0000000000000010
1017500: system.cpu: T0 : 0x2226a    : slli a5, a0, 3             : IntAlu :  D=0x0000000000000080
1018000: system.cpu: T0 : 0x2226e    : c_sub a5, a0               : IntAlu :  D=0x0000000000000070
1018500: system.cpu: T0 : 0x22270    : lui a4, 111                : IntAlu :  D=0x000000000006f000
1019000: system.cpu: T0 : 0x22274    : addi a4, a4, -1248         : IntAlu :  D=0x000000000006eb20
1019500: system.cpu: T0 : 0x22278    : c_slli a5, 3               : IntAlu :  D=0x0000000000000380
1020000: system.cpu: T0 : 0x2227a    : c_add a5, a4               : IntAlu :  D=0x000000000006eea0
1020500: system.cpu: T0 : 0x2227c    : c_lw a3, 8(a5)             : MemRead :  D=0x0000000000000002 A=0x6eea8
1021000: system.cpu: T0 : 0x2227e    : c_li a6, 2                 : IntAlu :  D=0x0000000000000002
1021500: system.cpu: T0 : 0x22280    : c_ld a5, 32(a5)            : MemRead :  D=0x0000000000000000 A=0x6eec0
1022500: system.cpu: T0 : 0x22282    : bltu a6, a3, 42            : IntAlu : 
1023000: system.cpu: T0 : 0x22286    : c_bnez a3, 38              : IntAlu : 
1023500: system.cpu: T0 : 0x222ac    : c_sd a5, 0(a1)             : MemWrite :  D=0x0000000000000000 A=0x7ffffffffffffbd0
1024000: system.cpu: T0 : 0x222ae    : c_j -36                    : IntAlu : 
1025000: system.cpu: T0 : 0x2228a    : slli a5, a0, 3             : IntAlu :  D=0x0000000000000080
1025500: system.cpu: T0 : 0x2228e    : c_sub a5, a0               : IntAlu :  D=0x0000000000000070
1026000: system.cpu: T0 : 0x22290    : c_slli a5, 3               : IntAlu :  D=0x0000000000000380
1027000: system.cpu: T0 : 0x22292    : add a3, a4, a5             : IntAlu :  D=0x000000000006eea0
1028000: system.cpu: T0 : 0x22296    : lbu a3, 40(a3)             : MemRead :  D=0x0000000000000000 A=0x6eec8
1028500: system.cpu: T0 : 0x2229a    : c_beqz a3, 16              : IntAlu : 
1029000: system.cpu: T0 : 0x222aa    : c_jr ra                    : IntAlu : 
1029500: system.cpu: T0 : 0x1ad4e    : c_lui a2, 26               : IntAlu :  D=0x000000000001a000
1030000: system.cpu: T0 : 0x1ad50    : addi a2, a2, 1460          : IntAlu :  D=0x000000000001a5b4
1030500: system.cpu: T0 : 0x1ad54    : c_mv a1, sp                : IntAlu :  D=0x7ffffffffffffbd0
1031000: system.cpu: T0 : 0x1ad56    : c_li a0, 18                : IntAlu :  D=0x0000000000000012
1031500: system.cpu: T0 : 0x1ad58    : jal ra, 29966              : IntAlu :  D=0x000000000001ad5c
1032000: system.cpu: T0 : 0x22266    : c_slli a0, 32              : IntAlu :  D=0x0000001200000000
1032500: system.cpu: T0 : 0x22268    : c_srli a0, 32              : IntAlu :  D=0x0000000000000012
1033500: system.cpu: T0 : 0x2226a    : slli a5, a0, 3             : IntAlu :  D=0x0000000000000090
1034000: system.cpu: T0 : 0x2226e    : c_sub a5, a0               : IntAlu :  D=0x000000000000007e
1034500: system.cpu: T0 : 0x22270    : lui a4, 111                : IntAlu :  D=0x000000000006f000
1035000: system.cpu: T0 : 0x22274    : addi a4, a4, -1248         : IntAlu :  D=0x000000000006eb20
1035500: system.cpu: T0 : 0x22278    : c_slli a5, 3               : IntAlu :  D=0x00000000000003f0
1036000: system.cpu: T0 : 0x2227a    : c_add a5, a4               : IntAlu :  D=0x000000000006ef10
1036500: system.cpu: T0 : 0x2227c    : c_lw a3, 8(a5)             : MemRead :  D=0x0000000000000002 A=0x6ef18
1037000: system.cpu: T0 : 0x2227e    : c_li a6, 2                 : IntAlu :  D=0x0000000000000002
1037500: system.cpu: T0 : 0x22280    : c_ld a5, 32(a5)            : MemRead :  D=0x0000000000000000 A=0x6ef30
1038500: system.cpu: T0 : 0x22282    : bltu a6, a3, 42            : IntAlu : 
1039000: system.cpu: T0 : 0x22286    : c_bnez a3, 38              : IntAlu : 
1039500: system.cpu: T0 : 0x222ac    : c_sd a5, 0(a1)             : MemWrite :  D=0x0000000000000000 A=0x7ffffffffffffbd0
1040000: system.cpu: T0 : 0x222ae    : c_j -36                    : IntAlu : 
1041000: system.cpu: T0 : 0x2228a    : slli a5, a0, 3             : IntAlu :  D=0x0000000000000090
1041500: system.cpu: T0 : 0x2228e    : c_sub a5, a0               : IntAlu :  D=0x000000000000007e
1042000: system.cpu: T0 : 0x22290    : c_slli a5, 3               : IntAlu :  D=0x00000000000003f0
1043000: system.cpu: T0 : 0x22292    : add a3, a4, a5             : IntAlu :  D=0x000000000006ef10
1044000: system.cpu: T0 : 0x22296    : lbu a3, 40(a3)             : MemRead :  D=0x0000000000000000 A=0x6ef38
1044500: system.cpu: T0 : 0x2229a    : c_beqz a3, 16              : IntAlu : 
1045000: system.cpu: T0 : 0x222aa    : c_jr ra                    : IntAlu : 
1045500: system.cpu: T0 : 0x1ad5c    : c_lui a2, 26               : IntAlu :  D=0x000000000001a000
1046500: system.cpu: T0 : 0x1ad5e    : addi a2, a2, 1506          : IntAlu :  D=0x000000000001a5e2
1047000: system.cpu: T0 : 0x1ad62    : c_mv a1, sp                : IntAlu :  D=0x7ffffffffffffbd0
1047500: system.cpu: T0 : 0x1ad64    : c_li a0, 15                : IntAlu :  D=0x000000000000000f
1048500: system.cpu: T0 : 0x1ad66    : jal ra, 29952              : IntAlu :  D=0x000000000001ad6a
1049000: system.cpu: T0 : 0x22266    : c_slli a0, 32              : IntAlu :  D=0x0000000f00000000
1049500: system.cpu: T0 : 0x22268    : c_srli a0, 32              : IntAlu :  D=0x000000000000000f
1050500: system.cpu: T0 : 0x2226a    : slli a5, a0, 3             : IntAlu :  D=0x0000000000000078
1051000: system.cpu: T0 : 0x2226e    : c_sub a5, a0               : IntAlu :  D=0x0000000000000069
1051500: system.cpu: T0 : 0x22270    : lui a4, 111                : IntAlu :  D=0x000000000006f000
1052000: system.cpu: T0 : 0x22274    : addi a4, a4, -1248         : IntAlu :  D=0x000000000006eb20
1052500: system.cpu: T0 : 0x22278    : c_slli a5, 3               : IntAlu :  D=0x0000000000000348
1053000: system.cpu: T0 : 0x2227a    : c_add a5, a4               : IntAlu :  D=0x000000000006ee68
1053500: system.cpu: T0 : 0x2227c    : c_lw a3, 8(a5)             : MemRead :  D=0x0000000000000002 A=0x6ee70
1054000: system.cpu: T0 : 0x2227e    : c_li a6, 2                 : IntAlu :  D=0x0000000000000002
1054500: system.cpu: T0 : 0x22280    : c_ld a5, 32(a5)            : MemRead :  D=0x0000000000000000 A=0x6ee88
1055500: system.cpu: T0 : 0x22282    : bltu a6, a3, 42            : IntAlu : 
1056000: system.cpu: T0 : 0x22286    : c_bnez a3, 38              : IntAlu : 
1056500: system.cpu: T0 : 0x222ac    : c_sd a5, 0(a1)             : MemWrite :  D=0x0000000000000000 A=0x7ffffffffffffbd0
1057000: system.cpu: T0 : 0x222ae    : c_j -36                    : IntAlu : 
1058000: system.cpu: T0 : 0x2228a    : slli a5, a0, 3             : IntAlu :  D=0x0000000000000078
1058500: system.cpu: T0 : 0x2228e    : c_sub a5, a0               : IntAlu :  D=0x0000000000000069
1059000: system.cpu: T0 : 0x22290    : c_slli a5, 3               : IntAlu :  D=0x0000000000000348
1060000: system.cpu: T0 : 0x22292    : add a3, a4, a5             : IntAlu :  D=0x000000000006ee68
1061000: system.cpu: T0 : 0x22296    : lbu a3, 40(a3)             : MemRead :  D=0x0000000000000000 A=0x6ee90
1061500: system.cpu: T0 : 0x2229a    : c_beqz a3, 16              : IntAlu : 
1062000: system.cpu: T0 : 0x222aa    : c_jr ra                    : IntAlu : 
1062500: system.cpu: T0 : 0x1ad6a    : c_lui a2, 26               : IntAlu :  D=0x000000000001a000
1063000: system.cpu: T0 : 0x1ad6c    : addi a2, a2, 1526          : IntAlu :  D=0x000000000001a5f6
1063500: system.cpu: T0 : 0x1ad70    : c_mv a1, sp                : IntAlu :  D=0x7ffffffffffffbd0
1064000: system.cpu: T0 : 0x1ad72    : c_li a0, 11                : IntAlu :  D=0x000000000000000b
1064500: system.cpu: T0 : 0x1ad74    : jal ra, 29938              : IntAlu :  D=0x000000000001ad78
1065000: system.cpu: T0 : 0x22266    : c_slli a0, 32              : IntAlu :  D=0x0000000b00000000
1065500: system.cpu: T0 : 0x22268    : c_srli a0, 32              : IntAlu :  D=0x000000000000000b
1066500: system.cpu: T0 : 0x2226a    : slli a5, a0, 3             : IntAlu :  D=0x0000000000000058
1067000: system.cpu: T0 : 0x2226e    : c_sub a5, a0               : IntAlu :  D=0x000000000000004d
1067500: system.cpu: T0 : 0x22270    : lui a4, 111                : IntAlu :  D=0x000000000006f000
1068000: system.cpu: T0 : 0x22274    : addi a4, a4, -1248         : IntAlu :  D=0x000000000006eb20
1068500: system.cpu: T0 : 0x22278    : c_slli a5, 3               : IntAlu :  D=0x0000000000000268
1069000: system.cpu: T0 : 0x2227a    : c_add a5, a4               : IntAlu :  D=0x000000000006ed88
1069500: system.cpu: T0 : 0x2227c    : c_lw a3, 8(a5)             : MemRead :  D=0x0000000000000002 A=0x6ed90
1070000: system.cpu: T0 : 0x2227e    : c_li a6, 2                 : IntAlu :  D=0x0000000000000002
1070500: system.cpu: T0 : 0x22280    : c_ld a5, 32(a5)            : MemRead :  D=0x0000000000000000 A=0x6eda8
1071500: system.cpu: T0 : 0x22282    : bltu a6, a3, 42            : IntAlu : 
1072000: system.cpu: T0 : 0x22286    : c_bnez a3, 38              : IntAlu : 
1072500: system.cpu: T0 : 0x222ac    : c_sd a5, 0(a1)             : MemWrite :  D=0x0000000000000000 A=0x7ffffffffffffbd0
1073000: system.cpu: T0 : 0x222ae    : c_j -36                    : IntAlu : 
1074000: system.cpu: T0 : 0x2228a    : slli a5, a0, 3             : IntAlu :  D=0x0000000000000058
1074500: system.cpu: T0 : 0x2228e    : c_sub a5, a0               : IntAlu :  D=0x000000000000004d
1075000: system.cpu: T0 : 0x22290    : c_slli a5, 3               : IntAlu :  D=0x0000000000000268
1076000: system.cpu: T0 : 0x22292    : add a3, a4, a5             : IntAlu :  D=0x000000000006ed88
1077000: system.cpu: T0 : 0x22296    : lbu a3, 40(a3)             : MemRead :  D=0x0000000000000000 A=0x6edb0
1077500: system.cpu: T0 : 0x2229a    : c_beqz a3, 16              : IntAlu : 
1078000: system.cpu: T0 : 0x222aa    : c_jr ra                    : IntAlu : 
1078500: system.cpu: T0 : 0x1ad78    : c_lui a2, 26               : IntAlu :  D=0x000000000001a000
1079500: system.cpu: T0 : 0x1ad7a    : addi a2, a2, 1538          : IntAlu :  D=0x000000000001a602
1080000: system.cpu: T0 : 0x1ad7e    : c_mv a1, sp                : IntAlu :  D=0x7ffffffffffffbd0
1080500: system.cpu: T0 : 0x1ad80    : c_li a0, 5                 : IntAlu :  D=0x0000000000000005
1081500: system.cpu: T0 : 0x1ad82    : jal ra, 29924              : IntAlu :  D=0x000000000001ad86
1082000: system.cpu: T0 : 0x22266    : c_slli a0, 32              : IntAlu :  D=0x0000000500000000
1082500: system.cpu: T0 : 0x22268    : c_srli a0, 32              : IntAlu :  D=0x0000000000000005
1083500: system.cpu: T0 : 0x2226a    : slli a5, a0, 3             : IntAlu :  D=0x0000000000000028
1084000: system.cpu: T0 : 0x2226e    : c_sub a5, a0               : IntAlu :  D=0x0000000000000023
1084500: system.cpu: T0 : 0x22270    : lui a4, 111                : IntAlu :  D=0x000000000006f000
1085000: system.cpu: T0 : 0x22274    : addi a4, a4, -1248         : IntAlu :  D=0x000000000006eb20
1085500: system.cpu: T0 : 0x22278    : c_slli a5, 3               : IntAlu :  D=0x0000000000000118
1086000: system.cpu: T0 : 0x2227a    : c_add a5, a4               : IntAlu :  D=0x000000000006ec38
1086500: system.cpu: T0 : 0x2227c    : c_lw a3, 8(a5)             : MemRead :  D=0x0000000000000002 A=0x6ec40
1087000: system.cpu: T0 : 0x2227e    : c_li a6, 2                 : IntAlu :  D=0x0000000000000002
1087500: system.cpu: T0 : 0x22280    : c_ld a5, 32(a5)            : MemRead :  D=0x0000000000000000 A=0x6ec58
1088500: system.cpu: T0 : 0x22282    : bltu a6, a3, 42            : IntAlu : 
1089000: system.cpu: T0 : 0x22286    : c_bnez a3, 38              : IntAlu : 
1089500: system.cpu: T0 : 0x222ac    : c_sd a5, 0(a1)             : MemWrite :  D=0x0000000000000000 A=0x7ffffffffffffbd0
1090000: system.cpu: T0 : 0x222ae    : c_j -36                    : IntAlu : 
1091000: system.cpu: T0 : 0x2228a    : slli a5, a0, 3             : IntAlu :  D=0x0000000000000028
1091500: system.cpu: T0 : 0x2228e    : c_sub a5, a0               : IntAlu :  D=0x0000000000000023
1092000: system.cpu: T0 : 0x22290    : c_slli a5, 3               : IntAlu :  D=0x0000000000000118
1093000: system.cpu: T0 : 0x22292    : add a3, a4, a5             : IntAlu :  D=0x000000000006ec38
1094000: system.cpu: T0 : 0x22296    : lbu a3, 40(a3)             : MemRead :  D=0x0000000000000000 A=0x6ec60
1094500: system.cpu: T0 : 0x2229a    : c_beqz a3, 16              : IntAlu : 
1095000: system.cpu: T0 : 0x222aa    : c_jr ra                    : IntAlu : 
1095500: system.cpu: T0 : 0x1ad86    : c_ldsp a4, 8(sp)           : MemRead :  D=0x2e00000000000000 A=0x7ffffffffffffbd8
1096000: system.cpu: T0 : 0x1ad88    : ld a5, -1264(s1)           : MemRead :  D=0x2e00000000000000 A=0x6eb10
1096500: system.cpu: T0 : 0x1ad8c    : c_li a3, 1                 : IntAlu :  D=0x0000000000000001
1097500: system.cpu: T0 : 0x1ad8e    : sw a3, -1876(gp)           : MemWrite :  D=0x0000000000000001 A=0x708dc
1098500: system.cpu: T0 : 0x1ad92    : bne a4, a5, 14             : IntAlu : 
1099000: system.cpu: T0 : 0x1ad96    : c_ldsp ra, 40(sp)          : MemRead :  D=0x000000000001db64 A=0x7ffffffffffffbf8
1099500: system.cpu: T0 : 0x1ad98    : c_ldsp s0, 32(sp)          : MemRead :  D=0x7ffffffffffffcf0 A=0x7ffffffffffffbf0
1100000: system.cpu: T0 : 0x1ad9a    : c_ldsp s1, 24(sp)          : MemRead :  D=0x7ffffffffffffc20 A=0x7ffffffffffffbe8
1100500: system.cpu: T0 : 0x1ad9c    : c_addi16sp sp, 48          : IntAlu :  D=0x7ffffffffffffc00
1101000: system.cpu: T0 : 0x1ad9e    : c_jr ra                    : IntAlu : 
1101500: system.cpu: T0 : 0x1db64    : c_ldsp a0, 8(sp)           : MemRead :  D=0x0000000000000024 A=0x7ffffffffffffc08
1102000: system.cpu: T0 : 0x1db66    : c_ldsp ra, 24(sp)          : MemRead :  D=0x000000000003da22 A=0x7ffffffffffffc18
1102500: system.cpu: T0 : 0x1db68    : c_addi16sp sp, 32          : IntAlu :  D=0x7ffffffffffffc20
1103000: system.cpu: T0 : 0x1db6a    : c_j -540                   : IntAlu : 
1104000: system.cpu: T0 : 0x1d94e    : ld t1, -1848(gp)           : MemRead :  D=0x0000000000000000 A=0x708f8
1105000: system.cpu: T0 : 0x1d952    : bne t1, zero, 260          : IntAlu : 
1105500: system.cpu: T0 : 0x1d956    : c_addi sp, -32             : IntAlu :  D=0x7ffffffffffffc00
1106000: system.cpu: T0 : 0x1d958    : c_sdsp s0, 16(sp)          : MemWrite :  D=0x7ffffffffffffcf0 A=0x7ffffffffffffc10
1106500: system.cpu: T0 : 0x1d95a    : c_sdsp ra, 24(sp)          : MemWrite :  D=0x000000000003da22 A=0x7ffffffffffffc18
1107000: system.cpu: T0 : 0x1d95c    : c_sdsp s1, 8(sp)           : MemWrite :  D=0x7ffffffffffffc20 A=0x7ffffffffffffc08
1107500: system.cpu: T0 : 0x1d95e    : c_sdsp s2, 0(sp)           : MemWrite :  D=0x0000000000000002 A=0x7ffffffffffffc00
1108000: system.cpu: T0 : 0x1d960    : c_mv s0, a0                : IntAlu :  D=0x0000000000000024
1109000: system.cpu: T0 : 0x1d962    : blt a0, zero, 222          : IntAlu : 
1110000: system.cpu: T0 : 0x1d966    : addi a5, a0, 23            : IntAlu :  D=0x000000000000003b
1110500: system.cpu: T0 : 0x1d96a    : c_li a4, 31                : IntAlu :  D=0x000000000000001f
1111000: system.cpu: T0 : 0x1d96c    : c_li s1, 0                 : IntAlu :  D=0x0000000000000000
1112000: system.cpu: T0 : 0x1d96e    : bltu a4, a5, 94            : IntAlu : 
1112500: system.cpu: T0 : 0x1d9cc    : c_andi a5, 18446744073709551600 : IntAlu :  D=0x0000000000000030
1113000: system.cpu: T0 : 0x1d9ce    : c_addi a5, -17             : IntAlu :  D=0x000000000000001f
1113500: system.cpu: T0 : 0x1d9d0    : srli s1, a5, 4             : IntAlu :  D=0x0000000000000001
1114000: system.cpu: T0 : 0x1d9d4    : c_j -98                    : IntAlu : 
1115000: system.cpu: T0 : 0x1d972    : ld a4, 40(tp)              : MemRead :  D=0x0000000000000000 A=0x72738
1115500: system.cpu: T0 : 0x1d976    : c_beqz a4, 96              : IntAlu : 
1116500: system.cpu: T0 : 0x1d9d6    : lbu a5, 48(tp)             : MemRead :  D=0x0000000000000000 A=0x72740
1117000: system.cpu: T0 : 0x1d9da    : c_bnez a5, -86             : IntAlu : 
1117500: system.cpu: T0 : 0x1d9dc    : jal ra, -2478              : IntAlu :  D=0x000000000001d9e0
1118000: system.cpu: T0 : 0x1d02e    : c_addi sp, -32             : IntAlu :  D=0x7ffffffffffffbe0
1118500: system.cpu: T0 : 0x1d030    : c_sdsp s0, 16(sp)          : MemWrite :  D=0x0000000000000024 A=0x7ffffffffffffbf0
1119500: system.cpu: T0 : 0x1d032    : ld s0, 56(tp)              : MemRead :  D=0x000000000006f5c8 A=0x72748
1120000: system.cpu: T0 : 0x1d036    : c_sdsp ra, 24(sp)          : MemWrite :  D=0x000000000001d9e0 A=0x7ffffffffffffbf8
1120500: system.cpu: T0 : 0x1d038    : c_sdsp s1, 8(sp)           : MemWrite :  D=0x0000000000000001 A=0x7ffffffffffffbe8
1121000: system.cpu: T0 : 0x1d03a    : c_beqz s0, 78              : IntAlu : 
1121500: system.cpu: T0 : 0x1d03c    : c_mv s1, s0                : IntAlu :  D=0x000000000006f5c8
1122000: system.cpu: T0 : 0x1d03e    : c_li a4, 1                 : IntAlu :  D=0x0000000000000001
1122500: system.cpu: T0 : 0x1d040    : lr_w a5, (s0)             
1122500: system.cpu: T0 : 0x1d040. 0 : lr_w a5, (s0)              : MemRead :  D=0x0000000000000000 A=0x6f5c8
1123000: system.cpu: T0 : 0x1d044    : c_bnez a5, 8               : IntAlu : 
1124000: system.cpu: T0 : 0x1d046    : sc_w_aq a3, a4, (s0)      
1124000: system.cpu: T0 : 0x1d046. 0 : sc_w a3, a4, (s0)          : MemWrite :  D=0x0000000000000000 A=0x6f5c8
1124500: system.cpu: T0 : 0x1d046. 1 : 0x1ce426af fence           : No_OpClass : 
1125000: system.cpu: T0 : 0x1d04a    : c_bnez a3, -10             : IntAlu : 
1125500: system.cpu: T0 : 0x1d04c    : c_addiw a5, 0              : IntAlu :  D=0x0000000000000000
1126000: system.cpu: T0 : 0x1d04e    : c_bnez a5, 162             : IntAlu : 
1126500: system.cpu: T0 : 0x1d050    : addi a1, zero, 640         : IntAlu :  D=0x0000000000000280
1127000: system.cpu: T0 : 0x1d054    : c_mv a0, s0                : IntAlu :  D=0x000000000006f5c8
1128000: system.cpu: T0 : 0x1d056    : jal ra, -2862              : IntAlu :  D=0x000000000001d05a
1128500: system.cpu: T0 : 0x1c528    : c_addi16sp sp, -256        : IntAlu :  D=0x7ffffffffffffae0
1129000: system.cpu: T0 : 0x1c52a    : c_sdsp ra, 248(sp)         : MemWrite :  D=0x000000000001d05a A=0x7ffffffffffffbd8
1129500: system.cpu: T0 : 0x1c52c    : c_sdsp s0, 240(sp)         : MemWrite :  D=0x000000000006f5c8 A=0x7ffffffffffffbd0
1130000: system.cpu: T0 : 0x1c52e    : c_sdsp s1, 232(sp)         : MemWrite :  D=0x000000000006f5c8 A=0x7ffffffffffffbc8
1130500: system.cpu: T0 : 0x1c530    : c_sdsp s2, 224(sp)         : MemWrite :  D=0x0000000000000002 A=0x7ffffffffffffbc0
1131000: system.cpu: T0 : 0x1c532    : c_sdsp s3, 216(sp)         : MemWrite :  D=0x0000000000000000 A=0x7ffffffffffffbb8
1131500: system.cpu: T0 : 0x1c534    : c_sdsp s4, 208(sp)         : MemWrite :  D=0x0000000000000000 A=0x7ffffffffffffbb0
1132000: system.cpu: T0 : 0x1c536    : c_sdsp s5, 200(sp)         : MemWrite :  D=0x0000000000000000 A=0x7ffffffffffffba8
1132500: system.cpu: T0 : 0x1c538    : c_sdsp s6, 192(sp)         : MemWrite :  D=0x0000000000072000 A=0x7ffffffffffffba0
1133000: system.cpu: T0 : 0x1c53a    : c_sdsp s7, 184(sp)         : MemWrite :  D=0x0000000000000000 A=0x7ffffffffffffb98
1133500: system.cpu: T0 : 0x1c53c    : c_sdsp s8, 176(sp)         : MemWrite :  D=0x0000000000000000 A=0x7ffffffffffffb90
1134000: system.cpu: T0 : 0x1c53e    : c_sdsp s9, 168(sp)         : MemWrite :  D=0x0000000000000003 A=0x7ffffffffffffb88
1134500: system.cpu: T0 : 0x1c540    : c_sdsp s10, 160(sp)        : MemWrite :  D=0x0000000000000000 A=0x7ffffffffffffb80
1135000: system.cpu: T0 : 0x1c542    : c_sdsp s11, 152(sp)        : MemWrite :  D=0x0000000000000000 A=0x7ffffffffffffb78
1135500: system.cpu: T0 : 0x1c544    : blt a1, zero, 1198         : IntAlu : 
1136000: system.cpu: T0 : 0x1c548    : addi s0, a1, 23            : IntAlu :  D=0x0000000000000297
1136500: system.cpu: T0 : 0x1c54c    : c_li a5, 31                : IntAlu :  D=0x000000000000001f
1137000: system.cpu: T0 : 0x1c54e    : c_mv s3, a1                : IntAlu :  D=0x0000000000000280
1137500: system.cpu: T0 : 0x1c550    : c_mv s1, a0                : IntAlu :  D=0x000000000006f5c8
1138500: system.cpu: T0 : 0x1c552    : bltu a5, s0, 220           : IntAlu : 
1139000: system.cpu: T0 : 0x1c62e    : c_andi s0, 18446744073709551600 : IntAlu :  D=0x0000000000000290
1139500: system.cpu: T0 : 0x1c630    : beq a0, zero, 988          : IntAlu : 
1140000: system.cpu: T0 : 0x1c634    : ld a4, -1376(gp)           : MemRead :  D=0x0000000000000080 A=0x70ad0
1140500: system.cpu: T0 : 0x1c638    : srliw s9, s0, 4            : IntAlu :  D=0x0000000000000029
1141000: system.cpu: T0 : 0x1c63c    : srliw a5, s0, 4            : IntAlu :  D=0x0000000000000029
1141500: system.cpu: T0 : 0x1c640    : bgeu a4, s0, 506           : IntAlu : 
1142000: system.cpu: T0 : 0x1c644    : addi a4, zero, 1023        : IntAlu :  D=0x00000000000003ff
1142500: system.cpu: T0 : 0x1c648    : bgeu a4, s0, 1722          : IntAlu : 
1143000: system.cpu: T0 : 0x1cd02    : c_addiw a5, -1             : IntAlu :  D=0x0000000000000028
1143500: system.cpu: T0 : 0x1cd04    : c_j -1406                  : IntAlu : 
1144500: system.cpu: T0 : 0x1c786    : slliw a5, a5, 1            : IntAlu :  D=0x0000000000000050
1145000: system.cpu: T0 : 0x1c78a    : c_slli a5, 32              : IntAlu :  D=0x0000005000000000
1145500: system.cpu: T0 : 0x1c78c    : c_srli a5, 32              : IntAlu :  D=0x0000000000000050
1146000: system.cpu: T0 : 0x1c78e    : c_addi a5, 14              : IntAlu :  D=0x000000000000005e
1146500: system.cpu: T0 : 0x1c790    : c_slli a5, 3               : IntAlu :  D=0x00000000000002f0
1147000: system.cpu: T0 : 0x1c792    : c_j -550                   : IntAlu : 
1147500: system.cpu: T0 : 0x1c56c    : c_add a5, s1               : IntAlu :  D=0x000000000006f8b8
1148500: system.cpu: T0 : 0x1c56e    : ld s2, 8(a5)               : MemRead :  D=0x000000000006f8a8 A=0x6f8c0
1149500: system.cpu: T0 : 0x1c572    : addi a3, a5, -16           : IntAlu :  D=0x000000000006f8a8
1150500: system.cpu: T0 : 0x1c576    : beq a3, s2, 748            : IntAlu : 
1151500: system.cpu: T0 : 0x1c862    : srli t1, s0, 9             : IntAlu :  D=0x0000000000000001
1152500: system.cpu: T0 : 0x1c866    : addiw a5, t1, 91           : IntAlu :  D=0x000000000000005c
1153500: system.cpu: T0 : 0x1c86a    : srli s10, s0, 6            : IntAlu :  D=0x000000000000000a
1154000: system.cpu: T0 : 0x1c86e    : c_sdsp a5, 96(sp)          : MemWrite :  D=0x000000000000005c A=0x7ffffffffffffb40
1154500: system.cpu: T0 : 0x1c870    : addiw a5, s10, 48          : IntAlu :  D=0x000000000000003a
1155000: system.cpu: T0 : 0x1c874    : c_sdsp a5, 88(sp)          : MemWrite :  D=0x000000000000003a A=0x7ffffffffffffb38
1156000: system.cpu: T0 : 0x1c876    : addi a5, zero, 110         : IntAlu :  D=0x000000000000006e
1156500: system.cpu: T0 : 0x1c87a    : c_sdsp a5, 112(sp)         : MemWrite :  D=0x000000000000006e A=0x7ffffffffffffb50
1157000: system.cpu: T0 : 0x1c87c    : addi a5, zero, 119         : IntAlu :  D=0x0000000000000077
1157500: system.cpu: T0 : 0x1c880    : c_sdsp a5, 104(sp)         : MemWrite :  D=0x0000000000000077 A=0x7ffffffffffffb48
1158500: system.cpu: T0 : 0x1c882    : addi a5, zero, 124         : IntAlu :  D=0x000000000000007c
1159000: system.cpu: T0 : 0x1c886    : c_sdsp s9, 8(sp)           : MemWrite :  D=0x0000000000000029 A=0x7ffffffffffffae8
1159500: system.cpu: T0 : 0x1c888    : c_sdsp a5, 120(sp)         : MemWrite :  D=0x000000000000007c A=0x7ffffffffffffb58
1160000: system.cpu: T0 : 0x1c88a    : c_sdsp zero, 128(sp)       : MemWrite :  D=0x0000000000000000 A=0x7ffffffffffffb60
1160500: system.cpu: T0 : 0x1c88c    : c_sdsp zero, 136(sp)       : MemWrite :  D=0x0000000000000000 A=0x7ffffffffffffb68
1161500: system.cpu: T0 : 0x1c88e    : ld a5, 40(tp)              : MemRead :  D=0x0000000000000000 A=0x72738
1162500: system.cpu: T0 : 0x1c892    : addi s6, s0, -17           : IntAlu :  D=0x000000000000027f
1163500: system.cpu: T0 : 0x1c896    : srli s6, s6, 4             : IntAlu :  D=0x0000000000000027
1164000: system.cpu: T0 : 0x1c89a    : c_li s5, 0                 : IntAlu :  D=0x0000000000000000
1164500: system.cpu: T0 : 0x1c89c    : c_beqz a5, 22              : IntAlu : 
1165500: system.cpu: T0 : 0x1c8b2    : lui a5, 111                : IntAlu :  D=0x000000000006f000
1166000: system.cpu: T0 : 0x1c8b6    : c_lui s11, 1               : IntAlu :  D=0x0000000000001000
1166500: system.cpu: T0 : 0x1c8b8    : lui s7, 111                : IntAlu :  D=0x000000000006f000
1167000: system.cpu: T0 : 0x1c8bc    : addi a5, a5, 1480          : IntAlu :  D=0x000000000006f5c8
1167500: system.cpu: T0 : 0x1c8c0    : addi s8, s1, 96            : IntAlu :  D=0x000000000006f628
1168000: system.cpu: T0 : 0x1c8c4    : c_li t5, 0                 : IntAlu :  D=0x0000000000000000
1169000: system.cpu: T0 : 0x1c8c6    : addi s7, s7, 1368          : IntAlu :  D=0x000000000006f558
1170000: system.cpu: T0 : 0x1c8ca    : add a7, s1, s11            : IntAlu :  D=0x00000000000705c8
1170500: system.cpu: T0 : 0x1c8ce    : c_sdsp a5, 56(sp)          : MemWrite :  D=0x000000000006f5c8 A=0x7ffffffffffffb18
1171000: system.cpu: T0 : 0x1c8d0    : c_ld a5, 120(s1)           : MemRead :  D=0x000000000006f628 A=0x6f640
1172000: system.cpu: T0 : 0x1c8d2    : beq a5, s8, 532            : IntAlu : 
1173000: system.cpu: T0 : 0x1cae6    : addi a5, zero, 1023        : IntAlu :  D=0x00000000000003ff
1174000: system.cpu: T0 : 0x1caea    : bgeu a5, s0, 38            : IntAlu : 
1174500: system.cpu: T0 : 0x1cb10    : c_ldsp a3, 8(sp)           : MemRead :  D=0x0000000000000029 A=0x7ffffffffffffae8
1175000: system.cpu: T0 : 0x1cb12    : c_li a0, 4                 : IntAlu :  D=0x0000000000000004
1175500: system.cpu: T0 : 0x1cb14    : addiw a5, a3, 1            : IntAlu :  D=0x000000000000002a
1176000: system.cpu: T0 : 0x1cb18    : srliw a4, a5, 5            : IntAlu :  D=0x0000000000000001
1176500: system.cpu: T0 : 0x1cb1c    : slliw a3, a3, 1            : IntAlu :  D=0x0000000000000052
1177000: system.cpu: T0 : 0x1cb20    : addi a4, a4, 536           : IntAlu :  D=0x0000000000000219
1177500: system.cpu: T0 : 0x1cb24    : c_slli a3, 32              : IntAlu :  D=0x0000005200000000
1178000: system.cpu: T0 : 0x1cb26    : c_slli a4, 2               : IntAlu :  D=0x0000000000000864
1178500: system.cpu: T0 : 0x1cb28    : c_srli a3, 32              : IntAlu :  D=0x0000000000000052
1179000: system.cpu: T0 : 0x1cb2a    : c_add a4, s1               : IntAlu :  D=0x000000000006fe2c
1179500: system.cpu: T0 : 0x1cb2c    : c_slli a3, 3               : IntAlu :  D=0x0000000000000290
1180000: system.cpu: T0 : 0x1cb2e    : c_lw a2, 0(a4)             : MemRead :  D=0x0000000000000000 A=0x6fe2c
1180500: system.cpu: T0 : 0x1cb30    : addi a3, a3, 96            : IntAlu :  D=0x00000000000002f0
1181000: system.cpu: T0 : 0x1cb34    : c_li a4, 1                 : IntAlu :  D=0x0000000000000001
1182000: system.cpu: T0 : 0x1cb36    : srliw s2, a5, 5            : IntAlu :  D=0x0000000000000001
1182500: system.cpu: T0 : 0x1cb3a    : c_add a3, s1               : IntAlu :  D=0x000000000006f8b8
1183000: system.cpu: T0 : 0x1cb3c    : sllw a5, a4, a5            : IntAlu :  D=0x0000000000000400
1183500: system.cpu: T0 : 0x1cb40    : bltu a2, a5, 144           : IntAlu : 
1184000: system.cpu: T0 : 0x1cbd0    : addiw a5, s2, 1            : IntAlu :  D=0x0000000000000002
1184500: system.cpu: T0 : 0x1cbd4    : addiw s2, a5, 0            : IntAlu :  D=0x0000000000000002
1185000: system.cpu: T0 : 0x1cbd8    : bne s2, a0, -26            : IntAlu : 
1185500: system.cpu: T0 : 0x1cbbe    : c_slli a5, 32              : IntAlu :  D=0x0000000200000000
1186000: system.cpu: T0 : 0x1cbc0    : c_srli a5, 32              : IntAlu :  D=0x0000000000000002
1187000: system.cpu: T0 : 0x1cbc2    : addi a5, a5, 536           : IntAlu :  D=0x000000000000021a
1187500: system.cpu: T0 : 0x1cbc6    : c_slli a5, 2               : IntAlu :  D=0x0000000000000868
1188000: system.cpu: T0 : 0x1cbc8    : c_add a5, s1               : IntAlu :  D=0x000000000006fe30
1188500: system.cpu: T0 : 0x1cbca    : c_lw a2, 0(a5)             : MemRead :  D=0x0000000000000000 A=0x6fe30
1189000: system.cpu: T0 : 0x1cbcc    : bne a2, zero, 384          : IntAlu : 
1189500: system.cpu: T0 : 0x1cbd0    : addiw a5, s2, 1            : IntAlu :  D=0x0000000000000003
1190000: system.cpu: T0 : 0x1cbd4    : addiw s2, a5, 0            : IntAlu :  D=0x0000000000000003
1190500: system.cpu: T0 : 0x1cbd8    : bne s2, a0, -26            : IntAlu : 
1191000: system.cpu: T0 : 0x1cbbe    : c_slli a5, 32              : IntAlu :  D=0x0000000300000000
1191500: system.cpu: T0 : 0x1cbc0    : c_srli a5, 32              : IntAlu :  D=0x0000000000000003
1192500: system.cpu: T0 : 0x1cbc2    : addi a5, a5, 536           : IntAlu :  D=0x000000000000021b
1193000: system.cpu: T0 : 0x1cbc6    : c_slli a5, 2               : IntAlu :  D=0x000000000000086c
1193500: system.cpu: T0 : 0x1cbc8    : c_add a5, s1               : IntAlu :  D=0x000000000006fe34
1194000: system.cpu: T0 : 0x1cbca    : c_lw a2, 0(a5)             : MemRead :  D=0x0000000000000000 A=0x6fe34
1194500: system.cpu: T0 : 0x1cbcc    : bne a2, zero, 384          : IntAlu : 
1195000: system.cpu: T0 : 0x1cbd0    : addiw a5, s2, 1            : IntAlu :  D=0x0000000000000004
1195500: system.cpu: T0 : 0x1cbd4    : addiw s2, a5, 0            : IntAlu :  D=0x0000000000000004
1196000: system.cpu: T0 : 0x1cbd8    : bne s2, a0, -26            : IntAlu : 
1196500: system.cpu: T0 : 0x1cbdc    : c_ld a4, 96(s1)            : MemRead :  D=0x000000000006f628 A=0x6f628
1197500: system.cpu: T0 : 0x1cbde    : ld a3, -1912(a7)           : MemRead :  D=0x0000000000000000 A=0x6fe50
1198000: system.cpu: T0 : 0x1cbe2    : c_ld a5, 8(a4)             : MemRead :  D=0x0000000000000000 A=0x6f630
1198500: system.cpu: T0 : 0x1cbe4    : c_andi a5, 18446744073709551608 : IntAlu :  D=0x0000000000000000
1199500: system.cpu: T0 : 0x1cbe6    : bltu a3, a5, 548           : IntAlu : 
1200500: system.cpu: T0 : 0x1cbea    : addi a3, s0, 32            : IntAlu :  D=0x00000000000002b0
1201500: system.cpu: T0 : 0x1cbee    : bgeu a5, a3, 640           : IntAlu : 
1202000: system.cpu: T0 : 0x1cbf2    : c_sdsp a7, 32(sp)          : MemWrite :  D=0x00000000000705c8 A=0x7ffffffffffffb00
1202500: system.cpu: T0 : 0x1cbf4    : c_sdsp t1, 24(sp)          : MemWrite :  D=0x0000000000000001 A=0x7ffffffffffffaf8
1203000: system.cpu: T0 : 0x1cbf6    : c_sdsp t5, 16(sp)          : MemWrite :  D=0x0000000000000000 A=0x7ffffffffffffaf0
1203500: system.cpu: T0 : 0x1cbf8    : c_lw a5, 8(s1)             : MemRead :  D=0x0000000000000000 A=0x6f5d0
1204000: system.cpu: T0 : 0x1cbfa    : c_addiw a5, 0              : IntAlu :  D=0x0000000000000000
1204500: system.cpu: T0 : 0x1cbfc    : c_beqz a5, 180             : IntAlu : 
1205000: system.cpu: T0 : 0x1ccb0    : c_mv a1, s1                : IntAlu :  D=0x000000000006f5c8
1205500: system.cpu: T0 : 0x1ccb2    : c_mv a0, s0                : IntAlu :  D=0x0000000000000290
1206000: system.cpu: T0 : 0x1ccb4    : jal ra, -3372              : IntAlu :  D=0x000000000001ccb8
1206500: system.cpu: T0 : 0x1bf88    : c_addi16sp sp, -160        : IntAlu :  D=0x7ffffffffffffa40
1207000: system.cpu: T0 : 0x1bf8a    : c_sdsp s1, 136(sp)         : MemWrite :  D=0x000000000006f5c8 A=0x7ffffffffffffac8
1207500: system.cpu: T0 : 0x1bf8c    : c_sdsp s2, 128(sp)         : MemWrite :  D=0x0000000000000004 A=0x7ffffffffffffac0
1208000: system.cpu: T0 : 0x1bf8e    : c_sdsp s10, 64(sp)         : MemWrite :  D=0x000000000000000a A=0x7ffffffffffffa80
1208500: system.cpu: T0 : 0x1bf90    : c_sdsp ra, 152(sp)         : MemWrite :  D=0x000000000001ccb8 A=0x7ffffffffffffad8
1209000: system.cpu: T0 : 0x1bf92    : c_sdsp s0, 144(sp)         : MemWrite :  D=0x0000000000000290 A=0x7ffffffffffffad0
1209500: system.cpu: T0 : 0x1bf94    : c_sdsp s3, 120(sp)         : MemWrite :  D=0x0000000000000280 A=0x7ffffffffffffab8
1210000: system.cpu: T0 : 0x1bf96    : c_sdsp s4, 112(sp)         : MemWrite :  D=0x0000000000000000 A=0x7ffffffffffffab0
1210500: system.cpu: T0 : 0x1bf98    : c_sdsp s5, 104(sp)         : MemWrite :  D=0x0000000000000000 A=0x7ffffffffffffaa8
1211000: system.cpu: T0 : 0x1bf9a    : c_sdsp s6, 96(sp)          : MemWrite :  D=0x0000000000000027 A=0x7ffffffffffffaa0
1211500: system.cpu: T0 : 0x1bf9c    : c_sdsp s7, 88(sp)          : MemWrite :  D=0x000000000006f558 A=0x7ffffffffffffa98
1212000: system.cpu: T0 : 0x1bf9e    : c_sdsp s8, 80(sp)          : MemWrite :  D=0x000000000006f628 A=0x7ffffffffffffa90
1212500: system.cpu: T0 : 0x1bfa0    : c_sdsp s9, 72(sp)          : MemWrite :  D=0x0000000000000029 A=0x7ffffffffffffa88
1213000: system.cpu: T0 : 0x1bfa2    : c_sdsp s11, 56(sp)         : MemWrite :  D=0x0000000000001000 A=0x7ffffffffffffa78
1213500: system.cpu: T0 : 0x1bfa4    : ld s2, -1784(gp)           : MemRead :  D=0x0000000000001000 A=0x70938
1214000: system.cpu: T0 : 0x1bfa8    : c_mv s1, a0                : IntAlu :  D=0x0000000000000290
1215000: system.cpu: T0 : 0x1bfaa    : beq a1, zero, 534          : IntAlu : 
1216000: system.cpu: T0 : 0x1bfae    : lui s11, 111               : IntAlu :  D=0x000000000006f000
1217000: system.cpu: T0 : 0x1bfb2    : addi s11, s11, 1368        : IntAlu :  D=0x000000000006f558
1218000: system.cpu: T0 : 0x1bfb6    : ld a5, 16(s11)             : MemRead :  D=0x0000000000020000 A=0x6f568
1218500: system.cpu: T0 : 0x1bfba    : c_mv s0, a1                : IntAlu :  D=0x000000000006f5c8
1219000: system.cpu: T0 : 0x1bfbc    : bgeu a0, a5, 276           : IntAlu : 
1219500: system.cpu: T0 : 0x1bfc0    : c_sdsp zero, 8(sp)         : MemWrite :  D=0x0000000000000000 A=0x7ffffffffffffa48
1220500: system.cpu: T0 : 0x1bfc2    : addi s5, s2, 7             : IntAlu :  D=0x0000000000001007
1221500: system.cpu: T0 : 0x1bfc6    : add a5, s5, s1             : IntAlu :  D=0x0000000000001297
1222500: system.cpu: T0 : 0x1bfca    : lui s6, 111                : IntAlu :  D=0x000000000006f000
1223500: system.cpu: T0 : 0x1bfce    : sub s5, zero, s2           : IntAlu :  D=0xfffffffffffff000
1224500: system.cpu: T0 : 0x1bfd2    : addi a7, s0, 96            : IntAlu :  D=0x000000000006f628
1225500: system.cpu: T0 : 0x1bfd6    : addi t1, s2, -1            : IntAlu :  D=0x0000000000000fff
1226500: system.cpu: T0 : 0x1bfda    : addi s8, s1, 32            : IntAlu :  D=0x00000000000002b0
1227500: system.cpu: T0 : 0x1bfde    : addi s7, s6, 1480          : IntAlu :  D=0x000000000006f5c8
1228500: system.cpu: T0 : 0x1bfe2    : and s5, a5, s5             : IntAlu :  D=0x0000000000001000
1229500: system.cpu: T0 : 0x1bfe6    : ld s4, 96(s0)              : MemRead :  D=0x000000000006f628 A=0x6f628
1230500: system.cpu: T0 : 0x1bfea    : ld a5, 8(s4)               : MemRead :  D=0x0000000000000000 A=0x6f630
1231500: system.cpu: T0 : 0x1bfee    : andi s3, a5, 18446744073709551608 : IntAlu :  D=0x0000000000000000
1232500: system.cpu: T0 : 0x1bff2    : add s9, s4, s3             : IntAlu :  D=0x000000000006f628
1233500: system.cpu: T0 : 0x1bff6    : beq s4, a7, 506            : IntAlu : 
1234000: system.cpu: T0 : 0x1c1f0    : beq s3, zero, -482         : IntAlu : 
1235000: system.cpu: T0 : 0x1c00e    : bgeu s3, s8, 1112          : IntAlu : 
1236000: system.cpu: T0 : 0x1c012    : beq s0, s7, 484            : IntAlu : 
1237000: system.cpu: T0 : 0x1c1f6    : ld s5, 8(s11)              : MemRead :  D=0x0000000000020000 A=0x6f560
1237500: system.cpu: T0 : 0x1c1fa    : c_lw a5, 4(s0)             : MemRead :  D=0x0000000000000000 A=0x6f5cc
1238000: system.cpu: T0 : 0x1c1fc    : addi s10, s2, -1           : IntAlu :  D=0x0000000000000fff
1238500: system.cpu: T0 : 0x1c200    : addi s5, s5, 32            : IntAlu :  D=0x0000000000020020
1239000: system.cpu: T0 : 0x1c204    : c_add s5, s10              : IntAlu :  D=0x000000000002101f
1239500: system.cpu: T0 : 0x1c206    : c_andi a5, 2               : IntAlu :  D=0x0000000000000000
1240000: system.cpu: T0 : 0x1c208    : c_add s5, s1               : IntAlu :  D=0x00000000000212af
1241000: system.cpu: T0 : 0x1c20a    : sub a6, zero, s2           : IntAlu :  D=0xfffffffffffff000
1241500: system.cpu: T0 : 0x1c20e    : c_beqz a5, 158             : IntAlu : 
1242000: system.cpu: T0 : 0x1c2ac    : sub s5, s5, s3             : IntAlu :  D=0x00000000000212af
1242500: system.cpu: T0 : 0x1c2b0    : and s5, s5, a6             : IntAlu :  D=0x0000000000021000
1243000: system.cpu: T0 : 0x1c2b4    : blt zero, s5, -156         : IntAlu : 
1243500: system.cpu: T0 : 0x1c218    : ld a5, -1840(gp)           : MemRead :  D=0x000000000001eb42 A=0x70900
1244000: system.cpu: T0 : 0x1c21c    : c_mv a0, s5                : IntAlu :  D=0x0000000000021000
1244500: system.cpu: T0 : 0x1c21e    : c_sdsp a6, 8(sp)           : MemWrite :  D=0xfffffffffffff000 A=0x7ffffffffffffa48
1245000: system.cpu: T0 : 0x1c220    : c_jalr a5                  : IntAlu :  D=0x000000000001c222
1245500: system.cpu: T0 : 0x1eb42    : c_addi sp, -16             : IntAlu :  D=0x7ffffffffffffa30
1246000: system.cpu: T0 : 0x1eb44    : c_sdsp ra, 8(sp)           : MemWrite :  D=0x000000000001c222 A=0x7ffffffffffffa38
1247000: system.cpu: T0 : 0x1eb46    : jal ra, 9318               : IntAlu :  D=0x000000000001eb4a
1247500: system.cpu: T0 : 0x20fac    : c_addi sp, -32             : IntAlu :  D=0x7ffffffffffffa10
1248000: system.cpu: T0 : 0x20fae    : c_sdsp s2, 0(sp)           : MemWrite :  D=0x0000000000001000 A=0x7ffffffffffffa10
1248500: system.cpu: T0 : 0x20fb0    : c_sdsp s1, 8(sp)           : MemWrite :  D=0x0000000000000290 A=0x7ffffffffffffa18
1249500: system.cpu: T0 : 0x20fb2    : ld s1, -1200(gp)           : MemRead :  D=0x0000000000072f80 A=0x70b80
1250000: system.cpu: T0 : 0x20fb6    : c_sdsp s0, 16(sp)          : MemWrite :  D=0x000000000006f5c8 A=0x7ffffffffffffa20
1250500: system.cpu: T0 : 0x20fb8    : c_sdsp ra, 24(sp)          : MemWrite :  D=0x000000000001eb4a A=0x7ffffffffffffa28
1251000: system.cpu: T0 : 0x20fba    : c_mv s0, a0                : IntAlu :  D=0x0000000000021000
1251500: system.cpu: T0 : 0x20fbc    : c_beqz s1, 46              : IntAlu : 
1252500: system.cpu: T0 : 0x20fbe    : lw a5, -1728(gp)           : MemRead :  D=0x0000000000000000 A=0x70970
1253000: system.cpu: T0 : 0x20fc2    : c_bnez a5, 40              : IntAlu : 
1253500: system.cpu: T0 : 0x20fc4    : c_beqz s0, 24              : IntAlu : 
1254500: system.cpu: T0 : 0x20fc6    : bge zero, s0, 52           : IntAlu : 
1255500: system.cpu: T0 : 0x20fca    : add a5, s0, s1             : IntAlu :  D=0x0000000000093f80
1256500: system.cpu: T0 : 0x20fce    : sltu a5, a5, s1            : IntAlu :  D=0x0000000000000000
1257000: system.cpu: T0 : 0x20fd2    : c_beqz a5, 50              : IntAlu : 
1257500: system.cpu: T0 : 0x21004    : add a0, s1, s0             : IntAlu :  D=0x0000000000093f80
1258000: system.cpu: T0 : 0x21008    : jal ra, 98390              : IntAlu :  D=0x000000000002100c
1258500: system.cpu: T0 : 0x3905e    : c_mv a5, a0                : IntAlu :  D=0x0000000000093f80
1259000: system.cpu: T0 : 0x39060    : addi a7, zero, 214         : IntAlu :  D=0x00000000000000d6
1259500: system.cpu: T0 : 0x39064    : ecall                      : No_OpClass : 
1260000: system.cpu: T0 : 0x39068    : sd a0, -1200(gp)           : MemWrite :  D=0x0000000000093f80 A=0x70b80
1260500: system.cpu: T0 : 0x3906c    : bltu a0, a5, 8             : IntAlu : 
1261000: system.cpu: T0 : 0x39070    : c_li a0, 0                 : IntAlu :  D=0x0000000000000000
1261500: system.cpu: T0 : 0x39072    : c_jr ra                    : IntAlu : 
1262000: system.cpu: T0 : 0x2100c    : blt a0, zero, -50          : IntAlu : 
1262500: system.cpu: T0 : 0x21010    : c_ldsp ra, 24(sp)          : MemRead :  D=0x000000000001eb4a A=0x7ffffffffffffa28
1263000: system.cpu: T0 : 0x21012    : c_ldsp s0, 16(sp)          : MemRead :  D=0x000000000006f5c8 A=0x7ffffffffffffa20
1263500: system.cpu: T0 : 0x21014    : c_ldsp s2, 0(sp)           : MemRead :  D=0x0000000000001000 A=0x7ffffffffffffa10
1264000: system.cpu: T0 : 0x21016    : c_mv a0, s1                : IntAlu :  D=0x0000000000072f80
1264500: system.cpu: T0 : 0x21018    : c_ldsp s1, 8(sp)           : MemRead :  D=0x0000000000000290 A=0x7ffffffffffffa18
1265000: system.cpu: T0 : 0x2101a    : c_addi16sp sp, 32          : IntAlu :  D=0x7ffffffffffffa30
1265500: system.cpu: T0 : 0x2101c    : c_jr ra                    : IntAlu : 
1266000: system.cpu: T0 : 0x1eb4a    : c_li a5, -1                : IntAlu :  D=0xffffffffffffffff
1266500: system.cpu: T0 : 0x1eb4c    : beq a0, a5, 10             : IntAlu : 
1267000: system.cpu: T0 : 0x1eb50    : c_ldsp ra, 8(sp)           : MemRead :  D=0x000000000001c222 A=0x7ffffffffffffa38
1267500: system.cpu: T0 : 0x1eb52    : c_addi sp, 16              : IntAlu :  D=0x7ffffffffffffa40
1268000: system.cpu: T0 : 0x1eb54    : c_jr ra                    : IntAlu : 
1268500: system.cpu: T0 : 0x1c222    : c_ldsp a6, 8(sp)           : MemRead :  D=0xfffffffffffff000 A=0x7ffffffffffffa48
1269000: system.cpu: T0 : 0x1c224    : c_mv s2, a0                : IntAlu :  D=0x0000000000072f80
1270000: system.cpu: T0 : 0x1c226    : beq a0, zero, 502          : IntAlu : 
1271000: system.cpu: T0 : 0x1c22a    : ld a5, -1392(gp)           : MemRead :  D=0x0000000000000000 A=0x70ac0
1271500: system.cpu: T0 : 0x1c22e    : c_li a4, 0                 : IntAlu :  D=0x0000000000000000
1272000: system.cpu: T0 : 0x1c230    : bne a5, zero, 538          : IntAlu : 
1272500: system.cpu: T0 : 0x1c234    : ld a5, 72(s11)             : MemRead :  D=0x0000000000000000 A=0x6f5a0
1273000: system.cpu: T0 : 0x1c238    : beq a5, zero, 380          : IntAlu : 
1273500: system.cpu: T0 : 0x1c3b4    : sd s2, 72(s11)             : MemWrite :  D=0x0000000000072f80 A=0x6f5a0
1274000: system.cpu: T0 : 0x1c3b8    : c_j -380                   : IntAlu : 
1274500: system.cpu: T0 : 0x1c23c    : c_lui s11, 1               : IntAlu :  D=0x0000000000001000
1275000: system.cpu: T0 : 0x1c23e    : c_add s11, s7              : IntAlu :  D=0x00000000000705c8
1275500: system.cpu: T0 : 0x1c240    : ld a5, -1912(s11)          : MemRead :  D=0x0000000000000000 A=0x6fe50
1276000: system.cpu: T0 : 0x1c244    : c_add a5, s5               : IntAlu :  D=0x0000000000021000
1277000: system.cpu: T0 : 0x1c246    : sd a5, -1912(s11)          : MemWrite :  D=0x0000000000021000 A=0x6fe50
1278000: system.cpu: T0 : 0x1c24a    : beq s9, s2, 342            : IntAlu : 
1279000: system.cpu: T0 : 0x1c24e    : lw a3, 4(s7)               : MemRead :  D=0x0000000000000000 A=0x6f5cc
1279500: system.cpu: T0 : 0x1c252    : c_andi a3, 2               : IntAlu :  D=0x0000000000000000
1280000: system.cpu: T0 : 0x1c254    : bne a3, zero, 242          : IntAlu : 
1280500: system.cpu: T0 : 0x1c258    : beq s3, zero, 18           : IntAlu : 
1281500: system.cpu: T0 : 0x1c26a    : andi a5, s2, 15            : IntAlu :  D=0x0000000000000000
1282500: system.cpu: T0 : 0x1c26e    : bne a5, zero, 332          : IntAlu : 
1283000: system.cpu: T0 : 0x1c272    : c_mv a4, s3                : IntAlu :  D=0x0000000000000000
1283500: system.cpu: T0 : 0x1c274    : c_mv s9, s2                : IntAlu :  D=0x0000000000072f80
1284000: system.cpu: T0 : 0x1c276    : c_add s5, a4               : IntAlu :  D=0x0000000000021000
1284500: system.cpu: T0 : 0x1c278    : add a0, s2, s5             : IntAlu :  D=0x0000000000093f80
1285000: system.cpu: T0 : 0x1c27c    : c_add s10, a0              : IntAlu :  D=0x0000000000094f7f
1286000: system.cpu: T0 : 0x1c27e    : and a6, s10, a6            : IntAlu :  D=0x0000000000094000
1286500: system.cpu: T0 : 0x1c282    : c_sub a4, a0               : IntAlu :  D=0xfffffffffff6c080
1287000: system.cpu: T0 : 0x1c284    : add s5, a6, a4             : IntAlu :  D=0x0000000000000080
1287500: system.cpu: T0 : 0x1c288    : blt s5, zero, 626          : IntAlu : 
1288000: system.cpu: T0 : 0x1c28c    : ld a5, -1840(gp)           : MemRead :  D=0x000000000001eb42 A=0x70900
1288500: system.cpu: T0 : 0x1c290    : c_mv a0, s5                : IntAlu :  D=0x0000000000000080
1289000: system.cpu: T0 : 0x1c292    : c_jalr a5                  : IntAlu :  D=0x000000000001c294
1289500: system.cpu: T0 : 0x1eb42    : c_addi sp, -16             : IntAlu :  D=0x7ffffffffffffa30
1290000: system.cpu: T0 : 0x1eb44    : c_sdsp ra, 8(sp)           : MemWrite :  D=0x000000000001c294 A=0x7ffffffffffffa38
1291000: system.cpu: T0 : 0x1eb46    : jal ra, 9318               : IntAlu :  D=0x000000000001eb4a
1291500: system.cpu: T0 : 0x20fac    : c_addi sp, -32             : IntAlu :  D=0x7ffffffffffffa10
1292000: system.cpu: T0 : 0x20fae    : c_sdsp s2, 0(sp)           : MemWrite :  D=0x0000000000072f80 A=0x7ffffffffffffa10
1292500: system.cpu: T0 : 0x20fb0    : c_sdsp s1, 8(sp)           : MemWrite :  D=0x0000000000000290 A=0x7ffffffffffffa18
1293500: system.cpu: T0 : 0x20fb2    : ld s1, -1200(gp)           : MemRead :  D=0x0000000000093f80 A=0x70b80
1294000: system.cpu: T0 : 0x20fb6    : c_sdsp s0, 16(sp)          : MemWrite :  D=0x000000000006f5c8 A=0x7ffffffffffffa20
1294500: system.cpu: T0 : 0x20fb8    : c_sdsp ra, 24(sp)          : MemWrite :  D=0x000000000001eb4a A=0x7ffffffffffffa28
1295000: system.cpu: T0 : 0x20fba    : c_mv s0, a0                : IntAlu :  D=0x0000000000000080
1295500: system.cpu: T0 : 0x20fbc    : c_beqz s1, 46              : IntAlu : 
1296500: system.cpu: T0 : 0x20fbe    : lw a5, -1728(gp)           : MemRead :  D=0x0000000000000000 A=0x70970
1297000: system.cpu: T0 : 0x20fc2    : c_bnez a5, 40              : IntAlu : 
1297500: system.cpu: T0 : 0x20fc4    : c_beqz s0, 24              : IntAlu : 
1298500: system.cpu: T0 : 0x20fc6    : bge zero, s0, 52           : IntAlu : 
1299500: system.cpu: T0 : 0x20fca    : add a5, s0, s1             : IntAlu :  D=0x0000000000094000
1300500: system.cpu: T0 : 0x20fce    : sltu a5, a5, s1            : IntAlu :  D=0x0000000000000000
1301000: system.cpu: T0 : 0x20fd2    : c_beqz a5, 50              : IntAlu : 
1301500: system.cpu: T0 : 0x21004    : add a0, s1, s0             : IntAlu :  D=0x0000000000094000
1302000: system.cpu: T0 : 0x21008    : jal ra, 98390              : IntAlu :  D=0x000000000002100c
1302500: system.cpu: T0 : 0x3905e    : c_mv a5, a0                : IntAlu :  D=0x0000000000094000
1303000: system.cpu: T0 : 0x39060    : addi a7, zero, 214         : IntAlu :  D=0x00000000000000d6
1303500: system.cpu: T0 : 0x39064    : ecall                      : No_OpClass : 
1304000: system.cpu: T0 : 0x39068    : sd a0, -1200(gp)           : MemWrite :  D=0x0000000000094000 A=0x70b80
1304500: system.cpu: T0 : 0x3906c    : bltu a0, a5, 8             : IntAlu : 
1305000: system.cpu: T0 : 0x39070    : c_li a0, 0                 : IntAlu :  D=0x0000000000000000
1305500: system.cpu: T0 : 0x39072    : c_jr ra                    : IntAlu : 
1306000: system.cpu: T0 : 0x2100c    : blt a0, zero, -50          : IntAlu : 
1306500: system.cpu: T0 : 0x21010    : c_ldsp ra, 24(sp)          : MemRead :  D=0x000000000001eb4a A=0x7ffffffffffffa28
1307000: system.cpu: T0 : 0x21012    : c_ldsp s0, 16(sp)          : MemRead :  D=0x000000000006f5c8 A=0x7ffffffffffffa20
1307500: system.cpu: T0 : 0x21014    : c_ldsp s2, 0(sp)           : MemRead :  D=0x0000000000072f80 A=0x7ffffffffffffa10
1308000: system.cpu: T0 : 0x21016    : c_mv a0, s1                : IntAlu :  D=0x0000000000093f80
1308500: system.cpu: T0 : 0x21018    : c_ldsp s1, 8(sp)           : MemRead :  D=0x0000000000000290 A=0x7ffffffffffffa18
1309000: system.cpu: T0 : 0x2101a    : c_addi16sp sp, 32          : IntAlu :  D=0x7ffffffffffffa30
1309500: system.cpu: T0 : 0x2101c    : c_jr ra                    : IntAlu : 
1310000: system.cpu: T0 : 0x1eb4a    : c_li a5, -1                : IntAlu :  D=0xffffffffffffffff
1310500: system.cpu: T0 : 0x1eb4c    : beq a0, a5, 10             : IntAlu : 
1311000: system.cpu: T0 : 0x1eb50    : c_ldsp ra, 8(sp)           : MemRead :  D=0x000000000001c294 A=0x7ffffffffffffa38
1311500: system.cpu: T0 : 0x1eb52    : c_addi sp, 16              : IntAlu :  D=0x7ffffffffffffa40
1312000: system.cpu: T0 : 0x1eb54    : c_jr ra                    : IntAlu : 
1312500: system.cpu: T0 : 0x1c294    : c_mv a4, a0                : IntAlu :  D=0x0000000000093f80
1313500: system.cpu: T0 : 0x1c296    : beq a0, zero, 426          : IntAlu : 
1314500: system.cpu: T0 : 0x1c29a    : ld a5, -1392(gp)           : MemRead :  D=0x0000000000000000 A=0x70ac0
1315500: system.cpu: T0 : 0x1c29e    : bne a5, zero, 440          : IntAlu : 
1316500: system.cpu: T0 : 0x1c2a2    : ld a5, -1912(s11)          : MemRead :  D=0x0000000000021000 A=0x6fe50
1317000: system.cpu: T0 : 0x1c2a6    : c_mv s2, s9                : IntAlu :  D=0x0000000000072f80
1317500: system.cpu: T0 : 0x1c2a8    : c_add a5, s5               : IntAlu :  D=0x0000000000021080
1318000: system.cpu: T0 : 0x1c2aa    : c_j 168                    : IntAlu : 
1319000: system.cpu: T0 : 0x1c352    : sub a4, a4, s2             : IntAlu :  D=0x0000000000021000
1319500: system.cpu: T0 : 0x1c356    : c_add a4, s5               : IntAlu :  D=0x0000000000021080
1320000: system.cpu: T0 : 0x1c358    : sd s2, 96(s7)              : MemWrite :  D=0x0000000000072f80 A=0x6f628
1320500: system.cpu: T0 : 0x1c35c    : ori a4, a4, 1              : IntAlu :  D=0x0000000000021081
1321000: system.cpu: T0 : 0x1c360    : sd a4, 8(s2)               : MemWrite :  D=0x0000000000021081 A=0x72f88
1321500: system.cpu: T0 : 0x1c364    : sd a5, -1912(s11)          : MemWrite :  D=0x0000000000021080 A=0x6fe50
1322000: system.cpu: T0 : 0x1c368    : beq s3, zero, -754         : IntAlu : 
1322500: system.cpu: T0 : 0x1c076    : c_lui a4, 1                : IntAlu :  D=0x0000000000001000
1323000: system.cpu: T0 : 0x1c078    : c_add a4, s0               : IntAlu :  D=0x00000000000705c8
1324000: system.cpu: T0 : 0x1c07a    : ld a3, -1904(a4)           : MemRead :  D=0x0000000000000000 A=0x6fe58
1325000: system.cpu: T0 : 0x1c07e    : bgeu a3, a5, 8             : IntAlu : 
1326000: system.cpu: T0 : 0x1c082    : sd a5, -1904(a4)           : MemWrite :  D=0x0000000000021080 A=0x6fe58
1327000: system.cpu: T0 : 0x1c086    : ld a5, 8(s2)               : MemRead :  D=0x0000000000021081 A=0x72f88
1327500: system.cpu: T0 : 0x1c08a    : c_andi a5, 18446744073709551608 : IntAlu :  D=0x0000000000021080
1328000: system.cpu: T0 : 0x1c08c    : bltu a5, s8, 298           : IntAlu : 
1328500: system.cpu: T0 : 0x1c090    : add a4, s2, s1             : IntAlu :  D=0x0000000000073210
1329000: system.cpu: T0 : 0x1c094    : c_sd a4, 96(s0)            : MemWrite :  D=0x0000000000073210 A=0x6f628
1329500: system.cpu: T0 : 0x1c096    : c_sub a5, s1               : IntAlu :  D=0x0000000000020df0
1330000: system.cpu: T0 : 0x1c098    : beq s0, s7, 8              : IntAlu : 
1330500: system.cpu: T0 : 0x1c0a0    : ori s1, s1, 1              : IntAlu :  D=0x0000000000000291
1331000: system.cpu: T0 : 0x1c0a4    : sd s1, 8(s2)               : MemWrite :  D=0x0000000000000291 A=0x72f88
1331500: system.cpu: T0 : 0x1c0a8    : ori a5, a5, 1              : IntAlu :  D=0x0000000000020df1
1332000: system.cpu: T0 : 0x1c0ac    : c_sd a5, 8(a4)             : MemWrite :  D=0x0000000000020df1 A=0x73218
1332500: system.cpu: T0 : 0x1c0ac    : c_sd a5, 8(a4)             : MemWrite :  D=0x0000000000020df1 A=0x73218
1333500: system.cpu: T0 : 0x1c0ae    : addi a0, s2, 16            : IntAlu :  D=0x0000000000072f90
1334000: system.cpu: T0 : 0x1c0b2    : c_ldsp ra, 152(sp)         : MemRead :  D=0x000000000001ccb8 A=0x7ffffffffffffad8
1334500: system.cpu: T0 : 0x1c0b4    : c_ldsp s0, 144(sp)         : MemRead :  D=0x0000000000000290 A=0x7ffffffffffffad0
1335000: system.cpu: T0 : 0x1c0b6    : c_ldsp s1, 136(sp)         : MemRead :  D=0x000000000006f5c8 A=0x7ffffffffffffac8
1335500: system.cpu: T0 : 0x1c0b8    : c_ldsp s2, 128(sp)         : MemRead :  D=0x0000000000000004 A=0x7ffffffffffffac0
1336000: system.cpu: T0 : 0x1c0ba    : c_ldsp s3, 120(sp)         : MemRead :  D=0x0000000000000280 A=0x7ffffffffffffab8
1336500: system.cpu: T0 : 0x1c0bc    : c_ldsp s4, 112(sp)         : MemRead :  D=0x0000000000000000 A=0x7ffffffffffffab0
1337000: system.cpu: T0 : 0x1c0be    : c_ldsp s5, 104(sp)         : MemRead :  D=0x0000000000000000 A=0x7ffffffffffffaa8
1337500: system.cpu: T0 : 0x1c0c0    : c_ldsp s6, 96(sp)          : MemRead :  D=0x0000000000000027 A=0x7ffffffffffffaa0
1338000: system.cpu: T0 : 0x1c0c2    : c_ldsp s7, 88(sp)          : MemRead :  D=0x000000000006f558 A=0x7ffffffffffffa98
1338500: system.cpu: T0 : 0x1c0c4    : c_ldsp s8, 80(sp)          : MemRead :  D=0x000000000006f628 A=0x7ffffffffffffa90
1339000: system.cpu: T0 : 0x1c0c6    : c_ldsp s9, 72(sp)          : MemRead :  D=0x0000000000000029 A=0x7ffffffffffffa88
1339500: system.cpu: T0 : 0x1c0c8    : c_ldsp s10, 64(sp)         : MemRead :  D=0x000000000000000a A=0x7ffffffffffffa80
1340000: system.cpu: T0 : 0x1c0ca    : c_ldsp s11, 56(sp)         : MemRead :  D=0x0000000000001000 A=0x7ffffffffffffa78
1340500: system.cpu: T0 : 0x1c0cc    : c_addi16sp sp, 160         : IntAlu :  D=0x7ffffffffffffae0
1341000: system.cpu: T0 : 0x1c0ce    : c_jr ra                    : IntAlu : 
1341500: system.cpu: T0 : 0x1ccb8    : c_mv s2, a0                : IntAlu :  D=0x0000000000072f90
1342500: system.cpu: T0 : 0x1ccba    : bne a0, zero, -672         : IntAlu : 
1343500: system.cpu: T0 : 0x1ca1a    : lw a1, -1396(gp)           : MemRead :  D=0x0000000000000000 A=0x70abc
1344500: system.cpu: T0 : 0x1ca1e    : beq a1, zero, -516         : IntAlu : 
1345000: system.cpu: T0 : 0x1c81a    : c_ldsp ra, 248(sp)         : MemRead :  D=0x000000000001d05a A=0x7ffffffffffffbd8
1345500: system.cpu: T0 : 0x1c81c    : c_ldsp s0, 240(sp)         : MemRead :  D=0x000000000006f5c8 A=0x7ffffffffffffbd0
1346000: system.cpu: T0 : 0x1c81e    : c_ldsp s1, 232(sp)         : MemRead :  D=0x000000000006f5c8 A=0x7ffffffffffffbc8
1346500: system.cpu: T0 : 0x1c820    : c_ldsp s3, 216(sp)         : MemRead :  D=0x0000000000000000 A=0x7ffffffffffffbb8
1347000: system.cpu: T0 : 0x1c822    : c_ldsp s4, 208(sp)         : MemRead :  D=0x0000000000000000 A=0x7ffffffffffffbb0
1347500: system.cpu: T0 : 0x1c824    : c_ldsp s5, 200(sp)         : MemRead :  D=0x0000000000000000 A=0x7ffffffffffffba8
1348000: system.cpu: T0 : 0x1c826    : c_ldsp s6, 192(sp)         : MemRead :  D=0x0000000000072000 A=0x7ffffffffffffba0
1348500: system.cpu: T0 : 0x1c828    : c_ldsp s7, 184(sp)         : MemRead :  D=0x0000000000000000 A=0x7ffffffffffffb98
1349000: system.cpu: T0 : 0x1c82a    : c_ldsp s8, 176(sp)         : MemRead :  D=0x0000000000000000 A=0x7ffffffffffffb90
1349500: system.cpu: T0 : 0x1c82c    : c_ldsp s9, 168(sp)         : MemRead :  D=0x0000000000000003 A=0x7ffffffffffffb88
1350000: system.cpu: T0 : 0x1c82e    : c_ldsp s10, 160(sp)        : MemRead :  D=0x0000000000000000 A=0x7ffffffffffffb80
1350500: system.cpu: T0 : 0x1c830    : c_ldsp s11, 152(sp)        : MemRead :  D=0x0000000000000000 A=0x7ffffffffffffb78
1351000: system.cpu: T0 : 0x1c832    : c_mv a0, s2                : IntAlu :  D=0x0000000000072f90
1351500: system.cpu: T0 : 0x1c834    : c_ldsp s2, 224(sp)         : MemRead :  D=0x0000000000000002 A=0x7ffffffffffffbc0
1352000: system.cpu: T0 : 0x1c836    : c_addi16sp sp, 256         : IntAlu :  D=0x7ffffffffffffbe0
1352500: system.cpu: T0 : 0x1c838    : c_jr ra                    : IntAlu : 
1353000: system.cpu: T0 : 0x1d05a    : c_mv a5, a0                : IntAlu :  D=0x0000000000072f90
1353500: system.cpu: T0 : 0x1d05c    : c_beqz a0, 70              : IntAlu : 
1354000: system.cpu: T0 : 0x1d05e    : c_li a4, 0                 : IntAlu :  D=0x0000000000000000
1354500: system.cpu: T0 : 0x1d060    : fence iorw, ow             : No_OpClass : 
1355000: system.cpu: T0 : 0x1d064    : amoswap_w a4, a4, (s0)    
1355000: system.cpu: T0 : 0x1d064. 0 : amoswap_w[l] a4, a4, (s0)  : MemRead :  D=0x0000000000000001 A=0x6f5c8
1355500: system.cpu: T0 : 0x1d068    : c_addiw a4, 0              : IntAlu :  D=0x0000000000000001
1356000: system.cpu: T0 : 0x1d06a    : c_li a3, 1                 : IntAlu :  D=0x0000000000000001
1356500: system.cpu: T0 : 0x1d06c    : blt a3, a4, 96             : IntAlu : 
1357000: system.cpu: T0 : 0x1d070    : c_ldsp s0, 16(sp)          : MemRead :  D=0x0000000000000024 A=0x7ffffffffffffbf0
1357500: system.cpu: T0 : 0x1d072    : c_ldsp ra, 24(sp)          : MemRead :  D=0x000000000001d9e0 A=0x7ffffffffffffbf8
1358000: system.cpu: T0 : 0x1d074    : c_ldsp s1, 8(sp)           : MemRead :  D=0x0000000000000001 A=0x7ffffffffffffbe8
1359000: system.cpu: T0 : 0x1d076    : sd a5, 40(tp)              : MemWrite :  D=0x0000000000072f90 A=0x72738
1360000: system.cpu: T0 : 0x1d07a    : addi a2, zero, 640         : IntAlu :  D=0x0000000000000280
1360500: system.cpu: T0 : 0x1d07e    : c_li a1, 0                 : IntAlu :  D=0x0000000000000000
1361000: system.cpu: T0 : 0x1d080    : c_mv a0, a5                : IntAlu :  D=0x0000000000072f90
1361500: system.cpu: T0 : 0x1d082    : c_addi16sp sp, 32          : IntAlu :  D=0x7ffffffffffffc00
1362000: system.cpu: T0 : 0x1d084    : jal zero, 10394            : IntAlu :  D=0x000000000001d088
1362500: system.cpu: T0 : 0x1f91e    : c_li a4, 7                 : IntAlu :  D=0x0000000000000007
1363000: system.cpu: T0 : 0x1f920    : c_mv a5, a0                : IntAlu :  D=0x0000000000072f90
1364000: system.cpu: T0 : 0x1f922    : bgeu a4, a2, 140           : IntAlu : 
1365000: system.cpu: T0 : 0x1f926    : andi a7, a1, 255           : IntAlu :  D=0x0000000000000000
1366000: system.cpu: T0 : 0x1f92a    : slli a3, a7, 8             : IntAlu :  D=0x0000000000000000
1367000: system.cpu: T0 : 0x1f92e    : or a3, a3, a7              : IntAlu :  D=0x0000000000000000
1368000: system.cpu: T0 : 0x1f932    : slli a4, a3, 16            : IntAlu :  D=0x0000000000000000
1368500: system.cpu: T0 : 0x1f936    : c_or a3, a4                : IntAlu :  D=0x0000000000000000
1369000: system.cpu: T0 : 0x1f938    : slli a4, a3, 32            : IntAlu :  D=0x0000000000000000
1369500: system.cpu: T0 : 0x1f93c    : andi a6, a0, 7             : IntAlu :  D=0x0000000000000000
1370000: system.cpu: T0 : 0x1f940    : c_or a4, a3                : IntAlu :  D=0x0000000000000000
1371000: system.cpu: T0 : 0x1f942    : beq a6, zero, 130          : IntAlu : 
1371500: system.cpu: T0 : 0x1f9c4    : c_mv a3, a2                : IntAlu :  D=0x0000000000000280
1372000: system.cpu: T0 : 0x1f9c6    : c_j -108                   : IntAlu : 
1373000: system.cpu: T0 : 0x1f95a    : srli a6, a3, 6             : IntAlu :  D=0x000000000000000a
1374000: system.cpu: T0 : 0x1f95e    : beq a6, zero, 42           : IntAlu : 
1375000: system.cpu: T0 : 0x1f962    : slli a2, a6, 6             : IntAlu :  D=0x0000000000000280
1375500: system.cpu: T0 : 0x1f966    : c_mv a7, a5                : IntAlu :  D=0x0000000000072f90
1376000: system.cpu: T0 : 0x1f968    : c_add a2, a5               : IntAlu :  D=0x0000000000073210
1376500: system.cpu: T0 : 0x1f96a    : c_sd a4, 0(a5)             : MemWrite :  D=0x0000000000000000 A=0x72f90
1377000: system.cpu: T0 : 0x1f96c    : c_sd a4, 8(a5)             : MemWrite :  D=0x0000000000000000 A=0x72f98
1377500: system.cpu: T0 : 0x1f96e    : c_sd a4, 16(a5)            : MemWrite :  D=0x0000000000000000 A=0x72fa0
1378000: system.cpu: T0 : 0x1f970    : c_sd a4, 24(a5)            : MemWrite :  D=0x0000000000000000 A=0x72fa8
1378500: system.cpu: T0 : 0x1f972    : c_sd a4, 32(a5)            : MemWrite :  D=0x0000000000000000 A=0x72fb0
1379000: system.cpu: T0 : 0x1f974    : c_sd a4, 40(a5)            : MemWrite :  D=0x0000000000000000 A=0x72fb8
1379500: system.cpu: T0 : 0x1f976    : c_sd a4, 48(a5)            : MemWrite :  D=0x0000000000000000 A=0x72fc0
1380000: system.cpu: T0 : 0x1f978    : c_sd a4, 56(a5)            : MemWrite :  D=0x0000000000000000 A=0x72fc8
1381000: system.cpu: T0 : 0x1f97a    : addi a5, a5, 64            : IntAlu :  D=0x0000000000072fd0
1382000: system.cpu: T0 : 0x1f97e    : bne a2, a5, -20            : IntAlu : 
1382500: system.cpu: T0 : 0x1f96a    : c_sd a4, 0(a5)             : MemWrite :  D=0x0000000000000000 A=0x72fd0
1383000: system.cpu: T0 : 0x1f96c    : c_sd a4, 8(a5)             : MemWrite :  D=0x0000000000000000 A=0x72fd8
1383500: system.cpu: T0 : 0x1f96e    : c_sd a4, 16(a5)            : MemWrite :  D=0x0000000000000000 A=0x72fe0
1384000: system.cpu: T0 : 0x1f970    : c_sd a4, 24(a5)            : MemWrite :  D=0x0000000000000000 A=0x72fe8
1384500: system.cpu: T0 : 0x1f972    : c_sd a4, 32(a5)            : MemWrite :  D=0x0000000000000000 A=0x72ff0
1385000: system.cpu: T0 : 0x1f974    : c_sd a4, 40(a5)            : MemWrite :  D=0x0000000000000000 A=0x72ff8
1385500: system.cpu: T0 : 0x1f976    : c_sd a4, 48(a5)            : MemWrite :  D=0x0000000000000000 A=0x73000
1386000: system.cpu: T0 : 0x1f978    : c_sd a4, 56(a5)            : MemWrite :  D=0x0000000000000000 A=0x73008
1387000: system.cpu: T0 : 0x1f97a    : addi a5, a5, 64            : IntAlu :  D=0x0000000000073010
1388000: system.cpu: T0 : 0x1f97e    : bne a2, a5, -20            : IntAlu : 
1388500: system.cpu: T0 : 0x1f96a    : c_sd a4, 0(a5)             : MemWrite :  D=0x0000000000000000 A=0x73010
1389000: system.cpu: T0 : 0x1f96c    : c_sd a4, 8(a5)             : MemWrite :  D=0x0000000000000000 A=0x73018
1389500: system.cpu: T0 : 0x1f96e    : c_sd a4, 16(a5)            : MemWrite :  D=0x0000000000000000 A=0x73020
1390000: system.cpu: T0 : 0x1f970    : c_sd a4, 24(a5)            : MemWrite :  D=0x0000000000000000 A=0x73028
1390500: system.cpu: T0 : 0x1f972    : c_sd a4, 32(a5)            : MemWrite :  D=0x0000000000000000 A=0x73030
1391000: system.cpu: T0 : 0x1f974    : c_sd a4, 40(a5)            : MemWrite :  D=0x0000000000000000 A=0x73038
1391500: system.cpu: T0 : 0x1f976    : c_sd a4, 48(a5)            : MemWrite :  D=0x0000000000000000 A=0x73040
1392000: system.cpu: T0 : 0x1f978    : c_sd a4, 56(a5)            : MemWrite :  D=0x0000000000000000 A=0x73048
1393000: system.cpu: T0 : 0x1f97a    : addi a5, a5, 64            : IntAlu :  D=0x0000000000073050
1394000: system.cpu: T0 : 0x1f97e    : bne a2, a5, -20            : IntAlu : 
1394500: system.cpu: T0 : 0x1f96a    : c_sd a4, 0(a5)             : MemWrite :  D=0x0000000000000000 A=0x73050
1395000: system.cpu: T0 : 0x1f96c    : c_sd a4, 8(a5)             : MemWrite :  D=0x0000000000000000 A=0x73058
1395500: system.cpu: T0 : 0x1f96e    : c_sd a4, 16(a5)            : MemWrite :  D=0x0000000000000000 A=0x73060
1396000: system.cpu: T0 : 0x1f970    : c_sd a4, 24(a5)            : MemWrite :  D=0x0000000000000000 A=0x73068
1396500: system.cpu: T0 : 0x1f972    : c_sd a4, 32(a5)            : MemWrite :  D=0x0000000000000000 A=0x73070
1397000: system.cpu: T0 : 0x1f974    : c_sd a4, 40(a5)            : MemWrite :  D=0x0000000000000000 A=0x73078
1397500: system.cpu: T0 : 0x1f976    : c_sd a4, 48(a5)            : MemWrite :  D=0x0000000000000000 A=0x73080
1398000: system.cpu: T0 : 0x1f978    : c_sd a4, 56(a5)            : MemWrite :  D=0x0000000000000000 A=0x73088
1399000: system.cpu: T0 : 0x1f97a    : addi a5, a5, 64            : IntAlu :  D=0x0000000000073090
1400000: system.cpu: T0 : 0x1f97e    : bne a2, a5, -20            : IntAlu : 
1400500: system.cpu: T0 : 0x1f96a    : c_sd a4, 0(a5)             : MemWrite :  D=0x0000000000000000 A=0x73090
1401000: system.cpu: T0 : 0x1f96c    : c_sd a4, 8(a5)             : MemWrite :  D=0x0000000000000000 A=0x73098
1401500: system.cpu: T0 : 0x1f96e    : c_sd a4, 16(a5)            : MemWrite :  D=0x0000000000000000 A=0x730a0
1402000: system.cpu: T0 : 0x1f970    : c_sd a4, 24(a5)            : MemWrite :  D=0x0000000000000000 A=0x730a8
1402500: system.cpu: T0 : 0x1f972    : c_sd a4, 32(a5)            : MemWrite :  D=0x0000000000000000 A=0x730b0
1403000: system.cpu: T0 : 0x1f974    : c_sd a4, 40(a5)            : MemWrite :  D=0x0000000000000000 A=0x730b8
1403500: system.cpu: T0 : 0x1f976    : c_sd a4, 48(a5)            : MemWrite :  D=0x0000000000000000 A=0x730c0
1404000: system.cpu: T0 : 0x1f978    : c_sd a4, 56(a5)            : MemWrite :  D=0x0000000000000000 A=0x730c8
1405000: system.cpu: T0 : 0x1f97a    : addi a5, a5, 64            : IntAlu :  D=0x00000000000730d0
1406000: system.cpu: T0 : 0x1f97e    : bne a2, a5, -20            : IntAlu : 
1406500: system.cpu: T0 : 0x1f96a    : c_sd a4, 0(a5)             : MemWrite :  D=0x0000000000000000 A=0x730d0
1407000: system.cpu: T0 : 0x1f96c    : c_sd a4, 8(a5)             : MemWrite :  D=0x0000000000000000 A=0x730d8
1407500: system.cpu: T0 : 0x1f96e    : c_sd a4, 16(a5)            : MemWrite :  D=0x0000000000000000 A=0x730e0
1408000: system.cpu: T0 : 0x1f970    : c_sd a4, 24(a5)            : MemWrite :  D=0x0000000000000000 A=0x730e8
1408500: system.cpu: T0 : 0x1f972    : c_sd a4, 32(a5)            : MemWrite :  D=0x0000000000000000 A=0x730f0
1409000: system.cpu: T0 : 0x1f974    : c_sd a4, 40(a5)            : MemWrite :  D=0x0000000000000000 A=0x730f8
1409500: system.cpu: T0 : 0x1f976    : c_sd a4, 48(a5)            : MemWrite :  D=0x0000000000000000 A=0x73100
1410000: system.cpu: T0 : 0x1f978    : c_sd a4, 56(a5)            : MemWrite :  D=0x0000000000000000 A=0x73108
1411000: system.cpu: T0 : 0x1f97a    : addi a5, a5, 64            : IntAlu :  D=0x0000000000073110
1412000: system.cpu: T0 : 0x1f97e    : bne a2, a5, -20            : IntAlu : 
1412500: system.cpu: T0 : 0x1f96a    : c_sd a4, 0(a5)             : MemWrite :  D=0x0000000000000000 A=0x73110
1413000: system.cpu: T0 : 0x1f96c    : c_sd a4, 8(a5)             : MemWrite :  D=0x0000000000000000 A=0x73118
1413500: system.cpu: T0 : 0x1f96e    : c_sd a4, 16(a5)            : MemWrite :  D=0x0000000000000000 A=0x73120
1414000: system.cpu: T0 : 0x1f970    : c_sd a4, 24(a5)            : MemWrite :  D=0x0000000000000000 A=0x73128
1414500: system.cpu: T0 : 0x1f972    : c_sd a4, 32(a5)            : MemWrite :  D=0x0000000000000000 A=0x73130
1415000: system.cpu: T0 : 0x1f974    : c_sd a4, 40(a5)            : MemWrite :  D=0x0000000000000000 A=0x73138
1415500: system.cpu: T0 : 0x1f976    : c_sd a4, 48(a5)            : MemWrite :  D=0x0000000000000000 A=0x73140
1416000: system.cpu: T0 : 0x1f978    : c_sd a4, 56(a5)            : MemWrite :  D=0x0000000000000000 A=0x73148
1417000: system.cpu: T0 : 0x1f97a    : addi a5, a5, 64            : IntAlu :  D=0x0000000000073150
1418000: system.cpu: T0 : 0x1f97e    : bne a2, a5, -20            : IntAlu : 
1418500: system.cpu: T0 : 0x1f96a    : c_sd a4, 0(a5)             : MemWrite :  D=0x0000000000000000 A=0x73150
1419000: system.cpu: T0 : 0x1f96c    : c_sd a4, 8(a5)             : MemWrite :  D=0x0000000000000000 A=0x73158
1419500: system.cpu: T0 : 0x1f96e    : c_sd a4, 16(a5)            : MemWrite :  D=0x0000000000000000 A=0x73160
1420000: system.cpu: T0 : 0x1f970    : c_sd a4, 24(a5)            : MemWrite :  D=0x0000000000000000 A=0x73168
1420500: system.cpu: T0 : 0x1f972    : c_sd a4, 32(a5)            : MemWrite :  D=0x0000000000000000 A=0x73170
1421000: system.cpu: T0 : 0x1f974    : c_sd a4, 40(a5)            : MemWrite :  D=0x0000000000000000 A=0x73178
1421500: system.cpu: T0 : 0x1f976    : c_sd a4, 48(a5)            : MemWrite :  D=0x0000000000000000 A=0x73180
1422000: system.cpu: T0 : 0x1f978    : c_sd a4, 56(a5)            : MemWrite :  D=0x0000000000000000 A=0x73188
1423000: system.cpu: T0 : 0x1f97a    : addi a5, a5, 64            : IntAlu :  D=0x0000000000073190
1424000: system.cpu: T0 : 0x1f97e    : bne a2, a5, -20            : IntAlu : 
1424500: system.cpu: T0 : 0x1f96a    : c_sd a4, 0(a5)             : MemWrite :  D=0x0000000000000000 A=0x73190
1425000: system.cpu: T0 : 0x1f96c    : c_sd a4, 8(a5)             : MemWrite :  D=0x0000000000000000 A=0x73198
1425500: system.cpu: T0 : 0x1f96e    : c_sd a4, 16(a5)            : MemWrite :  D=0x0000000000000000 A=0x731a0
1426000: system.cpu: T0 : 0x1f970    : c_sd a4, 24(a5)            : MemWrite :  D=0x0000000000000000 A=0x731a8
1426500: system.cpu: T0 : 0x1f972    : c_sd a4, 32(a5)            : MemWrite :  D=0x0000000000000000 A=0x731b0
1427000: system.cpu: T0 : 0x1f974    : c_sd a4, 40(a5)            : MemWrite :  D=0x0000000000000000 A=0x731b8
1427500: system.cpu: T0 : 0x1f976    : c_sd a4, 48(a5)            : MemWrite :  D=0x0000000000000000 A=0x731c0
1428000: system.cpu: T0 : 0x1f978    : c_sd a4, 56(a5)            : MemWrite :  D=0x0000000000000000 A=0x731c8
1429000: system.cpu: T0 : 0x1f97a    : addi a5, a5, 64            : IntAlu :  D=0x00000000000731d0
1430000: system.cpu: T0 : 0x1f97e    : bne a2, a5, -20            : IntAlu : 
1430500: system.cpu: T0 : 0x1f96a    : c_sd a4, 0(a5)             : MemWrite :  D=0x0000000000000000 A=0x731d0
1431000: system.cpu: T0 : 0x1f96c    : c_sd a4, 8(a5)             : MemWrite :  D=0x0000000000000000 A=0x731d8
1431500: system.cpu: T0 : 0x1f96e    : c_sd a4, 16(a5)            : MemWrite :  D=0x0000000000000000 A=0x731e0
1432000: system.cpu: T0 : 0x1f970    : c_sd a4, 24(a5)            : MemWrite :  D=0x0000000000000000 A=0x731e8
1432500: system.cpu: T0 : 0x1f972    : c_sd a4, 32(a5)            : MemWrite :  D=0x0000000000000000 A=0x731f0
1433000: system.cpu: T0 : 0x1f974    : c_sd a4, 40(a5)            : MemWrite :  D=0x0000000000000000 A=0x731f8
1433500: system.cpu: T0 : 0x1f976    : c_sd a4, 48(a5)            : MemWrite :  D=0x0000000000000000 A=0x73200
1434000: system.cpu: T0 : 0x1f978    : c_sd a4, 56(a5)            : MemWrite :  D=0x0000000000000000 A=0x73208
1435000: system.cpu: T0 : 0x1f97a    : addi a5, a5, 64            : IntAlu :  D=0x0000000000073210
1436000: system.cpu: T0 : 0x1f97e    : bne a2, a5, -20            : IntAlu : 
1437000: system.cpu: T0 : 0x1f982    : slli a5, a6, 6             : IntAlu :  D=0x0000000000000280
1437500: system.cpu: T0 : 0x1f986    : c_add a5, a7               : IntAlu :  D=0x0000000000073210
1438000: system.cpu: T0 : 0x1f988    : srli a6, a3, 3             : IntAlu :  D=0x0000000000000050
1438500: system.cpu: T0 : 0x1f98c    : andi a6, a6, 7             : IntAlu :  D=0x0000000000000000
1439000: system.cpu: T0 : 0x1f990    : beq a6, zero, 26           : IntAlu : 
1440000: system.cpu: T0 : 0x1f9aa    : andi a2, a3, 7             : IntAlu :  D=0x0000000000000000
1441000: system.cpu: T0 : 0x1f9ae    : andi a1, a1, 255           : IntAlu :  D=0x0000000000000000
1442000: system.cpu: T0 : 0x1f9b2    : add a4, a5, a2             : IntAlu :  D=0x0000000000073210
1442500: system.cpu: T0 : 0x1f9b6    : c_beqz a2, 12              : IntAlu : 
1443000: system.cpu: T0 : 0x1f9c2    : c_jr ra                    : IntAlu : 
1443500: system.cpu: T0 : 0x1d9e0    : lui a5, 111                : IntAlu :  D=0x000000000006f000
1444000: system.cpu: T0 : 0x1d9e4    : ld a5, 1448(a5)            : MemRead :  D=0x0000000000000040 A=0x6f5a8
1444500: system.cpu: T0 : 0x1d9e8    : bgeu s1, a5, -100          : IntAlu : 
1445000: system.cpu: T0 : 0x1d9ec    : ld a4, 40(tp)              : MemRead :  D=0x0000000000072f90 A=0x72738
1445500: system.cpu: T0 : 0x1d9f0    : c_beqz a4, -108            : IntAlu : 
1446500: system.cpu: T0 : 0x1d9f2    : slli a3, s1, 1             : IntAlu :  D=0x0000000000000002
1447000: system.cpu: T0 : 0x1d9f6    : c_add a3, a4               : IntAlu :  D=0x0000000000072f92
1447500: system.cpu: T0 : 0x1d9f8    : lhu a2, 0(a3)              : MemRead :  D=0x0000000000000000 A=0x72f92
1448000: system.cpu: T0 : 0x1d9fc    : c_beqz a2, -120            : IntAlu : 
1448500: system.cpu: T0 : 0x1d984    : lw a5, -1808(tp)           : MemRead :  D=0x0000000000000000 A=0x72000
1449000: system.cpu: T0 : 0x1d988    : c_bnez a5, 210             : IntAlu : 
1450000: system.cpu: T0 : 0x1d98a    : lui s1, 111                : IntAlu :  D=0x000000000006f000
1450500: system.cpu: T0 : 0x1d98e    : c_mv a1, s0                : IntAlu :  D=0x0000000000000024
1451000: system.cpu: T0 : 0x1d990    : addi a0, s1, 1480          : IntAlu :  D=0x000000000006f5c8
1451500: system.cpu: T0 : 0x1d994    : jal ra, -5228              : IntAlu :  D=0x000000000001d998
1452000: system.cpu: T0 : 0x1c528    : c_addi16sp sp, -256        : IntAlu :  D=0x7ffffffffffffb00
1452500: system.cpu: T0 : 0x1c52a    : c_sdsp ra, 248(sp)         : MemWrite :  D=0x000000000001d998 A=0x7ffffffffffffbf8
1453000: system.cpu: T0 : 0x1c52c    : c_sdsp s0, 240(sp)         : MemWrite :  D=0x0000000000000024 A=0x7ffffffffffffbf0
1453500: system.cpu: T0 : 0x1c52e    : c_sdsp s1, 232(sp)         : MemWrite :  D=0x000000000006f000 A=0x7ffffffffffffbe8
1454000: system.cpu: T0 : 0x1c530    : c_sdsp s2, 224(sp)         : MemWrite :  D=0x0000000000000002 A=0x7ffffffffffffbe0
1454500: system.cpu: T0 : 0x1c532    : c_sdsp s3, 216(sp)         : MemWrite :  D=0x0000000000000000 A=0x7ffffffffffffbd8
1455000: system.cpu: T0 : 0x1c534    : c_sdsp s4, 208(sp)         : MemWrite :  D=0x0000000000000000 A=0x7ffffffffffffbd0
1455500: system.cpu: T0 : 0x1c536    : c_sdsp s5, 200(sp)         : MemWrite :  D=0x0000000000000000 A=0x7ffffffffffffbc8
1456000: system.cpu: T0 : 0x1c538    : c_sdsp s6, 192(sp)         : MemWrite :  D=0x0000000000072000 A=0x7ffffffffffffbc0
1456500: system.cpu: T0 : 0x1c53a    : c_sdsp s7, 184(sp)         : MemWrite :  D=0x0000000000000000 A=0x7ffffffffffffbb8
1457000: system.cpu: T0 : 0x1c53c    : c_sdsp s8, 176(sp)         : MemWrite :  D=0x0000000000000000 A=0x7ffffffffffffbb0
1457500: system.cpu: T0 : 0x1c53e    : c_sdsp s9, 168(sp)         : MemWrite :  D=0x0000000000000003 A=0x7ffffffffffffba8
1458000: system.cpu: T0 : 0x1c540    : c_sdsp s10, 160(sp)        : MemWrite :  D=0x0000000000000000 A=0x7ffffffffffffba0
1458500: system.cpu: T0 : 0x1c542    : c_sdsp s11, 152(sp)        : MemWrite :  D=0x0000000000000000 A=0x7ffffffffffffb98
1459000: system.cpu: T0 : 0x1c544    : blt a1, zero, 1198         : IntAlu : 
1459500: system.cpu: T0 : 0x1c548    : addi s0, a1, 23            : IntAlu :  D=0x000000000000003b
1460000: system.cpu: T0 : 0x1c54c    : c_li a5, 31                : IntAlu :  D=0x000000000000001f
1460500: system.cpu: T0 : 0x1c54e    : c_mv s3, a1                : IntAlu :  D=0x0000000000000024
1461000: system.cpu: T0 : 0x1c550    : c_mv s1, a0                : IntAlu :  D=0x000000000006f5c8
1462000: system.cpu: T0 : 0x1c552    : bltu a5, s0, 220           : IntAlu : 
1462500: system.cpu: T0 : 0x1c62e    : c_andi s0, 18446744073709551600 : IntAlu :  D=0x0000000000000030
1463000: system.cpu: T0 : 0x1c630    : beq a0, zero, 988          : IntAlu : 
1463500: system.cpu: T0 : 0x1c634    : ld a4, -1376(gp)           : MemRead :  D=0x0000000000000080 A=0x70ad0
1464000: system.cpu: T0 : 0x1c638    : srliw s9, s0, 4            : IntAlu :  D=0x0000000000000003
1464500: system.cpu: T0 : 0x1c63c    : srliw a5, s0, 4            : IntAlu :  D=0x0000000000000003
1465000: system.cpu: T0 : 0x1c640    : bgeu a4, s0, 506           : IntAlu : 
1465500: system.cpu: T0 : 0x1c83a    : c_addiw a5, -2             : IntAlu :  D=0x0000000000000001
1466000: system.cpu: T0 : 0x1c83c    : slli a2, a5, 32            : IntAlu :  D=0x0000000100000000
1466500: system.cpu: T0 : 0x1c840    : c_srli a2, 32              : IntAlu :  D=0x0000000000000001
1467000: system.cpu: T0 : 0x1c842    : c_addi a2, 2               : IntAlu :  D=0x0000000000000003
1467500: system.cpu: T0 : 0x1c844    : c_slli a2, 3               : IntAlu :  D=0x0000000000000018
1468000: system.cpu: T0 : 0x1c846    : c_j -376                   : IntAlu : 
1468500: system.cpu: T0 : 0x1c6ce    : c_slli a5, 32              : IntAlu :  D=0x0000000100000000
1469000: system.cpu: T0 : 0x1c6d0    : c_srli a5, 29              : IntAlu :  D=0x0000000000000008
1469500: system.cpu: T0 : 0x1c6d2    : c_add a5, s1               : IntAlu :  D=0x000000000006f5d0
1470000: system.cpu: T0 : 0x1c6d4    : ld s2, 16(a5)              : MemRead :  D=0x0000000000000000 A=0x6f5e0
1470500: system.cpu: T0 : 0x1c6d8    : beq s2, zero, 170          : IntAlu : 
1471500: system.cpu: T0 : 0x1c782    : addiw a5, s9, -1           : IntAlu :  D=0x0000000000000002
1472500: system.cpu: T0 : 0x1c786    : slliw a5, a5, 1            : IntAlu :  D=0x0000000000000004
1473000: system.cpu: T0 : 0x1c78a    : c_slli a5, 32              : IntAlu :  D=0x0000000400000000
1473500: system.cpu: T0 : 0x1c78c    : c_srli a5, 32              : IntAlu :  D=0x0000000000000004
1474000: system.cpu: T0 : 0x1c78e    : c_addi a5, 14              : IntAlu :  D=0x0000000000000012
1474500: system.cpu: T0 : 0x1c790    : c_slli a5, 3               : IntAlu :  D=0x0000000000000090
1475000: system.cpu: T0 : 0x1c792    : c_j -550                   : IntAlu : 
1475500: system.cpu: T0 : 0x1c56c    : c_add a5, s1               : IntAlu :  D=0x000000000006f658
1476500: system.cpu: T0 : 0x1c56e    : ld s2, 8(a5)               : MemRead :  D=0x000000000006f648 A=0x6f660
1477500: system.cpu: T0 : 0x1c572    : addi a3, a5, -16           : IntAlu :  D=0x000000000006f648
1478500: system.cpu: T0 : 0x1c576    : beq a3, s2, 748            : IntAlu : 
1479500: system.cpu: T0 : 0x1c862    : srli t1, s0, 9             : IntAlu :  D=0x0000000000000000
1480500: system.cpu: T0 : 0x1c866    : addiw a5, t1, 91           : IntAlu :  D=0x000000000000005b
1481500: system.cpu: T0 : 0x1c86a    : srli s10, s0, 6            : IntAlu :  D=0x0000000000000000
1482000: system.cpu: T0 : 0x1c86e    : c_sdsp a5, 96(sp)          : MemWrite :  D=0x000000000000005b A=0x7ffffffffffffb60
1482500: system.cpu: T0 : 0x1c870    : addiw a5, s10, 48          : IntAlu :  D=0x0000000000000030
1483000: system.cpu: T0 : 0x1c874    : c_sdsp a5, 88(sp)          : MemWrite :  D=0x0000000000000030 A=0x7ffffffffffffb58
1484000: system.cpu: T0 : 0x1c876    : addi a5, zero, 110         : IntAlu :  D=0x000000000000006e
1484500: system.cpu: T0 : 0x1c87a    : c_sdsp a5, 112(sp)         : MemWrite :  D=0x000000000000006e A=0x7ffffffffffffb70
1485000: system.cpu: T0 : 0x1c87c    : addi a5, zero, 119         : IntAlu :  D=0x0000000000000077
1485500: system.cpu: T0 : 0x1c880    : c_sdsp a5, 104(sp)         : MemWrite :  D=0x0000000000000077 A=0x7ffffffffffffb68
1486500: system.cpu: T0 : 0x1c882    : addi a5, zero, 124         : IntAlu :  D=0x000000000000007c
1487000: system.cpu: T0 : 0x1c886    : c_sdsp s9, 8(sp)           : MemWrite :  D=0x0000000000000003 A=0x7ffffffffffffb08
1487500: system.cpu: T0 : 0x1c888    : c_sdsp a5, 120(sp)         : MemWrite :  D=0x000000000000007c A=0x7ffffffffffffb78
1488000: system.cpu: T0 : 0x1c88a    : c_sdsp zero, 128(sp)       : MemWrite :  D=0x0000000000000000 A=0x7ffffffffffffb80
1488500: system.cpu: T0 : 0x1c88c    : c_sdsp zero, 136(sp)       : MemWrite :  D=0x0000000000000000 A=0x7ffffffffffffb88
1489500: system.cpu: T0 : 0x1c88e    : ld a5, 40(tp)              : MemRead :  D=0x0000000000072f90 A=0x72738
1490500: system.cpu: T0 : 0x1c892    : addi s6, s0, -17           : IntAlu :  D=0x000000000000001f
1491500: system.cpu: T0 : 0x1c896    : srli s6, s6, 4             : IntAlu :  D=0x0000000000000001
1492000: system.cpu: T0 : 0x1c89a    : c_li s5, 0                 : IntAlu :  D=0x0000000000000000
1492500: system.cpu: T0 : 0x1c89c    : c_beqz a5, 22              : IntAlu : 
1493500: system.cpu: T0 : 0x1c89e    : lui a5, 111                : IntAlu :  D=0x000000000006f000
1494500: system.cpu: T0 : 0x1c8a2    : ld s5, 1448(a5)            : MemRead :  D=0x0000000000000040 A=0x6f5a8
1495500: system.cpu: T0 : 0x1c8a6    : sltu s5, s6, s5            : IntAlu :  D=0x0000000000000001
1496500: system.cpu: T0 : 0x1c8aa    : sub s5, zero, s5           : IntAlu :  D=0xffffffffffffffff
1497500: system.cpu: T0 : 0x1c8ae    : and s5, s0, s5             : IntAlu :  D=0x0000000000000030
1498500: system.cpu: T0 : 0x1c8b2    : lui a5, 111                : IntAlu :  D=0x000000000006f000
1499000: system.cpu: T0 : 0x1c8b6    : c_lui s11, 1               : IntAlu :  D=0x0000000000001000
1499500: system.cpu: T0 : 0x1c8b8    : lui s7, 111                : IntAlu :  D=0x000000000006f000
1500000: system.cpu: T0 : 0x1c8bc    : addi a5, a5, 1480          : IntAlu :  D=0x000000000006f5c8
1500500: system.cpu: T0 : 0x1c8c0    : addi s8, s1, 96            : IntAlu :  D=0x000000000006f628
1501000: system.cpu: T0 : 0x1c8c4    : c_li t5, 0                 : IntAlu :  D=0x0000000000000000
1502000: system.cpu: T0 : 0x1c8c6    : addi s7, s7, 1368          : IntAlu :  D=0x000000000006f558
1503000: system.cpu: T0 : 0x1c8ca    : add a7, s1, s11            : IntAlu :  D=0x00000000000705c8
1503500: system.cpu: T0 : 0x1c8ce    : c_sdsp a5, 56(sp)          : MemWrite :  D=0x000000000006f5c8 A=0x7ffffffffffffb38
1504000: system.cpu: T0 : 0x1c8d0    : c_ld a5, 120(s1)           : MemRead :  D=0x000000000006f628 A=0x6f640
1505000: system.cpu: T0 : 0x1c8d2    : beq a5, s8, 532            : IntAlu : 
1506000: system.cpu: T0 : 0x1cae6    : addi a5, zero, 1023        : IntAlu :  D=0x00000000000003ff
1507000: system.cpu: T0 : 0x1caea    : bgeu a5, s0, 38            : IntAlu : 
1507500: system.cpu: T0 : 0x1cb10    : c_ldsp a3, 8(sp)           : MemRead :  D=0x0000000000000003 A=0x7ffffffffffffb08
1508000: system.cpu: T0 : 0x1cb12    : c_li a0, 4                 : IntAlu :  D=0x0000000000000004
1508500: system.cpu: T0 : 0x1cb14    : addiw a5, a3, 1            : IntAlu :  D=0x0000000000000004
1509000: system.cpu: T0 : 0x1cb18    : srliw a4, a5, 5            : IntAlu :  D=0x0000000000000000
1509500: system.cpu: T0 : 0x1cb1c    : slliw a3, a3, 1            : IntAlu :  D=0x0000000000000006
1510000: system.cpu: T0 : 0x1cb20    : addi a4, a4, 536           : IntAlu :  D=0x0000000000000218
1510500: system.cpu: T0 : 0x1cb24    : c_slli a3, 32              : IntAlu :  D=0x0000000600000000
1511000: system.cpu: T0 : 0x1cb26    : c_slli a4, 2               : IntAlu :  D=0x0000000000000860
1511500: system.cpu: T0 : 0x1cb28    : c_srli a3, 32              : IntAlu :  D=0x0000000000000006
1512000: system.cpu: T0 : 0x1cb2a    : c_add a4, s1               : IntAlu :  D=0x000000000006fe28
1512500: system.cpu: T0 : 0x1cb2c    : c_slli a3, 3               : IntAlu :  D=0x0000000000000030
1513000: system.cpu: T0 : 0x1cb2e    : c_lw a2, 0(a4)             : MemRead :  D=0x0000000000000000 A=0x6fe28
1513500: system.cpu: T0 : 0x1cb30    : addi a3, a3, 96            : IntAlu :  D=0x0000000000000090
1514000: system.cpu: T0 : 0x1cb34    : c_li a4, 1                 : IntAlu :  D=0x0000000000000001
1515000: system.cpu: T0 : 0x1cb36    : srliw s2, a5, 5            : IntAlu :  D=0x0000000000000000
1515500: system.cpu: T0 : 0x1cb3a    : c_add a3, s1               : IntAlu :  D=0x000000000006f658
1516000: system.cpu: T0 : 0x1cb3c    : sllw a5, a4, a5            : IntAlu :  D=0x0000000000000010
1516500: system.cpu: T0 : 0x1cb40    : bltu a2, a5, 144           : IntAlu : 
1517000: system.cpu: T0 : 0x1cbd0    : addiw a5, s2, 1            : IntAlu :  D=0x0000000000000001
1517500: system.cpu: T0 : 0x1cbd4    : addiw s2, a5, 0            : IntAlu :  D=0x0000000000000001
1518000: system.cpu: T0 : 0x1cbd8    : bne s2, a0, -26            : IntAlu : 
1518500: system.cpu: T0 : 0x1cbbe    : c_slli a5, 32              : IntAlu :  D=0x0000000100000000
1519000: system.cpu: T0 : 0x1cbc0    : c_srli a5, 32              : IntAlu :  D=0x0000000000000001
1520000: system.cpu: T0 : 0x1cbc2    : addi a5, a5, 536           : IntAlu :  D=0x0000000000000219
1520500: system.cpu: T0 : 0x1cbc6    : c_slli a5, 2               : IntAlu :  D=0x0000000000000864
1521000: system.cpu: T0 : 0x1cbc8    : c_add a5, s1               : IntAlu :  D=0x000000000006fe2c
1521500: system.cpu: T0 : 0x1cbca    : c_lw a2, 0(a5)             : MemRead :  D=0x0000000000000000 A=0x6fe2c
1522000: system.cpu: T0 : 0x1cbcc    : bne a2, zero, 384          : IntAlu : 
1522500: system.cpu: T0 : 0x1cbd0    : addiw a5, s2, 1            : IntAlu :  D=0x0000000000000002
1523000: system.cpu: T0 : 0x1cbd4    : addiw s2, a5, 0            : IntAlu :  D=0x0000000000000002
1523500: system.cpu: T0 : 0x1cbd8    : bne s2, a0, -26            : IntAlu : 
1524000: system.cpu: T0 : 0x1cbbe    : c_slli a5, 32              : IntAlu :  D=0x0000000200000000
1524500: system.cpu: T0 : 0x1cbc0    : c_srli a5, 32              : IntAlu :  D=0x0000000000000002
1525500: system.cpu: T0 : 0x1cbc2    : addi a5, a5, 536           : IntAlu :  D=0x000000000000021a
1526000: system.cpu: T0 : 0x1cbc6    : c_slli a5, 2               : IntAlu :  D=0x0000000000000868
1526500: system.cpu: T0 : 0x1cbc8    : c_add a5, s1               : IntAlu :  D=0x000000000006fe30
1527000: system.cpu: T0 : 0x1cbca    : c_lw a2, 0(a5)             : MemRead :  D=0x0000000000000000 A=0x6fe30
1527500: system.cpu: T0 : 0x1cbcc    : bne a2, zero, 384          : IntAlu : 
1528000: system.cpu: T0 : 0x1cbd0    : addiw a5, s2, 1            : IntAlu :  D=0x0000000000000003
1528500: system.cpu: T0 : 0x1cbd4    : addiw s2, a5, 0            : IntAlu :  D=0x0000000000000003
1529000: system.cpu: T0 : 0x1cbd8    : bne s2, a0, -26            : IntAlu : 
1529500: system.cpu: T0 : 0x1cbbe    : c_slli a5, 32              : IntAlu :  D=0x0000000300000000
1530000: system.cpu: T0 : 0x1cbc0    : c_srli a5, 32              : IntAlu :  D=0x0000000000000003
1531000: system.cpu: T0 : 0x1cbc2    : addi a5, a5, 536           : IntAlu :  D=0x000000000000021b
1531500: system.cpu: T0 : 0x1cbc6    : c_slli a5, 2               : IntAlu :  D=0x000000000000086c
1532000: system.cpu: T0 : 0x1cbc8    : c_add a5, s1               : IntAlu :  D=0x000000000006fe34
1532500: system.cpu: T0 : 0x1cbca    : c_lw a2, 0(a5)             : MemRead :  D=0x0000000000000000 A=0x6fe34
1533000: system.cpu: T0 : 0x1cbcc    : bne a2, zero, 384          : IntAlu : 
1533500: system.cpu: T0 : 0x1cbd0    : addiw a5, s2, 1            : IntAlu :  D=0x0000000000000004
1534000: system.cpu: T0 : 0x1cbd4    : addiw s2, a5, 0            : IntAlu :  D=0x0000000000000004
1534500: system.cpu: T0 : 0x1cbd8    : bne s2, a0, -26            : IntAlu : 
1535000: system.cpu: T0 : 0x1cbdc    : c_ld a4, 96(s1)            : MemRead :  D=0x0000000000073210 A=0x6f628
1536000: system.cpu: T0 : 0x1cbde    : ld a3, -1912(a7)           : MemRead :  D=0x0000000000021080 A=0x6fe50
1536500: system.cpu: T0 : 0x1cbe2    : c_ld a5, 8(a4)             : MemRead :  D=0x0000000000020df1 A=0x73218
1537000: system.cpu: T0 : 0x1cbe4    : c_andi a5, 18446744073709551608 : IntAlu :  D=0x0000000000020df0
1538000: system.cpu: T0 : 0x1cbe6    : bltu a3, a5, 548           : IntAlu : 
1539000: system.cpu: T0 : 0x1cbea    : addi a3, s0, 32            : IntAlu :  D=0x0000000000000050
1540000: system.cpu: T0 : 0x1cbee    : bgeu a5, a3, 640           : IntAlu : 
1541000: system.cpu: T0 : 0x1ce6e    : add a0, a4, s0             : IntAlu :  D=0x0000000000073240
1542000: system.cpu: T0 : 0x1ce72    : lui a2, 111                : IntAlu :  D=0x000000000006f000
1542500: system.cpu: T0 : 0x1ce76    : c_sd a0, 96(s1)            : MemWrite :  D=0x0000000000073240 A=0x6f628
1543000: system.cpu: T0 : 0x1ce78    : addi a2, a2, 1480          : IntAlu :  D=0x000000000006f5c8
1543500: system.cpu: T0 : 0x1ce7c    : c_sub a5, s0               : IntAlu :  D=0x0000000000020dc0
1544000: system.cpu: T0 : 0x1ce7e    : c_li a3, 4                 : IntAlu :  D=0x0000000000000004
1544500: system.cpu: T0 : 0x1ce80    : beq s1, a2, 116            : IntAlu : 
1545000: system.cpu: T0 : 0x1cef4    : c_li a3, 0                 : IntAlu :  D=0x0000000000000000
1545500: system.cpu: T0 : 0x1cef6    : c_j -114                   : IntAlu : 
1546000: system.cpu: T0 : 0x1ce84    : c_or a3, s0                : IntAlu :  D=0x0000000000000030
1547000: system.cpu: T0 : 0x1ce86    : ori a3, a3, 1              : IntAlu :  D=0x0000000000000031
1548000: system.cpu: T0 : 0x1ce8a    : lw a1, -1396(gp)           : MemRead :  D=0x0000000000000000 A=0x70abc
1548500: system.cpu: T0 : 0x1ce8e    : c_sd a3, 8(a4)             : MemWrite :  D=0x0000000000000031 A=0x73218
1549000: system.cpu: T0 : 0x1ce90    : ori a5, a5, 1              : IntAlu :  D=0x0000000000020dc1
1549500: system.cpu: T0 : 0x1ce94    : c_sd a5, 8(a0)             : MemWrite :  D=0x0000000000020dc1 A=0x73248
1550500: system.cpu: T0 : 0x1ce96    : addi s2, a4, 16            : IntAlu :  D=0x0000000000073220
1551500: system.cpu: T0 : 0x1ce9a    : beq a1, zero, -1664        : IntAlu : 
1552000: system.cpu: T0 : 0x1c81a    : c_ldsp ra, 248(sp)         : MemRead :  D=0x000000000001d998 A=0x7ffffffffffffbf8
1552500: system.cpu: T0 : 0x1c81c    : c_ldsp s0, 240(sp)         : MemRead :  D=0x0000000000000024 A=0x7ffffffffffffbf0
1553000: system.cpu: T0 : 0x1c81e    : c_ldsp s1, 232(sp)         : MemRead :  D=0x000000000006f000 A=0x7ffffffffffffbe8
1553500: system.cpu: T0 : 0x1c820    : c_ldsp s3, 216(sp)         : MemRead :  D=0x0000000000000000 A=0x7ffffffffffffbd8
1554000: system.cpu: T0 : 0x1c822    : c_ldsp s4, 208(sp)         : MemRead :  D=0x0000000000000000 A=0x7ffffffffffffbd0
1554500: system.cpu: T0 : 0x1c824    : c_ldsp s5, 200(sp)         : MemRead :  D=0x0000000000000000 A=0x7ffffffffffffbc8
1555000: system.cpu: T0 : 0x1c826    : c_ldsp s6, 192(sp)         : MemRead :  D=0x0000000000072000 A=0x7ffffffffffffbc0
1555500: system.cpu: T0 : 0x1c828    : c_ldsp s7, 184(sp)         : MemRead :  D=0x0000000000000000 A=0x7ffffffffffffbb8
1556000: system.cpu: T0 : 0x1c82a    : c_ldsp s8, 176(sp)         : MemRead :  D=0x0000000000000000 A=0x7ffffffffffffbb0
1556500: system.cpu: T0 : 0x1c82c    : c_ldsp s9, 168(sp)         : MemRead :  D=0x0000000000000003 A=0x7ffffffffffffba8
1557000: system.cpu: T0 : 0x1c82e    : c_ldsp s10, 160(sp)        : MemRead :  D=0x0000000000000000 A=0x7ffffffffffffba0
1557500: system.cpu: T0 : 0x1c830    : c_ldsp s11, 152(sp)        : MemRead :  D=0x0000000000000000 A=0x7ffffffffffffb98
1558000: system.cpu: T0 : 0x1c832    : c_mv a0, s2                : IntAlu :  D=0x0000000000073220
1558500: system.cpu: T0 : 0x1c834    : c_ldsp s2, 224(sp)         : MemRead :  D=0x0000000000000002 A=0x7ffffffffffffbe0
1559000: system.cpu: T0 : 0x1c836    : c_addi16sp sp, 256         : IntAlu :  D=0x7ffffffffffffc00
1559500: system.cpu: T0 : 0x1c838    : c_jr ra                    : IntAlu : 
1560000: system.cpu: T0 : 0x1d998    : c_mv a5, a0                : IntAlu :  D=0x0000000000073220
1560500: system.cpu: T0 : 0x1d99a    : c_beqz a0, 150             : IntAlu : 
1561000: system.cpu: T0 : 0x1d99c    : ld a4, -8(a0)              : MemRead :  D=0x0000000000000031 A=0x73218
1561500: system.cpu: T0 : 0x1d9a0    : andi a3, a4, 2             : IntAlu :  D=0x0000000000000000
1562000: system.cpu: T0 : 0x1d9a4    : c_bnez a3, 26              : IntAlu : 
1562500: system.cpu: T0 : 0x1d9a6    : c_andi a4, 4               : IntAlu :  D=0x0000000000000000
1563000: system.cpu: T0 : 0x1d9a8    : c_beqz a4, 22              : IntAlu : 
1563500: system.cpu: T0 : 0x1d9be    : c_ldsp ra, 24(sp)          : MemRead :  D=0x000000000003da22 A=0x7ffffffffffffc18
1564000: system.cpu: T0 : 0x1d9c0    : c_ldsp s0, 16(sp)          : MemRead :  D=0x7ffffffffffffcf0 A=0x7ffffffffffffc10
1564500: system.cpu: T0 : 0x1d9c2    : c_ldsp s1, 8(sp)           : MemRead :  D=0x7ffffffffffffc20 A=0x7ffffffffffffc08
1565000: system.cpu: T0 : 0x1d9c4    : c_ldsp s2, 0(sp)           : MemRead :  D=0x0000000000000002 A=0x7ffffffffffffc00
1565500: system.cpu: T0 : 0x1d9c6    : c_mv a0, a5                : IntAlu :  D=0x0000000000073220
1566000: system.cpu: T0 : 0x1d9c8    : c_addi16sp sp, 32          : IntAlu :  D=0x7ffffffffffffc20
1566500: system.cpu: T0 : 0x1d9ca    : c_jr ra                    : IntAlu : 
1567000: system.cpu: T0 : 0x3da22    : c_mv s6, a0                : IntAlu :  D=0x0000000000073220
1567500: system.cpu: T0 : 0x3da24    : addi a5, s9, 1             : IntAlu :  D=0x0000000000000004
1568000: system.cpu: T0 : 0x3da28    : c_bnez a0, 64              : IntAlu : 
1568500: system.cpu: T0 : 0x3da68    : c_ld a1, 0(s1)             : MemRead :  D=0x0000000000061e00 A=0x7ffffffffffffc20
1569500: system.cpu: T0 : 0x3da6a    : addi a0, a0, 32            : IntAlu :  D=0x0000000000073240
1570500: system.cpu: T0 : 0x3da6e    : sd a5, 8(s6)               : MemWrite :  D=0x0000000000000004 A=0x73228
1571500: system.cpu: T0 : 0x3da72    : sd a0, 0(s6)               : MemWrite :  D=0x0000000000073240 A=0x73220
1572500: system.cpu: T0 : 0x3da76    : sd a0, 16(s6)              : MemWrite :  D=0x0000000000073240 A=0x73230
1573500: system.cpu: T0 : 0x3da7a    : sd zero, 24(s6)            : MemWrite :  D=0x0000000000000000 A=0x73238
1574000: system.cpu: T0 : 0x3da7e    : c_mv a2, s9                : IntAlu :  D=0x0000000000000003
1574500: system.cpu: T0 : 0x3da80    : jal ra, -123064            : IntAlu :  D=0x000000000003da84
1575000: system.cpu: T0 : 0x1f9c8    : c_addi sp, -16             : IntAlu :  D=0x7ffffffffffffc10
1575500: system.cpu: T0 : 0x1f9ca    : c_sdsp s0, 0(sp)           : MemWrite :  D=0x7ffffffffffffcf0 A=0x7ffffffffffffc10
1576000: system.cpu: T0 : 0x1f9cc    : c_sdsp ra, 8(sp)           : MemWrite :  D=0x000000000003da84 A=0x7ffffffffffffc18
1576500: system.cpu: T0 : 0x1f9ce    : c_mv s0, a2                : IntAlu :  D=0x0000000000000003
1577000: system.cpu: T0 : 0x1f9d0    : jal ra, 112                : IntAlu :  D=0x000000000001f9d4
1577500: system.cpu: T0 : 0x1fa40    : c_addi16sp sp, -48         : IntAlu :  D=0x7ffffffffffffbe0
1578000: system.cpu: T0 : 0x1fa42    : c_sdsp s0, 32(sp)          : MemWrite :  D=0x0000000000000003 A=0x7ffffffffffffc00
1578500: system.cpu: T0 : 0x1fa44    : c_sdsp s2, 16(sp)          : MemWrite :  D=0x0000000000000002 A=0x7ffffffffffffbf0
1579000: system.cpu: T0 : 0x1fa46    : c_sdsp ra, 40(sp)          : MemWrite :  D=0x000000000001f9d4 A=0x7ffffffffffffc08
1579500: system.cpu: T0 : 0x1fa48    : c_sdsp s1, 24(sp)          : MemWrite :  D=0x7ffffffffffffc20 A=0x7ffffffffffffbf8
1580000: system.cpu: T0 : 0x1fa4a    : c_sdsp s3, 8(sp)           : MemWrite :  D=0x0000000000000000 A=0x7ffffffffffffbe8
1580500: system.cpu: T0 : 0x1fa4c    : c_li a5, 15                : IntAlu :  D=0x000000000000000f
1581000: system.cpu: T0 : 0x1fa4e    : c_mv s2, a0                : IntAlu :  D=0x0000000000073240
1581500: system.cpu: T0 : 0x1fa50    : c_mv a4, a0                : IntAlu :  D=0x0000000000073240
1582000: system.cpu: T0 : 0x1fa52    : c_mv s0, a1                : IntAlu :  D=0x0000000000061e00
1582500: system.cpu: T0 : 0x1fa54    : bgeu a5, a2, 72            : IntAlu : 
1583000: system.cpu: T0 : 0x1fa9c    : c_addi a4, -1              : IntAlu :  D=0x000000000007323f
1583500: system.cpu: T0 : 0x1fa9e    : c_mv a5, s0                : IntAlu :  D=0x0000000000061e00
1584000: system.cpu: T0 : 0x1faa0    : add a1, a2, s0             : IntAlu :  D=0x0000000000061e03
1584500: system.cpu: T0 : 0x1faa4    : c_sub a4, s0               : IntAlu :  D=0x000000000001143f
1585000: system.cpu: T0 : 0x1faa6    : c_beqz a2, 20              : IntAlu : 
1585500: system.cpu: T0 : 0x1faa8    : lbu a2, 0(a5)              : MemRead :  D=0x0000000000000074 A=0x61e00
1586000: system.cpu: T0 : 0x1faac    : c_addi a5, 1               : IntAlu :  D=0x0000000000061e01
1587000: system.cpu: T0 : 0x1faae    : add a3, a4, a5             : IntAlu :  D=0x0000000000073240
1588000: system.cpu: T0 : 0x1fab2    : sb a2, 0(a3)               : MemWrite :  D=0x0000000000000074 A=0x73240
1589000: system.cpu: T0 : 0x1fab6    : bne a1, a5, -14            : IntAlu : 
1589500: system.cpu: T0 : 0x1faa8    : lbu a2, 0(a5)              : MemRead :  D=0x000000000000006c A=0x61e01
1590000: system.cpu: T0 : 0x1faac    : c_addi a5, 1               : IntAlu :  D=0x0000000000061e02
1591000: system.cpu: T0 : 0x1faae    : add a3, a4, a5             : IntAlu :  D=0x0000000000073241
1592000: system.cpu: T0 : 0x1fab2    : sb a2, 0(a3)               : MemWrite :  D=0x000000000000006c A=0x73241
1593000: system.cpu: T0 : 0x1fab6    : bne a1, a5, -14            : IntAlu : 
1593500: system.cpu: T0 : 0x1faa8    : lbu a2, 0(a5)              : MemRead :  D=0x0000000000000073 A=0x61e02
1594000: system.cpu: T0 : 0x1faac    : c_addi a5, 1               : IntAlu :  D=0x0000000000061e03
1595000: system.cpu: T0 : 0x1faae    : add a3, a4, a5             : IntAlu :  D=0x0000000000073242
1596000: system.cpu: T0 : 0x1fab2    : sb a2, 0(a3)               : MemWrite :  D=0x0000000000000073 A=0x73242
1597000: system.cpu: T0 : 0x1fab6    : bne a1, a5, -14            : IntAlu : 
1597500: system.cpu: T0 : 0x1faba    : c_ldsp ra, 40(sp)          : MemRead :  D=0x000000000001f9d4 A=0x7ffffffffffffc08
1598000: system.cpu: T0 : 0x1fabc    : c_ldsp s0, 32(sp)          : MemRead :  D=0x0000000000000003 A=0x7ffffffffffffc00
1598500: system.cpu: T0 : 0x1fabe    : c_ldsp s1, 24(sp)          : MemRead :  D=0x7ffffffffffffc20 A=0x7ffffffffffffbf8
1599000: system.cpu: T0 : 0x1fac0    : c_ldsp s3, 8(sp)           : MemRead :  D=0x0000000000000000 A=0x7ffffffffffffbe8
1599500: system.cpu: T0 : 0x1fac2    : c_mv a0, s2                : IntAlu :  D=0x0000000000073240
1600000: system.cpu: T0 : 0x1fac4    : c_ldsp s2, 16(sp)          : MemRead :  D=0x0000000000000002 A=0x7ffffffffffffbf0
1600500: system.cpu: T0 : 0x1fac6    : c_addi16sp sp, 48          : IntAlu :  D=0x7ffffffffffffc10
1601000: system.cpu: T0 : 0x1fac8    : c_jr ra                    : IntAlu : 
1601500: system.cpu: T0 : 0x1f9d4    : c_ldsp ra, 8(sp)           : MemRead :  D=0x000000000003da84 A=0x7ffffffffffffc18
1602000: system.cpu: T0 : 0x1f9d6    : c_add a0, s0               : IntAlu :  D=0x0000000000073243
1602500: system.cpu: T0 : 0x1f9d8    : c_ldsp s0, 0(sp)           : MemRead :  D=0x7ffffffffffffcf0 A=0x7ffffffffffffc10
1603000: system.cpu: T0 : 0x1f9da    : c_addi sp, 16              : IntAlu :  D=0x7ffffffffffffc20
1603500: system.cpu: T0 : 0x1f9dc    : c_jr ra                    : IntAlu : 
1604000: system.cpu: T0 : 0x3da84    : ld a4, -136(s0)            : MemRead :  D=0x000000000006efd0 A=0x7ffffffffffffc68
1604500: system.cpu: T0 : 0x3da88    : addi a5, zero, 47          : IntAlu :  D=0x000000000000002f
1605000: system.cpu: T0 : 0x3da8c    : sb a5, 0(a0)               : MemWrite :  D=0x000000000000002f A=0x73243
1605500: system.cpu: T0 : 0x3da90    : sd s2, 0(a4)               : MemWrite :  D=0x0000000000000002 A=0x6efd0
1606000: system.cpu: T0 : 0x3da94    : ld a5, 8(s6)               : MemRead :  D=0x0000000000000004 A=0x73228
1606500: system.cpu: T0 : 0x3da98    : ld a4, -160(s0)            : MemRead :  D=0x000000000006efc8 A=0x7ffffffffffffc50
1607000: system.cpu: T0 : 0x3da9c    : c_sd a5, 0(a4)             : MemWrite :  D=0x0000000000000004 A=0x6efc8
1607500: system.cpu: T0 : 0x3da9e    : c_j -178                   : IntAlu : 
1608000: system.cpu: T0 : 0x3d9ec    : addi sp, s0, -192          : IntAlu :  D=0x7ffffffffffffc30
1608500: system.cpu: T0 : 0x3d9f0    : c_ldsp ra, 184(sp)         : MemRead :  D=0x000000000003af5c A=0x7ffffffffffffce8
1609000: system.cpu: T0 : 0x3d9f2    : c_mv a0, s6                : IntAlu :  D=0x0000000000073220
1609500: system.cpu: T0 : 0x3d9f4    : c_ldsp s0, 176(sp)         : MemRead :  D=0x7ffffffffffffd30 A=0x7ffffffffffffce0
1610000: system.cpu: T0 : 0x3d9f6    : c_ldsp s1, 168(sp)         : MemRead :  D=0x000000000006fe60 A=0x7ffffffffffffcd8
1610500: system.cpu: T0 : 0x3d9f8    : c_ldsp s2, 160(sp)         : MemRead :  D=0x0000000000000000 A=0x7ffffffffffffcd0
1611000: system.cpu: T0 : 0x3d9fa    : c_ldsp s3, 152(sp)         : MemRead :  D=0x000000000006efc0 A=0x7ffffffffffffcc8
1611500: system.cpu: T0 : 0x3d9fc    : c_ldsp s4, 144(sp)         : MemRead :  D=0x0000000000070000 A=0x7ffffffffffffcc0
1612000: system.cpu: T0 : 0x3d9fe    : c_ldsp s5, 136(sp)         : MemRead :  D=0x0000000000072000 A=0x7ffffffffffffcb8
1612500: system.cpu: T0 : 0x3da00    : c_ldsp s6, 128(sp)         : MemRead :  D=0x0000000000072000 A=0x7ffffffffffffcb0
1613000: system.cpu: T0 : 0x3da02    : c_ldsp s7, 120(sp)         : MemRead :  D=0x0000000000000000 A=0x7ffffffffffffca8
1613500: system.cpu: T0 : 0x3da04    : c_ldsp s8, 112(sp)         : MemRead :  D=0x0000000000000000 A=0x7ffffffffffffca0
1614000: system.cpu: T0 : 0x3da06    : c_ldsp s9, 104(sp)         : MemRead :  D=0x0000000000000000 A=0x7ffffffffffffc98
1614500: system.cpu: T0 : 0x3da08    : c_ldsp s10, 96(sp)         : MemRead :  D=0x0000000000000000 A=0x7ffffffffffffc90
1615000: system.cpu: T0 : 0x3da0a    : c_ldsp s11, 88(sp)         : MemRead :  D=0x0000000000000000 A=0x7ffffffffffffc88
1615500: system.cpu: T0 : 0x3da0c    : c_addi16sp sp, 192         : IntAlu :  D=0x7ffffffffffffcf0
1616000: system.cpu: T0 : 0x3da0e    : c_jr ra                    : IntAlu : 
1616500: system.cpu: T0 : 0x3af5c    : c_mv a5, a0                : IntAlu :  D=0x0000000000073220
1617500: system.cpu: T0 : 0x3af5e    : addi a0, zero, 40          : IntAlu :  D=0x0000000000000028
1618500: system.cpu: T0 : 0x3af62    : sd a5, 24(s3)              : MemWrite :  D=0x0000000000073220 A=0x6efd8
1619500: system.cpu: T0 : 0x3af66    : jal ra, -120344            : IntAlu :  D=0x000000000003af6a
1620500: system.cpu: T0 : 0x1d94e    : ld t1, -1848(gp)           : MemRead :  D=0x0000000000000000 A=0x708f8
1621500: system.cpu: T0 : 0x1d952    : bne t1, zero, 260          : IntAlu : 
1622000: system.cpu: T0 : 0x1d956    : c_addi sp, -32             : IntAlu :  D=0x7ffffffffffffcd0
1622500: system.cpu: T0 : 0x1d958    : c_sdsp s0, 16(sp)          : MemWrite :  D=0x7ffffffffffffd30 A=0x7ffffffffffffce0
1623000: system.cpu: T0 : 0x1d95a    : c_sdsp ra, 24(sp)          : MemWrite :  D=0x000000000003af6a A=0x7ffffffffffffce8
1623500: system.cpu: T0 : 0x1d95c    : c_sdsp s1, 8(sp)           : MemWrite :  D=0x000000000006fe60 A=0x7ffffffffffffcd8
1624000: system.cpu: T0 : 0x1d95e    : c_sdsp s2, 0(sp)           : MemWrite :  D=0x0000000000000000 A=0x7ffffffffffffcd0
1624500: system.cpu: T0 : 0x1d960    : c_mv s0, a0                : IntAlu :  D=0x0000000000000028
1625500: system.cpu: T0 : 0x1d962    : blt a0, zero, 222          : IntAlu : 
1626500: system.cpu: T0 : 0x1d966    : addi a5, a0, 23            : IntAlu :  D=0x000000000000003f
1627000: system.cpu: T0 : 0x1d96a    : c_li a4, 31                : IntAlu :  D=0x000000000000001f
1627500: system.cpu: T0 : 0x1d96c    : c_li s1, 0                 : IntAlu :  D=0x0000000000000000
1628500: system.cpu: T0 : 0x1d96e    : bltu a4, a5, 94            : IntAlu : 
1629000: system.cpu: T0 : 0x1d9cc    : c_andi a5, 18446744073709551600 : IntAlu :  D=0x0000000000000030
1629500: system.cpu: T0 : 0x1d9ce    : c_addi a5, -17             : IntAlu :  D=0x000000000000001f
1630000: system.cpu: T0 : 0x1d9d0    : srli s1, a5, 4             : IntAlu :  D=0x0000000000000001
1630500: system.cpu: T0 : 0x1d9d4    : c_j -98                    : IntAlu : 
1631500: system.cpu: T0 : 0x1d972    : ld a4, 40(tp)              : MemRead :  D=0x0000000000072f90 A=0x72738
1632000: system.cpu: T0 : 0x1d976    : c_beqz a4, 96              : IntAlu : 
1632500: system.cpu: T0 : 0x1d978    : lui a5, 111                : IntAlu :  D=0x000000000006f000
1633000: system.cpu: T0 : 0x1d97c    : ld a5, 1448(a5)            : MemRead :  D=0x0000000000000040 A=0x6f5a8
1633500: system.cpu: T0 : 0x1d980    : bltu s1, a5, 114           : IntAlu : 
1634500: system.cpu: T0 : 0x1d9f2    : slli a3, s1, 1             : IntAlu :  D=0x0000000000000002
1635000: system.cpu: T0 : 0x1d9f6    : c_add a3, a4               : IntAlu :  D=0x0000000000072f92
1635500: system.cpu: T0 : 0x1d9f8    : lhu a2, 0(a3)              : MemRead :  D=0x0000000000000000 A=0x72f92
1636000: system.cpu: T0 : 0x1d9fc    : c_beqz a2, -120            : IntAlu : 
1636500: system.cpu: T0 : 0x1d984    : lw a5, -1808(tp)           : MemRead :  D=0x0000000000000000 A=0x72000
1637000: system.cpu: T0 : 0x1d988    : c_bnez a5, 210             : IntAlu : 
1638000: system.cpu: T0 : 0x1d98a    : lui s1, 111                : IntAlu :  D=0x000000000006f000
1638500: system.cpu: T0 : 0x1d98e    : c_mv a1, s0                : IntAlu :  D=0x0000000000000028
1639000: system.cpu: T0 : 0x1d990    : addi a0, s1, 1480          : IntAlu :  D=0x000000000006f5c8
1639500: system.cpu: T0 : 0x1d994    : jal ra, -5228              : IntAlu :  D=0x000000000001d998
1640000: system.cpu: T0 : 0x1c528    : c_addi16sp sp, -256        : IntAlu :  D=0x7ffffffffffffbd0
1640500: system.cpu: T0 : 0x1c52a    : c_sdsp ra, 248(sp)         : MemWrite :  D=0x000000000001d998 A=0x7ffffffffffffcc8
1641000: system.cpu: T0 : 0x1c52c    : c_sdsp s0, 240(sp)         : MemWrite :  D=0x0000000000000028 A=0x7ffffffffffffcc0
1641500: system.cpu: T0 : 0x1c52e    : c_sdsp s1, 232(sp)         : MemWrite :  D=0x000000000006f000 A=0x7ffffffffffffcb8
1642000: system.cpu: T0 : 0x1c530    : c_sdsp s2, 224(sp)         : MemWrite :  D=0x0000000000000000 A=0x7ffffffffffffcb0
1642500: system.cpu: T0 : 0x1c532    : c_sdsp s3, 216(sp)         : MemWrite :  D=0x000000000006efc0 A=0x7ffffffffffffca8
1643000: system.cpu: T0 : 0x1c534    : c_sdsp s4, 208(sp)         : MemWrite :  D=0x0000000000070000 A=0x7ffffffffffffca0
1643500: system.cpu: T0 : 0x1c536    : c_sdsp s5, 200(sp)         : MemWrite :  D=0x0000000000072000 A=0x7ffffffffffffc98
1644000: system.cpu: T0 : 0x1c538    : c_sdsp s6, 192(sp)         : MemWrite :  D=0x0000000000072000 A=0x7ffffffffffffc90
1644500: system.cpu: T0 : 0x1c53a    : c_sdsp s7, 184(sp)         : MemWrite :  D=0x0000000000000000 A=0x7ffffffffffffc88
1645000: system.cpu: T0 : 0x1c53c    : c_sdsp s8, 176(sp)         : MemWrite :  D=0x0000000000000000 A=0x7ffffffffffffc80
1645500: system.cpu: T0 : 0x1c53e    : c_sdsp s9, 168(sp)         : MemWrite :  D=0x0000000000000000 A=0x7ffffffffffffc78
1646000: system.cpu: T0 : 0x1c540    : c_sdsp s10, 160(sp)        : MemWrite :  D=0x0000000000000000 A=0x7ffffffffffffc70
1646500: system.cpu: T0 : 0x1c542    : c_sdsp s11, 152(sp)        : MemWrite :  D=0x0000000000000000 A=0x7ffffffffffffc68
1647000: system.cpu: T0 : 0x1c544    : blt a1, zero, 1198         : IntAlu : 
1647500: system.cpu: T0 : 0x1c548    : addi s0, a1, 23            : IntAlu :  D=0x000000000000003f
1648000: system.cpu: T0 : 0x1c54c    : c_li a5, 31                : IntAlu :  D=0x000000000000001f
1648500: system.cpu: T0 : 0x1c54e    : c_mv s3, a1                : IntAlu :  D=0x0000000000000028
1649000: system.cpu: T0 : 0x1c550    : c_mv s1, a0                : IntAlu :  D=0x000000000006f5c8
1650000: system.cpu: T0 : 0x1c552    : bltu a5, s0, 220           : IntAlu : 
1650500: system.cpu: T0 : 0x1c62e    : c_andi s0, 18446744073709551600 : IntAlu :  D=0x0000000000000030
1651000: system.cpu: T0 : 0x1c630    : beq a0, zero, 988          : IntAlu : 
1651500: system.cpu: T0 : 0x1c634    : ld a4, -1376(gp)           : MemRead :  D=0x0000000000000080 A=0x70ad0
1652000: system.cpu: T0 : 0x1c638    : srliw s9, s0, 4            : IntAlu :  D=0x0000000000000003
1652500: system.cpu: T0 : 0x1c63c    : srliw a5, s0, 4            : IntAlu :  D=0x0000000000000003
1653000: system.cpu: T0 : 0x1c640    : bgeu a4, s0, 506           : IntAlu : 
1653500: system.cpu: T0 : 0x1c83a    : c_addiw a5, -2             : IntAlu :  D=0x0000000000000001
1654000: system.cpu: T0 : 0x1c83c    : slli a2, a5, 32            : IntAlu :  D=0x0000000100000000
1654500: system.cpu: T0 : 0x1c840    : c_srli a2, 32              : IntAlu :  D=0x0000000000000001
1655000: system.cpu: T0 : 0x1c842    : c_addi a2, 2               : IntAlu :  D=0x0000000000000003
1655500: system.cpu: T0 : 0x1c844    : c_slli a2, 3               : IntAlu :  D=0x0000000000000018
1656000: system.cpu: T0 : 0x1c846    : c_j -376                   : IntAlu : 
1656500: system.cpu: T0 : 0x1c6ce    : c_slli a5, 32              : IntAlu :  D=0x0000000100000000
1657000: system.cpu: T0 : 0x1c6d0    : c_srli a5, 29              : IntAlu :  D=0x0000000000000008
1657500: system.cpu: T0 : 0x1c6d2    : c_add a5, s1               : IntAlu :  D=0x000000000006f5d0
1658000: system.cpu: T0 : 0x1c6d4    : ld s2, 16(a5)              : MemRead :  D=0x0000000000000000 A=0x6f5e0
1658500: system.cpu: T0 : 0x1c6d8    : beq s2, zero, 170          : IntAlu : 
1659500: system.cpu: T0 : 0x1c782    : addiw a5, s9, -1           : IntAlu :  D=0x0000000000000002
1660500: system.cpu: T0 : 0x1c786    : slliw a5, a5, 1            : IntAlu :  D=0x0000000000000004
1661000: system.cpu: T0 : 0x1c78a    : c_slli a5, 32              : IntAlu :  D=0x0000000400000000
1661500: system.cpu: T0 : 0x1c78c    : c_srli a5, 32              : IntAlu :  D=0x0000000000000004
1662000: system.cpu: T0 : 0x1c78e    : c_addi a5, 14              : IntAlu :  D=0x0000000000000012
1662500: system.cpu: T0 : 0x1c790    : c_slli a5, 3               : IntAlu :  D=0x0000000000000090
1663000: system.cpu: T0 : 0x1c792    : c_j -550                   : IntAlu : 
1663500: system.cpu: T0 : 0x1c56c    : c_add a5, s1               : IntAlu :  D=0x000000000006f658
1664500: system.cpu: T0 : 0x1c56e    : ld s2, 8(a5)               : MemRead :  D=0x000000000006f648 A=0x6f660
1665500: system.cpu: T0 : 0x1c572    : addi a3, a5, -16           : IntAlu :  D=0x000000000006f648
1666500: system.cpu: T0 : 0x1c576    : beq a3, s2, 748            : IntAlu : 
1667500: system.cpu: T0 : 0x1c862    : srli t1, s0, 9             : IntAlu :  D=0x0000000000000000
1668500: system.cpu: T0 : 0x1c866    : addiw a5, t1, 91           : IntAlu :  D=0x000000000000005b
1669500: system.cpu: T0 : 0x1c86a    : srli s10, s0, 6            : IntAlu :  D=0x0000000000000000
1670000: system.cpu: T0 : 0x1c86e    : c_sdsp a5, 96(sp)          : MemWrite :  D=0x000000000000005b A=0x7ffffffffffffc30
1670500: system.cpu: T0 : 0x1c870    : addiw a5, s10, 48          : IntAlu :  D=0x0000000000000030
1671000: system.cpu: T0 : 0x1c874    : c_sdsp a5, 88(sp)          : MemWrite :  D=0x0000000000000030 A=0x7ffffffffffffc28
1672000: system.cpu: T0 : 0x1c876    : addi a5, zero, 110         : IntAlu :  D=0x000000000000006e
1672500: system.cpu: T0 : 0x1c87a    : c_sdsp a5, 112(sp)         : MemWrite :  D=0x000000000000006e A=0x7ffffffffffffc40
1673000: system.cpu: T0 : 0x1c87c    : addi a5, zero, 119         : IntAlu :  D=0x0000000000000077
1673500: system.cpu: T0 : 0x1c880    : c_sdsp a5, 104(sp)         : MemWrite :  D=0x0000000000000077 A=0x7ffffffffffffc38
1674500: system.cpu: T0 : 0x1c882    : addi a5, zero, 124         : IntAlu :  D=0x000000000000007c
1675000: system.cpu: T0 : 0x1c886    : c_sdsp s9, 8(sp)           : MemWrite :  D=0x0000000000000003 A=0x7ffffffffffffbd8
1675500: system.cpu: T0 : 0x1c888    : c_sdsp a5, 120(sp)         : MemWrite :  D=0x000000000000007c A=0x7ffffffffffffc48
1676000: system.cpu: T0 : 0x1c88a    : c_sdsp zero, 128(sp)       : MemWrite :  D=0x0000000000000000 A=0x7ffffffffffffc50
1676500: system.cpu: T0 : 0x1c88c    : c_sdsp zero, 136(sp)       : MemWrite :  D=0x0000000000000000 A=0x7ffffffffffffc58
1677500: system.cpu: T0 : 0x1c88e    : ld a5, 40(tp)              : MemRead :  D=0x0000000000072f90 A=0x72738
1678500: system.cpu: T0 : 0x1c892    : addi s6, s0, -17           : IntAlu :  D=0x000000000000001f
1679500: system.cpu: T0 : 0x1c896    : srli s6, s6, 4             : IntAlu :  D=0x0000000000000001
1680000: system.cpu: T0 : 0x1c89a    : c_li s5, 0                 : IntAlu :  D=0x0000000000000000
1680500: system.cpu: T0 : 0x1c89c    : c_beqz a5, 22              : IntAlu : 
1681500: system.cpu: T0 : 0x1c89e    : lui a5, 111                : IntAlu :  D=0x000000000006f000
1682500: system.cpu: T0 : 0x1c8a2    : ld s5, 1448(a5)            : MemRead :  D=0x0000000000000040 A=0x6f5a8
1683500: system.cpu: T0 : 0x1c8a6    : sltu s5, s6, s5            : IntAlu :  D=0x0000000000000001
1684500: system.cpu: T0 : 0x1c8aa    : sub s5, zero, s5           : IntAlu :  D=0xffffffffffffffff
1685500: system.cpu: T0 : 0x1c8ae    : and s5, s0, s5             : IntAlu :  D=0x0000000000000030
1686500: system.cpu: T0 : 0x1c8b2    : lui a5, 111                : IntAlu :  D=0x000000000006f000
1687000: system.cpu: T0 : 0x1c8b6    : c_lui s11, 1               : IntAlu :  D=0x0000000000001000
1687500: system.cpu: T0 : 0x1c8b8    : lui s7, 111                : IntAlu :  D=0x000000000006f000
1688000: system.cpu: T0 : 0x1c8bc    : addi a5, a5, 1480          : IntAlu :  D=0x000000000006f5c8
1688500: system.cpu: T0 : 0x1c8c0    : addi s8, s1, 96            : IntAlu :  D=0x000000000006f628
1689000: system.cpu: T0 : 0x1c8c4    : c_li t5, 0                 : IntAlu :  D=0x0000000000000000
1690000: system.cpu: T0 : 0x1c8c6    : addi s7, s7, 1368          : IntAlu :  D=0x000000000006f558
1691000: system.cpu: T0 : 0x1c8ca    : add a7, s1, s11            : IntAlu :  D=0x00000000000705c8
1691500: system.cpu: T0 : 0x1c8ce    : c_sdsp a5, 56(sp)          : MemWrite :  D=0x000000000006f5c8 A=0x7ffffffffffffc08
1692000: system.cpu: T0 : 0x1c8d0    : c_ld a5, 120(s1)           : MemRead :  D=0x000000000006f628 A=0x6f640
1693000: system.cpu: T0 : 0x1c8d2    : beq a5, s8, 532            : IntAlu : 
1694000: system.cpu: T0 : 0x1cae6    : addi a5, zero, 1023        : IntAlu :  D=0x00000000000003ff
1695000: system.cpu: T0 : 0x1caea    : bgeu a5, s0, 38            : IntAlu : 
1695500: system.cpu: T0 : 0x1cb10    : c_ldsp a3, 8(sp)           : MemRead :  D=0x0000000000000003 A=0x7ffffffffffffbd8
1696000: system.cpu: T0 : 0x1cb12    : c_li a0, 4                 : IntAlu :  D=0x0000000000000004
1696500: system.cpu: T0 : 0x1cb14    : addiw a5, a3, 1            : IntAlu :  D=0x0000000000000004
1697000: system.cpu: T0 : 0x1cb18    : srliw a4, a5, 5            : IntAlu :  D=0x0000000000000000
1697500: system.cpu: T0 : 0x1cb1c    : slliw a3, a3, 1            : IntAlu :  D=0x0000000000000006
1698000: system.cpu: T0 : 0x1cb20    : addi a4, a4, 536           : IntAlu :  D=0x0000000000000218
1698500: system.cpu: T0 : 0x1cb24    : c_slli a3, 32              : IntAlu :  D=0x0000000600000000
1699000: system.cpu: T0 : 0x1cb26    : c_slli a4, 2               : IntAlu :  D=0x0000000000000860
1699500: system.cpu: T0 : 0x1cb28    : c_srli a3, 32              : IntAlu :  D=0x0000000000000006
1700000: system.cpu: T0 : 0x1cb2a    : c_add a4, s1               : IntAlu :  D=0x000000000006fe28
1700500: system.cpu: T0 : 0x1cb2c    : c_slli a3, 3               : IntAlu :  D=0x0000000000000030
1701000: system.cpu: T0 : 0x1cb2e    : c_lw a2, 0(a4)             : MemRead :  D=0x0000000000000000 A=0x6fe28
1701500: system.cpu: T0 : 0x1cb30    : addi a3, a3, 96            : IntAlu :  D=0x0000000000000090
1702000: system.cpu: T0 : 0x1cb34    : c_li a4, 1                 : IntAlu :  D=0x0000000000000001
1703000: system.cpu: T0 : 0x1cb36    : srliw s2, a5, 5            : IntAlu :  D=0x0000000000000000
1703500: system.cpu: T0 : 0x1cb3a    : c_add a3, s1               : IntAlu :  D=0x000000000006f658
1704000: system.cpu: T0 : 0x1cb3c    : sllw a5, a4, a5            : IntAlu :  D=0x0000000000000010
1704500: system.cpu: T0 : 0x1cb40    : bltu a2, a5, 144           : IntAlu : 
1705000: system.cpu: T0 : 0x1cbd0    : addiw a5, s2, 1            : IntAlu :  D=0x0000000000000001
1705500: system.cpu: T0 : 0x1cbd4    : addiw s2, a5, 0            : IntAlu :  D=0x0000000000000001
1706000: system.cpu: T0 : 0x1cbd8    : bne s2, a0, -26            : IntAlu : 
1706500: system.cpu: T0 : 0x1cbbe    : c_slli a5, 32              : IntAlu :  D=0x0000000100000000
1707000: system.cpu: T0 : 0x1cbc0    : c_srli a5, 32              : IntAlu :  D=0x0000000000000001
1708000: system.cpu: T0 : 0x1cbc2    : addi a5, a5, 536           : IntAlu :  D=0x0000000000000219
1708500: system.cpu: T0 : 0x1cbc6    : c_slli a5, 2               : IntAlu :  D=0x0000000000000864
1709000: system.cpu: T0 : 0x1cbc8    : c_add a5, s1               : IntAlu :  D=0x000000000006fe2c
1709500: system.cpu: T0 : 0x1cbca    : c_lw a2, 0(a5)             : MemRead :  D=0x0000000000000000 A=0x6fe2c
1710000: system.cpu: T0 : 0x1cbcc    : bne a2, zero, 384          : IntAlu : 
1710500: system.cpu: T0 : 0x1cbd0    : addiw a5, s2, 1            : IntAlu :  D=0x0000000000000002
1711000: system.cpu: T0 : 0x1cbd4    : addiw s2, a5, 0            : IntAlu :  D=0x0000000000000002
1711500: system.cpu: T0 : 0x1cbd8    : bne s2, a0, -26            : IntAlu : 
1712000: system.cpu: T0 : 0x1cbbe    : c_slli a5, 32              : IntAlu :  D=0x0000000200000000
1712500: system.cpu: T0 : 0x1cbc0    : c_srli a5, 32              : IntAlu :  D=0x0000000000000002
1713500: system.cpu: T0 : 0x1cbc2    : addi a5, a5, 536           : IntAlu :  D=0x000000000000021a
1714000: system.cpu: T0 : 0x1cbc6    : c_slli a5, 2               : IntAlu :  D=0x0000000000000868
1714500: system.cpu: T0 : 0x1cbc8    : c_add a5, s1               : IntAlu :  D=0x000000000006fe30
1715000: system.cpu: T0 : 0x1cbca    : c_lw a2, 0(a5)             : MemRead :  D=0x0000000000000000 A=0x6fe30
1715500: system.cpu: T0 : 0x1cbcc    : bne a2, zero, 384          : IntAlu : 
1716000: system.cpu: T0 : 0x1cbd0    : addiw a5, s2, 1            : IntAlu :  D=0x0000000000000003
1716500: system.cpu: T0 : 0x1cbd4    : addiw s2, a5, 0            : IntAlu :  D=0x0000000000000003
1717000: system.cpu: T0 : 0x1cbd8    : bne s2, a0, -26            : IntAlu : 
1717500: system.cpu: T0 : 0x1cbbe    : c_slli a5, 32              : IntAlu :  D=0x0000000300000000
1718000: system.cpu: T0 : 0x1cbc0    : c_srli a5, 32              : IntAlu :  D=0x0000000000000003
1719000: system.cpu: T0 : 0x1cbc2    : addi a5, a5, 536           : IntAlu :  D=0x000000000000021b
1719500: system.cpu: T0 : 0x1cbc6    : c_slli a5, 2               : IntAlu :  D=0x000000000000086c
1720000: system.cpu: T0 : 0x1cbc8    : c_add a5, s1               : IntAlu :  D=0x000000000006fe34
1720500: system.cpu: T0 : 0x1cbca    : c_lw a2, 0(a5)             : MemRead :  D=0x0000000000000000 A=0x6fe34
1721000: system.cpu: T0 : 0x1cbcc    : bne a2, zero, 384          : IntAlu : 
1721500: system.cpu: T0 : 0x1cbd0    : addiw a5, s2, 1            : IntAlu :  D=0x0000000000000004
1722000: system.cpu: T0 : 0x1cbd4    : addiw s2, a5, 0            : IntAlu :  D=0x0000000000000004
1722500: system.cpu: T0 : 0x1cbd8    : bne s2, a0, -26            : IntAlu : 
1723000: system.cpu: T0 : 0x1cbdc    : c_ld a4, 96(s1)            : MemRead :  D=0x0000000000073240 A=0x6f628
1724000: system.cpu: T0 : 0x1cbde    : ld a3, -1912(a7)           : MemRead :  D=0x0000000000021080 A=0x6fe50
1724500: system.cpu: T0 : 0x1cbe2    : c_ld a5, 8(a4)             : MemRead :  D=0x0000000000020dc1 A=0x73248
1725000: system.cpu: T0 : 0x1cbe4    : c_andi a5, 18446744073709551608 : IntAlu :  D=0x0000000000020dc0
1726000: system.cpu: T0 : 0x1cbe6    : bltu a3, a5, 548           : IntAlu : 
1727000: system.cpu: T0 : 0x1cbea    : addi a3, s0, 32            : IntAlu :  D=0x0000000000000050
1728000: system.cpu: T0 : 0x1cbee    : bgeu a5, a3, 640           : IntAlu : 
1729000: system.cpu: T0 : 0x1ce6e    : add a0, a4, s0             : IntAlu :  D=0x0000000000073270
1730000: system.cpu: T0 : 0x1ce72    : lui a2, 111                : IntAlu :  D=0x000000000006f000
1730500: system.cpu: T0 : 0x1ce76    : c_sd a0, 96(s1)            : MemWrite :  D=0x0000000000073270 A=0x6f628
1731000: system.cpu: T0 : 0x1ce78    : addi a2, a2, 1480          : IntAlu :  D=0x000000000006f5c8
1731500: system.cpu: T0 : 0x1ce7c    : c_sub a5, s0               : IntAlu :  D=0x0000000000020d90
1732000: system.cpu: T0 : 0x1ce7e    : c_li a3, 4                 : IntAlu :  D=0x0000000000000004
1732500: system.cpu: T0 : 0x1ce80    : beq s1, a2, 116            : IntAlu : 
1733000: system.cpu: T0 : 0x1cef4    : c_li a3, 0                 : IntAlu :  D=0x0000000000000000
1733500: system.cpu: T0 : 0x1cef6    : c_j -114                   : IntAlu : 
1734000: system.cpu: T0 : 0x1ce84    : c_or a3, s0                : IntAlu :  D=0x0000000000000030
1735000: system.cpu: T0 : 0x1ce86    : ori a3, a3, 1              : IntAlu :  D=0x0000000000000031
1736000: system.cpu: T0 : 0x1ce8a    : lw a1, -1396(gp)           : MemRead :  D=0x0000000000000000 A=0x70abc
1736500: system.cpu: T0 : 0x1ce8e    : c_sd a3, 8(a4)             : MemWrite :  D=0x0000000000000031 A=0x73248
1737000: system.cpu: T0 : 0x1ce90    : ori a5, a5, 1              : IntAlu :  D=0x0000000000020d91
1737500: system.cpu: T0 : 0x1ce94    : c_sd a5, 8(a0)             : MemWrite :  D=0x0000000000020d91 A=0x73278
1738500: system.cpu: T0 : 0x1ce96    : addi s2, a4, 16            : IntAlu :  D=0x0000000000073250
1739500: system.cpu: T0 : 0x1ce9a    : beq a1, zero, -1664        : IntAlu : 
1740000: system.cpu: T0 : 0x1c81a    : c_ldsp ra, 248(sp)         : MemRead :  D=0x000000000001d998 A=0x7ffffffffffffcc8
1740500: system.cpu: T0 : 0x1c81c    : c_ldsp s0, 240(sp)         : MemRead :  D=0x0000000000000028 A=0x7ffffffffffffcc0
1741000: system.cpu: T0 : 0x1c81e    : c_ldsp s1, 232(sp)         : MemRead :  D=0x000000000006f000 A=0x7ffffffffffffcb8
1741500: system.cpu: T0 : 0x1c820    : c_ldsp s3, 216(sp)         : MemRead :  D=0x000000000006efc0 A=0x7ffffffffffffca8
1742000: system.cpu: T0 : 0x1c822    : c_ldsp s4, 208(sp)         : MemRead :  D=0x0000000000070000 A=0x7ffffffffffffca0
1742500: system.cpu: T0 : 0x1c824    : c_ldsp s5, 200(sp)         : MemRead :  D=0x0000000000072000 A=0x7ffffffffffffc98
1743000: system.cpu: T0 : 0x1c826    : c_ldsp s6, 192(sp)         : MemRead :  D=0x0000000000072000 A=0x7ffffffffffffc90
1743500: system.cpu: T0 : 0x1c828    : c_ldsp s7, 184(sp)         : MemRead :  D=0x0000000000000000 A=0x7ffffffffffffc88
1744000: system.cpu: T0 : 0x1c82a    : c_ldsp s8, 176(sp)         : MemRead :  D=0x0000000000000000 A=0x7ffffffffffffc80
1744500: system.cpu: T0 : 0x1c82c    : c_ldsp s9, 168(sp)         : MemRead :  D=0x0000000000000000 A=0x7ffffffffffffc78
1745000: system.cpu: T0 : 0x1c82e    : c_ldsp s10, 160(sp)        : MemRead :  D=0x0000000000000000 A=0x7ffffffffffffc70
1745500: system.cpu: T0 : 0x1c830    : c_ldsp s11, 152(sp)        : MemRead :  D=0x0000000000000000 A=0x7ffffffffffffc68
1746000: system.cpu: T0 : 0x1c832    : c_mv a0, s2                : IntAlu :  D=0x0000000000073250
1746500: system.cpu: T0 : 0x1c834    : c_ldsp s2, 224(sp)         : MemRead :  D=0x0000000000000000 A=0x7ffffffffffffcb0
1747000: system.cpu: T0 : 0x1c836    : c_addi16sp sp, 256         : IntAlu :  D=0x7ffffffffffffcd0
1747500: system.cpu: T0 : 0x1c838    : c_jr ra                    : IntAlu : 
1748000: system.cpu: T0 : 0x1d998    : c_mv a5, a0                : IntAlu :  D=0x0000000000073250
1748500: system.cpu: T0 : 0x1d99a    : c_beqz a0, 150             : IntAlu : 
1749000: system.cpu: T0 : 0x1d99c    : ld a4, -8(a0)              : MemRead :  D=0x0000000000000031 A=0x73248
1749500: system.cpu: T0 : 0x1d9a0    : andi a3, a4, 2             : IntAlu :  D=0x0000000000000000
1750000: system.cpu: T0 : 0x1d9a4    : c_bnez a3, 26              : IntAlu : 
1750500: system.cpu: T0 : 0x1d9a6    : c_andi a4, 4               : IntAlu :  D=0x0000000000000000
1751000: system.cpu: T0 : 0x1d9a8    : c_beqz a4, 22              : IntAlu : 
1751500: system.cpu: T0 : 0x1d9be    : c_ldsp ra, 24(sp)          : MemRead :  D=0x000000000003af6a A=0x7ffffffffffffce8
1752000: system.cpu: T0 : 0x1d9c0    : c_ldsp s0, 16(sp)          : MemRead :  D=0x7ffffffffffffd30 A=0x7ffffffffffffce0
1752500: system.cpu: T0 : 0x1d9c2    : c_ldsp s1, 8(sp)           : MemRead :  D=0x000000000006fe60 A=0x7ffffffffffffcd8
1753000: system.cpu: T0 : 0x1d9c4    : c_ldsp s2, 0(sp)           : MemRead :  D=0x0000000000000000 A=0x7ffffffffffffcd0
1753500: system.cpu: T0 : 0x1d9c6    : c_mv a0, a5                : IntAlu :  D=0x0000000000073250
1754000: system.cpu: T0 : 0x1d9c8    : c_addi16sp sp, 32          : IntAlu :  D=0x7ffffffffffffcf0
1754500: system.cpu: T0 : 0x1d9ca    : c_jr ra                    : IntAlu : 
1755500: system.cpu: T0 : 0x3af6a    : sd a0, 32(s3)              : MemWrite :  D=0x0000000000073250 A=0x6efe0
1756500: system.cpu: T0 : 0x3af6e    : beq a0, zero, 382          : IntAlu : 
1757500: system.cpu: T0 : 0x3af72    : ld s1, 16(s3)              : MemRead :  D=0x0000000000000002 A=0x6efd0
1758500: system.cpu: T0 : 0x3af76    : addi a7, zero, 40          : IntAlu :  D=0x0000000000000028
1759000: system.cpu: T0 : 0x3af7a    : c_mv s5, a0                : IntAlu :  D=0x0000000000073250
1759500: system.cpu: T0 : 0x3af7c    : slli s4, s1, 2             : IntAlu :  D=0x0000000000000008
1760000: system.cpu: T0 : 0x3af80    : addi s4, s4, 79            : IntAlu :  D=0x0000000000000057
1760500: system.cpu: T0 : 0x3af84    : divu s4, s4, a7            : IntDiv :  D=0x0000000000000002
1761000: system.cpu: T0 : 0x3af88    : slli a7, s4, 2             : IntAlu :  D=0x0000000000000008
1761500: system.cpu: T0 : 0x3af8c    : c_add s4, a7               : IntAlu :  D=0x000000000000000a
1762500: system.cpu: T0 : 0x3af8e    : slli a0, s4, 5             : IntAlu :  D=0x0000000000000140
1763500: system.cpu: T0 : 0x3af92    : jal ra, -120388            : IntAlu :  D=0x000000000003af96
1764500: system.cpu: T0 : 0x1d94e    : ld t1, -1848(gp)           : MemRead :  D=0x0000000000000000 A=0x708f8
1765500: system.cpu: T0 : 0x1d952    : bne t1, zero, 260          : IntAlu : 
1766000: system.cpu: T0 : 0x1d956    : c_addi sp, -32             : IntAlu :  D=0x7ffffffffffffcd0
1766500: system.cpu: T0 : 0x1d958    : c_sdsp s0, 16(sp)          : MemWrite :  D=0x7ffffffffffffd30 A=0x7ffffffffffffce0
1767000: system.cpu: T0 : 0x1d95a    : c_sdsp ra, 24(sp)          : MemWrite :  D=0x000000000003af96 A=0x7ffffffffffffce8
1767500: system.cpu: T0 : 0x1d95c    : c_sdsp s1, 8(sp)           : MemWrite :  D=0x0000000000000002 A=0x7ffffffffffffcd8
1768000: system.cpu: T0 : 0x1d95e    : c_sdsp s2, 0(sp)           : MemWrite :  D=0x0000000000000000 A=0x7ffffffffffffcd0
1768500: system.cpu: T0 : 0x1d960    : c_mv s0, a0                : IntAlu :  D=0x0000000000000140
1769500: system.cpu: T0 : 0x1d962    : blt a0, zero, 222          : IntAlu : 
1770500: system.cpu: T0 : 0x1d966    : addi a5, a0, 23            : IntAlu :  D=0x0000000000000157
1771000: system.cpu: T0 : 0x1d96a    : c_li a4, 31                : IntAlu :  D=0x000000000000001f
1771500: system.cpu: T0 : 0x1d96c    : c_li s1, 0                 : IntAlu :  D=0x0000000000000000
1772500: system.cpu: T0 : 0x1d96e    : bltu a4, a5, 94            : IntAlu : 
1773000: system.cpu: T0 : 0x1d9cc    : c_andi a5, 18446744073709551600 : IntAlu :  D=0x0000000000000150
1773500: system.cpu: T0 : 0x1d9ce    : c_addi a5, -17             : IntAlu :  D=0x000000000000013f
1774000: system.cpu: T0 : 0x1d9d0    : srli s1, a5, 4             : IntAlu :  D=0x0000000000000013
1774500: system.cpu: T0 : 0x1d9d4    : c_j -98                    : IntAlu : 
1775500: system.cpu: T0 : 0x1d972    : ld a4, 40(tp)              : MemRead :  D=0x0000000000072f90 A=0x72738
1776000: system.cpu: T0 : 0x1d976    : c_beqz a4, 96              : IntAlu : 
1776500: system.cpu: T0 : 0x1d978    : lui a5, 111                : IntAlu :  D=0x000000000006f000
1777000: system.cpu: T0 : 0x1d97c    : ld a5, 1448(a5)            : MemRead :  D=0x0000000000000040 A=0x6f5a8
1777500: system.cpu: T0 : 0x1d980    : bltu s1, a5, 114           : IntAlu : 
1778500: system.cpu: T0 : 0x1d9f2    : slli a3, s1, 1             : IntAlu :  D=0x0000000000000026
1779000: system.cpu: T0 : 0x1d9f6    : c_add a3, a4               : IntAlu :  D=0x0000000000072fb6
1779500: system.cpu: T0 : 0x1d9f8    : lhu a2, 0(a3)              : MemRead :  D=0x0000000000000000 A=0x72fb6
1780000: system.cpu: T0 : 0x1d9fc    : c_beqz a2, -120            : IntAlu : 
1780500: system.cpu: T0 : 0x1d984    : lw a5, -1808(tp)           : MemRead :  D=0x0000000000000000 A=0x72000
1781000: system.cpu: T0 : 0x1d988    : c_bnez a5, 210             : IntAlu : 
1782000: system.cpu: T0 : 0x1d98a    : lui s1, 111                : IntAlu :  D=0x000000000006f000
1782500: system.cpu: T0 : 0x1d98e    : c_mv a1, s0                : IntAlu :  D=0x0000000000000140
1783000: system.cpu: T0 : 0x1d990    : addi a0, s1, 1480          : IntAlu :  D=0x000000000006f5c8
1783500: system.cpu: T0 : 0x1d994    : jal ra, -5228              : IntAlu :  D=0x000000000001d998
1784000: system.cpu: T0 : 0x1c528    : c_addi16sp sp, -256        : IntAlu :  D=0x7ffffffffffffbd0
1784500: system.cpu: T0 : 0x1c52a    : c_sdsp ra, 248(sp)         : MemWrite :  D=0x000000000001d998 A=0x7ffffffffffffcc8
1785000: system.cpu: T0 : 0x1c52c    : c_sdsp s0, 240(sp)         : MemWrite :  D=0x0000000000000140 A=0x7ffffffffffffcc0
1785500: system.cpu: T0 : 0x1c52e    : c_sdsp s1, 232(sp)         : MemWrite :  D=0x000000000006f000 A=0x7ffffffffffffcb8
1786000: system.cpu: T0 : 0x1c530    : c_sdsp s2, 224(sp)         : MemWrite :  D=0x0000000000000000 A=0x7ffffffffffffcb0
1786500: system.cpu: T0 : 0x1c532    : c_sdsp s3, 216(sp)         : MemWrite :  D=0x000000000006efc0 A=0x7ffffffffffffca8
1787000: system.cpu: T0 : 0x1c534    : c_sdsp s4, 208(sp)         : MemWrite :  D=0x000000000000000a A=0x7ffffffffffffca0
1787500: system.cpu: T0 : 0x1c536    : c_sdsp s5, 200(sp)         : MemWrite :  D=0x0000000000073250 A=0x7ffffffffffffc98
1788000: system.cpu: T0 : 0x1c538    : c_sdsp s6, 192(sp)         : MemWrite :  D=0x0000000000072000 A=0x7ffffffffffffc90
1788500: system.cpu: T0 : 0x1c53a    : c_sdsp s7, 184(sp)         : MemWrite :  D=0x0000000000000000 A=0x7ffffffffffffc88
1789000: system.cpu: T0 : 0x1c53c    : c_sdsp s8, 176(sp)         : MemWrite :  D=0x0000000000000000 A=0x7ffffffffffffc80
1789500: system.cpu: T0 : 0x1c53e    : c_sdsp s9, 168(sp)         : MemWrite :  D=0x0000000000000000 A=0x7ffffffffffffc78
1790000: system.cpu: T0 : 0x1c540    : c_sdsp s10, 160(sp)        : MemWrite :  D=0x0000000000000000 A=0x7ffffffffffffc70
1790500: system.cpu: T0 : 0x1c542    : c_sdsp s11, 152(sp)        : MemWrite :  D=0x0000000000000000 A=0x7ffffffffffffc68
1791000: system.cpu: T0 : 0x1c544    : blt a1, zero, 1198         : IntAlu : 
1791500: system.cpu: T0 : 0x1c548    : addi s0, a1, 23            : IntAlu :  D=0x0000000000000157
1792000: system.cpu: T0 : 0x1c54c    : c_li a5, 31                : IntAlu :  D=0x000000000000001f
1792500: system.cpu: T0 : 0x1c54e    : c_mv s3, a1                : IntAlu :  D=0x0000000000000140
1793000: system.cpu: T0 : 0x1c550    : c_mv s1, a0                : IntAlu :  D=0x000000000006f5c8
1794000: system.cpu: T0 : 0x1c552    : bltu a5, s0, 220           : IntAlu : 
1794500: system.cpu: T0 : 0x1c62e    : c_andi s0, 18446744073709551600 : IntAlu :  D=0x0000000000000150
1795000: system.cpu: T0 : 0x1c630    : beq a0, zero, 988          : IntAlu : 
1795500: system.cpu: T0 : 0x1c634    : ld a4, -1376(gp)           : MemRead :  D=0x0000000000000080 A=0x70ad0
1796000: system.cpu: T0 : 0x1c638    : srliw s9, s0, 4            : IntAlu :  D=0x0000000000000015
1796500: system.cpu: T0 : 0x1c63c    : srliw a5, s0, 4            : IntAlu :  D=0x0000000000000015
1797000: system.cpu: T0 : 0x1c640    : bgeu a4, s0, 506           : IntAlu : 
1797500: system.cpu: T0 : 0x1c644    : addi a4, zero, 1023        : IntAlu :  D=0x00000000000003ff
1798000: system.cpu: T0 : 0x1c648    : bgeu a4, s0, 1722          : IntAlu : 
1798500: system.cpu: T0 : 0x1cd02    : c_addiw a5, -1             : IntAlu :  D=0x0000000000000014
1799000: system.cpu: T0 : 0x1cd04    : c_j -1406                  : IntAlu : 
1800000: system.cpu: T0 : 0x1c786    : slliw a5, a5, 1            : IntAlu :  D=0x0000000000000028
1800500: system.cpu: T0 : 0x1c78a    : c_slli a5, 32              : IntAlu :  D=0x0000002800000000
1801000: system.cpu: T0 : 0x1c78c    : c_srli a5, 32              : IntAlu :  D=0x0000000000000028
1801500: system.cpu: T0 : 0x1c78e    : c_addi a5, 14              : IntAlu :  D=0x0000000000000036
1802000: system.cpu: T0 : 0x1c790    : c_slli a5, 3               : IntAlu :  D=0x00000000000001b0
1802500: system.cpu: T0 : 0x1c792    : c_j -550                   : IntAlu : 
1803000: system.cpu: T0 : 0x1c56c    : c_add a5, s1               : IntAlu :  D=0x000000000006f778
1804000: system.cpu: T0 : 0x1c56e    : ld s2, 8(a5)               : MemRead :  D=0x000000000006f768 A=0x6f780
1805000: system.cpu: T0 : 0x1c572    : addi a3, a5, -16           : IntAlu :  D=0x000000000006f768
1806000: system.cpu: T0 : 0x1c576    : beq a3, s2, 748            : IntAlu : 
1807000: system.cpu: T0 : 0x1c862    : srli t1, s0, 9             : IntAlu :  D=0x0000000000000000
1808000: system.cpu: T0 : 0x1c866    : addiw a5, t1, 91           : IntAlu :  D=0x000000000000005b
1809000: system.cpu: T0 : 0x1c86a    : srli s10, s0, 6            : IntAlu :  D=0x0000000000000005
1809500: system.cpu: T0 : 0x1c86e    : c_sdsp a5, 96(sp)          : MemWrite :  D=0x000000000000005b A=0x7ffffffffffffc30
1810000: system.cpu: T0 : 0x1c870    : addiw a5, s10, 48          : IntAlu :  D=0x0000000000000035
1810500: system.cpu: T0 : 0x1c874    : c_sdsp a5, 88(sp)          : MemWrite :  D=0x0000000000000035 A=0x7ffffffffffffc28
1811500: system.cpu: T0 : 0x1c876    : addi a5, zero, 110         : IntAlu :  D=0x000000000000006e
1812000: system.cpu: T0 : 0x1c87a    : c_sdsp a5, 112(sp)         : MemWrite :  D=0x000000000000006e A=0x7ffffffffffffc40
1812500: system.cpu: T0 : 0x1c87c    : addi a5, zero, 119         : IntAlu :  D=0x0000000000000077
1813000: system.cpu: T0 : 0x1c880    : c_sdsp a5, 104(sp)         : MemWrite :  D=0x0000000000000077 A=0x7ffffffffffffc38
1814000: system.cpu: T0 : 0x1c882    : addi a5, zero, 124         : IntAlu :  D=0x000000000000007c
1814500: system.cpu: T0 : 0x1c886    : c_sdsp s9, 8(sp)           : MemWrite :  D=0x0000000000000015 A=0x7ffffffffffffbd8
1815000: system.cpu: T0 : 0x1c888    : c_sdsp a5, 120(sp)         : MemWrite :  D=0x000000000000007c A=0x7ffffffffffffc48
1815500: system.cpu: T0 : 0x1c88a    : c_sdsp zero, 128(sp)       : MemWrite :  D=0x0000000000000000 A=0x7ffffffffffffc50
1816000: system.cpu: T0 : 0x1c88c    : c_sdsp zero, 136(sp)       : MemWrite :  D=0x0000000000000000 A=0x7ffffffffffffc58
1817000: system.cpu: T0 : 0x1c88e    : ld a5, 40(tp)              : MemRead :  D=0x0000000000072f90 A=0x72738
1818000: system.cpu: T0 : 0x1c892    : addi s6, s0, -17           : IntAlu :  D=0x000000000000013f
1819000: system.cpu: T0 : 0x1c896    : srli s6, s6, 4             : IntAlu :  D=0x0000000000000013
1819500: system.cpu: T0 : 0x1c89a    : c_li s5, 0                 : IntAlu :  D=0x0000000000000000
1820000: system.cpu: T0 : 0x1c89c    : c_beqz a5, 22              : IntAlu : 
1821000: system.cpu: T0 : 0x1c89e    : lui a5, 111                : IntAlu :  D=0x000000000006f000
1822000: system.cpu: T0 : 0x1c8a2    : ld s5, 1448(a5)            : MemRead :  D=0x0000000000000040 A=0x6f5a8
1823000: system.cpu: T0 : 0x1c8a6    : sltu s5, s6, s5            : IntAlu :  D=0x0000000000000001
1824000: system.cpu: T0 : 0x1c8aa    : sub s5, zero, s5           : IntAlu :  D=0xffffffffffffffff
1825000: system.cpu: T0 : 0x1c8ae    : and s5, s0, s5             : IntAlu :  D=0x0000000000000150
1826000: system.cpu: T0 : 0x1c8b2    : lui a5, 111                : IntAlu :  D=0x000000000006f000
1826500: system.cpu: T0 : 0x1c8b6    : c_lui s11, 1               : IntAlu :  D=0x0000000000001000
1827000: system.cpu: T0 : 0x1c8b8    : lui s7, 111                : IntAlu :  D=0x000000000006f000
1827500: system.cpu: T0 : 0x1c8bc    : addi a5, a5, 1480          : IntAlu :  D=0x000000000006f5c8
1828000: system.cpu: T0 : 0x1c8c0    : addi s8, s1, 96            : IntAlu :  D=0x000000000006f628
1828500: system.cpu: T0 : 0x1c8c4    : c_li t5, 0                 : IntAlu :  D=0x0000000000000000
1829500: system.cpu: T0 : 0x1c8c6    : addi s7, s7, 1368          : IntAlu :  D=0x000000000006f558
1830500: system.cpu: T0 : 0x1c8ca    : add a7, s1, s11            : IntAlu :  D=0x00000000000705c8
1831000: system.cpu: T0 : 0x1c8ce    : c_sdsp a5, 56(sp)          : MemWrite :  D=0x000000000006f5c8 A=0x7ffffffffffffc08
1831500: system.cpu: T0 : 0x1c8d0    : c_ld a5, 120(s1)           : MemRead :  D=0x000000000006f628 A=0x6f640
1832500: system.cpu: T0 : 0x1c8d2    : beq a5, s8, 532            : IntAlu : 
1833500: system.cpu: T0 : 0x1cae6    : addi a5, zero, 1023        : IntAlu :  D=0x00000000000003ff
1834500: system.cpu: T0 : 0x1caea    : bgeu a5, s0, 38            : IntAlu : 
1835000: system.cpu: T0 : 0x1cb10    : c_ldsp a3, 8(sp)           : MemRead :  D=0x0000000000000015 A=0x7ffffffffffffbd8
1835500: system.cpu: T0 : 0x1cb12    : c_li a0, 4                 : IntAlu :  D=0x0000000000000004
1836000: system.cpu: T0 : 0x1cb14    : addiw a5, a3, 1            : IntAlu :  D=0x0000000000000016
1836500: system.cpu: T0 : 0x1cb18    : srliw a4, a5, 5            : IntAlu :  D=0x0000000000000000
1837000: system.cpu: T0 : 0x1cb1c    : slliw a3, a3, 1            : IntAlu :  D=0x000000000000002a
1837500: system.cpu: T0 : 0x1cb20    : addi a4, a4, 536           : IntAlu :  D=0x0000000000000218
1838000: system.cpu: T0 : 0x1cb24    : c_slli a3, 32              : IntAlu :  D=0x0000002a00000000
1838500: system.cpu: T0 : 0x1cb26    : c_slli a4, 2               : IntAlu :  D=0x0000000000000860
1839000: system.cpu: T0 : 0x1cb28    : c_srli a3, 32              : IntAlu :  D=0x000000000000002a
1839500: system.cpu: T0 : 0x1cb2a    : c_add a4, s1               : IntAlu :  D=0x000000000006fe28
1840000: system.cpu: T0 : 0x1cb2c    : c_slli a3, 3               : IntAlu :  D=0x0000000000000150
1840500: system.cpu: T0 : 0x1cb2e    : c_lw a2, 0(a4)             : MemRead :  D=0x0000000000000000 A=0x6fe28
1841000: system.cpu: T0 : 0x1cb30    : addi a3, a3, 96            : IntAlu :  D=0x00000000000001b0
1841500: system.cpu: T0 : 0x1cb34    : c_li a4, 1                 : IntAlu :  D=0x0000000000000001
1842500: system.cpu: T0 : 0x1cb36    : srliw s2, a5, 5            : IntAlu :  D=0x0000000000000000
1843000: system.cpu: T0 : 0x1cb3a    : c_add a3, s1               : IntAlu :  D=0x000000000006f778
1843500: system.cpu: T0 : 0x1cb3c    : sllw a5, a4, a5            : IntAlu :  D=0x0000000000400000
1844000: system.cpu: T0 : 0x1cb40    : bltu a2, a5, 144           : IntAlu : 
1844500: system.cpu: T0 : 0x1cbd0    : addiw a5, s2, 1            : IntAlu :  D=0x0000000000000001
1845000: system.cpu: T0 : 0x1cbd4    : addiw s2, a5, 0            : IntAlu :  D=0x0000000000000001
1845500: system.cpu: T0 : 0x1cbd8    : bne s2, a0, -26            : IntAlu : 
1846000: system.cpu: T0 : 0x1cbbe    : c_slli a5, 32              : IntAlu :  D=0x0000000100000000
1846500: system.cpu: T0 : 0x1cbc0    : c_srli a5, 32              : IntAlu :  D=0x0000000000000001
1847500: system.cpu: T0 : 0x1cbc2    : addi a5, a5, 536           : IntAlu :  D=0x0000000000000219
1848000: system.cpu: T0 : 0x1cbc6    : c_slli a5, 2               : IntAlu :  D=0x0000000000000864
1848500: system.cpu: T0 : 0x1cbc8    : c_add a5, s1               : IntAlu :  D=0x000000000006fe2c
1849000: system.cpu: T0 : 0x1cbca    : c_lw a2, 0(a5)             : MemRead :  D=0x0000000000000000 A=0x6fe2c
1849500: system.cpu: T0 : 0x1cbcc    : bne a2, zero, 384          : IntAlu : 
1850000: system.cpu: T0 : 0x1cbd0    : addiw a5, s2, 1            : IntAlu :  D=0x0000000000000002
1850500: system.cpu: T0 : 0x1cbd4    : addiw s2, a5, 0            : IntAlu :  D=0x0000000000000002
1851000: system.cpu: T0 : 0x1cbd8    : bne s2, a0, -26            : IntAlu : 
1851500: system.cpu: T0 : 0x1cbbe    : c_slli a5, 32              : IntAlu :  D=0x0000000200000000
1852000: system.cpu: T0 : 0x1cbc0    : c_srli a5, 32              : IntAlu :  D=0x0000000000000002
1853000: system.cpu: T0 : 0x1cbc2    : addi a5, a5, 536           : IntAlu :  D=0x000000000000021a
1853500: system.cpu: T0 : 0x1cbc6    : c_slli a5, 2               : IntAlu :  D=0x0000000000000868
1854000: system.cpu: T0 : 0x1cbc8    : c_add a5, s1               : IntAlu :  D=0x000000000006fe30
1854500: system.cpu: T0 : 0x1cbca    : c_lw a2, 0(a5)             : MemRead :  D=0x0000000000000000 A=0x6fe30
1855000: system.cpu: T0 : 0x1cbcc    : bne a2, zero, 384          : IntAlu : 
1855500: system.cpu: T0 : 0x1cbd0    : addiw a5, s2, 1            : IntAlu :  D=0x0000000000000003
1856000: system.cpu: T0 : 0x1cbd4    : addiw s2, a5, 0            : IntAlu :  D=0x0000000000000003
1856500: system.cpu: T0 : 0x1cbd8    : bne s2, a0, -26            : IntAlu : 
1857000: system.cpu: T0 : 0x1cbbe    : c_slli a5, 32              : IntAlu :  D=0x0000000300000000
1857500: system.cpu: T0 : 0x1cbc0    : c_srli a5, 32              : IntAlu :  D=0x0000000000000003
1858500: system.cpu: T0 : 0x1cbc2    : addi a5, a5, 536           : IntAlu :  D=0x000000000000021b
1859000: system.cpu: T0 : 0x1cbc6    : c_slli a5, 2               : IntAlu :  D=0x000000000000086c
1859500: system.cpu: T0 : 0x1cbc8    : c_add a5, s1               : IntAlu :  D=0x000000000006fe34
1860000: system.cpu: T0 : 0x1cbca    : c_lw a2, 0(a5)             : MemRead :  D=0x0000000000000000 A=0x6fe34
1860500: system.cpu: T0 : 0x1cbcc    : bne a2, zero, 384          : IntAlu : 
1861000: system.cpu: T0 : 0x1cbd0    : addiw a5, s2, 1            : IntAlu :  D=0x0000000000000004
1861500: system.cpu: T0 : 0x1cbd4    : addiw s2, a5, 0            : IntAlu :  D=0x0000000000000004
1862000: system.cpu: T0 : 0x1cbd8    : bne s2, a0, -26            : IntAlu : 
1862500: system.cpu: T0 : 0x1cbdc    : c_ld a4, 96(s1)            : MemRead :  D=0x0000000000073270 A=0x6f628
1863500: system.cpu: T0 : 0x1cbde    : ld a3, -1912(a7)           : MemRead :  D=0x0000000000021080 A=0x6fe50
1864000: system.cpu: T0 : 0x1cbe2    : c_ld a5, 8(a4)             : MemRead :  D=0x0000000000020d91 A=0x73278
1864500: system.cpu: T0 : 0x1cbe4    : c_andi a5, 18446744073709551608 : IntAlu :  D=0x0000000000020d90
1865500: system.cpu: T0 : 0x1cbe6    : bltu a3, a5, 548           : IntAlu : 
1866500: system.cpu: T0 : 0x1cbea    : addi a3, s0, 32            : IntAlu :  D=0x0000000000000170
1867500: system.cpu: T0 : 0x1cbee    : bgeu a5, a3, 640           : IntAlu : 
1868500: system.cpu: T0 : 0x1ce6e    : add a0, a4, s0             : IntAlu :  D=0x00000000000733c0
1869500: system.cpu: T0 : 0x1ce72    : lui a2, 111                : IntAlu :  D=0x000000000006f000
1870000: system.cpu: T0 : 0x1ce76    : c_sd a0, 96(s1)            : MemWrite :  D=0x00000000000733c0 A=0x6f628
1870500: system.cpu: T0 : 0x1ce78    : addi a2, a2, 1480          : IntAlu :  D=0x000000000006f5c8
1871000: system.cpu: T0 : 0x1ce7c    : c_sub a5, s0               : IntAlu :  D=0x0000000000020c40
1871500: system.cpu: T0 : 0x1ce7e    : c_li a3, 4                 : IntAlu :  D=0x0000000000000004
1872000: system.cpu: T0 : 0x1ce80    : beq s1, a2, 116            : IntAlu : 
1872500: system.cpu: T0 : 0x1cef4    : c_li a3, 0                 : IntAlu :  D=0x0000000000000000
1873000: system.cpu: T0 : 0x1cef6    : c_j -114                   : IntAlu : 
1873500: system.cpu: T0 : 0x1ce84    : c_or a3, s0                : IntAlu :  D=0x0000000000000150
1874500: system.cpu: T0 : 0x1ce86    : ori a3, a3, 1              : IntAlu :  D=0x0000000000000151
1875500: system.cpu: T0 : 0x1ce8a    : lw a1, -1396(gp)           : MemRead :  D=0x0000000000000000 A=0x70abc
1876000: system.cpu: T0 : 0x1ce8e    : c_sd a3, 8(a4)             : MemWrite :  D=0x0000000000000151 A=0x73278
1876500: system.cpu: T0 : 0x1ce90    : ori a5, a5, 1              : IntAlu :  D=0x0000000000020c41
1877000: system.cpu: T0 : 0x1ce94    : c_sd a5, 8(a0)             : MemWrite :  D=0x0000000000020c41 A=0x733c8
1878000: system.cpu: T0 : 0x1ce96    : addi s2, a4, 16            : IntAlu :  D=0x0000000000073280
1879000: system.cpu: T0 : 0x1ce9a    : beq a1, zero, -1664        : IntAlu : 
1879500: system.cpu: T0 : 0x1c81a    : c_ldsp ra, 248(sp)         : MemRead :  D=0x000000000001d998 A=0x7ffffffffffffcc8
1880000: system.cpu: T0 : 0x1c81c    : c_ldsp s0, 240(sp)         : MemRead :  D=0x0000000000000140 A=0x7ffffffffffffcc0
1880500: system.cpu: T0 : 0x1c81e    : c_ldsp s1, 232(sp)         : MemRead :  D=0x000000000006f000 A=0x7ffffffffffffcb8
1881000: system.cpu: T0 : 0x1c820    : c_ldsp s3, 216(sp)         : MemRead :  D=0x000000000006efc0 A=0x7ffffffffffffca8
1881500: system.cpu: T0 : 0x1c822    : c_ldsp s4, 208(sp)         : MemRead :  D=0x000000000000000a A=0x7ffffffffffffca0
1882000: system.cpu: T0 : 0x1c824    : c_ldsp s5, 200(sp)         : MemRead :  D=0x0000000000073250 A=0x7ffffffffffffc98
1882500: system.cpu: T0 : 0x1c826    : c_ldsp s6, 192(sp)         : MemRead :  D=0x0000000000072000 A=0x7ffffffffffffc90
1883000: system.cpu: T0 : 0x1c828    : c_ldsp s7, 184(sp)         : MemRead :  D=0x0000000000000000 A=0x7ffffffffffffc88
1883500: system.cpu: T0 : 0x1c82a    : c_ldsp s8, 176(sp)         : MemRead :  D=0x0000000000000000 A=0x7ffffffffffffc80
1884000: system.cpu: T0 : 0x1c82c    : c_ldsp s9, 168(sp)         : MemRead :  D=0x0000000000000000 A=0x7ffffffffffffc78
1884500: system.cpu: T0 : 0x1c82e    : c_ldsp s10, 160(sp)        : MemRead :  D=0x0000000000000000 A=0x7ffffffffffffc70
1885000: system.cpu: T0 : 0x1c830    : c_ldsp s11, 152(sp)        : MemRead :  D=0x0000000000000000 A=0x7ffffffffffffc68
1885500: system.cpu: T0 : 0x1c832    : c_mv a0, s2                : IntAlu :  D=0x0000000000073280
1886000: system.cpu: T0 : 0x1c834    : c_ldsp s2, 224(sp)         : MemRead :  D=0x0000000000000000 A=0x7ffffffffffffcb0
1886500: system.cpu: T0 : 0x1c836    : c_addi16sp sp, 256         : IntAlu :  D=0x7ffffffffffffcd0
1887000: system.cpu: T0 : 0x1c838    : c_jr ra                    : IntAlu : 
1887500: system.cpu: T0 : 0x1d998    : c_mv a5, a0                : IntAlu :  D=0x0000000000073280
1888000: system.cpu: T0 : 0x1d99a    : c_beqz a0, 150             : IntAlu : 
1888500: system.cpu: T0 : 0x1d99c    : ld a4, -8(a0)              : MemRead :  D=0x0000000000000151 A=0x73278
1889000: system.cpu: T0 : 0x1d9a0    : andi a3, a4, 2             : IntAlu :  D=0x0000000000000000
1889500: system.cpu: T0 : 0x1d9a4    : c_bnez a3, 26              : IntAlu : 
1890000: system.cpu: T0 : 0x1d9a6    : c_andi a4, 4               : IntAlu :  D=0x0000000000000000
1890500: system.cpu: T0 : 0x1d9a8    : c_beqz a4, 22              : IntAlu : 
1891000: system.cpu: T0 : 0x1d9be    : c_ldsp ra, 24(sp)          : MemRead :  D=0x000000000003af96 A=0x7ffffffffffffce8
1891500: system.cpu: T0 : 0x1d9c0    : c_ldsp s0, 16(sp)          : MemRead :  D=0x7ffffffffffffd30 A=0x7ffffffffffffce0
1892000: system.cpu: T0 : 0x1d9c2    : c_ldsp s1, 8(sp)           : MemRead :  D=0x0000000000000002 A=0x7ffffffffffffcd8
1892500: system.cpu: T0 : 0x1d9c4    : c_ldsp s2, 0(sp)           : MemRead :  D=0x0000000000000000 A=0x7ffffffffffffcd0
1893000: system.cpu: T0 : 0x1d9c6    : c_mv a0, a5                : IntAlu :  D=0x0000000000073280
1893500: system.cpu: T0 : 0x1d9c8    : c_addi16sp sp, 32          : IntAlu :  D=0x7ffffffffffffcf0
1894000: system.cpu: T0 : 0x1d9ca    : c_jr ra                    : IntAlu : 
1895000: system.cpu: T0 : 0x3af96    : sd a0, 0(s5)               : MemWrite :  D=0x0000000000073280 A=0x73250
1895500: system.cpu: T0 : 0x3af9a    : c_mv a2, a0                : IntAlu :  D=0x0000000000073280
1896000: system.cpu: T0 : 0x3af9c    : beq a0, zero, 386          : IntAlu : 
1896500: system.cpu: T0 : 0x3afa0    : lui a5, 114                : IntAlu :  D=0x0000000000072000
1897000: system.cpu: T0 : 0x3afa4    : lui a3, 98                 : IntAlu :  D=0x0000000000062000
1897500: system.cpu: T0 : 0x3afa8    : lui a0, 97                 : IntAlu :  D=0x0000000000061000
1898000: system.cpu: T0 : 0x3afac    : addi a3, a3, -2000         : IntAlu :  D=0x0000000000061830
1898500: system.cpu: T0 : 0x3afb0    : addi a0, a0, 1648          : IntAlu :  D=0x0000000000061670
1899000: system.cpu: T0 : 0x3afb4    : sd a2, -328(a5)            : MemWrite :  D=0x0000000000073280 A=0x71eb8
1899500: system.cpu: T0 : 0x3afb8    : c_li a5, 23                : IntAlu :  D=0x0000000000000017
1900000: system.cpu: T0 : 0x3afba    : c_sd a3, 24(a2)            : MemWrite :  D=0x0000000000061830 A=0x73298
1900500: system.cpu: T0 : 0x3afbc    : addi a6, a3, 72            : IntAlu :  D=0x0000000000061878
1901000: system.cpu: T0 : 0x3afc0    : sw zero, 40(s3)            : MemWrite :  D=0x0000000000000000 A=0x6efe8
1901500: system.cpu: T0 : 0x3afc4    : addi a1, s5, 8             : IntAlu :  D=0x0000000000073258
1902000: system.cpu: T0 : 0x3afc8    : c_sd a0, 8(a2)             : MemWrite :  D=0x0000000000061670 A=0x73288
1903000: system.cpu: T0 : 0x3afca    : sd zero, 16(a2)            : MemWrite :  D=0x0000000000000000 A=0x73290
1903500: system.cpu: T0 : 0x3afce    : c_sd a5, 32(a2)            : MemWrite :  D=0x0000000000000017 A=0x732a0
1904000: system.cpu: T0 : 0x3afd0    : slli a7, s4, 3             : IntAlu :  D=0x0000000000000050
1904500: system.cpu: T0 : 0x3afd4    : addi t3, s5, 32            : IntAlu :  D=0x0000000000073270
1905000: system.cpu: T0 : 0x3afd8    : c_addi a3, 24              : IntAlu :  D=0x0000000000061848
1906000: system.cpu: T0 : 0x3afda    : addi t4, zero, 47          : IntAlu :  D=0x000000000000002f
1907000: system.cpu: T0 : 0x3afde    : addi a4, a2, 40            : IntAlu :  D=0x00000000000732a8
1907500: system.cpu: T0 : 0x3afe2    : c_li a5, 0                 : IntAlu :  D=0x0000000000000000
1908000: system.cpu: T0 : 0x3afe4    : c_beqz s1, 14              : IntAlu : 
1909000: system.cpu: T0 : 0x3afe6    : sw zero, 0(a4)             : MemWrite :  D=0x0000000000000000 A=0x732a8
1909500: system.cpu: T0 : 0x3afea    : c_addi a5, 1               : IntAlu :  D=0x0000000000000001
1910000: system.cpu: T0 : 0x3afec    : c_addi a4, 4               : IntAlu :  D=0x00000000000732ac
1911000: system.cpu: T0 : 0x3afee    : bne s1, a5, -8             : IntAlu : 
1912000: system.cpu: T0 : 0x3afe6    : sw zero, 0(a4)             : MemWrite :  D=0x0000000000000000 A=0x732ac
1912500: system.cpu: T0 : 0x3afea    : c_addi a5, 1               : IntAlu :  D=0x0000000000000002
1913000: system.cpu: T0 : 0x3afec    : c_addi a4, 4               : IntAlu :  D=0x00000000000732b0
1914000: system.cpu: T0 : 0x3afee    : bne s1, a5, -8             : IntAlu : 
1915000: system.cpu: T0 : 0x3aff2    : beq t3, a1, 48             : IntAlu : 
1916000: system.cpu: T0 : 0x3aff6    : ld a4, 8(a6)               : MemRead :  D=0x000000000000001b A=0x61880
1917000: system.cpu: T0 : 0x3affa    : add a5, a2, a7             : IntAlu :  D=0x00000000000732d0
1918000: system.cpu: T0 : 0x3affe    : lbu t1, 0(a3)              : MemRead :  D=0x000000000000002f A=0x61848
1918500: system.cpu: T0 : 0x3b002    : c_sd a5, 0(a2)             : MemWrite :  D=0x00000000000732d0 A=0x73280
1919000: system.cpu: T0 : 0x3b004    : c_sd a3, 24(a5)            : MemWrite :  D=0x0000000000061848 A=0x732e8
1920000: system.cpu: T0 : 0x3b006    : addi a2, a4, 1             : IntAlu :  D=0x000000000000001c
1920500: system.cpu: T0 : 0x3b00a    : c_sd a5, 0(a1)             : MemWrite :  D=0x00000000000732d0 A=0x73258
1921000: system.cpu: T0 : 0x3b00c    : c_sd a0, 8(a5)             : MemWrite :  D=0x0000000000061670 A=0x732d8
1922000: system.cpu: T0 : 0x3b00e    : sd zero, 16(a5)            : MemWrite :  D=0x0000000000000000 A=0x732e0
1922500: system.cpu: T0 : 0x3b012    : c_sd a4, 32(a5)            : MemWrite :  D=0x000000000000001b A=0x732f0
1923000: system.cpu: T0 : 0x3b014    : c_addi a1, 8               : IntAlu :  D=0x0000000000073260
1923500: system.cpu: T0 : 0x3b016    : c_add a3, a2               : IntAlu :  D=0x0000000000061864
1924000: system.cpu: T0 : 0x3b018    : c_addi a6, 8               : IntAlu :  D=0x0000000000061880
1925000: system.cpu: T0 : 0x3b01a    : bne t1, t4, 228            : IntAlu : 
1925500: system.cpu: T0 : 0x3b01e    : c_mv a2, a5                : IntAlu :  D=0x00000000000732d0
1926000: system.cpu: T0 : 0x3b020    : c_j -66                    : IntAlu : 
1927000: system.cpu: T0 : 0x3afde    : addi a4, a2, 40            : IntAlu :  D=0x00000000000732f8
1927500: system.cpu: T0 : 0x3afe2    : c_li a5, 0                 : IntAlu :  D=0x0000000000000000
1928000: system.cpu: T0 : 0x3afe4    : c_beqz s1, 14              : IntAlu : 
1929000: system.cpu: T0 : 0x3afe6    : sw zero, 0(a4)             : MemWrite :  D=0x0000000000000000 A=0x732f8
1929500: system.cpu: T0 : 0x3afea    : c_addi a5, 1               : IntAlu :  D=0x0000000000000001
1930000: system.cpu: T0 : 0x3afec    : c_addi a4, 4               : IntAlu :  D=0x00000000000732fc
1931000: system.cpu: T0 : 0x3afee    : bne s1, a5, -8             : IntAlu : 
1932000: system.cpu: T0 : 0x3afe6    : sw zero, 0(a4)             : MemWrite :  D=0x0000000000000000 A=0x732fc
1932500: system.cpu: T0 : 0x3afea    : c_addi a5, 1               : IntAlu :  D=0x0000000000000002
1933000: system.cpu: T0 : 0x3afec    : c_addi a4, 4               : IntAlu :  D=0x0000000000073300
1934000: system.cpu: T0 : 0x3afee    : bne s1, a5, -8             : IntAlu : 
1935000: system.cpu: T0 : 0x3aff2    : beq t3, a1, 48             : IntAlu : 
1936000: system.cpu: T0 : 0x3aff6    : ld a4, 8(a6)               : MemRead :  D=0x0000000000000005 A=0x61888
1937000: system.cpu: T0 : 0x3affa    : add a5, a2, a7             : IntAlu :  D=0x0000000000073320
1938000: system.cpu: T0 : 0x3affe    : lbu t1, 0(a3)              : MemRead :  D=0x000000000000002f A=0x61864
1938500: system.cpu: T0 : 0x3b002    : c_sd a5, 0(a2)             : MemWrite :  D=0x0000000000073320 A=0x732d0
1939000: system.cpu: T0 : 0x3b004    : c_sd a3, 24(a5)            : MemWrite :  D=0x0000000000061864 A=0x73338
1940000: system.cpu: T0 : 0x3b006    : addi a2, a4, 1             : IntAlu :  D=0x0000000000000006
1940500: system.cpu: T0 : 0x3b00a    : c_sd a5, 0(a1)             : MemWrite :  D=0x0000000000073320 A=0x73260
1941000: system.cpu: T0 : 0x3b00c    : c_sd a0, 8(a5)             : MemWrite :  D=0x0000000000061670 A=0x73328
1942000: system.cpu: T0 : 0x3b00e    : sd zero, 16(a5)            : MemWrite :  D=0x0000000000000000 A=0x73330
1942500: system.cpu: T0 : 0x3b012    : c_sd a4, 32(a5)            : MemWrite :  D=0x0000000000000005 A=0x73340
1943000: system.cpu: T0 : 0x3b014    : c_addi a1, 8               : IntAlu :  D=0x0000000000073268
1943500: system.cpu: T0 : 0x3b016    : c_add a3, a2               : IntAlu :  D=0x000000000006186a
1944000: system.cpu: T0 : 0x3b018    : c_addi a6, 8               : IntAlu :  D=0x0000000000061888
1945000: system.cpu: T0 : 0x3b01a    : bne t1, t4, 228            : IntAlu : 
1945500: system.cpu: T0 : 0x3b01e    : c_mv a2, a5                : IntAlu :  D=0x0000000000073320
1946000: system.cpu: T0 : 0x3b020    : c_j -66                    : IntAlu : 
1947000: system.cpu: T0 : 0x3afde    : addi a4, a2, 40            : IntAlu :  D=0x0000000000073348
1947500: system.cpu: T0 : 0x3afe2    : c_li a5, 0                 : IntAlu :  D=0x0000000000000000
1948000: system.cpu: T0 : 0x3afe4    : c_beqz s1, 14              : IntAlu : 
1949000: system.cpu: T0 : 0x3afe6    : sw zero, 0(a4)             : MemWrite :  D=0x0000000000000000 A=0x73348
1949500: system.cpu: T0 : 0x3afea    : c_addi a5, 1               : IntAlu :  D=0x0000000000000001
1950000: system.cpu: T0 : 0x3afec    : c_addi a4, 4               : IntAlu :  D=0x000000000007334c
1951000: system.cpu: T0 : 0x3afee    : bne s1, a5, -8             : IntAlu : 
1952000: system.cpu: T0 : 0x3afe6    : sw zero, 0(a4)             : MemWrite :  D=0x0000000000000000 A=0x7334c
1952500: system.cpu: T0 : 0x3afea    : c_addi a5, 1               : IntAlu :  D=0x0000000000000002
1953000: system.cpu: T0 : 0x3afec    : c_addi a4, 4               : IntAlu :  D=0x0000000000073350
1954000: system.cpu: T0 : 0x3afee    : bne s1, a5, -8             : IntAlu : 
1955000: system.cpu: T0 : 0x3aff2    : beq t3, a1, 48             : IntAlu : 
1956000: system.cpu: T0 : 0x3aff6    : ld a4, 8(a6)               : MemRead :  D=0x0000000000000009 A=0x61890
1957000: system.cpu: T0 : 0x3affa    : add a5, a2, a7             : IntAlu :  D=0x0000000000073370
1958000: system.cpu: T0 : 0x3affe    : lbu t1, 0(a3)              : MemRead :  D=0x000000000000002f A=0x6186a
1958500: system.cpu: T0 : 0x3b002    : c_sd a5, 0(a2)             : MemWrite :  D=0x0000000000073370 A=0x73320
1959000: system.cpu: T0 : 0x3b004    : c_sd a3, 24(a5)            : MemWrite :  D=0x000000000006186a A=0x73388
1960000: system.cpu: T0 : 0x3b006    : addi a2, a4, 1             : IntAlu :  D=0x000000000000000a
1960500: system.cpu: T0 : 0x3b00a    : c_sd a5, 0(a1)             : MemWrite :  D=0x0000000000073370 A=0x73268
1961000: system.cpu: T0 : 0x3b00c    : c_sd a0, 8(a5)             : MemWrite :  D=0x0000000000061670 A=0x73378
1962000: system.cpu: T0 : 0x3b00e    : sd zero, 16(a5)            : MemWrite :  D=0x0000000000000000 A=0x73380
1962500: system.cpu: T0 : 0x3b012    : c_sd a4, 32(a5)            : MemWrite :  D=0x0000000000000009 A=0x73390
1963000: system.cpu: T0 : 0x3b014    : c_addi a1, 8               : IntAlu :  D=0x0000000000073270
1963500: system.cpu: T0 : 0x3b016    : c_add a3, a2               : IntAlu :  D=0x0000000000061874
1964000: system.cpu: T0 : 0x3b018    : c_addi a6, 8               : IntAlu :  D=0x0000000000061890
1965000: system.cpu: T0 : 0x3b01a    : bne t1, t4, 228            : IntAlu : 
1965500: system.cpu: T0 : 0x3b01e    : c_mv a2, a5                : IntAlu :  D=0x0000000000073370
1966000: system.cpu: T0 : 0x3b020    : c_j -66                    : IntAlu : 
1967000: system.cpu: T0 : 0x3afde    : addi a4, a2, 40            : IntAlu :  D=0x0000000000073398
1967500: system.cpu: T0 : 0x3afe2    : c_li a5, 0                 : IntAlu :  D=0x0000000000000000
1968000: system.cpu: T0 : 0x3afe4    : c_beqz s1, 14              : IntAlu : 
1969000: system.cpu: T0 : 0x3afe6    : sw zero, 0(a4)             : MemWrite :  D=0x0000000000000000 A=0x73398
1969500: system.cpu: T0 : 0x3afea    : c_addi a5, 1               : IntAlu :  D=0x0000000000000001
1970000: system.cpu: T0 : 0x3afec    : c_addi a4, 4               : IntAlu :  D=0x000000000007339c
1971000: system.cpu: T0 : 0x3afee    : bne s1, a5, -8             : IntAlu : 
1972000: system.cpu: T0 : 0x3afe6    : sw zero, 0(a4)             : MemWrite :  D=0x0000000000000000 A=0x7339c
1972500: system.cpu: T0 : 0x3afea    : c_addi a5, 1               : IntAlu :  D=0x0000000000000002
1973000: system.cpu: T0 : 0x3afec    : c_addi a4, 4               : IntAlu :  D=0x00000000000733a0
1974000: system.cpu: T0 : 0x3afee    : bne s1, a5, -8             : IntAlu : 
1975000: system.cpu: T0 : 0x3aff2    : beq t3, a1, 48             : IntAlu : 
1975500: system.cpu: T0 : 0x3b022    : c_li a4, 27                : IntAlu :  D=0x000000000000001b
1976000: system.cpu: T0 : 0x3b024    : sd zero, 0(a2)             : MemWrite :  D=0x0000000000000000 A=0x73370
1976500: system.cpu: T0 : 0x3b028    : sd a4, -1192(gp)           : MemWrite :  D=0x000000000000001b A=0x70b88
1977000: system.cpu: T0 : 0x3b02c    : sd zero, 32(s5)            : MemWrite :  D=0x0000000000000000 A=0x73270
1977500: system.cpu: T0 : 0x3b030    : beq s2, zero, 10           : IntAlu : 
1978000: system.cpu: T0 : 0x3b03a    : c_li a5, -1                : IntAlu :  D=0xffffffffffffffff
1978500: system.cpu: T0 : 0x3b03c    : sd a5, 48(s3)              : MemWrite :  D=0xffffffffffffffff A=0x6eff0
1979000: system.cpu: T0 : 0x3b040    : addi sp, s0, -64           : IntAlu :  D=0x7ffffffffffffcf0
1979500: system.cpu: T0 : 0x3b044    : c_ldsp ra, 56(sp)          : MemRead :  D=0x000000000002292a A=0x7ffffffffffffd28
1980000: system.cpu: T0 : 0x3b046    : c_ldsp s0, 48(sp)          : MemRead :  D=0x000000000006ef80 A=0x7ffffffffffffd20
1980500: system.cpu: T0 : 0x3b048    : c_ldsp s1, 40(sp)          : MemRead :  D=0x000000000006fe60 A=0x7ffffffffffffd18
1981000: system.cpu: T0 : 0x3b04a    : c_ldsp s2, 32(sp)          : MemRead :  D=0x0000000000072000 A=0x7ffffffffffffd10
1981500: system.cpu: T0 : 0x3b04c    : c_ldsp s3, 24(sp)          : MemRead :  D=0x0000000000072000 A=0x7ffffffffffffd08
1982000: system.cpu: T0 : 0x3b04e    : c_ldsp s4, 16(sp)          : MemRead :  D=0x0000000000070000 A=0x7ffffffffffffd00
1982500: system.cpu: T0 : 0x3b050    : c_ldsp s5, 8(sp)           : MemRead :  D=0x0000000000072000 A=0x7ffffffffffffcf8
1983000: system.cpu: T0 : 0x3b052    : c_addi16sp sp, 64          : IntAlu :  D=0x7ffffffffffffd30
1983500: system.cpu: T0 : 0x3b054    : c_jr ra                    : IntAlu : 
1984500: system.cpu: T0 : 0x2292a    : lui a5, 114                : IntAlu :  D=0x0000000000072000
1985500: system.cpu: T0 : 0x2292e    : ld a4, -328(a5)            : MemRead :  D=0x0000000000073280 A=0x71eb8
1986500: system.cpu: T0 : 0x22932    : lui a0, 80                 : IntAlu :  D=0x0000000000050000
1987500: system.cpu: T0 : 0x22936    : lui a5, 114                : IntAlu :  D=0x0000000000072000
1988500: system.cpu: T0 : 0x2293a    : addi a0, a0, -224          : IntAlu :  D=0x000000000004ff20
1989500: system.cpu: T0 : 0x2293e    : sd a4, -368(a5)            : MemWrite :  D=0x0000000000073280 A=0x71e90
1990500: system.cpu: T0 : 0x22942    : jal ra, -57838             : IntAlu :  D=0x0000000000022946
1991000: system.cpu: T0 : 0x14754    : c_addi16sp sp, -64         : IntAlu :  D=0x7ffffffffffffcf0
1991500: system.cpu: T0 : 0x14756    : c_sdsp s1, 40(sp)          : MemWrite :  D=0x000000000006fe60 A=0x7ffffffffffffd18
1992000: system.cpu: T0 : 0x14758    : ld s1, -1360(gp)           : MemRead :  D=0x7fffffffffffff48 A=0x70ae0
1992500: system.cpu: T0 : 0x1475c    : c_sdsp ra, 56(sp)          : MemWrite :  D=0x0000000000022946 A=0x7ffffffffffffd28
1993000: system.cpu: T0 : 0x1475e    : c_sdsp s0, 48(sp)          : MemWrite :  D=0x000000000006ef80 A=0x7ffffffffffffd20
1993500: system.cpu: T0 : 0x14760    : c_sdsp s2, 32(sp)          : MemWrite :  D=0x0000000000072000 A=0x7ffffffffffffd10
1994000: system.cpu: T0 : 0x14762    : c_sdsp s3, 24(sp)          : MemWrite :  D=0x0000000000072000 A=0x7ffffffffffffd08
1994500: system.cpu: T0 : 0x14764    : c_sdsp s4, 16(sp)          : MemWrite :  D=0x0000000000070000 A=0x7ffffffffffffd00
1995000: system.cpu: T0 : 0x14766    : c_sdsp s5, 8(sp)           : MemWrite :  D=0x0000000000072000 A=0x7ffffffffffffcf8
1995500: system.cpu: T0 : 0x14768    : c_sdsp s6, 0(sp)           : MemWrite :  D=0x0000000000072000 A=0x7ffffffffffffcf0
1996000: system.cpu: T0 : 0x1476a    : c_beqz s1, 210             : IntAlu : 
1996500: system.cpu: T0 : 0x1476c    : lbu a5, 0(a0)              : MemRead :  D=0x000000000000004c A=0x4ff20
1997000: system.cpu: T0 : 0x14770    : c_mv s4, a0                : IntAlu :  D=0x000000000004ff20
1997500: system.cpu: T0 : 0x14772    : c_beqz a5, 202             : IntAlu : 
1998000: system.cpu: T0 : 0x14774    : lbu s5, 1(a0)              : MemRead :  D=0x0000000000000044 A=0x4ff21
1998500: system.cpu: T0 : 0x14778    : slliw s2, a5, 16           : IntAlu :  D=0x00000000004c0000
1999000: system.cpu: T0 : 0x1477c    : c_ld s0, 0(s1)             : MemRead :  D=0x0000000000000000 A=0x7fffffffffffff48
2000000: system.cpu: T0 : 0x1477e    : sraiw s2, s2, 16           : IntAlu :  D=0x000000000000004c
2001000: system.cpu: T0 : 0x14782    : bne s5, zero, 86           : IntAlu : 
2001500: system.cpu: T0 : 0x147d8    : jal ra, 42488              : IntAlu :  D=0x00000000000147dc
2002000: system.cpu: T0 : 0x1edd0    : andi a5, a0, 7             : IntAlu :  D=0x0000000000000000
2002500: system.cpu: T0 : 0x1edd4    : c_beqz a5, 26              : IntAlu : 
2003000: system.cpu: T0 : 0x1edee    : c_mv a5, a0                : IntAlu :  D=0x000000000004ff20
2003500: system.cpu: T0 : 0x1edf0    : ld a6, -2024(gp)           : MemRead :  D=0xfefefefefefefeff A=0x70848
2004000: system.cpu: T0 : 0x1edf4    : ld a1, -2016(gp)           : MemRead :  D=0x8080808080808080 A=0x70850
2004500: system.cpu: T0 : 0x1edf8    : c_ld a2, 0(a5)             : MemRead :  D=0x5f444e49425f444c A=0x4ff20
2005500: system.cpu: T0 : 0x1edfa    : addi a3, a5, 8             : IntAlu :  D=0x000000000004ff28
2006500: system.cpu: T0 : 0x1edfe    : add a4, a2, a6             : IntAlu :  D=0x5e434d48415e434b
2007500: system.cpu: T0 : 0x1ee02    : xori a2, a2, 18446744073709551615 : IntAlu :  D=0xa0bbb1b6bda0bbb3
2008000: system.cpu: T0 : 0x1ee06    : c_and a4, a2               : IntAlu :  D=0x0003010001000303
2008500: system.cpu: T0 : 0x1ee08    : c_and a4, a1               : IntAlu :  D=0x0000000000000000
2009000: system.cpu: T0 : 0x1ee0a    : c_beqz a4, 50              : IntAlu : 
2009500: system.cpu: T0 : 0x1ee3c    : c_mv a5, a3                : IntAlu :  D=0x000000000004ff28
2010000: system.cpu: T0 : 0x1ee3e    : c_j -70                    : IntAlu : 
2010500: system.cpu: T0 : 0x1edf8    : c_ld a2, 0(a5)             : MemRead :  D=0x0000000000574f4e A=0x4ff28
2011500: system.cpu: T0 : 0x1edfa    : addi a3, a5, 8             : IntAlu :  D=0x000000000004ff30
2012500: system.cpu: T0 : 0x1edfe    : add a4, a2, a6             : IntAlu :  D=0xfefefefeff564e4d
2013500: system.cpu: T0 : 0x1ee02    : xori a2, a2, 18446744073709551615 : IntAlu :  D=0xffffffffffa8b0b1
2014000: system.cpu: T0 : 0x1ee06    : c_and a4, a2               : IntAlu :  D=0xfefefefeff000001
2014500: system.cpu: T0 : 0x1ee08    : c_and a4, a1               : IntAlu :  D=0x8080808080000000
2015000: system.cpu: T0 : 0x1ee0a    : c_beqz a4, 50              : IntAlu : 
2015500: system.cpu: T0 : 0x1ee0c    : lbu a4, -8(a3)             : MemRead :  D=0x000000000000004e A=0x4ff28
2016000: system.cpu: T0 : 0x1ee10    : c_beqz a4, -40             : IntAlu : 
2017000: system.cpu: T0 : 0x1ee12    : lbu a4, -7(a3)             : MemRead :  D=0x000000000000004f A=0x4ff29
2017500: system.cpu: T0 : 0x1ee16    : c_beqz a4, 50              : IntAlu : 
2018000: system.cpu: T0 : 0x1ee18    : lbu a4, -6(a3)             : MemRead :  D=0x0000000000000057 A=0x4ff2a
2018500: system.cpu: T0 : 0x1ee1c    : c_beqz a4, 52              : IntAlu : 
2019500: system.cpu: T0 : 0x1ee1e    : lbu a4, -5(a3)             : MemRead :  D=0x0000000000000000 A=0x4ff2b
2020000: system.cpu: T0 : 0x1ee22    : c_beqz a4, 54              : IntAlu : 
2020500: system.cpu: T0 : 0x1ee58    : c_sub a5, a0               : IntAlu :  D=0x0000000000000008
2021500: system.cpu: T0 : 0x1ee5a    : addi a0, a5, 3             : IntAlu :  D=0x000000000000000b
2022000: system.cpu: T0 : 0x1ee5e    : c_jr ra                    : IntAlu : 
2022500: system.cpu: T0 : 0x147dc    : slli a5, s5, 8             : IntAlu :  D=0x0000000000004400
2023000: system.cpu: T0 : 0x147e0    : or a5, s2, a5              : IntAlu :  D=0x000000000000444c
2023500: system.cpu: T0 : 0x147e4    : slliw s2, a5, 16           : IntAlu :  D=0x00000000444c0000
2024000: system.cpu: T0 : 0x147e8    : c_mv s3, a0                : IntAlu :  D=0x000000000000000b
2025000: system.cpu: T0 : 0x147ea    : sraiw s2, s2, 16           : IntAlu :  D=0x000000000000444c
2026000: system.cpu: T0 : 0x147ee    : addi s5, a0, -2            : IntAlu :  D=0x0000000000000009
2026500: system.cpu: T0 : 0x147f2    : c_addi s4, 2               : IntAlu :  D=0x000000000004ff22
2027000: system.cpu: T0 : 0x147f4    : c_beqz s0, -50             : IntAlu : 
2027500: system.cpu: T0 : 0x147c2    : c_ldsp ra, 56(sp)          : MemRead :  D=0x0000000000022946 A=0x7ffffffffffffd28
2028000: system.cpu: T0 : 0x147c4    : c_mv a0, s0                : IntAlu :  D=0x0000000000000000
2028500: system.cpu: T0 : 0x147c6    : c_ldsp s0, 48(sp)          : MemRead :  D=0x000000000006ef80 A=0x7ffffffffffffd20
2029000: system.cpu: T0 : 0x147c8    : c_ldsp s1, 40(sp)          : MemRead :  D=0x000000000006fe60 A=0x7ffffffffffffd18
2029500: system.cpu: T0 : 0x147ca    : c_ldsp s2, 32(sp)          : MemRead :  D=0x0000000000072000 A=0x7ffffffffffffd10
2030000: system.cpu: T0 : 0x147cc    : c_ldsp s3, 24(sp)          : MemRead :  D=0x0000000000072000 A=0x7ffffffffffffd08
2030500: system.cpu: T0 : 0x147ce    : c_ldsp s4, 16(sp)          : MemRead :  D=0x0000000000070000 A=0x7ffffffffffffd00
2031000: system.cpu: T0 : 0x147d0    : c_ldsp s5, 8(sp)           : MemRead :  D=0x0000000000072000 A=0x7ffffffffffffcf8
2031500: system.cpu: T0 : 0x147d2    : c_ldsp s6, 0(sp)           : MemRead :  D=0x0000000000072000 A=0x7ffffffffffffcf0
2032000: system.cpu: T0 : 0x147d4    : c_addi16sp sp, 64          : IntAlu :  D=0x7ffffffffffffd30
2032500: system.cpu: T0 : 0x147d6    : c_jr ra                    : IntAlu : 
2033000: system.cpu: T0 : 0x22946    : c_li a5, 1                 : IntAlu :  D=0x0000000000000001
2033500: system.cpu: T0 : 0x22948    : c_beqz a0, 10              : IntAlu : 
2034500: system.cpu: T0 : 0x22952    : lui a0, 80                 : IntAlu :  D=0x0000000000050000
2035500: system.cpu: T0 : 0x22956    : lui a4, 114                : IntAlu :  D=0x0000000000072000
2036500: system.cpu: T0 : 0x2295a    : addi a0, a0, -208          : IntAlu :  D=0x000000000004ff30
2037500: system.cpu: T0 : 0x2295e    : sw a5, -432(a4)            : MemWrite :  D=0x0000000000000001 A=0x71e50
2038500: system.cpu: T0 : 0x22962    : jal ra, -57870             : IntAlu :  D=0x0000000000022966
2039000: system.cpu: T0 : 0x14754    : c_addi16sp sp, -64         : IntAlu :  D=0x7ffffffffffffcf0
2039500: system.cpu: T0 : 0x14756    : c_sdsp s1, 40(sp)          : MemWrite :  D=0x000000000006fe60 A=0x7ffffffffffffd18
2040000: system.cpu: T0 : 0x14758    : ld s1, -1360(gp)           : MemRead :  D=0x7fffffffffffff48 A=0x70ae0
2040500: system.cpu: T0 : 0x1475c    : c_sdsp ra, 56(sp)          : MemWrite :  D=0x0000000000022966 A=0x7ffffffffffffd28
2041000: system.cpu: T0 : 0x1475e    : c_sdsp s0, 48(sp)          : MemWrite :  D=0x000000000006ef80 A=0x7ffffffffffffd20
2041500: system.cpu: T0 : 0x14760    : c_sdsp s2, 32(sp)          : MemWrite :  D=0x0000000000072000 A=0x7ffffffffffffd10
2042000: system.cpu: T0 : 0x14762    : c_sdsp s3, 24(sp)          : MemWrite :  D=0x0000000000072000 A=0x7ffffffffffffd08
2042500: system.cpu: T0 : 0x14764    : c_sdsp s4, 16(sp)          : MemWrite :  D=0x0000000000070000 A=0x7ffffffffffffd00
2043000: system.cpu: T0 : 0x14766    : c_sdsp s5, 8(sp)           : MemWrite :  D=0x0000000000072000 A=0x7ffffffffffffcf8
2043500: system.cpu: T0 : 0x14768    : c_sdsp s6, 0(sp)           : MemWrite :  D=0x0000000000072000 A=0x7ffffffffffffcf0
2044000: system.cpu: T0 : 0x1476a    : c_beqz s1, 210             : IntAlu : 
2044500: system.cpu: T0 : 0x1476c    : lbu a5, 0(a0)              : MemRead :  D=0x000000000000004c A=0x4ff30
2045000: system.cpu: T0 : 0x14770    : c_mv s4, a0                : IntAlu :  D=0x000000000004ff30
2045500: system.cpu: T0 : 0x14772    : c_beqz a5, 202             : IntAlu : 
2046000: system.cpu: T0 : 0x14774    : lbu s5, 1(a0)              : MemRead :  D=0x0000000000000044 A=0x4ff31
2046500: system.cpu: T0 : 0x14778    : slliw s2, a5, 16           : IntAlu :  D=0x00000000004c0000
2047000: system.cpu: T0 : 0x1477c    : c_ld s0, 0(s1)             : MemRead :  D=0x0000000000000000 A=0x7fffffffffffff48
2048000: system.cpu: T0 : 0x1477e    : sraiw s2, s2, 16           : IntAlu :  D=0x000000000000004c
2049000: system.cpu: T0 : 0x14782    : bne s5, zero, 86           : IntAlu : 
2049500: system.cpu: T0 : 0x147d8    : jal ra, 42488              : IntAlu :  D=0x00000000000147dc
2050000: system.cpu: T0 : 0x1edd0    : andi a5, a0, 7             : IntAlu :  D=0x0000000000000000
2050500: system.cpu: T0 : 0x1edd4    : c_beqz a5, 26              : IntAlu : 
2051000: system.cpu: T0 : 0x1edee    : c_mv a5, a0                : IntAlu :  D=0x000000000004ff30
2051500: system.cpu: T0 : 0x1edf0    : ld a6, -2024(gp)           : MemRead :  D=0xfefefefefefefeff A=0x70848
2052000: system.cpu: T0 : 0x1edf4    : ld a1, -2016(gp)           : MemRead :  D=0x8080808080808080 A=0x70850
2052500: system.cpu: T0 : 0x1edf8    : c_ld a2, 0(a5)             : MemRead :  D=0x5f444e49425f444c A=0x4ff30
2053500: system.cpu: T0 : 0x1edfa    : addi a3, a5, 8             : IntAlu :  D=0x000000000004ff38
2054500: system.cpu: T0 : 0x1edfe    : add a4, a2, a6             : IntAlu :  D=0x5e434d48415e434b
2055500: system.cpu: T0 : 0x1ee02    : xori a2, a2, 18446744073709551615 : IntAlu :  D=0xa0bbb1b6bda0bbb3
2056000: system.cpu: T0 : 0x1ee06    : c_and a4, a2               : IntAlu :  D=0x0003010001000303
2056500: system.cpu: T0 : 0x1ee08    : c_and a4, a1               : IntAlu :  D=0x0000000000000000
2057000: system.cpu: T0 : 0x1ee0a    : c_beqz a4, 50              : IntAlu : 
2057500: system.cpu: T0 : 0x1ee3c    : c_mv a5, a3                : IntAlu :  D=0x000000000004ff38
2058000: system.cpu: T0 : 0x1ee3e    : c_j -70                    : IntAlu : 
2058500: system.cpu: T0 : 0x1edf8    : c_ld a2, 0(a5)             : MemRead :  D=0x0000000000544f4e A=0x4ff38
2059500: system.cpu: T0 : 0x1edfa    : addi a3, a5, 8             : IntAlu :  D=0x000000000004ff40
2060500: system.cpu: T0 : 0x1edfe    : add a4, a2, a6             : IntAlu :  D=0xfefefefeff534e4d
2061500: system.cpu: T0 : 0x1ee02    : xori a2, a2, 18446744073709551615 : IntAlu :  D=0xffffffffffabb0b1
2062000: system.cpu: T0 : 0x1ee06    : c_and a4, a2               : IntAlu :  D=0xfefefefeff030001
2062500: system.cpu: T0 : 0x1ee08    : c_and a4, a1               : IntAlu :  D=0x8080808080000000
2063000: system.cpu: T0 : 0x1ee0a    : c_beqz a4, 50              : IntAlu : 
2063500: system.cpu: T0 : 0x1ee0c    : lbu a4, -8(a3)             : MemRead :  D=0x000000000000004e A=0x4ff38
2064000: system.cpu: T0 : 0x1ee10    : c_beqz a4, -40             : IntAlu : 
2065000: system.cpu: T0 : 0x1ee12    : lbu a4, -7(a3)             : MemRead :  D=0x000000000000004f A=0x4ff39
2065500: system.cpu: T0 : 0x1ee16    : c_beqz a4, 50              : IntAlu : 
2066000: system.cpu: T0 : 0x1ee18    : lbu a4, -6(a3)             : MemRead :  D=0x0000000000000054 A=0x4ff3a
2066500: system.cpu: T0 : 0x1ee1c    : c_beqz a4, 52              : IntAlu : 
2067500: system.cpu: T0 : 0x1ee1e    : lbu a4, -5(a3)             : MemRead :  D=0x0000000000000000 A=0x4ff3b
2068000: system.cpu: T0 : 0x1ee22    : c_beqz a4, 54              : IntAlu : 
2068500: system.cpu: T0 : 0x1ee58    : c_sub a5, a0               : IntAlu :  D=0x0000000000000008
2069500: system.cpu: T0 : 0x1ee5a    : addi a0, a5, 3             : IntAlu :  D=0x000000000000000b
2070000: system.cpu: T0 : 0x1ee5e    : c_jr ra                    : IntAlu : 
2070500: system.cpu: T0 : 0x147dc    : slli a5, s5, 8             : IntAlu :  D=0x0000000000004400
2071000: system.cpu: T0 : 0x147e0    : or a5, s2, a5              : IntAlu :  D=0x000000000000444c
2071500: system.cpu: T0 : 0x147e4    : slliw s2, a5, 16           : IntAlu :  D=0x00000000444c0000
2072000: system.cpu: T0 : 0x147e8    : c_mv s3, a0                : IntAlu :  D=0x000000000000000b
2073000: system.cpu: T0 : 0x147ea    : sraiw s2, s2, 16           : IntAlu :  D=0x000000000000444c
2074000: system.cpu: T0 : 0x147ee    : addi s5, a0, -2            : IntAlu :  D=0x0000000000000009
2074500: system.cpu: T0 : 0x147f2    : c_addi s4, 2               : IntAlu :  D=0x000000000004ff32
2075000: system.cpu: T0 : 0x147f4    : c_beqz s0, -50             : IntAlu : 
2075500: system.cpu: T0 : 0x147c2    : c_ldsp ra, 56(sp)          : MemRead :  D=0x0000000000022966 A=0x7ffffffffffffd28
2076000: system.cpu: T0 : 0x147c4    : c_mv a0, s0                : IntAlu :  D=0x0000000000000000
2076500: system.cpu: T0 : 0x147c6    : c_ldsp s0, 48(sp)          : MemRead :  D=0x000000000006ef80 A=0x7ffffffffffffd20
2077000: system.cpu: T0 : 0x147c8    : c_ldsp s1, 40(sp)          : MemRead :  D=0x000000000006fe60 A=0x7ffffffffffffd18
2077500: system.cpu: T0 : 0x147ca    : c_ldsp s2, 32(sp)          : MemRead :  D=0x0000000000072000 A=0x7ffffffffffffd10
2078000: system.cpu: T0 : 0x147cc    : c_ldsp s3, 24(sp)          : MemRead :  D=0x0000000000072000 A=0x7ffffffffffffd08
2078500: system.cpu: T0 : 0x147ce    : c_ldsp s4, 16(sp)          : MemRead :  D=0x0000000000070000 A=0x7ffffffffffffd00
2079000: system.cpu: T0 : 0x147d0    : c_ldsp s5, 8(sp)           : MemRead :  D=0x0000000000072000 A=0x7ffffffffffffcf8
2079500: system.cpu: T0 : 0x147d2    : c_ldsp s6, 0(sp)           : MemRead :  D=0x0000000000072000 A=0x7ffffffffffffcf0
2080000: system.cpu: T0 : 0x147d4    : c_addi16sp sp, 64          : IntAlu :  D=0x7ffffffffffffd30
2080500: system.cpu: T0 : 0x147d6    : c_jr ra                    : IntAlu : 
2081000: system.cpu: T0 : 0x22966    : c_li a5, 0                 : IntAlu :  D=0x0000000000000000
2081500: system.cpu: T0 : 0x22968    : c_beqz a0, 10              : IntAlu : 
2082500: system.cpu: T0 : 0x22972    : lui a0, 80                 : IntAlu :  D=0x0000000000050000
2083500: system.cpu: T0 : 0x22976    : lui a4, 114                : IntAlu :  D=0x0000000000072000
2084500: system.cpu: T0 : 0x2297a    : addi a0, a0, -192          : IntAlu :  D=0x000000000004ff40
2085500: system.cpu: T0 : 0x2297e    : sw a5, -456(a4)            : MemWrite :  D=0x0000000000000000 A=0x71e38
2086500: system.cpu: T0 : 0x22982    : jal ra, -57902             : IntAlu :  D=0x0000000000022986
2087000: system.cpu: T0 : 0x14754    : c_addi16sp sp, -64         : IntAlu :  D=0x7ffffffffffffcf0
2087500: system.cpu: T0 : 0x14756    : c_sdsp s1, 40(sp)          : MemWrite :  D=0x000000000006fe60 A=0x7ffffffffffffd18
2088000: system.cpu: T0 : 0x14758    : ld s1, -1360(gp)           : MemRead :  D=0x7fffffffffffff48 A=0x70ae0
2088500: system.cpu: T0 : 0x1475c    : c_sdsp ra, 56(sp)          : MemWrite :  D=0x0000000000022986 A=0x7ffffffffffffd28
2089000: system.cpu: T0 : 0x1475e    : c_sdsp s0, 48(sp)          : MemWrite :  D=0x000000000006ef80 A=0x7ffffffffffffd20
2089500: system.cpu: T0 : 0x14760    : c_sdsp s2, 32(sp)          : MemWrite :  D=0x0000000000072000 A=0x7ffffffffffffd10
2090000: system.cpu: T0 : 0x14762    : c_sdsp s3, 24(sp)          : MemWrite :  D=0x0000000000072000 A=0x7ffffffffffffd08
2090500: system.cpu: T0 : 0x14764    : c_sdsp s4, 16(sp)          : MemWrite :  D=0x0000000000070000 A=0x7ffffffffffffd00
2091000: system.cpu: T0 : 0x14766    : c_sdsp s5, 8(sp)           : MemWrite :  D=0x0000000000072000 A=0x7ffffffffffffcf8
2091500: system.cpu: T0 : 0x14768    : c_sdsp s6, 0(sp)           : MemWrite :  D=0x0000000000072000 A=0x7ffffffffffffcf0
2092000: system.cpu: T0 : 0x1476a    : c_beqz s1, 210             : IntAlu : 
2092500: system.cpu: T0 : 0x1476c    : lbu a5, 0(a0)              : MemRead :  D=0x000000000000004c A=0x4ff40
2093000: system.cpu: T0 : 0x14770    : c_mv s4, a0                : IntAlu :  D=0x000000000004ff40
2093500: system.cpu: T0 : 0x14772    : c_beqz a5, 202             : IntAlu : 
2094000: system.cpu: T0 : 0x14774    : lbu s5, 1(a0)              : MemRead :  D=0x0000000000000044 A=0x4ff41
2094500: system.cpu: T0 : 0x14778    : slliw s2, a5, 16           : IntAlu :  D=0x00000000004c0000
2095000: system.cpu: T0 : 0x1477c    : c_ld s0, 0(s1)             : MemRead :  D=0x0000000000000000 A=0x7fffffffffffff48
2096000: system.cpu: T0 : 0x1477e    : sraiw s2, s2, 16           : IntAlu :  D=0x000000000000004c
2097000: system.cpu: T0 : 0x14782    : bne s5, zero, 86           : IntAlu : 
2097500: system.cpu: T0 : 0x147d8    : jal ra, 42488              : IntAlu :  D=0x00000000000147dc
2098000: system.cpu: T0 : 0x1edd0    : andi a5, a0, 7             : IntAlu :  D=0x0000000000000000
2098500: system.cpu: T0 : 0x1edd4    : c_beqz a5, 26              : IntAlu : 
2099000: system.cpu: T0 : 0x1edee    : c_mv a5, a0                : IntAlu :  D=0x000000000004ff40
2099500: system.cpu: T0 : 0x1edf0    : ld a6, -2024(gp)           : MemRead :  D=0xfefefefefefefeff A=0x70848
2100000: system.cpu: T0 : 0x1edf4    : ld a1, -2016(gp)           : MemRead :  D=0x8080808080808080 A=0x70850
2100500: system.cpu: T0 : 0x1edf8    : c_ld a2, 0(a5)             : MemRead :  D=0x4d414e59445f444c A=0x4ff40
2101500: system.cpu: T0 : 0x1edfa    : addi a3, a5, 8             : IntAlu :  D=0x000000000004ff48
2102500: system.cpu: T0 : 0x1edfe    : add a4, a2, a6             : IntAlu :  D=0x4c404d58435e434b
2103500: system.cpu: T0 : 0x1ee02    : xori a2, a2, 18446744073709551615 : IntAlu :  D=0xb2beb1a6bba0bbb3
2104000: system.cpu: T0 : 0x1ee06    : c_and a4, a2               : IntAlu :  D=0x0000010003000303
2104500: system.cpu: T0 : 0x1ee08    : c_and a4, a1               : IntAlu :  D=0x0000000000000000
2105000: system.cpu: T0 : 0x1ee0a    : c_beqz a4, 50              : IntAlu : 
2105500: system.cpu: T0 : 0x1ee3c    : c_mv a5, a3                : IntAlu :  D=0x000000000004ff48
2106000: system.cpu: T0 : 0x1ee3e    : c_j -70                    : IntAlu : 
2106500: system.cpu: T0 : 0x1edf8    : c_ld a2, 0(a5)             : MemRead :  D=0x004b4145575f4349 A=0x4ff48
2107500: system.cpu: T0 : 0x1edfa    : addi a3, a5, 8             : IntAlu :  D=0x000000000004ff50
2108500: system.cpu: T0 : 0x1edfe    : add a4, a2, a6             : IntAlu :  D=0xff4a4044565e4248
2109500: system.cpu: T0 : 0x1ee02    : xori a2, a2, 18446744073709551615 : IntAlu :  D=0xffb4bebaa8a0bcb6
2110000: system.cpu: T0 : 0x1ee06    : c_and a4, a2               : IntAlu :  D=0xff00000000000000
2110500: system.cpu: T0 : 0x1ee08    : c_and a4, a1               : IntAlu :  D=0x8000000000000000
2111000: system.cpu: T0 : 0x1ee0a    : c_beqz a4, 50              : IntAlu : 
2111500: system.cpu: T0 : 0x1ee0c    : lbu a4, -8(a3)             : MemRead :  D=0x0000000000000049 A=0x4ff48
2112000: system.cpu: T0 : 0x1ee10    : c_beqz a4, -40             : IntAlu : 
2113000: system.cpu: T0 : 0x1ee12    : lbu a4, -7(a3)             : MemRead :  D=0x0000000000000043 A=0x4ff49
2113500: system.cpu: T0 : 0x1ee16    : c_beqz a4, 50              : IntAlu : 
2114000: system.cpu: T0 : 0x1ee18    : lbu a4, -6(a3)             : MemRead :  D=0x000000000000005f A=0x4ff4a
2114500: system.cpu: T0 : 0x1ee1c    : c_beqz a4, 52              : IntAlu : 
2115500: system.cpu: T0 : 0x1ee1e    : lbu a4, -5(a3)             : MemRead :  D=0x0000000000000057 A=0x4ff4b
2116000: system.cpu: T0 : 0x1ee22    : c_beqz a4, 54              : IntAlu : 
2116500: system.cpu: T0 : 0x1ee24    : lbu a4, -4(a3)             : MemRead :  D=0x0000000000000045 A=0x4ff4c
2117000: system.cpu: T0 : 0x1ee28    : c_beqz a4, 56              : IntAlu : 
2118000: system.cpu: T0 : 0x1ee2a    : lbu a4, -3(a3)             : MemRead :  D=0x0000000000000041 A=0x4ff4d
2118500: system.cpu: T0 : 0x1ee2e    : c_beqz a4, 58              : IntAlu : 
2119000: system.cpu: T0 : 0x1ee30    : lbu a4, -2(a3)             : MemRead :  D=0x000000000000004b A=0x4ff4e
2119500: system.cpu: T0 : 0x1ee34    : c_beqz a4, 60              : IntAlu : 
2120500: system.cpu: T0 : 0x1ee36    : lbu a4, -1(a3)             : MemRead :  D=0x0000000000000000 A=0x4ff4f
2121000: system.cpu: T0 : 0x1ee3a    : c_beqz a4, 6               : IntAlu : 
2121500: system.cpu: T0 : 0x1ee40    : c_sub a5, a0               : IntAlu :  D=0x0000000000000008
2122500: system.cpu: T0 : 0x1ee42    : addi a0, a5, 7             : IntAlu :  D=0x000000000000000f
2123000: system.cpu: T0 : 0x1ee46    : c_jr ra                    : IntAlu : 
2123500: system.cpu: T0 : 0x147dc    : slli a5, s5, 8             : IntAlu :  D=0x0000000000004400
2124000: system.cpu: T0 : 0x147e0    : or a5, s2, a5              : IntAlu :  D=0x000000000000444c
2124500: system.cpu: T0 : 0x147e4    : slliw s2, a5, 16           : IntAlu :  D=0x00000000444c0000
2125000: system.cpu: T0 : 0x147e8    : c_mv s3, a0                : IntAlu :  D=0x000000000000000f
2126000: system.cpu: T0 : 0x147ea    : sraiw s2, s2, 16           : IntAlu :  D=0x000000000000444c
2127000: system.cpu: T0 : 0x147ee    : addi s5, a0, -2            : IntAlu :  D=0x000000000000000d
2127500: system.cpu: T0 : 0x147f2    : c_addi s4, 2               : IntAlu :  D=0x000000000004ff42
2128000: system.cpu: T0 : 0x147f4    : c_beqz s0, -50             : IntAlu : 
2128500: system.cpu: T0 : 0x147c2    : c_ldsp ra, 56(sp)          : MemRead :  D=0x0000000000022986 A=0x7ffffffffffffd28
2129000: system.cpu: T0 : 0x147c4    : c_mv a0, s0                : IntAlu :  D=0x0000000000000000
2129500: system.cpu: T0 : 0x147c6    : c_ldsp s0, 48(sp)          : MemRead :  D=0x000000000006ef80 A=0x7ffffffffffffd20
2130000: system.cpu: T0 : 0x147c8    : c_ldsp s1, 40(sp)          : MemRead :  D=0x000000000006fe60 A=0x7ffffffffffffd18
2130500: system.cpu: T0 : 0x147ca    : c_ldsp s2, 32(sp)          : MemRead :  D=0x0000000000072000 A=0x7ffffffffffffd10
2131000: system.cpu: T0 : 0x147cc    : c_ldsp s3, 24(sp)          : MemRead :  D=0x0000000000072000 A=0x7ffffffffffffd08
2131500: system.cpu: T0 : 0x147ce    : c_ldsp s4, 16(sp)          : MemRead :  D=0x0000000000070000 A=0x7ffffffffffffd00
2132000: system.cpu: T0 : 0x147d0    : c_ldsp s5, 8(sp)           : MemRead :  D=0x0000000000072000 A=0x7ffffffffffffcf8
2132500: system.cpu: T0 : 0x147d2    : c_ldsp s6, 0(sp)           : MemRead :  D=0x0000000000072000 A=0x7ffffffffffffcf0
2133000: system.cpu: T0 : 0x147d4    : c_addi16sp sp, 64          : IntAlu :  D=0x7ffffffffffffd30
2133500: system.cpu: T0 : 0x147d6    : c_jr ra                    : IntAlu : 
2134000: system.cpu: T0 : 0x22986    : c_li a5, 1                 : IntAlu :  D=0x0000000000000001
2134500: system.cpu: T0 : 0x22988    : c_beqz a0, 10              : IntAlu : 
2135500: system.cpu: T0 : 0x22992    : lui a0, 80                 : IntAlu :  D=0x0000000000050000
2136500: system.cpu: T0 : 0x22996    : lui a4, 114                : IntAlu :  D=0x0000000000072000
2137500: system.cpu: T0 : 0x2299a    : addi a0, a0, -176          : IntAlu :  D=0x000000000004ff50
2138500: system.cpu: T0 : 0x2299e    : sw a5, -380(a4)            : MemWrite :  D=0x0000000000000001 A=0x71e84
2139500: system.cpu: T0 : 0x229a2    : jal ra, -57934             : IntAlu :  D=0x00000000000229a6
2140000: system.cpu: T0 : 0x14754    : c_addi16sp sp, -64         : IntAlu :  D=0x7ffffffffffffcf0
2140500: system.cpu: T0 : 0x14756    : c_sdsp s1, 40(sp)          : MemWrite :  D=0x000000000006fe60 A=0x7ffffffffffffd18
2141000: system.cpu: T0 : 0x14758    : ld s1, -1360(gp)           : MemRead :  D=0x7fffffffffffff48 A=0x70ae0
2141500: system.cpu: T0 : 0x1475c    : c_sdsp ra, 56(sp)          : MemWrite :  D=0x00000000000229a6 A=0x7ffffffffffffd28
2142000: system.cpu: T0 : 0x1475e    : c_sdsp s0, 48(sp)          : MemWrite :  D=0x000000000006ef80 A=0x7ffffffffffffd20
2142500: system.cpu: T0 : 0x14760    : c_sdsp s2, 32(sp)          : MemWrite :  D=0x0000000000072000 A=0x7ffffffffffffd10
2143000: system.cpu: T0 : 0x14762    : c_sdsp s3, 24(sp)          : MemWrite :  D=0x0000000000072000 A=0x7ffffffffffffd08
2143500: system.cpu: T0 : 0x14764    : c_sdsp s4, 16(sp)          : MemWrite :  D=0x0000000000070000 A=0x7ffffffffffffd00
2144000: system.cpu: T0 : 0x14766    : c_sdsp s5, 8(sp)           : MemWrite :  D=0x0000000000072000 A=0x7ffffffffffffcf8
2144500: system.cpu: T0 : 0x14768    : c_sdsp s6, 0(sp)           : MemWrite :  D=0x0000000000072000 A=0x7ffffffffffffcf0
2145000: system.cpu: T0 : 0x1476a    : c_beqz s1, 210             : IntAlu : 
2145500: system.cpu: T0 : 0x1476c    : lbu a5, 0(a0)              : MemRead :  D=0x000000000000004c A=0x4ff50
2146000: system.cpu: T0 : 0x14770    : c_mv s4, a0                : IntAlu :  D=0x000000000004ff50
2146500: system.cpu: T0 : 0x14772    : c_beqz a5, 202             : IntAlu : 
2147000: system.cpu: T0 : 0x14774    : lbu s5, 1(a0)              : MemRead :  D=0x0000000000000044 A=0x4ff51
2147500: system.cpu: T0 : 0x14778    : slliw s2, a5, 16           : IntAlu :  D=0x00000000004c0000
2148000: system.cpu: T0 : 0x1477c    : c_ld s0, 0(s1)             : MemRead :  D=0x0000000000000000 A=0x7fffffffffffff48
2149000: system.cpu: T0 : 0x1477e    : sraiw s2, s2, 16           : IntAlu :  D=0x000000000000004c
2150000: system.cpu: T0 : 0x14782    : bne s5, zero, 86           : IntAlu : 
2150500: system.cpu: T0 : 0x147d8    : jal ra, 42488              : IntAlu :  D=0x00000000000147dc
2151000: system.cpu: T0 : 0x1edd0    : andi a5, a0, 7             : IntAlu :  D=0x0000000000000000
2151500: system.cpu: T0 : 0x1edd4    : c_beqz a5, 26              : IntAlu : 
2152000: system.cpu: T0 : 0x1edee    : c_mv a5, a0                : IntAlu :  D=0x000000000004ff50
2152500: system.cpu: T0 : 0x1edf0    : ld a6, -2024(gp)           : MemRead :  D=0xfefefefefefefeff A=0x70848
2153000: system.cpu: T0 : 0x1edf4    : ld a1, -2016(gp)           : MemRead :  D=0x8080808080808080 A=0x70850
2153500: system.cpu: T0 : 0x1edf8    : c_ld a2, 0(a5)             : MemRead :  D=0x49464f52505f444c A=0x4ff50
2154500: system.cpu: T0 : 0x1edfa    : addi a3, a5, 8             : IntAlu :  D=0x000000000004ff58
2155500: system.cpu: T0 : 0x1edfe    : add a4, a2, a6             : IntAlu :  D=0x48454e514f5e434b
2156500: system.cpu: T0 : 0x1ee02    : xori a2, a2, 18446744073709551615 : IntAlu :  D=0xb6b9b0adafa0bbb3
2157000: system.cpu: T0 : 0x1ee06    : c_and a4, a2               : IntAlu :  D=0x000100010f000303
2157500: system.cpu: T0 : 0x1ee08    : c_and a4, a1               : IntAlu :  D=0x0000000000000000
2158000: system.cpu: T0 : 0x1ee0a    : c_beqz a4, 50              : IntAlu : 
2158500: system.cpu: T0 : 0x1ee3c    : c_mv a5, a3                : IntAlu :  D=0x000000000004ff58
2159000: system.cpu: T0 : 0x1ee3e    : c_j -70                    : IntAlu : 
2159500: system.cpu: T0 : 0x1edf8    : c_ld a2, 0(a5)             : MemRead :  D=0x555054554f5f454c A=0x4ff58
2160500: system.cpu: T0 : 0x1edfa    : addi a3, a5, 8             : IntAlu :  D=0x000000000004ff60
2161500: system.cpu: T0 : 0x1edfe    : add a4, a2, a6             : IntAlu :  D=0x544f53544e5e444b
2162500: system.cpu: T0 : 0x1ee02    : xori a2, a2, 18446744073709551615 : IntAlu :  D=0xaaafabaab0a0bab3
2163000: system.cpu: T0 : 0x1ee06    : c_and a4, a2               : IntAlu :  D=0x000f030000000003
2163500: system.cpu: T0 : 0x1ee08    : c_and a4, a1               : IntAlu :  D=0x0000000000000000
2164000: system.cpu: T0 : 0x1ee0a    : c_beqz a4, 50              : IntAlu : 
2164500: system.cpu: T0 : 0x1ee3c    : c_mv a5, a3                : IntAlu :  D=0x000000000004ff60
2165000: system.cpu: T0 : 0x1ee3e    : c_j -70                    : IntAlu : 
2165500: system.cpu: T0 : 0x1edf8    : c_ld a2, 0(a5)             : MemRead :  D=0x0000000000000054 A=0x4ff60
2166500: system.cpu: T0 : 0x1edfa    : addi a3, a5, 8             : IntAlu :  D=0x000000000004ff68
2167500: system.cpu: T0 : 0x1edfe    : add a4, a2, a6             : IntAlu :  D=0xfefefefefefeff53
2168500: system.cpu: T0 : 0x1ee02    : xori a2, a2, 18446744073709551615 : IntAlu :  D=0xffffffffffffffab
2169000: system.cpu: T0 : 0x1ee06    : c_and a4, a2               : IntAlu :  D=0xfefefefefefeff03
2169500: system.cpu: T0 : 0x1ee08    : c_and a4, a1               : IntAlu :  D=0x8080808080808000
2170000: system.cpu: T0 : 0x1ee0a    : c_beqz a4, 50              : IntAlu : 
2170500: system.cpu: T0 : 0x1ee0c    : lbu a4, -8(a3)             : MemRead :  D=0x0000000000000054 A=0x4ff60
2171000: system.cpu: T0 : 0x1ee10    : c_beqz a4, -40             : IntAlu : 
2172000: system.cpu: T0 : 0x1ee12    : lbu a4, -7(a3)             : MemRead :  D=0x0000000000000000 A=0x4ff61
2172500: system.cpu: T0 : 0x1ee16    : c_beqz a4, 50              : IntAlu : 
2173000: system.cpu: T0 : 0x1ee48    : c_sub a5, a0               : IntAlu :  D=0x0000000000000010
2174000: system.cpu: T0 : 0x1ee4a    : addi a0, a5, 1             : IntAlu :  D=0x0000000000000011
2174500: system.cpu: T0 : 0x1ee4e    : c_jr ra                    : IntAlu : 
2175000: system.cpu: T0 : 0x147dc    : slli a5, s5, 8             : IntAlu :  D=0x0000000000004400
2175500: system.cpu: T0 : 0x147e0    : or a5, s2, a5              : IntAlu :  D=0x000000000000444c
2176000: system.cpu: T0 : 0x147e4    : slliw s2, a5, 16           : IntAlu :  D=0x00000000444c0000
2176500: system.cpu: T0 : 0x147e8    : c_mv s3, a0                : IntAlu :  D=0x0000000000000011
2177500: system.cpu: T0 : 0x147ea    : sraiw s2, s2, 16           : IntAlu :  D=0x000000000000444c
2178500: system.cpu: T0 : 0x147ee    : addi s5, a0, -2            : IntAlu :  D=0x000000000000000f
2179000: system.cpu: T0 : 0x147f2    : c_addi s4, 2               : IntAlu :  D=0x000000000004ff52
2179500: system.cpu: T0 : 0x147f4    : c_beqz s0, -50             : IntAlu : 
2180000: system.cpu: T0 : 0x147c2    : c_ldsp ra, 56(sp)          : MemRead :  D=0x00000000000229a6 A=0x7ffffffffffffd28
2180500: system.cpu: T0 : 0x147c4    : c_mv a0, s0                : IntAlu :  D=0x0000000000000000
2181000: system.cpu: T0 : 0x147c6    : c_ldsp s0, 48(sp)          : MemRead :  D=0x000000000006ef80 A=0x7ffffffffffffd20
2181500: system.cpu: T0 : 0x147c8    : c_ldsp s1, 40(sp)          : MemRead :  D=0x000000000006fe60 A=0x7ffffffffffffd18
2182000: system.cpu: T0 : 0x147ca    : c_ldsp s2, 32(sp)          : MemRead :  D=0x0000000000072000 A=0x7ffffffffffffd10
2182500: system.cpu: T0 : 0x147cc    : c_ldsp s3, 24(sp)          : MemRead :  D=0x0000000000072000 A=0x7ffffffffffffd08
2183000: system.cpu: T0 : 0x147ce    : c_ldsp s4, 16(sp)          : MemRead :  D=0x0000000000070000 A=0x7ffffffffffffd00
2183500: system.cpu: T0 : 0x147d0    : c_ldsp s5, 8(sp)           : MemRead :  D=0x0000000000072000 A=0x7ffffffffffffcf8
2184000: system.cpu: T0 : 0x147d2    : c_ldsp s6, 0(sp)           : MemRead :  D=0x0000000000072000 A=0x7ffffffffffffcf0
2184500: system.cpu: T0 : 0x147d4    : c_addi16sp sp, 64          : IntAlu :  D=0x7ffffffffffffd30
2185000: system.cpu: T0 : 0x147d6    : c_jr ra                    : IntAlu : 
2186000: system.cpu: T0 : 0x229a6    : lui a4, 114                : IntAlu :  D=0x0000000000072000
2187000: system.cpu: T0 : 0x229aa    : sd a0, -496(a4)            : MemWrite :  D=0x0000000000000000 A=0x71e10
2188000: system.cpu: T0 : 0x229ae    : beq a0, zero, 550          : IntAlu : 
2188500: system.cpu: T0 : 0x22bd4    : lui a5, 111                : IntAlu :  D=0x000000000006f000
2189000: system.cpu: T0 : 0x22bd8    : lw a5, -72(a5)             : MemRead :  D=0x0000000000000000 A=0x6efb8
2189500: system.cpu: T0 : 0x22bdc    : c_beqz a5, -140            : IntAlu : 
2190000: system.cpu: T0 : 0x22b50    : lui a3, 80                 : IntAlu :  D=0x0000000000050000
2190500: system.cpu: T0 : 0x22b54    : addi a3, a3, -896          : IntAlu :  D=0x000000000004fc80
2191000: system.cpu: T0 : 0x22b58    : c_j -396                   : IntAlu : 
2191500: system.cpu: T0 : 0x229cc    : sd a3, -496(a4)            : MemWrite :  D=0x000000000004fc80 A=0x71e10
2192000: system.cpu: T0 : 0x229d0    : bne a5, zero, 344          : IntAlu : 
2192500: system.cpu: T0 : 0x229d4    : lui a0, 80                 : IntAlu :  D=0x0000000000050000
2193000: system.cpu: T0 : 0x229d8    : addi a0, a0, -152          : IntAlu :  D=0x000000000004ff68
2193500: system.cpu: T0 : 0x229dc    : jal ra, -57992             : IntAlu :  D=0x00000000000229e0
2194000: system.cpu: T0 : 0x14754    : c_addi16sp sp, -64         : IntAlu :  D=0x7ffffffffffffcf0
2194500: system.cpu: T0 : 0x14756    : c_sdsp s1, 40(sp)          : MemWrite :  D=0x000000000006fe60 A=0x7ffffffffffffd18
2195000: system.cpu: T0 : 0x14758    : ld s1, -1360(gp)           : MemRead :  D=0x7fffffffffffff48 A=0x70ae0
2195500: system.cpu: T0 : 0x1475c    : c_sdsp ra, 56(sp)          : MemWrite :  D=0x00000000000229e0 A=0x7ffffffffffffd28
2196000: system.cpu: T0 : 0x1475e    : c_sdsp s0, 48(sp)          : MemWrite :  D=0x000000000006ef80 A=0x7ffffffffffffd20
2196500: system.cpu: T0 : 0x14760    : c_sdsp s2, 32(sp)          : MemWrite :  D=0x0000000000072000 A=0x7ffffffffffffd10
2197000: system.cpu: T0 : 0x14762    : c_sdsp s3, 24(sp)          : MemWrite :  D=0x0000000000072000 A=0x7ffffffffffffd08
2197500: system.cpu: T0 : 0x14764    : c_sdsp s4, 16(sp)          : MemWrite :  D=0x0000000000070000 A=0x7ffffffffffffd00
2198000: system.cpu: T0 : 0x14766    : c_sdsp s5, 8(sp)           : MemWrite :  D=0x0000000000072000 A=0x7ffffffffffffcf8
2198500: system.cpu: T0 : 0x14768    : c_sdsp s6, 0(sp)           : MemWrite :  D=0x0000000000072000 A=0x7ffffffffffffcf0
2199000: system.cpu: T0 : 0x1476a    : c_beqz s1, 210             : IntAlu : 
2199500: system.cpu: T0 : 0x1476c    : lbu a5, 0(a0)              : MemRead :  D=0x000000000000004c A=0x4ff68
2200000: system.cpu: T0 : 0x14770    : c_mv s4, a0                : IntAlu :  D=0x000000000004ff68
2200500: system.cpu: T0 : 0x14772    : c_beqz a5, 202             : IntAlu : 
2201000: system.cpu: T0 : 0x14774    : lbu s5, 1(a0)              : MemRead :  D=0x0000000000000044 A=0x4ff69
2201500: system.cpu: T0 : 0x14778    : slliw s2, a5, 16           : IntAlu :  D=0x00000000004c0000
2202000: system.cpu: T0 : 0x1477c    : c_ld s0, 0(s1)             : MemRead :  D=0x0000000000000000 A=0x7fffffffffffff48
2203000: system.cpu: T0 : 0x1477e    : sraiw s2, s2, 16           : IntAlu :  D=0x000000000000004c
2204000: system.cpu: T0 : 0x14782    : bne s5, zero, 86           : IntAlu : 
2204500: system.cpu: T0 : 0x147d8    : jal ra, 42488              : IntAlu :  D=0x00000000000147dc
2205000: system.cpu: T0 : 0x1edd0    : andi a5, a0, 7             : IntAlu :  D=0x0000000000000000
2205500: system.cpu: T0 : 0x1edd4    : c_beqz a5, 26              : IntAlu : 
2206000: system.cpu: T0 : 0x1edee    : c_mv a5, a0                : IntAlu :  D=0x000000000004ff68
2206500: system.cpu: T0 : 0x1edf0    : ld a6, -2024(gp)           : MemRead :  D=0xfefefefefefefeff A=0x70848
2207000: system.cpu: T0 : 0x1edf4    : ld a1, -2016(gp)           : MemRead :  D=0x8080808080808080 A=0x70850
2207500: system.cpu: T0 : 0x1edf8    : c_ld a2, 0(a5)             : MemRead :  D=0x4d555353415f444c A=0x4ff68
2208500: system.cpu: T0 : 0x1edfa    : addi a3, a5, 8             : IntAlu :  D=0x000000000004ff70
2209500: system.cpu: T0 : 0x1edfe    : add a4, a2, a6             : IntAlu :  D=0x4c545252405e434b
2210500: system.cpu: T0 : 0x1ee02    : xori a2, a2, 18446744073709551615 : IntAlu :  D=0xb2aaacacbea0bbb3
2211000: system.cpu: T0 : 0x1ee06    : c_and a4, a2               : IntAlu :  D=0x0000000000000303
2211500: system.cpu: T0 : 0x1ee08    : c_and a4, a1               : IntAlu :  D=0x0000000000000000
2212000: system.cpu: T0 : 0x1ee0a    : c_beqz a4, 50              : IntAlu : 
2212500: system.cpu: T0 : 0x1ee3c    : c_mv a5, a3                : IntAlu :  D=0x000000000004ff70
2213000: system.cpu: T0 : 0x1ee3e    : c_j -70                    : IntAlu : 
2213500: system.cpu: T0 : 0x1edf8    : c_ld a2, 0(a5)             : MemRead :  D=0x4c454e52454b5f45 A=0x4ff70
2214500: system.cpu: T0 : 0x1edfa    : addi a3, a5, 8             : IntAlu :  D=0x000000000004ff78
2215500: system.cpu: T0 : 0x1edfe    : add a4, a2, a6             : IntAlu :  D=0x4b444d51444a5e44
2216500: system.cpu: T0 : 0x1ee02    : xori a2, a2, 18446744073709551615 : IntAlu :  D=0xb3bab1adbab4a0ba
2217000: system.cpu: T0 : 0x1ee06    : c_and a4, a2               : IntAlu :  D=0x0300010100000000
2217500: system.cpu: T0 : 0x1ee08    : c_and a4, a1               : IntAlu :  D=0x0000000000000000
2218000: system.cpu: T0 : 0x1ee0a    : c_beqz a4, 50              : IntAlu : 
2218500: system.cpu: T0 : 0x1ee3c    : c_mv a5, a3                : IntAlu :  D=0x000000000004ff78
2219000: system.cpu: T0 : 0x1ee3e    : c_j -70                    : IntAlu : 
2219500: system.cpu: T0 : 0x1edf8    : c_ld a2, 0(a5)             : MemRead :  D=0x0000000000000000 A=0x4ff78
2220500: system.cpu: T0 : 0x1edfa    : addi a3, a5, 8             : IntAlu :  D=0x000000000004ff80
2221500: system.cpu: T0 : 0x1edfe    : add a4, a2, a6             : IntAlu :  D=0xfefefefefefefeff
2222500: system.cpu: T0 : 0x1ee02    : xori a2, a2, 18446744073709551615 : IntAlu :  D=0xffffffffffffffff
2223000: system.cpu: T0 : 0x1ee06    : c_and a4, a2               : IntAlu :  D=0xfefefefefefefeff
2223500: system.cpu: T0 : 0x1ee08    : c_and a4, a1               : IntAlu :  D=0x8080808080808080
2224000: system.cpu: T0 : 0x1ee0a    : c_beqz a4, 50              : IntAlu : 
2224500: system.cpu: T0 : 0x1ee0c    : lbu a4, -8(a3)             : MemRead :  D=0x0000000000000000 A=0x4ff78
2225000: system.cpu: T0 : 0x1ee10    : c_beqz a4, -40             : IntAlu : 
2225500: system.cpu: T0 : 0x1ede8    : sub a0, a5, a0             : IntAlu :  D=0x0000000000000010
2226000: system.cpu: T0 : 0x1edec    : c_jr ra                    : IntAlu : 
2226500: system.cpu: T0 : 0x147dc    : slli a5, s5, 8             : IntAlu :  D=0x0000000000004400
2227000: system.cpu: T0 : 0x147e0    : or a5, s2, a5              : IntAlu :  D=0x000000000000444c
2227500: system.cpu: T0 : 0x147e4    : slliw s2, a5, 16           : IntAlu :  D=0x00000000444c0000
2228000: system.cpu: T0 : 0x147e8    : c_mv s3, a0                : IntAlu :  D=0x0000000000000010
2229000: system.cpu: T0 : 0x147ea    : sraiw s2, s2, 16           : IntAlu :  D=0x000000000000444c
2230000: system.cpu: T0 : 0x147ee    : addi s5, a0, -2            : IntAlu :  D=0x000000000000000e
2230500: system.cpu: T0 : 0x147f2    : c_addi s4, 2               : IntAlu :  D=0x000000000004ff6a
2231000: system.cpu: T0 : 0x147f4    : c_beqz s0, -50             : IntAlu : 
2231500: system.cpu: T0 : 0x147c2    : c_ldsp ra, 56(sp)          : MemRead :  D=0x00000000000229e0 A=0x7ffffffffffffd28
2232000: system.cpu: T0 : 0x147c4    : c_mv a0, s0                : IntAlu :  D=0x0000000000000000
2232500: system.cpu: T0 : 0x147c6    : c_ldsp s0, 48(sp)          : MemRead :  D=0x000000000006ef80 A=0x7ffffffffffffd20
2233000: system.cpu: T0 : 0x147c8    : c_ldsp s1, 40(sp)          : MemRead :  D=0x000000000006fe60 A=0x7ffffffffffffd18
2233500: system.cpu: T0 : 0x147ca    : c_ldsp s2, 32(sp)          : MemRead :  D=0x0000000000072000 A=0x7ffffffffffffd10
2234000: system.cpu: T0 : 0x147cc    : c_ldsp s3, 24(sp)          : MemRead :  D=0x0000000000072000 A=0x7ffffffffffffd08
2234500: system.cpu: T0 : 0x147ce    : c_ldsp s4, 16(sp)          : MemRead :  D=0x0000000000070000 A=0x7ffffffffffffd00
2235000: system.cpu: T0 : 0x147d0    : c_ldsp s5, 8(sp)           : MemRead :  D=0x0000000000072000 A=0x7ffffffffffffcf8
2235500: system.cpu: T0 : 0x147d2    : c_ldsp s6, 0(sp)           : MemRead :  D=0x0000000000072000 A=0x7ffffffffffffcf0
2236000: system.cpu: T0 : 0x147d4    : c_addi16sp sp, 64          : IntAlu :  D=0x7ffffffffffffd30
2236500: system.cpu: T0 : 0x147d6    : c_jr ra                    : IntAlu : 
2237000: system.cpu: T0 : 0x229e0    : c_mv s0, a0                : IntAlu :  D=0x0000000000000000
2237500: system.cpu: T0 : 0x229e2    : c_beqz a0, 76              : IntAlu : 
2238500: system.cpu: T0 : 0x22a2e    : lui a5, 114                : IntAlu :  D=0x0000000000072000
2239500: system.cpu: T0 : 0x22a32    : ld a0, -440(a5)            : MemRead :  D=0x0000000000000000 A=0x71e48
2240000: system.cpu: T0 : 0x22a36    : c_beqz a0, 14              : IntAlu : 
2240500: system.cpu: T0 : 0x22a44    : ld a5, -408(s2)            : MemRead :  D=0x0000000000010040 A=0x71e68
2241000: system.cpu: T0 : 0x22a48    : ld t3, 1120(s1)            : MemRead :  D=0x0000000000000000 A=0x702c0
2241500: system.cpu: T0 : 0x22a4c    : c_beqz a5, 110             : IntAlu : 
2242500: system.cpu: T0 : 0x22a4e    : ld a4, -352(s3)            : MemRead :  D=0x0000000000000006 A=0x71ea0
2243500: system.cpu: T0 : 0x22a52    : slli a3, a4, 3             : IntAlu :  D=0x0000000000000030
2244000: system.cpu: T0 : 0x22a56    : c_sub a3, a4               : IntAlu :  D=0x000000000000002a
2244500: system.cpu: T0 : 0x22a58    : c_slli a3, 3               : IntAlu :  D=0x0000000000000150
2245000: system.cpu: T0 : 0x22a5a    : c_add a3, a5               : IntAlu :  D=0x0000000000010190
2245500: system.cpu: T0 : 0x22a5c    : bgeu a5, a3, 94            : IntAlu : 
2246000: system.cpu: T0 : 0x22a60    : lui a2, 411470             : IntAlu :  D=0x000000006474e000
2246500: system.cpu: T0 : 0x22a64    : addi a1, a2, 1361          : IntAlu :  D=0x000000006474e551
2247000: system.cpu: T0 : 0x22a68    : ld t4, 1112(s1)            : MemRead :  D=0x0000000000000000 A=0x702b8
2247500: system.cpu: T0 : 0x22a6c    : lw t1, -1800(gp)           : MemRead :  D=0x0000000000000006 A=0x70928
2248000: system.cpu: T0 : 0x22a70    : c_mv a6, t3                : IntAlu :  D=0x0000000000000000
2248500: system.cpu: T0 : 0x22a72    : c_li a7, 0                 : IntAlu :  D=0x0000000000000000
2249000: system.cpu: T0 : 0x22a74    : c_li a0, 0                 : IntAlu :  D=0x0000000000000000
2250000: system.cpu: T0 : 0x22a76    : addi a2, a2, 1362          : IntAlu :  D=0x000000006474e552
2250500: system.cpu: T0 : 0x22a7a    : c_j 24                     : IntAlu : 
2251000: system.cpu: T0 : 0x22a92    : c_lw a4, 0(a5)             : MemRead :  D=0x0000000000000001 A=0x10040
2251500: system.cpu: T0 : 0x22a94    : bne a4, a1, -24            : IntAlu : 
2252000: system.cpu: T0 : 0x22a7c    : bne a4, a2, 14             : IntAlu : 
2253000: system.cpu: T0 : 0x22a8a    : addi a5, a5, 56            : IntAlu :  D=0x0000000000010078
2254000: system.cpu: T0 : 0x22a8e    : bgeu a5, a3, 24            : IntAlu : 
2254500: system.cpu: T0 : 0x22a92    : c_lw a4, 0(a5)             : MemRead :  D=0x0000000000000001 A=0x10078
2255000: system.cpu: T0 : 0x22a94    : bne a4, a1, -24            : IntAlu : 
2255500: system.cpu: T0 : 0x22a7c    : bne a4, a2, 14             : IntAlu : 
2256500: system.cpu: T0 : 0x22a8a    : addi a5, a5, 56            : IntAlu :  D=0x00000000000100b0
2257500: system.cpu: T0 : 0x22a8e    : bgeu a5, a3, 24            : IntAlu : 
2258000: system.cpu: T0 : 0x22a92    : c_lw a4, 0(a5)             : MemRead :  D=0x0000000000000004 A=0x100b0
2258500: system.cpu: T0 : 0x22a94    : bne a4, a1, -24            : IntAlu : 
2259000: system.cpu: T0 : 0x22a7c    : bne a4, a2, 14             : IntAlu : 
2260000: system.cpu: T0 : 0x22a8a    : addi a5, a5, 56            : IntAlu :  D=0x00000000000100e8
2261000: system.cpu: T0 : 0x22a8e    : bgeu a5, a3, 24            : IntAlu : 
2261500: system.cpu: T0 : 0x22a92    : c_lw a4, 0(a5)             : MemRead :  D=0x0000000000000007 A=0x100e8
2262000: system.cpu: T0 : 0x22a94    : bne a4, a1, -24            : IntAlu : 
2262500: system.cpu: T0 : 0x22a7c    : bne a4, a2, 14             : IntAlu : 
2263500: system.cpu: T0 : 0x22a8a    : addi a5, a5, 56            : IntAlu :  D=0x0000000000010120
2264500: system.cpu: T0 : 0x22a8e    : bgeu a5, a3, 24            : IntAlu : 
2265000: system.cpu: T0 : 0x22a92    : c_lw a4, 0(a5)             : MemRead :  D=0x000000006474e551 A=0x10120
2265500: system.cpu: T0 : 0x22a94    : bne a4, a1, -24            : IntAlu : 
2266000: system.cpu: T0 : 0x22a98    : lw t1, 4(a5)               : MemRead :  D=0x0000000000000006 A=0x10124
2266500: system.cpu: T0 : 0x22a9c    : addi a5, a5, 56            : IntAlu :  D=0x0000000000010158
2267000: system.cpu: T0 : 0x22aa0    : c_li a0, 1                 : IntAlu :  D=0x0000000000000001
2268000: system.cpu: T0 : 0x22aa2    : bltu a5, a3, -16           : IntAlu : 
2268500: system.cpu: T0 : 0x22a92    : c_lw a4, 0(a5)             : MemRead :  D=0x000000006474e552 A=0x10158
2269000: system.cpu: T0 : 0x22a94    : bne a4, a1, -24            : IntAlu : 
2269500: system.cpu: T0 : 0x22a7c    : bne a4, a2, 14             : IntAlu : 
2270000: system.cpu: T0 : 0x22a80    : ld t4, 16(a5)              : MemRead :  D=0x000000000006ead0 A=0x10168
2270500: system.cpu: T0 : 0x22a84    : ld a6, 40(a5)              : MemRead :  D=0x0000000000000530 A=0x10180
2271000: system.cpu: T0 : 0x22a88    : c_li a7, 1                 : IntAlu :  D=0x0000000000000001
2272000: system.cpu: T0 : 0x22a8a    : addi a5, a5, 56            : IntAlu :  D=0x0000000000010190
2273000: system.cpu: T0 : 0x22a8e    : bgeu a5, a3, 24            : IntAlu : 
2273500: system.cpu: T0 : 0x22aa6    : c_beqz a0, 6               : IntAlu : 
2274000: system.cpu: T0 : 0x22aa8    : sw t1, -1800(gp)           : MemWrite :  D=0x0000000000000006 A=0x70928
2274500: system.cpu: T0 : 0x22aac    : beq a7, zero, 14           : IntAlu : 
2275000: system.cpu: T0 : 0x22ab0    : sd t4, 1112(s1)            : MemWrite :  D=0x000000000006ead0 A=0x702b8
2275500: system.cpu: T0 : 0x22ab4    : sd a6, 1120(s1)            : MemWrite :  D=0x0000000000000530 A=0x702c0
2276000: system.cpu: T0 : 0x22ab8    : c_mv t3, a6                : IntAlu :  D=0x0000000000000530
2277000: system.cpu: T0 : 0x22aba    : bne t3, zero, 272          : IntAlu : 
2278000: system.cpu: T0 : 0x22bca    : addi a0, s4, -416          : IntAlu :  D=0x000000000006fe60
2279000: system.cpu: T0 : 0x22bce    : jal ra, 106388             : IntAlu :  D=0x0000000000022bd2
2279500: system.cpu: T0 : 0x3cb62    : c_addi sp, -16             : IntAlu :  D=0x7ffffffffffffd20
2280000: system.cpu: T0 : 0x3cb64    : c_ld a5, 0(a0)             : MemRead :  D=0x0000000000000000 A=0x6fe60
2280500: system.cpu: T0 : 0x3cb66    : c_sdsp s0, 0(sp)           : MemWrite :  D=0x0000000000000000 A=0x7ffffffffffffd20
2281000: system.cpu: T0 : 0x3cb68    : c_mv s0, a0                : IntAlu :  D=0x000000000006fe60
2282000: system.cpu: T0 : 0x3cb6a    : ld a0, 1112(a0)            : MemRead :  D=0x000000000006ead0 A=0x702b8
2283000: system.cpu: T0 : 0x3cb6e    : ld a4, -1784(gp)           : MemRead :  D=0x0000000000001000 A=0x70938
2284000: system.cpu: T0 : 0x3cb72    : ld a1, 1120(s0)            : MemRead :  D=0x0000000000000530 A=0x702c0
2284500: system.cpu: T0 : 0x3cb76    : c_add a5, a0               : IntAlu :  D=0x000000000006ead0
2285000: system.cpu: T0 : 0x3cb78    : sub a4, zero, a4           : IntAlu :  D=0xfffffffffffff000
2285500: system.cpu: T0 : 0x3cb7c    : c_add a1, a5               : IntAlu :  D=0x000000000006f000
2286000: system.cpu: T0 : 0x3cb7e    : c_sdsp ra, 8(sp)           : MemWrite :  D=0x0000000000022bd2 A=0x7ffffffffffffd28
2286500: system.cpu: T0 : 0x3cb80    : and a0, a5, a4             : IntAlu :  D=0x000000000006e000
2287000: system.cpu: T0 : 0x3cb84    : c_and a1, a4               : IntAlu :  D=0x000000000006f000
2288000: system.cpu: T0 : 0x3cb86    : bne a0, a1, 12             : IntAlu : 
2288500: system.cpu: T0 : 0x3cb92    : c_li a2, 1                 : IntAlu :  D=0x0000000000000001
2289000: system.cpu: T0 : 0x3cb94    : c_sub a1, a0               : IntAlu :  D=0x0000000000001000
2290000: system.cpu: T0 : 0x3cb96    : jal ra, -113354            : IntAlu :  D=0x000000000003cb9a
2290500: system.cpu: T0 : 0x210cc    : addi a7, zero, 226         : IntAlu :  D=0x00000000000000e2
2291000: system.cpu: T0 : 0x210d0    : ecall                      : No_OpClass : 
2291500: system.cpu: T0 : 0x210d4    : c_lui a7, 1048575          : IntAlu :  D=0xfffffffffffff000
2292500: system.cpu: T0 : 0x210d6    : bltu a7, a0, 6             : IntAlu : 
2293000: system.cpu: T0 : 0x210da    : c_jr ra                    : IntAlu : 
2294000: system.cpu: T0 : 0x3cb9a    : bge a0, zero, -16          : IntAlu : 
2294500: system.cpu: T0 : 0x3cb8a    : c_ldsp ra, 8(sp)           : MemRead :  D=0x0000000000022bd2 A=0x7ffffffffffffd28
2295000: system.cpu: T0 : 0x3cb8c    : c_ldsp s0, 0(sp)           : MemRead :  D=0x0000000000000000 A=0x7ffffffffffffd20
2295500: system.cpu: T0 : 0x3cb8e    : c_addi sp, 16              : IntAlu :  D=0x7ffffffffffffd30
2296000: system.cpu: T0 : 0x3cb90    : c_jr ra                    : IntAlu : 
2296500: system.cpu: T0 : 0x22bd2    : c_j -276                   : IntAlu : 
2297000: system.cpu: T0 : 0x22abe    : c_ldsp ra, 152(sp)         : MemRead :  D=0x0000000000022e50 A=0x7ffffffffffffdc8
2297500: system.cpu: T0 : 0x22ac0    : c_ldsp s0, 144(sp)         : MemRead :  D=0x0000000000000001 A=0x7ffffffffffffdc0
2298000: system.cpu: T0 : 0x22ac2    : c_ldsp s1, 136(sp)         : MemRead :  D=0x7fffffffffffff38 A=0x7ffffffffffffdb8
2298500: system.cpu: T0 : 0x22ac4    : c_ldsp s2, 128(sp)         : MemRead :  D=0x7fffffffffffff48 A=0x7ffffffffffffdb0
2299000: system.cpu: T0 : 0x22ac6    : c_ldsp s3, 120(sp)         : MemRead :  D=0x0000000000000000 A=0x7ffffffffffffda8
2299500: system.cpu: T0 : 0x22ac8    : c_ldsp s4, 112(sp)         : MemRead :  D=0x0000000000000000 A=0x7ffffffffffffda0
2300000: system.cpu: T0 : 0x22aca    : c_ldsp s5, 104(sp)         : MemRead :  D=0x0000000000000000 A=0x7ffffffffffffd98
2300500: system.cpu: T0 : 0x22acc    : c_ldsp s6, 96(sp)          : MemRead :  D=0x0000000000000000 A=0x7ffffffffffffd90
2301000: system.cpu: T0 : 0x22ace    : c_ldsp s7, 88(sp)          : MemRead :  D=0x0000000000000000 A=0x7ffffffffffffd88
2301500: system.cpu: T0 : 0x22ad0    : c_ldsp s8, 80(sp)          : MemRead :  D=0x0000000000000000 A=0x7ffffffffffffd80
2302000: system.cpu: T0 : 0x22ad2    : c_ldsp s9, 72(sp)          : MemRead :  D=0x0000000000000000 A=0x7ffffffffffffd78
2302500: system.cpu: T0 : 0x22ad4    : c_ldsp s10, 64(sp)         : MemRead :  D=0x0000000000000000 A=0x7ffffffffffffd70
2303000: system.cpu: T0 : 0x22ad6    : c_addi16sp sp, 160         : IntAlu :  D=0x7ffffffffffffdd0
2303500: system.cpu: T0 : 0x22ad8    : c_jr ra                    : IntAlu : 
2304000: system.cpu: T0 : 0x22e50    : c_mv a2, s2                : IntAlu :  D=0x7fffffffffffff48
2304500: system.cpu: T0 : 0x22e52    : c_mv a1, s1                : IntAlu :  D=0x7fffffffffffff38
2305000: system.cpu: T0 : 0x22e54    : c_mv a0, s0                : IntAlu :  D=0x0000000000000001
2306000: system.cpu: T0 : 0x22e56    : jal ra, -4344              : IntAlu :  D=0x0000000000022e5a
2306500: system.cpu: T0 : 0x21d5e    : c_beqz a1, 50              : IntAlu : 
2307000: system.cpu: T0 : 0x21d60    : c_addi sp, -32             : IntAlu :  D=0x7ffffffffffffdb0
2307500: system.cpu: T0 : 0x21d62    : c_sdsp s1, 8(sp)           : MemWrite :  D=0x7fffffffffffff38 A=0x7ffffffffffffdb8
2308000: system.cpu: T0 : 0x21d64    : c_ld s1, 0(a1)             : MemRead :  D=0x7fffffffffffffd7 A=0x7fffffffffffff38
2308500: system.cpu: T0 : 0x21d66    : c_sdsp s0, 16(sp)          : MemWrite :  D=0x0000000000000001 A=0x7ffffffffffffdc0
2309000: system.cpu: T0 : 0x21d68    : c_sdsp ra, 24(sp)          : MemWrite :  D=0x0000000000022e5a A=0x7ffffffffffffdc8
2309500: system.cpu: T0 : 0x21d6a    : c_mv s0, a1                : IntAlu :  D=0x7fffffffffffff38
2310000: system.cpu: T0 : 0x21d6c    : c_beqz s1, 26              : IntAlu : 
2311000: system.cpu: T0 : 0x21d6e    : addi a1, zero, 47          : IntAlu :  D=0x000000000000002f
2311500: system.cpu: T0 : 0x21d72    : c_mv a0, s1                : IntAlu :  D=0x7fffffffffffffd7
2312000: system.cpu: T0 : 0x21d74    : jal ra, 90482              : IntAlu :  D=0x0000000000021d78
2312500: system.cpu: T0 : 0x37ee6    : c_addi sp, -32             : IntAlu :  D=0x7ffffffffffffd90
2313000: system.cpu: T0 : 0x37ee8    : c_sdsp s0, 16(sp)          : MemWrite :  D=0x7fffffffffffff38 A=0x7ffffffffffffda0
2313500: system.cpu: T0 : 0x37eea    : c_sdsp s1, 8(sp)           : MemWrite :  D=0x7fffffffffffffd7 A=0x7ffffffffffffd98
2314000: system.cpu: T0 : 0x37eec    : c_sdsp s2, 0(sp)           : MemWrite :  D=0x7fffffffffffff48 A=0x7ffffffffffffd90
2314500: system.cpu: T0 : 0x37eee    : c_sdsp ra, 24(sp)          : MemWrite :  D=0x0000000000021d78 A=0x7ffffffffffffda8
2315000: system.cpu: T0 : 0x37ef0    : andi s1, a1, 255           : IntAlu :  D=0x000000000000002f
2315500: system.cpu: T0 : 0x37ef4    : c_mv s0, a0                : IntAlu :  D=0x7fffffffffffffd7
2316000: system.cpu: T0 : 0x37ef6    : c_li s2, 0                 : IntAlu :  D=0x0000000000000000
2316500: system.cpu: T0 : 0x37ef8    : c_bnez s1, 10              : IntAlu : 
2317000: system.cpu: T0 : 0x37f02    : c_mv a0, s0                : IntAlu :  D=0x7fffffffffffffd7
2317500: system.cpu: T0 : 0x37f04    : c_mv a1, s1                : IntAlu :  D=0x000000000000002f
2318500: system.cpu: T0 : 0x37f06    : jal ra, -103340            : IntAlu :  D=0x0000000000037f0a
2319500: system.cpu: T0 : 0x1eb5a    : andi a5, a0, 7             : IntAlu :  D=0x0000000000000007
2320500: system.cpu: T0 : 0x1eb5e    : andi a4, a1, 255           : IntAlu :  D=0x000000000000002f
2321000: system.cpu: T0 : 0x1eb62    : c_bnez a5, 14              : IntAlu : 
2321500: system.cpu: T0 : 0x1eb70    : lbu a5, 0(a0)              : MemRead :  D=0x000000000000002e A=0x7fffffffffffffd7
2322000: system.cpu: T0 : 0x1eb74    : bne a5, a4, -14            : IntAlu : 
2322500: system.cpu: T0 : 0x1eb66    : c_addi a0, 1               : IntAlu :  D=0x7fffffffffffffd8
2323000: system.cpu: T0 : 0x1eb68    : andi a3, a0, 7             : IntAlu :  D=0x0000000000000000
2323500: system.cpu: T0 : 0x1eb6c    : c_beqz a5, 168             : IntAlu : 
2324000: system.cpu: T0 : 0x1eb6e    : c_beqz a3, 12              : IntAlu : 
2324500: system.cpu: T0 : 0x1eb7a    : c_lui a3, 16               : IntAlu :  D=0x0000000000010000
2325000: system.cpu: T0 : 0x1eb7c    : slliw a5, a1, 8            : IntAlu :  D=0x0000000000002f00
2325500: system.cpu: T0 : 0x1eb80    : c_addi a3, -1              : IntAlu :  D=0x000000000000ffff
2326000: system.cpu: T0 : 0x1eb82    : c_and a5, a3               : IntAlu :  D=0x0000000000002f00
2326500: system.cpu: T0 : 0x1eb84    : andi a1, a1, 255           : IntAlu :  D=0x000000000000002f
2327000: system.cpu: T0 : 0x1eb88    : c_or a1, a5                : IntAlu :  D=0x0000000000002f2f
2327500: system.cpu: T0 : 0x1eb8a    : c_addiw a1, 0              : IntAlu :  D=0x0000000000002f2f
2328000: system.cpu: T0 : 0x1eb8c    : slli t1, a1, 16            : IntAlu :  D=0x000000002f2f0000
2328500: system.cpu: T0 : 0x1eb90    : or a1, t1, a1              : IntAlu :  D=0x000000002f2f2f2f
2329000: system.cpu: T0 : 0x1eb94    : ld a6, -2032(gp)           : MemRead :  D=0x7efefefefefefeff A=0x70840
2329500: system.cpu: T0 : 0x1eb98    : slli t1, a1, 32            : IntAlu :  D=0x2f2f2f2f00000000
2330000: system.cpu: T0 : 0x1eb9c    : or t1, t1, a1              : IntAlu :  D=0x2f2f2f2f2f2f2f2f
2330500: system.cpu: T0 : 0x1eba0    : c_li t3, -1                : IntAlu :  D=0xffffffffffffffff
2331000: system.cpu: T0 : 0x1eba2    : c_ld a1, 0(a0)             : MemRead :  D=0x6f6c6e776f442f2e A=0x7fffffffffffffd8
2331500: system.cpu: T0 : 0x1eba4    : addi a5, a0, 8             : IntAlu :  D=0x7fffffffffffffe0
2332000: system.cpu: T0 : 0x1eba8    : xor a7, t1, a1             : IntAlu :  D=0x40434158406b0001
2332500: system.cpu: T0 : 0x1ebac    : add a3, a1, a6             : IntAlu :  D=0xee6b6d766e432e2d
2333000: system.cpu: T0 : 0x1ebb0    : add a2, a7, a6             : IntAlu :  D=0xbf4240573f69ff00
2333500: system.cpu: T0 : 0x1ebb4    : c_xor a3, a1               : IntAlu :  D=0x8107030101070103
2334500: system.cpu: T0 : 0x1ebb6    : xor a2, a2, a7             : IntAlu :  D=0xff01010f7f02ff01
2335000: system.cpu: T0 : 0x1ebba    : c_and a3, a2               : IntAlu :  D=0x8101010101020101
2335500: system.cpu: T0 : 0x1ebbc    : or a3, a3, a6              : IntAlu :  D=0xfffffffffffeffff
2336000: system.cpu: T0 : 0x1ebc0    : beq a3, t3, 88             : IntAlu : 
2336500: system.cpu: T0 : 0x1ebc4    : lbu a3, -8(a5)             : MemRead :  D=0x000000000000002e A=0x7fffffffffffffd8
2337000: system.cpu: T0 : 0x1ebc8    : beq a3, a4, -80            : IntAlu : 
2337500: system.cpu: T0 : 0x1ebcc    : c_beqz a3, 72              : IntAlu : 
2338500: system.cpu: T0 : 0x1ebce    : lbu a3, -7(a5)             : MemRead :  D=0x000000000000002f A=0x7fffffffffffffd9
2339500: system.cpu: T0 : 0x1ebd2    : beq a3, a4, 74             : IntAlu : 
2340000: system.cpu: T0 : 0x1ec1c    : c_addi a0, 1               : IntAlu :  D=0x7fffffffffffffd9
2340500: system.cpu: T0 : 0x1ec1e    : c_jr ra                    : IntAlu : 
2341000: system.cpu: T0 : 0x37f0a    : c_bnez a0, -14             : IntAlu : 
2341500: system.cpu: T0 : 0x37efc    : addi s0, a0, 1             : IntAlu :  D=0x7fffffffffffffda
2342000: system.cpu: T0 : 0x37f00    : c_mv s2, a0                : IntAlu :  D=0x7fffffffffffffd9
2342500: system.cpu: T0 : 0x37f02    : c_mv a0, s0                : IntAlu :  D=0x7fffffffffffffda
2343000: system.cpu: T0 : 0x37f04    : c_mv a1, s1                : IntAlu :  D=0x000000000000002f
2344000: system.cpu: T0 : 0x37f06    : jal ra, -103340            : IntAlu :  D=0x0000000000037f0a
2345000: system.cpu: T0 : 0x1eb5a    : andi a5, a0, 7             : IntAlu :  D=0x0000000000000002
2346000: system.cpu: T0 : 0x1eb5e    : andi a4, a1, 255           : IntAlu :  D=0x000000000000002f
2346500: system.cpu: T0 : 0x1eb62    : c_bnez a5, 14              : IntAlu : 
2347000: system.cpu: T0 : 0x1eb70    : lbu a5, 0(a0)              : MemRead :  D=0x0000000000000044 A=0x7fffffffffffffda
2347500: system.cpu: T0 : 0x1eb74    : bne a5, a4, -14            : IntAlu : 
2348000: system.cpu: T0 : 0x1eb66    : c_addi a0, 1               : IntAlu :  D=0x7fffffffffffffdb
2348500: system.cpu: T0 : 0x1eb68    : andi a3, a0, 7             : IntAlu :  D=0x0000000000000003
2349000: system.cpu: T0 : 0x1eb6c    : c_beqz a5, 168             : IntAlu : 
2349500: system.cpu: T0 : 0x1eb6e    : c_beqz a3, 12              : IntAlu : 
2350000: system.cpu: T0 : 0x1eb70    : lbu a5, 0(a0)              : MemRead :  D=0x000000000000006f A=0x7fffffffffffffdb
2350500: system.cpu: T0 : 0x1eb74    : bne a5, a4, -14            : IntAlu : 
2351000: system.cpu: T0 : 0x1eb66    : c_addi a0, 1               : IntAlu :  D=0x7fffffffffffffdc
2351500: system.cpu: T0 : 0x1eb68    : andi a3, a0, 7             : IntAlu :  D=0x0000000000000004
2352000: system.cpu: T0 : 0x1eb6c    : c_beqz a5, 168             : IntAlu : 
2352500: system.cpu: T0 : 0x1eb6e    : c_beqz a3, 12              : IntAlu : 
2353000: system.cpu: T0 : 0x1eb70    : lbu a5, 0(a0)              : MemRead :  D=0x0000000000000077 A=0x7fffffffffffffdc
2353500: system.cpu: T0 : 0x1eb74    : bne a5, a4, -14            : IntAlu : 
2354000: system.cpu: T0 : 0x1eb66    : c_addi a0, 1               : IntAlu :  D=0x7fffffffffffffdd
2354500: system.cpu: T0 : 0x1eb68    : andi a3, a0, 7             : IntAlu :  D=0x0000000000000005
2355000: system.cpu: T0 : 0x1eb6c    : c_beqz a5, 168             : IntAlu : 
2355500: system.cpu: T0 : 0x1eb6e    : c_beqz a3, 12              : IntAlu : 
2356000: system.cpu: T0 : 0x1eb70    : lbu a5, 0(a0)              : MemRead :  D=0x000000000000006e A=0x7fffffffffffffdd
2356500: system.cpu: T0 : 0x1eb74    : bne a5, a4, -14            : IntAlu : 
2357000: system.cpu: T0 : 0x1eb66    : c_addi a0, 1               : IntAlu :  D=0x7fffffffffffffde
2357500: system.cpu: T0 : 0x1eb68    : andi a3, a0, 7             : IntAlu :  D=0x0000000000000006
2358000: system.cpu: T0 : 0x1eb6c    : c_beqz a5, 168             : IntAlu : 
2358500: system.cpu: T0 : 0x1eb6e    : c_beqz a3, 12              : IntAlu : 
2359000: system.cpu: T0 : 0x1eb70    : lbu a5, 0(a0)              : MemRead :  D=0x000000000000006c A=0x7fffffffffffffde
2359500: system.cpu: T0 : 0x1eb74    : bne a5, a4, -14            : IntAlu : 
2360000: system.cpu: T0 : 0x1eb66    : c_addi a0, 1               : IntAlu :  D=0x7fffffffffffffdf
2360500: system.cpu: T0 : 0x1eb68    : andi a3, a0, 7             : IntAlu :  D=0x0000000000000007
2361000: system.cpu: T0 : 0x1eb6c    : c_beqz a5, 168             : IntAlu : 
2361500: system.cpu: T0 : 0x1eb6e    : c_beqz a3, 12              : IntAlu : 
2362000: system.cpu: T0 : 0x1eb70    : lbu a5, 0(a0)              : MemRead :  D=0x000000000000006f A=0x7fffffffffffffdf
2362500: system.cpu: T0 : 0x1eb74    : bne a5, a4, -14            : IntAlu : 
2363000: system.cpu: T0 : 0x1eb66    : c_addi a0, 1               : IntAlu :  D=0x7fffffffffffffe0
2363500: system.cpu: T0 : 0x1eb68    : andi a3, a0, 7             : IntAlu :  D=0x0000000000000000
2364000: system.cpu: T0 : 0x1eb6c    : c_beqz a5, 168             : IntAlu : 
2364500: system.cpu: T0 : 0x1eb6e    : c_beqz a3, 12              : IntAlu : 
2365000: system.cpu: T0 : 0x1eb7a    : c_lui a3, 16               : IntAlu :  D=0x0000000000010000
2365500: system.cpu: T0 : 0x1eb7c    : slliw a5, a1, 8            : IntAlu :  D=0x0000000000002f00
2366000: system.cpu: T0 : 0x1eb80    : c_addi a3, -1              : IntAlu :  D=0x000000000000ffff
2366500: system.cpu: T0 : 0x1eb82    : c_and a5, a3               : IntAlu :  D=0x0000000000002f00
2367000: system.cpu: T0 : 0x1eb84    : andi a1, a1, 255           : IntAlu :  D=0x000000000000002f
2367500: system.cpu: T0 : 0x1eb88    : c_or a1, a5                : IntAlu :  D=0x0000000000002f2f
2368000: system.cpu: T0 : 0x1eb8a    : c_addiw a1, 0              : IntAlu :  D=0x0000000000002f2f
2368500: system.cpu: T0 : 0x1eb8c    : slli t1, a1, 16            : IntAlu :  D=0x000000002f2f0000
2369000: system.cpu: T0 : 0x1eb90    : or a1, t1, a1              : IntAlu :  D=0x000000002f2f2f2f
2369500: system.cpu: T0 : 0x1eb94    : ld a6, -2032(gp)           : MemRead :  D=0x7efefefefefefeff A=0x70840
2370000: system.cpu: T0 : 0x1eb98    : slli t1, a1, 32            : IntAlu :  D=0x2f2f2f2f00000000
2370500: system.cpu: T0 : 0x1eb9c    : or t1, t1, a1              : IntAlu :  D=0x2f2f2f2f2f2f2f2f
2371000: system.cpu: T0 : 0x1eba0    : c_li t3, -1                : IntAlu :  D=0xffffffffffffffff
2371500: system.cpu: T0 : 0x1eba2    : c_ld a1, 0(a0)             : MemRead :  D=0x65736e692f736461 A=0x7fffffffffffffe0
2372000: system.cpu: T0 : 0x1eba4    : addi a5, a0, 8             : IntAlu :  D=0x7fffffffffffffe8
2372500: system.cpu: T0 : 0x1eba8    : xor a7, t1, a1             : IntAlu :  D=0x4a5c4146005c4b4e
2373000: system.cpu: T0 : 0x1ebac    : add a3, a1, a6             : IntAlu :  D=0xe4726d682e726360
2373500: system.cpu: T0 : 0x1ebb0    : add a2, a7, a6             : IntAlu :  D=0xc95b4044ff5b4a4d
2374000: system.cpu: T0 : 0x1ebb4    : c_xor a3, a1               : IntAlu :  D=0x8101030101010701
2375000: system.cpu: T0 : 0x1ebb6    : xor a2, a2, a7             : IntAlu :  D=0x83070102ff070103
2375500: system.cpu: T0 : 0x1ebba    : c_and a3, a2               : IntAlu :  D=0x8101010001010101
2376000: system.cpu: T0 : 0x1ebbc    : or a3, a3, a6              : IntAlu :  D=0xfffffffeffffffff
2376500: system.cpu: T0 : 0x1ebc0    : beq a3, t3, 88             : IntAlu : 
2377000: system.cpu: T0 : 0x1ebc4    : lbu a3, -8(a5)             : MemRead :  D=0x0000000000000061 A=0x7fffffffffffffe0
2377500: system.cpu: T0 : 0x1ebc8    : beq a3, a4, -80            : IntAlu : 
2378000: system.cpu: T0 : 0x1ebcc    : c_beqz a3, 72              : IntAlu : 
2379000: system.cpu: T0 : 0x1ebce    : lbu a3, -7(a5)             : MemRead :  D=0x0000000000000064 A=0x7fffffffffffffe1
2380000: system.cpu: T0 : 0x1ebd2    : beq a3, a4, 74             : IntAlu : 
2380500: system.cpu: T0 : 0x1ebd6    : c_beqz a3, 62              : IntAlu : 
2381000: system.cpu: T0 : 0x1ebd8    : lbu a3, -6(a5)             : MemRead :  D=0x0000000000000073 A=0x7fffffffffffffe2
2381500: system.cpu: T0 : 0x1ebdc    : beq a3, a4, 68             : IntAlu : 
2382000: system.cpu: T0 : 0x1ebe0    : c_beqz a3, 52              : IntAlu : 
2383000: system.cpu: T0 : 0x1ebe2    : lbu a3, -5(a5)             : MemRead :  D=0x000000000000002f A=0x7fffffffffffffe3
2384000: system.cpu: T0 : 0x1ebe6    : beq a3, a4, 62             : IntAlu : 
2384500: system.cpu: T0 : 0x1ec24    : c_addi a0, 3               : IntAlu :  D=0x7fffffffffffffe3
2385000: system.cpu: T0 : 0x1ec26    : c_jr ra                    : IntAlu : 
2385500: system.cpu: T0 : 0x37f0a    : c_bnez a0, -14             : IntAlu : 
2386000: system.cpu: T0 : 0x37efc    : addi s0, a0, 1             : IntAlu :  D=0x7fffffffffffffe4
2386500: system.cpu: T0 : 0x37f00    : c_mv s2, a0                : IntAlu :  D=0x7fffffffffffffe3
2387000: system.cpu: T0 : 0x37f02    : c_mv a0, s0                : IntAlu :  D=0x7fffffffffffffe4
2387500: system.cpu: T0 : 0x37f04    : c_mv a1, s1                : IntAlu :  D=0x000000000000002f
2388500: system.cpu: T0 : 0x37f06    : jal ra, -103340            : IntAlu :  D=0x0000000000037f0a
2389500: system.cpu: T0 : 0x1eb5a    : andi a5, a0, 7             : IntAlu :  D=0x0000000000000004
2390500: system.cpu: T0 : 0x1eb5e    : andi a4, a1, 255           : IntAlu :  D=0x000000000000002f
2391000: system.cpu: T0 : 0x1eb62    : c_bnez a5, 14              : IntAlu : 
2391500: system.cpu: T0 : 0x1eb70    : lbu a5, 0(a0)              : MemRead :  D=0x0000000000000069 A=0x7fffffffffffffe4
2392000: system.cpu: T0 : 0x1eb74    : bne a5, a4, -14            : IntAlu : 
2392500: system.cpu: T0 : 0x1eb66    : c_addi a0, 1               : IntAlu :  D=0x7fffffffffffffe5
2393000: system.cpu: T0 : 0x1eb68    : andi a3, a0, 7             : IntAlu :  D=0x0000000000000005
2393500: system.cpu: T0 : 0x1eb6c    : c_beqz a5, 168             : IntAlu : 
2394000: system.cpu: T0 : 0x1eb6e    : c_beqz a3, 12              : IntAlu : 
2394500: system.cpu: T0 : 0x1eb70    : lbu a5, 0(a0)              : MemRead :  D=0x000000000000006e A=0x7fffffffffffffe5
2395000: system.cpu: T0 : 0x1eb74    : bne a5, a4, -14            : IntAlu : 
2395500: system.cpu: T0 : 0x1eb66    : c_addi a0, 1               : IntAlu :  D=0x7fffffffffffffe6
2396000: system.cpu: T0 : 0x1eb68    : andi a3, a0, 7             : IntAlu :  D=0x0000000000000006
2396500: system.cpu: T0 : 0x1eb6c    : c_beqz a5, 168             : IntAlu : 
2397000: system.cpu: T0 : 0x1eb6e    : c_beqz a3, 12              : IntAlu : 
2397500: system.cpu: T0 : 0x1eb70    : lbu a5, 0(a0)              : MemRead :  D=0x0000000000000073 A=0x7fffffffffffffe6
2398000: system.cpu: T0 : 0x1eb74    : bne a5, a4, -14            : IntAlu : 
2398500: system.cpu: T0 : 0x1eb66    : c_addi a0, 1               : IntAlu :  D=0x7fffffffffffffe7
2399000: system.cpu: T0 : 0x1eb68    : andi a3, a0, 7             : IntAlu :  D=0x0000000000000007
2399500: system.cpu: T0 : 0x1eb6c    : c_beqz a5, 168             : IntAlu : 
2400000: system.cpu: T0 : 0x1eb6e    : c_beqz a3, 12              : IntAlu : 
2400500: system.cpu: T0 : 0x1eb70    : lbu a5, 0(a0)              : MemRead :  D=0x0000000000000065 A=0x7fffffffffffffe7
2401000: system.cpu: T0 : 0x1eb74    : bne a5, a4, -14            : IntAlu : 
2401500: system.cpu: T0 : 0x1eb66    : c_addi a0, 1               : IntAlu :  D=0x7fffffffffffffe8
2402000: system.cpu: T0 : 0x1eb68    : andi a3, a0, 7             : IntAlu :  D=0x0000000000000000
2402500: system.cpu: T0 : 0x1eb6c    : c_beqz a5, 168             : IntAlu : 
2403000: system.cpu: T0 : 0x1eb6e    : c_beqz a3, 12              : IntAlu : 
2403500: system.cpu: T0 : 0x1eb7a    : c_lui a3, 16               : IntAlu :  D=0x0000000000010000
2404000: system.cpu: T0 : 0x1eb7c    : slliw a5, a1, 8            : IntAlu :  D=0x0000000000002f00
2404500: system.cpu: T0 : 0x1eb80    : c_addi a3, -1              : IntAlu :  D=0x000000000000ffff
2405000: system.cpu: T0 : 0x1eb82    : c_and a5, a3               : IntAlu :  D=0x0000000000002f00
2405500: system.cpu: T0 : 0x1eb84    : andi a1, a1, 255           : IntAlu :  D=0x000000000000002f
2406000: system.cpu: T0 : 0x1eb88    : c_or a1, a5                : IntAlu :  D=0x0000000000002f2f
2406500: system.cpu: T0 : 0x1eb8a    : c_addiw a1, 0              : IntAlu :  D=0x0000000000002f2f
2407000: system.cpu: T0 : 0x1eb8c    : slli t1, a1, 16            : IntAlu :  D=0x000000002f2f0000
2407500: system.cpu: T0 : 0x1eb90    : or a1, t1, a1              : IntAlu :  D=0x000000002f2f2f2f
2408000: system.cpu: T0 : 0x1eb94    : ld a6, -2032(gp)           : MemRead :  D=0x7efefefefefefeff A=0x70840
2408500: system.cpu: T0 : 0x1eb98    : slli t1, a1, 32            : IntAlu :  D=0x2f2f2f2f00000000
2409000: system.cpu: T0 : 0x1eb9c    : or t1, t1, a1              : IntAlu :  D=0x2f2f2f2f2f2f2f2f
2409500: system.cpu: T0 : 0x1eba0    : c_li t3, -1                : IntAlu :  D=0xffffffffffffffff
2410000: system.cpu: T0 : 0x1eba2    : c_ld a1, 0(a0)             : MemRead :  D=0xc90074726f737472 A=0x7fffffffffffffe8
2410500: system.cpu: T0 : 0x1eba4    : addi a5, a0, 8             : IntAlu :  D=0x7ffffffffffffff0
2411000: system.cpu: T0 : 0x1eba8    : xor a7, t1, a1             : IntAlu :  D=0xe62f5b5d405c5b5d
2411500: system.cpu: T0 : 0x1ebac    : add a3, a1, a6             : IntAlu :  D=0x47ff73716e727371
2412000: system.cpu: T0 : 0x1ebb0    : add a2, a7, a6             : IntAlu :  D=0x652e5a5c3f5b5a5c
2412500: system.cpu: T0 : 0x1ebb4    : c_xor a3, a1               : IntAlu :  D=0x8eff070301010703
2413500: system.cpu: T0 : 0x1ebb6    : xor a2, a2, a7             : IntAlu :  D=0x830101017f070101
2414000: system.cpu: T0 : 0x1ebba    : c_and a3, a2               : IntAlu :  D=0x8201010101010101
2414500: system.cpu: T0 : 0x1ebbc    : or a3, a3, a6              : IntAlu :  D=0xfeffffffffffffff
2415000: system.cpu: T0 : 0x1ebc0    : beq a3, t3, 88             : IntAlu : 
2415500: system.cpu: T0 : 0x1ebc4    : lbu a3, -8(a5)             : MemRead :  D=0x0000000000000072 A=0x7fffffffffffffe8
2416000: system.cpu: T0 : 0x1ebc8    : beq a3, a4, -80            : IntAlu : 
2416500: system.cpu: T0 : 0x1ebcc    : c_beqz a3, 72              : IntAlu : 
2417500: system.cpu: T0 : 0x1ebce    : lbu a3, -7(a5)             : MemRead :  D=0x0000000000000074 A=0x7fffffffffffffe9
2418500: system.cpu: T0 : 0x1ebd2    : beq a3, a4, 74             : IntAlu : 
2419000: system.cpu: T0 : 0x1ebd6    : c_beqz a3, 62              : IntAlu : 
2419500: system.cpu: T0 : 0x1ebd8    : lbu a3, -6(a5)             : MemRead :  D=0x0000000000000073 A=0x7fffffffffffffea
2420000: system.cpu: T0 : 0x1ebdc    : beq a3, a4, 68             : IntAlu : 
2420500: system.cpu: T0 : 0x1ebe0    : c_beqz a3, 52              : IntAlu : 
2421500: system.cpu: T0 : 0x1ebe2    : lbu a3, -5(a5)             : MemRead :  D=0x000000000000006f A=0x7fffffffffffffeb
2422500: system.cpu: T0 : 0x1ebe6    : beq a3, a4, 62             : IntAlu : 
2423000: system.cpu: T0 : 0x1ebea    : c_beqz a3, 42              : IntAlu : 
2423500: system.cpu: T0 : 0x1ebec    : lbu a3, -4(a5)             : MemRead :  D=0x0000000000000072 A=0x7fffffffffffffec
2424000: system.cpu: T0 : 0x1ebf0    : beq a3, a4, 56             : IntAlu : 
2424500: system.cpu: T0 : 0x1ebf4    : c_beqz a3, 32              : IntAlu : 
2425500: system.cpu: T0 : 0x1ebf6    : lbu a3, -3(a5)             : MemRead :  D=0x0000000000000074 A=0x7fffffffffffffed
2426500: system.cpu: T0 : 0x1ebfa    : beq a3, a4, 50             : IntAlu : 
2427000: system.cpu: T0 : 0x1ebfe    : c_beqz a3, 22              : IntAlu : 
2427500: system.cpu: T0 : 0x1ec00    : lbu a3, -2(a5)             : MemRead :  D=0x0000000000000000 A=0x7fffffffffffffee
2428000: system.cpu: T0 : 0x1ec04    : beq a3, a4, 44             : IntAlu : 
2428500: system.cpu: T0 : 0x1ec08    : c_beqz a3, 12              : IntAlu : 
2429000: system.cpu: T0 : 0x1ec14    : c_li a0, 0                 : IntAlu :  D=0x0000000000000000
2429500: system.cpu: T0 : 0x1ec16    : c_jr ra                    : IntAlu : 
2430000: system.cpu: T0 : 0x37f0a    : c_bnez a0, -14             : IntAlu : 
2430500: system.cpu: T0 : 0x37f0c    : c_ldsp ra, 24(sp)          : MemRead :  D=0x0000000000021d78 A=0x7ffffffffffffda8
2431000: system.cpu: T0 : 0x37f0e    : c_ldsp s0, 16(sp)          : MemRead :  D=0x7fffffffffffff38 A=0x7ffffffffffffda0
2431500: system.cpu: T0 : 0x37f10    : c_ldsp s1, 8(sp)           : MemRead :  D=0x7fffffffffffffd7 A=0x7ffffffffffffd98
2432000: system.cpu: T0 : 0x37f12    : c_mv a0, s2                : IntAlu :  D=0x7fffffffffffffe3
2432500: system.cpu: T0 : 0x37f14    : c_ldsp s2, 0(sp)           : MemRead :  D=0x7fffffffffffff48 A=0x7ffffffffffffd90
2433000: system.cpu: T0 : 0x37f16    : c_addi16sp sp, 32          : IntAlu :  D=0x7ffffffffffffdb0
2433500: system.cpu: T0 : 0x37f18    : c_jr ra                    : IntAlu : 
2434000: system.cpu: T0 : 0x21d78    : c_beqz a0, 26              : IntAlu : 
2434500: system.cpu: T0 : 0x21d7a    : c_addi a0, 1               : IntAlu :  D=0x7fffffffffffffe4
2435000: system.cpu: T0 : 0x21d7c    : sd a0, -1824(gp)           : MemWrite :  D=0x7fffffffffffffe4 A=0x70910
2435500: system.cpu: T0 : 0x21d80    : c_ld a4, 0(s0)             : MemRead :  D=0x7fffffffffffffd7 A=0x7fffffffffffff38
2436500: system.cpu: T0 : 0x21d82    : sd a4, -1816(gp)           : MemWrite :  D=0x7fffffffffffffd7 A=0x70918
2437000: system.cpu: T0 : 0x21d86    : c_ldsp ra, 24(sp)          : MemRead :  D=0x0000000000022e5a A=0x7ffffffffffffdc8
2437500: system.cpu: T0 : 0x21d88    : c_ldsp s0, 16(sp)          : MemRead :  D=0x0000000000000001 A=0x7ffffffffffffdc0
2438000: system.cpu: T0 : 0x21d8a    : c_ldsp s1, 8(sp)           : MemRead :  D=0x7fffffffffffff38 A=0x7ffffffffffffdb8
2438500: system.cpu: T0 : 0x21d8c    : c_addi16sp sp, 32          : IntAlu :  D=0x7ffffffffffffdd0
2439000: system.cpu: T0 : 0x21d8e    : c_jr ra                    : IntAlu : 
2439500: system.cpu: T0 : 0x22e5a    : c_ldsp s0, 16(sp)          : MemRead :  D=0x0000000000010a4a A=0x7ffffffffffffde0
2440000: system.cpu: T0 : 0x22e5c    : c_ldsp ra, 24(sp)          : MemRead :  D=0x00000000000106be A=0x7ffffffffffffde8
2440500: system.cpu: T0 : 0x22e5e    : c_ldsp s1, 8(sp)           : MemRead :  D=0x0000000000010ada A=0x7ffffffffffffdd8
2441000: system.cpu: T0 : 0x22e60    : c_ldsp s2, 0(sp)           : MemRead :  D=0x0000000000000000 A=0x7ffffffffffffdd0
2441500: system.cpu: T0 : 0x22e62    : c_addi16sp sp, 32          : IntAlu :  D=0x7ffffffffffffdf0
2442000: system.cpu: T0 : 0x22e64    : jal zero, 35004            : IntAlu :  D=0x0000000000022e68
2442500: system.cpu: T0 : 0x2b720    : ld a5, 0(tp)               : MemRead :  D=0x0000000000070678 A=0x72710
2443000: system.cpu: T0 : 0x2b724    : c_ld a5, 0(a5)             : MemRead :  D=0x00000000000518f0 A=0x70678
2443500: system.cpu: T0 : 0x2b726    : c_ld a0, 64(a5)            : MemRead :  D=0x0000000000053120 A=0x51930
2444000: system.cpu: T0 : 0x2b728    : c_ld a2, 72(a5)            : MemRead :  D=0x0000000000052720 A=0x51938
2444500: system.cpu: T0 : 0x2b72a    : c_ld a4, 88(a5)            : MemRead :  D=0x0000000000052120 A=0x51948
2445000: system.cpu: T0 : 0x2b72c    : addi a0, a0, 256           : IntAlu :  D=0x0000000000053220
2445500: system.cpu: T0 : 0x2b730    : addi a2, a2, 512           : IntAlu :  D=0x0000000000052920
2446000: system.cpu: T0 : 0x2b734    : addi a4, a4, 512           : IntAlu :  D=0x0000000000052320
2446500: system.cpu: T0 : 0x2b738    : sd a0, 80(tp)              : MemWrite :  D=0x0000000000053220 A=0x72760
2447000: system.cpu: T0 : 0x2b73c    : sd a2, 72(tp)              : MemWrite :  D=0x0000000000052920 A=0x72758
2447500: system.cpu: T0 : 0x2b740    : sd a4, 64(tp)              : MemWrite :  D=0x0000000000052320 A=0x72750
2448000: system.cpu: T0 : 0x2b744    : c_jr ra                    : IntAlu : 
2448500: system.cpu: T0 : 0x106be    : c_beqz s1, 12              : IntAlu : 
2449000: system.cpu: T0 : 0x106c0    : c_li a2, 0                 : IntAlu :  D=0x0000000000000000
2449500: system.cpu: T0 : 0x106c2    : c_li a1, 0                 : IntAlu :  D=0x0000000000000000
2450000: system.cpu: T0 : 0x106c4    : c_mv a0, s1                : IntAlu :  D=0x0000000000010ada
2451000: system.cpu: T0 : 0x106c6    : jal ra, 17628              : IntAlu :  D=0x00000000000106ca
2452000: system.cpu: T0 : 0x14ba2    : addi a3, gp, -1936         : IntAlu :  D=0x00000000000708a0
2452500: system.cpu: T0 : 0x14ba6    : c_j -204                   : IntAlu : 
2453000: system.cpu: T0 : 0x14ada    : c_addi16sp sp, -64         : IntAlu :  D=0x7ffffffffffffdb0
2453500: system.cpu: T0 : 0x14adc    : c_sdsp ra, 56(sp)          : MemWrite :  D=0x00000000000106ca A=0x7ffffffffffffde8
2454000: system.cpu: T0 : 0x14ade    : c_sdsp s0, 48(sp)          : MemWrite :  D=0x0000000000010a4a A=0x7ffffffffffffde0
2454500: system.cpu: T0 : 0x14ae0    : c_sdsp s1, 40(sp)          : MemWrite :  D=0x0000000000010ada A=0x7ffffffffffffdd8
2455000: system.cpu: T0 : 0x14ae2    : c_sdsp s2, 32(sp)          : MemWrite :  D=0x0000000000000000 A=0x7ffffffffffffdd0
2455500: system.cpu: T0 : 0x14ae4    : c_sdsp s3, 24(sp)          : MemWrite :  D=0x0000000000000000 A=0x7ffffffffffffdc8
2456000: system.cpu: T0 : 0x14ae6    : c_beqz a0, 156             : IntAlu : 
2456500: system.cpu: T0 : 0x14ae8    : lui s0, 114                : IntAlu :  D=0x0000000000072000
2457000: system.cpu: T0 : 0x14aec    : c_mv s2, a2                : IntAlu :  D=0x0000000000000000
2457500: system.cpu: T0 : 0x14aee    : c_mv s1, a0                : IntAlu :  D=0x0000000000010ada
2458000: system.cpu: T0 : 0x14af0    : c_mv s3, a1                : IntAlu :  D=0x0000000000000000
2458500: system.cpu: T0 : 0x14af2    : c_li a4, 1                 : IntAlu :  D=0x0000000000000001
2459000: system.cpu: T0 : 0x14af4    : addi a2, s0, -552          : IntAlu :  D=0x0000000000071dd8
2459500: system.cpu: T0 : 0x14af8    : lr_w a5, (a2)             
2459500: system.cpu: T0 : 0x14af8. 0 : lr_w a5, (a2)              : MemRead :  D=0x0000000000000000 A=0x71dd8
2460000: system.cpu: T0 : 0x14afc    : c_bnez a5, 8               : IntAlu : 
2461000: system.cpu: T0 : 0x14afe    : sc_w_aq a1, a4, (a2)      
2461000: system.cpu: T0 : 0x14afe. 0 : sc_w a1, a4, (a2)          : MemWrite :  D=0x0000000000000000 A=0x71dd8
2461500: system.cpu: T0 : 0x14afe. 1 : 0x1ce625af fence           : No_OpClass : 
2462000: system.cpu: T0 : 0x14b02    : c_bnez a1, -10             : IntAlu : 
2462500: system.cpu: T0 : 0x14b04    : c_addiw a5, 0              : IntAlu :  D=0x0000000000000000
2463000: system.cpu: T0 : 0x14b06    : c_bnez a5, 64              : IntAlu : 
2463500: system.cpu: T0 : 0x14b08    : c_mv a0, a3                : IntAlu :  D=0x00000000000708a0
2464500: system.cpu: T0 : 0x14b0a    : jal ra, -242               : IntAlu :  D=0x0000000000014b0e
2465000: system.cpu: T0 : 0x14a18    : lbu a5, -1476(gp)          : MemRead :  D=0x0000000000000000 A=0x70a6c
2465500: system.cpu: T0 : 0x14a1c    : c_bnez a5, 186             : IntAlu : 
2466000: system.cpu: T0 : 0x14a1e    : c_addi sp, -32             : IntAlu :  D=0x7ffffffffffffd90
2466500: system.cpu: T0 : 0x14a20    : c_sdsp s1, 8(sp)           : MemWrite :  D=0x0000000000010ada A=0x7ffffffffffffd98
2467000: system.cpu: T0 : 0x14a22    : c_ld s1, 0(a0)             : MemRead :  D=0x0000000000071148 A=0x708a0
2467500: system.cpu: T0 : 0x14a24    : c_sdsp s0, 16(sp)          : MemWrite :  D=0x0000000000072000 A=0x7ffffffffffffda0
2468000: system.cpu: T0 : 0x14a26    : c_sdsp ra, 24(sp)          : MemWrite :  D=0x0000000000014b0e A=0x7ffffffffffffda8
2468500: system.cpu: T0 : 0x14a28    : c_mv s0, a0                : IntAlu :  D=0x00000000000708a0
2469000: system.cpu: T0 : 0x14a2a    : c_beqz s1, 140             : IntAlu : 
2469500: system.cpu: T0 : 0x14a2c    : c_mv a1, s1                : IntAlu :  D=0x0000000000071148
2470000: system.cpu: T0 : 0x14a2e    : c_li a6, 0                 : IntAlu :  D=0x0000000000000000
2470500: system.cpu: T0 : 0x14a30    : c_ld a4, 8(a1)             : MemRead :  D=0x0000000000000000 A=0x71150
2471500: system.cpu: T0 : 0x14a32    : slli a5, a4, 5             : IntAlu :  D=0x0000000000000000
2472000: system.cpu: T0 : 0x14a36    : c_add a5, a1               : IntAlu :  D=0x0000000000071148
2472500: system.cpu: T0 : 0x14a38    : c_beqz a4, 18              : IntAlu : 
2473000: system.cpu: T0 : 0x14a4a    : c_ld a5, 0(a1)             : MemRead :  D=0x0000000000000000 A=0x71148
2473500: system.cpu: T0 : 0x14a4c    : sd zero, 8(a1)             : MemWrite :  D=0x0000000000000000 A=0x71150
2474000: system.cpu: T0 : 0x14a50    : c_mv a6, a1                : IntAlu :  D=0x0000000000071148
2474500: system.cpu: T0 : 0x14a52    : c_beqz a5, 78              : IntAlu : 
2475000: system.cpu: T0 : 0x14aa0    : c_li a5, 1                 : IntAlu :  D=0x0000000000000001
2476000: system.cpu: T0 : 0x14aa2    : addi a0, a1, 16            : IntAlu :  D=0x0000000000071158
2476500: system.cpu: T0 : 0x14aa6    : c_sd a5, 8(a1)             : MemWrite :  D=0x0000000000000001 A=0x71150
2477000: system.cpu: T0 : 0x14aa8    : c_j -60                    : IntAlu : 
2477500: system.cpu: T0 : 0x14a6c    : lui a4, 114                : IntAlu :  D=0x0000000000072000
2478000: system.cpu: T0 : 0x14a70    : ld a5, -544(a4)            : MemRead :  D=0x0000000000000000 A=0x71de0
2478500: system.cpu: T0 : 0x14a74    : c_ldsp ra, 24(sp)          : MemRead :  D=0x0000000000014b0e A=0x7ffffffffffffda8
2479000: system.cpu: T0 : 0x14a76    : c_ldsp s0, 16(sp)          : MemRead :  D=0x0000000000072000 A=0x7ffffffffffffda0
2479500: system.cpu: T0 : 0x14a78    : c_li a3, 1                 : IntAlu :  D=0x0000000000000001
2480000: system.cpu: T0 : 0x14a7a    : c_sd a3, 0(a0)             : MemWrite :  D=0x0000000000000001 A=0x71158
2480500: system.cpu: T0 : 0x14a7c    : c_addi a5, 1               : IntAlu :  D=0x0000000000000001
2481500: system.cpu: T0 : 0x14a7e    : sd a5, -544(a4)            : MemWrite :  D=0x0000000000000001 A=0x71de0
2482000: system.cpu: T0 : 0x14a82    : c_ldsp s1, 8(sp)           : MemRead :  D=0x0000000000010ada A=0x7ffffffffffffd98
2482500: system.cpu: T0 : 0x14a84    : c_addi16sp sp, 32          : IntAlu :  D=0x7ffffffffffffdb0
2483000: system.cpu: T0 : 0x14a86    : c_jr ra                    : IntAlu : 
2483500: system.cpu: T0 : 0x14b0e    : c_beqz a0, 70              : IntAlu : 
2484000: system.cpu: T0 : 0x14b10    : c_li a5, 4                 : IntAlu :  D=0x0000000000000004
2484500: system.cpu: T0 : 0x14b12    : c_sd a5, 0(a0)             : MemWrite :  D=0x0000000000000004 A=0x71158
2485000: system.cpu: T0 : 0x14b14    : c_sd s1, 8(a0)             : MemWrite :  D=0x0000000000010ada A=0x71160
2486000: system.cpu: T0 : 0x14b16    : sd s3, 16(a0)              : MemWrite :  D=0x0000000000000000 A=0x71168
2487000: system.cpu: T0 : 0x14b1a    : sd s2, 24(a0)              : MemWrite :  D=0x0000000000000000 A=0x71170
2487500: system.cpu: T0 : 0x14b1e    : c_li a5, 0                 : IntAlu :  D=0x0000000000000000
2488000: system.cpu: T0 : 0x14b20    : addi a4, s0, -552          : IntAlu :  D=0x0000000000071dd8
2488500: system.cpu: T0 : 0x14b24    : fence iorw, ow             : No_OpClass : 
2489000: system.cpu: T0 : 0x14b28    : amoswap_w a5, a5, (a4)    
2489000: system.cpu: T0 : 0x14b28. 0 : amoswap_w[l] a5, a5, (a4)  : MemRead :  D=0x0000000000000001 A=0x71dd8
2489500: system.cpu: T0 : 0x14b2c    : c_addiw a5, 0              : IntAlu :  D=0x0000000000000001
2490000: system.cpu: T0 : 0x14b2e    : c_li a3, 1                 : IntAlu :  D=0x0000000000000001
2490500: system.cpu: T0 : 0x14b30    : c_li a4, 0                 : IntAlu :  D=0x0000000000000000
2491500: system.cpu: T0 : 0x14b32    : blt a3, a5, 58             : IntAlu : 
2492000: system.cpu: T0 : 0x14b36    : c_ldsp ra, 56(sp)          : MemRead :  D=0x00000000000106ca A=0x7ffffffffffffde8
2492500: system.cpu: T0 : 0x14b38    : c_ldsp s0, 48(sp)          : MemRead :  D=0x0000000000010a4a A=0x7ffffffffffffde0
2493000: system.cpu: T0 : 0x14b3a    : c_ldsp s1, 40(sp)          : MemRead :  D=0x0000000000010ada A=0x7ffffffffffffdd8
2493500: system.cpu: T0 : 0x14b3c    : c_ldsp s2, 32(sp)          : MemRead :  D=0x0000000000000000 A=0x7ffffffffffffdd0
2494000: system.cpu: T0 : 0x14b3e    : c_ldsp s3, 24(sp)          : MemRead :  D=0x0000000000000000 A=0x7ffffffffffffdc8
2494500: system.cpu: T0 : 0x14b40    : c_mv a0, a4                : IntAlu :  D=0x0000000000000000
2495000: system.cpu: T0 : 0x14b42    : c_addi16sp sp, 64          : IntAlu :  D=0x7ffffffffffffdf0
2495500: system.cpu: T0 : 0x14b44    : c_jr ra                    : IntAlu : 
2496500: system.cpu: T0 : 0x106ca    : lui a5, 111                : IntAlu :  D=0x000000000006f000
2497500: system.cpu: T0 : 0x106ce    : lw a5, -72(a5)             : MemRead :  D=0x0000000000000000 A=0x6efb8
2498500: system.cpu: T0 : 0x106d2    : bne a5, zero, 238          : IntAlu : 
2499000: system.cpu: T0 : 0x106d6    : c_beqz s0, 12              : IntAlu : 
2499500: system.cpu: T0 : 0x106d8    : ld a2, -1360(gp)           : MemRead :  D=0x7fffffffffffff48 A=0x70ae0
2500000: system.cpu: T0 : 0x106dc    : c_ldsp a1, 16(sp)          : MemRead :  D=0x7fffffffffffff38 A=0x7ffffffffffffe00
2500500: system.cpu: T0 : 0x106de    : c_ldsp a0, 8(sp)           : MemRead :  D=0x0000000000000001 A=0x7ffffffffffffdf8
2501000: system.cpu: T0 : 0x106e0    : c_jalr s0                  : IntAlu :  D=0x00000000000106e2
2501500: system.cpu: T0 : 0x10a4a    : c_addi16sp sp, -64         : IntAlu :  D=0x7ffffffffffffdb0
2502000: system.cpu: T0 : 0x10a4c    : c_sdsp s0, 48(sp)          : MemWrite :  D=0x0000000000010a4a A=0x7ffffffffffffde0
2502500: system.cpu: T0 : 0x10a4e    : c_sdsp s5, 8(sp)           : MemWrite :  D=0x0000000000000000 A=0x7ffffffffffffdb8
2503000: system.cpu: T0 : 0x10a50    : lui s0, 111                : IntAlu :  D=0x000000000006f000
2503500: system.cpu: T0 : 0x10a54    : lui s5, 111                : IntAlu :  D=0x000000000006f000
2504000: system.cpu: T0 : 0x10a58    : addi a5, s0, -1296         : IntAlu :  D=0x000000000006eaf0
2504500: system.cpu: T0 : 0x10a5c    : addi s5, s5, -1288         : IntAlu :  D=0x000000000006eaf8
2505000: system.cpu: T0 : 0x10a60    : sub s5, s5, a5             : IntAlu :  D=0x0000000000000008
2505500: system.cpu: T0 : 0x10a64    : c_sdsp s2, 32(sp)          : MemWrite :  D=0x0000000000000000 A=0x7ffffffffffffdd0
2506000: system.cpu: T0 : 0x10a66    : c_sdsp s3, 24(sp)          : MemWrite :  D=0x0000000000000000 A=0x7ffffffffffffdc8
2506500: system.cpu: T0 : 0x10a68    : c_sdsp s4, 16(sp)          : MemWrite :  D=0x0000000000000000 A=0x7ffffffffffffdc0
2507000: system.cpu: T0 : 0x10a6a    : c_sdsp ra, 56(sp)          : MemWrite :  D=0x00000000000106e2 A=0x7ffffffffffffde8
2507500: system.cpu: T0 : 0x10a6c    : c_sdsp s1, 40(sp)          : MemWrite :  D=0x0000000000010ada A=0x7ffffffffffffdd8
2508500: system.cpu: T0 : 0x10a6e    : srai s5, s5, 3             : IntAlu :  D=0x0000000000000001
2509000: system.cpu: T0 : 0x10a72    : c_mv s2, a0                : IntAlu :  D=0x0000000000000001
2509500: system.cpu: T0 : 0x10a74    : c_mv s3, a1                : IntAlu :  D=0x7fffffffffffff38
2510000: system.cpu: T0 : 0x10a76    : c_mv s4, a2                : IntAlu :  D=0x7fffffffffffff48
2510500: system.cpu: T0 : 0x10a78    : beq s5, zero, 28           : IntAlu : 
2511000: system.cpu: T0 : 0x10a7c    : addi s0, s0, -1296         : IntAlu :  D=0x000000000006eaf0
2511500: system.cpu: T0 : 0x10a80    : c_li s1, 0                 : IntAlu :  D=0x0000000000000000
2512000: system.cpu: T0 : 0x10a82    : c_ld a5, 0(s0)             : MemRead :  D=0x0000000000010376 A=0x6eaf0
2512500: system.cpu: T0 : 0x10a84    : c_mv a2, s4                : IntAlu :  D=0x7fffffffffffff48
2513000: system.cpu: T0 : 0x10a86    : c_mv a1, s3                : IntAlu :  D=0x7fffffffffffff38
2513500: system.cpu: T0 : 0x10a88    : c_mv a0, s2                : IntAlu :  D=0x0000000000000001
2514000: system.cpu: T0 : 0x10a8a    : c_addi s1, 1               : IntAlu :  D=0x0000000000000001
2514500: system.cpu: T0 : 0x10a8c    : c_jalr a5                  : IntAlu :  D=0x0000000000010a8e
2515500: system.cpu: T0 : 0x10376    : auipc gp, 97               : IntAlu :  D=0x0000000000071376
2516500: system.cpu: T0 : 0x1037a    : addi gp, gp, -838          : IntAlu :  D=0x0000000000071030
2517000: system.cpu: T0 : 0x1037e    : c_jr ra                    : IntAlu : 
2517500: system.cpu: T0 : 0x10a8e    : c_addi s0, 8               : IntAlu :  D=0x000000000006eaf8
2518000: system.cpu: T0 : 0x10a90    : bne s5, s1, -14            : IntAlu : 
2518500: system.cpu: T0 : 0x10a94    : lui s0, 111                : IntAlu :  D=0x000000000006f000
2519000: system.cpu: T0 : 0x10a98    : lui s5, 111                : IntAlu :  D=0x000000000006f000
2519500: system.cpu: T0 : 0x10a9c    : addi a5, s0, -1288         : IntAlu :  D=0x000000000006eaf8
2520000: system.cpu: T0 : 0x10aa0    : addi s5, s5, -1280         : IntAlu :  D=0x000000000006eb00
2520500: system.cpu: T0 : 0x10aa4    : sub s5, s5, a5             : IntAlu :  D=0x0000000000000008
2521000: system.cpu: T0 : 0x10aa8    : srai s5, s5, 3             : IntAlu :  D=0x0000000000000001
2521500: system.cpu: T0 : 0x10aac    : beq s5, zero, 28           : IntAlu : 
2522000: system.cpu: T0 : 0x10ab0    : addi s0, s0, -1288         : IntAlu :  D=0x000000000006eaf8
2522500: system.cpu: T0 : 0x10ab4    : c_li s1, 0                 : IntAlu :  D=0x0000000000000000
2523000: system.cpu: T0 : 0x10ab6    : c_ld a5, 0(s0)             : MemRead :  D=0x000000000001040a A=0x6eaf8
2523500: system.cpu: T0 : 0x10ab8    : c_mv a2, s4                : IntAlu :  D=0x7fffffffffffff48
2524000: system.cpu: T0 : 0x10aba    : c_mv a1, s3                : IntAlu :  D=0x7fffffffffffff38
2524500: system.cpu: T0 : 0x10abc    : c_mv a0, s2                : IntAlu :  D=0x0000000000000001
2525000: system.cpu: T0 : 0x10abe    : c_addi s1, 1               : IntAlu :  D=0x0000000000000001
2525500: system.cpu: T0 : 0x10ac0    : c_jalr a5                  : IntAlu :  D=0x0000000000010ac2
2526500: system.cpu: T0 : 0x1040a    : lui a5, 76                 : IntAlu :  D=0x000000000004c000
2527500: system.cpu: T0 : 0x1040e    : addi a5, a5, 1308          : IntAlu :  D=0x000000000004c51c
2528000: system.cpu: T0 : 0x10412    : c_beqz a5, 28              : IntAlu : 
2528500: system.cpu: T0 : 0x10414    : lui a0, 106                : IntAlu :  D=0x000000000006a000
2529000: system.cpu: T0 : 0x10418    : c_addi sp, -16             : IntAlu :  D=0x7ffffffffffffda0
2530000: system.cpu: T0 : 0x1041a    : addi a1, gp, -1008         : IntAlu :  D=0x0000000000070c40
2531000: system.cpu: T0 : 0x1041e    : addi a0, a0, 560           : IntAlu :  D=0x000000000006a230
2531500: system.cpu: T0 : 0x10422    : c_sdsp ra, 8(sp)           : MemWrite :  D=0x0000000000010ac2 A=0x7ffffffffffffda8
2532000: system.cpu: T0 : 0x10424    : jal ra, 246008             : IntAlu :  D=0x0000000000010428
2532500: system.cpu: T0 : 0x4c51c    : c_beqz a0, 12              : IntAlu : 
2533000: system.cpu: T0 : 0x4c51e    : c_lw a5, 0(a0)             : MemRead :  D=0x000000000000001c A=0x6a230
2533500: system.cpu: T0 : 0x4c520    : c_beqz a5, 8               : IntAlu : 
2534000: system.cpu: T0 : 0x4c522    : c_li a3, 0                 : IntAlu :  D=0x0000000000000000
2534500: system.cpu: T0 : 0x4c524    : c_li a2, 0                 : IntAlu :  D=0x0000000000000000
2535000: system.cpu: T0 : 0x4c526    : c_j -144                   : IntAlu : 
2535500: system.cpu: T0 : 0x4c496    : c_li a5, -1                : IntAlu :  D=0xffffffffffffffff
2536000: system.cpu: T0 : 0x4c498    : c_addi sp, -32             : IntAlu :  D=0x7ffffffffffffd80
2536500: system.cpu: T0 : 0x4c49a    : c_sd a5, 0(a1)             : MemWrite :  D=0xffffffffffffffff A=0x70c40
2537000: system.cpu: T0 : 0x4c49c    : addi a5, zero, 2040        : IntAlu :  D=0x00000000000007f8
2537500: system.cpu: T0 : 0x4c4a0    : c_sdsp s0, 16(sp)          : MemWrite :  D=0x000000000006eaf8 A=0x7ffffffffffffd90
2538000: system.cpu: T0 : 0x4c4a2    : c_sdsp s1, 8(sp)           : MemWrite :  D=0x0000000000000001 A=0x7ffffffffffffd88
2538500: system.cpu: T0 : 0x4c4a4    : c_sdsp ra, 24(sp)          : MemWrite :  D=0x0000000000010428 A=0x7ffffffffffffd98
2539000: system.cpu: T0 : 0x4c4a6    : c_sd a2, 8(a1)             : MemWrite :  D=0x0000000000000000 A=0x70c48
2539500: system.cpu: T0 : 0x4c4a8    : c_sd a3, 16(a1)            : MemWrite :  D=0x0000000000000000 A=0x70c50
2540000: system.cpu: T0 : 0x4c4aa    : c_sd a0, 24(a1)            : MemWrite :  D=0x000000000006a230 A=0x70c58
2540500: system.cpu: T0 : 0x4c4ac    : c_sd a5, 32(a1)            : MemWrite :  D=0x00000000000007f8 A=0x70c60
2541500: system.cpu: T0 : 0x4c4ae    : auipc s1, 36               : IntAlu :  D=0x00000000000704ae
2542500: system.cpu: T0 : 0x4c4b2    : ld s1, 858(s1)             : MemRead :  D=0x0000000000000000 A=0x70808
2543000: system.cpu: T0 : 0x4c4b6    : c_mv s0, a1                : IntAlu :  D=0x0000000000070c40
2543500: system.cpu: T0 : 0x4c4b8    : c_beqz s1, 20              : IntAlu : 
2544000: system.cpu: T0 : 0x4c4cc    : addi a5, gp, 1880          : IntAlu :  D=0x0000000000071788
2544500: system.cpu: T0 : 0x4c4d0    : ld a3, 448(a5)             : MemRead :  D=0x0000000000000000 A=0x71948
2545000: system.cpu: T0 : 0x4c4d4    : lw a4, 456(a5)             : MemRead :  D=0x0000000000000000 A=0x71950
2545500: system.cpu: T0 : 0x4c4d8    : sd s0, 448(a5)             : MemWrite :  D=0x0000000000070c40 A=0x71948
2546000: system.cpu: T0 : 0x4c4dc    : c_sd a3, 40(s0)            : MemWrite :  D=0x0000000000000000 A=0x70c68
2546500: system.cpu: T0 : 0x4c4de    : c_beqz a4, 30              : IntAlu : 
2547000: system.cpu: T0 : 0x4c4fc    : c_li a4, 1                 : IntAlu :  D=0x0000000000000001
2548000: system.cpu: T0 : 0x4c4fe    : addi a5, a5, 456           : IntAlu :  D=0x0000000000071950
2549000: system.cpu: T0 : 0x4c502    : amoswap_w zero, a4, (a5)  
2549000: system.cpu: T0 : 0x4c502. 0 : amoswap_w[l] zero, a4, (a5) : MemRead :  D=0x0000000000000000 A=0x71950
2549500: system.cpu: T0 : 0x4c506    : c_bnez s1, -36             : IntAlu : 
2550000: system.cpu: T0 : 0x4c508    : c_ldsp ra, 24(sp)          : MemRead :  D=0x0000000000010428 A=0x7ffffffffffffd98
2550500: system.cpu: T0 : 0x4c50a    : c_ldsp s0, 16(sp)          : MemRead :  D=0x000000000006eaf8 A=0x7ffffffffffffd90
2551000: system.cpu: T0 : 0x4c50c    : c_ldsp s1, 8(sp)           : MemRead :  D=0x0000000000000001 A=0x7ffffffffffffd88
2551500: system.cpu: T0 : 0x4c50e    : c_addi16sp sp, 32          : IntAlu :  D=0x7ffffffffffffda0
2552000: system.cpu: T0 : 0x4c510    : c_jr ra                    : IntAlu : 
2552500: system.cpu: T0 : 0x10428    : c_ldsp ra, 8(sp)           : MemRead :  D=0x0000000000010ac2 A=0x7ffffffffffffda8
2553000: system.cpu: T0 : 0x1042a    : c_addi sp, 16              : IntAlu :  D=0x7ffffffffffffdb0
2553500: system.cpu: T0 : 0x1042c    : c_j -134                   : IntAlu : 
2554500: system.cpu: T0 : 0x103a6    : lui a0, 112                : IntAlu :  D=0x0000000000070000
2555500: system.cpu: T0 : 0x103aa    : addi a1, a0, 2032          : IntAlu :  D=0x00000000000707f0
2556500: system.cpu: T0 : 0x103ae    : lui a5, 112                : IntAlu :  D=0x0000000000070000
2557500: system.cpu: T0 : 0x103b2    : addi a5, a5, 2032          : IntAlu :  D=0x00000000000707f0
2558000: system.cpu: T0 : 0x103b6    : c_sub a5, a1               : IntAlu :  D=0x0000000000000000
2558500: system.cpu: T0 : 0x103b8    : srai a4, a5, 3             : IntAlu :  D=0x0000000000000000
2559000: system.cpu: T0 : 0x103bc    : srli a1, a5, 63            : IntAlu :  D=0x0000000000000000
2559500: system.cpu: T0 : 0x103c0    : c_add a1, a4               : IntAlu :  D=0x0000000000000000
2560000: system.cpu: T0 : 0x103c2    : c_srai a1, 1               : IntAlu :  D=0x0000000000000000
2560500: system.cpu: T0 : 0x103c4    : c_beqz a1, 16              : IntAlu : 
2561000: system.cpu: T0 : 0x103d4    : c_jr ra                    : IntAlu : 
2561500: system.cpu: T0 : 0x10ac2    : c_addi s0, 8               : IntAlu :  D=0x000000000006eb00
2562000: system.cpu: T0 : 0x10ac4    : bne s5, s1, -14            : IntAlu : 
2562500: system.cpu: T0 : 0x10ac8    : c_ldsp ra, 56(sp)          : MemRead :  D=0x00000000000106e2 A=0x7ffffffffffffde8
2563000: system.cpu: T0 : 0x10aca    : c_ldsp s0, 48(sp)          : MemRead :  D=0x0000000000010a4a A=0x7ffffffffffffde0
2563500: system.cpu: T0 : 0x10acc    : c_ldsp s1, 40(sp)          : MemRead :  D=0x0000000000010ada A=0x7ffffffffffffdd8
2564000: system.cpu: T0 : 0x10ace    : c_ldsp s2, 32(sp)          : MemRead :  D=0x0000000000000000 A=0x7ffffffffffffdd0
2564500: system.cpu: T0 : 0x10ad0    : c_ldsp s3, 24(sp)          : MemRead :  D=0x0000000000000000 A=0x7ffffffffffffdc8
2565000: system.cpu: T0 : 0x10ad2    : c_ldsp s4, 16(sp)          : MemRead :  D=0x0000000000000000 A=0x7ffffffffffffdc0
2565500: system.cpu: T0 : 0x10ad4    : c_ldsp s5, 8(sp)           : MemRead :  D=0x0000000000000000 A=0x7ffffffffffffdb8
2566000: system.cpu: T0 : 0x10ad6    : c_addi16sp sp, 64          : IntAlu :  D=0x7ffffffffffffdf0
2566500: system.cpu: T0 : 0x10ad8    : c_jr ra                    : IntAlu : 
2567000: system.cpu: T0 : 0x106e2    : c_li a1, 0                 : IntAlu :  D=0x0000000000000000
2567500: system.cpu: T0 : 0x106e4    : c_li a0, 0                 : IntAlu :  D=0x0000000000000000
2568500: system.cpu: T0 : 0x106e6    : jal ra, 71440              : IntAlu :  D=0x00000000000106ea
2569000: system.cpu: T0 : 0x21df6    : c_mv a4, a0                : IntAlu :  D=0x0000000000000000
2569500: system.cpu: T0 : 0x21df8    : c_beqz a1, 70              : IntAlu : 
2570500: system.cpu: T0 : 0x21e3e    : lui a5, 114                : IntAlu :  D=0x0000000000072000
2571500: system.cpu: T0 : 0x21e42    : addi a0, a5, -536          : IntAlu :  D=0x0000000000071de8
2572000: system.cpu: T0 : 0x21e46    : c_ld a5, 8(a0)             : MemRead :  D=0x0000000000000000 A=0x71df0
2572500: system.cpu: T0 : 0x21e48    : c_bnez a5, -52             : IntAlu : 
2573000: system.cpu: T0 : 0x21e4a    : c_li a5, 1                 : IntAlu :  D=0x0000000000000001
2573500: system.cpu: T0 : 0x21e4c    : c_sw a5, 0(a0)             : MemWrite :  D=0x0000000000000001 A=0x71de8
2574000: system.cpu: T0 : 0x21e4e    : c_bnez a4, -52             : IntAlu : 
2574500: system.cpu: T0 : 0x21e50    : lui a5, 114                : IntAlu :  D=0x0000000000072000
2575000: system.cpu: T0 : 0x21e54    : ld a4, -504(a5)            : MemRead :  D=0x0000000000000000 A=0x71e08
2575500: system.cpu: T0 : 0x21e58    : c_j -62                    : IntAlu : 
2576500: system.cpu: T0 : 0x21e1a    : slli a5, a1, 3             : IntAlu :  D=0x0000000000000000
2577000: system.cpu: T0 : 0x21e1e    : c_add a5, a1               : IntAlu :  D=0x0000000000000000
2577500: system.cpu: T0 : 0x21e20    : lui a1, 112                : IntAlu :  D=0x0000000000070000
2578000: system.cpu: T0 : 0x21e24    : c_slli a5, 4               : IntAlu :  D=0x0000000000000000
2579000: system.cpu: T0 : 0x21e26    : addi a1, a1, 816           : IntAlu :  D=0x0000000000070330
2579500: system.cpu: T0 : 0x21e2a    : c_add a1, a5               : IntAlu :  D=0x0000000000070330
2580000: system.cpu: T0 : 0x21e2c    : c_ld a5, 0(a1)             : MemRead :  D=0x000000000006fe60 A=0x70330
2580500: system.cpu: T0 : 0x21e2e    : c_sd a4, 32(a0)            : MemWrite :  D=0x0000000000000000 A=0x71e08
2581000: system.cpu: T0 : 0x21e30    : c_sd a5, 8(a0)             : MemWrite :  D=0x000000000006fe60 A=0x71df0
2582000: system.cpu: T0 : 0x21e32    : lui a5, 34                 : IntAlu :  D=0x0000000000022000
2583000: system.cpu: T0 : 0x21e36    : addi a5, a5, -524          : IntAlu :  D=0x0000000000021df4
2583500: system.cpu: T0 : 0x21e3a    : c_sd a5, 16(a0)            : MemWrite :  D=0x0000000000021df4 A=0x71df8
2584000: system.cpu: T0 : 0x21e3c    : c_jr ra                    : IntAlu : 
2584500: system.cpu: T0 : 0x106ea    : c_addi4spn a0, sp, 40      : IntAlu :  D=0x7ffffffffffffe18
2585000: system.cpu: T0 : 0x106ec    : jal ra, 14940              : IntAlu :  D=0x00000000000106f0
2585500: system.cpu: T0 : 0x14148    : c_li a1, 0                 : IntAlu :  D=0x0000000000000000
2586000: system.cpu: T0 : 0x1414a    : c_j 6                      : IntAlu : 
2586500: system.cpu: T0 : 0x14150    : sd ra, 0(a0)               : MemWrite :  D=0x00000000000106f0 A=0x7ffffffffffffe18
2587000: system.cpu: T0 : 0x14154    : c_sd s0, 8(a0)             : MemWrite :  D=0x0000000000010a4a A=0x7ffffffffffffe20
2587500: system.cpu: T0 : 0x14156    : c_sd s1, 16(a0)            : MemWrite :  D=0x0000000000010ada A=0x7ffffffffffffe28
2588000: system.cpu: T0 : 0x14158    : sd s2, 24(a0)              : MemWrite :  D=0x0000000000000000 A=0x7ffffffffffffe30
2588500: system.cpu: T0 : 0x1415c    : sd s3, 32(a0)              : MemWrite :  D=0x0000000000000000 A=0x7ffffffffffffe38
2589000: system.cpu: T0 : 0x14160    : sd s4, 40(a0)              : MemWrite :  D=0x0000000000000000 A=0x7ffffffffffffe40
2589500: system.cpu: T0 : 0x14164    : sd s5, 48(a0)              : MemWrite :  D=0x0000000000000000 A=0x7ffffffffffffe48
2590000: system.cpu: T0 : 0x14168    : sd s6, 56(a0)              : MemWrite :  D=0x0000000000000000 A=0x7ffffffffffffe50
2590500: system.cpu: T0 : 0x1416c    : sd s7, 64(a0)              : MemWrite :  D=0x0000000000000000 A=0x7ffffffffffffe58
2591000: system.cpu: T0 : 0x14170    : sd s8, 72(a0)              : MemWrite :  D=0x0000000000000000 A=0x7ffffffffffffe60
2591500: system.cpu: T0 : 0x14174    : sd s9, 80(a0)              : MemWrite :  D=0x0000000000000000 A=0x7ffffffffffffe68
2592000: system.cpu: T0 : 0x14178    : sd s10, 88(a0)             : MemWrite :  D=0x0000000000000000 A=0x7ffffffffffffe70
2592500: system.cpu: T0 : 0x1417c    : sd s11, 96(a0)             : MemWrite :  D=0x0000000000000000 A=0x7ffffffffffffe78
2593000: system.cpu: T0 : 0x14180    : sd sp, 104(a0)             : MemWrite :  D=0x7ffffffffffffdf0 A=0x7ffffffffffffe80
2593500: system.cpu: T0 : 0x14184    : c_fsd fs0, 112(a0)         : FloatMemWrite :  D=0x0000000000000000 A=0x7ffffffffffffe88
2594000: system.cpu: T0 : 0x14186    : c_fsd fs1, 120(a0)         : FloatMemWrite :  D=0x0000000000000000 A=0x7ffffffffffffe90
2594500: system.cpu: T0 : 0x14188    : fsd fs2, 128(a0)           : FloatMemWrite :  D=0x0000000000000000 A=0x7ffffffffffffe98
2595000: system.cpu: T0 : 0x1418c    : fsd fs3, 136(a0)           : FloatMemWrite :  D=0x0000000000000000 A=0x7ffffffffffffea0
2595500: system.cpu: T0 : 0x14190    : fsd fs4, 144(a0)           : FloatMemWrite :  D=0x0000000000000000 A=0x7ffffffffffffea8
2596000: system.cpu: T0 : 0x14194    : fsd fs5, 152(a0)           : FloatMemWrite :  D=0x0000000000000000 A=0x7ffffffffffffeb0
2596500: system.cpu: T0 : 0x14198    : fsd fs6, 160(a0)           : FloatMemWrite :  D=0x0000000000000000 A=0x7ffffffffffffeb8
2597000: system.cpu: T0 : 0x1419c    : fsd fs7, 168(a0)           : FloatMemWrite :  D=0x0000000000000000 A=0x7ffffffffffffec0
2597500: system.cpu: T0 : 0x141a0    : fsd fs8, 176(a0)           : FloatMemWrite :  D=0x0000000000000000 A=0x7ffffffffffffec8
2598000: system.cpu: T0 : 0x141a4    : fsd fs9, 184(a0)           : FloatMemWrite :  D=0x0000000000000000 A=0x7ffffffffffffed0
2598500: system.cpu: T0 : 0x141a8    : fsd fs10, 192(a0)          : FloatMemWrite :  D=0x0000000000000000 A=0x7ffffffffffffed8
2599000: system.cpu: T0 : 0x141ac    : fsd fs11, 200(a0)          : FloatMemWrite :  D=0x0000000000000000 A=0x7ffffffffffffee0
2599500: system.cpu: T0 : 0x141b0    : jal zero, 4                : IntAlu :  D=0x00000000000141b4
2600000: system.cpu: T0 : 0x141b4    : c_addi sp, -16             : IntAlu :  D=0x7ffffffffffffde0
2600500: system.cpu: T0 : 0x141b6    : c_sdsp s0, 0(sp)           : MemWrite :  D=0x0000000000010a4a A=0x7ffffffffffffde0
2601000: system.cpu: T0 : 0x141b8    : c_sdsp ra, 8(sp)           : MemWrite :  D=0x00000000000106f0 A=0x7ffffffffffffde8
2601500: system.cpu: T0 : 0x141ba    : c_mv s0, a0                : IntAlu :  D=0x7ffffffffffffe18
2602000: system.cpu: T0 : 0x141bc    : c_bnez a1, 16              : IntAlu : 
2602500: system.cpu: T0 : 0x141be    : c_ldsp ra, 8(sp)           : MemRead :  D=0x00000000000106f0 A=0x7ffffffffffffde8
2603000: system.cpu: T0 : 0x141c0    : sw a1, 208(s0)             : MemWrite :  D=0x0000000000000000 A=0x7ffffffffffffee8
2603500: system.cpu: T0 : 0x141c4    : c_ldsp s0, 0(sp)           : MemRead :  D=0x0000000000010a4a A=0x7ffffffffffffde0
2604000: system.cpu: T0 : 0x141c6    : c_li a0, 0                 : IntAlu :  D=0x0000000000000000
2604500: system.cpu: T0 : 0x141c8    : c_addi sp, 16              : IntAlu :  D=0x7ffffffffffffdf0
2605000: system.cpu: T0 : 0x141ca    : c_jr ra                    : IntAlu : 
2605500: system.cpu: T0 : 0x106f0    : c_bnez a0, 166             : IntAlu : 
2606500: system.cpu: T0 : 0x106f2    : ld a3, -1552(tp)           : MemRead :  D=0x0000000000000000 A=0x72100
2607500: system.cpu: T0 : 0x106f6    : ld a4, -1560(tp)           : MemRead :  D=0x0000000000000000 A=0x720f8
2608500: system.cpu: T0 : 0x106fa    : ld a2, -1360(gp)           : MemRead :  D=0x7fffffffffffff48 A=0x70ae0
2609000: system.cpu: T0 : 0x106fe    : c_ldsp a1, 16(sp)          : MemRead :  D=0x7fffffffffffff38 A=0x7ffffffffffffe00
2609500: system.cpu: T0 : 0x10700    : c_ldsp a0, 8(sp)           : MemRead :  D=0x0000000000000001 A=0x7ffffffffffffdf8
2610000: system.cpu: T0 : 0x10702    : c_ldsp a5, 24(sp)          : MemRead :  D=0x0000000000010430 A=0x7ffffffffffffe08
2610500: system.cpu: T0 : 0x10704    : c_sdsp a4, 264(sp)         : MemWrite :  D=0x0000000000000000 A=0x7ffffffffffffef8
2611000: system.cpu: T0 : 0x10706    : c_sdsp a3, 256(sp)         : MemWrite :  D=0x0000000000000000 A=0x7ffffffffffffef0
2611500: system.cpu: T0 : 0x10708    : c_addi4spn a4, sp, 40      : IntAlu :  D=0x7ffffffffffffe18
2612500: system.cpu: T0 : 0x1070a    : sd a4, -1552(tp)           : MemWrite :  D=0x7ffffffffffffe18 A=0x72100
2613000: system.cpu: T0 : 0x1070e    : c_jalr a5                  : IntAlu :  D=0x0000000000010710
2613500: system.cpu: T0 : 0x10430    : c_addi sp, -32             : IntAlu :  D=0x7ffffffffffffdd0
2614000: system.cpu: T0 : 0x10432    : c_sdsp s0, 24(sp)          : MemWrite :  D=0x0000000000010a4a A=0x7ffffffffffffde8
2614500: system.cpu: T0 : 0x10434    : c_addi4spn s0, sp, 32      : IntAlu :  D=0x7ffffffffffffdf0
2615500: system.cpu: T0 : 0x10436    : auipc a5, 96               : IntAlu :  D=0x0000000000070436
2616500: system.cpu: T0 : 0x1043a    : ld a5, 1010(a5)            : MemRead :  D=0x0000000000071960 A=0x70828
2617500: system.cpu: T0 : 0x1043e    : sw zero, 0(a5)             : MemWrite :  D=0x0000000000000000 A=0x71960
2618500: system.cpu: T0 : 0x10442    : auipc a5, 96               : IntAlu :  D=0x0000000000070442
2619500: system.cpu: T0 : 0x10446    : ld a5, 998(a5)             : MemRead :  D=0x0000000000071960 A=0x70828
2620000: system.cpu: T0 : 0x1044a    : c_li a4, 11                : IntAlu :  D=0x000000000000000b
2620500: system.cpu: T0 : 0x1044c    : c_sw a4, 4(a5)             : MemWrite :  D=0x000000000000000b A=0x71964
2621500: system.cpu: T0 : 0x1044e    : auipc a5, 96               : IntAlu :  D=0x000000000007044e
2622500: system.cpu: T0 : 0x10452    : ld a5, 986(a5)             : MemRead :  D=0x0000000000071960 A=0x70828
2623000: system.cpu: T0 : 0x10456    : c_li a4, 10                : IntAlu :  D=0x000000000000000a
2623500: system.cpu: T0 : 0x10458    : c_sw a4, 8(a5)             : MemWrite :  D=0x000000000000000a A=0x71968
2624500: system.cpu: T0 : 0x1045a    : auipc a5, 96               : IntAlu :  D=0x000000000007045a
2625500: system.cpu: T0 : 0x1045e    : ld a5, 974(a5)             : MemRead :  D=0x0000000000071960 A=0x70828
2626000: system.cpu: T0 : 0x10462    : c_li a4, 9                 : IntAlu :  D=0x0000000000000009
2626500: system.cpu: T0 : 0x10464    : c_sw a4, 12(a5)            : MemWrite :  D=0x0000000000000009 A=0x7196c
2627500: system.cpu: T0 : 0x10466    : auipc a5, 96               : IntAlu :  D=0x0000000000070466
2628500: system.cpu: T0 : 0x1046a    : ld a5, 962(a5)             : MemRead :  D=0x0000000000071960 A=0x70828
2629000: system.cpu: T0 : 0x1046e    : c_li a4, 8                 : IntAlu :  D=0x0000000000000008
2629500: system.cpu: T0 : 0x10470    : c_sw a4, 16(a5)            : MemWrite :  D=0x0000000000000008 A=0x71970
2630500: system.cpu: T0 : 0x10472    : auipc a5, 96               : IntAlu :  D=0x0000000000070472
2631500: system.cpu: T0 : 0x10476    : ld a5, 950(a5)             : MemRead :  D=0x0000000000071960 A=0x70828
2632000: system.cpu: T0 : 0x1047a    : c_li a4, 7                 : IntAlu :  D=0x0000000000000007
2632500: system.cpu: T0 : 0x1047c    : c_sw a4, 20(a5)            : MemWrite :  D=0x0000000000000007 A=0x71974
2633500: system.cpu: T0 : 0x1047e    : auipc a5, 96               : IntAlu :  D=0x000000000007047e
2634500: system.cpu: T0 : 0x10482    : ld a5, 938(a5)             : MemRead :  D=0x0000000000071960 A=0x70828
2635000: system.cpu: T0 : 0x10486    : c_li a4, 6                 : IntAlu :  D=0x0000000000000006
2635500: system.cpu: T0 : 0x10488    : c_sw a4, 24(a5)            : MemWrite :  D=0x0000000000000006 A=0x71978
2636500: system.cpu: T0 : 0x1048a    : auipc a5, 96               : IntAlu :  D=0x000000000007048a
2637500: system.cpu: T0 : 0x1048e    : ld a5, 926(a5)             : MemRead :  D=0x0000000000071960 A=0x70828
2638000: system.cpu: T0 : 0x10492    : c_li a4, 5                 : IntAlu :  D=0x0000000000000005
2638500: system.cpu: T0 : 0x10494    : c_sw a4, 28(a5)            : MemWrite :  D=0x0000000000000005 A=0x7197c
2639500: system.cpu: T0 : 0x10496    : auipc a5, 96               : IntAlu :  D=0x0000000000070496
2640500: system.cpu: T0 : 0x1049a    : ld a5, 914(a5)             : MemRead :  D=0x0000000000071960 A=0x70828
2641000: system.cpu: T0 : 0x1049e    : c_li a4, 4                 : IntAlu :  D=0x0000000000000004
2641500: system.cpu: T0 : 0x104a0    : c_sw a4, 32(a5)            : MemWrite :  D=0x0000000000000004 A=0x71980
2642500: system.cpu: T0 : 0x104a2    : auipc a5, 96               : IntAlu :  D=0x00000000000704a2
2643500: system.cpu: T0 : 0x104a6    : ld a5, 902(a5)             : MemRead :  D=0x0000000000071960 A=0x70828
2644000: system.cpu: T0 : 0x104aa    : c_li a4, 3                 : IntAlu :  D=0x0000000000000003
2644500: system.cpu: T0 : 0x104ac    : c_sw a4, 36(a5)            : MemWrite :  D=0x0000000000000003 A=0x71984
2645500: system.cpu: T0 : 0x104ae    : auipc a5, 96               : IntAlu :  D=0x00000000000704ae
2646500: system.cpu: T0 : 0x104b2    : ld a5, 890(a5)             : MemRead :  D=0x0000000000071960 A=0x70828
2647000: system.cpu: T0 : 0x104b6    : c_li a4, 2                 : IntAlu :  D=0x0000000000000002
2647500: system.cpu: T0 : 0x104b8    : c_sw a4, 40(a5)            : MemWrite :  D=0x0000000000000002 A=0x71988
2648000: system.cpu: T0 : 0x104ba    : c_li a5, 2                 : IntAlu :  D=0x0000000000000002
2648500: system.cpu: T0 : 0x104bc    : sw a5, -28(s0)             : MemWrite :  D=0x0000000000000002 A=0x7ffffffffffffdd4
2649000: system.cpu: T0 : 0x104c0    : c_j 166                    : IntAlu : 
2650000: system.cpu: T0 : 0x10566    : lw a5, -28(s0)             : MemRead :  D=0x0000000000000002 A=0x7ffffffffffffdd4
2651000: system.cpu: T0 : 0x1056a    : addiw a4, a5, 0            : IntAlu :  D=0x0000000000000002
2651500: system.cpu: T0 : 0x1056e    : c_li a5, 10                : IntAlu :  D=0x000000000000000a
2652000: system.cpu: T0 : 0x10570    : bge a5, a4, -174           : IntAlu : 
2653000: system.cpu: T0 : 0x104c2    : lw a5, -28(s0)             : MemRead :  D=0x0000000000000002 A=0x7ffffffffffffdd4
2654000: system.cpu: T0 : 0x104c6    : sw a5, -24(s0)             : MemWrite :  D=0x0000000000000002 A=0x7ffffffffffffdd8
2654500: system.cpu: T0 : 0x104ca    : c_j 100                    : IntAlu : 
2655500: system.cpu: T0 : 0x1052e    : auipc a4, 96               : IntAlu :  D=0x000000000007052e
2656500: system.cpu: T0 : 0x10532    : ld a4, 762(a4)             : MemRead :  D=0x0000000000071960 A=0x70828
2657500: system.cpu: T0 : 0x10536    : lw a5, -24(s0)             : MemRead :  D=0x0000000000000002 A=0x7ffffffffffffdd8
2658000: system.cpu: T0 : 0x1053a    : c_slli a5, 2               : IntAlu :  D=0x0000000000000008
2658500: system.cpu: T0 : 0x1053c    : c_add a5, a4               : IntAlu :  D=0x0000000000071968
2659000: system.cpu: T0 : 0x1053e    : c_lw a3, 0(a5)             : MemRead :  D=0x000000000000000a A=0x71968
2659500: system.cpu: T0 : 0x10540    : lw a5, -24(s0)             : MemRead :  D=0x0000000000000002 A=0x7ffffffffffffdd8
2660000: system.cpu: T0 : 0x10544    : c_addiw a5, -1             : IntAlu :  D=0x0000000000000001
2660500: system.cpu: T0 : 0x10546    : c_addiw a5, 0              : IntAlu :  D=0x0000000000000001
2661000: system.cpu: T0 : 0x10548    : auipc a4, 96               : IntAlu :  D=0x0000000000070548
2661500: system.cpu: T0 : 0x1054c    : ld a4, 736(a4)             : MemRead :  D=0x0000000000071960 A=0x70828
2662000: system.cpu: T0 : 0x10550    : c_slli a5, 2               : IntAlu :  D=0x0000000000000004
2662500: system.cpu: T0 : 0x10552    : c_add a5, a4               : IntAlu :  D=0x0000000000071964
2663000: system.cpu: T0 : 0x10554    : c_lw a5, 0(a5)             : MemRead :  D=0x000000000000000b A=0x71964
2663500: system.cpu: T0 : 0x10556    : c_mv a4, a3                : IntAlu :  D=0x000000000000000a
2664000: system.cpu: T0 : 0x10558    : bltu a4, a5, -140          : IntAlu : 
2664500: system.cpu: T0 : 0x104cc    : auipc a4, 96               : IntAlu :  D=0x00000000000704cc
2665000: system.cpu: T0 : 0x104d0    : ld a4, 860(a4)             : MemRead :  D=0x0000000000071960 A=0x70828
2665500: system.cpu: T0 : 0x104d4    : lw a5, -24(s0)             : MemRead :  D=0x0000000000000002 A=0x7ffffffffffffdd8
2666000: system.cpu: T0 : 0x104d8    : c_slli a5, 2               : IntAlu :  D=0x0000000000000008
2666500: system.cpu: T0 : 0x104da    : c_add a5, a4               : IntAlu :  D=0x0000000000071968
2667000: system.cpu: T0 : 0x104dc    : c_lw a5, 0(a5)             : MemRead :  D=0x000000000000000a A=0x71968
2668000: system.cpu: T0 : 0x104de    : sw a5, -20(s0)             : MemWrite :  D=0x000000000000000a A=0x7ffffffffffffddc
2669000: system.cpu: T0 : 0x104e2    : lw a5, -24(s0)             : MemRead :  D=0x0000000000000002 A=0x7ffffffffffffdd8
2669500: system.cpu: T0 : 0x104e6    : c_addiw a5, -1             : IntAlu :  D=0x0000000000000001
2670000: system.cpu: T0 : 0x104e8    : c_addiw a5, 0              : IntAlu :  D=0x0000000000000001
2671000: system.cpu: T0 : 0x104ea    : auipc a4, 96               : IntAlu :  D=0x00000000000704ea
2672000: system.cpu: T0 : 0x104ee    : ld a4, 830(a4)             : MemRead :  D=0x0000000000071960 A=0x70828
2672500: system.cpu: T0 : 0x104f2    : c_slli a5, 2               : IntAlu :  D=0x0000000000000004
2673000: system.cpu: T0 : 0x104f4    : c_add a5, a4               : IntAlu :  D=0x0000000000071964
2673500: system.cpu: T0 : 0x104f6    : c_lw a4, 0(a5)             : MemRead :  D=0x000000000000000b A=0x71964
2674000: system.cpu: T0 : 0x104f8    : auipc a3, 96               : IntAlu :  D=0x00000000000704f8
2674500: system.cpu: T0 : 0x104fc    : ld a3, 816(a3)             : MemRead :  D=0x0000000000071960 A=0x70828
2675000: system.cpu: T0 : 0x10500    : lw a5, -24(s0)             : MemRead :  D=0x0000000000000002 A=0x7ffffffffffffdd8
2675500: system.cpu: T0 : 0x10504    : c_slli a5, 2               : IntAlu :  D=0x0000000000000008
2676000: system.cpu: T0 : 0x10506    : c_add a5, a3               : IntAlu :  D=0x0000000000071968
2676500: system.cpu: T0 : 0x10508    : c_sw a4, 0(a5)             : MemWrite :  D=0x000000000000000b A=0x71968
2677500: system.cpu: T0 : 0x1050a    : lw a5, -24(s0)             : MemRead :  D=0x0000000000000002 A=0x7ffffffffffffdd8
2678000: system.cpu: T0 : 0x1050e    : c_addiw a5, -1             : IntAlu :  D=0x0000000000000001
2678500: system.cpu: T0 : 0x10510    : c_addiw a5, 0              : IntAlu :  D=0x0000000000000001
2679500: system.cpu: T0 : 0x10512    : lw a4, -20(s0)             : MemRead :  D=0x000000000000000a A=0x7ffffffffffffddc
2680500: system.cpu: T0 : 0x10516    : auipc a3, 96               : IntAlu :  D=0x0000000000070516
2681500: system.cpu: T0 : 0x1051a    : ld a3, 786(a3)             : MemRead :  D=0x0000000000071960 A=0x70828
2682000: system.cpu: T0 : 0x1051e    : c_slli a5, 2               : IntAlu :  D=0x0000000000000004
2682500: system.cpu: T0 : 0x10520    : c_add a5, a3               : IntAlu :  D=0x0000000000071964
2683000: system.cpu: T0 : 0x10522    : c_sw a4, 0(a5)             : MemWrite :  D=0x000000000000000a A=0x71964
2683500: system.cpu: T0 : 0x10524    : lw a5, -24(s0)             : MemRead :  D=0x0000000000000002 A=0x7ffffffffffffdd8
2684000: system.cpu: T0 : 0x10528    : c_addiw a5, -1             : IntAlu :  D=0x0000000000000001
2685000: system.cpu: T0 : 0x1052a    : sw a5, -24(s0)             : MemWrite :  D=0x0000000000000001 A=0x7ffffffffffffdd8
2686000: system.cpu: T0 : 0x1052e    : auipc a4, 96               : IntAlu :  D=0x000000000007052e
2687000: system.cpu: T0 : 0x10532    : ld a4, 762(a4)             : MemRead :  D=0x0000000000071960 A=0x70828
2688000: system.cpu: T0 : 0x10536    : lw a5, -24(s0)             : MemRead :  D=0x0000000000000001 A=0x7ffffffffffffdd8
2688500: system.cpu: T0 : 0x1053a    : c_slli a5, 2               : IntAlu :  D=0x0000000000000004
2689000: system.cpu: T0 : 0x1053c    : c_add a5, a4               : IntAlu :  D=0x0000000000071964
2689500: system.cpu: T0 : 0x1053e    : c_lw a3, 0(a5)             : MemRead :  D=0x000000000000000a A=0x71964
2690000: system.cpu: T0 : 0x10540    : lw a5, -24(s0)             : MemRead :  D=0x0000000000000001 A=0x7ffffffffffffdd8
2690500: system.cpu: T0 : 0x10544    : c_addiw a5, -1             : IntAlu :  D=0x0000000000000000
2691000: system.cpu: T0 : 0x10546    : c_addiw a5, 0              : IntAlu :  D=0x0000000000000000
2691500: system.cpu: T0 : 0x10548    : auipc a4, 96               : IntAlu :  D=0x0000000000070548
2692000: system.cpu: T0 : 0x1054c    : ld a4, 736(a4)             : MemRead :  D=0x0000000000071960 A=0x70828
2692500: system.cpu: T0 : 0x10550    : c_slli a5, 2               : IntAlu :  D=0x0000000000000000
2693000: system.cpu: T0 : 0x10552    : c_add a5, a4               : IntAlu :  D=0x0000000000071960
2693500: system.cpu: T0 : 0x10554    : c_lw a5, 0(a5)             : MemRead :  D=0x0000000000000000 A=0x71960
2694000: system.cpu: T0 : 0x10556    : c_mv a4, a3                : IntAlu :  D=0x000000000000000a
2694500: system.cpu: T0 : 0x10558    : bltu a4, a5, -140          : IntAlu : 
2695000: system.cpu: T0 : 0x1055c    : lw a5, -28(s0)             : MemRead :  D=0x0000000000000002 A=0x7ffffffffffffdd4
2695500: system.cpu: T0 : 0x10560    : c_addiw a5, 1              : IntAlu :  D=0x0000000000000003
2696500: system.cpu: T0 : 0x10562    : sw a5, -28(s0)             : MemWrite :  D=0x0000000000000003 A=0x7ffffffffffffdd4
2697500: system.cpu: T0 : 0x10566    : lw a5, -28(s0)             : MemRead :  D=0x0000000000000003 A=0x7ffffffffffffdd4
2698500: system.cpu: T0 : 0x1056a    : addiw a4, a5, 0            : IntAlu :  D=0x0000000000000003
2699000: system.cpu: T0 : 0x1056e    : c_li a5, 10                : IntAlu :  D=0x000000000000000a
2699500: system.cpu: T0 : 0x10570    : bge a5, a4, -174           : IntAlu : 
2700500: system.cpu: T0 : 0x104c2    : lw a5, -28(s0)             : MemRead :  D=0x0000000000000003 A=0x7ffffffffffffdd4
2701500: system.cpu: T0 : 0x104c6    : sw a5, -24(s0)             : MemWrite :  D=0x0000000000000003 A=0x7ffffffffffffdd8
2702000: system.cpu: T0 : 0x104ca    : c_j 100                    : IntAlu : 
2703000: system.cpu: T0 : 0x1052e    : auipc a4, 96               : IntAlu :  D=0x000000000007052e
2704000: system.cpu: T0 : 0x10532    : ld a4, 762(a4)             : MemRead :  D=0x0000000000071960 A=0x70828
2705000: system.cpu: T0 : 0x10536    : lw a5, -24(s0)             : MemRead :  D=0x0000000000000003 A=0x7ffffffffffffdd8
2705500: system.cpu: T0 : 0x1053a    : c_slli a5, 2               : IntAlu :  D=0x000000000000000c
2706000: system.cpu: T0 : 0x1053c    : c_add a5, a4               : IntAlu :  D=0x000000000007196c
2706500: system.cpu: T0 : 0x1053e    : c_lw a3, 0(a5)             : MemRead :  D=0x0000000000000009 A=0x7196c
2707000: system.cpu: T0 : 0x10540    : lw a5, -24(s0)             : MemRead :  D=0x0000000000000003 A=0x7ffffffffffffdd8
2707500: system.cpu: T0 : 0x10544    : c_addiw a5, -1             : IntAlu :  D=0x0000000000000002
2708000: system.cpu: T0 : 0x10546    : c_addiw a5, 0              : IntAlu :  D=0x0000000000000002
2708500: system.cpu: T0 : 0x10548    : auipc a4, 96               : IntAlu :  D=0x0000000000070548
2709000: system.cpu: T0 : 0x1054c    : ld a4, 736(a4)             : MemRead :  D=0x0000000000071960 A=0x70828
2709500: system.cpu: T0 : 0x10550    : c_slli a5, 2               : IntAlu :  D=0x0000000000000008
2710000: system.cpu: T0 : 0x10552    : c_add a5, a4               : IntAlu :  D=0x0000000000071968
2710500: system.cpu: T0 : 0x10554    : c_lw a5, 0(a5)             : MemRead :  D=0x000000000000000b A=0x71968
2711000: system.cpu: T0 : 0x10556    : c_mv a4, a3                : IntAlu :  D=0x0000000000000009
2711500: system.cpu: T0 : 0x10558    : bltu a4, a5, -140          : IntAlu : 
2712000: system.cpu: T0 : 0x104cc    : auipc a4, 96               : IntAlu :  D=0x00000000000704cc
2712500: system.cpu: T0 : 0x104d0    : ld a4, 860(a4)             : MemRead :  D=0x0000000000071960 A=0x70828
2713000: system.cpu: T0 : 0x104d4    : lw a5, -24(s0)             : MemRead :  D=0x0000000000000003 A=0x7ffffffffffffdd8
2713500: system.cpu: T0 : 0x104d8    : c_slli a5, 2               : IntAlu :  D=0x000000000000000c
2714000: system.cpu: T0 : 0x104da    : c_add a5, a4               : IntAlu :  D=0x000000000007196c
2714500: system.cpu: T0 : 0x104dc    : c_lw a5, 0(a5)             : MemRead :  D=0x0000000000000009 A=0x7196c
2715500: system.cpu: T0 : 0x104de    : sw a5, -20(s0)             : MemWrite :  D=0x0000000000000009 A=0x7ffffffffffffddc
2716500: system.cpu: T0 : 0x104e2    : lw a5, -24(s0)             : MemRead :  D=0x0000000000000003 A=0x7ffffffffffffdd8
2717000: system.cpu: T0 : 0x104e6    : c_addiw a5, -1             : IntAlu :  D=0x0000000000000002
2717500: system.cpu: T0 : 0x104e8    : c_addiw a5, 0              : IntAlu :  D=0x0000000000000002
2718500: system.cpu: T0 : 0x104ea    : auipc a4, 96               : IntAlu :  D=0x00000000000704ea
2719500: system.cpu: T0 : 0x104ee    : ld a4, 830(a4)             : MemRead :  D=0x0000000000071960 A=0x70828
2720000: system.cpu: T0 : 0x104f2    : c_slli a5, 2               : IntAlu :  D=0x0000000000000008
2720500: system.cpu: T0 : 0x104f4    : c_add a5, a4               : IntAlu :  D=0x0000000000071968
2721000: system.cpu: T0 : 0x104f6    : c_lw a4, 0(a5)             : MemRead :  D=0x000000000000000b A=0x71968
2721500: system.cpu: T0 : 0x104f8    : auipc a3, 96               : IntAlu :  D=0x00000000000704f8
2722000: system.cpu: T0 : 0x104fc    : ld a3, 816(a3)             : MemRead :  D=0x0000000000071960 A=0x70828
2722500: system.cpu: T0 : 0x10500    : lw a5, -24(s0)             : MemRead :  D=0x0000000000000003 A=0x7ffffffffffffdd8
2723000: system.cpu: T0 : 0x10504    : c_slli a5, 2               : IntAlu :  D=0x000000000000000c
2723500: system.cpu: T0 : 0x10506    : c_add a5, a3               : IntAlu :  D=0x000000000007196c
2724000: system.cpu: T0 : 0x10508    : c_sw a4, 0(a5)             : MemWrite :  D=0x000000000000000b A=0x7196c
2725000: system.cpu: T0 : 0x1050a    : lw a5, -24(s0)             : MemRead :  D=0x0000000000000003 A=0x7ffffffffffffdd8
2725500: system.cpu: T0 : 0x1050e    : c_addiw a5, -1             : IntAlu :  D=0x0000000000000002
2726000: system.cpu: T0 : 0x10510    : c_addiw a5, 0              : IntAlu :  D=0x0000000000000002
2727000: system.cpu: T0 : 0x10512    : lw a4, -20(s0)             : MemRead :  D=0x0000000000000009 A=0x7ffffffffffffddc
2728000: system.cpu: T0 : 0x10516    : auipc a3, 96               : IntAlu :  D=0x0000000000070516
2729000: system.cpu: T0 : 0x1051a    : ld a3, 786(a3)             : MemRead :  D=0x0000000000071960 A=0x70828
2729500: system.cpu: T0 : 0x1051e    : c_slli a5, 2               : IntAlu :  D=0x0000000000000008
2730000: system.cpu: T0 : 0x10520    : c_add a5, a3               : IntAlu :  D=0x0000000000071968
2730500: system.cpu: T0 : 0x10522    : c_sw a4, 0(a5)             : MemWrite :  D=0x0000000000000009 A=0x71968
2731000: system.cpu: T0 : 0x10524    : lw a5, -24(s0)             : MemRead :  D=0x0000000000000003 A=0x7ffffffffffffdd8
2731500: system.cpu: T0 : 0x10528    : c_addiw a5, -1             : IntAlu :  D=0x0000000000000002
2732500: system.cpu: T0 : 0x1052a    : sw a5, -24(s0)             : MemWrite :  D=0x0000000000000002 A=0x7ffffffffffffdd8
2733500: system.cpu: T0 : 0x1052e    : auipc a4, 96               : IntAlu :  D=0x000000000007052e
2734500: system.cpu: T0 : 0x10532    : ld a4, 762(a4)             : MemRead :  D=0x0000000000071960 A=0x70828
2735500: system.cpu: T0 : 0x10536    : lw a5, -24(s0)             : MemRead :  D=0x0000000000000002 A=0x7ffffffffffffdd8
2736000: system.cpu: T0 : 0x1053a    : c_slli a5, 2               : IntAlu :  D=0x0000000000000008
2736500: system.cpu: T0 : 0x1053c    : c_add a5, a4               : IntAlu :  D=0x0000000000071968
2737000: system.cpu: T0 : 0x1053e    : c_lw a3, 0(a5)             : MemRead :  D=0x0000000000000009 A=0x71968
2737500: system.cpu: T0 : 0x10540    : lw a5, -24(s0)             : MemRead :  D=0x0000000000000002 A=0x7ffffffffffffdd8
2738000: system.cpu: T0 : 0x10544    : c_addiw a5, -1             : IntAlu :  D=0x0000000000000001
2738500: system.cpu: T0 : 0x10546    : c_addiw a5, 0              : IntAlu :  D=0x0000000000000001
2739000: system.cpu: T0 : 0x10548    : auipc a4, 96               : IntAlu :  D=0x0000000000070548
2739500: system.cpu: T0 : 0x1054c    : ld a4, 736(a4)             : MemRead :  D=0x0000000000071960 A=0x70828
2740000: system.cpu: T0 : 0x10550    : c_slli a5, 2               : IntAlu :  D=0x0000000000000004
2740500: system.cpu: T0 : 0x10552    : c_add a5, a4               : IntAlu :  D=0x0000000000071964
2741000: system.cpu: T0 : 0x10554    : c_lw a5, 0(a5)             : MemRead :  D=0x000000000000000a A=0x71964
2741500: system.cpu: T0 : 0x10556    : c_mv a4, a3                : IntAlu :  D=0x0000000000000009
2742000: system.cpu: T0 : 0x10558    : bltu a4, a5, -140          : IntAlu : 
2742500: system.cpu: T0 : 0x104cc    : auipc a4, 96               : IntAlu :  D=0x00000000000704cc
2743000: system.cpu: T0 : 0x104d0    : ld a4, 860(a4)             : MemRead :  D=0x0000000000071960 A=0x70828
2743500: system.cpu: T0 : 0x104d4    : lw a5, -24(s0)             : MemRead :  D=0x0000000000000002 A=0x7ffffffffffffdd8
2744000: system.cpu: T0 : 0x104d8    : c_slli a5, 2               : IntAlu :  D=0x0000000000000008
2744500: system.cpu: T0 : 0x104da    : c_add a5, a4               : IntAlu :  D=0x0000000000071968
2745000: system.cpu: T0 : 0x104dc    : c_lw a5, 0(a5)             : MemRead :  D=0x0000000000000009 A=0x71968
2746000: system.cpu: T0 : 0x104de    : sw a5, -20(s0)             : MemWrite :  D=0x0000000000000009 A=0x7ffffffffffffddc
2747000: system.cpu: T0 : 0x104e2    : lw a5, -24(s0)             : MemRead :  D=0x0000000000000002 A=0x7ffffffffffffdd8
2747500: system.cpu: T0 : 0x104e6    : c_addiw a5, -1             : IntAlu :  D=0x0000000000000001
2748000: system.cpu: T0 : 0x104e8    : c_addiw a5, 0              : IntAlu :  D=0x0000000000000001
2749000: system.cpu: T0 : 0x104ea    : auipc a4, 96               : IntAlu :  D=0x00000000000704ea
2750000: system.cpu: T0 : 0x104ee    : ld a4, 830(a4)             : MemRead :  D=0x0000000000071960 A=0x70828
2750500: system.cpu: T0 : 0x104f2    : c_slli a5, 2               : IntAlu :  D=0x0000000000000004
2751000: system.cpu: T0 : 0x104f4    : c_add a5, a4               : IntAlu :  D=0x0000000000071964
2751500: system.cpu: T0 : 0x104f6    : c_lw a4, 0(a5)             : MemRead :  D=0x000000000000000a A=0x71964
2752000: system.cpu: T0 : 0x104f8    : auipc a3, 96               : IntAlu :  D=0x00000000000704f8
2752500: system.cpu: T0 : 0x104fc    : ld a3, 816(a3)             : MemRead :  D=0x0000000000071960 A=0x70828
2753000: system.cpu: T0 : 0x10500    : lw a5, -24(s0)             : MemRead :  D=0x0000000000000002 A=0x7ffffffffffffdd8
2753500: system.cpu: T0 : 0x10504    : c_slli a5, 2               : IntAlu :  D=0x0000000000000008
2754000: system.cpu: T0 : 0x10506    : c_add a5, a3               : IntAlu :  D=0x0000000000071968
2754500: system.cpu: T0 : 0x10508    : c_sw a4, 0(a5)             : MemWrite :  D=0x000000000000000a A=0x71968
2755500: system.cpu: T0 : 0x1050a    : lw a5, -24(s0)             : MemRead :  D=0x0000000000000002 A=0x7ffffffffffffdd8
2756000: system.cpu: T0 : 0x1050e    : c_addiw a5, -1             : IntAlu :  D=0x0000000000000001
2756500: system.cpu: T0 : 0x10510    : c_addiw a5, 0              : IntAlu :  D=0x0000000000000001
2757500: system.cpu: T0 : 0x10512    : lw a4, -20(s0)             : MemRead :  D=0x0000000000000009 A=0x7ffffffffffffddc
2758500: system.cpu: T0 : 0x10516    : auipc a3, 96               : IntAlu :  D=0x0000000000070516
2759500: system.cpu: T0 : 0x1051a    : ld a3, 786(a3)             : MemRead :  D=0x0000000000071960 A=0x70828
2760000: system.cpu: T0 : 0x1051e    : c_slli a5, 2               : IntAlu :  D=0x0000000000000004
2760500: system.cpu: T0 : 0x10520    : c_add a5, a3               : IntAlu :  D=0x0000000000071964
2761000: system.cpu: T0 : 0x10522    : c_sw a4, 0(a5)             : MemWrite :  D=0x0000000000000009 A=0x71964
2761500: system.cpu: T0 : 0x10524    : lw a5, -24(s0)             : MemRead :  D=0x0000000000000002 A=0x7ffffffffffffdd8
2762000: system.cpu: T0 : 0x10528    : c_addiw a5, -1             : IntAlu :  D=0x0000000000000001
2763000: system.cpu: T0 : 0x1052a    : sw a5, -24(s0)             : MemWrite :  D=0x0000000000000001 A=0x7ffffffffffffdd8
2764000: system.cpu: T0 : 0x1052e    : auipc a4, 96               : IntAlu :  D=0x000000000007052e
2765000: system.cpu: T0 : 0x10532    : ld a4, 762(a4)             : MemRead :  D=0x0000000000071960 A=0x70828
2766000: system.cpu: T0 : 0x10536    : lw a5, -24(s0)             : MemRead :  D=0x0000000000000001 A=0x7ffffffffffffdd8
2766500: system.cpu: T0 : 0x1053a    : c_slli a5, 2               : IntAlu :  D=0x0000000000000004
2767000: system.cpu: T0 : 0x1053c    : c_add a5, a4               : IntAlu :  D=0x0000000000071964
2767500: system.cpu: T0 : 0x1053e    : c_lw a3, 0(a5)             : MemRead :  D=0x0000000000000009 A=0x71964
2768000: system.cpu: T0 : 0x10540    : lw a5, -24(s0)             : MemRead :  D=0x0000000000000001 A=0x7ffffffffffffdd8
2768500: system.cpu: T0 : 0x10544    : c_addiw a5, -1             : IntAlu :  D=0x0000000000000000
2769000: system.cpu: T0 : 0x10546    : c_addiw a5, 0              : IntAlu :  D=0x0000000000000000
2769500: system.cpu: T0 : 0x10548    : auipc a4, 96               : IntAlu :  D=0x0000000000070548
2770000: system.cpu: T0 : 0x1054c    : ld a4, 736(a4)             : MemRead :  D=0x0000000000071960 A=0x70828
2770500: system.cpu: T0 : 0x10550    : c_slli a5, 2               : IntAlu :  D=0x0000000000000000
2771000: system.cpu: T0 : 0x10552    : c_add a5, a4               : IntAlu :  D=0x0000000000071960
2771500: system.cpu: T0 : 0x10554    : c_lw a5, 0(a5)             : MemRead :  D=0x0000000000000000 A=0x71960
2772000: system.cpu: T0 : 0x10556    : c_mv a4, a3                : IntAlu :  D=0x0000000000000009
2772500: system.cpu: T0 : 0x10558    : bltu a4, a5, -140          : IntAlu : 
2773000: system.cpu: T0 : 0x1055c    : lw a5, -28(s0)             : MemRead :  D=0x0000000000000003 A=0x7ffffffffffffdd4
2773500: system.cpu: T0 : 0x10560    : c_addiw a5, 1              : IntAlu :  D=0x0000000000000004
2774500: system.cpu: T0 : 0x10562    : sw a5, -28(s0)             : MemWrite :  D=0x0000000000000004 A=0x7ffffffffffffdd4
2775500: system.cpu: T0 : 0x10566    : lw a5, -28(s0)             : MemRead :  D=0x0000000000000004 A=0x7ffffffffffffdd4
2776500: system.cpu: T0 : 0x1056a    : addiw a4, a5, 0            : IntAlu :  D=0x0000000000000004
2777000: system.cpu: T0 : 0x1056e    : c_li a5, 10                : IntAlu :  D=0x000000000000000a
2777500: system.cpu: T0 : 0x10570    : bge a5, a4, -174           : IntAlu : 
2778500: system.cpu: T0 : 0x104c2    : lw a5, -28(s0)             : MemRead :  D=0x0000000000000004 A=0x7ffffffffffffdd4
2779500: system.cpu: T0 : 0x104c6    : sw a5, -24(s0)             : MemWrite :  D=0x0000000000000004 A=0x7ffffffffffffdd8
2780000: system.cpu: T0 : 0x104ca    : c_j 100                    : IntAlu : 
2781000: system.cpu: T0 : 0x1052e    : auipc a4, 96               : IntAlu :  D=0x000000000007052e
2782000: system.cpu: T0 : 0x10532    : ld a4, 762(a4)             : MemRead :  D=0x0000000000071960 A=0x70828
2783000: system.cpu: T0 : 0x10536    : lw a5, -24(s0)             : MemRead :  D=0x0000000000000004 A=0x7ffffffffffffdd8
2783500: system.cpu: T0 : 0x1053a    : c_slli a5, 2               : IntAlu :  D=0x0000000000000010
2784000: system.cpu: T0 : 0x1053c    : c_add a5, a4               : IntAlu :  D=0x0000000000071970
2784500: system.cpu: T0 : 0x1053e    : c_lw a3, 0(a5)             : MemRead :  D=0x0000000000000008 A=0x71970
2785000: system.cpu: T0 : 0x10540    : lw a5, -24(s0)             : MemRead :  D=0x0000000000000004 A=0x7ffffffffffffdd8
2785500: system.cpu: T0 : 0x10544    : c_addiw a5, -1             : IntAlu :  D=0x0000000000000003
2786000: system.cpu: T0 : 0x10546    : c_addiw a5, 0              : IntAlu :  D=0x0000000000000003
2786500: system.cpu: T0 : 0x10548    : auipc a4, 96               : IntAlu :  D=0x0000000000070548
2787000: system.cpu: T0 : 0x1054c    : ld a4, 736(a4)             : MemRead :  D=0x0000000000071960 A=0x70828
2787500: system.cpu: T0 : 0x10550    : c_slli a5, 2               : IntAlu :  D=0x000000000000000c
2788000: system.cpu: T0 : 0x10552    : c_add a5, a4               : IntAlu :  D=0x000000000007196c
2788500: system.cpu: T0 : 0x10554    : c_lw a5, 0(a5)             : MemRead :  D=0x000000000000000b A=0x7196c
2789000: system.cpu: T0 : 0x10556    : c_mv a4, a3                : IntAlu :  D=0x0000000000000008
2789500: system.cpu: T0 : 0x10558    : bltu a4, a5, -140          : IntAlu : 
2790000: system.cpu: T0 : 0x104cc    : auipc a4, 96               : IntAlu :  D=0x00000000000704cc
2790500: system.cpu: T0 : 0x104d0    : ld a4, 860(a4)             : MemRead :  D=0x0000000000071960 A=0x70828
2791000: system.cpu: T0 : 0x104d4    : lw a5, -24(s0)             : MemRead :  D=0x0000000000000004 A=0x7ffffffffffffdd8
2791500: system.cpu: T0 : 0x104d8    : c_slli a5, 2               : IntAlu :  D=0x0000000000000010
2792000: system.cpu: T0 : 0x104da    : c_add a5, a4               : IntAlu :  D=0x0000000000071970
2792500: system.cpu: T0 : 0x104dc    : c_lw a5, 0(a5)             : MemRead :  D=0x0000000000000008 A=0x71970
2793500: system.cpu: T0 : 0x104de    : sw a5, -20(s0)             : MemWrite :  D=0x0000000000000008 A=0x7ffffffffffffddc
2794500: system.cpu: T0 : 0x104e2    : lw a5, -24(s0)             : MemRead :  D=0x0000000000000004 A=0x7ffffffffffffdd8
2795000: system.cpu: T0 : 0x104e6    : c_addiw a5, -1             : IntAlu :  D=0x0000000000000003
2795500: system.cpu: T0 : 0x104e8    : c_addiw a5, 0              : IntAlu :  D=0x0000000000000003
2796500: system.cpu: T0 : 0x104ea    : auipc a4, 96               : IntAlu :  D=0x00000000000704ea
2797500: system.cpu: T0 : 0x104ee    : ld a4, 830(a4)             : MemRead :  D=0x0000000000071960 A=0x70828
2798000: system.cpu: T0 : 0x104f2    : c_slli a5, 2               : IntAlu :  D=0x000000000000000c
2798500: system.cpu: T0 : 0x104f4    : c_add a5, a4               : IntAlu :  D=0x000000000007196c
2799000: system.cpu: T0 : 0x104f6    : c_lw a4, 0(a5)             : MemRead :  D=0x000000000000000b A=0x7196c
2799500: system.cpu: T0 : 0x104f8    : auipc a3, 96               : IntAlu :  D=0x00000000000704f8
2800000: system.cpu: T0 : 0x104fc    : ld a3, 816(a3)             : MemRead :  D=0x0000000000071960 A=0x70828
2800500: system.cpu: T0 : 0x10500    : lw a5, -24(s0)             : MemRead :  D=0x0000000000000004 A=0x7ffffffffffffdd8
2801000: system.cpu: T0 : 0x10504    : c_slli a5, 2               : IntAlu :  D=0x0000000000000010
2801500: system.cpu: T0 : 0x10506    : c_add a5, a3               : IntAlu :  D=0x0000000000071970
2802000: system.cpu: T0 : 0x10508    : c_sw a4, 0(a5)             : MemWrite :  D=0x000000000000000b A=0x71970
2803000: system.cpu: T0 : 0x1050a    : lw a5, -24(s0)             : MemRead :  D=0x0000000000000004 A=0x7ffffffffffffdd8
2803500: system.cpu: T0 : 0x1050e    : c_addiw a5, -1             : IntAlu :  D=0x0000000000000003
2804000: system.cpu: T0 : 0x10510    : c_addiw a5, 0              : IntAlu :  D=0x0000000000000003
2805000: system.cpu: T0 : 0x10512    : lw a4, -20(s0)             : MemRead :  D=0x0000000000000008 A=0x7ffffffffffffddc
2806000: system.cpu: T0 : 0x10516    : auipc a3, 96               : IntAlu :  D=0x0000000000070516
2807000: system.cpu: T0 : 0x1051a    : ld a3, 786(a3)             : MemRead :  D=0x0000000000071960 A=0x70828
2807500: system.cpu: T0 : 0x1051e    : c_slli a5, 2               : IntAlu :  D=0x000000000000000c
2808000: system.cpu: T0 : 0x10520    : c_add a5, a3               : IntAlu :  D=0x000000000007196c
2808500: system.cpu: T0 : 0x10522    : c_sw a4, 0(a5)             : MemWrite :  D=0x0000000000000008 A=0x7196c
2809000: system.cpu: T0 : 0x10524    : lw a5, -24(s0)             : MemRead :  D=0x0000000000000004 A=0x7ffffffffffffdd8
2809500: system.cpu: T0 : 0x10528    : c_addiw a5, -1             : IntAlu :  D=0x0000000000000003
2810500: system.cpu: T0 : 0x1052a    : sw a5, -24(s0)             : MemWrite :  D=0x0000000000000003 A=0x7ffffffffffffdd8
2811500: system.cpu: T0 : 0x1052e    : auipc a4, 96               : IntAlu :  D=0x000000000007052e
2812500: system.cpu: T0 : 0x10532    : ld a4, 762(a4)             : MemRead :  D=0x0000000000071960 A=0x70828
2813500: system.cpu: T0 : 0x10536    : lw a5, -24(s0)             : MemRead :  D=0x0000000000000003 A=0x7ffffffffffffdd8
2814000: system.cpu: T0 : 0x1053a    : c_slli a5, 2               : IntAlu :  D=0x000000000000000c
2814500: system.cpu: T0 : 0x1053c    : c_add a5, a4               : IntAlu :  D=0x000000000007196c
2815000: system.cpu: T0 : 0x1053e    : c_lw a3, 0(a5)             : MemRead :  D=0x0000000000000008 A=0x7196c
2815500: system.cpu: T0 : 0x10540    : lw a5, -24(s0)             : MemRead :  D=0x0000000000000003 A=0x7ffffffffffffdd8
2816000: system.cpu: T0 : 0x10544    : c_addiw a5, -1             : IntAlu :  D=0x0000000000000002
2816500: system.cpu: T0 : 0x10546    : c_addiw a5, 0              : IntAlu :  D=0x0000000000000002
2817000: system.cpu: T0 : 0x10548    : auipc a4, 96               : IntAlu :  D=0x0000000000070548
2817500: system.cpu: T0 : 0x1054c    : ld a4, 736(a4)             : MemRead :  D=0x0000000000071960 A=0x70828
2818000: system.cpu: T0 : 0x10550    : c_slli a5, 2               : IntAlu :  D=0x0000000000000008
2818500: system.cpu: T0 : 0x10552    : c_add a5, a4               : IntAlu :  D=0x0000000000071968
2819000: system.cpu: T0 : 0x10554    : c_lw a5, 0(a5)             : MemRead :  D=0x000000000000000a A=0x71968
2819500: system.cpu: T0 : 0x10556    : c_mv a4, a3                : IntAlu :  D=0x0000000000000008
2820000: system.cpu: T0 : 0x10558    : bltu a4, a5, -140          : IntAlu : 
2820500: system.cpu: T0 : 0x104cc    : auipc a4, 96               : IntAlu :  D=0x00000000000704cc
2821000: system.cpu: T0 : 0x104d0    : ld a4, 860(a4)             : MemRead :  D=0x0000000000071960 A=0x70828
2821500: system.cpu: T0 : 0x104d4    : lw a5, -24(s0)             : MemRead :  D=0x0000000000000003 A=0x7ffffffffffffdd8
2822000: system.cpu: T0 : 0x104d8    : c_slli a5, 2               : IntAlu :  D=0x000000000000000c
2822500: system.cpu: T0 : 0x104da    : c_add a5, a4               : IntAlu :  D=0x000000000007196c
2823000: system.cpu: T0 : 0x104dc    : c_lw a5, 0(a5)             : MemRead :  D=0x0000000000000008 A=0x7196c
2824000: system.cpu: T0 : 0x104de    : sw a5, -20(s0)             : MemWrite :  D=0x0000000000000008 A=0x7ffffffffffffddc
2825000: system.cpu: T0 : 0x104e2    : lw a5, -24(s0)             : MemRead :  D=0x0000000000000003 A=0x7ffffffffffffdd8
2825500: system.cpu: T0 : 0x104e6    : c_addiw a5, -1             : IntAlu :  D=0x0000000000000002
2826000: system.cpu: T0 : 0x104e8    : c_addiw a5, 0              : IntAlu :  D=0x0000000000000002
2827000: system.cpu: T0 : 0x104ea    : auipc a4, 96               : IntAlu :  D=0x00000000000704ea
2828000: system.cpu: T0 : 0x104ee    : ld a4, 830(a4)             : MemRead :  D=0x0000000000071960 A=0x70828
2828500: system.cpu: T0 : 0x104f2    : c_slli a5, 2               : IntAlu :  D=0x0000000000000008
2829000: system.cpu: T0 : 0x104f4    : c_add a5, a4               : IntAlu :  D=0x0000000000071968
2829500: system.cpu: T0 : 0x104f6    : c_lw a4, 0(a5)             : MemRead :  D=0x000000000000000a A=0x71968
2830000: system.cpu: T0 : 0x104f8    : auipc a3, 96               : IntAlu :  D=0x00000000000704f8
2830500: system.cpu: T0 : 0x104fc    : ld a3, 816(a3)             : MemRead :  D=0x0000000000071960 A=0x70828
2831000: system.cpu: T0 : 0x10500    : lw a5, -24(s0)             : MemRead :  D=0x0000000000000003 A=0x7ffffffffffffdd8
2831500: system.cpu: T0 : 0x10504    : c_slli a5, 2               : IntAlu :  D=0x000000000000000c
2832000: system.cpu: T0 : 0x10506    : c_add a5, a3               : IntAlu :  D=0x000000000007196c
2832500: system.cpu: T0 : 0x10508    : c_sw a4, 0(a5)             : MemWrite :  D=0x000000000000000a A=0x7196c
2833500: system.cpu: T0 : 0x1050a    : lw a5, -24(s0)             : MemRead :  D=0x0000000000000003 A=0x7ffffffffffffdd8
2834000: system.cpu: T0 : 0x1050e    : c_addiw a5, -1             : IntAlu :  D=0x0000000000000002
2834500: system.cpu: T0 : 0x10510    : c_addiw a5, 0              : IntAlu :  D=0x0000000000000002
2835500: system.cpu: T0 : 0x10512    : lw a4, -20(s0)             : MemRead :  D=0x0000000000000008 A=0x7ffffffffffffddc
2836500: system.cpu: T0 : 0x10516    : auipc a3, 96               : IntAlu :  D=0x0000000000070516
2837500: system.cpu: T0 : 0x1051a    : ld a3, 786(a3)             : MemRead :  D=0x0000000000071960 A=0x70828
2838000: system.cpu: T0 : 0x1051e    : c_slli a5, 2               : IntAlu :  D=0x0000000000000008
2838500: system.cpu: T0 : 0x10520    : c_add a5, a3               : IntAlu :  D=0x0000000000071968
2839000: system.cpu: T0 : 0x10522    : c_sw a4, 0(a5)             : MemWrite :  D=0x0000000000000008 A=0x71968
2839500: system.cpu: T0 : 0x10524    : lw a5, -24(s0)             : MemRead :  D=0x0000000000000003 A=0x7ffffffffffffdd8
2840000: system.cpu: T0 : 0x10528    : c_addiw a5, -1             : IntAlu :  D=0x0000000000000002
2841000: system.cpu: T0 : 0x1052a    : sw a5, -24(s0)             : MemWrite :  D=0x0000000000000002 A=0x7ffffffffffffdd8
2842000: system.cpu: T0 : 0x1052e    : auipc a4, 96               : IntAlu :  D=0x000000000007052e
2843000: system.cpu: T0 : 0x10532    : ld a4, 762(a4)             : MemRead :  D=0x0000000000071960 A=0x70828
2844000: system.cpu: T0 : 0x10536    : lw a5, -24(s0)             : MemRead :  D=0x0000000000000002 A=0x7ffffffffffffdd8
2844500: system.cpu: T0 : 0x1053a    : c_slli a5, 2               : IntAlu :  D=0x0000000000000008
2845000: system.cpu: T0 : 0x1053c    : c_add a5, a4               : IntAlu :  D=0x0000000000071968
2845500: system.cpu: T0 : 0x1053e    : c_lw a3, 0(a5)             : MemRead :  D=0x0000000000000008 A=0x71968
2846000: system.cpu: T0 : 0x10540    : lw a5, -24(s0)             : MemRead :  D=0x0000000000000002 A=0x7ffffffffffffdd8
2846500: system.cpu: T0 : 0x10544    : c_addiw a5, -1             : IntAlu :  D=0x0000000000000001
2847000: system.cpu: T0 : 0x10546    : c_addiw a5, 0              : IntAlu :  D=0x0000000000000001
2847500: system.cpu: T0 : 0x10548    : auipc a4, 96               : IntAlu :  D=0x0000000000070548
2848000: system.cpu: T0 : 0x1054c    : ld a4, 736(a4)             : MemRead :  D=0x0000000000071960 A=0x70828
2848500: system.cpu: T0 : 0x10550    : c_slli a5, 2               : IntAlu :  D=0x0000000000000004
2849000: system.cpu: T0 : 0x10552    : c_add a5, a4               : IntAlu :  D=0x0000000000071964
2849500: system.cpu: T0 : 0x10554    : c_lw a5, 0(a5)             : MemRead :  D=0x0000000000000009 A=0x71964
2850000: system.cpu: T0 : 0x10556    : c_mv a4, a3                : IntAlu :  D=0x0000000000000008
2850500: system.cpu: T0 : 0x10558    : bltu a4, a5, -140          : IntAlu : 
2851000: system.cpu: T0 : 0x104cc    : auipc a4, 96               : IntAlu :  D=0x00000000000704cc
2851500: system.cpu: T0 : 0x104d0    : ld a4, 860(a4)             : MemRead :  D=0x0000000000071960 A=0x70828
2852000: system.cpu: T0 : 0x104d4    : lw a5, -24(s0)             : MemRead :  D=0x0000000000000002 A=0x7ffffffffffffdd8
2852500: system.cpu: T0 : 0x104d8    : c_slli a5, 2               : IntAlu :  D=0x0000000000000008
2853000: system.cpu: T0 : 0x104da    : c_add a5, a4               : IntAlu :  D=0x0000000000071968
2853500: system.cpu: T0 : 0x104dc    : c_lw a5, 0(a5)             : MemRead :  D=0x0000000000000008 A=0x71968
2854500: system.cpu: T0 : 0x104de    : sw a5, -20(s0)             : MemWrite :  D=0x0000000000000008 A=0x7ffffffffffffddc
2855500: system.cpu: T0 : 0x104e2    : lw a5, -24(s0)             : MemRead :  D=0x0000000000000002 A=0x7ffffffffffffdd8
2856000: system.cpu: T0 : 0x104e6    : c_addiw a5, -1             : IntAlu :  D=0x0000000000000001
2856500: system.cpu: T0 : 0x104e8    : c_addiw a5, 0              : IntAlu :  D=0x0000000000000001
2857500: system.cpu: T0 : 0x104ea    : auipc a4, 96               : IntAlu :  D=0x00000000000704ea
2858500: system.cpu: T0 : 0x104ee    : ld a4, 830(a4)             : MemRead :  D=0x0000000000071960 A=0x70828
2859000: system.cpu: T0 : 0x104f2    : c_slli a5, 2               : IntAlu :  D=0x0000000000000004
2859500: system.cpu: T0 : 0x104f4    : c_add a5, a4               : IntAlu :  D=0x0000000000071964
2860000: system.cpu: T0 : 0x104f6    : c_lw a4, 0(a5)             : MemRead :  D=0x0000000000000009 A=0x71964
2860500: system.cpu: T0 : 0x104f8    : auipc a3, 96               : IntAlu :  D=0x00000000000704f8
2861000: system.cpu: T0 : 0x104fc    : ld a3, 816(a3)             : MemRead :  D=0x0000000000071960 A=0x70828
2861500: system.cpu: T0 : 0x10500    : lw a5, -24(s0)             : MemRead :  D=0x0000000000000002 A=0x7ffffffffffffdd8
2862000: system.cpu: T0 : 0x10504    : c_slli a5, 2               : IntAlu :  D=0x0000000000000008
2862500: system.cpu: T0 : 0x10506    : c_add a5, a3               : IntAlu :  D=0x0000000000071968
2863000: system.cpu: T0 : 0x10508    : c_sw a4, 0(a5)             : MemWrite :  D=0x0000000000000009 A=0x71968
2864000: system.cpu: T0 : 0x1050a    : lw a5, -24(s0)             : MemRead :  D=0x0000000000000002 A=0x7ffffffffffffdd8
2864500: system.cpu: T0 : 0x1050e    : c_addiw a5, -1             : IntAlu :  D=0x0000000000000001
2865000: system.cpu: T0 : 0x10510    : c_addiw a5, 0              : IntAlu :  D=0x0000000000000001
2866000: system.cpu: T0 : 0x10512    : lw a4, -20(s0)             : MemRead :  D=0x0000000000000008 A=0x7ffffffffffffddc
2867000: system.cpu: T0 : 0x10516    : auipc a3, 96               : IntAlu :  D=0x0000000000070516
2868000: system.cpu: T0 : 0x1051a    : ld a3, 786(a3)             : MemRead :  D=0x0000000000071960 A=0x70828
2868500: system.cpu: T0 : 0x1051e    : c_slli a5, 2               : IntAlu :  D=0x0000000000000004
2869000: system.cpu: T0 : 0x10520    : c_add a5, a3               : IntAlu :  D=0x0000000000071964
2869500: system.cpu: T0 : 0x10522    : c_sw a4, 0(a5)             : MemWrite :  D=0x0000000000000008 A=0x71964
2870000: system.cpu: T0 : 0x10524    : lw a5, -24(s0)             : MemRead :  D=0x0000000000000002 A=0x7ffffffffffffdd8
2870500: system.cpu: T0 : 0x10528    : c_addiw a5, -1             : IntAlu :  D=0x0000000000000001
2871500: system.cpu: T0 : 0x1052a    : sw a5, -24(s0)             : MemWrite :  D=0x0000000000000001 A=0x7ffffffffffffdd8
2872500: system.cpu: T0 : 0x1052e    : auipc a4, 96               : IntAlu :  D=0x000000000007052e
2873500: system.cpu: T0 : 0x10532    : ld a4, 762(a4)             : MemRead :  D=0x0000000000071960 A=0x70828
2874500: system.cpu: T0 : 0x10536    : lw a5, -24(s0)             : MemRead :  D=0x0000000000000001 A=0x7ffffffffffffdd8
2875000: system.cpu: T0 : 0x1053a    : c_slli a5, 2               : IntAlu :  D=0x0000000000000004
2875500: system.cpu: T0 : 0x1053c    : c_add a5, a4               : IntAlu :  D=0x0000000000071964
2876000: system.cpu: T0 : 0x1053e    : c_lw a3, 0(a5)             : MemRead :  D=0x0000000000000008 A=0x71964
2876500: system.cpu: T0 : 0x10540    : lw a5, -24(s0)             : MemRead :  D=0x0000000000000001 A=0x7ffffffffffffdd8
2877000: system.cpu: T0 : 0x10544    : c_addiw a5, -1             : IntAlu :  D=0x0000000000000000
2877500: system.cpu: T0 : 0x10546    : c_addiw a5, 0              : IntAlu :  D=0x0000000000000000
2878000: system.cpu: T0 : 0x10548    : auipc a4, 96               : IntAlu :  D=0x0000000000070548
2878500: system.cpu: T0 : 0x1054c    : ld a4, 736(a4)             : MemRead :  D=0x0000000000071960 A=0x70828
2879000: system.cpu: T0 : 0x10550    : c_slli a5, 2               : IntAlu :  D=0x0000000000000000
2879500: system.cpu: T0 : 0x10552    : c_add a5, a4               : IntAlu :  D=0x0000000000071960
2880000: system.cpu: T0 : 0x10554    : c_lw a5, 0(a5)             : MemRead :  D=0x0000000000000000 A=0x71960
2880500: system.cpu: T0 : 0x10556    : c_mv a4, a3                : IntAlu :  D=0x0000000000000008
2881000: system.cpu: T0 : 0x10558    : bltu a4, a5, -140          : IntAlu : 
2881500: system.cpu: T0 : 0x1055c    : lw a5, -28(s0)             : MemRead :  D=0x0000000000000004 A=0x7ffffffffffffdd4
2882000: system.cpu: T0 : 0x10560    : c_addiw a5, 1              : IntAlu :  D=0x0000000000000005
2883000: system.cpu: T0 : 0x10562    : sw a5, -28(s0)             : MemWrite :  D=0x0000000000000005 A=0x7ffffffffffffdd4
2884000: system.cpu: T0 : 0x10566    : lw a5, -28(s0)             : MemRead :  D=0x0000000000000005 A=0x7ffffffffffffdd4
2885000: system.cpu: T0 : 0x1056a    : addiw a4, a5, 0            : IntAlu :  D=0x0000000000000005
2885500: system.cpu: T0 : 0x1056e    : c_li a5, 10                : IntAlu :  D=0x000000000000000a
2886000: system.cpu: T0 : 0x10570    : bge a5, a4, -174           : IntAlu : 
2887000: system.cpu: T0 : 0x104c2    : lw a5, -28(s0)             : MemRead :  D=0x0000000000000005 A=0x7ffffffffffffdd4
2888000: system.cpu: T0 : 0x104c6    : sw a5, -24(s0)             : MemWrite :  D=0x0000000000000005 A=0x7ffffffffffffdd8
2888500: system.cpu: T0 : 0x104ca    : c_j 100                    : IntAlu : 
2889500: system.cpu: T0 : 0x1052e    : auipc a4, 96               : IntAlu :  D=0x000000000007052e
2890500: system.cpu: T0 : 0x10532    : ld a4, 762(a4)             : MemRead :  D=0x0000000000071960 A=0x70828
2891500: system.cpu: T0 : 0x10536    : lw a5, -24(s0)             : MemRead :  D=0x0000000000000005 A=0x7ffffffffffffdd8
2892000: system.cpu: T0 : 0x1053a    : c_slli a5, 2               : IntAlu :  D=0x0000000000000014
2892500: system.cpu: T0 : 0x1053c    : c_add a5, a4               : IntAlu :  D=0x0000000000071974
2893000: system.cpu: T0 : 0x1053e    : c_lw a3, 0(a5)             : MemRead :  D=0x0000000000000007 A=0x71974
2893500: system.cpu: T0 : 0x10540    : lw a5, -24(s0)             : MemRead :  D=0x0000000000000005 A=0x7ffffffffffffdd8
2894000: system.cpu: T0 : 0x10544    : c_addiw a5, -1             : IntAlu :  D=0x0000000000000004
2894500: system.cpu: T0 : 0x10546    : c_addiw a5, 0              : IntAlu :  D=0x0000000000000004
2895000: system.cpu: T0 : 0x10548    : auipc a4, 96               : IntAlu :  D=0x0000000000070548
2895500: system.cpu: T0 : 0x1054c    : ld a4, 736(a4)             : MemRead :  D=0x0000000000071960 A=0x70828
2896000: system.cpu: T0 : 0x10550    : c_slli a5, 2               : IntAlu :  D=0x0000000000000010
2896500: system.cpu: T0 : 0x10552    : c_add a5, a4               : IntAlu :  D=0x0000000000071970
2897000: system.cpu: T0 : 0x10554    : c_lw a5, 0(a5)             : MemRead :  D=0x000000000000000b A=0x71970
2897500: system.cpu: T0 : 0x10556    : c_mv a4, a3                : IntAlu :  D=0x0000000000000007
2898000: system.cpu: T0 : 0x10558    : bltu a4, a5, -140          : IntAlu : 
2898500: system.cpu: T0 : 0x104cc    : auipc a4, 96               : IntAlu :  D=0x00000000000704cc
2899000: system.cpu: T0 : 0x104d0    : ld a4, 860(a4)             : MemRead :  D=0x0000000000071960 A=0x70828
2899500: system.cpu: T0 : 0x104d4    : lw a5, -24(s0)             : MemRead :  D=0x0000000000000005 A=0x7ffffffffffffdd8
2900000: system.cpu: T0 : 0x104d8    : c_slli a5, 2               : IntAlu :  D=0x0000000000000014
2900500: system.cpu: T0 : 0x104da    : c_add a5, a4               : IntAlu :  D=0x0000000000071974
2901000: system.cpu: T0 : 0x104dc    : c_lw a5, 0(a5)             : MemRead :  D=0x0000000000000007 A=0x71974
2902000: system.cpu: T0 : 0x104de    : sw a5, -20(s0)             : MemWrite :  D=0x0000000000000007 A=0x7ffffffffffffddc
2903000: system.cpu: T0 : 0x104e2    : lw a5, -24(s0)             : MemRead :  D=0x0000000000000005 A=0x7ffffffffffffdd8
2903500: system.cpu: T0 : 0x104e6    : c_addiw a5, -1             : IntAlu :  D=0x0000000000000004
2904000: system.cpu: T0 : 0x104e8    : c_addiw a5, 0              : IntAlu :  D=0x0000000000000004
2905000: system.cpu: T0 : 0x104ea    : auipc a4, 96               : IntAlu :  D=0x00000000000704ea
2906000: system.cpu: T0 : 0x104ee    : ld a4, 830(a4)             : MemRead :  D=0x0000000000071960 A=0x70828
2906500: system.cpu: T0 : 0x104f2    : c_slli a5, 2               : IntAlu :  D=0x0000000000000010
2907000: system.cpu: T0 : 0x104f4    : c_add a5, a4               : IntAlu :  D=0x0000000000071970
2907500: system.cpu: T0 : 0x104f6    : c_lw a4, 0(a5)             : MemRead :  D=0x000000000000000b A=0x71970
2908000: system.cpu: T0 : 0x104f8    : auipc a3, 96               : IntAlu :  D=0x00000000000704f8
2908500: system.cpu: T0 : 0x104fc    : ld a3, 816(a3)             : MemRead :  D=0x0000000000071960 A=0x70828
2909000: system.cpu: T0 : 0x10500    : lw a5, -24(s0)             : MemRead :  D=0x0000000000000005 A=0x7ffffffffffffdd8
2909500: system.cpu: T0 : 0x10504    : c_slli a5, 2               : IntAlu :  D=0x0000000000000014
2910000: system.cpu: T0 : 0x10506    : c_add a5, a3               : IntAlu :  D=0x0000000000071974
2910500: system.cpu: T0 : 0x10508    : c_sw a4, 0(a5)             : MemWrite :  D=0x000000000000000b A=0x71974
2911500: system.cpu: T0 : 0x1050a    : lw a5, -24(s0)             : MemRead :  D=0x0000000000000005 A=0x7ffffffffffffdd8
2912000: system.cpu: T0 : 0x1050e    : c_addiw a5, -1             : IntAlu :  D=0x0000000000000004
2912500: system.cpu: T0 : 0x10510    : c_addiw a5, 0              : IntAlu :  D=0x0000000000000004
2913500: system.cpu: T0 : 0x10512    : lw a4, -20(s0)             : MemRead :  D=0x0000000000000007 A=0x7ffffffffffffddc
2914500: system.cpu: T0 : 0x10516    : auipc a3, 96               : IntAlu :  D=0x0000000000070516
2915500: system.cpu: T0 : 0x1051a    : ld a3, 786(a3)             : MemRead :  D=0x0000000000071960 A=0x70828
2916000: system.cpu: T0 : 0x1051e    : c_slli a5, 2               : IntAlu :  D=0x0000000000000010
2916500: system.cpu: T0 : 0x10520    : c_add a5, a3               : IntAlu :  D=0x0000000000071970
2917000: system.cpu: T0 : 0x10522    : c_sw a4, 0(a5)             : MemWrite :  D=0x0000000000000007 A=0x71970
2917500: system.cpu: T0 : 0x10524    : lw a5, -24(s0)             : MemRead :  D=0x0000000000000005 A=0x7ffffffffffffdd8
2918000: system.cpu: T0 : 0x10528    : c_addiw a5, -1             : IntAlu :  D=0x0000000000000004
2919000: system.cpu: T0 : 0x1052a    : sw a5, -24(s0)             : MemWrite :  D=0x0000000000000004 A=0x7ffffffffffffdd8
2920000: system.cpu: T0 : 0x1052e    : auipc a4, 96               : IntAlu :  D=0x000000000007052e
2921000: system.cpu: T0 : 0x10532    : ld a4, 762(a4)             : MemRead :  D=0x0000000000071960 A=0x70828
2922000: system.cpu: T0 : 0x10536    : lw a5, -24(s0)             : MemRead :  D=0x0000000000000004 A=0x7ffffffffffffdd8
2922500: system.cpu: T0 : 0x1053a    : c_slli a5, 2               : IntAlu :  D=0x0000000000000010
2923000: system.cpu: T0 : 0x1053c    : c_add a5, a4               : IntAlu :  D=0x0000000000071970
2923500: system.cpu: T0 : 0x1053e    : c_lw a3, 0(a5)             : MemRead :  D=0x0000000000000007 A=0x71970
2924000: system.cpu: T0 : 0x10540    : lw a5, -24(s0)             : MemRead :  D=0x0000000000000004 A=0x7ffffffffffffdd8
2924500: system.cpu: T0 : 0x10544    : c_addiw a5, -1             : IntAlu :  D=0x0000000000000003
2925000: system.cpu: T0 : 0x10546    : c_addiw a5, 0              : IntAlu :  D=0x0000000000000003
2925500: system.cpu: T0 : 0x10548    : auipc a4, 96               : IntAlu :  D=0x0000000000070548
2926000: system.cpu: T0 : 0x1054c    : ld a4, 736(a4)             : MemRead :  D=0x0000000000071960 A=0x70828
2926500: system.cpu: T0 : 0x10550    : c_slli a5, 2               : IntAlu :  D=0x000000000000000c
2927000: system.cpu: T0 : 0x10552    : c_add a5, a4               : IntAlu :  D=0x000000000007196c
2927500: system.cpu: T0 : 0x10554    : c_lw a5, 0(a5)             : MemRead :  D=0x000000000000000a A=0x7196c
2928000: system.cpu: T0 : 0x10556    : c_mv a4, a3                : IntAlu :  D=0x0000000000000007
2928500: system.cpu: T0 : 0x10558    : bltu a4, a5, -140          : IntAlu : 
2929000: system.cpu: T0 : 0x104cc    : auipc a4, 96               : IntAlu :  D=0x00000000000704cc
2929500: system.cpu: T0 : 0x104d0    : ld a4, 860(a4)             : MemRead :  D=0x0000000000071960 A=0x70828
2930000: system.cpu: T0 : 0x104d4    : lw a5, -24(s0)             : MemRead :  D=0x0000000000000004 A=0x7ffffffffffffdd8
2930500: system.cpu: T0 : 0x104d8    : c_slli a5, 2               : IntAlu :  D=0x0000000000000010
2931000: system.cpu: T0 : 0x104da    : c_add a5, a4               : IntAlu :  D=0x0000000000071970
2931500: system.cpu: T0 : 0x104dc    : c_lw a5, 0(a5)             : MemRead :  D=0x0000000000000007 A=0x71970
2932500: system.cpu: T0 : 0x104de    : sw a5, -20(s0)             : MemWrite :  D=0x0000000000000007 A=0x7ffffffffffffddc
2933500: system.cpu: T0 : 0x104e2    : lw a5, -24(s0)             : MemRead :  D=0x0000000000000004 A=0x7ffffffffffffdd8
2934000: system.cpu: T0 : 0x104e6    : c_addiw a5, -1             : IntAlu :  D=0x0000000000000003
2934500: system.cpu: T0 : 0x104e8    : c_addiw a5, 0              : IntAlu :  D=0x0000000000000003
2935500: system.cpu: T0 : 0x104ea    : auipc a4, 96               : IntAlu :  D=0x00000000000704ea
2936500: system.cpu: T0 : 0x104ee    : ld a4, 830(a4)             : MemRead :  D=0x0000000000071960 A=0x70828
2937000: system.cpu: T0 : 0x104f2    : c_slli a5, 2               : IntAlu :  D=0x000000000000000c
2937500: system.cpu: T0 : 0x104f4    : c_add a5, a4               : IntAlu :  D=0x000000000007196c
2938000: system.cpu: T0 : 0x104f6    : c_lw a4, 0(a5)             : MemRead :  D=0x000000000000000a A=0x7196c
2938500: system.cpu: T0 : 0x104f8    : auipc a3, 96               : IntAlu :  D=0x00000000000704f8
2939000: system.cpu: T0 : 0x104fc    : ld a3, 816(a3)             : MemRead :  D=0x0000000000071960 A=0x70828
2939500: system.cpu: T0 : 0x10500    : lw a5, -24(s0)             : MemRead :  D=0x0000000000000004 A=0x7ffffffffffffdd8
2940000: system.cpu: T0 : 0x10504    : c_slli a5, 2               : IntAlu :  D=0x0000000000000010
2940500: system.cpu: T0 : 0x10506    : c_add a5, a3               : IntAlu :  D=0x0000000000071970
2941000: system.cpu: T0 : 0x10508    : c_sw a4, 0(a5)             : MemWrite :  D=0x000000000000000a A=0x71970
2942000: system.cpu: T0 : 0x1050a    : lw a5, -24(s0)             : MemRead :  D=0x0000000000000004 A=0x7ffffffffffffdd8
2942500: system.cpu: T0 : 0x1050e    : c_addiw a5, -1             : IntAlu :  D=0x0000000000000003
2943000: system.cpu: T0 : 0x10510    : c_addiw a5, 0              : IntAlu :  D=0x0000000000000003
2944000: system.cpu: T0 : 0x10512    : lw a4, -20(s0)             : MemRead :  D=0x0000000000000007 A=0x7ffffffffffffddc
2945000: system.cpu: T0 : 0x10516    : auipc a3, 96               : IntAlu :  D=0x0000000000070516
2946000: system.cpu: T0 : 0x1051a    : ld a3, 786(a3)             : MemRead :  D=0x0000000000071960 A=0x70828
2946500: system.cpu: T0 : 0x1051e    : c_slli a5, 2               : IntAlu :  D=0x000000000000000c
2947000: system.cpu: T0 : 0x10520    : c_add a5, a3               : IntAlu :  D=0x000000000007196c
2947500: system.cpu: T0 : 0x10522    : c_sw a4, 0(a5)             : MemWrite :  D=0x0000000000000007 A=0x7196c
2948000: system.cpu: T0 : 0x10524    : lw a5, -24(s0)             : MemRead :  D=0x0000000000000004 A=0x7ffffffffffffdd8
2948500: system.cpu: T0 : 0x10528    : c_addiw a5, -1             : IntAlu :  D=0x0000000000000003
2949500: system.cpu: T0 : 0x1052a    : sw a5, -24(s0)             : MemWrite :  D=0x0000000000000003 A=0x7ffffffffffffdd8
2950500: system.cpu: T0 : 0x1052e    : auipc a4, 96               : IntAlu :  D=0x000000000007052e
2951500: system.cpu: T0 : 0x10532    : ld a4, 762(a4)             : MemRead :  D=0x0000000000071960 A=0x70828
2952500: system.cpu: T0 : 0x10536    : lw a5, -24(s0)             : MemRead :  D=0x0000000000000003 A=0x7ffffffffffffdd8
2953000: system.cpu: T0 : 0x1053a    : c_slli a5, 2               : IntAlu :  D=0x000000000000000c
2953500: system.cpu: T0 : 0x1053c    : c_add a5, a4               : IntAlu :  D=0x000000000007196c
2954000: system.cpu: T0 : 0x1053e    : c_lw a3, 0(a5)             : MemRead :  D=0x0000000000000007 A=0x7196c
2954500: system.cpu: T0 : 0x10540    : lw a5, -24(s0)             : MemRead :  D=0x0000000000000003 A=0x7ffffffffffffdd8
2955000: system.cpu: T0 : 0x10544    : c_addiw a5, -1             : IntAlu :  D=0x0000000000000002
2955500: system.cpu: T0 : 0x10546    : c_addiw a5, 0              : IntAlu :  D=0x0000000000000002
2956000: system.cpu: T0 : 0x10548    : auipc a4, 96               : IntAlu :  D=0x0000000000070548
2956500: system.cpu: T0 : 0x1054c    : ld a4, 736(a4)             : MemRead :  D=0x0000000000071960 A=0x70828
2957000: system.cpu: T0 : 0x10550    : c_slli a5, 2               : IntAlu :  D=0x0000000000000008
2957500: system.cpu: T0 : 0x10552    : c_add a5, a4               : IntAlu :  D=0x0000000000071968
2958000: system.cpu: T0 : 0x10554    : c_lw a5, 0(a5)             : MemRead :  D=0x0000000000000009 A=0x71968
2958500: system.cpu: T0 : 0x10556    : c_mv a4, a3                : IntAlu :  D=0x0000000000000007
2959000: system.cpu: T0 : 0x10558    : bltu a4, a5, -140          : IntAlu : 
2959500: system.cpu: T0 : 0x104cc    : auipc a4, 96               : IntAlu :  D=0x00000000000704cc
2960000: system.cpu: T0 : 0x104d0    : ld a4, 860(a4)             : MemRead :  D=0x0000000000071960 A=0x70828
2960500: system.cpu: T0 : 0x104d4    : lw a5, -24(s0)             : MemRead :  D=0x0000000000000003 A=0x7ffffffffffffdd8
2961000: system.cpu: T0 : 0x104d8    : c_slli a5, 2               : IntAlu :  D=0x000000000000000c
2961500: system.cpu: T0 : 0x104da    : c_add a5, a4               : IntAlu :  D=0x000000000007196c
2962000: system.cpu: T0 : 0x104dc    : c_lw a5, 0(a5)             : MemRead :  D=0x0000000000000007 A=0x7196c
2963000: system.cpu: T0 : 0x104de    : sw a5, -20(s0)             : MemWrite :  D=0x0000000000000007 A=0x7ffffffffffffddc
2964000: system.cpu: T0 : 0x104e2    : lw a5, -24(s0)             : MemRead :  D=0x0000000000000003 A=0x7ffffffffffffdd8
2964500: system.cpu: T0 : 0x104e6    : c_addiw a5, -1             : IntAlu :  D=0x0000000000000002
2965000: system.cpu: T0 : 0x104e8    : c_addiw a5, 0              : IntAlu :  D=0x0000000000000002
2966000: system.cpu: T0 : 0x104ea    : auipc a4, 96               : IntAlu :  D=0x00000000000704ea
2967000: system.cpu: T0 : 0x104ee    : ld a4, 830(a4)             : MemRead :  D=0x0000000000071960 A=0x70828
2967500: system.cpu: T0 : 0x104f2    : c_slli a5, 2               : IntAlu :  D=0x0000000000000008
2968000: system.cpu: T0 : 0x104f4    : c_add a5, a4               : IntAlu :  D=0x0000000000071968
2968500: system.cpu: T0 : 0x104f6    : c_lw a4, 0(a5)             : MemRead :  D=0x0000000000000009 A=0x71968
2969000: system.cpu: T0 : 0x104f8    : auipc a3, 96               : IntAlu :  D=0x00000000000704f8
2969500: system.cpu: T0 : 0x104fc    : ld a3, 816(a3)             : MemRead :  D=0x0000000000071960 A=0x70828
2970000: system.cpu: T0 : 0x10500    : lw a5, -24(s0)             : MemRead :  D=0x0000000000000003 A=0x7ffffffffffffdd8
2970500: system.cpu: T0 : 0x10504    : c_slli a5, 2               : IntAlu :  D=0x000000000000000c
2971000: system.cpu: T0 : 0x10506    : c_add a5, a3               : IntAlu :  D=0x000000000007196c
2971500: system.cpu: T0 : 0x10508    : c_sw a4, 0(a5)             : MemWrite :  D=0x0000000000000009 A=0x7196c
2972500: system.cpu: T0 : 0x1050a    : lw a5, -24(s0)             : MemRead :  D=0x0000000000000003 A=0x7ffffffffffffdd8
2973000: system.cpu: T0 : 0x1050e    : c_addiw a5, -1             : IntAlu :  D=0x0000000000000002
2973500: system.cpu: T0 : 0x10510    : c_addiw a5, 0              : IntAlu :  D=0x0000000000000002
2974500: system.cpu: T0 : 0x10512    : lw a4, -20(s0)             : MemRead :  D=0x0000000000000007 A=0x7ffffffffffffddc
2975500: system.cpu: T0 : 0x10516    : auipc a3, 96               : IntAlu :  D=0x0000000000070516
2976500: system.cpu: T0 : 0x1051a    : ld a3, 786(a3)             : MemRead :  D=0x0000000000071960 A=0x70828
2977000: system.cpu: T0 : 0x1051e    : c_slli a5, 2               : IntAlu :  D=0x0000000000000008
2977500: system.cpu: T0 : 0x10520    : c_add a5, a3               : IntAlu :  D=0x0000000000071968
2978000: system.cpu: T0 : 0x10522    : c_sw a4, 0(a5)             : MemWrite :  D=0x0000000000000007 A=0x71968
2978500: system.cpu: T0 : 0x10524    : lw a5, -24(s0)             : MemRead :  D=0x0000000000000003 A=0x7ffffffffffffdd8
2979000: system.cpu: T0 : 0x10528    : c_addiw a5, -1             : IntAlu :  D=0x0000000000000002
2980000: system.cpu: T0 : 0x1052a    : sw a5, -24(s0)             : MemWrite :  D=0x0000000000000002 A=0x7ffffffffffffdd8
2981000: system.cpu: T0 : 0x1052e    : auipc a4, 96               : IntAlu :  D=0x000000000007052e
2982000: system.cpu: T0 : 0x10532    : ld a4, 762(a4)             : MemRead :  D=0x0000000000071960 A=0x70828
2983000: system.cpu: T0 : 0x10536    : lw a5, -24(s0)             : MemRead :  D=0x0000000000000002 A=0x7ffffffffffffdd8
2983500: system.cpu: T0 : 0x1053a    : c_slli a5, 2               : IntAlu :  D=0x0000000000000008
2984000: system.cpu: T0 : 0x1053c    : c_add a5, a4               : IntAlu :  D=0x0000000000071968
2984500: system.cpu: T0 : 0x1053e    : c_lw a3, 0(a5)             : MemRead :  D=0x0000000000000007 A=0x71968
2985000: system.cpu: T0 : 0x10540    : lw a5, -24(s0)             : MemRead :  D=0x0000000000000002 A=0x7ffffffffffffdd8
2985500: system.cpu: T0 : 0x10544    : c_addiw a5, -1             : IntAlu :  D=0x0000000000000001
2986000: system.cpu: T0 : 0x10546    : c_addiw a5, 0              : IntAlu :  D=0x0000000000000001
2986500: system.cpu: T0 : 0x10548    : auipc a4, 96               : IntAlu :  D=0x0000000000070548
2987000: system.cpu: T0 : 0x1054c    : ld a4, 736(a4)             : MemRead :  D=0x0000000000071960 A=0x70828
2987500: system.cpu: T0 : 0x10550    : c_slli a5, 2               : IntAlu :  D=0x0000000000000004
2988000: system.cpu: T0 : 0x10552    : c_add a5, a4               : IntAlu :  D=0x0000000000071964
2988500: system.cpu: T0 : 0x10554    : c_lw a5, 0(a5)             : MemRead :  D=0x0000000000000008 A=0x71964
2989000: system.cpu: T0 : 0x10556    : c_mv a4, a3                : IntAlu :  D=0x0000000000000007
2989500: system.cpu: T0 : 0x10558    : bltu a4, a5, -140          : IntAlu : 
2990000: system.cpu: T0 : 0x104cc    : auipc a4, 96               : IntAlu :  D=0x00000000000704cc
2990500: system.cpu: T0 : 0x104d0    : ld a4, 860(a4)             : MemRead :  D=0x0000000000071960 A=0x70828
2991000: system.cpu: T0 : 0x104d4    : lw a5, -24(s0)             : MemRead :  D=0x0000000000000002 A=0x7ffffffffffffdd8
2991500: system.cpu: T0 : 0x104d8    : c_slli a5, 2               : IntAlu :  D=0x0000000000000008
2992000: system.cpu: T0 : 0x104da    : c_add a5, a4               : IntAlu :  D=0x0000000000071968
2992500: system.cpu: T0 : 0x104dc    : c_lw a5, 0(a5)             : MemRead :  D=0x0000000000000007 A=0x71968
2993500: system.cpu: T0 : 0x104de    : sw a5, -20(s0)             : MemWrite :  D=0x0000000000000007 A=0x7ffffffffffffddc
2994500: system.cpu: T0 : 0x104e2    : lw a5, -24(s0)             : MemRead :  D=0x0000000000000002 A=0x7ffffffffffffdd8
2995000: system.cpu: T0 : 0x104e6    : c_addiw a5, -1             : IntAlu :  D=0x0000000000000001
2995500: system.cpu: T0 : 0x104e8    : c_addiw a5, 0              : IntAlu :  D=0x0000000000000001
2996500: system.cpu: T0 : 0x104ea    : auipc a4, 96               : IntAlu :  D=0x00000000000704ea
2997500: system.cpu: T0 : 0x104ee    : ld a4, 830(a4)             : MemRead :  D=0x0000000000071960 A=0x70828
2998000: system.cpu: T0 : 0x104f2    : c_slli a5, 2               : IntAlu :  D=0x0000000000000004
2998500: system.cpu: T0 : 0x104f4    : c_add a5, a4               : IntAlu :  D=0x0000000000071964
2999000: system.cpu: T0 : 0x104f6    : c_lw a4, 0(a5)             : MemRead :  D=0x0000000000000008 A=0x71964
2999500: system.cpu: T0 : 0x104f8    : auipc a3, 96               : IntAlu :  D=0x00000000000704f8
3000000: system.cpu: T0 : 0x104fc    : ld a3, 816(a3)             : MemRead :  D=0x0000000000071960 A=0x70828
3000500: system.cpu: T0 : 0x10500    : lw a5, -24(s0)             : MemRead :  D=0x0000000000000002 A=0x7ffffffffffffdd8
3001000: system.cpu: T0 : 0x10504    : c_slli a5, 2               : IntAlu :  D=0x0000000000000008
3001500: system.cpu: T0 : 0x10506    : c_add a5, a3               : IntAlu :  D=0x0000000000071968
3002000: system.cpu: T0 : 0x10508    : c_sw a4, 0(a5)             : MemWrite :  D=0x0000000000000008 A=0x71968
3003000: system.cpu: T0 : 0x1050a    : lw a5, -24(s0)             : MemRead :  D=0x0000000000000002 A=0x7ffffffffffffdd8
3003500: system.cpu: T0 : 0x1050e    : c_addiw a5, -1             : IntAlu :  D=0x0000000000000001
3004000: system.cpu: T0 : 0x10510    : c_addiw a5, 0              : IntAlu :  D=0x0000000000000001
3005000: system.cpu: T0 : 0x10512    : lw a4, -20(s0)             : MemRead :  D=0x0000000000000007 A=0x7ffffffffffffddc
3006000: system.cpu: T0 : 0x10516    : auipc a3, 96               : IntAlu :  D=0x0000000000070516
3007000: system.cpu: T0 : 0x1051a    : ld a3, 786(a3)             : MemRead :  D=0x0000000000071960 A=0x70828
3007500: system.cpu: T0 : 0x1051e    : c_slli a5, 2               : IntAlu :  D=0x0000000000000004
3008000: system.cpu: T0 : 0x10520    : c_add a5, a3               : IntAlu :  D=0x0000000000071964
3008500: system.cpu: T0 : 0x10522    : c_sw a4, 0(a5)             : MemWrite :  D=0x0000000000000007 A=0x71964
3009000: system.cpu: T0 : 0x10524    : lw a5, -24(s0)             : MemRead :  D=0x0000000000000002 A=0x7ffffffffffffdd8
3009500: system.cpu: T0 : 0x10528    : c_addiw a5, -1             : IntAlu :  D=0x0000000000000001
3010500: system.cpu: T0 : 0x1052a    : sw a5, -24(s0)             : MemWrite :  D=0x0000000000000001 A=0x7ffffffffffffdd8
3011500: system.cpu: T0 : 0x1052e    : auipc a4, 96               : IntAlu :  D=0x000000000007052e
3012500: system.cpu: T0 : 0x10532    : ld a4, 762(a4)             : MemRead :  D=0x0000000000071960 A=0x70828
3013500: system.cpu: T0 : 0x10536    : lw a5, -24(s0)             : MemRead :  D=0x0000000000000001 A=0x7ffffffffffffdd8
3014000: system.cpu: T0 : 0x1053a    : c_slli a5, 2               : IntAlu :  D=0x0000000000000004
3014500: system.cpu: T0 : 0x1053c    : c_add a5, a4               : IntAlu :  D=0x0000000000071964
3015000: system.cpu: T0 : 0x1053e    : c_lw a3, 0(a5)             : MemRead :  D=0x0000000000000007 A=0x71964
3015500: system.cpu: T0 : 0x10540    : lw a5, -24(s0)             : MemRead :  D=0x0000000000000001 A=0x7ffffffffffffdd8
3016000: system.cpu: T0 : 0x10544    : c_addiw a5, -1             : IntAlu :  D=0x0000000000000000
3016500: system.cpu: T0 : 0x10546    : c_addiw a5, 0              : IntAlu :  D=0x0000000000000000
3017000: system.cpu: T0 : 0x10548    : auipc a4, 96               : IntAlu :  D=0x0000000000070548
3017500: system.cpu: T0 : 0x1054c    : ld a4, 736(a4)             : MemRead :  D=0x0000000000071960 A=0x70828
3018000: system.cpu: T0 : 0x10550    : c_slli a5, 2               : IntAlu :  D=0x0000000000000000
3018500: system.cpu: T0 : 0x10552    : c_add a5, a4               : IntAlu :  D=0x0000000000071960
3019000: system.cpu: T0 : 0x10554    : c_lw a5, 0(a5)             : MemRead :  D=0x0000000000000000 A=0x71960
3019500: system.cpu: T0 : 0x10556    : c_mv a4, a3                : IntAlu :  D=0x0000000000000007
3020000: system.cpu: T0 : 0x10558    : bltu a4, a5, -140          : IntAlu : 
3020500: system.cpu: T0 : 0x1055c    : lw a5, -28(s0)             : MemRead :  D=0x0000000000000005 A=0x7ffffffffffffdd4
3021000: system.cpu: T0 : 0x10560    : c_addiw a5, 1              : IntAlu :  D=0x0000000000000006
3022000: system.cpu: T0 : 0x10562    : sw a5, -28(s0)             : MemWrite :  D=0x0000000000000006 A=0x7ffffffffffffdd4
3023000: system.cpu: T0 : 0x10566    : lw a5, -28(s0)             : MemRead :  D=0x0000000000000006 A=0x7ffffffffffffdd4
3024000: system.cpu: T0 : 0x1056a    : addiw a4, a5, 0            : IntAlu :  D=0x0000000000000006
3024500: system.cpu: T0 : 0x1056e    : c_li a5, 10                : IntAlu :  D=0x000000000000000a
3025000: system.cpu: T0 : 0x10570    : bge a5, a4, -174           : IntAlu : 
3026000: system.cpu: T0 : 0x104c2    : lw a5, -28(s0)             : MemRead :  D=0x0000000000000006 A=0x7ffffffffffffdd4
3027000: system.cpu: T0 : 0x104c6    : sw a5, -24(s0)             : MemWrite :  D=0x0000000000000006 A=0x7ffffffffffffdd8
3027500: system.cpu: T0 : 0x104ca    : c_j 100                    : IntAlu : 
3028500: system.cpu: T0 : 0x1052e    : auipc a4, 96               : IntAlu :  D=0x000000000007052e
3029500: system.cpu: T0 : 0x10532    : ld a4, 762(a4)             : MemRead :  D=0x0000000000071960 A=0x70828
3030500: system.cpu: T0 : 0x10536    : lw a5, -24(s0)             : MemRead :  D=0x0000000000000006 A=0x7ffffffffffffdd8
3031000: system.cpu: T0 : 0x1053a    : c_slli a5, 2               : IntAlu :  D=0x0000000000000018
3031500: system.cpu: T0 : 0x1053c    : c_add a5, a4               : IntAlu :  D=0x0000000000071978
3032000: system.cpu: T0 : 0x1053e    : c_lw a3, 0(a5)             : MemRead :  D=0x0000000000000006 A=0x71978
3032500: system.cpu: T0 : 0x10540    : lw a5, -24(s0)             : MemRead :  D=0x0000000000000006 A=0x7ffffffffffffdd8
3033000: system.cpu: T0 : 0x10544    : c_addiw a5, -1             : IntAlu :  D=0x0000000000000005
3033500: system.cpu: T0 : 0x10546    : c_addiw a5, 0              : IntAlu :  D=0x0000000000000005
3034000: system.cpu: T0 : 0x10548    : auipc a4, 96               : IntAlu :  D=0x0000000000070548
3034500: system.cpu: T0 : 0x1054c    : ld a4, 736(a4)             : MemRead :  D=0x0000000000071960 A=0x70828
3035000: system.cpu: T0 : 0x10550    : c_slli a5, 2               : IntAlu :  D=0x0000000000000014
3035500: system.cpu: T0 : 0x10552    : c_add a5, a4               : IntAlu :  D=0x0000000000071974
3036000: system.cpu: T0 : 0x10554    : c_lw a5, 0(a5)             : MemRead :  D=0x000000000000000b A=0x71974
3036500: system.cpu: T0 : 0x10556    : c_mv a4, a3                : IntAlu :  D=0x0000000000000006
3037000: system.cpu: T0 : 0x10558    : bltu a4, a5, -140          : IntAlu : 
3037500: system.cpu: T0 : 0x104cc    : auipc a4, 96               : IntAlu :  D=0x00000000000704cc
3038000: system.cpu: T0 : 0x104d0    : ld a4, 860(a4)             : MemRead :  D=0x0000000000071960 A=0x70828
3038500: system.cpu: T0 : 0x104d4    : lw a5, -24(s0)             : MemRead :  D=0x0000000000000006 A=0x7ffffffffffffdd8
3039000: system.cpu: T0 : 0x104d8    : c_slli a5, 2               : IntAlu :  D=0x0000000000000018
3039500: system.cpu: T0 : 0x104da    : c_add a5, a4               : IntAlu :  D=0x0000000000071978
3040000: system.cpu: T0 : 0x104dc    : c_lw a5, 0(a5)             : MemRead :  D=0x0000000000000006 A=0x71978
3041000: system.cpu: T0 : 0x104de    : sw a5, -20(s0)             : MemWrite :  D=0x0000000000000006 A=0x7ffffffffffffddc
3042000: system.cpu: T0 : 0x104e2    : lw a5, -24(s0)             : MemRead :  D=0x0000000000000006 A=0x7ffffffffffffdd8
3042500: system.cpu: T0 : 0x104e6    : c_addiw a5, -1             : IntAlu :  D=0x0000000000000005
3043000: system.cpu: T0 : 0x104e8    : c_addiw a5, 0              : IntAlu :  D=0x0000000000000005
3044000: system.cpu: T0 : 0x104ea    : auipc a4, 96               : IntAlu :  D=0x00000000000704ea
3045000: system.cpu: T0 : 0x104ee    : ld a4, 830(a4)             : MemRead :  D=0x0000000000071960 A=0x70828
3045500: system.cpu: T0 : 0x104f2    : c_slli a5, 2               : IntAlu :  D=0x0000000000000014
3046000: system.cpu: T0 : 0x104f4    : c_add a5, a4               : IntAlu :  D=0x0000000000071974
3046500: system.cpu: T0 : 0x104f6    : c_lw a4, 0(a5)             : MemRead :  D=0x000000000000000b A=0x71974
3047000: system.cpu: T0 : 0x104f8    : auipc a3, 96               : IntAlu :  D=0x00000000000704f8
3047500: system.cpu: T0 : 0x104fc    : ld a3, 816(a3)             : MemRead :  D=0x0000000000071960 A=0x70828
3048000: system.cpu: T0 : 0x10500    : lw a5, -24(s0)             : MemRead :  D=0x0000000000000006 A=0x7ffffffffffffdd8
3048500: system.cpu: T0 : 0x10504    : c_slli a5, 2               : IntAlu :  D=0x0000000000000018
3049000: system.cpu: T0 : 0x10506    : c_add a5, a3               : IntAlu :  D=0x0000000000071978
3049500: system.cpu: T0 : 0x10508    : c_sw a4, 0(a5)             : MemWrite :  D=0x000000000000000b A=0x71978
3050500: system.cpu: T0 : 0x1050a    : lw a5, -24(s0)             : MemRead :  D=0x0000000000000006 A=0x7ffffffffffffdd8
3051000: system.cpu: T0 : 0x1050e    : c_addiw a5, -1             : IntAlu :  D=0x0000000000000005
3051500: system.cpu: T0 : 0x10510    : c_addiw a5, 0              : IntAlu :  D=0x0000000000000005
3052500: system.cpu: T0 : 0x10512    : lw a4, -20(s0)             : MemRead :  D=0x0000000000000006 A=0x7ffffffffffffddc
3053500: system.cpu: T0 : 0x10516    : auipc a3, 96               : IntAlu :  D=0x0000000000070516
3054500: system.cpu: T0 : 0x1051a    : ld a3, 786(a3)             : MemRead :  D=0x0000000000071960 A=0x70828
3055000: system.cpu: T0 : 0x1051e    : c_slli a5, 2               : IntAlu :  D=0x0000000000000014
3055500: system.cpu: T0 : 0x10520    : c_add a5, a3               : IntAlu :  D=0x0000000000071974
3056000: system.cpu: T0 : 0x10522    : c_sw a4, 0(a5)             : MemWrite :  D=0x0000000000000006 A=0x71974
3056500: system.cpu: T0 : 0x10524    : lw a5, -24(s0)             : MemRead :  D=0x0000000000000006 A=0x7ffffffffffffdd8
3057000: system.cpu: T0 : 0x10528    : c_addiw a5, -1             : IntAlu :  D=0x0000000000000005
3058000: system.cpu: T0 : 0x1052a    : sw a5, -24(s0)             : MemWrite :  D=0x0000000000000005 A=0x7ffffffffffffdd8
3059000: system.cpu: T0 : 0x1052e    : auipc a4, 96               : IntAlu :  D=0x000000000007052e
3060000: system.cpu: T0 : 0x10532    : ld a4, 762(a4)             : MemRead :  D=0x0000000000071960 A=0x70828
3061000: system.cpu: T0 : 0x10536    : lw a5, -24(s0)             : MemRead :  D=0x0000000000000005 A=0x7ffffffffffffdd8
3061500: system.cpu: T0 : 0x1053a    : c_slli a5, 2               : IntAlu :  D=0x0000000000000014
3062000: system.cpu: T0 : 0x1053c    : c_add a5, a4               : IntAlu :  D=0x0000000000071974
3062500: system.cpu: T0 : 0x1053e    : c_lw a3, 0(a5)             : MemRead :  D=0x0000000000000006 A=0x71974
3063000: system.cpu: T0 : 0x10540    : lw a5, -24(s0)             : MemRead :  D=0x0000000000000005 A=0x7ffffffffffffdd8
3063500: system.cpu: T0 : 0x10544    : c_addiw a5, -1             : IntAlu :  D=0x0000000000000004
3064000: system.cpu: T0 : 0x10546    : c_addiw a5, 0              : IntAlu :  D=0x0000000000000004
3064500: system.cpu: T0 : 0x10548    : auipc a4, 96               : IntAlu :  D=0x0000000000070548
3065000: system.cpu: T0 : 0x1054c    : ld a4, 736(a4)             : MemRead :  D=0x0000000000071960 A=0x70828
3065500: system.cpu: T0 : 0x10550    : c_slli a5, 2               : IntAlu :  D=0x0000000000000010
3066000: system.cpu: T0 : 0x10552    : c_add a5, a4               : IntAlu :  D=0x0000000000071970
3066500: system.cpu: T0 : 0x10554    : c_lw a5, 0(a5)             : MemRead :  D=0x000000000000000a A=0x71970
3067000: system.cpu: T0 : 0x10556    : c_mv a4, a3                : IntAlu :  D=0x0000000000000006
3067500: system.cpu: T0 : 0x10558    : bltu a4, a5, -140          : IntAlu : 
3068000: system.cpu: T0 : 0x104cc    : auipc a4, 96               : IntAlu :  D=0x00000000000704cc
3068500: system.cpu: T0 : 0x104d0    : ld a4, 860(a4)             : MemRead :  D=0x0000000000071960 A=0x70828
3069000: system.cpu: T0 : 0x104d4    : lw a5, -24(s0)             : MemRead :  D=0x0000000000000005 A=0x7ffffffffffffdd8
3069500: system.cpu: T0 : 0x104d8    : c_slli a5, 2               : IntAlu :  D=0x0000000000000014
3070000: system.cpu: T0 : 0x104da    : c_add a5, a4               : IntAlu :  D=0x0000000000071974
3070500: system.cpu: T0 : 0x104dc    : c_lw a5, 0(a5)             : MemRead :  D=0x0000000000000006 A=0x71974
3071500: system.cpu: T0 : 0x104de    : sw a5, -20(s0)             : MemWrite :  D=0x0000000000000006 A=0x7ffffffffffffddc
3072500: system.cpu: T0 : 0x104e2    : lw a5, -24(s0)             : MemRead :  D=0x0000000000000005 A=0x7ffffffffffffdd8
3073000: system.cpu: T0 : 0x104e6    : c_addiw a5, -1             : IntAlu :  D=0x0000000000000004
3073500: system.cpu: T0 : 0x104e8    : c_addiw a5, 0              : IntAlu :  D=0x0000000000000004
3074500: system.cpu: T0 : 0x104ea    : auipc a4, 96               : IntAlu :  D=0x00000000000704ea
3075500: system.cpu: T0 : 0x104ee    : ld a4, 830(a4)             : MemRead :  D=0x0000000000071960 A=0x70828
3076000: system.cpu: T0 : 0x104f2    : c_slli a5, 2               : IntAlu :  D=0x0000000000000010
3076500: system.cpu: T0 : 0x104f4    : c_add a5, a4               : IntAlu :  D=0x0000000000071970
3077000: system.cpu: T0 : 0x104f6    : c_lw a4, 0(a5)             : MemRead :  D=0x000000000000000a A=0x71970
3077500: system.cpu: T0 : 0x104f8    : auipc a3, 96               : IntAlu :  D=0x00000000000704f8
3078000: system.cpu: T0 : 0x104fc    : ld a3, 816(a3)             : MemRead :  D=0x0000000000071960 A=0x70828
3078500: system.cpu: T0 : 0x10500    : lw a5, -24(s0)             : MemRead :  D=0x0000000000000005 A=0x7ffffffffffffdd8
3079000: system.cpu: T0 : 0x10504    : c_slli a5, 2               : IntAlu :  D=0x0000000000000014
3079500: system.cpu: T0 : 0x10506    : c_add a5, a3               : IntAlu :  D=0x0000000000071974
3080000: system.cpu: T0 : 0x10508    : c_sw a4, 0(a5)             : MemWrite :  D=0x000000000000000a A=0x71974
3081000: system.cpu: T0 : 0x1050a    : lw a5, -24(s0)             : MemRead :  D=0x0000000000000005 A=0x7ffffffffffffdd8
3081500: system.cpu: T0 : 0x1050e    : c_addiw a5, -1             : IntAlu :  D=0x0000000000000004
3082000: system.cpu: T0 : 0x10510    : c_addiw a5, 0              : IntAlu :  D=0x0000000000000004
3083000: system.cpu: T0 : 0x10512    : lw a4, -20(s0)             : MemRead :  D=0x0000000000000006 A=0x7ffffffffffffddc
3084000: system.cpu: T0 : 0x10516    : auipc a3, 96               : IntAlu :  D=0x0000000000070516
3085000: system.cpu: T0 : 0x1051a    : ld a3, 786(a3)             : MemRead :  D=0x0000000000071960 A=0x70828
3085500: system.cpu: T0 : 0x1051e    : c_slli a5, 2               : IntAlu :  D=0x0000000000000010
3086000: system.cpu: T0 : 0x10520    : c_add a5, a3               : IntAlu :  D=0x0000000000071970
3086500: system.cpu: T0 : 0x10522    : c_sw a4, 0(a5)             : MemWrite :  D=0x0000000000000006 A=0x71970
3087000: system.cpu: T0 : 0x10524    : lw a5, -24(s0)             : MemRead :  D=0x0000000000000005 A=0x7ffffffffffffdd8
3087500: system.cpu: T0 : 0x10528    : c_addiw a5, -1             : IntAlu :  D=0x0000000000000004
3088500: system.cpu: T0 : 0x1052a    : sw a5, -24(s0)             : MemWrite :  D=0x0000000000000004 A=0x7ffffffffffffdd8
3089500: system.cpu: T0 : 0x1052e    : auipc a4, 96               : IntAlu :  D=0x000000000007052e
3090500: system.cpu: T0 : 0x10532    : ld a4, 762(a4)             : MemRead :  D=0x0000000000071960 A=0x70828
3091500: system.cpu: T0 : 0x10536    : lw a5, -24(s0)             : MemRead :  D=0x0000000000000004 A=0x7ffffffffffffdd8
3092000: system.cpu: T0 : 0x1053a    : c_slli a5, 2               : IntAlu :  D=0x0000000000000010
3092500: system.cpu: T0 : 0x1053c    : c_add a5, a4               : IntAlu :  D=0x0000000000071970
3093000: system.cpu: T0 : 0x1053e    : c_lw a3, 0(a5)             : MemRead :  D=0x0000000000000006 A=0x71970
3093500: system.cpu: T0 : 0x10540    : lw a5, -24(s0)             : MemRead :  D=0x0000000000000004 A=0x7ffffffffffffdd8
3094000: system.cpu: T0 : 0x10544    : c_addiw a5, -1             : IntAlu :  D=0x0000000000000003
3094500: system.cpu: T0 : 0x10546    : c_addiw a5, 0              : IntAlu :  D=0x0000000000000003
3095000: system.cpu: T0 : 0x10548    : auipc a4, 96               : IntAlu :  D=0x0000000000070548
3095500: system.cpu: T0 : 0x1054c    : ld a4, 736(a4)             : MemRead :  D=0x0000000000071960 A=0x70828
3096000: system.cpu: T0 : 0x10550    : c_slli a5, 2               : IntAlu :  D=0x000000000000000c
3096500: system.cpu: T0 : 0x10552    : c_add a5, a4               : IntAlu :  D=0x000000000007196c
3097000: system.cpu: T0 : 0x10554    : c_lw a5, 0(a5)             : MemRead :  D=0x0000000000000009 A=0x7196c
3097500: system.cpu: T0 : 0x10556    : c_mv a4, a3                : IntAlu :  D=0x0000000000000006
3098000: system.cpu: T0 : 0x10558    : bltu a4, a5, -140          : IntAlu : 
3098500: system.cpu: T0 : 0x104cc    : auipc a4, 96               : IntAlu :  D=0x00000000000704cc
3099000: system.cpu: T0 : 0x104d0    : ld a4, 860(a4)             : MemRead :  D=0x0000000000071960 A=0x70828
3099500: system.cpu: T0 : 0x104d4    : lw a5, -24(s0)             : MemRead :  D=0x0000000000000004 A=0x7ffffffffffffdd8
3100000: system.cpu: T0 : 0x104d8    : c_slli a5, 2               : IntAlu :  D=0x0000000000000010
3100500: system.cpu: T0 : 0x104da    : c_add a5, a4               : IntAlu :  D=0x0000000000071970
3101000: system.cpu: T0 : 0x104dc    : c_lw a5, 0(a5)             : MemRead :  D=0x0000000000000006 A=0x71970
3102000: system.cpu: T0 : 0x104de    : sw a5, -20(s0)             : MemWrite :  D=0x0000000000000006 A=0x7ffffffffffffddc
3103000: system.cpu: T0 : 0x104e2    : lw a5, -24(s0)             : MemRead :  D=0x0000000000000004 A=0x7ffffffffffffdd8
3103500: system.cpu: T0 : 0x104e6    : c_addiw a5, -1             : IntAlu :  D=0x0000000000000003
3104000: system.cpu: T0 : 0x104e8    : c_addiw a5, 0              : IntAlu :  D=0x0000000000000003
3105000: system.cpu: T0 : 0x104ea    : auipc a4, 96               : IntAlu :  D=0x00000000000704ea
3106000: system.cpu: T0 : 0x104ee    : ld a4, 830(a4)             : MemRead :  D=0x0000000000071960 A=0x70828
3106500: system.cpu: T0 : 0x104f2    : c_slli a5, 2               : IntAlu :  D=0x000000000000000c
3107000: system.cpu: T0 : 0x104f4    : c_add a5, a4               : IntAlu :  D=0x000000000007196c
3107500: system.cpu: T0 : 0x104f6    : c_lw a4, 0(a5)             : MemRead :  D=0x0000000000000009 A=0x7196c
3108000: system.cpu: T0 : 0x104f8    : auipc a3, 96               : IntAlu :  D=0x00000000000704f8
3108500: system.cpu: T0 : 0x104fc    : ld a3, 816(a3)             : MemRead :  D=0x0000000000071960 A=0x70828
3109000: system.cpu: T0 : 0x10500    : lw a5, -24(s0)             : MemRead :  D=0x0000000000000004 A=0x7ffffffffffffdd8
3109500: system.cpu: T0 : 0x10504    : c_slli a5, 2               : IntAlu :  D=0x0000000000000010
3110000: system.cpu: T0 : 0x10506    : c_add a5, a3               : IntAlu :  D=0x0000000000071970
3110500: system.cpu: T0 : 0x10508    : c_sw a4, 0(a5)             : MemWrite :  D=0x0000000000000009 A=0x71970
3111500: system.cpu: T0 : 0x1050a    : lw a5, -24(s0)             : MemRead :  D=0x0000000000000004 A=0x7ffffffffffffdd8
3112000: system.cpu: T0 : 0x1050e    : c_addiw a5, -1             : IntAlu :  D=0x0000000000000003
3112500: system.cpu: T0 : 0x10510    : c_addiw a5, 0              : IntAlu :  D=0x0000000000000003
3113500: system.cpu: T0 : 0x10512    : lw a4, -20(s0)             : MemRead :  D=0x0000000000000006 A=0x7ffffffffffffddc
3114500: system.cpu: T0 : 0x10516    : auipc a3, 96               : IntAlu :  D=0x0000000000070516
3115500: system.cpu: T0 : 0x1051a    : ld a3, 786(a3)             : MemRead :  D=0x0000000000071960 A=0x70828
3116000: system.cpu: T0 : 0x1051e    : c_slli a5, 2               : IntAlu :  D=0x000000000000000c
3116500: system.cpu: T0 : 0x10520    : c_add a5, a3               : IntAlu :  D=0x000000000007196c
3117000: system.cpu: T0 : 0x10522    : c_sw a4, 0(a5)             : MemWrite :  D=0x0000000000000006 A=0x7196c
3117500: system.cpu: T0 : 0x10524    : lw a5, -24(s0)             : MemRead :  D=0x0000000000000004 A=0x7ffffffffffffdd8
3118000: system.cpu: T0 : 0x10528    : c_addiw a5, -1             : IntAlu :  D=0x0000000000000003
3119000: system.cpu: T0 : 0x1052a    : sw a5, -24(s0)             : MemWrite :  D=0x0000000000000003 A=0x7ffffffffffffdd8
3120000: system.cpu: T0 : 0x1052e    : auipc a4, 96               : IntAlu :  D=0x000000000007052e
3121000: system.cpu: T0 : 0x10532    : ld a4, 762(a4)             : MemRead :  D=0x0000000000071960 A=0x70828
3122000: system.cpu: T0 : 0x10536    : lw a5, -24(s0)             : MemRead :  D=0x0000000000000003 A=0x7ffffffffffffdd8
3122500: system.cpu: T0 : 0x1053a    : c_slli a5, 2               : IntAlu :  D=0x000000000000000c
3123000: system.cpu: T0 : 0x1053c    : c_add a5, a4               : IntAlu :  D=0x000000000007196c
3123500: system.cpu: T0 : 0x1053e    : c_lw a3, 0(a5)             : MemRead :  D=0x0000000000000006 A=0x7196c
3124000: system.cpu: T0 : 0x10540    : lw a5, -24(s0)             : MemRead :  D=0x0000000000000003 A=0x7ffffffffffffdd8
3124500: system.cpu: T0 : 0x10544    : c_addiw a5, -1             : IntAlu :  D=0x0000000000000002
3125000: system.cpu: T0 : 0x10546    : c_addiw a5, 0              : IntAlu :  D=0x0000000000000002
3125500: system.cpu: T0 : 0x10548    : auipc a4, 96               : IntAlu :  D=0x0000000000070548
3126000: system.cpu: T0 : 0x1054c    : ld a4, 736(a4)             : MemRead :  D=0x0000000000071960 A=0x70828
3126500: system.cpu: T0 : 0x10550    : c_slli a5, 2               : IntAlu :  D=0x0000000000000008
3127000: system.cpu: T0 : 0x10552    : c_add a5, a4               : IntAlu :  D=0x0000000000071968
3127500: system.cpu: T0 : 0x10554    : c_lw a5, 0(a5)             : MemRead :  D=0x0000000000000008 A=0x71968
3128000: system.cpu: T0 : 0x10556    : c_mv a4, a3                : IntAlu :  D=0x0000000000000006
3128500: system.cpu: T0 : 0x10558    : bltu a4, a5, -140          : IntAlu : 
3129000: system.cpu: T0 : 0x104cc    : auipc a4, 96               : IntAlu :  D=0x00000000000704cc
3129500: system.cpu: T0 : 0x104d0    : ld a4, 860(a4)             : MemRead :  D=0x0000000000071960 A=0x70828
3130000: system.cpu: T0 : 0x104d4    : lw a5, -24(s0)             : MemRead :  D=0x0000000000000003 A=0x7ffffffffffffdd8
3130500: system.cpu: T0 : 0x104d8    : c_slli a5, 2               : IntAlu :  D=0x000000000000000c
3131000: system.cpu: T0 : 0x104da    : c_add a5, a4               : IntAlu :  D=0x000000000007196c
3131500: system.cpu: T0 : 0x104dc    : c_lw a5, 0(a5)             : MemRead :  D=0x0000000000000006 A=0x7196c
3132500: system.cpu: T0 : 0x104de    : sw a5, -20(s0)             : MemWrite :  D=0x0000000000000006 A=0x7ffffffffffffddc
3133500: system.cpu: T0 : 0x104e2    : lw a5, -24(s0)             : MemRead :  D=0x0000000000000003 A=0x7ffffffffffffdd8
3134000: system.cpu: T0 : 0x104e6    : c_addiw a5, -1             : IntAlu :  D=0x0000000000000002
3134500: system.cpu: T0 : 0x104e8    : c_addiw a5, 0              : IntAlu :  D=0x0000000000000002
3135500: system.cpu: T0 : 0x104ea    : auipc a4, 96               : IntAlu :  D=0x00000000000704ea
3136500: system.cpu: T0 : 0x104ee    : ld a4, 830(a4)             : MemRead :  D=0x0000000000071960 A=0x70828
3137000: system.cpu: T0 : 0x104f2    : c_slli a5, 2               : IntAlu :  D=0x0000000000000008
3137500: system.cpu: T0 : 0x104f4    : c_add a5, a4               : IntAlu :  D=0x0000000000071968
3138000: system.cpu: T0 : 0x104f6    : c_lw a4, 0(a5)             : MemRead :  D=0x0000000000000008 A=0x71968
3138500: system.cpu: T0 : 0x104f8    : auipc a3, 96               : IntAlu :  D=0x00000000000704f8
3139000: system.cpu: T0 : 0x104fc    : ld a3, 816(a3)             : MemRead :  D=0x0000000000071960 A=0x70828
3139500: system.cpu: T0 : 0x10500    : lw a5, -24(s0)             : MemRead :  D=0x0000000000000003 A=0x7ffffffffffffdd8
3140000: system.cpu: T0 : 0x10504    : c_slli a5, 2               : IntAlu :  D=0x000000000000000c
3140500: system.cpu: T0 : 0x10506    : c_add a5, a3               : IntAlu :  D=0x000000000007196c
3141000: system.cpu: T0 : 0x10508    : c_sw a4, 0(a5)             : MemWrite :  D=0x0000000000000008 A=0x7196c
3142000: system.cpu: T0 : 0x1050a    : lw a5, -24(s0)             : MemRead :  D=0x0000000000000003 A=0x7ffffffffffffdd8
3142500: system.cpu: T0 : 0x1050e    : c_addiw a5, -1             : IntAlu :  D=0x0000000000000002
3143000: system.cpu: T0 : 0x10510    : c_addiw a5, 0              : IntAlu :  D=0x0000000000000002
3144000: system.cpu: T0 : 0x10512    : lw a4, -20(s0)             : MemRead :  D=0x0000000000000006 A=0x7ffffffffffffddc
3145000: system.cpu: T0 : 0x10516    : auipc a3, 96               : IntAlu :  D=0x0000000000070516
3146000: system.cpu: T0 : 0x1051a    : ld a3, 786(a3)             : MemRead :  D=0x0000000000071960 A=0x70828
3146500: system.cpu: T0 : 0x1051e    : c_slli a5, 2               : IntAlu :  D=0x0000000000000008
3147000: system.cpu: T0 : 0x10520    : c_add a5, a3               : IntAlu :  D=0x0000000000071968
3147500: system.cpu: T0 : 0x10522    : c_sw a4, 0(a5)             : MemWrite :  D=0x0000000000000006 A=0x71968
3148000: system.cpu: T0 : 0x10524    : lw a5, -24(s0)             : MemRead :  D=0x0000000000000003 A=0x7ffffffffffffdd8
3148500: system.cpu: T0 : 0x10528    : c_addiw a5, -1             : IntAlu :  D=0x0000000000000002
3149500: system.cpu: T0 : 0x1052a    : sw a5, -24(s0)             : MemWrite :  D=0x0000000000000002 A=0x7ffffffffffffdd8
3150500: system.cpu: T0 : 0x1052e    : auipc a4, 96               : IntAlu :  D=0x000000000007052e
3151500: system.cpu: T0 : 0x10532    : ld a4, 762(a4)             : MemRead :  D=0x0000000000071960 A=0x70828
3152500: system.cpu: T0 : 0x10536    : lw a5, -24(s0)             : MemRead :  D=0x0000000000000002 A=0x7ffffffffffffdd8
3153000: system.cpu: T0 : 0x1053a    : c_slli a5, 2               : IntAlu :  D=0x0000000000000008
3153500: system.cpu: T0 : 0x1053c    : c_add a5, a4               : IntAlu :  D=0x0000000000071968
3154000: system.cpu: T0 : 0x1053e    : c_lw a3, 0(a5)             : MemRead :  D=0x0000000000000006 A=0x71968
3154500: system.cpu: T0 : 0x10540    : lw a5, -24(s0)             : MemRead :  D=0x0000000000000002 A=0x7ffffffffffffdd8
3155000: system.cpu: T0 : 0x10544    : c_addiw a5, -1             : IntAlu :  D=0x0000000000000001
3155500: system.cpu: T0 : 0x10546    : c_addiw a5, 0              : IntAlu :  D=0x0000000000000001
3156000: system.cpu: T0 : 0x10548    : auipc a4, 96               : IntAlu :  D=0x0000000000070548
3156500: system.cpu: T0 : 0x1054c    : ld a4, 736(a4)             : MemRead :  D=0x0000000000071960 A=0x70828
3157000: system.cpu: T0 : 0x10550    : c_slli a5, 2               : IntAlu :  D=0x0000000000000004
3157500: system.cpu: T0 : 0x10552    : c_add a5, a4               : IntAlu :  D=0x0000000000071964
3158000: system.cpu: T0 : 0x10554    : c_lw a5, 0(a5)             : MemRead :  D=0x0000000000000007 A=0x71964
3158500: system.cpu: T0 : 0x10556    : c_mv a4, a3                : IntAlu :  D=0x0000000000000006
3159000: system.cpu: T0 : 0x10558    : bltu a4, a5, -140          : IntAlu : 
3159500: system.cpu: T0 : 0x104cc    : auipc a4, 96               : IntAlu :  D=0x00000000000704cc
3160000: system.cpu: T0 : 0x104d0    : ld a4, 860(a4)             : MemRead :  D=0x0000000000071960 A=0x70828
3160500: system.cpu: T0 : 0x104d4    : lw a5, -24(s0)             : MemRead :  D=0x0000000000000002 A=0x7ffffffffffffdd8
3161000: system.cpu: T0 : 0x104d8    : c_slli a5, 2               : IntAlu :  D=0x0000000000000008
3161500: system.cpu: T0 : 0x104da    : c_add a5, a4               : IntAlu :  D=0x0000000000071968
3162000: system.cpu: T0 : 0x104dc    : c_lw a5, 0(a5)             : MemRead :  D=0x0000000000000006 A=0x71968
3163000: system.cpu: T0 : 0x104de    : sw a5, -20(s0)             : MemWrite :  D=0x0000000000000006 A=0x7ffffffffffffddc
3164000: system.cpu: T0 : 0x104e2    : lw a5, -24(s0)             : MemRead :  D=0x0000000000000002 A=0x7ffffffffffffdd8
3164500: system.cpu: T0 : 0x104e6    : c_addiw a5, -1             : IntAlu :  D=0x0000000000000001
3165000: system.cpu: T0 : 0x104e8    : c_addiw a5, 0              : IntAlu :  D=0x0000000000000001
3166000: system.cpu: T0 : 0x104ea    : auipc a4, 96               : IntAlu :  D=0x00000000000704ea
3167000: system.cpu: T0 : 0x104ee    : ld a4, 830(a4)             : MemRead :  D=0x0000000000071960 A=0x70828
3167500: system.cpu: T0 : 0x104f2    : c_slli a5, 2               : IntAlu :  D=0x0000000000000004
3168000: system.cpu: T0 : 0x104f4    : c_add a5, a4               : IntAlu :  D=0x0000000000071964
3168500: system.cpu: T0 : 0x104f6    : c_lw a4, 0(a5)             : MemRead :  D=0x0000000000000007 A=0x71964
3169000: system.cpu: T0 : 0x104f8    : auipc a3, 96               : IntAlu :  D=0x00000000000704f8
3169500: system.cpu: T0 : 0x104fc    : ld a3, 816(a3)             : MemRead :  D=0x0000000000071960 A=0x70828
3170000: system.cpu: T0 : 0x10500    : lw a5, -24(s0)             : MemRead :  D=0x0000000000000002 A=0x7ffffffffffffdd8
3170500: system.cpu: T0 : 0x10504    : c_slli a5, 2               : IntAlu :  D=0x0000000000000008
3171000: system.cpu: T0 : 0x10506    : c_add a5, a3               : IntAlu :  D=0x0000000000071968
3171500: system.cpu: T0 : 0x10508    : c_sw a4, 0(a5)             : MemWrite :  D=0x0000000000000007 A=0x71968
3172500: system.cpu: T0 : 0x1050a    : lw a5, -24(s0)             : MemRead :  D=0x0000000000000002 A=0x7ffffffffffffdd8
3173000: system.cpu: T0 : 0x1050e    : c_addiw a5, -1             : IntAlu :  D=0x0000000000000001
3173500: system.cpu: T0 : 0x10510    : c_addiw a5, 0              : IntAlu :  D=0x0000000000000001
3174500: system.cpu: T0 : 0x10512    : lw a4, -20(s0)             : MemRead :  D=0x0000000000000006 A=0x7ffffffffffffddc
3175500: system.cpu: T0 : 0x10516    : auipc a3, 96               : IntAlu :  D=0x0000000000070516
3176500: system.cpu: T0 : 0x1051a    : ld a3, 786(a3)             : MemRead :  D=0x0000000000071960 A=0x70828
3177000: system.cpu: T0 : 0x1051e    : c_slli a5, 2               : IntAlu :  D=0x0000000000000004
3177500: system.cpu: T0 : 0x10520    : c_add a5, a3               : IntAlu :  D=0x0000000000071964
3178000: system.cpu: T0 : 0x10522    : c_sw a4, 0(a5)             : MemWrite :  D=0x0000000000000006 A=0x71964
3178500: system.cpu: T0 : 0x10524    : lw a5, -24(s0)             : MemRead :  D=0x0000000000000002 A=0x7ffffffffffffdd8
3179000: system.cpu: T0 : 0x10528    : c_addiw a5, -1             : IntAlu :  D=0x0000000000000001
3180000: system.cpu: T0 : 0x1052a    : sw a5, -24(s0)             : MemWrite :  D=0x0000000000000001 A=0x7ffffffffffffdd8
3181000: system.cpu: T0 : 0x1052e    : auipc a4, 96               : IntAlu :  D=0x000000000007052e
3182000: system.cpu: T0 : 0x10532    : ld a4, 762(a4)             : MemRead :  D=0x0000000000071960 A=0x70828
3183000: system.cpu: T0 : 0x10536    : lw a5, -24(s0)             : MemRead :  D=0x0000000000000001 A=0x7ffffffffffffdd8
3183500: system.cpu: T0 : 0x1053a    : c_slli a5, 2               : IntAlu :  D=0x0000000000000004
3184000: system.cpu: T0 : 0x1053c    : c_add a5, a4               : IntAlu :  D=0x0000000000071964
3184500: system.cpu: T0 : 0x1053e    : c_lw a3, 0(a5)             : MemRead :  D=0x0000000000000006 A=0x71964
3185000: system.cpu: T0 : 0x10540    : lw a5, -24(s0)             : MemRead :  D=0x0000000000000001 A=0x7ffffffffffffdd8
3185500: system.cpu: T0 : 0x10544    : c_addiw a5, -1             : IntAlu :  D=0x0000000000000000
3186000: system.cpu: T0 : 0x10546    : c_addiw a5, 0              : IntAlu :  D=0x0000000000000000
3186500: system.cpu: T0 : 0x10548    : auipc a4, 96               : IntAlu :  D=0x0000000000070548
3187000: system.cpu: T0 : 0x1054c    : ld a4, 736(a4)             : MemRead :  D=0x0000000000071960 A=0x70828
3187500: system.cpu: T0 : 0x10550    : c_slli a5, 2               : IntAlu :  D=0x0000000000000000
3188000: system.cpu: T0 : 0x10552    : c_add a5, a4               : IntAlu :  D=0x0000000000071960
3188500: system.cpu: T0 : 0x10554    : c_lw a5, 0(a5)             : MemRead :  D=0x0000000000000000 A=0x71960
3189000: system.cpu: T0 : 0x10556    : c_mv a4, a3                : IntAlu :  D=0x0000000000000006
3189500: system.cpu: T0 : 0x10558    : bltu a4, a5, -140          : IntAlu : 
3190000: system.cpu: T0 : 0x1055c    : lw a5, -28(s0)             : MemRead :  D=0x0000000000000006 A=0x7ffffffffffffdd4
3190500: system.cpu: T0 : 0x10560    : c_addiw a5, 1              : IntAlu :  D=0x0000000000000007
3191500: system.cpu: T0 : 0x10562    : sw a5, -28(s0)             : MemWrite :  D=0x0000000000000007 A=0x7ffffffffffffdd4
3192500: system.cpu: T0 : 0x10566    : lw a5, -28(s0)             : MemRead :  D=0x0000000000000007 A=0x7ffffffffffffdd4
3193500: system.cpu: T0 : 0x1056a    : addiw a4, a5, 0            : IntAlu :  D=0x0000000000000007
3194000: system.cpu: T0 : 0x1056e    : c_li a5, 10                : IntAlu :  D=0x000000000000000a
3194500: system.cpu: T0 : 0x10570    : bge a5, a4, -174           : IntAlu : 
3195500: system.cpu: T0 : 0x104c2    : lw a5, -28(s0)             : MemRead :  D=0x0000000000000007 A=0x7ffffffffffffdd4
3196500: system.cpu: T0 : 0x104c6    : sw a5, -24(s0)             : MemWrite :  D=0x0000000000000007 A=0x7ffffffffffffdd8
3197000: system.cpu: T0 : 0x104ca    : c_j 100                    : IntAlu : 
3198000: system.cpu: T0 : 0x1052e    : auipc a4, 96               : IntAlu :  D=0x000000000007052e
3199000: system.cpu: T0 : 0x10532    : ld a4, 762(a4)             : MemRead :  D=0x0000000000071960 A=0x70828
3200000: system.cpu: T0 : 0x10536    : lw a5, -24(s0)             : MemRead :  D=0x0000000000000007 A=0x7ffffffffffffdd8
3200500: system.cpu: T0 : 0x1053a    : c_slli a5, 2               : IntAlu :  D=0x000000000000001c
3201000: system.cpu: T0 : 0x1053c    : c_add a5, a4               : IntAlu :  D=0x000000000007197c
3201500: system.cpu: T0 : 0x1053e    : c_lw a3, 0(a5)             : MemRead :  D=0x0000000000000005 A=0x7197c
3202000: system.cpu: T0 : 0x10540    : lw a5, -24(s0)             : MemRead :  D=0x0000000000000007 A=0x7ffffffffffffdd8
3202500: system.cpu: T0 : 0x10544    : c_addiw a5, -1             : IntAlu :  D=0x0000000000000006
3203000: system.cpu: T0 : 0x10546    : c_addiw a5, 0              : IntAlu :  D=0x0000000000000006
3203500: system.cpu: T0 : 0x10548    : auipc a4, 96               : IntAlu :  D=0x0000000000070548
3204000: system.cpu: T0 : 0x1054c    : ld a4, 736(a4)             : MemRead :  D=0x0000000000071960 A=0x70828
3204500: system.cpu: T0 : 0x10550    : c_slli a5, 2               : IntAlu :  D=0x0000000000000018
3205000: system.cpu: T0 : 0x10552    : c_add a5, a4               : IntAlu :  D=0x0000000000071978
3205500: system.cpu: T0 : 0x10554    : c_lw a5, 0(a5)             : MemRead :  D=0x000000000000000b A=0x71978
3206000: system.cpu: T0 : 0x10556    : c_mv a4, a3                : IntAlu :  D=0x0000000000000005
3206500: system.cpu: T0 : 0x10558    : bltu a4, a5, -140          : IntAlu : 
3207000: system.cpu: T0 : 0x104cc    : auipc a4, 96               : IntAlu :  D=0x00000000000704cc
3207500: system.cpu: T0 : 0x104d0    : ld a4, 860(a4)             : MemRead :  D=0x0000000000071960 A=0x70828
3208000: system.cpu: T0 : 0x104d4    : lw a5, -24(s0)             : MemRead :  D=0x0000000000000007 A=0x7ffffffffffffdd8
3208500: system.cpu: T0 : 0x104d8    : c_slli a5, 2               : IntAlu :  D=0x000000000000001c
3209000: system.cpu: T0 : 0x104da    : c_add a5, a4               : IntAlu :  D=0x000000000007197c
3209500: system.cpu: T0 : 0x104dc    : c_lw a5, 0(a5)             : MemRead :  D=0x0000000000000005 A=0x7197c
3210500: system.cpu: T0 : 0x104de    : sw a5, -20(s0)             : MemWrite :  D=0x0000000000000005 A=0x7ffffffffffffddc
3211500: system.cpu: T0 : 0x104e2    : lw a5, -24(s0)             : MemRead :  D=0x0000000000000007 A=0x7ffffffffffffdd8
3212000: system.cpu: T0 : 0x104e6    : c_addiw a5, -1             : IntAlu :  D=0x0000000000000006
3212500: system.cpu: T0 : 0x104e8    : c_addiw a5, 0              : IntAlu :  D=0x0000000000000006
3213500: system.cpu: T0 : 0x104ea    : auipc a4, 96               : IntAlu :  D=0x00000000000704ea
3214500: system.cpu: T0 : 0x104ee    : ld a4, 830(a4)             : MemRead :  D=0x0000000000071960 A=0x70828
3215000: system.cpu: T0 : 0x104f2    : c_slli a5, 2               : IntAlu :  D=0x0000000000000018
3215500: system.cpu: T0 : 0x104f4    : c_add a5, a4               : IntAlu :  D=0x0000000000071978
3216000: system.cpu: T0 : 0x104f6    : c_lw a4, 0(a5)             : MemRead :  D=0x000000000000000b A=0x71978
3216500: system.cpu: T0 : 0x104f8    : auipc a3, 96               : IntAlu :  D=0x00000000000704f8
3217000: system.cpu: T0 : 0x104fc    : ld a3, 816(a3)             : MemRead :  D=0x0000000000071960 A=0x70828
3217500: system.cpu: T0 : 0x10500    : lw a5, -24(s0)             : MemRead :  D=0x0000000000000007 A=0x7ffffffffffffdd8
3218000: system.cpu: T0 : 0x10504    : c_slli a5, 2               : IntAlu :  D=0x000000000000001c
3218500: system.cpu: T0 : 0x10506    : c_add a5, a3               : IntAlu :  D=0x000000000007197c
3219000: system.cpu: T0 : 0x10508    : c_sw a4, 0(a5)             : MemWrite :  D=0x000000000000000b A=0x7197c
3220000: system.cpu: T0 : 0x1050a    : lw a5, -24(s0)             : MemRead :  D=0x0000000000000007 A=0x7ffffffffffffdd8
3220500: system.cpu: T0 : 0x1050e    : c_addiw a5, -1             : IntAlu :  D=0x0000000000000006
3221000: system.cpu: T0 : 0x10510    : c_addiw a5, 0              : IntAlu :  D=0x0000000000000006
3222000: system.cpu: T0 : 0x10512    : lw a4, -20(s0)             : MemRead :  D=0x0000000000000005 A=0x7ffffffffffffddc
3223000: system.cpu: T0 : 0x10516    : auipc a3, 96               : IntAlu :  D=0x0000000000070516
3224000: system.cpu: T0 : 0x1051a    : ld a3, 786(a3)             : MemRead :  D=0x0000000000071960 A=0x70828
3224500: system.cpu: T0 : 0x1051e    : c_slli a5, 2               : IntAlu :  D=0x0000000000000018
3225000: system.cpu: T0 : 0x10520    : c_add a5, a3               : IntAlu :  D=0x0000000000071978
3225500: system.cpu: T0 : 0x10522    : c_sw a4, 0(a5)             : MemWrite :  D=0x0000000000000005 A=0x71978
3226000: system.cpu: T0 : 0x10524    : lw a5, -24(s0)             : MemRead :  D=0x0000000000000007 A=0x7ffffffffffffdd8
3226500: system.cpu: T0 : 0x10528    : c_addiw a5, -1             : IntAlu :  D=0x0000000000000006
3227500: system.cpu: T0 : 0x1052a    : sw a5, -24(s0)             : MemWrite :  D=0x0000000000000006 A=0x7ffffffffffffdd8
3228500: system.cpu: T0 : 0x1052e    : auipc a4, 96               : IntAlu :  D=0x000000000007052e
3229500: system.cpu: T0 : 0x10532    : ld a4, 762(a4)             : MemRead :  D=0x0000000000071960 A=0x70828
3230500: system.cpu: T0 : 0x10536    : lw a5, -24(s0)             : MemRead :  D=0x0000000000000006 A=0x7ffffffffffffdd8
3231000: system.cpu: T0 : 0x1053a    : c_slli a5, 2               : IntAlu :  D=0x0000000000000018
3231500: system.cpu: T0 : 0x1053c    : c_add a5, a4               : IntAlu :  D=0x0000000000071978
3232000: system.cpu: T0 : 0x1053e    : c_lw a3, 0(a5)             : MemRead :  D=0x0000000000000005 A=0x71978
3232500: system.cpu: T0 : 0x10540    : lw a5, -24(s0)             : MemRead :  D=0x0000000000000006 A=0x7ffffffffffffdd8
3233000: system.cpu: T0 : 0x10544    : c_addiw a5, -1             : IntAlu :  D=0x0000000000000005
3233500: system.cpu: T0 : 0x10546    : c_addiw a5, 0              : IntAlu :  D=0x0000000000000005
3234000: system.cpu: T0 : 0x10548    : auipc a4, 96               : IntAlu :  D=0x0000000000070548
3234500: system.cpu: T0 : 0x1054c    : ld a4, 736(a4)             : MemRead :  D=0x0000000000071960 A=0x70828
3235000: system.cpu: T0 : 0x10550    : c_slli a5, 2               : IntAlu :  D=0x0000000000000014
3235500: system.cpu: T0 : 0x10552    : c_add a5, a4               : IntAlu :  D=0x0000000000071974
3236000: system.cpu: T0 : 0x10554    : c_lw a5, 0(a5)             : MemRead :  D=0x000000000000000a A=0x71974
3236500: system.cpu: T0 : 0x10556    : c_mv a4, a3                : IntAlu :  D=0x0000000000000005
3237000: system.cpu: T0 : 0x10558    : bltu a4, a5, -140          : IntAlu : 
3237500: system.cpu: T0 : 0x104cc    : auipc a4, 96               : IntAlu :  D=0x00000000000704cc
3238000: system.cpu: T0 : 0x104d0    : ld a4, 860(a4)             : MemRead :  D=0x0000000000071960 A=0x70828
3238500: system.cpu: T0 : 0x104d4    : lw a5, -24(s0)             : MemRead :  D=0x0000000000000006 A=0x7ffffffffffffdd8
3239000: system.cpu: T0 : 0x104d8    : c_slli a5, 2               : IntAlu :  D=0x0000000000000018
3239500: system.cpu: T0 : 0x104da    : c_add a5, a4               : IntAlu :  D=0x0000000000071978
3240000: system.cpu: T0 : 0x104dc    : c_lw a5, 0(a5)             : MemRead :  D=0x0000000000000005 A=0x71978
3241000: system.cpu: T0 : 0x104de    : sw a5, -20(s0)             : MemWrite :  D=0x0000000000000005 A=0x7ffffffffffffddc
3242000: system.cpu: T0 : 0x104e2    : lw a5, -24(s0)             : MemRead :  D=0x0000000000000006 A=0x7ffffffffffffdd8
3242500: system.cpu: T0 : 0x104e6    : c_addiw a5, -1             : IntAlu :  D=0x0000000000000005
3243000: system.cpu: T0 : 0x104e8    : c_addiw a5, 0              : IntAlu :  D=0x0000000000000005
3244000: system.cpu: T0 : 0x104ea    : auipc a4, 96               : IntAlu :  D=0x00000000000704ea
3245000: system.cpu: T0 : 0x104ee    : ld a4, 830(a4)             : MemRead :  D=0x0000000000071960 A=0x70828
3245500: system.cpu: T0 : 0x104f2    : c_slli a5, 2               : IntAlu :  D=0x0000000000000014
3246000: system.cpu: T0 : 0x104f4    : c_add a5, a4               : IntAlu :  D=0x0000000000071974
3246500: system.cpu: T0 : 0x104f6    : c_lw a4, 0(a5)             : MemRead :  D=0x000000000000000a A=0x71974
3247000: system.cpu: T0 : 0x104f8    : auipc a3, 96               : IntAlu :  D=0x00000000000704f8
3247500: system.cpu: T0 : 0x104fc    : ld a3, 816(a3)             : MemRead :  D=0x0000000000071960 A=0x70828
3248000: system.cpu: T0 : 0x10500    : lw a5, -24(s0)             : MemRead :  D=0x0000000000000006 A=0x7ffffffffffffdd8
3248500: system.cpu: T0 : 0x10504    : c_slli a5, 2               : IntAlu :  D=0x0000000000000018
3249000: system.cpu: T0 : 0x10506    : c_add a5, a3               : IntAlu :  D=0x0000000000071978
3249500: system.cpu: T0 : 0x10508    : c_sw a4, 0(a5)             : MemWrite :  D=0x000000000000000a A=0x71978
3250500: system.cpu: T0 : 0x1050a    : lw a5, -24(s0)             : MemRead :  D=0x0000000000000006 A=0x7ffffffffffffdd8
3251000: system.cpu: T0 : 0x1050e    : c_addiw a5, -1             : IntAlu :  D=0x0000000000000005
3251500: system.cpu: T0 : 0x10510    : c_addiw a5, 0              : IntAlu :  D=0x0000000000000005
3252500: system.cpu: T0 : 0x10512    : lw a4, -20(s0)             : MemRead :  D=0x0000000000000005 A=0x7ffffffffffffddc
3253500: system.cpu: T0 : 0x10516    : auipc a3, 96               : IntAlu :  D=0x0000000000070516
3254500: system.cpu: T0 : 0x1051a    : ld a3, 786(a3)             : MemRead :  D=0x0000000000071960 A=0x70828
3255000: system.cpu: T0 : 0x1051e    : c_slli a5, 2               : IntAlu :  D=0x0000000000000014
3255500: system.cpu: T0 : 0x10520    : c_add a5, a3               : IntAlu :  D=0x0000000000071974
3256000: system.cpu: T0 : 0x10522    : c_sw a4, 0(a5)             : MemWrite :  D=0x0000000000000005 A=0x71974
3256500: system.cpu: T0 : 0x10524    : lw a5, -24(s0)             : MemRead :  D=0x0000000000000006 A=0x7ffffffffffffdd8
3257000: system.cpu: T0 : 0x10528    : c_addiw a5, -1             : IntAlu :  D=0x0000000000000005
3258000: system.cpu: T0 : 0x1052a    : sw a5, -24(s0)             : MemWrite :  D=0x0000000000000005 A=0x7ffffffffffffdd8
3259000: system.cpu: T0 : 0x1052e    : auipc a4, 96               : IntAlu :  D=0x000000000007052e
3260000: system.cpu: T0 : 0x10532    : ld a4, 762(a4)             : MemRead :  D=0x0000000000071960 A=0x70828
3261000: system.cpu: T0 : 0x10536    : lw a5, -24(s0)             : MemRead :  D=0x0000000000000005 A=0x7ffffffffffffdd8
3261500: system.cpu: T0 : 0x1053a    : c_slli a5, 2               : IntAlu :  D=0x0000000000000014
3262000: system.cpu: T0 : 0x1053c    : c_add a5, a4               : IntAlu :  D=0x0000000000071974
3262500: system.cpu: T0 : 0x1053e    : c_lw a3, 0(a5)             : MemRead :  D=0x0000000000000005 A=0x71974
3263000: system.cpu: T0 : 0x10540    : lw a5, -24(s0)             : MemRead :  D=0x0000000000000005 A=0x7ffffffffffffdd8
3263500: system.cpu: T0 : 0x10544    : c_addiw a5, -1             : IntAlu :  D=0x0000000000000004
3264000: system.cpu: T0 : 0x10546    : c_addiw a5, 0              : IntAlu :  D=0x0000000000000004
3264500: system.cpu: T0 : 0x10548    : auipc a4, 96               : IntAlu :  D=0x0000000000070548
3265000: system.cpu: T0 : 0x1054c    : ld a4, 736(a4)             : MemRead :  D=0x0000000000071960 A=0x70828
3265500: system.cpu: T0 : 0x10550    : c_slli a5, 2               : IntAlu :  D=0x0000000000000010
3266000: system.cpu: T0 : 0x10552    : c_add a5, a4               : IntAlu :  D=0x0000000000071970
3266500: system.cpu: T0 : 0x10554    : c_lw a5, 0(a5)             : MemRead :  D=0x0000000000000009 A=0x71970
3267000: system.cpu: T0 : 0x10556    : c_mv a4, a3                : IntAlu :  D=0x0000000000000005
3267500: system.cpu: T0 : 0x10558    : bltu a4, a5, -140          : IntAlu : 
3268000: system.cpu: T0 : 0x104cc    : auipc a4, 96               : IntAlu :  D=0x00000000000704cc
3268500: system.cpu: T0 : 0x104d0    : ld a4, 860(a4)             : MemRead :  D=0x0000000000071960 A=0x70828
3269000: system.cpu: T0 : 0x104d4    : lw a5, -24(s0)             : MemRead :  D=0x0000000000000005 A=0x7ffffffffffffdd8
3269500: system.cpu: T0 : 0x104d8    : c_slli a5, 2               : IntAlu :  D=0x0000000000000014
3270000: system.cpu: T0 : 0x104da    : c_add a5, a4               : IntAlu :  D=0x0000000000071974
3270500: system.cpu: T0 : 0x104dc    : c_lw a5, 0(a5)             : MemRead :  D=0x0000000000000005 A=0x71974
3271500: system.cpu: T0 : 0x104de    : sw a5, -20(s0)             : MemWrite :  D=0x0000000000000005 A=0x7ffffffffffffddc
3272500: system.cpu: T0 : 0x104e2    : lw a5, -24(s0)             : MemRead :  D=0x0000000000000005 A=0x7ffffffffffffdd8
3273000: system.cpu: T0 : 0x104e6    : c_addiw a5, -1             : IntAlu :  D=0x0000000000000004
3273500: system.cpu: T0 : 0x104e8    : c_addiw a5, 0              : IntAlu :  D=0x0000000000000004
3274500: system.cpu: T0 : 0x104ea    : auipc a4, 96               : IntAlu :  D=0x00000000000704ea
3275500: system.cpu: T0 : 0x104ee    : ld a4, 830(a4)             : MemRead :  D=0x0000000000071960 A=0x70828
3276000: system.cpu: T0 : 0x104f2    : c_slli a5, 2               : IntAlu :  D=0x0000000000000010
3276500: system.cpu: T0 : 0x104f4    : c_add a5, a4               : IntAlu :  D=0x0000000000071970
3277000: system.cpu: T0 : 0x104f6    : c_lw a4, 0(a5)             : MemRead :  D=0x0000000000000009 A=0x71970
3277500: system.cpu: T0 : 0x104f8    : auipc a3, 96               : IntAlu :  D=0x00000000000704f8
3278000: system.cpu: T0 : 0x104fc    : ld a3, 816(a3)             : MemRead :  D=0x0000000000071960 A=0x70828
3278500: system.cpu: T0 : 0x10500    : lw a5, -24(s0)             : MemRead :  D=0x0000000000000005 A=0x7ffffffffffffdd8
3279000: system.cpu: T0 : 0x10504    : c_slli a5, 2               : IntAlu :  D=0x0000000000000014
3279500: system.cpu: T0 : 0x10506    : c_add a5, a3               : IntAlu :  D=0x0000000000071974
3280000: system.cpu: T0 : 0x10508    : c_sw a4, 0(a5)             : MemWrite :  D=0x0000000000000009 A=0x71974
3281000: system.cpu: T0 : 0x1050a    : lw a5, -24(s0)             : MemRead :  D=0x0000000000000005 A=0x7ffffffffffffdd8
3281500: system.cpu: T0 : 0x1050e    : c_addiw a5, -1             : IntAlu :  D=0x0000000000000004
3282000: system.cpu: T0 : 0x10510    : c_addiw a5, 0              : IntAlu :  D=0x0000000000000004
3283000: system.cpu: T0 : 0x10512    : lw a4, -20(s0)             : MemRead :  D=0x0000000000000005 A=0x7ffffffffffffddc
3284000: system.cpu: T0 : 0x10516    : auipc a3, 96               : IntAlu :  D=0x0000000000070516
3285000: system.cpu: T0 : 0x1051a    : ld a3, 786(a3)             : MemRead :  D=0x0000000000071960 A=0x70828
3285500: system.cpu: T0 : 0x1051e    : c_slli a5, 2               : IntAlu :  D=0x0000000000000010
3286000: system.cpu: T0 : 0x10520    : c_add a5, a3               : IntAlu :  D=0x0000000000071970
3286500: system.cpu: T0 : 0x10522    : c_sw a4, 0(a5)             : MemWrite :  D=0x0000000000000005 A=0x71970
3287000: system.cpu: T0 : 0x10524    : lw a5, -24(s0)             : MemRead :  D=0x0000000000000005 A=0x7ffffffffffffdd8
3287500: system.cpu: T0 : 0x10528    : c_addiw a5, -1             : IntAlu :  D=0x0000000000000004
3288500: system.cpu: T0 : 0x1052a    : sw a5, -24(s0)             : MemWrite :  D=0x0000000000000004 A=0x7ffffffffffffdd8
3289500: system.cpu: T0 : 0x1052e    : auipc a4, 96               : IntAlu :  D=0x000000000007052e
3290500: system.cpu: T0 : 0x10532    : ld a4, 762(a4)             : MemRead :  D=0x0000000000071960 A=0x70828
3291500: system.cpu: T0 : 0x10536    : lw a5, -24(s0)             : MemRead :  D=0x0000000000000004 A=0x7ffffffffffffdd8
3292000: system.cpu: T0 : 0x1053a    : c_slli a5, 2               : IntAlu :  D=0x0000000000000010
3292500: system.cpu: T0 : 0x1053c    : c_add a5, a4               : IntAlu :  D=0x0000000000071970
3293000: system.cpu: T0 : 0x1053e    : c_lw a3, 0(a5)             : MemRead :  D=0x0000000000000005 A=0x71970
3293500: system.cpu: T0 : 0x10540    : lw a5, -24(s0)             : MemRead :  D=0x0000000000000004 A=0x7ffffffffffffdd8
3294000: system.cpu: T0 : 0x10544    : c_addiw a5, -1             : IntAlu :  D=0x0000000000000003
3294500: system.cpu: T0 : 0x10546    : c_addiw a5, 0              : IntAlu :  D=0x0000000000000003
3295000: system.cpu: T0 : 0x10548    : auipc a4, 96               : IntAlu :  D=0x0000000000070548
3295500: system.cpu: T0 : 0x1054c    : ld a4, 736(a4)             : MemRead :  D=0x0000000000071960 A=0x70828
3296000: system.cpu: T0 : 0x10550    : c_slli a5, 2               : IntAlu :  D=0x000000000000000c
3296500: system.cpu: T0 : 0x10552    : c_add a5, a4               : IntAlu :  D=0x000000000007196c
3297000: system.cpu: T0 : 0x10554    : c_lw a5, 0(a5)             : MemRead :  D=0x0000000000000008 A=0x7196c
3297500: system.cpu: T0 : 0x10556    : c_mv a4, a3                : IntAlu :  D=0x0000000000000005
3298000: system.cpu: T0 : 0x10558    : bltu a4, a5, -140          : IntAlu : 
3298500: system.cpu: T0 : 0x104cc    : auipc a4, 96               : IntAlu :  D=0x00000000000704cc
3299000: system.cpu: T0 : 0x104d0    : ld a4, 860(a4)             : MemRead :  D=0x0000000000071960 A=0x70828
3299500: system.cpu: T0 : 0x104d4    : lw a5, -24(s0)             : MemRead :  D=0x0000000000000004 A=0x7ffffffffffffdd8
3300000: system.cpu: T0 : 0x104d8    : c_slli a5, 2               : IntAlu :  D=0x0000000000000010
3300500: system.cpu: T0 : 0x104da    : c_add a5, a4               : IntAlu :  D=0x0000000000071970
3301000: system.cpu: T0 : 0x104dc    : c_lw a5, 0(a5)             : MemRead :  D=0x0000000000000005 A=0x71970
3302000: system.cpu: T0 : 0x104de    : sw a5, -20(s0)             : MemWrite :  D=0x0000000000000005 A=0x7ffffffffffffddc
3303000: system.cpu: T0 : 0x104e2    : lw a5, -24(s0)             : MemRead :  D=0x0000000000000004 A=0x7ffffffffffffdd8
3303500: system.cpu: T0 : 0x104e6    : c_addiw a5, -1             : IntAlu :  D=0x0000000000000003
3304000: system.cpu: T0 : 0x104e8    : c_addiw a5, 0              : IntAlu :  D=0x0000000000000003
3305000: system.cpu: T0 : 0x104ea    : auipc a4, 96               : IntAlu :  D=0x00000000000704ea
3306000: system.cpu: T0 : 0x104ee    : ld a4, 830(a4)             : MemRead :  D=0x0000000000071960 A=0x70828
3306500: system.cpu: T0 : 0x104f2    : c_slli a5, 2               : IntAlu :  D=0x000000000000000c
3307000: system.cpu: T0 : 0x104f4    : c_add a5, a4               : IntAlu :  D=0x000000000007196c
3307500: system.cpu: T0 : 0x104f6    : c_lw a4, 0(a5)             : MemRead :  D=0x0000000000000008 A=0x7196c
3308000: system.cpu: T0 : 0x104f8    : auipc a3, 96               : IntAlu :  D=0x00000000000704f8
3308500: system.cpu: T0 : 0x104fc    : ld a3, 816(a3)             : MemRead :  D=0x0000000000071960 A=0x70828
3309000: system.cpu: T0 : 0x10500    : lw a5, -24(s0)             : MemRead :  D=0x0000000000000004 A=0x7ffffffffffffdd8
3309500: system.cpu: T0 : 0x10504    : c_slli a5, 2               : IntAlu :  D=0x0000000000000010
3310000: system.cpu: T0 : 0x10506    : c_add a5, a3               : IntAlu :  D=0x0000000000071970
3310500: system.cpu: T0 : 0x10508    : c_sw a4, 0(a5)             : MemWrite :  D=0x0000000000000008 A=0x71970
3311500: system.cpu: T0 : 0x1050a    : lw a5, -24(s0)             : MemRead :  D=0x0000000000000004 A=0x7ffffffffffffdd8
3312000: system.cpu: T0 : 0x1050e    : c_addiw a5, -1             : IntAlu :  D=0x0000000000000003
3312500: system.cpu: T0 : 0x10510    : c_addiw a5, 0              : IntAlu :  D=0x0000000000000003
3313500: system.cpu: T0 : 0x10512    : lw a4, -20(s0)             : MemRead :  D=0x0000000000000005 A=0x7ffffffffffffddc
3314500: system.cpu: T0 : 0x10516    : auipc a3, 96               : IntAlu :  D=0x0000000000070516
3315500: system.cpu: T0 : 0x1051a    : ld a3, 786(a3)             : MemRead :  D=0x0000000000071960 A=0x70828
3316000: system.cpu: T0 : 0x1051e    : c_slli a5, 2               : IntAlu :  D=0x000000000000000c
3316500: system.cpu: T0 : 0x10520    : c_add a5, a3               : IntAlu :  D=0x000000000007196c
3317000: system.cpu: T0 : 0x10522    : c_sw a4, 0(a5)             : MemWrite :  D=0x0000000000000005 A=0x7196c
3317500: system.cpu: T0 : 0x10524    : lw a5, -24(s0)             : MemRead :  D=0x0000000000000004 A=0x7ffffffffffffdd8
3318000: system.cpu: T0 : 0x10528    : c_addiw a5, -1             : IntAlu :  D=0x0000000000000003
3319000: system.cpu: T0 : 0x1052a    : sw a5, -24(s0)             : MemWrite :  D=0x0000000000000003 A=0x7ffffffffffffdd8
3320000: system.cpu: T0 : 0x1052e    : auipc a4, 96               : IntAlu :  D=0x000000000007052e
3321000: system.cpu: T0 : 0x10532    : ld a4, 762(a4)             : MemRead :  D=0x0000000000071960 A=0x70828
3322000: system.cpu: T0 : 0x10536    : lw a5, -24(s0)             : MemRead :  D=0x0000000000000003 A=0x7ffffffffffffdd8
3322500: system.cpu: T0 : 0x1053a    : c_slli a5, 2               : IntAlu :  D=0x000000000000000c
3323000: system.cpu: T0 : 0x1053c    : c_add a5, a4               : IntAlu :  D=0x000000000007196c
3323500: system.cpu: T0 : 0x1053e    : c_lw a3, 0(a5)             : MemRead :  D=0x0000000000000005 A=0x7196c
3324000: system.cpu: T0 : 0x10540    : lw a5, -24(s0)             : MemRead :  D=0x0000000000000003 A=0x7ffffffffffffdd8
3324500: system.cpu: T0 : 0x10544    : c_addiw a5, -1             : IntAlu :  D=0x0000000000000002
3325000: system.cpu: T0 : 0x10546    : c_addiw a5, 0              : IntAlu :  D=0x0000000000000002
3325500: system.cpu: T0 : 0x10548    : auipc a4, 96               : IntAlu :  D=0x0000000000070548
3326000: system.cpu: T0 : 0x1054c    : ld a4, 736(a4)             : MemRead :  D=0x0000000000071960 A=0x70828
3326500: system.cpu: T0 : 0x10550    : c_slli a5, 2               : IntAlu :  D=0x0000000000000008
3327000: system.cpu: T0 : 0x10552    : c_add a5, a4               : IntAlu :  D=0x0000000000071968
3327500: system.cpu: T0 : 0x10554    : c_lw a5, 0(a5)             : MemRead :  D=0x0000000000000007 A=0x71968
3328000: system.cpu: T0 : 0x10556    : c_mv a4, a3                : IntAlu :  D=0x0000000000000005
3328500: system.cpu: T0 : 0x10558    : bltu a4, a5, -140          : IntAlu : 
3329000: system.cpu: T0 : 0x104cc    : auipc a4, 96               : IntAlu :  D=0x00000000000704cc
3329500: system.cpu: T0 : 0x104d0    : ld a4, 860(a4)             : MemRead :  D=0x0000000000071960 A=0x70828
3330000: system.cpu: T0 : 0x104d4    : lw a5, -24(s0)             : MemRead :  D=0x0000000000000003 A=0x7ffffffffffffdd8
3330500: system.cpu: T0 : 0x104d8    : c_slli a5, 2               : IntAlu :  D=0x000000000000000c
3331000: system.cpu: T0 : 0x104da    : c_add a5, a4               : IntAlu :  D=0x000000000007196c
3331500: system.cpu: T0 : 0x104dc    : c_lw a5, 0(a5)             : MemRead :  D=0x0000000000000005 A=0x7196c
3332500: system.cpu: T0 : 0x104de    : sw a5, -20(s0)             : MemWrite :  D=0x0000000000000005 A=0x7ffffffffffffddc
3333500: system.cpu: T0 : 0x104e2    : lw a5, -24(s0)             : MemRead :  D=0x0000000000000003 A=0x7ffffffffffffdd8
3334000: system.cpu: T0 : 0x104e6    : c_addiw a5, -1             : IntAlu :  D=0x0000000000000002
3334500: system.cpu: T0 : 0x104e8    : c_addiw a5, 0              : IntAlu :  D=0x0000000000000002
3335500: system.cpu: T0 : 0x104ea    : auipc a4, 96               : IntAlu :  D=0x00000000000704ea
3336500: system.cpu: T0 : 0x104ee    : ld a4, 830(a4)             : MemRead :  D=0x0000000000071960 A=0x70828
3337000: system.cpu: T0 : 0x104f2    : c_slli a5, 2               : IntAlu :  D=0x0000000000000008
3337500: system.cpu: T0 : 0x104f4    : c_add a5, a4               : IntAlu :  D=0x0000000000071968
3338000: system.cpu: T0 : 0x104f6    : c_lw a4, 0(a5)             : MemRead :  D=0x0000000000000007 A=0x71968
3338500: system.cpu: T0 : 0x104f8    : auipc a3, 96               : IntAlu :  D=0x00000000000704f8
3339000: system.cpu: T0 : 0x104fc    : ld a3, 816(a3)             : MemRead :  D=0x0000000000071960 A=0x70828
3339500: system.cpu: T0 : 0x10500    : lw a5, -24(s0)             : MemRead :  D=0x0000000000000003 A=0x7ffffffffffffdd8
3340000: system.cpu: T0 : 0x10504    : c_slli a5, 2               : IntAlu :  D=0x000000000000000c
3340500: system.cpu: T0 : 0x10506    : c_add a5, a3               : IntAlu :  D=0x000000000007196c
3341000: system.cpu: T0 : 0x10508    : c_sw a4, 0(a5)             : MemWrite :  D=0x0000000000000007 A=0x7196c
3342000: system.cpu: T0 : 0x1050a    : lw a5, -24(s0)             : MemRead :  D=0x0000000000000003 A=0x7ffffffffffffdd8
3342500: system.cpu: T0 : 0x1050e    : c_addiw a5, -1             : IntAlu :  D=0x0000000000000002
3343000: system.cpu: T0 : 0x10510    : c_addiw a5, 0              : IntAlu :  D=0x0000000000000002
3344000: system.cpu: T0 : 0x10512    : lw a4, -20(s0)             : MemRead :  D=0x0000000000000005 A=0x7ffffffffffffddc
3345000: system.cpu: T0 : 0x10516    : auipc a3, 96               : IntAlu :  D=0x0000000000070516
3346000: system.cpu: T0 : 0x1051a    : ld a3, 786(a3)             : MemRead :  D=0x0000000000071960 A=0x70828
3346500: system.cpu: T0 : 0x1051e    : c_slli a5, 2               : IntAlu :  D=0x0000000000000008
3347000: system.cpu: T0 : 0x10520    : c_add a5, a3               : IntAlu :  D=0x0000000000071968
3347500: system.cpu: T0 : 0x10522    : c_sw a4, 0(a5)             : MemWrite :  D=0x0000000000000005 A=0x71968
3348000: system.cpu: T0 : 0x10524    : lw a5, -24(s0)             : MemRead :  D=0x0000000000000003 A=0x7ffffffffffffdd8
3348500: system.cpu: T0 : 0x10528    : c_addiw a5, -1             : IntAlu :  D=0x0000000000000002
3349500: system.cpu: T0 : 0x1052a    : sw a5, -24(s0)             : MemWrite :  D=0x0000000000000002 A=0x7ffffffffffffdd8
3350500: system.cpu: T0 : 0x1052e    : auipc a4, 96               : IntAlu :  D=0x000000000007052e
3351500: system.cpu: T0 : 0x10532    : ld a4, 762(a4)             : MemRead :  D=0x0000000000071960 A=0x70828
3352500: system.cpu: T0 : 0x10536    : lw a5, -24(s0)             : MemRead :  D=0x0000000000000002 A=0x7ffffffffffffdd8
3353000: system.cpu: T0 : 0x1053a    : c_slli a5, 2               : IntAlu :  D=0x0000000000000008
3353500: system.cpu: T0 : 0x1053c    : c_add a5, a4               : IntAlu :  D=0x0000000000071968
3354000: system.cpu: T0 : 0x1053e    : c_lw a3, 0(a5)             : MemRead :  D=0x0000000000000005 A=0x71968
3354500: system.cpu: T0 : 0x10540    : lw a5, -24(s0)             : MemRead :  D=0x0000000000000002 A=0x7ffffffffffffdd8
3355000: system.cpu: T0 : 0x10544    : c_addiw a5, -1             : IntAlu :  D=0x0000000000000001
3355500: system.cpu: T0 : 0x10546    : c_addiw a5, 0              : IntAlu :  D=0x0000000000000001
3356000: system.cpu: T0 : 0x10548    : auipc a4, 96               : IntAlu :  D=0x0000000000070548
3356500: system.cpu: T0 : 0x1054c    : ld a4, 736(a4)             : MemRead :  D=0x0000000000071960 A=0x70828
3357000: system.cpu: T0 : 0x10550    : c_slli a5, 2               : IntAlu :  D=0x0000000000000004
3357500: system.cpu: T0 : 0x10552    : c_add a5, a4               : IntAlu :  D=0x0000000000071964
3358000: system.cpu: T0 : 0x10554    : c_lw a5, 0(a5)             : MemRead :  D=0x0000000000000006 A=0x71964
3358500: system.cpu: T0 : 0x10556    : c_mv a4, a3                : IntAlu :  D=0x0000000000000005
3359000: system.cpu: T0 : 0x10558    : bltu a4, a5, -140          : IntAlu : 
3359500: system.cpu: T0 : 0x104cc    : auipc a4, 96               : IntAlu :  D=0x00000000000704cc
3360000: system.cpu: T0 : 0x104d0    : ld a4, 860(a4)             : MemRead :  D=0x0000000000071960 A=0x70828
3360500: system.cpu: T0 : 0x104d4    : lw a5, -24(s0)             : MemRead :  D=0x0000000000000002 A=0x7ffffffffffffdd8
3361000: system.cpu: T0 : 0x104d8    : c_slli a5, 2               : IntAlu :  D=0x0000000000000008
3361500: system.cpu: T0 : 0x104da    : c_add a5, a4               : IntAlu :  D=0x0000000000071968
3362000: system.cpu: T0 : 0x104dc    : c_lw a5, 0(a5)             : MemRead :  D=0x0000000000000005 A=0x71968
3363000: system.cpu: T0 : 0x104de    : sw a5, -20(s0)             : MemWrite :  D=0x0000000000000005 A=0x7ffffffffffffddc
3364000: system.cpu: T0 : 0x104e2    : lw a5, -24(s0)             : MemRead :  D=0x0000000000000002 A=0x7ffffffffffffdd8
3364500: system.cpu: T0 : 0x104e6    : c_addiw a5, -1             : IntAlu :  D=0x0000000000000001
3365000: system.cpu: T0 : 0x104e8    : c_addiw a5, 0              : IntAlu :  D=0x0000000000000001
3366000: system.cpu: T0 : 0x104ea    : auipc a4, 96               : IntAlu :  D=0x00000000000704ea
3367000: system.cpu: T0 : 0x104ee    : ld a4, 830(a4)             : MemRead :  D=0x0000000000071960 A=0x70828
3367500: system.cpu: T0 : 0x104f2    : c_slli a5, 2               : IntAlu :  D=0x0000000000000004
3368000: system.cpu: T0 : 0x104f4    : c_add a5, a4               : IntAlu :  D=0x0000000000071964
3368500: system.cpu: T0 : 0x104f6    : c_lw a4, 0(a5)             : MemRead :  D=0x0000000000000006 A=0x71964
3369000: system.cpu: T0 : 0x104f8    : auipc a3, 96               : IntAlu :  D=0x00000000000704f8
3369500: system.cpu: T0 : 0x104fc    : ld a3, 816(a3)             : MemRead :  D=0x0000000000071960 A=0x70828
3370000: system.cpu: T0 : 0x10500    : lw a5, -24(s0)             : MemRead :  D=0x0000000000000002 A=0x7ffffffffffffdd8
3370500: system.cpu: T0 : 0x10504    : c_slli a5, 2               : IntAlu :  D=0x0000000000000008
3371000: system.cpu: T0 : 0x10506    : c_add a5, a3               : IntAlu :  D=0x0000000000071968
3371500: system.cpu: T0 : 0x10508    : c_sw a4, 0(a5)             : MemWrite :  D=0x0000000000000006 A=0x71968
3372500: system.cpu: T0 : 0x1050a    : lw a5, -24(s0)             : MemRead :  D=0x0000000000000002 A=0x7ffffffffffffdd8
3373000: system.cpu: T0 : 0x1050e    : c_addiw a5, -1             : IntAlu :  D=0x0000000000000001
3373500: system.cpu: T0 : 0x10510    : c_addiw a5, 0              : IntAlu :  D=0x0000000000000001
3374500: system.cpu: T0 : 0x10512    : lw a4, -20(s0)             : MemRead :  D=0x0000000000000005 A=0x7ffffffffffffddc
3375500: system.cpu: T0 : 0x10516    : auipc a3, 96               : IntAlu :  D=0x0000000000070516
3376500: system.cpu: T0 : 0x1051a    : ld a3, 786(a3)             : MemRead :  D=0x0000000000071960 A=0x70828
3377000: system.cpu: T0 : 0x1051e    : c_slli a5, 2               : IntAlu :  D=0x0000000000000004
3377500: system.cpu: T0 : 0x10520    : c_add a5, a3               : IntAlu :  D=0x0000000000071964
3378000: system.cpu: T0 : 0x10522    : c_sw a4, 0(a5)             : MemWrite :  D=0x0000000000000005 A=0x71964
3378500: system.cpu: T0 : 0x10524    : lw a5, -24(s0)             : MemRead :  D=0x0000000000000002 A=0x7ffffffffffffdd8
3379000: system.cpu: T0 : 0x10528    : c_addiw a5, -1             : IntAlu :  D=0x0000000000000001
3380000: system.cpu: T0 : 0x1052a    : sw a5, -24(s0)             : MemWrite :  D=0x0000000000000001 A=0x7ffffffffffffdd8
3381000: system.cpu: T0 : 0x1052e    : auipc a4, 96               : IntAlu :  D=0x000000000007052e
3382000: system.cpu: T0 : 0x10532    : ld a4, 762(a4)             : MemRead :  D=0x0000000000071960 A=0x70828
3383000: system.cpu: T0 : 0x10536    : lw a5, -24(s0)             : MemRead :  D=0x0000000000000001 A=0x7ffffffffffffdd8
3383500: system.cpu: T0 : 0x1053a    : c_slli a5, 2               : IntAlu :  D=0x0000000000000004
3384000: system.cpu: T0 : 0x1053c    : c_add a5, a4               : IntAlu :  D=0x0000000000071964
3384500: system.cpu: T0 : 0x1053e    : c_lw a3, 0(a5)             : MemRead :  D=0x0000000000000005 A=0x71964
3385000: system.cpu: T0 : 0x10540    : lw a5, -24(s0)             : MemRead :  D=0x0000000000000001 A=0x7ffffffffffffdd8
3385500: system.cpu: T0 : 0x10544    : c_addiw a5, -1             : IntAlu :  D=0x0000000000000000
3386000: system.cpu: T0 : 0x10546    : c_addiw a5, 0              : IntAlu :  D=0x0000000000000000
3386500: system.cpu: T0 : 0x10548    : auipc a4, 96               : IntAlu :  D=0x0000000000070548
3387000: system.cpu: T0 : 0x1054c    : ld a4, 736(a4)             : MemRead :  D=0x0000000000071960 A=0x70828
3387500: system.cpu: T0 : 0x10550    : c_slli a5, 2               : IntAlu :  D=0x0000000000000000
3388000: system.cpu: T0 : 0x10552    : c_add a5, a4               : IntAlu :  D=0x0000000000071960
3388500: system.cpu: T0 : 0x10554    : c_lw a5, 0(a5)             : MemRead :  D=0x0000000000000000 A=0x71960
3389000: system.cpu: T0 : 0x10556    : c_mv a4, a3                : IntAlu :  D=0x0000000000000005
3389500: system.cpu: T0 : 0x10558    : bltu a4, a5, -140          : IntAlu : 
3390000: system.cpu: T0 : 0x1055c    : lw a5, -28(s0)             : MemRead :  D=0x0000000000000007 A=0x7ffffffffffffdd4
3390500: system.cpu: T0 : 0x10560    : c_addiw a5, 1              : IntAlu :  D=0x0000000000000008
3391500: system.cpu: T0 : 0x10562    : sw a5, -28(s0)             : MemWrite :  D=0x0000000000000008 A=0x7ffffffffffffdd4
3392500: system.cpu: T0 : 0x10566    : lw a5, -28(s0)             : MemRead :  D=0x0000000000000008 A=0x7ffffffffffffdd4
3393500: system.cpu: T0 : 0x1056a    : addiw a4, a5, 0            : IntAlu :  D=0x0000000000000008
3394000: system.cpu: T0 : 0x1056e    : c_li a5, 10                : IntAlu :  D=0x000000000000000a
3394500: system.cpu: T0 : 0x10570    : bge a5, a4, -174           : IntAlu : 
3395500: system.cpu: T0 : 0x104c2    : lw a5, -28(s0)             : MemRead :  D=0x0000000000000008 A=0x7ffffffffffffdd4
3396500: system.cpu: T0 : 0x104c6    : sw a5, -24(s0)             : MemWrite :  D=0x0000000000000008 A=0x7ffffffffffffdd8
3397000: system.cpu: T0 : 0x104ca    : c_j 100                    : IntAlu : 
3398000: system.cpu: T0 : 0x1052e    : auipc a4, 96               : IntAlu :  D=0x000000000007052e
3399000: system.cpu: T0 : 0x10532    : ld a4, 762(a4)             : MemRead :  D=0x0000000000071960 A=0x70828
3400000: system.cpu: T0 : 0x10536    : lw a5, -24(s0)             : MemRead :  D=0x0000000000000008 A=0x7ffffffffffffdd8
3400500: system.cpu: T0 : 0x1053a    : c_slli a5, 2               : IntAlu :  D=0x0000000000000020
3401000: system.cpu: T0 : 0x1053c    : c_add a5, a4               : IntAlu :  D=0x0000000000071980
3401500: system.cpu: T0 : 0x1053e    : c_lw a3, 0(a5)             : MemRead :  D=0x0000000000000004 A=0x71980
3402000: system.cpu: T0 : 0x10540    : lw a5, -24(s0)             : MemRead :  D=0x0000000000000008 A=0x7ffffffffffffdd8
3402500: system.cpu: T0 : 0x10544    : c_addiw a5, -1             : IntAlu :  D=0x0000000000000007
3403000: system.cpu: T0 : 0x10546    : c_addiw a5, 0              : IntAlu :  D=0x0000000000000007
3403500: system.cpu: T0 : 0x10548    : auipc a4, 96               : IntAlu :  D=0x0000000000070548
3404000: system.cpu: T0 : 0x1054c    : ld a4, 736(a4)             : MemRead :  D=0x0000000000071960 A=0x70828
3404500: system.cpu: T0 : 0x10550    : c_slli a5, 2               : IntAlu :  D=0x000000000000001c
3405000: system.cpu: T0 : 0x10552    : c_add a5, a4               : IntAlu :  D=0x000000000007197c
3405500: system.cpu: T0 : 0x10554    : c_lw a5, 0(a5)             : MemRead :  D=0x000000000000000b A=0x7197c
3406000: system.cpu: T0 : 0x10556    : c_mv a4, a3                : IntAlu :  D=0x0000000000000004
3406500: system.cpu: T0 : 0x10558    : bltu a4, a5, -140          : IntAlu : 
3407000: system.cpu: T0 : 0x104cc    : auipc a4, 96               : IntAlu :  D=0x00000000000704cc
3407500: system.cpu: T0 : 0x104d0    : ld a4, 860(a4)             : MemRead :  D=0x0000000000071960 A=0x70828
3408000: system.cpu: T0 : 0x104d4    : lw a5, -24(s0)             : MemRead :  D=0x0000000000000008 A=0x7ffffffffffffdd8
3408500: system.cpu: T0 : 0x104d8    : c_slli a5, 2               : IntAlu :  D=0x0000000000000020
3409000: system.cpu: T0 : 0x104da    : c_add a5, a4               : IntAlu :  D=0x0000000000071980
3409500: system.cpu: T0 : 0x104dc    : c_lw a5, 0(a5)             : MemRead :  D=0x0000000000000004 A=0x71980
3410500: system.cpu: T0 : 0x104de    : sw a5, -20(s0)             : MemWrite :  D=0x0000000000000004 A=0x7ffffffffffffddc
3411500: system.cpu: T0 : 0x104e2    : lw a5, -24(s0)             : MemRead :  D=0x0000000000000008 A=0x7ffffffffffffdd8
3412000: system.cpu: T0 : 0x104e6    : c_addiw a5, -1             : IntAlu :  D=0x0000000000000007
3412500: system.cpu: T0 : 0x104e8    : c_addiw a5, 0              : IntAlu :  D=0x0000000000000007
3413500: system.cpu: T0 : 0x104ea    : auipc a4, 96               : IntAlu :  D=0x00000000000704ea
3414500: system.cpu: T0 : 0x104ee    : ld a4, 830(a4)             : MemRead :  D=0x0000000000071960 A=0x70828
3415000: system.cpu: T0 : 0x104f2    : c_slli a5, 2               : IntAlu :  D=0x000000000000001c
3415500: system.cpu: T0 : 0x104f4    : c_add a5, a4               : IntAlu :  D=0x000000000007197c
3416000: system.cpu: T0 : 0x104f6    : c_lw a4, 0(a5)             : MemRead :  D=0x000000000000000b A=0x7197c
3416500: system.cpu: T0 : 0x104f8    : auipc a3, 96               : IntAlu :  D=0x00000000000704f8
3417000: system.cpu: T0 : 0x104fc    : ld a3, 816(a3)             : MemRead :  D=0x0000000000071960 A=0x70828
3417500: system.cpu: T0 : 0x10500    : lw a5, -24(s0)             : MemRead :  D=0x0000000000000008 A=0x7ffffffffffffdd8
3418000: system.cpu: T0 : 0x10504    : c_slli a5, 2               : IntAlu :  D=0x0000000000000020
3418500: system.cpu: T0 : 0x10506    : c_add a5, a3               : IntAlu :  D=0x0000000000071980
3419000: system.cpu: T0 : 0x10508    : c_sw a4, 0(a5)             : MemWrite :  D=0x000000000000000b A=0x71980
3420000: system.cpu: T0 : 0x1050a    : lw a5, -24(s0)             : MemRead :  D=0x0000000000000008 A=0x7ffffffffffffdd8
3420500: system.cpu: T0 : 0x1050e    : c_addiw a5, -1             : IntAlu :  D=0x0000000000000007
3421000: system.cpu: T0 : 0x10510    : c_addiw a5, 0              : IntAlu :  D=0x0000000000000007
3422000: system.cpu: T0 : 0x10512    : lw a4, -20(s0)             : MemRead :  D=0x0000000000000004 A=0x7ffffffffffffddc
3423000: system.cpu: T0 : 0x10516    : auipc a3, 96               : IntAlu :  D=0x0000000000070516
3424000: system.cpu: T0 : 0x1051a    : ld a3, 786(a3)             : MemRead :  D=0x0000000000071960 A=0x70828
3424500: system.cpu: T0 : 0x1051e    : c_slli a5, 2               : IntAlu :  D=0x000000000000001c
3425000: system.cpu: T0 : 0x10520    : c_add a5, a3               : IntAlu :  D=0x000000000007197c
3425500: system.cpu: T0 : 0x10522    : c_sw a4, 0(a5)             : MemWrite :  D=0x0000000000000004 A=0x7197c
3426000: system.cpu: T0 : 0x10524    : lw a5, -24(s0)             : MemRead :  D=0x0000000000000008 A=0x7ffffffffffffdd8
3426500: system.cpu: T0 : 0x10528    : c_addiw a5, -1             : IntAlu :  D=0x0000000000000007
3427500: system.cpu: T0 : 0x1052a    : sw a5, -24(s0)             : MemWrite :  D=0x0000000000000007 A=0x7ffffffffffffdd8
3428500: system.cpu: T0 : 0x1052e    : auipc a4, 96               : IntAlu :  D=0x000000000007052e
3429500: system.cpu: T0 : 0x10532    : ld a4, 762(a4)             : MemRead :  D=0x0000000000071960 A=0x70828
3430500: system.cpu: T0 : 0x10536    : lw a5, -24(s0)             : MemRead :  D=0x0000000000000007 A=0x7ffffffffffffdd8
3431000: system.cpu: T0 : 0x1053a    : c_slli a5, 2               : IntAlu :  D=0x000000000000001c
3431500: system.cpu: T0 : 0x1053c    : c_add a5, a4               : IntAlu :  D=0x000000000007197c
3432000: system.cpu: T0 : 0x1053e    : c_lw a3, 0(a5)             : MemRead :  D=0x0000000000000004 A=0x7197c
3432500: system.cpu: T0 : 0x10540    : lw a5, -24(s0)             : MemRead :  D=0x0000000000000007 A=0x7ffffffffffffdd8
3433000: system.cpu: T0 : 0x10544    : c_addiw a5, -1             : IntAlu :  D=0x0000000000000006
3433500: system.cpu: T0 : 0x10546    : c_addiw a5, 0              : IntAlu :  D=0x0000000000000006
3434000: system.cpu: T0 : 0x10548    : auipc a4, 96               : IntAlu :  D=0x0000000000070548
3434500: system.cpu: T0 : 0x1054c    : ld a4, 736(a4)             : MemRead :  D=0x0000000000071960 A=0x70828
3435000: system.cpu: T0 : 0x10550    : c_slli a5, 2               : IntAlu :  D=0x0000000000000018
3435500: system.cpu: T0 : 0x10552    : c_add a5, a4               : IntAlu :  D=0x0000000000071978
3436000: system.cpu: T0 : 0x10554    : c_lw a5, 0(a5)             : MemRead :  D=0x000000000000000a A=0x71978
3436500: system.cpu: T0 : 0x10556    : c_mv a4, a3                : IntAlu :  D=0x0000000000000004
3437000: system.cpu: T0 : 0x10558    : bltu a4, a5, -140          : IntAlu : 
3437500: system.cpu: T0 : 0x104cc    : auipc a4, 96               : IntAlu :  D=0x00000000000704cc
3438000: system.cpu: T0 : 0x104d0    : ld a4, 860(a4)             : MemRead :  D=0x0000000000071960 A=0x70828
3438500: system.cpu: T0 : 0x104d4    : lw a5, -24(s0)             : MemRead :  D=0x0000000000000007 A=0x7ffffffffffffdd8
3439000: system.cpu: T0 : 0x104d8    : c_slli a5, 2               : IntAlu :  D=0x000000000000001c
3439500: system.cpu: T0 : 0x104da    : c_add a5, a4               : IntAlu :  D=0x000000000007197c
3440000: system.cpu: T0 : 0x104dc    : c_lw a5, 0(a5)             : MemRead :  D=0x0000000000000004 A=0x7197c
3441000: system.cpu: T0 : 0x104de    : sw a5, -20(s0)             : MemWrite :  D=0x0000000000000004 A=0x7ffffffffffffddc
3442000: system.cpu: T0 : 0x104e2    : lw a5, -24(s0)             : MemRead :  D=0x0000000000000007 A=0x7ffffffffffffdd8
3442500: system.cpu: T0 : 0x104e6    : c_addiw a5, -1             : IntAlu :  D=0x0000000000000006
3443000: system.cpu: T0 : 0x104e8    : c_addiw a5, 0              : IntAlu :  D=0x0000000000000006
3444000: system.cpu: T0 : 0x104ea    : auipc a4, 96               : IntAlu :  D=0x00000000000704ea
3445000: system.cpu: T0 : 0x104ee    : ld a4, 830(a4)             : MemRead :  D=0x0000000000071960 A=0x70828
3445500: system.cpu: T0 : 0x104f2    : c_slli a5, 2               : IntAlu :  D=0x0000000000000018
3446000: system.cpu: T0 : 0x104f4    : c_add a5, a4               : IntAlu :  D=0x0000000000071978
3446500: system.cpu: T0 : 0x104f6    : c_lw a4, 0(a5)             : MemRead :  D=0x000000000000000a A=0x71978
3447000: system.cpu: T0 : 0x104f8    : auipc a3, 96               : IntAlu :  D=0x00000000000704f8
3447500: system.cpu: T0 : 0x104fc    : ld a3, 816(a3)             : MemRead :  D=0x0000000000071960 A=0x70828
3448000: system.cpu: T0 : 0x10500    : lw a5, -24(s0)             : MemRead :  D=0x0000000000000007 A=0x7ffffffffffffdd8
3448500: system.cpu: T0 : 0x10504    : c_slli a5, 2               : IntAlu :  D=0x000000000000001c
3449000: system.cpu: T0 : 0x10506    : c_add a5, a3               : IntAlu :  D=0x000000000007197c
3449500: system.cpu: T0 : 0x10508    : c_sw a4, 0(a5)             : MemWrite :  D=0x000000000000000a A=0x7197c
3450500: system.cpu: T0 : 0x1050a    : lw a5, -24(s0)             : MemRead :  D=0x0000000000000007 A=0x7ffffffffffffdd8
3451000: system.cpu: T0 : 0x1050e    : c_addiw a5, -1             : IntAlu :  D=0x0000000000000006
3451500: system.cpu: T0 : 0x10510    : c_addiw a5, 0              : IntAlu :  D=0x0000000000000006
3452500: system.cpu: T0 : 0x10512    : lw a4, -20(s0)             : MemRead :  D=0x0000000000000004 A=0x7ffffffffffffddc
3453500: system.cpu: T0 : 0x10516    : auipc a3, 96               : IntAlu :  D=0x0000000000070516
3454500: system.cpu: T0 : 0x1051a    : ld a3, 786(a3)             : MemRead :  D=0x0000000000071960 A=0x70828
3455000: system.cpu: T0 : 0x1051e    : c_slli a5, 2               : IntAlu :  D=0x0000000000000018
3455500: system.cpu: T0 : 0x10520    : c_add a5, a3               : IntAlu :  D=0x0000000000071978
3456000: system.cpu: T0 : 0x10522    : c_sw a4, 0(a5)             : MemWrite :  D=0x0000000000000004 A=0x71978
3456500: system.cpu: T0 : 0x10524    : lw a5, -24(s0)             : MemRead :  D=0x0000000000000007 A=0x7ffffffffffffdd8
3457000: system.cpu: T0 : 0x10528    : c_addiw a5, -1             : IntAlu :  D=0x0000000000000006
3458000: system.cpu: T0 : 0x1052a    : sw a5, -24(s0)             : MemWrite :  D=0x0000000000000006 A=0x7ffffffffffffdd8
3459000: system.cpu: T0 : 0x1052e    : auipc a4, 96               : IntAlu :  D=0x000000000007052e
3460000: system.cpu: T0 : 0x10532    : ld a4, 762(a4)             : MemRead :  D=0x0000000000071960 A=0x70828
3461000: system.cpu: T0 : 0x10536    : lw a5, -24(s0)             : MemRead :  D=0x0000000000000006 A=0x7ffffffffffffdd8
3461500: system.cpu: T0 : 0x1053a    : c_slli a5, 2               : IntAlu :  D=0x0000000000000018
3462000: system.cpu: T0 : 0x1053c    : c_add a5, a4               : IntAlu :  D=0x0000000000071978
3462500: system.cpu: T0 : 0x1053e    : c_lw a3, 0(a5)             : MemRead :  D=0x0000000000000004 A=0x71978
3463000: system.cpu: T0 : 0x10540    : lw a5, -24(s0)             : MemRead :  D=0x0000000000000006 A=0x7ffffffffffffdd8
3463500: system.cpu: T0 : 0x10544    : c_addiw a5, -1             : IntAlu :  D=0x0000000000000005
3464000: system.cpu: T0 : 0x10546    : c_addiw a5, 0              : IntAlu :  D=0x0000000000000005
3464500: system.cpu: T0 : 0x10548    : auipc a4, 96               : IntAlu :  D=0x0000000000070548
3465000: system.cpu: T0 : 0x1054c    : ld a4, 736(a4)             : MemRead :  D=0x0000000000071960 A=0x70828
3465500: system.cpu: T0 : 0x10550    : c_slli a5, 2               : IntAlu :  D=0x0000000000000014
3466000: system.cpu: T0 : 0x10552    : c_add a5, a4               : IntAlu :  D=0x0000000000071974
3466500: system.cpu: T0 : 0x10554    : c_lw a5, 0(a5)             : MemRead :  D=0x0000000000000009 A=0x71974
3467000: system.cpu: T0 : 0x10556    : c_mv a4, a3                : IntAlu :  D=0x0000000000000004
3467500: system.cpu: T0 : 0x10558    : bltu a4, a5, -140          : IntAlu : 
3468000: system.cpu: T0 : 0x104cc    : auipc a4, 96               : IntAlu :  D=0x00000000000704cc
3468500: system.cpu: T0 : 0x104d0    : ld a4, 860(a4)             : MemRead :  D=0x0000000000071960 A=0x70828
3469000: system.cpu: T0 : 0x104d4    : lw a5, -24(s0)             : MemRead :  D=0x0000000000000006 A=0x7ffffffffffffdd8
3469500: system.cpu: T0 : 0x104d8    : c_slli a5, 2               : IntAlu :  D=0x0000000000000018
3470000: system.cpu: T0 : 0x104da    : c_add a5, a4               : IntAlu :  D=0x0000000000071978
3470500: system.cpu: T0 : 0x104dc    : c_lw a5, 0(a5)             : MemRead :  D=0x0000000000000004 A=0x71978
3471500: system.cpu: T0 : 0x104de    : sw a5, -20(s0)             : MemWrite :  D=0x0000000000000004 A=0x7ffffffffffffddc
3472500: system.cpu: T0 : 0x104e2    : lw a5, -24(s0)             : MemRead :  D=0x0000000000000006 A=0x7ffffffffffffdd8
3473000: system.cpu: T0 : 0x104e6    : c_addiw a5, -1             : IntAlu :  D=0x0000000000000005
3473500: system.cpu: T0 : 0x104e8    : c_addiw a5, 0              : IntAlu :  D=0x0000000000000005
3474500: system.cpu: T0 : 0x104ea    : auipc a4, 96               : IntAlu :  D=0x00000000000704ea
3475500: system.cpu: T0 : 0x104ee    : ld a4, 830(a4)             : MemRead :  D=0x0000000000071960 A=0x70828
3476000: system.cpu: T0 : 0x104f2    : c_slli a5, 2               : IntAlu :  D=0x0000000000000014
3476500: system.cpu: T0 : 0x104f4    : c_add a5, a4               : IntAlu :  D=0x0000000000071974
3477000: system.cpu: T0 : 0x104f6    : c_lw a4, 0(a5)             : MemRead :  D=0x0000000000000009 A=0x71974
3477500: system.cpu: T0 : 0x104f8    : auipc a3, 96               : IntAlu :  D=0x00000000000704f8
3478000: system.cpu: T0 : 0x104fc    : ld a3, 816(a3)             : MemRead :  D=0x0000000000071960 A=0x70828
3478500: system.cpu: T0 : 0x10500    : lw a5, -24(s0)             : MemRead :  D=0x0000000000000006 A=0x7ffffffffffffdd8
3479000: system.cpu: T0 : 0x10504    : c_slli a5, 2               : IntAlu :  D=0x0000000000000018
3479500: system.cpu: T0 : 0x10506    : c_add a5, a3               : IntAlu :  D=0x0000000000071978
3480000: system.cpu: T0 : 0x10508    : c_sw a4, 0(a5)             : MemWrite :  D=0x0000000000000009 A=0x71978
3481000: system.cpu: T0 : 0x1050a    : lw a5, -24(s0)             : MemRead :  D=0x0000000000000006 A=0x7ffffffffffffdd8
3481500: system.cpu: T0 : 0x1050e    : c_addiw a5, -1             : IntAlu :  D=0x0000000000000005
3482000: system.cpu: T0 : 0x10510    : c_addiw a5, 0              : IntAlu :  D=0x0000000000000005
3483000: system.cpu: T0 : 0x10512    : lw a4, -20(s0)             : MemRead :  D=0x0000000000000004 A=0x7ffffffffffffddc
3484000: system.cpu: T0 : 0x10516    : auipc a3, 96               : IntAlu :  D=0x0000000000070516
3485000: system.cpu: T0 : 0x1051a    : ld a3, 786(a3)             : MemRead :  D=0x0000000000071960 A=0x70828
3485500: system.cpu: T0 : 0x1051e    : c_slli a5, 2               : IntAlu :  D=0x0000000000000014
3486000: system.cpu: T0 : 0x10520    : c_add a5, a3               : IntAlu :  D=0x0000000000071974
3486500: system.cpu: T0 : 0x10522    : c_sw a4, 0(a5)             : MemWrite :  D=0x0000000000000004 A=0x71974
3487000: system.cpu: T0 : 0x10524    : lw a5, -24(s0)             : MemRead :  D=0x0000000000000006 A=0x7ffffffffffffdd8
3487500: system.cpu: T0 : 0x10528    : c_addiw a5, -1             : IntAlu :  D=0x0000000000000005
3488500: system.cpu: T0 : 0x1052a    : sw a5, -24(s0)             : MemWrite :  D=0x0000000000000005 A=0x7ffffffffffffdd8
3489500: system.cpu: T0 : 0x1052e    : auipc a4, 96               : IntAlu :  D=0x000000000007052e
3490500: system.cpu: T0 : 0x10532    : ld a4, 762(a4)             : MemRead :  D=0x0000000000071960 A=0x70828
3491500: system.cpu: T0 : 0x10536    : lw a5, -24(s0)             : MemRead :  D=0x0000000000000005 A=0x7ffffffffffffdd8
3492000: system.cpu: T0 : 0x1053a    : c_slli a5, 2               : IntAlu :  D=0x0000000000000014
3492500: system.cpu: T0 : 0x1053c    : c_add a5, a4               : IntAlu :  D=0x0000000000071974
3493000: system.cpu: T0 : 0x1053e    : c_lw a3, 0(a5)             : MemRead :  D=0x0000000000000004 A=0x71974
3493500: system.cpu: T0 : 0x10540    : lw a5, -24(s0)             : MemRead :  D=0x0000000000000005 A=0x7ffffffffffffdd8
3494000: system.cpu: T0 : 0x10544    : c_addiw a5, -1             : IntAlu :  D=0x0000000000000004
3494500: system.cpu: T0 : 0x10546    : c_addiw a5, 0              : IntAlu :  D=0x0000000000000004
3495000: system.cpu: T0 : 0x10548    : auipc a4, 96               : IntAlu :  D=0x0000000000070548
3495500: system.cpu: T0 : 0x1054c    : ld a4, 736(a4)             : MemRead :  D=0x0000000000071960 A=0x70828
3496000: system.cpu: T0 : 0x10550    : c_slli a5, 2               : IntAlu :  D=0x0000000000000010
3496500: system.cpu: T0 : 0x10552    : c_add a5, a4               : IntAlu :  D=0x0000000000071970
3497000: system.cpu: T0 : 0x10554    : c_lw a5, 0(a5)             : MemRead :  D=0x0000000000000008 A=0x71970
3497500: system.cpu: T0 : 0x10556    : c_mv a4, a3                : IntAlu :  D=0x0000000000000004
3498000: system.cpu: T0 : 0x10558    : bltu a4, a5, -140          : IntAlu : 
3498500: system.cpu: T0 : 0x104cc    : auipc a4, 96               : IntAlu :  D=0x00000000000704cc
3499000: system.cpu: T0 : 0x104d0    : ld a4, 860(a4)             : MemRead :  D=0x0000000000071960 A=0x70828
3499500: system.cpu: T0 : 0x104d4    : lw a5, -24(s0)             : MemRead :  D=0x0000000000000005 A=0x7ffffffffffffdd8
3500000: system.cpu: T0 : 0x104d8    : c_slli a5, 2               : IntAlu :  D=0x0000000000000014
3500500: system.cpu: T0 : 0x104da    : c_add a5, a4               : IntAlu :  D=0x0000000000071974
3501000: system.cpu: T0 : 0x104dc    : c_lw a5, 0(a5)             : MemRead :  D=0x0000000000000004 A=0x71974
3502000: system.cpu: T0 : 0x104de    : sw a5, -20(s0)             : MemWrite :  D=0x0000000000000004 A=0x7ffffffffffffddc
3503000: system.cpu: T0 : 0x104e2    : lw a5, -24(s0)             : MemRead :  D=0x0000000000000005 A=0x7ffffffffffffdd8
3503500: system.cpu: T0 : 0x104e6    : c_addiw a5, -1             : IntAlu :  D=0x0000000000000004
3504000: system.cpu: T0 : 0x104e8    : c_addiw a5, 0              : IntAlu :  D=0x0000000000000004
3505000: system.cpu: T0 : 0x104ea    : auipc a4, 96               : IntAlu :  D=0x00000000000704ea
3506000: system.cpu: T0 : 0x104ee    : ld a4, 830(a4)             : MemRead :  D=0x0000000000071960 A=0x70828
3506500: system.cpu: T0 : 0x104f2    : c_slli a5, 2               : IntAlu :  D=0x0000000000000010
3507000: system.cpu: T0 : 0x104f4    : c_add a5, a4               : IntAlu :  D=0x0000000000071970
3507500: system.cpu: T0 : 0x104f6    : c_lw a4, 0(a5)             : MemRead :  D=0x0000000000000008 A=0x71970
3508000: system.cpu: T0 : 0x104f8    : auipc a3, 96               : IntAlu :  D=0x00000000000704f8
3508500: system.cpu: T0 : 0x104fc    : ld a3, 816(a3)             : MemRead :  D=0x0000000000071960 A=0x70828
3509000: system.cpu: T0 : 0x10500    : lw a5, -24(s0)             : MemRead :  D=0x0000000000000005 A=0x7ffffffffffffdd8
3509500: system.cpu: T0 : 0x10504    : c_slli a5, 2               : IntAlu :  D=0x0000000000000014
3510000: system.cpu: T0 : 0x10506    : c_add a5, a3               : IntAlu :  D=0x0000000000071974
3510500: system.cpu: T0 : 0x10508    : c_sw a4, 0(a5)             : MemWrite :  D=0x0000000000000008 A=0x71974
3511500: system.cpu: T0 : 0x1050a    : lw a5, -24(s0)             : MemRead :  D=0x0000000000000005 A=0x7ffffffffffffdd8
3512000: system.cpu: T0 : 0x1050e    : c_addiw a5, -1             : IntAlu :  D=0x0000000000000004
3512500: system.cpu: T0 : 0x10510    : c_addiw a5, 0              : IntAlu :  D=0x0000000000000004
3513500: system.cpu: T0 : 0x10512    : lw a4, -20(s0)             : MemRead :  D=0x0000000000000004 A=0x7ffffffffffffddc
3514500: system.cpu: T0 : 0x10516    : auipc a3, 96               : IntAlu :  D=0x0000000000070516
3515500: system.cpu: T0 : 0x1051a    : ld a3, 786(a3)             : MemRead :  D=0x0000000000071960 A=0x70828
3516000: system.cpu: T0 : 0x1051e    : c_slli a5, 2               : IntAlu :  D=0x0000000000000010
3516500: system.cpu: T0 : 0x10520    : c_add a5, a3               : IntAlu :  D=0x0000000000071970
3517000: system.cpu: T0 : 0x10522    : c_sw a4, 0(a5)             : MemWrite :  D=0x0000000000000004 A=0x71970
3517500: system.cpu: T0 : 0x10524    : lw a5, -24(s0)             : MemRead :  D=0x0000000000000005 A=0x7ffffffffffffdd8
3518000: system.cpu: T0 : 0x10528    : c_addiw a5, -1             : IntAlu :  D=0x0000000000000004
3519000: system.cpu: T0 : 0x1052a    : sw a5, -24(s0)             : MemWrite :  D=0x0000000000000004 A=0x7ffffffffffffdd8
3520000: system.cpu: T0 : 0x1052e    : auipc a4, 96               : IntAlu :  D=0x000000000007052e
3521000: system.cpu: T0 : 0x10532    : ld a4, 762(a4)             : MemRead :  D=0x0000000000071960 A=0x70828
3522000: system.cpu: T0 : 0x10536    : lw a5, -24(s0)             : MemRead :  D=0x0000000000000004 A=0x7ffffffffffffdd8
3522500: system.cpu: T0 : 0x1053a    : c_slli a5, 2               : IntAlu :  D=0x0000000000000010
3523000: system.cpu: T0 : 0x1053c    : c_add a5, a4               : IntAlu :  D=0x0000000000071970
3523500: system.cpu: T0 : 0x1053e    : c_lw a3, 0(a5)             : MemRead :  D=0x0000000000000004 A=0x71970
3524000: system.cpu: T0 : 0x10540    : lw a5, -24(s0)             : MemRead :  D=0x0000000000000004 A=0x7ffffffffffffdd8
3524500: system.cpu: T0 : 0x10544    : c_addiw a5, -1             : IntAlu :  D=0x0000000000000003
3525000: system.cpu: T0 : 0x10546    : c_addiw a5, 0              : IntAlu :  D=0x0000000000000003
3525500: system.cpu: T0 : 0x10548    : auipc a4, 96               : IntAlu :  D=0x0000000000070548
3526000: system.cpu: T0 : 0x1054c    : ld a4, 736(a4)             : MemRead :  D=0x0000000000071960 A=0x70828
3526500: system.cpu: T0 : 0x10550    : c_slli a5, 2               : IntAlu :  D=0x000000000000000c
3527000: system.cpu: T0 : 0x10552    : c_add a5, a4               : IntAlu :  D=0x000000000007196c
3527500: system.cpu: T0 : 0x10554    : c_lw a5, 0(a5)             : MemRead :  D=0x0000000000000007 A=0x7196c
3528000: system.cpu: T0 : 0x10556    : c_mv a4, a3                : IntAlu :  D=0x0000000000000004
3528500: system.cpu: T0 : 0x10558    : bltu a4, a5, -140          : IntAlu : 
3529000: system.cpu: T0 : 0x104cc    : auipc a4, 96               : IntAlu :  D=0x00000000000704cc
3529500: system.cpu: T0 : 0x104d0    : ld a4, 860(a4)             : MemRead :  D=0x0000000000071960 A=0x70828
3530000: system.cpu: T0 : 0x104d4    : lw a5, -24(s0)             : MemRead :  D=0x0000000000000004 A=0x7ffffffffffffdd8
3530500: system.cpu: T0 : 0x104d8    : c_slli a5, 2               : IntAlu :  D=0x0000000000000010
3531000: system.cpu: T0 : 0x104da    : c_add a5, a4               : IntAlu :  D=0x0000000000071970
3531500: system.cpu: T0 : 0x104dc    : c_lw a5, 0(a5)             : MemRead :  D=0x0000000000000004 A=0x71970
3532500: system.cpu: T0 : 0x104de    : sw a5, -20(s0)             : MemWrite :  D=0x0000000000000004 A=0x7ffffffffffffddc
3533500: system.cpu: T0 : 0x104e2    : lw a5, -24(s0)             : MemRead :  D=0x0000000000000004 A=0x7ffffffffffffdd8
3534000: system.cpu: T0 : 0x104e6    : c_addiw a5, -1             : IntAlu :  D=0x0000000000000003
3534500: system.cpu: T0 : 0x104e8    : c_addiw a5, 0              : IntAlu :  D=0x0000000000000003
3535500: system.cpu: T0 : 0x104ea    : auipc a4, 96               : IntAlu :  D=0x00000000000704ea
3536500: system.cpu: T0 : 0x104ee    : ld a4, 830(a4)             : MemRead :  D=0x0000000000071960 A=0x70828
3537000: system.cpu: T0 : 0x104f2    : c_slli a5, 2               : IntAlu :  D=0x000000000000000c
3537500: system.cpu: T0 : 0x104f4    : c_add a5, a4               : IntAlu :  D=0x000000000007196c
3538000: system.cpu: T0 : 0x104f6    : c_lw a4, 0(a5)             : MemRead :  D=0x0000000000000007 A=0x7196c
3538500: system.cpu: T0 : 0x104f8    : auipc a3, 96               : IntAlu :  D=0x00000000000704f8
3539000: system.cpu: T0 : 0x104fc    : ld a3, 816(a3)             : MemRead :  D=0x0000000000071960 A=0x70828
3539500: system.cpu: T0 : 0x10500    : lw a5, -24(s0)             : MemRead :  D=0x0000000000000004 A=0x7ffffffffffffdd8
3540000: system.cpu: T0 : 0x10504    : c_slli a5, 2               : IntAlu :  D=0x0000000000000010
3540500: system.cpu: T0 : 0x10506    : c_add a5, a3               : IntAlu :  D=0x0000000000071970
3541000: system.cpu: T0 : 0x10508    : c_sw a4, 0(a5)             : MemWrite :  D=0x0000000000000007 A=0x71970
3542000: system.cpu: T0 : 0x1050a    : lw a5, -24(s0)             : MemRead :  D=0x0000000000000004 A=0x7ffffffffffffdd8
3542500: system.cpu: T0 : 0x1050e    : c_addiw a5, -1             : IntAlu :  D=0x0000000000000003
3543000: system.cpu: T0 : 0x10510    : c_addiw a5, 0              : IntAlu :  D=0x0000000000000003
3544000: system.cpu: T0 : 0x10512    : lw a4, -20(s0)             : MemRead :  D=0x0000000000000004 A=0x7ffffffffffffddc
3545000: system.cpu: T0 : 0x10516    : auipc a3, 96               : IntAlu :  D=0x0000000000070516
3546000: system.cpu: T0 : 0x1051a    : ld a3, 786(a3)             : MemRead :  D=0x0000000000071960 A=0x70828
3546500: system.cpu: T0 : 0x1051e    : c_slli a5, 2               : IntAlu :  D=0x000000000000000c
3547000: system.cpu: T0 : 0x10520    : c_add a5, a3               : IntAlu :  D=0x000000000007196c
3547500: system.cpu: T0 : 0x10522    : c_sw a4, 0(a5)             : MemWrite :  D=0x0000000000000004 A=0x7196c
3548000: system.cpu: T0 : 0x10524    : lw a5, -24(s0)             : MemRead :  D=0x0000000000000004 A=0x7ffffffffffffdd8
3548500: system.cpu: T0 : 0x10528    : c_addiw a5, -1             : IntAlu :  D=0x0000000000000003
3549500: system.cpu: T0 : 0x1052a    : sw a5, -24(s0)             : MemWrite :  D=0x0000000000000003 A=0x7ffffffffffffdd8
3550500: system.cpu: T0 : 0x1052e    : auipc a4, 96               : IntAlu :  D=0x000000000007052e
3551500: system.cpu: T0 : 0x10532    : ld a4, 762(a4)             : MemRead :  D=0x0000000000071960 A=0x70828
3552500: system.cpu: T0 : 0x10536    : lw a5, -24(s0)             : MemRead :  D=0x0000000000000003 A=0x7ffffffffffffdd8
3553000: system.cpu: T0 : 0x1053a    : c_slli a5, 2               : IntAlu :  D=0x000000000000000c
3553500: system.cpu: T0 : 0x1053c    : c_add a5, a4               : IntAlu :  D=0x000000000007196c
3554000: system.cpu: T0 : 0x1053e    : c_lw a3, 0(a5)             : MemRead :  D=0x0000000000000004 A=0x7196c
3554500: system.cpu: T0 : 0x10540    : lw a5, -24(s0)             : MemRead :  D=0x0000000000000003 A=0x7ffffffffffffdd8
3555000: system.cpu: T0 : 0x10544    : c_addiw a5, -1             : IntAlu :  D=0x0000000000000002
3555500: system.cpu: T0 : 0x10546    : c_addiw a5, 0              : IntAlu :  D=0x0000000000000002
3556000: system.cpu: T0 : 0x10548    : auipc a4, 96               : IntAlu :  D=0x0000000000070548
3556500: system.cpu: T0 : 0x1054c    : ld a4, 736(a4)             : MemRead :  D=0x0000000000071960 A=0x70828
3557000: system.cpu: T0 : 0x10550    : c_slli a5, 2               : IntAlu :  D=0x0000000000000008
3557500: system.cpu: T0 : 0x10552    : c_add a5, a4               : IntAlu :  D=0x0000000000071968
3558000: system.cpu: T0 : 0x10554    : c_lw a5, 0(a5)             : MemRead :  D=0x0000000000000006 A=0x71968
3558500: system.cpu: T0 : 0x10556    : c_mv a4, a3                : IntAlu :  D=0x0000000000000004
3559000: system.cpu: T0 : 0x10558    : bltu a4, a5, -140          : IntAlu : 
3559500: system.cpu: T0 : 0x104cc    : auipc a4, 96               : IntAlu :  D=0x00000000000704cc
3560000: system.cpu: T0 : 0x104d0    : ld a4, 860(a4)             : MemRead :  D=0x0000000000071960 A=0x70828
3560500: system.cpu: T0 : 0x104d4    : lw a5, -24(s0)             : MemRead :  D=0x0000000000000003 A=0x7ffffffffffffdd8
3561000: system.cpu: T0 : 0x104d8    : c_slli a5, 2               : IntAlu :  D=0x000000000000000c
3561500: system.cpu: T0 : 0x104da    : c_add a5, a4               : IntAlu :  D=0x000000000007196c
3562000: system.cpu: T0 : 0x104dc    : c_lw a5, 0(a5)             : MemRead :  D=0x0000000000000004 A=0x7196c
3563000: system.cpu: T0 : 0x104de    : sw a5, -20(s0)             : MemWrite :  D=0x0000000000000004 A=0x7ffffffffffffddc
3564000: system.cpu: T0 : 0x104e2    : lw a5, -24(s0)             : MemRead :  D=0x0000000000000003 A=0x7ffffffffffffdd8
3564500: system.cpu: T0 : 0x104e6    : c_addiw a5, -1             : IntAlu :  D=0x0000000000000002
3565000: system.cpu: T0 : 0x104e8    : c_addiw a5, 0              : IntAlu :  D=0x0000000000000002
3566000: system.cpu: T0 : 0x104ea    : auipc a4, 96               : IntAlu :  D=0x00000000000704ea
3567000: system.cpu: T0 : 0x104ee    : ld a4, 830(a4)             : MemRead :  D=0x0000000000071960 A=0x70828
3567500: system.cpu: T0 : 0x104f2    : c_slli a5, 2               : IntAlu :  D=0x0000000000000008
3568000: system.cpu: T0 : 0x104f4    : c_add a5, a4               : IntAlu :  D=0x0000000000071968
3568500: system.cpu: T0 : 0x104f6    : c_lw a4, 0(a5)             : MemRead :  D=0x0000000000000006 A=0x71968
3569000: system.cpu: T0 : 0x104f8    : auipc a3, 96               : IntAlu :  D=0x00000000000704f8
3569500: system.cpu: T0 : 0x104fc    : ld a3, 816(a3)             : MemRead :  D=0x0000000000071960 A=0x70828
3570000: system.cpu: T0 : 0x10500    : lw a5, -24(s0)             : MemRead :  D=0x0000000000000003 A=0x7ffffffffffffdd8
3570500: system.cpu: T0 : 0x10504    : c_slli a5, 2               : IntAlu :  D=0x000000000000000c
3571000: system.cpu: T0 : 0x10506    : c_add a5, a3               : IntAlu :  D=0x000000000007196c
3571500: system.cpu: T0 : 0x10508    : c_sw a4, 0(a5)             : MemWrite :  D=0x0000000000000006 A=0x7196c
3572500: system.cpu: T0 : 0x1050a    : lw a5, -24(s0)             : MemRead :  D=0x0000000000000003 A=0x7ffffffffffffdd8
3573000: system.cpu: T0 : 0x1050e    : c_addiw a5, -1             : IntAlu :  D=0x0000000000000002
3573500: system.cpu: T0 : 0x10510    : c_addiw a5, 0              : IntAlu :  D=0x0000000000000002
3574500: system.cpu: T0 : 0x10512    : lw a4, -20(s0)             : MemRead :  D=0x0000000000000004 A=0x7ffffffffffffddc
3575500: system.cpu: T0 : 0x10516    : auipc a3, 96               : IntAlu :  D=0x0000000000070516
3576500: system.cpu: T0 : 0x1051a    : ld a3, 786(a3)             : MemRead :  D=0x0000000000071960 A=0x70828
3577000: system.cpu: T0 : 0x1051e    : c_slli a5, 2               : IntAlu :  D=0x0000000000000008
3577500: system.cpu: T0 : 0x10520    : c_add a5, a3               : IntAlu :  D=0x0000000000071968
3578000: system.cpu: T0 : 0x10522    : c_sw a4, 0(a5)             : MemWrite :  D=0x0000000000000004 A=0x71968
3578500: system.cpu: T0 : 0x10524    : lw a5, -24(s0)             : MemRead :  D=0x0000000000000003 A=0x7ffffffffffffdd8
3579000: system.cpu: T0 : 0x10528    : c_addiw a5, -1             : IntAlu :  D=0x0000000000000002
3580000: system.cpu: T0 : 0x1052a    : sw a5, -24(s0)             : MemWrite :  D=0x0000000000000002 A=0x7ffffffffffffdd8
3581000: system.cpu: T0 : 0x1052e    : auipc a4, 96               : IntAlu :  D=0x000000000007052e
3582000: system.cpu: T0 : 0x10532    : ld a4, 762(a4)             : MemRead :  D=0x0000000000071960 A=0x70828
3583000: system.cpu: T0 : 0x10536    : lw a5, -24(s0)             : MemRead :  D=0x0000000000000002 A=0x7ffffffffffffdd8
3583500: system.cpu: T0 : 0x1053a    : c_slli a5, 2               : IntAlu :  D=0x0000000000000008
3584000: system.cpu: T0 : 0x1053c    : c_add a5, a4               : IntAlu :  D=0x0000000000071968
3584500: system.cpu: T0 : 0x1053e    : c_lw a3, 0(a5)             : MemRead :  D=0x0000000000000004 A=0x71968
3585000: system.cpu: T0 : 0x10540    : lw a5, -24(s0)             : MemRead :  D=0x0000000000000002 A=0x7ffffffffffffdd8
3585500: system.cpu: T0 : 0x10544    : c_addiw a5, -1             : IntAlu :  D=0x0000000000000001
3586000: system.cpu: T0 : 0x10546    : c_addiw a5, 0              : IntAlu :  D=0x0000000000000001
3586500: system.cpu: T0 : 0x10548    : auipc a4, 96               : IntAlu :  D=0x0000000000070548
3587000: system.cpu: T0 : 0x1054c    : ld a4, 736(a4)             : MemRead :  D=0x0000000000071960 A=0x70828
3587500: system.cpu: T0 : 0x10550    : c_slli a5, 2               : IntAlu :  D=0x0000000000000004
3588000: system.cpu: T0 : 0x10552    : c_add a5, a4               : IntAlu :  D=0x0000000000071964
3588500: system.cpu: T0 : 0x10554    : c_lw a5, 0(a5)             : MemRead :  D=0x0000000000000005 A=0x71964
3589000: system.cpu: T0 : 0x10556    : c_mv a4, a3                : IntAlu :  D=0x0000000000000004
3589500: system.cpu: T0 : 0x10558    : bltu a4, a5, -140          : IntAlu : 
3590000: system.cpu: T0 : 0x104cc    : auipc a4, 96               : IntAlu :  D=0x00000000000704cc
3590500: system.cpu: T0 : 0x104d0    : ld a4, 860(a4)             : MemRead :  D=0x0000000000071960 A=0x70828
3591000: system.cpu: T0 : 0x104d4    : lw a5, -24(s0)             : MemRead :  D=0x0000000000000002 A=0x7ffffffffffffdd8
3591500: system.cpu: T0 : 0x104d8    : c_slli a5, 2               : IntAlu :  D=0x0000000000000008
3592000: system.cpu: T0 : 0x104da    : c_add a5, a4               : IntAlu :  D=0x0000000000071968
3592500: system.cpu: T0 : 0x104dc    : c_lw a5, 0(a5)             : MemRead :  D=0x0000000000000004 A=0x71968
3593500: system.cpu: T0 : 0x104de    : sw a5, -20(s0)             : MemWrite :  D=0x0000000000000004 A=0x7ffffffffffffddc
3594500: system.cpu: T0 : 0x104e2    : lw a5, -24(s0)             : MemRead :  D=0x0000000000000002 A=0x7ffffffffffffdd8
3595000: system.cpu: T0 : 0x104e6    : c_addiw a5, -1             : IntAlu :  D=0x0000000000000001
3595500: system.cpu: T0 : 0x104e8    : c_addiw a5, 0              : IntAlu :  D=0x0000000000000001
3596500: system.cpu: T0 : 0x104ea    : auipc a4, 96               : IntAlu :  D=0x00000000000704ea
3597500: system.cpu: T0 : 0x104ee    : ld a4, 830(a4)             : MemRead :  D=0x0000000000071960 A=0x70828
3598000: system.cpu: T0 : 0x104f2    : c_slli a5, 2               : IntAlu :  D=0x0000000000000004
3598500: system.cpu: T0 : 0x104f4    : c_add a5, a4               : IntAlu :  D=0x0000000000071964
3599000: system.cpu: T0 : 0x104f6    : c_lw a4, 0(a5)             : MemRead :  D=0x0000000000000005 A=0x71964
3599500: system.cpu: T0 : 0x104f8    : auipc a3, 96               : IntAlu :  D=0x00000000000704f8
3600000: system.cpu: T0 : 0x104fc    : ld a3, 816(a3)             : MemRead :  D=0x0000000000071960 A=0x70828
3600500: system.cpu: T0 : 0x10500    : lw a5, -24(s0)             : MemRead :  D=0x0000000000000002 A=0x7ffffffffffffdd8
3601000: system.cpu: T0 : 0x10504    : c_slli a5, 2               : IntAlu :  D=0x0000000000000008
3601500: system.cpu: T0 : 0x10506    : c_add a5, a3               : IntAlu :  D=0x0000000000071968
3602000: system.cpu: T0 : 0x10508    : c_sw a4, 0(a5)             : MemWrite :  D=0x0000000000000005 A=0x71968
3603000: system.cpu: T0 : 0x1050a    : lw a5, -24(s0)             : MemRead :  D=0x0000000000000002 A=0x7ffffffffffffdd8
3603500: system.cpu: T0 : 0x1050e    : c_addiw a5, -1             : IntAlu :  D=0x0000000000000001
3604000: system.cpu: T0 : 0x10510    : c_addiw a5, 0              : IntAlu :  D=0x0000000000000001
3605000: system.cpu: T0 : 0x10512    : lw a4, -20(s0)             : MemRead :  D=0x0000000000000004 A=0x7ffffffffffffddc
3606000: system.cpu: T0 : 0x10516    : auipc a3, 96               : IntAlu :  D=0x0000000000070516
3607000: system.cpu: T0 : 0x1051a    : ld a3, 786(a3)             : MemRead :  D=0x0000000000071960 A=0x70828
3607500: system.cpu: T0 : 0x1051e    : c_slli a5, 2               : IntAlu :  D=0x0000000000000004
3608000: system.cpu: T0 : 0x10520    : c_add a5, a3               : IntAlu :  D=0x0000000000071964
3608500: system.cpu: T0 : 0x10522    : c_sw a4, 0(a5)             : MemWrite :  D=0x0000000000000004 A=0x71964
3609000: system.cpu: T0 : 0x10524    : lw a5, -24(s0)             : MemRead :  D=0x0000000000000002 A=0x7ffffffffffffdd8
3609500: system.cpu: T0 : 0x10528    : c_addiw a5, -1             : IntAlu :  D=0x0000000000000001
3610500: system.cpu: T0 : 0x1052a    : sw a5, -24(s0)             : MemWrite :  D=0x0000000000000001 A=0x7ffffffffffffdd8
3611500: system.cpu: T0 : 0x1052e    : auipc a4, 96               : IntAlu :  D=0x000000000007052e
3612500: system.cpu: T0 : 0x10532    : ld a4, 762(a4)             : MemRead :  D=0x0000000000071960 A=0x70828
3613500: system.cpu: T0 : 0x10536    : lw a5, -24(s0)             : MemRead :  D=0x0000000000000001 A=0x7ffffffffffffdd8
3614000: system.cpu: T0 : 0x1053a    : c_slli a5, 2               : IntAlu :  D=0x0000000000000004
3614500: system.cpu: T0 : 0x1053c    : c_add a5, a4               : IntAlu :  D=0x0000000000071964
3615000: system.cpu: T0 : 0x1053e    : c_lw a3, 0(a5)             : MemRead :  D=0x0000000000000004 A=0x71964
3615500: system.cpu: T0 : 0x10540    : lw a5, -24(s0)             : MemRead :  D=0x0000000000000001 A=0x7ffffffffffffdd8
3616000: system.cpu: T0 : 0x10544    : c_addiw a5, -1             : IntAlu :  D=0x0000000000000000
3616500: system.cpu: T0 : 0x10546    : c_addiw a5, 0              : IntAlu :  D=0x0000000000000000
3617000: system.cpu: T0 : 0x10548    : auipc a4, 96               : IntAlu :  D=0x0000000000070548
3617500: system.cpu: T0 : 0x1054c    : ld a4, 736(a4)             : MemRead :  D=0x0000000000071960 A=0x70828
3618000: system.cpu: T0 : 0x10550    : c_slli a5, 2               : IntAlu :  D=0x0000000000000000
3618500: system.cpu: T0 : 0x10552    : c_add a5, a4               : IntAlu :  D=0x0000000000071960
3619000: system.cpu: T0 : 0x10554    : c_lw a5, 0(a5)             : MemRead :  D=0x0000000000000000 A=0x71960
3619500: system.cpu: T0 : 0x10556    : c_mv a4, a3                : IntAlu :  D=0x0000000000000004
3620000: system.cpu: T0 : 0x10558    : bltu a4, a5, -140          : IntAlu : 
3620500: system.cpu: T0 : 0x1055c    : lw a5, -28(s0)             : MemRead :  D=0x0000000000000008 A=0x7ffffffffffffdd4
3621000: system.cpu: T0 : 0x10560    : c_addiw a5, 1              : IntAlu :  D=0x0000000000000009
3622000: system.cpu: T0 : 0x10562    : sw a5, -28(s0)             : MemWrite :  D=0x0000000000000009 A=0x7ffffffffffffdd4
3623000: system.cpu: T0 : 0x10566    : lw a5, -28(s0)             : MemRead :  D=0x0000000000000009 A=0x7ffffffffffffdd4
3624000: system.cpu: T0 : 0x1056a    : addiw a4, a5, 0            : IntAlu :  D=0x0000000000000009
3624500: system.cpu: T0 : 0x1056e    : c_li a5, 10                : IntAlu :  D=0x000000000000000a
3625000: system.cpu: T0 : 0x10570    : bge a5, a4, -174           : IntAlu : 
3626000: system.cpu: T0 : 0x104c2    : lw a5, -28(s0)             : MemRead :  D=0x0000000000000009 A=0x7ffffffffffffdd4
3627000: system.cpu: T0 : 0x104c6    : sw a5, -24(s0)             : MemWrite :  D=0x0000000000000009 A=0x7ffffffffffffdd8
3627500: system.cpu: T0 : 0x104ca    : c_j 100                    : IntAlu : 
3628500: system.cpu: T0 : 0x1052e    : auipc a4, 96               : IntAlu :  D=0x000000000007052e
3629500: system.cpu: T0 : 0x10532    : ld a4, 762(a4)             : MemRead :  D=0x0000000000071960 A=0x70828
3630500: system.cpu: T0 : 0x10536    : lw a5, -24(s0)             : MemRead :  D=0x0000000000000009 A=0x7ffffffffffffdd8
3631000: system.cpu: T0 : 0x1053a    : c_slli a5, 2               : IntAlu :  D=0x0000000000000024
3631500: system.cpu: T0 : 0x1053c    : c_add a5, a4               : IntAlu :  D=0x0000000000071984
3632000: system.cpu: T0 : 0x1053e    : c_lw a3, 0(a5)             : MemRead :  D=0x0000000000000003 A=0x71984
3632500: system.cpu: T0 : 0x10540    : lw a5, -24(s0)             : MemRead :  D=0x0000000000000009 A=0x7ffffffffffffdd8
3633000: system.cpu: T0 : 0x10544    : c_addiw a5, -1             : IntAlu :  D=0x0000000000000008
3633500: system.cpu: T0 : 0x10546    : c_addiw a5, 0              : IntAlu :  D=0x0000000000000008
3634000: system.cpu: T0 : 0x10548    : auipc a4, 96               : IntAlu :  D=0x0000000000070548
3634500: system.cpu: T0 : 0x1054c    : ld a4, 736(a4)             : MemRead :  D=0x0000000000071960 A=0x70828
3635000: system.cpu: T0 : 0x10550    : c_slli a5, 2               : IntAlu :  D=0x0000000000000020
3635500: system.cpu: T0 : 0x10552    : c_add a5, a4               : IntAlu :  D=0x0000000000071980
3636000: system.cpu: T0 : 0x10554    : c_lw a5, 0(a5)             : MemRead :  D=0x000000000000000b A=0x71980
3636500: system.cpu: T0 : 0x10556    : c_mv a4, a3                : IntAlu :  D=0x0000000000000003
3637000: system.cpu: T0 : 0x10558    : bltu a4, a5, -140          : IntAlu : 
3637500: system.cpu: T0 : 0x104cc    : auipc a4, 96               : IntAlu :  D=0x00000000000704cc
3638000: system.cpu: T0 : 0x104d0    : ld a4, 860(a4)             : MemRead :  D=0x0000000000071960 A=0x70828
3638500: system.cpu: T0 : 0x104d4    : lw a5, -24(s0)             : MemRead :  D=0x0000000000000009 A=0x7ffffffffffffdd8
3639000: system.cpu: T0 : 0x104d8    : c_slli a5, 2               : IntAlu :  D=0x0000000000000024
3639500: system.cpu: T0 : 0x104da    : c_add a5, a4               : IntAlu :  D=0x0000000000071984
3640000: system.cpu: T0 : 0x104dc    : c_lw a5, 0(a5)             : MemRead :  D=0x0000000000000003 A=0x71984
3641000: system.cpu: T0 : 0x104de    : sw a5, -20(s0)             : MemWrite :  D=0x0000000000000003 A=0x7ffffffffffffddc
3642000: system.cpu: T0 : 0x104e2    : lw a5, -24(s0)             : MemRead :  D=0x0000000000000009 A=0x7ffffffffffffdd8
3642500: system.cpu: T0 : 0x104e6    : c_addiw a5, -1             : IntAlu :  D=0x0000000000000008
3643000: system.cpu: T0 : 0x104e8    : c_addiw a5, 0              : IntAlu :  D=0x0000000000000008
3644000: system.cpu: T0 : 0x104ea    : auipc a4, 96               : IntAlu :  D=0x00000000000704ea
3645000: system.cpu: T0 : 0x104ee    : ld a4, 830(a4)             : MemRead :  D=0x0000000000071960 A=0x70828
3645500: system.cpu: T0 : 0x104f2    : c_slli a5, 2               : IntAlu :  D=0x0000000000000020
3646000: system.cpu: T0 : 0x104f4    : c_add a5, a4               : IntAlu :  D=0x0000000000071980
3646500: system.cpu: T0 : 0x104f6    : c_lw a4, 0(a5)             : MemRead :  D=0x000000000000000b A=0x71980
3647000: system.cpu: T0 : 0x104f8    : auipc a3, 96               : IntAlu :  D=0x00000000000704f8
3647500: system.cpu: T0 : 0x104fc    : ld a3, 816(a3)             : MemRead :  D=0x0000000000071960 A=0x70828
3648000: system.cpu: T0 : 0x10500    : lw a5, -24(s0)             : MemRead :  D=0x0000000000000009 A=0x7ffffffffffffdd8
3648500: system.cpu: T0 : 0x10504    : c_slli a5, 2               : IntAlu :  D=0x0000000000000024
3649000: system.cpu: T0 : 0x10506    : c_add a5, a3               : IntAlu :  D=0x0000000000071984
3649500: system.cpu: T0 : 0x10508    : c_sw a4, 0(a5)             : MemWrite :  D=0x000000000000000b A=0x71984
3650500: system.cpu: T0 : 0x1050a    : lw a5, -24(s0)             : MemRead :  D=0x0000000000000009 A=0x7ffffffffffffdd8
3651000: system.cpu: T0 : 0x1050e    : c_addiw a5, -1             : IntAlu :  D=0x0000000000000008
3651500: system.cpu: T0 : 0x10510    : c_addiw a5, 0              : IntAlu :  D=0x0000000000000008
3652500: system.cpu: T0 : 0x10512    : lw a4, -20(s0)             : MemRead :  D=0x0000000000000003 A=0x7ffffffffffffddc
3653500: system.cpu: T0 : 0x10516    : auipc a3, 96               : IntAlu :  D=0x0000000000070516
3654500: system.cpu: T0 : 0x1051a    : ld a3, 786(a3)             : MemRead :  D=0x0000000000071960 A=0x70828
3655000: system.cpu: T0 : 0x1051e    : c_slli a5, 2               : IntAlu :  D=0x0000000000000020
3655500: system.cpu: T0 : 0x10520    : c_add a5, a3               : IntAlu :  D=0x0000000000071980
3656000: system.cpu: T0 : 0x10522    : c_sw a4, 0(a5)             : MemWrite :  D=0x0000000000000003 A=0x71980
3656500: system.cpu: T0 : 0x10524    : lw a5, -24(s0)             : MemRead :  D=0x0000000000000009 A=0x7ffffffffffffdd8
3657000: system.cpu: T0 : 0x10528    : c_addiw a5, -1             : IntAlu :  D=0x0000000000000008
3658000: system.cpu: T0 : 0x1052a    : sw a5, -24(s0)             : MemWrite :  D=0x0000000000000008 A=0x7ffffffffffffdd8
3659000: system.cpu: T0 : 0x1052e    : auipc a4, 96               : IntAlu :  D=0x000000000007052e
3660000: system.cpu: T0 : 0x10532    : ld a4, 762(a4)             : MemRead :  D=0x0000000000071960 A=0x70828
3661000: system.cpu: T0 : 0x10536    : lw a5, -24(s0)             : MemRead :  D=0x0000000000000008 A=0x7ffffffffffffdd8
3661500: system.cpu: T0 : 0x1053a    : c_slli a5, 2               : IntAlu :  D=0x0000000000000020
3662000: system.cpu: T0 : 0x1053c    : c_add a5, a4               : IntAlu :  D=0x0000000000071980
3662500: system.cpu: T0 : 0x1053e    : c_lw a3, 0(a5)             : MemRead :  D=0x0000000000000003 A=0x71980
3663000: system.cpu: T0 : 0x10540    : lw a5, -24(s0)             : MemRead :  D=0x0000000000000008 A=0x7ffffffffffffdd8
3663500: system.cpu: T0 : 0x10544    : c_addiw a5, -1             : IntAlu :  D=0x0000000000000007
3664000: system.cpu: T0 : 0x10546    : c_addiw a5, 0              : IntAlu :  D=0x0000000000000007
3664500: system.cpu: T0 : 0x10548    : auipc a4, 96               : IntAlu :  D=0x0000000000070548
3665000: system.cpu: T0 : 0x1054c    : ld a4, 736(a4)             : MemRead :  D=0x0000000000071960 A=0x70828
3665500: system.cpu: T0 : 0x10550    : c_slli a5, 2               : IntAlu :  D=0x000000000000001c
3666000: system.cpu: T0 : 0x10552    : c_add a5, a4               : IntAlu :  D=0x000000000007197c
3666500: system.cpu: T0 : 0x10554    : c_lw a5, 0(a5)             : MemRead :  D=0x000000000000000a A=0x7197c
3667000: system.cpu: T0 : 0x10556    : c_mv a4, a3                : IntAlu :  D=0x0000000000000003
3667500: system.cpu: T0 : 0x10558    : bltu a4, a5, -140          : IntAlu : 
3668000: system.cpu: T0 : 0x104cc    : auipc a4, 96               : IntAlu :  D=0x00000000000704cc
3668500: system.cpu: T0 : 0x104d0    : ld a4, 860(a4)             : MemRead :  D=0x0000000000071960 A=0x70828
3669000: system.cpu: T0 : 0x104d4    : lw a5, -24(s0)             : MemRead :  D=0x0000000000000008 A=0x7ffffffffffffdd8
3669500: system.cpu: T0 : 0x104d8    : c_slli a5, 2               : IntAlu :  D=0x0000000000000020
3670000: system.cpu: T0 : 0x104da    : c_add a5, a4               : IntAlu :  D=0x0000000000071980
3670500: system.cpu: T0 : 0x104dc    : c_lw a5, 0(a5)             : MemRead :  D=0x0000000000000003 A=0x71980
3671500: system.cpu: T0 : 0x104de    : sw a5, -20(s0)             : MemWrite :  D=0x0000000000000003 A=0x7ffffffffffffddc
3672500: system.cpu: T0 : 0x104e2    : lw a5, -24(s0)             : MemRead :  D=0x0000000000000008 A=0x7ffffffffffffdd8
3673000: system.cpu: T0 : 0x104e6    : c_addiw a5, -1             : IntAlu :  D=0x0000000000000007
3673500: system.cpu: T0 : 0x104e8    : c_addiw a5, 0              : IntAlu :  D=0x0000000000000007
3674500: system.cpu: T0 : 0x104ea    : auipc a4, 96               : IntAlu :  D=0x00000000000704ea
3675500: system.cpu: T0 : 0x104ee    : ld a4, 830(a4)             : MemRead :  D=0x0000000000071960 A=0x70828
3676000: system.cpu: T0 : 0x104f2    : c_slli a5, 2               : IntAlu :  D=0x000000000000001c
3676500: system.cpu: T0 : 0x104f4    : c_add a5, a4               : IntAlu :  D=0x000000000007197c
3677000: system.cpu: T0 : 0x104f6    : c_lw a4, 0(a5)             : MemRead :  D=0x000000000000000a A=0x7197c
3677500: system.cpu: T0 : 0x104f8    : auipc a3, 96               : IntAlu :  D=0x00000000000704f8
3678000: system.cpu: T0 : 0x104fc    : ld a3, 816(a3)             : MemRead :  D=0x0000000000071960 A=0x70828
3678500: system.cpu: T0 : 0x10500    : lw a5, -24(s0)             : MemRead :  D=0x0000000000000008 A=0x7ffffffffffffdd8
3679000: system.cpu: T0 : 0x10504    : c_slli a5, 2               : IntAlu :  D=0x0000000000000020
3679500: system.cpu: T0 : 0x10506    : c_add a5, a3               : IntAlu :  D=0x0000000000071980
3680000: system.cpu: T0 : 0x10508    : c_sw a4, 0(a5)             : MemWrite :  D=0x000000000000000a A=0x71980
3681000: system.cpu: T0 : 0x1050a    : lw a5, -24(s0)             : MemRead :  D=0x0000000000000008 A=0x7ffffffffffffdd8
3681500: system.cpu: T0 : 0x1050e    : c_addiw a5, -1             : IntAlu :  D=0x0000000000000007
3682000: system.cpu: T0 : 0x10510    : c_addiw a5, 0              : IntAlu :  D=0x0000000000000007
3683000: system.cpu: T0 : 0x10512    : lw a4, -20(s0)             : MemRead :  D=0x0000000000000003 A=0x7ffffffffffffddc
3684000: system.cpu: T0 : 0x10516    : auipc a3, 96               : IntAlu :  D=0x0000000000070516
3685000: system.cpu: T0 : 0x1051a    : ld a3, 786(a3)             : MemRead :  D=0x0000000000071960 A=0x70828
3685500: system.cpu: T0 : 0x1051e    : c_slli a5, 2               : IntAlu :  D=0x000000000000001c
3686000: system.cpu: T0 : 0x10520    : c_add a5, a3               : IntAlu :  D=0x000000000007197c
3686500: system.cpu: T0 : 0x10522    : c_sw a4, 0(a5)             : MemWrite :  D=0x0000000000000003 A=0x7197c
3687000: system.cpu: T0 : 0x10524    : lw a5, -24(s0)             : MemRead :  D=0x0000000000000008 A=0x7ffffffffffffdd8
3687500: system.cpu: T0 : 0x10528    : c_addiw a5, -1             : IntAlu :  D=0x0000000000000007
3688500: system.cpu: T0 : 0x1052a    : sw a5, -24(s0)             : MemWrite :  D=0x0000000000000007 A=0x7ffffffffffffdd8
3689500: system.cpu: T0 : 0x1052e    : auipc a4, 96               : IntAlu :  D=0x000000000007052e
3690500: system.cpu: T0 : 0x10532    : ld a4, 762(a4)             : MemRead :  D=0x0000000000071960 A=0x70828
3691500: system.cpu: T0 : 0x10536    : lw a5, -24(s0)             : MemRead :  D=0x0000000000000007 A=0x7ffffffffffffdd8
3692000: system.cpu: T0 : 0x1053a    : c_slli a5, 2               : IntAlu :  D=0x000000000000001c
3692500: system.cpu: T0 : 0x1053c    : c_add a5, a4               : IntAlu :  D=0x000000000007197c
3693000: system.cpu: T0 : 0x1053e    : c_lw a3, 0(a5)             : MemRead :  D=0x0000000000000003 A=0x7197c
3693500: system.cpu: T0 : 0x10540    : lw a5, -24(s0)             : MemRead :  D=0x0000000000000007 A=0x7ffffffffffffdd8
3694000: system.cpu: T0 : 0x10544    : c_addiw a5, -1             : IntAlu :  D=0x0000000000000006
3694500: system.cpu: T0 : 0x10546    : c_addiw a5, 0              : IntAlu :  D=0x0000000000000006
3695000: system.cpu: T0 : 0x10548    : auipc a4, 96               : IntAlu :  D=0x0000000000070548
3695500: system.cpu: T0 : 0x1054c    : ld a4, 736(a4)             : MemRead :  D=0x0000000000071960 A=0x70828
3696000: system.cpu: T0 : 0x10550    : c_slli a5, 2               : IntAlu :  D=0x0000000000000018
3696500: system.cpu: T0 : 0x10552    : c_add a5, a4               : IntAlu :  D=0x0000000000071978
3697000: system.cpu: T0 : 0x10554    : c_lw a5, 0(a5)             : MemRead :  D=0x0000000000000009 A=0x71978
3697500: system.cpu: T0 : 0x10556    : c_mv a4, a3                : IntAlu :  D=0x0000000000000003
3698000: system.cpu: T0 : 0x10558    : bltu a4, a5, -140          : IntAlu : 
3698500: system.cpu: T0 : 0x104cc    : auipc a4, 96               : IntAlu :  D=0x00000000000704cc
3699000: system.cpu: T0 : 0x104d0    : ld a4, 860(a4)             : MemRead :  D=0x0000000000071960 A=0x70828
3699500: system.cpu: T0 : 0x104d4    : lw a5, -24(s0)             : MemRead :  D=0x0000000000000007 A=0x7ffffffffffffdd8
3700000: system.cpu: T0 : 0x104d8    : c_slli a5, 2               : IntAlu :  D=0x000000000000001c
3700500: system.cpu: T0 : 0x104da    : c_add a5, a4               : IntAlu :  D=0x000000000007197c
3701000: system.cpu: T0 : 0x104dc    : c_lw a5, 0(a5)             : MemRead :  D=0x0000000000000003 A=0x7197c
3702000: system.cpu: T0 : 0x104de    : sw a5, -20(s0)             : MemWrite :  D=0x0000000000000003 A=0x7ffffffffffffddc
3703000: system.cpu: T0 : 0x104e2    : lw a5, -24(s0)             : MemRead :  D=0x0000000000000007 A=0x7ffffffffffffdd8
3703500: system.cpu: T0 : 0x104e6    : c_addiw a5, -1             : IntAlu :  D=0x0000000000000006
3704000: system.cpu: T0 : 0x104e8    : c_addiw a5, 0              : IntAlu :  D=0x0000000000000006
3705000: system.cpu: T0 : 0x104ea    : auipc a4, 96               : IntAlu :  D=0x00000000000704ea
3706000: system.cpu: T0 : 0x104ee    : ld a4, 830(a4)             : MemRead :  D=0x0000000000071960 A=0x70828
3706500: system.cpu: T0 : 0x104f2    : c_slli a5, 2               : IntAlu :  D=0x0000000000000018
3707000: system.cpu: T0 : 0x104f4    : c_add a5, a4               : IntAlu :  D=0x0000000000071978
3707500: system.cpu: T0 : 0x104f6    : c_lw a4, 0(a5)             : MemRead :  D=0x0000000000000009 A=0x71978
3708000: system.cpu: T0 : 0x104f8    : auipc a3, 96               : IntAlu :  D=0x00000000000704f8
3708500: system.cpu: T0 : 0x104fc    : ld a3, 816(a3)             : MemRead :  D=0x0000000000071960 A=0x70828
3709000: system.cpu: T0 : 0x10500    : lw a5, -24(s0)             : MemRead :  D=0x0000000000000007 A=0x7ffffffffffffdd8
3709500: system.cpu: T0 : 0x10504    : c_slli a5, 2               : IntAlu :  D=0x000000000000001c
3710000: system.cpu: T0 : 0x10506    : c_add a5, a3               : IntAlu :  D=0x000000000007197c
3710500: system.cpu: T0 : 0x10508    : c_sw a4, 0(a5)             : MemWrite :  D=0x0000000000000009 A=0x7197c
3711500: system.cpu: T0 : 0x1050a    : lw a5, -24(s0)             : MemRead :  D=0x0000000000000007 A=0x7ffffffffffffdd8
3712000: system.cpu: T0 : 0x1050e    : c_addiw a5, -1             : IntAlu :  D=0x0000000000000006
3712500: system.cpu: T0 : 0x10510    : c_addiw a5, 0              : IntAlu :  D=0x0000000000000006
3713500: system.cpu: T0 : 0x10512    : lw a4, -20(s0)             : MemRead :  D=0x0000000000000003 A=0x7ffffffffffffddc
3714500: system.cpu: T0 : 0x10516    : auipc a3, 96               : IntAlu :  D=0x0000000000070516
3715500: system.cpu: T0 : 0x1051a    : ld a3, 786(a3)             : MemRead :  D=0x0000000000071960 A=0x70828
3716000: system.cpu: T0 : 0x1051e    : c_slli a5, 2               : IntAlu :  D=0x0000000000000018
3716500: system.cpu: T0 : 0x10520    : c_add a5, a3               : IntAlu :  D=0x0000000000071978
3717000: system.cpu: T0 : 0x10522    : c_sw a4, 0(a5)             : MemWrite :  D=0x0000000000000003 A=0x71978
3717500: system.cpu: T0 : 0x10524    : lw a5, -24(s0)             : MemRead :  D=0x0000000000000007 A=0x7ffffffffffffdd8
3718000: system.cpu: T0 : 0x10528    : c_addiw a5, -1             : IntAlu :  D=0x0000000000000006
3719000: system.cpu: T0 : 0x1052a    : sw a5, -24(s0)             : MemWrite :  D=0x0000000000000006 A=0x7ffffffffffffdd8
3720000: system.cpu: T0 : 0x1052e    : auipc a4, 96               : IntAlu :  D=0x000000000007052e
3721000: system.cpu: T0 : 0x10532    : ld a4, 762(a4)             : MemRead :  D=0x0000000000071960 A=0x70828
3722000: system.cpu: T0 : 0x10536    : lw a5, -24(s0)             : MemRead :  D=0x0000000000000006 A=0x7ffffffffffffdd8
3722500: system.cpu: T0 : 0x1053a    : c_slli a5, 2               : IntAlu :  D=0x0000000000000018
3723000: system.cpu: T0 : 0x1053c    : c_add a5, a4               : IntAlu :  D=0x0000000000071978
3723500: system.cpu: T0 : 0x1053e    : c_lw a3, 0(a5)             : MemRead :  D=0x0000000000000003 A=0x71978
3724000: system.cpu: T0 : 0x10540    : lw a5, -24(s0)             : MemRead :  D=0x0000000000000006 A=0x7ffffffffffffdd8
3724500: system.cpu: T0 : 0x10544    : c_addiw a5, -1             : IntAlu :  D=0x0000000000000005
3725000: system.cpu: T0 : 0x10546    : c_addiw a5, 0              : IntAlu :  D=0x0000000000000005
3725500: system.cpu: T0 : 0x10548    : auipc a4, 96               : IntAlu :  D=0x0000000000070548
3726000: system.cpu: T0 : 0x1054c    : ld a4, 736(a4)             : MemRead :  D=0x0000000000071960 A=0x70828
3726500: system.cpu: T0 : 0x10550    : c_slli a5, 2               : IntAlu :  D=0x0000000000000014
3727000: system.cpu: T0 : 0x10552    : c_add a5, a4               : IntAlu :  D=0x0000000000071974
3727500: system.cpu: T0 : 0x10554    : c_lw a5, 0(a5)             : MemRead :  D=0x0000000000000008 A=0x71974
3728000: system.cpu: T0 : 0x10556    : c_mv a4, a3                : IntAlu :  D=0x0000000000000003
3728500: system.cpu: T0 : 0x10558    : bltu a4, a5, -140          : IntAlu : 
3729000: system.cpu: T0 : 0x104cc    : auipc a4, 96               : IntAlu :  D=0x00000000000704cc
3729500: system.cpu: T0 : 0x104d0    : ld a4, 860(a4)             : MemRead :  D=0x0000000000071960 A=0x70828
3730000: system.cpu: T0 : 0x104d4    : lw a5, -24(s0)             : MemRead :  D=0x0000000000000006 A=0x7ffffffffffffdd8
3730500: system.cpu: T0 : 0x104d8    : c_slli a5, 2               : IntAlu :  D=0x0000000000000018
3731000: system.cpu: T0 : 0x104da    : c_add a5, a4               : IntAlu :  D=0x0000000000071978
3731500: system.cpu: T0 : 0x104dc    : c_lw a5, 0(a5)             : MemRead :  D=0x0000000000000003 A=0x71978
3732500: system.cpu: T0 : 0x104de    : sw a5, -20(s0)             : MemWrite :  D=0x0000000000000003 A=0x7ffffffffffffddc
3733500: system.cpu: T0 : 0x104e2    : lw a5, -24(s0)             : MemRead :  D=0x0000000000000006 A=0x7ffffffffffffdd8
3734000: system.cpu: T0 : 0x104e6    : c_addiw a5, -1             : IntAlu :  D=0x0000000000000005
3734500: system.cpu: T0 : 0x104e8    : c_addiw a5, 0              : IntAlu :  D=0x0000000000000005
3735500: system.cpu: T0 : 0x104ea    : auipc a4, 96               : IntAlu :  D=0x00000000000704ea
3736500: system.cpu: T0 : 0x104ee    : ld a4, 830(a4)             : MemRead :  D=0x0000000000071960 A=0x70828
3737000: system.cpu: T0 : 0x104f2    : c_slli a5, 2               : IntAlu :  D=0x0000000000000014
3737500: system.cpu: T0 : 0x104f4    : c_add a5, a4               : IntAlu :  D=0x0000000000071974
3738000: system.cpu: T0 : 0x104f6    : c_lw a4, 0(a5)             : MemRead :  D=0x0000000000000008 A=0x71974
3738500: system.cpu: T0 : 0x104f8    : auipc a3, 96               : IntAlu :  D=0x00000000000704f8
3739000: system.cpu: T0 : 0x104fc    : ld a3, 816(a3)             : MemRead :  D=0x0000000000071960 A=0x70828
3739500: system.cpu: T0 : 0x10500    : lw a5, -24(s0)             : MemRead :  D=0x0000000000000006 A=0x7ffffffffffffdd8
3740000: system.cpu: T0 : 0x10504    : c_slli a5, 2               : IntAlu :  D=0x0000000000000018
3740500: system.cpu: T0 : 0x10506    : c_add a5, a3               : IntAlu :  D=0x0000000000071978
3741000: system.cpu: T0 : 0x10508    : c_sw a4, 0(a5)             : MemWrite :  D=0x0000000000000008 A=0x71978
3742000: system.cpu: T0 : 0x1050a    : lw a5, -24(s0)             : MemRead :  D=0x0000000000000006 A=0x7ffffffffffffdd8
3742500: system.cpu: T0 : 0x1050e    : c_addiw a5, -1             : IntAlu :  D=0x0000000000000005
3743000: system.cpu: T0 : 0x10510    : c_addiw a5, 0              : IntAlu :  D=0x0000000000000005
3744000: system.cpu: T0 : 0x10512    : lw a4, -20(s0)             : MemRead :  D=0x0000000000000003 A=0x7ffffffffffffddc
3745000: system.cpu: T0 : 0x10516    : auipc a3, 96               : IntAlu :  D=0x0000000000070516
3746000: system.cpu: T0 : 0x1051a    : ld a3, 786(a3)             : MemRead :  D=0x0000000000071960 A=0x70828
3746500: system.cpu: T0 : 0x1051e    : c_slli a5, 2               : IntAlu :  D=0x0000000000000014
3747000: system.cpu: T0 : 0x10520    : c_add a5, a3               : IntAlu :  D=0x0000000000071974
3747500: system.cpu: T0 : 0x10522    : c_sw a4, 0(a5)             : MemWrite :  D=0x0000000000000003 A=0x71974
3748000: system.cpu: T0 : 0x10524    : lw a5, -24(s0)             : MemRead :  D=0x0000000000000006 A=0x7ffffffffffffdd8
3748500: system.cpu: T0 : 0x10528    : c_addiw a5, -1             : IntAlu :  D=0x0000000000000005
3749500: system.cpu: T0 : 0x1052a    : sw a5, -24(s0)             : MemWrite :  D=0x0000000000000005 A=0x7ffffffffffffdd8
3750500: system.cpu: T0 : 0x1052e    : auipc a4, 96               : IntAlu :  D=0x000000000007052e
3751500: system.cpu: T0 : 0x10532    : ld a4, 762(a4)             : MemRead :  D=0x0000000000071960 A=0x70828
3752500: system.cpu: T0 : 0x10536    : lw a5, -24(s0)             : MemRead :  D=0x0000000000000005 A=0x7ffffffffffffdd8
3753000: system.cpu: T0 : 0x1053a    : c_slli a5, 2               : IntAlu :  D=0x0000000000000014
3753500: system.cpu: T0 : 0x1053c    : c_add a5, a4               : IntAlu :  D=0x0000000000071974
3754000: system.cpu: T0 : 0x1053e    : c_lw a3, 0(a5)             : MemRead :  D=0x0000000000000003 A=0x71974
3754500: system.cpu: T0 : 0x10540    : lw a5, -24(s0)             : MemRead :  D=0x0000000000000005 A=0x7ffffffffffffdd8
3755000: system.cpu: T0 : 0x10544    : c_addiw a5, -1             : IntAlu :  D=0x0000000000000004
3755500: system.cpu: T0 : 0x10546    : c_addiw a5, 0              : IntAlu :  D=0x0000000000000004
3756000: system.cpu: T0 : 0x10548    : auipc a4, 96               : IntAlu :  D=0x0000000000070548
3756500: system.cpu: T0 : 0x1054c    : ld a4, 736(a4)             : MemRead :  D=0x0000000000071960 A=0x70828
3757000: system.cpu: T0 : 0x10550    : c_slli a5, 2               : IntAlu :  D=0x0000000000000010
3757500: system.cpu: T0 : 0x10552    : c_add a5, a4               : IntAlu :  D=0x0000000000071970
3758000: system.cpu: T0 : 0x10554    : c_lw a5, 0(a5)             : MemRead :  D=0x0000000000000007 A=0x71970
3758500: system.cpu: T0 : 0x10556    : c_mv a4, a3                : IntAlu :  D=0x0000000000000003
3759000: system.cpu: T0 : 0x10558    : bltu a4, a5, -140          : IntAlu : 
3759500: system.cpu: T0 : 0x104cc    : auipc a4, 96               : IntAlu :  D=0x00000000000704cc
3760000: system.cpu: T0 : 0x104d0    : ld a4, 860(a4)             : MemRead :  D=0x0000000000071960 A=0x70828
3760500: system.cpu: T0 : 0x104d4    : lw a5, -24(s0)             : MemRead :  D=0x0000000000000005 A=0x7ffffffffffffdd8
3761000: system.cpu: T0 : 0x104d8    : c_slli a5, 2               : IntAlu :  D=0x0000000000000014
3761500: system.cpu: T0 : 0x104da    : c_add a5, a4               : IntAlu :  D=0x0000000000071974
3762000: system.cpu: T0 : 0x104dc    : c_lw a5, 0(a5)             : MemRead :  D=0x0000000000000003 A=0x71974
3763000: system.cpu: T0 : 0x104de    : sw a5, -20(s0)             : MemWrite :  D=0x0000000000000003 A=0x7ffffffffffffddc
3764000: system.cpu: T0 : 0x104e2    : lw a5, -24(s0)             : MemRead :  D=0x0000000000000005 A=0x7ffffffffffffdd8
3764500: system.cpu: T0 : 0x104e6    : c_addiw a5, -1             : IntAlu :  D=0x0000000000000004
3765000: system.cpu: T0 : 0x104e8    : c_addiw a5, 0              : IntAlu :  D=0x0000000000000004
3766000: system.cpu: T0 : 0x104ea    : auipc a4, 96               : IntAlu :  D=0x00000000000704ea
3767000: system.cpu: T0 : 0x104ee    : ld a4, 830(a4)             : MemRead :  D=0x0000000000071960 A=0x70828
3767500: system.cpu: T0 : 0x104f2    : c_slli a5, 2               : IntAlu :  D=0x0000000000000010
3768000: system.cpu: T0 : 0x104f4    : c_add a5, a4               : IntAlu :  D=0x0000000000071970
3768500: system.cpu: T0 : 0x104f6    : c_lw a4, 0(a5)             : MemRead :  D=0x0000000000000007 A=0x71970
3769000: system.cpu: T0 : 0x104f8    : auipc a3, 96               : IntAlu :  D=0x00000000000704f8
3769500: system.cpu: T0 : 0x104fc    : ld a3, 816(a3)             : MemRead :  D=0x0000000000071960 A=0x70828
3770000: system.cpu: T0 : 0x10500    : lw a5, -24(s0)             : MemRead :  D=0x0000000000000005 A=0x7ffffffffffffdd8
3770500: system.cpu: T0 : 0x10504    : c_slli a5, 2               : IntAlu :  D=0x0000000000000014
3771000: system.cpu: T0 : 0x10506    : c_add a5, a3               : IntAlu :  D=0x0000000000071974
3771500: system.cpu: T0 : 0x10508    : c_sw a4, 0(a5)             : MemWrite :  D=0x0000000000000007 A=0x71974
3772500: system.cpu: T0 : 0x1050a    : lw a5, -24(s0)             : MemRead :  D=0x0000000000000005 A=0x7ffffffffffffdd8
3773000: system.cpu: T0 : 0x1050e    : c_addiw a5, -1             : IntAlu :  D=0x0000000000000004
3773500: system.cpu: T0 : 0x10510    : c_addiw a5, 0              : IntAlu :  D=0x0000000000000004
3774500: system.cpu: T0 : 0x10512    : lw a4, -20(s0)             : MemRead :  D=0x0000000000000003 A=0x7ffffffffffffddc
3775500: system.cpu: T0 : 0x10516    : auipc a3, 96               : IntAlu :  D=0x0000000000070516
3776500: system.cpu: T0 : 0x1051a    : ld a3, 786(a3)             : MemRead :  D=0x0000000000071960 A=0x70828
3777000: system.cpu: T0 : 0x1051e    : c_slli a5, 2               : IntAlu :  D=0x0000000000000010
3777500: system.cpu: T0 : 0x10520    : c_add a5, a3               : IntAlu :  D=0x0000000000071970
3778000: system.cpu: T0 : 0x10522    : c_sw a4, 0(a5)             : MemWrite :  D=0x0000000000000003 A=0x71970
3778500: system.cpu: T0 : 0x10524    : lw a5, -24(s0)             : MemRead :  D=0x0000000000000005 A=0x7ffffffffffffdd8
3779000: system.cpu: T0 : 0x10528    : c_addiw a5, -1             : IntAlu :  D=0x0000000000000004
3780000: system.cpu: T0 : 0x1052a    : sw a5, -24(s0)             : MemWrite :  D=0x0000000000000004 A=0x7ffffffffffffdd8
3781000: system.cpu: T0 : 0x1052e    : auipc a4, 96               : IntAlu :  D=0x000000000007052e
3782000: system.cpu: T0 : 0x10532    : ld a4, 762(a4)             : MemRead :  D=0x0000000000071960 A=0x70828
3783000: system.cpu: T0 : 0x10536    : lw a5, -24(s0)             : MemRead :  D=0x0000000000000004 A=0x7ffffffffffffdd8
3783500: system.cpu: T0 : 0x1053a    : c_slli a5, 2               : IntAlu :  D=0x0000000000000010
3784000: system.cpu: T0 : 0x1053c    : c_add a5, a4               : IntAlu :  D=0x0000000000071970
3784500: system.cpu: T0 : 0x1053e    : c_lw a3, 0(a5)             : MemRead :  D=0x0000000000000003 A=0x71970
3785000: system.cpu: T0 : 0x10540    : lw a5, -24(s0)             : MemRead :  D=0x0000000000000004 A=0x7ffffffffffffdd8
3785500: system.cpu: T0 : 0x10544    : c_addiw a5, -1             : IntAlu :  D=0x0000000000000003
3786000: system.cpu: T0 : 0x10546    : c_addiw a5, 0              : IntAlu :  D=0x0000000000000003
3786500: system.cpu: T0 : 0x10548    : auipc a4, 96               : IntAlu :  D=0x0000000000070548
3787000: system.cpu: T0 : 0x1054c    : ld a4, 736(a4)             : MemRead :  D=0x0000000000071960 A=0x70828
3787500: system.cpu: T0 : 0x10550    : c_slli a5, 2               : IntAlu :  D=0x000000000000000c
3788000: system.cpu: T0 : 0x10552    : c_add a5, a4               : IntAlu :  D=0x000000000007196c
3788500: system.cpu: T0 : 0x10554    : c_lw a5, 0(a5)             : MemRead :  D=0x0000000000000006 A=0x7196c
3789000: system.cpu: T0 : 0x10556    : c_mv a4, a3                : IntAlu :  D=0x0000000000000003
3789500: system.cpu: T0 : 0x10558    : bltu a4, a5, -140          : IntAlu : 
3790000: system.cpu: T0 : 0x104cc    : auipc a4, 96               : IntAlu :  D=0x00000000000704cc
3790500: system.cpu: T0 : 0x104d0    : ld a4, 860(a4)             : MemRead :  D=0x0000000000071960 A=0x70828
3791000: system.cpu: T0 : 0x104d4    : lw a5, -24(s0)             : MemRead :  D=0x0000000000000004 A=0x7ffffffffffffdd8
3791500: system.cpu: T0 : 0x104d8    : c_slli a5, 2               : IntAlu :  D=0x0000000000000010
3792000: system.cpu: T0 : 0x104da    : c_add a5, a4               : IntAlu :  D=0x0000000000071970
3792500: system.cpu: T0 : 0x104dc    : c_lw a5, 0(a5)             : MemRead :  D=0x0000000000000003 A=0x71970
3793500: system.cpu: T0 : 0x104de    : sw a5, -20(s0)             : MemWrite :  D=0x0000000000000003 A=0x7ffffffffffffddc
3794500: system.cpu: T0 : 0x104e2    : lw a5, -24(s0)             : MemRead :  D=0x0000000000000004 A=0x7ffffffffffffdd8
3795000: system.cpu: T0 : 0x104e6    : c_addiw a5, -1             : IntAlu :  D=0x0000000000000003
3795500: system.cpu: T0 : 0x104e8    : c_addiw a5, 0              : IntAlu :  D=0x0000000000000003
3796500: system.cpu: T0 : 0x104ea    : auipc a4, 96               : IntAlu :  D=0x00000000000704ea
3797500: system.cpu: T0 : 0x104ee    : ld a4, 830(a4)             : MemRead :  D=0x0000000000071960 A=0x70828
3798000: system.cpu: T0 : 0x104f2    : c_slli a5, 2               : IntAlu :  D=0x000000000000000c
3798500: system.cpu: T0 : 0x104f4    : c_add a5, a4               : IntAlu :  D=0x000000000007196c
3799000: system.cpu: T0 : 0x104f6    : c_lw a4, 0(a5)             : MemRead :  D=0x0000000000000006 A=0x7196c
3799500: system.cpu: T0 : 0x104f8    : auipc a3, 96               : IntAlu :  D=0x00000000000704f8
3800000: system.cpu: T0 : 0x104fc    : ld a3, 816(a3)             : MemRead :  D=0x0000000000071960 A=0x70828
3800500: system.cpu: T0 : 0x10500    : lw a5, -24(s0)             : MemRead :  D=0x0000000000000004 A=0x7ffffffffffffdd8
3801000: system.cpu: T0 : 0x10504    : c_slli a5, 2               : IntAlu :  D=0x0000000000000010
3801500: system.cpu: T0 : 0x10506    : c_add a5, a3               : IntAlu :  D=0x0000000000071970
3802000: system.cpu: T0 : 0x10508    : c_sw a4, 0(a5)             : MemWrite :  D=0x0000000000000006 A=0x71970
3803000: system.cpu: T0 : 0x1050a    : lw a5, -24(s0)             : MemRead :  D=0x0000000000000004 A=0x7ffffffffffffdd8
3803500: system.cpu: T0 : 0x1050e    : c_addiw a5, -1             : IntAlu :  D=0x0000000000000003
3804000: system.cpu: T0 : 0x10510    : c_addiw a5, 0              : IntAlu :  D=0x0000000000000003
3805000: system.cpu: T0 : 0x10512    : lw a4, -20(s0)             : MemRead :  D=0x0000000000000003 A=0x7ffffffffffffddc
3806000: system.cpu: T0 : 0x10516    : auipc a3, 96               : IntAlu :  D=0x0000000000070516
3807000: system.cpu: T0 : 0x1051a    : ld a3, 786(a3)             : MemRead :  D=0x0000000000071960 A=0x70828
3807500: system.cpu: T0 : 0x1051e    : c_slli a5, 2               : IntAlu :  D=0x000000000000000c
3808000: system.cpu: T0 : 0x10520    : c_add a5, a3               : IntAlu :  D=0x000000000007196c
3808500: system.cpu: T0 : 0x10522    : c_sw a4, 0(a5)             : MemWrite :  D=0x0000000000000003 A=0x7196c
3809000: system.cpu: T0 : 0x10524    : lw a5, -24(s0)             : MemRead :  D=0x0000000000000004 A=0x7ffffffffffffdd8
3809500: system.cpu: T0 : 0x10528    : c_addiw a5, -1             : IntAlu :  D=0x0000000000000003
3810500: system.cpu: T0 : 0x1052a    : sw a5, -24(s0)             : MemWrite :  D=0x0000000000000003 A=0x7ffffffffffffdd8
3811500: system.cpu: T0 : 0x1052e    : auipc a4, 96               : IntAlu :  D=0x000000000007052e
3812500: system.cpu: T0 : 0x10532    : ld a4, 762(a4)             : MemRead :  D=0x0000000000071960 A=0x70828
3813500: system.cpu: T0 : 0x10536    : lw a5, -24(s0)             : MemRead :  D=0x0000000000000003 A=0x7ffffffffffffdd8
3814000: system.cpu: T0 : 0x1053a    : c_slli a5, 2               : IntAlu :  D=0x000000000000000c
3814500: system.cpu: T0 : 0x1053c    : c_add a5, a4               : IntAlu :  D=0x000000000007196c
3815000: system.cpu: T0 : 0x1053e    : c_lw a3, 0(a5)             : MemRead :  D=0x0000000000000003 A=0x7196c
3815500: system.cpu: T0 : 0x10540    : lw a5, -24(s0)             : MemRead :  D=0x0000000000000003 A=0x7ffffffffffffdd8
3816000: system.cpu: T0 : 0x10544    : c_addiw a5, -1             : IntAlu :  D=0x0000000000000002
3816500: system.cpu: T0 : 0x10546    : c_addiw a5, 0              : IntAlu :  D=0x0000000000000002
3817000: system.cpu: T0 : 0x10548    : auipc a4, 96               : IntAlu :  D=0x0000000000070548
3817500: system.cpu: T0 : 0x1054c    : ld a4, 736(a4)             : MemRead :  D=0x0000000000071960 A=0x70828
3818000: system.cpu: T0 : 0x10550    : c_slli a5, 2               : IntAlu :  D=0x0000000000000008
3818500: system.cpu: T0 : 0x10552    : c_add a5, a4               : IntAlu :  D=0x0000000000071968
3819000: system.cpu: T0 : 0x10554    : c_lw a5, 0(a5)             : MemRead :  D=0x0000000000000005 A=0x71968
3819500: system.cpu: T0 : 0x10556    : c_mv a4, a3                : IntAlu :  D=0x0000000000000003
3820000: system.cpu: T0 : 0x10558    : bltu a4, a5, -140          : IntAlu : 
3820500: system.cpu: T0 : 0x104cc    : auipc a4, 96               : IntAlu :  D=0x00000000000704cc
3821000: system.cpu: T0 : 0x104d0    : ld a4, 860(a4)             : MemRead :  D=0x0000000000071960 A=0x70828
3821500: system.cpu: T0 : 0x104d4    : lw a5, -24(s0)             : MemRead :  D=0x0000000000000003 A=0x7ffffffffffffdd8
3822000: system.cpu: T0 : 0x104d8    : c_slli a5, 2               : IntAlu :  D=0x000000000000000c
3822500: system.cpu: T0 : 0x104da    : c_add a5, a4               : IntAlu :  D=0x000000000007196c
3823000: system.cpu: T0 : 0x104dc    : c_lw a5, 0(a5)             : MemRead :  D=0x0000000000000003 A=0x7196c
3824000: system.cpu: T0 : 0x104de    : sw a5, -20(s0)             : MemWrite :  D=0x0000000000000003 A=0x7ffffffffffffddc
3825000: system.cpu: T0 : 0x104e2    : lw a5, -24(s0)             : MemRead :  D=0x0000000000000003 A=0x7ffffffffffffdd8
3825500: system.cpu: T0 : 0x104e6    : c_addiw a5, -1             : IntAlu :  D=0x0000000000000002
3826000: system.cpu: T0 : 0x104e8    : c_addiw a5, 0              : IntAlu :  D=0x0000000000000002
3827000: system.cpu: T0 : 0x104ea    : auipc a4, 96               : IntAlu :  D=0x00000000000704ea
3828000: system.cpu: T0 : 0x104ee    : ld a4, 830(a4)             : MemRead :  D=0x0000000000071960 A=0x70828
3828500: system.cpu: T0 : 0x104f2    : c_slli a5, 2               : IntAlu :  D=0x0000000000000008
3829000: system.cpu: T0 : 0x104f4    : c_add a5, a4               : IntAlu :  D=0x0000000000071968
3829500: system.cpu: T0 : 0x104f6    : c_lw a4, 0(a5)             : MemRead :  D=0x0000000000000005 A=0x71968
3830000: system.cpu: T0 : 0x104f8    : auipc a3, 96               : IntAlu :  D=0x00000000000704f8
3830500: system.cpu: T0 : 0x104fc    : ld a3, 816(a3)             : MemRead :  D=0x0000000000071960 A=0x70828
3831000: system.cpu: T0 : 0x10500    : lw a5, -24(s0)             : MemRead :  D=0x0000000000000003 A=0x7ffffffffffffdd8
3831500: system.cpu: T0 : 0x10504    : c_slli a5, 2               : IntAlu :  D=0x000000000000000c
3832000: system.cpu: T0 : 0x10506    : c_add a5, a3               : IntAlu :  D=0x000000000007196c
3832500: system.cpu: T0 : 0x10508    : c_sw a4, 0(a5)             : MemWrite :  D=0x0000000000000005 A=0x7196c
3833500: system.cpu: T0 : 0x1050a    : lw a5, -24(s0)             : MemRead :  D=0x0000000000000003 A=0x7ffffffffffffdd8
3834000: system.cpu: T0 : 0x1050e    : c_addiw a5, -1             : IntAlu :  D=0x0000000000000002
3834500: system.cpu: T0 : 0x10510    : c_addiw a5, 0              : IntAlu :  D=0x0000000000000002
3835500: system.cpu: T0 : 0x10512    : lw a4, -20(s0)             : MemRead :  D=0x0000000000000003 A=0x7ffffffffffffddc
3836500: system.cpu: T0 : 0x10516    : auipc a3, 96               : IntAlu :  D=0x0000000000070516
3837500: system.cpu: T0 : 0x1051a    : ld a3, 786(a3)             : MemRead :  D=0x0000000000071960 A=0x70828
3838000: system.cpu: T0 : 0x1051e    : c_slli a5, 2               : IntAlu :  D=0x0000000000000008
3838500: system.cpu: T0 : 0x10520    : c_add a5, a3               : IntAlu :  D=0x0000000000071968
3839000: system.cpu: T0 : 0x10522    : c_sw a4, 0(a5)             : MemWrite :  D=0x0000000000000003 A=0x71968
3839500: system.cpu: T0 : 0x10524    : lw a5, -24(s0)             : MemRead :  D=0x0000000000000003 A=0x7ffffffffffffdd8
3840000: system.cpu: T0 : 0x10528    : c_addiw a5, -1             : IntAlu :  D=0x0000000000000002
3841000: system.cpu: T0 : 0x1052a    : sw a5, -24(s0)             : MemWrite :  D=0x0000000000000002 A=0x7ffffffffffffdd8
3842000: system.cpu: T0 : 0x1052e    : auipc a4, 96               : IntAlu :  D=0x000000000007052e
3843000: system.cpu: T0 : 0x10532    : ld a4, 762(a4)             : MemRead :  D=0x0000000000071960 A=0x70828
3844000: system.cpu: T0 : 0x10536    : lw a5, -24(s0)             : MemRead :  D=0x0000000000000002 A=0x7ffffffffffffdd8
3844500: system.cpu: T0 : 0x1053a    : c_slli a5, 2               : IntAlu :  D=0x0000000000000008
3845000: system.cpu: T0 : 0x1053c    : c_add a5, a4               : IntAlu :  D=0x0000000000071968
3845500: system.cpu: T0 : 0x1053e    : c_lw a3, 0(a5)             : MemRead :  D=0x0000000000000003 A=0x71968
3846000: system.cpu: T0 : 0x10540    : lw a5, -24(s0)             : MemRead :  D=0x0000000000000002 A=0x7ffffffffffffdd8
3846500: system.cpu: T0 : 0x10544    : c_addiw a5, -1             : IntAlu :  D=0x0000000000000001
3847000: system.cpu: T0 : 0x10546    : c_addiw a5, 0              : IntAlu :  D=0x0000000000000001
3847500: system.cpu: T0 : 0x10548    : auipc a4, 96               : IntAlu :  D=0x0000000000070548
3848000: system.cpu: T0 : 0x1054c    : ld a4, 736(a4)             : MemRead :  D=0x0000000000071960 A=0x70828
3848500: system.cpu: T0 : 0x10550    : c_slli a5, 2               : IntAlu :  D=0x0000000000000004
3849000: system.cpu: T0 : 0x10552    : c_add a5, a4               : IntAlu :  D=0x0000000000071964
3849500: system.cpu: T0 : 0x10554    : c_lw a5, 0(a5)             : MemRead :  D=0x0000000000000004 A=0x71964
3850000: system.cpu: T0 : 0x10556    : c_mv a4, a3                : IntAlu :  D=0x0000000000000003
3850500: system.cpu: T0 : 0x10558    : bltu a4, a5, -140          : IntAlu : 
3851000: system.cpu: T0 : 0x104cc    : auipc a4, 96               : IntAlu :  D=0x00000000000704cc
3851500: system.cpu: T0 : 0x104d0    : ld a4, 860(a4)             : MemRead :  D=0x0000000000071960 A=0x70828
3852000: system.cpu: T0 : 0x104d4    : lw a5, -24(s0)             : MemRead :  D=0x0000000000000002 A=0x7ffffffffffffdd8
3852500: system.cpu: T0 : 0x104d8    : c_slli a5, 2               : IntAlu :  D=0x0000000000000008
3853000: system.cpu: T0 : 0x104da    : c_add a5, a4               : IntAlu :  D=0x0000000000071968
3853500: system.cpu: T0 : 0x104dc    : c_lw a5, 0(a5)             : MemRead :  D=0x0000000000000003 A=0x71968
3854500: system.cpu: T0 : 0x104de    : sw a5, -20(s0)             : MemWrite :  D=0x0000000000000003 A=0x7ffffffffffffddc
3855500: system.cpu: T0 : 0x104e2    : lw a5, -24(s0)             : MemRead :  D=0x0000000000000002 A=0x7ffffffffffffdd8
3856000: system.cpu: T0 : 0x104e6    : c_addiw a5, -1             : IntAlu :  D=0x0000000000000001
3856500: system.cpu: T0 : 0x104e8    : c_addiw a5, 0              : IntAlu :  D=0x0000000000000001
3857500: system.cpu: T0 : 0x104ea    : auipc a4, 96               : IntAlu :  D=0x00000000000704ea
3858500: system.cpu: T0 : 0x104ee    : ld a4, 830(a4)             : MemRead :  D=0x0000000000071960 A=0x70828
3859000: system.cpu: T0 : 0x104f2    : c_slli a5, 2               : IntAlu :  D=0x0000000000000004
3859500: system.cpu: T0 : 0x104f4    : c_add a5, a4               : IntAlu :  D=0x0000000000071964
3860000: system.cpu: T0 : 0x104f6    : c_lw a4, 0(a5)             : MemRead :  D=0x0000000000000004 A=0x71964
3860500: system.cpu: T0 : 0x104f8    : auipc a3, 96               : IntAlu :  D=0x00000000000704f8
3861000: system.cpu: T0 : 0x104fc    : ld a3, 816(a3)             : MemRead :  D=0x0000000000071960 A=0x70828
3861500: system.cpu: T0 : 0x10500    : lw a5, -24(s0)             : MemRead :  D=0x0000000000000002 A=0x7ffffffffffffdd8
3862000: system.cpu: T0 : 0x10504    : c_slli a5, 2               : IntAlu :  D=0x0000000000000008
3862500: system.cpu: T0 : 0x10506    : c_add a5, a3               : IntAlu :  D=0x0000000000071968
3863000: system.cpu: T0 : 0x10508    : c_sw a4, 0(a5)             : MemWrite :  D=0x0000000000000004 A=0x71968
3864000: system.cpu: T0 : 0x1050a    : lw a5, -24(s0)             : MemRead :  D=0x0000000000000002 A=0x7ffffffffffffdd8
3864500: system.cpu: T0 : 0x1050e    : c_addiw a5, -1             : IntAlu :  D=0x0000000000000001
3865000: system.cpu: T0 : 0x10510    : c_addiw a5, 0              : IntAlu :  D=0x0000000000000001
3866000: system.cpu: T0 : 0x10512    : lw a4, -20(s0)             : MemRead :  D=0x0000000000000003 A=0x7ffffffffffffddc
3867000: system.cpu: T0 : 0x10516    : auipc a3, 96               : IntAlu :  D=0x0000000000070516
3868000: system.cpu: T0 : 0x1051a    : ld a3, 786(a3)             : MemRead :  D=0x0000000000071960 A=0x70828
3868500: system.cpu: T0 : 0x1051e    : c_slli a5, 2               : IntAlu :  D=0x0000000000000004
3869000: system.cpu: T0 : 0x10520    : c_add a5, a3               : IntAlu :  D=0x0000000000071964
3869500: system.cpu: T0 : 0x10522    : c_sw a4, 0(a5)             : MemWrite :  D=0x0000000000000003 A=0x71964
3870000: system.cpu: T0 : 0x10524    : lw a5, -24(s0)             : MemRead :  D=0x0000000000000002 A=0x7ffffffffffffdd8
3870500: system.cpu: T0 : 0x10528    : c_addiw a5, -1             : IntAlu :  D=0x0000000000000001
3871500: system.cpu: T0 : 0x1052a    : sw a5, -24(s0)             : MemWrite :  D=0x0000000000000001 A=0x7ffffffffffffdd8
3872500: system.cpu: T0 : 0x1052e    : auipc a4, 96               : IntAlu :  D=0x000000000007052e
3873500: system.cpu: T0 : 0x10532    : ld a4, 762(a4)             : MemRead :  D=0x0000000000071960 A=0x70828
3874500: system.cpu: T0 : 0x10536    : lw a5, -24(s0)             : MemRead :  D=0x0000000000000001 A=0x7ffffffffffffdd8
3875000: system.cpu: T0 : 0x1053a    : c_slli a5, 2               : IntAlu :  D=0x0000000000000004
3875500: system.cpu: T0 : 0x1053c    : c_add a5, a4               : IntAlu :  D=0x0000000000071964
3876000: system.cpu: T0 : 0x1053e    : c_lw a3, 0(a5)             : MemRead :  D=0x0000000000000003 A=0x71964
3876500: system.cpu: T0 : 0x10540    : lw a5, -24(s0)             : MemRead :  D=0x0000000000000001 A=0x7ffffffffffffdd8
3877000: system.cpu: T0 : 0x10544    : c_addiw a5, -1             : IntAlu :  D=0x0000000000000000
3877500: system.cpu: T0 : 0x10546    : c_addiw a5, 0              : IntAlu :  D=0x0000000000000000
3878000: system.cpu: T0 : 0x10548    : auipc a4, 96               : IntAlu :  D=0x0000000000070548
3878500: system.cpu: T0 : 0x1054c    : ld a4, 736(a4)             : MemRead :  D=0x0000000000071960 A=0x70828
3879000: system.cpu: T0 : 0x10550    : c_slli a5, 2               : IntAlu :  D=0x0000000000000000
3879500: system.cpu: T0 : 0x10552    : c_add a5, a4               : IntAlu :  D=0x0000000000071960
3880000: system.cpu: T0 : 0x10554    : c_lw a5, 0(a5)             : MemRead :  D=0x0000000000000000 A=0x71960
3880500: system.cpu: T0 : 0x10556    : c_mv a4, a3                : IntAlu :  D=0x0000000000000003
3881000: system.cpu: T0 : 0x10558    : bltu a4, a5, -140          : IntAlu : 
3881500: system.cpu: T0 : 0x1055c    : lw a5, -28(s0)             : MemRead :  D=0x0000000000000009 A=0x7ffffffffffffdd4
3882000: system.cpu: T0 : 0x10560    : c_addiw a5, 1              : IntAlu :  D=0x000000000000000a
3883000: system.cpu: T0 : 0x10562    : sw a5, -28(s0)             : MemWrite :  D=0x000000000000000a A=0x7ffffffffffffdd4
3884000: system.cpu: T0 : 0x10566    : lw a5, -28(s0)             : MemRead :  D=0x000000000000000a A=0x7ffffffffffffdd4
3885000: system.cpu: T0 : 0x1056a    : addiw a4, a5, 0            : IntAlu :  D=0x000000000000000a
3885500: system.cpu: T0 : 0x1056e    : c_li a5, 10                : IntAlu :  D=0x000000000000000a
3886000: system.cpu: T0 : 0x10570    : bge a5, a4, -174           : IntAlu : 
3887000: system.cpu: T0 : 0x104c2    : lw a5, -28(s0)             : MemRead :  D=0x000000000000000a A=0x7ffffffffffffdd4
3888000: system.cpu: T0 : 0x104c6    : sw a5, -24(s0)             : MemWrite :  D=0x000000000000000a A=0x7ffffffffffffdd8
3888500: system.cpu: T0 : 0x104ca    : c_j 100                    : IntAlu : 
3889500: system.cpu: T0 : 0x1052e    : auipc a4, 96               : IntAlu :  D=0x000000000007052e
3890500: system.cpu: T0 : 0x10532    : ld a4, 762(a4)             : MemRead :  D=0x0000000000071960 A=0x70828
3891500: system.cpu: T0 : 0x10536    : lw a5, -24(s0)             : MemRead :  D=0x000000000000000a A=0x7ffffffffffffdd8
3892000: system.cpu: T0 : 0x1053a    : c_slli a5, 2               : IntAlu :  D=0x0000000000000028
3892500: system.cpu: T0 : 0x1053c    : c_add a5, a4               : IntAlu :  D=0x0000000000071988
3893000: system.cpu: T0 : 0x1053e    : c_lw a3, 0(a5)             : MemRead :  D=0x0000000000000002 A=0x71988
3893500: system.cpu: T0 : 0x10540    : lw a5, -24(s0)             : MemRead :  D=0x000000000000000a A=0x7ffffffffffffdd8
3894000: system.cpu: T0 : 0x10544    : c_addiw a5, -1             : IntAlu :  D=0x0000000000000009
3894500: system.cpu: T0 : 0x10546    : c_addiw a5, 0              : IntAlu :  D=0x0000000000000009
3895000: system.cpu: T0 : 0x10548    : auipc a4, 96               : IntAlu :  D=0x0000000000070548
3895500: system.cpu: T0 : 0x1054c    : ld a4, 736(a4)             : MemRead :  D=0x0000000000071960 A=0x70828
3896000: system.cpu: T0 : 0x10550    : c_slli a5, 2               : IntAlu :  D=0x0000000000000024
3896500: system.cpu: T0 : 0x10552    : c_add a5, a4               : IntAlu :  D=0x0000000000071984
3897000: system.cpu: T0 : 0x10554    : c_lw a5, 0(a5)             : MemRead :  D=0x000000000000000b A=0x71984
3897500: system.cpu: T0 : 0x10556    : c_mv a4, a3                : IntAlu :  D=0x0000000000000002
3898000: system.cpu: T0 : 0x10558    : bltu a4, a5, -140          : IntAlu : 
3898500: system.cpu: T0 : 0x104cc    : auipc a4, 96               : IntAlu :  D=0x00000000000704cc
3899000: system.cpu: T0 : 0x104d0    : ld a4, 860(a4)             : MemRead :  D=0x0000000000071960 A=0x70828
3899500: system.cpu: T0 : 0x104d4    : lw a5, -24(s0)             : MemRead :  D=0x000000000000000a A=0x7ffffffffffffdd8
3900000: system.cpu: T0 : 0x104d8    : c_slli a5, 2               : IntAlu :  D=0x0000000000000028
3900500: system.cpu: T0 : 0x104da    : c_add a5, a4               : IntAlu :  D=0x0000000000071988
3901000: system.cpu: T0 : 0x104dc    : c_lw a5, 0(a5)             : MemRead :  D=0x0000000000000002 A=0x71988
3902000: system.cpu: T0 : 0x104de    : sw a5, -20(s0)             : MemWrite :  D=0x0000000000000002 A=0x7ffffffffffffddc
3903000: system.cpu: T0 : 0x104e2    : lw a5, -24(s0)             : MemRead :  D=0x000000000000000a A=0x7ffffffffffffdd8
3903500: system.cpu: T0 : 0x104e6    : c_addiw a5, -1             : IntAlu :  D=0x0000000000000009
3904000: system.cpu: T0 : 0x104e8    : c_addiw a5, 0              : IntAlu :  D=0x0000000000000009
3905000: system.cpu: T0 : 0x104ea    : auipc a4, 96               : IntAlu :  D=0x00000000000704ea
3906000: system.cpu: T0 : 0x104ee    : ld a4, 830(a4)             : MemRead :  D=0x0000000000071960 A=0x70828
3906500: system.cpu: T0 : 0x104f2    : c_slli a5, 2               : IntAlu :  D=0x0000000000000024
3907000: system.cpu: T0 : 0x104f4    : c_add a5, a4               : IntAlu :  D=0x0000000000071984
3907500: system.cpu: T0 : 0x104f6    : c_lw a4, 0(a5)             : MemRead :  D=0x000000000000000b A=0x71984
3908000: system.cpu: T0 : 0x104f8    : auipc a3, 96               : IntAlu :  D=0x00000000000704f8
3908500: system.cpu: T0 : 0x104fc    : ld a3, 816(a3)             : MemRead :  D=0x0000000000071960 A=0x70828
3909000: system.cpu: T0 : 0x10500    : lw a5, -24(s0)             : MemRead :  D=0x000000000000000a A=0x7ffffffffffffdd8
3909500: system.cpu: T0 : 0x10504    : c_slli a5, 2               : IntAlu :  D=0x0000000000000028
3910000: system.cpu: T0 : 0x10506    : c_add a5, a3               : IntAlu :  D=0x0000000000071988
3910500: system.cpu: T0 : 0x10508    : c_sw a4, 0(a5)             : MemWrite :  D=0x000000000000000b A=0x71988
3911500: system.cpu: T0 : 0x1050a    : lw a5, -24(s0)             : MemRead :  D=0x000000000000000a A=0x7ffffffffffffdd8
3912000: system.cpu: T0 : 0x1050e    : c_addiw a5, -1             : IntAlu :  D=0x0000000000000009
3912500: system.cpu: T0 : 0x10510    : c_addiw a5, 0              : IntAlu :  D=0x0000000000000009
3913500: system.cpu: T0 : 0x10512    : lw a4, -20(s0)             : MemRead :  D=0x0000000000000002 A=0x7ffffffffffffddc
3914500: system.cpu: T0 : 0x10516    : auipc a3, 96               : IntAlu :  D=0x0000000000070516
3915500: system.cpu: T0 : 0x1051a    : ld a3, 786(a3)             : MemRead :  D=0x0000000000071960 A=0x70828
3916000: system.cpu: T0 : 0x1051e    : c_slli a5, 2               : IntAlu :  D=0x0000000000000024
3916500: system.cpu: T0 : 0x10520    : c_add a5, a3               : IntAlu :  D=0x0000000000071984
3917000: system.cpu: T0 : 0x10522    : c_sw a4, 0(a5)             : MemWrite :  D=0x0000000000000002 A=0x71984
3917500: system.cpu: T0 : 0x10524    : lw a5, -24(s0)             : MemRead :  D=0x000000000000000a A=0x7ffffffffffffdd8
3918000: system.cpu: T0 : 0x10528    : c_addiw a5, -1             : IntAlu :  D=0x0000000000000009
3919000: system.cpu: T0 : 0x1052a    : sw a5, -24(s0)             : MemWrite :  D=0x0000000000000009 A=0x7ffffffffffffdd8
3920000: system.cpu: T0 : 0x1052e    : auipc a4, 96               : IntAlu :  D=0x000000000007052e
3921000: system.cpu: T0 : 0x10532    : ld a4, 762(a4)             : MemRead :  D=0x0000000000071960 A=0x70828
3922000: system.cpu: T0 : 0x10536    : lw a5, -24(s0)             : MemRead :  D=0x0000000000000009 A=0x7ffffffffffffdd8
3922500: system.cpu: T0 : 0x1053a    : c_slli a5, 2               : IntAlu :  D=0x0000000000000024
3923000: system.cpu: T0 : 0x1053c    : c_add a5, a4               : IntAlu :  D=0x0000000000071984
3923500: system.cpu: T0 : 0x1053e    : c_lw a3, 0(a5)             : MemRead :  D=0x0000000000000002 A=0x71984
3924000: system.cpu: T0 : 0x10540    : lw a5, -24(s0)             : MemRead :  D=0x0000000000000009 A=0x7ffffffffffffdd8
3924500: system.cpu: T0 : 0x10544    : c_addiw a5, -1             : IntAlu :  D=0x0000000000000008
3925000: system.cpu: T0 : 0x10546    : c_addiw a5, 0              : IntAlu :  D=0x0000000000000008
3925500: system.cpu: T0 : 0x10548    : auipc a4, 96               : IntAlu :  D=0x0000000000070548
3926000: system.cpu: T0 : 0x1054c    : ld a4, 736(a4)             : MemRead :  D=0x0000000000071960 A=0x70828
3926500: system.cpu: T0 : 0x10550    : c_slli a5, 2               : IntAlu :  D=0x0000000000000020
3927000: system.cpu: T0 : 0x10552    : c_add a5, a4               : IntAlu :  D=0x0000000000071980
3927500: system.cpu: T0 : 0x10554    : c_lw a5, 0(a5)             : MemRead :  D=0x000000000000000a A=0x71980
3928000: system.cpu: T0 : 0x10556    : c_mv a4, a3                : IntAlu :  D=0x0000000000000002
3928500: system.cpu: T0 : 0x10558    : bltu a4, a5, -140          : IntAlu : 
3929000: system.cpu: T0 : 0x104cc    : auipc a4, 96               : IntAlu :  D=0x00000000000704cc
3929500: system.cpu: T0 : 0x104d0    : ld a4, 860(a4)             : MemRead :  D=0x0000000000071960 A=0x70828
3930000: system.cpu: T0 : 0x104d4    : lw a5, -24(s0)             : MemRead :  D=0x0000000000000009 A=0x7ffffffffffffdd8
3930500: system.cpu: T0 : 0x104d8    : c_slli a5, 2               : IntAlu :  D=0x0000000000000024
3931000: system.cpu: T0 : 0x104da    : c_add a5, a4               : IntAlu :  D=0x0000000000071984
3931500: system.cpu: T0 : 0x104dc    : c_lw a5, 0(a5)             : MemRead :  D=0x0000000000000002 A=0x71984
3932500: system.cpu: T0 : 0x104de    : sw a5, -20(s0)             : MemWrite :  D=0x0000000000000002 A=0x7ffffffffffffddc
3933500: system.cpu: T0 : 0x104e2    : lw a5, -24(s0)             : MemRead :  D=0x0000000000000009 A=0x7ffffffffffffdd8
3934000: system.cpu: T0 : 0x104e6    : c_addiw a5, -1             : IntAlu :  D=0x0000000000000008
3934500: system.cpu: T0 : 0x104e8    : c_addiw a5, 0              : IntAlu :  D=0x0000000000000008
3935500: system.cpu: T0 : 0x104ea    : auipc a4, 96               : IntAlu :  D=0x00000000000704ea
3936500: system.cpu: T0 : 0x104ee    : ld a4, 830(a4)             : MemRead :  D=0x0000000000071960 A=0x70828
3937000: system.cpu: T0 : 0x104f2    : c_slli a5, 2               : IntAlu :  D=0x0000000000000020
3937500: system.cpu: T0 : 0x104f4    : c_add a5, a4               : IntAlu :  D=0x0000000000071980
3938000: system.cpu: T0 : 0x104f6    : c_lw a4, 0(a5)             : MemRead :  D=0x000000000000000a A=0x71980
3938500: system.cpu: T0 : 0x104f8    : auipc a3, 96               : IntAlu :  D=0x00000000000704f8
3939000: system.cpu: T0 : 0x104fc    : ld a3, 816(a3)             : MemRead :  D=0x0000000000071960 A=0x70828
3939500: system.cpu: T0 : 0x10500    : lw a5, -24(s0)             : MemRead :  D=0x0000000000000009 A=0x7ffffffffffffdd8
3940000: system.cpu: T0 : 0x10504    : c_slli a5, 2               : IntAlu :  D=0x0000000000000024
3940500: system.cpu: T0 : 0x10506    : c_add a5, a3               : IntAlu :  D=0x0000000000071984
3941000: system.cpu: T0 : 0x10508    : c_sw a4, 0(a5)             : MemWrite :  D=0x000000000000000a A=0x71984
3942000: system.cpu: T0 : 0x1050a    : lw a5, -24(s0)             : MemRead :  D=0x0000000000000009 A=0x7ffffffffffffdd8
3942500: system.cpu: T0 : 0x1050e    : c_addiw a5, -1             : IntAlu :  D=0x0000000000000008
3943000: system.cpu: T0 : 0x10510    : c_addiw a5, 0              : IntAlu :  D=0x0000000000000008
3944000: system.cpu: T0 : 0x10512    : lw a4, -20(s0)             : MemRead :  D=0x0000000000000002 A=0x7ffffffffffffddc
3945000: system.cpu: T0 : 0x10516    : auipc a3, 96               : IntAlu :  D=0x0000000000070516
3946000: system.cpu: T0 : 0x1051a    : ld a3, 786(a3)             : MemRead :  D=0x0000000000071960 A=0x70828
3946500: system.cpu: T0 : 0x1051e    : c_slli a5, 2               : IntAlu :  D=0x0000000000000020
3947000: system.cpu: T0 : 0x10520    : c_add a5, a3               : IntAlu :  D=0x0000000000071980
3947500: system.cpu: T0 : 0x10522    : c_sw a4, 0(a5)             : MemWrite :  D=0x0000000000000002 A=0x71980
3948000: system.cpu: T0 : 0x10524    : lw a5, -24(s0)             : MemRead :  D=0x0000000000000009 A=0x7ffffffffffffdd8
3948500: system.cpu: T0 : 0x10528    : c_addiw a5, -1             : IntAlu :  D=0x0000000000000008
3949500: system.cpu: T0 : 0x1052a    : sw a5, -24(s0)             : MemWrite :  D=0x0000000000000008 A=0x7ffffffffffffdd8
3950500: system.cpu: T0 : 0x1052e    : auipc a4, 96               : IntAlu :  D=0x000000000007052e
3951500: system.cpu: T0 : 0x10532    : ld a4, 762(a4)             : MemRead :  D=0x0000000000071960 A=0x70828
3952500: system.cpu: T0 : 0x10536    : lw a5, -24(s0)             : MemRead :  D=0x0000000000000008 A=0x7ffffffffffffdd8
3953000: system.cpu: T0 : 0x1053a    : c_slli a5, 2               : IntAlu :  D=0x0000000000000020
3953500: system.cpu: T0 : 0x1053c    : c_add a5, a4               : IntAlu :  D=0x0000000000071980
3954000: system.cpu: T0 : 0x1053e    : c_lw a3, 0(a5)             : MemRead :  D=0x0000000000000002 A=0x71980
3954500: system.cpu: T0 : 0x10540    : lw a5, -24(s0)             : MemRead :  D=0x0000000000000008 A=0x7ffffffffffffdd8
3955000: system.cpu: T0 : 0x10544    : c_addiw a5, -1             : IntAlu :  D=0x0000000000000007
3955500: system.cpu: T0 : 0x10546    : c_addiw a5, 0              : IntAlu :  D=0x0000000000000007
3956000: system.cpu: T0 : 0x10548    : auipc a4, 96               : IntAlu :  D=0x0000000000070548
3956500: system.cpu: T0 : 0x1054c    : ld a4, 736(a4)             : MemRead :  D=0x0000000000071960 A=0x70828
3957000: system.cpu: T0 : 0x10550    : c_slli a5, 2               : IntAlu :  D=0x000000000000001c
3957500: system.cpu: T0 : 0x10552    : c_add a5, a4               : IntAlu :  D=0x000000000007197c
3958000: system.cpu: T0 : 0x10554    : c_lw a5, 0(a5)             : MemRead :  D=0x0000000000000009 A=0x7197c
3958500: system.cpu: T0 : 0x10556    : c_mv a4, a3                : IntAlu :  D=0x0000000000000002
3959000: system.cpu: T0 : 0x10558    : bltu a4, a5, -140          : IntAlu : 
3959500: system.cpu: T0 : 0x104cc    : auipc a4, 96               : IntAlu :  D=0x00000000000704cc
3960000: system.cpu: T0 : 0x104d0    : ld a4, 860(a4)             : MemRead :  D=0x0000000000071960 A=0x70828
3960500: system.cpu: T0 : 0x104d4    : lw a5, -24(s0)             : MemRead :  D=0x0000000000000008 A=0x7ffffffffffffdd8
3961000: system.cpu: T0 : 0x104d8    : c_slli a5, 2               : IntAlu :  D=0x0000000000000020
3961500: system.cpu: T0 : 0x104da    : c_add a5, a4               : IntAlu :  D=0x0000000000071980
3962000: system.cpu: T0 : 0x104dc    : c_lw a5, 0(a5)             : MemRead :  D=0x0000000000000002 A=0x71980
3963000: system.cpu: T0 : 0x104de    : sw a5, -20(s0)             : MemWrite :  D=0x0000000000000002 A=0x7ffffffffffffddc
3964000: system.cpu: T0 : 0x104e2    : lw a5, -24(s0)             : MemRead :  D=0x0000000000000008 A=0x7ffffffffffffdd8
3964500: system.cpu: T0 : 0x104e6    : c_addiw a5, -1             : IntAlu :  D=0x0000000000000007
3965000: system.cpu: T0 : 0x104e8    : c_addiw a5, 0              : IntAlu :  D=0x0000000000000007
3966000: system.cpu: T0 : 0x104ea    : auipc a4, 96               : IntAlu :  D=0x00000000000704ea
3967000: system.cpu: T0 : 0x104ee    : ld a4, 830(a4)             : MemRead :  D=0x0000000000071960 A=0x70828
3967500: system.cpu: T0 : 0x104f2    : c_slli a5, 2               : IntAlu :  D=0x000000000000001c
3968000: system.cpu: T0 : 0x104f4    : c_add a5, a4               : IntAlu :  D=0x000000000007197c
3968500: system.cpu: T0 : 0x104f6    : c_lw a4, 0(a5)             : MemRead :  D=0x0000000000000009 A=0x7197c
3969000: system.cpu: T0 : 0x104f8    : auipc a3, 96               : IntAlu :  D=0x00000000000704f8
3969500: system.cpu: T0 : 0x104fc    : ld a3, 816(a3)             : MemRead :  D=0x0000000000071960 A=0x70828
3970000: system.cpu: T0 : 0x10500    : lw a5, -24(s0)             : MemRead :  D=0x0000000000000008 A=0x7ffffffffffffdd8
3970500: system.cpu: T0 : 0x10504    : c_slli a5, 2               : IntAlu :  D=0x0000000000000020
3971000: system.cpu: T0 : 0x10506    : c_add a5, a3               : IntAlu :  D=0x0000000000071980
3971500: system.cpu: T0 : 0x10508    : c_sw a4, 0(a5)             : MemWrite :  D=0x0000000000000009 A=0x71980
3972500: system.cpu: T0 : 0x1050a    : lw a5, -24(s0)             : MemRead :  D=0x0000000000000008 A=0x7ffffffffffffdd8
3973000: system.cpu: T0 : 0x1050e    : c_addiw a5, -1             : IntAlu :  D=0x0000000000000007
3973500: system.cpu: T0 : 0x10510    : c_addiw a5, 0              : IntAlu :  D=0x0000000000000007
3974500: system.cpu: T0 : 0x10512    : lw a4, -20(s0)             : MemRead :  D=0x0000000000000002 A=0x7ffffffffffffddc
3975500: system.cpu: T0 : 0x10516    : auipc a3, 96               : IntAlu :  D=0x0000000000070516
3976500: system.cpu: T0 : 0x1051a    : ld a3, 786(a3)             : MemRead :  D=0x0000000000071960 A=0x70828
3977000: system.cpu: T0 : 0x1051e    : c_slli a5, 2               : IntAlu :  D=0x000000000000001c
3977500: system.cpu: T0 : 0x10520    : c_add a5, a3               : IntAlu :  D=0x000000000007197c
3978000: system.cpu: T0 : 0x10522    : c_sw a4, 0(a5)             : MemWrite :  D=0x0000000000000002 A=0x7197c
3978500: system.cpu: T0 : 0x10524    : lw a5, -24(s0)             : MemRead :  D=0x0000000000000008 A=0x7ffffffffffffdd8
3979000: system.cpu: T0 : 0x10528    : c_addiw a5, -1             : IntAlu :  D=0x0000000000000007
3980000: system.cpu: T0 : 0x1052a    : sw a5, -24(s0)             : MemWrite :  D=0x0000000000000007 A=0x7ffffffffffffdd8
3981000: system.cpu: T0 : 0x1052e    : auipc a4, 96               : IntAlu :  D=0x000000000007052e
3982000: system.cpu: T0 : 0x10532    : ld a4, 762(a4)             : MemRead :  D=0x0000000000071960 A=0x70828
3983000: system.cpu: T0 : 0x10536    : lw a5, -24(s0)             : MemRead :  D=0x0000000000000007 A=0x7ffffffffffffdd8
3983500: system.cpu: T0 : 0x1053a    : c_slli a5, 2               : IntAlu :  D=0x000000000000001c
3984000: system.cpu: T0 : 0x1053c    : c_add a5, a4               : IntAlu :  D=0x000000000007197c
3984500: system.cpu: T0 : 0x1053e    : c_lw a3, 0(a5)             : MemRead :  D=0x0000000000000002 A=0x7197c
3985000: system.cpu: T0 : 0x10540    : lw a5, -24(s0)             : MemRead :  D=0x0000000000000007 A=0x7ffffffffffffdd8
3985500: system.cpu: T0 : 0x10544    : c_addiw a5, -1             : IntAlu :  D=0x0000000000000006
3986000: system.cpu: T0 : 0x10546    : c_addiw a5, 0              : IntAlu :  D=0x0000000000000006
3986500: system.cpu: T0 : 0x10548    : auipc a4, 96               : IntAlu :  D=0x0000000000070548
3987000: system.cpu: T0 : 0x1054c    : ld a4, 736(a4)             : MemRead :  D=0x0000000000071960 A=0x70828
3987500: system.cpu: T0 : 0x10550    : c_slli a5, 2               : IntAlu :  D=0x0000000000000018
3988000: system.cpu: T0 : 0x10552    : c_add a5, a4               : IntAlu :  D=0x0000000000071978
3988500: system.cpu: T0 : 0x10554    : c_lw a5, 0(a5)             : MemRead :  D=0x0000000000000008 A=0x71978
3989000: system.cpu: T0 : 0x10556    : c_mv a4, a3                : IntAlu :  D=0x0000000000000002
3989500: system.cpu: T0 : 0x10558    : bltu a4, a5, -140          : IntAlu : 
3990000: system.cpu: T0 : 0x104cc    : auipc a4, 96               : IntAlu :  D=0x00000000000704cc
3990500: system.cpu: T0 : 0x104d0    : ld a4, 860(a4)             : MemRead :  D=0x0000000000071960 A=0x70828
3991000: system.cpu: T0 : 0x104d4    : lw a5, -24(s0)             : MemRead :  D=0x0000000000000007 A=0x7ffffffffffffdd8
3991500: system.cpu: T0 : 0x104d8    : c_slli a5, 2               : IntAlu :  D=0x000000000000001c
3992000: system.cpu: T0 : 0x104da    : c_add a5, a4               : IntAlu :  D=0x000000000007197c
3992500: system.cpu: T0 : 0x104dc    : c_lw a5, 0(a5)             : MemRead :  D=0x0000000000000002 A=0x7197c
3993500: system.cpu: T0 : 0x104de    : sw a5, -20(s0)             : MemWrite :  D=0x0000000000000002 A=0x7ffffffffffffddc
3994500: system.cpu: T0 : 0x104e2    : lw a5, -24(s0)             : MemRead :  D=0x0000000000000007 A=0x7ffffffffffffdd8
3995000: system.cpu: T0 : 0x104e6    : c_addiw a5, -1             : IntAlu :  D=0x0000000000000006
3995500: system.cpu: T0 : 0x104e8    : c_addiw a5, 0              : IntAlu :  D=0x0000000000000006
3996500: system.cpu: T0 : 0x104ea    : auipc a4, 96               : IntAlu :  D=0x00000000000704ea
3997500: system.cpu: T0 : 0x104ee    : ld a4, 830(a4)             : MemRead :  D=0x0000000000071960 A=0x70828
3998000: system.cpu: T0 : 0x104f2    : c_slli a5, 2               : IntAlu :  D=0x0000000000000018
3998500: system.cpu: T0 : 0x104f4    : c_add a5, a4               : IntAlu :  D=0x0000000000071978
3999000: system.cpu: T0 : 0x104f6    : c_lw a4, 0(a5)             : MemRead :  D=0x0000000000000008 A=0x71978
3999500: system.cpu: T0 : 0x104f8    : auipc a3, 96               : IntAlu :  D=0x00000000000704f8
4000000: system.cpu: T0 : 0x104fc    : ld a3, 816(a3)             : MemRead :  D=0x0000000000071960 A=0x70828
4000500: system.cpu: T0 : 0x10500    : lw a5, -24(s0)             : MemRead :  D=0x0000000000000007 A=0x7ffffffffffffdd8
4001000: system.cpu: T0 : 0x10504    : c_slli a5, 2               : IntAlu :  D=0x000000000000001c
4001500: system.cpu: T0 : 0x10506    : c_add a5, a3               : IntAlu :  D=0x000000000007197c
4002000: system.cpu: T0 : 0x10508    : c_sw a4, 0(a5)             : MemWrite :  D=0x0000000000000008 A=0x7197c
4003000: system.cpu: T0 : 0x1050a    : lw a5, -24(s0)             : MemRead :  D=0x0000000000000007 A=0x7ffffffffffffdd8
4003500: system.cpu: T0 : 0x1050e    : c_addiw a5, -1             : IntAlu :  D=0x0000000000000006
4004000: system.cpu: T0 : 0x10510    : c_addiw a5, 0              : IntAlu :  D=0x0000000000000006
4005000: system.cpu: T0 : 0x10512    : lw a4, -20(s0)             : MemRead :  D=0x0000000000000002 A=0x7ffffffffffffddc
4006000: system.cpu: T0 : 0x10516    : auipc a3, 96               : IntAlu :  D=0x0000000000070516
4007000: system.cpu: T0 : 0x1051a    : ld a3, 786(a3)             : MemRead :  D=0x0000000000071960 A=0x70828
4007500: system.cpu: T0 : 0x1051e    : c_slli a5, 2               : IntAlu :  D=0x0000000000000018
4008000: system.cpu: T0 : 0x10520    : c_add a5, a3               : IntAlu :  D=0x0000000000071978
4008500: system.cpu: T0 : 0x10522    : c_sw a4, 0(a5)             : MemWrite :  D=0x0000000000000002 A=0x71978
4009000: system.cpu: T0 : 0x10524    : lw a5, -24(s0)             : MemRead :  D=0x0000000000000007 A=0x7ffffffffffffdd8
4009500: system.cpu: T0 : 0x10528    : c_addiw a5, -1             : IntAlu :  D=0x0000000000000006
4010500: system.cpu: T0 : 0x1052a    : sw a5, -24(s0)             : MemWrite :  D=0x0000000000000006 A=0x7ffffffffffffdd8
4011500: system.cpu: T0 : 0x1052e    : auipc a4, 96               : IntAlu :  D=0x000000000007052e
4012500: system.cpu: T0 : 0x10532    : ld a4, 762(a4)             : MemRead :  D=0x0000000000071960 A=0x70828
4013500: system.cpu: T0 : 0x10536    : lw a5, -24(s0)             : MemRead :  D=0x0000000000000006 A=0x7ffffffffffffdd8
4014000: system.cpu: T0 : 0x1053a    : c_slli a5, 2               : IntAlu :  D=0x0000000000000018
4014500: system.cpu: T0 : 0x1053c    : c_add a5, a4               : IntAlu :  D=0x0000000000071978
4015000: system.cpu: T0 : 0x1053e    : c_lw a3, 0(a5)             : MemRead :  D=0x0000000000000002 A=0x71978
4015500: system.cpu: T0 : 0x10540    : lw a5, -24(s0)             : MemRead :  D=0x0000000000000006 A=0x7ffffffffffffdd8
4016000: system.cpu: T0 : 0x10544    : c_addiw a5, -1             : IntAlu :  D=0x0000000000000005
4016500: system.cpu: T0 : 0x10546    : c_addiw a5, 0              : IntAlu :  D=0x0000000000000005
4017000: system.cpu: T0 : 0x10548    : auipc a4, 96               : IntAlu :  D=0x0000000000070548
4017500: system.cpu: T0 : 0x1054c    : ld a4, 736(a4)             : MemRead :  D=0x0000000000071960 A=0x70828
4018000: system.cpu: T0 : 0x10550    : c_slli a5, 2               : IntAlu :  D=0x0000000000000014
4018500: system.cpu: T0 : 0x10552    : c_add a5, a4               : IntAlu :  D=0x0000000000071974
4019000: system.cpu: T0 : 0x10554    : c_lw a5, 0(a5)             : MemRead :  D=0x0000000000000007 A=0x71974
4019500: system.cpu: T0 : 0x10556    : c_mv a4, a3                : IntAlu :  D=0x0000000000000002
4020000: system.cpu: T0 : 0x10558    : bltu a4, a5, -140          : IntAlu : 
4020500: system.cpu: T0 : 0x104cc    : auipc a4, 96               : IntAlu :  D=0x00000000000704cc
4021000: system.cpu: T0 : 0x104d0    : ld a4, 860(a4)             : MemRead :  D=0x0000000000071960 A=0x70828
4021500: system.cpu: T0 : 0x104d4    : lw a5, -24(s0)             : MemRead :  D=0x0000000000000006 A=0x7ffffffffffffdd8
4022000: system.cpu: T0 : 0x104d8    : c_slli a5, 2               : IntAlu :  D=0x0000000000000018
4022500: system.cpu: T0 : 0x104da    : c_add a5, a4               : IntAlu :  D=0x0000000000071978
4023000: system.cpu: T0 : 0x104dc    : c_lw a5, 0(a5)             : MemRead :  D=0x0000000000000002 A=0x71978
4024000: system.cpu: T0 : 0x104de    : sw a5, -20(s0)             : MemWrite :  D=0x0000000000000002 A=0x7ffffffffffffddc
4025000: system.cpu: T0 : 0x104e2    : lw a5, -24(s0)             : MemRead :  D=0x0000000000000006 A=0x7ffffffffffffdd8
4025500: system.cpu: T0 : 0x104e6    : c_addiw a5, -1             : IntAlu :  D=0x0000000000000005
4026000: system.cpu: T0 : 0x104e8    : c_addiw a5, 0              : IntAlu :  D=0x0000000000000005
4027000: system.cpu: T0 : 0x104ea    : auipc a4, 96               : IntAlu :  D=0x00000000000704ea
4028000: system.cpu: T0 : 0x104ee    : ld a4, 830(a4)             : MemRead :  D=0x0000000000071960 A=0x70828
4028500: system.cpu: T0 : 0x104f2    : c_slli a5, 2               : IntAlu :  D=0x0000000000000014
4029000: system.cpu: T0 : 0x104f4    : c_add a5, a4               : IntAlu :  D=0x0000000000071974
4029500: system.cpu: T0 : 0x104f6    : c_lw a4, 0(a5)             : MemRead :  D=0x0000000000000007 A=0x71974
4030000: system.cpu: T0 : 0x104f8    : auipc a3, 96               : IntAlu :  D=0x00000000000704f8
4030500: system.cpu: T0 : 0x104fc    : ld a3, 816(a3)             : MemRead :  D=0x0000000000071960 A=0x70828
4031000: system.cpu: T0 : 0x10500    : lw a5, -24(s0)             : MemRead :  D=0x0000000000000006 A=0x7ffffffffffffdd8
4031500: system.cpu: T0 : 0x10504    : c_slli a5, 2               : IntAlu :  D=0x0000000000000018
4032000: system.cpu: T0 : 0x10506    : c_add a5, a3               : IntAlu :  D=0x0000000000071978
4032500: system.cpu: T0 : 0x10508    : c_sw a4, 0(a5)             : MemWrite :  D=0x0000000000000007 A=0x71978
4033500: system.cpu: T0 : 0x1050a    : lw a5, -24(s0)             : MemRead :  D=0x0000000000000006 A=0x7ffffffffffffdd8
4034000: system.cpu: T0 : 0x1050e    : c_addiw a5, -1             : IntAlu :  D=0x0000000000000005
4034500: system.cpu: T0 : 0x10510    : c_addiw a5, 0              : IntAlu :  D=0x0000000000000005
4035500: system.cpu: T0 : 0x10512    : lw a4, -20(s0)             : MemRead :  D=0x0000000000000002 A=0x7ffffffffffffddc
4036500: system.cpu: T0 : 0x10516    : auipc a3, 96               : IntAlu :  D=0x0000000000070516
4037500: system.cpu: T0 : 0x1051a    : ld a3, 786(a3)             : MemRead :  D=0x0000000000071960 A=0x70828
4038000: system.cpu: T0 : 0x1051e    : c_slli a5, 2               : IntAlu :  D=0x0000000000000014
4038500: system.cpu: T0 : 0x10520    : c_add a5, a3               : IntAlu :  D=0x0000000000071974
4039000: system.cpu: T0 : 0x10522    : c_sw a4, 0(a5)             : MemWrite :  D=0x0000000000000002 A=0x71974
4039500: system.cpu: T0 : 0x10524    : lw a5, -24(s0)             : MemRead :  D=0x0000000000000006 A=0x7ffffffffffffdd8
4040000: system.cpu: T0 : 0x10528    : c_addiw a5, -1             : IntAlu :  D=0x0000000000000005
4041000: system.cpu: T0 : 0x1052a    : sw a5, -24(s0)             : MemWrite :  D=0x0000000000000005 A=0x7ffffffffffffdd8
4042000: system.cpu: T0 : 0x1052e    : auipc a4, 96               : IntAlu :  D=0x000000000007052e
4043000: system.cpu: T0 : 0x10532    : ld a4, 762(a4)             : MemRead :  D=0x0000000000071960 A=0x70828
4044000: system.cpu: T0 : 0x10536    : lw a5, -24(s0)             : MemRead :  D=0x0000000000000005 A=0x7ffffffffffffdd8
4044500: system.cpu: T0 : 0x1053a    : c_slli a5, 2               : IntAlu :  D=0x0000000000000014
4045000: system.cpu: T0 : 0x1053c    : c_add a5, a4               : IntAlu :  D=0x0000000000071974
4045500: system.cpu: T0 : 0x1053e    : c_lw a3, 0(a5)             : MemRead :  D=0x0000000000000002 A=0x71974
4046000: system.cpu: T0 : 0x10540    : lw a5, -24(s0)             : MemRead :  D=0x0000000000000005 A=0x7ffffffffffffdd8
4046500: system.cpu: T0 : 0x10544    : c_addiw a5, -1             : IntAlu :  D=0x0000000000000004
4047000: system.cpu: T0 : 0x10546    : c_addiw a5, 0              : IntAlu :  D=0x0000000000000004
4047500: system.cpu: T0 : 0x10548    : auipc a4, 96               : IntAlu :  D=0x0000000000070548
4048000: system.cpu: T0 : 0x1054c    : ld a4, 736(a4)             : MemRead :  D=0x0000000000071960 A=0x70828
4048500: system.cpu: T0 : 0x10550    : c_slli a5, 2               : IntAlu :  D=0x0000000000000010
4049000: system.cpu: T0 : 0x10552    : c_add a5, a4               : IntAlu :  D=0x0000000000071970
4049500: system.cpu: T0 : 0x10554    : c_lw a5, 0(a5)             : MemRead :  D=0x0000000000000006 A=0x71970
4050000: system.cpu: T0 : 0x10556    : c_mv a4, a3                : IntAlu :  D=0x0000000000000002
4050500: system.cpu: T0 : 0x10558    : bltu a4, a5, -140          : IntAlu : 
4051000: system.cpu: T0 : 0x104cc    : auipc a4, 96               : IntAlu :  D=0x00000000000704cc
4051500: system.cpu: T0 : 0x104d0    : ld a4, 860(a4)             : MemRead :  D=0x0000000000071960 A=0x70828
4052000: system.cpu: T0 : 0x104d4    : lw a5, -24(s0)             : MemRead :  D=0x0000000000000005 A=0x7ffffffffffffdd8
4052500: system.cpu: T0 : 0x104d8    : c_slli a5, 2               : IntAlu :  D=0x0000000000000014
4053000: system.cpu: T0 : 0x104da    : c_add a5, a4               : IntAlu :  D=0x0000000000071974
4053500: system.cpu: T0 : 0x104dc    : c_lw a5, 0(a5)             : MemRead :  D=0x0000000000000002 A=0x71974
4054500: system.cpu: T0 : 0x104de    : sw a5, -20(s0)             : MemWrite :  D=0x0000000000000002 A=0x7ffffffffffffddc
4055500: system.cpu: T0 : 0x104e2    : lw a5, -24(s0)             : MemRead :  D=0x0000000000000005 A=0x7ffffffffffffdd8
4056000: system.cpu: T0 : 0x104e6    : c_addiw a5, -1             : IntAlu :  D=0x0000000000000004
4056500: system.cpu: T0 : 0x104e8    : c_addiw a5, 0              : IntAlu :  D=0x0000000000000004
4057500: system.cpu: T0 : 0x104ea    : auipc a4, 96               : IntAlu :  D=0x00000000000704ea
4058500: system.cpu: T0 : 0x104ee    : ld a4, 830(a4)             : MemRead :  D=0x0000000000071960 A=0x70828
4059000: system.cpu: T0 : 0x104f2    : c_slli a5, 2               : IntAlu :  D=0x0000000000000010
4059500: system.cpu: T0 : 0x104f4    : c_add a5, a4               : IntAlu :  D=0x0000000000071970
4060000: system.cpu: T0 : 0x104f6    : c_lw a4, 0(a5)             : MemRead :  D=0x0000000000000006 A=0x71970
4060500: system.cpu: T0 : 0x104f8    : auipc a3, 96               : IntAlu :  D=0x00000000000704f8
4061000: system.cpu: T0 : 0x104fc    : ld a3, 816(a3)             : MemRead :  D=0x0000000000071960 A=0x70828
4061500: system.cpu: T0 : 0x10500    : lw a5, -24(s0)             : MemRead :  D=0x0000000000000005 A=0x7ffffffffffffdd8
4062000: system.cpu: T0 : 0x10504    : c_slli a5, 2               : IntAlu :  D=0x0000000000000014
4062500: system.cpu: T0 : 0x10506    : c_add a5, a3               : IntAlu :  D=0x0000000000071974
4063000: system.cpu: T0 : 0x10508    : c_sw a4, 0(a5)             : MemWrite :  D=0x0000000000000006 A=0x71974
4064000: system.cpu: T0 : 0x1050a    : lw a5, -24(s0)             : MemRead :  D=0x0000000000000005 A=0x7ffffffffffffdd8
4064500: system.cpu: T0 : 0x1050e    : c_addiw a5, -1             : IntAlu :  D=0x0000000000000004
4065000: system.cpu: T0 : 0x10510    : c_addiw a5, 0              : IntAlu :  D=0x0000000000000004
4066000: system.cpu: T0 : 0x10512    : lw a4, -20(s0)             : MemRead :  D=0x0000000000000002 A=0x7ffffffffffffddc
4067000: system.cpu: T0 : 0x10516    : auipc a3, 96               : IntAlu :  D=0x0000000000070516
4068000: system.cpu: T0 : 0x1051a    : ld a3, 786(a3)             : MemRead :  D=0x0000000000071960 A=0x70828
4068500: system.cpu: T0 : 0x1051e    : c_slli a5, 2               : IntAlu :  D=0x0000000000000010
4069000: system.cpu: T0 : 0x10520    : c_add a5, a3               : IntAlu :  D=0x0000000000071970
4069500: system.cpu: T0 : 0x10522    : c_sw a4, 0(a5)             : MemWrite :  D=0x0000000000000002 A=0x71970
4070000: system.cpu: T0 : 0x10524    : lw a5, -24(s0)             : MemRead :  D=0x0000000000000005 A=0x7ffffffffffffdd8
4070500: system.cpu: T0 : 0x10528    : c_addiw a5, -1             : IntAlu :  D=0x0000000000000004
4071500: system.cpu: T0 : 0x1052a    : sw a5, -24(s0)             : MemWrite :  D=0x0000000000000004 A=0x7ffffffffffffdd8
4072500: system.cpu: T0 : 0x1052e    : auipc a4, 96               : IntAlu :  D=0x000000000007052e
4073500: system.cpu: T0 : 0x10532    : ld a4, 762(a4)             : MemRead :  D=0x0000000000071960 A=0x70828
4074500: system.cpu: T0 : 0x10536    : lw a5, -24(s0)             : MemRead :  D=0x0000000000000004 A=0x7ffffffffffffdd8
4075000: system.cpu: T0 : 0x1053a    : c_slli a5, 2               : IntAlu :  D=0x0000000000000010
4075500: system.cpu: T0 : 0x1053c    : c_add a5, a4               : IntAlu :  D=0x0000000000071970
4076000: system.cpu: T0 : 0x1053e    : c_lw a3, 0(a5)             : MemRead :  D=0x0000000000000002 A=0x71970
4076500: system.cpu: T0 : 0x10540    : lw a5, -24(s0)             : MemRead :  D=0x0000000000000004 A=0x7ffffffffffffdd8
4077000: system.cpu: T0 : 0x10544    : c_addiw a5, -1             : IntAlu :  D=0x0000000000000003
4077500: system.cpu: T0 : 0x10546    : c_addiw a5, 0              : IntAlu :  D=0x0000000000000003
4078000: system.cpu: T0 : 0x10548    : auipc a4, 96               : IntAlu :  D=0x0000000000070548
4078500: system.cpu: T0 : 0x1054c    : ld a4, 736(a4)             : MemRead :  D=0x0000000000071960 A=0x70828
4079000: system.cpu: T0 : 0x10550    : c_slli a5, 2               : IntAlu :  D=0x000000000000000c
4079500: system.cpu: T0 : 0x10552    : c_add a5, a4               : IntAlu :  D=0x000000000007196c
4080000: system.cpu: T0 : 0x10554    : c_lw a5, 0(a5)             : MemRead :  D=0x0000000000000005 A=0x7196c
4080500: system.cpu: T0 : 0x10556    : c_mv a4, a3                : IntAlu :  D=0x0000000000000002
4081000: system.cpu: T0 : 0x10558    : bltu a4, a5, -140          : IntAlu : 
4081500: system.cpu: T0 : 0x104cc    : auipc a4, 96               : IntAlu :  D=0x00000000000704cc
4082000: system.cpu: T0 : 0x104d0    : ld a4, 860(a4)             : MemRead :  D=0x0000000000071960 A=0x70828
4082500: system.cpu: T0 : 0x104d4    : lw a5, -24(s0)             : MemRead :  D=0x0000000000000004 A=0x7ffffffffffffdd8
4083000: system.cpu: T0 : 0x104d8    : c_slli a5, 2               : IntAlu :  D=0x0000000000000010
4083500: system.cpu: T0 : 0x104da    : c_add a5, a4               : IntAlu :  D=0x0000000000071970
4084000: system.cpu: T0 : 0x104dc    : c_lw a5, 0(a5)             : MemRead :  D=0x0000000000000002 A=0x71970
4085000: system.cpu: T0 : 0x104de    : sw a5, -20(s0)             : MemWrite :  D=0x0000000000000002 A=0x7ffffffffffffddc
4086000: system.cpu: T0 : 0x104e2    : lw a5, -24(s0)             : MemRead :  D=0x0000000000000004 A=0x7ffffffffffffdd8
4086500: system.cpu: T0 : 0x104e6    : c_addiw a5, -1             : IntAlu :  D=0x0000000000000003
4087000: system.cpu: T0 : 0x104e8    : c_addiw a5, 0              : IntAlu :  D=0x0000000000000003
4088000: system.cpu: T0 : 0x104ea    : auipc a4, 96               : IntAlu :  D=0x00000000000704ea
4089000: system.cpu: T0 : 0x104ee    : ld a4, 830(a4)             : MemRead :  D=0x0000000000071960 A=0x70828
4089500: system.cpu: T0 : 0x104f2    : c_slli a5, 2               : IntAlu :  D=0x000000000000000c
4090000: system.cpu: T0 : 0x104f4    : c_add a5, a4               : IntAlu :  D=0x000000000007196c
4090500: system.cpu: T0 : 0x104f6    : c_lw a4, 0(a5)             : MemRead :  D=0x0000000000000005 A=0x7196c
4091000: system.cpu: T0 : 0x104f8    : auipc a3, 96               : IntAlu :  D=0x00000000000704f8
4091500: system.cpu: T0 : 0x104fc    : ld a3, 816(a3)             : MemRead :  D=0x0000000000071960 A=0x70828
4092000: system.cpu: T0 : 0x10500    : lw a5, -24(s0)             : MemRead :  D=0x0000000000000004 A=0x7ffffffffffffdd8
4092500: system.cpu: T0 : 0x10504    : c_slli a5, 2               : IntAlu :  D=0x0000000000000010
4093000: system.cpu: T0 : 0x10506    : c_add a5, a3               : IntAlu :  D=0x0000000000071970
4093500: system.cpu: T0 : 0x10508    : c_sw a4, 0(a5)             : MemWrite :  D=0x0000000000000005 A=0x71970
4094500: system.cpu: T0 : 0x1050a    : lw a5, -24(s0)             : MemRead :  D=0x0000000000000004 A=0x7ffffffffffffdd8
4095000: system.cpu: T0 : 0x1050e    : c_addiw a5, -1             : IntAlu :  D=0x0000000000000003
4095500: system.cpu: T0 : 0x10510    : c_addiw a5, 0              : IntAlu :  D=0x0000000000000003
4096500: system.cpu: T0 : 0x10512    : lw a4, -20(s0)             : MemRead :  D=0x0000000000000002 A=0x7ffffffffffffddc
4097500: system.cpu: T0 : 0x10516    : auipc a3, 96               : IntAlu :  D=0x0000000000070516
4098500: system.cpu: T0 : 0x1051a    : ld a3, 786(a3)             : MemRead :  D=0x0000000000071960 A=0x70828
4099000: system.cpu: T0 : 0x1051e    : c_slli a5, 2               : IntAlu :  D=0x000000000000000c
4099500: system.cpu: T0 : 0x10520    : c_add a5, a3               : IntAlu :  D=0x000000000007196c
4100000: system.cpu: T0 : 0x10522    : c_sw a4, 0(a5)             : MemWrite :  D=0x0000000000000002 A=0x7196c
4100500: system.cpu: T0 : 0x10524    : lw a5, -24(s0)             : MemRead :  D=0x0000000000000004 A=0x7ffffffffffffdd8
4101000: system.cpu: T0 : 0x10528    : c_addiw a5, -1             : IntAlu :  D=0x0000000000000003
4102000: system.cpu: T0 : 0x1052a    : sw a5, -24(s0)             : MemWrite :  D=0x0000000000000003 A=0x7ffffffffffffdd8
4103000: system.cpu: T0 : 0x1052e    : auipc a4, 96               : IntAlu :  D=0x000000000007052e
4104000: system.cpu: T0 : 0x10532    : ld a4, 762(a4)             : MemRead :  D=0x0000000000071960 A=0x70828
4105000: system.cpu: T0 : 0x10536    : lw a5, -24(s0)             : MemRead :  D=0x0000000000000003 A=0x7ffffffffffffdd8
4105500: system.cpu: T0 : 0x1053a    : c_slli a5, 2               : IntAlu :  D=0x000000000000000c
4106000: system.cpu: T0 : 0x1053c    : c_add a5, a4               : IntAlu :  D=0x000000000007196c
4106500: system.cpu: T0 : 0x1053e    : c_lw a3, 0(a5)             : MemRead :  D=0x0000000000000002 A=0x7196c
4107000: system.cpu: T0 : 0x10540    : lw a5, -24(s0)             : MemRead :  D=0x0000000000000003 A=0x7ffffffffffffdd8
4107500: system.cpu: T0 : 0x10544    : c_addiw a5, -1             : IntAlu :  D=0x0000000000000002
4108000: system.cpu: T0 : 0x10546    : c_addiw a5, 0              : IntAlu :  D=0x0000000000000002
4108500: system.cpu: T0 : 0x10548    : auipc a4, 96               : IntAlu :  D=0x0000000000070548
4109000: system.cpu: T0 : 0x1054c    : ld a4, 736(a4)             : MemRead :  D=0x0000000000071960 A=0x70828
4109500: system.cpu: T0 : 0x10550    : c_slli a5, 2               : IntAlu :  D=0x0000000000000008
4110000: system.cpu: T0 : 0x10552    : c_add a5, a4               : IntAlu :  D=0x0000000000071968
4110500: system.cpu: T0 : 0x10554    : c_lw a5, 0(a5)             : MemRead :  D=0x0000000000000004 A=0x71968
4111000: system.cpu: T0 : 0x10556    : c_mv a4, a3                : IntAlu :  D=0x0000000000000002
4111500: system.cpu: T0 : 0x10558    : bltu a4, a5, -140          : IntAlu : 
4112000: system.cpu: T0 : 0x104cc    : auipc a4, 96               : IntAlu :  D=0x00000000000704cc
4112500: system.cpu: T0 : 0x104d0    : ld a4, 860(a4)             : MemRead :  D=0x0000000000071960 A=0x70828
4113000: system.cpu: T0 : 0x104d4    : lw a5, -24(s0)             : MemRead :  D=0x0000000000000003 A=0x7ffffffffffffdd8
4113500: system.cpu: T0 : 0x104d8    : c_slli a5, 2               : IntAlu :  D=0x000000000000000c
4114000: system.cpu: T0 : 0x104da    : c_add a5, a4               : IntAlu :  D=0x000000000007196c
4114500: system.cpu: T0 : 0x104dc    : c_lw a5, 0(a5)             : MemRead :  D=0x0000000000000002 A=0x7196c
4115500: system.cpu: T0 : 0x104de    : sw a5, -20(s0)             : MemWrite :  D=0x0000000000000002 A=0x7ffffffffffffddc
4116500: system.cpu: T0 : 0x104e2    : lw a5, -24(s0)             : MemRead :  D=0x0000000000000003 A=0x7ffffffffffffdd8
4117000: system.cpu: T0 : 0x104e6    : c_addiw a5, -1             : IntAlu :  D=0x0000000000000002
4117500: system.cpu: T0 : 0x104e8    : c_addiw a5, 0              : IntAlu :  D=0x0000000000000002
4118500: system.cpu: T0 : 0x104ea    : auipc a4, 96               : IntAlu :  D=0x00000000000704ea
4119500: system.cpu: T0 : 0x104ee    : ld a4, 830(a4)             : MemRead :  D=0x0000000000071960 A=0x70828
4120000: system.cpu: T0 : 0x104f2    : c_slli a5, 2               : IntAlu :  D=0x0000000000000008
4120500: system.cpu: T0 : 0x104f4    : c_add a5, a4               : IntAlu :  D=0x0000000000071968
4121000: system.cpu: T0 : 0x104f6    : c_lw a4, 0(a5)             : MemRead :  D=0x0000000000000004 A=0x71968
4121500: system.cpu: T0 : 0x104f8    : auipc a3, 96               : IntAlu :  D=0x00000000000704f8
4122000: system.cpu: T0 : 0x104fc    : ld a3, 816(a3)             : MemRead :  D=0x0000000000071960 A=0x70828
4122500: system.cpu: T0 : 0x10500    : lw a5, -24(s0)             : MemRead :  D=0x0000000000000003 A=0x7ffffffffffffdd8
4123000: system.cpu: T0 : 0x10504    : c_slli a5, 2               : IntAlu :  D=0x000000000000000c
4123500: system.cpu: T0 : 0x10506    : c_add a5, a3               : IntAlu :  D=0x000000000007196c
4124000: system.cpu: T0 : 0x10508    : c_sw a4, 0(a5)             : MemWrite :  D=0x0000000000000004 A=0x7196c
4125000: system.cpu: T0 : 0x1050a    : lw a5, -24(s0)             : MemRead :  D=0x0000000000000003 A=0x7ffffffffffffdd8
4125500: system.cpu: T0 : 0x1050e    : c_addiw a5, -1             : IntAlu :  D=0x0000000000000002
4126000: system.cpu: T0 : 0x10510    : c_addiw a5, 0              : IntAlu :  D=0x0000000000000002
4127000: system.cpu: T0 : 0x10512    : lw a4, -20(s0)             : MemRead :  D=0x0000000000000002 A=0x7ffffffffffffddc
4128000: system.cpu: T0 : 0x10516    : auipc a3, 96               : IntAlu :  D=0x0000000000070516
4129000: system.cpu: T0 : 0x1051a    : ld a3, 786(a3)             : MemRead :  D=0x0000000000071960 A=0x70828
4129500: system.cpu: T0 : 0x1051e    : c_slli a5, 2               : IntAlu :  D=0x0000000000000008
4130000: system.cpu: T0 : 0x10520    : c_add a5, a3               : IntAlu :  D=0x0000000000071968
4130500: system.cpu: T0 : 0x10522    : c_sw a4, 0(a5)             : MemWrite :  D=0x0000000000000002 A=0x71968
4131000: system.cpu: T0 : 0x10524    : lw a5, -24(s0)             : MemRead :  D=0x0000000000000003 A=0x7ffffffffffffdd8
4131500: system.cpu: T0 : 0x10528    : c_addiw a5, -1             : IntAlu :  D=0x0000000000000002
4132500: system.cpu: T0 : 0x1052a    : sw a5, -24(s0)             : MemWrite :  D=0x0000000000000002 A=0x7ffffffffffffdd8
4133500: system.cpu: T0 : 0x1052e    : auipc a4, 96               : IntAlu :  D=0x000000000007052e
4134500: system.cpu: T0 : 0x10532    : ld a4, 762(a4)             : MemRead :  D=0x0000000000071960 A=0x70828
4135500: system.cpu: T0 : 0x10536    : lw a5, -24(s0)             : MemRead :  D=0x0000000000000002 A=0x7ffffffffffffdd8
4136000: system.cpu: T0 : 0x1053a    : c_slli a5, 2               : IntAlu :  D=0x0000000000000008
4136500: system.cpu: T0 : 0x1053c    : c_add a5, a4               : IntAlu :  D=0x0000000000071968
4137000: system.cpu: T0 : 0x1053e    : c_lw a3, 0(a5)             : MemRead :  D=0x0000000000000002 A=0x71968
4137500: system.cpu: T0 : 0x10540    : lw a5, -24(s0)             : MemRead :  D=0x0000000000000002 A=0x7ffffffffffffdd8
4138000: system.cpu: T0 : 0x10544    : c_addiw a5, -1             : IntAlu :  D=0x0000000000000001
4138500: system.cpu: T0 : 0x10546    : c_addiw a5, 0              : IntAlu :  D=0x0000000000000001
4139000: system.cpu: T0 : 0x10548    : auipc a4, 96               : IntAlu :  D=0x0000000000070548
4139500: system.cpu: T0 : 0x1054c    : ld a4, 736(a4)             : MemRead :  D=0x0000000000071960 A=0x70828
4140000: system.cpu: T0 : 0x10550    : c_slli a5, 2               : IntAlu :  D=0x0000000000000004
4140500: system.cpu: T0 : 0x10552    : c_add a5, a4               : IntAlu :  D=0x0000000000071964
4141000: system.cpu: T0 : 0x10554    : c_lw a5, 0(a5)             : MemRead :  D=0x0000000000000003 A=0x71964
4141500: system.cpu: T0 : 0x10556    : c_mv a4, a3                : IntAlu :  D=0x0000000000000002
4142000: system.cpu: T0 : 0x10558    : bltu a4, a5, -140          : IntAlu : 
4142500: system.cpu: T0 : 0x104cc    : auipc a4, 96               : IntAlu :  D=0x00000000000704cc
4143000: system.cpu: T0 : 0x104d0    : ld a4, 860(a4)             : MemRead :  D=0x0000000000071960 A=0x70828
4143500: system.cpu: T0 : 0x104d4    : lw a5, -24(s0)             : MemRead :  D=0x0000000000000002 A=0x7ffffffffffffdd8
4144000: system.cpu: T0 : 0x104d8    : c_slli a5, 2               : IntAlu :  D=0x0000000000000008
4144500: system.cpu: T0 : 0x104da    : c_add a5, a4               : IntAlu :  D=0x0000000000071968
4145000: system.cpu: T0 : 0x104dc    : c_lw a5, 0(a5)             : MemRead :  D=0x0000000000000002 A=0x71968
4146000: system.cpu: T0 : 0x104de    : sw a5, -20(s0)             : MemWrite :  D=0x0000000000000002 A=0x7ffffffffffffddc
4147000: system.cpu: T0 : 0x104e2    : lw a5, -24(s0)             : MemRead :  D=0x0000000000000002 A=0x7ffffffffffffdd8
4147500: system.cpu: T0 : 0x104e6    : c_addiw a5, -1             : IntAlu :  D=0x0000000000000001
4148000: system.cpu: T0 : 0x104e8    : c_addiw a5, 0              : IntAlu :  D=0x0000000000000001
4149000: system.cpu: T0 : 0x104ea    : auipc a4, 96               : IntAlu :  D=0x00000000000704ea
4150000: system.cpu: T0 : 0x104ee    : ld a4, 830(a4)             : MemRead :  D=0x0000000000071960 A=0x70828
4150500: system.cpu: T0 : 0x104f2    : c_slli a5, 2               : IntAlu :  D=0x0000000000000004
4151000: system.cpu: T0 : 0x104f4    : c_add a5, a4               : IntAlu :  D=0x0000000000071964
4151500: system.cpu: T0 : 0x104f6    : c_lw a4, 0(a5)             : MemRead :  D=0x0000000000000003 A=0x71964
4152000: system.cpu: T0 : 0x104f8    : auipc a3, 96               : IntAlu :  D=0x00000000000704f8
4152500: system.cpu: T0 : 0x104fc    : ld a3, 816(a3)             : MemRead :  D=0x0000000000071960 A=0x70828
4153000: system.cpu: T0 : 0x10500    : lw a5, -24(s0)             : MemRead :  D=0x0000000000000002 A=0x7ffffffffffffdd8
4153500: system.cpu: T0 : 0x10504    : c_slli a5, 2               : IntAlu :  D=0x0000000000000008
4154000: system.cpu: T0 : 0x10506    : c_add a5, a3               : IntAlu :  D=0x0000000000071968
4154500: system.cpu: T0 : 0x10508    : c_sw a4, 0(a5)             : MemWrite :  D=0x0000000000000003 A=0x71968
4155500: system.cpu: T0 : 0x1050a    : lw a5, -24(s0)             : MemRead :  D=0x0000000000000002 A=0x7ffffffffffffdd8
4156000: system.cpu: T0 : 0x1050e    : c_addiw a5, -1             : IntAlu :  D=0x0000000000000001
4156500: system.cpu: T0 : 0x10510    : c_addiw a5, 0              : IntAlu :  D=0x0000000000000001
4157500: system.cpu: T0 : 0x10512    : lw a4, -20(s0)             : MemRead :  D=0x0000000000000002 A=0x7ffffffffffffddc
4158500: system.cpu: T0 : 0x10516    : auipc a3, 96               : IntAlu :  D=0x0000000000070516
4159500: system.cpu: T0 : 0x1051a    : ld a3, 786(a3)             : MemRead :  D=0x0000000000071960 A=0x70828
4160000: system.cpu: T0 : 0x1051e    : c_slli a5, 2               : IntAlu :  D=0x0000000000000004
4160500: system.cpu: T0 : 0x10520    : c_add a5, a3               : IntAlu :  D=0x0000000000071964
4161000: system.cpu: T0 : 0x10522    : c_sw a4, 0(a5)             : MemWrite :  D=0x0000000000000002 A=0x71964
4161500: system.cpu: T0 : 0x10524    : lw a5, -24(s0)             : MemRead :  D=0x0000000000000002 A=0x7ffffffffffffdd8
4162000: system.cpu: T0 : 0x10528    : c_addiw a5, -1             : IntAlu :  D=0x0000000000000001
4163000: system.cpu: T0 : 0x1052a    : sw a5, -24(s0)             : MemWrite :  D=0x0000000000000001 A=0x7ffffffffffffdd8
4164000: system.cpu: T0 : 0x1052e    : auipc a4, 96               : IntAlu :  D=0x000000000007052e
4165000: system.cpu: T0 : 0x10532    : ld a4, 762(a4)             : MemRead :  D=0x0000000000071960 A=0x70828
4166000: system.cpu: T0 : 0x10536    : lw a5, -24(s0)             : MemRead :  D=0x0000000000000001 A=0x7ffffffffffffdd8
4166500: system.cpu: T0 : 0x1053a    : c_slli a5, 2               : IntAlu :  D=0x0000000000000004
4167000: system.cpu: T0 : 0x1053c    : c_add a5, a4               : IntAlu :  D=0x0000000000071964
4167500: system.cpu: T0 : 0x1053e    : c_lw a3, 0(a5)             : MemRead :  D=0x0000000000000002 A=0x71964
4168000: system.cpu: T0 : 0x10540    : lw a5, -24(s0)             : MemRead :  D=0x0000000000000001 A=0x7ffffffffffffdd8
4168500: system.cpu: T0 : 0x10544    : c_addiw a5, -1             : IntAlu :  D=0x0000000000000000
4169000: system.cpu: T0 : 0x10546    : c_addiw a5, 0              : IntAlu :  D=0x0000000000000000
4169500: system.cpu: T0 : 0x10548    : auipc a4, 96               : IntAlu :  D=0x0000000000070548
4170000: system.cpu: T0 : 0x1054c    : ld a4, 736(a4)             : MemRead :  D=0x0000000000071960 A=0x70828
4170500: system.cpu: T0 : 0x10550    : c_slli a5, 2               : IntAlu :  D=0x0000000000000000
4171000: system.cpu: T0 : 0x10552    : c_add a5, a4               : IntAlu :  D=0x0000000000071960
4171500: system.cpu: T0 : 0x10554    : c_lw a5, 0(a5)             : MemRead :  D=0x0000000000000000 A=0x71960
4172000: system.cpu: T0 : 0x10556    : c_mv a4, a3                : IntAlu :  D=0x0000000000000002
4172500: system.cpu: T0 : 0x10558    : bltu a4, a5, -140          : IntAlu : 
4173000: system.cpu: T0 : 0x1055c    : lw a5, -28(s0)             : MemRead :  D=0x000000000000000a A=0x7ffffffffffffdd4
4173500: system.cpu: T0 : 0x10560    : c_addiw a5, 1              : IntAlu :  D=0x000000000000000b
4174500: system.cpu: T0 : 0x10562    : sw a5, -28(s0)             : MemWrite :  D=0x000000000000000b A=0x7ffffffffffffdd4
4175500: system.cpu: T0 : 0x10566    : lw a5, -28(s0)             : MemRead :  D=0x000000000000000b A=0x7ffffffffffffdd4
4176500: system.cpu: T0 : 0x1056a    : addiw a4, a5, 0            : IntAlu :  D=0x000000000000000b
4177000: system.cpu: T0 : 0x1056e    : c_li a5, 10                : IntAlu :  D=0x000000000000000a
4177500: system.cpu: T0 : 0x10570    : bge a5, a4, -174           : IntAlu : 
4178000: system.cpu: T0 : 0x10574    : c_li a5, 1                 : IntAlu :  D=0x0000000000000001
4178500: system.cpu: T0 : 0x10576    : c_mv a0, a5                : IntAlu :  D=0x0000000000000001
4179000: system.cpu: T0 : 0x10578    : c_ldsp s0, 24(sp)          : MemRead :  D=0x0000000000010a4a A=0x7ffffffffffffde8
4179500: system.cpu: T0 : 0x1057a    : c_addi16sp sp, 32          : IntAlu :  D=0x7ffffffffffffdf0
4180000: system.cpu: T0 : 0x1057c    : c_jr ra                    : IntAlu : 
4180500: system.cpu: T0 : 0x10710    : jal ra, 17144              : IntAlu :  D=0x0000000000010714
4181000: system.cpu: T0 : 0x14a08    : c_addi sp, -16             : IntAlu :  D=0x7ffffffffffffde0
4181500: system.cpu: T0 : 0x14a0a    : c_li a3, 1                 : IntAlu :  D=0x0000000000000001
4182000: system.cpu: T0 : 0x14a0c    : c_li a2, 1                 : IntAlu :  D=0x0000000000000001
4183000: system.cpu: T0 : 0x14a0e    : addi a1, gp, -1936         : IntAlu :  D=0x00000000000708a0
4183500: system.cpu: T0 : 0x14a12    : c_sdsp ra, 8(sp)           : MemWrite :  D=0x0000000000010714 A=0x7ffffffffffffde8
4184000: system.cpu: T0 : 0x14a14    : jal ra, -468               : IntAlu :  D=0x0000000000014a18
4184500: system.cpu: T0 : 0x14840    : c_addi16sp sp, -128        : IntAlu :  D=0x7ffffffffffffd60
4185000: system.cpu: T0 : 0x14842    : c_sdsp s6, 64(sp)          : MemWrite :  D=0x0000000000000000 A=0x7ffffffffffffda0
4185500: system.cpu: T0 : 0x14844    : c_sdsp s7, 56(sp)          : MemWrite :  D=0x0000000000000000 A=0x7ffffffffffffd98
4186000: system.cpu: T0 : 0x14846    : c_sdsp ra, 120(sp)         : MemWrite :  D=0x0000000000014a18 A=0x7ffffffffffffdd8
4186500: system.cpu: T0 : 0x14848    : c_sdsp s0, 112(sp)         : MemWrite :  D=0x0000000000010a4a A=0x7ffffffffffffdd0
4187000: system.cpu: T0 : 0x1484a    : c_sdsp s1, 104(sp)         : MemWrite :  D=0x0000000000010ada A=0x7ffffffffffffdc8
4187500: system.cpu: T0 : 0x1484c    : c_sdsp s2, 96(sp)          : MemWrite :  D=0x0000000000000000 A=0x7ffffffffffffdc0
4188000: system.cpu: T0 : 0x1484e    : c_sdsp s3, 88(sp)          : MemWrite :  D=0x0000000000000000 A=0x7ffffffffffffdb8
4188500: system.cpu: T0 : 0x14850    : c_sdsp s4, 80(sp)          : MemWrite :  D=0x0000000000000000 A=0x7ffffffffffffdb0
4189000: system.cpu: T0 : 0x14852    : c_sdsp s5, 72(sp)          : MemWrite :  D=0x0000000000000000 A=0x7ffffffffffffda8
4189500: system.cpu: T0 : 0x14854    : c_sdsp s8, 48(sp)          : MemWrite :  D=0x0000000000000000 A=0x7ffffffffffffd90
4190000: system.cpu: T0 : 0x14856    : c_sdsp s9, 40(sp)          : MemWrite :  D=0x0000000000000000 A=0x7ffffffffffffd88
4190500: system.cpu: T0 : 0x14858    : c_sdsp s10, 32(sp)         : MemWrite :  D=0x0000000000000000 A=0x7ffffffffffffd80
4191000: system.cpu: T0 : 0x1485a    : c_sdsp s11, 24(sp)         : MemWrite :  D=0x0000000000000000 A=0x7ffffffffffffd78
4191500: system.cpu: T0 : 0x1485c    : addi a5, zero, 0           : IntAlu :  D=0x0000000000000000
4192000: system.cpu: T0 : 0x14860    : c_sdsp a2, 8(sp)           : MemWrite :  D=0x0000000000000001 A=0x7ffffffffffffd68
4192500: system.cpu: T0 : 0x14862    : c_mv s6, a0                : IntAlu :  D=0x0000000000000001
4193000: system.cpu: T0 : 0x14864    : c_mv s7, a1                : IntAlu :  D=0x00000000000708a0
4193500: system.cpu: T0 : 0x14866    : c_beqz a5, 6               : IntAlu : 
4194000: system.cpu: T0 : 0x1486c    : lui s9, 114                : IntAlu :  D=0x0000000000072000
4194500: system.cpu: T0 : 0x14870    : lui s11, 114               : IntAlu :  D=0x0000000000072000
4195000: system.cpu: T0 : 0x14874    : c_li s4, 0                 : IntAlu :  D=0x0000000000000000
4195500: system.cpu: T0 : 0x14876    : c_li s3, 1                 : IntAlu :  D=0x0000000000000001
4196000: system.cpu: T0 : 0x14878    : c_li a4, 1                 : IntAlu :  D=0x0000000000000001
4197000: system.cpu: T0 : 0x1487a    : addi a3, s9, -552          : IntAlu :  D=0x0000000000071dd8
4198000: system.cpu: T0 : 0x1487e    : lr_w a5, (a3)             
4198000: system.cpu: T0 : 0x1487e. 0 : lr_w a5, (a3)              : MemRead :  D=0x0000000000000000 A=0x71dd8
4198500: system.cpu: T0 : 0x14882    : c_bnez a5, 8               : IntAlu : 
4199000: system.cpu: T0 : 0x14884    : sc_w_aq a2, a4, (a3)      
4199000: system.cpu: T0 : 0x14884. 0 : sc_w a2, a4, (a3)          : MemWrite :  D=0x0000000000000000 A=0x71dd8
4199500: system.cpu: T0 : 0x14884. 1 : 0x1ce6a62f fence           : No_OpClass : 
4200000: system.cpu: T0 : 0x14888    : c_bnez a2, -10             : IntAlu : 
4200500: system.cpu: T0 : 0x1488a    : c_addiw a5, 0              : IntAlu :  D=0x0000000000000000
4201000: system.cpu: T0 : 0x1488c    : bne a5, zero, 338          : IntAlu : 
4201500: system.cpu: T0 : 0x14890    : ld s10, 0(s7)              : MemRead :  D=0x0000000000071148 A=0x708a0
4202000: system.cpu: T0 : 0x14894    : beq s10, zero, 152         : IntAlu : 
4202500: system.cpu: T0 : 0x14898    : c_li s5, 3                 : IntAlu :  D=0x0000000000000003
4203000: system.cpu: T0 : 0x1489a    : c_li s2, 4                 : IntAlu :  D=0x0000000000000004
4203500: system.cpu: T0 : 0x1489c    : c_li s1, 2                 : IntAlu :  D=0x0000000000000002
4204000: system.cpu: T0 : 0x1489e    : c_li s0, 1                 : IntAlu :  D=0x0000000000000001
4204500: system.cpu: T0 : 0x148a0    : c_j 34                     : IntAlu : 
4205500: system.cpu: T0 : 0x148c2    : ld a5, 8(s10)              : MemRead :  D=0x0000000000000001 A=0x71150
4206000: system.cpu: T0 : 0x148c6    : c_beqz a5, 222             : IntAlu : 
4206500: system.cpu: T0 : 0x148c8    : ld s8, -544(s11)           : MemRead :  D=0x0000000000000001 A=0x71de0
4207000: system.cpu: T0 : 0x148cc    : c_addi a5, -1              : IntAlu :  D=0x0000000000000000
4208000: system.cpu: T0 : 0x148ce    : sd a5, 8(s10)              : MemWrite :  D=0x0000000000000000 A=0x71150
4208500: system.cpu: T0 : 0x148d2    : c_mv a4, s4                : IntAlu :  D=0x0000000000000000
4209000: system.cpu: T0 : 0x148d4    : addi a3, s9, -552          : IntAlu :  D=0x0000000000071dd8
4209500: system.cpu: T0 : 0x148d8    : fence iorw, ow             : No_OpClass : 
4210000: system.cpu: T0 : 0x148dc    : amoswap_w a4, a4, (a3)    
4210000: system.cpu: T0 : 0x148dc. 0 : amoswap_w[l] a4, a4, (a3)  : MemRead :  D=0x0000000000000001 A=0x71dd8
4210500: system.cpu: T0 : 0x148e0    : c_addiw a4, 0              : IntAlu :  D=0x0000000000000001
4211500: system.cpu: T0 : 0x148e2    : blt s3, a4, 172            : IntAlu : 
4212000: system.cpu: T0 : 0x148e6    : c_slli a5, 5               : IntAlu :  D=0x0000000000000000
4212500: system.cpu: T0 : 0x148e8    : c_add a5, s10              : IntAlu :  D=0x0000000000071148
4213000: system.cpu: T0 : 0x148ea    : c_ld a4, 16(a5)            : MemRead :  D=0x0000000000000004 A=0x71158
4213500: system.cpu: T0 : 0x148ec    : beq a4, s5, 146            : IntAlu : 
4214000: system.cpu: T0 : 0x148f0    : bne a4, s2, -78            : IntAlu : 
4214500: system.cpu: T0 : 0x148f4    : c_ld a4, 24(a5)            : MemRead :  D=0x0000000000010ada A=0x71160
4215000: system.cpu: T0 : 0x148f6    : c_ld a0, 32(a5)            : MemRead :  D=0x0000000000000000 A=0x71168
4215500: system.cpu: T0 : 0x148f8    : sd zero, 16(a5)            : MemWrite :  D=0x0000000000000000 A=0x71158
4216000: system.cpu: T0 : 0x148fc    : c_mv a1, s6                : IntAlu :  D=0x0000000000000001
4216500: system.cpu: T0 : 0x148fe    : c_jalr a4                  : IntAlu :  D=0x0000000000014900
4217000: system.cpu: T0 : 0x10ada    : c_addi sp, -32             : IntAlu :  D=0x7ffffffffffffd40
4217500: system.cpu: T0 : 0x10adc    : c_sdsp s0, 16(sp)          : MemWrite :  D=0x0000000000000001 A=0x7ffffffffffffd50
4218500: system.cpu: T0 : 0x10ade    : lui a5, 111                : IntAlu :  D=0x000000000006f000
4219500: system.cpu: T0 : 0x10ae2    : lui s0, 111                : IntAlu :  D=0x000000000006f000
4220500: system.cpu: T0 : 0x10ae6    : addi s0, s0, -1280         : IntAlu :  D=0x000000000006eb00
4221500: system.cpu: T0 : 0x10aea    : addi a5, a5, -1264         : IntAlu :  D=0x000000000006eb10
4222000: system.cpu: T0 : 0x10aee    : c_sub a5, s0               : IntAlu :  D=0x0000000000000010
4222500: system.cpu: T0 : 0x10af0    : c_sdsp ra, 24(sp)          : MemWrite :  D=0x0000000000014900 A=0x7ffffffffffffd58
4223000: system.cpu: T0 : 0x10af2    : c_sdsp s1, 8(sp)           : MemWrite :  D=0x0000000000000002 A=0x7ffffffffffffd48
4223500: system.cpu: T0 : 0x10af4    : c_sdsp s2, 0(sp)           : MemWrite :  D=0x0000000000000004 A=0x7ffffffffffffd40
4224500: system.cpu: T0 : 0x10af6    : srai a4, a5, 3             : IntAlu :  D=0x0000000000000002
4225000: system.cpu: T0 : 0x10afa    : c_beqz a4, 24              : IntAlu : 
4225500: system.cpu: T0 : 0x10afc    : c_addi a5, -8              : IntAlu :  D=0x0000000000000008
4226500: system.cpu: T0 : 0x10afe    : addi s1, a4, -1            : IntAlu :  D=0x0000000000000001
4227000: system.cpu: T0 : 0x10b02    : c_add s0, a5               : IntAlu :  D=0x000000000006eb08
4227500: system.cpu: T0 : 0x10b04    : c_li s2, -1                : IntAlu :  D=0xffffffffffffffff
4228000: system.cpu: T0 : 0x10b06    : c_ld a5, 0(s0)             : MemRead :  D=0x0000000000010340 A=0x6eb08
4228500: system.cpu: T0 : 0x10b08    : c_addi s1, -1              : IntAlu :  D=0x0000000000000000
4229000: system.cpu: T0 : 0x10b0a    : c_addi s0, -8              : IntAlu :  D=0x000000000006eb00
4229500: system.cpu: T0 : 0x10b0c    : c_jalr a5                  : IntAlu :  D=0x0000000000010b0e
4230000: system.cpu: T0 : 0x10340    : addi a0, gp, 1616          : IntAlu :  D=0x0000000000071680
4230500: system.cpu: T0 : 0x10344    : jal zero, 209186           : IntAlu :  D=0x0000000000010348
4231000: system.cpu: T0 : 0x43466    : c_addi sp, -32             : IntAlu :  D=0x7ffffffffffffd20
4231500: system.cpu: T0 : 0x43468    : c_sdsp s1, 8(sp)           : MemWrite :  D=0x0000000000000000 A=0x7ffffffffffffd28
4232000: system.cpu: T0 : 0x4346a    : c_ld s1, 0(a0)             : MemRead :  D=0x0000000000000000 A=0x71680
4232500: system.cpu: T0 : 0x4346c    : c_sdsp ra, 24(sp)          : MemWrite :  D=0x0000000000010b0e A=0x7ffffffffffffd38
4233000: system.cpu: T0 : 0x4346e    : c_sdsp s0, 16(sp)          : MemWrite :  D=0x000000000006eb00 A=0x7ffffffffffffd30
4233500: system.cpu: T0 : 0x43470    : c_beqz s1, 20              : IntAlu : 
4234000: system.cpu: T0 : 0x43484    : c_ldsp ra, 24(sp)          : MemRead :  D=0x0000000000010b0e A=0x7ffffffffffffd38
4234500: system.cpu: T0 : 0x43486    : c_ldsp s0, 16(sp)          : MemRead :  D=0x000000000006eb00 A=0x7ffffffffffffd30
4235000: system.cpu: T0 : 0x43488    : c_ldsp s1, 8(sp)           : MemRead :  D=0x0000000000000000 A=0x7ffffffffffffd28
4235500: system.cpu: T0 : 0x4348a    : c_addi16sp sp, 32          : IntAlu :  D=0x7ffffffffffffd40
4236000: system.cpu: T0 : 0x4348c    : c_jr ra                    : IntAlu : 
4237000: system.cpu: T0 : 0x10b0e    : bne s1, s2, -8             : IntAlu : 
4237500: system.cpu: T0 : 0x10b06    : c_ld a5, 0(s0)             : MemRead :  D=0x00000000000103d6 A=0x6eb00
4238000: system.cpu: T0 : 0x10b08    : c_addi s1, -1              : IntAlu :  D=0xffffffffffffffff
4238500: system.cpu: T0 : 0x10b0a    : c_addi s0, -8              : IntAlu :  D=0x000000000006eaf8
4239000: system.cpu: T0 : 0x10b0c    : c_jalr a5                  : IntAlu :  D=0x0000000000010b0e
4239500: system.cpu: T0 : 0x103d6    : c_addi sp, -16             : IntAlu :  D=0x7ffffffffffffd30
4240000: system.cpu: T0 : 0x103d8    : c_sdsp s0, 0(sp)           : MemWrite :  D=0x000000000006eaf8 A=0x7ffffffffffffd30
4241000: system.cpu: T0 : 0x103da    : lbu a5, -1016(gp)          : MemRead :  D=0x0000000000000000 A=0x70c38
4241500: system.cpu: T0 : 0x103de    : c_sdsp ra, 8(sp)           : MemWrite :  D=0x0000000000010b0e A=0x7ffffffffffffd38
4242000: system.cpu: T0 : 0x103e0    : c_bnez a5, 34              : IntAlu : 
4243000: system.cpu: T0 : 0x103e2    : jal ra, -96                : IntAlu :  D=0x00000000000103e6
4244000: system.cpu: T0 : 0x10382    : lui a0, 112                : IntAlu :  D=0x0000000000070000
4245000: system.cpu: T0 : 0x10386    : lui a4, 112                : IntAlu :  D=0x0000000000070000
4246000: system.cpu: T0 : 0x1038a    : addi a5, a0, 2032          : IntAlu :  D=0x00000000000707f0
4247000: system.cpu: T0 : 0x1038e    : addi a4, a4, 2032          : IntAlu :  D=0x00000000000707f0
4248000: system.cpu: T0 : 0x10392    : beq a4, a5, 18             : IntAlu : 
4248500: system.cpu: T0 : 0x103a4    : c_jr ra                    : IntAlu : 
4249500: system.cpu: T0 : 0x103e6    : lui a5, 76                 : IntAlu :  D=0x000000000004c000
4250500: system.cpu: T0 : 0x103ea    : addi a5, a5, 1744          : IntAlu :  D=0x000000000004c6d0
4251000: system.cpu: T0 : 0x103ee    : c_beqz a5, 14              : IntAlu : 
4251500: system.cpu: T0 : 0x103f0    : lui a0, 106                : IntAlu :  D=0x000000000006a000
4252000: system.cpu: T0 : 0x103f4    : addi a0, a0, 560           : IntAlu :  D=0x000000000006a230
4252500: system.cpu: T0 : 0x103f8    : jal ra, 246488             : IntAlu :  D=0x00000000000103fc
4253000: system.cpu: T0 : 0x4c6d0    : c_j -222                   : IntAlu : 
4253500: system.cpu: T0 : 0x4c5f2    : c_addi sp, -32             : IntAlu :  D=0x7ffffffffffffd10
4254000: system.cpu: T0 : 0x4c5f4    : c_sdsp ra, 24(sp)          : MemWrite :  D=0x00000000000103fc A=0x7ffffffffffffd28
4254500: system.cpu: T0 : 0x4c5f6    : c_sdsp s0, 16(sp)          : MemWrite :  D=0x000000000006eaf8 A=0x7ffffffffffffd20
4255000: system.cpu: T0 : 0x4c5f8    : c_sdsp s1, 8(sp)           : MemWrite :  D=0xffffffffffffffff A=0x7ffffffffffffd18
4255500: system.cpu: T0 : 0x4c5fa    : c_sdsp s2, 0(sp)           : MemWrite :  D=0xffffffffffffffff A=0x7ffffffffffffd10
4256000: system.cpu: T0 : 0x4c5fc    : c_beqz a0, 160             : IntAlu : 
4256500: system.cpu: T0 : 0x4c5fe    : c_lw a5, 0(a0)             : MemRead :  D=0x000000000000001c A=0x6a230
4257000: system.cpu: T0 : 0x4c600    : c_mv s1, a0                : IntAlu :  D=0x000000000006a230
4257500: system.cpu: T0 : 0x4c602    : c_beqz a5, 154             : IntAlu : 
4258000: system.cpu: T0 : 0x4c604    : auipc s2, 36               : IntAlu :  D=0x0000000000070604
4258500: system.cpu: T0 : 0x4c608    : ld s2, 516(s2)             : MemRead :  D=0x0000000000000000 A=0x70808
4259000: system.cpu: T0 : 0x4c60c    : beq s2, zero, 22           : IntAlu : 
4260000: system.cpu: T0 : 0x4c622    : addi a2, gp, 1880          : IntAlu :  D=0x0000000000071788
4261000: system.cpu: T0 : 0x4c626    : ld a5, 448(a2)             : MemRead :  D=0x0000000000070c40 A=0x71948
4261500: system.cpu: T0 : 0x4c62a    : c_beqz a5, 66              : IntAlu : 
4262000: system.cpu: T0 : 0x4c62c    : auipc a3, 37               : IntAlu :  D=0x000000000007162c
4262500: system.cpu: T0 : 0x4c630    : addi a3, a3, 796           : IntAlu :  D=0x0000000000071948
4263000: system.cpu: T0 : 0x4c634    : c_j 8                      : IntAlu : 
4263500: system.cpu: T0 : 0x4c63c    : c_ld a4, 24(a5)            : MemRead :  D=0x000000000006a230 A=0x70c58
4264000: system.cpu: T0 : 0x4c63e    : c_mv s0, a5                : IntAlu :  D=0x0000000000070c40
4264500: system.cpu: T0 : 0x4c640    : c_ld a5, 40(a5)            : MemRead :  D=0x0000000000000000 A=0x70c68
4265500: system.cpu: T0 : 0x4c642    : bne s1, a4, -12            : IntAlu : 
4266000: system.cpu: T0 : 0x4c646    : c_sd a5, 0(a3)             : MemWrite :  D=0x0000000000000000 A=0x71948
4266500: system.cpu: T0 : 0x4c648    : beq s2, zero, 22           : IntAlu : 
4267000: system.cpu: T0 : 0x4c65e    : c_ldsp ra, 24(sp)          : MemRead :  D=0x00000000000103fc A=0x7ffffffffffffd28
4267500: system.cpu: T0 : 0x4c660    : c_mv a0, s0                : IntAlu :  D=0x0000000000070c40
4268000: system.cpu: T0 : 0x4c662    : c_ldsp s0, 16(sp)          : MemRead :  D=0x000000000006eaf8 A=0x7ffffffffffffd20
4268500: system.cpu: T0 : 0x4c664    : c_ldsp s1, 8(sp)           : MemRead :  D=0xffffffffffffffff A=0x7ffffffffffffd18
4269000: system.cpu: T0 : 0x4c666    : c_ldsp s2, 0(sp)           : MemRead :  D=0xffffffffffffffff A=0x7ffffffffffffd10
4269500: system.cpu: T0 : 0x4c668    : c_addi16sp sp, 32          : IntAlu :  D=0x7ffffffffffffd30
4270000: system.cpu: T0 : 0x4c66a    : c_jr ra                    : IntAlu : 
4270500: system.cpu: T0 : 0x103fc    : c_li a5, 1                 : IntAlu :  D=0x0000000000000001
4271500: system.cpu: T0 : 0x103fe    : sb a5, -1016(gp)           : MemWrite :  D=0x0000000000000001 A=0x70c38
4272000: system.cpu: T0 : 0x10402    : c_ldsp ra, 8(sp)           : MemRead :  D=0x0000000000010b0e A=0x7ffffffffffffd38
4272500: system.cpu: T0 : 0x10404    : c_ldsp s0, 0(sp)           : MemRead :  D=0x000000000006eaf8 A=0x7ffffffffffffd30
4273000: system.cpu: T0 : 0x10406    : c_addi sp, 16              : IntAlu :  D=0x7ffffffffffffd40
4273500: system.cpu: T0 : 0x10408    : c_jr ra                    : IntAlu : 
4274500: system.cpu: T0 : 0x10b0e    : bne s1, s2, -8             : IntAlu : 
4275000: system.cpu: T0 : 0x10b12    : c_ldsp ra, 24(sp)          : MemRead :  D=0x0000000000014900 A=0x7ffffffffffffd58
4275500: system.cpu: T0 : 0x10b14    : c_ldsp s0, 16(sp)          : MemRead :  D=0x0000000000000001 A=0x7ffffffffffffd50
4276000: system.cpu: T0 : 0x10b16    : c_ldsp s1, 8(sp)           : MemRead :  D=0x0000000000000002 A=0x7ffffffffffffd48
4276500: system.cpu: T0 : 0x10b18    : c_ldsp s2, 0(sp)           : MemRead :  D=0x0000000000000004 A=0x7ffffffffffffd40
4277000: system.cpu: T0 : 0x10b1a    : c_addi16sp sp, 32          : IntAlu :  D=0x7ffffffffffffd60
4277500: system.cpu: T0 : 0x10b1c    : c_jr ra                    : IntAlu : 
4278000: system.cpu: T0 : 0x14900    : addi a4, s9, -552          : IntAlu :  D=0x0000000000071dd8
4278500: system.cpu: T0 : 0x14904    : lr_w a5, (a4)             
4278500: system.cpu: T0 : 0x14904. 0 : lr_w a5, (a4)              : MemRead :  D=0x0000000000000000 A=0x71dd8
4279000: system.cpu: T0 : 0x14908    : c_bnez a5, 8               : IntAlu : 
4280000: system.cpu: T0 : 0x1490a    : sc_w_aq a3, s0, (a4)      
4280000: system.cpu: T0 : 0x1490a. 0 : sc_w a3, s0, (a4)          : MemWrite :  D=0x0000000000000000 A=0x71dd8
4280500: system.cpu: T0 : 0x1490a. 1 : 0x1c8726af fence           : No_OpClass : 
4281000: system.cpu: T0 : 0x1490e    : c_bnez a3, -10             : IntAlu : 
4281500: system.cpu: T0 : 0x14910    : c_addiw a5, 0              : IntAlu :  D=0x0000000000000000
4282000: system.cpu: T0 : 0x14912    : c_beqz a5, -88             : IntAlu : 
4283000: system.cpu: T0 : 0x148ba    : ld a5, -544(s11)           : MemRead :  D=0x0000000000000001 A=0x71de0
4284000: system.cpu: T0 : 0x148be    : bne a5, s8, 102            : IntAlu : 
4285000: system.cpu: T0 : 0x148c2    : ld a5, 8(s10)              : MemRead :  D=0x0000000000000000 A=0x71150
4285500: system.cpu: T0 : 0x148c6    : c_beqz a5, 222             : IntAlu : 
4286000: system.cpu: T0 : 0x149a4    : ld a5, 0(s10)              : MemRead :  D=0x0000000000000000 A=0x71148
4286500: system.cpu: T0 : 0x149a8    : sd a5, 0(s7)               : MemWrite :  D=0x0000000000000000 A=0x708a0
4287000: system.cpu: T0 : 0x149ac    : c_beqz a5, 8               : IntAlu : 
4287500: system.cpu: T0 : 0x149b4    : c_mv a5, s4                : IntAlu :  D=0x0000000000000000
4288500: system.cpu: T0 : 0x149b6    : addi a4, s9, -552          : IntAlu :  D=0x0000000000071dd8
4289500: system.cpu: T0 : 0x149ba    : fence iorw, ow             : No_OpClass : 
4290500: system.cpu: T0 : 0x149be    : amoswap_w a5, a5, (a4)    
4290500: system.cpu: T0 : 0x149be. 0 : amoswap_w[l] a5, a5, (a4)  : MemRead :  D=0x0000000000000001 A=0x71dd8
4291000: system.cpu: T0 : 0x149c2    : c_addiw a5, 0              : IntAlu :  D=0x0000000000000001
4291500: system.cpu: T0 : 0x149c4    : bge s3, a5, -332           : IntAlu : 
4292000: system.cpu: T0 : 0x14878    : c_li a4, 1                 : IntAlu :  D=0x0000000000000001
4293000: system.cpu: T0 : 0x1487a    : addi a3, s9, -552          : IntAlu :  D=0x0000000000071dd8
4294000: system.cpu: T0 : 0x1487e    : lr_w a5, (a3)             
4294000: system.cpu: T0 : 0x1487e. 0 : lr_w a5, (a3)              : MemRead :  D=0x0000000000000000 A=0x71dd8
4294500: system.cpu: T0 : 0x14882    : c_bnez a5, 8               : IntAlu : 
4295000: system.cpu: T0 : 0x14884    : sc_w_aq a2, a4, (a3)      
4295000: system.cpu: T0 : 0x14884. 0 : sc_w a2, a4, (a3)          : MemWrite :  D=0x0000000000000000 A=0x71dd8
4295500: system.cpu: T0 : 0x14884. 1 : 0x1ce6a62f fence           : No_OpClass : 
4296000: system.cpu: T0 : 0x14888    : c_bnez a2, -10             : IntAlu : 
4296500: system.cpu: T0 : 0x1488a    : c_addiw a5, 0              : IntAlu :  D=0x0000000000000000
4297000: system.cpu: T0 : 0x1488c    : bne a5, zero, 338          : IntAlu : 
4297500: system.cpu: T0 : 0x14890    : ld s10, 0(s7)              : MemRead :  D=0x0000000000000000 A=0x708a0
4298000: system.cpu: T0 : 0x14894    : beq s10, zero, 152         : IntAlu : 
4298500: system.cpu: T0 : 0x1492c    : c_li a4, 1                 : IntAlu :  D=0x0000000000000001
4299500: system.cpu: T0 : 0x1492e    : sb a4, -1476(gp)           : MemWrite :  D=0x0000000000000001 A=0x70a6c
4300000: system.cpu: T0 : 0x14932    : c_li a5, 0                 : IntAlu :  D=0x0000000000000000
4300500: system.cpu: T0 : 0x14934    : addi a4, s9, -552          : IntAlu :  D=0x0000000000071dd8
4301000: system.cpu: T0 : 0x14938    : fence iorw, ow             : No_OpClass : 
4301500: system.cpu: T0 : 0x1493c    : amoswap_w a5, a5, (a4)    
4301500: system.cpu: T0 : 0x1493c. 0 : amoswap_w[l] a5, a5, (a4)  : MemRead :  D=0x0000000000000001 A=0x71dd8
4302000: system.cpu: T0 : 0x14940    : c_addiw a5, 0              : IntAlu :  D=0x0000000000000001
4302500: system.cpu: T0 : 0x14942    : c_li a4, 1                 : IntAlu :  D=0x0000000000000001
4303000: system.cpu: T0 : 0x14944    : blt a4, a5, 174            : IntAlu : 
4303500: system.cpu: T0 : 0x14948    : c_ldsp a5, 8(sp)           : MemRead :  D=0x0000000000000001 A=0x7ffffffffffffd68
4304000: system.cpu: T0 : 0x1494a    : c_beqz a5, 46              : IntAlu : 
4304500: system.cpu: T0 : 0x1494c    : lui s0, 106                : IntAlu :  D=0x000000000006a000
4305000: system.cpu: T0 : 0x14950    : lui a5, 106                : IntAlu :  D=0x000000000006a000
4305500: system.cpu: T0 : 0x14954    : addi s1, s0, 512           : IntAlu :  D=0x000000000006a200
4306000: system.cpu: T0 : 0x14958    : addi a5, a5, 520           : IntAlu :  D=0x000000000006a208
4306500: system.cpu: T0 : 0x1495c    : bgeu s1, a5, 28            : IntAlu : 
4307000: system.cpu: T0 : 0x14960    : c_addi a5, -1              : IntAlu :  D=0x000000000006a207
4307500: system.cpu: T0 : 0x14962    : c_sub a5, s1               : IntAlu :  D=0x0000000000000007
4308000: system.cpu: T0 : 0x14964    : c_andi a5, 18446744073709551608 : IntAlu :  D=0x0000000000000000
4308500: system.cpu: T0 : 0x14966    : c_addi a5, 8               : IntAlu :  D=0x0000000000000008
4309000: system.cpu: T0 : 0x14968    : c_add s1, a5               : IntAlu :  D=0x000000000006a208
4310000: system.cpu: T0 : 0x1496a    : addi s0, s0, 512           : IntAlu :  D=0x000000000006a200
4310500: system.cpu: T0 : 0x1496e    : c_ld a5, 0(s0)             : MemRead :  D=0x000000000001989a A=0x6a200
4311000: system.cpu: T0 : 0x14970    : c_addi s0, 8               : IntAlu :  D=0x000000000006a208
4311500: system.cpu: T0 : 0x14972    : c_jalr a5                  : IntAlu :  D=0x0000000000014974
4312000: system.cpu: T0 : 0x1989a    : c_addi16sp sp, -176        : IntAlu :  D=0x7ffffffffffffcb0
4312500: system.cpu: T0 : 0x1989c    : c_sdsp s6, 112(sp)         : MemWrite :  D=0x0000000000000001 A=0x7ffffffffffffd20
4313500: system.cpu: T0 : 0x1989e    : lui s6, 111                : IntAlu :  D=0x000000000006f000
4314500: system.cpu: T0 : 0x198a2    : ld a5, -1264(s6)           : MemRead :  D=0x2e00000000000000 A=0x6eb10
4315000: system.cpu: T0 : 0x198a6    : c_sdsp s3, 136(sp)         : MemWrite :  D=0x0000000000000001 A=0x7ffffffffffffd38
4315500: system.cpu: T0 : 0x198a8    : c_li a0, 0                 : IntAlu :  D=0x0000000000000000
4316000: system.cpu: T0 : 0x198aa    : c_sdsp s5, 120(sp)         : MemWrite :  D=0x0000000000000003 A=0x7ffffffffffffd28
4316500: system.cpu: T0 : 0x198ac    : c_sdsp ra, 168(sp)         : MemWrite :  D=0x0000000000014974 A=0x7ffffffffffffd58
4317000: system.cpu: T0 : 0x198ae    : c_sdsp s0, 160(sp)         : MemWrite :  D=0x000000000006a208 A=0x7ffffffffffffd50
4317500: system.cpu: T0 : 0x198b0    : c_sdsp s1, 152(sp)         : MemWrite :  D=0x000000000006a208 A=0x7ffffffffffffd48
4318000: system.cpu: T0 : 0x198b2    : c_sdsp s2, 144(sp)         : MemWrite :  D=0x0000000000000004 A=0x7ffffffffffffd40
4318500: system.cpu: T0 : 0x198b4    : c_sdsp s4, 128(sp)         : MemWrite :  D=0x0000000000000000 A=0x7ffffffffffffd30
4319000: system.cpu: T0 : 0x198b6    : c_sdsp s7, 104(sp)         : MemWrite :  D=0x00000000000708a0 A=0x7ffffffffffffd18
4319500: system.cpu: T0 : 0x198b8    : c_sdsp s8, 96(sp)          : MemWrite :  D=0x0000000000000001 A=0x7ffffffffffffd10
4320000: system.cpu: T0 : 0x198ba    : c_sdsp s9, 88(sp)          : MemWrite :  D=0x0000000000072000 A=0x7ffffffffffffd08
4320500: system.cpu: T0 : 0x198bc    : c_sdsp s10, 80(sp)         : MemWrite :  D=0x0000000000000000 A=0x7ffffffffffffd00
4321000: system.cpu: T0 : 0x198be    : c_sdsp s11, 72(sp)         : MemWrite :  D=0x0000000000072000 A=0x7ffffffffffffcf8
4321500: system.cpu: T0 : 0x198c0    : c_sdsp a5, 56(sp)          : MemWrite :  D=0x2e00000000000000 A=0x7ffffffffffffce8
4322500: system.cpu: T0 : 0x198c2    : addi s3, zero, 0           : IntAlu :  D=0x0000000000000000
4323500: system.cpu: T0 : 0x198c6    : jal ra, -556               : IntAlu :  D=0x00000000000198ca
4324000: system.cpu: T0 : 0x1969a    : c_addi16sp sp, -176        : IntAlu :  D=0x7ffffffffffffc00
4324500: system.cpu: T0 : 0x1969c    : c_sdsp s5, 120(sp)         : MemWrite :  D=0x0000000000000003 A=0x7ffffffffffffc78
4325500: system.cpu: T0 : 0x1969e    : lui s5, 111                : IntAlu :  D=0x000000000006f000
4326500: system.cpu: T0 : 0x196a2    : ld a5, -1264(s5)           : MemRead :  D=0x2e00000000000000 A=0x6eb10
4327000: system.cpu: T0 : 0x196a6    : c_sdsp s3, 136(sp)         : MemWrite :  D=0x0000000000000000 A=0x7ffffffffffffc88
4327500: system.cpu: T0 : 0x196a8    : c_sdsp s9, 88(sp)          : MemWrite :  D=0x0000000000072000 A=0x7ffffffffffffc58
4328000: system.cpu: T0 : 0x196aa    : c_sdsp ra, 168(sp)         : MemWrite :  D=0x00000000000198ca A=0x7ffffffffffffca8
4328500: system.cpu: T0 : 0x196ac    : c_sdsp s0, 160(sp)         : MemWrite :  D=0x000000000006a208 A=0x7ffffffffffffca0
4329000: system.cpu: T0 : 0x196ae    : c_sdsp s1, 152(sp)         : MemWrite :  D=0x000000000006a208 A=0x7ffffffffffffc98
4329500: system.cpu: T0 : 0x196b0    : c_sdsp s2, 144(sp)         : MemWrite :  D=0x0000000000000004 A=0x7ffffffffffffc90
4330000: system.cpu: T0 : 0x196b2    : c_sdsp s4, 128(sp)         : MemWrite :  D=0x0000000000000000 A=0x7ffffffffffffc80
4330500: system.cpu: T0 : 0x196b4    : c_sdsp s6, 112(sp)         : MemWrite :  D=0x000000000006f000 A=0x7ffffffffffffc70
4331000: system.cpu: T0 : 0x196b6    : c_sdsp s7, 104(sp)         : MemWrite :  D=0x00000000000708a0 A=0x7ffffffffffffc68
4331500: system.cpu: T0 : 0x196b8    : c_sdsp s8, 96(sp)          : MemWrite :  D=0x0000000000000001 A=0x7ffffffffffffc60
4332000: system.cpu: T0 : 0x196ba    : c_sdsp s10, 80(sp)         : MemWrite :  D=0x0000000000000000 A=0x7ffffffffffffc50
4332500: system.cpu: T0 : 0x196bc    : c_sdsp s11, 72(sp)         : MemWrite :  D=0x0000000000072000 A=0x7ffffffffffffc48
4333000: system.cpu: T0 : 0x196be    : c_sdsp a5, 56(sp)          : MemWrite :  D=0x2e00000000000000 A=0x7ffffffffffffc38
4333500: system.cpu: T0 : 0x196c0    : addi s3, zero, 0           : IntAlu :  D=0x0000000000000000
4334000: system.cpu: T0 : 0x196c4    : c_mv s9, a0                : IntAlu :  D=0x0000000000000000
4335000: system.cpu: T0 : 0x196c6    : beq s3, zero, 428          : IntAlu : 
4335500: system.cpu: T0 : 0x19872    : c_lui a5, 25               : IntAlu :  D=0x0000000000019000
4336000: system.cpu: T0 : 0x19874    : addi a5, a5, -1808         : IntAlu :  D=0x00000000000188f0
4336500: system.cpu: T0 : 0x19878    : c_sdsp a5, 24(sp)          : MemWrite :  D=0x00000000000188f0 A=0x7ffffffffffffc18
4337000: system.cpu: T0 : 0x1987a    : c_sdsp zero, 32(sp)        : MemWrite :  D=0x0000000000000000 A=0x7ffffffffffffc20
4337500: system.cpu: T0 : 0x1987c    : c_j -416                   : IntAlu : 
4338000: system.cpu: T0 : 0x196dc    : addi s8, gp, 1320          : IntAlu :  D=0x0000000000071558
4338500: system.cpu: T0 : 0x196e0    : ld a5, 8(s8)               : MemRead :  D=0x0000000000000000 A=0x71560
4339000: system.cpu: T0 : 0x196e4    : addi s0, tp, -1808         : IntAlu :  D=0x0000000000072000
4339500: system.cpu: T0 : 0x196e8    : beq a5, s0, 28             : IntAlu : 
4340000: system.cpu: T0 : 0x196ec    : c_li a3, 1                 : IntAlu :  D=0x0000000000000001
4341000: system.cpu: T0 : 0x196ee    : lr_w a5, (s8)             
4341000: system.cpu: T0 : 0x196ee. 0 : lr_w a5, (s8)              : MemRead :  D=0x0000000000000000 A=0x71558
4341500: system.cpu: T0 : 0x196f2    : c_bnez a5, 8               : IntAlu : 
4342000: system.cpu: T0 : 0x196f4    : sc_w_aq a4, a3, (s8)      
4342000: system.cpu: T0 : 0x196f4. 0 : sc_w a4, a3, (s8)          : MemWrite :  D=0x0000000000000000 A=0x71558
4342500: system.cpu: T0 : 0x196f4. 1 : 0x1cdc272f fence           : No_OpClass : 
4343000: system.cpu: T0 : 0x196f8    : c_bnez a4, -10             : IntAlu : 
4343500: system.cpu: T0 : 0x196fa    : c_addiw a5, 0              : IntAlu :  D=0x0000000000000000
4344000: system.cpu: T0 : 0x196fc    : bne a5, zero, 386          : IntAlu : 
4344500: system.cpu: T0 : 0x19700    : sd s0, 8(s8)               : MemWrite :  D=0x0000000000072000 A=0x71560
4345000: system.cpu: T0 : 0x19704    : lw a4, 4(s8)               : MemRead :  D=0x0000000000000000 A=0x7155c
4345500: system.cpu: T0 : 0x19708    : ld s0, -1920(gp)           : MemRead :  D=0x000000000006f000 A=0x708b0
4346000: system.cpu: T0 : 0x1970c    : addiw a3, a4, 1            : IntAlu :  D=0x0000000000000001
4346500: system.cpu: T0 : 0x19710    : sw a3, 4(s8)               : MemWrite :  D=0x0000000000000001 A=0x7155c
4347000: system.cpu: T0 : 0x19714    : beq s0, zero, 382          : IntAlu : 
4347500: system.cpu: T0 : 0x19718    : lui s1, 106                : IntAlu :  D=0x000000000006a000
4348000: system.cpu: T0 : 0x1971c    : lui s2, 106                : IntAlu :  D=0x000000000006a000
4348500: system.cpu: T0 : 0x19720    : addi s2, s2, -1000         : IntAlu :  D=0x0000000000069c18
4349000: system.cpu: T0 : 0x19724    : addi s1, s1, 512           : IntAlu :  D=0x000000000006a200
4349500: system.cpu: T0 : 0x19728    : c_li s4, 0                 : IntAlu :  D=0x0000000000000000
4350000: system.cpu: T0 : 0x1972a    : c_lui s11, 8               : IntAlu :  D=0x0000000000008000
4350500: system.cpu: T0 : 0x1972c    : c_li s6, 1                 : IntAlu :  D=0x0000000000000001
4351500: system.cpu: T0 : 0x1972e    : sub s1, s1, s2             : IntAlu :  D=0x00000000000005e8
4352500: system.cpu: T0 : 0x19732    : sd s0, -1456(gp)           : MemWrite :  D=0x000000000006f000 A=0x70a80
4353500: system.cpu: T0 : 0x19736    : beq s9, zero, 54           : IntAlu : 
4354000: system.cpu: T0 : 0x1976c    : lw a5, 192(s0)             : MemRead :  D=0x0000000000000000 A=0x6f0c0
4354500: system.cpu: T0 : 0x19770    : bge zero, a5, 150          : IntAlu : 
4355000: system.cpu: T0 : 0x19806    : c_ld a3, 40(s0)            : MemRead :  D=0x0000000000000000 A=0x6f028
4355500: system.cpu: T0 : 0x19808    : c_ld a5, 32(s0)            : MemRead :  D=0x0000000000000000 A=0x6f020
4356500: system.cpu: T0 : 0x1980a    : bgeu a5, a3, -116          : IntAlu : 
4357500: system.cpu: T0 : 0x19796    : beq s9, zero, 28           : IntAlu : 
4358000: system.cpu: T0 : 0x197b2    : c_ld s0, 104(s0)           : MemRead :  D=0x000000000006f1c8 A=0x6f068
4358500: system.cpu: T0 : 0x197b4    : sd zero, -1456(gp)         : MemWrite :  D=0x0000000000000000 A=0x70a80
4359000: system.cpu: T0 : 0x197b8    : c_bnez s0, -134            : IntAlu : 
4360000: system.cpu: T0 : 0x19732    : sd s0, -1456(gp)           : MemWrite :  D=0x000000000006f1c8 A=0x70a80
4361000: system.cpu: T0 : 0x19736    : beq s9, zero, 54           : IntAlu : 
4361500: system.cpu: T0 : 0x1976c    : lw a5, 192(s0)             : MemRead :  D=0x0000000000000000 A=0x6f288
4362000: system.cpu: T0 : 0x19770    : bge zero, a5, 150          : IntAlu : 
4362500: system.cpu: T0 : 0x19806    : c_ld a3, 40(s0)            : MemRead :  D=0x0000000000000000 A=0x6f1f0
4363000: system.cpu: T0 : 0x19808    : c_ld a5, 32(s0)            : MemRead :  D=0x0000000000000000 A=0x6f1e8
4364000: system.cpu: T0 : 0x1980a    : bgeu a5, a3, -116          : IntAlu : 
4365000: system.cpu: T0 : 0x19796    : beq s9, zero, 28           : IntAlu : 
4365500: system.cpu: T0 : 0x197b2    : c_ld s0, 104(s0)           : MemRead :  D=0x000000000006f390 A=0x6f230
4366000: system.cpu: T0 : 0x197b4    : sd zero, -1456(gp)         : MemWrite :  D=0x0000000000000000 A=0x70a80
4366500: system.cpu: T0 : 0x197b8    : c_bnez s0, -134            : IntAlu : 
4367500: system.cpu: T0 : 0x19732    : sd s0, -1456(gp)           : MemWrite :  D=0x000000000006f390 A=0x70a80
4368500: system.cpu: T0 : 0x19736    : beq s9, zero, 54           : IntAlu : 
4369000: system.cpu: T0 : 0x1976c    : lw a5, 192(s0)             : MemRead :  D=0x0000000000000000 A=0x6f450
4369500: system.cpu: T0 : 0x19770    : bge zero, a5, 150          : IntAlu : 
4370000: system.cpu: T0 : 0x19806    : c_ld a3, 40(s0)            : MemRead :  D=0x0000000000000000 A=0x6f3b8
4370500: system.cpu: T0 : 0x19808    : c_ld a5, 32(s0)            : MemRead :  D=0x0000000000000000 A=0x6f3b0
4371500: system.cpu: T0 : 0x1980a    : bgeu a5, a3, -116          : IntAlu : 
4372500: system.cpu: T0 : 0x19796    : beq s9, zero, 28           : IntAlu : 
4373000: system.cpu: T0 : 0x197b2    : c_ld s0, 104(s0)           : MemRead :  D=0x0000000000000000 A=0x6f3f8
4373500: system.cpu: T0 : 0x197b4    : sd zero, -1456(gp)         : MemWrite :  D=0x0000000000000000 A=0x70a80
4374000: system.cpu: T0 : 0x197b8    : c_bnez s0, -134            : IntAlu : 
4375000: system.cpu: T0 : 0x197ba    : lw a5, 4(s8)               : MemRead :  D=0x0000000000000001 A=0x7155c
4376000: system.cpu: T0 : 0x197be    : addiw a4, a5, -1           : IntAlu :  D=0x0000000000000000
4377000: system.cpu: T0 : 0x197c2    : sw a4, 4(s8)               : MemWrite :  D=0x0000000000000000 A=0x7155c
4377500: system.cpu: T0 : 0x197c6    : c_beqz a4, 128             : IntAlu : 
4378500: system.cpu: T0 : 0x19846    : sd zero, 8(s8)             : MemWrite :  D=0x0000000000000000 A=0x71560
4379000: system.cpu: T0 : 0x1984a    : c_mv a5, a4                : IntAlu :  D=0x0000000000000000
4379500: system.cpu: T0 : 0x1984c    : fence iorw, ow             : No_OpClass : 
4380000: system.cpu: T0 : 0x19850    : amoswap_w a5, a5, (s8)    
4380000: system.cpu: T0 : 0x19850. 0 : amoswap_w[l] a5, a5, (s8)  : MemRead :  D=0x0000000000000001 A=0x71558
4380500: system.cpu: T0 : 0x19854    : c_addiw a5, 0              : IntAlu :  D=0x0000000000000001
4381000: system.cpu: T0 : 0x19856    : c_li a4, 1                 : IntAlu :  D=0x0000000000000001
4381500: system.cpu: T0 : 0x19858    : bge a4, a5, -144           : IntAlu : 
4382000: system.cpu: T0 : 0x197c8    : beq s3, zero, 16           : IntAlu : 
4382500: system.cpu: T0 : 0x197d8    : c_ldsp a4, 56(sp)          : MemRead :  D=0x2e00000000000000 A=0x7ffffffffffffc38
4383500: system.cpu: T0 : 0x197da    : ld a5, -1264(s5)           : MemRead :  D=0x2e00000000000000 A=0x6eb10
4384500: system.cpu: T0 : 0x197de    : bne a4, a5, 184            : IntAlu : 
4385000: system.cpu: T0 : 0x197e2    : c_ldsp ra, 168(sp)         : MemRead :  D=0x00000000000198ca A=0x7ffffffffffffca8
4385500: system.cpu: T0 : 0x197e4    : c_ldsp s0, 160(sp)         : MemRead :  D=0x000000000006a208 A=0x7ffffffffffffca0
4386000: system.cpu: T0 : 0x197e6    : c_ldsp s1, 152(sp)         : MemRead :  D=0x000000000006a208 A=0x7ffffffffffffc98
4386500: system.cpu: T0 : 0x197e8    : c_ldsp s2, 144(sp)         : MemRead :  D=0x0000000000000004 A=0x7ffffffffffffc90
4387000: system.cpu: T0 : 0x197ea    : c_ldsp s3, 136(sp)         : MemRead :  D=0x0000000000000000 A=0x7ffffffffffffc88
4387500: system.cpu: T0 : 0x197ec    : c_ldsp s5, 120(sp)         : MemRead :  D=0x0000000000000003 A=0x7ffffffffffffc78
4388000: system.cpu: T0 : 0x197ee    : c_ldsp s6, 112(sp)         : MemRead :  D=0x000000000006f000 A=0x7ffffffffffffc70
4388500: system.cpu: T0 : 0x197f0    : c_ldsp s7, 104(sp)         : MemRead :  D=0x00000000000708a0 A=0x7ffffffffffffc68
4389000: system.cpu: T0 : 0x197f2    : c_ldsp s8, 96(sp)          : MemRead :  D=0x0000000000000001 A=0x7ffffffffffffc60
4389500: system.cpu: T0 : 0x197f4    : c_ldsp s9, 88(sp)          : MemRead :  D=0x0000000000072000 A=0x7ffffffffffffc58
4390000: system.cpu: T0 : 0x197f6    : c_ldsp s10, 80(sp)         : MemRead :  D=0x0000000000000000 A=0x7ffffffffffffc50
4390500: system.cpu: T0 : 0x197f8    : c_ldsp s11, 72(sp)         : MemRead :  D=0x0000000000072000 A=0x7ffffffffffffc48
4391000: system.cpu: T0 : 0x197fa    : c_mv a0, s4                : IntAlu :  D=0x0000000000000000
4391500: system.cpu: T0 : 0x197fc    : c_ldsp s4, 128(sp)         : MemRead :  D=0x0000000000000000 A=0x7ffffffffffffc80
4392000: system.cpu: T0 : 0x197fe    : c_addi16sp sp, 176         : IntAlu :  D=0x7ffffffffffffcb0
4392500: system.cpu: T0 : 0x19800    : c_jr ra                    : IntAlu : 
4393000: system.cpu: T0 : 0x198ca    : c_mv s5, a0                : IntAlu :  D=0x0000000000000000
4393500: system.cpu: T0 : 0x198cc    : beq s3, zero, 482          : IntAlu : 
4394000: system.cpu: T0 : 0x19aae    : c_lui a5, 25               : IntAlu :  D=0x0000000000019000
4394500: system.cpu: T0 : 0x19ab0    : addi a5, a5, -1808         : IntAlu :  D=0x00000000000188f0
4395000: system.cpu: T0 : 0x19ab4    : c_sdsp a5, 24(sp)          : MemWrite :  D=0x00000000000188f0 A=0x7ffffffffffffcc8
4395500: system.cpu: T0 : 0x19ab6    : c_sdsp zero, 32(sp)        : MemWrite :  D=0x0000000000000000 A=0x7ffffffffffffcd0
4396000: system.cpu: T0 : 0x19ab8    : c_j -470                   : IntAlu : 
4397000: system.cpu: T0 : 0x198e2    : addi s1, gp, 1320          : IntAlu :  D=0x0000000000071558
4397500: system.cpu: T0 : 0x198e6    : c_ld a5, 8(s1)             : MemRead :  D=0x0000000000000000 A=0x71560
4398000: system.cpu: T0 : 0x198e8    : addi s0, tp, -1808         : IntAlu :  D=0x0000000000072000
4398500: system.cpu: T0 : 0x198ec    : beq s0, a5, 26             : IntAlu : 
4399000: system.cpu: T0 : 0x198f0    : c_li a4, 1                 : IntAlu :  D=0x0000000000000001
4400000: system.cpu: T0 : 0x198f2    : lr_w a5, (s1)             
4400000: system.cpu: T0 : 0x198f2. 0 : lr_w a5, (s1)              : MemRead :  D=0x0000000000000000 A=0x71558
4400500: system.cpu: T0 : 0x198f6    : c_bnez a5, 8               : IntAlu : 
4401000: system.cpu: T0 : 0x198f8    : sc_w_aq a3, a4, (s1)      
4401000: system.cpu: T0 : 0x198f8. 0 : sc_w a3, a4, (s1)          : MemWrite :  D=0x0000000000000000 A=0x71558
4401500: system.cpu: T0 : 0x198f8. 1 : 0x1ce4a6af fence           : No_OpClass : 
4402000: system.cpu: T0 : 0x198fc    : c_bnez a3, -10             : IntAlu : 
4402500: system.cpu: T0 : 0x198fe    : c_addiw a5, 0              : IntAlu :  D=0x0000000000000000
4403000: system.cpu: T0 : 0x19900    : bne a5, zero, 442          : IntAlu : 
4403500: system.cpu: T0 : 0x19904    : c_sd s0, 8(s1)             : MemWrite :  D=0x0000000000072000 A=0x71560
4404000: system.cpu: T0 : 0x19906    : c_lw a3, 4(s1)             : MemRead :  D=0x0000000000000000 A=0x7155c
4404500: system.cpu: T0 : 0x19908    : ld s0, -1920(gp)           : MemRead :  D=0x000000000006f000 A=0x708b0
4405000: system.cpu: T0 : 0x1990c    : addiw a4, a3, 1            : IntAlu :  D=0x0000000000000001
4405500: system.cpu: T0 : 0x19910    : c_sw a4, 4(s1)             : MemWrite :  D=0x0000000000000001 A=0x7155c
4406000: system.cpu: T0 : 0x19912    : c_beqz s0, 202             : IntAlu : 
4406500: system.cpu: T0 : 0x19914    : lui s2, 106                : IntAlu :  D=0x000000000006a000
4407000: system.cpu: T0 : 0x19918    : lui s4, 106                : IntAlu :  D=0x000000000006a000
4407500: system.cpu: T0 : 0x1991c    : addi s4, s4, -1000         : IntAlu :  D=0x0000000000069c18
4408000: system.cpu: T0 : 0x19920    : addi s2, s2, 512           : IntAlu :  D=0x000000000006a200
4408500: system.cpu: T0 : 0x19924    : sub s2, s2, s4             : IntAlu :  D=0x00000000000005e8
4409000: system.cpu: T0 : 0x19928    : c_li s9, 2                 : IntAlu :  D=0x0000000000000002
4409500: system.cpu: T0 : 0x1992a    : c_j 12                     : IntAlu : 
4410000: system.cpu: T0 : 0x19936    : c_lw a5, 0(s0)             : MemRead :  D=0xfffffffffbad2086 A=0x6f000
4410500: system.cpu: T0 : 0x19938    : c_andi a5, 2               : IntAlu :  D=0x0000000000000002
4411500: system.cpu: T0 : 0x1993a    : addiw s8, a5, 0            : IntAlu :  D=0x0000000000000002
4412000: system.cpu: T0 : 0x1993e    : c_bnez a5, -18             : IntAlu : 
4412500: system.cpu: T0 : 0x1992c    : c_li a5, -1                : IntAlu :  D=0xffffffffffffffff
4413500: system.cpu: T0 : 0x1992e    : sw a5, 192(s0)             : MemWrite :  D=0x00000000ffffffff A=0x6f0c0
4414000: system.cpu: T0 : 0x19932    : c_ld s0, 104(s0)           : MemRead :  D=0x000000000006f1c8 A=0x6f068
4414500: system.cpu: T0 : 0x19934    : c_beqz s0, 162             : IntAlu : 
4415000: system.cpu: T0 : 0x19936    : c_lw a5, 0(s0)             : MemRead :  D=0xfffffffffbad2084 A=0x6f1c8
4415500: system.cpu: T0 : 0x19938    : c_andi a5, 2               : IntAlu :  D=0x0000000000000000
4416500: system.cpu: T0 : 0x1993a    : addiw s8, a5, 0            : IntAlu :  D=0x0000000000000000
4417000: system.cpu: T0 : 0x1993e    : c_bnez a5, -18             : IntAlu : 
4417500: system.cpu: T0 : 0x19940    : lw a5, 192(s0)             : MemRead :  D=0x0000000000000000 A=0x6f288
4418000: system.cpu: T0 : 0x19944    : c_beqz a5, -24             : IntAlu : 
4418500: system.cpu: T0 : 0x1992c    : c_li a5, -1                : IntAlu :  D=0xffffffffffffffff
4419500: system.cpu: T0 : 0x1992e    : sw a5, 192(s0)             : MemWrite :  D=0x00000000ffffffff A=0x6f288
4420000: system.cpu: T0 : 0x19932    : c_ld s0, 104(s0)           : MemRead :  D=0x000000000006f390 A=0x6f230
4420500: system.cpu: T0 : 0x19934    : c_beqz s0, 162             : IntAlu : 
4421000: system.cpu: T0 : 0x19936    : c_lw a5, 0(s0)             : MemRead :  D=0xfffffffffbad2088 A=0x6f390
4421500: system.cpu: T0 : 0x19938    : c_andi a5, 2               : IntAlu :  D=0x0000000000000000
4422500: system.cpu: T0 : 0x1993a    : addiw s8, a5, 0            : IntAlu :  D=0x0000000000000000
4423000: system.cpu: T0 : 0x1993e    : c_bnez a5, -18             : IntAlu : 
4423500: system.cpu: T0 : 0x19940    : lw a5, 192(s0)             : MemRead :  D=0x0000000000000000 A=0x6f450
4424000: system.cpu: T0 : 0x19944    : c_beqz a5, -24             : IntAlu : 
4424500: system.cpu: T0 : 0x1992c    : c_li a5, -1                : IntAlu :  D=0xffffffffffffffff
4425500: system.cpu: T0 : 0x1992e    : sw a5, 192(s0)             : MemWrite :  D=0x00000000ffffffff A=0x6f450
4426000: system.cpu: T0 : 0x19932    : c_ld s0, 104(s0)           : MemRead :  D=0x0000000000000000 A=0x6f3f8
4426500: system.cpu: T0 : 0x19934    : c_beqz s0, 162             : IntAlu : 
4427000: system.cpu: T0 : 0x199d6    : c_lw a5, 4(s1)             : MemRead :  D=0x0000000000000001 A=0x7155c
4427500: system.cpu: T0 : 0x199d8    : addiw a3, a5, -1           : IntAlu :  D=0x0000000000000000
4428000: system.cpu: T0 : 0x199dc    : c_sw a3, 4(s1)             : MemWrite :  D=0x0000000000000000 A=0x7155c
4428500: system.cpu: T0 : 0x199de    : c_beqz a3, 126             : IntAlu : 
4429000: system.cpu: T0 : 0x19a5c    : sd zero, 8(s1)             : MemWrite :  D=0x0000000000000000 A=0x71560
4429500: system.cpu: T0 : 0x19a60    : c_mv a5, a3                : IntAlu :  D=0x0000000000000000
4430500: system.cpu: T0 : 0x19a62    : fence iorw, ow             : No_OpClass : 
4431500: system.cpu: T0 : 0x19a66    : amoswap_w a5, a5, (s1)    
4431500: system.cpu: T0 : 0x19a66. 0 : amoswap_w[l] a5, a5, (s1)  : MemRead :  D=0x0000000000000001 A=0x71558
4432000: system.cpu: T0 : 0x19a6a    : c_addiw a5, 0              : IntAlu :  D=0x0000000000000001
4432500: system.cpu: T0 : 0x19a6c    : c_li a4, 1                 : IntAlu :  D=0x0000000000000001
4433500: system.cpu: T0 : 0x19a6e    : bge a4, a5, -142           : IntAlu : 
4434000: system.cpu: T0 : 0x199e0    : beq s3, zero, 16           : IntAlu : 
4434500: system.cpu: T0 : 0x199f0    : c_ldsp a4, 56(sp)          : MemRead :  D=0x2e00000000000000 A=0x7ffffffffffffce8
4435500: system.cpu: T0 : 0x199f2    : ld a5, -1264(s6)           : MemRead :  D=0x2e00000000000000 A=0x6eb10
4436500: system.cpu: T0 : 0x199f6    : bne a4, a5, 216            : IntAlu : 
4437000: system.cpu: T0 : 0x199fa    : c_ldsp ra, 168(sp)         : MemRead :  D=0x0000000000014974 A=0x7ffffffffffffd58
4437500: system.cpu: T0 : 0x199fc    : c_ldsp s0, 160(sp)         : MemRead :  D=0x000000000006a208 A=0x7ffffffffffffd50
4438000: system.cpu: T0 : 0x199fe    : c_ldsp s1, 152(sp)         : MemRead :  D=0x000000000006a208 A=0x7ffffffffffffd48
4438500: system.cpu: T0 : 0x19a00    : c_ldsp s2, 144(sp)         : MemRead :  D=0x0000000000000004 A=0x7ffffffffffffd40
4439000: system.cpu: T0 : 0x19a02    : c_ldsp s3, 136(sp)         : MemRead :  D=0x0000000000000001 A=0x7ffffffffffffd38
4439500: system.cpu: T0 : 0x19a04    : c_ldsp s4, 128(sp)         : MemRead :  D=0x0000000000000000 A=0x7ffffffffffffd30
4440000: system.cpu: T0 : 0x19a06    : c_ldsp s6, 112(sp)         : MemRead :  D=0x0000000000000001 A=0x7ffffffffffffd20
4440500: system.cpu: T0 : 0x19a08    : c_ldsp s7, 104(sp)         : MemRead :  D=0x00000000000708a0 A=0x7ffffffffffffd18
4441000: system.cpu: T0 : 0x19a0a    : c_ldsp s8, 96(sp)          : MemRead :  D=0x0000000000000001 A=0x7ffffffffffffd10
4441500: system.cpu: T0 : 0x19a0c    : c_ldsp s9, 88(sp)          : MemRead :  D=0x0000000000072000 A=0x7ffffffffffffd08
4442000: system.cpu: T0 : 0x19a0e    : c_ldsp s10, 80(sp)         : MemRead :  D=0x0000000000000000 A=0x7ffffffffffffd00
4442500: system.cpu: T0 : 0x19a10    : c_ldsp s11, 72(sp)         : MemRead :  D=0x0000000000072000 A=0x7ffffffffffffcf8
4443000: system.cpu: T0 : 0x19a12    : c_mv a0, s5                : IntAlu :  D=0x0000000000000000
4443500: system.cpu: T0 : 0x19a14    : c_ldsp s5, 120(sp)         : MemRead :  D=0x0000000000000003 A=0x7ffffffffffffd28
4444000: system.cpu: T0 : 0x19a16    : c_addi16sp sp, 176         : IntAlu :  D=0x7ffffffffffffd60
4444500: system.cpu: T0 : 0x19a18    : c_jr ra                    : IntAlu : 
4445000: system.cpu: T0 : 0x14974    : bne s1, s0, -6             : IntAlu : 
4445500: system.cpu: T0 : 0x14978    : c_mv a0, s6                : IntAlu :  D=0x0000000000000001
4446500: system.cpu: T0 : 0x1497a    : jal ra, 47996              : IntAlu :  D=0x000000000001497e
4447000: system.cpu: T0 : 0x204f6    : c_mv a4, a0                : IntAlu :  D=0x0000000000000001
4447500: system.cpu: T0 : 0x204f8    : addi a7, zero, 94          : IntAlu :  D=0x000000000000005e
4448000: system.cpu: T0 : 0x204fc    : ecall                      : No_OpClass : 
