      0: system.cpu: T0 : 0x10348    : jal ra, 46                 : IntAlu :  D=0x000000000001034c
   1000: system.cpu: T0 : 0x10376    : auipc gp, 97               : IntAlu :  D=0x0000000000071376
   2000: system.cpu: T0 : 0x1037a    : addi gp, gp, -830          : IntAlu :  D=0x0000000000071038
   2500: system.cpu: T0 : 0x1037e    : c_jr ra                    : IntAlu : 
   3000: system.cpu: T0 : 0x1034c    : c_mv a5, a0                : IntAlu :  D=0x0000000000000000
   4000: system.cpu: T0 : 0x1034e    : auipc a0, 0                : IntAlu :  D=0x000000000001034e
   5000: system.cpu: T0 : 0x10352    : addi a0, a0, 386           : IntAlu :  D=0x00000000000104d0
   5500: system.cpu: T0 : 0x10356    : c_ldsp a1, 0(sp)           : MemRead :  D=0x0000000000000001 A=0x7fffffffffffff30
   6000: system.cpu: T0 : 0x10358    : c_addi4spn a2, sp, 8       : IntAlu :  D=0x7fffffffffffff38
   7000: system.cpu: T0 : 0x1035a    : andi sp, sp, 18446744073709551600 : IntAlu :  D=0x7fffffffffffff30
   8000: system.cpu: T0 : 0x1035e    : auipc a3, 0                : IntAlu :  D=0x000000000001035e
   9000: system.cpu: T0 : 0x10362    : addi a3, a3, 1722          : IntAlu :  D=0x0000000000010a18
  10000: system.cpu: T0 : 0x10366    : auipc a4, 0                : IntAlu :  D=0x0000000000010366
  11000: system.cpu: T0 : 0x1036a    : addi a4, a4, 1858          : IntAlu :  D=0x0000000000010aa8
  11500: system.cpu: T0 : 0x1036e    : c_mv a6, sp                : IntAlu :  D=0x7fffffffffffff30
  12000: system.cpu: T0 : 0x10370    : jal ra, 476                : IntAlu :  D=0x0000000000010374
  12500: system.cpu: T0 : 0x1054c    : c_addi16sp sp, -320        : IntAlu :  D=0x7ffffffffffffdf0
  13000: system.cpu: T0 : 0x1054e    : c_sdsp s0, 304(sp)         : MemWrite :  D=0x0000000000000000 A=0x7fffffffffffff20
  13500: system.cpu: T0 : 0x10550    : c_sdsp s1, 296(sp)         : MemWrite :  D=0x0000000000000000 A=0x7fffffffffffff18
  14000: system.cpu: T0 : 0x10552    : c_sdsp s2, 288(sp)         : MemWrite :  D=0x0000000000000000 A=0x7fffffffffffff10
  14500: system.cpu: T0 : 0x10554    : c_sdsp a2, 16(sp)          : MemWrite :  D=0x7fffffffffffff38 A=0x7ffffffffffffe00
  15000: system.cpu: T0 : 0x10556    : c_sdsp ra, 312(sp)         : MemWrite :  D=0x0000000000010374 A=0x7fffffffffffff28
  15500: system.cpu: T0 : 0x10558    : addi t1, zero, 0           : IntAlu :  D=0x0000000000000000
  16000: system.cpu: T0 : 0x1055c    : c_sdsp a0, 24(sp)          : MemWrite :  D=0x00000000000104d0 A=0x7ffffffffffffe08
  16500: system.cpu: T0 : 0x1055e    : c_sdsp a1, 8(sp)           : MemWrite :  D=0x0000000000000001 A=0x7ffffffffffffdf8
  17000: system.cpu: T0 : 0x10560    : c_mv s0, a3                : IntAlu :  D=0x0000000000010a18
  17500: system.cpu: T0 : 0x10562    : c_mv s1, a4                : IntAlu :  D=0x0000000000010aa8
  18000: system.cpu: T0 : 0x10564    : c_mv s2, a5                : IntAlu :  D=0x0000000000000000
  18500: system.cpu: T0 : 0x10566    : c_li a2, 0                 : IntAlu :  D=0x0000000000000000
  19000: system.cpu: T0 : 0x10568    : beq t1, zero, 12           : IntAlu : 
  19500: system.cpu: T0 : 0x10574    : c_ldsp a5, 8(sp)           : MemRead :  D=0x0000000000000001 A=0x7ffffffffffffdf8
  20500: system.cpu: T0 : 0x10576    : addi a0, a5, 1             : IntAlu :  D=0x0000000000000002
  21000: system.cpu: T0 : 0x1057a    : c_ldsp a5, 16(sp)          : MemRead :  D=0x7fffffffffffff38 A=0x7ffffffffffffe00
  21500: system.cpu: T0 : 0x1057c    : c_slli a0, 3               : IntAlu :  D=0x0000000000000010
  22000: system.cpu: T0 : 0x1057e    : c_add a0, a5               : IntAlu :  D=0x7fffffffffffff48
  22500: system.cpu: T0 : 0x10580    : sw a2, -1728(gp)           : MemWrite :  D=0x0000000000000000 A=0x70978
  23000: system.cpu: T0 : 0x10584    : sd a0, -1360(gp)           : MemWrite :  D=0x7fffffffffffff48 A=0x70ae8
  23500: system.cpu: T0 : 0x10588    : lui a5, 111                : IntAlu :  D=0x000000000006f000
  24000: system.cpu: T0 : 0x1058c    : sd a6, -80(a5)             : MemWrite :  D=0x7fffffffffffff30 A=0x6efb0
  24500: system.cpu: T0 : 0x10590    : c_ld a2, 0(a0)             : MemRead :  D=0x0000000000000000 A=0x7fffffffffffff48
  25000: system.cpu: T0 : 0x10592    : c_addi a0, 8               : IntAlu :  D=0x7fffffffffffff50
  25500: system.cpu: T0 : 0x10594    : c_bnez a2, -4              : IntAlu : 
  26500: system.cpu: T0 : 0x10596    : jal ra, 72962              : IntAlu :  D=0x000000000001059a
  27000: system.cpu: T0 : 0x22298    : c_ld a5, 0(a0)             : MemRead :  D=0x0000000000000009 A=0x7fffffffffffff50
  28000: system.cpu: T0 : 0x2229a    : lui a4, 114                : IntAlu :  D=0x0000000000072000
  29000: system.cpu: T0 : 0x2229e    : sd a0, -480(a4)            : MemWrite :  D=0x7fffffffffffff50 A=0x71e20
  30000: system.cpu: T0 : 0x222a2    : beq a5, zero, 618          : IntAlu : 
  30500: system.cpu: T0 : 0x222a6    : c_addi16sp sp, -224        : IntAlu :  D=0x7ffffffffffffd10
  31000: system.cpu: T0 : 0x222a8    : c_sdsp s1, 208(sp)         : MemWrite :  D=0x0000000000010aa8 A=0x7ffffffffffffde0
  32000: system.cpu: T0 : 0x222aa    : lui s1, 114                : IntAlu :  D=0x0000000000072000
  33000: system.cpu: T0 : 0x222ae    : ld a4, -408(s1)            : MemRead :  D=0x0000000000000000 A=0x71e68
  33500: system.cpu: T0 : 0x222b2    : c_sdsp s3, 192(sp)         : MemWrite :  D=0x0000000000000000 A=0x7ffffffffffffdd0
  34000: system.cpu: T0 : 0x222b4    : c_sdsp a4, 64(sp)          : MemWrite :  D=0x0000000000000000 A=0x7ffffffffffffd50
  35000: system.cpu: T0 : 0x222b6    : ld a4, -1336(gp)           : MemRead :  D=0x0000000000000000 A=0x70b00
  36000: system.cpu: T0 : 0x222ba    : lui a6, 111                : IntAlu :  D=0x000000000006f000
  37000: system.cpu: T0 : 0x222be    : addi a6, a6, -128          : IntAlu :  D=0x000000000006ef80
  37500: system.cpu: T0 : 0x222c2    : c_sdsp a4, 32(sp)          : MemWrite :  D=0x0000000000000000 A=0x7ffffffffffffd30
  38000: system.cpu: T0 : 0x222c4    : ld a4, 0(a6)               : MemRead :  D=0x0000000000000000 A=0x6ef80
  38500: system.cpu: T0 : 0x222c8    : lui t3, 111                : IntAlu :  D=0x000000000006f000
  39000: system.cpu: T0 : 0x222cc    : lui t1, 114                : IntAlu :  D=0x0000000000072000
  39500: system.cpu: T0 : 0x222d0    : c_sdsp a4, 104(sp)         : MemWrite :  D=0x0000000000000000 A=0x7ffffffffffffd78
  40500: system.cpu: T0 : 0x222d2    : lw a4, -72(t3)             : MemRead :  D=0x0000000000000001 A=0x6efb8
  41000: system.cpu: T0 : 0x222d6    : c_sdsp s2, 200(sp)         : MemWrite :  D=0x0000000000000000 A=0x7ffffffffffffdd8
  41500: system.cpu: T0 : 0x222d8    : c_sdsp a4, 80(sp)          : MemWrite :  D=0x0000000000000001 A=0x7ffffffffffffd60
  42500: system.cpu: T0 : 0x222da    : lw a4, -336(t1)            : MemRead :  D=0x0000000000000000 A=0x71eb0
  43000: system.cpu: T0 : 0x222de    : c_sdsp s4, 184(sp)         : MemWrite :  D=0x0000000000000000 A=0x7ffffffffffffdc8
  43500: system.cpu: T0 : 0x222e0    : c_sdsp a4, 96(sp)          : MemWrite :  D=0x0000000000000000 A=0x7ffffffffffffd70
  44500: system.cpu: T0 : 0x222e2    : lw a4, -1344(gp)           : MemRead :  D=0x0000000000000000 A=0x70af8
  45000: system.cpu: T0 : 0x222e6    : c_sdsp s0, 216(sp)         : MemWrite :  D=0x0000000000010a18 A=0x7ffffffffffffde8
  45500: system.cpu: T0 : 0x222e8    : lui s0, 114                : IntAlu :  D=0x0000000000072000
  46000: system.cpu: T0 : 0x222ec    : c_sdsp a4, 48(sp)          : MemWrite :  D=0x0000000000000000 A=0x7ffffffffffffd40
  47000: system.cpu: T0 : 0x222ee    : ld a4, -1328(gp)           : MemRead :  D=0x0000000000000000 A=0x70b08
  48000: system.cpu: T0 : 0x222f2    : lui t6, 114                : IntAlu :  D=0x0000000000072000
  48500: system.cpu: T0 : 0x222f6    : c_sdsp a4, 24(sp)          : MemWrite :  D=0x0000000000000000 A=0x7ffffffffffffd28
  49000: system.cpu: T0 : 0x222f8    : ld a4, -472(s0)            : MemRead :  D=0x0000000000000000 A=0x71e28
  49500: system.cpu: T0 : 0x222fc    : lui t2, 114                : IntAlu :  D=0x0000000000072000
  50000: system.cpu: T0 : 0x22300    : lui t0, 114                : IntAlu :  D=0x0000000000072000
  50500: system.cpu: T0 : 0x22304    : c_sdsp a4, 8(sp)           : MemWrite :  D=0x0000000000000000 A=0x7ffffffffffffd18
  51500: system.cpu: T0 : 0x22306    : ld a4, -1784(gp)           : MemRead :  D=0x0000000000001000 A=0x70940
  52500: system.cpu: T0 : 0x2230a    : lui a3, 80                 : IntAlu :  D=0x0000000000050000
  53000: system.cpu: T0 : 0x2230e    : c_sdsp s5, 176(sp)         : MemWrite :  D=0x0000000000000000 A=0x7ffffffffffffdc0
  53500: system.cpu: T0 : 0x22310    : c_sdsp s6, 168(sp)         : MemWrite :  D=0x0000000000000000 A=0x7ffffffffffffdb8
  54000: system.cpu: T0 : 0x22312    : c_sdsp s7, 160(sp)         : MemWrite :  D=0x0000000000000000 A=0x7ffffffffffffdb0
  54500: system.cpu: T0 : 0x22314    : c_sdsp s8, 152(sp)         : MemWrite :  D=0x0000000000000000 A=0x7ffffffffffffda8
  55000: system.cpu: T0 : 0x22316    : c_sdsp s10, 136(sp)        : MemWrite :  D=0x0000000000000000 A=0x7ffffffffffffd98
  55500: system.cpu: T0 : 0x22318    : c_sdsp s11, 128(sp)        : MemWrite :  D=0x0000000000000000 A=0x7ffffffffffffd90
  56000: system.cpu: T0 : 0x2231a    : c_sdsp a4, 120(sp)         : MemWrite :  D=0x0000000000001000 A=0x7ffffffffffffd88
  56500: system.cpu: T0 : 0x2231c    : lw s7, -416(t6)            : MemRead :  D=0x0000000000000000 A=0x71e60
  57000: system.cpu: T0 : 0x22320    : ld s11, -384(t2)           : MemRead :  D=0x0000000000000000 A=0x71e80
  57500: system.cpu: T0 : 0x22324    : c_sdsp s9, 144(sp)         : MemWrite :  D=0x0000000000000000 A=0x7ffffffffffffda0
  58000: system.cpu: T0 : 0x22326    : c_li s10, 0                : IntAlu :  D=0x0000000000000000
  58500: system.cpu: T0 : 0x22328    : ld s9, -440(t0)            : MemRead :  D=0x0000000000000000 A=0x71e48
  59000: system.cpu: T0 : 0x2232c    : c_li s8, 0                 : IntAlu :  D=0x0000000000000000
  59500: system.cpu: T0 : 0x2232e    : c_sdsp zero, 112(sp)       : MemWrite :  D=0x0000000000000000 A=0x7ffffffffffffd80
  60000: system.cpu: T0 : 0x22330    : c_sdsp zero, 88(sp)        : MemWrite :  D=0x0000000000000000 A=0x7ffffffffffffd68
  60500: system.cpu: T0 : 0x22332    : c_sdsp zero, 72(sp)        : MemWrite :  D=0x0000000000000000 A=0x7ffffffffffffd58
  61000: system.cpu: T0 : 0x22334    : c_sdsp zero, 56(sp)        : MemWrite :  D=0x0000000000000000 A=0x7ffffffffffffd48
  61500: system.cpu: T0 : 0x22336    : c_sdsp zero, 40(sp)        : MemWrite :  D=0x0000000000000000 A=0x7ffffffffffffd38
  62000: system.cpu: T0 : 0x22338    : c_sdsp zero, 16(sp)        : MemWrite :  D=0x0000000000000000 A=0x7ffffffffffffd20
  62500: system.cpu: T0 : 0x2233a    : c_li s6, 0                 : IntAlu :  D=0x0000000000000000
  63000: system.cpu: T0 : 0x2233c    : c_li s5, 0                 : IntAlu :  D=0x0000000000000000
  63500: system.cpu: T0 : 0x2233e    : c_li t5, 0                 : IntAlu :  D=0x0000000000000000
  64000: system.cpu: T0 : 0x22340    : c_li a7, 0                 : IntAlu :  D=0x0000000000000000
  64500: system.cpu: T0 : 0x22342    : c_li a1, 0                 : IntAlu :  D=0x0000000000000000
  65000: system.cpu: T0 : 0x22344    : c_li a2, 0                 : IntAlu :  D=0x0000000000000000
  65500: system.cpu: T0 : 0x22346    : c_li a4, 30                : IntAlu :  D=0x000000000000001e
  66000: system.cpu: T0 : 0x22348    : addi a3, a3, -1008         : IntAlu :  D=0x000000000004fc10
  66500: system.cpu: T0 : 0x2234c    : c_addi a5, -3              : IntAlu :  D=0x0000000000000006
  67500: system.cpu: T0 : 0x2234e    : bltu a4, a5, 20            : IntAlu : 
  68000: system.cpu: T0 : 0x22352    : c_slli a5, 2               : IntAlu :  D=0x0000000000000018
  68500: system.cpu: T0 : 0x22354    : c_add a5, a3               : IntAlu :  D=0x000000000004fc28
  69000: system.cpu: T0 : 0x22356    : c_lw a5, 0(a5)             : MemRead :  D=0x0000000000022362 A=0x4fc28
  69500: system.cpu: T0 : 0x22358    : c_jr a5                    : IntAlu : 
  70000: system.cpu: T0 : 0x22362    : c_ld a5, 16(a0)            : MemRead :  D=0x0000000000000005 A=0x7fffffffffffff60
  70500: system.cpu: T0 : 0x22364    : c_addi a0, 16              : IntAlu :  D=0x7fffffffffffff60
  71000: system.cpu: T0 : 0x22366    : c_bnez a5, -26             : IntAlu : 
  71500: system.cpu: T0 : 0x2234c    : c_addi a5, -3              : IntAlu :  D=0x0000000000000002
  72500: system.cpu: T0 : 0x2234e    : bltu a4, a5, 20            : IntAlu : 
  73000: system.cpu: T0 : 0x22352    : c_slli a5, 2               : IntAlu :  D=0x0000000000000008
  73500: system.cpu: T0 : 0x22354    : c_add a5, a3               : IntAlu :  D=0x000000000004fc18
  74000: system.cpu: T0 : 0x22356    : c_lw a5, 0(a5)             : MemRead :  D=0x00000000000224e0 A=0x4fc18
  74500: system.cpu: T0 : 0x22358    : c_jr a5                    : IntAlu : 
  75000: system.cpu: T0 : 0x224e0    : c_ld a5, 16(a0)            : MemRead :  D=0x0000000000000004 A=0x7fffffffffffff70
  76000: system.cpu: T0 : 0x224e2    : ld s11, 8(a0)              : MemRead :  D=0x0000000000000006 A=0x7fffffffffffff68
  76500: system.cpu: T0 : 0x224e6    : c_li s8, 1                 : IntAlu :  D=0x0000000000000001
  77000: system.cpu: T0 : 0x224e8    : c_addi a0, 16              : IntAlu :  D=0x7fffffffffffff70
  78000: system.cpu: T0 : 0x224ea    : bne a5, zero, -414         : IntAlu : 
  78500: system.cpu: T0 : 0x2234c    : c_addi a5, -3              : IntAlu :  D=0x0000000000000001
  79500: system.cpu: T0 : 0x2234e    : bltu a4, a5, 20            : IntAlu : 
  80000: system.cpu: T0 : 0x22352    : c_slli a5, 2               : IntAlu :  D=0x0000000000000004
  80500: system.cpu: T0 : 0x22354    : c_add a5, a3               : IntAlu :  D=0x000000000004fc14
  81000: system.cpu: T0 : 0x22356    : c_lw a5, 0(a5)             : MemRead :  D=0x0000000000022362 A=0x4fc14
  81500: system.cpu: T0 : 0x22358    : c_jr a5                    : IntAlu : 
  82000: system.cpu: T0 : 0x22362    : c_ld a5, 16(a0)            : MemRead :  D=0x0000000000000003 A=0x7fffffffffffff80
  82500: system.cpu: T0 : 0x22364    : c_addi a0, 16              : IntAlu :  D=0x7fffffffffffff80
  83000: system.cpu: T0 : 0x22366    : c_bnez a5, -26             : IntAlu : 
  83500: system.cpu: T0 : 0x2234c    : c_addi a5, -3              : IntAlu :  D=0x0000000000000000
  84500: system.cpu: T0 : 0x2234e    : bltu a4, a5, 20            : IntAlu : 
  85000: system.cpu: T0 : 0x22352    : c_slli a5, 2               : IntAlu :  D=0x0000000000000000
  85500: system.cpu: T0 : 0x22354    : c_add a5, a3               : IntAlu :  D=0x000000000004fc10
  86000: system.cpu: T0 : 0x22356    : c_lw a5, 0(a5)             : MemRead :  D=0x00000000000224f0 A=0x4fc10
  86500: system.cpu: T0 : 0x22358    : c_jr a5                    : IntAlu : 
  87000: system.cpu: T0 : 0x224f0    : c_ld a5, 16(a0)            : MemRead :  D=0x0000000000000006 A=0x7fffffffffffff90
  88000: system.cpu: T0 : 0x224f2    : ld s9, 8(a0)               : MemRead :  D=0x0000000000010040 A=0x7fffffffffffff88
  88500: system.cpu: T0 : 0x224f6    : c_li s6, 1                 : IntAlu :  D=0x0000000000000001
  89000: system.cpu: T0 : 0x224f8    : c_addi a0, 16              : IntAlu :  D=0x7fffffffffffff90
  90000: system.cpu: T0 : 0x224fa    : bne a5, zero, -430         : IntAlu : 
  90500: system.cpu: T0 : 0x2234c    : c_addi a5, -3              : IntAlu :  D=0x0000000000000003
  91500: system.cpu: T0 : 0x2234e    : bltu a4, a5, 20            : IntAlu : 
  92000: system.cpu: T0 : 0x22352    : c_slli a5, 2               : IntAlu :  D=0x000000000000000c
  92500: system.cpu: T0 : 0x22354    : c_add a5, a3               : IntAlu :  D=0x000000000004fc1c
  93000: system.cpu: T0 : 0x22356    : c_lw a5, 0(a5)             : MemRead :  D=0x000000000002235a A=0x4fc1c
  93500: system.cpu: T0 : 0x22358    : c_jr a5                    : IntAlu : 
  94000: system.cpu: T0 : 0x2235a    : c_ld a5, 8(a0)             : MemRead :  D=0x0000000000001000 A=0x7fffffffffffff98
  94500: system.cpu: T0 : 0x2235c    : c_beqz a5, 6               : IntAlu : 
  95000: system.cpu: T0 : 0x2235e    : c_sdsp a5, 120(sp)         : MemWrite :  D=0x0000000000001000 A=0x7ffffffffffffd88
  95500: system.cpu: T0 : 0x22360    : c_li t5, 1                 : IntAlu :  D=0x0000000000000001
  96000: system.cpu: T0 : 0x22362    : c_ld a5, 16(a0)            : MemRead :  D=0x0000000000000017 A=0x7fffffffffffffa0
  96500: system.cpu: T0 : 0x22364    : c_addi a0, 16              : IntAlu :  D=0x7fffffffffffffa0
  97000: system.cpu: T0 : 0x22366    : c_bnez a5, -26             : IntAlu : 
  97500: system.cpu: T0 : 0x2234c    : c_addi a5, -3              : IntAlu :  D=0x0000000000000014
  98500: system.cpu: T0 : 0x2234e    : bltu a4, a5, 20            : IntAlu : 
  99000: system.cpu: T0 : 0x22352    : c_slli a5, 2               : IntAlu :  D=0x0000000000000050
  99500: system.cpu: T0 : 0x22354    : c_add a5, a3               : IntAlu :  D=0x000000000004fc60
 100000: system.cpu: T0 : 0x22356    : c_lw a5, 0(a5)             : MemRead :  D=0x0000000000022434 A=0x4fc60
 100500: system.cpu: T0 : 0x22358    : c_jr a5                    : IntAlu : 
 101000: system.cpu: T0 : 0x22434    : c_lw a5, 8(a0)             : MemRead :  D=0x0000000000000000 A=0x7fffffffffffffa8
 101500: system.cpu: T0 : 0x22436    : c_li a2, -1                : IntAlu :  D=0xffffffffffffffff
 102000: system.cpu: T0 : 0x22438    : c_addi a0, 16              : IntAlu :  D=0x7fffffffffffffb0
 102500: system.cpu: T0 : 0x2243a    : c_sdsp a5, 80(sp)          : MemWrite :  D=0x0000000000000000 A=0x7ffffffffffffd60
 103000: system.cpu: T0 : 0x2243c    : c_li a5, 1                 : IntAlu :  D=0x0000000000000001
 103500: system.cpu: T0 : 0x2243e    : c_sdsp a5, 96(sp)          : MemWrite :  D=0x0000000000000001 A=0x7ffffffffffffd70
 104000: system.cpu: T0 : 0x22440    : c_sdsp a5, 88(sp)          : MemWrite :  D=0x0000000000000001 A=0x7ffffffffffffd68
 104500: system.cpu: T0 : 0x22442    : c_ld a5, 0(a0)             : MemRead :  D=0x0000000000000019 A=0x7fffffffffffffb0
 105000: system.cpu: T0 : 0x22444    : c_bnez a5, -248            : IntAlu : 
 105500: system.cpu: T0 : 0x2234c    : c_addi a5, -3              : IntAlu :  D=0x0000000000000016
 106500: system.cpu: T0 : 0x2234e    : bltu a4, a5, 20            : IntAlu : 
 107000: system.cpu: T0 : 0x22352    : c_slli a5, 2               : IntAlu :  D=0x0000000000000058
 107500: system.cpu: T0 : 0x22354    : c_add a5, a3               : IntAlu :  D=0x000000000004fc68
 108000: system.cpu: T0 : 0x22356    : c_lw a5, 0(a5)             : MemRead :  D=0x0000000000022424 A=0x4fc68
 108500: system.cpu: T0 : 0x22358    : c_jr a5                    : IntAlu : 
 109000: system.cpu: T0 : 0x22424    : c_ld a5, 8(a0)             : MemRead :  D=0x7fffffffffffffd8 A=0x7fffffffffffffb8
 109500: system.cpu: T0 : 0x22426    : c_addi a0, 16              : IntAlu :  D=0x7fffffffffffffc0
 110000: system.cpu: T0 : 0x22428    : c_sdsp a5, 104(sp)         : MemWrite :  D=0x7fffffffffffffd8 A=0x7ffffffffffffd78
 110500: system.cpu: T0 : 0x2242a    : c_li a5, 1                 : IntAlu :  D=0x0000000000000001
 111000: system.cpu: T0 : 0x2242c    : c_sdsp a5, 112(sp)         : MemWrite :  D=0x0000000000000001 A=0x7ffffffffffffd80
 111500: system.cpu: T0 : 0x2242e    : c_ld a5, 0(a0)             : MemRead :  D=0x0000000000000000 A=0x7fffffffffffffc0
 112000: system.cpu: T0 : 0x22430    : c_bnez a5, -228            : IntAlu : 
 112500: system.cpu: T0 : 0x22432    : c_j -202                   : IntAlu : 
 113000: system.cpu: T0 : 0x22368    : bne t5, zero, 408          : IntAlu : 
 113500: system.cpu: T0 : 0x22500    : c_ldsp a5, 120(sp)         : MemRead :  D=0x0000000000001000 A=0x7ffffffffffffd88
 114500: system.cpu: T0 : 0x22502    : sd a5, -1784(gp)           : MemWrite :  D=0x0000000000001000 A=0x70940
 115500: system.cpu: T0 : 0x22506    : bne s5, zero, -406         : IntAlu : 
 116000: system.cpu: T0 : 0x2250a    : c_j -406                   : IntAlu : 
 116500: system.cpu: T0 : 0x22374    : beq s6, zero, 8            : IntAlu : 
 117000: system.cpu: T0 : 0x22378    : sd s9, -440(t0)            : MemWrite :  D=0x0000000000010040 A=0x71e48
 117500: system.cpu: T0 : 0x2237c    : beq s8, zero, 8            : IntAlu : 
 118000: system.cpu: T0 : 0x22380    : sd s11, -384(t2)           : MemWrite :  D=0x0000000000000006 A=0x71e80
 118500: system.cpu: T0 : 0x22384    : beq s10, zero, 10          : IntAlu : 
 119000: system.cpu: T0 : 0x2238e    : c_ldsp a5, 16(sp)          : MemRead :  D=0x0000000000000000 A=0x7ffffffffffffd20
 119500: system.cpu: T0 : 0x22390    : c_beqz a5, 8               : IntAlu : 
 120000: system.cpu: T0 : 0x22398    : c_ldsp a5, 40(sp)          : MemRead :  D=0x0000000000000000 A=0x7ffffffffffffd38
 120500: system.cpu: T0 : 0x2239a    : c_beqz a5, 8               : IntAlu : 
 121000: system.cpu: T0 : 0x223a2    : c_ldsp a5, 56(sp)          : MemRead :  D=0x0000000000000000 A=0x7ffffffffffffd48
 121500: system.cpu: T0 : 0x223a4    : c_beqz a5, 8               : IntAlu : 
 122000: system.cpu: T0 : 0x223ac    : c_ldsp a5, 72(sp)          : MemRead :  D=0x0000000000000000 A=0x7ffffffffffffd58
 122500: system.cpu: T0 : 0x223ae    : c_beqz a5, 8               : IntAlu : 
 123000: system.cpu: T0 : 0x223b6    : c_ldsp a5, 88(sp)          : MemRead :  D=0x0000000000000001 A=0x7ffffffffffffd68
 123500: system.cpu: T0 : 0x223b8    : c_beqz a5, 14              : IntAlu : 
 124000: system.cpu: T0 : 0x223ba    : c_ldsp a5, 80(sp)          : MemRead :  D=0x0000000000000000 A=0x7ffffffffffffd60
 124500: system.cpu: T0 : 0x223bc    : sw a5, -72(t3)             : MemWrite :  D=0x0000000000000000 A=0x6efb8
 125000: system.cpu: T0 : 0x223c0    : c_ldsp a5, 96(sp)          : MemRead :  D=0x0000000000000001 A=0x7ffffffffffffd70
 126000: system.cpu: T0 : 0x223c2    : sw a5, -336(t1)            : MemWrite :  D=0x0000000000000001 A=0x71eb0
 126500: system.cpu: T0 : 0x223c6    : c_ldsp a5, 112(sp)         : MemRead :  D=0x0000000000000001 A=0x7ffffffffffffd80
 127000: system.cpu: T0 : 0x223c8    : c_beqz a5, 8               : IntAlu : 
 127500: system.cpu: T0 : 0x223ca    : c_ldsp a5, 104(sp)         : MemRead :  D=0x7fffffffffffffd8 A=0x7ffffffffffffd78
 128000: system.cpu: T0 : 0x223cc    : sd a5, 0(a6)               : MemWrite :  D=0x7fffffffffffffd8 A=0x6ef80
 128500: system.cpu: T0 : 0x223d0    : c_li a5, 15                : IntAlu :  D=0x000000000000000f
 129500: system.cpu: T0 : 0x223d2    : bne a2, a5, 22             : IntAlu : 
 130000: system.cpu: T0 : 0x223e8    : c_ldsp s0, 216(sp)         : MemRead :  D=0x0000000000010a18 A=0x7ffffffffffffde8
 130500: system.cpu: T0 : 0x223ea    : c_ldsp s1, 208(sp)         : MemRead :  D=0x0000000000010aa8 A=0x7ffffffffffffde0
 131000: system.cpu: T0 : 0x223ec    : c_ldsp s2, 200(sp)         : MemRead :  D=0x0000000000000000 A=0x7ffffffffffffdd8
 131500: system.cpu: T0 : 0x223ee    : c_ldsp s3, 192(sp)         : MemRead :  D=0x0000000000000000 A=0x7ffffffffffffdd0
 132000: system.cpu: T0 : 0x223f0    : c_ldsp s4, 184(sp)         : MemRead :  D=0x0000000000000000 A=0x7ffffffffffffdc8
 132500: system.cpu: T0 : 0x223f2    : c_ldsp s5, 176(sp)         : MemRead :  D=0x0000000000000000 A=0x7ffffffffffffdc0
 133000: system.cpu: T0 : 0x223f4    : c_ldsp s6, 168(sp)         : MemRead :  D=0x0000000000000000 A=0x7ffffffffffffdb8
 133500: system.cpu: T0 : 0x223f6    : c_ldsp s7, 160(sp)         : MemRead :  D=0x0000000000000000 A=0x7ffffffffffffdb0
 134000: system.cpu: T0 : 0x223f8    : c_ldsp s8, 152(sp)         : MemRead :  D=0x0000000000000000 A=0x7ffffffffffffda8
 134500: system.cpu: T0 : 0x223fa    : c_ldsp s9, 144(sp)         : MemRead :  D=0x0000000000000000 A=0x7ffffffffffffda0
 135000: system.cpu: T0 : 0x223fc    : c_ldsp s10, 136(sp)        : MemRead :  D=0x0000000000000000 A=0x7ffffffffffffd98
 135500: system.cpu: T0 : 0x223fe    : c_ldsp s11, 128(sp)        : MemRead :  D=0x0000000000000000 A=0x7ffffffffffffd90
 136000: system.cpu: T0 : 0x22400    : c_addi16sp sp, 224         : IntAlu :  D=0x7ffffffffffffdf0
 136500: system.cpu: T0 : 0x22402    : c_jr ra                    : IntAlu : 
 137500: system.cpu: T0 : 0x1059a    : lui a5, 114                : IntAlu :  D=0x0000000000072000
 138500: system.cpu: T0 : 0x1059e    : ld a4, -440(a5)            : MemRead :  D=0x0000000000010040 A=0x71e48
 139500: system.cpu: T0 : 0x105a2    : beq a4, zero, 320          : IntAlu : 
 140500: system.cpu: T0 : 0x105a6    : jal ra, 75468              : IntAlu :  D=0x00000000000105aa
 141500: system.cpu: T0 : 0x22c72    : lui a5, 114                : IntAlu :  D=0x0000000000072000
 142500: system.cpu: T0 : 0x22c76    : lw a5, -336(a5)            : MemRead :  D=0x0000000000000001 A=0x71eb0
 143000: system.cpu: T0 : 0x22c7a    : c_beqz a5, 4               : IntAlu : 
 143500: system.cpu: T0 : 0x22c7c    : c_jr ra                    : IntAlu : 
 144500: system.cpu: T0 : 0x105aa    : ld a0, -1360(gp)           : MemRead :  D=0x7fffffffffffff48 A=0x70ae8
 145500: system.cpu: T0 : 0x105ae    : jal ra, 71966              : IntAlu :  D=0x00000000000105b2
 146000: system.cpu: T0 : 0x21ecc    : c_addi16sp sp, -128        : IntAlu :  D=0x7ffffffffffffd70
 146500: system.cpu: T0 : 0x21ece    : c_sdsp s4, 80(sp)          : MemWrite :  D=0x0000000000000000 A=0x7ffffffffffffdc0
 147000: system.cpu: T0 : 0x21ed0    : lui s4, 111                : IntAlu :  D=0x000000000006f000
 147500: system.cpu: T0 : 0x21ed4    : lw a5, -72(s4)             : MemRead :  D=0x0000000000000000 A=0x6efb8
 148000: system.cpu: T0 : 0x21ed8    : c_sdsp s7, 56(sp)          : MemWrite :  D=0x0000000000000000 A=0x7ffffffffffffda8
 148500: system.cpu: T0 : 0x21eda    : c_sdsp ra, 120(sp)         : MemWrite :  D=0x00000000000105b2 A=0x7ffffffffffffde8
 149000: system.cpu: T0 : 0x21edc    : c_sdsp s0, 112(sp)         : MemWrite :  D=0x0000000000010a18 A=0x7ffffffffffffde0
 149500: system.cpu: T0 : 0x21ede    : c_sdsp s1, 104(sp)         : MemWrite :  D=0x0000000000010aa8 A=0x7ffffffffffffdd8
 150000: system.cpu: T0 : 0x21ee0    : c_sdsp s2, 96(sp)          : MemWrite :  D=0x0000000000000000 A=0x7ffffffffffffdd0
 150500: system.cpu: T0 : 0x21ee2    : c_sdsp s3, 88(sp)          : MemWrite :  D=0x0000000000000000 A=0x7ffffffffffffdc8
 151000: system.cpu: T0 : 0x21ee4    : c_sdsp s5, 72(sp)          : MemWrite :  D=0x0000000000000000 A=0x7ffffffffffffdb8
 151500: system.cpu: T0 : 0x21ee6    : c_sdsp s6, 64(sp)          : MemWrite :  D=0x0000000000000000 A=0x7ffffffffffffdb0
 152000: system.cpu: T0 : 0x21ee8    : c_sdsp s8, 48(sp)          : MemWrite :  D=0x0000000000000000 A=0x7ffffffffffffda0
 152500: system.cpu: T0 : 0x21eea    : c_sdsp s9, 40(sp)          : MemWrite :  D=0x0000000000000000 A=0x7ffffffffffffd98
 153000: system.cpu: T0 : 0x21eec    : c_sdsp s10, 32(sp)         : MemWrite :  D=0x0000000000000000 A=0x7ffffffffffffd90
 153500: system.cpu: T0 : 0x21eee    : c_sdsp s11, 24(sp)         : MemWrite :  D=0x0000000000000000 A=0x7ffffffffffffd88
 154000: system.cpu: T0 : 0x21ef0    : c_mv s7, a0                : IntAlu :  D=0x7fffffffffffff48
 155000: system.cpu: T0 : 0x21ef2    : bne a5, zero, 750          : IntAlu : 
 156000: system.cpu: T0 : 0x21ef6    : lui s0, 111                : IntAlu :  D=0x000000000006f000
 157000: system.cpu: T0 : 0x21efa    : addi s3, zero, 61          : IntAlu :  D=0x000000000000003d
 158000: system.cpu: T0 : 0x21efe    : lui s1, 80                 : IntAlu :  D=0x0000000000050000
 159000: system.cpu: T0 : 0x21f02    : addi s6, s0, -1248         : IntAlu :  D=0x000000000006eb20
 160000: system.cpu: T0 : 0x21f06    : beq s7, zero, 166          : IntAlu : 
 160500: system.cpu: T0 : 0x21f0a    : c_mv a3, s7                : IntAlu :  D=0x7fffffffffffff48
 161000: system.cpu: T0 : 0x21f0c    : ld s9, 0(a3)               : MemRead :  D=0x0000000000000000 A=0x7fffffffffffff48
 161500: system.cpu: T0 : 0x21f10    : c_mv s5, a3                : IntAlu :  D=0x7fffffffffffff48
 162500: system.cpu: T0 : 0x21f12    : beq s9, zero, 154          : IntAlu : 
 163000: system.cpu: T0 : 0x21fac    : c_ldsp ra, 120(sp)         : MemRead :  D=0x00000000000105b2 A=0x7ffffffffffffde8
 163500: system.cpu: T0 : 0x21fae    : c_ldsp s0, 112(sp)         : MemRead :  D=0x0000000000010a18 A=0x7ffffffffffffde0
 164000: system.cpu: T0 : 0x21fb0    : c_ldsp s1, 104(sp)         : MemRead :  D=0x0000000000010aa8 A=0x7ffffffffffffdd8
 164500: system.cpu: T0 : 0x21fb2    : c_ldsp s2, 96(sp)          : MemRead :  D=0x0000000000000000 A=0x7ffffffffffffdd0
 165000: system.cpu: T0 : 0x21fb4    : c_ldsp s3, 88(sp)          : MemRead :  D=0x0000000000000000 A=0x7ffffffffffffdc8
 165500: system.cpu: T0 : 0x21fb6    : c_ldsp s4, 80(sp)          : MemRead :  D=0x0000000000000000 A=0x7ffffffffffffdc0
 166000: system.cpu: T0 : 0x21fb8    : c_ldsp s5, 72(sp)          : MemRead :  D=0x0000000000000000 A=0x7ffffffffffffdb8
 166500: system.cpu: T0 : 0x21fba    : c_ldsp s6, 64(sp)          : MemRead :  D=0x0000000000000000 A=0x7ffffffffffffdb0
 167000: system.cpu: T0 : 0x21fbc    : c_ldsp s7, 56(sp)          : MemRead :  D=0x0000000000000000 A=0x7ffffffffffffda8
 167500: system.cpu: T0 : 0x21fbe    : c_ldsp s8, 48(sp)          : MemRead :  D=0x0000000000000000 A=0x7ffffffffffffda0
 168000: system.cpu: T0 : 0x21fc0    : c_ldsp s9, 40(sp)          : MemRead :  D=0x0000000000000000 A=0x7ffffffffffffd98
 168500: system.cpu: T0 : 0x21fc2    : c_ldsp s10, 32(sp)         : MemRead :  D=0x0000000000000000 A=0x7ffffffffffffd90
 169000: system.cpu: T0 : 0x21fc4    : c_ldsp s11, 24(sp)         : MemRead :  D=0x0000000000000000 A=0x7ffffffffffffd88
 169500: system.cpu: T0 : 0x21fc6    : c_addi16sp sp, 128         : IntAlu :  D=0x7ffffffffffffdf0
 170000: system.cpu: T0 : 0x21fc8    : c_jr ra                    : IntAlu : 
 171000: system.cpu: T0 : 0x105b2    : jal ra, 664                : IntAlu :  D=0x00000000000105b6
 171500: system.cpu: T0 : 0x1084a    : c_addi16sp sp, -128        : IntAlu :  D=0x7ffffffffffffd70
 172000: system.cpu: T0 : 0x1084c    : lui a5, 114                : IntAlu :  D=0x0000000000072000
 172500: system.cpu: T0 : 0x10850    : c_sdsp s0, 112(sp)         : MemWrite :  D=0x0000000000010a18 A=0x7ffffffffffffde0
 173500: system.cpu: T0 : 0x10852    : ld s0, -440(a5)            : MemRead :  D=0x0000000000010040 A=0x71e48
 174000: system.cpu: T0 : 0x10856    : c_sdsp s3, 88(sp)          : MemWrite :  D=0x0000000000000000 A=0x7ffffffffffffdc8
 174500: system.cpu: T0 : 0x10858    : lui a5, 112                : IntAlu :  D=0x0000000000070000
 175000: system.cpu: T0 : 0x1085c    : c_sdsp ra, 120(sp)         : MemWrite :  D=0x00000000000105b6 A=0x7ffffffffffffde8
 175500: system.cpu: T0 : 0x1085e    : c_sdsp s1, 104(sp)         : MemWrite :  D=0x0000000000010aa8 A=0x7ffffffffffffdd8
 176000: system.cpu: T0 : 0x10860    : c_sdsp s2, 96(sp)          : MemWrite :  D=0x0000000000000000 A=0x7ffffffffffffdd0
 176500: system.cpu: T0 : 0x10862    : c_sdsp s4, 80(sp)          : MemWrite :  D=0x0000000000000000 A=0x7ffffffffffffdc0
 177000: system.cpu: T0 : 0x10864    : c_sdsp s5, 72(sp)          : MemWrite :  D=0x0000000000000000 A=0x7ffffffffffffdb8
 177500: system.cpu: T0 : 0x10866    : c_sdsp s6, 64(sp)          : MemWrite :  D=0x0000000000000000 A=0x7ffffffffffffdb0
 178000: system.cpu: T0 : 0x10868    : c_sdsp s7, 56(sp)          : MemWrite :  D=0x0000000000000000 A=0x7ffffffffffffda8
 178500: system.cpu: T0 : 0x1086a    : c_sdsp s8, 48(sp)          : MemWrite :  D=0x0000000000000000 A=0x7ffffffffffffda0
 179000: system.cpu: T0 : 0x1086c    : c_sdsp s9, 40(sp)          : MemWrite :  D=0x0000000000000000 A=0x7ffffffffffffd98
 179500: system.cpu: T0 : 0x1086e    : c_sdsp s10, 32(sp)         : MemWrite :  D=0x0000000000000000 A=0x7ffffffffffffd90
 180000: system.cpu: T0 : 0x10870    : c_sdsp s11, 24(sp)         : MemWrite :  D=0x0000000000000000 A=0x7ffffffffffffd88
 181000: system.cpu: T0 : 0x10872    : ld s3, 816(a5)             : MemRead :  D=0x000000000006fe60 A=0x70330
 182000: system.cpu: T0 : 0x10876    : beq s0, zero, 368          : IntAlu : 
 183000: system.cpu: T0 : 0x1087a    : lui a5, 114                : IntAlu :  D=0x0000000000072000
 184000: system.cpu: T0 : 0x1087e    : ld a5, -384(a5)            : MemRead :  D=0x0000000000000006 A=0x71e80
 185000: system.cpu: T0 : 0x10882    : slli a4, a5, 3             : IntAlu :  D=0x0000000000000030
 185500: system.cpu: T0 : 0x10886    : c_sub a4, a5               : IntAlu :  D=0x000000000000002a
 186000: system.cpu: T0 : 0x10888    : c_slli a4, 3               : IntAlu :  D=0x0000000000000150
 186500: system.cpu: T0 : 0x1088a    : c_add a4, s0               : IntAlu :  D=0x0000000000010190
 187000: system.cpu: T0 : 0x1088c    : bgeu s0, a4, 322           : IntAlu : 
 187500: system.cpu: T0 : 0x10890    : c_li a3, 7                 : IntAlu :  D=0x0000000000000007
 188000: system.cpu: T0 : 0x10892    : c_j 10                     : IntAlu : 
 188500: system.cpu: T0 : 0x1089c    : c_lw a5, 0(s0)             : MemRead :  D=0x0000000000000001 A=0x10040
 189500: system.cpu: T0 : 0x1089e    : bne a5, a3, -10            : IntAlu : 
 190000: system.cpu: T0 : 0x10894    : addi s0, s0, 56            : IntAlu :  D=0x0000000000010078
 190500: system.cpu: T0 : 0x10898    : bgeu s0, a4, 310           : IntAlu : 
 191000: system.cpu: T0 : 0x1089c    : c_lw a5, 0(s0)             : MemRead :  D=0x0000000000000001 A=0x10078
 192000: system.cpu: T0 : 0x1089e    : bne a5, a3, -10            : IntAlu : 
 192500: system.cpu: T0 : 0x10894    : addi s0, s0, 56            : IntAlu :  D=0x00000000000100b0
 193000: system.cpu: T0 : 0x10898    : bgeu s0, a4, 310           : IntAlu : 
 193500: system.cpu: T0 : 0x1089c    : c_lw a5, 0(s0)             : MemRead :  D=0x0000000000000004 A=0x100b0
 194500: system.cpu: T0 : 0x1089e    : bne a5, a3, -10            : IntAlu : 
 195000: system.cpu: T0 : 0x10894    : addi s0, s0, 56            : IntAlu :  D=0x00000000000100e8
 195500: system.cpu: T0 : 0x10898    : bgeu s0, a4, 310           : IntAlu : 
 196000: system.cpu: T0 : 0x1089c    : c_lw a5, 0(s0)             : MemRead :  D=0x0000000000000007 A=0x100e8
 197000: system.cpu: T0 : 0x1089e    : bne a5, a3, -10            : IntAlu : 
 198000: system.cpu: T0 : 0x108a2    : ld s5, 48(s0)              : MemRead :  D=0x0000000000000008 A=0x10118
 199000: system.cpu: T0 : 0x108a6    : ld a1, 0(s3)               : MemRead :  D=0x0000000000000000 A=0x6fe60
 199500: system.cpu: T0 : 0x108aa    : c_ld a4, 16(s0)            : MemRead :  D=0x000000000006ead0 A=0x100f8
 200000: system.cpu: T0 : 0x108ac    : c_li a5, 16                : IntAlu :  D=0x0000000000000010
 201000: system.cpu: T0 : 0x108ae    : ld s10, 40(s0)             : MemRead :  D=0x0000000000000060 A=0x10110
 202000: system.cpu: T0 : 0x108b2    : ld s4, 32(s0)              : MemRead :  D=0x0000000000000020 A=0x10108
 202500: system.cpu: T0 : 0x108b6    : c_mv s8, s5                : IntAlu :  D=0x0000000000000008
 203000: system.cpu: T0 : 0x108b8    : add s0, a1, a4             : IntAlu :  D=0x000000000006ead0
 203500: system.cpu: T0 : 0x108bc    : bltu s5, a5, 260           : IntAlu : 
 204000: system.cpu: T0 : 0x109c0    : c_li s8, 16                : IntAlu :  D=0x0000000000000010
 205000: system.cpu: T0 : 0x109c2    : addi a4, s8, -1            : IntAlu :  D=0x000000000000000f
 205500: system.cpu: T0 : 0x109c6    : c_mv s9, s5                : IntAlu :  D=0x0000000000000008
 206000: system.cpu: T0 : 0x109c8    : bne s5, zero, -254         : IntAlu : 
 207000: system.cpu: T0 : 0x108ca    : sub s11, zero, s8          : IntAlu :  D=0xfffffffffffffff0
 208000: system.cpu: T0 : 0x108ce    : beq s5, zero, 302          : IntAlu : 
 209000: system.cpu: T0 : 0x108d2    : addi s2, s5, -1            : IntAlu :  D=0x0000000000000007
 210000: system.cpu: T0 : 0x108d6    : divu a5, s2, s9            : IntDiv :  D=0x0000000000000000
 210500: system.cpu: T0 : 0x108da    : c_add s2, s10              : IntAlu :  D=0x0000000000000067
 211000: system.cpu: T0 : 0x108dc    : mul s7, a5, s9             : IntMult :  D=0x0000000000000000
 211500: system.cpu: T0 : 0x108e0    : c_mv a5, s7                : IntAlu :  D=0x0000000000000000
 212500: system.cpu: T0 : 0x108e2    : ld a0, -1968(gp)           : MemRead :  D=0x0000000000000800 A=0x70888
 213000: system.cpu: T0 : 0x108e6    : c_sdsp a5, 8(sp)           : MemWrite :  D=0x0000000000000000 A=0x7ffffffffffffd78
 213500: system.cpu: T0 : 0x108e8    : c_sdsp a4, 0(sp)           : MemWrite :  D=0x000000000000000f A=0x7ffffffffffffd70
 214500: system.cpu: T0 : 0x108ea    : addi a0, a0, 1808          : IntAlu :  D=0x0000000000000f10
 215000: system.cpu: T0 : 0x108ee    : c_add a0, s10              : IntAlu :  D=0x0000000000000f70
 215500: system.cpu: T0 : 0x108f0    : c_add a0, s8               : IntAlu :  D=0x0000000000000f80
 216000: system.cpu: T0 : 0x108f2    : c_add a0, s7               : IntAlu :  D=0x0000000000000f80
 216500: system.cpu: T0 : 0x108f4    : jal ra, 67204              : IntAlu :  D=0x00000000000108f8
 217000: system.cpu: T0 : 0x20f78    : c_addi sp, -32             : IntAlu :  D=0x7ffffffffffffd50
 217500: system.cpu: T0 : 0x20f7a    : c_sdsp s2, 0(sp)           : MemWrite :  D=0x0000000000000067 A=0x7ffffffffffffd50
 218000: system.cpu: T0 : 0x20f7c    : c_sdsp s1, 8(sp)           : MemWrite :  D=0x0000000000010aa8 A=0x7ffffffffffffd58
 219000: system.cpu: T0 : 0x20f7e    : ld s1, -1200(gp)           : MemRead :  D=0x0000000000000000 A=0x70b88
 219500: system.cpu: T0 : 0x20f82    : c_sdsp s0, 16(sp)          : MemWrite :  D=0x000000000006ead0 A=0x7ffffffffffffd60
 220000: system.cpu: T0 : 0x20f84    : c_sdsp ra, 24(sp)          : MemWrite :  D=0x00000000000108f8 A=0x7ffffffffffffd68
 220500: system.cpu: T0 : 0x20f86    : c_mv s0, a0                : IntAlu :  D=0x0000000000000f80
 221000: system.cpu: T0 : 0x20f88    : c_beqz s1, 46              : IntAlu : 
 221500: system.cpu: T0 : 0x20fb6    : c_li a0, 0                 : IntAlu :  D=0x0000000000000000
 222000: system.cpu: T0 : 0x20fb8    : jal ra, 98418              : IntAlu :  D=0x0000000000020fbc
 222500: system.cpu: T0 : 0x3902a    : c_mv a5, a0                : IntAlu :  D=0x0000000000000000
 223000: system.cpu: T0 : 0x3902c    : addi a7, zero, 214         : IntAlu :  D=0x00000000000000d6
 223500: system.cpu: T0 : 0x39030    : ecall                      : No_OpClass : 
 224000: system.cpu: T0 : 0x39034    : sd a0, -1200(gp)           : MemWrite :  D=0x0000000000072000 A=0x70b88
 224500: system.cpu: T0 : 0x39038    : bltu a0, a5, 8             : IntAlu : 
 225000: system.cpu: T0 : 0x3903c    : c_li a0, 0                 : IntAlu :  D=0x0000000000000000
 225500: system.cpu: T0 : 0x3903e    : c_jr ra                    : IntAlu : 
 226000: system.cpu: T0 : 0x20fbc    : blt a0, zero, -22          : IntAlu : 
 226500: system.cpu: T0 : 0x20fc0    : ld s1, -1200(gp)           : MemRead :  D=0x0000000000072000 A=0x70b88
 227000: system.cpu: T0 : 0x20fc4    : c_j -52                    : IntAlu : 
 227500: system.cpu: T0 : 0x20f90    : c_beqz s0, 24              : IntAlu : 
 228500: system.cpu: T0 : 0x20f92    : bge zero, s0, 52           : IntAlu : 
 229500: system.cpu: T0 : 0x20f96    : add a5, s0, s1             : IntAlu :  D=0x0000000000072f80
 230500: system.cpu: T0 : 0x20f9a    : sltu a5, a5, s1            : IntAlu :  D=0x0000000000000000
 231000: system.cpu: T0 : 0x20f9e    : c_beqz a5, 50              : IntAlu : 
 231500: system.cpu: T0 : 0x20fd0    : add a0, s1, s0             : IntAlu :  D=0x0000000000072f80
 232000: system.cpu: T0 : 0x20fd4    : jal ra, 98390              : IntAlu :  D=0x0000000000020fd8
 232500: system.cpu: T0 : 0x3902a    : c_mv a5, a0                : IntAlu :  D=0x0000000000072f80
 233000: system.cpu: T0 : 0x3902c    : addi a7, zero, 214         : IntAlu :  D=0x00000000000000d6
 233500: system.cpu: T0 : 0x39030    : ecall                      : No_OpClass : 
 234000: system.cpu: T0 : 0x39034    : sd a0, -1200(gp)           : MemWrite :  D=0x0000000000072f80 A=0x70b88
 234500: system.cpu: T0 : 0x39038    : bltu a0, a5, 8             : IntAlu : 
 235000: system.cpu: T0 : 0x3903c    : c_li a0, 0                 : IntAlu :  D=0x0000000000000000
 235500: system.cpu: T0 : 0x3903e    : c_jr ra                    : IntAlu : 
 236000: system.cpu: T0 : 0x20fd8    : blt a0, zero, -50          : IntAlu : 
 236500: system.cpu: T0 : 0x20fdc    : c_ldsp ra, 24(sp)          : MemRead :  D=0x00000000000108f8 A=0x7ffffffffffffd68
 237000: system.cpu: T0 : 0x20fde    : c_ldsp s0, 16(sp)          : MemRead :  D=0x000000000006ead0 A=0x7ffffffffffffd60
 237500: system.cpu: T0 : 0x20fe0    : c_ldsp s2, 0(sp)           : MemRead :  D=0x0000000000000067 A=0x7ffffffffffffd50
 238000: system.cpu: T0 : 0x20fe2    : c_mv a0, s1                : IntAlu :  D=0x0000000000072000
 238500: system.cpu: T0 : 0x20fe4    : c_ldsp s1, 8(sp)           : MemRead :  D=0x0000000000010aa8 A=0x7ffffffffffffd58
 239000: system.cpu: T0 : 0x20fe6    : c_addi16sp sp, 32          : IntAlu :  D=0x7ffffffffffffd70
 239500: system.cpu: T0 : 0x20fe8    : c_jr ra                    : IntAlu : 
 240000: system.cpu: T0 : 0x108f8    : divu s2, s2, s9            : IntDiv :  D=0x000000000000000c
 240500: system.cpu: T0 : 0x108fc    : c_ldsp a4, 0(sp)           : MemRead :  D=0x000000000000000f A=0x7ffffffffffffd70
 241000: system.cpu: T0 : 0x108fe    : c_ldsp a5, 8(sp)           : MemRead :  D=0x0000000000000000 A=0x7ffffffffffffd78
 241500: system.cpu: T0 : 0x10900    : addi s1, a0, 1808          : IntAlu :  D=0x0000000000072710
 242000: system.cpu: T0 : 0x10904    : c_add s1, a4               : IntAlu :  D=0x000000000007271f
 243000: system.cpu: T0 : 0x10906    : and s1, s1, s11            : IntAlu :  D=0x0000000000072710
 244000: system.cpu: T0 : 0x1090a    : lui a4, 114                : IntAlu :  D=0x0000000000072000
 245000: system.cpu: T0 : 0x1090e    : addi a4, a4, -1656         : IntAlu :  D=0x0000000000071988
 246000: system.cpu: T0 : 0x10912    : add a0, s1, s7             : IntAlu :  D=0x0000000000072710
 247000: system.cpu: T0 : 0x10916    : sd a5, 1088(s3)            : MemWrite :  D=0x0000000000000000 A=0x702a0
 248000: system.cpu: T0 : 0x1091a    : addi a5, zero, 62          : IntAlu :  D=0x000000000000003e
 248500: system.cpu: T0 : 0x1091e    : c_mv a2, s4                : IntAlu :  D=0x0000000000000020
 249000: system.cpu: T0 : 0x10920    : c_sd a5, 0(a4)             : MemWrite :  D=0x000000000000003e A=0x71988
 249500: system.cpu: T0 : 0x10922    : c_mv a1, s0                : IntAlu :  D=0x000000000006ead0
 250000: system.cpu: T0 : 0x10924    : c_sd a0, 32(a4)            : MemWrite :  D=0x0000000000072710 A=0x719a8
 251000: system.cpu: T0 : 0x10926    : sd zero, 40(a4)            : MemWrite :  D=0x0000000000000000 A=0x719b0
 252000: system.cpu: T0 : 0x1092a    : jal ra, 61666              : IntAlu :  D=0x000000000001092e
 252500: system.cpu: T0 : 0x1fa0c    : c_addi16sp sp, -48         : IntAlu :  D=0x7ffffffffffffd40
 253000: system.cpu: T0 : 0x1fa0e    : c_sdsp s0, 32(sp)          : MemWrite :  D=0x000000000006ead0 A=0x7ffffffffffffd60
 253500: system.cpu: T0 : 0x1fa10    : c_sdsp s2, 16(sp)          : MemWrite :  D=0x000000000000000c A=0x7ffffffffffffd50
 254000: system.cpu: T0 : 0x1fa12    : c_sdsp ra, 40(sp)          : MemWrite :  D=0x000000000001092e A=0x7ffffffffffffd68
 254500: system.cpu: T0 : 0x1fa14    : c_sdsp s1, 24(sp)          : MemWrite :  D=0x0000000000072710 A=0x7ffffffffffffd58
 255000: system.cpu: T0 : 0x1fa16    : c_sdsp s3, 8(sp)           : MemWrite :  D=0x000000000006fe60 A=0x7ffffffffffffd48
 255500: system.cpu: T0 : 0x1fa18    : c_li a5, 15                : IntAlu :  D=0x000000000000000f
 256000: system.cpu: T0 : 0x1fa1a    : c_mv s2, a0                : IntAlu :  D=0x0000000000072710
 256500: system.cpu: T0 : 0x1fa1c    : c_mv a4, a0                : IntAlu :  D=0x0000000000072710
 257000: system.cpu: T0 : 0x1fa1e    : c_mv s0, a1                : IntAlu :  D=0x000000000006ead0
 257500: system.cpu: T0 : 0x1fa20    : bgeu a5, a2, 72            : IntAlu : 
 258000: system.cpu: T0 : 0x1fa24    : sub a0, zero, a0           : IntAlu :  D=0xfffffffffff8d8f0
 258500: system.cpu: T0 : 0x1fa28    : c_andi a0, 7               : IntAlu :  D=0x0000000000000000
 259500: system.cpu: T0 : 0x1fa2a    : sub s1, a2, a0             : IntAlu :  D=0x0000000000000020
 260000: system.cpu: T0 : 0x1fa2e    : c_beqz a0, 110             : IntAlu : 
 260500: system.cpu: T0 : 0x1fa9c    : c_mv s3, s2                : IntAlu :  D=0x0000000000072710
 261000: system.cpu: T0 : 0x1fa9e    : c_j -84                    : IntAlu : 
 262000: system.cpu: T0 : 0x1fa4a    : andi a5, s0, 7             : IntAlu :  D=0x0000000000000000
 263000: system.cpu: T0 : 0x1fa4e    : srli a2, s1, 3             : IntAlu :  D=0x0000000000000004
 263500: system.cpu: T0 : 0x1fa52    : c_mv a1, s0                : IntAlu :  D=0x000000000006ead0
 264000: system.cpu: T0 : 0x1fa54    : c_mv a0, s3                : IntAlu :  D=0x0000000000072710
 264500: system.cpu: T0 : 0x1fa56    : c_bnez a5, 64              : IntAlu : 
 265000: system.cpu: T0 : 0x1fa58    : jal ra, 72                 : IntAlu :  D=0x000000000001fa5c
 265500: system.cpu: T0 : 0x1faa0    : andi a5, a2, 7             : IntAlu :  D=0x0000000000000004
 266000: system.cpu: T0 : 0x1faa4    : lui a4, 79                 : IntAlu :  D=0x000000000004f000
 266500: system.cpu: T0 : 0x1faa8    : c_slli a5, 2               : IntAlu :  D=0x0000000000000010
 267500: system.cpu: T0 : 0x1faaa    : addi a4, a4, 40            : IntAlu :  D=0x000000000004f028
 268000: system.cpu: T0 : 0x1faae    : c_add a5, a4               : IntAlu :  D=0x000000000004f038
 268500: system.cpu: T0 : 0x1fab0    : c_lw a5, 0(a5)             : MemRead :  D=0x000000000001fb4a A=0x4f038
 269000: system.cpu: T0 : 0x1fab2    : c_jr a5                    : IntAlu : 
 270000: system.cpu: T0 : 0x1fb4a    : ld a6, 0(a1)               : MemRead :  D=0x0000000000070678 A=0x6ead0
 270500: system.cpu: T0 : 0x1fb4e    : c_mv a3, a0                : IntAlu :  D=0x0000000000072710
 271000: system.cpu: T0 : 0x1fb50    : c_addi a1, -32             : IntAlu :  D=0x000000000006eab0
 272000: system.cpu: T0 : 0x1fb52    : addi a5, a0, -40           : IntAlu :  D=0x00000000000726e8
 272500: system.cpu: T0 : 0x1fb56    : c_addi a2, 4               : IntAlu :  D=0x0000000000000008
 273000: system.cpu: T0 : 0x1fb58    : c_j -124                   : IntAlu : 
 273500: system.cpu: T0 : 0x1fadc    : c_ld a4, 40(a1)            : MemRead :  D=0x0000000000070678 A=0x6ead8
 274500: system.cpu: T0 : 0x1fade    : addi a0, a5, 48            : IntAlu :  D=0x0000000000072718
 275500: system.cpu: T0 : 0x1fae2    : sd a6, 0(a3)               : MemWrite :  D=0x0000000000070678 A=0x72710
 276500: system.cpu: T0 : 0x1fae2    : sd a6, 0(a3)               : MemWrite :  D=0x0000000000070678 A=0x72710
 277500: system.cpu: T0 : 0x1fae6    : ld a6, 48(a1)              : MemRead :  D=0x0000000000070680 A=0x6eae0
 278500: system.cpu: T0 : 0x1faea    : addi a3, a5, 56            : IntAlu :  D=0x0000000000072720
 279000: system.cpu: T0 : 0x1faee    : c_sd a4, 0(a0)             : MemWrite :  D=0x0000000000070678 A=0x72718
 279500: system.cpu: T0 : 0x1faf0    : c_ld a4, 56(a1)            : MemRead :  D=0x0000000000070698 A=0x6eae8
 280500: system.cpu: T0 : 0x1faf2    : addi a5, a5, 64            : IntAlu :  D=0x0000000000072728
 281500: system.cpu: T0 : 0x1faf6    : sd a6, 0(a3)               : MemWrite :  D=0x0000000000070680 A=0x72720
 282000: system.cpu: T0 : 0x1fafa    : c_addi a2, -8              : IntAlu :  D=0x0000000000000000
 282500: system.cpu: T0 : 0x1fafc    : c_mv a0, a5                : IntAlu :  D=0x0000000000072728
 283500: system.cpu: T0 : 0x1fafe    : addi a1, a1, 64            : IntAlu :  D=0x000000000006eaf0
 284000: system.cpu: T0 : 0x1fb02    : c_beqz a2, 24              : IntAlu : 
 284500: system.cpu: T0 : 0x1fb1a    : c_sd a4, 0(a0)             : MemWrite :  D=0x0000000000070698 A=0x72728
 285000: system.cpu: T0 : 0x1fb1c    : c_jr ra                    : IntAlu : 
 285500: system.cpu: T0 : 0x1fa5c    : andi a4, s1, 18446744073709551608 : IntAlu :  D=0x0000000000000020
 286000: system.cpu: T0 : 0x1fa60    : c_add s0, a4               : IntAlu :  D=0x000000000006eaf0
 287000: system.cpu: T0 : 0x1fa62    : andi a2, s1, 7             : IntAlu :  D=0x0000000000000000
 287500: system.cpu: T0 : 0x1fa66    : c_add a4, s3               : IntAlu :  D=0x0000000000072730
 288000: system.cpu: T0 : 0x1fa68    : c_addi a4, -1              : IntAlu :  D=0x000000000007272f
 288500: system.cpu: T0 : 0x1fa6a    : c_mv a5, s0                : IntAlu :  D=0x000000000006eaf0
 289000: system.cpu: T0 : 0x1fa6c    : add a1, a2, s0             : IntAlu :  D=0x000000000006eaf0
 289500: system.cpu: T0 : 0x1fa70    : c_sub a4, s0               : IntAlu :  D=0x0000000000003c3f
 290000: system.cpu: T0 : 0x1fa72    : c_beqz a2, 20              : IntAlu : 
 290500: system.cpu: T0 : 0x1fa86    : c_ldsp ra, 40(sp)          : MemRead :  D=0x000000000001092e A=0x7ffffffffffffd68
 291000: system.cpu: T0 : 0x1fa88    : c_ldsp s0, 32(sp)          : MemRead :  D=0x000000000006ead0 A=0x7ffffffffffffd60
 291500: system.cpu: T0 : 0x1fa8a    : c_ldsp s1, 24(sp)          : MemRead :  D=0x0000000000072710 A=0x7ffffffffffffd58
 292000: system.cpu: T0 : 0x1fa8c    : c_ldsp s3, 8(sp)           : MemRead :  D=0x000000000006fe60 A=0x7ffffffffffffd48
 292500: system.cpu: T0 : 0x1fa8e    : c_mv a0, s2                : IntAlu :  D=0x0000000000072710
 293000: system.cpu: T0 : 0x1fa90    : c_ldsp s2, 16(sp)          : MemRead :  D=0x000000000000000c A=0x7ffffffffffffd50
 293500: system.cpu: T0 : 0x1fa92    : c_addi16sp sp, 48          : IntAlu :  D=0x7ffffffffffffd70
 294000: system.cpu: T0 : 0x1fa94    : c_jr ra                    : IntAlu : 
 295000: system.cpu: T0 : 0x1092e    : lui a5, 114                : IntAlu :  D=0x0000000000072000
 296000: system.cpu: T0 : 0x10932    : addi a5, a5, -1640         : IntAlu :  D=0x0000000000071998
 297000: system.cpu: T0 : 0x10936    : ld a4, -1968(gp)           : MemRead :  D=0x0000000000000800 A=0x70888
 298000: system.cpu: T0 : 0x1093a    : addi a3, gp, -960          : IntAlu :  D=0x0000000000070c78
 299000: system.cpu: T0 : 0x1093e    : sd a5, -16(s1)             : MemWrite :  D=0x0000000000071998 A=0x72700
 300000: system.cpu: T0 : 0x10942    : addi a2, zero, 64          : IntAlu :  D=0x0000000000000040
 300500: system.cpu: T0 : 0x10946    : c_li a5, 1                 : IntAlu :  D=0x0000000000000001
 301000: system.cpu: T0 : 0x10948    : c_sd a2, 0(a3)             : MemWrite :  D=0x0000000000000040 A=0x70c78
 302000: system.cpu: T0 : 0x1094a    : lui a2, 114                : IntAlu :  D=0x0000000000072000
 303000: system.cpu: T0 : 0x1094e    : sd a5, -1664(a2)           : MemWrite :  D=0x0000000000000001 A=0x71980
 304000: system.cpu: T0 : 0x10952    : lui a2, 114                : IntAlu :  D=0x0000000000072000
 305000: system.cpu: T0 : 0x10956    : sd s3, 40(a3)              : MemWrite :  D=0x000000000006fe60 A=0x70ca0
 306000: system.cpu: T0 : 0x1095a    : sd a3, -632(a2)            : MemWrite :  D=0x0000000000070c78 A=0x71d88
 307000: system.cpu: T0 : 0x1095e    : lui a3, 114                : IntAlu :  D=0x0000000000072000
 308000: system.cpu: T0 : 0x10962    : sd s8, -1672(a3)           : MemWrite :  D=0x0000000000000010 A=0x71978
 309000: system.cpu: T0 : 0x10966    : lui a3, 114                : IntAlu :  D=0x0000000000072000
 310000: system.cpu: T0 : 0x1096a    : sd a5, 1096(s3)            : MemWrite :  D=0x0000000000000001 A=0x702a8
 311000: system.cpu: T0 : 0x1096e    : sd a5, -608(a3)            : MemWrite :  D=0x0000000000000001 A=0x71da0
 311500: system.cpu: T0 : 0x10972    : c_addi a4, 15              : IntAlu :  D=0x000000000000080f
 312000: system.cpu: T0 : 0x10974    : sd s0, 1048(s3)            : MemWrite :  D=0x000000000006ead0 A=0x70278
 312500: system.cpu: T0 : 0x10978    : c_ldsp ra, 120(sp)         : MemRead :  D=0x00000000000105b6 A=0x7ffffffffffffde8
 313000: system.cpu: T0 : 0x1097a    : c_ldsp s0, 112(sp)         : MemRead :  D=0x0000000000010a18 A=0x7ffffffffffffde0
 313500: system.cpu: T0 : 0x1097c    : sd s5, 1072(s3)            : MemWrite :  D=0x0000000000000008 A=0x70290
 314000: system.cpu: T0 : 0x10980    : sd s10, 1064(s3)           : MemWrite :  D=0x0000000000000060 A=0x70288
 314500: system.cpu: T0 : 0x10984    : sd s4, 1056(s3)            : MemWrite :  D=0x0000000000000020 A=0x70280
 315000: system.cpu: T0 : 0x10988    : c_ldsp s5, 72(sp)          : MemRead :  D=0x0000000000000000 A=0x7ffffffffffffdb8
 315500: system.cpu: T0 : 0x1098a    : c_ldsp s3, 88(sp)          : MemRead :  D=0x0000000000000000 A=0x7ffffffffffffdc8
 316000: system.cpu: T0 : 0x1098c    : c_ldsp s4, 80(sp)          : MemRead :  D=0x0000000000000000 A=0x7ffffffffffffdc0
 316500: system.cpu: T0 : 0x1098e    : c_ldsp s8, 48(sp)          : MemRead :  D=0x0000000000000000 A=0x7ffffffffffffda0
 317000: system.cpu: T0 : 0x10990    : c_ldsp s10, 32(sp)         : MemRead :  D=0x0000000000000000 A=0x7ffffffffffffd90
 317500: system.cpu: T0 : 0x10992    : c_ldsp s11, 24(sp)         : MemRead :  D=0x0000000000000000 A=0x7ffffffffffffd88
 318000: system.cpu: T0 : 0x10994    : c_mv tp, s1                : IntAlu :  D=0x0000000000072710
 318500: system.cpu: T0 : 0x10996    : c_ldsp s1, 104(sp)         : MemRead :  D=0x0000000000010aa8 A=0x7ffffffffffffdd8
 319000: system.cpu: T0 : 0x10998    : mul s2, s2, s9             : IntMult :  D=0x0000000000000060
 319500: system.cpu: T0 : 0x1099c    : c_ldsp s9, 40(sp)          : MemRead :  D=0x0000000000000000 A=0x7ffffffffffffd98
 320500: system.cpu: T0 : 0x1099e    : add a5, s2, s7             : IntAlu :  D=0x0000000000000060
 321000: system.cpu: T0 : 0x109a2    : c_add a4, a5               : IntAlu :  D=0x000000000000086f
 321500: system.cpu: T0 : 0x109a4    : c_andi a4, 18446744073709551600 : IntAlu :  D=0x0000000000000860
 322500: system.cpu: T0 : 0x109a6    : sd a4, -1968(gp)           : MemWrite :  D=0x0000000000000860 A=0x70888
 323500: system.cpu: T0 : 0x109aa    : lui a4, 114                : IntAlu :  D=0x0000000000072000
 324500: system.cpu: T0 : 0x109ae    : sd a5, -1680(a4)           : MemWrite :  D=0x0000000000000060 A=0x71970
 325000: system.cpu: T0 : 0x109b2    : c_ldsp s2, 96(sp)          : MemRead :  D=0x0000000000000000 A=0x7ffffffffffffdd0
 325500: system.cpu: T0 : 0x109b4    : c_ldsp s6, 64(sp)          : MemRead :  D=0x0000000000000000 A=0x7ffffffffffffdb0
 326000: system.cpu: T0 : 0x109b6    : c_ldsp s7, 56(sp)          : MemRead :  D=0x0000000000000000 A=0x7ffffffffffffda8
 326500: system.cpu: T0 : 0x109b8    : c_addi16sp sp, 128         : IntAlu :  D=0x7ffffffffffffdf0
 327000: system.cpu: T0 : 0x109ba    : c_jr ra                    : IntAlu : 
 328000: system.cpu: T0 : 0x105b6    : lui a5, 111                : IntAlu :  D=0x000000000006f000
 329000: system.cpu: T0 : 0x105ba    : ld a5, -128(a5)            : MemRead :  D=0x7fffffffffffffd8 A=0x6ef80
 330000: system.cpu: T0 : 0x105be    : lw a7, -1728(gp)           : MemRead :  D=0x0000000000000000 A=0x70978
 331000: system.cpu: T0 : 0x105c2    : lbu a6, 1(a5)              : MemRead :  D=0x0000000000000000 A=0x7fffffffffffffd9
 332000: system.cpu: T0 : 0x105c6    : lbu a4, 0(a5)              : MemRead :  D=0x0000000000000000 A=0x7fffffffffffffd8
 333000: system.cpu: T0 : 0x105ca    : lbu a0, 2(a5)              : MemRead :  D=0x0000000000000000 A=0x7fffffffffffffda
 334000: system.cpu: T0 : 0x105ce    : lbu a1, 3(a5)              : MemRead :  D=0x000000000000002e A=0x7fffffffffffffdb
 335000: system.cpu: T0 : 0x105d2    : lbu a2, 4(a5)              : MemRead :  D=0x000000000000002e A=0x7fffffffffffffdc
 335500: system.cpu: T0 : 0x105d6    : c_slli a6, 8               : IntAlu :  D=0x0000000000000000
 336000: system.cpu: T0 : 0x105d8    : lbu a3, 5(a5)              : MemRead :  D=0x000000000000002f A=0x7fffffffffffffdd
 336500: system.cpu: T0 : 0x105dc    : or a6, a6, a4              : IntAlu :  D=0x0000000000000000
 337000: system.cpu: T0 : 0x105e0    : c_slli a0, 16              : IntAlu :  D=0x0000000000000000
 338000: system.cpu: T0 : 0x105e2    : lbu a4, 6(a5)              : MemRead :  D=0x0000000000000044 A=0x7fffffffffffffde
 339000: system.cpu: T0 : 0x105e6    : or a0, a0, a6              : IntAlu :  D=0x0000000000000000
 339500: system.cpu: T0 : 0x105ea    : c_slli a1, 24              : IntAlu :  D=0x000000002e000000
 340000: system.cpu: T0 : 0x105ec    : lbu a5, 7(a5)              : MemRead :  D=0x000000000000006f A=0x7fffffffffffffdf
 340500: system.cpu: T0 : 0x105f0    : c_or a1, a0                : IntAlu :  D=0x000000002e000000
 341000: system.cpu: T0 : 0x105f2    : c_slli a2, 32              : IntAlu :  D=0x0000002e00000000
 341500: system.cpu: T0 : 0x105f4    : c_or a2, a1                : IntAlu :  D=0x0000002e2e000000
 342000: system.cpu: T0 : 0x105f6    : c_slli a3, 40              : IntAlu :  D=0x00002f0000000000
 342500: system.cpu: T0 : 0x105f8    : c_or a3, a2                : IntAlu :  D=0x00002f2e2e000000
 343000: system.cpu: T0 : 0x105fa    : c_slli a4, 48              : IntAlu :  D=0x0044000000000000
 343500: system.cpu: T0 : 0x105fc    : c_or a4, a3                : IntAlu :  D=0x00442f2e2e000000
 344000: system.cpu: T0 : 0x105fe    : c_slli a5, 56              : IntAlu :  D=0x6f00000000000000
 344500: system.cpu: T0 : 0x10600    : c_or a5, a4                : IntAlu :  D=0x6f442f2e2e000000
 345500: system.cpu: T0 : 0x10602    : andi a5, a5, 18446744073709551360 : IntAlu :  D=0x6f442f2e2e000000
 346500: system.cpu: T0 : 0x10606    : lui a4, 111                : IntAlu :  D=0x000000000006f000
 347500: system.cpu: T0 : 0x1060a    : sd a5, -1264(a4)           : MemWrite :  D=0x6f442f2e2e000000 A=0x6eb10
 348500: system.cpu: T0 : 0x1060e    : beq a7, zero, 286          : IntAlu : 
 349000: system.cpu: T0 : 0x1072c    : jal ra, 75206              : IntAlu :  D=0x0000000000010730
 349500: system.cpu: T0 : 0x22cf2    : c_addi16sp sp, -496        : IntAlu :  D=0x7ffffffffffffc00
 350000: system.cpu: T0 : 0x22cf4    : c_addi4spn a0, sp, 72      : IntAlu :  D=0x7ffffffffffffc48
 350500: system.cpu: T0 : 0x22cf6    : c_sdsp ra, 488(sp)         : MemWrite :  D=0x0000000000010730 A=0x7ffffffffffffde8
 351000: system.cpu: T0 : 0x22cf8    : c_sdsp s0, 480(sp)         : MemWrite :  D=0x0000000000010a18 A=0x7ffffffffffffde0
 351500: system.cpu: T0 : 0x22cfa    : c_sdsp s1, 472(sp)         : MemWrite :  D=0x0000000000010aa8 A=0x7ffffffffffffdd8
 352000: system.cpu: T0 : 0x22cfc    : jal ra, 90520              : IntAlu :  D=0x0000000000022d00
 352500: system.cpu: T0 : 0x38e94    : addi a7, zero, 160         : IntAlu :  D=0x00000000000000a0
 353000: system.cpu: T0 : 0x38e98    : ecall                      : No_OpClass : 
 353500: system.cpu: T0 : 0x38e9c    : c_lui a7, 1048575          : IntAlu :  D=0xfffffffffffff000
 354500: system.cpu: T0 : 0x38e9e    : bltu a7, a0, 6             : IntAlu : 
 355000: system.cpu: T0 : 0x38ea2    : c_jr ra                    : IntAlu : 
 355500: system.cpu: T0 : 0x22d00    : addi a3, sp, 202           : IntAlu :  D=0x7ffffffffffffcca
 356000: system.cpu: T0 : 0x22d04    : c_bnez a0, 140             : IntAlu : 
 356500: system.cpu: T0 : 0x22d06    : c_li t1, 0                 : IntAlu :  D=0x0000000000000000
 357000: system.cpu: T0 : 0x22d08    : c_li a0, 0                 : IntAlu :  D=0x0000000000000000
 357500: system.cpu: T0 : 0x22d0a    : c_li a7, 9                 : IntAlu :  D=0x0000000000000009
 358000: system.cpu: T0 : 0x22d0c    : addi t3, zero, 46          : IntAlu :  D=0x000000000000002e
 358500: system.cpu: T0 : 0x22d10    : c_li t4, 3                 : IntAlu :  D=0x0000000000000003
 359500: system.cpu: T0 : 0x22d12    : lbu a5, 0(a3)              : MemRead :  D=0x0000000000000035 A=0x7ffffffffffffcca
 360500: system.cpu: T0 : 0x22d16    : addiw a5, a5, -48          : IntAlu :  D=0x0000000000000005
 361500: system.cpu: T0 : 0x22d1a    : andi a4, a5, 255           : IntAlu :  D=0x0000000000000005
 362500: system.cpu: T0 : 0x22d1e    : bltu a7, a4, 98            : IntAlu : 
 363500: system.cpu: T0 : 0x22d22    : lbu a1, 1(a3)              : MemRead :  D=0x000000000000002e A=0x7ffffffffffffccb
 364500: system.cpu: T0 : 0x22d26    : addiw a4, a5, 0            : IntAlu :  D=0x0000000000000005
 365000: system.cpu: T0 : 0x22d2a    : c_addi a3, 1               : IntAlu :  D=0x7ffffffffffffccb
 365500: system.cpu: T0 : 0x22d2c    : addiw a2, a1, -48          : IntAlu :  D=0xfffffffffffffffe
 366000: system.cpu: T0 : 0x22d30    : andi a5, a2, 255           : IntAlu :  D=0x00000000000000fe
 366500: system.cpu: T0 : 0x22d34    : bltu a7, a5, 36            : IntAlu : 
 367000: system.cpu: T0 : 0x22d58    : slliw a5, a0, 8            : IntAlu :  D=0x0000000000000000
 367500: system.cpu: T0 : 0x22d5c    : c_or a5, a4                : IntAlu :  D=0x0000000000000005
 368000: system.cpu: T0 : 0x22d5e    : c_addiw t1, 1              : IntAlu :  D=0x0000000000000001
 368500: system.cpu: T0 : 0x22d60    : addiw a0, a5, 0            : IntAlu :  D=0x0000000000000005
 369000: system.cpu: T0 : 0x22d64    : c_addi a3, 1               : IntAlu :  D=0x7ffffffffffffccc
 370000: system.cpu: T0 : 0x22d66    : bne a1, t3, 20             : IntAlu : 
 371000: system.cpu: T0 : 0x22d6a    : bne t1, t4, -88            : IntAlu : 
 372000: system.cpu: T0 : 0x22d12    : lbu a5, 0(a3)              : MemRead :  D=0x0000000000000031 A=0x7ffffffffffffccc
 373000: system.cpu: T0 : 0x22d16    : addiw a5, a5, -48          : IntAlu :  D=0x0000000000000001
 374000: system.cpu: T0 : 0x22d1a    : andi a4, a5, 255           : IntAlu :  D=0x0000000000000001
 375000: system.cpu: T0 : 0x22d1e    : bltu a7, a4, 98            : IntAlu : 
 376000: system.cpu: T0 : 0x22d22    : lbu a1, 1(a3)              : MemRead :  D=0x000000000000002e A=0x7ffffffffffffccd
 377000: system.cpu: T0 : 0x22d26    : addiw a4, a5, 0            : IntAlu :  D=0x0000000000000001
 377500: system.cpu: T0 : 0x22d2a    : c_addi a3, 1               : IntAlu :  D=0x7ffffffffffffccd
 378000: system.cpu: T0 : 0x22d2c    : addiw a2, a1, -48          : IntAlu :  D=0xfffffffffffffffe
 378500: system.cpu: T0 : 0x22d30    : andi a5, a2, 255           : IntAlu :  D=0x00000000000000fe
 379000: system.cpu: T0 : 0x22d34    : bltu a7, a5, 36            : IntAlu : 
 379500: system.cpu: T0 : 0x22d58    : slliw a5, a0, 8            : IntAlu :  D=0x0000000000000500
 380000: system.cpu: T0 : 0x22d5c    : c_or a5, a4                : IntAlu :  D=0x0000000000000501
 380500: system.cpu: T0 : 0x22d5e    : c_addiw t1, 1              : IntAlu :  D=0x0000000000000002
 381000: system.cpu: T0 : 0x22d60    : addiw a0, a5, 0            : IntAlu :  D=0x0000000000000501
 381500: system.cpu: T0 : 0x22d64    : c_addi a3, 1               : IntAlu :  D=0x7ffffffffffffcce
 382500: system.cpu: T0 : 0x22d66    : bne a1, t3, 20             : IntAlu : 
 383500: system.cpu: T0 : 0x22d6a    : bne t1, t4, -88            : IntAlu : 
 384500: system.cpu: T0 : 0x22d12    : lbu a5, 0(a3)              : MemRead :  D=0x0000000000000030 A=0x7ffffffffffffcce
 385500: system.cpu: T0 : 0x22d16    : addiw a5, a5, -48          : IntAlu :  D=0x0000000000000000
 386500: system.cpu: T0 : 0x22d1a    : andi a4, a5, 255           : IntAlu :  D=0x0000000000000000
 387500: system.cpu: T0 : 0x22d1e    : bltu a7, a4, 98            : IntAlu : 
 388500: system.cpu: T0 : 0x22d22    : lbu a1, 1(a3)              : MemRead :  D=0x0000000000000000 A=0x7ffffffffffffccf
 389500: system.cpu: T0 : 0x22d26    : addiw a4, a5, 0            : IntAlu :  D=0x0000000000000000
 390000: system.cpu: T0 : 0x22d2a    : c_addi a3, 1               : IntAlu :  D=0x7ffffffffffffccf
 390500: system.cpu: T0 : 0x22d2c    : addiw a2, a1, -48          : IntAlu :  D=0xffffffffffffffd0
 391000: system.cpu: T0 : 0x22d30    : andi a5, a2, 255           : IntAlu :  D=0x00000000000000d0
 391500: system.cpu: T0 : 0x22d34    : bltu a7, a5, 36            : IntAlu : 
 392000: system.cpu: T0 : 0x22d58    : slliw a5, a0, 8            : IntAlu :  D=0x0000000000050100
 392500: system.cpu: T0 : 0x22d5c    : c_or a5, a4                : IntAlu :  D=0x0000000000050100
 393000: system.cpu: T0 : 0x22d5e    : c_addiw t1, 1              : IntAlu :  D=0x0000000000000003
 393500: system.cpu: T0 : 0x22d60    : addiw a0, a5, 0            : IntAlu :  D=0x0000000000050100
 394000: system.cpu: T0 : 0x22d64    : c_addi a3, 1               : IntAlu :  D=0x7ffffffffffffcd0
 395000: system.cpu: T0 : 0x22d66    : bne a1, t3, 20             : IntAlu : 
 395500: system.cpu: T0 : 0x22d7a    : c_li a5, 3                 : IntAlu :  D=0x0000000000000003
 396000: system.cpu: T0 : 0x22d7c    : beq t1, a5, -14            : IntAlu : 
 396500: system.cpu: T0 : 0x22d6e    : c_addiw a0, 0              : IntAlu :  D=0x0000000000050100
 397000: system.cpu: T0 : 0x22d70    : c_ldsp ra, 488(sp)         : MemRead :  D=0x0000000000010730 A=0x7ffffffffffffde8
 397500: system.cpu: T0 : 0x22d72    : c_ldsp s0, 480(sp)         : MemRead :  D=0x0000000000010a18 A=0x7ffffffffffffde0
 398000: system.cpu: T0 : 0x22d74    : c_ldsp s1, 472(sp)         : MemRead :  D=0x0000000000010aa8 A=0x7ffffffffffffdd8
 398500: system.cpu: T0 : 0x22d76    : c_addi16sp sp, 496         : IntAlu :  D=0x7ffffffffffffdf0
 399000: system.cpu: T0 : 0x22d78    : c_jr ra                    : IntAlu : 
 399500: system.cpu: T0 : 0x10730    : c_mv a5, a0                : IntAlu :  D=0x0000000000050100
 400500: system.cpu: T0 : 0x10732    : blt a0, zero, 104          : IntAlu : 
 401500: system.cpu: T0 : 0x10736    : lui a4, 114                : IntAlu :  D=0x0000000000072000
 402500: system.cpu: T0 : 0x1073a    : lw a3, -352(a4)            : MemRead :  D=0x0000000000000000 A=0x71ea0
 403500: system.cpu: T0 : 0x1073e    : addiw a4, a0, 0            : IntAlu :  D=0x0000000000050100
 404000: system.cpu: T0 : 0x10742    : c_bnez a3, 82              : IntAlu : 
 404500: system.cpu: T0 : 0x10744    : lui a3, 114                : IntAlu :  D=0x0000000000072000
 405000: system.cpu: T0 : 0x10748    : sw a4, -352(a3)            : MemWrite :  D=0x0000000000050100 A=0x71ea0
 405500: system.cpu: T0 : 0x1074c    : lui a4, 65                 : IntAlu :  D=0x0000000000041000
 406000: system.cpu: T0 : 0x10750    : addi a4, a4, -257          : IntAlu :  D=0x0000000000040eff
 406500: system.cpu: T0 : 0x10754    : blt a4, a5, -322           : IntAlu : 
 407500: system.cpu: T0 : 0x10612    : addi a5, zero, 0           : IntAlu :  D=0x0000000000000000
 408000: system.cpu: T0 : 0x10616    : c_beqz a5, 10              : IntAlu : 
 408500: system.cpu: T0 : 0x10620    : lui a5, 111                : IntAlu :  D=0x000000000006f000
 409000: system.cpu: T0 : 0x10624    : ld a5, -128(a5)            : MemRead :  D=0x7fffffffffffffd8 A=0x6ef80
 409500: system.cpu: T0 : 0x10628    : lbu a4, 14(a5)             : MemRead :  D=0x0000000000000073 A=0x7fffffffffffffe6
 410000: system.cpu: T0 : 0x1062c    : lbu a7, 8(a5)              : MemRead :  D=0x0000000000000077 A=0x7fffffffffffffe0
 410500: system.cpu: T0 : 0x10630    : lbu a6, 9(a5)              : MemRead :  D=0x000000000000006e A=0x7fffffffffffffe1
 411000: system.cpu: T0 : 0x10634    : lbu a0, 10(a5)             : MemRead :  D=0x000000000000006c A=0x7fffffffffffffe2
 411500: system.cpu: T0 : 0x10638    : lbu a1, 11(a5)             : MemRead :  D=0x000000000000006f A=0x7fffffffffffffe3
 412000: system.cpu: T0 : 0x1063c    : lbu a2, 12(a5)             : MemRead :  D=0x0000000000000061 A=0x7fffffffffffffe4
 412500: system.cpu: T0 : 0x10640    : lbu a3, 13(a5)             : MemRead :  D=0x0000000000000064 A=0x7fffffffffffffe5
 413000: system.cpu: T0 : 0x10644    : lbu a5, 15(a5)             : MemRead :  D=0x000000000000002f A=0x7fffffffffffffe7
 413500: system.cpu: T0 : 0x10648    : sb a7, 40(sp)              : MemWrite :  D=0x0000000000000077 A=0x7ffffffffffffe18
 414000: system.cpu: T0 : 0x1064c    : sb a6, 41(sp)              : MemWrite :  D=0x000000000000006e A=0x7ffffffffffffe19
 414500: system.cpu: T0 : 0x10650    : sb a5, 47(sp)              : MemWrite :  D=0x000000000000002f A=0x7ffffffffffffe1f
 415000: system.cpu: T0 : 0x10654    : sb a0, 42(sp)              : MemWrite :  D=0x000000000000006c A=0x7ffffffffffffe1a
 415500: system.cpu: T0 : 0x10658    : sb a1, 43(sp)              : MemWrite :  D=0x000000000000006f A=0x7ffffffffffffe1b
 416000: system.cpu: T0 : 0x1065c    : sb a2, 44(sp)              : MemWrite :  D=0x0000000000000061 A=0x7ffffffffffffe1c
 416500: system.cpu: T0 : 0x10660    : sb a3, 45(sp)              : MemWrite :  D=0x0000000000000064 A=0x7ffffffffffffe1d
 417000: system.cpu: T0 : 0x10664    : sb a4, 46(sp)              : MemWrite :  D=0x0000000000000073 A=0x7ffffffffffffe1e
 417500: system.cpu: T0 : 0x10668    : c_ldsp a4, 40(sp)          : MemRead :  D=0x2f7364616f6c6e77 A=0x7ffffffffffffe18
 418500: system.cpu: T0 : 0x1066a    : lui a5, 111                : IntAlu :  D=0x000000000006f000
 419500: system.cpu: T0 : 0x1066e    : sd a4, -1256(a5)           : MemWrite :  D=0x2f7364616f6c6e77 A=0x6eb18
 420500: system.cpu: T0 : 0x10672    : beq s2, zero, 14           : IntAlu : 
 421000: system.cpu: T0 : 0x10680    : ld a2, -1360(gp)           : MemRead :  D=0x7fffffffffffff48 A=0x70ae8
 421500: system.cpu: T0 : 0x10684    : c_ldsp a1, 16(sp)          : MemRead :  D=0x7fffffffffffff38 A=0x7ffffffffffffe00
 422000: system.cpu: T0 : 0x10686    : c_ldsp a0, 8(sp)           : MemRead :  D=0x0000000000000001 A=0x7ffffffffffffdf8
 422500: system.cpu: T0 : 0x10688    : jal ra, 75610              : IntAlu :  D=0x000000000001068c
 423000: system.cpu: T0 : 0x22de2    : c_addi sp, -32             : IntAlu :  D=0x7ffffffffffffdd0
 423500: system.cpu: T0 : 0x22de4    : c_sdsp s0, 16(sp)          : MemWrite :  D=0x0000000000010a18 A=0x7ffffffffffffde0
 424000: system.cpu: T0 : 0x22de6    : c_sdsp s1, 8(sp)           : MemWrite :  D=0x0000000000010aa8 A=0x7ffffffffffffdd8
 424500: system.cpu: T0 : 0x22de8    : c_sdsp s2, 0(sp)           : MemWrite :  D=0x0000000000000000 A=0x7ffffffffffffdd0
 425000: system.cpu: T0 : 0x22dea    : c_sdsp ra, 24(sp)          : MemWrite :  D=0x000000000001068c A=0x7ffffffffffffde8
 425500: system.cpu: T0 : 0x22dec    : addi a4, zero, 0           : IntAlu :  D=0x0000000000000000
 426000: system.cpu: T0 : 0x22df0    : c_mv s0, a0                : IntAlu :  D=0x0000000000000001
 426500: system.cpu: T0 : 0x22df2    : c_mv s1, a1                : IntAlu :  D=0x7fffffffffffff38
 427000: system.cpu: T0 : 0x22df4    : c_mv s2, a2                : IntAlu :  D=0x7fffffffffffff48
 427500: system.cpu: T0 : 0x22df6    : c_beqz a4, 62              : IntAlu : 
 428000: system.cpu: T0 : 0x22e34    : lw a0, -1248(gp)           : MemRead :  D=0x0000000000000000 A=0x70b58
 428500: system.cpu: T0 : 0x22e38    : lw a5, -1344(gp)           : MemRead :  D=0x0000000000000000 A=0x70af8
 429000: system.cpu: T0 : 0x22e3c    : sw zero, -1728(gp)         : MemWrite :  D=0x0000000000000000 A=0x70978
 429500: system.cpu: T0 : 0x22e40    : beq a5, a0, -60            : IntAlu : 
 430000: system.cpu: T0 : 0x22e04    : lui a5, 114                : IntAlu :  D=0x0000000000072000
 430500: system.cpu: T0 : 0x22e08    : sw s0, -328(a5)            : MemWrite :  D=0x0000000000000001 A=0x71eb8
 431000: system.cpu: T0 : 0x22e0c    : lui a5, 114                : IntAlu :  D=0x0000000000072000
 431500: system.cpu: T0 : 0x22e10    : sd s1, -320(a5)            : MemWrite :  D=0x7fffffffffffff38 A=0x71ec0
 432000: system.cpu: T0 : 0x22e14    : sd s2, -1360(gp)           : MemWrite :  D=0x7fffffffffffff48 A=0x70ae8
 432500: system.cpu: T0 : 0x22e18    : jal ra, -2314              : IntAlu :  D=0x0000000000022e1c
 433000: system.cpu: T0 : 0x2250e    : c_addi16sp sp, -160        : IntAlu :  D=0x7ffffffffffffd30
 433500: system.cpu: T0 : 0x22510    : c_sdsp ra, 152(sp)         : MemWrite :  D=0x0000000000022e1c A=0x7ffffffffffffdc8
 434000: system.cpu: T0 : 0x22512    : c_sdsp s1, 136(sp)         : MemWrite :  D=0x7fffffffffffff38 A=0x7ffffffffffffdb8
 434500: system.cpu: T0 : 0x22514    : c_sdsp s2, 128(sp)         : MemWrite :  D=0x7fffffffffffff48 A=0x7ffffffffffffdb0
 435000: system.cpu: T0 : 0x22516    : c_sdsp s3, 120(sp)         : MemWrite :  D=0x0000000000000000 A=0x7ffffffffffffda8
 435500: system.cpu: T0 : 0x22518    : c_sdsp s4, 112(sp)         : MemWrite :  D=0x0000000000000000 A=0x7ffffffffffffda0
 436000: system.cpu: T0 : 0x2251a    : c_sdsp s0, 144(sp)         : MemWrite :  D=0x0000000000000001 A=0x7ffffffffffffdc0
 436500: system.cpu: T0 : 0x2251c    : c_sdsp s5, 104(sp)         : MemWrite :  D=0x0000000000000000 A=0x7ffffffffffffd98
 437000: system.cpu: T0 : 0x2251e    : c_sdsp s6, 96(sp)          : MemWrite :  D=0x0000000000000000 A=0x7ffffffffffffd90
 437500: system.cpu: T0 : 0x22520    : c_sdsp s7, 88(sp)          : MemWrite :  D=0x0000000000000000 A=0x7ffffffffffffd88
 438000: system.cpu: T0 : 0x22522    : c_sdsp s8, 80(sp)          : MemWrite :  D=0x0000000000000000 A=0x7ffffffffffffd80
 438500: system.cpu: T0 : 0x22524    : c_sdsp s9, 72(sp)          : MemWrite :  D=0x0000000000000000 A=0x7ffffffffffffd78
 439000: system.cpu: T0 : 0x22526    : c_sdsp s10, 64(sp)         : MemWrite :  D=0x0000000000000000 A=0x7ffffffffffffd70
 439500: system.cpu: T0 : 0x22528    : lui s2, 114                : IntAlu :  D=0x0000000000072000
 440000: system.cpu: T0 : 0x2252c    : jal ra, 116914             : IntAlu :  D=0x0000000000022530
 440500: system.cpu: T0 : 0x3edde    : c_lui t1, 1048575          : IntAlu :  D=0xfffffffffffff000
 441000: system.cpu: T0 : 0x3ede0    : c_addi16sp sp, -48         : IntAlu :  D=0x7ffffffffffffd00
 441500: system.cpu: T0 : 0x3ede2    : c_addi t1, 16              : IntAlu :  D=0xfffffffffffff010
 442000: system.cpu: T0 : 0x3ede4    : c_sdsp ra, 40(sp)          : MemWrite :  D=0x0000000000022530 A=0x7ffffffffffffd28
 442500: system.cpu: T0 : 0x3ede6    : c_sdsp s0, 32(sp)          : MemWrite :  D=0x0000000000000001 A=0x7ffffffffffffd20
 443000: system.cpu: T0 : 0x3ede8    : c_sdsp s1, 24(sp)          : MemWrite :  D=0x7fffffffffffff38 A=0x7ffffffffffffd18
 443500: system.cpu: T0 : 0x3edea    : c_sdsp s2, 16(sp)          : MemWrite :  D=0x0000000000072000 A=0x7ffffffffffffd10
 444000: system.cpu: T0 : 0x3edec    : lui a1, 98                 : IntAlu :  D=0x0000000000062000
 444500: system.cpu: T0 : 0x3edf0    : c_add sp, t1               : IntAlu :  D=0x7fffffffffffed10
 445000: system.cpu: T0 : 0x3edf2    : c_lui a5, 1048575          : IntAlu :  D=0xfffffffffffff000
 445500: system.cpu: T0 : 0x3edf4    : addi a7, zero, 78          : IntAlu :  D=0x000000000000004e
 446000: system.cpu: T0 : 0x3edf8    : addi a0, zero, -100        : IntAlu :  D=0xffffffffffffff9c
 446500: system.cpu: T0 : 0x3edfc    : addi a1, a1, 544           : IntAlu :  D=0x0000000000062220
 447000: system.cpu: T0 : 0x3ee00    : c_mv a2, sp                : IntAlu :  D=0x7fffffffffffed10
 447500: system.cpu: T0 : 0x3ee02    : c_lui a3, 1                : IntAlu :  D=0x0000000000001000
 448000: system.cpu: T0 : 0x3ee04    : ecall                      : No_OpClass : 
 448500: system.cpu: T0 : 0x3ee08    : c_addiw a0, 0              : IntAlu :  D=0xfffffffffffffffe
 449500: system.cpu: T0 : 0x3ee0a    : bltu a5, a0, 84            : IntAlu : 
 450500: system.cpu: T0 : 0x3ee5e    : lui a5, 114                : IntAlu :  D=0x0000000000072000
 451500: system.cpu: T0 : 0x3ee62    : ld s1, -424(a5)            : MemRead :  D=0x0000000000000000 A=0x71e58
 452000: system.cpu: T0 : 0x3ee66    : c_beqz s1, 62              : IntAlu : 
 452500: system.cpu: T0 : 0x3eea4    : c_li s0, -1                : IntAlu :  D=0xffffffffffffffff
 453000: system.cpu: T0 : 0x3eea6    : c_lui t1, 1                : IntAlu :  D=0x0000000000001000
 453500: system.cpu: T0 : 0x3eea8    : c_addi t1, -16             : IntAlu :  D=0x0000000000000ff0
 454000: system.cpu: T0 : 0x3eeaa    : c_add sp, t1               : IntAlu :  D=0x7ffffffffffffd00
 454500: system.cpu: T0 : 0x3eeac    : c_ldsp ra, 40(sp)          : MemRead :  D=0x0000000000022530 A=0x7ffffffffffffd28
 455000: system.cpu: T0 : 0x3eeae    : c_mv a0, s0                : IntAlu :  D=0xffffffffffffffff
 455500: system.cpu: T0 : 0x3eeb0    : c_ldsp s1, 24(sp)          : MemRead :  D=0x7fffffffffffff38 A=0x7ffffffffffffd18
 456000: system.cpu: T0 : 0x3eeb2    : c_ldsp s0, 32(sp)          : MemRead :  D=0x0000000000000001 A=0x7ffffffffffffd20
 456500: system.cpu: T0 : 0x3eeb4    : c_ldsp s2, 16(sp)          : MemRead :  D=0x0000000000072000 A=0x7ffffffffffffd10
 457000: system.cpu: T0 : 0x3eeb6    : c_addi16sp sp, 48          : IntAlu :  D=0x7ffffffffffffd30
 457500: system.cpu: T0 : 0x3eeb8    : c_jr ra                    : IntAlu : 
 458000: system.cpu: T0 : 0x22530    : lui s3, 114                : IntAlu :  D=0x0000000000072000
 458500: system.cpu: T0 : 0x22534    : ld a5, -384(s3)            : MemRead :  D=0x0000000000000006 A=0x71e80
 459000: system.cpu: T0 : 0x22538    : ld a4, -440(s2)            : MemRead :  D=0x0000000000010040 A=0x71e48
 459500: system.cpu: T0 : 0x2253c    : c_mv a3, a0                : IntAlu :  D=0xffffffffffffffff
 460500: system.cpu: T0 : 0x2253e    : lui s4, 112                : IntAlu :  D=0x0000000000070000
 461500: system.cpu: T0 : 0x22542    : lui a0, 80                 : IntAlu :  D=0x0000000000050000
 462500: system.cpu: T0 : 0x22546    : addi s1, s4, -416          : IntAlu :  D=0x000000000006fe60
 463500: system.cpu: T0 : 0x2254a    : addi a0, a0, -576          : IntAlu :  D=0x000000000004fdc0
 464500: system.cpu: T0 : 0x2254e    : sh a5, 696(s1)             : MemWrite :  D=0x0000000000000006 A=0x70118
 465500: system.cpu: T0 : 0x22552    : sd a3, 840(s1)             : MemWrite :  D=0xffffffffffffffff A=0x701a8
 466500: system.cpu: T0 : 0x22556    : sd a4, 680(s1)             : MemWrite :  D=0x0000000000010040 A=0x70108
 467500: system.cpu: T0 : 0x2255a    : jal ra, -56890             : IntAlu :  D=0x000000000002255e
 468000: system.cpu: T0 : 0x14720    : c_addi16sp sp, -64         : IntAlu :  D=0x7ffffffffffffcf0
 468500: system.cpu: T0 : 0x14722    : c_sdsp s1, 40(sp)          : MemWrite :  D=0x000000000006fe60 A=0x7ffffffffffffd18
 469000: system.cpu: T0 : 0x14724    : ld s1, -1360(gp)           : MemRead :  D=0x7fffffffffffff48 A=0x70ae8
 469500: system.cpu: T0 : 0x14728    : c_sdsp ra, 56(sp)          : MemWrite :  D=0x000000000002255e A=0x7ffffffffffffd28
 470000: system.cpu: T0 : 0x1472a    : c_sdsp s0, 48(sp)          : MemWrite :  D=0x0000000000000001 A=0x7ffffffffffffd20
 470500: system.cpu: T0 : 0x1472c    : c_sdsp s2, 32(sp)          : MemWrite :  D=0x0000000000072000 A=0x7ffffffffffffd10
 471000: system.cpu: T0 : 0x1472e    : c_sdsp s3, 24(sp)          : MemWrite :  D=0x0000000000072000 A=0x7ffffffffffffd08
 471500: system.cpu: T0 : 0x14730    : c_sdsp s4, 16(sp)          : MemWrite :  D=0x0000000000070000 A=0x7ffffffffffffd00
 472000: system.cpu: T0 : 0x14732    : c_sdsp s5, 8(sp)           : MemWrite :  D=0x0000000000000000 A=0x7ffffffffffffcf8
 472500: system.cpu: T0 : 0x14734    : c_sdsp s6, 0(sp)           : MemWrite :  D=0x0000000000000000 A=0x7ffffffffffffcf0
 473000: system.cpu: T0 : 0x14736    : c_beqz s1, 210             : IntAlu : 
 473500: system.cpu: T0 : 0x14738    : lbu a5, 0(a0)              : MemRead :  D=0x000000000000004c A=0x4fdc0
 474000: system.cpu: T0 : 0x1473c    : c_mv s4, a0                : IntAlu :  D=0x000000000004fdc0
 474500: system.cpu: T0 : 0x1473e    : c_beqz a5, 202             : IntAlu : 
 475000: system.cpu: T0 : 0x14740    : lbu s5, 1(a0)              : MemRead :  D=0x0000000000000044 A=0x4fdc1
 475500: system.cpu: T0 : 0x14744    : slliw s2, a5, 16           : IntAlu :  D=0x00000000004c0000
 476000: system.cpu: T0 : 0x14748    : c_ld s0, 0(s1)             : MemRead :  D=0x0000000000000000 A=0x7fffffffffffff48
 477000: system.cpu: T0 : 0x1474a    : sraiw s2, s2, 16           : IntAlu :  D=0x000000000000004c
 478000: system.cpu: T0 : 0x1474e    : bne s5, zero, 86           : IntAlu : 
 478500: system.cpu: T0 : 0x147a4    : jal ra, 42488              : IntAlu :  D=0x00000000000147a8
 479000: system.cpu: T0 : 0x1ed9c    : andi a5, a0, 7             : IntAlu :  D=0x0000000000000000
 479500: system.cpu: T0 : 0x1eda0    : c_beqz a5, 26              : IntAlu : 
 480000: system.cpu: T0 : 0x1edba    : c_mv a5, a0                : IntAlu :  D=0x000000000004fdc0
 480500: system.cpu: T0 : 0x1edbc    : ld a6, -2024(gp)           : MemRead :  D=0xfefefefefefefeff A=0x70850
 481000: system.cpu: T0 : 0x1edc0    : ld a1, -2016(gp)           : MemRead :  D=0x8080808080808080 A=0x70858
 481500: system.cpu: T0 : 0x1edc4    : c_ld a2, 0(a5)             : MemRead :  D=0x004e5241575f444c A=0x4fdc0
 482500: system.cpu: T0 : 0x1edc6    : addi a3, a5, 8             : IntAlu :  D=0x000000000004fdc8
 483500: system.cpu: T0 : 0x1edca    : add a4, a2, a6             : IntAlu :  D=0xff4d5140565e434b
 484500: system.cpu: T0 : 0x1edce    : xori a2, a2, 18446744073709551615 : IntAlu :  D=0xffb1adbea8a0bbb3
 485000: system.cpu: T0 : 0x1edd2    : c_and a4, a2               : IntAlu :  D=0xff01010000000303
 485500: system.cpu: T0 : 0x1edd4    : c_and a4, a1               : IntAlu :  D=0x8000000000000000
 486000: system.cpu: T0 : 0x1edd6    : c_beqz a4, 50              : IntAlu : 
 486500: system.cpu: T0 : 0x1edd8    : lbu a4, -8(a3)             : MemRead :  D=0x000000000000004c A=0x4fdc0
 487000: system.cpu: T0 : 0x1eddc    : c_beqz a4, -40             : IntAlu : 
 488000: system.cpu: T0 : 0x1edde    : lbu a4, -7(a3)             : MemRead :  D=0x0000000000000044 A=0x4fdc1
 488500: system.cpu: T0 : 0x1ede2    : c_beqz a4, 50              : IntAlu : 
 489000: system.cpu: T0 : 0x1ede4    : lbu a4, -6(a3)             : MemRead :  D=0x000000000000005f A=0x4fdc2
 489500: system.cpu: T0 : 0x1ede8    : c_beqz a4, 52              : IntAlu : 
 490500: system.cpu: T0 : 0x1edea    : lbu a4, -5(a3)             : MemRead :  D=0x0000000000000057 A=0x4fdc3
 491000: system.cpu: T0 : 0x1edee    : c_beqz a4, 54              : IntAlu : 
 491500: system.cpu: T0 : 0x1edf0    : lbu a4, -4(a3)             : MemRead :  D=0x0000000000000041 A=0x4fdc4
 492000: system.cpu: T0 : 0x1edf4    : c_beqz a4, 56              : IntAlu : 
 493000: system.cpu: T0 : 0x1edf6    : lbu a4, -3(a3)             : MemRead :  D=0x0000000000000052 A=0x4fdc5
 493500: system.cpu: T0 : 0x1edfa    : c_beqz a4, 58              : IntAlu : 
 494000: system.cpu: T0 : 0x1edfc    : lbu a4, -2(a3)             : MemRead :  D=0x000000000000004e A=0x4fdc6
 494500: system.cpu: T0 : 0x1ee00    : c_beqz a4, 60              : IntAlu : 
 495500: system.cpu: T0 : 0x1ee02    : lbu a4, -1(a3)             : MemRead :  D=0x0000000000000000 A=0x4fdc7
 496000: system.cpu: T0 : 0x1ee06    : c_beqz a4, 6               : IntAlu : 
 496500: system.cpu: T0 : 0x1ee0c    : c_sub a5, a0               : IntAlu :  D=0x0000000000000000
 497500: system.cpu: T0 : 0x1ee0e    : addi a0, a5, 7             : IntAlu :  D=0x0000000000000007
 498000: system.cpu: T0 : 0x1ee12    : c_jr ra                    : IntAlu : 
 498500: system.cpu: T0 : 0x147a8    : slli a5, s5, 8             : IntAlu :  D=0x0000000000004400
 499000: system.cpu: T0 : 0x147ac    : or a5, s2, a5              : IntAlu :  D=0x000000000000444c
 499500: system.cpu: T0 : 0x147b0    : slliw s2, a5, 16           : IntAlu :  D=0x00000000444c0000
 500000: system.cpu: T0 : 0x147b4    : c_mv s3, a0                : IntAlu :  D=0x0000000000000007
 501000: system.cpu: T0 : 0x147b6    : sraiw s2, s2, 16           : IntAlu :  D=0x000000000000444c
 502000: system.cpu: T0 : 0x147ba    : addi s5, a0, -2            : IntAlu :  D=0x0000000000000005
 502500: system.cpu: T0 : 0x147be    : c_addi s4, 2               : IntAlu :  D=0x000000000004fdc2
 503000: system.cpu: T0 : 0x147c0    : c_beqz s0, -50             : IntAlu : 
 503500: system.cpu: T0 : 0x1478e    : c_ldsp ra, 56(sp)          : MemRead :  D=0x000000000002255e A=0x7ffffffffffffd28
 504000: system.cpu: T0 : 0x14790    : c_mv a0, s0                : IntAlu :  D=0x0000000000000000
 504500: system.cpu: T0 : 0x14792    : c_ldsp s0, 48(sp)          : MemRead :  D=0x0000000000000001 A=0x7ffffffffffffd20
 505000: system.cpu: T0 : 0x14794    : c_ldsp s1, 40(sp)          : MemRead :  D=0x000000000006fe60 A=0x7ffffffffffffd18
 505500: system.cpu: T0 : 0x14796    : c_ldsp s2, 32(sp)          : MemRead :  D=0x0000000000072000 A=0x7ffffffffffffd10
 506000: system.cpu: T0 : 0x14798    : c_ldsp s3, 24(sp)          : MemRead :  D=0x0000000000072000 A=0x7ffffffffffffd08
 506500: system.cpu: T0 : 0x1479a    : c_ldsp s4, 16(sp)          : MemRead :  D=0x0000000000070000 A=0x7ffffffffffffd00
 507000: system.cpu: T0 : 0x1479c    : c_ldsp s5, 8(sp)           : MemRead :  D=0x0000000000000000 A=0x7ffffffffffffcf8
 507500: system.cpu: T0 : 0x1479e    : c_ldsp s6, 0(sp)           : MemRead :  D=0x0000000000000000 A=0x7ffffffffffffcf0
 508000: system.cpu: T0 : 0x147a0    : c_addi16sp sp, 64          : IntAlu :  D=0x7ffffffffffffd30
 508500: system.cpu: T0 : 0x147a2    : c_jr ra                    : IntAlu : 
 509000: system.cpu: T0 : 0x2255e    : c_li a5, 0                 : IntAlu :  D=0x0000000000000000
 509500: system.cpu: T0 : 0x22560    : c_beqz a0, 10              : IntAlu : 
 510500: system.cpu: T0 : 0x2256a    : lui s5, 114                : IntAlu :  D=0x0000000000072000
 511500: system.cpu: T0 : 0x2256e    : ld a4, -408(s5)            : MemRead :  D=0x0000000000000000 A=0x71e68
 512500: system.cpu: T0 : 0x22572    : lui a3, 114                : IntAlu :  D=0x0000000000072000
 513500: system.cpu: T0 : 0x22576    : sw a5, -392(a3)            : MemWrite :  D=0x0000000000000000 A=0x71e78
 514500: system.cpu: T0 : 0x2257a    : beq a4, zero, 1518         : IntAlu : 
 515000: system.cpu: T0 : 0x22b68    : lui s6, 114                : IntAlu :  D=0x0000000000072000
 515500: system.cpu: T0 : 0x22b6c    : ld s0, -456(s6)            : MemRead :  D=0x0000000000000000 A=0x71e38
 516000: system.cpu: T0 : 0x22b70    : bne s0, zero, -1062        : IntAlu : 
 516500: system.cpu: T0 : 0x22b74    : lui s0, 111                : IntAlu :  D=0x000000000006f000
 517000: system.cpu: T0 : 0x22b78    : addi s0, s0, -128          : IntAlu :  D=0x000000000006ef80
 517500: system.cpu: T0 : 0x22b7c    : sd zero, 8(s0)             : MemWrite :  D=0x0000000000000000 A=0x6ef88
 518000: system.cpu: T0 : 0x22b80    : sd zero, 16(s0)            : MemWrite :  D=0x0000000000000000 A=0x6ef90
 518500: system.cpu: T0 : 0x22b84    : sd zero, 24(s0)            : MemWrite :  D=0x0000000000000000 A=0x6ef98
 519000: system.cpu: T0 : 0x22b88    : c_li a5, 0                 : IntAlu :  D=0x0000000000000000
 519500: system.cpu: T0 : 0x22b8a    : c_j -678                   : IntAlu : 
 520000: system.cpu: T0 : 0x228e4    : lui a0, 80                 : IntAlu :  D=0x0000000000050000
 520500: system.cpu: T0 : 0x228e8    : addi a0, a0, -224          : IntAlu :  D=0x000000000004ff20
 521000: system.cpu: T0 : 0x228ec    : c_sd a5, 32(s0)            : MemWrite :  D=0x0000000000000000 A=0x6efa0
 522000: system.cpu: T0 : 0x228ee    : jal ra, -57806             : IntAlu :  D=0x00000000000228f2
 522500: system.cpu: T0 : 0x14720    : c_addi16sp sp, -64         : IntAlu :  D=0x7ffffffffffffcf0
 523000: system.cpu: T0 : 0x14722    : c_sdsp s1, 40(sp)          : MemWrite :  D=0x000000000006fe60 A=0x7ffffffffffffd18
 523500: system.cpu: T0 : 0x14724    : ld s1, -1360(gp)           : MemRead :  D=0x7fffffffffffff48 A=0x70ae8
 524000: system.cpu: T0 : 0x14728    : c_sdsp ra, 56(sp)          : MemWrite :  D=0x00000000000228f2 A=0x7ffffffffffffd28
 524500: system.cpu: T0 : 0x1472a    : c_sdsp s0, 48(sp)          : MemWrite :  D=0x000000000006ef80 A=0x7ffffffffffffd20
 525000: system.cpu: T0 : 0x1472c    : c_sdsp s2, 32(sp)          : MemWrite :  D=0x0000000000072000 A=0x7ffffffffffffd10
 525500: system.cpu: T0 : 0x1472e    : c_sdsp s3, 24(sp)          : MemWrite :  D=0x0000000000072000 A=0x7ffffffffffffd08
 526000: system.cpu: T0 : 0x14730    : c_sdsp s4, 16(sp)          : MemWrite :  D=0x0000000000070000 A=0x7ffffffffffffd00
 526500: system.cpu: T0 : 0x14732    : c_sdsp s5, 8(sp)           : MemWrite :  D=0x0000000000072000 A=0x7ffffffffffffcf8
 527000: system.cpu: T0 : 0x14734    : c_sdsp s6, 0(sp)           : MemWrite :  D=0x0000000000072000 A=0x7ffffffffffffcf0
 527500: system.cpu: T0 : 0x14736    : c_beqz s1, 210             : IntAlu : 
 528000: system.cpu: T0 : 0x14738    : lbu a5, 0(a0)              : MemRead :  D=0x000000000000004c A=0x4ff20
 528500: system.cpu: T0 : 0x1473c    : c_mv s4, a0                : IntAlu :  D=0x000000000004ff20
 529000: system.cpu: T0 : 0x1473e    : c_beqz a5, 202             : IntAlu : 
 529500: system.cpu: T0 : 0x14740    : lbu s5, 1(a0)              : MemRead :  D=0x0000000000000044 A=0x4ff21
 530000: system.cpu: T0 : 0x14744    : slliw s2, a5, 16           : IntAlu :  D=0x00000000004c0000
 530500: system.cpu: T0 : 0x14748    : c_ld s0, 0(s1)             : MemRead :  D=0x0000000000000000 A=0x7fffffffffffff48
 531500: system.cpu: T0 : 0x1474a    : sraiw s2, s2, 16           : IntAlu :  D=0x000000000000004c
 532500: system.cpu: T0 : 0x1474e    : bne s5, zero, 86           : IntAlu : 
 533000: system.cpu: T0 : 0x147a4    : jal ra, 42488              : IntAlu :  D=0x00000000000147a8
 533500: system.cpu: T0 : 0x1ed9c    : andi a5, a0, 7             : IntAlu :  D=0x0000000000000000
 534000: system.cpu: T0 : 0x1eda0    : c_beqz a5, 26              : IntAlu : 
 534500: system.cpu: T0 : 0x1edba    : c_mv a5, a0                : IntAlu :  D=0x000000000004ff20
 535000: system.cpu: T0 : 0x1edbc    : ld a6, -2024(gp)           : MemRead :  D=0xfefefefefefefeff A=0x70850
 535500: system.cpu: T0 : 0x1edc0    : ld a1, -2016(gp)           : MemRead :  D=0x8080808080808080 A=0x70858
 536000: system.cpu: T0 : 0x1edc4    : c_ld a2, 0(a5)             : MemRead :  D=0x415242494c5f444c A=0x4ff20
 537000: system.cpu: T0 : 0x1edc6    : addi a3, a5, 8             : IntAlu :  D=0x000000000004ff28
 538000: system.cpu: T0 : 0x1edca    : add a4, a2, a6             : IntAlu :  D=0x405141484b5e434b
 539000: system.cpu: T0 : 0x1edce    : xori a2, a2, 18446744073709551615 : IntAlu :  D=0xbeadbdb6b3a0bbb3
 539500: system.cpu: T0 : 0x1edd2    : c_and a4, a2               : IntAlu :  D=0x0001010003000303
 540000: system.cpu: T0 : 0x1edd4    : c_and a4, a1               : IntAlu :  D=0x0000000000000000
 540500: system.cpu: T0 : 0x1edd6    : c_beqz a4, 50              : IntAlu : 
 541000: system.cpu: T0 : 0x1ee08    : c_mv a5, a3                : IntAlu :  D=0x000000000004ff28
 541500: system.cpu: T0 : 0x1ee0a    : c_j -70                    : IntAlu : 
 542000: system.cpu: T0 : 0x1edc4    : c_ld a2, 0(a5)             : MemRead :  D=0x00485441505f5952 A=0x4ff28
 543000: system.cpu: T0 : 0x1edc6    : addi a3, a5, 8             : IntAlu :  D=0x000000000004ff30
 544000: system.cpu: T0 : 0x1edca    : add a4, a2, a6             : IntAlu :  D=0xff4753404f5e5851
 545000: system.cpu: T0 : 0x1edce    : xori a2, a2, 18446744073709551615 : IntAlu :  D=0xffb7abbeafa0a6ad
 545500: system.cpu: T0 : 0x1edd2    : c_and a4, a2               : IntAlu :  D=0xff0703000f000001
 546000: system.cpu: T0 : 0x1edd4    : c_and a4, a1               : IntAlu :  D=0x8000000000000000
 546500: system.cpu: T0 : 0x1edd6    : c_beqz a4, 50              : IntAlu : 
 547000: system.cpu: T0 : 0x1edd8    : lbu a4, -8(a3)             : MemRead :  D=0x0000000000000052 A=0x4ff28
 547500: system.cpu: T0 : 0x1eddc    : c_beqz a4, -40             : IntAlu : 
 548500: system.cpu: T0 : 0x1edde    : lbu a4, -7(a3)             : MemRead :  D=0x0000000000000059 A=0x4ff29
 549000: system.cpu: T0 : 0x1ede2    : c_beqz a4, 50              : IntAlu : 
 549500: system.cpu: T0 : 0x1ede4    : lbu a4, -6(a3)             : MemRead :  D=0x000000000000005f A=0x4ff2a
 550000: system.cpu: T0 : 0x1ede8    : c_beqz a4, 52              : IntAlu : 
 551000: system.cpu: T0 : 0x1edea    : lbu a4, -5(a3)             : MemRead :  D=0x0000000000000050 A=0x4ff2b
 551500: system.cpu: T0 : 0x1edee    : c_beqz a4, 54              : IntAlu : 
 552000: system.cpu: T0 : 0x1edf0    : lbu a4, -4(a3)             : MemRead :  D=0x0000000000000041 A=0x4ff2c
 552500: system.cpu: T0 : 0x1edf4    : c_beqz a4, 56              : IntAlu : 
 553500: system.cpu: T0 : 0x1edf6    : lbu a4, -3(a3)             : MemRead :  D=0x0000000000000054 A=0x4ff2d
 554000: system.cpu: T0 : 0x1edfa    : c_beqz a4, 58              : IntAlu : 
 554500: system.cpu: T0 : 0x1edfc    : lbu a4, -2(a3)             : MemRead :  D=0x0000000000000048 A=0x4ff2e
 555000: system.cpu: T0 : 0x1ee00    : c_beqz a4, 60              : IntAlu : 
 556000: system.cpu: T0 : 0x1ee02    : lbu a4, -1(a3)             : MemRead :  D=0x0000000000000000 A=0x4ff2f
 556500: system.cpu: T0 : 0x1ee06    : c_beqz a4, 6               : IntAlu : 
 557000: system.cpu: T0 : 0x1ee0c    : c_sub a5, a0               : IntAlu :  D=0x0000000000000008
 558000: system.cpu: T0 : 0x1ee0e    : addi a0, a5, 7             : IntAlu :  D=0x000000000000000f
 558500: system.cpu: T0 : 0x1ee12    : c_jr ra                    : IntAlu : 
 559000: system.cpu: T0 : 0x147a8    : slli a5, s5, 8             : IntAlu :  D=0x0000000000004400
 559500: system.cpu: T0 : 0x147ac    : or a5, s2, a5              : IntAlu :  D=0x000000000000444c
 560000: system.cpu: T0 : 0x147b0    : slliw s2, a5, 16           : IntAlu :  D=0x00000000444c0000
 560500: system.cpu: T0 : 0x147b4    : c_mv s3, a0                : IntAlu :  D=0x000000000000000f
 561500: system.cpu: T0 : 0x147b6    : sraiw s2, s2, 16           : IntAlu :  D=0x000000000000444c
 562500: system.cpu: T0 : 0x147ba    : addi s5, a0, -2            : IntAlu :  D=0x000000000000000d
 563000: system.cpu: T0 : 0x147be    : c_addi s4, 2               : IntAlu :  D=0x000000000004ff22
 563500: system.cpu: T0 : 0x147c0    : c_beqz s0, -50             : IntAlu : 
 564000: system.cpu: T0 : 0x1478e    : c_ldsp ra, 56(sp)          : MemRead :  D=0x00000000000228f2 A=0x7ffffffffffffd28
 564500: system.cpu: T0 : 0x14790    : c_mv a0, s0                : IntAlu :  D=0x0000000000000000
 565000: system.cpu: T0 : 0x14792    : c_ldsp s0, 48(sp)          : MemRead :  D=0x000000000006ef80 A=0x7ffffffffffffd20
 565500: system.cpu: T0 : 0x14794    : c_ldsp s1, 40(sp)          : MemRead :  D=0x000000000006fe60 A=0x7ffffffffffffd18
 566000: system.cpu: T0 : 0x14796    : c_ldsp s2, 32(sp)          : MemRead :  D=0x0000000000072000 A=0x7ffffffffffffd10
 566500: system.cpu: T0 : 0x14798    : c_ldsp s3, 24(sp)          : MemRead :  D=0x0000000000072000 A=0x7ffffffffffffd08
 567000: system.cpu: T0 : 0x1479a    : c_ldsp s4, 16(sp)          : MemRead :  D=0x0000000000070000 A=0x7ffffffffffffd00
 567500: system.cpu: T0 : 0x1479c    : c_ldsp s5, 8(sp)           : MemRead :  D=0x0000000000072000 A=0x7ffffffffffffcf8
 568000: system.cpu: T0 : 0x1479e    : c_ldsp s6, 0(sp)           : MemRead :  D=0x0000000000072000 A=0x7ffffffffffffcf0
 568500: system.cpu: T0 : 0x147a0    : c_addi16sp sp, 64          : IntAlu :  D=0x7ffffffffffffd30
 569000: system.cpu: T0 : 0x147a2    : c_jr ra                    : IntAlu : 
 570000: system.cpu: T0 : 0x228f2    : jal ra, 99838              : IntAlu :  D=0x00000000000228f6
 570500: system.cpu: T0 : 0x3aef0    : c_addi16sp sp, -64         : IntAlu :  D=0x7ffffffffffffcf0
 571000: system.cpu: T0 : 0x3aef2    : c_sdsp ra, 56(sp)          : MemWrite :  D=0x00000000000228f6 A=0x7ffffffffffffd28
 571500: system.cpu: T0 : 0x3aef4    : c_sdsp s0, 48(sp)          : MemWrite :  D=0x000000000006ef80 A=0x7ffffffffffffd20
 572000: system.cpu: T0 : 0x3aef6    : c_sdsp s2, 32(sp)          : MemWrite :  D=0x0000000000072000 A=0x7ffffffffffffd10
 572500: system.cpu: T0 : 0x3aef8    : c_sdsp s3, 24(sp)          : MemWrite :  D=0x0000000000072000 A=0x7ffffffffffffd08
 573000: system.cpu: T0 : 0x3aefa    : c_addi4spn s0, sp, 64      : IntAlu :  D=0x7ffffffffffffd30
 573500: system.cpu: T0 : 0x3aefc    : c_sdsp s1, 40(sp)          : MemWrite :  D=0x000000000006fe60 A=0x7ffffffffffffd18
 574000: system.cpu: T0 : 0x3aefe    : c_sdsp s4, 16(sp)          : MemWrite :  D=0x0000000000070000 A=0x7ffffffffffffd00
 574500: system.cpu: T0 : 0x3af00    : c_sdsp s5, 8(sp)           : MemWrite :  D=0x0000000000072000 A=0x7ffffffffffffcf8
 575500: system.cpu: T0 : 0x3af02    : lui a5, 114                : IntAlu :  D=0x0000000000072000
 576500: system.cpu: T0 : 0x3af06    : ld a1, -520(a5)            : MemRead :  D=0x0000000000000000 A=0x71df8
 577500: system.cpu: T0 : 0x3af0a    : lui a5, 114                : IntAlu :  D=0x0000000000072000
 578000: system.cpu: T0 : 0x3af0e    : c_mv s2, a0                : IntAlu :  D=0x0000000000000000
 578500: system.cpu: T0 : 0x3af10    : lui s3, 111                : IntAlu :  D=0x000000000006f000
 579000: system.cpu: T0 : 0x3af14    : ld a0, -472(a5)            : MemRead :  D=0x0000000000000000 A=0x71e28
 579500: system.cpu: T0 : 0x3af18    : addi s3, s3, -64           : IntAlu :  D=0x000000000006efc0
 580000: system.cpu: T0 : 0x3af1c    : addi a3, s3, 8             : IntAlu :  D=0x000000000006efc8
 580500: system.cpu: T0 : 0x3af20    : addi a2, s3, 16            : IntAlu :  D=0x000000000006efd0
 581000: system.cpu: T0 : 0x3af24    : jal ra, 9754               : IntAlu :  D=0x000000000003af28
 581500: system.cpu: T0 : 0x3d53e    : c_addi16sp sp, -192        : IntAlu :  D=0x7ffffffffffffc30
 582000: system.cpu: T0 : 0x3d540    : c_sdsp s0, 176(sp)         : MemWrite :  D=0x7ffffffffffffd30 A=0x7ffffffffffffce0
 582500: system.cpu: T0 : 0x3d542    : c_sdsp s3, 152(sp)         : MemWrite :  D=0x000000000006efc0 A=0x7ffffffffffffcc8
 583000: system.cpu: T0 : 0x3d544    : c_addi4spn s0, sp, 192     : IntAlu :  D=0x7ffffffffffffcf0
 583500: system.cpu: T0 : 0x3d546    : c_sdsp s4, 144(sp)         : MemWrite :  D=0x0000000000070000 A=0x7ffffffffffffcc0
 584000: system.cpu: T0 : 0x3d548    : c_sdsp s9, 104(sp)         : MemWrite :  D=0x0000000000000000 A=0x7ffffffffffffc98
 584500: system.cpu: T0 : 0x3d54a    : c_sdsp s11, 88(sp)         : MemWrite :  D=0x0000000000000000 A=0x7ffffffffffffc88
 585000: system.cpu: T0 : 0x3d54c    : c_sdsp ra, 184(sp)         : MemWrite :  D=0x000000000003af28 A=0x7ffffffffffffce8
 585500: system.cpu: T0 : 0x3d54e    : c_sdsp s1, 168(sp)         : MemWrite :  D=0x000000000006fe60 A=0x7ffffffffffffcd8
 586000: system.cpu: T0 : 0x3d550    : c_sdsp s2, 160(sp)         : MemWrite :  D=0x0000000000000000 A=0x7ffffffffffffcd0
 586500: system.cpu: T0 : 0x3d552    : c_sdsp s5, 136(sp)         : MemWrite :  D=0x0000000000072000 A=0x7ffffffffffffcb8
 587000: system.cpu: T0 : 0x3d554    : c_sdsp s6, 128(sp)         : MemWrite :  D=0x0000000000072000 A=0x7ffffffffffffcb0
 587500: system.cpu: T0 : 0x3d556    : c_sdsp s7, 120(sp)         : MemWrite :  D=0x0000000000000000 A=0x7ffffffffffffca8
 588000: system.cpu: T0 : 0x3d558    : c_sdsp s8, 112(sp)         : MemWrite :  D=0x0000000000000000 A=0x7ffffffffffffca0
 588500: system.cpu: T0 : 0x3d55a    : c_sdsp s10, 96(sp)         : MemWrite :  D=0x0000000000000000 A=0x7ffffffffffffc90
 589000: system.cpu: T0 : 0x3d55c    : c_mv a5, a2                : IntAlu :  D=0x000000000006efd0
 589500: system.cpu: T0 : 0x3d55e    : c_mv a4, a1                : IntAlu :  D=0x0000000000000000
 590000: system.cpu: T0 : 0x3d560    : c_mv s4, a0                : IntAlu :  D=0x0000000000000000
 590500: system.cpu: T0 : 0x3d562    : c_li a2, 0                 : IntAlu :  D=0x0000000000000000
 591000: system.cpu: T0 : 0x3d564    : addi a1, s0, -120          : IntAlu :  D=0x7ffffffffffffc78
 591500: system.cpu: T0 : 0x3d568    : c_li a0, 8                 : IntAlu :  D=0x0000000000000008
 592500: system.cpu: T0 : 0x3d56a    : sd a5, -136(s0)            : MemWrite :  D=0x000000000006efd0 A=0x7ffffffffffffc68
 593500: system.cpu: T0 : 0x3d56e    : sd a3, -160(s0)            : MemWrite :  D=0x000000000006efc8 A=0x7ffffffffffffc50
 594500: system.cpu: T0 : 0x3d572    : sd a4, -144(s0)            : MemWrite :  D=0x0000000000000000 A=0x7ffffffffffffc60
 595500: system.cpu: T0 : 0x3d576    : jal ra, -111428            : IntAlu :  D=0x000000000003d57a
 596000: system.cpu: T0 : 0x22232    : c_slli a0, 32              : IntAlu :  D=0x0000000800000000
 596500: system.cpu: T0 : 0x22234    : c_srli a0, 32              : IntAlu :  D=0x0000000000000008
 597500: system.cpu: T0 : 0x22236    : slli a5, a0, 3             : IntAlu :  D=0x0000000000000040
 598000: system.cpu: T0 : 0x2223a    : c_sub a5, a0               : IntAlu :  D=0x0000000000000038
 598500: system.cpu: T0 : 0x2223c    : lui a4, 111                : IntAlu :  D=0x000000000006f000
 599000: system.cpu: T0 : 0x22240    : addi a4, a4, -1248         : IntAlu :  D=0x000000000006eb20
 599500: system.cpu: T0 : 0x22244    : c_slli a5, 3               : IntAlu :  D=0x00000000000001c0
 600000: system.cpu: T0 : 0x22246    : c_add a5, a4               : IntAlu :  D=0x000000000006ece0
 600500: system.cpu: T0 : 0x22248    : c_lw a3, 8(a5)             : MemRead :  D=0x0000000000000001 A=0x6ece8
 601000: system.cpu: T0 : 0x2224a    : c_li a6, 2                 : IntAlu :  D=0x0000000000000002
 601500: system.cpu: T0 : 0x2224c    : c_ld a5, 32(a5)            : MemRead :  D=0x0000000000000000 A=0x6ed00
 602500: system.cpu: T0 : 0x2224e    : bltu a6, a3, 42            : IntAlu : 
 603000: system.cpu: T0 : 0x22252    : c_bnez a3, 38              : IntAlu : 
 603500: system.cpu: T0 : 0x22278    : c_sd a5, 0(a1)             : MemWrite :  D=0x0000000000000000 A=0x7ffffffffffffc78
 604000: system.cpu: T0 : 0x2227a    : c_j -36                    : IntAlu : 
 605000: system.cpu: T0 : 0x22256    : slli a5, a0, 3             : IntAlu :  D=0x0000000000000040
 605500: system.cpu: T0 : 0x2225a    : c_sub a5, a0               : IntAlu :  D=0x0000000000000038
 606000: system.cpu: T0 : 0x2225c    : c_slli a5, 3               : IntAlu :  D=0x00000000000001c0
 607000: system.cpu: T0 : 0x2225e    : add a3, a4, a5             : IntAlu :  D=0x000000000006ece0
 608000: system.cpu: T0 : 0x22262    : lbu a3, 40(a3)             : MemRead :  D=0x0000000000000000 A=0x6ed08
 608500: system.cpu: T0 : 0x22266    : c_beqz a3, 16              : IntAlu : 
 609000: system.cpu: T0 : 0x22276    : c_jr ra                    : IntAlu : 
 610000: system.cpu: T0 : 0x3d57a    : ld s11, -120(s0)           : MemRead :  D=0x0000000000000000 A=0x7ffffffffffffc78
 611000: system.cpu: T0 : 0x3d57e    : ld s9, -1328(gp)           : MemRead :  D=0x0000000000000000 A=0x70b08
 612000: system.cpu: T0 : 0x3d582    : sltu a3, zero, s4          : IntAlu :  D=0x0000000000000000
 613000: system.cpu: T0 : 0x3d586    : and s3, s9, s11            : IntAlu :  D=0x0000000000000000
 614000: system.cpu: T0 : 0x3d58a    : beq s3, zero, 1250         : IntAlu : 
 614500: system.cpu: T0 : 0x3da6c    : addi s2, a3, 1             : IntAlu :  D=0x0000000000000001
 615000: system.cpu: T0 : 0x3da70    : c_j -1210                  : IntAlu : 
 616000: system.cpu: T0 : 0x3d5b6    : lui a5, 114                : IntAlu :  D=0x0000000000072000
 617000: system.cpu: T0 : 0x3d5ba    : ld s5, -456(a5)            : MemRead :  D=0x0000000000000000 A=0x71e38
 618000: system.cpu: T0 : 0x3d5be    : beq s5, zero, 444          : IntAlu : 
 619000: system.cpu: T0 : 0x3d77a    : slli a5, s2, 4             : IntAlu :  D=0x0000000000000010
 620000: system.cpu: T0 : 0x3d77e    : sub sp, sp, a5             : IntAlu :  D=0x7ffffffffffffc20
 620500: system.cpu: T0 : 0x3d782    : c_mv a3, sp                : IntAlu :  D=0x7ffffffffffffc20
 621000: system.cpu: T0 : 0x3d784    : c_mv s1, a3                : IntAlu :  D=0x7ffffffffffffc20
 621500: system.cpu: T0 : 0x3d786    : c_li a1, 1                 : IntAlu :  D=0x0000000000000001
 622000: system.cpu: T0 : 0x3d788    : c_li s9, 0                 : IntAlu :  D=0x0000000000000000
 623000: system.cpu: T0 : 0x3d78a    : bne s3, zero, -118         : IntAlu : 
 624000: system.cpu: T0 : 0x3d78e    : beq s4, zero, 24           : IntAlu : 
 625000: system.cpu: T0 : 0x3d7a6    : lui a5, 98                 : IntAlu :  D=0x0000000000062000
 626000: system.cpu: T0 : 0x3d7aa    : addi a5, a5, -496          : IntAlu :  D=0x0000000000061e10
 626500: system.cpu: T0 : 0x3d7ae    : c_sd a5, 0(a3)             : MemWrite :  D=0x0000000000061e10 A=0x7ffffffffffffc20
 627000: system.cpu: T0 : 0x3d7b0    : c_li a5, 3                 : IntAlu :  D=0x0000000000000003
 627500: system.cpu: T0 : 0x3d7b2    : c_sd a5, 8(a3)             : MemWrite :  D=0x0000000000000003 A=0x7ffffffffffffc28
 628000: system.cpu: T0 : 0x3d7b4    : bne s2, a1, 706            : IntAlu : 
 628500: system.cpu: T0 : 0x3d7b8    : c_li a5, 1                 : IntAlu :  D=0x0000000000000001
 629500: system.cpu: T0 : 0x3d7ba    : ld s9, 8(s1)               : MemRead :  D=0x0000000000000003 A=0x7ffffffffffffc28
 630500: system.cpu: T0 : 0x3d7be    : beq s2, a5, 542            : IntAlu : 
 631000: system.cpu: T0 : 0x3d9dc    : ld a5, -136(s0)            : MemRead :  D=0x000000000006efd0 A=0x7ffffffffffffc68
 631500: system.cpu: T0 : 0x3d9e0    : c_li s2, 2                 : IntAlu :  D=0x0000000000000002
 632500: system.cpu: T0 : 0x3d9e2    : addi a0, s9, 33            : IntAlu :  D=0x0000000000000024
 633500: system.cpu: T0 : 0x3d9e6    : sd s2, 0(a5)               : MemWrite :  D=0x0000000000000002 A=0x6efd0
 634500: system.cpu: T0 : 0x3d9ea    : jal ra, -131280            : IntAlu :  D=0x000000000003d9ee
 635500: system.cpu: T0 : 0x1d91a    : ld t1, -1848(gp)           : MemRead :  D=0x000000000001db18 A=0x70900
 636500: system.cpu: T0 : 0x1d91e    : bne t1, zero, 260          : IntAlu : 
 637000: system.cpu: T0 : 0x1da22    : c_mv a1, ra                : IntAlu :  D=0x000000000003d9ee
 637500: system.cpu: T0 : 0x1da24    : c_jr t1                    : IntAlu : 
 638000: system.cpu: T0 : 0x1db18    : lw a5, -1876(gp)           : MemRead :  D=0xffffffffffffffff A=0x708e4
 638500: system.cpu: T0 : 0x1db1c    : sd zero, -1848(gp)         : MemWrite :  D=0x0000000000000000 A=0x70900
 639000: system.cpu: T0 : 0x1db20    : blt a5, zero, 6            : IntAlu : 
 639500: system.cpu: T0 : 0x1db26    : c_addi sp, -32             : IntAlu :  D=0x7ffffffffffffc00
 640000: system.cpu: T0 : 0x1db28    : c_sdsp ra, 24(sp)          : MemWrite :  D=0x000000000003d9ee A=0x7ffffffffffffc18
 640500: system.cpu: T0 : 0x1db2a    : c_sdsp a0, 8(sp)           : MemWrite :  D=0x0000000000000024 A=0x7ffffffffffffc08
 641000: system.cpu: T0 : 0x1db2c    : jal ra, -11948             : IntAlu :  D=0x000000000001db30
 641500: system.cpu: T0 : 0x1ac80    : c_addi16sp sp, -48         : IntAlu :  D=0x7ffffffffffffbd0
 642000: system.cpu: T0 : 0x1ac82    : c_sdsp s1, 24(sp)          : MemWrite :  D=0x7ffffffffffffc20 A=0x7ffffffffffffbe8
 642500: system.cpu: T0 : 0x1ac84    : lui s1, 111                : IntAlu :  D=0x000000000006f000
 643000: system.cpu: T0 : 0x1ac88    : ld a3, -1264(s1)           : MemRead :  D=0x6f442f2e2e000000 A=0x6eb10
 643500: system.cpu: T0 : 0x1ac8c    : lui a0, 111                : IntAlu :  D=0x000000000006f000
 644000: system.cpu: T0 : 0x1ac90    : addi a4, a0, 1480          : IntAlu :  D=0x000000000006f5c8
 644500: system.cpu: T0 : 0x1ac94    : c_sdsp ra, 40(sp)          : MemWrite :  D=0x000000000001db30 A=0x7ffffffffffffbf8
 645000: system.cpu: T0 : 0x1ac96    : c_sdsp s0, 32(sp)          : MemWrite :  D=0x7ffffffffffffcf0 A=0x7ffffffffffffbf0
 645500: system.cpu: T0 : 0x1ac98    : addi a0, a0, 1480          : IntAlu :  D=0x000000000006f5c8
 646000: system.cpu: T0 : 0x1ac9c    : sd a4, 56(tp)              : MemWrite :  D=0x000000000006f5c8 A=0x72748
 646500: system.cpu: T0 : 0x1aca0    : c_sdsp a3, 8(sp)           : MemWrite :  D=0x6f442f2e2e000000 A=0x7ffffffffffffbd8
 647500: system.cpu: T0 : 0x1aca2    : sw zero, -1876(gp)         : MemWrite :  D=0x0000000000000000 A=0x708e4
 648500: system.cpu: T0 : 0x1aca6    : jal ra, -1026              : IntAlu :  D=0x000000000001acaa
 649000: system.cpu: T0 : 0x1a8a4    : c_lui a4, 1                : IntAlu :  D=0x0000000000001000
 650000: system.cpu: T0 : 0x1a8a6    : addi a3, a0, 96            : IntAlu :  D=0x000000000006f628
 651000: system.cpu: T0 : 0x1a8aa    : addi a4, a4, -1968         : IntAlu :  D=0x0000000000000850
 651500: system.cpu: T0 : 0x1a8ae    : c_mv a5, a3                : IntAlu :  D=0x000000000006f628
 652000: system.cpu: T0 : 0x1a8b0    : c_add a4, a0               : IntAlu :  D=0x000000000006fe18
 652500: system.cpu: T0 : 0x1a8b2    : c_sd a5, 24(a5)            : MemWrite :  D=0x000000000006f628 A=0x6f640
 653000: system.cpu: T0 : 0x1a8b4    : c_sd a5, 16(a5)            : MemWrite :  D=0x000000000006f628 A=0x6f638
 653500: system.cpu: T0 : 0x1a8b6    : c_addi a5, 16              : IntAlu :  D=0x000000000006f638
 654000: system.cpu: T0 : 0x1a8b8    : bne a4, a5, -6             : IntAlu : 
 654500: system.cpu: T0 : 0x1a8b2    : c_sd a5, 24(a5)            : MemWrite :  D=0x000000000006f638 A=0x6f650
 655000: system.cpu: T0 : 0x1a8b4    : c_sd a5, 16(a5)            : MemWrite :  D=0x000000000006f638 A=0x6f648
 655500: system.cpu: T0 : 0x1a8b6    : c_addi a5, 16              : IntAlu :  D=0x000000000006f648
 656000: system.cpu: T0 : 0x1a8b8    : bne a4, a5, -6             : IntAlu : 
 656500: system.cpu: T0 : 0x1a8b2    : c_sd a5, 24(a5)            : MemWrite :  D=0x000000000006f648 A=0x6f660
 657000: system.cpu: T0 : 0x1a8b4    : c_sd a5, 16(a5)            : MemWrite :  D=0x000000000006f648 A=0x6f658
 657500: system.cpu: T0 : 0x1a8b6    : c_addi a5, 16              : IntAlu :  D=0x000000000006f658
 658000: system.cpu: T0 : 0x1a8b8    : bne a4, a5, -6             : IntAlu : 
 658500: system.cpu: T0 : 0x1a8b2    : c_sd a5, 24(a5)            : MemWrite :  D=0x000000000006f658 A=0x6f670
 659000: system.cpu: T0 : 0x1a8b4    : c_sd a5, 16(a5)            : MemWrite :  D=0x000000000006f658 A=0x6f668
 659500: system.cpu: T0 : 0x1a8b6    : c_addi a5, 16              : IntAlu :  D=0x000000000006f668
 660000: system.cpu: T0 : 0x1a8b8    : bne a4, a5, -6             : IntAlu : 
 660500: system.cpu: T0 : 0x1a8b2    : c_sd a5, 24(a5)            : MemWrite :  D=0x000000000006f668 A=0x6f680
 661000: system.cpu: T0 : 0x1a8b4    : c_sd a5, 16(a5)            : MemWrite :  D=0x000000000006f668 A=0x6f678
 661500: system.cpu: T0 : 0x1a8b6    : c_addi a5, 16              : IntAlu :  D=0x000000000006f678
 662000: system.cpu: T0 : 0x1a8b8    : bne a4, a5, -6             : IntAlu : 
 662500: system.cpu: T0 : 0x1a8b2    : c_sd a5, 24(a5)            : MemWrite :  D=0x000000000006f678 A=0x6f690
 663000: system.cpu: T0 : 0x1a8b4    : c_sd a5, 16(a5)            : MemWrite :  D=0x000000000006f678 A=0x6f688
 663500: system.cpu: T0 : 0x1a8b6    : c_addi a5, 16              : IntAlu :  D=0x000000000006f688
 664000: system.cpu: T0 : 0x1a8b8    : bne a4, a5, -6             : IntAlu : 
 664500: system.cpu: T0 : 0x1a8b2    : c_sd a5, 24(a5)            : MemWrite :  D=0x000000000006f688 A=0x6f6a0
 665000: system.cpu: T0 : 0x1a8b4    : c_sd a5, 16(a5)            : MemWrite :  D=0x000000000006f688 A=0x6f698
 665500: system.cpu: T0 : 0x1a8b6    : c_addi a5, 16              : IntAlu :  D=0x000000000006f698
 666000: system.cpu: T0 : 0x1a8b8    : bne a4, a5, -6             : IntAlu : 
 666500: system.cpu: T0 : 0x1a8b2    : c_sd a5, 24(a5)            : MemWrite :  D=0x000000000006f698 A=0x6f6b0
 667000: system.cpu: T0 : 0x1a8b4    : c_sd a5, 16(a5)            : MemWrite :  D=0x000000000006f698 A=0x6f6a8
 667500: system.cpu: T0 : 0x1a8b6    : c_addi a5, 16              : IntAlu :  D=0x000000000006f6a8
 668000: system.cpu: T0 : 0x1a8b8    : bne a4, a5, -6             : IntAlu : 
 668500: system.cpu: T0 : 0x1a8b2    : c_sd a5, 24(a5)            : MemWrite :  D=0x000000000006f6a8 A=0x6f6c0
 669000: system.cpu: T0 : 0x1a8b4    : c_sd a5, 16(a5)            : MemWrite :  D=0x000000000006f6a8 A=0x6f6b8
 669500: system.cpu: T0 : 0x1a8b6    : c_addi a5, 16              : IntAlu :  D=0x000000000006f6b8
 670000: system.cpu: T0 : 0x1a8b8    : bne a4, a5, -6             : IntAlu : 
 670500: system.cpu: T0 : 0x1a8b2    : c_sd a5, 24(a5)            : MemWrite :  D=0x000000000006f6b8 A=0x6f6d0
 671000: system.cpu: T0 : 0x1a8b4    : c_sd a5, 16(a5)            : MemWrite :  D=0x000000000006f6b8 A=0x6f6c8
 671500: system.cpu: T0 : 0x1a8b6    : c_addi a5, 16              : IntAlu :  D=0x000000000006f6c8
 672000: system.cpu: T0 : 0x1a8b8    : bne a4, a5, -6             : IntAlu : 
 672500: system.cpu: T0 : 0x1a8b2    : c_sd a5, 24(a5)            : MemWrite :  D=0x000000000006f6c8 A=0x6f6e0
 673000: system.cpu: T0 : 0x1a8b4    : c_sd a5, 16(a5)            : MemWrite :  D=0x000000000006f6c8 A=0x6f6d8
 673500: system.cpu: T0 : 0x1a8b6    : c_addi a5, 16              : IntAlu :  D=0x000000000006f6d8
 674000: system.cpu: T0 : 0x1a8b8    : bne a4, a5, -6             : IntAlu : 
 674500: system.cpu: T0 : 0x1a8b2    : c_sd a5, 24(a5)            : MemWrite :  D=0x000000000006f6d8 A=0x6f6f0
 675000: system.cpu: T0 : 0x1a8b4    : c_sd a5, 16(a5)            : MemWrite :  D=0x000000000006f6d8 A=0x6f6e8
 675500: system.cpu: T0 : 0x1a8b6    : c_addi a5, 16              : IntAlu :  D=0x000000000006f6e8
 676000: system.cpu: T0 : 0x1a8b8    : bne a4, a5, -6             : IntAlu : 
 676500: system.cpu: T0 : 0x1a8b2    : c_sd a5, 24(a5)            : MemWrite :  D=0x000000000006f6e8 A=0x6f700
 677000: system.cpu: T0 : 0x1a8b4    : c_sd a5, 16(a5)            : MemWrite :  D=0x000000000006f6e8 A=0x6f6f8
 677500: system.cpu: T0 : 0x1a8b6    : c_addi a5, 16              : IntAlu :  D=0x000000000006f6f8
 678000: system.cpu: T0 : 0x1a8b8    : bne a4, a5, -6             : IntAlu : 
 678500: system.cpu: T0 : 0x1a8b2    : c_sd a5, 24(a5)            : MemWrite :  D=0x000000000006f6f8 A=0x6f710
 679000: system.cpu: T0 : 0x1a8b4    : c_sd a5, 16(a5)            : MemWrite :  D=0x000000000006f6f8 A=0x6f708
 679500: system.cpu: T0 : 0x1a8b6    : c_addi a5, 16              : IntAlu :  D=0x000000000006f708
 680000: system.cpu: T0 : 0x1a8b8    : bne a4, a5, -6             : IntAlu : 
 680500: system.cpu: T0 : 0x1a8b2    : c_sd a5, 24(a5)            : MemWrite :  D=0x000000000006f708 A=0x6f720
 681000: system.cpu: T0 : 0x1a8b4    : c_sd a5, 16(a5)            : MemWrite :  D=0x000000000006f708 A=0x6f718
 681500: system.cpu: T0 : 0x1a8b6    : c_addi a5, 16              : IntAlu :  D=0x000000000006f718
 682000: system.cpu: T0 : 0x1a8b8    : bne a4, a5, -6             : IntAlu : 
 682500: system.cpu: T0 : 0x1a8b2    : c_sd a5, 24(a5)            : MemWrite :  D=0x000000000006f718 A=0x6f730
 683000: system.cpu: T0 : 0x1a8b4    : c_sd a5, 16(a5)            : MemWrite :  D=0x000000000006f718 A=0x6f728
 683500: system.cpu: T0 : 0x1a8b6    : c_addi a5, 16              : IntAlu :  D=0x000000000006f728
 684000: system.cpu: T0 : 0x1a8b8    : bne a4, a5, -6             : IntAlu : 
 684500: system.cpu: T0 : 0x1a8b2    : c_sd a5, 24(a5)            : MemWrite :  D=0x000000000006f728 A=0x6f740
 685000: system.cpu: T0 : 0x1a8b4    : c_sd a5, 16(a5)            : MemWrite :  D=0x000000000006f728 A=0x6f738
 685500: system.cpu: T0 : 0x1a8b6    : c_addi a5, 16              : IntAlu :  D=0x000000000006f738
 686000: system.cpu: T0 : 0x1a8b8    : bne a4, a5, -6             : IntAlu : 
 686500: system.cpu: T0 : 0x1a8b2    : c_sd a5, 24(a5)            : MemWrite :  D=0x000000000006f738 A=0x6f750
 687000: system.cpu: T0 : 0x1a8b4    : c_sd a5, 16(a5)            : MemWrite :  D=0x000000000006f738 A=0x6f748
 687500: system.cpu: T0 : 0x1a8b6    : c_addi a5, 16              : IntAlu :  D=0x000000000006f748
 688000: system.cpu: T0 : 0x1a8b8    : bne a4, a5, -6             : IntAlu : 
 688500: system.cpu: T0 : 0x1a8b2    : c_sd a5, 24(a5)            : MemWrite :  D=0x000000000006f748 A=0x6f760
 689000: system.cpu: T0 : 0x1a8b4    : c_sd a5, 16(a5)            : MemWrite :  D=0x000000000006f748 A=0x6f758
 689500: system.cpu: T0 : 0x1a8b6    : c_addi a5, 16              : IntAlu :  D=0x000000000006f758
 690000: system.cpu: T0 : 0x1a8b8    : bne a4, a5, -6             : IntAlu : 
 690500: system.cpu: T0 : 0x1a8b2    : c_sd a5, 24(a5)            : MemWrite :  D=0x000000000006f758 A=0x6f770
 691000: system.cpu: T0 : 0x1a8b4    : c_sd a5, 16(a5)            : MemWrite :  D=0x000000000006f758 A=0x6f768
 691500: system.cpu: T0 : 0x1a8b6    : c_addi a5, 16              : IntAlu :  D=0x000000000006f768
 692000: system.cpu: T0 : 0x1a8b8    : bne a4, a5, -6             : IntAlu : 
 692500: system.cpu: T0 : 0x1a8b2    : c_sd a5, 24(a5)            : MemWrite :  D=0x000000000006f768 A=0x6f780
 693000: system.cpu: T0 : 0x1a8b4    : c_sd a5, 16(a5)            : MemWrite :  D=0x000000000006f768 A=0x6f778
 693500: system.cpu: T0 : 0x1a8b6    : c_addi a5, 16              : IntAlu :  D=0x000000000006f778
 694000: system.cpu: T0 : 0x1a8b8    : bne a4, a5, -6             : IntAlu : 
 694500: system.cpu: T0 : 0x1a8b2    : c_sd a5, 24(a5)            : MemWrite :  D=0x000000000006f778 A=0x6f790
 695000: system.cpu: T0 : 0x1a8b4    : c_sd a5, 16(a5)            : MemWrite :  D=0x000000000006f778 A=0x6f788
 695500: system.cpu: T0 : 0x1a8b6    : c_addi a5, 16              : IntAlu :  D=0x000000000006f788
 696000: system.cpu: T0 : 0x1a8b8    : bne a4, a5, -6             : IntAlu : 
 696500: system.cpu: T0 : 0x1a8b2    : c_sd a5, 24(a5)            : MemWrite :  D=0x000000000006f788 A=0x6f7a0
 697000: system.cpu: T0 : 0x1a8b4    : c_sd a5, 16(a5)            : MemWrite :  D=0x000000000006f788 A=0x6f798
 697500: system.cpu: T0 : 0x1a8b6    : c_addi a5, 16              : IntAlu :  D=0x000000000006f798
 698000: system.cpu: T0 : 0x1a8b8    : bne a4, a5, -6             : IntAlu : 
 698500: system.cpu: T0 : 0x1a8b2    : c_sd a5, 24(a5)            : MemWrite :  D=0x000000000006f798 A=0x6f7b0
 699000: system.cpu: T0 : 0x1a8b4    : c_sd a5, 16(a5)            : MemWrite :  D=0x000000000006f798 A=0x6f7a8
 699500: system.cpu: T0 : 0x1a8b6    : c_addi a5, 16              : IntAlu :  D=0x000000000006f7a8
 700000: system.cpu: T0 : 0x1a8b8    : bne a4, a5, -6             : IntAlu : 
 700500: system.cpu: T0 : 0x1a8b2    : c_sd a5, 24(a5)            : MemWrite :  D=0x000000000006f7a8 A=0x6f7c0
 701000: system.cpu: T0 : 0x1a8b4    : c_sd a5, 16(a5)            : MemWrite :  D=0x000000000006f7a8 A=0x6f7b8
 701500: system.cpu: T0 : 0x1a8b6    : c_addi a5, 16              : IntAlu :  D=0x000000000006f7b8
 702000: system.cpu: T0 : 0x1a8b8    : bne a4, a5, -6             : IntAlu : 
 702500: system.cpu: T0 : 0x1a8b2    : c_sd a5, 24(a5)            : MemWrite :  D=0x000000000006f7b8 A=0x6f7d0
 703000: system.cpu: T0 : 0x1a8b4    : c_sd a5, 16(a5)            : MemWrite :  D=0x000000000006f7b8 A=0x6f7c8
 703500: system.cpu: T0 : 0x1a8b6    : c_addi a5, 16              : IntAlu :  D=0x000000000006f7c8
 704000: system.cpu: T0 : 0x1a8b8    : bne a4, a5, -6             : IntAlu : 
 704500: system.cpu: T0 : 0x1a8b2    : c_sd a5, 24(a5)            : MemWrite :  D=0x000000000006f7c8 A=0x6f7e0
 705000: system.cpu: T0 : 0x1a8b4    : c_sd a5, 16(a5)            : MemWrite :  D=0x000000000006f7c8 A=0x6f7d8
 705500: system.cpu: T0 : 0x1a8b6    : c_addi a5, 16              : IntAlu :  D=0x000000000006f7d8
 706000: system.cpu: T0 : 0x1a8b8    : bne a4, a5, -6             : IntAlu : 
 706500: system.cpu: T0 : 0x1a8b2    : c_sd a5, 24(a5)            : MemWrite :  D=0x000000000006f7d8 A=0x6f7f0
 707000: system.cpu: T0 : 0x1a8b4    : c_sd a5, 16(a5)            : MemWrite :  D=0x000000000006f7d8 A=0x6f7e8
 707500: system.cpu: T0 : 0x1a8b6    : c_addi a5, 16              : IntAlu :  D=0x000000000006f7e8
 708000: system.cpu: T0 : 0x1a8b8    : bne a4, a5, -6             : IntAlu : 
 708500: system.cpu: T0 : 0x1a8b2    : c_sd a5, 24(a5)            : MemWrite :  D=0x000000000006f7e8 A=0x6f800
 709000: system.cpu: T0 : 0x1a8b4    : c_sd a5, 16(a5)            : MemWrite :  D=0x000000000006f7e8 A=0x6f7f8
 709500: system.cpu: T0 : 0x1a8b6    : c_addi a5, 16              : IntAlu :  D=0x000000000006f7f8
 710000: system.cpu: T0 : 0x1a8b8    : bne a4, a5, -6             : IntAlu : 
 710500: system.cpu: T0 : 0x1a8b2    : c_sd a5, 24(a5)            : MemWrite :  D=0x000000000006f7f8 A=0x6f810
 711000: system.cpu: T0 : 0x1a8b4    : c_sd a5, 16(a5)            : MemWrite :  D=0x000000000006f7f8 A=0x6f808
 711500: system.cpu: T0 : 0x1a8b6    : c_addi a5, 16              : IntAlu :  D=0x000000000006f808
 712000: system.cpu: T0 : 0x1a8b8    : bne a4, a5, -6             : IntAlu : 
 712500: system.cpu: T0 : 0x1a8b2    : c_sd a5, 24(a5)            : MemWrite :  D=0x000000000006f808 A=0x6f820
 713000: system.cpu: T0 : 0x1a8b4    : c_sd a5, 16(a5)            : MemWrite :  D=0x000000000006f808 A=0x6f818
 713500: system.cpu: T0 : 0x1a8b6    : c_addi a5, 16              : IntAlu :  D=0x000000000006f818
 714000: system.cpu: T0 : 0x1a8b8    : bne a4, a5, -6             : IntAlu : 
 714500: system.cpu: T0 : 0x1a8b2    : c_sd a5, 24(a5)            : MemWrite :  D=0x000000000006f818 A=0x6f830
 715000: system.cpu: T0 : 0x1a8b4    : c_sd a5, 16(a5)            : MemWrite :  D=0x000000000006f818 A=0x6f828
 715500: system.cpu: T0 : 0x1a8b6    : c_addi a5, 16              : IntAlu :  D=0x000000000006f828
 716000: system.cpu: T0 : 0x1a8b8    : bne a4, a5, -6             : IntAlu : 
 716500: system.cpu: T0 : 0x1a8b2    : c_sd a5, 24(a5)            : MemWrite :  D=0x000000000006f828 A=0x6f840
 717000: system.cpu: T0 : 0x1a8b4    : c_sd a5, 16(a5)            : MemWrite :  D=0x000000000006f828 A=0x6f838
 717500: system.cpu: T0 : 0x1a8b6    : c_addi a5, 16              : IntAlu :  D=0x000000000006f838
 718000: system.cpu: T0 : 0x1a8b8    : bne a4, a5, -6             : IntAlu : 
 718500: system.cpu: T0 : 0x1a8b2    : c_sd a5, 24(a5)            : MemWrite :  D=0x000000000006f838 A=0x6f850
 719000: system.cpu: T0 : 0x1a8b4    : c_sd a5, 16(a5)            : MemWrite :  D=0x000000000006f838 A=0x6f848
 719500: system.cpu: T0 : 0x1a8b6    : c_addi a5, 16              : IntAlu :  D=0x000000000006f848
 720000: system.cpu: T0 : 0x1a8b8    : bne a4, a5, -6             : IntAlu : 
 720500: system.cpu: T0 : 0x1a8b2    : c_sd a5, 24(a5)            : MemWrite :  D=0x000000000006f848 A=0x6f860
 721000: system.cpu: T0 : 0x1a8b4    : c_sd a5, 16(a5)            : MemWrite :  D=0x000000000006f848 A=0x6f858
 721500: system.cpu: T0 : 0x1a8b6    : c_addi a5, 16              : IntAlu :  D=0x000000000006f858
 722000: system.cpu: T0 : 0x1a8b8    : bne a4, a5, -6             : IntAlu : 
 722500: system.cpu: T0 : 0x1a8b2    : c_sd a5, 24(a5)            : MemWrite :  D=0x000000000006f858 A=0x6f870
 723000: system.cpu: T0 : 0x1a8b4    : c_sd a5, 16(a5)            : MemWrite :  D=0x000000000006f858 A=0x6f868
 723500: system.cpu: T0 : 0x1a8b6    : c_addi a5, 16              : IntAlu :  D=0x000000000006f868
 724000: system.cpu: T0 : 0x1a8b8    : bne a4, a5, -6             : IntAlu : 
 724500: system.cpu: T0 : 0x1a8b2    : c_sd a5, 24(a5)            : MemWrite :  D=0x000000000006f868 A=0x6f880
 725000: system.cpu: T0 : 0x1a8b4    : c_sd a5, 16(a5)            : MemWrite :  D=0x000000000006f868 A=0x6f878
 725500: system.cpu: T0 : 0x1a8b6    : c_addi a5, 16              : IntAlu :  D=0x000000000006f878
 726000: system.cpu: T0 : 0x1a8b8    : bne a4, a5, -6             : IntAlu : 
 726500: system.cpu: T0 : 0x1a8b2    : c_sd a5, 24(a5)            : MemWrite :  D=0x000000000006f878 A=0x6f890
 727000: system.cpu: T0 : 0x1a8b4    : c_sd a5, 16(a5)            : MemWrite :  D=0x000000000006f878 A=0x6f888
 727500: system.cpu: T0 : 0x1a8b6    : c_addi a5, 16              : IntAlu :  D=0x000000000006f888
 728000: system.cpu: T0 : 0x1a8b8    : bne a4, a5, -6             : IntAlu : 
 728500: system.cpu: T0 : 0x1a8b2    : c_sd a5, 24(a5)            : MemWrite :  D=0x000000000006f888 A=0x6f8a0
 729000: system.cpu: T0 : 0x1a8b4    : c_sd a5, 16(a5)            : MemWrite :  D=0x000000000006f888 A=0x6f898
 729500: system.cpu: T0 : 0x1a8b6    : c_addi a5, 16              : IntAlu :  D=0x000000000006f898
 730000: system.cpu: T0 : 0x1a8b8    : bne a4, a5, -6             : IntAlu : 
 730500: system.cpu: T0 : 0x1a8b2    : c_sd a5, 24(a5)            : MemWrite :  D=0x000000000006f898 A=0x6f8b0
 731000: system.cpu: T0 : 0x1a8b4    : c_sd a5, 16(a5)            : MemWrite :  D=0x000000000006f898 A=0x6f8a8
 731500: system.cpu: T0 : 0x1a8b6    : c_addi a5, 16              : IntAlu :  D=0x000000000006f8a8
 732000: system.cpu: T0 : 0x1a8b8    : bne a4, a5, -6             : IntAlu : 
 732500: system.cpu: T0 : 0x1a8b2    : c_sd a5, 24(a5)            : MemWrite :  D=0x000000000006f8a8 A=0x6f8c0
 733000: system.cpu: T0 : 0x1a8b4    : c_sd a5, 16(a5)            : MemWrite :  D=0x000000000006f8a8 A=0x6f8b8
 733500: system.cpu: T0 : 0x1a8b6    : c_addi a5, 16              : IntAlu :  D=0x000000000006f8b8
 734000: system.cpu: T0 : 0x1a8b8    : bne a4, a5, -6             : IntAlu : 
 734500: system.cpu: T0 : 0x1a8b2    : c_sd a5, 24(a5)            : MemWrite :  D=0x000000000006f8b8 A=0x6f8d0
 735000: system.cpu: T0 : 0x1a8b4    : c_sd a5, 16(a5)            : MemWrite :  D=0x000000000006f8b8 A=0x6f8c8
 735500: system.cpu: T0 : 0x1a8b6    : c_addi a5, 16              : IntAlu :  D=0x000000000006f8c8
 736000: system.cpu: T0 : 0x1a8b8    : bne a4, a5, -6             : IntAlu : 
 736500: system.cpu: T0 : 0x1a8b2    : c_sd a5, 24(a5)            : MemWrite :  D=0x000000000006f8c8 A=0x6f8e0
 737000: system.cpu: T0 : 0x1a8b4    : c_sd a5, 16(a5)            : MemWrite :  D=0x000000000006f8c8 A=0x6f8d8
 737500: system.cpu: T0 : 0x1a8b6    : c_addi a5, 16              : IntAlu :  D=0x000000000006f8d8
 738000: system.cpu: T0 : 0x1a8b8    : bne a4, a5, -6             : IntAlu : 
 738500: system.cpu: T0 : 0x1a8b2    : c_sd a5, 24(a5)            : MemWrite :  D=0x000000000006f8d8 A=0x6f8f0
 739000: system.cpu: T0 : 0x1a8b4    : c_sd a5, 16(a5)            : MemWrite :  D=0x000000000006f8d8 A=0x6f8e8
 739500: system.cpu: T0 : 0x1a8b6    : c_addi a5, 16              : IntAlu :  D=0x000000000006f8e8
 740000: system.cpu: T0 : 0x1a8b8    : bne a4, a5, -6             : IntAlu : 
 740500: system.cpu: T0 : 0x1a8b2    : c_sd a5, 24(a5)            : MemWrite :  D=0x000000000006f8e8 A=0x6f900
 741000: system.cpu: T0 : 0x1a8b4    : c_sd a5, 16(a5)            : MemWrite :  D=0x000000000006f8e8 A=0x6f8f8
 741500: system.cpu: T0 : 0x1a8b6    : c_addi a5, 16              : IntAlu :  D=0x000000000006f8f8
 742000: system.cpu: T0 : 0x1a8b8    : bne a4, a5, -6             : IntAlu : 
 742500: system.cpu: T0 : 0x1a8b2    : c_sd a5, 24(a5)            : MemWrite :  D=0x000000000006f8f8 A=0x6f910
 743000: system.cpu: T0 : 0x1a8b4    : c_sd a5, 16(a5)            : MemWrite :  D=0x000000000006f8f8 A=0x6f908
 743500: system.cpu: T0 : 0x1a8b6    : c_addi a5, 16              : IntAlu :  D=0x000000000006f908
 744000: system.cpu: T0 : 0x1a8b8    : bne a4, a5, -6             : IntAlu : 
 744500: system.cpu: T0 : 0x1a8b2    : c_sd a5, 24(a5)            : MemWrite :  D=0x000000000006f908 A=0x6f920
 745000: system.cpu: T0 : 0x1a8b4    : c_sd a5, 16(a5)            : MemWrite :  D=0x000000000006f908 A=0x6f918
 745500: system.cpu: T0 : 0x1a8b6    : c_addi a5, 16              : IntAlu :  D=0x000000000006f918
 746000: system.cpu: T0 : 0x1a8b8    : bne a4, a5, -6             : IntAlu : 
 746500: system.cpu: T0 : 0x1a8b2    : c_sd a5, 24(a5)            : MemWrite :  D=0x000000000006f918 A=0x6f930
 747000: system.cpu: T0 : 0x1a8b4    : c_sd a5, 16(a5)            : MemWrite :  D=0x000000000006f918 A=0x6f928
 747500: system.cpu: T0 : 0x1a8b6    : c_addi a5, 16              : IntAlu :  D=0x000000000006f928
 748000: system.cpu: T0 : 0x1a8b8    : bne a4, a5, -6             : IntAlu : 
 748500: system.cpu: T0 : 0x1a8b2    : c_sd a5, 24(a5)            : MemWrite :  D=0x000000000006f928 A=0x6f940
 749000: system.cpu: T0 : 0x1a8b4    : c_sd a5, 16(a5)            : MemWrite :  D=0x000000000006f928 A=0x6f938
 749500: system.cpu: T0 : 0x1a8b6    : c_addi a5, 16              : IntAlu :  D=0x000000000006f938
 750000: system.cpu: T0 : 0x1a8b8    : bne a4, a5, -6             : IntAlu : 
 750500: system.cpu: T0 : 0x1a8b2    : c_sd a5, 24(a5)            : MemWrite :  D=0x000000000006f938 A=0x6f950
 751000: system.cpu: T0 : 0x1a8b4    : c_sd a5, 16(a5)            : MemWrite :  D=0x000000000006f938 A=0x6f948
 751500: system.cpu: T0 : 0x1a8b6    : c_addi a5, 16              : IntAlu :  D=0x000000000006f948
 752000: system.cpu: T0 : 0x1a8b8    : bne a4, a5, -6             : IntAlu : 
 752500: system.cpu: T0 : 0x1a8b2    : c_sd a5, 24(a5)            : MemWrite :  D=0x000000000006f948 A=0x6f960
 753000: system.cpu: T0 : 0x1a8b4    : c_sd a5, 16(a5)            : MemWrite :  D=0x000000000006f948 A=0x6f958
 753500: system.cpu: T0 : 0x1a8b6    : c_addi a5, 16              : IntAlu :  D=0x000000000006f958
 754000: system.cpu: T0 : 0x1a8b8    : bne a4, a5, -6             : IntAlu : 
 754500: system.cpu: T0 : 0x1a8b2    : c_sd a5, 24(a5)            : MemWrite :  D=0x000000000006f958 A=0x6f970
 755000: system.cpu: T0 : 0x1a8b4    : c_sd a5, 16(a5)            : MemWrite :  D=0x000000000006f958 A=0x6f968
 755500: system.cpu: T0 : 0x1a8b6    : c_addi a5, 16              : IntAlu :  D=0x000000000006f968
 756000: system.cpu: T0 : 0x1a8b8    : bne a4, a5, -6             : IntAlu : 
 756500: system.cpu: T0 : 0x1a8b2    : c_sd a5, 24(a5)            : MemWrite :  D=0x000000000006f968 A=0x6f980
 757000: system.cpu: T0 : 0x1a8b4    : c_sd a5, 16(a5)            : MemWrite :  D=0x000000000006f968 A=0x6f978
 757500: system.cpu: T0 : 0x1a8b6    : c_addi a5, 16              : IntAlu :  D=0x000000000006f978
 758000: system.cpu: T0 : 0x1a8b8    : bne a4, a5, -6             : IntAlu : 
 758500: system.cpu: T0 : 0x1a8b2    : c_sd a5, 24(a5)            : MemWrite :  D=0x000000000006f978 A=0x6f990
 759000: system.cpu: T0 : 0x1a8b4    : c_sd a5, 16(a5)            : MemWrite :  D=0x000000000006f978 A=0x6f988
 759500: system.cpu: T0 : 0x1a8b6    : c_addi a5, 16              : IntAlu :  D=0x000000000006f988
 760000: system.cpu: T0 : 0x1a8b8    : bne a4, a5, -6             : IntAlu : 
 760500: system.cpu: T0 : 0x1a8b2    : c_sd a5, 24(a5)            : MemWrite :  D=0x000000000006f988 A=0x6f9a0
 761000: system.cpu: T0 : 0x1a8b4    : c_sd a5, 16(a5)            : MemWrite :  D=0x000000000006f988 A=0x6f998
 761500: system.cpu: T0 : 0x1a8b6    : c_addi a5, 16              : IntAlu :  D=0x000000000006f998
 762000: system.cpu: T0 : 0x1a8b8    : bne a4, a5, -6             : IntAlu : 
 762500: system.cpu: T0 : 0x1a8b2    : c_sd a5, 24(a5)            : MemWrite :  D=0x000000000006f998 A=0x6f9b0
 763000: system.cpu: T0 : 0x1a8b4    : c_sd a5, 16(a5)            : MemWrite :  D=0x000000000006f998 A=0x6f9a8
 763500: system.cpu: T0 : 0x1a8b6    : c_addi a5, 16              : IntAlu :  D=0x000000000006f9a8
 764000: system.cpu: T0 : 0x1a8b8    : bne a4, a5, -6             : IntAlu : 
 764500: system.cpu: T0 : 0x1a8b2    : c_sd a5, 24(a5)            : MemWrite :  D=0x000000000006f9a8 A=0x6f9c0
 765000: system.cpu: T0 : 0x1a8b4    : c_sd a5, 16(a5)            : MemWrite :  D=0x000000000006f9a8 A=0x6f9b8
 765500: system.cpu: T0 : 0x1a8b6    : c_addi a5, 16              : IntAlu :  D=0x000000000006f9b8
 766000: system.cpu: T0 : 0x1a8b8    : bne a4, a5, -6             : IntAlu : 
 766500: system.cpu: T0 : 0x1a8b2    : c_sd a5, 24(a5)            : MemWrite :  D=0x000000000006f9b8 A=0x6f9d0
 767000: system.cpu: T0 : 0x1a8b4    : c_sd a5, 16(a5)            : MemWrite :  D=0x000000000006f9b8 A=0x6f9c8
 767500: system.cpu: T0 : 0x1a8b6    : c_addi a5, 16              : IntAlu :  D=0x000000000006f9c8
 768000: system.cpu: T0 : 0x1a8b8    : bne a4, a5, -6             : IntAlu : 
 768500: system.cpu: T0 : 0x1a8b2    : c_sd a5, 24(a5)            : MemWrite :  D=0x000000000006f9c8 A=0x6f9e0
 769000: system.cpu: T0 : 0x1a8b4    : c_sd a5, 16(a5)            : MemWrite :  D=0x000000000006f9c8 A=0x6f9d8
 769500: system.cpu: T0 : 0x1a8b6    : c_addi a5, 16              : IntAlu :  D=0x000000000006f9d8
 770000: system.cpu: T0 : 0x1a8b8    : bne a4, a5, -6             : IntAlu : 
 770500: system.cpu: T0 : 0x1a8b2    : c_sd a5, 24(a5)            : MemWrite :  D=0x000000000006f9d8 A=0x6f9f0
 771000: system.cpu: T0 : 0x1a8b4    : c_sd a5, 16(a5)            : MemWrite :  D=0x000000000006f9d8 A=0x6f9e8
 771500: system.cpu: T0 : 0x1a8b6    : c_addi a5, 16              : IntAlu :  D=0x000000000006f9e8
 772000: system.cpu: T0 : 0x1a8b8    : bne a4, a5, -6             : IntAlu : 
 772500: system.cpu: T0 : 0x1a8b2    : c_sd a5, 24(a5)            : MemWrite :  D=0x000000000006f9e8 A=0x6fa00
 773000: system.cpu: T0 : 0x1a8b4    : c_sd a5, 16(a5)            : MemWrite :  D=0x000000000006f9e8 A=0x6f9f8
 773500: system.cpu: T0 : 0x1a8b6    : c_addi a5, 16              : IntAlu :  D=0x000000000006f9f8
 774000: system.cpu: T0 : 0x1a8b8    : bne a4, a5, -6             : IntAlu : 
 774500: system.cpu: T0 : 0x1a8b2    : c_sd a5, 24(a5)            : MemWrite :  D=0x000000000006f9f8 A=0x6fa10
 775000: system.cpu: T0 : 0x1a8b4    : c_sd a5, 16(a5)            : MemWrite :  D=0x000000000006f9f8 A=0x6fa08
 775500: system.cpu: T0 : 0x1a8b6    : c_addi a5, 16              : IntAlu :  D=0x000000000006fa08
 776000: system.cpu: T0 : 0x1a8b8    : bne a4, a5, -6             : IntAlu : 
 776500: system.cpu: T0 : 0x1a8b2    : c_sd a5, 24(a5)            : MemWrite :  D=0x000000000006fa08 A=0x6fa20
 777000: system.cpu: T0 : 0x1a8b4    : c_sd a5, 16(a5)            : MemWrite :  D=0x000000000006fa08 A=0x6fa18
 777500: system.cpu: T0 : 0x1a8b6    : c_addi a5, 16              : IntAlu :  D=0x000000000006fa18
 778000: system.cpu: T0 : 0x1a8b8    : bne a4, a5, -6             : IntAlu : 
 778500: system.cpu: T0 : 0x1a8b2    : c_sd a5, 24(a5)            : MemWrite :  D=0x000000000006fa18 A=0x6fa30
 779000: system.cpu: T0 : 0x1a8b4    : c_sd a5, 16(a5)            : MemWrite :  D=0x000000000006fa18 A=0x6fa28
 779500: system.cpu: T0 : 0x1a8b6    : c_addi a5, 16              : IntAlu :  D=0x000000000006fa28
 780000: system.cpu: T0 : 0x1a8b8    : bne a4, a5, -6             : IntAlu : 
 780500: system.cpu: T0 : 0x1a8b2    : c_sd a5, 24(a5)            : MemWrite :  D=0x000000000006fa28 A=0x6fa40
 781000: system.cpu: T0 : 0x1a8b4    : c_sd a5, 16(a5)            : MemWrite :  D=0x000000000006fa28 A=0x6fa38
 781500: system.cpu: T0 : 0x1a8b6    : c_addi a5, 16              : IntAlu :  D=0x000000000006fa38
 782000: system.cpu: T0 : 0x1a8b8    : bne a4, a5, -6             : IntAlu : 
 782500: system.cpu: T0 : 0x1a8b2    : c_sd a5, 24(a5)            : MemWrite :  D=0x000000000006fa38 A=0x6fa50
 783000: system.cpu: T0 : 0x1a8b4    : c_sd a5, 16(a5)            : MemWrite :  D=0x000000000006fa38 A=0x6fa48
 783500: system.cpu: T0 : 0x1a8b6    : c_addi a5, 16              : IntAlu :  D=0x000000000006fa48
 784000: system.cpu: T0 : 0x1a8b8    : bne a4, a5, -6             : IntAlu : 
 784500: system.cpu: T0 : 0x1a8b2    : c_sd a5, 24(a5)            : MemWrite :  D=0x000000000006fa48 A=0x6fa60
 785000: system.cpu: T0 : 0x1a8b4    : c_sd a5, 16(a5)            : MemWrite :  D=0x000000000006fa48 A=0x6fa58
 785500: system.cpu: T0 : 0x1a8b6    : c_addi a5, 16              : IntAlu :  D=0x000000000006fa58
 786000: system.cpu: T0 : 0x1a8b8    : bne a4, a5, -6             : IntAlu : 
 786500: system.cpu: T0 : 0x1a8b2    : c_sd a5, 24(a5)            : MemWrite :  D=0x000000000006fa58 A=0x6fa70
 787000: system.cpu: T0 : 0x1a8b4    : c_sd a5, 16(a5)            : MemWrite :  D=0x000000000006fa58 A=0x6fa68
 787500: system.cpu: T0 : 0x1a8b6    : c_addi a5, 16              : IntAlu :  D=0x000000000006fa68
 788000: system.cpu: T0 : 0x1a8b8    : bne a4, a5, -6             : IntAlu : 
 788500: system.cpu: T0 : 0x1a8b2    : c_sd a5, 24(a5)            : MemWrite :  D=0x000000000006fa68 A=0x6fa80
 789000: system.cpu: T0 : 0x1a8b4    : c_sd a5, 16(a5)            : MemWrite :  D=0x000000000006fa68 A=0x6fa78
 789500: system.cpu: T0 : 0x1a8b6    : c_addi a5, 16              : IntAlu :  D=0x000000000006fa78
 790000: system.cpu: T0 : 0x1a8b8    : bne a4, a5, -6             : IntAlu : 
 790500: system.cpu: T0 : 0x1a8b2    : c_sd a5, 24(a5)            : MemWrite :  D=0x000000000006fa78 A=0x6fa90
 791000: system.cpu: T0 : 0x1a8b4    : c_sd a5, 16(a5)            : MemWrite :  D=0x000000000006fa78 A=0x6fa88
 791500: system.cpu: T0 : 0x1a8b6    : c_addi a5, 16              : IntAlu :  D=0x000000000006fa88
 792000: system.cpu: T0 : 0x1a8b8    : bne a4, a5, -6             : IntAlu : 
 792500: system.cpu: T0 : 0x1a8b2    : c_sd a5, 24(a5)            : MemWrite :  D=0x000000000006fa88 A=0x6faa0
 793000: system.cpu: T0 : 0x1a8b4    : c_sd a5, 16(a5)            : MemWrite :  D=0x000000000006fa88 A=0x6fa98
 793500: system.cpu: T0 : 0x1a8b6    : c_addi a5, 16              : IntAlu :  D=0x000000000006fa98
 794000: system.cpu: T0 : 0x1a8b8    : bne a4, a5, -6             : IntAlu : 
 794500: system.cpu: T0 : 0x1a8b2    : c_sd a5, 24(a5)            : MemWrite :  D=0x000000000006fa98 A=0x6fab0
 795000: system.cpu: T0 : 0x1a8b4    : c_sd a5, 16(a5)            : MemWrite :  D=0x000000000006fa98 A=0x6faa8
 795500: system.cpu: T0 : 0x1a8b6    : c_addi a5, 16              : IntAlu :  D=0x000000000006faa8
 796000: system.cpu: T0 : 0x1a8b8    : bne a4, a5, -6             : IntAlu : 
 796500: system.cpu: T0 : 0x1a8b2    : c_sd a5, 24(a5)            : MemWrite :  D=0x000000000006faa8 A=0x6fac0
 797000: system.cpu: T0 : 0x1a8b4    : c_sd a5, 16(a5)            : MemWrite :  D=0x000000000006faa8 A=0x6fab8
 797500: system.cpu: T0 : 0x1a8b6    : c_addi a5, 16              : IntAlu :  D=0x000000000006fab8
 798000: system.cpu: T0 : 0x1a8b8    : bne a4, a5, -6             : IntAlu : 
 798500: system.cpu: T0 : 0x1a8b2    : c_sd a5, 24(a5)            : MemWrite :  D=0x000000000006fab8 A=0x6fad0
 799000: system.cpu: T0 : 0x1a8b4    : c_sd a5, 16(a5)            : MemWrite :  D=0x000000000006fab8 A=0x6fac8
 799500: system.cpu: T0 : 0x1a8b6    : c_addi a5, 16              : IntAlu :  D=0x000000000006fac8
 800000: system.cpu: T0 : 0x1a8b8    : bne a4, a5, -6             : IntAlu : 
 800500: system.cpu: T0 : 0x1a8b2    : c_sd a5, 24(a5)            : MemWrite :  D=0x000000000006fac8 A=0x6fae0
 801000: system.cpu: T0 : 0x1a8b4    : c_sd a5, 16(a5)            : MemWrite :  D=0x000000000006fac8 A=0x6fad8
 801500: system.cpu: T0 : 0x1a8b6    : c_addi a5, 16              : IntAlu :  D=0x000000000006fad8
 802000: system.cpu: T0 : 0x1a8b8    : bne a4, a5, -6             : IntAlu : 
 802500: system.cpu: T0 : 0x1a8b2    : c_sd a5, 24(a5)            : MemWrite :  D=0x000000000006fad8 A=0x6faf0
 803000: system.cpu: T0 : 0x1a8b4    : c_sd a5, 16(a5)            : MemWrite :  D=0x000000000006fad8 A=0x6fae8
 803500: system.cpu: T0 : 0x1a8b6    : c_addi a5, 16              : IntAlu :  D=0x000000000006fae8
 804000: system.cpu: T0 : 0x1a8b8    : bne a4, a5, -6             : IntAlu : 
 804500: system.cpu: T0 : 0x1a8b2    : c_sd a5, 24(a5)            : MemWrite :  D=0x000000000006fae8 A=0x6fb00
 805000: system.cpu: T0 : 0x1a8b4    : c_sd a5, 16(a5)            : MemWrite :  D=0x000000000006fae8 A=0x6faf8
 805500: system.cpu: T0 : 0x1a8b6    : c_addi a5, 16              : IntAlu :  D=0x000000000006faf8
 806000: system.cpu: T0 : 0x1a8b8    : bne a4, a5, -6             : IntAlu : 
 806500: system.cpu: T0 : 0x1a8b2    : c_sd a5, 24(a5)            : MemWrite :  D=0x000000000006faf8 A=0x6fb10
 807000: system.cpu: T0 : 0x1a8b4    : c_sd a5, 16(a5)            : MemWrite :  D=0x000000000006faf8 A=0x6fb08
 807500: system.cpu: T0 : 0x1a8b6    : c_addi a5, 16              : IntAlu :  D=0x000000000006fb08
 808000: system.cpu: T0 : 0x1a8b8    : bne a4, a5, -6             : IntAlu : 
 808500: system.cpu: T0 : 0x1a8b2    : c_sd a5, 24(a5)            : MemWrite :  D=0x000000000006fb08 A=0x6fb20
 809000: system.cpu: T0 : 0x1a8b4    : c_sd a5, 16(a5)            : MemWrite :  D=0x000000000006fb08 A=0x6fb18
 809500: system.cpu: T0 : 0x1a8b6    : c_addi a5, 16              : IntAlu :  D=0x000000000006fb18
 810000: system.cpu: T0 : 0x1a8b8    : bne a4, a5, -6             : IntAlu : 
 810500: system.cpu: T0 : 0x1a8b2    : c_sd a5, 24(a5)            : MemWrite :  D=0x000000000006fb18 A=0x6fb30
 811000: system.cpu: T0 : 0x1a8b4    : c_sd a5, 16(a5)            : MemWrite :  D=0x000000000006fb18 A=0x6fb28
 811500: system.cpu: T0 : 0x1a8b6    : c_addi a5, 16              : IntAlu :  D=0x000000000006fb28
 812000: system.cpu: T0 : 0x1a8b8    : bne a4, a5, -6             : IntAlu : 
 812500: system.cpu: T0 : 0x1a8b2    : c_sd a5, 24(a5)            : MemWrite :  D=0x000000000006fb28 A=0x6fb40
 813000: system.cpu: T0 : 0x1a8b4    : c_sd a5, 16(a5)            : MemWrite :  D=0x000000000006fb28 A=0x6fb38
 813500: system.cpu: T0 : 0x1a8b6    : c_addi a5, 16              : IntAlu :  D=0x000000000006fb38
 814000: system.cpu: T0 : 0x1a8b8    : bne a4, a5, -6             : IntAlu : 
 814500: system.cpu: T0 : 0x1a8b2    : c_sd a5, 24(a5)            : MemWrite :  D=0x000000000006fb38 A=0x6fb50
 815000: system.cpu: T0 : 0x1a8b4    : c_sd a5, 16(a5)            : MemWrite :  D=0x000000000006fb38 A=0x6fb48
 815500: system.cpu: T0 : 0x1a8b6    : c_addi a5, 16              : IntAlu :  D=0x000000000006fb48
 816000: system.cpu: T0 : 0x1a8b8    : bne a4, a5, -6             : IntAlu : 
 816500: system.cpu: T0 : 0x1a8b2    : c_sd a5, 24(a5)            : MemWrite :  D=0x000000000006fb48 A=0x6fb60
 817000: system.cpu: T0 : 0x1a8b4    : c_sd a5, 16(a5)            : MemWrite :  D=0x000000000006fb48 A=0x6fb58
 817500: system.cpu: T0 : 0x1a8b6    : c_addi a5, 16              : IntAlu :  D=0x000000000006fb58
 818000: system.cpu: T0 : 0x1a8b8    : bne a4, a5, -6             : IntAlu : 
 818500: system.cpu: T0 : 0x1a8b2    : c_sd a5, 24(a5)            : MemWrite :  D=0x000000000006fb58 A=0x6fb70
 819000: system.cpu: T0 : 0x1a8b4    : c_sd a5, 16(a5)            : MemWrite :  D=0x000000000006fb58 A=0x6fb68
 819500: system.cpu: T0 : 0x1a8b6    : c_addi a5, 16              : IntAlu :  D=0x000000000006fb68
 820000: system.cpu: T0 : 0x1a8b8    : bne a4, a5, -6             : IntAlu : 
 820500: system.cpu: T0 : 0x1a8b2    : c_sd a5, 24(a5)            : MemWrite :  D=0x000000000006fb68 A=0x6fb80
 821000: system.cpu: T0 : 0x1a8b4    : c_sd a5, 16(a5)            : MemWrite :  D=0x000000000006fb68 A=0x6fb78
 821500: system.cpu: T0 : 0x1a8b6    : c_addi a5, 16              : IntAlu :  D=0x000000000006fb78
 822000: system.cpu: T0 : 0x1a8b8    : bne a4, a5, -6             : IntAlu : 
 822500: system.cpu: T0 : 0x1a8b2    : c_sd a5, 24(a5)            : MemWrite :  D=0x000000000006fb78 A=0x6fb90
 823000: system.cpu: T0 : 0x1a8b4    : c_sd a5, 16(a5)            : MemWrite :  D=0x000000000006fb78 A=0x6fb88
 823500: system.cpu: T0 : 0x1a8b6    : c_addi a5, 16              : IntAlu :  D=0x000000000006fb88
 824000: system.cpu: T0 : 0x1a8b8    : bne a4, a5, -6             : IntAlu : 
 824500: system.cpu: T0 : 0x1a8b2    : c_sd a5, 24(a5)            : MemWrite :  D=0x000000000006fb88 A=0x6fba0
 825000: system.cpu: T0 : 0x1a8b4    : c_sd a5, 16(a5)            : MemWrite :  D=0x000000000006fb88 A=0x6fb98
 825500: system.cpu: T0 : 0x1a8b6    : c_addi a5, 16              : IntAlu :  D=0x000000000006fb98
 826000: system.cpu: T0 : 0x1a8b8    : bne a4, a5, -6             : IntAlu : 
 826500: system.cpu: T0 : 0x1a8b2    : c_sd a5, 24(a5)            : MemWrite :  D=0x000000000006fb98 A=0x6fbb0
 827000: system.cpu: T0 : 0x1a8b4    : c_sd a5, 16(a5)            : MemWrite :  D=0x000000000006fb98 A=0x6fba8
 827500: system.cpu: T0 : 0x1a8b6    : c_addi a5, 16              : IntAlu :  D=0x000000000006fba8
 828000: system.cpu: T0 : 0x1a8b8    : bne a4, a5, -6             : IntAlu : 
 828500: system.cpu: T0 : 0x1a8b2    : c_sd a5, 24(a5)            : MemWrite :  D=0x000000000006fba8 A=0x6fbc0
 829000: system.cpu: T0 : 0x1a8b4    : c_sd a5, 16(a5)            : MemWrite :  D=0x000000000006fba8 A=0x6fbb8
 829500: system.cpu: T0 : 0x1a8b6    : c_addi a5, 16              : IntAlu :  D=0x000000000006fbb8
 830000: system.cpu: T0 : 0x1a8b8    : bne a4, a5, -6             : IntAlu : 
 830500: system.cpu: T0 : 0x1a8b2    : c_sd a5, 24(a5)            : MemWrite :  D=0x000000000006fbb8 A=0x6fbd0
 831000: system.cpu: T0 : 0x1a8b4    : c_sd a5, 16(a5)            : MemWrite :  D=0x000000000006fbb8 A=0x6fbc8
 831500: system.cpu: T0 : 0x1a8b6    : c_addi a5, 16              : IntAlu :  D=0x000000000006fbc8
 832000: system.cpu: T0 : 0x1a8b8    : bne a4, a5, -6             : IntAlu : 
 832500: system.cpu: T0 : 0x1a8b2    : c_sd a5, 24(a5)            : MemWrite :  D=0x000000000006fbc8 A=0x6fbe0
 833000: system.cpu: T0 : 0x1a8b4    : c_sd a5, 16(a5)            : MemWrite :  D=0x000000000006fbc8 A=0x6fbd8
 833500: system.cpu: T0 : 0x1a8b6    : c_addi a5, 16              : IntAlu :  D=0x000000000006fbd8
 834000: system.cpu: T0 : 0x1a8b8    : bne a4, a5, -6             : IntAlu : 
 834500: system.cpu: T0 : 0x1a8b2    : c_sd a5, 24(a5)            : MemWrite :  D=0x000000000006fbd8 A=0x6fbf0
 835000: system.cpu: T0 : 0x1a8b4    : c_sd a5, 16(a5)            : MemWrite :  D=0x000000000006fbd8 A=0x6fbe8
 835500: system.cpu: T0 : 0x1a8b6    : c_addi a5, 16              : IntAlu :  D=0x000000000006fbe8
 836000: system.cpu: T0 : 0x1a8b8    : bne a4, a5, -6             : IntAlu : 
 836500: system.cpu: T0 : 0x1a8b2    : c_sd a5, 24(a5)            : MemWrite :  D=0x000000000006fbe8 A=0x6fc00
 837000: system.cpu: T0 : 0x1a8b4    : c_sd a5, 16(a5)            : MemWrite :  D=0x000000000006fbe8 A=0x6fbf8
 837500: system.cpu: T0 : 0x1a8b6    : c_addi a5, 16              : IntAlu :  D=0x000000000006fbf8
 838000: system.cpu: T0 : 0x1a8b8    : bne a4, a5, -6             : IntAlu : 
 838500: system.cpu: T0 : 0x1a8b2    : c_sd a5, 24(a5)            : MemWrite :  D=0x000000000006fbf8 A=0x6fc10
 839000: system.cpu: T0 : 0x1a8b4    : c_sd a5, 16(a5)            : MemWrite :  D=0x000000000006fbf8 A=0x6fc08
 839500: system.cpu: T0 : 0x1a8b6    : c_addi a5, 16              : IntAlu :  D=0x000000000006fc08
 840000: system.cpu: T0 : 0x1a8b8    : bne a4, a5, -6             : IntAlu : 
 840500: system.cpu: T0 : 0x1a8b2    : c_sd a5, 24(a5)            : MemWrite :  D=0x000000000006fc08 A=0x6fc20
 841000: system.cpu: T0 : 0x1a8b4    : c_sd a5, 16(a5)            : MemWrite :  D=0x000000000006fc08 A=0x6fc18
 841500: system.cpu: T0 : 0x1a8b6    : c_addi a5, 16              : IntAlu :  D=0x000000000006fc18
 842000: system.cpu: T0 : 0x1a8b8    : bne a4, a5, -6             : IntAlu : 
 842500: system.cpu: T0 : 0x1a8b2    : c_sd a5, 24(a5)            : MemWrite :  D=0x000000000006fc18 A=0x6fc30
 843000: system.cpu: T0 : 0x1a8b4    : c_sd a5, 16(a5)            : MemWrite :  D=0x000000000006fc18 A=0x6fc28
 843500: system.cpu: T0 : 0x1a8b6    : c_addi a5, 16              : IntAlu :  D=0x000000000006fc28
 844000: system.cpu: T0 : 0x1a8b8    : bne a4, a5, -6             : IntAlu : 
 844500: system.cpu: T0 : 0x1a8b2    : c_sd a5, 24(a5)            : MemWrite :  D=0x000000000006fc28 A=0x6fc40
 845000: system.cpu: T0 : 0x1a8b4    : c_sd a5, 16(a5)            : MemWrite :  D=0x000000000006fc28 A=0x6fc38
 845500: system.cpu: T0 : 0x1a8b6    : c_addi a5, 16              : IntAlu :  D=0x000000000006fc38
 846000: system.cpu: T0 : 0x1a8b8    : bne a4, a5, -6             : IntAlu : 
 846500: system.cpu: T0 : 0x1a8b2    : c_sd a5, 24(a5)            : MemWrite :  D=0x000000000006fc38 A=0x6fc50
 847000: system.cpu: T0 : 0x1a8b4    : c_sd a5, 16(a5)            : MemWrite :  D=0x000000000006fc38 A=0x6fc48
 847500: system.cpu: T0 : 0x1a8b6    : c_addi a5, 16              : IntAlu :  D=0x000000000006fc48
 848000: system.cpu: T0 : 0x1a8b8    : bne a4, a5, -6             : IntAlu : 
 848500: system.cpu: T0 : 0x1a8b2    : c_sd a5, 24(a5)            : MemWrite :  D=0x000000000006fc48 A=0x6fc60
 849000: system.cpu: T0 : 0x1a8b4    : c_sd a5, 16(a5)            : MemWrite :  D=0x000000000006fc48 A=0x6fc58
 849500: system.cpu: T0 : 0x1a8b6    : c_addi a5, 16              : IntAlu :  D=0x000000000006fc58
 850000: system.cpu: T0 : 0x1a8b8    : bne a4, a5, -6             : IntAlu : 
 850500: system.cpu: T0 : 0x1a8b2    : c_sd a5, 24(a5)            : MemWrite :  D=0x000000000006fc58 A=0x6fc70
 851000: system.cpu: T0 : 0x1a8b4    : c_sd a5, 16(a5)            : MemWrite :  D=0x000000000006fc58 A=0x6fc68
 851500: system.cpu: T0 : 0x1a8b6    : c_addi a5, 16              : IntAlu :  D=0x000000000006fc68
 852000: system.cpu: T0 : 0x1a8b8    : bne a4, a5, -6             : IntAlu : 
 852500: system.cpu: T0 : 0x1a8b2    : c_sd a5, 24(a5)            : MemWrite :  D=0x000000000006fc68 A=0x6fc80
 853000: system.cpu: T0 : 0x1a8b4    : c_sd a5, 16(a5)            : MemWrite :  D=0x000000000006fc68 A=0x6fc78
 853500: system.cpu: T0 : 0x1a8b6    : c_addi a5, 16              : IntAlu :  D=0x000000000006fc78
 854000: system.cpu: T0 : 0x1a8b8    : bne a4, a5, -6             : IntAlu : 
 854500: system.cpu: T0 : 0x1a8b2    : c_sd a5, 24(a5)            : MemWrite :  D=0x000000000006fc78 A=0x6fc90
 855000: system.cpu: T0 : 0x1a8b4    : c_sd a5, 16(a5)            : MemWrite :  D=0x000000000006fc78 A=0x6fc88
 855500: system.cpu: T0 : 0x1a8b6    : c_addi a5, 16              : IntAlu :  D=0x000000000006fc88
 856000: system.cpu: T0 : 0x1a8b8    : bne a4, a5, -6             : IntAlu : 
 856500: system.cpu: T0 : 0x1a8b2    : c_sd a5, 24(a5)            : MemWrite :  D=0x000000000006fc88 A=0x6fca0
 857000: system.cpu: T0 : 0x1a8b4    : c_sd a5, 16(a5)            : MemWrite :  D=0x000000000006fc88 A=0x6fc98
 857500: system.cpu: T0 : 0x1a8b6    : c_addi a5, 16              : IntAlu :  D=0x000000000006fc98
 858000: system.cpu: T0 : 0x1a8b8    : bne a4, a5, -6             : IntAlu : 
 858500: system.cpu: T0 : 0x1a8b2    : c_sd a5, 24(a5)            : MemWrite :  D=0x000000000006fc98 A=0x6fcb0
 859000: system.cpu: T0 : 0x1a8b4    : c_sd a5, 16(a5)            : MemWrite :  D=0x000000000006fc98 A=0x6fca8
 859500: system.cpu: T0 : 0x1a8b6    : c_addi a5, 16              : IntAlu :  D=0x000000000006fca8
 860000: system.cpu: T0 : 0x1a8b8    : bne a4, a5, -6             : IntAlu : 
 860500: system.cpu: T0 : 0x1a8b2    : c_sd a5, 24(a5)            : MemWrite :  D=0x000000000006fca8 A=0x6fcc0
 861000: system.cpu: T0 : 0x1a8b4    : c_sd a5, 16(a5)            : MemWrite :  D=0x000000000006fca8 A=0x6fcb8
 861500: system.cpu: T0 : 0x1a8b6    : c_addi a5, 16              : IntAlu :  D=0x000000000006fcb8
 862000: system.cpu: T0 : 0x1a8b8    : bne a4, a5, -6             : IntAlu : 
 862500: system.cpu: T0 : 0x1a8b2    : c_sd a5, 24(a5)            : MemWrite :  D=0x000000000006fcb8 A=0x6fcd0
 863000: system.cpu: T0 : 0x1a8b4    : c_sd a5, 16(a5)            : MemWrite :  D=0x000000000006fcb8 A=0x6fcc8
 863500: system.cpu: T0 : 0x1a8b6    : c_addi a5, 16              : IntAlu :  D=0x000000000006fcc8
 864000: system.cpu: T0 : 0x1a8b8    : bne a4, a5, -6             : IntAlu : 
 864500: system.cpu: T0 : 0x1a8b2    : c_sd a5, 24(a5)            : MemWrite :  D=0x000000000006fcc8 A=0x6fce0
 865000: system.cpu: T0 : 0x1a8b4    : c_sd a5, 16(a5)            : MemWrite :  D=0x000000000006fcc8 A=0x6fcd8
 865500: system.cpu: T0 : 0x1a8b6    : c_addi a5, 16              : IntAlu :  D=0x000000000006fcd8
 866000: system.cpu: T0 : 0x1a8b8    : bne a4, a5, -6             : IntAlu : 
 866500: system.cpu: T0 : 0x1a8b2    : c_sd a5, 24(a5)            : MemWrite :  D=0x000000000006fcd8 A=0x6fcf0
 867000: system.cpu: T0 : 0x1a8b4    : c_sd a5, 16(a5)            : MemWrite :  D=0x000000000006fcd8 A=0x6fce8
 867500: system.cpu: T0 : 0x1a8b6    : c_addi a5, 16              : IntAlu :  D=0x000000000006fce8
 868000: system.cpu: T0 : 0x1a8b8    : bne a4, a5, -6             : IntAlu : 
 868500: system.cpu: T0 : 0x1a8b2    : c_sd a5, 24(a5)            : MemWrite :  D=0x000000000006fce8 A=0x6fd00
 869000: system.cpu: T0 : 0x1a8b4    : c_sd a5, 16(a5)            : MemWrite :  D=0x000000000006fce8 A=0x6fcf8
 869500: system.cpu: T0 : 0x1a8b6    : c_addi a5, 16              : IntAlu :  D=0x000000000006fcf8
 870000: system.cpu: T0 : 0x1a8b8    : bne a4, a5, -6             : IntAlu : 
 870500: system.cpu: T0 : 0x1a8b2    : c_sd a5, 24(a5)            : MemWrite :  D=0x000000000006fcf8 A=0x6fd10
 871000: system.cpu: T0 : 0x1a8b4    : c_sd a5, 16(a5)            : MemWrite :  D=0x000000000006fcf8 A=0x6fd08
 871500: system.cpu: T0 : 0x1a8b6    : c_addi a5, 16              : IntAlu :  D=0x000000000006fd08
 872000: system.cpu: T0 : 0x1a8b8    : bne a4, a5, -6             : IntAlu : 
 872500: system.cpu: T0 : 0x1a8b2    : c_sd a5, 24(a5)            : MemWrite :  D=0x000000000006fd08 A=0x6fd20
 873000: system.cpu: T0 : 0x1a8b4    : c_sd a5, 16(a5)            : MemWrite :  D=0x000000000006fd08 A=0x6fd18
 873500: system.cpu: T0 : 0x1a8b6    : c_addi a5, 16              : IntAlu :  D=0x000000000006fd18
 874000: system.cpu: T0 : 0x1a8b8    : bne a4, a5, -6             : IntAlu : 
 874500: system.cpu: T0 : 0x1a8b2    : c_sd a5, 24(a5)            : MemWrite :  D=0x000000000006fd18 A=0x6fd30
 875000: system.cpu: T0 : 0x1a8b4    : c_sd a5, 16(a5)            : MemWrite :  D=0x000000000006fd18 A=0x6fd28
 875500: system.cpu: T0 : 0x1a8b6    : c_addi a5, 16              : IntAlu :  D=0x000000000006fd28
 876000: system.cpu: T0 : 0x1a8b8    : bne a4, a5, -6             : IntAlu : 
 876500: system.cpu: T0 : 0x1a8b2    : c_sd a5, 24(a5)            : MemWrite :  D=0x000000000006fd28 A=0x6fd40
 877000: system.cpu: T0 : 0x1a8b4    : c_sd a5, 16(a5)            : MemWrite :  D=0x000000000006fd28 A=0x6fd38
 877500: system.cpu: T0 : 0x1a8b6    : c_addi a5, 16              : IntAlu :  D=0x000000000006fd38
 878000: system.cpu: T0 : 0x1a8b8    : bne a4, a5, -6             : IntAlu : 
 878500: system.cpu: T0 : 0x1a8b2    : c_sd a5, 24(a5)            : MemWrite :  D=0x000000000006fd38 A=0x6fd50
 879000: system.cpu: T0 : 0x1a8b4    : c_sd a5, 16(a5)            : MemWrite :  D=0x000000000006fd38 A=0x6fd48
 879500: system.cpu: T0 : 0x1a8b6    : c_addi a5, 16              : IntAlu :  D=0x000000000006fd48
 880000: system.cpu: T0 : 0x1a8b8    : bne a4, a5, -6             : IntAlu : 
 880500: system.cpu: T0 : 0x1a8b2    : c_sd a5, 24(a5)            : MemWrite :  D=0x000000000006fd48 A=0x6fd60
 881000: system.cpu: T0 : 0x1a8b4    : c_sd a5, 16(a5)            : MemWrite :  D=0x000000000006fd48 A=0x6fd58
 881500: system.cpu: T0 : 0x1a8b6    : c_addi a5, 16              : IntAlu :  D=0x000000000006fd58
 882000: system.cpu: T0 : 0x1a8b8    : bne a4, a5, -6             : IntAlu : 
 882500: system.cpu: T0 : 0x1a8b2    : c_sd a5, 24(a5)            : MemWrite :  D=0x000000000006fd58 A=0x6fd70
 883000: system.cpu: T0 : 0x1a8b4    : c_sd a5, 16(a5)            : MemWrite :  D=0x000000000006fd58 A=0x6fd68
 883500: system.cpu: T0 : 0x1a8b6    : c_addi a5, 16              : IntAlu :  D=0x000000000006fd68
 884000: system.cpu: T0 : 0x1a8b8    : bne a4, a5, -6             : IntAlu : 
 884500: system.cpu: T0 : 0x1a8b2    : c_sd a5, 24(a5)            : MemWrite :  D=0x000000000006fd68 A=0x6fd80
 885000: system.cpu: T0 : 0x1a8b4    : c_sd a5, 16(a5)            : MemWrite :  D=0x000000000006fd68 A=0x6fd78
 885500: system.cpu: T0 : 0x1a8b6    : c_addi a5, 16              : IntAlu :  D=0x000000000006fd78
 886000: system.cpu: T0 : 0x1a8b8    : bne a4, a5, -6             : IntAlu : 
 886500: system.cpu: T0 : 0x1a8b2    : c_sd a5, 24(a5)            : MemWrite :  D=0x000000000006fd78 A=0x6fd90
 887000: system.cpu: T0 : 0x1a8b4    : c_sd a5, 16(a5)            : MemWrite :  D=0x000000000006fd78 A=0x6fd88
 887500: system.cpu: T0 : 0x1a8b6    : c_addi a5, 16              : IntAlu :  D=0x000000000006fd88
 888000: system.cpu: T0 : 0x1a8b8    : bne a4, a5, -6             : IntAlu : 
 888500: system.cpu: T0 : 0x1a8b2    : c_sd a5, 24(a5)            : MemWrite :  D=0x000000000006fd88 A=0x6fda0
 889000: system.cpu: T0 : 0x1a8b4    : c_sd a5, 16(a5)            : MemWrite :  D=0x000000000006fd88 A=0x6fd98
 889500: system.cpu: T0 : 0x1a8b6    : c_addi a5, 16              : IntAlu :  D=0x000000000006fd98
 890000: system.cpu: T0 : 0x1a8b8    : bne a4, a5, -6             : IntAlu : 
 890500: system.cpu: T0 : 0x1a8b2    : c_sd a5, 24(a5)            : MemWrite :  D=0x000000000006fd98 A=0x6fdb0
 891000: system.cpu: T0 : 0x1a8b4    : c_sd a5, 16(a5)            : MemWrite :  D=0x000000000006fd98 A=0x6fda8
 891500: system.cpu: T0 : 0x1a8b6    : c_addi a5, 16              : IntAlu :  D=0x000000000006fda8
 892000: system.cpu: T0 : 0x1a8b8    : bne a4, a5, -6             : IntAlu : 
 892500: system.cpu: T0 : 0x1a8b2    : c_sd a5, 24(a5)            : MemWrite :  D=0x000000000006fda8 A=0x6fdc0
 893000: system.cpu: T0 : 0x1a8b4    : c_sd a5, 16(a5)            : MemWrite :  D=0x000000000006fda8 A=0x6fdb8
 893500: system.cpu: T0 : 0x1a8b6    : c_addi a5, 16              : IntAlu :  D=0x000000000006fdb8
 894000: system.cpu: T0 : 0x1a8b8    : bne a4, a5, -6             : IntAlu : 
 894500: system.cpu: T0 : 0x1a8b2    : c_sd a5, 24(a5)            : MemWrite :  D=0x000000000006fdb8 A=0x6fdd0
 895000: system.cpu: T0 : 0x1a8b4    : c_sd a5, 16(a5)            : MemWrite :  D=0x000000000006fdb8 A=0x6fdc8
 895500: system.cpu: T0 : 0x1a8b6    : c_addi a5, 16              : IntAlu :  D=0x000000000006fdc8
 896000: system.cpu: T0 : 0x1a8b8    : bne a4, a5, -6             : IntAlu : 
 896500: system.cpu: T0 : 0x1a8b2    : c_sd a5, 24(a5)            : MemWrite :  D=0x000000000006fdc8 A=0x6fde0
 897000: system.cpu: T0 : 0x1a8b4    : c_sd a5, 16(a5)            : MemWrite :  D=0x000000000006fdc8 A=0x6fdd8
 897500: system.cpu: T0 : 0x1a8b6    : c_addi a5, 16              : IntAlu :  D=0x000000000006fdd8
 898000: system.cpu: T0 : 0x1a8b8    : bne a4, a5, -6             : IntAlu : 
 898500: system.cpu: T0 : 0x1a8b2    : c_sd a5, 24(a5)            : MemWrite :  D=0x000000000006fdd8 A=0x6fdf0
 899000: system.cpu: T0 : 0x1a8b4    : c_sd a5, 16(a5)            : MemWrite :  D=0x000000000006fdd8 A=0x6fde8
 899500: system.cpu: T0 : 0x1a8b6    : c_addi a5, 16              : IntAlu :  D=0x000000000006fde8
 900000: system.cpu: T0 : 0x1a8b8    : bne a4, a5, -6             : IntAlu : 
 900500: system.cpu: T0 : 0x1a8b2    : c_sd a5, 24(a5)            : MemWrite :  D=0x000000000006fde8 A=0x6fe00
 901000: system.cpu: T0 : 0x1a8b4    : c_sd a5, 16(a5)            : MemWrite :  D=0x000000000006fde8 A=0x6fdf8
 901500: system.cpu: T0 : 0x1a8b6    : c_addi a5, 16              : IntAlu :  D=0x000000000006fdf8
 902000: system.cpu: T0 : 0x1a8b8    : bne a4, a5, -6             : IntAlu : 
 902500: system.cpu: T0 : 0x1a8b2    : c_sd a5, 24(a5)            : MemWrite :  D=0x000000000006fdf8 A=0x6fe10
 903000: system.cpu: T0 : 0x1a8b4    : c_sd a5, 16(a5)            : MemWrite :  D=0x000000000006fdf8 A=0x6fe08
 903500: system.cpu: T0 : 0x1a8b6    : c_addi a5, 16              : IntAlu :  D=0x000000000006fe08
 904000: system.cpu: T0 : 0x1a8b8    : bne a4, a5, -6             : IntAlu : 
 904500: system.cpu: T0 : 0x1a8b2    : c_sd a5, 24(a5)            : MemWrite :  D=0x000000000006fe08 A=0x6fe20
 905000: system.cpu: T0 : 0x1a8b4    : c_sd a5, 16(a5)            : MemWrite :  D=0x000000000006fe08 A=0x6fe18
 905500: system.cpu: T0 : 0x1a8b6    : c_addi a5, 16              : IntAlu :  D=0x000000000006fe18
 906000: system.cpu: T0 : 0x1a8b8    : bne a4, a5, -6             : IntAlu : 
 906500: system.cpu: T0 : 0x1a8bc    : lui a5, 111                : IntAlu :  D=0x000000000006f000
 907000: system.cpu: T0 : 0x1a8c0    : addi a5, a5, 1480          : IntAlu :  D=0x000000000006f5c8
 907500: system.cpu: T0 : 0x1a8c4    : beq a0, a5, 24             : IntAlu : 
 908000: system.cpu: T0 : 0x1a8dc    : addi a4, zero, 128         : IntAlu :  D=0x0000000000000080
 908500: system.cpu: T0 : 0x1a8e0    : sd a4, -1376(gp)           : MemWrite :  D=0x0000000000000080 A=0x70ad8
 909000: system.cpu: T0 : 0x1a8e4    : addi a5, a0, 8             : IntAlu :  D=0x000000000006f5d0
 909500: system.cpu: T0 : 0x1a8e8    : amoswap_w zero, zero, (a5)
 909500: system.cpu: T0 : 0x1a8e8. 0 : amoswap_w[l] zero, zero, (a5) : MemRead :  D=0x0000000000000000 A=0x6f5d0
 910000: system.cpu: T0 : 0x1a8ec    : c_sd a3, 96(a0)            : MemWrite :  D=0x000000000006f628 A=0x6f628
 910500: system.cpu: T0 : 0x1a8ee    : c_jr ra                    : IntAlu : 
 911000: system.cpu: T0 : 0x1acaa    : c_lui a2, 27               : IntAlu :  D=0x000000000001b000
 911500: system.cpu: T0 : 0x1acac    : addi a2, a2, 1016          : IntAlu :  D=0x000000000001b3f8
 912000: system.cpu: T0 : 0x1acb0    : c_mv a1, sp                : IntAlu :  D=0x7ffffffffffffbd0
 912500: system.cpu: T0 : 0x1acb2    : c_li a0, 19                : IntAlu :  D=0x0000000000000013
 913000: system.cpu: T0 : 0x1acb4    : jal ra, 30078              : IntAlu :  D=0x000000000001acb8
 913500: system.cpu: T0 : 0x22232    : c_slli a0, 32              : IntAlu :  D=0x0000001300000000
 914000: system.cpu: T0 : 0x22234    : c_srli a0, 32              : IntAlu :  D=0x0000000000000013
 915000: system.cpu: T0 : 0x22236    : slli a5, a0, 3             : IntAlu :  D=0x0000000000000098
 915500: system.cpu: T0 : 0x2223a    : c_sub a5, a0               : IntAlu :  D=0x0000000000000085
 916000: system.cpu: T0 : 0x2223c    : lui a4, 111                : IntAlu :  D=0x000000000006f000
 916500: system.cpu: T0 : 0x22240    : addi a4, a4, -1248         : IntAlu :  D=0x000000000006eb20
 917000: system.cpu: T0 : 0x22244    : c_slli a5, 3               : IntAlu :  D=0x0000000000000428
 917500: system.cpu: T0 : 0x22246    : c_add a5, a4               : IntAlu :  D=0x000000000006ef48
 918000: system.cpu: T0 : 0x22248    : c_lw a3, 8(a5)             : MemRead :  D=0x0000000000000000 A=0x6ef50
 918500: system.cpu: T0 : 0x2224a    : c_li a6, 2                 : IntAlu :  D=0x0000000000000002
 919000: system.cpu: T0 : 0x2224c    : c_ld a5, 32(a5)            : MemRead :  D=0x0000000000000000 A=0x6ef68
 920000: system.cpu: T0 : 0x2224e    : bltu a6, a3, 42            : IntAlu : 
 920500: system.cpu: T0 : 0x22252    : c_bnez a3, 38              : IntAlu : 
 921000: system.cpu: T0 : 0x22254    : c_sw a5, 0(a1)             : MemWrite :  D=0x0000000000000000 A=0x7ffffffffffffbd0
 922000: system.cpu: T0 : 0x22256    : slli a5, a0, 3             : IntAlu :  D=0x0000000000000098
 922500: system.cpu: T0 : 0x2225a    : c_sub a5, a0               : IntAlu :  D=0x0000000000000085
 923000: system.cpu: T0 : 0x2225c    : c_slli a5, 3               : IntAlu :  D=0x0000000000000428
 924000: system.cpu: T0 : 0x2225e    : add a3, a4, a5             : IntAlu :  D=0x000000000006ef48
 925000: system.cpu: T0 : 0x22262    : lbu a3, 40(a3)             : MemRead :  D=0x0000000000000000 A=0x6ef70
 925500: system.cpu: T0 : 0x22266    : c_beqz a3, 16              : IntAlu : 
 926000: system.cpu: T0 : 0x22276    : c_jr ra                    : IntAlu : 
 926500: system.cpu: T0 : 0x1acb8    : c_lui a2, 26               : IntAlu :  D=0x000000000001a000
 927500: system.cpu: T0 : 0x1acba    : addi a2, a2, 1340          : IntAlu :  D=0x000000000001a53c
 928000: system.cpu: T0 : 0x1acbe    : c_mv a1, sp                : IntAlu :  D=0x7ffffffffffffbd0
 928500: system.cpu: T0 : 0x1acc0    : c_li a0, 7                 : IntAlu :  D=0x0000000000000007
 929500: system.cpu: T0 : 0x1acc2    : jal ra, 30064              : IntAlu :  D=0x000000000001acc6
 930000: system.cpu: T0 : 0x22232    : c_slli a0, 32              : IntAlu :  D=0x0000000700000000
 930500: system.cpu: T0 : 0x22234    : c_srli a0, 32              : IntAlu :  D=0x0000000000000007
 931500: system.cpu: T0 : 0x22236    : slli a5, a0, 3             : IntAlu :  D=0x0000000000000038
 932000: system.cpu: T0 : 0x2223a    : c_sub a5, a0               : IntAlu :  D=0x0000000000000031
 932500: system.cpu: T0 : 0x2223c    : lui a4, 111                : IntAlu :  D=0x000000000006f000
 933000: system.cpu: T0 : 0x22240    : addi a4, a4, -1248         : IntAlu :  D=0x000000000006eb20
 933500: system.cpu: T0 : 0x22244    : c_slli a5, 3               : IntAlu :  D=0x0000000000000188
 934000: system.cpu: T0 : 0x22246    : c_add a5, a4               : IntAlu :  D=0x000000000006eca8
 934500: system.cpu: T0 : 0x22248    : c_lw a3, 8(a5)             : MemRead :  D=0x0000000000000002 A=0x6ecb0
 935000: system.cpu: T0 : 0x2224a    : c_li a6, 2                 : IntAlu :  D=0x0000000000000002
 935500: system.cpu: T0 : 0x2224c    : c_ld a5, 32(a5)            : MemRead :  D=0x0000000000000000 A=0x6ecc8
 936500: system.cpu: T0 : 0x2224e    : bltu a6, a3, 42            : IntAlu : 
 937000: system.cpu: T0 : 0x22252    : c_bnez a3, 38              : IntAlu : 
 937500: system.cpu: T0 : 0x22278    : c_sd a5, 0(a1)             : MemWrite :  D=0x0000000000000000 A=0x7ffffffffffffbd0
 938000: system.cpu: T0 : 0x2227a    : c_j -36                    : IntAlu : 
 939000: system.cpu: T0 : 0x22256    : slli a5, a0, 3             : IntAlu :  D=0x0000000000000038
 939500: system.cpu: T0 : 0x2225a    : c_sub a5, a0               : IntAlu :  D=0x0000000000000031
 940000: system.cpu: T0 : 0x2225c    : c_slli a5, 3               : IntAlu :  D=0x0000000000000188
 941000: system.cpu: T0 : 0x2225e    : add a3, a4, a5             : IntAlu :  D=0x000000000006eca8
 942000: system.cpu: T0 : 0x22262    : lbu a3, 40(a3)             : MemRead :  D=0x0000000000000000 A=0x6ecd0
 942500: system.cpu: T0 : 0x22266    : c_beqz a3, 16              : IntAlu : 
 943000: system.cpu: T0 : 0x22276    : c_jr ra                    : IntAlu : 
 943500: system.cpu: T0 : 0x1acc6    : c_lui a2, 26               : IntAlu :  D=0x000000000001a000
 944000: system.cpu: T0 : 0x1acc8    : addi a2, a2, 1358          : IntAlu :  D=0x000000000001a54e
 944500: system.cpu: T0 : 0x1accc    : c_mv a1, sp                : IntAlu :  D=0x7ffffffffffffbd0
 945000: system.cpu: T0 : 0x1acce    : c_li a0, 2                 : IntAlu :  D=0x0000000000000002
 945500: system.cpu: T0 : 0x1acd0    : jal ra, 30050              : IntAlu :  D=0x000000000001acd4
 946000: system.cpu: T0 : 0x22232    : c_slli a0, 32              : IntAlu :  D=0x0000000200000000
 946500: system.cpu: T0 : 0x22234    : c_srli a0, 32              : IntAlu :  D=0x0000000000000002
 947500: system.cpu: T0 : 0x22236    : slli a5, a0, 3             : IntAlu :  D=0x0000000000000010
 948000: system.cpu: T0 : 0x2223a    : c_sub a5, a0               : IntAlu :  D=0x000000000000000e
 948500: system.cpu: T0 : 0x2223c    : lui a4, 111                : IntAlu :  D=0x000000000006f000
 949000: system.cpu: T0 : 0x22240    : addi a4, a4, -1248         : IntAlu :  D=0x000000000006eb20
 949500: system.cpu: T0 : 0x22244    : c_slli a5, 3               : IntAlu :  D=0x0000000000000070
 950000: system.cpu: T0 : 0x22246    : c_add a5, a4               : IntAlu :  D=0x000000000006eb90
 950500: system.cpu: T0 : 0x22248    : c_lw a3, 8(a5)             : MemRead :  D=0x0000000000000000 A=0x6eb98
 951000: system.cpu: T0 : 0x2224a    : c_li a6, 2                 : IntAlu :  D=0x0000000000000002
 951500: system.cpu: T0 : 0x2224c    : c_ld a5, 32(a5)            : MemRead :  D=0x0000000000000000 A=0x6ebb0
 952500: system.cpu: T0 : 0x2224e    : bltu a6, a3, 42            : IntAlu : 
 953000: system.cpu: T0 : 0x22252    : c_bnez a3, 38              : IntAlu : 
 953500: system.cpu: T0 : 0x22254    : c_sw a5, 0(a1)             : MemWrite :  D=0x0000000000000000 A=0x7ffffffffffffbd0
 954500: system.cpu: T0 : 0x22256    : slli a5, a0, 3             : IntAlu :  D=0x0000000000000010
 955000: system.cpu: T0 : 0x2225a    : c_sub a5, a0               : IntAlu :  D=0x000000000000000e
 955500: system.cpu: T0 : 0x2225c    : c_slli a5, 3               : IntAlu :  D=0x0000000000000070
 956500: system.cpu: T0 : 0x2225e    : add a3, a4, a5             : IntAlu :  D=0x000000000006eb90
 957500: system.cpu: T0 : 0x22262    : lbu a3, 40(a3)             : MemRead :  D=0x0000000000000000 A=0x6ebb8
 958000: system.cpu: T0 : 0x22266    : c_beqz a3, 16              : IntAlu : 
 958500: system.cpu: T0 : 0x22276    : c_jr ra                    : IntAlu : 
 959000: system.cpu: T0 : 0x1acd4    : c_lui a2, 26               : IntAlu :  D=0x000000000001a000
 960000: system.cpu: T0 : 0x1acd6    : addi a2, a2, 1294          : IntAlu :  D=0x000000000001a50e
 960500: system.cpu: T0 : 0x1acda    : c_mv a1, sp                : IntAlu :  D=0x7ffffffffffffbd0
 961000: system.cpu: T0 : 0x1acdc    : c_li a0, 14                : IntAlu :  D=0x000000000000000e
 962000: system.cpu: T0 : 0x1acde    : jal ra, 30036              : IntAlu :  D=0x000000000001ace2
 962500: system.cpu: T0 : 0x22232    : c_slli a0, 32              : IntAlu :  D=0x0000000e00000000
 963000: system.cpu: T0 : 0x22234    : c_srli a0, 32              : IntAlu :  D=0x000000000000000e
 964000: system.cpu: T0 : 0x22236    : slli a5, a0, 3             : IntAlu :  D=0x0000000000000070
 964500: system.cpu: T0 : 0x2223a    : c_sub a5, a0               : IntAlu :  D=0x0000000000000062
 965000: system.cpu: T0 : 0x2223c    : lui a4, 111                : IntAlu :  D=0x000000000006f000
 965500: system.cpu: T0 : 0x22240    : addi a4, a4, -1248         : IntAlu :  D=0x000000000006eb20
 966000: system.cpu: T0 : 0x22244    : c_slli a5, 3               : IntAlu :  D=0x0000000000000310
 966500: system.cpu: T0 : 0x22246    : c_add a5, a4               : IntAlu :  D=0x000000000006ee30
 967000: system.cpu: T0 : 0x22248    : c_lw a3, 8(a5)             : MemRead :  D=0x0000000000000002 A=0x6ee38
 967500: system.cpu: T0 : 0x2224a    : c_li a6, 2                 : IntAlu :  D=0x0000000000000002
 968000: system.cpu: T0 : 0x2224c    : c_ld a5, 32(a5)            : MemRead :  D=0x0000000000000000 A=0x6ee50
 969000: system.cpu: T0 : 0x2224e    : bltu a6, a3, 42            : IntAlu : 
 969500: system.cpu: T0 : 0x22252    : c_bnez a3, 38              : IntAlu : 
 970000: system.cpu: T0 : 0x22278    : c_sd a5, 0(a1)             : MemWrite :  D=0x0000000000000000 A=0x7ffffffffffffbd0
 970500: system.cpu: T0 : 0x2227a    : c_j -36                    : IntAlu : 
 971500: system.cpu: T0 : 0x22256    : slli a5, a0, 3             : IntAlu :  D=0x0000000000000070
 972000: system.cpu: T0 : 0x2225a    : c_sub a5, a0               : IntAlu :  D=0x0000000000000062
 972500: system.cpu: T0 : 0x2225c    : c_slli a5, 3               : IntAlu :  D=0x0000000000000310
 973500: system.cpu: T0 : 0x2225e    : add a3, a4, a5             : IntAlu :  D=0x000000000006ee30
 974500: system.cpu: T0 : 0x22262    : lbu a3, 40(a3)             : MemRead :  D=0x0000000000000000 A=0x6ee58
 975000: system.cpu: T0 : 0x22266    : c_beqz a3, 16              : IntAlu : 
 975500: system.cpu: T0 : 0x22276    : c_jr ra                    : IntAlu : 
 976000: system.cpu: T0 : 0x1ace2    : c_lui a2, 26               : IntAlu :  D=0x000000000001a000
 976500: system.cpu: T0 : 0x1ace4    : addi a2, a2, 1366          : IntAlu :  D=0x000000000001a556
 977000: system.cpu: T0 : 0x1ace8    : c_mv a1, sp                : IntAlu :  D=0x7ffffffffffffbd0
 977500: system.cpu: T0 : 0x1acea    : c_li a0, 1                 : IntAlu :  D=0x0000000000000001
 978000: system.cpu: T0 : 0x1acec    : jal ra, 30022              : IntAlu :  D=0x000000000001acf0
 978500: system.cpu: T0 : 0x22232    : c_slli a0, 32              : IntAlu :  D=0x0000000100000000
 979000: system.cpu: T0 : 0x22234    : c_srli a0, 32              : IntAlu :  D=0x0000000000000001
 980000: system.cpu: T0 : 0x22236    : slli a5, a0, 3             : IntAlu :  D=0x0000000000000008
 980500: system.cpu: T0 : 0x2223a    : c_sub a5, a0               : IntAlu :  D=0x0000000000000007
 981000: system.cpu: T0 : 0x2223c    : lui a4, 111                : IntAlu :  D=0x000000000006f000
 981500: system.cpu: T0 : 0x22240    : addi a4, a4, -1248         : IntAlu :  D=0x000000000006eb20
 982000: system.cpu: T0 : 0x22244    : c_slli a5, 3               : IntAlu :  D=0x0000000000000038
 982500: system.cpu: T0 : 0x22246    : c_add a5, a4               : IntAlu :  D=0x000000000006eb58
 983000: system.cpu: T0 : 0x22248    : c_lw a3, 8(a5)             : MemRead :  D=0x0000000000000002 A=0x6eb60
 983500: system.cpu: T0 : 0x2224a    : c_li a6, 2                 : IntAlu :  D=0x0000000000000002
 984000: system.cpu: T0 : 0x2224c    : c_ld a5, 32(a5)            : MemRead :  D=0x0000000000000000 A=0x6eb78
 985000: system.cpu: T0 : 0x2224e    : bltu a6, a3, 42            : IntAlu : 
 985500: system.cpu: T0 : 0x22252    : c_bnez a3, 38              : IntAlu : 
 986000: system.cpu: T0 : 0x22278    : c_sd a5, 0(a1)             : MemWrite :  D=0x0000000000000000 A=0x7ffffffffffffbd0
 986500: system.cpu: T0 : 0x2227a    : c_j -36                    : IntAlu : 
 987500: system.cpu: T0 : 0x22256    : slli a5, a0, 3             : IntAlu :  D=0x0000000000000008
 988000: system.cpu: T0 : 0x2225a    : c_sub a5, a0               : IntAlu :  D=0x0000000000000007
 988500: system.cpu: T0 : 0x2225c    : c_slli a5, 3               : IntAlu :  D=0x0000000000000038
 989500: system.cpu: T0 : 0x2225e    : add a3, a4, a5             : IntAlu :  D=0x000000000006eb58
 990500: system.cpu: T0 : 0x22262    : lbu a3, 40(a3)             : MemRead :  D=0x0000000000000000 A=0x6eb80
 991000: system.cpu: T0 : 0x22266    : c_beqz a3, 16              : IntAlu : 
 991500: system.cpu: T0 : 0x22276    : c_jr ra                    : IntAlu : 
 992000: system.cpu: T0 : 0x1acf0    : c_lui a2, 26               : IntAlu :  D=0x000000000001a000
 993000: system.cpu: T0 : 0x1acf2    : addi a2, a2, 1322          : IntAlu :  D=0x000000000001a52a
 993500: system.cpu: T0 : 0x1acf6    : c_mv a1, sp                : IntAlu :  D=0x7ffffffffffffbd0
 994000: system.cpu: T0 : 0x1acf8    : c_li a0, 9                 : IntAlu :  D=0x0000000000000009
 995000: system.cpu: T0 : 0x1acfa    : jal ra, 30008              : IntAlu :  D=0x000000000001acfe
 995500: system.cpu: T0 : 0x22232    : c_slli a0, 32              : IntAlu :  D=0x0000000900000000
 996000: system.cpu: T0 : 0x22234    : c_srli a0, 32              : IntAlu :  D=0x0000000000000009
 997000: system.cpu: T0 : 0x22236    : slli a5, a0, 3             : IntAlu :  D=0x0000000000000048
 997500: system.cpu: T0 : 0x2223a    : c_sub a5, a0               : IntAlu :  D=0x000000000000003f
 998000: system.cpu: T0 : 0x2223c    : lui a4, 111                : IntAlu :  D=0x000000000006f000
 998500: system.cpu: T0 : 0x22240    : addi a4, a4, -1248         : IntAlu :  D=0x000000000006eb20
 999000: system.cpu: T0 : 0x22244    : c_slli a5, 3               : IntAlu :  D=0x00000000000001f8
 999500: system.cpu: T0 : 0x22246    : c_add a5, a4               : IntAlu :  D=0x000000000006ed18
1000000: system.cpu: T0 : 0x22248    : c_lw a3, 8(a5)             : MemRead :  D=0x0000000000000000 A=0x6ed20
1000500: system.cpu: T0 : 0x2224a    : c_li a6, 2                 : IntAlu :  D=0x0000000000000002
1001000: system.cpu: T0 : 0x2224c    : c_ld a5, 32(a5)            : MemRead :  D=0x0000000000000000 A=0x6ed38
1002000: system.cpu: T0 : 0x2224e    : bltu a6, a3, 42            : IntAlu : 
1002500: system.cpu: T0 : 0x22252    : c_bnez a3, 38              : IntAlu : 
1003000: system.cpu: T0 : 0x22254    : c_sw a5, 0(a1)             : MemWrite :  D=0x0000000000000000 A=0x7ffffffffffffbd0
1004000: system.cpu: T0 : 0x22256    : slli a5, a0, 3             : IntAlu :  D=0x0000000000000048
1004500: system.cpu: T0 : 0x2225a    : c_sub a5, a0               : IntAlu :  D=0x000000000000003f
1005000: system.cpu: T0 : 0x2225c    : c_slli a5, 3               : IntAlu :  D=0x00000000000001f8
1006000: system.cpu: T0 : 0x2225e    : add a3, a4, a5             : IntAlu :  D=0x000000000006ed18
1007000: system.cpu: T0 : 0x22262    : lbu a3, 40(a3)             : MemRead :  D=0x0000000000000000 A=0x6ed40
1007500: system.cpu: T0 : 0x22266    : c_beqz a3, 16              : IntAlu : 
1008000: system.cpu: T0 : 0x22276    : c_jr ra                    : IntAlu : 
1008500: system.cpu: T0 : 0x1acfe    : c_lui a2, 26               : IntAlu :  D=0x000000000001a000
1009000: system.cpu: T0 : 0x1ad00    : addi a2, a2, 1384          : IntAlu :  D=0x000000000001a568
1009500: system.cpu: T0 : 0x1ad04    : c_mv a1, sp                : IntAlu :  D=0x7ffffffffffffbd0
1010000: system.cpu: T0 : 0x1ad06    : c_li a0, 13                : IntAlu :  D=0x000000000000000d
1010500: system.cpu: T0 : 0x1ad08    : jal ra, 29994              : IntAlu :  D=0x000000000001ad0c
1011000: system.cpu: T0 : 0x22232    : c_slli a0, 32              : IntAlu :  D=0x0000000d00000000
1011500: system.cpu: T0 : 0x22234    : c_srli a0, 32              : IntAlu :  D=0x000000000000000d
1012500: system.cpu: T0 : 0x22236    : slli a5, a0, 3             : IntAlu :  D=0x0000000000000068
1013000: system.cpu: T0 : 0x2223a    : c_sub a5, a0               : IntAlu :  D=0x000000000000005b
1013500: system.cpu: T0 : 0x2223c    : lui a4, 111                : IntAlu :  D=0x000000000006f000
1014000: system.cpu: T0 : 0x22240    : addi a4, a4, -1248         : IntAlu :  D=0x000000000006eb20
1014500: system.cpu: T0 : 0x22244    : c_slli a5, 3               : IntAlu :  D=0x00000000000002d8
1015000: system.cpu: T0 : 0x22246    : c_add a5, a4               : IntAlu :  D=0x000000000006edf8
1015500: system.cpu: T0 : 0x22248    : c_lw a3, 8(a5)             : MemRead :  D=0x0000000000000002 A=0x6ee00
1016000: system.cpu: T0 : 0x2224a    : c_li a6, 2                 : IntAlu :  D=0x0000000000000002
1016500: system.cpu: T0 : 0x2224c    : c_ld a5, 32(a5)            : MemRead :  D=0x0000000000000000 A=0x6ee18
1017500: system.cpu: T0 : 0x2224e    : bltu a6, a3, 42            : IntAlu : 
1018000: system.cpu: T0 : 0x22252    : c_bnez a3, 38              : IntAlu : 
1018500: system.cpu: T0 : 0x22278    : c_sd a5, 0(a1)             : MemWrite :  D=0x0000000000000000 A=0x7ffffffffffffbd0
1019000: system.cpu: T0 : 0x2227a    : c_j -36                    : IntAlu : 
1020000: system.cpu: T0 : 0x22256    : slli a5, a0, 3             : IntAlu :  D=0x0000000000000068
1020500: system.cpu: T0 : 0x2225a    : c_sub a5, a0               : IntAlu :  D=0x000000000000005b
1021000: system.cpu: T0 : 0x2225c    : c_slli a5, 3               : IntAlu :  D=0x00000000000002d8
1022000: system.cpu: T0 : 0x2225e    : add a3, a4, a5             : IntAlu :  D=0x000000000006edf8
1023000: system.cpu: T0 : 0x22262    : lbu a3, 40(a3)             : MemRead :  D=0x0000000000000000 A=0x6ee20
1023500: system.cpu: T0 : 0x22266    : c_beqz a3, 16              : IntAlu : 
1024000: system.cpu: T0 : 0x22276    : c_jr ra                    : IntAlu : 
1024500: system.cpu: T0 : 0x1ad0c    : c_lui a2, 26               : IntAlu :  D=0x000000000001a000
1025500: system.cpu: T0 : 0x1ad0e    : addi a2, a2, 1396          : IntAlu :  D=0x000000000001a574
1026000: system.cpu: T0 : 0x1ad12    : c_mv a1, sp                : IntAlu :  D=0x7ffffffffffffbd0
1026500: system.cpu: T0 : 0x1ad14    : c_li a0, 16                : IntAlu :  D=0x0000000000000010
1027500: system.cpu: T0 : 0x1ad16    : jal ra, 29980              : IntAlu :  D=0x000000000001ad1a
1028000: system.cpu: T0 : 0x22232    : c_slli a0, 32              : IntAlu :  D=0x0000001000000000
1028500: system.cpu: T0 : 0x22234    : c_srli a0, 32              : IntAlu :  D=0x0000000000000010
1029500: system.cpu: T0 : 0x22236    : slli a5, a0, 3             : IntAlu :  D=0x0000000000000080
1030000: system.cpu: T0 : 0x2223a    : c_sub a5, a0               : IntAlu :  D=0x0000000000000070
1030500: system.cpu: T0 : 0x2223c    : lui a4, 111                : IntAlu :  D=0x000000000006f000
1031000: system.cpu: T0 : 0x22240    : addi a4, a4, -1248         : IntAlu :  D=0x000000000006eb20
1031500: system.cpu: T0 : 0x22244    : c_slli a5, 3               : IntAlu :  D=0x0000000000000380
1032000: system.cpu: T0 : 0x22246    : c_add a5, a4               : IntAlu :  D=0x000000000006eea0
1032500: system.cpu: T0 : 0x22248    : c_lw a3, 8(a5)             : MemRead :  D=0x0000000000000002 A=0x6eea8
1033000: system.cpu: T0 : 0x2224a    : c_li a6, 2                 : IntAlu :  D=0x0000000000000002
1033500: system.cpu: T0 : 0x2224c    : c_ld a5, 32(a5)            : MemRead :  D=0x0000000000000000 A=0x6eec0
1034500: system.cpu: T0 : 0x2224e    : bltu a6, a3, 42            : IntAlu : 
1035000: system.cpu: T0 : 0x22252    : c_bnez a3, 38              : IntAlu : 
1035500: system.cpu: T0 : 0x22278    : c_sd a5, 0(a1)             : MemWrite :  D=0x0000000000000000 A=0x7ffffffffffffbd0
1036000: system.cpu: T0 : 0x2227a    : c_j -36                    : IntAlu : 
1037000: system.cpu: T0 : 0x22256    : slli a5, a0, 3             : IntAlu :  D=0x0000000000000080
1037500: system.cpu: T0 : 0x2225a    : c_sub a5, a0               : IntAlu :  D=0x0000000000000070
1038000: system.cpu: T0 : 0x2225c    : c_slli a5, 3               : IntAlu :  D=0x0000000000000380
1039000: system.cpu: T0 : 0x2225e    : add a3, a4, a5             : IntAlu :  D=0x000000000006eea0
1040000: system.cpu: T0 : 0x22262    : lbu a3, 40(a3)             : MemRead :  D=0x0000000000000000 A=0x6eec8
1040500: system.cpu: T0 : 0x22266    : c_beqz a3, 16              : IntAlu : 
1041000: system.cpu: T0 : 0x22276    : c_jr ra                    : IntAlu : 
1041500: system.cpu: T0 : 0x1ad1a    : c_lui a2, 26               : IntAlu :  D=0x000000000001a000
1042000: system.cpu: T0 : 0x1ad1c    : addi a2, a2, 1408          : IntAlu :  D=0x000000000001a580
1042500: system.cpu: T0 : 0x1ad20    : c_mv a1, sp                : IntAlu :  D=0x7ffffffffffffbd0
1043000: system.cpu: T0 : 0x1ad22    : c_li a0, 18                : IntAlu :  D=0x0000000000000012
1043500: system.cpu: T0 : 0x1ad24    : jal ra, 29966              : IntAlu :  D=0x000000000001ad28
1044000: system.cpu: T0 : 0x22232    : c_slli a0, 32              : IntAlu :  D=0x0000001200000000
1044500: system.cpu: T0 : 0x22234    : c_srli a0, 32              : IntAlu :  D=0x0000000000000012
1045500: system.cpu: T0 : 0x22236    : slli a5, a0, 3             : IntAlu :  D=0x0000000000000090
1046000: system.cpu: T0 : 0x2223a    : c_sub a5, a0               : IntAlu :  D=0x000000000000007e
1046500: system.cpu: T0 : 0x2223c    : lui a4, 111                : IntAlu :  D=0x000000000006f000
1047000: system.cpu: T0 : 0x22240    : addi a4, a4, -1248         : IntAlu :  D=0x000000000006eb20
1047500: system.cpu: T0 : 0x22244    : c_slli a5, 3               : IntAlu :  D=0x00000000000003f0
1048000: system.cpu: T0 : 0x22246    : c_add a5, a4               : IntAlu :  D=0x000000000006ef10
1048500: system.cpu: T0 : 0x22248    : c_lw a3, 8(a5)             : MemRead :  D=0x0000000000000002 A=0x6ef18
1049000: system.cpu: T0 : 0x2224a    : c_li a6, 2                 : IntAlu :  D=0x0000000000000002
1049500: system.cpu: T0 : 0x2224c    : c_ld a5, 32(a5)            : MemRead :  D=0x0000000000000000 A=0x6ef30
1050500: system.cpu: T0 : 0x2224e    : bltu a6, a3, 42            : IntAlu : 
1051000: system.cpu: T0 : 0x22252    : c_bnez a3, 38              : IntAlu : 
1051500: system.cpu: T0 : 0x22278    : c_sd a5, 0(a1)             : MemWrite :  D=0x0000000000000000 A=0x7ffffffffffffbd0
1052000: system.cpu: T0 : 0x2227a    : c_j -36                    : IntAlu : 
1053000: system.cpu: T0 : 0x22256    : slli a5, a0, 3             : IntAlu :  D=0x0000000000000090
1053500: system.cpu: T0 : 0x2225a    : c_sub a5, a0               : IntAlu :  D=0x000000000000007e
1054000: system.cpu: T0 : 0x2225c    : c_slli a5, 3               : IntAlu :  D=0x00000000000003f0
1055000: system.cpu: T0 : 0x2225e    : add a3, a4, a5             : IntAlu :  D=0x000000000006ef10
1056000: system.cpu: T0 : 0x22262    : lbu a3, 40(a3)             : MemRead :  D=0x0000000000000000 A=0x6ef38
1056500: system.cpu: T0 : 0x22266    : c_beqz a3, 16              : IntAlu : 
1057000: system.cpu: T0 : 0x22276    : c_jr ra                    : IntAlu : 
1057500: system.cpu: T0 : 0x1ad28    : c_lui a2, 26               : IntAlu :  D=0x000000000001a000
1058500: system.cpu: T0 : 0x1ad2a    : addi a2, a2, 1454          : IntAlu :  D=0x000000000001a5ae
1059000: system.cpu: T0 : 0x1ad2e    : c_mv a1, sp                : IntAlu :  D=0x7ffffffffffffbd0
1059500: system.cpu: T0 : 0x1ad30    : c_li a0, 15                : IntAlu :  D=0x000000000000000f
1060500: system.cpu: T0 : 0x1ad32    : jal ra, 29952              : IntAlu :  D=0x000000000001ad36
1061000: system.cpu: T0 : 0x22232    : c_slli a0, 32              : IntAlu :  D=0x0000000f00000000
1061500: system.cpu: T0 : 0x22234    : c_srli a0, 32              : IntAlu :  D=0x000000000000000f
1062500: system.cpu: T0 : 0x22236    : slli a5, a0, 3             : IntAlu :  D=0x0000000000000078
1063000: system.cpu: T0 : 0x2223a    : c_sub a5, a0               : IntAlu :  D=0x0000000000000069
1063500: system.cpu: T0 : 0x2223c    : lui a4, 111                : IntAlu :  D=0x000000000006f000
1064000: system.cpu: T0 : 0x22240    : addi a4, a4, -1248         : IntAlu :  D=0x000000000006eb20
1064500: system.cpu: T0 : 0x22244    : c_slli a5, 3               : IntAlu :  D=0x0000000000000348
1065000: system.cpu: T0 : 0x22246    : c_add a5, a4               : IntAlu :  D=0x000000000006ee68
1065500: system.cpu: T0 : 0x22248    : c_lw a3, 8(a5)             : MemRead :  D=0x0000000000000002 A=0x6ee70
1066000: system.cpu: T0 : 0x2224a    : c_li a6, 2                 : IntAlu :  D=0x0000000000000002
1066500: system.cpu: T0 : 0x2224c    : c_ld a5, 32(a5)            : MemRead :  D=0x0000000000000000 A=0x6ee88
1067500: system.cpu: T0 : 0x2224e    : bltu a6, a3, 42            : IntAlu : 
1068000: system.cpu: T0 : 0x22252    : c_bnez a3, 38              : IntAlu : 
1068500: system.cpu: T0 : 0x22278    : c_sd a5, 0(a1)             : MemWrite :  D=0x0000000000000000 A=0x7ffffffffffffbd0
1069000: system.cpu: T0 : 0x2227a    : c_j -36                    : IntAlu : 
1070000: system.cpu: T0 : 0x22256    : slli a5, a0, 3             : IntAlu :  D=0x0000000000000078
1070500: system.cpu: T0 : 0x2225a    : c_sub a5, a0               : IntAlu :  D=0x0000000000000069
1071000: system.cpu: T0 : 0x2225c    : c_slli a5, 3               : IntAlu :  D=0x0000000000000348
1072000: system.cpu: T0 : 0x2225e    : add a3, a4, a5             : IntAlu :  D=0x000000000006ee68
1073000: system.cpu: T0 : 0x22262    : lbu a3, 40(a3)             : MemRead :  D=0x0000000000000000 A=0x6ee90
1073500: system.cpu: T0 : 0x22266    : c_beqz a3, 16              : IntAlu : 
1074000: system.cpu: T0 : 0x22276    : c_jr ra                    : IntAlu : 
1074500: system.cpu: T0 : 0x1ad36    : c_lui a2, 26               : IntAlu :  D=0x000000000001a000
1075000: system.cpu: T0 : 0x1ad38    : addi a2, a2, 1474          : IntAlu :  D=0x000000000001a5c2
1075500: system.cpu: T0 : 0x1ad3c    : c_mv a1, sp                : IntAlu :  D=0x7ffffffffffffbd0
1076000: system.cpu: T0 : 0x1ad3e    : c_li a0, 11                : IntAlu :  D=0x000000000000000b
1076500: system.cpu: T0 : 0x1ad40    : jal ra, 29938              : IntAlu :  D=0x000000000001ad44
1077000: system.cpu: T0 : 0x22232    : c_slli a0, 32              : IntAlu :  D=0x0000000b00000000
1077500: system.cpu: T0 : 0x22234    : c_srli a0, 32              : IntAlu :  D=0x000000000000000b
1078500: system.cpu: T0 : 0x22236    : slli a5, a0, 3             : IntAlu :  D=0x0000000000000058
1079000: system.cpu: T0 : 0x2223a    : c_sub a5, a0               : IntAlu :  D=0x000000000000004d
1079500: system.cpu: T0 : 0x2223c    : lui a4, 111                : IntAlu :  D=0x000000000006f000
1080000: system.cpu: T0 : 0x22240    : addi a4, a4, -1248         : IntAlu :  D=0x000000000006eb20
1080500: system.cpu: T0 : 0x22244    : c_slli a5, 3               : IntAlu :  D=0x0000000000000268
1081000: system.cpu: T0 : 0x22246    : c_add a5, a4               : IntAlu :  D=0x000000000006ed88
1081500: system.cpu: T0 : 0x22248    : c_lw a3, 8(a5)             : MemRead :  D=0x0000000000000002 A=0x6ed90
1082000: system.cpu: T0 : 0x2224a    : c_li a6, 2                 : IntAlu :  D=0x0000000000000002
1082500: system.cpu: T0 : 0x2224c    : c_ld a5, 32(a5)            : MemRead :  D=0x0000000000000000 A=0x6eda8
1083500: system.cpu: T0 : 0x2224e    : bltu a6, a3, 42            : IntAlu : 
1084000: system.cpu: T0 : 0x22252    : c_bnez a3, 38              : IntAlu : 
1084500: system.cpu: T0 : 0x22278    : c_sd a5, 0(a1)             : MemWrite :  D=0x0000000000000000 A=0x7ffffffffffffbd0
1085000: system.cpu: T0 : 0x2227a    : c_j -36                    : IntAlu : 
1086000: system.cpu: T0 : 0x22256    : slli a5, a0, 3             : IntAlu :  D=0x0000000000000058
1086500: system.cpu: T0 : 0x2225a    : c_sub a5, a0               : IntAlu :  D=0x000000000000004d
1087000: system.cpu: T0 : 0x2225c    : c_slli a5, 3               : IntAlu :  D=0x0000000000000268
1088000: system.cpu: T0 : 0x2225e    : add a3, a4, a5             : IntAlu :  D=0x000000000006ed88
1089000: system.cpu: T0 : 0x22262    : lbu a3, 40(a3)             : MemRead :  D=0x0000000000000000 A=0x6edb0
1089500: system.cpu: T0 : 0x22266    : c_beqz a3, 16              : IntAlu : 
1090000: system.cpu: T0 : 0x22276    : c_jr ra                    : IntAlu : 
1090500: system.cpu: T0 : 0x1ad44    : c_lui a2, 26               : IntAlu :  D=0x000000000001a000
1091500: system.cpu: T0 : 0x1ad46    : addi a2, a2, 1486          : IntAlu :  D=0x000000000001a5ce
1092000: system.cpu: T0 : 0x1ad4a    : c_mv a1, sp                : IntAlu :  D=0x7ffffffffffffbd0
1092500: system.cpu: T0 : 0x1ad4c    : c_li a0, 5                 : IntAlu :  D=0x0000000000000005
1093500: system.cpu: T0 : 0x1ad4e    : jal ra, 29924              : IntAlu :  D=0x000000000001ad52
1094000: system.cpu: T0 : 0x22232    : c_slli a0, 32              : IntAlu :  D=0x0000000500000000
1094500: system.cpu: T0 : 0x22234    : c_srli a0, 32              : IntAlu :  D=0x0000000000000005
1095500: system.cpu: T0 : 0x22236    : slli a5, a0, 3             : IntAlu :  D=0x0000000000000028
1096000: system.cpu: T0 : 0x2223a    : c_sub a5, a0               : IntAlu :  D=0x0000000000000023
1096500: system.cpu: T0 : 0x2223c    : lui a4, 111                : IntAlu :  D=0x000000000006f000
1097000: system.cpu: T0 : 0x22240    : addi a4, a4, -1248         : IntAlu :  D=0x000000000006eb20
1097500: system.cpu: T0 : 0x22244    : c_slli a5, 3               : IntAlu :  D=0x0000000000000118
1098000: system.cpu: T0 : 0x22246    : c_add a5, a4               : IntAlu :  D=0x000000000006ec38
1098500: system.cpu: T0 : 0x22248    : c_lw a3, 8(a5)             : MemRead :  D=0x0000000000000002 A=0x6ec40
1099000: system.cpu: T0 : 0x2224a    : c_li a6, 2                 : IntAlu :  D=0x0000000000000002
1099500: system.cpu: T0 : 0x2224c    : c_ld a5, 32(a5)            : MemRead :  D=0x0000000000000000 A=0x6ec58
1100500: system.cpu: T0 : 0x2224e    : bltu a6, a3, 42            : IntAlu : 
1101000: system.cpu: T0 : 0x22252    : c_bnez a3, 38              : IntAlu : 
1101500: system.cpu: T0 : 0x22278    : c_sd a5, 0(a1)             : MemWrite :  D=0x0000000000000000 A=0x7ffffffffffffbd0
1102000: system.cpu: T0 : 0x2227a    : c_j -36                    : IntAlu : 
1103000: system.cpu: T0 : 0x22256    : slli a5, a0, 3             : IntAlu :  D=0x0000000000000028
1103500: system.cpu: T0 : 0x2225a    : c_sub a5, a0               : IntAlu :  D=0x0000000000000023
1104000: system.cpu: T0 : 0x2225c    : c_slli a5, 3               : IntAlu :  D=0x0000000000000118
1105000: system.cpu: T0 : 0x2225e    : add a3, a4, a5             : IntAlu :  D=0x000000000006ec38
1106000: system.cpu: T0 : 0x22262    : lbu a3, 40(a3)             : MemRead :  D=0x0000000000000000 A=0x6ec60
1106500: system.cpu: T0 : 0x22266    : c_beqz a3, 16              : IntAlu : 
1107000: system.cpu: T0 : 0x22276    : c_jr ra                    : IntAlu : 
1107500: system.cpu: T0 : 0x1ad52    : c_ldsp a4, 8(sp)           : MemRead :  D=0x6f442f2e2e000000 A=0x7ffffffffffffbd8
1108000: system.cpu: T0 : 0x1ad54    : ld a5, -1264(s1)           : MemRead :  D=0x6f442f2e2e000000 A=0x6eb10
1108500: system.cpu: T0 : 0x1ad58    : c_li a3, 1                 : IntAlu :  D=0x0000000000000001
1109500: system.cpu: T0 : 0x1ad5a    : sw a3, -1876(gp)           : MemWrite :  D=0x0000000000000001 A=0x708e4
1110500: system.cpu: T0 : 0x1ad5e    : bne a4, a5, 14             : IntAlu : 
1111000: system.cpu: T0 : 0x1ad62    : c_ldsp ra, 40(sp)          : MemRead :  D=0x000000000001db30 A=0x7ffffffffffffbf8
1111500: system.cpu: T0 : 0x1ad64    : c_ldsp s0, 32(sp)          : MemRead :  D=0x7ffffffffffffcf0 A=0x7ffffffffffffbf0
1112000: system.cpu: T0 : 0x1ad66    : c_ldsp s1, 24(sp)          : MemRead :  D=0x7ffffffffffffc20 A=0x7ffffffffffffbe8
1112500: system.cpu: T0 : 0x1ad68    : c_addi16sp sp, 48          : IntAlu :  D=0x7ffffffffffffc00
1113000: system.cpu: T0 : 0x1ad6a    : c_jr ra                    : IntAlu : 
1113500: system.cpu: T0 : 0x1db30    : c_ldsp a0, 8(sp)           : MemRead :  D=0x0000000000000024 A=0x7ffffffffffffc08
1114000: system.cpu: T0 : 0x1db32    : c_ldsp ra, 24(sp)          : MemRead :  D=0x000000000003d9ee A=0x7ffffffffffffc18
1114500: system.cpu: T0 : 0x1db34    : c_addi16sp sp, 32          : IntAlu :  D=0x7ffffffffffffc20
1115000: system.cpu: T0 : 0x1db36    : c_j -540                   : IntAlu : 
1116000: system.cpu: T0 : 0x1d91a    : ld t1, -1848(gp)           : MemRead :  D=0x0000000000000000 A=0x70900
1117000: system.cpu: T0 : 0x1d91e    : bne t1, zero, 260          : IntAlu : 
1117500: system.cpu: T0 : 0x1d922    : c_addi sp, -32             : IntAlu :  D=0x7ffffffffffffc00
1118000: system.cpu: T0 : 0x1d924    : c_sdsp s0, 16(sp)          : MemWrite :  D=0x7ffffffffffffcf0 A=0x7ffffffffffffc10
1118500: system.cpu: T0 : 0x1d926    : c_sdsp ra, 24(sp)          : MemWrite :  D=0x000000000003d9ee A=0x7ffffffffffffc18
1119000: system.cpu: T0 : 0x1d928    : c_sdsp s1, 8(sp)           : MemWrite :  D=0x7ffffffffffffc20 A=0x7ffffffffffffc08
1119500: system.cpu: T0 : 0x1d92a    : c_sdsp s2, 0(sp)           : MemWrite :  D=0x0000000000000002 A=0x7ffffffffffffc00
1120000: system.cpu: T0 : 0x1d92c    : c_mv s0, a0                : IntAlu :  D=0x0000000000000024
1121000: system.cpu: T0 : 0x1d92e    : blt a0, zero, 222          : IntAlu : 
1122000: system.cpu: T0 : 0x1d932    : addi a5, a0, 23            : IntAlu :  D=0x000000000000003b
1122500: system.cpu: T0 : 0x1d936    : c_li a4, 31                : IntAlu :  D=0x000000000000001f
1123000: system.cpu: T0 : 0x1d938    : c_li s1, 0                 : IntAlu :  D=0x0000000000000000
1124000: system.cpu: T0 : 0x1d93a    : bltu a4, a5, 94            : IntAlu : 
1124500: system.cpu: T0 : 0x1d998    : c_andi a5, 18446744073709551600 : IntAlu :  D=0x0000000000000030
1125000: system.cpu: T0 : 0x1d99a    : c_addi a5, -17             : IntAlu :  D=0x000000000000001f
1125500: system.cpu: T0 : 0x1d99c    : srli s1, a5, 4             : IntAlu :  D=0x0000000000000001
1126000: system.cpu: T0 : 0x1d9a0    : c_j -98                    : IntAlu : 
1127000: system.cpu: T0 : 0x1d93e    : ld a4, 40(tp)              : MemRead :  D=0x0000000000000000 A=0x72738
1127500: system.cpu: T0 : 0x1d942    : c_beqz a4, 96              : IntAlu : 
1128500: system.cpu: T0 : 0x1d9a2    : lbu a5, 48(tp)             : MemRead :  D=0x0000000000000000 A=0x72740
1129000: system.cpu: T0 : 0x1d9a6    : c_bnez a5, -86             : IntAlu : 
1129500: system.cpu: T0 : 0x1d9a8    : jal ra, -2478              : IntAlu :  D=0x000000000001d9ac
1130000: system.cpu: T0 : 0x1cffa    : c_addi sp, -32             : IntAlu :  D=0x7ffffffffffffbe0
1130500: system.cpu: T0 : 0x1cffc    : c_sdsp s0, 16(sp)          : MemWrite :  D=0x0000000000000024 A=0x7ffffffffffffbf0
1131500: system.cpu: T0 : 0x1cffe    : ld s0, 56(tp)              : MemRead :  D=0x000000000006f5c8 A=0x72748
1132000: system.cpu: T0 : 0x1d002    : c_sdsp ra, 24(sp)          : MemWrite :  D=0x000000000001d9ac A=0x7ffffffffffffbf8
1132500: system.cpu: T0 : 0x1d004    : c_sdsp s1, 8(sp)           : MemWrite :  D=0x0000000000000001 A=0x7ffffffffffffbe8
1133000: system.cpu: T0 : 0x1d006    : c_beqz s0, 78              : IntAlu : 
1133500: system.cpu: T0 : 0x1d008    : c_mv s1, s0                : IntAlu :  D=0x000000000006f5c8
1134000: system.cpu: T0 : 0x1d00a    : c_li a4, 1                 : IntAlu :  D=0x0000000000000001
1134500: system.cpu: T0 : 0x1d00c    : lr_w a5, (s0)             
1134500: system.cpu: T0 : 0x1d00c. 0 : lr_w a5, (s0)              : MemRead :  D=0x0000000000000000 A=0x6f5c8
1135000: system.cpu: T0 : 0x1d010    : c_bnez a5, 8               : IntAlu : 
1136000: system.cpu: T0 : 0x1d012    : sc_w_aq a3, a4, (s0)      
1136000: system.cpu: T0 : 0x1d012. 0 : sc_w a3, a4, (s0)          : MemWrite :  D=0x0000000000000000 A=0x6f5c8
1136500: system.cpu: T0 : 0x1d012. 1 : 0x1ce426af fence           : No_OpClass : 
1137000: system.cpu: T0 : 0x1d016    : c_bnez a3, -10             : IntAlu : 
1137500: system.cpu: T0 : 0x1d018    : c_addiw a5, 0              : IntAlu :  D=0x0000000000000000
1138000: system.cpu: T0 : 0x1d01a    : c_bnez a5, 162             : IntAlu : 
1138500: system.cpu: T0 : 0x1d01c    : addi a1, zero, 640         : IntAlu :  D=0x0000000000000280
1139000: system.cpu: T0 : 0x1d020    : c_mv a0, s0                : IntAlu :  D=0x000000000006f5c8
1140000: system.cpu: T0 : 0x1d022    : jal ra, -2862              : IntAlu :  D=0x000000000001d026
1140500: system.cpu: T0 : 0x1c4f4    : c_addi16sp sp, -256        : IntAlu :  D=0x7ffffffffffffae0
1141000: system.cpu: T0 : 0x1c4f6    : c_sdsp ra, 248(sp)         : MemWrite :  D=0x000000000001d026 A=0x7ffffffffffffbd8
1141500: system.cpu: T0 : 0x1c4f8    : c_sdsp s0, 240(sp)         : MemWrite :  D=0x000000000006f5c8 A=0x7ffffffffffffbd0
1142000: system.cpu: T0 : 0x1c4fa    : c_sdsp s1, 232(sp)         : MemWrite :  D=0x000000000006f5c8 A=0x7ffffffffffffbc8
1142500: system.cpu: T0 : 0x1c4fc    : c_sdsp s2, 224(sp)         : MemWrite :  D=0x0000000000000002 A=0x7ffffffffffffbc0
1143000: system.cpu: T0 : 0x1c4fe    : c_sdsp s3, 216(sp)         : MemWrite :  D=0x0000000000000000 A=0x7ffffffffffffbb8
1143500: system.cpu: T0 : 0x1c500    : c_sdsp s4, 208(sp)         : MemWrite :  D=0x0000000000000000 A=0x7ffffffffffffbb0
1144000: system.cpu: T0 : 0x1c502    : c_sdsp s5, 200(sp)         : MemWrite :  D=0x0000000000000000 A=0x7ffffffffffffba8
1144500: system.cpu: T0 : 0x1c504    : c_sdsp s6, 192(sp)         : MemWrite :  D=0x0000000000072000 A=0x7ffffffffffffba0
1145000: system.cpu: T0 : 0x1c506    : c_sdsp s7, 184(sp)         : MemWrite :  D=0x0000000000000000 A=0x7ffffffffffffb98
1145500: system.cpu: T0 : 0x1c508    : c_sdsp s8, 176(sp)         : MemWrite :  D=0x0000000000000000 A=0x7ffffffffffffb90
1146000: system.cpu: T0 : 0x1c50a    : c_sdsp s9, 168(sp)         : MemWrite :  D=0x0000000000000003 A=0x7ffffffffffffb88
1146500: system.cpu: T0 : 0x1c50c    : c_sdsp s10, 160(sp)        : MemWrite :  D=0x0000000000000000 A=0x7ffffffffffffb80
1147000: system.cpu: T0 : 0x1c50e    : c_sdsp s11, 152(sp)        : MemWrite :  D=0x0000000000000000 A=0x7ffffffffffffb78
1147500: system.cpu: T0 : 0x1c510    : blt a1, zero, 1198         : IntAlu : 
1148000: system.cpu: T0 : 0x1c514    : addi s0, a1, 23            : IntAlu :  D=0x0000000000000297
1148500: system.cpu: T0 : 0x1c518    : c_li a5, 31                : IntAlu :  D=0x000000000000001f
1149000: system.cpu: T0 : 0x1c51a    : c_mv s3, a1                : IntAlu :  D=0x0000000000000280
1149500: system.cpu: T0 : 0x1c51c    : c_mv s1, a0                : IntAlu :  D=0x000000000006f5c8
1150500: system.cpu: T0 : 0x1c51e    : bltu a5, s0, 220           : IntAlu : 
1151000: system.cpu: T0 : 0x1c5fa    : c_andi s0, 18446744073709551600 : IntAlu :  D=0x0000000000000290
1151500: system.cpu: T0 : 0x1c5fc    : beq a0, zero, 988          : IntAlu : 
1152000: system.cpu: T0 : 0x1c600    : ld a4, -1376(gp)           : MemRead :  D=0x0000000000000080 A=0x70ad8
1152500: system.cpu: T0 : 0x1c604    : srliw s9, s0, 4            : IntAlu :  D=0x0000000000000029
1153000: system.cpu: T0 : 0x1c608    : srliw a5, s0, 4            : IntAlu :  D=0x0000000000000029
1153500: system.cpu: T0 : 0x1c60c    : bgeu a4, s0, 506           : IntAlu : 
1154000: system.cpu: T0 : 0x1c610    : addi a4, zero, 1023        : IntAlu :  D=0x00000000000003ff
1154500: system.cpu: T0 : 0x1c614    : bgeu a4, s0, 1722          : IntAlu : 
1155000: system.cpu: T0 : 0x1ccce    : c_addiw a5, -1             : IntAlu :  D=0x0000000000000028
1155500: system.cpu: T0 : 0x1ccd0    : c_j -1406                  : IntAlu : 
1156500: system.cpu: T0 : 0x1c752    : slliw a5, a5, 1            : IntAlu :  D=0x0000000000000050
1157000: system.cpu: T0 : 0x1c756    : c_slli a5, 32              : IntAlu :  D=0x0000005000000000
1157500: system.cpu: T0 : 0x1c758    : c_srli a5, 32              : IntAlu :  D=0x0000000000000050
1158000: system.cpu: T0 : 0x1c75a    : c_addi a5, 14              : IntAlu :  D=0x000000000000005e
1158500: system.cpu: T0 : 0x1c75c    : c_slli a5, 3               : IntAlu :  D=0x00000000000002f0
1159000: system.cpu: T0 : 0x1c75e    : c_j -550                   : IntAlu : 
1159500: system.cpu: T0 : 0x1c538    : c_add a5, s1               : IntAlu :  D=0x000000000006f8b8
1160500: system.cpu: T0 : 0x1c53a    : ld s2, 8(a5)               : MemRead :  D=0x000000000006f8a8 A=0x6f8c0
1161500: system.cpu: T0 : 0x1c53e    : addi a3, a5, -16           : IntAlu :  D=0x000000000006f8a8
1162500: system.cpu: T0 : 0x1c542    : beq a3, s2, 748            : IntAlu : 
1163500: system.cpu: T0 : 0x1c82e    : srli t1, s0, 9             : IntAlu :  D=0x0000000000000001
1164500: system.cpu: T0 : 0x1c832    : addiw a5, t1, 91           : IntAlu :  D=0x000000000000005c
1165500: system.cpu: T0 : 0x1c836    : srli s10, s0, 6            : IntAlu :  D=0x000000000000000a
1166000: system.cpu: T0 : 0x1c83a    : c_sdsp a5, 96(sp)          : MemWrite :  D=0x000000000000005c A=0x7ffffffffffffb40
1166500: system.cpu: T0 : 0x1c83c    : addiw a5, s10, 48          : IntAlu :  D=0x000000000000003a
1167000: system.cpu: T0 : 0x1c840    : c_sdsp a5, 88(sp)          : MemWrite :  D=0x000000000000003a A=0x7ffffffffffffb38
1168000: system.cpu: T0 : 0x1c842    : addi a5, zero, 110         : IntAlu :  D=0x000000000000006e
1168500: system.cpu: T0 : 0x1c846    : c_sdsp a5, 112(sp)         : MemWrite :  D=0x000000000000006e A=0x7ffffffffffffb50
1169000: system.cpu: T0 : 0x1c848    : addi a5, zero, 119         : IntAlu :  D=0x0000000000000077
1169500: system.cpu: T0 : 0x1c84c    : c_sdsp a5, 104(sp)         : MemWrite :  D=0x0000000000000077 A=0x7ffffffffffffb48
1170500: system.cpu: T0 : 0x1c84e    : addi a5, zero, 124         : IntAlu :  D=0x000000000000007c
1171000: system.cpu: T0 : 0x1c852    : c_sdsp s9, 8(sp)           : MemWrite :  D=0x0000000000000029 A=0x7ffffffffffffae8
1171500: system.cpu: T0 : 0x1c854    : c_sdsp a5, 120(sp)         : MemWrite :  D=0x000000000000007c A=0x7ffffffffffffb58
1172000: system.cpu: T0 : 0x1c856    : c_sdsp zero, 128(sp)       : MemWrite :  D=0x0000000000000000 A=0x7ffffffffffffb60
1172500: system.cpu: T0 : 0x1c858    : c_sdsp zero, 136(sp)       : MemWrite :  D=0x0000000000000000 A=0x7ffffffffffffb68
1173500: system.cpu: T0 : 0x1c85a    : ld a5, 40(tp)              : MemRead :  D=0x0000000000000000 A=0x72738
1174500: system.cpu: T0 : 0x1c85e    : addi s6, s0, -17           : IntAlu :  D=0x000000000000027f
1175500: system.cpu: T0 : 0x1c862    : srli s6, s6, 4             : IntAlu :  D=0x0000000000000027
1176000: system.cpu: T0 : 0x1c866    : c_li s5, 0                 : IntAlu :  D=0x0000000000000000
1176500: system.cpu: T0 : 0x1c868    : c_beqz a5, 22              : IntAlu : 
1177500: system.cpu: T0 : 0x1c87e    : lui a5, 111                : IntAlu :  D=0x000000000006f000
1178000: system.cpu: T0 : 0x1c882    : c_lui s11, 1               : IntAlu :  D=0x0000000000001000
1178500: system.cpu: T0 : 0x1c884    : lui s7, 111                : IntAlu :  D=0x000000000006f000
1179000: system.cpu: T0 : 0x1c888    : addi a5, a5, 1480          : IntAlu :  D=0x000000000006f5c8
1179500: system.cpu: T0 : 0x1c88c    : addi s8, s1, 96            : IntAlu :  D=0x000000000006f628
1180000: system.cpu: T0 : 0x1c890    : c_li t5, 0                 : IntAlu :  D=0x0000000000000000
1181000: system.cpu: T0 : 0x1c892    : addi s7, s7, 1368          : IntAlu :  D=0x000000000006f558
1182000: system.cpu: T0 : 0x1c896    : add a7, s1, s11            : IntAlu :  D=0x00000000000705c8
1182500: system.cpu: T0 : 0x1c89a    : c_sdsp a5, 56(sp)          : MemWrite :  D=0x000000000006f5c8 A=0x7ffffffffffffb18
1183000: system.cpu: T0 : 0x1c89c    : c_ld a5, 120(s1)           : MemRead :  D=0x000000000006f628 A=0x6f640
1184000: system.cpu: T0 : 0x1c89e    : beq a5, s8, 532            : IntAlu : 
1185000: system.cpu: T0 : 0x1cab2    : addi a5, zero, 1023        : IntAlu :  D=0x00000000000003ff
1186000: system.cpu: T0 : 0x1cab6    : bgeu a5, s0, 38            : IntAlu : 
1186500: system.cpu: T0 : 0x1cadc    : c_ldsp a3, 8(sp)           : MemRead :  D=0x0000000000000029 A=0x7ffffffffffffae8
1187000: system.cpu: T0 : 0x1cade    : c_li a0, 4                 : IntAlu :  D=0x0000000000000004
1187500: system.cpu: T0 : 0x1cae0    : addiw a5, a3, 1            : IntAlu :  D=0x000000000000002a
1188000: system.cpu: T0 : 0x1cae4    : srliw a4, a5, 5            : IntAlu :  D=0x0000000000000001
1188500: system.cpu: T0 : 0x1cae8    : slliw a3, a3, 1            : IntAlu :  D=0x0000000000000052
1189000: system.cpu: T0 : 0x1caec    : addi a4, a4, 536           : IntAlu :  D=0x0000000000000219
1189500: system.cpu: T0 : 0x1caf0    : c_slli a3, 32              : IntAlu :  D=0x0000005200000000
1190000: system.cpu: T0 : 0x1caf2    : c_slli a4, 2               : IntAlu :  D=0x0000000000000864
1190500: system.cpu: T0 : 0x1caf4    : c_srli a3, 32              : IntAlu :  D=0x0000000000000052
1191000: system.cpu: T0 : 0x1caf6    : c_add a4, s1               : IntAlu :  D=0x000000000006fe2c
1191500: system.cpu: T0 : 0x1caf8    : c_slli a3, 3               : IntAlu :  D=0x0000000000000290
1192000: system.cpu: T0 : 0x1cafa    : c_lw a2, 0(a4)             : MemRead :  D=0x0000000000000000 A=0x6fe2c
1192500: system.cpu: T0 : 0x1cafc    : addi a3, a3, 96            : IntAlu :  D=0x00000000000002f0
1193000: system.cpu: T0 : 0x1cb00    : c_li a4, 1                 : IntAlu :  D=0x0000000000000001
1194000: system.cpu: T0 : 0x1cb02    : srliw s2, a5, 5            : IntAlu :  D=0x0000000000000001
1194500: system.cpu: T0 : 0x1cb06    : c_add a3, s1               : IntAlu :  D=0x000000000006f8b8
1195000: system.cpu: T0 : 0x1cb08    : sllw a5, a4, a5            : IntAlu :  D=0x0000000000000400
1195500: system.cpu: T0 : 0x1cb0c    : bltu a2, a5, 144           : IntAlu : 
1196000: system.cpu: T0 : 0x1cb9c    : addiw a5, s2, 1            : IntAlu :  D=0x0000000000000002
1196500: system.cpu: T0 : 0x1cba0    : addiw s2, a5, 0            : IntAlu :  D=0x0000000000000002
1197000: system.cpu: T0 : 0x1cba4    : bne s2, a0, -26            : IntAlu : 
1197500: system.cpu: T0 : 0x1cb8a    : c_slli a5, 32              : IntAlu :  D=0x0000000200000000
1198000: system.cpu: T0 : 0x1cb8c    : c_srli a5, 32              : IntAlu :  D=0x0000000000000002
1199000: system.cpu: T0 : 0x1cb8e    : addi a5, a5, 536           : IntAlu :  D=0x000000000000021a
1199500: system.cpu: T0 : 0x1cb92    : c_slli a5, 2               : IntAlu :  D=0x0000000000000868
1200000: system.cpu: T0 : 0x1cb94    : c_add a5, s1               : IntAlu :  D=0x000000000006fe30
1200500: system.cpu: T0 : 0x1cb96    : c_lw a2, 0(a5)             : MemRead :  D=0x0000000000000000 A=0x6fe30
1201000: system.cpu: T0 : 0x1cb98    : bne a2, zero, 384          : IntAlu : 
1201500: system.cpu: T0 : 0x1cb9c    : addiw a5, s2, 1            : IntAlu :  D=0x0000000000000003
1202000: system.cpu: T0 : 0x1cba0    : addiw s2, a5, 0            : IntAlu :  D=0x0000000000000003
1202500: system.cpu: T0 : 0x1cba4    : bne s2, a0, -26            : IntAlu : 
1203000: system.cpu: T0 : 0x1cb8a    : c_slli a5, 32              : IntAlu :  D=0x0000000300000000
1203500: system.cpu: T0 : 0x1cb8c    : c_srli a5, 32              : IntAlu :  D=0x0000000000000003
1204500: system.cpu: T0 : 0x1cb8e    : addi a5, a5, 536           : IntAlu :  D=0x000000000000021b
1205000: system.cpu: T0 : 0x1cb92    : c_slli a5, 2               : IntAlu :  D=0x000000000000086c
1205500: system.cpu: T0 : 0x1cb94    : c_add a5, s1               : IntAlu :  D=0x000000000006fe34
1206000: system.cpu: T0 : 0x1cb96    : c_lw a2, 0(a5)             : MemRead :  D=0x0000000000000000 A=0x6fe34
1206500: system.cpu: T0 : 0x1cb98    : bne a2, zero, 384          : IntAlu : 
1207000: system.cpu: T0 : 0x1cb9c    : addiw a5, s2, 1            : IntAlu :  D=0x0000000000000004
1207500: system.cpu: T0 : 0x1cba0    : addiw s2, a5, 0            : IntAlu :  D=0x0000000000000004
1208000: system.cpu: T0 : 0x1cba4    : bne s2, a0, -26            : IntAlu : 
1208500: system.cpu: T0 : 0x1cba8    : c_ld a4, 96(s1)            : MemRead :  D=0x000000000006f628 A=0x6f628
1209500: system.cpu: T0 : 0x1cbaa    : ld a3, -1912(a7)           : MemRead :  D=0x0000000000000000 A=0x6fe50
1210000: system.cpu: T0 : 0x1cbae    : c_ld a5, 8(a4)             : MemRead :  D=0x0000000000000000 A=0x6f630
1210500: system.cpu: T0 : 0x1cbb0    : c_andi a5, 18446744073709551608 : IntAlu :  D=0x0000000000000000
1211500: system.cpu: T0 : 0x1cbb2    : bltu a3, a5, 548           : IntAlu : 
1212500: system.cpu: T0 : 0x1cbb6    : addi a3, s0, 32            : IntAlu :  D=0x00000000000002b0
1213500: system.cpu: T0 : 0x1cbba    : bgeu a5, a3, 640           : IntAlu : 
1214000: system.cpu: T0 : 0x1cbbe    : c_sdsp a7, 32(sp)          : MemWrite :  D=0x00000000000705c8 A=0x7ffffffffffffb00
1214500: system.cpu: T0 : 0x1cbc0    : c_sdsp t1, 24(sp)          : MemWrite :  D=0x0000000000000001 A=0x7ffffffffffffaf8
1215000: system.cpu: T0 : 0x1cbc2    : c_sdsp t5, 16(sp)          : MemWrite :  D=0x0000000000000000 A=0x7ffffffffffffaf0
1215500: system.cpu: T0 : 0x1cbc4    : c_lw a5, 8(s1)             : MemRead :  D=0x0000000000000000 A=0x6f5d0
1216000: system.cpu: T0 : 0x1cbc6    : c_addiw a5, 0              : IntAlu :  D=0x0000000000000000
1216500: system.cpu: T0 : 0x1cbc8    : c_beqz a5, 180             : IntAlu : 
1217000: system.cpu: T0 : 0x1cc7c    : c_mv a1, s1                : IntAlu :  D=0x000000000006f5c8
1217500: system.cpu: T0 : 0x1cc7e    : c_mv a0, s0                : IntAlu :  D=0x0000000000000290
1218000: system.cpu: T0 : 0x1cc80    : jal ra, -3372              : IntAlu :  D=0x000000000001cc84
1218500: system.cpu: T0 : 0x1bf54    : c_addi16sp sp, -160        : IntAlu :  D=0x7ffffffffffffa40
1219000: system.cpu: T0 : 0x1bf56    : c_sdsp s1, 136(sp)         : MemWrite :  D=0x000000000006f5c8 A=0x7ffffffffffffac8
1219500: system.cpu: T0 : 0x1bf58    : c_sdsp s2, 128(sp)         : MemWrite :  D=0x0000000000000004 A=0x7ffffffffffffac0
1220000: system.cpu: T0 : 0x1bf5a    : c_sdsp s10, 64(sp)         : MemWrite :  D=0x000000000000000a A=0x7ffffffffffffa80
1220500: system.cpu: T0 : 0x1bf5c    : c_sdsp ra, 152(sp)         : MemWrite :  D=0x000000000001cc84 A=0x7ffffffffffffad8
1221000: system.cpu: T0 : 0x1bf5e    : c_sdsp s0, 144(sp)         : MemWrite :  D=0x0000000000000290 A=0x7ffffffffffffad0
1221500: system.cpu: T0 : 0x1bf60    : c_sdsp s3, 120(sp)         : MemWrite :  D=0x0000000000000280 A=0x7ffffffffffffab8
1222000: system.cpu: T0 : 0x1bf62    : c_sdsp s4, 112(sp)         : MemWrite :  D=0x0000000000000000 A=0x7ffffffffffffab0
1222500: system.cpu: T0 : 0x1bf64    : c_sdsp s5, 104(sp)         : MemWrite :  D=0x0000000000000000 A=0x7ffffffffffffaa8
1223000: system.cpu: T0 : 0x1bf66    : c_sdsp s6, 96(sp)          : MemWrite :  D=0x0000000000000027 A=0x7ffffffffffffaa0
1223500: system.cpu: T0 : 0x1bf68    : c_sdsp s7, 88(sp)          : MemWrite :  D=0x000000000006f558 A=0x7ffffffffffffa98
1224000: system.cpu: T0 : 0x1bf6a    : c_sdsp s8, 80(sp)          : MemWrite :  D=0x000000000006f628 A=0x7ffffffffffffa90
1224500: system.cpu: T0 : 0x1bf6c    : c_sdsp s9, 72(sp)          : MemWrite :  D=0x0000000000000029 A=0x7ffffffffffffa88
1225000: system.cpu: T0 : 0x1bf6e    : c_sdsp s11, 56(sp)         : MemWrite :  D=0x0000000000001000 A=0x7ffffffffffffa78
1225500: system.cpu: T0 : 0x1bf70    : ld s2, -1784(gp)           : MemRead :  D=0x0000000000001000 A=0x70940
1226000: system.cpu: T0 : 0x1bf74    : c_mv s1, a0                : IntAlu :  D=0x0000000000000290
1227000: system.cpu: T0 : 0x1bf76    : beq a1, zero, 534          : IntAlu : 
1228000: system.cpu: T0 : 0x1bf7a    : lui s11, 111               : IntAlu :  D=0x000000000006f000
1229000: system.cpu: T0 : 0x1bf7e    : addi s11, s11, 1368        : IntAlu :  D=0x000000000006f558
1230000: system.cpu: T0 : 0x1bf82    : ld a5, 16(s11)             : MemRead :  D=0x0000000000020000 A=0x6f568
1230500: system.cpu: T0 : 0x1bf86    : c_mv s0, a1                : IntAlu :  D=0x000000000006f5c8
1231000: system.cpu: T0 : 0x1bf88    : bgeu a0, a5, 276           : IntAlu : 
1231500: system.cpu: T0 : 0x1bf8c    : c_sdsp zero, 8(sp)         : MemWrite :  D=0x0000000000000000 A=0x7ffffffffffffa48
1232500: system.cpu: T0 : 0x1bf8e    : addi s5, s2, 7             : IntAlu :  D=0x0000000000001007
1233500: system.cpu: T0 : 0x1bf92    : add a5, s5, s1             : IntAlu :  D=0x0000000000001297
1234500: system.cpu: T0 : 0x1bf96    : lui s6, 111                : IntAlu :  D=0x000000000006f000
1235500: system.cpu: T0 : 0x1bf9a    : sub s5, zero, s2           : IntAlu :  D=0xfffffffffffff000
1236500: system.cpu: T0 : 0x1bf9e    : addi a7, s0, 96            : IntAlu :  D=0x000000000006f628
1237500: system.cpu: T0 : 0x1bfa2    : addi t1, s2, -1            : IntAlu :  D=0x0000000000000fff
1238500: system.cpu: T0 : 0x1bfa6    : addi s8, s1, 32            : IntAlu :  D=0x00000000000002b0
1239500: system.cpu: T0 : 0x1bfaa    : addi s7, s6, 1480          : IntAlu :  D=0x000000000006f5c8
1240500: system.cpu: T0 : 0x1bfae    : and s5, a5, s5             : IntAlu :  D=0x0000000000001000
1241500: system.cpu: T0 : 0x1bfb2    : ld s4, 96(s0)              : MemRead :  D=0x000000000006f628 A=0x6f628
1242500: system.cpu: T0 : 0x1bfb6    : ld a5, 8(s4)               : MemRead :  D=0x0000000000000000 A=0x6f630
1243500: system.cpu: T0 : 0x1bfba    : andi s3, a5, 18446744073709551608 : IntAlu :  D=0x0000000000000000
1244500: system.cpu: T0 : 0x1bfbe    : add s9, s4, s3             : IntAlu :  D=0x000000000006f628
1245500: system.cpu: T0 : 0x1bfc2    : beq s4, a7, 506            : IntAlu : 
1246000: system.cpu: T0 : 0x1c1bc    : beq s3, zero, -482         : IntAlu : 
1247000: system.cpu: T0 : 0x1bfda    : bgeu s3, s8, 1112          : IntAlu : 
1248000: system.cpu: T0 : 0x1bfde    : beq s0, s7, 484            : IntAlu : 
1249000: system.cpu: T0 : 0x1c1c2    : ld s5, 8(s11)              : MemRead :  D=0x0000000000020000 A=0x6f560
1249500: system.cpu: T0 : 0x1c1c6    : c_lw a5, 4(s0)             : MemRead :  D=0x0000000000000000 A=0x6f5cc
1250000: system.cpu: T0 : 0x1c1c8    : addi s10, s2, -1           : IntAlu :  D=0x0000000000000fff
1250500: system.cpu: T0 : 0x1c1cc    : addi s5, s5, 32            : IntAlu :  D=0x0000000000020020
1251000: system.cpu: T0 : 0x1c1d0    : c_add s5, s10              : IntAlu :  D=0x000000000002101f
1251500: system.cpu: T0 : 0x1c1d2    : c_andi a5, 2               : IntAlu :  D=0x0000000000000000
1252000: system.cpu: T0 : 0x1c1d4    : c_add s5, s1               : IntAlu :  D=0x00000000000212af
1253000: system.cpu: T0 : 0x1c1d6    : sub a6, zero, s2           : IntAlu :  D=0xfffffffffffff000
1253500: system.cpu: T0 : 0x1c1da    : c_beqz a5, 158             : IntAlu : 
1254000: system.cpu: T0 : 0x1c278    : sub s5, s5, s3             : IntAlu :  D=0x00000000000212af
1254500: system.cpu: T0 : 0x1c27c    : and s5, s5, a6             : IntAlu :  D=0x0000000000021000
1255000: system.cpu: T0 : 0x1c280    : blt zero, s5, -156         : IntAlu : 
1255500: system.cpu: T0 : 0x1c1e4    : ld a5, -1840(gp)           : MemRead :  D=0x000000000001eb0e A=0x70908
1256000: system.cpu: T0 : 0x1c1e8    : c_mv a0, s5                : IntAlu :  D=0x0000000000021000
1256500: system.cpu: T0 : 0x1c1ea    : c_sdsp a6, 8(sp)           : MemWrite :  D=0xfffffffffffff000 A=0x7ffffffffffffa48
1257000: system.cpu: T0 : 0x1c1ec    : c_jalr a5                  : IntAlu :  D=0x000000000001c1ee
1257500: system.cpu: T0 : 0x1eb0e    : c_addi sp, -16             : IntAlu :  D=0x7ffffffffffffa30
1258000: system.cpu: T0 : 0x1eb10    : c_sdsp ra, 8(sp)           : MemWrite :  D=0x000000000001c1ee A=0x7ffffffffffffa38
1259000: system.cpu: T0 : 0x1eb12    : jal ra, 9318               : IntAlu :  D=0x000000000001eb16
1259500: system.cpu: T0 : 0x20f78    : c_addi sp, -32             : IntAlu :  D=0x7ffffffffffffa10
1260000: system.cpu: T0 : 0x20f7a    : c_sdsp s2, 0(sp)           : MemWrite :  D=0x0000000000001000 A=0x7ffffffffffffa10
1260500: system.cpu: T0 : 0x20f7c    : c_sdsp s1, 8(sp)           : MemWrite :  D=0x0000000000000290 A=0x7ffffffffffffa18
1261500: system.cpu: T0 : 0x20f7e    : ld s1, -1200(gp)           : MemRead :  D=0x0000000000072f80 A=0x70b88
1262000: system.cpu: T0 : 0x20f82    : c_sdsp s0, 16(sp)          : MemWrite :  D=0x000000000006f5c8 A=0x7ffffffffffffa20
1262500: system.cpu: T0 : 0x20f84    : c_sdsp ra, 24(sp)          : MemWrite :  D=0x000000000001eb16 A=0x7ffffffffffffa28
1263000: system.cpu: T0 : 0x20f86    : c_mv s0, a0                : IntAlu :  D=0x0000000000021000
1263500: system.cpu: T0 : 0x20f88    : c_beqz s1, 46              : IntAlu : 
1264500: system.cpu: T0 : 0x20f8a    : lw a5, -1728(gp)           : MemRead :  D=0x0000000000000000 A=0x70978
1265000: system.cpu: T0 : 0x20f8e    : c_bnez a5, 40              : IntAlu : 
1265500: system.cpu: T0 : 0x20f90    : c_beqz s0, 24              : IntAlu : 
1266500: system.cpu: T0 : 0x20f92    : bge zero, s0, 52           : IntAlu : 
1267500: system.cpu: T0 : 0x20f96    : add a5, s0, s1             : IntAlu :  D=0x0000000000093f80
1268500: system.cpu: T0 : 0x20f9a    : sltu a5, a5, s1            : IntAlu :  D=0x0000000000000000
1269000: system.cpu: T0 : 0x20f9e    : c_beqz a5, 50              : IntAlu : 
1269500: system.cpu: T0 : 0x20fd0    : add a0, s1, s0             : IntAlu :  D=0x0000000000093f80
1270000: system.cpu: T0 : 0x20fd4    : jal ra, 98390              : IntAlu :  D=0x0000000000020fd8
1270500: system.cpu: T0 : 0x3902a    : c_mv a5, a0                : IntAlu :  D=0x0000000000093f80
1271000: system.cpu: T0 : 0x3902c    : addi a7, zero, 214         : IntAlu :  D=0x00000000000000d6
1271500: system.cpu: T0 : 0x39030    : ecall                      : No_OpClass : 
1272000: system.cpu: T0 : 0x39034    : sd a0, -1200(gp)           : MemWrite :  D=0x0000000000093f80 A=0x70b88
1272500: system.cpu: T0 : 0x39038    : bltu a0, a5, 8             : IntAlu : 
1273000: system.cpu: T0 : 0x3903c    : c_li a0, 0                 : IntAlu :  D=0x0000000000000000
1273500: system.cpu: T0 : 0x3903e    : c_jr ra                    : IntAlu : 
1274000: system.cpu: T0 : 0x20fd8    : blt a0, zero, -50          : IntAlu : 
1274500: system.cpu: T0 : 0x20fdc    : c_ldsp ra, 24(sp)          : MemRead :  D=0x000000000001eb16 A=0x7ffffffffffffa28
1275000: system.cpu: T0 : 0x20fde    : c_ldsp s0, 16(sp)          : MemRead :  D=0x000000000006f5c8 A=0x7ffffffffffffa20
1275500: system.cpu: T0 : 0x20fe0    : c_ldsp s2, 0(sp)           : MemRead :  D=0x0000000000001000 A=0x7ffffffffffffa10
1276000: system.cpu: T0 : 0x20fe2    : c_mv a0, s1                : IntAlu :  D=0x0000000000072f80
1276500: system.cpu: T0 : 0x20fe4    : c_ldsp s1, 8(sp)           : MemRead :  D=0x0000000000000290 A=0x7ffffffffffffa18
1277000: system.cpu: T0 : 0x20fe6    : c_addi16sp sp, 32          : IntAlu :  D=0x7ffffffffffffa30
1277500: system.cpu: T0 : 0x20fe8    : c_jr ra                    : IntAlu : 
1278000: system.cpu: T0 : 0x1eb16    : c_li a5, -1                : IntAlu :  D=0xffffffffffffffff
1278500: system.cpu: T0 : 0x1eb18    : beq a0, a5, 10             : IntAlu : 
1279000: system.cpu: T0 : 0x1eb1c    : c_ldsp ra, 8(sp)           : MemRead :  D=0x000000000001c1ee A=0x7ffffffffffffa38
1279500: system.cpu: T0 : 0x1eb1e    : c_addi sp, 16              : IntAlu :  D=0x7ffffffffffffa40
1280000: system.cpu: T0 : 0x1eb20    : c_jr ra                    : IntAlu : 
1280500: system.cpu: T0 : 0x1c1ee    : c_ldsp a6, 8(sp)           : MemRead :  D=0xfffffffffffff000 A=0x7ffffffffffffa48
1281000: system.cpu: T0 : 0x1c1f0    : c_mv s2, a0                : IntAlu :  D=0x0000000000072f80
1282000: system.cpu: T0 : 0x1c1f2    : beq a0, zero, 502          : IntAlu : 
1283000: system.cpu: T0 : 0x1c1f6    : ld a5, -1392(gp)           : MemRead :  D=0x0000000000000000 A=0x70ac8
1283500: system.cpu: T0 : 0x1c1fa    : c_li a4, 0                 : IntAlu :  D=0x0000000000000000
1284000: system.cpu: T0 : 0x1c1fc    : bne a5, zero, 538          : IntAlu : 
1284500: system.cpu: T0 : 0x1c200    : ld a5, 72(s11)             : MemRead :  D=0x0000000000000000 A=0x6f5a0
1285000: system.cpu: T0 : 0x1c204    : beq a5, zero, 380          : IntAlu : 
1285500: system.cpu: T0 : 0x1c380    : sd s2, 72(s11)             : MemWrite :  D=0x0000000000072f80 A=0x6f5a0
1286000: system.cpu: T0 : 0x1c384    : c_j -380                   : IntAlu : 
1286500: system.cpu: T0 : 0x1c208    : c_lui s11, 1               : IntAlu :  D=0x0000000000001000
1287000: system.cpu: T0 : 0x1c20a    : c_add s11, s7              : IntAlu :  D=0x00000000000705c8
1287500: system.cpu: T0 : 0x1c20c    : ld a5, -1912(s11)          : MemRead :  D=0x0000000000000000 A=0x6fe50
1288000: system.cpu: T0 : 0x1c210    : c_add a5, s5               : IntAlu :  D=0x0000000000021000
1289000: system.cpu: T0 : 0x1c212    : sd a5, -1912(s11)          : MemWrite :  D=0x0000000000021000 A=0x6fe50
1290000: system.cpu: T0 : 0x1c216    : beq s9, s2, 342            : IntAlu : 
1291000: system.cpu: T0 : 0x1c21a    : lw a3, 4(s7)               : MemRead :  D=0x0000000000000000 A=0x6f5cc
1291500: system.cpu: T0 : 0x1c21e    : c_andi a3, 2               : IntAlu :  D=0x0000000000000000
1292000: system.cpu: T0 : 0x1c220    : bne a3, zero, 242          : IntAlu : 
1292500: system.cpu: T0 : 0x1c224    : beq s3, zero, 18           : IntAlu : 
1293500: system.cpu: T0 : 0x1c236    : andi a5, s2, 15            : IntAlu :  D=0x0000000000000000
1294500: system.cpu: T0 : 0x1c23a    : bne a5, zero, 332          : IntAlu : 
1295000: system.cpu: T0 : 0x1c23e    : c_mv a4, s3                : IntAlu :  D=0x0000000000000000
1295500: system.cpu: T0 : 0x1c240    : c_mv s9, s2                : IntAlu :  D=0x0000000000072f80
1296000: system.cpu: T0 : 0x1c242    : c_add s5, a4               : IntAlu :  D=0x0000000000021000
1296500: system.cpu: T0 : 0x1c244    : add a0, s2, s5             : IntAlu :  D=0x0000000000093f80
1297000: system.cpu: T0 : 0x1c248    : c_add s10, a0              : IntAlu :  D=0x0000000000094f7f
1298000: system.cpu: T0 : 0x1c24a    : and a6, s10, a6            : IntAlu :  D=0x0000000000094000
1298500: system.cpu: T0 : 0x1c24e    : c_sub a4, a0               : IntAlu :  D=0xfffffffffff6c080
1299000: system.cpu: T0 : 0x1c250    : add s5, a6, a4             : IntAlu :  D=0x0000000000000080
1299500: system.cpu: T0 : 0x1c254    : blt s5, zero, 626          : IntAlu : 
1300000: system.cpu: T0 : 0x1c258    : ld a5, -1840(gp)           : MemRead :  D=0x000000000001eb0e A=0x70908
1300500: system.cpu: T0 : 0x1c25c    : c_mv a0, s5                : IntAlu :  D=0x0000000000000080
1301000: system.cpu: T0 : 0x1c25e    : c_jalr a5                  : IntAlu :  D=0x000000000001c260
1301500: system.cpu: T0 : 0x1eb0e    : c_addi sp, -16             : IntAlu :  D=0x7ffffffffffffa30
1302000: system.cpu: T0 : 0x1eb10    : c_sdsp ra, 8(sp)           : MemWrite :  D=0x000000000001c260 A=0x7ffffffffffffa38
1303000: system.cpu: T0 : 0x1eb12    : jal ra, 9318               : IntAlu :  D=0x000000000001eb16
1303500: system.cpu: T0 : 0x20f78    : c_addi sp, -32             : IntAlu :  D=0x7ffffffffffffa10
1304000: system.cpu: T0 : 0x20f7a    : c_sdsp s2, 0(sp)           : MemWrite :  D=0x0000000000072f80 A=0x7ffffffffffffa10
1304500: system.cpu: T0 : 0x20f7c    : c_sdsp s1, 8(sp)           : MemWrite :  D=0x0000000000000290 A=0x7ffffffffffffa18
1305500: system.cpu: T0 : 0x20f7e    : ld s1, -1200(gp)           : MemRead :  D=0x0000000000093f80 A=0x70b88
1306000: system.cpu: T0 : 0x20f82    : c_sdsp s0, 16(sp)          : MemWrite :  D=0x000000000006f5c8 A=0x7ffffffffffffa20
1306500: system.cpu: T0 : 0x20f84    : c_sdsp ra, 24(sp)          : MemWrite :  D=0x000000000001eb16 A=0x7ffffffffffffa28
1307000: system.cpu: T0 : 0x20f86    : c_mv s0, a0                : IntAlu :  D=0x0000000000000080
1307500: system.cpu: T0 : 0x20f88    : c_beqz s1, 46              : IntAlu : 
1308500: system.cpu: T0 : 0x20f8a    : lw a5, -1728(gp)           : MemRead :  D=0x0000000000000000 A=0x70978
1309000: system.cpu: T0 : 0x20f8e    : c_bnez a5, 40              : IntAlu : 
1309500: system.cpu: T0 : 0x20f90    : c_beqz s0, 24              : IntAlu : 
1310500: system.cpu: T0 : 0x20f92    : bge zero, s0, 52           : IntAlu : 
1311500: system.cpu: T0 : 0x20f96    : add a5, s0, s1             : IntAlu :  D=0x0000000000094000
1312500: system.cpu: T0 : 0x20f9a    : sltu a5, a5, s1            : IntAlu :  D=0x0000000000000000
1313000: system.cpu: T0 : 0x20f9e    : c_beqz a5, 50              : IntAlu : 
1313500: system.cpu: T0 : 0x20fd0    : add a0, s1, s0             : IntAlu :  D=0x0000000000094000
1314000: system.cpu: T0 : 0x20fd4    : jal ra, 98390              : IntAlu :  D=0x0000000000020fd8
1314500: system.cpu: T0 : 0x3902a    : c_mv a5, a0                : IntAlu :  D=0x0000000000094000
1315000: system.cpu: T0 : 0x3902c    : addi a7, zero, 214         : IntAlu :  D=0x00000000000000d6
1315500: system.cpu: T0 : 0x39030    : ecall                      : No_OpClass : 
1316000: system.cpu: T0 : 0x39034    : sd a0, -1200(gp)           : MemWrite :  D=0x0000000000094000 A=0x70b88
1316500: system.cpu: T0 : 0x39038    : bltu a0, a5, 8             : IntAlu : 
1317000: system.cpu: T0 : 0x3903c    : c_li a0, 0                 : IntAlu :  D=0x0000000000000000
1317500: system.cpu: T0 : 0x3903e    : c_jr ra                    : IntAlu : 
1318000: system.cpu: T0 : 0x20fd8    : blt a0, zero, -50          : IntAlu : 
1318500: system.cpu: T0 : 0x20fdc    : c_ldsp ra, 24(sp)          : MemRead :  D=0x000000000001eb16 A=0x7ffffffffffffa28
1319000: system.cpu: T0 : 0x20fde    : c_ldsp s0, 16(sp)          : MemRead :  D=0x000000000006f5c8 A=0x7ffffffffffffa20
1319500: system.cpu: T0 : 0x20fe0    : c_ldsp s2, 0(sp)           : MemRead :  D=0x0000000000072f80 A=0x7ffffffffffffa10
1320000: system.cpu: T0 : 0x20fe2    : c_mv a0, s1                : IntAlu :  D=0x0000000000093f80
1320500: system.cpu: T0 : 0x20fe4    : c_ldsp s1, 8(sp)           : MemRead :  D=0x0000000000000290 A=0x7ffffffffffffa18
1321000: system.cpu: T0 : 0x20fe6    : c_addi16sp sp, 32          : IntAlu :  D=0x7ffffffffffffa30
1321500: system.cpu: T0 : 0x20fe8    : c_jr ra                    : IntAlu : 
1322000: system.cpu: T0 : 0x1eb16    : c_li a5, -1                : IntAlu :  D=0xffffffffffffffff
1322500: system.cpu: T0 : 0x1eb18    : beq a0, a5, 10             : IntAlu : 
1323000: system.cpu: T0 : 0x1eb1c    : c_ldsp ra, 8(sp)           : MemRead :  D=0x000000000001c260 A=0x7ffffffffffffa38
1323500: system.cpu: T0 : 0x1eb1e    : c_addi sp, 16              : IntAlu :  D=0x7ffffffffffffa40
1324000: system.cpu: T0 : 0x1eb20    : c_jr ra                    : IntAlu : 
1324500: system.cpu: T0 : 0x1c260    : c_mv a4, a0                : IntAlu :  D=0x0000000000093f80
1325500: system.cpu: T0 : 0x1c262    : beq a0, zero, 426          : IntAlu : 
1326500: system.cpu: T0 : 0x1c266    : ld a5, -1392(gp)           : MemRead :  D=0x0000000000000000 A=0x70ac8
1327500: system.cpu: T0 : 0x1c26a    : bne a5, zero, 440          : IntAlu : 
1328500: system.cpu: T0 : 0x1c26e    : ld a5, -1912(s11)          : MemRead :  D=0x0000000000021000 A=0x6fe50
1329000: system.cpu: T0 : 0x1c272    : c_mv s2, s9                : IntAlu :  D=0x0000000000072f80
1329500: system.cpu: T0 : 0x1c274    : c_add a5, s5               : IntAlu :  D=0x0000000000021080
1330000: system.cpu: T0 : 0x1c276    : c_j 168                    : IntAlu : 
1331000: system.cpu: T0 : 0x1c31e    : sub a4, a4, s2             : IntAlu :  D=0x0000000000021000
1331500: system.cpu: T0 : 0x1c322    : c_add a4, s5               : IntAlu :  D=0x0000000000021080
1332000: system.cpu: T0 : 0x1c324    : sd s2, 96(s7)              : MemWrite :  D=0x0000000000072f80 A=0x6f628
1332500: system.cpu: T0 : 0x1c328    : ori a4, a4, 1              : IntAlu :  D=0x0000000000021081
1333000: system.cpu: T0 : 0x1c32c    : sd a4, 8(s2)               : MemWrite :  D=0x0000000000021081 A=0x72f88
1333500: system.cpu: T0 : 0x1c330    : sd a5, -1912(s11)          : MemWrite :  D=0x0000000000021080 A=0x6fe50
1334000: system.cpu: T0 : 0x1c334    : beq s3, zero, -754         : IntAlu : 
1334500: system.cpu: T0 : 0x1c042    : c_lui a4, 1                : IntAlu :  D=0x0000000000001000
1335000: system.cpu: T0 : 0x1c044    : c_add a4, s0               : IntAlu :  D=0x00000000000705c8
1336000: system.cpu: T0 : 0x1c046    : ld a3, -1904(a4)           : MemRead :  D=0x0000000000000000 A=0x6fe58
1337000: system.cpu: T0 : 0x1c04a    : bgeu a3, a5, 8             : IntAlu : 
1338000: system.cpu: T0 : 0x1c04e    : sd a5, -1904(a4)           : MemWrite :  D=0x0000000000021080 A=0x6fe58
1339000: system.cpu: T0 : 0x1c052    : ld a5, 8(s2)               : MemRead :  D=0x0000000000021081 A=0x72f88
1339500: system.cpu: T0 : 0x1c056    : c_andi a5, 18446744073709551608 : IntAlu :  D=0x0000000000021080
1340000: system.cpu: T0 : 0x1c058    : bltu a5, s8, 298           : IntAlu : 
1340500: system.cpu: T0 : 0x1c05c    : add a4, s2, s1             : IntAlu :  D=0x0000000000073210
1341000: system.cpu: T0 : 0x1c060    : c_sd a4, 96(s0)            : MemWrite :  D=0x0000000000073210 A=0x6f628
1341500: system.cpu: T0 : 0x1c062    : c_sub a5, s1               : IntAlu :  D=0x0000000000020df0
1342000: system.cpu: T0 : 0x1c064    : beq s0, s7, 8              : IntAlu : 
1342500: system.cpu: T0 : 0x1c06c    : ori s1, s1, 1              : IntAlu :  D=0x0000000000000291
1343000: system.cpu: T0 : 0x1c070    : sd s1, 8(s2)               : MemWrite :  D=0x0000000000000291 A=0x72f88
1343500: system.cpu: T0 : 0x1c074    : ori a5, a5, 1              : IntAlu :  D=0x0000000000020df1
1344000: system.cpu: T0 : 0x1c078    : c_sd a5, 8(a4)             : MemWrite :  D=0x0000000000020df1 A=0x73218
1344500: system.cpu: T0 : 0x1c078    : c_sd a5, 8(a4)             : MemWrite :  D=0x0000000000020df1 A=0x73218
1345500: system.cpu: T0 : 0x1c07a    : addi a0, s2, 16            : IntAlu :  D=0x0000000000072f90
1346000: system.cpu: T0 : 0x1c07e    : c_ldsp ra, 152(sp)         : MemRead :  D=0x000000000001cc84 A=0x7ffffffffffffad8
1346500: system.cpu: T0 : 0x1c080    : c_ldsp s0, 144(sp)         : MemRead :  D=0x0000000000000290 A=0x7ffffffffffffad0
1347000: system.cpu: T0 : 0x1c082    : c_ldsp s1, 136(sp)         : MemRead :  D=0x000000000006f5c8 A=0x7ffffffffffffac8
1347500: system.cpu: T0 : 0x1c084    : c_ldsp s2, 128(sp)         : MemRead :  D=0x0000000000000004 A=0x7ffffffffffffac0
1348000: system.cpu: T0 : 0x1c086    : c_ldsp s3, 120(sp)         : MemRead :  D=0x0000000000000280 A=0x7ffffffffffffab8
1348500: system.cpu: T0 : 0x1c088    : c_ldsp s4, 112(sp)         : MemRead :  D=0x0000000000000000 A=0x7ffffffffffffab0
1349000: system.cpu: T0 : 0x1c08a    : c_ldsp s5, 104(sp)         : MemRead :  D=0x0000000000000000 A=0x7ffffffffffffaa8
1349500: system.cpu: T0 : 0x1c08c    : c_ldsp s6, 96(sp)          : MemRead :  D=0x0000000000000027 A=0x7ffffffffffffaa0
1350000: system.cpu: T0 : 0x1c08e    : c_ldsp s7, 88(sp)          : MemRead :  D=0x000000000006f558 A=0x7ffffffffffffa98
1350500: system.cpu: T0 : 0x1c090    : c_ldsp s8, 80(sp)          : MemRead :  D=0x000000000006f628 A=0x7ffffffffffffa90
1351000: system.cpu: T0 : 0x1c092    : c_ldsp s9, 72(sp)          : MemRead :  D=0x0000000000000029 A=0x7ffffffffffffa88
1351500: system.cpu: T0 : 0x1c094    : c_ldsp s10, 64(sp)         : MemRead :  D=0x000000000000000a A=0x7ffffffffffffa80
1352000: system.cpu: T0 : 0x1c096    : c_ldsp s11, 56(sp)         : MemRead :  D=0x0000000000001000 A=0x7ffffffffffffa78
1352500: system.cpu: T0 : 0x1c098    : c_addi16sp sp, 160         : IntAlu :  D=0x7ffffffffffffae0
1353000: system.cpu: T0 : 0x1c09a    : c_jr ra                    : IntAlu : 
1353500: system.cpu: T0 : 0x1cc84    : c_mv s2, a0                : IntAlu :  D=0x0000000000072f90
1354500: system.cpu: T0 : 0x1cc86    : bne a0, zero, -672         : IntAlu : 
1355500: system.cpu: T0 : 0x1c9e6    : lw a1, -1396(gp)           : MemRead :  D=0x0000000000000000 A=0x70ac4
1356500: system.cpu: T0 : 0x1c9ea    : beq a1, zero, -516         : IntAlu : 
1357000: system.cpu: T0 : 0x1c7e6    : c_ldsp ra, 248(sp)         : MemRead :  D=0x000000000001d026 A=0x7ffffffffffffbd8
1357500: system.cpu: T0 : 0x1c7e8    : c_ldsp s0, 240(sp)         : MemRead :  D=0x000000000006f5c8 A=0x7ffffffffffffbd0
1358000: system.cpu: T0 : 0x1c7ea    : c_ldsp s1, 232(sp)         : MemRead :  D=0x000000000006f5c8 A=0x7ffffffffffffbc8
1358500: system.cpu: T0 : 0x1c7ec    : c_ldsp s3, 216(sp)         : MemRead :  D=0x0000000000000000 A=0x7ffffffffffffbb8
1359000: system.cpu: T0 : 0x1c7ee    : c_ldsp s4, 208(sp)         : MemRead :  D=0x0000000000000000 A=0x7ffffffffffffbb0
1359500: system.cpu: T0 : 0x1c7f0    : c_ldsp s5, 200(sp)         : MemRead :  D=0x0000000000000000 A=0x7ffffffffffffba8
1360000: system.cpu: T0 : 0x1c7f2    : c_ldsp s6, 192(sp)         : MemRead :  D=0x0000000000072000 A=0x7ffffffffffffba0
1360500: system.cpu: T0 : 0x1c7f4    : c_ldsp s7, 184(sp)         : MemRead :  D=0x0000000000000000 A=0x7ffffffffffffb98
1361000: system.cpu: T0 : 0x1c7f6    : c_ldsp s8, 176(sp)         : MemRead :  D=0x0000000000000000 A=0x7ffffffffffffb90
1361500: system.cpu: T0 : 0x1c7f8    : c_ldsp s9, 168(sp)         : MemRead :  D=0x0000000000000003 A=0x7ffffffffffffb88
1362000: system.cpu: T0 : 0x1c7fa    : c_ldsp s10, 160(sp)        : MemRead :  D=0x0000000000000000 A=0x7ffffffffffffb80
1362500: system.cpu: T0 : 0x1c7fc    : c_ldsp s11, 152(sp)        : MemRead :  D=0x0000000000000000 A=0x7ffffffffffffb78
1363000: system.cpu: T0 : 0x1c7fe    : c_mv a0, s2                : IntAlu :  D=0x0000000000072f90
1363500: system.cpu: T0 : 0x1c800    : c_ldsp s2, 224(sp)         : MemRead :  D=0x0000000000000002 A=0x7ffffffffffffbc0
1364000: system.cpu: T0 : 0x1c802    : c_addi16sp sp, 256         : IntAlu :  D=0x7ffffffffffffbe0
1364500: system.cpu: T0 : 0x1c804    : c_jr ra                    : IntAlu : 
1365000: system.cpu: T0 : 0x1d026    : c_mv a5, a0                : IntAlu :  D=0x0000000000072f90
1365500: system.cpu: T0 : 0x1d028    : c_beqz a0, 70              : IntAlu : 
1366000: system.cpu: T0 : 0x1d02a    : c_li a4, 0                 : IntAlu :  D=0x0000000000000000
1366500: system.cpu: T0 : 0x1d02c    : fence iorw, ow             : No_OpClass : 
1367000: system.cpu: T0 : 0x1d030    : amoswap_w a4, a4, (s0)    
1367000: system.cpu: T0 : 0x1d030. 0 : amoswap_w[l] a4, a4, (s0)  : MemRead :  D=0x0000000000000001 A=0x6f5c8
1367500: system.cpu: T0 : 0x1d034    : c_addiw a4, 0              : IntAlu :  D=0x0000000000000001
1368000: system.cpu: T0 : 0x1d036    : c_li a3, 1                 : IntAlu :  D=0x0000000000000001
1368500: system.cpu: T0 : 0x1d038    : blt a3, a4, 96             : IntAlu : 
1369000: system.cpu: T0 : 0x1d03c    : c_ldsp s0, 16(sp)          : MemRead :  D=0x0000000000000024 A=0x7ffffffffffffbf0
1369500: system.cpu: T0 : 0x1d03e    : c_ldsp ra, 24(sp)          : MemRead :  D=0x000000000001d9ac A=0x7ffffffffffffbf8
1370000: system.cpu: T0 : 0x1d040    : c_ldsp s1, 8(sp)           : MemRead :  D=0x0000000000000001 A=0x7ffffffffffffbe8
1371000: system.cpu: T0 : 0x1d042    : sd a5, 40(tp)              : MemWrite :  D=0x0000000000072f90 A=0x72738
1372000: system.cpu: T0 : 0x1d046    : addi a2, zero, 640         : IntAlu :  D=0x0000000000000280
1372500: system.cpu: T0 : 0x1d04a    : c_li a1, 0                 : IntAlu :  D=0x0000000000000000
1373000: system.cpu: T0 : 0x1d04c    : c_mv a0, a5                : IntAlu :  D=0x0000000000072f90
1373500: system.cpu: T0 : 0x1d04e    : c_addi16sp sp, 32          : IntAlu :  D=0x7ffffffffffffc00
1374000: system.cpu: T0 : 0x1d050    : jal zero, 10394            : IntAlu :  D=0x000000000001d054
1374500: system.cpu: T0 : 0x1f8ea    : c_li a4, 7                 : IntAlu :  D=0x0000000000000007
1375000: system.cpu: T0 : 0x1f8ec    : c_mv a5, a0                : IntAlu :  D=0x0000000000072f90
1376000: system.cpu: T0 : 0x1f8ee    : bgeu a4, a2, 140           : IntAlu : 
1377000: system.cpu: T0 : 0x1f8f2    : andi a7, a1, 255           : IntAlu :  D=0x0000000000000000
1378000: system.cpu: T0 : 0x1f8f6    : slli a3, a7, 8             : IntAlu :  D=0x0000000000000000
1379000: system.cpu: T0 : 0x1f8fa    : or a3, a3, a7              : IntAlu :  D=0x0000000000000000
1380000: system.cpu: T0 : 0x1f8fe    : slli a4, a3, 16            : IntAlu :  D=0x0000000000000000
1380500: system.cpu: T0 : 0x1f902    : c_or a3, a4                : IntAlu :  D=0x0000000000000000
1381000: system.cpu: T0 : 0x1f904    : slli a4, a3, 32            : IntAlu :  D=0x0000000000000000
1381500: system.cpu: T0 : 0x1f908    : andi a6, a0, 7             : IntAlu :  D=0x0000000000000000
1382000: system.cpu: T0 : 0x1f90c    : c_or a4, a3                : IntAlu :  D=0x0000000000000000
1383000: system.cpu: T0 : 0x1f90e    : beq a6, zero, 130          : IntAlu : 
1383500: system.cpu: T0 : 0x1f990    : c_mv a3, a2                : IntAlu :  D=0x0000000000000280
1384000: system.cpu: T0 : 0x1f992    : c_j -108                   : IntAlu : 
1385000: system.cpu: T0 : 0x1f926    : srli a6, a3, 6             : IntAlu :  D=0x000000000000000a
1386000: system.cpu: T0 : 0x1f92a    : beq a6, zero, 42           : IntAlu : 
1387000: system.cpu: T0 : 0x1f92e    : slli a2, a6, 6             : IntAlu :  D=0x0000000000000280
1387500: system.cpu: T0 : 0x1f932    : c_mv a7, a5                : IntAlu :  D=0x0000000000072f90
1388000: system.cpu: T0 : 0x1f934    : c_add a2, a5               : IntAlu :  D=0x0000000000073210
1388500: system.cpu: T0 : 0x1f936    : c_sd a4, 0(a5)             : MemWrite :  D=0x0000000000000000 A=0x72f90
1389000: system.cpu: T0 : 0x1f938    : c_sd a4, 8(a5)             : MemWrite :  D=0x0000000000000000 A=0x72f98
1389500: system.cpu: T0 : 0x1f93a    : c_sd a4, 16(a5)            : MemWrite :  D=0x0000000000000000 A=0x72fa0
1390000: system.cpu: T0 : 0x1f93c    : c_sd a4, 24(a5)            : MemWrite :  D=0x0000000000000000 A=0x72fa8
1390500: system.cpu: T0 : 0x1f93e    : c_sd a4, 32(a5)            : MemWrite :  D=0x0000000000000000 A=0x72fb0
1391000: system.cpu: T0 : 0x1f940    : c_sd a4, 40(a5)            : MemWrite :  D=0x0000000000000000 A=0x72fb8
1391500: system.cpu: T0 : 0x1f942    : c_sd a4, 48(a5)            : MemWrite :  D=0x0000000000000000 A=0x72fc0
1392000: system.cpu: T0 : 0x1f944    : c_sd a4, 56(a5)            : MemWrite :  D=0x0000000000000000 A=0x72fc8
1393000: system.cpu: T0 : 0x1f946    : addi a5, a5, 64            : IntAlu :  D=0x0000000000072fd0
1394000: system.cpu: T0 : 0x1f94a    : bne a2, a5, -20            : IntAlu : 
1394500: system.cpu: T0 : 0x1f936    : c_sd a4, 0(a5)             : MemWrite :  D=0x0000000000000000 A=0x72fd0
1395000: system.cpu: T0 : 0x1f938    : c_sd a4, 8(a5)             : MemWrite :  D=0x0000000000000000 A=0x72fd8
1395500: system.cpu: T0 : 0x1f93a    : c_sd a4, 16(a5)            : MemWrite :  D=0x0000000000000000 A=0x72fe0
1396000: system.cpu: T0 : 0x1f93c    : c_sd a4, 24(a5)            : MemWrite :  D=0x0000000000000000 A=0x72fe8
1396500: system.cpu: T0 : 0x1f93e    : c_sd a4, 32(a5)            : MemWrite :  D=0x0000000000000000 A=0x72ff0
1397000: system.cpu: T0 : 0x1f940    : c_sd a4, 40(a5)            : MemWrite :  D=0x0000000000000000 A=0x72ff8
1397500: system.cpu: T0 : 0x1f942    : c_sd a4, 48(a5)            : MemWrite :  D=0x0000000000000000 A=0x73000
1398000: system.cpu: T0 : 0x1f944    : c_sd a4, 56(a5)            : MemWrite :  D=0x0000000000000000 A=0x73008
1399000: system.cpu: T0 : 0x1f946    : addi a5, a5, 64            : IntAlu :  D=0x0000000000073010
1400000: system.cpu: T0 : 0x1f94a    : bne a2, a5, -20            : IntAlu : 
1400500: system.cpu: T0 : 0x1f936    : c_sd a4, 0(a5)             : MemWrite :  D=0x0000000000000000 A=0x73010
1401000: system.cpu: T0 : 0x1f938    : c_sd a4, 8(a5)             : MemWrite :  D=0x0000000000000000 A=0x73018
1401500: system.cpu: T0 : 0x1f93a    : c_sd a4, 16(a5)            : MemWrite :  D=0x0000000000000000 A=0x73020
1402000: system.cpu: T0 : 0x1f93c    : c_sd a4, 24(a5)            : MemWrite :  D=0x0000000000000000 A=0x73028
1402500: system.cpu: T0 : 0x1f93e    : c_sd a4, 32(a5)            : MemWrite :  D=0x0000000000000000 A=0x73030
1403000: system.cpu: T0 : 0x1f940    : c_sd a4, 40(a5)            : MemWrite :  D=0x0000000000000000 A=0x73038
1403500: system.cpu: T0 : 0x1f942    : c_sd a4, 48(a5)            : MemWrite :  D=0x0000000000000000 A=0x73040
1404000: system.cpu: T0 : 0x1f944    : c_sd a4, 56(a5)            : MemWrite :  D=0x0000000000000000 A=0x73048
1405000: system.cpu: T0 : 0x1f946    : addi a5, a5, 64            : IntAlu :  D=0x0000000000073050
1406000: system.cpu: T0 : 0x1f94a    : bne a2, a5, -20            : IntAlu : 
1406500: system.cpu: T0 : 0x1f936    : c_sd a4, 0(a5)             : MemWrite :  D=0x0000000000000000 A=0x73050
1407000: system.cpu: T0 : 0x1f938    : c_sd a4, 8(a5)             : MemWrite :  D=0x0000000000000000 A=0x73058
1407500: system.cpu: T0 : 0x1f93a    : c_sd a4, 16(a5)            : MemWrite :  D=0x0000000000000000 A=0x73060
1408000: system.cpu: T0 : 0x1f93c    : c_sd a4, 24(a5)            : MemWrite :  D=0x0000000000000000 A=0x73068
1408500: system.cpu: T0 : 0x1f93e    : c_sd a4, 32(a5)            : MemWrite :  D=0x0000000000000000 A=0x73070
1409000: system.cpu: T0 : 0x1f940    : c_sd a4, 40(a5)            : MemWrite :  D=0x0000000000000000 A=0x73078
1409500: system.cpu: T0 : 0x1f942    : c_sd a4, 48(a5)            : MemWrite :  D=0x0000000000000000 A=0x73080
1410000: system.cpu: T0 : 0x1f944    : c_sd a4, 56(a5)            : MemWrite :  D=0x0000000000000000 A=0x73088
1411000: system.cpu: T0 : 0x1f946    : addi a5, a5, 64            : IntAlu :  D=0x0000000000073090
1412000: system.cpu: T0 : 0x1f94a    : bne a2, a5, -20            : IntAlu : 
1412500: system.cpu: T0 : 0x1f936    : c_sd a4, 0(a5)             : MemWrite :  D=0x0000000000000000 A=0x73090
1413000: system.cpu: T0 : 0x1f938    : c_sd a4, 8(a5)             : MemWrite :  D=0x0000000000000000 A=0x73098
1413500: system.cpu: T0 : 0x1f93a    : c_sd a4, 16(a5)            : MemWrite :  D=0x0000000000000000 A=0x730a0
1414000: system.cpu: T0 : 0x1f93c    : c_sd a4, 24(a5)            : MemWrite :  D=0x0000000000000000 A=0x730a8
1414500: system.cpu: T0 : 0x1f93e    : c_sd a4, 32(a5)            : MemWrite :  D=0x0000000000000000 A=0x730b0
1415000: system.cpu: T0 : 0x1f940    : c_sd a4, 40(a5)            : MemWrite :  D=0x0000000000000000 A=0x730b8
1415500: system.cpu: T0 : 0x1f942    : c_sd a4, 48(a5)            : MemWrite :  D=0x0000000000000000 A=0x730c0
1416000: system.cpu: T0 : 0x1f944    : c_sd a4, 56(a5)            : MemWrite :  D=0x0000000000000000 A=0x730c8
1417000: system.cpu: T0 : 0x1f946    : addi a5, a5, 64            : IntAlu :  D=0x00000000000730d0
1418000: system.cpu: T0 : 0x1f94a    : bne a2, a5, -20            : IntAlu : 
1418500: system.cpu: T0 : 0x1f936    : c_sd a4, 0(a5)             : MemWrite :  D=0x0000000000000000 A=0x730d0
1419000: system.cpu: T0 : 0x1f938    : c_sd a4, 8(a5)             : MemWrite :  D=0x0000000000000000 A=0x730d8
1419500: system.cpu: T0 : 0x1f93a    : c_sd a4, 16(a5)            : MemWrite :  D=0x0000000000000000 A=0x730e0
1420000: system.cpu: T0 : 0x1f93c    : c_sd a4, 24(a5)            : MemWrite :  D=0x0000000000000000 A=0x730e8
1420500: system.cpu: T0 : 0x1f93e    : c_sd a4, 32(a5)            : MemWrite :  D=0x0000000000000000 A=0x730f0
1421000: system.cpu: T0 : 0x1f940    : c_sd a4, 40(a5)            : MemWrite :  D=0x0000000000000000 A=0x730f8
1421500: system.cpu: T0 : 0x1f942    : c_sd a4, 48(a5)            : MemWrite :  D=0x0000000000000000 A=0x73100
1422000: system.cpu: T0 : 0x1f944    : c_sd a4, 56(a5)            : MemWrite :  D=0x0000000000000000 A=0x73108
1423000: system.cpu: T0 : 0x1f946    : addi a5, a5, 64            : IntAlu :  D=0x0000000000073110
1424000: system.cpu: T0 : 0x1f94a    : bne a2, a5, -20            : IntAlu : 
1424500: system.cpu: T0 : 0x1f936    : c_sd a4, 0(a5)             : MemWrite :  D=0x0000000000000000 A=0x73110
1425000: system.cpu: T0 : 0x1f938    : c_sd a4, 8(a5)             : MemWrite :  D=0x0000000000000000 A=0x73118
1425500: system.cpu: T0 : 0x1f93a    : c_sd a4, 16(a5)            : MemWrite :  D=0x0000000000000000 A=0x73120
1426000: system.cpu: T0 : 0x1f93c    : c_sd a4, 24(a5)            : MemWrite :  D=0x0000000000000000 A=0x73128
1426500: system.cpu: T0 : 0x1f93e    : c_sd a4, 32(a5)            : MemWrite :  D=0x0000000000000000 A=0x73130
1427000: system.cpu: T0 : 0x1f940    : c_sd a4, 40(a5)            : MemWrite :  D=0x0000000000000000 A=0x73138
1427500: system.cpu: T0 : 0x1f942    : c_sd a4, 48(a5)            : MemWrite :  D=0x0000000000000000 A=0x73140
1428000: system.cpu: T0 : 0x1f944    : c_sd a4, 56(a5)            : MemWrite :  D=0x0000000000000000 A=0x73148
1429000: system.cpu: T0 : 0x1f946    : addi a5, a5, 64            : IntAlu :  D=0x0000000000073150
1430000: system.cpu: T0 : 0x1f94a    : bne a2, a5, -20            : IntAlu : 
1430500: system.cpu: T0 : 0x1f936    : c_sd a4, 0(a5)             : MemWrite :  D=0x0000000000000000 A=0x73150
1431000: system.cpu: T0 : 0x1f938    : c_sd a4, 8(a5)             : MemWrite :  D=0x0000000000000000 A=0x73158
1431500: system.cpu: T0 : 0x1f93a    : c_sd a4, 16(a5)            : MemWrite :  D=0x0000000000000000 A=0x73160
1432000: system.cpu: T0 : 0x1f93c    : c_sd a4, 24(a5)            : MemWrite :  D=0x0000000000000000 A=0x73168
1432500: system.cpu: T0 : 0x1f93e    : c_sd a4, 32(a5)            : MemWrite :  D=0x0000000000000000 A=0x73170
1433000: system.cpu: T0 : 0x1f940    : c_sd a4, 40(a5)            : MemWrite :  D=0x0000000000000000 A=0x73178
1433500: system.cpu: T0 : 0x1f942    : c_sd a4, 48(a5)            : MemWrite :  D=0x0000000000000000 A=0x73180
1434000: system.cpu: T0 : 0x1f944    : c_sd a4, 56(a5)            : MemWrite :  D=0x0000000000000000 A=0x73188
1435000: system.cpu: T0 : 0x1f946    : addi a5, a5, 64            : IntAlu :  D=0x0000000000073190
1436000: system.cpu: T0 : 0x1f94a    : bne a2, a5, -20            : IntAlu : 
1436500: system.cpu: T0 : 0x1f936    : c_sd a4, 0(a5)             : MemWrite :  D=0x0000000000000000 A=0x73190
1437000: system.cpu: T0 : 0x1f938    : c_sd a4, 8(a5)             : MemWrite :  D=0x0000000000000000 A=0x73198
1437500: system.cpu: T0 : 0x1f93a    : c_sd a4, 16(a5)            : MemWrite :  D=0x0000000000000000 A=0x731a0
1438000: system.cpu: T0 : 0x1f93c    : c_sd a4, 24(a5)            : MemWrite :  D=0x0000000000000000 A=0x731a8
1438500: system.cpu: T0 : 0x1f93e    : c_sd a4, 32(a5)            : MemWrite :  D=0x0000000000000000 A=0x731b0
1439000: system.cpu: T0 : 0x1f940    : c_sd a4, 40(a5)            : MemWrite :  D=0x0000000000000000 A=0x731b8
1439500: system.cpu: T0 : 0x1f942    : c_sd a4, 48(a5)            : MemWrite :  D=0x0000000000000000 A=0x731c0
1440000: system.cpu: T0 : 0x1f944    : c_sd a4, 56(a5)            : MemWrite :  D=0x0000000000000000 A=0x731c8
1441000: system.cpu: T0 : 0x1f946    : addi a5, a5, 64            : IntAlu :  D=0x00000000000731d0
1442000: system.cpu: T0 : 0x1f94a    : bne a2, a5, -20            : IntAlu : 
1442500: system.cpu: T0 : 0x1f936    : c_sd a4, 0(a5)             : MemWrite :  D=0x0000000000000000 A=0x731d0
1443000: system.cpu: T0 : 0x1f938    : c_sd a4, 8(a5)             : MemWrite :  D=0x0000000000000000 A=0x731d8
1443500: system.cpu: T0 : 0x1f93a    : c_sd a4, 16(a5)            : MemWrite :  D=0x0000000000000000 A=0x731e0
1444000: system.cpu: T0 : 0x1f93c    : c_sd a4, 24(a5)            : MemWrite :  D=0x0000000000000000 A=0x731e8
1444500: system.cpu: T0 : 0x1f93e    : c_sd a4, 32(a5)            : MemWrite :  D=0x0000000000000000 A=0x731f0
1445000: system.cpu: T0 : 0x1f940    : c_sd a4, 40(a5)            : MemWrite :  D=0x0000000000000000 A=0x731f8
1445500: system.cpu: T0 : 0x1f942    : c_sd a4, 48(a5)            : MemWrite :  D=0x0000000000000000 A=0x73200
1446000: system.cpu: T0 : 0x1f944    : c_sd a4, 56(a5)            : MemWrite :  D=0x0000000000000000 A=0x73208
1447000: system.cpu: T0 : 0x1f946    : addi a5, a5, 64            : IntAlu :  D=0x0000000000073210
1448000: system.cpu: T0 : 0x1f94a    : bne a2, a5, -20            : IntAlu : 
1449000: system.cpu: T0 : 0x1f94e    : slli a5, a6, 6             : IntAlu :  D=0x0000000000000280
1449500: system.cpu: T0 : 0x1f952    : c_add a5, a7               : IntAlu :  D=0x0000000000073210
1450000: system.cpu: T0 : 0x1f954    : srli a6, a3, 3             : IntAlu :  D=0x0000000000000050
1450500: system.cpu: T0 : 0x1f958    : andi a6, a6, 7             : IntAlu :  D=0x0000000000000000
1451000: system.cpu: T0 : 0x1f95c    : beq a6, zero, 26           : IntAlu : 
1452000: system.cpu: T0 : 0x1f976    : andi a2, a3, 7             : IntAlu :  D=0x0000000000000000
1453000: system.cpu: T0 : 0x1f97a    : andi a1, a1, 255           : IntAlu :  D=0x0000000000000000
1454000: system.cpu: T0 : 0x1f97e    : add a4, a5, a2             : IntAlu :  D=0x0000000000073210
1454500: system.cpu: T0 : 0x1f982    : c_beqz a2, 12              : IntAlu : 
1455000: system.cpu: T0 : 0x1f98e    : c_jr ra                    : IntAlu : 
1455500: system.cpu: T0 : 0x1d9ac    : lui a5, 111                : IntAlu :  D=0x000000000006f000
1456000: system.cpu: T0 : 0x1d9b0    : ld a5, 1448(a5)            : MemRead :  D=0x0000000000000040 A=0x6f5a8
1456500: system.cpu: T0 : 0x1d9b4    : bgeu s1, a5, -100          : IntAlu : 
1457000: system.cpu: T0 : 0x1d9b8    : ld a4, 40(tp)              : MemRead :  D=0x0000000000072f90 A=0x72738
1457500: system.cpu: T0 : 0x1d9bc    : c_beqz a4, -108            : IntAlu : 
1458500: system.cpu: T0 : 0x1d9be    : slli a3, s1, 1             : IntAlu :  D=0x0000000000000002
1459000: system.cpu: T0 : 0x1d9c2    : c_add a3, a4               : IntAlu :  D=0x0000000000072f92
1459500: system.cpu: T0 : 0x1d9c4    : lhu a2, 0(a3)              : MemRead :  D=0x0000000000000000 A=0x72f92
1460000: system.cpu: T0 : 0x1d9c8    : c_beqz a2, -120            : IntAlu : 
1460500: system.cpu: T0 : 0x1d950    : lw a5, -1808(tp)           : MemRead :  D=0x0000000000000000 A=0x72000
1461000: system.cpu: T0 : 0x1d954    : c_bnez a5, 210             : IntAlu : 
1462000: system.cpu: T0 : 0x1d956    : lui s1, 111                : IntAlu :  D=0x000000000006f000
1462500: system.cpu: T0 : 0x1d95a    : c_mv a1, s0                : IntAlu :  D=0x0000000000000024
1463000: system.cpu: T0 : 0x1d95c    : addi a0, s1, 1480          : IntAlu :  D=0x000000000006f5c8
1463500: system.cpu: T0 : 0x1d960    : jal ra, -5228              : IntAlu :  D=0x000000000001d964
1464000: system.cpu: T0 : 0x1c4f4    : c_addi16sp sp, -256        : IntAlu :  D=0x7ffffffffffffb00
1464500: system.cpu: T0 : 0x1c4f6    : c_sdsp ra, 248(sp)         : MemWrite :  D=0x000000000001d964 A=0x7ffffffffffffbf8
1465000: system.cpu: T0 : 0x1c4f8    : c_sdsp s0, 240(sp)         : MemWrite :  D=0x0000000000000024 A=0x7ffffffffffffbf0
1465500: system.cpu: T0 : 0x1c4fa    : c_sdsp s1, 232(sp)         : MemWrite :  D=0x000000000006f000 A=0x7ffffffffffffbe8
1466000: system.cpu: T0 : 0x1c4fc    : c_sdsp s2, 224(sp)         : MemWrite :  D=0x0000000000000002 A=0x7ffffffffffffbe0
1466500: system.cpu: T0 : 0x1c4fe    : c_sdsp s3, 216(sp)         : MemWrite :  D=0x0000000000000000 A=0x7ffffffffffffbd8
1467000: system.cpu: T0 : 0x1c500    : c_sdsp s4, 208(sp)         : MemWrite :  D=0x0000000000000000 A=0x7ffffffffffffbd0
1467500: system.cpu: T0 : 0x1c502    : c_sdsp s5, 200(sp)         : MemWrite :  D=0x0000000000000000 A=0x7ffffffffffffbc8
1468000: system.cpu: T0 : 0x1c504    : c_sdsp s6, 192(sp)         : MemWrite :  D=0x0000000000072000 A=0x7ffffffffffffbc0
1468500: system.cpu: T0 : 0x1c506    : c_sdsp s7, 184(sp)         : MemWrite :  D=0x0000000000000000 A=0x7ffffffffffffbb8
1469000: system.cpu: T0 : 0x1c508    : c_sdsp s8, 176(sp)         : MemWrite :  D=0x0000000000000000 A=0x7ffffffffffffbb0
1469500: system.cpu: T0 : 0x1c50a    : c_sdsp s9, 168(sp)         : MemWrite :  D=0x0000000000000003 A=0x7ffffffffffffba8
1470000: system.cpu: T0 : 0x1c50c    : c_sdsp s10, 160(sp)        : MemWrite :  D=0x0000000000000000 A=0x7ffffffffffffba0
1470500: system.cpu: T0 : 0x1c50e    : c_sdsp s11, 152(sp)        : MemWrite :  D=0x0000000000000000 A=0x7ffffffffffffb98
1471000: system.cpu: T0 : 0x1c510    : blt a1, zero, 1198         : IntAlu : 
1471500: system.cpu: T0 : 0x1c514    : addi s0, a1, 23            : IntAlu :  D=0x000000000000003b
1472000: system.cpu: T0 : 0x1c518    : c_li a5, 31                : IntAlu :  D=0x000000000000001f
1472500: system.cpu: T0 : 0x1c51a    : c_mv s3, a1                : IntAlu :  D=0x0000000000000024
1473000: system.cpu: T0 : 0x1c51c    : c_mv s1, a0                : IntAlu :  D=0x000000000006f5c8
1474000: system.cpu: T0 : 0x1c51e    : bltu a5, s0, 220           : IntAlu : 
1474500: system.cpu: T0 : 0x1c5fa    : c_andi s0, 18446744073709551600 : IntAlu :  D=0x0000000000000030
1475000: system.cpu: T0 : 0x1c5fc    : beq a0, zero, 988          : IntAlu : 
1475500: system.cpu: T0 : 0x1c600    : ld a4, -1376(gp)           : MemRead :  D=0x0000000000000080 A=0x70ad8
1476000: system.cpu: T0 : 0x1c604    : srliw s9, s0, 4            : IntAlu :  D=0x0000000000000003
1476500: system.cpu: T0 : 0x1c608    : srliw a5, s0, 4            : IntAlu :  D=0x0000000000000003
1477000: system.cpu: T0 : 0x1c60c    : bgeu a4, s0, 506           : IntAlu : 
1477500: system.cpu: T0 : 0x1c806    : c_addiw a5, -2             : IntAlu :  D=0x0000000000000001
1478000: system.cpu: T0 : 0x1c808    : slli a2, a5, 32            : IntAlu :  D=0x0000000100000000
1478500: system.cpu: T0 : 0x1c80c    : c_srli a2, 32              : IntAlu :  D=0x0000000000000001
1479000: system.cpu: T0 : 0x1c80e    : c_addi a2, 2               : IntAlu :  D=0x0000000000000003
1479500: system.cpu: T0 : 0x1c810    : c_slli a2, 3               : IntAlu :  D=0x0000000000000018
1480000: system.cpu: T0 : 0x1c812    : c_j -376                   : IntAlu : 
1480500: system.cpu: T0 : 0x1c69a    : c_slli a5, 32              : IntAlu :  D=0x0000000100000000
1481000: system.cpu: T0 : 0x1c69c    : c_srli a5, 29              : IntAlu :  D=0x0000000000000008
1481500: system.cpu: T0 : 0x1c69e    : c_add a5, s1               : IntAlu :  D=0x000000000006f5d0
1482000: system.cpu: T0 : 0x1c6a0    : ld s2, 16(a5)              : MemRead :  D=0x0000000000000000 A=0x6f5e0
1482500: system.cpu: T0 : 0x1c6a4    : beq s2, zero, 170          : IntAlu : 
1483500: system.cpu: T0 : 0x1c74e    : addiw a5, s9, -1           : IntAlu :  D=0x0000000000000002
1484500: system.cpu: T0 : 0x1c752    : slliw a5, a5, 1            : IntAlu :  D=0x0000000000000004
1485000: system.cpu: T0 : 0x1c756    : c_slli a5, 32              : IntAlu :  D=0x0000000400000000
1485500: system.cpu: T0 : 0x1c758    : c_srli a5, 32              : IntAlu :  D=0x0000000000000004
1486000: system.cpu: T0 : 0x1c75a    : c_addi a5, 14              : IntAlu :  D=0x0000000000000012
1486500: system.cpu: T0 : 0x1c75c    : c_slli a5, 3               : IntAlu :  D=0x0000000000000090
1487000: system.cpu: T0 : 0x1c75e    : c_j -550                   : IntAlu : 
1487500: system.cpu: T0 : 0x1c538    : c_add a5, s1               : IntAlu :  D=0x000000000006f658
1488500: system.cpu: T0 : 0x1c53a    : ld s2, 8(a5)               : MemRead :  D=0x000000000006f648 A=0x6f660
1489500: system.cpu: T0 : 0x1c53e    : addi a3, a5, -16           : IntAlu :  D=0x000000000006f648
1490500: system.cpu: T0 : 0x1c542    : beq a3, s2, 748            : IntAlu : 
1491500: system.cpu: T0 : 0x1c82e    : srli t1, s0, 9             : IntAlu :  D=0x0000000000000000
1492500: system.cpu: T0 : 0x1c832    : addiw a5, t1, 91           : IntAlu :  D=0x000000000000005b
1493500: system.cpu: T0 : 0x1c836    : srli s10, s0, 6            : IntAlu :  D=0x0000000000000000
1494000: system.cpu: T0 : 0x1c83a    : c_sdsp a5, 96(sp)          : MemWrite :  D=0x000000000000005b A=0x7ffffffffffffb60
1494500: system.cpu: T0 : 0x1c83c    : addiw a5, s10, 48          : IntAlu :  D=0x0000000000000030
1495000: system.cpu: T0 : 0x1c840    : c_sdsp a5, 88(sp)          : MemWrite :  D=0x0000000000000030 A=0x7ffffffffffffb58
1496000: system.cpu: T0 : 0x1c842    : addi a5, zero, 110         : IntAlu :  D=0x000000000000006e
1496500: system.cpu: T0 : 0x1c846    : c_sdsp a5, 112(sp)         : MemWrite :  D=0x000000000000006e A=0x7ffffffffffffb70
1497000: system.cpu: T0 : 0x1c848    : addi a5, zero, 119         : IntAlu :  D=0x0000000000000077
1497500: system.cpu: T0 : 0x1c84c    : c_sdsp a5, 104(sp)         : MemWrite :  D=0x0000000000000077 A=0x7ffffffffffffb68
1498500: system.cpu: T0 : 0x1c84e    : addi a5, zero, 124         : IntAlu :  D=0x000000000000007c
1499000: system.cpu: T0 : 0x1c852    : c_sdsp s9, 8(sp)           : MemWrite :  D=0x0000000000000003 A=0x7ffffffffffffb08
1499500: system.cpu: T0 : 0x1c854    : c_sdsp a5, 120(sp)         : MemWrite :  D=0x000000000000007c A=0x7ffffffffffffb78
1500000: system.cpu: T0 : 0x1c856    : c_sdsp zero, 128(sp)       : MemWrite :  D=0x0000000000000000 A=0x7ffffffffffffb80
1500500: system.cpu: T0 : 0x1c858    : c_sdsp zero, 136(sp)       : MemWrite :  D=0x0000000000000000 A=0x7ffffffffffffb88
1501500: system.cpu: T0 : 0x1c85a    : ld a5, 40(tp)              : MemRead :  D=0x0000000000072f90 A=0x72738
1502500: system.cpu: T0 : 0x1c85e    : addi s6, s0, -17           : IntAlu :  D=0x000000000000001f
1503500: system.cpu: T0 : 0x1c862    : srli s6, s6, 4             : IntAlu :  D=0x0000000000000001
1504000: system.cpu: T0 : 0x1c866    : c_li s5, 0                 : IntAlu :  D=0x0000000000000000
1504500: system.cpu: T0 : 0x1c868    : c_beqz a5, 22              : IntAlu : 
1505500: system.cpu: T0 : 0x1c86a    : lui a5, 111                : IntAlu :  D=0x000000000006f000
1506500: system.cpu: T0 : 0x1c86e    : ld s5, 1448(a5)            : MemRead :  D=0x0000000000000040 A=0x6f5a8
1507500: system.cpu: T0 : 0x1c872    : sltu s5, s6, s5            : IntAlu :  D=0x0000000000000001
1508500: system.cpu: T0 : 0x1c876    : sub s5, zero, s5           : IntAlu :  D=0xffffffffffffffff
1509500: system.cpu: T0 : 0x1c87a    : and s5, s0, s5             : IntAlu :  D=0x0000000000000030
1510500: system.cpu: T0 : 0x1c87e    : lui a5, 111                : IntAlu :  D=0x000000000006f000
1511000: system.cpu: T0 : 0x1c882    : c_lui s11, 1               : IntAlu :  D=0x0000000000001000
1511500: system.cpu: T0 : 0x1c884    : lui s7, 111                : IntAlu :  D=0x000000000006f000
1512000: system.cpu: T0 : 0x1c888    : addi a5, a5, 1480          : IntAlu :  D=0x000000000006f5c8
1512500: system.cpu: T0 : 0x1c88c    : addi s8, s1, 96            : IntAlu :  D=0x000000000006f628
1513000: system.cpu: T0 : 0x1c890    : c_li t5, 0                 : IntAlu :  D=0x0000000000000000
1514000: system.cpu: T0 : 0x1c892    : addi s7, s7, 1368          : IntAlu :  D=0x000000000006f558
1515000: system.cpu: T0 : 0x1c896    : add a7, s1, s11            : IntAlu :  D=0x00000000000705c8
1515500: system.cpu: T0 : 0x1c89a    : c_sdsp a5, 56(sp)          : MemWrite :  D=0x000000000006f5c8 A=0x7ffffffffffffb38
1516000: system.cpu: T0 : 0x1c89c    : c_ld a5, 120(s1)           : MemRead :  D=0x000000000006f628 A=0x6f640
1517000: system.cpu: T0 : 0x1c89e    : beq a5, s8, 532            : IntAlu : 
1518000: system.cpu: T0 : 0x1cab2    : addi a5, zero, 1023        : IntAlu :  D=0x00000000000003ff
1519000: system.cpu: T0 : 0x1cab6    : bgeu a5, s0, 38            : IntAlu : 
1519500: system.cpu: T0 : 0x1cadc    : c_ldsp a3, 8(sp)           : MemRead :  D=0x0000000000000003 A=0x7ffffffffffffb08
1520000: system.cpu: T0 : 0x1cade    : c_li a0, 4                 : IntAlu :  D=0x0000000000000004
1520500: system.cpu: T0 : 0x1cae0    : addiw a5, a3, 1            : IntAlu :  D=0x0000000000000004
1521000: system.cpu: T0 : 0x1cae4    : srliw a4, a5, 5            : IntAlu :  D=0x0000000000000000
1521500: system.cpu: T0 : 0x1cae8    : slliw a3, a3, 1            : IntAlu :  D=0x0000000000000006
1522000: system.cpu: T0 : 0x1caec    : addi a4, a4, 536           : IntAlu :  D=0x0000000000000218
1522500: system.cpu: T0 : 0x1caf0    : c_slli a3, 32              : IntAlu :  D=0x0000000600000000
1523000: system.cpu: T0 : 0x1caf2    : c_slli a4, 2               : IntAlu :  D=0x0000000000000860
1523500: system.cpu: T0 : 0x1caf4    : c_srli a3, 32              : IntAlu :  D=0x0000000000000006
1524000: system.cpu: T0 : 0x1caf6    : c_add a4, s1               : IntAlu :  D=0x000000000006fe28
1524500: system.cpu: T0 : 0x1caf8    : c_slli a3, 3               : IntAlu :  D=0x0000000000000030
1525000: system.cpu: T0 : 0x1cafa    : c_lw a2, 0(a4)             : MemRead :  D=0x0000000000000000 A=0x6fe28
1525500: system.cpu: T0 : 0x1cafc    : addi a3, a3, 96            : IntAlu :  D=0x0000000000000090
1526000: system.cpu: T0 : 0x1cb00    : c_li a4, 1                 : IntAlu :  D=0x0000000000000001
1527000: system.cpu: T0 : 0x1cb02    : srliw s2, a5, 5            : IntAlu :  D=0x0000000000000000
1527500: system.cpu: T0 : 0x1cb06    : c_add a3, s1               : IntAlu :  D=0x000000000006f658
1528000: system.cpu: T0 : 0x1cb08    : sllw a5, a4, a5            : IntAlu :  D=0x0000000000000010
1528500: system.cpu: T0 : 0x1cb0c    : bltu a2, a5, 144           : IntAlu : 
1529000: system.cpu: T0 : 0x1cb9c    : addiw a5, s2, 1            : IntAlu :  D=0x0000000000000001
1529500: system.cpu: T0 : 0x1cba0    : addiw s2, a5, 0            : IntAlu :  D=0x0000000000000001
1530000: system.cpu: T0 : 0x1cba4    : bne s2, a0, -26            : IntAlu : 
1530500: system.cpu: T0 : 0x1cb8a    : c_slli a5, 32              : IntAlu :  D=0x0000000100000000
1531000: system.cpu: T0 : 0x1cb8c    : c_srli a5, 32              : IntAlu :  D=0x0000000000000001
1532000: system.cpu: T0 : 0x1cb8e    : addi a5, a5, 536           : IntAlu :  D=0x0000000000000219
1532500: system.cpu: T0 : 0x1cb92    : c_slli a5, 2               : IntAlu :  D=0x0000000000000864
1533000: system.cpu: T0 : 0x1cb94    : c_add a5, s1               : IntAlu :  D=0x000000000006fe2c
1533500: system.cpu: T0 : 0x1cb96    : c_lw a2, 0(a5)             : MemRead :  D=0x0000000000000000 A=0x6fe2c
1534000: system.cpu: T0 : 0x1cb98    : bne a2, zero, 384          : IntAlu : 
1534500: system.cpu: T0 : 0x1cb9c    : addiw a5, s2, 1            : IntAlu :  D=0x0000000000000002
1535000: system.cpu: T0 : 0x1cba0    : addiw s2, a5, 0            : IntAlu :  D=0x0000000000000002
1535500: system.cpu: T0 : 0x1cba4    : bne s2, a0, -26            : IntAlu : 
1536000: system.cpu: T0 : 0x1cb8a    : c_slli a5, 32              : IntAlu :  D=0x0000000200000000
1536500: system.cpu: T0 : 0x1cb8c    : c_srli a5, 32              : IntAlu :  D=0x0000000000000002
1537500: system.cpu: T0 : 0x1cb8e    : addi a5, a5, 536           : IntAlu :  D=0x000000000000021a
1538000: system.cpu: T0 : 0x1cb92    : c_slli a5, 2               : IntAlu :  D=0x0000000000000868
1538500: system.cpu: T0 : 0x1cb94    : c_add a5, s1               : IntAlu :  D=0x000000000006fe30
1539000: system.cpu: T0 : 0x1cb96    : c_lw a2, 0(a5)             : MemRead :  D=0x0000000000000000 A=0x6fe30
1539500: system.cpu: T0 : 0x1cb98    : bne a2, zero, 384          : IntAlu : 
1540000: system.cpu: T0 : 0x1cb9c    : addiw a5, s2, 1            : IntAlu :  D=0x0000000000000003
1540500: system.cpu: T0 : 0x1cba0    : addiw s2, a5, 0            : IntAlu :  D=0x0000000000000003
1541000: system.cpu: T0 : 0x1cba4    : bne s2, a0, -26            : IntAlu : 
1541500: system.cpu: T0 : 0x1cb8a    : c_slli a5, 32              : IntAlu :  D=0x0000000300000000
1542000: system.cpu: T0 : 0x1cb8c    : c_srli a5, 32              : IntAlu :  D=0x0000000000000003
1543000: system.cpu: T0 : 0x1cb8e    : addi a5, a5, 536           : IntAlu :  D=0x000000000000021b
1543500: system.cpu: T0 : 0x1cb92    : c_slli a5, 2               : IntAlu :  D=0x000000000000086c
1544000: system.cpu: T0 : 0x1cb94    : c_add a5, s1               : IntAlu :  D=0x000000000006fe34
1544500: system.cpu: T0 : 0x1cb96    : c_lw a2, 0(a5)             : MemRead :  D=0x0000000000000000 A=0x6fe34
1545000: system.cpu: T0 : 0x1cb98    : bne a2, zero, 384          : IntAlu : 
1545500: system.cpu: T0 : 0x1cb9c    : addiw a5, s2, 1            : IntAlu :  D=0x0000000000000004
1546000: system.cpu: T0 : 0x1cba0    : addiw s2, a5, 0            : IntAlu :  D=0x0000000000000004
1546500: system.cpu: T0 : 0x1cba4    : bne s2, a0, -26            : IntAlu : 
1547000: system.cpu: T0 : 0x1cba8    : c_ld a4, 96(s1)            : MemRead :  D=0x0000000000073210 A=0x6f628
1548000: system.cpu: T0 : 0x1cbaa    : ld a3, -1912(a7)           : MemRead :  D=0x0000000000021080 A=0x6fe50
1548500: system.cpu: T0 : 0x1cbae    : c_ld a5, 8(a4)             : MemRead :  D=0x0000000000020df1 A=0x73218
1549000: system.cpu: T0 : 0x1cbb0    : c_andi a5, 18446744073709551608 : IntAlu :  D=0x0000000000020df0
1550000: system.cpu: T0 : 0x1cbb2    : bltu a3, a5, 548           : IntAlu : 
1551000: system.cpu: T0 : 0x1cbb6    : addi a3, s0, 32            : IntAlu :  D=0x0000000000000050
1552000: system.cpu: T0 : 0x1cbba    : bgeu a5, a3, 640           : IntAlu : 
1553000: system.cpu: T0 : 0x1ce3a    : add a0, a4, s0             : IntAlu :  D=0x0000000000073240
1554000: system.cpu: T0 : 0x1ce3e    : lui a2, 111                : IntAlu :  D=0x000000000006f000
1554500: system.cpu: T0 : 0x1ce42    : c_sd a0, 96(s1)            : MemWrite :  D=0x0000000000073240 A=0x6f628
1555000: system.cpu: T0 : 0x1ce44    : addi a2, a2, 1480          : IntAlu :  D=0x000000000006f5c8
1555500: system.cpu: T0 : 0x1ce48    : c_sub a5, s0               : IntAlu :  D=0x0000000000020dc0
1556000: system.cpu: T0 : 0x1ce4a    : c_li a3, 4                 : IntAlu :  D=0x0000000000000004
1556500: system.cpu: T0 : 0x1ce4c    : beq s1, a2, 116            : IntAlu : 
1557000: system.cpu: T0 : 0x1cec0    : c_li a3, 0                 : IntAlu :  D=0x0000000000000000
1557500: system.cpu: T0 : 0x1cec2    : c_j -114                   : IntAlu : 
1558000: system.cpu: T0 : 0x1ce50    : c_or a3, s0                : IntAlu :  D=0x0000000000000030
1559000: system.cpu: T0 : 0x1ce52    : ori a3, a3, 1              : IntAlu :  D=0x0000000000000031
1560000: system.cpu: T0 : 0x1ce56    : lw a1, -1396(gp)           : MemRead :  D=0x0000000000000000 A=0x70ac4
1560500: system.cpu: T0 : 0x1ce5a    : c_sd a3, 8(a4)             : MemWrite :  D=0x0000000000000031 A=0x73218
1561000: system.cpu: T0 : 0x1ce5c    : ori a5, a5, 1              : IntAlu :  D=0x0000000000020dc1
1561500: system.cpu: T0 : 0x1ce60    : c_sd a5, 8(a0)             : MemWrite :  D=0x0000000000020dc1 A=0x73248
1562500: system.cpu: T0 : 0x1ce62    : addi s2, a4, 16            : IntAlu :  D=0x0000000000073220
1563500: system.cpu: T0 : 0x1ce66    : beq a1, zero, -1664        : IntAlu : 
1564000: system.cpu: T0 : 0x1c7e6    : c_ldsp ra, 248(sp)         : MemRead :  D=0x000000000001d964 A=0x7ffffffffffffbf8
1564500: system.cpu: T0 : 0x1c7e8    : c_ldsp s0, 240(sp)         : MemRead :  D=0x0000000000000024 A=0x7ffffffffffffbf0
1565000: system.cpu: T0 : 0x1c7ea    : c_ldsp s1, 232(sp)         : MemRead :  D=0x000000000006f000 A=0x7ffffffffffffbe8
1565500: system.cpu: T0 : 0x1c7ec    : c_ldsp s3, 216(sp)         : MemRead :  D=0x0000000000000000 A=0x7ffffffffffffbd8
1566000: system.cpu: T0 : 0x1c7ee    : c_ldsp s4, 208(sp)         : MemRead :  D=0x0000000000000000 A=0x7ffffffffffffbd0
1566500: system.cpu: T0 : 0x1c7f0    : c_ldsp s5, 200(sp)         : MemRead :  D=0x0000000000000000 A=0x7ffffffffffffbc8
1567000: system.cpu: T0 : 0x1c7f2    : c_ldsp s6, 192(sp)         : MemRead :  D=0x0000000000072000 A=0x7ffffffffffffbc0
1567500: system.cpu: T0 : 0x1c7f4    : c_ldsp s7, 184(sp)         : MemRead :  D=0x0000000000000000 A=0x7ffffffffffffbb8
1568000: system.cpu: T0 : 0x1c7f6    : c_ldsp s8, 176(sp)         : MemRead :  D=0x0000000000000000 A=0x7ffffffffffffbb0
1568500: system.cpu: T0 : 0x1c7f8    : c_ldsp s9, 168(sp)         : MemRead :  D=0x0000000000000003 A=0x7ffffffffffffba8
1569000: system.cpu: T0 : 0x1c7fa    : c_ldsp s10, 160(sp)        : MemRead :  D=0x0000000000000000 A=0x7ffffffffffffba0
1569500: system.cpu: T0 : 0x1c7fc    : c_ldsp s11, 152(sp)        : MemRead :  D=0x0000000000000000 A=0x7ffffffffffffb98
1570000: system.cpu: T0 : 0x1c7fe    : c_mv a0, s2                : IntAlu :  D=0x0000000000073220
1570500: system.cpu: T0 : 0x1c800    : c_ldsp s2, 224(sp)         : MemRead :  D=0x0000000000000002 A=0x7ffffffffffffbe0
1571000: system.cpu: T0 : 0x1c802    : c_addi16sp sp, 256         : IntAlu :  D=0x7ffffffffffffc00
1571500: system.cpu: T0 : 0x1c804    : c_jr ra                    : IntAlu : 
1572000: system.cpu: T0 : 0x1d964    : c_mv a5, a0                : IntAlu :  D=0x0000000000073220
1572500: system.cpu: T0 : 0x1d966    : c_beqz a0, 150             : IntAlu : 
1573000: system.cpu: T0 : 0x1d968    : ld a4, -8(a0)              : MemRead :  D=0x0000000000000031 A=0x73218
1573500: system.cpu: T0 : 0x1d96c    : andi a3, a4, 2             : IntAlu :  D=0x0000000000000000
1574000: system.cpu: T0 : 0x1d970    : c_bnez a3, 26              : IntAlu : 
1574500: system.cpu: T0 : 0x1d972    : c_andi a4, 4               : IntAlu :  D=0x0000000000000000
1575000: system.cpu: T0 : 0x1d974    : c_beqz a4, 22              : IntAlu : 
1575500: system.cpu: T0 : 0x1d98a    : c_ldsp ra, 24(sp)          : MemRead :  D=0x000000000003d9ee A=0x7ffffffffffffc18
1576000: system.cpu: T0 : 0x1d98c    : c_ldsp s0, 16(sp)          : MemRead :  D=0x7ffffffffffffcf0 A=0x7ffffffffffffc10
1576500: system.cpu: T0 : 0x1d98e    : c_ldsp s1, 8(sp)           : MemRead :  D=0x7ffffffffffffc20 A=0x7ffffffffffffc08
1577000: system.cpu: T0 : 0x1d990    : c_ldsp s2, 0(sp)           : MemRead :  D=0x0000000000000002 A=0x7ffffffffffffc00
1577500: system.cpu: T0 : 0x1d992    : c_mv a0, a5                : IntAlu :  D=0x0000000000073220
1578000: system.cpu: T0 : 0x1d994    : c_addi16sp sp, 32          : IntAlu :  D=0x7ffffffffffffc20
1578500: system.cpu: T0 : 0x1d996    : c_jr ra                    : IntAlu : 
1579000: system.cpu: T0 : 0x3d9ee    : c_mv s6, a0                : IntAlu :  D=0x0000000000073220
1579500: system.cpu: T0 : 0x3d9f0    : addi a5, s9, 1             : IntAlu :  D=0x0000000000000004
1580000: system.cpu: T0 : 0x3d9f4    : c_bnez a0, 64              : IntAlu : 
1580500: system.cpu: T0 : 0x3da34    : c_ld a1, 0(s1)             : MemRead :  D=0x0000000000061e10 A=0x7ffffffffffffc20
1581500: system.cpu: T0 : 0x3da36    : addi a0, a0, 32            : IntAlu :  D=0x0000000000073240
1582500: system.cpu: T0 : 0x3da3a    : sd a5, 8(s6)               : MemWrite :  D=0x0000000000000004 A=0x73228
1583500: system.cpu: T0 : 0x3da3e    : sd a0, 0(s6)               : MemWrite :  D=0x0000000000073240 A=0x73220
1584500: system.cpu: T0 : 0x3da42    : sd a0, 16(s6)              : MemWrite :  D=0x0000000000073240 A=0x73230
1585500: system.cpu: T0 : 0x3da46    : sd zero, 24(s6)            : MemWrite :  D=0x0000000000000000 A=0x73238
1586000: system.cpu: T0 : 0x3da4a    : c_mv a2, s9                : IntAlu :  D=0x0000000000000003
1586500: system.cpu: T0 : 0x3da4c    : jal ra, -123064            : IntAlu :  D=0x000000000003da50
1587000: system.cpu: T0 : 0x1f994    : c_addi sp, -16             : IntAlu :  D=0x7ffffffffffffc10
1587500: system.cpu: T0 : 0x1f996    : c_sdsp s0, 0(sp)           : MemWrite :  D=0x7ffffffffffffcf0 A=0x7ffffffffffffc10
1588000: system.cpu: T0 : 0x1f998    : c_sdsp ra, 8(sp)           : MemWrite :  D=0x000000000003da50 A=0x7ffffffffffffc18
1588500: system.cpu: T0 : 0x1f99a    : c_mv s0, a2                : IntAlu :  D=0x0000000000000003
1589000: system.cpu: T0 : 0x1f99c    : jal ra, 112                : IntAlu :  D=0x000000000001f9a0
1589500: system.cpu: T0 : 0x1fa0c    : c_addi16sp sp, -48         : IntAlu :  D=0x7ffffffffffffbe0
1590000: system.cpu: T0 : 0x1fa0e    : c_sdsp s0, 32(sp)          : MemWrite :  D=0x0000000000000003 A=0x7ffffffffffffc00
1590500: system.cpu: T0 : 0x1fa10    : c_sdsp s2, 16(sp)          : MemWrite :  D=0x0000000000000002 A=0x7ffffffffffffbf0
1591000: system.cpu: T0 : 0x1fa12    : c_sdsp ra, 40(sp)          : MemWrite :  D=0x000000000001f9a0 A=0x7ffffffffffffc08
1591500: system.cpu: T0 : 0x1fa14    : c_sdsp s1, 24(sp)          : MemWrite :  D=0x7ffffffffffffc20 A=0x7ffffffffffffbf8
1592000: system.cpu: T0 : 0x1fa16    : c_sdsp s3, 8(sp)           : MemWrite :  D=0x0000000000000000 A=0x7ffffffffffffbe8
1592500: system.cpu: T0 : 0x1fa18    : c_li a5, 15                : IntAlu :  D=0x000000000000000f
1593000: system.cpu: T0 : 0x1fa1a    : c_mv s2, a0                : IntAlu :  D=0x0000000000073240
1593500: system.cpu: T0 : 0x1fa1c    : c_mv a4, a0                : IntAlu :  D=0x0000000000073240
1594000: system.cpu: T0 : 0x1fa1e    : c_mv s0, a1                : IntAlu :  D=0x0000000000061e10
1594500: system.cpu: T0 : 0x1fa20    : bgeu a5, a2, 72            : IntAlu : 
1595000: system.cpu: T0 : 0x1fa68    : c_addi a4, -1              : IntAlu :  D=0x000000000007323f
1595500: system.cpu: T0 : 0x1fa6a    : c_mv a5, s0                : IntAlu :  D=0x0000000000061e10
1596000: system.cpu: T0 : 0x1fa6c    : add a1, a2, s0             : IntAlu :  D=0x0000000000061e13
1596500: system.cpu: T0 : 0x1fa70    : c_sub a4, s0               : IntAlu :  D=0x000000000001142f
1597000: system.cpu: T0 : 0x1fa72    : c_beqz a2, 20              : IntAlu : 
1597500: system.cpu: T0 : 0x1fa74    : lbu a2, 0(a5)              : MemRead :  D=0x0000000000000074 A=0x61e10
1598000: system.cpu: T0 : 0x1fa78    : c_addi a5, 1               : IntAlu :  D=0x0000000000061e11
1599000: system.cpu: T0 : 0x1fa7a    : add a3, a4, a5             : IntAlu :  D=0x0000000000073240
1600000: system.cpu: T0 : 0x1fa7e    : sb a2, 0(a3)               : MemWrite :  D=0x0000000000000074 A=0x73240
1601000: system.cpu: T0 : 0x1fa82    : bne a1, a5, -14            : IntAlu : 
1601500: system.cpu: T0 : 0x1fa74    : lbu a2, 0(a5)              : MemRead :  D=0x000000000000006c A=0x61e11
1602000: system.cpu: T0 : 0x1fa78    : c_addi a5, 1               : IntAlu :  D=0x0000000000061e12
1603000: system.cpu: T0 : 0x1fa7a    : add a3, a4, a5             : IntAlu :  D=0x0000000000073241
1604000: system.cpu: T0 : 0x1fa7e    : sb a2, 0(a3)               : MemWrite :  D=0x000000000000006c A=0x73241
1605000: system.cpu: T0 : 0x1fa82    : bne a1, a5, -14            : IntAlu : 
1605500: system.cpu: T0 : 0x1fa74    : lbu a2, 0(a5)              : MemRead :  D=0x0000000000000073 A=0x61e12
1606000: system.cpu: T0 : 0x1fa78    : c_addi a5, 1               : IntAlu :  D=0x0000000000061e13
1607000: system.cpu: T0 : 0x1fa7a    : add a3, a4, a5             : IntAlu :  D=0x0000000000073242
1608000: system.cpu: T0 : 0x1fa7e    : sb a2, 0(a3)               : MemWrite :  D=0x0000000000000073 A=0x73242
1609000: system.cpu: T0 : 0x1fa82    : bne a1, a5, -14            : IntAlu : 
1609500: system.cpu: T0 : 0x1fa86    : c_ldsp ra, 40(sp)          : MemRead :  D=0x000000000001f9a0 A=0x7ffffffffffffc08
1610000: system.cpu: T0 : 0x1fa88    : c_ldsp s0, 32(sp)          : MemRead :  D=0x0000000000000003 A=0x7ffffffffffffc00
1610500: system.cpu: T0 : 0x1fa8a    : c_ldsp s1, 24(sp)          : MemRead :  D=0x7ffffffffffffc20 A=0x7ffffffffffffbf8
1611000: system.cpu: T0 : 0x1fa8c    : c_ldsp s3, 8(sp)           : MemRead :  D=0x0000000000000000 A=0x7ffffffffffffbe8
1611500: system.cpu: T0 : 0x1fa8e    : c_mv a0, s2                : IntAlu :  D=0x0000000000073240
1612000: system.cpu: T0 : 0x1fa90    : c_ldsp s2, 16(sp)          : MemRead :  D=0x0000000000000002 A=0x7ffffffffffffbf0
1612500: system.cpu: T0 : 0x1fa92    : c_addi16sp sp, 48          : IntAlu :  D=0x7ffffffffffffc10
1613000: system.cpu: T0 : 0x1fa94    : c_jr ra                    : IntAlu : 
1613500: system.cpu: T0 : 0x1f9a0    : c_ldsp ra, 8(sp)           : MemRead :  D=0x000000000003da50 A=0x7ffffffffffffc18
1614000: system.cpu: T0 : 0x1f9a2    : c_add a0, s0               : IntAlu :  D=0x0000000000073243
1614500: system.cpu: T0 : 0x1f9a4    : c_ldsp s0, 0(sp)           : MemRead :  D=0x7ffffffffffffcf0 A=0x7ffffffffffffc10
1615000: system.cpu: T0 : 0x1f9a6    : c_addi sp, 16              : IntAlu :  D=0x7ffffffffffffc20
1615500: system.cpu: T0 : 0x1f9a8    : c_jr ra                    : IntAlu : 
1616000: system.cpu: T0 : 0x3da50    : ld a4, -136(s0)            : MemRead :  D=0x000000000006efd0 A=0x7ffffffffffffc68
1616500: system.cpu: T0 : 0x3da54    : addi a5, zero, 47          : IntAlu :  D=0x000000000000002f
1617000: system.cpu: T0 : 0x3da58    : sb a5, 0(a0)               : MemWrite :  D=0x000000000000002f A=0x73243
1617500: system.cpu: T0 : 0x3da5c    : sd s2, 0(a4)               : MemWrite :  D=0x0000000000000002 A=0x6efd0
1618000: system.cpu: T0 : 0x3da60    : ld a5, 8(s6)               : MemRead :  D=0x0000000000000004 A=0x73228
1618500: system.cpu: T0 : 0x3da64    : ld a4, -160(s0)            : MemRead :  D=0x000000000006efc8 A=0x7ffffffffffffc50
1619000: system.cpu: T0 : 0x3da68    : c_sd a5, 0(a4)             : MemWrite :  D=0x0000000000000004 A=0x6efc8
1619500: system.cpu: T0 : 0x3da6a    : c_j -178                   : IntAlu : 
1620000: system.cpu: T0 : 0x3d9b8    : addi sp, s0, -192          : IntAlu :  D=0x7ffffffffffffc30
1620500: system.cpu: T0 : 0x3d9bc    : c_ldsp ra, 184(sp)         : MemRead :  D=0x000000000003af28 A=0x7ffffffffffffce8
1621000: system.cpu: T0 : 0x3d9be    : c_mv a0, s6                : IntAlu :  D=0x0000000000073220
1621500: system.cpu: T0 : 0x3d9c0    : c_ldsp s0, 176(sp)         : MemRead :  D=0x7ffffffffffffd30 A=0x7ffffffffffffce0
1622000: system.cpu: T0 : 0x3d9c2    : c_ldsp s1, 168(sp)         : MemRead :  D=0x000000000006fe60 A=0x7ffffffffffffcd8
1622500: system.cpu: T0 : 0x3d9c4    : c_ldsp s2, 160(sp)         : MemRead :  D=0x0000000000000000 A=0x7ffffffffffffcd0
1623000: system.cpu: T0 : 0x3d9c6    : c_ldsp s3, 152(sp)         : MemRead :  D=0x000000000006efc0 A=0x7ffffffffffffcc8
1623500: system.cpu: T0 : 0x3d9c8    : c_ldsp s4, 144(sp)         : MemRead :  D=0x0000000000070000 A=0x7ffffffffffffcc0
1624000: system.cpu: T0 : 0x3d9ca    : c_ldsp s5, 136(sp)         : MemRead :  D=0x0000000000072000 A=0x7ffffffffffffcb8
1624500: system.cpu: T0 : 0x3d9cc    : c_ldsp s6, 128(sp)         : MemRead :  D=0x0000000000072000 A=0x7ffffffffffffcb0
1625000: system.cpu: T0 : 0x3d9ce    : c_ldsp s7, 120(sp)         : MemRead :  D=0x0000000000000000 A=0x7ffffffffffffca8
1625500: system.cpu: T0 : 0x3d9d0    : c_ldsp s8, 112(sp)         : MemRead :  D=0x0000000000000000 A=0x7ffffffffffffca0
1626000: system.cpu: T0 : 0x3d9d2    : c_ldsp s9, 104(sp)         : MemRead :  D=0x0000000000000000 A=0x7ffffffffffffc98
1626500: system.cpu: T0 : 0x3d9d4    : c_ldsp s10, 96(sp)         : MemRead :  D=0x0000000000000000 A=0x7ffffffffffffc90
1627000: system.cpu: T0 : 0x3d9d6    : c_ldsp s11, 88(sp)         : MemRead :  D=0x0000000000000000 A=0x7ffffffffffffc88
1627500: system.cpu: T0 : 0x3d9d8    : c_addi16sp sp, 192         : IntAlu :  D=0x7ffffffffffffcf0
1628000: system.cpu: T0 : 0x3d9da    : c_jr ra                    : IntAlu : 
1628500: system.cpu: T0 : 0x3af28    : c_mv a5, a0                : IntAlu :  D=0x0000000000073220
1629500: system.cpu: T0 : 0x3af2a    : addi a0, zero, 40          : IntAlu :  D=0x0000000000000028
1630500: system.cpu: T0 : 0x3af2e    : sd a5, 24(s3)              : MemWrite :  D=0x0000000000073220 A=0x6efd8
1631500: system.cpu: T0 : 0x3af32    : jal ra, -120344            : IntAlu :  D=0x000000000003af36
1632500: system.cpu: T0 : 0x1d91a    : ld t1, -1848(gp)           : MemRead :  D=0x0000000000000000 A=0x70900
1633500: system.cpu: T0 : 0x1d91e    : bne t1, zero, 260          : IntAlu : 
1634000: system.cpu: T0 : 0x1d922    : c_addi sp, -32             : IntAlu :  D=0x7ffffffffffffcd0
1634500: system.cpu: T0 : 0x1d924    : c_sdsp s0, 16(sp)          : MemWrite :  D=0x7ffffffffffffd30 A=0x7ffffffffffffce0
1635000: system.cpu: T0 : 0x1d926    : c_sdsp ra, 24(sp)          : MemWrite :  D=0x000000000003af36 A=0x7ffffffffffffce8
1635500: system.cpu: T0 : 0x1d928    : c_sdsp s1, 8(sp)           : MemWrite :  D=0x000000000006fe60 A=0x7ffffffffffffcd8
1636000: system.cpu: T0 : 0x1d92a    : c_sdsp s2, 0(sp)           : MemWrite :  D=0x0000000000000000 A=0x7ffffffffffffcd0
1636500: system.cpu: T0 : 0x1d92c    : c_mv s0, a0                : IntAlu :  D=0x0000000000000028
1637500: system.cpu: T0 : 0x1d92e    : blt a0, zero, 222          : IntAlu : 
1638500: system.cpu: T0 : 0x1d932    : addi a5, a0, 23            : IntAlu :  D=0x000000000000003f
1639000: system.cpu: T0 : 0x1d936    : c_li a4, 31                : IntAlu :  D=0x000000000000001f
1639500: system.cpu: T0 : 0x1d938    : c_li s1, 0                 : IntAlu :  D=0x0000000000000000
1640500: system.cpu: T0 : 0x1d93a    : bltu a4, a5, 94            : IntAlu : 
1641000: system.cpu: T0 : 0x1d998    : c_andi a5, 18446744073709551600 : IntAlu :  D=0x0000000000000030
1641500: system.cpu: T0 : 0x1d99a    : c_addi a5, -17             : IntAlu :  D=0x000000000000001f
1642000: system.cpu: T0 : 0x1d99c    : srli s1, a5, 4             : IntAlu :  D=0x0000000000000001
1642500: system.cpu: T0 : 0x1d9a0    : c_j -98                    : IntAlu : 
1643500: system.cpu: T0 : 0x1d93e    : ld a4, 40(tp)              : MemRead :  D=0x0000000000072f90 A=0x72738
1644000: system.cpu: T0 : 0x1d942    : c_beqz a4, 96              : IntAlu : 
1644500: system.cpu: T0 : 0x1d944    : lui a5, 111                : IntAlu :  D=0x000000000006f000
1645000: system.cpu: T0 : 0x1d948    : ld a5, 1448(a5)            : MemRead :  D=0x0000000000000040 A=0x6f5a8
1645500: system.cpu: T0 : 0x1d94c    : bltu s1, a5, 114           : IntAlu : 
1646500: system.cpu: T0 : 0x1d9be    : slli a3, s1, 1             : IntAlu :  D=0x0000000000000002
1647000: system.cpu: T0 : 0x1d9c2    : c_add a3, a4               : IntAlu :  D=0x0000000000072f92
1647500: system.cpu: T0 : 0x1d9c4    : lhu a2, 0(a3)              : MemRead :  D=0x0000000000000000 A=0x72f92
1648000: system.cpu: T0 : 0x1d9c8    : c_beqz a2, -120            : IntAlu : 
1648500: system.cpu: T0 : 0x1d950    : lw a5, -1808(tp)           : MemRead :  D=0x0000000000000000 A=0x72000
1649000: system.cpu: T0 : 0x1d954    : c_bnez a5, 210             : IntAlu : 
1650000: system.cpu: T0 : 0x1d956    : lui s1, 111                : IntAlu :  D=0x000000000006f000
1650500: system.cpu: T0 : 0x1d95a    : c_mv a1, s0                : IntAlu :  D=0x0000000000000028
1651000: system.cpu: T0 : 0x1d95c    : addi a0, s1, 1480          : IntAlu :  D=0x000000000006f5c8
1651500: system.cpu: T0 : 0x1d960    : jal ra, -5228              : IntAlu :  D=0x000000000001d964
1652000: system.cpu: T0 : 0x1c4f4    : c_addi16sp sp, -256        : IntAlu :  D=0x7ffffffffffffbd0
1652500: system.cpu: T0 : 0x1c4f6    : c_sdsp ra, 248(sp)         : MemWrite :  D=0x000000000001d964 A=0x7ffffffffffffcc8
1653000: system.cpu: T0 : 0x1c4f8    : c_sdsp s0, 240(sp)         : MemWrite :  D=0x0000000000000028 A=0x7ffffffffffffcc0
1653500: system.cpu: T0 : 0x1c4fa    : c_sdsp s1, 232(sp)         : MemWrite :  D=0x000000000006f000 A=0x7ffffffffffffcb8
1654000: system.cpu: T0 : 0x1c4fc    : c_sdsp s2, 224(sp)         : MemWrite :  D=0x0000000000000000 A=0x7ffffffffffffcb0
1654500: system.cpu: T0 : 0x1c4fe    : c_sdsp s3, 216(sp)         : MemWrite :  D=0x000000000006efc0 A=0x7ffffffffffffca8
1655000: system.cpu: T0 : 0x1c500    : c_sdsp s4, 208(sp)         : MemWrite :  D=0x0000000000070000 A=0x7ffffffffffffca0
1655500: system.cpu: T0 : 0x1c502    : c_sdsp s5, 200(sp)         : MemWrite :  D=0x0000000000072000 A=0x7ffffffffffffc98
1656000: system.cpu: T0 : 0x1c504    : c_sdsp s6, 192(sp)         : MemWrite :  D=0x0000000000072000 A=0x7ffffffffffffc90
1656500: system.cpu: T0 : 0x1c506    : c_sdsp s7, 184(sp)         : MemWrite :  D=0x0000000000000000 A=0x7ffffffffffffc88
1657000: system.cpu: T0 : 0x1c508    : c_sdsp s8, 176(sp)         : MemWrite :  D=0x0000000000000000 A=0x7ffffffffffffc80
1657500: system.cpu: T0 : 0x1c50a    : c_sdsp s9, 168(sp)         : MemWrite :  D=0x0000000000000000 A=0x7ffffffffffffc78
1658000: system.cpu: T0 : 0x1c50c    : c_sdsp s10, 160(sp)        : MemWrite :  D=0x0000000000000000 A=0x7ffffffffffffc70
1658500: system.cpu: T0 : 0x1c50e    : c_sdsp s11, 152(sp)        : MemWrite :  D=0x0000000000000000 A=0x7ffffffffffffc68
1659000: system.cpu: T0 : 0x1c510    : blt a1, zero, 1198         : IntAlu : 
1659500: system.cpu: T0 : 0x1c514    : addi s0, a1, 23            : IntAlu :  D=0x000000000000003f
1660000: system.cpu: T0 : 0x1c518    : c_li a5, 31                : IntAlu :  D=0x000000000000001f
1660500: system.cpu: T0 : 0x1c51a    : c_mv s3, a1                : IntAlu :  D=0x0000000000000028
1661000: system.cpu: T0 : 0x1c51c    : c_mv s1, a0                : IntAlu :  D=0x000000000006f5c8
1662000: system.cpu: T0 : 0x1c51e    : bltu a5, s0, 220           : IntAlu : 
1662500: system.cpu: T0 : 0x1c5fa    : c_andi s0, 18446744073709551600 : IntAlu :  D=0x0000000000000030
1663000: system.cpu: T0 : 0x1c5fc    : beq a0, zero, 988          : IntAlu : 
1663500: system.cpu: T0 : 0x1c600    : ld a4, -1376(gp)           : MemRead :  D=0x0000000000000080 A=0x70ad8
1664000: system.cpu: T0 : 0x1c604    : srliw s9, s0, 4            : IntAlu :  D=0x0000000000000003
1664500: system.cpu: T0 : 0x1c608    : srliw a5, s0, 4            : IntAlu :  D=0x0000000000000003
1665000: system.cpu: T0 : 0x1c60c    : bgeu a4, s0, 506           : IntAlu : 
1665500: system.cpu: T0 : 0x1c806    : c_addiw a5, -2             : IntAlu :  D=0x0000000000000001
1666000: system.cpu: T0 : 0x1c808    : slli a2, a5, 32            : IntAlu :  D=0x0000000100000000
1666500: system.cpu: T0 : 0x1c80c    : c_srli a2, 32              : IntAlu :  D=0x0000000000000001
1667000: system.cpu: T0 : 0x1c80e    : c_addi a2, 2               : IntAlu :  D=0x0000000000000003
1667500: system.cpu: T0 : 0x1c810    : c_slli a2, 3               : IntAlu :  D=0x0000000000000018
1668000: system.cpu: T0 : 0x1c812    : c_j -376                   : IntAlu : 
1668500: system.cpu: T0 : 0x1c69a    : c_slli a5, 32              : IntAlu :  D=0x0000000100000000
1669000: system.cpu: T0 : 0x1c69c    : c_srli a5, 29              : IntAlu :  D=0x0000000000000008
1669500: system.cpu: T0 : 0x1c69e    : c_add a5, s1               : IntAlu :  D=0x000000000006f5d0
1670000: system.cpu: T0 : 0x1c6a0    : ld s2, 16(a5)              : MemRead :  D=0x0000000000000000 A=0x6f5e0
1670500: system.cpu: T0 : 0x1c6a4    : beq s2, zero, 170          : IntAlu : 
1671500: system.cpu: T0 : 0x1c74e    : addiw a5, s9, -1           : IntAlu :  D=0x0000000000000002
1672500: system.cpu: T0 : 0x1c752    : slliw a5, a5, 1            : IntAlu :  D=0x0000000000000004
1673000: system.cpu: T0 : 0x1c756    : c_slli a5, 32              : IntAlu :  D=0x0000000400000000
1673500: system.cpu: T0 : 0x1c758    : c_srli a5, 32              : IntAlu :  D=0x0000000000000004
1674000: system.cpu: T0 : 0x1c75a    : c_addi a5, 14              : IntAlu :  D=0x0000000000000012
1674500: system.cpu: T0 : 0x1c75c    : c_slli a5, 3               : IntAlu :  D=0x0000000000000090
1675000: system.cpu: T0 : 0x1c75e    : c_j -550                   : IntAlu : 
1675500: system.cpu: T0 : 0x1c538    : c_add a5, s1               : IntAlu :  D=0x000000000006f658
1676500: system.cpu: T0 : 0x1c53a    : ld s2, 8(a5)               : MemRead :  D=0x000000000006f648 A=0x6f660
1677500: system.cpu: T0 : 0x1c53e    : addi a3, a5, -16           : IntAlu :  D=0x000000000006f648
1678500: system.cpu: T0 : 0x1c542    : beq a3, s2, 748            : IntAlu : 
1679500: system.cpu: T0 : 0x1c82e    : srli t1, s0, 9             : IntAlu :  D=0x0000000000000000
1680500: system.cpu: T0 : 0x1c832    : addiw a5, t1, 91           : IntAlu :  D=0x000000000000005b
1681500: system.cpu: T0 : 0x1c836    : srli s10, s0, 6            : IntAlu :  D=0x0000000000000000
1682000: system.cpu: T0 : 0x1c83a    : c_sdsp a5, 96(sp)          : MemWrite :  D=0x000000000000005b A=0x7ffffffffffffc30
1682500: system.cpu: T0 : 0x1c83c    : addiw a5, s10, 48          : IntAlu :  D=0x0000000000000030
1683000: system.cpu: T0 : 0x1c840    : c_sdsp a5, 88(sp)          : MemWrite :  D=0x0000000000000030 A=0x7ffffffffffffc28
1684000: system.cpu: T0 : 0x1c842    : addi a5, zero, 110         : IntAlu :  D=0x000000000000006e
1684500: system.cpu: T0 : 0x1c846    : c_sdsp a5, 112(sp)         : MemWrite :  D=0x000000000000006e A=0x7ffffffffffffc40
1685000: system.cpu: T0 : 0x1c848    : addi a5, zero, 119         : IntAlu :  D=0x0000000000000077
1685500: system.cpu: T0 : 0x1c84c    : c_sdsp a5, 104(sp)         : MemWrite :  D=0x0000000000000077 A=0x7ffffffffffffc38
1686500: system.cpu: T0 : 0x1c84e    : addi a5, zero, 124         : IntAlu :  D=0x000000000000007c
1687000: system.cpu: T0 : 0x1c852    : c_sdsp s9, 8(sp)           : MemWrite :  D=0x0000000000000003 A=0x7ffffffffffffbd8
1687500: system.cpu: T0 : 0x1c854    : c_sdsp a5, 120(sp)         : MemWrite :  D=0x000000000000007c A=0x7ffffffffffffc48
1688000: system.cpu: T0 : 0x1c856    : c_sdsp zero, 128(sp)       : MemWrite :  D=0x0000000000000000 A=0x7ffffffffffffc50
1688500: system.cpu: T0 : 0x1c858    : c_sdsp zero, 136(sp)       : MemWrite :  D=0x0000000000000000 A=0x7ffffffffffffc58
1689500: system.cpu: T0 : 0x1c85a    : ld a5, 40(tp)              : MemRead :  D=0x0000000000072f90 A=0x72738
1690500: system.cpu: T0 : 0x1c85e    : addi s6, s0, -17           : IntAlu :  D=0x000000000000001f
1691500: system.cpu: T0 : 0x1c862    : srli s6, s6, 4             : IntAlu :  D=0x0000000000000001
1692000: system.cpu: T0 : 0x1c866    : c_li s5, 0                 : IntAlu :  D=0x0000000000000000
1692500: system.cpu: T0 : 0x1c868    : c_beqz a5, 22              : IntAlu : 
1693500: system.cpu: T0 : 0x1c86a    : lui a5, 111                : IntAlu :  D=0x000000000006f000
1694500: system.cpu: T0 : 0x1c86e    : ld s5, 1448(a5)            : MemRead :  D=0x0000000000000040 A=0x6f5a8
1695500: system.cpu: T0 : 0x1c872    : sltu s5, s6, s5            : IntAlu :  D=0x0000000000000001
1696500: system.cpu: T0 : 0x1c876    : sub s5, zero, s5           : IntAlu :  D=0xffffffffffffffff
1697500: system.cpu: T0 : 0x1c87a    : and s5, s0, s5             : IntAlu :  D=0x0000000000000030
1698500: system.cpu: T0 : 0x1c87e    : lui a5, 111                : IntAlu :  D=0x000000000006f000
1699000: system.cpu: T0 : 0x1c882    : c_lui s11, 1               : IntAlu :  D=0x0000000000001000
1699500: system.cpu: T0 : 0x1c884    : lui s7, 111                : IntAlu :  D=0x000000000006f000
1700000: system.cpu: T0 : 0x1c888    : addi a5, a5, 1480          : IntAlu :  D=0x000000000006f5c8
1700500: system.cpu: T0 : 0x1c88c    : addi s8, s1, 96            : IntAlu :  D=0x000000000006f628
1701000: system.cpu: T0 : 0x1c890    : c_li t5, 0                 : IntAlu :  D=0x0000000000000000
1702000: system.cpu: T0 : 0x1c892    : addi s7, s7, 1368          : IntAlu :  D=0x000000000006f558
1703000: system.cpu: T0 : 0x1c896    : add a7, s1, s11            : IntAlu :  D=0x00000000000705c8
1703500: system.cpu: T0 : 0x1c89a    : c_sdsp a5, 56(sp)          : MemWrite :  D=0x000000000006f5c8 A=0x7ffffffffffffc08
1704000: system.cpu: T0 : 0x1c89c    : c_ld a5, 120(s1)           : MemRead :  D=0x000000000006f628 A=0x6f640
1705000: system.cpu: T0 : 0x1c89e    : beq a5, s8, 532            : IntAlu : 
1706000: system.cpu: T0 : 0x1cab2    : addi a5, zero, 1023        : IntAlu :  D=0x00000000000003ff
1707000: system.cpu: T0 : 0x1cab6    : bgeu a5, s0, 38            : IntAlu : 
1707500: system.cpu: T0 : 0x1cadc    : c_ldsp a3, 8(sp)           : MemRead :  D=0x0000000000000003 A=0x7ffffffffffffbd8
1708000: system.cpu: T0 : 0x1cade    : c_li a0, 4                 : IntAlu :  D=0x0000000000000004
1708500: system.cpu: T0 : 0x1cae0    : addiw a5, a3, 1            : IntAlu :  D=0x0000000000000004
1709000: system.cpu: T0 : 0x1cae4    : srliw a4, a5, 5            : IntAlu :  D=0x0000000000000000
1709500: system.cpu: T0 : 0x1cae8    : slliw a3, a3, 1            : IntAlu :  D=0x0000000000000006
1710000: system.cpu: T0 : 0x1caec    : addi a4, a4, 536           : IntAlu :  D=0x0000000000000218
1710500: system.cpu: T0 : 0x1caf0    : c_slli a3, 32              : IntAlu :  D=0x0000000600000000
1711000: system.cpu: T0 : 0x1caf2    : c_slli a4, 2               : IntAlu :  D=0x0000000000000860
1711500: system.cpu: T0 : 0x1caf4    : c_srli a3, 32              : IntAlu :  D=0x0000000000000006
1712000: system.cpu: T0 : 0x1caf6    : c_add a4, s1               : IntAlu :  D=0x000000000006fe28
1712500: system.cpu: T0 : 0x1caf8    : c_slli a3, 3               : IntAlu :  D=0x0000000000000030
1713000: system.cpu: T0 : 0x1cafa    : c_lw a2, 0(a4)             : MemRead :  D=0x0000000000000000 A=0x6fe28
1713500: system.cpu: T0 : 0x1cafc    : addi a3, a3, 96            : IntAlu :  D=0x0000000000000090
1714000: system.cpu: T0 : 0x1cb00    : c_li a4, 1                 : IntAlu :  D=0x0000000000000001
1715000: system.cpu: T0 : 0x1cb02    : srliw s2, a5, 5            : IntAlu :  D=0x0000000000000000
1715500: system.cpu: T0 : 0x1cb06    : c_add a3, s1               : IntAlu :  D=0x000000000006f658
1716000: system.cpu: T0 : 0x1cb08    : sllw a5, a4, a5            : IntAlu :  D=0x0000000000000010
1716500: system.cpu: T0 : 0x1cb0c    : bltu a2, a5, 144           : IntAlu : 
1717000: system.cpu: T0 : 0x1cb9c    : addiw a5, s2, 1            : IntAlu :  D=0x0000000000000001
1717500: system.cpu: T0 : 0x1cba0    : addiw s2, a5, 0            : IntAlu :  D=0x0000000000000001
1718000: system.cpu: T0 : 0x1cba4    : bne s2, a0, -26            : IntAlu : 
1718500: system.cpu: T0 : 0x1cb8a    : c_slli a5, 32              : IntAlu :  D=0x0000000100000000
1719000: system.cpu: T0 : 0x1cb8c    : c_srli a5, 32              : IntAlu :  D=0x0000000000000001
1720000: system.cpu: T0 : 0x1cb8e    : addi a5, a5, 536           : IntAlu :  D=0x0000000000000219
1720500: system.cpu: T0 : 0x1cb92    : c_slli a5, 2               : IntAlu :  D=0x0000000000000864
1721000: system.cpu: T0 : 0x1cb94    : c_add a5, s1               : IntAlu :  D=0x000000000006fe2c
1721500: system.cpu: T0 : 0x1cb96    : c_lw a2, 0(a5)             : MemRead :  D=0x0000000000000000 A=0x6fe2c
1722000: system.cpu: T0 : 0x1cb98    : bne a2, zero, 384          : IntAlu : 
1722500: system.cpu: T0 : 0x1cb9c    : addiw a5, s2, 1            : IntAlu :  D=0x0000000000000002
1723000: system.cpu: T0 : 0x1cba0    : addiw s2, a5, 0            : IntAlu :  D=0x0000000000000002
1723500: system.cpu: T0 : 0x1cba4    : bne s2, a0, -26            : IntAlu : 
1724000: system.cpu: T0 : 0x1cb8a    : c_slli a5, 32              : IntAlu :  D=0x0000000200000000
1724500: system.cpu: T0 : 0x1cb8c    : c_srli a5, 32              : IntAlu :  D=0x0000000000000002
1725500: system.cpu: T0 : 0x1cb8e    : addi a5, a5, 536           : IntAlu :  D=0x000000000000021a
1726000: system.cpu: T0 : 0x1cb92    : c_slli a5, 2               : IntAlu :  D=0x0000000000000868
1726500: system.cpu: T0 : 0x1cb94    : c_add a5, s1               : IntAlu :  D=0x000000000006fe30
1727000: system.cpu: T0 : 0x1cb96    : c_lw a2, 0(a5)             : MemRead :  D=0x0000000000000000 A=0x6fe30
1727500: system.cpu: T0 : 0x1cb98    : bne a2, zero, 384          : IntAlu : 
1728000: system.cpu: T0 : 0x1cb9c    : addiw a5, s2, 1            : IntAlu :  D=0x0000000000000003
1728500: system.cpu: T0 : 0x1cba0    : addiw s2, a5, 0            : IntAlu :  D=0x0000000000000003
1729000: system.cpu: T0 : 0x1cba4    : bne s2, a0, -26            : IntAlu : 
1729500: system.cpu: T0 : 0x1cb8a    : c_slli a5, 32              : IntAlu :  D=0x0000000300000000
1730000: system.cpu: T0 : 0x1cb8c    : c_srli a5, 32              : IntAlu :  D=0x0000000000000003
1731000: system.cpu: T0 : 0x1cb8e    : addi a5, a5, 536           : IntAlu :  D=0x000000000000021b
1731500: system.cpu: T0 : 0x1cb92    : c_slli a5, 2               : IntAlu :  D=0x000000000000086c
1732000: system.cpu: T0 : 0x1cb94    : c_add a5, s1               : IntAlu :  D=0x000000000006fe34
1732500: system.cpu: T0 : 0x1cb96    : c_lw a2, 0(a5)             : MemRead :  D=0x0000000000000000 A=0x6fe34
1733000: system.cpu: T0 : 0x1cb98    : bne a2, zero, 384          : IntAlu : 
1733500: system.cpu: T0 : 0x1cb9c    : addiw a5, s2, 1            : IntAlu :  D=0x0000000000000004
1734000: system.cpu: T0 : 0x1cba0    : addiw s2, a5, 0            : IntAlu :  D=0x0000000000000004
1734500: system.cpu: T0 : 0x1cba4    : bne s2, a0, -26            : IntAlu : 
1735000: system.cpu: T0 : 0x1cba8    : c_ld a4, 96(s1)            : MemRead :  D=0x0000000000073240 A=0x6f628
1736000: system.cpu: T0 : 0x1cbaa    : ld a3, -1912(a7)           : MemRead :  D=0x0000000000021080 A=0x6fe50
1736500: system.cpu: T0 : 0x1cbae    : c_ld a5, 8(a4)             : MemRead :  D=0x0000000000020dc1 A=0x73248
1737000: system.cpu: T0 : 0x1cbb0    : c_andi a5, 18446744073709551608 : IntAlu :  D=0x0000000000020dc0
1738000: system.cpu: T0 : 0x1cbb2    : bltu a3, a5, 548           : IntAlu : 
1739000: system.cpu: T0 : 0x1cbb6    : addi a3, s0, 32            : IntAlu :  D=0x0000000000000050
1740000: system.cpu: T0 : 0x1cbba    : bgeu a5, a3, 640           : IntAlu : 
1741000: system.cpu: T0 : 0x1ce3a    : add a0, a4, s0             : IntAlu :  D=0x0000000000073270
1742000: system.cpu: T0 : 0x1ce3e    : lui a2, 111                : IntAlu :  D=0x000000000006f000
1742500: system.cpu: T0 : 0x1ce42    : c_sd a0, 96(s1)            : MemWrite :  D=0x0000000000073270 A=0x6f628
1743000: system.cpu: T0 : 0x1ce44    : addi a2, a2, 1480          : IntAlu :  D=0x000000000006f5c8
1743500: system.cpu: T0 : 0x1ce48    : c_sub a5, s0               : IntAlu :  D=0x0000000000020d90
1744000: system.cpu: T0 : 0x1ce4a    : c_li a3, 4                 : IntAlu :  D=0x0000000000000004
1744500: system.cpu: T0 : 0x1ce4c    : beq s1, a2, 116            : IntAlu : 
1745000: system.cpu: T0 : 0x1cec0    : c_li a3, 0                 : IntAlu :  D=0x0000000000000000
1745500: system.cpu: T0 : 0x1cec2    : c_j -114                   : IntAlu : 
1746000: system.cpu: T0 : 0x1ce50    : c_or a3, s0                : IntAlu :  D=0x0000000000000030
1747000: system.cpu: T0 : 0x1ce52    : ori a3, a3, 1              : IntAlu :  D=0x0000000000000031
1748000: system.cpu: T0 : 0x1ce56    : lw a1, -1396(gp)           : MemRead :  D=0x0000000000000000 A=0x70ac4
1748500: system.cpu: T0 : 0x1ce5a    : c_sd a3, 8(a4)             : MemWrite :  D=0x0000000000000031 A=0x73248
1749000: system.cpu: T0 : 0x1ce5c    : ori a5, a5, 1              : IntAlu :  D=0x0000000000020d91
1749500: system.cpu: T0 : 0x1ce60    : c_sd a5, 8(a0)             : MemWrite :  D=0x0000000000020d91 A=0x73278
1750500: system.cpu: T0 : 0x1ce62    : addi s2, a4, 16            : IntAlu :  D=0x0000000000073250
1751500: system.cpu: T0 : 0x1ce66    : beq a1, zero, -1664        : IntAlu : 
1752000: system.cpu: T0 : 0x1c7e6    : c_ldsp ra, 248(sp)         : MemRead :  D=0x000000000001d964 A=0x7ffffffffffffcc8
1752500: system.cpu: T0 : 0x1c7e8    : c_ldsp s0, 240(sp)         : MemRead :  D=0x0000000000000028 A=0x7ffffffffffffcc0
1753000: system.cpu: T0 : 0x1c7ea    : c_ldsp s1, 232(sp)         : MemRead :  D=0x000000000006f000 A=0x7ffffffffffffcb8
1753500: system.cpu: T0 : 0x1c7ec    : c_ldsp s3, 216(sp)         : MemRead :  D=0x000000000006efc0 A=0x7ffffffffffffca8
1754000: system.cpu: T0 : 0x1c7ee    : c_ldsp s4, 208(sp)         : MemRead :  D=0x0000000000070000 A=0x7ffffffffffffca0
1754500: system.cpu: T0 : 0x1c7f0    : c_ldsp s5, 200(sp)         : MemRead :  D=0x0000000000072000 A=0x7ffffffffffffc98
1755000: system.cpu: T0 : 0x1c7f2    : c_ldsp s6, 192(sp)         : MemRead :  D=0x0000000000072000 A=0x7ffffffffffffc90
1755500: system.cpu: T0 : 0x1c7f4    : c_ldsp s7, 184(sp)         : MemRead :  D=0x0000000000000000 A=0x7ffffffffffffc88
1756000: system.cpu: T0 : 0x1c7f6    : c_ldsp s8, 176(sp)         : MemRead :  D=0x0000000000000000 A=0x7ffffffffffffc80
1756500: system.cpu: T0 : 0x1c7f8    : c_ldsp s9, 168(sp)         : MemRead :  D=0x0000000000000000 A=0x7ffffffffffffc78
1757000: system.cpu: T0 : 0x1c7fa    : c_ldsp s10, 160(sp)        : MemRead :  D=0x0000000000000000 A=0x7ffffffffffffc70
1757500: system.cpu: T0 : 0x1c7fc    : c_ldsp s11, 152(sp)        : MemRead :  D=0x0000000000000000 A=0x7ffffffffffffc68
1758000: system.cpu: T0 : 0x1c7fe    : c_mv a0, s2                : IntAlu :  D=0x0000000000073250
1758500: system.cpu: T0 : 0x1c800    : c_ldsp s2, 224(sp)         : MemRead :  D=0x0000000000000000 A=0x7ffffffffffffcb0
1759000: system.cpu: T0 : 0x1c802    : c_addi16sp sp, 256         : IntAlu :  D=0x7ffffffffffffcd0
1759500: system.cpu: T0 : 0x1c804    : c_jr ra                    : IntAlu : 
1760000: system.cpu: T0 : 0x1d964    : c_mv a5, a0                : IntAlu :  D=0x0000000000073250
1760500: system.cpu: T0 : 0x1d966    : c_beqz a0, 150             : IntAlu : 
1761000: system.cpu: T0 : 0x1d968    : ld a4, -8(a0)              : MemRead :  D=0x0000000000000031 A=0x73248
1761500: system.cpu: T0 : 0x1d96c    : andi a3, a4, 2             : IntAlu :  D=0x0000000000000000
1762000: system.cpu: T0 : 0x1d970    : c_bnez a3, 26              : IntAlu : 
1762500: system.cpu: T0 : 0x1d972    : c_andi a4, 4               : IntAlu :  D=0x0000000000000000
1763000: system.cpu: T0 : 0x1d974    : c_beqz a4, 22              : IntAlu : 
1763500: system.cpu: T0 : 0x1d98a    : c_ldsp ra, 24(sp)          : MemRead :  D=0x000000000003af36 A=0x7ffffffffffffce8
1764000: system.cpu: T0 : 0x1d98c    : c_ldsp s0, 16(sp)          : MemRead :  D=0x7ffffffffffffd30 A=0x7ffffffffffffce0
1764500: system.cpu: T0 : 0x1d98e    : c_ldsp s1, 8(sp)           : MemRead :  D=0x000000000006fe60 A=0x7ffffffffffffcd8
1765000: system.cpu: T0 : 0x1d990    : c_ldsp s2, 0(sp)           : MemRead :  D=0x0000000000000000 A=0x7ffffffffffffcd0
1765500: system.cpu: T0 : 0x1d992    : c_mv a0, a5                : IntAlu :  D=0x0000000000073250
1766000: system.cpu: T0 : 0x1d994    : c_addi16sp sp, 32          : IntAlu :  D=0x7ffffffffffffcf0
1766500: system.cpu: T0 : 0x1d996    : c_jr ra                    : IntAlu : 
1767500: system.cpu: T0 : 0x3af36    : sd a0, 32(s3)              : MemWrite :  D=0x0000000000073250 A=0x6efe0
1768500: system.cpu: T0 : 0x3af3a    : beq a0, zero, 382          : IntAlu : 
1769500: system.cpu: T0 : 0x3af3e    : ld s1, 16(s3)              : MemRead :  D=0x0000000000000002 A=0x6efd0
1770500: system.cpu: T0 : 0x3af42    : addi a7, zero, 40          : IntAlu :  D=0x0000000000000028
1771000: system.cpu: T0 : 0x3af46    : c_mv s5, a0                : IntAlu :  D=0x0000000000073250
1771500: system.cpu: T0 : 0x3af48    : slli s4, s1, 2             : IntAlu :  D=0x0000000000000008
1772000: system.cpu: T0 : 0x3af4c    : addi s4, s4, 79            : IntAlu :  D=0x0000000000000057
1772500: system.cpu: T0 : 0x3af50    : divu s4, s4, a7            : IntDiv :  D=0x0000000000000002
1773000: system.cpu: T0 : 0x3af54    : slli a7, s4, 2             : IntAlu :  D=0x0000000000000008
1773500: system.cpu: T0 : 0x3af58    : c_add s4, a7               : IntAlu :  D=0x000000000000000a
1774500: system.cpu: T0 : 0x3af5a    : slli a0, s4, 5             : IntAlu :  D=0x0000000000000140
1775500: system.cpu: T0 : 0x3af5e    : jal ra, -120388            : IntAlu :  D=0x000000000003af62
1776500: system.cpu: T0 : 0x1d91a    : ld t1, -1848(gp)           : MemRead :  D=0x0000000000000000 A=0x70900
1777500: system.cpu: T0 : 0x1d91e    : bne t1, zero, 260          : IntAlu : 
1778000: system.cpu: T0 : 0x1d922    : c_addi sp, -32             : IntAlu :  D=0x7ffffffffffffcd0
1778500: system.cpu: T0 : 0x1d924    : c_sdsp s0, 16(sp)          : MemWrite :  D=0x7ffffffffffffd30 A=0x7ffffffffffffce0
1779000: system.cpu: T0 : 0x1d926    : c_sdsp ra, 24(sp)          : MemWrite :  D=0x000000000003af62 A=0x7ffffffffffffce8
1779500: system.cpu: T0 : 0x1d928    : c_sdsp s1, 8(sp)           : MemWrite :  D=0x0000000000000002 A=0x7ffffffffffffcd8
1780000: system.cpu: T0 : 0x1d92a    : c_sdsp s2, 0(sp)           : MemWrite :  D=0x0000000000000000 A=0x7ffffffffffffcd0
1780500: system.cpu: T0 : 0x1d92c    : c_mv s0, a0                : IntAlu :  D=0x0000000000000140
1781500: system.cpu: T0 : 0x1d92e    : blt a0, zero, 222          : IntAlu : 
1782500: system.cpu: T0 : 0x1d932    : addi a5, a0, 23            : IntAlu :  D=0x0000000000000157
1783000: system.cpu: T0 : 0x1d936    : c_li a4, 31                : IntAlu :  D=0x000000000000001f
1783500: system.cpu: T0 : 0x1d938    : c_li s1, 0                 : IntAlu :  D=0x0000000000000000
1784500: system.cpu: T0 : 0x1d93a    : bltu a4, a5, 94            : IntAlu : 
1785000: system.cpu: T0 : 0x1d998    : c_andi a5, 18446744073709551600 : IntAlu :  D=0x0000000000000150
1785500: system.cpu: T0 : 0x1d99a    : c_addi a5, -17             : IntAlu :  D=0x000000000000013f
1786000: system.cpu: T0 : 0x1d99c    : srli s1, a5, 4             : IntAlu :  D=0x0000000000000013
1786500: system.cpu: T0 : 0x1d9a0    : c_j -98                    : IntAlu : 
1787500: system.cpu: T0 : 0x1d93e    : ld a4, 40(tp)              : MemRead :  D=0x0000000000072f90 A=0x72738
1788000: system.cpu: T0 : 0x1d942    : c_beqz a4, 96              : IntAlu : 
1788500: system.cpu: T0 : 0x1d944    : lui a5, 111                : IntAlu :  D=0x000000000006f000
1789000: system.cpu: T0 : 0x1d948    : ld a5, 1448(a5)            : MemRead :  D=0x0000000000000040 A=0x6f5a8
1789500: system.cpu: T0 : 0x1d94c    : bltu s1, a5, 114           : IntAlu : 
1790500: system.cpu: T0 : 0x1d9be    : slli a3, s1, 1             : IntAlu :  D=0x0000000000000026
1791000: system.cpu: T0 : 0x1d9c2    : c_add a3, a4               : IntAlu :  D=0x0000000000072fb6
1791500: system.cpu: T0 : 0x1d9c4    : lhu a2, 0(a3)              : MemRead :  D=0x0000000000000000 A=0x72fb6
1792000: system.cpu: T0 : 0x1d9c8    : c_beqz a2, -120            : IntAlu : 
1792500: system.cpu: T0 : 0x1d950    : lw a5, -1808(tp)           : MemRead :  D=0x0000000000000000 A=0x72000
1793000: system.cpu: T0 : 0x1d954    : c_bnez a5, 210             : IntAlu : 
1794000: system.cpu: T0 : 0x1d956    : lui s1, 111                : IntAlu :  D=0x000000000006f000
1794500: system.cpu: T0 : 0x1d95a    : c_mv a1, s0                : IntAlu :  D=0x0000000000000140
1795000: system.cpu: T0 : 0x1d95c    : addi a0, s1, 1480          : IntAlu :  D=0x000000000006f5c8
1795500: system.cpu: T0 : 0x1d960    : jal ra, -5228              : IntAlu :  D=0x000000000001d964
1796000: system.cpu: T0 : 0x1c4f4    : c_addi16sp sp, -256        : IntAlu :  D=0x7ffffffffffffbd0
1796500: system.cpu: T0 : 0x1c4f6    : c_sdsp ra, 248(sp)         : MemWrite :  D=0x000000000001d964 A=0x7ffffffffffffcc8
1797000: system.cpu: T0 : 0x1c4f8    : c_sdsp s0, 240(sp)         : MemWrite :  D=0x0000000000000140 A=0x7ffffffffffffcc0
1797500: system.cpu: T0 : 0x1c4fa    : c_sdsp s1, 232(sp)         : MemWrite :  D=0x000000000006f000 A=0x7ffffffffffffcb8
1798000: system.cpu: T0 : 0x1c4fc    : c_sdsp s2, 224(sp)         : MemWrite :  D=0x0000000000000000 A=0x7ffffffffffffcb0
1798500: system.cpu: T0 : 0x1c4fe    : c_sdsp s3, 216(sp)         : MemWrite :  D=0x000000000006efc0 A=0x7ffffffffffffca8
1799000: system.cpu: T0 : 0x1c500    : c_sdsp s4, 208(sp)         : MemWrite :  D=0x000000000000000a A=0x7ffffffffffffca0
1799500: system.cpu: T0 : 0x1c502    : c_sdsp s5, 200(sp)         : MemWrite :  D=0x0000000000073250 A=0x7ffffffffffffc98
1800000: system.cpu: T0 : 0x1c504    : c_sdsp s6, 192(sp)         : MemWrite :  D=0x0000000000072000 A=0x7ffffffffffffc90
1800500: system.cpu: T0 : 0x1c506    : c_sdsp s7, 184(sp)         : MemWrite :  D=0x0000000000000000 A=0x7ffffffffffffc88
1801000: system.cpu: T0 : 0x1c508    : c_sdsp s8, 176(sp)         : MemWrite :  D=0x0000000000000000 A=0x7ffffffffffffc80
1801500: system.cpu: T0 : 0x1c50a    : c_sdsp s9, 168(sp)         : MemWrite :  D=0x0000000000000000 A=0x7ffffffffffffc78
1802000: system.cpu: T0 : 0x1c50c    : c_sdsp s10, 160(sp)        : MemWrite :  D=0x0000000000000000 A=0x7ffffffffffffc70
1802500: system.cpu: T0 : 0x1c50e    : c_sdsp s11, 152(sp)        : MemWrite :  D=0x0000000000000000 A=0x7ffffffffffffc68
1803000: system.cpu: T0 : 0x1c510    : blt a1, zero, 1198         : IntAlu : 
1803500: system.cpu: T0 : 0x1c514    : addi s0, a1, 23            : IntAlu :  D=0x0000000000000157
1804000: system.cpu: T0 : 0x1c518    : c_li a5, 31                : IntAlu :  D=0x000000000000001f
1804500: system.cpu: T0 : 0x1c51a    : c_mv s3, a1                : IntAlu :  D=0x0000000000000140
1805000: system.cpu: T0 : 0x1c51c    : c_mv s1, a0                : IntAlu :  D=0x000000000006f5c8
1806000: system.cpu: T0 : 0x1c51e    : bltu a5, s0, 220           : IntAlu : 
1806500: system.cpu: T0 : 0x1c5fa    : c_andi s0, 18446744073709551600 : IntAlu :  D=0x0000000000000150
1807000: system.cpu: T0 : 0x1c5fc    : beq a0, zero, 988          : IntAlu : 
1807500: system.cpu: T0 : 0x1c600    : ld a4, -1376(gp)           : MemRead :  D=0x0000000000000080 A=0x70ad8
1808000: system.cpu: T0 : 0x1c604    : srliw s9, s0, 4            : IntAlu :  D=0x0000000000000015
1808500: system.cpu: T0 : 0x1c608    : srliw a5, s0, 4            : IntAlu :  D=0x0000000000000015
1809000: system.cpu: T0 : 0x1c60c    : bgeu a4, s0, 506           : IntAlu : 
1809500: system.cpu: T0 : 0x1c610    : addi a4, zero, 1023        : IntAlu :  D=0x00000000000003ff
1810000: system.cpu: T0 : 0x1c614    : bgeu a4, s0, 1722          : IntAlu : 
1810500: system.cpu: T0 : 0x1ccce    : c_addiw a5, -1             : IntAlu :  D=0x0000000000000014
1811000: system.cpu: T0 : 0x1ccd0    : c_j -1406                  : IntAlu : 
1812000: system.cpu: T0 : 0x1c752    : slliw a5, a5, 1            : IntAlu :  D=0x0000000000000028
1812500: system.cpu: T0 : 0x1c756    : c_slli a5, 32              : IntAlu :  D=0x0000002800000000
1813000: system.cpu: T0 : 0x1c758    : c_srli a5, 32              : IntAlu :  D=0x0000000000000028
1813500: system.cpu: T0 : 0x1c75a    : c_addi a5, 14              : IntAlu :  D=0x0000000000000036
1814000: system.cpu: T0 : 0x1c75c    : c_slli a5, 3               : IntAlu :  D=0x00000000000001b0
1814500: system.cpu: T0 : 0x1c75e    : c_j -550                   : IntAlu : 
1815000: system.cpu: T0 : 0x1c538    : c_add a5, s1               : IntAlu :  D=0x000000000006f778
1816000: system.cpu: T0 : 0x1c53a    : ld s2, 8(a5)               : MemRead :  D=0x000000000006f768 A=0x6f780
1817000: system.cpu: T0 : 0x1c53e    : addi a3, a5, -16           : IntAlu :  D=0x000000000006f768
1818000: system.cpu: T0 : 0x1c542    : beq a3, s2, 748            : IntAlu : 
1819000: system.cpu: T0 : 0x1c82e    : srli t1, s0, 9             : IntAlu :  D=0x0000000000000000
1820000: system.cpu: T0 : 0x1c832    : addiw a5, t1, 91           : IntAlu :  D=0x000000000000005b
1821000: system.cpu: T0 : 0x1c836    : srli s10, s0, 6            : IntAlu :  D=0x0000000000000005
1821500: system.cpu: T0 : 0x1c83a    : c_sdsp a5, 96(sp)          : MemWrite :  D=0x000000000000005b A=0x7ffffffffffffc30
1822000: system.cpu: T0 : 0x1c83c    : addiw a5, s10, 48          : IntAlu :  D=0x0000000000000035
1822500: system.cpu: T0 : 0x1c840    : c_sdsp a5, 88(sp)          : MemWrite :  D=0x0000000000000035 A=0x7ffffffffffffc28
1823500: system.cpu: T0 : 0x1c842    : addi a5, zero, 110         : IntAlu :  D=0x000000000000006e
1824000: system.cpu: T0 : 0x1c846    : c_sdsp a5, 112(sp)         : MemWrite :  D=0x000000000000006e A=0x7ffffffffffffc40
1824500: system.cpu: T0 : 0x1c848    : addi a5, zero, 119         : IntAlu :  D=0x0000000000000077
1825000: system.cpu: T0 : 0x1c84c    : c_sdsp a5, 104(sp)         : MemWrite :  D=0x0000000000000077 A=0x7ffffffffffffc38
1826000: system.cpu: T0 : 0x1c84e    : addi a5, zero, 124         : IntAlu :  D=0x000000000000007c
1826500: system.cpu: T0 : 0x1c852    : c_sdsp s9, 8(sp)           : MemWrite :  D=0x0000000000000015 A=0x7ffffffffffffbd8
1827000: system.cpu: T0 : 0x1c854    : c_sdsp a5, 120(sp)         : MemWrite :  D=0x000000000000007c A=0x7ffffffffffffc48
1827500: system.cpu: T0 : 0x1c856    : c_sdsp zero, 128(sp)       : MemWrite :  D=0x0000000000000000 A=0x7ffffffffffffc50
1828000: system.cpu: T0 : 0x1c858    : c_sdsp zero, 136(sp)       : MemWrite :  D=0x0000000000000000 A=0x7ffffffffffffc58
1829000: system.cpu: T0 : 0x1c85a    : ld a5, 40(tp)              : MemRead :  D=0x0000000000072f90 A=0x72738
1830000: system.cpu: T0 : 0x1c85e    : addi s6, s0, -17           : IntAlu :  D=0x000000000000013f
1831000: system.cpu: T0 : 0x1c862    : srli s6, s6, 4             : IntAlu :  D=0x0000000000000013
1831500: system.cpu: T0 : 0x1c866    : c_li s5, 0                 : IntAlu :  D=0x0000000000000000
1832000: system.cpu: T0 : 0x1c868    : c_beqz a5, 22              : IntAlu : 
1833000: system.cpu: T0 : 0x1c86a    : lui a5, 111                : IntAlu :  D=0x000000000006f000
1834000: system.cpu: T0 : 0x1c86e    : ld s5, 1448(a5)            : MemRead :  D=0x0000000000000040 A=0x6f5a8
1835000: system.cpu: T0 : 0x1c872    : sltu s5, s6, s5            : IntAlu :  D=0x0000000000000001
1836000: system.cpu: T0 : 0x1c876    : sub s5, zero, s5           : IntAlu :  D=0xffffffffffffffff
1837000: system.cpu: T0 : 0x1c87a    : and s5, s0, s5             : IntAlu :  D=0x0000000000000150
1838000: system.cpu: T0 : 0x1c87e    : lui a5, 111                : IntAlu :  D=0x000000000006f000
1838500: system.cpu: T0 : 0x1c882    : c_lui s11, 1               : IntAlu :  D=0x0000000000001000
1839000: system.cpu: T0 : 0x1c884    : lui s7, 111                : IntAlu :  D=0x000000000006f000
1839500: system.cpu: T0 : 0x1c888    : addi a5, a5, 1480          : IntAlu :  D=0x000000000006f5c8
1840000: system.cpu: T0 : 0x1c88c    : addi s8, s1, 96            : IntAlu :  D=0x000000000006f628
1840500: system.cpu: T0 : 0x1c890    : c_li t5, 0                 : IntAlu :  D=0x0000000000000000
1841500: system.cpu: T0 : 0x1c892    : addi s7, s7, 1368          : IntAlu :  D=0x000000000006f558
1842500: system.cpu: T0 : 0x1c896    : add a7, s1, s11            : IntAlu :  D=0x00000000000705c8
1843000: system.cpu: T0 : 0x1c89a    : c_sdsp a5, 56(sp)          : MemWrite :  D=0x000000000006f5c8 A=0x7ffffffffffffc08
1843500: system.cpu: T0 : 0x1c89c    : c_ld a5, 120(s1)           : MemRead :  D=0x000000000006f628 A=0x6f640
1844500: system.cpu: T0 : 0x1c89e    : beq a5, s8, 532            : IntAlu : 
1845500: system.cpu: T0 : 0x1cab2    : addi a5, zero, 1023        : IntAlu :  D=0x00000000000003ff
1846500: system.cpu: T0 : 0x1cab6    : bgeu a5, s0, 38            : IntAlu : 
1847000: system.cpu: T0 : 0x1cadc    : c_ldsp a3, 8(sp)           : MemRead :  D=0x0000000000000015 A=0x7ffffffffffffbd8
1847500: system.cpu: T0 : 0x1cade    : c_li a0, 4                 : IntAlu :  D=0x0000000000000004
1848000: system.cpu: T0 : 0x1cae0    : addiw a5, a3, 1            : IntAlu :  D=0x0000000000000016
1848500: system.cpu: T0 : 0x1cae4    : srliw a4, a5, 5            : IntAlu :  D=0x0000000000000000
1849000: system.cpu: T0 : 0x1cae8    : slliw a3, a3, 1            : IntAlu :  D=0x000000000000002a
1849500: system.cpu: T0 : 0x1caec    : addi a4, a4, 536           : IntAlu :  D=0x0000000000000218
1850000: system.cpu: T0 : 0x1caf0    : c_slli a3, 32              : IntAlu :  D=0x0000002a00000000
1850500: system.cpu: T0 : 0x1caf2    : c_slli a4, 2               : IntAlu :  D=0x0000000000000860
1851000: system.cpu: T0 : 0x1caf4    : c_srli a3, 32              : IntAlu :  D=0x000000000000002a
1851500: system.cpu: T0 : 0x1caf6    : c_add a4, s1               : IntAlu :  D=0x000000000006fe28
1852000: system.cpu: T0 : 0x1caf8    : c_slli a3, 3               : IntAlu :  D=0x0000000000000150
1852500: system.cpu: T0 : 0x1cafa    : c_lw a2, 0(a4)             : MemRead :  D=0x0000000000000000 A=0x6fe28
1853000: system.cpu: T0 : 0x1cafc    : addi a3, a3, 96            : IntAlu :  D=0x00000000000001b0
1853500: system.cpu: T0 : 0x1cb00    : c_li a4, 1                 : IntAlu :  D=0x0000000000000001
1854500: system.cpu: T0 : 0x1cb02    : srliw s2, a5, 5            : IntAlu :  D=0x0000000000000000
1855000: system.cpu: T0 : 0x1cb06    : c_add a3, s1               : IntAlu :  D=0x000000000006f778
1855500: system.cpu: T0 : 0x1cb08    : sllw a5, a4, a5            : IntAlu :  D=0x0000000000400000
1856000: system.cpu: T0 : 0x1cb0c    : bltu a2, a5, 144           : IntAlu : 
1856500: system.cpu: T0 : 0x1cb9c    : addiw a5, s2, 1            : IntAlu :  D=0x0000000000000001
1857000: system.cpu: T0 : 0x1cba0    : addiw s2, a5, 0            : IntAlu :  D=0x0000000000000001
1857500: system.cpu: T0 : 0x1cba4    : bne s2, a0, -26            : IntAlu : 
1858000: system.cpu: T0 : 0x1cb8a    : c_slli a5, 32              : IntAlu :  D=0x0000000100000000
1858500: system.cpu: T0 : 0x1cb8c    : c_srli a5, 32              : IntAlu :  D=0x0000000000000001
1859500: system.cpu: T0 : 0x1cb8e    : addi a5, a5, 536           : IntAlu :  D=0x0000000000000219
1860000: system.cpu: T0 : 0x1cb92    : c_slli a5, 2               : IntAlu :  D=0x0000000000000864
1860500: system.cpu: T0 : 0x1cb94    : c_add a5, s1               : IntAlu :  D=0x000000000006fe2c
1861000: system.cpu: T0 : 0x1cb96    : c_lw a2, 0(a5)             : MemRead :  D=0x0000000000000000 A=0x6fe2c
1861500: system.cpu: T0 : 0x1cb98    : bne a2, zero, 384          : IntAlu : 
1862000: system.cpu: T0 : 0x1cb9c    : addiw a5, s2, 1            : IntAlu :  D=0x0000000000000002
1862500: system.cpu: T0 : 0x1cba0    : addiw s2, a5, 0            : IntAlu :  D=0x0000000000000002
1863000: system.cpu: T0 : 0x1cba4    : bne s2, a0, -26            : IntAlu : 
1863500: system.cpu: T0 : 0x1cb8a    : c_slli a5, 32              : IntAlu :  D=0x0000000200000000
1864000: system.cpu: T0 : 0x1cb8c    : c_srli a5, 32              : IntAlu :  D=0x0000000000000002
1865000: system.cpu: T0 : 0x1cb8e    : addi a5, a5, 536           : IntAlu :  D=0x000000000000021a
1865500: system.cpu: T0 : 0x1cb92    : c_slli a5, 2               : IntAlu :  D=0x0000000000000868
1866000: system.cpu: T0 : 0x1cb94    : c_add a5, s1               : IntAlu :  D=0x000000000006fe30
1866500: system.cpu: T0 : 0x1cb96    : c_lw a2, 0(a5)             : MemRead :  D=0x0000000000000000 A=0x6fe30
1867000: system.cpu: T0 : 0x1cb98    : bne a2, zero, 384          : IntAlu : 
1867500: system.cpu: T0 : 0x1cb9c    : addiw a5, s2, 1            : IntAlu :  D=0x0000000000000003
1868000: system.cpu: T0 : 0x1cba0    : addiw s2, a5, 0            : IntAlu :  D=0x0000000000000003
1868500: system.cpu: T0 : 0x1cba4    : bne s2, a0, -26            : IntAlu : 
1869000: system.cpu: T0 : 0x1cb8a    : c_slli a5, 32              : IntAlu :  D=0x0000000300000000
1869500: system.cpu: T0 : 0x1cb8c    : c_srli a5, 32              : IntAlu :  D=0x0000000000000003
1870500: system.cpu: T0 : 0x1cb8e    : addi a5, a5, 536           : IntAlu :  D=0x000000000000021b
1871000: system.cpu: T0 : 0x1cb92    : c_slli a5, 2               : IntAlu :  D=0x000000000000086c
1871500: system.cpu: T0 : 0x1cb94    : c_add a5, s1               : IntAlu :  D=0x000000000006fe34
1872000: system.cpu: T0 : 0x1cb96    : c_lw a2, 0(a5)             : MemRead :  D=0x0000000000000000 A=0x6fe34
1872500: system.cpu: T0 : 0x1cb98    : bne a2, zero, 384          : IntAlu : 
1873000: system.cpu: T0 : 0x1cb9c    : addiw a5, s2, 1            : IntAlu :  D=0x0000000000000004
1873500: system.cpu: T0 : 0x1cba0    : addiw s2, a5, 0            : IntAlu :  D=0x0000000000000004
1874000: system.cpu: T0 : 0x1cba4    : bne s2, a0, -26            : IntAlu : 
1874500: system.cpu: T0 : 0x1cba8    : c_ld a4, 96(s1)            : MemRead :  D=0x0000000000073270 A=0x6f628
1875500: system.cpu: T0 : 0x1cbaa    : ld a3, -1912(a7)           : MemRead :  D=0x0000000000021080 A=0x6fe50
1876000: system.cpu: T0 : 0x1cbae    : c_ld a5, 8(a4)             : MemRead :  D=0x0000000000020d91 A=0x73278
1876500: system.cpu: T0 : 0x1cbb0    : c_andi a5, 18446744073709551608 : IntAlu :  D=0x0000000000020d90
1877500: system.cpu: T0 : 0x1cbb2    : bltu a3, a5, 548           : IntAlu : 
1878500: system.cpu: T0 : 0x1cbb6    : addi a3, s0, 32            : IntAlu :  D=0x0000000000000170
1879500: system.cpu: T0 : 0x1cbba    : bgeu a5, a3, 640           : IntAlu : 
1880500: system.cpu: T0 : 0x1ce3a    : add a0, a4, s0             : IntAlu :  D=0x00000000000733c0
1881500: system.cpu: T0 : 0x1ce3e    : lui a2, 111                : IntAlu :  D=0x000000000006f000
1882000: system.cpu: T0 : 0x1ce42    : c_sd a0, 96(s1)            : MemWrite :  D=0x00000000000733c0 A=0x6f628
1882500: system.cpu: T0 : 0x1ce44    : addi a2, a2, 1480          : IntAlu :  D=0x000000000006f5c8
1883000: system.cpu: T0 : 0x1ce48    : c_sub a5, s0               : IntAlu :  D=0x0000000000020c40
1883500: system.cpu: T0 : 0x1ce4a    : c_li a3, 4                 : IntAlu :  D=0x0000000000000004
1884000: system.cpu: T0 : 0x1ce4c    : beq s1, a2, 116            : IntAlu : 
1884500: system.cpu: T0 : 0x1cec0    : c_li a3, 0                 : IntAlu :  D=0x0000000000000000
1885000: system.cpu: T0 : 0x1cec2    : c_j -114                   : IntAlu : 
1885500: system.cpu: T0 : 0x1ce50    : c_or a3, s0                : IntAlu :  D=0x0000000000000150
1886500: system.cpu: T0 : 0x1ce52    : ori a3, a3, 1              : IntAlu :  D=0x0000000000000151
1887500: system.cpu: T0 : 0x1ce56    : lw a1, -1396(gp)           : MemRead :  D=0x0000000000000000 A=0x70ac4
1888000: system.cpu: T0 : 0x1ce5a    : c_sd a3, 8(a4)             : MemWrite :  D=0x0000000000000151 A=0x73278
1888500: system.cpu: T0 : 0x1ce5c    : ori a5, a5, 1              : IntAlu :  D=0x0000000000020c41
1889000: system.cpu: T0 : 0x1ce60    : c_sd a5, 8(a0)             : MemWrite :  D=0x0000000000020c41 A=0x733c8
1890000: system.cpu: T0 : 0x1ce62    : addi s2, a4, 16            : IntAlu :  D=0x0000000000073280
1891000: system.cpu: T0 : 0x1ce66    : beq a1, zero, -1664        : IntAlu : 
1891500: system.cpu: T0 : 0x1c7e6    : c_ldsp ra, 248(sp)         : MemRead :  D=0x000000000001d964 A=0x7ffffffffffffcc8
1892000: system.cpu: T0 : 0x1c7e8    : c_ldsp s0, 240(sp)         : MemRead :  D=0x0000000000000140 A=0x7ffffffffffffcc0
1892500: system.cpu: T0 : 0x1c7ea    : c_ldsp s1, 232(sp)         : MemRead :  D=0x000000000006f000 A=0x7ffffffffffffcb8
1893000: system.cpu: T0 : 0x1c7ec    : c_ldsp s3, 216(sp)         : MemRead :  D=0x000000000006efc0 A=0x7ffffffffffffca8
1893500: system.cpu: T0 : 0x1c7ee    : c_ldsp s4, 208(sp)         : MemRead :  D=0x000000000000000a A=0x7ffffffffffffca0
1894000: system.cpu: T0 : 0x1c7f0    : c_ldsp s5, 200(sp)         : MemRead :  D=0x0000000000073250 A=0x7ffffffffffffc98
1894500: system.cpu: T0 : 0x1c7f2    : c_ldsp s6, 192(sp)         : MemRead :  D=0x0000000000072000 A=0x7ffffffffffffc90
1895000: system.cpu: T0 : 0x1c7f4    : c_ldsp s7, 184(sp)         : MemRead :  D=0x0000000000000000 A=0x7ffffffffffffc88
1895500: system.cpu: T0 : 0x1c7f6    : c_ldsp s8, 176(sp)         : MemRead :  D=0x0000000000000000 A=0x7ffffffffffffc80
1896000: system.cpu: T0 : 0x1c7f8    : c_ldsp s9, 168(sp)         : MemRead :  D=0x0000000000000000 A=0x7ffffffffffffc78
1896500: system.cpu: T0 : 0x1c7fa    : c_ldsp s10, 160(sp)        : MemRead :  D=0x0000000000000000 A=0x7ffffffffffffc70
1897000: system.cpu: T0 : 0x1c7fc    : c_ldsp s11, 152(sp)        : MemRead :  D=0x0000000000000000 A=0x7ffffffffffffc68
1897500: system.cpu: T0 : 0x1c7fe    : c_mv a0, s2                : IntAlu :  D=0x0000000000073280
1898000: system.cpu: T0 : 0x1c800    : c_ldsp s2, 224(sp)         : MemRead :  D=0x0000000000000000 A=0x7ffffffffffffcb0
1898500: system.cpu: T0 : 0x1c802    : c_addi16sp sp, 256         : IntAlu :  D=0x7ffffffffffffcd0
1899000: system.cpu: T0 : 0x1c804    : c_jr ra                    : IntAlu : 
1899500: system.cpu: T0 : 0x1d964    : c_mv a5, a0                : IntAlu :  D=0x0000000000073280
1900000: system.cpu: T0 : 0x1d966    : c_beqz a0, 150             : IntAlu : 
1900500: system.cpu: T0 : 0x1d968    : ld a4, -8(a0)              : MemRead :  D=0x0000000000000151 A=0x73278
1901000: system.cpu: T0 : 0x1d96c    : andi a3, a4, 2             : IntAlu :  D=0x0000000000000000
1901500: system.cpu: T0 : 0x1d970    : c_bnez a3, 26              : IntAlu : 
1902000: system.cpu: T0 : 0x1d972    : c_andi a4, 4               : IntAlu :  D=0x0000000000000000
1902500: system.cpu: T0 : 0x1d974    : c_beqz a4, 22              : IntAlu : 
1903000: system.cpu: T0 : 0x1d98a    : c_ldsp ra, 24(sp)          : MemRead :  D=0x000000000003af62 A=0x7ffffffffffffce8
1903500: system.cpu: T0 : 0x1d98c    : c_ldsp s0, 16(sp)          : MemRead :  D=0x7ffffffffffffd30 A=0x7ffffffffffffce0
1904000: system.cpu: T0 : 0x1d98e    : c_ldsp s1, 8(sp)           : MemRead :  D=0x0000000000000002 A=0x7ffffffffffffcd8
1904500: system.cpu: T0 : 0x1d990    : c_ldsp s2, 0(sp)           : MemRead :  D=0x0000000000000000 A=0x7ffffffffffffcd0
1905000: system.cpu: T0 : 0x1d992    : c_mv a0, a5                : IntAlu :  D=0x0000000000073280
1905500: system.cpu: T0 : 0x1d994    : c_addi16sp sp, 32          : IntAlu :  D=0x7ffffffffffffcf0
1906000: system.cpu: T0 : 0x1d996    : c_jr ra                    : IntAlu : 
1907000: system.cpu: T0 : 0x3af62    : sd a0, 0(s5)               : MemWrite :  D=0x0000000000073280 A=0x73250
1907500: system.cpu: T0 : 0x3af66    : c_mv a2, a0                : IntAlu :  D=0x0000000000073280
1908000: system.cpu: T0 : 0x3af68    : beq a0, zero, 386          : IntAlu : 
1908500: system.cpu: T0 : 0x3af6c    : lui a5, 114                : IntAlu :  D=0x0000000000072000
1909000: system.cpu: T0 : 0x3af70    : lui a3, 98                 : IntAlu :  D=0x0000000000062000
1909500: system.cpu: T0 : 0x3af74    : lui a0, 97                 : IntAlu :  D=0x0000000000061000
1910000: system.cpu: T0 : 0x3af78    : addi a3, a3, -1984         : IntAlu :  D=0x0000000000061840
1910500: system.cpu: T0 : 0x3af7c    : addi a0, a0, 1664          : IntAlu :  D=0x0000000000061680
1911000: system.cpu: T0 : 0x3af80    : sd a2, -360(a5)            : MemWrite :  D=0x0000000000073280 A=0x71e98
1911500: system.cpu: T0 : 0x3af84    : c_li a5, 23                : IntAlu :  D=0x0000000000000017
1912000: system.cpu: T0 : 0x3af86    : c_sd a3, 24(a2)            : MemWrite :  D=0x0000000000061840 A=0x73298
1912500: system.cpu: T0 : 0x3af88    : addi a6, a3, 72            : IntAlu :  D=0x0000000000061888
1913000: system.cpu: T0 : 0x3af8c    : sw zero, 40(s3)            : MemWrite :  D=0x0000000000000000 A=0x6efe8
1913500: system.cpu: T0 : 0x3af90    : addi a1, s5, 8             : IntAlu :  D=0x0000000000073258
1914000: system.cpu: T0 : 0x3af94    : c_sd a0, 8(a2)             : MemWrite :  D=0x0000000000061680 A=0x73288
1915000: system.cpu: T0 : 0x3af96    : sd zero, 16(a2)            : MemWrite :  D=0x0000000000000000 A=0x73290
1915500: system.cpu: T0 : 0x3af9a    : c_sd a5, 32(a2)            : MemWrite :  D=0x0000000000000017 A=0x732a0
1916000: system.cpu: T0 : 0x3af9c    : slli a7, s4, 3             : IntAlu :  D=0x0000000000000050
1916500: system.cpu: T0 : 0x3afa0    : addi t3, s5, 32            : IntAlu :  D=0x0000000000073270
1917000: system.cpu: T0 : 0x3afa4    : c_addi a3, 24              : IntAlu :  D=0x0000000000061858
1918000: system.cpu: T0 : 0x3afa6    : addi t4, zero, 47          : IntAlu :  D=0x000000000000002f
1919000: system.cpu: T0 : 0x3afaa    : addi a4, a2, 40            : IntAlu :  D=0x00000000000732a8
1919500: system.cpu: T0 : 0x3afae    : c_li a5, 0                 : IntAlu :  D=0x0000000000000000
1920000: system.cpu: T0 : 0x3afb0    : c_beqz s1, 14              : IntAlu : 
1921000: system.cpu: T0 : 0x3afb2    : sw zero, 0(a4)             : MemWrite :  D=0x0000000000000000 A=0x732a8
1921500: system.cpu: T0 : 0x3afb6    : c_addi a5, 1               : IntAlu :  D=0x0000000000000001
1922000: system.cpu: T0 : 0x3afb8    : c_addi a4, 4               : IntAlu :  D=0x00000000000732ac
1923000: system.cpu: T0 : 0x3afba    : bne s1, a5, -8             : IntAlu : 
1924000: system.cpu: T0 : 0x3afb2    : sw zero, 0(a4)             : MemWrite :  D=0x0000000000000000 A=0x732ac
1924500: system.cpu: T0 : 0x3afb6    : c_addi a5, 1               : IntAlu :  D=0x0000000000000002
1925000: system.cpu: T0 : 0x3afb8    : c_addi a4, 4               : IntAlu :  D=0x00000000000732b0
1926000: system.cpu: T0 : 0x3afba    : bne s1, a5, -8             : IntAlu : 
1927000: system.cpu: T0 : 0x3afbe    : beq t3, a1, 48             : IntAlu : 
1928000: system.cpu: T0 : 0x3afc2    : ld a4, 8(a6)               : MemRead :  D=0x000000000000001b A=0x61890
1929000: system.cpu: T0 : 0x3afc6    : add a5, a2, a7             : IntAlu :  D=0x00000000000732d0
1930000: system.cpu: T0 : 0x3afca    : lbu t1, 0(a3)              : MemRead :  D=0x000000000000002f A=0x61858
1930500: system.cpu: T0 : 0x3afce    : c_sd a5, 0(a2)             : MemWrite :  D=0x00000000000732d0 A=0x73280
1931000: system.cpu: T0 : 0x3afd0    : c_sd a3, 24(a5)            : MemWrite :  D=0x0000000000061858 A=0x732e8
1932000: system.cpu: T0 : 0x3afd2    : addi a2, a4, 1             : IntAlu :  D=0x000000000000001c
1932500: system.cpu: T0 : 0x3afd6    : c_sd a5, 0(a1)             : MemWrite :  D=0x00000000000732d0 A=0x73258
1933000: system.cpu: T0 : 0x3afd8    : c_sd a0, 8(a5)             : MemWrite :  D=0x0000000000061680 A=0x732d8
1934000: system.cpu: T0 : 0x3afda    : sd zero, 16(a5)            : MemWrite :  D=0x0000000000000000 A=0x732e0
1934500: system.cpu: T0 : 0x3afde    : c_sd a4, 32(a5)            : MemWrite :  D=0x000000000000001b A=0x732f0
1935000: system.cpu: T0 : 0x3afe0    : c_addi a1, 8               : IntAlu :  D=0x0000000000073260
1935500: system.cpu: T0 : 0x3afe2    : c_add a3, a2               : IntAlu :  D=0x0000000000061874
1936000: system.cpu: T0 : 0x3afe4    : c_addi a6, 8               : IntAlu :  D=0x0000000000061890
1937000: system.cpu: T0 : 0x3afe6    : bne t1, t4, 228            : IntAlu : 
1937500: system.cpu: T0 : 0x3afea    : c_mv a2, a5                : IntAlu :  D=0x00000000000732d0
1938000: system.cpu: T0 : 0x3afec    : c_j -66                    : IntAlu : 
1939000: system.cpu: T0 : 0x3afaa    : addi a4, a2, 40            : IntAlu :  D=0x00000000000732f8
1939500: system.cpu: T0 : 0x3afae    : c_li a5, 0                 : IntAlu :  D=0x0000000000000000
1940000: system.cpu: T0 : 0x3afb0    : c_beqz s1, 14              : IntAlu : 
1941000: system.cpu: T0 : 0x3afb2    : sw zero, 0(a4)             : MemWrite :  D=0x0000000000000000 A=0x732f8
1941500: system.cpu: T0 : 0x3afb6    : c_addi a5, 1               : IntAlu :  D=0x0000000000000001
1942000: system.cpu: T0 : 0x3afb8    : c_addi a4, 4               : IntAlu :  D=0x00000000000732fc
1943000: system.cpu: T0 : 0x3afba    : bne s1, a5, -8             : IntAlu : 
1944000: system.cpu: T0 : 0x3afb2    : sw zero, 0(a4)             : MemWrite :  D=0x0000000000000000 A=0x732fc
1944500: system.cpu: T0 : 0x3afb6    : c_addi a5, 1               : IntAlu :  D=0x0000000000000002
1945000: system.cpu: T0 : 0x3afb8    : c_addi a4, 4               : IntAlu :  D=0x0000000000073300
1946000: system.cpu: T0 : 0x3afba    : bne s1, a5, -8             : IntAlu : 
1947000: system.cpu: T0 : 0x3afbe    : beq t3, a1, 48             : IntAlu : 
1948000: system.cpu: T0 : 0x3afc2    : ld a4, 8(a6)               : MemRead :  D=0x0000000000000005 A=0x61898
1949000: system.cpu: T0 : 0x3afc6    : add a5, a2, a7             : IntAlu :  D=0x0000000000073320
1950000: system.cpu: T0 : 0x3afca    : lbu t1, 0(a3)              : MemRead :  D=0x000000000000002f A=0x61874
1950500: system.cpu: T0 : 0x3afce    : c_sd a5, 0(a2)             : MemWrite :  D=0x0000000000073320 A=0x732d0
1951000: system.cpu: T0 : 0x3afd0    : c_sd a3, 24(a5)            : MemWrite :  D=0x0000000000061874 A=0x73338
1952000: system.cpu: T0 : 0x3afd2    : addi a2, a4, 1             : IntAlu :  D=0x0000000000000006
1952500: system.cpu: T0 : 0x3afd6    : c_sd a5, 0(a1)             : MemWrite :  D=0x0000000000073320 A=0x73260
1953000: system.cpu: T0 : 0x3afd8    : c_sd a0, 8(a5)             : MemWrite :  D=0x0000000000061680 A=0x73328
1954000: system.cpu: T0 : 0x3afda    : sd zero, 16(a5)            : MemWrite :  D=0x0000000000000000 A=0x73330
1954500: system.cpu: T0 : 0x3afde    : c_sd a4, 32(a5)            : MemWrite :  D=0x0000000000000005 A=0x73340
1955000: system.cpu: T0 : 0x3afe0    : c_addi a1, 8               : IntAlu :  D=0x0000000000073268
1955500: system.cpu: T0 : 0x3afe2    : c_add a3, a2               : IntAlu :  D=0x000000000006187a
1956000: system.cpu: T0 : 0x3afe4    : c_addi a6, 8               : IntAlu :  D=0x0000000000061898
1957000: system.cpu: T0 : 0x3afe6    : bne t1, t4, 228            : IntAlu : 
1957500: system.cpu: T0 : 0x3afea    : c_mv a2, a5                : IntAlu :  D=0x0000000000073320
1958000: system.cpu: T0 : 0x3afec    : c_j -66                    : IntAlu : 
1959000: system.cpu: T0 : 0x3afaa    : addi a4, a2, 40            : IntAlu :  D=0x0000000000073348
1959500: system.cpu: T0 : 0x3afae    : c_li a5, 0                 : IntAlu :  D=0x0000000000000000
1960000: system.cpu: T0 : 0x3afb0    : c_beqz s1, 14              : IntAlu : 
1961000: system.cpu: T0 : 0x3afb2    : sw zero, 0(a4)             : MemWrite :  D=0x0000000000000000 A=0x73348
1961500: system.cpu: T0 : 0x3afb6    : c_addi a5, 1               : IntAlu :  D=0x0000000000000001
1962000: system.cpu: T0 : 0x3afb8    : c_addi a4, 4               : IntAlu :  D=0x000000000007334c
1963000: system.cpu: T0 : 0x3afba    : bne s1, a5, -8             : IntAlu : 
1964000: system.cpu: T0 : 0x3afb2    : sw zero, 0(a4)             : MemWrite :  D=0x0000000000000000 A=0x7334c
1964500: system.cpu: T0 : 0x3afb6    : c_addi a5, 1               : IntAlu :  D=0x0000000000000002
1965000: system.cpu: T0 : 0x3afb8    : c_addi a4, 4               : IntAlu :  D=0x0000000000073350
1966000: system.cpu: T0 : 0x3afba    : bne s1, a5, -8             : IntAlu : 
1967000: system.cpu: T0 : 0x3afbe    : beq t3, a1, 48             : IntAlu : 
1968000: system.cpu: T0 : 0x3afc2    : ld a4, 8(a6)               : MemRead :  D=0x0000000000000009 A=0x618a0
1969000: system.cpu: T0 : 0x3afc6    : add a5, a2, a7             : IntAlu :  D=0x0000000000073370
1970000: system.cpu: T0 : 0x3afca    : lbu t1, 0(a3)              : MemRead :  D=0x000000000000002f A=0x6187a
1970500: system.cpu: T0 : 0x3afce    : c_sd a5, 0(a2)             : MemWrite :  D=0x0000000000073370 A=0x73320
1971000: system.cpu: T0 : 0x3afd0    : c_sd a3, 24(a5)            : MemWrite :  D=0x000000000006187a A=0x73388
1972000: system.cpu: T0 : 0x3afd2    : addi a2, a4, 1             : IntAlu :  D=0x000000000000000a
1972500: system.cpu: T0 : 0x3afd6    : c_sd a5, 0(a1)             : MemWrite :  D=0x0000000000073370 A=0x73268
1973000: system.cpu: T0 : 0x3afd8    : c_sd a0, 8(a5)             : MemWrite :  D=0x0000000000061680 A=0x73378
1974000: system.cpu: T0 : 0x3afda    : sd zero, 16(a5)            : MemWrite :  D=0x0000000000000000 A=0x73380
1974500: system.cpu: T0 : 0x3afde    : c_sd a4, 32(a5)            : MemWrite :  D=0x0000000000000009 A=0x73390
1975000: system.cpu: T0 : 0x3afe0    : c_addi a1, 8               : IntAlu :  D=0x0000000000073270
1975500: system.cpu: T0 : 0x3afe2    : c_add a3, a2               : IntAlu :  D=0x0000000000061884
1976000: system.cpu: T0 : 0x3afe4    : c_addi a6, 8               : IntAlu :  D=0x00000000000618a0
1977000: system.cpu: T0 : 0x3afe6    : bne t1, t4, 228            : IntAlu : 
1977500: system.cpu: T0 : 0x3afea    : c_mv a2, a5                : IntAlu :  D=0x0000000000073370
1978000: system.cpu: T0 : 0x3afec    : c_j -66                    : IntAlu : 
1979000: system.cpu: T0 : 0x3afaa    : addi a4, a2, 40            : IntAlu :  D=0x0000000000073398
1979500: system.cpu: T0 : 0x3afae    : c_li a5, 0                 : IntAlu :  D=0x0000000000000000
1980000: system.cpu: T0 : 0x3afb0    : c_beqz s1, 14              : IntAlu : 
1981000: system.cpu: T0 : 0x3afb2    : sw zero, 0(a4)             : MemWrite :  D=0x0000000000000000 A=0x73398
1981500: system.cpu: T0 : 0x3afb6    : c_addi a5, 1               : IntAlu :  D=0x0000000000000001
1982000: system.cpu: T0 : 0x3afb8    : c_addi a4, 4               : IntAlu :  D=0x000000000007339c
1983000: system.cpu: T0 : 0x3afba    : bne s1, a5, -8             : IntAlu : 
1984000: system.cpu: T0 : 0x3afb2    : sw zero, 0(a4)             : MemWrite :  D=0x0000000000000000 A=0x7339c
1984500: system.cpu: T0 : 0x3afb6    : c_addi a5, 1               : IntAlu :  D=0x0000000000000002
1985000: system.cpu: T0 : 0x3afb8    : c_addi a4, 4               : IntAlu :  D=0x00000000000733a0
1986000: system.cpu: T0 : 0x3afba    : bne s1, a5, -8             : IntAlu : 
1987000: system.cpu: T0 : 0x3afbe    : beq t3, a1, 48             : IntAlu : 
1987500: system.cpu: T0 : 0x3afee    : c_li a4, 27                : IntAlu :  D=0x000000000000001b
1988000: system.cpu: T0 : 0x3aff0    : sd zero, 0(a2)             : MemWrite :  D=0x0000000000000000 A=0x73370
1988500: system.cpu: T0 : 0x3aff4    : sd a4, -1192(gp)           : MemWrite :  D=0x000000000000001b A=0x70b90
1989000: system.cpu: T0 : 0x3aff8    : sd zero, 32(s5)            : MemWrite :  D=0x0000000000000000 A=0x73270
1989500: system.cpu: T0 : 0x3affc    : beq s2, zero, 10           : IntAlu : 
1990000: system.cpu: T0 : 0x3b006    : c_li a5, -1                : IntAlu :  D=0xffffffffffffffff
1990500: system.cpu: T0 : 0x3b008    : sd a5, 48(s3)              : MemWrite :  D=0xffffffffffffffff A=0x6eff0
1991000: system.cpu: T0 : 0x3b00c    : addi sp, s0, -64           : IntAlu :  D=0x7ffffffffffffcf0
1991500: system.cpu: T0 : 0x3b010    : c_ldsp ra, 56(sp)          : MemRead :  D=0x00000000000228f6 A=0x7ffffffffffffd28
1992000: system.cpu: T0 : 0x3b012    : c_ldsp s0, 48(sp)          : MemRead :  D=0x000000000006ef80 A=0x7ffffffffffffd20
1992500: system.cpu: T0 : 0x3b014    : c_ldsp s1, 40(sp)          : MemRead :  D=0x000000000006fe60 A=0x7ffffffffffffd18
1993000: system.cpu: T0 : 0x3b016    : c_ldsp s2, 32(sp)          : MemRead :  D=0x0000000000072000 A=0x7ffffffffffffd10
1993500: system.cpu: T0 : 0x3b018    : c_ldsp s3, 24(sp)          : MemRead :  D=0x0000000000072000 A=0x7ffffffffffffd08
1994000: system.cpu: T0 : 0x3b01a    : c_ldsp s4, 16(sp)          : MemRead :  D=0x0000000000070000 A=0x7ffffffffffffd00
1994500: system.cpu: T0 : 0x3b01c    : c_ldsp s5, 8(sp)           : MemRead :  D=0x0000000000072000 A=0x7ffffffffffffcf8
1995000: system.cpu: T0 : 0x3b01e    : c_addi16sp sp, 64          : IntAlu :  D=0x7ffffffffffffd30
1995500: system.cpu: T0 : 0x3b020    : c_jr ra                    : IntAlu : 
1996500: system.cpu: T0 : 0x228f6    : lui a5, 114                : IntAlu :  D=0x0000000000072000
1997500: system.cpu: T0 : 0x228fa    : ld a4, -360(a5)            : MemRead :  D=0x0000000000073280 A=0x71e98
1998500: system.cpu: T0 : 0x228fe    : lui a0, 80                 : IntAlu :  D=0x0000000000050000
1999500: system.cpu: T0 : 0x22902    : lui a5, 114                : IntAlu :  D=0x0000000000072000
2000500: system.cpu: T0 : 0x22906    : addi a0, a0, -208          : IntAlu :  D=0x000000000004ff30
2001500: system.cpu: T0 : 0x2290a    : sd a4, -400(a5)            : MemWrite :  D=0x0000000000073280 A=0x71e70
2002500: system.cpu: T0 : 0x2290e    : jal ra, -57838             : IntAlu :  D=0x0000000000022912
2003000: system.cpu: T0 : 0x14720    : c_addi16sp sp, -64         : IntAlu :  D=0x7ffffffffffffcf0
2003500: system.cpu: T0 : 0x14722    : c_sdsp s1, 40(sp)          : MemWrite :  D=0x000000000006fe60 A=0x7ffffffffffffd18
2004000: system.cpu: T0 : 0x14724    : ld s1, -1360(gp)           : MemRead :  D=0x7fffffffffffff48 A=0x70ae8
2004500: system.cpu: T0 : 0x14728    : c_sdsp ra, 56(sp)          : MemWrite :  D=0x0000000000022912 A=0x7ffffffffffffd28
2005000: system.cpu: T0 : 0x1472a    : c_sdsp s0, 48(sp)          : MemWrite :  D=0x000000000006ef80 A=0x7ffffffffffffd20
2005500: system.cpu: T0 : 0x1472c    : c_sdsp s2, 32(sp)          : MemWrite :  D=0x0000000000072000 A=0x7ffffffffffffd10
2006000: system.cpu: T0 : 0x1472e    : c_sdsp s3, 24(sp)          : MemWrite :  D=0x0000000000072000 A=0x7ffffffffffffd08
2006500: system.cpu: T0 : 0x14730    : c_sdsp s4, 16(sp)          : MemWrite :  D=0x0000000000070000 A=0x7ffffffffffffd00
2007000: system.cpu: T0 : 0x14732    : c_sdsp s5, 8(sp)           : MemWrite :  D=0x0000000000072000 A=0x7ffffffffffffcf8
2007500: system.cpu: T0 : 0x14734    : c_sdsp s6, 0(sp)           : MemWrite :  D=0x0000000000072000 A=0x7ffffffffffffcf0
2008000: system.cpu: T0 : 0x14736    : c_beqz s1, 210             : IntAlu : 
2008500: system.cpu: T0 : 0x14738    : lbu a5, 0(a0)              : MemRead :  D=0x000000000000004c A=0x4ff30
2009000: system.cpu: T0 : 0x1473c    : c_mv s4, a0                : IntAlu :  D=0x000000000004ff30
2009500: system.cpu: T0 : 0x1473e    : c_beqz a5, 202             : IntAlu : 
2010000: system.cpu: T0 : 0x14740    : lbu s5, 1(a0)              : MemRead :  D=0x0000000000000044 A=0x4ff31
2010500: system.cpu: T0 : 0x14744    : slliw s2, a5, 16           : IntAlu :  D=0x00000000004c0000
2011000: system.cpu: T0 : 0x14748    : c_ld s0, 0(s1)             : MemRead :  D=0x0000000000000000 A=0x7fffffffffffff48
2012000: system.cpu: T0 : 0x1474a    : sraiw s2, s2, 16           : IntAlu :  D=0x000000000000004c
2013000: system.cpu: T0 : 0x1474e    : bne s5, zero, 86           : IntAlu : 
2013500: system.cpu: T0 : 0x147a4    : jal ra, 42488              : IntAlu :  D=0x00000000000147a8
2014000: system.cpu: T0 : 0x1ed9c    : andi a5, a0, 7             : IntAlu :  D=0x0000000000000000
2014500: system.cpu: T0 : 0x1eda0    : c_beqz a5, 26              : IntAlu : 
2015000: system.cpu: T0 : 0x1edba    : c_mv a5, a0                : IntAlu :  D=0x000000000004ff30
2015500: system.cpu: T0 : 0x1edbc    : ld a6, -2024(gp)           : MemRead :  D=0xfefefefefefefeff A=0x70850
2016000: system.cpu: T0 : 0x1edc0    : ld a1, -2016(gp)           : MemRead :  D=0x8080808080808080 A=0x70858
2016500: system.cpu: T0 : 0x1edc4    : c_ld a2, 0(a5)             : MemRead :  D=0x5f444e49425f444c A=0x4ff30
2017500: system.cpu: T0 : 0x1edc6    : addi a3, a5, 8             : IntAlu :  D=0x000000000004ff38
2018500: system.cpu: T0 : 0x1edca    : add a4, a2, a6             : IntAlu :  D=0x5e434d48415e434b
2019500: system.cpu: T0 : 0x1edce    : xori a2, a2, 18446744073709551615 : IntAlu :  D=0xa0bbb1b6bda0bbb3
2020000: system.cpu: T0 : 0x1edd2    : c_and a4, a2               : IntAlu :  D=0x0003010001000303
2020500: system.cpu: T0 : 0x1edd4    : c_and a4, a1               : IntAlu :  D=0x0000000000000000
2021000: system.cpu: T0 : 0x1edd6    : c_beqz a4, 50              : IntAlu : 
2021500: system.cpu: T0 : 0x1ee08    : c_mv a5, a3                : IntAlu :  D=0x000000000004ff38
2022000: system.cpu: T0 : 0x1ee0a    : c_j -70                    : IntAlu : 
2022500: system.cpu: T0 : 0x1edc4    : c_ld a2, 0(a5)             : MemRead :  D=0x0000000000574f4e A=0x4ff38
2023500: system.cpu: T0 : 0x1edc6    : addi a3, a5, 8             : IntAlu :  D=0x000000000004ff40
2024500: system.cpu: T0 : 0x1edca    : add a4, a2, a6             : IntAlu :  D=0xfefefefeff564e4d
2025500: system.cpu: T0 : 0x1edce    : xori a2, a2, 18446744073709551615 : IntAlu :  D=0xffffffffffa8b0b1
2026000: system.cpu: T0 : 0x1edd2    : c_and a4, a2               : IntAlu :  D=0xfefefefeff000001
2026500: system.cpu: T0 : 0x1edd4    : c_and a4, a1               : IntAlu :  D=0x8080808080000000
2027000: system.cpu: T0 : 0x1edd6    : c_beqz a4, 50              : IntAlu : 
2027500: system.cpu: T0 : 0x1edd8    : lbu a4, -8(a3)             : MemRead :  D=0x000000000000004e A=0x4ff38
2028000: system.cpu: T0 : 0x1eddc    : c_beqz a4, -40             : IntAlu : 
2029000: system.cpu: T0 : 0x1edde    : lbu a4, -7(a3)             : MemRead :  D=0x000000000000004f A=0x4ff39
2029500: system.cpu: T0 : 0x1ede2    : c_beqz a4, 50              : IntAlu : 
2030000: system.cpu: T0 : 0x1ede4    : lbu a4, -6(a3)             : MemRead :  D=0x0000000000000057 A=0x4ff3a
2030500: system.cpu: T0 : 0x1ede8    : c_beqz a4, 52              : IntAlu : 
2031500: system.cpu: T0 : 0x1edea    : lbu a4, -5(a3)             : MemRead :  D=0x0000000000000000 A=0x4ff3b
2032000: system.cpu: T0 : 0x1edee    : c_beqz a4, 54              : IntAlu : 
2032500: system.cpu: T0 : 0x1ee24    : c_sub a5, a0               : IntAlu :  D=0x0000000000000008
2033500: system.cpu: T0 : 0x1ee26    : addi a0, a5, 3             : IntAlu :  D=0x000000000000000b
2034000: system.cpu: T0 : 0x1ee2a    : c_jr ra                    : IntAlu : 
2034500: system.cpu: T0 : 0x147a8    : slli a5, s5, 8             : IntAlu :  D=0x0000000000004400
2035000: system.cpu: T0 : 0x147ac    : or a5, s2, a5              : IntAlu :  D=0x000000000000444c
2035500: system.cpu: T0 : 0x147b0    : slliw s2, a5, 16           : IntAlu :  D=0x00000000444c0000
2036000: system.cpu: T0 : 0x147b4    : c_mv s3, a0                : IntAlu :  D=0x000000000000000b
2037000: system.cpu: T0 : 0x147b6    : sraiw s2, s2, 16           : IntAlu :  D=0x000000000000444c
2038000: system.cpu: T0 : 0x147ba    : addi s5, a0, -2            : IntAlu :  D=0x0000000000000009
2038500: system.cpu: T0 : 0x147be    : c_addi s4, 2               : IntAlu :  D=0x000000000004ff32
2039000: system.cpu: T0 : 0x147c0    : c_beqz s0, -50             : IntAlu : 
2039500: system.cpu: T0 : 0x1478e    : c_ldsp ra, 56(sp)          : MemRead :  D=0x0000000000022912 A=0x7ffffffffffffd28
2040000: system.cpu: T0 : 0x14790    : c_mv a0, s0                : IntAlu :  D=0x0000000000000000
2040500: system.cpu: T0 : 0x14792    : c_ldsp s0, 48(sp)          : MemRead :  D=0x000000000006ef80 A=0x7ffffffffffffd20
2041000: system.cpu: T0 : 0x14794    : c_ldsp s1, 40(sp)          : MemRead :  D=0x000000000006fe60 A=0x7ffffffffffffd18
2041500: system.cpu: T0 : 0x14796    : c_ldsp s2, 32(sp)          : MemRead :  D=0x0000000000072000 A=0x7ffffffffffffd10
2042000: system.cpu: T0 : 0x14798    : c_ldsp s3, 24(sp)          : MemRead :  D=0x0000000000072000 A=0x7ffffffffffffd08
2042500: system.cpu: T0 : 0x1479a    : c_ldsp s4, 16(sp)          : MemRead :  D=0x0000000000070000 A=0x7ffffffffffffd00
2043000: system.cpu: T0 : 0x1479c    : c_ldsp s5, 8(sp)           : MemRead :  D=0x0000000000072000 A=0x7ffffffffffffcf8
2043500: system.cpu: T0 : 0x1479e    : c_ldsp s6, 0(sp)           : MemRead :  D=0x0000000000072000 A=0x7ffffffffffffcf0
2044000: system.cpu: T0 : 0x147a0    : c_addi16sp sp, 64          : IntAlu :  D=0x7ffffffffffffd30
2044500: system.cpu: T0 : 0x147a2    : c_jr ra                    : IntAlu : 
2045000: system.cpu: T0 : 0x22912    : c_li a5, 1                 : IntAlu :  D=0x0000000000000001
2045500: system.cpu: T0 : 0x22914    : c_beqz a0, 10              : IntAlu : 
2046500: system.cpu: T0 : 0x2291e    : lui a0, 80                 : IntAlu :  D=0x0000000000050000
2047500: system.cpu: T0 : 0x22922    : lui a4, 114                : IntAlu :  D=0x0000000000072000
2048500: system.cpu: T0 : 0x22926    : addi a0, a0, -192          : IntAlu :  D=0x000000000004ff40
2049500: system.cpu: T0 : 0x2292a    : sw a5, -464(a4)            : MemWrite :  D=0x0000000000000001 A=0x71e30
2050500: system.cpu: T0 : 0x2292e    : jal ra, -57870             : IntAlu :  D=0x0000000000022932
2051000: system.cpu: T0 : 0x14720    : c_addi16sp sp, -64         : IntAlu :  D=0x7ffffffffffffcf0
2051500: system.cpu: T0 : 0x14722    : c_sdsp s1, 40(sp)          : MemWrite :  D=0x000000000006fe60 A=0x7ffffffffffffd18
2052000: system.cpu: T0 : 0x14724    : ld s1, -1360(gp)           : MemRead :  D=0x7fffffffffffff48 A=0x70ae8
2052500: system.cpu: T0 : 0x14728    : c_sdsp ra, 56(sp)          : MemWrite :  D=0x0000000000022932 A=0x7ffffffffffffd28
2053000: system.cpu: T0 : 0x1472a    : c_sdsp s0, 48(sp)          : MemWrite :  D=0x000000000006ef80 A=0x7ffffffffffffd20
2053500: system.cpu: T0 : 0x1472c    : c_sdsp s2, 32(sp)          : MemWrite :  D=0x0000000000072000 A=0x7ffffffffffffd10
2054000: system.cpu: T0 : 0x1472e    : c_sdsp s3, 24(sp)          : MemWrite :  D=0x0000000000072000 A=0x7ffffffffffffd08
2054500: system.cpu: T0 : 0x14730    : c_sdsp s4, 16(sp)          : MemWrite :  D=0x0000000000070000 A=0x7ffffffffffffd00
2055000: system.cpu: T0 : 0x14732    : c_sdsp s5, 8(sp)           : MemWrite :  D=0x0000000000072000 A=0x7ffffffffffffcf8
2055500: system.cpu: T0 : 0x14734    : c_sdsp s6, 0(sp)           : MemWrite :  D=0x0000000000072000 A=0x7ffffffffffffcf0
2056000: system.cpu: T0 : 0x14736    : c_beqz s1, 210             : IntAlu : 
2056500: system.cpu: T0 : 0x14738    : lbu a5, 0(a0)              : MemRead :  D=0x000000000000004c A=0x4ff40
2057000: system.cpu: T0 : 0x1473c    : c_mv s4, a0                : IntAlu :  D=0x000000000004ff40
2057500: system.cpu: T0 : 0x1473e    : c_beqz a5, 202             : IntAlu : 
2058000: system.cpu: T0 : 0x14740    : lbu s5, 1(a0)              : MemRead :  D=0x0000000000000044 A=0x4ff41
2058500: system.cpu: T0 : 0x14744    : slliw s2, a5, 16           : IntAlu :  D=0x00000000004c0000
2059000: system.cpu: T0 : 0x14748    : c_ld s0, 0(s1)             : MemRead :  D=0x0000000000000000 A=0x7fffffffffffff48
2060000: system.cpu: T0 : 0x1474a    : sraiw s2, s2, 16           : IntAlu :  D=0x000000000000004c
2061000: system.cpu: T0 : 0x1474e    : bne s5, zero, 86           : IntAlu : 
2061500: system.cpu: T0 : 0x147a4    : jal ra, 42488              : IntAlu :  D=0x00000000000147a8
2062000: system.cpu: T0 : 0x1ed9c    : andi a5, a0, 7             : IntAlu :  D=0x0000000000000000
2062500: system.cpu: T0 : 0x1eda0    : c_beqz a5, 26              : IntAlu : 
2063000: system.cpu: T0 : 0x1edba    : c_mv a5, a0                : IntAlu :  D=0x000000000004ff40
2063500: system.cpu: T0 : 0x1edbc    : ld a6, -2024(gp)           : MemRead :  D=0xfefefefefefefeff A=0x70850
2064000: system.cpu: T0 : 0x1edc0    : ld a1, -2016(gp)           : MemRead :  D=0x8080808080808080 A=0x70858
2064500: system.cpu: T0 : 0x1edc4    : c_ld a2, 0(a5)             : MemRead :  D=0x5f444e49425f444c A=0x4ff40
2065500: system.cpu: T0 : 0x1edc6    : addi a3, a5, 8             : IntAlu :  D=0x000000000004ff48
2066500: system.cpu: T0 : 0x1edca    : add a4, a2, a6             : IntAlu :  D=0x5e434d48415e434b
2067500: system.cpu: T0 : 0x1edce    : xori a2, a2, 18446744073709551615 : IntAlu :  D=0xa0bbb1b6bda0bbb3
2068000: system.cpu: T0 : 0x1edd2    : c_and a4, a2               : IntAlu :  D=0x0003010001000303
2068500: system.cpu: T0 : 0x1edd4    : c_and a4, a1               : IntAlu :  D=0x0000000000000000
2069000: system.cpu: T0 : 0x1edd6    : c_beqz a4, 50              : IntAlu : 
2069500: system.cpu: T0 : 0x1ee08    : c_mv a5, a3                : IntAlu :  D=0x000000000004ff48
2070000: system.cpu: T0 : 0x1ee0a    : c_j -70                    : IntAlu : 
2070500: system.cpu: T0 : 0x1edc4    : c_ld a2, 0(a5)             : MemRead :  D=0x0000000000544f4e A=0x4ff48
2071500: system.cpu: T0 : 0x1edc6    : addi a3, a5, 8             : IntAlu :  D=0x000000000004ff50
2072500: system.cpu: T0 : 0x1edca    : add a4, a2, a6             : IntAlu :  D=0xfefefefeff534e4d
2073500: system.cpu: T0 : 0x1edce    : xori a2, a2, 18446744073709551615 : IntAlu :  D=0xffffffffffabb0b1
2074000: system.cpu: T0 : 0x1edd2    : c_and a4, a2               : IntAlu :  D=0xfefefefeff030001
2074500: system.cpu: T0 : 0x1edd4    : c_and a4, a1               : IntAlu :  D=0x8080808080000000
2075000: system.cpu: T0 : 0x1edd6    : c_beqz a4, 50              : IntAlu : 
2075500: system.cpu: T0 : 0x1edd8    : lbu a4, -8(a3)             : MemRead :  D=0x000000000000004e A=0x4ff48
2076000: system.cpu: T0 : 0x1eddc    : c_beqz a4, -40             : IntAlu : 
2077000: system.cpu: T0 : 0x1edde    : lbu a4, -7(a3)             : MemRead :  D=0x000000000000004f A=0x4ff49
2077500: system.cpu: T0 : 0x1ede2    : c_beqz a4, 50              : IntAlu : 
2078000: system.cpu: T0 : 0x1ede4    : lbu a4, -6(a3)             : MemRead :  D=0x0000000000000054 A=0x4ff4a
2078500: system.cpu: T0 : 0x1ede8    : c_beqz a4, 52              : IntAlu : 
2079500: system.cpu: T0 : 0x1edea    : lbu a4, -5(a3)             : MemRead :  D=0x0000000000000000 A=0x4ff4b
2080000: system.cpu: T0 : 0x1edee    : c_beqz a4, 54              : IntAlu : 
2080500: system.cpu: T0 : 0x1ee24    : c_sub a5, a0               : IntAlu :  D=0x0000000000000008
2081500: system.cpu: T0 : 0x1ee26    : addi a0, a5, 3             : IntAlu :  D=0x000000000000000b
2082000: system.cpu: T0 : 0x1ee2a    : c_jr ra                    : IntAlu : 
2082500: system.cpu: T0 : 0x147a8    : slli a5, s5, 8             : IntAlu :  D=0x0000000000004400
2083000: system.cpu: T0 : 0x147ac    : or a5, s2, a5              : IntAlu :  D=0x000000000000444c
2083500: system.cpu: T0 : 0x147b0    : slliw s2, a5, 16           : IntAlu :  D=0x00000000444c0000
2084000: system.cpu: T0 : 0x147b4    : c_mv s3, a0                : IntAlu :  D=0x000000000000000b
2085000: system.cpu: T0 : 0x147b6    : sraiw s2, s2, 16           : IntAlu :  D=0x000000000000444c
2086000: system.cpu: T0 : 0x147ba    : addi s5, a0, -2            : IntAlu :  D=0x0000000000000009
2086500: system.cpu: T0 : 0x147be    : c_addi s4, 2               : IntAlu :  D=0x000000000004ff42
2087000: system.cpu: T0 : 0x147c0    : c_beqz s0, -50             : IntAlu : 
2087500: system.cpu: T0 : 0x1478e    : c_ldsp ra, 56(sp)          : MemRead :  D=0x0000000000022932 A=0x7ffffffffffffd28
2088000: system.cpu: T0 : 0x14790    : c_mv a0, s0                : IntAlu :  D=0x0000000000000000
2088500: system.cpu: T0 : 0x14792    : c_ldsp s0, 48(sp)          : MemRead :  D=0x000000000006ef80 A=0x7ffffffffffffd20
2089000: system.cpu: T0 : 0x14794    : c_ldsp s1, 40(sp)          : MemRead :  D=0x000000000006fe60 A=0x7ffffffffffffd18
2089500: system.cpu: T0 : 0x14796    : c_ldsp s2, 32(sp)          : MemRead :  D=0x0000000000072000 A=0x7ffffffffffffd10
2090000: system.cpu: T0 : 0x14798    : c_ldsp s3, 24(sp)          : MemRead :  D=0x0000000000072000 A=0x7ffffffffffffd08
2090500: system.cpu: T0 : 0x1479a    : c_ldsp s4, 16(sp)          : MemRead :  D=0x0000000000070000 A=0x7ffffffffffffd00
2091000: system.cpu: T0 : 0x1479c    : c_ldsp s5, 8(sp)           : MemRead :  D=0x0000000000072000 A=0x7ffffffffffffcf8
2091500: system.cpu: T0 : 0x1479e    : c_ldsp s6, 0(sp)           : MemRead :  D=0x0000000000072000 A=0x7ffffffffffffcf0
2092000: system.cpu: T0 : 0x147a0    : c_addi16sp sp, 64          : IntAlu :  D=0x7ffffffffffffd30
2092500: system.cpu: T0 : 0x147a2    : c_jr ra                    : IntAlu : 
2093000: system.cpu: T0 : 0x22932    : c_li a5, 0                 : IntAlu :  D=0x0000000000000000
2093500: system.cpu: T0 : 0x22934    : c_beqz a0, 10              : IntAlu : 
2094500: system.cpu: T0 : 0x2293e    : lui a0, 80                 : IntAlu :  D=0x0000000000050000
2095500: system.cpu: T0 : 0x22942    : lui a4, 114                : IntAlu :  D=0x0000000000072000
2096500: system.cpu: T0 : 0x22946    : addi a0, a0, -176          : IntAlu :  D=0x000000000004ff50
2097500: system.cpu: T0 : 0x2294a    : sw a5, -488(a4)            : MemWrite :  D=0x0000000000000000 A=0x71e18
2098500: system.cpu: T0 : 0x2294e    : jal ra, -57902             : IntAlu :  D=0x0000000000022952
2099000: system.cpu: T0 : 0x14720    : c_addi16sp sp, -64         : IntAlu :  D=0x7ffffffffffffcf0
2099500: system.cpu: T0 : 0x14722    : c_sdsp s1, 40(sp)          : MemWrite :  D=0x000000000006fe60 A=0x7ffffffffffffd18
2100000: system.cpu: T0 : 0x14724    : ld s1, -1360(gp)           : MemRead :  D=0x7fffffffffffff48 A=0x70ae8
2100500: system.cpu: T0 : 0x14728    : c_sdsp ra, 56(sp)          : MemWrite :  D=0x0000000000022952 A=0x7ffffffffffffd28
2101000: system.cpu: T0 : 0x1472a    : c_sdsp s0, 48(sp)          : MemWrite :  D=0x000000000006ef80 A=0x7ffffffffffffd20
2101500: system.cpu: T0 : 0x1472c    : c_sdsp s2, 32(sp)          : MemWrite :  D=0x0000000000072000 A=0x7ffffffffffffd10
2102000: system.cpu: T0 : 0x1472e    : c_sdsp s3, 24(sp)          : MemWrite :  D=0x0000000000072000 A=0x7ffffffffffffd08
2102500: system.cpu: T0 : 0x14730    : c_sdsp s4, 16(sp)          : MemWrite :  D=0x0000000000070000 A=0x7ffffffffffffd00
2103000: system.cpu: T0 : 0x14732    : c_sdsp s5, 8(sp)           : MemWrite :  D=0x0000000000072000 A=0x7ffffffffffffcf8
2103500: system.cpu: T0 : 0x14734    : c_sdsp s6, 0(sp)           : MemWrite :  D=0x0000000000072000 A=0x7ffffffffffffcf0
2104000: system.cpu: T0 : 0x14736    : c_beqz s1, 210             : IntAlu : 
2104500: system.cpu: T0 : 0x14738    : lbu a5, 0(a0)              : MemRead :  D=0x000000000000004c A=0x4ff50
2105000: system.cpu: T0 : 0x1473c    : c_mv s4, a0                : IntAlu :  D=0x000000000004ff50
2105500: system.cpu: T0 : 0x1473e    : c_beqz a5, 202             : IntAlu : 
2106000: system.cpu: T0 : 0x14740    : lbu s5, 1(a0)              : MemRead :  D=0x0000000000000044 A=0x4ff51
2106500: system.cpu: T0 : 0x14744    : slliw s2, a5, 16           : IntAlu :  D=0x00000000004c0000
2107000: system.cpu: T0 : 0x14748    : c_ld s0, 0(s1)             : MemRead :  D=0x0000000000000000 A=0x7fffffffffffff48
2108000: system.cpu: T0 : 0x1474a    : sraiw s2, s2, 16           : IntAlu :  D=0x000000000000004c
2109000: system.cpu: T0 : 0x1474e    : bne s5, zero, 86           : IntAlu : 
2109500: system.cpu: T0 : 0x147a4    : jal ra, 42488              : IntAlu :  D=0x00000000000147a8
2110000: system.cpu: T0 : 0x1ed9c    : andi a5, a0, 7             : IntAlu :  D=0x0000000000000000
2110500: system.cpu: T0 : 0x1eda0    : c_beqz a5, 26              : IntAlu : 
2111000: system.cpu: T0 : 0x1edba    : c_mv a5, a0                : IntAlu :  D=0x000000000004ff50
2111500: system.cpu: T0 : 0x1edbc    : ld a6, -2024(gp)           : MemRead :  D=0xfefefefefefefeff A=0x70850
2112000: system.cpu: T0 : 0x1edc0    : ld a1, -2016(gp)           : MemRead :  D=0x8080808080808080 A=0x70858
2112500: system.cpu: T0 : 0x1edc4    : c_ld a2, 0(a5)             : MemRead :  D=0x4d414e59445f444c A=0x4ff50
2113500: system.cpu: T0 : 0x1edc6    : addi a3, a5, 8             : IntAlu :  D=0x000000000004ff58
2114500: system.cpu: T0 : 0x1edca    : add a4, a2, a6             : IntAlu :  D=0x4c404d58435e434b
2115500: system.cpu: T0 : 0x1edce    : xori a2, a2, 18446744073709551615 : IntAlu :  D=0xb2beb1a6bba0bbb3
2116000: system.cpu: T0 : 0x1edd2    : c_and a4, a2               : IntAlu :  D=0x0000010003000303
2116500: system.cpu: T0 : 0x1edd4    : c_and a4, a1               : IntAlu :  D=0x0000000000000000
2117000: system.cpu: T0 : 0x1edd6    : c_beqz a4, 50              : IntAlu : 
2117500: system.cpu: T0 : 0x1ee08    : c_mv a5, a3                : IntAlu :  D=0x000000000004ff58
2118000: system.cpu: T0 : 0x1ee0a    : c_j -70                    : IntAlu : 
2118500: system.cpu: T0 : 0x1edc4    : c_ld a2, 0(a5)             : MemRead :  D=0x004b4145575f4349 A=0x4ff58
2119500: system.cpu: T0 : 0x1edc6    : addi a3, a5, 8             : IntAlu :  D=0x000000000004ff60
2120500: system.cpu: T0 : 0x1edca    : add a4, a2, a6             : IntAlu :  D=0xff4a4044565e4248
2121500: system.cpu: T0 : 0x1edce    : xori a2, a2, 18446744073709551615 : IntAlu :  D=0xffb4bebaa8a0bcb6
2122000: system.cpu: T0 : 0x1edd2    : c_and a4, a2               : IntAlu :  D=0xff00000000000000
2122500: system.cpu: T0 : 0x1edd4    : c_and a4, a1               : IntAlu :  D=0x8000000000000000
2123000: system.cpu: T0 : 0x1edd6    : c_beqz a4, 50              : IntAlu : 
2123500: system.cpu: T0 : 0x1edd8    : lbu a4, -8(a3)             : MemRead :  D=0x0000000000000049 A=0x4ff58
2124000: system.cpu: T0 : 0x1eddc    : c_beqz a4, -40             : IntAlu : 
2125000: system.cpu: T0 : 0x1edde    : lbu a4, -7(a3)             : MemRead :  D=0x0000000000000043 A=0x4ff59
2125500: system.cpu: T0 : 0x1ede2    : c_beqz a4, 50              : IntAlu : 
2126000: system.cpu: T0 : 0x1ede4    : lbu a4, -6(a3)             : MemRead :  D=0x000000000000005f A=0x4ff5a
2126500: system.cpu: T0 : 0x1ede8    : c_beqz a4, 52              : IntAlu : 
2127500: system.cpu: T0 : 0x1edea    : lbu a4, -5(a3)             : MemRead :  D=0x0000000000000057 A=0x4ff5b
2128000: system.cpu: T0 : 0x1edee    : c_beqz a4, 54              : IntAlu : 
2128500: system.cpu: T0 : 0x1edf0    : lbu a4, -4(a3)             : MemRead :  D=0x0000000000000045 A=0x4ff5c
2129000: system.cpu: T0 : 0x1edf4    : c_beqz a4, 56              : IntAlu : 
2130000: system.cpu: T0 : 0x1edf6    : lbu a4, -3(a3)             : MemRead :  D=0x0000000000000041 A=0x4ff5d
2130500: system.cpu: T0 : 0x1edfa    : c_beqz a4, 58              : IntAlu : 
2131000: system.cpu: T0 : 0x1edfc    : lbu a4, -2(a3)             : MemRead :  D=0x000000000000004b A=0x4ff5e
2131500: system.cpu: T0 : 0x1ee00    : c_beqz a4, 60              : IntAlu : 
2132500: system.cpu: T0 : 0x1ee02    : lbu a4, -1(a3)             : MemRead :  D=0x0000000000000000 A=0x4ff5f
2133000: system.cpu: T0 : 0x1ee06    : c_beqz a4, 6               : IntAlu : 
2133500: system.cpu: T0 : 0x1ee0c    : c_sub a5, a0               : IntAlu :  D=0x0000000000000008
2134500: system.cpu: T0 : 0x1ee0e    : addi a0, a5, 7             : IntAlu :  D=0x000000000000000f
2135000: system.cpu: T0 : 0x1ee12    : c_jr ra                    : IntAlu : 
2135500: system.cpu: T0 : 0x147a8    : slli a5, s5, 8             : IntAlu :  D=0x0000000000004400
2136000: system.cpu: T0 : 0x147ac    : or a5, s2, a5              : IntAlu :  D=0x000000000000444c
2136500: system.cpu: T0 : 0x147b0    : slliw s2, a5, 16           : IntAlu :  D=0x00000000444c0000
2137000: system.cpu: T0 : 0x147b4    : c_mv s3, a0                : IntAlu :  D=0x000000000000000f
2138000: system.cpu: T0 : 0x147b6    : sraiw s2, s2, 16           : IntAlu :  D=0x000000000000444c
2139000: system.cpu: T0 : 0x147ba    : addi s5, a0, -2            : IntAlu :  D=0x000000000000000d
2139500: system.cpu: T0 : 0x147be    : c_addi s4, 2               : IntAlu :  D=0x000000000004ff52
2140000: system.cpu: T0 : 0x147c0    : c_beqz s0, -50             : IntAlu : 
2140500: system.cpu: T0 : 0x1478e    : c_ldsp ra, 56(sp)          : MemRead :  D=0x0000000000022952 A=0x7ffffffffffffd28
2141000: system.cpu: T0 : 0x14790    : c_mv a0, s0                : IntAlu :  D=0x0000000000000000
2141500: system.cpu: T0 : 0x14792    : c_ldsp s0, 48(sp)          : MemRead :  D=0x000000000006ef80 A=0x7ffffffffffffd20
2142000: system.cpu: T0 : 0x14794    : c_ldsp s1, 40(sp)          : MemRead :  D=0x000000000006fe60 A=0x7ffffffffffffd18
2142500: system.cpu: T0 : 0x14796    : c_ldsp s2, 32(sp)          : MemRead :  D=0x0000000000072000 A=0x7ffffffffffffd10
2143000: system.cpu: T0 : 0x14798    : c_ldsp s3, 24(sp)          : MemRead :  D=0x0000000000072000 A=0x7ffffffffffffd08
2143500: system.cpu: T0 : 0x1479a    : c_ldsp s4, 16(sp)          : MemRead :  D=0x0000000000070000 A=0x7ffffffffffffd00
2144000: system.cpu: T0 : 0x1479c    : c_ldsp s5, 8(sp)           : MemRead :  D=0x0000000000072000 A=0x7ffffffffffffcf8
2144500: system.cpu: T0 : 0x1479e    : c_ldsp s6, 0(sp)           : MemRead :  D=0x0000000000072000 A=0x7ffffffffffffcf0
2145000: system.cpu: T0 : 0x147a0    : c_addi16sp sp, 64          : IntAlu :  D=0x7ffffffffffffd30
2145500: system.cpu: T0 : 0x147a2    : c_jr ra                    : IntAlu : 
2146000: system.cpu: T0 : 0x22952    : c_li a5, 1                 : IntAlu :  D=0x0000000000000001
2146500: system.cpu: T0 : 0x22954    : c_beqz a0, 10              : IntAlu : 
2147500: system.cpu: T0 : 0x2295e    : lui a0, 80                 : IntAlu :  D=0x0000000000050000
2148500: system.cpu: T0 : 0x22962    : lui a4, 114                : IntAlu :  D=0x0000000000072000
2149500: system.cpu: T0 : 0x22966    : addi a0, a0, -160          : IntAlu :  D=0x000000000004ff60
2150500: system.cpu: T0 : 0x2296a    : sw a5, -412(a4)            : MemWrite :  D=0x0000000000000001 A=0x71e64
2151500: system.cpu: T0 : 0x2296e    : jal ra, -57934             : IntAlu :  D=0x0000000000022972
2152000: system.cpu: T0 : 0x14720    : c_addi16sp sp, -64         : IntAlu :  D=0x7ffffffffffffcf0
2152500: system.cpu: T0 : 0x14722    : c_sdsp s1, 40(sp)          : MemWrite :  D=0x000000000006fe60 A=0x7ffffffffffffd18
2153000: system.cpu: T0 : 0x14724    : ld s1, -1360(gp)           : MemRead :  D=0x7fffffffffffff48 A=0x70ae8
2153500: system.cpu: T0 : 0x14728    : c_sdsp ra, 56(sp)          : MemWrite :  D=0x0000000000022972 A=0x7ffffffffffffd28
2154000: system.cpu: T0 : 0x1472a    : c_sdsp s0, 48(sp)          : MemWrite :  D=0x000000000006ef80 A=0x7ffffffffffffd20
2154500: system.cpu: T0 : 0x1472c    : c_sdsp s2, 32(sp)          : MemWrite :  D=0x0000000000072000 A=0x7ffffffffffffd10
2155000: system.cpu: T0 : 0x1472e    : c_sdsp s3, 24(sp)          : MemWrite :  D=0x0000000000072000 A=0x7ffffffffffffd08
2155500: system.cpu: T0 : 0x14730    : c_sdsp s4, 16(sp)          : MemWrite :  D=0x0000000000070000 A=0x7ffffffffffffd00
2156000: system.cpu: T0 : 0x14732    : c_sdsp s5, 8(sp)           : MemWrite :  D=0x0000000000072000 A=0x7ffffffffffffcf8
2156500: system.cpu: T0 : 0x14734    : c_sdsp s6, 0(sp)           : MemWrite :  D=0x0000000000072000 A=0x7ffffffffffffcf0
2157000: system.cpu: T0 : 0x14736    : c_beqz s1, 210             : IntAlu : 
2157500: system.cpu: T0 : 0x14738    : lbu a5, 0(a0)              : MemRead :  D=0x000000000000004c A=0x4ff60
2158000: system.cpu: T0 : 0x1473c    : c_mv s4, a0                : IntAlu :  D=0x000000000004ff60
2158500: system.cpu: T0 : 0x1473e    : c_beqz a5, 202             : IntAlu : 
2159000: system.cpu: T0 : 0x14740    : lbu s5, 1(a0)              : MemRead :  D=0x0000000000000044 A=0x4ff61
2159500: system.cpu: T0 : 0x14744    : slliw s2, a5, 16           : IntAlu :  D=0x00000000004c0000
2160000: system.cpu: T0 : 0x14748    : c_ld s0, 0(s1)             : MemRead :  D=0x0000000000000000 A=0x7fffffffffffff48
2161000: system.cpu: T0 : 0x1474a    : sraiw s2, s2, 16           : IntAlu :  D=0x000000000000004c
2162000: system.cpu: T0 : 0x1474e    : bne s5, zero, 86           : IntAlu : 
2162500: system.cpu: T0 : 0x147a4    : jal ra, 42488              : IntAlu :  D=0x00000000000147a8
2163000: system.cpu: T0 : 0x1ed9c    : andi a5, a0, 7             : IntAlu :  D=0x0000000000000000
2163500: system.cpu: T0 : 0x1eda0    : c_beqz a5, 26              : IntAlu : 
2164000: system.cpu: T0 : 0x1edba    : c_mv a5, a0                : IntAlu :  D=0x000000000004ff60
2164500: system.cpu: T0 : 0x1edbc    : ld a6, -2024(gp)           : MemRead :  D=0xfefefefefefefeff A=0x70850
2165000: system.cpu: T0 : 0x1edc0    : ld a1, -2016(gp)           : MemRead :  D=0x8080808080808080 A=0x70858
2165500: system.cpu: T0 : 0x1edc4    : c_ld a2, 0(a5)             : MemRead :  D=0x49464f52505f444c A=0x4ff60
2166500: system.cpu: T0 : 0x1edc6    : addi a3, a5, 8             : IntAlu :  D=0x000000000004ff68
2167500: system.cpu: T0 : 0x1edca    : add a4, a2, a6             : IntAlu :  D=0x48454e514f5e434b
2168500: system.cpu: T0 : 0x1edce    : xori a2, a2, 18446744073709551615 : IntAlu :  D=0xb6b9b0adafa0bbb3
2169000: system.cpu: T0 : 0x1edd2    : c_and a4, a2               : IntAlu :  D=0x000100010f000303
2169500: system.cpu: T0 : 0x1edd4    : c_and a4, a1               : IntAlu :  D=0x0000000000000000
2170000: system.cpu: T0 : 0x1edd6    : c_beqz a4, 50              : IntAlu : 
2170500: system.cpu: T0 : 0x1ee08    : c_mv a5, a3                : IntAlu :  D=0x000000000004ff68
2171000: system.cpu: T0 : 0x1ee0a    : c_j -70                    : IntAlu : 
2171500: system.cpu: T0 : 0x1edc4    : c_ld a2, 0(a5)             : MemRead :  D=0x555054554f5f454c A=0x4ff68
2172500: system.cpu: T0 : 0x1edc6    : addi a3, a5, 8             : IntAlu :  D=0x000000000004ff70
2173500: system.cpu: T0 : 0x1edca    : add a4, a2, a6             : IntAlu :  D=0x544f53544e5e444b
2174500: system.cpu: T0 : 0x1edce    : xori a2, a2, 18446744073709551615 : IntAlu :  D=0xaaafabaab0a0bab3
2175000: system.cpu: T0 : 0x1edd2    : c_and a4, a2               : IntAlu :  D=0x000f030000000003
2175500: system.cpu: T0 : 0x1edd4    : c_and a4, a1               : IntAlu :  D=0x0000000000000000
2176000: system.cpu: T0 : 0x1edd6    : c_beqz a4, 50              : IntAlu : 
2176500: system.cpu: T0 : 0x1ee08    : c_mv a5, a3                : IntAlu :  D=0x000000000004ff70
2177000: system.cpu: T0 : 0x1ee0a    : c_j -70                    : IntAlu : 
2177500: system.cpu: T0 : 0x1edc4    : c_ld a2, 0(a5)             : MemRead :  D=0x0000000000000054 A=0x4ff70
2178500: system.cpu: T0 : 0x1edc6    : addi a3, a5, 8             : IntAlu :  D=0x000000000004ff78
2179500: system.cpu: T0 : 0x1edca    : add a4, a2, a6             : IntAlu :  D=0xfefefefefefeff53
2180500: system.cpu: T0 : 0x1edce    : xori a2, a2, 18446744073709551615 : IntAlu :  D=0xffffffffffffffab
2181000: system.cpu: T0 : 0x1edd2    : c_and a4, a2               : IntAlu :  D=0xfefefefefefeff03
2181500: system.cpu: T0 : 0x1edd4    : c_and a4, a1               : IntAlu :  D=0x8080808080808000
2182000: system.cpu: T0 : 0x1edd6    : c_beqz a4, 50              : IntAlu : 
2182500: system.cpu: T0 : 0x1edd8    : lbu a4, -8(a3)             : MemRead :  D=0x0000000000000054 A=0x4ff70
2183000: system.cpu: T0 : 0x1eddc    : c_beqz a4, -40             : IntAlu : 
2184000: system.cpu: T0 : 0x1edde    : lbu a4, -7(a3)             : MemRead :  D=0x0000000000000000 A=0x4ff71
2184500: system.cpu: T0 : 0x1ede2    : c_beqz a4, 50              : IntAlu : 
2185000: system.cpu: T0 : 0x1ee14    : c_sub a5, a0               : IntAlu :  D=0x0000000000000010
2186000: system.cpu: T0 : 0x1ee16    : addi a0, a5, 1             : IntAlu :  D=0x0000000000000011
2186500: system.cpu: T0 : 0x1ee1a    : c_jr ra                    : IntAlu : 
2187000: system.cpu: T0 : 0x147a8    : slli a5, s5, 8             : IntAlu :  D=0x0000000000004400
2187500: system.cpu: T0 : 0x147ac    : or a5, s2, a5              : IntAlu :  D=0x000000000000444c
2188000: system.cpu: T0 : 0x147b0    : slliw s2, a5, 16           : IntAlu :  D=0x00000000444c0000
2188500: system.cpu: T0 : 0x147b4    : c_mv s3, a0                : IntAlu :  D=0x0000000000000011
2189500: system.cpu: T0 : 0x147b6    : sraiw s2, s2, 16           : IntAlu :  D=0x000000000000444c
2190500: system.cpu: T0 : 0x147ba    : addi s5, a0, -2            : IntAlu :  D=0x000000000000000f
2191000: system.cpu: T0 : 0x147be    : c_addi s4, 2               : IntAlu :  D=0x000000000004ff62
2191500: system.cpu: T0 : 0x147c0    : c_beqz s0, -50             : IntAlu : 
2192000: system.cpu: T0 : 0x1478e    : c_ldsp ra, 56(sp)          : MemRead :  D=0x0000000000022972 A=0x7ffffffffffffd28
2192500: system.cpu: T0 : 0x14790    : c_mv a0, s0                : IntAlu :  D=0x0000000000000000
2193000: system.cpu: T0 : 0x14792    : c_ldsp s0, 48(sp)          : MemRead :  D=0x000000000006ef80 A=0x7ffffffffffffd20
2193500: system.cpu: T0 : 0x14794    : c_ldsp s1, 40(sp)          : MemRead :  D=0x000000000006fe60 A=0x7ffffffffffffd18
2194000: system.cpu: T0 : 0x14796    : c_ldsp s2, 32(sp)          : MemRead :  D=0x0000000000072000 A=0x7ffffffffffffd10
2194500: system.cpu: T0 : 0x14798    : c_ldsp s3, 24(sp)          : MemRead :  D=0x0000000000072000 A=0x7ffffffffffffd08
2195000: system.cpu: T0 : 0x1479a    : c_ldsp s4, 16(sp)          : MemRead :  D=0x0000000000070000 A=0x7ffffffffffffd00
2195500: system.cpu: T0 : 0x1479c    : c_ldsp s5, 8(sp)           : MemRead :  D=0x0000000000072000 A=0x7ffffffffffffcf8
2196000: system.cpu: T0 : 0x1479e    : c_ldsp s6, 0(sp)           : MemRead :  D=0x0000000000072000 A=0x7ffffffffffffcf0
2196500: system.cpu: T0 : 0x147a0    : c_addi16sp sp, 64          : IntAlu :  D=0x7ffffffffffffd30
2197000: system.cpu: T0 : 0x147a2    : c_jr ra                    : IntAlu : 
2198000: system.cpu: T0 : 0x22972    : lui a4, 114                : IntAlu :  D=0x0000000000072000
2199000: system.cpu: T0 : 0x22976    : sd a0, -528(a4)            : MemWrite :  D=0x0000000000000000 A=0x71df0
2200000: system.cpu: T0 : 0x2297a    : beq a0, zero, 550          : IntAlu : 
2200500: system.cpu: T0 : 0x22ba0    : lui a5, 111                : IntAlu :  D=0x000000000006f000
2201000: system.cpu: T0 : 0x22ba4    : lw a5, -72(a5)             : MemRead :  D=0x0000000000000000 A=0x6efb8
2201500: system.cpu: T0 : 0x22ba8    : c_beqz a5, -140            : IntAlu : 
2202000: system.cpu: T0 : 0x22b1c    : lui a3, 80                 : IntAlu :  D=0x0000000000050000
2202500: system.cpu: T0 : 0x22b20    : addi a3, a3, -880          : IntAlu :  D=0x000000000004fc90
2203000: system.cpu: T0 : 0x22b24    : c_j -396                   : IntAlu : 
2203500: system.cpu: T0 : 0x22998    : sd a3, -528(a4)            : MemWrite :  D=0x000000000004fc90 A=0x71df0
2204000: system.cpu: T0 : 0x2299c    : bne a5, zero, 344          : IntAlu : 
2204500: system.cpu: T0 : 0x229a0    : lui a0, 80                 : IntAlu :  D=0x0000000000050000
2205000: system.cpu: T0 : 0x229a4    : addi a0, a0, -136          : IntAlu :  D=0x000000000004ff78
2205500: system.cpu: T0 : 0x229a8    : jal ra, -57992             : IntAlu :  D=0x00000000000229ac
2206000: system.cpu: T0 : 0x14720    : c_addi16sp sp, -64         : IntAlu :  D=0x7ffffffffffffcf0
2206500: system.cpu: T0 : 0x14722    : c_sdsp s1, 40(sp)          : MemWrite :  D=0x000000000006fe60 A=0x7ffffffffffffd18
2207000: system.cpu: T0 : 0x14724    : ld s1, -1360(gp)           : MemRead :  D=0x7fffffffffffff48 A=0x70ae8
2207500: system.cpu: T0 : 0x14728    : c_sdsp ra, 56(sp)          : MemWrite :  D=0x00000000000229ac A=0x7ffffffffffffd28
2208000: system.cpu: T0 : 0x1472a    : c_sdsp s0, 48(sp)          : MemWrite :  D=0x000000000006ef80 A=0x7ffffffffffffd20
2208500: system.cpu: T0 : 0x1472c    : c_sdsp s2, 32(sp)          : MemWrite :  D=0x0000000000072000 A=0x7ffffffffffffd10
2209000: system.cpu: T0 : 0x1472e    : c_sdsp s3, 24(sp)          : MemWrite :  D=0x0000000000072000 A=0x7ffffffffffffd08
2209500: system.cpu: T0 : 0x14730    : c_sdsp s4, 16(sp)          : MemWrite :  D=0x0000000000070000 A=0x7ffffffffffffd00
2210000: system.cpu: T0 : 0x14732    : c_sdsp s5, 8(sp)           : MemWrite :  D=0x0000000000072000 A=0x7ffffffffffffcf8
2210500: system.cpu: T0 : 0x14734    : c_sdsp s6, 0(sp)           : MemWrite :  D=0x0000000000072000 A=0x7ffffffffffffcf0
2211000: system.cpu: T0 : 0x14736    : c_beqz s1, 210             : IntAlu : 
2211500: system.cpu: T0 : 0x14738    : lbu a5, 0(a0)              : MemRead :  D=0x000000000000004c A=0x4ff78
2212000: system.cpu: T0 : 0x1473c    : c_mv s4, a0                : IntAlu :  D=0x000000000004ff78
2212500: system.cpu: T0 : 0x1473e    : c_beqz a5, 202             : IntAlu : 
2213000: system.cpu: T0 : 0x14740    : lbu s5, 1(a0)              : MemRead :  D=0x0000000000000044 A=0x4ff79
2213500: system.cpu: T0 : 0x14744    : slliw s2, a5, 16           : IntAlu :  D=0x00000000004c0000
2214000: system.cpu: T0 : 0x14748    : c_ld s0, 0(s1)             : MemRead :  D=0x0000000000000000 A=0x7fffffffffffff48
2215000: system.cpu: T0 : 0x1474a    : sraiw s2, s2, 16           : IntAlu :  D=0x000000000000004c
2216000: system.cpu: T0 : 0x1474e    : bne s5, zero, 86           : IntAlu : 
2216500: system.cpu: T0 : 0x147a4    : jal ra, 42488              : IntAlu :  D=0x00000000000147a8
2217000: system.cpu: T0 : 0x1ed9c    : andi a5, a0, 7             : IntAlu :  D=0x0000000000000000
2217500: system.cpu: T0 : 0x1eda0    : c_beqz a5, 26              : IntAlu : 
2218000: system.cpu: T0 : 0x1edba    : c_mv a5, a0                : IntAlu :  D=0x000000000004ff78
2218500: system.cpu: T0 : 0x1edbc    : ld a6, -2024(gp)           : MemRead :  D=0xfefefefefefefeff A=0x70850
2219000: system.cpu: T0 : 0x1edc0    : ld a1, -2016(gp)           : MemRead :  D=0x8080808080808080 A=0x70858
2219500: system.cpu: T0 : 0x1edc4    : c_ld a2, 0(a5)             : MemRead :  D=0x4d555353415f444c A=0x4ff78
2220500: system.cpu: T0 : 0x1edc6    : addi a3, a5, 8             : IntAlu :  D=0x000000000004ff80
2221500: system.cpu: T0 : 0x1edca    : add a4, a2, a6             : IntAlu :  D=0x4c545252405e434b
2222500: system.cpu: T0 : 0x1edce    : xori a2, a2, 18446744073709551615 : IntAlu :  D=0xb2aaacacbea0bbb3
2223000: system.cpu: T0 : 0x1edd2    : c_and a4, a2               : IntAlu :  D=0x0000000000000303
2223500: system.cpu: T0 : 0x1edd4    : c_and a4, a1               : IntAlu :  D=0x0000000000000000
2224000: system.cpu: T0 : 0x1edd6    : c_beqz a4, 50              : IntAlu : 
2224500: system.cpu: T0 : 0x1ee08    : c_mv a5, a3                : IntAlu :  D=0x000000000004ff80
2225000: system.cpu: T0 : 0x1ee0a    : c_j -70                    : IntAlu : 
2225500: system.cpu: T0 : 0x1edc4    : c_ld a2, 0(a5)             : MemRead :  D=0x4c454e52454b5f45 A=0x4ff80
2226500: system.cpu: T0 : 0x1edc6    : addi a3, a5, 8             : IntAlu :  D=0x000000000004ff88
2227500: system.cpu: T0 : 0x1edca    : add a4, a2, a6             : IntAlu :  D=0x4b444d51444a5e44
2228500: system.cpu: T0 : 0x1edce    : xori a2, a2, 18446744073709551615 : IntAlu :  D=0xb3bab1adbab4a0ba
2229000: system.cpu: T0 : 0x1edd2    : c_and a4, a2               : IntAlu :  D=0x0300010100000000
2229500: system.cpu: T0 : 0x1edd4    : c_and a4, a1               : IntAlu :  D=0x0000000000000000
2230000: system.cpu: T0 : 0x1edd6    : c_beqz a4, 50              : IntAlu : 
2230500: system.cpu: T0 : 0x1ee08    : c_mv a5, a3                : IntAlu :  D=0x000000000004ff88
2231000: system.cpu: T0 : 0x1ee0a    : c_j -70                    : IntAlu : 
2231500: system.cpu: T0 : 0x1edc4    : c_ld a2, 0(a5)             : MemRead :  D=0x0000000000000000 A=0x4ff88
2232500: system.cpu: T0 : 0x1edc6    : addi a3, a5, 8             : IntAlu :  D=0x000000000004ff90
2233500: system.cpu: T0 : 0x1edca    : add a4, a2, a6             : IntAlu :  D=0xfefefefefefefeff
2234500: system.cpu: T0 : 0x1edce    : xori a2, a2, 18446744073709551615 : IntAlu :  D=0xffffffffffffffff
2235000: system.cpu: T0 : 0x1edd2    : c_and a4, a2               : IntAlu :  D=0xfefefefefefefeff
2235500: system.cpu: T0 : 0x1edd4    : c_and a4, a1               : IntAlu :  D=0x8080808080808080
2236000: system.cpu: T0 : 0x1edd6    : c_beqz a4, 50              : IntAlu : 
2236500: system.cpu: T0 : 0x1edd8    : lbu a4, -8(a3)             : MemRead :  D=0x0000000000000000 A=0x4ff88
2237000: system.cpu: T0 : 0x1eddc    : c_beqz a4, -40             : IntAlu : 
2237500: system.cpu: T0 : 0x1edb4    : sub a0, a5, a0             : IntAlu :  D=0x0000000000000010
2238000: system.cpu: T0 : 0x1edb8    : c_jr ra                    : IntAlu : 
2238500: system.cpu: T0 : 0x147a8    : slli a5, s5, 8             : IntAlu :  D=0x0000000000004400
2239000: system.cpu: T0 : 0x147ac    : or a5, s2, a5              : IntAlu :  D=0x000000000000444c
2239500: system.cpu: T0 : 0x147b0    : slliw s2, a5, 16           : IntAlu :  D=0x00000000444c0000
2240000: system.cpu: T0 : 0x147b4    : c_mv s3, a0                : IntAlu :  D=0x0000000000000010
2241000: system.cpu: T0 : 0x147b6    : sraiw s2, s2, 16           : IntAlu :  D=0x000000000000444c
2242000: system.cpu: T0 : 0x147ba    : addi s5, a0, -2            : IntAlu :  D=0x000000000000000e
2242500: system.cpu: T0 : 0x147be    : c_addi s4, 2               : IntAlu :  D=0x000000000004ff7a
2243000: system.cpu: T0 : 0x147c0    : c_beqz s0, -50             : IntAlu : 
2243500: system.cpu: T0 : 0x1478e    : c_ldsp ra, 56(sp)          : MemRead :  D=0x00000000000229ac A=0x7ffffffffffffd28
2244000: system.cpu: T0 : 0x14790    : c_mv a0, s0                : IntAlu :  D=0x0000000000000000
2244500: system.cpu: T0 : 0x14792    : c_ldsp s0, 48(sp)          : MemRead :  D=0x000000000006ef80 A=0x7ffffffffffffd20
2245000: system.cpu: T0 : 0x14794    : c_ldsp s1, 40(sp)          : MemRead :  D=0x000000000006fe60 A=0x7ffffffffffffd18
2245500: system.cpu: T0 : 0x14796    : c_ldsp s2, 32(sp)          : MemRead :  D=0x0000000000072000 A=0x7ffffffffffffd10
2246000: system.cpu: T0 : 0x14798    : c_ldsp s3, 24(sp)          : MemRead :  D=0x0000000000072000 A=0x7ffffffffffffd08
2246500: system.cpu: T0 : 0x1479a    : c_ldsp s4, 16(sp)          : MemRead :  D=0x0000000000070000 A=0x7ffffffffffffd00
2247000: system.cpu: T0 : 0x1479c    : c_ldsp s5, 8(sp)           : MemRead :  D=0x0000000000072000 A=0x7ffffffffffffcf8
2247500: system.cpu: T0 : 0x1479e    : c_ldsp s6, 0(sp)           : MemRead :  D=0x0000000000072000 A=0x7ffffffffffffcf0
2248000: system.cpu: T0 : 0x147a0    : c_addi16sp sp, 64          : IntAlu :  D=0x7ffffffffffffd30
2248500: system.cpu: T0 : 0x147a2    : c_jr ra                    : IntAlu : 
2249000: system.cpu: T0 : 0x229ac    : c_mv s0, a0                : IntAlu :  D=0x0000000000000000
2249500: system.cpu: T0 : 0x229ae    : c_beqz a0, 76              : IntAlu : 
2250500: system.cpu: T0 : 0x229fa    : lui a5, 114                : IntAlu :  D=0x0000000000072000
2251500: system.cpu: T0 : 0x229fe    : ld a0, -472(a5)            : MemRead :  D=0x0000000000000000 A=0x71e28
2252000: system.cpu: T0 : 0x22a02    : c_beqz a0, 14              : IntAlu : 
2252500: system.cpu: T0 : 0x22a10    : ld a5, -440(s2)            : MemRead :  D=0x0000000000010040 A=0x71e48
2253000: system.cpu: T0 : 0x22a14    : ld t3, 1120(s1)            : MemRead :  D=0x0000000000000000 A=0x702c0
2253500: system.cpu: T0 : 0x22a18    : c_beqz a5, 110             : IntAlu : 
2254500: system.cpu: T0 : 0x22a1a    : ld a4, -384(s3)            : MemRead :  D=0x0000000000000006 A=0x71e80
2255500: system.cpu: T0 : 0x22a1e    : slli a3, a4, 3             : IntAlu :  D=0x0000000000000030
2256000: system.cpu: T0 : 0x22a22    : c_sub a3, a4               : IntAlu :  D=0x000000000000002a
2256500: system.cpu: T0 : 0x22a24    : c_slli a3, 3               : IntAlu :  D=0x0000000000000150
2257000: system.cpu: T0 : 0x22a26    : c_add a3, a5               : IntAlu :  D=0x0000000000010190
2257500: system.cpu: T0 : 0x22a28    : bgeu a5, a3, 94            : IntAlu : 
2258000: system.cpu: T0 : 0x22a2c    : lui a2, 411470             : IntAlu :  D=0x000000006474e000
2258500: system.cpu: T0 : 0x22a30    : addi a1, a2, 1361          : IntAlu :  D=0x000000006474e551
2259000: system.cpu: T0 : 0x22a34    : ld t4, 1112(s1)            : MemRead :  D=0x0000000000000000 A=0x702b8
2259500: system.cpu: T0 : 0x22a38    : lw t1, -1800(gp)           : MemRead :  D=0x0000000000000006 A=0x70930
2260000: system.cpu: T0 : 0x22a3c    : c_mv a6, t3                : IntAlu :  D=0x0000000000000000
2260500: system.cpu: T0 : 0x22a3e    : c_li a7, 0                 : IntAlu :  D=0x0000000000000000
2261000: system.cpu: T0 : 0x22a40    : c_li a0, 0                 : IntAlu :  D=0x0000000000000000
2262000: system.cpu: T0 : 0x22a42    : addi a2, a2, 1362          : IntAlu :  D=0x000000006474e552
2262500: system.cpu: T0 : 0x22a46    : c_j 24                     : IntAlu : 
2263000: system.cpu: T0 : 0x22a5e    : c_lw a4, 0(a5)             : MemRead :  D=0x0000000000000001 A=0x10040
2263500: system.cpu: T0 : 0x22a60    : bne a4, a1, -24            : IntAlu : 
2264000: system.cpu: T0 : 0x22a48    : bne a4, a2, 14             : IntAlu : 
2265000: system.cpu: T0 : 0x22a56    : addi a5, a5, 56            : IntAlu :  D=0x0000000000010078
2266000: system.cpu: T0 : 0x22a5a    : bgeu a5, a3, 24            : IntAlu : 
2266500: system.cpu: T0 : 0x22a5e    : c_lw a4, 0(a5)             : MemRead :  D=0x0000000000000001 A=0x10078
2267000: system.cpu: T0 : 0x22a60    : bne a4, a1, -24            : IntAlu : 
2267500: system.cpu: T0 : 0x22a48    : bne a4, a2, 14             : IntAlu : 
2268500: system.cpu: T0 : 0x22a56    : addi a5, a5, 56            : IntAlu :  D=0x00000000000100b0
2269500: system.cpu: T0 : 0x22a5a    : bgeu a5, a3, 24            : IntAlu : 
2270000: system.cpu: T0 : 0x22a5e    : c_lw a4, 0(a5)             : MemRead :  D=0x0000000000000004 A=0x100b0
2270500: system.cpu: T0 : 0x22a60    : bne a4, a1, -24            : IntAlu : 
2271000: system.cpu: T0 : 0x22a48    : bne a4, a2, 14             : IntAlu : 
2272000: system.cpu: T0 : 0x22a56    : addi a5, a5, 56            : IntAlu :  D=0x00000000000100e8
2273000: system.cpu: T0 : 0x22a5a    : bgeu a5, a3, 24            : IntAlu : 
2273500: system.cpu: T0 : 0x22a5e    : c_lw a4, 0(a5)             : MemRead :  D=0x0000000000000007 A=0x100e8
2274000: system.cpu: T0 : 0x22a60    : bne a4, a1, -24            : IntAlu : 
2274500: system.cpu: T0 : 0x22a48    : bne a4, a2, 14             : IntAlu : 
2275500: system.cpu: T0 : 0x22a56    : addi a5, a5, 56            : IntAlu :  D=0x0000000000010120
2276500: system.cpu: T0 : 0x22a5a    : bgeu a5, a3, 24            : IntAlu : 
2277000: system.cpu: T0 : 0x22a5e    : c_lw a4, 0(a5)             : MemRead :  D=0x000000006474e551 A=0x10120
2277500: system.cpu: T0 : 0x22a60    : bne a4, a1, -24            : IntAlu : 
2278000: system.cpu: T0 : 0x22a64    : lw t1, 4(a5)               : MemRead :  D=0x0000000000000006 A=0x10124
2278500: system.cpu: T0 : 0x22a68    : addi a5, a5, 56            : IntAlu :  D=0x0000000000010158
2279000: system.cpu: T0 : 0x22a6c    : c_li a0, 1                 : IntAlu :  D=0x0000000000000001
2280000: system.cpu: T0 : 0x22a6e    : bltu a5, a3, -16           : IntAlu : 
2280500: system.cpu: T0 : 0x22a5e    : c_lw a4, 0(a5)             : MemRead :  D=0x000000006474e552 A=0x10158
2281000: system.cpu: T0 : 0x22a60    : bne a4, a1, -24            : IntAlu : 
2281500: system.cpu: T0 : 0x22a48    : bne a4, a2, 14             : IntAlu : 
2282000: system.cpu: T0 : 0x22a4c    : ld t4, 16(a5)              : MemRead :  D=0x000000000006ead0 A=0x10168
2282500: system.cpu: T0 : 0x22a50    : ld a6, 40(a5)              : MemRead :  D=0x0000000000000530 A=0x10180
2283000: system.cpu: T0 : 0x22a54    : c_li a7, 1                 : IntAlu :  D=0x0000000000000001
2284000: system.cpu: T0 : 0x22a56    : addi a5, a5, 56            : IntAlu :  D=0x0000000000010190
2285000: system.cpu: T0 : 0x22a5a    : bgeu a5, a3, 24            : IntAlu : 
2285500: system.cpu: T0 : 0x22a72    : c_beqz a0, 6               : IntAlu : 
2286000: system.cpu: T0 : 0x22a74    : sw t1, -1800(gp)           : MemWrite :  D=0x0000000000000006 A=0x70930
2286500: system.cpu: T0 : 0x22a78    : beq a7, zero, 14           : IntAlu : 
2287000: system.cpu: T0 : 0x22a7c    : sd t4, 1112(s1)            : MemWrite :  D=0x000000000006ead0 A=0x702b8
2287500: system.cpu: T0 : 0x22a80    : sd a6, 1120(s1)            : MemWrite :  D=0x0000000000000530 A=0x702c0
2288000: system.cpu: T0 : 0x22a84    : c_mv t3, a6                : IntAlu :  D=0x0000000000000530
2289000: system.cpu: T0 : 0x22a86    : bne t3, zero, 272          : IntAlu : 
2290000: system.cpu: T0 : 0x22b96    : addi a0, s4, -416          : IntAlu :  D=0x000000000006fe60
2291000: system.cpu: T0 : 0x22b9a    : jal ra, 106388             : IntAlu :  D=0x0000000000022b9e
2291500: system.cpu: T0 : 0x3cb2e    : c_addi sp, -16             : IntAlu :  D=0x7ffffffffffffd20
2292000: system.cpu: T0 : 0x3cb30    : c_ld a5, 0(a0)             : MemRead :  D=0x0000000000000000 A=0x6fe60
2292500: system.cpu: T0 : 0x3cb32    : c_sdsp s0, 0(sp)           : MemWrite :  D=0x0000000000000000 A=0x7ffffffffffffd20
2293000: system.cpu: T0 : 0x3cb34    : c_mv s0, a0                : IntAlu :  D=0x000000000006fe60
2294000: system.cpu: T0 : 0x3cb36    : ld a0, 1112(a0)            : MemRead :  D=0x000000000006ead0 A=0x702b8
2295000: system.cpu: T0 : 0x3cb3a    : ld a4, -1784(gp)           : MemRead :  D=0x0000000000001000 A=0x70940
2296000: system.cpu: T0 : 0x3cb3e    : ld a1, 1120(s0)            : MemRead :  D=0x0000000000000530 A=0x702c0
2296500: system.cpu: T0 : 0x3cb42    : c_add a5, a0               : IntAlu :  D=0x000000000006ead0
2297000: system.cpu: T0 : 0x3cb44    : sub a4, zero, a4           : IntAlu :  D=0xfffffffffffff000
2297500: system.cpu: T0 : 0x3cb48    : c_add a1, a5               : IntAlu :  D=0x000000000006f000
2298000: system.cpu: T0 : 0x3cb4a    : c_sdsp ra, 8(sp)           : MemWrite :  D=0x0000000000022b9e A=0x7ffffffffffffd28
2298500: system.cpu: T0 : 0x3cb4c    : and a0, a5, a4             : IntAlu :  D=0x000000000006e000
2299000: system.cpu: T0 : 0x3cb50    : c_and a1, a4               : IntAlu :  D=0x000000000006f000
2300000: system.cpu: T0 : 0x3cb52    : bne a0, a1, 12             : IntAlu : 
2300500: system.cpu: T0 : 0x3cb5e    : c_li a2, 1                 : IntAlu :  D=0x0000000000000001
2301000: system.cpu: T0 : 0x3cb60    : c_sub a1, a0               : IntAlu :  D=0x0000000000001000
2302000: system.cpu: T0 : 0x3cb62    : jal ra, -113354            : IntAlu :  D=0x000000000003cb66
2302500: system.cpu: T0 : 0x21098    : addi a7, zero, 226         : IntAlu :  D=0x00000000000000e2
2303000: system.cpu: T0 : 0x2109c    : ecall                      : No_OpClass : 
2303500: system.cpu: T0 : 0x210a0    : c_lui a7, 1048575          : IntAlu :  D=0xfffffffffffff000
2304500: system.cpu: T0 : 0x210a2    : bltu a7, a0, 6             : IntAlu : 
2305000: system.cpu: T0 : 0x210a6    : c_jr ra                    : IntAlu : 
2306000: system.cpu: T0 : 0x3cb66    : bge a0, zero, -16          : IntAlu : 
2306500: system.cpu: T0 : 0x3cb56    : c_ldsp ra, 8(sp)           : MemRead :  D=0x0000000000022b9e A=0x7ffffffffffffd28
2307000: system.cpu: T0 : 0x3cb58    : c_ldsp s0, 0(sp)           : MemRead :  D=0x0000000000000000 A=0x7ffffffffffffd20
2307500: system.cpu: T0 : 0x3cb5a    : c_addi sp, 16              : IntAlu :  D=0x7ffffffffffffd30
2308000: system.cpu: T0 : 0x3cb5c    : c_jr ra                    : IntAlu : 
2308500: system.cpu: T0 : 0x22b9e    : c_j -276                   : IntAlu : 
2309000: system.cpu: T0 : 0x22a8a    : c_ldsp ra, 152(sp)         : MemRead :  D=0x0000000000022e1c A=0x7ffffffffffffdc8
2309500: system.cpu: T0 : 0x22a8c    : c_ldsp s0, 144(sp)         : MemRead :  D=0x0000000000000001 A=0x7ffffffffffffdc0
2310000: system.cpu: T0 : 0x22a8e    : c_ldsp s1, 136(sp)         : MemRead :  D=0x7fffffffffffff38 A=0x7ffffffffffffdb8
2310500: system.cpu: T0 : 0x22a90    : c_ldsp s2, 128(sp)         : MemRead :  D=0x7fffffffffffff48 A=0x7ffffffffffffdb0
2311000: system.cpu: T0 : 0x22a92    : c_ldsp s3, 120(sp)         : MemRead :  D=0x0000000000000000 A=0x7ffffffffffffda8
2311500: system.cpu: T0 : 0x22a94    : c_ldsp s4, 112(sp)         : MemRead :  D=0x0000000000000000 A=0x7ffffffffffffda0
2312000: system.cpu: T0 : 0x22a96    : c_ldsp s5, 104(sp)         : MemRead :  D=0x0000000000000000 A=0x7ffffffffffffd98
2312500: system.cpu: T0 : 0x22a98    : c_ldsp s6, 96(sp)          : MemRead :  D=0x0000000000000000 A=0x7ffffffffffffd90
2313000: system.cpu: T0 : 0x22a9a    : c_ldsp s7, 88(sp)          : MemRead :  D=0x0000000000000000 A=0x7ffffffffffffd88
2313500: system.cpu: T0 : 0x22a9c    : c_ldsp s8, 80(sp)          : MemRead :  D=0x0000000000000000 A=0x7ffffffffffffd80
2314000: system.cpu: T0 : 0x22a9e    : c_ldsp s9, 72(sp)          : MemRead :  D=0x0000000000000000 A=0x7ffffffffffffd78
2314500: system.cpu: T0 : 0x22aa0    : c_ldsp s10, 64(sp)         : MemRead :  D=0x0000000000000000 A=0x7ffffffffffffd70
2315000: system.cpu: T0 : 0x22aa2    : c_addi16sp sp, 160         : IntAlu :  D=0x7ffffffffffffdd0
2315500: system.cpu: T0 : 0x22aa4    : c_jr ra                    : IntAlu : 
2316000: system.cpu: T0 : 0x22e1c    : c_mv a2, s2                : IntAlu :  D=0x7fffffffffffff48
2316500: system.cpu: T0 : 0x22e1e    : c_mv a1, s1                : IntAlu :  D=0x7fffffffffffff38
2317000: system.cpu: T0 : 0x22e20    : c_mv a0, s0                : IntAlu :  D=0x0000000000000001
2318000: system.cpu: T0 : 0x22e22    : jal ra, -4344              : IntAlu :  D=0x0000000000022e26
2318500: system.cpu: T0 : 0x21d2a    : c_beqz a1, 50              : IntAlu : 
2319000: system.cpu: T0 : 0x21d2c    : c_addi sp, -32             : IntAlu :  D=0x7ffffffffffffdb0
2319500: system.cpu: T0 : 0x21d2e    : c_sdsp s1, 8(sp)           : MemWrite :  D=0x7fffffffffffff38 A=0x7ffffffffffffdb8
2320000: system.cpu: T0 : 0x21d30    : c_ld s1, 0(a1)             : MemRead :  D=0x7fffffffffffffdb A=0x7fffffffffffff38
2320500: system.cpu: T0 : 0x21d32    : c_sdsp s0, 16(sp)          : MemWrite :  D=0x0000000000000001 A=0x7ffffffffffffdc0
2321000: system.cpu: T0 : 0x21d34    : c_sdsp ra, 24(sp)          : MemWrite :  D=0x0000000000022e26 A=0x7ffffffffffffdc8
2321500: system.cpu: T0 : 0x21d36    : c_mv s0, a1                : IntAlu :  D=0x7fffffffffffff38
2322000: system.cpu: T0 : 0x21d38    : c_beqz s1, 26              : IntAlu : 
2323000: system.cpu: T0 : 0x21d3a    : addi a1, zero, 47          : IntAlu :  D=0x000000000000002f
2323500: system.cpu: T0 : 0x21d3e    : c_mv a0, s1                : IntAlu :  D=0x7fffffffffffffdb
2324000: system.cpu: T0 : 0x21d40    : jal ra, 90482              : IntAlu :  D=0x0000000000021d44
2324500: system.cpu: T0 : 0x37eb2    : c_addi sp, -32             : IntAlu :  D=0x7ffffffffffffd90
2325000: system.cpu: T0 : 0x37eb4    : c_sdsp s0, 16(sp)          : MemWrite :  D=0x7fffffffffffff38 A=0x7ffffffffffffda0
2325500: system.cpu: T0 : 0x37eb6    : c_sdsp s1, 8(sp)           : MemWrite :  D=0x7fffffffffffffdb A=0x7ffffffffffffd98
2326000: system.cpu: T0 : 0x37eb8    : c_sdsp s2, 0(sp)           : MemWrite :  D=0x7fffffffffffff48 A=0x7ffffffffffffd90
2326500: system.cpu: T0 : 0x37eba    : c_sdsp ra, 24(sp)          : MemWrite :  D=0x0000000000021d44 A=0x7ffffffffffffda8
2327000: system.cpu: T0 : 0x37ebc    : andi s1, a1, 255           : IntAlu :  D=0x000000000000002f
2327500: system.cpu: T0 : 0x37ec0    : c_mv s0, a0                : IntAlu :  D=0x7fffffffffffffdb
2328000: system.cpu: T0 : 0x37ec2    : c_li s2, 0                 : IntAlu :  D=0x0000000000000000
2328500: system.cpu: T0 : 0x37ec4    : c_bnez s1, 10              : IntAlu : 
2329000: system.cpu: T0 : 0x37ece    : c_mv a0, s0                : IntAlu :  D=0x7fffffffffffffdb
2329500: system.cpu: T0 : 0x37ed0    : c_mv a1, s1                : IntAlu :  D=0x000000000000002f
2330500: system.cpu: T0 : 0x37ed2    : jal ra, -103340            : IntAlu :  D=0x0000000000037ed6
2331500: system.cpu: T0 : 0x1eb26    : andi a5, a0, 7             : IntAlu :  D=0x0000000000000003
2332500: system.cpu: T0 : 0x1eb2a    : andi a4, a1, 255           : IntAlu :  D=0x000000000000002f
2333000: system.cpu: T0 : 0x1eb2e    : c_bnez a5, 14              : IntAlu : 
2333500: system.cpu: T0 : 0x1eb3c    : lbu a5, 0(a0)              : MemRead :  D=0x000000000000002e A=0x7fffffffffffffdb
2334000: system.cpu: T0 : 0x1eb40    : bne a5, a4, -14            : IntAlu : 
2334500: system.cpu: T0 : 0x1eb32    : c_addi a0, 1               : IntAlu :  D=0x7fffffffffffffdc
2335000: system.cpu: T0 : 0x1eb34    : andi a3, a0, 7             : IntAlu :  D=0x0000000000000004
2335500: system.cpu: T0 : 0x1eb38    : c_beqz a5, 168             : IntAlu : 
2336000: system.cpu: T0 : 0x1eb3a    : c_beqz a3, 12              : IntAlu : 
2336500: system.cpu: T0 : 0x1eb3c    : lbu a5, 0(a0)              : MemRead :  D=0x000000000000002e A=0x7fffffffffffffdc
2337000: system.cpu: T0 : 0x1eb40    : bne a5, a4, -14            : IntAlu : 
2337500: system.cpu: T0 : 0x1eb32    : c_addi a0, 1               : IntAlu :  D=0x7fffffffffffffdd
2338000: system.cpu: T0 : 0x1eb34    : andi a3, a0, 7             : IntAlu :  D=0x0000000000000005
2338500: system.cpu: T0 : 0x1eb38    : c_beqz a5, 168             : IntAlu : 
2339000: system.cpu: T0 : 0x1eb3a    : c_beqz a3, 12              : IntAlu : 
2339500: system.cpu: T0 : 0x1eb3c    : lbu a5, 0(a0)              : MemRead :  D=0x000000000000002f A=0x7fffffffffffffdd
2340000: system.cpu: T0 : 0x1eb40    : bne a5, a4, -14            : IntAlu : 
2340500: system.cpu: T0 : 0x1eb44    : c_jr ra                    : IntAlu : 
2341000: system.cpu: T0 : 0x37ed6    : c_bnez a0, -14             : IntAlu : 
2341500: system.cpu: T0 : 0x37ec8    : addi s0, a0, 1             : IntAlu :  D=0x7fffffffffffffde
2342000: system.cpu: T0 : 0x37ecc    : c_mv s2, a0                : IntAlu :  D=0x7fffffffffffffdd
2342500: system.cpu: T0 : 0x37ece    : c_mv a0, s0                : IntAlu :  D=0x7fffffffffffffde
2343000: system.cpu: T0 : 0x37ed0    : c_mv a1, s1                : IntAlu :  D=0x000000000000002f
2344000: system.cpu: T0 : 0x37ed2    : jal ra, -103340            : IntAlu :  D=0x0000000000037ed6
2345000: system.cpu: T0 : 0x1eb26    : andi a5, a0, 7             : IntAlu :  D=0x0000000000000006
2346000: system.cpu: T0 : 0x1eb2a    : andi a4, a1, 255           : IntAlu :  D=0x000000000000002f
2346500: system.cpu: T0 : 0x1eb2e    : c_bnez a5, 14              : IntAlu : 
2347000: system.cpu: T0 : 0x1eb3c    : lbu a5, 0(a0)              : MemRead :  D=0x0000000000000044 A=0x7fffffffffffffde
2347500: system.cpu: T0 : 0x1eb40    : bne a5, a4, -14            : IntAlu : 
2348000: system.cpu: T0 : 0x1eb32    : c_addi a0, 1               : IntAlu :  D=0x7fffffffffffffdf
2348500: system.cpu: T0 : 0x1eb34    : andi a3, a0, 7             : IntAlu :  D=0x0000000000000007
2349000: system.cpu: T0 : 0x1eb38    : c_beqz a5, 168             : IntAlu : 
2349500: system.cpu: T0 : 0x1eb3a    : c_beqz a3, 12              : IntAlu : 
2350000: system.cpu: T0 : 0x1eb3c    : lbu a5, 0(a0)              : MemRead :  D=0x000000000000006f A=0x7fffffffffffffdf
2350500: system.cpu: T0 : 0x1eb40    : bne a5, a4, -14            : IntAlu : 
2351000: system.cpu: T0 : 0x1eb32    : c_addi a0, 1               : IntAlu :  D=0x7fffffffffffffe0
2351500: system.cpu: T0 : 0x1eb34    : andi a3, a0, 7             : IntAlu :  D=0x0000000000000000
2352000: system.cpu: T0 : 0x1eb38    : c_beqz a5, 168             : IntAlu : 
2352500: system.cpu: T0 : 0x1eb3a    : c_beqz a3, 12              : IntAlu : 
2353000: system.cpu: T0 : 0x1eb46    : c_lui a3, 16               : IntAlu :  D=0x0000000000010000
2353500: system.cpu: T0 : 0x1eb48    : slliw a5, a1, 8            : IntAlu :  D=0x0000000000002f00
2354000: system.cpu: T0 : 0x1eb4c    : c_addi a3, -1              : IntAlu :  D=0x000000000000ffff
2354500: system.cpu: T0 : 0x1eb4e    : c_and a5, a3               : IntAlu :  D=0x0000000000002f00
2355000: system.cpu: T0 : 0x1eb50    : andi a1, a1, 255           : IntAlu :  D=0x000000000000002f
2355500: system.cpu: T0 : 0x1eb54    : c_or a1, a5                : IntAlu :  D=0x0000000000002f2f
2356000: system.cpu: T0 : 0x1eb56    : c_addiw a1, 0              : IntAlu :  D=0x0000000000002f2f
2356500: system.cpu: T0 : 0x1eb58    : slli t1, a1, 16            : IntAlu :  D=0x000000002f2f0000
2357000: system.cpu: T0 : 0x1eb5c    : or a1, t1, a1              : IntAlu :  D=0x000000002f2f2f2f
2357500: system.cpu: T0 : 0x1eb60    : ld a6, -2032(gp)           : MemRead :  D=0x7efefefefefefeff A=0x70848
2358000: system.cpu: T0 : 0x1eb64    : slli t1, a1, 32            : IntAlu :  D=0x2f2f2f2f00000000
2358500: system.cpu: T0 : 0x1eb68    : or t1, t1, a1              : IntAlu :  D=0x2f2f2f2f2f2f2f2f
2359000: system.cpu: T0 : 0x1eb6c    : c_li t3, -1                : IntAlu :  D=0xffffffffffffffff
2359500: system.cpu: T0 : 0x1eb6e    : c_ld a1, 0(a0)             : MemRead :  D=0x2f7364616f6c6e77 A=0x7fffffffffffffe0
2360000: system.cpu: T0 : 0x1eb70    : addi a5, a0, 8             : IntAlu :  D=0x7fffffffffffffe8
2360500: system.cpu: T0 : 0x1eb74    : xor a7, t1, a1             : IntAlu :  D=0x005c4b4e40434158
2361000: system.cpu: T0 : 0x1eb78    : add a3, a1, a6             : IntAlu :  D=0xae7263606e6b6d76
2361500: system.cpu: T0 : 0x1eb7c    : add a2, a7, a6             : IntAlu :  D=0x7f5b4a4d3f424057
2362000: system.cpu: T0 : 0x1eb80    : c_xor a3, a1               : IntAlu :  D=0x8101070101070301
2363000: system.cpu: T0 : 0x1eb82    : xor a2, a2, a7             : IntAlu :  D=0x7f0701037f01010f
2363500: system.cpu: T0 : 0x1eb86    : c_and a3, a2               : IntAlu :  D=0x0101010101010101
2364000: system.cpu: T0 : 0x1eb88    : or a3, a3, a6              : IntAlu :  D=0x7fffffffffffffff
2364500: system.cpu: T0 : 0x1eb8c    : beq a3, t3, 88             : IntAlu : 
2365000: system.cpu: T0 : 0x1eb90    : lbu a3, -8(a5)             : MemRead :  D=0x0000000000000077 A=0x7fffffffffffffe0
2365500: system.cpu: T0 : 0x1eb94    : beq a3, a4, -80            : IntAlu : 
2366000: system.cpu: T0 : 0x1eb98    : c_beqz a3, 72              : IntAlu : 
2367000: system.cpu: T0 : 0x1eb9a    : lbu a3, -7(a5)             : MemRead :  D=0x000000000000006e A=0x7fffffffffffffe1
2368000: system.cpu: T0 : 0x1eb9e    : beq a3, a4, 74             : IntAlu : 
2368500: system.cpu: T0 : 0x1eba2    : c_beqz a3, 62              : IntAlu : 
2369000: system.cpu: T0 : 0x1eba4    : lbu a3, -6(a5)             : MemRead :  D=0x000000000000006c A=0x7fffffffffffffe2
2369500: system.cpu: T0 : 0x1eba8    : beq a3, a4, 68             : IntAlu : 
2370000: system.cpu: T0 : 0x1ebac    : c_beqz a3, 52              : IntAlu : 
2371000: system.cpu: T0 : 0x1ebae    : lbu a3, -5(a5)             : MemRead :  D=0x000000000000006f A=0x7fffffffffffffe3
2372000: system.cpu: T0 : 0x1ebb2    : beq a3, a4, 62             : IntAlu : 
2372500: system.cpu: T0 : 0x1ebb6    : c_beqz a3, 42              : IntAlu : 
2373000: system.cpu: T0 : 0x1ebb8    : lbu a3, -4(a5)             : MemRead :  D=0x0000000000000061 A=0x7fffffffffffffe4
2373500: system.cpu: T0 : 0x1ebbc    : beq a3, a4, 56             : IntAlu : 
2374000: system.cpu: T0 : 0x1ebc0    : c_beqz a3, 32              : IntAlu : 
2375000: system.cpu: T0 : 0x1ebc2    : lbu a3, -3(a5)             : MemRead :  D=0x0000000000000064 A=0x7fffffffffffffe5
2376000: system.cpu: T0 : 0x1ebc6    : beq a3, a4, 50             : IntAlu : 
2376500: system.cpu: T0 : 0x1ebca    : c_beqz a3, 22              : IntAlu : 
2377000: system.cpu: T0 : 0x1ebcc    : lbu a3, -2(a5)             : MemRead :  D=0x0000000000000073 A=0x7fffffffffffffe6
2377500: system.cpu: T0 : 0x1ebd0    : beq a3, a4, 44             : IntAlu : 
2378000: system.cpu: T0 : 0x1ebd4    : c_beqz a3, 12              : IntAlu : 
2379000: system.cpu: T0 : 0x1ebd6    : lbu a3, -1(a5)             : MemRead :  D=0x000000000000002f A=0x7fffffffffffffe7
2380000: system.cpu: T0 : 0x1ebda    : beq a3, a4, 38             : IntAlu : 
2380500: system.cpu: T0 : 0x1ec00    : c_addi a0, 7               : IntAlu :  D=0x7fffffffffffffe7
2381000: system.cpu: T0 : 0x1ec02    : c_jr ra                    : IntAlu : 
2381500: system.cpu: T0 : 0x37ed6    : c_bnez a0, -14             : IntAlu : 
2382000: system.cpu: T0 : 0x37ec8    : addi s0, a0, 1             : IntAlu :  D=0x7fffffffffffffe8
2382500: system.cpu: T0 : 0x37ecc    : c_mv s2, a0                : IntAlu :  D=0x7fffffffffffffe7
2383000: system.cpu: T0 : 0x37ece    : c_mv a0, s0                : IntAlu :  D=0x7fffffffffffffe8
2383500: system.cpu: T0 : 0x37ed0    : c_mv a1, s1                : IntAlu :  D=0x000000000000002f
2384500: system.cpu: T0 : 0x37ed2    : jal ra, -103340            : IntAlu :  D=0x0000000000037ed6
2385500: system.cpu: T0 : 0x1eb26    : andi a5, a0, 7             : IntAlu :  D=0x0000000000000000
2386500: system.cpu: T0 : 0x1eb2a    : andi a4, a1, 255           : IntAlu :  D=0x000000000000002f
2387000: system.cpu: T0 : 0x1eb2e    : c_bnez a5, 14              : IntAlu : 
2387500: system.cpu: T0 : 0x1eb30    : c_j 22                     : IntAlu : 
2388000: system.cpu: T0 : 0x1eb46    : c_lui a3, 16               : IntAlu :  D=0x0000000000010000
2388500: system.cpu: T0 : 0x1eb48    : slliw a5, a1, 8            : IntAlu :  D=0x0000000000002f00
2389000: system.cpu: T0 : 0x1eb4c    : c_addi a3, -1              : IntAlu :  D=0x000000000000ffff
2389500: system.cpu: T0 : 0x1eb4e    : c_and a5, a3               : IntAlu :  D=0x0000000000002f00
2390000: system.cpu: T0 : 0x1eb50    : andi a1, a1, 255           : IntAlu :  D=0x000000000000002f
2390500: system.cpu: T0 : 0x1eb54    : c_or a1, a5                : IntAlu :  D=0x0000000000002f2f
2391000: system.cpu: T0 : 0x1eb56    : c_addiw a1, 0              : IntAlu :  D=0x0000000000002f2f
2391500: system.cpu: T0 : 0x1eb58    : slli t1, a1, 16            : IntAlu :  D=0x000000002f2f0000
2392000: system.cpu: T0 : 0x1eb5c    : or a1, t1, a1              : IntAlu :  D=0x000000002f2f2f2f
2392500: system.cpu: T0 : 0x1eb60    : ld a6, -2032(gp)           : MemRead :  D=0x7efefefefefefeff A=0x70848
2393000: system.cpu: T0 : 0x1eb64    : slli t1, a1, 32            : IntAlu :  D=0x2f2f2f2f00000000
2393500: system.cpu: T0 : 0x1eb68    : or t1, t1, a1              : IntAlu :  D=0x2f2f2f2f2f2f2f2f
2394000: system.cpu: T0 : 0x1eb6c    : c_li t3, -1                : IntAlu :  D=0xffffffffffffffff
2394500: system.cpu: T0 : 0x1eb6e    : c_ld a1, 0(a0)             : MemRead :  D=0xc9006d756e64636c A=0x7fffffffffffffe8
2395000: system.cpu: T0 : 0x1eb70    : addi a5, a0, 8             : IntAlu :  D=0x7ffffffffffffff0
2395500: system.cpu: T0 : 0x1eb74    : xor a7, t1, a1             : IntAlu :  D=0xe62f425a414b4c43
2396000: system.cpu: T0 : 0x1eb78    : add a3, a1, a6             : IntAlu :  D=0x47ff6c746d63626b
2396500: system.cpu: T0 : 0x1eb7c    : add a2, a7, a6             : IntAlu :  D=0x652e4159404a4b42
2397000: system.cpu: T0 : 0x1eb80    : c_xor a3, a1               : IntAlu :  D=0x8eff010103070107
2398000: system.cpu: T0 : 0x1eb82    : xor a2, a2, a7             : IntAlu :  D=0x8301030301010701
2398500: system.cpu: T0 : 0x1eb86    : c_and a3, a2               : IntAlu :  D=0x8201010101010101
2399000: system.cpu: T0 : 0x1eb88    : or a3, a3, a6              : IntAlu :  D=0xfeffffffffffffff
2399500: system.cpu: T0 : 0x1eb8c    : beq a3, t3, 88             : IntAlu : 
2400000: system.cpu: T0 : 0x1eb90    : lbu a3, -8(a5)             : MemRead :  D=0x000000000000006c A=0x7fffffffffffffe8
2400500: system.cpu: T0 : 0x1eb94    : beq a3, a4, -80            : IntAlu : 
2401000: system.cpu: T0 : 0x1eb98    : c_beqz a3, 72              : IntAlu : 
2402000: system.cpu: T0 : 0x1eb9a    : lbu a3, -7(a5)             : MemRead :  D=0x0000000000000063 A=0x7fffffffffffffe9
2403000: system.cpu: T0 : 0x1eb9e    : beq a3, a4, 74             : IntAlu : 
2403500: system.cpu: T0 : 0x1eba2    : c_beqz a3, 62              : IntAlu : 
2404000: system.cpu: T0 : 0x1eba4    : lbu a3, -6(a5)             : MemRead :  D=0x0000000000000064 A=0x7fffffffffffffea
2404500: system.cpu: T0 : 0x1eba8    : beq a3, a4, 68             : IntAlu : 
2405000: system.cpu: T0 : 0x1ebac    : c_beqz a3, 52              : IntAlu : 
2406000: system.cpu: T0 : 0x1ebae    : lbu a3, -5(a5)             : MemRead :  D=0x000000000000006e A=0x7fffffffffffffeb
2407000: system.cpu: T0 : 0x1ebb2    : beq a3, a4, 62             : IntAlu : 
2407500: system.cpu: T0 : 0x1ebb6    : c_beqz a3, 42              : IntAlu : 
2408000: system.cpu: T0 : 0x1ebb8    : lbu a3, -4(a5)             : MemRead :  D=0x0000000000000075 A=0x7fffffffffffffec
2408500: system.cpu: T0 : 0x1ebbc    : beq a3, a4, 56             : IntAlu : 
2409000: system.cpu: T0 : 0x1ebc0    : c_beqz a3, 32              : IntAlu : 
2410000: system.cpu: T0 : 0x1ebc2    : lbu a3, -3(a5)             : MemRead :  D=0x000000000000006d A=0x7fffffffffffffed
2411000: system.cpu: T0 : 0x1ebc6    : beq a3, a4, 50             : IntAlu : 
2411500: system.cpu: T0 : 0x1ebca    : c_beqz a3, 22              : IntAlu : 
2412000: system.cpu: T0 : 0x1ebcc    : lbu a3, -2(a5)             : MemRead :  D=0x0000000000000000 A=0x7fffffffffffffee
2412500: system.cpu: T0 : 0x1ebd0    : beq a3, a4, 44             : IntAlu : 
2413000: system.cpu: T0 : 0x1ebd4    : c_beqz a3, 12              : IntAlu : 
2413500: system.cpu: T0 : 0x1ebe0    : c_li a0, 0                 : IntAlu :  D=0x0000000000000000
2414000: system.cpu: T0 : 0x1ebe2    : c_jr ra                    : IntAlu : 
2414500: system.cpu: T0 : 0x37ed6    : c_bnez a0, -14             : IntAlu : 
2415000: system.cpu: T0 : 0x37ed8    : c_ldsp ra, 24(sp)          : MemRead :  D=0x0000000000021d44 A=0x7ffffffffffffda8
2415500: system.cpu: T0 : 0x37eda    : c_ldsp s0, 16(sp)          : MemRead :  D=0x7fffffffffffff38 A=0x7ffffffffffffda0
2416000: system.cpu: T0 : 0x37edc    : c_ldsp s1, 8(sp)           : MemRead :  D=0x7fffffffffffffdb A=0x7ffffffffffffd98
2416500: system.cpu: T0 : 0x37ede    : c_mv a0, s2                : IntAlu :  D=0x7fffffffffffffe7
2417000: system.cpu: T0 : 0x37ee0    : c_ldsp s2, 0(sp)           : MemRead :  D=0x7fffffffffffff48 A=0x7ffffffffffffd90
2417500: system.cpu: T0 : 0x37ee2    : c_addi16sp sp, 32          : IntAlu :  D=0x7ffffffffffffdb0
2418000: system.cpu: T0 : 0x37ee4    : c_jr ra                    : IntAlu : 
2418500: system.cpu: T0 : 0x21d44    : c_beqz a0, 26              : IntAlu : 
2419000: system.cpu: T0 : 0x21d46    : c_addi a0, 1               : IntAlu :  D=0x7fffffffffffffe8
2419500: system.cpu: T0 : 0x21d48    : sd a0, -1824(gp)           : MemWrite :  D=0x7fffffffffffffe8 A=0x70918
2420000: system.cpu: T0 : 0x21d4c    : c_ld a4, 0(s0)             : MemRead :  D=0x7fffffffffffffdb A=0x7fffffffffffff38
2421000: system.cpu: T0 : 0x21d4e    : sd a4, -1816(gp)           : MemWrite :  D=0x7fffffffffffffdb A=0x70920
2421500: system.cpu: T0 : 0x21d52    : c_ldsp ra, 24(sp)          : MemRead :  D=0x0000000000022e26 A=0x7ffffffffffffdc8
2422000: system.cpu: T0 : 0x21d54    : c_ldsp s0, 16(sp)          : MemRead :  D=0x0000000000000001 A=0x7ffffffffffffdc0
2422500: system.cpu: T0 : 0x21d56    : c_ldsp s1, 8(sp)           : MemRead :  D=0x7fffffffffffff38 A=0x7ffffffffffffdb8
2423000: system.cpu: T0 : 0x21d58    : c_addi16sp sp, 32          : IntAlu :  D=0x7ffffffffffffdd0
2423500: system.cpu: T0 : 0x21d5a    : c_jr ra                    : IntAlu : 
2424000: system.cpu: T0 : 0x22e26    : c_ldsp s0, 16(sp)          : MemRead :  D=0x0000000000010a18 A=0x7ffffffffffffde0
2424500: system.cpu: T0 : 0x22e28    : c_ldsp ra, 24(sp)          : MemRead :  D=0x000000000001068c A=0x7ffffffffffffde8
2425000: system.cpu: T0 : 0x22e2a    : c_ldsp s1, 8(sp)           : MemRead :  D=0x0000000000010aa8 A=0x7ffffffffffffdd8
2425500: system.cpu: T0 : 0x22e2c    : c_ldsp s2, 0(sp)           : MemRead :  D=0x0000000000000000 A=0x7ffffffffffffdd0
2426000: system.cpu: T0 : 0x22e2e    : c_addi16sp sp, 32          : IntAlu :  D=0x7ffffffffffffdf0
2426500: system.cpu: T0 : 0x22e30    : jal zero, 35004            : IntAlu :  D=0x0000000000022e34
2427000: system.cpu: T0 : 0x2b6ec    : ld a5, 0(tp)               : MemRead :  D=0x0000000000070678 A=0x72710
2427500: system.cpu: T0 : 0x2b6f0    : c_ld a5, 0(a5)             : MemRead :  D=0x0000000000051900 A=0x70678
2428000: system.cpu: T0 : 0x2b6f2    : c_ld a0, 64(a5)            : MemRead :  D=0x0000000000053130 A=0x51940
2428500: system.cpu: T0 : 0x2b6f4    : c_ld a2, 72(a5)            : MemRead :  D=0x0000000000052730 A=0x51948
2429000: system.cpu: T0 : 0x2b6f6    : c_ld a4, 88(a5)            : MemRead :  D=0x0000000000052130 A=0x51958
2429500: system.cpu: T0 : 0x2b6f8    : addi a0, a0, 256           : IntAlu :  D=0x0000000000053230
2430000: system.cpu: T0 : 0x2b6fc    : addi a2, a2, 512           : IntAlu :  D=0x0000000000052930
2430500: system.cpu: T0 : 0x2b700    : addi a4, a4, 512           : IntAlu :  D=0x0000000000052330
2431000: system.cpu: T0 : 0x2b704    : sd a0, 80(tp)              : MemWrite :  D=0x0000000000053230 A=0x72760
2431500: system.cpu: T0 : 0x2b708    : sd a2, 72(tp)              : MemWrite :  D=0x0000000000052930 A=0x72758
2432000: system.cpu: T0 : 0x2b70c    : sd a4, 64(tp)              : MemWrite :  D=0x0000000000052330 A=0x72750
2432500: system.cpu: T0 : 0x2b710    : c_jr ra                    : IntAlu : 
2433000: system.cpu: T0 : 0x1068c    : c_beqz s1, 12              : IntAlu : 
2433500: system.cpu: T0 : 0x1068e    : c_li a2, 0                 : IntAlu :  D=0x0000000000000000
2434000: system.cpu: T0 : 0x10690    : c_li a1, 0                 : IntAlu :  D=0x0000000000000000
2434500: system.cpu: T0 : 0x10692    : c_mv a0, s1                : IntAlu :  D=0x0000000000010aa8
2435000: system.cpu: T0 : 0x10694    : jal ra, 17626              : IntAlu :  D=0x0000000000010698
2436000: system.cpu: T0 : 0x14b6e    : addi a3, gp, -1936         : IntAlu :  D=0x00000000000708a8
2436500: system.cpu: T0 : 0x14b72    : c_j -204                   : IntAlu : 
2437000: system.cpu: T0 : 0x14aa6    : c_addi16sp sp, -64         : IntAlu :  D=0x7ffffffffffffdb0
2437500: system.cpu: T0 : 0x14aa8    : c_sdsp ra, 56(sp)          : MemWrite :  D=0x0000000000010698 A=0x7ffffffffffffde8
2438000: system.cpu: T0 : 0x14aaa    : c_sdsp s0, 48(sp)          : MemWrite :  D=0x0000000000010a18 A=0x7ffffffffffffde0
2438500: system.cpu: T0 : 0x14aac    : c_sdsp s1, 40(sp)          : MemWrite :  D=0x0000000000010aa8 A=0x7ffffffffffffdd8
2439000: system.cpu: T0 : 0x14aae    : c_sdsp s2, 32(sp)          : MemWrite :  D=0x0000000000000000 A=0x7ffffffffffffdd0
2439500: system.cpu: T0 : 0x14ab0    : c_sdsp s3, 24(sp)          : MemWrite :  D=0x0000000000000000 A=0x7ffffffffffffdc8
2440000: system.cpu: T0 : 0x14ab2    : c_beqz a0, 156             : IntAlu : 
2440500: system.cpu: T0 : 0x14ab4    : lui s0, 114                : IntAlu :  D=0x0000000000072000
2441000: system.cpu: T0 : 0x14ab8    : c_mv s2, a2                : IntAlu :  D=0x0000000000000000
2441500: system.cpu: T0 : 0x14aba    : c_mv s1, a0                : IntAlu :  D=0x0000000000010aa8
2442000: system.cpu: T0 : 0x14abc    : c_mv s3, a1                : IntAlu :  D=0x0000000000000000
2442500: system.cpu: T0 : 0x14abe    : c_li a4, 1                 : IntAlu :  D=0x0000000000000001
2443000: system.cpu: T0 : 0x14ac0    : addi a2, s0, -584          : IntAlu :  D=0x0000000000071db8
2443500: system.cpu: T0 : 0x14ac4    : lr_w a5, (a2)             
2443500: system.cpu: T0 : 0x14ac4. 0 : lr_w a5, (a2)              : MemRead :  D=0x0000000000000000 A=0x71db8
2444000: system.cpu: T0 : 0x14ac8    : c_bnez a5, 8               : IntAlu : 
2445000: system.cpu: T0 : 0x14aca    : sc_w_aq a1, a4, (a2)      
2445000: system.cpu: T0 : 0x14aca. 0 : sc_w a1, a4, (a2)          : MemWrite :  D=0x0000000000000000 A=0x71db8
2445500: system.cpu: T0 : 0x14aca. 1 : 0x1ce625af fence           : No_OpClass : 
2446000: system.cpu: T0 : 0x14ace    : c_bnez a1, -10             : IntAlu : 
2446500: system.cpu: T0 : 0x14ad0    : c_addiw a5, 0              : IntAlu :  D=0x0000000000000000
2447000: system.cpu: T0 : 0x14ad2    : c_bnez a5, 64              : IntAlu : 
2447500: system.cpu: T0 : 0x14ad4    : c_mv a0, a3                : IntAlu :  D=0x00000000000708a8
2448500: system.cpu: T0 : 0x14ad6    : jal ra, -242               : IntAlu :  D=0x0000000000014ada
2449000: system.cpu: T0 : 0x149e4    : lbu a5, -1476(gp)          : MemRead :  D=0x0000000000000000 A=0x70a74
2449500: system.cpu: T0 : 0x149e8    : c_bnez a5, 186             : IntAlu : 
2450000: system.cpu: T0 : 0x149ea    : c_addi sp, -32             : IntAlu :  D=0x7ffffffffffffd90
2450500: system.cpu: T0 : 0x149ec    : c_sdsp s1, 8(sp)           : MemWrite :  D=0x0000000000010aa8 A=0x7ffffffffffffd98
2451000: system.cpu: T0 : 0x149ee    : c_ld s1, 0(a0)             : MemRead :  D=0x0000000000071150 A=0x708a8
2451500: system.cpu: T0 : 0x149f0    : c_sdsp s0, 16(sp)          : MemWrite :  D=0x0000000000072000 A=0x7ffffffffffffda0
2452000: system.cpu: T0 : 0x149f2    : c_sdsp ra, 24(sp)          : MemWrite :  D=0x0000000000014ada A=0x7ffffffffffffda8
2452500: system.cpu: T0 : 0x149f4    : c_mv s0, a0                : IntAlu :  D=0x00000000000708a8
2453000: system.cpu: T0 : 0x149f6    : c_beqz s1, 140             : IntAlu : 
2453500: system.cpu: T0 : 0x149f8    : c_mv a1, s1                : IntAlu :  D=0x0000000000071150
2454000: system.cpu: T0 : 0x149fa    : c_li a6, 0                 : IntAlu :  D=0x0000000000000000
2454500: system.cpu: T0 : 0x149fc    : c_ld a4, 8(a1)             : MemRead :  D=0x0000000000000000 A=0x71158
2455500: system.cpu: T0 : 0x149fe    : slli a5, a4, 5             : IntAlu :  D=0x0000000000000000
2456000: system.cpu: T0 : 0x14a02    : c_add a5, a1               : IntAlu :  D=0x0000000000071150
2456500: system.cpu: T0 : 0x14a04    : c_beqz a4, 18              : IntAlu : 
2457000: system.cpu: T0 : 0x14a16    : c_ld a5, 0(a1)             : MemRead :  D=0x0000000000000000 A=0x71150
2457500: system.cpu: T0 : 0x14a18    : sd zero, 8(a1)             : MemWrite :  D=0x0000000000000000 A=0x71158
2458000: system.cpu: T0 : 0x14a1c    : c_mv a6, a1                : IntAlu :  D=0x0000000000071150
2458500: system.cpu: T0 : 0x14a1e    : c_beqz a5, 78              : IntAlu : 
2459000: system.cpu: T0 : 0x14a6c    : c_li a5, 1                 : IntAlu :  D=0x0000000000000001
2460000: system.cpu: T0 : 0x14a6e    : addi a0, a1, 16            : IntAlu :  D=0x0000000000071160
2460500: system.cpu: T0 : 0x14a72    : c_sd a5, 8(a1)             : MemWrite :  D=0x0000000000000001 A=0x71158
2461000: system.cpu: T0 : 0x14a74    : c_j -60                    : IntAlu : 
2461500: system.cpu: T0 : 0x14a38    : lui a4, 114                : IntAlu :  D=0x0000000000072000
2462000: system.cpu: T0 : 0x14a3c    : ld a5, -576(a4)            : MemRead :  D=0x0000000000000000 A=0x71dc0
2462500: system.cpu: T0 : 0x14a40    : c_ldsp ra, 24(sp)          : MemRead :  D=0x0000000000014ada A=0x7ffffffffffffda8
2463000: system.cpu: T0 : 0x14a42    : c_ldsp s0, 16(sp)          : MemRead :  D=0x0000000000072000 A=0x7ffffffffffffda0
2463500: system.cpu: T0 : 0x14a44    : c_li a3, 1                 : IntAlu :  D=0x0000000000000001
2464000: system.cpu: T0 : 0x14a46    : c_sd a3, 0(a0)             : MemWrite :  D=0x0000000000000001 A=0x71160
2464500: system.cpu: T0 : 0x14a48    : c_addi a5, 1               : IntAlu :  D=0x0000000000000001
2465500: system.cpu: T0 : 0x14a4a    : sd a5, -576(a4)            : MemWrite :  D=0x0000000000000001 A=0x71dc0
2466000: system.cpu: T0 : 0x14a4e    : c_ldsp s1, 8(sp)           : MemRead :  D=0x0000000000010aa8 A=0x7ffffffffffffd98
2466500: system.cpu: T0 : 0x14a50    : c_addi16sp sp, 32          : IntAlu :  D=0x7ffffffffffffdb0
2467000: system.cpu: T0 : 0x14a52    : c_jr ra                    : IntAlu : 
2467500: system.cpu: T0 : 0x14ada    : c_beqz a0, 70              : IntAlu : 
2468000: system.cpu: T0 : 0x14adc    : c_li a5, 4                 : IntAlu :  D=0x0000000000000004
2468500: system.cpu: T0 : 0x14ade    : c_sd a5, 0(a0)             : MemWrite :  D=0x0000000000000004 A=0x71160
2469000: system.cpu: T0 : 0x14ae0    : c_sd s1, 8(a0)             : MemWrite :  D=0x0000000000010aa8 A=0x71168
2470000: system.cpu: T0 : 0x14ae2    : sd s3, 16(a0)              : MemWrite :  D=0x0000000000000000 A=0x71170
2471000: system.cpu: T0 : 0x14ae6    : sd s2, 24(a0)              : MemWrite :  D=0x0000000000000000 A=0x71178
2471500: system.cpu: T0 : 0x14aea    : c_li a5, 0                 : IntAlu :  D=0x0000000000000000
2472000: system.cpu: T0 : 0x14aec    : addi a4, s0, -584          : IntAlu :  D=0x0000000000071db8
2472500: system.cpu: T0 : 0x14af0    : fence iorw, ow             : No_OpClass : 
2473000: system.cpu: T0 : 0x14af4    : amoswap_w a5, a5, (a4)    
2473000: system.cpu: T0 : 0x14af4. 0 : amoswap_w[l] a5, a5, (a4)  : MemRead :  D=0x0000000000000001 A=0x71db8
2473500: system.cpu: T0 : 0x14af8    : c_addiw a5, 0              : IntAlu :  D=0x0000000000000001
2474000: system.cpu: T0 : 0x14afa    : c_li a3, 1                 : IntAlu :  D=0x0000000000000001
2474500: system.cpu: T0 : 0x14afc    : c_li a4, 0                 : IntAlu :  D=0x0000000000000000
2475500: system.cpu: T0 : 0x14afe    : blt a3, a5, 58             : IntAlu : 
2476000: system.cpu: T0 : 0x14b02    : c_ldsp ra, 56(sp)          : MemRead :  D=0x0000000000010698 A=0x7ffffffffffffde8
2476500: system.cpu: T0 : 0x14b04    : c_ldsp s0, 48(sp)          : MemRead :  D=0x0000000000010a18 A=0x7ffffffffffffde0
2477000: system.cpu: T0 : 0x14b06    : c_ldsp s1, 40(sp)          : MemRead :  D=0x0000000000010aa8 A=0x7ffffffffffffdd8
2477500: system.cpu: T0 : 0x14b08    : c_ldsp s2, 32(sp)          : MemRead :  D=0x0000000000000000 A=0x7ffffffffffffdd0
2478000: system.cpu: T0 : 0x14b0a    : c_ldsp s3, 24(sp)          : MemRead :  D=0x0000000000000000 A=0x7ffffffffffffdc8
2478500: system.cpu: T0 : 0x14b0c    : c_mv a0, a4                : IntAlu :  D=0x0000000000000000
2479000: system.cpu: T0 : 0x14b0e    : c_addi16sp sp, 64          : IntAlu :  D=0x7ffffffffffffdf0
2479500: system.cpu: T0 : 0x14b10    : c_jr ra                    : IntAlu : 
2480000: system.cpu: T0 : 0x10698    : lui a5, 111                : IntAlu :  D=0x000000000006f000
2480500: system.cpu: T0 : 0x1069c    : lw a5, -72(a5)             : MemRead :  D=0x0000000000000000 A=0x6efb8
2481000: system.cpu: T0 : 0x106a0    : bne a5, zero, 238          : IntAlu : 
2481500: system.cpu: T0 : 0x106a4    : c_beqz s0, 12              : IntAlu : 
2482500: system.cpu: T0 : 0x106a6    : ld a2, -1360(gp)           : MemRead :  D=0x7fffffffffffff48 A=0x70ae8
2483000: system.cpu: T0 : 0x106aa    : c_ldsp a1, 16(sp)          : MemRead :  D=0x7fffffffffffff38 A=0x7ffffffffffffe00
2483500: system.cpu: T0 : 0x106ac    : c_ldsp a0, 8(sp)           : MemRead :  D=0x0000000000000001 A=0x7ffffffffffffdf8
2484000: system.cpu: T0 : 0x106ae    : c_jalr s0                  : IntAlu :  D=0x00000000000106b0
2484500: system.cpu: T0 : 0x10a18    : c_addi16sp sp, -64         : IntAlu :  D=0x7ffffffffffffdb0
2485000: system.cpu: T0 : 0x10a1a    : c_sdsp s0, 48(sp)          : MemWrite :  D=0x0000000000010a18 A=0x7ffffffffffffde0
2485500: system.cpu: T0 : 0x10a1c    : c_sdsp s5, 8(sp)           : MemWrite :  D=0x0000000000000000 A=0x7ffffffffffffdb8
2486500: system.cpu: T0 : 0x10a1e    : lui s0, 111                : IntAlu :  D=0x000000000006f000
2487500: system.cpu: T0 : 0x10a22    : lui s5, 111                : IntAlu :  D=0x000000000006f000
2488500: system.cpu: T0 : 0x10a26    : addi a5, s0, -1296         : IntAlu :  D=0x000000000006eaf0
2489500: system.cpu: T0 : 0x10a2a    : addi s5, s5, -1288         : IntAlu :  D=0x000000000006eaf8
2490500: system.cpu: T0 : 0x10a2e    : sub s5, s5, a5             : IntAlu :  D=0x0000000000000008
2491000: system.cpu: T0 : 0x10a32    : c_sdsp s2, 32(sp)          : MemWrite :  D=0x0000000000000000 A=0x7ffffffffffffdd0
2491500: system.cpu: T0 : 0x10a34    : c_sdsp s3, 24(sp)          : MemWrite :  D=0x0000000000000000 A=0x7ffffffffffffdc8
2492000: system.cpu: T0 : 0x10a36    : c_sdsp s4, 16(sp)          : MemWrite :  D=0x0000000000000000 A=0x7ffffffffffffdc0
2492500: system.cpu: T0 : 0x10a38    : c_sdsp ra, 56(sp)          : MemWrite :  D=0x00000000000106b0 A=0x7ffffffffffffde8
2493000: system.cpu: T0 : 0x10a3a    : c_sdsp s1, 40(sp)          : MemWrite :  D=0x0000000000010aa8 A=0x7ffffffffffffdd8
2493500: system.cpu: T0 : 0x10a3c    : srai s5, s5, 3             : IntAlu :  D=0x0000000000000001
2494000: system.cpu: T0 : 0x10a40    : c_mv s2, a0                : IntAlu :  D=0x0000000000000001
2494500: system.cpu: T0 : 0x10a42    : c_mv s3, a1                : IntAlu :  D=0x7fffffffffffff38
2495000: system.cpu: T0 : 0x10a44    : c_mv s4, a2                : IntAlu :  D=0x7fffffffffffff48
2496000: system.cpu: T0 : 0x10a46    : beq s5, zero, 28           : IntAlu : 
2497000: system.cpu: T0 : 0x10a4a    : addi s0, s0, -1296         : IntAlu :  D=0x000000000006eaf0
2497500: system.cpu: T0 : 0x10a4e    : c_li s1, 0                 : IntAlu :  D=0x0000000000000000
2498000: system.cpu: T0 : 0x10a50    : c_ld a5, 0(s0)             : MemRead :  D=0x0000000000010376 A=0x6eaf0
2498500: system.cpu: T0 : 0x10a52    : c_mv a2, s4                : IntAlu :  D=0x7fffffffffffff48
2499000: system.cpu: T0 : 0x10a54    : c_mv a1, s3                : IntAlu :  D=0x7fffffffffffff38
2499500: system.cpu: T0 : 0x10a56    : c_mv a0, s2                : IntAlu :  D=0x0000000000000001
2500000: system.cpu: T0 : 0x10a58    : c_addi s1, 1               : IntAlu :  D=0x0000000000000001
2500500: system.cpu: T0 : 0x10a5a    : c_jalr a5                  : IntAlu :  D=0x0000000000010a5c
2501500: system.cpu: T0 : 0x10376    : auipc gp, 97               : IntAlu :  D=0x0000000000071376
2502500: system.cpu: T0 : 0x1037a    : addi gp, gp, -830          : IntAlu :  D=0x0000000000071038
2503000: system.cpu: T0 : 0x1037e    : c_jr ra                    : IntAlu : 
2503500: system.cpu: T0 : 0x10a5c    : c_addi s0, 8               : IntAlu :  D=0x000000000006eaf8
2504500: system.cpu: T0 : 0x10a5e    : bne s5, s1, -14            : IntAlu : 
2505500: system.cpu: T0 : 0x10a62    : lui s0, 111                : IntAlu :  D=0x000000000006f000
2506500: system.cpu: T0 : 0x10a66    : lui s5, 111                : IntAlu :  D=0x000000000006f000
2507500: system.cpu: T0 : 0x10a6a    : addi a5, s0, -1288         : IntAlu :  D=0x000000000006eaf8
2508500: system.cpu: T0 : 0x10a6e    : addi s5, s5, -1280         : IntAlu :  D=0x000000000006eb00
2509500: system.cpu: T0 : 0x10a72    : sub s5, s5, a5             : IntAlu :  D=0x0000000000000008
2510500: system.cpu: T0 : 0x10a76    : srai s5, s5, 3             : IntAlu :  D=0x0000000000000001
2511500: system.cpu: T0 : 0x10a7a    : beq s5, zero, 28           : IntAlu : 
2512500: system.cpu: T0 : 0x10a7e    : addi s0, s0, -1288         : IntAlu :  D=0x000000000006eaf8
2513000: system.cpu: T0 : 0x10a82    : c_li s1, 0                 : IntAlu :  D=0x0000000000000000
2513500: system.cpu: T0 : 0x10a84    : c_ld a5, 0(s0)             : MemRead :  D=0x000000000001040a A=0x6eaf8
2514000: system.cpu: T0 : 0x10a86    : c_mv a2, s4                : IntAlu :  D=0x7fffffffffffff48
2514500: system.cpu: T0 : 0x10a88    : c_mv a1, s3                : IntAlu :  D=0x7fffffffffffff38
2515000: system.cpu: T0 : 0x10a8a    : c_mv a0, s2                : IntAlu :  D=0x0000000000000001
2515500: system.cpu: T0 : 0x10a8c    : c_addi s1, 1               : IntAlu :  D=0x0000000000000001
2516000: system.cpu: T0 : 0x10a8e    : c_jalr a5                  : IntAlu :  D=0x0000000000010a90
2517000: system.cpu: T0 : 0x1040a    : lui a5, 76                 : IntAlu :  D=0x000000000004c000
2518000: system.cpu: T0 : 0x1040e    : addi a5, a5, 1256          : IntAlu :  D=0x000000000004c4e8
2518500: system.cpu: T0 : 0x10412    : c_beqz a5, 28              : IntAlu : 
2519000: system.cpu: T0 : 0x10414    : lui a0, 106                : IntAlu :  D=0x000000000006a000
2519500: system.cpu: T0 : 0x10418    : c_addi sp, -16             : IntAlu :  D=0x7ffffffffffffda0
2520500: system.cpu: T0 : 0x1041a    : addi a1, gp, -1008         : IntAlu :  D=0x0000000000070c48
2521500: system.cpu: T0 : 0x1041e    : addi a0, a0, 576           : IntAlu :  D=0x000000000006a240
2522000: system.cpu: T0 : 0x10422    : c_sdsp ra, 8(sp)           : MemWrite :  D=0x0000000000010a90 A=0x7ffffffffffffda8
2522500: system.cpu: T0 : 0x10424    : jal ra, 245956             : IntAlu :  D=0x0000000000010428
2523000: system.cpu: T0 : 0x4c4e8    : c_beqz a0, 12              : IntAlu : 
2523500: system.cpu: T0 : 0x4c4ea    : c_lw a5, 0(a0)             : MemRead :  D=0x000000000000001c A=0x6a240
2524000: system.cpu: T0 : 0x4c4ec    : c_beqz a5, 8               : IntAlu : 
2524500: system.cpu: T0 : 0x4c4ee    : c_li a3, 0                 : IntAlu :  D=0x0000000000000000
2525000: system.cpu: T0 : 0x4c4f0    : c_li a2, 0                 : IntAlu :  D=0x0000000000000000
2525500: system.cpu: T0 : 0x4c4f2    : c_j -144                   : IntAlu : 
2526000: system.cpu: T0 : 0x4c462    : c_li a5, -1                : IntAlu :  D=0xffffffffffffffff
2526500: system.cpu: T0 : 0x4c464    : c_addi sp, -32             : IntAlu :  D=0x7ffffffffffffd80
2527000: system.cpu: T0 : 0x4c466    : c_sd a5, 0(a1)             : MemWrite :  D=0xffffffffffffffff A=0x70c48
2527500: system.cpu: T0 : 0x4c468    : addi a5, zero, 2040        : IntAlu :  D=0x00000000000007f8
2528000: system.cpu: T0 : 0x4c46c    : c_sdsp s0, 16(sp)          : MemWrite :  D=0x000000000006eaf8 A=0x7ffffffffffffd90
2528500: system.cpu: T0 : 0x4c46e    : c_sdsp s1, 8(sp)           : MemWrite :  D=0x0000000000000001 A=0x7ffffffffffffd88
2529000: system.cpu: T0 : 0x4c470    : c_sdsp ra, 24(sp)          : MemWrite :  D=0x0000000000010428 A=0x7ffffffffffffd98
2529500: system.cpu: T0 : 0x4c472    : c_sd a2, 8(a1)             : MemWrite :  D=0x0000000000000000 A=0x70c50
2530000: system.cpu: T0 : 0x4c474    : c_sd a3, 16(a1)            : MemWrite :  D=0x0000000000000000 A=0x70c58
2530500: system.cpu: T0 : 0x4c476    : c_sd a0, 24(a1)            : MemWrite :  D=0x000000000006a240 A=0x70c60
2531000: system.cpu: T0 : 0x4c478    : c_sd a5, 32(a1)            : MemWrite :  D=0x00000000000007f8 A=0x70c68
2532000: system.cpu: T0 : 0x4c47a    : auipc s1, 36               : IntAlu :  D=0x000000000007047a
2533000: system.cpu: T0 : 0x4c47e    : ld s1, 910(s1)             : MemRead :  D=0x0000000000000000 A=0x70808
2533500: system.cpu: T0 : 0x4c482    : c_mv s0, a1                : IntAlu :  D=0x0000000000070c48
2534000: system.cpu: T0 : 0x4c484    : c_beqz s1, 20              : IntAlu : 
2534500: system.cpu: T0 : 0x4c498    : addi a5, gp, 1880          : IntAlu :  D=0x0000000000071790
2535000: system.cpu: T0 : 0x4c49c    : ld a3, 448(a5)             : MemRead :  D=0x0000000000000000 A=0x71950
2535500: system.cpu: T0 : 0x4c4a0    : lw a4, 456(a5)             : MemRead :  D=0x0000000000000000 A=0x71958
2536000: system.cpu: T0 : 0x4c4a4    : sd s0, 448(a5)             : MemWrite :  D=0x0000000000070c48 A=0x71950
2536500: system.cpu: T0 : 0x4c4a8    : c_sd a3, 40(s0)            : MemWrite :  D=0x0000000000000000 A=0x70c70
2537000: system.cpu: T0 : 0x4c4aa    : c_beqz a4, 30              : IntAlu : 
2537500: system.cpu: T0 : 0x4c4c8    : c_li a4, 1                 : IntAlu :  D=0x0000000000000001
2538500: system.cpu: T0 : 0x4c4ca    : addi a5, a5, 456           : IntAlu :  D=0x0000000000071958
2539500: system.cpu: T0 : 0x4c4ce    : amoswap_w zero, a4, (a5)  
2539500: system.cpu: T0 : 0x4c4ce. 0 : amoswap_w[l] zero, a4, (a5) : MemRead :  D=0x0000000000000000 A=0x71958
2540000: system.cpu: T0 : 0x4c4d2    : c_bnez s1, -36             : IntAlu : 
2540500: system.cpu: T0 : 0x4c4d4    : c_ldsp ra, 24(sp)          : MemRead :  D=0x0000000000010428 A=0x7ffffffffffffd98
2541000: system.cpu: T0 : 0x4c4d6    : c_ldsp s0, 16(sp)          : MemRead :  D=0x000000000006eaf8 A=0x7ffffffffffffd90
2541500: system.cpu: T0 : 0x4c4d8    : c_ldsp s1, 8(sp)           : MemRead :  D=0x0000000000000001 A=0x7ffffffffffffd88
2542000: system.cpu: T0 : 0x4c4da    : c_addi16sp sp, 32          : IntAlu :  D=0x7ffffffffffffda0
2542500: system.cpu: T0 : 0x4c4dc    : c_jr ra                    : IntAlu : 
2543000: system.cpu: T0 : 0x10428    : c_ldsp ra, 8(sp)           : MemRead :  D=0x0000000000010a90 A=0x7ffffffffffffda8
2543500: system.cpu: T0 : 0x1042a    : c_addi sp, 16              : IntAlu :  D=0x7ffffffffffffdb0
2544000: system.cpu: T0 : 0x1042c    : c_j -134                   : IntAlu : 
2545000: system.cpu: T0 : 0x103a6    : lui a0, 112                : IntAlu :  D=0x0000000000070000
2546000: system.cpu: T0 : 0x103aa    : addi a1, a0, 2032          : IntAlu :  D=0x00000000000707f0
2547000: system.cpu: T0 : 0x103ae    : lui a5, 112                : IntAlu :  D=0x0000000000070000
2548000: system.cpu: T0 : 0x103b2    : addi a5, a5, 2032          : IntAlu :  D=0x00000000000707f0
2548500: system.cpu: T0 : 0x103b6    : c_sub a5, a1               : IntAlu :  D=0x0000000000000000
2549000: system.cpu: T0 : 0x103b8    : srai a4, a5, 3             : IntAlu :  D=0x0000000000000000
2549500: system.cpu: T0 : 0x103bc    : srli a1, a5, 63            : IntAlu :  D=0x0000000000000000
2550000: system.cpu: T0 : 0x103c0    : c_add a1, a4               : IntAlu :  D=0x0000000000000000
2550500: system.cpu: T0 : 0x103c2    : c_srai a1, 1               : IntAlu :  D=0x0000000000000000
2551000: system.cpu: T0 : 0x103c4    : c_beqz a1, 16              : IntAlu : 
2551500: system.cpu: T0 : 0x103d4    : c_jr ra                    : IntAlu : 
2552000: system.cpu: T0 : 0x10a90    : c_addi s0, 8               : IntAlu :  D=0x000000000006eb00
2553000: system.cpu: T0 : 0x10a92    : bne s5, s1, -14            : IntAlu : 
2553500: system.cpu: T0 : 0x10a96    : c_ldsp ra, 56(sp)          : MemRead :  D=0x00000000000106b0 A=0x7ffffffffffffde8
2554000: system.cpu: T0 : 0x10a98    : c_ldsp s0, 48(sp)          : MemRead :  D=0x0000000000010a18 A=0x7ffffffffffffde0
2554500: system.cpu: T0 : 0x10a9a    : c_ldsp s1, 40(sp)          : MemRead :  D=0x0000000000010aa8 A=0x7ffffffffffffdd8
2555000: system.cpu: T0 : 0x10a9c    : c_ldsp s2, 32(sp)          : MemRead :  D=0x0000000000000000 A=0x7ffffffffffffdd0
2555500: system.cpu: T0 : 0x10a9e    : c_ldsp s3, 24(sp)          : MemRead :  D=0x0000000000000000 A=0x7ffffffffffffdc8
2556000: system.cpu: T0 : 0x10aa0    : c_ldsp s4, 16(sp)          : MemRead :  D=0x0000000000000000 A=0x7ffffffffffffdc0
2556500: system.cpu: T0 : 0x10aa2    : c_ldsp s5, 8(sp)           : MemRead :  D=0x0000000000000000 A=0x7ffffffffffffdb8
2557000: system.cpu: T0 : 0x10aa4    : c_addi16sp sp, 64          : IntAlu :  D=0x7ffffffffffffdf0
2557500: system.cpu: T0 : 0x10aa6    : c_jr ra                    : IntAlu : 
2558000: system.cpu: T0 : 0x106b0    : c_li a1, 0                 : IntAlu :  D=0x0000000000000000
2558500: system.cpu: T0 : 0x106b2    : c_li a0, 0                 : IntAlu :  D=0x0000000000000000
2559000: system.cpu: T0 : 0x106b4    : jal ra, 71438              : IntAlu :  D=0x00000000000106b8
2559500: system.cpu: T0 : 0x21dc2    : c_mv a4, a0                : IntAlu :  D=0x0000000000000000
2560000: system.cpu: T0 : 0x21dc4    : c_beqz a1, 70              : IntAlu : 
2561000: system.cpu: T0 : 0x21e0a    : lui a5, 114                : IntAlu :  D=0x0000000000072000
2562000: system.cpu: T0 : 0x21e0e    : addi a0, a5, -568          : IntAlu :  D=0x0000000000071dc8
2562500: system.cpu: T0 : 0x21e12    : c_ld a5, 8(a0)             : MemRead :  D=0x0000000000000000 A=0x71dd0
2563000: system.cpu: T0 : 0x21e14    : c_bnez a5, -52             : IntAlu : 
2563500: system.cpu: T0 : 0x21e16    : c_li a5, 1                 : IntAlu :  D=0x0000000000000001
2564000: system.cpu: T0 : 0x21e18    : c_sw a5, 0(a0)             : MemWrite :  D=0x0000000000000001 A=0x71dc8
2564500: system.cpu: T0 : 0x21e1a    : c_bnez a4, -52             : IntAlu : 
2565000: system.cpu: T0 : 0x21e1c    : lui a5, 114                : IntAlu :  D=0x0000000000072000
2565500: system.cpu: T0 : 0x21e20    : ld a4, -536(a5)            : MemRead :  D=0x0000000000000000 A=0x71de8
2566000: system.cpu: T0 : 0x21e24    : c_j -62                    : IntAlu : 
2567000: system.cpu: T0 : 0x21de6    : slli a5, a1, 3             : IntAlu :  D=0x0000000000000000
2567500: system.cpu: T0 : 0x21dea    : c_add a5, a1               : IntAlu :  D=0x0000000000000000
2568000: system.cpu: T0 : 0x21dec    : lui a1, 112                : IntAlu :  D=0x0000000000070000
2568500: system.cpu: T0 : 0x21df0    : c_slli a5, 4               : IntAlu :  D=0x0000000000000000
2569500: system.cpu: T0 : 0x21df2    : addi a1, a1, 816           : IntAlu :  D=0x0000000000070330
2570000: system.cpu: T0 : 0x21df6    : c_add a1, a5               : IntAlu :  D=0x0000000000070330
2570500: system.cpu: T0 : 0x21df8    : c_ld a5, 0(a1)             : MemRead :  D=0x000000000006fe60 A=0x70330
2571000: system.cpu: T0 : 0x21dfa    : c_sd a4, 32(a0)            : MemWrite :  D=0x0000000000000000 A=0x71de8
2571500: system.cpu: T0 : 0x21dfc    : c_sd a5, 8(a0)             : MemWrite :  D=0x000000000006fe60 A=0x71dd0
2572500: system.cpu: T0 : 0x21dfe    : lui a5, 34                 : IntAlu :  D=0x0000000000022000
2573500: system.cpu: T0 : 0x21e02    : addi a5, a5, -576          : IntAlu :  D=0x0000000000021dc0
2574000: system.cpu: T0 : 0x21e06    : c_sd a5, 16(a0)            : MemWrite :  D=0x0000000000021dc0 A=0x71dd8
2574500: system.cpu: T0 : 0x21e08    : c_jr ra                    : IntAlu : 
2575000: system.cpu: T0 : 0x106b8    : c_addi4spn a0, sp, 40      : IntAlu :  D=0x7ffffffffffffe18
2576000: system.cpu: T0 : 0x106ba    : jal ra, 14938              : IntAlu :  D=0x00000000000106be
2576500: system.cpu: T0 : 0x14114    : c_li a1, 0                 : IntAlu :  D=0x0000000000000000
2577000: system.cpu: T0 : 0x14116    : c_j 6                      : IntAlu : 
2577500: system.cpu: T0 : 0x1411c    : sd ra, 0(a0)               : MemWrite :  D=0x00000000000106be A=0x7ffffffffffffe18
2578000: system.cpu: T0 : 0x14120    : c_sd s0, 8(a0)             : MemWrite :  D=0x0000000000010a18 A=0x7ffffffffffffe20
2578500: system.cpu: T0 : 0x14122    : c_sd s1, 16(a0)            : MemWrite :  D=0x0000000000010aa8 A=0x7ffffffffffffe28
2579000: system.cpu: T0 : 0x14124    : sd s2, 24(a0)              : MemWrite :  D=0x0000000000000000 A=0x7ffffffffffffe30
2579500: system.cpu: T0 : 0x14128    : sd s3, 32(a0)              : MemWrite :  D=0x0000000000000000 A=0x7ffffffffffffe38
2580000: system.cpu: T0 : 0x1412c    : sd s4, 40(a0)              : MemWrite :  D=0x0000000000000000 A=0x7ffffffffffffe40
2580500: system.cpu: T0 : 0x14130    : sd s5, 48(a0)              : MemWrite :  D=0x0000000000000000 A=0x7ffffffffffffe48
2581000: system.cpu: T0 : 0x14134    : sd s6, 56(a0)              : MemWrite :  D=0x0000000000000000 A=0x7ffffffffffffe50
2581500: system.cpu: T0 : 0x14138    : sd s7, 64(a0)              : MemWrite :  D=0x0000000000000000 A=0x7ffffffffffffe58
2582000: system.cpu: T0 : 0x1413c    : sd s8, 72(a0)              : MemWrite :  D=0x0000000000000000 A=0x7ffffffffffffe60
2582500: system.cpu: T0 : 0x14140    : sd s9, 80(a0)              : MemWrite :  D=0x0000000000000000 A=0x7ffffffffffffe68
2583000: system.cpu: T0 : 0x14144    : sd s10, 88(a0)             : MemWrite :  D=0x0000000000000000 A=0x7ffffffffffffe70
2583500: system.cpu: T0 : 0x14148    : sd s11, 96(a0)             : MemWrite :  D=0x0000000000000000 A=0x7ffffffffffffe78
2584000: system.cpu: T0 : 0x1414c    : sd sp, 104(a0)             : MemWrite :  D=0x7ffffffffffffdf0 A=0x7ffffffffffffe80
2584500: system.cpu: T0 : 0x14150    : c_fsd fs0, 112(a0)         : FloatMemWrite :  D=0x0000000000000000 A=0x7ffffffffffffe88
2585000: system.cpu: T0 : 0x14152    : c_fsd fs1, 120(a0)         : FloatMemWrite :  D=0x0000000000000000 A=0x7ffffffffffffe90
2585500: system.cpu: T0 : 0x14154    : fsd fs2, 128(a0)           : FloatMemWrite :  D=0x0000000000000000 A=0x7ffffffffffffe98
2586000: system.cpu: T0 : 0x14158    : fsd fs3, 136(a0)           : FloatMemWrite :  D=0x0000000000000000 A=0x7ffffffffffffea0
2586500: system.cpu: T0 : 0x1415c    : fsd fs4, 144(a0)           : FloatMemWrite :  D=0x0000000000000000 A=0x7ffffffffffffea8
2587000: system.cpu: T0 : 0x14160    : fsd fs5, 152(a0)           : FloatMemWrite :  D=0x0000000000000000 A=0x7ffffffffffffeb0
2587500: system.cpu: T0 : 0x14164    : fsd fs6, 160(a0)           : FloatMemWrite :  D=0x0000000000000000 A=0x7ffffffffffffeb8
2588000: system.cpu: T0 : 0x14168    : fsd fs7, 168(a0)           : FloatMemWrite :  D=0x0000000000000000 A=0x7ffffffffffffec0
2588500: system.cpu: T0 : 0x1416c    : fsd fs8, 176(a0)           : FloatMemWrite :  D=0x0000000000000000 A=0x7ffffffffffffec8
2589000: system.cpu: T0 : 0x14170    : fsd fs9, 184(a0)           : FloatMemWrite :  D=0x0000000000000000 A=0x7ffffffffffffed0
2589500: system.cpu: T0 : 0x14174    : fsd fs10, 192(a0)          : FloatMemWrite :  D=0x0000000000000000 A=0x7ffffffffffffed8
2590000: system.cpu: T0 : 0x14178    : fsd fs11, 200(a0)          : FloatMemWrite :  D=0x0000000000000000 A=0x7ffffffffffffee0
2590500: system.cpu: T0 : 0x1417c    : jal zero, 4                : IntAlu :  D=0x0000000000014180
2591000: system.cpu: T0 : 0x14180    : c_addi sp, -16             : IntAlu :  D=0x7ffffffffffffde0
2591500: system.cpu: T0 : 0x14182    : c_sdsp s0, 0(sp)           : MemWrite :  D=0x0000000000010a18 A=0x7ffffffffffffde0
2592000: system.cpu: T0 : 0x14184    : c_sdsp ra, 8(sp)           : MemWrite :  D=0x00000000000106be A=0x7ffffffffffffde8
2592500: system.cpu: T0 : 0x14186    : c_mv s0, a0                : IntAlu :  D=0x7ffffffffffffe18
2593000: system.cpu: T0 : 0x14188    : c_bnez a1, 16              : IntAlu : 
2593500: system.cpu: T0 : 0x1418a    : c_ldsp ra, 8(sp)           : MemRead :  D=0x00000000000106be A=0x7ffffffffffffde8
2594000: system.cpu: T0 : 0x1418c    : sw a1, 208(s0)             : MemWrite :  D=0x0000000000000000 A=0x7ffffffffffffee8
2594500: system.cpu: T0 : 0x14190    : c_ldsp s0, 0(sp)           : MemRead :  D=0x0000000000010a18 A=0x7ffffffffffffde0
2595000: system.cpu: T0 : 0x14192    : c_li a0, 0                 : IntAlu :  D=0x0000000000000000
2595500: system.cpu: T0 : 0x14194    : c_addi sp, 16              : IntAlu :  D=0x7ffffffffffffdf0
2596000: system.cpu: T0 : 0x14196    : c_jr ra                    : IntAlu : 
2596500: system.cpu: T0 : 0x106be    : c_bnez a0, 166             : IntAlu : 
2597000: system.cpu: T0 : 0x106c0    : ld a3, -1552(tp)           : MemRead :  D=0x0000000000000000 A=0x72100
2597500: system.cpu: T0 : 0x106c4    : ld a4, -1560(tp)           : MemRead :  D=0x0000000000000000 A=0x720f8
2598000: system.cpu: T0 : 0x106c8    : ld a2, -1360(gp)           : MemRead :  D=0x7fffffffffffff48 A=0x70ae8
2598500: system.cpu: T0 : 0x106cc    : c_ldsp a1, 16(sp)          : MemRead :  D=0x7fffffffffffff38 A=0x7ffffffffffffe00
2599000: system.cpu: T0 : 0x106ce    : c_ldsp a0, 8(sp)           : MemRead :  D=0x0000000000000001 A=0x7ffffffffffffdf8
2599500: system.cpu: T0 : 0x106d0    : c_ldsp a5, 24(sp)          : MemRead :  D=0x00000000000104d0 A=0x7ffffffffffffe08
2600000: system.cpu: T0 : 0x106d2    : c_sdsp a4, 264(sp)         : MemWrite :  D=0x0000000000000000 A=0x7ffffffffffffef8
2600500: system.cpu: T0 : 0x106d4    : c_sdsp a3, 256(sp)         : MemWrite :  D=0x0000000000000000 A=0x7ffffffffffffef0
2601000: system.cpu: T0 : 0x106d6    : c_addi4spn a4, sp, 40      : IntAlu :  D=0x7ffffffffffffe18
2601500: system.cpu: T0 : 0x106d8    : sd a4, -1552(tp)           : MemWrite :  D=0x7ffffffffffffe18 A=0x72100
2602000: system.cpu: T0 : 0x106dc    : c_jalr a5                  : IntAlu :  D=0x00000000000106de
2602500: system.cpu: T0 : 0x104d0    : c_addi sp, -32             : IntAlu :  D=0x7ffffffffffffdd0
2603000: system.cpu: T0 : 0x104d2    : c_sdsp ra, 24(sp)          : MemWrite :  D=0x00000000000106de A=0x7ffffffffffffde8
2603500: system.cpu: T0 : 0x104d4    : c_sdsp s0, 16(sp)          : MemWrite :  D=0x0000000000010a18 A=0x7ffffffffffffde0
2604000: system.cpu: T0 : 0x104d6    : c_addi4spn s0, sp, 32      : IntAlu :  D=0x7ffffffffffffdf0
2604500: system.cpu: T0 : 0x104d8    : c_li a5, 10                : IntAlu :  D=0x000000000000000a
2605500: system.cpu: T0 : 0x104da    : sw a5, -20(s0)             : MemWrite :  D=0x000000000000000a A=0x7ffffffffffffddc
2606500: system.cpu: T0 : 0x104de    : sw zero, -24(s0)           : MemWrite :  D=0x0000000000000000 A=0x7ffffffffffffdd8
2607000: system.cpu: T0 : 0x104e2    : c_j 78                     : IntAlu : 
2607500: system.cpu: T0 : 0x10530    : lw a4, -24(s0)             : MemRead :  D=0x0000000000000000 A=0x7ffffffffffffdd8
2608000: system.cpu: T0 : 0x10534    : lw a5, -20(s0)             : MemRead :  D=0x000000000000000a A=0x7ffffffffffffddc
2608500: system.cpu: T0 : 0x10538    : c_addiw a4, 0              : IntAlu :  D=0x0000000000000000
2609000: system.cpu: T0 : 0x1053a    : c_addiw a5, 0              : IntAlu :  D=0x000000000000000a
2609500: system.cpu: T0 : 0x1053c    : blt a4, a5, -88            : IntAlu : 
2610000: system.cpu: T0 : 0x104e4    : auipc a5, 96               : IntAlu :  D=0x00000000000704e4
2610500: system.cpu: T0 : 0x104e8    : ld a5, 844(a5)             : MemRead :  D=0x0000000000071969 A=0x70830
2611000: system.cpu: T0 : 0x104ec    : lbu a5, 0(a5)              : MemRead :  D=0x0000000000000000 A=0x71969
2611500: system.cpu: T0 : 0x104f0    : sb a5, -25(s0)             : MemWrite :  D=0x0000000000000000 A=0x7ffffffffffffdd7
2612000: system.cpu: T0 : 0x104f4    : lw a5, -24(s0)             : MemRead :  D=0x0000000000000000 A=0x7ffffffffffffdd8
2612500: system.cpu: T0 : 0x104f8    : addiw a4, a5, 0            : IntAlu :  D=0x0000000000000000
2613000: system.cpu: T0 : 0x104fc    : c_li a5, 4                 : IntAlu :  D=0x0000000000000004
2614000: system.cpu: T0 : 0x104fe    : blt a5, a4, 40             : IntAlu : 
2615000: system.cpu: T0 : 0x10502    : lbu a5, -25(s0)            : MemRead :  D=0x0000000000000000 A=0x7ffffffffffffdd7
2615500: system.cpu: T0 : 0x10506    : c_andi a5, 15              : IntAlu :  D=0x0000000000000000
2616000: system.cpu: T0 : 0x10508    : sb a5, -25(s0)             : MemWrite :  D=0x0000000000000000 A=0x7ffffffffffffdd7
2616500: system.cpu: T0 : 0x1050c    : lbu a5, -25(s0)            : MemRead :  D=0x0000000000000000 A=0x7ffffffffffffdd7
2617000: system.cpu: T0 : 0x10510    : c_mv a0, a5                : IntAlu :  D=0x0000000000000000
2618000: system.cpu: T0 : 0x10512    : jal ra, -226               : IntAlu :  D=0x0000000000010516
2618500: system.cpu: T0 : 0x10430    : c_addi sp, -32             : IntAlu :  D=0x7ffffffffffffdb0
2619000: system.cpu: T0 : 0x10432    : c_sdsp s0, 24(sp)          : MemWrite :  D=0x7ffffffffffffdf0 A=0x7ffffffffffffdc8
2619500: system.cpu: T0 : 0x10434    : c_addi4spn s0, sp, 32      : IntAlu :  D=0x7ffffffffffffdd0
2620000: system.cpu: T0 : 0x10436    : c_mv a5, a0                : IntAlu :  D=0x0000000000000000
2620500: system.cpu: T0 : 0x10438    : sb a5, -17(s0)             : MemWrite :  D=0x0000000000000000 A=0x7ffffffffffffdbf
2621000: system.cpu: T0 : 0x1043c    : lbu a5, -17(s0)            : MemRead :  D=0x0000000000000000 A=0x7ffffffffffffdbf
2621500: system.cpu: T0 : 0x10440    : c_addiw a5, 0              : IntAlu :  D=0x0000000000000000
2622000: system.cpu: T0 : 0x10442    : c_mv a3, a5                : IntAlu :  D=0x0000000000000000
2622500: system.cpu: T0 : 0x10444    : c_li a4, 15                : IntAlu :  D=0x000000000000000f
2623500: system.cpu: T0 : 0x10446    : bltu a4, a3, 128           : IntAlu : 
2624500: system.cpu: T0 : 0x1044a    : slli a4, a5, 2             : IntAlu :  D=0x0000000000000000
2625500: system.cpu: T0 : 0x1044e    : auipc a5, 61               : IntAlu :  D=0x000000000004d44e
2626500: system.cpu: T0 : 0x10452    : addi a5, a5, 18            : IntAlu :  D=0x000000000004d460
2627000: system.cpu: T0 : 0x10456    : c_add a5, a4               : IntAlu :  D=0x000000000004d460
2627500: system.cpu: T0 : 0x10458    : c_lw a5, 0(a5)             : MemRead :  D=0xfffffffffffc300a A=0x4d460
2628500: system.cpu: T0 : 0x1045a    : addiw a4, a5, 0            : IntAlu :  D=0xfffffffffffc300a
2629500: system.cpu: T0 : 0x1045e    : auipc a5, 61               : IntAlu :  D=0x000000000004d45e
2630500: system.cpu: T0 : 0x10462    : addi a5, a5, 2             : IntAlu :  D=0x000000000004d460
2631000: system.cpu: T0 : 0x10466    : c_add a5, a4               : IntAlu :  D=0x000000000001046a
2631500: system.cpu: T0 : 0x10468    : c_jr a5                    : IntAlu : 
2632000: system.cpu: T0 : 0x1046a    : c_li a5, 0                 : IntAlu :  D=0x0000000000000000
2632500: system.cpu: T0 : 0x1046c    : c_j 92                     : IntAlu : 
2633000: system.cpu: T0 : 0x104c8    : c_mv a0, a5                : IntAlu :  D=0x0000000000000000
2633500: system.cpu: T0 : 0x104ca    : c_ldsp s0, 24(sp)          : MemRead :  D=0x7ffffffffffffdf0 A=0x7ffffffffffffdc8
2634000: system.cpu: T0 : 0x104cc    : c_addi16sp sp, 32          : IntAlu :  D=0x7ffffffffffffdd0
2634500: system.cpu: T0 : 0x104ce    : c_jr ra                    : IntAlu : 
2635000: system.cpu: T0 : 0x10516    : c_mv a5, a0                : IntAlu :  D=0x0000000000000000
2635500: system.cpu: T0 : 0x10518    : c_mv a4, a5                : IntAlu :  D=0x0000000000000000
2636500: system.cpu: T0 : 0x1051a    : auipc a5, 96               : IntAlu :  D=0x000000000007051a
2637500: system.cpu: T0 : 0x1051e    : ld a5, 774(a5)             : MemRead :  D=0x0000000000071968 A=0x70820
2638500: system.cpu: T0 : 0x10522    : sb a4, 0(a5)               : MemWrite :  D=0x0000000000000000 A=0x71968
2639500: system.cpu: T0 : 0x10526    : lw a5, -24(s0)             : MemRead :  D=0x0000000000000000 A=0x7ffffffffffffdd8
2640000: system.cpu: T0 : 0x1052a    : c_addiw a5, 1              : IntAlu :  D=0x0000000000000001
2640500: system.cpu: T0 : 0x1052c    : sw a5, -24(s0)             : MemWrite :  D=0x0000000000000001 A=0x7ffffffffffffdd8
2641000: system.cpu: T0 : 0x10530    : lw a4, -24(s0)             : MemRead :  D=0x0000000000000001 A=0x7ffffffffffffdd8
2641500: system.cpu: T0 : 0x10534    : lw a5, -20(s0)             : MemRead :  D=0x000000000000000a A=0x7ffffffffffffddc
2642000: system.cpu: T0 : 0x10538    : c_addiw a4, 0              : IntAlu :  D=0x0000000000000001
2642500: system.cpu: T0 : 0x1053a    : c_addiw a5, 0              : IntAlu :  D=0x000000000000000a
2643000: system.cpu: T0 : 0x1053c    : blt a4, a5, -88            : IntAlu : 
2643500: system.cpu: T0 : 0x104e4    : auipc a5, 96               : IntAlu :  D=0x00000000000704e4
2644000: system.cpu: T0 : 0x104e8    : ld a5, 844(a5)             : MemRead :  D=0x0000000000071969 A=0x70830
2644500: system.cpu: T0 : 0x104ec    : lbu a5, 0(a5)              : MemRead :  D=0x0000000000000000 A=0x71969
2645000: system.cpu: T0 : 0x104f0    : sb a5, -25(s0)             : MemWrite :  D=0x0000000000000000 A=0x7ffffffffffffdd7
2645500: system.cpu: T0 : 0x104f4    : lw a5, -24(s0)             : MemRead :  D=0x0000000000000001 A=0x7ffffffffffffdd8
2646000: system.cpu: T0 : 0x104f8    : addiw a4, a5, 0            : IntAlu :  D=0x0000000000000001
2646500: system.cpu: T0 : 0x104fc    : c_li a5, 4                 : IntAlu :  D=0x0000000000000004
2647500: system.cpu: T0 : 0x104fe    : blt a5, a4, 40             : IntAlu : 
2648500: system.cpu: T0 : 0x10502    : lbu a5, -25(s0)            : MemRead :  D=0x0000000000000000 A=0x7ffffffffffffdd7
2649000: system.cpu: T0 : 0x10506    : c_andi a5, 15              : IntAlu :  D=0x0000000000000000
2649500: system.cpu: T0 : 0x10508    : sb a5, -25(s0)             : MemWrite :  D=0x0000000000000000 A=0x7ffffffffffffdd7
2650000: system.cpu: T0 : 0x1050c    : lbu a5, -25(s0)            : MemRead :  D=0x0000000000000000 A=0x7ffffffffffffdd7
2650500: system.cpu: T0 : 0x10510    : c_mv a0, a5                : IntAlu :  D=0x0000000000000000
2651500: system.cpu: T0 : 0x10512    : jal ra, -226               : IntAlu :  D=0x0000000000010516
2652000: system.cpu: T0 : 0x10430    : c_addi sp, -32             : IntAlu :  D=0x7ffffffffffffdb0
2652500: system.cpu: T0 : 0x10432    : c_sdsp s0, 24(sp)          : MemWrite :  D=0x7ffffffffffffdf0 A=0x7ffffffffffffdc8
2653000: system.cpu: T0 : 0x10434    : c_addi4spn s0, sp, 32      : IntAlu :  D=0x7ffffffffffffdd0
2653500: system.cpu: T0 : 0x10436    : c_mv a5, a0                : IntAlu :  D=0x0000000000000000
2654000: system.cpu: T0 : 0x10438    : sb a5, -17(s0)             : MemWrite :  D=0x0000000000000000 A=0x7ffffffffffffdbf
2654500: system.cpu: T0 : 0x1043c    : lbu a5, -17(s0)            : MemRead :  D=0x0000000000000000 A=0x7ffffffffffffdbf
2655000: system.cpu: T0 : 0x10440    : c_addiw a5, 0              : IntAlu :  D=0x0000000000000000
2655500: system.cpu: T0 : 0x10442    : c_mv a3, a5                : IntAlu :  D=0x0000000000000000
2656000: system.cpu: T0 : 0x10444    : c_li a4, 15                : IntAlu :  D=0x000000000000000f
2657000: system.cpu: T0 : 0x10446    : bltu a4, a3, 128           : IntAlu : 
2658000: system.cpu: T0 : 0x1044a    : slli a4, a5, 2             : IntAlu :  D=0x0000000000000000
2659000: system.cpu: T0 : 0x1044e    : auipc a5, 61               : IntAlu :  D=0x000000000004d44e
2660000: system.cpu: T0 : 0x10452    : addi a5, a5, 18            : IntAlu :  D=0x000000000004d460
2660500: system.cpu: T0 : 0x10456    : c_add a5, a4               : IntAlu :  D=0x000000000004d460
2661000: system.cpu: T0 : 0x10458    : c_lw a5, 0(a5)             : MemRead :  D=0xfffffffffffc300a A=0x4d460
2662000: system.cpu: T0 : 0x1045a    : addiw a4, a5, 0            : IntAlu :  D=0xfffffffffffc300a
2663000: system.cpu: T0 : 0x1045e    : auipc a5, 61               : IntAlu :  D=0x000000000004d45e
2664000: system.cpu: T0 : 0x10462    : addi a5, a5, 2             : IntAlu :  D=0x000000000004d460
2664500: system.cpu: T0 : 0x10466    : c_add a5, a4               : IntAlu :  D=0x000000000001046a
2665000: system.cpu: T0 : 0x10468    : c_jr a5                    : IntAlu : 
2665500: system.cpu: T0 : 0x1046a    : c_li a5, 0                 : IntAlu :  D=0x0000000000000000
2666000: system.cpu: T0 : 0x1046c    : c_j 92                     : IntAlu : 
2666500: system.cpu: T0 : 0x104c8    : c_mv a0, a5                : IntAlu :  D=0x0000000000000000
2667000: system.cpu: T0 : 0x104ca    : c_ldsp s0, 24(sp)          : MemRead :  D=0x7ffffffffffffdf0 A=0x7ffffffffffffdc8
2667500: system.cpu: T0 : 0x104cc    : c_addi16sp sp, 32          : IntAlu :  D=0x7ffffffffffffdd0
2668000: system.cpu: T0 : 0x104ce    : c_jr ra                    : IntAlu : 
2668500: system.cpu: T0 : 0x10516    : c_mv a5, a0                : IntAlu :  D=0x0000000000000000
2669000: system.cpu: T0 : 0x10518    : c_mv a4, a5                : IntAlu :  D=0x0000000000000000
2670000: system.cpu: T0 : 0x1051a    : auipc a5, 96               : IntAlu :  D=0x000000000007051a
2671000: system.cpu: T0 : 0x1051e    : ld a5, 774(a5)             : MemRead :  D=0x0000000000071968 A=0x70820
2672000: system.cpu: T0 : 0x10522    : sb a4, 0(a5)               : MemWrite :  D=0x0000000000000000 A=0x71968
2673000: system.cpu: T0 : 0x10526    : lw a5, -24(s0)             : MemRead :  D=0x0000000000000001 A=0x7ffffffffffffdd8
2673500: system.cpu: T0 : 0x1052a    : c_addiw a5, 1              : IntAlu :  D=0x0000000000000002
2674000: system.cpu: T0 : 0x1052c    : sw a5, -24(s0)             : MemWrite :  D=0x0000000000000002 A=0x7ffffffffffffdd8
2674500: system.cpu: T0 : 0x10530    : lw a4, -24(s0)             : MemRead :  D=0x0000000000000002 A=0x7ffffffffffffdd8
2675000: system.cpu: T0 : 0x10534    : lw a5, -20(s0)             : MemRead :  D=0x000000000000000a A=0x7ffffffffffffddc
2675500: system.cpu: T0 : 0x10538    : c_addiw a4, 0              : IntAlu :  D=0x0000000000000002
2676000: system.cpu: T0 : 0x1053a    : c_addiw a5, 0              : IntAlu :  D=0x000000000000000a
2676500: system.cpu: T0 : 0x1053c    : blt a4, a5, -88            : IntAlu : 
2677000: system.cpu: T0 : 0x104e4    : auipc a5, 96               : IntAlu :  D=0x00000000000704e4
2677500: system.cpu: T0 : 0x104e8    : ld a5, 844(a5)             : MemRead :  D=0x0000000000071969 A=0x70830
2678000: system.cpu: T0 : 0x104ec    : lbu a5, 0(a5)              : MemRead :  D=0x0000000000000000 A=0x71969
2678500: system.cpu: T0 : 0x104f0    : sb a5, -25(s0)             : MemWrite :  D=0x0000000000000000 A=0x7ffffffffffffdd7
2679000: system.cpu: T0 : 0x104f4    : lw a5, -24(s0)             : MemRead :  D=0x0000000000000002 A=0x7ffffffffffffdd8
2679500: system.cpu: T0 : 0x104f8    : addiw a4, a5, 0            : IntAlu :  D=0x0000000000000002
2680000: system.cpu: T0 : 0x104fc    : c_li a5, 4                 : IntAlu :  D=0x0000000000000004
2681000: system.cpu: T0 : 0x104fe    : blt a5, a4, 40             : IntAlu : 
2682000: system.cpu: T0 : 0x10502    : lbu a5, -25(s0)            : MemRead :  D=0x0000000000000000 A=0x7ffffffffffffdd7
2682500: system.cpu: T0 : 0x10506    : c_andi a5, 15              : IntAlu :  D=0x0000000000000000
2683000: system.cpu: T0 : 0x10508    : sb a5, -25(s0)             : MemWrite :  D=0x0000000000000000 A=0x7ffffffffffffdd7
2683500: system.cpu: T0 : 0x1050c    : lbu a5, -25(s0)            : MemRead :  D=0x0000000000000000 A=0x7ffffffffffffdd7
2684000: system.cpu: T0 : 0x10510    : c_mv a0, a5                : IntAlu :  D=0x0000000000000000
2685000: system.cpu: T0 : 0x10512    : jal ra, -226               : IntAlu :  D=0x0000000000010516
2685500: system.cpu: T0 : 0x10430    : c_addi sp, -32             : IntAlu :  D=0x7ffffffffffffdb0
2686000: system.cpu: T0 : 0x10432    : c_sdsp s0, 24(sp)          : MemWrite :  D=0x7ffffffffffffdf0 A=0x7ffffffffffffdc8
2686500: system.cpu: T0 : 0x10434    : c_addi4spn s0, sp, 32      : IntAlu :  D=0x7ffffffffffffdd0
2687000: system.cpu: T0 : 0x10436    : c_mv a5, a0                : IntAlu :  D=0x0000000000000000
2687500: system.cpu: T0 : 0x10438    : sb a5, -17(s0)             : MemWrite :  D=0x0000000000000000 A=0x7ffffffffffffdbf
2688000: system.cpu: T0 : 0x1043c    : lbu a5, -17(s0)            : MemRead :  D=0x0000000000000000 A=0x7ffffffffffffdbf
2688500: system.cpu: T0 : 0x10440    : c_addiw a5, 0              : IntAlu :  D=0x0000000000000000
2689000: system.cpu: T0 : 0x10442    : c_mv a3, a5                : IntAlu :  D=0x0000000000000000
2689500: system.cpu: T0 : 0x10444    : c_li a4, 15                : IntAlu :  D=0x000000000000000f
2690500: system.cpu: T0 : 0x10446    : bltu a4, a3, 128           : IntAlu : 
2691500: system.cpu: T0 : 0x1044a    : slli a4, a5, 2             : IntAlu :  D=0x0000000000000000
2692500: system.cpu: T0 : 0x1044e    : auipc a5, 61               : IntAlu :  D=0x000000000004d44e
2693500: system.cpu: T0 : 0x10452    : addi a5, a5, 18            : IntAlu :  D=0x000000000004d460
2694000: system.cpu: T0 : 0x10456    : c_add a5, a4               : IntAlu :  D=0x000000000004d460
2694500: system.cpu: T0 : 0x10458    : c_lw a5, 0(a5)             : MemRead :  D=0xfffffffffffc300a A=0x4d460
2695500: system.cpu: T0 : 0x1045a    : addiw a4, a5, 0            : IntAlu :  D=0xfffffffffffc300a
2696500: system.cpu: T0 : 0x1045e    : auipc a5, 61               : IntAlu :  D=0x000000000004d45e
2697500: system.cpu: T0 : 0x10462    : addi a5, a5, 2             : IntAlu :  D=0x000000000004d460
2698000: system.cpu: T0 : 0x10466    : c_add a5, a4               : IntAlu :  D=0x000000000001046a
2698500: system.cpu: T0 : 0x10468    : c_jr a5                    : IntAlu : 
2699000: system.cpu: T0 : 0x1046a    : c_li a5, 0                 : IntAlu :  D=0x0000000000000000
2699500: system.cpu: T0 : 0x1046c    : c_j 92                     : IntAlu : 
2700000: system.cpu: T0 : 0x104c8    : c_mv a0, a5                : IntAlu :  D=0x0000000000000000
2700500: system.cpu: T0 : 0x104ca    : c_ldsp s0, 24(sp)          : MemRead :  D=0x7ffffffffffffdf0 A=0x7ffffffffffffdc8
2701000: system.cpu: T0 : 0x104cc    : c_addi16sp sp, 32          : IntAlu :  D=0x7ffffffffffffdd0
2701500: system.cpu: T0 : 0x104ce    : c_jr ra                    : IntAlu : 
2702000: system.cpu: T0 : 0x10516    : c_mv a5, a0                : IntAlu :  D=0x0000000000000000
2702500: system.cpu: T0 : 0x10518    : c_mv a4, a5                : IntAlu :  D=0x0000000000000000
2703500: system.cpu: T0 : 0x1051a    : auipc a5, 96               : IntAlu :  D=0x000000000007051a
2704500: system.cpu: T0 : 0x1051e    : ld a5, 774(a5)             : MemRead :  D=0x0000000000071968 A=0x70820
2705500: system.cpu: T0 : 0x10522    : sb a4, 0(a5)               : MemWrite :  D=0x0000000000000000 A=0x71968
2706500: system.cpu: T0 : 0x10526    : lw a5, -24(s0)             : MemRead :  D=0x0000000000000002 A=0x7ffffffffffffdd8
2707000: system.cpu: T0 : 0x1052a    : c_addiw a5, 1              : IntAlu :  D=0x0000000000000003
2707500: system.cpu: T0 : 0x1052c    : sw a5, -24(s0)             : MemWrite :  D=0x0000000000000003 A=0x7ffffffffffffdd8
2708000: system.cpu: T0 : 0x10530    : lw a4, -24(s0)             : MemRead :  D=0x0000000000000003 A=0x7ffffffffffffdd8
2708500: system.cpu: T0 : 0x10534    : lw a5, -20(s0)             : MemRead :  D=0x000000000000000a A=0x7ffffffffffffddc
2709000: system.cpu: T0 : 0x10538    : c_addiw a4, 0              : IntAlu :  D=0x0000000000000003
2709500: system.cpu: T0 : 0x1053a    : c_addiw a5, 0              : IntAlu :  D=0x000000000000000a
2710000: system.cpu: T0 : 0x1053c    : blt a4, a5, -88            : IntAlu : 
2710500: system.cpu: T0 : 0x104e4    : auipc a5, 96               : IntAlu :  D=0x00000000000704e4
2711000: system.cpu: T0 : 0x104e8    : ld a5, 844(a5)             : MemRead :  D=0x0000000000071969 A=0x70830
2711500: system.cpu: T0 : 0x104ec    : lbu a5, 0(a5)              : MemRead :  D=0x0000000000000000 A=0x71969
2712000: system.cpu: T0 : 0x104f0    : sb a5, -25(s0)             : MemWrite :  D=0x0000000000000000 A=0x7ffffffffffffdd7
2712500: system.cpu: T0 : 0x104f4    : lw a5, -24(s0)             : MemRead :  D=0x0000000000000003 A=0x7ffffffffffffdd8
2713000: system.cpu: T0 : 0x104f8    : addiw a4, a5, 0            : IntAlu :  D=0x0000000000000003
2713500: system.cpu: T0 : 0x104fc    : c_li a5, 4                 : IntAlu :  D=0x0000000000000004
2714500: system.cpu: T0 : 0x104fe    : blt a5, a4, 40             : IntAlu : 
2715500: system.cpu: T0 : 0x10502    : lbu a5, -25(s0)            : MemRead :  D=0x0000000000000000 A=0x7ffffffffffffdd7
2716000: system.cpu: T0 : 0x10506    : c_andi a5, 15              : IntAlu :  D=0x0000000000000000
2716500: system.cpu: T0 : 0x10508    : sb a5, -25(s0)             : MemWrite :  D=0x0000000000000000 A=0x7ffffffffffffdd7
2717000: system.cpu: T0 : 0x1050c    : lbu a5, -25(s0)            : MemRead :  D=0x0000000000000000 A=0x7ffffffffffffdd7
2717500: system.cpu: T0 : 0x10510    : c_mv a0, a5                : IntAlu :  D=0x0000000000000000
2718500: system.cpu: T0 : 0x10512    : jal ra, -226               : IntAlu :  D=0x0000000000010516
2719000: system.cpu: T0 : 0x10430    : c_addi sp, -32             : IntAlu :  D=0x7ffffffffffffdb0
2719500: system.cpu: T0 : 0x10432    : c_sdsp s0, 24(sp)          : MemWrite :  D=0x7ffffffffffffdf0 A=0x7ffffffffffffdc8
2720000: system.cpu: T0 : 0x10434    : c_addi4spn s0, sp, 32      : IntAlu :  D=0x7ffffffffffffdd0
2720500: system.cpu: T0 : 0x10436    : c_mv a5, a0                : IntAlu :  D=0x0000000000000000
2721000: system.cpu: T0 : 0x10438    : sb a5, -17(s0)             : MemWrite :  D=0x0000000000000000 A=0x7ffffffffffffdbf
2721500: system.cpu: T0 : 0x1043c    : lbu a5, -17(s0)            : MemRead :  D=0x0000000000000000 A=0x7ffffffffffffdbf
2722000: system.cpu: T0 : 0x10440    : c_addiw a5, 0              : IntAlu :  D=0x0000000000000000
2722500: system.cpu: T0 : 0x10442    : c_mv a3, a5                : IntAlu :  D=0x0000000000000000
2723000: system.cpu: T0 : 0x10444    : c_li a4, 15                : IntAlu :  D=0x000000000000000f
2724000: system.cpu: T0 : 0x10446    : bltu a4, a3, 128           : IntAlu : 
2725000: system.cpu: T0 : 0x1044a    : slli a4, a5, 2             : IntAlu :  D=0x0000000000000000
2726000: system.cpu: T0 : 0x1044e    : auipc a5, 61               : IntAlu :  D=0x000000000004d44e
2727000: system.cpu: T0 : 0x10452    : addi a5, a5, 18            : IntAlu :  D=0x000000000004d460
2727500: system.cpu: T0 : 0x10456    : c_add a5, a4               : IntAlu :  D=0x000000000004d460
2728000: system.cpu: T0 : 0x10458    : c_lw a5, 0(a5)             : MemRead :  D=0xfffffffffffc300a A=0x4d460
2729000: system.cpu: T0 : 0x1045a    : addiw a4, a5, 0            : IntAlu :  D=0xfffffffffffc300a
2730000: system.cpu: T0 : 0x1045e    : auipc a5, 61               : IntAlu :  D=0x000000000004d45e
2731000: system.cpu: T0 : 0x10462    : addi a5, a5, 2             : IntAlu :  D=0x000000000004d460
2731500: system.cpu: T0 : 0x10466    : c_add a5, a4               : IntAlu :  D=0x000000000001046a
2732000: system.cpu: T0 : 0x10468    : c_jr a5                    : IntAlu : 
2732500: system.cpu: T0 : 0x1046a    : c_li a5, 0                 : IntAlu :  D=0x0000000000000000
2733000: system.cpu: T0 : 0x1046c    : c_j 92                     : IntAlu : 
2733500: system.cpu: T0 : 0x104c8    : c_mv a0, a5                : IntAlu :  D=0x0000000000000000
2734000: system.cpu: T0 : 0x104ca    : c_ldsp s0, 24(sp)          : MemRead :  D=0x7ffffffffffffdf0 A=0x7ffffffffffffdc8
2734500: system.cpu: T0 : 0x104cc    : c_addi16sp sp, 32          : IntAlu :  D=0x7ffffffffffffdd0
2735000: system.cpu: T0 : 0x104ce    : c_jr ra                    : IntAlu : 
2735500: system.cpu: T0 : 0x10516    : c_mv a5, a0                : IntAlu :  D=0x0000000000000000
2736000: system.cpu: T0 : 0x10518    : c_mv a4, a5                : IntAlu :  D=0x0000000000000000
2737000: system.cpu: T0 : 0x1051a    : auipc a5, 96               : IntAlu :  D=0x000000000007051a
2738000: system.cpu: T0 : 0x1051e    : ld a5, 774(a5)             : MemRead :  D=0x0000000000071968 A=0x70820
2739000: system.cpu: T0 : 0x10522    : sb a4, 0(a5)               : MemWrite :  D=0x0000000000000000 A=0x71968
2740000: system.cpu: T0 : 0x10526    : lw a5, -24(s0)             : MemRead :  D=0x0000000000000003 A=0x7ffffffffffffdd8
2740500: system.cpu: T0 : 0x1052a    : c_addiw a5, 1              : IntAlu :  D=0x0000000000000004
2741000: system.cpu: T0 : 0x1052c    : sw a5, -24(s0)             : MemWrite :  D=0x0000000000000004 A=0x7ffffffffffffdd8
2741500: system.cpu: T0 : 0x10530    : lw a4, -24(s0)             : MemRead :  D=0x0000000000000004 A=0x7ffffffffffffdd8
2742000: system.cpu: T0 : 0x10534    : lw a5, -20(s0)             : MemRead :  D=0x000000000000000a A=0x7ffffffffffffddc
2742500: system.cpu: T0 : 0x10538    : c_addiw a4, 0              : IntAlu :  D=0x0000000000000004
2743000: system.cpu: T0 : 0x1053a    : c_addiw a5, 0              : IntAlu :  D=0x000000000000000a
2743500: system.cpu: T0 : 0x1053c    : blt a4, a5, -88            : IntAlu : 
2744000: system.cpu: T0 : 0x104e4    : auipc a5, 96               : IntAlu :  D=0x00000000000704e4
2744500: system.cpu: T0 : 0x104e8    : ld a5, 844(a5)             : MemRead :  D=0x0000000000071969 A=0x70830
2745000: system.cpu: T0 : 0x104ec    : lbu a5, 0(a5)              : MemRead :  D=0x0000000000000000 A=0x71969
2745500: system.cpu: T0 : 0x104f0    : sb a5, -25(s0)             : MemWrite :  D=0x0000000000000000 A=0x7ffffffffffffdd7
2746000: system.cpu: T0 : 0x104f4    : lw a5, -24(s0)             : MemRead :  D=0x0000000000000004 A=0x7ffffffffffffdd8
2746500: system.cpu: T0 : 0x104f8    : addiw a4, a5, 0            : IntAlu :  D=0x0000000000000004
2747000: system.cpu: T0 : 0x104fc    : c_li a5, 4                 : IntAlu :  D=0x0000000000000004
2748000: system.cpu: T0 : 0x104fe    : blt a5, a4, 40             : IntAlu : 
2749000: system.cpu: T0 : 0x10502    : lbu a5, -25(s0)            : MemRead :  D=0x0000000000000000 A=0x7ffffffffffffdd7
2749500: system.cpu: T0 : 0x10506    : c_andi a5, 15              : IntAlu :  D=0x0000000000000000
2750000: system.cpu: T0 : 0x10508    : sb a5, -25(s0)             : MemWrite :  D=0x0000000000000000 A=0x7ffffffffffffdd7
2750500: system.cpu: T0 : 0x1050c    : lbu a5, -25(s0)            : MemRead :  D=0x0000000000000000 A=0x7ffffffffffffdd7
2751000: system.cpu: T0 : 0x10510    : c_mv a0, a5                : IntAlu :  D=0x0000000000000000
2752000: system.cpu: T0 : 0x10512    : jal ra, -226               : IntAlu :  D=0x0000000000010516
2752500: system.cpu: T0 : 0x10430    : c_addi sp, -32             : IntAlu :  D=0x7ffffffffffffdb0
2753000: system.cpu: T0 : 0x10432    : c_sdsp s0, 24(sp)          : MemWrite :  D=0x7ffffffffffffdf0 A=0x7ffffffffffffdc8
2753500: system.cpu: T0 : 0x10434    : c_addi4spn s0, sp, 32      : IntAlu :  D=0x7ffffffffffffdd0
2754000: system.cpu: T0 : 0x10436    : c_mv a5, a0                : IntAlu :  D=0x0000000000000000
2754500: system.cpu: T0 : 0x10438    : sb a5, -17(s0)             : MemWrite :  D=0x0000000000000000 A=0x7ffffffffffffdbf
2755000: system.cpu: T0 : 0x1043c    : lbu a5, -17(s0)            : MemRead :  D=0x0000000000000000 A=0x7ffffffffffffdbf
2755500: system.cpu: T0 : 0x10440    : c_addiw a5, 0              : IntAlu :  D=0x0000000000000000
2756000: system.cpu: T0 : 0x10442    : c_mv a3, a5                : IntAlu :  D=0x0000000000000000
2756500: system.cpu: T0 : 0x10444    : c_li a4, 15                : IntAlu :  D=0x000000000000000f
2757500: system.cpu: T0 : 0x10446    : bltu a4, a3, 128           : IntAlu : 
2758500: system.cpu: T0 : 0x1044a    : slli a4, a5, 2             : IntAlu :  D=0x0000000000000000
2759500: system.cpu: T0 : 0x1044e    : auipc a5, 61               : IntAlu :  D=0x000000000004d44e
2760500: system.cpu: T0 : 0x10452    : addi a5, a5, 18            : IntAlu :  D=0x000000000004d460
2761000: system.cpu: T0 : 0x10456    : c_add a5, a4               : IntAlu :  D=0x000000000004d460
2761500: system.cpu: T0 : 0x10458    : c_lw a5, 0(a5)             : MemRead :  D=0xfffffffffffc300a A=0x4d460
2762500: system.cpu: T0 : 0x1045a    : addiw a4, a5, 0            : IntAlu :  D=0xfffffffffffc300a
2763500: system.cpu: T0 : 0x1045e    : auipc a5, 61               : IntAlu :  D=0x000000000004d45e
2764500: system.cpu: T0 : 0x10462    : addi a5, a5, 2             : IntAlu :  D=0x000000000004d460
2765000: system.cpu: T0 : 0x10466    : c_add a5, a4               : IntAlu :  D=0x000000000001046a
2765500: system.cpu: T0 : 0x10468    : c_jr a5                    : IntAlu : 
2766000: system.cpu: T0 : 0x1046a    : c_li a5, 0                 : IntAlu :  D=0x0000000000000000
2766500: system.cpu: T0 : 0x1046c    : c_j 92                     : IntAlu : 
2767000: system.cpu: T0 : 0x104c8    : c_mv a0, a5                : IntAlu :  D=0x0000000000000000
2767500: system.cpu: T0 : 0x104ca    : c_ldsp s0, 24(sp)          : MemRead :  D=0x7ffffffffffffdf0 A=0x7ffffffffffffdc8
2768000: system.cpu: T0 : 0x104cc    : c_addi16sp sp, 32          : IntAlu :  D=0x7ffffffffffffdd0
2768500: system.cpu: T0 : 0x104ce    : c_jr ra                    : IntAlu : 
2769000: system.cpu: T0 : 0x10516    : c_mv a5, a0                : IntAlu :  D=0x0000000000000000
2769500: system.cpu: T0 : 0x10518    : c_mv a4, a5                : IntAlu :  D=0x0000000000000000
2770500: system.cpu: T0 : 0x1051a    : auipc a5, 96               : IntAlu :  D=0x000000000007051a
2771500: system.cpu: T0 : 0x1051e    : ld a5, 774(a5)             : MemRead :  D=0x0000000000071968 A=0x70820
2772500: system.cpu: T0 : 0x10522    : sb a4, 0(a5)               : MemWrite :  D=0x0000000000000000 A=0x71968
2773500: system.cpu: T0 : 0x10526    : lw a5, -24(s0)             : MemRead :  D=0x0000000000000004 A=0x7ffffffffffffdd8
2774000: system.cpu: T0 : 0x1052a    : c_addiw a5, 1              : IntAlu :  D=0x0000000000000005
2774500: system.cpu: T0 : 0x1052c    : sw a5, -24(s0)             : MemWrite :  D=0x0000000000000005 A=0x7ffffffffffffdd8
2775000: system.cpu: T0 : 0x10530    : lw a4, -24(s0)             : MemRead :  D=0x0000000000000005 A=0x7ffffffffffffdd8
2775500: system.cpu: T0 : 0x10534    : lw a5, -20(s0)             : MemRead :  D=0x000000000000000a A=0x7ffffffffffffddc
2776000: system.cpu: T0 : 0x10538    : c_addiw a4, 0              : IntAlu :  D=0x0000000000000005
2776500: system.cpu: T0 : 0x1053a    : c_addiw a5, 0              : IntAlu :  D=0x000000000000000a
2777000: system.cpu: T0 : 0x1053c    : blt a4, a5, -88            : IntAlu : 
2777500: system.cpu: T0 : 0x104e4    : auipc a5, 96               : IntAlu :  D=0x00000000000704e4
2778000: system.cpu: T0 : 0x104e8    : ld a5, 844(a5)             : MemRead :  D=0x0000000000071969 A=0x70830
2778500: system.cpu: T0 : 0x104ec    : lbu a5, 0(a5)              : MemRead :  D=0x0000000000000000 A=0x71969
2779000: system.cpu: T0 : 0x104f0    : sb a5, -25(s0)             : MemWrite :  D=0x0000000000000000 A=0x7ffffffffffffdd7
2779500: system.cpu: T0 : 0x104f4    : lw a5, -24(s0)             : MemRead :  D=0x0000000000000005 A=0x7ffffffffffffdd8
2780000: system.cpu: T0 : 0x104f8    : addiw a4, a5, 0            : IntAlu :  D=0x0000000000000005
2780500: system.cpu: T0 : 0x104fc    : c_li a5, 4                 : IntAlu :  D=0x0000000000000004
2781500: system.cpu: T0 : 0x104fe    : blt a5, a4, 40             : IntAlu : 
2782500: system.cpu: T0 : 0x10526    : lw a5, -24(s0)             : MemRead :  D=0x0000000000000005 A=0x7ffffffffffffdd8
2783000: system.cpu: T0 : 0x1052a    : c_addiw a5, 1              : IntAlu :  D=0x0000000000000006
2783500: system.cpu: T0 : 0x1052c    : sw a5, -24(s0)             : MemWrite :  D=0x0000000000000006 A=0x7ffffffffffffdd8
2784000: system.cpu: T0 : 0x10530    : lw a4, -24(s0)             : MemRead :  D=0x0000000000000006 A=0x7ffffffffffffdd8
2784500: system.cpu: T0 : 0x10534    : lw a5, -20(s0)             : MemRead :  D=0x000000000000000a A=0x7ffffffffffffddc
2785000: system.cpu: T0 : 0x10538    : c_addiw a4, 0              : IntAlu :  D=0x0000000000000006
2785500: system.cpu: T0 : 0x1053a    : c_addiw a5, 0              : IntAlu :  D=0x000000000000000a
2786000: system.cpu: T0 : 0x1053c    : blt a4, a5, -88            : IntAlu : 
2786500: system.cpu: T0 : 0x104e4    : auipc a5, 96               : IntAlu :  D=0x00000000000704e4
2787000: system.cpu: T0 : 0x104e8    : ld a5, 844(a5)             : MemRead :  D=0x0000000000071969 A=0x70830
2787500: system.cpu: T0 : 0x104ec    : lbu a5, 0(a5)              : MemRead :  D=0x0000000000000000 A=0x71969
2788000: system.cpu: T0 : 0x104f0    : sb a5, -25(s0)             : MemWrite :  D=0x0000000000000000 A=0x7ffffffffffffdd7
2788500: system.cpu: T0 : 0x104f4    : lw a5, -24(s0)             : MemRead :  D=0x0000000000000006 A=0x7ffffffffffffdd8
2789000: system.cpu: T0 : 0x104f8    : addiw a4, a5, 0            : IntAlu :  D=0x0000000000000006
2789500: system.cpu: T0 : 0x104fc    : c_li a5, 4                 : IntAlu :  D=0x0000000000000004
2790500: system.cpu: T0 : 0x104fe    : blt a5, a4, 40             : IntAlu : 
2791500: system.cpu: T0 : 0x10526    : lw a5, -24(s0)             : MemRead :  D=0x0000000000000006 A=0x7ffffffffffffdd8
2792000: system.cpu: T0 : 0x1052a    : c_addiw a5, 1              : IntAlu :  D=0x0000000000000007
2792500: system.cpu: T0 : 0x1052c    : sw a5, -24(s0)             : MemWrite :  D=0x0000000000000007 A=0x7ffffffffffffdd8
2793000: system.cpu: T0 : 0x10530    : lw a4, -24(s0)             : MemRead :  D=0x0000000000000007 A=0x7ffffffffffffdd8
2793500: system.cpu: T0 : 0x10534    : lw a5, -20(s0)             : MemRead :  D=0x000000000000000a A=0x7ffffffffffffddc
2794000: system.cpu: T0 : 0x10538    : c_addiw a4, 0              : IntAlu :  D=0x0000000000000007
2794500: system.cpu: T0 : 0x1053a    : c_addiw a5, 0              : IntAlu :  D=0x000000000000000a
2795000: system.cpu: T0 : 0x1053c    : blt a4, a5, -88            : IntAlu : 
2795500: system.cpu: T0 : 0x104e4    : auipc a5, 96               : IntAlu :  D=0x00000000000704e4
2796000: system.cpu: T0 : 0x104e8    : ld a5, 844(a5)             : MemRead :  D=0x0000000000071969 A=0x70830
2796500: system.cpu: T0 : 0x104ec    : lbu a5, 0(a5)              : MemRead :  D=0x0000000000000000 A=0x71969
2797000: system.cpu: T0 : 0x104f0    : sb a5, -25(s0)             : MemWrite :  D=0x0000000000000000 A=0x7ffffffffffffdd7
2797500: system.cpu: T0 : 0x104f4    : lw a5, -24(s0)             : MemRead :  D=0x0000000000000007 A=0x7ffffffffffffdd8
2798000: system.cpu: T0 : 0x104f8    : addiw a4, a5, 0            : IntAlu :  D=0x0000000000000007
2798500: system.cpu: T0 : 0x104fc    : c_li a5, 4                 : IntAlu :  D=0x0000000000000004
2799500: system.cpu: T0 : 0x104fe    : blt a5, a4, 40             : IntAlu : 
2800500: system.cpu: T0 : 0x10526    : lw a5, -24(s0)             : MemRead :  D=0x0000000000000007 A=0x7ffffffffffffdd8
2801000: system.cpu: T0 : 0x1052a    : c_addiw a5, 1              : IntAlu :  D=0x0000000000000008
2801500: system.cpu: T0 : 0x1052c    : sw a5, -24(s0)             : MemWrite :  D=0x0000000000000008 A=0x7ffffffffffffdd8
2802000: system.cpu: T0 : 0x10530    : lw a4, -24(s0)             : MemRead :  D=0x0000000000000008 A=0x7ffffffffffffdd8
2802500: system.cpu: T0 : 0x10534    : lw a5, -20(s0)             : MemRead :  D=0x000000000000000a A=0x7ffffffffffffddc
2803000: system.cpu: T0 : 0x10538    : c_addiw a4, 0              : IntAlu :  D=0x0000000000000008
2803500: system.cpu: T0 : 0x1053a    : c_addiw a5, 0              : IntAlu :  D=0x000000000000000a
2804000: system.cpu: T0 : 0x1053c    : blt a4, a5, -88            : IntAlu : 
2804500: system.cpu: T0 : 0x104e4    : auipc a5, 96               : IntAlu :  D=0x00000000000704e4
2805000: system.cpu: T0 : 0x104e8    : ld a5, 844(a5)             : MemRead :  D=0x0000000000071969 A=0x70830
2805500: system.cpu: T0 : 0x104ec    : lbu a5, 0(a5)              : MemRead :  D=0x0000000000000000 A=0x71969
2806000: system.cpu: T0 : 0x104f0    : sb a5, -25(s0)             : MemWrite :  D=0x0000000000000000 A=0x7ffffffffffffdd7
2806500: system.cpu: T0 : 0x104f4    : lw a5, -24(s0)             : MemRead :  D=0x0000000000000008 A=0x7ffffffffffffdd8
2807000: system.cpu: T0 : 0x104f8    : addiw a4, a5, 0            : IntAlu :  D=0x0000000000000008
2807500: system.cpu: T0 : 0x104fc    : c_li a5, 4                 : IntAlu :  D=0x0000000000000004
2808500: system.cpu: T0 : 0x104fe    : blt a5, a4, 40             : IntAlu : 
2809500: system.cpu: T0 : 0x10526    : lw a5, -24(s0)             : MemRead :  D=0x0000000000000008 A=0x7ffffffffffffdd8
2810000: system.cpu: T0 : 0x1052a    : c_addiw a5, 1              : IntAlu :  D=0x0000000000000009
2810500: system.cpu: T0 : 0x1052c    : sw a5, -24(s0)             : MemWrite :  D=0x0000000000000009 A=0x7ffffffffffffdd8
2811000: system.cpu: T0 : 0x10530    : lw a4, -24(s0)             : MemRead :  D=0x0000000000000009 A=0x7ffffffffffffdd8
2811500: system.cpu: T0 : 0x10534    : lw a5, -20(s0)             : MemRead :  D=0x000000000000000a A=0x7ffffffffffffddc
2812000: system.cpu: T0 : 0x10538    : c_addiw a4, 0              : IntAlu :  D=0x0000000000000009
2812500: system.cpu: T0 : 0x1053a    : c_addiw a5, 0              : IntAlu :  D=0x000000000000000a
2813000: system.cpu: T0 : 0x1053c    : blt a4, a5, -88            : IntAlu : 
2813500: system.cpu: T0 : 0x104e4    : auipc a5, 96               : IntAlu :  D=0x00000000000704e4
2814000: system.cpu: T0 : 0x104e8    : ld a5, 844(a5)             : MemRead :  D=0x0000000000071969 A=0x70830
2814500: system.cpu: T0 : 0x104ec    : lbu a5, 0(a5)              : MemRead :  D=0x0000000000000000 A=0x71969
2815000: system.cpu: T0 : 0x104f0    : sb a5, -25(s0)             : MemWrite :  D=0x0000000000000000 A=0x7ffffffffffffdd7
2815500: system.cpu: T0 : 0x104f4    : lw a5, -24(s0)             : MemRead :  D=0x0000000000000009 A=0x7ffffffffffffdd8
2816000: system.cpu: T0 : 0x104f8    : addiw a4, a5, 0            : IntAlu :  D=0x0000000000000009
2816500: system.cpu: T0 : 0x104fc    : c_li a5, 4                 : IntAlu :  D=0x0000000000000004
2817500: system.cpu: T0 : 0x104fe    : blt a5, a4, 40             : IntAlu : 
2818500: system.cpu: T0 : 0x10526    : lw a5, -24(s0)             : MemRead :  D=0x0000000000000009 A=0x7ffffffffffffdd8
2819000: system.cpu: T0 : 0x1052a    : c_addiw a5, 1              : IntAlu :  D=0x000000000000000a
2819500: system.cpu: T0 : 0x1052c    : sw a5, -24(s0)             : MemWrite :  D=0x000000000000000a A=0x7ffffffffffffdd8
2820000: system.cpu: T0 : 0x10530    : lw a4, -24(s0)             : MemRead :  D=0x000000000000000a A=0x7ffffffffffffdd8
2820500: system.cpu: T0 : 0x10534    : lw a5, -20(s0)             : MemRead :  D=0x000000000000000a A=0x7ffffffffffffddc
2821000: system.cpu: T0 : 0x10538    : c_addiw a4, 0              : IntAlu :  D=0x000000000000000a
2821500: system.cpu: T0 : 0x1053a    : c_addiw a5, 0              : IntAlu :  D=0x000000000000000a
2822000: system.cpu: T0 : 0x1053c    : blt a4, a5, -88            : IntAlu : 
2822500: system.cpu: T0 : 0x10540    : c_li a5, 0                 : IntAlu :  D=0x0000000000000000
2823000: system.cpu: T0 : 0x10542    : c_mv a0, a5                : IntAlu :  D=0x0000000000000000
2823500: system.cpu: T0 : 0x10544    : c_ldsp ra, 24(sp)          : MemRead :  D=0x00000000000106de A=0x7ffffffffffffde8
2824000: system.cpu: T0 : 0x10546    : c_ldsp s0, 16(sp)          : MemRead :  D=0x0000000000010a18 A=0x7ffffffffffffde0
2824500: system.cpu: T0 : 0x10548    : c_addi16sp sp, 32          : IntAlu :  D=0x7ffffffffffffdf0
2825000: system.cpu: T0 : 0x1054a    : c_jr ra                    : IntAlu : 
2826000: system.cpu: T0 : 0x106de    : jal ra, 17142              : IntAlu :  D=0x00000000000106e2
2826500: system.cpu: T0 : 0x149d4    : c_addi sp, -16             : IntAlu :  D=0x7ffffffffffffde0
2827000: system.cpu: T0 : 0x149d6    : c_li a3, 1                 : IntAlu :  D=0x0000000000000001
2827500: system.cpu: T0 : 0x149d8    : c_li a2, 1                 : IntAlu :  D=0x0000000000000001
2828500: system.cpu: T0 : 0x149da    : addi a1, gp, -1936         : IntAlu :  D=0x00000000000708a8
2829000: system.cpu: T0 : 0x149de    : c_sdsp ra, 8(sp)           : MemWrite :  D=0x00000000000106e2 A=0x7ffffffffffffde8
2829500: system.cpu: T0 : 0x149e0    : jal ra, -468               : IntAlu :  D=0x00000000000149e4
2830000: system.cpu: T0 : 0x1480c    : c_addi16sp sp, -128        : IntAlu :  D=0x7ffffffffffffd60
2830500: system.cpu: T0 : 0x1480e    : c_sdsp s6, 64(sp)          : MemWrite :  D=0x0000000000000000 A=0x7ffffffffffffda0
2831000: system.cpu: T0 : 0x14810    : c_sdsp s7, 56(sp)          : MemWrite :  D=0x0000000000000000 A=0x7ffffffffffffd98
2831500: system.cpu: T0 : 0x14812    : c_sdsp ra, 120(sp)         : MemWrite :  D=0x00000000000149e4 A=0x7ffffffffffffdd8
2832000: system.cpu: T0 : 0x14814    : c_sdsp s0, 112(sp)         : MemWrite :  D=0x0000000000010a18 A=0x7ffffffffffffdd0
2832500: system.cpu: T0 : 0x14816    : c_sdsp s1, 104(sp)         : MemWrite :  D=0x0000000000010aa8 A=0x7ffffffffffffdc8
2833000: system.cpu: T0 : 0x14818    : c_sdsp s2, 96(sp)          : MemWrite :  D=0x0000000000000000 A=0x7ffffffffffffdc0
2833500: system.cpu: T0 : 0x1481a    : c_sdsp s3, 88(sp)          : MemWrite :  D=0x0000000000000000 A=0x7ffffffffffffdb8
2834000: system.cpu: T0 : 0x1481c    : c_sdsp s4, 80(sp)          : MemWrite :  D=0x0000000000000000 A=0x7ffffffffffffdb0
2834500: system.cpu: T0 : 0x1481e    : c_sdsp s5, 72(sp)          : MemWrite :  D=0x0000000000000000 A=0x7ffffffffffffda8
2835000: system.cpu: T0 : 0x14820    : c_sdsp s8, 48(sp)          : MemWrite :  D=0x0000000000000000 A=0x7ffffffffffffd90
2835500: system.cpu: T0 : 0x14822    : c_sdsp s9, 40(sp)          : MemWrite :  D=0x0000000000000000 A=0x7ffffffffffffd88
2836000: system.cpu: T0 : 0x14824    : c_sdsp s10, 32(sp)         : MemWrite :  D=0x0000000000000000 A=0x7ffffffffffffd80
2836500: system.cpu: T0 : 0x14826    : c_sdsp s11, 24(sp)         : MemWrite :  D=0x0000000000000000 A=0x7ffffffffffffd78
2837000: system.cpu: T0 : 0x14828    : addi a5, zero, 0           : IntAlu :  D=0x0000000000000000
2837500: system.cpu: T0 : 0x1482c    : c_sdsp a2, 8(sp)           : MemWrite :  D=0x0000000000000001 A=0x7ffffffffffffd68
2838000: system.cpu: T0 : 0x1482e    : c_mv s6, a0                : IntAlu :  D=0x0000000000000000
2838500: system.cpu: T0 : 0x14830    : c_mv s7, a1                : IntAlu :  D=0x00000000000708a8
2839000: system.cpu: T0 : 0x14832    : c_beqz a5, 6               : IntAlu : 
2839500: system.cpu: T0 : 0x14838    : lui s9, 114                : IntAlu :  D=0x0000000000072000
2840000: system.cpu: T0 : 0x1483c    : lui s11, 114               : IntAlu :  D=0x0000000000072000
2840500: system.cpu: T0 : 0x14840    : c_li s4, 0                 : IntAlu :  D=0x0000000000000000
2841000: system.cpu: T0 : 0x14842    : c_li s3, 1                 : IntAlu :  D=0x0000000000000001
2841500: system.cpu: T0 : 0x14844    : c_li a4, 1                 : IntAlu :  D=0x0000000000000001
2842500: system.cpu: T0 : 0x14846    : addi a3, s9, -584          : IntAlu :  D=0x0000000000071db8
2843500: system.cpu: T0 : 0x1484a    : lr_w a5, (a3)             
2843500: system.cpu: T0 : 0x1484a. 0 : lr_w a5, (a3)              : MemRead :  D=0x0000000000000000 A=0x71db8
2844000: system.cpu: T0 : 0x1484e    : c_bnez a5, 8               : IntAlu : 
2844500: system.cpu: T0 : 0x14850    : sc_w_aq a2, a4, (a3)      
2844500: system.cpu: T0 : 0x14850. 0 : sc_w a2, a4, (a3)          : MemWrite :  D=0x0000000000000000 A=0x71db8
2845000: system.cpu: T0 : 0x14850. 1 : 0x1ce6a62f fence           : No_OpClass : 
2845500: system.cpu: T0 : 0x14854    : c_bnez a2, -10             : IntAlu : 
2846000: system.cpu: T0 : 0x14856    : c_addiw a5, 0              : IntAlu :  D=0x0000000000000000
2846500: system.cpu: T0 : 0x14858    : bne a5, zero, 338          : IntAlu : 
2847000: system.cpu: T0 : 0x1485c    : ld s10, 0(s7)              : MemRead :  D=0x0000000000071150 A=0x708a8
2847500: system.cpu: T0 : 0x14860    : beq s10, zero, 152         : IntAlu : 
2848000: system.cpu: T0 : 0x14864    : c_li s5, 3                 : IntAlu :  D=0x0000000000000003
2848500: system.cpu: T0 : 0x14866    : c_li s2, 4                 : IntAlu :  D=0x0000000000000004
2849000: system.cpu: T0 : 0x14868    : c_li s1, 2                 : IntAlu :  D=0x0000000000000002
2849500: system.cpu: T0 : 0x1486a    : c_li s0, 1                 : IntAlu :  D=0x0000000000000001
2850000: system.cpu: T0 : 0x1486c    : c_j 34                     : IntAlu : 
2851000: system.cpu: T0 : 0x1488e    : ld a5, 8(s10)              : MemRead :  D=0x0000000000000001 A=0x71158
2851500: system.cpu: T0 : 0x14892    : c_beqz a5, 222             : IntAlu : 
2852000: system.cpu: T0 : 0x14894    : ld s8, -576(s11)           : MemRead :  D=0x0000000000000001 A=0x71dc0
2852500: system.cpu: T0 : 0x14898    : c_addi a5, -1              : IntAlu :  D=0x0000000000000000
2853500: system.cpu: T0 : 0x1489a    : sd a5, 8(s10)              : MemWrite :  D=0x0000000000000000 A=0x71158
2854000: system.cpu: T0 : 0x1489e    : c_mv a4, s4                : IntAlu :  D=0x0000000000000000
2854500: system.cpu: T0 : 0x148a0    : addi a3, s9, -584          : IntAlu :  D=0x0000000000071db8
2855000: system.cpu: T0 : 0x148a4    : fence iorw, ow             : No_OpClass : 
2855500: system.cpu: T0 : 0x148a8    : amoswap_w a4, a4, (a3)    
2855500: system.cpu: T0 : 0x148a8. 0 : amoswap_w[l] a4, a4, (a3)  : MemRead :  D=0x0000000000000001 A=0x71db8
2856000: system.cpu: T0 : 0x148ac    : c_addiw a4, 0              : IntAlu :  D=0x0000000000000001
2857000: system.cpu: T0 : 0x148ae    : blt s3, a4, 172            : IntAlu : 
2857500: system.cpu: T0 : 0x148b2    : c_slli a5, 5               : IntAlu :  D=0x0000000000000000
2858000: system.cpu: T0 : 0x148b4    : c_add a5, s10              : IntAlu :  D=0x0000000000071150
2858500: system.cpu: T0 : 0x148b6    : c_ld a4, 16(a5)            : MemRead :  D=0x0000000000000004 A=0x71160
2859000: system.cpu: T0 : 0x148b8    : beq a4, s5, 146            : IntAlu : 
2859500: system.cpu: T0 : 0x148bc    : bne a4, s2, -78            : IntAlu : 
2860000: system.cpu: T0 : 0x148c0    : c_ld a4, 24(a5)            : MemRead :  D=0x0000000000010aa8 A=0x71168
2860500: system.cpu: T0 : 0x148c2    : c_ld a0, 32(a5)            : MemRead :  D=0x0000000000000000 A=0x71170
2861000: system.cpu: T0 : 0x148c4    : sd zero, 16(a5)            : MemWrite :  D=0x0000000000000000 A=0x71160
2861500: system.cpu: T0 : 0x148c8    : c_mv a1, s6                : IntAlu :  D=0x0000000000000000
2862000: system.cpu: T0 : 0x148ca    : c_jalr a4                  : IntAlu :  D=0x00000000000148cc
2862500: system.cpu: T0 : 0x10aa8    : c_addi sp, -32             : IntAlu :  D=0x7ffffffffffffd40
2863000: system.cpu: T0 : 0x10aaa    : c_sdsp s0, 16(sp)          : MemWrite :  D=0x0000000000000001 A=0x7ffffffffffffd50
2863500: system.cpu: T0 : 0x10aac    : lui a5, 111                : IntAlu :  D=0x000000000006f000
2864000: system.cpu: T0 : 0x10ab0    : lui s0, 111                : IntAlu :  D=0x000000000006f000
2864500: system.cpu: T0 : 0x10ab4    : addi s0, s0, -1280         : IntAlu :  D=0x000000000006eb00
2865000: system.cpu: T0 : 0x10ab8    : addi a5, a5, -1264         : IntAlu :  D=0x000000000006eb10
2865500: system.cpu: T0 : 0x10abc    : c_sub a5, s0               : IntAlu :  D=0x0000000000000010
2866000: system.cpu: T0 : 0x10abe    : c_sdsp ra, 24(sp)          : MemWrite :  D=0x00000000000148cc A=0x7ffffffffffffd58
2866500: system.cpu: T0 : 0x10ac0    : c_sdsp s1, 8(sp)           : MemWrite :  D=0x0000000000000002 A=0x7ffffffffffffd48
2867000: system.cpu: T0 : 0x10ac2    : c_sdsp s2, 0(sp)           : MemWrite :  D=0x0000000000000004 A=0x7ffffffffffffd40
2867500: system.cpu: T0 : 0x10ac4    : srai a4, a5, 3             : IntAlu :  D=0x0000000000000002
2868000: system.cpu: T0 : 0x10ac8    : c_beqz a4, 24              : IntAlu : 
2868500: system.cpu: T0 : 0x10aca    : c_addi a5, -8              : IntAlu :  D=0x0000000000000008
2869000: system.cpu: T0 : 0x10acc    : addi s1, a4, -1            : IntAlu :  D=0x0000000000000001
2869500: system.cpu: T0 : 0x10ad0    : c_add s0, a5               : IntAlu :  D=0x000000000006eb08
2870000: system.cpu: T0 : 0x10ad2    : c_li s2, -1                : IntAlu :  D=0xffffffffffffffff
2870500: system.cpu: T0 : 0x10ad4    : c_ld a5, 0(s0)             : MemRead :  D=0x0000000000010340 A=0x6eb08
2871000: system.cpu: T0 : 0x10ad6    : c_addi s1, -1              : IntAlu :  D=0x0000000000000000
2871500: system.cpu: T0 : 0x10ad8    : c_addi s0, -8              : IntAlu :  D=0x000000000006eb00
2872000: system.cpu: T0 : 0x10ada    : c_jalr a5                  : IntAlu :  D=0x0000000000010adc
2872500: system.cpu: T0 : 0x10340    : addi a0, gp, 1616          : IntAlu :  D=0x0000000000071688
2873000: system.cpu: T0 : 0x10344    : jal zero, 209134           : IntAlu :  D=0x0000000000010348
2873500: system.cpu: T0 : 0x43432    : c_addi sp, -32             : IntAlu :  D=0x7ffffffffffffd20
2874000: system.cpu: T0 : 0x43434    : c_sdsp s1, 8(sp)           : MemWrite :  D=0x0000000000000000 A=0x7ffffffffffffd28
2874500: system.cpu: T0 : 0x43436    : c_ld s1, 0(a0)             : MemRead :  D=0x0000000000000000 A=0x71688
2875000: system.cpu: T0 : 0x43438    : c_sdsp ra, 24(sp)          : MemWrite :  D=0x0000000000010adc A=0x7ffffffffffffd38
2875500: system.cpu: T0 : 0x4343a    : c_sdsp s0, 16(sp)          : MemWrite :  D=0x000000000006eb00 A=0x7ffffffffffffd30
2876000: system.cpu: T0 : 0x4343c    : c_beqz s1, 20              : IntAlu : 
2876500: system.cpu: T0 : 0x43450    : c_ldsp ra, 24(sp)          : MemRead :  D=0x0000000000010adc A=0x7ffffffffffffd38
2877000: system.cpu: T0 : 0x43452    : c_ldsp s0, 16(sp)          : MemRead :  D=0x000000000006eb00 A=0x7ffffffffffffd30
2877500: system.cpu: T0 : 0x43454    : c_ldsp s1, 8(sp)           : MemRead :  D=0x0000000000000000 A=0x7ffffffffffffd28
2878000: system.cpu: T0 : 0x43456    : c_addi16sp sp, 32          : IntAlu :  D=0x7ffffffffffffd40
2878500: system.cpu: T0 : 0x43458    : c_jr ra                    : IntAlu : 
2879000: system.cpu: T0 : 0x10adc    : bne s1, s2, -8             : IntAlu : 
2879500: system.cpu: T0 : 0x10ad4    : c_ld a5, 0(s0)             : MemRead :  D=0x00000000000103d6 A=0x6eb00
2880000: system.cpu: T0 : 0x10ad6    : c_addi s1, -1              : IntAlu :  D=0xffffffffffffffff
2880500: system.cpu: T0 : 0x10ad8    : c_addi s0, -8              : IntAlu :  D=0x000000000006eaf8
2881000: system.cpu: T0 : 0x10ada    : c_jalr a5                  : IntAlu :  D=0x0000000000010adc
2881500: system.cpu: T0 : 0x103d6    : c_addi sp, -16             : IntAlu :  D=0x7ffffffffffffd30
2882000: system.cpu: T0 : 0x103d8    : c_sdsp s0, 0(sp)           : MemWrite :  D=0x000000000006eaf8 A=0x7ffffffffffffd30
2883000: system.cpu: T0 : 0x103da    : lbu a5, -1016(gp)          : MemRead :  D=0x0000000000000000 A=0x70c40
2883500: system.cpu: T0 : 0x103de    : c_sdsp ra, 8(sp)           : MemWrite :  D=0x0000000000010adc A=0x7ffffffffffffd38
2884000: system.cpu: T0 : 0x103e0    : c_bnez a5, 34              : IntAlu : 
2885000: system.cpu: T0 : 0x103e2    : jal ra, -96                : IntAlu :  D=0x00000000000103e6
2886000: system.cpu: T0 : 0x10382    : lui a0, 112                : IntAlu :  D=0x0000000000070000
2887000: system.cpu: T0 : 0x10386    : lui a4, 112                : IntAlu :  D=0x0000000000070000
2888000: system.cpu: T0 : 0x1038a    : addi a5, a0, 2032          : IntAlu :  D=0x00000000000707f0
2889000: system.cpu: T0 : 0x1038e    : addi a4, a4, 2032          : IntAlu :  D=0x00000000000707f0
2890000: system.cpu: T0 : 0x10392    : beq a4, a5, 18             : IntAlu : 
2890500: system.cpu: T0 : 0x103a4    : c_jr ra                    : IntAlu : 
2891500: system.cpu: T0 : 0x103e6    : lui a5, 76                 : IntAlu :  D=0x000000000004c000
2892500: system.cpu: T0 : 0x103ea    : addi a5, a5, 1692          : IntAlu :  D=0x000000000004c69c
2893000: system.cpu: T0 : 0x103ee    : c_beqz a5, 14              : IntAlu : 
2893500: system.cpu: T0 : 0x103f0    : lui a0, 106                : IntAlu :  D=0x000000000006a000
2894000: system.cpu: T0 : 0x103f4    : addi a0, a0, 576           : IntAlu :  D=0x000000000006a240
2894500: system.cpu: T0 : 0x103f8    : jal ra, 246436             : IntAlu :  D=0x00000000000103fc
2895000: system.cpu: T0 : 0x4c69c    : c_j -222                   : IntAlu : 
2895500: system.cpu: T0 : 0x4c5be    : c_addi sp, -32             : IntAlu :  D=0x7ffffffffffffd10
2896000: system.cpu: T0 : 0x4c5c0    : c_sdsp ra, 24(sp)          : MemWrite :  D=0x00000000000103fc A=0x7ffffffffffffd28
2896500: system.cpu: T0 : 0x4c5c2    : c_sdsp s0, 16(sp)          : MemWrite :  D=0x000000000006eaf8 A=0x7ffffffffffffd20
2897000: system.cpu: T0 : 0x4c5c4    : c_sdsp s1, 8(sp)           : MemWrite :  D=0xffffffffffffffff A=0x7ffffffffffffd18
2897500: system.cpu: T0 : 0x4c5c6    : c_sdsp s2, 0(sp)           : MemWrite :  D=0xffffffffffffffff A=0x7ffffffffffffd10
2898000: system.cpu: T0 : 0x4c5c8    : c_beqz a0, 160             : IntAlu : 
2898500: system.cpu: T0 : 0x4c5ca    : c_lw a5, 0(a0)             : MemRead :  D=0x000000000000001c A=0x6a240
2899000: system.cpu: T0 : 0x4c5cc    : c_mv s1, a0                : IntAlu :  D=0x000000000006a240
2899500: system.cpu: T0 : 0x4c5ce    : c_beqz a5, 154             : IntAlu : 
2900000: system.cpu: T0 : 0x4c5d0    : auipc s2, 36               : IntAlu :  D=0x00000000000705d0
2900500: system.cpu: T0 : 0x4c5d4    : ld s2, 568(s2)             : MemRead :  D=0x0000000000000000 A=0x70808
2901000: system.cpu: T0 : 0x4c5d8    : beq s2, zero, 22           : IntAlu : 
2902000: system.cpu: T0 : 0x4c5ee    : addi a2, gp, 1880          : IntAlu :  D=0x0000000000071790
2903000: system.cpu: T0 : 0x4c5f2    : ld a5, 448(a2)             : MemRead :  D=0x0000000000070c48 A=0x71950
2903500: system.cpu: T0 : 0x4c5f6    : c_beqz a5, 66              : IntAlu : 
2904000: system.cpu: T0 : 0x4c5f8    : auipc a3, 37               : IntAlu :  D=0x00000000000715f8
2904500: system.cpu: T0 : 0x4c5fc    : addi a3, a3, 856           : IntAlu :  D=0x0000000000071950
2905000: system.cpu: T0 : 0x4c600    : c_j 8                      : IntAlu : 
2905500: system.cpu: T0 : 0x4c608    : c_ld a4, 24(a5)            : MemRead :  D=0x000000000006a240 A=0x70c60
2906000: system.cpu: T0 : 0x4c60a    : c_mv s0, a5                : IntAlu :  D=0x0000000000070c48
2906500: system.cpu: T0 : 0x4c60c    : c_ld a5, 40(a5)            : MemRead :  D=0x0000000000000000 A=0x70c70
2907500: system.cpu: T0 : 0x4c60e    : bne s1, a4, -12            : IntAlu : 
2908000: system.cpu: T0 : 0x4c612    : c_sd a5, 0(a3)             : MemWrite :  D=0x0000000000000000 A=0x71950
2908500: system.cpu: T0 : 0x4c614    : beq s2, zero, 22           : IntAlu : 
2909000: system.cpu: T0 : 0x4c62a    : c_ldsp ra, 24(sp)          : MemRead :  D=0x00000000000103fc A=0x7ffffffffffffd28
2909500: system.cpu: T0 : 0x4c62c    : c_mv a0, s0                : IntAlu :  D=0x0000000000070c48
2910000: system.cpu: T0 : 0x4c62e    : c_ldsp s0, 16(sp)          : MemRead :  D=0x000000000006eaf8 A=0x7ffffffffffffd20
2910500: system.cpu: T0 : 0x4c630    : c_ldsp s1, 8(sp)           : MemRead :  D=0xffffffffffffffff A=0x7ffffffffffffd18
2911000: system.cpu: T0 : 0x4c632    : c_ldsp s2, 0(sp)           : MemRead :  D=0xffffffffffffffff A=0x7ffffffffffffd10
2911500: system.cpu: T0 : 0x4c634    : c_addi16sp sp, 32          : IntAlu :  D=0x7ffffffffffffd30
2912000: system.cpu: T0 : 0x4c636    : c_jr ra                    : IntAlu : 
2912500: system.cpu: T0 : 0x103fc    : c_li a5, 1                 : IntAlu :  D=0x0000000000000001
2913500: system.cpu: T0 : 0x103fe    : sb a5, -1016(gp)           : MemWrite :  D=0x0000000000000001 A=0x70c40
2914000: system.cpu: T0 : 0x10402    : c_ldsp ra, 8(sp)           : MemRead :  D=0x0000000000010adc A=0x7ffffffffffffd38
2914500: system.cpu: T0 : 0x10404    : c_ldsp s0, 0(sp)           : MemRead :  D=0x000000000006eaf8 A=0x7ffffffffffffd30
2915000: system.cpu: T0 : 0x10406    : c_addi sp, 16              : IntAlu :  D=0x7ffffffffffffd40
2915500: system.cpu: T0 : 0x10408    : c_jr ra                    : IntAlu : 
2916000: system.cpu: T0 : 0x10adc    : bne s1, s2, -8             : IntAlu : 
2916500: system.cpu: T0 : 0x10ae0    : c_ldsp ra, 24(sp)          : MemRead :  D=0x00000000000148cc A=0x7ffffffffffffd58
2917000: system.cpu: T0 : 0x10ae2    : c_ldsp s0, 16(sp)          : MemRead :  D=0x0000000000000001 A=0x7ffffffffffffd50
2917500: system.cpu: T0 : 0x10ae4    : c_ldsp s1, 8(sp)           : MemRead :  D=0x0000000000000002 A=0x7ffffffffffffd48
2918000: system.cpu: T0 : 0x10ae6    : c_ldsp s2, 0(sp)           : MemRead :  D=0x0000000000000004 A=0x7ffffffffffffd40
2918500: system.cpu: T0 : 0x10ae8    : c_addi16sp sp, 32          : IntAlu :  D=0x7ffffffffffffd60
2919000: system.cpu: T0 : 0x10aea    : c_jr ra                    : IntAlu : 
2919500: system.cpu: T0 : 0x148cc    : addi a4, s9, -584          : IntAlu :  D=0x0000000000071db8
2920000: system.cpu: T0 : 0x148d0    : lr_w a5, (a4)             
2920000: system.cpu: T0 : 0x148d0. 0 : lr_w a5, (a4)              : MemRead :  D=0x0000000000000000 A=0x71db8
2920500: system.cpu: T0 : 0x148d4    : c_bnez a5, 8               : IntAlu : 
2921500: system.cpu: T0 : 0x148d6    : sc_w_aq a3, s0, (a4)      
2921500: system.cpu: T0 : 0x148d6. 0 : sc_w a3, s0, (a4)          : MemWrite :  D=0x0000000000000000 A=0x71db8
2922000: system.cpu: T0 : 0x148d6. 1 : 0x1c8726af fence           : No_OpClass : 
2922500: system.cpu: T0 : 0x148da    : c_bnez a3, -10             : IntAlu : 
2923000: system.cpu: T0 : 0x148dc    : c_addiw a5, 0              : IntAlu :  D=0x0000000000000000
2923500: system.cpu: T0 : 0x148de    : c_beqz a5, -88             : IntAlu : 
2924500: system.cpu: T0 : 0x14886    : ld a5, -576(s11)           : MemRead :  D=0x0000000000000001 A=0x71dc0
2925500: system.cpu: T0 : 0x1488a    : bne a5, s8, 102            : IntAlu : 
2926500: system.cpu: T0 : 0x1488e    : ld a5, 8(s10)              : MemRead :  D=0x0000000000000000 A=0x71158
2927000: system.cpu: T0 : 0x14892    : c_beqz a5, 222             : IntAlu : 
2927500: system.cpu: T0 : 0x14970    : ld a5, 0(s10)              : MemRead :  D=0x0000000000000000 A=0x71150
2928000: system.cpu: T0 : 0x14974    : sd a5, 0(s7)               : MemWrite :  D=0x0000000000000000 A=0x708a8
2928500: system.cpu: T0 : 0x14978    : c_beqz a5, 8               : IntAlu : 
2929000: system.cpu: T0 : 0x14980    : c_mv a5, s4                : IntAlu :  D=0x0000000000000000
2930000: system.cpu: T0 : 0x14982    : addi a4, s9, -584          : IntAlu :  D=0x0000000000071db8
2931000: system.cpu: T0 : 0x14986    : fence iorw, ow             : No_OpClass : 
2932000: system.cpu: T0 : 0x1498a    : amoswap_w a5, a5, (a4)    
2932000: system.cpu: T0 : 0x1498a. 0 : amoswap_w[l] a5, a5, (a4)  : MemRead :  D=0x0000000000000001 A=0x71db8
2932500: system.cpu: T0 : 0x1498e    : c_addiw a5, 0              : IntAlu :  D=0x0000000000000001
2933000: system.cpu: T0 : 0x14990    : bge s3, a5, -332           : IntAlu : 
2933500: system.cpu: T0 : 0x14844    : c_li a4, 1                 : IntAlu :  D=0x0000000000000001
2934500: system.cpu: T0 : 0x14846    : addi a3, s9, -584          : IntAlu :  D=0x0000000000071db8
2935500: system.cpu: T0 : 0x1484a    : lr_w a5, (a3)             
2935500: system.cpu: T0 : 0x1484a. 0 : lr_w a5, (a3)              : MemRead :  D=0x0000000000000000 A=0x71db8
2936000: system.cpu: T0 : 0x1484e    : c_bnez a5, 8               : IntAlu : 
2936500: system.cpu: T0 : 0x14850    : sc_w_aq a2, a4, (a3)      
2936500: system.cpu: T0 : 0x14850. 0 : sc_w a2, a4, (a3)          : MemWrite :  D=0x0000000000000000 A=0x71db8
2937000: system.cpu: T0 : 0x14850. 1 : 0x1ce6a62f fence           : No_OpClass : 
2937500: system.cpu: T0 : 0x14854    : c_bnez a2, -10             : IntAlu : 
2938000: system.cpu: T0 : 0x14856    : c_addiw a5, 0              : IntAlu :  D=0x0000000000000000
2938500: system.cpu: T0 : 0x14858    : bne a5, zero, 338          : IntAlu : 
2939000: system.cpu: T0 : 0x1485c    : ld s10, 0(s7)              : MemRead :  D=0x0000000000000000 A=0x708a8
2939500: system.cpu: T0 : 0x14860    : beq s10, zero, 152         : IntAlu : 
2940000: system.cpu: T0 : 0x148f8    : c_li a4, 1                 : IntAlu :  D=0x0000000000000001
2941000: system.cpu: T0 : 0x148fa    : sb a4, -1476(gp)           : MemWrite :  D=0x0000000000000001 A=0x70a74
2941500: system.cpu: T0 : 0x148fe    : c_li a5, 0                 : IntAlu :  D=0x0000000000000000
2942000: system.cpu: T0 : 0x14900    : addi a4, s9, -584          : IntAlu :  D=0x0000000000071db8
2942500: system.cpu: T0 : 0x14904    : fence iorw, ow             : No_OpClass : 
2943000: system.cpu: T0 : 0x14908    : amoswap_w a5, a5, (a4)    
2943000: system.cpu: T0 : 0x14908. 0 : amoswap_w[l] a5, a5, (a4)  : MemRead :  D=0x0000000000000001 A=0x71db8
2943500: system.cpu: T0 : 0x1490c    : c_addiw a5, 0              : IntAlu :  D=0x0000000000000001
2944000: system.cpu: T0 : 0x1490e    : c_li a4, 1                 : IntAlu :  D=0x0000000000000001
2944500: system.cpu: T0 : 0x14910    : blt a4, a5, 174            : IntAlu : 
2945000: system.cpu: T0 : 0x14914    : c_ldsp a5, 8(sp)           : MemRead :  D=0x0000000000000001 A=0x7ffffffffffffd68
2945500: system.cpu: T0 : 0x14916    : c_beqz a5, 46              : IntAlu : 
2946000: system.cpu: T0 : 0x14918    : lui s0, 106                : IntAlu :  D=0x000000000006a000
2946500: system.cpu: T0 : 0x1491c    : lui a5, 106                : IntAlu :  D=0x000000000006a000
2947000: system.cpu: T0 : 0x14920    : addi s1, s0, 528           : IntAlu :  D=0x000000000006a210
2947500: system.cpu: T0 : 0x14924    : addi a5, a5, 536           : IntAlu :  D=0x000000000006a218
2948000: system.cpu: T0 : 0x14928    : bgeu s1, a5, 28            : IntAlu : 
2948500: system.cpu: T0 : 0x1492c    : c_addi a5, -1              : IntAlu :  D=0x000000000006a217
2949000: system.cpu: T0 : 0x1492e    : c_sub a5, s1               : IntAlu :  D=0x0000000000000007
2949500: system.cpu: T0 : 0x14930    : c_andi a5, 18446744073709551608 : IntAlu :  D=0x0000000000000000
2950000: system.cpu: T0 : 0x14932    : c_addi a5, 8               : IntAlu :  D=0x0000000000000008
2950500: system.cpu: T0 : 0x14934    : c_add s1, a5               : IntAlu :  D=0x000000000006a218
2951500: system.cpu: T0 : 0x14936    : addi s0, s0, 528           : IntAlu :  D=0x000000000006a210
2952000: system.cpu: T0 : 0x1493a    : c_ld a5, 0(s0)             : MemRead :  D=0x0000000000019866 A=0x6a210
2952500: system.cpu: T0 : 0x1493c    : c_addi s0, 8               : IntAlu :  D=0x000000000006a218
2953000: system.cpu: T0 : 0x1493e    : c_jalr a5                  : IntAlu :  D=0x0000000000014940
2953500: system.cpu: T0 : 0x19866    : c_addi16sp sp, -176        : IntAlu :  D=0x7ffffffffffffcb0
2954000: system.cpu: T0 : 0x19868    : c_sdsp s6, 112(sp)         : MemWrite :  D=0x0000000000000000 A=0x7ffffffffffffd20
2955000: system.cpu: T0 : 0x1986a    : lui s6, 111                : IntAlu :  D=0x000000000006f000
2956000: system.cpu: T0 : 0x1986e    : ld a5, -1264(s6)           : MemRead :  D=0x6f442f2e2e000000 A=0x6eb10
2956500: system.cpu: T0 : 0x19872    : c_sdsp s3, 136(sp)         : MemWrite :  D=0x0000000000000001 A=0x7ffffffffffffd38
2957000: system.cpu: T0 : 0x19874    : c_li a0, 0                 : IntAlu :  D=0x0000000000000000
2957500: system.cpu: T0 : 0x19876    : c_sdsp s5, 120(sp)         : MemWrite :  D=0x0000000000000003 A=0x7ffffffffffffd28
2958000: system.cpu: T0 : 0x19878    : c_sdsp ra, 168(sp)         : MemWrite :  D=0x0000000000014940 A=0x7ffffffffffffd58
2958500: system.cpu: T0 : 0x1987a    : c_sdsp s0, 160(sp)         : MemWrite :  D=0x000000000006a218 A=0x7ffffffffffffd50
2959000: system.cpu: T0 : 0x1987c    : c_sdsp s1, 152(sp)         : MemWrite :  D=0x000000000006a218 A=0x7ffffffffffffd48
2959500: system.cpu: T0 : 0x1987e    : c_sdsp s2, 144(sp)         : MemWrite :  D=0x0000000000000004 A=0x7ffffffffffffd40
2960000: system.cpu: T0 : 0x19880    : c_sdsp s4, 128(sp)         : MemWrite :  D=0x0000000000000000 A=0x7ffffffffffffd30
2960500: system.cpu: T0 : 0x19882    : c_sdsp s7, 104(sp)         : MemWrite :  D=0x00000000000708a8 A=0x7ffffffffffffd18
2961000: system.cpu: T0 : 0x19884    : c_sdsp s8, 96(sp)          : MemWrite :  D=0x0000000000000001 A=0x7ffffffffffffd10
2961500: system.cpu: T0 : 0x19886    : c_sdsp s9, 88(sp)          : MemWrite :  D=0x0000000000072000 A=0x7ffffffffffffd08
2962000: system.cpu: T0 : 0x19888    : c_sdsp s10, 80(sp)         : MemWrite :  D=0x0000000000000000 A=0x7ffffffffffffd00
2962500: system.cpu: T0 : 0x1988a    : c_sdsp s11, 72(sp)         : MemWrite :  D=0x0000000000072000 A=0x7ffffffffffffcf8
2963000: system.cpu: T0 : 0x1988c    : c_sdsp a5, 56(sp)          : MemWrite :  D=0x6f442f2e2e000000 A=0x7ffffffffffffce8
2964000: system.cpu: T0 : 0x1988e    : addi s3, zero, 0           : IntAlu :  D=0x0000000000000000
2965000: system.cpu: T0 : 0x19892    : jal ra, -556               : IntAlu :  D=0x0000000000019896
2965500: system.cpu: T0 : 0x19666    : c_addi16sp sp, -176        : IntAlu :  D=0x7ffffffffffffc00
2966000: system.cpu: T0 : 0x19668    : c_sdsp s5, 120(sp)         : MemWrite :  D=0x0000000000000003 A=0x7ffffffffffffc78
2967000: system.cpu: T0 : 0x1966a    : lui s5, 111                : IntAlu :  D=0x000000000006f000
2968000: system.cpu: T0 : 0x1966e    : ld a5, -1264(s5)           : MemRead :  D=0x6f442f2e2e000000 A=0x6eb10
2968500: system.cpu: T0 : 0x19672    : c_sdsp s3, 136(sp)         : MemWrite :  D=0x0000000000000000 A=0x7ffffffffffffc88
2969000: system.cpu: T0 : 0x19674    : c_sdsp s9, 88(sp)          : MemWrite :  D=0x0000000000072000 A=0x7ffffffffffffc58
2969500: system.cpu: T0 : 0x19676    : c_sdsp ra, 168(sp)         : MemWrite :  D=0x0000000000019896 A=0x7ffffffffffffca8
2970000: system.cpu: T0 : 0x19678    : c_sdsp s0, 160(sp)         : MemWrite :  D=0x000000000006a218 A=0x7ffffffffffffca0
2970500: system.cpu: T0 : 0x1967a    : c_sdsp s1, 152(sp)         : MemWrite :  D=0x000000000006a218 A=0x7ffffffffffffc98
2971000: system.cpu: T0 : 0x1967c    : c_sdsp s2, 144(sp)         : MemWrite :  D=0x0000000000000004 A=0x7ffffffffffffc90
2971500: system.cpu: T0 : 0x1967e    : c_sdsp s4, 128(sp)         : MemWrite :  D=0x0000000000000000 A=0x7ffffffffffffc80
2972000: system.cpu: T0 : 0x19680    : c_sdsp s6, 112(sp)         : MemWrite :  D=0x000000000006f000 A=0x7ffffffffffffc70
2972500: system.cpu: T0 : 0x19682    : c_sdsp s7, 104(sp)         : MemWrite :  D=0x00000000000708a8 A=0x7ffffffffffffc68
2973000: system.cpu: T0 : 0x19684    : c_sdsp s8, 96(sp)          : MemWrite :  D=0x0000000000000001 A=0x7ffffffffffffc60
2973500: system.cpu: T0 : 0x19686    : c_sdsp s10, 80(sp)         : MemWrite :  D=0x0000000000000000 A=0x7ffffffffffffc50
2974000: system.cpu: T0 : 0x19688    : c_sdsp s11, 72(sp)         : MemWrite :  D=0x0000000000072000 A=0x7ffffffffffffc48
2974500: system.cpu: T0 : 0x1968a    : c_sdsp a5, 56(sp)          : MemWrite :  D=0x6f442f2e2e000000 A=0x7ffffffffffffc38
2975000: system.cpu: T0 : 0x1968c    : addi s3, zero, 0           : IntAlu :  D=0x0000000000000000
2975500: system.cpu: T0 : 0x19690    : c_mv s9, a0                : IntAlu :  D=0x0000000000000000
2976500: system.cpu: T0 : 0x19692    : beq s3, zero, 428          : IntAlu : 
2977000: system.cpu: T0 : 0x1983e    : c_lui a5, 25               : IntAlu :  D=0x0000000000019000
2977500: system.cpu: T0 : 0x19840    : addi a5, a5, -1860         : IntAlu :  D=0x00000000000188bc
2978000: system.cpu: T0 : 0x19844    : c_sdsp a5, 24(sp)          : MemWrite :  D=0x00000000000188bc A=0x7ffffffffffffc18
2978500: system.cpu: T0 : 0x19846    : c_sdsp zero, 32(sp)        : MemWrite :  D=0x0000000000000000 A=0x7ffffffffffffc20
2979000: system.cpu: T0 : 0x19848    : c_j -416                   : IntAlu : 
2979500: system.cpu: T0 : 0x196a8    : addi s8, gp, 1320          : IntAlu :  D=0x0000000000071560
2980000: system.cpu: T0 : 0x196ac    : ld a5, 8(s8)               : MemRead :  D=0x0000000000000000 A=0x71568
2980500: system.cpu: T0 : 0x196b0    : addi s0, tp, -1808         : IntAlu :  D=0x0000000000072000
2981000: system.cpu: T0 : 0x196b4    : beq a5, s0, 28             : IntAlu : 
2981500: system.cpu: T0 : 0x196b8    : c_li a3, 1                 : IntAlu :  D=0x0000000000000001
2982500: system.cpu: T0 : 0x196ba    : lr_w a5, (s8)             
2982500: system.cpu: T0 : 0x196ba. 0 : lr_w a5, (s8)              : MemRead :  D=0x0000000000000000 A=0x71560
2983000: system.cpu: T0 : 0x196be    : c_bnez a5, 8               : IntAlu : 
2983500: system.cpu: T0 : 0x196c0    : sc_w_aq a4, a3, (s8)      
2983500: system.cpu: T0 : 0x196c0. 0 : sc_w a4, a3, (s8)          : MemWrite :  D=0x0000000000000000 A=0x71560
2984000: system.cpu: T0 : 0x196c0. 1 : 0x1cdc272f fence           : No_OpClass : 
2984500: system.cpu: T0 : 0x196c4    : c_bnez a4, -10             : IntAlu : 
2985000: system.cpu: T0 : 0x196c6    : c_addiw a5, 0              : IntAlu :  D=0x0000000000000000
2985500: system.cpu: T0 : 0x196c8    : bne a5, zero, 386          : IntAlu : 
2986000: system.cpu: T0 : 0x196cc    : sd s0, 8(s8)               : MemWrite :  D=0x0000000000072000 A=0x71568
2986500: system.cpu: T0 : 0x196d0    : lw a4, 4(s8)               : MemRead :  D=0x0000000000000000 A=0x71564
2987000: system.cpu: T0 : 0x196d4    : ld s0, -1920(gp)           : MemRead :  D=0x000000000006f000 A=0x708b8
2987500: system.cpu: T0 : 0x196d8    : addiw a3, a4, 1            : IntAlu :  D=0x0000000000000001
2988000: system.cpu: T0 : 0x196dc    : sw a3, 4(s8)               : MemWrite :  D=0x0000000000000001 A=0x71564
2988500: system.cpu: T0 : 0x196e0    : beq s0, zero, 382          : IntAlu : 
2989000: system.cpu: T0 : 0x196e4    : lui s1, 106                : IntAlu :  D=0x000000000006a000
2989500: system.cpu: T0 : 0x196e8    : lui s2, 106                : IntAlu :  D=0x000000000006a000
2990000: system.cpu: T0 : 0x196ec    : addi s2, s2, -984          : IntAlu :  D=0x0000000000069c28
2990500: system.cpu: T0 : 0x196f0    : addi s1, s1, 528           : IntAlu :  D=0x000000000006a210
2991000: system.cpu: T0 : 0x196f4    : c_li s4, 0                 : IntAlu :  D=0x0000000000000000
2991500: system.cpu: T0 : 0x196f6    : c_lui s11, 8               : IntAlu :  D=0x0000000000008000
2992000: system.cpu: T0 : 0x196f8    : c_li s6, 1                 : IntAlu :  D=0x0000000000000001
2993000: system.cpu: T0 : 0x196fa    : sub s1, s1, s2             : IntAlu :  D=0x00000000000005e8
2994000: system.cpu: T0 : 0x196fe    : sd s0, -1456(gp)           : MemWrite :  D=0x000000000006f000 A=0x70a88
2995000: system.cpu: T0 : 0x19702    : beq s9, zero, 54           : IntAlu : 
2995500: system.cpu: T0 : 0x19738    : lw a5, 192(s0)             : MemRead :  D=0x0000000000000000 A=0x6f0c0
2996000: system.cpu: T0 : 0x1973c    : bge zero, a5, 150          : IntAlu : 
2996500: system.cpu: T0 : 0x197d2    : c_ld a3, 40(s0)            : MemRead :  D=0x0000000000000000 A=0x6f028
2997000: system.cpu: T0 : 0x197d4    : c_ld a5, 32(s0)            : MemRead :  D=0x0000000000000000 A=0x6f020
2998000: system.cpu: T0 : 0x197d6    : bgeu a5, a3, -116          : IntAlu : 
2999000: system.cpu: T0 : 0x19762    : beq s9, zero, 28           : IntAlu : 
2999500: system.cpu: T0 : 0x1977e    : c_ld s0, 104(s0)           : MemRead :  D=0x000000000006f1c8 A=0x6f068
3000000: system.cpu: T0 : 0x19780    : sd zero, -1456(gp)         : MemWrite :  D=0x0000000000000000 A=0x70a88
3000500: system.cpu: T0 : 0x19784    : c_bnez s0, -134            : IntAlu : 
3001500: system.cpu: T0 : 0x196fe    : sd s0, -1456(gp)           : MemWrite :  D=0x000000000006f1c8 A=0x70a88
3002500: system.cpu: T0 : 0x19702    : beq s9, zero, 54           : IntAlu : 
3003000: system.cpu: T0 : 0x19738    : lw a5, 192(s0)             : MemRead :  D=0x0000000000000000 A=0x6f288
3003500: system.cpu: T0 : 0x1973c    : bge zero, a5, 150          : IntAlu : 
3004000: system.cpu: T0 : 0x197d2    : c_ld a3, 40(s0)            : MemRead :  D=0x0000000000000000 A=0x6f1f0
3004500: system.cpu: T0 : 0x197d4    : c_ld a5, 32(s0)            : MemRead :  D=0x0000000000000000 A=0x6f1e8
3005500: system.cpu: T0 : 0x197d6    : bgeu a5, a3, -116          : IntAlu : 
3006500: system.cpu: T0 : 0x19762    : beq s9, zero, 28           : IntAlu : 
3007000: system.cpu: T0 : 0x1977e    : c_ld s0, 104(s0)           : MemRead :  D=0x000000000006f390 A=0x6f230
3007500: system.cpu: T0 : 0x19780    : sd zero, -1456(gp)         : MemWrite :  D=0x0000000000000000 A=0x70a88
3008000: system.cpu: T0 : 0x19784    : c_bnez s0, -134            : IntAlu : 
3009000: system.cpu: T0 : 0x196fe    : sd s0, -1456(gp)           : MemWrite :  D=0x000000000006f390 A=0x70a88
3010000: system.cpu: T0 : 0x19702    : beq s9, zero, 54           : IntAlu : 
3010500: system.cpu: T0 : 0x19738    : lw a5, 192(s0)             : MemRead :  D=0x0000000000000000 A=0x6f450
3011000: system.cpu: T0 : 0x1973c    : bge zero, a5, 150          : IntAlu : 
3011500: system.cpu: T0 : 0x197d2    : c_ld a3, 40(s0)            : MemRead :  D=0x0000000000000000 A=0x6f3b8
3012000: system.cpu: T0 : 0x197d4    : c_ld a5, 32(s0)            : MemRead :  D=0x0000000000000000 A=0x6f3b0
3013000: system.cpu: T0 : 0x197d6    : bgeu a5, a3, -116          : IntAlu : 
3014000: system.cpu: T0 : 0x19762    : beq s9, zero, 28           : IntAlu : 
3014500: system.cpu: T0 : 0x1977e    : c_ld s0, 104(s0)           : MemRead :  D=0x0000000000000000 A=0x6f3f8
3015000: system.cpu: T0 : 0x19780    : sd zero, -1456(gp)         : MemWrite :  D=0x0000000000000000 A=0x70a88
3015500: system.cpu: T0 : 0x19784    : c_bnez s0, -134            : IntAlu : 
3016500: system.cpu: T0 : 0x19786    : lw a5, 4(s8)               : MemRead :  D=0x0000000000000001 A=0x71564
3017500: system.cpu: T0 : 0x1978a    : addiw a4, a5, -1           : IntAlu :  D=0x0000000000000000
3018500: system.cpu: T0 : 0x1978e    : sw a4, 4(s8)               : MemWrite :  D=0x0000000000000000 A=0x71564
3019000: system.cpu: T0 : 0x19792    : c_beqz a4, 128             : IntAlu : 
3020000: system.cpu: T0 : 0x19812    : sd zero, 8(s8)             : MemWrite :  D=0x0000000000000000 A=0x71568
3020500: system.cpu: T0 : 0x19816    : c_mv a5, a4                : IntAlu :  D=0x0000000000000000
3021000: system.cpu: T0 : 0x19818    : fence iorw, ow             : No_OpClass : 
3021500: system.cpu: T0 : 0x1981c    : amoswap_w a5, a5, (s8)    
3021500: system.cpu: T0 : 0x1981c. 0 : amoswap_w[l] a5, a5, (s8)  : MemRead :  D=0x0000000000000001 A=0x71560
3022000: system.cpu: T0 : 0x19820    : c_addiw a5, 0              : IntAlu :  D=0x0000000000000001
3022500: system.cpu: T0 : 0x19822    : c_li a4, 1                 : IntAlu :  D=0x0000000000000001
3023000: system.cpu: T0 : 0x19824    : bge a4, a5, -144           : IntAlu : 
3023500: system.cpu: T0 : 0x19794    : beq s3, zero, 16           : IntAlu : 
3024000: system.cpu: T0 : 0x197a4    : c_ldsp a4, 56(sp)          : MemRead :  D=0x6f442f2e2e000000 A=0x7ffffffffffffc38
3025000: system.cpu: T0 : 0x197a6    : ld a5, -1264(s5)           : MemRead :  D=0x6f442f2e2e000000 A=0x6eb10
3026000: system.cpu: T0 : 0x197aa    : bne a4, a5, 184            : IntAlu : 
3026500: system.cpu: T0 : 0x197ae    : c_ldsp ra, 168(sp)         : MemRead :  D=0x0000000000019896 A=0x7ffffffffffffca8
3027000: system.cpu: T0 : 0x197b0    : c_ldsp s0, 160(sp)         : MemRead :  D=0x000000000006a218 A=0x7ffffffffffffca0
3027500: system.cpu: T0 : 0x197b2    : c_ldsp s1, 152(sp)         : MemRead :  D=0x000000000006a218 A=0x7ffffffffffffc98
3028000: system.cpu: T0 : 0x197b4    : c_ldsp s2, 144(sp)         : MemRead :  D=0x0000000000000004 A=0x7ffffffffffffc90
3028500: system.cpu: T0 : 0x197b6    : c_ldsp s3, 136(sp)         : MemRead :  D=0x0000000000000000 A=0x7ffffffffffffc88
3029000: system.cpu: T0 : 0x197b8    : c_ldsp s5, 120(sp)         : MemRead :  D=0x0000000000000003 A=0x7ffffffffffffc78
3029500: system.cpu: T0 : 0x197ba    : c_ldsp s6, 112(sp)         : MemRead :  D=0x000000000006f000 A=0x7ffffffffffffc70
3030000: system.cpu: T0 : 0x197bc    : c_ldsp s7, 104(sp)         : MemRead :  D=0x00000000000708a8 A=0x7ffffffffffffc68
3030500: system.cpu: T0 : 0x197be    : c_ldsp s8, 96(sp)          : MemRead :  D=0x0000000000000001 A=0x7ffffffffffffc60
3031000: system.cpu: T0 : 0x197c0    : c_ldsp s9, 88(sp)          : MemRead :  D=0x0000000000072000 A=0x7ffffffffffffc58
3031500: system.cpu: T0 : 0x197c2    : c_ldsp s10, 80(sp)         : MemRead :  D=0x0000000000000000 A=0x7ffffffffffffc50
3032000: system.cpu: T0 : 0x197c4    : c_ldsp s11, 72(sp)         : MemRead :  D=0x0000000000072000 A=0x7ffffffffffffc48
3032500: system.cpu: T0 : 0x197c6    : c_mv a0, s4                : IntAlu :  D=0x0000000000000000
3033000: system.cpu: T0 : 0x197c8    : c_ldsp s4, 128(sp)         : MemRead :  D=0x0000000000000000 A=0x7ffffffffffffc80
3033500: system.cpu: T0 : 0x197ca    : c_addi16sp sp, 176         : IntAlu :  D=0x7ffffffffffffcb0
3034000: system.cpu: T0 : 0x197cc    : c_jr ra                    : IntAlu : 
3034500: system.cpu: T0 : 0x19896    : c_mv s5, a0                : IntAlu :  D=0x0000000000000000
3035000: system.cpu: T0 : 0x19898    : beq s3, zero, 482          : IntAlu : 
3035500: system.cpu: T0 : 0x19a7a    : c_lui a5, 25               : IntAlu :  D=0x0000000000019000
3036000: system.cpu: T0 : 0x19a7c    : addi a5, a5, -1860         : IntAlu :  D=0x00000000000188bc
3036500: system.cpu: T0 : 0x19a80    : c_sdsp a5, 24(sp)          : MemWrite :  D=0x00000000000188bc A=0x7ffffffffffffcc8
3037000: system.cpu: T0 : 0x19a82    : c_sdsp zero, 32(sp)        : MemWrite :  D=0x0000000000000000 A=0x7ffffffffffffcd0
3037500: system.cpu: T0 : 0x19a84    : c_j -470                   : IntAlu : 
3038500: system.cpu: T0 : 0x198ae    : addi s1, gp, 1320          : IntAlu :  D=0x0000000000071560
3039000: system.cpu: T0 : 0x198b2    : c_ld a5, 8(s1)             : MemRead :  D=0x0000000000000000 A=0x71568
3039500: system.cpu: T0 : 0x198b4    : addi s0, tp, -1808         : IntAlu :  D=0x0000000000072000
3040000: system.cpu: T0 : 0x198b8    : beq s0, a5, 26             : IntAlu : 
3040500: system.cpu: T0 : 0x198bc    : c_li a4, 1                 : IntAlu :  D=0x0000000000000001
3041500: system.cpu: T0 : 0x198be    : lr_w a5, (s1)             
3041500: system.cpu: T0 : 0x198be. 0 : lr_w a5, (s1)              : MemRead :  D=0x0000000000000000 A=0x71560
3042000: system.cpu: T0 : 0x198c2    : c_bnez a5, 8               : IntAlu : 
3042500: system.cpu: T0 : 0x198c4    : sc_w_aq a3, a4, (s1)      
3042500: system.cpu: T0 : 0x198c4. 0 : sc_w a3, a4, (s1)          : MemWrite :  D=0x0000000000000000 A=0x71560
3043000: system.cpu: T0 : 0x198c4. 1 : 0x1ce4a6af fence           : No_OpClass : 
3043500: system.cpu: T0 : 0x198c8    : c_bnez a3, -10             : IntAlu : 
3044000: system.cpu: T0 : 0x198ca    : c_addiw a5, 0              : IntAlu :  D=0x0000000000000000
3044500: system.cpu: T0 : 0x198cc    : bne a5, zero, 442          : IntAlu : 
3045000: system.cpu: T0 : 0x198d0    : c_sd s0, 8(s1)             : MemWrite :  D=0x0000000000072000 A=0x71568
3045500: system.cpu: T0 : 0x198d2    : c_lw a3, 4(s1)             : MemRead :  D=0x0000000000000000 A=0x71564
3046000: system.cpu: T0 : 0x198d4    : ld s0, -1920(gp)           : MemRead :  D=0x000000000006f000 A=0x708b8
3046500: system.cpu: T0 : 0x198d8    : addiw a4, a3, 1            : IntAlu :  D=0x0000000000000001
3047000: system.cpu: T0 : 0x198dc    : c_sw a4, 4(s1)             : MemWrite :  D=0x0000000000000001 A=0x71564
3047500: system.cpu: T0 : 0x198de    : c_beqz s0, 202             : IntAlu : 
3048000: system.cpu: T0 : 0x198e0    : lui s2, 106                : IntAlu :  D=0x000000000006a000
3048500: system.cpu: T0 : 0x198e4    : lui s4, 106                : IntAlu :  D=0x000000000006a000
3049000: system.cpu: T0 : 0x198e8    : addi s4, s4, -984          : IntAlu :  D=0x0000000000069c28
3049500: system.cpu: T0 : 0x198ec    : addi s2, s2, 528           : IntAlu :  D=0x000000000006a210
3050000: system.cpu: T0 : 0x198f0    : sub s2, s2, s4             : IntAlu :  D=0x00000000000005e8
3050500: system.cpu: T0 : 0x198f4    : c_li s9, 2                 : IntAlu :  D=0x0000000000000002
3051000: system.cpu: T0 : 0x198f6    : c_j 12                     : IntAlu : 
3051500: system.cpu: T0 : 0x19902    : c_lw a5, 0(s0)             : MemRead :  D=0xfffffffffbad2086 A=0x6f000
3052000: system.cpu: T0 : 0x19904    : c_andi a5, 2               : IntAlu :  D=0x0000000000000002
3053000: system.cpu: T0 : 0x19906    : addiw s8, a5, 0            : IntAlu :  D=0x0000000000000002
3053500: system.cpu: T0 : 0x1990a    : c_bnez a5, -18             : IntAlu : 
3054000: system.cpu: T0 : 0x198f8    : c_li a5, -1                : IntAlu :  D=0xffffffffffffffff
3055000: system.cpu: T0 : 0x198fa    : sw a5, 192(s0)             : MemWrite :  D=0x00000000ffffffff A=0x6f0c0
3055500: system.cpu: T0 : 0x198fe    : c_ld s0, 104(s0)           : MemRead :  D=0x000000000006f1c8 A=0x6f068
3056000: system.cpu: T0 : 0x19900    : c_beqz s0, 162             : IntAlu : 
3056500: system.cpu: T0 : 0x19902    : c_lw a5, 0(s0)             : MemRead :  D=0xfffffffffbad2084 A=0x6f1c8
3057000: system.cpu: T0 : 0x19904    : c_andi a5, 2               : IntAlu :  D=0x0000000000000000
3058000: system.cpu: T0 : 0x19906    : addiw s8, a5, 0            : IntAlu :  D=0x0000000000000000
3058500: system.cpu: T0 : 0x1990a    : c_bnez a5, -18             : IntAlu : 
3059000: system.cpu: T0 : 0x1990c    : lw a5, 192(s0)             : MemRead :  D=0x0000000000000000 A=0x6f288
3059500: system.cpu: T0 : 0x19910    : c_beqz a5, -24             : IntAlu : 
3060000: system.cpu: T0 : 0x198f8    : c_li a5, -1                : IntAlu :  D=0xffffffffffffffff
3061000: system.cpu: T0 : 0x198fa    : sw a5, 192(s0)             : MemWrite :  D=0x00000000ffffffff A=0x6f288
3061500: system.cpu: T0 : 0x198fe    : c_ld s0, 104(s0)           : MemRead :  D=0x000000000006f390 A=0x6f230
3062000: system.cpu: T0 : 0x19900    : c_beqz s0, 162             : IntAlu : 
3062500: system.cpu: T0 : 0x19902    : c_lw a5, 0(s0)             : MemRead :  D=0xfffffffffbad2088 A=0x6f390
3063000: system.cpu: T0 : 0x19904    : c_andi a5, 2               : IntAlu :  D=0x0000000000000000
3064000: system.cpu: T0 : 0x19906    : addiw s8, a5, 0            : IntAlu :  D=0x0000000000000000
3064500: system.cpu: T0 : 0x1990a    : c_bnez a5, -18             : IntAlu : 
3065000: system.cpu: T0 : 0x1990c    : lw a5, 192(s0)             : MemRead :  D=0x0000000000000000 A=0x6f450
3065500: system.cpu: T0 : 0x19910    : c_beqz a5, -24             : IntAlu : 
3066000: system.cpu: T0 : 0x198f8    : c_li a5, -1                : IntAlu :  D=0xffffffffffffffff
3067000: system.cpu: T0 : 0x198fa    : sw a5, 192(s0)             : MemWrite :  D=0x00000000ffffffff A=0x6f450
3067500: system.cpu: T0 : 0x198fe    : c_ld s0, 104(s0)           : MemRead :  D=0x0000000000000000 A=0x6f3f8
3068000: system.cpu: T0 : 0x19900    : c_beqz s0, 162             : IntAlu : 
3068500: system.cpu: T0 : 0x199a2    : c_lw a5, 4(s1)             : MemRead :  D=0x0000000000000001 A=0x71564
3069000: system.cpu: T0 : 0x199a4    : addiw a3, a5, -1           : IntAlu :  D=0x0000000000000000
3069500: system.cpu: T0 : 0x199a8    : c_sw a3, 4(s1)             : MemWrite :  D=0x0000000000000000 A=0x71564
3070000: system.cpu: T0 : 0x199aa    : c_beqz a3, 126             : IntAlu : 
3070500: system.cpu: T0 : 0x19a28    : sd zero, 8(s1)             : MemWrite :  D=0x0000000000000000 A=0x71568
3071000: system.cpu: T0 : 0x19a2c    : c_mv a5, a3                : IntAlu :  D=0x0000000000000000
3072000: system.cpu: T0 : 0x19a2e    : fence iorw, ow             : No_OpClass : 
3073000: system.cpu: T0 : 0x19a32    : amoswap_w a5, a5, (s1)    
3073000: system.cpu: T0 : 0x19a32. 0 : amoswap_w[l] a5, a5, (s1)  : MemRead :  D=0x0000000000000001 A=0x71560
3073500: system.cpu: T0 : 0x19a36    : c_addiw a5, 0              : IntAlu :  D=0x0000000000000001
3074000: system.cpu: T0 : 0x19a38    : c_li a4, 1                 : IntAlu :  D=0x0000000000000001
3075000: system.cpu: T0 : 0x19a3a    : bge a4, a5, -142           : IntAlu : 
3075500: system.cpu: T0 : 0x199ac    : beq s3, zero, 16           : IntAlu : 
3076000: system.cpu: T0 : 0x199bc    : c_ldsp a4, 56(sp)          : MemRead :  D=0x6f442f2e2e000000 A=0x7ffffffffffffce8
3077000: system.cpu: T0 : 0x199be    : ld a5, -1264(s6)           : MemRead :  D=0x6f442f2e2e000000 A=0x6eb10
3078000: system.cpu: T0 : 0x199c2    : bne a4, a5, 216            : IntAlu : 
3078500: system.cpu: T0 : 0x199c6    : c_ldsp ra, 168(sp)         : MemRead :  D=0x0000000000014940 A=0x7ffffffffffffd58
3079000: system.cpu: T0 : 0x199c8    : c_ldsp s0, 160(sp)         : MemRead :  D=0x000000000006a218 A=0x7ffffffffffffd50
3079500: system.cpu: T0 : 0x199ca    : c_ldsp s1, 152(sp)         : MemRead :  D=0x000000000006a218 A=0x7ffffffffffffd48
3080000: system.cpu: T0 : 0x199cc    : c_ldsp s2, 144(sp)         : MemRead :  D=0x0000000000000004 A=0x7ffffffffffffd40
3080500: system.cpu: T0 : 0x199ce    : c_ldsp s3, 136(sp)         : MemRead :  D=0x0000000000000001 A=0x7ffffffffffffd38
3081000: system.cpu: T0 : 0x199d0    : c_ldsp s4, 128(sp)         : MemRead :  D=0x0000000000000000 A=0x7ffffffffffffd30
3081500: system.cpu: T0 : 0x199d2    : c_ldsp s6, 112(sp)         : MemRead :  D=0x0000000000000000 A=0x7ffffffffffffd20
3082000: system.cpu: T0 : 0x199d4    : c_ldsp s7, 104(sp)         : MemRead :  D=0x00000000000708a8 A=0x7ffffffffffffd18
3082500: system.cpu: T0 : 0x199d6    : c_ldsp s8, 96(sp)          : MemRead :  D=0x0000000000000001 A=0x7ffffffffffffd10
3083000: system.cpu: T0 : 0x199d8    : c_ldsp s9, 88(sp)          : MemRead :  D=0x0000000000072000 A=0x7ffffffffffffd08
3083500: system.cpu: T0 : 0x199da    : c_ldsp s10, 80(sp)         : MemRead :  D=0x0000000000000000 A=0x7ffffffffffffd00
3084000: system.cpu: T0 : 0x199dc    : c_ldsp s11, 72(sp)         : MemRead :  D=0x0000000000072000 A=0x7ffffffffffffcf8
3084500: system.cpu: T0 : 0x199de    : c_mv a0, s5                : IntAlu :  D=0x0000000000000000
3085000: system.cpu: T0 : 0x199e0    : c_ldsp s5, 120(sp)         : MemRead :  D=0x0000000000000003 A=0x7ffffffffffffd28
3085500: system.cpu: T0 : 0x199e2    : c_addi16sp sp, 176         : IntAlu :  D=0x7ffffffffffffd60
3086000: system.cpu: T0 : 0x199e4    : c_jr ra                    : IntAlu : 
3086500: system.cpu: T0 : 0x14940    : bne s1, s0, -6             : IntAlu : 
3087000: system.cpu: T0 : 0x14944    : c_mv a0, s6                : IntAlu :  D=0x0000000000000000
3088000: system.cpu: T0 : 0x14946    : jal ra, 47996              : IntAlu :  D=0x000000000001494a
3088500: system.cpu: T0 : 0x204c2    : c_mv a4, a0                : IntAlu :  D=0x0000000000000000
3089000: system.cpu: T0 : 0x204c4    : addi a7, zero, 94          : IntAlu :  D=0x000000000000005e
3089500: system.cpu: T0 : 0x204c8    : ecall                      : No_OpClass : 
