      0: system.cpu: T0 : 0x10348    : jal ra, 46                 : IntAlu :  D=0x000000000001034c
   1000: system.cpu: T0 : 0x10376    : auipc gp, 106              : IntAlu :  D=0x000000000007a376
   2000: system.cpu: T0 : 0x1037a    : addi gp, gp, -814          : IntAlu :  D=0x000000000007a048
   2500: system.cpu: T0 : 0x1037e    : c_jr ra                    : IntAlu : 
   3000: system.cpu: T0 : 0x1034c    : c_mv a5, a0                : IntAlu :  D=0x0000000000000000
   4000: system.cpu: T0 : 0x1034e    : auipc a0, 0                : IntAlu :  D=0x000000000001034e
   5000: system.cpu: T0 : 0x10352    : addi a0, a0, 226           : IntAlu :  D=0x0000000000010430
   5500: system.cpu: T0 : 0x10356    : c_ldsp a1, 0(sp)           : MemRead :  D=0x0000000000000001 A=0x7fffffffffffff30
   6000: system.cpu: T0 : 0x10358    : c_addi4spn a2, sp, 8       : IntAlu :  D=0x7fffffffffffff38
   7000: system.cpu: T0 : 0x1035a    : andi sp, sp, 18446744073709551600 : IntAlu :  D=0x7fffffffffffff30
   8000: system.cpu: T0 : 0x1035e    : auipc a3, 10               : IntAlu :  D=0x000000000001a35e
   9000: system.cpu: T0 : 0x10362    : addi a3, a3, -524          : IntAlu :  D=0x000000000001a152
  10000: system.cpu: T0 : 0x10366    : auipc a4, 10               : IntAlu :  D=0x000000000001a366
  11000: system.cpu: T0 : 0x1036a    : addi a4, a4, -388          : IntAlu :  D=0x000000000001a1e2
  11500: system.cpu: T0 : 0x1036e    : c_mv a6, sp                : IntAlu :  D=0x7fffffffffffff30
  12000: system.cpu: T0 : 0x10370    : jal ra, 39190              : IntAlu :  D=0x0000000000010374
  12500: system.cpu: T0 : 0x19c86    : c_addi16sp sp, -320        : IntAlu :  D=0x7ffffffffffffdf0
  13000: system.cpu: T0 : 0x19c88    : c_sdsp s0, 304(sp)         : MemWrite :  D=0x0000000000000000 A=0x7fffffffffffff20
  13500: system.cpu: T0 : 0x19c8a    : c_sdsp s1, 296(sp)         : MemWrite :  D=0x0000000000000000 A=0x7fffffffffffff18
  14000: system.cpu: T0 : 0x19c8c    : c_sdsp s2, 288(sp)         : MemWrite :  D=0x0000000000000000 A=0x7fffffffffffff10
  14500: system.cpu: T0 : 0x19c8e    : c_sdsp a2, 16(sp)          : MemWrite :  D=0x7fffffffffffff38 A=0x7ffffffffffffe00
  15000: system.cpu: T0 : 0x19c90    : c_sdsp ra, 312(sp)         : MemWrite :  D=0x0000000000010374 A=0x7fffffffffffff28
  16000: system.cpu: T0 : 0x19c92    : addi t1, zero, 0           : IntAlu :  D=0x0000000000000000
  16500: system.cpu: T0 : 0x19c96    : c_sdsp a0, 24(sp)          : MemWrite :  D=0x0000000000010430 A=0x7ffffffffffffe08
  17000: system.cpu: T0 : 0x19c98    : c_sdsp a1, 8(sp)           : MemWrite :  D=0x0000000000000001 A=0x7ffffffffffffdf8
  17500: system.cpu: T0 : 0x19c9a    : c_mv s0, a3                : IntAlu :  D=0x000000000001a152
  18000: system.cpu: T0 : 0x19c9c    : c_mv s1, a4                : IntAlu :  D=0x000000000001a1e2
  18500: system.cpu: T0 : 0x19c9e    : c_mv s2, a5                : IntAlu :  D=0x0000000000000000
  19000: system.cpu: T0 : 0x19ca0    : c_li a2, 0                 : IntAlu :  D=0x0000000000000000
  20000: system.cpu: T0 : 0x19ca2    : beq t1, zero, 12           : IntAlu : 
  20500: system.cpu: T0 : 0x19cae    : c_ldsp a5, 8(sp)           : MemRead :  D=0x0000000000000001 A=0x7ffffffffffffdf8
  21000: system.cpu: T0 : 0x19cb0    : addi a0, a5, 1             : IntAlu :  D=0x0000000000000002
  21500: system.cpu: T0 : 0x19cb4    : c_ldsp a5, 16(sp)          : MemRead :  D=0x7fffffffffffff38 A=0x7ffffffffffffe00
  22000: system.cpu: T0 : 0x19cb6    : c_slli a0, 3               : IntAlu :  D=0x0000000000000010
  22500: system.cpu: T0 : 0x19cb8    : c_add a0, a5               : IntAlu :  D=0x7fffffffffffff48
  23500: system.cpu: T0 : 0x19cba    : sw a2, -1728(gp)           : MemWrite :  D=0x0000000000000000 A=0x79988
  24500: system.cpu: T0 : 0x19cbe    : sd a0, -1360(gp)           : MemWrite :  D=0x7fffffffffffff48 A=0x79af8
  25500: system.cpu: T0 : 0x19cc2    : lui a5, 120                : IntAlu :  D=0x0000000000078000
  26500: system.cpu: T0 : 0x19cc6    : sd a6, -80(a5)             : MemWrite :  D=0x7fffffffffffff30 A=0x77fb0
  27000: system.cpu: T0 : 0x19cca    : c_ld a2, 0(a0)             : MemRead :  D=0x0000000000000000 A=0x7fffffffffffff48
  27500: system.cpu: T0 : 0x19ccc    : c_addi a0, 8               : IntAlu :  D=0x7fffffffffffff50
  28000: system.cpu: T0 : 0x19cce    : c_bnez a2, -4              : IntAlu : 
  28500: system.cpu: T0 : 0x19cd0    : jal ra, 73024              : IntAlu :  D=0x0000000000019cd4
  29000: system.cpu: T0 : 0x2ba10    : c_ld a5, 0(a0)             : MemRead :  D=0x0000000000000009 A=0x7fffffffffffff50
  30000: system.cpu: T0 : 0x2ba12    : lui a4, 123                : IntAlu :  D=0x000000000007b000
  31000: system.cpu: T0 : 0x2ba16    : sd a0, -352(a4)            : MemWrite :  D=0x7fffffffffffff50 A=0x7aea0
  32000: system.cpu: T0 : 0x2ba1a    : beq a5, zero, 618          : IntAlu : 
  32500: system.cpu: T0 : 0x2ba1e    : c_addi16sp sp, -224        : IntAlu :  D=0x7ffffffffffffd10
  33000: system.cpu: T0 : 0x2ba20    : c_sdsp s1, 208(sp)         : MemWrite :  D=0x000000000001a1e2 A=0x7ffffffffffffde0
  34000: system.cpu: T0 : 0x2ba22    : lui s1, 123                : IntAlu :  D=0x000000000007b000
  35000: system.cpu: T0 : 0x2ba26    : ld a4, -280(s1)            : MemRead :  D=0x0000000000000000 A=0x7aee8
  35500: system.cpu: T0 : 0x2ba2a    : c_sdsp s3, 192(sp)         : MemWrite :  D=0x0000000000000000 A=0x7ffffffffffffdd0
  36000: system.cpu: T0 : 0x2ba2c    : c_sdsp a4, 64(sp)          : MemWrite :  D=0x0000000000000000 A=0x7ffffffffffffd50
  37000: system.cpu: T0 : 0x2ba2e    : ld a4, -1336(gp)           : MemRead :  D=0x0000000000000000 A=0x79b10
  38000: system.cpu: T0 : 0x2ba32    : lui a6, 120                : IntAlu :  D=0x0000000000078000
  39000: system.cpu: T0 : 0x2ba36    : addi a6, a6, -128          : IntAlu :  D=0x0000000000077f80
  39500: system.cpu: T0 : 0x2ba3a    : c_sdsp a4, 32(sp)          : MemWrite :  D=0x0000000000000000 A=0x7ffffffffffffd30
  40000: system.cpu: T0 : 0x2ba3c    : ld a4, 0(a6)               : MemRead :  D=0x0000000000000000 A=0x77f80
  40500: system.cpu: T0 : 0x2ba40    : lui t3, 120                : IntAlu :  D=0x0000000000078000
  41000: system.cpu: T0 : 0x2ba44    : lui t1, 123                : IntAlu :  D=0x000000000007b000
  41500: system.cpu: T0 : 0x2ba48    : c_sdsp a4, 104(sp)         : MemWrite :  D=0x0000000000000000 A=0x7ffffffffffffd78
  42500: system.cpu: T0 : 0x2ba4a    : lw a4, -72(t3)             : MemRead :  D=0x0000000000000001 A=0x77fb8
  43000: system.cpu: T0 : 0x2ba4e    : c_sdsp s2, 200(sp)         : MemWrite :  D=0x0000000000000000 A=0x7ffffffffffffdd8
  43500: system.cpu: T0 : 0x2ba50    : c_sdsp a4, 80(sp)          : MemWrite :  D=0x0000000000000001 A=0x7ffffffffffffd60
  44500: system.cpu: T0 : 0x2ba52    : lw a4, -208(t1)            : MemRead :  D=0x0000000000000000 A=0x7af30
  45000: system.cpu: T0 : 0x2ba56    : c_sdsp s4, 184(sp)         : MemWrite :  D=0x0000000000000000 A=0x7ffffffffffffdc8
  45500: system.cpu: T0 : 0x2ba58    : c_sdsp a4, 96(sp)          : MemWrite :  D=0x0000000000000000 A=0x7ffffffffffffd70
  46500: system.cpu: T0 : 0x2ba5a    : lw a4, -1344(gp)           : MemRead :  D=0x0000000000000000 A=0x79b08
  47000: system.cpu: T0 : 0x2ba5e    : c_sdsp s0, 216(sp)         : MemWrite :  D=0x000000000001a152 A=0x7ffffffffffffde8
  47500: system.cpu: T0 : 0x2ba60    : lui s0, 123                : IntAlu :  D=0x000000000007b000
  48000: system.cpu: T0 : 0x2ba64    : c_sdsp a4, 48(sp)          : MemWrite :  D=0x0000000000000000 A=0x7ffffffffffffd40
  49000: system.cpu: T0 : 0x2ba66    : ld a4, -1328(gp)           : MemRead :  D=0x0000000000000000 A=0x79b18
  50000: system.cpu: T0 : 0x2ba6a    : lui t6, 123                : IntAlu :  D=0x000000000007b000
  50500: system.cpu: T0 : 0x2ba6e    : c_sdsp a4, 24(sp)          : MemWrite :  D=0x0000000000000000 A=0x7ffffffffffffd28
  51000: system.cpu: T0 : 0x2ba70    : ld a4, -344(s0)            : MemRead :  D=0x0000000000000000 A=0x7aea8
  51500: system.cpu: T0 : 0x2ba74    : lui t2, 123                : IntAlu :  D=0x000000000007b000
  52000: system.cpu: T0 : 0x2ba78    : lui t0, 123                : IntAlu :  D=0x000000000007b000
  52500: system.cpu: T0 : 0x2ba7c    : c_sdsp a4, 8(sp)           : MemWrite :  D=0x0000000000000000 A=0x7ffffffffffffd18
  53500: system.cpu: T0 : 0x2ba7e    : ld a4, -1784(gp)           : MemRead :  D=0x0000000000001000 A=0x79950
  54500: system.cpu: T0 : 0x2ba82    : lui a3, 89                 : IntAlu :  D=0x0000000000059000
  55000: system.cpu: T0 : 0x2ba86    : c_sdsp s5, 176(sp)         : MemWrite :  D=0x0000000000000000 A=0x7ffffffffffffdc0
  55500: system.cpu: T0 : 0x2ba88    : c_sdsp s6, 168(sp)         : MemWrite :  D=0x0000000000000000 A=0x7ffffffffffffdb8
  56000: system.cpu: T0 : 0x2ba8a    : c_sdsp s7, 160(sp)         : MemWrite :  D=0x0000000000000000 A=0x7ffffffffffffdb0
  56500: system.cpu: T0 : 0x2ba8c    : c_sdsp s8, 152(sp)         : MemWrite :  D=0x0000000000000000 A=0x7ffffffffffffda8
  57000: system.cpu: T0 : 0x2ba8e    : c_sdsp s10, 136(sp)        : MemWrite :  D=0x0000000000000000 A=0x7ffffffffffffd98
  57500: system.cpu: T0 : 0x2ba90    : c_sdsp s11, 128(sp)        : MemWrite :  D=0x0000000000000000 A=0x7ffffffffffffd90
  58000: system.cpu: T0 : 0x2ba92    : c_sdsp a4, 120(sp)         : MemWrite :  D=0x0000000000001000 A=0x7ffffffffffffd88
  58500: system.cpu: T0 : 0x2ba94    : lw s7, -288(t6)            : MemRead :  D=0x0000000000000000 A=0x7aee0
  59000: system.cpu: T0 : 0x2ba98    : ld s11, -256(t2)           : MemRead :  D=0x0000000000000000 A=0x7af00
  59500: system.cpu: T0 : 0x2ba9c    : c_sdsp s9, 144(sp)         : MemWrite :  D=0x0000000000000000 A=0x7ffffffffffffda0
  60000: system.cpu: T0 : 0x2ba9e    : c_li s10, 0                : IntAlu :  D=0x0000000000000000
  60500: system.cpu: T0 : 0x2baa0    : ld s9, -312(t0)            : MemRead :  D=0x0000000000000000 A=0x7aec8
  61000: system.cpu: T0 : 0x2baa4    : c_li s8, 0                 : IntAlu :  D=0x0000000000000000
  61500: system.cpu: T0 : 0x2baa6    : c_sdsp zero, 112(sp)       : MemWrite :  D=0x0000000000000000 A=0x7ffffffffffffd80
  62000: system.cpu: T0 : 0x2baa8    : c_sdsp zero, 88(sp)        : MemWrite :  D=0x0000000000000000 A=0x7ffffffffffffd68
  62500: system.cpu: T0 : 0x2baaa    : c_sdsp zero, 72(sp)        : MemWrite :  D=0x0000000000000000 A=0x7ffffffffffffd58
  63000: system.cpu: T0 : 0x2baac    : c_sdsp zero, 56(sp)        : MemWrite :  D=0x0000000000000000 A=0x7ffffffffffffd48
  63500: system.cpu: T0 : 0x2baae    : c_sdsp zero, 40(sp)        : MemWrite :  D=0x0000000000000000 A=0x7ffffffffffffd38
  64000: system.cpu: T0 : 0x2bab0    : c_sdsp zero, 16(sp)        : MemWrite :  D=0x0000000000000000 A=0x7ffffffffffffd20
  64500: system.cpu: T0 : 0x2bab2    : c_li s6, 0                 : IntAlu :  D=0x0000000000000000
  65000: system.cpu: T0 : 0x2bab4    : c_li s5, 0                 : IntAlu :  D=0x0000000000000000
  65500: system.cpu: T0 : 0x2bab6    : c_li t5, 0                 : IntAlu :  D=0x0000000000000000
  66000: system.cpu: T0 : 0x2bab8    : c_li a7, 0                 : IntAlu :  D=0x0000000000000000
  66500: system.cpu: T0 : 0x2baba    : c_li a1, 0                 : IntAlu :  D=0x0000000000000000
  67000: system.cpu: T0 : 0x2babc    : c_li a2, 0                 : IntAlu :  D=0x0000000000000000
  67500: system.cpu: T0 : 0x2babe    : c_li a4, 30                : IntAlu :  D=0x000000000000001e
  68000: system.cpu: T0 : 0x2bac0    : addi a3, a3, 832           : IntAlu :  D=0x0000000000059340
  68500: system.cpu: T0 : 0x2bac4    : c_addi a5, -3              : IntAlu :  D=0x0000000000000006
  69500: system.cpu: T0 : 0x2bac6    : bltu a4, a5, 20            : IntAlu : 
  70000: system.cpu: T0 : 0x2baca    : c_slli a5, 2               : IntAlu :  D=0x0000000000000018
  70500: system.cpu: T0 : 0x2bacc    : c_add a5, a3               : IntAlu :  D=0x0000000000059358
  71000: system.cpu: T0 : 0x2bace    : c_lw a5, 0(a5)             : MemRead :  D=0x000000000002bada A=0x59358
  71500: system.cpu: T0 : 0x2bad0    : c_jr a5                    : IntAlu : 
  72000: system.cpu: T0 : 0x2bada    : c_ld a5, 16(a0)            : MemRead :  D=0x0000000000000005 A=0x7fffffffffffff60
  72500: system.cpu: T0 : 0x2badc    : c_addi a0, 16              : IntAlu :  D=0x7fffffffffffff60
  73000: system.cpu: T0 : 0x2bade    : c_bnez a5, -26             : IntAlu : 
  73500: system.cpu: T0 : 0x2bac4    : c_addi a5, -3              : IntAlu :  D=0x0000000000000002
  74500: system.cpu: T0 : 0x2bac6    : bltu a4, a5, 20            : IntAlu : 
  75000: system.cpu: T0 : 0x2baca    : c_slli a5, 2               : IntAlu :  D=0x0000000000000008
  75500: system.cpu: T0 : 0x2bacc    : c_add a5, a3               : IntAlu :  D=0x0000000000059348
  76000: system.cpu: T0 : 0x2bace    : c_lw a5, 0(a5)             : MemRead :  D=0x000000000002bc58 A=0x59348
  76500: system.cpu: T0 : 0x2bad0    : c_jr a5                    : IntAlu : 
  77000: system.cpu: T0 : 0x2bc58    : c_ld a5, 16(a0)            : MemRead :  D=0x0000000000000004 A=0x7fffffffffffff70
  78000: system.cpu: T0 : 0x2bc5a    : ld s11, 8(a0)              : MemRead :  D=0x0000000000000006 A=0x7fffffffffffff68
  78500: system.cpu: T0 : 0x2bc5e    : c_li s8, 1                 : IntAlu :  D=0x0000000000000001
  79000: system.cpu: T0 : 0x2bc60    : c_addi a0, 16              : IntAlu :  D=0x7fffffffffffff70
  80000: system.cpu: T0 : 0x2bc62    : bne a5, zero, -414         : IntAlu : 
  80500: system.cpu: T0 : 0x2bac4    : c_addi a5, -3              : IntAlu :  D=0x0000000000000001
  81500: system.cpu: T0 : 0x2bac6    : bltu a4, a5, 20            : IntAlu : 
  82000: system.cpu: T0 : 0x2baca    : c_slli a5, 2               : IntAlu :  D=0x0000000000000004
  82500: system.cpu: T0 : 0x2bacc    : c_add a5, a3               : IntAlu :  D=0x0000000000059344
  83000: system.cpu: T0 : 0x2bace    : c_lw a5, 0(a5)             : MemRead :  D=0x000000000002bada A=0x59344
  83500: system.cpu: T0 : 0x2bad0    : c_jr a5                    : IntAlu : 
  84000: system.cpu: T0 : 0x2bada    : c_ld a5, 16(a0)            : MemRead :  D=0x0000000000000003 A=0x7fffffffffffff80
  84500: system.cpu: T0 : 0x2badc    : c_addi a0, 16              : IntAlu :  D=0x7fffffffffffff80
  85000: system.cpu: T0 : 0x2bade    : c_bnez a5, -26             : IntAlu : 
  85500: system.cpu: T0 : 0x2bac4    : c_addi a5, -3              : IntAlu :  D=0x0000000000000000
  86500: system.cpu: T0 : 0x2bac6    : bltu a4, a5, 20            : IntAlu : 
  87000: system.cpu: T0 : 0x2baca    : c_slli a5, 2               : IntAlu :  D=0x0000000000000000
  87500: system.cpu: T0 : 0x2bacc    : c_add a5, a3               : IntAlu :  D=0x0000000000059340
  88000: system.cpu: T0 : 0x2bace    : c_lw a5, 0(a5)             : MemRead :  D=0x000000000002bc68 A=0x59340
  88500: system.cpu: T0 : 0x2bad0    : c_jr a5                    : IntAlu : 
  89000: system.cpu: T0 : 0x2bc68    : c_ld a5, 16(a0)            : MemRead :  D=0x0000000000000006 A=0x7fffffffffffff90
  90000: system.cpu: T0 : 0x2bc6a    : ld s9, 8(a0)               : MemRead :  D=0x0000000000010040 A=0x7fffffffffffff88
  90500: system.cpu: T0 : 0x2bc6e    : c_li s6, 1                 : IntAlu :  D=0x0000000000000001
  91000: system.cpu: T0 : 0x2bc70    : c_addi a0, 16              : IntAlu :  D=0x7fffffffffffff90
  92000: system.cpu: T0 : 0x2bc72    : bne a5, zero, -430         : IntAlu : 
  92500: system.cpu: T0 : 0x2bac4    : c_addi a5, -3              : IntAlu :  D=0x0000000000000003
  93500: system.cpu: T0 : 0x2bac6    : bltu a4, a5, 20            : IntAlu : 
  94000: system.cpu: T0 : 0x2baca    : c_slli a5, 2               : IntAlu :  D=0x000000000000000c
  94500: system.cpu: T0 : 0x2bacc    : c_add a5, a3               : IntAlu :  D=0x000000000005934c
  95000: system.cpu: T0 : 0x2bace    : c_lw a5, 0(a5)             : MemRead :  D=0x000000000002bad2 A=0x5934c
  95500: system.cpu: T0 : 0x2bad0    : c_jr a5                    : IntAlu : 
  96000: system.cpu: T0 : 0x2bad2    : c_ld a5, 8(a0)             : MemRead :  D=0x0000000000001000 A=0x7fffffffffffff98
  96500: system.cpu: T0 : 0x2bad4    : c_beqz a5, 6               : IntAlu : 
  97000: system.cpu: T0 : 0x2bad6    : c_sdsp a5, 120(sp)         : MemWrite :  D=0x0000000000001000 A=0x7ffffffffffffd88
  97500: system.cpu: T0 : 0x2bad8    : c_li t5, 1                 : IntAlu :  D=0x0000000000000001
  98000: system.cpu: T0 : 0x2bada    : c_ld a5, 16(a0)            : MemRead :  D=0x0000000000000017 A=0x7fffffffffffffa0
  98500: system.cpu: T0 : 0x2badc    : c_addi a0, 16              : IntAlu :  D=0x7fffffffffffffa0
  99000: system.cpu: T0 : 0x2bade    : c_bnez a5, -26             : IntAlu : 
  99500: system.cpu: T0 : 0x2bac4    : c_addi a5, -3              : IntAlu :  D=0x0000000000000014
 100500: system.cpu: T0 : 0x2bac6    : bltu a4, a5, 20            : IntAlu : 
 101000: system.cpu: T0 : 0x2baca    : c_slli a5, 2               : IntAlu :  D=0x0000000000000050
 101500: system.cpu: T0 : 0x2bacc    : c_add a5, a3               : IntAlu :  D=0x0000000000059390
 102000: system.cpu: T0 : 0x2bace    : c_lw a5, 0(a5)             : MemRead :  D=0x000000000002bbac A=0x59390
 102500: system.cpu: T0 : 0x2bad0    : c_jr a5                    : IntAlu : 
 103000: system.cpu: T0 : 0x2bbac    : c_lw a5, 8(a0)             : MemRead :  D=0x0000000000000000 A=0x7fffffffffffffa8
 103500: system.cpu: T0 : 0x2bbae    : c_li a2, -1                : IntAlu :  D=0xffffffffffffffff
 104000: system.cpu: T0 : 0x2bbb0    : c_addi a0, 16              : IntAlu :  D=0x7fffffffffffffb0
 104500: system.cpu: T0 : 0x2bbb2    : c_sdsp a5, 80(sp)          : MemWrite :  D=0x0000000000000000 A=0x7ffffffffffffd60
 105000: system.cpu: T0 : 0x2bbb4    : c_li a5, 1                 : IntAlu :  D=0x0000000000000001
 105500: system.cpu: T0 : 0x2bbb6    : c_sdsp a5, 96(sp)          : MemWrite :  D=0x0000000000000001 A=0x7ffffffffffffd70
 106000: system.cpu: T0 : 0x2bbb8    : c_sdsp a5, 88(sp)          : MemWrite :  D=0x0000000000000001 A=0x7ffffffffffffd68
 106500: system.cpu: T0 : 0x2bbba    : c_ld a5, 0(a0)             : MemRead :  D=0x0000000000000019 A=0x7fffffffffffffb0
 107000: system.cpu: T0 : 0x2bbbc    : c_bnez a5, -248            : IntAlu : 
 107500: system.cpu: T0 : 0x2bac4    : c_addi a5, -3              : IntAlu :  D=0x0000000000000016
 108500: system.cpu: T0 : 0x2bac6    : bltu a4, a5, 20            : IntAlu : 
 109000: system.cpu: T0 : 0x2baca    : c_slli a5, 2               : IntAlu :  D=0x0000000000000058
 109500: system.cpu: T0 : 0x2bacc    : c_add a5, a3               : IntAlu :  D=0x0000000000059398
 110000: system.cpu: T0 : 0x2bace    : c_lw a5, 0(a5)             : MemRead :  D=0x000000000002bb9c A=0x59398
 110500: system.cpu: T0 : 0x2bad0    : c_jr a5                    : IntAlu : 
 111000: system.cpu: T0 : 0x2bb9c    : c_ld a5, 8(a0)             : MemRead :  D=0x7fffffffffffffd8 A=0x7fffffffffffffb8
 111500: system.cpu: T0 : 0x2bb9e    : c_addi a0, 16              : IntAlu :  D=0x7fffffffffffffc0
 112000: system.cpu: T0 : 0x2bba0    : c_sdsp a5, 104(sp)         : MemWrite :  D=0x7fffffffffffffd8 A=0x7ffffffffffffd78
 112500: system.cpu: T0 : 0x2bba2    : c_li a5, 1                 : IntAlu :  D=0x0000000000000001
 113000: system.cpu: T0 : 0x2bba4    : c_sdsp a5, 112(sp)         : MemWrite :  D=0x0000000000000001 A=0x7ffffffffffffd80
 113500: system.cpu: T0 : 0x2bba6    : c_ld a5, 0(a0)             : MemRead :  D=0x0000000000000000 A=0x7fffffffffffffc0
 114000: system.cpu: T0 : 0x2bba8    : c_bnez a5, -228            : IntAlu : 
 114500: system.cpu: T0 : 0x2bbaa    : c_j -202                   : IntAlu : 
 115000: system.cpu: T0 : 0x2bae0    : bne t5, zero, 408          : IntAlu : 
 115500: system.cpu: T0 : 0x2bc78    : c_ldsp a5, 120(sp)         : MemRead :  D=0x0000000000001000 A=0x7ffffffffffffd88
 116500: system.cpu: T0 : 0x2bc7a    : sd a5, -1784(gp)           : MemWrite :  D=0x0000000000001000 A=0x79950
 117500: system.cpu: T0 : 0x2bc7e    : bne s5, zero, -406         : IntAlu : 
 118000: system.cpu: T0 : 0x2bc82    : c_j -406                   : IntAlu : 
 118500: system.cpu: T0 : 0x2baec    : beq s6, zero, 8            : IntAlu : 
 119000: system.cpu: T0 : 0x2baf0    : sd s9, -312(t0)            : MemWrite :  D=0x0000000000010040 A=0x7aec8
 119500: system.cpu: T0 : 0x2baf4    : beq s8, zero, 8            : IntAlu : 
 120000: system.cpu: T0 : 0x2baf8    : sd s11, -256(t2)           : MemWrite :  D=0x0000000000000006 A=0x7af00
 120500: system.cpu: T0 : 0x2bafc    : beq s10, zero, 10          : IntAlu : 
 121000: system.cpu: T0 : 0x2bb06    : c_ldsp a5, 16(sp)          : MemRead :  D=0x0000000000000000 A=0x7ffffffffffffd20
 121500: system.cpu: T0 : 0x2bb08    : c_beqz a5, 8               : IntAlu : 
 122000: system.cpu: T0 : 0x2bb10    : c_ldsp a5, 40(sp)          : MemRead :  D=0x0000000000000000 A=0x7ffffffffffffd38
 122500: system.cpu: T0 : 0x2bb12    : c_beqz a5, 8               : IntAlu : 
 123000: system.cpu: T0 : 0x2bb1a    : c_ldsp a5, 56(sp)          : MemRead :  D=0x0000000000000000 A=0x7ffffffffffffd48
 123500: system.cpu: T0 : 0x2bb1c    : c_beqz a5, 8               : IntAlu : 
 124000: system.cpu: T0 : 0x2bb24    : c_ldsp a5, 72(sp)          : MemRead :  D=0x0000000000000000 A=0x7ffffffffffffd58
 124500: system.cpu: T0 : 0x2bb26    : c_beqz a5, 8               : IntAlu : 
 125000: system.cpu: T0 : 0x2bb2e    : c_ldsp a5, 88(sp)          : MemRead :  D=0x0000000000000001 A=0x7ffffffffffffd68
 125500: system.cpu: T0 : 0x2bb30    : c_beqz a5, 14              : IntAlu : 
 126000: system.cpu: T0 : 0x2bb32    : c_ldsp a5, 80(sp)          : MemRead :  D=0x0000000000000000 A=0x7ffffffffffffd60
 126500: system.cpu: T0 : 0x2bb34    : sw a5, -72(t3)             : MemWrite :  D=0x0000000000000000 A=0x77fb8
 127000: system.cpu: T0 : 0x2bb38    : c_ldsp a5, 96(sp)          : MemRead :  D=0x0000000000000001 A=0x7ffffffffffffd70
 128000: system.cpu: T0 : 0x2bb3a    : sw a5, -208(t1)            : MemWrite :  D=0x0000000000000001 A=0x7af30
 128500: system.cpu: T0 : 0x2bb3e    : c_ldsp a5, 112(sp)         : MemRead :  D=0x0000000000000001 A=0x7ffffffffffffd80
 129000: system.cpu: T0 : 0x2bb40    : c_beqz a5, 8               : IntAlu : 
 129500: system.cpu: T0 : 0x2bb42    : c_ldsp a5, 104(sp)         : MemRead :  D=0x7fffffffffffffd8 A=0x7ffffffffffffd78
 130000: system.cpu: T0 : 0x2bb44    : sd a5, 0(a6)               : MemWrite :  D=0x7fffffffffffffd8 A=0x77f80
 130500: system.cpu: T0 : 0x2bb48    : c_li a5, 15                : IntAlu :  D=0x000000000000000f
 131500: system.cpu: T0 : 0x2bb4a    : bne a2, a5, 22             : IntAlu : 
 132000: system.cpu: T0 : 0x2bb60    : c_ldsp s0, 216(sp)         : MemRead :  D=0x000000000001a152 A=0x7ffffffffffffde8
 132500: system.cpu: T0 : 0x2bb62    : c_ldsp s1, 208(sp)         : MemRead :  D=0x000000000001a1e2 A=0x7ffffffffffffde0
 133000: system.cpu: T0 : 0x2bb64    : c_ldsp s2, 200(sp)         : MemRead :  D=0x0000000000000000 A=0x7ffffffffffffdd8
 133500: system.cpu: T0 : 0x2bb66    : c_ldsp s3, 192(sp)         : MemRead :  D=0x0000000000000000 A=0x7ffffffffffffdd0
 134000: system.cpu: T0 : 0x2bb68    : c_ldsp s4, 184(sp)         : MemRead :  D=0x0000000000000000 A=0x7ffffffffffffdc8
 134500: system.cpu: T0 : 0x2bb6a    : c_ldsp s5, 176(sp)         : MemRead :  D=0x0000000000000000 A=0x7ffffffffffffdc0
 135000: system.cpu: T0 : 0x2bb6c    : c_ldsp s6, 168(sp)         : MemRead :  D=0x0000000000000000 A=0x7ffffffffffffdb8
 135500: system.cpu: T0 : 0x2bb6e    : c_ldsp s7, 160(sp)         : MemRead :  D=0x0000000000000000 A=0x7ffffffffffffdb0
 136000: system.cpu: T0 : 0x2bb70    : c_ldsp s8, 152(sp)         : MemRead :  D=0x0000000000000000 A=0x7ffffffffffffda8
 136500: system.cpu: T0 : 0x2bb72    : c_ldsp s9, 144(sp)         : MemRead :  D=0x0000000000000000 A=0x7ffffffffffffda0
 137000: system.cpu: T0 : 0x2bb74    : c_ldsp s10, 136(sp)        : MemRead :  D=0x0000000000000000 A=0x7ffffffffffffd98
 137500: system.cpu: T0 : 0x2bb76    : c_ldsp s11, 128(sp)        : MemRead :  D=0x0000000000000000 A=0x7ffffffffffffd90
 138000: system.cpu: T0 : 0x2bb78    : c_addi16sp sp, 224         : IntAlu :  D=0x7ffffffffffffdf0
 138500: system.cpu: T0 : 0x2bb7a    : c_jr ra                    : IntAlu : 
 139000: system.cpu: T0 : 0x19cd4    : lui a5, 123                : IntAlu :  D=0x000000000007b000
 139500: system.cpu: T0 : 0x19cd8    : ld a4, -312(a5)            : MemRead :  D=0x0000000000010040 A=0x7aec8
 140000: system.cpu: T0 : 0x19cdc    : beq a4, zero, 320          : IntAlu : 
 140500: system.cpu: T0 : 0x19ce0    : jal ra, 75530              : IntAlu :  D=0x0000000000019ce4
 141500: system.cpu: T0 : 0x2c3ea    : lui a5, 123                : IntAlu :  D=0x000000000007b000
 142500: system.cpu: T0 : 0x2c3ee    : lw a5, -208(a5)            : MemRead :  D=0x0000000000000001 A=0x7af30
 143000: system.cpu: T0 : 0x2c3f2    : c_beqz a5, 4               : IntAlu : 
 143500: system.cpu: T0 : 0x2c3f4    : c_jr ra                    : IntAlu : 
 144000: system.cpu: T0 : 0x19ce4    : ld a0, -1360(gp)           : MemRead :  D=0x7fffffffffffff48 A=0x79af8
 144500: system.cpu: T0 : 0x19ce8    : jal ra, 72028              : IntAlu :  D=0x0000000000019cec
 145000: system.cpu: T0 : 0x2b644    : c_addi16sp sp, -128        : IntAlu :  D=0x7ffffffffffffd70
 145500: system.cpu: T0 : 0x2b646    : c_sdsp s4, 80(sp)          : MemWrite :  D=0x0000000000000000 A=0x7ffffffffffffdc0
 146000: system.cpu: T0 : 0x2b648    : lui s4, 120                : IntAlu :  D=0x0000000000078000
 146500: system.cpu: T0 : 0x2b64c    : lw a5, -72(s4)             : MemRead :  D=0x0000000000000000 A=0x77fb8
 147000: system.cpu: T0 : 0x2b650    : c_sdsp s7, 56(sp)          : MemWrite :  D=0x0000000000000000 A=0x7ffffffffffffda8
 147500: system.cpu: T0 : 0x2b652    : c_sdsp ra, 120(sp)         : MemWrite :  D=0x0000000000019cec A=0x7ffffffffffffde8
 148000: system.cpu: T0 : 0x2b654    : c_sdsp s0, 112(sp)         : MemWrite :  D=0x000000000001a152 A=0x7ffffffffffffde0
 148500: system.cpu: T0 : 0x2b656    : c_sdsp s1, 104(sp)         : MemWrite :  D=0x000000000001a1e2 A=0x7ffffffffffffdd8
 149000: system.cpu: T0 : 0x2b658    : c_sdsp s2, 96(sp)          : MemWrite :  D=0x0000000000000000 A=0x7ffffffffffffdd0
 149500: system.cpu: T0 : 0x2b65a    : c_sdsp s3, 88(sp)          : MemWrite :  D=0x0000000000000000 A=0x7ffffffffffffdc8
 150000: system.cpu: T0 : 0x2b65c    : c_sdsp s5, 72(sp)          : MemWrite :  D=0x0000000000000000 A=0x7ffffffffffffdb8
 150500: system.cpu: T0 : 0x2b65e    : c_sdsp s6, 64(sp)          : MemWrite :  D=0x0000000000000000 A=0x7ffffffffffffdb0
 151000: system.cpu: T0 : 0x2b660    : c_sdsp s8, 48(sp)          : MemWrite :  D=0x0000000000000000 A=0x7ffffffffffffda0
 151500: system.cpu: T0 : 0x2b662    : c_sdsp s9, 40(sp)          : MemWrite :  D=0x0000000000000000 A=0x7ffffffffffffd98
 152000: system.cpu: T0 : 0x2b664    : c_sdsp s10, 32(sp)         : MemWrite :  D=0x0000000000000000 A=0x7ffffffffffffd90
 152500: system.cpu: T0 : 0x2b666    : c_sdsp s11, 24(sp)         : MemWrite :  D=0x0000000000000000 A=0x7ffffffffffffd88
 153000: system.cpu: T0 : 0x2b668    : c_mv s7, a0                : IntAlu :  D=0x7fffffffffffff48
 154000: system.cpu: T0 : 0x2b66a    : bne a5, zero, 750          : IntAlu : 
 155000: system.cpu: T0 : 0x2b66e    : lui s0, 120                : IntAlu :  D=0x0000000000078000
 156000: system.cpu: T0 : 0x2b672    : addi s3, zero, 61          : IntAlu :  D=0x000000000000003d
 157000: system.cpu: T0 : 0x2b676    : lui s1, 89                 : IntAlu :  D=0x0000000000059000
 158000: system.cpu: T0 : 0x2b67a    : addi s6, s0, -1248         : IntAlu :  D=0x0000000000077b20
 159000: system.cpu: T0 : 0x2b67e    : beq s7, zero, 166          : IntAlu : 
 159500: system.cpu: T0 : 0x2b682    : c_mv a3, s7                : IntAlu :  D=0x7fffffffffffff48
 160000: system.cpu: T0 : 0x2b684    : ld s9, 0(a3)               : MemRead :  D=0x0000000000000000 A=0x7fffffffffffff48
 160500: system.cpu: T0 : 0x2b688    : c_mv s5, a3                : IntAlu :  D=0x7fffffffffffff48
 161500: system.cpu: T0 : 0x2b68a    : beq s9, zero, 154          : IntAlu : 
 162000: system.cpu: T0 : 0x2b724    : c_ldsp ra, 120(sp)         : MemRead :  D=0x0000000000019cec A=0x7ffffffffffffde8
 162500: system.cpu: T0 : 0x2b726    : c_ldsp s0, 112(sp)         : MemRead :  D=0x000000000001a152 A=0x7ffffffffffffde0
 163000: system.cpu: T0 : 0x2b728    : c_ldsp s1, 104(sp)         : MemRead :  D=0x000000000001a1e2 A=0x7ffffffffffffdd8
 163500: system.cpu: T0 : 0x2b72a    : c_ldsp s2, 96(sp)          : MemRead :  D=0x0000000000000000 A=0x7ffffffffffffdd0
 164000: system.cpu: T0 : 0x2b72c    : c_ldsp s3, 88(sp)          : MemRead :  D=0x0000000000000000 A=0x7ffffffffffffdc8
 164500: system.cpu: T0 : 0x2b72e    : c_ldsp s4, 80(sp)          : MemRead :  D=0x0000000000000000 A=0x7ffffffffffffdc0
 165000: system.cpu: T0 : 0x2b730    : c_ldsp s5, 72(sp)          : MemRead :  D=0x0000000000000000 A=0x7ffffffffffffdb8
 165500: system.cpu: T0 : 0x2b732    : c_ldsp s6, 64(sp)          : MemRead :  D=0x0000000000000000 A=0x7ffffffffffffdb0
 166000: system.cpu: T0 : 0x2b734    : c_ldsp s7, 56(sp)          : MemRead :  D=0x0000000000000000 A=0x7ffffffffffffda8
 166500: system.cpu: T0 : 0x2b736    : c_ldsp s8, 48(sp)          : MemRead :  D=0x0000000000000000 A=0x7ffffffffffffda0
 167000: system.cpu: T0 : 0x2b738    : c_ldsp s9, 40(sp)          : MemRead :  D=0x0000000000000000 A=0x7ffffffffffffd98
 167500: system.cpu: T0 : 0x2b73a    : c_ldsp s10, 32(sp)         : MemRead :  D=0x0000000000000000 A=0x7ffffffffffffd90
 168000: system.cpu: T0 : 0x2b73c    : c_ldsp s11, 24(sp)         : MemRead :  D=0x0000000000000000 A=0x7ffffffffffffd88
 168500: system.cpu: T0 : 0x2b73e    : c_addi16sp sp, 128         : IntAlu :  D=0x7ffffffffffffdf0
 169000: system.cpu: T0 : 0x2b740    : c_jr ra                    : IntAlu : 
 169500: system.cpu: T0 : 0x19cec    : jal ra, 664                : IntAlu :  D=0x0000000000019cf0
 170000: system.cpu: T0 : 0x19f84    : c_addi16sp sp, -128        : IntAlu :  D=0x7ffffffffffffd70
 171000: system.cpu: T0 : 0x19f86    : lui a5, 123                : IntAlu :  D=0x000000000007b000
 171500: system.cpu: T0 : 0x19f8a    : c_sdsp s0, 112(sp)         : MemWrite :  D=0x000000000001a152 A=0x7ffffffffffffde0
 172000: system.cpu: T0 : 0x19f8c    : ld s0, -312(a5)            : MemRead :  D=0x0000000000010040 A=0x7aec8
 172500: system.cpu: T0 : 0x19f90    : c_sdsp s3, 88(sp)          : MemWrite :  D=0x0000000000000000 A=0x7ffffffffffffdc8
 173500: system.cpu: T0 : 0x19f92    : lui a5, 121                : IntAlu :  D=0x0000000000079000
 174000: system.cpu: T0 : 0x19f96    : c_sdsp ra, 120(sp)         : MemWrite :  D=0x0000000000019cf0 A=0x7ffffffffffffde8
 174500: system.cpu: T0 : 0x19f98    : c_sdsp s1, 104(sp)         : MemWrite :  D=0x000000000001a1e2 A=0x7ffffffffffffdd8
 175000: system.cpu: T0 : 0x19f9a    : c_sdsp s2, 96(sp)          : MemWrite :  D=0x0000000000000000 A=0x7ffffffffffffdd0
 175500: system.cpu: T0 : 0x19f9c    : c_sdsp s4, 80(sp)          : MemWrite :  D=0x0000000000000000 A=0x7ffffffffffffdc0
 176000: system.cpu: T0 : 0x19f9e    : c_sdsp s5, 72(sp)          : MemWrite :  D=0x0000000000000000 A=0x7ffffffffffffdb8
 176500: system.cpu: T0 : 0x19fa0    : c_sdsp s6, 64(sp)          : MemWrite :  D=0x0000000000000000 A=0x7ffffffffffffdb0
 177000: system.cpu: T0 : 0x19fa2    : c_sdsp s7, 56(sp)          : MemWrite :  D=0x0000000000000000 A=0x7ffffffffffffda8
 177500: system.cpu: T0 : 0x19fa4    : c_sdsp s8, 48(sp)          : MemWrite :  D=0x0000000000000000 A=0x7ffffffffffffda0
 178000: system.cpu: T0 : 0x19fa6    : c_sdsp s9, 40(sp)          : MemWrite :  D=0x0000000000000000 A=0x7ffffffffffffd98
 178500: system.cpu: T0 : 0x19fa8    : c_sdsp s10, 32(sp)         : MemWrite :  D=0x0000000000000000 A=0x7ffffffffffffd90
 179000: system.cpu: T0 : 0x19faa    : c_sdsp s11, 24(sp)         : MemWrite :  D=0x0000000000000000 A=0x7ffffffffffffd88
 179500: system.cpu: T0 : 0x19fac    : ld s3, 824(a5)             : MemRead :  D=0x0000000000078e68 A=0x79338
 180000: system.cpu: T0 : 0x19fb0    : beq s0, zero, 368          : IntAlu : 
 180500: system.cpu: T0 : 0x19fb4    : lui a5, 123                : IntAlu :  D=0x000000000007b000
 181000: system.cpu: T0 : 0x19fb8    : ld a5, -256(a5)            : MemRead :  D=0x0000000000000006 A=0x7af00
 181500: system.cpu: T0 : 0x19fbc    : slli a4, a5, 3             : IntAlu :  D=0x0000000000000030
 182000: system.cpu: T0 : 0x19fc0    : c_sub a4, a5               : IntAlu :  D=0x000000000000002a
 182500: system.cpu: T0 : 0x19fc2    : c_slli a4, 3               : IntAlu :  D=0x0000000000000150
 183000: system.cpu: T0 : 0x19fc4    : c_add a4, s0               : IntAlu :  D=0x0000000000010190
 184000: system.cpu: T0 : 0x19fc6    : bgeu s0, a4, 322           : IntAlu : 
 184500: system.cpu: T0 : 0x19fca    : c_li a3, 7                 : IntAlu :  D=0x0000000000000007
 185000: system.cpu: T0 : 0x19fcc    : c_j 10                     : IntAlu : 
 185500: system.cpu: T0 : 0x19fd6    : c_lw a5, 0(s0)             : MemRead :  D=0x0000000000000001 A=0x10040
 186000: system.cpu: T0 : 0x19fd8    : bne a5, a3, -10            : IntAlu : 
 187000: system.cpu: T0 : 0x19fce    : addi s0, s0, 56            : IntAlu :  D=0x0000000000010078
 188000: system.cpu: T0 : 0x19fd2    : bgeu s0, a4, 310           : IntAlu : 
 188500: system.cpu: T0 : 0x19fd6    : c_lw a5, 0(s0)             : MemRead :  D=0x0000000000000001 A=0x10078
 189000: system.cpu: T0 : 0x19fd8    : bne a5, a3, -10            : IntAlu : 
 190000: system.cpu: T0 : 0x19fce    : addi s0, s0, 56            : IntAlu :  D=0x00000000000100b0
 191000: system.cpu: T0 : 0x19fd2    : bgeu s0, a4, 310           : IntAlu : 
 191500: system.cpu: T0 : 0x19fd6    : c_lw a5, 0(s0)             : MemRead :  D=0x0000000000000004 A=0x100b0
 192000: system.cpu: T0 : 0x19fd8    : bne a5, a3, -10            : IntAlu : 
 193000: system.cpu: T0 : 0x19fce    : addi s0, s0, 56            : IntAlu :  D=0x00000000000100e8
 194000: system.cpu: T0 : 0x19fd2    : bgeu s0, a4, 310           : IntAlu : 
 194500: system.cpu: T0 : 0x19fd6    : c_lw a5, 0(s0)             : MemRead :  D=0x0000000000000007 A=0x100e8
 195000: system.cpu: T0 : 0x19fd8    : bne a5, a3, -10            : IntAlu : 
 195500: system.cpu: T0 : 0x19fdc    : ld s5, 48(s0)              : MemRead :  D=0x0000000000000008 A=0x10118
 196000: system.cpu: T0 : 0x19fe0    : ld a1, 0(s3)               : MemRead :  D=0x0000000000000000 A=0x78e68
 196500: system.cpu: T0 : 0x19fe4    : c_ld a4, 16(s0)            : MemRead :  D=0x0000000000077ad0 A=0x100f8
 197000: system.cpu: T0 : 0x19fe6    : c_li a5, 16                : IntAlu :  D=0x0000000000000010
 197500: system.cpu: T0 : 0x19fe8    : ld s10, 40(s0)             : MemRead :  D=0x0000000000000060 A=0x10110
 198000: system.cpu: T0 : 0x19fec    : ld s4, 32(s0)              : MemRead :  D=0x0000000000000020 A=0x10108
 198500: system.cpu: T0 : 0x19ff0    : c_mv s8, s5                : IntAlu :  D=0x0000000000000008
 199500: system.cpu: T0 : 0x19ff2    : add s0, a1, a4             : IntAlu :  D=0x0000000000077ad0
 200500: system.cpu: T0 : 0x19ff6    : bltu s5, a5, 260           : IntAlu : 
 201000: system.cpu: T0 : 0x1a0fa    : c_li s8, 16                : IntAlu :  D=0x0000000000000010
 201500: system.cpu: T0 : 0x1a0fc    : addi a4, s8, -1            : IntAlu :  D=0x000000000000000f
 202000: system.cpu: T0 : 0x1a100    : c_mv s9, s5                : IntAlu :  D=0x0000000000000008
 203000: system.cpu: T0 : 0x1a102    : bne s5, zero, -254         : IntAlu : 
 203500: system.cpu: T0 : 0x1a004    : sub s11, zero, s8          : IntAlu :  D=0xfffffffffffffff0
 204000: system.cpu: T0 : 0x1a008    : beq s5, zero, 302          : IntAlu : 
 204500: system.cpu: T0 : 0x1a00c    : addi s2, s5, -1            : IntAlu :  D=0x0000000000000007
 205000: system.cpu: T0 : 0x1a010    : divu a5, s2, s9            : IntDiv :  D=0x0000000000000000
 205500: system.cpu: T0 : 0x1a014    : c_add s2, s10              : IntAlu :  D=0x0000000000000067
 206500: system.cpu: T0 : 0x1a016    : mul s7, a5, s9             : IntMult :  D=0x0000000000000000
 207000: system.cpu: T0 : 0x1a01a    : c_mv a5, s7                : IntAlu :  D=0x0000000000000000
 207500: system.cpu: T0 : 0x1a01c    : ld a0, -1968(gp)           : MemRead :  D=0x0000000000000800 A=0x79898
 208000: system.cpu: T0 : 0x1a020    : c_sdsp a5, 8(sp)           : MemWrite :  D=0x0000000000000000 A=0x7ffffffffffffd78
 208500: system.cpu: T0 : 0x1a022    : c_sdsp a4, 0(sp)           : MemWrite :  D=0x000000000000000f A=0x7ffffffffffffd70
 209000: system.cpu: T0 : 0x1a024    : addi a0, a0, 1808          : IntAlu :  D=0x0000000000000f10
 209500: system.cpu: T0 : 0x1a028    : c_add a0, s10              : IntAlu :  D=0x0000000000000f70
 210000: system.cpu: T0 : 0x1a02a    : c_add a0, s8               : IntAlu :  D=0x0000000000000f80
 210500: system.cpu: T0 : 0x1a02c    : c_add a0, s7               : IntAlu :  D=0x0000000000000f80
 211500: system.cpu: T0 : 0x1a02e    : jal ra, 67266              : IntAlu :  D=0x000000000001a032
 212000: system.cpu: T0 : 0x2a6f0    : c_addi sp, -32             : IntAlu :  D=0x7ffffffffffffd50
 212500: system.cpu: T0 : 0x2a6f2    : c_sdsp s2, 0(sp)           : MemWrite :  D=0x0000000000000067 A=0x7ffffffffffffd50
 213000: system.cpu: T0 : 0x2a6f4    : c_sdsp s1, 8(sp)           : MemWrite :  D=0x000000000001a1e2 A=0x7ffffffffffffd58
 214000: system.cpu: T0 : 0x2a6f6    : ld s1, -1200(gp)           : MemRead :  D=0x0000000000000000 A=0x79b98
 214500: system.cpu: T0 : 0x2a6fa    : c_sdsp s0, 16(sp)          : MemWrite :  D=0x0000000000077ad0 A=0x7ffffffffffffd60
 215000: system.cpu: T0 : 0x2a6fc    : c_sdsp ra, 24(sp)          : MemWrite :  D=0x000000000001a032 A=0x7ffffffffffffd68
 215500: system.cpu: T0 : 0x2a6fe    : c_mv s0, a0                : IntAlu :  D=0x0000000000000f80
 216000: system.cpu: T0 : 0x2a700    : c_beqz s1, 46              : IntAlu : 
 216500: system.cpu: T0 : 0x2a72e    : c_li a0, 0                 : IntAlu :  D=0x0000000000000000
 217000: system.cpu: T0 : 0x2a730    : jal ra, 98418              : IntAlu :  D=0x000000000002a734
 217500: system.cpu: T0 : 0x427a2    : c_mv a5, a0                : IntAlu :  D=0x0000000000000000
 218000: system.cpu: T0 : 0x427a4    : addi a7, zero, 214         : IntAlu :  D=0x00000000000000d6
 218500: system.cpu: T0 : 0x427a8    : ecall                      : No_OpClass : 
 219000: system.cpu: T0 : 0x427ac    : sd a0, -1200(gp)           : MemWrite :  D=0x000000000007c000 A=0x79b98
 219500: system.cpu: T0 : 0x427b0    : bltu a0, a5, 8             : IntAlu : 
 220000: system.cpu: T0 : 0x427b4    : c_li a0, 0                 : IntAlu :  D=0x0000000000000000
 220500: system.cpu: T0 : 0x427b6    : c_jr ra                    : IntAlu : 
 221000: system.cpu: T0 : 0x2a734    : blt a0, zero, -22          : IntAlu : 
 221500: system.cpu: T0 : 0x2a738    : ld s1, -1200(gp)           : MemRead :  D=0x000000000007c000 A=0x79b98
 222000: system.cpu: T0 : 0x2a73c    : c_j -52                    : IntAlu : 
 222500: system.cpu: T0 : 0x2a708    : c_beqz s0, 24              : IntAlu : 
 223500: system.cpu: T0 : 0x2a70a    : bge zero, s0, 52           : IntAlu : 
 224500: system.cpu: T0 : 0x2a70e    : add a5, s0, s1             : IntAlu :  D=0x000000000007cf80
 225500: system.cpu: T0 : 0x2a712    : sltu a5, a5, s1            : IntAlu :  D=0x0000000000000000
 226000: system.cpu: T0 : 0x2a716    : c_beqz a5, 50              : IntAlu : 
 226500: system.cpu: T0 : 0x2a748    : add a0, s1, s0             : IntAlu :  D=0x000000000007cf80
 227000: system.cpu: T0 : 0x2a74c    : jal ra, 98390              : IntAlu :  D=0x000000000002a750
 227500: system.cpu: T0 : 0x427a2    : c_mv a5, a0                : IntAlu :  D=0x000000000007cf80
 228000: system.cpu: T0 : 0x427a4    : addi a7, zero, 214         : IntAlu :  D=0x00000000000000d6
 228500: system.cpu: T0 : 0x427a8    : ecall                      : No_OpClass : 
 229000: system.cpu: T0 : 0x427ac    : sd a0, -1200(gp)           : MemWrite :  D=0x000000000007cf80 A=0x79b98
 229500: system.cpu: T0 : 0x427b0    : bltu a0, a5, 8             : IntAlu : 
 230000: system.cpu: T0 : 0x427b4    : c_li a0, 0                 : IntAlu :  D=0x0000000000000000
 230500: system.cpu: T0 : 0x427b6    : c_jr ra                    : IntAlu : 
 231000: system.cpu: T0 : 0x2a750    : blt a0, zero, -50          : IntAlu : 
 231500: system.cpu: T0 : 0x2a754    : c_ldsp ra, 24(sp)          : MemRead :  D=0x000000000001a032 A=0x7ffffffffffffd68
 232000: system.cpu: T0 : 0x2a756    : c_ldsp s0, 16(sp)          : MemRead :  D=0x0000000000077ad0 A=0x7ffffffffffffd60
 232500: system.cpu: T0 : 0x2a758    : c_ldsp s2, 0(sp)           : MemRead :  D=0x0000000000000067 A=0x7ffffffffffffd50
 233000: system.cpu: T0 : 0x2a75a    : c_mv a0, s1                : IntAlu :  D=0x000000000007c000
 233500: system.cpu: T0 : 0x2a75c    : c_ldsp s1, 8(sp)           : MemRead :  D=0x000000000001a1e2 A=0x7ffffffffffffd58
 234000: system.cpu: T0 : 0x2a75e    : c_addi16sp sp, 32          : IntAlu :  D=0x7ffffffffffffd70
 234500: system.cpu: T0 : 0x2a760    : c_jr ra                    : IntAlu : 
 235500: system.cpu: T0 : 0x1a032    : divu s2, s2, s9            : IntDiv :  D=0x000000000000000c
 236000: system.cpu: T0 : 0x1a036    : c_ldsp a4, 0(sp)           : MemRead :  D=0x000000000000000f A=0x7ffffffffffffd70
 236500: system.cpu: T0 : 0x1a038    : c_ldsp a5, 8(sp)           : MemRead :  D=0x0000000000000000 A=0x7ffffffffffffd78
 237500: system.cpu: T0 : 0x1a03a    : addi s1, a0, 1808          : IntAlu :  D=0x000000000007c710
 238000: system.cpu: T0 : 0x1a03e    : c_add s1, a4               : IntAlu :  D=0x000000000007c71f
 238500: system.cpu: T0 : 0x1a040    : and s1, s1, s11            : IntAlu :  D=0x000000000007c710
 239000: system.cpu: T0 : 0x1a044    : lui a4, 123                : IntAlu :  D=0x000000000007b000
 239500: system.cpu: T0 : 0x1a048    : addi a4, a4, -1528         : IntAlu :  D=0x000000000007aa08
 240000: system.cpu: T0 : 0x1a04c    : add a0, s1, s7             : IntAlu :  D=0x000000000007c710
 240500: system.cpu: T0 : 0x1a050    : sd a5, 1088(s3)            : MemWrite :  D=0x0000000000000000 A=0x792a8
 241000: system.cpu: T0 : 0x1a054    : addi a5, zero, 62          : IntAlu :  D=0x000000000000003e
 241500: system.cpu: T0 : 0x1a058    : c_mv a2, s4                : IntAlu :  D=0x0000000000000020
 242000: system.cpu: T0 : 0x1a05a    : c_sd a5, 0(a4)             : MemWrite :  D=0x000000000000003e A=0x7aa08
 242500: system.cpu: T0 : 0x1a05c    : c_mv a1, s0                : IntAlu :  D=0x0000000000077ad0
 243000: system.cpu: T0 : 0x1a05e    : c_sd a0, 32(a4)            : MemWrite :  D=0x000000000007c710 A=0x7aa28
 243500: system.cpu: T0 : 0x1a060    : sd zero, 40(a4)            : MemWrite :  D=0x0000000000000000 A=0x7aa30
 244000: system.cpu: T0 : 0x1a064    : jal ra, 61728              : IntAlu :  D=0x000000000001a068
 244500: system.cpu: T0 : 0x29184    : c_addi16sp sp, -48         : IntAlu :  D=0x7ffffffffffffd40
 245000: system.cpu: T0 : 0x29186    : c_sdsp s0, 32(sp)          : MemWrite :  D=0x0000000000077ad0 A=0x7ffffffffffffd60
 245500: system.cpu: T0 : 0x29188    : c_sdsp s2, 16(sp)          : MemWrite :  D=0x000000000000000c A=0x7ffffffffffffd50
 246000: system.cpu: T0 : 0x2918a    : c_sdsp ra, 40(sp)          : MemWrite :  D=0x000000000001a068 A=0x7ffffffffffffd68
 246500: system.cpu: T0 : 0x2918c    : c_sdsp s1, 24(sp)          : MemWrite :  D=0x000000000007c710 A=0x7ffffffffffffd58
 247000: system.cpu: T0 : 0x2918e    : c_sdsp s3, 8(sp)           : MemWrite :  D=0x0000000000078e68 A=0x7ffffffffffffd48
 247500: system.cpu: T0 : 0x29190    : c_li a5, 15                : IntAlu :  D=0x000000000000000f
 248000: system.cpu: T0 : 0x29192    : c_mv s2, a0                : IntAlu :  D=0x000000000007c710
 248500: system.cpu: T0 : 0x29194    : c_mv a4, a0                : IntAlu :  D=0x000000000007c710
 249000: system.cpu: T0 : 0x29196    : c_mv s0, a1                : IntAlu :  D=0x0000000000077ad0
 249500: system.cpu: T0 : 0x29198    : bgeu a5, a2, 72            : IntAlu : 
 250000: system.cpu: T0 : 0x2919c    : sub a0, zero, a0           : IntAlu :  D=0xfffffffffff838f0
 250500: system.cpu: T0 : 0x291a0    : c_andi a0, 7               : IntAlu :  D=0x0000000000000000
 251500: system.cpu: T0 : 0x291a2    : sub s1, a2, a0             : IntAlu :  D=0x0000000000000020
 252000: system.cpu: T0 : 0x291a6    : c_beqz a0, 110             : IntAlu : 
 252500: system.cpu: T0 : 0x29214    : c_mv s3, s2                : IntAlu :  D=0x000000000007c710
 253000: system.cpu: T0 : 0x29216    : c_j -84                    : IntAlu : 
 254000: system.cpu: T0 : 0x291c2    : andi a5, s0, 7             : IntAlu :  D=0x0000000000000000
 255000: system.cpu: T0 : 0x291c6    : srli a2, s1, 3             : IntAlu :  D=0x0000000000000004
 255500: system.cpu: T0 : 0x291ca    : c_mv a1, s0                : IntAlu :  D=0x0000000000077ad0
 256000: system.cpu: T0 : 0x291cc    : c_mv a0, s3                : IntAlu :  D=0x000000000007c710
 256500: system.cpu: T0 : 0x291ce    : c_bnez a5, 64              : IntAlu : 
 257000: system.cpu: T0 : 0x291d0    : jal ra, 72                 : IntAlu :  D=0x00000000000291d4
 257500: system.cpu: T0 : 0x29218    : andi a5, a2, 7             : IntAlu :  D=0x0000000000000004
 258000: system.cpu: T0 : 0x2921c    : lui a4, 88                 : IntAlu :  D=0x0000000000058000
 258500: system.cpu: T0 : 0x29220    : c_slli a5, 2               : IntAlu :  D=0x0000000000000010
 259500: system.cpu: T0 : 0x29222    : addi a4, a4, 1880          : IntAlu :  D=0x0000000000058758
 260000: system.cpu: T0 : 0x29226    : c_add a5, a4               : IntAlu :  D=0x0000000000058768
 260500: system.cpu: T0 : 0x29228    : c_lw a5, 0(a5)             : MemRead :  D=0x00000000000292c2 A=0x58768
 261000: system.cpu: T0 : 0x2922a    : c_jr a5                    : IntAlu : 
 262000: system.cpu: T0 : 0x292c2    : ld a6, 0(a1)               : MemRead :  D=0x0000000000079680 A=0x77ad0
 262500: system.cpu: T0 : 0x292c6    : c_mv a3, a0                : IntAlu :  D=0x000000000007c710
 263000: system.cpu: T0 : 0x292c8    : c_addi a1, -32             : IntAlu :  D=0x0000000000077ab0
 264000: system.cpu: T0 : 0x292ca    : addi a5, a0, -40           : IntAlu :  D=0x000000000007c6e8
 264500: system.cpu: T0 : 0x292ce    : c_addi a2, 4               : IntAlu :  D=0x0000000000000008
 265000: system.cpu: T0 : 0x292d0    : c_j -124                   : IntAlu : 
 265500: system.cpu: T0 : 0x29254    : c_ld a4, 40(a1)            : MemRead :  D=0x0000000000079680 A=0x77ad8
 266500: system.cpu: T0 : 0x29256    : addi a0, a5, 48            : IntAlu :  D=0x000000000007c718
 267500: system.cpu: T0 : 0x2925a    : sd a6, 0(a3)               : MemWrite :  D=0x0000000000079680 A=0x7c710
 268500: system.cpu: T0 : 0x2925a    : sd a6, 0(a3)               : MemWrite :  D=0x0000000000079680 A=0x7c710
 269500: system.cpu: T0 : 0x2925e    : ld a6, 48(a1)              : MemRead :  D=0x0000000000079688 A=0x77ae0
 270500: system.cpu: T0 : 0x29262    : addi a3, a5, 56            : IntAlu :  D=0x000000000007c720
 271000: system.cpu: T0 : 0x29266    : c_sd a4, 0(a0)             : MemWrite :  D=0x0000000000079680 A=0x7c718
 271500: system.cpu: T0 : 0x29268    : c_ld a4, 56(a1)            : MemRead :  D=0x00000000000796a0 A=0x77ae8
 272500: system.cpu: T0 : 0x2926a    : addi a5, a5, 64            : IntAlu :  D=0x000000000007c728
 273500: system.cpu: T0 : 0x2926e    : sd a6, 0(a3)               : MemWrite :  D=0x0000000000079688 A=0x7c720
 274000: system.cpu: T0 : 0x29272    : c_addi a2, -8              : IntAlu :  D=0x0000000000000000
 274500: system.cpu: T0 : 0x29274    : c_mv a0, a5                : IntAlu :  D=0x000000000007c728
 275500: system.cpu: T0 : 0x29276    : addi a1, a1, 64            : IntAlu :  D=0x0000000000077af0
 276000: system.cpu: T0 : 0x2927a    : c_beqz a2, 24              : IntAlu : 
 276500: system.cpu: T0 : 0x29292    : c_sd a4, 0(a0)             : MemWrite :  D=0x00000000000796a0 A=0x7c728
 277000: system.cpu: T0 : 0x29294    : c_jr ra                    : IntAlu : 
 277500: system.cpu: T0 : 0x291d4    : andi a4, s1, 18446744073709551608 : IntAlu :  D=0x0000000000000020
 278000: system.cpu: T0 : 0x291d8    : c_add s0, a4               : IntAlu :  D=0x0000000000077af0
 279000: system.cpu: T0 : 0x291da    : andi a2, s1, 7             : IntAlu :  D=0x0000000000000000
 279500: system.cpu: T0 : 0x291de    : c_add a4, s3               : IntAlu :  D=0x000000000007c730
 280000: system.cpu: T0 : 0x291e0    : c_addi a4, -1              : IntAlu :  D=0x000000000007c72f
 280500: system.cpu: T0 : 0x291e2    : c_mv a5, s0                : IntAlu :  D=0x0000000000077af0
 281000: system.cpu: T0 : 0x291e4    : add a1, a2, s0             : IntAlu :  D=0x0000000000077af0
 281500: system.cpu: T0 : 0x291e8    : c_sub a4, s0               : IntAlu :  D=0x0000000000004c3f
 282000: system.cpu: T0 : 0x291ea    : c_beqz a2, 20              : IntAlu : 
 282500: system.cpu: T0 : 0x291fe    : c_ldsp ra, 40(sp)          : MemRead :  D=0x000000000001a068 A=0x7ffffffffffffd68
 283000: system.cpu: T0 : 0x29200    : c_ldsp s0, 32(sp)          : MemRead :  D=0x0000000000077ad0 A=0x7ffffffffffffd60
 283500: system.cpu: T0 : 0x29202    : c_ldsp s1, 24(sp)          : MemRead :  D=0x000000000007c710 A=0x7ffffffffffffd58
 284000: system.cpu: T0 : 0x29204    : c_ldsp s3, 8(sp)           : MemRead :  D=0x0000000000078e68 A=0x7ffffffffffffd48
 284500: system.cpu: T0 : 0x29206    : c_mv a0, s2                : IntAlu :  D=0x000000000007c710
 285000: system.cpu: T0 : 0x29208    : c_ldsp s2, 16(sp)          : MemRead :  D=0x000000000000000c A=0x7ffffffffffffd50
 285500: system.cpu: T0 : 0x2920a    : c_addi16sp sp, 48          : IntAlu :  D=0x7ffffffffffffd70
 286000: system.cpu: T0 : 0x2920c    : c_jr ra                    : IntAlu : 
 286500: system.cpu: T0 : 0x1a068    : lui a5, 123                : IntAlu :  D=0x000000000007b000
 287000: system.cpu: T0 : 0x1a06c    : addi a5, a5, -1512         : IntAlu :  D=0x000000000007aa18
 287500: system.cpu: T0 : 0x1a070    : ld a4, -1968(gp)           : MemRead :  D=0x0000000000000800 A=0x79898
 288000: system.cpu: T0 : 0x1a074    : addi a3, gp, -952          : IntAlu :  D=0x0000000000079c90
 288500: system.cpu: T0 : 0x1a078    : sd a5, -16(s1)             : MemWrite :  D=0x000000000007aa18 A=0x7c700
 289000: system.cpu: T0 : 0x1a07c    : addi a2, zero, 64          : IntAlu :  D=0x0000000000000040
 289500: system.cpu: T0 : 0x1a080    : c_li a5, 1                 : IntAlu :  D=0x0000000000000001
 290000: system.cpu: T0 : 0x1a082    : c_sd a2, 0(a3)             : MemWrite :  D=0x0000000000000040 A=0x79c90
 290500: system.cpu: T0 : 0x1a084    : lui a2, 123                : IntAlu :  D=0x000000000007b000
 291000: system.cpu: T0 : 0x1a088    : sd a5, -1536(a2)           : MemWrite :  D=0x0000000000000001 A=0x7aa00
 291500: system.cpu: T0 : 0x1a08c    : lui a2, 123                : IntAlu :  D=0x000000000007b000
 292000: system.cpu: T0 : 0x1a090    : sd s3, 40(a3)              : MemWrite :  D=0x0000000000078e68 A=0x79cb8
 292500: system.cpu: T0 : 0x1a094    : sd a3, -504(a2)            : MemWrite :  D=0x0000000000079c90 A=0x7ae08
 293000: system.cpu: T0 : 0x1a098    : lui a3, 123                : IntAlu :  D=0x000000000007b000
 293500: system.cpu: T0 : 0x1a09c    : sd s8, -1544(a3)           : MemWrite :  D=0x0000000000000010 A=0x7a9f8
 294000: system.cpu: T0 : 0x1a0a0    : lui a3, 123                : IntAlu :  D=0x000000000007b000
 294500: system.cpu: T0 : 0x1a0a4    : sd a5, 1096(s3)            : MemWrite :  D=0x0000000000000001 A=0x792b0
 295000: system.cpu: T0 : 0x1a0a8    : sd a5, -480(a3)            : MemWrite :  D=0x0000000000000001 A=0x7ae20
 295500: system.cpu: T0 : 0x1a0ac    : c_addi a4, 15              : IntAlu :  D=0x000000000000080f
 296500: system.cpu: T0 : 0x1a0ae    : sd s0, 1048(s3)            : MemWrite :  D=0x0000000000077ad0 A=0x79280
 297000: system.cpu: T0 : 0x1a0b2    : c_ldsp ra, 120(sp)         : MemRead :  D=0x0000000000019cf0 A=0x7ffffffffffffde8
 297500: system.cpu: T0 : 0x1a0b4    : c_ldsp s0, 112(sp)         : MemRead :  D=0x000000000001a152 A=0x7ffffffffffffde0
 298500: system.cpu: T0 : 0x1a0b6    : sd s5, 1072(s3)            : MemWrite :  D=0x0000000000000008 A=0x79298
 299500: system.cpu: T0 : 0x1a0ba    : sd s10, 1064(s3)           : MemWrite :  D=0x0000000000000060 A=0x79290
 300500: system.cpu: T0 : 0x1a0be    : sd s4, 1056(s3)            : MemWrite :  D=0x0000000000000020 A=0x79288
 301000: system.cpu: T0 : 0x1a0c2    : c_ldsp s5, 72(sp)          : MemRead :  D=0x0000000000000000 A=0x7ffffffffffffdb8
 301500: system.cpu: T0 : 0x1a0c4    : c_ldsp s3, 88(sp)          : MemRead :  D=0x0000000000000000 A=0x7ffffffffffffdc8
 302000: system.cpu: T0 : 0x1a0c6    : c_ldsp s4, 80(sp)          : MemRead :  D=0x0000000000000000 A=0x7ffffffffffffdc0
 302500: system.cpu: T0 : 0x1a0c8    : c_ldsp s8, 48(sp)          : MemRead :  D=0x0000000000000000 A=0x7ffffffffffffda0
 303000: system.cpu: T0 : 0x1a0ca    : c_ldsp s10, 32(sp)         : MemRead :  D=0x0000000000000000 A=0x7ffffffffffffd90
 303500: system.cpu: T0 : 0x1a0cc    : c_ldsp s11, 24(sp)         : MemRead :  D=0x0000000000000000 A=0x7ffffffffffffd88
 304000: system.cpu: T0 : 0x1a0ce    : c_mv tp, s1                : IntAlu :  D=0x000000000007c710
 304500: system.cpu: T0 : 0x1a0d0    : c_ldsp s1, 104(sp)         : MemRead :  D=0x000000000001a1e2 A=0x7ffffffffffffdd8
 305500: system.cpu: T0 : 0x1a0d2    : mul s2, s2, s9             : IntMult :  D=0x0000000000000060
 306000: system.cpu: T0 : 0x1a0d6    : c_ldsp s9, 40(sp)          : MemRead :  D=0x0000000000000000 A=0x7ffffffffffffd98
 306500: system.cpu: T0 : 0x1a0d8    : add a5, s2, s7             : IntAlu :  D=0x0000000000000060
 307000: system.cpu: T0 : 0x1a0dc    : c_add a4, a5               : IntAlu :  D=0x000000000000086f
 307500: system.cpu: T0 : 0x1a0de    : c_andi a4, 18446744073709551600 : IntAlu :  D=0x0000000000000860
 308000: system.cpu: T0 : 0x1a0e0    : sd a4, -1968(gp)           : MemWrite :  D=0x0000000000000860 A=0x79898
 308500: system.cpu: T0 : 0x1a0e4    : lui a4, 123                : IntAlu :  D=0x000000000007b000
 309000: system.cpu: T0 : 0x1a0e8    : sd a5, -1552(a4)           : MemWrite :  D=0x0000000000000060 A=0x7a9f0
 309500: system.cpu: T0 : 0x1a0ec    : c_ldsp s2, 96(sp)          : MemRead :  D=0x0000000000000000 A=0x7ffffffffffffdd0
 310000: system.cpu: T0 : 0x1a0ee    : c_ldsp s6, 64(sp)          : MemRead :  D=0x0000000000000000 A=0x7ffffffffffffdb0
 310500: system.cpu: T0 : 0x1a0f0    : c_ldsp s7, 56(sp)          : MemRead :  D=0x0000000000000000 A=0x7ffffffffffffda8
 311000: system.cpu: T0 : 0x1a0f2    : c_addi16sp sp, 128         : IntAlu :  D=0x7ffffffffffffdf0
 311500: system.cpu: T0 : 0x1a0f4    : c_jr ra                    : IntAlu : 
 312000: system.cpu: T0 : 0x19cf0    : lui a5, 120                : IntAlu :  D=0x0000000000078000
 312500: system.cpu: T0 : 0x19cf4    : ld a5, -128(a5)            : MemRead :  D=0x7fffffffffffffd8 A=0x77f80
 313000: system.cpu: T0 : 0x19cf8    : lw a7, -1728(gp)           : MemRead :  D=0x0000000000000000 A=0x79988
 313500: system.cpu: T0 : 0x19cfc    : lbu a6, 1(a5)              : MemRead :  D=0x000000000000002e A=0x7fffffffffffffd9
 314000: system.cpu: T0 : 0x19d00    : lbu a4, 0(a5)              : MemRead :  D=0x0000000000000000 A=0x7fffffffffffffd8
 314500: system.cpu: T0 : 0x19d04    : lbu a0, 2(a5)              : MemRead :  D=0x000000000000002e A=0x7fffffffffffffda
 315000: system.cpu: T0 : 0x19d08    : lbu a1, 3(a5)              : MemRead :  D=0x000000000000002f A=0x7fffffffffffffdb
 315500: system.cpu: T0 : 0x19d0c    : lbu a2, 4(a5)              : MemRead :  D=0x0000000000000044 A=0x7fffffffffffffdc
 316000: system.cpu: T0 : 0x19d10    : c_slli a6, 8               : IntAlu :  D=0x0000000000002e00
 317000: system.cpu: T0 : 0x19d12    : lbu a3, 5(a5)              : MemRead :  D=0x000000000000006f A=0x7fffffffffffffdd
 318000: system.cpu: T0 : 0x19d16    : or a6, a6, a4              : IntAlu :  D=0x0000000000002e00
 318500: system.cpu: T0 : 0x19d1a    : c_slli a0, 16              : IntAlu :  D=0x00000000002e0000
 319000: system.cpu: T0 : 0x19d1c    : lbu a4, 6(a5)              : MemRead :  D=0x0000000000000077 A=0x7fffffffffffffde
 319500: system.cpu: T0 : 0x19d20    : or a0, a0, a6              : IntAlu :  D=0x00000000002e2e00
 320000: system.cpu: T0 : 0x19d24    : c_slli a1, 24              : IntAlu :  D=0x000000002f000000
 321000: system.cpu: T0 : 0x19d26    : lbu a5, 7(a5)              : MemRead :  D=0x000000000000006e A=0x7fffffffffffffdf
 321500: system.cpu: T0 : 0x19d2a    : c_or a1, a0                : IntAlu :  D=0x000000002f2e2e00
 322000: system.cpu: T0 : 0x19d2c    : c_slli a2, 32              : IntAlu :  D=0x0000004400000000
 322500: system.cpu: T0 : 0x19d2e    : c_or a2, a1                : IntAlu :  D=0x000000442f2e2e00
 323000: system.cpu: T0 : 0x19d30    : c_slli a3, 40              : IntAlu :  D=0x00006f0000000000
 323500: system.cpu: T0 : 0x19d32    : c_or a3, a2                : IntAlu :  D=0x00006f442f2e2e00
 324000: system.cpu: T0 : 0x19d34    : c_slli a4, 48              : IntAlu :  D=0x0077000000000000
 324500: system.cpu: T0 : 0x19d36    : c_or a4, a3                : IntAlu :  D=0x00776f442f2e2e00
 325000: system.cpu: T0 : 0x19d38    : c_slli a5, 56              : IntAlu :  D=0x6e00000000000000
 325500: system.cpu: T0 : 0x19d3a    : c_or a5, a4                : IntAlu :  D=0x6e776f442f2e2e00
 326000: system.cpu: T0 : 0x19d3c    : andi a5, a5, 18446744073709551360 : IntAlu :  D=0x6e776f442f2e2e00
 326500: system.cpu: T0 : 0x19d40    : lui a4, 120                : IntAlu :  D=0x0000000000078000
 327000: system.cpu: T0 : 0x19d44    : sd a5, -1264(a4)           : MemWrite :  D=0x6e776f442f2e2e00 A=0x77b10
 327500: system.cpu: T0 : 0x19d48    : beq a7, zero, 286          : IntAlu : 
 328500: system.cpu: T0 : 0x19e66    : jal ra, 75268              : IntAlu :  D=0x0000000000019e6a
 329000: system.cpu: T0 : 0x2c46a    : c_addi16sp sp, -496        : IntAlu :  D=0x7ffffffffffffc00
 329500: system.cpu: T0 : 0x2c46c    : c_addi4spn a0, sp, 72      : IntAlu :  D=0x7ffffffffffffc48
 330000: system.cpu: T0 : 0x2c46e    : c_sdsp ra, 488(sp)         : MemWrite :  D=0x0000000000019e6a A=0x7ffffffffffffde8
 330500: system.cpu: T0 : 0x2c470    : c_sdsp s0, 480(sp)         : MemWrite :  D=0x000000000001a152 A=0x7ffffffffffffde0
 331000: system.cpu: T0 : 0x2c472    : c_sdsp s1, 472(sp)         : MemWrite :  D=0x000000000001a1e2 A=0x7ffffffffffffdd8
 331500: system.cpu: T0 : 0x2c474    : jal ra, 90520              : IntAlu :  D=0x000000000002c478
 332000: system.cpu: T0 : 0x4260c    : addi a7, zero, 160         : IntAlu :  D=0x00000000000000a0
 332500: system.cpu: T0 : 0x42610    : ecall                      : No_OpClass : 
 333000: system.cpu: T0 : 0x42614    : c_lui a7, 1048575          : IntAlu :  D=0xfffffffffffff000
 334000: system.cpu: T0 : 0x42616    : bltu a7, a0, 6             : IntAlu : 
 334500: system.cpu: T0 : 0x4261a    : c_jr ra                    : IntAlu : 
 335000: system.cpu: T0 : 0x2c478    : addi a3, sp, 202           : IntAlu :  D=0x7ffffffffffffcca
 335500: system.cpu: T0 : 0x2c47c    : c_bnez a0, 140             : IntAlu : 
 336000: system.cpu: T0 : 0x2c47e    : c_li t1, 0                 : IntAlu :  D=0x0000000000000000
 336500: system.cpu: T0 : 0x2c480    : c_li a0, 0                 : IntAlu :  D=0x0000000000000000
 337000: system.cpu: T0 : 0x2c482    : c_li a7, 9                 : IntAlu :  D=0x0000000000000009
 337500: system.cpu: T0 : 0x2c484    : addi t3, zero, 46          : IntAlu :  D=0x000000000000002e
 338000: system.cpu: T0 : 0x2c488    : c_li t4, 3                 : IntAlu :  D=0x0000000000000003
 339000: system.cpu: T0 : 0x2c48a    : lbu a5, 0(a3)              : MemRead :  D=0x0000000000000035 A=0x7ffffffffffffcca
 340000: system.cpu: T0 : 0x2c48e    : addiw a5, a5, -48          : IntAlu :  D=0x0000000000000005
 341000: system.cpu: T0 : 0x2c492    : andi a4, a5, 255           : IntAlu :  D=0x0000000000000005
 342000: system.cpu: T0 : 0x2c496    : bltu a7, a4, 98            : IntAlu : 
 343000: system.cpu: T0 : 0x2c49a    : lbu a1, 1(a3)              : MemRead :  D=0x000000000000002e A=0x7ffffffffffffccb
 344000: system.cpu: T0 : 0x2c49e    : addiw a4, a5, 0            : IntAlu :  D=0x0000000000000005
 344500: system.cpu: T0 : 0x2c4a2    : c_addi a3, 1               : IntAlu :  D=0x7ffffffffffffccb
 345000: system.cpu: T0 : 0x2c4a4    : addiw a2, a1, -48          : IntAlu :  D=0xfffffffffffffffe
 345500: system.cpu: T0 : 0x2c4a8    : andi a5, a2, 255           : IntAlu :  D=0x00000000000000fe
 346000: system.cpu: T0 : 0x2c4ac    : bltu a7, a5, 36            : IntAlu : 
 346500: system.cpu: T0 : 0x2c4d0    : slliw a5, a0, 8            : IntAlu :  D=0x0000000000000000
 347000: system.cpu: T0 : 0x2c4d4    : c_or a5, a4                : IntAlu :  D=0x0000000000000005
 347500: system.cpu: T0 : 0x2c4d6    : c_addiw t1, 1              : IntAlu :  D=0x0000000000000001
 348000: system.cpu: T0 : 0x2c4d8    : addiw a0, a5, 0            : IntAlu :  D=0x0000000000000005
 348500: system.cpu: T0 : 0x2c4dc    : c_addi a3, 1               : IntAlu :  D=0x7ffffffffffffccc
 349500: system.cpu: T0 : 0x2c4de    : bne a1, t3, 20             : IntAlu : 
 350500: system.cpu: T0 : 0x2c4e2    : bne t1, t4, -88            : IntAlu : 
 351500: system.cpu: T0 : 0x2c48a    : lbu a5, 0(a3)              : MemRead :  D=0x0000000000000031 A=0x7ffffffffffffccc
 352500: system.cpu: T0 : 0x2c48e    : addiw a5, a5, -48          : IntAlu :  D=0x0000000000000001
 353500: system.cpu: T0 : 0x2c492    : andi a4, a5, 255           : IntAlu :  D=0x0000000000000001
 354500: system.cpu: T0 : 0x2c496    : bltu a7, a4, 98            : IntAlu : 
 355500: system.cpu: T0 : 0x2c49a    : lbu a1, 1(a3)              : MemRead :  D=0x000000000000002e A=0x7ffffffffffffccd
 356500: system.cpu: T0 : 0x2c49e    : addiw a4, a5, 0            : IntAlu :  D=0x0000000000000001
 357000: system.cpu: T0 : 0x2c4a2    : c_addi a3, 1               : IntAlu :  D=0x7ffffffffffffccd
 357500: system.cpu: T0 : 0x2c4a4    : addiw a2, a1, -48          : IntAlu :  D=0xfffffffffffffffe
 358000: system.cpu: T0 : 0x2c4a8    : andi a5, a2, 255           : IntAlu :  D=0x00000000000000fe
 358500: system.cpu: T0 : 0x2c4ac    : bltu a7, a5, 36            : IntAlu : 
 359000: system.cpu: T0 : 0x2c4d0    : slliw a5, a0, 8            : IntAlu :  D=0x0000000000000500
 359500: system.cpu: T0 : 0x2c4d4    : c_or a5, a4                : IntAlu :  D=0x0000000000000501
 360000: system.cpu: T0 : 0x2c4d6    : c_addiw t1, 1              : IntAlu :  D=0x0000000000000002
 360500: system.cpu: T0 : 0x2c4d8    : addiw a0, a5, 0            : IntAlu :  D=0x0000000000000501
 361000: system.cpu: T0 : 0x2c4dc    : c_addi a3, 1               : IntAlu :  D=0x7ffffffffffffcce
 362000: system.cpu: T0 : 0x2c4de    : bne a1, t3, 20             : IntAlu : 
 363000: system.cpu: T0 : 0x2c4e2    : bne t1, t4, -88            : IntAlu : 
 364000: system.cpu: T0 : 0x2c48a    : lbu a5, 0(a3)              : MemRead :  D=0x0000000000000030 A=0x7ffffffffffffcce
 365000: system.cpu: T0 : 0x2c48e    : addiw a5, a5, -48          : IntAlu :  D=0x0000000000000000
 366000: system.cpu: T0 : 0x2c492    : andi a4, a5, 255           : IntAlu :  D=0x0000000000000000
 367000: system.cpu: T0 : 0x2c496    : bltu a7, a4, 98            : IntAlu : 
 368000: system.cpu: T0 : 0x2c49a    : lbu a1, 1(a3)              : MemRead :  D=0x0000000000000000 A=0x7ffffffffffffccf
 369000: system.cpu: T0 : 0x2c49e    : addiw a4, a5, 0            : IntAlu :  D=0x0000000000000000
 369500: system.cpu: T0 : 0x2c4a2    : c_addi a3, 1               : IntAlu :  D=0x7ffffffffffffccf
 370000: system.cpu: T0 : 0x2c4a4    : addiw a2, a1, -48          : IntAlu :  D=0xffffffffffffffd0
 370500: system.cpu: T0 : 0x2c4a8    : andi a5, a2, 255           : IntAlu :  D=0x00000000000000d0
 371000: system.cpu: T0 : 0x2c4ac    : bltu a7, a5, 36            : IntAlu : 
 371500: system.cpu: T0 : 0x2c4d0    : slliw a5, a0, 8            : IntAlu :  D=0x0000000000050100
 372000: system.cpu: T0 : 0x2c4d4    : c_or a5, a4                : IntAlu :  D=0x0000000000050100
 372500: system.cpu: T0 : 0x2c4d6    : c_addiw t1, 1              : IntAlu :  D=0x0000000000000003
 373000: system.cpu: T0 : 0x2c4d8    : addiw a0, a5, 0            : IntAlu :  D=0x0000000000050100
 373500: system.cpu: T0 : 0x2c4dc    : c_addi a3, 1               : IntAlu :  D=0x7ffffffffffffcd0
 374500: system.cpu: T0 : 0x2c4de    : bne a1, t3, 20             : IntAlu : 
 375000: system.cpu: T0 : 0x2c4f2    : c_li a5, 3                 : IntAlu :  D=0x0000000000000003
 375500: system.cpu: T0 : 0x2c4f4    : beq t1, a5, -14            : IntAlu : 
 376000: system.cpu: T0 : 0x2c4e6    : c_addiw a0, 0              : IntAlu :  D=0x0000000000050100
 376500: system.cpu: T0 : 0x2c4e8    : c_ldsp ra, 488(sp)         : MemRead :  D=0x0000000000019e6a A=0x7ffffffffffffde8
 377000: system.cpu: T0 : 0x2c4ea    : c_ldsp s0, 480(sp)         : MemRead :  D=0x000000000001a152 A=0x7ffffffffffffde0
 377500: system.cpu: T0 : 0x2c4ec    : c_ldsp s1, 472(sp)         : MemRead :  D=0x000000000001a1e2 A=0x7ffffffffffffdd8
 378000: system.cpu: T0 : 0x2c4ee    : c_addi16sp sp, 496         : IntAlu :  D=0x7ffffffffffffdf0
 378500: system.cpu: T0 : 0x2c4f0    : c_jr ra                    : IntAlu : 
 379000: system.cpu: T0 : 0x19e6a    : c_mv a5, a0                : IntAlu :  D=0x0000000000050100
 379500: system.cpu: T0 : 0x19e6c    : blt a0, zero, 104          : IntAlu : 
 380000: system.cpu: T0 : 0x19e70    : lui a4, 123                : IntAlu :  D=0x000000000007b000
 380500: system.cpu: T0 : 0x19e74    : lw a3, -224(a4)            : MemRead :  D=0x0000000000000000 A=0x7af20
 381000: system.cpu: T0 : 0x19e78    : addiw a4, a0, 0            : IntAlu :  D=0x0000000000050100
 381500: system.cpu: T0 : 0x19e7c    : c_bnez a3, 82              : IntAlu : 
 382500: system.cpu: T0 : 0x19e7e    : lui a3, 123                : IntAlu :  D=0x000000000007b000
 383500: system.cpu: T0 : 0x19e82    : sw a4, -224(a3)            : MemWrite :  D=0x0000000000050100 A=0x7af20
 384500: system.cpu: T0 : 0x19e86    : lui a4, 65                 : IntAlu :  D=0x0000000000041000
 385500: system.cpu: T0 : 0x19e8a    : addi a4, a4, -257          : IntAlu :  D=0x0000000000040eff
 386500: system.cpu: T0 : 0x19e8e    : blt a4, a5, -322           : IntAlu : 
 387000: system.cpu: T0 : 0x19d4c    : addi a5, zero, 0           : IntAlu :  D=0x0000000000000000
 387500: system.cpu: T0 : 0x19d50    : c_beqz a5, 10              : IntAlu : 
 388500: system.cpu: T0 : 0x19d5a    : lui a5, 120                : IntAlu :  D=0x0000000000078000
 389500: system.cpu: T0 : 0x19d5e    : ld a5, -128(a5)            : MemRead :  D=0x7fffffffffffffd8 A=0x77f80
 390500: system.cpu: T0 : 0x19d62    : lbu a4, 14(a5)             : MemRead :  D=0x000000000000006e A=0x7fffffffffffffe6
 391500: system.cpu: T0 : 0x19d66    : lbu a7, 8(a5)              : MemRead :  D=0x000000000000006c A=0x7fffffffffffffe0
 392500: system.cpu: T0 : 0x19d6a    : lbu a6, 9(a5)              : MemRead :  D=0x000000000000006f A=0x7fffffffffffffe1
 393500: system.cpu: T0 : 0x19d6e    : lbu a0, 10(a5)             : MemRead :  D=0x0000000000000061 A=0x7fffffffffffffe2
 394500: system.cpu: T0 : 0x19d72    : lbu a1, 11(a5)             : MemRead :  D=0x0000000000000064 A=0x7fffffffffffffe3
 395500: system.cpu: T0 : 0x19d76    : lbu a2, 12(a5)             : MemRead :  D=0x0000000000000073 A=0x7fffffffffffffe4
 396500: system.cpu: T0 : 0x19d7a    : lbu a3, 13(a5)             : MemRead :  D=0x000000000000002f A=0x7fffffffffffffe5
 397500: system.cpu: T0 : 0x19d7e    : lbu a5, 15(a5)             : MemRead :  D=0x0000000000000073 A=0x7fffffffffffffe7
 398500: system.cpu: T0 : 0x19d82    : sb a7, 40(sp)              : MemWrite :  D=0x000000000000006c A=0x7ffffffffffffe18
 399500: system.cpu: T0 : 0x19d86    : sb a6, 41(sp)              : MemWrite :  D=0x000000000000006f A=0x7ffffffffffffe19
 400500: system.cpu: T0 : 0x19d8a    : sb a5, 47(sp)              : MemWrite :  D=0x0000000000000073 A=0x7ffffffffffffe1f
 401500: system.cpu: T0 : 0x19d8e    : sb a0, 42(sp)              : MemWrite :  D=0x0000000000000061 A=0x7ffffffffffffe1a
 402500: system.cpu: T0 : 0x19d92    : sb a1, 43(sp)              : MemWrite :  D=0x0000000000000064 A=0x7ffffffffffffe1b
 403500: system.cpu: T0 : 0x19d96    : sb a2, 44(sp)              : MemWrite :  D=0x0000000000000073 A=0x7ffffffffffffe1c
 404500: system.cpu: T0 : 0x19d9a    : sb a3, 45(sp)              : MemWrite :  D=0x000000000000002f A=0x7ffffffffffffe1d
 405500: system.cpu: T0 : 0x19d9e    : sb a4, 46(sp)              : MemWrite :  D=0x000000000000006e A=0x7ffffffffffffe1e
 406000: system.cpu: T0 : 0x19da2    : c_ldsp a4, 40(sp)          : MemRead :  D=0x736e2f7364616f6c A=0x7ffffffffffffe18
 406500: system.cpu: T0 : 0x19da4    : lui a5, 120                : IntAlu :  D=0x0000000000078000
 407000: system.cpu: T0 : 0x19da8    : sd a4, -1256(a5)           : MemWrite :  D=0x736e2f7364616f6c A=0x77b18
 407500: system.cpu: T0 : 0x19dac    : beq s2, zero, 14           : IntAlu : 
 408500: system.cpu: T0 : 0x19dba    : ld a2, -1360(gp)           : MemRead :  D=0x7fffffffffffff48 A=0x79af8
 409000: system.cpu: T0 : 0x19dbe    : c_ldsp a1, 16(sp)          : MemRead :  D=0x7fffffffffffff38 A=0x7ffffffffffffe00
 409500: system.cpu: T0 : 0x19dc0    : c_ldsp a0, 8(sp)           : MemRead :  D=0x0000000000000001 A=0x7ffffffffffffdf8
 410500: system.cpu: T0 : 0x19dc2    : jal ra, 75672              : IntAlu :  D=0x0000000000019dc6
 411000: system.cpu: T0 : 0x2c55a    : c_addi sp, -32             : IntAlu :  D=0x7ffffffffffffdd0
 411500: system.cpu: T0 : 0x2c55c    : c_sdsp s0, 16(sp)          : MemWrite :  D=0x000000000001a152 A=0x7ffffffffffffde0
 412000: system.cpu: T0 : 0x2c55e    : c_sdsp s1, 8(sp)           : MemWrite :  D=0x000000000001a1e2 A=0x7ffffffffffffdd8
 412500: system.cpu: T0 : 0x2c560    : c_sdsp s2, 0(sp)           : MemWrite :  D=0x0000000000000000 A=0x7ffffffffffffdd0
 413000: system.cpu: T0 : 0x2c562    : c_sdsp ra, 24(sp)          : MemWrite :  D=0x0000000000019dc6 A=0x7ffffffffffffde8
 413500: system.cpu: T0 : 0x2c564    : addi a4, zero, 0           : IntAlu :  D=0x0000000000000000
 414000: system.cpu: T0 : 0x2c568    : c_mv s0, a0                : IntAlu :  D=0x0000000000000001
 414500: system.cpu: T0 : 0x2c56a    : c_mv s1, a1                : IntAlu :  D=0x7fffffffffffff38
 415000: system.cpu: T0 : 0x2c56c    : c_mv s2, a2                : IntAlu :  D=0x7fffffffffffff48
 415500: system.cpu: T0 : 0x2c56e    : c_beqz a4, 62              : IntAlu : 
 416000: system.cpu: T0 : 0x2c5ac    : lw a0, -1248(gp)           : MemRead :  D=0x0000000000000000 A=0x79b68
 416500: system.cpu: T0 : 0x2c5b0    : lw a5, -1344(gp)           : MemRead :  D=0x0000000000000000 A=0x79b08
 417000: system.cpu: T0 : 0x2c5b4    : sw zero, -1728(gp)         : MemWrite :  D=0x0000000000000000 A=0x79988
 417500: system.cpu: T0 : 0x2c5b8    : beq a5, a0, -60            : IntAlu : 
 418000: system.cpu: T0 : 0x2c57c    : lui a5, 123                : IntAlu :  D=0x000000000007b000
 418500: system.cpu: T0 : 0x2c580    : sw s0, -200(a5)            : MemWrite :  D=0x0000000000000001 A=0x7af38
 419000: system.cpu: T0 : 0x2c584    : lui a5, 123                : IntAlu :  D=0x000000000007b000
 419500: system.cpu: T0 : 0x2c588    : sd s1, -192(a5)            : MemWrite :  D=0x7fffffffffffff38 A=0x7af40
 420000: system.cpu: T0 : 0x2c58c    : sd s2, -1360(gp)           : MemWrite :  D=0x7fffffffffffff48 A=0x79af8
 420500: system.cpu: T0 : 0x2c590    : jal ra, -2314              : IntAlu :  D=0x000000000002c594
 421000: system.cpu: T0 : 0x2bc86    : c_addi16sp sp, -160        : IntAlu :  D=0x7ffffffffffffd30
 421500: system.cpu: T0 : 0x2bc88    : c_sdsp ra, 152(sp)         : MemWrite :  D=0x000000000002c594 A=0x7ffffffffffffdc8
 422000: system.cpu: T0 : 0x2bc8a    : c_sdsp s1, 136(sp)         : MemWrite :  D=0x7fffffffffffff38 A=0x7ffffffffffffdb8
 422500: system.cpu: T0 : 0x2bc8c    : c_sdsp s2, 128(sp)         : MemWrite :  D=0x7fffffffffffff48 A=0x7ffffffffffffdb0
 423000: system.cpu: T0 : 0x2bc8e    : c_sdsp s3, 120(sp)         : MemWrite :  D=0x0000000000000000 A=0x7ffffffffffffda8
 423500: system.cpu: T0 : 0x2bc90    : c_sdsp s4, 112(sp)         : MemWrite :  D=0x0000000000000000 A=0x7ffffffffffffda0
 424000: system.cpu: T0 : 0x2bc92    : c_sdsp s0, 144(sp)         : MemWrite :  D=0x0000000000000001 A=0x7ffffffffffffdc0
 424500: system.cpu: T0 : 0x2bc94    : c_sdsp s5, 104(sp)         : MemWrite :  D=0x0000000000000000 A=0x7ffffffffffffd98
 425000: system.cpu: T0 : 0x2bc96    : c_sdsp s6, 96(sp)          : MemWrite :  D=0x0000000000000000 A=0x7ffffffffffffd90
 425500: system.cpu: T0 : 0x2bc98    : c_sdsp s7, 88(sp)          : MemWrite :  D=0x0000000000000000 A=0x7ffffffffffffd88
 426000: system.cpu: T0 : 0x2bc9a    : c_sdsp s8, 80(sp)          : MemWrite :  D=0x0000000000000000 A=0x7ffffffffffffd80
 426500: system.cpu: T0 : 0x2bc9c    : c_sdsp s9, 72(sp)          : MemWrite :  D=0x0000000000000000 A=0x7ffffffffffffd78
 427000: system.cpu: T0 : 0x2bc9e    : c_sdsp s10, 64(sp)         : MemWrite :  D=0x0000000000000000 A=0x7ffffffffffffd70
 427500: system.cpu: T0 : 0x2bca0    : lui s2, 123                : IntAlu :  D=0x000000000007b000
 428000: system.cpu: T0 : 0x2bca4    : jal ra, 116914             : IntAlu :  D=0x000000000002bca8
 428500: system.cpu: T0 : 0x48556    : c_lui t1, 1048575          : IntAlu :  D=0xfffffffffffff000
 429000: system.cpu: T0 : 0x48558    : c_addi16sp sp, -48         : IntAlu :  D=0x7ffffffffffffd00
 429500: system.cpu: T0 : 0x4855a    : c_addi t1, 16              : IntAlu :  D=0xfffffffffffff010
 430000: system.cpu: T0 : 0x4855c    : c_sdsp ra, 40(sp)          : MemWrite :  D=0x000000000002bca8 A=0x7ffffffffffffd28
 430500: system.cpu: T0 : 0x4855e    : c_sdsp s0, 32(sp)          : MemWrite :  D=0x0000000000000001 A=0x7ffffffffffffd20
 431000: system.cpu: T0 : 0x48560    : c_sdsp s1, 24(sp)          : MemWrite :  D=0x7fffffffffffff38 A=0x7ffffffffffffd18
 431500: system.cpu: T0 : 0x48562    : c_sdsp s2, 16(sp)          : MemWrite :  D=0x000000000007b000 A=0x7ffffffffffffd10
 432000: system.cpu: T0 : 0x48564    : lui a1, 108                : IntAlu :  D=0x000000000006c000
 432500: system.cpu: T0 : 0x48568    : c_add sp, t1               : IntAlu :  D=0x7fffffffffffed10
 433000: system.cpu: T0 : 0x4856a    : c_lui a5, 1048575          : IntAlu :  D=0xfffffffffffff000
 433500: system.cpu: T0 : 0x4856c    : addi a7, zero, 78          : IntAlu :  D=0x000000000000004e
 434000: system.cpu: T0 : 0x48570    : addi a0, zero, -100        : IntAlu :  D=0xffffffffffffff9c
 434500: system.cpu: T0 : 0x48574    : addi a1, a1, -1712         : IntAlu :  D=0x000000000006b950
 435000: system.cpu: T0 : 0x48578    : c_mv a2, sp                : IntAlu :  D=0x7fffffffffffed10
 435500: system.cpu: T0 : 0x4857a    : c_lui a3, 1                : IntAlu :  D=0x0000000000001000
 436000: system.cpu: T0 : 0x4857c    : ecall                      : No_OpClass : 
 436500: system.cpu: T0 : 0x48580    : c_addiw a0, 0              : IntAlu :  D=0xfffffffffffffffe
 437500: system.cpu: T0 : 0x48582    : bltu a5, a0, 84            : IntAlu : 
 438500: system.cpu: T0 : 0x485d6    : lui a5, 123                : IntAlu :  D=0x000000000007b000
 439500: system.cpu: T0 : 0x485da    : ld s1, -296(a5)            : MemRead :  D=0x0000000000000000 A=0x7aed8
 440000: system.cpu: T0 : 0x485de    : c_beqz s1, 62              : IntAlu : 
 440500: system.cpu: T0 : 0x4861c    : c_li s0, -1                : IntAlu :  D=0xffffffffffffffff
 441000: system.cpu: T0 : 0x4861e    : c_lui t1, 1                : IntAlu :  D=0x0000000000001000
 441500: system.cpu: T0 : 0x48620    : c_addi t1, -16             : IntAlu :  D=0x0000000000000ff0
 442000: system.cpu: T0 : 0x48622    : c_add sp, t1               : IntAlu :  D=0x7ffffffffffffd00
 442500: system.cpu: T0 : 0x48624    : c_ldsp ra, 40(sp)          : MemRead :  D=0x000000000002bca8 A=0x7ffffffffffffd28
 443000: system.cpu: T0 : 0x48626    : c_mv a0, s0                : IntAlu :  D=0xffffffffffffffff
 443500: system.cpu: T0 : 0x48628    : c_ldsp s1, 24(sp)          : MemRead :  D=0x7fffffffffffff38 A=0x7ffffffffffffd18
 444000: system.cpu: T0 : 0x4862a    : c_ldsp s0, 32(sp)          : MemRead :  D=0x0000000000000001 A=0x7ffffffffffffd20
 444500: system.cpu: T0 : 0x4862c    : c_ldsp s2, 16(sp)          : MemRead :  D=0x000000000007b000 A=0x7ffffffffffffd10
 445000: system.cpu: T0 : 0x4862e    : c_addi16sp sp, 48          : IntAlu :  D=0x7ffffffffffffd30
 445500: system.cpu: T0 : 0x48630    : c_jr ra                    : IntAlu : 
 446000: system.cpu: T0 : 0x2bca8    : lui s3, 123                : IntAlu :  D=0x000000000007b000
 446500: system.cpu: T0 : 0x2bcac    : ld a5, -256(s3)            : MemRead :  D=0x0000000000000006 A=0x7af00
 447000: system.cpu: T0 : 0x2bcb0    : ld a4, -312(s2)            : MemRead :  D=0x0000000000010040 A=0x7aec8
 447500: system.cpu: T0 : 0x2bcb4    : c_mv a3, a0                : IntAlu :  D=0xffffffffffffffff
 448500: system.cpu: T0 : 0x2bcb6    : lui s4, 121                : IntAlu :  D=0x0000000000079000
 449500: system.cpu: T0 : 0x2bcba    : lui a0, 89                 : IntAlu :  D=0x0000000000059000
 450500: system.cpu: T0 : 0x2bcbe    : addi s1, s4, -408          : IntAlu :  D=0x0000000000078e68
 451500: system.cpu: T0 : 0x2bcc2    : addi a0, a0, 1264          : IntAlu :  D=0x00000000000594f0
 452500: system.cpu: T0 : 0x2bcc6    : sh a5, 696(s1)             : MemWrite :  D=0x0000000000000006 A=0x79120
 453500: system.cpu: T0 : 0x2bcca    : sd a3, 840(s1)             : MemWrite :  D=0xffffffffffffffff A=0x791b0
 454500: system.cpu: T0 : 0x2bcce    : sd a4, 680(s1)             : MemWrite :  D=0x0000000000010040 A=0x79110
 455500: system.cpu: T0 : 0x2bcd2    : jal ra, -56950             : IntAlu :  D=0x000000000002bcd6
 456000: system.cpu: T0 : 0x1de5c    : c_addi16sp sp, -64         : IntAlu :  D=0x7ffffffffffffcf0
 456500: system.cpu: T0 : 0x1de5e    : c_sdsp s1, 40(sp)          : MemWrite :  D=0x0000000000078e68 A=0x7ffffffffffffd18
 457000: system.cpu: T0 : 0x1de60    : ld s1, -1360(gp)           : MemRead :  D=0x7fffffffffffff48 A=0x79af8
 457500: system.cpu: T0 : 0x1de64    : c_sdsp ra, 56(sp)          : MemWrite :  D=0x000000000002bcd6 A=0x7ffffffffffffd28
 458000: system.cpu: T0 : 0x1de66    : c_sdsp s0, 48(sp)          : MemWrite :  D=0x0000000000000001 A=0x7ffffffffffffd20
 458500: system.cpu: T0 : 0x1de68    : c_sdsp s2, 32(sp)          : MemWrite :  D=0x000000000007b000 A=0x7ffffffffffffd10
 459000: system.cpu: T0 : 0x1de6a    : c_sdsp s3, 24(sp)          : MemWrite :  D=0x000000000007b000 A=0x7ffffffffffffd08
 459500: system.cpu: T0 : 0x1de6c    : c_sdsp s4, 16(sp)          : MemWrite :  D=0x0000000000079000 A=0x7ffffffffffffd00
 460000: system.cpu: T0 : 0x1de6e    : c_sdsp s5, 8(sp)           : MemWrite :  D=0x0000000000000000 A=0x7ffffffffffffcf8
 460500: system.cpu: T0 : 0x1de70    : c_sdsp s6, 0(sp)           : MemWrite :  D=0x0000000000000000 A=0x7ffffffffffffcf0
 461000: system.cpu: T0 : 0x1de72    : c_beqz s1, 210             : IntAlu : 
 461500: system.cpu: T0 : 0x1de74    : lbu a5, 0(a0)              : MemRead :  D=0x000000000000004c A=0x594f0
 462000: system.cpu: T0 : 0x1de78    : c_mv s4, a0                : IntAlu :  D=0x00000000000594f0
 462500: system.cpu: T0 : 0x1de7a    : c_beqz a5, 202             : IntAlu : 
 463000: system.cpu: T0 : 0x1de7c    : lbu s5, 1(a0)              : MemRead :  D=0x0000000000000044 A=0x594f1
 463500: system.cpu: T0 : 0x1de80    : slliw s2, a5, 16           : IntAlu :  D=0x00000000004c0000
 464000: system.cpu: T0 : 0x1de84    : c_ld s0, 0(s1)             : MemRead :  D=0x0000000000000000 A=0x7fffffffffffff48
 465000: system.cpu: T0 : 0x1de86    : sraiw s2, s2, 16           : IntAlu :  D=0x000000000000004c
 466000: system.cpu: T0 : 0x1de8a    : bne s5, zero, 86           : IntAlu : 
 466500: system.cpu: T0 : 0x1dee0    : jal ra, 42548              : IntAlu :  D=0x000000000001dee4
 467000: system.cpu: T0 : 0x28514    : andi a5, a0, 7             : IntAlu :  D=0x0000000000000000
 467500: system.cpu: T0 : 0x28518    : c_beqz a5, 26              : IntAlu : 
 468000: system.cpu: T0 : 0x28532    : c_mv a5, a0                : IntAlu :  D=0x00000000000594f0
 468500: system.cpu: T0 : 0x28534    : ld a6, -2024(gp)           : MemRead :  D=0xfefefefefefefeff A=0x79860
 469000: system.cpu: T0 : 0x28538    : ld a1, -2016(gp)           : MemRead :  D=0x8080808080808080 A=0x79868
 469500: system.cpu: T0 : 0x2853c    : c_ld a2, 0(a5)             : MemRead :  D=0x004e5241575f444c A=0x594f0
 470500: system.cpu: T0 : 0x2853e    : addi a3, a5, 8             : IntAlu :  D=0x00000000000594f8
 471500: system.cpu: T0 : 0x28542    : add a4, a2, a6             : IntAlu :  D=0xff4d5140565e434b
 472500: system.cpu: T0 : 0x28546    : xori a2, a2, 18446744073709551615 : IntAlu :  D=0xffb1adbea8a0bbb3
 473000: system.cpu: T0 : 0x2854a    : c_and a4, a2               : IntAlu :  D=0xff01010000000303
 473500: system.cpu: T0 : 0x2854c    : c_and a4, a1               : IntAlu :  D=0x8000000000000000
 474000: system.cpu: T0 : 0x2854e    : c_beqz a4, 50              : IntAlu : 
 474500: system.cpu: T0 : 0x28550    : lbu a4, -8(a3)             : MemRead :  D=0x000000000000004c A=0x594f0
 475000: system.cpu: T0 : 0x28554    : c_beqz a4, -40             : IntAlu : 
 476000: system.cpu: T0 : 0x28556    : lbu a4, -7(a3)             : MemRead :  D=0x0000000000000044 A=0x594f1
 476500: system.cpu: T0 : 0x2855a    : c_beqz a4, 50              : IntAlu : 
 477000: system.cpu: T0 : 0x2855c    : lbu a4, -6(a3)             : MemRead :  D=0x000000000000005f A=0x594f2
 477500: system.cpu: T0 : 0x28560    : c_beqz a4, 52              : IntAlu : 
 478500: system.cpu: T0 : 0x28562    : lbu a4, -5(a3)             : MemRead :  D=0x0000000000000057 A=0x594f3
 479000: system.cpu: T0 : 0x28566    : c_beqz a4, 54              : IntAlu : 
 479500: system.cpu: T0 : 0x28568    : lbu a4, -4(a3)             : MemRead :  D=0x0000000000000041 A=0x594f4
 480000: system.cpu: T0 : 0x2856c    : c_beqz a4, 56              : IntAlu : 
 481000: system.cpu: T0 : 0x2856e    : lbu a4, -3(a3)             : MemRead :  D=0x0000000000000052 A=0x594f5
 481500: system.cpu: T0 : 0x28572    : c_beqz a4, 58              : IntAlu : 
 482000: system.cpu: T0 : 0x28574    : lbu a4, -2(a3)             : MemRead :  D=0x000000000000004e A=0x594f6
 482500: system.cpu: T0 : 0x28578    : c_beqz a4, 60              : IntAlu : 
 483500: system.cpu: T0 : 0x2857a    : lbu a4, -1(a3)             : MemRead :  D=0x0000000000000000 A=0x594f7
 484000: system.cpu: T0 : 0x2857e    : c_beqz a4, 6               : IntAlu : 
 484500: system.cpu: T0 : 0x28584    : c_sub a5, a0               : IntAlu :  D=0x0000000000000000
 485500: system.cpu: T0 : 0x28586    : addi a0, a5, 7             : IntAlu :  D=0x0000000000000007
 486000: system.cpu: T0 : 0x2858a    : c_jr ra                    : IntAlu : 
 486500: system.cpu: T0 : 0x1dee4    : slli a5, s5, 8             : IntAlu :  D=0x0000000000004400
 487000: system.cpu: T0 : 0x1dee8    : or a5, s2, a5              : IntAlu :  D=0x000000000000444c
 487500: system.cpu: T0 : 0x1deec    : slliw s2, a5, 16           : IntAlu :  D=0x00000000444c0000
 488000: system.cpu: T0 : 0x1def0    : c_mv s3, a0                : IntAlu :  D=0x0000000000000007
 489000: system.cpu: T0 : 0x1def2    : sraiw s2, s2, 16           : IntAlu :  D=0x000000000000444c
 490000: system.cpu: T0 : 0x1def6    : addi s5, a0, -2            : IntAlu :  D=0x0000000000000005
 490500: system.cpu: T0 : 0x1defa    : c_addi s4, 2               : IntAlu :  D=0x00000000000594f2
 491000: system.cpu: T0 : 0x1defc    : c_beqz s0, -50             : IntAlu : 
 491500: system.cpu: T0 : 0x1deca    : c_ldsp ra, 56(sp)          : MemRead :  D=0x000000000002bcd6 A=0x7ffffffffffffd28
 492000: system.cpu: T0 : 0x1decc    : c_mv a0, s0                : IntAlu :  D=0x0000000000000000
 492500: system.cpu: T0 : 0x1dece    : c_ldsp s0, 48(sp)          : MemRead :  D=0x0000000000000001 A=0x7ffffffffffffd20
 493000: system.cpu: T0 : 0x1ded0    : c_ldsp s1, 40(sp)          : MemRead :  D=0x0000000000078e68 A=0x7ffffffffffffd18
 493500: system.cpu: T0 : 0x1ded2    : c_ldsp s2, 32(sp)          : MemRead :  D=0x000000000007b000 A=0x7ffffffffffffd10
 494000: system.cpu: T0 : 0x1ded4    : c_ldsp s3, 24(sp)          : MemRead :  D=0x000000000007b000 A=0x7ffffffffffffd08
 494500: system.cpu: T0 : 0x1ded6    : c_ldsp s4, 16(sp)          : MemRead :  D=0x0000000000079000 A=0x7ffffffffffffd00
 495000: system.cpu: T0 : 0x1ded8    : c_ldsp s5, 8(sp)           : MemRead :  D=0x0000000000000000 A=0x7ffffffffffffcf8
 495500: system.cpu: T0 : 0x1deda    : c_ldsp s6, 0(sp)           : MemRead :  D=0x0000000000000000 A=0x7ffffffffffffcf0
 496000: system.cpu: T0 : 0x1dedc    : c_addi16sp sp, 64          : IntAlu :  D=0x7ffffffffffffd30
 496500: system.cpu: T0 : 0x1dede    : c_jr ra                    : IntAlu : 
 497000: system.cpu: T0 : 0x2bcd6    : c_li a5, 0                 : IntAlu :  D=0x0000000000000000
 497500: system.cpu: T0 : 0x2bcd8    : c_beqz a0, 10              : IntAlu : 
 498500: system.cpu: T0 : 0x2bce2    : lui s5, 123                : IntAlu :  D=0x000000000007b000
 499500: system.cpu: T0 : 0x2bce6    : ld a4, -280(s5)            : MemRead :  D=0x0000000000000000 A=0x7aee8
 500500: system.cpu: T0 : 0x2bcea    : lui a3, 123                : IntAlu :  D=0x000000000007b000
 501500: system.cpu: T0 : 0x2bcee    : sw a5, -264(a3)            : MemWrite :  D=0x0000000000000000 A=0x7aef8
 502500: system.cpu: T0 : 0x2bcf2    : beq a4, zero, 1518         : IntAlu : 
 503000: system.cpu: T0 : 0x2c2e0    : lui s6, 123                : IntAlu :  D=0x000000000007b000
 503500: system.cpu: T0 : 0x2c2e4    : ld s0, -328(s6)            : MemRead :  D=0x0000000000000000 A=0x7aeb8
 504000: system.cpu: T0 : 0x2c2e8    : bne s0, zero, -1062        : IntAlu : 
 504500: system.cpu: T0 : 0x2c2ec    : lui s0, 120                : IntAlu :  D=0x0000000000078000
 505000: system.cpu: T0 : 0x2c2f0    : addi s0, s0, -128          : IntAlu :  D=0x0000000000077f80
 505500: system.cpu: T0 : 0x2c2f4    : sd zero, 8(s0)             : MemWrite :  D=0x0000000000000000 A=0x77f88
 506000: system.cpu: T0 : 0x2c2f8    : sd zero, 16(s0)            : MemWrite :  D=0x0000000000000000 A=0x77f90
 506500: system.cpu: T0 : 0x2c2fc    : sd zero, 24(s0)            : MemWrite :  D=0x0000000000000000 A=0x77f98
 507000: system.cpu: T0 : 0x2c300    : c_li a5, 0                 : IntAlu :  D=0x0000000000000000
 507500: system.cpu: T0 : 0x2c302    : c_j -678                   : IntAlu : 
 508000: system.cpu: T0 : 0x2c05c    : lui a0, 89                 : IntAlu :  D=0x0000000000059000
 508500: system.cpu: T0 : 0x2c060    : addi a0, a0, 1616          : IntAlu :  D=0x0000000000059650
 509000: system.cpu: T0 : 0x2c064    : c_sd a5, 32(s0)            : MemWrite :  D=0x0000000000000000 A=0x77fa0
 510000: system.cpu: T0 : 0x2c066    : jal ra, -57866             : IntAlu :  D=0x000000000002c06a
 510500: system.cpu: T0 : 0x1de5c    : c_addi16sp sp, -64         : IntAlu :  D=0x7ffffffffffffcf0
 511000: system.cpu: T0 : 0x1de5e    : c_sdsp s1, 40(sp)          : MemWrite :  D=0x0000000000078e68 A=0x7ffffffffffffd18
 511500: system.cpu: T0 : 0x1de60    : ld s1, -1360(gp)           : MemRead :  D=0x7fffffffffffff48 A=0x79af8
 512000: system.cpu: T0 : 0x1de64    : c_sdsp ra, 56(sp)          : MemWrite :  D=0x000000000002c06a A=0x7ffffffffffffd28
 512500: system.cpu: T0 : 0x1de66    : c_sdsp s0, 48(sp)          : MemWrite :  D=0x0000000000077f80 A=0x7ffffffffffffd20
 513000: system.cpu: T0 : 0x1de68    : c_sdsp s2, 32(sp)          : MemWrite :  D=0x000000000007b000 A=0x7ffffffffffffd10
 513500: system.cpu: T0 : 0x1de6a    : c_sdsp s3, 24(sp)          : MemWrite :  D=0x000000000007b000 A=0x7ffffffffffffd08
 514000: system.cpu: T0 : 0x1de6c    : c_sdsp s4, 16(sp)          : MemWrite :  D=0x0000000000079000 A=0x7ffffffffffffd00
 514500: system.cpu: T0 : 0x1de6e    : c_sdsp s5, 8(sp)           : MemWrite :  D=0x000000000007b000 A=0x7ffffffffffffcf8
 515000: system.cpu: T0 : 0x1de70    : c_sdsp s6, 0(sp)           : MemWrite :  D=0x000000000007b000 A=0x7ffffffffffffcf0
 515500: system.cpu: T0 : 0x1de72    : c_beqz s1, 210             : IntAlu : 
 516000: system.cpu: T0 : 0x1de74    : lbu a5, 0(a0)              : MemRead :  D=0x000000000000004c A=0x59650
 516500: system.cpu: T0 : 0x1de78    : c_mv s4, a0                : IntAlu :  D=0x0000000000059650
 517000: system.cpu: T0 : 0x1de7a    : c_beqz a5, 202             : IntAlu : 
 517500: system.cpu: T0 : 0x1de7c    : lbu s5, 1(a0)              : MemRead :  D=0x0000000000000044 A=0x59651
 518000: system.cpu: T0 : 0x1de80    : slliw s2, a5, 16           : IntAlu :  D=0x00000000004c0000
 518500: system.cpu: T0 : 0x1de84    : c_ld s0, 0(s1)             : MemRead :  D=0x0000000000000000 A=0x7fffffffffffff48
 519500: system.cpu: T0 : 0x1de86    : sraiw s2, s2, 16           : IntAlu :  D=0x000000000000004c
 520500: system.cpu: T0 : 0x1de8a    : bne s5, zero, 86           : IntAlu : 
 521000: system.cpu: T0 : 0x1dee0    : jal ra, 42548              : IntAlu :  D=0x000000000001dee4
 521500: system.cpu: T0 : 0x28514    : andi a5, a0, 7             : IntAlu :  D=0x0000000000000000
 522000: system.cpu: T0 : 0x28518    : c_beqz a5, 26              : IntAlu : 
 522500: system.cpu: T0 : 0x28532    : c_mv a5, a0                : IntAlu :  D=0x0000000000059650
 523000: system.cpu: T0 : 0x28534    : ld a6, -2024(gp)           : MemRead :  D=0xfefefefefefefeff A=0x79860
 523500: system.cpu: T0 : 0x28538    : ld a1, -2016(gp)           : MemRead :  D=0x8080808080808080 A=0x79868
 524000: system.cpu: T0 : 0x2853c    : c_ld a2, 0(a5)             : MemRead :  D=0x415242494c5f444c A=0x59650
 525000: system.cpu: T0 : 0x2853e    : addi a3, a5, 8             : IntAlu :  D=0x0000000000059658
 526000: system.cpu: T0 : 0x28542    : add a4, a2, a6             : IntAlu :  D=0x405141484b5e434b
 527000: system.cpu: T0 : 0x28546    : xori a2, a2, 18446744073709551615 : IntAlu :  D=0xbeadbdb6b3a0bbb3
 527500: system.cpu: T0 : 0x2854a    : c_and a4, a2               : IntAlu :  D=0x0001010003000303
 528000: system.cpu: T0 : 0x2854c    : c_and a4, a1               : IntAlu :  D=0x0000000000000000
 528500: system.cpu: T0 : 0x2854e    : c_beqz a4, 50              : IntAlu : 
 529000: system.cpu: T0 : 0x28580    : c_mv a5, a3                : IntAlu :  D=0x0000000000059658
 529500: system.cpu: T0 : 0x28582    : c_j -70                    : IntAlu : 
 530000: system.cpu: T0 : 0x2853c    : c_ld a2, 0(a5)             : MemRead :  D=0x00485441505f5952 A=0x59658
 531000: system.cpu: T0 : 0x2853e    : addi a3, a5, 8             : IntAlu :  D=0x0000000000059660
 532000: system.cpu: T0 : 0x28542    : add a4, a2, a6             : IntAlu :  D=0xff4753404f5e5851
 533000: system.cpu: T0 : 0x28546    : xori a2, a2, 18446744073709551615 : IntAlu :  D=0xffb7abbeafa0a6ad
 533500: system.cpu: T0 : 0x2854a    : c_and a4, a2               : IntAlu :  D=0xff0703000f000001
 534000: system.cpu: T0 : 0x2854c    : c_and a4, a1               : IntAlu :  D=0x8000000000000000
 534500: system.cpu: T0 : 0x2854e    : c_beqz a4, 50              : IntAlu : 
 535000: system.cpu: T0 : 0x28550    : lbu a4, -8(a3)             : MemRead :  D=0x0000000000000052 A=0x59658
 535500: system.cpu: T0 : 0x28554    : c_beqz a4, -40             : IntAlu : 
 536500: system.cpu: T0 : 0x28556    : lbu a4, -7(a3)             : MemRead :  D=0x0000000000000059 A=0x59659
 537000: system.cpu: T0 : 0x2855a    : c_beqz a4, 50              : IntAlu : 
 537500: system.cpu: T0 : 0x2855c    : lbu a4, -6(a3)             : MemRead :  D=0x000000000000005f A=0x5965a
 538000: system.cpu: T0 : 0x28560    : c_beqz a4, 52              : IntAlu : 
 539000: system.cpu: T0 : 0x28562    : lbu a4, -5(a3)             : MemRead :  D=0x0000000000000050 A=0x5965b
 539500: system.cpu: T0 : 0x28566    : c_beqz a4, 54              : IntAlu : 
 540000: system.cpu: T0 : 0x28568    : lbu a4, -4(a3)             : MemRead :  D=0x0000000000000041 A=0x5965c
 540500: system.cpu: T0 : 0x2856c    : c_beqz a4, 56              : IntAlu : 
 541500: system.cpu: T0 : 0x2856e    : lbu a4, -3(a3)             : MemRead :  D=0x0000000000000054 A=0x5965d
 542000: system.cpu: T0 : 0x28572    : c_beqz a4, 58              : IntAlu : 
 542500: system.cpu: T0 : 0x28574    : lbu a4, -2(a3)             : MemRead :  D=0x0000000000000048 A=0x5965e
 543000: system.cpu: T0 : 0x28578    : c_beqz a4, 60              : IntAlu : 
 544000: system.cpu: T0 : 0x2857a    : lbu a4, -1(a3)             : MemRead :  D=0x0000000000000000 A=0x5965f
 544500: system.cpu: T0 : 0x2857e    : c_beqz a4, 6               : IntAlu : 
 545000: system.cpu: T0 : 0x28584    : c_sub a5, a0               : IntAlu :  D=0x0000000000000008
 546000: system.cpu: T0 : 0x28586    : addi a0, a5, 7             : IntAlu :  D=0x000000000000000f
 546500: system.cpu: T0 : 0x2858a    : c_jr ra                    : IntAlu : 
 547000: system.cpu: T0 : 0x1dee4    : slli a5, s5, 8             : IntAlu :  D=0x0000000000004400
 547500: system.cpu: T0 : 0x1dee8    : or a5, s2, a5              : IntAlu :  D=0x000000000000444c
 548000: system.cpu: T0 : 0x1deec    : slliw s2, a5, 16           : IntAlu :  D=0x00000000444c0000
 548500: system.cpu: T0 : 0x1def0    : c_mv s3, a0                : IntAlu :  D=0x000000000000000f
 549500: system.cpu: T0 : 0x1def2    : sraiw s2, s2, 16           : IntAlu :  D=0x000000000000444c
 550500: system.cpu: T0 : 0x1def6    : addi s5, a0, -2            : IntAlu :  D=0x000000000000000d
 551000: system.cpu: T0 : 0x1defa    : c_addi s4, 2               : IntAlu :  D=0x0000000000059652
 551500: system.cpu: T0 : 0x1defc    : c_beqz s0, -50             : IntAlu : 
 552000: system.cpu: T0 : 0x1deca    : c_ldsp ra, 56(sp)          : MemRead :  D=0x000000000002c06a A=0x7ffffffffffffd28
 552500: system.cpu: T0 : 0x1decc    : c_mv a0, s0                : IntAlu :  D=0x0000000000000000
 553000: system.cpu: T0 : 0x1dece    : c_ldsp s0, 48(sp)          : MemRead :  D=0x0000000000077f80 A=0x7ffffffffffffd20
 553500: system.cpu: T0 : 0x1ded0    : c_ldsp s1, 40(sp)          : MemRead :  D=0x0000000000078e68 A=0x7ffffffffffffd18
 554000: system.cpu: T0 : 0x1ded2    : c_ldsp s2, 32(sp)          : MemRead :  D=0x000000000007b000 A=0x7ffffffffffffd10
 554500: system.cpu: T0 : 0x1ded4    : c_ldsp s3, 24(sp)          : MemRead :  D=0x000000000007b000 A=0x7ffffffffffffd08
 555000: system.cpu: T0 : 0x1ded6    : c_ldsp s4, 16(sp)          : MemRead :  D=0x0000000000079000 A=0x7ffffffffffffd00
 555500: system.cpu: T0 : 0x1ded8    : c_ldsp s5, 8(sp)           : MemRead :  D=0x000000000007b000 A=0x7ffffffffffffcf8
 556000: system.cpu: T0 : 0x1deda    : c_ldsp s6, 0(sp)           : MemRead :  D=0x000000000007b000 A=0x7ffffffffffffcf0
 556500: system.cpu: T0 : 0x1dedc    : c_addi16sp sp, 64          : IntAlu :  D=0x7ffffffffffffd30
 557000: system.cpu: T0 : 0x1dede    : c_jr ra                    : IntAlu : 
 558000: system.cpu: T0 : 0x2c06a    : jal ra, 99838              : IntAlu :  D=0x000000000002c06e
 558500: system.cpu: T0 : 0x44668    : c_addi16sp sp, -64         : IntAlu :  D=0x7ffffffffffffcf0
 559000: system.cpu: T0 : 0x4466a    : c_sdsp ra, 56(sp)          : MemWrite :  D=0x000000000002c06e A=0x7ffffffffffffd28
 559500: system.cpu: T0 : 0x4466c    : c_sdsp s0, 48(sp)          : MemWrite :  D=0x0000000000077f80 A=0x7ffffffffffffd20
 560000: system.cpu: T0 : 0x4466e    : c_sdsp s2, 32(sp)          : MemWrite :  D=0x000000000007b000 A=0x7ffffffffffffd10
 560500: system.cpu: T0 : 0x44670    : c_sdsp s3, 24(sp)          : MemWrite :  D=0x000000000007b000 A=0x7ffffffffffffd08
 561000: system.cpu: T0 : 0x44672    : c_addi4spn s0, sp, 64      : IntAlu :  D=0x7ffffffffffffd30
 561500: system.cpu: T0 : 0x44674    : c_sdsp s1, 40(sp)          : MemWrite :  D=0x0000000000078e68 A=0x7ffffffffffffd18
 562000: system.cpu: T0 : 0x44676    : c_sdsp s4, 16(sp)          : MemWrite :  D=0x0000000000079000 A=0x7ffffffffffffd00
 562500: system.cpu: T0 : 0x44678    : c_sdsp s5, 8(sp)           : MemWrite :  D=0x000000000007b000 A=0x7ffffffffffffcf8
 563500: system.cpu: T0 : 0x4467a    : lui a5, 123                : IntAlu :  D=0x000000000007b000
 564500: system.cpu: T0 : 0x4467e    : ld a1, -392(a5)            : MemRead :  D=0x0000000000000000 A=0x7ae78
 565500: system.cpu: T0 : 0x44682    : lui a5, 123                : IntAlu :  D=0x000000000007b000
 566000: system.cpu: T0 : 0x44686    : c_mv s2, a0                : IntAlu :  D=0x0000000000000000
 566500: system.cpu: T0 : 0x44688    : lui s3, 120                : IntAlu :  D=0x0000000000078000
 567000: system.cpu: T0 : 0x4468c    : ld a0, -344(a5)            : MemRead :  D=0x0000000000000000 A=0x7aea8
 567500: system.cpu: T0 : 0x44690    : addi s3, s3, -64           : IntAlu :  D=0x0000000000077fc0
 568000: system.cpu: T0 : 0x44694    : addi a3, s3, 8             : IntAlu :  D=0x0000000000077fc8
 568500: system.cpu: T0 : 0x44698    : addi a2, s3, 16            : IntAlu :  D=0x0000000000077fd0
 569000: system.cpu: T0 : 0x4469c    : jal ra, 9754               : IntAlu :  D=0x00000000000446a0
 569500: system.cpu: T0 : 0x46cb6    : c_addi16sp sp, -192        : IntAlu :  D=0x7ffffffffffffc30
 570000: system.cpu: T0 : 0x46cb8    : c_sdsp s0, 176(sp)         : MemWrite :  D=0x7ffffffffffffd30 A=0x7ffffffffffffce0
 570500: system.cpu: T0 : 0x46cba    : c_sdsp s3, 152(sp)         : MemWrite :  D=0x0000000000077fc0 A=0x7ffffffffffffcc8
 571000: system.cpu: T0 : 0x46cbc    : c_addi4spn s0, sp, 192     : IntAlu :  D=0x7ffffffffffffcf0
 571500: system.cpu: T0 : 0x46cbe    : c_sdsp s4, 144(sp)         : MemWrite :  D=0x0000000000079000 A=0x7ffffffffffffcc0
 572000: system.cpu: T0 : 0x46cc0    : c_sdsp s9, 104(sp)         : MemWrite :  D=0x0000000000000000 A=0x7ffffffffffffc98
 572500: system.cpu: T0 : 0x46cc2    : c_sdsp s11, 88(sp)         : MemWrite :  D=0x0000000000000000 A=0x7ffffffffffffc88
 573000: system.cpu: T0 : 0x46cc4    : c_sdsp ra, 184(sp)         : MemWrite :  D=0x00000000000446a0 A=0x7ffffffffffffce8
 573500: system.cpu: T0 : 0x46cc6    : c_sdsp s1, 168(sp)         : MemWrite :  D=0x0000000000078e68 A=0x7ffffffffffffcd8
 574000: system.cpu: T0 : 0x46cc8    : c_sdsp s2, 160(sp)         : MemWrite :  D=0x0000000000000000 A=0x7ffffffffffffcd0
 574500: system.cpu: T0 : 0x46cca    : c_sdsp s5, 136(sp)         : MemWrite :  D=0x000000000007b000 A=0x7ffffffffffffcb8
 575000: system.cpu: T0 : 0x46ccc    : c_sdsp s6, 128(sp)         : MemWrite :  D=0x000000000007b000 A=0x7ffffffffffffcb0
 575500: system.cpu: T0 : 0x46cce    : c_sdsp s7, 120(sp)         : MemWrite :  D=0x0000000000000000 A=0x7ffffffffffffca8
 576000: system.cpu: T0 : 0x46cd0    : c_sdsp s8, 112(sp)         : MemWrite :  D=0x0000000000000000 A=0x7ffffffffffffca0
 576500: system.cpu: T0 : 0x46cd2    : c_sdsp s10, 96(sp)         : MemWrite :  D=0x0000000000000000 A=0x7ffffffffffffc90
 577000: system.cpu: T0 : 0x46cd4    : c_mv a5, a2                : IntAlu :  D=0x0000000000077fd0
 577500: system.cpu: T0 : 0x46cd6    : c_mv a4, a1                : IntAlu :  D=0x0000000000000000
 578000: system.cpu: T0 : 0x46cd8    : c_mv s4, a0                : IntAlu :  D=0x0000000000000000
 578500: system.cpu: T0 : 0x46cda    : c_li a2, 0                 : IntAlu :  D=0x0000000000000000
 579000: system.cpu: T0 : 0x46cdc    : addi a1, s0, -120          : IntAlu :  D=0x7ffffffffffffc78
 579500: system.cpu: T0 : 0x46ce0    : c_li a0, 8                 : IntAlu :  D=0x0000000000000008
 580500: system.cpu: T0 : 0x46ce2    : sd a5, -136(s0)            : MemWrite :  D=0x0000000000077fd0 A=0x7ffffffffffffc68
 581500: system.cpu: T0 : 0x46ce6    : sd a3, -160(s0)            : MemWrite :  D=0x0000000000077fc8 A=0x7ffffffffffffc50
 582500: system.cpu: T0 : 0x46cea    : sd a4, -144(s0)            : MemWrite :  D=0x0000000000000000 A=0x7ffffffffffffc60
 583500: system.cpu: T0 : 0x46cee    : jal ra, -111428            : IntAlu :  D=0x0000000000046cf2
 584000: system.cpu: T0 : 0x2b9aa    : c_slli a0, 32              : IntAlu :  D=0x0000000800000000
 584500: system.cpu: T0 : 0x2b9ac    : c_srli a0, 32              : IntAlu :  D=0x0000000000000008
 585500: system.cpu: T0 : 0x2b9ae    : slli a5, a0, 3             : IntAlu :  D=0x0000000000000040
 586000: system.cpu: T0 : 0x2b9b2    : c_sub a5, a0               : IntAlu :  D=0x0000000000000038
 586500: system.cpu: T0 : 0x2b9b4    : lui a4, 120                : IntAlu :  D=0x0000000000078000
 587000: system.cpu: T0 : 0x2b9b8    : addi a4, a4, -1248         : IntAlu :  D=0x0000000000077b20
 587500: system.cpu: T0 : 0x2b9bc    : c_slli a5, 3               : IntAlu :  D=0x00000000000001c0
 588000: system.cpu: T0 : 0x2b9be    : c_add a5, a4               : IntAlu :  D=0x0000000000077ce0
 588500: system.cpu: T0 : 0x2b9c0    : c_lw a3, 8(a5)             : MemRead :  D=0x0000000000000001 A=0x77ce8
 589000: system.cpu: T0 : 0x2b9c2    : c_li a6, 2                 : IntAlu :  D=0x0000000000000002
 589500: system.cpu: T0 : 0x2b9c4    : c_ld a5, 32(a5)            : MemRead :  D=0x0000000000000000 A=0x77d00
 590500: system.cpu: T0 : 0x2b9c6    : bltu a6, a3, 42            : IntAlu : 
 591000: system.cpu: T0 : 0x2b9ca    : c_bnez a3, 38              : IntAlu : 
 591500: system.cpu: T0 : 0x2b9f0    : c_sd a5, 0(a1)             : MemWrite :  D=0x0000000000000000 A=0x7ffffffffffffc78
 592000: system.cpu: T0 : 0x2b9f2    : c_j -36                    : IntAlu : 
 593000: system.cpu: T0 : 0x2b9ce    : slli a5, a0, 3             : IntAlu :  D=0x0000000000000040
 593500: system.cpu: T0 : 0x2b9d2    : c_sub a5, a0               : IntAlu :  D=0x0000000000000038
 594000: system.cpu: T0 : 0x2b9d4    : c_slli a5, 3               : IntAlu :  D=0x00000000000001c0
 595000: system.cpu: T0 : 0x2b9d6    : add a3, a4, a5             : IntAlu :  D=0x0000000000077ce0
 596000: system.cpu: T0 : 0x2b9da    : lbu a3, 40(a3)             : MemRead :  D=0x0000000000000000 A=0x77d08
 596500: system.cpu: T0 : 0x2b9de    : c_beqz a3, 16              : IntAlu : 
 597000: system.cpu: T0 : 0x2b9ee    : c_jr ra                    : IntAlu : 
 598000: system.cpu: T0 : 0x46cf2    : ld s11, -120(s0)           : MemRead :  D=0x0000000000000000 A=0x7ffffffffffffc78
 599000: system.cpu: T0 : 0x46cf6    : ld s9, -1328(gp)           : MemRead :  D=0x0000000000000000 A=0x79b18
 600000: system.cpu: T0 : 0x46cfa    : sltu a3, zero, s4          : IntAlu :  D=0x0000000000000000
 601000: system.cpu: T0 : 0x46cfe    : and s3, s9, s11            : IntAlu :  D=0x0000000000000000
 602000: system.cpu: T0 : 0x46d02    : beq s3, zero, 1250         : IntAlu : 
 602500: system.cpu: T0 : 0x471e4    : addi s2, a3, 1             : IntAlu :  D=0x0000000000000001
 603000: system.cpu: T0 : 0x471e8    : c_j -1210                  : IntAlu : 
 604000: system.cpu: T0 : 0x46d2e    : lui a5, 123                : IntAlu :  D=0x000000000007b000
 605000: system.cpu: T0 : 0x46d32    : ld s5, -328(a5)            : MemRead :  D=0x0000000000000000 A=0x7aeb8
 606000: system.cpu: T0 : 0x46d36    : beq s5, zero, 444          : IntAlu : 
 607000: system.cpu: T0 : 0x46ef2    : slli a5, s2, 4             : IntAlu :  D=0x0000000000000010
 608000: system.cpu: T0 : 0x46ef6    : sub sp, sp, a5             : IntAlu :  D=0x7ffffffffffffc20
 608500: system.cpu: T0 : 0x46efa    : c_mv a3, sp                : IntAlu :  D=0x7ffffffffffffc20
 609000: system.cpu: T0 : 0x46efc    : c_mv s1, a3                : IntAlu :  D=0x7ffffffffffffc20
 609500: system.cpu: T0 : 0x46efe    : c_li a1, 1                 : IntAlu :  D=0x0000000000000001
 610000: system.cpu: T0 : 0x46f00    : c_li s9, 0                 : IntAlu :  D=0x0000000000000000
 611000: system.cpu: T0 : 0x46f02    : bne s3, zero, -118         : IntAlu : 
 612000: system.cpu: T0 : 0x46f06    : beq s4, zero, 24           : IntAlu : 
 613000: system.cpu: T0 : 0x46f1e    : lui a5, 107                : IntAlu :  D=0x000000000006b000
 614000: system.cpu: T0 : 0x46f22    : addi a5, a5, 1344          : IntAlu :  D=0x000000000006b540
 614500: system.cpu: T0 : 0x46f26    : c_sd a5, 0(a3)             : MemWrite :  D=0x000000000006b540 A=0x7ffffffffffffc20
 615000: system.cpu: T0 : 0x46f28    : c_li a5, 3                 : IntAlu :  D=0x0000000000000003
 615500: system.cpu: T0 : 0x46f2a    : c_sd a5, 8(a3)             : MemWrite :  D=0x0000000000000003 A=0x7ffffffffffffc28
 616000: system.cpu: T0 : 0x46f2c    : bne s2, a1, 706            : IntAlu : 
 616500: system.cpu: T0 : 0x46f30    : c_li a5, 1                 : IntAlu :  D=0x0000000000000001
 617500: system.cpu: T0 : 0x46f32    : ld s9, 8(s1)               : MemRead :  D=0x0000000000000003 A=0x7ffffffffffffc28
 618500: system.cpu: T0 : 0x46f36    : beq s2, a5, 542            : IntAlu : 
 619000: system.cpu: T0 : 0x47154    : ld a5, -136(s0)            : MemRead :  D=0x0000000000077fd0 A=0x7ffffffffffffc68
 619500: system.cpu: T0 : 0x47158    : c_li s2, 2                 : IntAlu :  D=0x0000000000000002
 620500: system.cpu: T0 : 0x4715a    : addi a0, s9, 33            : IntAlu :  D=0x0000000000000024
 621500: system.cpu: T0 : 0x4715e    : sd s2, 0(a5)               : MemWrite :  D=0x0000000000000002 A=0x77fd0
 622500: system.cpu: T0 : 0x47162    : jal ra, -131280            : IntAlu :  D=0x0000000000047166
 623500: system.cpu: T0 : 0x27092    : ld t1, -1848(gp)           : MemRead :  D=0x0000000000027290 A=0x79910
 624500: system.cpu: T0 : 0x27096    : bne t1, zero, 260          : IntAlu : 
 625000: system.cpu: T0 : 0x2719a    : c_mv a1, ra                : IntAlu :  D=0x0000000000047166
 625500: system.cpu: T0 : 0x2719c    : c_jr t1                    : IntAlu : 
 626000: system.cpu: T0 : 0x27290    : lw a5, -1876(gp)           : MemRead :  D=0xffffffffffffffff A=0x798f4
 626500: system.cpu: T0 : 0x27294    : sd zero, -1848(gp)         : MemWrite :  D=0x0000000000000000 A=0x79910
 627000: system.cpu: T0 : 0x27298    : blt a5, zero, 6            : IntAlu : 
 627500: system.cpu: T0 : 0x2729e    : c_addi sp, -32             : IntAlu :  D=0x7ffffffffffffc00
 628000: system.cpu: T0 : 0x272a0    : c_sdsp ra, 24(sp)          : MemWrite :  D=0x0000000000047166 A=0x7ffffffffffffc18
 628500: system.cpu: T0 : 0x272a2    : c_sdsp a0, 8(sp)           : MemWrite :  D=0x0000000000000024 A=0x7ffffffffffffc08
 629000: system.cpu: T0 : 0x272a4    : jal ra, -11988             : IntAlu :  D=0x00000000000272a8
 629500: system.cpu: T0 : 0x243d0    : c_addi16sp sp, -48         : IntAlu :  D=0x7ffffffffffffbd0
 630000: system.cpu: T0 : 0x243d2    : c_sdsp s1, 24(sp)          : MemWrite :  D=0x7ffffffffffffc20 A=0x7ffffffffffffbe8
 630500: system.cpu: T0 : 0x243d4    : lui s1, 120                : IntAlu :  D=0x0000000000078000
 631000: system.cpu: T0 : 0x243d8    : ld a3, -1264(s1)           : MemRead :  D=0x6e776f442f2e2e00 A=0x77b10
 631500: system.cpu: T0 : 0x243dc    : lui a0, 120                : IntAlu :  D=0x0000000000078000
 632000: system.cpu: T0 : 0x243e0    : addi a4, a0, 1488          : IntAlu :  D=0x00000000000785d0
 632500: system.cpu: T0 : 0x243e4    : c_sdsp ra, 40(sp)          : MemWrite :  D=0x00000000000272a8 A=0x7ffffffffffffbf8
 633000: system.cpu: T0 : 0x243e6    : c_sdsp s0, 32(sp)          : MemWrite :  D=0x7ffffffffffffcf0 A=0x7ffffffffffffbf0
 633500: system.cpu: T0 : 0x243e8    : addi a0, a0, 1488          : IntAlu :  D=0x00000000000785d0
 634000: system.cpu: T0 : 0x243ec    : sd a4, 56(tp)              : MemWrite :  D=0x00000000000785d0 A=0x7c748
 634500: system.cpu: T0 : 0x243f0    : c_sdsp a3, 8(sp)           : MemWrite :  D=0x6e776f442f2e2e00 A=0x7ffffffffffffbd8
 635500: system.cpu: T0 : 0x243f2    : sw zero, -1876(gp)         : MemWrite :  D=0x0000000000000000 A=0x798f4
 636500: system.cpu: T0 : 0x243f6    : jal ra, -1026              : IntAlu :  D=0x00000000000243fa
 637000: system.cpu: T0 : 0x23ff4    : c_lui a4, 1                : IntAlu :  D=0x0000000000001000
 638000: system.cpu: T0 : 0x23ff6    : addi a3, a0, 96            : IntAlu :  D=0x0000000000078630
 639000: system.cpu: T0 : 0x23ffa    : addi a4, a4, -1968         : IntAlu :  D=0x0000000000000850
 639500: system.cpu: T0 : 0x23ffe    : c_mv a5, a3                : IntAlu :  D=0x0000000000078630
 640000: system.cpu: T0 : 0x24000    : c_add a4, a0               : IntAlu :  D=0x0000000000078e20
 640500: system.cpu: T0 : 0x24002    : c_sd a5, 24(a5)            : MemWrite :  D=0x0000000000078630 A=0x78648
 641000: system.cpu: T0 : 0x24004    : c_sd a5, 16(a5)            : MemWrite :  D=0x0000000000078630 A=0x78640
 641500: system.cpu: T0 : 0x24006    : c_addi a5, 16              : IntAlu :  D=0x0000000000078640
 642000: system.cpu: T0 : 0x24008    : bne a4, a5, -6             : IntAlu : 
 642500: system.cpu: T0 : 0x24002    : c_sd a5, 24(a5)            : MemWrite :  D=0x0000000000078640 A=0x78658
 643000: system.cpu: T0 : 0x24004    : c_sd a5, 16(a5)            : MemWrite :  D=0x0000000000078640 A=0x78650
 643500: system.cpu: T0 : 0x24006    : c_addi a5, 16              : IntAlu :  D=0x0000000000078650
 644000: system.cpu: T0 : 0x24008    : bne a4, a5, -6             : IntAlu : 
 644500: system.cpu: T0 : 0x24002    : c_sd a5, 24(a5)            : MemWrite :  D=0x0000000000078650 A=0x78668
 645000: system.cpu: T0 : 0x24004    : c_sd a5, 16(a5)            : MemWrite :  D=0x0000000000078650 A=0x78660
 645500: system.cpu: T0 : 0x24006    : c_addi a5, 16              : IntAlu :  D=0x0000000000078660
 646000: system.cpu: T0 : 0x24008    : bne a4, a5, -6             : IntAlu : 
 646500: system.cpu: T0 : 0x24002    : c_sd a5, 24(a5)            : MemWrite :  D=0x0000000000078660 A=0x78678
 647000: system.cpu: T0 : 0x24004    : c_sd a5, 16(a5)            : MemWrite :  D=0x0000000000078660 A=0x78670
 647500: system.cpu: T0 : 0x24006    : c_addi a5, 16              : IntAlu :  D=0x0000000000078670
 648000: system.cpu: T0 : 0x24008    : bne a4, a5, -6             : IntAlu : 
 648500: system.cpu: T0 : 0x24002    : c_sd a5, 24(a5)            : MemWrite :  D=0x0000000000078670 A=0x78688
 649000: system.cpu: T0 : 0x24004    : c_sd a5, 16(a5)            : MemWrite :  D=0x0000000000078670 A=0x78680
 649500: system.cpu: T0 : 0x24006    : c_addi a5, 16              : IntAlu :  D=0x0000000000078680
 650000: system.cpu: T0 : 0x24008    : bne a4, a5, -6             : IntAlu : 
 650500: system.cpu: T0 : 0x24002    : c_sd a5, 24(a5)            : MemWrite :  D=0x0000000000078680 A=0x78698
 651000: system.cpu: T0 : 0x24004    : c_sd a5, 16(a5)            : MemWrite :  D=0x0000000000078680 A=0x78690
 651500: system.cpu: T0 : 0x24006    : c_addi a5, 16              : IntAlu :  D=0x0000000000078690
 652000: system.cpu: T0 : 0x24008    : bne a4, a5, -6             : IntAlu : 
 652500: system.cpu: T0 : 0x24002    : c_sd a5, 24(a5)            : MemWrite :  D=0x0000000000078690 A=0x786a8
 653000: system.cpu: T0 : 0x24004    : c_sd a5, 16(a5)            : MemWrite :  D=0x0000000000078690 A=0x786a0
 653500: system.cpu: T0 : 0x24006    : c_addi a5, 16              : IntAlu :  D=0x00000000000786a0
 654000: system.cpu: T0 : 0x24008    : bne a4, a5, -6             : IntAlu : 
 654500: system.cpu: T0 : 0x24002    : c_sd a5, 24(a5)            : MemWrite :  D=0x00000000000786a0 A=0x786b8
 655000: system.cpu: T0 : 0x24004    : c_sd a5, 16(a5)            : MemWrite :  D=0x00000000000786a0 A=0x786b0
 655500: system.cpu: T0 : 0x24006    : c_addi a5, 16              : IntAlu :  D=0x00000000000786b0
 656000: system.cpu: T0 : 0x24008    : bne a4, a5, -6             : IntAlu : 
 656500: system.cpu: T0 : 0x24002    : c_sd a5, 24(a5)            : MemWrite :  D=0x00000000000786b0 A=0x786c8
 657000: system.cpu: T0 : 0x24004    : c_sd a5, 16(a5)            : MemWrite :  D=0x00000000000786b0 A=0x786c0
 657500: system.cpu: T0 : 0x24006    : c_addi a5, 16              : IntAlu :  D=0x00000000000786c0
 658000: system.cpu: T0 : 0x24008    : bne a4, a5, -6             : IntAlu : 
 658500: system.cpu: T0 : 0x24002    : c_sd a5, 24(a5)            : MemWrite :  D=0x00000000000786c0 A=0x786d8
 659000: system.cpu: T0 : 0x24004    : c_sd a5, 16(a5)            : MemWrite :  D=0x00000000000786c0 A=0x786d0
 659500: system.cpu: T0 : 0x24006    : c_addi a5, 16              : IntAlu :  D=0x00000000000786d0
 660000: system.cpu: T0 : 0x24008    : bne a4, a5, -6             : IntAlu : 
 660500: system.cpu: T0 : 0x24002    : c_sd a5, 24(a5)            : MemWrite :  D=0x00000000000786d0 A=0x786e8
 661000: system.cpu: T0 : 0x24004    : c_sd a5, 16(a5)            : MemWrite :  D=0x00000000000786d0 A=0x786e0
 661500: system.cpu: T0 : 0x24006    : c_addi a5, 16              : IntAlu :  D=0x00000000000786e0
 662000: system.cpu: T0 : 0x24008    : bne a4, a5, -6             : IntAlu : 
 662500: system.cpu: T0 : 0x24002    : c_sd a5, 24(a5)            : MemWrite :  D=0x00000000000786e0 A=0x786f8
 663000: system.cpu: T0 : 0x24004    : c_sd a5, 16(a5)            : MemWrite :  D=0x00000000000786e0 A=0x786f0
 663500: system.cpu: T0 : 0x24006    : c_addi a5, 16              : IntAlu :  D=0x00000000000786f0
 664000: system.cpu: T0 : 0x24008    : bne a4, a5, -6             : IntAlu : 
 664500: system.cpu: T0 : 0x24002    : c_sd a5, 24(a5)            : MemWrite :  D=0x00000000000786f0 A=0x78708
 665000: system.cpu: T0 : 0x24004    : c_sd a5, 16(a5)            : MemWrite :  D=0x00000000000786f0 A=0x78700
 665500: system.cpu: T0 : 0x24006    : c_addi a5, 16              : IntAlu :  D=0x0000000000078700
 666000: system.cpu: T0 : 0x24008    : bne a4, a5, -6             : IntAlu : 
 666500: system.cpu: T0 : 0x24002    : c_sd a5, 24(a5)            : MemWrite :  D=0x0000000000078700 A=0x78718
 667000: system.cpu: T0 : 0x24004    : c_sd a5, 16(a5)            : MemWrite :  D=0x0000000000078700 A=0x78710
 667500: system.cpu: T0 : 0x24006    : c_addi a5, 16              : IntAlu :  D=0x0000000000078710
 668000: system.cpu: T0 : 0x24008    : bne a4, a5, -6             : IntAlu : 
 668500: system.cpu: T0 : 0x24002    : c_sd a5, 24(a5)            : MemWrite :  D=0x0000000000078710 A=0x78728
 669000: system.cpu: T0 : 0x24004    : c_sd a5, 16(a5)            : MemWrite :  D=0x0000000000078710 A=0x78720
 669500: system.cpu: T0 : 0x24006    : c_addi a5, 16              : IntAlu :  D=0x0000000000078720
 670000: system.cpu: T0 : 0x24008    : bne a4, a5, -6             : IntAlu : 
 670500: system.cpu: T0 : 0x24002    : c_sd a5, 24(a5)            : MemWrite :  D=0x0000000000078720 A=0x78738
 671000: system.cpu: T0 : 0x24004    : c_sd a5, 16(a5)            : MemWrite :  D=0x0000000000078720 A=0x78730
 671500: system.cpu: T0 : 0x24006    : c_addi a5, 16              : IntAlu :  D=0x0000000000078730
 672000: system.cpu: T0 : 0x24008    : bne a4, a5, -6             : IntAlu : 
 672500: system.cpu: T0 : 0x24002    : c_sd a5, 24(a5)            : MemWrite :  D=0x0000000000078730 A=0x78748
 673000: system.cpu: T0 : 0x24004    : c_sd a5, 16(a5)            : MemWrite :  D=0x0000000000078730 A=0x78740
 673500: system.cpu: T0 : 0x24006    : c_addi a5, 16              : IntAlu :  D=0x0000000000078740
 674000: system.cpu: T0 : 0x24008    : bne a4, a5, -6             : IntAlu : 
 674500: system.cpu: T0 : 0x24002    : c_sd a5, 24(a5)            : MemWrite :  D=0x0000000000078740 A=0x78758
 675000: system.cpu: T0 : 0x24004    : c_sd a5, 16(a5)            : MemWrite :  D=0x0000000000078740 A=0x78750
 675500: system.cpu: T0 : 0x24006    : c_addi a5, 16              : IntAlu :  D=0x0000000000078750
 676000: system.cpu: T0 : 0x24008    : bne a4, a5, -6             : IntAlu : 
 676500: system.cpu: T0 : 0x24002    : c_sd a5, 24(a5)            : MemWrite :  D=0x0000000000078750 A=0x78768
 677000: system.cpu: T0 : 0x24004    : c_sd a5, 16(a5)            : MemWrite :  D=0x0000000000078750 A=0x78760
 677500: system.cpu: T0 : 0x24006    : c_addi a5, 16              : IntAlu :  D=0x0000000000078760
 678000: system.cpu: T0 : 0x24008    : bne a4, a5, -6             : IntAlu : 
 678500: system.cpu: T0 : 0x24002    : c_sd a5, 24(a5)            : MemWrite :  D=0x0000000000078760 A=0x78778
 679000: system.cpu: T0 : 0x24004    : c_sd a5, 16(a5)            : MemWrite :  D=0x0000000000078760 A=0x78770
 679500: system.cpu: T0 : 0x24006    : c_addi a5, 16              : IntAlu :  D=0x0000000000078770
 680000: system.cpu: T0 : 0x24008    : bne a4, a5, -6             : IntAlu : 
 680500: system.cpu: T0 : 0x24002    : c_sd a5, 24(a5)            : MemWrite :  D=0x0000000000078770 A=0x78788
 681000: system.cpu: T0 : 0x24004    : c_sd a5, 16(a5)            : MemWrite :  D=0x0000000000078770 A=0x78780
 681500: system.cpu: T0 : 0x24006    : c_addi a5, 16              : IntAlu :  D=0x0000000000078780
 682000: system.cpu: T0 : 0x24008    : bne a4, a5, -6             : IntAlu : 
 682500: system.cpu: T0 : 0x24002    : c_sd a5, 24(a5)            : MemWrite :  D=0x0000000000078780 A=0x78798
 683000: system.cpu: T0 : 0x24004    : c_sd a5, 16(a5)            : MemWrite :  D=0x0000000000078780 A=0x78790
 683500: system.cpu: T0 : 0x24006    : c_addi a5, 16              : IntAlu :  D=0x0000000000078790
 684000: system.cpu: T0 : 0x24008    : bne a4, a5, -6             : IntAlu : 
 684500: system.cpu: T0 : 0x24002    : c_sd a5, 24(a5)            : MemWrite :  D=0x0000000000078790 A=0x787a8
 685000: system.cpu: T0 : 0x24004    : c_sd a5, 16(a5)            : MemWrite :  D=0x0000000000078790 A=0x787a0
 685500: system.cpu: T0 : 0x24006    : c_addi a5, 16              : IntAlu :  D=0x00000000000787a0
 686000: system.cpu: T0 : 0x24008    : bne a4, a5, -6             : IntAlu : 
 686500: system.cpu: T0 : 0x24002    : c_sd a5, 24(a5)            : MemWrite :  D=0x00000000000787a0 A=0x787b8
 687000: system.cpu: T0 : 0x24004    : c_sd a5, 16(a5)            : MemWrite :  D=0x00000000000787a0 A=0x787b0
 687500: system.cpu: T0 : 0x24006    : c_addi a5, 16              : IntAlu :  D=0x00000000000787b0
 688000: system.cpu: T0 : 0x24008    : bne a4, a5, -6             : IntAlu : 
 688500: system.cpu: T0 : 0x24002    : c_sd a5, 24(a5)            : MemWrite :  D=0x00000000000787b0 A=0x787c8
 689000: system.cpu: T0 : 0x24004    : c_sd a5, 16(a5)            : MemWrite :  D=0x00000000000787b0 A=0x787c0
 689500: system.cpu: T0 : 0x24006    : c_addi a5, 16              : IntAlu :  D=0x00000000000787c0
 690000: system.cpu: T0 : 0x24008    : bne a4, a5, -6             : IntAlu : 
 690500: system.cpu: T0 : 0x24002    : c_sd a5, 24(a5)            : MemWrite :  D=0x00000000000787c0 A=0x787d8
 691000: system.cpu: T0 : 0x24004    : c_sd a5, 16(a5)            : MemWrite :  D=0x00000000000787c0 A=0x787d0
 691500: system.cpu: T0 : 0x24006    : c_addi a5, 16              : IntAlu :  D=0x00000000000787d0
 692000: system.cpu: T0 : 0x24008    : bne a4, a5, -6             : IntAlu : 
 692500: system.cpu: T0 : 0x24002    : c_sd a5, 24(a5)            : MemWrite :  D=0x00000000000787d0 A=0x787e8
 693000: system.cpu: T0 : 0x24004    : c_sd a5, 16(a5)            : MemWrite :  D=0x00000000000787d0 A=0x787e0
 693500: system.cpu: T0 : 0x24006    : c_addi a5, 16              : IntAlu :  D=0x00000000000787e0
 694000: system.cpu: T0 : 0x24008    : bne a4, a5, -6             : IntAlu : 
 694500: system.cpu: T0 : 0x24002    : c_sd a5, 24(a5)            : MemWrite :  D=0x00000000000787e0 A=0x787f8
 695000: system.cpu: T0 : 0x24004    : c_sd a5, 16(a5)            : MemWrite :  D=0x00000000000787e0 A=0x787f0
 695500: system.cpu: T0 : 0x24006    : c_addi a5, 16              : IntAlu :  D=0x00000000000787f0
 696000: system.cpu: T0 : 0x24008    : bne a4, a5, -6             : IntAlu : 
 696500: system.cpu: T0 : 0x24002    : c_sd a5, 24(a5)            : MemWrite :  D=0x00000000000787f0 A=0x78808
 697000: system.cpu: T0 : 0x24004    : c_sd a5, 16(a5)            : MemWrite :  D=0x00000000000787f0 A=0x78800
 697500: system.cpu: T0 : 0x24006    : c_addi a5, 16              : IntAlu :  D=0x0000000000078800
 698000: system.cpu: T0 : 0x24008    : bne a4, a5, -6             : IntAlu : 
 698500: system.cpu: T0 : 0x24002    : c_sd a5, 24(a5)            : MemWrite :  D=0x0000000000078800 A=0x78818
 699000: system.cpu: T0 : 0x24004    : c_sd a5, 16(a5)            : MemWrite :  D=0x0000000000078800 A=0x78810
 699500: system.cpu: T0 : 0x24006    : c_addi a5, 16              : IntAlu :  D=0x0000000000078810
 700000: system.cpu: T0 : 0x24008    : bne a4, a5, -6             : IntAlu : 
 700500: system.cpu: T0 : 0x24002    : c_sd a5, 24(a5)            : MemWrite :  D=0x0000000000078810 A=0x78828
 701000: system.cpu: T0 : 0x24004    : c_sd a5, 16(a5)            : MemWrite :  D=0x0000000000078810 A=0x78820
 701500: system.cpu: T0 : 0x24006    : c_addi a5, 16              : IntAlu :  D=0x0000000000078820
 702000: system.cpu: T0 : 0x24008    : bne a4, a5, -6             : IntAlu : 
 702500: system.cpu: T0 : 0x24002    : c_sd a5, 24(a5)            : MemWrite :  D=0x0000000000078820 A=0x78838
 703000: system.cpu: T0 : 0x24004    : c_sd a5, 16(a5)            : MemWrite :  D=0x0000000000078820 A=0x78830
 703500: system.cpu: T0 : 0x24006    : c_addi a5, 16              : IntAlu :  D=0x0000000000078830
 704000: system.cpu: T0 : 0x24008    : bne a4, a5, -6             : IntAlu : 
 704500: system.cpu: T0 : 0x24002    : c_sd a5, 24(a5)            : MemWrite :  D=0x0000000000078830 A=0x78848
 705000: system.cpu: T0 : 0x24004    : c_sd a5, 16(a5)            : MemWrite :  D=0x0000000000078830 A=0x78840
 705500: system.cpu: T0 : 0x24006    : c_addi a5, 16              : IntAlu :  D=0x0000000000078840
 706000: system.cpu: T0 : 0x24008    : bne a4, a5, -6             : IntAlu : 
 706500: system.cpu: T0 : 0x24002    : c_sd a5, 24(a5)            : MemWrite :  D=0x0000000000078840 A=0x78858
 707000: system.cpu: T0 : 0x24004    : c_sd a5, 16(a5)            : MemWrite :  D=0x0000000000078840 A=0x78850
 707500: system.cpu: T0 : 0x24006    : c_addi a5, 16              : IntAlu :  D=0x0000000000078850
 708000: system.cpu: T0 : 0x24008    : bne a4, a5, -6             : IntAlu : 
 708500: system.cpu: T0 : 0x24002    : c_sd a5, 24(a5)            : MemWrite :  D=0x0000000000078850 A=0x78868
 709000: system.cpu: T0 : 0x24004    : c_sd a5, 16(a5)            : MemWrite :  D=0x0000000000078850 A=0x78860
 709500: system.cpu: T0 : 0x24006    : c_addi a5, 16              : IntAlu :  D=0x0000000000078860
 710000: system.cpu: T0 : 0x24008    : bne a4, a5, -6             : IntAlu : 
 710500: system.cpu: T0 : 0x24002    : c_sd a5, 24(a5)            : MemWrite :  D=0x0000000000078860 A=0x78878
 711000: system.cpu: T0 : 0x24004    : c_sd a5, 16(a5)            : MemWrite :  D=0x0000000000078860 A=0x78870
 711500: system.cpu: T0 : 0x24006    : c_addi a5, 16              : IntAlu :  D=0x0000000000078870
 712000: system.cpu: T0 : 0x24008    : bne a4, a5, -6             : IntAlu : 
 712500: system.cpu: T0 : 0x24002    : c_sd a5, 24(a5)            : MemWrite :  D=0x0000000000078870 A=0x78888
 713000: system.cpu: T0 : 0x24004    : c_sd a5, 16(a5)            : MemWrite :  D=0x0000000000078870 A=0x78880
 713500: system.cpu: T0 : 0x24006    : c_addi a5, 16              : IntAlu :  D=0x0000000000078880
 714000: system.cpu: T0 : 0x24008    : bne a4, a5, -6             : IntAlu : 
 714500: system.cpu: T0 : 0x24002    : c_sd a5, 24(a5)            : MemWrite :  D=0x0000000000078880 A=0x78898
 715000: system.cpu: T0 : 0x24004    : c_sd a5, 16(a5)            : MemWrite :  D=0x0000000000078880 A=0x78890
 715500: system.cpu: T0 : 0x24006    : c_addi a5, 16              : IntAlu :  D=0x0000000000078890
 716000: system.cpu: T0 : 0x24008    : bne a4, a5, -6             : IntAlu : 
 716500: system.cpu: T0 : 0x24002    : c_sd a5, 24(a5)            : MemWrite :  D=0x0000000000078890 A=0x788a8
 717000: system.cpu: T0 : 0x24004    : c_sd a5, 16(a5)            : MemWrite :  D=0x0000000000078890 A=0x788a0
 717500: system.cpu: T0 : 0x24006    : c_addi a5, 16              : IntAlu :  D=0x00000000000788a0
 718000: system.cpu: T0 : 0x24008    : bne a4, a5, -6             : IntAlu : 
 718500: system.cpu: T0 : 0x24002    : c_sd a5, 24(a5)            : MemWrite :  D=0x00000000000788a0 A=0x788b8
 719000: system.cpu: T0 : 0x24004    : c_sd a5, 16(a5)            : MemWrite :  D=0x00000000000788a0 A=0x788b0
 719500: system.cpu: T0 : 0x24006    : c_addi a5, 16              : IntAlu :  D=0x00000000000788b0
 720000: system.cpu: T0 : 0x24008    : bne a4, a5, -6             : IntAlu : 
 720500: system.cpu: T0 : 0x24002    : c_sd a5, 24(a5)            : MemWrite :  D=0x00000000000788b0 A=0x788c8
 721000: system.cpu: T0 : 0x24004    : c_sd a5, 16(a5)            : MemWrite :  D=0x00000000000788b0 A=0x788c0
 721500: system.cpu: T0 : 0x24006    : c_addi a5, 16              : IntAlu :  D=0x00000000000788c0
 722000: system.cpu: T0 : 0x24008    : bne a4, a5, -6             : IntAlu : 
 722500: system.cpu: T0 : 0x24002    : c_sd a5, 24(a5)            : MemWrite :  D=0x00000000000788c0 A=0x788d8
 723000: system.cpu: T0 : 0x24004    : c_sd a5, 16(a5)            : MemWrite :  D=0x00000000000788c0 A=0x788d0
 723500: system.cpu: T0 : 0x24006    : c_addi a5, 16              : IntAlu :  D=0x00000000000788d0
 724000: system.cpu: T0 : 0x24008    : bne a4, a5, -6             : IntAlu : 
 724500: system.cpu: T0 : 0x24002    : c_sd a5, 24(a5)            : MemWrite :  D=0x00000000000788d0 A=0x788e8
 725000: system.cpu: T0 : 0x24004    : c_sd a5, 16(a5)            : MemWrite :  D=0x00000000000788d0 A=0x788e0
 725500: system.cpu: T0 : 0x24006    : c_addi a5, 16              : IntAlu :  D=0x00000000000788e0
 726000: system.cpu: T0 : 0x24008    : bne a4, a5, -6             : IntAlu : 
 726500: system.cpu: T0 : 0x24002    : c_sd a5, 24(a5)            : MemWrite :  D=0x00000000000788e0 A=0x788f8
 727000: system.cpu: T0 : 0x24004    : c_sd a5, 16(a5)            : MemWrite :  D=0x00000000000788e0 A=0x788f0
 727500: system.cpu: T0 : 0x24006    : c_addi a5, 16              : IntAlu :  D=0x00000000000788f0
 728000: system.cpu: T0 : 0x24008    : bne a4, a5, -6             : IntAlu : 
 728500: system.cpu: T0 : 0x24002    : c_sd a5, 24(a5)            : MemWrite :  D=0x00000000000788f0 A=0x78908
 729000: system.cpu: T0 : 0x24004    : c_sd a5, 16(a5)            : MemWrite :  D=0x00000000000788f0 A=0x78900
 729500: system.cpu: T0 : 0x24006    : c_addi a5, 16              : IntAlu :  D=0x0000000000078900
 730000: system.cpu: T0 : 0x24008    : bne a4, a5, -6             : IntAlu : 
 730500: system.cpu: T0 : 0x24002    : c_sd a5, 24(a5)            : MemWrite :  D=0x0000000000078900 A=0x78918
 731000: system.cpu: T0 : 0x24004    : c_sd a5, 16(a5)            : MemWrite :  D=0x0000000000078900 A=0x78910
 731500: system.cpu: T0 : 0x24006    : c_addi a5, 16              : IntAlu :  D=0x0000000000078910
 732000: system.cpu: T0 : 0x24008    : bne a4, a5, -6             : IntAlu : 
 732500: system.cpu: T0 : 0x24002    : c_sd a5, 24(a5)            : MemWrite :  D=0x0000000000078910 A=0x78928
 733000: system.cpu: T0 : 0x24004    : c_sd a5, 16(a5)            : MemWrite :  D=0x0000000000078910 A=0x78920
 733500: system.cpu: T0 : 0x24006    : c_addi a5, 16              : IntAlu :  D=0x0000000000078920
 734000: system.cpu: T0 : 0x24008    : bne a4, a5, -6             : IntAlu : 
 734500: system.cpu: T0 : 0x24002    : c_sd a5, 24(a5)            : MemWrite :  D=0x0000000000078920 A=0x78938
 735000: system.cpu: T0 : 0x24004    : c_sd a5, 16(a5)            : MemWrite :  D=0x0000000000078920 A=0x78930
 735500: system.cpu: T0 : 0x24006    : c_addi a5, 16              : IntAlu :  D=0x0000000000078930
 736000: system.cpu: T0 : 0x24008    : bne a4, a5, -6             : IntAlu : 
 736500: system.cpu: T0 : 0x24002    : c_sd a5, 24(a5)            : MemWrite :  D=0x0000000000078930 A=0x78948
 737000: system.cpu: T0 : 0x24004    : c_sd a5, 16(a5)            : MemWrite :  D=0x0000000000078930 A=0x78940
 737500: system.cpu: T0 : 0x24006    : c_addi a5, 16              : IntAlu :  D=0x0000000000078940
 738000: system.cpu: T0 : 0x24008    : bne a4, a5, -6             : IntAlu : 
 738500: system.cpu: T0 : 0x24002    : c_sd a5, 24(a5)            : MemWrite :  D=0x0000000000078940 A=0x78958
 739000: system.cpu: T0 : 0x24004    : c_sd a5, 16(a5)            : MemWrite :  D=0x0000000000078940 A=0x78950
 739500: system.cpu: T0 : 0x24006    : c_addi a5, 16              : IntAlu :  D=0x0000000000078950
 740000: system.cpu: T0 : 0x24008    : bne a4, a5, -6             : IntAlu : 
 740500: system.cpu: T0 : 0x24002    : c_sd a5, 24(a5)            : MemWrite :  D=0x0000000000078950 A=0x78968
 741000: system.cpu: T0 : 0x24004    : c_sd a5, 16(a5)            : MemWrite :  D=0x0000000000078950 A=0x78960
 741500: system.cpu: T0 : 0x24006    : c_addi a5, 16              : IntAlu :  D=0x0000000000078960
 742000: system.cpu: T0 : 0x24008    : bne a4, a5, -6             : IntAlu : 
 742500: system.cpu: T0 : 0x24002    : c_sd a5, 24(a5)            : MemWrite :  D=0x0000000000078960 A=0x78978
 743000: system.cpu: T0 : 0x24004    : c_sd a5, 16(a5)            : MemWrite :  D=0x0000000000078960 A=0x78970
 743500: system.cpu: T0 : 0x24006    : c_addi a5, 16              : IntAlu :  D=0x0000000000078970
 744000: system.cpu: T0 : 0x24008    : bne a4, a5, -6             : IntAlu : 
 744500: system.cpu: T0 : 0x24002    : c_sd a5, 24(a5)            : MemWrite :  D=0x0000000000078970 A=0x78988
 745000: system.cpu: T0 : 0x24004    : c_sd a5, 16(a5)            : MemWrite :  D=0x0000000000078970 A=0x78980
 745500: system.cpu: T0 : 0x24006    : c_addi a5, 16              : IntAlu :  D=0x0000000000078980
 746000: system.cpu: T0 : 0x24008    : bne a4, a5, -6             : IntAlu : 
 746500: system.cpu: T0 : 0x24002    : c_sd a5, 24(a5)            : MemWrite :  D=0x0000000000078980 A=0x78998
 747000: system.cpu: T0 : 0x24004    : c_sd a5, 16(a5)            : MemWrite :  D=0x0000000000078980 A=0x78990
 747500: system.cpu: T0 : 0x24006    : c_addi a5, 16              : IntAlu :  D=0x0000000000078990
 748000: system.cpu: T0 : 0x24008    : bne a4, a5, -6             : IntAlu : 
 748500: system.cpu: T0 : 0x24002    : c_sd a5, 24(a5)            : MemWrite :  D=0x0000000000078990 A=0x789a8
 749000: system.cpu: T0 : 0x24004    : c_sd a5, 16(a5)            : MemWrite :  D=0x0000000000078990 A=0x789a0
 749500: system.cpu: T0 : 0x24006    : c_addi a5, 16              : IntAlu :  D=0x00000000000789a0
 750000: system.cpu: T0 : 0x24008    : bne a4, a5, -6             : IntAlu : 
 750500: system.cpu: T0 : 0x24002    : c_sd a5, 24(a5)            : MemWrite :  D=0x00000000000789a0 A=0x789b8
 751000: system.cpu: T0 : 0x24004    : c_sd a5, 16(a5)            : MemWrite :  D=0x00000000000789a0 A=0x789b0
 751500: system.cpu: T0 : 0x24006    : c_addi a5, 16              : IntAlu :  D=0x00000000000789b0
 752000: system.cpu: T0 : 0x24008    : bne a4, a5, -6             : IntAlu : 
 752500: system.cpu: T0 : 0x24002    : c_sd a5, 24(a5)            : MemWrite :  D=0x00000000000789b0 A=0x789c8
 753000: system.cpu: T0 : 0x24004    : c_sd a5, 16(a5)            : MemWrite :  D=0x00000000000789b0 A=0x789c0
 753500: system.cpu: T0 : 0x24006    : c_addi a5, 16              : IntAlu :  D=0x00000000000789c0
 754000: system.cpu: T0 : 0x24008    : bne a4, a5, -6             : IntAlu : 
 754500: system.cpu: T0 : 0x24002    : c_sd a5, 24(a5)            : MemWrite :  D=0x00000000000789c0 A=0x789d8
 755000: system.cpu: T0 : 0x24004    : c_sd a5, 16(a5)            : MemWrite :  D=0x00000000000789c0 A=0x789d0
 755500: system.cpu: T0 : 0x24006    : c_addi a5, 16              : IntAlu :  D=0x00000000000789d0
 756000: system.cpu: T0 : 0x24008    : bne a4, a5, -6             : IntAlu : 
 756500: system.cpu: T0 : 0x24002    : c_sd a5, 24(a5)            : MemWrite :  D=0x00000000000789d0 A=0x789e8
 757000: system.cpu: T0 : 0x24004    : c_sd a5, 16(a5)            : MemWrite :  D=0x00000000000789d0 A=0x789e0
 757500: system.cpu: T0 : 0x24006    : c_addi a5, 16              : IntAlu :  D=0x00000000000789e0
 758000: system.cpu: T0 : 0x24008    : bne a4, a5, -6             : IntAlu : 
 758500: system.cpu: T0 : 0x24002    : c_sd a5, 24(a5)            : MemWrite :  D=0x00000000000789e0 A=0x789f8
 759000: system.cpu: T0 : 0x24004    : c_sd a5, 16(a5)            : MemWrite :  D=0x00000000000789e0 A=0x789f0
 759500: system.cpu: T0 : 0x24006    : c_addi a5, 16              : IntAlu :  D=0x00000000000789f0
 760000: system.cpu: T0 : 0x24008    : bne a4, a5, -6             : IntAlu : 
 760500: system.cpu: T0 : 0x24002    : c_sd a5, 24(a5)            : MemWrite :  D=0x00000000000789f0 A=0x78a08
 761000: system.cpu: T0 : 0x24004    : c_sd a5, 16(a5)            : MemWrite :  D=0x00000000000789f0 A=0x78a00
 761500: system.cpu: T0 : 0x24006    : c_addi a5, 16              : IntAlu :  D=0x0000000000078a00
 762000: system.cpu: T0 : 0x24008    : bne a4, a5, -6             : IntAlu : 
 762500: system.cpu: T0 : 0x24002    : c_sd a5, 24(a5)            : MemWrite :  D=0x0000000000078a00 A=0x78a18
 763000: system.cpu: T0 : 0x24004    : c_sd a5, 16(a5)            : MemWrite :  D=0x0000000000078a00 A=0x78a10
 763500: system.cpu: T0 : 0x24006    : c_addi a5, 16              : IntAlu :  D=0x0000000000078a10
 764000: system.cpu: T0 : 0x24008    : bne a4, a5, -6             : IntAlu : 
 764500: system.cpu: T0 : 0x24002    : c_sd a5, 24(a5)            : MemWrite :  D=0x0000000000078a10 A=0x78a28
 765000: system.cpu: T0 : 0x24004    : c_sd a5, 16(a5)            : MemWrite :  D=0x0000000000078a10 A=0x78a20
 765500: system.cpu: T0 : 0x24006    : c_addi a5, 16              : IntAlu :  D=0x0000000000078a20
 766000: system.cpu: T0 : 0x24008    : bne a4, a5, -6             : IntAlu : 
 766500: system.cpu: T0 : 0x24002    : c_sd a5, 24(a5)            : MemWrite :  D=0x0000000000078a20 A=0x78a38
 767000: system.cpu: T0 : 0x24004    : c_sd a5, 16(a5)            : MemWrite :  D=0x0000000000078a20 A=0x78a30
 767500: system.cpu: T0 : 0x24006    : c_addi a5, 16              : IntAlu :  D=0x0000000000078a30
 768000: system.cpu: T0 : 0x24008    : bne a4, a5, -6             : IntAlu : 
 768500: system.cpu: T0 : 0x24002    : c_sd a5, 24(a5)            : MemWrite :  D=0x0000000000078a30 A=0x78a48
 769000: system.cpu: T0 : 0x24004    : c_sd a5, 16(a5)            : MemWrite :  D=0x0000000000078a30 A=0x78a40
 769500: system.cpu: T0 : 0x24006    : c_addi a5, 16              : IntAlu :  D=0x0000000000078a40
 770000: system.cpu: T0 : 0x24008    : bne a4, a5, -6             : IntAlu : 
 770500: system.cpu: T0 : 0x24002    : c_sd a5, 24(a5)            : MemWrite :  D=0x0000000000078a40 A=0x78a58
 771000: system.cpu: T0 : 0x24004    : c_sd a5, 16(a5)            : MemWrite :  D=0x0000000000078a40 A=0x78a50
 771500: system.cpu: T0 : 0x24006    : c_addi a5, 16              : IntAlu :  D=0x0000000000078a50
 772000: system.cpu: T0 : 0x24008    : bne a4, a5, -6             : IntAlu : 
 772500: system.cpu: T0 : 0x24002    : c_sd a5, 24(a5)            : MemWrite :  D=0x0000000000078a50 A=0x78a68
 773000: system.cpu: T0 : 0x24004    : c_sd a5, 16(a5)            : MemWrite :  D=0x0000000000078a50 A=0x78a60
 773500: system.cpu: T0 : 0x24006    : c_addi a5, 16              : IntAlu :  D=0x0000000000078a60
 774000: system.cpu: T0 : 0x24008    : bne a4, a5, -6             : IntAlu : 
 774500: system.cpu: T0 : 0x24002    : c_sd a5, 24(a5)            : MemWrite :  D=0x0000000000078a60 A=0x78a78
 775000: system.cpu: T0 : 0x24004    : c_sd a5, 16(a5)            : MemWrite :  D=0x0000000000078a60 A=0x78a70
 775500: system.cpu: T0 : 0x24006    : c_addi a5, 16              : IntAlu :  D=0x0000000000078a70
 776000: system.cpu: T0 : 0x24008    : bne a4, a5, -6             : IntAlu : 
 776500: system.cpu: T0 : 0x24002    : c_sd a5, 24(a5)            : MemWrite :  D=0x0000000000078a70 A=0x78a88
 777000: system.cpu: T0 : 0x24004    : c_sd a5, 16(a5)            : MemWrite :  D=0x0000000000078a70 A=0x78a80
 777500: system.cpu: T0 : 0x24006    : c_addi a5, 16              : IntAlu :  D=0x0000000000078a80
 778000: system.cpu: T0 : 0x24008    : bne a4, a5, -6             : IntAlu : 
 778500: system.cpu: T0 : 0x24002    : c_sd a5, 24(a5)            : MemWrite :  D=0x0000000000078a80 A=0x78a98
 779000: system.cpu: T0 : 0x24004    : c_sd a5, 16(a5)            : MemWrite :  D=0x0000000000078a80 A=0x78a90
 779500: system.cpu: T0 : 0x24006    : c_addi a5, 16              : IntAlu :  D=0x0000000000078a90
 780000: system.cpu: T0 : 0x24008    : bne a4, a5, -6             : IntAlu : 
 780500: system.cpu: T0 : 0x24002    : c_sd a5, 24(a5)            : MemWrite :  D=0x0000000000078a90 A=0x78aa8
 781000: system.cpu: T0 : 0x24004    : c_sd a5, 16(a5)            : MemWrite :  D=0x0000000000078a90 A=0x78aa0
 781500: system.cpu: T0 : 0x24006    : c_addi a5, 16              : IntAlu :  D=0x0000000000078aa0
 782000: system.cpu: T0 : 0x24008    : bne a4, a5, -6             : IntAlu : 
 782500: system.cpu: T0 : 0x24002    : c_sd a5, 24(a5)            : MemWrite :  D=0x0000000000078aa0 A=0x78ab8
 783000: system.cpu: T0 : 0x24004    : c_sd a5, 16(a5)            : MemWrite :  D=0x0000000000078aa0 A=0x78ab0
 783500: system.cpu: T0 : 0x24006    : c_addi a5, 16              : IntAlu :  D=0x0000000000078ab0
 784000: system.cpu: T0 : 0x24008    : bne a4, a5, -6             : IntAlu : 
 784500: system.cpu: T0 : 0x24002    : c_sd a5, 24(a5)            : MemWrite :  D=0x0000000000078ab0 A=0x78ac8
 785000: system.cpu: T0 : 0x24004    : c_sd a5, 16(a5)            : MemWrite :  D=0x0000000000078ab0 A=0x78ac0
 785500: system.cpu: T0 : 0x24006    : c_addi a5, 16              : IntAlu :  D=0x0000000000078ac0
 786000: system.cpu: T0 : 0x24008    : bne a4, a5, -6             : IntAlu : 
 786500: system.cpu: T0 : 0x24002    : c_sd a5, 24(a5)            : MemWrite :  D=0x0000000000078ac0 A=0x78ad8
 787000: system.cpu: T0 : 0x24004    : c_sd a5, 16(a5)            : MemWrite :  D=0x0000000000078ac0 A=0x78ad0
 787500: system.cpu: T0 : 0x24006    : c_addi a5, 16              : IntAlu :  D=0x0000000000078ad0
 788000: system.cpu: T0 : 0x24008    : bne a4, a5, -6             : IntAlu : 
 788500: system.cpu: T0 : 0x24002    : c_sd a5, 24(a5)            : MemWrite :  D=0x0000000000078ad0 A=0x78ae8
 789000: system.cpu: T0 : 0x24004    : c_sd a5, 16(a5)            : MemWrite :  D=0x0000000000078ad0 A=0x78ae0
 789500: system.cpu: T0 : 0x24006    : c_addi a5, 16              : IntAlu :  D=0x0000000000078ae0
 790000: system.cpu: T0 : 0x24008    : bne a4, a5, -6             : IntAlu : 
 790500: system.cpu: T0 : 0x24002    : c_sd a5, 24(a5)            : MemWrite :  D=0x0000000000078ae0 A=0x78af8
 791000: system.cpu: T0 : 0x24004    : c_sd a5, 16(a5)            : MemWrite :  D=0x0000000000078ae0 A=0x78af0
 791500: system.cpu: T0 : 0x24006    : c_addi a5, 16              : IntAlu :  D=0x0000000000078af0
 792000: system.cpu: T0 : 0x24008    : bne a4, a5, -6             : IntAlu : 
 792500: system.cpu: T0 : 0x24002    : c_sd a5, 24(a5)            : MemWrite :  D=0x0000000000078af0 A=0x78b08
 793000: system.cpu: T0 : 0x24004    : c_sd a5, 16(a5)            : MemWrite :  D=0x0000000000078af0 A=0x78b00
 793500: system.cpu: T0 : 0x24006    : c_addi a5, 16              : IntAlu :  D=0x0000000000078b00
 794000: system.cpu: T0 : 0x24008    : bne a4, a5, -6             : IntAlu : 
 794500: system.cpu: T0 : 0x24002    : c_sd a5, 24(a5)            : MemWrite :  D=0x0000000000078b00 A=0x78b18
 795000: system.cpu: T0 : 0x24004    : c_sd a5, 16(a5)            : MemWrite :  D=0x0000000000078b00 A=0x78b10
 795500: system.cpu: T0 : 0x24006    : c_addi a5, 16              : IntAlu :  D=0x0000000000078b10
 796000: system.cpu: T0 : 0x24008    : bne a4, a5, -6             : IntAlu : 
 796500: system.cpu: T0 : 0x24002    : c_sd a5, 24(a5)            : MemWrite :  D=0x0000000000078b10 A=0x78b28
 797000: system.cpu: T0 : 0x24004    : c_sd a5, 16(a5)            : MemWrite :  D=0x0000000000078b10 A=0x78b20
 797500: system.cpu: T0 : 0x24006    : c_addi a5, 16              : IntAlu :  D=0x0000000000078b20
 798000: system.cpu: T0 : 0x24008    : bne a4, a5, -6             : IntAlu : 
 798500: system.cpu: T0 : 0x24002    : c_sd a5, 24(a5)            : MemWrite :  D=0x0000000000078b20 A=0x78b38
 799000: system.cpu: T0 : 0x24004    : c_sd a5, 16(a5)            : MemWrite :  D=0x0000000000078b20 A=0x78b30
 799500: system.cpu: T0 : 0x24006    : c_addi a5, 16              : IntAlu :  D=0x0000000000078b30
 800000: system.cpu: T0 : 0x24008    : bne a4, a5, -6             : IntAlu : 
 800500: system.cpu: T0 : 0x24002    : c_sd a5, 24(a5)            : MemWrite :  D=0x0000000000078b30 A=0x78b48
 801000: system.cpu: T0 : 0x24004    : c_sd a5, 16(a5)            : MemWrite :  D=0x0000000000078b30 A=0x78b40
 801500: system.cpu: T0 : 0x24006    : c_addi a5, 16              : IntAlu :  D=0x0000000000078b40
 802000: system.cpu: T0 : 0x24008    : bne a4, a5, -6             : IntAlu : 
 802500: system.cpu: T0 : 0x24002    : c_sd a5, 24(a5)            : MemWrite :  D=0x0000000000078b40 A=0x78b58
 803000: system.cpu: T0 : 0x24004    : c_sd a5, 16(a5)            : MemWrite :  D=0x0000000000078b40 A=0x78b50
 803500: system.cpu: T0 : 0x24006    : c_addi a5, 16              : IntAlu :  D=0x0000000000078b50
 804000: system.cpu: T0 : 0x24008    : bne a4, a5, -6             : IntAlu : 
 804500: system.cpu: T0 : 0x24002    : c_sd a5, 24(a5)            : MemWrite :  D=0x0000000000078b50 A=0x78b68
 805000: system.cpu: T0 : 0x24004    : c_sd a5, 16(a5)            : MemWrite :  D=0x0000000000078b50 A=0x78b60
 805500: system.cpu: T0 : 0x24006    : c_addi a5, 16              : IntAlu :  D=0x0000000000078b60
 806000: system.cpu: T0 : 0x24008    : bne a4, a5, -6             : IntAlu : 
 806500: system.cpu: T0 : 0x24002    : c_sd a5, 24(a5)            : MemWrite :  D=0x0000000000078b60 A=0x78b78
 807000: system.cpu: T0 : 0x24004    : c_sd a5, 16(a5)            : MemWrite :  D=0x0000000000078b60 A=0x78b70
 807500: system.cpu: T0 : 0x24006    : c_addi a5, 16              : IntAlu :  D=0x0000000000078b70
 808000: system.cpu: T0 : 0x24008    : bne a4, a5, -6             : IntAlu : 
 808500: system.cpu: T0 : 0x24002    : c_sd a5, 24(a5)            : MemWrite :  D=0x0000000000078b70 A=0x78b88
 809000: system.cpu: T0 : 0x24004    : c_sd a5, 16(a5)            : MemWrite :  D=0x0000000000078b70 A=0x78b80
 809500: system.cpu: T0 : 0x24006    : c_addi a5, 16              : IntAlu :  D=0x0000000000078b80
 810000: system.cpu: T0 : 0x24008    : bne a4, a5, -6             : IntAlu : 
 810500: system.cpu: T0 : 0x24002    : c_sd a5, 24(a5)            : MemWrite :  D=0x0000000000078b80 A=0x78b98
 811000: system.cpu: T0 : 0x24004    : c_sd a5, 16(a5)            : MemWrite :  D=0x0000000000078b80 A=0x78b90
 811500: system.cpu: T0 : 0x24006    : c_addi a5, 16              : IntAlu :  D=0x0000000000078b90
 812000: system.cpu: T0 : 0x24008    : bne a4, a5, -6             : IntAlu : 
 812500: system.cpu: T0 : 0x24002    : c_sd a5, 24(a5)            : MemWrite :  D=0x0000000000078b90 A=0x78ba8
 813000: system.cpu: T0 : 0x24004    : c_sd a5, 16(a5)            : MemWrite :  D=0x0000000000078b90 A=0x78ba0
 813500: system.cpu: T0 : 0x24006    : c_addi a5, 16              : IntAlu :  D=0x0000000000078ba0
 814000: system.cpu: T0 : 0x24008    : bne a4, a5, -6             : IntAlu : 
 814500: system.cpu: T0 : 0x24002    : c_sd a5, 24(a5)            : MemWrite :  D=0x0000000000078ba0 A=0x78bb8
 815000: system.cpu: T0 : 0x24004    : c_sd a5, 16(a5)            : MemWrite :  D=0x0000000000078ba0 A=0x78bb0
 815500: system.cpu: T0 : 0x24006    : c_addi a5, 16              : IntAlu :  D=0x0000000000078bb0
 816000: system.cpu: T0 : 0x24008    : bne a4, a5, -6             : IntAlu : 
 816500: system.cpu: T0 : 0x24002    : c_sd a5, 24(a5)            : MemWrite :  D=0x0000000000078bb0 A=0x78bc8
 817000: system.cpu: T0 : 0x24004    : c_sd a5, 16(a5)            : MemWrite :  D=0x0000000000078bb0 A=0x78bc0
 817500: system.cpu: T0 : 0x24006    : c_addi a5, 16              : IntAlu :  D=0x0000000000078bc0
 818000: system.cpu: T0 : 0x24008    : bne a4, a5, -6             : IntAlu : 
 818500: system.cpu: T0 : 0x24002    : c_sd a5, 24(a5)            : MemWrite :  D=0x0000000000078bc0 A=0x78bd8
 819000: system.cpu: T0 : 0x24004    : c_sd a5, 16(a5)            : MemWrite :  D=0x0000000000078bc0 A=0x78bd0
 819500: system.cpu: T0 : 0x24006    : c_addi a5, 16              : IntAlu :  D=0x0000000000078bd0
 820000: system.cpu: T0 : 0x24008    : bne a4, a5, -6             : IntAlu : 
 820500: system.cpu: T0 : 0x24002    : c_sd a5, 24(a5)            : MemWrite :  D=0x0000000000078bd0 A=0x78be8
 821000: system.cpu: T0 : 0x24004    : c_sd a5, 16(a5)            : MemWrite :  D=0x0000000000078bd0 A=0x78be0
 821500: system.cpu: T0 : 0x24006    : c_addi a5, 16              : IntAlu :  D=0x0000000000078be0
 822000: system.cpu: T0 : 0x24008    : bne a4, a5, -6             : IntAlu : 
 822500: system.cpu: T0 : 0x24002    : c_sd a5, 24(a5)            : MemWrite :  D=0x0000000000078be0 A=0x78bf8
 823000: system.cpu: T0 : 0x24004    : c_sd a5, 16(a5)            : MemWrite :  D=0x0000000000078be0 A=0x78bf0
 823500: system.cpu: T0 : 0x24006    : c_addi a5, 16              : IntAlu :  D=0x0000000000078bf0
 824000: system.cpu: T0 : 0x24008    : bne a4, a5, -6             : IntAlu : 
 824500: system.cpu: T0 : 0x24002    : c_sd a5, 24(a5)            : MemWrite :  D=0x0000000000078bf0 A=0x78c08
 825000: system.cpu: T0 : 0x24004    : c_sd a5, 16(a5)            : MemWrite :  D=0x0000000000078bf0 A=0x78c00
 825500: system.cpu: T0 : 0x24006    : c_addi a5, 16              : IntAlu :  D=0x0000000000078c00
 826000: system.cpu: T0 : 0x24008    : bne a4, a5, -6             : IntAlu : 
 826500: system.cpu: T0 : 0x24002    : c_sd a5, 24(a5)            : MemWrite :  D=0x0000000000078c00 A=0x78c18
 827000: system.cpu: T0 : 0x24004    : c_sd a5, 16(a5)            : MemWrite :  D=0x0000000000078c00 A=0x78c10
 827500: system.cpu: T0 : 0x24006    : c_addi a5, 16              : IntAlu :  D=0x0000000000078c10
 828000: system.cpu: T0 : 0x24008    : bne a4, a5, -6             : IntAlu : 
 828500: system.cpu: T0 : 0x24002    : c_sd a5, 24(a5)            : MemWrite :  D=0x0000000000078c10 A=0x78c28
 829000: system.cpu: T0 : 0x24004    : c_sd a5, 16(a5)            : MemWrite :  D=0x0000000000078c10 A=0x78c20
 829500: system.cpu: T0 : 0x24006    : c_addi a5, 16              : IntAlu :  D=0x0000000000078c20
 830000: system.cpu: T0 : 0x24008    : bne a4, a5, -6             : IntAlu : 
 830500: system.cpu: T0 : 0x24002    : c_sd a5, 24(a5)            : MemWrite :  D=0x0000000000078c20 A=0x78c38
 831000: system.cpu: T0 : 0x24004    : c_sd a5, 16(a5)            : MemWrite :  D=0x0000000000078c20 A=0x78c30
 831500: system.cpu: T0 : 0x24006    : c_addi a5, 16              : IntAlu :  D=0x0000000000078c30
 832000: system.cpu: T0 : 0x24008    : bne a4, a5, -6             : IntAlu : 
 832500: system.cpu: T0 : 0x24002    : c_sd a5, 24(a5)            : MemWrite :  D=0x0000000000078c30 A=0x78c48
 833000: system.cpu: T0 : 0x24004    : c_sd a5, 16(a5)            : MemWrite :  D=0x0000000000078c30 A=0x78c40
 833500: system.cpu: T0 : 0x24006    : c_addi a5, 16              : IntAlu :  D=0x0000000000078c40
 834000: system.cpu: T0 : 0x24008    : bne a4, a5, -6             : IntAlu : 
 834500: system.cpu: T0 : 0x24002    : c_sd a5, 24(a5)            : MemWrite :  D=0x0000000000078c40 A=0x78c58
 835000: system.cpu: T0 : 0x24004    : c_sd a5, 16(a5)            : MemWrite :  D=0x0000000000078c40 A=0x78c50
 835500: system.cpu: T0 : 0x24006    : c_addi a5, 16              : IntAlu :  D=0x0000000000078c50
 836000: system.cpu: T0 : 0x24008    : bne a4, a5, -6             : IntAlu : 
 836500: system.cpu: T0 : 0x24002    : c_sd a5, 24(a5)            : MemWrite :  D=0x0000000000078c50 A=0x78c68
 837000: system.cpu: T0 : 0x24004    : c_sd a5, 16(a5)            : MemWrite :  D=0x0000000000078c50 A=0x78c60
 837500: system.cpu: T0 : 0x24006    : c_addi a5, 16              : IntAlu :  D=0x0000000000078c60
 838000: system.cpu: T0 : 0x24008    : bne a4, a5, -6             : IntAlu : 
 838500: system.cpu: T0 : 0x24002    : c_sd a5, 24(a5)            : MemWrite :  D=0x0000000000078c60 A=0x78c78
 839000: system.cpu: T0 : 0x24004    : c_sd a5, 16(a5)            : MemWrite :  D=0x0000000000078c60 A=0x78c70
 839500: system.cpu: T0 : 0x24006    : c_addi a5, 16              : IntAlu :  D=0x0000000000078c70
 840000: system.cpu: T0 : 0x24008    : bne a4, a5, -6             : IntAlu : 
 840500: system.cpu: T0 : 0x24002    : c_sd a5, 24(a5)            : MemWrite :  D=0x0000000000078c70 A=0x78c88
 841000: system.cpu: T0 : 0x24004    : c_sd a5, 16(a5)            : MemWrite :  D=0x0000000000078c70 A=0x78c80
 841500: system.cpu: T0 : 0x24006    : c_addi a5, 16              : IntAlu :  D=0x0000000000078c80
 842000: system.cpu: T0 : 0x24008    : bne a4, a5, -6             : IntAlu : 
 842500: system.cpu: T0 : 0x24002    : c_sd a5, 24(a5)            : MemWrite :  D=0x0000000000078c80 A=0x78c98
 843000: system.cpu: T0 : 0x24004    : c_sd a5, 16(a5)            : MemWrite :  D=0x0000000000078c80 A=0x78c90
 843500: system.cpu: T0 : 0x24006    : c_addi a5, 16              : IntAlu :  D=0x0000000000078c90
 844000: system.cpu: T0 : 0x24008    : bne a4, a5, -6             : IntAlu : 
 844500: system.cpu: T0 : 0x24002    : c_sd a5, 24(a5)            : MemWrite :  D=0x0000000000078c90 A=0x78ca8
 845000: system.cpu: T0 : 0x24004    : c_sd a5, 16(a5)            : MemWrite :  D=0x0000000000078c90 A=0x78ca0
 845500: system.cpu: T0 : 0x24006    : c_addi a5, 16              : IntAlu :  D=0x0000000000078ca0
 846000: system.cpu: T0 : 0x24008    : bne a4, a5, -6             : IntAlu : 
 846500: system.cpu: T0 : 0x24002    : c_sd a5, 24(a5)            : MemWrite :  D=0x0000000000078ca0 A=0x78cb8
 847000: system.cpu: T0 : 0x24004    : c_sd a5, 16(a5)            : MemWrite :  D=0x0000000000078ca0 A=0x78cb0
 847500: system.cpu: T0 : 0x24006    : c_addi a5, 16              : IntAlu :  D=0x0000000000078cb0
 848000: system.cpu: T0 : 0x24008    : bne a4, a5, -6             : IntAlu : 
 848500: system.cpu: T0 : 0x24002    : c_sd a5, 24(a5)            : MemWrite :  D=0x0000000000078cb0 A=0x78cc8
 849000: system.cpu: T0 : 0x24004    : c_sd a5, 16(a5)            : MemWrite :  D=0x0000000000078cb0 A=0x78cc0
 849500: system.cpu: T0 : 0x24006    : c_addi a5, 16              : IntAlu :  D=0x0000000000078cc0
 850000: system.cpu: T0 : 0x24008    : bne a4, a5, -6             : IntAlu : 
 850500: system.cpu: T0 : 0x24002    : c_sd a5, 24(a5)            : MemWrite :  D=0x0000000000078cc0 A=0x78cd8
 851000: system.cpu: T0 : 0x24004    : c_sd a5, 16(a5)            : MemWrite :  D=0x0000000000078cc0 A=0x78cd0
 851500: system.cpu: T0 : 0x24006    : c_addi a5, 16              : IntAlu :  D=0x0000000000078cd0
 852000: system.cpu: T0 : 0x24008    : bne a4, a5, -6             : IntAlu : 
 852500: system.cpu: T0 : 0x24002    : c_sd a5, 24(a5)            : MemWrite :  D=0x0000000000078cd0 A=0x78ce8
 853000: system.cpu: T0 : 0x24004    : c_sd a5, 16(a5)            : MemWrite :  D=0x0000000000078cd0 A=0x78ce0
 853500: system.cpu: T0 : 0x24006    : c_addi a5, 16              : IntAlu :  D=0x0000000000078ce0
 854000: system.cpu: T0 : 0x24008    : bne a4, a5, -6             : IntAlu : 
 854500: system.cpu: T0 : 0x24002    : c_sd a5, 24(a5)            : MemWrite :  D=0x0000000000078ce0 A=0x78cf8
 855000: system.cpu: T0 : 0x24004    : c_sd a5, 16(a5)            : MemWrite :  D=0x0000000000078ce0 A=0x78cf0
 855500: system.cpu: T0 : 0x24006    : c_addi a5, 16              : IntAlu :  D=0x0000000000078cf0
 856000: system.cpu: T0 : 0x24008    : bne a4, a5, -6             : IntAlu : 
 856500: system.cpu: T0 : 0x24002    : c_sd a5, 24(a5)            : MemWrite :  D=0x0000000000078cf0 A=0x78d08
 857000: system.cpu: T0 : 0x24004    : c_sd a5, 16(a5)            : MemWrite :  D=0x0000000000078cf0 A=0x78d00
 857500: system.cpu: T0 : 0x24006    : c_addi a5, 16              : IntAlu :  D=0x0000000000078d00
 858000: system.cpu: T0 : 0x24008    : bne a4, a5, -6             : IntAlu : 
 858500: system.cpu: T0 : 0x24002    : c_sd a5, 24(a5)            : MemWrite :  D=0x0000000000078d00 A=0x78d18
 859000: system.cpu: T0 : 0x24004    : c_sd a5, 16(a5)            : MemWrite :  D=0x0000000000078d00 A=0x78d10
 859500: system.cpu: T0 : 0x24006    : c_addi a5, 16              : IntAlu :  D=0x0000000000078d10
 860000: system.cpu: T0 : 0x24008    : bne a4, a5, -6             : IntAlu : 
 860500: system.cpu: T0 : 0x24002    : c_sd a5, 24(a5)            : MemWrite :  D=0x0000000000078d10 A=0x78d28
 861000: system.cpu: T0 : 0x24004    : c_sd a5, 16(a5)            : MemWrite :  D=0x0000000000078d10 A=0x78d20
 861500: system.cpu: T0 : 0x24006    : c_addi a5, 16              : IntAlu :  D=0x0000000000078d20
 862000: system.cpu: T0 : 0x24008    : bne a4, a5, -6             : IntAlu : 
 862500: system.cpu: T0 : 0x24002    : c_sd a5, 24(a5)            : MemWrite :  D=0x0000000000078d20 A=0x78d38
 863000: system.cpu: T0 : 0x24004    : c_sd a5, 16(a5)            : MemWrite :  D=0x0000000000078d20 A=0x78d30
 863500: system.cpu: T0 : 0x24006    : c_addi a5, 16              : IntAlu :  D=0x0000000000078d30
 864000: system.cpu: T0 : 0x24008    : bne a4, a5, -6             : IntAlu : 
 864500: system.cpu: T0 : 0x24002    : c_sd a5, 24(a5)            : MemWrite :  D=0x0000000000078d30 A=0x78d48
 865000: system.cpu: T0 : 0x24004    : c_sd a5, 16(a5)            : MemWrite :  D=0x0000000000078d30 A=0x78d40
 865500: system.cpu: T0 : 0x24006    : c_addi a5, 16              : IntAlu :  D=0x0000000000078d40
 866000: system.cpu: T0 : 0x24008    : bne a4, a5, -6             : IntAlu : 
 866500: system.cpu: T0 : 0x24002    : c_sd a5, 24(a5)            : MemWrite :  D=0x0000000000078d40 A=0x78d58
 867000: system.cpu: T0 : 0x24004    : c_sd a5, 16(a5)            : MemWrite :  D=0x0000000000078d40 A=0x78d50
 867500: system.cpu: T0 : 0x24006    : c_addi a5, 16              : IntAlu :  D=0x0000000000078d50
 868000: system.cpu: T0 : 0x24008    : bne a4, a5, -6             : IntAlu : 
 868500: system.cpu: T0 : 0x24002    : c_sd a5, 24(a5)            : MemWrite :  D=0x0000000000078d50 A=0x78d68
 869000: system.cpu: T0 : 0x24004    : c_sd a5, 16(a5)            : MemWrite :  D=0x0000000000078d50 A=0x78d60
 869500: system.cpu: T0 : 0x24006    : c_addi a5, 16              : IntAlu :  D=0x0000000000078d60
 870000: system.cpu: T0 : 0x24008    : bne a4, a5, -6             : IntAlu : 
 870500: system.cpu: T0 : 0x24002    : c_sd a5, 24(a5)            : MemWrite :  D=0x0000000000078d60 A=0x78d78
 871000: system.cpu: T0 : 0x24004    : c_sd a5, 16(a5)            : MemWrite :  D=0x0000000000078d60 A=0x78d70
 871500: system.cpu: T0 : 0x24006    : c_addi a5, 16              : IntAlu :  D=0x0000000000078d70
 872000: system.cpu: T0 : 0x24008    : bne a4, a5, -6             : IntAlu : 
 872500: system.cpu: T0 : 0x24002    : c_sd a5, 24(a5)            : MemWrite :  D=0x0000000000078d70 A=0x78d88
 873000: system.cpu: T0 : 0x24004    : c_sd a5, 16(a5)            : MemWrite :  D=0x0000000000078d70 A=0x78d80
 873500: system.cpu: T0 : 0x24006    : c_addi a5, 16              : IntAlu :  D=0x0000000000078d80
 874000: system.cpu: T0 : 0x24008    : bne a4, a5, -6             : IntAlu : 
 874500: system.cpu: T0 : 0x24002    : c_sd a5, 24(a5)            : MemWrite :  D=0x0000000000078d80 A=0x78d98
 875000: system.cpu: T0 : 0x24004    : c_sd a5, 16(a5)            : MemWrite :  D=0x0000000000078d80 A=0x78d90
 875500: system.cpu: T0 : 0x24006    : c_addi a5, 16              : IntAlu :  D=0x0000000000078d90
 876000: system.cpu: T0 : 0x24008    : bne a4, a5, -6             : IntAlu : 
 876500: system.cpu: T0 : 0x24002    : c_sd a5, 24(a5)            : MemWrite :  D=0x0000000000078d90 A=0x78da8
 877000: system.cpu: T0 : 0x24004    : c_sd a5, 16(a5)            : MemWrite :  D=0x0000000000078d90 A=0x78da0
 877500: system.cpu: T0 : 0x24006    : c_addi a5, 16              : IntAlu :  D=0x0000000000078da0
 878000: system.cpu: T0 : 0x24008    : bne a4, a5, -6             : IntAlu : 
 878500: system.cpu: T0 : 0x24002    : c_sd a5, 24(a5)            : MemWrite :  D=0x0000000000078da0 A=0x78db8
 879000: system.cpu: T0 : 0x24004    : c_sd a5, 16(a5)            : MemWrite :  D=0x0000000000078da0 A=0x78db0
 879500: system.cpu: T0 : 0x24006    : c_addi a5, 16              : IntAlu :  D=0x0000000000078db0
 880000: system.cpu: T0 : 0x24008    : bne a4, a5, -6             : IntAlu : 
 880500: system.cpu: T0 : 0x24002    : c_sd a5, 24(a5)            : MemWrite :  D=0x0000000000078db0 A=0x78dc8
 881000: system.cpu: T0 : 0x24004    : c_sd a5, 16(a5)            : MemWrite :  D=0x0000000000078db0 A=0x78dc0
 881500: system.cpu: T0 : 0x24006    : c_addi a5, 16              : IntAlu :  D=0x0000000000078dc0
 882000: system.cpu: T0 : 0x24008    : bne a4, a5, -6             : IntAlu : 
 882500: system.cpu: T0 : 0x24002    : c_sd a5, 24(a5)            : MemWrite :  D=0x0000000000078dc0 A=0x78dd8
 883000: system.cpu: T0 : 0x24004    : c_sd a5, 16(a5)            : MemWrite :  D=0x0000000000078dc0 A=0x78dd0
 883500: system.cpu: T0 : 0x24006    : c_addi a5, 16              : IntAlu :  D=0x0000000000078dd0
 884000: system.cpu: T0 : 0x24008    : bne a4, a5, -6             : IntAlu : 
 884500: system.cpu: T0 : 0x24002    : c_sd a5, 24(a5)            : MemWrite :  D=0x0000000000078dd0 A=0x78de8
 885000: system.cpu: T0 : 0x24004    : c_sd a5, 16(a5)            : MemWrite :  D=0x0000000000078dd0 A=0x78de0
 885500: system.cpu: T0 : 0x24006    : c_addi a5, 16              : IntAlu :  D=0x0000000000078de0
 886000: system.cpu: T0 : 0x24008    : bne a4, a5, -6             : IntAlu : 
 886500: system.cpu: T0 : 0x24002    : c_sd a5, 24(a5)            : MemWrite :  D=0x0000000000078de0 A=0x78df8
 887000: system.cpu: T0 : 0x24004    : c_sd a5, 16(a5)            : MemWrite :  D=0x0000000000078de0 A=0x78df0
 887500: system.cpu: T0 : 0x24006    : c_addi a5, 16              : IntAlu :  D=0x0000000000078df0
 888000: system.cpu: T0 : 0x24008    : bne a4, a5, -6             : IntAlu : 
 888500: system.cpu: T0 : 0x24002    : c_sd a5, 24(a5)            : MemWrite :  D=0x0000000000078df0 A=0x78e08
 889000: system.cpu: T0 : 0x24004    : c_sd a5, 16(a5)            : MemWrite :  D=0x0000000000078df0 A=0x78e00
 889500: system.cpu: T0 : 0x24006    : c_addi a5, 16              : IntAlu :  D=0x0000000000078e00
 890000: system.cpu: T0 : 0x24008    : bne a4, a5, -6             : IntAlu : 
 890500: system.cpu: T0 : 0x24002    : c_sd a5, 24(a5)            : MemWrite :  D=0x0000000000078e00 A=0x78e18
 891000: system.cpu: T0 : 0x24004    : c_sd a5, 16(a5)            : MemWrite :  D=0x0000000000078e00 A=0x78e10
 891500: system.cpu: T0 : 0x24006    : c_addi a5, 16              : IntAlu :  D=0x0000000000078e10
 892000: system.cpu: T0 : 0x24008    : bne a4, a5, -6             : IntAlu : 
 892500: system.cpu: T0 : 0x24002    : c_sd a5, 24(a5)            : MemWrite :  D=0x0000000000078e10 A=0x78e28
 893000: system.cpu: T0 : 0x24004    : c_sd a5, 16(a5)            : MemWrite :  D=0x0000000000078e10 A=0x78e20
 893500: system.cpu: T0 : 0x24006    : c_addi a5, 16              : IntAlu :  D=0x0000000000078e20
 894000: system.cpu: T0 : 0x24008    : bne a4, a5, -6             : IntAlu : 
 894500: system.cpu: T0 : 0x2400c    : lui a5, 120                : IntAlu :  D=0x0000000000078000
 895000: system.cpu: T0 : 0x24010    : addi a5, a5, 1488          : IntAlu :  D=0x00000000000785d0
 895500: system.cpu: T0 : 0x24014    : beq a0, a5, 24             : IntAlu : 
 896000: system.cpu: T0 : 0x2402c    : addi a4, zero, 128         : IntAlu :  D=0x0000000000000080
 896500: system.cpu: T0 : 0x24030    : sd a4, -1376(gp)           : MemWrite :  D=0x0000000000000080 A=0x79ae8
 897000: system.cpu: T0 : 0x24034    : addi a5, a0, 8             : IntAlu :  D=0x00000000000785d8
 897500: system.cpu: T0 : 0x24038    : amoswap_w zero, zero, (a5)
 897500: system.cpu: T0 : 0x24038. 0 : amoswap_w[l] zero, zero, (a5) : MemRead :  D=0x0000000000000000 A=0x785d8
 898000: system.cpu: T0 : 0x2403c    : c_sd a3, 96(a0)            : MemWrite :  D=0x0000000000078630 A=0x78630
 898500: system.cpu: T0 : 0x2403e    : c_jr ra                    : IntAlu : 
 899500: system.cpu: T0 : 0x243fa    : lui a2, 37                 : IntAlu :  D=0x0000000000025000
 900500: system.cpu: T0 : 0x243fe    : addi a2, a2, -1184         : IntAlu :  D=0x0000000000024b60
 901000: system.cpu: T0 : 0x24402    : c_mv a1, sp                : IntAlu :  D=0x7ffffffffffffbd0
 901500: system.cpu: T0 : 0x24404    : c_li a0, 19                : IntAlu :  D=0x0000000000000013
 902500: system.cpu: T0 : 0x24406    : jal ra, 30116              : IntAlu :  D=0x000000000002440a
 903000: system.cpu: T0 : 0x2b9aa    : c_slli a0, 32              : IntAlu :  D=0x0000001300000000
 903500: system.cpu: T0 : 0x2b9ac    : c_srli a0, 32              : IntAlu :  D=0x0000000000000013
 904500: system.cpu: T0 : 0x2b9ae    : slli a5, a0, 3             : IntAlu :  D=0x0000000000000098
 905000: system.cpu: T0 : 0x2b9b2    : c_sub a5, a0               : IntAlu :  D=0x0000000000000085
 905500: system.cpu: T0 : 0x2b9b4    : lui a4, 120                : IntAlu :  D=0x0000000000078000
 906000: system.cpu: T0 : 0x2b9b8    : addi a4, a4, -1248         : IntAlu :  D=0x0000000000077b20
 906500: system.cpu: T0 : 0x2b9bc    : c_slli a5, 3               : IntAlu :  D=0x0000000000000428
 907000: system.cpu: T0 : 0x2b9be    : c_add a5, a4               : IntAlu :  D=0x0000000000077f48
 907500: system.cpu: T0 : 0x2b9c0    : c_lw a3, 8(a5)             : MemRead :  D=0x0000000000000000 A=0x77f50
 908000: system.cpu: T0 : 0x2b9c2    : c_li a6, 2                 : IntAlu :  D=0x0000000000000002
 908500: system.cpu: T0 : 0x2b9c4    : c_ld a5, 32(a5)            : MemRead :  D=0x0000000000000000 A=0x77f68
 909500: system.cpu: T0 : 0x2b9c6    : bltu a6, a3, 42            : IntAlu : 
 910000: system.cpu: T0 : 0x2b9ca    : c_bnez a3, 38              : IntAlu : 
 910500: system.cpu: T0 : 0x2b9cc    : c_sw a5, 0(a1)             : MemWrite :  D=0x0000000000000000 A=0x7ffffffffffffbd0
 911500: system.cpu: T0 : 0x2b9ce    : slli a5, a0, 3             : IntAlu :  D=0x0000000000000098
 912000: system.cpu: T0 : 0x2b9d2    : c_sub a5, a0               : IntAlu :  D=0x0000000000000085
 912500: system.cpu: T0 : 0x2b9d4    : c_slli a5, 3               : IntAlu :  D=0x0000000000000428
 913500: system.cpu: T0 : 0x2b9d6    : add a3, a4, a5             : IntAlu :  D=0x0000000000077f48
 914500: system.cpu: T0 : 0x2b9da    : lbu a3, 40(a3)             : MemRead :  D=0x0000000000000000 A=0x77f70
 915000: system.cpu: T0 : 0x2b9de    : c_beqz a3, 16              : IntAlu : 
 915500: system.cpu: T0 : 0x2b9ee    : c_jr ra                    : IntAlu : 
 916500: system.cpu: T0 : 0x2440a    : lui a2, 36                 : IntAlu :  D=0x0000000000024000
 917500: system.cpu: T0 : 0x2440e    : addi a2, a2, -884          : IntAlu :  D=0x0000000000023c8c
 918000: system.cpu: T0 : 0x24412    : c_mv a1, sp                : IntAlu :  D=0x7ffffffffffffbd0
 918500: system.cpu: T0 : 0x24414    : c_li a0, 7                 : IntAlu :  D=0x0000000000000007
 919500: system.cpu: T0 : 0x24416    : jal ra, 30100              : IntAlu :  D=0x000000000002441a
 920000: system.cpu: T0 : 0x2b9aa    : c_slli a0, 32              : IntAlu :  D=0x0000000700000000
 920500: system.cpu: T0 : 0x2b9ac    : c_srli a0, 32              : IntAlu :  D=0x0000000000000007
 921500: system.cpu: T0 : 0x2b9ae    : slli a5, a0, 3             : IntAlu :  D=0x0000000000000038
 922000: system.cpu: T0 : 0x2b9b2    : c_sub a5, a0               : IntAlu :  D=0x0000000000000031
 922500: system.cpu: T0 : 0x2b9b4    : lui a4, 120                : IntAlu :  D=0x0000000000078000
 923000: system.cpu: T0 : 0x2b9b8    : addi a4, a4, -1248         : IntAlu :  D=0x0000000000077b20
 923500: system.cpu: T0 : 0x2b9bc    : c_slli a5, 3               : IntAlu :  D=0x0000000000000188
 924000: system.cpu: T0 : 0x2b9be    : c_add a5, a4               : IntAlu :  D=0x0000000000077ca8
 924500: system.cpu: T0 : 0x2b9c0    : c_lw a3, 8(a5)             : MemRead :  D=0x0000000000000002 A=0x77cb0
 925000: system.cpu: T0 : 0x2b9c2    : c_li a6, 2                 : IntAlu :  D=0x0000000000000002
 925500: system.cpu: T0 : 0x2b9c4    : c_ld a5, 32(a5)            : MemRead :  D=0x0000000000000000 A=0x77cc8
 926500: system.cpu: T0 : 0x2b9c6    : bltu a6, a3, 42            : IntAlu : 
 927000: system.cpu: T0 : 0x2b9ca    : c_bnez a3, 38              : IntAlu : 
 927500: system.cpu: T0 : 0x2b9f0    : c_sd a5, 0(a1)             : MemWrite :  D=0x0000000000000000 A=0x7ffffffffffffbd0
 928000: system.cpu: T0 : 0x2b9f2    : c_j -36                    : IntAlu : 
 929000: system.cpu: T0 : 0x2b9ce    : slli a5, a0, 3             : IntAlu :  D=0x0000000000000038
 929500: system.cpu: T0 : 0x2b9d2    : c_sub a5, a0               : IntAlu :  D=0x0000000000000031
 930000: system.cpu: T0 : 0x2b9d4    : c_slli a5, 3               : IntAlu :  D=0x0000000000000188
 931000: system.cpu: T0 : 0x2b9d6    : add a3, a4, a5             : IntAlu :  D=0x0000000000077ca8
 932000: system.cpu: T0 : 0x2b9da    : lbu a3, 40(a3)             : MemRead :  D=0x0000000000000000 A=0x77cd0
 932500: system.cpu: T0 : 0x2b9de    : c_beqz a3, 16              : IntAlu : 
 933000: system.cpu: T0 : 0x2b9ee    : c_jr ra                    : IntAlu : 
 934000: system.cpu: T0 : 0x2441a    : lui a2, 36                 : IntAlu :  D=0x0000000000024000
 935000: system.cpu: T0 : 0x2441e    : addi a2, a2, -866          : IntAlu :  D=0x0000000000023c9e
 935500: system.cpu: T0 : 0x24422    : c_mv a1, sp                : IntAlu :  D=0x7ffffffffffffbd0
 936000: system.cpu: T0 : 0x24424    : c_li a0, 2                 : IntAlu :  D=0x0000000000000002
 937000: system.cpu: T0 : 0x24426    : jal ra, 30084              : IntAlu :  D=0x000000000002442a
 937500: system.cpu: T0 : 0x2b9aa    : c_slli a0, 32              : IntAlu :  D=0x0000000200000000
 938000: system.cpu: T0 : 0x2b9ac    : c_srli a0, 32              : IntAlu :  D=0x0000000000000002
 939000: system.cpu: T0 : 0x2b9ae    : slli a5, a0, 3             : IntAlu :  D=0x0000000000000010
 939500: system.cpu: T0 : 0x2b9b2    : c_sub a5, a0               : IntAlu :  D=0x000000000000000e
 940000: system.cpu: T0 : 0x2b9b4    : lui a4, 120                : IntAlu :  D=0x0000000000078000
 940500: system.cpu: T0 : 0x2b9b8    : addi a4, a4, -1248         : IntAlu :  D=0x0000000000077b20
 941000: system.cpu: T0 : 0x2b9bc    : c_slli a5, 3               : IntAlu :  D=0x0000000000000070
 941500: system.cpu: T0 : 0x2b9be    : c_add a5, a4               : IntAlu :  D=0x0000000000077b90
 942000: system.cpu: T0 : 0x2b9c0    : c_lw a3, 8(a5)             : MemRead :  D=0x0000000000000000 A=0x77b98
 942500: system.cpu: T0 : 0x2b9c2    : c_li a6, 2                 : IntAlu :  D=0x0000000000000002
 943000: system.cpu: T0 : 0x2b9c4    : c_ld a5, 32(a5)            : MemRead :  D=0x0000000000000000 A=0x77bb0
 944000: system.cpu: T0 : 0x2b9c6    : bltu a6, a3, 42            : IntAlu : 
 944500: system.cpu: T0 : 0x2b9ca    : c_bnez a3, 38              : IntAlu : 
 945000: system.cpu: T0 : 0x2b9cc    : c_sw a5, 0(a1)             : MemWrite :  D=0x0000000000000000 A=0x7ffffffffffffbd0
 946000: system.cpu: T0 : 0x2b9ce    : slli a5, a0, 3             : IntAlu :  D=0x0000000000000010
 946500: system.cpu: T0 : 0x2b9d2    : c_sub a5, a0               : IntAlu :  D=0x000000000000000e
 947000: system.cpu: T0 : 0x2b9d4    : c_slli a5, 3               : IntAlu :  D=0x0000000000000070
 948000: system.cpu: T0 : 0x2b9d6    : add a3, a4, a5             : IntAlu :  D=0x0000000000077b90
 949000: system.cpu: T0 : 0x2b9da    : lbu a3, 40(a3)             : MemRead :  D=0x0000000000000000 A=0x77bb8
 949500: system.cpu: T0 : 0x2b9de    : c_beqz a3, 16              : IntAlu : 
 950000: system.cpu: T0 : 0x2b9ee    : c_jr ra                    : IntAlu : 
 951000: system.cpu: T0 : 0x2442a    : lui a2, 36                 : IntAlu :  D=0x0000000000024000
 952000: system.cpu: T0 : 0x2442e    : addi a2, a2, -930          : IntAlu :  D=0x0000000000023c5e
 952500: system.cpu: T0 : 0x24432    : c_mv a1, sp                : IntAlu :  D=0x7ffffffffffffbd0
 953000: system.cpu: T0 : 0x24434    : c_li a0, 14                : IntAlu :  D=0x000000000000000e
 954000: system.cpu: T0 : 0x24436    : jal ra, 30068              : IntAlu :  D=0x000000000002443a
 954500: system.cpu: T0 : 0x2b9aa    : c_slli a0, 32              : IntAlu :  D=0x0000000e00000000
 955000: system.cpu: T0 : 0x2b9ac    : c_srli a0, 32              : IntAlu :  D=0x000000000000000e
 956000: system.cpu: T0 : 0x2b9ae    : slli a5, a0, 3             : IntAlu :  D=0x0000000000000070
 956500: system.cpu: T0 : 0x2b9b2    : c_sub a5, a0               : IntAlu :  D=0x0000000000000062
 957000: system.cpu: T0 : 0x2b9b4    : lui a4, 120                : IntAlu :  D=0x0000000000078000
 957500: system.cpu: T0 : 0x2b9b8    : addi a4, a4, -1248         : IntAlu :  D=0x0000000000077b20
 958000: system.cpu: T0 : 0x2b9bc    : c_slli a5, 3               : IntAlu :  D=0x0000000000000310
 958500: system.cpu: T0 : 0x2b9be    : c_add a5, a4               : IntAlu :  D=0x0000000000077e30
 959000: system.cpu: T0 : 0x2b9c0    : c_lw a3, 8(a5)             : MemRead :  D=0x0000000000000002 A=0x77e38
 959500: system.cpu: T0 : 0x2b9c2    : c_li a6, 2                 : IntAlu :  D=0x0000000000000002
 960000: system.cpu: T0 : 0x2b9c4    : c_ld a5, 32(a5)            : MemRead :  D=0x0000000000000000 A=0x77e50
 961000: system.cpu: T0 : 0x2b9c6    : bltu a6, a3, 42            : IntAlu : 
 961500: system.cpu: T0 : 0x2b9ca    : c_bnez a3, 38              : IntAlu : 
 962000: system.cpu: T0 : 0x2b9f0    : c_sd a5, 0(a1)             : MemWrite :  D=0x0000000000000000 A=0x7ffffffffffffbd0
 962500: system.cpu: T0 : 0x2b9f2    : c_j -36                    : IntAlu : 
 963500: system.cpu: T0 : 0x2b9ce    : slli a5, a0, 3             : IntAlu :  D=0x0000000000000070
 964000: system.cpu: T0 : 0x2b9d2    : c_sub a5, a0               : IntAlu :  D=0x0000000000000062
 964500: system.cpu: T0 : 0x2b9d4    : c_slli a5, 3               : IntAlu :  D=0x0000000000000310
 965500: system.cpu: T0 : 0x2b9d6    : add a3, a4, a5             : IntAlu :  D=0x0000000000077e30
 966500: system.cpu: T0 : 0x2b9da    : lbu a3, 40(a3)             : MemRead :  D=0x0000000000000000 A=0x77e58
 967000: system.cpu: T0 : 0x2b9de    : c_beqz a3, 16              : IntAlu : 
 967500: system.cpu: T0 : 0x2b9ee    : c_jr ra                    : IntAlu : 
 968500: system.cpu: T0 : 0x2443a    : lui a2, 36                 : IntAlu :  D=0x0000000000024000
 969500: system.cpu: T0 : 0x2443e    : addi a2, a2, -858          : IntAlu :  D=0x0000000000023ca6
 970000: system.cpu: T0 : 0x24442    : c_mv a1, sp                : IntAlu :  D=0x7ffffffffffffbd0
 970500: system.cpu: T0 : 0x24444    : c_li a0, 1                 : IntAlu :  D=0x0000000000000001
 971500: system.cpu: T0 : 0x24446    : jal ra, 30052              : IntAlu :  D=0x000000000002444a
 972000: system.cpu: T0 : 0x2b9aa    : c_slli a0, 32              : IntAlu :  D=0x0000000100000000
 972500: system.cpu: T0 : 0x2b9ac    : c_srli a0, 32              : IntAlu :  D=0x0000000000000001
 973500: system.cpu: T0 : 0x2b9ae    : slli a5, a0, 3             : IntAlu :  D=0x0000000000000008
 974000: system.cpu: T0 : 0x2b9b2    : c_sub a5, a0               : IntAlu :  D=0x0000000000000007
 974500: system.cpu: T0 : 0x2b9b4    : lui a4, 120                : IntAlu :  D=0x0000000000078000
 975000: system.cpu: T0 : 0x2b9b8    : addi a4, a4, -1248         : IntAlu :  D=0x0000000000077b20
 975500: system.cpu: T0 : 0x2b9bc    : c_slli a5, 3               : IntAlu :  D=0x0000000000000038
 976000: system.cpu: T0 : 0x2b9be    : c_add a5, a4               : IntAlu :  D=0x0000000000077b58
 976500: system.cpu: T0 : 0x2b9c0    : c_lw a3, 8(a5)             : MemRead :  D=0x0000000000000002 A=0x77b60
 977000: system.cpu: T0 : 0x2b9c2    : c_li a6, 2                 : IntAlu :  D=0x0000000000000002
 977500: system.cpu: T0 : 0x2b9c4    : c_ld a5, 32(a5)            : MemRead :  D=0x0000000000000000 A=0x77b78
 978500: system.cpu: T0 : 0x2b9c6    : bltu a6, a3, 42            : IntAlu : 
 979000: system.cpu: T0 : 0x2b9ca    : c_bnez a3, 38              : IntAlu : 
 979500: system.cpu: T0 : 0x2b9f0    : c_sd a5, 0(a1)             : MemWrite :  D=0x0000000000000000 A=0x7ffffffffffffbd0
 980000: system.cpu: T0 : 0x2b9f2    : c_j -36                    : IntAlu : 
 981000: system.cpu: T0 : 0x2b9ce    : slli a5, a0, 3             : IntAlu :  D=0x0000000000000008
 981500: system.cpu: T0 : 0x2b9d2    : c_sub a5, a0               : IntAlu :  D=0x0000000000000007
 982000: system.cpu: T0 : 0x2b9d4    : c_slli a5, 3               : IntAlu :  D=0x0000000000000038
 983000: system.cpu: T0 : 0x2b9d6    : add a3, a4, a5             : IntAlu :  D=0x0000000000077b58
 984000: system.cpu: T0 : 0x2b9da    : lbu a3, 40(a3)             : MemRead :  D=0x0000000000000000 A=0x77b80
 984500: system.cpu: T0 : 0x2b9de    : c_beqz a3, 16              : IntAlu : 
 985000: system.cpu: T0 : 0x2b9ee    : c_jr ra                    : IntAlu : 
 986000: system.cpu: T0 : 0x2444a    : lui a2, 36                 : IntAlu :  D=0x0000000000024000
 987000: system.cpu: T0 : 0x2444e    : addi a2, a2, -902          : IntAlu :  D=0x0000000000023c7a
 987500: system.cpu: T0 : 0x24452    : c_mv a1, sp                : IntAlu :  D=0x7ffffffffffffbd0
 988000: system.cpu: T0 : 0x24454    : c_li a0, 9                 : IntAlu :  D=0x0000000000000009
 989000: system.cpu: T0 : 0x24456    : jal ra, 30036              : IntAlu :  D=0x000000000002445a
 989500: system.cpu: T0 : 0x2b9aa    : c_slli a0, 32              : IntAlu :  D=0x0000000900000000
 990000: system.cpu: T0 : 0x2b9ac    : c_srli a0, 32              : IntAlu :  D=0x0000000000000009
 991000: system.cpu: T0 : 0x2b9ae    : slli a5, a0, 3             : IntAlu :  D=0x0000000000000048
 991500: system.cpu: T0 : 0x2b9b2    : c_sub a5, a0               : IntAlu :  D=0x000000000000003f
 992000: system.cpu: T0 : 0x2b9b4    : lui a4, 120                : IntAlu :  D=0x0000000000078000
 992500: system.cpu: T0 : 0x2b9b8    : addi a4, a4, -1248         : IntAlu :  D=0x0000000000077b20
 993000: system.cpu: T0 : 0x2b9bc    : c_slli a5, 3               : IntAlu :  D=0x00000000000001f8
 993500: system.cpu: T0 : 0x2b9be    : c_add a5, a4               : IntAlu :  D=0x0000000000077d18
 994000: system.cpu: T0 : 0x2b9c0    : c_lw a3, 8(a5)             : MemRead :  D=0x0000000000000000 A=0x77d20
 994500: system.cpu: T0 : 0x2b9c2    : c_li a6, 2                 : IntAlu :  D=0x0000000000000002
 995000: system.cpu: T0 : 0x2b9c4    : c_ld a5, 32(a5)            : MemRead :  D=0x0000000000000000 A=0x77d38
 996000: system.cpu: T0 : 0x2b9c6    : bltu a6, a3, 42            : IntAlu : 
 996500: system.cpu: T0 : 0x2b9ca    : c_bnez a3, 38              : IntAlu : 
 997000: system.cpu: T0 : 0x2b9cc    : c_sw a5, 0(a1)             : MemWrite :  D=0x0000000000000000 A=0x7ffffffffffffbd0
 998000: system.cpu: T0 : 0x2b9ce    : slli a5, a0, 3             : IntAlu :  D=0x0000000000000048
 998500: system.cpu: T0 : 0x2b9d2    : c_sub a5, a0               : IntAlu :  D=0x000000000000003f
 999000: system.cpu: T0 : 0x2b9d4    : c_slli a5, 3               : IntAlu :  D=0x00000000000001f8
1000000: system.cpu: T0 : 0x2b9d6    : add a3, a4, a5             : IntAlu :  D=0x0000000000077d18
1001000: system.cpu: T0 : 0x2b9da    : lbu a3, 40(a3)             : MemRead :  D=0x0000000000000000 A=0x77d40
1001500: system.cpu: T0 : 0x2b9de    : c_beqz a3, 16              : IntAlu : 
1002000: system.cpu: T0 : 0x2b9ee    : c_jr ra                    : IntAlu : 
1003000: system.cpu: T0 : 0x2445a    : lui a2, 36                 : IntAlu :  D=0x0000000000024000
1004000: system.cpu: T0 : 0x2445e    : addi a2, a2, -840          : IntAlu :  D=0x0000000000023cb8
1004500: system.cpu: T0 : 0x24462    : c_mv a1, sp                : IntAlu :  D=0x7ffffffffffffbd0
1005000: system.cpu: T0 : 0x24464    : c_li a0, 13                : IntAlu :  D=0x000000000000000d
1006000: system.cpu: T0 : 0x24466    : jal ra, 30020              : IntAlu :  D=0x000000000002446a
1006500: system.cpu: T0 : 0x2b9aa    : c_slli a0, 32              : IntAlu :  D=0x0000000d00000000
1007000: system.cpu: T0 : 0x2b9ac    : c_srli a0, 32              : IntAlu :  D=0x000000000000000d
1008000: system.cpu: T0 : 0x2b9ae    : slli a5, a0, 3             : IntAlu :  D=0x0000000000000068
1008500: system.cpu: T0 : 0x2b9b2    : c_sub a5, a0               : IntAlu :  D=0x000000000000005b
1009000: system.cpu: T0 : 0x2b9b4    : lui a4, 120                : IntAlu :  D=0x0000000000078000
1009500: system.cpu: T0 : 0x2b9b8    : addi a4, a4, -1248         : IntAlu :  D=0x0000000000077b20
1010000: system.cpu: T0 : 0x2b9bc    : c_slli a5, 3               : IntAlu :  D=0x00000000000002d8
1010500: system.cpu: T0 : 0x2b9be    : c_add a5, a4               : IntAlu :  D=0x0000000000077df8
1011000: system.cpu: T0 : 0x2b9c0    : c_lw a3, 8(a5)             : MemRead :  D=0x0000000000000002 A=0x77e00
1011500: system.cpu: T0 : 0x2b9c2    : c_li a6, 2                 : IntAlu :  D=0x0000000000000002
1012000: system.cpu: T0 : 0x2b9c4    : c_ld a5, 32(a5)            : MemRead :  D=0x0000000000000000 A=0x77e18
1013000: system.cpu: T0 : 0x2b9c6    : bltu a6, a3, 42            : IntAlu : 
1013500: system.cpu: T0 : 0x2b9ca    : c_bnez a3, 38              : IntAlu : 
1014000: system.cpu: T0 : 0x2b9f0    : c_sd a5, 0(a1)             : MemWrite :  D=0x0000000000000000 A=0x7ffffffffffffbd0
1014500: system.cpu: T0 : 0x2b9f2    : c_j -36                    : IntAlu : 
1015500: system.cpu: T0 : 0x2b9ce    : slli a5, a0, 3             : IntAlu :  D=0x0000000000000068
1016000: system.cpu: T0 : 0x2b9d2    : c_sub a5, a0               : IntAlu :  D=0x000000000000005b
1016500: system.cpu: T0 : 0x2b9d4    : c_slli a5, 3               : IntAlu :  D=0x00000000000002d8
1017500: system.cpu: T0 : 0x2b9d6    : add a3, a4, a5             : IntAlu :  D=0x0000000000077df8
1018500: system.cpu: T0 : 0x2b9da    : lbu a3, 40(a3)             : MemRead :  D=0x0000000000000000 A=0x77e20
1019000: system.cpu: T0 : 0x2b9de    : c_beqz a3, 16              : IntAlu : 
1019500: system.cpu: T0 : 0x2b9ee    : c_jr ra                    : IntAlu : 
1020500: system.cpu: T0 : 0x2446a    : lui a2, 36                 : IntAlu :  D=0x0000000000024000
1021500: system.cpu: T0 : 0x2446e    : addi a2, a2, -828          : IntAlu :  D=0x0000000000023cc4
1022000: system.cpu: T0 : 0x24472    : c_mv a1, sp                : IntAlu :  D=0x7ffffffffffffbd0
1022500: system.cpu: T0 : 0x24474    : c_li a0, 16                : IntAlu :  D=0x0000000000000010
1023500: system.cpu: T0 : 0x24476    : jal ra, 30004              : IntAlu :  D=0x000000000002447a
1024000: system.cpu: T0 : 0x2b9aa    : c_slli a0, 32              : IntAlu :  D=0x0000001000000000
1024500: system.cpu: T0 : 0x2b9ac    : c_srli a0, 32              : IntAlu :  D=0x0000000000000010
1025500: system.cpu: T0 : 0x2b9ae    : slli a5, a0, 3             : IntAlu :  D=0x0000000000000080
1026000: system.cpu: T0 : 0x2b9b2    : c_sub a5, a0               : IntAlu :  D=0x0000000000000070
1026500: system.cpu: T0 : 0x2b9b4    : lui a4, 120                : IntAlu :  D=0x0000000000078000
1027000: system.cpu: T0 : 0x2b9b8    : addi a4, a4, -1248         : IntAlu :  D=0x0000000000077b20
1027500: system.cpu: T0 : 0x2b9bc    : c_slli a5, 3               : IntAlu :  D=0x0000000000000380
1028000: system.cpu: T0 : 0x2b9be    : c_add a5, a4               : IntAlu :  D=0x0000000000077ea0
1028500: system.cpu: T0 : 0x2b9c0    : c_lw a3, 8(a5)             : MemRead :  D=0x0000000000000002 A=0x77ea8
1029000: system.cpu: T0 : 0x2b9c2    : c_li a6, 2                 : IntAlu :  D=0x0000000000000002
1029500: system.cpu: T0 : 0x2b9c4    : c_ld a5, 32(a5)            : MemRead :  D=0x0000000000000000 A=0x77ec0
1030500: system.cpu: T0 : 0x2b9c6    : bltu a6, a3, 42            : IntAlu : 
1031000: system.cpu: T0 : 0x2b9ca    : c_bnez a3, 38              : IntAlu : 
1031500: system.cpu: T0 : 0x2b9f0    : c_sd a5, 0(a1)             : MemWrite :  D=0x0000000000000000 A=0x7ffffffffffffbd0
1032000: system.cpu: T0 : 0x2b9f2    : c_j -36                    : IntAlu : 
1033000: system.cpu: T0 : 0x2b9ce    : slli a5, a0, 3             : IntAlu :  D=0x0000000000000080
1033500: system.cpu: T0 : 0x2b9d2    : c_sub a5, a0               : IntAlu :  D=0x0000000000000070
1034000: system.cpu: T0 : 0x2b9d4    : c_slli a5, 3               : IntAlu :  D=0x0000000000000380
1035000: system.cpu: T0 : 0x2b9d6    : add a3, a4, a5             : IntAlu :  D=0x0000000000077ea0
1036000: system.cpu: T0 : 0x2b9da    : lbu a3, 40(a3)             : MemRead :  D=0x0000000000000000 A=0x77ec8
1036500: system.cpu: T0 : 0x2b9de    : c_beqz a3, 16              : IntAlu : 
1037000: system.cpu: T0 : 0x2b9ee    : c_jr ra                    : IntAlu : 
1038000: system.cpu: T0 : 0x2447a    : lui a2, 36                 : IntAlu :  D=0x0000000000024000
1039000: system.cpu: T0 : 0x2447e    : addi a2, a2, -816          : IntAlu :  D=0x0000000000023cd0
1039500: system.cpu: T0 : 0x24482    : c_mv a1, sp                : IntAlu :  D=0x7ffffffffffffbd0
1040000: system.cpu: T0 : 0x24484    : c_li a0, 18                : IntAlu :  D=0x0000000000000012
1041000: system.cpu: T0 : 0x24486    : jal ra, 29988              : IntAlu :  D=0x000000000002448a
1041500: system.cpu: T0 : 0x2b9aa    : c_slli a0, 32              : IntAlu :  D=0x0000001200000000
1042000: system.cpu: T0 : 0x2b9ac    : c_srli a0, 32              : IntAlu :  D=0x0000000000000012
1043000: system.cpu: T0 : 0x2b9ae    : slli a5, a0, 3             : IntAlu :  D=0x0000000000000090
1043500: system.cpu: T0 : 0x2b9b2    : c_sub a5, a0               : IntAlu :  D=0x000000000000007e
1044000: system.cpu: T0 : 0x2b9b4    : lui a4, 120                : IntAlu :  D=0x0000000000078000
1044500: system.cpu: T0 : 0x2b9b8    : addi a4, a4, -1248         : IntAlu :  D=0x0000000000077b20
1045000: system.cpu: T0 : 0x2b9bc    : c_slli a5, 3               : IntAlu :  D=0x00000000000003f0
1045500: system.cpu: T0 : 0x2b9be    : c_add a5, a4               : IntAlu :  D=0x0000000000077f10
1046000: system.cpu: T0 : 0x2b9c0    : c_lw a3, 8(a5)             : MemRead :  D=0x0000000000000002 A=0x77f18
1046500: system.cpu: T0 : 0x2b9c2    : c_li a6, 2                 : IntAlu :  D=0x0000000000000002
1047000: system.cpu: T0 : 0x2b9c4    : c_ld a5, 32(a5)            : MemRead :  D=0x0000000000000000 A=0x77f30
1048000: system.cpu: T0 : 0x2b9c6    : bltu a6, a3, 42            : IntAlu : 
1048500: system.cpu: T0 : 0x2b9ca    : c_bnez a3, 38              : IntAlu : 
1049000: system.cpu: T0 : 0x2b9f0    : c_sd a5, 0(a1)             : MemWrite :  D=0x0000000000000000 A=0x7ffffffffffffbd0
1049500: system.cpu: T0 : 0x2b9f2    : c_j -36                    : IntAlu : 
1050500: system.cpu: T0 : 0x2b9ce    : slli a5, a0, 3             : IntAlu :  D=0x0000000000000090
1051000: system.cpu: T0 : 0x2b9d2    : c_sub a5, a0               : IntAlu :  D=0x000000000000007e
1051500: system.cpu: T0 : 0x2b9d4    : c_slli a5, 3               : IntAlu :  D=0x00000000000003f0
1052500: system.cpu: T0 : 0x2b9d6    : add a3, a4, a5             : IntAlu :  D=0x0000000000077f10
1053500: system.cpu: T0 : 0x2b9da    : lbu a3, 40(a3)             : MemRead :  D=0x0000000000000000 A=0x77f38
1054000: system.cpu: T0 : 0x2b9de    : c_beqz a3, 16              : IntAlu : 
1054500: system.cpu: T0 : 0x2b9ee    : c_jr ra                    : IntAlu : 
1055500: system.cpu: T0 : 0x2448a    : lui a2, 36                 : IntAlu :  D=0x0000000000024000
1056500: system.cpu: T0 : 0x2448e    : addi a2, a2, -770          : IntAlu :  D=0x0000000000023cfe
1057000: system.cpu: T0 : 0x24492    : c_mv a1, sp                : IntAlu :  D=0x7ffffffffffffbd0
1057500: system.cpu: T0 : 0x24494    : c_li a0, 15                : IntAlu :  D=0x000000000000000f
1058500: system.cpu: T0 : 0x24496    : jal ra, 29972              : IntAlu :  D=0x000000000002449a
1059000: system.cpu: T0 : 0x2b9aa    : c_slli a0, 32              : IntAlu :  D=0x0000000f00000000
1059500: system.cpu: T0 : 0x2b9ac    : c_srli a0, 32              : IntAlu :  D=0x000000000000000f
1060500: system.cpu: T0 : 0x2b9ae    : slli a5, a0, 3             : IntAlu :  D=0x0000000000000078
1061000: system.cpu: T0 : 0x2b9b2    : c_sub a5, a0               : IntAlu :  D=0x0000000000000069
1061500: system.cpu: T0 : 0x2b9b4    : lui a4, 120                : IntAlu :  D=0x0000000000078000
1062000: system.cpu: T0 : 0x2b9b8    : addi a4, a4, -1248         : IntAlu :  D=0x0000000000077b20
1062500: system.cpu: T0 : 0x2b9bc    : c_slli a5, 3               : IntAlu :  D=0x0000000000000348
1063000: system.cpu: T0 : 0x2b9be    : c_add a5, a4               : IntAlu :  D=0x0000000000077e68
1063500: system.cpu: T0 : 0x2b9c0    : c_lw a3, 8(a5)             : MemRead :  D=0x0000000000000002 A=0x77e70
1064000: system.cpu: T0 : 0x2b9c2    : c_li a6, 2                 : IntAlu :  D=0x0000000000000002
1064500: system.cpu: T0 : 0x2b9c4    : c_ld a5, 32(a5)            : MemRead :  D=0x0000000000000000 A=0x77e88
1065500: system.cpu: T0 : 0x2b9c6    : bltu a6, a3, 42            : IntAlu : 
1066000: system.cpu: T0 : 0x2b9ca    : c_bnez a3, 38              : IntAlu : 
1066500: system.cpu: T0 : 0x2b9f0    : c_sd a5, 0(a1)             : MemWrite :  D=0x0000000000000000 A=0x7ffffffffffffbd0
1067000: system.cpu: T0 : 0x2b9f2    : c_j -36                    : IntAlu : 
1068000: system.cpu: T0 : 0x2b9ce    : slli a5, a0, 3             : IntAlu :  D=0x0000000000000078
1068500: system.cpu: T0 : 0x2b9d2    : c_sub a5, a0               : IntAlu :  D=0x0000000000000069
1069000: system.cpu: T0 : 0x2b9d4    : c_slli a5, 3               : IntAlu :  D=0x0000000000000348
1070000: system.cpu: T0 : 0x2b9d6    : add a3, a4, a5             : IntAlu :  D=0x0000000000077e68
1071000: system.cpu: T0 : 0x2b9da    : lbu a3, 40(a3)             : MemRead :  D=0x0000000000000000 A=0x77e90
1071500: system.cpu: T0 : 0x2b9de    : c_beqz a3, 16              : IntAlu : 
1072000: system.cpu: T0 : 0x2b9ee    : c_jr ra                    : IntAlu : 
1073000: system.cpu: T0 : 0x2449a    : lui a2, 36                 : IntAlu :  D=0x0000000000024000
1074000: system.cpu: T0 : 0x2449e    : addi a2, a2, -750          : IntAlu :  D=0x0000000000023d12
1074500: system.cpu: T0 : 0x244a2    : c_mv a1, sp                : IntAlu :  D=0x7ffffffffffffbd0
1075000: system.cpu: T0 : 0x244a4    : c_li a0, 11                : IntAlu :  D=0x000000000000000b
1076000: system.cpu: T0 : 0x244a6    : jal ra, 29956              : IntAlu :  D=0x00000000000244aa
1076500: system.cpu: T0 : 0x2b9aa    : c_slli a0, 32              : IntAlu :  D=0x0000000b00000000
1077000: system.cpu: T0 : 0x2b9ac    : c_srli a0, 32              : IntAlu :  D=0x000000000000000b
1078000: system.cpu: T0 : 0x2b9ae    : slli a5, a0, 3             : IntAlu :  D=0x0000000000000058
1078500: system.cpu: T0 : 0x2b9b2    : c_sub a5, a0               : IntAlu :  D=0x000000000000004d
1079000: system.cpu: T0 : 0x2b9b4    : lui a4, 120                : IntAlu :  D=0x0000000000078000
1079500: system.cpu: T0 : 0x2b9b8    : addi a4, a4, -1248         : IntAlu :  D=0x0000000000077b20
1080000: system.cpu: T0 : 0x2b9bc    : c_slli a5, 3               : IntAlu :  D=0x0000000000000268
1080500: system.cpu: T0 : 0x2b9be    : c_add a5, a4               : IntAlu :  D=0x0000000000077d88
1081000: system.cpu: T0 : 0x2b9c0    : c_lw a3, 8(a5)             : MemRead :  D=0x0000000000000002 A=0x77d90
1081500: system.cpu: T0 : 0x2b9c2    : c_li a6, 2                 : IntAlu :  D=0x0000000000000002
1082000: system.cpu: T0 : 0x2b9c4    : c_ld a5, 32(a5)            : MemRead :  D=0x0000000000000000 A=0x77da8
1083000: system.cpu: T0 : 0x2b9c6    : bltu a6, a3, 42            : IntAlu : 
1083500: system.cpu: T0 : 0x2b9ca    : c_bnez a3, 38              : IntAlu : 
1084000: system.cpu: T0 : 0x2b9f0    : c_sd a5, 0(a1)             : MemWrite :  D=0x0000000000000000 A=0x7ffffffffffffbd0
1084500: system.cpu: T0 : 0x2b9f2    : c_j -36                    : IntAlu : 
1085500: system.cpu: T0 : 0x2b9ce    : slli a5, a0, 3             : IntAlu :  D=0x0000000000000058
1086000: system.cpu: T0 : 0x2b9d2    : c_sub a5, a0               : IntAlu :  D=0x000000000000004d
1086500: system.cpu: T0 : 0x2b9d4    : c_slli a5, 3               : IntAlu :  D=0x0000000000000268
1087500: system.cpu: T0 : 0x2b9d6    : add a3, a4, a5             : IntAlu :  D=0x0000000000077d88
1088500: system.cpu: T0 : 0x2b9da    : lbu a3, 40(a3)             : MemRead :  D=0x0000000000000000 A=0x77db0
1089000: system.cpu: T0 : 0x2b9de    : c_beqz a3, 16              : IntAlu : 
1089500: system.cpu: T0 : 0x2b9ee    : c_jr ra                    : IntAlu : 
1090500: system.cpu: T0 : 0x244aa    : lui a2, 36                 : IntAlu :  D=0x0000000000024000
1091500: system.cpu: T0 : 0x244ae    : addi a2, a2, -738          : IntAlu :  D=0x0000000000023d1e
1092000: system.cpu: T0 : 0x244b2    : c_mv a1, sp                : IntAlu :  D=0x7ffffffffffffbd0
1092500: system.cpu: T0 : 0x244b4    : c_li a0, 5                 : IntAlu :  D=0x0000000000000005
1093500: system.cpu: T0 : 0x244b6    : jal ra, 29940              : IntAlu :  D=0x00000000000244ba
1094000: system.cpu: T0 : 0x2b9aa    : c_slli a0, 32              : IntAlu :  D=0x0000000500000000
1094500: system.cpu: T0 : 0x2b9ac    : c_srli a0, 32              : IntAlu :  D=0x0000000000000005
1095500: system.cpu: T0 : 0x2b9ae    : slli a5, a0, 3             : IntAlu :  D=0x0000000000000028
1096000: system.cpu: T0 : 0x2b9b2    : c_sub a5, a0               : IntAlu :  D=0x0000000000000023
1096500: system.cpu: T0 : 0x2b9b4    : lui a4, 120                : IntAlu :  D=0x0000000000078000
1097000: system.cpu: T0 : 0x2b9b8    : addi a4, a4, -1248         : IntAlu :  D=0x0000000000077b20
1097500: system.cpu: T0 : 0x2b9bc    : c_slli a5, 3               : IntAlu :  D=0x0000000000000118
1098000: system.cpu: T0 : 0x2b9be    : c_add a5, a4               : IntAlu :  D=0x0000000000077c38
1098500: system.cpu: T0 : 0x2b9c0    : c_lw a3, 8(a5)             : MemRead :  D=0x0000000000000002 A=0x77c40
1099000: system.cpu: T0 : 0x2b9c2    : c_li a6, 2                 : IntAlu :  D=0x0000000000000002
1099500: system.cpu: T0 : 0x2b9c4    : c_ld a5, 32(a5)            : MemRead :  D=0x0000000000000000 A=0x77c58
1100500: system.cpu: T0 : 0x2b9c6    : bltu a6, a3, 42            : IntAlu : 
1101000: system.cpu: T0 : 0x2b9ca    : c_bnez a3, 38              : IntAlu : 
1101500: system.cpu: T0 : 0x2b9f0    : c_sd a5, 0(a1)             : MemWrite :  D=0x0000000000000000 A=0x7ffffffffffffbd0
1102000: system.cpu: T0 : 0x2b9f2    : c_j -36                    : IntAlu : 
1103000: system.cpu: T0 : 0x2b9ce    : slli a5, a0, 3             : IntAlu :  D=0x0000000000000028
1103500: system.cpu: T0 : 0x2b9d2    : c_sub a5, a0               : IntAlu :  D=0x0000000000000023
1104000: system.cpu: T0 : 0x2b9d4    : c_slli a5, 3               : IntAlu :  D=0x0000000000000118
1105000: system.cpu: T0 : 0x2b9d6    : add a3, a4, a5             : IntAlu :  D=0x0000000000077c38
1106000: system.cpu: T0 : 0x2b9da    : lbu a3, 40(a3)             : MemRead :  D=0x0000000000000000 A=0x77c60
1106500: system.cpu: T0 : 0x2b9de    : c_beqz a3, 16              : IntAlu : 
1107000: system.cpu: T0 : 0x2b9ee    : c_jr ra                    : IntAlu : 
1107500: system.cpu: T0 : 0x244ba    : c_ldsp a4, 8(sp)           : MemRead :  D=0x6e776f442f2e2e00 A=0x7ffffffffffffbd8
1108000: system.cpu: T0 : 0x244bc    : ld a5, -1264(s1)           : MemRead :  D=0x6e776f442f2e2e00 A=0x77b10
1108500: system.cpu: T0 : 0x244c0    : c_li a3, 1                 : IntAlu :  D=0x0000000000000001
1109500: system.cpu: T0 : 0x244c2    : sw a3, -1876(gp)           : MemWrite :  D=0x0000000000000001 A=0x798f4
1110500: system.cpu: T0 : 0x244c6    : bne a4, a5, 14             : IntAlu : 
1111000: system.cpu: T0 : 0x244ca    : c_ldsp ra, 40(sp)          : MemRead :  D=0x00000000000272a8 A=0x7ffffffffffffbf8
1111500: system.cpu: T0 : 0x244cc    : c_ldsp s0, 32(sp)          : MemRead :  D=0x7ffffffffffffcf0 A=0x7ffffffffffffbf0
1112000: system.cpu: T0 : 0x244ce    : c_ldsp s1, 24(sp)          : MemRead :  D=0x7ffffffffffffc20 A=0x7ffffffffffffbe8
1112500: system.cpu: T0 : 0x244d0    : c_addi16sp sp, 48          : IntAlu :  D=0x7ffffffffffffc00
1113000: system.cpu: T0 : 0x244d2    : c_jr ra                    : IntAlu : 
1113500: system.cpu: T0 : 0x272a8    : c_ldsp a0, 8(sp)           : MemRead :  D=0x0000000000000024 A=0x7ffffffffffffc08
1114000: system.cpu: T0 : 0x272aa    : c_ldsp ra, 24(sp)          : MemRead :  D=0x0000000000047166 A=0x7ffffffffffffc18
1114500: system.cpu: T0 : 0x272ac    : c_addi16sp sp, 32          : IntAlu :  D=0x7ffffffffffffc20
1115000: system.cpu: T0 : 0x272ae    : c_j -540                   : IntAlu : 
1116000: system.cpu: T0 : 0x27092    : ld t1, -1848(gp)           : MemRead :  D=0x0000000000000000 A=0x79910
1117000: system.cpu: T0 : 0x27096    : bne t1, zero, 260          : IntAlu : 
1117500: system.cpu: T0 : 0x2709a    : c_addi sp, -32             : IntAlu :  D=0x7ffffffffffffc00
1118000: system.cpu: T0 : 0x2709c    : c_sdsp s0, 16(sp)          : MemWrite :  D=0x7ffffffffffffcf0 A=0x7ffffffffffffc10
1118500: system.cpu: T0 : 0x2709e    : c_sdsp ra, 24(sp)          : MemWrite :  D=0x0000000000047166 A=0x7ffffffffffffc18
1119000: system.cpu: T0 : 0x270a0    : c_sdsp s1, 8(sp)           : MemWrite :  D=0x7ffffffffffffc20 A=0x7ffffffffffffc08
1119500: system.cpu: T0 : 0x270a2    : c_sdsp s2, 0(sp)           : MemWrite :  D=0x0000000000000002 A=0x7ffffffffffffc00
1120000: system.cpu: T0 : 0x270a4    : c_mv s0, a0                : IntAlu :  D=0x0000000000000024
1121000: system.cpu: T0 : 0x270a6    : blt a0, zero, 222          : IntAlu : 
1122000: system.cpu: T0 : 0x270aa    : addi a5, a0, 23            : IntAlu :  D=0x000000000000003b
1122500: system.cpu: T0 : 0x270ae    : c_li a4, 31                : IntAlu :  D=0x000000000000001f
1123000: system.cpu: T0 : 0x270b0    : c_li s1, 0                 : IntAlu :  D=0x0000000000000000
1124000: system.cpu: T0 : 0x270b2    : bltu a4, a5, 94            : IntAlu : 
1124500: system.cpu: T0 : 0x27110    : c_andi a5, 18446744073709551600 : IntAlu :  D=0x0000000000000030
1125000: system.cpu: T0 : 0x27112    : c_addi a5, -17             : IntAlu :  D=0x000000000000001f
1125500: system.cpu: T0 : 0x27114    : srli s1, a5, 4             : IntAlu :  D=0x0000000000000001
1126000: system.cpu: T0 : 0x27118    : c_j -98                    : IntAlu : 
1127000: system.cpu: T0 : 0x270b6    : ld a4, 40(tp)              : MemRead :  D=0x0000000000000000 A=0x7c738
1127500: system.cpu: T0 : 0x270ba    : c_beqz a4, 96              : IntAlu : 
1128500: system.cpu: T0 : 0x2711a    : lbu a5, 48(tp)             : MemRead :  D=0x0000000000000000 A=0x7c740
1129000: system.cpu: T0 : 0x2711e    : c_bnez a5, -86             : IntAlu : 
1129500: system.cpu: T0 : 0x27120    : jal ra, -2486              : IntAlu :  D=0x0000000000027124
1130000: system.cpu: T0 : 0x2676a    : c_addi sp, -32             : IntAlu :  D=0x7ffffffffffffbe0
1130500: system.cpu: T0 : 0x2676c    : c_sdsp s0, 16(sp)          : MemWrite :  D=0x0000000000000024 A=0x7ffffffffffffbf0
1131500: system.cpu: T0 : 0x2676e    : ld s0, 56(tp)              : MemRead :  D=0x00000000000785d0 A=0x7c748
1132000: system.cpu: T0 : 0x26772    : c_sdsp ra, 24(sp)          : MemWrite :  D=0x0000000000027124 A=0x7ffffffffffffbf8
1132500: system.cpu: T0 : 0x26774    : c_sdsp s1, 8(sp)           : MemWrite :  D=0x0000000000000001 A=0x7ffffffffffffbe8
1133000: system.cpu: T0 : 0x26776    : c_beqz s0, 78              : IntAlu : 
1133500: system.cpu: T0 : 0x26778    : c_mv s1, s0                : IntAlu :  D=0x00000000000785d0
1134000: system.cpu: T0 : 0x2677a    : c_li a4, 1                 : IntAlu :  D=0x0000000000000001
1134500: system.cpu: T0 : 0x2677c    : lr_w a5, (s0)             
1134500: system.cpu: T0 : 0x2677c. 0 : lr_w a5, (s0)              : MemRead :  D=0x0000000000000000 A=0x785d0
1135000: system.cpu: T0 : 0x26780    : c_bnez a5, 8               : IntAlu : 
1136000: system.cpu: T0 : 0x26782    : sc_w_aq a3, a4, (s0)      
1136000: system.cpu: T0 : 0x26782. 0 : sc_w a3, a4, (s0)          : MemWrite :  D=0x0000000000000000 A=0x785d0
1136500: system.cpu: T0 : 0x26782. 1 : 0x1ce426af fence           : No_OpClass : 
1137000: system.cpu: T0 : 0x26786    : c_bnez a3, -10             : IntAlu : 
1137500: system.cpu: T0 : 0x26788    : c_addiw a5, 0              : IntAlu :  D=0x0000000000000000
1138000: system.cpu: T0 : 0x2678a    : c_bnez a5, 162             : IntAlu : 
1138500: system.cpu: T0 : 0x2678c    : addi a1, zero, 640         : IntAlu :  D=0x0000000000000280
1139000: system.cpu: T0 : 0x26790    : c_mv a0, s0                : IntAlu :  D=0x00000000000785d0
1140000: system.cpu: T0 : 0x26792    : jal ra, -2862              : IntAlu :  D=0x0000000000026796
1140500: system.cpu: T0 : 0x25c64    : c_addi16sp sp, -256        : IntAlu :  D=0x7ffffffffffffae0
1141000: system.cpu: T0 : 0x25c66    : c_sdsp ra, 248(sp)         : MemWrite :  D=0x0000000000026796 A=0x7ffffffffffffbd8
1141500: system.cpu: T0 : 0x25c68    : c_sdsp s0, 240(sp)         : MemWrite :  D=0x00000000000785d0 A=0x7ffffffffffffbd0
1142000: system.cpu: T0 : 0x25c6a    : c_sdsp s1, 232(sp)         : MemWrite :  D=0x00000000000785d0 A=0x7ffffffffffffbc8
1142500: system.cpu: T0 : 0x25c6c    : c_sdsp s2, 224(sp)         : MemWrite :  D=0x0000000000000002 A=0x7ffffffffffffbc0
1143000: system.cpu: T0 : 0x25c6e    : c_sdsp s3, 216(sp)         : MemWrite :  D=0x0000000000000000 A=0x7ffffffffffffbb8
1143500: system.cpu: T0 : 0x25c70    : c_sdsp s4, 208(sp)         : MemWrite :  D=0x0000000000000000 A=0x7ffffffffffffbb0
1144000: system.cpu: T0 : 0x25c72    : c_sdsp s5, 200(sp)         : MemWrite :  D=0x0000000000000000 A=0x7ffffffffffffba8
1144500: system.cpu: T0 : 0x25c74    : c_sdsp s6, 192(sp)         : MemWrite :  D=0x000000000007b000 A=0x7ffffffffffffba0
1145000: system.cpu: T0 : 0x25c76    : c_sdsp s7, 184(sp)         : MemWrite :  D=0x0000000000000000 A=0x7ffffffffffffb98
1145500: system.cpu: T0 : 0x25c78    : c_sdsp s8, 176(sp)         : MemWrite :  D=0x0000000000000000 A=0x7ffffffffffffb90
1146000: system.cpu: T0 : 0x25c7a    : c_sdsp s9, 168(sp)         : MemWrite :  D=0x0000000000000003 A=0x7ffffffffffffb88
1146500: system.cpu: T0 : 0x25c7c    : c_sdsp s10, 160(sp)        : MemWrite :  D=0x0000000000000000 A=0x7ffffffffffffb80
1147000: system.cpu: T0 : 0x25c7e    : c_sdsp s11, 152(sp)        : MemWrite :  D=0x0000000000000000 A=0x7ffffffffffffb78
1147500: system.cpu: T0 : 0x25c80    : blt a1, zero, 1198         : IntAlu : 
1148000: system.cpu: T0 : 0x25c84    : addi s0, a1, 23            : IntAlu :  D=0x0000000000000297
1148500: system.cpu: T0 : 0x25c88    : c_li a5, 31                : IntAlu :  D=0x000000000000001f
1149000: system.cpu: T0 : 0x25c8a    : c_mv s3, a1                : IntAlu :  D=0x0000000000000280
1149500: system.cpu: T0 : 0x25c8c    : c_mv s1, a0                : IntAlu :  D=0x00000000000785d0
1150500: system.cpu: T0 : 0x25c8e    : bltu a5, s0, 220           : IntAlu : 
1151000: system.cpu: T0 : 0x25d6a    : c_andi s0, 18446744073709551600 : IntAlu :  D=0x0000000000000290
1151500: system.cpu: T0 : 0x25d6c    : beq a0, zero, 988          : IntAlu : 
1152000: system.cpu: T0 : 0x25d70    : ld a4, -1376(gp)           : MemRead :  D=0x0000000000000080 A=0x79ae8
1152500: system.cpu: T0 : 0x25d74    : srliw s9, s0, 4            : IntAlu :  D=0x0000000000000029
1153000: system.cpu: T0 : 0x25d78    : srliw a5, s0, 4            : IntAlu :  D=0x0000000000000029
1153500: system.cpu: T0 : 0x25d7c    : bgeu a4, s0, 506           : IntAlu : 
1154000: system.cpu: T0 : 0x25d80    : addi a4, zero, 1023        : IntAlu :  D=0x00000000000003ff
1154500: system.cpu: T0 : 0x25d84    : bgeu a4, s0, 1722          : IntAlu : 
1155000: system.cpu: T0 : 0x2643e    : c_addiw a5, -1             : IntAlu :  D=0x0000000000000028
1155500: system.cpu: T0 : 0x26440    : c_j -1406                  : IntAlu : 
1156500: system.cpu: T0 : 0x25ec2    : slliw a5, a5, 1            : IntAlu :  D=0x0000000000000050
1157000: system.cpu: T0 : 0x25ec6    : c_slli a5, 32              : IntAlu :  D=0x0000005000000000
1157500: system.cpu: T0 : 0x25ec8    : c_srli a5, 32              : IntAlu :  D=0x0000000000000050
1158000: system.cpu: T0 : 0x25eca    : c_addi a5, 14              : IntAlu :  D=0x000000000000005e
1158500: system.cpu: T0 : 0x25ecc    : c_slli a5, 3               : IntAlu :  D=0x00000000000002f0
1159000: system.cpu: T0 : 0x25ece    : c_j -550                   : IntAlu : 
1159500: system.cpu: T0 : 0x25ca8    : c_add a5, s1               : IntAlu :  D=0x00000000000788c0
1160500: system.cpu: T0 : 0x25caa    : ld s2, 8(a5)               : MemRead :  D=0x00000000000788b0 A=0x788c8
1161500: system.cpu: T0 : 0x25cae    : addi a3, a5, -16           : IntAlu :  D=0x00000000000788b0
1162500: system.cpu: T0 : 0x25cb2    : beq a3, s2, 748            : IntAlu : 
1163500: system.cpu: T0 : 0x25f9e    : srli t1, s0, 9             : IntAlu :  D=0x0000000000000001
1164500: system.cpu: T0 : 0x25fa2    : addiw a5, t1, 91           : IntAlu :  D=0x000000000000005c
1165500: system.cpu: T0 : 0x25fa6    : srli s10, s0, 6            : IntAlu :  D=0x000000000000000a
1166000: system.cpu: T0 : 0x25faa    : c_sdsp a5, 96(sp)          : MemWrite :  D=0x000000000000005c A=0x7ffffffffffffb40
1166500: system.cpu: T0 : 0x25fac    : addiw a5, s10, 48          : IntAlu :  D=0x000000000000003a
1167000: system.cpu: T0 : 0x25fb0    : c_sdsp a5, 88(sp)          : MemWrite :  D=0x000000000000003a A=0x7ffffffffffffb38
1168000: system.cpu: T0 : 0x25fb2    : addi a5, zero, 110         : IntAlu :  D=0x000000000000006e
1168500: system.cpu: T0 : 0x25fb6    : c_sdsp a5, 112(sp)         : MemWrite :  D=0x000000000000006e A=0x7ffffffffffffb50
1169000: system.cpu: T0 : 0x25fb8    : addi a5, zero, 119         : IntAlu :  D=0x0000000000000077
1169500: system.cpu: T0 : 0x25fbc    : c_sdsp a5, 104(sp)         : MemWrite :  D=0x0000000000000077 A=0x7ffffffffffffb48
1170500: system.cpu: T0 : 0x25fbe    : addi a5, zero, 124         : IntAlu :  D=0x000000000000007c
1171000: system.cpu: T0 : 0x25fc2    : c_sdsp s9, 8(sp)           : MemWrite :  D=0x0000000000000029 A=0x7ffffffffffffae8
1171500: system.cpu: T0 : 0x25fc4    : c_sdsp a5, 120(sp)         : MemWrite :  D=0x000000000000007c A=0x7ffffffffffffb58
1172000: system.cpu: T0 : 0x25fc6    : c_sdsp zero, 128(sp)       : MemWrite :  D=0x0000000000000000 A=0x7ffffffffffffb60
1172500: system.cpu: T0 : 0x25fc8    : c_sdsp zero, 136(sp)       : MemWrite :  D=0x0000000000000000 A=0x7ffffffffffffb68
1173500: system.cpu: T0 : 0x25fca    : ld a5, 40(tp)              : MemRead :  D=0x0000000000000000 A=0x7c738
1174500: system.cpu: T0 : 0x25fce    : addi s6, s0, -17           : IntAlu :  D=0x000000000000027f
1175500: system.cpu: T0 : 0x25fd2    : srli s6, s6, 4             : IntAlu :  D=0x0000000000000027
1176000: system.cpu: T0 : 0x25fd6    : c_li s5, 0                 : IntAlu :  D=0x0000000000000000
1176500: system.cpu: T0 : 0x25fd8    : c_beqz a5, 22              : IntAlu : 
1177500: system.cpu: T0 : 0x25fee    : lui a5, 120                : IntAlu :  D=0x0000000000078000
1178000: system.cpu: T0 : 0x25ff2    : c_lui s11, 1               : IntAlu :  D=0x0000000000001000
1178500: system.cpu: T0 : 0x25ff4    : lui s7, 120                : IntAlu :  D=0x0000000000078000
1179000: system.cpu: T0 : 0x25ff8    : addi a5, a5, 1488          : IntAlu :  D=0x00000000000785d0
1179500: system.cpu: T0 : 0x25ffc    : addi s8, s1, 96            : IntAlu :  D=0x0000000000078630
1180000: system.cpu: T0 : 0x26000    : c_li t5, 0                 : IntAlu :  D=0x0000000000000000
1181000: system.cpu: T0 : 0x26002    : addi s7, s7, 1376          : IntAlu :  D=0x0000000000078560
1182000: system.cpu: T0 : 0x26006    : add a7, s1, s11            : IntAlu :  D=0x00000000000795d0
1182500: system.cpu: T0 : 0x2600a    : c_sdsp a5, 56(sp)          : MemWrite :  D=0x00000000000785d0 A=0x7ffffffffffffb18
1183000: system.cpu: T0 : 0x2600c    : c_ld a5, 120(s1)           : MemRead :  D=0x0000000000078630 A=0x78648
1184000: system.cpu: T0 : 0x2600e    : beq a5, s8, 532            : IntAlu : 
1185000: system.cpu: T0 : 0x26222    : addi a5, zero, 1023        : IntAlu :  D=0x00000000000003ff
1186000: system.cpu: T0 : 0x26226    : bgeu a5, s0, 38            : IntAlu : 
1186500: system.cpu: T0 : 0x2624c    : c_ldsp a3, 8(sp)           : MemRead :  D=0x0000000000000029 A=0x7ffffffffffffae8
1187000: system.cpu: T0 : 0x2624e    : c_li a0, 4                 : IntAlu :  D=0x0000000000000004
1187500: system.cpu: T0 : 0x26250    : addiw a5, a3, 1            : IntAlu :  D=0x000000000000002a
1188000: system.cpu: T0 : 0x26254    : srliw a4, a5, 5            : IntAlu :  D=0x0000000000000001
1188500: system.cpu: T0 : 0x26258    : slliw a3, a3, 1            : IntAlu :  D=0x0000000000000052
1189000: system.cpu: T0 : 0x2625c    : addi a4, a4, 536           : IntAlu :  D=0x0000000000000219
1189500: system.cpu: T0 : 0x26260    : c_slli a3, 32              : IntAlu :  D=0x0000005200000000
1190000: system.cpu: T0 : 0x26262    : c_slli a4, 2               : IntAlu :  D=0x0000000000000864
1190500: system.cpu: T0 : 0x26264    : c_srli a3, 32              : IntAlu :  D=0x0000000000000052
1191000: system.cpu: T0 : 0x26266    : c_add a4, s1               : IntAlu :  D=0x0000000000078e34
1191500: system.cpu: T0 : 0x26268    : c_slli a3, 3               : IntAlu :  D=0x0000000000000290
1192000: system.cpu: T0 : 0x2626a    : c_lw a2, 0(a4)             : MemRead :  D=0x0000000000000000 A=0x78e34
1192500: system.cpu: T0 : 0x2626c    : addi a3, a3, 96            : IntAlu :  D=0x00000000000002f0
1193000: system.cpu: T0 : 0x26270    : c_li a4, 1                 : IntAlu :  D=0x0000000000000001
1194000: system.cpu: T0 : 0x26272    : srliw s2, a5, 5            : IntAlu :  D=0x0000000000000001
1194500: system.cpu: T0 : 0x26276    : c_add a3, s1               : IntAlu :  D=0x00000000000788c0
1195000: system.cpu: T0 : 0x26278    : sllw a5, a4, a5            : IntAlu :  D=0x0000000000000400
1195500: system.cpu: T0 : 0x2627c    : bltu a2, a5, 144           : IntAlu : 
1196000: system.cpu: T0 : 0x2630c    : addiw a5, s2, 1            : IntAlu :  D=0x0000000000000002
1196500: system.cpu: T0 : 0x26310    : addiw s2, a5, 0            : IntAlu :  D=0x0000000000000002
1197000: system.cpu: T0 : 0x26314    : bne s2, a0, -26            : IntAlu : 
1197500: system.cpu: T0 : 0x262fa    : c_slli a5, 32              : IntAlu :  D=0x0000000200000000
1198000: system.cpu: T0 : 0x262fc    : c_srli a5, 32              : IntAlu :  D=0x0000000000000002
1199000: system.cpu: T0 : 0x262fe    : addi a5, a5, 536           : IntAlu :  D=0x000000000000021a
1199500: system.cpu: T0 : 0x26302    : c_slli a5, 2               : IntAlu :  D=0x0000000000000868
1200000: system.cpu: T0 : 0x26304    : c_add a5, s1               : IntAlu :  D=0x0000000000078e38
1200500: system.cpu: T0 : 0x26306    : c_lw a2, 0(a5)             : MemRead :  D=0x0000000000000000 A=0x78e38
1201000: system.cpu: T0 : 0x26308    : bne a2, zero, 384          : IntAlu : 
1201500: system.cpu: T0 : 0x2630c    : addiw a5, s2, 1            : IntAlu :  D=0x0000000000000003
1202000: system.cpu: T0 : 0x26310    : addiw s2, a5, 0            : IntAlu :  D=0x0000000000000003
1202500: system.cpu: T0 : 0x26314    : bne s2, a0, -26            : IntAlu : 
1203000: system.cpu: T0 : 0x262fa    : c_slli a5, 32              : IntAlu :  D=0x0000000300000000
1203500: system.cpu: T0 : 0x262fc    : c_srli a5, 32              : IntAlu :  D=0x0000000000000003
1204500: system.cpu: T0 : 0x262fe    : addi a5, a5, 536           : IntAlu :  D=0x000000000000021b
1205000: system.cpu: T0 : 0x26302    : c_slli a5, 2               : IntAlu :  D=0x000000000000086c
1205500: system.cpu: T0 : 0x26304    : c_add a5, s1               : IntAlu :  D=0x0000000000078e3c
1206000: system.cpu: T0 : 0x26306    : c_lw a2, 0(a5)             : MemRead :  D=0x0000000000000000 A=0x78e3c
1206500: system.cpu: T0 : 0x26308    : bne a2, zero, 384          : IntAlu : 
1207000: system.cpu: T0 : 0x2630c    : addiw a5, s2, 1            : IntAlu :  D=0x0000000000000004
1207500: system.cpu: T0 : 0x26310    : addiw s2, a5, 0            : IntAlu :  D=0x0000000000000004
1208000: system.cpu: T0 : 0x26314    : bne s2, a0, -26            : IntAlu : 
1208500: system.cpu: T0 : 0x26318    : c_ld a4, 96(s1)            : MemRead :  D=0x0000000000078630 A=0x78630
1209500: system.cpu: T0 : 0x2631a    : ld a3, -1912(a7)           : MemRead :  D=0x0000000000000000 A=0x78e58
1210000: system.cpu: T0 : 0x2631e    : c_ld a5, 8(a4)             : MemRead :  D=0x0000000000000000 A=0x78638
1210500: system.cpu: T0 : 0x26320    : c_andi a5, 18446744073709551608 : IntAlu :  D=0x0000000000000000
1211500: system.cpu: T0 : 0x26322    : bltu a3, a5, 548           : IntAlu : 
1212500: system.cpu: T0 : 0x26326    : addi a3, s0, 32            : IntAlu :  D=0x00000000000002b0
1213500: system.cpu: T0 : 0x2632a    : bgeu a5, a3, 640           : IntAlu : 
1214000: system.cpu: T0 : 0x2632e    : c_sdsp a7, 32(sp)          : MemWrite :  D=0x00000000000795d0 A=0x7ffffffffffffb00
1214500: system.cpu: T0 : 0x26330    : c_sdsp t1, 24(sp)          : MemWrite :  D=0x0000000000000001 A=0x7ffffffffffffaf8
1215000: system.cpu: T0 : 0x26332    : c_sdsp t5, 16(sp)          : MemWrite :  D=0x0000000000000000 A=0x7ffffffffffffaf0
1215500: system.cpu: T0 : 0x26334    : c_lw a5, 8(s1)             : MemRead :  D=0x0000000000000000 A=0x785d8
1216000: system.cpu: T0 : 0x26336    : c_addiw a5, 0              : IntAlu :  D=0x0000000000000000
1216500: system.cpu: T0 : 0x26338    : c_beqz a5, 180             : IntAlu : 
1217000: system.cpu: T0 : 0x263ec    : c_mv a1, s1                : IntAlu :  D=0x00000000000785d0
1217500: system.cpu: T0 : 0x263ee    : c_mv a0, s0                : IntAlu :  D=0x0000000000000290
1218000: system.cpu: T0 : 0x263f0    : jal ra, -3372              : IntAlu :  D=0x00000000000263f4
1218500: system.cpu: T0 : 0x256c4    : c_addi16sp sp, -160        : IntAlu :  D=0x7ffffffffffffa40
1219000: system.cpu: T0 : 0x256c6    : c_sdsp s1, 136(sp)         : MemWrite :  D=0x00000000000785d0 A=0x7ffffffffffffac8
1219500: system.cpu: T0 : 0x256c8    : c_sdsp s2, 128(sp)         : MemWrite :  D=0x0000000000000004 A=0x7ffffffffffffac0
1220000: system.cpu: T0 : 0x256ca    : c_sdsp s10, 64(sp)         : MemWrite :  D=0x000000000000000a A=0x7ffffffffffffa80
1220500: system.cpu: T0 : 0x256cc    : c_sdsp ra, 152(sp)         : MemWrite :  D=0x00000000000263f4 A=0x7ffffffffffffad8
1221000: system.cpu: T0 : 0x256ce    : c_sdsp s0, 144(sp)         : MemWrite :  D=0x0000000000000290 A=0x7ffffffffffffad0
1221500: system.cpu: T0 : 0x256d0    : c_sdsp s3, 120(sp)         : MemWrite :  D=0x0000000000000280 A=0x7ffffffffffffab8
1222000: system.cpu: T0 : 0x256d2    : c_sdsp s4, 112(sp)         : MemWrite :  D=0x0000000000000000 A=0x7ffffffffffffab0
1222500: system.cpu: T0 : 0x256d4    : c_sdsp s5, 104(sp)         : MemWrite :  D=0x0000000000000000 A=0x7ffffffffffffaa8
1223000: system.cpu: T0 : 0x256d6    : c_sdsp s6, 96(sp)          : MemWrite :  D=0x0000000000000027 A=0x7ffffffffffffaa0
1223500: system.cpu: T0 : 0x256d8    : c_sdsp s7, 88(sp)          : MemWrite :  D=0x0000000000078560 A=0x7ffffffffffffa98
1224000: system.cpu: T0 : 0x256da    : c_sdsp s8, 80(sp)          : MemWrite :  D=0x0000000000078630 A=0x7ffffffffffffa90
1224500: system.cpu: T0 : 0x256dc    : c_sdsp s9, 72(sp)          : MemWrite :  D=0x0000000000000029 A=0x7ffffffffffffa88
1225000: system.cpu: T0 : 0x256de    : c_sdsp s11, 56(sp)         : MemWrite :  D=0x0000000000001000 A=0x7ffffffffffffa78
1225500: system.cpu: T0 : 0x256e0    : ld s2, -1784(gp)           : MemRead :  D=0x0000000000001000 A=0x79950
1226000: system.cpu: T0 : 0x256e4    : c_mv s1, a0                : IntAlu :  D=0x0000000000000290
1227000: system.cpu: T0 : 0x256e6    : beq a1, zero, 534          : IntAlu : 
1228000: system.cpu: T0 : 0x256ea    : lui s11, 120               : IntAlu :  D=0x0000000000078000
1229000: system.cpu: T0 : 0x256ee    : addi s11, s11, 1376        : IntAlu :  D=0x0000000000078560
1230000: system.cpu: T0 : 0x256f2    : ld a5, 16(s11)             : MemRead :  D=0x0000000000020000 A=0x78570
1230500: system.cpu: T0 : 0x256f6    : c_mv s0, a1                : IntAlu :  D=0x00000000000785d0
1231000: system.cpu: T0 : 0x256f8    : bgeu a0, a5, 276           : IntAlu : 
1231500: system.cpu: T0 : 0x256fc    : c_sdsp zero, 8(sp)         : MemWrite :  D=0x0000000000000000 A=0x7ffffffffffffa48
1232500: system.cpu: T0 : 0x256fe    : addi s5, s2, 7             : IntAlu :  D=0x0000000000001007
1233500: system.cpu: T0 : 0x25702    : add a5, s5, s1             : IntAlu :  D=0x0000000000001297
1234500: system.cpu: T0 : 0x25706    : lui s6, 120                : IntAlu :  D=0x0000000000078000
1235500: system.cpu: T0 : 0x2570a    : sub s5, zero, s2           : IntAlu :  D=0xfffffffffffff000
1236500: system.cpu: T0 : 0x2570e    : addi a7, s0, 96            : IntAlu :  D=0x0000000000078630
1237500: system.cpu: T0 : 0x25712    : addi t1, s2, -1            : IntAlu :  D=0x0000000000000fff
1238500: system.cpu: T0 : 0x25716    : addi s8, s1, 32            : IntAlu :  D=0x00000000000002b0
1239500: system.cpu: T0 : 0x2571a    : addi s7, s6, 1488          : IntAlu :  D=0x00000000000785d0
1240500: system.cpu: T0 : 0x2571e    : and s5, a5, s5             : IntAlu :  D=0x0000000000001000
1241500: system.cpu: T0 : 0x25722    : ld s4, 96(s0)              : MemRead :  D=0x0000000000078630 A=0x78630
1242500: system.cpu: T0 : 0x25726    : ld a5, 8(s4)               : MemRead :  D=0x0000000000000000 A=0x78638
1243500: system.cpu: T0 : 0x2572a    : andi s3, a5, 18446744073709551608 : IntAlu :  D=0x0000000000000000
1244500: system.cpu: T0 : 0x2572e    : add s9, s4, s3             : IntAlu :  D=0x0000000000078630
1245500: system.cpu: T0 : 0x25732    : beq s4, a7, 506            : IntAlu : 
1246000: system.cpu: T0 : 0x2592c    : beq s3, zero, -482         : IntAlu : 
1247000: system.cpu: T0 : 0x2574a    : bgeu s3, s8, 1112          : IntAlu : 
1248000: system.cpu: T0 : 0x2574e    : beq s0, s7, 484            : IntAlu : 
1249000: system.cpu: T0 : 0x25932    : ld s5, 8(s11)              : MemRead :  D=0x0000000000020000 A=0x78568
1249500: system.cpu: T0 : 0x25936    : c_lw a5, 4(s0)             : MemRead :  D=0x0000000000000000 A=0x785d4
1250000: system.cpu: T0 : 0x25938    : addi s10, s2, -1           : IntAlu :  D=0x0000000000000fff
1250500: system.cpu: T0 : 0x2593c    : addi s5, s5, 32            : IntAlu :  D=0x0000000000020020
1251000: system.cpu: T0 : 0x25940    : c_add s5, s10              : IntAlu :  D=0x000000000002101f
1251500: system.cpu: T0 : 0x25942    : c_andi a5, 2               : IntAlu :  D=0x0000000000000000
1252000: system.cpu: T0 : 0x25944    : c_add s5, s1               : IntAlu :  D=0x00000000000212af
1253000: system.cpu: T0 : 0x25946    : sub a6, zero, s2           : IntAlu :  D=0xfffffffffffff000
1253500: system.cpu: T0 : 0x2594a    : c_beqz a5, 158             : IntAlu : 
1254000: system.cpu: T0 : 0x259e8    : sub s5, s5, s3             : IntAlu :  D=0x00000000000212af
1254500: system.cpu: T0 : 0x259ec    : and s5, s5, a6             : IntAlu :  D=0x0000000000021000
1255000: system.cpu: T0 : 0x259f0    : blt zero, s5, -156         : IntAlu : 
1255500: system.cpu: T0 : 0x25954    : ld a5, -1840(gp)           : MemRead :  D=0x0000000000028286 A=0x79918
1256000: system.cpu: T0 : 0x25958    : c_mv a0, s5                : IntAlu :  D=0x0000000000021000
1256500: system.cpu: T0 : 0x2595a    : c_sdsp a6, 8(sp)           : MemWrite :  D=0xfffffffffffff000 A=0x7ffffffffffffa48
1257000: system.cpu: T0 : 0x2595c    : c_jalr a5                  : IntAlu :  D=0x000000000002595e
1257500: system.cpu: T0 : 0x28286    : c_addi sp, -16             : IntAlu :  D=0x7ffffffffffffa30
1258000: system.cpu: T0 : 0x28288    : c_sdsp ra, 8(sp)           : MemWrite :  D=0x000000000002595e A=0x7ffffffffffffa38
1259000: system.cpu: T0 : 0x2828a    : jal ra, 9318               : IntAlu :  D=0x000000000002828e
1259500: system.cpu: T0 : 0x2a6f0    : c_addi sp, -32             : IntAlu :  D=0x7ffffffffffffa10
1260000: system.cpu: T0 : 0x2a6f2    : c_sdsp s2, 0(sp)           : MemWrite :  D=0x0000000000001000 A=0x7ffffffffffffa10
1260500: system.cpu: T0 : 0x2a6f4    : c_sdsp s1, 8(sp)           : MemWrite :  D=0x0000000000000290 A=0x7ffffffffffffa18
1261500: system.cpu: T0 : 0x2a6f6    : ld s1, -1200(gp)           : MemRead :  D=0x000000000007cf80 A=0x79b98
1262000: system.cpu: T0 : 0x2a6fa    : c_sdsp s0, 16(sp)          : MemWrite :  D=0x00000000000785d0 A=0x7ffffffffffffa20
1262500: system.cpu: T0 : 0x2a6fc    : c_sdsp ra, 24(sp)          : MemWrite :  D=0x000000000002828e A=0x7ffffffffffffa28
1263000: system.cpu: T0 : 0x2a6fe    : c_mv s0, a0                : IntAlu :  D=0x0000000000021000
1263500: system.cpu: T0 : 0x2a700    : c_beqz s1, 46              : IntAlu : 
1264500: system.cpu: T0 : 0x2a702    : lw a5, -1728(gp)           : MemRead :  D=0x0000000000000000 A=0x79988
1265000: system.cpu: T0 : 0x2a706    : c_bnez a5, 40              : IntAlu : 
1265500: system.cpu: T0 : 0x2a708    : c_beqz s0, 24              : IntAlu : 
1266500: system.cpu: T0 : 0x2a70a    : bge zero, s0, 52           : IntAlu : 
1267500: system.cpu: T0 : 0x2a70e    : add a5, s0, s1             : IntAlu :  D=0x000000000009df80
1268500: system.cpu: T0 : 0x2a712    : sltu a5, a5, s1            : IntAlu :  D=0x0000000000000000
1269000: system.cpu: T0 : 0x2a716    : c_beqz a5, 50              : IntAlu : 
1269500: system.cpu: T0 : 0x2a748    : add a0, s1, s0             : IntAlu :  D=0x000000000009df80
1270000: system.cpu: T0 : 0x2a74c    : jal ra, 98390              : IntAlu :  D=0x000000000002a750
1270500: system.cpu: T0 : 0x427a2    : c_mv a5, a0                : IntAlu :  D=0x000000000009df80
1271000: system.cpu: T0 : 0x427a4    : addi a7, zero, 214         : IntAlu :  D=0x00000000000000d6
1271500: system.cpu: T0 : 0x427a8    : ecall                      : No_OpClass : 
1272000: system.cpu: T0 : 0x427ac    : sd a0, -1200(gp)           : MemWrite :  D=0x000000000009df80 A=0x79b98
1272500: system.cpu: T0 : 0x427b0    : bltu a0, a5, 8             : IntAlu : 
1273000: system.cpu: T0 : 0x427b4    : c_li a0, 0                 : IntAlu :  D=0x0000000000000000
1273500: system.cpu: T0 : 0x427b6    : c_jr ra                    : IntAlu : 
1274000: system.cpu: T0 : 0x2a750    : blt a0, zero, -50          : IntAlu : 
1274500: system.cpu: T0 : 0x2a754    : c_ldsp ra, 24(sp)          : MemRead :  D=0x000000000002828e A=0x7ffffffffffffa28
1275000: system.cpu: T0 : 0x2a756    : c_ldsp s0, 16(sp)          : MemRead :  D=0x00000000000785d0 A=0x7ffffffffffffa20
1275500: system.cpu: T0 : 0x2a758    : c_ldsp s2, 0(sp)           : MemRead :  D=0x0000000000001000 A=0x7ffffffffffffa10
1276000: system.cpu: T0 : 0x2a75a    : c_mv a0, s1                : IntAlu :  D=0x000000000007cf80
1276500: system.cpu: T0 : 0x2a75c    : c_ldsp s1, 8(sp)           : MemRead :  D=0x0000000000000290 A=0x7ffffffffffffa18
1277000: system.cpu: T0 : 0x2a75e    : c_addi16sp sp, 32          : IntAlu :  D=0x7ffffffffffffa30
1277500: system.cpu: T0 : 0x2a760    : c_jr ra                    : IntAlu : 
1278000: system.cpu: T0 : 0x2828e    : c_li a5, -1                : IntAlu :  D=0xffffffffffffffff
1278500: system.cpu: T0 : 0x28290    : beq a0, a5, 10             : IntAlu : 
1279000: system.cpu: T0 : 0x28294    : c_ldsp ra, 8(sp)           : MemRead :  D=0x000000000002595e A=0x7ffffffffffffa38
1279500: system.cpu: T0 : 0x28296    : c_addi sp, 16              : IntAlu :  D=0x7ffffffffffffa40
1280000: system.cpu: T0 : 0x28298    : c_jr ra                    : IntAlu : 
1280500: system.cpu: T0 : 0x2595e    : c_ldsp a6, 8(sp)           : MemRead :  D=0xfffffffffffff000 A=0x7ffffffffffffa48
1281000: system.cpu: T0 : 0x25960    : c_mv s2, a0                : IntAlu :  D=0x000000000007cf80
1282000: system.cpu: T0 : 0x25962    : beq a0, zero, 502          : IntAlu : 
1283000: system.cpu: T0 : 0x25966    : ld a5, -1392(gp)           : MemRead :  D=0x0000000000000000 A=0x79ad8
1283500: system.cpu: T0 : 0x2596a    : c_li a4, 0                 : IntAlu :  D=0x0000000000000000
1284000: system.cpu: T0 : 0x2596c    : bne a5, zero, 538          : IntAlu : 
1284500: system.cpu: T0 : 0x25970    : ld a5, 72(s11)             : MemRead :  D=0x0000000000000000 A=0x785a8
1285000: system.cpu: T0 : 0x25974    : beq a5, zero, 380          : IntAlu : 
1285500: system.cpu: T0 : 0x25af0    : sd s2, 72(s11)             : MemWrite :  D=0x000000000007cf80 A=0x785a8
1286000: system.cpu: T0 : 0x25af4    : c_j -380                   : IntAlu : 
1286500: system.cpu: T0 : 0x25978    : c_lui s11, 1               : IntAlu :  D=0x0000000000001000
1287000: system.cpu: T0 : 0x2597a    : c_add s11, s7              : IntAlu :  D=0x00000000000795d0
1287500: system.cpu: T0 : 0x2597c    : ld a5, -1912(s11)          : MemRead :  D=0x0000000000000000 A=0x78e58
1288000: system.cpu: T0 : 0x25980    : c_add a5, s5               : IntAlu :  D=0x0000000000021000
1289000: system.cpu: T0 : 0x25982    : sd a5, -1912(s11)          : MemWrite :  D=0x0000000000021000 A=0x78e58
1290000: system.cpu: T0 : 0x25986    : beq s9, s2, 342            : IntAlu : 
1291000: system.cpu: T0 : 0x2598a    : lw a3, 4(s7)               : MemRead :  D=0x0000000000000000 A=0x785d4
1291500: system.cpu: T0 : 0x2598e    : c_andi a3, 2               : IntAlu :  D=0x0000000000000000
1292000: system.cpu: T0 : 0x25990    : bne a3, zero, 242          : IntAlu : 
1292500: system.cpu: T0 : 0x25994    : beq s3, zero, 18           : IntAlu : 
1293500: system.cpu: T0 : 0x259a6    : andi a5, s2, 15            : IntAlu :  D=0x0000000000000000
1294500: system.cpu: T0 : 0x259aa    : bne a5, zero, 332          : IntAlu : 
1295000: system.cpu: T0 : 0x259ae    : c_mv a4, s3                : IntAlu :  D=0x0000000000000000
1295500: system.cpu: T0 : 0x259b0    : c_mv s9, s2                : IntAlu :  D=0x000000000007cf80
1296000: system.cpu: T0 : 0x259b2    : c_add s5, a4               : IntAlu :  D=0x0000000000021000
1296500: system.cpu: T0 : 0x259b4    : add a0, s2, s5             : IntAlu :  D=0x000000000009df80
1297000: system.cpu: T0 : 0x259b8    : c_add s10, a0              : IntAlu :  D=0x000000000009ef7f
1298000: system.cpu: T0 : 0x259ba    : and a6, s10, a6            : IntAlu :  D=0x000000000009e000
1298500: system.cpu: T0 : 0x259be    : c_sub a4, a0               : IntAlu :  D=0xfffffffffff62080
1299000: system.cpu: T0 : 0x259c0    : add s5, a6, a4             : IntAlu :  D=0x0000000000000080
1299500: system.cpu: T0 : 0x259c4    : blt s5, zero, 626          : IntAlu : 
1300000: system.cpu: T0 : 0x259c8    : ld a5, -1840(gp)           : MemRead :  D=0x0000000000028286 A=0x79918
1300500: system.cpu: T0 : 0x259cc    : c_mv a0, s5                : IntAlu :  D=0x0000000000000080
1301000: system.cpu: T0 : 0x259ce    : c_jalr a5                  : IntAlu :  D=0x00000000000259d0
1301500: system.cpu: T0 : 0x28286    : c_addi sp, -16             : IntAlu :  D=0x7ffffffffffffa30
1302000: system.cpu: T0 : 0x28288    : c_sdsp ra, 8(sp)           : MemWrite :  D=0x00000000000259d0 A=0x7ffffffffffffa38
1303000: system.cpu: T0 : 0x2828a    : jal ra, 9318               : IntAlu :  D=0x000000000002828e
1303500: system.cpu: T0 : 0x2a6f0    : c_addi sp, -32             : IntAlu :  D=0x7ffffffffffffa10
1304000: system.cpu: T0 : 0x2a6f2    : c_sdsp s2, 0(sp)           : MemWrite :  D=0x000000000007cf80 A=0x7ffffffffffffa10
1304500: system.cpu: T0 : 0x2a6f4    : c_sdsp s1, 8(sp)           : MemWrite :  D=0x0000000000000290 A=0x7ffffffffffffa18
1305500: system.cpu: T0 : 0x2a6f6    : ld s1, -1200(gp)           : MemRead :  D=0x000000000009df80 A=0x79b98
1306000: system.cpu: T0 : 0x2a6fa    : c_sdsp s0, 16(sp)          : MemWrite :  D=0x00000000000785d0 A=0x7ffffffffffffa20
1306500: system.cpu: T0 : 0x2a6fc    : c_sdsp ra, 24(sp)          : MemWrite :  D=0x000000000002828e A=0x7ffffffffffffa28
1307000: system.cpu: T0 : 0x2a6fe    : c_mv s0, a0                : IntAlu :  D=0x0000000000000080
1307500: system.cpu: T0 : 0x2a700    : c_beqz s1, 46              : IntAlu : 
1308500: system.cpu: T0 : 0x2a702    : lw a5, -1728(gp)           : MemRead :  D=0x0000000000000000 A=0x79988
1309000: system.cpu: T0 : 0x2a706    : c_bnez a5, 40              : IntAlu : 
1309500: system.cpu: T0 : 0x2a708    : c_beqz s0, 24              : IntAlu : 
1310500: system.cpu: T0 : 0x2a70a    : bge zero, s0, 52           : IntAlu : 
1311500: system.cpu: T0 : 0x2a70e    : add a5, s0, s1             : IntAlu :  D=0x000000000009e000
1312500: system.cpu: T0 : 0x2a712    : sltu a5, a5, s1            : IntAlu :  D=0x0000000000000000
1313000: system.cpu: T0 : 0x2a716    : c_beqz a5, 50              : IntAlu : 
1313500: system.cpu: T0 : 0x2a748    : add a0, s1, s0             : IntAlu :  D=0x000000000009e000
1314000: system.cpu: T0 : 0x2a74c    : jal ra, 98390              : IntAlu :  D=0x000000000002a750
1314500: system.cpu: T0 : 0x427a2    : c_mv a5, a0                : IntAlu :  D=0x000000000009e000
1315000: system.cpu: T0 : 0x427a4    : addi a7, zero, 214         : IntAlu :  D=0x00000000000000d6
1315500: system.cpu: T0 : 0x427a8    : ecall                      : No_OpClass : 
1316000: system.cpu: T0 : 0x427ac    : sd a0, -1200(gp)           : MemWrite :  D=0x000000000009e000 A=0x79b98
1316500: system.cpu: T0 : 0x427b0    : bltu a0, a5, 8             : IntAlu : 
1317000: system.cpu: T0 : 0x427b4    : c_li a0, 0                 : IntAlu :  D=0x0000000000000000
1317500: system.cpu: T0 : 0x427b6    : c_jr ra                    : IntAlu : 
1318000: system.cpu: T0 : 0x2a750    : blt a0, zero, -50          : IntAlu : 
1318500: system.cpu: T0 : 0x2a754    : c_ldsp ra, 24(sp)          : MemRead :  D=0x000000000002828e A=0x7ffffffffffffa28
1319000: system.cpu: T0 : 0x2a756    : c_ldsp s0, 16(sp)          : MemRead :  D=0x00000000000785d0 A=0x7ffffffffffffa20
1319500: system.cpu: T0 : 0x2a758    : c_ldsp s2, 0(sp)           : MemRead :  D=0x000000000007cf80 A=0x7ffffffffffffa10
1320000: system.cpu: T0 : 0x2a75a    : c_mv a0, s1                : IntAlu :  D=0x000000000009df80
1320500: system.cpu: T0 : 0x2a75c    : c_ldsp s1, 8(sp)           : MemRead :  D=0x0000000000000290 A=0x7ffffffffffffa18
1321000: system.cpu: T0 : 0x2a75e    : c_addi16sp sp, 32          : IntAlu :  D=0x7ffffffffffffa30
1321500: system.cpu: T0 : 0x2a760    : c_jr ra                    : IntAlu : 
1322000: system.cpu: T0 : 0x2828e    : c_li a5, -1                : IntAlu :  D=0xffffffffffffffff
1322500: system.cpu: T0 : 0x28290    : beq a0, a5, 10             : IntAlu : 
1323000: system.cpu: T0 : 0x28294    : c_ldsp ra, 8(sp)           : MemRead :  D=0x00000000000259d0 A=0x7ffffffffffffa38
1323500: system.cpu: T0 : 0x28296    : c_addi sp, 16              : IntAlu :  D=0x7ffffffffffffa40
1324000: system.cpu: T0 : 0x28298    : c_jr ra                    : IntAlu : 
1324500: system.cpu: T0 : 0x259d0    : c_mv a4, a0                : IntAlu :  D=0x000000000009df80
1325500: system.cpu: T0 : 0x259d2    : beq a0, zero, 426          : IntAlu : 
1326500: system.cpu: T0 : 0x259d6    : ld a5, -1392(gp)           : MemRead :  D=0x0000000000000000 A=0x79ad8
1327500: system.cpu: T0 : 0x259da    : bne a5, zero, 440          : IntAlu : 
1328500: system.cpu: T0 : 0x259de    : ld a5, -1912(s11)          : MemRead :  D=0x0000000000021000 A=0x78e58
1329000: system.cpu: T0 : 0x259e2    : c_mv s2, s9                : IntAlu :  D=0x000000000007cf80
1329500: system.cpu: T0 : 0x259e4    : c_add a5, s5               : IntAlu :  D=0x0000000000021080
1330000: system.cpu: T0 : 0x259e6    : c_j 168                    : IntAlu : 
1331000: system.cpu: T0 : 0x25a8e    : sub a4, a4, s2             : IntAlu :  D=0x0000000000021000
1331500: system.cpu: T0 : 0x25a92    : c_add a4, s5               : IntAlu :  D=0x0000000000021080
1332000: system.cpu: T0 : 0x25a94    : sd s2, 96(s7)              : MemWrite :  D=0x000000000007cf80 A=0x78630
1332500: system.cpu: T0 : 0x25a98    : ori a4, a4, 1              : IntAlu :  D=0x0000000000021081
1333000: system.cpu: T0 : 0x25a9c    : sd a4, 8(s2)               : MemWrite :  D=0x0000000000021081 A=0x7cf88
1333500: system.cpu: T0 : 0x25aa0    : sd a5, -1912(s11)          : MemWrite :  D=0x0000000000021080 A=0x78e58
1334000: system.cpu: T0 : 0x25aa4    : beq s3, zero, -754         : IntAlu : 
1334500: system.cpu: T0 : 0x257b2    : c_lui a4, 1                : IntAlu :  D=0x0000000000001000
1335000: system.cpu: T0 : 0x257b4    : c_add a4, s0               : IntAlu :  D=0x00000000000795d0
1336000: system.cpu: T0 : 0x257b6    : ld a3, -1904(a4)           : MemRead :  D=0x0000000000000000 A=0x78e60
1337000: system.cpu: T0 : 0x257ba    : bgeu a3, a5, 8             : IntAlu : 
1338000: system.cpu: T0 : 0x257be    : sd a5, -1904(a4)           : MemWrite :  D=0x0000000000021080 A=0x78e60
1339000: system.cpu: T0 : 0x257c2    : ld a5, 8(s2)               : MemRead :  D=0x0000000000021081 A=0x7cf88
1339500: system.cpu: T0 : 0x257c6    : c_andi a5, 18446744073709551608 : IntAlu :  D=0x0000000000021080
1340000: system.cpu: T0 : 0x257c8    : bltu a5, s8, 298           : IntAlu : 
1340500: system.cpu: T0 : 0x257cc    : add a4, s2, s1             : IntAlu :  D=0x000000000007d210
1341000: system.cpu: T0 : 0x257d0    : c_sd a4, 96(s0)            : MemWrite :  D=0x000000000007d210 A=0x78630
1341500: system.cpu: T0 : 0x257d2    : c_sub a5, s1               : IntAlu :  D=0x0000000000020df0
1342000: system.cpu: T0 : 0x257d4    : beq s0, s7, 8              : IntAlu : 
1342500: system.cpu: T0 : 0x257dc    : ori s1, s1, 1              : IntAlu :  D=0x0000000000000291
1343000: system.cpu: T0 : 0x257e0    : sd s1, 8(s2)               : MemWrite :  D=0x0000000000000291 A=0x7cf88
1343500: system.cpu: T0 : 0x257e4    : ori a5, a5, 1              : IntAlu :  D=0x0000000000020df1
1344000: system.cpu: T0 : 0x257e8    : c_sd a5, 8(a4)             : MemWrite :  D=0x0000000000020df1 A=0x7d218
1344500: system.cpu: T0 : 0x257e8    : c_sd a5, 8(a4)             : MemWrite :  D=0x0000000000020df1 A=0x7d218
1345500: system.cpu: T0 : 0x257ea    : addi a0, s2, 16            : IntAlu :  D=0x000000000007cf90
1346000: system.cpu: T0 : 0x257ee    : c_ldsp ra, 152(sp)         : MemRead :  D=0x00000000000263f4 A=0x7ffffffffffffad8
1346500: system.cpu: T0 : 0x257f0    : c_ldsp s0, 144(sp)         : MemRead :  D=0x0000000000000290 A=0x7ffffffffffffad0
1347000: system.cpu: T0 : 0x257f2    : c_ldsp s1, 136(sp)         : MemRead :  D=0x00000000000785d0 A=0x7ffffffffffffac8
1347500: system.cpu: T0 : 0x257f4    : c_ldsp s2, 128(sp)         : MemRead :  D=0x0000000000000004 A=0x7ffffffffffffac0
1348000: system.cpu: T0 : 0x257f6    : c_ldsp s3, 120(sp)         : MemRead :  D=0x0000000000000280 A=0x7ffffffffffffab8
1348500: system.cpu: T0 : 0x257f8    : c_ldsp s4, 112(sp)         : MemRead :  D=0x0000000000000000 A=0x7ffffffffffffab0
1349000: system.cpu: T0 : 0x257fa    : c_ldsp s5, 104(sp)         : MemRead :  D=0x0000000000000000 A=0x7ffffffffffffaa8
1349500: system.cpu: T0 : 0x257fc    : c_ldsp s6, 96(sp)          : MemRead :  D=0x0000000000000027 A=0x7ffffffffffffaa0
1350000: system.cpu: T0 : 0x257fe    : c_ldsp s7, 88(sp)          : MemRead :  D=0x0000000000078560 A=0x7ffffffffffffa98
1350500: system.cpu: T0 : 0x25800    : c_ldsp s8, 80(sp)          : MemRead :  D=0x0000000000078630 A=0x7ffffffffffffa90
1351000: system.cpu: T0 : 0x25802    : c_ldsp s9, 72(sp)          : MemRead :  D=0x0000000000000029 A=0x7ffffffffffffa88
1351500: system.cpu: T0 : 0x25804    : c_ldsp s10, 64(sp)         : MemRead :  D=0x000000000000000a A=0x7ffffffffffffa80
1352000: system.cpu: T0 : 0x25806    : c_ldsp s11, 56(sp)         : MemRead :  D=0x0000000000001000 A=0x7ffffffffffffa78
1352500: system.cpu: T0 : 0x25808    : c_addi16sp sp, 160         : IntAlu :  D=0x7ffffffffffffae0
1353000: system.cpu: T0 : 0x2580a    : c_jr ra                    : IntAlu : 
1353500: system.cpu: T0 : 0x263f4    : c_mv s2, a0                : IntAlu :  D=0x000000000007cf90
1354500: system.cpu: T0 : 0x263f6    : bne a0, zero, -672         : IntAlu : 
1355500: system.cpu: T0 : 0x26156    : lw a1, -1396(gp)           : MemRead :  D=0x0000000000000000 A=0x79ad4
1356500: system.cpu: T0 : 0x2615a    : beq a1, zero, -516         : IntAlu : 
1357000: system.cpu: T0 : 0x25f56    : c_ldsp ra, 248(sp)         : MemRead :  D=0x0000000000026796 A=0x7ffffffffffffbd8
1357500: system.cpu: T0 : 0x25f58    : c_ldsp s0, 240(sp)         : MemRead :  D=0x00000000000785d0 A=0x7ffffffffffffbd0
1358000: system.cpu: T0 : 0x25f5a    : c_ldsp s1, 232(sp)         : MemRead :  D=0x00000000000785d0 A=0x7ffffffffffffbc8
1358500: system.cpu: T0 : 0x25f5c    : c_ldsp s3, 216(sp)         : MemRead :  D=0x0000000000000000 A=0x7ffffffffffffbb8
1359000: system.cpu: T0 : 0x25f5e    : c_ldsp s4, 208(sp)         : MemRead :  D=0x0000000000000000 A=0x7ffffffffffffbb0
1359500: system.cpu: T0 : 0x25f60    : c_ldsp s5, 200(sp)         : MemRead :  D=0x0000000000000000 A=0x7ffffffffffffba8
1360000: system.cpu: T0 : 0x25f62    : c_ldsp s6, 192(sp)         : MemRead :  D=0x000000000007b000 A=0x7ffffffffffffba0
1360500: system.cpu: T0 : 0x25f64    : c_ldsp s7, 184(sp)         : MemRead :  D=0x0000000000000000 A=0x7ffffffffffffb98
1361000: system.cpu: T0 : 0x25f66    : c_ldsp s8, 176(sp)         : MemRead :  D=0x0000000000000000 A=0x7ffffffffffffb90
1361500: system.cpu: T0 : 0x25f68    : c_ldsp s9, 168(sp)         : MemRead :  D=0x0000000000000003 A=0x7ffffffffffffb88
1362000: system.cpu: T0 : 0x25f6a    : c_ldsp s10, 160(sp)        : MemRead :  D=0x0000000000000000 A=0x7ffffffffffffb80
1362500: system.cpu: T0 : 0x25f6c    : c_ldsp s11, 152(sp)        : MemRead :  D=0x0000000000000000 A=0x7ffffffffffffb78
1363000: system.cpu: T0 : 0x25f6e    : c_mv a0, s2                : IntAlu :  D=0x000000000007cf90
1363500: system.cpu: T0 : 0x25f70    : c_ldsp s2, 224(sp)         : MemRead :  D=0x0000000000000002 A=0x7ffffffffffffbc0
1364000: system.cpu: T0 : 0x25f72    : c_addi16sp sp, 256         : IntAlu :  D=0x7ffffffffffffbe0
1364500: system.cpu: T0 : 0x25f74    : c_jr ra                    : IntAlu : 
1365000: system.cpu: T0 : 0x26796    : c_mv a5, a0                : IntAlu :  D=0x000000000007cf90
1365500: system.cpu: T0 : 0x26798    : c_beqz a0, 70              : IntAlu : 
1366000: system.cpu: T0 : 0x2679a    : c_li a4, 0                 : IntAlu :  D=0x0000000000000000
1366500: system.cpu: T0 : 0x2679c    : fence iorw, ow             : No_OpClass : 
1367000: system.cpu: T0 : 0x267a0    : amoswap_w a4, a4, (s0)    
1367000: system.cpu: T0 : 0x267a0. 0 : amoswap_w[l] a4, a4, (s0)  : MemRead :  D=0x0000000000000001 A=0x785d0
1367500: system.cpu: T0 : 0x267a4    : c_addiw a4, 0              : IntAlu :  D=0x0000000000000001
1368000: system.cpu: T0 : 0x267a6    : c_li a3, 1                 : IntAlu :  D=0x0000000000000001
1368500: system.cpu: T0 : 0x267a8    : blt a3, a4, 96             : IntAlu : 
1369000: system.cpu: T0 : 0x267ac    : c_ldsp s0, 16(sp)          : MemRead :  D=0x0000000000000024 A=0x7ffffffffffffbf0
1369500: system.cpu: T0 : 0x267ae    : c_ldsp ra, 24(sp)          : MemRead :  D=0x0000000000027124 A=0x7ffffffffffffbf8
1370000: system.cpu: T0 : 0x267b0    : c_ldsp s1, 8(sp)           : MemRead :  D=0x0000000000000001 A=0x7ffffffffffffbe8
1371000: system.cpu: T0 : 0x267b2    : sd a5, 40(tp)              : MemWrite :  D=0x000000000007cf90 A=0x7c738
1372000: system.cpu: T0 : 0x267b6    : addi a2, zero, 640         : IntAlu :  D=0x0000000000000280
1372500: system.cpu: T0 : 0x267ba    : c_li a1, 0                 : IntAlu :  D=0x0000000000000000
1373000: system.cpu: T0 : 0x267bc    : c_mv a0, a5                : IntAlu :  D=0x000000000007cf90
1373500: system.cpu: T0 : 0x267be    : c_addi16sp sp, 32          : IntAlu :  D=0x7ffffffffffffc00
1374000: system.cpu: T0 : 0x267c0    : jal zero, 10402            : IntAlu :  D=0x00000000000267c4
1374500: system.cpu: T0 : 0x29062    : c_li a4, 7                 : IntAlu :  D=0x0000000000000007
1375000: system.cpu: T0 : 0x29064    : c_mv a5, a0                : IntAlu :  D=0x000000000007cf90
1376000: system.cpu: T0 : 0x29066    : bgeu a4, a2, 140           : IntAlu : 
1377000: system.cpu: T0 : 0x2906a    : andi a7, a1, 255           : IntAlu :  D=0x0000000000000000
1378000: system.cpu: T0 : 0x2906e    : slli a3, a7, 8             : IntAlu :  D=0x0000000000000000
1379000: system.cpu: T0 : 0x29072    : or a3, a3, a7              : IntAlu :  D=0x0000000000000000
1380000: system.cpu: T0 : 0x29076    : slli a4, a3, 16            : IntAlu :  D=0x0000000000000000
1380500: system.cpu: T0 : 0x2907a    : c_or a3, a4                : IntAlu :  D=0x0000000000000000
1381000: system.cpu: T0 : 0x2907c    : slli a4, a3, 32            : IntAlu :  D=0x0000000000000000
1381500: system.cpu: T0 : 0x29080    : andi a6, a0, 7             : IntAlu :  D=0x0000000000000000
1382000: system.cpu: T0 : 0x29084    : c_or a4, a3                : IntAlu :  D=0x0000000000000000
1383000: system.cpu: T0 : 0x29086    : beq a6, zero, 130          : IntAlu : 
1383500: system.cpu: T0 : 0x29108    : c_mv a3, a2                : IntAlu :  D=0x0000000000000280
1384000: system.cpu: T0 : 0x2910a    : c_j -108                   : IntAlu : 
1385000: system.cpu: T0 : 0x2909e    : srli a6, a3, 6             : IntAlu :  D=0x000000000000000a
1386000: system.cpu: T0 : 0x290a2    : beq a6, zero, 42           : IntAlu : 
1387000: system.cpu: T0 : 0x290a6    : slli a2, a6, 6             : IntAlu :  D=0x0000000000000280
1387500: system.cpu: T0 : 0x290aa    : c_mv a7, a5                : IntAlu :  D=0x000000000007cf90
1388000: system.cpu: T0 : 0x290ac    : c_add a2, a5               : IntAlu :  D=0x000000000007d210
1388500: system.cpu: T0 : 0x290ae    : c_sd a4, 0(a5)             : MemWrite :  D=0x0000000000000000 A=0x7cf90
1389000: system.cpu: T0 : 0x290b0    : c_sd a4, 8(a5)             : MemWrite :  D=0x0000000000000000 A=0x7cf98
1389500: system.cpu: T0 : 0x290b2    : c_sd a4, 16(a5)            : MemWrite :  D=0x0000000000000000 A=0x7cfa0
1390000: system.cpu: T0 : 0x290b4    : c_sd a4, 24(a5)            : MemWrite :  D=0x0000000000000000 A=0x7cfa8
1390500: system.cpu: T0 : 0x290b6    : c_sd a4, 32(a5)            : MemWrite :  D=0x0000000000000000 A=0x7cfb0
1391000: system.cpu: T0 : 0x290b8    : c_sd a4, 40(a5)            : MemWrite :  D=0x0000000000000000 A=0x7cfb8
1391500: system.cpu: T0 : 0x290ba    : c_sd a4, 48(a5)            : MemWrite :  D=0x0000000000000000 A=0x7cfc0
1392000: system.cpu: T0 : 0x290bc    : c_sd a4, 56(a5)            : MemWrite :  D=0x0000000000000000 A=0x7cfc8
1393000: system.cpu: T0 : 0x290be    : addi a5, a5, 64            : IntAlu :  D=0x000000000007cfd0
1394000: system.cpu: T0 : 0x290c2    : bne a2, a5, -20            : IntAlu : 
1394500: system.cpu: T0 : 0x290ae    : c_sd a4, 0(a5)             : MemWrite :  D=0x0000000000000000 A=0x7cfd0
1395000: system.cpu: T0 : 0x290b0    : c_sd a4, 8(a5)             : MemWrite :  D=0x0000000000000000 A=0x7cfd8
1395500: system.cpu: T0 : 0x290b2    : c_sd a4, 16(a5)            : MemWrite :  D=0x0000000000000000 A=0x7cfe0
1396000: system.cpu: T0 : 0x290b4    : c_sd a4, 24(a5)            : MemWrite :  D=0x0000000000000000 A=0x7cfe8
1396500: system.cpu: T0 : 0x290b6    : c_sd a4, 32(a5)            : MemWrite :  D=0x0000000000000000 A=0x7cff0
1397000: system.cpu: T0 : 0x290b8    : c_sd a4, 40(a5)            : MemWrite :  D=0x0000000000000000 A=0x7cff8
1397500: system.cpu: T0 : 0x290ba    : c_sd a4, 48(a5)            : MemWrite :  D=0x0000000000000000 A=0x7d000
1398000: system.cpu: T0 : 0x290bc    : c_sd a4, 56(a5)            : MemWrite :  D=0x0000000000000000 A=0x7d008
1399000: system.cpu: T0 : 0x290be    : addi a5, a5, 64            : IntAlu :  D=0x000000000007d010
1400000: system.cpu: T0 : 0x290c2    : bne a2, a5, -20            : IntAlu : 
1400500: system.cpu: T0 : 0x290ae    : c_sd a4, 0(a5)             : MemWrite :  D=0x0000000000000000 A=0x7d010
1401000: system.cpu: T0 : 0x290b0    : c_sd a4, 8(a5)             : MemWrite :  D=0x0000000000000000 A=0x7d018
1401500: system.cpu: T0 : 0x290b2    : c_sd a4, 16(a5)            : MemWrite :  D=0x0000000000000000 A=0x7d020
1402000: system.cpu: T0 : 0x290b4    : c_sd a4, 24(a5)            : MemWrite :  D=0x0000000000000000 A=0x7d028
1402500: system.cpu: T0 : 0x290b6    : c_sd a4, 32(a5)            : MemWrite :  D=0x0000000000000000 A=0x7d030
1403000: system.cpu: T0 : 0x290b8    : c_sd a4, 40(a5)            : MemWrite :  D=0x0000000000000000 A=0x7d038
1403500: system.cpu: T0 : 0x290ba    : c_sd a4, 48(a5)            : MemWrite :  D=0x0000000000000000 A=0x7d040
1404000: system.cpu: T0 : 0x290bc    : c_sd a4, 56(a5)            : MemWrite :  D=0x0000000000000000 A=0x7d048
1405000: system.cpu: T0 : 0x290be    : addi a5, a5, 64            : IntAlu :  D=0x000000000007d050
1406000: system.cpu: T0 : 0x290c2    : bne a2, a5, -20            : IntAlu : 
1406500: system.cpu: T0 : 0x290ae    : c_sd a4, 0(a5)             : MemWrite :  D=0x0000000000000000 A=0x7d050
1407000: system.cpu: T0 : 0x290b0    : c_sd a4, 8(a5)             : MemWrite :  D=0x0000000000000000 A=0x7d058
1407500: system.cpu: T0 : 0x290b2    : c_sd a4, 16(a5)            : MemWrite :  D=0x0000000000000000 A=0x7d060
1408000: system.cpu: T0 : 0x290b4    : c_sd a4, 24(a5)            : MemWrite :  D=0x0000000000000000 A=0x7d068
1408500: system.cpu: T0 : 0x290b6    : c_sd a4, 32(a5)            : MemWrite :  D=0x0000000000000000 A=0x7d070
1409000: system.cpu: T0 : 0x290b8    : c_sd a4, 40(a5)            : MemWrite :  D=0x0000000000000000 A=0x7d078
1409500: system.cpu: T0 : 0x290ba    : c_sd a4, 48(a5)            : MemWrite :  D=0x0000000000000000 A=0x7d080
1410000: system.cpu: T0 : 0x290bc    : c_sd a4, 56(a5)            : MemWrite :  D=0x0000000000000000 A=0x7d088
1411000: system.cpu: T0 : 0x290be    : addi a5, a5, 64            : IntAlu :  D=0x000000000007d090
1412000: system.cpu: T0 : 0x290c2    : bne a2, a5, -20            : IntAlu : 
1412500: system.cpu: T0 : 0x290ae    : c_sd a4, 0(a5)             : MemWrite :  D=0x0000000000000000 A=0x7d090
1413000: system.cpu: T0 : 0x290b0    : c_sd a4, 8(a5)             : MemWrite :  D=0x0000000000000000 A=0x7d098
1413500: system.cpu: T0 : 0x290b2    : c_sd a4, 16(a5)            : MemWrite :  D=0x0000000000000000 A=0x7d0a0
1414000: system.cpu: T0 : 0x290b4    : c_sd a4, 24(a5)            : MemWrite :  D=0x0000000000000000 A=0x7d0a8
1414500: system.cpu: T0 : 0x290b6    : c_sd a4, 32(a5)            : MemWrite :  D=0x0000000000000000 A=0x7d0b0
1415000: system.cpu: T0 : 0x290b8    : c_sd a4, 40(a5)            : MemWrite :  D=0x0000000000000000 A=0x7d0b8
1415500: system.cpu: T0 : 0x290ba    : c_sd a4, 48(a5)            : MemWrite :  D=0x0000000000000000 A=0x7d0c0
1416000: system.cpu: T0 : 0x290bc    : c_sd a4, 56(a5)            : MemWrite :  D=0x0000000000000000 A=0x7d0c8
1417000: system.cpu: T0 : 0x290be    : addi a5, a5, 64            : IntAlu :  D=0x000000000007d0d0
1418000: system.cpu: T0 : 0x290c2    : bne a2, a5, -20            : IntAlu : 
1418500: system.cpu: T0 : 0x290ae    : c_sd a4, 0(a5)             : MemWrite :  D=0x0000000000000000 A=0x7d0d0
1419000: system.cpu: T0 : 0x290b0    : c_sd a4, 8(a5)             : MemWrite :  D=0x0000000000000000 A=0x7d0d8
1419500: system.cpu: T0 : 0x290b2    : c_sd a4, 16(a5)            : MemWrite :  D=0x0000000000000000 A=0x7d0e0
1420000: system.cpu: T0 : 0x290b4    : c_sd a4, 24(a5)            : MemWrite :  D=0x0000000000000000 A=0x7d0e8
1420500: system.cpu: T0 : 0x290b6    : c_sd a4, 32(a5)            : MemWrite :  D=0x0000000000000000 A=0x7d0f0
1421000: system.cpu: T0 : 0x290b8    : c_sd a4, 40(a5)            : MemWrite :  D=0x0000000000000000 A=0x7d0f8
1421500: system.cpu: T0 : 0x290ba    : c_sd a4, 48(a5)            : MemWrite :  D=0x0000000000000000 A=0x7d100
1422000: system.cpu: T0 : 0x290bc    : c_sd a4, 56(a5)            : MemWrite :  D=0x0000000000000000 A=0x7d108
1423000: system.cpu: T0 : 0x290be    : addi a5, a5, 64            : IntAlu :  D=0x000000000007d110
1424000: system.cpu: T0 : 0x290c2    : bne a2, a5, -20            : IntAlu : 
1424500: system.cpu: T0 : 0x290ae    : c_sd a4, 0(a5)             : MemWrite :  D=0x0000000000000000 A=0x7d110
1425000: system.cpu: T0 : 0x290b0    : c_sd a4, 8(a5)             : MemWrite :  D=0x0000000000000000 A=0x7d118
1425500: system.cpu: T0 : 0x290b2    : c_sd a4, 16(a5)            : MemWrite :  D=0x0000000000000000 A=0x7d120
1426000: system.cpu: T0 : 0x290b4    : c_sd a4, 24(a5)            : MemWrite :  D=0x0000000000000000 A=0x7d128
1426500: system.cpu: T0 : 0x290b6    : c_sd a4, 32(a5)            : MemWrite :  D=0x0000000000000000 A=0x7d130
1427000: system.cpu: T0 : 0x290b8    : c_sd a4, 40(a5)            : MemWrite :  D=0x0000000000000000 A=0x7d138
1427500: system.cpu: T0 : 0x290ba    : c_sd a4, 48(a5)            : MemWrite :  D=0x0000000000000000 A=0x7d140
1428000: system.cpu: T0 : 0x290bc    : c_sd a4, 56(a5)            : MemWrite :  D=0x0000000000000000 A=0x7d148
1429000: system.cpu: T0 : 0x290be    : addi a5, a5, 64            : IntAlu :  D=0x000000000007d150
1430000: system.cpu: T0 : 0x290c2    : bne a2, a5, -20            : IntAlu : 
1430500: system.cpu: T0 : 0x290ae    : c_sd a4, 0(a5)             : MemWrite :  D=0x0000000000000000 A=0x7d150
1431000: system.cpu: T0 : 0x290b0    : c_sd a4, 8(a5)             : MemWrite :  D=0x0000000000000000 A=0x7d158
1431500: system.cpu: T0 : 0x290b2    : c_sd a4, 16(a5)            : MemWrite :  D=0x0000000000000000 A=0x7d160
1432000: system.cpu: T0 : 0x290b4    : c_sd a4, 24(a5)            : MemWrite :  D=0x0000000000000000 A=0x7d168
1432500: system.cpu: T0 : 0x290b6    : c_sd a4, 32(a5)            : MemWrite :  D=0x0000000000000000 A=0x7d170
1433000: system.cpu: T0 : 0x290b8    : c_sd a4, 40(a5)            : MemWrite :  D=0x0000000000000000 A=0x7d178
1433500: system.cpu: T0 : 0x290ba    : c_sd a4, 48(a5)            : MemWrite :  D=0x0000000000000000 A=0x7d180
1434000: system.cpu: T0 : 0x290bc    : c_sd a4, 56(a5)            : MemWrite :  D=0x0000000000000000 A=0x7d188
1435000: system.cpu: T0 : 0x290be    : addi a5, a5, 64            : IntAlu :  D=0x000000000007d190
1436000: system.cpu: T0 : 0x290c2    : bne a2, a5, -20            : IntAlu : 
1436500: system.cpu: T0 : 0x290ae    : c_sd a4, 0(a5)             : MemWrite :  D=0x0000000000000000 A=0x7d190
1437000: system.cpu: T0 : 0x290b0    : c_sd a4, 8(a5)             : MemWrite :  D=0x0000000000000000 A=0x7d198
1437500: system.cpu: T0 : 0x290b2    : c_sd a4, 16(a5)            : MemWrite :  D=0x0000000000000000 A=0x7d1a0
1438000: system.cpu: T0 : 0x290b4    : c_sd a4, 24(a5)            : MemWrite :  D=0x0000000000000000 A=0x7d1a8
1438500: system.cpu: T0 : 0x290b6    : c_sd a4, 32(a5)            : MemWrite :  D=0x0000000000000000 A=0x7d1b0
1439000: system.cpu: T0 : 0x290b8    : c_sd a4, 40(a5)            : MemWrite :  D=0x0000000000000000 A=0x7d1b8
1439500: system.cpu: T0 : 0x290ba    : c_sd a4, 48(a5)            : MemWrite :  D=0x0000000000000000 A=0x7d1c0
1440000: system.cpu: T0 : 0x290bc    : c_sd a4, 56(a5)            : MemWrite :  D=0x0000000000000000 A=0x7d1c8
1441000: system.cpu: T0 : 0x290be    : addi a5, a5, 64            : IntAlu :  D=0x000000000007d1d0
1442000: system.cpu: T0 : 0x290c2    : bne a2, a5, -20            : IntAlu : 
1442500: system.cpu: T0 : 0x290ae    : c_sd a4, 0(a5)             : MemWrite :  D=0x0000000000000000 A=0x7d1d0
1443000: system.cpu: T0 : 0x290b0    : c_sd a4, 8(a5)             : MemWrite :  D=0x0000000000000000 A=0x7d1d8
1443500: system.cpu: T0 : 0x290b2    : c_sd a4, 16(a5)            : MemWrite :  D=0x0000000000000000 A=0x7d1e0
1444000: system.cpu: T0 : 0x290b4    : c_sd a4, 24(a5)            : MemWrite :  D=0x0000000000000000 A=0x7d1e8
1444500: system.cpu: T0 : 0x290b6    : c_sd a4, 32(a5)            : MemWrite :  D=0x0000000000000000 A=0x7d1f0
1445000: system.cpu: T0 : 0x290b8    : c_sd a4, 40(a5)            : MemWrite :  D=0x0000000000000000 A=0x7d1f8
1445500: system.cpu: T0 : 0x290ba    : c_sd a4, 48(a5)            : MemWrite :  D=0x0000000000000000 A=0x7d200
1446000: system.cpu: T0 : 0x290bc    : c_sd a4, 56(a5)            : MemWrite :  D=0x0000000000000000 A=0x7d208
1447000: system.cpu: T0 : 0x290be    : addi a5, a5, 64            : IntAlu :  D=0x000000000007d210
1448000: system.cpu: T0 : 0x290c2    : bne a2, a5, -20            : IntAlu : 
1449000: system.cpu: T0 : 0x290c6    : slli a5, a6, 6             : IntAlu :  D=0x0000000000000280
1449500: system.cpu: T0 : 0x290ca    : c_add a5, a7               : IntAlu :  D=0x000000000007d210
1450000: system.cpu: T0 : 0x290cc    : srli a6, a3, 3             : IntAlu :  D=0x0000000000000050
1450500: system.cpu: T0 : 0x290d0    : andi a6, a6, 7             : IntAlu :  D=0x0000000000000000
1451000: system.cpu: T0 : 0x290d4    : beq a6, zero, 26           : IntAlu : 
1452000: system.cpu: T0 : 0x290ee    : andi a2, a3, 7             : IntAlu :  D=0x0000000000000000
1453000: system.cpu: T0 : 0x290f2    : andi a1, a1, 255           : IntAlu :  D=0x0000000000000000
1454000: system.cpu: T0 : 0x290f6    : add a4, a5, a2             : IntAlu :  D=0x000000000007d210
1454500: system.cpu: T0 : 0x290fa    : c_beqz a2, 12              : IntAlu : 
1455000: system.cpu: T0 : 0x29106    : c_jr ra                    : IntAlu : 
1455500: system.cpu: T0 : 0x27124    : lui a5, 120                : IntAlu :  D=0x0000000000078000
1456000: system.cpu: T0 : 0x27128    : ld a5, 1456(a5)            : MemRead :  D=0x0000000000000040 A=0x785b0
1456500: system.cpu: T0 : 0x2712c    : bgeu s1, a5, -100          : IntAlu : 
1457000: system.cpu: T0 : 0x27130    : ld a4, 40(tp)              : MemRead :  D=0x000000000007cf90 A=0x7c738
1457500: system.cpu: T0 : 0x27134    : c_beqz a4, -108            : IntAlu : 
1458500: system.cpu: T0 : 0x27136    : slli a3, s1, 1             : IntAlu :  D=0x0000000000000002
1459000: system.cpu: T0 : 0x2713a    : c_add a3, a4               : IntAlu :  D=0x000000000007cf92
1459500: system.cpu: T0 : 0x2713c    : lhu a2, 0(a3)              : MemRead :  D=0x0000000000000000 A=0x7cf92
1460000: system.cpu: T0 : 0x27140    : c_beqz a2, -120            : IntAlu : 
1460500: system.cpu: T0 : 0x270c8    : lw a5, -1808(tp)           : MemRead :  D=0x0000000000000000 A=0x7c000
1461000: system.cpu: T0 : 0x270cc    : c_bnez a5, 210             : IntAlu : 
1462000: system.cpu: T0 : 0x270ce    : lui s1, 120                : IntAlu :  D=0x0000000000078000
1462500: system.cpu: T0 : 0x270d2    : c_mv a1, s0                : IntAlu :  D=0x0000000000000024
1463000: system.cpu: T0 : 0x270d4    : addi a0, s1, 1488          : IntAlu :  D=0x00000000000785d0
1463500: system.cpu: T0 : 0x270d8    : jal ra, -5236              : IntAlu :  D=0x00000000000270dc
1464000: system.cpu: T0 : 0x25c64    : c_addi16sp sp, -256        : IntAlu :  D=0x7ffffffffffffb00
1464500: system.cpu: T0 : 0x25c66    : c_sdsp ra, 248(sp)         : MemWrite :  D=0x00000000000270dc A=0x7ffffffffffffbf8
1465000: system.cpu: T0 : 0x25c68    : c_sdsp s0, 240(sp)         : MemWrite :  D=0x0000000000000024 A=0x7ffffffffffffbf0
1465500: system.cpu: T0 : 0x25c6a    : c_sdsp s1, 232(sp)         : MemWrite :  D=0x0000000000078000 A=0x7ffffffffffffbe8
1466000: system.cpu: T0 : 0x25c6c    : c_sdsp s2, 224(sp)         : MemWrite :  D=0x0000000000000002 A=0x7ffffffffffffbe0
1466500: system.cpu: T0 : 0x25c6e    : c_sdsp s3, 216(sp)         : MemWrite :  D=0x0000000000000000 A=0x7ffffffffffffbd8
1467000: system.cpu: T0 : 0x25c70    : c_sdsp s4, 208(sp)         : MemWrite :  D=0x0000000000000000 A=0x7ffffffffffffbd0
1467500: system.cpu: T0 : 0x25c72    : c_sdsp s5, 200(sp)         : MemWrite :  D=0x0000000000000000 A=0x7ffffffffffffbc8
1468000: system.cpu: T0 : 0x25c74    : c_sdsp s6, 192(sp)         : MemWrite :  D=0x000000000007b000 A=0x7ffffffffffffbc0
1468500: system.cpu: T0 : 0x25c76    : c_sdsp s7, 184(sp)         : MemWrite :  D=0x0000000000000000 A=0x7ffffffffffffbb8
1469000: system.cpu: T0 : 0x25c78    : c_sdsp s8, 176(sp)         : MemWrite :  D=0x0000000000000000 A=0x7ffffffffffffbb0
1469500: system.cpu: T0 : 0x25c7a    : c_sdsp s9, 168(sp)         : MemWrite :  D=0x0000000000000003 A=0x7ffffffffffffba8
1470000: system.cpu: T0 : 0x25c7c    : c_sdsp s10, 160(sp)        : MemWrite :  D=0x0000000000000000 A=0x7ffffffffffffba0
1470500: system.cpu: T0 : 0x25c7e    : c_sdsp s11, 152(sp)        : MemWrite :  D=0x0000000000000000 A=0x7ffffffffffffb98
1471000: system.cpu: T0 : 0x25c80    : blt a1, zero, 1198         : IntAlu : 
1471500: system.cpu: T0 : 0x25c84    : addi s0, a1, 23            : IntAlu :  D=0x000000000000003b
1472000: system.cpu: T0 : 0x25c88    : c_li a5, 31                : IntAlu :  D=0x000000000000001f
1472500: system.cpu: T0 : 0x25c8a    : c_mv s3, a1                : IntAlu :  D=0x0000000000000024
1473000: system.cpu: T0 : 0x25c8c    : c_mv s1, a0                : IntAlu :  D=0x00000000000785d0
1474000: system.cpu: T0 : 0x25c8e    : bltu a5, s0, 220           : IntAlu : 
1474500: system.cpu: T0 : 0x25d6a    : c_andi s0, 18446744073709551600 : IntAlu :  D=0x0000000000000030
1475000: system.cpu: T0 : 0x25d6c    : beq a0, zero, 988          : IntAlu : 
1475500: system.cpu: T0 : 0x25d70    : ld a4, -1376(gp)           : MemRead :  D=0x0000000000000080 A=0x79ae8
1476000: system.cpu: T0 : 0x25d74    : srliw s9, s0, 4            : IntAlu :  D=0x0000000000000003
1476500: system.cpu: T0 : 0x25d78    : srliw a5, s0, 4            : IntAlu :  D=0x0000000000000003
1477000: system.cpu: T0 : 0x25d7c    : bgeu a4, s0, 506           : IntAlu : 
1477500: system.cpu: T0 : 0x25f76    : c_addiw a5, -2             : IntAlu :  D=0x0000000000000001
1478000: system.cpu: T0 : 0x25f78    : slli a2, a5, 32            : IntAlu :  D=0x0000000100000000
1478500: system.cpu: T0 : 0x25f7c    : c_srli a2, 32              : IntAlu :  D=0x0000000000000001
1479000: system.cpu: T0 : 0x25f7e    : c_addi a2, 2               : IntAlu :  D=0x0000000000000003
1479500: system.cpu: T0 : 0x25f80    : c_slli a2, 3               : IntAlu :  D=0x0000000000000018
1480000: system.cpu: T0 : 0x25f82    : c_j -376                   : IntAlu : 
1480500: system.cpu: T0 : 0x25e0a    : c_slli a5, 32              : IntAlu :  D=0x0000000100000000
1481000: system.cpu: T0 : 0x25e0c    : c_srli a5, 29              : IntAlu :  D=0x0000000000000008
1481500: system.cpu: T0 : 0x25e0e    : c_add a5, s1               : IntAlu :  D=0x00000000000785d8
1482000: system.cpu: T0 : 0x25e10    : ld s2, 16(a5)              : MemRead :  D=0x0000000000000000 A=0x785e8
1482500: system.cpu: T0 : 0x25e14    : beq s2, zero, 170          : IntAlu : 
1483500: system.cpu: T0 : 0x25ebe    : addiw a5, s9, -1           : IntAlu :  D=0x0000000000000002
1484500: system.cpu: T0 : 0x25ec2    : slliw a5, a5, 1            : IntAlu :  D=0x0000000000000004
1485000: system.cpu: T0 : 0x25ec6    : c_slli a5, 32              : IntAlu :  D=0x0000000400000000
1485500: system.cpu: T0 : 0x25ec8    : c_srli a5, 32              : IntAlu :  D=0x0000000000000004
1486000: system.cpu: T0 : 0x25eca    : c_addi a5, 14              : IntAlu :  D=0x0000000000000012
1486500: system.cpu: T0 : 0x25ecc    : c_slli a5, 3               : IntAlu :  D=0x0000000000000090
1487000: system.cpu: T0 : 0x25ece    : c_j -550                   : IntAlu : 
1487500: system.cpu: T0 : 0x25ca8    : c_add a5, s1               : IntAlu :  D=0x0000000000078660
1488500: system.cpu: T0 : 0x25caa    : ld s2, 8(a5)               : MemRead :  D=0x0000000000078650 A=0x78668
1489500: system.cpu: T0 : 0x25cae    : addi a3, a5, -16           : IntAlu :  D=0x0000000000078650
1490500: system.cpu: T0 : 0x25cb2    : beq a3, s2, 748            : IntAlu : 
1491500: system.cpu: T0 : 0x25f9e    : srli t1, s0, 9             : IntAlu :  D=0x0000000000000000
1492500: system.cpu: T0 : 0x25fa2    : addiw a5, t1, 91           : IntAlu :  D=0x000000000000005b
1493500: system.cpu: T0 : 0x25fa6    : srli s10, s0, 6            : IntAlu :  D=0x0000000000000000
1494000: system.cpu: T0 : 0x25faa    : c_sdsp a5, 96(sp)          : MemWrite :  D=0x000000000000005b A=0x7ffffffffffffb60
1494500: system.cpu: T0 : 0x25fac    : addiw a5, s10, 48          : IntAlu :  D=0x0000000000000030
1495000: system.cpu: T0 : 0x25fb0    : c_sdsp a5, 88(sp)          : MemWrite :  D=0x0000000000000030 A=0x7ffffffffffffb58
1496000: system.cpu: T0 : 0x25fb2    : addi a5, zero, 110         : IntAlu :  D=0x000000000000006e
1496500: system.cpu: T0 : 0x25fb6    : c_sdsp a5, 112(sp)         : MemWrite :  D=0x000000000000006e A=0x7ffffffffffffb70
1497000: system.cpu: T0 : 0x25fb8    : addi a5, zero, 119         : IntAlu :  D=0x0000000000000077
1497500: system.cpu: T0 : 0x25fbc    : c_sdsp a5, 104(sp)         : MemWrite :  D=0x0000000000000077 A=0x7ffffffffffffb68
1498500: system.cpu: T0 : 0x25fbe    : addi a5, zero, 124         : IntAlu :  D=0x000000000000007c
1499000: system.cpu: T0 : 0x25fc2    : c_sdsp s9, 8(sp)           : MemWrite :  D=0x0000000000000003 A=0x7ffffffffffffb08
1499500: system.cpu: T0 : 0x25fc4    : c_sdsp a5, 120(sp)         : MemWrite :  D=0x000000000000007c A=0x7ffffffffffffb78
1500000: system.cpu: T0 : 0x25fc6    : c_sdsp zero, 128(sp)       : MemWrite :  D=0x0000000000000000 A=0x7ffffffffffffb80
1500500: system.cpu: T0 : 0x25fc8    : c_sdsp zero, 136(sp)       : MemWrite :  D=0x0000000000000000 A=0x7ffffffffffffb88
1501500: system.cpu: T0 : 0x25fca    : ld a5, 40(tp)              : MemRead :  D=0x000000000007cf90 A=0x7c738
1502500: system.cpu: T0 : 0x25fce    : addi s6, s0, -17           : IntAlu :  D=0x000000000000001f
1503500: system.cpu: T0 : 0x25fd2    : srli s6, s6, 4             : IntAlu :  D=0x0000000000000001
1504000: system.cpu: T0 : 0x25fd6    : c_li s5, 0                 : IntAlu :  D=0x0000000000000000
1504500: system.cpu: T0 : 0x25fd8    : c_beqz a5, 22              : IntAlu : 
1505500: system.cpu: T0 : 0x25fda    : lui a5, 120                : IntAlu :  D=0x0000000000078000
1506500: system.cpu: T0 : 0x25fde    : ld s5, 1456(a5)            : MemRead :  D=0x0000000000000040 A=0x785b0
1507500: system.cpu: T0 : 0x25fe2    : sltu s5, s6, s5            : IntAlu :  D=0x0000000000000001
1508500: system.cpu: T0 : 0x25fe6    : sub s5, zero, s5           : IntAlu :  D=0xffffffffffffffff
1509500: system.cpu: T0 : 0x25fea    : and s5, s0, s5             : IntAlu :  D=0x0000000000000030
1510500: system.cpu: T0 : 0x25fee    : lui a5, 120                : IntAlu :  D=0x0000000000078000
1511000: system.cpu: T0 : 0x25ff2    : c_lui s11, 1               : IntAlu :  D=0x0000000000001000
1511500: system.cpu: T0 : 0x25ff4    : lui s7, 120                : IntAlu :  D=0x0000000000078000
1512000: system.cpu: T0 : 0x25ff8    : addi a5, a5, 1488          : IntAlu :  D=0x00000000000785d0
1512500: system.cpu: T0 : 0x25ffc    : addi s8, s1, 96            : IntAlu :  D=0x0000000000078630
1513000: system.cpu: T0 : 0x26000    : c_li t5, 0                 : IntAlu :  D=0x0000000000000000
1514000: system.cpu: T0 : 0x26002    : addi s7, s7, 1376          : IntAlu :  D=0x0000000000078560
1515000: system.cpu: T0 : 0x26006    : add a7, s1, s11            : IntAlu :  D=0x00000000000795d0
1515500: system.cpu: T0 : 0x2600a    : c_sdsp a5, 56(sp)          : MemWrite :  D=0x00000000000785d0 A=0x7ffffffffffffb38
1516000: system.cpu: T0 : 0x2600c    : c_ld a5, 120(s1)           : MemRead :  D=0x0000000000078630 A=0x78648
1517000: system.cpu: T0 : 0x2600e    : beq a5, s8, 532            : IntAlu : 
1518000: system.cpu: T0 : 0x26222    : addi a5, zero, 1023        : IntAlu :  D=0x00000000000003ff
1519000: system.cpu: T0 : 0x26226    : bgeu a5, s0, 38            : IntAlu : 
1519500: system.cpu: T0 : 0x2624c    : c_ldsp a3, 8(sp)           : MemRead :  D=0x0000000000000003 A=0x7ffffffffffffb08
1520000: system.cpu: T0 : 0x2624e    : c_li a0, 4                 : IntAlu :  D=0x0000000000000004
1520500: system.cpu: T0 : 0x26250    : addiw a5, a3, 1            : IntAlu :  D=0x0000000000000004
1521000: system.cpu: T0 : 0x26254    : srliw a4, a5, 5            : IntAlu :  D=0x0000000000000000
1521500: system.cpu: T0 : 0x26258    : slliw a3, a3, 1            : IntAlu :  D=0x0000000000000006
1522000: system.cpu: T0 : 0x2625c    : addi a4, a4, 536           : IntAlu :  D=0x0000000000000218
1522500: system.cpu: T0 : 0x26260    : c_slli a3, 32              : IntAlu :  D=0x0000000600000000
1523000: system.cpu: T0 : 0x26262    : c_slli a4, 2               : IntAlu :  D=0x0000000000000860
1523500: system.cpu: T0 : 0x26264    : c_srli a3, 32              : IntAlu :  D=0x0000000000000006
1524000: system.cpu: T0 : 0x26266    : c_add a4, s1               : IntAlu :  D=0x0000000000078e30
1524500: system.cpu: T0 : 0x26268    : c_slli a3, 3               : IntAlu :  D=0x0000000000000030
1525000: system.cpu: T0 : 0x2626a    : c_lw a2, 0(a4)             : MemRead :  D=0x0000000000000000 A=0x78e30
1525500: system.cpu: T0 : 0x2626c    : addi a3, a3, 96            : IntAlu :  D=0x0000000000000090
1526000: system.cpu: T0 : 0x26270    : c_li a4, 1                 : IntAlu :  D=0x0000000000000001
1527000: system.cpu: T0 : 0x26272    : srliw s2, a5, 5            : IntAlu :  D=0x0000000000000000
1527500: system.cpu: T0 : 0x26276    : c_add a3, s1               : IntAlu :  D=0x0000000000078660
1528000: system.cpu: T0 : 0x26278    : sllw a5, a4, a5            : IntAlu :  D=0x0000000000000010
1528500: system.cpu: T0 : 0x2627c    : bltu a2, a5, 144           : IntAlu : 
1529000: system.cpu: T0 : 0x2630c    : addiw a5, s2, 1            : IntAlu :  D=0x0000000000000001
1529500: system.cpu: T0 : 0x26310    : addiw s2, a5, 0            : IntAlu :  D=0x0000000000000001
1530000: system.cpu: T0 : 0x26314    : bne s2, a0, -26            : IntAlu : 
1530500: system.cpu: T0 : 0x262fa    : c_slli a5, 32              : IntAlu :  D=0x0000000100000000
1531000: system.cpu: T0 : 0x262fc    : c_srli a5, 32              : IntAlu :  D=0x0000000000000001
1532000: system.cpu: T0 : 0x262fe    : addi a5, a5, 536           : IntAlu :  D=0x0000000000000219
1532500: system.cpu: T0 : 0x26302    : c_slli a5, 2               : IntAlu :  D=0x0000000000000864
1533000: system.cpu: T0 : 0x26304    : c_add a5, s1               : IntAlu :  D=0x0000000000078e34
1533500: system.cpu: T0 : 0x26306    : c_lw a2, 0(a5)             : MemRead :  D=0x0000000000000000 A=0x78e34
1534000: system.cpu: T0 : 0x26308    : bne a2, zero, 384          : IntAlu : 
1534500: system.cpu: T0 : 0x2630c    : addiw a5, s2, 1            : IntAlu :  D=0x0000000000000002
1535000: system.cpu: T0 : 0x26310    : addiw s2, a5, 0            : IntAlu :  D=0x0000000000000002
1535500: system.cpu: T0 : 0x26314    : bne s2, a0, -26            : IntAlu : 
1536000: system.cpu: T0 : 0x262fa    : c_slli a5, 32              : IntAlu :  D=0x0000000200000000
1536500: system.cpu: T0 : 0x262fc    : c_srli a5, 32              : IntAlu :  D=0x0000000000000002
1537500: system.cpu: T0 : 0x262fe    : addi a5, a5, 536           : IntAlu :  D=0x000000000000021a
1538000: system.cpu: T0 : 0x26302    : c_slli a5, 2               : IntAlu :  D=0x0000000000000868
1538500: system.cpu: T0 : 0x26304    : c_add a5, s1               : IntAlu :  D=0x0000000000078e38
1539000: system.cpu: T0 : 0x26306    : c_lw a2, 0(a5)             : MemRead :  D=0x0000000000000000 A=0x78e38
1539500: system.cpu: T0 : 0x26308    : bne a2, zero, 384          : IntAlu : 
1540000: system.cpu: T0 : 0x2630c    : addiw a5, s2, 1            : IntAlu :  D=0x0000000000000003
1540500: system.cpu: T0 : 0x26310    : addiw s2, a5, 0            : IntAlu :  D=0x0000000000000003
1541000: system.cpu: T0 : 0x26314    : bne s2, a0, -26            : IntAlu : 
1541500: system.cpu: T0 : 0x262fa    : c_slli a5, 32              : IntAlu :  D=0x0000000300000000
1542000: system.cpu: T0 : 0x262fc    : c_srli a5, 32              : IntAlu :  D=0x0000000000000003
1543000: system.cpu: T0 : 0x262fe    : addi a5, a5, 536           : IntAlu :  D=0x000000000000021b
1543500: system.cpu: T0 : 0x26302    : c_slli a5, 2               : IntAlu :  D=0x000000000000086c
1544000: system.cpu: T0 : 0x26304    : c_add a5, s1               : IntAlu :  D=0x0000000000078e3c
1544500: system.cpu: T0 : 0x26306    : c_lw a2, 0(a5)             : MemRead :  D=0x0000000000000000 A=0x78e3c
1545000: system.cpu: T0 : 0x26308    : bne a2, zero, 384          : IntAlu : 
1545500: system.cpu: T0 : 0x2630c    : addiw a5, s2, 1            : IntAlu :  D=0x0000000000000004
1546000: system.cpu: T0 : 0x26310    : addiw s2, a5, 0            : IntAlu :  D=0x0000000000000004
1546500: system.cpu: T0 : 0x26314    : bne s2, a0, -26            : IntAlu : 
1547000: system.cpu: T0 : 0x26318    : c_ld a4, 96(s1)            : MemRead :  D=0x000000000007d210 A=0x78630
1548000: system.cpu: T0 : 0x2631a    : ld a3, -1912(a7)           : MemRead :  D=0x0000000000021080 A=0x78e58
1548500: system.cpu: T0 : 0x2631e    : c_ld a5, 8(a4)             : MemRead :  D=0x0000000000020df1 A=0x7d218
1549000: system.cpu: T0 : 0x26320    : c_andi a5, 18446744073709551608 : IntAlu :  D=0x0000000000020df0
1550000: system.cpu: T0 : 0x26322    : bltu a3, a5, 548           : IntAlu : 
1551000: system.cpu: T0 : 0x26326    : addi a3, s0, 32            : IntAlu :  D=0x0000000000000050
1552000: system.cpu: T0 : 0x2632a    : bgeu a5, a3, 640           : IntAlu : 
1553000: system.cpu: T0 : 0x265aa    : add a0, a4, s0             : IntAlu :  D=0x000000000007d240
1554000: system.cpu: T0 : 0x265ae    : lui a2, 120                : IntAlu :  D=0x0000000000078000
1554500: system.cpu: T0 : 0x265b2    : c_sd a0, 96(s1)            : MemWrite :  D=0x000000000007d240 A=0x78630
1555000: system.cpu: T0 : 0x265b4    : addi a2, a2, 1488          : IntAlu :  D=0x00000000000785d0
1555500: system.cpu: T0 : 0x265b8    : c_sub a5, s0               : IntAlu :  D=0x0000000000020dc0
1556000: system.cpu: T0 : 0x265ba    : c_li a3, 4                 : IntAlu :  D=0x0000000000000004
1556500: system.cpu: T0 : 0x265bc    : beq s1, a2, 116            : IntAlu : 
1557000: system.cpu: T0 : 0x26630    : c_li a3, 0                 : IntAlu :  D=0x0000000000000000
1557500: system.cpu: T0 : 0x26632    : c_j -114                   : IntAlu : 
1558000: system.cpu: T0 : 0x265c0    : c_or a3, s0                : IntAlu :  D=0x0000000000000030
1559000: system.cpu: T0 : 0x265c2    : ori a3, a3, 1              : IntAlu :  D=0x0000000000000031
1560000: system.cpu: T0 : 0x265c6    : lw a1, -1396(gp)           : MemRead :  D=0x0000000000000000 A=0x79ad4
1560500: system.cpu: T0 : 0x265ca    : c_sd a3, 8(a4)             : MemWrite :  D=0x0000000000000031 A=0x7d218
1561000: system.cpu: T0 : 0x265cc    : ori a5, a5, 1              : IntAlu :  D=0x0000000000020dc1
1561500: system.cpu: T0 : 0x265d0    : c_sd a5, 8(a0)             : MemWrite :  D=0x0000000000020dc1 A=0x7d248
1562500: system.cpu: T0 : 0x265d2    : addi s2, a4, 16            : IntAlu :  D=0x000000000007d220
1563500: system.cpu: T0 : 0x265d6    : beq a1, zero, -1664        : IntAlu : 
1564000: system.cpu: T0 : 0x25f56    : c_ldsp ra, 248(sp)         : MemRead :  D=0x00000000000270dc A=0x7ffffffffffffbf8
1564500: system.cpu: T0 : 0x25f58    : c_ldsp s0, 240(sp)         : MemRead :  D=0x0000000000000024 A=0x7ffffffffffffbf0
1565000: system.cpu: T0 : 0x25f5a    : c_ldsp s1, 232(sp)         : MemRead :  D=0x0000000000078000 A=0x7ffffffffffffbe8
1565500: system.cpu: T0 : 0x25f5c    : c_ldsp s3, 216(sp)         : MemRead :  D=0x0000000000000000 A=0x7ffffffffffffbd8
1566000: system.cpu: T0 : 0x25f5e    : c_ldsp s4, 208(sp)         : MemRead :  D=0x0000000000000000 A=0x7ffffffffffffbd0
1566500: system.cpu: T0 : 0x25f60    : c_ldsp s5, 200(sp)         : MemRead :  D=0x0000000000000000 A=0x7ffffffffffffbc8
1567000: system.cpu: T0 : 0x25f62    : c_ldsp s6, 192(sp)         : MemRead :  D=0x000000000007b000 A=0x7ffffffffffffbc0
1567500: system.cpu: T0 : 0x25f64    : c_ldsp s7, 184(sp)         : MemRead :  D=0x0000000000000000 A=0x7ffffffffffffbb8
1568000: system.cpu: T0 : 0x25f66    : c_ldsp s8, 176(sp)         : MemRead :  D=0x0000000000000000 A=0x7ffffffffffffbb0
1568500: system.cpu: T0 : 0x25f68    : c_ldsp s9, 168(sp)         : MemRead :  D=0x0000000000000003 A=0x7ffffffffffffba8
1569000: system.cpu: T0 : 0x25f6a    : c_ldsp s10, 160(sp)        : MemRead :  D=0x0000000000000000 A=0x7ffffffffffffba0
1569500: system.cpu: T0 : 0x25f6c    : c_ldsp s11, 152(sp)        : MemRead :  D=0x0000000000000000 A=0x7ffffffffffffb98
1570000: system.cpu: T0 : 0x25f6e    : c_mv a0, s2                : IntAlu :  D=0x000000000007d220
1570500: system.cpu: T0 : 0x25f70    : c_ldsp s2, 224(sp)         : MemRead :  D=0x0000000000000002 A=0x7ffffffffffffbe0
1571000: system.cpu: T0 : 0x25f72    : c_addi16sp sp, 256         : IntAlu :  D=0x7ffffffffffffc00
1571500: system.cpu: T0 : 0x25f74    : c_jr ra                    : IntAlu : 
1572000: system.cpu: T0 : 0x270dc    : c_mv a5, a0                : IntAlu :  D=0x000000000007d220
1572500: system.cpu: T0 : 0x270de    : c_beqz a0, 150             : IntAlu : 
1573000: system.cpu: T0 : 0x270e0    : ld a4, -8(a0)              : MemRead :  D=0x0000000000000031 A=0x7d218
1573500: system.cpu: T0 : 0x270e4    : andi a3, a4, 2             : IntAlu :  D=0x0000000000000000
1574000: system.cpu: T0 : 0x270e8    : c_bnez a3, 26              : IntAlu : 
1574500: system.cpu: T0 : 0x270ea    : c_andi a4, 4               : IntAlu :  D=0x0000000000000000
1575000: system.cpu: T0 : 0x270ec    : c_beqz a4, 22              : IntAlu : 
1575500: system.cpu: T0 : 0x27102    : c_ldsp ra, 24(sp)          : MemRead :  D=0x0000000000047166 A=0x7ffffffffffffc18
1576000: system.cpu: T0 : 0x27104    : c_ldsp s0, 16(sp)          : MemRead :  D=0x7ffffffffffffcf0 A=0x7ffffffffffffc10
1576500: system.cpu: T0 : 0x27106    : c_ldsp s1, 8(sp)           : MemRead :  D=0x7ffffffffffffc20 A=0x7ffffffffffffc08
1577000: system.cpu: T0 : 0x27108    : c_ldsp s2, 0(sp)           : MemRead :  D=0x0000000000000002 A=0x7ffffffffffffc00
1577500: system.cpu: T0 : 0x2710a    : c_mv a0, a5                : IntAlu :  D=0x000000000007d220
1578000: system.cpu: T0 : 0x2710c    : c_addi16sp sp, 32          : IntAlu :  D=0x7ffffffffffffc20
1578500: system.cpu: T0 : 0x2710e    : c_jr ra                    : IntAlu : 
1579000: system.cpu: T0 : 0x47166    : c_mv s6, a0                : IntAlu :  D=0x000000000007d220
1579500: system.cpu: T0 : 0x47168    : addi a5, s9, 1             : IntAlu :  D=0x0000000000000004
1580000: system.cpu: T0 : 0x4716c    : c_bnez a0, 64              : IntAlu : 
1580500: system.cpu: T0 : 0x471ac    : c_ld a1, 0(s1)             : MemRead :  D=0x000000000006b540 A=0x7ffffffffffffc20
1581500: system.cpu: T0 : 0x471ae    : addi a0, a0, 32            : IntAlu :  D=0x000000000007d240
1582500: system.cpu: T0 : 0x471b2    : sd a5, 8(s6)               : MemWrite :  D=0x0000000000000004 A=0x7d228
1583500: system.cpu: T0 : 0x471b6    : sd a0, 0(s6)               : MemWrite :  D=0x000000000007d240 A=0x7d220
1584500: system.cpu: T0 : 0x471ba    : sd a0, 16(s6)              : MemWrite :  D=0x000000000007d240 A=0x7d230
1585500: system.cpu: T0 : 0x471be    : sd zero, 24(s6)            : MemWrite :  D=0x0000000000000000 A=0x7d238
1586000: system.cpu: T0 : 0x471c2    : c_mv a2, s9                : IntAlu :  D=0x0000000000000003
1586500: system.cpu: T0 : 0x471c4    : jal ra, -123064            : IntAlu :  D=0x00000000000471c8
1587000: system.cpu: T0 : 0x2910c    : c_addi sp, -16             : IntAlu :  D=0x7ffffffffffffc10
1587500: system.cpu: T0 : 0x2910e    : c_sdsp s0, 0(sp)           : MemWrite :  D=0x7ffffffffffffcf0 A=0x7ffffffffffffc10
1588000: system.cpu: T0 : 0x29110    : c_sdsp ra, 8(sp)           : MemWrite :  D=0x00000000000471c8 A=0x7ffffffffffffc18
1588500: system.cpu: T0 : 0x29112    : c_mv s0, a2                : IntAlu :  D=0x0000000000000003
1589000: system.cpu: T0 : 0x29114    : jal ra, 112                : IntAlu :  D=0x0000000000029118
1589500: system.cpu: T0 : 0x29184    : c_addi16sp sp, -48         : IntAlu :  D=0x7ffffffffffffbe0
1590000: system.cpu: T0 : 0x29186    : c_sdsp s0, 32(sp)          : MemWrite :  D=0x0000000000000003 A=0x7ffffffffffffc00
1590500: system.cpu: T0 : 0x29188    : c_sdsp s2, 16(sp)          : MemWrite :  D=0x0000000000000002 A=0x7ffffffffffffbf0
1591000: system.cpu: T0 : 0x2918a    : c_sdsp ra, 40(sp)          : MemWrite :  D=0x0000000000029118 A=0x7ffffffffffffc08
1591500: system.cpu: T0 : 0x2918c    : c_sdsp s1, 24(sp)          : MemWrite :  D=0x7ffffffffffffc20 A=0x7ffffffffffffbf8
1592000: system.cpu: T0 : 0x2918e    : c_sdsp s3, 8(sp)           : MemWrite :  D=0x0000000000000000 A=0x7ffffffffffffbe8
1592500: system.cpu: T0 : 0x29190    : c_li a5, 15                : IntAlu :  D=0x000000000000000f
1593000: system.cpu: T0 : 0x29192    : c_mv s2, a0                : IntAlu :  D=0x000000000007d240
1593500: system.cpu: T0 : 0x29194    : c_mv a4, a0                : IntAlu :  D=0x000000000007d240
1594000: system.cpu: T0 : 0x29196    : c_mv s0, a1                : IntAlu :  D=0x000000000006b540
1594500: system.cpu: T0 : 0x29198    : bgeu a5, a2, 72            : IntAlu : 
1595000: system.cpu: T0 : 0x291e0    : c_addi a4, -1              : IntAlu :  D=0x000000000007d23f
1595500: system.cpu: T0 : 0x291e2    : c_mv a5, s0                : IntAlu :  D=0x000000000006b540
1596000: system.cpu: T0 : 0x291e4    : add a1, a2, s0             : IntAlu :  D=0x000000000006b543
1596500: system.cpu: T0 : 0x291e8    : c_sub a4, s0               : IntAlu :  D=0x0000000000011cff
1597000: system.cpu: T0 : 0x291ea    : c_beqz a2, 20              : IntAlu : 
1597500: system.cpu: T0 : 0x291ec    : lbu a2, 0(a5)              : MemRead :  D=0x0000000000000074 A=0x6b540
1598000: system.cpu: T0 : 0x291f0    : c_addi a5, 1               : IntAlu :  D=0x000000000006b541
1599000: system.cpu: T0 : 0x291f2    : add a3, a4, a5             : IntAlu :  D=0x000000000007d240
1600000: system.cpu: T0 : 0x291f6    : sb a2, 0(a3)               : MemWrite :  D=0x0000000000000074 A=0x7d240
1601000: system.cpu: T0 : 0x291fa    : bne a1, a5, -14            : IntAlu : 
1601500: system.cpu: T0 : 0x291ec    : lbu a2, 0(a5)              : MemRead :  D=0x000000000000006c A=0x6b541
1602000: system.cpu: T0 : 0x291f0    : c_addi a5, 1               : IntAlu :  D=0x000000000006b542
1603000: system.cpu: T0 : 0x291f2    : add a3, a4, a5             : IntAlu :  D=0x000000000007d241
1604000: system.cpu: T0 : 0x291f6    : sb a2, 0(a3)               : MemWrite :  D=0x000000000000006c A=0x7d241
1605000: system.cpu: T0 : 0x291fa    : bne a1, a5, -14            : IntAlu : 
1605500: system.cpu: T0 : 0x291ec    : lbu a2, 0(a5)              : MemRead :  D=0x0000000000000073 A=0x6b542
1606000: system.cpu: T0 : 0x291f0    : c_addi a5, 1               : IntAlu :  D=0x000000000006b543
1607000: system.cpu: T0 : 0x291f2    : add a3, a4, a5             : IntAlu :  D=0x000000000007d242
1608000: system.cpu: T0 : 0x291f6    : sb a2, 0(a3)               : MemWrite :  D=0x0000000000000073 A=0x7d242
1609000: system.cpu: T0 : 0x291fa    : bne a1, a5, -14            : IntAlu : 
1609500: system.cpu: T0 : 0x291fe    : c_ldsp ra, 40(sp)          : MemRead :  D=0x0000000000029118 A=0x7ffffffffffffc08
1610000: system.cpu: T0 : 0x29200    : c_ldsp s0, 32(sp)          : MemRead :  D=0x0000000000000003 A=0x7ffffffffffffc00
1610500: system.cpu: T0 : 0x29202    : c_ldsp s1, 24(sp)          : MemRead :  D=0x7ffffffffffffc20 A=0x7ffffffffffffbf8
1611000: system.cpu: T0 : 0x29204    : c_ldsp s3, 8(sp)           : MemRead :  D=0x0000000000000000 A=0x7ffffffffffffbe8
1611500: system.cpu: T0 : 0x29206    : c_mv a0, s2                : IntAlu :  D=0x000000000007d240
1612000: system.cpu: T0 : 0x29208    : c_ldsp s2, 16(sp)          : MemRead :  D=0x0000000000000002 A=0x7ffffffffffffbf0
1612500: system.cpu: T0 : 0x2920a    : c_addi16sp sp, 48          : IntAlu :  D=0x7ffffffffffffc10
1613000: system.cpu: T0 : 0x2920c    : c_jr ra                    : IntAlu : 
1613500: system.cpu: T0 : 0x29118    : c_ldsp ra, 8(sp)           : MemRead :  D=0x00000000000471c8 A=0x7ffffffffffffc18
1614000: system.cpu: T0 : 0x2911a    : c_add a0, s0               : IntAlu :  D=0x000000000007d243
1614500: system.cpu: T0 : 0x2911c    : c_ldsp s0, 0(sp)           : MemRead :  D=0x7ffffffffffffcf0 A=0x7ffffffffffffc10
1615000: system.cpu: T0 : 0x2911e    : c_addi sp, 16              : IntAlu :  D=0x7ffffffffffffc20
1615500: system.cpu: T0 : 0x29120    : c_jr ra                    : IntAlu : 
1616000: system.cpu: T0 : 0x471c8    : ld a4, -136(s0)            : MemRead :  D=0x0000000000077fd0 A=0x7ffffffffffffc68
1616500: system.cpu: T0 : 0x471cc    : addi a5, zero, 47          : IntAlu :  D=0x000000000000002f
1617000: system.cpu: T0 : 0x471d0    : sb a5, 0(a0)               : MemWrite :  D=0x000000000000002f A=0x7d243
1617500: system.cpu: T0 : 0x471d4    : sd s2, 0(a4)               : MemWrite :  D=0x0000000000000002 A=0x77fd0
1618000: system.cpu: T0 : 0x471d8    : ld a5, 8(s6)               : MemRead :  D=0x0000000000000004 A=0x7d228
1618500: system.cpu: T0 : 0x471dc    : ld a4, -160(s0)            : MemRead :  D=0x0000000000077fc8 A=0x7ffffffffffffc50
1619000: system.cpu: T0 : 0x471e0    : c_sd a5, 0(a4)             : MemWrite :  D=0x0000000000000004 A=0x77fc8
1619500: system.cpu: T0 : 0x471e2    : c_j -178                   : IntAlu : 
1620000: system.cpu: T0 : 0x47130    : addi sp, s0, -192          : IntAlu :  D=0x7ffffffffffffc30
1620500: system.cpu: T0 : 0x47134    : c_ldsp ra, 184(sp)         : MemRead :  D=0x00000000000446a0 A=0x7ffffffffffffce8
1621000: system.cpu: T0 : 0x47136    : c_mv a0, s6                : IntAlu :  D=0x000000000007d220
1621500: system.cpu: T0 : 0x47138    : c_ldsp s0, 176(sp)         : MemRead :  D=0x7ffffffffffffd30 A=0x7ffffffffffffce0
1622000: system.cpu: T0 : 0x4713a    : c_ldsp s1, 168(sp)         : MemRead :  D=0x0000000000078e68 A=0x7ffffffffffffcd8
1622500: system.cpu: T0 : 0x4713c    : c_ldsp s2, 160(sp)         : MemRead :  D=0x0000000000000000 A=0x7ffffffffffffcd0
1623000: system.cpu: T0 : 0x4713e    : c_ldsp s3, 152(sp)         : MemRead :  D=0x0000000000077fc0 A=0x7ffffffffffffcc8
1623500: system.cpu: T0 : 0x47140    : c_ldsp s4, 144(sp)         : MemRead :  D=0x0000000000079000 A=0x7ffffffffffffcc0
1624000: system.cpu: T0 : 0x47142    : c_ldsp s5, 136(sp)         : MemRead :  D=0x000000000007b000 A=0x7ffffffffffffcb8
1624500: system.cpu: T0 : 0x47144    : c_ldsp s6, 128(sp)         : MemRead :  D=0x000000000007b000 A=0x7ffffffffffffcb0
1625000: system.cpu: T0 : 0x47146    : c_ldsp s7, 120(sp)         : MemRead :  D=0x0000000000000000 A=0x7ffffffffffffca8
1625500: system.cpu: T0 : 0x47148    : c_ldsp s8, 112(sp)         : MemRead :  D=0x0000000000000000 A=0x7ffffffffffffca0
1626000: system.cpu: T0 : 0x4714a    : c_ldsp s9, 104(sp)         : MemRead :  D=0x0000000000000000 A=0x7ffffffffffffc98
1626500: system.cpu: T0 : 0x4714c    : c_ldsp s10, 96(sp)         : MemRead :  D=0x0000000000000000 A=0x7ffffffffffffc90
1627000: system.cpu: T0 : 0x4714e    : c_ldsp s11, 88(sp)         : MemRead :  D=0x0000000000000000 A=0x7ffffffffffffc88
1627500: system.cpu: T0 : 0x47150    : c_addi16sp sp, 192         : IntAlu :  D=0x7ffffffffffffcf0
1628000: system.cpu: T0 : 0x47152    : c_jr ra                    : IntAlu : 
1628500: system.cpu: T0 : 0x446a0    : c_mv a5, a0                : IntAlu :  D=0x000000000007d220
1629500: system.cpu: T0 : 0x446a2    : addi a0, zero, 40          : IntAlu :  D=0x0000000000000028
1630500: system.cpu: T0 : 0x446a6    : sd a5, 24(s3)              : MemWrite :  D=0x000000000007d220 A=0x77fd8
1631500: system.cpu: T0 : 0x446aa    : jal ra, -120344            : IntAlu :  D=0x00000000000446ae
1632500: system.cpu: T0 : 0x27092    : ld t1, -1848(gp)           : MemRead :  D=0x0000000000000000 A=0x79910
1633500: system.cpu: T0 : 0x27096    : bne t1, zero, 260          : IntAlu : 
1634000: system.cpu: T0 : 0x2709a    : c_addi sp, -32             : IntAlu :  D=0x7ffffffffffffcd0
1634500: system.cpu: T0 : 0x2709c    : c_sdsp s0, 16(sp)          : MemWrite :  D=0x7ffffffffffffd30 A=0x7ffffffffffffce0
1635000: system.cpu: T0 : 0x2709e    : c_sdsp ra, 24(sp)          : MemWrite :  D=0x00000000000446ae A=0x7ffffffffffffce8
1635500: system.cpu: T0 : 0x270a0    : c_sdsp s1, 8(sp)           : MemWrite :  D=0x0000000000078e68 A=0x7ffffffffffffcd8
1636000: system.cpu: T0 : 0x270a2    : c_sdsp s2, 0(sp)           : MemWrite :  D=0x0000000000000000 A=0x7ffffffffffffcd0
1636500: system.cpu: T0 : 0x270a4    : c_mv s0, a0                : IntAlu :  D=0x0000000000000028
1637500: system.cpu: T0 : 0x270a6    : blt a0, zero, 222          : IntAlu : 
1638500: system.cpu: T0 : 0x270aa    : addi a5, a0, 23            : IntAlu :  D=0x000000000000003f
1639000: system.cpu: T0 : 0x270ae    : c_li a4, 31                : IntAlu :  D=0x000000000000001f
1639500: system.cpu: T0 : 0x270b0    : c_li s1, 0                 : IntAlu :  D=0x0000000000000000
1640500: system.cpu: T0 : 0x270b2    : bltu a4, a5, 94            : IntAlu : 
1641000: system.cpu: T0 : 0x27110    : c_andi a5, 18446744073709551600 : IntAlu :  D=0x0000000000000030
1641500: system.cpu: T0 : 0x27112    : c_addi a5, -17             : IntAlu :  D=0x000000000000001f
1642000: system.cpu: T0 : 0x27114    : srli s1, a5, 4             : IntAlu :  D=0x0000000000000001
1642500: system.cpu: T0 : 0x27118    : c_j -98                    : IntAlu : 
1643500: system.cpu: T0 : 0x270b6    : ld a4, 40(tp)              : MemRead :  D=0x000000000007cf90 A=0x7c738
1644000: system.cpu: T0 : 0x270ba    : c_beqz a4, 96              : IntAlu : 
1644500: system.cpu: T0 : 0x270bc    : lui a5, 120                : IntAlu :  D=0x0000000000078000
1645000: system.cpu: T0 : 0x270c0    : ld a5, 1456(a5)            : MemRead :  D=0x0000000000000040 A=0x785b0
1645500: system.cpu: T0 : 0x270c4    : bltu s1, a5, 114           : IntAlu : 
1646500: system.cpu: T0 : 0x27136    : slli a3, s1, 1             : IntAlu :  D=0x0000000000000002
1647000: system.cpu: T0 : 0x2713a    : c_add a3, a4               : IntAlu :  D=0x000000000007cf92
1647500: system.cpu: T0 : 0x2713c    : lhu a2, 0(a3)              : MemRead :  D=0x0000000000000000 A=0x7cf92
1648000: system.cpu: T0 : 0x27140    : c_beqz a2, -120            : IntAlu : 
1648500: system.cpu: T0 : 0x270c8    : lw a5, -1808(tp)           : MemRead :  D=0x0000000000000000 A=0x7c000
1649000: system.cpu: T0 : 0x270cc    : c_bnez a5, 210             : IntAlu : 
1650000: system.cpu: T0 : 0x270ce    : lui s1, 120                : IntAlu :  D=0x0000000000078000
1650500: system.cpu: T0 : 0x270d2    : c_mv a1, s0                : IntAlu :  D=0x0000000000000028
1651000: system.cpu: T0 : 0x270d4    : addi a0, s1, 1488          : IntAlu :  D=0x00000000000785d0
1651500: system.cpu: T0 : 0x270d8    : jal ra, -5236              : IntAlu :  D=0x00000000000270dc
1652000: system.cpu: T0 : 0x25c64    : c_addi16sp sp, -256        : IntAlu :  D=0x7ffffffffffffbd0
1652500: system.cpu: T0 : 0x25c66    : c_sdsp ra, 248(sp)         : MemWrite :  D=0x00000000000270dc A=0x7ffffffffffffcc8
1653000: system.cpu: T0 : 0x25c68    : c_sdsp s0, 240(sp)         : MemWrite :  D=0x0000000000000028 A=0x7ffffffffffffcc0
1653500: system.cpu: T0 : 0x25c6a    : c_sdsp s1, 232(sp)         : MemWrite :  D=0x0000000000078000 A=0x7ffffffffffffcb8
1654000: system.cpu: T0 : 0x25c6c    : c_sdsp s2, 224(sp)         : MemWrite :  D=0x0000000000000000 A=0x7ffffffffffffcb0
1654500: system.cpu: T0 : 0x25c6e    : c_sdsp s3, 216(sp)         : MemWrite :  D=0x0000000000077fc0 A=0x7ffffffffffffca8
1655000: system.cpu: T0 : 0x25c70    : c_sdsp s4, 208(sp)         : MemWrite :  D=0x0000000000079000 A=0x7ffffffffffffca0
1655500: system.cpu: T0 : 0x25c72    : c_sdsp s5, 200(sp)         : MemWrite :  D=0x000000000007b000 A=0x7ffffffffffffc98
1656000: system.cpu: T0 : 0x25c74    : c_sdsp s6, 192(sp)         : MemWrite :  D=0x000000000007b000 A=0x7ffffffffffffc90
1656500: system.cpu: T0 : 0x25c76    : c_sdsp s7, 184(sp)         : MemWrite :  D=0x0000000000000000 A=0x7ffffffffffffc88
1657000: system.cpu: T0 : 0x25c78    : c_sdsp s8, 176(sp)         : MemWrite :  D=0x0000000000000000 A=0x7ffffffffffffc80
1657500: system.cpu: T0 : 0x25c7a    : c_sdsp s9, 168(sp)         : MemWrite :  D=0x0000000000000000 A=0x7ffffffffffffc78
1658000: system.cpu: T0 : 0x25c7c    : c_sdsp s10, 160(sp)        : MemWrite :  D=0x0000000000000000 A=0x7ffffffffffffc70
1658500: system.cpu: T0 : 0x25c7e    : c_sdsp s11, 152(sp)        : MemWrite :  D=0x0000000000000000 A=0x7ffffffffffffc68
1659000: system.cpu: T0 : 0x25c80    : blt a1, zero, 1198         : IntAlu : 
1659500: system.cpu: T0 : 0x25c84    : addi s0, a1, 23            : IntAlu :  D=0x000000000000003f
1660000: system.cpu: T0 : 0x25c88    : c_li a5, 31                : IntAlu :  D=0x000000000000001f
1660500: system.cpu: T0 : 0x25c8a    : c_mv s3, a1                : IntAlu :  D=0x0000000000000028
1661000: system.cpu: T0 : 0x25c8c    : c_mv s1, a0                : IntAlu :  D=0x00000000000785d0
1662000: system.cpu: T0 : 0x25c8e    : bltu a5, s0, 220           : IntAlu : 
1662500: system.cpu: T0 : 0x25d6a    : c_andi s0, 18446744073709551600 : IntAlu :  D=0x0000000000000030
1663000: system.cpu: T0 : 0x25d6c    : beq a0, zero, 988          : IntAlu : 
1663500: system.cpu: T0 : 0x25d70    : ld a4, -1376(gp)           : MemRead :  D=0x0000000000000080 A=0x79ae8
1664000: system.cpu: T0 : 0x25d74    : srliw s9, s0, 4            : IntAlu :  D=0x0000000000000003
1664500: system.cpu: T0 : 0x25d78    : srliw a5, s0, 4            : IntAlu :  D=0x0000000000000003
1665000: system.cpu: T0 : 0x25d7c    : bgeu a4, s0, 506           : IntAlu : 
1665500: system.cpu: T0 : 0x25f76    : c_addiw a5, -2             : IntAlu :  D=0x0000000000000001
1666000: system.cpu: T0 : 0x25f78    : slli a2, a5, 32            : IntAlu :  D=0x0000000100000000
1666500: system.cpu: T0 : 0x25f7c    : c_srli a2, 32              : IntAlu :  D=0x0000000000000001
1667000: system.cpu: T0 : 0x25f7e    : c_addi a2, 2               : IntAlu :  D=0x0000000000000003
1667500: system.cpu: T0 : 0x25f80    : c_slli a2, 3               : IntAlu :  D=0x0000000000000018
1668000: system.cpu: T0 : 0x25f82    : c_j -376                   : IntAlu : 
1668500: system.cpu: T0 : 0x25e0a    : c_slli a5, 32              : IntAlu :  D=0x0000000100000000
1669000: system.cpu: T0 : 0x25e0c    : c_srli a5, 29              : IntAlu :  D=0x0000000000000008
1669500: system.cpu: T0 : 0x25e0e    : c_add a5, s1               : IntAlu :  D=0x00000000000785d8
1670000: system.cpu: T0 : 0x25e10    : ld s2, 16(a5)              : MemRead :  D=0x0000000000000000 A=0x785e8
1670500: system.cpu: T0 : 0x25e14    : beq s2, zero, 170          : IntAlu : 
1671500: system.cpu: T0 : 0x25ebe    : addiw a5, s9, -1           : IntAlu :  D=0x0000000000000002
1672500: system.cpu: T0 : 0x25ec2    : slliw a5, a5, 1            : IntAlu :  D=0x0000000000000004
1673000: system.cpu: T0 : 0x25ec6    : c_slli a5, 32              : IntAlu :  D=0x0000000400000000
1673500: system.cpu: T0 : 0x25ec8    : c_srli a5, 32              : IntAlu :  D=0x0000000000000004
1674000: system.cpu: T0 : 0x25eca    : c_addi a5, 14              : IntAlu :  D=0x0000000000000012
1674500: system.cpu: T0 : 0x25ecc    : c_slli a5, 3               : IntAlu :  D=0x0000000000000090
1675000: system.cpu: T0 : 0x25ece    : c_j -550                   : IntAlu : 
1675500: system.cpu: T0 : 0x25ca8    : c_add a5, s1               : IntAlu :  D=0x0000000000078660
1676500: system.cpu: T0 : 0x25caa    : ld s2, 8(a5)               : MemRead :  D=0x0000000000078650 A=0x78668
1677500: system.cpu: T0 : 0x25cae    : addi a3, a5, -16           : IntAlu :  D=0x0000000000078650
1678500: system.cpu: T0 : 0x25cb2    : beq a3, s2, 748            : IntAlu : 
1679500: system.cpu: T0 : 0x25f9e    : srli t1, s0, 9             : IntAlu :  D=0x0000000000000000
1680500: system.cpu: T0 : 0x25fa2    : addiw a5, t1, 91           : IntAlu :  D=0x000000000000005b
1681500: system.cpu: T0 : 0x25fa6    : srli s10, s0, 6            : IntAlu :  D=0x0000000000000000
1682000: system.cpu: T0 : 0x25faa    : c_sdsp a5, 96(sp)          : MemWrite :  D=0x000000000000005b A=0x7ffffffffffffc30
1682500: system.cpu: T0 : 0x25fac    : addiw a5, s10, 48          : IntAlu :  D=0x0000000000000030
1683000: system.cpu: T0 : 0x25fb0    : c_sdsp a5, 88(sp)          : MemWrite :  D=0x0000000000000030 A=0x7ffffffffffffc28
1684000: system.cpu: T0 : 0x25fb2    : addi a5, zero, 110         : IntAlu :  D=0x000000000000006e
1684500: system.cpu: T0 : 0x25fb6    : c_sdsp a5, 112(sp)         : MemWrite :  D=0x000000000000006e A=0x7ffffffffffffc40
1685000: system.cpu: T0 : 0x25fb8    : addi a5, zero, 119         : IntAlu :  D=0x0000000000000077
1685500: system.cpu: T0 : 0x25fbc    : c_sdsp a5, 104(sp)         : MemWrite :  D=0x0000000000000077 A=0x7ffffffffffffc38
1686500: system.cpu: T0 : 0x25fbe    : addi a5, zero, 124         : IntAlu :  D=0x000000000000007c
1687000: system.cpu: T0 : 0x25fc2    : c_sdsp s9, 8(sp)           : MemWrite :  D=0x0000000000000003 A=0x7ffffffffffffbd8
1687500: system.cpu: T0 : 0x25fc4    : c_sdsp a5, 120(sp)         : MemWrite :  D=0x000000000000007c A=0x7ffffffffffffc48
1688000: system.cpu: T0 : 0x25fc6    : c_sdsp zero, 128(sp)       : MemWrite :  D=0x0000000000000000 A=0x7ffffffffffffc50
1688500: system.cpu: T0 : 0x25fc8    : c_sdsp zero, 136(sp)       : MemWrite :  D=0x0000000000000000 A=0x7ffffffffffffc58
1689500: system.cpu: T0 : 0x25fca    : ld a5, 40(tp)              : MemRead :  D=0x000000000007cf90 A=0x7c738
1690500: system.cpu: T0 : 0x25fce    : addi s6, s0, -17           : IntAlu :  D=0x000000000000001f
1691500: system.cpu: T0 : 0x25fd2    : srli s6, s6, 4             : IntAlu :  D=0x0000000000000001
1692000: system.cpu: T0 : 0x25fd6    : c_li s5, 0                 : IntAlu :  D=0x0000000000000000
1692500: system.cpu: T0 : 0x25fd8    : c_beqz a5, 22              : IntAlu : 
1693500: system.cpu: T0 : 0x25fda    : lui a5, 120                : IntAlu :  D=0x0000000000078000
1694500: system.cpu: T0 : 0x25fde    : ld s5, 1456(a5)            : MemRead :  D=0x0000000000000040 A=0x785b0
1695500: system.cpu: T0 : 0x25fe2    : sltu s5, s6, s5            : IntAlu :  D=0x0000000000000001
1696500: system.cpu: T0 : 0x25fe6    : sub s5, zero, s5           : IntAlu :  D=0xffffffffffffffff
1697500: system.cpu: T0 : 0x25fea    : and s5, s0, s5             : IntAlu :  D=0x0000000000000030
1698500: system.cpu: T0 : 0x25fee    : lui a5, 120                : IntAlu :  D=0x0000000000078000
1699000: system.cpu: T0 : 0x25ff2    : c_lui s11, 1               : IntAlu :  D=0x0000000000001000
1699500: system.cpu: T0 : 0x25ff4    : lui s7, 120                : IntAlu :  D=0x0000000000078000
1700000: system.cpu: T0 : 0x25ff8    : addi a5, a5, 1488          : IntAlu :  D=0x00000000000785d0
1700500: system.cpu: T0 : 0x25ffc    : addi s8, s1, 96            : IntAlu :  D=0x0000000000078630
1701000: system.cpu: T0 : 0x26000    : c_li t5, 0                 : IntAlu :  D=0x0000000000000000
1702000: system.cpu: T0 : 0x26002    : addi s7, s7, 1376          : IntAlu :  D=0x0000000000078560
1703000: system.cpu: T0 : 0x26006    : add a7, s1, s11            : IntAlu :  D=0x00000000000795d0
1703500: system.cpu: T0 : 0x2600a    : c_sdsp a5, 56(sp)          : MemWrite :  D=0x00000000000785d0 A=0x7ffffffffffffc08
1704000: system.cpu: T0 : 0x2600c    : c_ld a5, 120(s1)           : MemRead :  D=0x0000000000078630 A=0x78648
1705000: system.cpu: T0 : 0x2600e    : beq a5, s8, 532            : IntAlu : 
1706000: system.cpu: T0 : 0x26222    : addi a5, zero, 1023        : IntAlu :  D=0x00000000000003ff
1707000: system.cpu: T0 : 0x26226    : bgeu a5, s0, 38            : IntAlu : 
1707500: system.cpu: T0 : 0x2624c    : c_ldsp a3, 8(sp)           : MemRead :  D=0x0000000000000003 A=0x7ffffffffffffbd8
1708000: system.cpu: T0 : 0x2624e    : c_li a0, 4                 : IntAlu :  D=0x0000000000000004
1708500: system.cpu: T0 : 0x26250    : addiw a5, a3, 1            : IntAlu :  D=0x0000000000000004
1709000: system.cpu: T0 : 0x26254    : srliw a4, a5, 5            : IntAlu :  D=0x0000000000000000
1709500: system.cpu: T0 : 0x26258    : slliw a3, a3, 1            : IntAlu :  D=0x0000000000000006
1710000: system.cpu: T0 : 0x2625c    : addi a4, a4, 536           : IntAlu :  D=0x0000000000000218
1710500: system.cpu: T0 : 0x26260    : c_slli a3, 32              : IntAlu :  D=0x0000000600000000
1711000: system.cpu: T0 : 0x26262    : c_slli a4, 2               : IntAlu :  D=0x0000000000000860
1711500: system.cpu: T0 : 0x26264    : c_srli a3, 32              : IntAlu :  D=0x0000000000000006
1712000: system.cpu: T0 : 0x26266    : c_add a4, s1               : IntAlu :  D=0x0000000000078e30
1712500: system.cpu: T0 : 0x26268    : c_slli a3, 3               : IntAlu :  D=0x0000000000000030
1713000: system.cpu: T0 : 0x2626a    : c_lw a2, 0(a4)             : MemRead :  D=0x0000000000000000 A=0x78e30
1713500: system.cpu: T0 : 0x2626c    : addi a3, a3, 96            : IntAlu :  D=0x0000000000000090
1714000: system.cpu: T0 : 0x26270    : c_li a4, 1                 : IntAlu :  D=0x0000000000000001
1715000: system.cpu: T0 : 0x26272    : srliw s2, a5, 5            : IntAlu :  D=0x0000000000000000
1715500: system.cpu: T0 : 0x26276    : c_add a3, s1               : IntAlu :  D=0x0000000000078660
1716000: system.cpu: T0 : 0x26278    : sllw a5, a4, a5            : IntAlu :  D=0x0000000000000010
1716500: system.cpu: T0 : 0x2627c    : bltu a2, a5, 144           : IntAlu : 
1717000: system.cpu: T0 : 0x2630c    : addiw a5, s2, 1            : IntAlu :  D=0x0000000000000001
1717500: system.cpu: T0 : 0x26310    : addiw s2, a5, 0            : IntAlu :  D=0x0000000000000001
1718000: system.cpu: T0 : 0x26314    : bne s2, a0, -26            : IntAlu : 
1718500: system.cpu: T0 : 0x262fa    : c_slli a5, 32              : IntAlu :  D=0x0000000100000000
1719000: system.cpu: T0 : 0x262fc    : c_srli a5, 32              : IntAlu :  D=0x0000000000000001
1720000: system.cpu: T0 : 0x262fe    : addi a5, a5, 536           : IntAlu :  D=0x0000000000000219
1720500: system.cpu: T0 : 0x26302    : c_slli a5, 2               : IntAlu :  D=0x0000000000000864
1721000: system.cpu: T0 : 0x26304    : c_add a5, s1               : IntAlu :  D=0x0000000000078e34
1721500: system.cpu: T0 : 0x26306    : c_lw a2, 0(a5)             : MemRead :  D=0x0000000000000000 A=0x78e34
1722000: system.cpu: T0 : 0x26308    : bne a2, zero, 384          : IntAlu : 
1722500: system.cpu: T0 : 0x2630c    : addiw a5, s2, 1            : IntAlu :  D=0x0000000000000002
1723000: system.cpu: T0 : 0x26310    : addiw s2, a5, 0            : IntAlu :  D=0x0000000000000002
1723500: system.cpu: T0 : 0x26314    : bne s2, a0, -26            : IntAlu : 
1724000: system.cpu: T0 : 0x262fa    : c_slli a5, 32              : IntAlu :  D=0x0000000200000000
1724500: system.cpu: T0 : 0x262fc    : c_srli a5, 32              : IntAlu :  D=0x0000000000000002
1725500: system.cpu: T0 : 0x262fe    : addi a5, a5, 536           : IntAlu :  D=0x000000000000021a
1726000: system.cpu: T0 : 0x26302    : c_slli a5, 2               : IntAlu :  D=0x0000000000000868
1726500: system.cpu: T0 : 0x26304    : c_add a5, s1               : IntAlu :  D=0x0000000000078e38
1727000: system.cpu: T0 : 0x26306    : c_lw a2, 0(a5)             : MemRead :  D=0x0000000000000000 A=0x78e38
1727500: system.cpu: T0 : 0x26308    : bne a2, zero, 384          : IntAlu : 
1728000: system.cpu: T0 : 0x2630c    : addiw a5, s2, 1            : IntAlu :  D=0x0000000000000003
1728500: system.cpu: T0 : 0x26310    : addiw s2, a5, 0            : IntAlu :  D=0x0000000000000003
1729000: system.cpu: T0 : 0x26314    : bne s2, a0, -26            : IntAlu : 
1729500: system.cpu: T0 : 0x262fa    : c_slli a5, 32              : IntAlu :  D=0x0000000300000000
1730000: system.cpu: T0 : 0x262fc    : c_srli a5, 32              : IntAlu :  D=0x0000000000000003
1731000: system.cpu: T0 : 0x262fe    : addi a5, a5, 536           : IntAlu :  D=0x000000000000021b
1731500: system.cpu: T0 : 0x26302    : c_slli a5, 2               : IntAlu :  D=0x000000000000086c
1732000: system.cpu: T0 : 0x26304    : c_add a5, s1               : IntAlu :  D=0x0000000000078e3c
1732500: system.cpu: T0 : 0x26306    : c_lw a2, 0(a5)             : MemRead :  D=0x0000000000000000 A=0x78e3c
1733000: system.cpu: T0 : 0x26308    : bne a2, zero, 384          : IntAlu : 
1733500: system.cpu: T0 : 0x2630c    : addiw a5, s2, 1            : IntAlu :  D=0x0000000000000004
1734000: system.cpu: T0 : 0x26310    : addiw s2, a5, 0            : IntAlu :  D=0x0000000000000004
1734500: system.cpu: T0 : 0x26314    : bne s2, a0, -26            : IntAlu : 
1735000: system.cpu: T0 : 0x26318    : c_ld a4, 96(s1)            : MemRead :  D=0x000000000007d240 A=0x78630
1736000: system.cpu: T0 : 0x2631a    : ld a3, -1912(a7)           : MemRead :  D=0x0000000000021080 A=0x78e58
1736500: system.cpu: T0 : 0x2631e    : c_ld a5, 8(a4)             : MemRead :  D=0x0000000000020dc1 A=0x7d248
1737000: system.cpu: T0 : 0x26320    : c_andi a5, 18446744073709551608 : IntAlu :  D=0x0000000000020dc0
1738000: system.cpu: T0 : 0x26322    : bltu a3, a5, 548           : IntAlu : 
1739000: system.cpu: T0 : 0x26326    : addi a3, s0, 32            : IntAlu :  D=0x0000000000000050
1740000: system.cpu: T0 : 0x2632a    : bgeu a5, a3, 640           : IntAlu : 
1741000: system.cpu: T0 : 0x265aa    : add a0, a4, s0             : IntAlu :  D=0x000000000007d270
1742000: system.cpu: T0 : 0x265ae    : lui a2, 120                : IntAlu :  D=0x0000000000078000
1742500: system.cpu: T0 : 0x265b2    : c_sd a0, 96(s1)            : MemWrite :  D=0x000000000007d270 A=0x78630
1743000: system.cpu: T0 : 0x265b4    : addi a2, a2, 1488          : IntAlu :  D=0x00000000000785d0
1743500: system.cpu: T0 : 0x265b8    : c_sub a5, s0               : IntAlu :  D=0x0000000000020d90
1744000: system.cpu: T0 : 0x265ba    : c_li a3, 4                 : IntAlu :  D=0x0000000000000004
1744500: system.cpu: T0 : 0x265bc    : beq s1, a2, 116            : IntAlu : 
1745000: system.cpu: T0 : 0x26630    : c_li a3, 0                 : IntAlu :  D=0x0000000000000000
1745500: system.cpu: T0 : 0x26632    : c_j -114                   : IntAlu : 
1746000: system.cpu: T0 : 0x265c0    : c_or a3, s0                : IntAlu :  D=0x0000000000000030
1747000: system.cpu: T0 : 0x265c2    : ori a3, a3, 1              : IntAlu :  D=0x0000000000000031
1748000: system.cpu: T0 : 0x265c6    : lw a1, -1396(gp)           : MemRead :  D=0x0000000000000000 A=0x79ad4
1748500: system.cpu: T0 : 0x265ca    : c_sd a3, 8(a4)             : MemWrite :  D=0x0000000000000031 A=0x7d248
1749000: system.cpu: T0 : 0x265cc    : ori a5, a5, 1              : IntAlu :  D=0x0000000000020d91
1749500: system.cpu: T0 : 0x265d0    : c_sd a5, 8(a0)             : MemWrite :  D=0x0000000000020d91 A=0x7d278
1750500: system.cpu: T0 : 0x265d2    : addi s2, a4, 16            : IntAlu :  D=0x000000000007d250
1751500: system.cpu: T0 : 0x265d6    : beq a1, zero, -1664        : IntAlu : 
1752000: system.cpu: T0 : 0x25f56    : c_ldsp ra, 248(sp)         : MemRead :  D=0x00000000000270dc A=0x7ffffffffffffcc8
1752500: system.cpu: T0 : 0x25f58    : c_ldsp s0, 240(sp)         : MemRead :  D=0x0000000000000028 A=0x7ffffffffffffcc0
1753000: system.cpu: T0 : 0x25f5a    : c_ldsp s1, 232(sp)         : MemRead :  D=0x0000000000078000 A=0x7ffffffffffffcb8
1753500: system.cpu: T0 : 0x25f5c    : c_ldsp s3, 216(sp)         : MemRead :  D=0x0000000000077fc0 A=0x7ffffffffffffca8
1754000: system.cpu: T0 : 0x25f5e    : c_ldsp s4, 208(sp)         : MemRead :  D=0x0000000000079000 A=0x7ffffffffffffca0
1754500: system.cpu: T0 : 0x25f60    : c_ldsp s5, 200(sp)         : MemRead :  D=0x000000000007b000 A=0x7ffffffffffffc98
1755000: system.cpu: T0 : 0x25f62    : c_ldsp s6, 192(sp)         : MemRead :  D=0x000000000007b000 A=0x7ffffffffffffc90
1755500: system.cpu: T0 : 0x25f64    : c_ldsp s7, 184(sp)         : MemRead :  D=0x0000000000000000 A=0x7ffffffffffffc88
1756000: system.cpu: T0 : 0x25f66    : c_ldsp s8, 176(sp)         : MemRead :  D=0x0000000000000000 A=0x7ffffffffffffc80
1756500: system.cpu: T0 : 0x25f68    : c_ldsp s9, 168(sp)         : MemRead :  D=0x0000000000000000 A=0x7ffffffffffffc78
1757000: system.cpu: T0 : 0x25f6a    : c_ldsp s10, 160(sp)        : MemRead :  D=0x0000000000000000 A=0x7ffffffffffffc70
1757500: system.cpu: T0 : 0x25f6c    : c_ldsp s11, 152(sp)        : MemRead :  D=0x0000000000000000 A=0x7ffffffffffffc68
1758000: system.cpu: T0 : 0x25f6e    : c_mv a0, s2                : IntAlu :  D=0x000000000007d250
1758500: system.cpu: T0 : 0x25f70    : c_ldsp s2, 224(sp)         : MemRead :  D=0x0000000000000000 A=0x7ffffffffffffcb0
1759000: system.cpu: T0 : 0x25f72    : c_addi16sp sp, 256         : IntAlu :  D=0x7ffffffffffffcd0
1759500: system.cpu: T0 : 0x25f74    : c_jr ra                    : IntAlu : 
1760000: system.cpu: T0 : 0x270dc    : c_mv a5, a0                : IntAlu :  D=0x000000000007d250
1760500: system.cpu: T0 : 0x270de    : c_beqz a0, 150             : IntAlu : 
1761000: system.cpu: T0 : 0x270e0    : ld a4, -8(a0)              : MemRead :  D=0x0000000000000031 A=0x7d248
1761500: system.cpu: T0 : 0x270e4    : andi a3, a4, 2             : IntAlu :  D=0x0000000000000000
1762000: system.cpu: T0 : 0x270e8    : c_bnez a3, 26              : IntAlu : 
1762500: system.cpu: T0 : 0x270ea    : c_andi a4, 4               : IntAlu :  D=0x0000000000000000
1763000: system.cpu: T0 : 0x270ec    : c_beqz a4, 22              : IntAlu : 
1763500: system.cpu: T0 : 0x27102    : c_ldsp ra, 24(sp)          : MemRead :  D=0x00000000000446ae A=0x7ffffffffffffce8
1764000: system.cpu: T0 : 0x27104    : c_ldsp s0, 16(sp)          : MemRead :  D=0x7ffffffffffffd30 A=0x7ffffffffffffce0
1764500: system.cpu: T0 : 0x27106    : c_ldsp s1, 8(sp)           : MemRead :  D=0x0000000000078e68 A=0x7ffffffffffffcd8
1765000: system.cpu: T0 : 0x27108    : c_ldsp s2, 0(sp)           : MemRead :  D=0x0000000000000000 A=0x7ffffffffffffcd0
1765500: system.cpu: T0 : 0x2710a    : c_mv a0, a5                : IntAlu :  D=0x000000000007d250
1766000: system.cpu: T0 : 0x2710c    : c_addi16sp sp, 32          : IntAlu :  D=0x7ffffffffffffcf0
1766500: system.cpu: T0 : 0x2710e    : c_jr ra                    : IntAlu : 
1767500: system.cpu: T0 : 0x446ae    : sd a0, 32(s3)              : MemWrite :  D=0x000000000007d250 A=0x77fe0
1768500: system.cpu: T0 : 0x446b2    : beq a0, zero, 382          : IntAlu : 
1769500: system.cpu: T0 : 0x446b6    : ld s1, 16(s3)              : MemRead :  D=0x0000000000000002 A=0x77fd0
1770500: system.cpu: T0 : 0x446ba    : addi a7, zero, 40          : IntAlu :  D=0x0000000000000028
1771000: system.cpu: T0 : 0x446be    : c_mv s5, a0                : IntAlu :  D=0x000000000007d250
1771500: system.cpu: T0 : 0x446c0    : slli s4, s1, 2             : IntAlu :  D=0x0000000000000008
1772000: system.cpu: T0 : 0x446c4    : addi s4, s4, 79            : IntAlu :  D=0x0000000000000057
1772500: system.cpu: T0 : 0x446c8    : divu s4, s4, a7            : IntDiv :  D=0x0000000000000002
1773000: system.cpu: T0 : 0x446cc    : slli a7, s4, 2             : IntAlu :  D=0x0000000000000008
1773500: system.cpu: T0 : 0x446d0    : c_add s4, a7               : IntAlu :  D=0x000000000000000a
1774500: system.cpu: T0 : 0x446d2    : slli a0, s4, 5             : IntAlu :  D=0x0000000000000140
1775500: system.cpu: T0 : 0x446d6    : jal ra, -120388            : IntAlu :  D=0x00000000000446da
1776500: system.cpu: T0 : 0x27092    : ld t1, -1848(gp)           : MemRead :  D=0x0000000000000000 A=0x79910
1777500: system.cpu: T0 : 0x27096    : bne t1, zero, 260          : IntAlu : 
1778000: system.cpu: T0 : 0x2709a    : c_addi sp, -32             : IntAlu :  D=0x7ffffffffffffcd0
1778500: system.cpu: T0 : 0x2709c    : c_sdsp s0, 16(sp)          : MemWrite :  D=0x7ffffffffffffd30 A=0x7ffffffffffffce0
1779000: system.cpu: T0 : 0x2709e    : c_sdsp ra, 24(sp)          : MemWrite :  D=0x00000000000446da A=0x7ffffffffffffce8
1779500: system.cpu: T0 : 0x270a0    : c_sdsp s1, 8(sp)           : MemWrite :  D=0x0000000000000002 A=0x7ffffffffffffcd8
1780000: system.cpu: T0 : 0x270a2    : c_sdsp s2, 0(sp)           : MemWrite :  D=0x0000000000000000 A=0x7ffffffffffffcd0
1780500: system.cpu: T0 : 0x270a4    : c_mv s0, a0                : IntAlu :  D=0x0000000000000140
1781500: system.cpu: T0 : 0x270a6    : blt a0, zero, 222          : IntAlu : 
1782500: system.cpu: T0 : 0x270aa    : addi a5, a0, 23            : IntAlu :  D=0x0000000000000157
1783000: system.cpu: T0 : 0x270ae    : c_li a4, 31                : IntAlu :  D=0x000000000000001f
1783500: system.cpu: T0 : 0x270b0    : c_li s1, 0                 : IntAlu :  D=0x0000000000000000
1784500: system.cpu: T0 : 0x270b2    : bltu a4, a5, 94            : IntAlu : 
1785000: system.cpu: T0 : 0x27110    : c_andi a5, 18446744073709551600 : IntAlu :  D=0x0000000000000150
1785500: system.cpu: T0 : 0x27112    : c_addi a5, -17             : IntAlu :  D=0x000000000000013f
1786000: system.cpu: T0 : 0x27114    : srli s1, a5, 4             : IntAlu :  D=0x0000000000000013
1786500: system.cpu: T0 : 0x27118    : c_j -98                    : IntAlu : 
1787500: system.cpu: T0 : 0x270b6    : ld a4, 40(tp)              : MemRead :  D=0x000000000007cf90 A=0x7c738
1788000: system.cpu: T0 : 0x270ba    : c_beqz a4, 96              : IntAlu : 
1788500: system.cpu: T0 : 0x270bc    : lui a5, 120                : IntAlu :  D=0x0000000000078000
1789000: system.cpu: T0 : 0x270c0    : ld a5, 1456(a5)            : MemRead :  D=0x0000000000000040 A=0x785b0
1789500: system.cpu: T0 : 0x270c4    : bltu s1, a5, 114           : IntAlu : 
1790500: system.cpu: T0 : 0x27136    : slli a3, s1, 1             : IntAlu :  D=0x0000000000000026
1791000: system.cpu: T0 : 0x2713a    : c_add a3, a4               : IntAlu :  D=0x000000000007cfb6
1791500: system.cpu: T0 : 0x2713c    : lhu a2, 0(a3)              : MemRead :  D=0x0000000000000000 A=0x7cfb6
1792000: system.cpu: T0 : 0x27140    : c_beqz a2, -120            : IntAlu : 
1792500: system.cpu: T0 : 0x270c8    : lw a5, -1808(tp)           : MemRead :  D=0x0000000000000000 A=0x7c000
1793000: system.cpu: T0 : 0x270cc    : c_bnez a5, 210             : IntAlu : 
1794000: system.cpu: T0 : 0x270ce    : lui s1, 120                : IntAlu :  D=0x0000000000078000
1794500: system.cpu: T0 : 0x270d2    : c_mv a1, s0                : IntAlu :  D=0x0000000000000140
1795000: system.cpu: T0 : 0x270d4    : addi a0, s1, 1488          : IntAlu :  D=0x00000000000785d0
1795500: system.cpu: T0 : 0x270d8    : jal ra, -5236              : IntAlu :  D=0x00000000000270dc
1796000: system.cpu: T0 : 0x25c64    : c_addi16sp sp, -256        : IntAlu :  D=0x7ffffffffffffbd0
1796500: system.cpu: T0 : 0x25c66    : c_sdsp ra, 248(sp)         : MemWrite :  D=0x00000000000270dc A=0x7ffffffffffffcc8
1797000: system.cpu: T0 : 0x25c68    : c_sdsp s0, 240(sp)         : MemWrite :  D=0x0000000000000140 A=0x7ffffffffffffcc0
1797500: system.cpu: T0 : 0x25c6a    : c_sdsp s1, 232(sp)         : MemWrite :  D=0x0000000000078000 A=0x7ffffffffffffcb8
1798000: system.cpu: T0 : 0x25c6c    : c_sdsp s2, 224(sp)         : MemWrite :  D=0x0000000000000000 A=0x7ffffffffffffcb0
1798500: system.cpu: T0 : 0x25c6e    : c_sdsp s3, 216(sp)         : MemWrite :  D=0x0000000000077fc0 A=0x7ffffffffffffca8
1799000: system.cpu: T0 : 0x25c70    : c_sdsp s4, 208(sp)         : MemWrite :  D=0x000000000000000a A=0x7ffffffffffffca0
1799500: system.cpu: T0 : 0x25c72    : c_sdsp s5, 200(sp)         : MemWrite :  D=0x000000000007d250 A=0x7ffffffffffffc98
1800000: system.cpu: T0 : 0x25c74    : c_sdsp s6, 192(sp)         : MemWrite :  D=0x000000000007b000 A=0x7ffffffffffffc90
1800500: system.cpu: T0 : 0x25c76    : c_sdsp s7, 184(sp)         : MemWrite :  D=0x0000000000000000 A=0x7ffffffffffffc88
1801000: system.cpu: T0 : 0x25c78    : c_sdsp s8, 176(sp)         : MemWrite :  D=0x0000000000000000 A=0x7ffffffffffffc80
1801500: system.cpu: T0 : 0x25c7a    : c_sdsp s9, 168(sp)         : MemWrite :  D=0x0000000000000000 A=0x7ffffffffffffc78
1802000: system.cpu: T0 : 0x25c7c    : c_sdsp s10, 160(sp)        : MemWrite :  D=0x0000000000000000 A=0x7ffffffffffffc70
1802500: system.cpu: T0 : 0x25c7e    : c_sdsp s11, 152(sp)        : MemWrite :  D=0x0000000000000000 A=0x7ffffffffffffc68
1803000: system.cpu: T0 : 0x25c80    : blt a1, zero, 1198         : IntAlu : 
1803500: system.cpu: T0 : 0x25c84    : addi s0, a1, 23            : IntAlu :  D=0x0000000000000157
1804000: system.cpu: T0 : 0x25c88    : c_li a5, 31                : IntAlu :  D=0x000000000000001f
1804500: system.cpu: T0 : 0x25c8a    : c_mv s3, a1                : IntAlu :  D=0x0000000000000140
1805000: system.cpu: T0 : 0x25c8c    : c_mv s1, a0                : IntAlu :  D=0x00000000000785d0
1806000: system.cpu: T0 : 0x25c8e    : bltu a5, s0, 220           : IntAlu : 
1806500: system.cpu: T0 : 0x25d6a    : c_andi s0, 18446744073709551600 : IntAlu :  D=0x0000000000000150
1807000: system.cpu: T0 : 0x25d6c    : beq a0, zero, 988          : IntAlu : 
1807500: system.cpu: T0 : 0x25d70    : ld a4, -1376(gp)           : MemRead :  D=0x0000000000000080 A=0x79ae8
1808000: system.cpu: T0 : 0x25d74    : srliw s9, s0, 4            : IntAlu :  D=0x0000000000000015
1808500: system.cpu: T0 : 0x25d78    : srliw a5, s0, 4            : IntAlu :  D=0x0000000000000015
1809000: system.cpu: T0 : 0x25d7c    : bgeu a4, s0, 506           : IntAlu : 
1809500: system.cpu: T0 : 0x25d80    : addi a4, zero, 1023        : IntAlu :  D=0x00000000000003ff
1810000: system.cpu: T0 : 0x25d84    : bgeu a4, s0, 1722          : IntAlu : 
1810500: system.cpu: T0 : 0x2643e    : c_addiw a5, -1             : IntAlu :  D=0x0000000000000014
1811000: system.cpu: T0 : 0x26440    : c_j -1406                  : IntAlu : 
1812000: system.cpu: T0 : 0x25ec2    : slliw a5, a5, 1            : IntAlu :  D=0x0000000000000028
1812500: system.cpu: T0 : 0x25ec6    : c_slli a5, 32              : IntAlu :  D=0x0000002800000000
1813000: system.cpu: T0 : 0x25ec8    : c_srli a5, 32              : IntAlu :  D=0x0000000000000028
1813500: system.cpu: T0 : 0x25eca    : c_addi a5, 14              : IntAlu :  D=0x0000000000000036
1814000: system.cpu: T0 : 0x25ecc    : c_slli a5, 3               : IntAlu :  D=0x00000000000001b0
1814500: system.cpu: T0 : 0x25ece    : c_j -550                   : IntAlu : 
1815000: system.cpu: T0 : 0x25ca8    : c_add a5, s1               : IntAlu :  D=0x0000000000078780
1816000: system.cpu: T0 : 0x25caa    : ld s2, 8(a5)               : MemRead :  D=0x0000000000078770 A=0x78788
1817000: system.cpu: T0 : 0x25cae    : addi a3, a5, -16           : IntAlu :  D=0x0000000000078770
1818000: system.cpu: T0 : 0x25cb2    : beq a3, s2, 748            : IntAlu : 
1819000: system.cpu: T0 : 0x25f9e    : srli t1, s0, 9             : IntAlu :  D=0x0000000000000000
1820000: system.cpu: T0 : 0x25fa2    : addiw a5, t1, 91           : IntAlu :  D=0x000000000000005b
1821000: system.cpu: T0 : 0x25fa6    : srli s10, s0, 6            : IntAlu :  D=0x0000000000000005
1821500: system.cpu: T0 : 0x25faa    : c_sdsp a5, 96(sp)          : MemWrite :  D=0x000000000000005b A=0x7ffffffffffffc30
1822000: system.cpu: T0 : 0x25fac    : addiw a5, s10, 48          : IntAlu :  D=0x0000000000000035
1822500: system.cpu: T0 : 0x25fb0    : c_sdsp a5, 88(sp)          : MemWrite :  D=0x0000000000000035 A=0x7ffffffffffffc28
1823500: system.cpu: T0 : 0x25fb2    : addi a5, zero, 110         : IntAlu :  D=0x000000000000006e
1824000: system.cpu: T0 : 0x25fb6    : c_sdsp a5, 112(sp)         : MemWrite :  D=0x000000000000006e A=0x7ffffffffffffc40
1824500: system.cpu: T0 : 0x25fb8    : addi a5, zero, 119         : IntAlu :  D=0x0000000000000077
1825000: system.cpu: T0 : 0x25fbc    : c_sdsp a5, 104(sp)         : MemWrite :  D=0x0000000000000077 A=0x7ffffffffffffc38
1826000: system.cpu: T0 : 0x25fbe    : addi a5, zero, 124         : IntAlu :  D=0x000000000000007c
1826500: system.cpu: T0 : 0x25fc2    : c_sdsp s9, 8(sp)           : MemWrite :  D=0x0000000000000015 A=0x7ffffffffffffbd8
1827000: system.cpu: T0 : 0x25fc4    : c_sdsp a5, 120(sp)         : MemWrite :  D=0x000000000000007c A=0x7ffffffffffffc48
1827500: system.cpu: T0 : 0x25fc6    : c_sdsp zero, 128(sp)       : MemWrite :  D=0x0000000000000000 A=0x7ffffffffffffc50
1828000: system.cpu: T0 : 0x25fc8    : c_sdsp zero, 136(sp)       : MemWrite :  D=0x0000000000000000 A=0x7ffffffffffffc58
1829000: system.cpu: T0 : 0x25fca    : ld a5, 40(tp)              : MemRead :  D=0x000000000007cf90 A=0x7c738
1830000: system.cpu: T0 : 0x25fce    : addi s6, s0, -17           : IntAlu :  D=0x000000000000013f
1831000: system.cpu: T0 : 0x25fd2    : srli s6, s6, 4             : IntAlu :  D=0x0000000000000013
1831500: system.cpu: T0 : 0x25fd6    : c_li s5, 0                 : IntAlu :  D=0x0000000000000000
1832000: system.cpu: T0 : 0x25fd8    : c_beqz a5, 22              : IntAlu : 
1833000: system.cpu: T0 : 0x25fda    : lui a5, 120                : IntAlu :  D=0x0000000000078000
1834000: system.cpu: T0 : 0x25fde    : ld s5, 1456(a5)            : MemRead :  D=0x0000000000000040 A=0x785b0
1835000: system.cpu: T0 : 0x25fe2    : sltu s5, s6, s5            : IntAlu :  D=0x0000000000000001
1836000: system.cpu: T0 : 0x25fe6    : sub s5, zero, s5           : IntAlu :  D=0xffffffffffffffff
1837000: system.cpu: T0 : 0x25fea    : and s5, s0, s5             : IntAlu :  D=0x0000000000000150
1838000: system.cpu: T0 : 0x25fee    : lui a5, 120                : IntAlu :  D=0x0000000000078000
1838500: system.cpu: T0 : 0x25ff2    : c_lui s11, 1               : IntAlu :  D=0x0000000000001000
1839000: system.cpu: T0 : 0x25ff4    : lui s7, 120                : IntAlu :  D=0x0000000000078000
1839500: system.cpu: T0 : 0x25ff8    : addi a5, a5, 1488          : IntAlu :  D=0x00000000000785d0
1840000: system.cpu: T0 : 0x25ffc    : addi s8, s1, 96            : IntAlu :  D=0x0000000000078630
1840500: system.cpu: T0 : 0x26000    : c_li t5, 0                 : IntAlu :  D=0x0000000000000000
1841500: system.cpu: T0 : 0x26002    : addi s7, s7, 1376          : IntAlu :  D=0x0000000000078560
1842500: system.cpu: T0 : 0x26006    : add a7, s1, s11            : IntAlu :  D=0x00000000000795d0
1843000: system.cpu: T0 : 0x2600a    : c_sdsp a5, 56(sp)          : MemWrite :  D=0x00000000000785d0 A=0x7ffffffffffffc08
1843500: system.cpu: T0 : 0x2600c    : c_ld a5, 120(s1)           : MemRead :  D=0x0000000000078630 A=0x78648
1844500: system.cpu: T0 : 0x2600e    : beq a5, s8, 532            : IntAlu : 
1845500: system.cpu: T0 : 0x26222    : addi a5, zero, 1023        : IntAlu :  D=0x00000000000003ff
1846500: system.cpu: T0 : 0x26226    : bgeu a5, s0, 38            : IntAlu : 
1847000: system.cpu: T0 : 0x2624c    : c_ldsp a3, 8(sp)           : MemRead :  D=0x0000000000000015 A=0x7ffffffffffffbd8
1847500: system.cpu: T0 : 0x2624e    : c_li a0, 4                 : IntAlu :  D=0x0000000000000004
1848000: system.cpu: T0 : 0x26250    : addiw a5, a3, 1            : IntAlu :  D=0x0000000000000016
1848500: system.cpu: T0 : 0x26254    : srliw a4, a5, 5            : IntAlu :  D=0x0000000000000000
1849000: system.cpu: T0 : 0x26258    : slliw a3, a3, 1            : IntAlu :  D=0x000000000000002a
1849500: system.cpu: T0 : 0x2625c    : addi a4, a4, 536           : IntAlu :  D=0x0000000000000218
1850000: system.cpu: T0 : 0x26260    : c_slli a3, 32              : IntAlu :  D=0x0000002a00000000
1850500: system.cpu: T0 : 0x26262    : c_slli a4, 2               : IntAlu :  D=0x0000000000000860
1851000: system.cpu: T0 : 0x26264    : c_srli a3, 32              : IntAlu :  D=0x000000000000002a
1851500: system.cpu: T0 : 0x26266    : c_add a4, s1               : IntAlu :  D=0x0000000000078e30
1852000: system.cpu: T0 : 0x26268    : c_slli a3, 3               : IntAlu :  D=0x0000000000000150
1852500: system.cpu: T0 : 0x2626a    : c_lw a2, 0(a4)             : MemRead :  D=0x0000000000000000 A=0x78e30
1853000: system.cpu: T0 : 0x2626c    : addi a3, a3, 96            : IntAlu :  D=0x00000000000001b0
1853500: system.cpu: T0 : 0x26270    : c_li a4, 1                 : IntAlu :  D=0x0000000000000001
1854500: system.cpu: T0 : 0x26272    : srliw s2, a5, 5            : IntAlu :  D=0x0000000000000000
1855000: system.cpu: T0 : 0x26276    : c_add a3, s1               : IntAlu :  D=0x0000000000078780
1855500: system.cpu: T0 : 0x26278    : sllw a5, a4, a5            : IntAlu :  D=0x0000000000400000
1856000: system.cpu: T0 : 0x2627c    : bltu a2, a5, 144           : IntAlu : 
1856500: system.cpu: T0 : 0x2630c    : addiw a5, s2, 1            : IntAlu :  D=0x0000000000000001
1857000: system.cpu: T0 : 0x26310    : addiw s2, a5, 0            : IntAlu :  D=0x0000000000000001
1857500: system.cpu: T0 : 0x26314    : bne s2, a0, -26            : IntAlu : 
1858000: system.cpu: T0 : 0x262fa    : c_slli a5, 32              : IntAlu :  D=0x0000000100000000
1858500: system.cpu: T0 : 0x262fc    : c_srli a5, 32              : IntAlu :  D=0x0000000000000001
1859500: system.cpu: T0 : 0x262fe    : addi a5, a5, 536           : IntAlu :  D=0x0000000000000219
1860000: system.cpu: T0 : 0x26302    : c_slli a5, 2               : IntAlu :  D=0x0000000000000864
1860500: system.cpu: T0 : 0x26304    : c_add a5, s1               : IntAlu :  D=0x0000000000078e34
1861000: system.cpu: T0 : 0x26306    : c_lw a2, 0(a5)             : MemRead :  D=0x0000000000000000 A=0x78e34
1861500: system.cpu: T0 : 0x26308    : bne a2, zero, 384          : IntAlu : 
1862000: system.cpu: T0 : 0x2630c    : addiw a5, s2, 1            : IntAlu :  D=0x0000000000000002
1862500: system.cpu: T0 : 0x26310    : addiw s2, a5, 0            : IntAlu :  D=0x0000000000000002
1863000: system.cpu: T0 : 0x26314    : bne s2, a0, -26            : IntAlu : 
1863500: system.cpu: T0 : 0x262fa    : c_slli a5, 32              : IntAlu :  D=0x0000000200000000
1864000: system.cpu: T0 : 0x262fc    : c_srli a5, 32              : IntAlu :  D=0x0000000000000002
1865000: system.cpu: T0 : 0x262fe    : addi a5, a5, 536           : IntAlu :  D=0x000000000000021a
1865500: system.cpu: T0 : 0x26302    : c_slli a5, 2               : IntAlu :  D=0x0000000000000868
1866000: system.cpu: T0 : 0x26304    : c_add a5, s1               : IntAlu :  D=0x0000000000078e38
1866500: system.cpu: T0 : 0x26306    : c_lw a2, 0(a5)             : MemRead :  D=0x0000000000000000 A=0x78e38
1867000: system.cpu: T0 : 0x26308    : bne a2, zero, 384          : IntAlu : 
1867500: system.cpu: T0 : 0x2630c    : addiw a5, s2, 1            : IntAlu :  D=0x0000000000000003
1868000: system.cpu: T0 : 0x26310    : addiw s2, a5, 0            : IntAlu :  D=0x0000000000000003
1868500: system.cpu: T0 : 0x26314    : bne s2, a0, -26            : IntAlu : 
1869000: system.cpu: T0 : 0x262fa    : c_slli a5, 32              : IntAlu :  D=0x0000000300000000
1869500: system.cpu: T0 : 0x262fc    : c_srli a5, 32              : IntAlu :  D=0x0000000000000003
1870500: system.cpu: T0 : 0x262fe    : addi a5, a5, 536           : IntAlu :  D=0x000000000000021b
1871000: system.cpu: T0 : 0x26302    : c_slli a5, 2               : IntAlu :  D=0x000000000000086c
1871500: system.cpu: T0 : 0x26304    : c_add a5, s1               : IntAlu :  D=0x0000000000078e3c
1872000: system.cpu: T0 : 0x26306    : c_lw a2, 0(a5)             : MemRead :  D=0x0000000000000000 A=0x78e3c
1872500: system.cpu: T0 : 0x26308    : bne a2, zero, 384          : IntAlu : 
1873000: system.cpu: T0 : 0x2630c    : addiw a5, s2, 1            : IntAlu :  D=0x0000000000000004
1873500: system.cpu: T0 : 0x26310    : addiw s2, a5, 0            : IntAlu :  D=0x0000000000000004
1874000: system.cpu: T0 : 0x26314    : bne s2, a0, -26            : IntAlu : 
1874500: system.cpu: T0 : 0x26318    : c_ld a4, 96(s1)            : MemRead :  D=0x000000000007d270 A=0x78630
1875500: system.cpu: T0 : 0x2631a    : ld a3, -1912(a7)           : MemRead :  D=0x0000000000021080 A=0x78e58
1876000: system.cpu: T0 : 0x2631e    : c_ld a5, 8(a4)             : MemRead :  D=0x0000000000020d91 A=0x7d278
1876500: system.cpu: T0 : 0x26320    : c_andi a5, 18446744073709551608 : IntAlu :  D=0x0000000000020d90
1877500: system.cpu: T0 : 0x26322    : bltu a3, a5, 548           : IntAlu : 
1878500: system.cpu: T0 : 0x26326    : addi a3, s0, 32            : IntAlu :  D=0x0000000000000170
1879500: system.cpu: T0 : 0x2632a    : bgeu a5, a3, 640           : IntAlu : 
1880500: system.cpu: T0 : 0x265aa    : add a0, a4, s0             : IntAlu :  D=0x000000000007d3c0
1881500: system.cpu: T0 : 0x265ae    : lui a2, 120                : IntAlu :  D=0x0000000000078000
1882000: system.cpu: T0 : 0x265b2    : c_sd a0, 96(s1)            : MemWrite :  D=0x000000000007d3c0 A=0x78630
1882500: system.cpu: T0 : 0x265b4    : addi a2, a2, 1488          : IntAlu :  D=0x00000000000785d0
1883000: system.cpu: T0 : 0x265b8    : c_sub a5, s0               : IntAlu :  D=0x0000000000020c40
1883500: system.cpu: T0 : 0x265ba    : c_li a3, 4                 : IntAlu :  D=0x0000000000000004
1884000: system.cpu: T0 : 0x265bc    : beq s1, a2, 116            : IntAlu : 
1884500: system.cpu: T0 : 0x26630    : c_li a3, 0                 : IntAlu :  D=0x0000000000000000
1885000: system.cpu: T0 : 0x26632    : c_j -114                   : IntAlu : 
1885500: system.cpu: T0 : 0x265c0    : c_or a3, s0                : IntAlu :  D=0x0000000000000150
1886500: system.cpu: T0 : 0x265c2    : ori a3, a3, 1              : IntAlu :  D=0x0000000000000151
1887500: system.cpu: T0 : 0x265c6    : lw a1, -1396(gp)           : MemRead :  D=0x0000000000000000 A=0x79ad4
1888000: system.cpu: T0 : 0x265ca    : c_sd a3, 8(a4)             : MemWrite :  D=0x0000000000000151 A=0x7d278
1888500: system.cpu: T0 : 0x265cc    : ori a5, a5, 1              : IntAlu :  D=0x0000000000020c41
1889000: system.cpu: T0 : 0x265d0    : c_sd a5, 8(a0)             : MemWrite :  D=0x0000000000020c41 A=0x7d3c8
1890000: system.cpu: T0 : 0x265d2    : addi s2, a4, 16            : IntAlu :  D=0x000000000007d280
1891000: system.cpu: T0 : 0x265d6    : beq a1, zero, -1664        : IntAlu : 
1891500: system.cpu: T0 : 0x25f56    : c_ldsp ra, 248(sp)         : MemRead :  D=0x00000000000270dc A=0x7ffffffffffffcc8
1892000: system.cpu: T0 : 0x25f58    : c_ldsp s0, 240(sp)         : MemRead :  D=0x0000000000000140 A=0x7ffffffffffffcc0
1892500: system.cpu: T0 : 0x25f5a    : c_ldsp s1, 232(sp)         : MemRead :  D=0x0000000000078000 A=0x7ffffffffffffcb8
1893000: system.cpu: T0 : 0x25f5c    : c_ldsp s3, 216(sp)         : MemRead :  D=0x0000000000077fc0 A=0x7ffffffffffffca8
1893500: system.cpu: T0 : 0x25f5e    : c_ldsp s4, 208(sp)         : MemRead :  D=0x000000000000000a A=0x7ffffffffffffca0
1894000: system.cpu: T0 : 0x25f60    : c_ldsp s5, 200(sp)         : MemRead :  D=0x000000000007d250 A=0x7ffffffffffffc98
1894500: system.cpu: T0 : 0x25f62    : c_ldsp s6, 192(sp)         : MemRead :  D=0x000000000007b000 A=0x7ffffffffffffc90
1895000: system.cpu: T0 : 0x25f64    : c_ldsp s7, 184(sp)         : MemRead :  D=0x0000000000000000 A=0x7ffffffffffffc88
1895500: system.cpu: T0 : 0x25f66    : c_ldsp s8, 176(sp)         : MemRead :  D=0x0000000000000000 A=0x7ffffffffffffc80
1896000: system.cpu: T0 : 0x25f68    : c_ldsp s9, 168(sp)         : MemRead :  D=0x0000000000000000 A=0x7ffffffffffffc78
1896500: system.cpu: T0 : 0x25f6a    : c_ldsp s10, 160(sp)        : MemRead :  D=0x0000000000000000 A=0x7ffffffffffffc70
1897000: system.cpu: T0 : 0x25f6c    : c_ldsp s11, 152(sp)        : MemRead :  D=0x0000000000000000 A=0x7ffffffffffffc68
1897500: system.cpu: T0 : 0x25f6e    : c_mv a0, s2                : IntAlu :  D=0x000000000007d280
1898000: system.cpu: T0 : 0x25f70    : c_ldsp s2, 224(sp)         : MemRead :  D=0x0000000000000000 A=0x7ffffffffffffcb0
1898500: system.cpu: T0 : 0x25f72    : c_addi16sp sp, 256         : IntAlu :  D=0x7ffffffffffffcd0
1899000: system.cpu: T0 : 0x25f74    : c_jr ra                    : IntAlu : 
1899500: system.cpu: T0 : 0x270dc    : c_mv a5, a0                : IntAlu :  D=0x000000000007d280
1900000: system.cpu: T0 : 0x270de    : c_beqz a0, 150             : IntAlu : 
1900500: system.cpu: T0 : 0x270e0    : ld a4, -8(a0)              : MemRead :  D=0x0000000000000151 A=0x7d278
1901000: system.cpu: T0 : 0x270e4    : andi a3, a4, 2             : IntAlu :  D=0x0000000000000000
1901500: system.cpu: T0 : 0x270e8    : c_bnez a3, 26              : IntAlu : 
1902000: system.cpu: T0 : 0x270ea    : c_andi a4, 4               : IntAlu :  D=0x0000000000000000
1902500: system.cpu: T0 : 0x270ec    : c_beqz a4, 22              : IntAlu : 
1903000: system.cpu: T0 : 0x27102    : c_ldsp ra, 24(sp)          : MemRead :  D=0x00000000000446da A=0x7ffffffffffffce8
1903500: system.cpu: T0 : 0x27104    : c_ldsp s0, 16(sp)          : MemRead :  D=0x7ffffffffffffd30 A=0x7ffffffffffffce0
1904000: system.cpu: T0 : 0x27106    : c_ldsp s1, 8(sp)           : MemRead :  D=0x0000000000000002 A=0x7ffffffffffffcd8
1904500: system.cpu: T0 : 0x27108    : c_ldsp s2, 0(sp)           : MemRead :  D=0x0000000000000000 A=0x7ffffffffffffcd0
1905000: system.cpu: T0 : 0x2710a    : c_mv a0, a5                : IntAlu :  D=0x000000000007d280
1905500: system.cpu: T0 : 0x2710c    : c_addi16sp sp, 32          : IntAlu :  D=0x7ffffffffffffcf0
1906000: system.cpu: T0 : 0x2710e    : c_jr ra                    : IntAlu : 
1907000: system.cpu: T0 : 0x446da    : sd a0, 0(s5)               : MemWrite :  D=0x000000000007d280 A=0x7d250
1907500: system.cpu: T0 : 0x446de    : c_mv a2, a0                : IntAlu :  D=0x000000000007d280
1908000: system.cpu: T0 : 0x446e0    : beq a0, zero, 386          : IntAlu : 
1908500: system.cpu: T0 : 0x446e4    : lui a5, 123                : IntAlu :  D=0x000000000007b000
1909000: system.cpu: T0 : 0x446e8    : lui a3, 107                : IntAlu :  D=0x000000000006b000
1909500: system.cpu: T0 : 0x446ec    : lui a0, 107                : IntAlu :  D=0x000000000006b000
1910000: system.cpu: T0 : 0x446f0    : addi a3, a3, -144          : IntAlu :  D=0x000000000006af70
1910500: system.cpu: T0 : 0x446f4    : addi a0, a0, -592          : IntAlu :  D=0x000000000006adb0
1911000: system.cpu: T0 : 0x446f8    : sd a2, -232(a5)            : MemWrite :  D=0x000000000007d280 A=0x7af18
1911500: system.cpu: T0 : 0x446fc    : c_li a5, 23                : IntAlu :  D=0x0000000000000017
1912000: system.cpu: T0 : 0x446fe    : c_sd a3, 24(a2)            : MemWrite :  D=0x000000000006af70 A=0x7d298
1912500: system.cpu: T0 : 0x44700    : addi a6, a3, 72            : IntAlu :  D=0x000000000006afb8
1913000: system.cpu: T0 : 0x44704    : sw zero, 40(s3)            : MemWrite :  D=0x0000000000000000 A=0x77fe8
1913500: system.cpu: T0 : 0x44708    : addi a1, s5, 8             : IntAlu :  D=0x000000000007d258
1914000: system.cpu: T0 : 0x4470c    : c_sd a0, 8(a2)             : MemWrite :  D=0x000000000006adb0 A=0x7d288
1915000: system.cpu: T0 : 0x4470e    : sd zero, 16(a2)            : MemWrite :  D=0x0000000000000000 A=0x7d290
1915500: system.cpu: T0 : 0x44712    : c_sd a5, 32(a2)            : MemWrite :  D=0x0000000000000017 A=0x7d2a0
1916000: system.cpu: T0 : 0x44714    : slli a7, s4, 3             : IntAlu :  D=0x0000000000000050
1916500: system.cpu: T0 : 0x44718    : addi t3, s5, 32            : IntAlu :  D=0x000000000007d270
1917000: system.cpu: T0 : 0x4471c    : c_addi a3, 24              : IntAlu :  D=0x000000000006af88
1918000: system.cpu: T0 : 0x4471e    : addi t4, zero, 47          : IntAlu :  D=0x000000000000002f
1919000: system.cpu: T0 : 0x44722    : addi a4, a2, 40            : IntAlu :  D=0x000000000007d2a8
1919500: system.cpu: T0 : 0x44726    : c_li a5, 0                 : IntAlu :  D=0x0000000000000000
1920000: system.cpu: T0 : 0x44728    : c_beqz s1, 14              : IntAlu : 
1921000: system.cpu: T0 : 0x4472a    : sw zero, 0(a4)             : MemWrite :  D=0x0000000000000000 A=0x7d2a8
1921500: system.cpu: T0 : 0x4472e    : c_addi a5, 1               : IntAlu :  D=0x0000000000000001
1922000: system.cpu: T0 : 0x44730    : c_addi a4, 4               : IntAlu :  D=0x000000000007d2ac
1923000: system.cpu: T0 : 0x44732    : bne s1, a5, -8             : IntAlu : 
1924000: system.cpu: T0 : 0x4472a    : sw zero, 0(a4)             : MemWrite :  D=0x0000000000000000 A=0x7d2ac
1924500: system.cpu: T0 : 0x4472e    : c_addi a5, 1               : IntAlu :  D=0x0000000000000002
1925000: system.cpu: T0 : 0x44730    : c_addi a4, 4               : IntAlu :  D=0x000000000007d2b0
1926000: system.cpu: T0 : 0x44732    : bne s1, a5, -8             : IntAlu : 
1927000: system.cpu: T0 : 0x44736    : beq t3, a1, 48             : IntAlu : 
1928000: system.cpu: T0 : 0x4473a    : ld a4, 8(a6)               : MemRead :  D=0x000000000000001b A=0x6afc0
1929000: system.cpu: T0 : 0x4473e    : add a5, a2, a7             : IntAlu :  D=0x000000000007d2d0
1930000: system.cpu: T0 : 0x44742    : lbu t1, 0(a3)              : MemRead :  D=0x000000000000002f A=0x6af88
1930500: system.cpu: T0 : 0x44746    : c_sd a5, 0(a2)             : MemWrite :  D=0x000000000007d2d0 A=0x7d280
1931000: system.cpu: T0 : 0x44748    : c_sd a3, 24(a5)            : MemWrite :  D=0x000000000006af88 A=0x7d2e8
1932000: system.cpu: T0 : 0x4474a    : addi a2, a4, 1             : IntAlu :  D=0x000000000000001c
1932500: system.cpu: T0 : 0x4474e    : c_sd a5, 0(a1)             : MemWrite :  D=0x000000000007d2d0 A=0x7d258
1933000: system.cpu: T0 : 0x44750    : c_sd a0, 8(a5)             : MemWrite :  D=0x000000000006adb0 A=0x7d2d8
1934000: system.cpu: T0 : 0x44752    : sd zero, 16(a5)            : MemWrite :  D=0x0000000000000000 A=0x7d2e0
1934500: system.cpu: T0 : 0x44756    : c_sd a4, 32(a5)            : MemWrite :  D=0x000000000000001b A=0x7d2f0
1935000: system.cpu: T0 : 0x44758    : c_addi a1, 8               : IntAlu :  D=0x000000000007d260
1935500: system.cpu: T0 : 0x4475a    : c_add a3, a2               : IntAlu :  D=0x000000000006afa4
1936000: system.cpu: T0 : 0x4475c    : c_addi a6, 8               : IntAlu :  D=0x000000000006afc0
1937000: system.cpu: T0 : 0x4475e    : bne t1, t4, 228            : IntAlu : 
1937500: system.cpu: T0 : 0x44762    : c_mv a2, a5                : IntAlu :  D=0x000000000007d2d0
1938000: system.cpu: T0 : 0x44764    : c_j -66                    : IntAlu : 
1939000: system.cpu: T0 : 0x44722    : addi a4, a2, 40            : IntAlu :  D=0x000000000007d2f8
1939500: system.cpu: T0 : 0x44726    : c_li a5, 0                 : IntAlu :  D=0x0000000000000000
1940000: system.cpu: T0 : 0x44728    : c_beqz s1, 14              : IntAlu : 
1941000: system.cpu: T0 : 0x4472a    : sw zero, 0(a4)             : MemWrite :  D=0x0000000000000000 A=0x7d2f8
1941500: system.cpu: T0 : 0x4472e    : c_addi a5, 1               : IntAlu :  D=0x0000000000000001
1942000: system.cpu: T0 : 0x44730    : c_addi a4, 4               : IntAlu :  D=0x000000000007d2fc
1943000: system.cpu: T0 : 0x44732    : bne s1, a5, -8             : IntAlu : 
1944000: system.cpu: T0 : 0x4472a    : sw zero, 0(a4)             : MemWrite :  D=0x0000000000000000 A=0x7d2fc
1944500: system.cpu: T0 : 0x4472e    : c_addi a5, 1               : IntAlu :  D=0x0000000000000002
1945000: system.cpu: T0 : 0x44730    : c_addi a4, 4               : IntAlu :  D=0x000000000007d300
1946000: system.cpu: T0 : 0x44732    : bne s1, a5, -8             : IntAlu : 
1947000: system.cpu: T0 : 0x44736    : beq t3, a1, 48             : IntAlu : 
1948000: system.cpu: T0 : 0x4473a    : ld a4, 8(a6)               : MemRead :  D=0x0000000000000005 A=0x6afc8
1949000: system.cpu: T0 : 0x4473e    : add a5, a2, a7             : IntAlu :  D=0x000000000007d320
1950000: system.cpu: T0 : 0x44742    : lbu t1, 0(a3)              : MemRead :  D=0x000000000000002f A=0x6afa4
1950500: system.cpu: T0 : 0x44746    : c_sd a5, 0(a2)             : MemWrite :  D=0x000000000007d320 A=0x7d2d0
1951000: system.cpu: T0 : 0x44748    : c_sd a3, 24(a5)            : MemWrite :  D=0x000000000006afa4 A=0x7d338
1952000: system.cpu: T0 : 0x4474a    : addi a2, a4, 1             : IntAlu :  D=0x0000000000000006
1952500: system.cpu: T0 : 0x4474e    : c_sd a5, 0(a1)             : MemWrite :  D=0x000000000007d320 A=0x7d260
1953000: system.cpu: T0 : 0x44750    : c_sd a0, 8(a5)             : MemWrite :  D=0x000000000006adb0 A=0x7d328
1954000: system.cpu: T0 : 0x44752    : sd zero, 16(a5)            : MemWrite :  D=0x0000000000000000 A=0x7d330
1954500: system.cpu: T0 : 0x44756    : c_sd a4, 32(a5)            : MemWrite :  D=0x0000000000000005 A=0x7d340
1955000: system.cpu: T0 : 0x44758    : c_addi a1, 8               : IntAlu :  D=0x000000000007d268
1955500: system.cpu: T0 : 0x4475a    : c_add a3, a2               : IntAlu :  D=0x000000000006afaa
1956000: system.cpu: T0 : 0x4475c    : c_addi a6, 8               : IntAlu :  D=0x000000000006afc8
1957000: system.cpu: T0 : 0x4475e    : bne t1, t4, 228            : IntAlu : 
1957500: system.cpu: T0 : 0x44762    : c_mv a2, a5                : IntAlu :  D=0x000000000007d320
1958000: system.cpu: T0 : 0x44764    : c_j -66                    : IntAlu : 
1959000: system.cpu: T0 : 0x44722    : addi a4, a2, 40            : IntAlu :  D=0x000000000007d348
1959500: system.cpu: T0 : 0x44726    : c_li a5, 0                 : IntAlu :  D=0x0000000000000000
1960000: system.cpu: T0 : 0x44728    : c_beqz s1, 14              : IntAlu : 
1961000: system.cpu: T0 : 0x4472a    : sw zero, 0(a4)             : MemWrite :  D=0x0000000000000000 A=0x7d348
1961500: system.cpu: T0 : 0x4472e    : c_addi a5, 1               : IntAlu :  D=0x0000000000000001
1962000: system.cpu: T0 : 0x44730    : c_addi a4, 4               : IntAlu :  D=0x000000000007d34c
1963000: system.cpu: T0 : 0x44732    : bne s1, a5, -8             : IntAlu : 
1964000: system.cpu: T0 : 0x4472a    : sw zero, 0(a4)             : MemWrite :  D=0x0000000000000000 A=0x7d34c
1964500: system.cpu: T0 : 0x4472e    : c_addi a5, 1               : IntAlu :  D=0x0000000000000002
1965000: system.cpu: T0 : 0x44730    : c_addi a4, 4               : IntAlu :  D=0x000000000007d350
1966000: system.cpu: T0 : 0x44732    : bne s1, a5, -8             : IntAlu : 
1967000: system.cpu: T0 : 0x44736    : beq t3, a1, 48             : IntAlu : 
1968000: system.cpu: T0 : 0x4473a    : ld a4, 8(a6)               : MemRead :  D=0x0000000000000009 A=0x6afd0
1969000: system.cpu: T0 : 0x4473e    : add a5, a2, a7             : IntAlu :  D=0x000000000007d370
1970000: system.cpu: T0 : 0x44742    : lbu t1, 0(a3)              : MemRead :  D=0x000000000000002f A=0x6afaa
1970500: system.cpu: T0 : 0x44746    : c_sd a5, 0(a2)             : MemWrite :  D=0x000000000007d370 A=0x7d320
1971000: system.cpu: T0 : 0x44748    : c_sd a3, 24(a5)            : MemWrite :  D=0x000000000006afaa A=0x7d388
1972000: system.cpu: T0 : 0x4474a    : addi a2, a4, 1             : IntAlu :  D=0x000000000000000a
1972500: system.cpu: T0 : 0x4474e    : c_sd a5, 0(a1)             : MemWrite :  D=0x000000000007d370 A=0x7d268
1973000: system.cpu: T0 : 0x44750    : c_sd a0, 8(a5)             : MemWrite :  D=0x000000000006adb0 A=0x7d378
1974000: system.cpu: T0 : 0x44752    : sd zero, 16(a5)            : MemWrite :  D=0x0000000000000000 A=0x7d380
1974500: system.cpu: T0 : 0x44756    : c_sd a4, 32(a5)            : MemWrite :  D=0x0000000000000009 A=0x7d390
1975000: system.cpu: T0 : 0x44758    : c_addi a1, 8               : IntAlu :  D=0x000000000007d270
1975500: system.cpu: T0 : 0x4475a    : c_add a3, a2               : IntAlu :  D=0x000000000006afb4
1976000: system.cpu: T0 : 0x4475c    : c_addi a6, 8               : IntAlu :  D=0x000000000006afd0
1977000: system.cpu: T0 : 0x4475e    : bne t1, t4, 228            : IntAlu : 
1977500: system.cpu: T0 : 0x44762    : c_mv a2, a5                : IntAlu :  D=0x000000000007d370
1978000: system.cpu: T0 : 0x44764    : c_j -66                    : IntAlu : 
1979000: system.cpu: T0 : 0x44722    : addi a4, a2, 40            : IntAlu :  D=0x000000000007d398
1979500: system.cpu: T0 : 0x44726    : c_li a5, 0                 : IntAlu :  D=0x0000000000000000
1980000: system.cpu: T0 : 0x44728    : c_beqz s1, 14              : IntAlu : 
1981000: system.cpu: T0 : 0x4472a    : sw zero, 0(a4)             : MemWrite :  D=0x0000000000000000 A=0x7d398
1981500: system.cpu: T0 : 0x4472e    : c_addi a5, 1               : IntAlu :  D=0x0000000000000001
1982000: system.cpu: T0 : 0x44730    : c_addi a4, 4               : IntAlu :  D=0x000000000007d39c
1983000: system.cpu: T0 : 0x44732    : bne s1, a5, -8             : IntAlu : 
1984000: system.cpu: T0 : 0x4472a    : sw zero, 0(a4)             : MemWrite :  D=0x0000000000000000 A=0x7d39c
1984500: system.cpu: T0 : 0x4472e    : c_addi a5, 1               : IntAlu :  D=0x0000000000000002
1985000: system.cpu: T0 : 0x44730    : c_addi a4, 4               : IntAlu :  D=0x000000000007d3a0
1986000: system.cpu: T0 : 0x44732    : bne s1, a5, -8             : IntAlu : 
1987000: system.cpu: T0 : 0x44736    : beq t3, a1, 48             : IntAlu : 
1987500: system.cpu: T0 : 0x44766    : c_li a4, 27                : IntAlu :  D=0x000000000000001b
1988000: system.cpu: T0 : 0x44768    : sd zero, 0(a2)             : MemWrite :  D=0x0000000000000000 A=0x7d370
1988500: system.cpu: T0 : 0x4476c    : sd a4, -1192(gp)           : MemWrite :  D=0x000000000000001b A=0x79ba0
1989000: system.cpu: T0 : 0x44770    : sd zero, 32(s5)            : MemWrite :  D=0x0000000000000000 A=0x7d270
1989500: system.cpu: T0 : 0x44774    : beq s2, zero, 10           : IntAlu : 
1990000: system.cpu: T0 : 0x4477e    : c_li a5, -1                : IntAlu :  D=0xffffffffffffffff
1990500: system.cpu: T0 : 0x44780    : sd a5, 48(s3)              : MemWrite :  D=0xffffffffffffffff A=0x77ff0
1991000: system.cpu: T0 : 0x44784    : addi sp, s0, -64           : IntAlu :  D=0x7ffffffffffffcf0
1991500: system.cpu: T0 : 0x44788    : c_ldsp ra, 56(sp)          : MemRead :  D=0x000000000002c06e A=0x7ffffffffffffd28
1992000: system.cpu: T0 : 0x4478a    : c_ldsp s0, 48(sp)          : MemRead :  D=0x0000000000077f80 A=0x7ffffffffffffd20
1992500: system.cpu: T0 : 0x4478c    : c_ldsp s1, 40(sp)          : MemRead :  D=0x0000000000078e68 A=0x7ffffffffffffd18
1993000: system.cpu: T0 : 0x4478e    : c_ldsp s2, 32(sp)          : MemRead :  D=0x000000000007b000 A=0x7ffffffffffffd10
1993500: system.cpu: T0 : 0x44790    : c_ldsp s3, 24(sp)          : MemRead :  D=0x000000000007b000 A=0x7ffffffffffffd08
1994000: system.cpu: T0 : 0x44792    : c_ldsp s4, 16(sp)          : MemRead :  D=0x0000000000079000 A=0x7ffffffffffffd00
1994500: system.cpu: T0 : 0x44794    : c_ldsp s5, 8(sp)           : MemRead :  D=0x000000000007b000 A=0x7ffffffffffffcf8
1995000: system.cpu: T0 : 0x44796    : c_addi16sp sp, 64          : IntAlu :  D=0x7ffffffffffffd30
1995500: system.cpu: T0 : 0x44798    : c_jr ra                    : IntAlu : 
1996500: system.cpu: T0 : 0x2c06e    : lui a5, 123                : IntAlu :  D=0x000000000007b000
1997500: system.cpu: T0 : 0x2c072    : ld a4, -232(a5)            : MemRead :  D=0x000000000007d280 A=0x7af18
1998500: system.cpu: T0 : 0x2c076    : lui a0, 89                 : IntAlu :  D=0x0000000000059000
1999500: system.cpu: T0 : 0x2c07a    : lui a5, 123                : IntAlu :  D=0x000000000007b000
2000500: system.cpu: T0 : 0x2c07e    : addi a0, a0, 1632          : IntAlu :  D=0x0000000000059660
2001500: system.cpu: T0 : 0x2c082    : sd a4, -272(a5)            : MemWrite :  D=0x000000000007d280 A=0x7aef0
2002500: system.cpu: T0 : 0x2c086    : jal ra, -57898             : IntAlu :  D=0x000000000002c08a
2003000: system.cpu: T0 : 0x1de5c    : c_addi16sp sp, -64         : IntAlu :  D=0x7ffffffffffffcf0
2003500: system.cpu: T0 : 0x1de5e    : c_sdsp s1, 40(sp)          : MemWrite :  D=0x0000000000078e68 A=0x7ffffffffffffd18
2004000: system.cpu: T0 : 0x1de60    : ld s1, -1360(gp)           : MemRead :  D=0x7fffffffffffff48 A=0x79af8
2004500: system.cpu: T0 : 0x1de64    : c_sdsp ra, 56(sp)          : MemWrite :  D=0x000000000002c08a A=0x7ffffffffffffd28
2005000: system.cpu: T0 : 0x1de66    : c_sdsp s0, 48(sp)          : MemWrite :  D=0x0000000000077f80 A=0x7ffffffffffffd20
2005500: system.cpu: T0 : 0x1de68    : c_sdsp s2, 32(sp)          : MemWrite :  D=0x000000000007b000 A=0x7ffffffffffffd10
2006000: system.cpu: T0 : 0x1de6a    : c_sdsp s3, 24(sp)          : MemWrite :  D=0x000000000007b000 A=0x7ffffffffffffd08
2006500: system.cpu: T0 : 0x1de6c    : c_sdsp s4, 16(sp)          : MemWrite :  D=0x0000000000079000 A=0x7ffffffffffffd00
2007000: system.cpu: T0 : 0x1de6e    : c_sdsp s5, 8(sp)           : MemWrite :  D=0x000000000007b000 A=0x7ffffffffffffcf8
2007500: system.cpu: T0 : 0x1de70    : c_sdsp s6, 0(sp)           : MemWrite :  D=0x000000000007b000 A=0x7ffffffffffffcf0
2008000: system.cpu: T0 : 0x1de72    : c_beqz s1, 210             : IntAlu : 
2008500: system.cpu: T0 : 0x1de74    : lbu a5, 0(a0)              : MemRead :  D=0x000000000000004c A=0x59660
2009000: system.cpu: T0 : 0x1de78    : c_mv s4, a0                : IntAlu :  D=0x0000000000059660
2009500: system.cpu: T0 : 0x1de7a    : c_beqz a5, 202             : IntAlu : 
2010000: system.cpu: T0 : 0x1de7c    : lbu s5, 1(a0)              : MemRead :  D=0x0000000000000044 A=0x59661
2010500: system.cpu: T0 : 0x1de80    : slliw s2, a5, 16           : IntAlu :  D=0x00000000004c0000
2011000: system.cpu: T0 : 0x1de84    : c_ld s0, 0(s1)             : MemRead :  D=0x0000000000000000 A=0x7fffffffffffff48
2012000: system.cpu: T0 : 0x1de86    : sraiw s2, s2, 16           : IntAlu :  D=0x000000000000004c
2013000: system.cpu: T0 : 0x1de8a    : bne s5, zero, 86           : IntAlu : 
2013500: system.cpu: T0 : 0x1dee0    : jal ra, 42548              : IntAlu :  D=0x000000000001dee4
2014000: system.cpu: T0 : 0x28514    : andi a5, a0, 7             : IntAlu :  D=0x0000000000000000
2014500: system.cpu: T0 : 0x28518    : c_beqz a5, 26              : IntAlu : 
2015000: system.cpu: T0 : 0x28532    : c_mv a5, a0                : IntAlu :  D=0x0000000000059660
2015500: system.cpu: T0 : 0x28534    : ld a6, -2024(gp)           : MemRead :  D=0xfefefefefefefeff A=0x79860
2016000: system.cpu: T0 : 0x28538    : ld a1, -2016(gp)           : MemRead :  D=0x8080808080808080 A=0x79868
2016500: system.cpu: T0 : 0x2853c    : c_ld a2, 0(a5)             : MemRead :  D=0x5f444e49425f444c A=0x59660
2017500: system.cpu: T0 : 0x2853e    : addi a3, a5, 8             : IntAlu :  D=0x0000000000059668
2018500: system.cpu: T0 : 0x28542    : add a4, a2, a6             : IntAlu :  D=0x5e434d48415e434b
2019500: system.cpu: T0 : 0x28546    : xori a2, a2, 18446744073709551615 : IntAlu :  D=0xa0bbb1b6bda0bbb3
2020000: system.cpu: T0 : 0x2854a    : c_and a4, a2               : IntAlu :  D=0x0003010001000303
2020500: system.cpu: T0 : 0x2854c    : c_and a4, a1               : IntAlu :  D=0x0000000000000000
2021000: system.cpu: T0 : 0x2854e    : c_beqz a4, 50              : IntAlu : 
2021500: system.cpu: T0 : 0x28580    : c_mv a5, a3                : IntAlu :  D=0x0000000000059668
2022000: system.cpu: T0 : 0x28582    : c_j -70                    : IntAlu : 
2022500: system.cpu: T0 : 0x2853c    : c_ld a2, 0(a5)             : MemRead :  D=0x0000000000574f4e A=0x59668
2023500: system.cpu: T0 : 0x2853e    : addi a3, a5, 8             : IntAlu :  D=0x0000000000059670
2024500: system.cpu: T0 : 0x28542    : add a4, a2, a6             : IntAlu :  D=0xfefefefeff564e4d
2025500: system.cpu: T0 : 0x28546    : xori a2, a2, 18446744073709551615 : IntAlu :  D=0xffffffffffa8b0b1
2026000: system.cpu: T0 : 0x2854a    : c_and a4, a2               : IntAlu :  D=0xfefefefeff000001
2026500: system.cpu: T0 : 0x2854c    : c_and a4, a1               : IntAlu :  D=0x8080808080000000
2027000: system.cpu: T0 : 0x2854e    : c_beqz a4, 50              : IntAlu : 
2027500: system.cpu: T0 : 0x28550    : lbu a4, -8(a3)             : MemRead :  D=0x000000000000004e A=0x59668
2028000: system.cpu: T0 : 0x28554    : c_beqz a4, -40             : IntAlu : 
2029000: system.cpu: T0 : 0x28556    : lbu a4, -7(a3)             : MemRead :  D=0x000000000000004f A=0x59669
2029500: system.cpu: T0 : 0x2855a    : c_beqz a4, 50              : IntAlu : 
2030000: system.cpu: T0 : 0x2855c    : lbu a4, -6(a3)             : MemRead :  D=0x0000000000000057 A=0x5966a
2030500: system.cpu: T0 : 0x28560    : c_beqz a4, 52              : IntAlu : 
2031500: system.cpu: T0 : 0x28562    : lbu a4, -5(a3)             : MemRead :  D=0x0000000000000000 A=0x5966b
2032000: system.cpu: T0 : 0x28566    : c_beqz a4, 54              : IntAlu : 
2032500: system.cpu: T0 : 0x2859c    : c_sub a5, a0               : IntAlu :  D=0x0000000000000008
2033500: system.cpu: T0 : 0x2859e    : addi a0, a5, 3             : IntAlu :  D=0x000000000000000b
2034000: system.cpu: T0 : 0x285a2    : c_jr ra                    : IntAlu : 
2034500: system.cpu: T0 : 0x1dee4    : slli a5, s5, 8             : IntAlu :  D=0x0000000000004400
2035000: system.cpu: T0 : 0x1dee8    : or a5, s2, a5              : IntAlu :  D=0x000000000000444c
2035500: system.cpu: T0 : 0x1deec    : slliw s2, a5, 16           : IntAlu :  D=0x00000000444c0000
2036000: system.cpu: T0 : 0x1def0    : c_mv s3, a0                : IntAlu :  D=0x000000000000000b
2037000: system.cpu: T0 : 0x1def2    : sraiw s2, s2, 16           : IntAlu :  D=0x000000000000444c
2038000: system.cpu: T0 : 0x1def6    : addi s5, a0, -2            : IntAlu :  D=0x0000000000000009
2038500: system.cpu: T0 : 0x1defa    : c_addi s4, 2               : IntAlu :  D=0x0000000000059662
2039000: system.cpu: T0 : 0x1defc    : c_beqz s0, -50             : IntAlu : 
2039500: system.cpu: T0 : 0x1deca    : c_ldsp ra, 56(sp)          : MemRead :  D=0x000000000002c08a A=0x7ffffffffffffd28
2040000: system.cpu: T0 : 0x1decc    : c_mv a0, s0                : IntAlu :  D=0x0000000000000000
2040500: system.cpu: T0 : 0x1dece    : c_ldsp s0, 48(sp)          : MemRead :  D=0x0000000000077f80 A=0x7ffffffffffffd20
2041000: system.cpu: T0 : 0x1ded0    : c_ldsp s1, 40(sp)          : MemRead :  D=0x0000000000078e68 A=0x7ffffffffffffd18
2041500: system.cpu: T0 : 0x1ded2    : c_ldsp s2, 32(sp)          : MemRead :  D=0x000000000007b000 A=0x7ffffffffffffd10
2042000: system.cpu: T0 : 0x1ded4    : c_ldsp s3, 24(sp)          : MemRead :  D=0x000000000007b000 A=0x7ffffffffffffd08
2042500: system.cpu: T0 : 0x1ded6    : c_ldsp s4, 16(sp)          : MemRead :  D=0x0000000000079000 A=0x7ffffffffffffd00
2043000: system.cpu: T0 : 0x1ded8    : c_ldsp s5, 8(sp)           : MemRead :  D=0x000000000007b000 A=0x7ffffffffffffcf8
2043500: system.cpu: T0 : 0x1deda    : c_ldsp s6, 0(sp)           : MemRead :  D=0x000000000007b000 A=0x7ffffffffffffcf0
2044000: system.cpu: T0 : 0x1dedc    : c_addi16sp sp, 64          : IntAlu :  D=0x7ffffffffffffd30
2044500: system.cpu: T0 : 0x1dede    : c_jr ra                    : IntAlu : 
2045000: system.cpu: T0 : 0x2c08a    : c_li a5, 1                 : IntAlu :  D=0x0000000000000001
2045500: system.cpu: T0 : 0x2c08c    : c_beqz a0, 10              : IntAlu : 
2046500: system.cpu: T0 : 0x2c096    : lui a0, 89                 : IntAlu :  D=0x0000000000059000
2047500: system.cpu: T0 : 0x2c09a    : lui a4, 123                : IntAlu :  D=0x000000000007b000
2048500: system.cpu: T0 : 0x2c09e    : addi a0, a0, 1648          : IntAlu :  D=0x0000000000059670
2049500: system.cpu: T0 : 0x2c0a2    : sw a5, -336(a4)            : MemWrite :  D=0x0000000000000001 A=0x7aeb0
2050500: system.cpu: T0 : 0x2c0a6    : jal ra, -57930             : IntAlu :  D=0x000000000002c0aa
2051000: system.cpu: T0 : 0x1de5c    : c_addi16sp sp, -64         : IntAlu :  D=0x7ffffffffffffcf0
2051500: system.cpu: T0 : 0x1de5e    : c_sdsp s1, 40(sp)          : MemWrite :  D=0x0000000000078e68 A=0x7ffffffffffffd18
2052000: system.cpu: T0 : 0x1de60    : ld s1, -1360(gp)           : MemRead :  D=0x7fffffffffffff48 A=0x79af8
2052500: system.cpu: T0 : 0x1de64    : c_sdsp ra, 56(sp)          : MemWrite :  D=0x000000000002c0aa A=0x7ffffffffffffd28
2053000: system.cpu: T0 : 0x1de66    : c_sdsp s0, 48(sp)          : MemWrite :  D=0x0000000000077f80 A=0x7ffffffffffffd20
2053500: system.cpu: T0 : 0x1de68    : c_sdsp s2, 32(sp)          : MemWrite :  D=0x000000000007b000 A=0x7ffffffffffffd10
2054000: system.cpu: T0 : 0x1de6a    : c_sdsp s3, 24(sp)          : MemWrite :  D=0x000000000007b000 A=0x7ffffffffffffd08
2054500: system.cpu: T0 : 0x1de6c    : c_sdsp s4, 16(sp)          : MemWrite :  D=0x0000000000079000 A=0x7ffffffffffffd00
2055000: system.cpu: T0 : 0x1de6e    : c_sdsp s5, 8(sp)           : MemWrite :  D=0x000000000007b000 A=0x7ffffffffffffcf8
2055500: system.cpu: T0 : 0x1de70    : c_sdsp s6, 0(sp)           : MemWrite :  D=0x000000000007b000 A=0x7ffffffffffffcf0
2056000: system.cpu: T0 : 0x1de72    : c_beqz s1, 210             : IntAlu : 
2056500: system.cpu: T0 : 0x1de74    : lbu a5, 0(a0)              : MemRead :  D=0x000000000000004c A=0x59670
2057000: system.cpu: T0 : 0x1de78    : c_mv s4, a0                : IntAlu :  D=0x0000000000059670
2057500: system.cpu: T0 : 0x1de7a    : c_beqz a5, 202             : IntAlu : 
2058000: system.cpu: T0 : 0x1de7c    : lbu s5, 1(a0)              : MemRead :  D=0x0000000000000044 A=0x59671
2058500: system.cpu: T0 : 0x1de80    : slliw s2, a5, 16           : IntAlu :  D=0x00000000004c0000
2059000: system.cpu: T0 : 0x1de84    : c_ld s0, 0(s1)             : MemRead :  D=0x0000000000000000 A=0x7fffffffffffff48
2060000: system.cpu: T0 : 0x1de86    : sraiw s2, s2, 16           : IntAlu :  D=0x000000000000004c
2061000: system.cpu: T0 : 0x1de8a    : bne s5, zero, 86           : IntAlu : 
2061500: system.cpu: T0 : 0x1dee0    : jal ra, 42548              : IntAlu :  D=0x000000000001dee4
2062000: system.cpu: T0 : 0x28514    : andi a5, a0, 7             : IntAlu :  D=0x0000000000000000
2062500: system.cpu: T0 : 0x28518    : c_beqz a5, 26              : IntAlu : 
2063000: system.cpu: T0 : 0x28532    : c_mv a5, a0                : IntAlu :  D=0x0000000000059670
2063500: system.cpu: T0 : 0x28534    : ld a6, -2024(gp)           : MemRead :  D=0xfefefefefefefeff A=0x79860
2064000: system.cpu: T0 : 0x28538    : ld a1, -2016(gp)           : MemRead :  D=0x8080808080808080 A=0x79868
2064500: system.cpu: T0 : 0x2853c    : c_ld a2, 0(a5)             : MemRead :  D=0x5f444e49425f444c A=0x59670
2065500: system.cpu: T0 : 0x2853e    : addi a3, a5, 8             : IntAlu :  D=0x0000000000059678
2066500: system.cpu: T0 : 0x28542    : add a4, a2, a6             : IntAlu :  D=0x5e434d48415e434b
2067500: system.cpu: T0 : 0x28546    : xori a2, a2, 18446744073709551615 : IntAlu :  D=0xa0bbb1b6bda0bbb3
2068000: system.cpu: T0 : 0x2854a    : c_and a4, a2               : IntAlu :  D=0x0003010001000303
2068500: system.cpu: T0 : 0x2854c    : c_and a4, a1               : IntAlu :  D=0x0000000000000000
2069000: system.cpu: T0 : 0x2854e    : c_beqz a4, 50              : IntAlu : 
2069500: system.cpu: T0 : 0x28580    : c_mv a5, a3                : IntAlu :  D=0x0000000000059678
2070000: system.cpu: T0 : 0x28582    : c_j -70                    : IntAlu : 
2070500: system.cpu: T0 : 0x2853c    : c_ld a2, 0(a5)             : MemRead :  D=0x0000000000544f4e A=0x59678
2071500: system.cpu: T0 : 0x2853e    : addi a3, a5, 8             : IntAlu :  D=0x0000000000059680
2072500: system.cpu: T0 : 0x28542    : add a4, a2, a6             : IntAlu :  D=0xfefefefeff534e4d
2073500: system.cpu: T0 : 0x28546    : xori a2, a2, 18446744073709551615 : IntAlu :  D=0xffffffffffabb0b1
2074000: system.cpu: T0 : 0x2854a    : c_and a4, a2               : IntAlu :  D=0xfefefefeff030001
2074500: system.cpu: T0 : 0x2854c    : c_and a4, a1               : IntAlu :  D=0x8080808080000000
2075000: system.cpu: T0 : 0x2854e    : c_beqz a4, 50              : IntAlu : 
2075500: system.cpu: T0 : 0x28550    : lbu a4, -8(a3)             : MemRead :  D=0x000000000000004e A=0x59678
2076000: system.cpu: T0 : 0x28554    : c_beqz a4, -40             : IntAlu : 
2077000: system.cpu: T0 : 0x28556    : lbu a4, -7(a3)             : MemRead :  D=0x000000000000004f A=0x59679
2077500: system.cpu: T0 : 0x2855a    : c_beqz a4, 50              : IntAlu : 
2078000: system.cpu: T0 : 0x2855c    : lbu a4, -6(a3)             : MemRead :  D=0x0000000000000054 A=0x5967a
2078500: system.cpu: T0 : 0x28560    : c_beqz a4, 52              : IntAlu : 
2079500: system.cpu: T0 : 0x28562    : lbu a4, -5(a3)             : MemRead :  D=0x0000000000000000 A=0x5967b
2080000: system.cpu: T0 : 0x28566    : c_beqz a4, 54              : IntAlu : 
2080500: system.cpu: T0 : 0x2859c    : c_sub a5, a0               : IntAlu :  D=0x0000000000000008
2081500: system.cpu: T0 : 0x2859e    : addi a0, a5, 3             : IntAlu :  D=0x000000000000000b
2082000: system.cpu: T0 : 0x285a2    : c_jr ra                    : IntAlu : 
2082500: system.cpu: T0 : 0x1dee4    : slli a5, s5, 8             : IntAlu :  D=0x0000000000004400
2083000: system.cpu: T0 : 0x1dee8    : or a5, s2, a5              : IntAlu :  D=0x000000000000444c
2083500: system.cpu: T0 : 0x1deec    : slliw s2, a5, 16           : IntAlu :  D=0x00000000444c0000
2084000: system.cpu: T0 : 0x1def0    : c_mv s3, a0                : IntAlu :  D=0x000000000000000b
2085000: system.cpu: T0 : 0x1def2    : sraiw s2, s2, 16           : IntAlu :  D=0x000000000000444c
2086000: system.cpu: T0 : 0x1def6    : addi s5, a0, -2            : IntAlu :  D=0x0000000000000009
2086500: system.cpu: T0 : 0x1defa    : c_addi s4, 2               : IntAlu :  D=0x0000000000059672
2087000: system.cpu: T0 : 0x1defc    : c_beqz s0, -50             : IntAlu : 
2087500: system.cpu: T0 : 0x1deca    : c_ldsp ra, 56(sp)          : MemRead :  D=0x000000000002c0aa A=0x7ffffffffffffd28
2088000: system.cpu: T0 : 0x1decc    : c_mv a0, s0                : IntAlu :  D=0x0000000000000000
2088500: system.cpu: T0 : 0x1dece    : c_ldsp s0, 48(sp)          : MemRead :  D=0x0000000000077f80 A=0x7ffffffffffffd20
2089000: system.cpu: T0 : 0x1ded0    : c_ldsp s1, 40(sp)          : MemRead :  D=0x0000000000078e68 A=0x7ffffffffffffd18
2089500: system.cpu: T0 : 0x1ded2    : c_ldsp s2, 32(sp)          : MemRead :  D=0x000000000007b000 A=0x7ffffffffffffd10
2090000: system.cpu: T0 : 0x1ded4    : c_ldsp s3, 24(sp)          : MemRead :  D=0x000000000007b000 A=0x7ffffffffffffd08
2090500: system.cpu: T0 : 0x1ded6    : c_ldsp s4, 16(sp)          : MemRead :  D=0x0000000000079000 A=0x7ffffffffffffd00
2091000: system.cpu: T0 : 0x1ded8    : c_ldsp s5, 8(sp)           : MemRead :  D=0x000000000007b000 A=0x7ffffffffffffcf8
2091500: system.cpu: T0 : 0x1deda    : c_ldsp s6, 0(sp)           : MemRead :  D=0x000000000007b000 A=0x7ffffffffffffcf0
2092000: system.cpu: T0 : 0x1dedc    : c_addi16sp sp, 64          : IntAlu :  D=0x7ffffffffffffd30
2092500: system.cpu: T0 : 0x1dede    : c_jr ra                    : IntAlu : 
2093000: system.cpu: T0 : 0x2c0aa    : c_li a5, 0                 : IntAlu :  D=0x0000000000000000
2093500: system.cpu: T0 : 0x2c0ac    : c_beqz a0, 10              : IntAlu : 
2094500: system.cpu: T0 : 0x2c0b6    : lui a0, 89                 : IntAlu :  D=0x0000000000059000
2095500: system.cpu: T0 : 0x2c0ba    : lui a4, 123                : IntAlu :  D=0x000000000007b000
2096500: system.cpu: T0 : 0x2c0be    : addi a0, a0, 1664          : IntAlu :  D=0x0000000000059680
2097500: system.cpu: T0 : 0x2c0c2    : sw a5, -360(a4)            : MemWrite :  D=0x0000000000000000 A=0x7ae98
2098500: system.cpu: T0 : 0x2c0c6    : jal ra, -57962             : IntAlu :  D=0x000000000002c0ca
2099000: system.cpu: T0 : 0x1de5c    : c_addi16sp sp, -64         : IntAlu :  D=0x7ffffffffffffcf0
2099500: system.cpu: T0 : 0x1de5e    : c_sdsp s1, 40(sp)          : MemWrite :  D=0x0000000000078e68 A=0x7ffffffffffffd18
2100000: system.cpu: T0 : 0x1de60    : ld s1, -1360(gp)           : MemRead :  D=0x7fffffffffffff48 A=0x79af8
2100500: system.cpu: T0 : 0x1de64    : c_sdsp ra, 56(sp)          : MemWrite :  D=0x000000000002c0ca A=0x7ffffffffffffd28
2101000: system.cpu: T0 : 0x1de66    : c_sdsp s0, 48(sp)          : MemWrite :  D=0x0000000000077f80 A=0x7ffffffffffffd20
2101500: system.cpu: T0 : 0x1de68    : c_sdsp s2, 32(sp)          : MemWrite :  D=0x000000000007b000 A=0x7ffffffffffffd10
2102000: system.cpu: T0 : 0x1de6a    : c_sdsp s3, 24(sp)          : MemWrite :  D=0x000000000007b000 A=0x7ffffffffffffd08
2102500: system.cpu: T0 : 0x1de6c    : c_sdsp s4, 16(sp)          : MemWrite :  D=0x0000000000079000 A=0x7ffffffffffffd00
2103000: system.cpu: T0 : 0x1de6e    : c_sdsp s5, 8(sp)           : MemWrite :  D=0x000000000007b000 A=0x7ffffffffffffcf8
2103500: system.cpu: T0 : 0x1de70    : c_sdsp s6, 0(sp)           : MemWrite :  D=0x000000000007b000 A=0x7ffffffffffffcf0
2104000: system.cpu: T0 : 0x1de72    : c_beqz s1, 210             : IntAlu : 
2104500: system.cpu: T0 : 0x1de74    : lbu a5, 0(a0)              : MemRead :  D=0x000000000000004c A=0x59680
2105000: system.cpu: T0 : 0x1de78    : c_mv s4, a0                : IntAlu :  D=0x0000000000059680
2105500: system.cpu: T0 : 0x1de7a    : c_beqz a5, 202             : IntAlu : 
2106000: system.cpu: T0 : 0x1de7c    : lbu s5, 1(a0)              : MemRead :  D=0x0000000000000044 A=0x59681
2106500: system.cpu: T0 : 0x1de80    : slliw s2, a5, 16           : IntAlu :  D=0x00000000004c0000
2107000: system.cpu: T0 : 0x1de84    : c_ld s0, 0(s1)             : MemRead :  D=0x0000000000000000 A=0x7fffffffffffff48
2108000: system.cpu: T0 : 0x1de86    : sraiw s2, s2, 16           : IntAlu :  D=0x000000000000004c
2109000: system.cpu: T0 : 0x1de8a    : bne s5, zero, 86           : IntAlu : 
2109500: system.cpu: T0 : 0x1dee0    : jal ra, 42548              : IntAlu :  D=0x000000000001dee4
2110000: system.cpu: T0 : 0x28514    : andi a5, a0, 7             : IntAlu :  D=0x0000000000000000
2110500: system.cpu: T0 : 0x28518    : c_beqz a5, 26              : IntAlu : 
2111000: system.cpu: T0 : 0x28532    : c_mv a5, a0                : IntAlu :  D=0x0000000000059680
2111500: system.cpu: T0 : 0x28534    : ld a6, -2024(gp)           : MemRead :  D=0xfefefefefefefeff A=0x79860
2112000: system.cpu: T0 : 0x28538    : ld a1, -2016(gp)           : MemRead :  D=0x8080808080808080 A=0x79868
2112500: system.cpu: T0 : 0x2853c    : c_ld a2, 0(a5)             : MemRead :  D=0x4d414e59445f444c A=0x59680
2113500: system.cpu: T0 : 0x2853e    : addi a3, a5, 8             : IntAlu :  D=0x0000000000059688
2114500: system.cpu: T0 : 0x28542    : add a4, a2, a6             : IntAlu :  D=0x4c404d58435e434b
2115500: system.cpu: T0 : 0x28546    : xori a2, a2, 18446744073709551615 : IntAlu :  D=0xb2beb1a6bba0bbb3
2116000: system.cpu: T0 : 0x2854a    : c_and a4, a2               : IntAlu :  D=0x0000010003000303
2116500: system.cpu: T0 : 0x2854c    : c_and a4, a1               : IntAlu :  D=0x0000000000000000
2117000: system.cpu: T0 : 0x2854e    : c_beqz a4, 50              : IntAlu : 
2117500: system.cpu: T0 : 0x28580    : c_mv a5, a3                : IntAlu :  D=0x0000000000059688
2118000: system.cpu: T0 : 0x28582    : c_j -70                    : IntAlu : 
2118500: system.cpu: T0 : 0x2853c    : c_ld a2, 0(a5)             : MemRead :  D=0x004b4145575f4349 A=0x59688
2119500: system.cpu: T0 : 0x2853e    : addi a3, a5, 8             : IntAlu :  D=0x0000000000059690
2120500: system.cpu: T0 : 0x28542    : add a4, a2, a6             : IntAlu :  D=0xff4a4044565e4248
2121500: system.cpu: T0 : 0x28546    : xori a2, a2, 18446744073709551615 : IntAlu :  D=0xffb4bebaa8a0bcb6
2122000: system.cpu: T0 : 0x2854a    : c_and a4, a2               : IntAlu :  D=0xff00000000000000
2122500: system.cpu: T0 : 0x2854c    : c_and a4, a1               : IntAlu :  D=0x8000000000000000
2123000: system.cpu: T0 : 0x2854e    : c_beqz a4, 50              : IntAlu : 
2123500: system.cpu: T0 : 0x28550    : lbu a4, -8(a3)             : MemRead :  D=0x0000000000000049 A=0x59688
2124000: system.cpu: T0 : 0x28554    : c_beqz a4, -40             : IntAlu : 
2125000: system.cpu: T0 : 0x28556    : lbu a4, -7(a3)             : MemRead :  D=0x0000000000000043 A=0x59689
2125500: system.cpu: T0 : 0x2855a    : c_beqz a4, 50              : IntAlu : 
2126000: system.cpu: T0 : 0x2855c    : lbu a4, -6(a3)             : MemRead :  D=0x000000000000005f A=0x5968a
2126500: system.cpu: T0 : 0x28560    : c_beqz a4, 52              : IntAlu : 
2127500: system.cpu: T0 : 0x28562    : lbu a4, -5(a3)             : MemRead :  D=0x0000000000000057 A=0x5968b
2128000: system.cpu: T0 : 0x28566    : c_beqz a4, 54              : IntAlu : 
2128500: system.cpu: T0 : 0x28568    : lbu a4, -4(a3)             : MemRead :  D=0x0000000000000045 A=0x5968c
2129000: system.cpu: T0 : 0x2856c    : c_beqz a4, 56              : IntAlu : 
2130000: system.cpu: T0 : 0x2856e    : lbu a4, -3(a3)             : MemRead :  D=0x0000000000000041 A=0x5968d
2130500: system.cpu: T0 : 0x28572    : c_beqz a4, 58              : IntAlu : 
2131000: system.cpu: T0 : 0x28574    : lbu a4, -2(a3)             : MemRead :  D=0x000000000000004b A=0x5968e
2131500: system.cpu: T0 : 0x28578    : c_beqz a4, 60              : IntAlu : 
2132500: system.cpu: T0 : 0x2857a    : lbu a4, -1(a3)             : MemRead :  D=0x0000000000000000 A=0x5968f
2133000: system.cpu: T0 : 0x2857e    : c_beqz a4, 6               : IntAlu : 
2133500: system.cpu: T0 : 0x28584    : c_sub a5, a0               : IntAlu :  D=0x0000000000000008
2134500: system.cpu: T0 : 0x28586    : addi a0, a5, 7             : IntAlu :  D=0x000000000000000f
2135000: system.cpu: T0 : 0x2858a    : c_jr ra                    : IntAlu : 
2135500: system.cpu: T0 : 0x1dee4    : slli a5, s5, 8             : IntAlu :  D=0x0000000000004400
2136000: system.cpu: T0 : 0x1dee8    : or a5, s2, a5              : IntAlu :  D=0x000000000000444c
2136500: system.cpu: T0 : 0x1deec    : slliw s2, a5, 16           : IntAlu :  D=0x00000000444c0000
2137000: system.cpu: T0 : 0x1def0    : c_mv s3, a0                : IntAlu :  D=0x000000000000000f
2138000: system.cpu: T0 : 0x1def2    : sraiw s2, s2, 16           : IntAlu :  D=0x000000000000444c
2139000: system.cpu: T0 : 0x1def6    : addi s5, a0, -2            : IntAlu :  D=0x000000000000000d
2139500: system.cpu: T0 : 0x1defa    : c_addi s4, 2               : IntAlu :  D=0x0000000000059682
2140000: system.cpu: T0 : 0x1defc    : c_beqz s0, -50             : IntAlu : 
2140500: system.cpu: T0 : 0x1deca    : c_ldsp ra, 56(sp)          : MemRead :  D=0x000000000002c0ca A=0x7ffffffffffffd28
2141000: system.cpu: T0 : 0x1decc    : c_mv a0, s0                : IntAlu :  D=0x0000000000000000
2141500: system.cpu: T0 : 0x1dece    : c_ldsp s0, 48(sp)          : MemRead :  D=0x0000000000077f80 A=0x7ffffffffffffd20
2142000: system.cpu: T0 : 0x1ded0    : c_ldsp s1, 40(sp)          : MemRead :  D=0x0000000000078e68 A=0x7ffffffffffffd18
2142500: system.cpu: T0 : 0x1ded2    : c_ldsp s2, 32(sp)          : MemRead :  D=0x000000000007b000 A=0x7ffffffffffffd10
2143000: system.cpu: T0 : 0x1ded4    : c_ldsp s3, 24(sp)          : MemRead :  D=0x000000000007b000 A=0x7ffffffffffffd08
2143500: system.cpu: T0 : 0x1ded6    : c_ldsp s4, 16(sp)          : MemRead :  D=0x0000000000079000 A=0x7ffffffffffffd00
2144000: system.cpu: T0 : 0x1ded8    : c_ldsp s5, 8(sp)           : MemRead :  D=0x000000000007b000 A=0x7ffffffffffffcf8
2144500: system.cpu: T0 : 0x1deda    : c_ldsp s6, 0(sp)           : MemRead :  D=0x000000000007b000 A=0x7ffffffffffffcf0
2145000: system.cpu: T0 : 0x1dedc    : c_addi16sp sp, 64          : IntAlu :  D=0x7ffffffffffffd30
2145500: system.cpu: T0 : 0x1dede    : c_jr ra                    : IntAlu : 
2146000: system.cpu: T0 : 0x2c0ca    : c_li a5, 1                 : IntAlu :  D=0x0000000000000001
2146500: system.cpu: T0 : 0x2c0cc    : c_beqz a0, 10              : IntAlu : 
2147500: system.cpu: T0 : 0x2c0d6    : lui a0, 89                 : IntAlu :  D=0x0000000000059000
2148500: system.cpu: T0 : 0x2c0da    : lui a4, 123                : IntAlu :  D=0x000000000007b000
2149500: system.cpu: T0 : 0x2c0de    : addi a0, a0, 1680          : IntAlu :  D=0x0000000000059690
2150500: system.cpu: T0 : 0x2c0e2    : sw a5, -284(a4)            : MemWrite :  D=0x0000000000000001 A=0x7aee4
2151500: system.cpu: T0 : 0x2c0e6    : jal ra, -57994             : IntAlu :  D=0x000000000002c0ea
2152000: system.cpu: T0 : 0x1de5c    : c_addi16sp sp, -64         : IntAlu :  D=0x7ffffffffffffcf0
2152500: system.cpu: T0 : 0x1de5e    : c_sdsp s1, 40(sp)          : MemWrite :  D=0x0000000000078e68 A=0x7ffffffffffffd18
2153000: system.cpu: T0 : 0x1de60    : ld s1, -1360(gp)           : MemRead :  D=0x7fffffffffffff48 A=0x79af8
2153500: system.cpu: T0 : 0x1de64    : c_sdsp ra, 56(sp)          : MemWrite :  D=0x000000000002c0ea A=0x7ffffffffffffd28
2154000: system.cpu: T0 : 0x1de66    : c_sdsp s0, 48(sp)          : MemWrite :  D=0x0000000000077f80 A=0x7ffffffffffffd20
2154500: system.cpu: T0 : 0x1de68    : c_sdsp s2, 32(sp)          : MemWrite :  D=0x000000000007b000 A=0x7ffffffffffffd10
2155000: system.cpu: T0 : 0x1de6a    : c_sdsp s3, 24(sp)          : MemWrite :  D=0x000000000007b000 A=0x7ffffffffffffd08
2155500: system.cpu: T0 : 0x1de6c    : c_sdsp s4, 16(sp)          : MemWrite :  D=0x0000000000079000 A=0x7ffffffffffffd00
2156000: system.cpu: T0 : 0x1de6e    : c_sdsp s5, 8(sp)           : MemWrite :  D=0x000000000007b000 A=0x7ffffffffffffcf8
2156500: system.cpu: T0 : 0x1de70    : c_sdsp s6, 0(sp)           : MemWrite :  D=0x000000000007b000 A=0x7ffffffffffffcf0
2157000: system.cpu: T0 : 0x1de72    : c_beqz s1, 210             : IntAlu : 
2157500: system.cpu: T0 : 0x1de74    : lbu a5, 0(a0)              : MemRead :  D=0x000000000000004c A=0x59690
2158000: system.cpu: T0 : 0x1de78    : c_mv s4, a0                : IntAlu :  D=0x0000000000059690
2158500: system.cpu: T0 : 0x1de7a    : c_beqz a5, 202             : IntAlu : 
2159000: system.cpu: T0 : 0x1de7c    : lbu s5, 1(a0)              : MemRead :  D=0x0000000000000044 A=0x59691
2159500: system.cpu: T0 : 0x1de80    : slliw s2, a5, 16           : IntAlu :  D=0x00000000004c0000
2160000: system.cpu: T0 : 0x1de84    : c_ld s0, 0(s1)             : MemRead :  D=0x0000000000000000 A=0x7fffffffffffff48
2161000: system.cpu: T0 : 0x1de86    : sraiw s2, s2, 16           : IntAlu :  D=0x000000000000004c
2162000: system.cpu: T0 : 0x1de8a    : bne s5, zero, 86           : IntAlu : 
2162500: system.cpu: T0 : 0x1dee0    : jal ra, 42548              : IntAlu :  D=0x000000000001dee4
2163000: system.cpu: T0 : 0x28514    : andi a5, a0, 7             : IntAlu :  D=0x0000000000000000
2163500: system.cpu: T0 : 0x28518    : c_beqz a5, 26              : IntAlu : 
2164000: system.cpu: T0 : 0x28532    : c_mv a5, a0                : IntAlu :  D=0x0000000000059690
2164500: system.cpu: T0 : 0x28534    : ld a6, -2024(gp)           : MemRead :  D=0xfefefefefefefeff A=0x79860
2165000: system.cpu: T0 : 0x28538    : ld a1, -2016(gp)           : MemRead :  D=0x8080808080808080 A=0x79868
2165500: system.cpu: T0 : 0x2853c    : c_ld a2, 0(a5)             : MemRead :  D=0x49464f52505f444c A=0x59690
2166500: system.cpu: T0 : 0x2853e    : addi a3, a5, 8             : IntAlu :  D=0x0000000000059698
2167500: system.cpu: T0 : 0x28542    : add a4, a2, a6             : IntAlu :  D=0x48454e514f5e434b
2168500: system.cpu: T0 : 0x28546    : xori a2, a2, 18446744073709551615 : IntAlu :  D=0xb6b9b0adafa0bbb3
2169000: system.cpu: T0 : 0x2854a    : c_and a4, a2               : IntAlu :  D=0x000100010f000303
2169500: system.cpu: T0 : 0x2854c    : c_and a4, a1               : IntAlu :  D=0x0000000000000000
2170000: system.cpu: T0 : 0x2854e    : c_beqz a4, 50              : IntAlu : 
2170500: system.cpu: T0 : 0x28580    : c_mv a5, a3                : IntAlu :  D=0x0000000000059698
2171000: system.cpu: T0 : 0x28582    : c_j -70                    : IntAlu : 
2171500: system.cpu: T0 : 0x2853c    : c_ld a2, 0(a5)             : MemRead :  D=0x555054554f5f454c A=0x59698
2172500: system.cpu: T0 : 0x2853e    : addi a3, a5, 8             : IntAlu :  D=0x00000000000596a0
2173500: system.cpu: T0 : 0x28542    : add a4, a2, a6             : IntAlu :  D=0x544f53544e5e444b
2174500: system.cpu: T0 : 0x28546    : xori a2, a2, 18446744073709551615 : IntAlu :  D=0xaaafabaab0a0bab3
2175000: system.cpu: T0 : 0x2854a    : c_and a4, a2               : IntAlu :  D=0x000f030000000003
2175500: system.cpu: T0 : 0x2854c    : c_and a4, a1               : IntAlu :  D=0x0000000000000000
2176000: system.cpu: T0 : 0x2854e    : c_beqz a4, 50              : IntAlu : 
2176500: system.cpu: T0 : 0x28580    : c_mv a5, a3                : IntAlu :  D=0x00000000000596a0
2177000: system.cpu: T0 : 0x28582    : c_j -70                    : IntAlu : 
2177500: system.cpu: T0 : 0x2853c    : c_ld a2, 0(a5)             : MemRead :  D=0x0000000000000054 A=0x596a0
2178500: system.cpu: T0 : 0x2853e    : addi a3, a5, 8             : IntAlu :  D=0x00000000000596a8
2179500: system.cpu: T0 : 0x28542    : add a4, a2, a6             : IntAlu :  D=0xfefefefefefeff53
2180500: system.cpu: T0 : 0x28546    : xori a2, a2, 18446744073709551615 : IntAlu :  D=0xffffffffffffffab
2181000: system.cpu: T0 : 0x2854a    : c_and a4, a2               : IntAlu :  D=0xfefefefefefeff03
2181500: system.cpu: T0 : 0x2854c    : c_and a4, a1               : IntAlu :  D=0x8080808080808000
2182000: system.cpu: T0 : 0x2854e    : c_beqz a4, 50              : IntAlu : 
2182500: system.cpu: T0 : 0x28550    : lbu a4, -8(a3)             : MemRead :  D=0x0000000000000054 A=0x596a0
2183000: system.cpu: T0 : 0x28554    : c_beqz a4, -40             : IntAlu : 
2184000: system.cpu: T0 : 0x28556    : lbu a4, -7(a3)             : MemRead :  D=0x0000000000000000 A=0x596a1
2184500: system.cpu: T0 : 0x2855a    : c_beqz a4, 50              : IntAlu : 
2185000: system.cpu: T0 : 0x2858c    : c_sub a5, a0               : IntAlu :  D=0x0000000000000010
2186000: system.cpu: T0 : 0x2858e    : addi a0, a5, 1             : IntAlu :  D=0x0000000000000011
2186500: system.cpu: T0 : 0x28592    : c_jr ra                    : IntAlu : 
2187000: system.cpu: T0 : 0x1dee4    : slli a5, s5, 8             : IntAlu :  D=0x0000000000004400
2187500: system.cpu: T0 : 0x1dee8    : or a5, s2, a5              : IntAlu :  D=0x000000000000444c
2188000: system.cpu: T0 : 0x1deec    : slliw s2, a5, 16           : IntAlu :  D=0x00000000444c0000
2188500: system.cpu: T0 : 0x1def0    : c_mv s3, a0                : IntAlu :  D=0x0000000000000011
2189500: system.cpu: T0 : 0x1def2    : sraiw s2, s2, 16           : IntAlu :  D=0x000000000000444c
2190500: system.cpu: T0 : 0x1def6    : addi s5, a0, -2            : IntAlu :  D=0x000000000000000f
2191000: system.cpu: T0 : 0x1defa    : c_addi s4, 2               : IntAlu :  D=0x0000000000059692
2191500: system.cpu: T0 : 0x1defc    : c_beqz s0, -50             : IntAlu : 
2192000: system.cpu: T0 : 0x1deca    : c_ldsp ra, 56(sp)          : MemRead :  D=0x000000000002c0ea A=0x7ffffffffffffd28
2192500: system.cpu: T0 : 0x1decc    : c_mv a0, s0                : IntAlu :  D=0x0000000000000000
2193000: system.cpu: T0 : 0x1dece    : c_ldsp s0, 48(sp)          : MemRead :  D=0x0000000000077f80 A=0x7ffffffffffffd20
2193500: system.cpu: T0 : 0x1ded0    : c_ldsp s1, 40(sp)          : MemRead :  D=0x0000000000078e68 A=0x7ffffffffffffd18
2194000: system.cpu: T0 : 0x1ded2    : c_ldsp s2, 32(sp)          : MemRead :  D=0x000000000007b000 A=0x7ffffffffffffd10
2194500: system.cpu: T0 : 0x1ded4    : c_ldsp s3, 24(sp)          : MemRead :  D=0x000000000007b000 A=0x7ffffffffffffd08
2195000: system.cpu: T0 : 0x1ded6    : c_ldsp s4, 16(sp)          : MemRead :  D=0x0000000000079000 A=0x7ffffffffffffd00
2195500: system.cpu: T0 : 0x1ded8    : c_ldsp s5, 8(sp)           : MemRead :  D=0x000000000007b000 A=0x7ffffffffffffcf8
2196000: system.cpu: T0 : 0x1deda    : c_ldsp s6, 0(sp)           : MemRead :  D=0x000000000007b000 A=0x7ffffffffffffcf0
2196500: system.cpu: T0 : 0x1dedc    : c_addi16sp sp, 64          : IntAlu :  D=0x7ffffffffffffd30
2197000: system.cpu: T0 : 0x1dede    : c_jr ra                    : IntAlu : 
2198000: system.cpu: T0 : 0x2c0ea    : lui a4, 123                : IntAlu :  D=0x000000000007b000
2199000: system.cpu: T0 : 0x2c0ee    : sd a0, -400(a4)            : MemWrite :  D=0x0000000000000000 A=0x7ae70
2200000: system.cpu: T0 : 0x2c0f2    : beq a0, zero, 550          : IntAlu : 
2200500: system.cpu: T0 : 0x2c318    : lui a5, 120                : IntAlu :  D=0x0000000000078000
2201000: system.cpu: T0 : 0x2c31c    : lw a5, -72(a5)             : MemRead :  D=0x0000000000000000 A=0x77fb8
2201500: system.cpu: T0 : 0x2c320    : c_beqz a5, -140            : IntAlu : 
2202000: system.cpu: T0 : 0x2c294    : lui a3, 89                 : IntAlu :  D=0x0000000000059000
2202500: system.cpu: T0 : 0x2c298    : addi a3, a3, 960           : IntAlu :  D=0x00000000000593c0
2203000: system.cpu: T0 : 0x2c29c    : c_j -396                   : IntAlu : 
2203500: system.cpu: T0 : 0x2c110    : sd a3, -400(a4)            : MemWrite :  D=0x00000000000593c0 A=0x7ae70
2204000: system.cpu: T0 : 0x2c114    : bne a5, zero, 344          : IntAlu : 
2204500: system.cpu: T0 : 0x2c118    : lui a0, 89                 : IntAlu :  D=0x0000000000059000
2205000: system.cpu: T0 : 0x2c11c    : addi a0, a0, 1704          : IntAlu :  D=0x00000000000596a8
2205500: system.cpu: T0 : 0x2c120    : jal ra, -58052             : IntAlu :  D=0x000000000002c124
2206000: system.cpu: T0 : 0x1de5c    : c_addi16sp sp, -64         : IntAlu :  D=0x7ffffffffffffcf0
2206500: system.cpu: T0 : 0x1de5e    : c_sdsp s1, 40(sp)          : MemWrite :  D=0x0000000000078e68 A=0x7ffffffffffffd18
2207000: system.cpu: T0 : 0x1de60    : ld s1, -1360(gp)           : MemRead :  D=0x7fffffffffffff48 A=0x79af8
2207500: system.cpu: T0 : 0x1de64    : c_sdsp ra, 56(sp)          : MemWrite :  D=0x000000000002c124 A=0x7ffffffffffffd28
2208000: system.cpu: T0 : 0x1de66    : c_sdsp s0, 48(sp)          : MemWrite :  D=0x0000000000077f80 A=0x7ffffffffffffd20
2208500: system.cpu: T0 : 0x1de68    : c_sdsp s2, 32(sp)          : MemWrite :  D=0x000000000007b000 A=0x7ffffffffffffd10
2209000: system.cpu: T0 : 0x1de6a    : c_sdsp s3, 24(sp)          : MemWrite :  D=0x000000000007b000 A=0x7ffffffffffffd08
2209500: system.cpu: T0 : 0x1de6c    : c_sdsp s4, 16(sp)          : MemWrite :  D=0x0000000000079000 A=0x7ffffffffffffd00
2210000: system.cpu: T0 : 0x1de6e    : c_sdsp s5, 8(sp)           : MemWrite :  D=0x000000000007b000 A=0x7ffffffffffffcf8
2210500: system.cpu: T0 : 0x1de70    : c_sdsp s6, 0(sp)           : MemWrite :  D=0x000000000007b000 A=0x7ffffffffffffcf0
2211000: system.cpu: T0 : 0x1de72    : c_beqz s1, 210             : IntAlu : 
2211500: system.cpu: T0 : 0x1de74    : lbu a5, 0(a0)              : MemRead :  D=0x000000000000004c A=0x596a8
2212000: system.cpu: T0 : 0x1de78    : c_mv s4, a0                : IntAlu :  D=0x00000000000596a8
2212500: system.cpu: T0 : 0x1de7a    : c_beqz a5, 202             : IntAlu : 
2213000: system.cpu: T0 : 0x1de7c    : lbu s5, 1(a0)              : MemRead :  D=0x0000000000000044 A=0x596a9
2213500: system.cpu: T0 : 0x1de80    : slliw s2, a5, 16           : IntAlu :  D=0x00000000004c0000
2214000: system.cpu: T0 : 0x1de84    : c_ld s0, 0(s1)             : MemRead :  D=0x0000000000000000 A=0x7fffffffffffff48
2215000: system.cpu: T0 : 0x1de86    : sraiw s2, s2, 16           : IntAlu :  D=0x000000000000004c
2216000: system.cpu: T0 : 0x1de8a    : bne s5, zero, 86           : IntAlu : 
2216500: system.cpu: T0 : 0x1dee0    : jal ra, 42548              : IntAlu :  D=0x000000000001dee4
2217000: system.cpu: T0 : 0x28514    : andi a5, a0, 7             : IntAlu :  D=0x0000000000000000
2217500: system.cpu: T0 : 0x28518    : c_beqz a5, 26              : IntAlu : 
2218000: system.cpu: T0 : 0x28532    : c_mv a5, a0                : IntAlu :  D=0x00000000000596a8
2218500: system.cpu: T0 : 0x28534    : ld a6, -2024(gp)           : MemRead :  D=0xfefefefefefefeff A=0x79860
2219000: system.cpu: T0 : 0x28538    : ld a1, -2016(gp)           : MemRead :  D=0x8080808080808080 A=0x79868
2219500: system.cpu: T0 : 0x2853c    : c_ld a2, 0(a5)             : MemRead :  D=0x4d555353415f444c A=0x596a8
2220500: system.cpu: T0 : 0x2853e    : addi a3, a5, 8             : IntAlu :  D=0x00000000000596b0
2221500: system.cpu: T0 : 0x28542    : add a4, a2, a6             : IntAlu :  D=0x4c545252405e434b
2222500: system.cpu: T0 : 0x28546    : xori a2, a2, 18446744073709551615 : IntAlu :  D=0xb2aaacacbea0bbb3
2223000: system.cpu: T0 : 0x2854a    : c_and a4, a2               : IntAlu :  D=0x0000000000000303
2223500: system.cpu: T0 : 0x2854c    : c_and a4, a1               : IntAlu :  D=0x0000000000000000
2224000: system.cpu: T0 : 0x2854e    : c_beqz a4, 50              : IntAlu : 
2224500: system.cpu: T0 : 0x28580    : c_mv a5, a3                : IntAlu :  D=0x00000000000596b0
2225000: system.cpu: T0 : 0x28582    : c_j -70                    : IntAlu : 
2225500: system.cpu: T0 : 0x2853c    : c_ld a2, 0(a5)             : MemRead :  D=0x4c454e52454b5f45 A=0x596b0
2226500: system.cpu: T0 : 0x2853e    : addi a3, a5, 8             : IntAlu :  D=0x00000000000596b8
2227500: system.cpu: T0 : 0x28542    : add a4, a2, a6             : IntAlu :  D=0x4b444d51444a5e44
2228500: system.cpu: T0 : 0x28546    : xori a2, a2, 18446744073709551615 : IntAlu :  D=0xb3bab1adbab4a0ba
2229000: system.cpu: T0 : 0x2854a    : c_and a4, a2               : IntAlu :  D=0x0300010100000000
2229500: system.cpu: T0 : 0x2854c    : c_and a4, a1               : IntAlu :  D=0x0000000000000000
2230000: system.cpu: T0 : 0x2854e    : c_beqz a4, 50              : IntAlu : 
2230500: system.cpu: T0 : 0x28580    : c_mv a5, a3                : IntAlu :  D=0x00000000000596b8
2231000: system.cpu: T0 : 0x28582    : c_j -70                    : IntAlu : 
2231500: system.cpu: T0 : 0x2853c    : c_ld a2, 0(a5)             : MemRead :  D=0x0000000000000000 A=0x596b8
2232500: system.cpu: T0 : 0x2853e    : addi a3, a5, 8             : IntAlu :  D=0x00000000000596c0
2233500: system.cpu: T0 : 0x28542    : add a4, a2, a6             : IntAlu :  D=0xfefefefefefefeff
2234500: system.cpu: T0 : 0x28546    : xori a2, a2, 18446744073709551615 : IntAlu :  D=0xffffffffffffffff
2235000: system.cpu: T0 : 0x2854a    : c_and a4, a2               : IntAlu :  D=0xfefefefefefefeff
2235500: system.cpu: T0 : 0x2854c    : c_and a4, a1               : IntAlu :  D=0x8080808080808080
2236000: system.cpu: T0 : 0x2854e    : c_beqz a4, 50              : IntAlu : 
2236500: system.cpu: T0 : 0x28550    : lbu a4, -8(a3)             : MemRead :  D=0x0000000000000000 A=0x596b8
2237000: system.cpu: T0 : 0x28554    : c_beqz a4, -40             : IntAlu : 
2237500: system.cpu: T0 : 0x2852c    : sub a0, a5, a0             : IntAlu :  D=0x0000000000000010
2238000: system.cpu: T0 : 0x28530    : c_jr ra                    : IntAlu : 
2238500: system.cpu: T0 : 0x1dee4    : slli a5, s5, 8             : IntAlu :  D=0x0000000000004400
2239000: system.cpu: T0 : 0x1dee8    : or a5, s2, a5              : IntAlu :  D=0x000000000000444c
2239500: system.cpu: T0 : 0x1deec    : slliw s2, a5, 16           : IntAlu :  D=0x00000000444c0000
2240000: system.cpu: T0 : 0x1def0    : c_mv s3, a0                : IntAlu :  D=0x0000000000000010
2241000: system.cpu: T0 : 0x1def2    : sraiw s2, s2, 16           : IntAlu :  D=0x000000000000444c
2242000: system.cpu: T0 : 0x1def6    : addi s5, a0, -2            : IntAlu :  D=0x000000000000000e
2242500: system.cpu: T0 : 0x1defa    : c_addi s4, 2               : IntAlu :  D=0x00000000000596aa
2243000: system.cpu: T0 : 0x1defc    : c_beqz s0, -50             : IntAlu : 
2243500: system.cpu: T0 : 0x1deca    : c_ldsp ra, 56(sp)          : MemRead :  D=0x000000000002c124 A=0x7ffffffffffffd28
2244000: system.cpu: T0 : 0x1decc    : c_mv a0, s0                : IntAlu :  D=0x0000000000000000
2244500: system.cpu: T0 : 0x1dece    : c_ldsp s0, 48(sp)          : MemRead :  D=0x0000000000077f80 A=0x7ffffffffffffd20
2245000: system.cpu: T0 : 0x1ded0    : c_ldsp s1, 40(sp)          : MemRead :  D=0x0000000000078e68 A=0x7ffffffffffffd18
2245500: system.cpu: T0 : 0x1ded2    : c_ldsp s2, 32(sp)          : MemRead :  D=0x000000000007b000 A=0x7ffffffffffffd10
2246000: system.cpu: T0 : 0x1ded4    : c_ldsp s3, 24(sp)          : MemRead :  D=0x000000000007b000 A=0x7ffffffffffffd08
2246500: system.cpu: T0 : 0x1ded6    : c_ldsp s4, 16(sp)          : MemRead :  D=0x0000000000079000 A=0x7ffffffffffffd00
2247000: system.cpu: T0 : 0x1ded8    : c_ldsp s5, 8(sp)           : MemRead :  D=0x000000000007b000 A=0x7ffffffffffffcf8
2247500: system.cpu: T0 : 0x1deda    : c_ldsp s6, 0(sp)           : MemRead :  D=0x000000000007b000 A=0x7ffffffffffffcf0
2248000: system.cpu: T0 : 0x1dedc    : c_addi16sp sp, 64          : IntAlu :  D=0x7ffffffffffffd30
2248500: system.cpu: T0 : 0x1dede    : c_jr ra                    : IntAlu : 
2249000: system.cpu: T0 : 0x2c124    : c_mv s0, a0                : IntAlu :  D=0x0000000000000000
2249500: system.cpu: T0 : 0x2c126    : c_beqz a0, 76              : IntAlu : 
2250500: system.cpu: T0 : 0x2c172    : lui a5, 123                : IntAlu :  D=0x000000000007b000
2251500: system.cpu: T0 : 0x2c176    : ld a0, -344(a5)            : MemRead :  D=0x0000000000000000 A=0x7aea8
2252000: system.cpu: T0 : 0x2c17a    : c_beqz a0, 14              : IntAlu : 
2252500: system.cpu: T0 : 0x2c188    : ld a5, -312(s2)            : MemRead :  D=0x0000000000010040 A=0x7aec8
2253000: system.cpu: T0 : 0x2c18c    : ld t3, 1120(s1)            : MemRead :  D=0x0000000000000000 A=0x792c8
2253500: system.cpu: T0 : 0x2c190    : c_beqz a5, 110             : IntAlu : 
2254500: system.cpu: T0 : 0x2c192    : ld a4, -256(s3)            : MemRead :  D=0x0000000000000006 A=0x7af00
2255500: system.cpu: T0 : 0x2c196    : slli a3, a4, 3             : IntAlu :  D=0x0000000000000030
2256000: system.cpu: T0 : 0x2c19a    : c_sub a3, a4               : IntAlu :  D=0x000000000000002a
2256500: system.cpu: T0 : 0x2c19c    : c_slli a3, 3               : IntAlu :  D=0x0000000000000150
2257000: system.cpu: T0 : 0x2c19e    : c_add a3, a5               : IntAlu :  D=0x0000000000010190
2257500: system.cpu: T0 : 0x2c1a0    : bgeu a5, a3, 94            : IntAlu : 
2258000: system.cpu: T0 : 0x2c1a4    : lui a2, 411470             : IntAlu :  D=0x000000006474e000
2258500: system.cpu: T0 : 0x2c1a8    : addi a1, a2, 1361          : IntAlu :  D=0x000000006474e551
2259000: system.cpu: T0 : 0x2c1ac    : ld t4, 1112(s1)            : MemRead :  D=0x0000000000000000 A=0x792c0
2259500: system.cpu: T0 : 0x2c1b0    : lw t1, -1800(gp)           : MemRead :  D=0x0000000000000006 A=0x79940
2260000: system.cpu: T0 : 0x2c1b4    : c_mv a6, t3                : IntAlu :  D=0x0000000000000000
2260500: system.cpu: T0 : 0x2c1b6    : c_li a7, 0                 : IntAlu :  D=0x0000000000000000
2261000: system.cpu: T0 : 0x2c1b8    : c_li a0, 0                 : IntAlu :  D=0x0000000000000000
2262000: system.cpu: T0 : 0x2c1ba    : addi a2, a2, 1362          : IntAlu :  D=0x000000006474e552
2262500: system.cpu: T0 : 0x2c1be    : c_j 24                     : IntAlu : 
2263000: system.cpu: T0 : 0x2c1d6    : c_lw a4, 0(a5)             : MemRead :  D=0x0000000000000001 A=0x10040
2263500: system.cpu: T0 : 0x2c1d8    : bne a4, a1, -24            : IntAlu : 
2264000: system.cpu: T0 : 0x2c1c0    : bne a4, a2, 14             : IntAlu : 
2265000: system.cpu: T0 : 0x2c1ce    : addi a5, a5, 56            : IntAlu :  D=0x0000000000010078
2266000: system.cpu: T0 : 0x2c1d2    : bgeu a5, a3, 24            : IntAlu : 
2266500: system.cpu: T0 : 0x2c1d6    : c_lw a4, 0(a5)             : MemRead :  D=0x0000000000000001 A=0x10078
2267000: system.cpu: T0 : 0x2c1d8    : bne a4, a1, -24            : IntAlu : 
2267500: system.cpu: T0 : 0x2c1c0    : bne a4, a2, 14             : IntAlu : 
2268500: system.cpu: T0 : 0x2c1ce    : addi a5, a5, 56            : IntAlu :  D=0x00000000000100b0
2269500: system.cpu: T0 : 0x2c1d2    : bgeu a5, a3, 24            : IntAlu : 
2270000: system.cpu: T0 : 0x2c1d6    : c_lw a4, 0(a5)             : MemRead :  D=0x0000000000000004 A=0x100b0
2270500: system.cpu: T0 : 0x2c1d8    : bne a4, a1, -24            : IntAlu : 
2271000: system.cpu: T0 : 0x2c1c0    : bne a4, a2, 14             : IntAlu : 
2272000: system.cpu: T0 : 0x2c1ce    : addi a5, a5, 56            : IntAlu :  D=0x00000000000100e8
2273000: system.cpu: T0 : 0x2c1d2    : bgeu a5, a3, 24            : IntAlu : 
2273500: system.cpu: T0 : 0x2c1d6    : c_lw a4, 0(a5)             : MemRead :  D=0x0000000000000007 A=0x100e8
2274000: system.cpu: T0 : 0x2c1d8    : bne a4, a1, -24            : IntAlu : 
2274500: system.cpu: T0 : 0x2c1c0    : bne a4, a2, 14             : IntAlu : 
2275500: system.cpu: T0 : 0x2c1ce    : addi a5, a5, 56            : IntAlu :  D=0x0000000000010120
2276500: system.cpu: T0 : 0x2c1d2    : bgeu a5, a3, 24            : IntAlu : 
2277000: system.cpu: T0 : 0x2c1d6    : c_lw a4, 0(a5)             : MemRead :  D=0x000000006474e551 A=0x10120
2277500: system.cpu: T0 : 0x2c1d8    : bne a4, a1, -24            : IntAlu : 
2278000: system.cpu: T0 : 0x2c1dc    : lw t1, 4(a5)               : MemRead :  D=0x0000000000000006 A=0x10124
2278500: system.cpu: T0 : 0x2c1e0    : addi a5, a5, 56            : IntAlu :  D=0x0000000000010158
2279000: system.cpu: T0 : 0x2c1e4    : c_li a0, 1                 : IntAlu :  D=0x0000000000000001
2280000: system.cpu: T0 : 0x2c1e6    : bltu a5, a3, -16           : IntAlu : 
2280500: system.cpu: T0 : 0x2c1d6    : c_lw a4, 0(a5)             : MemRead :  D=0x000000006474e552 A=0x10158
2281000: system.cpu: T0 : 0x2c1d8    : bne a4, a1, -24            : IntAlu : 
2281500: system.cpu: T0 : 0x2c1c0    : bne a4, a2, 14             : IntAlu : 
2282000: system.cpu: T0 : 0x2c1c4    : ld t4, 16(a5)              : MemRead :  D=0x0000000000077ad0 A=0x10168
2282500: system.cpu: T0 : 0x2c1c8    : ld a6, 40(a5)              : MemRead :  D=0x0000000000000530 A=0x10180
2283000: system.cpu: T0 : 0x2c1cc    : c_li a7, 1                 : IntAlu :  D=0x0000000000000001
2284000: system.cpu: T0 : 0x2c1ce    : addi a5, a5, 56            : IntAlu :  D=0x0000000000010190
2285000: system.cpu: T0 : 0x2c1d2    : bgeu a5, a3, 24            : IntAlu : 
2285500: system.cpu: T0 : 0x2c1ea    : c_beqz a0, 6               : IntAlu : 
2286000: system.cpu: T0 : 0x2c1ec    : sw t1, -1800(gp)           : MemWrite :  D=0x0000000000000006 A=0x79940
2286500: system.cpu: T0 : 0x2c1f0    : beq a7, zero, 14           : IntAlu : 
2287000: system.cpu: T0 : 0x2c1f4    : sd t4, 1112(s1)            : MemWrite :  D=0x0000000000077ad0 A=0x792c0
2287500: system.cpu: T0 : 0x2c1f8    : sd a6, 1120(s1)            : MemWrite :  D=0x0000000000000530 A=0x792c8
2288000: system.cpu: T0 : 0x2c1fc    : c_mv t3, a6                : IntAlu :  D=0x0000000000000530
2289000: system.cpu: T0 : 0x2c1fe    : bne t3, zero, 272          : IntAlu : 
2290000: system.cpu: T0 : 0x2c30e    : addi a0, s4, -408          : IntAlu :  D=0x0000000000078e68
2291000: system.cpu: T0 : 0x2c312    : jal ra, 106388             : IntAlu :  D=0x000000000002c316
2291500: system.cpu: T0 : 0x462a6    : c_addi sp, -16             : IntAlu :  D=0x7ffffffffffffd20
2292000: system.cpu: T0 : 0x462a8    : c_ld a5, 0(a0)             : MemRead :  D=0x0000000000000000 A=0x78e68
2292500: system.cpu: T0 : 0x462aa    : c_sdsp s0, 0(sp)           : MemWrite :  D=0x0000000000000000 A=0x7ffffffffffffd20
2293000: system.cpu: T0 : 0x462ac    : c_mv s0, a0                : IntAlu :  D=0x0000000000078e68
2294000: system.cpu: T0 : 0x462ae    : ld a0, 1112(a0)            : MemRead :  D=0x0000000000077ad0 A=0x792c0
2295000: system.cpu: T0 : 0x462b2    : ld a4, -1784(gp)           : MemRead :  D=0x0000000000001000 A=0x79950
2296000: system.cpu: T0 : 0x462b6    : ld a1, 1120(s0)            : MemRead :  D=0x0000000000000530 A=0x792c8
2296500: system.cpu: T0 : 0x462ba    : c_add a5, a0               : IntAlu :  D=0x0000000000077ad0
2297000: system.cpu: T0 : 0x462bc    : sub a4, zero, a4           : IntAlu :  D=0xfffffffffffff000
2297500: system.cpu: T0 : 0x462c0    : c_add a1, a5               : IntAlu :  D=0x0000000000078000
2298000: system.cpu: T0 : 0x462c2    : c_sdsp ra, 8(sp)           : MemWrite :  D=0x000000000002c316 A=0x7ffffffffffffd28
2298500: system.cpu: T0 : 0x462c4    : and a0, a5, a4             : IntAlu :  D=0x0000000000077000
2299000: system.cpu: T0 : 0x462c8    : c_and a1, a4               : IntAlu :  D=0x0000000000078000
2300000: system.cpu: T0 : 0x462ca    : bne a0, a1, 12             : IntAlu : 
2300500: system.cpu: T0 : 0x462d6    : c_li a2, 1                 : IntAlu :  D=0x0000000000000001
2301000: system.cpu: T0 : 0x462d8    : c_sub a1, a0               : IntAlu :  D=0x0000000000001000
2302000: system.cpu: T0 : 0x462da    : jal ra, -113354            : IntAlu :  D=0x00000000000462de
2302500: system.cpu: T0 : 0x2a810    : addi a7, zero, 226         : IntAlu :  D=0x00000000000000e2
2303000: system.cpu: T0 : 0x2a814    : ecall                      : No_OpClass : 
2303500: system.cpu: T0 : 0x2a818    : c_lui a7, 1048575          : IntAlu :  D=0xfffffffffffff000
2304500: system.cpu: T0 : 0x2a81a    : bltu a7, a0, 6             : IntAlu : 
2305000: system.cpu: T0 : 0x2a81e    : c_jr ra                    : IntAlu : 
2306000: system.cpu: T0 : 0x462de    : bge a0, zero, -16          : IntAlu : 
2306500: system.cpu: T0 : 0x462ce    : c_ldsp ra, 8(sp)           : MemRead :  D=0x000000000002c316 A=0x7ffffffffffffd28
2307000: system.cpu: T0 : 0x462d0    : c_ldsp s0, 0(sp)           : MemRead :  D=0x0000000000000000 A=0x7ffffffffffffd20
2307500: system.cpu: T0 : 0x462d2    : c_addi sp, 16              : IntAlu :  D=0x7ffffffffffffd30
2308000: system.cpu: T0 : 0x462d4    : c_jr ra                    : IntAlu : 
2308500: system.cpu: T0 : 0x2c316    : c_j -276                   : IntAlu : 
2309000: system.cpu: T0 : 0x2c202    : c_ldsp ra, 152(sp)         : MemRead :  D=0x000000000002c594 A=0x7ffffffffffffdc8
2309500: system.cpu: T0 : 0x2c204    : c_ldsp s0, 144(sp)         : MemRead :  D=0x0000000000000001 A=0x7ffffffffffffdc0
2310000: system.cpu: T0 : 0x2c206    : c_ldsp s1, 136(sp)         : MemRead :  D=0x7fffffffffffff38 A=0x7ffffffffffffdb8
2310500: system.cpu: T0 : 0x2c208    : c_ldsp s2, 128(sp)         : MemRead :  D=0x7fffffffffffff48 A=0x7ffffffffffffdb0
2311000: system.cpu: T0 : 0x2c20a    : c_ldsp s3, 120(sp)         : MemRead :  D=0x0000000000000000 A=0x7ffffffffffffda8
2311500: system.cpu: T0 : 0x2c20c    : c_ldsp s4, 112(sp)         : MemRead :  D=0x0000000000000000 A=0x7ffffffffffffda0
2312000: system.cpu: T0 : 0x2c20e    : c_ldsp s5, 104(sp)         : MemRead :  D=0x0000000000000000 A=0x7ffffffffffffd98
2312500: system.cpu: T0 : 0x2c210    : c_ldsp s6, 96(sp)          : MemRead :  D=0x0000000000000000 A=0x7ffffffffffffd90
2313000: system.cpu: T0 : 0x2c212    : c_ldsp s7, 88(sp)          : MemRead :  D=0x0000000000000000 A=0x7ffffffffffffd88
2313500: system.cpu: T0 : 0x2c214    : c_ldsp s8, 80(sp)          : MemRead :  D=0x0000000000000000 A=0x7ffffffffffffd80
2314000: system.cpu: T0 : 0x2c216    : c_ldsp s9, 72(sp)          : MemRead :  D=0x0000000000000000 A=0x7ffffffffffffd78
2314500: system.cpu: T0 : 0x2c218    : c_ldsp s10, 64(sp)         : MemRead :  D=0x0000000000000000 A=0x7ffffffffffffd70
2315000: system.cpu: T0 : 0x2c21a    : c_addi16sp sp, 160         : IntAlu :  D=0x7ffffffffffffdd0
2315500: system.cpu: T0 : 0x2c21c    : c_jr ra                    : IntAlu : 
2316000: system.cpu: T0 : 0x2c594    : c_mv a2, s2                : IntAlu :  D=0x7fffffffffffff48
2316500: system.cpu: T0 : 0x2c596    : c_mv a1, s1                : IntAlu :  D=0x7fffffffffffff38
2317000: system.cpu: T0 : 0x2c598    : c_mv a0, s0                : IntAlu :  D=0x0000000000000001
2318000: system.cpu: T0 : 0x2c59a    : jal ra, -4344              : IntAlu :  D=0x000000000002c59e
2318500: system.cpu: T0 : 0x2b4a2    : c_beqz a1, 50              : IntAlu : 
2319000: system.cpu: T0 : 0x2b4a4    : c_addi sp, -32             : IntAlu :  D=0x7ffffffffffffdb0
2319500: system.cpu: T0 : 0x2b4a6    : c_sdsp s1, 8(sp)           : MemWrite :  D=0x7fffffffffffff38 A=0x7ffffffffffffdb8
2320000: system.cpu: T0 : 0x2b4a8    : c_ld s1, 0(a1)             : MemRead :  D=0x7fffffffffffffd9 A=0x7fffffffffffff38
2320500: system.cpu: T0 : 0x2b4aa    : c_sdsp s0, 16(sp)          : MemWrite :  D=0x0000000000000001 A=0x7ffffffffffffdc0
2321000: system.cpu: T0 : 0x2b4ac    : c_sdsp ra, 24(sp)          : MemWrite :  D=0x000000000002c59e A=0x7ffffffffffffdc8
2321500: system.cpu: T0 : 0x2b4ae    : c_mv s0, a1                : IntAlu :  D=0x7fffffffffffff38
2322000: system.cpu: T0 : 0x2b4b0    : c_beqz s1, 26              : IntAlu : 
2323000: system.cpu: T0 : 0x2b4b2    : addi a1, zero, 47          : IntAlu :  D=0x000000000000002f
2323500: system.cpu: T0 : 0x2b4b6    : c_mv a0, s1                : IntAlu :  D=0x7fffffffffffffd9
2324000: system.cpu: T0 : 0x2b4b8    : jal ra, 90482              : IntAlu :  D=0x000000000002b4bc
2324500: system.cpu: T0 : 0x4162a    : c_addi sp, -32             : IntAlu :  D=0x7ffffffffffffd90
2325000: system.cpu: T0 : 0x4162c    : c_sdsp s0, 16(sp)          : MemWrite :  D=0x7fffffffffffff38 A=0x7ffffffffffffda0
2325500: system.cpu: T0 : 0x4162e    : c_sdsp s1, 8(sp)           : MemWrite :  D=0x7fffffffffffffd9 A=0x7ffffffffffffd98
2326000: system.cpu: T0 : 0x41630    : c_sdsp s2, 0(sp)           : MemWrite :  D=0x7fffffffffffff48 A=0x7ffffffffffffd90
2326500: system.cpu: T0 : 0x41632    : c_sdsp ra, 24(sp)          : MemWrite :  D=0x000000000002b4bc A=0x7ffffffffffffda8
2327000: system.cpu: T0 : 0x41634    : andi s1, a1, 255           : IntAlu :  D=0x000000000000002f
2327500: system.cpu: T0 : 0x41638    : c_mv s0, a0                : IntAlu :  D=0x7fffffffffffffd9
2328000: system.cpu: T0 : 0x4163a    : c_li s2, 0                 : IntAlu :  D=0x0000000000000000
2328500: system.cpu: T0 : 0x4163c    : c_bnez s1, 10              : IntAlu : 
2329000: system.cpu: T0 : 0x41646    : c_mv a0, s0                : IntAlu :  D=0x7fffffffffffffd9
2329500: system.cpu: T0 : 0x41648    : c_mv a1, s1                : IntAlu :  D=0x000000000000002f
2330500: system.cpu: T0 : 0x4164a    : jal ra, -103340            : IntAlu :  D=0x000000000004164e
2331500: system.cpu: T0 : 0x2829e    : andi a5, a0, 7             : IntAlu :  D=0x0000000000000001
2332500: system.cpu: T0 : 0x282a2    : andi a4, a1, 255           : IntAlu :  D=0x000000000000002f
2333000: system.cpu: T0 : 0x282a6    : c_bnez a5, 14              : IntAlu : 
2333500: system.cpu: T0 : 0x282b4    : lbu a5, 0(a0)              : MemRead :  D=0x000000000000002e A=0x7fffffffffffffd9
2334000: system.cpu: T0 : 0x282b8    : bne a5, a4, -14            : IntAlu : 
2334500: system.cpu: T0 : 0x282aa    : c_addi a0, 1               : IntAlu :  D=0x7fffffffffffffda
2335000: system.cpu: T0 : 0x282ac    : andi a3, a0, 7             : IntAlu :  D=0x0000000000000002
2335500: system.cpu: T0 : 0x282b0    : c_beqz a5, 168             : IntAlu : 
2336000: system.cpu: T0 : 0x282b2    : c_beqz a3, 12              : IntAlu : 
2336500: system.cpu: T0 : 0x282b4    : lbu a5, 0(a0)              : MemRead :  D=0x000000000000002e A=0x7fffffffffffffda
2337000: system.cpu: T0 : 0x282b8    : bne a5, a4, -14            : IntAlu : 
2337500: system.cpu: T0 : 0x282aa    : c_addi a0, 1               : IntAlu :  D=0x7fffffffffffffdb
2338000: system.cpu: T0 : 0x282ac    : andi a3, a0, 7             : IntAlu :  D=0x0000000000000003
2338500: system.cpu: T0 : 0x282b0    : c_beqz a5, 168             : IntAlu : 
2339000: system.cpu: T0 : 0x282b2    : c_beqz a3, 12              : IntAlu : 
2339500: system.cpu: T0 : 0x282b4    : lbu a5, 0(a0)              : MemRead :  D=0x000000000000002f A=0x7fffffffffffffdb
2340000: system.cpu: T0 : 0x282b8    : bne a5, a4, -14            : IntAlu : 
2340500: system.cpu: T0 : 0x282bc    : c_jr ra                    : IntAlu : 
2341000: system.cpu: T0 : 0x4164e    : c_bnez a0, -14             : IntAlu : 
2341500: system.cpu: T0 : 0x41640    : addi s0, a0, 1             : IntAlu :  D=0x7fffffffffffffdc
2342000: system.cpu: T0 : 0x41644    : c_mv s2, a0                : IntAlu :  D=0x7fffffffffffffdb
2342500: system.cpu: T0 : 0x41646    : c_mv a0, s0                : IntAlu :  D=0x7fffffffffffffdc
2343000: system.cpu: T0 : 0x41648    : c_mv a1, s1                : IntAlu :  D=0x000000000000002f
2344000: system.cpu: T0 : 0x4164a    : jal ra, -103340            : IntAlu :  D=0x000000000004164e
2345000: system.cpu: T0 : 0x2829e    : andi a5, a0, 7             : IntAlu :  D=0x0000000000000004
2346000: system.cpu: T0 : 0x282a2    : andi a4, a1, 255           : IntAlu :  D=0x000000000000002f
2346500: system.cpu: T0 : 0x282a6    : c_bnez a5, 14              : IntAlu : 
2347000: system.cpu: T0 : 0x282b4    : lbu a5, 0(a0)              : MemRead :  D=0x0000000000000044 A=0x7fffffffffffffdc
2347500: system.cpu: T0 : 0x282b8    : bne a5, a4, -14            : IntAlu : 
2348000: system.cpu: T0 : 0x282aa    : c_addi a0, 1               : IntAlu :  D=0x7fffffffffffffdd
2348500: system.cpu: T0 : 0x282ac    : andi a3, a0, 7             : IntAlu :  D=0x0000000000000005
2349000: system.cpu: T0 : 0x282b0    : c_beqz a5, 168             : IntAlu : 
2349500: system.cpu: T0 : 0x282b2    : c_beqz a3, 12              : IntAlu : 
2350000: system.cpu: T0 : 0x282b4    : lbu a5, 0(a0)              : MemRead :  D=0x000000000000006f A=0x7fffffffffffffdd
2350500: system.cpu: T0 : 0x282b8    : bne a5, a4, -14            : IntAlu : 
2351000: system.cpu: T0 : 0x282aa    : c_addi a0, 1               : IntAlu :  D=0x7fffffffffffffde
2351500: system.cpu: T0 : 0x282ac    : andi a3, a0, 7             : IntAlu :  D=0x0000000000000006
2352000: system.cpu: T0 : 0x282b0    : c_beqz a5, 168             : IntAlu : 
2352500: system.cpu: T0 : 0x282b2    : c_beqz a3, 12              : IntAlu : 
2353000: system.cpu: T0 : 0x282b4    : lbu a5, 0(a0)              : MemRead :  D=0x0000000000000077 A=0x7fffffffffffffde
2353500: system.cpu: T0 : 0x282b8    : bne a5, a4, -14            : IntAlu : 
2354000: system.cpu: T0 : 0x282aa    : c_addi a0, 1               : IntAlu :  D=0x7fffffffffffffdf
2354500: system.cpu: T0 : 0x282ac    : andi a3, a0, 7             : IntAlu :  D=0x0000000000000007
2355000: system.cpu: T0 : 0x282b0    : c_beqz a5, 168             : IntAlu : 
2355500: system.cpu: T0 : 0x282b2    : c_beqz a3, 12              : IntAlu : 
2356000: system.cpu: T0 : 0x282b4    : lbu a5, 0(a0)              : MemRead :  D=0x000000000000006e A=0x7fffffffffffffdf
2356500: system.cpu: T0 : 0x282b8    : bne a5, a4, -14            : IntAlu : 
2357000: system.cpu: T0 : 0x282aa    : c_addi a0, 1               : IntAlu :  D=0x7fffffffffffffe0
2357500: system.cpu: T0 : 0x282ac    : andi a3, a0, 7             : IntAlu :  D=0x0000000000000000
2358000: system.cpu: T0 : 0x282b0    : c_beqz a5, 168             : IntAlu : 
2358500: system.cpu: T0 : 0x282b2    : c_beqz a3, 12              : IntAlu : 
2359000: system.cpu: T0 : 0x282be    : c_lui a3, 16               : IntAlu :  D=0x0000000000010000
2359500: system.cpu: T0 : 0x282c0    : slliw a5, a1, 8            : IntAlu :  D=0x0000000000002f00
2360000: system.cpu: T0 : 0x282c4    : c_addi a3, -1              : IntAlu :  D=0x000000000000ffff
2360500: system.cpu: T0 : 0x282c6    : c_and a5, a3               : IntAlu :  D=0x0000000000002f00
2361000: system.cpu: T0 : 0x282c8    : andi a1, a1, 255           : IntAlu :  D=0x000000000000002f
2361500: system.cpu: T0 : 0x282cc    : c_or a1, a5                : IntAlu :  D=0x0000000000002f2f
2362000: system.cpu: T0 : 0x282ce    : c_addiw a1, 0              : IntAlu :  D=0x0000000000002f2f
2362500: system.cpu: T0 : 0x282d0    : slli t1, a1, 16            : IntAlu :  D=0x000000002f2f0000
2363000: system.cpu: T0 : 0x282d4    : or a1, t1, a1              : IntAlu :  D=0x000000002f2f2f2f
2363500: system.cpu: T0 : 0x282d8    : ld a6, -2032(gp)           : MemRead :  D=0x7efefefefefefeff A=0x79858
2364000: system.cpu: T0 : 0x282dc    : slli t1, a1, 32            : IntAlu :  D=0x2f2f2f2f00000000
2364500: system.cpu: T0 : 0x282e0    : or t1, t1, a1              : IntAlu :  D=0x2f2f2f2f2f2f2f2f
2365000: system.cpu: T0 : 0x282e4    : c_li t3, -1                : IntAlu :  D=0xffffffffffffffff
2365500: system.cpu: T0 : 0x282e6    : c_ld a1, 0(a0)             : MemRead :  D=0x736e2f7364616f6c A=0x7fffffffffffffe0
2366000: system.cpu: T0 : 0x282e8    : addi a5, a0, 8             : IntAlu :  D=0x7fffffffffffffe8
2366500: system.cpu: T0 : 0x282ec    : xor a7, t1, a1             : IntAlu :  D=0x5c41005c4b4e4043
2367000: system.cpu: T0 : 0x282f0    : add a3, a1, a6             : IntAlu :  D=0xf26d2e7263606e6b
2367500: system.cpu: T0 : 0x282f4    : add a2, a7, a6             : IntAlu :  D=0xdb3fff5b4a4d3f42
2368000: system.cpu: T0 : 0x282f8    : c_xor a3, a1               : IntAlu :  D=0x8103010107010107
2369000: system.cpu: T0 : 0x282fa    : xor a2, a2, a7             : IntAlu :  D=0x877eff0701037f01
2369500: system.cpu: T0 : 0x282fe    : c_and a3, a2               : IntAlu :  D=0x8102010101010101
2370000: system.cpu: T0 : 0x28300    : or a3, a3, a6              : IntAlu :  D=0xfffeffffffffffff
2370500: system.cpu: T0 : 0x28304    : beq a3, t3, 88             : IntAlu : 
2371000: system.cpu: T0 : 0x28308    : lbu a3, -8(a5)             : MemRead :  D=0x000000000000006c A=0x7fffffffffffffe0
2371500: system.cpu: T0 : 0x2830c    : beq a3, a4, -80            : IntAlu : 
2372000: system.cpu: T0 : 0x28310    : c_beqz a3, 72              : IntAlu : 
2373000: system.cpu: T0 : 0x28312    : lbu a3, -7(a5)             : MemRead :  D=0x000000000000006f A=0x7fffffffffffffe1
2374000: system.cpu: T0 : 0x28316    : beq a3, a4, 74             : IntAlu : 
2374500: system.cpu: T0 : 0x2831a    : c_beqz a3, 62              : IntAlu : 
2375000: system.cpu: T0 : 0x2831c    : lbu a3, -6(a5)             : MemRead :  D=0x0000000000000061 A=0x7fffffffffffffe2
2375500: system.cpu: T0 : 0x28320    : beq a3, a4, 68             : IntAlu : 
2376000: system.cpu: T0 : 0x28324    : c_beqz a3, 52              : IntAlu : 
2377000: system.cpu: T0 : 0x28326    : lbu a3, -5(a5)             : MemRead :  D=0x0000000000000064 A=0x7fffffffffffffe3
2378000: system.cpu: T0 : 0x2832a    : beq a3, a4, 62             : IntAlu : 
2378500: system.cpu: T0 : 0x2832e    : c_beqz a3, 42              : IntAlu : 
2379000: system.cpu: T0 : 0x28330    : lbu a3, -4(a5)             : MemRead :  D=0x0000000000000073 A=0x7fffffffffffffe4
2379500: system.cpu: T0 : 0x28334    : beq a3, a4, 56             : IntAlu : 
2380000: system.cpu: T0 : 0x28338    : c_beqz a3, 32              : IntAlu : 
2381000: system.cpu: T0 : 0x2833a    : lbu a3, -3(a5)             : MemRead :  D=0x000000000000002f A=0x7fffffffffffffe5
2382000: system.cpu: T0 : 0x2833e    : beq a3, a4, 50             : IntAlu : 
2382500: system.cpu: T0 : 0x28370    : c_addi a0, 5               : IntAlu :  D=0x7fffffffffffffe5
2383000: system.cpu: T0 : 0x28372    : c_jr ra                    : IntAlu : 
2383500: system.cpu: T0 : 0x4164e    : c_bnez a0, -14             : IntAlu : 
2384000: system.cpu: T0 : 0x41640    : addi s0, a0, 1             : IntAlu :  D=0x7fffffffffffffe6
2384500: system.cpu: T0 : 0x41644    : c_mv s2, a0                : IntAlu :  D=0x7fffffffffffffe5
2385000: system.cpu: T0 : 0x41646    : c_mv a0, s0                : IntAlu :  D=0x7fffffffffffffe6
2385500: system.cpu: T0 : 0x41648    : c_mv a1, s1                : IntAlu :  D=0x000000000000002f
2386500: system.cpu: T0 : 0x4164a    : jal ra, -103340            : IntAlu :  D=0x000000000004164e
2387500: system.cpu: T0 : 0x2829e    : andi a5, a0, 7             : IntAlu :  D=0x0000000000000006
2388500: system.cpu: T0 : 0x282a2    : andi a4, a1, 255           : IntAlu :  D=0x000000000000002f
2389000: system.cpu: T0 : 0x282a6    : c_bnez a5, 14              : IntAlu : 
2389500: system.cpu: T0 : 0x282b4    : lbu a5, 0(a0)              : MemRead :  D=0x000000000000006e A=0x7fffffffffffffe6
2390000: system.cpu: T0 : 0x282b8    : bne a5, a4, -14            : IntAlu : 
2390500: system.cpu: T0 : 0x282aa    : c_addi a0, 1               : IntAlu :  D=0x7fffffffffffffe7
2391000: system.cpu: T0 : 0x282ac    : andi a3, a0, 7             : IntAlu :  D=0x0000000000000007
2391500: system.cpu: T0 : 0x282b0    : c_beqz a5, 168             : IntAlu : 
2392000: system.cpu: T0 : 0x282b2    : c_beqz a3, 12              : IntAlu : 
2392500: system.cpu: T0 : 0x282b4    : lbu a5, 0(a0)              : MemRead :  D=0x0000000000000073 A=0x7fffffffffffffe7
2393000: system.cpu: T0 : 0x282b8    : bne a5, a4, -14            : IntAlu : 
2393500: system.cpu: T0 : 0x282aa    : c_addi a0, 1               : IntAlu :  D=0x7fffffffffffffe8
2394000: system.cpu: T0 : 0x282ac    : andi a3, a0, 7             : IntAlu :  D=0x0000000000000000
2394500: system.cpu: T0 : 0x282b0    : c_beqz a5, 168             : IntAlu : 
2395000: system.cpu: T0 : 0x282b2    : c_beqz a3, 12              : IntAlu : 
2395500: system.cpu: T0 : 0x282be    : c_lui a3, 16               : IntAlu :  D=0x0000000000010000
2396000: system.cpu: T0 : 0x282c0    : slliw a5, a1, 8            : IntAlu :  D=0x0000000000002f00
2396500: system.cpu: T0 : 0x282c4    : c_addi a3, -1              : IntAlu :  D=0x000000000000ffff
2397000: system.cpu: T0 : 0x282c6    : c_and a5, a3               : IntAlu :  D=0x0000000000002f00
2397500: system.cpu: T0 : 0x282c8    : andi a1, a1, 255           : IntAlu :  D=0x000000000000002f
2398000: system.cpu: T0 : 0x282cc    : c_or a1, a5                : IntAlu :  D=0x0000000000002f2f
2398500: system.cpu: T0 : 0x282ce    : c_addiw a1, 0              : IntAlu :  D=0x0000000000002f2f
2399000: system.cpu: T0 : 0x282d0    : slli t1, a1, 16            : IntAlu :  D=0x000000002f2f0000
2399500: system.cpu: T0 : 0x282d4    : or a1, t1, a1              : IntAlu :  D=0x000000002f2f2f2f
2400000: system.cpu: T0 : 0x282d8    : ld a6, -2032(gp)           : MemRead :  D=0x7efefefefefefeff A=0x79858
2400500: system.cpu: T0 : 0x282dc    : slli t1, a1, 32            : IntAlu :  D=0x2f2f2f2f00000000
2401000: system.cpu: T0 : 0x282e0    : or t1, t1, a1              : IntAlu :  D=0x2f2f2f2f2f2f2f2f
2401500: system.cpu: T0 : 0x282e4    : c_li t3, -1                : IntAlu :  D=0xffffffffffffffff
2402000: system.cpu: T0 : 0x282e6    : c_ld a1, 0(a0)             : MemRead :  D=0xc90075656e686369 A=0x7fffffffffffffe8
2402500: system.cpu: T0 : 0x282e8    : addi a5, a0, 8             : IntAlu :  D=0x7ffffffffffffff0
2403000: system.cpu: T0 : 0x282ec    : xor a7, t1, a1             : IntAlu :  D=0xe62f5a4a41474c46
2403500: system.cpu: T0 : 0x282f0    : add a3, a1, a6             : IntAlu :  D=0x47ff74646d676268
2404000: system.cpu: T0 : 0x282f4    : add a2, a7, a6             : IntAlu :  D=0x652e594940464b45
2404500: system.cpu: T0 : 0x282f8    : c_xor a3, a1               : IntAlu :  D=0x8eff0101030f0101
2405500: system.cpu: T0 : 0x282fa    : xor a2, a2, a7             : IntAlu :  D=0x8301030301010703
2406000: system.cpu: T0 : 0x282fe    : c_and a3, a2               : IntAlu :  D=0x8201010101010101
2406500: system.cpu: T0 : 0x28300    : or a3, a3, a6              : IntAlu :  D=0xfeffffffffffffff
2407000: system.cpu: T0 : 0x28304    : beq a3, t3, 88             : IntAlu : 
2407500: system.cpu: T0 : 0x28308    : lbu a3, -8(a5)             : MemRead :  D=0x0000000000000069 A=0x7fffffffffffffe8
2408000: system.cpu: T0 : 0x2830c    : beq a3, a4, -80            : IntAlu : 
2408500: system.cpu: T0 : 0x28310    : c_beqz a3, 72              : IntAlu : 
2409500: system.cpu: T0 : 0x28312    : lbu a3, -7(a5)             : MemRead :  D=0x0000000000000063 A=0x7fffffffffffffe9
2410500: system.cpu: T0 : 0x28316    : beq a3, a4, 74             : IntAlu : 
2411000: system.cpu: T0 : 0x2831a    : c_beqz a3, 62              : IntAlu : 
2411500: system.cpu: T0 : 0x2831c    : lbu a3, -6(a5)             : MemRead :  D=0x0000000000000068 A=0x7fffffffffffffea
2412000: system.cpu: T0 : 0x28320    : beq a3, a4, 68             : IntAlu : 
2412500: system.cpu: T0 : 0x28324    : c_beqz a3, 52              : IntAlu : 
2413500: system.cpu: T0 : 0x28326    : lbu a3, -5(a5)             : MemRead :  D=0x000000000000006e A=0x7fffffffffffffeb
2414500: system.cpu: T0 : 0x2832a    : beq a3, a4, 62             : IntAlu : 
2415000: system.cpu: T0 : 0x2832e    : c_beqz a3, 42              : IntAlu : 
2415500: system.cpu: T0 : 0x28330    : lbu a3, -4(a5)             : MemRead :  D=0x0000000000000065 A=0x7fffffffffffffec
2416000: system.cpu: T0 : 0x28334    : beq a3, a4, 56             : IntAlu : 
2416500: system.cpu: T0 : 0x28338    : c_beqz a3, 32              : IntAlu : 
2417500: system.cpu: T0 : 0x2833a    : lbu a3, -3(a5)             : MemRead :  D=0x0000000000000075 A=0x7fffffffffffffed
2418500: system.cpu: T0 : 0x2833e    : beq a3, a4, 50             : IntAlu : 
2419000: system.cpu: T0 : 0x28342    : c_beqz a3, 22              : IntAlu : 
2419500: system.cpu: T0 : 0x28344    : lbu a3, -2(a5)             : MemRead :  D=0x0000000000000000 A=0x7fffffffffffffee
2420000: system.cpu: T0 : 0x28348    : beq a3, a4, 44             : IntAlu : 
2420500: system.cpu: T0 : 0x2834c    : c_beqz a3, 12              : IntAlu : 
2421000: system.cpu: T0 : 0x28358    : c_li a0, 0                 : IntAlu :  D=0x0000000000000000
2421500: system.cpu: T0 : 0x2835a    : c_jr ra                    : IntAlu : 
2422000: system.cpu: T0 : 0x4164e    : c_bnez a0, -14             : IntAlu : 
2422500: system.cpu: T0 : 0x41650    : c_ldsp ra, 24(sp)          : MemRead :  D=0x000000000002b4bc A=0x7ffffffffffffda8
2423000: system.cpu: T0 : 0x41652    : c_ldsp s0, 16(sp)          : MemRead :  D=0x7fffffffffffff38 A=0x7ffffffffffffda0
2423500: system.cpu: T0 : 0x41654    : c_ldsp s1, 8(sp)           : MemRead :  D=0x7fffffffffffffd9 A=0x7ffffffffffffd98
2424000: system.cpu: T0 : 0x41656    : c_mv a0, s2                : IntAlu :  D=0x7fffffffffffffe5
2424500: system.cpu: T0 : 0x41658    : c_ldsp s2, 0(sp)           : MemRead :  D=0x7fffffffffffff48 A=0x7ffffffffffffd90
2425000: system.cpu: T0 : 0x4165a    : c_addi16sp sp, 32          : IntAlu :  D=0x7ffffffffffffdb0
2425500: system.cpu: T0 : 0x4165c    : c_jr ra                    : IntAlu : 
2426000: system.cpu: T0 : 0x2b4bc    : c_beqz a0, 26              : IntAlu : 
2426500: system.cpu: T0 : 0x2b4be    : c_addi a0, 1               : IntAlu :  D=0x7fffffffffffffe6
2427000: system.cpu: T0 : 0x2b4c0    : sd a0, -1824(gp)           : MemWrite :  D=0x7fffffffffffffe6 A=0x79928
2427500: system.cpu: T0 : 0x2b4c4    : c_ld a4, 0(s0)             : MemRead :  D=0x7fffffffffffffd9 A=0x7fffffffffffff38
2428500: system.cpu: T0 : 0x2b4c6    : sd a4, -1816(gp)           : MemWrite :  D=0x7fffffffffffffd9 A=0x79930
2429000: system.cpu: T0 : 0x2b4ca    : c_ldsp ra, 24(sp)          : MemRead :  D=0x000000000002c59e A=0x7ffffffffffffdc8
2429500: system.cpu: T0 : 0x2b4cc    : c_ldsp s0, 16(sp)          : MemRead :  D=0x0000000000000001 A=0x7ffffffffffffdc0
2430000: system.cpu: T0 : 0x2b4ce    : c_ldsp s1, 8(sp)           : MemRead :  D=0x7fffffffffffff38 A=0x7ffffffffffffdb8
2430500: system.cpu: T0 : 0x2b4d0    : c_addi16sp sp, 32          : IntAlu :  D=0x7ffffffffffffdd0
2431000: system.cpu: T0 : 0x2b4d2    : c_jr ra                    : IntAlu : 
2431500: system.cpu: T0 : 0x2c59e    : c_ldsp s0, 16(sp)          : MemRead :  D=0x000000000001a152 A=0x7ffffffffffffde0
2432000: system.cpu: T0 : 0x2c5a0    : c_ldsp ra, 24(sp)          : MemRead :  D=0x0000000000019dc6 A=0x7ffffffffffffde8
2432500: system.cpu: T0 : 0x2c5a2    : c_ldsp s1, 8(sp)           : MemRead :  D=0x000000000001a1e2 A=0x7ffffffffffffdd8
2433000: system.cpu: T0 : 0x2c5a4    : c_ldsp s2, 0(sp)           : MemRead :  D=0x0000000000000000 A=0x7ffffffffffffdd0
2433500: system.cpu: T0 : 0x2c5a6    : c_addi16sp sp, 32          : IntAlu :  D=0x7ffffffffffffdf0
2434000: system.cpu: T0 : 0x2c5a8    : jal zero, 35004            : IntAlu :  D=0x000000000002c5ac
2434500: system.cpu: T0 : 0x34e64    : ld a5, 0(tp)               : MemRead :  D=0x0000000000079680 A=0x7c710
2435000: system.cpu: T0 : 0x34e68    : c_ld a5, 0(a5)             : MemRead :  D=0x000000000005b030 A=0x79680
2435500: system.cpu: T0 : 0x34e6a    : c_ld a0, 64(a5)            : MemRead :  D=0x000000000005c860 A=0x5b070
2436000: system.cpu: T0 : 0x34e6c    : c_ld a2, 72(a5)            : MemRead :  D=0x000000000005be60 A=0x5b078
2436500: system.cpu: T0 : 0x34e6e    : c_ld a4, 88(a5)            : MemRead :  D=0x000000000005b860 A=0x5b088
2437000: system.cpu: T0 : 0x34e70    : addi a0, a0, 256           : IntAlu :  D=0x000000000005c960
2437500: system.cpu: T0 : 0x34e74    : addi a2, a2, 512           : IntAlu :  D=0x000000000005c060
2438000: system.cpu: T0 : 0x34e78    : addi a4, a4, 512           : IntAlu :  D=0x000000000005ba60
2438500: system.cpu: T0 : 0x34e7c    : sd a0, 80(tp)              : MemWrite :  D=0x000000000005c960 A=0x7c760
2439000: system.cpu: T0 : 0x34e80    : sd a2, 72(tp)              : MemWrite :  D=0x000000000005c060 A=0x7c758
2439500: system.cpu: T0 : 0x34e84    : sd a4, 64(tp)              : MemWrite :  D=0x000000000005ba60 A=0x7c750
2440000: system.cpu: T0 : 0x34e88    : c_jr ra                    : IntAlu : 
2440500: system.cpu: T0 : 0x19dc6    : c_beqz s1, 12              : IntAlu : 
2441000: system.cpu: T0 : 0x19dc8    : c_li a2, 0                 : IntAlu :  D=0x0000000000000000
2441500: system.cpu: T0 : 0x19dca    : c_li a1, 0                 : IntAlu :  D=0x0000000000000000
2442000: system.cpu: T0 : 0x19dcc    : c_mv a0, s1                : IntAlu :  D=0x000000000001a1e2
2443000: system.cpu: T0 : 0x19dce    : jal ra, 17628              : IntAlu :  D=0x0000000000019dd2
2444000: system.cpu: T0 : 0x1e2aa    : addi a3, gp, -1936         : IntAlu :  D=0x00000000000798b8
2444500: system.cpu: T0 : 0x1e2ae    : c_j -204                   : IntAlu : 
2445000: system.cpu: T0 : 0x1e1e2    : c_addi16sp sp, -64         : IntAlu :  D=0x7ffffffffffffdb0
2445500: system.cpu: T0 : 0x1e1e4    : c_sdsp ra, 56(sp)          : MemWrite :  D=0x0000000000019dd2 A=0x7ffffffffffffde8
2446000: system.cpu: T0 : 0x1e1e6    : c_sdsp s0, 48(sp)          : MemWrite :  D=0x000000000001a152 A=0x7ffffffffffffde0
2446500: system.cpu: T0 : 0x1e1e8    : c_sdsp s1, 40(sp)          : MemWrite :  D=0x000000000001a1e2 A=0x7ffffffffffffdd8
2447000: system.cpu: T0 : 0x1e1ea    : c_sdsp s2, 32(sp)          : MemWrite :  D=0x0000000000000000 A=0x7ffffffffffffdd0
2447500: system.cpu: T0 : 0x1e1ec    : c_sdsp s3, 24(sp)          : MemWrite :  D=0x0000000000000000 A=0x7ffffffffffffdc8
2448000: system.cpu: T0 : 0x1e1ee    : c_beqz a0, 156             : IntAlu : 
2448500: system.cpu: T0 : 0x1e1f0    : lui s0, 123                : IntAlu :  D=0x000000000007b000
2449000: system.cpu: T0 : 0x1e1f4    : c_mv s2, a2                : IntAlu :  D=0x0000000000000000
2449500: system.cpu: T0 : 0x1e1f6    : c_mv s1, a0                : IntAlu :  D=0x000000000001a1e2
2450000: system.cpu: T0 : 0x1e1f8    : c_mv s3, a1                : IntAlu :  D=0x0000000000000000
2450500: system.cpu: T0 : 0x1e1fa    : c_li a4, 1                 : IntAlu :  D=0x0000000000000001
2451000: system.cpu: T0 : 0x1e1fc    : addi a2, s0, -456          : IntAlu :  D=0x000000000007ae38
2451500: system.cpu: T0 : 0x1e200    : lr_w a5, (a2)             
2451500: system.cpu: T0 : 0x1e200. 0 : lr_w a5, (a2)              : MemRead :  D=0x0000000000000000 A=0x7ae38
2452000: system.cpu: T0 : 0x1e204    : c_bnez a5, 8               : IntAlu : 
2453000: system.cpu: T0 : 0x1e206    : sc_w_aq a1, a4, (a2)      
2453000: system.cpu: T0 : 0x1e206. 0 : sc_w a1, a4, (a2)          : MemWrite :  D=0x0000000000000000 A=0x7ae38
2453500: system.cpu: T0 : 0x1e206. 1 : 0x1ce625af fence           : No_OpClass : 
2454000: system.cpu: T0 : 0x1e20a    : c_bnez a1, -10             : IntAlu : 
2454500: system.cpu: T0 : 0x1e20c    : c_addiw a5, 0              : IntAlu :  D=0x0000000000000000
2455000: system.cpu: T0 : 0x1e20e    : c_bnez a5, 64              : IntAlu : 
2455500: system.cpu: T0 : 0x1e210    : c_mv a0, a3                : IntAlu :  D=0x00000000000798b8
2456500: system.cpu: T0 : 0x1e212    : jal ra, -242               : IntAlu :  D=0x000000000001e216
2457000: system.cpu: T0 : 0x1e120    : lbu a5, -1476(gp)          : MemRead :  D=0x0000000000000000 A=0x79a84
2457500: system.cpu: T0 : 0x1e124    : c_bnez a5, 186             : IntAlu : 
2458000: system.cpu: T0 : 0x1e126    : c_addi sp, -32             : IntAlu :  D=0x7ffffffffffffd90
2458500: system.cpu: T0 : 0x1e128    : c_sdsp s1, 8(sp)           : MemWrite :  D=0x000000000001a1e2 A=0x7ffffffffffffd98
2459000: system.cpu: T0 : 0x1e12a    : c_ld s1, 0(a0)             : MemRead :  D=0x000000000007a168 A=0x798b8
2459500: system.cpu: T0 : 0x1e12c    : c_sdsp s0, 16(sp)          : MemWrite :  D=0x000000000007b000 A=0x7ffffffffffffda0
2460000: system.cpu: T0 : 0x1e12e    : c_sdsp ra, 24(sp)          : MemWrite :  D=0x000000000001e216 A=0x7ffffffffffffda8
2460500: system.cpu: T0 : 0x1e130    : c_mv s0, a0                : IntAlu :  D=0x00000000000798b8
2461000: system.cpu: T0 : 0x1e132    : c_beqz s1, 140             : IntAlu : 
2461500: system.cpu: T0 : 0x1e134    : c_mv a1, s1                : IntAlu :  D=0x000000000007a168
2462000: system.cpu: T0 : 0x1e136    : c_li a6, 0                 : IntAlu :  D=0x0000000000000000
2462500: system.cpu: T0 : 0x1e138    : c_ld a4, 8(a1)             : MemRead :  D=0x0000000000000000 A=0x7a170
2463500: system.cpu: T0 : 0x1e13a    : slli a5, a4, 5             : IntAlu :  D=0x0000000000000000
2464000: system.cpu: T0 : 0x1e13e    : c_add a5, a1               : IntAlu :  D=0x000000000007a168
2464500: system.cpu: T0 : 0x1e140    : c_beqz a4, 18              : IntAlu : 
2465000: system.cpu: T0 : 0x1e152    : c_ld a5, 0(a1)             : MemRead :  D=0x0000000000000000 A=0x7a168
2465500: system.cpu: T0 : 0x1e154    : sd zero, 8(a1)             : MemWrite :  D=0x0000000000000000 A=0x7a170
2466000: system.cpu: T0 : 0x1e158    : c_mv a6, a1                : IntAlu :  D=0x000000000007a168
2466500: system.cpu: T0 : 0x1e15a    : c_beqz a5, 78              : IntAlu : 
2467000: system.cpu: T0 : 0x1e1a8    : c_li a5, 1                 : IntAlu :  D=0x0000000000000001
2468000: system.cpu: T0 : 0x1e1aa    : addi a0, a1, 16            : IntAlu :  D=0x000000000007a178
2468500: system.cpu: T0 : 0x1e1ae    : c_sd a5, 8(a1)             : MemWrite :  D=0x0000000000000001 A=0x7a170
2469000: system.cpu: T0 : 0x1e1b0    : c_j -60                    : IntAlu : 
2469500: system.cpu: T0 : 0x1e174    : lui a4, 123                : IntAlu :  D=0x000000000007b000
2470000: system.cpu: T0 : 0x1e178    : ld a5, -448(a4)            : MemRead :  D=0x0000000000000000 A=0x7ae40
2470500: system.cpu: T0 : 0x1e17c    : c_ldsp ra, 24(sp)          : MemRead :  D=0x000000000001e216 A=0x7ffffffffffffda8
2471000: system.cpu: T0 : 0x1e17e    : c_ldsp s0, 16(sp)          : MemRead :  D=0x000000000007b000 A=0x7ffffffffffffda0
2471500: system.cpu: T0 : 0x1e180    : c_li a3, 1                 : IntAlu :  D=0x0000000000000001
2472000: system.cpu: T0 : 0x1e182    : c_sd a3, 0(a0)             : MemWrite :  D=0x0000000000000001 A=0x7a178
2472500: system.cpu: T0 : 0x1e184    : c_addi a5, 1               : IntAlu :  D=0x0000000000000001
2473500: system.cpu: T0 : 0x1e186    : sd a5, -448(a4)            : MemWrite :  D=0x0000000000000001 A=0x7ae40
2474000: system.cpu: T0 : 0x1e18a    : c_ldsp s1, 8(sp)           : MemRead :  D=0x000000000001a1e2 A=0x7ffffffffffffd98
2474500: system.cpu: T0 : 0x1e18c    : c_addi16sp sp, 32          : IntAlu :  D=0x7ffffffffffffdb0
2475000: system.cpu: T0 : 0x1e18e    : c_jr ra                    : IntAlu : 
2475500: system.cpu: T0 : 0x1e216    : c_beqz a0, 70              : IntAlu : 
2476000: system.cpu: T0 : 0x1e218    : c_li a5, 4                 : IntAlu :  D=0x0000000000000004
2476500: system.cpu: T0 : 0x1e21a    : c_sd a5, 0(a0)             : MemWrite :  D=0x0000000000000004 A=0x7a178
2477000: system.cpu: T0 : 0x1e21c    : c_sd s1, 8(a0)             : MemWrite :  D=0x000000000001a1e2 A=0x7a180
2478000: system.cpu: T0 : 0x1e21e    : sd s3, 16(a0)              : MemWrite :  D=0x0000000000000000 A=0x7a188
2479000: system.cpu: T0 : 0x1e222    : sd s2, 24(a0)              : MemWrite :  D=0x0000000000000000 A=0x7a190
2479500: system.cpu: T0 : 0x1e226    : c_li a5, 0                 : IntAlu :  D=0x0000000000000000
2480000: system.cpu: T0 : 0x1e228    : addi a4, s0, -456          : IntAlu :  D=0x000000000007ae38
2480500: system.cpu: T0 : 0x1e22c    : fence iorw, ow             : No_OpClass : 
2481000: system.cpu: T0 : 0x1e230    : amoswap_w a5, a5, (a4)    
2481000: system.cpu: T0 : 0x1e230. 0 : amoswap_w[l] a5, a5, (a4)  : MemRead :  D=0x0000000000000001 A=0x7ae38
2481500: system.cpu: T0 : 0x1e234    : c_addiw a5, 0              : IntAlu :  D=0x0000000000000001
2482000: system.cpu: T0 : 0x1e236    : c_li a3, 1                 : IntAlu :  D=0x0000000000000001
2482500: system.cpu: T0 : 0x1e238    : c_li a4, 0                 : IntAlu :  D=0x0000000000000000
2483500: system.cpu: T0 : 0x1e23a    : blt a3, a5, 58             : IntAlu : 
2484000: system.cpu: T0 : 0x1e23e    : c_ldsp ra, 56(sp)          : MemRead :  D=0x0000000000019dd2 A=0x7ffffffffffffde8
2484500: system.cpu: T0 : 0x1e240    : c_ldsp s0, 48(sp)          : MemRead :  D=0x000000000001a152 A=0x7ffffffffffffde0
2485000: system.cpu: T0 : 0x1e242    : c_ldsp s1, 40(sp)          : MemRead :  D=0x000000000001a1e2 A=0x7ffffffffffffdd8
2485500: system.cpu: T0 : 0x1e244    : c_ldsp s2, 32(sp)          : MemRead :  D=0x0000000000000000 A=0x7ffffffffffffdd0
2486000: system.cpu: T0 : 0x1e246    : c_ldsp s3, 24(sp)          : MemRead :  D=0x0000000000000000 A=0x7ffffffffffffdc8
2486500: system.cpu: T0 : 0x1e248    : c_mv a0, a4                : IntAlu :  D=0x0000000000000000
2487000: system.cpu: T0 : 0x1e24a    : c_addi16sp sp, 64          : IntAlu :  D=0x7ffffffffffffdf0
2487500: system.cpu: T0 : 0x1e24c    : c_jr ra                    : IntAlu : 
2488500: system.cpu: T0 : 0x19dd2    : lui a5, 120                : IntAlu :  D=0x0000000000078000
2489500: system.cpu: T0 : 0x19dd6    : lw a5, -72(a5)             : MemRead :  D=0x0000000000000000 A=0x77fb8
2490500: system.cpu: T0 : 0x19dda    : bne a5, zero, 238          : IntAlu : 
2491000: system.cpu: T0 : 0x19dde    : c_beqz s0, 12              : IntAlu : 
2491500: system.cpu: T0 : 0x19de0    : ld a2, -1360(gp)           : MemRead :  D=0x7fffffffffffff48 A=0x79af8
2492000: system.cpu: T0 : 0x19de4    : c_ldsp a1, 16(sp)          : MemRead :  D=0x7fffffffffffff38 A=0x7ffffffffffffe00
2492500: system.cpu: T0 : 0x19de6    : c_ldsp a0, 8(sp)           : MemRead :  D=0x0000000000000001 A=0x7ffffffffffffdf8
2493000: system.cpu: T0 : 0x19de8    : c_jalr s0                  : IntAlu :  D=0x0000000000019dea
2493500: system.cpu: T0 : 0x1a152    : c_addi16sp sp, -64         : IntAlu :  D=0x7ffffffffffffdb0
2494000: system.cpu: T0 : 0x1a154    : c_sdsp s0, 48(sp)          : MemWrite :  D=0x000000000001a152 A=0x7ffffffffffffde0
2494500: system.cpu: T0 : 0x1a156    : c_sdsp s5, 8(sp)           : MemWrite :  D=0x0000000000000000 A=0x7ffffffffffffdb8
2495000: system.cpu: T0 : 0x1a158    : lui s0, 120                : IntAlu :  D=0x0000000000078000
2495500: system.cpu: T0 : 0x1a15c    : lui s5, 120                : IntAlu :  D=0x0000000000078000
2496000: system.cpu: T0 : 0x1a160    : addi a5, s0, -1296         : IntAlu :  D=0x0000000000077af0
2496500: system.cpu: T0 : 0x1a164    : addi s5, s5, -1288         : IntAlu :  D=0x0000000000077af8
2497000: system.cpu: T0 : 0x1a168    : sub s5, s5, a5             : IntAlu :  D=0x0000000000000008
2497500: system.cpu: T0 : 0x1a16c    : c_sdsp s2, 32(sp)          : MemWrite :  D=0x0000000000000000 A=0x7ffffffffffffdd0
2498000: system.cpu: T0 : 0x1a16e    : c_sdsp s3, 24(sp)          : MemWrite :  D=0x0000000000000000 A=0x7ffffffffffffdc8
2498500: system.cpu: T0 : 0x1a170    : c_sdsp s4, 16(sp)          : MemWrite :  D=0x0000000000000000 A=0x7ffffffffffffdc0
2499000: system.cpu: T0 : 0x1a172    : c_sdsp ra, 56(sp)          : MemWrite :  D=0x0000000000019dea A=0x7ffffffffffffde8
2499500: system.cpu: T0 : 0x1a174    : c_sdsp s1, 40(sp)          : MemWrite :  D=0x000000000001a1e2 A=0x7ffffffffffffdd8
2500500: system.cpu: T0 : 0x1a176    : srai s5, s5, 3             : IntAlu :  D=0x0000000000000001
2501000: system.cpu: T0 : 0x1a17a    : c_mv s2, a0                : IntAlu :  D=0x0000000000000001
2501500: system.cpu: T0 : 0x1a17c    : c_mv s3, a1                : IntAlu :  D=0x7fffffffffffff38
2502000: system.cpu: T0 : 0x1a17e    : c_mv s4, a2                : IntAlu :  D=0x7fffffffffffff48
2502500: system.cpu: T0 : 0x1a180    : beq s5, zero, 28           : IntAlu : 
2503000: system.cpu: T0 : 0x1a184    : addi s0, s0, -1296         : IntAlu :  D=0x0000000000077af0
2503500: system.cpu: T0 : 0x1a188    : c_li s1, 0                 : IntAlu :  D=0x0000000000000000
2504000: system.cpu: T0 : 0x1a18a    : c_ld a5, 0(s0)             : MemRead :  D=0x0000000000010376 A=0x77af0
2504500: system.cpu: T0 : 0x1a18c    : c_mv a2, s4                : IntAlu :  D=0x7fffffffffffff48
2505000: system.cpu: T0 : 0x1a18e    : c_mv a1, s3                : IntAlu :  D=0x7fffffffffffff38
2505500: system.cpu: T0 : 0x1a190    : c_mv a0, s2                : IntAlu :  D=0x0000000000000001
2506000: system.cpu: T0 : 0x1a192    : c_addi s1, 1               : IntAlu :  D=0x0000000000000001
2506500: system.cpu: T0 : 0x1a194    : c_jalr a5                  : IntAlu :  D=0x000000000001a196
2507500: system.cpu: T0 : 0x10376    : auipc gp, 106              : IntAlu :  D=0x000000000007a376
2508500: system.cpu: T0 : 0x1037a    : addi gp, gp, -814          : IntAlu :  D=0x000000000007a048
2509000: system.cpu: T0 : 0x1037e    : c_jr ra                    : IntAlu : 
2509500: system.cpu: T0 : 0x1a196    : c_addi s0, 8               : IntAlu :  D=0x0000000000077af8
2510000: system.cpu: T0 : 0x1a198    : bne s5, s1, -14            : IntAlu : 
2510500: system.cpu: T0 : 0x1a19c    : lui s0, 120                : IntAlu :  D=0x0000000000078000
2511000: system.cpu: T0 : 0x1a1a0    : lui s5, 120                : IntAlu :  D=0x0000000000078000
2511500: system.cpu: T0 : 0x1a1a4    : addi a5, s0, -1288         : IntAlu :  D=0x0000000000077af8
2512000: system.cpu: T0 : 0x1a1a8    : addi s5, s5, -1280         : IntAlu :  D=0x0000000000077b00
2512500: system.cpu: T0 : 0x1a1ac    : sub s5, s5, a5             : IntAlu :  D=0x0000000000000008
2513000: system.cpu: T0 : 0x1a1b0    : srai s5, s5, 3             : IntAlu :  D=0x0000000000000001
2513500: system.cpu: T0 : 0x1a1b4    : beq s5, zero, 28           : IntAlu : 
2514000: system.cpu: T0 : 0x1a1b8    : addi s0, s0, -1288         : IntAlu :  D=0x0000000000077af8
2514500: system.cpu: T0 : 0x1a1bc    : c_li s1, 0                 : IntAlu :  D=0x0000000000000000
2515000: system.cpu: T0 : 0x1a1be    : c_ld a5, 0(s0)             : MemRead :  D=0x000000000001040a A=0x77af8
2515500: system.cpu: T0 : 0x1a1c0    : c_mv a2, s4                : IntAlu :  D=0x7fffffffffffff48
2516000: system.cpu: T0 : 0x1a1c2    : c_mv a1, s3                : IntAlu :  D=0x7fffffffffffff38
2516500: system.cpu: T0 : 0x1a1c4    : c_mv a0, s2                : IntAlu :  D=0x0000000000000001
2517000: system.cpu: T0 : 0x1a1c6    : c_addi s1, 1               : IntAlu :  D=0x0000000000000001
2517500: system.cpu: T0 : 0x1a1c8    : c_jalr a5                  : IntAlu :  D=0x000000000001a1ca
2518500: system.cpu: T0 : 0x1040a    : lui a5, 86                 : IntAlu :  D=0x0000000000056000
2519500: system.cpu: T0 : 0x1040e    : addi a5, a5, -928          : IntAlu :  D=0x0000000000055c60
2520000: system.cpu: T0 : 0x10412    : c_beqz a5, 28              : IntAlu : 
2520500: system.cpu: T0 : 0x10414    : lui a0, 116                : IntAlu :  D=0x0000000000074000
2521000: system.cpu: T0 : 0x10418    : c_addi sp, -16             : IntAlu :  D=0x7ffffffffffffda0
2522000: system.cpu: T0 : 0x1041a    : addi a1, gp, -1008         : IntAlu :  D=0x0000000000079c58
2523000: system.cpu: T0 : 0x1041e    : addi a0, a0, -1680         : IntAlu :  D=0x0000000000073970
2523500: system.cpu: T0 : 0x10422    : c_sdsp ra, 8(sp)           : MemWrite :  D=0x000000000001a1ca A=0x7ffffffffffffda8
2524000: system.cpu: T0 : 0x10424    : jal ra, 284732             : IntAlu :  D=0x0000000000010428
2524500: system.cpu: T0 : 0x55c60    : c_beqz a0, 12              : IntAlu : 
2525000: system.cpu: T0 : 0x55c62    : c_lw a5, 0(a0)             : MemRead :  D=0x000000000000001c A=0x73970
2525500: system.cpu: T0 : 0x55c64    : c_beqz a5, 8               : IntAlu : 
2526000: system.cpu: T0 : 0x55c66    : c_li a3, 0                 : IntAlu :  D=0x0000000000000000
2526500: system.cpu: T0 : 0x55c68    : c_li a2, 0                 : IntAlu :  D=0x0000000000000000
2527000: system.cpu: T0 : 0x55c6a    : c_j -144                   : IntAlu : 
2527500: system.cpu: T0 : 0x55bda    : c_li a5, -1                : IntAlu :  D=0xffffffffffffffff
2528000: system.cpu: T0 : 0x55bdc    : c_addi sp, -32             : IntAlu :  D=0x7ffffffffffffd80
2528500: system.cpu: T0 : 0x55bde    : c_sd a5, 0(a1)             : MemWrite :  D=0xffffffffffffffff A=0x79c58
2529000: system.cpu: T0 : 0x55be0    : addi a5, zero, 2040        : IntAlu :  D=0x00000000000007f8
2529500: system.cpu: T0 : 0x55be4    : c_sdsp s0, 16(sp)          : MemWrite :  D=0x0000000000077af8 A=0x7ffffffffffffd90
2530000: system.cpu: T0 : 0x55be6    : c_sdsp s1, 8(sp)           : MemWrite :  D=0x0000000000000001 A=0x7ffffffffffffd88
2530500: system.cpu: T0 : 0x55be8    : c_sdsp ra, 24(sp)          : MemWrite :  D=0x0000000000010428 A=0x7ffffffffffffd98
2531000: system.cpu: T0 : 0x55bea    : c_sd a2, 8(a1)             : MemWrite :  D=0x0000000000000000 A=0x79c60
2531500: system.cpu: T0 : 0x55bec    : c_sd a3, 16(a1)            : MemWrite :  D=0x0000000000000000 A=0x79c68
2532000: system.cpu: T0 : 0x55bee    : c_sd a0, 24(a1)            : MemWrite :  D=0x0000000000073970 A=0x79c70
2532500: system.cpu: T0 : 0x55bf0    : c_sd a5, 32(a1)            : MemWrite :  D=0x00000000000007f8 A=0x79c78
2533500: system.cpu: T0 : 0x55bf2    : auipc s1, 36               : IntAlu :  D=0x0000000000079bf2
2534500: system.cpu: T0 : 0x55bf6    : ld s1, -986(s1)            : MemRead :  D=0x0000000000000000 A=0x79818
2535000: system.cpu: T0 : 0x55bfa    : c_mv s0, a1                : IntAlu :  D=0x0000000000079c58
2535500: system.cpu: T0 : 0x55bfc    : c_beqz s1, 20              : IntAlu : 
2536000: system.cpu: T0 : 0x55c10    : addi a5, gp, 1888          : IntAlu :  D=0x000000000007a7a8
2536500: system.cpu: T0 : 0x55c14    : ld a3, 448(a5)             : MemRead :  D=0x0000000000000000 A=0x7a968
2537000: system.cpu: T0 : 0x55c18    : lw a4, 456(a5)             : MemRead :  D=0x0000000000000000 A=0x7a970
2537500: system.cpu: T0 : 0x55c1c    : sd s0, 448(a5)             : MemWrite :  D=0x0000000000079c58 A=0x7a968
2538000: system.cpu: T0 : 0x55c20    : c_sd a3, 40(s0)            : MemWrite :  D=0x0000000000000000 A=0x79c80
2538500: system.cpu: T0 : 0x55c22    : c_beqz a4, 30              : IntAlu : 
2539000: system.cpu: T0 : 0x55c40    : c_li a4, 1                 : IntAlu :  D=0x0000000000000001
2540000: system.cpu: T0 : 0x55c42    : addi a5, a5, 456           : IntAlu :  D=0x000000000007a970
2541000: system.cpu: T0 : 0x55c46    : amoswap_w zero, a4, (a5)  
2541000: system.cpu: T0 : 0x55c46. 0 : amoswap_w[l] zero, a4, (a5) : MemRead :  D=0x0000000000000000 A=0x7a970
2541500: system.cpu: T0 : 0x55c4a    : c_bnez s1, -36             : IntAlu : 
2542000: system.cpu: T0 : 0x55c4c    : c_ldsp ra, 24(sp)          : MemRead :  D=0x0000000000010428 A=0x7ffffffffffffd98
2542500: system.cpu: T0 : 0x55c4e    : c_ldsp s0, 16(sp)          : MemRead :  D=0x0000000000077af8 A=0x7ffffffffffffd90
2543000: system.cpu: T0 : 0x55c50    : c_ldsp s1, 8(sp)           : MemRead :  D=0x0000000000000001 A=0x7ffffffffffffd88
2543500: system.cpu: T0 : 0x55c52    : c_addi16sp sp, 32          : IntAlu :  D=0x7ffffffffffffda0
2544000: system.cpu: T0 : 0x55c54    : c_jr ra                    : IntAlu : 
2544500: system.cpu: T0 : 0x10428    : c_ldsp ra, 8(sp)           : MemRead :  D=0x000000000001a1ca A=0x7ffffffffffffda8
2545000: system.cpu: T0 : 0x1042a    : c_addi sp, 16              : IntAlu :  D=0x7ffffffffffffdb0
2545500: system.cpu: T0 : 0x1042c    : c_j -134                   : IntAlu : 
2546500: system.cpu: T0 : 0x103a6    : lui a0, 121                : IntAlu :  D=0x0000000000079000
2547500: system.cpu: T0 : 0x103aa    : addi a1, a0, 2040          : IntAlu :  D=0x00000000000797f8
2548500: system.cpu: T0 : 0x103ae    : lui a5, 121                : IntAlu :  D=0x0000000000079000
2549500: system.cpu: T0 : 0x103b2    : addi a5, a5, 2040          : IntAlu :  D=0x00000000000797f8
2550000: system.cpu: T0 : 0x103b6    : c_sub a5, a1               : IntAlu :  D=0x0000000000000000
2550500: system.cpu: T0 : 0x103b8    : srai a4, a5, 3             : IntAlu :  D=0x0000000000000000
2551000: system.cpu: T0 : 0x103bc    : srli a1, a5, 63            : IntAlu :  D=0x0000000000000000
2551500: system.cpu: T0 : 0x103c0    : c_add a1, a4               : IntAlu :  D=0x0000000000000000
2552000: system.cpu: T0 : 0x103c2    : c_srai a1, 1               : IntAlu :  D=0x0000000000000000
2552500: system.cpu: T0 : 0x103c4    : c_beqz a1, 16              : IntAlu : 
2553000: system.cpu: T0 : 0x103d4    : c_jr ra                    : IntAlu : 
2553500: system.cpu: T0 : 0x1a1ca    : c_addi s0, 8               : IntAlu :  D=0x0000000000077b00
2554000: system.cpu: T0 : 0x1a1cc    : bne s5, s1, -14            : IntAlu : 
2554500: system.cpu: T0 : 0x1a1d0    : c_ldsp ra, 56(sp)          : MemRead :  D=0x0000000000019dea A=0x7ffffffffffffde8
2555000: system.cpu: T0 : 0x1a1d2    : c_ldsp s0, 48(sp)          : MemRead :  D=0x000000000001a152 A=0x7ffffffffffffde0
2555500: system.cpu: T0 : 0x1a1d4    : c_ldsp s1, 40(sp)          : MemRead :  D=0x000000000001a1e2 A=0x7ffffffffffffdd8
2556000: system.cpu: T0 : 0x1a1d6    : c_ldsp s2, 32(sp)          : MemRead :  D=0x0000000000000000 A=0x7ffffffffffffdd0
2556500: system.cpu: T0 : 0x1a1d8    : c_ldsp s3, 24(sp)          : MemRead :  D=0x0000000000000000 A=0x7ffffffffffffdc8
2557000: system.cpu: T0 : 0x1a1da    : c_ldsp s4, 16(sp)          : MemRead :  D=0x0000000000000000 A=0x7ffffffffffffdc0
2557500: system.cpu: T0 : 0x1a1dc    : c_ldsp s5, 8(sp)           : MemRead :  D=0x0000000000000000 A=0x7ffffffffffffdb8
2558000: system.cpu: T0 : 0x1a1de    : c_addi16sp sp, 64          : IntAlu :  D=0x7ffffffffffffdf0
2558500: system.cpu: T0 : 0x1a1e0    : c_jr ra                    : IntAlu : 
2559000: system.cpu: T0 : 0x19dea    : c_li a1, 0                 : IntAlu :  D=0x0000000000000000
2559500: system.cpu: T0 : 0x19dec    : c_li a0, 0                 : IntAlu :  D=0x0000000000000000
2560500: system.cpu: T0 : 0x19dee    : jal ra, 71500              : IntAlu :  D=0x0000000000019df2
2561000: system.cpu: T0 : 0x2b53a    : c_mv a4, a0                : IntAlu :  D=0x0000000000000000
2561500: system.cpu: T0 : 0x2b53c    : c_beqz a1, 70              : IntAlu : 
2562500: system.cpu: T0 : 0x2b582    : lui a5, 123                : IntAlu :  D=0x000000000007b000
2563500: system.cpu: T0 : 0x2b586    : addi a0, a5, -440          : IntAlu :  D=0x000000000007ae48
2564000: system.cpu: T0 : 0x2b58a    : c_ld a5, 8(a0)             : MemRead :  D=0x0000000000000000 A=0x7ae50
2564500: system.cpu: T0 : 0x2b58c    : c_bnez a5, -52             : IntAlu : 
2565000: system.cpu: T0 : 0x2b58e    : c_li a5, 1                 : IntAlu :  D=0x0000000000000001
2565500: system.cpu: T0 : 0x2b590    : c_sw a5, 0(a0)             : MemWrite :  D=0x0000000000000001 A=0x7ae48
2566000: system.cpu: T0 : 0x2b592    : c_bnez a4, -52             : IntAlu : 
2566500: system.cpu: T0 : 0x2b594    : lui a5, 123                : IntAlu :  D=0x000000000007b000
2567000: system.cpu: T0 : 0x2b598    : ld a4, -408(a5)            : MemRead :  D=0x0000000000000000 A=0x7ae68
2567500: system.cpu: T0 : 0x2b59c    : c_j -62                    : IntAlu : 
2568500: system.cpu: T0 : 0x2b55e    : slli a5, a1, 3             : IntAlu :  D=0x0000000000000000
2569000: system.cpu: T0 : 0x2b562    : c_add a5, a1               : IntAlu :  D=0x0000000000000000
2569500: system.cpu: T0 : 0x2b564    : lui a1, 121                : IntAlu :  D=0x0000000000079000
2570000: system.cpu: T0 : 0x2b568    : c_slli a5, 4               : IntAlu :  D=0x0000000000000000
2571000: system.cpu: T0 : 0x2b56a    : addi a1, a1, 824           : IntAlu :  D=0x0000000000079338
2571500: system.cpu: T0 : 0x2b56e    : c_add a1, a5               : IntAlu :  D=0x0000000000079338
2572000: system.cpu: T0 : 0x2b570    : c_ld a5, 0(a1)             : MemRead :  D=0x0000000000078e68 A=0x79338
2572500: system.cpu: T0 : 0x2b572    : c_sd a4, 32(a0)            : MemWrite :  D=0x0000000000000000 A=0x7ae68
2573000: system.cpu: T0 : 0x2b574    : c_sd a5, 8(a0)             : MemWrite :  D=0x0000000000078e68 A=0x7ae50
2574000: system.cpu: T0 : 0x2b576    : lui a5, 43                 : IntAlu :  D=0x000000000002b000
2575000: system.cpu: T0 : 0x2b57a    : addi a5, a5, 1336          : IntAlu :  D=0x000000000002b538
2575500: system.cpu: T0 : 0x2b57e    : c_sd a5, 16(a0)            : MemWrite :  D=0x000000000002b538 A=0x7ae58
2576000: system.cpu: T0 : 0x2b580    : c_jr ra                    : IntAlu : 
2576500: system.cpu: T0 : 0x19df2    : c_addi4spn a0, sp, 40      : IntAlu :  D=0x7ffffffffffffe18
2577000: system.cpu: T0 : 0x19df4    : jal ra, 14940              : IntAlu :  D=0x0000000000019df8
2577500: system.cpu: T0 : 0x1d850    : c_li a1, 0                 : IntAlu :  D=0x0000000000000000
2578000: system.cpu: T0 : 0x1d852    : c_j 6                      : IntAlu : 
2578500: system.cpu: T0 : 0x1d858    : sd ra, 0(a0)               : MemWrite :  D=0x0000000000019df8 A=0x7ffffffffffffe18
2579000: system.cpu: T0 : 0x1d85c    : c_sd s0, 8(a0)             : MemWrite :  D=0x000000000001a152 A=0x7ffffffffffffe20
2579500: system.cpu: T0 : 0x1d85e    : c_sd s1, 16(a0)            : MemWrite :  D=0x000000000001a1e2 A=0x7ffffffffffffe28
2580000: system.cpu: T0 : 0x1d860    : sd s2, 24(a0)              : MemWrite :  D=0x0000000000000000 A=0x7ffffffffffffe30
2580500: system.cpu: T0 : 0x1d864    : sd s3, 32(a0)              : MemWrite :  D=0x0000000000000000 A=0x7ffffffffffffe38
2581000: system.cpu: T0 : 0x1d868    : sd s4, 40(a0)              : MemWrite :  D=0x0000000000000000 A=0x7ffffffffffffe40
2581500: system.cpu: T0 : 0x1d86c    : sd s5, 48(a0)              : MemWrite :  D=0x0000000000000000 A=0x7ffffffffffffe48
2582000: system.cpu: T0 : 0x1d870    : sd s6, 56(a0)              : MemWrite :  D=0x0000000000000000 A=0x7ffffffffffffe50
2582500: system.cpu: T0 : 0x1d874    : sd s7, 64(a0)              : MemWrite :  D=0x0000000000000000 A=0x7ffffffffffffe58
2583000: system.cpu: T0 : 0x1d878    : sd s8, 72(a0)              : MemWrite :  D=0x0000000000000000 A=0x7ffffffffffffe60
2583500: system.cpu: T0 : 0x1d87c    : sd s9, 80(a0)              : MemWrite :  D=0x0000000000000000 A=0x7ffffffffffffe68
2584000: system.cpu: T0 : 0x1d880    : sd s10, 88(a0)             : MemWrite :  D=0x0000000000000000 A=0x7ffffffffffffe70
2584500: system.cpu: T0 : 0x1d884    : sd s11, 96(a0)             : MemWrite :  D=0x0000000000000000 A=0x7ffffffffffffe78
2585000: system.cpu: T0 : 0x1d888    : sd sp, 104(a0)             : MemWrite :  D=0x7ffffffffffffdf0 A=0x7ffffffffffffe80
2585500: system.cpu: T0 : 0x1d88c    : c_fsd fs0, 112(a0)         : FloatMemWrite :  D=0x0000000000000000 A=0x7ffffffffffffe88
2586000: system.cpu: T0 : 0x1d88e    : c_fsd fs1, 120(a0)         : FloatMemWrite :  D=0x0000000000000000 A=0x7ffffffffffffe90
2586500: system.cpu: T0 : 0x1d890    : fsd fs2, 128(a0)           : FloatMemWrite :  D=0x0000000000000000 A=0x7ffffffffffffe98
2587000: system.cpu: T0 : 0x1d894    : fsd fs3, 136(a0)           : FloatMemWrite :  D=0x0000000000000000 A=0x7ffffffffffffea0
2587500: system.cpu: T0 : 0x1d898    : fsd fs4, 144(a0)           : FloatMemWrite :  D=0x0000000000000000 A=0x7ffffffffffffea8
2588000: system.cpu: T0 : 0x1d89c    : fsd fs5, 152(a0)           : FloatMemWrite :  D=0x0000000000000000 A=0x7ffffffffffffeb0
2588500: system.cpu: T0 : 0x1d8a0    : fsd fs6, 160(a0)           : FloatMemWrite :  D=0x0000000000000000 A=0x7ffffffffffffeb8
2589000: system.cpu: T0 : 0x1d8a4    : fsd fs7, 168(a0)           : FloatMemWrite :  D=0x0000000000000000 A=0x7ffffffffffffec0
2589500: system.cpu: T0 : 0x1d8a8    : fsd fs8, 176(a0)           : FloatMemWrite :  D=0x0000000000000000 A=0x7ffffffffffffec8
2590000: system.cpu: T0 : 0x1d8ac    : fsd fs9, 184(a0)           : FloatMemWrite :  D=0x0000000000000000 A=0x7ffffffffffffed0
2590500: system.cpu: T0 : 0x1d8b0    : fsd fs10, 192(a0)          : FloatMemWrite :  D=0x0000000000000000 A=0x7ffffffffffffed8
2591000: system.cpu: T0 : 0x1d8b4    : fsd fs11, 200(a0)          : FloatMemWrite :  D=0x0000000000000000 A=0x7ffffffffffffee0
2591500: system.cpu: T0 : 0x1d8b8    : jal zero, 4                : IntAlu :  D=0x000000000001d8bc
2592000: system.cpu: T0 : 0x1d8bc    : c_addi sp, -16             : IntAlu :  D=0x7ffffffffffffde0
2592500: system.cpu: T0 : 0x1d8be    : c_sdsp s0, 0(sp)           : MemWrite :  D=0x000000000001a152 A=0x7ffffffffffffde0
2593000: system.cpu: T0 : 0x1d8c0    : c_sdsp ra, 8(sp)           : MemWrite :  D=0x0000000000019df8 A=0x7ffffffffffffde8
2593500: system.cpu: T0 : 0x1d8c2    : c_mv s0, a0                : IntAlu :  D=0x7ffffffffffffe18
2594000: system.cpu: T0 : 0x1d8c4    : c_bnez a1, 16              : IntAlu : 
2594500: system.cpu: T0 : 0x1d8c6    : c_ldsp ra, 8(sp)           : MemRead :  D=0x0000000000019df8 A=0x7ffffffffffffde8
2595000: system.cpu: T0 : 0x1d8c8    : sw a1, 208(s0)             : MemWrite :  D=0x0000000000000000 A=0x7ffffffffffffee8
2595500: system.cpu: T0 : 0x1d8cc    : c_ldsp s0, 0(sp)           : MemRead :  D=0x000000000001a152 A=0x7ffffffffffffde0
2596000: system.cpu: T0 : 0x1d8ce    : c_li a0, 0                 : IntAlu :  D=0x0000000000000000
2596500: system.cpu: T0 : 0x1d8d0    : c_addi sp, 16              : IntAlu :  D=0x7ffffffffffffdf0
2597000: system.cpu: T0 : 0x1d8d2    : c_jr ra                    : IntAlu : 
2597500: system.cpu: T0 : 0x19df8    : c_bnez a0, 166             : IntAlu : 
2598500: system.cpu: T0 : 0x19dfa    : ld a3, -1552(tp)           : MemRead :  D=0x0000000000000000 A=0x7c100
2599500: system.cpu: T0 : 0x19dfe    : ld a4, -1560(tp)           : MemRead :  D=0x0000000000000000 A=0x7c0f8
2600500: system.cpu: T0 : 0x19e02    : ld a2, -1360(gp)           : MemRead :  D=0x7fffffffffffff48 A=0x79af8
2601000: system.cpu: T0 : 0x19e06    : c_ldsp a1, 16(sp)          : MemRead :  D=0x7fffffffffffff38 A=0x7ffffffffffffe00
2601500: system.cpu: T0 : 0x19e08    : c_ldsp a0, 8(sp)           : MemRead :  D=0x0000000000000001 A=0x7ffffffffffffdf8
2602000: system.cpu: T0 : 0x19e0a    : c_ldsp a5, 24(sp)          : MemRead :  D=0x0000000000010430 A=0x7ffffffffffffe08
2602500: system.cpu: T0 : 0x19e0c    : c_sdsp a4, 264(sp)         : MemWrite :  D=0x0000000000000000 A=0x7ffffffffffffef8
2603000: system.cpu: T0 : 0x19e0e    : c_sdsp a3, 256(sp)         : MemWrite :  D=0x0000000000000000 A=0x7ffffffffffffef0
2603500: system.cpu: T0 : 0x19e10    : c_addi4spn a4, sp, 40      : IntAlu :  D=0x7ffffffffffffe18
2604500: system.cpu: T0 : 0x19e12    : sd a4, -1552(tp)           : MemWrite :  D=0x7ffffffffffffe18 A=0x7c100
2605000: system.cpu: T0 : 0x19e16    : c_jalr a5                  : IntAlu :  D=0x0000000000019e18
2605500: system.cpu: T0 : 0x10430    : addi sp, sp, -2032         : IntAlu :  D=0x7ffffffffffff600
2606000: system.cpu: T0 : 0x10434    : sd s0, 2024(sp)            : MemWrite :  D=0x000000000001a152 A=0x7ffffffffffffde8
2606500: system.cpu: T0 : 0x10438    : addi s0, sp, 2032          : IntAlu :  D=0x7ffffffffffffdf0
2607000: system.cpu: T0 : 0x1043c    : addi sp, sp, -1024         : IntAlu :  D=0x7ffffffffffff200
2607500: system.cpu: T0 : 0x10440    : c_lui a5, 1048575          : IntAlu :  D=0xfffffffffffff000
2608500: system.cpu: T0 : 0x10442    : addi a4, s0, -16           : IntAlu :  D=0x7ffffffffffffde0
2609000: system.cpu: T0 : 0x10446    : c_add a5, a4               : IntAlu :  D=0x7fffffffffffede0
2609500: system.cpu: T0 : 0x10448    : c_li a4, 2                 : IntAlu :  D=0x0000000000000002
2610500: system.cpu: T0 : 0x1044a    : sw a4, 1068(a5)            : MemWrite :  D=0x0000000000000002 A=0x7ffffffffffff20c
2611500: system.cpu: T0 : 0x1044e    : jal zero, 38902            : IntAlu :  D=0x0000000000010452
2612000: system.cpu: T0 : 0x19c44    : c_lui a5, 1048575          : IntAlu :  D=0xfffffffffffff000
2613000: system.cpu: T0 : 0x19c46    : addi a4, s0, -16           : IntAlu :  D=0x7ffffffffffffde0
2613500: system.cpu: T0 : 0x19c4a    : c_add a5, a4               : IntAlu :  D=0x7fffffffffffede0
2614000: system.cpu: T0 : 0x19c4c    : lw a5, 1068(a5)            : MemRead :  D=0x0000000000000002 A=0x7ffffffffffff20c
2614500: system.cpu: T0 : 0x19c50    : c_addiw a5, 0              : IntAlu :  D=0x0000000000000002
2615500: system.cpu: T0 : 0x19c52    : bge zero, a5, 8            : IntAlu : 
2616500: system.cpu: T0 : 0x19c56    : jal zero, -38916           : IntAlu :  D=0x0000000000019c5a
2617000: system.cpu: T0 : 0x10452    : c_lui a5, 1048575          : IntAlu :  D=0xfffffffffffff000
2617500: system.cpu: T0 : 0x10454    : addi a4, s0, -16           : IntAlu :  D=0x7ffffffffffffde0
2618000: system.cpu: T0 : 0x10458    : c_add a5, a4               : IntAlu :  D=0x7fffffffffffede0
2618500: system.cpu: T0 : 0x1045a    : c_lui a4, 1048575          : IntAlu :  D=0xfffffffffffff000
2619000: system.cpu: T0 : 0x1045c    : addi a3, s0, -16           : IntAlu :  D=0x7ffffffffffffde0
2619500: system.cpu: T0 : 0x10460    : c_add a4, a3               : IntAlu :  D=0x7fffffffffffede0
2620500: system.cpu: T0 : 0x10462    : lw a4, 1068(a4)            : MemRead :  D=0x0000000000000002 A=0x7ffffffffffff20c
2621000: system.cpu: T0 : 0x10466    : c_addiw a4, -1             : IntAlu :  D=0x0000000000000001
2621500: system.cpu: T0 : 0x10468    : sw a4, 1068(a5)            : MemWrite :  D=0x0000000000000001 A=0x7ffffffffffff20c
2622000: system.cpu: T0 : 0x1046c    : auipc a5, 104              : IntAlu :  D=0x000000000007846c
2622500: system.cpu: T0 : 0x10470    : addi a5, a5, -1132         : IntAlu :  D=0x0000000000078000
2623000: system.cpu: T0 : 0x10474    : c_lw a5, 0(a5)             : MemRead :  D=0x0000000000000003 A=0x78000
2623500: system.cpu: T0 : 0x10476    : c_addiw a5, 0              : IntAlu :  D=0x0000000000000003
2624000: system.cpu: T0 : 0x10478    : c_mv a4, a5                : IntAlu :  D=0x0000000000000003
2624500: system.cpu: T0 : 0x1047a    : c_li a5, 2                 : IntAlu :  D=0x0000000000000002
2625000: system.cpu: T0 : 0x1047c    : bge a5, a4, 314            : IntAlu : 
2625500: system.cpu: T0 : 0x10480    : addi a5, gp, -960          : IntAlu :  D=0x0000000000079c88
2626000: system.cpu: T0 : 0x10484    : c_lw a5, 0(a5)             : MemRead :  D=0x0000000000000000 A=0x79c88
2626500: system.cpu: T0 : 0x10486    : c_addiw a5, 0              : IntAlu :  D=0x0000000000000000
2627000: system.cpu: T0 : 0x10488    : c_mv a4, a5                : IntAlu :  D=0x0000000000000000
2627500: system.cpu: T0 : 0x1048a    : c_li a5, 3                 : IntAlu :  D=0x0000000000000003
2628000: system.cpu: T0 : 0x1048c    : blt a5, a4, 298            : IntAlu : 
2628500: system.cpu: T0 : 0x10490    : auipc a5, 105              : IntAlu :  D=0x0000000000079490
2629000: system.cpu: T0 : 0x10494    : ld a5, 912(a5)             : MemRead :  D=0x000000000007a9b0 A=0x79820
2629500: system.cpu: T0 : 0x10498    : c_ld a4, 8(a5)             : MemRead :  D=0x0000000000000000 A=0x7a9b8
2630500: system.cpu: T0 : 0x1049a    : auipc a5, 105              : IntAlu :  D=0x000000000007949a
2631500: system.cpu: T0 : 0x1049e    : ld a5, 902(a5)             : MemRead :  D=0x000000000007a9b0 A=0x79820
2632000: system.cpu: T0 : 0x104a2    : c_ld a5, 16(a5)            : MemRead :  D=0x0000000000000000 A=0x7a9c0
2632500: system.cpu: T0 : 0x104a4    : bne a4, a5, 274            : IntAlu : 
2633000: system.cpu: T0 : 0x104a8    : c_lui a5, 1048575          : IntAlu :  D=0xfffffffffffff000
2634000: system.cpu: T0 : 0x104aa    : addi a4, s0, -16           : IntAlu :  D=0x7ffffffffffffde0
2634500: system.cpu: T0 : 0x104ae    : c_add a5, a4               : IntAlu :  D=0x7fffffffffffede0
2635000: system.cpu: T0 : 0x104b0    : auipc a4, 105              : IntAlu :  D=0x00000000000794b0
2635500: system.cpu: T0 : 0x104b4    : ld a4, 880(a4)             : MemRead :  D=0x000000000007a9b0 A=0x79820
2636000: system.cpu: T0 : 0x104b8    : c_ld a4, 0(a4)             : MemRead :  D=0x0000000000000000 A=0x7a9b0
2637000: system.cpu: T0 : 0x104ba    : sd a4, 1072(a5)            : MemWrite :  D=0x0000000000000000 A=0x7ffffffffffff210
2637500: system.cpu: T0 : 0x104be    : c_lui a5, 1048575          : IntAlu :  D=0xfffffffffffff000
2638000: system.cpu: T0 : 0x104c0    : addi a4, s0, -16           : IntAlu :  D=0x7ffffffffffffde0
2638500: system.cpu: T0 : 0x104c4    : c_add a5, a4               : IntAlu :  D=0x7fffffffffffede0
2639500: system.cpu: T0 : 0x104c6    : auipc a4, 105              : IntAlu :  D=0x00000000000794c6
2640500: system.cpu: T0 : 0x104ca    : ld a4, 858(a4)             : MemRead :  D=0x000000000007a9b0 A=0x79820
2641000: system.cpu: T0 : 0x104ce    : c_ld a4, 8(a4)             : MemRead :  D=0x0000000000000000 A=0x7a9b8
2641500: system.cpu: T0 : 0x104d0    : sd a4, 1080(a5)            : MemWrite :  D=0x0000000000000000 A=0x7ffffffffffff218
2642000: system.cpu: T0 : 0x104d4    : c_lui a5, 1048575          : IntAlu :  D=0xfffffffffffff000
2643000: system.cpu: T0 : 0x104d6    : addi a4, s0, -16           : IntAlu :  D=0x7ffffffffffffde0
2643500: system.cpu: T0 : 0x104da    : c_add a4, a5               : IntAlu :  D=0x7fffffffffffede0
2644000: system.cpu: T0 : 0x104dc    : c_lui a5, 1048575          : IntAlu :  D=0xfffffffffffff000
2645000: system.cpu: T0 : 0x104de    : addi a3, s0, -16           : IntAlu :  D=0x7ffffffffffffde0
2645500: system.cpu: T0 : 0x104e2    : c_add a5, a3               : IntAlu :  D=0x7fffffffffffede0
2646000: system.cpu: T0 : 0x104e4    : ld a4, 1072(a4)            : MemRead :  D=0x0000000000000000 A=0x7ffffffffffff210
2646500: system.cpu: T0 : 0x104e8    : ld a5, 1080(a5)            : MemRead :  D=0x0000000000000000 A=0x7ffffffffffff218
2647000: system.cpu: T0 : 0x104ec    : bge a4, a5, 202            : IntAlu : 
2648000: system.cpu: T0 : 0x105b6    : auipc a5, 104              : IntAlu :  D=0x00000000000785b6
2649000: system.cpu: T0 : 0x105ba    : addi a5, a5, -1462         : IntAlu :  D=0x0000000000078000
2649500: system.cpu: T0 : 0x105be    : c_lw a5, 0(a5)             : MemRead :  D=0x0000000000000003 A=0x78000
2650000: system.cpu: T0 : 0x105c0    : c_addiw a5, 0              : IntAlu :  D=0x0000000000000003
2650500: system.cpu: T0 : 0x105c2    : c_mv a4, a5                : IntAlu :  D=0x0000000000000003
2651000: system.cpu: T0 : 0x105c4    : c_li a5, 2                 : IntAlu :  D=0x0000000000000002
2652000: system.cpu: T0 : 0x105c6    : bge a5, a4, 314            : IntAlu : 
2653000: system.cpu: T0 : 0x105ca    : addi a5, gp, -960          : IntAlu :  D=0x0000000000079c88
2653500: system.cpu: T0 : 0x105ce    : c_lw a5, 0(a5)             : MemRead :  D=0x0000000000000000 A=0x79c88
2654000: system.cpu: T0 : 0x105d0    : c_addiw a5, 0              : IntAlu :  D=0x0000000000000000
2654500: system.cpu: T0 : 0x105d2    : c_mv a4, a5                : IntAlu :  D=0x0000000000000000
2655000: system.cpu: T0 : 0x105d4    : c_li a5, 3                 : IntAlu :  D=0x0000000000000003
2656000: system.cpu: T0 : 0x105d6    : blt a5, a4, 298            : IntAlu : 
2657000: system.cpu: T0 : 0x105da    : auipc a5, 105              : IntAlu :  D=0x00000000000795da
2658000: system.cpu: T0 : 0x105de    : ld a5, 582(a5)             : MemRead :  D=0x000000000007a9b0 A=0x79820
2658500: system.cpu: T0 : 0x105e2    : c_ld a4, 16(a5)            : MemRead :  D=0x0000000000000000 A=0x7a9c0
2659000: system.cpu: T0 : 0x105e4    : auipc a5, 105              : IntAlu :  D=0x00000000000795e4
2659500: system.cpu: T0 : 0x105e8    : ld a5, 572(a5)             : MemRead :  D=0x000000000007a9b0 A=0x79820
2660000: system.cpu: T0 : 0x105ec    : c_ld a5, 8(a5)             : MemRead :  D=0x0000000000000000 A=0x7a9b8
2661000: system.cpu: T0 : 0x105ee    : bne a4, a5, 274            : IntAlu : 
2661500: system.cpu: T0 : 0x105f2    : c_lui a5, 1048575          : IntAlu :  D=0xfffffffffffff000
2662000: system.cpu: T0 : 0x105f4    : addi a4, s0, -16           : IntAlu :  D=0x7ffffffffffffde0
2662500: system.cpu: T0 : 0x105f8    : c_add a5, a4               : IntAlu :  D=0x7fffffffffffede0
2663500: system.cpu: T0 : 0x105fa    : auipc a4, 105              : IntAlu :  D=0x00000000000795fa
2664500: system.cpu: T0 : 0x105fe    : ld a4, 550(a4)             : MemRead :  D=0x000000000007a9b0 A=0x79820
2665000: system.cpu: T0 : 0x10602    : c_ld a4, 0(a4)             : MemRead :  D=0x0000000000000000 A=0x7a9b0
2665500: system.cpu: T0 : 0x10604    : sd a4, 1096(a5)            : MemWrite :  D=0x0000000000000000 A=0x7ffffffffffff228
2666000: system.cpu: T0 : 0x10608    : c_lui a5, 1048575          : IntAlu :  D=0xfffffffffffff000
2667000: system.cpu: T0 : 0x1060a    : addi a4, s0, -16           : IntAlu :  D=0x7ffffffffffffde0
2667500: system.cpu: T0 : 0x1060e    : c_add a5, a4               : IntAlu :  D=0x7fffffffffffede0
2668000: system.cpu: T0 : 0x10610    : auipc a4, 105              : IntAlu :  D=0x0000000000079610
2668500: system.cpu: T0 : 0x10614    : ld a4, 528(a4)             : MemRead :  D=0x000000000007a9b0 A=0x79820
2669000: system.cpu: T0 : 0x10618    : c_ld a4, 16(a4)            : MemRead :  D=0x0000000000000000 A=0x7a9c0
2670000: system.cpu: T0 : 0x1061a    : sd a4, 1104(a5)            : MemWrite :  D=0x0000000000000000 A=0x7ffffffffffff230
2670500: system.cpu: T0 : 0x1061e    : c_lui a5, 1048575          : IntAlu :  D=0xfffffffffffff000
2671000: system.cpu: T0 : 0x10620    : addi a4, s0, -16           : IntAlu :  D=0x7ffffffffffffde0
2671500: system.cpu: T0 : 0x10624    : c_add a4, a5               : IntAlu :  D=0x7fffffffffffede0
2672000: system.cpu: T0 : 0x10626    : c_lui a5, 1048575          : IntAlu :  D=0xfffffffffffff000
2672500: system.cpu: T0 : 0x10628    : addi a3, s0, -16           : IntAlu :  D=0x7ffffffffffffde0
2673000: system.cpu: T0 : 0x1062c    : c_add a5, a3               : IntAlu :  D=0x7fffffffffffede0
2674000: system.cpu: T0 : 0x1062e    : ld a4, 1096(a4)            : MemRead :  D=0x0000000000000000 A=0x7ffffffffffff228
2675000: system.cpu: T0 : 0x10632    : ld a5, 1104(a5)            : MemRead :  D=0x0000000000000000 A=0x7ffffffffffff230
2676000: system.cpu: T0 : 0x10636    : bge a4, a5, 202            : IntAlu : 
2676500: system.cpu: T0 : 0x10700    : auipc a5, 104              : IntAlu :  D=0x0000000000078700
2677000: system.cpu: T0 : 0x10704    : addi a5, a5, -1792         : IntAlu :  D=0x0000000000078000
2677500: system.cpu: T0 : 0x10708    : c_lw a5, 0(a5)             : MemRead :  D=0x0000000000000003 A=0x78000
2678000: system.cpu: T0 : 0x1070a    : c_addiw a5, 0              : IntAlu :  D=0x0000000000000003
2678500: system.cpu: T0 : 0x1070c    : c_mv a4, a5                : IntAlu :  D=0x0000000000000003
2679000: system.cpu: T0 : 0x1070e    : c_li a5, 2                 : IntAlu :  D=0x0000000000000002
2679500: system.cpu: T0 : 0x10710    : bge a5, a4, 314            : IntAlu : 
2680000: system.cpu: T0 : 0x10714    : addi a5, gp, -960          : IntAlu :  D=0x0000000000079c88
2680500: system.cpu: T0 : 0x10718    : c_lw a5, 0(a5)             : MemRead :  D=0x0000000000000000 A=0x79c88
2681000: system.cpu: T0 : 0x1071a    : c_addiw a5, 0              : IntAlu :  D=0x0000000000000000
2681500: system.cpu: T0 : 0x1071c    : c_mv a4, a5                : IntAlu :  D=0x0000000000000000
2682000: system.cpu: T0 : 0x1071e    : c_li a5, 3                 : IntAlu :  D=0x0000000000000003
2682500: system.cpu: T0 : 0x10720    : blt a5, a4, 298            : IntAlu : 
2683000: system.cpu: T0 : 0x10724    : auipc a5, 105              : IntAlu :  D=0x0000000000079724
2683500: system.cpu: T0 : 0x10728    : ld a5, 252(a5)             : MemRead :  D=0x000000000007a9b0 A=0x79820
2684000: system.cpu: T0 : 0x1072c    : c_ld a4, 0(a5)             : MemRead :  D=0x0000000000000000 A=0x7a9b0
2685000: system.cpu: T0 : 0x1072e    : auipc a5, 105              : IntAlu :  D=0x000000000007972e
2686000: system.cpu: T0 : 0x10732    : ld a5, 242(a5)             : MemRead :  D=0x000000000007a9b0 A=0x79820
2686500: system.cpu: T0 : 0x10736    : c_ld a5, 16(a5)            : MemRead :  D=0x0000000000000000 A=0x7a9c0
2687000: system.cpu: T0 : 0x10738    : bne a4, a5, 274            : IntAlu : 
2687500: system.cpu: T0 : 0x1073c    : c_lui a5, 1048575          : IntAlu :  D=0xfffffffffffff000
2688500: system.cpu: T0 : 0x1073e    : addi a4, s0, -16           : IntAlu :  D=0x7ffffffffffffde0
2689000: system.cpu: T0 : 0x10742    : c_add a5, a4               : IntAlu :  D=0x7fffffffffffede0
2689500: system.cpu: T0 : 0x10744    : auipc a4, 105              : IntAlu :  D=0x0000000000079744
2690000: system.cpu: T0 : 0x10748    : ld a4, 220(a4)             : MemRead :  D=0x000000000007a9b0 A=0x79820
2690500: system.cpu: T0 : 0x1074c    : c_ld a4, 8(a4)             : MemRead :  D=0x0000000000000000 A=0x7a9b8
2691500: system.cpu: T0 : 0x1074e    : sd a4, 1120(a5)            : MemWrite :  D=0x0000000000000000 A=0x7ffffffffffff240
2692000: system.cpu: T0 : 0x10752    : c_lui a5, 1048575          : IntAlu :  D=0xfffffffffffff000
2692500: system.cpu: T0 : 0x10754    : addi a4, s0, -16           : IntAlu :  D=0x7ffffffffffffde0
2693000: system.cpu: T0 : 0x10758    : c_add a5, a4               : IntAlu :  D=0x7fffffffffffede0
2694000: system.cpu: T0 : 0x1075a    : auipc a4, 105              : IntAlu :  D=0x000000000007975a
2695000: system.cpu: T0 : 0x1075e    : ld a4, 198(a4)             : MemRead :  D=0x000000000007a9b0 A=0x79820
2695500: system.cpu: T0 : 0x10762    : c_ld a4, 0(a4)             : MemRead :  D=0x0000000000000000 A=0x7a9b0
2696000: system.cpu: T0 : 0x10764    : sd a4, 1128(a5)            : MemWrite :  D=0x0000000000000000 A=0x7ffffffffffff248
2696500: system.cpu: T0 : 0x10768    : c_lui a5, 1048575          : IntAlu :  D=0xfffffffffffff000
2697500: system.cpu: T0 : 0x1076a    : addi a4, s0, -16           : IntAlu :  D=0x7ffffffffffffde0
2698000: system.cpu: T0 : 0x1076e    : c_add a4, a5               : IntAlu :  D=0x7fffffffffffede0
2698500: system.cpu: T0 : 0x10770    : c_lui a5, 1048575          : IntAlu :  D=0xfffffffffffff000
2699500: system.cpu: T0 : 0x10772    : addi a3, s0, -16           : IntAlu :  D=0x7ffffffffffffde0
2700000: system.cpu: T0 : 0x10776    : c_add a5, a3               : IntAlu :  D=0x7fffffffffffede0
2700500: system.cpu: T0 : 0x10778    : ld a4, 1120(a4)            : MemRead :  D=0x0000000000000000 A=0x7ffffffffffff240
2701000: system.cpu: T0 : 0x1077c    : ld a5, 1128(a5)            : MemRead :  D=0x0000000000000000 A=0x7ffffffffffff248
2701500: system.cpu: T0 : 0x10780    : bge a4, a5, 202            : IntAlu : 
2702500: system.cpu: T0 : 0x1084a    : auipc a5, 103              : IntAlu :  D=0x000000000007784a
2703500: system.cpu: T0 : 0x1084e    : addi a5, a5, 1974          : IntAlu :  D=0x0000000000078000
2704000: system.cpu: T0 : 0x10852    : c_lw a5, 0(a5)             : MemRead :  D=0x0000000000000003 A=0x78000
2704500: system.cpu: T0 : 0x10854    : c_addiw a5, 0              : IntAlu :  D=0x0000000000000003
2705000: system.cpu: T0 : 0x10856    : c_mv a4, a5                : IntAlu :  D=0x0000000000000003
2705500: system.cpu: T0 : 0x10858    : c_li a5, 2                 : IntAlu :  D=0x0000000000000002
2706500: system.cpu: T0 : 0x1085a    : bge a5, a4, 314            : IntAlu : 
2707500: system.cpu: T0 : 0x1085e    : addi a5, gp, -960          : IntAlu :  D=0x0000000000079c88
2708000: system.cpu: T0 : 0x10862    : c_lw a5, 0(a5)             : MemRead :  D=0x0000000000000000 A=0x79c88
2708500: system.cpu: T0 : 0x10864    : c_addiw a5, 0              : IntAlu :  D=0x0000000000000000
2709000: system.cpu: T0 : 0x10866    : c_mv a4, a5                : IntAlu :  D=0x0000000000000000
2709500: system.cpu: T0 : 0x10868    : c_li a5, 3                 : IntAlu :  D=0x0000000000000003
2710500: system.cpu: T0 : 0x1086a    : blt a5, a4, 298            : IntAlu : 
2711500: system.cpu: T0 : 0x1086e    : auipc a5, 105              : IntAlu :  D=0x000000000007986e
2712500: system.cpu: T0 : 0x10872    : ld a5, -78(a5)             : MemRead :  D=0x000000000007a9b0 A=0x79820
2713000: system.cpu: T0 : 0x10876    : c_ld a4, 16(a5)            : MemRead :  D=0x0000000000000000 A=0x7a9c0
2713500: system.cpu: T0 : 0x10878    : auipc a5, 105              : IntAlu :  D=0x0000000000079878
2714000: system.cpu: T0 : 0x1087c    : ld a5, -88(a5)             : MemRead :  D=0x000000000007a9b0 A=0x79820
2714500: system.cpu: T0 : 0x10880    : c_ld a5, 0(a5)             : MemRead :  D=0x0000000000000000 A=0x7a9b0
2715500: system.cpu: T0 : 0x10882    : bne a4, a5, 274            : IntAlu : 
2716000: system.cpu: T0 : 0x10886    : c_lui a5, 1048575          : IntAlu :  D=0xfffffffffffff000
2716500: system.cpu: T0 : 0x10888    : addi a4, s0, -16           : IntAlu :  D=0x7ffffffffffffde0
2717000: system.cpu: T0 : 0x1088c    : c_add a5, a4               : IntAlu :  D=0x7fffffffffffede0
2718000: system.cpu: T0 : 0x1088e    : auipc a4, 105              : IntAlu :  D=0x000000000007988e
2719000: system.cpu: T0 : 0x10892    : ld a4, -110(a4)            : MemRead :  D=0x000000000007a9b0 A=0x79820
2719500: system.cpu: T0 : 0x10896    : c_ld a4, 8(a4)             : MemRead :  D=0x0000000000000000 A=0x7a9b8
2720000: system.cpu: T0 : 0x10898    : sd a4, 1144(a5)            : MemWrite :  D=0x0000000000000000 A=0x7ffffffffffff258
2720500: system.cpu: T0 : 0x1089c    : c_lui a5, 1048575          : IntAlu :  D=0xfffffffffffff000
2721500: system.cpu: T0 : 0x1089e    : addi a4, s0, -16           : IntAlu :  D=0x7ffffffffffffde0
2722000: system.cpu: T0 : 0x108a2    : c_add a5, a4               : IntAlu :  D=0x7fffffffffffede0
2722500: system.cpu: T0 : 0x108a4    : auipc a4, 105              : IntAlu :  D=0x00000000000798a4
2723000: system.cpu: T0 : 0x108a8    : ld a4, -132(a4)            : MemRead :  D=0x000000000007a9b0 A=0x79820
2723500: system.cpu: T0 : 0x108ac    : c_ld a4, 16(a4)            : MemRead :  D=0x0000000000000000 A=0x7a9c0
2724500: system.cpu: T0 : 0x108ae    : sd a4, 1152(a5)            : MemWrite :  D=0x0000000000000000 A=0x7ffffffffffff260
2725000: system.cpu: T0 : 0x108b2    : c_lui a5, 1048575          : IntAlu :  D=0xfffffffffffff000
2725500: system.cpu: T0 : 0x108b4    : addi a4, s0, -16           : IntAlu :  D=0x7ffffffffffffde0
2726000: system.cpu: T0 : 0x108b8    : c_add a4, a5               : IntAlu :  D=0x7fffffffffffede0
2726500: system.cpu: T0 : 0x108ba    : c_lui a5, 1048575          : IntAlu :  D=0xfffffffffffff000
2727000: system.cpu: T0 : 0x108bc    : addi a3, s0, -16           : IntAlu :  D=0x7ffffffffffffde0
2727500: system.cpu: T0 : 0x108c0    : c_add a5, a3               : IntAlu :  D=0x7fffffffffffede0
2728500: system.cpu: T0 : 0x108c2    : ld a4, 1144(a4)            : MemRead :  D=0x0000000000000000 A=0x7ffffffffffff258
2729500: system.cpu: T0 : 0x108c6    : ld a5, 1152(a5)            : MemRead :  D=0x0000000000000000 A=0x7ffffffffffff260
2730500: system.cpu: T0 : 0x108ca    : bge a4, a5, 202            : IntAlu : 
2731000: system.cpu: T0 : 0x10994    : auipc a5, 103              : IntAlu :  D=0x0000000000077994
2731500: system.cpu: T0 : 0x10998    : addi a5, a5, 1644          : IntAlu :  D=0x0000000000078000
2732000: system.cpu: T0 : 0x1099c    : c_lw a5, 0(a5)             : MemRead :  D=0x0000000000000003 A=0x78000
2732500: system.cpu: T0 : 0x1099e    : c_addiw a5, 0              : IntAlu :  D=0x0000000000000003
2733000: system.cpu: T0 : 0x109a0    : c_mv a4, a5                : IntAlu :  D=0x0000000000000003
2733500: system.cpu: T0 : 0x109a2    : c_li a5, 2                 : IntAlu :  D=0x0000000000000002
2734000: system.cpu: T0 : 0x109a4    : bge a5, a4, 314            : IntAlu : 
2734500: system.cpu: T0 : 0x109a8    : addi a5, gp, -960          : IntAlu :  D=0x0000000000079c88
2735000: system.cpu: T0 : 0x109ac    : c_lw a5, 0(a5)             : MemRead :  D=0x0000000000000000 A=0x79c88
2735500: system.cpu: T0 : 0x109ae    : c_addiw a5, 0              : IntAlu :  D=0x0000000000000000
2736000: system.cpu: T0 : 0x109b0    : c_mv a4, a5                : IntAlu :  D=0x0000000000000000
2736500: system.cpu: T0 : 0x109b2    : c_li a5, 3                 : IntAlu :  D=0x0000000000000003
2737000: system.cpu: T0 : 0x109b4    : blt a5, a4, 298            : IntAlu : 
2737500: system.cpu: T0 : 0x109b8    : auipc a5, 105              : IntAlu :  D=0x00000000000799b8
2738000: system.cpu: T0 : 0x109bc    : ld a5, -408(a5)            : MemRead :  D=0x000000000007a9b0 A=0x79820
2738500: system.cpu: T0 : 0x109c0    : c_ld a4, 0(a5)             : MemRead :  D=0x0000000000000000 A=0x7a9b0
2739500: system.cpu: T0 : 0x109c2    : auipc a5, 105              : IntAlu :  D=0x00000000000799c2
2740500: system.cpu: T0 : 0x109c6    : ld a5, -418(a5)            : MemRead :  D=0x000000000007a9b0 A=0x79820
2741000: system.cpu: T0 : 0x109ca    : c_ld a5, 8(a5)             : MemRead :  D=0x0000000000000000 A=0x7a9b8
2741500: system.cpu: T0 : 0x109cc    : bne a4, a5, 274            : IntAlu : 
2742000: system.cpu: T0 : 0x109d0    : c_lui a5, 1048575          : IntAlu :  D=0xfffffffffffff000
2743000: system.cpu: T0 : 0x109d2    : addi a4, s0, -16           : IntAlu :  D=0x7ffffffffffffde0
2743500: system.cpu: T0 : 0x109d6    : c_add a5, a4               : IntAlu :  D=0x7fffffffffffede0
2744000: system.cpu: T0 : 0x109d8    : auipc a4, 105              : IntAlu :  D=0x00000000000799d8
2744500: system.cpu: T0 : 0x109dc    : ld a4, -440(a4)            : MemRead :  D=0x000000000007a9b0 A=0x79820
2745000: system.cpu: T0 : 0x109e0    : c_ld a4, 16(a4)            : MemRead :  D=0x0000000000000000 A=0x7a9c0
2746000: system.cpu: T0 : 0x109e2    : sd a4, 1168(a5)            : MemWrite :  D=0x0000000000000000 A=0x7ffffffffffff270
2746500: system.cpu: T0 : 0x109e6    : c_lui a5, 1048575          : IntAlu :  D=0xfffffffffffff000
2747000: system.cpu: T0 : 0x109e8    : addi a4, s0, -16           : IntAlu :  D=0x7ffffffffffffde0
2747500: system.cpu: T0 : 0x109ec    : c_add a5, a4               : IntAlu :  D=0x7fffffffffffede0
2748500: system.cpu: T0 : 0x109ee    : auipc a4, 105              : IntAlu :  D=0x00000000000799ee
2749500: system.cpu: T0 : 0x109f2    : ld a4, -462(a4)            : MemRead :  D=0x000000000007a9b0 A=0x79820
2750000: system.cpu: T0 : 0x109f6    : c_ld a4, 0(a4)             : MemRead :  D=0x0000000000000000 A=0x7a9b0
2750500: system.cpu: T0 : 0x109f8    : sd a4, 1176(a5)            : MemWrite :  D=0x0000000000000000 A=0x7ffffffffffff278
2751000: system.cpu: T0 : 0x109fc    : c_lui a5, 1048575          : IntAlu :  D=0xfffffffffffff000
2752000: system.cpu: T0 : 0x109fe    : addi a4, s0, -16           : IntAlu :  D=0x7ffffffffffffde0
2752500: system.cpu: T0 : 0x10a02    : c_add a4, a5               : IntAlu :  D=0x7fffffffffffede0
2753000: system.cpu: T0 : 0x10a04    : c_lui a5, 1048575          : IntAlu :  D=0xfffffffffffff000
2754000: system.cpu: T0 : 0x10a06    : addi a3, s0, -16           : IntAlu :  D=0x7ffffffffffffde0
2754500: system.cpu: T0 : 0x10a0a    : c_add a5, a3               : IntAlu :  D=0x7fffffffffffede0
2755000: system.cpu: T0 : 0x10a0c    : ld a4, 1168(a4)            : MemRead :  D=0x0000000000000000 A=0x7ffffffffffff270
2755500: system.cpu: T0 : 0x10a10    : ld a5, 1176(a5)            : MemRead :  D=0x0000000000000000 A=0x7ffffffffffff278
2756000: system.cpu: T0 : 0x10a14    : bge a4, a5, 202            : IntAlu : 
2757000: system.cpu: T0 : 0x10ade    : auipc a5, 103              : IntAlu :  D=0x0000000000077ade
2758000: system.cpu: T0 : 0x10ae2    : addi a5, a5, 1314          : IntAlu :  D=0x0000000000078000
2758500: system.cpu: T0 : 0x10ae6    : c_lw a5, 0(a5)             : MemRead :  D=0x0000000000000003 A=0x78000
2759000: system.cpu: T0 : 0x10ae8    : c_addiw a5, 0              : IntAlu :  D=0x0000000000000003
2759500: system.cpu: T0 : 0x10aea    : c_mv a4, a5                : IntAlu :  D=0x0000000000000003
2760000: system.cpu: T0 : 0x10aec    : c_li a5, 2                 : IntAlu :  D=0x0000000000000002
2761000: system.cpu: T0 : 0x10aee    : bge a5, a4, 314            : IntAlu : 
2762000: system.cpu: T0 : 0x10af2    : addi a5, gp, -960          : IntAlu :  D=0x0000000000079c88
2762500: system.cpu: T0 : 0x10af6    : c_lw a5, 0(a5)             : MemRead :  D=0x0000000000000000 A=0x79c88
2763000: system.cpu: T0 : 0x10af8    : c_addiw a5, 0              : IntAlu :  D=0x0000000000000000
2763500: system.cpu: T0 : 0x10afa    : c_mv a4, a5                : IntAlu :  D=0x0000000000000000
2764000: system.cpu: T0 : 0x10afc    : c_li a5, 3                 : IntAlu :  D=0x0000000000000003
2765000: system.cpu: T0 : 0x10afe    : blt a5, a4, 298            : IntAlu : 
2766000: system.cpu: T0 : 0x10b02    : auipc a5, 105              : IntAlu :  D=0x0000000000079b02
2767000: system.cpu: T0 : 0x10b06    : ld a5, -738(a5)            : MemRead :  D=0x000000000007a9b0 A=0x79820
2767500: system.cpu: T0 : 0x10b0a    : c_ld a4, 8(a5)             : MemRead :  D=0x0000000000000000 A=0x7a9b8
2768000: system.cpu: T0 : 0x10b0c    : auipc a5, 105              : IntAlu :  D=0x0000000000079b0c
2768500: system.cpu: T0 : 0x10b10    : ld a5, -748(a5)            : MemRead :  D=0x000000000007a9b0 A=0x79820
2769000: system.cpu: T0 : 0x10b14    : c_ld a5, 0(a5)             : MemRead :  D=0x0000000000000000 A=0x7a9b0
2770000: system.cpu: T0 : 0x10b16    : bne a4, a5, 274            : IntAlu : 
2770500: system.cpu: T0 : 0x10b1a    : c_lui a5, 1048575          : IntAlu :  D=0xfffffffffffff000
2771000: system.cpu: T0 : 0x10b1c    : addi a4, s0, -16           : IntAlu :  D=0x7ffffffffffffde0
2771500: system.cpu: T0 : 0x10b20    : c_add a5, a4               : IntAlu :  D=0x7fffffffffffede0
2772500: system.cpu: T0 : 0x10b22    : auipc a4, 105              : IntAlu :  D=0x0000000000079b22
2773500: system.cpu: T0 : 0x10b26    : ld a4, -770(a4)            : MemRead :  D=0x000000000007a9b0 A=0x79820
2774000: system.cpu: T0 : 0x10b2a    : c_ld a4, 16(a4)            : MemRead :  D=0x0000000000000000 A=0x7a9c0
2774500: system.cpu: T0 : 0x10b2c    : sd a4, 1192(a5)            : MemWrite :  D=0x0000000000000000 A=0x7ffffffffffff288
2775000: system.cpu: T0 : 0x10b30    : c_lui a5, 1048575          : IntAlu :  D=0xfffffffffffff000
2776000: system.cpu: T0 : 0x10b32    : addi a4, s0, -16           : IntAlu :  D=0x7ffffffffffffde0
2776500: system.cpu: T0 : 0x10b36    : c_add a5, a4               : IntAlu :  D=0x7fffffffffffede0
2777000: system.cpu: T0 : 0x10b38    : auipc a4, 105              : IntAlu :  D=0x0000000000079b38
2777500: system.cpu: T0 : 0x10b3c    : ld a4, -792(a4)            : MemRead :  D=0x000000000007a9b0 A=0x79820
2778000: system.cpu: T0 : 0x10b40    : c_ld a4, 8(a4)             : MemRead :  D=0x0000000000000000 A=0x7a9b8
2779000: system.cpu: T0 : 0x10b42    : sd a4, 1200(a5)            : MemWrite :  D=0x0000000000000000 A=0x7ffffffffffff290
2779500: system.cpu: T0 : 0x10b46    : c_lui a5, 1048575          : IntAlu :  D=0xfffffffffffff000
2780000: system.cpu: T0 : 0x10b48    : addi a4, s0, -16           : IntAlu :  D=0x7ffffffffffffde0
2780500: system.cpu: T0 : 0x10b4c    : c_add a4, a5               : IntAlu :  D=0x7fffffffffffede0
2781000: system.cpu: T0 : 0x10b4e    : c_lui a5, 1048575          : IntAlu :  D=0xfffffffffffff000
2781500: system.cpu: T0 : 0x10b50    : addi a3, s0, -16           : IntAlu :  D=0x7ffffffffffffde0
2782000: system.cpu: T0 : 0x10b54    : c_add a5, a3               : IntAlu :  D=0x7fffffffffffede0
2783000: system.cpu: T0 : 0x10b56    : ld a4, 1192(a4)            : MemRead :  D=0x0000000000000000 A=0x7ffffffffffff288
2784000: system.cpu: T0 : 0x10b5a    : ld a5, 1200(a5)            : MemRead :  D=0x0000000000000000 A=0x7ffffffffffff290
2785000: system.cpu: T0 : 0x10b5e    : bge a4, a5, 202            : IntAlu : 
2785500: system.cpu: T0 : 0x10c28    : auipc a5, 103              : IntAlu :  D=0x0000000000077c28
2786000: system.cpu: T0 : 0x10c2c    : addi a5, a5, 988           : IntAlu :  D=0x0000000000078004
2786500: system.cpu: T0 : 0x10c30    : c_lw a5, 0(a5)             : MemRead :  D=0x0000000000000005 A=0x78004
2787000: system.cpu: T0 : 0x10c32    : c_addiw a5, 0              : IntAlu :  D=0x0000000000000005
2787500: system.cpu: T0 : 0x10c34    : c_mv a4, a5                : IntAlu :  D=0x0000000000000005
2788000: system.cpu: T0 : 0x10c36    : c_li a5, 3                 : IntAlu :  D=0x0000000000000003
2788500: system.cpu: T0 : 0x10c38    : bge a5, a4, 336            : IntAlu : 
2789000: system.cpu: T0 : 0x10c3c    : addi a5, gp, -960          : IntAlu :  D=0x0000000000079c88
2789500: system.cpu: T0 : 0x10c40    : c_lw a5, 0(a5)             : MemRead :  D=0x0000000000000000 A=0x79c88
2790000: system.cpu: T0 : 0x10c42    : c_addiw a5, 0              : IntAlu :  D=0x0000000000000000
2790500: system.cpu: T0 : 0x10c44    : c_mv a4, a5                : IntAlu :  D=0x0000000000000000
2791000: system.cpu: T0 : 0x10c46    : c_li a5, 3                 : IntAlu :  D=0x0000000000000003
2791500: system.cpu: T0 : 0x10c48    : blt a5, a4, 320            : IntAlu : 
2792000: system.cpu: T0 : 0x10c4c    : auipc a5, 105              : IntAlu :  D=0x0000000000079c4c
2792500: system.cpu: T0 : 0x10c50    : ld a5, -1044(a5)           : MemRead :  D=0x000000000007a9c8 A=0x79838
2793000: system.cpu: T0 : 0x10c54    : c_ld a4, 8(a5)             : MemRead :  D=0x0000000000000000 A=0x7a9d0
2794000: system.cpu: T0 : 0x10c56    : auipc a5, 105              : IntAlu :  D=0x0000000000079c56
2795000: system.cpu: T0 : 0x10c5a    : ld a5, -1054(a5)           : MemRead :  D=0x000000000007a9c8 A=0x79838
2795500: system.cpu: T0 : 0x10c5e    : c_ld a5, 16(a5)            : MemRead :  D=0x0000000000000000 A=0x7a9d8
2796000: system.cpu: T0 : 0x10c60    : bne a4, a5, 296            : IntAlu : 
2796500: system.cpu: T0 : 0x10c64    : auipc a5, 105              : IntAlu :  D=0x0000000000079c64
2797000: system.cpu: T0 : 0x10c68    : ld a5, -1068(a5)           : MemRead :  D=0x000000000007a9c8 A=0x79838
2797500: system.cpu: T0 : 0x10c6c    : c_ld a4, 8(a5)             : MemRead :  D=0x0000000000000000 A=0x7a9d0
2798500: system.cpu: T0 : 0x10c6e    : auipc a5, 105              : IntAlu :  D=0x0000000000079c6e
2799500: system.cpu: T0 : 0x10c72    : ld a5, -1078(a5)           : MemRead :  D=0x000000000007a9c8 A=0x79838
2800000: system.cpu: T0 : 0x10c76    : c_ld a5, 24(a5)            : MemRead :  D=0x0000000000000000 A=0x7a9e0
2800500: system.cpu: T0 : 0x10c78    : bne a4, a5, 272            : IntAlu : 
2801000: system.cpu: T0 : 0x10c7c    : c_lui a5, 1048575          : IntAlu :  D=0xfffffffffffff000
2802000: system.cpu: T0 : 0x10c7e    : addi a4, s0, -16           : IntAlu :  D=0x7ffffffffffffde0
2802500: system.cpu: T0 : 0x10c82    : c_add a5, a4               : IntAlu :  D=0x7fffffffffffede0
2803000: system.cpu: T0 : 0x10c84    : auipc a4, 105              : IntAlu :  D=0x0000000000079c84
2803500: system.cpu: T0 : 0x10c88    : ld a4, -1100(a4)           : MemRead :  D=0x000000000007a9c8 A=0x79838
2804000: system.cpu: T0 : 0x10c8c    : c_ld a4, 0(a4)             : MemRead :  D=0x0000000000000000 A=0x7a9c8
2805000: system.cpu: T0 : 0x10c8e    : sd a4, 1216(a5)            : MemWrite :  D=0x0000000000000000 A=0x7ffffffffffff2a0
2805500: system.cpu: T0 : 0x10c92    : c_lui a5, 1048575          : IntAlu :  D=0xfffffffffffff000
2806000: system.cpu: T0 : 0x10c94    : addi a4, s0, -16           : IntAlu :  D=0x7ffffffffffffde0
2806500: system.cpu: T0 : 0x10c98    : c_add a5, a4               : IntAlu :  D=0x7fffffffffffede0
2807500: system.cpu: T0 : 0x10c9a    : auipc a4, 105              : IntAlu :  D=0x0000000000079c9a
2808500: system.cpu: T0 : 0x10c9e    : ld a4, -1122(a4)           : MemRead :  D=0x000000000007a9c8 A=0x79838
2809000: system.cpu: T0 : 0x10ca2    : c_ld a4, 8(a4)             : MemRead :  D=0x0000000000000000 A=0x7a9d0
2809500: system.cpu: T0 : 0x10ca4    : sd a4, 1224(a5)            : MemWrite :  D=0x0000000000000000 A=0x7ffffffffffff2a8
2810000: system.cpu: T0 : 0x10ca8    : c_lui a5, 1048575          : IntAlu :  D=0xfffffffffffff000
2811000: system.cpu: T0 : 0x10caa    : addi a4, s0, -16           : IntAlu :  D=0x7ffffffffffffde0
2811500: system.cpu: T0 : 0x10cae    : c_add a4, a5               : IntAlu :  D=0x7fffffffffffede0
2812000: system.cpu: T0 : 0x10cb0    : c_lui a5, 1048575          : IntAlu :  D=0xfffffffffffff000
2813000: system.cpu: T0 : 0x10cb2    : addi a3, s0, -16           : IntAlu :  D=0x7ffffffffffffde0
2813500: system.cpu: T0 : 0x10cb6    : c_add a5, a3               : IntAlu :  D=0x7fffffffffffede0
2814000: system.cpu: T0 : 0x10cb8    : ld a4, 1224(a4)            : MemRead :  D=0x0000000000000000 A=0x7ffffffffffff2a8
2814500: system.cpu: T0 : 0x10cbc    : ld a5, 1216(a5)            : MemRead :  D=0x0000000000000000 A=0x7ffffffffffff2a0
2815000: system.cpu: T0 : 0x10cc0    : bge a5, a4, 200            : IntAlu : 
2815500: system.cpu: T0 : 0x10d88    : auipc a5, 103              : IntAlu :  D=0x0000000000077d88
2816000: system.cpu: T0 : 0x10d8c    : addi a5, a5, 636           : IntAlu :  D=0x0000000000078004
2816500: system.cpu: T0 : 0x10d90    : c_lw a5, 0(a5)             : MemRead :  D=0x0000000000000005 A=0x78004
2817000: system.cpu: T0 : 0x10d92    : c_addiw a5, 0              : IntAlu :  D=0x0000000000000005
2817500: system.cpu: T0 : 0x10d94    : c_mv a4, a5                : IntAlu :  D=0x0000000000000005
2818000: system.cpu: T0 : 0x10d96    : c_li a5, 3                 : IntAlu :  D=0x0000000000000003
2818500: system.cpu: T0 : 0x10d98    : bge a5, a4, 336            : IntAlu : 
2819000: system.cpu: T0 : 0x10d9c    : addi a5, gp, -960          : IntAlu :  D=0x0000000000079c88
2819500: system.cpu: T0 : 0x10da0    : c_lw a5, 0(a5)             : MemRead :  D=0x0000000000000000 A=0x79c88
2820000: system.cpu: T0 : 0x10da2    : c_addiw a5, 0              : IntAlu :  D=0x0000000000000000
2820500: system.cpu: T0 : 0x10da4    : c_mv a4, a5                : IntAlu :  D=0x0000000000000000
2821000: system.cpu: T0 : 0x10da6    : c_li a5, 3                 : IntAlu :  D=0x0000000000000003
2821500: system.cpu: T0 : 0x10da8    : blt a5, a4, 320            : IntAlu : 
2822000: system.cpu: T0 : 0x10dac    : auipc a5, 105              : IntAlu :  D=0x0000000000079dac
2822500: system.cpu: T0 : 0x10db0    : ld a5, -1396(a5)           : MemRead :  D=0x000000000007a9c8 A=0x79838
2823000: system.cpu: T0 : 0x10db4    : c_ld a4, 8(a5)             : MemRead :  D=0x0000000000000000 A=0x7a9d0
2824000: system.cpu: T0 : 0x10db6    : auipc a5, 105              : IntAlu :  D=0x0000000000079db6
2825000: system.cpu: T0 : 0x10dba    : ld a5, -1406(a5)           : MemRead :  D=0x000000000007a9c8 A=0x79838
2825500: system.cpu: T0 : 0x10dbe    : c_ld a5, 24(a5)            : MemRead :  D=0x0000000000000000 A=0x7a9e0
2826000: system.cpu: T0 : 0x10dc0    : bne a4, a5, 296            : IntAlu : 
2826500: system.cpu: T0 : 0x10dc4    : auipc a5, 105              : IntAlu :  D=0x0000000000079dc4
2827000: system.cpu: T0 : 0x10dc8    : ld a5, -1420(a5)           : MemRead :  D=0x000000000007a9c8 A=0x79838
2827500: system.cpu: T0 : 0x10dcc    : c_ld a4, 8(a5)             : MemRead :  D=0x0000000000000000 A=0x7a9d0
2828500: system.cpu: T0 : 0x10dce    : auipc a5, 105              : IntAlu :  D=0x0000000000079dce
2829500: system.cpu: T0 : 0x10dd2    : ld a5, -1430(a5)           : MemRead :  D=0x000000000007a9c8 A=0x79838
2830000: system.cpu: T0 : 0x10dd6    : c_ld a5, 16(a5)            : MemRead :  D=0x0000000000000000 A=0x7a9d8
2830500: system.cpu: T0 : 0x10dd8    : bne a4, a5, 272            : IntAlu : 
2831000: system.cpu: T0 : 0x10ddc    : c_lui a5, 1048575          : IntAlu :  D=0xfffffffffffff000
2832000: system.cpu: T0 : 0x10dde    : addi a4, s0, -16           : IntAlu :  D=0x7ffffffffffffde0
2832500: system.cpu: T0 : 0x10de2    : c_add a5, a4               : IntAlu :  D=0x7fffffffffffede0
2833000: system.cpu: T0 : 0x10de4    : auipc a4, 105              : IntAlu :  D=0x0000000000079de4
2833500: system.cpu: T0 : 0x10de8    : ld a4, -1452(a4)           : MemRead :  D=0x000000000007a9c8 A=0x79838
2834000: system.cpu: T0 : 0x10dec    : c_ld a4, 0(a4)             : MemRead :  D=0x0000000000000000 A=0x7a9c8
2835000: system.cpu: T0 : 0x10dee    : sd a4, 1240(a5)            : MemWrite :  D=0x0000000000000000 A=0x7ffffffffffff2b8
2835500: system.cpu: T0 : 0x10df2    : c_lui a5, 1048575          : IntAlu :  D=0xfffffffffffff000
2836000: system.cpu: T0 : 0x10df4    : addi a4, s0, -16           : IntAlu :  D=0x7ffffffffffffde0
2836500: system.cpu: T0 : 0x10df8    : c_add a5, a4               : IntAlu :  D=0x7fffffffffffede0
2837500: system.cpu: T0 : 0x10dfa    : auipc a4, 105              : IntAlu :  D=0x0000000000079dfa
2838500: system.cpu: T0 : 0x10dfe    : ld a4, -1474(a4)           : MemRead :  D=0x000000000007a9c8 A=0x79838
2839000: system.cpu: T0 : 0x10e02    : c_ld a4, 8(a4)             : MemRead :  D=0x0000000000000000 A=0x7a9d0
2839500: system.cpu: T0 : 0x10e04    : sd a4, 1248(a5)            : MemWrite :  D=0x0000000000000000 A=0x7ffffffffffff2c0
2840000: system.cpu: T0 : 0x10e08    : c_lui a5, 1048575          : IntAlu :  D=0xfffffffffffff000
2841000: system.cpu: T0 : 0x10e0a    : addi a4, s0, -16           : IntAlu :  D=0x7ffffffffffffde0
2841500: system.cpu: T0 : 0x10e0e    : c_add a4, a5               : IntAlu :  D=0x7fffffffffffede0
2842000: system.cpu: T0 : 0x10e10    : c_lui a5, 1048575          : IntAlu :  D=0xfffffffffffff000
2843000: system.cpu: T0 : 0x10e12    : addi a3, s0, -16           : IntAlu :  D=0x7ffffffffffffde0
2843500: system.cpu: T0 : 0x10e16    : c_add a5, a3               : IntAlu :  D=0x7fffffffffffede0
2844000: system.cpu: T0 : 0x10e18    : ld a4, 1248(a4)            : MemRead :  D=0x0000000000000000 A=0x7ffffffffffff2c0
2844500: system.cpu: T0 : 0x10e1c    : ld a5, 1240(a5)            : MemRead :  D=0x0000000000000000 A=0x7ffffffffffff2b8
2845000: system.cpu: T0 : 0x10e20    : bge a5, a4, 200            : IntAlu : 
2845500: system.cpu: T0 : 0x10ee8    : auipc a5, 103              : IntAlu :  D=0x0000000000077ee8
2846000: system.cpu: T0 : 0x10eec    : addi a5, a5, 284           : IntAlu :  D=0x0000000000078004
2846500: system.cpu: T0 : 0x10ef0    : c_lw a5, 0(a5)             : MemRead :  D=0x0000000000000005 A=0x78004
2847000: system.cpu: T0 : 0x10ef2    : c_addiw a5, 0              : IntAlu :  D=0x0000000000000005
2847500: system.cpu: T0 : 0x10ef4    : c_mv a4, a5                : IntAlu :  D=0x0000000000000005
2848000: system.cpu: T0 : 0x10ef6    : c_li a5, 3                 : IntAlu :  D=0x0000000000000003
2848500: system.cpu: T0 : 0x10ef8    : bge a5, a4, 336            : IntAlu : 
2849000: system.cpu: T0 : 0x10efc    : addi a5, gp, -960          : IntAlu :  D=0x0000000000079c88
2849500: system.cpu: T0 : 0x10f00    : c_lw a5, 0(a5)             : MemRead :  D=0x0000000000000000 A=0x79c88
2850000: system.cpu: T0 : 0x10f02    : c_addiw a5, 0              : IntAlu :  D=0x0000000000000000
2850500: system.cpu: T0 : 0x10f04    : c_mv a4, a5                : IntAlu :  D=0x0000000000000000
2851000: system.cpu: T0 : 0x10f06    : c_li a5, 3                 : IntAlu :  D=0x0000000000000003
2851500: system.cpu: T0 : 0x10f08    : blt a5, a4, 320            : IntAlu : 
2852000: system.cpu: T0 : 0x10f0c    : auipc a5, 105              : IntAlu :  D=0x0000000000079f0c
2852500: system.cpu: T0 : 0x10f10    : ld a5, -1748(a5)           : MemRead :  D=0x000000000007a9c8 A=0x79838
2853000: system.cpu: T0 : 0x10f14    : c_ld a4, 16(a5)            : MemRead :  D=0x0000000000000000 A=0x7a9d8
2854000: system.cpu: T0 : 0x10f16    : auipc a5, 105              : IntAlu :  D=0x0000000000079f16
2855000: system.cpu: T0 : 0x10f1a    : ld a5, -1758(a5)           : MemRead :  D=0x000000000007a9c8 A=0x79838
2855500: system.cpu: T0 : 0x10f1e    : c_ld a5, 8(a5)             : MemRead :  D=0x0000000000000000 A=0x7a9d0
2856000: system.cpu: T0 : 0x10f20    : bne a4, a5, 296            : IntAlu : 
2856500: system.cpu: T0 : 0x10f24    : auipc a5, 105              : IntAlu :  D=0x0000000000079f24
2857000: system.cpu: T0 : 0x10f28    : ld a5, -1772(a5)           : MemRead :  D=0x000000000007a9c8 A=0x79838
2857500: system.cpu: T0 : 0x10f2c    : c_ld a4, 16(a5)            : MemRead :  D=0x0000000000000000 A=0x7a9d8
2858500: system.cpu: T0 : 0x10f2e    : auipc a5, 105              : IntAlu :  D=0x0000000000079f2e
2859500: system.cpu: T0 : 0x10f32    : ld a5, -1782(a5)           : MemRead :  D=0x000000000007a9c8 A=0x79838
2860000: system.cpu: T0 : 0x10f36    : c_ld a5, 24(a5)            : MemRead :  D=0x0000000000000000 A=0x7a9e0
2860500: system.cpu: T0 : 0x10f38    : bne a4, a5, 272            : IntAlu : 
2861000: system.cpu: T0 : 0x10f3c    : c_lui a5, 1048575          : IntAlu :  D=0xfffffffffffff000
2862000: system.cpu: T0 : 0x10f3e    : addi a4, s0, -16           : IntAlu :  D=0x7ffffffffffffde0
2862500: system.cpu: T0 : 0x10f42    : c_add a5, a4               : IntAlu :  D=0x7fffffffffffede0
2863000: system.cpu: T0 : 0x10f44    : auipc a4, 105              : IntAlu :  D=0x0000000000079f44
2863500: system.cpu: T0 : 0x10f48    : ld a4, -1804(a4)           : MemRead :  D=0x000000000007a9c8 A=0x79838
2864000: system.cpu: T0 : 0x10f4c    : c_ld a4, 0(a4)             : MemRead :  D=0x0000000000000000 A=0x7a9c8
2865000: system.cpu: T0 : 0x10f4e    : sd a4, 1264(a5)            : MemWrite :  D=0x0000000000000000 A=0x7ffffffffffff2d0
2865500: system.cpu: T0 : 0x10f52    : c_lui a5, 1048575          : IntAlu :  D=0xfffffffffffff000
2866000: system.cpu: T0 : 0x10f54    : addi a4, s0, -16           : IntAlu :  D=0x7ffffffffffffde0
2866500: system.cpu: T0 : 0x10f58    : c_add a5, a4               : IntAlu :  D=0x7fffffffffffede0
2867500: system.cpu: T0 : 0x10f5a    : auipc a4, 105              : IntAlu :  D=0x0000000000079f5a
2868500: system.cpu: T0 : 0x10f5e    : ld a4, -1826(a4)           : MemRead :  D=0x000000000007a9c8 A=0x79838
2869000: system.cpu: T0 : 0x10f62    : c_ld a4, 16(a4)            : MemRead :  D=0x0000000000000000 A=0x7a9d8
2869500: system.cpu: T0 : 0x10f64    : sd a4, 1272(a5)            : MemWrite :  D=0x0000000000000000 A=0x7ffffffffffff2d8
2870000: system.cpu: T0 : 0x10f68    : c_lui a5, 1048575          : IntAlu :  D=0xfffffffffffff000
2871000: system.cpu: T0 : 0x10f6a    : addi a4, s0, -16           : IntAlu :  D=0x7ffffffffffffde0
2871500: system.cpu: T0 : 0x10f6e    : c_add a4, a5               : IntAlu :  D=0x7fffffffffffede0
2872000: system.cpu: T0 : 0x10f70    : c_lui a5, 1048575          : IntAlu :  D=0xfffffffffffff000
2873000: system.cpu: T0 : 0x10f72    : addi a3, s0, -16           : IntAlu :  D=0x7ffffffffffffde0
2873500: system.cpu: T0 : 0x10f76    : c_add a5, a3               : IntAlu :  D=0x7fffffffffffede0
2874000: system.cpu: T0 : 0x10f78    : ld a4, 1272(a4)            : MemRead :  D=0x0000000000000000 A=0x7ffffffffffff2d8
2874500: system.cpu: T0 : 0x10f7c    : ld a5, 1264(a5)            : MemRead :  D=0x0000000000000000 A=0x7ffffffffffff2d0
2875000: system.cpu: T0 : 0x10f80    : bge a5, a4, 200            : IntAlu : 
2875500: system.cpu: T0 : 0x11048    : auipc a5, 103              : IntAlu :  D=0x0000000000078048
2876000: system.cpu: T0 : 0x1104c    : addi a5, a5, -68           : IntAlu :  D=0x0000000000078004
2876500: system.cpu: T0 : 0x11050    : c_lw a5, 0(a5)             : MemRead :  D=0x0000000000000005 A=0x78004
2877000: system.cpu: T0 : 0x11052    : c_addiw a5, 0              : IntAlu :  D=0x0000000000000005
2877500: system.cpu: T0 : 0x11054    : c_mv a4, a5                : IntAlu :  D=0x0000000000000005
2878000: system.cpu: T0 : 0x11056    : c_li a5, 3                 : IntAlu :  D=0x0000000000000003
2878500: system.cpu: T0 : 0x11058    : bge a5, a4, 336            : IntAlu : 
2879000: system.cpu: T0 : 0x1105c    : addi a5, gp, -960          : IntAlu :  D=0x0000000000079c88
2879500: system.cpu: T0 : 0x11060    : c_lw a5, 0(a5)             : MemRead :  D=0x0000000000000000 A=0x79c88
2880000: system.cpu: T0 : 0x11062    : c_addiw a5, 0              : IntAlu :  D=0x0000000000000000
2880500: system.cpu: T0 : 0x11064    : c_mv a4, a5                : IntAlu :  D=0x0000000000000000
2881000: system.cpu: T0 : 0x11066    : c_li a5, 3                 : IntAlu :  D=0x0000000000000003
2881500: system.cpu: T0 : 0x11068    : blt a5, a4, 320            : IntAlu : 
2882000: system.cpu: T0 : 0x1106c    : auipc a5, 104              : IntAlu :  D=0x000000000007906c
2882500: system.cpu: T0 : 0x11070    : ld a5, 1996(a5)            : MemRead :  D=0x000000000007a9c8 A=0x79838
2883000: system.cpu: T0 : 0x11074    : c_ld a4, 16(a5)            : MemRead :  D=0x0000000000000000 A=0x7a9d8
2884000: system.cpu: T0 : 0x11076    : auipc a5, 104              : IntAlu :  D=0x0000000000079076
2885000: system.cpu: T0 : 0x1107a    : ld a5, 1986(a5)            : MemRead :  D=0x000000000007a9c8 A=0x79838
2885500: system.cpu: T0 : 0x1107e    : c_ld a5, 24(a5)            : MemRead :  D=0x0000000000000000 A=0x7a9e0
2886000: system.cpu: T0 : 0x11080    : bne a4, a5, 296            : IntAlu : 
2886500: system.cpu: T0 : 0x11084    : auipc a5, 104              : IntAlu :  D=0x0000000000079084
2887000: system.cpu: T0 : 0x11088    : ld a5, 1972(a5)            : MemRead :  D=0x000000000007a9c8 A=0x79838
2887500: system.cpu: T0 : 0x1108c    : c_ld a4, 16(a5)            : MemRead :  D=0x0000000000000000 A=0x7a9d8
2888500: system.cpu: T0 : 0x1108e    : auipc a5, 104              : IntAlu :  D=0x000000000007908e
2889500: system.cpu: T0 : 0x11092    : ld a5, 1962(a5)            : MemRead :  D=0x000000000007a9c8 A=0x79838
2890000: system.cpu: T0 : 0x11096    : c_ld a5, 8(a5)             : MemRead :  D=0x0000000000000000 A=0x7a9d0
2890500: system.cpu: T0 : 0x11098    : bne a4, a5, 272            : IntAlu : 
2891000: system.cpu: T0 : 0x1109c    : c_lui a5, 1048575          : IntAlu :  D=0xfffffffffffff000
2892000: system.cpu: T0 : 0x1109e    : addi a4, s0, -16           : IntAlu :  D=0x7ffffffffffffde0
2892500: system.cpu: T0 : 0x110a2    : c_add a5, a4               : IntAlu :  D=0x7fffffffffffede0
2893000: system.cpu: T0 : 0x110a4    : auipc a4, 104              : IntAlu :  D=0x00000000000790a4
2893500: system.cpu: T0 : 0x110a8    : ld a4, 1940(a4)            : MemRead :  D=0x000000000007a9c8 A=0x79838
2894000: system.cpu: T0 : 0x110ac    : c_ld a4, 0(a4)             : MemRead :  D=0x0000000000000000 A=0x7a9c8
2895000: system.cpu: T0 : 0x110ae    : sd a4, 1288(a5)            : MemWrite :  D=0x0000000000000000 A=0x7ffffffffffff2e8
2895500: system.cpu: T0 : 0x110b2    : c_lui a5, 1048575          : IntAlu :  D=0xfffffffffffff000
2896000: system.cpu: T0 : 0x110b4    : addi a4, s0, -16           : IntAlu :  D=0x7ffffffffffffde0
2896500: system.cpu: T0 : 0x110b8    : c_add a5, a4               : IntAlu :  D=0x7fffffffffffede0
2897500: system.cpu: T0 : 0x110ba    : auipc a4, 104              : IntAlu :  D=0x00000000000790ba
2898500: system.cpu: T0 : 0x110be    : ld a4, 1918(a4)            : MemRead :  D=0x000000000007a9c8 A=0x79838
2899000: system.cpu: T0 : 0x110c2    : c_ld a4, 16(a4)            : MemRead :  D=0x0000000000000000 A=0x7a9d8
2899500: system.cpu: T0 : 0x110c4    : sd a4, 1296(a5)            : MemWrite :  D=0x0000000000000000 A=0x7ffffffffffff2f0
2900000: system.cpu: T0 : 0x110c8    : c_lui a5, 1048575          : IntAlu :  D=0xfffffffffffff000
2901000: system.cpu: T0 : 0x110ca    : addi a4, s0, -16           : IntAlu :  D=0x7ffffffffffffde0
2901500: system.cpu: T0 : 0x110ce    : c_add a4, a5               : IntAlu :  D=0x7fffffffffffede0
2902000: system.cpu: T0 : 0x110d0    : c_lui a5, 1048575          : IntAlu :  D=0xfffffffffffff000
2903000: system.cpu: T0 : 0x110d2    : addi a3, s0, -16           : IntAlu :  D=0x7ffffffffffffde0
2903500: system.cpu: T0 : 0x110d6    : c_add a5, a3               : IntAlu :  D=0x7fffffffffffede0
2904000: system.cpu: T0 : 0x110d8    : ld a4, 1296(a4)            : MemRead :  D=0x0000000000000000 A=0x7ffffffffffff2f0
2904500: system.cpu: T0 : 0x110dc    : ld a5, 1288(a5)            : MemRead :  D=0x0000000000000000 A=0x7ffffffffffff2e8
2905000: system.cpu: T0 : 0x110e0    : bge a5, a4, 200            : IntAlu : 
2905500: system.cpu: T0 : 0x111a8    : auipc a5, 103              : IntAlu :  D=0x00000000000781a8
2906000: system.cpu: T0 : 0x111ac    : addi a5, a5, -420          : IntAlu :  D=0x0000000000078004
2906500: system.cpu: T0 : 0x111b0    : c_lw a5, 0(a5)             : MemRead :  D=0x0000000000000005 A=0x78004
2907000: system.cpu: T0 : 0x111b2    : c_addiw a5, 0              : IntAlu :  D=0x0000000000000005
2907500: system.cpu: T0 : 0x111b4    : c_mv a4, a5                : IntAlu :  D=0x0000000000000005
2908000: system.cpu: T0 : 0x111b6    : c_li a5, 3                 : IntAlu :  D=0x0000000000000003
2908500: system.cpu: T0 : 0x111b8    : bge a5, a4, 336            : IntAlu : 
2909000: system.cpu: T0 : 0x111bc    : addi a5, gp, -960          : IntAlu :  D=0x0000000000079c88
2909500: system.cpu: T0 : 0x111c0    : c_lw a5, 0(a5)             : MemRead :  D=0x0000000000000000 A=0x79c88
2910000: system.cpu: T0 : 0x111c2    : c_addiw a5, 0              : IntAlu :  D=0x0000000000000000
2910500: system.cpu: T0 : 0x111c4    : c_mv a4, a5                : IntAlu :  D=0x0000000000000000
2911000: system.cpu: T0 : 0x111c6    : c_li a5, 3                 : IntAlu :  D=0x0000000000000003
2911500: system.cpu: T0 : 0x111c8    : blt a5, a4, 320            : IntAlu : 
2912000: system.cpu: T0 : 0x111cc    : auipc a5, 104              : IntAlu :  D=0x00000000000791cc
2912500: system.cpu: T0 : 0x111d0    : ld a5, 1644(a5)            : MemRead :  D=0x000000000007a9c8 A=0x79838
2913000: system.cpu: T0 : 0x111d4    : c_ld a4, 24(a5)            : MemRead :  D=0x0000000000000000 A=0x7a9e0
2914000: system.cpu: T0 : 0x111d6    : auipc a5, 104              : IntAlu :  D=0x00000000000791d6
2915000: system.cpu: T0 : 0x111da    : ld a5, 1634(a5)            : MemRead :  D=0x000000000007a9c8 A=0x79838
2915500: system.cpu: T0 : 0x111de    : c_ld a5, 8(a5)             : MemRead :  D=0x0000000000000000 A=0x7a9d0
2916000: system.cpu: T0 : 0x111e0    : bne a4, a5, 296            : IntAlu : 
2916500: system.cpu: T0 : 0x111e4    : auipc a5, 104              : IntAlu :  D=0x00000000000791e4
2917000: system.cpu: T0 : 0x111e8    : ld a5, 1620(a5)            : MemRead :  D=0x000000000007a9c8 A=0x79838
2917500: system.cpu: T0 : 0x111ec    : c_ld a4, 24(a5)            : MemRead :  D=0x0000000000000000 A=0x7a9e0
2918500: system.cpu: T0 : 0x111ee    : auipc a5, 104              : IntAlu :  D=0x00000000000791ee
2919500: system.cpu: T0 : 0x111f2    : ld a5, 1610(a5)            : MemRead :  D=0x000000000007a9c8 A=0x79838
2920000: system.cpu: T0 : 0x111f6    : c_ld a5, 16(a5)            : MemRead :  D=0x0000000000000000 A=0x7a9d8
2920500: system.cpu: T0 : 0x111f8    : bne a4, a5, 272            : IntAlu : 
2921000: system.cpu: T0 : 0x111fc    : c_lui a5, 1048575          : IntAlu :  D=0xfffffffffffff000
2922000: system.cpu: T0 : 0x111fe    : addi a4, s0, -16           : IntAlu :  D=0x7ffffffffffffde0
2922500: system.cpu: T0 : 0x11202    : c_add a5, a4               : IntAlu :  D=0x7fffffffffffede0
2923000: system.cpu: T0 : 0x11204    : auipc a4, 104              : IntAlu :  D=0x0000000000079204
2923500: system.cpu: T0 : 0x11208    : ld a4, 1588(a4)            : MemRead :  D=0x000000000007a9c8 A=0x79838
2924000: system.cpu: T0 : 0x1120c    : c_ld a4, 0(a4)             : MemRead :  D=0x0000000000000000 A=0x7a9c8
2925000: system.cpu: T0 : 0x1120e    : sd a4, 1312(a5)            : MemWrite :  D=0x0000000000000000 A=0x7ffffffffffff300
2925500: system.cpu: T0 : 0x11212    : c_lui a5, 1048575          : IntAlu :  D=0xfffffffffffff000
2926000: system.cpu: T0 : 0x11214    : addi a4, s0, -16           : IntAlu :  D=0x7ffffffffffffde0
2926500: system.cpu: T0 : 0x11218    : c_add a5, a4               : IntAlu :  D=0x7fffffffffffede0
2927500: system.cpu: T0 : 0x1121a    : auipc a4, 104              : IntAlu :  D=0x000000000007921a
2928500: system.cpu: T0 : 0x1121e    : ld a4, 1566(a4)            : MemRead :  D=0x000000000007a9c8 A=0x79838
2929000: system.cpu: T0 : 0x11222    : c_ld a4, 24(a4)            : MemRead :  D=0x0000000000000000 A=0x7a9e0
2929500: system.cpu: T0 : 0x11224    : sd a4, 1320(a5)            : MemWrite :  D=0x0000000000000000 A=0x7ffffffffffff308
2930000: system.cpu: T0 : 0x11228    : c_lui a5, 1048575          : IntAlu :  D=0xfffffffffffff000
2931000: system.cpu: T0 : 0x1122a    : addi a4, s0, -16           : IntAlu :  D=0x7ffffffffffffde0
2931500: system.cpu: T0 : 0x1122e    : c_add a4, a5               : IntAlu :  D=0x7fffffffffffede0
2932000: system.cpu: T0 : 0x11230    : c_lui a5, 1048575          : IntAlu :  D=0xfffffffffffff000
2933000: system.cpu: T0 : 0x11232    : addi a3, s0, -16           : IntAlu :  D=0x7ffffffffffffde0
2933500: system.cpu: T0 : 0x11236    : c_add a5, a3               : IntAlu :  D=0x7fffffffffffede0
2934000: system.cpu: T0 : 0x11238    : ld a4, 1320(a4)            : MemRead :  D=0x0000000000000000 A=0x7ffffffffffff308
2934500: system.cpu: T0 : 0x1123c    : ld a5, 1312(a5)            : MemRead :  D=0x0000000000000000 A=0x7ffffffffffff300
2935000: system.cpu: T0 : 0x11240    : bge a5, a4, 200            : IntAlu : 
2935500: system.cpu: T0 : 0x11308    : auipc a5, 103              : IntAlu :  D=0x0000000000078308
2936000: system.cpu: T0 : 0x1130c    : addi a5, a5, -772          : IntAlu :  D=0x0000000000078004
2936500: system.cpu: T0 : 0x11310    : c_lw a5, 0(a5)             : MemRead :  D=0x0000000000000005 A=0x78004
2937000: system.cpu: T0 : 0x11312    : c_addiw a5, 0              : IntAlu :  D=0x0000000000000005
2937500: system.cpu: T0 : 0x11314    : c_mv a4, a5                : IntAlu :  D=0x0000000000000005
2938000: system.cpu: T0 : 0x11316    : c_li a5, 3                 : IntAlu :  D=0x0000000000000003
2938500: system.cpu: T0 : 0x11318    : bge a5, a4, 336            : IntAlu : 
2939000: system.cpu: T0 : 0x1131c    : addi a5, gp, -960          : IntAlu :  D=0x0000000000079c88
2939500: system.cpu: T0 : 0x11320    : c_lw a5, 0(a5)             : MemRead :  D=0x0000000000000000 A=0x79c88
2940000: system.cpu: T0 : 0x11322    : c_addiw a5, 0              : IntAlu :  D=0x0000000000000000
2940500: system.cpu: T0 : 0x11324    : c_mv a4, a5                : IntAlu :  D=0x0000000000000000
2941000: system.cpu: T0 : 0x11326    : c_li a5, 3                 : IntAlu :  D=0x0000000000000003
2941500: system.cpu: T0 : 0x11328    : blt a5, a4, 320            : IntAlu : 
2942000: system.cpu: T0 : 0x1132c    : auipc a5, 104              : IntAlu :  D=0x000000000007932c
2942500: system.cpu: T0 : 0x11330    : ld a5, 1292(a5)            : MemRead :  D=0x000000000007a9c8 A=0x79838
2943000: system.cpu: T0 : 0x11334    : c_ld a4, 24(a5)            : MemRead :  D=0x0000000000000000 A=0x7a9e0
2944000: system.cpu: T0 : 0x11336    : auipc a5, 104              : IntAlu :  D=0x0000000000079336
2945000: system.cpu: T0 : 0x1133a    : ld a5, 1282(a5)            : MemRead :  D=0x000000000007a9c8 A=0x79838
2945500: system.cpu: T0 : 0x1133e    : c_ld a5, 16(a5)            : MemRead :  D=0x0000000000000000 A=0x7a9d8
2946000: system.cpu: T0 : 0x11340    : bne a4, a5, 296            : IntAlu : 
2946500: system.cpu: T0 : 0x11344    : auipc a5, 104              : IntAlu :  D=0x0000000000079344
2947000: system.cpu: T0 : 0x11348    : ld a5, 1268(a5)            : MemRead :  D=0x000000000007a9c8 A=0x79838
2947500: system.cpu: T0 : 0x1134c    : c_ld a4, 24(a5)            : MemRead :  D=0x0000000000000000 A=0x7a9e0
2948500: system.cpu: T0 : 0x1134e    : auipc a5, 104              : IntAlu :  D=0x000000000007934e
2949500: system.cpu: T0 : 0x11352    : ld a5, 1258(a5)            : MemRead :  D=0x000000000007a9c8 A=0x79838
2950000: system.cpu: T0 : 0x11356    : c_ld a5, 8(a5)             : MemRead :  D=0x0000000000000000 A=0x7a9d0
2950500: system.cpu: T0 : 0x11358    : bne a4, a5, 272            : IntAlu : 
2951000: system.cpu: T0 : 0x1135c    : c_lui a5, 1048575          : IntAlu :  D=0xfffffffffffff000
2952000: system.cpu: T0 : 0x1135e    : addi a4, s0, -16           : IntAlu :  D=0x7ffffffffffffde0
2952500: system.cpu: T0 : 0x11362    : c_add a5, a4               : IntAlu :  D=0x7fffffffffffede0
2953000: system.cpu: T0 : 0x11364    : auipc a4, 104              : IntAlu :  D=0x0000000000079364
2953500: system.cpu: T0 : 0x11368    : ld a4, 1236(a4)            : MemRead :  D=0x000000000007a9c8 A=0x79838
2954000: system.cpu: T0 : 0x1136c    : c_ld a4, 0(a4)             : MemRead :  D=0x0000000000000000 A=0x7a9c8
2955000: system.cpu: T0 : 0x1136e    : sd a4, 1336(a5)            : MemWrite :  D=0x0000000000000000 A=0x7ffffffffffff318
2955500: system.cpu: T0 : 0x11372    : c_lui a5, 1048575          : IntAlu :  D=0xfffffffffffff000
2956000: system.cpu: T0 : 0x11374    : addi a4, s0, -16           : IntAlu :  D=0x7ffffffffffffde0
2956500: system.cpu: T0 : 0x11378    : c_add a5, a4               : IntAlu :  D=0x7fffffffffffede0
2957500: system.cpu: T0 : 0x1137a    : auipc a4, 104              : IntAlu :  D=0x000000000007937a
2958500: system.cpu: T0 : 0x1137e    : ld a4, 1214(a4)            : MemRead :  D=0x000000000007a9c8 A=0x79838
2959000: system.cpu: T0 : 0x11382    : c_ld a4, 24(a4)            : MemRead :  D=0x0000000000000000 A=0x7a9e0
2959500: system.cpu: T0 : 0x11384    : sd a4, 1344(a5)            : MemWrite :  D=0x0000000000000000 A=0x7ffffffffffff320
2960000: system.cpu: T0 : 0x11388    : c_lui a5, 1048575          : IntAlu :  D=0xfffffffffffff000
2961000: system.cpu: T0 : 0x1138a    : addi a4, s0, -16           : IntAlu :  D=0x7ffffffffffffde0
2961500: system.cpu: T0 : 0x1138e    : c_add a4, a5               : IntAlu :  D=0x7fffffffffffede0
2962000: system.cpu: T0 : 0x11390    : c_lui a5, 1048575          : IntAlu :  D=0xfffffffffffff000
2963000: system.cpu: T0 : 0x11392    : addi a3, s0, -16           : IntAlu :  D=0x7ffffffffffffde0
2963500: system.cpu: T0 : 0x11396    : c_add a5, a3               : IntAlu :  D=0x7fffffffffffede0
2964000: system.cpu: T0 : 0x11398    : ld a4, 1344(a4)            : MemRead :  D=0x0000000000000000 A=0x7ffffffffffff320
2964500: system.cpu: T0 : 0x1139c    : ld a5, 1336(a5)            : MemRead :  D=0x0000000000000000 A=0x7ffffffffffff318
2965000: system.cpu: T0 : 0x113a0    : bge a5, a4, 200            : IntAlu : 
2965500: system.cpu: T0 : 0x11468    : auipc a5, 103              : IntAlu :  D=0x0000000000078468
2966000: system.cpu: T0 : 0x1146c    : addi a5, a5, -1124         : IntAlu :  D=0x0000000000078004
2966500: system.cpu: T0 : 0x11470    : c_lw a5, 0(a5)             : MemRead :  D=0x0000000000000005 A=0x78004
2967000: system.cpu: T0 : 0x11472    : c_addiw a5, 0              : IntAlu :  D=0x0000000000000005
2967500: system.cpu: T0 : 0x11474    : c_mv a4, a5                : IntAlu :  D=0x0000000000000005
2968000: system.cpu: T0 : 0x11476    : c_li a5, 3                 : IntAlu :  D=0x0000000000000003
2968500: system.cpu: T0 : 0x11478    : bge a5, a4, 336            : IntAlu : 
2969000: system.cpu: T0 : 0x1147c    : addi a5, gp, -960          : IntAlu :  D=0x0000000000079c88
2969500: system.cpu: T0 : 0x11480    : c_lw a5, 0(a5)             : MemRead :  D=0x0000000000000000 A=0x79c88
2970000: system.cpu: T0 : 0x11482    : c_addiw a5, 0              : IntAlu :  D=0x0000000000000000
2970500: system.cpu: T0 : 0x11484    : c_mv a4, a5                : IntAlu :  D=0x0000000000000000
2971000: system.cpu: T0 : 0x11486    : c_li a5, 3                 : IntAlu :  D=0x0000000000000003
2971500: system.cpu: T0 : 0x11488    : blt a5, a4, 320            : IntAlu : 
2972000: system.cpu: T0 : 0x1148c    : auipc a5, 104              : IntAlu :  D=0x000000000007948c
2972500: system.cpu: T0 : 0x11490    : ld a5, 940(a5)             : MemRead :  D=0x000000000007a9c8 A=0x79838
2973000: system.cpu: T0 : 0x11494    : c_ld a4, 0(a5)             : MemRead :  D=0x0000000000000000 A=0x7a9c8
2974000: system.cpu: T0 : 0x11496    : auipc a5, 104              : IntAlu :  D=0x0000000000079496
2975000: system.cpu: T0 : 0x1149a    : ld a5, 930(a5)             : MemRead :  D=0x000000000007a9c8 A=0x79838
2975500: system.cpu: T0 : 0x1149e    : c_ld a5, 16(a5)            : MemRead :  D=0x0000000000000000 A=0x7a9d8
2976000: system.cpu: T0 : 0x114a0    : bne a4, a5, 296            : IntAlu : 
2976500: system.cpu: T0 : 0x114a4    : auipc a5, 104              : IntAlu :  D=0x00000000000794a4
2977000: system.cpu: T0 : 0x114a8    : ld a5, 916(a5)             : MemRead :  D=0x000000000007a9c8 A=0x79838
2977500: system.cpu: T0 : 0x114ac    : c_ld a4, 0(a5)             : MemRead :  D=0x0000000000000000 A=0x7a9c8
2978500: system.cpu: T0 : 0x114ae    : auipc a5, 104              : IntAlu :  D=0x00000000000794ae
2979500: system.cpu: T0 : 0x114b2    : ld a5, 906(a5)             : MemRead :  D=0x000000000007a9c8 A=0x79838
2980000: system.cpu: T0 : 0x114b6    : c_ld a5, 24(a5)            : MemRead :  D=0x0000000000000000 A=0x7a9e0
2980500: system.cpu: T0 : 0x114b8    : bne a4, a5, 272            : IntAlu : 
2981000: system.cpu: T0 : 0x114bc    : c_lui a5, 1048575          : IntAlu :  D=0xfffffffffffff000
2982000: system.cpu: T0 : 0x114be    : addi a4, s0, -16           : IntAlu :  D=0x7ffffffffffffde0
2982500: system.cpu: T0 : 0x114c2    : c_add a5, a4               : IntAlu :  D=0x7fffffffffffede0
2983000: system.cpu: T0 : 0x114c4    : auipc a4, 104              : IntAlu :  D=0x00000000000794c4
2983500: system.cpu: T0 : 0x114c8    : ld a4, 884(a4)             : MemRead :  D=0x000000000007a9c8 A=0x79838
2984000: system.cpu: T0 : 0x114cc    : c_ld a4, 8(a4)             : MemRead :  D=0x0000000000000000 A=0x7a9d0
2985000: system.cpu: T0 : 0x114ce    : sd a4, 1360(a5)            : MemWrite :  D=0x0000000000000000 A=0x7ffffffffffff330
2985500: system.cpu: T0 : 0x114d2    : c_lui a5, 1048575          : IntAlu :  D=0xfffffffffffff000
2986000: system.cpu: T0 : 0x114d4    : addi a4, s0, -16           : IntAlu :  D=0x7ffffffffffffde0
2986500: system.cpu: T0 : 0x114d8    : c_add a5, a4               : IntAlu :  D=0x7fffffffffffede0
2987500: system.cpu: T0 : 0x114da    : auipc a4, 104              : IntAlu :  D=0x00000000000794da
2988500: system.cpu: T0 : 0x114de    : ld a4, 862(a4)             : MemRead :  D=0x000000000007a9c8 A=0x79838
2989000: system.cpu: T0 : 0x114e2    : c_ld a4, 0(a4)             : MemRead :  D=0x0000000000000000 A=0x7a9c8
2989500: system.cpu: T0 : 0x114e4    : sd a4, 1368(a5)            : MemWrite :  D=0x0000000000000000 A=0x7ffffffffffff338
2990000: system.cpu: T0 : 0x114e8    : c_lui a5, 1048575          : IntAlu :  D=0xfffffffffffff000
2991000: system.cpu: T0 : 0x114ea    : addi a4, s0, -16           : IntAlu :  D=0x7ffffffffffffde0
2991500: system.cpu: T0 : 0x114ee    : c_add a4, a5               : IntAlu :  D=0x7fffffffffffede0
2992000: system.cpu: T0 : 0x114f0    : c_lui a5, 1048575          : IntAlu :  D=0xfffffffffffff000
2993000: system.cpu: T0 : 0x114f2    : addi a3, s0, -16           : IntAlu :  D=0x7ffffffffffffde0
2993500: system.cpu: T0 : 0x114f6    : c_add a5, a3               : IntAlu :  D=0x7fffffffffffede0
2994000: system.cpu: T0 : 0x114f8    : ld a4, 1368(a4)            : MemRead :  D=0x0000000000000000 A=0x7ffffffffffff338
2994500: system.cpu: T0 : 0x114fc    : ld a5, 1360(a5)            : MemRead :  D=0x0000000000000000 A=0x7ffffffffffff330
2995000: system.cpu: T0 : 0x11500    : bge a5, a4, 200            : IntAlu : 
2995500: system.cpu: T0 : 0x115c8    : auipc a5, 103              : IntAlu :  D=0x00000000000785c8
2996000: system.cpu: T0 : 0x115cc    : addi a5, a5, -1476         : IntAlu :  D=0x0000000000078004
2996500: system.cpu: T0 : 0x115d0    : c_lw a5, 0(a5)             : MemRead :  D=0x0000000000000005 A=0x78004
2997000: system.cpu: T0 : 0x115d2    : c_addiw a5, 0              : IntAlu :  D=0x0000000000000005
2997500: system.cpu: T0 : 0x115d4    : c_mv a4, a5                : IntAlu :  D=0x0000000000000005
2998000: system.cpu: T0 : 0x115d6    : c_li a5, 3                 : IntAlu :  D=0x0000000000000003
2998500: system.cpu: T0 : 0x115d8    : bge a5, a4, 336            : IntAlu : 
2999000: system.cpu: T0 : 0x115dc    : addi a5, gp, -960          : IntAlu :  D=0x0000000000079c88
2999500: system.cpu: T0 : 0x115e0    : c_lw a5, 0(a5)             : MemRead :  D=0x0000000000000000 A=0x79c88
3000000: system.cpu: T0 : 0x115e2    : c_addiw a5, 0              : IntAlu :  D=0x0000000000000000
3000500: system.cpu: T0 : 0x115e4    : c_mv a4, a5                : IntAlu :  D=0x0000000000000000
3001000: system.cpu: T0 : 0x115e6    : c_li a5, 3                 : IntAlu :  D=0x0000000000000003
3001500: system.cpu: T0 : 0x115e8    : blt a5, a4, 320            : IntAlu : 
3002000: system.cpu: T0 : 0x115ec    : auipc a5, 104              : IntAlu :  D=0x00000000000795ec
3002500: system.cpu: T0 : 0x115f0    : ld a5, 588(a5)             : MemRead :  D=0x000000000007a9c8 A=0x79838
3003000: system.cpu: T0 : 0x115f4    : c_ld a4, 0(a5)             : MemRead :  D=0x0000000000000000 A=0x7a9c8
3004000: system.cpu: T0 : 0x115f6    : auipc a5, 104              : IntAlu :  D=0x00000000000795f6
3005000: system.cpu: T0 : 0x115fa    : ld a5, 578(a5)             : MemRead :  D=0x000000000007a9c8 A=0x79838
3005500: system.cpu: T0 : 0x115fe    : c_ld a5, 24(a5)            : MemRead :  D=0x0000000000000000 A=0x7a9e0
3006000: system.cpu: T0 : 0x11600    : bne a4, a5, 296            : IntAlu : 
3006500: system.cpu: T0 : 0x11604    : auipc a5, 104              : IntAlu :  D=0x0000000000079604
3007000: system.cpu: T0 : 0x11608    : ld a5, 564(a5)             : MemRead :  D=0x000000000007a9c8 A=0x79838
3007500: system.cpu: T0 : 0x1160c    : c_ld a4, 0(a5)             : MemRead :  D=0x0000000000000000 A=0x7a9c8
3008500: system.cpu: T0 : 0x1160e    : auipc a5, 104              : IntAlu :  D=0x000000000007960e
3009500: system.cpu: T0 : 0x11612    : ld a5, 554(a5)             : MemRead :  D=0x000000000007a9c8 A=0x79838
3010000: system.cpu: T0 : 0x11616    : c_ld a5, 16(a5)            : MemRead :  D=0x0000000000000000 A=0x7a9d8
3010500: system.cpu: T0 : 0x11618    : bne a4, a5, 272            : IntAlu : 
3011000: system.cpu: T0 : 0x1161c    : c_lui a5, 1048575          : IntAlu :  D=0xfffffffffffff000
3012000: system.cpu: T0 : 0x1161e    : addi a4, s0, -16           : IntAlu :  D=0x7ffffffffffffde0
3012500: system.cpu: T0 : 0x11622    : c_add a5, a4               : IntAlu :  D=0x7fffffffffffede0
3013000: system.cpu: T0 : 0x11624    : auipc a4, 104              : IntAlu :  D=0x0000000000079624
3013500: system.cpu: T0 : 0x11628    : ld a4, 532(a4)             : MemRead :  D=0x000000000007a9c8 A=0x79838
3014000: system.cpu: T0 : 0x1162c    : c_ld a4, 8(a4)             : MemRead :  D=0x0000000000000000 A=0x7a9d0
3015000: system.cpu: T0 : 0x1162e    : sd a4, 1384(a5)            : MemWrite :  D=0x0000000000000000 A=0x7ffffffffffff348
3015500: system.cpu: T0 : 0x11632    : c_lui a5, 1048575          : IntAlu :  D=0xfffffffffffff000
3016000: system.cpu: T0 : 0x11634    : addi a4, s0, -16           : IntAlu :  D=0x7ffffffffffffde0
3016500: system.cpu: T0 : 0x11638    : c_add a5, a4               : IntAlu :  D=0x7fffffffffffede0
3017500: system.cpu: T0 : 0x1163a    : auipc a4, 104              : IntAlu :  D=0x000000000007963a
3018500: system.cpu: T0 : 0x1163e    : ld a4, 510(a4)             : MemRead :  D=0x000000000007a9c8 A=0x79838
3019000: system.cpu: T0 : 0x11642    : c_ld a4, 0(a4)             : MemRead :  D=0x0000000000000000 A=0x7a9c8
3019500: system.cpu: T0 : 0x11644    : sd a4, 1392(a5)            : MemWrite :  D=0x0000000000000000 A=0x7ffffffffffff350
3020000: system.cpu: T0 : 0x11648    : c_lui a5, 1048575          : IntAlu :  D=0xfffffffffffff000
3021000: system.cpu: T0 : 0x1164a    : addi a4, s0, -16           : IntAlu :  D=0x7ffffffffffffde0
3021500: system.cpu: T0 : 0x1164e    : c_add a4, a5               : IntAlu :  D=0x7fffffffffffede0
3022000: system.cpu: T0 : 0x11650    : c_lui a5, 1048575          : IntAlu :  D=0xfffffffffffff000
3023000: system.cpu: T0 : 0x11652    : addi a3, s0, -16           : IntAlu :  D=0x7ffffffffffffde0
3023500: system.cpu: T0 : 0x11656    : c_add a5, a3               : IntAlu :  D=0x7fffffffffffede0
3024000: system.cpu: T0 : 0x11658    : ld a4, 1392(a4)            : MemRead :  D=0x0000000000000000 A=0x7ffffffffffff350
3024500: system.cpu: T0 : 0x1165c    : ld a5, 1384(a5)            : MemRead :  D=0x0000000000000000 A=0x7ffffffffffff348
3025000: system.cpu: T0 : 0x11660    : bge a5, a4, 200            : IntAlu : 
3025500: system.cpu: T0 : 0x11728    : auipc a5, 103              : IntAlu :  D=0x0000000000078728
3026000: system.cpu: T0 : 0x1172c    : addi a5, a5, -1828         : IntAlu :  D=0x0000000000078004
3026500: system.cpu: T0 : 0x11730    : c_lw a5, 0(a5)             : MemRead :  D=0x0000000000000005 A=0x78004
3027000: system.cpu: T0 : 0x11732    : c_addiw a5, 0              : IntAlu :  D=0x0000000000000005
3027500: system.cpu: T0 : 0x11734    : c_mv a4, a5                : IntAlu :  D=0x0000000000000005
3028000: system.cpu: T0 : 0x11736    : c_li a5, 3                 : IntAlu :  D=0x0000000000000003
3028500: system.cpu: T0 : 0x11738    : bge a5, a4, 336            : IntAlu : 
3029000: system.cpu: T0 : 0x1173c    : addi a5, gp, -960          : IntAlu :  D=0x0000000000079c88
3029500: system.cpu: T0 : 0x11740    : c_lw a5, 0(a5)             : MemRead :  D=0x0000000000000000 A=0x79c88
3030000: system.cpu: T0 : 0x11742    : c_addiw a5, 0              : IntAlu :  D=0x0000000000000000
3030500: system.cpu: T0 : 0x11744    : c_mv a4, a5                : IntAlu :  D=0x0000000000000000
3031000: system.cpu: T0 : 0x11746    : c_li a5, 3                 : IntAlu :  D=0x0000000000000003
3031500: system.cpu: T0 : 0x11748    : blt a5, a4, 320            : IntAlu : 
3032000: system.cpu: T0 : 0x1174c    : auipc a5, 104              : IntAlu :  D=0x000000000007974c
3032500: system.cpu: T0 : 0x11750    : ld a5, 236(a5)             : MemRead :  D=0x000000000007a9c8 A=0x79838
3033000: system.cpu: T0 : 0x11754    : c_ld a4, 16(a5)            : MemRead :  D=0x0000000000000000 A=0x7a9d8
3034000: system.cpu: T0 : 0x11756    : auipc a5, 104              : IntAlu :  D=0x0000000000079756
3035000: system.cpu: T0 : 0x1175a    : ld a5, 226(a5)             : MemRead :  D=0x000000000007a9c8 A=0x79838
3035500: system.cpu: T0 : 0x1175e    : c_ld a5, 0(a5)             : MemRead :  D=0x0000000000000000 A=0x7a9c8
3036000: system.cpu: T0 : 0x11760    : bne a4, a5, 296            : IntAlu : 
3036500: system.cpu: T0 : 0x11764    : auipc a5, 104              : IntAlu :  D=0x0000000000079764
3037000: system.cpu: T0 : 0x11768    : ld a5, 212(a5)             : MemRead :  D=0x000000000007a9c8 A=0x79838
3037500: system.cpu: T0 : 0x1176c    : c_ld a4, 16(a5)            : MemRead :  D=0x0000000000000000 A=0x7a9d8
3038500: system.cpu: T0 : 0x1176e    : auipc a5, 104              : IntAlu :  D=0x000000000007976e
3039500: system.cpu: T0 : 0x11772    : ld a5, 202(a5)             : MemRead :  D=0x000000000007a9c8 A=0x79838
3040000: system.cpu: T0 : 0x11776    : c_ld a5, 24(a5)            : MemRead :  D=0x0000000000000000 A=0x7a9e0
3040500: system.cpu: T0 : 0x11778    : bne a4, a5, 272            : IntAlu : 
3041000: system.cpu: T0 : 0x1177c    : c_lui a5, 1048575          : IntAlu :  D=0xfffffffffffff000
3042000: system.cpu: T0 : 0x1177e    : addi a4, s0, -16           : IntAlu :  D=0x7ffffffffffffde0
3042500: system.cpu: T0 : 0x11782    : c_add a5, a4               : IntAlu :  D=0x7fffffffffffede0
3043000: system.cpu: T0 : 0x11784    : auipc a4, 104              : IntAlu :  D=0x0000000000079784
3043500: system.cpu: T0 : 0x11788    : ld a4, 180(a4)             : MemRead :  D=0x000000000007a9c8 A=0x79838
3044000: system.cpu: T0 : 0x1178c    : c_ld a4, 8(a4)             : MemRead :  D=0x0000000000000000 A=0x7a9d0
3045000: system.cpu: T0 : 0x1178e    : sd a4, 1408(a5)            : MemWrite :  D=0x0000000000000000 A=0x7ffffffffffff360
3045500: system.cpu: T0 : 0x11792    : c_lui a5, 1048575          : IntAlu :  D=0xfffffffffffff000
3046000: system.cpu: T0 : 0x11794    : addi a4, s0, -16           : IntAlu :  D=0x7ffffffffffffde0
3046500: system.cpu: T0 : 0x11798    : c_add a5, a4               : IntAlu :  D=0x7fffffffffffede0
3047500: system.cpu: T0 : 0x1179a    : auipc a4, 104              : IntAlu :  D=0x000000000007979a
3048500: system.cpu: T0 : 0x1179e    : ld a4, 158(a4)             : MemRead :  D=0x000000000007a9c8 A=0x79838
3049000: system.cpu: T0 : 0x117a2    : c_ld a4, 16(a4)            : MemRead :  D=0x0000000000000000 A=0x7a9d8
3049500: system.cpu: T0 : 0x117a4    : sd a4, 1416(a5)            : MemWrite :  D=0x0000000000000000 A=0x7ffffffffffff368
3050000: system.cpu: T0 : 0x117a8    : c_lui a5, 1048575          : IntAlu :  D=0xfffffffffffff000
3051000: system.cpu: T0 : 0x117aa    : addi a4, s0, -16           : IntAlu :  D=0x7ffffffffffffde0
3051500: system.cpu: T0 : 0x117ae    : c_add a4, a5               : IntAlu :  D=0x7fffffffffffede0
3052000: system.cpu: T0 : 0x117b0    : c_lui a5, 1048575          : IntAlu :  D=0xfffffffffffff000
3053000: system.cpu: T0 : 0x117b2    : addi a3, s0, -16           : IntAlu :  D=0x7ffffffffffffde0
3053500: system.cpu: T0 : 0x117b6    : c_add a5, a3               : IntAlu :  D=0x7fffffffffffede0
3054000: system.cpu: T0 : 0x117b8    : ld a4, 1416(a4)            : MemRead :  D=0x0000000000000000 A=0x7ffffffffffff368
3054500: system.cpu: T0 : 0x117bc    : ld a5, 1408(a5)            : MemRead :  D=0x0000000000000000 A=0x7ffffffffffff360
3055000: system.cpu: T0 : 0x117c0    : bge a5, a4, 200            : IntAlu : 
3055500: system.cpu: T0 : 0x11888    : auipc a5, 102              : IntAlu :  D=0x0000000000077888
3056000: system.cpu: T0 : 0x1188c    : addi a5, a5, 1916          : IntAlu :  D=0x0000000000078004
3056500: system.cpu: T0 : 0x11890    : c_lw a5, 0(a5)             : MemRead :  D=0x0000000000000005 A=0x78004
3057000: system.cpu: T0 : 0x11892    : c_addiw a5, 0              : IntAlu :  D=0x0000000000000005
3057500: system.cpu: T0 : 0x11894    : c_mv a4, a5                : IntAlu :  D=0x0000000000000005
3058000: system.cpu: T0 : 0x11896    : c_li a5, 3                 : IntAlu :  D=0x0000000000000003
3058500: system.cpu: T0 : 0x11898    : bge a5, a4, 336            : IntAlu : 
3059000: system.cpu: T0 : 0x1189c    : addi a5, gp, -960          : IntAlu :  D=0x0000000000079c88
3059500: system.cpu: T0 : 0x118a0    : c_lw a5, 0(a5)             : MemRead :  D=0x0000000000000000 A=0x79c88
3060000: system.cpu: T0 : 0x118a2    : c_addiw a5, 0              : IntAlu :  D=0x0000000000000000
3060500: system.cpu: T0 : 0x118a4    : c_mv a4, a5                : IntAlu :  D=0x0000000000000000
3061000: system.cpu: T0 : 0x118a6    : c_li a5, 3                 : IntAlu :  D=0x0000000000000003
3061500: system.cpu: T0 : 0x118a8    : blt a5, a4, 320            : IntAlu : 
3062000: system.cpu: T0 : 0x118ac    : auipc a5, 104              : IntAlu :  D=0x00000000000798ac
3062500: system.cpu: T0 : 0x118b0    : ld a5, -116(a5)            : MemRead :  D=0x000000000007a9c8 A=0x79838
3063000: system.cpu: T0 : 0x118b4    : c_ld a4, 16(a5)            : MemRead :  D=0x0000000000000000 A=0x7a9d8
3064000: system.cpu: T0 : 0x118b6    : auipc a5, 104              : IntAlu :  D=0x00000000000798b6
3065000: system.cpu: T0 : 0x118ba    : ld a5, -126(a5)            : MemRead :  D=0x000000000007a9c8 A=0x79838
3065500: system.cpu: T0 : 0x118be    : c_ld a5, 24(a5)            : MemRead :  D=0x0000000000000000 A=0x7a9e0
3066000: system.cpu: T0 : 0x118c0    : bne a4, a5, 296            : IntAlu : 
3066500: system.cpu: T0 : 0x118c4    : auipc a5, 104              : IntAlu :  D=0x00000000000798c4
3067000: system.cpu: T0 : 0x118c8    : ld a5, -140(a5)            : MemRead :  D=0x000000000007a9c8 A=0x79838
3067500: system.cpu: T0 : 0x118cc    : c_ld a4, 16(a5)            : MemRead :  D=0x0000000000000000 A=0x7a9d8
3068500: system.cpu: T0 : 0x118ce    : auipc a5, 104              : IntAlu :  D=0x00000000000798ce
3069500: system.cpu: T0 : 0x118d2    : ld a5, -150(a5)            : MemRead :  D=0x000000000007a9c8 A=0x79838
3070000: system.cpu: T0 : 0x118d6    : c_ld a5, 0(a5)             : MemRead :  D=0x0000000000000000 A=0x7a9c8
3070500: system.cpu: T0 : 0x118d8    : bne a4, a5, 272            : IntAlu : 
3071000: system.cpu: T0 : 0x118dc    : c_lui a5, 1048575          : IntAlu :  D=0xfffffffffffff000
3072000: system.cpu: T0 : 0x118de    : addi a4, s0, -16           : IntAlu :  D=0x7ffffffffffffde0
3072500: system.cpu: T0 : 0x118e2    : c_add a5, a4               : IntAlu :  D=0x7fffffffffffede0
3073000: system.cpu: T0 : 0x118e4    : auipc a4, 104              : IntAlu :  D=0x00000000000798e4
3073500: system.cpu: T0 : 0x118e8    : ld a4, -172(a4)            : MemRead :  D=0x000000000007a9c8 A=0x79838
3074000: system.cpu: T0 : 0x118ec    : c_ld a4, 8(a4)             : MemRead :  D=0x0000000000000000 A=0x7a9d0
3075000: system.cpu: T0 : 0x118ee    : sd a4, 1432(a5)            : MemWrite :  D=0x0000000000000000 A=0x7ffffffffffff378
3075500: system.cpu: T0 : 0x118f2    : c_lui a5, 1048575          : IntAlu :  D=0xfffffffffffff000
3076000: system.cpu: T0 : 0x118f4    : addi a4, s0, -16           : IntAlu :  D=0x7ffffffffffffde0
3076500: system.cpu: T0 : 0x118f8    : c_add a5, a4               : IntAlu :  D=0x7fffffffffffede0
3077500: system.cpu: T0 : 0x118fa    : auipc a4, 104              : IntAlu :  D=0x00000000000798fa
3078500: system.cpu: T0 : 0x118fe    : ld a4, -194(a4)            : MemRead :  D=0x000000000007a9c8 A=0x79838
3079000: system.cpu: T0 : 0x11902    : c_ld a4, 16(a4)            : MemRead :  D=0x0000000000000000 A=0x7a9d8
3079500: system.cpu: T0 : 0x11904    : sd a4, 1440(a5)            : MemWrite :  D=0x0000000000000000 A=0x7ffffffffffff380
3080000: system.cpu: T0 : 0x11908    : c_lui a5, 1048575          : IntAlu :  D=0xfffffffffffff000
3081000: system.cpu: T0 : 0x1190a    : addi a4, s0, -16           : IntAlu :  D=0x7ffffffffffffde0
3081500: system.cpu: T0 : 0x1190e    : c_add a4, a5               : IntAlu :  D=0x7fffffffffffede0
3082000: system.cpu: T0 : 0x11910    : c_lui a5, 1048575          : IntAlu :  D=0xfffffffffffff000
3083000: system.cpu: T0 : 0x11912    : addi a3, s0, -16           : IntAlu :  D=0x7ffffffffffffde0
3083500: system.cpu: T0 : 0x11916    : c_add a5, a3               : IntAlu :  D=0x7fffffffffffede0
3084000: system.cpu: T0 : 0x11918    : ld a4, 1440(a4)            : MemRead :  D=0x0000000000000000 A=0x7ffffffffffff380
3084500: system.cpu: T0 : 0x1191c    : ld a5, 1432(a5)            : MemRead :  D=0x0000000000000000 A=0x7ffffffffffff378
3085000: system.cpu: T0 : 0x11920    : bge a5, a4, 200            : IntAlu : 
3085500: system.cpu: T0 : 0x119e8    : auipc a5, 102              : IntAlu :  D=0x00000000000779e8
3086000: system.cpu: T0 : 0x119ec    : addi a5, a5, 1564          : IntAlu :  D=0x0000000000078004
3086500: system.cpu: T0 : 0x119f0    : c_lw a5, 0(a5)             : MemRead :  D=0x0000000000000005 A=0x78004
3087000: system.cpu: T0 : 0x119f2    : c_addiw a5, 0              : IntAlu :  D=0x0000000000000005
3087500: system.cpu: T0 : 0x119f4    : c_mv a4, a5                : IntAlu :  D=0x0000000000000005
3088000: system.cpu: T0 : 0x119f6    : c_li a5, 3                 : IntAlu :  D=0x0000000000000003
3088500: system.cpu: T0 : 0x119f8    : bge a5, a4, 336            : IntAlu : 
3089000: system.cpu: T0 : 0x119fc    : addi a5, gp, -960          : IntAlu :  D=0x0000000000079c88
3089500: system.cpu: T0 : 0x11a00    : c_lw a5, 0(a5)             : MemRead :  D=0x0000000000000000 A=0x79c88
3090000: system.cpu: T0 : 0x11a02    : c_addiw a5, 0              : IntAlu :  D=0x0000000000000000
3090500: system.cpu: T0 : 0x11a04    : c_mv a4, a5                : IntAlu :  D=0x0000000000000000
3091000: system.cpu: T0 : 0x11a06    : c_li a5, 3                 : IntAlu :  D=0x0000000000000003
3091500: system.cpu: T0 : 0x11a08    : blt a5, a4, 320            : IntAlu : 
3092000: system.cpu: T0 : 0x11a0c    : auipc a5, 104              : IntAlu :  D=0x0000000000079a0c
3092500: system.cpu: T0 : 0x11a10    : ld a5, -468(a5)            : MemRead :  D=0x000000000007a9c8 A=0x79838
3093000: system.cpu: T0 : 0x11a14    : c_ld a4, 24(a5)            : MemRead :  D=0x0000000000000000 A=0x7a9e0
3094000: system.cpu: T0 : 0x11a16    : auipc a5, 104              : IntAlu :  D=0x0000000000079a16
3095000: system.cpu: T0 : 0x11a1a    : ld a5, -478(a5)            : MemRead :  D=0x000000000007a9c8 A=0x79838
3095500: system.cpu: T0 : 0x11a1e    : c_ld a5, 0(a5)             : MemRead :  D=0x0000000000000000 A=0x7a9c8
3096000: system.cpu: T0 : 0x11a20    : bne a4, a5, 296            : IntAlu : 
3096500: system.cpu: T0 : 0x11a24    : auipc a5, 104              : IntAlu :  D=0x0000000000079a24
3097000: system.cpu: T0 : 0x11a28    : ld a5, -492(a5)            : MemRead :  D=0x000000000007a9c8 A=0x79838
3097500: system.cpu: T0 : 0x11a2c    : c_ld a4, 24(a5)            : MemRead :  D=0x0000000000000000 A=0x7a9e0
3098500: system.cpu: T0 : 0x11a2e    : auipc a5, 104              : IntAlu :  D=0x0000000000079a2e
3099500: system.cpu: T0 : 0x11a32    : ld a5, -502(a5)            : MemRead :  D=0x000000000007a9c8 A=0x79838
3100000: system.cpu: T0 : 0x11a36    : c_ld a5, 16(a5)            : MemRead :  D=0x0000000000000000 A=0x7a9d8
3100500: system.cpu: T0 : 0x11a38    : bne a4, a5, 272            : IntAlu : 
3101000: system.cpu: T0 : 0x11a3c    : c_lui a5, 1048575          : IntAlu :  D=0xfffffffffffff000
3102000: system.cpu: T0 : 0x11a3e    : addi a4, s0, -16           : IntAlu :  D=0x7ffffffffffffde0
3102500: system.cpu: T0 : 0x11a42    : c_add a5, a4               : IntAlu :  D=0x7fffffffffffede0
3103000: system.cpu: T0 : 0x11a44    : auipc a4, 104              : IntAlu :  D=0x0000000000079a44
3103500: system.cpu: T0 : 0x11a48    : ld a4, -524(a4)            : MemRead :  D=0x000000000007a9c8 A=0x79838
3104000: system.cpu: T0 : 0x11a4c    : c_ld a4, 8(a4)             : MemRead :  D=0x0000000000000000 A=0x7a9d0
3105000: system.cpu: T0 : 0x11a4e    : sd a4, 1456(a5)            : MemWrite :  D=0x0000000000000000 A=0x7ffffffffffff390
3105500: system.cpu: T0 : 0x11a52    : c_lui a5, 1048575          : IntAlu :  D=0xfffffffffffff000
3106000: system.cpu: T0 : 0x11a54    : addi a4, s0, -16           : IntAlu :  D=0x7ffffffffffffde0
3106500: system.cpu: T0 : 0x11a58    : c_add a5, a4               : IntAlu :  D=0x7fffffffffffede0
3107500: system.cpu: T0 : 0x11a5a    : auipc a4, 104              : IntAlu :  D=0x0000000000079a5a
3108500: system.cpu: T0 : 0x11a5e    : ld a4, -546(a4)            : MemRead :  D=0x000000000007a9c8 A=0x79838
3109000: system.cpu: T0 : 0x11a62    : c_ld a4, 24(a4)            : MemRead :  D=0x0000000000000000 A=0x7a9e0
3109500: system.cpu: T0 : 0x11a64    : sd a4, 1464(a5)            : MemWrite :  D=0x0000000000000000 A=0x7ffffffffffff398
3110000: system.cpu: T0 : 0x11a68    : c_lui a5, 1048575          : IntAlu :  D=0xfffffffffffff000
3111000: system.cpu: T0 : 0x11a6a    : addi a4, s0, -16           : IntAlu :  D=0x7ffffffffffffde0
3111500: system.cpu: T0 : 0x11a6e    : c_add a4, a5               : IntAlu :  D=0x7fffffffffffede0
3112000: system.cpu: T0 : 0x11a70    : c_lui a5, 1048575          : IntAlu :  D=0xfffffffffffff000
3113000: system.cpu: T0 : 0x11a72    : addi a3, s0, -16           : IntAlu :  D=0x7ffffffffffffde0
3113500: system.cpu: T0 : 0x11a76    : c_add a5, a3               : IntAlu :  D=0x7fffffffffffede0
3114000: system.cpu: T0 : 0x11a78    : ld a4, 1464(a4)            : MemRead :  D=0x0000000000000000 A=0x7ffffffffffff398
3114500: system.cpu: T0 : 0x11a7c    : ld a5, 1456(a5)            : MemRead :  D=0x0000000000000000 A=0x7ffffffffffff390
3115000: system.cpu: T0 : 0x11a80    : bge a5, a4, 200            : IntAlu : 
3115500: system.cpu: T0 : 0x11b48    : auipc a5, 102              : IntAlu :  D=0x0000000000077b48
3116000: system.cpu: T0 : 0x11b4c    : addi a5, a5, 1212          : IntAlu :  D=0x0000000000078004
3116500: system.cpu: T0 : 0x11b50    : c_lw a5, 0(a5)             : MemRead :  D=0x0000000000000005 A=0x78004
3117000: system.cpu: T0 : 0x11b52    : c_addiw a5, 0              : IntAlu :  D=0x0000000000000005
3117500: system.cpu: T0 : 0x11b54    : c_mv a4, a5                : IntAlu :  D=0x0000000000000005
3118000: system.cpu: T0 : 0x11b56    : c_li a5, 3                 : IntAlu :  D=0x0000000000000003
3118500: system.cpu: T0 : 0x11b58    : bge a5, a4, 336            : IntAlu : 
3119000: system.cpu: T0 : 0x11b5c    : addi a5, gp, -960          : IntAlu :  D=0x0000000000079c88
3119500: system.cpu: T0 : 0x11b60    : c_lw a5, 0(a5)             : MemRead :  D=0x0000000000000000 A=0x79c88
3120000: system.cpu: T0 : 0x11b62    : c_addiw a5, 0              : IntAlu :  D=0x0000000000000000
3120500: system.cpu: T0 : 0x11b64    : c_mv a4, a5                : IntAlu :  D=0x0000000000000000
3121000: system.cpu: T0 : 0x11b66    : c_li a5, 3                 : IntAlu :  D=0x0000000000000003
3121500: system.cpu: T0 : 0x11b68    : blt a5, a4, 320            : IntAlu : 
3122000: system.cpu: T0 : 0x11b6c    : auipc a5, 104              : IntAlu :  D=0x0000000000079b6c
3122500: system.cpu: T0 : 0x11b70    : ld a5, -820(a5)            : MemRead :  D=0x000000000007a9c8 A=0x79838
3123000: system.cpu: T0 : 0x11b74    : c_ld a4, 24(a5)            : MemRead :  D=0x0000000000000000 A=0x7a9e0
3124000: system.cpu: T0 : 0x11b76    : auipc a5, 104              : IntAlu :  D=0x0000000000079b76
3125000: system.cpu: T0 : 0x11b7a    : ld a5, -830(a5)            : MemRead :  D=0x000000000007a9c8 A=0x79838
3125500: system.cpu: T0 : 0x11b7e    : c_ld a5, 16(a5)            : MemRead :  D=0x0000000000000000 A=0x7a9d8
3126000: system.cpu: T0 : 0x11b80    : bne a4, a5, 296            : IntAlu : 
3126500: system.cpu: T0 : 0x11b84    : auipc a5, 104              : IntAlu :  D=0x0000000000079b84
3127000: system.cpu: T0 : 0x11b88    : ld a5, -844(a5)            : MemRead :  D=0x000000000007a9c8 A=0x79838
3127500: system.cpu: T0 : 0x11b8c    : c_ld a4, 24(a5)            : MemRead :  D=0x0000000000000000 A=0x7a9e0
3128500: system.cpu: T0 : 0x11b8e    : auipc a5, 104              : IntAlu :  D=0x0000000000079b8e
3129500: system.cpu: T0 : 0x11b92    : ld a5, -854(a5)            : MemRead :  D=0x000000000007a9c8 A=0x79838
3130000: system.cpu: T0 : 0x11b96    : c_ld a5, 0(a5)             : MemRead :  D=0x0000000000000000 A=0x7a9c8
3130500: system.cpu: T0 : 0x11b98    : bne a4, a5, 272            : IntAlu : 
3131000: system.cpu: T0 : 0x11b9c    : c_lui a5, 1048575          : IntAlu :  D=0xfffffffffffff000
3132000: system.cpu: T0 : 0x11b9e    : addi a4, s0, -16           : IntAlu :  D=0x7ffffffffffffde0
3132500: system.cpu: T0 : 0x11ba2    : c_add a5, a4               : IntAlu :  D=0x7fffffffffffede0
3133000: system.cpu: T0 : 0x11ba4    : auipc a4, 104              : IntAlu :  D=0x0000000000079ba4
3133500: system.cpu: T0 : 0x11ba8    : ld a4, -876(a4)            : MemRead :  D=0x000000000007a9c8 A=0x79838
3134000: system.cpu: T0 : 0x11bac    : c_ld a4, 8(a4)             : MemRead :  D=0x0000000000000000 A=0x7a9d0
3135000: system.cpu: T0 : 0x11bae    : sd a4, 1480(a5)            : MemWrite :  D=0x0000000000000000 A=0x7ffffffffffff3a8
3135500: system.cpu: T0 : 0x11bb2    : c_lui a5, 1048575          : IntAlu :  D=0xfffffffffffff000
3136000: system.cpu: T0 : 0x11bb4    : addi a4, s0, -16           : IntAlu :  D=0x7ffffffffffffde0
3136500: system.cpu: T0 : 0x11bb8    : c_add a5, a4               : IntAlu :  D=0x7fffffffffffede0
3137500: system.cpu: T0 : 0x11bba    : auipc a4, 104              : IntAlu :  D=0x0000000000079bba
3138500: system.cpu: T0 : 0x11bbe    : ld a4, -898(a4)            : MemRead :  D=0x000000000007a9c8 A=0x79838
3139000: system.cpu: T0 : 0x11bc2    : c_ld a4, 24(a4)            : MemRead :  D=0x0000000000000000 A=0x7a9e0
3139500: system.cpu: T0 : 0x11bc4    : sd a4, 1488(a5)            : MemWrite :  D=0x0000000000000000 A=0x7ffffffffffff3b0
3140000: system.cpu: T0 : 0x11bc8    : c_lui a5, 1048575          : IntAlu :  D=0xfffffffffffff000
3141000: system.cpu: T0 : 0x11bca    : addi a4, s0, -16           : IntAlu :  D=0x7ffffffffffffde0
3141500: system.cpu: T0 : 0x11bce    : c_add a4, a5               : IntAlu :  D=0x7fffffffffffede0
3142000: system.cpu: T0 : 0x11bd0    : c_lui a5, 1048575          : IntAlu :  D=0xfffffffffffff000
3143000: system.cpu: T0 : 0x11bd2    : addi a3, s0, -16           : IntAlu :  D=0x7ffffffffffffde0
3143500: system.cpu: T0 : 0x11bd6    : c_add a5, a3               : IntAlu :  D=0x7fffffffffffede0
3144000: system.cpu: T0 : 0x11bd8    : ld a4, 1488(a4)            : MemRead :  D=0x0000000000000000 A=0x7ffffffffffff3b0
3144500: system.cpu: T0 : 0x11bdc    : ld a5, 1480(a5)            : MemRead :  D=0x0000000000000000 A=0x7ffffffffffff3a8
3145000: system.cpu: T0 : 0x11be0    : bge a5, a4, 200            : IntAlu : 
3145500: system.cpu: T0 : 0x11ca8    : auipc a5, 102              : IntAlu :  D=0x0000000000077ca8
3146000: system.cpu: T0 : 0x11cac    : addi a5, a5, 860           : IntAlu :  D=0x0000000000078004
3146500: system.cpu: T0 : 0x11cb0    : c_lw a5, 0(a5)             : MemRead :  D=0x0000000000000005 A=0x78004
3147000: system.cpu: T0 : 0x11cb2    : c_addiw a5, 0              : IntAlu :  D=0x0000000000000005
3147500: system.cpu: T0 : 0x11cb4    : c_mv a4, a5                : IntAlu :  D=0x0000000000000005
3148000: system.cpu: T0 : 0x11cb6    : c_li a5, 3                 : IntAlu :  D=0x0000000000000003
3148500: system.cpu: T0 : 0x11cb8    : bge a5, a4, 336            : IntAlu : 
3149000: system.cpu: T0 : 0x11cbc    : addi a5, gp, -960          : IntAlu :  D=0x0000000000079c88
3149500: system.cpu: T0 : 0x11cc0    : c_lw a5, 0(a5)             : MemRead :  D=0x0000000000000000 A=0x79c88
3150000: system.cpu: T0 : 0x11cc2    : c_addiw a5, 0              : IntAlu :  D=0x0000000000000000
3150500: system.cpu: T0 : 0x11cc4    : c_mv a4, a5                : IntAlu :  D=0x0000000000000000
3151000: system.cpu: T0 : 0x11cc6    : c_li a5, 3                 : IntAlu :  D=0x0000000000000003
3151500: system.cpu: T0 : 0x11cc8    : blt a5, a4, 320            : IntAlu : 
3152000: system.cpu: T0 : 0x11ccc    : auipc a5, 104              : IntAlu :  D=0x0000000000079ccc
3152500: system.cpu: T0 : 0x11cd0    : ld a5, -1172(a5)           : MemRead :  D=0x000000000007a9c8 A=0x79838
3153000: system.cpu: T0 : 0x11cd4    : c_ld a4, 0(a5)             : MemRead :  D=0x0000000000000000 A=0x7a9c8
3154000: system.cpu: T0 : 0x11cd6    : auipc a5, 104              : IntAlu :  D=0x0000000000079cd6
3155000: system.cpu: T0 : 0x11cda    : ld a5, -1182(a5)           : MemRead :  D=0x000000000007a9c8 A=0x79838
3155500: system.cpu: T0 : 0x11cde    : c_ld a5, 8(a5)             : MemRead :  D=0x0000000000000000 A=0x7a9d0
3156000: system.cpu: T0 : 0x11ce0    : bne a4, a5, 296            : IntAlu : 
3156500: system.cpu: T0 : 0x11ce4    : auipc a5, 104              : IntAlu :  D=0x0000000000079ce4
3157000: system.cpu: T0 : 0x11ce8    : ld a5, -1196(a5)           : MemRead :  D=0x000000000007a9c8 A=0x79838
3157500: system.cpu: T0 : 0x11cec    : c_ld a4, 0(a5)             : MemRead :  D=0x0000000000000000 A=0x7a9c8
3158500: system.cpu: T0 : 0x11cee    : auipc a5, 104              : IntAlu :  D=0x0000000000079cee
3159500: system.cpu: T0 : 0x11cf2    : ld a5, -1206(a5)           : MemRead :  D=0x000000000007a9c8 A=0x79838
3160000: system.cpu: T0 : 0x11cf6    : c_ld a5, 24(a5)            : MemRead :  D=0x0000000000000000 A=0x7a9e0
3160500: system.cpu: T0 : 0x11cf8    : bne a4, a5, 272            : IntAlu : 
3161000: system.cpu: T0 : 0x11cfc    : c_lui a5, 1048575          : IntAlu :  D=0xfffffffffffff000
3162000: system.cpu: T0 : 0x11cfe    : addi a4, s0, -16           : IntAlu :  D=0x7ffffffffffffde0
3162500: system.cpu: T0 : 0x11d02    : c_add a5, a4               : IntAlu :  D=0x7fffffffffffede0
3163000: system.cpu: T0 : 0x11d04    : auipc a4, 104              : IntAlu :  D=0x0000000000079d04
3163500: system.cpu: T0 : 0x11d08    : ld a4, -1228(a4)           : MemRead :  D=0x000000000007a9c8 A=0x79838
3164000: system.cpu: T0 : 0x11d0c    : c_ld a4, 16(a4)            : MemRead :  D=0x0000000000000000 A=0x7a9d8
3165000: system.cpu: T0 : 0x11d0e    : sd a4, 1504(a5)            : MemWrite :  D=0x0000000000000000 A=0x7ffffffffffff3c0
3165500: system.cpu: T0 : 0x11d12    : c_lui a5, 1048575          : IntAlu :  D=0xfffffffffffff000
3166000: system.cpu: T0 : 0x11d14    : addi a4, s0, -16           : IntAlu :  D=0x7ffffffffffffde0
3166500: system.cpu: T0 : 0x11d18    : c_add a5, a4               : IntAlu :  D=0x7fffffffffffede0
3167500: system.cpu: T0 : 0x11d1a    : auipc a4, 104              : IntAlu :  D=0x0000000000079d1a
3168500: system.cpu: T0 : 0x11d1e    : ld a4, -1250(a4)           : MemRead :  D=0x000000000007a9c8 A=0x79838
3169000: system.cpu: T0 : 0x11d22    : c_ld a4, 0(a4)             : MemRead :  D=0x0000000000000000 A=0x7a9c8
3169500: system.cpu: T0 : 0x11d24    : sd a4, 1512(a5)            : MemWrite :  D=0x0000000000000000 A=0x7ffffffffffff3c8
3170000: system.cpu: T0 : 0x11d28    : c_lui a5, 1048575          : IntAlu :  D=0xfffffffffffff000
3171000: system.cpu: T0 : 0x11d2a    : addi a4, s0, -16           : IntAlu :  D=0x7ffffffffffffde0
3171500: system.cpu: T0 : 0x11d2e    : c_add a4, a5               : IntAlu :  D=0x7fffffffffffede0
3172000: system.cpu: T0 : 0x11d30    : c_lui a5, 1048575          : IntAlu :  D=0xfffffffffffff000
3173000: system.cpu: T0 : 0x11d32    : addi a3, s0, -16           : IntAlu :  D=0x7ffffffffffffde0
3173500: system.cpu: T0 : 0x11d36    : c_add a5, a3               : IntAlu :  D=0x7fffffffffffede0
3174000: system.cpu: T0 : 0x11d38    : ld a4, 1512(a4)            : MemRead :  D=0x0000000000000000 A=0x7ffffffffffff3c8
3174500: system.cpu: T0 : 0x11d3c    : ld a5, 1504(a5)            : MemRead :  D=0x0000000000000000 A=0x7ffffffffffff3c0
3175000: system.cpu: T0 : 0x11d40    : bge a5, a4, 200            : IntAlu : 
3175500: system.cpu: T0 : 0x11e08    : auipc a5, 102              : IntAlu :  D=0x0000000000077e08
3176000: system.cpu: T0 : 0x11e0c    : addi a5, a5, 508           : IntAlu :  D=0x0000000000078004
3176500: system.cpu: T0 : 0x11e10    : c_lw a5, 0(a5)             : MemRead :  D=0x0000000000000005 A=0x78004
3177000: system.cpu: T0 : 0x11e12    : c_addiw a5, 0              : IntAlu :  D=0x0000000000000005
3177500: system.cpu: T0 : 0x11e14    : c_mv a4, a5                : IntAlu :  D=0x0000000000000005
3178000: system.cpu: T0 : 0x11e16    : c_li a5, 3                 : IntAlu :  D=0x0000000000000003
3178500: system.cpu: T0 : 0x11e18    : bge a5, a4, 336            : IntAlu : 
3179000: system.cpu: T0 : 0x11e1c    : addi a5, gp, -960          : IntAlu :  D=0x0000000000079c88
3179500: system.cpu: T0 : 0x11e20    : c_lw a5, 0(a5)             : MemRead :  D=0x0000000000000000 A=0x79c88
3180000: system.cpu: T0 : 0x11e22    : c_addiw a5, 0              : IntAlu :  D=0x0000000000000000
3180500: system.cpu: T0 : 0x11e24    : c_mv a4, a5                : IntAlu :  D=0x0000000000000000
3181000: system.cpu: T0 : 0x11e26    : c_li a5, 3                 : IntAlu :  D=0x0000000000000003
3181500: system.cpu: T0 : 0x11e28    : blt a5, a4, 320            : IntAlu : 
3182000: system.cpu: T0 : 0x11e2c    : auipc a5, 104              : IntAlu :  D=0x0000000000079e2c
3182500: system.cpu: T0 : 0x11e30    : ld a5, -1524(a5)           : MemRead :  D=0x000000000007a9c8 A=0x79838
3183000: system.cpu: T0 : 0x11e34    : c_ld a4, 0(a5)             : MemRead :  D=0x0000000000000000 A=0x7a9c8
3184000: system.cpu: T0 : 0x11e36    : auipc a5, 104              : IntAlu :  D=0x0000000000079e36
3185000: system.cpu: T0 : 0x11e3a    : ld a5, -1534(a5)           : MemRead :  D=0x000000000007a9c8 A=0x79838
3185500: system.cpu: T0 : 0x11e3e    : c_ld a5, 24(a5)            : MemRead :  D=0x0000000000000000 A=0x7a9e0
3186000: system.cpu: T0 : 0x11e40    : bne a4, a5, 296            : IntAlu : 
3186500: system.cpu: T0 : 0x11e44    : auipc a5, 104              : IntAlu :  D=0x0000000000079e44
3187000: system.cpu: T0 : 0x11e48    : ld a5, -1548(a5)           : MemRead :  D=0x000000000007a9c8 A=0x79838
3187500: system.cpu: T0 : 0x11e4c    : c_ld a4, 0(a5)             : MemRead :  D=0x0000000000000000 A=0x7a9c8
3188500: system.cpu: T0 : 0x11e4e    : auipc a5, 104              : IntAlu :  D=0x0000000000079e4e
3189500: system.cpu: T0 : 0x11e52    : ld a5, -1558(a5)           : MemRead :  D=0x000000000007a9c8 A=0x79838
3190000: system.cpu: T0 : 0x11e56    : c_ld a5, 8(a5)             : MemRead :  D=0x0000000000000000 A=0x7a9d0
3190500: system.cpu: T0 : 0x11e58    : bne a4, a5, 272            : IntAlu : 
3191000: system.cpu: T0 : 0x11e5c    : c_lui a5, 1048575          : IntAlu :  D=0xfffffffffffff000
3192000: system.cpu: T0 : 0x11e5e    : addi a4, s0, -16           : IntAlu :  D=0x7ffffffffffffde0
3192500: system.cpu: T0 : 0x11e62    : c_add a5, a4               : IntAlu :  D=0x7fffffffffffede0
3193000: system.cpu: T0 : 0x11e64    : auipc a4, 104              : IntAlu :  D=0x0000000000079e64
3193500: system.cpu: T0 : 0x11e68    : ld a4, -1580(a4)           : MemRead :  D=0x000000000007a9c8 A=0x79838
3194000: system.cpu: T0 : 0x11e6c    : c_ld a4, 16(a4)            : MemRead :  D=0x0000000000000000 A=0x7a9d8
3195000: system.cpu: T0 : 0x11e6e    : sd a4, 1528(a5)            : MemWrite :  D=0x0000000000000000 A=0x7ffffffffffff3d8
3195500: system.cpu: T0 : 0x11e72    : c_lui a5, 1048575          : IntAlu :  D=0xfffffffffffff000
3196000: system.cpu: T0 : 0x11e74    : addi a4, s0, -16           : IntAlu :  D=0x7ffffffffffffde0
3196500: system.cpu: T0 : 0x11e78    : c_add a5, a4               : IntAlu :  D=0x7fffffffffffede0
3197500: system.cpu: T0 : 0x11e7a    : auipc a4, 104              : IntAlu :  D=0x0000000000079e7a
3198500: system.cpu: T0 : 0x11e7e    : ld a4, -1602(a4)           : MemRead :  D=0x000000000007a9c8 A=0x79838
3199000: system.cpu: T0 : 0x11e82    : c_ld a4, 0(a4)             : MemRead :  D=0x0000000000000000 A=0x7a9c8
3199500: system.cpu: T0 : 0x11e84    : sd a4, 1536(a5)            : MemWrite :  D=0x0000000000000000 A=0x7ffffffffffff3e0
3200000: system.cpu: T0 : 0x11e88    : c_lui a5, 1048575          : IntAlu :  D=0xfffffffffffff000
3201000: system.cpu: T0 : 0x11e8a    : addi a4, s0, -16           : IntAlu :  D=0x7ffffffffffffde0
3201500: system.cpu: T0 : 0x11e8e    : c_add a4, a5               : IntAlu :  D=0x7fffffffffffede0
3202000: system.cpu: T0 : 0x11e90    : c_lui a5, 1048575          : IntAlu :  D=0xfffffffffffff000
3203000: system.cpu: T0 : 0x11e92    : addi a3, s0, -16           : IntAlu :  D=0x7ffffffffffffde0
3203500: system.cpu: T0 : 0x11e96    : c_add a5, a3               : IntAlu :  D=0x7fffffffffffede0
3204000: system.cpu: T0 : 0x11e98    : ld a4, 1536(a4)            : MemRead :  D=0x0000000000000000 A=0x7ffffffffffff3e0
3204500: system.cpu: T0 : 0x11e9c    : ld a5, 1528(a5)            : MemRead :  D=0x0000000000000000 A=0x7ffffffffffff3d8
3205000: system.cpu: T0 : 0x11ea0    : bge a5, a4, 200            : IntAlu : 
3205500: system.cpu: T0 : 0x11f68    : auipc a5, 102              : IntAlu :  D=0x0000000000077f68
3206000: system.cpu: T0 : 0x11f6c    : addi a5, a5, 156           : IntAlu :  D=0x0000000000078004
3206500: system.cpu: T0 : 0x11f70    : c_lw a5, 0(a5)             : MemRead :  D=0x0000000000000005 A=0x78004
3207000: system.cpu: T0 : 0x11f72    : c_addiw a5, 0              : IntAlu :  D=0x0000000000000005
3207500: system.cpu: T0 : 0x11f74    : c_mv a4, a5                : IntAlu :  D=0x0000000000000005
3208000: system.cpu: T0 : 0x11f76    : c_li a5, 3                 : IntAlu :  D=0x0000000000000003
3208500: system.cpu: T0 : 0x11f78    : bge a5, a4, 336            : IntAlu : 
3209000: system.cpu: T0 : 0x11f7c    : addi a5, gp, -960          : IntAlu :  D=0x0000000000079c88
3209500: system.cpu: T0 : 0x11f80    : c_lw a5, 0(a5)             : MemRead :  D=0x0000000000000000 A=0x79c88
3210000: system.cpu: T0 : 0x11f82    : c_addiw a5, 0              : IntAlu :  D=0x0000000000000000
3210500: system.cpu: T0 : 0x11f84    : c_mv a4, a5                : IntAlu :  D=0x0000000000000000
3211000: system.cpu: T0 : 0x11f86    : c_li a5, 3                 : IntAlu :  D=0x0000000000000003
3211500: system.cpu: T0 : 0x11f88    : blt a5, a4, 320            : IntAlu : 
3212000: system.cpu: T0 : 0x11f8c    : auipc a5, 104              : IntAlu :  D=0x0000000000079f8c
3212500: system.cpu: T0 : 0x11f90    : ld a5, -1876(a5)           : MemRead :  D=0x000000000007a9c8 A=0x79838
3213000: system.cpu: T0 : 0x11f94    : c_ld a4, 8(a5)             : MemRead :  D=0x0000000000000000 A=0x7a9d0
3214000: system.cpu: T0 : 0x11f96    : auipc a5, 104              : IntAlu :  D=0x0000000000079f96
3215000: system.cpu: T0 : 0x11f9a    : ld a5, -1886(a5)           : MemRead :  D=0x000000000007a9c8 A=0x79838
3215500: system.cpu: T0 : 0x11f9e    : c_ld a5, 0(a5)             : MemRead :  D=0x0000000000000000 A=0x7a9c8
3216000: system.cpu: T0 : 0x11fa0    : bne a4, a5, 296            : IntAlu : 
3216500: system.cpu: T0 : 0x11fa4    : auipc a5, 104              : IntAlu :  D=0x0000000000079fa4
3217000: system.cpu: T0 : 0x11fa8    : ld a5, -1900(a5)           : MemRead :  D=0x000000000007a9c8 A=0x79838
3217500: system.cpu: T0 : 0x11fac    : c_ld a4, 8(a5)             : MemRead :  D=0x0000000000000000 A=0x7a9d0
3218500: system.cpu: T0 : 0x11fae    : auipc a5, 104              : IntAlu :  D=0x0000000000079fae
3219500: system.cpu: T0 : 0x11fb2    : ld a5, -1910(a5)           : MemRead :  D=0x000000000007a9c8 A=0x79838
3220000: system.cpu: T0 : 0x11fb6    : c_ld a5, 24(a5)            : MemRead :  D=0x0000000000000000 A=0x7a9e0
3220500: system.cpu: T0 : 0x11fb8    : bne a4, a5, 272            : IntAlu : 
3221000: system.cpu: T0 : 0x11fbc    : c_lui a5, 1048575          : IntAlu :  D=0xfffffffffffff000
3222000: system.cpu: T0 : 0x11fbe    : addi a4, s0, -16           : IntAlu :  D=0x7ffffffffffffde0
3222500: system.cpu: T0 : 0x11fc2    : c_add a5, a4               : IntAlu :  D=0x7fffffffffffede0
3223000: system.cpu: T0 : 0x11fc4    : auipc a4, 104              : IntAlu :  D=0x0000000000079fc4
3223500: system.cpu: T0 : 0x11fc8    : ld a4, -1932(a4)           : MemRead :  D=0x000000000007a9c8 A=0x79838
3224000: system.cpu: T0 : 0x11fcc    : c_ld a4, 16(a4)            : MemRead :  D=0x0000000000000000 A=0x7a9d8
3225000: system.cpu: T0 : 0x11fce    : sd a4, 1552(a5)            : MemWrite :  D=0x0000000000000000 A=0x7ffffffffffff3f0
3225500: system.cpu: T0 : 0x11fd2    : c_lui a5, 1048575          : IntAlu :  D=0xfffffffffffff000
3226000: system.cpu: T0 : 0x11fd4    : addi a4, s0, -16           : IntAlu :  D=0x7ffffffffffffde0
3226500: system.cpu: T0 : 0x11fd8    : c_add a5, a4               : IntAlu :  D=0x7fffffffffffede0
3227500: system.cpu: T0 : 0x11fda    : auipc a4, 104              : IntAlu :  D=0x0000000000079fda
3228500: system.cpu: T0 : 0x11fde    : ld a4, -1954(a4)           : MemRead :  D=0x000000000007a9c8 A=0x79838
3229000: system.cpu: T0 : 0x11fe2    : c_ld a4, 8(a4)             : MemRead :  D=0x0000000000000000 A=0x7a9d0
3229500: system.cpu: T0 : 0x11fe4    : sd a4, 1560(a5)            : MemWrite :  D=0x0000000000000000 A=0x7ffffffffffff3f8
3230000: system.cpu: T0 : 0x11fe8    : c_lui a5, 1048575          : IntAlu :  D=0xfffffffffffff000
3231000: system.cpu: T0 : 0x11fea    : addi a4, s0, -16           : IntAlu :  D=0x7ffffffffffffde0
3231500: system.cpu: T0 : 0x11fee    : c_add a4, a5               : IntAlu :  D=0x7fffffffffffede0
3232000: system.cpu: T0 : 0x11ff0    : c_lui a5, 1048575          : IntAlu :  D=0xfffffffffffff000
3233000: system.cpu: T0 : 0x11ff2    : addi a3, s0, -16           : IntAlu :  D=0x7ffffffffffffde0
3233500: system.cpu: T0 : 0x11ff6    : c_add a5, a3               : IntAlu :  D=0x7fffffffffffede0
3234000: system.cpu: T0 : 0x11ff8    : ld a4, 1560(a4)            : MemRead :  D=0x0000000000000000 A=0x7ffffffffffff3f8
3234500: system.cpu: T0 : 0x11ffc    : ld a5, 1552(a5)            : MemRead :  D=0x0000000000000000 A=0x7ffffffffffff3f0
3235000: system.cpu: T0 : 0x12000    : bge a5, a4, 200            : IntAlu : 
3235500: system.cpu: T0 : 0x120c8    : auipc a5, 102              : IntAlu :  D=0x00000000000780c8
3236000: system.cpu: T0 : 0x120cc    : addi a5, a5, -196          : IntAlu :  D=0x0000000000078004
3236500: system.cpu: T0 : 0x120d0    : c_lw a5, 0(a5)             : MemRead :  D=0x0000000000000005 A=0x78004
3237000: system.cpu: T0 : 0x120d2    : c_addiw a5, 0              : IntAlu :  D=0x0000000000000005
3237500: system.cpu: T0 : 0x120d4    : c_mv a4, a5                : IntAlu :  D=0x0000000000000005
3238000: system.cpu: T0 : 0x120d6    : c_li a5, 3                 : IntAlu :  D=0x0000000000000003
3238500: system.cpu: T0 : 0x120d8    : bge a5, a4, 336            : IntAlu : 
3239000: system.cpu: T0 : 0x120dc    : addi a5, gp, -960          : IntAlu :  D=0x0000000000079c88
3239500: system.cpu: T0 : 0x120e0    : c_lw a5, 0(a5)             : MemRead :  D=0x0000000000000000 A=0x79c88
3240000: system.cpu: T0 : 0x120e2    : c_addiw a5, 0              : IntAlu :  D=0x0000000000000000
3240500: system.cpu: T0 : 0x120e4    : c_mv a4, a5                : IntAlu :  D=0x0000000000000000
3241000: system.cpu: T0 : 0x120e6    : c_li a5, 3                 : IntAlu :  D=0x0000000000000003
3241500: system.cpu: T0 : 0x120e8    : blt a5, a4, 320            : IntAlu : 
3242000: system.cpu: T0 : 0x120ec    : auipc a5, 103              : IntAlu :  D=0x00000000000790ec
3242500: system.cpu: T0 : 0x120f0    : ld a5, 1868(a5)            : MemRead :  D=0x000000000007a9c8 A=0x79838
3243000: system.cpu: T0 : 0x120f4    : c_ld a4, 8(a5)             : MemRead :  D=0x0000000000000000 A=0x7a9d0
3244000: system.cpu: T0 : 0x120f6    : auipc a5, 103              : IntAlu :  D=0x00000000000790f6
3245000: system.cpu: T0 : 0x120fa    : ld a5, 1858(a5)            : MemRead :  D=0x000000000007a9c8 A=0x79838
3245500: system.cpu: T0 : 0x120fe    : c_ld a5, 24(a5)            : MemRead :  D=0x0000000000000000 A=0x7a9e0
3246000: system.cpu: T0 : 0x12100    : bne a4, a5, 296            : IntAlu : 
3246500: system.cpu: T0 : 0x12104    : auipc a5, 103              : IntAlu :  D=0x0000000000079104
3247000: system.cpu: T0 : 0x12108    : ld a5, 1844(a5)            : MemRead :  D=0x000000000007a9c8 A=0x79838
3247500: system.cpu: T0 : 0x1210c    : c_ld a4, 8(a5)             : MemRead :  D=0x0000000000000000 A=0x7a9d0
3248500: system.cpu: T0 : 0x1210e    : auipc a5, 103              : IntAlu :  D=0x000000000007910e
3249500: system.cpu: T0 : 0x12112    : ld a5, 1834(a5)            : MemRead :  D=0x000000000007a9c8 A=0x79838
3250000: system.cpu: T0 : 0x12116    : c_ld a5, 0(a5)             : MemRead :  D=0x0000000000000000 A=0x7a9c8
3250500: system.cpu: T0 : 0x12118    : bne a4, a5, 272            : IntAlu : 
3251000: system.cpu: T0 : 0x1211c    : c_lui a5, 1048575          : IntAlu :  D=0xfffffffffffff000
3252000: system.cpu: T0 : 0x1211e    : addi a4, s0, -16           : IntAlu :  D=0x7ffffffffffffde0
3252500: system.cpu: T0 : 0x12122    : c_add a5, a4               : IntAlu :  D=0x7fffffffffffede0
3253000: system.cpu: T0 : 0x12124    : auipc a4, 103              : IntAlu :  D=0x0000000000079124
3253500: system.cpu: T0 : 0x12128    : ld a4, 1812(a4)            : MemRead :  D=0x000000000007a9c8 A=0x79838
3254000: system.cpu: T0 : 0x1212c    : c_ld a4, 16(a4)            : MemRead :  D=0x0000000000000000 A=0x7a9d8
3255000: system.cpu: T0 : 0x1212e    : sd a4, 1576(a5)            : MemWrite :  D=0x0000000000000000 A=0x7ffffffffffff408
3255500: system.cpu: T0 : 0x12132    : c_lui a5, 1048575          : IntAlu :  D=0xfffffffffffff000
3256000: system.cpu: T0 : 0x12134    : addi a4, s0, -16           : IntAlu :  D=0x7ffffffffffffde0
3256500: system.cpu: T0 : 0x12138    : c_add a5, a4               : IntAlu :  D=0x7fffffffffffede0
3257500: system.cpu: T0 : 0x1213a    : auipc a4, 103              : IntAlu :  D=0x000000000007913a
3258500: system.cpu: T0 : 0x1213e    : ld a4, 1790(a4)            : MemRead :  D=0x000000000007a9c8 A=0x79838
3259000: system.cpu: T0 : 0x12142    : c_ld a4, 8(a4)             : MemRead :  D=0x0000000000000000 A=0x7a9d0
3259500: system.cpu: T0 : 0x12144    : sd a4, 1584(a5)            : MemWrite :  D=0x0000000000000000 A=0x7ffffffffffff410
3260000: system.cpu: T0 : 0x12148    : c_lui a5, 1048575          : IntAlu :  D=0xfffffffffffff000
3261000: system.cpu: T0 : 0x1214a    : addi a4, s0, -16           : IntAlu :  D=0x7ffffffffffffde0
3261500: system.cpu: T0 : 0x1214e    : c_add a4, a5               : IntAlu :  D=0x7fffffffffffede0
3262000: system.cpu: T0 : 0x12150    : c_lui a5, 1048575          : IntAlu :  D=0xfffffffffffff000
3263000: system.cpu: T0 : 0x12152    : addi a3, s0, -16           : IntAlu :  D=0x7ffffffffffffde0
3263500: system.cpu: T0 : 0x12156    : c_add a5, a3               : IntAlu :  D=0x7fffffffffffede0
3264000: system.cpu: T0 : 0x12158    : ld a4, 1584(a4)            : MemRead :  D=0x0000000000000000 A=0x7ffffffffffff410
3264500: system.cpu: T0 : 0x1215c    : ld a5, 1576(a5)            : MemRead :  D=0x0000000000000000 A=0x7ffffffffffff408
3265000: system.cpu: T0 : 0x12160    : bge a5, a4, 200            : IntAlu : 
3265500: system.cpu: T0 : 0x12228    : auipc a5, 102              : IntAlu :  D=0x0000000000078228
3266000: system.cpu: T0 : 0x1222c    : addi a5, a5, -548          : IntAlu :  D=0x0000000000078004
3266500: system.cpu: T0 : 0x12230    : c_lw a5, 0(a5)             : MemRead :  D=0x0000000000000005 A=0x78004
3267000: system.cpu: T0 : 0x12232    : c_addiw a5, 0              : IntAlu :  D=0x0000000000000005
3267500: system.cpu: T0 : 0x12234    : c_mv a4, a5                : IntAlu :  D=0x0000000000000005
3268000: system.cpu: T0 : 0x12236    : c_li a5, 3                 : IntAlu :  D=0x0000000000000003
3268500: system.cpu: T0 : 0x12238    : bge a5, a4, 336            : IntAlu : 
3269000: system.cpu: T0 : 0x1223c    : addi a5, gp, -960          : IntAlu :  D=0x0000000000079c88
3269500: system.cpu: T0 : 0x12240    : c_lw a5, 0(a5)             : MemRead :  D=0x0000000000000000 A=0x79c88
3270000: system.cpu: T0 : 0x12242    : c_addiw a5, 0              : IntAlu :  D=0x0000000000000000
3270500: system.cpu: T0 : 0x12244    : c_mv a4, a5                : IntAlu :  D=0x0000000000000000
3271000: system.cpu: T0 : 0x12246    : c_li a5, 3                 : IntAlu :  D=0x0000000000000003
3271500: system.cpu: T0 : 0x12248    : blt a5, a4, 320            : IntAlu : 
3272000: system.cpu: T0 : 0x1224c    : auipc a5, 103              : IntAlu :  D=0x000000000007924c
3272500: system.cpu: T0 : 0x12250    : ld a5, 1516(a5)            : MemRead :  D=0x000000000007a9c8 A=0x79838
3273000: system.cpu: T0 : 0x12254    : c_ld a4, 24(a5)            : MemRead :  D=0x0000000000000000 A=0x7a9e0
3274000: system.cpu: T0 : 0x12256    : auipc a5, 103              : IntAlu :  D=0x0000000000079256
3275000: system.cpu: T0 : 0x1225a    : ld a5, 1506(a5)            : MemRead :  D=0x000000000007a9c8 A=0x79838
3275500: system.cpu: T0 : 0x1225e    : c_ld a5, 0(a5)             : MemRead :  D=0x0000000000000000 A=0x7a9c8
3276000: system.cpu: T0 : 0x12260    : bne a4, a5, 296            : IntAlu : 
3276500: system.cpu: T0 : 0x12264    : auipc a5, 103              : IntAlu :  D=0x0000000000079264
3277000: system.cpu: T0 : 0x12268    : ld a5, 1492(a5)            : MemRead :  D=0x000000000007a9c8 A=0x79838
3277500: system.cpu: T0 : 0x1226c    : c_ld a4, 24(a5)            : MemRead :  D=0x0000000000000000 A=0x7a9e0
3278500: system.cpu: T0 : 0x1226e    : auipc a5, 103              : IntAlu :  D=0x000000000007926e
3279500: system.cpu: T0 : 0x12272    : ld a5, 1482(a5)            : MemRead :  D=0x000000000007a9c8 A=0x79838
3280000: system.cpu: T0 : 0x12276    : c_ld a5, 8(a5)             : MemRead :  D=0x0000000000000000 A=0x7a9d0
3280500: system.cpu: T0 : 0x12278    : bne a4, a5, 272            : IntAlu : 
3281000: system.cpu: T0 : 0x1227c    : c_lui a5, 1048575          : IntAlu :  D=0xfffffffffffff000
3282000: system.cpu: T0 : 0x1227e    : addi a4, s0, -16           : IntAlu :  D=0x7ffffffffffffde0
3282500: system.cpu: T0 : 0x12282    : c_add a5, a4               : IntAlu :  D=0x7fffffffffffede0
3283000: system.cpu: T0 : 0x12284    : auipc a4, 103              : IntAlu :  D=0x0000000000079284
3283500: system.cpu: T0 : 0x12288    : ld a4, 1460(a4)            : MemRead :  D=0x000000000007a9c8 A=0x79838
3284000: system.cpu: T0 : 0x1228c    : c_ld a4, 16(a4)            : MemRead :  D=0x0000000000000000 A=0x7a9d8
3285000: system.cpu: T0 : 0x1228e    : sd a4, 1600(a5)            : MemWrite :  D=0x0000000000000000 A=0x7ffffffffffff420
3285500: system.cpu: T0 : 0x12292    : c_lui a5, 1048575          : IntAlu :  D=0xfffffffffffff000
3286000: system.cpu: T0 : 0x12294    : addi a4, s0, -16           : IntAlu :  D=0x7ffffffffffffde0
3286500: system.cpu: T0 : 0x12298    : c_add a5, a4               : IntAlu :  D=0x7fffffffffffede0
3287500: system.cpu: T0 : 0x1229a    : auipc a4, 103              : IntAlu :  D=0x000000000007929a
3288500: system.cpu: T0 : 0x1229e    : ld a4, 1438(a4)            : MemRead :  D=0x000000000007a9c8 A=0x79838
3289000: system.cpu: T0 : 0x122a2    : c_ld a4, 24(a4)            : MemRead :  D=0x0000000000000000 A=0x7a9e0
3289500: system.cpu: T0 : 0x122a4    : sd a4, 1608(a5)            : MemWrite :  D=0x0000000000000000 A=0x7ffffffffffff428
3290000: system.cpu: T0 : 0x122a8    : c_lui a5, 1048575          : IntAlu :  D=0xfffffffffffff000
3291000: system.cpu: T0 : 0x122aa    : addi a4, s0, -16           : IntAlu :  D=0x7ffffffffffffde0
3291500: system.cpu: T0 : 0x122ae    : c_add a4, a5               : IntAlu :  D=0x7fffffffffffede0
3292000: system.cpu: T0 : 0x122b0    : c_lui a5, 1048575          : IntAlu :  D=0xfffffffffffff000
3293000: system.cpu: T0 : 0x122b2    : addi a3, s0, -16           : IntAlu :  D=0x7ffffffffffffde0
3293500: system.cpu: T0 : 0x122b6    : c_add a5, a3               : IntAlu :  D=0x7fffffffffffede0
3294000: system.cpu: T0 : 0x122b8    : ld a4, 1608(a4)            : MemRead :  D=0x0000000000000000 A=0x7ffffffffffff428
3294500: system.cpu: T0 : 0x122bc    : ld a5, 1600(a5)            : MemRead :  D=0x0000000000000000 A=0x7ffffffffffff420
3295000: system.cpu: T0 : 0x122c0    : bge a5, a4, 200            : IntAlu : 
3295500: system.cpu: T0 : 0x12388    : auipc a5, 102              : IntAlu :  D=0x0000000000078388
3296000: system.cpu: T0 : 0x1238c    : addi a5, a5, -900          : IntAlu :  D=0x0000000000078004
3296500: system.cpu: T0 : 0x12390    : c_lw a5, 0(a5)             : MemRead :  D=0x0000000000000005 A=0x78004
3297000: system.cpu: T0 : 0x12392    : c_addiw a5, 0              : IntAlu :  D=0x0000000000000005
3297500: system.cpu: T0 : 0x12394    : c_mv a4, a5                : IntAlu :  D=0x0000000000000005
3298000: system.cpu: T0 : 0x12396    : c_li a5, 3                 : IntAlu :  D=0x0000000000000003
3298500: system.cpu: T0 : 0x12398    : bge a5, a4, 336            : IntAlu : 
3299000: system.cpu: T0 : 0x1239c    : addi a5, gp, -960          : IntAlu :  D=0x0000000000079c88
3299500: system.cpu: T0 : 0x123a0    : c_lw a5, 0(a5)             : MemRead :  D=0x0000000000000000 A=0x79c88
3300000: system.cpu: T0 : 0x123a2    : c_addiw a5, 0              : IntAlu :  D=0x0000000000000000
3300500: system.cpu: T0 : 0x123a4    : c_mv a4, a5                : IntAlu :  D=0x0000000000000000
3301000: system.cpu: T0 : 0x123a6    : c_li a5, 3                 : IntAlu :  D=0x0000000000000003
3301500: system.cpu: T0 : 0x123a8    : blt a5, a4, 320            : IntAlu : 
3302000: system.cpu: T0 : 0x123ac    : auipc a5, 103              : IntAlu :  D=0x00000000000793ac
3302500: system.cpu: T0 : 0x123b0    : ld a5, 1164(a5)            : MemRead :  D=0x000000000007a9c8 A=0x79838
3303000: system.cpu: T0 : 0x123b4    : c_ld a4, 24(a5)            : MemRead :  D=0x0000000000000000 A=0x7a9e0
3304000: system.cpu: T0 : 0x123b6    : auipc a5, 103              : IntAlu :  D=0x00000000000793b6
3305000: system.cpu: T0 : 0x123ba    : ld a5, 1154(a5)            : MemRead :  D=0x000000000007a9c8 A=0x79838
3305500: system.cpu: T0 : 0x123be    : c_ld a5, 8(a5)             : MemRead :  D=0x0000000000000000 A=0x7a9d0
3306000: system.cpu: T0 : 0x123c0    : bne a4, a5, 296            : IntAlu : 
3306500: system.cpu: T0 : 0x123c4    : auipc a5, 103              : IntAlu :  D=0x00000000000793c4
3307000: system.cpu: T0 : 0x123c8    : ld a5, 1140(a5)            : MemRead :  D=0x000000000007a9c8 A=0x79838
3307500: system.cpu: T0 : 0x123cc    : c_ld a4, 24(a5)            : MemRead :  D=0x0000000000000000 A=0x7a9e0
3308500: system.cpu: T0 : 0x123ce    : auipc a5, 103              : IntAlu :  D=0x00000000000793ce
3309500: system.cpu: T0 : 0x123d2    : ld a5, 1130(a5)            : MemRead :  D=0x000000000007a9c8 A=0x79838
3310000: system.cpu: T0 : 0x123d6    : c_ld a5, 0(a5)             : MemRead :  D=0x0000000000000000 A=0x7a9c8
3310500: system.cpu: T0 : 0x123d8    : bne a4, a5, 272            : IntAlu : 
3311000: system.cpu: T0 : 0x123dc    : c_lui a5, 1048575          : IntAlu :  D=0xfffffffffffff000
3312000: system.cpu: T0 : 0x123de    : addi a4, s0, -16           : IntAlu :  D=0x7ffffffffffffde0
3312500: system.cpu: T0 : 0x123e2    : c_add a5, a4               : IntAlu :  D=0x7fffffffffffede0
3313000: system.cpu: T0 : 0x123e4    : auipc a4, 103              : IntAlu :  D=0x00000000000793e4
3313500: system.cpu: T0 : 0x123e8    : ld a4, 1108(a4)            : MemRead :  D=0x000000000007a9c8 A=0x79838
3314000: system.cpu: T0 : 0x123ec    : c_ld a4, 16(a4)            : MemRead :  D=0x0000000000000000 A=0x7a9d8
3315000: system.cpu: T0 : 0x123ee    : sd a4, 1624(a5)            : MemWrite :  D=0x0000000000000000 A=0x7ffffffffffff438
3315500: system.cpu: T0 : 0x123f2    : c_lui a5, 1048575          : IntAlu :  D=0xfffffffffffff000
3316000: system.cpu: T0 : 0x123f4    : addi a4, s0, -16           : IntAlu :  D=0x7ffffffffffffde0
3316500: system.cpu: T0 : 0x123f8    : c_add a5, a4               : IntAlu :  D=0x7fffffffffffede0
3317500: system.cpu: T0 : 0x123fa    : auipc a4, 103              : IntAlu :  D=0x00000000000793fa
3318500: system.cpu: T0 : 0x123fe    : ld a4, 1086(a4)            : MemRead :  D=0x000000000007a9c8 A=0x79838
3319000: system.cpu: T0 : 0x12402    : c_ld a4, 24(a4)            : MemRead :  D=0x0000000000000000 A=0x7a9e0
3319500: system.cpu: T0 : 0x12404    : sd a4, 1632(a5)            : MemWrite :  D=0x0000000000000000 A=0x7ffffffffffff440
3320000: system.cpu: T0 : 0x12408    : c_lui a5, 1048575          : IntAlu :  D=0xfffffffffffff000
3321000: system.cpu: T0 : 0x1240a    : addi a4, s0, -16           : IntAlu :  D=0x7ffffffffffffde0
3321500: system.cpu: T0 : 0x1240e    : c_add a4, a5               : IntAlu :  D=0x7fffffffffffede0
3322000: system.cpu: T0 : 0x12410    : c_lui a5, 1048575          : IntAlu :  D=0xfffffffffffff000
3323000: system.cpu: T0 : 0x12412    : addi a3, s0, -16           : IntAlu :  D=0x7ffffffffffffde0
3323500: system.cpu: T0 : 0x12416    : c_add a5, a3               : IntAlu :  D=0x7fffffffffffede0
3324000: system.cpu: T0 : 0x12418    : ld a4, 1632(a4)            : MemRead :  D=0x0000000000000000 A=0x7ffffffffffff440
3324500: system.cpu: T0 : 0x1241c    : ld a5, 1624(a5)            : MemRead :  D=0x0000000000000000 A=0x7ffffffffffff438
3325000: system.cpu: T0 : 0x12420    : bge a5, a4, 200            : IntAlu : 
3325500: system.cpu: T0 : 0x124e8    : auipc a5, 102              : IntAlu :  D=0x00000000000784e8
3326000: system.cpu: T0 : 0x124ec    : addi a5, a5, -1252         : IntAlu :  D=0x0000000000078004
3326500: system.cpu: T0 : 0x124f0    : c_lw a5, 0(a5)             : MemRead :  D=0x0000000000000005 A=0x78004
3327000: system.cpu: T0 : 0x124f2    : c_addiw a5, 0              : IntAlu :  D=0x0000000000000005
3327500: system.cpu: T0 : 0x124f4    : c_mv a4, a5                : IntAlu :  D=0x0000000000000005
3328000: system.cpu: T0 : 0x124f6    : c_li a5, 3                 : IntAlu :  D=0x0000000000000003
3328500: system.cpu: T0 : 0x124f8    : bge a5, a4, 336            : IntAlu : 
3329000: system.cpu: T0 : 0x124fc    : addi a5, gp, -960          : IntAlu :  D=0x0000000000079c88
3329500: system.cpu: T0 : 0x12500    : c_lw a5, 0(a5)             : MemRead :  D=0x0000000000000000 A=0x79c88
3330000: system.cpu: T0 : 0x12502    : c_addiw a5, 0              : IntAlu :  D=0x0000000000000000
3330500: system.cpu: T0 : 0x12504    : c_mv a4, a5                : IntAlu :  D=0x0000000000000000
3331000: system.cpu: T0 : 0x12506    : c_li a5, 3                 : IntAlu :  D=0x0000000000000003
3331500: system.cpu: T0 : 0x12508    : blt a5, a4, 320            : IntAlu : 
3332000: system.cpu: T0 : 0x1250c    : auipc a5, 103              : IntAlu :  D=0x000000000007950c
3332500: system.cpu: T0 : 0x12510    : ld a5, 812(a5)             : MemRead :  D=0x000000000007a9c8 A=0x79838
3333000: system.cpu: T0 : 0x12514    : c_ld a4, 0(a5)             : MemRead :  D=0x0000000000000000 A=0x7a9c8
3334000: system.cpu: T0 : 0x12516    : auipc a5, 103              : IntAlu :  D=0x0000000000079516
3335000: system.cpu: T0 : 0x1251a    : ld a5, 802(a5)             : MemRead :  D=0x000000000007a9c8 A=0x79838
3335500: system.cpu: T0 : 0x1251e    : c_ld a5, 8(a5)             : MemRead :  D=0x0000000000000000 A=0x7a9d0
3336000: system.cpu: T0 : 0x12520    : bne a4, a5, 296            : IntAlu : 
3336500: system.cpu: T0 : 0x12524    : auipc a5, 103              : IntAlu :  D=0x0000000000079524
3337000: system.cpu: T0 : 0x12528    : ld a5, 788(a5)             : MemRead :  D=0x000000000007a9c8 A=0x79838
3337500: system.cpu: T0 : 0x1252c    : c_ld a4, 0(a5)             : MemRead :  D=0x0000000000000000 A=0x7a9c8
3338500: system.cpu: T0 : 0x1252e    : auipc a5, 103              : IntAlu :  D=0x000000000007952e
3339500: system.cpu: T0 : 0x12532    : ld a5, 778(a5)             : MemRead :  D=0x000000000007a9c8 A=0x79838
3340000: system.cpu: T0 : 0x12536    : c_ld a5, 16(a5)            : MemRead :  D=0x0000000000000000 A=0x7a9d8
3340500: system.cpu: T0 : 0x12538    : bne a4, a5, 272            : IntAlu : 
3341000: system.cpu: T0 : 0x1253c    : c_lui a5, 1048575          : IntAlu :  D=0xfffffffffffff000
3342000: system.cpu: T0 : 0x1253e    : addi a4, s0, -16           : IntAlu :  D=0x7ffffffffffffde0
3342500: system.cpu: T0 : 0x12542    : c_add a5, a4               : IntAlu :  D=0x7fffffffffffede0
3343000: system.cpu: T0 : 0x12544    : auipc a4, 103              : IntAlu :  D=0x0000000000079544
3343500: system.cpu: T0 : 0x12548    : ld a4, 756(a4)             : MemRead :  D=0x000000000007a9c8 A=0x79838
3344000: system.cpu: T0 : 0x1254c    : c_ld a4, 24(a4)            : MemRead :  D=0x0000000000000000 A=0x7a9e0
3345000: system.cpu: T0 : 0x1254e    : sd a4, 1648(a5)            : MemWrite :  D=0x0000000000000000 A=0x7ffffffffffff450
3345500: system.cpu: T0 : 0x12552    : c_lui a5, 1048575          : IntAlu :  D=0xfffffffffffff000
3346000: system.cpu: T0 : 0x12554    : addi a4, s0, -16           : IntAlu :  D=0x7ffffffffffffde0
3346500: system.cpu: T0 : 0x12558    : c_add a5, a4               : IntAlu :  D=0x7fffffffffffede0
3347500: system.cpu: T0 : 0x1255a    : auipc a4, 103              : IntAlu :  D=0x000000000007955a
3348500: system.cpu: T0 : 0x1255e    : ld a4, 734(a4)             : MemRead :  D=0x000000000007a9c8 A=0x79838
3349000: system.cpu: T0 : 0x12562    : c_ld a4, 0(a4)             : MemRead :  D=0x0000000000000000 A=0x7a9c8
3349500: system.cpu: T0 : 0x12564    : sd a4, 1656(a5)            : MemWrite :  D=0x0000000000000000 A=0x7ffffffffffff458
3350000: system.cpu: T0 : 0x12568    : c_lui a5, 1048575          : IntAlu :  D=0xfffffffffffff000
3351000: system.cpu: T0 : 0x1256a    : addi a4, s0, -16           : IntAlu :  D=0x7ffffffffffffde0
3351500: system.cpu: T0 : 0x1256e    : c_add a4, a5               : IntAlu :  D=0x7fffffffffffede0
3352000: system.cpu: T0 : 0x12570    : c_lui a5, 1048575          : IntAlu :  D=0xfffffffffffff000
3353000: system.cpu: T0 : 0x12572    : addi a3, s0, -16           : IntAlu :  D=0x7ffffffffffffde0
3353500: system.cpu: T0 : 0x12576    : c_add a5, a3               : IntAlu :  D=0x7fffffffffffede0
3354000: system.cpu: T0 : 0x12578    : ld a4, 1656(a4)            : MemRead :  D=0x0000000000000000 A=0x7ffffffffffff458
3354500: system.cpu: T0 : 0x1257c    : ld a5, 1648(a5)            : MemRead :  D=0x0000000000000000 A=0x7ffffffffffff450
3355000: system.cpu: T0 : 0x12580    : bge a5, a4, 200            : IntAlu : 
3355500: system.cpu: T0 : 0x12648    : auipc a5, 102              : IntAlu :  D=0x0000000000078648
3356000: system.cpu: T0 : 0x1264c    : addi a5, a5, -1604         : IntAlu :  D=0x0000000000078004
3356500: system.cpu: T0 : 0x12650    : c_lw a5, 0(a5)             : MemRead :  D=0x0000000000000005 A=0x78004
3357000: system.cpu: T0 : 0x12652    : c_addiw a5, 0              : IntAlu :  D=0x0000000000000005
3357500: system.cpu: T0 : 0x12654    : c_mv a4, a5                : IntAlu :  D=0x0000000000000005
3358000: system.cpu: T0 : 0x12656    : c_li a5, 3                 : IntAlu :  D=0x0000000000000003
3358500: system.cpu: T0 : 0x12658    : bge a5, a4, 336            : IntAlu : 
3359000: system.cpu: T0 : 0x1265c    : addi a5, gp, -960          : IntAlu :  D=0x0000000000079c88
3359500: system.cpu: T0 : 0x12660    : c_lw a5, 0(a5)             : MemRead :  D=0x0000000000000000 A=0x79c88
3360000: system.cpu: T0 : 0x12662    : c_addiw a5, 0              : IntAlu :  D=0x0000000000000000
3360500: system.cpu: T0 : 0x12664    : c_mv a4, a5                : IntAlu :  D=0x0000000000000000
3361000: system.cpu: T0 : 0x12666    : c_li a5, 3                 : IntAlu :  D=0x0000000000000003
3361500: system.cpu: T0 : 0x12668    : blt a5, a4, 320            : IntAlu : 
3362000: system.cpu: T0 : 0x1266c    : auipc a5, 103              : IntAlu :  D=0x000000000007966c
3362500: system.cpu: T0 : 0x12670    : ld a5, 460(a5)             : MemRead :  D=0x000000000007a9c8 A=0x79838
3363000: system.cpu: T0 : 0x12674    : c_ld a4, 0(a5)             : MemRead :  D=0x0000000000000000 A=0x7a9c8
3364000: system.cpu: T0 : 0x12676    : auipc a5, 103              : IntAlu :  D=0x0000000000079676
3365000: system.cpu: T0 : 0x1267a    : ld a5, 450(a5)             : MemRead :  D=0x000000000007a9c8 A=0x79838
3365500: system.cpu: T0 : 0x1267e    : c_ld a5, 16(a5)            : MemRead :  D=0x0000000000000000 A=0x7a9d8
3366000: system.cpu: T0 : 0x12680    : bne a4, a5, 296            : IntAlu : 
3366500: system.cpu: T0 : 0x12684    : auipc a5, 103              : IntAlu :  D=0x0000000000079684
3367000: system.cpu: T0 : 0x12688    : ld a5, 436(a5)             : MemRead :  D=0x000000000007a9c8 A=0x79838
3367500: system.cpu: T0 : 0x1268c    : c_ld a4, 0(a5)             : MemRead :  D=0x0000000000000000 A=0x7a9c8
3368500: system.cpu: T0 : 0x1268e    : auipc a5, 103              : IntAlu :  D=0x000000000007968e
3369500: system.cpu: T0 : 0x12692    : ld a5, 426(a5)             : MemRead :  D=0x000000000007a9c8 A=0x79838
3370000: system.cpu: T0 : 0x12696    : c_ld a5, 8(a5)             : MemRead :  D=0x0000000000000000 A=0x7a9d0
3370500: system.cpu: T0 : 0x12698    : bne a4, a5, 272            : IntAlu : 
3371000: system.cpu: T0 : 0x1269c    : c_lui a5, 1048575          : IntAlu :  D=0xfffffffffffff000
3372000: system.cpu: T0 : 0x1269e    : addi a4, s0, -16           : IntAlu :  D=0x7ffffffffffffde0
3372500: system.cpu: T0 : 0x126a2    : c_add a5, a4               : IntAlu :  D=0x7fffffffffffede0
3373000: system.cpu: T0 : 0x126a4    : auipc a4, 103              : IntAlu :  D=0x00000000000796a4
3373500: system.cpu: T0 : 0x126a8    : ld a4, 404(a4)             : MemRead :  D=0x000000000007a9c8 A=0x79838
3374000: system.cpu: T0 : 0x126ac    : c_ld a4, 24(a4)            : MemRead :  D=0x0000000000000000 A=0x7a9e0
3375000: system.cpu: T0 : 0x126ae    : sd a4, 1672(a5)            : MemWrite :  D=0x0000000000000000 A=0x7ffffffffffff468
3375500: system.cpu: T0 : 0x126b2    : c_lui a5, 1048575          : IntAlu :  D=0xfffffffffffff000
3376000: system.cpu: T0 : 0x126b4    : addi a4, s0, -16           : IntAlu :  D=0x7ffffffffffffde0
3376500: system.cpu: T0 : 0x126b8    : c_add a5, a4               : IntAlu :  D=0x7fffffffffffede0
3377500: system.cpu: T0 : 0x126ba    : auipc a4, 103              : IntAlu :  D=0x00000000000796ba
3378500: system.cpu: T0 : 0x126be    : ld a4, 382(a4)             : MemRead :  D=0x000000000007a9c8 A=0x79838
3379000: system.cpu: T0 : 0x126c2    : c_ld a4, 0(a4)             : MemRead :  D=0x0000000000000000 A=0x7a9c8
3379500: system.cpu: T0 : 0x126c4    : sd a4, 1680(a5)            : MemWrite :  D=0x0000000000000000 A=0x7ffffffffffff470
3380000: system.cpu: T0 : 0x126c8    : c_lui a5, 1048575          : IntAlu :  D=0xfffffffffffff000
3381000: system.cpu: T0 : 0x126ca    : addi a4, s0, -16           : IntAlu :  D=0x7ffffffffffffde0
3381500: system.cpu: T0 : 0x126ce    : c_add a4, a5               : IntAlu :  D=0x7fffffffffffede0
3382000: system.cpu: T0 : 0x126d0    : c_lui a5, 1048575          : IntAlu :  D=0xfffffffffffff000
3383000: system.cpu: T0 : 0x126d2    : addi a3, s0, -16           : IntAlu :  D=0x7ffffffffffffde0
3383500: system.cpu: T0 : 0x126d6    : c_add a5, a3               : IntAlu :  D=0x7fffffffffffede0
3384000: system.cpu: T0 : 0x126d8    : ld a4, 1680(a4)            : MemRead :  D=0x0000000000000000 A=0x7ffffffffffff470
3384500: system.cpu: T0 : 0x126dc    : ld a5, 1672(a5)            : MemRead :  D=0x0000000000000000 A=0x7ffffffffffff468
3385000: system.cpu: T0 : 0x126e0    : bge a5, a4, 200            : IntAlu : 
3385500: system.cpu: T0 : 0x127a8    : auipc a5, 102              : IntAlu :  D=0x00000000000787a8
3386000: system.cpu: T0 : 0x127ac    : addi a5, a5, -1956         : IntAlu :  D=0x0000000000078004
3386500: system.cpu: T0 : 0x127b0    : c_lw a5, 0(a5)             : MemRead :  D=0x0000000000000005 A=0x78004
3387000: system.cpu: T0 : 0x127b2    : c_addiw a5, 0              : IntAlu :  D=0x0000000000000005
3387500: system.cpu: T0 : 0x127b4    : c_mv a4, a5                : IntAlu :  D=0x0000000000000005
3388000: system.cpu: T0 : 0x127b6    : c_li a5, 3                 : IntAlu :  D=0x0000000000000003
3388500: system.cpu: T0 : 0x127b8    : bge a5, a4, 336            : IntAlu : 
3389000: system.cpu: T0 : 0x127bc    : addi a5, gp, -960          : IntAlu :  D=0x0000000000079c88
3389500: system.cpu: T0 : 0x127c0    : c_lw a5, 0(a5)             : MemRead :  D=0x0000000000000000 A=0x79c88
3390000: system.cpu: T0 : 0x127c2    : c_addiw a5, 0              : IntAlu :  D=0x0000000000000000
3390500: system.cpu: T0 : 0x127c4    : c_mv a4, a5                : IntAlu :  D=0x0000000000000000
3391000: system.cpu: T0 : 0x127c6    : c_li a5, 3                 : IntAlu :  D=0x0000000000000003
3391500: system.cpu: T0 : 0x127c8    : blt a5, a4, 320            : IntAlu : 
3392000: system.cpu: T0 : 0x127cc    : auipc a5, 103              : IntAlu :  D=0x00000000000797cc
3392500: system.cpu: T0 : 0x127d0    : ld a5, 108(a5)             : MemRead :  D=0x000000000007a9c8 A=0x79838
3393000: system.cpu: T0 : 0x127d4    : c_ld a4, 8(a5)             : MemRead :  D=0x0000000000000000 A=0x7a9d0
3394000: system.cpu: T0 : 0x127d6    : auipc a5, 103              : IntAlu :  D=0x00000000000797d6
3395000: system.cpu: T0 : 0x127da    : ld a5, 98(a5)              : MemRead :  D=0x000000000007a9c8 A=0x79838
3395500: system.cpu: T0 : 0x127de    : c_ld a5, 0(a5)             : MemRead :  D=0x0000000000000000 A=0x7a9c8
3396000: system.cpu: T0 : 0x127e0    : bne a4, a5, 296            : IntAlu : 
3396500: system.cpu: T0 : 0x127e4    : auipc a5, 103              : IntAlu :  D=0x00000000000797e4
3397000: system.cpu: T0 : 0x127e8    : ld a5, 84(a5)              : MemRead :  D=0x000000000007a9c8 A=0x79838
3397500: system.cpu: T0 : 0x127ec    : c_ld a4, 8(a5)             : MemRead :  D=0x0000000000000000 A=0x7a9d0
3398500: system.cpu: T0 : 0x127ee    : auipc a5, 103              : IntAlu :  D=0x00000000000797ee
3399500: system.cpu: T0 : 0x127f2    : ld a5, 74(a5)              : MemRead :  D=0x000000000007a9c8 A=0x79838
3400000: system.cpu: T0 : 0x127f6    : c_ld a5, 16(a5)            : MemRead :  D=0x0000000000000000 A=0x7a9d8
3400500: system.cpu: T0 : 0x127f8    : bne a4, a5, 272            : IntAlu : 
3401000: system.cpu: T0 : 0x127fc    : c_lui a5, 1048575          : IntAlu :  D=0xfffffffffffff000
3402000: system.cpu: T0 : 0x127fe    : addi a4, s0, -16           : IntAlu :  D=0x7ffffffffffffde0
3402500: system.cpu: T0 : 0x12802    : c_add a5, a4               : IntAlu :  D=0x7fffffffffffede0
3403000: system.cpu: T0 : 0x12804    : auipc a4, 103              : IntAlu :  D=0x0000000000079804
3403500: system.cpu: T0 : 0x12808    : ld a4, 52(a4)              : MemRead :  D=0x000000000007a9c8 A=0x79838
3404000: system.cpu: T0 : 0x1280c    : c_ld a4, 24(a4)            : MemRead :  D=0x0000000000000000 A=0x7a9e0
3405000: system.cpu: T0 : 0x1280e    : sd a4, 1696(a5)            : MemWrite :  D=0x0000000000000000 A=0x7ffffffffffff480
3405500: system.cpu: T0 : 0x12812    : c_lui a5, 1048575          : IntAlu :  D=0xfffffffffffff000
3406000: system.cpu: T0 : 0x12814    : addi a4, s0, -16           : IntAlu :  D=0x7ffffffffffffde0
3406500: system.cpu: T0 : 0x12818    : c_add a5, a4               : IntAlu :  D=0x7fffffffffffede0
3407500: system.cpu: T0 : 0x1281a    : auipc a4, 103              : IntAlu :  D=0x000000000007981a
3408500: system.cpu: T0 : 0x1281e    : ld a4, 30(a4)              : MemRead :  D=0x000000000007a9c8 A=0x79838
3409000: system.cpu: T0 : 0x12822    : c_ld a4, 8(a4)             : MemRead :  D=0x0000000000000000 A=0x7a9d0
3409500: system.cpu: T0 : 0x12824    : sd a4, 1704(a5)            : MemWrite :  D=0x0000000000000000 A=0x7ffffffffffff488
3410000: system.cpu: T0 : 0x12828    : c_lui a5, 1048575          : IntAlu :  D=0xfffffffffffff000
3411000: system.cpu: T0 : 0x1282a    : addi a4, s0, -16           : IntAlu :  D=0x7ffffffffffffde0
3411500: system.cpu: T0 : 0x1282e    : c_add a4, a5               : IntAlu :  D=0x7fffffffffffede0
3412000: system.cpu: T0 : 0x12830    : c_lui a5, 1048575          : IntAlu :  D=0xfffffffffffff000
3413000: system.cpu: T0 : 0x12832    : addi a3, s0, -16           : IntAlu :  D=0x7ffffffffffffde0
3413500: system.cpu: T0 : 0x12836    : c_add a5, a3               : IntAlu :  D=0x7fffffffffffede0
3414000: system.cpu: T0 : 0x12838    : ld a4, 1704(a4)            : MemRead :  D=0x0000000000000000 A=0x7ffffffffffff488
3414500: system.cpu: T0 : 0x1283c    : ld a5, 1696(a5)            : MemRead :  D=0x0000000000000000 A=0x7ffffffffffff480
3415000: system.cpu: T0 : 0x12840    : bge a5, a4, 200            : IntAlu : 
3415500: system.cpu: T0 : 0x12908    : auipc a5, 101              : IntAlu :  D=0x0000000000077908
3416000: system.cpu: T0 : 0x1290c    : addi a5, a5, 1788          : IntAlu :  D=0x0000000000078004
3416500: system.cpu: T0 : 0x12910    : c_lw a5, 0(a5)             : MemRead :  D=0x0000000000000005 A=0x78004
3417000: system.cpu: T0 : 0x12912    : c_addiw a5, 0              : IntAlu :  D=0x0000000000000005
3417500: system.cpu: T0 : 0x12914    : c_mv a4, a5                : IntAlu :  D=0x0000000000000005
3418000: system.cpu: T0 : 0x12916    : c_li a5, 3                 : IntAlu :  D=0x0000000000000003
3418500: system.cpu: T0 : 0x12918    : bge a5, a4, 336            : IntAlu : 
3419000: system.cpu: T0 : 0x1291c    : addi a5, gp, -960          : IntAlu :  D=0x0000000000079c88
3419500: system.cpu: T0 : 0x12920    : c_lw a5, 0(a5)             : MemRead :  D=0x0000000000000000 A=0x79c88
3420000: system.cpu: T0 : 0x12922    : c_addiw a5, 0              : IntAlu :  D=0x0000000000000000
3420500: system.cpu: T0 : 0x12924    : c_mv a4, a5                : IntAlu :  D=0x0000000000000000
3421000: system.cpu: T0 : 0x12926    : c_li a5, 3                 : IntAlu :  D=0x0000000000000003
3421500: system.cpu: T0 : 0x12928    : blt a5, a4, 320            : IntAlu : 
3422000: system.cpu: T0 : 0x1292c    : auipc a5, 103              : IntAlu :  D=0x000000000007992c
3422500: system.cpu: T0 : 0x12930    : ld a5, -244(a5)            : MemRead :  D=0x000000000007a9c8 A=0x79838
3423000: system.cpu: T0 : 0x12934    : c_ld a4, 8(a5)             : MemRead :  D=0x0000000000000000 A=0x7a9d0
3424000: system.cpu: T0 : 0x12936    : auipc a5, 103              : IntAlu :  D=0x0000000000079936
3425000: system.cpu: T0 : 0x1293a    : ld a5, -254(a5)            : MemRead :  D=0x000000000007a9c8 A=0x79838
3425500: system.cpu: T0 : 0x1293e    : c_ld a5, 16(a5)            : MemRead :  D=0x0000000000000000 A=0x7a9d8
3426000: system.cpu: T0 : 0x12940    : bne a4, a5, 296            : IntAlu : 
3426500: system.cpu: T0 : 0x12944    : auipc a5, 103              : IntAlu :  D=0x0000000000079944
3427000: system.cpu: T0 : 0x12948    : ld a5, -268(a5)            : MemRead :  D=0x000000000007a9c8 A=0x79838
3427500: system.cpu: T0 : 0x1294c    : c_ld a4, 8(a5)             : MemRead :  D=0x0000000000000000 A=0x7a9d0
3428500: system.cpu: T0 : 0x1294e    : auipc a5, 103              : IntAlu :  D=0x000000000007994e
3429500: system.cpu: T0 : 0x12952    : ld a5, -278(a5)            : MemRead :  D=0x000000000007a9c8 A=0x79838
3430000: system.cpu: T0 : 0x12956    : c_ld a5, 0(a5)             : MemRead :  D=0x0000000000000000 A=0x7a9c8
3430500: system.cpu: T0 : 0x12958    : bne a4, a5, 272            : IntAlu : 
3431000: system.cpu: T0 : 0x1295c    : c_lui a5, 1048575          : IntAlu :  D=0xfffffffffffff000
3432000: system.cpu: T0 : 0x1295e    : addi a4, s0, -16           : IntAlu :  D=0x7ffffffffffffde0
3432500: system.cpu: T0 : 0x12962    : c_add a5, a4               : IntAlu :  D=0x7fffffffffffede0
3433000: system.cpu: T0 : 0x12964    : auipc a4, 103              : IntAlu :  D=0x0000000000079964
3433500: system.cpu: T0 : 0x12968    : ld a4, -300(a4)            : MemRead :  D=0x000000000007a9c8 A=0x79838
3434000: system.cpu: T0 : 0x1296c    : c_ld a4, 24(a4)            : MemRead :  D=0x0000000000000000 A=0x7a9e0
3435000: system.cpu: T0 : 0x1296e    : sd a4, 1720(a5)            : MemWrite :  D=0x0000000000000000 A=0x7ffffffffffff498
3435500: system.cpu: T0 : 0x12972    : c_lui a5, 1048575          : IntAlu :  D=0xfffffffffffff000
3436000: system.cpu: T0 : 0x12974    : addi a4, s0, -16           : IntAlu :  D=0x7ffffffffffffde0
3436500: system.cpu: T0 : 0x12978    : c_add a5, a4               : IntAlu :  D=0x7fffffffffffede0
3437500: system.cpu: T0 : 0x1297a    : auipc a4, 103              : IntAlu :  D=0x000000000007997a
3438500: system.cpu: T0 : 0x1297e    : ld a4, -322(a4)            : MemRead :  D=0x000000000007a9c8 A=0x79838
3439000: system.cpu: T0 : 0x12982    : c_ld a4, 8(a4)             : MemRead :  D=0x0000000000000000 A=0x7a9d0
3439500: system.cpu: T0 : 0x12984    : sd a4, 1728(a5)            : MemWrite :  D=0x0000000000000000 A=0x7ffffffffffff4a0
3440000: system.cpu: T0 : 0x12988    : c_lui a5, 1048575          : IntAlu :  D=0xfffffffffffff000
3441000: system.cpu: T0 : 0x1298a    : addi a4, s0, -16           : IntAlu :  D=0x7ffffffffffffde0
3441500: system.cpu: T0 : 0x1298e    : c_add a4, a5               : IntAlu :  D=0x7fffffffffffede0
3442000: system.cpu: T0 : 0x12990    : c_lui a5, 1048575          : IntAlu :  D=0xfffffffffffff000
3443000: system.cpu: T0 : 0x12992    : addi a3, s0, -16           : IntAlu :  D=0x7ffffffffffffde0
3443500: system.cpu: T0 : 0x12996    : c_add a5, a3               : IntAlu :  D=0x7fffffffffffede0
3444000: system.cpu: T0 : 0x12998    : ld a4, 1728(a4)            : MemRead :  D=0x0000000000000000 A=0x7ffffffffffff4a0
3444500: system.cpu: T0 : 0x1299c    : ld a5, 1720(a5)            : MemRead :  D=0x0000000000000000 A=0x7ffffffffffff498
3445000: system.cpu: T0 : 0x129a0    : bge a5, a4, 200            : IntAlu : 
3445500: system.cpu: T0 : 0x12a68    : auipc a5, 101              : IntAlu :  D=0x0000000000077a68
3446000: system.cpu: T0 : 0x12a6c    : addi a5, a5, 1436          : IntAlu :  D=0x0000000000078004
3446500: system.cpu: T0 : 0x12a70    : c_lw a5, 0(a5)             : MemRead :  D=0x0000000000000005 A=0x78004
3447000: system.cpu: T0 : 0x12a72    : c_addiw a5, 0              : IntAlu :  D=0x0000000000000005
3447500: system.cpu: T0 : 0x12a74    : c_mv a4, a5                : IntAlu :  D=0x0000000000000005
3448000: system.cpu: T0 : 0x12a76    : c_li a5, 3                 : IntAlu :  D=0x0000000000000003
3448500: system.cpu: T0 : 0x12a78    : bge a5, a4, 336            : IntAlu : 
3449000: system.cpu: T0 : 0x12a7c    : addi a5, gp, -960          : IntAlu :  D=0x0000000000079c88
3449500: system.cpu: T0 : 0x12a80    : c_lw a5, 0(a5)             : MemRead :  D=0x0000000000000000 A=0x79c88
3450000: system.cpu: T0 : 0x12a82    : c_addiw a5, 0              : IntAlu :  D=0x0000000000000000
3450500: system.cpu: T0 : 0x12a84    : c_mv a4, a5                : IntAlu :  D=0x0000000000000000
3451000: system.cpu: T0 : 0x12a86    : c_li a5, 3                 : IntAlu :  D=0x0000000000000003
3451500: system.cpu: T0 : 0x12a88    : blt a5, a4, 320            : IntAlu : 
3452000: system.cpu: T0 : 0x12a8c    : auipc a5, 103              : IntAlu :  D=0x0000000000079a8c
3452500: system.cpu: T0 : 0x12a90    : ld a5, -596(a5)            : MemRead :  D=0x000000000007a9c8 A=0x79838
3453000: system.cpu: T0 : 0x12a94    : c_ld a4, 16(a5)            : MemRead :  D=0x0000000000000000 A=0x7a9d8
3454000: system.cpu: T0 : 0x12a96    : auipc a5, 103              : IntAlu :  D=0x0000000000079a96
3455000: system.cpu: T0 : 0x12a9a    : ld a5, -606(a5)            : MemRead :  D=0x000000000007a9c8 A=0x79838
3455500: system.cpu: T0 : 0x12a9e    : c_ld a5, 0(a5)             : MemRead :  D=0x0000000000000000 A=0x7a9c8
3456000: system.cpu: T0 : 0x12aa0    : bne a4, a5, 296            : IntAlu : 
3456500: system.cpu: T0 : 0x12aa4    : auipc a5, 103              : IntAlu :  D=0x0000000000079aa4
3457000: system.cpu: T0 : 0x12aa8    : ld a5, -620(a5)            : MemRead :  D=0x000000000007a9c8 A=0x79838
3457500: system.cpu: T0 : 0x12aac    : c_ld a4, 16(a5)            : MemRead :  D=0x0000000000000000 A=0x7a9d8
3458500: system.cpu: T0 : 0x12aae    : auipc a5, 103              : IntAlu :  D=0x0000000000079aae
3459500: system.cpu: T0 : 0x12ab2    : ld a5, -630(a5)            : MemRead :  D=0x000000000007a9c8 A=0x79838
3460000: system.cpu: T0 : 0x12ab6    : c_ld a5, 8(a5)             : MemRead :  D=0x0000000000000000 A=0x7a9d0
3460500: system.cpu: T0 : 0x12ab8    : bne a4, a5, 272            : IntAlu : 
3461000: system.cpu: T0 : 0x12abc    : c_lui a5, 1048575          : IntAlu :  D=0xfffffffffffff000
3462000: system.cpu: T0 : 0x12abe    : addi a4, s0, -16           : IntAlu :  D=0x7ffffffffffffde0
3462500: system.cpu: T0 : 0x12ac2    : c_add a5, a4               : IntAlu :  D=0x7fffffffffffede0
3463000: system.cpu: T0 : 0x12ac4    : auipc a4, 103              : IntAlu :  D=0x0000000000079ac4
3463500: system.cpu: T0 : 0x12ac8    : ld a4, -652(a4)            : MemRead :  D=0x000000000007a9c8 A=0x79838
3464000: system.cpu: T0 : 0x12acc    : c_ld a4, 24(a4)            : MemRead :  D=0x0000000000000000 A=0x7a9e0
3465000: system.cpu: T0 : 0x12ace    : sd a4, 1744(a5)            : MemWrite :  D=0x0000000000000000 A=0x7ffffffffffff4b0
3465500: system.cpu: T0 : 0x12ad2    : c_lui a5, 1048575          : IntAlu :  D=0xfffffffffffff000
3466000: system.cpu: T0 : 0x12ad4    : addi a4, s0, -16           : IntAlu :  D=0x7ffffffffffffde0
3466500: system.cpu: T0 : 0x12ad8    : c_add a5, a4               : IntAlu :  D=0x7fffffffffffede0
3467500: system.cpu: T0 : 0x12ada    : auipc a4, 103              : IntAlu :  D=0x0000000000079ada
3468500: system.cpu: T0 : 0x12ade    : ld a4, -674(a4)            : MemRead :  D=0x000000000007a9c8 A=0x79838
3469000: system.cpu: T0 : 0x12ae2    : c_ld a4, 16(a4)            : MemRead :  D=0x0000000000000000 A=0x7a9d8
3469500: system.cpu: T0 : 0x12ae4    : sd a4, 1752(a5)            : MemWrite :  D=0x0000000000000000 A=0x7ffffffffffff4b8
3470000: system.cpu: T0 : 0x12ae8    : c_lui a5, 1048575          : IntAlu :  D=0xfffffffffffff000
3471000: system.cpu: T0 : 0x12aea    : addi a4, s0, -16           : IntAlu :  D=0x7ffffffffffffde0
3471500: system.cpu: T0 : 0x12aee    : c_add a4, a5               : IntAlu :  D=0x7fffffffffffede0
3472000: system.cpu: T0 : 0x12af0    : c_lui a5, 1048575          : IntAlu :  D=0xfffffffffffff000
3473000: system.cpu: T0 : 0x12af2    : addi a3, s0, -16           : IntAlu :  D=0x7ffffffffffffde0
3473500: system.cpu: T0 : 0x12af6    : c_add a5, a3               : IntAlu :  D=0x7fffffffffffede0
3474000: system.cpu: T0 : 0x12af8    : ld a4, 1752(a4)            : MemRead :  D=0x0000000000000000 A=0x7ffffffffffff4b8
3474500: system.cpu: T0 : 0x12afc    : ld a5, 1744(a5)            : MemRead :  D=0x0000000000000000 A=0x7ffffffffffff4b0
3475000: system.cpu: T0 : 0x12b00    : bge a5, a4, 200            : IntAlu : 
3475500: system.cpu: T0 : 0x12bc8    : auipc a5, 101              : IntAlu :  D=0x0000000000077bc8
3476000: system.cpu: T0 : 0x12bcc    : addi a5, a5, 1084          : IntAlu :  D=0x0000000000078004
3476500: system.cpu: T0 : 0x12bd0    : c_lw a5, 0(a5)             : MemRead :  D=0x0000000000000005 A=0x78004
3477000: system.cpu: T0 : 0x12bd2    : c_addiw a5, 0              : IntAlu :  D=0x0000000000000005
3477500: system.cpu: T0 : 0x12bd4    : c_mv a4, a5                : IntAlu :  D=0x0000000000000005
3478000: system.cpu: T0 : 0x12bd6    : c_li a5, 3                 : IntAlu :  D=0x0000000000000003
3478500: system.cpu: T0 : 0x12bd8    : bge a5, a4, 336            : IntAlu : 
3479000: system.cpu: T0 : 0x12bdc    : addi a5, gp, -960          : IntAlu :  D=0x0000000000079c88
3479500: system.cpu: T0 : 0x12be0    : c_lw a5, 0(a5)             : MemRead :  D=0x0000000000000000 A=0x79c88
3480000: system.cpu: T0 : 0x12be2    : c_addiw a5, 0              : IntAlu :  D=0x0000000000000000
3480500: system.cpu: T0 : 0x12be4    : c_mv a4, a5                : IntAlu :  D=0x0000000000000000
3481000: system.cpu: T0 : 0x12be6    : c_li a5, 3                 : IntAlu :  D=0x0000000000000003
3481500: system.cpu: T0 : 0x12be8    : blt a5, a4, 320            : IntAlu : 
3482000: system.cpu: T0 : 0x12bec    : auipc a5, 103              : IntAlu :  D=0x0000000000079bec
3482500: system.cpu: T0 : 0x12bf0    : ld a5, -948(a5)            : MemRead :  D=0x000000000007a9c8 A=0x79838
3483000: system.cpu: T0 : 0x12bf4    : c_ld a4, 16(a5)            : MemRead :  D=0x0000000000000000 A=0x7a9d8
3484000: system.cpu: T0 : 0x12bf6    : auipc a5, 103              : IntAlu :  D=0x0000000000079bf6
3485000: system.cpu: T0 : 0x12bfa    : ld a5, -958(a5)            : MemRead :  D=0x000000000007a9c8 A=0x79838
3485500: system.cpu: T0 : 0x12bfe    : c_ld a5, 8(a5)             : MemRead :  D=0x0000000000000000 A=0x7a9d0
3486000: system.cpu: T0 : 0x12c00    : bne a4, a5, 296            : IntAlu : 
3486500: system.cpu: T0 : 0x12c04    : auipc a5, 103              : IntAlu :  D=0x0000000000079c04
3487000: system.cpu: T0 : 0x12c08    : ld a5, -972(a5)            : MemRead :  D=0x000000000007a9c8 A=0x79838
3487500: system.cpu: T0 : 0x12c0c    : c_ld a4, 16(a5)            : MemRead :  D=0x0000000000000000 A=0x7a9d8
3488500: system.cpu: T0 : 0x12c0e    : auipc a5, 103              : IntAlu :  D=0x0000000000079c0e
3489500: system.cpu: T0 : 0x12c12    : ld a5, -982(a5)            : MemRead :  D=0x000000000007a9c8 A=0x79838
3490000: system.cpu: T0 : 0x12c16    : c_ld a5, 0(a5)             : MemRead :  D=0x0000000000000000 A=0x7a9c8
3490500: system.cpu: T0 : 0x12c18    : bne a4, a5, 272            : IntAlu : 
3491000: system.cpu: T0 : 0x12c1c    : c_lui a5, 1048575          : IntAlu :  D=0xfffffffffffff000
3492000: system.cpu: T0 : 0x12c1e    : addi a4, s0, -16           : IntAlu :  D=0x7ffffffffffffde0
3492500: system.cpu: T0 : 0x12c22    : c_add a5, a4               : IntAlu :  D=0x7fffffffffffede0
3493000: system.cpu: T0 : 0x12c24    : auipc a4, 103              : IntAlu :  D=0x0000000000079c24
3493500: system.cpu: T0 : 0x12c28    : ld a4, -1004(a4)           : MemRead :  D=0x000000000007a9c8 A=0x79838
3494000: system.cpu: T0 : 0x12c2c    : c_ld a4, 24(a4)            : MemRead :  D=0x0000000000000000 A=0x7a9e0
3495000: system.cpu: T0 : 0x12c2e    : sd a4, 1768(a5)            : MemWrite :  D=0x0000000000000000 A=0x7ffffffffffff4c8
3495500: system.cpu: T0 : 0x12c32    : c_lui a5, 1048575          : IntAlu :  D=0xfffffffffffff000
3496000: system.cpu: T0 : 0x12c34    : addi a4, s0, -16           : IntAlu :  D=0x7ffffffffffffde0
3496500: system.cpu: T0 : 0x12c38    : c_add a5, a4               : IntAlu :  D=0x7fffffffffffede0
3497500: system.cpu: T0 : 0x12c3a    : auipc a4, 103              : IntAlu :  D=0x0000000000079c3a
3498500: system.cpu: T0 : 0x12c3e    : ld a4, -1026(a4)           : MemRead :  D=0x000000000007a9c8 A=0x79838
3499000: system.cpu: T0 : 0x12c42    : c_ld a4, 16(a4)            : MemRead :  D=0x0000000000000000 A=0x7a9d8
3499500: system.cpu: T0 : 0x12c44    : sd a4, 1776(a5)            : MemWrite :  D=0x0000000000000000 A=0x7ffffffffffff4d0
3500000: system.cpu: T0 : 0x12c48    : c_lui a5, 1048575          : IntAlu :  D=0xfffffffffffff000
3501000: system.cpu: T0 : 0x12c4a    : addi a4, s0, -16           : IntAlu :  D=0x7ffffffffffffde0
3501500: system.cpu: T0 : 0x12c4e    : c_add a4, a5               : IntAlu :  D=0x7fffffffffffede0
3502000: system.cpu: T0 : 0x12c50    : c_lui a5, 1048575          : IntAlu :  D=0xfffffffffffff000
3503000: system.cpu: T0 : 0x12c52    : addi a3, s0, -16           : IntAlu :  D=0x7ffffffffffffde0
3503500: system.cpu: T0 : 0x12c56    : c_add a5, a3               : IntAlu :  D=0x7fffffffffffede0
3504000: system.cpu: T0 : 0x12c58    : ld a4, 1776(a4)            : MemRead :  D=0x0000000000000000 A=0x7ffffffffffff4d0
3504500: system.cpu: T0 : 0x12c5c    : ld a5, 1768(a5)            : MemRead :  D=0x0000000000000000 A=0x7ffffffffffff4c8
3505000: system.cpu: T0 : 0x12c60    : bge a5, a4, 200            : IntAlu : 
3505500: system.cpu: T0 : 0x12d28    : auipc a5, 101              : IntAlu :  D=0x0000000000077d28
3506000: system.cpu: T0 : 0x12d2c    : addi a5, a5, 732           : IntAlu :  D=0x0000000000078004
3506500: system.cpu: T0 : 0x12d30    : c_lw a5, 0(a5)             : MemRead :  D=0x0000000000000005 A=0x78004
3507000: system.cpu: T0 : 0x12d32    : c_addiw a5, 0              : IntAlu :  D=0x0000000000000005
3507500: system.cpu: T0 : 0x12d34    : c_mv a4, a5                : IntAlu :  D=0x0000000000000005
3508000: system.cpu: T0 : 0x12d36    : c_li a5, 4                 : IntAlu :  D=0x0000000000000004
3508500: system.cpu: T0 : 0x12d38    : bge a5, a4, 356            : IntAlu : 
3509000: system.cpu: T0 : 0x12d3c    : addi a5, gp, -960          : IntAlu :  D=0x0000000000079c88
3509500: system.cpu: T0 : 0x12d40    : c_lw a5, 0(a5)             : MemRead :  D=0x0000000000000000 A=0x79c88
3510000: system.cpu: T0 : 0x12d42    : c_addiw a5, 0              : IntAlu :  D=0x0000000000000000
3510500: system.cpu: T0 : 0x12d44    : c_mv a4, a5                : IntAlu :  D=0x0000000000000000
3511000: system.cpu: T0 : 0x12d46    : c_li a5, 3                 : IntAlu :  D=0x0000000000000003
3511500: system.cpu: T0 : 0x12d48    : blt a5, a4, 340            : IntAlu : 
3512000: system.cpu: T0 : 0x12d4c    : auipc a5, 103              : IntAlu :  D=0x0000000000079d4c
3512500: system.cpu: T0 : 0x12d50    : ld a5, -1300(a5)           : MemRead :  D=0x000000000007a9c8 A=0x79838
3513000: system.cpu: T0 : 0x12d54    : c_ld a4, 8(a5)             : MemRead :  D=0x0000000000000000 A=0x7a9d0
3514000: system.cpu: T0 : 0x12d56    : auipc a5, 103              : IntAlu :  D=0x0000000000079d56
3515000: system.cpu: T0 : 0x12d5a    : ld a5, -1310(a5)           : MemRead :  D=0x000000000007a9c8 A=0x79838
3515500: system.cpu: T0 : 0x12d5e    : c_ld a5, 16(a5)            : MemRead :  D=0x0000000000000000 A=0x7a9d8
3516000: system.cpu: T0 : 0x12d60    : bne a4, a5, 316            : IntAlu : 
3516500: system.cpu: T0 : 0x12d64    : auipc a5, 103              : IntAlu :  D=0x0000000000079d64
3517000: system.cpu: T0 : 0x12d68    : ld a5, -1324(a5)           : MemRead :  D=0x000000000007a9c8 A=0x79838
3517500: system.cpu: T0 : 0x12d6c    : c_ld a4, 8(a5)             : MemRead :  D=0x0000000000000000 A=0x7a9d0
3518500: system.cpu: T0 : 0x12d6e    : auipc a5, 103              : IntAlu :  D=0x0000000000079d6e
3519500: system.cpu: T0 : 0x12d72    : ld a5, -1334(a5)           : MemRead :  D=0x000000000007a9c8 A=0x79838
3520000: system.cpu: T0 : 0x12d76    : c_ld a5, 32(a5)            : MemRead :  D=0x0000000000000000 A=0x7a9e8
3520500: system.cpu: T0 : 0x12d78    : bne a4, a5, 292            : IntAlu : 
3521000: system.cpu: T0 : 0x12d7c    : c_lui a5, 1048575          : IntAlu :  D=0xfffffffffffff000
3522000: system.cpu: T0 : 0x12d7e    : addi a4, s0, -16           : IntAlu :  D=0x7ffffffffffffde0
3522500: system.cpu: T0 : 0x12d82    : c_add a5, a4               : IntAlu :  D=0x7fffffffffffede0
3523000: system.cpu: T0 : 0x12d84    : auipc a4, 103              : IntAlu :  D=0x0000000000079d84
3523500: system.cpu: T0 : 0x12d88    : ld a4, -1356(a4)           : MemRead :  D=0x000000000007a9c8 A=0x79838
3524000: system.cpu: T0 : 0x12d8c    : c_ld a4, 0(a4)             : MemRead :  D=0x0000000000000000 A=0x7a9c8
3525000: system.cpu: T0 : 0x12d8e    : sd a4, 1792(a5)            : MemWrite :  D=0x0000000000000000 A=0x7ffffffffffff4e0
3525500: system.cpu: T0 : 0x12d92    : c_lui a5, 1048575          : IntAlu :  D=0xfffffffffffff000
3526000: system.cpu: T0 : 0x12d94    : addi a4, s0, -16           : IntAlu :  D=0x7ffffffffffffde0
3526500: system.cpu: T0 : 0x12d98    : c_add a5, a4               : IntAlu :  D=0x7fffffffffffede0
3527500: system.cpu: T0 : 0x12d9a    : auipc a4, 103              : IntAlu :  D=0x0000000000079d9a
3528500: system.cpu: T0 : 0x12d9e    : ld a4, -1378(a4)           : MemRead :  D=0x000000000007a9c8 A=0x79838
3529000: system.cpu: T0 : 0x12da2    : c_ld a4, 8(a4)             : MemRead :  D=0x0000000000000000 A=0x7a9d0
3529500: system.cpu: T0 : 0x12da4    : sd a4, 1800(a5)            : MemWrite :  D=0x0000000000000000 A=0x7ffffffffffff4e8
3530000: system.cpu: T0 : 0x12da8    : c_lui a5, 1048575          : IntAlu :  D=0xfffffffffffff000
3531000: system.cpu: T0 : 0x12daa    : addi a4, s0, -16           : IntAlu :  D=0x7ffffffffffffde0
3531500: system.cpu: T0 : 0x12dae    : c_add a4, a5               : IntAlu :  D=0x7fffffffffffede0
3532000: system.cpu: T0 : 0x12db0    : c_lui a5, 1048575          : IntAlu :  D=0xfffffffffffff000
3533000: system.cpu: T0 : 0x12db2    : addi a3, s0, -16           : IntAlu :  D=0x7ffffffffffffde0
3533500: system.cpu: T0 : 0x12db6    : c_add a5, a3               : IntAlu :  D=0x7fffffffffffede0
3534000: system.cpu: T0 : 0x12db8    : ld a4, 1800(a4)            : MemRead :  D=0x0000000000000000 A=0x7ffffffffffff4e8
3534500: system.cpu: T0 : 0x12dbc    : ld a5, 1792(a5)            : MemRead :  D=0x0000000000000000 A=0x7ffffffffffff4e0
3535000: system.cpu: T0 : 0x12dc0    : bge a5, a4, 220            : IntAlu : 
3535500: system.cpu: T0 : 0x12e9c    : auipc a5, 101              : IntAlu :  D=0x0000000000077e9c
3536000: system.cpu: T0 : 0x12ea0    : addi a5, a5, 360           : IntAlu :  D=0x0000000000078004
3536500: system.cpu: T0 : 0x12ea4    : c_lw a5, 0(a5)             : MemRead :  D=0x0000000000000005 A=0x78004
3537000: system.cpu: T0 : 0x12ea6    : c_addiw a5, 0              : IntAlu :  D=0x0000000000000005
3537500: system.cpu: T0 : 0x12ea8    : c_mv a4, a5                : IntAlu :  D=0x0000000000000005
3538000: system.cpu: T0 : 0x12eaa    : c_li a5, 4                 : IntAlu :  D=0x0000000000000004
3538500: system.cpu: T0 : 0x12eac    : bge a5, a4, 356            : IntAlu : 
3539000: system.cpu: T0 : 0x12eb0    : addi a5, gp, -960          : IntAlu :  D=0x0000000000079c88
3539500: system.cpu: T0 : 0x12eb4    : c_lw a5, 0(a5)             : MemRead :  D=0x0000000000000000 A=0x79c88
3540000: system.cpu: T0 : 0x12eb6    : c_addiw a5, 0              : IntAlu :  D=0x0000000000000000
3540500: system.cpu: T0 : 0x12eb8    : c_mv a4, a5                : IntAlu :  D=0x0000000000000000
3541000: system.cpu: T0 : 0x12eba    : c_li a5, 3                 : IntAlu :  D=0x0000000000000003
3541500: system.cpu: T0 : 0x12ebc    : blt a5, a4, 340            : IntAlu : 
3542000: system.cpu: T0 : 0x12ec0    : auipc a5, 103              : IntAlu :  D=0x0000000000079ec0
3542500: system.cpu: T0 : 0x12ec4    : ld a5, -1672(a5)           : MemRead :  D=0x000000000007a9c8 A=0x79838
3543000: system.cpu: T0 : 0x12ec8    : c_ld a4, 8(a5)             : MemRead :  D=0x0000000000000000 A=0x7a9d0
3544000: system.cpu: T0 : 0x12eca    : auipc a5, 103              : IntAlu :  D=0x0000000000079eca
3545000: system.cpu: T0 : 0x12ece    : ld a5, -1682(a5)           : MemRead :  D=0x000000000007a9c8 A=0x79838
3545500: system.cpu: T0 : 0x12ed2    : c_ld a5, 24(a5)            : MemRead :  D=0x0000000000000000 A=0x7a9e0
3546000: system.cpu: T0 : 0x12ed4    : bne a4, a5, 316            : IntAlu : 
3546500: system.cpu: T0 : 0x12ed8    : auipc a5, 103              : IntAlu :  D=0x0000000000079ed8
3547000: system.cpu: T0 : 0x12edc    : ld a5, -1696(a5)           : MemRead :  D=0x000000000007a9c8 A=0x79838
3547500: system.cpu: T0 : 0x12ee0    : c_ld a4, 8(a5)             : MemRead :  D=0x0000000000000000 A=0x7a9d0
3548500: system.cpu: T0 : 0x12ee2    : auipc a5, 103              : IntAlu :  D=0x0000000000079ee2
3549500: system.cpu: T0 : 0x12ee6    : ld a5, -1706(a5)           : MemRead :  D=0x000000000007a9c8 A=0x79838
3550000: system.cpu: T0 : 0x12eea    : c_ld a5, 32(a5)            : MemRead :  D=0x0000000000000000 A=0x7a9e8
3550500: system.cpu: T0 : 0x12eec    : bne a4, a5, 292            : IntAlu : 
3551000: system.cpu: T0 : 0x12ef0    : c_lui a5, 1048575          : IntAlu :  D=0xfffffffffffff000
3552000: system.cpu: T0 : 0x12ef2    : addi a4, s0, -16           : IntAlu :  D=0x7ffffffffffffde0
3552500: system.cpu: T0 : 0x12ef6    : c_add a5, a4               : IntAlu :  D=0x7fffffffffffede0
3553000: system.cpu: T0 : 0x12ef8    : auipc a4, 103              : IntAlu :  D=0x0000000000079ef8
3553500: system.cpu: T0 : 0x12efc    : ld a4, -1728(a4)           : MemRead :  D=0x000000000007a9c8 A=0x79838
3554000: system.cpu: T0 : 0x12f00    : c_ld a4, 0(a4)             : MemRead :  D=0x0000000000000000 A=0x7a9c8
3555000: system.cpu: T0 : 0x12f02    : sd a4, 1816(a5)            : MemWrite :  D=0x0000000000000000 A=0x7ffffffffffff4f8
3555500: system.cpu: T0 : 0x12f06    : c_lui a5, 1048575          : IntAlu :  D=0xfffffffffffff000
3556000: system.cpu: T0 : 0x12f08    : addi a4, s0, -16           : IntAlu :  D=0x7ffffffffffffde0
3556500: system.cpu: T0 : 0x12f0c    : c_add a5, a4               : IntAlu :  D=0x7fffffffffffede0
3557500: system.cpu: T0 : 0x12f0e    : auipc a4, 103              : IntAlu :  D=0x0000000000079f0e
3558500: system.cpu: T0 : 0x12f12    : ld a4, -1750(a4)           : MemRead :  D=0x000000000007a9c8 A=0x79838
3559000: system.cpu: T0 : 0x12f16    : c_ld a4, 8(a4)             : MemRead :  D=0x0000000000000000 A=0x7a9d0
3559500: system.cpu: T0 : 0x12f18    : sd a4, 1824(a5)            : MemWrite :  D=0x0000000000000000 A=0x7ffffffffffff500
3560000: system.cpu: T0 : 0x12f1c    : c_lui a5, 1048575          : IntAlu :  D=0xfffffffffffff000
3561000: system.cpu: T0 : 0x12f1e    : addi a4, s0, -16           : IntAlu :  D=0x7ffffffffffffde0
3561500: system.cpu: T0 : 0x12f22    : c_add a4, a5               : IntAlu :  D=0x7fffffffffffede0
3562000: system.cpu: T0 : 0x12f24    : c_lui a5, 1048575          : IntAlu :  D=0xfffffffffffff000
3563000: system.cpu: T0 : 0x12f26    : addi a3, s0, -16           : IntAlu :  D=0x7ffffffffffffde0
3563500: system.cpu: T0 : 0x12f2a    : c_add a5, a3               : IntAlu :  D=0x7fffffffffffede0
3564000: system.cpu: T0 : 0x12f2c    : ld a4, 1824(a4)            : MemRead :  D=0x0000000000000000 A=0x7ffffffffffff500
3564500: system.cpu: T0 : 0x12f30    : ld a5, 1816(a5)            : MemRead :  D=0x0000000000000000 A=0x7ffffffffffff4f8
3565000: system.cpu: T0 : 0x12f34    : bge a5, a4, 220            : IntAlu : 
3565500: system.cpu: T0 : 0x13010    : auipc a5, 101              : IntAlu :  D=0x0000000000078010
3566000: system.cpu: T0 : 0x13014    : addi a5, a5, -12           : IntAlu :  D=0x0000000000078004
3566500: system.cpu: T0 : 0x13018    : c_lw a5, 0(a5)             : MemRead :  D=0x0000000000000005 A=0x78004
3567000: system.cpu: T0 : 0x1301a    : c_addiw a5, 0              : IntAlu :  D=0x0000000000000005
3567500: system.cpu: T0 : 0x1301c    : c_mv a4, a5                : IntAlu :  D=0x0000000000000005
3568000: system.cpu: T0 : 0x1301e    : c_li a5, 4                 : IntAlu :  D=0x0000000000000004
3568500: system.cpu: T0 : 0x13020    : bge a5, a4, 356            : IntAlu : 
3569000: system.cpu: T0 : 0x13024    : addi a5, gp, -960          : IntAlu :  D=0x0000000000079c88
3569500: system.cpu: T0 : 0x13028    : c_lw a5, 0(a5)             : MemRead :  D=0x0000000000000000 A=0x79c88
3570000: system.cpu: T0 : 0x1302a    : c_addiw a5, 0              : IntAlu :  D=0x0000000000000000
3570500: system.cpu: T0 : 0x1302c    : c_mv a4, a5                : IntAlu :  D=0x0000000000000000
3571000: system.cpu: T0 : 0x1302e    : c_li a5, 3                 : IntAlu :  D=0x0000000000000003
3571500: system.cpu: T0 : 0x13030    : blt a5, a4, 340            : IntAlu : 
3572000: system.cpu: T0 : 0x13034    : auipc a5, 103              : IntAlu :  D=0x000000000007a034
3572500: system.cpu: T0 : 0x13038    : ld a5, -2044(a5)           : MemRead :  D=0x000000000007a9c8 A=0x79838
3573000: system.cpu: T0 : 0x1303c    : c_ld a4, 8(a5)             : MemRead :  D=0x0000000000000000 A=0x7a9d0
3574000: system.cpu: T0 : 0x1303e    : auipc a5, 102              : IntAlu :  D=0x000000000007903e
3575000: system.cpu: T0 : 0x13042    : ld a5, 2042(a5)            : MemRead :  D=0x000000000007a9c8 A=0x79838
3575500: system.cpu: T0 : 0x13046    : c_ld a5, 32(a5)            : MemRead :  D=0x0000000000000000 A=0x7a9e8
3576000: system.cpu: T0 : 0x13048    : bne a4, a5, 316            : IntAlu : 
3576500: system.cpu: T0 : 0x1304c    : auipc a5, 102              : IntAlu :  D=0x000000000007904c
3577000: system.cpu: T0 : 0x13050    : ld a5, 2028(a5)            : MemRead :  D=0x000000000007a9c8 A=0x79838
3577500: system.cpu: T0 : 0x13054    : c_ld a4, 8(a5)             : MemRead :  D=0x0000000000000000 A=0x7a9d0
3578500: system.cpu: T0 : 0x13056    : auipc a5, 102              : IntAlu :  D=0x0000000000079056
3579500: system.cpu: T0 : 0x1305a    : ld a5, 2018(a5)            : MemRead :  D=0x000000000007a9c8 A=0x79838
3580000: system.cpu: T0 : 0x1305e    : c_ld a5, 16(a5)            : MemRead :  D=0x0000000000000000 A=0x7a9d8
3580500: system.cpu: T0 : 0x13060    : bne a4, a5, 292            : IntAlu : 
3581000: system.cpu: T0 : 0x13064    : c_lui a5, 1048575          : IntAlu :  D=0xfffffffffffff000
3582000: system.cpu: T0 : 0x13066    : addi a4, s0, -16           : IntAlu :  D=0x7ffffffffffffde0
3582500: system.cpu: T0 : 0x1306a    : c_add a5, a4               : IntAlu :  D=0x7fffffffffffede0
3583000: system.cpu: T0 : 0x1306c    : auipc a4, 102              : IntAlu :  D=0x000000000007906c
3583500: system.cpu: T0 : 0x13070    : ld a4, 1996(a4)            : MemRead :  D=0x000000000007a9c8 A=0x79838
3584000: system.cpu: T0 : 0x13074    : c_ld a4, 0(a4)             : MemRead :  D=0x0000000000000000 A=0x7a9c8
3585000: system.cpu: T0 : 0x13076    : sd a4, 1840(a5)            : MemWrite :  D=0x0000000000000000 A=0x7ffffffffffff510
3585500: system.cpu: T0 : 0x1307a    : c_lui a5, 1048575          : IntAlu :  D=0xfffffffffffff000
3586000: system.cpu: T0 : 0x1307c    : addi a4, s0, -16           : IntAlu :  D=0x7ffffffffffffde0
3586500: system.cpu: T0 : 0x13080    : c_add a5, a4               : IntAlu :  D=0x7fffffffffffede0
3587500: system.cpu: T0 : 0x13082    : auipc a4, 102              : IntAlu :  D=0x0000000000079082
3588500: system.cpu: T0 : 0x13086    : ld a4, 1974(a4)            : MemRead :  D=0x000000000007a9c8 A=0x79838
3589000: system.cpu: T0 : 0x1308a    : c_ld a4, 8(a4)             : MemRead :  D=0x0000000000000000 A=0x7a9d0
3589500: system.cpu: T0 : 0x1308c    : sd a4, 1848(a5)            : MemWrite :  D=0x0000000000000000 A=0x7ffffffffffff518
3590000: system.cpu: T0 : 0x13090    : c_lui a5, 1048575          : IntAlu :  D=0xfffffffffffff000
3591000: system.cpu: T0 : 0x13092    : addi a4, s0, -16           : IntAlu :  D=0x7ffffffffffffde0
3591500: system.cpu: T0 : 0x13096    : c_add a4, a5               : IntAlu :  D=0x7fffffffffffede0
3592000: system.cpu: T0 : 0x13098    : c_lui a5, 1048575          : IntAlu :  D=0xfffffffffffff000
3593000: system.cpu: T0 : 0x1309a    : addi a3, s0, -16           : IntAlu :  D=0x7ffffffffffffde0
3593500: system.cpu: T0 : 0x1309e    : c_add a5, a3               : IntAlu :  D=0x7fffffffffffede0
3594000: system.cpu: T0 : 0x130a0    : ld a4, 1848(a4)            : MemRead :  D=0x0000000000000000 A=0x7ffffffffffff518
3594500: system.cpu: T0 : 0x130a4    : ld a5, 1840(a5)            : MemRead :  D=0x0000000000000000 A=0x7ffffffffffff510
3595000: system.cpu: T0 : 0x130a8    : bge a5, a4, 220            : IntAlu : 
3595500: system.cpu: T0 : 0x13184    : auipc a5, 101              : IntAlu :  D=0x0000000000078184
3596000: system.cpu: T0 : 0x13188    : addi a5, a5, -384          : IntAlu :  D=0x0000000000078004
3596500: system.cpu: T0 : 0x1318c    : c_lw a5, 0(a5)             : MemRead :  D=0x0000000000000005 A=0x78004
3597000: system.cpu: T0 : 0x1318e    : c_addiw a5, 0              : IntAlu :  D=0x0000000000000005
3597500: system.cpu: T0 : 0x13190    : c_mv a4, a5                : IntAlu :  D=0x0000000000000005
3598000: system.cpu: T0 : 0x13192    : c_li a5, 4                 : IntAlu :  D=0x0000000000000004
3598500: system.cpu: T0 : 0x13194    : bge a5, a4, 356            : IntAlu : 
3599000: system.cpu: T0 : 0x13198    : addi a5, gp, -960          : IntAlu :  D=0x0000000000079c88
3599500: system.cpu: T0 : 0x1319c    : c_lw a5, 0(a5)             : MemRead :  D=0x0000000000000000 A=0x79c88
3600000: system.cpu: T0 : 0x1319e    : c_addiw a5, 0              : IntAlu :  D=0x0000000000000000
3600500: system.cpu: T0 : 0x131a0    : c_mv a4, a5                : IntAlu :  D=0x0000000000000000
3601000: system.cpu: T0 : 0x131a2    : c_li a5, 3                 : IntAlu :  D=0x0000000000000003
3601500: system.cpu: T0 : 0x131a4    : blt a5, a4, 340            : IntAlu : 
3602000: system.cpu: T0 : 0x131a8    : auipc a5, 102              : IntAlu :  D=0x00000000000791a8
3602500: system.cpu: T0 : 0x131ac    : ld a5, 1680(a5)            : MemRead :  D=0x000000000007a9c8 A=0x79838
3603000: system.cpu: T0 : 0x131b0    : c_ld a4, 8(a5)             : MemRead :  D=0x0000000000000000 A=0x7a9d0
3604000: system.cpu: T0 : 0x131b2    : auipc a5, 102              : IntAlu :  D=0x00000000000791b2
3605000: system.cpu: T0 : 0x131b6    : ld a5, 1670(a5)            : MemRead :  D=0x000000000007a9c8 A=0x79838
3605500: system.cpu: T0 : 0x131ba    : c_ld a5, 32(a5)            : MemRead :  D=0x0000000000000000 A=0x7a9e8
3606000: system.cpu: T0 : 0x131bc    : bne a4, a5, 316            : IntAlu : 
3606500: system.cpu: T0 : 0x131c0    : auipc a5, 102              : IntAlu :  D=0x00000000000791c0
3607000: system.cpu: T0 : 0x131c4    : ld a5, 1656(a5)            : MemRead :  D=0x000000000007a9c8 A=0x79838
3607500: system.cpu: T0 : 0x131c8    : c_ld a4, 8(a5)             : MemRead :  D=0x0000000000000000 A=0x7a9d0
3608500: system.cpu: T0 : 0x131ca    : auipc a5, 102              : IntAlu :  D=0x00000000000791ca
3609500: system.cpu: T0 : 0x131ce    : ld a5, 1646(a5)            : MemRead :  D=0x000000000007a9c8 A=0x79838
3610000: system.cpu: T0 : 0x131d2    : c_ld a5, 24(a5)            : MemRead :  D=0x0000000000000000 A=0x7a9e0
3610500: system.cpu: T0 : 0x131d4    : bne a4, a5, 292            : IntAlu : 
3611000: system.cpu: T0 : 0x131d8    : c_lui a5, 1048575          : IntAlu :  D=0xfffffffffffff000
3612000: system.cpu: T0 : 0x131da    : addi a4, s0, -16           : IntAlu :  D=0x7ffffffffffffde0
3612500: system.cpu: T0 : 0x131de    : c_add a5, a4               : IntAlu :  D=0x7fffffffffffede0
3613000: system.cpu: T0 : 0x131e0    : auipc a4, 102              : IntAlu :  D=0x00000000000791e0
3613500: system.cpu: T0 : 0x131e4    : ld a4, 1624(a4)            : MemRead :  D=0x000000000007a9c8 A=0x79838
3614000: system.cpu: T0 : 0x131e8    : c_ld a4, 0(a4)             : MemRead :  D=0x0000000000000000 A=0x7a9c8
3615000: system.cpu: T0 : 0x131ea    : sd a4, 1864(a5)            : MemWrite :  D=0x0000000000000000 A=0x7ffffffffffff528
3615500: system.cpu: T0 : 0x131ee    : c_lui a5, 1048575          : IntAlu :  D=0xfffffffffffff000
3616000: system.cpu: T0 : 0x131f0    : addi a4, s0, -16           : IntAlu :  D=0x7ffffffffffffde0
3616500: system.cpu: T0 : 0x131f4    : c_add a5, a4               : IntAlu :  D=0x7fffffffffffede0
3617500: system.cpu: T0 : 0x131f6    : auipc a4, 102              : IntAlu :  D=0x00000000000791f6
3618500: system.cpu: T0 : 0x131fa    : ld a4, 1602(a4)            : MemRead :  D=0x000000000007a9c8 A=0x79838
3619000: system.cpu: T0 : 0x131fe    : c_ld a4, 8(a4)             : MemRead :  D=0x0000000000000000 A=0x7a9d0
3619500: system.cpu: T0 : 0x13200    : sd a4, 1872(a5)            : MemWrite :  D=0x0000000000000000 A=0x7ffffffffffff530
3620000: system.cpu: T0 : 0x13204    : c_lui a5, 1048575          : IntAlu :  D=0xfffffffffffff000
3621000: system.cpu: T0 : 0x13206    : addi a4, s0, -16           : IntAlu :  D=0x7ffffffffffffde0
3621500: system.cpu: T0 : 0x1320a    : c_add a4, a5               : IntAlu :  D=0x7fffffffffffede0
3622000: system.cpu: T0 : 0x1320c    : c_lui a5, 1048575          : IntAlu :  D=0xfffffffffffff000
3623000: system.cpu: T0 : 0x1320e    : addi a3, s0, -16           : IntAlu :  D=0x7ffffffffffffde0
3623500: system.cpu: T0 : 0x13212    : c_add a5, a3               : IntAlu :  D=0x7fffffffffffede0
3624000: system.cpu: T0 : 0x13214    : ld a4, 1872(a4)            : MemRead :  D=0x0000000000000000 A=0x7ffffffffffff530
3624500: system.cpu: T0 : 0x13218    : ld a5, 1864(a5)            : MemRead :  D=0x0000000000000000 A=0x7ffffffffffff528
3625000: system.cpu: T0 : 0x1321c    : bge a5, a4, 220            : IntAlu : 
3625500: system.cpu: T0 : 0x132f8    : auipc a5, 101              : IntAlu :  D=0x00000000000782f8
3626000: system.cpu: T0 : 0x132fc    : addi a5, a5, -756          : IntAlu :  D=0x0000000000078004
3626500: system.cpu: T0 : 0x13300    : c_lw a5, 0(a5)             : MemRead :  D=0x0000000000000005 A=0x78004
3627000: system.cpu: T0 : 0x13302    : c_addiw a5, 0              : IntAlu :  D=0x0000000000000005
3627500: system.cpu: T0 : 0x13304    : c_mv a4, a5                : IntAlu :  D=0x0000000000000005
3628000: system.cpu: T0 : 0x13306    : c_li a5, 4                 : IntAlu :  D=0x0000000000000004
3628500: system.cpu: T0 : 0x13308    : bge a5, a4, 356            : IntAlu : 
3629000: system.cpu: T0 : 0x1330c    : addi a5, gp, -960          : IntAlu :  D=0x0000000000079c88
3629500: system.cpu: T0 : 0x13310    : c_lw a5, 0(a5)             : MemRead :  D=0x0000000000000000 A=0x79c88
3630000: system.cpu: T0 : 0x13312    : c_addiw a5, 0              : IntAlu :  D=0x0000000000000000
3630500: system.cpu: T0 : 0x13314    : c_mv a4, a5                : IntAlu :  D=0x0000000000000000
3631000: system.cpu: T0 : 0x13316    : c_li a5, 3                 : IntAlu :  D=0x0000000000000003
3631500: system.cpu: T0 : 0x13318    : blt a5, a4, 340            : IntAlu : 
3632000: system.cpu: T0 : 0x1331c    : auipc a5, 102              : IntAlu :  D=0x000000000007931c
3632500: system.cpu: T0 : 0x13320    : ld a5, 1308(a5)            : MemRead :  D=0x000000000007a9c8 A=0x79838
3633000: system.cpu: T0 : 0x13324    : c_ld a4, 16(a5)            : MemRead :  D=0x0000000000000000 A=0x7a9d8
3634000: system.cpu: T0 : 0x13326    : auipc a5, 102              : IntAlu :  D=0x0000000000079326
3635000: system.cpu: T0 : 0x1332a    : ld a5, 1298(a5)            : MemRead :  D=0x000000000007a9c8 A=0x79838
3635500: system.cpu: T0 : 0x1332e    : c_ld a5, 8(a5)             : MemRead :  D=0x0000000000000000 A=0x7a9d0
3636000: system.cpu: T0 : 0x13330    : bne a4, a5, 316            : IntAlu : 
3636500: system.cpu: T0 : 0x13334    : auipc a5, 102              : IntAlu :  D=0x0000000000079334
3637000: system.cpu: T0 : 0x13338    : ld a5, 1284(a5)            : MemRead :  D=0x000000000007a9c8 A=0x79838
3637500: system.cpu: T0 : 0x1333c    : c_ld a4, 16(a5)            : MemRead :  D=0x0000000000000000 A=0x7a9d8
3638500: system.cpu: T0 : 0x1333e    : auipc a5, 102              : IntAlu :  D=0x000000000007933e
3639500: system.cpu: T0 : 0x13342    : ld a5, 1274(a5)            : MemRead :  D=0x000000000007a9c8 A=0x79838
3640000: system.cpu: T0 : 0x13346    : c_ld a5, 32(a5)            : MemRead :  D=0x0000000000000000 A=0x7a9e8
3640500: system.cpu: T0 : 0x13348    : bne a4, a5, 292            : IntAlu : 
3641000: system.cpu: T0 : 0x1334c    : c_lui a5, 1048575          : IntAlu :  D=0xfffffffffffff000
3642000: system.cpu: T0 : 0x1334e    : addi a4, s0, -16           : IntAlu :  D=0x7ffffffffffffde0
3642500: system.cpu: T0 : 0x13352    : c_add a5, a4               : IntAlu :  D=0x7fffffffffffede0
3643000: system.cpu: T0 : 0x13354    : auipc a4, 102              : IntAlu :  D=0x0000000000079354
3643500: system.cpu: T0 : 0x13358    : ld a4, 1252(a4)            : MemRead :  D=0x000000000007a9c8 A=0x79838
3644000: system.cpu: T0 : 0x1335c    : c_ld a4, 0(a4)             : MemRead :  D=0x0000000000000000 A=0x7a9c8
3645000: system.cpu: T0 : 0x1335e    : sd a4, 1888(a5)            : MemWrite :  D=0x0000000000000000 A=0x7ffffffffffff540
3645500: system.cpu: T0 : 0x13362    : c_lui a5, 1048575          : IntAlu :  D=0xfffffffffffff000
3646000: system.cpu: T0 : 0x13364    : addi a4, s0, -16           : IntAlu :  D=0x7ffffffffffffde0
3646500: system.cpu: T0 : 0x13368    : c_add a5, a4               : IntAlu :  D=0x7fffffffffffede0
3647500: system.cpu: T0 : 0x1336a    : auipc a4, 102              : IntAlu :  D=0x000000000007936a
3648500: system.cpu: T0 : 0x1336e    : ld a4, 1230(a4)            : MemRead :  D=0x000000000007a9c8 A=0x79838
3649000: system.cpu: T0 : 0x13372    : c_ld a4, 16(a4)            : MemRead :  D=0x0000000000000000 A=0x7a9d8
3649500: system.cpu: T0 : 0x13374    : sd a4, 1896(a5)            : MemWrite :  D=0x0000000000000000 A=0x7ffffffffffff548
3650000: system.cpu: T0 : 0x13378    : c_lui a5, 1048575          : IntAlu :  D=0xfffffffffffff000
3651000: system.cpu: T0 : 0x1337a    : addi a4, s0, -16           : IntAlu :  D=0x7ffffffffffffde0
3651500: system.cpu: T0 : 0x1337e    : c_add a4, a5               : IntAlu :  D=0x7fffffffffffede0
3652000: system.cpu: T0 : 0x13380    : c_lui a5, 1048575          : IntAlu :  D=0xfffffffffffff000
3653000: system.cpu: T0 : 0x13382    : addi a3, s0, -16           : IntAlu :  D=0x7ffffffffffffde0
3653500: system.cpu: T0 : 0x13386    : c_add a5, a3               : IntAlu :  D=0x7fffffffffffede0
3654000: system.cpu: T0 : 0x13388    : ld a4, 1896(a4)            : MemRead :  D=0x0000000000000000 A=0x7ffffffffffff548
3654500: system.cpu: T0 : 0x1338c    : ld a5, 1888(a5)            : MemRead :  D=0x0000000000000000 A=0x7ffffffffffff540
3655000: system.cpu: T0 : 0x13390    : bge a5, a4, 220            : IntAlu : 
3655500: system.cpu: T0 : 0x1346c    : auipc a5, 101              : IntAlu :  D=0x000000000007846c
3656000: system.cpu: T0 : 0x13470    : addi a5, a5, -1128         : IntAlu :  D=0x0000000000078004
3656500: system.cpu: T0 : 0x13474    : c_lw a5, 0(a5)             : MemRead :  D=0x0000000000000005 A=0x78004
3657000: system.cpu: T0 : 0x13476    : c_addiw a5, 0              : IntAlu :  D=0x0000000000000005
3657500: system.cpu: T0 : 0x13478    : c_mv a4, a5                : IntAlu :  D=0x0000000000000005
3658000: system.cpu: T0 : 0x1347a    : c_li a5, 4                 : IntAlu :  D=0x0000000000000004
3658500: system.cpu: T0 : 0x1347c    : bge a5, a4, 356            : IntAlu : 
3659000: system.cpu: T0 : 0x13480    : addi a5, gp, -960          : IntAlu :  D=0x0000000000079c88
3659500: system.cpu: T0 : 0x13484    : c_lw a5, 0(a5)             : MemRead :  D=0x0000000000000000 A=0x79c88
3660000: system.cpu: T0 : 0x13486    : c_addiw a5, 0              : IntAlu :  D=0x0000000000000000
3660500: system.cpu: T0 : 0x13488    : c_mv a4, a5                : IntAlu :  D=0x0000000000000000
3661000: system.cpu: T0 : 0x1348a    : c_li a5, 3                 : IntAlu :  D=0x0000000000000003
3661500: system.cpu: T0 : 0x1348c    : blt a5, a4, 340            : IntAlu : 
3662000: system.cpu: T0 : 0x13490    : auipc a5, 102              : IntAlu :  D=0x0000000000079490
3662500: system.cpu: T0 : 0x13494    : ld a5, 936(a5)             : MemRead :  D=0x000000000007a9c8 A=0x79838
3663000: system.cpu: T0 : 0x13498    : c_ld a4, 16(a5)            : MemRead :  D=0x0000000000000000 A=0x7a9d8
3664000: system.cpu: T0 : 0x1349a    : auipc a5, 102              : IntAlu :  D=0x000000000007949a
3665000: system.cpu: T0 : 0x1349e    : ld a5, 926(a5)             : MemRead :  D=0x000000000007a9c8 A=0x79838
3665500: system.cpu: T0 : 0x134a2    : c_ld a5, 24(a5)            : MemRead :  D=0x0000000000000000 A=0x7a9e0
3666000: system.cpu: T0 : 0x134a4    : bne a4, a5, 316            : IntAlu : 
3666500: system.cpu: T0 : 0x134a8    : auipc a5, 102              : IntAlu :  D=0x00000000000794a8
3667000: system.cpu: T0 : 0x134ac    : ld a5, 912(a5)             : MemRead :  D=0x000000000007a9c8 A=0x79838
3667500: system.cpu: T0 : 0x134b0    : c_ld a4, 16(a5)            : MemRead :  D=0x0000000000000000 A=0x7a9d8
3668500: system.cpu: T0 : 0x134b2    : auipc a5, 102              : IntAlu :  D=0x00000000000794b2
3669500: system.cpu: T0 : 0x134b6    : ld a5, 902(a5)             : MemRead :  D=0x000000000007a9c8 A=0x79838
3670000: system.cpu: T0 : 0x134ba    : c_ld a5, 32(a5)            : MemRead :  D=0x0000000000000000 A=0x7a9e8
3670500: system.cpu: T0 : 0x134bc    : bne a4, a5, 292            : IntAlu : 
3671000: system.cpu: T0 : 0x134c0    : c_lui a5, 1048575          : IntAlu :  D=0xfffffffffffff000
3672000: system.cpu: T0 : 0x134c2    : addi a4, s0, -16           : IntAlu :  D=0x7ffffffffffffde0
3672500: system.cpu: T0 : 0x134c6    : c_add a5, a4               : IntAlu :  D=0x7fffffffffffede0
3673000: system.cpu: T0 : 0x134c8    : auipc a4, 102              : IntAlu :  D=0x00000000000794c8
3673500: system.cpu: T0 : 0x134cc    : ld a4, 880(a4)             : MemRead :  D=0x000000000007a9c8 A=0x79838
3674000: system.cpu: T0 : 0x134d0    : c_ld a4, 0(a4)             : MemRead :  D=0x0000000000000000 A=0x7a9c8
3675000: system.cpu: T0 : 0x134d2    : sd a4, 1912(a5)            : MemWrite :  D=0x0000000000000000 A=0x7ffffffffffff558
3675500: system.cpu: T0 : 0x134d6    : c_lui a5, 1048575          : IntAlu :  D=0xfffffffffffff000
3676000: system.cpu: T0 : 0x134d8    : addi a4, s0, -16           : IntAlu :  D=0x7ffffffffffffde0
3676500: system.cpu: T0 : 0x134dc    : c_add a5, a4               : IntAlu :  D=0x7fffffffffffede0
3677500: system.cpu: T0 : 0x134de    : auipc a4, 102              : IntAlu :  D=0x00000000000794de
3678500: system.cpu: T0 : 0x134e2    : ld a4, 858(a4)             : MemRead :  D=0x000000000007a9c8 A=0x79838
3679000: system.cpu: T0 : 0x134e6    : c_ld a4, 16(a4)            : MemRead :  D=0x0000000000000000 A=0x7a9d8
3679500: system.cpu: T0 : 0x134e8    : sd a4, 1920(a5)            : MemWrite :  D=0x0000000000000000 A=0x7ffffffffffff560
3680000: system.cpu: T0 : 0x134ec    : c_lui a5, 1048575          : IntAlu :  D=0xfffffffffffff000
3681000: system.cpu: T0 : 0x134ee    : addi a4, s0, -16           : IntAlu :  D=0x7ffffffffffffde0
3681500: system.cpu: T0 : 0x134f2    : c_add a4, a5               : IntAlu :  D=0x7fffffffffffede0
3682000: system.cpu: T0 : 0x134f4    : c_lui a5, 1048575          : IntAlu :  D=0xfffffffffffff000
3683000: system.cpu: T0 : 0x134f6    : addi a3, s0, -16           : IntAlu :  D=0x7ffffffffffffde0
3683500: system.cpu: T0 : 0x134fa    : c_add a5, a3               : IntAlu :  D=0x7fffffffffffede0
3684000: system.cpu: T0 : 0x134fc    : ld a4, 1920(a4)            : MemRead :  D=0x0000000000000000 A=0x7ffffffffffff560
3684500: system.cpu: T0 : 0x13500    : ld a5, 1912(a5)            : MemRead :  D=0x0000000000000000 A=0x7ffffffffffff558
3685000: system.cpu: T0 : 0x13504    : bge a5, a4, 220            : IntAlu : 
3685500: system.cpu: T0 : 0x135e0    : auipc a5, 101              : IntAlu :  D=0x00000000000785e0
3686000: system.cpu: T0 : 0x135e4    : addi a5, a5, -1500         : IntAlu :  D=0x0000000000078004
3686500: system.cpu: T0 : 0x135e8    : c_lw a5, 0(a5)             : MemRead :  D=0x0000000000000005 A=0x78004
3687000: system.cpu: T0 : 0x135ea    : c_addiw a5, 0              : IntAlu :  D=0x0000000000000005
3687500: system.cpu: T0 : 0x135ec    : c_mv a4, a5                : IntAlu :  D=0x0000000000000005
3688000: system.cpu: T0 : 0x135ee    : c_li a5, 4                 : IntAlu :  D=0x0000000000000004
3688500: system.cpu: T0 : 0x135f0    : bge a5, a4, 356            : IntAlu : 
3689000: system.cpu: T0 : 0x135f4    : addi a5, gp, -960          : IntAlu :  D=0x0000000000079c88
3689500: system.cpu: T0 : 0x135f8    : c_lw a5, 0(a5)             : MemRead :  D=0x0000000000000000 A=0x79c88
3690000: system.cpu: T0 : 0x135fa    : c_addiw a5, 0              : IntAlu :  D=0x0000000000000000
3690500: system.cpu: T0 : 0x135fc    : c_mv a4, a5                : IntAlu :  D=0x0000000000000000
3691000: system.cpu: T0 : 0x135fe    : c_li a5, 3                 : IntAlu :  D=0x0000000000000003
3691500: system.cpu: T0 : 0x13600    : blt a5, a4, 340            : IntAlu : 
3692000: system.cpu: T0 : 0x13604    : auipc a5, 102              : IntAlu :  D=0x0000000000079604
3692500: system.cpu: T0 : 0x13608    : ld a5, 564(a5)             : MemRead :  D=0x000000000007a9c8 A=0x79838
3693000: system.cpu: T0 : 0x1360c    : c_ld a4, 16(a5)            : MemRead :  D=0x0000000000000000 A=0x7a9d8
3694000: system.cpu: T0 : 0x1360e    : auipc a5, 102              : IntAlu :  D=0x000000000007960e
3695000: system.cpu: T0 : 0x13612    : ld a5, 554(a5)             : MemRead :  D=0x000000000007a9c8 A=0x79838
3695500: system.cpu: T0 : 0x13616    : c_ld a5, 32(a5)            : MemRead :  D=0x0000000000000000 A=0x7a9e8
3696000: system.cpu: T0 : 0x13618    : bne a4, a5, 316            : IntAlu : 
3696500: system.cpu: T0 : 0x1361c    : auipc a5, 102              : IntAlu :  D=0x000000000007961c
3697000: system.cpu: T0 : 0x13620    : ld a5, 540(a5)             : MemRead :  D=0x000000000007a9c8 A=0x79838
3697500: system.cpu: T0 : 0x13624    : c_ld a4, 16(a5)            : MemRead :  D=0x0000000000000000 A=0x7a9d8
3698500: system.cpu: T0 : 0x13626    : auipc a5, 102              : IntAlu :  D=0x0000000000079626
3699500: system.cpu: T0 : 0x1362a    : ld a5, 530(a5)             : MemRead :  D=0x000000000007a9c8 A=0x79838
3700000: system.cpu: T0 : 0x1362e    : c_ld a5, 8(a5)             : MemRead :  D=0x0000000000000000 A=0x7a9d0
3700500: system.cpu: T0 : 0x13630    : bne a4, a5, 292            : IntAlu : 
3701000: system.cpu: T0 : 0x13634    : c_lui a5, 1048575          : IntAlu :  D=0xfffffffffffff000
3702000: system.cpu: T0 : 0x13636    : addi a4, s0, -16           : IntAlu :  D=0x7ffffffffffffde0
3702500: system.cpu: T0 : 0x1363a    : c_add a5, a4               : IntAlu :  D=0x7fffffffffffede0
3703000: system.cpu: T0 : 0x1363c    : auipc a4, 102              : IntAlu :  D=0x000000000007963c
3703500: system.cpu: T0 : 0x13640    : ld a4, 508(a4)             : MemRead :  D=0x000000000007a9c8 A=0x79838
3704000: system.cpu: T0 : 0x13644    : c_ld a4, 0(a4)             : MemRead :  D=0x0000000000000000 A=0x7a9c8
3705000: system.cpu: T0 : 0x13646    : sd a4, 1936(a5)            : MemWrite :  D=0x0000000000000000 A=0x7ffffffffffff570
3705500: system.cpu: T0 : 0x1364a    : c_lui a5, 1048575          : IntAlu :  D=0xfffffffffffff000
3706000: system.cpu: T0 : 0x1364c    : addi a4, s0, -16           : IntAlu :  D=0x7ffffffffffffde0
3706500: system.cpu: T0 : 0x13650    : c_add a5, a4               : IntAlu :  D=0x7fffffffffffede0
3707500: system.cpu: T0 : 0x13652    : auipc a4, 102              : IntAlu :  D=0x0000000000079652
3708500: system.cpu: T0 : 0x13656    : ld a4, 486(a4)             : MemRead :  D=0x000000000007a9c8 A=0x79838
3709000: system.cpu: T0 : 0x1365a    : c_ld a4, 16(a4)            : MemRead :  D=0x0000000000000000 A=0x7a9d8
3709500: system.cpu: T0 : 0x1365c    : sd a4, 1944(a5)            : MemWrite :  D=0x0000000000000000 A=0x7ffffffffffff578
3710000: system.cpu: T0 : 0x13660    : c_lui a5, 1048575          : IntAlu :  D=0xfffffffffffff000
3711000: system.cpu: T0 : 0x13662    : addi a4, s0, -16           : IntAlu :  D=0x7ffffffffffffde0
3711500: system.cpu: T0 : 0x13666    : c_add a4, a5               : IntAlu :  D=0x7fffffffffffede0
3712000: system.cpu: T0 : 0x13668    : c_lui a5, 1048575          : IntAlu :  D=0xfffffffffffff000
3713000: system.cpu: T0 : 0x1366a    : addi a3, s0, -16           : IntAlu :  D=0x7ffffffffffffde0
3713500: system.cpu: T0 : 0x1366e    : c_add a5, a3               : IntAlu :  D=0x7fffffffffffede0
3714000: system.cpu: T0 : 0x13670    : ld a4, 1944(a4)            : MemRead :  D=0x0000000000000000 A=0x7ffffffffffff578
3714500: system.cpu: T0 : 0x13674    : ld a5, 1936(a5)            : MemRead :  D=0x0000000000000000 A=0x7ffffffffffff570
3715000: system.cpu: T0 : 0x13678    : bge a5, a4, 220            : IntAlu : 
3715500: system.cpu: T0 : 0x13754    : auipc a5, 101              : IntAlu :  D=0x0000000000078754
3716000: system.cpu: T0 : 0x13758    : addi a5, a5, -1872         : IntAlu :  D=0x0000000000078004
3716500: system.cpu: T0 : 0x1375c    : c_lw a5, 0(a5)             : MemRead :  D=0x0000000000000005 A=0x78004
3717000: system.cpu: T0 : 0x1375e    : c_addiw a5, 0              : IntAlu :  D=0x0000000000000005
3717500: system.cpu: T0 : 0x13760    : c_mv a4, a5                : IntAlu :  D=0x0000000000000005
3718000: system.cpu: T0 : 0x13762    : c_li a5, 4                 : IntAlu :  D=0x0000000000000004
3718500: system.cpu: T0 : 0x13764    : bge a5, a4, 356            : IntAlu : 
3719000: system.cpu: T0 : 0x13768    : addi a5, gp, -960          : IntAlu :  D=0x0000000000079c88
3719500: system.cpu: T0 : 0x1376c    : c_lw a5, 0(a5)             : MemRead :  D=0x0000000000000000 A=0x79c88
3720000: system.cpu: T0 : 0x1376e    : c_addiw a5, 0              : IntAlu :  D=0x0000000000000000
3720500: system.cpu: T0 : 0x13770    : c_mv a4, a5                : IntAlu :  D=0x0000000000000000
3721000: system.cpu: T0 : 0x13772    : c_li a5, 3                 : IntAlu :  D=0x0000000000000003
3721500: system.cpu: T0 : 0x13774    : blt a5, a4, 340            : IntAlu : 
3722000: system.cpu: T0 : 0x13778    : auipc a5, 102              : IntAlu :  D=0x0000000000079778
3722500: system.cpu: T0 : 0x1377c    : ld a5, 192(a5)             : MemRead :  D=0x000000000007a9c8 A=0x79838
3723000: system.cpu: T0 : 0x13780    : c_ld a4, 16(a5)            : MemRead :  D=0x0000000000000000 A=0x7a9d8
3724000: system.cpu: T0 : 0x13782    : auipc a5, 102              : IntAlu :  D=0x0000000000079782
3725000: system.cpu: T0 : 0x13786    : ld a5, 182(a5)             : MemRead :  D=0x000000000007a9c8 A=0x79838
3725500: system.cpu: T0 : 0x1378a    : c_ld a5, 32(a5)            : MemRead :  D=0x0000000000000000 A=0x7a9e8
3726000: system.cpu: T0 : 0x1378c    : bne a4, a5, 316            : IntAlu : 
3726500: system.cpu: T0 : 0x13790    : auipc a5, 102              : IntAlu :  D=0x0000000000079790
3727000: system.cpu: T0 : 0x13794    : ld a5, 168(a5)             : MemRead :  D=0x000000000007a9c8 A=0x79838
3727500: system.cpu: T0 : 0x13798    : c_ld a4, 16(a5)            : MemRead :  D=0x0000000000000000 A=0x7a9d8
3728500: system.cpu: T0 : 0x1379a    : auipc a5, 102              : IntAlu :  D=0x000000000007979a
3729500: system.cpu: T0 : 0x1379e    : ld a5, 158(a5)             : MemRead :  D=0x000000000007a9c8 A=0x79838
3730000: system.cpu: T0 : 0x137a2    : c_ld a5, 24(a5)            : MemRead :  D=0x0000000000000000 A=0x7a9e0
3730500: system.cpu: T0 : 0x137a4    : bne a4, a5, 292            : IntAlu : 
3731000: system.cpu: T0 : 0x137a8    : c_lui a5, 1048575          : IntAlu :  D=0xfffffffffffff000
3732000: system.cpu: T0 : 0x137aa    : addi a4, s0, -16           : IntAlu :  D=0x7ffffffffffffde0
3732500: system.cpu: T0 : 0x137ae    : c_add a5, a4               : IntAlu :  D=0x7fffffffffffede0
3733000: system.cpu: T0 : 0x137b0    : auipc a4, 102              : IntAlu :  D=0x00000000000797b0
3733500: system.cpu: T0 : 0x137b4    : ld a4, 136(a4)             : MemRead :  D=0x000000000007a9c8 A=0x79838
3734000: system.cpu: T0 : 0x137b8    : c_ld a4, 0(a4)             : MemRead :  D=0x0000000000000000 A=0x7a9c8
3735000: system.cpu: T0 : 0x137ba    : sd a4, 1960(a5)            : MemWrite :  D=0x0000000000000000 A=0x7ffffffffffff588
3735500: system.cpu: T0 : 0x137be    : c_lui a5, 1048575          : IntAlu :  D=0xfffffffffffff000
3736000: system.cpu: T0 : 0x137c0    : addi a4, s0, -16           : IntAlu :  D=0x7ffffffffffffde0
3736500: system.cpu: T0 : 0x137c4    : c_add a5, a4               : IntAlu :  D=0x7fffffffffffede0
3737500: system.cpu: T0 : 0x137c6    : auipc a4, 102              : IntAlu :  D=0x00000000000797c6
3738500: system.cpu: T0 : 0x137ca    : ld a4, 114(a4)             : MemRead :  D=0x000000000007a9c8 A=0x79838
3739000: system.cpu: T0 : 0x137ce    : c_ld a4, 16(a4)            : MemRead :  D=0x0000000000000000 A=0x7a9d8
3739500: system.cpu: T0 : 0x137d0    : sd a4, 1968(a5)            : MemWrite :  D=0x0000000000000000 A=0x7ffffffffffff590
3740000: system.cpu: T0 : 0x137d4    : c_lui a5, 1048575          : IntAlu :  D=0xfffffffffffff000
3741000: system.cpu: T0 : 0x137d6    : addi a4, s0, -16           : IntAlu :  D=0x7ffffffffffffde0
3741500: system.cpu: T0 : 0x137da    : c_add a4, a5               : IntAlu :  D=0x7fffffffffffede0
3742000: system.cpu: T0 : 0x137dc    : c_lui a5, 1048575          : IntAlu :  D=0xfffffffffffff000
3743000: system.cpu: T0 : 0x137de    : addi a3, s0, -16           : IntAlu :  D=0x7ffffffffffffde0
3743500: system.cpu: T0 : 0x137e2    : c_add a5, a3               : IntAlu :  D=0x7fffffffffffede0
3744000: system.cpu: T0 : 0x137e4    : ld a4, 1968(a4)            : MemRead :  D=0x0000000000000000 A=0x7ffffffffffff590
3744500: system.cpu: T0 : 0x137e8    : ld a5, 1960(a5)            : MemRead :  D=0x0000000000000000 A=0x7ffffffffffff588
3745000: system.cpu: T0 : 0x137ec    : bge a5, a4, 220            : IntAlu : 
3745500: system.cpu: T0 : 0x138c8    : auipc a5, 100              : IntAlu :  D=0x00000000000778c8
3746000: system.cpu: T0 : 0x138cc    : addi a5, a5, 1852          : IntAlu :  D=0x0000000000078004
3746500: system.cpu: T0 : 0x138d0    : c_lw a5, 0(a5)             : MemRead :  D=0x0000000000000005 A=0x78004
3747000: system.cpu: T0 : 0x138d2    : c_addiw a5, 0              : IntAlu :  D=0x0000000000000005
3747500: system.cpu: T0 : 0x138d4    : c_mv a4, a5                : IntAlu :  D=0x0000000000000005
3748000: system.cpu: T0 : 0x138d6    : c_li a5, 4                 : IntAlu :  D=0x0000000000000004
3748500: system.cpu: T0 : 0x138d8    : bge a5, a4, 356            : IntAlu : 
3749000: system.cpu: T0 : 0x138dc    : addi a5, gp, -960          : IntAlu :  D=0x0000000000079c88
3749500: system.cpu: T0 : 0x138e0    : c_lw a5, 0(a5)             : MemRead :  D=0x0000000000000000 A=0x79c88
3750000: system.cpu: T0 : 0x138e2    : c_addiw a5, 0              : IntAlu :  D=0x0000000000000000
3750500: system.cpu: T0 : 0x138e4    : c_mv a4, a5                : IntAlu :  D=0x0000000000000000
3751000: system.cpu: T0 : 0x138e6    : c_li a5, 3                 : IntAlu :  D=0x0000000000000003
3751500: system.cpu: T0 : 0x138e8    : blt a5, a4, 340            : IntAlu : 
3752000: system.cpu: T0 : 0x138ec    : auipc a5, 102              : IntAlu :  D=0x00000000000798ec
3752500: system.cpu: T0 : 0x138f0    : ld a5, -180(a5)            : MemRead :  D=0x000000000007a9c8 A=0x79838
3753000: system.cpu: T0 : 0x138f4    : c_ld a4, 24(a5)            : MemRead :  D=0x0000000000000000 A=0x7a9e0
3754000: system.cpu: T0 : 0x138f6    : auipc a5, 102              : IntAlu :  D=0x00000000000798f6
3755000: system.cpu: T0 : 0x138fa    : ld a5, -190(a5)            : MemRead :  D=0x000000000007a9c8 A=0x79838
3755500: system.cpu: T0 : 0x138fe    : c_ld a5, 8(a5)             : MemRead :  D=0x0000000000000000 A=0x7a9d0
3756000: system.cpu: T0 : 0x13900    : bne a4, a5, 316            : IntAlu : 
3756500: system.cpu: T0 : 0x13904    : auipc a5, 102              : IntAlu :  D=0x0000000000079904
3757000: system.cpu: T0 : 0x13908    : ld a5, -204(a5)            : MemRead :  D=0x000000000007a9c8 A=0x79838
3757500: system.cpu: T0 : 0x1390c    : c_ld a4, 24(a5)            : MemRead :  D=0x0000000000000000 A=0x7a9e0
3758500: system.cpu: T0 : 0x1390e    : auipc a5, 102              : IntAlu :  D=0x000000000007990e
3759500: system.cpu: T0 : 0x13912    : ld a5, -214(a5)            : MemRead :  D=0x000000000007a9c8 A=0x79838
3760000: system.cpu: T0 : 0x13916    : c_ld a5, 32(a5)            : MemRead :  D=0x0000000000000000 A=0x7a9e8
3760500: system.cpu: T0 : 0x13918    : bne a4, a5, 292            : IntAlu : 
3761000: system.cpu: T0 : 0x1391c    : c_lui a5, 1048575          : IntAlu :  D=0xfffffffffffff000
3762000: system.cpu: T0 : 0x1391e    : addi a4, s0, -16           : IntAlu :  D=0x7ffffffffffffde0
3762500: system.cpu: T0 : 0x13922    : c_add a5, a4               : IntAlu :  D=0x7fffffffffffede0
3763000: system.cpu: T0 : 0x13924    : auipc a4, 102              : IntAlu :  D=0x0000000000079924
3763500: system.cpu: T0 : 0x13928    : ld a4, -236(a4)            : MemRead :  D=0x000000000007a9c8 A=0x79838
3764000: system.cpu: T0 : 0x1392c    : c_ld a4, 0(a4)             : MemRead :  D=0x0000000000000000 A=0x7a9c8
3765000: system.cpu: T0 : 0x1392e    : sd a4, 1984(a5)            : MemWrite :  D=0x0000000000000000 A=0x7ffffffffffff5a0
3765500: system.cpu: T0 : 0x13932    : c_lui a5, 1048575          : IntAlu :  D=0xfffffffffffff000
3766000: system.cpu: T0 : 0x13934    : addi a4, s0, -16           : IntAlu :  D=0x7ffffffffffffde0
3766500: system.cpu: T0 : 0x13938    : c_add a5, a4               : IntAlu :  D=0x7fffffffffffede0
3767500: system.cpu: T0 : 0x1393a    : auipc a4, 102              : IntAlu :  D=0x000000000007993a
3768500: system.cpu: T0 : 0x1393e    : ld a4, -258(a4)            : MemRead :  D=0x000000000007a9c8 A=0x79838
3769000: system.cpu: T0 : 0x13942    : c_ld a4, 24(a4)            : MemRead :  D=0x0000000000000000 A=0x7a9e0
3769500: system.cpu: T0 : 0x13944    : sd a4, 1992(a5)            : MemWrite :  D=0x0000000000000000 A=0x7ffffffffffff5a8
3770000: system.cpu: T0 : 0x13948    : c_lui a5, 1048575          : IntAlu :  D=0xfffffffffffff000
3771000: system.cpu: T0 : 0x1394a    : addi a4, s0, -16           : IntAlu :  D=0x7ffffffffffffde0
3771500: system.cpu: T0 : 0x1394e    : c_add a4, a5               : IntAlu :  D=0x7fffffffffffede0
3772000: system.cpu: T0 : 0x13950    : c_lui a5, 1048575          : IntAlu :  D=0xfffffffffffff000
3773000: system.cpu: T0 : 0x13952    : addi a3, s0, -16           : IntAlu :  D=0x7ffffffffffffde0
3773500: system.cpu: T0 : 0x13956    : c_add a5, a3               : IntAlu :  D=0x7fffffffffffede0
3774000: system.cpu: T0 : 0x13958    : ld a4, 1992(a4)            : MemRead :  D=0x0000000000000000 A=0x7ffffffffffff5a8
3774500: system.cpu: T0 : 0x1395c    : ld a5, 1984(a5)            : MemRead :  D=0x0000000000000000 A=0x7ffffffffffff5a0
3775000: system.cpu: T0 : 0x13960    : bge a5, a4, 220            : IntAlu : 
3775500: system.cpu: T0 : 0x13a3c    : auipc a5, 100              : IntAlu :  D=0x0000000000077a3c
3776000: system.cpu: T0 : 0x13a40    : addi a5, a5, 1480          : IntAlu :  D=0x0000000000078004
3776500: system.cpu: T0 : 0x13a44    : c_lw a5, 0(a5)             : MemRead :  D=0x0000000000000005 A=0x78004
3777000: system.cpu: T0 : 0x13a46    : c_addiw a5, 0              : IntAlu :  D=0x0000000000000005
3777500: system.cpu: T0 : 0x13a48    : c_mv a4, a5                : IntAlu :  D=0x0000000000000005
3778000: system.cpu: T0 : 0x13a4a    : c_li a5, 4                 : IntAlu :  D=0x0000000000000004
3778500: system.cpu: T0 : 0x13a4c    : bge a5, a4, 356            : IntAlu : 
3779000: system.cpu: T0 : 0x13a50    : addi a5, gp, -960          : IntAlu :  D=0x0000000000079c88
3779500: system.cpu: T0 : 0x13a54    : c_lw a5, 0(a5)             : MemRead :  D=0x0000000000000000 A=0x79c88
3780000: system.cpu: T0 : 0x13a56    : c_addiw a5, 0              : IntAlu :  D=0x0000000000000000
3780500: system.cpu: T0 : 0x13a58    : c_mv a4, a5                : IntAlu :  D=0x0000000000000000
3781000: system.cpu: T0 : 0x13a5a    : c_li a5, 3                 : IntAlu :  D=0x0000000000000003
3781500: system.cpu: T0 : 0x13a5c    : blt a5, a4, 340            : IntAlu : 
3782000: system.cpu: T0 : 0x13a60    : auipc a5, 102              : IntAlu :  D=0x0000000000079a60
3782500: system.cpu: T0 : 0x13a64    : ld a5, -552(a5)            : MemRead :  D=0x000000000007a9c8 A=0x79838
3783000: system.cpu: T0 : 0x13a68    : c_ld a4, 24(a5)            : MemRead :  D=0x0000000000000000 A=0x7a9e0
3784000: system.cpu: T0 : 0x13a6a    : auipc a5, 102              : IntAlu :  D=0x0000000000079a6a
3785000: system.cpu: T0 : 0x13a6e    : ld a5, -562(a5)            : MemRead :  D=0x000000000007a9c8 A=0x79838
3785500: system.cpu: T0 : 0x13a72    : c_ld a5, 16(a5)            : MemRead :  D=0x0000000000000000 A=0x7a9d8
3786000: system.cpu: T0 : 0x13a74    : bne a4, a5, 316            : IntAlu : 
3786500: system.cpu: T0 : 0x13a78    : auipc a5, 102              : IntAlu :  D=0x0000000000079a78
3787000: system.cpu: T0 : 0x13a7c    : ld a5, -576(a5)            : MemRead :  D=0x000000000007a9c8 A=0x79838
3787500: system.cpu: T0 : 0x13a80    : c_ld a4, 24(a5)            : MemRead :  D=0x0000000000000000 A=0x7a9e0
3788500: system.cpu: T0 : 0x13a82    : auipc a5, 102              : IntAlu :  D=0x0000000000079a82
3789500: system.cpu: T0 : 0x13a86    : ld a5, -586(a5)            : MemRead :  D=0x000000000007a9c8 A=0x79838
3790000: system.cpu: T0 : 0x13a8a    : c_ld a5, 32(a5)            : MemRead :  D=0x0000000000000000 A=0x7a9e8
3790500: system.cpu: T0 : 0x13a8c    : bne a4, a5, 292            : IntAlu : 
3791000: system.cpu: T0 : 0x13a90    : c_lui a5, 1048575          : IntAlu :  D=0xfffffffffffff000
3792000: system.cpu: T0 : 0x13a92    : addi a4, s0, -16           : IntAlu :  D=0x7ffffffffffffde0
3792500: system.cpu: T0 : 0x13a96    : c_add a5, a4               : IntAlu :  D=0x7fffffffffffede0
3793000: system.cpu: T0 : 0x13a98    : auipc a4, 102              : IntAlu :  D=0x0000000000079a98
3793500: system.cpu: T0 : 0x13a9c    : ld a4, -608(a4)            : MemRead :  D=0x000000000007a9c8 A=0x79838
3794000: system.cpu: T0 : 0x13aa0    : c_ld a4, 0(a4)             : MemRead :  D=0x0000000000000000 A=0x7a9c8
3795000: system.cpu: T0 : 0x13aa2    : sd a4, 2008(a5)            : MemWrite :  D=0x0000000000000000 A=0x7ffffffffffff5b8
3795500: system.cpu: T0 : 0x13aa6    : c_lui a5, 1048575          : IntAlu :  D=0xfffffffffffff000
3796000: system.cpu: T0 : 0x13aa8    : addi a4, s0, -16           : IntAlu :  D=0x7ffffffffffffde0
3796500: system.cpu: T0 : 0x13aac    : c_add a5, a4               : IntAlu :  D=0x7fffffffffffede0
3797500: system.cpu: T0 : 0x13aae    : auipc a4, 102              : IntAlu :  D=0x0000000000079aae
3798500: system.cpu: T0 : 0x13ab2    : ld a4, -630(a4)            : MemRead :  D=0x000000000007a9c8 A=0x79838
3799000: system.cpu: T0 : 0x13ab6    : c_ld a4, 24(a4)            : MemRead :  D=0x0000000000000000 A=0x7a9e0
3799500: system.cpu: T0 : 0x13ab8    : sd a4, 2016(a5)            : MemWrite :  D=0x0000000000000000 A=0x7ffffffffffff5c0
3800000: system.cpu: T0 : 0x13abc    : c_lui a5, 1048575          : IntAlu :  D=0xfffffffffffff000
3801000: system.cpu: T0 : 0x13abe    : addi a4, s0, -16           : IntAlu :  D=0x7ffffffffffffde0
3801500: system.cpu: T0 : 0x13ac2    : c_add a4, a5               : IntAlu :  D=0x7fffffffffffede0
3802000: system.cpu: T0 : 0x13ac4    : c_lui a5, 1048575          : IntAlu :  D=0xfffffffffffff000
3803000: system.cpu: T0 : 0x13ac6    : addi a3, s0, -16           : IntAlu :  D=0x7ffffffffffffde0
3803500: system.cpu: T0 : 0x13aca    : c_add a5, a3               : IntAlu :  D=0x7fffffffffffede0
3804000: system.cpu: T0 : 0x13acc    : ld a4, 2016(a4)            : MemRead :  D=0x0000000000000000 A=0x7ffffffffffff5c0
3804500: system.cpu: T0 : 0x13ad0    : ld a5, 2008(a5)            : MemRead :  D=0x0000000000000000 A=0x7ffffffffffff5b8
3805000: system.cpu: T0 : 0x13ad4    : bge a5, a4, 220            : IntAlu : 
3805500: system.cpu: T0 : 0x13bb0    : auipc a5, 100              : IntAlu :  D=0x0000000000077bb0
3806000: system.cpu: T0 : 0x13bb4    : addi a5, a5, 1108          : IntAlu :  D=0x0000000000078004
3806500: system.cpu: T0 : 0x13bb8    : c_lw a5, 0(a5)             : MemRead :  D=0x0000000000000005 A=0x78004
3807000: system.cpu: T0 : 0x13bba    : c_addiw a5, 0              : IntAlu :  D=0x0000000000000005
3807500: system.cpu: T0 : 0x13bbc    : c_mv a4, a5                : IntAlu :  D=0x0000000000000005
3808000: system.cpu: T0 : 0x13bbe    : c_li a5, 4                 : IntAlu :  D=0x0000000000000004
3808500: system.cpu: T0 : 0x13bc0    : bge a5, a4, 350            : IntAlu : 
3809000: system.cpu: T0 : 0x13bc4    : addi a5, gp, -960          : IntAlu :  D=0x0000000000079c88
3809500: system.cpu: T0 : 0x13bc8    : c_lw a5, 0(a5)             : MemRead :  D=0x0000000000000000 A=0x79c88
3810000: system.cpu: T0 : 0x13bca    : c_addiw a5, 0              : IntAlu :  D=0x0000000000000000
3810500: system.cpu: T0 : 0x13bcc    : c_mv a4, a5                : IntAlu :  D=0x0000000000000000
3811000: system.cpu: T0 : 0x13bce    : c_li a5, 3                 : IntAlu :  D=0x0000000000000003
3811500: system.cpu: T0 : 0x13bd0    : blt a5, a4, 334            : IntAlu : 
3812000: system.cpu: T0 : 0x13bd4    : auipc a5, 102              : IntAlu :  D=0x0000000000079bd4
3812500: system.cpu: T0 : 0x13bd8    : ld a5, -924(a5)            : MemRead :  D=0x000000000007a9c8 A=0x79838
3813000: system.cpu: T0 : 0x13bdc    : c_ld a4, 24(a5)            : MemRead :  D=0x0000000000000000 A=0x7a9e0
3814000: system.cpu: T0 : 0x13bde    : auipc a5, 102              : IntAlu :  D=0x0000000000079bde
3815000: system.cpu: T0 : 0x13be2    : ld a5, -934(a5)            : MemRead :  D=0x000000000007a9c8 A=0x79838
3815500: system.cpu: T0 : 0x13be6    : c_ld a5, 32(a5)            : MemRead :  D=0x0000000000000000 A=0x7a9e8
3816000: system.cpu: T0 : 0x13be8    : bne a4, a5, 310            : IntAlu : 
3816500: system.cpu: T0 : 0x13bec    : auipc a5, 102              : IntAlu :  D=0x0000000000079bec
3817000: system.cpu: T0 : 0x13bf0    : ld a5, -948(a5)            : MemRead :  D=0x000000000007a9c8 A=0x79838
3817500: system.cpu: T0 : 0x13bf4    : c_ld a4, 24(a5)            : MemRead :  D=0x0000000000000000 A=0x7a9e0
3818500: system.cpu: T0 : 0x13bf6    : auipc a5, 102              : IntAlu :  D=0x0000000000079bf6
3819500: system.cpu: T0 : 0x13bfa    : ld a5, -958(a5)            : MemRead :  D=0x000000000007a9c8 A=0x79838
3820000: system.cpu: T0 : 0x13bfe    : c_ld a5, 8(a5)             : MemRead :  D=0x0000000000000000 A=0x7a9d0
3820500: system.cpu: T0 : 0x13c00    : bne a4, a5, 286            : IntAlu : 
3821000: system.cpu: T0 : 0x13c04    : c_lui a5, 1048575          : IntAlu :  D=0xfffffffffffff000
3822000: system.cpu: T0 : 0x13c06    : addi a4, s0, -16           : IntAlu :  D=0x7ffffffffffffde0
3822500: system.cpu: T0 : 0x13c0a    : c_add a5, a4               : IntAlu :  D=0x7fffffffffffede0
3823000: system.cpu: T0 : 0x13c0c    : auipc a4, 102              : IntAlu :  D=0x0000000000079c0c
3823500: system.cpu: T0 : 0x13c10    : ld a4, -980(a4)            : MemRead :  D=0x000000000007a9c8 A=0x79838
3824000: system.cpu: T0 : 0x13c14    : c_ld a4, 0(a4)             : MemRead :  D=0x0000000000000000 A=0x7a9c8
3825000: system.cpu: T0 : 0x13c16    : sd a4, 2032(a5)            : MemWrite :  D=0x0000000000000000 A=0x7ffffffffffff5d0
3825500: system.cpu: T0 : 0x13c1a    : c_lui a5, 1048575          : IntAlu :  D=0xfffffffffffff000
3826000: system.cpu: T0 : 0x13c1c    : addi a4, s0, -16           : IntAlu :  D=0x7ffffffffffffde0
3826500: system.cpu: T0 : 0x13c20    : c_add a5, a4               : IntAlu :  D=0x7fffffffffffede0
3827500: system.cpu: T0 : 0x13c22    : auipc a4, 102              : IntAlu :  D=0x0000000000079c22
3828500: system.cpu: T0 : 0x13c26    : ld a4, -1002(a4)           : MemRead :  D=0x000000000007a9c8 A=0x79838
3829000: system.cpu: T0 : 0x13c2a    : c_ld a4, 24(a4)            : MemRead :  D=0x0000000000000000 A=0x7a9e0
3829500: system.cpu: T0 : 0x13c2c    : sd a4, 2040(a5)            : MemWrite :  D=0x0000000000000000 A=0x7ffffffffffff5d8
3830000: system.cpu: T0 : 0x13c30    : c_lui a5, 1048575          : IntAlu :  D=0xfffffffffffff000
3831000: system.cpu: T0 : 0x13c32    : addi a4, s0, -16           : IntAlu :  D=0x7ffffffffffffde0
3831500: system.cpu: T0 : 0x13c36    : c_add a4, a5               : IntAlu :  D=0x7fffffffffffede0
3832000: system.cpu: T0 : 0x13c38    : c_lui a5, 1048575          : IntAlu :  D=0xfffffffffffff000
3833000: system.cpu: T0 : 0x13c3a    : addi a3, s0, -16           : IntAlu :  D=0x7ffffffffffffde0
3833500: system.cpu: T0 : 0x13c3e    : c_add a5, a3               : IntAlu :  D=0x7fffffffffffede0
3834000: system.cpu: T0 : 0x13c40    : ld a4, 2040(a4)            : MemRead :  D=0x0000000000000000 A=0x7ffffffffffff5d8
3834500: system.cpu: T0 : 0x13c44    : ld a5, 2032(a5)            : MemRead :  D=0x0000000000000000 A=0x7ffffffffffff5d0
3835000: system.cpu: T0 : 0x13c48    : bge a5, a4, 214            : IntAlu : 
3836000: system.cpu: T0 : 0x13d1e    : auipc a5, 100              : IntAlu :  D=0x0000000000077d1e
3837000: system.cpu: T0 : 0x13d22    : addi a5, a5, 742           : IntAlu :  D=0x0000000000078004
3837500: system.cpu: T0 : 0x13d26    : c_lw a5, 0(a5)             : MemRead :  D=0x0000000000000005 A=0x78004
3838000: system.cpu: T0 : 0x13d28    : c_addiw a5, 0              : IntAlu :  D=0x0000000000000005
3838500: system.cpu: T0 : 0x13d2a    : c_mv a4, a5                : IntAlu :  D=0x0000000000000005
3839000: system.cpu: T0 : 0x13d2c    : c_li a5, 4                 : IntAlu :  D=0x0000000000000004
3840000: system.cpu: T0 : 0x13d2e    : bge a5, a4, 294            : IntAlu : 
3841000: system.cpu: T0 : 0x13d32    : addi a5, gp, -960          : IntAlu :  D=0x0000000000079c88
3841500: system.cpu: T0 : 0x13d36    : c_lw a5, 0(a5)             : MemRead :  D=0x0000000000000000 A=0x79c88
3842000: system.cpu: T0 : 0x13d38    : c_addiw a5, 0              : IntAlu :  D=0x0000000000000000
3842500: system.cpu: T0 : 0x13d3a    : c_mv a4, a5                : IntAlu :  D=0x0000000000000000
3843000: system.cpu: T0 : 0x13d3c    : c_li a5, 3                 : IntAlu :  D=0x0000000000000003
3844000: system.cpu: T0 : 0x13d3e    : blt a5, a4, 278            : IntAlu : 
3845000: system.cpu: T0 : 0x13d42    : auipc a5, 102              : IntAlu :  D=0x0000000000079d42
3846000: system.cpu: T0 : 0x13d46    : ld a5, -1290(a5)           : MemRead :  D=0x000000000007a9c8 A=0x79838
3846500: system.cpu: T0 : 0x13d4a    : c_ld a4, 24(a5)            : MemRead :  D=0x0000000000000000 A=0x7a9e0
3847000: system.cpu: T0 : 0x13d4c    : auipc a5, 102              : IntAlu :  D=0x0000000000079d4c
3847500: system.cpu: T0 : 0x13d50    : ld a5, -1300(a5)           : MemRead :  D=0x000000000007a9c8 A=0x79838
3848000: system.cpu: T0 : 0x13d54    : c_ld a5, 32(a5)            : MemRead :  D=0x0000000000000000 A=0x7a9e8
3849000: system.cpu: T0 : 0x13d56    : bne a4, a5, 254            : IntAlu : 
3850000: system.cpu: T0 : 0x13d5a    : auipc a5, 102              : IntAlu :  D=0x0000000000079d5a
3851000: system.cpu: T0 : 0x13d5e    : ld a5, -1314(a5)           : MemRead :  D=0x000000000007a9c8 A=0x79838
3851500: system.cpu: T0 : 0x13d62    : c_ld a4, 24(a5)            : MemRead :  D=0x0000000000000000 A=0x7a9e0
3852000: system.cpu: T0 : 0x13d64    : auipc a5, 102              : IntAlu :  D=0x0000000000079d64
3852500: system.cpu: T0 : 0x13d68    : ld a5, -1324(a5)           : MemRead :  D=0x000000000007a9c8 A=0x79838
3853000: system.cpu: T0 : 0x13d6c    : c_ld a5, 16(a5)            : MemRead :  D=0x0000000000000000 A=0x7a9d8
3854000: system.cpu: T0 : 0x13d6e    : bne a4, a5, 230            : IntAlu : 
3855000: system.cpu: T0 : 0x13d72    : auipc a5, 102              : IntAlu :  D=0x0000000000079d72
3856000: system.cpu: T0 : 0x13d76    : ld a5, -1338(a5)           : MemRead :  D=0x000000000007a9c8 A=0x79838
3856500: system.cpu: T0 : 0x13d7a    : c_ld a5, 0(a5)             : MemRead :  D=0x0000000000000000 A=0x7a9c8
3857000: system.cpu: T0 : 0x13d7c    : c_lui a3, 1048575          : IntAlu :  D=0xfffffffffffff000
3858000: system.cpu: T0 : 0x13d7e    : addi a4, a3, 2040          : IntAlu :  D=0xfffffffffffff7f8
3858500: system.cpu: T0 : 0x13d82    : c_add a4, s0               : IntAlu :  D=0x7ffffffffffff5e8
3859000: system.cpu: T0 : 0x13d84    : c_sd a5, 0(a4)             : MemWrite :  D=0x0000000000000000 A=0x7ffffffffffff5e8
3860000: system.cpu: T0 : 0x13d86    : auipc a5, 102              : IntAlu :  D=0x0000000000079d86
3861000: system.cpu: T0 : 0x13d8a    : ld a5, -1358(a5)           : MemRead :  D=0x000000000007a9c8 A=0x79838
3861500: system.cpu: T0 : 0x13d8e    : c_ld a5, 24(a5)            : MemRead :  D=0x0000000000000000 A=0x7a9e0
3862000: system.cpu: T0 : 0x13d90    : sd a5, -2048(s0)           : MemWrite :  D=0x0000000000000000 A=0x7ffffffffffff5f0
3862500: system.cpu: T0 : 0x13d94    : ld a4, -2048(s0)           : MemRead :  D=0x0000000000000000 A=0x7ffffffffffff5f0
3863000: system.cpu: T0 : 0x13d98    : addi a5, a3, 2040          : IntAlu :  D=0xfffffffffffff7f8
3863500: system.cpu: T0 : 0x13d9c    : c_add a5, s0               : IntAlu :  D=0x7ffffffffffff5e8
3864000: system.cpu: T0 : 0x13d9e    : c_ld a5, 0(a5)             : MemRead :  D=0x0000000000000000 A=0x7ffffffffffff5e8
3864500: system.cpu: T0 : 0x13da0    : bge a5, a4, 180            : IntAlu : 
3865000: system.cpu: T0 : 0x13e54    : auipc a5, 100              : IntAlu :  D=0x0000000000077e54
3865500: system.cpu: T0 : 0x13e58    : addi a5, a5, 432           : IntAlu :  D=0x0000000000078004
3866000: system.cpu: T0 : 0x13e5c    : c_lw a5, 0(a5)             : MemRead :  D=0x0000000000000005 A=0x78004
3866500: system.cpu: T0 : 0x13e5e    : c_addiw a5, 0              : IntAlu :  D=0x0000000000000005
3867000: system.cpu: T0 : 0x13e60    : c_mv a4, a5                : IntAlu :  D=0x0000000000000005
3867500: system.cpu: T0 : 0x13e62    : c_li a5, 4                 : IntAlu :  D=0x0000000000000004
3868000: system.cpu: T0 : 0x13e64    : bge a5, a4, 276            : IntAlu : 
3868500: system.cpu: T0 : 0x13e68    : addi a5, gp, -960          : IntAlu :  D=0x0000000000079c88
3869000: system.cpu: T0 : 0x13e6c    : c_lw a5, 0(a5)             : MemRead :  D=0x0000000000000000 A=0x79c88
3869500: system.cpu: T0 : 0x13e6e    : c_addiw a5, 0              : IntAlu :  D=0x0000000000000000
3870000: system.cpu: T0 : 0x13e70    : c_mv a4, a5                : IntAlu :  D=0x0000000000000000
3870500: system.cpu: T0 : 0x13e72    : c_li a5, 3                 : IntAlu :  D=0x0000000000000003
3871000: system.cpu: T0 : 0x13e74    : blt a5, a4, 260            : IntAlu : 
3871500: system.cpu: T0 : 0x13e78    : auipc a5, 102              : IntAlu :  D=0x0000000000079e78
3872000: system.cpu: T0 : 0x13e7c    : ld a5, -1600(a5)           : MemRead :  D=0x000000000007a9c8 A=0x79838
3872500: system.cpu: T0 : 0x13e80    : c_ld a4, 32(a5)            : MemRead :  D=0x0000000000000000 A=0x7a9e8
3873500: system.cpu: T0 : 0x13e82    : auipc a5, 102              : IntAlu :  D=0x0000000000079e82
3874500: system.cpu: T0 : 0x13e86    : ld a5, -1610(a5)           : MemRead :  D=0x000000000007a9c8 A=0x79838
3875000: system.cpu: T0 : 0x13e8a    : c_ld a5, 8(a5)             : MemRead :  D=0x0000000000000000 A=0x7a9d0
3875500: system.cpu: T0 : 0x13e8c    : bne a4, a5, 236            : IntAlu : 
3876000: system.cpu: T0 : 0x13e90    : auipc a5, 102              : IntAlu :  D=0x0000000000079e90
3876500: system.cpu: T0 : 0x13e94    : ld a5, -1624(a5)           : MemRead :  D=0x000000000007a9c8 A=0x79838
3877000: system.cpu: T0 : 0x13e98    : c_ld a4, 32(a5)            : MemRead :  D=0x0000000000000000 A=0x7a9e8
3878000: system.cpu: T0 : 0x13e9a    : auipc a5, 102              : IntAlu :  D=0x0000000000079e9a
3879000: system.cpu: T0 : 0x13e9e    : ld a5, -1634(a5)           : MemRead :  D=0x000000000007a9c8 A=0x79838
3879500: system.cpu: T0 : 0x13ea2    : c_ld a5, 16(a5)            : MemRead :  D=0x0000000000000000 A=0x7a9d8
3880000: system.cpu: T0 : 0x13ea4    : bne a4, a5, 212            : IntAlu : 
3880500: system.cpu: T0 : 0x13ea8    : auipc a5, 102              : IntAlu :  D=0x0000000000079ea8
3881000: system.cpu: T0 : 0x13eac    : ld a5, -1648(a5)           : MemRead :  D=0x000000000007a9c8 A=0x79838
3881500: system.cpu: T0 : 0x13eb0    : c_ld a5, 0(a5)             : MemRead :  D=0x0000000000000000 A=0x7a9c8
3882500: system.cpu: T0 : 0x13eb2    : sd a5, -2032(s0)           : MemWrite :  D=0x0000000000000000 A=0x7ffffffffffff600
3883500: system.cpu: T0 : 0x13eb6    : auipc a5, 102              : IntAlu :  D=0x0000000000079eb6
3884500: system.cpu: T0 : 0x13eba    : ld a5, -1662(a5)           : MemRead :  D=0x000000000007a9c8 A=0x79838
3885000: system.cpu: T0 : 0x13ebe    : c_ld a5, 32(a5)            : MemRead :  D=0x0000000000000000 A=0x7a9e8
3885500: system.cpu: T0 : 0x13ec0    : sd a5, -2024(s0)           : MemWrite :  D=0x0000000000000000 A=0x7ffffffffffff608
3886000: system.cpu: T0 : 0x13ec4    : ld a4, -2024(s0)           : MemRead :  D=0x0000000000000000 A=0x7ffffffffffff608
3886500: system.cpu: T0 : 0x13ec8    : ld a5, -2032(s0)           : MemRead :  D=0x0000000000000000 A=0x7ffffffffffff600
3887000: system.cpu: T0 : 0x13ecc    : bge a5, a4, 172            : IntAlu : 
3887500: system.cpu: T0 : 0x13f78    : auipc a5, 100              : IntAlu :  D=0x0000000000077f78
3888000: system.cpu: T0 : 0x13f7c    : addi a5, a5, 140           : IntAlu :  D=0x0000000000078004
3888500: system.cpu: T0 : 0x13f80    : c_lw a5, 0(a5)             : MemRead :  D=0x0000000000000005 A=0x78004
3889000: system.cpu: T0 : 0x13f82    : c_addiw a5, 0              : IntAlu :  D=0x0000000000000005
3889500: system.cpu: T0 : 0x13f84    : c_mv a4, a5                : IntAlu :  D=0x0000000000000005
3890000: system.cpu: T0 : 0x13f86    : c_li a5, 4                 : IntAlu :  D=0x0000000000000004
3890500: system.cpu: T0 : 0x13f88    : bge a5, a4, 276            : IntAlu : 
3891000: system.cpu: T0 : 0x13f8c    : addi a5, gp, -960          : IntAlu :  D=0x0000000000079c88
3891500: system.cpu: T0 : 0x13f90    : c_lw a5, 0(a5)             : MemRead :  D=0x0000000000000000 A=0x79c88
3892000: system.cpu: T0 : 0x13f92    : c_addiw a5, 0              : IntAlu :  D=0x0000000000000000
3892500: system.cpu: T0 : 0x13f94    : c_mv a4, a5                : IntAlu :  D=0x0000000000000000
3893000: system.cpu: T0 : 0x13f96    : c_li a5, 3                 : IntAlu :  D=0x0000000000000003
3893500: system.cpu: T0 : 0x13f98    : blt a5, a4, 260            : IntAlu : 
3894000: system.cpu: T0 : 0x13f9c    : auipc a5, 102              : IntAlu :  D=0x0000000000079f9c
3894500: system.cpu: T0 : 0x13fa0    : ld a5, -1892(a5)           : MemRead :  D=0x000000000007a9c8 A=0x79838
3895000: system.cpu: T0 : 0x13fa4    : c_ld a4, 32(a5)            : MemRead :  D=0x0000000000000000 A=0x7a9e8
3896000: system.cpu: T0 : 0x13fa6    : auipc a5, 102              : IntAlu :  D=0x0000000000079fa6
3897000: system.cpu: T0 : 0x13faa    : ld a5, -1902(a5)           : MemRead :  D=0x000000000007a9c8 A=0x79838
3897500: system.cpu: T0 : 0x13fae    : c_ld a5, 8(a5)             : MemRead :  D=0x0000000000000000 A=0x7a9d0
3898000: system.cpu: T0 : 0x13fb0    : bne a4, a5, 236            : IntAlu : 
3898500: system.cpu: T0 : 0x13fb4    : auipc a5, 102              : IntAlu :  D=0x0000000000079fb4
3899000: system.cpu: T0 : 0x13fb8    : ld a5, -1916(a5)           : MemRead :  D=0x000000000007a9c8 A=0x79838
3899500: system.cpu: T0 : 0x13fbc    : c_ld a4, 32(a5)            : MemRead :  D=0x0000000000000000 A=0x7a9e8
3900500: system.cpu: T0 : 0x13fbe    : auipc a5, 102              : IntAlu :  D=0x0000000000079fbe
3901500: system.cpu: T0 : 0x13fc2    : ld a5, -1926(a5)           : MemRead :  D=0x000000000007a9c8 A=0x79838
3902000: system.cpu: T0 : 0x13fc6    : c_ld a5, 24(a5)            : MemRead :  D=0x0000000000000000 A=0x7a9e0
3902500: system.cpu: T0 : 0x13fc8    : bne a4, a5, 212            : IntAlu : 
3903000: system.cpu: T0 : 0x13fcc    : auipc a5, 102              : IntAlu :  D=0x0000000000079fcc
3903500: system.cpu: T0 : 0x13fd0    : ld a5, -1940(a5)           : MemRead :  D=0x000000000007a9c8 A=0x79838
3904000: system.cpu: T0 : 0x13fd4    : c_ld a5, 0(a5)             : MemRead :  D=0x0000000000000000 A=0x7a9c8
3905000: system.cpu: T0 : 0x13fd6    : sd a5, -2008(s0)           : MemWrite :  D=0x0000000000000000 A=0x7ffffffffffff618
3906000: system.cpu: T0 : 0x13fda    : auipc a5, 102              : IntAlu :  D=0x0000000000079fda
3907000: system.cpu: T0 : 0x13fde    : ld a5, -1954(a5)           : MemRead :  D=0x000000000007a9c8 A=0x79838
3907500: system.cpu: T0 : 0x13fe2    : c_ld a5, 32(a5)            : MemRead :  D=0x0000000000000000 A=0x7a9e8
3908000: system.cpu: T0 : 0x13fe4    : sd a5, -2000(s0)           : MemWrite :  D=0x0000000000000000 A=0x7ffffffffffff620
3908500: system.cpu: T0 : 0x13fe8    : ld a4, -2000(s0)           : MemRead :  D=0x0000000000000000 A=0x7ffffffffffff620
3909000: system.cpu: T0 : 0x13fec    : ld a5, -2008(s0)           : MemRead :  D=0x0000000000000000 A=0x7ffffffffffff618
3909500: system.cpu: T0 : 0x13ff0    : bge a5, a4, 172            : IntAlu : 
3910000: system.cpu: T0 : 0x1409c    : auipc a5, 100              : IntAlu :  D=0x000000000007809c
3910500: system.cpu: T0 : 0x140a0    : addi a5, a5, -152          : IntAlu :  D=0x0000000000078004
3911000: system.cpu: T0 : 0x140a4    : c_lw a5, 0(a5)             : MemRead :  D=0x0000000000000005 A=0x78004
3911500: system.cpu: T0 : 0x140a6    : c_addiw a5, 0              : IntAlu :  D=0x0000000000000005
3912000: system.cpu: T0 : 0x140a8    : c_mv a4, a5                : IntAlu :  D=0x0000000000000005
3912500: system.cpu: T0 : 0x140aa    : c_li a5, 4                 : IntAlu :  D=0x0000000000000004
3913000: system.cpu: T0 : 0x140ac    : bge a5, a4, 276            : IntAlu : 
3913500: system.cpu: T0 : 0x140b0    : addi a5, gp, -960          : IntAlu :  D=0x0000000000079c88
3914000: system.cpu: T0 : 0x140b4    : c_lw a5, 0(a5)             : MemRead :  D=0x0000000000000000 A=0x79c88
3914500: system.cpu: T0 : 0x140b6    : c_addiw a5, 0              : IntAlu :  D=0x0000000000000000
3915000: system.cpu: T0 : 0x140b8    : c_mv a4, a5                : IntAlu :  D=0x0000000000000000
3915500: system.cpu: T0 : 0x140ba    : c_li a5, 3                 : IntAlu :  D=0x0000000000000003
3916000: system.cpu: T0 : 0x140bc    : blt a5, a4, 260            : IntAlu : 
3916500: system.cpu: T0 : 0x140c0    : auipc a5, 101              : IntAlu :  D=0x00000000000790c0
3917000: system.cpu: T0 : 0x140c4    : ld a5, 1912(a5)            : MemRead :  D=0x000000000007a9c8 A=0x79838
3917500: system.cpu: T0 : 0x140c8    : c_ld a4, 32(a5)            : MemRead :  D=0x0000000000000000 A=0x7a9e8
3918500: system.cpu: T0 : 0x140ca    : auipc a5, 101              : IntAlu :  D=0x00000000000790ca
3919500: system.cpu: T0 : 0x140ce    : ld a5, 1902(a5)            : MemRead :  D=0x000000000007a9c8 A=0x79838
3920000: system.cpu: T0 : 0x140d2    : c_ld a5, 16(a5)            : MemRead :  D=0x0000000000000000 A=0x7a9d8
3920500: system.cpu: T0 : 0x140d4    : bne a4, a5, 236            : IntAlu : 
3921000: system.cpu: T0 : 0x140d8    : auipc a5, 101              : IntAlu :  D=0x00000000000790d8
3921500: system.cpu: T0 : 0x140dc    : ld a5, 1888(a5)            : MemRead :  D=0x000000000007a9c8 A=0x79838
3922000: system.cpu: T0 : 0x140e0    : c_ld a4, 32(a5)            : MemRead :  D=0x0000000000000000 A=0x7a9e8
3923000: system.cpu: T0 : 0x140e2    : auipc a5, 101              : IntAlu :  D=0x00000000000790e2
3924000: system.cpu: T0 : 0x140e6    : ld a5, 1878(a5)            : MemRead :  D=0x000000000007a9c8 A=0x79838
3924500: system.cpu: T0 : 0x140ea    : c_ld a5, 8(a5)             : MemRead :  D=0x0000000000000000 A=0x7a9d0
3925000: system.cpu: T0 : 0x140ec    : bne a4, a5, 212            : IntAlu : 
3925500: system.cpu: T0 : 0x140f0    : auipc a5, 101              : IntAlu :  D=0x00000000000790f0
3926000: system.cpu: T0 : 0x140f4    : ld a5, 1864(a5)            : MemRead :  D=0x000000000007a9c8 A=0x79838
3926500: system.cpu: T0 : 0x140f8    : c_ld a5, 0(a5)             : MemRead :  D=0x0000000000000000 A=0x7a9c8
3927500: system.cpu: T0 : 0x140fa    : sd a5, -1984(s0)           : MemWrite :  D=0x0000000000000000 A=0x7ffffffffffff630
3928500: system.cpu: T0 : 0x140fe    : auipc a5, 101              : IntAlu :  D=0x00000000000790fe
3929500: system.cpu: T0 : 0x14102    : ld a5, 1850(a5)            : MemRead :  D=0x000000000007a9c8 A=0x79838
3930000: system.cpu: T0 : 0x14106    : c_ld a5, 32(a5)            : MemRead :  D=0x0000000000000000 A=0x7a9e8
3930500: system.cpu: T0 : 0x14108    : sd a5, -1976(s0)           : MemWrite :  D=0x0000000000000000 A=0x7ffffffffffff638
3931000: system.cpu: T0 : 0x1410c    : ld a4, -1976(s0)           : MemRead :  D=0x0000000000000000 A=0x7ffffffffffff638
3931500: system.cpu: T0 : 0x14110    : ld a5, -1984(s0)           : MemRead :  D=0x0000000000000000 A=0x7ffffffffffff630
3932000: system.cpu: T0 : 0x14114    : bge a5, a4, 172            : IntAlu : 
3932500: system.cpu: T0 : 0x141c0    : auipc a5, 100              : IntAlu :  D=0x00000000000781c0
3933000: system.cpu: T0 : 0x141c4    : addi a5, a5, -444          : IntAlu :  D=0x0000000000078004
3933500: system.cpu: T0 : 0x141c8    : c_lw a5, 0(a5)             : MemRead :  D=0x0000000000000005 A=0x78004
3934000: system.cpu: T0 : 0x141ca    : c_addiw a5, 0              : IntAlu :  D=0x0000000000000005
3934500: system.cpu: T0 : 0x141cc    : c_mv a4, a5                : IntAlu :  D=0x0000000000000005
3935000: system.cpu: T0 : 0x141ce    : c_li a5, 4                 : IntAlu :  D=0x0000000000000004
3935500: system.cpu: T0 : 0x141d0    : bge a5, a4, 276            : IntAlu : 
3936000: system.cpu: T0 : 0x141d4    : addi a5, gp, -960          : IntAlu :  D=0x0000000000079c88
3936500: system.cpu: T0 : 0x141d8    : c_lw a5, 0(a5)             : MemRead :  D=0x0000000000000000 A=0x79c88
3937000: system.cpu: T0 : 0x141da    : c_addiw a5, 0              : IntAlu :  D=0x0000000000000000
3937500: system.cpu: T0 : 0x141dc    : c_mv a4, a5                : IntAlu :  D=0x0000000000000000
3938000: system.cpu: T0 : 0x141de    : c_li a5, 3                 : IntAlu :  D=0x0000000000000003
3938500: system.cpu: T0 : 0x141e0    : blt a5, a4, 260            : IntAlu : 
3939000: system.cpu: T0 : 0x141e4    : auipc a5, 101              : IntAlu :  D=0x00000000000791e4
3939500: system.cpu: T0 : 0x141e8    : ld a5, 1620(a5)            : MemRead :  D=0x000000000007a9c8 A=0x79838
3940000: system.cpu: T0 : 0x141ec    : c_ld a4, 32(a5)            : MemRead :  D=0x0000000000000000 A=0x7a9e8
3941000: system.cpu: T0 : 0x141ee    : auipc a5, 101              : IntAlu :  D=0x00000000000791ee
3942000: system.cpu: T0 : 0x141f2    : ld a5, 1610(a5)            : MemRead :  D=0x000000000007a9c8 A=0x79838
3942500: system.cpu: T0 : 0x141f6    : c_ld a5, 16(a5)            : MemRead :  D=0x0000000000000000 A=0x7a9d8
3943000: system.cpu: T0 : 0x141f8    : bne a4, a5, 236            : IntAlu : 
3943500: system.cpu: T0 : 0x141fc    : auipc a5, 101              : IntAlu :  D=0x00000000000791fc
3944000: system.cpu: T0 : 0x14200    : ld a5, 1596(a5)            : MemRead :  D=0x000000000007a9c8 A=0x79838
3944500: system.cpu: T0 : 0x14204    : c_ld a4, 32(a5)            : MemRead :  D=0x0000000000000000 A=0x7a9e8
3945500: system.cpu: T0 : 0x14206    : auipc a5, 101              : IntAlu :  D=0x0000000000079206
3946500: system.cpu: T0 : 0x1420a    : ld a5, 1586(a5)            : MemRead :  D=0x000000000007a9c8 A=0x79838
3947000: system.cpu: T0 : 0x1420e    : c_ld a5, 24(a5)            : MemRead :  D=0x0000000000000000 A=0x7a9e0
3947500: system.cpu: T0 : 0x14210    : bne a4, a5, 212            : IntAlu : 
3948000: system.cpu: T0 : 0x14214    : auipc a5, 101              : IntAlu :  D=0x0000000000079214
3948500: system.cpu: T0 : 0x14218    : ld a5, 1572(a5)            : MemRead :  D=0x000000000007a9c8 A=0x79838
3949000: system.cpu: T0 : 0x1421c    : c_ld a5, 0(a5)             : MemRead :  D=0x0000000000000000 A=0x7a9c8
3950000: system.cpu: T0 : 0x1421e    : sd a5, -1960(s0)           : MemWrite :  D=0x0000000000000000 A=0x7ffffffffffff648
3951000: system.cpu: T0 : 0x14222    : auipc a5, 101              : IntAlu :  D=0x0000000000079222
3952000: system.cpu: T0 : 0x14226    : ld a5, 1558(a5)            : MemRead :  D=0x000000000007a9c8 A=0x79838
3952500: system.cpu: T0 : 0x1422a    : c_ld a5, 32(a5)            : MemRead :  D=0x0000000000000000 A=0x7a9e8
3953000: system.cpu: T0 : 0x1422c    : sd a5, -1952(s0)           : MemWrite :  D=0x0000000000000000 A=0x7ffffffffffff650
3953500: system.cpu: T0 : 0x14230    : ld a4, -1952(s0)           : MemRead :  D=0x0000000000000000 A=0x7ffffffffffff650
3954000: system.cpu: T0 : 0x14234    : ld a5, -1960(s0)           : MemRead :  D=0x0000000000000000 A=0x7ffffffffffff648
3954500: system.cpu: T0 : 0x14238    : bge a5, a4, 172            : IntAlu : 
3955000: system.cpu: T0 : 0x142e4    : auipc a5, 100              : IntAlu :  D=0x00000000000782e4
3955500: system.cpu: T0 : 0x142e8    : addi a5, a5, -736          : IntAlu :  D=0x0000000000078004
3956000: system.cpu: T0 : 0x142ec    : c_lw a5, 0(a5)             : MemRead :  D=0x0000000000000005 A=0x78004
3956500: system.cpu: T0 : 0x142ee    : c_addiw a5, 0              : IntAlu :  D=0x0000000000000005
3957000: system.cpu: T0 : 0x142f0    : c_mv a4, a5                : IntAlu :  D=0x0000000000000005
3957500: system.cpu: T0 : 0x142f2    : c_li a5, 4                 : IntAlu :  D=0x0000000000000004
3958000: system.cpu: T0 : 0x142f4    : bge a5, a4, 276            : IntAlu : 
3958500: system.cpu: T0 : 0x142f8    : addi a5, gp, -960          : IntAlu :  D=0x0000000000079c88
3959000: system.cpu: T0 : 0x142fc    : c_lw a5, 0(a5)             : MemRead :  D=0x0000000000000000 A=0x79c88
3959500: system.cpu: T0 : 0x142fe    : c_addiw a5, 0              : IntAlu :  D=0x0000000000000000
3960000: system.cpu: T0 : 0x14300    : c_mv a4, a5                : IntAlu :  D=0x0000000000000000
3960500: system.cpu: T0 : 0x14302    : c_li a5, 3                 : IntAlu :  D=0x0000000000000003
3961000: system.cpu: T0 : 0x14304    : blt a5, a4, 260            : IntAlu : 
3961500: system.cpu: T0 : 0x14308    : auipc a5, 101              : IntAlu :  D=0x0000000000079308
3962000: system.cpu: T0 : 0x1430c    : ld a5, 1328(a5)            : MemRead :  D=0x000000000007a9c8 A=0x79838
3962500: system.cpu: T0 : 0x14310    : c_ld a4, 32(a5)            : MemRead :  D=0x0000000000000000 A=0x7a9e8
3963500: system.cpu: T0 : 0x14312    : auipc a5, 101              : IntAlu :  D=0x0000000000079312
3964500: system.cpu: T0 : 0x14316    : ld a5, 1318(a5)            : MemRead :  D=0x000000000007a9c8 A=0x79838
3965000: system.cpu: T0 : 0x1431a    : c_ld a5, 24(a5)            : MemRead :  D=0x0000000000000000 A=0x7a9e0
3965500: system.cpu: T0 : 0x1431c    : bne a4, a5, 236            : IntAlu : 
3966000: system.cpu: T0 : 0x14320    : auipc a5, 101              : IntAlu :  D=0x0000000000079320
3966500: system.cpu: T0 : 0x14324    : ld a5, 1304(a5)            : MemRead :  D=0x000000000007a9c8 A=0x79838
3967000: system.cpu: T0 : 0x14328    : c_ld a4, 32(a5)            : MemRead :  D=0x0000000000000000 A=0x7a9e8
3968000: system.cpu: T0 : 0x1432a    : auipc a5, 101              : IntAlu :  D=0x000000000007932a
3969000: system.cpu: T0 : 0x1432e    : ld a5, 1294(a5)            : MemRead :  D=0x000000000007a9c8 A=0x79838
3969500: system.cpu: T0 : 0x14332    : c_ld a5, 8(a5)             : MemRead :  D=0x0000000000000000 A=0x7a9d0
3970000: system.cpu: T0 : 0x14334    : bne a4, a5, 212            : IntAlu : 
3970500: system.cpu: T0 : 0x14338    : auipc a5, 101              : IntAlu :  D=0x0000000000079338
3971000: system.cpu: T0 : 0x1433c    : ld a5, 1280(a5)            : MemRead :  D=0x000000000007a9c8 A=0x79838
3971500: system.cpu: T0 : 0x14340    : c_ld a5, 0(a5)             : MemRead :  D=0x0000000000000000 A=0x7a9c8
3972500: system.cpu: T0 : 0x14342    : sd a5, -1936(s0)           : MemWrite :  D=0x0000000000000000 A=0x7ffffffffffff660
3973500: system.cpu: T0 : 0x14346    : auipc a5, 101              : IntAlu :  D=0x0000000000079346
3974500: system.cpu: T0 : 0x1434a    : ld a5, 1266(a5)            : MemRead :  D=0x000000000007a9c8 A=0x79838
3975000: system.cpu: T0 : 0x1434e    : c_ld a5, 32(a5)            : MemRead :  D=0x0000000000000000 A=0x7a9e8
3975500: system.cpu: T0 : 0x14350    : sd a5, -1928(s0)           : MemWrite :  D=0x0000000000000000 A=0x7ffffffffffff668
3976000: system.cpu: T0 : 0x14354    : ld a4, -1928(s0)           : MemRead :  D=0x0000000000000000 A=0x7ffffffffffff668
3976500: system.cpu: T0 : 0x14358    : ld a5, -1936(s0)           : MemRead :  D=0x0000000000000000 A=0x7ffffffffffff660
3977000: system.cpu: T0 : 0x1435c    : bge a5, a4, 172            : IntAlu : 
3977500: system.cpu: T0 : 0x14408    : auipc a5, 100              : IntAlu :  D=0x0000000000078408
3978000: system.cpu: T0 : 0x1440c    : addi a5, a5, -1028         : IntAlu :  D=0x0000000000078004
3978500: system.cpu: T0 : 0x14410    : c_lw a5, 0(a5)             : MemRead :  D=0x0000000000000005 A=0x78004
3979000: system.cpu: T0 : 0x14412    : c_addiw a5, 0              : IntAlu :  D=0x0000000000000005
3979500: system.cpu: T0 : 0x14414    : c_mv a4, a5                : IntAlu :  D=0x0000000000000005
3980000: system.cpu: T0 : 0x14416    : c_li a5, 4                 : IntAlu :  D=0x0000000000000004
3980500: system.cpu: T0 : 0x14418    : bge a5, a4, 276            : IntAlu : 
3981000: system.cpu: T0 : 0x1441c    : addi a5, gp, -960          : IntAlu :  D=0x0000000000079c88
3981500: system.cpu: T0 : 0x14420    : c_lw a5, 0(a5)             : MemRead :  D=0x0000000000000000 A=0x79c88
3982000: system.cpu: T0 : 0x14422    : c_addiw a5, 0              : IntAlu :  D=0x0000000000000000
3982500: system.cpu: T0 : 0x14424    : c_mv a4, a5                : IntAlu :  D=0x0000000000000000
3983000: system.cpu: T0 : 0x14426    : c_li a5, 3                 : IntAlu :  D=0x0000000000000003
3983500: system.cpu: T0 : 0x14428    : blt a5, a4, 260            : IntAlu : 
3984000: system.cpu: T0 : 0x1442c    : auipc a5, 101              : IntAlu :  D=0x000000000007942c
3984500: system.cpu: T0 : 0x14430    : ld a5, 1036(a5)            : MemRead :  D=0x000000000007a9c8 A=0x79838
3985000: system.cpu: T0 : 0x14434    : c_ld a4, 32(a5)            : MemRead :  D=0x0000000000000000 A=0x7a9e8
3986000: system.cpu: T0 : 0x14436    : auipc a5, 101              : IntAlu :  D=0x0000000000079436
3987000: system.cpu: T0 : 0x1443a    : ld a5, 1026(a5)            : MemRead :  D=0x000000000007a9c8 A=0x79838
3987500: system.cpu: T0 : 0x1443e    : c_ld a5, 24(a5)            : MemRead :  D=0x0000000000000000 A=0x7a9e0
3988000: system.cpu: T0 : 0x14440    : bne a4, a5, 236            : IntAlu : 
3988500: system.cpu: T0 : 0x14444    : auipc a5, 101              : IntAlu :  D=0x0000000000079444
3989000: system.cpu: T0 : 0x14448    : ld a5, 1012(a5)            : MemRead :  D=0x000000000007a9c8 A=0x79838
3989500: system.cpu: T0 : 0x1444c    : c_ld a4, 32(a5)            : MemRead :  D=0x0000000000000000 A=0x7a9e8
3990500: system.cpu: T0 : 0x1444e    : auipc a5, 101              : IntAlu :  D=0x000000000007944e
3991500: system.cpu: T0 : 0x14452    : ld a5, 1002(a5)            : MemRead :  D=0x000000000007a9c8 A=0x79838
3992000: system.cpu: T0 : 0x14456    : c_ld a5, 16(a5)            : MemRead :  D=0x0000000000000000 A=0x7a9d8
3992500: system.cpu: T0 : 0x14458    : bne a4, a5, 212            : IntAlu : 
3993000: system.cpu: T0 : 0x1445c    : auipc a5, 101              : IntAlu :  D=0x000000000007945c
3993500: system.cpu: T0 : 0x14460    : ld a5, 988(a5)             : MemRead :  D=0x000000000007a9c8 A=0x79838
3994000: system.cpu: T0 : 0x14464    : c_ld a5, 0(a5)             : MemRead :  D=0x0000000000000000 A=0x7a9c8
3995000: system.cpu: T0 : 0x14466    : sd a5, -1912(s0)           : MemWrite :  D=0x0000000000000000 A=0x7ffffffffffff678
3996000: system.cpu: T0 : 0x1446a    : auipc a5, 101              : IntAlu :  D=0x000000000007946a
3997000: system.cpu: T0 : 0x1446e    : ld a5, 974(a5)             : MemRead :  D=0x000000000007a9c8 A=0x79838
3997500: system.cpu: T0 : 0x14472    : c_ld a5, 32(a5)            : MemRead :  D=0x0000000000000000 A=0x7a9e8
3998000: system.cpu: T0 : 0x14474    : sd a5, -1904(s0)           : MemWrite :  D=0x0000000000000000 A=0x7ffffffffffff680
3998500: system.cpu: T0 : 0x14478    : ld a4, -1904(s0)           : MemRead :  D=0x0000000000000000 A=0x7ffffffffffff680
3999000: system.cpu: T0 : 0x1447c    : ld a5, -1912(s0)           : MemRead :  D=0x0000000000000000 A=0x7ffffffffffff678
3999500: system.cpu: T0 : 0x14480    : bge a5, a4, 172            : IntAlu : 
4000000: system.cpu: T0 : 0x1452c    : auipc a5, 100              : IntAlu :  D=0x000000000007852c
4000500: system.cpu: T0 : 0x14530    : addi a5, a5, -1320         : IntAlu :  D=0x0000000000078004
4001000: system.cpu: T0 : 0x14534    : c_lw a5, 0(a5)             : MemRead :  D=0x0000000000000005 A=0x78004
4001500: system.cpu: T0 : 0x14536    : c_addiw a5, 0              : IntAlu :  D=0x0000000000000005
4002000: system.cpu: T0 : 0x14538    : c_mv a4, a5                : IntAlu :  D=0x0000000000000005
4002500: system.cpu: T0 : 0x1453a    : c_li a5, 4                 : IntAlu :  D=0x0000000000000004
4003000: system.cpu: T0 : 0x1453c    : bge a5, a4, 276            : IntAlu : 
4003500: system.cpu: T0 : 0x14540    : addi a5, gp, -960          : IntAlu :  D=0x0000000000079c88
4004000: system.cpu: T0 : 0x14544    : c_lw a5, 0(a5)             : MemRead :  D=0x0000000000000000 A=0x79c88
4004500: system.cpu: T0 : 0x14546    : c_addiw a5, 0              : IntAlu :  D=0x0000000000000000
4005000: system.cpu: T0 : 0x14548    : c_mv a4, a5                : IntAlu :  D=0x0000000000000000
4005500: system.cpu: T0 : 0x1454a    : c_li a5, 3                 : IntAlu :  D=0x0000000000000003
4006000: system.cpu: T0 : 0x1454c    : blt a5, a4, 260            : IntAlu : 
4006500: system.cpu: T0 : 0x14550    : auipc a5, 101              : IntAlu :  D=0x0000000000079550
4007000: system.cpu: T0 : 0x14554    : ld a5, 744(a5)             : MemRead :  D=0x000000000007a9c8 A=0x79838
4007500: system.cpu: T0 : 0x14558    : c_ld a4, 0(a5)             : MemRead :  D=0x0000000000000000 A=0x7a9c8
4008500: system.cpu: T0 : 0x1455a    : auipc a5, 101              : IntAlu :  D=0x000000000007955a
4009500: system.cpu: T0 : 0x1455e    : ld a5, 734(a5)             : MemRead :  D=0x000000000007a9c8 A=0x79838
4010000: system.cpu: T0 : 0x14562    : c_ld a5, 16(a5)            : MemRead :  D=0x0000000000000000 A=0x7a9d8
4010500: system.cpu: T0 : 0x14564    : bne a4, a5, 236            : IntAlu : 
4011000: system.cpu: T0 : 0x14568    : auipc a5, 101              : IntAlu :  D=0x0000000000079568
4011500: system.cpu: T0 : 0x1456c    : ld a5, 720(a5)             : MemRead :  D=0x000000000007a9c8 A=0x79838
4012000: system.cpu: T0 : 0x14570    : c_ld a4, 0(a5)             : MemRead :  D=0x0000000000000000 A=0x7a9c8
4013000: system.cpu: T0 : 0x14572    : auipc a5, 101              : IntAlu :  D=0x0000000000079572
4014000: system.cpu: T0 : 0x14576    : ld a5, 710(a5)             : MemRead :  D=0x000000000007a9c8 A=0x79838
4014500: system.cpu: T0 : 0x1457a    : c_ld a5, 32(a5)            : MemRead :  D=0x0000000000000000 A=0x7a9e8
4015000: system.cpu: T0 : 0x1457c    : bne a4, a5, 212            : IntAlu : 
4015500: system.cpu: T0 : 0x14580    : auipc a5, 101              : IntAlu :  D=0x0000000000079580
4016000: system.cpu: T0 : 0x14584    : ld a5, 696(a5)             : MemRead :  D=0x000000000007a9c8 A=0x79838
4016500: system.cpu: T0 : 0x14588    : c_ld a5, 8(a5)             : MemRead :  D=0x0000000000000000 A=0x7a9d0
4017500: system.cpu: T0 : 0x1458a    : sd a5, -1888(s0)           : MemWrite :  D=0x0000000000000000 A=0x7ffffffffffff690
4018500: system.cpu: T0 : 0x1458e    : auipc a5, 101              : IntAlu :  D=0x000000000007958e
4019500: system.cpu: T0 : 0x14592    : ld a5, 682(a5)             : MemRead :  D=0x000000000007a9c8 A=0x79838
4020000: system.cpu: T0 : 0x14596    : c_ld a5, 0(a5)             : MemRead :  D=0x0000000000000000 A=0x7a9c8
4020500: system.cpu: T0 : 0x14598    : sd a5, -1880(s0)           : MemWrite :  D=0x0000000000000000 A=0x7ffffffffffff698
4021000: system.cpu: T0 : 0x1459c    : ld a4, -1880(s0)           : MemRead :  D=0x0000000000000000 A=0x7ffffffffffff698
4021500: system.cpu: T0 : 0x145a0    : ld a5, -1888(s0)           : MemRead :  D=0x0000000000000000 A=0x7ffffffffffff690
4022000: system.cpu: T0 : 0x145a4    : bge a5, a4, 172            : IntAlu : 
4022500: system.cpu: T0 : 0x14650    : auipc a5, 100              : IntAlu :  D=0x0000000000078650
4023000: system.cpu: T0 : 0x14654    : addi a5, a5, -1612         : IntAlu :  D=0x0000000000078004
4023500: system.cpu: T0 : 0x14658    : c_lw a5, 0(a5)             : MemRead :  D=0x0000000000000005 A=0x78004
4024000: system.cpu: T0 : 0x1465a    : c_addiw a5, 0              : IntAlu :  D=0x0000000000000005
4024500: system.cpu: T0 : 0x1465c    : c_mv a4, a5                : IntAlu :  D=0x0000000000000005
4025000: system.cpu: T0 : 0x1465e    : c_li a5, 4                 : IntAlu :  D=0x0000000000000004
4025500: system.cpu: T0 : 0x14660    : bge a5, a4, 276            : IntAlu : 
4026000: system.cpu: T0 : 0x14664    : addi a5, gp, -960          : IntAlu :  D=0x0000000000079c88
4026500: system.cpu: T0 : 0x14668    : c_lw a5, 0(a5)             : MemRead :  D=0x0000000000000000 A=0x79c88
4027000: system.cpu: T0 : 0x1466a    : c_addiw a5, 0              : IntAlu :  D=0x0000000000000000
4027500: system.cpu: T0 : 0x1466c    : c_mv a4, a5                : IntAlu :  D=0x0000000000000000
4028000: system.cpu: T0 : 0x1466e    : c_li a5, 3                 : IntAlu :  D=0x0000000000000003
4028500: system.cpu: T0 : 0x14670    : blt a5, a4, 260            : IntAlu : 
4029000: system.cpu: T0 : 0x14674    : auipc a5, 101              : IntAlu :  D=0x0000000000079674
4029500: system.cpu: T0 : 0x14678    : ld a5, 452(a5)             : MemRead :  D=0x000000000007a9c8 A=0x79838
4030000: system.cpu: T0 : 0x1467c    : c_ld a4, 0(a5)             : MemRead :  D=0x0000000000000000 A=0x7a9c8
4031000: system.cpu: T0 : 0x1467e    : auipc a5, 101              : IntAlu :  D=0x000000000007967e
4032000: system.cpu: T0 : 0x14682    : ld a5, 442(a5)             : MemRead :  D=0x000000000007a9c8 A=0x79838
4032500: system.cpu: T0 : 0x14686    : c_ld a5, 24(a5)            : MemRead :  D=0x0000000000000000 A=0x7a9e0
4033000: system.cpu: T0 : 0x14688    : bne a4, a5, 236            : IntAlu : 
4033500: system.cpu: T0 : 0x1468c    : auipc a5, 101              : IntAlu :  D=0x000000000007968c
4034000: system.cpu: T0 : 0x14690    : ld a5, 428(a5)             : MemRead :  D=0x000000000007a9c8 A=0x79838
4034500: system.cpu: T0 : 0x14694    : c_ld a4, 0(a5)             : MemRead :  D=0x0000000000000000 A=0x7a9c8
4035500: system.cpu: T0 : 0x14696    : auipc a5, 101              : IntAlu :  D=0x0000000000079696
4036500: system.cpu: T0 : 0x1469a    : ld a5, 418(a5)             : MemRead :  D=0x000000000007a9c8 A=0x79838
4037000: system.cpu: T0 : 0x1469e    : c_ld a5, 32(a5)            : MemRead :  D=0x0000000000000000 A=0x7a9e8
4037500: system.cpu: T0 : 0x146a0    : bne a4, a5, 212            : IntAlu : 
4038000: system.cpu: T0 : 0x146a4    : auipc a5, 101              : IntAlu :  D=0x00000000000796a4
4038500: system.cpu: T0 : 0x146a8    : ld a5, 404(a5)             : MemRead :  D=0x000000000007a9c8 A=0x79838
4039000: system.cpu: T0 : 0x146ac    : c_ld a5, 8(a5)             : MemRead :  D=0x0000000000000000 A=0x7a9d0
4040000: system.cpu: T0 : 0x146ae    : sd a5, -1864(s0)           : MemWrite :  D=0x0000000000000000 A=0x7ffffffffffff6a8
4041000: system.cpu: T0 : 0x146b2    : auipc a5, 101              : IntAlu :  D=0x00000000000796b2
4042000: system.cpu: T0 : 0x146b6    : ld a5, 390(a5)             : MemRead :  D=0x000000000007a9c8 A=0x79838
4042500: system.cpu: T0 : 0x146ba    : c_ld a5, 0(a5)             : MemRead :  D=0x0000000000000000 A=0x7a9c8
4043000: system.cpu: T0 : 0x146bc    : sd a5, -1856(s0)           : MemWrite :  D=0x0000000000000000 A=0x7ffffffffffff6b0
4043500: system.cpu: T0 : 0x146c0    : ld a4, -1856(s0)           : MemRead :  D=0x0000000000000000 A=0x7ffffffffffff6b0
4044000: system.cpu: T0 : 0x146c4    : ld a5, -1864(s0)           : MemRead :  D=0x0000000000000000 A=0x7ffffffffffff6a8
4044500: system.cpu: T0 : 0x146c8    : bge a5, a4, 172            : IntAlu : 
4045000: system.cpu: T0 : 0x14774    : auipc a5, 100              : IntAlu :  D=0x0000000000078774
4045500: system.cpu: T0 : 0x14778    : addi a5, a5, -1904         : IntAlu :  D=0x0000000000078004
4046000: system.cpu: T0 : 0x1477c    : c_lw a5, 0(a5)             : MemRead :  D=0x0000000000000005 A=0x78004
4046500: system.cpu: T0 : 0x1477e    : c_addiw a5, 0              : IntAlu :  D=0x0000000000000005
4047000: system.cpu: T0 : 0x14780    : c_mv a4, a5                : IntAlu :  D=0x0000000000000005
4047500: system.cpu: T0 : 0x14782    : c_li a5, 4                 : IntAlu :  D=0x0000000000000004
4048000: system.cpu: T0 : 0x14784    : bge a5, a4, 276            : IntAlu : 
4048500: system.cpu: T0 : 0x14788    : addi a5, gp, -960          : IntAlu :  D=0x0000000000079c88
4049000: system.cpu: T0 : 0x1478c    : c_lw a5, 0(a5)             : MemRead :  D=0x0000000000000000 A=0x79c88
4049500: system.cpu: T0 : 0x1478e    : c_addiw a5, 0              : IntAlu :  D=0x0000000000000000
4050000: system.cpu: T0 : 0x14790    : c_mv a4, a5                : IntAlu :  D=0x0000000000000000
4050500: system.cpu: T0 : 0x14792    : c_li a5, 3                 : IntAlu :  D=0x0000000000000003
4051000: system.cpu: T0 : 0x14794    : blt a5, a4, 260            : IntAlu : 
4051500: system.cpu: T0 : 0x14798    : auipc a5, 101              : IntAlu :  D=0x0000000000079798
4052000: system.cpu: T0 : 0x1479c    : ld a5, 160(a5)             : MemRead :  D=0x000000000007a9c8 A=0x79838
4052500: system.cpu: T0 : 0x147a0    : c_ld a4, 0(a5)             : MemRead :  D=0x0000000000000000 A=0x7a9c8
4053500: system.cpu: T0 : 0x147a2    : auipc a5, 101              : IntAlu :  D=0x00000000000797a2
4054500: system.cpu: T0 : 0x147a6    : ld a5, 150(a5)             : MemRead :  D=0x000000000007a9c8 A=0x79838
4055000: system.cpu: T0 : 0x147aa    : c_ld a5, 32(a5)            : MemRead :  D=0x0000000000000000 A=0x7a9e8
4055500: system.cpu: T0 : 0x147ac    : bne a4, a5, 236            : IntAlu : 
4056000: system.cpu: T0 : 0x147b0    : auipc a5, 101              : IntAlu :  D=0x00000000000797b0
4056500: system.cpu: T0 : 0x147b4    : ld a5, 136(a5)             : MemRead :  D=0x000000000007a9c8 A=0x79838
4057000: system.cpu: T0 : 0x147b8    : c_ld a4, 0(a5)             : MemRead :  D=0x0000000000000000 A=0x7a9c8
4058000: system.cpu: T0 : 0x147ba    : auipc a5, 101              : IntAlu :  D=0x00000000000797ba
4059000: system.cpu: T0 : 0x147be    : ld a5, 126(a5)             : MemRead :  D=0x000000000007a9c8 A=0x79838
4059500: system.cpu: T0 : 0x147c2    : c_ld a5, 16(a5)            : MemRead :  D=0x0000000000000000 A=0x7a9d8
4060000: system.cpu: T0 : 0x147c4    : bne a4, a5, 212            : IntAlu : 
4060500: system.cpu: T0 : 0x147c8    : auipc a5, 101              : IntAlu :  D=0x00000000000797c8
4061000: system.cpu: T0 : 0x147cc    : ld a5, 112(a5)             : MemRead :  D=0x000000000007a9c8 A=0x79838
4061500: system.cpu: T0 : 0x147d0    : c_ld a5, 8(a5)             : MemRead :  D=0x0000000000000000 A=0x7a9d0
4062500: system.cpu: T0 : 0x147d2    : sd a5, -1840(s0)           : MemWrite :  D=0x0000000000000000 A=0x7ffffffffffff6c0
4063500: system.cpu: T0 : 0x147d6    : auipc a5, 101              : IntAlu :  D=0x00000000000797d6
4064500: system.cpu: T0 : 0x147da    : ld a5, 98(a5)              : MemRead :  D=0x000000000007a9c8 A=0x79838
4065000: system.cpu: T0 : 0x147de    : c_ld a5, 0(a5)             : MemRead :  D=0x0000000000000000 A=0x7a9c8
4065500: system.cpu: T0 : 0x147e0    : sd a5, -1832(s0)           : MemWrite :  D=0x0000000000000000 A=0x7ffffffffffff6c8
4066000: system.cpu: T0 : 0x147e4    : ld a4, -1832(s0)           : MemRead :  D=0x0000000000000000 A=0x7ffffffffffff6c8
4066500: system.cpu: T0 : 0x147e8    : ld a5, -1840(s0)           : MemRead :  D=0x0000000000000000 A=0x7ffffffffffff6c0
4067000: system.cpu: T0 : 0x147ec    : bge a5, a4, 172            : IntAlu : 
4067500: system.cpu: T0 : 0x14898    : auipc a5, 99               : IntAlu :  D=0x0000000000077898
4068000: system.cpu: T0 : 0x1489c    : addi a5, a5, 1900          : IntAlu :  D=0x0000000000078004
4068500: system.cpu: T0 : 0x148a0    : c_lw a5, 0(a5)             : MemRead :  D=0x0000000000000005 A=0x78004
4069000: system.cpu: T0 : 0x148a2    : c_addiw a5, 0              : IntAlu :  D=0x0000000000000005
4069500: system.cpu: T0 : 0x148a4    : c_mv a4, a5                : IntAlu :  D=0x0000000000000005
4070000: system.cpu: T0 : 0x148a6    : c_li a5, 4                 : IntAlu :  D=0x0000000000000004
4070500: system.cpu: T0 : 0x148a8    : bge a5, a4, 276            : IntAlu : 
4071000: system.cpu: T0 : 0x148ac    : addi a5, gp, -960          : IntAlu :  D=0x0000000000079c88
4071500: system.cpu: T0 : 0x148b0    : c_lw a5, 0(a5)             : MemRead :  D=0x0000000000000000 A=0x79c88
4072000: system.cpu: T0 : 0x148b2    : c_addiw a5, 0              : IntAlu :  D=0x0000000000000000
4072500: system.cpu: T0 : 0x148b4    : c_mv a4, a5                : IntAlu :  D=0x0000000000000000
4073000: system.cpu: T0 : 0x148b6    : c_li a5, 3                 : IntAlu :  D=0x0000000000000003
4073500: system.cpu: T0 : 0x148b8    : blt a5, a4, 260            : IntAlu : 
4074000: system.cpu: T0 : 0x148bc    : auipc a5, 101              : IntAlu :  D=0x00000000000798bc
4074500: system.cpu: T0 : 0x148c0    : ld a5, -132(a5)            : MemRead :  D=0x000000000007a9c8 A=0x79838
4075000: system.cpu: T0 : 0x148c4    : c_ld a4, 0(a5)             : MemRead :  D=0x0000000000000000 A=0x7a9c8
4076000: system.cpu: T0 : 0x148c6    : auipc a5, 101              : IntAlu :  D=0x00000000000798c6
4077000: system.cpu: T0 : 0x148ca    : ld a5, -142(a5)            : MemRead :  D=0x000000000007a9c8 A=0x79838
4077500: system.cpu: T0 : 0x148ce    : c_ld a5, 32(a5)            : MemRead :  D=0x0000000000000000 A=0x7a9e8
4078000: system.cpu: T0 : 0x148d0    : bne a4, a5, 236            : IntAlu : 
4078500: system.cpu: T0 : 0x148d4    : auipc a5, 101              : IntAlu :  D=0x00000000000798d4
4079000: system.cpu: T0 : 0x148d8    : ld a5, -156(a5)            : MemRead :  D=0x000000000007a9c8 A=0x79838
4079500: system.cpu: T0 : 0x148dc    : c_ld a4, 0(a5)             : MemRead :  D=0x0000000000000000 A=0x7a9c8
4080500: system.cpu: T0 : 0x148de    : auipc a5, 101              : IntAlu :  D=0x00000000000798de
4081500: system.cpu: T0 : 0x148e2    : ld a5, -166(a5)            : MemRead :  D=0x000000000007a9c8 A=0x79838
4082000: system.cpu: T0 : 0x148e6    : c_ld a5, 24(a5)            : MemRead :  D=0x0000000000000000 A=0x7a9e0
4082500: system.cpu: T0 : 0x148e8    : bne a4, a5, 212            : IntAlu : 
4083000: system.cpu: T0 : 0x148ec    : auipc a5, 101              : IntAlu :  D=0x00000000000798ec
4083500: system.cpu: T0 : 0x148f0    : ld a5, -180(a5)            : MemRead :  D=0x000000000007a9c8 A=0x79838
4084000: system.cpu: T0 : 0x148f4    : c_ld a5, 8(a5)             : MemRead :  D=0x0000000000000000 A=0x7a9d0
4085000: system.cpu: T0 : 0x148f6    : sd a5, -1816(s0)           : MemWrite :  D=0x0000000000000000 A=0x7ffffffffffff6d8
4086000: system.cpu: T0 : 0x148fa    : auipc a5, 101              : IntAlu :  D=0x00000000000798fa
4087000: system.cpu: T0 : 0x148fe    : ld a5, -194(a5)            : MemRead :  D=0x000000000007a9c8 A=0x79838
4087500: system.cpu: T0 : 0x14902    : c_ld a5, 0(a5)             : MemRead :  D=0x0000000000000000 A=0x7a9c8
4088000: system.cpu: T0 : 0x14904    : sd a5, -1808(s0)           : MemWrite :  D=0x0000000000000000 A=0x7ffffffffffff6e0
4088500: system.cpu: T0 : 0x14908    : ld a4, -1808(s0)           : MemRead :  D=0x0000000000000000 A=0x7ffffffffffff6e0
4089000: system.cpu: T0 : 0x1490c    : ld a5, -1816(s0)           : MemRead :  D=0x0000000000000000 A=0x7ffffffffffff6d8
4089500: system.cpu: T0 : 0x14910    : bge a5, a4, 172            : IntAlu : 
4090000: system.cpu: T0 : 0x149bc    : auipc a5, 99               : IntAlu :  D=0x00000000000779bc
4090500: system.cpu: T0 : 0x149c0    : addi a5, a5, 1608          : IntAlu :  D=0x0000000000078004
4091000: system.cpu: T0 : 0x149c4    : c_lw a5, 0(a5)             : MemRead :  D=0x0000000000000005 A=0x78004
4091500: system.cpu: T0 : 0x149c6    : c_addiw a5, 0              : IntAlu :  D=0x0000000000000005
4092000: system.cpu: T0 : 0x149c8    : c_mv a4, a5                : IntAlu :  D=0x0000000000000005
4092500: system.cpu: T0 : 0x149ca    : c_li a5, 4                 : IntAlu :  D=0x0000000000000004
4093000: system.cpu: T0 : 0x149cc    : bge a5, a4, 276            : IntAlu : 
4093500: system.cpu: T0 : 0x149d0    : addi a5, gp, -960          : IntAlu :  D=0x0000000000079c88
4094000: system.cpu: T0 : 0x149d4    : c_lw a5, 0(a5)             : MemRead :  D=0x0000000000000000 A=0x79c88
4094500: system.cpu: T0 : 0x149d6    : c_addiw a5, 0              : IntAlu :  D=0x0000000000000000
4095000: system.cpu: T0 : 0x149d8    : c_mv a4, a5                : IntAlu :  D=0x0000000000000000
4095500: system.cpu: T0 : 0x149da    : c_li a5, 3                 : IntAlu :  D=0x0000000000000003
4096000: system.cpu: T0 : 0x149dc    : blt a5, a4, 260            : IntAlu : 
4096500: system.cpu: T0 : 0x149e0    : auipc a5, 101              : IntAlu :  D=0x00000000000799e0
4097000: system.cpu: T0 : 0x149e4    : ld a5, -424(a5)            : MemRead :  D=0x000000000007a9c8 A=0x79838
4097500: system.cpu: T0 : 0x149e8    : c_ld a4, 16(a5)            : MemRead :  D=0x0000000000000000 A=0x7a9d8
4098500: system.cpu: T0 : 0x149ea    : auipc a5, 101              : IntAlu :  D=0x00000000000799ea
4099500: system.cpu: T0 : 0x149ee    : ld a5, -434(a5)            : MemRead :  D=0x000000000007a9c8 A=0x79838
4100000: system.cpu: T0 : 0x149f2    : c_ld a5, 0(a5)             : MemRead :  D=0x0000000000000000 A=0x7a9c8
4100500: system.cpu: T0 : 0x149f4    : bne a4, a5, 236            : IntAlu : 
4101000: system.cpu: T0 : 0x149f8    : auipc a5, 101              : IntAlu :  D=0x00000000000799f8
4101500: system.cpu: T0 : 0x149fc    : ld a5, -448(a5)            : MemRead :  D=0x000000000007a9c8 A=0x79838
4102000: system.cpu: T0 : 0x14a00    : c_ld a4, 16(a5)            : MemRead :  D=0x0000000000000000 A=0x7a9d8
4103000: system.cpu: T0 : 0x14a02    : auipc a5, 101              : IntAlu :  D=0x0000000000079a02
4104000: system.cpu: T0 : 0x14a06    : ld a5, -458(a5)            : MemRead :  D=0x000000000007a9c8 A=0x79838
4104500: system.cpu: T0 : 0x14a0a    : c_ld a5, 32(a5)            : MemRead :  D=0x0000000000000000 A=0x7a9e8
4105000: system.cpu: T0 : 0x14a0c    : bne a4, a5, 212            : IntAlu : 
4105500: system.cpu: T0 : 0x14a10    : auipc a5, 101              : IntAlu :  D=0x0000000000079a10
4106000: system.cpu: T0 : 0x14a14    : ld a5, -472(a5)            : MemRead :  D=0x000000000007a9c8 A=0x79838
4106500: system.cpu: T0 : 0x14a18    : c_ld a5, 8(a5)             : MemRead :  D=0x0000000000000000 A=0x7a9d0
4107500: system.cpu: T0 : 0x14a1a    : sd a5, -1792(s0)           : MemWrite :  D=0x0000000000000000 A=0x7ffffffffffff6f0
4108500: system.cpu: T0 : 0x14a1e    : auipc a5, 101              : IntAlu :  D=0x0000000000079a1e
4109500: system.cpu: T0 : 0x14a22    : ld a5, -486(a5)            : MemRead :  D=0x000000000007a9c8 A=0x79838
4110000: system.cpu: T0 : 0x14a26    : c_ld a5, 16(a5)            : MemRead :  D=0x0000000000000000 A=0x7a9d8
4110500: system.cpu: T0 : 0x14a28    : sd a5, -1784(s0)           : MemWrite :  D=0x0000000000000000 A=0x7ffffffffffff6f8
4111000: system.cpu: T0 : 0x14a2c    : ld a4, -1784(s0)           : MemRead :  D=0x0000000000000000 A=0x7ffffffffffff6f8
4111500: system.cpu: T0 : 0x14a30    : ld a5, -1792(s0)           : MemRead :  D=0x0000000000000000 A=0x7ffffffffffff6f0
4112000: system.cpu: T0 : 0x14a34    : bge a5, a4, 172            : IntAlu : 
4112500: system.cpu: T0 : 0x14ae0    : auipc a5, 99               : IntAlu :  D=0x0000000000077ae0
4113000: system.cpu: T0 : 0x14ae4    : addi a5, a5, 1316          : IntAlu :  D=0x0000000000078004
4113500: system.cpu: T0 : 0x14ae8    : c_lw a5, 0(a5)             : MemRead :  D=0x0000000000000005 A=0x78004
4114000: system.cpu: T0 : 0x14aea    : c_addiw a5, 0              : IntAlu :  D=0x0000000000000005
4114500: system.cpu: T0 : 0x14aec    : c_mv a4, a5                : IntAlu :  D=0x0000000000000005
4115000: system.cpu: T0 : 0x14aee    : c_li a5, 4                 : IntAlu :  D=0x0000000000000004
4115500: system.cpu: T0 : 0x14af0    : bge a5, a4, 256            : IntAlu : 
4116000: system.cpu: T0 : 0x14af4    : addi a5, gp, -960          : IntAlu :  D=0x0000000000079c88
4116500: system.cpu: T0 : 0x14af8    : c_lw a5, 0(a5)             : MemRead :  D=0x0000000000000000 A=0x79c88
4117000: system.cpu: T0 : 0x14afa    : c_addiw a5, 0              : IntAlu :  D=0x0000000000000000
4117500: system.cpu: T0 : 0x14afc    : c_mv a4, a5                : IntAlu :  D=0x0000000000000000
4118000: system.cpu: T0 : 0x14afe    : c_li a5, 3                 : IntAlu :  D=0x0000000000000003
4118500: system.cpu: T0 : 0x14b00    : blt a5, a4, 240            : IntAlu : 
4119000: system.cpu: T0 : 0x14b04    : auipc a5, 101              : IntAlu :  D=0x0000000000079b04
4119500: system.cpu: T0 : 0x14b08    : ld a5, -716(a5)            : MemRead :  D=0x000000000007a9c8 A=0x79838
4120000: system.cpu: T0 : 0x14b0c    : c_ld a4, 16(a5)            : MemRead :  D=0x0000000000000000 A=0x7a9d8
4121000: system.cpu: T0 : 0x14b0e    : auipc a5, 101              : IntAlu :  D=0x0000000000079b0e
4122000: system.cpu: T0 : 0x14b12    : ld a5, -726(a5)            : MemRead :  D=0x000000000007a9c8 A=0x79838
4122500: system.cpu: T0 : 0x14b16    : c_ld a5, 24(a5)            : MemRead :  D=0x0000000000000000 A=0x7a9e0
4123000: system.cpu: T0 : 0x14b18    : bne a4, a5, 216            : IntAlu : 
4123500: system.cpu: T0 : 0x14b1c    : auipc a5, 101              : IntAlu :  D=0x0000000000079b1c
4124000: system.cpu: T0 : 0x14b20    : ld a5, -740(a5)            : MemRead :  D=0x000000000007a9c8 A=0x79838
4124500: system.cpu: T0 : 0x14b24    : c_ld a4, 16(a5)            : MemRead :  D=0x0000000000000000 A=0x7a9d8
4125500: system.cpu: T0 : 0x14b26    : auipc a5, 101              : IntAlu :  D=0x0000000000079b26
4126500: system.cpu: T0 : 0x14b2a    : ld a5, -750(a5)            : MemRead :  D=0x000000000007a9c8 A=0x79838
4127000: system.cpu: T0 : 0x14b2e    : c_ld a5, 32(a5)            : MemRead :  D=0x0000000000000000 A=0x7a9e8
4127500: system.cpu: T0 : 0x14b30    : bne a4, a5, 192            : IntAlu : 
4128000: system.cpu: T0 : 0x14b34    : auipc a5, 101              : IntAlu :  D=0x0000000000079b34
4128500: system.cpu: T0 : 0x14b38    : ld a5, -764(a5)            : MemRead :  D=0x000000000007a9c8 A=0x79838
4129000: system.cpu: T0 : 0x14b3c    : c_ld a5, 8(a5)             : MemRead :  D=0x0000000000000000 A=0x7a9d0
4130000: system.cpu: T0 : 0x14b3e    : sd a5, -1768(s0)           : MemWrite :  D=0x0000000000000000 A=0x7ffffffffffff708
4131000: system.cpu: T0 : 0x14b42    : auipc a5, 101              : IntAlu :  D=0x0000000000079b42
4132000: system.cpu: T0 : 0x14b46    : ld a5, -778(a5)            : MemRead :  D=0x000000000007a9c8 A=0x79838
4132500: system.cpu: T0 : 0x14b4a    : c_ld a5, 16(a5)            : MemRead :  D=0x0000000000000000 A=0x7a9d8
4133000: system.cpu: T0 : 0x14b4c    : sd a5, -1760(s0)           : MemWrite :  D=0x0000000000000000 A=0x7ffffffffffff710
4133500: system.cpu: T0 : 0x14b50    : ld a4, -1760(s0)           : MemRead :  D=0x0000000000000000 A=0x7ffffffffffff710
4134000: system.cpu: T0 : 0x14b54    : ld a5, -1768(s0)           : MemRead :  D=0x0000000000000000 A=0x7ffffffffffff708
4134500: system.cpu: T0 : 0x14b58    : bge a5, a4, 152            : IntAlu : 
4135000: system.cpu: T0 : 0x14bf0    : auipc a5, 99               : IntAlu :  D=0x0000000000077bf0
4135500: system.cpu: T0 : 0x14bf4    : addi a5, a5, 1044          : IntAlu :  D=0x0000000000078004
4136000: system.cpu: T0 : 0x14bf8    : c_lw a5, 0(a5)             : MemRead :  D=0x0000000000000005 A=0x78004
4136500: system.cpu: T0 : 0x14bfa    : c_addiw a5, 0              : IntAlu :  D=0x0000000000000005
4137000: system.cpu: T0 : 0x14bfc    : c_mv a4, a5                : IntAlu :  D=0x0000000000000005
4137500: system.cpu: T0 : 0x14bfe    : c_li a5, 4                 : IntAlu :  D=0x0000000000000004
4138000: system.cpu: T0 : 0x14c00    : bge a5, a4, 276            : IntAlu : 
4138500: system.cpu: T0 : 0x14c04    : addi a5, gp, -960          : IntAlu :  D=0x0000000000079c88
4139000: system.cpu: T0 : 0x14c08    : c_lw a5, 0(a5)             : MemRead :  D=0x0000000000000000 A=0x79c88
4139500: system.cpu: T0 : 0x14c0a    : c_addiw a5, 0              : IntAlu :  D=0x0000000000000000
4140000: system.cpu: T0 : 0x14c0c    : c_mv a4, a5                : IntAlu :  D=0x0000000000000000
4140500: system.cpu: T0 : 0x14c0e    : c_li a5, 3                 : IntAlu :  D=0x0000000000000003
4141000: system.cpu: T0 : 0x14c10    : blt a5, a4, 260            : IntAlu : 
4141500: system.cpu: T0 : 0x14c14    : auipc a5, 101              : IntAlu :  D=0x0000000000079c14
4142000: system.cpu: T0 : 0x14c18    : ld a5, -988(a5)            : MemRead :  D=0x000000000007a9c8 A=0x79838
4142500: system.cpu: T0 : 0x14c1c    : c_ld a4, 16(a5)            : MemRead :  D=0x0000000000000000 A=0x7a9d8
4143500: system.cpu: T0 : 0x14c1e    : auipc a5, 101              : IntAlu :  D=0x0000000000079c1e
4144500: system.cpu: T0 : 0x14c22    : ld a5, -998(a5)            : MemRead :  D=0x000000000007a9c8 A=0x79838
4145000: system.cpu: T0 : 0x14c26    : c_ld a5, 32(a5)            : MemRead :  D=0x0000000000000000 A=0x7a9e8
4145500: system.cpu: T0 : 0x14c28    : bne a4, a5, 236            : IntAlu : 
4146000: system.cpu: T0 : 0x14c2c    : auipc a5, 101              : IntAlu :  D=0x0000000000079c2c
4146500: system.cpu: T0 : 0x14c30    : ld a5, -1012(a5)           : MemRead :  D=0x000000000007a9c8 A=0x79838
4147000: system.cpu: T0 : 0x14c34    : c_ld a4, 16(a5)            : MemRead :  D=0x0000000000000000 A=0x7a9d8
4148000: system.cpu: T0 : 0x14c36    : auipc a5, 101              : IntAlu :  D=0x0000000000079c36
4149000: system.cpu: T0 : 0x14c3a    : ld a5, -1022(a5)           : MemRead :  D=0x000000000007a9c8 A=0x79838
4149500: system.cpu: T0 : 0x14c3e    : c_ld a5, 0(a5)             : MemRead :  D=0x0000000000000000 A=0x7a9c8
4150000: system.cpu: T0 : 0x14c40    : bne a4, a5, 212            : IntAlu : 
4150500: system.cpu: T0 : 0x14c44    : auipc a5, 101              : IntAlu :  D=0x0000000000079c44
4151000: system.cpu: T0 : 0x14c48    : ld a5, -1036(a5)           : MemRead :  D=0x000000000007a9c8 A=0x79838
4151500: system.cpu: T0 : 0x14c4c    : c_ld a5, 8(a5)             : MemRead :  D=0x0000000000000000 A=0x7a9d0
4152500: system.cpu: T0 : 0x14c4e    : sd a5, -1744(s0)           : MemWrite :  D=0x0000000000000000 A=0x7ffffffffffff720
4153500: system.cpu: T0 : 0x14c52    : auipc a5, 101              : IntAlu :  D=0x0000000000079c52
4154500: system.cpu: T0 : 0x14c56    : ld a5, -1050(a5)           : MemRead :  D=0x000000000007a9c8 A=0x79838
4155000: system.cpu: T0 : 0x14c5a    : c_ld a5, 16(a5)            : MemRead :  D=0x0000000000000000 A=0x7a9d8
4155500: system.cpu: T0 : 0x14c5c    : sd a5, -1736(s0)           : MemWrite :  D=0x0000000000000000 A=0x7ffffffffffff728
4156000: system.cpu: T0 : 0x14c60    : ld a4, -1736(s0)           : MemRead :  D=0x0000000000000000 A=0x7ffffffffffff728
4156500: system.cpu: T0 : 0x14c64    : ld a5, -1744(s0)           : MemRead :  D=0x0000000000000000 A=0x7ffffffffffff720
4157000: system.cpu: T0 : 0x14c68    : bge a5, a4, 172            : IntAlu : 
4157500: system.cpu: T0 : 0x14d14    : auipc a5, 99               : IntAlu :  D=0x0000000000077d14
4158000: system.cpu: T0 : 0x14d18    : addi a5, a5, 752           : IntAlu :  D=0x0000000000078004
4158500: system.cpu: T0 : 0x14d1c    : c_lw a5, 0(a5)             : MemRead :  D=0x0000000000000005 A=0x78004
4159000: system.cpu: T0 : 0x14d1e    : c_addiw a5, 0              : IntAlu :  D=0x0000000000000005
4159500: system.cpu: T0 : 0x14d20    : c_mv a4, a5                : IntAlu :  D=0x0000000000000005
4160000: system.cpu: T0 : 0x14d22    : c_li a5, 4                 : IntAlu :  D=0x0000000000000004
4160500: system.cpu: T0 : 0x14d24    : bge a5, a4, 256            : IntAlu : 
4161000: system.cpu: T0 : 0x14d28    : addi a5, gp, -960          : IntAlu :  D=0x0000000000079c88
4161500: system.cpu: T0 : 0x14d2c    : c_lw a5, 0(a5)             : MemRead :  D=0x0000000000000000 A=0x79c88
4162000: system.cpu: T0 : 0x14d2e    : c_addiw a5, 0              : IntAlu :  D=0x0000000000000000
4162500: system.cpu: T0 : 0x14d30    : c_mv a4, a5                : IntAlu :  D=0x0000000000000000
4163000: system.cpu: T0 : 0x14d32    : c_li a5, 3                 : IntAlu :  D=0x0000000000000003
4163500: system.cpu: T0 : 0x14d34    : blt a5, a4, 240            : IntAlu : 
4164000: system.cpu: T0 : 0x14d38    : auipc a5, 101              : IntAlu :  D=0x0000000000079d38
4164500: system.cpu: T0 : 0x14d3c    : ld a5, -1280(a5)           : MemRead :  D=0x000000000007a9c8 A=0x79838
4165000: system.cpu: T0 : 0x14d40    : c_ld a4, 16(a5)            : MemRead :  D=0x0000000000000000 A=0x7a9d8
4166000: system.cpu: T0 : 0x14d42    : auipc a5, 101              : IntAlu :  D=0x0000000000079d42
4167000: system.cpu: T0 : 0x14d46    : ld a5, -1290(a5)           : MemRead :  D=0x000000000007a9c8 A=0x79838
4167500: system.cpu: T0 : 0x14d4a    : c_ld a5, 32(a5)            : MemRead :  D=0x0000000000000000 A=0x7a9e8
4168000: system.cpu: T0 : 0x14d4c    : bne a4, a5, 216            : IntAlu : 
4168500: system.cpu: T0 : 0x14d50    : auipc a5, 101              : IntAlu :  D=0x0000000000079d50
4169000: system.cpu: T0 : 0x14d54    : ld a5, -1304(a5)           : MemRead :  D=0x000000000007a9c8 A=0x79838
4169500: system.cpu: T0 : 0x14d58    : c_ld a4, 16(a5)            : MemRead :  D=0x0000000000000000 A=0x7a9d8
4170500: system.cpu: T0 : 0x14d5a    : auipc a5, 101              : IntAlu :  D=0x0000000000079d5a
4171500: system.cpu: T0 : 0x14d5e    : ld a5, -1314(a5)           : MemRead :  D=0x000000000007a9c8 A=0x79838
4172000: system.cpu: T0 : 0x14d62    : c_ld a5, 24(a5)            : MemRead :  D=0x0000000000000000 A=0x7a9e0
4172500: system.cpu: T0 : 0x14d64    : bne a4, a5, 192            : IntAlu : 
4173000: system.cpu: T0 : 0x14d68    : auipc a5, 101              : IntAlu :  D=0x0000000000079d68
4173500: system.cpu: T0 : 0x14d6c    : ld a5, -1328(a5)           : MemRead :  D=0x000000000007a9c8 A=0x79838
4174000: system.cpu: T0 : 0x14d70    : c_ld a5, 8(a5)             : MemRead :  D=0x0000000000000000 A=0x7a9d0
4175000: system.cpu: T0 : 0x14d72    : sd a5, -1720(s0)           : MemWrite :  D=0x0000000000000000 A=0x7ffffffffffff738
4176000: system.cpu: T0 : 0x14d76    : auipc a5, 101              : IntAlu :  D=0x0000000000079d76
4177000: system.cpu: T0 : 0x14d7a    : ld a5, -1342(a5)           : MemRead :  D=0x000000000007a9c8 A=0x79838
4177500: system.cpu: T0 : 0x14d7e    : c_ld a5, 16(a5)            : MemRead :  D=0x0000000000000000 A=0x7a9d8
4178000: system.cpu: T0 : 0x14d80    : sd a5, -1712(s0)           : MemWrite :  D=0x0000000000000000 A=0x7ffffffffffff740
4178500: system.cpu: T0 : 0x14d84    : ld a4, -1712(s0)           : MemRead :  D=0x0000000000000000 A=0x7ffffffffffff740
4179000: system.cpu: T0 : 0x14d88    : ld a5, -1720(s0)           : MemRead :  D=0x0000000000000000 A=0x7ffffffffffff738
4179500: system.cpu: T0 : 0x14d8c    : bge a5, a4, 152            : IntAlu : 
4180000: system.cpu: T0 : 0x14e24    : auipc a5, 99               : IntAlu :  D=0x0000000000077e24
4180500: system.cpu: T0 : 0x14e28    : addi a5, a5, 480           : IntAlu :  D=0x0000000000078004
4181000: system.cpu: T0 : 0x14e2c    : c_lw a5, 0(a5)             : MemRead :  D=0x0000000000000005 A=0x78004
4181500: system.cpu: T0 : 0x14e2e    : c_addiw a5, 0              : IntAlu :  D=0x0000000000000005
4182000: system.cpu: T0 : 0x14e30    : c_mv a4, a5                : IntAlu :  D=0x0000000000000005
4182500: system.cpu: T0 : 0x14e32    : c_li a5, 4                 : IntAlu :  D=0x0000000000000004
4183000: system.cpu: T0 : 0x14e34    : bge a5, a4, 276            : IntAlu : 
4183500: system.cpu: T0 : 0x14e38    : addi a5, gp, -960          : IntAlu :  D=0x0000000000079c88
4184000: system.cpu: T0 : 0x14e3c    : c_lw a5, 0(a5)             : MemRead :  D=0x0000000000000000 A=0x79c88
4184500: system.cpu: T0 : 0x14e3e    : c_addiw a5, 0              : IntAlu :  D=0x0000000000000000
4185000: system.cpu: T0 : 0x14e40    : c_mv a4, a5                : IntAlu :  D=0x0000000000000000
4185500: system.cpu: T0 : 0x14e42    : c_li a5, 3                 : IntAlu :  D=0x0000000000000003
4186000: system.cpu: T0 : 0x14e44    : blt a5, a4, 260            : IntAlu : 
4186500: system.cpu: T0 : 0x14e48    : auipc a5, 101              : IntAlu :  D=0x0000000000079e48
4187000: system.cpu: T0 : 0x14e4c    : ld a5, -1552(a5)           : MemRead :  D=0x000000000007a9c8 A=0x79838
4187500: system.cpu: T0 : 0x14e50    : c_ld a4, 24(a5)            : MemRead :  D=0x0000000000000000 A=0x7a9e0
4188500: system.cpu: T0 : 0x14e52    : auipc a5, 101              : IntAlu :  D=0x0000000000079e52
4189500: system.cpu: T0 : 0x14e56    : ld a5, -1562(a5)           : MemRead :  D=0x000000000007a9c8 A=0x79838
4190000: system.cpu: T0 : 0x14e5a    : c_ld a5, 0(a5)             : MemRead :  D=0x0000000000000000 A=0x7a9c8
4190500: system.cpu: T0 : 0x14e5c    : bne a4, a5, 236            : IntAlu : 
4191000: system.cpu: T0 : 0x14e60    : auipc a5, 101              : IntAlu :  D=0x0000000000079e60
4191500: system.cpu: T0 : 0x14e64    : ld a5, -1576(a5)           : MemRead :  D=0x000000000007a9c8 A=0x79838
4192000: system.cpu: T0 : 0x14e68    : c_ld a4, 24(a5)            : MemRead :  D=0x0000000000000000 A=0x7a9e0
4193000: system.cpu: T0 : 0x14e6a    : auipc a5, 101              : IntAlu :  D=0x0000000000079e6a
4194000: system.cpu: T0 : 0x14e6e    : ld a5, -1586(a5)           : MemRead :  D=0x000000000007a9c8 A=0x79838
4194500: system.cpu: T0 : 0x14e72    : c_ld a5, 32(a5)            : MemRead :  D=0x0000000000000000 A=0x7a9e8
4195000: system.cpu: T0 : 0x14e74    : bne a4, a5, 212            : IntAlu : 
4195500: system.cpu: T0 : 0x14e78    : auipc a5, 101              : IntAlu :  D=0x0000000000079e78
4196000: system.cpu: T0 : 0x14e7c    : ld a5, -1600(a5)           : MemRead :  D=0x000000000007a9c8 A=0x79838
4196500: system.cpu: T0 : 0x14e80    : c_ld a5, 8(a5)             : MemRead :  D=0x0000000000000000 A=0x7a9d0
4197500: system.cpu: T0 : 0x14e82    : sd a5, -1696(s0)           : MemWrite :  D=0x0000000000000000 A=0x7ffffffffffff750
4198500: system.cpu: T0 : 0x14e86    : auipc a5, 101              : IntAlu :  D=0x0000000000079e86
4199500: system.cpu: T0 : 0x14e8a    : ld a5, -1614(a5)           : MemRead :  D=0x000000000007a9c8 A=0x79838
4200000: system.cpu: T0 : 0x14e8e    : c_ld a5, 24(a5)            : MemRead :  D=0x0000000000000000 A=0x7a9e0
4200500: system.cpu: T0 : 0x14e90    : sd a5, -1688(s0)           : MemWrite :  D=0x0000000000000000 A=0x7ffffffffffff758
4201000: system.cpu: T0 : 0x14e94    : ld a4, -1688(s0)           : MemRead :  D=0x0000000000000000 A=0x7ffffffffffff758
4201500: system.cpu: T0 : 0x14e98    : ld a5, -1696(s0)           : MemRead :  D=0x0000000000000000 A=0x7ffffffffffff750
4202000: system.cpu: T0 : 0x14e9c    : bge a5, a4, 172            : IntAlu : 
4202500: system.cpu: T0 : 0x14f48    : auipc a5, 99               : IntAlu :  D=0x0000000000077f48
4203000: system.cpu: T0 : 0x14f4c    : addi a5, a5, 188           : IntAlu :  D=0x0000000000078004
4203500: system.cpu: T0 : 0x14f50    : c_lw a5, 0(a5)             : MemRead :  D=0x0000000000000005 A=0x78004
4204000: system.cpu: T0 : 0x14f52    : c_addiw a5, 0              : IntAlu :  D=0x0000000000000005
4204500: system.cpu: T0 : 0x14f54    : c_mv a4, a5                : IntAlu :  D=0x0000000000000005
4205000: system.cpu: T0 : 0x14f56    : c_li a5, 4                 : IntAlu :  D=0x0000000000000004
4205500: system.cpu: T0 : 0x14f58    : bge a5, a4, 256            : IntAlu : 
4206000: system.cpu: T0 : 0x14f5c    : addi a5, gp, -960          : IntAlu :  D=0x0000000000079c88
4206500: system.cpu: T0 : 0x14f60    : c_lw a5, 0(a5)             : MemRead :  D=0x0000000000000000 A=0x79c88
4207000: system.cpu: T0 : 0x14f62    : c_addiw a5, 0              : IntAlu :  D=0x0000000000000000
4207500: system.cpu: T0 : 0x14f64    : c_mv a4, a5                : IntAlu :  D=0x0000000000000000
4208000: system.cpu: T0 : 0x14f66    : c_li a5, 3                 : IntAlu :  D=0x0000000000000003
4208500: system.cpu: T0 : 0x14f68    : blt a5, a4, 240            : IntAlu : 
4209000: system.cpu: T0 : 0x14f6c    : auipc a5, 101              : IntAlu :  D=0x0000000000079f6c
4209500: system.cpu: T0 : 0x14f70    : ld a5, -1844(a5)           : MemRead :  D=0x000000000007a9c8 A=0x79838
4210000: system.cpu: T0 : 0x14f74    : c_ld a4, 24(a5)            : MemRead :  D=0x0000000000000000 A=0x7a9e0
4211000: system.cpu: T0 : 0x14f76    : auipc a5, 101              : IntAlu :  D=0x0000000000079f76
4212000: system.cpu: T0 : 0x14f7a    : ld a5, -1854(a5)           : MemRead :  D=0x000000000007a9c8 A=0x79838
4212500: system.cpu: T0 : 0x14f7e    : c_ld a5, 16(a5)            : MemRead :  D=0x0000000000000000 A=0x7a9d8
4213000: system.cpu: T0 : 0x14f80    : bne a4, a5, 216            : IntAlu : 
4213500: system.cpu: T0 : 0x14f84    : auipc a5, 101              : IntAlu :  D=0x0000000000079f84
4214000: system.cpu: T0 : 0x14f88    : ld a5, -1868(a5)           : MemRead :  D=0x000000000007a9c8 A=0x79838
4214500: system.cpu: T0 : 0x14f8c    : c_ld a4, 24(a5)            : MemRead :  D=0x0000000000000000 A=0x7a9e0
4215500: system.cpu: T0 : 0x14f8e    : auipc a5, 101              : IntAlu :  D=0x0000000000079f8e
4216500: system.cpu: T0 : 0x14f92    : ld a5, -1878(a5)           : MemRead :  D=0x000000000007a9c8 A=0x79838
4217000: system.cpu: T0 : 0x14f96    : c_ld a5, 32(a5)            : MemRead :  D=0x0000000000000000 A=0x7a9e8
4217500: system.cpu: T0 : 0x14f98    : bne a4, a5, 192            : IntAlu : 
4218000: system.cpu: T0 : 0x14f9c    : auipc a5, 101              : IntAlu :  D=0x0000000000079f9c
4218500: system.cpu: T0 : 0x14fa0    : ld a5, -1892(a5)           : MemRead :  D=0x000000000007a9c8 A=0x79838
4219000: system.cpu: T0 : 0x14fa4    : c_ld a5, 8(a5)             : MemRead :  D=0x0000000000000000 A=0x7a9d0
4220000: system.cpu: T0 : 0x14fa6    : sd a5, -1672(s0)           : MemWrite :  D=0x0000000000000000 A=0x7ffffffffffff768
4221000: system.cpu: T0 : 0x14faa    : auipc a5, 101              : IntAlu :  D=0x0000000000079faa
4222000: system.cpu: T0 : 0x14fae    : ld a5, -1906(a5)           : MemRead :  D=0x000000000007a9c8 A=0x79838
4222500: system.cpu: T0 : 0x14fb2    : c_ld a5, 24(a5)            : MemRead :  D=0x0000000000000000 A=0x7a9e0
4223000: system.cpu: T0 : 0x14fb4    : sd a5, -1664(s0)           : MemWrite :  D=0x0000000000000000 A=0x7ffffffffffff770
4223500: system.cpu: T0 : 0x14fb8    : ld a4, -1664(s0)           : MemRead :  D=0x0000000000000000 A=0x7ffffffffffff770
4224000: system.cpu: T0 : 0x14fbc    : ld a5, -1672(s0)           : MemRead :  D=0x0000000000000000 A=0x7ffffffffffff768
4224500: system.cpu: T0 : 0x14fc0    : bge a5, a4, 152            : IntAlu : 
4225000: system.cpu: T0 : 0x15058    : auipc a5, 99               : IntAlu :  D=0x0000000000078058
4225500: system.cpu: T0 : 0x1505c    : addi a5, a5, -84           : IntAlu :  D=0x0000000000078004
4226000: system.cpu: T0 : 0x15060    : c_lw a5, 0(a5)             : MemRead :  D=0x0000000000000005 A=0x78004
4226500: system.cpu: T0 : 0x15062    : c_addiw a5, 0              : IntAlu :  D=0x0000000000000005
4227000: system.cpu: T0 : 0x15064    : c_mv a4, a5                : IntAlu :  D=0x0000000000000005
4227500: system.cpu: T0 : 0x15066    : c_li a5, 4                 : IntAlu :  D=0x0000000000000004
4228000: system.cpu: T0 : 0x15068    : bge a5, a4, 276            : IntAlu : 
4228500: system.cpu: T0 : 0x1506c    : addi a5, gp, -960          : IntAlu :  D=0x0000000000079c88
4229000: system.cpu: T0 : 0x15070    : c_lw a5, 0(a5)             : MemRead :  D=0x0000000000000000 A=0x79c88
4229500: system.cpu: T0 : 0x15072    : c_addiw a5, 0              : IntAlu :  D=0x0000000000000000
4230000: system.cpu: T0 : 0x15074    : c_mv a4, a5                : IntAlu :  D=0x0000000000000000
4230500: system.cpu: T0 : 0x15076    : c_li a5, 3                 : IntAlu :  D=0x0000000000000003
4231000: system.cpu: T0 : 0x15078    : blt a5, a4, 260            : IntAlu : 
4231500: system.cpu: T0 : 0x1507c    : auipc a5, 100              : IntAlu :  D=0x000000000007907c
4232000: system.cpu: T0 : 0x15080    : ld a5, 1980(a5)            : MemRead :  D=0x000000000007a9c8 A=0x79838
4232500: system.cpu: T0 : 0x15084    : c_ld a4, 24(a5)            : MemRead :  D=0x0000000000000000 A=0x7a9e0
4233500: system.cpu: T0 : 0x15086    : auipc a5, 100              : IntAlu :  D=0x0000000000079086
4234500: system.cpu: T0 : 0x1508a    : ld a5, 1970(a5)            : MemRead :  D=0x000000000007a9c8 A=0x79838
4235000: system.cpu: T0 : 0x1508e    : c_ld a5, 32(a5)            : MemRead :  D=0x0000000000000000 A=0x7a9e8
4235500: system.cpu: T0 : 0x15090    : bne a4, a5, 236            : IntAlu : 
4236000: system.cpu: T0 : 0x15094    : auipc a5, 100              : IntAlu :  D=0x0000000000079094
4236500: system.cpu: T0 : 0x15098    : ld a5, 1956(a5)            : MemRead :  D=0x000000000007a9c8 A=0x79838
4237000: system.cpu: T0 : 0x1509c    : c_ld a4, 24(a5)            : MemRead :  D=0x0000000000000000 A=0x7a9e0
4238000: system.cpu: T0 : 0x1509e    : auipc a5, 100              : IntAlu :  D=0x000000000007909e
4239000: system.cpu: T0 : 0x150a2    : ld a5, 1946(a5)            : MemRead :  D=0x000000000007a9c8 A=0x79838
4239500: system.cpu: T0 : 0x150a6    : c_ld a5, 0(a5)             : MemRead :  D=0x0000000000000000 A=0x7a9c8
4240000: system.cpu: T0 : 0x150a8    : bne a4, a5, 212            : IntAlu : 
4240500: system.cpu: T0 : 0x150ac    : auipc a5, 100              : IntAlu :  D=0x00000000000790ac
4241000: system.cpu: T0 : 0x150b0    : ld a5, 1932(a5)            : MemRead :  D=0x000000000007a9c8 A=0x79838
4241500: system.cpu: T0 : 0x150b4    : c_ld a5, 8(a5)             : MemRead :  D=0x0000000000000000 A=0x7a9d0
4242500: system.cpu: T0 : 0x150b6    : sd a5, -1648(s0)           : MemWrite :  D=0x0000000000000000 A=0x7ffffffffffff780
4243500: system.cpu: T0 : 0x150ba    : auipc a5, 100              : IntAlu :  D=0x00000000000790ba
4244500: system.cpu: T0 : 0x150be    : ld a5, 1918(a5)            : MemRead :  D=0x000000000007a9c8 A=0x79838
4245000: system.cpu: T0 : 0x150c2    : c_ld a5, 24(a5)            : MemRead :  D=0x0000000000000000 A=0x7a9e0
4245500: system.cpu: T0 : 0x150c4    : sd a5, -1640(s0)           : MemWrite :  D=0x0000000000000000 A=0x7ffffffffffff788
4246000: system.cpu: T0 : 0x150c8    : ld a4, -1640(s0)           : MemRead :  D=0x0000000000000000 A=0x7ffffffffffff788
4246500: system.cpu: T0 : 0x150cc    : ld a5, -1648(s0)           : MemRead :  D=0x0000000000000000 A=0x7ffffffffffff780
4247000: system.cpu: T0 : 0x150d0    : bge a5, a4, 172            : IntAlu : 
4247500: system.cpu: T0 : 0x1517c    : auipc a5, 99               : IntAlu :  D=0x000000000007817c
4248000: system.cpu: T0 : 0x15180    : addi a5, a5, -376          : IntAlu :  D=0x0000000000078004
4248500: system.cpu: T0 : 0x15184    : c_lw a5, 0(a5)             : MemRead :  D=0x0000000000000005 A=0x78004
4249000: system.cpu: T0 : 0x15186    : c_addiw a5, 0              : IntAlu :  D=0x0000000000000005
4249500: system.cpu: T0 : 0x15188    : c_mv a4, a5                : IntAlu :  D=0x0000000000000005
4250000: system.cpu: T0 : 0x1518a    : c_li a5, 4                 : IntAlu :  D=0x0000000000000004
4250500: system.cpu: T0 : 0x1518c    : bge a5, a4, 256            : IntAlu : 
4251000: system.cpu: T0 : 0x15190    : addi a5, gp, -960          : IntAlu :  D=0x0000000000079c88
4251500: system.cpu: T0 : 0x15194    : c_lw a5, 0(a5)             : MemRead :  D=0x0000000000000000 A=0x79c88
4252000: system.cpu: T0 : 0x15196    : c_addiw a5, 0              : IntAlu :  D=0x0000000000000000
4252500: system.cpu: T0 : 0x15198    : c_mv a4, a5                : IntAlu :  D=0x0000000000000000
4253000: system.cpu: T0 : 0x1519a    : c_li a5, 3                 : IntAlu :  D=0x0000000000000003
4253500: system.cpu: T0 : 0x1519c    : blt a5, a4, 240            : IntAlu : 
4254000: system.cpu: T0 : 0x151a0    : auipc a5, 100              : IntAlu :  D=0x00000000000791a0
4254500: system.cpu: T0 : 0x151a4    : ld a5, 1688(a5)            : MemRead :  D=0x000000000007a9c8 A=0x79838
4255000: system.cpu: T0 : 0x151a8    : c_ld a4, 24(a5)            : MemRead :  D=0x0000000000000000 A=0x7a9e0
4256000: system.cpu: T0 : 0x151aa    : auipc a5, 100              : IntAlu :  D=0x00000000000791aa
4257000: system.cpu: T0 : 0x151ae    : ld a5, 1678(a5)            : MemRead :  D=0x000000000007a9c8 A=0x79838
4257500: system.cpu: T0 : 0x151b2    : c_ld a5, 32(a5)            : MemRead :  D=0x0000000000000000 A=0x7a9e8
4258000: system.cpu: T0 : 0x151b4    : bne a4, a5, 216            : IntAlu : 
4258500: system.cpu: T0 : 0x151b8    : auipc a5, 100              : IntAlu :  D=0x00000000000791b8
4259000: system.cpu: T0 : 0x151bc    : ld a5, 1664(a5)            : MemRead :  D=0x000000000007a9c8 A=0x79838
4259500: system.cpu: T0 : 0x151c0    : c_ld a4, 24(a5)            : MemRead :  D=0x0000000000000000 A=0x7a9e0
4260500: system.cpu: T0 : 0x151c2    : auipc a5, 100              : IntAlu :  D=0x00000000000791c2
4261500: system.cpu: T0 : 0x151c6    : ld a5, 1654(a5)            : MemRead :  D=0x000000000007a9c8 A=0x79838
4262000: system.cpu: T0 : 0x151ca    : c_ld a5, 16(a5)            : MemRead :  D=0x0000000000000000 A=0x7a9d8
4262500: system.cpu: T0 : 0x151cc    : bne a4, a5, 192            : IntAlu : 
4263000: system.cpu: T0 : 0x151d0    : auipc a5, 100              : IntAlu :  D=0x00000000000791d0
4263500: system.cpu: T0 : 0x151d4    : ld a5, 1640(a5)            : MemRead :  D=0x000000000007a9c8 A=0x79838
4264000: system.cpu: T0 : 0x151d8    : c_ld a5, 8(a5)             : MemRead :  D=0x0000000000000000 A=0x7a9d0
4265000: system.cpu: T0 : 0x151da    : sd a5, -1624(s0)           : MemWrite :  D=0x0000000000000000 A=0x7ffffffffffff798
4266000: system.cpu: T0 : 0x151de    : auipc a5, 100              : IntAlu :  D=0x00000000000791de
4267000: system.cpu: T0 : 0x151e2    : ld a5, 1626(a5)            : MemRead :  D=0x000000000007a9c8 A=0x79838
4267500: system.cpu: T0 : 0x151e6    : c_ld a5, 24(a5)            : MemRead :  D=0x0000000000000000 A=0x7a9e0
4268000: system.cpu: T0 : 0x151e8    : sd a5, -1616(s0)           : MemWrite :  D=0x0000000000000000 A=0x7ffffffffffff7a0
4268500: system.cpu: T0 : 0x151ec    : ld a4, -1616(s0)           : MemRead :  D=0x0000000000000000 A=0x7ffffffffffff7a0
4269000: system.cpu: T0 : 0x151f0    : ld a5, -1624(s0)           : MemRead :  D=0x0000000000000000 A=0x7ffffffffffff798
4269500: system.cpu: T0 : 0x151f4    : bge a5, a4, 152            : IntAlu : 
4270000: system.cpu: T0 : 0x1528c    : auipc a5, 99               : IntAlu :  D=0x000000000007828c
4270500: system.cpu: T0 : 0x15290    : addi a5, a5, -648          : IntAlu :  D=0x0000000000078004
4271000: system.cpu: T0 : 0x15294    : c_lw a5, 0(a5)             : MemRead :  D=0x0000000000000005 A=0x78004
4271500: system.cpu: T0 : 0x15296    : c_addiw a5, 0              : IntAlu :  D=0x0000000000000005
4272000: system.cpu: T0 : 0x15298    : c_mv a4, a5                : IntAlu :  D=0x0000000000000005
4272500: system.cpu: T0 : 0x1529a    : c_li a5, 4                 : IntAlu :  D=0x0000000000000004
4273000: system.cpu: T0 : 0x1529c    : bge a5, a4, 276            : IntAlu : 
4273500: system.cpu: T0 : 0x152a0    : addi a5, gp, -960          : IntAlu :  D=0x0000000000079c88
4274000: system.cpu: T0 : 0x152a4    : c_lw a5, 0(a5)             : MemRead :  D=0x0000000000000000 A=0x79c88
4274500: system.cpu: T0 : 0x152a6    : c_addiw a5, 0              : IntAlu :  D=0x0000000000000000
4275000: system.cpu: T0 : 0x152a8    : c_mv a4, a5                : IntAlu :  D=0x0000000000000000
4275500: system.cpu: T0 : 0x152aa    : c_li a5, 3                 : IntAlu :  D=0x0000000000000003
4276000: system.cpu: T0 : 0x152ac    : blt a5, a4, 260            : IntAlu : 
4276500: system.cpu: T0 : 0x152b0    : auipc a5, 100              : IntAlu :  D=0x00000000000792b0
4277000: system.cpu: T0 : 0x152b4    : ld a5, 1416(a5)            : MemRead :  D=0x000000000007a9c8 A=0x79838
4277500: system.cpu: T0 : 0x152b8    : c_ld a4, 32(a5)            : MemRead :  D=0x0000000000000000 A=0x7a9e8
4278500: system.cpu: T0 : 0x152ba    : auipc a5, 100              : IntAlu :  D=0x00000000000792ba
4279500: system.cpu: T0 : 0x152be    : ld a5, 1406(a5)            : MemRead :  D=0x000000000007a9c8 A=0x79838
4280000: system.cpu: T0 : 0x152c2    : c_ld a5, 0(a5)             : MemRead :  D=0x0000000000000000 A=0x7a9c8
4280500: system.cpu: T0 : 0x152c4    : bne a4, a5, 236            : IntAlu : 
4281000: system.cpu: T0 : 0x152c8    : auipc a5, 100              : IntAlu :  D=0x00000000000792c8
4281500: system.cpu: T0 : 0x152cc    : ld a5, 1392(a5)            : MemRead :  D=0x000000000007a9c8 A=0x79838
4282000: system.cpu: T0 : 0x152d0    : c_ld a4, 32(a5)            : MemRead :  D=0x0000000000000000 A=0x7a9e8
4283000: system.cpu: T0 : 0x152d2    : auipc a5, 100              : IntAlu :  D=0x00000000000792d2
4284000: system.cpu: T0 : 0x152d6    : ld a5, 1382(a5)            : MemRead :  D=0x000000000007a9c8 A=0x79838
4284500: system.cpu: T0 : 0x152da    : c_ld a5, 16(a5)            : MemRead :  D=0x0000000000000000 A=0x7a9d8
4285000: system.cpu: T0 : 0x152dc    : bne a4, a5, 212            : IntAlu : 
4285500: system.cpu: T0 : 0x152e0    : auipc a5, 100              : IntAlu :  D=0x00000000000792e0
4286000: system.cpu: T0 : 0x152e4    : ld a5, 1368(a5)            : MemRead :  D=0x000000000007a9c8 A=0x79838
4286500: system.cpu: T0 : 0x152e8    : c_ld a5, 8(a5)             : MemRead :  D=0x0000000000000000 A=0x7a9d0
4287500: system.cpu: T0 : 0x152ea    : sd a5, -1600(s0)           : MemWrite :  D=0x0000000000000000 A=0x7ffffffffffff7b0
4288500: system.cpu: T0 : 0x152ee    : auipc a5, 100              : IntAlu :  D=0x00000000000792ee
4289500: system.cpu: T0 : 0x152f2    : ld a5, 1354(a5)            : MemRead :  D=0x000000000007a9c8 A=0x79838
4290000: system.cpu: T0 : 0x152f6    : c_ld a5, 32(a5)            : MemRead :  D=0x0000000000000000 A=0x7a9e8
4290500: system.cpu: T0 : 0x152f8    : sd a5, -1592(s0)           : MemWrite :  D=0x0000000000000000 A=0x7ffffffffffff7b8
4291000: system.cpu: T0 : 0x152fc    : ld a4, -1592(s0)           : MemRead :  D=0x0000000000000000 A=0x7ffffffffffff7b8
4291500: system.cpu: T0 : 0x15300    : ld a5, -1600(s0)           : MemRead :  D=0x0000000000000000 A=0x7ffffffffffff7b0
4292000: system.cpu: T0 : 0x15304    : bge a5, a4, 172            : IntAlu : 
4292500: system.cpu: T0 : 0x153b0    : auipc a5, 99               : IntAlu :  D=0x00000000000783b0
4293000: system.cpu: T0 : 0x153b4    : addi a5, a5, -940          : IntAlu :  D=0x0000000000078004
4293500: system.cpu: T0 : 0x153b8    : c_lw a5, 0(a5)             : MemRead :  D=0x0000000000000005 A=0x78004
4294000: system.cpu: T0 : 0x153ba    : c_addiw a5, 0              : IntAlu :  D=0x0000000000000005
4294500: system.cpu: T0 : 0x153bc    : c_mv a4, a5                : IntAlu :  D=0x0000000000000005
4295000: system.cpu: T0 : 0x153be    : c_li a5, 4                 : IntAlu :  D=0x0000000000000004
4295500: system.cpu: T0 : 0x153c0    : bge a5, a4, 276            : IntAlu : 
4296000: system.cpu: T0 : 0x153c4    : addi a5, gp, -960          : IntAlu :  D=0x0000000000079c88
4296500: system.cpu: T0 : 0x153c8    : c_lw a5, 0(a5)             : MemRead :  D=0x0000000000000000 A=0x79c88
4297000: system.cpu: T0 : 0x153ca    : c_addiw a5, 0              : IntAlu :  D=0x0000000000000000
4297500: system.cpu: T0 : 0x153cc    : c_mv a4, a5                : IntAlu :  D=0x0000000000000000
4298000: system.cpu: T0 : 0x153ce    : c_li a5, 3                 : IntAlu :  D=0x0000000000000003
4298500: system.cpu: T0 : 0x153d0    : blt a5, a4, 260            : IntAlu : 
4299000: system.cpu: T0 : 0x153d4    : auipc a5, 100              : IntAlu :  D=0x00000000000793d4
4299500: system.cpu: T0 : 0x153d8    : ld a5, 1124(a5)            : MemRead :  D=0x000000000007a9c8 A=0x79838
4300000: system.cpu: T0 : 0x153dc    : c_ld a4, 32(a5)            : MemRead :  D=0x0000000000000000 A=0x7a9e8
4301000: system.cpu: T0 : 0x153de    : auipc a5, 100              : IntAlu :  D=0x00000000000793de
4302000: system.cpu: T0 : 0x153e2    : ld a5, 1114(a5)            : MemRead :  D=0x000000000007a9c8 A=0x79838
4302500: system.cpu: T0 : 0x153e6    : c_ld a5, 0(a5)             : MemRead :  D=0x0000000000000000 A=0x7a9c8
4303000: system.cpu: T0 : 0x153e8    : bne a4, a5, 236            : IntAlu : 
4303500: system.cpu: T0 : 0x153ec    : auipc a5, 100              : IntAlu :  D=0x00000000000793ec
4304000: system.cpu: T0 : 0x153f0    : ld a5, 1100(a5)            : MemRead :  D=0x000000000007a9c8 A=0x79838
4304500: system.cpu: T0 : 0x153f4    : c_ld a4, 32(a5)            : MemRead :  D=0x0000000000000000 A=0x7a9e8
4305500: system.cpu: T0 : 0x153f6    : auipc a5, 100              : IntAlu :  D=0x00000000000793f6
4306500: system.cpu: T0 : 0x153fa    : ld a5, 1090(a5)            : MemRead :  D=0x000000000007a9c8 A=0x79838
4307000: system.cpu: T0 : 0x153fe    : c_ld a5, 24(a5)            : MemRead :  D=0x0000000000000000 A=0x7a9e0
4307500: system.cpu: T0 : 0x15400    : bne a4, a5, 212            : IntAlu : 
4308000: system.cpu: T0 : 0x15404    : auipc a5, 100              : IntAlu :  D=0x0000000000079404
4308500: system.cpu: T0 : 0x15408    : ld a5, 1076(a5)            : MemRead :  D=0x000000000007a9c8 A=0x79838
4309000: system.cpu: T0 : 0x1540c    : c_ld a5, 8(a5)             : MemRead :  D=0x0000000000000000 A=0x7a9d0
4310000: system.cpu: T0 : 0x1540e    : sd a5, -1576(s0)           : MemWrite :  D=0x0000000000000000 A=0x7ffffffffffff7c8
4311000: system.cpu: T0 : 0x15412    : auipc a5, 100              : IntAlu :  D=0x0000000000079412
4312000: system.cpu: T0 : 0x15416    : ld a5, 1062(a5)            : MemRead :  D=0x000000000007a9c8 A=0x79838
4312500: system.cpu: T0 : 0x1541a    : c_ld a5, 32(a5)            : MemRead :  D=0x0000000000000000 A=0x7a9e8
4313000: system.cpu: T0 : 0x1541c    : sd a5, -1568(s0)           : MemWrite :  D=0x0000000000000000 A=0x7ffffffffffff7d0
4313500: system.cpu: T0 : 0x15420    : ld a4, -1568(s0)           : MemRead :  D=0x0000000000000000 A=0x7ffffffffffff7d0
4314000: system.cpu: T0 : 0x15424    : ld a5, -1576(s0)           : MemRead :  D=0x0000000000000000 A=0x7ffffffffffff7c8
4314500: system.cpu: T0 : 0x15428    : bge a5, a4, 172            : IntAlu : 
4315000: system.cpu: T0 : 0x154d4    : auipc a5, 99               : IntAlu :  D=0x00000000000784d4
4315500: system.cpu: T0 : 0x154d8    : addi a5, a5, -1232         : IntAlu :  D=0x0000000000078004
4316000: system.cpu: T0 : 0x154dc    : c_lw a5, 0(a5)             : MemRead :  D=0x0000000000000005 A=0x78004
4316500: system.cpu: T0 : 0x154de    : c_addiw a5, 0              : IntAlu :  D=0x0000000000000005
4317000: system.cpu: T0 : 0x154e0    : c_mv a4, a5                : IntAlu :  D=0x0000000000000005
4317500: system.cpu: T0 : 0x154e2    : c_li a5, 4                 : IntAlu :  D=0x0000000000000004
4318000: system.cpu: T0 : 0x154e4    : bge a5, a4, 276            : IntAlu : 
4318500: system.cpu: T0 : 0x154e8    : addi a5, gp, -960          : IntAlu :  D=0x0000000000079c88
4319000: system.cpu: T0 : 0x154ec    : c_lw a5, 0(a5)             : MemRead :  D=0x0000000000000000 A=0x79c88
4319500: system.cpu: T0 : 0x154ee    : c_addiw a5, 0              : IntAlu :  D=0x0000000000000000
4320000: system.cpu: T0 : 0x154f0    : c_mv a4, a5                : IntAlu :  D=0x0000000000000000
4320500: system.cpu: T0 : 0x154f2    : c_li a5, 3                 : IntAlu :  D=0x0000000000000003
4321000: system.cpu: T0 : 0x154f4    : blt a5, a4, 260            : IntAlu : 
4321500: system.cpu: T0 : 0x154f8    : auipc a5, 100              : IntAlu :  D=0x00000000000794f8
4322000: system.cpu: T0 : 0x154fc    : ld a5, 832(a5)             : MemRead :  D=0x000000000007a9c8 A=0x79838
4322500: system.cpu: T0 : 0x15500    : c_ld a4, 32(a5)            : MemRead :  D=0x0000000000000000 A=0x7a9e8
4323500: system.cpu: T0 : 0x15502    : auipc a5, 100              : IntAlu :  D=0x0000000000079502
4324500: system.cpu: T0 : 0x15506    : ld a5, 822(a5)             : MemRead :  D=0x000000000007a9c8 A=0x79838
4325000: system.cpu: T0 : 0x1550a    : c_ld a5, 16(a5)            : MemRead :  D=0x0000000000000000 A=0x7a9d8
4325500: system.cpu: T0 : 0x1550c    : bne a4, a5, 236            : IntAlu : 
4326000: system.cpu: T0 : 0x15510    : auipc a5, 100              : IntAlu :  D=0x0000000000079510
4326500: system.cpu: T0 : 0x15514    : ld a5, 808(a5)             : MemRead :  D=0x000000000007a9c8 A=0x79838
4327000: system.cpu: T0 : 0x15518    : c_ld a4, 32(a5)            : MemRead :  D=0x0000000000000000 A=0x7a9e8
4328000: system.cpu: T0 : 0x1551a    : auipc a5, 100              : IntAlu :  D=0x000000000007951a
4329000: system.cpu: T0 : 0x1551e    : ld a5, 798(a5)             : MemRead :  D=0x000000000007a9c8 A=0x79838
4329500: system.cpu: T0 : 0x15522    : c_ld a5, 0(a5)             : MemRead :  D=0x0000000000000000 A=0x7a9c8
4330000: system.cpu: T0 : 0x15524    : bne a4, a5, 212            : IntAlu : 
4330500: system.cpu: T0 : 0x15528    : auipc a5, 100              : IntAlu :  D=0x0000000000079528
4331000: system.cpu: T0 : 0x1552c    : ld a5, 784(a5)             : MemRead :  D=0x000000000007a9c8 A=0x79838
4331500: system.cpu: T0 : 0x15530    : c_ld a5, 8(a5)             : MemRead :  D=0x0000000000000000 A=0x7a9d0
4332500: system.cpu: T0 : 0x15532    : sd a5, -1552(s0)           : MemWrite :  D=0x0000000000000000 A=0x7ffffffffffff7e0
4333500: system.cpu: T0 : 0x15536    : auipc a5, 100              : IntAlu :  D=0x0000000000079536
4334500: system.cpu: T0 : 0x1553a    : ld a5, 770(a5)             : MemRead :  D=0x000000000007a9c8 A=0x79838
4335000: system.cpu: T0 : 0x1553e    : c_ld a5, 32(a5)            : MemRead :  D=0x0000000000000000 A=0x7a9e8
4335500: system.cpu: T0 : 0x15540    : sd a5, -1544(s0)           : MemWrite :  D=0x0000000000000000 A=0x7ffffffffffff7e8
4336000: system.cpu: T0 : 0x15544    : ld a4, -1544(s0)           : MemRead :  D=0x0000000000000000 A=0x7ffffffffffff7e8
4336500: system.cpu: T0 : 0x15548    : ld a5, -1552(s0)           : MemRead :  D=0x0000000000000000 A=0x7ffffffffffff7e0
4337000: system.cpu: T0 : 0x1554c    : bge a5, a4, 172            : IntAlu : 
4337500: system.cpu: T0 : 0x155f8    : auipc a5, 99               : IntAlu :  D=0x00000000000785f8
4338000: system.cpu: T0 : 0x155fc    : addi a5, a5, -1524         : IntAlu :  D=0x0000000000078004
4338500: system.cpu: T0 : 0x15600    : c_lw a5, 0(a5)             : MemRead :  D=0x0000000000000005 A=0x78004
4339000: system.cpu: T0 : 0x15602    : c_addiw a5, 0              : IntAlu :  D=0x0000000000000005
4339500: system.cpu: T0 : 0x15604    : c_mv a4, a5                : IntAlu :  D=0x0000000000000005
4340000: system.cpu: T0 : 0x15606    : c_li a5, 4                 : IntAlu :  D=0x0000000000000004
4340500: system.cpu: T0 : 0x15608    : bge a5, a4, 256            : IntAlu : 
4341000: system.cpu: T0 : 0x1560c    : addi a5, gp, -960          : IntAlu :  D=0x0000000000079c88
4341500: system.cpu: T0 : 0x15610    : c_lw a5, 0(a5)             : MemRead :  D=0x0000000000000000 A=0x79c88
4342000: system.cpu: T0 : 0x15612    : c_addiw a5, 0              : IntAlu :  D=0x0000000000000000
4342500: system.cpu: T0 : 0x15614    : c_mv a4, a5                : IntAlu :  D=0x0000000000000000
4343000: system.cpu: T0 : 0x15616    : c_li a5, 3                 : IntAlu :  D=0x0000000000000003
4343500: system.cpu: T0 : 0x15618    : blt a5, a4, 240            : IntAlu : 
4344000: system.cpu: T0 : 0x1561c    : auipc a5, 100              : IntAlu :  D=0x000000000007961c
4344500: system.cpu: T0 : 0x15620    : ld a5, 540(a5)             : MemRead :  D=0x000000000007a9c8 A=0x79838
4345000: system.cpu: T0 : 0x15624    : c_ld a4, 32(a5)            : MemRead :  D=0x0000000000000000 A=0x7a9e8
4346000: system.cpu: T0 : 0x15626    : auipc a5, 100              : IntAlu :  D=0x0000000000079626
4347000: system.cpu: T0 : 0x1562a    : ld a5, 530(a5)             : MemRead :  D=0x000000000007a9c8 A=0x79838
4347500: system.cpu: T0 : 0x1562e    : c_ld a5, 16(a5)            : MemRead :  D=0x0000000000000000 A=0x7a9d8
4348000: system.cpu: T0 : 0x15630    : bne a4, a5, 216            : IntAlu : 
4348500: system.cpu: T0 : 0x15634    : auipc a5, 100              : IntAlu :  D=0x0000000000079634
4349000: system.cpu: T0 : 0x15638    : ld a5, 516(a5)             : MemRead :  D=0x000000000007a9c8 A=0x79838
4349500: system.cpu: T0 : 0x1563c    : c_ld a4, 32(a5)            : MemRead :  D=0x0000000000000000 A=0x7a9e8
4350500: system.cpu: T0 : 0x1563e    : auipc a5, 100              : IntAlu :  D=0x000000000007963e
4351500: system.cpu: T0 : 0x15642    : ld a5, 506(a5)             : MemRead :  D=0x000000000007a9c8 A=0x79838
4352000: system.cpu: T0 : 0x15646    : c_ld a5, 24(a5)            : MemRead :  D=0x0000000000000000 A=0x7a9e0
4352500: system.cpu: T0 : 0x15648    : bne a4, a5, 192            : IntAlu : 
4353000: system.cpu: T0 : 0x1564c    : auipc a5, 100              : IntAlu :  D=0x000000000007964c
4353500: system.cpu: T0 : 0x15650    : ld a5, 492(a5)             : MemRead :  D=0x000000000007a9c8 A=0x79838
4354000: system.cpu: T0 : 0x15654    : c_ld a5, 8(a5)             : MemRead :  D=0x0000000000000000 A=0x7a9d0
4355000: system.cpu: T0 : 0x15656    : sd a5, -1528(s0)           : MemWrite :  D=0x0000000000000000 A=0x7ffffffffffff7f8
4356000: system.cpu: T0 : 0x1565a    : auipc a5, 100              : IntAlu :  D=0x000000000007965a
4357000: system.cpu: T0 : 0x1565e    : ld a5, 478(a5)             : MemRead :  D=0x000000000007a9c8 A=0x79838
4357500: system.cpu: T0 : 0x15662    : c_ld a5, 32(a5)            : MemRead :  D=0x0000000000000000 A=0x7a9e8
4358000: system.cpu: T0 : 0x15664    : sd a5, -1520(s0)           : MemWrite :  D=0x0000000000000000 A=0x7ffffffffffff800
4358500: system.cpu: T0 : 0x15668    : ld a4, -1520(s0)           : MemRead :  D=0x0000000000000000 A=0x7ffffffffffff800
4359000: system.cpu: T0 : 0x1566c    : ld a5, -1528(s0)           : MemRead :  D=0x0000000000000000 A=0x7ffffffffffff7f8
4359500: system.cpu: T0 : 0x15670    : bge a5, a4, 152            : IntAlu : 
4360000: system.cpu: T0 : 0x15708    : auipc a5, 99               : IntAlu :  D=0x0000000000078708
4360500: system.cpu: T0 : 0x1570c    : addi a5, a5, -1796         : IntAlu :  D=0x0000000000078004
4361000: system.cpu: T0 : 0x15710    : c_lw a5, 0(a5)             : MemRead :  D=0x0000000000000005 A=0x78004
4361500: system.cpu: T0 : 0x15712    : c_addiw a5, 0              : IntAlu :  D=0x0000000000000005
4362000: system.cpu: T0 : 0x15714    : c_mv a4, a5                : IntAlu :  D=0x0000000000000005
4362500: system.cpu: T0 : 0x15716    : c_li a5, 4                 : IntAlu :  D=0x0000000000000004
4363000: system.cpu: T0 : 0x15718    : bge a5, a4, 276            : IntAlu : 
4363500: system.cpu: T0 : 0x1571c    : addi a5, gp, -960          : IntAlu :  D=0x0000000000079c88
4364000: system.cpu: T0 : 0x15720    : c_lw a5, 0(a5)             : MemRead :  D=0x0000000000000000 A=0x79c88
4364500: system.cpu: T0 : 0x15722    : c_addiw a5, 0              : IntAlu :  D=0x0000000000000000
4365000: system.cpu: T0 : 0x15724    : c_mv a4, a5                : IntAlu :  D=0x0000000000000000
4365500: system.cpu: T0 : 0x15726    : c_li a5, 3                 : IntAlu :  D=0x0000000000000003
4366000: system.cpu: T0 : 0x15728    : blt a5, a4, 260            : IntAlu : 
4366500: system.cpu: T0 : 0x1572c    : auipc a5, 100              : IntAlu :  D=0x000000000007972c
4367000: system.cpu: T0 : 0x15730    : ld a5, 268(a5)             : MemRead :  D=0x000000000007a9c8 A=0x79838
4367500: system.cpu: T0 : 0x15734    : c_ld a4, 32(a5)            : MemRead :  D=0x0000000000000000 A=0x7a9e8
4368500: system.cpu: T0 : 0x15736    : auipc a5, 100              : IntAlu :  D=0x0000000000079736
4369500: system.cpu: T0 : 0x1573a    : ld a5, 258(a5)             : MemRead :  D=0x000000000007a9c8 A=0x79838
4370000: system.cpu: T0 : 0x1573e    : c_ld a5, 24(a5)            : MemRead :  D=0x0000000000000000 A=0x7a9e0
4370500: system.cpu: T0 : 0x15740    : bne a4, a5, 236            : IntAlu : 
4371000: system.cpu: T0 : 0x15744    : auipc a5, 100              : IntAlu :  D=0x0000000000079744
4371500: system.cpu: T0 : 0x15748    : ld a5, 244(a5)             : MemRead :  D=0x000000000007a9c8 A=0x79838
4372000: system.cpu: T0 : 0x1574c    : c_ld a4, 32(a5)            : MemRead :  D=0x0000000000000000 A=0x7a9e8
4373000: system.cpu: T0 : 0x1574e    : auipc a5, 100              : IntAlu :  D=0x000000000007974e
4374000: system.cpu: T0 : 0x15752    : ld a5, 234(a5)             : MemRead :  D=0x000000000007a9c8 A=0x79838
4374500: system.cpu: T0 : 0x15756    : c_ld a5, 0(a5)             : MemRead :  D=0x0000000000000000 A=0x7a9c8
4375000: system.cpu: T0 : 0x15758    : bne a4, a5, 212            : IntAlu : 
4375500: system.cpu: T0 : 0x1575c    : auipc a5, 100              : IntAlu :  D=0x000000000007975c
4376000: system.cpu: T0 : 0x15760    : ld a5, 220(a5)             : MemRead :  D=0x000000000007a9c8 A=0x79838
4376500: system.cpu: T0 : 0x15764    : c_ld a5, 8(a5)             : MemRead :  D=0x0000000000000000 A=0x7a9d0
4377500: system.cpu: T0 : 0x15766    : sd a5, -1504(s0)           : MemWrite :  D=0x0000000000000000 A=0x7ffffffffffff810
4378500: system.cpu: T0 : 0x1576a    : auipc a5, 100              : IntAlu :  D=0x000000000007976a
4379500: system.cpu: T0 : 0x1576e    : ld a5, 206(a5)             : MemRead :  D=0x000000000007a9c8 A=0x79838
4380000: system.cpu: T0 : 0x15772    : c_ld a5, 32(a5)            : MemRead :  D=0x0000000000000000 A=0x7a9e8
4380500: system.cpu: T0 : 0x15774    : sd a5, -1496(s0)           : MemWrite :  D=0x0000000000000000 A=0x7ffffffffffff818
4381000: system.cpu: T0 : 0x15778    : ld a4, -1496(s0)           : MemRead :  D=0x0000000000000000 A=0x7ffffffffffff818
4381500: system.cpu: T0 : 0x1577c    : ld a5, -1504(s0)           : MemRead :  D=0x0000000000000000 A=0x7ffffffffffff810
4382000: system.cpu: T0 : 0x15780    : bge a5, a4, 172            : IntAlu : 
4382500: system.cpu: T0 : 0x1582c    : auipc a5, 98               : IntAlu :  D=0x000000000007782c
4383000: system.cpu: T0 : 0x15830    : addi a5, a5, 2008          : IntAlu :  D=0x0000000000078004
4383500: system.cpu: T0 : 0x15834    : c_lw a5, 0(a5)             : MemRead :  D=0x0000000000000005 A=0x78004
4384000: system.cpu: T0 : 0x15836    : c_addiw a5, 0              : IntAlu :  D=0x0000000000000005
4384500: system.cpu: T0 : 0x15838    : c_mv a4, a5                : IntAlu :  D=0x0000000000000005
4385000: system.cpu: T0 : 0x1583a    : c_li a5, 4                 : IntAlu :  D=0x0000000000000004
4385500: system.cpu: T0 : 0x1583c    : bge a5, a4, 256            : IntAlu : 
4386000: system.cpu: T0 : 0x15840    : addi a5, gp, -960          : IntAlu :  D=0x0000000000079c88
4386500: system.cpu: T0 : 0x15844    : c_lw a5, 0(a5)             : MemRead :  D=0x0000000000000000 A=0x79c88
4387000: system.cpu: T0 : 0x15846    : c_addiw a5, 0              : IntAlu :  D=0x0000000000000000
4387500: system.cpu: T0 : 0x15848    : c_mv a4, a5                : IntAlu :  D=0x0000000000000000
4388000: system.cpu: T0 : 0x1584a    : c_li a5, 3                 : IntAlu :  D=0x0000000000000003
4388500: system.cpu: T0 : 0x1584c    : blt a5, a4, 240            : IntAlu : 
4389000: system.cpu: T0 : 0x15850    : auipc a5, 100              : IntAlu :  D=0x0000000000079850
4389500: system.cpu: T0 : 0x15854    : ld a5, -24(a5)             : MemRead :  D=0x000000000007a9c8 A=0x79838
4390000: system.cpu: T0 : 0x15858    : c_ld a4, 32(a5)            : MemRead :  D=0x0000000000000000 A=0x7a9e8
4391000: system.cpu: T0 : 0x1585a    : auipc a5, 100              : IntAlu :  D=0x000000000007985a
4392000: system.cpu: T0 : 0x1585e    : ld a5, -34(a5)             : MemRead :  D=0x000000000007a9c8 A=0x79838
4392500: system.cpu: T0 : 0x15862    : c_ld a5, 24(a5)            : MemRead :  D=0x0000000000000000 A=0x7a9e0
4393000: system.cpu: T0 : 0x15864    : bne a4, a5, 216            : IntAlu : 
4393500: system.cpu: T0 : 0x15868    : auipc a5, 100              : IntAlu :  D=0x0000000000079868
4394000: system.cpu: T0 : 0x1586c    : ld a5, -48(a5)             : MemRead :  D=0x000000000007a9c8 A=0x79838
4394500: system.cpu: T0 : 0x15870    : c_ld a4, 32(a5)            : MemRead :  D=0x0000000000000000 A=0x7a9e8
4395500: system.cpu: T0 : 0x15872    : auipc a5, 100              : IntAlu :  D=0x0000000000079872
4396500: system.cpu: T0 : 0x15876    : ld a5, -58(a5)             : MemRead :  D=0x000000000007a9c8 A=0x79838
4397000: system.cpu: T0 : 0x1587a    : c_ld a5, 16(a5)            : MemRead :  D=0x0000000000000000 A=0x7a9d8
4397500: system.cpu: T0 : 0x1587c    : bne a4, a5, 192            : IntAlu : 
4398000: system.cpu: T0 : 0x15880    : auipc a5, 100              : IntAlu :  D=0x0000000000079880
4398500: system.cpu: T0 : 0x15884    : ld a5, -72(a5)             : MemRead :  D=0x000000000007a9c8 A=0x79838
4399000: system.cpu: T0 : 0x15888    : c_ld a5, 8(a5)             : MemRead :  D=0x0000000000000000 A=0x7a9d0
4400000: system.cpu: T0 : 0x1588a    : sd a5, -1480(s0)           : MemWrite :  D=0x0000000000000000 A=0x7ffffffffffff828
4401000: system.cpu: T0 : 0x1588e    : auipc a5, 100              : IntAlu :  D=0x000000000007988e
4402000: system.cpu: T0 : 0x15892    : ld a5, -86(a5)             : MemRead :  D=0x000000000007a9c8 A=0x79838
4402500: system.cpu: T0 : 0x15896    : c_ld a5, 32(a5)            : MemRead :  D=0x0000000000000000 A=0x7a9e8
4403000: system.cpu: T0 : 0x15898    : sd a5, -1472(s0)           : MemWrite :  D=0x0000000000000000 A=0x7ffffffffffff830
4403500: system.cpu: T0 : 0x1589c    : ld a4, -1472(s0)           : MemRead :  D=0x0000000000000000 A=0x7ffffffffffff830
4404000: system.cpu: T0 : 0x158a0    : ld a5, -1480(s0)           : MemRead :  D=0x0000000000000000 A=0x7ffffffffffff828
4404500: system.cpu: T0 : 0x158a4    : bge a5, a4, 152            : IntAlu : 
4405000: system.cpu: T0 : 0x1593c    : auipc a5, 98               : IntAlu :  D=0x000000000007793c
4405500: system.cpu: T0 : 0x15940    : addi a5, a5, 1736          : IntAlu :  D=0x0000000000078004
4406000: system.cpu: T0 : 0x15944    : c_lw a5, 0(a5)             : MemRead :  D=0x0000000000000005 A=0x78004
4406500: system.cpu: T0 : 0x15946    : c_addiw a5, 0              : IntAlu :  D=0x0000000000000005
4407000: system.cpu: T0 : 0x15948    : c_mv a4, a5                : IntAlu :  D=0x0000000000000005
4407500: system.cpu: T0 : 0x1594a    : c_li a5, 4                 : IntAlu :  D=0x0000000000000004
4408000: system.cpu: T0 : 0x1594c    : bge a5, a4, 276            : IntAlu : 
4408500: system.cpu: T0 : 0x15950    : addi a5, gp, -960          : IntAlu :  D=0x0000000000079c88
4409000: system.cpu: T0 : 0x15954    : c_lw a5, 0(a5)             : MemRead :  D=0x0000000000000000 A=0x79c88
4409500: system.cpu: T0 : 0x15956    : c_addiw a5, 0              : IntAlu :  D=0x0000000000000000
4410000: system.cpu: T0 : 0x15958    : c_mv a4, a5                : IntAlu :  D=0x0000000000000000
4410500: system.cpu: T0 : 0x1595a    : c_li a5, 3                 : IntAlu :  D=0x0000000000000003
4411000: system.cpu: T0 : 0x1595c    : blt a5, a4, 260            : IntAlu : 
4411500: system.cpu: T0 : 0x15960    : auipc a5, 100              : IntAlu :  D=0x0000000000079960
4412000: system.cpu: T0 : 0x15964    : ld a5, -296(a5)            : MemRead :  D=0x000000000007a9c8 A=0x79838
4412500: system.cpu: T0 : 0x15968    : c_ld a4, 0(a5)             : MemRead :  D=0x0000000000000000 A=0x7a9c8
4413500: system.cpu: T0 : 0x1596a    : auipc a5, 100              : IntAlu :  D=0x000000000007996a
4414500: system.cpu: T0 : 0x1596e    : ld a5, -306(a5)            : MemRead :  D=0x000000000007a9c8 A=0x79838
4415000: system.cpu: T0 : 0x15972    : c_ld a5, 8(a5)             : MemRead :  D=0x0000000000000000 A=0x7a9d0
4415500: system.cpu: T0 : 0x15974    : bne a4, a5, 236            : IntAlu : 
4416000: system.cpu: T0 : 0x15978    : auipc a5, 100              : IntAlu :  D=0x0000000000079978
4416500: system.cpu: T0 : 0x1597c    : ld a5, -320(a5)            : MemRead :  D=0x000000000007a9c8 A=0x79838
4417000: system.cpu: T0 : 0x15980    : c_ld a4, 0(a5)             : MemRead :  D=0x0000000000000000 A=0x7a9c8
4418000: system.cpu: T0 : 0x15982    : auipc a5, 100              : IntAlu :  D=0x0000000000079982
4419000: system.cpu: T0 : 0x15986    : ld a5, -330(a5)            : MemRead :  D=0x000000000007a9c8 A=0x79838
4419500: system.cpu: T0 : 0x1598a    : c_ld a5, 32(a5)            : MemRead :  D=0x0000000000000000 A=0x7a9e8
4420000: system.cpu: T0 : 0x1598c    : bne a4, a5, 212            : IntAlu : 
4420500: system.cpu: T0 : 0x15990    : auipc a5, 100              : IntAlu :  D=0x0000000000079990
4421000: system.cpu: T0 : 0x15994    : ld a5, -344(a5)            : MemRead :  D=0x000000000007a9c8 A=0x79838
4421500: system.cpu: T0 : 0x15998    : c_ld a5, 16(a5)            : MemRead :  D=0x0000000000000000 A=0x7a9d8
4422500: system.cpu: T0 : 0x1599a    : sd a5, -1456(s0)           : MemWrite :  D=0x0000000000000000 A=0x7ffffffffffff840
4423500: system.cpu: T0 : 0x1599e    : auipc a5, 100              : IntAlu :  D=0x000000000007999e
4424500: system.cpu: T0 : 0x159a2    : ld a5, -358(a5)            : MemRead :  D=0x000000000007a9c8 A=0x79838
4425000: system.cpu: T0 : 0x159a6    : c_ld a5, 0(a5)             : MemRead :  D=0x0000000000000000 A=0x7a9c8
4425500: system.cpu: T0 : 0x159a8    : sd a5, -1448(s0)           : MemWrite :  D=0x0000000000000000 A=0x7ffffffffffff848
4426000: system.cpu: T0 : 0x159ac    : ld a4, -1448(s0)           : MemRead :  D=0x0000000000000000 A=0x7ffffffffffff848
4426500: system.cpu: T0 : 0x159b0    : ld a5, -1456(s0)           : MemRead :  D=0x0000000000000000 A=0x7ffffffffffff840
4427000: system.cpu: T0 : 0x159b4    : bge a5, a4, 172            : IntAlu : 
4427500: system.cpu: T0 : 0x15a60    : auipc a5, 98               : IntAlu :  D=0x0000000000077a60
4428000: system.cpu: T0 : 0x15a64    : addi a5, a5, 1444          : IntAlu :  D=0x0000000000078004
4428500: system.cpu: T0 : 0x15a68    : c_lw a5, 0(a5)             : MemRead :  D=0x0000000000000005 A=0x78004
4429000: system.cpu: T0 : 0x15a6a    : c_addiw a5, 0              : IntAlu :  D=0x0000000000000005
4429500: system.cpu: T0 : 0x15a6c    : c_mv a4, a5                : IntAlu :  D=0x0000000000000005
4430000: system.cpu: T0 : 0x15a6e    : c_li a5, 4                 : IntAlu :  D=0x0000000000000004
4430500: system.cpu: T0 : 0x15a70    : bge a5, a4, 276            : IntAlu : 
4431000: system.cpu: T0 : 0x15a74    : addi a5, gp, -960          : IntAlu :  D=0x0000000000079c88
4431500: system.cpu: T0 : 0x15a78    : c_lw a5, 0(a5)             : MemRead :  D=0x0000000000000000 A=0x79c88
4432000: system.cpu: T0 : 0x15a7a    : c_addiw a5, 0              : IntAlu :  D=0x0000000000000000
4432500: system.cpu: T0 : 0x15a7c    : c_mv a4, a5                : IntAlu :  D=0x0000000000000000
4433000: system.cpu: T0 : 0x15a7e    : c_li a5, 3                 : IntAlu :  D=0x0000000000000003
4433500: system.cpu: T0 : 0x15a80    : blt a5, a4, 260            : IntAlu : 
4434000: system.cpu: T0 : 0x15a84    : auipc a5, 100              : IntAlu :  D=0x0000000000079a84
4434500: system.cpu: T0 : 0x15a88    : ld a5, -588(a5)            : MemRead :  D=0x000000000007a9c8 A=0x79838
4435000: system.cpu: T0 : 0x15a8c    : c_ld a4, 0(a5)             : MemRead :  D=0x0000000000000000 A=0x7a9c8
4436000: system.cpu: T0 : 0x15a8e    : auipc a5, 100              : IntAlu :  D=0x0000000000079a8e
4437000: system.cpu: T0 : 0x15a92    : ld a5, -598(a5)            : MemRead :  D=0x000000000007a9c8 A=0x79838
4437500: system.cpu: T0 : 0x15a96    : c_ld a5, 24(a5)            : MemRead :  D=0x0000000000000000 A=0x7a9e0
4438000: system.cpu: T0 : 0x15a98    : bne a4, a5, 236            : IntAlu : 
4438500: system.cpu: T0 : 0x15a9c    : auipc a5, 100              : IntAlu :  D=0x0000000000079a9c
4439000: system.cpu: T0 : 0x15aa0    : ld a5, -612(a5)            : MemRead :  D=0x000000000007a9c8 A=0x79838
4439500: system.cpu: T0 : 0x15aa4    : c_ld a4, 0(a5)             : MemRead :  D=0x0000000000000000 A=0x7a9c8
4440500: system.cpu: T0 : 0x15aa6    : auipc a5, 100              : IntAlu :  D=0x0000000000079aa6
4441500: system.cpu: T0 : 0x15aaa    : ld a5, -622(a5)            : MemRead :  D=0x000000000007a9c8 A=0x79838
4442000: system.cpu: T0 : 0x15aae    : c_ld a5, 32(a5)            : MemRead :  D=0x0000000000000000 A=0x7a9e8
4442500: system.cpu: T0 : 0x15ab0    : bne a4, a5, 212            : IntAlu : 
4443000: system.cpu: T0 : 0x15ab4    : auipc a5, 100              : IntAlu :  D=0x0000000000079ab4
4443500: system.cpu: T0 : 0x15ab8    : ld a5, -636(a5)            : MemRead :  D=0x000000000007a9c8 A=0x79838
4444000: system.cpu: T0 : 0x15abc    : c_ld a5, 16(a5)            : MemRead :  D=0x0000000000000000 A=0x7a9d8
4445000: system.cpu: T0 : 0x15abe    : sd a5, -1432(s0)           : MemWrite :  D=0x0000000000000000 A=0x7ffffffffffff858
4446000: system.cpu: T0 : 0x15ac2    : auipc a5, 100              : IntAlu :  D=0x0000000000079ac2
4447000: system.cpu: T0 : 0x15ac6    : ld a5, -650(a5)            : MemRead :  D=0x000000000007a9c8 A=0x79838
4447500: system.cpu: T0 : 0x15aca    : c_ld a5, 0(a5)             : MemRead :  D=0x0000000000000000 A=0x7a9c8
4448000: system.cpu: T0 : 0x15acc    : sd a5, -1424(s0)           : MemWrite :  D=0x0000000000000000 A=0x7ffffffffffff860
4448500: system.cpu: T0 : 0x15ad0    : ld a4, -1424(s0)           : MemRead :  D=0x0000000000000000 A=0x7ffffffffffff860
4449000: system.cpu: T0 : 0x15ad4    : ld a5, -1432(s0)           : MemRead :  D=0x0000000000000000 A=0x7ffffffffffff858
4449500: system.cpu: T0 : 0x15ad8    : bge a5, a4, 172            : IntAlu : 
4450000: system.cpu: T0 : 0x15b84    : auipc a5, 98               : IntAlu :  D=0x0000000000077b84
4450500: system.cpu: T0 : 0x15b88    : addi a5, a5, 1152          : IntAlu :  D=0x0000000000078004
4451000: system.cpu: T0 : 0x15b8c    : c_lw a5, 0(a5)             : MemRead :  D=0x0000000000000005 A=0x78004
4451500: system.cpu: T0 : 0x15b8e    : c_addiw a5, 0              : IntAlu :  D=0x0000000000000005
4452000: system.cpu: T0 : 0x15b90    : c_mv a4, a5                : IntAlu :  D=0x0000000000000005
4452500: system.cpu: T0 : 0x15b92    : c_li a5, 4                 : IntAlu :  D=0x0000000000000004
4453000: system.cpu: T0 : 0x15b94    : bge a5, a4, 276            : IntAlu : 
4453500: system.cpu: T0 : 0x15b98    : addi a5, gp, -960          : IntAlu :  D=0x0000000000079c88
4454000: system.cpu: T0 : 0x15b9c    : c_lw a5, 0(a5)             : MemRead :  D=0x0000000000000000 A=0x79c88
4454500: system.cpu: T0 : 0x15b9e    : c_addiw a5, 0              : IntAlu :  D=0x0000000000000000
4455000: system.cpu: T0 : 0x15ba0    : c_mv a4, a5                : IntAlu :  D=0x0000000000000000
4455500: system.cpu: T0 : 0x15ba2    : c_li a5, 3                 : IntAlu :  D=0x0000000000000003
4456000: system.cpu: T0 : 0x15ba4    : blt a5, a4, 260            : IntAlu : 
4456500: system.cpu: T0 : 0x15ba8    : auipc a5, 100              : IntAlu :  D=0x0000000000079ba8
4457000: system.cpu: T0 : 0x15bac    : ld a5, -880(a5)            : MemRead :  D=0x000000000007a9c8 A=0x79838
4457500: system.cpu: T0 : 0x15bb0    : c_ld a4, 0(a5)             : MemRead :  D=0x0000000000000000 A=0x7a9c8
4458500: system.cpu: T0 : 0x15bb2    : auipc a5, 100              : IntAlu :  D=0x0000000000079bb2
4459500: system.cpu: T0 : 0x15bb6    : ld a5, -890(a5)            : MemRead :  D=0x000000000007a9c8 A=0x79838
4460000: system.cpu: T0 : 0x15bba    : c_ld a5, 32(a5)            : MemRead :  D=0x0000000000000000 A=0x7a9e8
4460500: system.cpu: T0 : 0x15bbc    : bne a4, a5, 236            : IntAlu : 
4461000: system.cpu: T0 : 0x15bc0    : auipc a5, 100              : IntAlu :  D=0x0000000000079bc0
4461500: system.cpu: T0 : 0x15bc4    : ld a5, -904(a5)            : MemRead :  D=0x000000000007a9c8 A=0x79838
4462000: system.cpu: T0 : 0x15bc8    : c_ld a4, 0(a5)             : MemRead :  D=0x0000000000000000 A=0x7a9c8
4463000: system.cpu: T0 : 0x15bca    : auipc a5, 100              : IntAlu :  D=0x0000000000079bca
4464000: system.cpu: T0 : 0x15bce    : ld a5, -914(a5)            : MemRead :  D=0x000000000007a9c8 A=0x79838
4464500: system.cpu: T0 : 0x15bd2    : c_ld a5, 8(a5)             : MemRead :  D=0x0000000000000000 A=0x7a9d0
4465000: system.cpu: T0 : 0x15bd4    : bne a4, a5, 212            : IntAlu : 
4465500: system.cpu: T0 : 0x15bd8    : auipc a5, 100              : IntAlu :  D=0x0000000000079bd8
4466000: system.cpu: T0 : 0x15bdc    : ld a5, -928(a5)            : MemRead :  D=0x000000000007a9c8 A=0x79838
4466500: system.cpu: T0 : 0x15be0    : c_ld a5, 16(a5)            : MemRead :  D=0x0000000000000000 A=0x7a9d8
4467500: system.cpu: T0 : 0x15be2    : sd a5, -1408(s0)           : MemWrite :  D=0x0000000000000000 A=0x7ffffffffffff870
4468500: system.cpu: T0 : 0x15be6    : auipc a5, 100              : IntAlu :  D=0x0000000000079be6
4469500: system.cpu: T0 : 0x15bea    : ld a5, -942(a5)            : MemRead :  D=0x000000000007a9c8 A=0x79838
4470000: system.cpu: T0 : 0x15bee    : c_ld a5, 0(a5)             : MemRead :  D=0x0000000000000000 A=0x7a9c8
4470500: system.cpu: T0 : 0x15bf0    : sd a5, -1400(s0)           : MemWrite :  D=0x0000000000000000 A=0x7ffffffffffff878
4471000: system.cpu: T0 : 0x15bf4    : ld a4, -1400(s0)           : MemRead :  D=0x0000000000000000 A=0x7ffffffffffff878
4471500: system.cpu: T0 : 0x15bf8    : ld a5, -1408(s0)           : MemRead :  D=0x0000000000000000 A=0x7ffffffffffff870
4472000: system.cpu: T0 : 0x15bfc    : bge a5, a4, 172            : IntAlu : 
4472500: system.cpu: T0 : 0x15ca8    : auipc a5, 98               : IntAlu :  D=0x0000000000077ca8
4473000: system.cpu: T0 : 0x15cac    : addi a5, a5, 860           : IntAlu :  D=0x0000000000078004
4473500: system.cpu: T0 : 0x15cb0    : c_lw a5, 0(a5)             : MemRead :  D=0x0000000000000005 A=0x78004
4474000: system.cpu: T0 : 0x15cb2    : c_addiw a5, 0              : IntAlu :  D=0x0000000000000005
4474500: system.cpu: T0 : 0x15cb4    : c_mv a4, a5                : IntAlu :  D=0x0000000000000005
4475000: system.cpu: T0 : 0x15cb6    : c_li a5, 4                 : IntAlu :  D=0x0000000000000004
4475500: system.cpu: T0 : 0x15cb8    : bge a5, a4, 276            : IntAlu : 
4476000: system.cpu: T0 : 0x15cbc    : addi a5, gp, -960          : IntAlu :  D=0x0000000000079c88
4476500: system.cpu: T0 : 0x15cc0    : c_lw a5, 0(a5)             : MemRead :  D=0x0000000000000000 A=0x79c88
4477000: system.cpu: T0 : 0x15cc2    : c_addiw a5, 0              : IntAlu :  D=0x0000000000000000
4477500: system.cpu: T0 : 0x15cc4    : c_mv a4, a5                : IntAlu :  D=0x0000000000000000
4478000: system.cpu: T0 : 0x15cc6    : c_li a5, 3                 : IntAlu :  D=0x0000000000000003
4478500: system.cpu: T0 : 0x15cc8    : blt a5, a4, 260            : IntAlu : 
4479000: system.cpu: T0 : 0x15ccc    : auipc a5, 100              : IntAlu :  D=0x0000000000079ccc
4479500: system.cpu: T0 : 0x15cd0    : ld a5, -1172(a5)           : MemRead :  D=0x000000000007a9c8 A=0x79838
4480000: system.cpu: T0 : 0x15cd4    : c_ld a4, 0(a5)             : MemRead :  D=0x0000000000000000 A=0x7a9c8
4481000: system.cpu: T0 : 0x15cd6    : auipc a5, 100              : IntAlu :  D=0x0000000000079cd6
4482000: system.cpu: T0 : 0x15cda    : ld a5, -1182(a5)           : MemRead :  D=0x000000000007a9c8 A=0x79838
4482500: system.cpu: T0 : 0x15cde    : c_ld a5, 32(a5)            : MemRead :  D=0x0000000000000000 A=0x7a9e8
4483000: system.cpu: T0 : 0x15ce0    : bne a4, a5, 236            : IntAlu : 
4483500: system.cpu: T0 : 0x15ce4    : auipc a5, 100              : IntAlu :  D=0x0000000000079ce4
4484000: system.cpu: T0 : 0x15ce8    : ld a5, -1196(a5)           : MemRead :  D=0x000000000007a9c8 A=0x79838
4484500: system.cpu: T0 : 0x15cec    : c_ld a4, 0(a5)             : MemRead :  D=0x0000000000000000 A=0x7a9c8
4485500: system.cpu: T0 : 0x15cee    : auipc a5, 100              : IntAlu :  D=0x0000000000079cee
4486500: system.cpu: T0 : 0x15cf2    : ld a5, -1206(a5)           : MemRead :  D=0x000000000007a9c8 A=0x79838
4487000: system.cpu: T0 : 0x15cf6    : c_ld a5, 24(a5)            : MemRead :  D=0x0000000000000000 A=0x7a9e0
4487500: system.cpu: T0 : 0x15cf8    : bne a4, a5, 212            : IntAlu : 
4488000: system.cpu: T0 : 0x15cfc    : auipc a5, 100              : IntAlu :  D=0x0000000000079cfc
4488500: system.cpu: T0 : 0x15d00    : ld a5, -1220(a5)           : MemRead :  D=0x000000000007a9c8 A=0x79838
4489000: system.cpu: T0 : 0x15d04    : c_ld a5, 16(a5)            : MemRead :  D=0x0000000000000000 A=0x7a9d8
4490000: system.cpu: T0 : 0x15d06    : sd a5, -1384(s0)           : MemWrite :  D=0x0000000000000000 A=0x7ffffffffffff888
4491000: system.cpu: T0 : 0x15d0a    : auipc a5, 100              : IntAlu :  D=0x0000000000079d0a
4492000: system.cpu: T0 : 0x15d0e    : ld a5, -1234(a5)           : MemRead :  D=0x000000000007a9c8 A=0x79838
4492500: system.cpu: T0 : 0x15d12    : c_ld a5, 0(a5)             : MemRead :  D=0x0000000000000000 A=0x7a9c8
4493000: system.cpu: T0 : 0x15d14    : sd a5, -1376(s0)           : MemWrite :  D=0x0000000000000000 A=0x7ffffffffffff890
4493500: system.cpu: T0 : 0x15d18    : ld a4, -1376(s0)           : MemRead :  D=0x0000000000000000 A=0x7ffffffffffff890
4494000: system.cpu: T0 : 0x15d1c    : ld a5, -1384(s0)           : MemRead :  D=0x0000000000000000 A=0x7ffffffffffff888
4494500: system.cpu: T0 : 0x15d20    : bge a5, a4, 172            : IntAlu : 
4495000: system.cpu: T0 : 0x15dcc    : auipc a5, 98               : IntAlu :  D=0x0000000000077dcc
4495500: system.cpu: T0 : 0x15dd0    : addi a5, a5, 568           : IntAlu :  D=0x0000000000078004
4496000: system.cpu: T0 : 0x15dd4    : c_lw a5, 0(a5)             : MemRead :  D=0x0000000000000005 A=0x78004
4496500: system.cpu: T0 : 0x15dd6    : c_addiw a5, 0              : IntAlu :  D=0x0000000000000005
4497000: system.cpu: T0 : 0x15dd8    : c_mv a4, a5                : IntAlu :  D=0x0000000000000005
4497500: system.cpu: T0 : 0x15dda    : c_li a5, 4                 : IntAlu :  D=0x0000000000000004
4498000: system.cpu: T0 : 0x15ddc    : bge a5, a4, 276            : IntAlu : 
4498500: system.cpu: T0 : 0x15de0    : addi a5, gp, -960          : IntAlu :  D=0x0000000000079c88
4499000: system.cpu: T0 : 0x15de4    : c_lw a5, 0(a5)             : MemRead :  D=0x0000000000000000 A=0x79c88
4499500: system.cpu: T0 : 0x15de6    : c_addiw a5, 0              : IntAlu :  D=0x0000000000000000
4500000: system.cpu: T0 : 0x15de8    : c_mv a4, a5                : IntAlu :  D=0x0000000000000000
4500500: system.cpu: T0 : 0x15dea    : c_li a5, 3                 : IntAlu :  D=0x0000000000000003
4501000: system.cpu: T0 : 0x15dec    : blt a5, a4, 260            : IntAlu : 
4501500: system.cpu: T0 : 0x15df0    : auipc a5, 100              : IntAlu :  D=0x0000000000079df0
4502000: system.cpu: T0 : 0x15df4    : ld a5, -1464(a5)           : MemRead :  D=0x000000000007a9c8 A=0x79838
4502500: system.cpu: T0 : 0x15df8    : c_ld a4, 8(a5)             : MemRead :  D=0x0000000000000000 A=0x7a9d0
4503500: system.cpu: T0 : 0x15dfa    : auipc a5, 100              : IntAlu :  D=0x0000000000079dfa
4504500: system.cpu: T0 : 0x15dfe    : ld a5, -1474(a5)           : MemRead :  D=0x000000000007a9c8 A=0x79838
4505000: system.cpu: T0 : 0x15e02    : c_ld a5, 0(a5)             : MemRead :  D=0x0000000000000000 A=0x7a9c8
4505500: system.cpu: T0 : 0x15e04    : bne a4, a5, 236            : IntAlu : 
4506000: system.cpu: T0 : 0x15e08    : auipc a5, 100              : IntAlu :  D=0x0000000000079e08
4506500: system.cpu: T0 : 0x15e0c    : ld a5, -1488(a5)           : MemRead :  D=0x000000000007a9c8 A=0x79838
4507000: system.cpu: T0 : 0x15e10    : c_ld a4, 8(a5)             : MemRead :  D=0x0000000000000000 A=0x7a9d0
4508000: system.cpu: T0 : 0x15e12    : auipc a5, 100              : IntAlu :  D=0x0000000000079e12
4509000: system.cpu: T0 : 0x15e16    : ld a5, -1498(a5)           : MemRead :  D=0x000000000007a9c8 A=0x79838
4509500: system.cpu: T0 : 0x15e1a    : c_ld a5, 32(a5)            : MemRead :  D=0x0000000000000000 A=0x7a9e8
4510000: system.cpu: T0 : 0x15e1c    : bne a4, a5, 212            : IntAlu : 
4510500: system.cpu: T0 : 0x15e20    : auipc a5, 100              : IntAlu :  D=0x0000000000079e20
4511000: system.cpu: T0 : 0x15e24    : ld a5, -1512(a5)           : MemRead :  D=0x000000000007a9c8 A=0x79838
4511500: system.cpu: T0 : 0x15e28    : c_ld a5, 16(a5)            : MemRead :  D=0x0000000000000000 A=0x7a9d8
4512500: system.cpu: T0 : 0x15e2a    : sd a5, -1360(s0)           : MemWrite :  D=0x0000000000000000 A=0x7ffffffffffff8a0
4513500: system.cpu: T0 : 0x15e2e    : auipc a5, 100              : IntAlu :  D=0x0000000000079e2e
4514500: system.cpu: T0 : 0x15e32    : ld a5, -1526(a5)           : MemRead :  D=0x000000000007a9c8 A=0x79838
4515000: system.cpu: T0 : 0x15e36    : c_ld a5, 8(a5)             : MemRead :  D=0x0000000000000000 A=0x7a9d0
4515500: system.cpu: T0 : 0x15e38    : sd a5, -1352(s0)           : MemWrite :  D=0x0000000000000000 A=0x7ffffffffffff8a8
4516000: system.cpu: T0 : 0x15e3c    : ld a4, -1352(s0)           : MemRead :  D=0x0000000000000000 A=0x7ffffffffffff8a8
4516500: system.cpu: T0 : 0x15e40    : ld a5, -1360(s0)           : MemRead :  D=0x0000000000000000 A=0x7ffffffffffff8a0
4517000: system.cpu: T0 : 0x15e44    : bge a5, a4, 172            : IntAlu : 
4517500: system.cpu: T0 : 0x15ef0    : auipc a5, 98               : IntAlu :  D=0x0000000000077ef0
4518000: system.cpu: T0 : 0x15ef4    : addi a5, a5, 276           : IntAlu :  D=0x0000000000078004
4518500: system.cpu: T0 : 0x15ef8    : c_lw a5, 0(a5)             : MemRead :  D=0x0000000000000005 A=0x78004
4519000: system.cpu: T0 : 0x15efa    : c_addiw a5, 0              : IntAlu :  D=0x0000000000000005
4519500: system.cpu: T0 : 0x15efc    : c_mv a4, a5                : IntAlu :  D=0x0000000000000005
4520000: system.cpu: T0 : 0x15efe    : c_li a5, 4                 : IntAlu :  D=0x0000000000000004
4520500: system.cpu: T0 : 0x15f00    : bge a5, a4, 256            : IntAlu : 
4521000: system.cpu: T0 : 0x15f04    : addi a5, gp, -960          : IntAlu :  D=0x0000000000079c88
4521500: system.cpu: T0 : 0x15f08    : c_lw a5, 0(a5)             : MemRead :  D=0x0000000000000000 A=0x79c88
4522000: system.cpu: T0 : 0x15f0a    : c_addiw a5, 0              : IntAlu :  D=0x0000000000000000
4522500: system.cpu: T0 : 0x15f0c    : c_mv a4, a5                : IntAlu :  D=0x0000000000000000
4523000: system.cpu: T0 : 0x15f0e    : c_li a5, 3                 : IntAlu :  D=0x0000000000000003
4523500: system.cpu: T0 : 0x15f10    : blt a5, a4, 240            : IntAlu : 
4524000: system.cpu: T0 : 0x15f14    : auipc a5, 100              : IntAlu :  D=0x0000000000079f14
4524500: system.cpu: T0 : 0x15f18    : ld a5, -1756(a5)           : MemRead :  D=0x000000000007a9c8 A=0x79838
4525000: system.cpu: T0 : 0x15f1c    : c_ld a4, 8(a5)             : MemRead :  D=0x0000000000000000 A=0x7a9d0
4526000: system.cpu: T0 : 0x15f1e    : auipc a5, 100              : IntAlu :  D=0x0000000000079f1e
4527000: system.cpu: T0 : 0x15f22    : ld a5, -1766(a5)           : MemRead :  D=0x000000000007a9c8 A=0x79838
4527500: system.cpu: T0 : 0x15f26    : c_ld a5, 24(a5)            : MemRead :  D=0x0000000000000000 A=0x7a9e0
4528000: system.cpu: T0 : 0x15f28    : bne a4, a5, 216            : IntAlu : 
4528500: system.cpu: T0 : 0x15f2c    : auipc a5, 100              : IntAlu :  D=0x0000000000079f2c
4529000: system.cpu: T0 : 0x15f30    : ld a5, -1780(a5)           : MemRead :  D=0x000000000007a9c8 A=0x79838
4529500: system.cpu: T0 : 0x15f34    : c_ld a4, 8(a5)             : MemRead :  D=0x0000000000000000 A=0x7a9d0
4530500: system.cpu: T0 : 0x15f36    : auipc a5, 100              : IntAlu :  D=0x0000000000079f36
4531500: system.cpu: T0 : 0x15f3a    : ld a5, -1790(a5)           : MemRead :  D=0x000000000007a9c8 A=0x79838
4532000: system.cpu: T0 : 0x15f3e    : c_ld a5, 32(a5)            : MemRead :  D=0x0000000000000000 A=0x7a9e8
4532500: system.cpu: T0 : 0x15f40    : bne a4, a5, 192            : IntAlu : 
4533000: system.cpu: T0 : 0x15f44    : auipc a5, 100              : IntAlu :  D=0x0000000000079f44
4533500: system.cpu: T0 : 0x15f48    : ld a5, -1804(a5)           : MemRead :  D=0x000000000007a9c8 A=0x79838
4534000: system.cpu: T0 : 0x15f4c    : c_ld a5, 16(a5)            : MemRead :  D=0x0000000000000000 A=0x7a9d8
4535000: system.cpu: T0 : 0x15f4e    : sd a5, -1336(s0)           : MemWrite :  D=0x0000000000000000 A=0x7ffffffffffff8b8
4536000: system.cpu: T0 : 0x15f52    : auipc a5, 100              : IntAlu :  D=0x0000000000079f52
4537000: system.cpu: T0 : 0x15f56    : ld a5, -1818(a5)           : MemRead :  D=0x000000000007a9c8 A=0x79838
4537500: system.cpu: T0 : 0x15f5a    : c_ld a5, 8(a5)             : MemRead :  D=0x0000000000000000 A=0x7a9d0
4538000: system.cpu: T0 : 0x15f5c    : sd a5, -1328(s0)           : MemWrite :  D=0x0000000000000000 A=0x7ffffffffffff8c0
4538500: system.cpu: T0 : 0x15f60    : ld a4, -1328(s0)           : MemRead :  D=0x0000000000000000 A=0x7ffffffffffff8c0
4539000: system.cpu: T0 : 0x15f64    : ld a5, -1336(s0)           : MemRead :  D=0x0000000000000000 A=0x7ffffffffffff8b8
4539500: system.cpu: T0 : 0x15f68    : bge a5, a4, 152            : IntAlu : 
4540000: system.cpu: T0 : 0x16000    : auipc a5, 98               : IntAlu :  D=0x0000000000078000
4540500: system.cpu: T0 : 0x16004    : addi a5, a5, 4             : IntAlu :  D=0x0000000000078004
4541000: system.cpu: T0 : 0x16008    : c_lw a5, 0(a5)             : MemRead :  D=0x0000000000000005 A=0x78004
4541500: system.cpu: T0 : 0x1600a    : c_addiw a5, 0              : IntAlu :  D=0x0000000000000005
4542000: system.cpu: T0 : 0x1600c    : c_mv a4, a5                : IntAlu :  D=0x0000000000000005
4542500: system.cpu: T0 : 0x1600e    : c_li a5, 4                 : IntAlu :  D=0x0000000000000004
4543000: system.cpu: T0 : 0x16010    : bge a5, a4, 276            : IntAlu : 
4543500: system.cpu: T0 : 0x16014    : addi a5, gp, -960          : IntAlu :  D=0x0000000000079c88
4544000: system.cpu: T0 : 0x16018    : c_lw a5, 0(a5)             : MemRead :  D=0x0000000000000000 A=0x79c88
4544500: system.cpu: T0 : 0x1601a    : c_addiw a5, 0              : IntAlu :  D=0x0000000000000000
4545000: system.cpu: T0 : 0x1601c    : c_mv a4, a5                : IntAlu :  D=0x0000000000000000
4545500: system.cpu: T0 : 0x1601e    : c_li a5, 3                 : IntAlu :  D=0x0000000000000003
4546000: system.cpu: T0 : 0x16020    : blt a5, a4, 260            : IntAlu : 
4546500: system.cpu: T0 : 0x16024    : auipc a5, 100              : IntAlu :  D=0x000000000007a024
4547000: system.cpu: T0 : 0x16028    : ld a5, -2028(a5)           : MemRead :  D=0x000000000007a9c8 A=0x79838
4547500: system.cpu: T0 : 0x1602c    : c_ld a4, 8(a5)             : MemRead :  D=0x0000000000000000 A=0x7a9d0
4548500: system.cpu: T0 : 0x1602e    : auipc a5, 100              : IntAlu :  D=0x000000000007a02e
4549500: system.cpu: T0 : 0x16032    : ld a5, -2038(a5)           : MemRead :  D=0x000000000007a9c8 A=0x79838
4550000: system.cpu: T0 : 0x16036    : c_ld a5, 32(a5)            : MemRead :  D=0x0000000000000000 A=0x7a9e8
4550500: system.cpu: T0 : 0x16038    : bne a4, a5, 236            : IntAlu : 
4551000: system.cpu: T0 : 0x1603c    : auipc a5, 99               : IntAlu :  D=0x000000000007903c
4551500: system.cpu: T0 : 0x16040    : ld a5, 2044(a5)            : MemRead :  D=0x000000000007a9c8 A=0x79838
4552000: system.cpu: T0 : 0x16044    : c_ld a4, 8(a5)             : MemRead :  D=0x0000000000000000 A=0x7a9d0
4553000: system.cpu: T0 : 0x16046    : auipc a5, 99               : IntAlu :  D=0x0000000000079046
4554000: system.cpu: T0 : 0x1604a    : ld a5, 2034(a5)            : MemRead :  D=0x000000000007a9c8 A=0x79838
4554500: system.cpu: T0 : 0x1604e    : c_ld a5, 0(a5)             : MemRead :  D=0x0000000000000000 A=0x7a9c8
4555000: system.cpu: T0 : 0x16050    : bne a4, a5, 212            : IntAlu : 
4555500: system.cpu: T0 : 0x16054    : auipc a5, 99               : IntAlu :  D=0x0000000000079054
4556000: system.cpu: T0 : 0x16058    : ld a5, 2020(a5)            : MemRead :  D=0x000000000007a9c8 A=0x79838
4556500: system.cpu: T0 : 0x1605c    : c_ld a5, 16(a5)            : MemRead :  D=0x0000000000000000 A=0x7a9d8
4557500: system.cpu: T0 : 0x1605e    : sd a5, -1312(s0)           : MemWrite :  D=0x0000000000000000 A=0x7ffffffffffff8d0
4558500: system.cpu: T0 : 0x16062    : auipc a5, 99               : IntAlu :  D=0x0000000000079062
4559500: system.cpu: T0 : 0x16066    : ld a5, 2006(a5)            : MemRead :  D=0x000000000007a9c8 A=0x79838
4560000: system.cpu: T0 : 0x1606a    : c_ld a5, 8(a5)             : MemRead :  D=0x0000000000000000 A=0x7a9d0
4560500: system.cpu: T0 : 0x1606c    : sd a5, -1304(s0)           : MemWrite :  D=0x0000000000000000 A=0x7ffffffffffff8d8
4561000: system.cpu: T0 : 0x16070    : ld a4, -1304(s0)           : MemRead :  D=0x0000000000000000 A=0x7ffffffffffff8d8
4561500: system.cpu: T0 : 0x16074    : ld a5, -1312(s0)           : MemRead :  D=0x0000000000000000 A=0x7ffffffffffff8d0
4562000: system.cpu: T0 : 0x16078    : bge a5, a4, 172            : IntAlu : 
4562500: system.cpu: T0 : 0x16124    : auipc a5, 98               : IntAlu :  D=0x0000000000078124
4563000: system.cpu: T0 : 0x16128    : addi a5, a5, -288          : IntAlu :  D=0x0000000000078004
4563500: system.cpu: T0 : 0x1612c    : c_lw a5, 0(a5)             : MemRead :  D=0x0000000000000005 A=0x78004
4564000: system.cpu: T0 : 0x1612e    : c_addiw a5, 0              : IntAlu :  D=0x0000000000000005
4564500: system.cpu: T0 : 0x16130    : c_mv a4, a5                : IntAlu :  D=0x0000000000000005
4565000: system.cpu: T0 : 0x16132    : c_li a5, 4                 : IntAlu :  D=0x0000000000000004
4565500: system.cpu: T0 : 0x16134    : bge a5, a4, 256            : IntAlu : 
4566000: system.cpu: T0 : 0x16138    : addi a5, gp, -960          : IntAlu :  D=0x0000000000079c88
4566500: system.cpu: T0 : 0x1613c    : c_lw a5, 0(a5)             : MemRead :  D=0x0000000000000000 A=0x79c88
4567000: system.cpu: T0 : 0x1613e    : c_addiw a5, 0              : IntAlu :  D=0x0000000000000000
4567500: system.cpu: T0 : 0x16140    : c_mv a4, a5                : IntAlu :  D=0x0000000000000000
4568000: system.cpu: T0 : 0x16142    : c_li a5, 3                 : IntAlu :  D=0x0000000000000003
4568500: system.cpu: T0 : 0x16144    : blt a5, a4, 240            : IntAlu : 
4569000: system.cpu: T0 : 0x16148    : auipc a5, 99               : IntAlu :  D=0x0000000000079148
4569500: system.cpu: T0 : 0x1614c    : ld a5, 1776(a5)            : MemRead :  D=0x000000000007a9c8 A=0x79838
4570000: system.cpu: T0 : 0x16150    : c_ld a4, 8(a5)             : MemRead :  D=0x0000000000000000 A=0x7a9d0
4571000: system.cpu: T0 : 0x16152    : auipc a5, 99               : IntAlu :  D=0x0000000000079152
4572000: system.cpu: T0 : 0x16156    : ld a5, 1766(a5)            : MemRead :  D=0x000000000007a9c8 A=0x79838
4572500: system.cpu: T0 : 0x1615a    : c_ld a5, 32(a5)            : MemRead :  D=0x0000000000000000 A=0x7a9e8
4573000: system.cpu: T0 : 0x1615c    : bne a4, a5, 216            : IntAlu : 
4573500: system.cpu: T0 : 0x16160    : auipc a5, 99               : IntAlu :  D=0x0000000000079160
4574000: system.cpu: T0 : 0x16164    : ld a5, 1752(a5)            : MemRead :  D=0x000000000007a9c8 A=0x79838
4574500: system.cpu: T0 : 0x16168    : c_ld a4, 8(a5)             : MemRead :  D=0x0000000000000000 A=0x7a9d0
4575500: system.cpu: T0 : 0x1616a    : auipc a5, 99               : IntAlu :  D=0x000000000007916a
4576500: system.cpu: T0 : 0x1616e    : ld a5, 1742(a5)            : MemRead :  D=0x000000000007a9c8 A=0x79838
4577000: system.cpu: T0 : 0x16172    : c_ld a5, 24(a5)            : MemRead :  D=0x0000000000000000 A=0x7a9e0
4577500: system.cpu: T0 : 0x16174    : bne a4, a5, 192            : IntAlu : 
4578000: system.cpu: T0 : 0x16178    : auipc a5, 99               : IntAlu :  D=0x0000000000079178
4578500: system.cpu: T0 : 0x1617c    : ld a5, 1728(a5)            : MemRead :  D=0x000000000007a9c8 A=0x79838
4579000: system.cpu: T0 : 0x16180    : c_ld a5, 16(a5)            : MemRead :  D=0x0000000000000000 A=0x7a9d8
4580000: system.cpu: T0 : 0x16182    : sd a5, -1288(s0)           : MemWrite :  D=0x0000000000000000 A=0x7ffffffffffff8e8
4581000: system.cpu: T0 : 0x16186    : auipc a5, 99               : IntAlu :  D=0x0000000000079186
4582000: system.cpu: T0 : 0x1618a    : ld a5, 1714(a5)            : MemRead :  D=0x000000000007a9c8 A=0x79838
4582500: system.cpu: T0 : 0x1618e    : c_ld a5, 8(a5)             : MemRead :  D=0x0000000000000000 A=0x7a9d0
4583000: system.cpu: T0 : 0x16190    : sd a5, -1280(s0)           : MemWrite :  D=0x0000000000000000 A=0x7ffffffffffff8f0
4583500: system.cpu: T0 : 0x16194    : ld a4, -1280(s0)           : MemRead :  D=0x0000000000000000 A=0x7ffffffffffff8f0
4584000: system.cpu: T0 : 0x16198    : ld a5, -1288(s0)           : MemRead :  D=0x0000000000000000 A=0x7ffffffffffff8e8
4584500: system.cpu: T0 : 0x1619c    : bge a5, a4, 152            : IntAlu : 
4585000: system.cpu: T0 : 0x16234    : auipc a5, 98               : IntAlu :  D=0x0000000000078234
4585500: system.cpu: T0 : 0x16238    : addi a5, a5, -560          : IntAlu :  D=0x0000000000078004
4586000: system.cpu: T0 : 0x1623c    : c_lw a5, 0(a5)             : MemRead :  D=0x0000000000000005 A=0x78004
4586500: system.cpu: T0 : 0x1623e    : c_addiw a5, 0              : IntAlu :  D=0x0000000000000005
4587000: system.cpu: T0 : 0x16240    : c_mv a4, a5                : IntAlu :  D=0x0000000000000005
4587500: system.cpu: T0 : 0x16242    : c_li a5, 4                 : IntAlu :  D=0x0000000000000004
4588000: system.cpu: T0 : 0x16244    : bge a5, a4, 276            : IntAlu : 
4588500: system.cpu: T0 : 0x16248    : addi a5, gp, -960          : IntAlu :  D=0x0000000000079c88
4589000: system.cpu: T0 : 0x1624c    : c_lw a5, 0(a5)             : MemRead :  D=0x0000000000000000 A=0x79c88
4589500: system.cpu: T0 : 0x1624e    : c_addiw a5, 0              : IntAlu :  D=0x0000000000000000
4590000: system.cpu: T0 : 0x16250    : c_mv a4, a5                : IntAlu :  D=0x0000000000000000
4590500: system.cpu: T0 : 0x16252    : c_li a5, 3                 : IntAlu :  D=0x0000000000000003
4591000: system.cpu: T0 : 0x16254    : blt a5, a4, 260            : IntAlu : 
4591500: system.cpu: T0 : 0x16258    : auipc a5, 99               : IntAlu :  D=0x0000000000079258
4592000: system.cpu: T0 : 0x1625c    : ld a5, 1504(a5)            : MemRead :  D=0x000000000007a9c8 A=0x79838
4592500: system.cpu: T0 : 0x16260    : c_ld a4, 24(a5)            : MemRead :  D=0x0000000000000000 A=0x7a9e0
4593500: system.cpu: T0 : 0x16262    : auipc a5, 99               : IntAlu :  D=0x0000000000079262
4594500: system.cpu: T0 : 0x16266    : ld a5, 1494(a5)            : MemRead :  D=0x000000000007a9c8 A=0x79838
4595000: system.cpu: T0 : 0x1626a    : c_ld a5, 0(a5)             : MemRead :  D=0x0000000000000000 A=0x7a9c8
4595500: system.cpu: T0 : 0x1626c    : bne a4, a5, 236            : IntAlu : 
4596000: system.cpu: T0 : 0x16270    : auipc a5, 99               : IntAlu :  D=0x0000000000079270
4596500: system.cpu: T0 : 0x16274    : ld a5, 1480(a5)            : MemRead :  D=0x000000000007a9c8 A=0x79838
4597000: system.cpu: T0 : 0x16278    : c_ld a4, 24(a5)            : MemRead :  D=0x0000000000000000 A=0x7a9e0
4598000: system.cpu: T0 : 0x1627a    : auipc a5, 99               : IntAlu :  D=0x000000000007927a
4599000: system.cpu: T0 : 0x1627e    : ld a5, 1470(a5)            : MemRead :  D=0x000000000007a9c8 A=0x79838
4599500: system.cpu: T0 : 0x16282    : c_ld a5, 32(a5)            : MemRead :  D=0x0000000000000000 A=0x7a9e8
4600000: system.cpu: T0 : 0x16284    : bne a4, a5, 212            : IntAlu : 
4600500: system.cpu: T0 : 0x16288    : auipc a5, 99               : IntAlu :  D=0x0000000000079288
4601000: system.cpu: T0 : 0x1628c    : ld a5, 1456(a5)            : MemRead :  D=0x000000000007a9c8 A=0x79838
4601500: system.cpu: T0 : 0x16290    : c_ld a5, 16(a5)            : MemRead :  D=0x0000000000000000 A=0x7a9d8
4602500: system.cpu: T0 : 0x16292    : sd a5, -1264(s0)           : MemWrite :  D=0x0000000000000000 A=0x7ffffffffffff900
4603500: system.cpu: T0 : 0x16296    : auipc a5, 99               : IntAlu :  D=0x0000000000079296
4604500: system.cpu: T0 : 0x1629a    : ld a5, 1442(a5)            : MemRead :  D=0x000000000007a9c8 A=0x79838
4605000: system.cpu: T0 : 0x1629e    : c_ld a5, 24(a5)            : MemRead :  D=0x0000000000000000 A=0x7a9e0
4605500: system.cpu: T0 : 0x162a0    : sd a5, -1256(s0)           : MemWrite :  D=0x0000000000000000 A=0x7ffffffffffff908
4606000: system.cpu: T0 : 0x162a4    : ld a4, -1256(s0)           : MemRead :  D=0x0000000000000000 A=0x7ffffffffffff908
4606500: system.cpu: T0 : 0x162a8    : ld a5, -1264(s0)           : MemRead :  D=0x0000000000000000 A=0x7ffffffffffff900
4607000: system.cpu: T0 : 0x162ac    : bge a5, a4, 172            : IntAlu : 
4607500: system.cpu: T0 : 0x16358    : auipc a5, 98               : IntAlu :  D=0x0000000000078358
4608000: system.cpu: T0 : 0x1635c    : addi a5, a5, -852          : IntAlu :  D=0x0000000000078004
4608500: system.cpu: T0 : 0x16360    : c_lw a5, 0(a5)             : MemRead :  D=0x0000000000000005 A=0x78004
4609000: system.cpu: T0 : 0x16362    : c_addiw a5, 0              : IntAlu :  D=0x0000000000000005
4609500: system.cpu: T0 : 0x16364    : c_mv a4, a5                : IntAlu :  D=0x0000000000000005
4610000: system.cpu: T0 : 0x16366    : c_li a5, 4                 : IntAlu :  D=0x0000000000000004
4610500: system.cpu: T0 : 0x16368    : bge a5, a4, 256            : IntAlu : 
4611000: system.cpu: T0 : 0x1636c    : addi a5, gp, -960          : IntAlu :  D=0x0000000000079c88
4611500: system.cpu: T0 : 0x16370    : c_lw a5, 0(a5)             : MemRead :  D=0x0000000000000000 A=0x79c88
4612000: system.cpu: T0 : 0x16372    : c_addiw a5, 0              : IntAlu :  D=0x0000000000000000
4612500: system.cpu: T0 : 0x16374    : c_mv a4, a5                : IntAlu :  D=0x0000000000000000
4613000: system.cpu: T0 : 0x16376    : c_li a5, 3                 : IntAlu :  D=0x0000000000000003
4613500: system.cpu: T0 : 0x16378    : blt a5, a4, 240            : IntAlu : 
4614000: system.cpu: T0 : 0x1637c    : auipc a5, 99               : IntAlu :  D=0x000000000007937c
4614500: system.cpu: T0 : 0x16380    : ld a5, 1212(a5)            : MemRead :  D=0x000000000007a9c8 A=0x79838
4615000: system.cpu: T0 : 0x16384    : c_ld a4, 24(a5)            : MemRead :  D=0x0000000000000000 A=0x7a9e0
4616000: system.cpu: T0 : 0x16386    : auipc a5, 99               : IntAlu :  D=0x0000000000079386
4617000: system.cpu: T0 : 0x1638a    : ld a5, 1202(a5)            : MemRead :  D=0x000000000007a9c8 A=0x79838
4617500: system.cpu: T0 : 0x1638e    : c_ld a5, 8(a5)             : MemRead :  D=0x0000000000000000 A=0x7a9d0
4618000: system.cpu: T0 : 0x16390    : bne a4, a5, 216            : IntAlu : 
4618500: system.cpu: T0 : 0x16394    : auipc a5, 99               : IntAlu :  D=0x0000000000079394
4619000: system.cpu: T0 : 0x16398    : ld a5, 1188(a5)            : MemRead :  D=0x000000000007a9c8 A=0x79838
4619500: system.cpu: T0 : 0x1639c    : c_ld a4, 24(a5)            : MemRead :  D=0x0000000000000000 A=0x7a9e0
4620500: system.cpu: T0 : 0x1639e    : auipc a5, 99               : IntAlu :  D=0x000000000007939e
4621500: system.cpu: T0 : 0x163a2    : ld a5, 1178(a5)            : MemRead :  D=0x000000000007a9c8 A=0x79838
4622000: system.cpu: T0 : 0x163a6    : c_ld a5, 32(a5)            : MemRead :  D=0x0000000000000000 A=0x7a9e8
4622500: system.cpu: T0 : 0x163a8    : bne a4, a5, 192            : IntAlu : 
4623000: system.cpu: T0 : 0x163ac    : auipc a5, 99               : IntAlu :  D=0x00000000000793ac
4623500: system.cpu: T0 : 0x163b0    : ld a5, 1164(a5)            : MemRead :  D=0x000000000007a9c8 A=0x79838
4624000: system.cpu: T0 : 0x163b4    : c_ld a5, 16(a5)            : MemRead :  D=0x0000000000000000 A=0x7a9d8
4625000: system.cpu: T0 : 0x163b6    : sd a5, -1240(s0)           : MemWrite :  D=0x0000000000000000 A=0x7ffffffffffff918
4626000: system.cpu: T0 : 0x163ba    : auipc a5, 99               : IntAlu :  D=0x00000000000793ba
4627000: system.cpu: T0 : 0x163be    : ld a5, 1150(a5)            : MemRead :  D=0x000000000007a9c8 A=0x79838
4627500: system.cpu: T0 : 0x163c2    : c_ld a5, 24(a5)            : MemRead :  D=0x0000000000000000 A=0x7a9e0
4628000: system.cpu: T0 : 0x163c4    : sd a5, -1232(s0)           : MemWrite :  D=0x0000000000000000 A=0x7ffffffffffff920
4628500: system.cpu: T0 : 0x163c8    : ld a4, -1232(s0)           : MemRead :  D=0x0000000000000000 A=0x7ffffffffffff920
4629000: system.cpu: T0 : 0x163cc    : ld a5, -1240(s0)           : MemRead :  D=0x0000000000000000 A=0x7ffffffffffff918
4629500: system.cpu: T0 : 0x163d0    : bge a5, a4, 152            : IntAlu : 
4630000: system.cpu: T0 : 0x16468    : auipc a5, 98               : IntAlu :  D=0x0000000000078468
4630500: system.cpu: T0 : 0x1646c    : addi a5, a5, -1124         : IntAlu :  D=0x0000000000078004
4631000: system.cpu: T0 : 0x16470    : c_lw a5, 0(a5)             : MemRead :  D=0x0000000000000005 A=0x78004
4631500: system.cpu: T0 : 0x16472    : c_addiw a5, 0              : IntAlu :  D=0x0000000000000005
4632000: system.cpu: T0 : 0x16474    : c_mv a4, a5                : IntAlu :  D=0x0000000000000005
4632500: system.cpu: T0 : 0x16476    : c_li a5, 4                 : IntAlu :  D=0x0000000000000004
4633000: system.cpu: T0 : 0x16478    : bge a5, a4, 276            : IntAlu : 
4633500: system.cpu: T0 : 0x1647c    : addi a5, gp, -960          : IntAlu :  D=0x0000000000079c88
4634000: system.cpu: T0 : 0x16480    : c_lw a5, 0(a5)             : MemRead :  D=0x0000000000000000 A=0x79c88
4634500: system.cpu: T0 : 0x16482    : c_addiw a5, 0              : IntAlu :  D=0x0000000000000000
4635000: system.cpu: T0 : 0x16484    : c_mv a4, a5                : IntAlu :  D=0x0000000000000000
4635500: system.cpu: T0 : 0x16486    : c_li a5, 3                 : IntAlu :  D=0x0000000000000003
4636000: system.cpu: T0 : 0x16488    : blt a5, a4, 260            : IntAlu : 
4636500: system.cpu: T0 : 0x1648c    : auipc a5, 99               : IntAlu :  D=0x000000000007948c
4637000: system.cpu: T0 : 0x16490    : ld a5, 940(a5)             : MemRead :  D=0x000000000007a9c8 A=0x79838
4637500: system.cpu: T0 : 0x16494    : c_ld a4, 24(a5)            : MemRead :  D=0x0000000000000000 A=0x7a9e0
4638500: system.cpu: T0 : 0x16496    : auipc a5, 99               : IntAlu :  D=0x0000000000079496
4639500: system.cpu: T0 : 0x1649a    : ld a5, 930(a5)             : MemRead :  D=0x000000000007a9c8 A=0x79838
4640000: system.cpu: T0 : 0x1649e    : c_ld a5, 32(a5)            : MemRead :  D=0x0000000000000000 A=0x7a9e8
4640500: system.cpu: T0 : 0x164a0    : bne a4, a5, 236            : IntAlu : 
4641000: system.cpu: T0 : 0x164a4    : auipc a5, 99               : IntAlu :  D=0x00000000000794a4
4641500: system.cpu: T0 : 0x164a8    : ld a5, 916(a5)             : MemRead :  D=0x000000000007a9c8 A=0x79838
4642000: system.cpu: T0 : 0x164ac    : c_ld a4, 24(a5)            : MemRead :  D=0x0000000000000000 A=0x7a9e0
4643000: system.cpu: T0 : 0x164ae    : auipc a5, 99               : IntAlu :  D=0x00000000000794ae
4644000: system.cpu: T0 : 0x164b2    : ld a5, 906(a5)             : MemRead :  D=0x000000000007a9c8 A=0x79838
4644500: system.cpu: T0 : 0x164b6    : c_ld a5, 0(a5)             : MemRead :  D=0x0000000000000000 A=0x7a9c8
4645000: system.cpu: T0 : 0x164b8    : bne a4, a5, 212            : IntAlu : 
4645500: system.cpu: T0 : 0x164bc    : auipc a5, 99               : IntAlu :  D=0x00000000000794bc
4646000: system.cpu: T0 : 0x164c0    : ld a5, 892(a5)             : MemRead :  D=0x000000000007a9c8 A=0x79838
4646500: system.cpu: T0 : 0x164c4    : c_ld a5, 16(a5)            : MemRead :  D=0x0000000000000000 A=0x7a9d8
4647500: system.cpu: T0 : 0x164c6    : sd a5, -1216(s0)           : MemWrite :  D=0x0000000000000000 A=0x7ffffffffffff930
4648500: system.cpu: T0 : 0x164ca    : auipc a5, 99               : IntAlu :  D=0x00000000000794ca
4649500: system.cpu: T0 : 0x164ce    : ld a5, 878(a5)             : MemRead :  D=0x000000000007a9c8 A=0x79838
4650000: system.cpu: T0 : 0x164d2    : c_ld a5, 24(a5)            : MemRead :  D=0x0000000000000000 A=0x7a9e0
4650500: system.cpu: T0 : 0x164d4    : sd a5, -1208(s0)           : MemWrite :  D=0x0000000000000000 A=0x7ffffffffffff938
4651000: system.cpu: T0 : 0x164d8    : ld a4, -1208(s0)           : MemRead :  D=0x0000000000000000 A=0x7ffffffffffff938
4651500: system.cpu: T0 : 0x164dc    : ld a5, -1216(s0)           : MemRead :  D=0x0000000000000000 A=0x7ffffffffffff930
4652000: system.cpu: T0 : 0x164e0    : bge a5, a4, 172            : IntAlu : 
4652500: system.cpu: T0 : 0x1658c    : auipc a5, 98               : IntAlu :  D=0x000000000007858c
4653000: system.cpu: T0 : 0x16590    : addi a5, a5, -1416         : IntAlu :  D=0x0000000000078004
4653500: system.cpu: T0 : 0x16594    : c_lw a5, 0(a5)             : MemRead :  D=0x0000000000000005 A=0x78004
4654000: system.cpu: T0 : 0x16596    : c_addiw a5, 0              : IntAlu :  D=0x0000000000000005
4654500: system.cpu: T0 : 0x16598    : c_mv a4, a5                : IntAlu :  D=0x0000000000000005
4655000: system.cpu: T0 : 0x1659a    : c_li a5, 4                 : IntAlu :  D=0x0000000000000004
4655500: system.cpu: T0 : 0x1659c    : bge a5, a4, 256            : IntAlu : 
4656000: system.cpu: T0 : 0x165a0    : addi a5, gp, -960          : IntAlu :  D=0x0000000000079c88
4656500: system.cpu: T0 : 0x165a4    : c_lw a5, 0(a5)             : MemRead :  D=0x0000000000000000 A=0x79c88
4657000: system.cpu: T0 : 0x165a6    : c_addiw a5, 0              : IntAlu :  D=0x0000000000000000
4657500: system.cpu: T0 : 0x165a8    : c_mv a4, a5                : IntAlu :  D=0x0000000000000000
4658000: system.cpu: T0 : 0x165aa    : c_li a5, 3                 : IntAlu :  D=0x0000000000000003
4658500: system.cpu: T0 : 0x165ac    : blt a5, a4, 240            : IntAlu : 
4659000: system.cpu: T0 : 0x165b0    : auipc a5, 99               : IntAlu :  D=0x00000000000795b0
4659500: system.cpu: T0 : 0x165b4    : ld a5, 648(a5)             : MemRead :  D=0x000000000007a9c8 A=0x79838
4660000: system.cpu: T0 : 0x165b8    : c_ld a4, 24(a5)            : MemRead :  D=0x0000000000000000 A=0x7a9e0
4661000: system.cpu: T0 : 0x165ba    : auipc a5, 99               : IntAlu :  D=0x00000000000795ba
4662000: system.cpu: T0 : 0x165be    : ld a5, 638(a5)             : MemRead :  D=0x000000000007a9c8 A=0x79838
4662500: system.cpu: T0 : 0x165c2    : c_ld a5, 32(a5)            : MemRead :  D=0x0000000000000000 A=0x7a9e8
4663000: system.cpu: T0 : 0x165c4    : bne a4, a5, 216            : IntAlu : 
4663500: system.cpu: T0 : 0x165c8    : auipc a5, 99               : IntAlu :  D=0x00000000000795c8
4664000: system.cpu: T0 : 0x165cc    : ld a5, 624(a5)             : MemRead :  D=0x000000000007a9c8 A=0x79838
4664500: system.cpu: T0 : 0x165d0    : c_ld a4, 24(a5)            : MemRead :  D=0x0000000000000000 A=0x7a9e0
4665500: system.cpu: T0 : 0x165d2    : auipc a5, 99               : IntAlu :  D=0x00000000000795d2
4666500: system.cpu: T0 : 0x165d6    : ld a5, 614(a5)             : MemRead :  D=0x000000000007a9c8 A=0x79838
4667000: system.cpu: T0 : 0x165da    : c_ld a5, 8(a5)             : MemRead :  D=0x0000000000000000 A=0x7a9d0
4667500: system.cpu: T0 : 0x165dc    : bne a4, a5, 192            : IntAlu : 
4668000: system.cpu: T0 : 0x165e0    : auipc a5, 99               : IntAlu :  D=0x00000000000795e0
4668500: system.cpu: T0 : 0x165e4    : ld a5, 600(a5)             : MemRead :  D=0x000000000007a9c8 A=0x79838
4669000: system.cpu: T0 : 0x165e8    : c_ld a5, 16(a5)            : MemRead :  D=0x0000000000000000 A=0x7a9d8
4670000: system.cpu: T0 : 0x165ea    : sd a5, -1192(s0)           : MemWrite :  D=0x0000000000000000 A=0x7ffffffffffff948
4671000: system.cpu: T0 : 0x165ee    : auipc a5, 99               : IntAlu :  D=0x00000000000795ee
4672000: system.cpu: T0 : 0x165f2    : ld a5, 586(a5)             : MemRead :  D=0x000000000007a9c8 A=0x79838
4672500: system.cpu: T0 : 0x165f6    : c_ld a5, 24(a5)            : MemRead :  D=0x0000000000000000 A=0x7a9e0
4673000: system.cpu: T0 : 0x165f8    : sd a5, -1184(s0)           : MemWrite :  D=0x0000000000000000 A=0x7ffffffffffff950
4673500: system.cpu: T0 : 0x165fc    : ld a4, -1184(s0)           : MemRead :  D=0x0000000000000000 A=0x7ffffffffffff950
4674000: system.cpu: T0 : 0x16600    : ld a5, -1192(s0)           : MemRead :  D=0x0000000000000000 A=0x7ffffffffffff948
4674500: system.cpu: T0 : 0x16604    : bge a5, a4, 152            : IntAlu : 
4675000: system.cpu: T0 : 0x1669c    : auipc a5, 98               : IntAlu :  D=0x000000000007869c
4675500: system.cpu: T0 : 0x166a0    : addi a5, a5, -1688         : IntAlu :  D=0x0000000000078004
4676000: system.cpu: T0 : 0x166a4    : c_lw a5, 0(a5)             : MemRead :  D=0x0000000000000005 A=0x78004
4676500: system.cpu: T0 : 0x166a6    : c_addiw a5, 0              : IntAlu :  D=0x0000000000000005
4677000: system.cpu: T0 : 0x166a8    : c_mv a4, a5                : IntAlu :  D=0x0000000000000005
4677500: system.cpu: T0 : 0x166aa    : c_li a5, 4                 : IntAlu :  D=0x0000000000000004
4678000: system.cpu: T0 : 0x166ac    : bge a5, a4, 276            : IntAlu : 
4678500: system.cpu: T0 : 0x166b0    : addi a5, gp, -960          : IntAlu :  D=0x0000000000079c88
4679000: system.cpu: T0 : 0x166b4    : c_lw a5, 0(a5)             : MemRead :  D=0x0000000000000000 A=0x79c88
4679500: system.cpu: T0 : 0x166b6    : c_addiw a5, 0              : IntAlu :  D=0x0000000000000000
4680000: system.cpu: T0 : 0x166b8    : c_mv a4, a5                : IntAlu :  D=0x0000000000000000
4680500: system.cpu: T0 : 0x166ba    : c_li a5, 3                 : IntAlu :  D=0x0000000000000003
4681000: system.cpu: T0 : 0x166bc    : blt a5, a4, 260            : IntAlu : 
4681500: system.cpu: T0 : 0x166c0    : auipc a5, 99               : IntAlu :  D=0x00000000000796c0
4682000: system.cpu: T0 : 0x166c4    : ld a5, 376(a5)             : MemRead :  D=0x000000000007a9c8 A=0x79838
4682500: system.cpu: T0 : 0x166c8    : c_ld a4, 32(a5)            : MemRead :  D=0x0000000000000000 A=0x7a9e8
4683500: system.cpu: T0 : 0x166ca    : auipc a5, 99               : IntAlu :  D=0x00000000000796ca
4684500: system.cpu: T0 : 0x166ce    : ld a5, 366(a5)             : MemRead :  D=0x000000000007a9c8 A=0x79838
4685000: system.cpu: T0 : 0x166d2    : c_ld a5, 0(a5)             : MemRead :  D=0x0000000000000000 A=0x7a9c8
4685500: system.cpu: T0 : 0x166d4    : bne a4, a5, 236            : IntAlu : 
4686000: system.cpu: T0 : 0x166d8    : auipc a5, 99               : IntAlu :  D=0x00000000000796d8
4686500: system.cpu: T0 : 0x166dc    : ld a5, 352(a5)             : MemRead :  D=0x000000000007a9c8 A=0x79838
4687000: system.cpu: T0 : 0x166e0    : c_ld a4, 32(a5)            : MemRead :  D=0x0000000000000000 A=0x7a9e8
4688000: system.cpu: T0 : 0x166e2    : auipc a5, 99               : IntAlu :  D=0x00000000000796e2
4689000: system.cpu: T0 : 0x166e6    : ld a5, 342(a5)             : MemRead :  D=0x000000000007a9c8 A=0x79838
4689500: system.cpu: T0 : 0x166ea    : c_ld a5, 8(a5)             : MemRead :  D=0x0000000000000000 A=0x7a9d0
4690000: system.cpu: T0 : 0x166ec    : bne a4, a5, 212            : IntAlu : 
4690500: system.cpu: T0 : 0x166f0    : auipc a5, 99               : IntAlu :  D=0x00000000000796f0
4691000: system.cpu: T0 : 0x166f4    : ld a5, 328(a5)             : MemRead :  D=0x000000000007a9c8 A=0x79838
4691500: system.cpu: T0 : 0x166f8    : c_ld a5, 16(a5)            : MemRead :  D=0x0000000000000000 A=0x7a9d8
4692500: system.cpu: T0 : 0x166fa    : sd a5, -1168(s0)           : MemWrite :  D=0x0000000000000000 A=0x7ffffffffffff960
4693500: system.cpu: T0 : 0x166fe    : auipc a5, 99               : IntAlu :  D=0x00000000000796fe
4694500: system.cpu: T0 : 0x16702    : ld a5, 314(a5)             : MemRead :  D=0x000000000007a9c8 A=0x79838
4695000: system.cpu: T0 : 0x16706    : c_ld a5, 32(a5)            : MemRead :  D=0x0000000000000000 A=0x7a9e8
4695500: system.cpu: T0 : 0x16708    : sd a5, -1160(s0)           : MemWrite :  D=0x0000000000000000 A=0x7ffffffffffff968
4696000: system.cpu: T0 : 0x1670c    : ld a4, -1160(s0)           : MemRead :  D=0x0000000000000000 A=0x7ffffffffffff968
4696500: system.cpu: T0 : 0x16710    : ld a5, -1168(s0)           : MemRead :  D=0x0000000000000000 A=0x7ffffffffffff960
4697000: system.cpu: T0 : 0x16714    : bge a5, a4, 172            : IntAlu : 
4697500: system.cpu: T0 : 0x167c0    : auipc a5, 98               : IntAlu :  D=0x00000000000787c0
4698000: system.cpu: T0 : 0x167c4    : addi a5, a5, -1980         : IntAlu :  D=0x0000000000078004
4698500: system.cpu: T0 : 0x167c8    : c_lw a5, 0(a5)             : MemRead :  D=0x0000000000000005 A=0x78004
4699000: system.cpu: T0 : 0x167ca    : c_addiw a5, 0              : IntAlu :  D=0x0000000000000005
4699500: system.cpu: T0 : 0x167cc    : c_mv a4, a5                : IntAlu :  D=0x0000000000000005
4700000: system.cpu: T0 : 0x167ce    : c_li a5, 4                 : IntAlu :  D=0x0000000000000004
4700500: system.cpu: T0 : 0x167d0    : bge a5, a4, 276            : IntAlu : 
4701000: system.cpu: T0 : 0x167d4    : addi a5, gp, -960          : IntAlu :  D=0x0000000000079c88
4701500: system.cpu: T0 : 0x167d8    : c_lw a5, 0(a5)             : MemRead :  D=0x0000000000000000 A=0x79c88
4702000: system.cpu: T0 : 0x167da    : c_addiw a5, 0              : IntAlu :  D=0x0000000000000000
4702500: system.cpu: T0 : 0x167dc    : c_mv a4, a5                : IntAlu :  D=0x0000000000000000
4703000: system.cpu: T0 : 0x167de    : c_li a5, 3                 : IntAlu :  D=0x0000000000000003
4703500: system.cpu: T0 : 0x167e0    : blt a5, a4, 260            : IntAlu : 
4704000: system.cpu: T0 : 0x167e4    : auipc a5, 99               : IntAlu :  D=0x00000000000797e4
4704500: system.cpu: T0 : 0x167e8    : ld a5, 84(a5)              : MemRead :  D=0x000000000007a9c8 A=0x79838
4705000: system.cpu: T0 : 0x167ec    : c_ld a4, 32(a5)            : MemRead :  D=0x0000000000000000 A=0x7a9e8
4706000: system.cpu: T0 : 0x167ee    : auipc a5, 99               : IntAlu :  D=0x00000000000797ee
4707000: system.cpu: T0 : 0x167f2    : ld a5, 74(a5)              : MemRead :  D=0x000000000007a9c8 A=0x79838
4707500: system.cpu: T0 : 0x167f6    : c_ld a5, 0(a5)             : MemRead :  D=0x0000000000000000 A=0x7a9c8
4708000: system.cpu: T0 : 0x167f8    : bne a4, a5, 236            : IntAlu : 
4708500: system.cpu: T0 : 0x167fc    : auipc a5, 99               : IntAlu :  D=0x00000000000797fc
4709000: system.cpu: T0 : 0x16800    : ld a5, 60(a5)              : MemRead :  D=0x000000000007a9c8 A=0x79838
4709500: system.cpu: T0 : 0x16804    : c_ld a4, 32(a5)            : MemRead :  D=0x0000000000000000 A=0x7a9e8
4710500: system.cpu: T0 : 0x16806    : auipc a5, 99               : IntAlu :  D=0x0000000000079806
4711500: system.cpu: T0 : 0x1680a    : ld a5, 50(a5)              : MemRead :  D=0x000000000007a9c8 A=0x79838
4712000: system.cpu: T0 : 0x1680e    : c_ld a5, 24(a5)            : MemRead :  D=0x0000000000000000 A=0x7a9e0
4712500: system.cpu: T0 : 0x16810    : bne a4, a5, 212            : IntAlu : 
4713000: system.cpu: T0 : 0x16814    : auipc a5, 99               : IntAlu :  D=0x0000000000079814
4713500: system.cpu: T0 : 0x16818    : ld a5, 36(a5)              : MemRead :  D=0x000000000007a9c8 A=0x79838
4714000: system.cpu: T0 : 0x1681c    : c_ld a5, 16(a5)            : MemRead :  D=0x0000000000000000 A=0x7a9d8
4715000: system.cpu: T0 : 0x1681e    : sd a5, -1144(s0)           : MemWrite :  D=0x0000000000000000 A=0x7ffffffffffff978
4716000: system.cpu: T0 : 0x16822    : auipc a5, 99               : IntAlu :  D=0x0000000000079822
4717000: system.cpu: T0 : 0x16826    : ld a5, 22(a5)              : MemRead :  D=0x000000000007a9c8 A=0x79838
4717500: system.cpu: T0 : 0x1682a    : c_ld a5, 32(a5)            : MemRead :  D=0x0000000000000000 A=0x7a9e8
4718000: system.cpu: T0 : 0x1682c    : sd a5, -1136(s0)           : MemWrite :  D=0x0000000000000000 A=0x7ffffffffffff980
4718500: system.cpu: T0 : 0x16830    : ld a4, -1136(s0)           : MemRead :  D=0x0000000000000000 A=0x7ffffffffffff980
4719000: system.cpu: T0 : 0x16834    : ld a5, -1144(s0)           : MemRead :  D=0x0000000000000000 A=0x7ffffffffffff978
4719500: system.cpu: T0 : 0x16838    : bge a5, a4, 172            : IntAlu : 
4720000: system.cpu: T0 : 0x168e4    : auipc a5, 97               : IntAlu :  D=0x00000000000778e4
4720500: system.cpu: T0 : 0x168e8    : addi a5, a5, 1824          : IntAlu :  D=0x0000000000078004
4721000: system.cpu: T0 : 0x168ec    : c_lw a5, 0(a5)             : MemRead :  D=0x0000000000000005 A=0x78004
4721500: system.cpu: T0 : 0x168ee    : c_addiw a5, 0              : IntAlu :  D=0x0000000000000005
4722000: system.cpu: T0 : 0x168f0    : c_mv a4, a5                : IntAlu :  D=0x0000000000000005
4722500: system.cpu: T0 : 0x168f2    : c_li a5, 4                 : IntAlu :  D=0x0000000000000004
4723000: system.cpu: T0 : 0x168f4    : bge a5, a4, 276            : IntAlu : 
4723500: system.cpu: T0 : 0x168f8    : addi a5, gp, -960          : IntAlu :  D=0x0000000000079c88
4724000: system.cpu: T0 : 0x168fc    : c_lw a5, 0(a5)             : MemRead :  D=0x0000000000000000 A=0x79c88
4724500: system.cpu: T0 : 0x168fe    : c_addiw a5, 0              : IntAlu :  D=0x0000000000000000
4725000: system.cpu: T0 : 0x16900    : c_mv a4, a5                : IntAlu :  D=0x0000000000000000
4725500: system.cpu: T0 : 0x16902    : c_li a5, 3                 : IntAlu :  D=0x0000000000000003
4726000: system.cpu: T0 : 0x16904    : blt a5, a4, 260            : IntAlu : 
4726500: system.cpu: T0 : 0x16908    : auipc a5, 99               : IntAlu :  D=0x0000000000079908
4727000: system.cpu: T0 : 0x1690c    : ld a5, -208(a5)            : MemRead :  D=0x000000000007a9c8 A=0x79838
4727500: system.cpu: T0 : 0x16910    : c_ld a4, 32(a5)            : MemRead :  D=0x0000000000000000 A=0x7a9e8
4728500: system.cpu: T0 : 0x16912    : auipc a5, 99               : IntAlu :  D=0x0000000000079912
4729500: system.cpu: T0 : 0x16916    : ld a5, -218(a5)            : MemRead :  D=0x000000000007a9c8 A=0x79838
4730000: system.cpu: T0 : 0x1691a    : c_ld a5, 8(a5)             : MemRead :  D=0x0000000000000000 A=0x7a9d0
4730500: system.cpu: T0 : 0x1691c    : bne a4, a5, 236            : IntAlu : 
4731000: system.cpu: T0 : 0x16920    : auipc a5, 99               : IntAlu :  D=0x0000000000079920
4731500: system.cpu: T0 : 0x16924    : ld a5, -232(a5)            : MemRead :  D=0x000000000007a9c8 A=0x79838
4732000: system.cpu: T0 : 0x16928    : c_ld a4, 32(a5)            : MemRead :  D=0x0000000000000000 A=0x7a9e8
4733000: system.cpu: T0 : 0x1692a    : auipc a5, 99               : IntAlu :  D=0x000000000007992a
4734000: system.cpu: T0 : 0x1692e    : ld a5, -242(a5)            : MemRead :  D=0x000000000007a9c8 A=0x79838
4734500: system.cpu: T0 : 0x16932    : c_ld a5, 0(a5)             : MemRead :  D=0x0000000000000000 A=0x7a9c8
4735000: system.cpu: T0 : 0x16934    : bne a4, a5, 212            : IntAlu : 
4735500: system.cpu: T0 : 0x16938    : auipc a5, 99               : IntAlu :  D=0x0000000000079938
4736000: system.cpu: T0 : 0x1693c    : ld a5, -256(a5)            : MemRead :  D=0x000000000007a9c8 A=0x79838
4736500: system.cpu: T0 : 0x16940    : c_ld a5, 16(a5)            : MemRead :  D=0x0000000000000000 A=0x7a9d8
4737500: system.cpu: T0 : 0x16942    : sd a5, -1120(s0)           : MemWrite :  D=0x0000000000000000 A=0x7ffffffffffff990
4738500: system.cpu: T0 : 0x16946    : auipc a5, 99               : IntAlu :  D=0x0000000000079946
4739500: system.cpu: T0 : 0x1694a    : ld a5, -270(a5)            : MemRead :  D=0x000000000007a9c8 A=0x79838
4740000: system.cpu: T0 : 0x1694e    : c_ld a5, 32(a5)            : MemRead :  D=0x0000000000000000 A=0x7a9e8
4740500: system.cpu: T0 : 0x16950    : sd a5, -1112(s0)           : MemWrite :  D=0x0000000000000000 A=0x7ffffffffffff998
4741000: system.cpu: T0 : 0x16954    : ld a4, -1112(s0)           : MemRead :  D=0x0000000000000000 A=0x7ffffffffffff998
4741500: system.cpu: T0 : 0x16958    : ld a5, -1120(s0)           : MemRead :  D=0x0000000000000000 A=0x7ffffffffffff990
4742000: system.cpu: T0 : 0x1695c    : bge a5, a4, 172            : IntAlu : 
4742500: system.cpu: T0 : 0x16a08    : auipc a5, 97               : IntAlu :  D=0x0000000000077a08
4743000: system.cpu: T0 : 0x16a0c    : addi a5, a5, 1532          : IntAlu :  D=0x0000000000078004
4743500: system.cpu: T0 : 0x16a10    : c_lw a5, 0(a5)             : MemRead :  D=0x0000000000000005 A=0x78004
4744000: system.cpu: T0 : 0x16a12    : c_addiw a5, 0              : IntAlu :  D=0x0000000000000005
4744500: system.cpu: T0 : 0x16a14    : c_mv a4, a5                : IntAlu :  D=0x0000000000000005
4745000: system.cpu: T0 : 0x16a16    : c_li a5, 4                 : IntAlu :  D=0x0000000000000004
4745500: system.cpu: T0 : 0x16a18    : bge a5, a4, 256            : IntAlu : 
4746000: system.cpu: T0 : 0x16a1c    : addi a5, gp, -960          : IntAlu :  D=0x0000000000079c88
4746500: system.cpu: T0 : 0x16a20    : c_lw a5, 0(a5)             : MemRead :  D=0x0000000000000000 A=0x79c88
4747000: system.cpu: T0 : 0x16a22    : c_addiw a5, 0              : IntAlu :  D=0x0000000000000000
4747500: system.cpu: T0 : 0x16a24    : c_mv a4, a5                : IntAlu :  D=0x0000000000000000
4748000: system.cpu: T0 : 0x16a26    : c_li a5, 3                 : IntAlu :  D=0x0000000000000003
4748500: system.cpu: T0 : 0x16a28    : blt a5, a4, 240            : IntAlu : 
4749000: system.cpu: T0 : 0x16a2c    : auipc a5, 99               : IntAlu :  D=0x0000000000079a2c
4749500: system.cpu: T0 : 0x16a30    : ld a5, -500(a5)            : MemRead :  D=0x000000000007a9c8 A=0x79838
4750000: system.cpu: T0 : 0x16a34    : c_ld a4, 32(a5)            : MemRead :  D=0x0000000000000000 A=0x7a9e8
4751000: system.cpu: T0 : 0x16a36    : auipc a5, 99               : IntAlu :  D=0x0000000000079a36
4752000: system.cpu: T0 : 0x16a3a    : ld a5, -510(a5)            : MemRead :  D=0x000000000007a9c8 A=0x79838
4752500: system.cpu: T0 : 0x16a3e    : c_ld a5, 8(a5)             : MemRead :  D=0x0000000000000000 A=0x7a9d0
4753000: system.cpu: T0 : 0x16a40    : bne a4, a5, 216            : IntAlu : 
4753500: system.cpu: T0 : 0x16a44    : auipc a5, 99               : IntAlu :  D=0x0000000000079a44
4754000: system.cpu: T0 : 0x16a48    : ld a5, -524(a5)            : MemRead :  D=0x000000000007a9c8 A=0x79838
4754500: system.cpu: T0 : 0x16a4c    : c_ld a4, 32(a5)            : MemRead :  D=0x0000000000000000 A=0x7a9e8
4755500: system.cpu: T0 : 0x16a4e    : auipc a5, 99               : IntAlu :  D=0x0000000000079a4e
4756500: system.cpu: T0 : 0x16a52    : ld a5, -534(a5)            : MemRead :  D=0x000000000007a9c8 A=0x79838
4757000: system.cpu: T0 : 0x16a56    : c_ld a5, 24(a5)            : MemRead :  D=0x0000000000000000 A=0x7a9e0
4757500: system.cpu: T0 : 0x16a58    : bne a4, a5, 192            : IntAlu : 
4758000: system.cpu: T0 : 0x16a5c    : auipc a5, 99               : IntAlu :  D=0x0000000000079a5c
4758500: system.cpu: T0 : 0x16a60    : ld a5, -548(a5)            : MemRead :  D=0x000000000007a9c8 A=0x79838
4759000: system.cpu: T0 : 0x16a64    : c_ld a5, 16(a5)            : MemRead :  D=0x0000000000000000 A=0x7a9d8
4760000: system.cpu: T0 : 0x16a66    : sd a5, -1096(s0)           : MemWrite :  D=0x0000000000000000 A=0x7ffffffffffff9a8
4761000: system.cpu: T0 : 0x16a6a    : auipc a5, 99               : IntAlu :  D=0x0000000000079a6a
4762000: system.cpu: T0 : 0x16a6e    : ld a5, -562(a5)            : MemRead :  D=0x000000000007a9c8 A=0x79838
4762500: system.cpu: T0 : 0x16a72    : c_ld a5, 32(a5)            : MemRead :  D=0x0000000000000000 A=0x7a9e8
4763000: system.cpu: T0 : 0x16a74    : sd a5, -1088(s0)           : MemWrite :  D=0x0000000000000000 A=0x7ffffffffffff9b0
4763500: system.cpu: T0 : 0x16a78    : ld a4, -1088(s0)           : MemRead :  D=0x0000000000000000 A=0x7ffffffffffff9b0
4764000: system.cpu: T0 : 0x16a7c    : ld a5, -1096(s0)           : MemRead :  D=0x0000000000000000 A=0x7ffffffffffff9a8
4764500: system.cpu: T0 : 0x16a80    : bge a5, a4, 152            : IntAlu : 
4765000: system.cpu: T0 : 0x16b18    : auipc a5, 97               : IntAlu :  D=0x0000000000077b18
4765500: system.cpu: T0 : 0x16b1c    : addi a5, a5, 1260          : IntAlu :  D=0x0000000000078004
4766000: system.cpu: T0 : 0x16b20    : c_lw a5, 0(a5)             : MemRead :  D=0x0000000000000005 A=0x78004
4766500: system.cpu: T0 : 0x16b22    : c_addiw a5, 0              : IntAlu :  D=0x0000000000000005
4767000: system.cpu: T0 : 0x16b24    : c_mv a4, a5                : IntAlu :  D=0x0000000000000005
4767500: system.cpu: T0 : 0x16b26    : c_li a5, 4                 : IntAlu :  D=0x0000000000000004
4768000: system.cpu: T0 : 0x16b28    : bge a5, a4, 276            : IntAlu : 
4768500: system.cpu: T0 : 0x16b2c    : addi a5, gp, -960          : IntAlu :  D=0x0000000000079c88
4769000: system.cpu: T0 : 0x16b30    : c_lw a5, 0(a5)             : MemRead :  D=0x0000000000000000 A=0x79c88
4769500: system.cpu: T0 : 0x16b32    : c_addiw a5, 0              : IntAlu :  D=0x0000000000000000
4770000: system.cpu: T0 : 0x16b34    : c_mv a4, a5                : IntAlu :  D=0x0000000000000000
4770500: system.cpu: T0 : 0x16b36    : c_li a5, 3                 : IntAlu :  D=0x0000000000000003
4771000: system.cpu: T0 : 0x16b38    : blt a5, a4, 260            : IntAlu : 
4771500: system.cpu: T0 : 0x16b3c    : auipc a5, 99               : IntAlu :  D=0x0000000000079b3c
4772000: system.cpu: T0 : 0x16b40    : ld a5, -772(a5)            : MemRead :  D=0x000000000007a9c8 A=0x79838
4772500: system.cpu: T0 : 0x16b44    : c_ld a4, 32(a5)            : MemRead :  D=0x0000000000000000 A=0x7a9e8
4773500: system.cpu: T0 : 0x16b46    : auipc a5, 99               : IntAlu :  D=0x0000000000079b46
4774500: system.cpu: T0 : 0x16b4a    : ld a5, -782(a5)            : MemRead :  D=0x000000000007a9c8 A=0x79838
4775000: system.cpu: T0 : 0x16b4e    : c_ld a5, 24(a5)            : MemRead :  D=0x0000000000000000 A=0x7a9e0
4775500: system.cpu: T0 : 0x16b50    : bne a4, a5, 236            : IntAlu : 
4776000: system.cpu: T0 : 0x16b54    : auipc a5, 99               : IntAlu :  D=0x0000000000079b54
4776500: system.cpu: T0 : 0x16b58    : ld a5, -796(a5)            : MemRead :  D=0x000000000007a9c8 A=0x79838
4777000: system.cpu: T0 : 0x16b5c    : c_ld a4, 32(a5)            : MemRead :  D=0x0000000000000000 A=0x7a9e8
4778000: system.cpu: T0 : 0x16b5e    : auipc a5, 99               : IntAlu :  D=0x0000000000079b5e
4779000: system.cpu: T0 : 0x16b62    : ld a5, -806(a5)            : MemRead :  D=0x000000000007a9c8 A=0x79838
4779500: system.cpu: T0 : 0x16b66    : c_ld a5, 0(a5)             : MemRead :  D=0x0000000000000000 A=0x7a9c8
4780000: system.cpu: T0 : 0x16b68    : bne a4, a5, 212            : IntAlu : 
4780500: system.cpu: T0 : 0x16b6c    : auipc a5, 99               : IntAlu :  D=0x0000000000079b6c
4781000: system.cpu: T0 : 0x16b70    : ld a5, -820(a5)            : MemRead :  D=0x000000000007a9c8 A=0x79838
4781500: system.cpu: T0 : 0x16b74    : c_ld a5, 16(a5)            : MemRead :  D=0x0000000000000000 A=0x7a9d8
4782500: system.cpu: T0 : 0x16b76    : sd a5, -1072(s0)           : MemWrite :  D=0x0000000000000000 A=0x7ffffffffffff9c0
4783500: system.cpu: T0 : 0x16b7a    : auipc a5, 99               : IntAlu :  D=0x0000000000079b7a
4784500: system.cpu: T0 : 0x16b7e    : ld a5, -834(a5)            : MemRead :  D=0x000000000007a9c8 A=0x79838
4785000: system.cpu: T0 : 0x16b82    : c_ld a5, 32(a5)            : MemRead :  D=0x0000000000000000 A=0x7a9e8
4785500: system.cpu: T0 : 0x16b84    : sd a5, -1064(s0)           : MemWrite :  D=0x0000000000000000 A=0x7ffffffffffff9c8
4786000: system.cpu: T0 : 0x16b88    : ld a4, -1064(s0)           : MemRead :  D=0x0000000000000000 A=0x7ffffffffffff9c8
4786500: system.cpu: T0 : 0x16b8c    : ld a5, -1072(s0)           : MemRead :  D=0x0000000000000000 A=0x7ffffffffffff9c0
4787000: system.cpu: T0 : 0x16b90    : bge a5, a4, 172            : IntAlu : 
4787500: system.cpu: T0 : 0x16c3c    : auipc a5, 97               : IntAlu :  D=0x0000000000077c3c
4788000: system.cpu: T0 : 0x16c40    : addi a5, a5, 968           : IntAlu :  D=0x0000000000078004
4788500: system.cpu: T0 : 0x16c44    : c_lw a5, 0(a5)             : MemRead :  D=0x0000000000000005 A=0x78004
4789000: system.cpu: T0 : 0x16c46    : c_addiw a5, 0              : IntAlu :  D=0x0000000000000005
4789500: system.cpu: T0 : 0x16c48    : c_mv a4, a5                : IntAlu :  D=0x0000000000000005
4790000: system.cpu: T0 : 0x16c4a    : c_li a5, 4                 : IntAlu :  D=0x0000000000000004
4790500: system.cpu: T0 : 0x16c4c    : bge a5, a4, 256            : IntAlu : 
4791000: system.cpu: T0 : 0x16c50    : addi a5, gp, -960          : IntAlu :  D=0x0000000000079c88
4791500: system.cpu: T0 : 0x16c54    : c_lw a5, 0(a5)             : MemRead :  D=0x0000000000000000 A=0x79c88
4792000: system.cpu: T0 : 0x16c56    : c_addiw a5, 0              : IntAlu :  D=0x0000000000000000
4792500: system.cpu: T0 : 0x16c58    : c_mv a4, a5                : IntAlu :  D=0x0000000000000000
4793000: system.cpu: T0 : 0x16c5a    : c_li a5, 3                 : IntAlu :  D=0x0000000000000003
4793500: system.cpu: T0 : 0x16c5c    : blt a5, a4, 240            : IntAlu : 
4794000: system.cpu: T0 : 0x16c60    : auipc a5, 99               : IntAlu :  D=0x0000000000079c60
4794500: system.cpu: T0 : 0x16c64    : ld a5, -1064(a5)           : MemRead :  D=0x000000000007a9c8 A=0x79838
4795000: system.cpu: T0 : 0x16c68    : c_ld a4, 32(a5)            : MemRead :  D=0x0000000000000000 A=0x7a9e8
4796000: system.cpu: T0 : 0x16c6a    : auipc a5, 99               : IntAlu :  D=0x0000000000079c6a
4797000: system.cpu: T0 : 0x16c6e    : ld a5, -1074(a5)           : MemRead :  D=0x000000000007a9c8 A=0x79838
4797500: system.cpu: T0 : 0x16c72    : c_ld a5, 24(a5)            : MemRead :  D=0x0000000000000000 A=0x7a9e0
4798000: system.cpu: T0 : 0x16c74    : bne a4, a5, 216            : IntAlu : 
4798500: system.cpu: T0 : 0x16c78    : auipc a5, 99               : IntAlu :  D=0x0000000000079c78
4799000: system.cpu: T0 : 0x16c7c    : ld a5, -1088(a5)           : MemRead :  D=0x000000000007a9c8 A=0x79838
4799500: system.cpu: T0 : 0x16c80    : c_ld a4, 32(a5)            : MemRead :  D=0x0000000000000000 A=0x7a9e8
4800500: system.cpu: T0 : 0x16c82    : auipc a5, 99               : IntAlu :  D=0x0000000000079c82
4801500: system.cpu: T0 : 0x16c86    : ld a5, -1098(a5)           : MemRead :  D=0x000000000007a9c8 A=0x79838
4802000: system.cpu: T0 : 0x16c8a    : c_ld a5, 8(a5)             : MemRead :  D=0x0000000000000000 A=0x7a9d0
4802500: system.cpu: T0 : 0x16c8c    : bne a4, a5, 192            : IntAlu : 
4803000: system.cpu: T0 : 0x16c90    : auipc a5, 99               : IntAlu :  D=0x0000000000079c90
4803500: system.cpu: T0 : 0x16c94    : ld a5, -1112(a5)           : MemRead :  D=0x000000000007a9c8 A=0x79838
4804000: system.cpu: T0 : 0x16c98    : c_ld a5, 16(a5)            : MemRead :  D=0x0000000000000000 A=0x7a9d8
4805000: system.cpu: T0 : 0x16c9a    : sd a5, -1048(s0)           : MemWrite :  D=0x0000000000000000 A=0x7ffffffffffff9d8
4806000: system.cpu: T0 : 0x16c9e    : auipc a5, 99               : IntAlu :  D=0x0000000000079c9e
4807000: system.cpu: T0 : 0x16ca2    : ld a5, -1126(a5)           : MemRead :  D=0x000000000007a9c8 A=0x79838
4807500: system.cpu: T0 : 0x16ca6    : c_ld a5, 32(a5)            : MemRead :  D=0x0000000000000000 A=0x7a9e8
4808000: system.cpu: T0 : 0x16ca8    : sd a5, -1040(s0)           : MemWrite :  D=0x0000000000000000 A=0x7ffffffffffff9e0
4808500: system.cpu: T0 : 0x16cac    : ld a4, -1040(s0)           : MemRead :  D=0x0000000000000000 A=0x7ffffffffffff9e0
4809000: system.cpu: T0 : 0x16cb0    : ld a5, -1048(s0)           : MemRead :  D=0x0000000000000000 A=0x7ffffffffffff9d8
4809500: system.cpu: T0 : 0x16cb4    : bge a5, a4, 152            : IntAlu : 
4810000: system.cpu: T0 : 0x16d4c    : auipc a5, 97               : IntAlu :  D=0x0000000000077d4c
4810500: system.cpu: T0 : 0x16d50    : addi a5, a5, 696           : IntAlu :  D=0x0000000000078004
4811000: system.cpu: T0 : 0x16d54    : c_lw a5, 0(a5)             : MemRead :  D=0x0000000000000005 A=0x78004
4811500: system.cpu: T0 : 0x16d56    : c_addiw a5, 0              : IntAlu :  D=0x0000000000000005
4812000: system.cpu: T0 : 0x16d58    : c_mv a4, a5                : IntAlu :  D=0x0000000000000005
4812500: system.cpu: T0 : 0x16d5a    : c_li a5, 4                 : IntAlu :  D=0x0000000000000004
4813000: system.cpu: T0 : 0x16d5c    : bge a5, a4, 276            : IntAlu : 
4813500: system.cpu: T0 : 0x16d60    : addi a5, gp, -960          : IntAlu :  D=0x0000000000079c88
4814000: system.cpu: T0 : 0x16d64    : c_lw a5, 0(a5)             : MemRead :  D=0x0000000000000000 A=0x79c88
4814500: system.cpu: T0 : 0x16d66    : c_addiw a5, 0              : IntAlu :  D=0x0000000000000000
4815000: system.cpu: T0 : 0x16d68    : c_mv a4, a5                : IntAlu :  D=0x0000000000000000
4815500: system.cpu: T0 : 0x16d6a    : c_li a5, 3                 : IntAlu :  D=0x0000000000000003
4816000: system.cpu: T0 : 0x16d6c    : blt a5, a4, 260            : IntAlu : 
4816500: system.cpu: T0 : 0x16d70    : auipc a5, 99               : IntAlu :  D=0x0000000000079d70
4817000: system.cpu: T0 : 0x16d74    : ld a5, -1336(a5)           : MemRead :  D=0x000000000007a9c8 A=0x79838
4817500: system.cpu: T0 : 0x16d78    : c_ld a4, 0(a5)             : MemRead :  D=0x0000000000000000 A=0x7a9c8
4818500: system.cpu: T0 : 0x16d7a    : auipc a5, 99               : IntAlu :  D=0x0000000000079d7a
4819500: system.cpu: T0 : 0x16d7e    : ld a5, -1346(a5)           : MemRead :  D=0x000000000007a9c8 A=0x79838
4820000: system.cpu: T0 : 0x16d82    : c_ld a5, 8(a5)             : MemRead :  D=0x0000000000000000 A=0x7a9d0
4820500: system.cpu: T0 : 0x16d84    : bne a4, a5, 236            : IntAlu : 
4821000: system.cpu: T0 : 0x16d88    : auipc a5, 99               : IntAlu :  D=0x0000000000079d88
4821500: system.cpu: T0 : 0x16d8c    : ld a5, -1360(a5)           : MemRead :  D=0x000000000007a9c8 A=0x79838
4822000: system.cpu: T0 : 0x16d90    : c_ld a4, 0(a5)             : MemRead :  D=0x0000000000000000 A=0x7a9c8
4823000: system.cpu: T0 : 0x16d92    : auipc a5, 99               : IntAlu :  D=0x0000000000079d92
4824000: system.cpu: T0 : 0x16d96    : ld a5, -1370(a5)           : MemRead :  D=0x000000000007a9c8 A=0x79838
4824500: system.cpu: T0 : 0x16d9a    : c_ld a5, 32(a5)            : MemRead :  D=0x0000000000000000 A=0x7a9e8
4825000: system.cpu: T0 : 0x16d9c    : bne a4, a5, 212            : IntAlu : 
4825500: system.cpu: T0 : 0x16da0    : auipc a5, 99               : IntAlu :  D=0x0000000000079da0
4826000: system.cpu: T0 : 0x16da4    : ld a5, -1384(a5)           : MemRead :  D=0x000000000007a9c8 A=0x79838
4826500: system.cpu: T0 : 0x16da8    : c_ld a5, 24(a5)            : MemRead :  D=0x0000000000000000 A=0x7a9e0
4827500: system.cpu: T0 : 0x16daa    : sd a5, -1024(s0)           : MemWrite :  D=0x0000000000000000 A=0x7ffffffffffff9f0
4828500: system.cpu: T0 : 0x16dae    : auipc a5, 99               : IntAlu :  D=0x0000000000079dae
4829500: system.cpu: T0 : 0x16db2    : ld a5, -1398(a5)           : MemRead :  D=0x000000000007a9c8 A=0x79838
4830000: system.cpu: T0 : 0x16db6    : c_ld a5, 0(a5)             : MemRead :  D=0x0000000000000000 A=0x7a9c8
4830500: system.cpu: T0 : 0x16db8    : sd a5, -1016(s0)           : MemWrite :  D=0x0000000000000000 A=0x7ffffffffffff9f8
4831000: system.cpu: T0 : 0x16dbc    : ld a4, -1016(s0)           : MemRead :  D=0x0000000000000000 A=0x7ffffffffffff9f8
4831500: system.cpu: T0 : 0x16dc0    : ld a5, -1024(s0)           : MemRead :  D=0x0000000000000000 A=0x7ffffffffffff9f0
4832000: system.cpu: T0 : 0x16dc4    : bge a5, a4, 172            : IntAlu : 
4832500: system.cpu: T0 : 0x16e70    : auipc a5, 97               : IntAlu :  D=0x0000000000077e70
4833000: system.cpu: T0 : 0x16e74    : addi a5, a5, 404           : IntAlu :  D=0x0000000000078004
4833500: system.cpu: T0 : 0x16e78    : c_lw a5, 0(a5)             : MemRead :  D=0x0000000000000005 A=0x78004
4834000: system.cpu: T0 : 0x16e7a    : c_addiw a5, 0              : IntAlu :  D=0x0000000000000005
4834500: system.cpu: T0 : 0x16e7c    : c_mv a4, a5                : IntAlu :  D=0x0000000000000005
4835000: system.cpu: T0 : 0x16e7e    : c_li a5, 4                 : IntAlu :  D=0x0000000000000004
4835500: system.cpu: T0 : 0x16e80    : bge a5, a4, 276            : IntAlu : 
4836000: system.cpu: T0 : 0x16e84    : addi a5, gp, -960          : IntAlu :  D=0x0000000000079c88
4836500: system.cpu: T0 : 0x16e88    : c_lw a5, 0(a5)             : MemRead :  D=0x0000000000000000 A=0x79c88
4837000: system.cpu: T0 : 0x16e8a    : c_addiw a5, 0              : IntAlu :  D=0x0000000000000000
4837500: system.cpu: T0 : 0x16e8c    : c_mv a4, a5                : IntAlu :  D=0x0000000000000000
4838000: system.cpu: T0 : 0x16e8e    : c_li a5, 3                 : IntAlu :  D=0x0000000000000003
4838500: system.cpu: T0 : 0x16e90    : blt a5, a4, 260            : IntAlu : 
4839000: system.cpu: T0 : 0x16e94    : auipc a5, 99               : IntAlu :  D=0x0000000000079e94
4839500: system.cpu: T0 : 0x16e98    : ld a5, -1628(a5)           : MemRead :  D=0x000000000007a9c8 A=0x79838
4840000: system.cpu: T0 : 0x16e9c    : c_ld a4, 0(a5)             : MemRead :  D=0x0000000000000000 A=0x7a9c8
4841000: system.cpu: T0 : 0x16e9e    : auipc a5, 99               : IntAlu :  D=0x0000000000079e9e
4842000: system.cpu: T0 : 0x16ea2    : ld a5, -1638(a5)           : MemRead :  D=0x000000000007a9c8 A=0x79838
4842500: system.cpu: T0 : 0x16ea6    : c_ld a5, 16(a5)            : MemRead :  D=0x0000000000000000 A=0x7a9d8
4843000: system.cpu: T0 : 0x16ea8    : bne a4, a5, 236            : IntAlu : 
4843500: system.cpu: T0 : 0x16eac    : auipc a5, 99               : IntAlu :  D=0x0000000000079eac
4844000: system.cpu: T0 : 0x16eb0    : ld a5, -1652(a5)           : MemRead :  D=0x000000000007a9c8 A=0x79838
4844500: system.cpu: T0 : 0x16eb4    : c_ld a4, 0(a5)             : MemRead :  D=0x0000000000000000 A=0x7a9c8
4845500: system.cpu: T0 : 0x16eb6    : auipc a5, 99               : IntAlu :  D=0x0000000000079eb6
4846500: system.cpu: T0 : 0x16eba    : ld a5, -1662(a5)           : MemRead :  D=0x000000000007a9c8 A=0x79838
4847000: system.cpu: T0 : 0x16ebe    : c_ld a5, 32(a5)            : MemRead :  D=0x0000000000000000 A=0x7a9e8
4847500: system.cpu: T0 : 0x16ec0    : bne a4, a5, 212            : IntAlu : 
4848000: system.cpu: T0 : 0x16ec4    : auipc a5, 99               : IntAlu :  D=0x0000000000079ec4
4848500: system.cpu: T0 : 0x16ec8    : ld a5, -1676(a5)           : MemRead :  D=0x000000000007a9c8 A=0x79838
4849000: system.cpu: T0 : 0x16ecc    : c_ld a5, 24(a5)            : MemRead :  D=0x0000000000000000 A=0x7a9e0
4850000: system.cpu: T0 : 0x16ece    : sd a5, -1000(s0)           : MemWrite :  D=0x0000000000000000 A=0x7ffffffffffffa08
4851000: system.cpu: T0 : 0x16ed2    : auipc a5, 99               : IntAlu :  D=0x0000000000079ed2
4852000: system.cpu: T0 : 0x16ed6    : ld a5, -1690(a5)           : MemRead :  D=0x000000000007a9c8 A=0x79838
4852500: system.cpu: T0 : 0x16eda    : c_ld a5, 0(a5)             : MemRead :  D=0x0000000000000000 A=0x7a9c8
4853000: system.cpu: T0 : 0x16edc    : sd a5, -992(s0)            : MemWrite :  D=0x0000000000000000 A=0x7ffffffffffffa10
4853500: system.cpu: T0 : 0x16ee0    : ld a4, -992(s0)            : MemRead :  D=0x0000000000000000 A=0x7ffffffffffffa10
4854000: system.cpu: T0 : 0x16ee4    : ld a5, -1000(s0)           : MemRead :  D=0x0000000000000000 A=0x7ffffffffffffa08
4854500: system.cpu: T0 : 0x16ee8    : bge a5, a4, 172            : IntAlu : 
4855000: system.cpu: T0 : 0x16f94    : auipc a5, 97               : IntAlu :  D=0x0000000000077f94
4855500: system.cpu: T0 : 0x16f98    : addi a5, a5, 112           : IntAlu :  D=0x0000000000078004
4856000: system.cpu: T0 : 0x16f9c    : c_lw a5, 0(a5)             : MemRead :  D=0x0000000000000005 A=0x78004
4856500: system.cpu: T0 : 0x16f9e    : c_addiw a5, 0              : IntAlu :  D=0x0000000000000005
4857000: system.cpu: T0 : 0x16fa0    : c_mv a4, a5                : IntAlu :  D=0x0000000000000005
4857500: system.cpu: T0 : 0x16fa2    : c_li a5, 4                 : IntAlu :  D=0x0000000000000004
4858000: system.cpu: T0 : 0x16fa4    : bge a5, a4, 276            : IntAlu : 
4858500: system.cpu: T0 : 0x16fa8    : addi a5, gp, -960          : IntAlu :  D=0x0000000000079c88
4859000: system.cpu: T0 : 0x16fac    : c_lw a5, 0(a5)             : MemRead :  D=0x0000000000000000 A=0x79c88
4859500: system.cpu: T0 : 0x16fae    : c_addiw a5, 0              : IntAlu :  D=0x0000000000000000
4860000: system.cpu: T0 : 0x16fb0    : c_mv a4, a5                : IntAlu :  D=0x0000000000000000
4860500: system.cpu: T0 : 0x16fb2    : c_li a5, 3                 : IntAlu :  D=0x0000000000000003
4861000: system.cpu: T0 : 0x16fb4    : blt a5, a4, 260            : IntAlu : 
4861500: system.cpu: T0 : 0x16fb8    : auipc a5, 99               : IntAlu :  D=0x0000000000079fb8
4862000: system.cpu: T0 : 0x16fbc    : ld a5, -1920(a5)           : MemRead :  D=0x000000000007a9c8 A=0x79838
4862500: system.cpu: T0 : 0x16fc0    : c_ld a4, 0(a5)             : MemRead :  D=0x0000000000000000 A=0x7a9c8
4863500: system.cpu: T0 : 0x16fc2    : auipc a5, 99               : IntAlu :  D=0x0000000000079fc2
4864500: system.cpu: T0 : 0x16fc6    : ld a5, -1930(a5)           : MemRead :  D=0x000000000007a9c8 A=0x79838
4865000: system.cpu: T0 : 0x16fca    : c_ld a5, 32(a5)            : MemRead :  D=0x0000000000000000 A=0x7a9e8
4865500: system.cpu: T0 : 0x16fcc    : bne a4, a5, 236            : IntAlu : 
4866000: system.cpu: T0 : 0x16fd0    : auipc a5, 99               : IntAlu :  D=0x0000000000079fd0
4866500: system.cpu: T0 : 0x16fd4    : ld a5, -1944(a5)           : MemRead :  D=0x000000000007a9c8 A=0x79838
4867000: system.cpu: T0 : 0x16fd8    : c_ld a4, 0(a5)             : MemRead :  D=0x0000000000000000 A=0x7a9c8
4868000: system.cpu: T0 : 0x16fda    : auipc a5, 99               : IntAlu :  D=0x0000000000079fda
4869000: system.cpu: T0 : 0x16fde    : ld a5, -1954(a5)           : MemRead :  D=0x000000000007a9c8 A=0x79838
4869500: system.cpu: T0 : 0x16fe2    : c_ld a5, 8(a5)             : MemRead :  D=0x0000000000000000 A=0x7a9d0
4870000: system.cpu: T0 : 0x16fe4    : bne a4, a5, 212            : IntAlu : 
4870500: system.cpu: T0 : 0x16fe8    : auipc a5, 99               : IntAlu :  D=0x0000000000079fe8
4871000: system.cpu: T0 : 0x16fec    : ld a5, -1968(a5)           : MemRead :  D=0x000000000007a9c8 A=0x79838
4871500: system.cpu: T0 : 0x16ff0    : c_ld a5, 24(a5)            : MemRead :  D=0x0000000000000000 A=0x7a9e0
4872500: system.cpu: T0 : 0x16ff2    : sd a5, -976(s0)            : MemWrite :  D=0x0000000000000000 A=0x7ffffffffffffa20
4873500: system.cpu: T0 : 0x16ff6    : auipc a5, 99               : IntAlu :  D=0x0000000000079ff6
4874500: system.cpu: T0 : 0x16ffa    : ld a5, -1982(a5)           : MemRead :  D=0x000000000007a9c8 A=0x79838
4875000: system.cpu: T0 : 0x16ffe    : c_ld a5, 0(a5)             : MemRead :  D=0x0000000000000000 A=0x7a9c8
4875500: system.cpu: T0 : 0x17000    : sd a5, -968(s0)            : MemWrite :  D=0x0000000000000000 A=0x7ffffffffffffa28
4876000: system.cpu: T0 : 0x17004    : ld a4, -968(s0)            : MemRead :  D=0x0000000000000000 A=0x7ffffffffffffa28
4876500: system.cpu: T0 : 0x17008    : ld a5, -976(s0)            : MemRead :  D=0x0000000000000000 A=0x7ffffffffffffa20
4877000: system.cpu: T0 : 0x1700c    : bge a5, a4, 172            : IntAlu : 
4877500: system.cpu: T0 : 0x170b8    : auipc a5, 97               : IntAlu :  D=0x00000000000780b8
4878000: system.cpu: T0 : 0x170bc    : addi a5, a5, -180          : IntAlu :  D=0x0000000000078004
4878500: system.cpu: T0 : 0x170c0    : c_lw a5, 0(a5)             : MemRead :  D=0x0000000000000005 A=0x78004
4879000: system.cpu: T0 : 0x170c2    : c_addiw a5, 0              : IntAlu :  D=0x0000000000000005
4879500: system.cpu: T0 : 0x170c4    : c_mv a4, a5                : IntAlu :  D=0x0000000000000005
4880000: system.cpu: T0 : 0x170c6    : c_li a5, 4                 : IntAlu :  D=0x0000000000000004
4880500: system.cpu: T0 : 0x170c8    : bge a5, a4, 276            : IntAlu : 
4881000: system.cpu: T0 : 0x170cc    : addi a5, gp, -960          : IntAlu :  D=0x0000000000079c88
4881500: system.cpu: T0 : 0x170d0    : c_lw a5, 0(a5)             : MemRead :  D=0x0000000000000000 A=0x79c88
4882000: system.cpu: T0 : 0x170d2    : c_addiw a5, 0              : IntAlu :  D=0x0000000000000000
4882500: system.cpu: T0 : 0x170d4    : c_mv a4, a5                : IntAlu :  D=0x0000000000000000
4883000: system.cpu: T0 : 0x170d6    : c_li a5, 3                 : IntAlu :  D=0x0000000000000003
4883500: system.cpu: T0 : 0x170d8    : blt a5, a4, 260            : IntAlu : 
4884000: system.cpu: T0 : 0x170dc    : auipc a5, 98               : IntAlu :  D=0x00000000000790dc
4884500: system.cpu: T0 : 0x170e0    : ld a5, 1884(a5)            : MemRead :  D=0x000000000007a9c8 A=0x79838
4885000: system.cpu: T0 : 0x170e4    : c_ld a4, 0(a5)             : MemRead :  D=0x0000000000000000 A=0x7a9c8
4886000: system.cpu: T0 : 0x170e6    : auipc a5, 98               : IntAlu :  D=0x00000000000790e6
4887000: system.cpu: T0 : 0x170ea    : ld a5, 1874(a5)            : MemRead :  D=0x000000000007a9c8 A=0x79838
4887500: system.cpu: T0 : 0x170ee    : c_ld a5, 32(a5)            : MemRead :  D=0x0000000000000000 A=0x7a9e8
4888000: system.cpu: T0 : 0x170f0    : bne a4, a5, 236            : IntAlu : 
4888500: system.cpu: T0 : 0x170f4    : auipc a5, 98               : IntAlu :  D=0x00000000000790f4
4889000: system.cpu: T0 : 0x170f8    : ld a5, 1860(a5)            : MemRead :  D=0x000000000007a9c8 A=0x79838
4889500: system.cpu: T0 : 0x170fc    : c_ld a4, 0(a5)             : MemRead :  D=0x0000000000000000 A=0x7a9c8
4890500: system.cpu: T0 : 0x170fe    : auipc a5, 98               : IntAlu :  D=0x00000000000790fe
4891500: system.cpu: T0 : 0x17102    : ld a5, 1850(a5)            : MemRead :  D=0x000000000007a9c8 A=0x79838
4892000: system.cpu: T0 : 0x17106    : c_ld a5, 16(a5)            : MemRead :  D=0x0000000000000000 A=0x7a9d8
4892500: system.cpu: T0 : 0x17108    : bne a4, a5, 212            : IntAlu : 
4893000: system.cpu: T0 : 0x1710c    : auipc a5, 98               : IntAlu :  D=0x000000000007910c
4893500: system.cpu: T0 : 0x17110    : ld a5, 1836(a5)            : MemRead :  D=0x000000000007a9c8 A=0x79838
4894000: system.cpu: T0 : 0x17114    : c_ld a5, 24(a5)            : MemRead :  D=0x0000000000000000 A=0x7a9e0
4895000: system.cpu: T0 : 0x17116    : sd a5, -952(s0)            : MemWrite :  D=0x0000000000000000 A=0x7ffffffffffffa38
4896000: system.cpu: T0 : 0x1711a    : auipc a5, 98               : IntAlu :  D=0x000000000007911a
4897000: system.cpu: T0 : 0x1711e    : ld a5, 1822(a5)            : MemRead :  D=0x000000000007a9c8 A=0x79838
4897500: system.cpu: T0 : 0x17122    : c_ld a5, 0(a5)             : MemRead :  D=0x0000000000000000 A=0x7a9c8
4898000: system.cpu: T0 : 0x17124    : sd a5, -944(s0)            : MemWrite :  D=0x0000000000000000 A=0x7ffffffffffffa40
4898500: system.cpu: T0 : 0x17128    : ld a4, -944(s0)            : MemRead :  D=0x0000000000000000 A=0x7ffffffffffffa40
4899000: system.cpu: T0 : 0x1712c    : ld a5, -952(s0)            : MemRead :  D=0x0000000000000000 A=0x7ffffffffffffa38
4899500: system.cpu: T0 : 0x17130    : bge a5, a4, 172            : IntAlu : 
4900000: system.cpu: T0 : 0x171dc    : auipc a5, 97               : IntAlu :  D=0x00000000000781dc
4900500: system.cpu: T0 : 0x171e0    : addi a5, a5, -472          : IntAlu :  D=0x0000000000078004
4901000: system.cpu: T0 : 0x171e4    : c_lw a5, 0(a5)             : MemRead :  D=0x0000000000000005 A=0x78004
4901500: system.cpu: T0 : 0x171e6    : c_addiw a5, 0              : IntAlu :  D=0x0000000000000005
4902000: system.cpu: T0 : 0x171e8    : c_mv a4, a5                : IntAlu :  D=0x0000000000000005
4902500: system.cpu: T0 : 0x171ea    : c_li a5, 4                 : IntAlu :  D=0x0000000000000004
4903000: system.cpu: T0 : 0x171ec    : bge a5, a4, 276            : IntAlu : 
4903500: system.cpu: T0 : 0x171f0    : addi a5, gp, -960          : IntAlu :  D=0x0000000000079c88
4904000: system.cpu: T0 : 0x171f4    : c_lw a5, 0(a5)             : MemRead :  D=0x0000000000000000 A=0x79c88
4904500: system.cpu: T0 : 0x171f6    : c_addiw a5, 0              : IntAlu :  D=0x0000000000000000
4905000: system.cpu: T0 : 0x171f8    : c_mv a4, a5                : IntAlu :  D=0x0000000000000000
4905500: system.cpu: T0 : 0x171fa    : c_li a5, 3                 : IntAlu :  D=0x0000000000000003
4906000: system.cpu: T0 : 0x171fc    : blt a5, a4, 260            : IntAlu : 
4906500: system.cpu: T0 : 0x17200    : auipc a5, 98               : IntAlu :  D=0x0000000000079200
4907000: system.cpu: T0 : 0x17204    : ld a5, 1592(a5)            : MemRead :  D=0x000000000007a9c8 A=0x79838
4907500: system.cpu: T0 : 0x17208    : c_ld a4, 8(a5)             : MemRead :  D=0x0000000000000000 A=0x7a9d0
4908500: system.cpu: T0 : 0x1720a    : auipc a5, 98               : IntAlu :  D=0x000000000007920a
4909500: system.cpu: T0 : 0x1720e    : ld a5, 1582(a5)            : MemRead :  D=0x000000000007a9c8 A=0x79838
4910000: system.cpu: T0 : 0x17212    : c_ld a5, 0(a5)             : MemRead :  D=0x0000000000000000 A=0x7a9c8
4910500: system.cpu: T0 : 0x17214    : bne a4, a5, 236            : IntAlu : 
4911000: system.cpu: T0 : 0x17218    : auipc a5, 98               : IntAlu :  D=0x0000000000079218
4911500: system.cpu: T0 : 0x1721c    : ld a5, 1568(a5)            : MemRead :  D=0x000000000007a9c8 A=0x79838
4912000: system.cpu: T0 : 0x17220    : c_ld a4, 8(a5)             : MemRead :  D=0x0000000000000000 A=0x7a9d0
4913000: system.cpu: T0 : 0x17222    : auipc a5, 98               : IntAlu :  D=0x0000000000079222
4914000: system.cpu: T0 : 0x17226    : ld a5, 1558(a5)            : MemRead :  D=0x000000000007a9c8 A=0x79838
4914500: system.cpu: T0 : 0x1722a    : c_ld a5, 32(a5)            : MemRead :  D=0x0000000000000000 A=0x7a9e8
4915000: system.cpu: T0 : 0x1722c    : bne a4, a5, 212            : IntAlu : 
4915500: system.cpu: T0 : 0x17230    : auipc a5, 98               : IntAlu :  D=0x0000000000079230
4916000: system.cpu: T0 : 0x17234    : ld a5, 1544(a5)            : MemRead :  D=0x000000000007a9c8 A=0x79838
4916500: system.cpu: T0 : 0x17238    : c_ld a5, 24(a5)            : MemRead :  D=0x0000000000000000 A=0x7a9e0
4917500: system.cpu: T0 : 0x1723a    : sd a5, -928(s0)            : MemWrite :  D=0x0000000000000000 A=0x7ffffffffffffa50
4918500: system.cpu: T0 : 0x1723e    : auipc a5, 98               : IntAlu :  D=0x000000000007923e
4919500: system.cpu: T0 : 0x17242    : ld a5, 1530(a5)            : MemRead :  D=0x000000000007a9c8 A=0x79838
4920000: system.cpu: T0 : 0x17246    : c_ld a5, 8(a5)             : MemRead :  D=0x0000000000000000 A=0x7a9d0
4920500: system.cpu: T0 : 0x17248    : sd a5, -920(s0)            : MemWrite :  D=0x0000000000000000 A=0x7ffffffffffffa58
4921000: system.cpu: T0 : 0x1724c    : ld a4, -920(s0)            : MemRead :  D=0x0000000000000000 A=0x7ffffffffffffa58
4921500: system.cpu: T0 : 0x17250    : ld a5, -928(s0)            : MemRead :  D=0x0000000000000000 A=0x7ffffffffffffa50
4922000: system.cpu: T0 : 0x17254    : bge a5, a4, 172            : IntAlu : 
4922500: system.cpu: T0 : 0x17300    : auipc a5, 97               : IntAlu :  D=0x0000000000078300
4923000: system.cpu: T0 : 0x17304    : addi a5, a5, -764          : IntAlu :  D=0x0000000000078004
4923500: system.cpu: T0 : 0x17308    : c_lw a5, 0(a5)             : MemRead :  D=0x0000000000000005 A=0x78004
4924000: system.cpu: T0 : 0x1730a    : c_addiw a5, 0              : IntAlu :  D=0x0000000000000005
4924500: system.cpu: T0 : 0x1730c    : c_mv a4, a5                : IntAlu :  D=0x0000000000000005
4925000: system.cpu: T0 : 0x1730e    : c_li a5, 4                 : IntAlu :  D=0x0000000000000004
4925500: system.cpu: T0 : 0x17310    : bge a5, a4, 256            : IntAlu : 
4926000: system.cpu: T0 : 0x17314    : addi a5, gp, -960          : IntAlu :  D=0x0000000000079c88
4926500: system.cpu: T0 : 0x17318    : c_lw a5, 0(a5)             : MemRead :  D=0x0000000000000000 A=0x79c88
4927000: system.cpu: T0 : 0x1731a    : c_addiw a5, 0              : IntAlu :  D=0x0000000000000000
4927500: system.cpu: T0 : 0x1731c    : c_mv a4, a5                : IntAlu :  D=0x0000000000000000
4928000: system.cpu: T0 : 0x1731e    : c_li a5, 3                 : IntAlu :  D=0x0000000000000003
4928500: system.cpu: T0 : 0x17320    : blt a5, a4, 240            : IntAlu : 
4929000: system.cpu: T0 : 0x17324    : auipc a5, 98               : IntAlu :  D=0x0000000000079324
4929500: system.cpu: T0 : 0x17328    : ld a5, 1300(a5)            : MemRead :  D=0x000000000007a9c8 A=0x79838
4930000: system.cpu: T0 : 0x1732c    : c_ld a4, 8(a5)             : MemRead :  D=0x0000000000000000 A=0x7a9d0
4931000: system.cpu: T0 : 0x1732e    : auipc a5, 98               : IntAlu :  D=0x000000000007932e
4932000: system.cpu: T0 : 0x17332    : ld a5, 1290(a5)            : MemRead :  D=0x000000000007a9c8 A=0x79838
4932500: system.cpu: T0 : 0x17336    : c_ld a5, 16(a5)            : MemRead :  D=0x0000000000000000 A=0x7a9d8
4933000: system.cpu: T0 : 0x17338    : bne a4, a5, 216            : IntAlu : 
4933500: system.cpu: T0 : 0x1733c    : auipc a5, 98               : IntAlu :  D=0x000000000007933c
4934000: system.cpu: T0 : 0x17340    : ld a5, 1276(a5)            : MemRead :  D=0x000000000007a9c8 A=0x79838
4934500: system.cpu: T0 : 0x17344    : c_ld a4, 8(a5)             : MemRead :  D=0x0000000000000000 A=0x7a9d0
4935500: system.cpu: T0 : 0x17346    : auipc a5, 98               : IntAlu :  D=0x0000000000079346
4936500: system.cpu: T0 : 0x1734a    : ld a5, 1266(a5)            : MemRead :  D=0x000000000007a9c8 A=0x79838
4937000: system.cpu: T0 : 0x1734e    : c_ld a5, 32(a5)            : MemRead :  D=0x0000000000000000 A=0x7a9e8
4937500: system.cpu: T0 : 0x17350    : bne a4, a5, 192            : IntAlu : 
4938000: system.cpu: T0 : 0x17354    : auipc a5, 98               : IntAlu :  D=0x0000000000079354
4938500: system.cpu: T0 : 0x17358    : ld a5, 1252(a5)            : MemRead :  D=0x000000000007a9c8 A=0x79838
4939000: system.cpu: T0 : 0x1735c    : c_ld a5, 24(a5)            : MemRead :  D=0x0000000000000000 A=0x7a9e0
4940000: system.cpu: T0 : 0x1735e    : sd a5, -904(s0)            : MemWrite :  D=0x0000000000000000 A=0x7ffffffffffffa68
4941000: system.cpu: T0 : 0x17362    : auipc a5, 98               : IntAlu :  D=0x0000000000079362
4942000: system.cpu: T0 : 0x17366    : ld a5, 1238(a5)            : MemRead :  D=0x000000000007a9c8 A=0x79838
4942500: system.cpu: T0 : 0x1736a    : c_ld a5, 8(a5)             : MemRead :  D=0x0000000000000000 A=0x7a9d0
4943000: system.cpu: T0 : 0x1736c    : sd a5, -896(s0)            : MemWrite :  D=0x0000000000000000 A=0x7ffffffffffffa70
4943500: system.cpu: T0 : 0x17370    : ld a4, -896(s0)            : MemRead :  D=0x0000000000000000 A=0x7ffffffffffffa70
4944000: system.cpu: T0 : 0x17374    : ld a5, -904(s0)            : MemRead :  D=0x0000000000000000 A=0x7ffffffffffffa68
4944500: system.cpu: T0 : 0x17378    : bge a5, a4, 152            : IntAlu : 
4945000: system.cpu: T0 : 0x17410    : auipc a5, 97               : IntAlu :  D=0x0000000000078410
4945500: system.cpu: T0 : 0x17414    : addi a5, a5, -1036         : IntAlu :  D=0x0000000000078004
4946000: system.cpu: T0 : 0x17418    : c_lw a5, 0(a5)             : MemRead :  D=0x0000000000000005 A=0x78004
4946500: system.cpu: T0 : 0x1741a    : c_addiw a5, 0              : IntAlu :  D=0x0000000000000005
4947000: system.cpu: T0 : 0x1741c    : c_mv a4, a5                : IntAlu :  D=0x0000000000000005
4947500: system.cpu: T0 : 0x1741e    : c_li a5, 4                 : IntAlu :  D=0x0000000000000004
4948000: system.cpu: T0 : 0x17420    : bge a5, a4, 276            : IntAlu : 
4948500: system.cpu: T0 : 0x17424    : addi a5, gp, -960          : IntAlu :  D=0x0000000000079c88
4949000: system.cpu: T0 : 0x17428    : c_lw a5, 0(a5)             : MemRead :  D=0x0000000000000000 A=0x79c88
4949500: system.cpu: T0 : 0x1742a    : c_addiw a5, 0              : IntAlu :  D=0x0000000000000000
4950000: system.cpu: T0 : 0x1742c    : c_mv a4, a5                : IntAlu :  D=0x0000000000000000
4950500: system.cpu: T0 : 0x1742e    : c_li a5, 3                 : IntAlu :  D=0x0000000000000003
4951000: system.cpu: T0 : 0x17430    : blt a5, a4, 260            : IntAlu : 
4951500: system.cpu: T0 : 0x17434    : auipc a5, 98               : IntAlu :  D=0x0000000000079434
4952000: system.cpu: T0 : 0x17438    : ld a5, 1028(a5)            : MemRead :  D=0x000000000007a9c8 A=0x79838
4952500: system.cpu: T0 : 0x1743c    : c_ld a4, 8(a5)             : MemRead :  D=0x0000000000000000 A=0x7a9d0
4953500: system.cpu: T0 : 0x1743e    : auipc a5, 98               : IntAlu :  D=0x000000000007943e
4954500: system.cpu: T0 : 0x17442    : ld a5, 1018(a5)            : MemRead :  D=0x000000000007a9c8 A=0x79838
4955000: system.cpu: T0 : 0x17446    : c_ld a5, 32(a5)            : MemRead :  D=0x0000000000000000 A=0x7a9e8
4955500: system.cpu: T0 : 0x17448    : bne a4, a5, 236            : IntAlu : 
4956000: system.cpu: T0 : 0x1744c    : auipc a5, 98               : IntAlu :  D=0x000000000007944c
4956500: system.cpu: T0 : 0x17450    : ld a5, 1004(a5)            : MemRead :  D=0x000000000007a9c8 A=0x79838
4957000: system.cpu: T0 : 0x17454    : c_ld a4, 8(a5)             : MemRead :  D=0x0000000000000000 A=0x7a9d0
4958000: system.cpu: T0 : 0x17456    : auipc a5, 98               : IntAlu :  D=0x0000000000079456
4959000: system.cpu: T0 : 0x1745a    : ld a5, 994(a5)             : MemRead :  D=0x000000000007a9c8 A=0x79838
4959500: system.cpu: T0 : 0x1745e    : c_ld a5, 0(a5)             : MemRead :  D=0x0000000000000000 A=0x7a9c8
4960000: system.cpu: T0 : 0x17460    : bne a4, a5, 212            : IntAlu : 
4960500: system.cpu: T0 : 0x17464    : auipc a5, 98               : IntAlu :  D=0x0000000000079464
4961000: system.cpu: T0 : 0x17468    : ld a5, 980(a5)             : MemRead :  D=0x000000000007a9c8 A=0x79838
4961500: system.cpu: T0 : 0x1746c    : c_ld a5, 24(a5)            : MemRead :  D=0x0000000000000000 A=0x7a9e0
4962500: system.cpu: T0 : 0x1746e    : sd a5, -880(s0)            : MemWrite :  D=0x0000000000000000 A=0x7ffffffffffffa80
4963500: system.cpu: T0 : 0x17472    : auipc a5, 98               : IntAlu :  D=0x0000000000079472
4964500: system.cpu: T0 : 0x17476    : ld a5, 966(a5)             : MemRead :  D=0x000000000007a9c8 A=0x79838
4965000: system.cpu: T0 : 0x1747a    : c_ld a5, 8(a5)             : MemRead :  D=0x0000000000000000 A=0x7a9d0
4965500: system.cpu: T0 : 0x1747c    : sd a5, -872(s0)            : MemWrite :  D=0x0000000000000000 A=0x7ffffffffffffa88
4966000: system.cpu: T0 : 0x17480    : ld a4, -872(s0)            : MemRead :  D=0x0000000000000000 A=0x7ffffffffffffa88
4966500: system.cpu: T0 : 0x17484    : ld a5, -880(s0)            : MemRead :  D=0x0000000000000000 A=0x7ffffffffffffa80
4967000: system.cpu: T0 : 0x17488    : bge a5, a4, 172            : IntAlu : 
4967500: system.cpu: T0 : 0x17534    : auipc a5, 97               : IntAlu :  D=0x0000000000078534
4968000: system.cpu: T0 : 0x17538    : addi a5, a5, -1328         : IntAlu :  D=0x0000000000078004
4968500: system.cpu: T0 : 0x1753c    : c_lw a5, 0(a5)             : MemRead :  D=0x0000000000000005 A=0x78004
4969000: system.cpu: T0 : 0x1753e    : c_addiw a5, 0              : IntAlu :  D=0x0000000000000005
4969500: system.cpu: T0 : 0x17540    : c_mv a4, a5                : IntAlu :  D=0x0000000000000005
4970000: system.cpu: T0 : 0x17542    : c_li a5, 4                 : IntAlu :  D=0x0000000000000004
4970500: system.cpu: T0 : 0x17544    : bge a5, a4, 256            : IntAlu : 
4971000: system.cpu: T0 : 0x17548    : addi a5, gp, -960          : IntAlu :  D=0x0000000000079c88
4971500: system.cpu: T0 : 0x1754c    : c_lw a5, 0(a5)             : MemRead :  D=0x0000000000000000 A=0x79c88
4972000: system.cpu: T0 : 0x1754e    : c_addiw a5, 0              : IntAlu :  D=0x0000000000000000
4972500: system.cpu: T0 : 0x17550    : c_mv a4, a5                : IntAlu :  D=0x0000000000000000
4973000: system.cpu: T0 : 0x17552    : c_li a5, 3                 : IntAlu :  D=0x0000000000000003
4973500: system.cpu: T0 : 0x17554    : blt a5, a4, 240            : IntAlu : 
4974000: system.cpu: T0 : 0x17558    : auipc a5, 98               : IntAlu :  D=0x0000000000079558
4974500: system.cpu: T0 : 0x1755c    : ld a5, 736(a5)             : MemRead :  D=0x000000000007a9c8 A=0x79838
4975000: system.cpu: T0 : 0x17560    : c_ld a4, 8(a5)             : MemRead :  D=0x0000000000000000 A=0x7a9d0
4976000: system.cpu: T0 : 0x17562    : auipc a5, 98               : IntAlu :  D=0x0000000000079562
4977000: system.cpu: T0 : 0x17566    : ld a5, 726(a5)             : MemRead :  D=0x000000000007a9c8 A=0x79838
4977500: system.cpu: T0 : 0x1756a    : c_ld a5, 32(a5)            : MemRead :  D=0x0000000000000000 A=0x7a9e8
4978000: system.cpu: T0 : 0x1756c    : bne a4, a5, 216            : IntAlu : 
4978500: system.cpu: T0 : 0x17570    : auipc a5, 98               : IntAlu :  D=0x0000000000079570
4979000: system.cpu: T0 : 0x17574    : ld a5, 712(a5)             : MemRead :  D=0x000000000007a9c8 A=0x79838
4979500: system.cpu: T0 : 0x17578    : c_ld a4, 8(a5)             : MemRead :  D=0x0000000000000000 A=0x7a9d0
4980500: system.cpu: T0 : 0x1757a    : auipc a5, 98               : IntAlu :  D=0x000000000007957a
4981500: system.cpu: T0 : 0x1757e    : ld a5, 702(a5)             : MemRead :  D=0x000000000007a9c8 A=0x79838
4982000: system.cpu: T0 : 0x17582    : c_ld a5, 16(a5)            : MemRead :  D=0x0000000000000000 A=0x7a9d8
4982500: system.cpu: T0 : 0x17584    : bne a4, a5, 192            : IntAlu : 
4983000: system.cpu: T0 : 0x17588    : auipc a5, 98               : IntAlu :  D=0x0000000000079588
4983500: system.cpu: T0 : 0x1758c    : ld a5, 688(a5)             : MemRead :  D=0x000000000007a9c8 A=0x79838
4984000: system.cpu: T0 : 0x17590    : c_ld a5, 24(a5)            : MemRead :  D=0x0000000000000000 A=0x7a9e0
4985000: system.cpu: T0 : 0x17592    : sd a5, -856(s0)            : MemWrite :  D=0x0000000000000000 A=0x7ffffffffffffa98
4986000: system.cpu: T0 : 0x17596    : auipc a5, 98               : IntAlu :  D=0x0000000000079596
4987000: system.cpu: T0 : 0x1759a    : ld a5, 674(a5)             : MemRead :  D=0x000000000007a9c8 A=0x79838
4987500: system.cpu: T0 : 0x1759e    : c_ld a5, 8(a5)             : MemRead :  D=0x0000000000000000 A=0x7a9d0
4988000: system.cpu: T0 : 0x175a0    : sd a5, -848(s0)            : MemWrite :  D=0x0000000000000000 A=0x7ffffffffffffaa0
4988500: system.cpu: T0 : 0x175a4    : ld a4, -848(s0)            : MemRead :  D=0x0000000000000000 A=0x7ffffffffffffaa0
4989000: system.cpu: T0 : 0x175a8    : ld a5, -856(s0)            : MemRead :  D=0x0000000000000000 A=0x7ffffffffffffa98
4989500: system.cpu: T0 : 0x175ac    : bge a5, a4, 152            : IntAlu : 
4990000: system.cpu: T0 : 0x17644    : auipc a5, 97               : IntAlu :  D=0x0000000000078644
4990500: system.cpu: T0 : 0x17648    : addi a5, a5, -1600         : IntAlu :  D=0x0000000000078004
4991000: system.cpu: T0 : 0x1764c    : c_lw a5, 0(a5)             : MemRead :  D=0x0000000000000005 A=0x78004
4991500: system.cpu: T0 : 0x1764e    : c_addiw a5, 0              : IntAlu :  D=0x0000000000000005
4992000: system.cpu: T0 : 0x17650    : c_mv a4, a5                : IntAlu :  D=0x0000000000000005
4992500: system.cpu: T0 : 0x17652    : c_li a5, 4                 : IntAlu :  D=0x0000000000000004
4993000: system.cpu: T0 : 0x17654    : bge a5, a4, 276            : IntAlu : 
4993500: system.cpu: T0 : 0x17658    : addi a5, gp, -960          : IntAlu :  D=0x0000000000079c88
4994000: system.cpu: T0 : 0x1765c    : c_lw a5, 0(a5)             : MemRead :  D=0x0000000000000000 A=0x79c88
4994500: system.cpu: T0 : 0x1765e    : c_addiw a5, 0              : IntAlu :  D=0x0000000000000000
4995000: system.cpu: T0 : 0x17660    : c_mv a4, a5                : IntAlu :  D=0x0000000000000000
4995500: system.cpu: T0 : 0x17662    : c_li a5, 3                 : IntAlu :  D=0x0000000000000003
4996000: system.cpu: T0 : 0x17664    : blt a5, a4, 260            : IntAlu : 
4996500: system.cpu: T0 : 0x17668    : auipc a5, 98               : IntAlu :  D=0x0000000000079668
4997000: system.cpu: T0 : 0x1766c    : ld a5, 464(a5)             : MemRead :  D=0x000000000007a9c8 A=0x79838
4997500: system.cpu: T0 : 0x17670    : c_ld a4, 16(a5)            : MemRead :  D=0x0000000000000000 A=0x7a9d8
4998500: system.cpu: T0 : 0x17672    : auipc a5, 98               : IntAlu :  D=0x0000000000079672
4999500: system.cpu: T0 : 0x17676    : ld a5, 454(a5)             : MemRead :  D=0x000000000007a9c8 A=0x79838
5000000: system.cpu: T0 : 0x1767a    : c_ld a5, 0(a5)             : MemRead :  D=0x0000000000000000 A=0x7a9c8
5000500: system.cpu: T0 : 0x1767c    : bne a4, a5, 236            : IntAlu : 
5001000: system.cpu: T0 : 0x17680    : auipc a5, 98               : IntAlu :  D=0x0000000000079680
5001500: system.cpu: T0 : 0x17684    : ld a5, 440(a5)             : MemRead :  D=0x000000000007a9c8 A=0x79838
5002000: system.cpu: T0 : 0x17688    : c_ld a4, 16(a5)            : MemRead :  D=0x0000000000000000 A=0x7a9d8
5003000: system.cpu: T0 : 0x1768a    : auipc a5, 98               : IntAlu :  D=0x000000000007968a
5004000: system.cpu: T0 : 0x1768e    : ld a5, 430(a5)             : MemRead :  D=0x000000000007a9c8 A=0x79838
5004500: system.cpu: T0 : 0x17692    : c_ld a5, 32(a5)            : MemRead :  D=0x0000000000000000 A=0x7a9e8
5005000: system.cpu: T0 : 0x17694    : bne a4, a5, 212            : IntAlu : 
5005500: system.cpu: T0 : 0x17698    : auipc a5, 98               : IntAlu :  D=0x0000000000079698
5006000: system.cpu: T0 : 0x1769c    : ld a5, 416(a5)             : MemRead :  D=0x000000000007a9c8 A=0x79838
5006500: system.cpu: T0 : 0x176a0    : c_ld a5, 24(a5)            : MemRead :  D=0x0000000000000000 A=0x7a9e0
5007500: system.cpu: T0 : 0x176a2    : sd a5, -832(s0)            : MemWrite :  D=0x0000000000000000 A=0x7ffffffffffffab0
5008500: system.cpu: T0 : 0x176a6    : auipc a5, 98               : IntAlu :  D=0x00000000000796a6
5009500: system.cpu: T0 : 0x176aa    : ld a5, 402(a5)             : MemRead :  D=0x000000000007a9c8 A=0x79838
5010000: system.cpu: T0 : 0x176ae    : c_ld a5, 16(a5)            : MemRead :  D=0x0000000000000000 A=0x7a9d8
5010500: system.cpu: T0 : 0x176b0    : sd a5, -824(s0)            : MemWrite :  D=0x0000000000000000 A=0x7ffffffffffffab8
5011000: system.cpu: T0 : 0x176b4    : ld a4, -824(s0)            : MemRead :  D=0x0000000000000000 A=0x7ffffffffffffab8
5011500: system.cpu: T0 : 0x176b8    : ld a5, -832(s0)            : MemRead :  D=0x0000000000000000 A=0x7ffffffffffffab0
5012000: system.cpu: T0 : 0x176bc    : bge a5, a4, 172            : IntAlu : 
5012500: system.cpu: T0 : 0x17768    : auipc a5, 97               : IntAlu :  D=0x0000000000078768
5013000: system.cpu: T0 : 0x1776c    : addi a5, a5, -1892         : IntAlu :  D=0x0000000000078004
5013500: system.cpu: T0 : 0x17770    : c_lw a5, 0(a5)             : MemRead :  D=0x0000000000000005 A=0x78004
5014000: system.cpu: T0 : 0x17772    : c_addiw a5, 0              : IntAlu :  D=0x0000000000000005
5014500: system.cpu: T0 : 0x17774    : c_mv a4, a5                : IntAlu :  D=0x0000000000000005
5015000: system.cpu: T0 : 0x17776    : c_li a5, 4                 : IntAlu :  D=0x0000000000000004
5015500: system.cpu: T0 : 0x17778    : bge a5, a4, 256            : IntAlu : 
5016000: system.cpu: T0 : 0x1777c    : addi a5, gp, -960          : IntAlu :  D=0x0000000000079c88
5016500: system.cpu: T0 : 0x17780    : c_lw a5, 0(a5)             : MemRead :  D=0x0000000000000000 A=0x79c88
5017000: system.cpu: T0 : 0x17782    : c_addiw a5, 0              : IntAlu :  D=0x0000000000000000
5017500: system.cpu: T0 : 0x17784    : c_mv a4, a5                : IntAlu :  D=0x0000000000000000
5018000: system.cpu: T0 : 0x17786    : c_li a5, 3                 : IntAlu :  D=0x0000000000000003
5018500: system.cpu: T0 : 0x17788    : blt a5, a4, 240            : IntAlu : 
5019000: system.cpu: T0 : 0x1778c    : auipc a5, 98               : IntAlu :  D=0x000000000007978c
5019500: system.cpu: T0 : 0x17790    : ld a5, 172(a5)             : MemRead :  D=0x000000000007a9c8 A=0x79838
5020000: system.cpu: T0 : 0x17794    : c_ld a4, 16(a5)            : MemRead :  D=0x0000000000000000 A=0x7a9d8
5021000: system.cpu: T0 : 0x17796    : auipc a5, 98               : IntAlu :  D=0x0000000000079796
5022000: system.cpu: T0 : 0x1779a    : ld a5, 162(a5)             : MemRead :  D=0x000000000007a9c8 A=0x79838
5022500: system.cpu: T0 : 0x1779e    : c_ld a5, 8(a5)             : MemRead :  D=0x0000000000000000 A=0x7a9d0
5023000: system.cpu: T0 : 0x177a0    : bne a4, a5, 216            : IntAlu : 
5023500: system.cpu: T0 : 0x177a4    : auipc a5, 98               : IntAlu :  D=0x00000000000797a4
5024000: system.cpu: T0 : 0x177a8    : ld a5, 148(a5)             : MemRead :  D=0x000000000007a9c8 A=0x79838
5024500: system.cpu: T0 : 0x177ac    : c_ld a4, 16(a5)            : MemRead :  D=0x0000000000000000 A=0x7a9d8
5025500: system.cpu: T0 : 0x177ae    : auipc a5, 98               : IntAlu :  D=0x00000000000797ae
5026500: system.cpu: T0 : 0x177b2    : ld a5, 138(a5)             : MemRead :  D=0x000000000007a9c8 A=0x79838
5027000: system.cpu: T0 : 0x177b6    : c_ld a5, 32(a5)            : MemRead :  D=0x0000000000000000 A=0x7a9e8
5027500: system.cpu: T0 : 0x177b8    : bne a4, a5, 192            : IntAlu : 
5028000: system.cpu: T0 : 0x177bc    : auipc a5, 98               : IntAlu :  D=0x00000000000797bc
5028500: system.cpu: T0 : 0x177c0    : ld a5, 124(a5)             : MemRead :  D=0x000000000007a9c8 A=0x79838
5029000: system.cpu: T0 : 0x177c4    : c_ld a5, 24(a5)            : MemRead :  D=0x0000000000000000 A=0x7a9e0
5030000: system.cpu: T0 : 0x177c6    : sd a5, -808(s0)            : MemWrite :  D=0x0000000000000000 A=0x7ffffffffffffac8
5031000: system.cpu: T0 : 0x177ca    : auipc a5, 98               : IntAlu :  D=0x00000000000797ca
5032000: system.cpu: T0 : 0x177ce    : ld a5, 110(a5)             : MemRead :  D=0x000000000007a9c8 A=0x79838
5032500: system.cpu: T0 : 0x177d2    : c_ld a5, 16(a5)            : MemRead :  D=0x0000000000000000 A=0x7a9d8
5033000: system.cpu: T0 : 0x177d4    : sd a5, -800(s0)            : MemWrite :  D=0x0000000000000000 A=0x7ffffffffffffad0
5033500: system.cpu: T0 : 0x177d8    : ld a4, -800(s0)            : MemRead :  D=0x0000000000000000 A=0x7ffffffffffffad0
5034000: system.cpu: T0 : 0x177dc    : ld a5, -808(s0)            : MemRead :  D=0x0000000000000000 A=0x7ffffffffffffac8
5034500: system.cpu: T0 : 0x177e0    : bge a5, a4, 152            : IntAlu : 
5035000: system.cpu: T0 : 0x17878    : auipc a5, 96               : IntAlu :  D=0x0000000000077878
5035500: system.cpu: T0 : 0x1787c    : addi a5, a5, 1932          : IntAlu :  D=0x0000000000078004
5036000: system.cpu: T0 : 0x17880    : c_lw a5, 0(a5)             : MemRead :  D=0x0000000000000005 A=0x78004
5036500: system.cpu: T0 : 0x17882    : c_addiw a5, 0              : IntAlu :  D=0x0000000000000005
5037000: system.cpu: T0 : 0x17884    : c_mv a4, a5                : IntAlu :  D=0x0000000000000005
5037500: system.cpu: T0 : 0x17886    : c_li a5, 4                 : IntAlu :  D=0x0000000000000004
5038000: system.cpu: T0 : 0x17888    : bge a5, a4, 276            : IntAlu : 
5038500: system.cpu: T0 : 0x1788c    : addi a5, gp, -960          : IntAlu :  D=0x0000000000079c88
5039000: system.cpu: T0 : 0x17890    : c_lw a5, 0(a5)             : MemRead :  D=0x0000000000000000 A=0x79c88
5039500: system.cpu: T0 : 0x17892    : c_addiw a5, 0              : IntAlu :  D=0x0000000000000000
5040000: system.cpu: T0 : 0x17894    : c_mv a4, a5                : IntAlu :  D=0x0000000000000000
5040500: system.cpu: T0 : 0x17896    : c_li a5, 3                 : IntAlu :  D=0x0000000000000003
5041000: system.cpu: T0 : 0x17898    : blt a5, a4, 260            : IntAlu : 
5041500: system.cpu: T0 : 0x1789c    : auipc a5, 98               : IntAlu :  D=0x000000000007989c
5042000: system.cpu: T0 : 0x178a0    : ld a5, -100(a5)            : MemRead :  D=0x000000000007a9c8 A=0x79838
5042500: system.cpu: T0 : 0x178a4    : c_ld a4, 16(a5)            : MemRead :  D=0x0000000000000000 A=0x7a9d8
5043500: system.cpu: T0 : 0x178a6    : auipc a5, 98               : IntAlu :  D=0x00000000000798a6
5044500: system.cpu: T0 : 0x178aa    : ld a5, -110(a5)            : MemRead :  D=0x000000000007a9c8 A=0x79838
5045000: system.cpu: T0 : 0x178ae    : c_ld a5, 32(a5)            : MemRead :  D=0x0000000000000000 A=0x7a9e8
5045500: system.cpu: T0 : 0x178b0    : bne a4, a5, 236            : IntAlu : 
5046000: system.cpu: T0 : 0x178b4    : auipc a5, 98               : IntAlu :  D=0x00000000000798b4
5046500: system.cpu: T0 : 0x178b8    : ld a5, -124(a5)            : MemRead :  D=0x000000000007a9c8 A=0x79838
5047000: system.cpu: T0 : 0x178bc    : c_ld a4, 16(a5)            : MemRead :  D=0x0000000000000000 A=0x7a9d8
5048000: system.cpu: T0 : 0x178be    : auipc a5, 98               : IntAlu :  D=0x00000000000798be
5049000: system.cpu: T0 : 0x178c2    : ld a5, -134(a5)            : MemRead :  D=0x000000000007a9c8 A=0x79838
5049500: system.cpu: T0 : 0x178c6    : c_ld a5, 0(a5)             : MemRead :  D=0x0000000000000000 A=0x7a9c8
5050000: system.cpu: T0 : 0x178c8    : bne a4, a5, 212            : IntAlu : 
5050500: system.cpu: T0 : 0x178cc    : auipc a5, 98               : IntAlu :  D=0x00000000000798cc
5051000: system.cpu: T0 : 0x178d0    : ld a5, -148(a5)            : MemRead :  D=0x000000000007a9c8 A=0x79838
5051500: system.cpu: T0 : 0x178d4    : c_ld a5, 24(a5)            : MemRead :  D=0x0000000000000000 A=0x7a9e0
5052500: system.cpu: T0 : 0x178d6    : sd a5, -784(s0)            : MemWrite :  D=0x0000000000000000 A=0x7ffffffffffffae0
5053500: system.cpu: T0 : 0x178da    : auipc a5, 98               : IntAlu :  D=0x00000000000798da
5054500: system.cpu: T0 : 0x178de    : ld a5, -162(a5)            : MemRead :  D=0x000000000007a9c8 A=0x79838
5055000: system.cpu: T0 : 0x178e2    : c_ld a5, 16(a5)            : MemRead :  D=0x0000000000000000 A=0x7a9d8
5055500: system.cpu: T0 : 0x178e4    : sd a5, -776(s0)            : MemWrite :  D=0x0000000000000000 A=0x7ffffffffffffae8
5056000: system.cpu: T0 : 0x178e8    : ld a4, -776(s0)            : MemRead :  D=0x0000000000000000 A=0x7ffffffffffffae8
5056500: system.cpu: T0 : 0x178ec    : ld a5, -784(s0)            : MemRead :  D=0x0000000000000000 A=0x7ffffffffffffae0
5057000: system.cpu: T0 : 0x178f0    : bge a5, a4, 172            : IntAlu : 
5057500: system.cpu: T0 : 0x1799c    : auipc a5, 96               : IntAlu :  D=0x000000000007799c
5058000: system.cpu: T0 : 0x179a0    : addi a5, a5, 1640          : IntAlu :  D=0x0000000000078004
5058500: system.cpu: T0 : 0x179a4    : c_lw a5, 0(a5)             : MemRead :  D=0x0000000000000005 A=0x78004
5059000: system.cpu: T0 : 0x179a6    : c_addiw a5, 0              : IntAlu :  D=0x0000000000000005
5059500: system.cpu: T0 : 0x179a8    : c_mv a4, a5                : IntAlu :  D=0x0000000000000005
5060000: system.cpu: T0 : 0x179aa    : c_li a5, 4                 : IntAlu :  D=0x0000000000000004
5060500: system.cpu: T0 : 0x179ac    : bge a5, a4, 256            : IntAlu : 
5061000: system.cpu: T0 : 0x179b0    : addi a5, gp, -960          : IntAlu :  D=0x0000000000079c88
5061500: system.cpu: T0 : 0x179b4    : c_lw a5, 0(a5)             : MemRead :  D=0x0000000000000000 A=0x79c88
5062000: system.cpu: T0 : 0x179b6    : c_addiw a5, 0              : IntAlu :  D=0x0000000000000000
5062500: system.cpu: T0 : 0x179b8    : c_mv a4, a5                : IntAlu :  D=0x0000000000000000
5063000: system.cpu: T0 : 0x179ba    : c_li a5, 3                 : IntAlu :  D=0x0000000000000003
5063500: system.cpu: T0 : 0x179bc    : blt a5, a4, 240            : IntAlu : 
5064000: system.cpu: T0 : 0x179c0    : auipc a5, 98               : IntAlu :  D=0x00000000000799c0
5064500: system.cpu: T0 : 0x179c4    : ld a5, -392(a5)            : MemRead :  D=0x000000000007a9c8 A=0x79838
5065000: system.cpu: T0 : 0x179c8    : c_ld a4, 16(a5)            : MemRead :  D=0x0000000000000000 A=0x7a9d8
5066000: system.cpu: T0 : 0x179ca    : auipc a5, 98               : IntAlu :  D=0x00000000000799ca
5067000: system.cpu: T0 : 0x179ce    : ld a5, -402(a5)            : MemRead :  D=0x000000000007a9c8 A=0x79838
5067500: system.cpu: T0 : 0x179d2    : c_ld a5, 32(a5)            : MemRead :  D=0x0000000000000000 A=0x7a9e8
5068000: system.cpu: T0 : 0x179d4    : bne a4, a5, 216            : IntAlu : 
5068500: system.cpu: T0 : 0x179d8    : auipc a5, 98               : IntAlu :  D=0x00000000000799d8
5069000: system.cpu: T0 : 0x179dc    : ld a5, -416(a5)            : MemRead :  D=0x000000000007a9c8 A=0x79838
5069500: system.cpu: T0 : 0x179e0    : c_ld a4, 16(a5)            : MemRead :  D=0x0000000000000000 A=0x7a9d8
5070500: system.cpu: T0 : 0x179e2    : auipc a5, 98               : IntAlu :  D=0x00000000000799e2
5071500: system.cpu: T0 : 0x179e6    : ld a5, -426(a5)            : MemRead :  D=0x000000000007a9c8 A=0x79838
5072000: system.cpu: T0 : 0x179ea    : c_ld a5, 8(a5)             : MemRead :  D=0x0000000000000000 A=0x7a9d0
5072500: system.cpu: T0 : 0x179ec    : bne a4, a5, 192            : IntAlu : 
5073000: system.cpu: T0 : 0x179f0    : auipc a5, 98               : IntAlu :  D=0x00000000000799f0
5073500: system.cpu: T0 : 0x179f4    : ld a5, -440(a5)            : MemRead :  D=0x000000000007a9c8 A=0x79838
5074000: system.cpu: T0 : 0x179f8    : c_ld a5, 24(a5)            : MemRead :  D=0x0000000000000000 A=0x7a9e0
5075000: system.cpu: T0 : 0x179fa    : sd a5, -760(s0)            : MemWrite :  D=0x0000000000000000 A=0x7ffffffffffffaf8
5076000: system.cpu: T0 : 0x179fe    : auipc a5, 98               : IntAlu :  D=0x00000000000799fe
5077000: system.cpu: T0 : 0x17a02    : ld a5, -454(a5)            : MemRead :  D=0x000000000007a9c8 A=0x79838
5077500: system.cpu: T0 : 0x17a06    : c_ld a5, 16(a5)            : MemRead :  D=0x0000000000000000 A=0x7a9d8
5078000: system.cpu: T0 : 0x17a08    : sd a5, -752(s0)            : MemWrite :  D=0x0000000000000000 A=0x7ffffffffffffb00
5078500: system.cpu: T0 : 0x17a0c    : ld a4, -752(s0)            : MemRead :  D=0x0000000000000000 A=0x7ffffffffffffb00
5079000: system.cpu: T0 : 0x17a10    : ld a5, -760(s0)            : MemRead :  D=0x0000000000000000 A=0x7ffffffffffffaf8
5079500: system.cpu: T0 : 0x17a14    : bge a5, a4, 152            : IntAlu : 
5080000: system.cpu: T0 : 0x17aac    : auipc a5, 96               : IntAlu :  D=0x0000000000077aac
5080500: system.cpu: T0 : 0x17ab0    : addi a5, a5, 1368          : IntAlu :  D=0x0000000000078004
5081000: system.cpu: T0 : 0x17ab4    : c_lw a5, 0(a5)             : MemRead :  D=0x0000000000000005 A=0x78004
5081500: system.cpu: T0 : 0x17ab6    : c_addiw a5, 0              : IntAlu :  D=0x0000000000000005
5082000: system.cpu: T0 : 0x17ab8    : c_mv a4, a5                : IntAlu :  D=0x0000000000000005
5082500: system.cpu: T0 : 0x17aba    : c_li a5, 4                 : IntAlu :  D=0x0000000000000004
5083000: system.cpu: T0 : 0x17abc    : bge a5, a4, 276            : IntAlu : 
5083500: system.cpu: T0 : 0x17ac0    : addi a5, gp, -960          : IntAlu :  D=0x0000000000079c88
5084000: system.cpu: T0 : 0x17ac4    : c_lw a5, 0(a5)             : MemRead :  D=0x0000000000000000 A=0x79c88
5084500: system.cpu: T0 : 0x17ac6    : c_addiw a5, 0              : IntAlu :  D=0x0000000000000000
5085000: system.cpu: T0 : 0x17ac8    : c_mv a4, a5                : IntAlu :  D=0x0000000000000000
5085500: system.cpu: T0 : 0x17aca    : c_li a5, 3                 : IntAlu :  D=0x0000000000000003
5086000: system.cpu: T0 : 0x17acc    : blt a5, a4, 260            : IntAlu : 
5086500: system.cpu: T0 : 0x17ad0    : auipc a5, 98               : IntAlu :  D=0x0000000000079ad0
5087000: system.cpu: T0 : 0x17ad4    : ld a5, -664(a5)            : MemRead :  D=0x000000000007a9c8 A=0x79838
5087500: system.cpu: T0 : 0x17ad8    : c_ld a4, 32(a5)            : MemRead :  D=0x0000000000000000 A=0x7a9e8
5088500: system.cpu: T0 : 0x17ada    : auipc a5, 98               : IntAlu :  D=0x0000000000079ada
5089500: system.cpu: T0 : 0x17ade    : ld a5, -674(a5)            : MemRead :  D=0x000000000007a9c8 A=0x79838
5090000: system.cpu: T0 : 0x17ae2    : c_ld a5, 0(a5)             : MemRead :  D=0x0000000000000000 A=0x7a9c8
5090500: system.cpu: T0 : 0x17ae4    : bne a4, a5, 236            : IntAlu : 
5091000: system.cpu: T0 : 0x17ae8    : auipc a5, 98               : IntAlu :  D=0x0000000000079ae8
5091500: system.cpu: T0 : 0x17aec    : ld a5, -688(a5)            : MemRead :  D=0x000000000007a9c8 A=0x79838
5092000: system.cpu: T0 : 0x17af0    : c_ld a4, 32(a5)            : MemRead :  D=0x0000000000000000 A=0x7a9e8
5093000: system.cpu: T0 : 0x17af2    : auipc a5, 98               : IntAlu :  D=0x0000000000079af2
5094000: system.cpu: T0 : 0x17af6    : ld a5, -698(a5)            : MemRead :  D=0x000000000007a9c8 A=0x79838
5094500: system.cpu: T0 : 0x17afa    : c_ld a5, 8(a5)             : MemRead :  D=0x0000000000000000 A=0x7a9d0
5095000: system.cpu: T0 : 0x17afc    : bne a4, a5, 212            : IntAlu : 
5095500: system.cpu: T0 : 0x17b00    : auipc a5, 98               : IntAlu :  D=0x0000000000079b00
5096000: system.cpu: T0 : 0x17b04    : ld a5, -712(a5)            : MemRead :  D=0x000000000007a9c8 A=0x79838
5096500: system.cpu: T0 : 0x17b08    : c_ld a5, 24(a5)            : MemRead :  D=0x0000000000000000 A=0x7a9e0
5097500: system.cpu: T0 : 0x17b0a    : sd a5, -736(s0)            : MemWrite :  D=0x0000000000000000 A=0x7ffffffffffffb10
5098500: system.cpu: T0 : 0x17b0e    : auipc a5, 98               : IntAlu :  D=0x0000000000079b0e
5099500: system.cpu: T0 : 0x17b12    : ld a5, -726(a5)            : MemRead :  D=0x000000000007a9c8 A=0x79838
5100000: system.cpu: T0 : 0x17b16    : c_ld a5, 32(a5)            : MemRead :  D=0x0000000000000000 A=0x7a9e8
5100500: system.cpu: T0 : 0x17b18    : sd a5, -728(s0)            : MemWrite :  D=0x0000000000000000 A=0x7ffffffffffffb18
5101000: system.cpu: T0 : 0x17b1c    : ld a4, -728(s0)            : MemRead :  D=0x0000000000000000 A=0x7ffffffffffffb18
5101500: system.cpu: T0 : 0x17b20    : ld a5, -736(s0)            : MemRead :  D=0x0000000000000000 A=0x7ffffffffffffb10
5102000: system.cpu: T0 : 0x17b24    : bge a5, a4, 172            : IntAlu : 
5102500: system.cpu: T0 : 0x17bd0    : auipc a5, 96               : IntAlu :  D=0x0000000000077bd0
5103000: system.cpu: T0 : 0x17bd4    : addi a5, a5, 1076          : IntAlu :  D=0x0000000000078004
5103500: system.cpu: T0 : 0x17bd8    : c_lw a5, 0(a5)             : MemRead :  D=0x0000000000000005 A=0x78004
5104000: system.cpu: T0 : 0x17bda    : c_addiw a5, 0              : IntAlu :  D=0x0000000000000005
5104500: system.cpu: T0 : 0x17bdc    : c_mv a4, a5                : IntAlu :  D=0x0000000000000005
5105000: system.cpu: T0 : 0x17bde    : c_li a5, 4                 : IntAlu :  D=0x0000000000000004
5105500: system.cpu: T0 : 0x17be0    : bge a5, a4, 276            : IntAlu : 
5106000: system.cpu: T0 : 0x17be4    : addi a5, gp, -960          : IntAlu :  D=0x0000000000079c88
5106500: system.cpu: T0 : 0x17be8    : c_lw a5, 0(a5)             : MemRead :  D=0x0000000000000000 A=0x79c88
5107000: system.cpu: T0 : 0x17bea    : c_addiw a5, 0              : IntAlu :  D=0x0000000000000000
5107500: system.cpu: T0 : 0x17bec    : c_mv a4, a5                : IntAlu :  D=0x0000000000000000
5108000: system.cpu: T0 : 0x17bee    : c_li a5, 3                 : IntAlu :  D=0x0000000000000003
5108500: system.cpu: T0 : 0x17bf0    : blt a5, a4, 260            : IntAlu : 
5109000: system.cpu: T0 : 0x17bf4    : auipc a5, 98               : IntAlu :  D=0x0000000000079bf4
5109500: system.cpu: T0 : 0x17bf8    : ld a5, -956(a5)            : MemRead :  D=0x000000000007a9c8 A=0x79838
5110000: system.cpu: T0 : 0x17bfc    : c_ld a4, 32(a5)            : MemRead :  D=0x0000000000000000 A=0x7a9e8
5111000: system.cpu: T0 : 0x17bfe    : auipc a5, 98               : IntAlu :  D=0x0000000000079bfe
5112000: system.cpu: T0 : 0x17c02    : ld a5, -966(a5)            : MemRead :  D=0x000000000007a9c8 A=0x79838
5112500: system.cpu: T0 : 0x17c06    : c_ld a5, 0(a5)             : MemRead :  D=0x0000000000000000 A=0x7a9c8
5113000: system.cpu: T0 : 0x17c08    : bne a4, a5, 236            : IntAlu : 
5113500: system.cpu: T0 : 0x17c0c    : auipc a5, 98               : IntAlu :  D=0x0000000000079c0c
5114000: system.cpu: T0 : 0x17c10    : ld a5, -980(a5)            : MemRead :  D=0x000000000007a9c8 A=0x79838
5114500: system.cpu: T0 : 0x17c14    : c_ld a4, 32(a5)            : MemRead :  D=0x0000000000000000 A=0x7a9e8
5115500: system.cpu: T0 : 0x17c16    : auipc a5, 98               : IntAlu :  D=0x0000000000079c16
5116500: system.cpu: T0 : 0x17c1a    : ld a5, -990(a5)            : MemRead :  D=0x000000000007a9c8 A=0x79838
5117000: system.cpu: T0 : 0x17c1e    : c_ld a5, 16(a5)            : MemRead :  D=0x0000000000000000 A=0x7a9d8
5117500: system.cpu: T0 : 0x17c20    : bne a4, a5, 212            : IntAlu : 
5118000: system.cpu: T0 : 0x17c24    : auipc a5, 98               : IntAlu :  D=0x0000000000079c24
5118500: system.cpu: T0 : 0x17c28    : ld a5, -1004(a5)           : MemRead :  D=0x000000000007a9c8 A=0x79838
5119000: system.cpu: T0 : 0x17c2c    : c_ld a5, 24(a5)            : MemRead :  D=0x0000000000000000 A=0x7a9e0
5120000: system.cpu: T0 : 0x17c2e    : sd a5, -712(s0)            : MemWrite :  D=0x0000000000000000 A=0x7ffffffffffffb28
5121000: system.cpu: T0 : 0x17c32    : auipc a5, 98               : IntAlu :  D=0x0000000000079c32
5122000: system.cpu: T0 : 0x17c36    : ld a5, -1018(a5)           : MemRead :  D=0x000000000007a9c8 A=0x79838
5122500: system.cpu: T0 : 0x17c3a    : c_ld a5, 32(a5)            : MemRead :  D=0x0000000000000000 A=0x7a9e8
5123000: system.cpu: T0 : 0x17c3c    : sd a5, -704(s0)            : MemWrite :  D=0x0000000000000000 A=0x7ffffffffffffb30
5123500: system.cpu: T0 : 0x17c40    : ld a4, -704(s0)            : MemRead :  D=0x0000000000000000 A=0x7ffffffffffffb30
5124000: system.cpu: T0 : 0x17c44    : ld a5, -712(s0)            : MemRead :  D=0x0000000000000000 A=0x7ffffffffffffb28
5124500: system.cpu: T0 : 0x17c48    : bge a5, a4, 172            : IntAlu : 
5125000: system.cpu: T0 : 0x17cf4    : auipc a5, 96               : IntAlu :  D=0x0000000000077cf4
5125500: system.cpu: T0 : 0x17cf8    : addi a5, a5, 784           : IntAlu :  D=0x0000000000078004
5126000: system.cpu: T0 : 0x17cfc    : c_lw a5, 0(a5)             : MemRead :  D=0x0000000000000005 A=0x78004
5126500: system.cpu: T0 : 0x17cfe    : c_addiw a5, 0              : IntAlu :  D=0x0000000000000005
5127000: system.cpu: T0 : 0x17d00    : c_mv a4, a5                : IntAlu :  D=0x0000000000000005
5127500: system.cpu: T0 : 0x17d02    : c_li a5, 4                 : IntAlu :  D=0x0000000000000004
5128000: system.cpu: T0 : 0x17d04    : bge a5, a4, 276            : IntAlu : 
5128500: system.cpu: T0 : 0x17d08    : addi a5, gp, -960          : IntAlu :  D=0x0000000000079c88
5129000: system.cpu: T0 : 0x17d0c    : c_lw a5, 0(a5)             : MemRead :  D=0x0000000000000000 A=0x79c88
5129500: system.cpu: T0 : 0x17d0e    : c_addiw a5, 0              : IntAlu :  D=0x0000000000000000
5130000: system.cpu: T0 : 0x17d10    : c_mv a4, a5                : IntAlu :  D=0x0000000000000000
5130500: system.cpu: T0 : 0x17d12    : c_li a5, 3                 : IntAlu :  D=0x0000000000000003
5131000: system.cpu: T0 : 0x17d14    : blt a5, a4, 260            : IntAlu : 
5131500: system.cpu: T0 : 0x17d18    : auipc a5, 98               : IntAlu :  D=0x0000000000079d18
5132000: system.cpu: T0 : 0x17d1c    : ld a5, -1248(a5)           : MemRead :  D=0x000000000007a9c8 A=0x79838
5132500: system.cpu: T0 : 0x17d20    : c_ld a4, 32(a5)            : MemRead :  D=0x0000000000000000 A=0x7a9e8
5133500: system.cpu: T0 : 0x17d22    : auipc a5, 98               : IntAlu :  D=0x0000000000079d22
5134500: system.cpu: T0 : 0x17d26    : ld a5, -1258(a5)           : MemRead :  D=0x000000000007a9c8 A=0x79838
5135000: system.cpu: T0 : 0x17d2a    : c_ld a5, 8(a5)             : MemRead :  D=0x0000000000000000 A=0x7a9d0
5135500: system.cpu: T0 : 0x17d2c    : bne a4, a5, 236            : IntAlu : 
5136000: system.cpu: T0 : 0x17d30    : auipc a5, 98               : IntAlu :  D=0x0000000000079d30
5136500: system.cpu: T0 : 0x17d34    : ld a5, -1272(a5)           : MemRead :  D=0x000000000007a9c8 A=0x79838
5137000: system.cpu: T0 : 0x17d38    : c_ld a4, 32(a5)            : MemRead :  D=0x0000000000000000 A=0x7a9e8
5138000: system.cpu: T0 : 0x17d3a    : auipc a5, 98               : IntAlu :  D=0x0000000000079d3a
5139000: system.cpu: T0 : 0x17d3e    : ld a5, -1282(a5)           : MemRead :  D=0x000000000007a9c8 A=0x79838
5139500: system.cpu: T0 : 0x17d42    : c_ld a5, 0(a5)             : MemRead :  D=0x0000000000000000 A=0x7a9c8
5140000: system.cpu: T0 : 0x17d44    : bne a4, a5, 212            : IntAlu : 
5140500: system.cpu: T0 : 0x17d48    : auipc a5, 98               : IntAlu :  D=0x0000000000079d48
5141000: system.cpu: T0 : 0x17d4c    : ld a5, -1296(a5)           : MemRead :  D=0x000000000007a9c8 A=0x79838
5141500: system.cpu: T0 : 0x17d50    : c_ld a5, 24(a5)            : MemRead :  D=0x0000000000000000 A=0x7a9e0
5142500: system.cpu: T0 : 0x17d52    : sd a5, -688(s0)            : MemWrite :  D=0x0000000000000000 A=0x7ffffffffffffb40
5143500: system.cpu: T0 : 0x17d56    : auipc a5, 98               : IntAlu :  D=0x0000000000079d56
5144500: system.cpu: T0 : 0x17d5a    : ld a5, -1310(a5)           : MemRead :  D=0x000000000007a9c8 A=0x79838
5145000: system.cpu: T0 : 0x17d5e    : c_ld a5, 32(a5)            : MemRead :  D=0x0000000000000000 A=0x7a9e8
5145500: system.cpu: T0 : 0x17d60    : sd a5, -680(s0)            : MemWrite :  D=0x0000000000000000 A=0x7ffffffffffffb48
5146000: system.cpu: T0 : 0x17d64    : ld a4, -680(s0)            : MemRead :  D=0x0000000000000000 A=0x7ffffffffffffb48
5146500: system.cpu: T0 : 0x17d68    : ld a5, -688(s0)            : MemRead :  D=0x0000000000000000 A=0x7ffffffffffffb40
5147000: system.cpu: T0 : 0x17d6c    : bge a5, a4, 172            : IntAlu : 
5147500: system.cpu: T0 : 0x17e18    : auipc a5, 96               : IntAlu :  D=0x0000000000077e18
5148000: system.cpu: T0 : 0x17e1c    : addi a5, a5, 492           : IntAlu :  D=0x0000000000078004
5148500: system.cpu: T0 : 0x17e20    : c_lw a5, 0(a5)             : MemRead :  D=0x0000000000000005 A=0x78004
5149000: system.cpu: T0 : 0x17e22    : c_addiw a5, 0              : IntAlu :  D=0x0000000000000005
5149500: system.cpu: T0 : 0x17e24    : c_mv a4, a5                : IntAlu :  D=0x0000000000000005
5150000: system.cpu: T0 : 0x17e26    : c_li a5, 4                 : IntAlu :  D=0x0000000000000004
5150500: system.cpu: T0 : 0x17e28    : bge a5, a4, 256            : IntAlu : 
5151000: system.cpu: T0 : 0x17e2c    : addi a5, gp, -960          : IntAlu :  D=0x0000000000079c88
5151500: system.cpu: T0 : 0x17e30    : c_lw a5, 0(a5)             : MemRead :  D=0x0000000000000000 A=0x79c88
5152000: system.cpu: T0 : 0x17e32    : c_addiw a5, 0              : IntAlu :  D=0x0000000000000000
5152500: system.cpu: T0 : 0x17e34    : c_mv a4, a5                : IntAlu :  D=0x0000000000000000
5153000: system.cpu: T0 : 0x17e36    : c_li a5, 3                 : IntAlu :  D=0x0000000000000003
5153500: system.cpu: T0 : 0x17e38    : blt a5, a4, 240            : IntAlu : 
5154000: system.cpu: T0 : 0x17e3c    : auipc a5, 98               : IntAlu :  D=0x0000000000079e3c
5154500: system.cpu: T0 : 0x17e40    : ld a5, -1540(a5)           : MemRead :  D=0x000000000007a9c8 A=0x79838
5155000: system.cpu: T0 : 0x17e44    : c_ld a4, 32(a5)            : MemRead :  D=0x0000000000000000 A=0x7a9e8
5156000: system.cpu: T0 : 0x17e46    : auipc a5, 98               : IntAlu :  D=0x0000000000079e46
5157000: system.cpu: T0 : 0x17e4a    : ld a5, -1550(a5)           : MemRead :  D=0x000000000007a9c8 A=0x79838
5157500: system.cpu: T0 : 0x17e4e    : c_ld a5, 8(a5)             : MemRead :  D=0x0000000000000000 A=0x7a9d0
5158000: system.cpu: T0 : 0x17e50    : bne a4, a5, 216            : IntAlu : 
5158500: system.cpu: T0 : 0x17e54    : auipc a5, 98               : IntAlu :  D=0x0000000000079e54
5159000: system.cpu: T0 : 0x17e58    : ld a5, -1564(a5)           : MemRead :  D=0x000000000007a9c8 A=0x79838
5159500: system.cpu: T0 : 0x17e5c    : c_ld a4, 32(a5)            : MemRead :  D=0x0000000000000000 A=0x7a9e8
5160500: system.cpu: T0 : 0x17e5e    : auipc a5, 98               : IntAlu :  D=0x0000000000079e5e
5161500: system.cpu: T0 : 0x17e62    : ld a5, -1574(a5)           : MemRead :  D=0x000000000007a9c8 A=0x79838
5162000: system.cpu: T0 : 0x17e66    : c_ld a5, 16(a5)            : MemRead :  D=0x0000000000000000 A=0x7a9d8
5162500: system.cpu: T0 : 0x17e68    : bne a4, a5, 192            : IntAlu : 
5163000: system.cpu: T0 : 0x17e6c    : auipc a5, 98               : IntAlu :  D=0x0000000000079e6c
5163500: system.cpu: T0 : 0x17e70    : ld a5, -1588(a5)           : MemRead :  D=0x000000000007a9c8 A=0x79838
5164000: system.cpu: T0 : 0x17e74    : c_ld a5, 24(a5)            : MemRead :  D=0x0000000000000000 A=0x7a9e0
5165000: system.cpu: T0 : 0x17e76    : sd a5, -664(s0)            : MemWrite :  D=0x0000000000000000 A=0x7ffffffffffffb58
5166000: system.cpu: T0 : 0x17e7a    : auipc a5, 98               : IntAlu :  D=0x0000000000079e7a
5167000: system.cpu: T0 : 0x17e7e    : ld a5, -1602(a5)           : MemRead :  D=0x000000000007a9c8 A=0x79838
5167500: system.cpu: T0 : 0x17e82    : c_ld a5, 32(a5)            : MemRead :  D=0x0000000000000000 A=0x7a9e8
5168000: system.cpu: T0 : 0x17e84    : sd a5, -656(s0)            : MemWrite :  D=0x0000000000000000 A=0x7ffffffffffffb60
5168500: system.cpu: T0 : 0x17e88    : ld a4, -656(s0)            : MemRead :  D=0x0000000000000000 A=0x7ffffffffffffb60
5169000: system.cpu: T0 : 0x17e8c    : ld a5, -664(s0)            : MemRead :  D=0x0000000000000000 A=0x7ffffffffffffb58
5169500: system.cpu: T0 : 0x17e90    : bge a5, a4, 152            : IntAlu : 
5170000: system.cpu: T0 : 0x17f28    : auipc a5, 96               : IntAlu :  D=0x0000000000077f28
5170500: system.cpu: T0 : 0x17f2c    : addi a5, a5, 220           : IntAlu :  D=0x0000000000078004
5171000: system.cpu: T0 : 0x17f30    : c_lw a5, 0(a5)             : MemRead :  D=0x0000000000000005 A=0x78004
5171500: system.cpu: T0 : 0x17f32    : c_addiw a5, 0              : IntAlu :  D=0x0000000000000005
5172000: system.cpu: T0 : 0x17f34    : c_mv a4, a5                : IntAlu :  D=0x0000000000000005
5172500: system.cpu: T0 : 0x17f36    : c_li a5, 4                 : IntAlu :  D=0x0000000000000004
5173000: system.cpu: T0 : 0x17f38    : bge a5, a4, 276            : IntAlu : 
5173500: system.cpu: T0 : 0x17f3c    : addi a5, gp, -960          : IntAlu :  D=0x0000000000079c88
5174000: system.cpu: T0 : 0x17f40    : c_lw a5, 0(a5)             : MemRead :  D=0x0000000000000000 A=0x79c88
5174500: system.cpu: T0 : 0x17f42    : c_addiw a5, 0              : IntAlu :  D=0x0000000000000000
5175000: system.cpu: T0 : 0x17f44    : c_mv a4, a5                : IntAlu :  D=0x0000000000000000
5175500: system.cpu: T0 : 0x17f46    : c_li a5, 3                 : IntAlu :  D=0x0000000000000003
5176000: system.cpu: T0 : 0x17f48    : blt a5, a4, 260            : IntAlu : 
5176500: system.cpu: T0 : 0x17f4c    : auipc a5, 98               : IntAlu :  D=0x0000000000079f4c
5177000: system.cpu: T0 : 0x17f50    : ld a5, -1812(a5)           : MemRead :  D=0x000000000007a9c8 A=0x79838
5177500: system.cpu: T0 : 0x17f54    : c_ld a4, 32(a5)            : MemRead :  D=0x0000000000000000 A=0x7a9e8
5178500: system.cpu: T0 : 0x17f56    : auipc a5, 98               : IntAlu :  D=0x0000000000079f56
5179500: system.cpu: T0 : 0x17f5a    : ld a5, -1822(a5)           : MemRead :  D=0x000000000007a9c8 A=0x79838
5180000: system.cpu: T0 : 0x17f5e    : c_ld a5, 16(a5)            : MemRead :  D=0x0000000000000000 A=0x7a9d8
5180500: system.cpu: T0 : 0x17f60    : bne a4, a5, 236            : IntAlu : 
5181000: system.cpu: T0 : 0x17f64    : auipc a5, 98               : IntAlu :  D=0x0000000000079f64
5181500: system.cpu: T0 : 0x17f68    : ld a5, -1836(a5)           : MemRead :  D=0x000000000007a9c8 A=0x79838
5182000: system.cpu: T0 : 0x17f6c    : c_ld a4, 32(a5)            : MemRead :  D=0x0000000000000000 A=0x7a9e8
5183000: system.cpu: T0 : 0x17f6e    : auipc a5, 98               : IntAlu :  D=0x0000000000079f6e
5184000: system.cpu: T0 : 0x17f72    : ld a5, -1846(a5)           : MemRead :  D=0x000000000007a9c8 A=0x79838
5184500: system.cpu: T0 : 0x17f76    : c_ld a5, 0(a5)             : MemRead :  D=0x0000000000000000 A=0x7a9c8
5185000: system.cpu: T0 : 0x17f78    : bne a4, a5, 212            : IntAlu : 
5185500: system.cpu: T0 : 0x17f7c    : auipc a5, 98               : IntAlu :  D=0x0000000000079f7c
5186000: system.cpu: T0 : 0x17f80    : ld a5, -1860(a5)           : MemRead :  D=0x000000000007a9c8 A=0x79838
5186500: system.cpu: T0 : 0x17f84    : c_ld a5, 24(a5)            : MemRead :  D=0x0000000000000000 A=0x7a9e0
5187500: system.cpu: T0 : 0x17f86    : sd a5, -640(s0)            : MemWrite :  D=0x0000000000000000 A=0x7ffffffffffffb70
5188500: system.cpu: T0 : 0x17f8a    : auipc a5, 98               : IntAlu :  D=0x0000000000079f8a
5189500: system.cpu: T0 : 0x17f8e    : ld a5, -1874(a5)           : MemRead :  D=0x000000000007a9c8 A=0x79838
5190000: system.cpu: T0 : 0x17f92    : c_ld a5, 32(a5)            : MemRead :  D=0x0000000000000000 A=0x7a9e8
5190500: system.cpu: T0 : 0x17f94    : sd a5, -632(s0)            : MemWrite :  D=0x0000000000000000 A=0x7ffffffffffffb78
5191000: system.cpu: T0 : 0x17f98    : ld a4, -632(s0)            : MemRead :  D=0x0000000000000000 A=0x7ffffffffffffb78
5191500: system.cpu: T0 : 0x17f9c    : ld a5, -640(s0)            : MemRead :  D=0x0000000000000000 A=0x7ffffffffffffb70
5192000: system.cpu: T0 : 0x17fa0    : bge a5, a4, 172            : IntAlu : 
5192500: system.cpu: T0 : 0x1804c    : auipc a5, 96               : IntAlu :  D=0x000000000007804c
5193000: system.cpu: T0 : 0x18050    : addi a5, a5, -72           : IntAlu :  D=0x0000000000078004
5193500: system.cpu: T0 : 0x18054    : c_lw a5, 0(a5)             : MemRead :  D=0x0000000000000005 A=0x78004
5194000: system.cpu: T0 : 0x18056    : c_addiw a5, 0              : IntAlu :  D=0x0000000000000005
5194500: system.cpu: T0 : 0x18058    : c_mv a4, a5                : IntAlu :  D=0x0000000000000005
5195000: system.cpu: T0 : 0x1805a    : c_li a5, 4                 : IntAlu :  D=0x0000000000000004
5195500: system.cpu: T0 : 0x1805c    : bge a5, a4, 256            : IntAlu : 
5196000: system.cpu: T0 : 0x18060    : addi a5, gp, -960          : IntAlu :  D=0x0000000000079c88
5196500: system.cpu: T0 : 0x18064    : c_lw a5, 0(a5)             : MemRead :  D=0x0000000000000000 A=0x79c88
5197000: system.cpu: T0 : 0x18066    : c_addiw a5, 0              : IntAlu :  D=0x0000000000000000
5197500: system.cpu: T0 : 0x18068    : c_mv a4, a5                : IntAlu :  D=0x0000000000000000
5198000: system.cpu: T0 : 0x1806a    : c_li a5, 3                 : IntAlu :  D=0x0000000000000003
5198500: system.cpu: T0 : 0x1806c    : blt a5, a4, 240            : IntAlu : 
5199000: system.cpu: T0 : 0x18070    : auipc a5, 97               : IntAlu :  D=0x0000000000079070
5199500: system.cpu: T0 : 0x18074    : ld a5, 1992(a5)            : MemRead :  D=0x000000000007a9c8 A=0x79838
5200000: system.cpu: T0 : 0x18078    : c_ld a4, 32(a5)            : MemRead :  D=0x0000000000000000 A=0x7a9e8
5201000: system.cpu: T0 : 0x1807a    : auipc a5, 97               : IntAlu :  D=0x000000000007907a
5202000: system.cpu: T0 : 0x1807e    : ld a5, 1982(a5)            : MemRead :  D=0x000000000007a9c8 A=0x79838
5202500: system.cpu: T0 : 0x18082    : c_ld a5, 16(a5)            : MemRead :  D=0x0000000000000000 A=0x7a9d8
5203000: system.cpu: T0 : 0x18084    : bne a4, a5, 216            : IntAlu : 
5203500: system.cpu: T0 : 0x18088    : auipc a5, 97               : IntAlu :  D=0x0000000000079088
5204000: system.cpu: T0 : 0x1808c    : ld a5, 1968(a5)            : MemRead :  D=0x000000000007a9c8 A=0x79838
5204500: system.cpu: T0 : 0x18090    : c_ld a4, 32(a5)            : MemRead :  D=0x0000000000000000 A=0x7a9e8
5205500: system.cpu: T0 : 0x18092    : auipc a5, 97               : IntAlu :  D=0x0000000000079092
5206500: system.cpu: T0 : 0x18096    : ld a5, 1958(a5)            : MemRead :  D=0x000000000007a9c8 A=0x79838
5207000: system.cpu: T0 : 0x1809a    : c_ld a5, 8(a5)             : MemRead :  D=0x0000000000000000 A=0x7a9d0
5207500: system.cpu: T0 : 0x1809c    : bne a4, a5, 192            : IntAlu : 
5208000: system.cpu: T0 : 0x180a0    : auipc a5, 97               : IntAlu :  D=0x00000000000790a0
5208500: system.cpu: T0 : 0x180a4    : ld a5, 1944(a5)            : MemRead :  D=0x000000000007a9c8 A=0x79838
5209000: system.cpu: T0 : 0x180a8    : c_ld a5, 24(a5)            : MemRead :  D=0x0000000000000000 A=0x7a9e0
5210000: system.cpu: T0 : 0x180aa    : sd a5, -616(s0)            : MemWrite :  D=0x0000000000000000 A=0x7ffffffffffffb88
5211000: system.cpu: T0 : 0x180ae    : auipc a5, 97               : IntAlu :  D=0x00000000000790ae
5212000: system.cpu: T0 : 0x180b2    : ld a5, 1930(a5)            : MemRead :  D=0x000000000007a9c8 A=0x79838
5212500: system.cpu: T0 : 0x180b6    : c_ld a5, 32(a5)            : MemRead :  D=0x0000000000000000 A=0x7a9e8
5213000: system.cpu: T0 : 0x180b8    : sd a5, -608(s0)            : MemWrite :  D=0x0000000000000000 A=0x7ffffffffffffb90
5213500: system.cpu: T0 : 0x180bc    : ld a4, -608(s0)            : MemRead :  D=0x0000000000000000 A=0x7ffffffffffffb90
5214000: system.cpu: T0 : 0x180c0    : ld a5, -616(s0)            : MemRead :  D=0x0000000000000000 A=0x7ffffffffffffb88
5214500: system.cpu: T0 : 0x180c4    : bge a5, a4, 152            : IntAlu : 
5215000: system.cpu: T0 : 0x1815c    : auipc a5, 96               : IntAlu :  D=0x000000000007815c
5215500: system.cpu: T0 : 0x18160    : addi a5, a5, -344          : IntAlu :  D=0x0000000000078004
5216000: system.cpu: T0 : 0x18164    : c_lw a5, 0(a5)             : MemRead :  D=0x0000000000000005 A=0x78004
5216500: system.cpu: T0 : 0x18166    : c_addiw a5, 0              : IntAlu :  D=0x0000000000000005
5217000: system.cpu: T0 : 0x18168    : c_mv a4, a5                : IntAlu :  D=0x0000000000000005
5217500: system.cpu: T0 : 0x1816a    : c_li a5, 4                 : IntAlu :  D=0x0000000000000004
5218000: system.cpu: T0 : 0x1816c    : bge a5, a4, 276            : IntAlu : 
5218500: system.cpu: T0 : 0x18170    : addi a5, gp, -960          : IntAlu :  D=0x0000000000079c88
5219000: system.cpu: T0 : 0x18174    : c_lw a5, 0(a5)             : MemRead :  D=0x0000000000000000 A=0x79c88
5219500: system.cpu: T0 : 0x18176    : c_addiw a5, 0              : IntAlu :  D=0x0000000000000000
5220000: system.cpu: T0 : 0x18178    : c_mv a4, a5                : IntAlu :  D=0x0000000000000000
5220500: system.cpu: T0 : 0x1817a    : c_li a5, 3                 : IntAlu :  D=0x0000000000000003
5221000: system.cpu: T0 : 0x1817c    : blt a5, a4, 260            : IntAlu : 
5221500: system.cpu: T0 : 0x18180    : auipc a5, 97               : IntAlu :  D=0x0000000000079180
5222000: system.cpu: T0 : 0x18184    : ld a5, 1720(a5)            : MemRead :  D=0x000000000007a9c8 A=0x79838
5222500: system.cpu: T0 : 0x18188    : c_ld a4, 0(a5)             : MemRead :  D=0x0000000000000000 A=0x7a9c8
5223500: system.cpu: T0 : 0x1818a    : auipc a5, 97               : IntAlu :  D=0x000000000007918a
5224500: system.cpu: T0 : 0x1818e    : ld a5, 1710(a5)            : MemRead :  D=0x000000000007a9c8 A=0x79838
5225000: system.cpu: T0 : 0x18192    : c_ld a5, 8(a5)             : MemRead :  D=0x0000000000000000 A=0x7a9d0
5225500: system.cpu: T0 : 0x18194    : bne a4, a5, 236            : IntAlu : 
5226000: system.cpu: T0 : 0x18198    : auipc a5, 97               : IntAlu :  D=0x0000000000079198
5226500: system.cpu: T0 : 0x1819c    : ld a5, 1696(a5)            : MemRead :  D=0x000000000007a9c8 A=0x79838
5227000: system.cpu: T0 : 0x181a0    : c_ld a4, 0(a5)             : MemRead :  D=0x0000000000000000 A=0x7a9c8
5228000: system.cpu: T0 : 0x181a2    : auipc a5, 97               : IntAlu :  D=0x00000000000791a2
5229000: system.cpu: T0 : 0x181a6    : ld a5, 1686(a5)            : MemRead :  D=0x000000000007a9c8 A=0x79838
5229500: system.cpu: T0 : 0x181aa    : c_ld a5, 16(a5)            : MemRead :  D=0x0000000000000000 A=0x7a9d8
5230000: system.cpu: T0 : 0x181ac    : bne a4, a5, 212            : IntAlu : 
5230500: system.cpu: T0 : 0x181b0    : auipc a5, 97               : IntAlu :  D=0x00000000000791b0
5231000: system.cpu: T0 : 0x181b4    : ld a5, 1672(a5)            : MemRead :  D=0x000000000007a9c8 A=0x79838
5231500: system.cpu: T0 : 0x181b8    : c_ld a5, 32(a5)            : MemRead :  D=0x0000000000000000 A=0x7a9e8
5232500: system.cpu: T0 : 0x181ba    : sd a5, -592(s0)            : MemWrite :  D=0x0000000000000000 A=0x7ffffffffffffba0
5233500: system.cpu: T0 : 0x181be    : auipc a5, 97               : IntAlu :  D=0x00000000000791be
5234500: system.cpu: T0 : 0x181c2    : ld a5, 1658(a5)            : MemRead :  D=0x000000000007a9c8 A=0x79838
5235000: system.cpu: T0 : 0x181c6    : c_ld a5, 0(a5)             : MemRead :  D=0x0000000000000000 A=0x7a9c8
5235500: system.cpu: T0 : 0x181c8    : sd a5, -584(s0)            : MemWrite :  D=0x0000000000000000 A=0x7ffffffffffffba8
5236000: system.cpu: T0 : 0x181cc    : ld a4, -584(s0)            : MemRead :  D=0x0000000000000000 A=0x7ffffffffffffba8
5236500: system.cpu: T0 : 0x181d0    : ld a5, -592(s0)            : MemRead :  D=0x0000000000000000 A=0x7ffffffffffffba0
5237000: system.cpu: T0 : 0x181d4    : bge a5, a4, 172            : IntAlu : 
5237500: system.cpu: T0 : 0x18280    : auipc a5, 96               : IntAlu :  D=0x0000000000078280
5238000: system.cpu: T0 : 0x18284    : addi a5, a5, -636          : IntAlu :  D=0x0000000000078004
5238500: system.cpu: T0 : 0x18288    : c_lw a5, 0(a5)             : MemRead :  D=0x0000000000000005 A=0x78004
5239000: system.cpu: T0 : 0x1828a    : c_addiw a5, 0              : IntAlu :  D=0x0000000000000005
5239500: system.cpu: T0 : 0x1828c    : c_mv a4, a5                : IntAlu :  D=0x0000000000000005
5240000: system.cpu: T0 : 0x1828e    : c_li a5, 4                 : IntAlu :  D=0x0000000000000004
5240500: system.cpu: T0 : 0x18290    : bge a5, a4, 276            : IntAlu : 
5241000: system.cpu: T0 : 0x18294    : addi a5, gp, -960          : IntAlu :  D=0x0000000000079c88
5241500: system.cpu: T0 : 0x18298    : c_lw a5, 0(a5)             : MemRead :  D=0x0000000000000000 A=0x79c88
5242000: system.cpu: T0 : 0x1829a    : c_addiw a5, 0              : IntAlu :  D=0x0000000000000000
5242500: system.cpu: T0 : 0x1829c    : c_mv a4, a5                : IntAlu :  D=0x0000000000000000
5243000: system.cpu: T0 : 0x1829e    : c_li a5, 3                 : IntAlu :  D=0x0000000000000003
5243500: system.cpu: T0 : 0x182a0    : blt a5, a4, 260            : IntAlu : 
5244000: system.cpu: T0 : 0x182a4    : auipc a5, 97               : IntAlu :  D=0x00000000000792a4
5244500: system.cpu: T0 : 0x182a8    : ld a5, 1428(a5)            : MemRead :  D=0x000000000007a9c8 A=0x79838
5245000: system.cpu: T0 : 0x182ac    : c_ld a4, 0(a5)             : MemRead :  D=0x0000000000000000 A=0x7a9c8
5246000: system.cpu: T0 : 0x182ae    : auipc a5, 97               : IntAlu :  D=0x00000000000792ae
5247000: system.cpu: T0 : 0x182b2    : ld a5, 1418(a5)            : MemRead :  D=0x000000000007a9c8 A=0x79838
5247500: system.cpu: T0 : 0x182b6    : c_ld a5, 8(a5)             : MemRead :  D=0x0000000000000000 A=0x7a9d0
5248000: system.cpu: T0 : 0x182b8    : bne a4, a5, 236            : IntAlu : 
5248500: system.cpu: T0 : 0x182bc    : auipc a5, 97               : IntAlu :  D=0x00000000000792bc
5249000: system.cpu: T0 : 0x182c0    : ld a5, 1404(a5)            : MemRead :  D=0x000000000007a9c8 A=0x79838
5249500: system.cpu: T0 : 0x182c4    : c_ld a4, 0(a5)             : MemRead :  D=0x0000000000000000 A=0x7a9c8
5250500: system.cpu: T0 : 0x182c6    : auipc a5, 97               : IntAlu :  D=0x00000000000792c6
5251500: system.cpu: T0 : 0x182ca    : ld a5, 1394(a5)            : MemRead :  D=0x000000000007a9c8 A=0x79838
5252000: system.cpu: T0 : 0x182ce    : c_ld a5, 24(a5)            : MemRead :  D=0x0000000000000000 A=0x7a9e0
5252500: system.cpu: T0 : 0x182d0    : bne a4, a5, 212            : IntAlu : 
5253000: system.cpu: T0 : 0x182d4    : auipc a5, 97               : IntAlu :  D=0x00000000000792d4
5253500: system.cpu: T0 : 0x182d8    : ld a5, 1380(a5)            : MemRead :  D=0x000000000007a9c8 A=0x79838
5254000: system.cpu: T0 : 0x182dc    : c_ld a5, 32(a5)            : MemRead :  D=0x0000000000000000 A=0x7a9e8
5255000: system.cpu: T0 : 0x182de    : sd a5, -568(s0)            : MemWrite :  D=0x0000000000000000 A=0x7ffffffffffffbb8
5256000: system.cpu: T0 : 0x182e2    : auipc a5, 97               : IntAlu :  D=0x00000000000792e2
5257000: system.cpu: T0 : 0x182e6    : ld a5, 1366(a5)            : MemRead :  D=0x000000000007a9c8 A=0x79838
5257500: system.cpu: T0 : 0x182ea    : c_ld a5, 0(a5)             : MemRead :  D=0x0000000000000000 A=0x7a9c8
5258000: system.cpu: T0 : 0x182ec    : sd a5, -560(s0)            : MemWrite :  D=0x0000000000000000 A=0x7ffffffffffffbc0
5258500: system.cpu: T0 : 0x182f0    : ld a4, -560(s0)            : MemRead :  D=0x0000000000000000 A=0x7ffffffffffffbc0
5259000: system.cpu: T0 : 0x182f4    : ld a5, -568(s0)            : MemRead :  D=0x0000000000000000 A=0x7ffffffffffffbb8
5259500: system.cpu: T0 : 0x182f8    : bge a5, a4, 172            : IntAlu : 
5260000: system.cpu: T0 : 0x183a4    : auipc a5, 96               : IntAlu :  D=0x00000000000783a4
5260500: system.cpu: T0 : 0x183a8    : addi a5, a5, -928          : IntAlu :  D=0x0000000000078004
5261000: system.cpu: T0 : 0x183ac    : c_lw a5, 0(a5)             : MemRead :  D=0x0000000000000005 A=0x78004
5261500: system.cpu: T0 : 0x183ae    : c_addiw a5, 0              : IntAlu :  D=0x0000000000000005
5262000: system.cpu: T0 : 0x183b0    : c_mv a4, a5                : IntAlu :  D=0x0000000000000005
5262500: system.cpu: T0 : 0x183b2    : c_li a5, 4                 : IntAlu :  D=0x0000000000000004
5263000: system.cpu: T0 : 0x183b4    : bge a5, a4, 276            : IntAlu : 
5263500: system.cpu: T0 : 0x183b8    : addi a5, gp, -960          : IntAlu :  D=0x0000000000079c88
5264000: system.cpu: T0 : 0x183bc    : c_lw a5, 0(a5)             : MemRead :  D=0x0000000000000000 A=0x79c88
5264500: system.cpu: T0 : 0x183be    : c_addiw a5, 0              : IntAlu :  D=0x0000000000000000
5265000: system.cpu: T0 : 0x183c0    : c_mv a4, a5                : IntAlu :  D=0x0000000000000000
5265500: system.cpu: T0 : 0x183c2    : c_li a5, 3                 : IntAlu :  D=0x0000000000000003
5266000: system.cpu: T0 : 0x183c4    : blt a5, a4, 260            : IntAlu : 
5266500: system.cpu: T0 : 0x183c8    : auipc a5, 97               : IntAlu :  D=0x00000000000793c8
5267000: system.cpu: T0 : 0x183cc    : ld a5, 1136(a5)            : MemRead :  D=0x000000000007a9c8 A=0x79838
5267500: system.cpu: T0 : 0x183d0    : c_ld a4, 0(a5)             : MemRead :  D=0x0000000000000000 A=0x7a9c8
5268500: system.cpu: T0 : 0x183d2    : auipc a5, 97               : IntAlu :  D=0x00000000000793d2
5269500: system.cpu: T0 : 0x183d6    : ld a5, 1126(a5)            : MemRead :  D=0x000000000007a9c8 A=0x79838
5270000: system.cpu: T0 : 0x183da    : c_ld a5, 16(a5)            : MemRead :  D=0x0000000000000000 A=0x7a9d8
5270500: system.cpu: T0 : 0x183dc    : bne a4, a5, 236            : IntAlu : 
5271000: system.cpu: T0 : 0x183e0    : auipc a5, 97               : IntAlu :  D=0x00000000000793e0
5271500: system.cpu: T0 : 0x183e4    : ld a5, 1112(a5)            : MemRead :  D=0x000000000007a9c8 A=0x79838
5272000: system.cpu: T0 : 0x183e8    : c_ld a4, 0(a5)             : MemRead :  D=0x0000000000000000 A=0x7a9c8
5273000: system.cpu: T0 : 0x183ea    : auipc a5, 97               : IntAlu :  D=0x00000000000793ea
5274000: system.cpu: T0 : 0x183ee    : ld a5, 1102(a5)            : MemRead :  D=0x000000000007a9c8 A=0x79838
5274500: system.cpu: T0 : 0x183f2    : c_ld a5, 8(a5)             : MemRead :  D=0x0000000000000000 A=0x7a9d0
5275000: system.cpu: T0 : 0x183f4    : bne a4, a5, 212            : IntAlu : 
5275500: system.cpu: T0 : 0x183f8    : auipc a5, 97               : IntAlu :  D=0x00000000000793f8
5276000: system.cpu: T0 : 0x183fc    : ld a5, 1088(a5)            : MemRead :  D=0x000000000007a9c8 A=0x79838
5276500: system.cpu: T0 : 0x18400    : c_ld a5, 32(a5)            : MemRead :  D=0x0000000000000000 A=0x7a9e8
5277500: system.cpu: T0 : 0x18402    : sd a5, -544(s0)            : MemWrite :  D=0x0000000000000000 A=0x7ffffffffffffbd0
5278500: system.cpu: T0 : 0x18406    : auipc a5, 97               : IntAlu :  D=0x0000000000079406
5279500: system.cpu: T0 : 0x1840a    : ld a5, 1074(a5)            : MemRead :  D=0x000000000007a9c8 A=0x79838
5280000: system.cpu: T0 : 0x1840e    : c_ld a5, 0(a5)             : MemRead :  D=0x0000000000000000 A=0x7a9c8
5280500: system.cpu: T0 : 0x18410    : sd a5, -536(s0)            : MemWrite :  D=0x0000000000000000 A=0x7ffffffffffffbd8
5281000: system.cpu: T0 : 0x18414    : ld a4, -536(s0)            : MemRead :  D=0x0000000000000000 A=0x7ffffffffffffbd8
5281500: system.cpu: T0 : 0x18418    : ld a5, -544(s0)            : MemRead :  D=0x0000000000000000 A=0x7ffffffffffffbd0
5282000: system.cpu: T0 : 0x1841c    : bge a5, a4, 172            : IntAlu : 
5282500: system.cpu: T0 : 0x184c8    : auipc a5, 96               : IntAlu :  D=0x00000000000784c8
5283000: system.cpu: T0 : 0x184cc    : addi a5, a5, -1220         : IntAlu :  D=0x0000000000078004
5283500: system.cpu: T0 : 0x184d0    : c_lw a5, 0(a5)             : MemRead :  D=0x0000000000000005 A=0x78004
5284000: system.cpu: T0 : 0x184d2    : c_addiw a5, 0              : IntAlu :  D=0x0000000000000005
5284500: system.cpu: T0 : 0x184d4    : c_mv a4, a5                : IntAlu :  D=0x0000000000000005
5285000: system.cpu: T0 : 0x184d6    : c_li a5, 4                 : IntAlu :  D=0x0000000000000004
5285500: system.cpu: T0 : 0x184d8    : bge a5, a4, 276            : IntAlu : 
5286000: system.cpu: T0 : 0x184dc    : addi a5, gp, -960          : IntAlu :  D=0x0000000000079c88
5286500: system.cpu: T0 : 0x184e0    : c_lw a5, 0(a5)             : MemRead :  D=0x0000000000000000 A=0x79c88
5287000: system.cpu: T0 : 0x184e2    : c_addiw a5, 0              : IntAlu :  D=0x0000000000000000
5287500: system.cpu: T0 : 0x184e4    : c_mv a4, a5                : IntAlu :  D=0x0000000000000000
5288000: system.cpu: T0 : 0x184e6    : c_li a5, 3                 : IntAlu :  D=0x0000000000000003
5288500: system.cpu: T0 : 0x184e8    : blt a5, a4, 260            : IntAlu : 
5289000: system.cpu: T0 : 0x184ec    : auipc a5, 97               : IntAlu :  D=0x00000000000794ec
5289500: system.cpu: T0 : 0x184f0    : ld a5, 844(a5)             : MemRead :  D=0x000000000007a9c8 A=0x79838
5290000: system.cpu: T0 : 0x184f4    : c_ld a4, 0(a5)             : MemRead :  D=0x0000000000000000 A=0x7a9c8
5291000: system.cpu: T0 : 0x184f6    : auipc a5, 97               : IntAlu :  D=0x00000000000794f6
5292000: system.cpu: T0 : 0x184fa    : ld a5, 834(a5)             : MemRead :  D=0x000000000007a9c8 A=0x79838
5292500: system.cpu: T0 : 0x184fe    : c_ld a5, 16(a5)            : MemRead :  D=0x0000000000000000 A=0x7a9d8
5293000: system.cpu: T0 : 0x18500    : bne a4, a5, 236            : IntAlu : 
5293500: system.cpu: T0 : 0x18504    : auipc a5, 97               : IntAlu :  D=0x0000000000079504
5294000: system.cpu: T0 : 0x18508    : ld a5, 820(a5)             : MemRead :  D=0x000000000007a9c8 A=0x79838
5294500: system.cpu: T0 : 0x1850c    : c_ld a4, 0(a5)             : MemRead :  D=0x0000000000000000 A=0x7a9c8
5295500: system.cpu: T0 : 0x1850e    : auipc a5, 97               : IntAlu :  D=0x000000000007950e
5296500: system.cpu: T0 : 0x18512    : ld a5, 810(a5)             : MemRead :  D=0x000000000007a9c8 A=0x79838
5297000: system.cpu: T0 : 0x18516    : c_ld a5, 24(a5)            : MemRead :  D=0x0000000000000000 A=0x7a9e0
5297500: system.cpu: T0 : 0x18518    : bne a4, a5, 212            : IntAlu : 
5298000: system.cpu: T0 : 0x1851c    : auipc a5, 97               : IntAlu :  D=0x000000000007951c
5298500: system.cpu: T0 : 0x18520    : ld a5, 796(a5)             : MemRead :  D=0x000000000007a9c8 A=0x79838
5299000: system.cpu: T0 : 0x18524    : c_ld a5, 32(a5)            : MemRead :  D=0x0000000000000000 A=0x7a9e8
5300000: system.cpu: T0 : 0x18526    : sd a5, -520(s0)            : MemWrite :  D=0x0000000000000000 A=0x7ffffffffffffbe8
5301000: system.cpu: T0 : 0x1852a    : auipc a5, 97               : IntAlu :  D=0x000000000007952a
5302000: system.cpu: T0 : 0x1852e    : ld a5, 782(a5)             : MemRead :  D=0x000000000007a9c8 A=0x79838
5302500: system.cpu: T0 : 0x18532    : c_ld a5, 0(a5)             : MemRead :  D=0x0000000000000000 A=0x7a9c8
5303000: system.cpu: T0 : 0x18534    : sd a5, -512(s0)            : MemWrite :  D=0x0000000000000000 A=0x7ffffffffffffbf0
5303500: system.cpu: T0 : 0x18538    : ld a4, -512(s0)            : MemRead :  D=0x0000000000000000 A=0x7ffffffffffffbf0
5304000: system.cpu: T0 : 0x1853c    : ld a5, -520(s0)            : MemRead :  D=0x0000000000000000 A=0x7ffffffffffffbe8
5304500: system.cpu: T0 : 0x18540    : bge a5, a4, 172            : IntAlu : 
5305000: system.cpu: T0 : 0x185ec    : auipc a5, 96               : IntAlu :  D=0x00000000000785ec
5305500: system.cpu: T0 : 0x185f0    : addi a5, a5, -1512         : IntAlu :  D=0x0000000000078004
5306000: system.cpu: T0 : 0x185f4    : c_lw a5, 0(a5)             : MemRead :  D=0x0000000000000005 A=0x78004
5306500: system.cpu: T0 : 0x185f6    : c_addiw a5, 0              : IntAlu :  D=0x0000000000000005
5307000: system.cpu: T0 : 0x185f8    : c_mv a4, a5                : IntAlu :  D=0x0000000000000005
5307500: system.cpu: T0 : 0x185fa    : c_li a5, 4                 : IntAlu :  D=0x0000000000000004
5308000: system.cpu: T0 : 0x185fc    : bge a5, a4, 276            : IntAlu : 
5308500: system.cpu: T0 : 0x18600    : addi a5, gp, -960          : IntAlu :  D=0x0000000000079c88
5309000: system.cpu: T0 : 0x18604    : c_lw a5, 0(a5)             : MemRead :  D=0x0000000000000000 A=0x79c88
5309500: system.cpu: T0 : 0x18606    : c_addiw a5, 0              : IntAlu :  D=0x0000000000000000
5310000: system.cpu: T0 : 0x18608    : c_mv a4, a5                : IntAlu :  D=0x0000000000000000
5310500: system.cpu: T0 : 0x1860a    : c_li a5, 3                 : IntAlu :  D=0x0000000000000003
5311000: system.cpu: T0 : 0x1860c    : blt a5, a4, 260            : IntAlu : 
5311500: system.cpu: T0 : 0x18610    : auipc a5, 97               : IntAlu :  D=0x0000000000079610
5312000: system.cpu: T0 : 0x18614    : ld a5, 552(a5)             : MemRead :  D=0x000000000007a9c8 A=0x79838
5312500: system.cpu: T0 : 0x18618    : c_ld a4, 0(a5)             : MemRead :  D=0x0000000000000000 A=0x7a9c8
5313500: system.cpu: T0 : 0x1861a    : auipc a5, 97               : IntAlu :  D=0x000000000007961a
5314500: system.cpu: T0 : 0x1861e    : ld a5, 542(a5)             : MemRead :  D=0x000000000007a9c8 A=0x79838
5315000: system.cpu: T0 : 0x18622    : c_ld a5, 24(a5)            : MemRead :  D=0x0000000000000000 A=0x7a9e0
5315500: system.cpu: T0 : 0x18624    : bne a4, a5, 236            : IntAlu : 
5316000: system.cpu: T0 : 0x18628    : auipc a5, 97               : IntAlu :  D=0x0000000000079628
5316500: system.cpu: T0 : 0x1862c    : ld a5, 528(a5)             : MemRead :  D=0x000000000007a9c8 A=0x79838
5317000: system.cpu: T0 : 0x18630    : c_ld a4, 0(a5)             : MemRead :  D=0x0000000000000000 A=0x7a9c8
5318000: system.cpu: T0 : 0x18632    : auipc a5, 97               : IntAlu :  D=0x0000000000079632
5319000: system.cpu: T0 : 0x18636    : ld a5, 518(a5)             : MemRead :  D=0x000000000007a9c8 A=0x79838
5319500: system.cpu: T0 : 0x1863a    : c_ld a5, 8(a5)             : MemRead :  D=0x0000000000000000 A=0x7a9d0
5320000: system.cpu: T0 : 0x1863c    : bne a4, a5, 212            : IntAlu : 
5320500: system.cpu: T0 : 0x18640    : auipc a5, 97               : IntAlu :  D=0x0000000000079640
5321000: system.cpu: T0 : 0x18644    : ld a5, 504(a5)             : MemRead :  D=0x000000000007a9c8 A=0x79838
5321500: system.cpu: T0 : 0x18648    : c_ld a5, 32(a5)            : MemRead :  D=0x0000000000000000 A=0x7a9e8
5322500: system.cpu: T0 : 0x1864a    : sd a5, -496(s0)            : MemWrite :  D=0x0000000000000000 A=0x7ffffffffffffc00
5323500: system.cpu: T0 : 0x1864e    : auipc a5, 97               : IntAlu :  D=0x000000000007964e
5324500: system.cpu: T0 : 0x18652    : ld a5, 490(a5)             : MemRead :  D=0x000000000007a9c8 A=0x79838
5325000: system.cpu: T0 : 0x18656    : c_ld a5, 0(a5)             : MemRead :  D=0x0000000000000000 A=0x7a9c8
5325500: system.cpu: T0 : 0x18658    : sd a5, -488(s0)            : MemWrite :  D=0x0000000000000000 A=0x7ffffffffffffc08
5326000: system.cpu: T0 : 0x1865c    : ld a4, -488(s0)            : MemRead :  D=0x0000000000000000 A=0x7ffffffffffffc08
5326500: system.cpu: T0 : 0x18660    : ld a5, -496(s0)            : MemRead :  D=0x0000000000000000 A=0x7ffffffffffffc00
5327000: system.cpu: T0 : 0x18664    : bge a5, a4, 172            : IntAlu : 
5327500: system.cpu: T0 : 0x18710    : auipc a5, 96               : IntAlu :  D=0x0000000000078710
5328000: system.cpu: T0 : 0x18714    : addi a5, a5, -1804         : IntAlu :  D=0x0000000000078004
5328500: system.cpu: T0 : 0x18718    : c_lw a5, 0(a5)             : MemRead :  D=0x0000000000000005 A=0x78004
5329000: system.cpu: T0 : 0x1871a    : c_addiw a5, 0              : IntAlu :  D=0x0000000000000005
5329500: system.cpu: T0 : 0x1871c    : c_mv a4, a5                : IntAlu :  D=0x0000000000000005
5330000: system.cpu: T0 : 0x1871e    : c_li a5, 4                 : IntAlu :  D=0x0000000000000004
5330500: system.cpu: T0 : 0x18720    : bge a5, a4, 276            : IntAlu : 
5331000: system.cpu: T0 : 0x18724    : addi a5, gp, -960          : IntAlu :  D=0x0000000000079c88
5331500: system.cpu: T0 : 0x18728    : c_lw a5, 0(a5)             : MemRead :  D=0x0000000000000000 A=0x79c88
5332000: system.cpu: T0 : 0x1872a    : c_addiw a5, 0              : IntAlu :  D=0x0000000000000000
5332500: system.cpu: T0 : 0x1872c    : c_mv a4, a5                : IntAlu :  D=0x0000000000000000
5333000: system.cpu: T0 : 0x1872e    : c_li a5, 3                 : IntAlu :  D=0x0000000000000003
5333500: system.cpu: T0 : 0x18730    : blt a5, a4, 260            : IntAlu : 
5334000: system.cpu: T0 : 0x18734    : auipc a5, 97               : IntAlu :  D=0x0000000000079734
5334500: system.cpu: T0 : 0x18738    : ld a5, 260(a5)             : MemRead :  D=0x000000000007a9c8 A=0x79838
5335000: system.cpu: T0 : 0x1873c    : c_ld a4, 0(a5)             : MemRead :  D=0x0000000000000000 A=0x7a9c8
5336000: system.cpu: T0 : 0x1873e    : auipc a5, 97               : IntAlu :  D=0x000000000007973e
5337000: system.cpu: T0 : 0x18742    : ld a5, 250(a5)             : MemRead :  D=0x000000000007a9c8 A=0x79838
5337500: system.cpu: T0 : 0x18746    : c_ld a5, 24(a5)            : MemRead :  D=0x0000000000000000 A=0x7a9e0
5338000: system.cpu: T0 : 0x18748    : bne a4, a5, 236            : IntAlu : 
5338500: system.cpu: T0 : 0x1874c    : auipc a5, 97               : IntAlu :  D=0x000000000007974c
5339000: system.cpu: T0 : 0x18750    : ld a5, 236(a5)             : MemRead :  D=0x000000000007a9c8 A=0x79838
5339500: system.cpu: T0 : 0x18754    : c_ld a4, 0(a5)             : MemRead :  D=0x0000000000000000 A=0x7a9c8
5340500: system.cpu: T0 : 0x18756    : auipc a5, 97               : IntAlu :  D=0x0000000000079756
5341500: system.cpu: T0 : 0x1875a    : ld a5, 226(a5)             : MemRead :  D=0x000000000007a9c8 A=0x79838
5342000: system.cpu: T0 : 0x1875e    : c_ld a5, 16(a5)            : MemRead :  D=0x0000000000000000 A=0x7a9d8
5342500: system.cpu: T0 : 0x18760    : bne a4, a5, 212            : IntAlu : 
5343000: system.cpu: T0 : 0x18764    : auipc a5, 97               : IntAlu :  D=0x0000000000079764
5343500: system.cpu: T0 : 0x18768    : ld a5, 212(a5)             : MemRead :  D=0x000000000007a9c8 A=0x79838
5344000: system.cpu: T0 : 0x1876c    : c_ld a5, 32(a5)            : MemRead :  D=0x0000000000000000 A=0x7a9e8
5345000: system.cpu: T0 : 0x1876e    : sd a5, -472(s0)            : MemWrite :  D=0x0000000000000000 A=0x7ffffffffffffc18
5346000: system.cpu: T0 : 0x18772    : auipc a5, 97               : IntAlu :  D=0x0000000000079772
5347000: system.cpu: T0 : 0x18776    : ld a5, 198(a5)             : MemRead :  D=0x000000000007a9c8 A=0x79838
5347500: system.cpu: T0 : 0x1877a    : c_ld a5, 0(a5)             : MemRead :  D=0x0000000000000000 A=0x7a9c8
5348000: system.cpu: T0 : 0x1877c    : sd a5, -464(s0)            : MemWrite :  D=0x0000000000000000 A=0x7ffffffffffffc20
5348500: system.cpu: T0 : 0x18780    : ld a4, -464(s0)            : MemRead :  D=0x0000000000000000 A=0x7ffffffffffffc20
5349000: system.cpu: T0 : 0x18784    : ld a5, -472(s0)            : MemRead :  D=0x0000000000000000 A=0x7ffffffffffffc18
5349500: system.cpu: T0 : 0x18788    : bge a5, a4, 172            : IntAlu : 
5350000: system.cpu: T0 : 0x18834    : auipc a5, 95               : IntAlu :  D=0x0000000000077834
5350500: system.cpu: T0 : 0x18838    : addi a5, a5, 2000          : IntAlu :  D=0x0000000000078004
5351000: system.cpu: T0 : 0x1883c    : c_lw a5, 0(a5)             : MemRead :  D=0x0000000000000005 A=0x78004
5351500: system.cpu: T0 : 0x1883e    : c_addiw a5, 0              : IntAlu :  D=0x0000000000000005
5352000: system.cpu: T0 : 0x18840    : c_mv a4, a5                : IntAlu :  D=0x0000000000000005
5352500: system.cpu: T0 : 0x18842    : c_li a5, 4                 : IntAlu :  D=0x0000000000000004
5353000: system.cpu: T0 : 0x18844    : bge a5, a4, 276            : IntAlu : 
5353500: system.cpu: T0 : 0x18848    : addi a5, gp, -960          : IntAlu :  D=0x0000000000079c88
5354000: system.cpu: T0 : 0x1884c    : c_lw a5, 0(a5)             : MemRead :  D=0x0000000000000000 A=0x79c88
5354500: system.cpu: T0 : 0x1884e    : c_addiw a5, 0              : IntAlu :  D=0x0000000000000000
5355000: system.cpu: T0 : 0x18850    : c_mv a4, a5                : IntAlu :  D=0x0000000000000000
5355500: system.cpu: T0 : 0x18852    : c_li a5, 3                 : IntAlu :  D=0x0000000000000003
5356000: system.cpu: T0 : 0x18854    : blt a5, a4, 260            : IntAlu : 
5356500: system.cpu: T0 : 0x18858    : auipc a5, 97               : IntAlu :  D=0x0000000000079858
5357000: system.cpu: T0 : 0x1885c    : ld a5, -32(a5)             : MemRead :  D=0x000000000007a9c8 A=0x79838
5357500: system.cpu: T0 : 0x18860    : c_ld a4, 8(a5)             : MemRead :  D=0x0000000000000000 A=0x7a9d0
5358500: system.cpu: T0 : 0x18862    : auipc a5, 97               : IntAlu :  D=0x0000000000079862
5359500: system.cpu: T0 : 0x18866    : ld a5, -42(a5)             : MemRead :  D=0x000000000007a9c8 A=0x79838
5360000: system.cpu: T0 : 0x1886a    : c_ld a5, 0(a5)             : MemRead :  D=0x0000000000000000 A=0x7a9c8
5360500: system.cpu: T0 : 0x1886c    : bne a4, a5, 236            : IntAlu : 
5361000: system.cpu: T0 : 0x18870    : auipc a5, 97               : IntAlu :  D=0x0000000000079870
5361500: system.cpu: T0 : 0x18874    : ld a5, -56(a5)             : MemRead :  D=0x000000000007a9c8 A=0x79838
5362000: system.cpu: T0 : 0x18878    : c_ld a4, 8(a5)             : MemRead :  D=0x0000000000000000 A=0x7a9d0
5363000: system.cpu: T0 : 0x1887a    : auipc a5, 97               : IntAlu :  D=0x000000000007987a
5364000: system.cpu: T0 : 0x1887e    : ld a5, -66(a5)             : MemRead :  D=0x000000000007a9c8 A=0x79838
5364500: system.cpu: T0 : 0x18882    : c_ld a5, 16(a5)            : MemRead :  D=0x0000000000000000 A=0x7a9d8
5365000: system.cpu: T0 : 0x18884    : bne a4, a5, 212            : IntAlu : 
5365500: system.cpu: T0 : 0x18888    : auipc a5, 97               : IntAlu :  D=0x0000000000079888
5366000: system.cpu: T0 : 0x1888c    : ld a5, -80(a5)             : MemRead :  D=0x000000000007a9c8 A=0x79838
5366500: system.cpu: T0 : 0x18890    : c_ld a5, 32(a5)            : MemRead :  D=0x0000000000000000 A=0x7a9e8
5367500: system.cpu: T0 : 0x18892    : sd a5, -448(s0)            : MemWrite :  D=0x0000000000000000 A=0x7ffffffffffffc30
5368500: system.cpu: T0 : 0x18896    : auipc a5, 97               : IntAlu :  D=0x0000000000079896
5369500: system.cpu: T0 : 0x1889a    : ld a5, -94(a5)             : MemRead :  D=0x000000000007a9c8 A=0x79838
5370000: system.cpu: T0 : 0x1889e    : c_ld a5, 8(a5)             : MemRead :  D=0x0000000000000000 A=0x7a9d0
5370500: system.cpu: T0 : 0x188a0    : sd a5, -440(s0)            : MemWrite :  D=0x0000000000000000 A=0x7ffffffffffffc38
5371000: system.cpu: T0 : 0x188a4    : ld a4, -440(s0)            : MemRead :  D=0x0000000000000000 A=0x7ffffffffffffc38
5371500: system.cpu: T0 : 0x188a8    : ld a5, -448(s0)            : MemRead :  D=0x0000000000000000 A=0x7ffffffffffffc30
5372000: system.cpu: T0 : 0x188ac    : bge a5, a4, 172            : IntAlu : 
5372500: system.cpu: T0 : 0x18958    : auipc a5, 95               : IntAlu :  D=0x0000000000077958
5373000: system.cpu: T0 : 0x1895c    : addi a5, a5, 1708          : IntAlu :  D=0x0000000000078004
5373500: system.cpu: T0 : 0x18960    : c_lw a5, 0(a5)             : MemRead :  D=0x0000000000000005 A=0x78004
5374000: system.cpu: T0 : 0x18962    : c_addiw a5, 0              : IntAlu :  D=0x0000000000000005
5374500: system.cpu: T0 : 0x18964    : c_mv a4, a5                : IntAlu :  D=0x0000000000000005
5375000: system.cpu: T0 : 0x18966    : c_li a5, 4                 : IntAlu :  D=0x0000000000000004
5375500: system.cpu: T0 : 0x18968    : bge a5, a4, 276            : IntAlu : 
5376000: system.cpu: T0 : 0x1896c    : addi a5, gp, -960          : IntAlu :  D=0x0000000000079c88
5376500: system.cpu: T0 : 0x18970    : c_lw a5, 0(a5)             : MemRead :  D=0x0000000000000000 A=0x79c88
5377000: system.cpu: T0 : 0x18972    : c_addiw a5, 0              : IntAlu :  D=0x0000000000000000
5377500: system.cpu: T0 : 0x18974    : c_mv a4, a5                : IntAlu :  D=0x0000000000000000
5378000: system.cpu: T0 : 0x18976    : c_li a5, 3                 : IntAlu :  D=0x0000000000000003
5378500: system.cpu: T0 : 0x18978    : blt a5, a4, 260            : IntAlu : 
5379000: system.cpu: T0 : 0x1897c    : auipc a5, 97               : IntAlu :  D=0x000000000007997c
5379500: system.cpu: T0 : 0x18980    : ld a5, -324(a5)            : MemRead :  D=0x000000000007a9c8 A=0x79838
5380000: system.cpu: T0 : 0x18984    : c_ld a4, 8(a5)             : MemRead :  D=0x0000000000000000 A=0x7a9d0
5381000: system.cpu: T0 : 0x18986    : auipc a5, 97               : IntAlu :  D=0x0000000000079986
5382000: system.cpu: T0 : 0x1898a    : ld a5, -334(a5)            : MemRead :  D=0x000000000007a9c8 A=0x79838
5382500: system.cpu: T0 : 0x1898e    : c_ld a5, 0(a5)             : MemRead :  D=0x0000000000000000 A=0x7a9c8
5383000: system.cpu: T0 : 0x18990    : bne a4, a5, 236            : IntAlu : 
5383500: system.cpu: T0 : 0x18994    : auipc a5, 97               : IntAlu :  D=0x0000000000079994
5384000: system.cpu: T0 : 0x18998    : ld a5, -348(a5)            : MemRead :  D=0x000000000007a9c8 A=0x79838
5384500: system.cpu: T0 : 0x1899c    : c_ld a4, 8(a5)             : MemRead :  D=0x0000000000000000 A=0x7a9d0
5385500: system.cpu: T0 : 0x1899e    : auipc a5, 97               : IntAlu :  D=0x000000000007999e
5386500: system.cpu: T0 : 0x189a2    : ld a5, -358(a5)            : MemRead :  D=0x000000000007a9c8 A=0x79838
5387000: system.cpu: T0 : 0x189a6    : c_ld a5, 24(a5)            : MemRead :  D=0x0000000000000000 A=0x7a9e0
5387500: system.cpu: T0 : 0x189a8    : bne a4, a5, 212            : IntAlu : 
5388000: system.cpu: T0 : 0x189ac    : auipc a5, 97               : IntAlu :  D=0x00000000000799ac
5388500: system.cpu: T0 : 0x189b0    : ld a5, -372(a5)            : MemRead :  D=0x000000000007a9c8 A=0x79838
5389000: system.cpu: T0 : 0x189b4    : c_ld a5, 32(a5)            : MemRead :  D=0x0000000000000000 A=0x7a9e8
5390000: system.cpu: T0 : 0x189b6    : sd a5, -424(s0)            : MemWrite :  D=0x0000000000000000 A=0x7ffffffffffffc48
5391000: system.cpu: T0 : 0x189ba    : auipc a5, 97               : IntAlu :  D=0x00000000000799ba
5392000: system.cpu: T0 : 0x189be    : ld a5, -386(a5)            : MemRead :  D=0x000000000007a9c8 A=0x79838
5392500: system.cpu: T0 : 0x189c2    : c_ld a5, 8(a5)             : MemRead :  D=0x0000000000000000 A=0x7a9d0
5393000: system.cpu: T0 : 0x189c4    : sd a5, -416(s0)            : MemWrite :  D=0x0000000000000000 A=0x7ffffffffffffc50
5393500: system.cpu: T0 : 0x189c8    : ld a4, -416(s0)            : MemRead :  D=0x0000000000000000 A=0x7ffffffffffffc50
5394000: system.cpu: T0 : 0x189cc    : ld a5, -424(s0)            : MemRead :  D=0x0000000000000000 A=0x7ffffffffffffc48
5394500: system.cpu: T0 : 0x189d0    : bge a5, a4, 172            : IntAlu : 
5395000: system.cpu: T0 : 0x18a7c    : auipc a5, 95               : IntAlu :  D=0x0000000000077a7c
5395500: system.cpu: T0 : 0x18a80    : addi a5, a5, 1416          : IntAlu :  D=0x0000000000078004
5396000: system.cpu: T0 : 0x18a84    : c_lw a5, 0(a5)             : MemRead :  D=0x0000000000000005 A=0x78004
5396500: system.cpu: T0 : 0x18a86    : c_addiw a5, 0              : IntAlu :  D=0x0000000000000005
5397000: system.cpu: T0 : 0x18a88    : c_mv a4, a5                : IntAlu :  D=0x0000000000000005
5397500: system.cpu: T0 : 0x18a8a    : c_li a5, 4                 : IntAlu :  D=0x0000000000000004
5398000: system.cpu: T0 : 0x18a8c    : bge a5, a4, 276            : IntAlu : 
5398500: system.cpu: T0 : 0x18a90    : addi a5, gp, -960          : IntAlu :  D=0x0000000000079c88
5399000: system.cpu: T0 : 0x18a94    : c_lw a5, 0(a5)             : MemRead :  D=0x0000000000000000 A=0x79c88
5399500: system.cpu: T0 : 0x18a96    : c_addiw a5, 0              : IntAlu :  D=0x0000000000000000
5400000: system.cpu: T0 : 0x18a98    : c_mv a4, a5                : IntAlu :  D=0x0000000000000000
5400500: system.cpu: T0 : 0x18a9a    : c_li a5, 3                 : IntAlu :  D=0x0000000000000003
5401000: system.cpu: T0 : 0x18a9c    : blt a5, a4, 260            : IntAlu : 
5401500: system.cpu: T0 : 0x18aa0    : auipc a5, 97               : IntAlu :  D=0x0000000000079aa0
5402000: system.cpu: T0 : 0x18aa4    : ld a5, -616(a5)            : MemRead :  D=0x000000000007a9c8 A=0x79838
5402500: system.cpu: T0 : 0x18aa8    : c_ld a4, 8(a5)             : MemRead :  D=0x0000000000000000 A=0x7a9d0
5403500: system.cpu: T0 : 0x18aaa    : auipc a5, 97               : IntAlu :  D=0x0000000000079aaa
5404500: system.cpu: T0 : 0x18aae    : ld a5, -626(a5)            : MemRead :  D=0x000000000007a9c8 A=0x79838
5405000: system.cpu: T0 : 0x18ab2    : c_ld a5, 16(a5)            : MemRead :  D=0x0000000000000000 A=0x7a9d8
5405500: system.cpu: T0 : 0x18ab4    : bne a4, a5, 236            : IntAlu : 
5406000: system.cpu: T0 : 0x18ab8    : auipc a5, 97               : IntAlu :  D=0x0000000000079ab8
5406500: system.cpu: T0 : 0x18abc    : ld a5, -640(a5)            : MemRead :  D=0x000000000007a9c8 A=0x79838
5407000: system.cpu: T0 : 0x18ac0    : c_ld a4, 8(a5)             : MemRead :  D=0x0000000000000000 A=0x7a9d0
5408000: system.cpu: T0 : 0x18ac2    : auipc a5, 97               : IntAlu :  D=0x0000000000079ac2
5409000: system.cpu: T0 : 0x18ac6    : ld a5, -650(a5)            : MemRead :  D=0x000000000007a9c8 A=0x79838
5409500: system.cpu: T0 : 0x18aca    : c_ld a5, 0(a5)             : MemRead :  D=0x0000000000000000 A=0x7a9c8
5410000: system.cpu: T0 : 0x18acc    : bne a4, a5, 212            : IntAlu : 
5410500: system.cpu: T0 : 0x18ad0    : auipc a5, 97               : IntAlu :  D=0x0000000000079ad0
5411000: system.cpu: T0 : 0x18ad4    : ld a5, -664(a5)            : MemRead :  D=0x000000000007a9c8 A=0x79838
5411500: system.cpu: T0 : 0x18ad8    : c_ld a5, 32(a5)            : MemRead :  D=0x0000000000000000 A=0x7a9e8
5412500: system.cpu: T0 : 0x18ada    : sd a5, -400(s0)            : MemWrite :  D=0x0000000000000000 A=0x7ffffffffffffc60
5413500: system.cpu: T0 : 0x18ade    : auipc a5, 97               : IntAlu :  D=0x0000000000079ade
5414500: system.cpu: T0 : 0x18ae2    : ld a5, -678(a5)            : MemRead :  D=0x000000000007a9c8 A=0x79838
5415000: system.cpu: T0 : 0x18ae6    : c_ld a5, 8(a5)             : MemRead :  D=0x0000000000000000 A=0x7a9d0
5415500: system.cpu: T0 : 0x18ae8    : sd a5, -392(s0)            : MemWrite :  D=0x0000000000000000 A=0x7ffffffffffffc68
5416000: system.cpu: T0 : 0x18aec    : ld a4, -392(s0)            : MemRead :  D=0x0000000000000000 A=0x7ffffffffffffc68
5416500: system.cpu: T0 : 0x18af0    : ld a5, -400(s0)            : MemRead :  D=0x0000000000000000 A=0x7ffffffffffffc60
5417000: system.cpu: T0 : 0x18af4    : bge a5, a4, 172            : IntAlu : 
5417500: system.cpu: T0 : 0x18ba0    : auipc a5, 95               : IntAlu :  D=0x0000000000077ba0
5418000: system.cpu: T0 : 0x18ba4    : addi a5, a5, 1124          : IntAlu :  D=0x0000000000078004
5418500: system.cpu: T0 : 0x18ba8    : c_lw a5, 0(a5)             : MemRead :  D=0x0000000000000005 A=0x78004
5419000: system.cpu: T0 : 0x18baa    : c_addiw a5, 0              : IntAlu :  D=0x0000000000000005
5419500: system.cpu: T0 : 0x18bac    : c_mv a4, a5                : IntAlu :  D=0x0000000000000005
5420000: system.cpu: T0 : 0x18bae    : c_li a5, 4                 : IntAlu :  D=0x0000000000000004
5420500: system.cpu: T0 : 0x18bb0    : bge a5, a4, 256            : IntAlu : 
5421000: system.cpu: T0 : 0x18bb4    : addi a5, gp, -960          : IntAlu :  D=0x0000000000079c88
5421500: system.cpu: T0 : 0x18bb8    : c_lw a5, 0(a5)             : MemRead :  D=0x0000000000000000 A=0x79c88
5422000: system.cpu: T0 : 0x18bba    : c_addiw a5, 0              : IntAlu :  D=0x0000000000000000
5422500: system.cpu: T0 : 0x18bbc    : c_mv a4, a5                : IntAlu :  D=0x0000000000000000
5423000: system.cpu: T0 : 0x18bbe    : c_li a5, 3                 : IntAlu :  D=0x0000000000000003
5423500: system.cpu: T0 : 0x18bc0    : blt a5, a4, 240            : IntAlu : 
5424000: system.cpu: T0 : 0x18bc4    : auipc a5, 97               : IntAlu :  D=0x0000000000079bc4
5424500: system.cpu: T0 : 0x18bc8    : ld a5, -908(a5)            : MemRead :  D=0x000000000007a9c8 A=0x79838
5425000: system.cpu: T0 : 0x18bcc    : c_ld a4, 8(a5)             : MemRead :  D=0x0000000000000000 A=0x7a9d0
5426000: system.cpu: T0 : 0x18bce    : auipc a5, 97               : IntAlu :  D=0x0000000000079bce
5427000: system.cpu: T0 : 0x18bd2    : ld a5, -918(a5)            : MemRead :  D=0x000000000007a9c8 A=0x79838
5427500: system.cpu: T0 : 0x18bd6    : c_ld a5, 16(a5)            : MemRead :  D=0x0000000000000000 A=0x7a9d8
5428000: system.cpu: T0 : 0x18bd8    : bne a4, a5, 216            : IntAlu : 
5428500: system.cpu: T0 : 0x18bdc    : auipc a5, 97               : IntAlu :  D=0x0000000000079bdc
5429000: system.cpu: T0 : 0x18be0    : ld a5, -932(a5)            : MemRead :  D=0x000000000007a9c8 A=0x79838
5429500: system.cpu: T0 : 0x18be4    : c_ld a4, 8(a5)             : MemRead :  D=0x0000000000000000 A=0x7a9d0
5430500: system.cpu: T0 : 0x18be6    : auipc a5, 97               : IntAlu :  D=0x0000000000079be6
5431500: system.cpu: T0 : 0x18bea    : ld a5, -942(a5)            : MemRead :  D=0x000000000007a9c8 A=0x79838
5432000: system.cpu: T0 : 0x18bee    : c_ld a5, 24(a5)            : MemRead :  D=0x0000000000000000 A=0x7a9e0
5432500: system.cpu: T0 : 0x18bf0    : bne a4, a5, 192            : IntAlu : 
5433000: system.cpu: T0 : 0x18bf4    : auipc a5, 97               : IntAlu :  D=0x0000000000079bf4
5433500: system.cpu: T0 : 0x18bf8    : ld a5, -956(a5)            : MemRead :  D=0x000000000007a9c8 A=0x79838
5434000: system.cpu: T0 : 0x18bfc    : c_ld a5, 32(a5)            : MemRead :  D=0x0000000000000000 A=0x7a9e8
5435000: system.cpu: T0 : 0x18bfe    : sd a5, -376(s0)            : MemWrite :  D=0x0000000000000000 A=0x7ffffffffffffc78
5436000: system.cpu: T0 : 0x18c02    : auipc a5, 97               : IntAlu :  D=0x0000000000079c02
5437000: system.cpu: T0 : 0x18c06    : ld a5, -970(a5)            : MemRead :  D=0x000000000007a9c8 A=0x79838
5437500: system.cpu: T0 : 0x18c0a    : c_ld a5, 8(a5)             : MemRead :  D=0x0000000000000000 A=0x7a9d0
5438000: system.cpu: T0 : 0x18c0c    : sd a5, -368(s0)            : MemWrite :  D=0x0000000000000000 A=0x7ffffffffffffc80
5438500: system.cpu: T0 : 0x18c10    : ld a4, -368(s0)            : MemRead :  D=0x0000000000000000 A=0x7ffffffffffffc80
5439000: system.cpu: T0 : 0x18c14    : ld a5, -376(s0)            : MemRead :  D=0x0000000000000000 A=0x7ffffffffffffc78
5439500: system.cpu: T0 : 0x18c18    : bge a5, a4, 152            : IntAlu : 
5440000: system.cpu: T0 : 0x18cb0    : auipc a5, 95               : IntAlu :  D=0x0000000000077cb0
5440500: system.cpu: T0 : 0x18cb4    : addi a5, a5, 852           : IntAlu :  D=0x0000000000078004
5441000: system.cpu: T0 : 0x18cb8    : c_lw a5, 0(a5)             : MemRead :  D=0x0000000000000005 A=0x78004
5441500: system.cpu: T0 : 0x18cba    : c_addiw a5, 0              : IntAlu :  D=0x0000000000000005
5442000: system.cpu: T0 : 0x18cbc    : c_mv a4, a5                : IntAlu :  D=0x0000000000000005
5442500: system.cpu: T0 : 0x18cbe    : c_li a5, 4                 : IntAlu :  D=0x0000000000000004
5443000: system.cpu: T0 : 0x18cc0    : bge a5, a4, 276            : IntAlu : 
5443500: system.cpu: T0 : 0x18cc4    : addi a5, gp, -960          : IntAlu :  D=0x0000000000079c88
5444000: system.cpu: T0 : 0x18cc8    : c_lw a5, 0(a5)             : MemRead :  D=0x0000000000000000 A=0x79c88
5444500: system.cpu: T0 : 0x18cca    : c_addiw a5, 0              : IntAlu :  D=0x0000000000000000
5445000: system.cpu: T0 : 0x18ccc    : c_mv a4, a5                : IntAlu :  D=0x0000000000000000
5445500: system.cpu: T0 : 0x18cce    : c_li a5, 3                 : IntAlu :  D=0x0000000000000003
5446000: system.cpu: T0 : 0x18cd0    : blt a5, a4, 260            : IntAlu : 
5446500: system.cpu: T0 : 0x18cd4    : auipc a5, 97               : IntAlu :  D=0x0000000000079cd4
5447000: system.cpu: T0 : 0x18cd8    : ld a5, -1180(a5)           : MemRead :  D=0x000000000007a9c8 A=0x79838
5447500: system.cpu: T0 : 0x18cdc    : c_ld a4, 8(a5)             : MemRead :  D=0x0000000000000000 A=0x7a9d0
5448500: system.cpu: T0 : 0x18cde    : auipc a5, 97               : IntAlu :  D=0x0000000000079cde
5449500: system.cpu: T0 : 0x18ce2    : ld a5, -1190(a5)           : MemRead :  D=0x000000000007a9c8 A=0x79838
5450000: system.cpu: T0 : 0x18ce6    : c_ld a5, 24(a5)            : MemRead :  D=0x0000000000000000 A=0x7a9e0
5450500: system.cpu: T0 : 0x18ce8    : bne a4, a5, 236            : IntAlu : 
5451000: system.cpu: T0 : 0x18cec    : auipc a5, 97               : IntAlu :  D=0x0000000000079cec
5451500: system.cpu: T0 : 0x18cf0    : ld a5, -1204(a5)           : MemRead :  D=0x000000000007a9c8 A=0x79838
5452000: system.cpu: T0 : 0x18cf4    : c_ld a4, 8(a5)             : MemRead :  D=0x0000000000000000 A=0x7a9d0
5453000: system.cpu: T0 : 0x18cf6    : auipc a5, 97               : IntAlu :  D=0x0000000000079cf6
5454000: system.cpu: T0 : 0x18cfa    : ld a5, -1214(a5)           : MemRead :  D=0x000000000007a9c8 A=0x79838
5454500: system.cpu: T0 : 0x18cfe    : c_ld a5, 0(a5)             : MemRead :  D=0x0000000000000000 A=0x7a9c8
5455000: system.cpu: T0 : 0x18d00    : bne a4, a5, 212            : IntAlu : 
5455500: system.cpu: T0 : 0x18d04    : auipc a5, 97               : IntAlu :  D=0x0000000000079d04
5456000: system.cpu: T0 : 0x18d08    : ld a5, -1228(a5)           : MemRead :  D=0x000000000007a9c8 A=0x79838
5456500: system.cpu: T0 : 0x18d0c    : c_ld a5, 32(a5)            : MemRead :  D=0x0000000000000000 A=0x7a9e8
5457500: system.cpu: T0 : 0x18d0e    : sd a5, -352(s0)            : MemWrite :  D=0x0000000000000000 A=0x7ffffffffffffc90
5458500: system.cpu: T0 : 0x18d12    : auipc a5, 97               : IntAlu :  D=0x0000000000079d12
5459500: system.cpu: T0 : 0x18d16    : ld a5, -1242(a5)           : MemRead :  D=0x000000000007a9c8 A=0x79838
5460000: system.cpu: T0 : 0x18d1a    : c_ld a5, 8(a5)             : MemRead :  D=0x0000000000000000 A=0x7a9d0
5460500: system.cpu: T0 : 0x18d1c    : sd a5, -344(s0)            : MemWrite :  D=0x0000000000000000 A=0x7ffffffffffffc98
5461000: system.cpu: T0 : 0x18d20    : ld a4, -344(s0)            : MemRead :  D=0x0000000000000000 A=0x7ffffffffffffc98
5461500: system.cpu: T0 : 0x18d24    : ld a5, -352(s0)            : MemRead :  D=0x0000000000000000 A=0x7ffffffffffffc90
5462000: system.cpu: T0 : 0x18d28    : bge a5, a4, 172            : IntAlu : 
5462500: system.cpu: T0 : 0x18dd4    : auipc a5, 95               : IntAlu :  D=0x0000000000077dd4
5463000: system.cpu: T0 : 0x18dd8    : addi a5, a5, 560           : IntAlu :  D=0x0000000000078004
5463500: system.cpu: T0 : 0x18ddc    : c_lw a5, 0(a5)             : MemRead :  D=0x0000000000000005 A=0x78004
5464000: system.cpu: T0 : 0x18dde    : c_addiw a5, 0              : IntAlu :  D=0x0000000000000005
5464500: system.cpu: T0 : 0x18de0    : c_mv a4, a5                : IntAlu :  D=0x0000000000000005
5465000: system.cpu: T0 : 0x18de2    : c_li a5, 4                 : IntAlu :  D=0x0000000000000004
5465500: system.cpu: T0 : 0x18de4    : bge a5, a4, 256            : IntAlu : 
5466000: system.cpu: T0 : 0x18de8    : addi a5, gp, -960          : IntAlu :  D=0x0000000000079c88
5466500: system.cpu: T0 : 0x18dec    : c_lw a5, 0(a5)             : MemRead :  D=0x0000000000000000 A=0x79c88
5467000: system.cpu: T0 : 0x18dee    : c_addiw a5, 0              : IntAlu :  D=0x0000000000000000
5467500: system.cpu: T0 : 0x18df0    : c_mv a4, a5                : IntAlu :  D=0x0000000000000000
5468000: system.cpu: T0 : 0x18df2    : c_li a5, 3                 : IntAlu :  D=0x0000000000000003
5468500: system.cpu: T0 : 0x18df4    : blt a5, a4, 240            : IntAlu : 
5469000: system.cpu: T0 : 0x18df8    : auipc a5, 97               : IntAlu :  D=0x0000000000079df8
5469500: system.cpu: T0 : 0x18dfc    : ld a5, -1472(a5)           : MemRead :  D=0x000000000007a9c8 A=0x79838
5470000: system.cpu: T0 : 0x18e00    : c_ld a4, 8(a5)             : MemRead :  D=0x0000000000000000 A=0x7a9d0
5471000: system.cpu: T0 : 0x18e02    : auipc a5, 97               : IntAlu :  D=0x0000000000079e02
5472000: system.cpu: T0 : 0x18e06    : ld a5, -1482(a5)           : MemRead :  D=0x000000000007a9c8 A=0x79838
5472500: system.cpu: T0 : 0x18e0a    : c_ld a5, 24(a5)            : MemRead :  D=0x0000000000000000 A=0x7a9e0
5473000: system.cpu: T0 : 0x18e0c    : bne a4, a5, 216            : IntAlu : 
5473500: system.cpu: T0 : 0x18e10    : auipc a5, 97               : IntAlu :  D=0x0000000000079e10
5474000: system.cpu: T0 : 0x18e14    : ld a5, -1496(a5)           : MemRead :  D=0x000000000007a9c8 A=0x79838
5474500: system.cpu: T0 : 0x18e18    : c_ld a4, 8(a5)             : MemRead :  D=0x0000000000000000 A=0x7a9d0
5475500: system.cpu: T0 : 0x18e1a    : auipc a5, 97               : IntAlu :  D=0x0000000000079e1a
5476500: system.cpu: T0 : 0x18e1e    : ld a5, -1506(a5)           : MemRead :  D=0x000000000007a9c8 A=0x79838
5477000: system.cpu: T0 : 0x18e22    : c_ld a5, 16(a5)            : MemRead :  D=0x0000000000000000 A=0x7a9d8
5477500: system.cpu: T0 : 0x18e24    : bne a4, a5, 192            : IntAlu : 
5478000: system.cpu: T0 : 0x18e28    : auipc a5, 97               : IntAlu :  D=0x0000000000079e28
5478500: system.cpu: T0 : 0x18e2c    : ld a5, -1520(a5)           : MemRead :  D=0x000000000007a9c8 A=0x79838
5479000: system.cpu: T0 : 0x18e30    : c_ld a5, 32(a5)            : MemRead :  D=0x0000000000000000 A=0x7a9e8
5480000: system.cpu: T0 : 0x18e32    : sd a5, -328(s0)            : MemWrite :  D=0x0000000000000000 A=0x7ffffffffffffca8
5481000: system.cpu: T0 : 0x18e36    : auipc a5, 97               : IntAlu :  D=0x0000000000079e36
5482000: system.cpu: T0 : 0x18e3a    : ld a5, -1534(a5)           : MemRead :  D=0x000000000007a9c8 A=0x79838
5482500: system.cpu: T0 : 0x18e3e    : c_ld a5, 8(a5)             : MemRead :  D=0x0000000000000000 A=0x7a9d0
5483000: system.cpu: T0 : 0x18e40    : sd a5, -320(s0)            : MemWrite :  D=0x0000000000000000 A=0x7ffffffffffffcb0
5483500: system.cpu: T0 : 0x18e44    : ld a4, -320(s0)            : MemRead :  D=0x0000000000000000 A=0x7ffffffffffffcb0
5484000: system.cpu: T0 : 0x18e48    : ld a5, -328(s0)            : MemRead :  D=0x0000000000000000 A=0x7ffffffffffffca8
5484500: system.cpu: T0 : 0x18e4c    : bge a5, a4, 152            : IntAlu : 
5485000: system.cpu: T0 : 0x18ee4    : auipc a5, 95               : IntAlu :  D=0x0000000000077ee4
5485500: system.cpu: T0 : 0x18ee8    : addi a5, a5, 288           : IntAlu :  D=0x0000000000078004
5486000: system.cpu: T0 : 0x18eec    : c_lw a5, 0(a5)             : MemRead :  D=0x0000000000000005 A=0x78004
5486500: system.cpu: T0 : 0x18eee    : c_addiw a5, 0              : IntAlu :  D=0x0000000000000005
5487000: system.cpu: T0 : 0x18ef0    : c_mv a4, a5                : IntAlu :  D=0x0000000000000005
5487500: system.cpu: T0 : 0x18ef2    : c_li a5, 4                 : IntAlu :  D=0x0000000000000004
5488000: system.cpu: T0 : 0x18ef4    : bge a5, a4, 276            : IntAlu : 
5488500: system.cpu: T0 : 0x18ef8    : addi a5, gp, -960          : IntAlu :  D=0x0000000000079c88
5489000: system.cpu: T0 : 0x18efc    : c_lw a5, 0(a5)             : MemRead :  D=0x0000000000000000 A=0x79c88
5489500: system.cpu: T0 : 0x18efe    : c_addiw a5, 0              : IntAlu :  D=0x0000000000000000
5490000: system.cpu: T0 : 0x18f00    : c_mv a4, a5                : IntAlu :  D=0x0000000000000000
5490500: system.cpu: T0 : 0x18f02    : c_li a5, 3                 : IntAlu :  D=0x0000000000000003
5491000: system.cpu: T0 : 0x18f04    : blt a5, a4, 260            : IntAlu : 
5491500: system.cpu: T0 : 0x18f08    : auipc a5, 97               : IntAlu :  D=0x0000000000079f08
5492000: system.cpu: T0 : 0x18f0c    : ld a5, -1744(a5)           : MemRead :  D=0x000000000007a9c8 A=0x79838
5492500: system.cpu: T0 : 0x18f10    : c_ld a4, 16(a5)            : MemRead :  D=0x0000000000000000 A=0x7a9d8
5493500: system.cpu: T0 : 0x18f12    : auipc a5, 97               : IntAlu :  D=0x0000000000079f12
5494500: system.cpu: T0 : 0x18f16    : ld a5, -1754(a5)           : MemRead :  D=0x000000000007a9c8 A=0x79838
5495000: system.cpu: T0 : 0x18f1a    : c_ld a5, 0(a5)             : MemRead :  D=0x0000000000000000 A=0x7a9c8
5495500: system.cpu: T0 : 0x18f1c    : bne a4, a5, 236            : IntAlu : 
5496000: system.cpu: T0 : 0x18f20    : auipc a5, 97               : IntAlu :  D=0x0000000000079f20
5496500: system.cpu: T0 : 0x18f24    : ld a5, -1768(a5)           : MemRead :  D=0x000000000007a9c8 A=0x79838
5497000: system.cpu: T0 : 0x18f28    : c_ld a4, 16(a5)            : MemRead :  D=0x0000000000000000 A=0x7a9d8
5498000: system.cpu: T0 : 0x18f2a    : auipc a5, 97               : IntAlu :  D=0x0000000000079f2a
5499000: system.cpu: T0 : 0x18f2e    : ld a5, -1778(a5)           : MemRead :  D=0x000000000007a9c8 A=0x79838
5499500: system.cpu: T0 : 0x18f32    : c_ld a5, 8(a5)             : MemRead :  D=0x0000000000000000 A=0x7a9d0
5500000: system.cpu: T0 : 0x18f34    : bne a4, a5, 212            : IntAlu : 
5500500: system.cpu: T0 : 0x18f38    : auipc a5, 97               : IntAlu :  D=0x0000000000079f38
5501000: system.cpu: T0 : 0x18f3c    : ld a5, -1792(a5)           : MemRead :  D=0x000000000007a9c8 A=0x79838
5501500: system.cpu: T0 : 0x18f40    : c_ld a5, 32(a5)            : MemRead :  D=0x0000000000000000 A=0x7a9e8
5502500: system.cpu: T0 : 0x18f42    : sd a5, -304(s0)            : MemWrite :  D=0x0000000000000000 A=0x7ffffffffffffcc0
5503500: system.cpu: T0 : 0x18f46    : auipc a5, 97               : IntAlu :  D=0x0000000000079f46
5504500: system.cpu: T0 : 0x18f4a    : ld a5, -1806(a5)           : MemRead :  D=0x000000000007a9c8 A=0x79838
5505000: system.cpu: T0 : 0x18f4e    : c_ld a5, 16(a5)            : MemRead :  D=0x0000000000000000 A=0x7a9d8
5505500: system.cpu: T0 : 0x18f50    : sd a5, -296(s0)            : MemWrite :  D=0x0000000000000000 A=0x7ffffffffffffcc8
5506000: system.cpu: T0 : 0x18f54    : ld a4, -296(s0)            : MemRead :  D=0x0000000000000000 A=0x7ffffffffffffcc8
5506500: system.cpu: T0 : 0x18f58    : ld a5, -304(s0)            : MemRead :  D=0x0000000000000000 A=0x7ffffffffffffcc0
5507000: system.cpu: T0 : 0x18f5c    : bge a5, a4, 172            : IntAlu : 
5507500: system.cpu: T0 : 0x19008    : auipc a5, 95               : IntAlu :  D=0x0000000000078008
5508000: system.cpu: T0 : 0x1900c    : addi a5, a5, -4            : IntAlu :  D=0x0000000000078004
5508500: system.cpu: T0 : 0x19010    : c_lw a5, 0(a5)             : MemRead :  D=0x0000000000000005 A=0x78004
5509000: system.cpu: T0 : 0x19012    : c_addiw a5, 0              : IntAlu :  D=0x0000000000000005
5509500: system.cpu: T0 : 0x19014    : c_mv a4, a5                : IntAlu :  D=0x0000000000000005
5510000: system.cpu: T0 : 0x19016    : c_li a5, 4                 : IntAlu :  D=0x0000000000000004
5510500: system.cpu: T0 : 0x19018    : bge a5, a4, 276            : IntAlu : 
5511000: system.cpu: T0 : 0x1901c    : addi a5, gp, -960          : IntAlu :  D=0x0000000000079c88
5511500: system.cpu: T0 : 0x19020    : c_lw a5, 0(a5)             : MemRead :  D=0x0000000000000000 A=0x79c88
5512000: system.cpu: T0 : 0x19022    : c_addiw a5, 0              : IntAlu :  D=0x0000000000000000
5512500: system.cpu: T0 : 0x19024    : c_mv a4, a5                : IntAlu :  D=0x0000000000000000
5513000: system.cpu: T0 : 0x19026    : c_li a5, 3                 : IntAlu :  D=0x0000000000000003
5513500: system.cpu: T0 : 0x19028    : blt a5, a4, 260            : IntAlu : 
5514000: system.cpu: T0 : 0x1902c    : auipc a5, 97               : IntAlu :  D=0x000000000007a02c
5514500: system.cpu: T0 : 0x19030    : ld a5, -2036(a5)           : MemRead :  D=0x000000000007a9c8 A=0x79838
5515000: system.cpu: T0 : 0x19034    : c_ld a4, 16(a5)            : MemRead :  D=0x0000000000000000 A=0x7a9d8
5516000: system.cpu: T0 : 0x19036    : auipc a5, 97               : IntAlu :  D=0x000000000007a036
5517000: system.cpu: T0 : 0x1903a    : ld a5, -2046(a5)           : MemRead :  D=0x000000000007a9c8 A=0x79838
5517500: system.cpu: T0 : 0x1903e    : c_ld a5, 0(a5)             : MemRead :  D=0x0000000000000000 A=0x7a9c8
5518000: system.cpu: T0 : 0x19040    : bne a4, a5, 236            : IntAlu : 
5518500: system.cpu: T0 : 0x19044    : auipc a5, 96               : IntAlu :  D=0x0000000000079044
5519000: system.cpu: T0 : 0x19048    : ld a5, 2036(a5)            : MemRead :  D=0x000000000007a9c8 A=0x79838
5519500: system.cpu: T0 : 0x1904c    : c_ld a4, 16(a5)            : MemRead :  D=0x0000000000000000 A=0x7a9d8
5520500: system.cpu: T0 : 0x1904e    : auipc a5, 96               : IntAlu :  D=0x000000000007904e
5521500: system.cpu: T0 : 0x19052    : ld a5, 2026(a5)            : MemRead :  D=0x000000000007a9c8 A=0x79838
5522000: system.cpu: T0 : 0x19056    : c_ld a5, 24(a5)            : MemRead :  D=0x0000000000000000 A=0x7a9e0
5522500: system.cpu: T0 : 0x19058    : bne a4, a5, 212            : IntAlu : 
5523000: system.cpu: T0 : 0x1905c    : auipc a5, 96               : IntAlu :  D=0x000000000007905c
5523500: system.cpu: T0 : 0x19060    : ld a5, 2012(a5)            : MemRead :  D=0x000000000007a9c8 A=0x79838
5524000: system.cpu: T0 : 0x19064    : c_ld a5, 32(a5)            : MemRead :  D=0x0000000000000000 A=0x7a9e8
5525000: system.cpu: T0 : 0x19066    : sd a5, -280(s0)            : MemWrite :  D=0x0000000000000000 A=0x7ffffffffffffcd8
5526000: system.cpu: T0 : 0x1906a    : auipc a5, 96               : IntAlu :  D=0x000000000007906a
5527000: system.cpu: T0 : 0x1906e    : ld a5, 1998(a5)            : MemRead :  D=0x000000000007a9c8 A=0x79838
5527500: system.cpu: T0 : 0x19072    : c_ld a5, 16(a5)            : MemRead :  D=0x0000000000000000 A=0x7a9d8
5528000: system.cpu: T0 : 0x19074    : sd a5, -272(s0)            : MemWrite :  D=0x0000000000000000 A=0x7ffffffffffffce0
5528500: system.cpu: T0 : 0x19078    : ld a4, -272(s0)            : MemRead :  D=0x0000000000000000 A=0x7ffffffffffffce0
5529000: system.cpu: T0 : 0x1907c    : ld a5, -280(s0)            : MemRead :  D=0x0000000000000000 A=0x7ffffffffffffcd8
5529500: system.cpu: T0 : 0x19080    : bge a5, a4, 172            : IntAlu : 
5530000: system.cpu: T0 : 0x1912c    : auipc a5, 95               : IntAlu :  D=0x000000000007812c
5530500: system.cpu: T0 : 0x19130    : addi a5, a5, -296          : IntAlu :  D=0x0000000000078004
5531000: system.cpu: T0 : 0x19134    : c_lw a5, 0(a5)             : MemRead :  D=0x0000000000000005 A=0x78004
5531500: system.cpu: T0 : 0x19136    : c_addiw a5, 0              : IntAlu :  D=0x0000000000000005
5532000: system.cpu: T0 : 0x19138    : c_mv a4, a5                : IntAlu :  D=0x0000000000000005
5532500: system.cpu: T0 : 0x1913a    : c_li a5, 4                 : IntAlu :  D=0x0000000000000004
5533000: system.cpu: T0 : 0x1913c    : bge a5, a4, 276            : IntAlu : 
5533500: system.cpu: T0 : 0x19140    : addi a5, gp, -960          : IntAlu :  D=0x0000000000079c88
5534000: system.cpu: T0 : 0x19144    : c_lw a5, 0(a5)             : MemRead :  D=0x0000000000000000 A=0x79c88
5534500: system.cpu: T0 : 0x19146    : c_addiw a5, 0              : IntAlu :  D=0x0000000000000000
5535000: system.cpu: T0 : 0x19148    : c_mv a4, a5                : IntAlu :  D=0x0000000000000000
5535500: system.cpu: T0 : 0x1914a    : c_li a5, 3                 : IntAlu :  D=0x0000000000000003
5536000: system.cpu: T0 : 0x1914c    : blt a5, a4, 260            : IntAlu : 
5536500: system.cpu: T0 : 0x19150    : auipc a5, 96               : IntAlu :  D=0x0000000000079150
5537000: system.cpu: T0 : 0x19154    : ld a5, 1768(a5)            : MemRead :  D=0x000000000007a9c8 A=0x79838
5537500: system.cpu: T0 : 0x19158    : c_ld a4, 16(a5)            : MemRead :  D=0x0000000000000000 A=0x7a9d8
5538500: system.cpu: T0 : 0x1915a    : auipc a5, 96               : IntAlu :  D=0x000000000007915a
5539500: system.cpu: T0 : 0x1915e    : ld a5, 1758(a5)            : MemRead :  D=0x000000000007a9c8 A=0x79838
5540000: system.cpu: T0 : 0x19162    : c_ld a5, 8(a5)             : MemRead :  D=0x0000000000000000 A=0x7a9d0
5540500: system.cpu: T0 : 0x19164    : bne a4, a5, 236            : IntAlu : 
5541000: system.cpu: T0 : 0x19168    : auipc a5, 96               : IntAlu :  D=0x0000000000079168
5541500: system.cpu: T0 : 0x1916c    : ld a5, 1744(a5)            : MemRead :  D=0x000000000007a9c8 A=0x79838
5542000: system.cpu: T0 : 0x19170    : c_ld a4, 16(a5)            : MemRead :  D=0x0000000000000000 A=0x7a9d8
5543000: system.cpu: T0 : 0x19172    : auipc a5, 96               : IntAlu :  D=0x0000000000079172
5544000: system.cpu: T0 : 0x19176    : ld a5, 1734(a5)            : MemRead :  D=0x000000000007a9c8 A=0x79838
5544500: system.cpu: T0 : 0x1917a    : c_ld a5, 0(a5)             : MemRead :  D=0x0000000000000000 A=0x7a9c8
5545000: system.cpu: T0 : 0x1917c    : bne a4, a5, 212            : IntAlu : 
5545500: system.cpu: T0 : 0x19180    : auipc a5, 96               : IntAlu :  D=0x0000000000079180
5546000: system.cpu: T0 : 0x19184    : ld a5, 1720(a5)            : MemRead :  D=0x000000000007a9c8 A=0x79838
5546500: system.cpu: T0 : 0x19188    : c_ld a5, 32(a5)            : MemRead :  D=0x0000000000000000 A=0x7a9e8
5547500: system.cpu: T0 : 0x1918a    : sd a5, -256(s0)            : MemWrite :  D=0x0000000000000000 A=0x7ffffffffffffcf0
5548500: system.cpu: T0 : 0x1918e    : auipc a5, 96               : IntAlu :  D=0x000000000007918e
5549500: system.cpu: T0 : 0x19192    : ld a5, 1706(a5)            : MemRead :  D=0x000000000007a9c8 A=0x79838
5550000: system.cpu: T0 : 0x19196    : c_ld a5, 16(a5)            : MemRead :  D=0x0000000000000000 A=0x7a9d8
5550500: system.cpu: T0 : 0x19198    : sd a5, -248(s0)            : MemWrite :  D=0x0000000000000000 A=0x7ffffffffffffcf8
5551000: system.cpu: T0 : 0x1919c    : ld a4, -248(s0)            : MemRead :  D=0x0000000000000000 A=0x7ffffffffffffcf8
5551500: system.cpu: T0 : 0x191a0    : ld a5, -256(s0)            : MemRead :  D=0x0000000000000000 A=0x7ffffffffffffcf0
5552000: system.cpu: T0 : 0x191a4    : bge a5, a4, 172            : IntAlu : 
5552500: system.cpu: T0 : 0x19250    : auipc a5, 95               : IntAlu :  D=0x0000000000078250
5553000: system.cpu: T0 : 0x19254    : addi a5, a5, -588          : IntAlu :  D=0x0000000000078004
5553500: system.cpu: T0 : 0x19258    : c_lw a5, 0(a5)             : MemRead :  D=0x0000000000000005 A=0x78004
5554000: system.cpu: T0 : 0x1925a    : c_addiw a5, 0              : IntAlu :  D=0x0000000000000005
5554500: system.cpu: T0 : 0x1925c    : c_mv a4, a5                : IntAlu :  D=0x0000000000000005
5555000: system.cpu: T0 : 0x1925e    : c_li a5, 4                 : IntAlu :  D=0x0000000000000004
5555500: system.cpu: T0 : 0x19260    : bge a5, a4, 256            : IntAlu : 
5556000: system.cpu: T0 : 0x19264    : addi a5, gp, -960          : IntAlu :  D=0x0000000000079c88
5556500: system.cpu: T0 : 0x19268    : c_lw a5, 0(a5)             : MemRead :  D=0x0000000000000000 A=0x79c88
5557000: system.cpu: T0 : 0x1926a    : c_addiw a5, 0              : IntAlu :  D=0x0000000000000000
5557500: system.cpu: T0 : 0x1926c    : c_mv a4, a5                : IntAlu :  D=0x0000000000000000
5558000: system.cpu: T0 : 0x1926e    : c_li a5, 3                 : IntAlu :  D=0x0000000000000003
5558500: system.cpu: T0 : 0x19270    : blt a5, a4, 240            : IntAlu : 
5559000: system.cpu: T0 : 0x19274    : auipc a5, 96               : IntAlu :  D=0x0000000000079274
5559500: system.cpu: T0 : 0x19278    : ld a5, 1476(a5)            : MemRead :  D=0x000000000007a9c8 A=0x79838
5560000: system.cpu: T0 : 0x1927c    : c_ld a4, 16(a5)            : MemRead :  D=0x0000000000000000 A=0x7a9d8
5561000: system.cpu: T0 : 0x1927e    : auipc a5, 96               : IntAlu :  D=0x000000000007927e
5562000: system.cpu: T0 : 0x19282    : ld a5, 1466(a5)            : MemRead :  D=0x000000000007a9c8 A=0x79838
5562500: system.cpu: T0 : 0x19286    : c_ld a5, 8(a5)             : MemRead :  D=0x0000000000000000 A=0x7a9d0
5563000: system.cpu: T0 : 0x19288    : bne a4, a5, 216            : IntAlu : 
5563500: system.cpu: T0 : 0x1928c    : auipc a5, 96               : IntAlu :  D=0x000000000007928c
5564000: system.cpu: T0 : 0x19290    : ld a5, 1452(a5)            : MemRead :  D=0x000000000007a9c8 A=0x79838
5564500: system.cpu: T0 : 0x19294    : c_ld a4, 16(a5)            : MemRead :  D=0x0000000000000000 A=0x7a9d8
5565500: system.cpu: T0 : 0x19296    : auipc a5, 96               : IntAlu :  D=0x0000000000079296
5566500: system.cpu: T0 : 0x1929a    : ld a5, 1442(a5)            : MemRead :  D=0x000000000007a9c8 A=0x79838
5567000: system.cpu: T0 : 0x1929e    : c_ld a5, 24(a5)            : MemRead :  D=0x0000000000000000 A=0x7a9e0
5567500: system.cpu: T0 : 0x192a0    : bne a4, a5, 192            : IntAlu : 
5568000: system.cpu: T0 : 0x192a4    : auipc a5, 96               : IntAlu :  D=0x00000000000792a4
5568500: system.cpu: T0 : 0x192a8    : ld a5, 1428(a5)            : MemRead :  D=0x000000000007a9c8 A=0x79838
5569000: system.cpu: T0 : 0x192ac    : c_ld a5, 32(a5)            : MemRead :  D=0x0000000000000000 A=0x7a9e8
5570000: system.cpu: T0 : 0x192ae    : sd a5, -232(s0)            : MemWrite :  D=0x0000000000000000 A=0x7ffffffffffffd08
5571000: system.cpu: T0 : 0x192b2    : auipc a5, 96               : IntAlu :  D=0x00000000000792b2
5572000: system.cpu: T0 : 0x192b6    : ld a5, 1414(a5)            : MemRead :  D=0x000000000007a9c8 A=0x79838
5572500: system.cpu: T0 : 0x192ba    : c_ld a5, 16(a5)            : MemRead :  D=0x0000000000000000 A=0x7a9d8
5573000: system.cpu: T0 : 0x192bc    : sd a5, -224(s0)            : MemWrite :  D=0x0000000000000000 A=0x7ffffffffffffd10
5573500: system.cpu: T0 : 0x192c0    : ld a4, -224(s0)            : MemRead :  D=0x0000000000000000 A=0x7ffffffffffffd10
5574000: system.cpu: T0 : 0x192c4    : ld a5, -232(s0)            : MemRead :  D=0x0000000000000000 A=0x7ffffffffffffd08
5574500: system.cpu: T0 : 0x192c8    : bge a5, a4, 152            : IntAlu : 
5575000: system.cpu: T0 : 0x19360    : auipc a5, 95               : IntAlu :  D=0x0000000000078360
5575500: system.cpu: T0 : 0x19364    : addi a5, a5, -860          : IntAlu :  D=0x0000000000078004
5576000: system.cpu: T0 : 0x19368    : c_lw a5, 0(a5)             : MemRead :  D=0x0000000000000005 A=0x78004
5576500: system.cpu: T0 : 0x1936a    : c_addiw a5, 0              : IntAlu :  D=0x0000000000000005
5577000: system.cpu: T0 : 0x1936c    : c_mv a4, a5                : IntAlu :  D=0x0000000000000005
5577500: system.cpu: T0 : 0x1936e    : c_li a5, 4                 : IntAlu :  D=0x0000000000000004
5578000: system.cpu: T0 : 0x19370    : bge a5, a4, 276            : IntAlu : 
5578500: system.cpu: T0 : 0x19374    : addi a5, gp, -960          : IntAlu :  D=0x0000000000079c88
5579000: system.cpu: T0 : 0x19378    : c_lw a5, 0(a5)             : MemRead :  D=0x0000000000000000 A=0x79c88
5579500: system.cpu: T0 : 0x1937a    : c_addiw a5, 0              : IntAlu :  D=0x0000000000000000
5580000: system.cpu: T0 : 0x1937c    : c_mv a4, a5                : IntAlu :  D=0x0000000000000000
5580500: system.cpu: T0 : 0x1937e    : c_li a5, 3                 : IntAlu :  D=0x0000000000000003
5581000: system.cpu: T0 : 0x19380    : blt a5, a4, 260            : IntAlu : 
5581500: system.cpu: T0 : 0x19384    : auipc a5, 96               : IntAlu :  D=0x0000000000079384
5582000: system.cpu: T0 : 0x19388    : ld a5, 1204(a5)            : MemRead :  D=0x000000000007a9c8 A=0x79838
5582500: system.cpu: T0 : 0x1938c    : c_ld a4, 16(a5)            : MemRead :  D=0x0000000000000000 A=0x7a9d8
5583500: system.cpu: T0 : 0x1938e    : auipc a5, 96               : IntAlu :  D=0x000000000007938e
5584500: system.cpu: T0 : 0x19392    : ld a5, 1194(a5)            : MemRead :  D=0x000000000007a9c8 A=0x79838
5585000: system.cpu: T0 : 0x19396    : c_ld a5, 24(a5)            : MemRead :  D=0x0000000000000000 A=0x7a9e0
5585500: system.cpu: T0 : 0x19398    : bne a4, a5, 236            : IntAlu : 
5586000: system.cpu: T0 : 0x1939c    : auipc a5, 96               : IntAlu :  D=0x000000000007939c
5586500: system.cpu: T0 : 0x193a0    : ld a5, 1180(a5)            : MemRead :  D=0x000000000007a9c8 A=0x79838
5587000: system.cpu: T0 : 0x193a4    : c_ld a4, 16(a5)            : MemRead :  D=0x0000000000000000 A=0x7a9d8
5588000: system.cpu: T0 : 0x193a6    : auipc a5, 96               : IntAlu :  D=0x00000000000793a6
5589000: system.cpu: T0 : 0x193aa    : ld a5, 1170(a5)            : MemRead :  D=0x000000000007a9c8 A=0x79838
5589500: system.cpu: T0 : 0x193ae    : c_ld a5, 0(a5)             : MemRead :  D=0x0000000000000000 A=0x7a9c8
5590000: system.cpu: T0 : 0x193b0    : bne a4, a5, 212            : IntAlu : 
5590500: system.cpu: T0 : 0x193b4    : auipc a5, 96               : IntAlu :  D=0x00000000000793b4
5591000: system.cpu: T0 : 0x193b8    : ld a5, 1156(a5)            : MemRead :  D=0x000000000007a9c8 A=0x79838
5591500: system.cpu: T0 : 0x193bc    : c_ld a5, 32(a5)            : MemRead :  D=0x0000000000000000 A=0x7a9e8
5592500: system.cpu: T0 : 0x193be    : sd a5, -208(s0)            : MemWrite :  D=0x0000000000000000 A=0x7ffffffffffffd20
5593500: system.cpu: T0 : 0x193c2    : auipc a5, 96               : IntAlu :  D=0x00000000000793c2
5594500: system.cpu: T0 : 0x193c6    : ld a5, 1142(a5)            : MemRead :  D=0x000000000007a9c8 A=0x79838
5595000: system.cpu: T0 : 0x193ca    : c_ld a5, 16(a5)            : MemRead :  D=0x0000000000000000 A=0x7a9d8
5595500: system.cpu: T0 : 0x193cc    : sd a5, -200(s0)            : MemWrite :  D=0x0000000000000000 A=0x7ffffffffffffd28
5596000: system.cpu: T0 : 0x193d0    : ld a4, -200(s0)            : MemRead :  D=0x0000000000000000 A=0x7ffffffffffffd28
5596500: system.cpu: T0 : 0x193d4    : ld a5, -208(s0)            : MemRead :  D=0x0000000000000000 A=0x7ffffffffffffd20
5597000: system.cpu: T0 : 0x193d8    : bge a5, a4, 172            : IntAlu : 
5597500: system.cpu: T0 : 0x19484    : auipc a5, 95               : IntAlu :  D=0x0000000000078484
5598000: system.cpu: T0 : 0x19488    : addi a5, a5, -1152         : IntAlu :  D=0x0000000000078004
5598500: system.cpu: T0 : 0x1948c    : c_lw a5, 0(a5)             : MemRead :  D=0x0000000000000005 A=0x78004
5599000: system.cpu: T0 : 0x1948e    : c_addiw a5, 0              : IntAlu :  D=0x0000000000000005
5599500: system.cpu: T0 : 0x19490    : c_mv a4, a5                : IntAlu :  D=0x0000000000000005
5600000: system.cpu: T0 : 0x19492    : c_li a5, 4                 : IntAlu :  D=0x0000000000000004
5600500: system.cpu: T0 : 0x19494    : bge a5, a4, 256            : IntAlu : 
5601000: system.cpu: T0 : 0x19498    : addi a5, gp, -960          : IntAlu :  D=0x0000000000079c88
5601500: system.cpu: T0 : 0x1949c    : c_lw a5, 0(a5)             : MemRead :  D=0x0000000000000000 A=0x79c88
5602000: system.cpu: T0 : 0x1949e    : c_addiw a5, 0              : IntAlu :  D=0x0000000000000000
5602500: system.cpu: T0 : 0x194a0    : c_mv a4, a5                : IntAlu :  D=0x0000000000000000
5603000: system.cpu: T0 : 0x194a2    : c_li a5, 3                 : IntAlu :  D=0x0000000000000003
5603500: system.cpu: T0 : 0x194a4    : blt a5, a4, 240            : IntAlu : 
5604000: system.cpu: T0 : 0x194a8    : auipc a5, 96               : IntAlu :  D=0x00000000000794a8
5604500: system.cpu: T0 : 0x194ac    : ld a5, 912(a5)             : MemRead :  D=0x000000000007a9c8 A=0x79838
5605000: system.cpu: T0 : 0x194b0    : c_ld a4, 16(a5)            : MemRead :  D=0x0000000000000000 A=0x7a9d8
5606000: system.cpu: T0 : 0x194b2    : auipc a5, 96               : IntAlu :  D=0x00000000000794b2
5607000: system.cpu: T0 : 0x194b6    : ld a5, 902(a5)             : MemRead :  D=0x000000000007a9c8 A=0x79838
5607500: system.cpu: T0 : 0x194ba    : c_ld a5, 24(a5)            : MemRead :  D=0x0000000000000000 A=0x7a9e0
5608000: system.cpu: T0 : 0x194bc    : bne a4, a5, 216            : IntAlu : 
5608500: system.cpu: T0 : 0x194c0    : auipc a5, 96               : IntAlu :  D=0x00000000000794c0
5609000: system.cpu: T0 : 0x194c4    : ld a5, 888(a5)             : MemRead :  D=0x000000000007a9c8 A=0x79838
5609500: system.cpu: T0 : 0x194c8    : c_ld a4, 16(a5)            : MemRead :  D=0x0000000000000000 A=0x7a9d8
5610500: system.cpu: T0 : 0x194ca    : auipc a5, 96               : IntAlu :  D=0x00000000000794ca
5611500: system.cpu: T0 : 0x194ce    : ld a5, 878(a5)             : MemRead :  D=0x000000000007a9c8 A=0x79838
5612000: system.cpu: T0 : 0x194d2    : c_ld a5, 8(a5)             : MemRead :  D=0x0000000000000000 A=0x7a9d0
5612500: system.cpu: T0 : 0x194d4    : bne a4, a5, 192            : IntAlu : 
5613000: system.cpu: T0 : 0x194d8    : auipc a5, 96               : IntAlu :  D=0x00000000000794d8
5613500: system.cpu: T0 : 0x194dc    : ld a5, 864(a5)             : MemRead :  D=0x000000000007a9c8 A=0x79838
5614000: system.cpu: T0 : 0x194e0    : c_ld a5, 32(a5)            : MemRead :  D=0x0000000000000000 A=0x7a9e8
5615000: system.cpu: T0 : 0x194e2    : sd a5, -184(s0)            : MemWrite :  D=0x0000000000000000 A=0x7ffffffffffffd38
5616000: system.cpu: T0 : 0x194e6    : auipc a5, 96               : IntAlu :  D=0x00000000000794e6
5617000: system.cpu: T0 : 0x194ea    : ld a5, 850(a5)             : MemRead :  D=0x000000000007a9c8 A=0x79838
5617500: system.cpu: T0 : 0x194ee    : c_ld a5, 16(a5)            : MemRead :  D=0x0000000000000000 A=0x7a9d8
5618000: system.cpu: T0 : 0x194f0    : sd a5, -176(s0)            : MemWrite :  D=0x0000000000000000 A=0x7ffffffffffffd40
5618500: system.cpu: T0 : 0x194f4    : ld a4, -176(s0)            : MemRead :  D=0x0000000000000000 A=0x7ffffffffffffd40
5619000: system.cpu: T0 : 0x194f8    : ld a5, -184(s0)            : MemRead :  D=0x0000000000000000 A=0x7ffffffffffffd38
5619500: system.cpu: T0 : 0x194fc    : bge a5, a4, 152            : IntAlu : 
5620000: system.cpu: T0 : 0x19594    : auipc a5, 95               : IntAlu :  D=0x0000000000078594
5620500: system.cpu: T0 : 0x19598    : addi a5, a5, -1424         : IntAlu :  D=0x0000000000078004
5621000: system.cpu: T0 : 0x1959c    : c_lw a5, 0(a5)             : MemRead :  D=0x0000000000000005 A=0x78004
5621500: system.cpu: T0 : 0x1959e    : c_addiw a5, 0              : IntAlu :  D=0x0000000000000005
5622000: system.cpu: T0 : 0x195a0    : c_mv a4, a5                : IntAlu :  D=0x0000000000000005
5622500: system.cpu: T0 : 0x195a2    : c_li a5, 4                 : IntAlu :  D=0x0000000000000004
5623000: system.cpu: T0 : 0x195a4    : bge a5, a4, 276            : IntAlu : 
5623500: system.cpu: T0 : 0x195a8    : addi a5, gp, -960          : IntAlu :  D=0x0000000000079c88
5624000: system.cpu: T0 : 0x195ac    : c_lw a5, 0(a5)             : MemRead :  D=0x0000000000000000 A=0x79c88
5624500: system.cpu: T0 : 0x195ae    : c_addiw a5, 0              : IntAlu :  D=0x0000000000000000
5625000: system.cpu: T0 : 0x195b0    : c_mv a4, a5                : IntAlu :  D=0x0000000000000000
5625500: system.cpu: T0 : 0x195b2    : c_li a5, 3                 : IntAlu :  D=0x0000000000000003
5626000: system.cpu: T0 : 0x195b4    : blt a5, a4, 260            : IntAlu : 
5626500: system.cpu: T0 : 0x195b8    : auipc a5, 96               : IntAlu :  D=0x00000000000795b8
5627000: system.cpu: T0 : 0x195bc    : ld a5, 640(a5)             : MemRead :  D=0x000000000007a9c8 A=0x79838
5627500: system.cpu: T0 : 0x195c0    : c_ld a4, 24(a5)            : MemRead :  D=0x0000000000000000 A=0x7a9e0
5628500: system.cpu: T0 : 0x195c2    : auipc a5, 96               : IntAlu :  D=0x00000000000795c2
5629500: system.cpu: T0 : 0x195c6    : ld a5, 630(a5)             : MemRead :  D=0x000000000007a9c8 A=0x79838
5630000: system.cpu: T0 : 0x195ca    : c_ld a5, 0(a5)             : MemRead :  D=0x0000000000000000 A=0x7a9c8
5630500: system.cpu: T0 : 0x195cc    : bne a4, a5, 236            : IntAlu : 
5631000: system.cpu: T0 : 0x195d0    : auipc a5, 96               : IntAlu :  D=0x00000000000795d0
5631500: system.cpu: T0 : 0x195d4    : ld a5, 616(a5)             : MemRead :  D=0x000000000007a9c8 A=0x79838
5632000: system.cpu: T0 : 0x195d8    : c_ld a4, 24(a5)            : MemRead :  D=0x0000000000000000 A=0x7a9e0
5633000: system.cpu: T0 : 0x195da    : auipc a5, 96               : IntAlu :  D=0x00000000000795da
5634000: system.cpu: T0 : 0x195de    : ld a5, 606(a5)             : MemRead :  D=0x000000000007a9c8 A=0x79838
5634500: system.cpu: T0 : 0x195e2    : c_ld a5, 8(a5)             : MemRead :  D=0x0000000000000000 A=0x7a9d0
5635000: system.cpu: T0 : 0x195e4    : bne a4, a5, 212            : IntAlu : 
5635500: system.cpu: T0 : 0x195e8    : auipc a5, 96               : IntAlu :  D=0x00000000000795e8
5636000: system.cpu: T0 : 0x195ec    : ld a5, 592(a5)             : MemRead :  D=0x000000000007a9c8 A=0x79838
5636500: system.cpu: T0 : 0x195f0    : c_ld a5, 32(a5)            : MemRead :  D=0x0000000000000000 A=0x7a9e8
5637500: system.cpu: T0 : 0x195f2    : sd a5, -160(s0)            : MemWrite :  D=0x0000000000000000 A=0x7ffffffffffffd50
5638500: system.cpu: T0 : 0x195f6    : auipc a5, 96               : IntAlu :  D=0x00000000000795f6
5639500: system.cpu: T0 : 0x195fa    : ld a5, 578(a5)             : MemRead :  D=0x000000000007a9c8 A=0x79838
5640000: system.cpu: T0 : 0x195fe    : c_ld a5, 24(a5)            : MemRead :  D=0x0000000000000000 A=0x7a9e0
5640500: system.cpu: T0 : 0x19600    : sd a5, -152(s0)            : MemWrite :  D=0x0000000000000000 A=0x7ffffffffffffd58
5641000: system.cpu: T0 : 0x19604    : ld a4, -152(s0)            : MemRead :  D=0x0000000000000000 A=0x7ffffffffffffd58
5641500: system.cpu: T0 : 0x19608    : ld a5, -160(s0)            : MemRead :  D=0x0000000000000000 A=0x7ffffffffffffd50
5642000: system.cpu: T0 : 0x1960c    : bge a5, a4, 172            : IntAlu : 
5642500: system.cpu: T0 : 0x196b8    : auipc a5, 95               : IntAlu :  D=0x00000000000786b8
5643000: system.cpu: T0 : 0x196bc    : addi a5, a5, -1716         : IntAlu :  D=0x0000000000078004
5643500: system.cpu: T0 : 0x196c0    : c_lw a5, 0(a5)             : MemRead :  D=0x0000000000000005 A=0x78004
5644000: system.cpu: T0 : 0x196c2    : c_addiw a5, 0              : IntAlu :  D=0x0000000000000005
5644500: system.cpu: T0 : 0x196c4    : c_mv a4, a5                : IntAlu :  D=0x0000000000000005
5645000: system.cpu: T0 : 0x196c6    : c_li a5, 4                 : IntAlu :  D=0x0000000000000004
5645500: system.cpu: T0 : 0x196c8    : bge a5, a4, 276            : IntAlu : 
5646000: system.cpu: T0 : 0x196cc    : addi a5, gp, -960          : IntAlu :  D=0x0000000000079c88
5646500: system.cpu: T0 : 0x196d0    : c_lw a5, 0(a5)             : MemRead :  D=0x0000000000000000 A=0x79c88
5647000: system.cpu: T0 : 0x196d2    : c_addiw a5, 0              : IntAlu :  D=0x0000000000000000
5647500: system.cpu: T0 : 0x196d4    : c_mv a4, a5                : IntAlu :  D=0x0000000000000000
5648000: system.cpu: T0 : 0x196d6    : c_li a5, 3                 : IntAlu :  D=0x0000000000000003
5648500: system.cpu: T0 : 0x196d8    : blt a5, a4, 260            : IntAlu : 
5649000: system.cpu: T0 : 0x196dc    : auipc a5, 96               : IntAlu :  D=0x00000000000796dc
5649500: system.cpu: T0 : 0x196e0    : ld a5, 348(a5)             : MemRead :  D=0x000000000007a9c8 A=0x79838
5650000: system.cpu: T0 : 0x196e4    : c_ld a4, 24(a5)            : MemRead :  D=0x0000000000000000 A=0x7a9e0
5651000: system.cpu: T0 : 0x196e6    : auipc a5, 96               : IntAlu :  D=0x00000000000796e6
5652000: system.cpu: T0 : 0x196ea    : ld a5, 338(a5)             : MemRead :  D=0x000000000007a9c8 A=0x79838
5652500: system.cpu: T0 : 0x196ee    : c_ld a5, 0(a5)             : MemRead :  D=0x0000000000000000 A=0x7a9c8
5653000: system.cpu: T0 : 0x196f0    : bne a4, a5, 236            : IntAlu : 
5653500: system.cpu: T0 : 0x196f4    : auipc a5, 96               : IntAlu :  D=0x00000000000796f4
5654000: system.cpu: T0 : 0x196f8    : ld a5, 324(a5)             : MemRead :  D=0x000000000007a9c8 A=0x79838
5654500: system.cpu: T0 : 0x196fc    : c_ld a4, 24(a5)            : MemRead :  D=0x0000000000000000 A=0x7a9e0
5655500: system.cpu: T0 : 0x196fe    : auipc a5, 96               : IntAlu :  D=0x00000000000796fe
5656500: system.cpu: T0 : 0x19702    : ld a5, 314(a5)             : MemRead :  D=0x000000000007a9c8 A=0x79838
5657000: system.cpu: T0 : 0x19706    : c_ld a5, 16(a5)            : MemRead :  D=0x0000000000000000 A=0x7a9d8
5657500: system.cpu: T0 : 0x19708    : bne a4, a5, 212            : IntAlu : 
5658000: system.cpu: T0 : 0x1970c    : auipc a5, 96               : IntAlu :  D=0x000000000007970c
5658500: system.cpu: T0 : 0x19710    : ld a5, 300(a5)             : MemRead :  D=0x000000000007a9c8 A=0x79838
5659000: system.cpu: T0 : 0x19714    : c_ld a5, 32(a5)            : MemRead :  D=0x0000000000000000 A=0x7a9e8
5660000: system.cpu: T0 : 0x19716    : sd a5, -136(s0)            : MemWrite :  D=0x0000000000000000 A=0x7ffffffffffffd68
5661000: system.cpu: T0 : 0x1971a    : auipc a5, 96               : IntAlu :  D=0x000000000007971a
5662000: system.cpu: T0 : 0x1971e    : ld a5, 286(a5)             : MemRead :  D=0x000000000007a9c8 A=0x79838
5662500: system.cpu: T0 : 0x19722    : c_ld a5, 24(a5)            : MemRead :  D=0x0000000000000000 A=0x7a9e0
5663000: system.cpu: T0 : 0x19724    : sd a5, -128(s0)            : MemWrite :  D=0x0000000000000000 A=0x7ffffffffffffd70
5663500: system.cpu: T0 : 0x19728    : ld a4, -128(s0)            : MemRead :  D=0x0000000000000000 A=0x7ffffffffffffd70
5664000: system.cpu: T0 : 0x1972c    : ld a5, -136(s0)            : MemRead :  D=0x0000000000000000 A=0x7ffffffffffffd68
5664500: system.cpu: T0 : 0x19730    : bge a5, a4, 172            : IntAlu : 
5665000: system.cpu: T0 : 0x197dc    : auipc a5, 95               : IntAlu :  D=0x00000000000787dc
5665500: system.cpu: T0 : 0x197e0    : addi a5, a5, -2008         : IntAlu :  D=0x0000000000078004
5666000: system.cpu: T0 : 0x197e4    : c_lw a5, 0(a5)             : MemRead :  D=0x0000000000000005 A=0x78004
5666500: system.cpu: T0 : 0x197e6    : c_addiw a5, 0              : IntAlu :  D=0x0000000000000005
5667000: system.cpu: T0 : 0x197e8    : c_mv a4, a5                : IntAlu :  D=0x0000000000000005
5667500: system.cpu: T0 : 0x197ea    : c_li a5, 4                 : IntAlu :  D=0x0000000000000004
5668000: system.cpu: T0 : 0x197ec    : bge a5, a4, 276            : IntAlu : 
5668500: system.cpu: T0 : 0x197f0    : addi a5, gp, -960          : IntAlu :  D=0x0000000000079c88
5669000: system.cpu: T0 : 0x197f4    : c_lw a5, 0(a5)             : MemRead :  D=0x0000000000000000 A=0x79c88
5669500: system.cpu: T0 : 0x197f6    : c_addiw a5, 0              : IntAlu :  D=0x0000000000000000
5670000: system.cpu: T0 : 0x197f8    : c_mv a4, a5                : IntAlu :  D=0x0000000000000000
5670500: system.cpu: T0 : 0x197fa    : c_li a5, 3                 : IntAlu :  D=0x0000000000000003
5671000: system.cpu: T0 : 0x197fc    : blt a5, a4, 260            : IntAlu : 
5671500: system.cpu: T0 : 0x19800    : auipc a5, 96               : IntAlu :  D=0x0000000000079800
5672000: system.cpu: T0 : 0x19804    : ld a5, 56(a5)              : MemRead :  D=0x000000000007a9c8 A=0x79838
5672500: system.cpu: T0 : 0x19808    : c_ld a4, 24(a5)            : MemRead :  D=0x0000000000000000 A=0x7a9e0
5673500: system.cpu: T0 : 0x1980a    : auipc a5, 96               : IntAlu :  D=0x000000000007980a
5674500: system.cpu: T0 : 0x1980e    : ld a5, 46(a5)              : MemRead :  D=0x000000000007a9c8 A=0x79838
5675000: system.cpu: T0 : 0x19812    : c_ld a5, 8(a5)             : MemRead :  D=0x0000000000000000 A=0x7a9d0
5675500: system.cpu: T0 : 0x19814    : bne a4, a5, 236            : IntAlu : 
5676000: system.cpu: T0 : 0x19818    : auipc a5, 96               : IntAlu :  D=0x0000000000079818
5676500: system.cpu: T0 : 0x1981c    : ld a5, 32(a5)              : MemRead :  D=0x000000000007a9c8 A=0x79838
5677000: system.cpu: T0 : 0x19820    : c_ld a4, 24(a5)            : MemRead :  D=0x0000000000000000 A=0x7a9e0
5678000: system.cpu: T0 : 0x19822    : auipc a5, 96               : IntAlu :  D=0x0000000000079822
5679000: system.cpu: T0 : 0x19826    : ld a5, 22(a5)              : MemRead :  D=0x000000000007a9c8 A=0x79838
5679500: system.cpu: T0 : 0x1982a    : c_ld a5, 0(a5)             : MemRead :  D=0x0000000000000000 A=0x7a9c8
5680000: system.cpu: T0 : 0x1982c    : bne a4, a5, 212            : IntAlu : 
5680500: system.cpu: T0 : 0x19830    : auipc a5, 96               : IntAlu :  D=0x0000000000079830
5681000: system.cpu: T0 : 0x19834    : ld a5, 8(a5)               : MemRead :  D=0x000000000007a9c8 A=0x79838
5681500: system.cpu: T0 : 0x19838    : c_ld a5, 32(a5)            : MemRead :  D=0x0000000000000000 A=0x7a9e8
5682500: system.cpu: T0 : 0x1983a    : sd a5, -112(s0)            : MemWrite :  D=0x0000000000000000 A=0x7ffffffffffffd80
5683500: system.cpu: T0 : 0x1983e    : auipc a5, 96               : IntAlu :  D=0x000000000007983e
5684500: system.cpu: T0 : 0x19842    : ld a5, -6(a5)              : MemRead :  D=0x000000000007a9c8 A=0x79838
5685000: system.cpu: T0 : 0x19846    : c_ld a5, 24(a5)            : MemRead :  D=0x0000000000000000 A=0x7a9e0
5685500: system.cpu: T0 : 0x19848    : sd a5, -104(s0)            : MemWrite :  D=0x0000000000000000 A=0x7ffffffffffffd88
5686000: system.cpu: T0 : 0x1984c    : ld a4, -104(s0)            : MemRead :  D=0x0000000000000000 A=0x7ffffffffffffd88
5686500: system.cpu: T0 : 0x19850    : ld a5, -112(s0)            : MemRead :  D=0x0000000000000000 A=0x7ffffffffffffd80
5687000: system.cpu: T0 : 0x19854    : bge a5, a4, 172            : IntAlu : 
5687500: system.cpu: T0 : 0x19900    : auipc a5, 94               : IntAlu :  D=0x0000000000077900
5688000: system.cpu: T0 : 0x19904    : addi a5, a5, 1796          : IntAlu :  D=0x0000000000078004
5688500: system.cpu: T0 : 0x19908    : c_lw a5, 0(a5)             : MemRead :  D=0x0000000000000005 A=0x78004
5689000: system.cpu: T0 : 0x1990a    : c_addiw a5, 0              : IntAlu :  D=0x0000000000000005
5689500: system.cpu: T0 : 0x1990c    : c_mv a4, a5                : IntAlu :  D=0x0000000000000005
5690000: system.cpu: T0 : 0x1990e    : c_li a5, 4                 : IntAlu :  D=0x0000000000000004
5690500: system.cpu: T0 : 0x19910    : bge a5, a4, 256            : IntAlu : 
5691000: system.cpu: T0 : 0x19914    : addi a5, gp, -960          : IntAlu :  D=0x0000000000079c88
5691500: system.cpu: T0 : 0x19918    : c_lw a5, 0(a5)             : MemRead :  D=0x0000000000000000 A=0x79c88
5692000: system.cpu: T0 : 0x1991a    : c_addiw a5, 0              : IntAlu :  D=0x0000000000000000
5692500: system.cpu: T0 : 0x1991c    : c_mv a4, a5                : IntAlu :  D=0x0000000000000000
5693000: system.cpu: T0 : 0x1991e    : c_li a5, 3                 : IntAlu :  D=0x0000000000000003
5693500: system.cpu: T0 : 0x19920    : blt a5, a4, 240            : IntAlu : 
5694000: system.cpu: T0 : 0x19924    : auipc a5, 96               : IntAlu :  D=0x0000000000079924
5694500: system.cpu: T0 : 0x19928    : ld a5, -236(a5)            : MemRead :  D=0x000000000007a9c8 A=0x79838
5695000: system.cpu: T0 : 0x1992c    : c_ld a4, 24(a5)            : MemRead :  D=0x0000000000000000 A=0x7a9e0
5696000: system.cpu: T0 : 0x1992e    : auipc a5, 96               : IntAlu :  D=0x000000000007992e
5697000: system.cpu: T0 : 0x19932    : ld a5, -246(a5)            : MemRead :  D=0x000000000007a9c8 A=0x79838
5697500: system.cpu: T0 : 0x19936    : c_ld a5, 8(a5)             : MemRead :  D=0x0000000000000000 A=0x7a9d0
5698000: system.cpu: T0 : 0x19938    : bne a4, a5, 216            : IntAlu : 
5698500: system.cpu: T0 : 0x1993c    : auipc a5, 96               : IntAlu :  D=0x000000000007993c
5699000: system.cpu: T0 : 0x19940    : ld a5, -260(a5)            : MemRead :  D=0x000000000007a9c8 A=0x79838
5699500: system.cpu: T0 : 0x19944    : c_ld a4, 24(a5)            : MemRead :  D=0x0000000000000000 A=0x7a9e0
5700500: system.cpu: T0 : 0x19946    : auipc a5, 96               : IntAlu :  D=0x0000000000079946
5701500: system.cpu: T0 : 0x1994a    : ld a5, -270(a5)            : MemRead :  D=0x000000000007a9c8 A=0x79838
5702000: system.cpu: T0 : 0x1994e    : c_ld a5, 16(a5)            : MemRead :  D=0x0000000000000000 A=0x7a9d8
5702500: system.cpu: T0 : 0x19950    : bne a4, a5, 192            : IntAlu : 
5703000: system.cpu: T0 : 0x19954    : auipc a5, 96               : IntAlu :  D=0x0000000000079954
5703500: system.cpu: T0 : 0x19958    : ld a5, -284(a5)            : MemRead :  D=0x000000000007a9c8 A=0x79838
5704000: system.cpu: T0 : 0x1995c    : c_ld a5, 32(a5)            : MemRead :  D=0x0000000000000000 A=0x7a9e8
5705000: system.cpu: T0 : 0x1995e    : sd a5, -88(s0)             : MemWrite :  D=0x0000000000000000 A=0x7ffffffffffffd98
5706000: system.cpu: T0 : 0x19962    : auipc a5, 96               : IntAlu :  D=0x0000000000079962
5707000: system.cpu: T0 : 0x19966    : ld a5, -298(a5)            : MemRead :  D=0x000000000007a9c8 A=0x79838
5707500: system.cpu: T0 : 0x1996a    : c_ld a5, 24(a5)            : MemRead :  D=0x0000000000000000 A=0x7a9e0
5708000: system.cpu: T0 : 0x1996c    : sd a5, -80(s0)             : MemWrite :  D=0x0000000000000000 A=0x7ffffffffffffda0
5708500: system.cpu: T0 : 0x19970    : ld a4, -80(s0)             : MemRead :  D=0x0000000000000000 A=0x7ffffffffffffda0
5709000: system.cpu: T0 : 0x19974    : ld a5, -88(s0)             : MemRead :  D=0x0000000000000000 A=0x7ffffffffffffd98
5709500: system.cpu: T0 : 0x19978    : bge a5, a4, 152            : IntAlu : 
5710000: system.cpu: T0 : 0x19a10    : auipc a5, 94               : IntAlu :  D=0x0000000000077a10
5710500: system.cpu: T0 : 0x19a14    : addi a5, a5, 1524          : IntAlu :  D=0x0000000000078004
5711000: system.cpu: T0 : 0x19a18    : c_lw a5, 0(a5)             : MemRead :  D=0x0000000000000005 A=0x78004
5711500: system.cpu: T0 : 0x19a1a    : c_addiw a5, 0              : IntAlu :  D=0x0000000000000005
5712000: system.cpu: T0 : 0x19a1c    : c_mv a4, a5                : IntAlu :  D=0x0000000000000005
5712500: system.cpu: T0 : 0x19a1e    : c_li a5, 4                 : IntAlu :  D=0x0000000000000004
5713000: system.cpu: T0 : 0x19a20    : bge a5, a4, 276            : IntAlu : 
5713500: system.cpu: T0 : 0x19a24    : addi a5, gp, -960          : IntAlu :  D=0x0000000000079c88
5714000: system.cpu: T0 : 0x19a28    : c_lw a5, 0(a5)             : MemRead :  D=0x0000000000000000 A=0x79c88
5714500: system.cpu: T0 : 0x19a2a    : c_addiw a5, 0              : IntAlu :  D=0x0000000000000000
5715000: system.cpu: T0 : 0x19a2c    : c_mv a4, a5                : IntAlu :  D=0x0000000000000000
5715500: system.cpu: T0 : 0x19a2e    : c_li a5, 3                 : IntAlu :  D=0x0000000000000003
5716000: system.cpu: T0 : 0x19a30    : blt a5, a4, 260            : IntAlu : 
5716500: system.cpu: T0 : 0x19a34    : auipc a5, 96               : IntAlu :  D=0x0000000000079a34
5717000: system.cpu: T0 : 0x19a38    : ld a5, -508(a5)            : MemRead :  D=0x000000000007a9c8 A=0x79838
5717500: system.cpu: T0 : 0x19a3c    : c_ld a4, 24(a5)            : MemRead :  D=0x0000000000000000 A=0x7a9e0
5718500: system.cpu: T0 : 0x19a3e    : auipc a5, 96               : IntAlu :  D=0x0000000000079a3e
5719500: system.cpu: T0 : 0x19a42    : ld a5, -518(a5)            : MemRead :  D=0x000000000007a9c8 A=0x79838
5720000: system.cpu: T0 : 0x19a46    : c_ld a5, 16(a5)            : MemRead :  D=0x0000000000000000 A=0x7a9d8
5720500: system.cpu: T0 : 0x19a48    : bne a4, a5, 236            : IntAlu : 
5721000: system.cpu: T0 : 0x19a4c    : auipc a5, 96               : IntAlu :  D=0x0000000000079a4c
5721500: system.cpu: T0 : 0x19a50    : ld a5, -532(a5)            : MemRead :  D=0x000000000007a9c8 A=0x79838
5722000: system.cpu: T0 : 0x19a54    : c_ld a4, 24(a5)            : MemRead :  D=0x0000000000000000 A=0x7a9e0
5723000: system.cpu: T0 : 0x19a56    : auipc a5, 96               : IntAlu :  D=0x0000000000079a56
5724000: system.cpu: T0 : 0x19a5a    : ld a5, -542(a5)            : MemRead :  D=0x000000000007a9c8 A=0x79838
5724500: system.cpu: T0 : 0x19a5e    : c_ld a5, 0(a5)             : MemRead :  D=0x0000000000000000 A=0x7a9c8
5725000: system.cpu: T0 : 0x19a60    : bne a4, a5, 212            : IntAlu : 
5725500: system.cpu: T0 : 0x19a64    : auipc a5, 96               : IntAlu :  D=0x0000000000079a64
5726000: system.cpu: T0 : 0x19a68    : ld a5, -556(a5)            : MemRead :  D=0x000000000007a9c8 A=0x79838
5726500: system.cpu: T0 : 0x19a6c    : c_ld a5, 32(a5)            : MemRead :  D=0x0000000000000000 A=0x7a9e8
5727500: system.cpu: T0 : 0x19a6e    : sd a5, -64(s0)             : MemWrite :  D=0x0000000000000000 A=0x7ffffffffffffdb0
5728500: system.cpu: T0 : 0x19a72    : auipc a5, 96               : IntAlu :  D=0x0000000000079a72
5729500: system.cpu: T0 : 0x19a76    : ld a5, -570(a5)            : MemRead :  D=0x000000000007a9c8 A=0x79838
5730000: system.cpu: T0 : 0x19a7a    : c_ld a5, 24(a5)            : MemRead :  D=0x0000000000000000 A=0x7a9e0
5730500: system.cpu: T0 : 0x19a7c    : sd a5, -56(s0)             : MemWrite :  D=0x0000000000000000 A=0x7ffffffffffffdb8
5731000: system.cpu: T0 : 0x19a80    : ld a4, -56(s0)             : MemRead :  D=0x0000000000000000 A=0x7ffffffffffffdb8
5731500: system.cpu: T0 : 0x19a84    : ld a5, -64(s0)             : MemRead :  D=0x0000000000000000 A=0x7ffffffffffffdb0
5732000: system.cpu: T0 : 0x19a88    : bge a5, a4, 172            : IntAlu : 
5732500: system.cpu: T0 : 0x19b34    : auipc a5, 94               : IntAlu :  D=0x0000000000077b34
5733000: system.cpu: T0 : 0x19b38    : addi a5, a5, 1232          : IntAlu :  D=0x0000000000078004
5733500: system.cpu: T0 : 0x19b3c    : c_lw a5, 0(a5)             : MemRead :  D=0x0000000000000005 A=0x78004
5734000: system.cpu: T0 : 0x19b3e    : c_addiw a5, 0              : IntAlu :  D=0x0000000000000005
5734500: system.cpu: T0 : 0x19b40    : c_mv a4, a5                : IntAlu :  D=0x0000000000000005
5735000: system.cpu: T0 : 0x19b42    : c_li a5, 4                 : IntAlu :  D=0x0000000000000004
5735500: system.cpu: T0 : 0x19b44    : bge a5, a4, 256            : IntAlu : 
5736000: system.cpu: T0 : 0x19b48    : addi a5, gp, -960          : IntAlu :  D=0x0000000000079c88
5736500: system.cpu: T0 : 0x19b4c    : c_lw a5, 0(a5)             : MemRead :  D=0x0000000000000000 A=0x79c88
5737000: system.cpu: T0 : 0x19b4e    : c_addiw a5, 0              : IntAlu :  D=0x0000000000000000
5737500: system.cpu: T0 : 0x19b50    : c_mv a4, a5                : IntAlu :  D=0x0000000000000000
5738000: system.cpu: T0 : 0x19b52    : c_li a5, 3                 : IntAlu :  D=0x0000000000000003
5738500: system.cpu: T0 : 0x19b54    : blt a5, a4, 240            : IntAlu : 
5739000: system.cpu: T0 : 0x19b58    : auipc a5, 96               : IntAlu :  D=0x0000000000079b58
5739500: system.cpu: T0 : 0x19b5c    : ld a5, -800(a5)            : MemRead :  D=0x000000000007a9c8 A=0x79838
5740000: system.cpu: T0 : 0x19b60    : c_ld a4, 24(a5)            : MemRead :  D=0x0000000000000000 A=0x7a9e0
5741000: system.cpu: T0 : 0x19b62    : auipc a5, 96               : IntAlu :  D=0x0000000000079b62
5742000: system.cpu: T0 : 0x19b66    : ld a5, -810(a5)            : MemRead :  D=0x000000000007a9c8 A=0x79838
5742500: system.cpu: T0 : 0x19b6a    : c_ld a5, 16(a5)            : MemRead :  D=0x0000000000000000 A=0x7a9d8
5743000: system.cpu: T0 : 0x19b6c    : bne a4, a5, 216            : IntAlu : 
5743500: system.cpu: T0 : 0x19b70    : auipc a5, 96               : IntAlu :  D=0x0000000000079b70
5744000: system.cpu: T0 : 0x19b74    : ld a5, -824(a5)            : MemRead :  D=0x000000000007a9c8 A=0x79838
5744500: system.cpu: T0 : 0x19b78    : c_ld a4, 24(a5)            : MemRead :  D=0x0000000000000000 A=0x7a9e0
5745500: system.cpu: T0 : 0x19b7a    : auipc a5, 96               : IntAlu :  D=0x0000000000079b7a
5746500: system.cpu: T0 : 0x19b7e    : ld a5, -834(a5)            : MemRead :  D=0x000000000007a9c8 A=0x79838
5747000: system.cpu: T0 : 0x19b82    : c_ld a5, 8(a5)             : MemRead :  D=0x0000000000000000 A=0x7a9d0
5747500: system.cpu: T0 : 0x19b84    : bne a4, a5, 192            : IntAlu : 
5748000: system.cpu: T0 : 0x19b88    : auipc a5, 96               : IntAlu :  D=0x0000000000079b88
5748500: system.cpu: T0 : 0x19b8c    : ld a5, -848(a5)            : MemRead :  D=0x000000000007a9c8 A=0x79838
5749000: system.cpu: T0 : 0x19b90    : c_ld a5, 32(a5)            : MemRead :  D=0x0000000000000000 A=0x7a9e8
5750000: system.cpu: T0 : 0x19b92    : sd a5, -40(s0)             : MemWrite :  D=0x0000000000000000 A=0x7ffffffffffffdc8
5751000: system.cpu: T0 : 0x19b96    : auipc a5, 96               : IntAlu :  D=0x0000000000079b96
5752000: system.cpu: T0 : 0x19b9a    : ld a5, -862(a5)            : MemRead :  D=0x000000000007a9c8 A=0x79838
5752500: system.cpu: T0 : 0x19b9e    : c_ld a5, 24(a5)            : MemRead :  D=0x0000000000000000 A=0x7a9e0
5753000: system.cpu: T0 : 0x19ba0    : sd a5, -32(s0)             : MemWrite :  D=0x0000000000000000 A=0x7ffffffffffffdd0
5753500: system.cpu: T0 : 0x19ba4    : ld a4, -32(s0)             : MemRead :  D=0x0000000000000000 A=0x7ffffffffffffdd0
5754000: system.cpu: T0 : 0x19ba8    : ld a5, -40(s0)             : MemRead :  D=0x0000000000000000 A=0x7ffffffffffffdc8
5754500: system.cpu: T0 : 0x19bac    : bge a5, a4, 152            : IntAlu : 
5755000: system.cpu: T0 : 0x19c44    : c_lui a5, 1048575          : IntAlu :  D=0xfffffffffffff000
5756000: system.cpu: T0 : 0x19c46    : addi a4, s0, -16           : IntAlu :  D=0x7ffffffffffffde0
5756500: system.cpu: T0 : 0x19c4a    : c_add a5, a4               : IntAlu :  D=0x7fffffffffffede0
5757000: system.cpu: T0 : 0x19c4c    : lw a5, 1068(a5)            : MemRead :  D=0x0000000000000001 A=0x7ffffffffffff20c
5757500: system.cpu: T0 : 0x19c50    : c_addiw a5, 0              : IntAlu :  D=0x0000000000000001
5758500: system.cpu: T0 : 0x19c52    : bge zero, a5, 8            : IntAlu : 
5759500: system.cpu: T0 : 0x19c56    : jal zero, -38916           : IntAlu :  D=0x0000000000019c5a
5760000: system.cpu: T0 : 0x10452    : c_lui a5, 1048575          : IntAlu :  D=0xfffffffffffff000
5760500: system.cpu: T0 : 0x10454    : addi a4, s0, -16           : IntAlu :  D=0x7ffffffffffffde0
5761000: system.cpu: T0 : 0x10458    : c_add a5, a4               : IntAlu :  D=0x7fffffffffffede0
5761500: system.cpu: T0 : 0x1045a    : c_lui a4, 1048575          : IntAlu :  D=0xfffffffffffff000
5762000: system.cpu: T0 : 0x1045c    : addi a3, s0, -16           : IntAlu :  D=0x7ffffffffffffde0
5762500: system.cpu: T0 : 0x10460    : c_add a4, a3               : IntAlu :  D=0x7fffffffffffede0
5763500: system.cpu: T0 : 0x10462    : lw a4, 1068(a4)            : MemRead :  D=0x0000000000000001 A=0x7ffffffffffff20c
5764000: system.cpu: T0 : 0x10466    : c_addiw a4, -1             : IntAlu :  D=0x0000000000000000
5764500: system.cpu: T0 : 0x10468    : sw a4, 1068(a5)            : MemWrite :  D=0x0000000000000000 A=0x7ffffffffffff20c
5765000: system.cpu: T0 : 0x1046c    : auipc a5, 104              : IntAlu :  D=0x000000000007846c
5765500: system.cpu: T0 : 0x10470    : addi a5, a5, -1132         : IntAlu :  D=0x0000000000078000
5766000: system.cpu: T0 : 0x10474    : c_lw a5, 0(a5)             : MemRead :  D=0x0000000000000003 A=0x78000
5766500: system.cpu: T0 : 0x10476    : c_addiw a5, 0              : IntAlu :  D=0x0000000000000003
5767000: system.cpu: T0 : 0x10478    : c_mv a4, a5                : IntAlu :  D=0x0000000000000003
5767500: system.cpu: T0 : 0x1047a    : c_li a5, 2                 : IntAlu :  D=0x0000000000000002
5768000: system.cpu: T0 : 0x1047c    : bge a5, a4, 314            : IntAlu : 
5768500: system.cpu: T0 : 0x10480    : addi a5, gp, -960          : IntAlu :  D=0x0000000000079c88
5769000: system.cpu: T0 : 0x10484    : c_lw a5, 0(a5)             : MemRead :  D=0x0000000000000000 A=0x79c88
5769500: system.cpu: T0 : 0x10486    : c_addiw a5, 0              : IntAlu :  D=0x0000000000000000
5770000: system.cpu: T0 : 0x10488    : c_mv a4, a5                : IntAlu :  D=0x0000000000000000
5770500: system.cpu: T0 : 0x1048a    : c_li a5, 3                 : IntAlu :  D=0x0000000000000003
5771000: system.cpu: T0 : 0x1048c    : blt a5, a4, 298            : IntAlu : 
5771500: system.cpu: T0 : 0x10490    : auipc a5, 105              : IntAlu :  D=0x0000000000079490
5772000: system.cpu: T0 : 0x10494    : ld a5, 912(a5)             : MemRead :  D=0x000000000007a9b0 A=0x79820
5772500: system.cpu: T0 : 0x10498    : c_ld a4, 8(a5)             : MemRead :  D=0x0000000000000000 A=0x7a9b8
5773500: system.cpu: T0 : 0x1049a    : auipc a5, 105              : IntAlu :  D=0x000000000007949a
5774500: system.cpu: T0 : 0x1049e    : ld a5, 902(a5)             : MemRead :  D=0x000000000007a9b0 A=0x79820
5775000: system.cpu: T0 : 0x104a2    : c_ld a5, 16(a5)            : MemRead :  D=0x0000000000000000 A=0x7a9c0
5775500: system.cpu: T0 : 0x104a4    : bne a4, a5, 274            : IntAlu : 
5776000: system.cpu: T0 : 0x104a8    : c_lui a5, 1048575          : IntAlu :  D=0xfffffffffffff000
5777000: system.cpu: T0 : 0x104aa    : addi a4, s0, -16           : IntAlu :  D=0x7ffffffffffffde0
5777500: system.cpu: T0 : 0x104ae    : c_add a5, a4               : IntAlu :  D=0x7fffffffffffede0
5778000: system.cpu: T0 : 0x104b0    : auipc a4, 105              : IntAlu :  D=0x00000000000794b0
5778500: system.cpu: T0 : 0x104b4    : ld a4, 880(a4)             : MemRead :  D=0x000000000007a9b0 A=0x79820
5779000: system.cpu: T0 : 0x104b8    : c_ld a4, 0(a4)             : MemRead :  D=0x0000000000000000 A=0x7a9b0
5780000: system.cpu: T0 : 0x104ba    : sd a4, 1072(a5)            : MemWrite :  D=0x0000000000000000 A=0x7ffffffffffff210
5780500: system.cpu: T0 : 0x104be    : c_lui a5, 1048575          : IntAlu :  D=0xfffffffffffff000
5781000: system.cpu: T0 : 0x104c0    : addi a4, s0, -16           : IntAlu :  D=0x7ffffffffffffde0
5781500: system.cpu: T0 : 0x104c4    : c_add a5, a4               : IntAlu :  D=0x7fffffffffffede0
5782500: system.cpu: T0 : 0x104c6    : auipc a4, 105              : IntAlu :  D=0x00000000000794c6
5783500: system.cpu: T0 : 0x104ca    : ld a4, 858(a4)             : MemRead :  D=0x000000000007a9b0 A=0x79820
5784000: system.cpu: T0 : 0x104ce    : c_ld a4, 8(a4)             : MemRead :  D=0x0000000000000000 A=0x7a9b8
5784500: system.cpu: T0 : 0x104d0    : sd a4, 1080(a5)            : MemWrite :  D=0x0000000000000000 A=0x7ffffffffffff218
5785000: system.cpu: T0 : 0x104d4    : c_lui a5, 1048575          : IntAlu :  D=0xfffffffffffff000
5786000: system.cpu: T0 : 0x104d6    : addi a4, s0, -16           : IntAlu :  D=0x7ffffffffffffde0
5786500: system.cpu: T0 : 0x104da    : c_add a4, a5               : IntAlu :  D=0x7fffffffffffede0
5787000: system.cpu: T0 : 0x104dc    : c_lui a5, 1048575          : IntAlu :  D=0xfffffffffffff000
5788000: system.cpu: T0 : 0x104de    : addi a3, s0, -16           : IntAlu :  D=0x7ffffffffffffde0
5788500: system.cpu: T0 : 0x104e2    : c_add a5, a3               : IntAlu :  D=0x7fffffffffffede0
5789000: system.cpu: T0 : 0x104e4    : ld a4, 1072(a4)            : MemRead :  D=0x0000000000000000 A=0x7ffffffffffff210
5789500: system.cpu: T0 : 0x104e8    : ld a5, 1080(a5)            : MemRead :  D=0x0000000000000000 A=0x7ffffffffffff218
5790000: system.cpu: T0 : 0x104ec    : bge a4, a5, 202            : IntAlu : 
5791000: system.cpu: T0 : 0x105b6    : auipc a5, 104              : IntAlu :  D=0x00000000000785b6
5792000: system.cpu: T0 : 0x105ba    : addi a5, a5, -1462         : IntAlu :  D=0x0000000000078000
5792500: system.cpu: T0 : 0x105be    : c_lw a5, 0(a5)             : MemRead :  D=0x0000000000000003 A=0x78000
5793000: system.cpu: T0 : 0x105c0    : c_addiw a5, 0              : IntAlu :  D=0x0000000000000003
5793500: system.cpu: T0 : 0x105c2    : c_mv a4, a5                : IntAlu :  D=0x0000000000000003
5794000: system.cpu: T0 : 0x105c4    : c_li a5, 2                 : IntAlu :  D=0x0000000000000002
5795000: system.cpu: T0 : 0x105c6    : bge a5, a4, 314            : IntAlu : 
5796000: system.cpu: T0 : 0x105ca    : addi a5, gp, -960          : IntAlu :  D=0x0000000000079c88
5796500: system.cpu: T0 : 0x105ce    : c_lw a5, 0(a5)             : MemRead :  D=0x0000000000000000 A=0x79c88
5797000: system.cpu: T0 : 0x105d0    : c_addiw a5, 0              : IntAlu :  D=0x0000000000000000
5797500: system.cpu: T0 : 0x105d2    : c_mv a4, a5                : IntAlu :  D=0x0000000000000000
5798000: system.cpu: T0 : 0x105d4    : c_li a5, 3                 : IntAlu :  D=0x0000000000000003
5799000: system.cpu: T0 : 0x105d6    : blt a5, a4, 298            : IntAlu : 
5800000: system.cpu: T0 : 0x105da    : auipc a5, 105              : IntAlu :  D=0x00000000000795da
5801000: system.cpu: T0 : 0x105de    : ld a5, 582(a5)             : MemRead :  D=0x000000000007a9b0 A=0x79820
5801500: system.cpu: T0 : 0x105e2    : c_ld a4, 16(a5)            : MemRead :  D=0x0000000000000000 A=0x7a9c0
5802000: system.cpu: T0 : 0x105e4    : auipc a5, 105              : IntAlu :  D=0x00000000000795e4
5802500: system.cpu: T0 : 0x105e8    : ld a5, 572(a5)             : MemRead :  D=0x000000000007a9b0 A=0x79820
5803000: system.cpu: T0 : 0x105ec    : c_ld a5, 8(a5)             : MemRead :  D=0x0000000000000000 A=0x7a9b8
5804000: system.cpu: T0 : 0x105ee    : bne a4, a5, 274            : IntAlu : 
5804500: system.cpu: T0 : 0x105f2    : c_lui a5, 1048575          : IntAlu :  D=0xfffffffffffff000
5805000: system.cpu: T0 : 0x105f4    : addi a4, s0, -16           : IntAlu :  D=0x7ffffffffffffde0
5805500: system.cpu: T0 : 0x105f8    : c_add a5, a4               : IntAlu :  D=0x7fffffffffffede0
5806500: system.cpu: T0 : 0x105fa    : auipc a4, 105              : IntAlu :  D=0x00000000000795fa
5807500: system.cpu: T0 : 0x105fe    : ld a4, 550(a4)             : MemRead :  D=0x000000000007a9b0 A=0x79820
5808000: system.cpu: T0 : 0x10602    : c_ld a4, 0(a4)             : MemRead :  D=0x0000000000000000 A=0x7a9b0
5808500: system.cpu: T0 : 0x10604    : sd a4, 1096(a5)            : MemWrite :  D=0x0000000000000000 A=0x7ffffffffffff228
5809000: system.cpu: T0 : 0x10608    : c_lui a5, 1048575          : IntAlu :  D=0xfffffffffffff000
5810000: system.cpu: T0 : 0x1060a    : addi a4, s0, -16           : IntAlu :  D=0x7ffffffffffffde0
5810500: system.cpu: T0 : 0x1060e    : c_add a5, a4               : IntAlu :  D=0x7fffffffffffede0
5811000: system.cpu: T0 : 0x10610    : auipc a4, 105              : IntAlu :  D=0x0000000000079610
5811500: system.cpu: T0 : 0x10614    : ld a4, 528(a4)             : MemRead :  D=0x000000000007a9b0 A=0x79820
5812000: system.cpu: T0 : 0x10618    : c_ld a4, 16(a4)            : MemRead :  D=0x0000000000000000 A=0x7a9c0
5813000: system.cpu: T0 : 0x1061a    : sd a4, 1104(a5)            : MemWrite :  D=0x0000000000000000 A=0x7ffffffffffff230
5813500: system.cpu: T0 : 0x1061e    : c_lui a5, 1048575          : IntAlu :  D=0xfffffffffffff000
5814000: system.cpu: T0 : 0x10620    : addi a4, s0, -16           : IntAlu :  D=0x7ffffffffffffde0
5814500: system.cpu: T0 : 0x10624    : c_add a4, a5               : IntAlu :  D=0x7fffffffffffede0
5815000: system.cpu: T0 : 0x10626    : c_lui a5, 1048575          : IntAlu :  D=0xfffffffffffff000
5815500: system.cpu: T0 : 0x10628    : addi a3, s0, -16           : IntAlu :  D=0x7ffffffffffffde0
5816000: system.cpu: T0 : 0x1062c    : c_add a5, a3               : IntAlu :  D=0x7fffffffffffede0
5817000: system.cpu: T0 : 0x1062e    : ld a4, 1096(a4)            : MemRead :  D=0x0000000000000000 A=0x7ffffffffffff228
5818000: system.cpu: T0 : 0x10632    : ld a5, 1104(a5)            : MemRead :  D=0x0000000000000000 A=0x7ffffffffffff230
5819000: system.cpu: T0 : 0x10636    : bge a4, a5, 202            : IntAlu : 
5819500: system.cpu: T0 : 0x10700    : auipc a5, 104              : IntAlu :  D=0x0000000000078700
5820000: system.cpu: T0 : 0x10704    : addi a5, a5, -1792         : IntAlu :  D=0x0000000000078000
5820500: system.cpu: T0 : 0x10708    : c_lw a5, 0(a5)             : MemRead :  D=0x0000000000000003 A=0x78000
5821000: system.cpu: T0 : 0x1070a    : c_addiw a5, 0              : IntAlu :  D=0x0000000000000003
5821500: system.cpu: T0 : 0x1070c    : c_mv a4, a5                : IntAlu :  D=0x0000000000000003
5822000: system.cpu: T0 : 0x1070e    : c_li a5, 2                 : IntAlu :  D=0x0000000000000002
5822500: system.cpu: T0 : 0x10710    : bge a5, a4, 314            : IntAlu : 
5823000: system.cpu: T0 : 0x10714    : addi a5, gp, -960          : IntAlu :  D=0x0000000000079c88
5823500: system.cpu: T0 : 0x10718    : c_lw a5, 0(a5)             : MemRead :  D=0x0000000000000000 A=0x79c88
5824000: system.cpu: T0 : 0x1071a    : c_addiw a5, 0              : IntAlu :  D=0x0000000000000000
5824500: system.cpu: T0 : 0x1071c    : c_mv a4, a5                : IntAlu :  D=0x0000000000000000
5825000: system.cpu: T0 : 0x1071e    : c_li a5, 3                 : IntAlu :  D=0x0000000000000003
5825500: system.cpu: T0 : 0x10720    : blt a5, a4, 298            : IntAlu : 
5826000: system.cpu: T0 : 0x10724    : auipc a5, 105              : IntAlu :  D=0x0000000000079724
5826500: system.cpu: T0 : 0x10728    : ld a5, 252(a5)             : MemRead :  D=0x000000000007a9b0 A=0x79820
5827000: system.cpu: T0 : 0x1072c    : c_ld a4, 0(a5)             : MemRead :  D=0x0000000000000000 A=0x7a9b0
5828000: system.cpu: T0 : 0x1072e    : auipc a5, 105              : IntAlu :  D=0x000000000007972e
5829000: system.cpu: T0 : 0x10732    : ld a5, 242(a5)             : MemRead :  D=0x000000000007a9b0 A=0x79820
5829500: system.cpu: T0 : 0x10736    : c_ld a5, 16(a5)            : MemRead :  D=0x0000000000000000 A=0x7a9c0
5830000: system.cpu: T0 : 0x10738    : bne a4, a5, 274            : IntAlu : 
5830500: system.cpu: T0 : 0x1073c    : c_lui a5, 1048575          : IntAlu :  D=0xfffffffffffff000
5831500: system.cpu: T0 : 0x1073e    : addi a4, s0, -16           : IntAlu :  D=0x7ffffffffffffde0
5832000: system.cpu: T0 : 0x10742    : c_add a5, a4               : IntAlu :  D=0x7fffffffffffede0
5832500: system.cpu: T0 : 0x10744    : auipc a4, 105              : IntAlu :  D=0x0000000000079744
5833000: system.cpu: T0 : 0x10748    : ld a4, 220(a4)             : MemRead :  D=0x000000000007a9b0 A=0x79820
5833500: system.cpu: T0 : 0x1074c    : c_ld a4, 8(a4)             : MemRead :  D=0x0000000000000000 A=0x7a9b8
5834500: system.cpu: T0 : 0x1074e    : sd a4, 1120(a5)            : MemWrite :  D=0x0000000000000000 A=0x7ffffffffffff240
5835000: system.cpu: T0 : 0x10752    : c_lui a5, 1048575          : IntAlu :  D=0xfffffffffffff000
5835500: system.cpu: T0 : 0x10754    : addi a4, s0, -16           : IntAlu :  D=0x7ffffffffffffde0
5836000: system.cpu: T0 : 0x10758    : c_add a5, a4               : IntAlu :  D=0x7fffffffffffede0
5837000: system.cpu: T0 : 0x1075a    : auipc a4, 105              : IntAlu :  D=0x000000000007975a
5838000: system.cpu: T0 : 0x1075e    : ld a4, 198(a4)             : MemRead :  D=0x000000000007a9b0 A=0x79820
5838500: system.cpu: T0 : 0x10762    : c_ld a4, 0(a4)             : MemRead :  D=0x0000000000000000 A=0x7a9b0
5839000: system.cpu: T0 : 0x10764    : sd a4, 1128(a5)            : MemWrite :  D=0x0000000000000000 A=0x7ffffffffffff248
5839500: system.cpu: T0 : 0x10768    : c_lui a5, 1048575          : IntAlu :  D=0xfffffffffffff000
5840500: system.cpu: T0 : 0x1076a    : addi a4, s0, -16           : IntAlu :  D=0x7ffffffffffffde0
5841000: system.cpu: T0 : 0x1076e    : c_add a4, a5               : IntAlu :  D=0x7fffffffffffede0
5841500: system.cpu: T0 : 0x10770    : c_lui a5, 1048575          : IntAlu :  D=0xfffffffffffff000
5842500: system.cpu: T0 : 0x10772    : addi a3, s0, -16           : IntAlu :  D=0x7ffffffffffffde0
5843000: system.cpu: T0 : 0x10776    : c_add a5, a3               : IntAlu :  D=0x7fffffffffffede0
5843500: system.cpu: T0 : 0x10778    : ld a4, 1120(a4)            : MemRead :  D=0x0000000000000000 A=0x7ffffffffffff240
5844000: system.cpu: T0 : 0x1077c    : ld a5, 1128(a5)            : MemRead :  D=0x0000000000000000 A=0x7ffffffffffff248
5844500: system.cpu: T0 : 0x10780    : bge a4, a5, 202            : IntAlu : 
5845500: system.cpu: T0 : 0x1084a    : auipc a5, 103              : IntAlu :  D=0x000000000007784a
5846500: system.cpu: T0 : 0x1084e    : addi a5, a5, 1974          : IntAlu :  D=0x0000000000078000
5847000: system.cpu: T0 : 0x10852    : c_lw a5, 0(a5)             : MemRead :  D=0x0000000000000003 A=0x78000
5847500: system.cpu: T0 : 0x10854    : c_addiw a5, 0              : IntAlu :  D=0x0000000000000003
5848000: system.cpu: T0 : 0x10856    : c_mv a4, a5                : IntAlu :  D=0x0000000000000003
5848500: system.cpu: T0 : 0x10858    : c_li a5, 2                 : IntAlu :  D=0x0000000000000002
5849500: system.cpu: T0 : 0x1085a    : bge a5, a4, 314            : IntAlu : 
5850500: system.cpu: T0 : 0x1085e    : addi a5, gp, -960          : IntAlu :  D=0x0000000000079c88
5851000: system.cpu: T0 : 0x10862    : c_lw a5, 0(a5)             : MemRead :  D=0x0000000000000000 A=0x79c88
5851500: system.cpu: T0 : 0x10864    : c_addiw a5, 0              : IntAlu :  D=0x0000000000000000
5852000: system.cpu: T0 : 0x10866    : c_mv a4, a5                : IntAlu :  D=0x0000000000000000
5852500: system.cpu: T0 : 0x10868    : c_li a5, 3                 : IntAlu :  D=0x0000000000000003
5853500: system.cpu: T0 : 0x1086a    : blt a5, a4, 298            : IntAlu : 
5854500: system.cpu: T0 : 0x1086e    : auipc a5, 105              : IntAlu :  D=0x000000000007986e
5855500: system.cpu: T0 : 0x10872    : ld a5, -78(a5)             : MemRead :  D=0x000000000007a9b0 A=0x79820
5856000: system.cpu: T0 : 0x10876    : c_ld a4, 16(a5)            : MemRead :  D=0x0000000000000000 A=0x7a9c0
5856500: system.cpu: T0 : 0x10878    : auipc a5, 105              : IntAlu :  D=0x0000000000079878
5857000: system.cpu: T0 : 0x1087c    : ld a5, -88(a5)             : MemRead :  D=0x000000000007a9b0 A=0x79820
5857500: system.cpu: T0 : 0x10880    : c_ld a5, 0(a5)             : MemRead :  D=0x0000000000000000 A=0x7a9b0
5858500: system.cpu: T0 : 0x10882    : bne a4, a5, 274            : IntAlu : 
5859000: system.cpu: T0 : 0x10886    : c_lui a5, 1048575          : IntAlu :  D=0xfffffffffffff000
5859500: system.cpu: T0 : 0x10888    : addi a4, s0, -16           : IntAlu :  D=0x7ffffffffffffde0
5860000: system.cpu: T0 : 0x1088c    : c_add a5, a4               : IntAlu :  D=0x7fffffffffffede0
5861000: system.cpu: T0 : 0x1088e    : auipc a4, 105              : IntAlu :  D=0x000000000007988e
5862000: system.cpu: T0 : 0x10892    : ld a4, -110(a4)            : MemRead :  D=0x000000000007a9b0 A=0x79820
5862500: system.cpu: T0 : 0x10896    : c_ld a4, 8(a4)             : MemRead :  D=0x0000000000000000 A=0x7a9b8
5863000: system.cpu: T0 : 0x10898    : sd a4, 1144(a5)            : MemWrite :  D=0x0000000000000000 A=0x7ffffffffffff258
5863500: system.cpu: T0 : 0x1089c    : c_lui a5, 1048575          : IntAlu :  D=0xfffffffffffff000
5864500: system.cpu: T0 : 0x1089e    : addi a4, s0, -16           : IntAlu :  D=0x7ffffffffffffde0
5865000: system.cpu: T0 : 0x108a2    : c_add a5, a4               : IntAlu :  D=0x7fffffffffffede0
5865500: system.cpu: T0 : 0x108a4    : auipc a4, 105              : IntAlu :  D=0x00000000000798a4
5866000: system.cpu: T0 : 0x108a8    : ld a4, -132(a4)            : MemRead :  D=0x000000000007a9b0 A=0x79820
5866500: system.cpu: T0 : 0x108ac    : c_ld a4, 16(a4)            : MemRead :  D=0x0000000000000000 A=0x7a9c0
5867500: system.cpu: T0 : 0x108ae    : sd a4, 1152(a5)            : MemWrite :  D=0x0000000000000000 A=0x7ffffffffffff260
5868000: system.cpu: T0 : 0x108b2    : c_lui a5, 1048575          : IntAlu :  D=0xfffffffffffff000
5868500: system.cpu: T0 : 0x108b4    : addi a4, s0, -16           : IntAlu :  D=0x7ffffffffffffde0
5869000: system.cpu: T0 : 0x108b8    : c_add a4, a5               : IntAlu :  D=0x7fffffffffffede0
5869500: system.cpu: T0 : 0x108ba    : c_lui a5, 1048575          : IntAlu :  D=0xfffffffffffff000
5870000: system.cpu: T0 : 0x108bc    : addi a3, s0, -16           : IntAlu :  D=0x7ffffffffffffde0
5870500: system.cpu: T0 : 0x108c0    : c_add a5, a3               : IntAlu :  D=0x7fffffffffffede0
5871500: system.cpu: T0 : 0x108c2    : ld a4, 1144(a4)            : MemRead :  D=0x0000000000000000 A=0x7ffffffffffff258
5872500: system.cpu: T0 : 0x108c6    : ld a5, 1152(a5)            : MemRead :  D=0x0000000000000000 A=0x7ffffffffffff260
5873500: system.cpu: T0 : 0x108ca    : bge a4, a5, 202            : IntAlu : 
5874000: system.cpu: T0 : 0x10994    : auipc a5, 103              : IntAlu :  D=0x0000000000077994
5874500: system.cpu: T0 : 0x10998    : addi a5, a5, 1644          : IntAlu :  D=0x0000000000078000
5875000: system.cpu: T0 : 0x1099c    : c_lw a5, 0(a5)             : MemRead :  D=0x0000000000000003 A=0x78000
5875500: system.cpu: T0 : 0x1099e    : c_addiw a5, 0              : IntAlu :  D=0x0000000000000003
5876000: system.cpu: T0 : 0x109a0    : c_mv a4, a5                : IntAlu :  D=0x0000000000000003
5876500: system.cpu: T0 : 0x109a2    : c_li a5, 2                 : IntAlu :  D=0x0000000000000002
5877000: system.cpu: T0 : 0x109a4    : bge a5, a4, 314            : IntAlu : 
5877500: system.cpu: T0 : 0x109a8    : addi a5, gp, -960          : IntAlu :  D=0x0000000000079c88
5878000: system.cpu: T0 : 0x109ac    : c_lw a5, 0(a5)             : MemRead :  D=0x0000000000000000 A=0x79c88
5878500: system.cpu: T0 : 0x109ae    : c_addiw a5, 0              : IntAlu :  D=0x0000000000000000
5879000: system.cpu: T0 : 0x109b0    : c_mv a4, a5                : IntAlu :  D=0x0000000000000000
5879500: system.cpu: T0 : 0x109b2    : c_li a5, 3                 : IntAlu :  D=0x0000000000000003
5880000: system.cpu: T0 : 0x109b4    : blt a5, a4, 298            : IntAlu : 
5880500: system.cpu: T0 : 0x109b8    : auipc a5, 105              : IntAlu :  D=0x00000000000799b8
5881000: system.cpu: T0 : 0x109bc    : ld a5, -408(a5)            : MemRead :  D=0x000000000007a9b0 A=0x79820
5881500: system.cpu: T0 : 0x109c0    : c_ld a4, 0(a5)             : MemRead :  D=0x0000000000000000 A=0x7a9b0
5882500: system.cpu: T0 : 0x109c2    : auipc a5, 105              : IntAlu :  D=0x00000000000799c2
5883500: system.cpu: T0 : 0x109c6    : ld a5, -418(a5)            : MemRead :  D=0x000000000007a9b0 A=0x79820
5884000: system.cpu: T0 : 0x109ca    : c_ld a5, 8(a5)             : MemRead :  D=0x0000000000000000 A=0x7a9b8
5884500: system.cpu: T0 : 0x109cc    : bne a4, a5, 274            : IntAlu : 
5885000: system.cpu: T0 : 0x109d0    : c_lui a5, 1048575          : IntAlu :  D=0xfffffffffffff000
5886000: system.cpu: T0 : 0x109d2    : addi a4, s0, -16           : IntAlu :  D=0x7ffffffffffffde0
5886500: system.cpu: T0 : 0x109d6    : c_add a5, a4               : IntAlu :  D=0x7fffffffffffede0
5887000: system.cpu: T0 : 0x109d8    : auipc a4, 105              : IntAlu :  D=0x00000000000799d8
5887500: system.cpu: T0 : 0x109dc    : ld a4, -440(a4)            : MemRead :  D=0x000000000007a9b0 A=0x79820
5888000: system.cpu: T0 : 0x109e0    : c_ld a4, 16(a4)            : MemRead :  D=0x0000000000000000 A=0x7a9c0
5889000: system.cpu: T0 : 0x109e2    : sd a4, 1168(a5)            : MemWrite :  D=0x0000000000000000 A=0x7ffffffffffff270
5889500: system.cpu: T0 : 0x109e6    : c_lui a5, 1048575          : IntAlu :  D=0xfffffffffffff000
5890000: system.cpu: T0 : 0x109e8    : addi a4, s0, -16           : IntAlu :  D=0x7ffffffffffffde0
5890500: system.cpu: T0 : 0x109ec    : c_add a5, a4               : IntAlu :  D=0x7fffffffffffede0
5891500: system.cpu: T0 : 0x109ee    : auipc a4, 105              : IntAlu :  D=0x00000000000799ee
5892500: system.cpu: T0 : 0x109f2    : ld a4, -462(a4)            : MemRead :  D=0x000000000007a9b0 A=0x79820
5893000: system.cpu: T0 : 0x109f6    : c_ld a4, 0(a4)             : MemRead :  D=0x0000000000000000 A=0x7a9b0
5893500: system.cpu: T0 : 0x109f8    : sd a4, 1176(a5)            : MemWrite :  D=0x0000000000000000 A=0x7ffffffffffff278
5894000: system.cpu: T0 : 0x109fc    : c_lui a5, 1048575          : IntAlu :  D=0xfffffffffffff000
5895000: system.cpu: T0 : 0x109fe    : addi a4, s0, -16           : IntAlu :  D=0x7ffffffffffffde0
5895500: system.cpu: T0 : 0x10a02    : c_add a4, a5               : IntAlu :  D=0x7fffffffffffede0
5896000: system.cpu: T0 : 0x10a04    : c_lui a5, 1048575          : IntAlu :  D=0xfffffffffffff000
5897000: system.cpu: T0 : 0x10a06    : addi a3, s0, -16           : IntAlu :  D=0x7ffffffffffffde0
5897500: system.cpu: T0 : 0x10a0a    : c_add a5, a3               : IntAlu :  D=0x7fffffffffffede0
5898000: system.cpu: T0 : 0x10a0c    : ld a4, 1168(a4)            : MemRead :  D=0x0000000000000000 A=0x7ffffffffffff270
5898500: system.cpu: T0 : 0x10a10    : ld a5, 1176(a5)            : MemRead :  D=0x0000000000000000 A=0x7ffffffffffff278
5899000: system.cpu: T0 : 0x10a14    : bge a4, a5, 202            : IntAlu : 
5900000: system.cpu: T0 : 0x10ade    : auipc a5, 103              : IntAlu :  D=0x0000000000077ade
5901000: system.cpu: T0 : 0x10ae2    : addi a5, a5, 1314          : IntAlu :  D=0x0000000000078000
5901500: system.cpu: T0 : 0x10ae6    : c_lw a5, 0(a5)             : MemRead :  D=0x0000000000000003 A=0x78000
5902000: system.cpu: T0 : 0x10ae8    : c_addiw a5, 0              : IntAlu :  D=0x0000000000000003
5902500: system.cpu: T0 : 0x10aea    : c_mv a4, a5                : IntAlu :  D=0x0000000000000003
5903000: system.cpu: T0 : 0x10aec    : c_li a5, 2                 : IntAlu :  D=0x0000000000000002
5904000: system.cpu: T0 : 0x10aee    : bge a5, a4, 314            : IntAlu : 
5905000: system.cpu: T0 : 0x10af2    : addi a5, gp, -960          : IntAlu :  D=0x0000000000079c88
5905500: system.cpu: T0 : 0x10af6    : c_lw a5, 0(a5)             : MemRead :  D=0x0000000000000000 A=0x79c88
5906000: system.cpu: T0 : 0x10af8    : c_addiw a5, 0              : IntAlu :  D=0x0000000000000000
5906500: system.cpu: T0 : 0x10afa    : c_mv a4, a5                : IntAlu :  D=0x0000000000000000
5907000: system.cpu: T0 : 0x10afc    : c_li a5, 3                 : IntAlu :  D=0x0000000000000003
5908000: system.cpu: T0 : 0x10afe    : blt a5, a4, 298            : IntAlu : 
5909000: system.cpu: T0 : 0x10b02    : auipc a5, 105              : IntAlu :  D=0x0000000000079b02
5910000: system.cpu: T0 : 0x10b06    : ld a5, -738(a5)            : MemRead :  D=0x000000000007a9b0 A=0x79820
5910500: system.cpu: T0 : 0x10b0a    : c_ld a4, 8(a5)             : MemRead :  D=0x0000000000000000 A=0x7a9b8
5911000: system.cpu: T0 : 0x10b0c    : auipc a5, 105              : IntAlu :  D=0x0000000000079b0c
5911500: system.cpu: T0 : 0x10b10    : ld a5, -748(a5)            : MemRead :  D=0x000000000007a9b0 A=0x79820
5912000: system.cpu: T0 : 0x10b14    : c_ld a5, 0(a5)             : MemRead :  D=0x0000000000000000 A=0x7a9b0
5913000: system.cpu: T0 : 0x10b16    : bne a4, a5, 274            : IntAlu : 
5913500: system.cpu: T0 : 0x10b1a    : c_lui a5, 1048575          : IntAlu :  D=0xfffffffffffff000
5914000: system.cpu: T0 : 0x10b1c    : addi a4, s0, -16           : IntAlu :  D=0x7ffffffffffffde0
5914500: system.cpu: T0 : 0x10b20    : c_add a5, a4               : IntAlu :  D=0x7fffffffffffede0
5915500: system.cpu: T0 : 0x10b22    : auipc a4, 105              : IntAlu :  D=0x0000000000079b22
5916500: system.cpu: T0 : 0x10b26    : ld a4, -770(a4)            : MemRead :  D=0x000000000007a9b0 A=0x79820
5917000: system.cpu: T0 : 0x10b2a    : c_ld a4, 16(a4)            : MemRead :  D=0x0000000000000000 A=0x7a9c0
5917500: system.cpu: T0 : 0x10b2c    : sd a4, 1192(a5)            : MemWrite :  D=0x0000000000000000 A=0x7ffffffffffff288
5918000: system.cpu: T0 : 0x10b30    : c_lui a5, 1048575          : IntAlu :  D=0xfffffffffffff000
5919000: system.cpu: T0 : 0x10b32    : addi a4, s0, -16           : IntAlu :  D=0x7ffffffffffffde0
5919500: system.cpu: T0 : 0x10b36    : c_add a5, a4               : IntAlu :  D=0x7fffffffffffede0
5920000: system.cpu: T0 : 0x10b38    : auipc a4, 105              : IntAlu :  D=0x0000000000079b38
5920500: system.cpu: T0 : 0x10b3c    : ld a4, -792(a4)            : MemRead :  D=0x000000000007a9b0 A=0x79820
5921000: system.cpu: T0 : 0x10b40    : c_ld a4, 8(a4)             : MemRead :  D=0x0000000000000000 A=0x7a9b8
5922000: system.cpu: T0 : 0x10b42    : sd a4, 1200(a5)            : MemWrite :  D=0x0000000000000000 A=0x7ffffffffffff290
5922500: system.cpu: T0 : 0x10b46    : c_lui a5, 1048575          : IntAlu :  D=0xfffffffffffff000
5923000: system.cpu: T0 : 0x10b48    : addi a4, s0, -16           : IntAlu :  D=0x7ffffffffffffde0
5923500: system.cpu: T0 : 0x10b4c    : c_add a4, a5               : IntAlu :  D=0x7fffffffffffede0
5924000: system.cpu: T0 : 0x10b4e    : c_lui a5, 1048575          : IntAlu :  D=0xfffffffffffff000
5924500: system.cpu: T0 : 0x10b50    : addi a3, s0, -16           : IntAlu :  D=0x7ffffffffffffde0
5925000: system.cpu: T0 : 0x10b54    : c_add a5, a3               : IntAlu :  D=0x7fffffffffffede0
5926000: system.cpu: T0 : 0x10b56    : ld a4, 1192(a4)            : MemRead :  D=0x0000000000000000 A=0x7ffffffffffff288
5927000: system.cpu: T0 : 0x10b5a    : ld a5, 1200(a5)            : MemRead :  D=0x0000000000000000 A=0x7ffffffffffff290
5928000: system.cpu: T0 : 0x10b5e    : bge a4, a5, 202            : IntAlu : 
5928500: system.cpu: T0 : 0x10c28    : auipc a5, 103              : IntAlu :  D=0x0000000000077c28
5929000: system.cpu: T0 : 0x10c2c    : addi a5, a5, 988           : IntAlu :  D=0x0000000000078004
5929500: system.cpu: T0 : 0x10c30    : c_lw a5, 0(a5)             : MemRead :  D=0x0000000000000005 A=0x78004
5930000: system.cpu: T0 : 0x10c32    : c_addiw a5, 0              : IntAlu :  D=0x0000000000000005
5930500: system.cpu: T0 : 0x10c34    : c_mv a4, a5                : IntAlu :  D=0x0000000000000005
5931000: system.cpu: T0 : 0x10c36    : c_li a5, 3                 : IntAlu :  D=0x0000000000000003
5931500: system.cpu: T0 : 0x10c38    : bge a5, a4, 336            : IntAlu : 
5932000: system.cpu: T0 : 0x10c3c    : addi a5, gp, -960          : IntAlu :  D=0x0000000000079c88
5932500: system.cpu: T0 : 0x10c40    : c_lw a5, 0(a5)             : MemRead :  D=0x0000000000000000 A=0x79c88
5933000: system.cpu: T0 : 0x10c42    : c_addiw a5, 0              : IntAlu :  D=0x0000000000000000
5933500: system.cpu: T0 : 0x10c44    : c_mv a4, a5                : IntAlu :  D=0x0000000000000000
5934000: system.cpu: T0 : 0x10c46    : c_li a5, 3                 : IntAlu :  D=0x0000000000000003
5934500: system.cpu: T0 : 0x10c48    : blt a5, a4, 320            : IntAlu : 
5935000: system.cpu: T0 : 0x10c4c    : auipc a5, 105              : IntAlu :  D=0x0000000000079c4c
5935500: system.cpu: T0 : 0x10c50    : ld a5, -1044(a5)           : MemRead :  D=0x000000000007a9c8 A=0x79838
5936000: system.cpu: T0 : 0x10c54    : c_ld a4, 8(a5)             : MemRead :  D=0x0000000000000000 A=0x7a9d0
5937000: system.cpu: T0 : 0x10c56    : auipc a5, 105              : IntAlu :  D=0x0000000000079c56
5938000: system.cpu: T0 : 0x10c5a    : ld a5, -1054(a5)           : MemRead :  D=0x000000000007a9c8 A=0x79838
5938500: system.cpu: T0 : 0x10c5e    : c_ld a5, 16(a5)            : MemRead :  D=0x0000000000000000 A=0x7a9d8
5939000: system.cpu: T0 : 0x10c60    : bne a4, a5, 296            : IntAlu : 
5939500: system.cpu: T0 : 0x10c64    : auipc a5, 105              : IntAlu :  D=0x0000000000079c64
5940000: system.cpu: T0 : 0x10c68    : ld a5, -1068(a5)           : MemRead :  D=0x000000000007a9c8 A=0x79838
5940500: system.cpu: T0 : 0x10c6c    : c_ld a4, 8(a5)             : MemRead :  D=0x0000000000000000 A=0x7a9d0
5941500: system.cpu: T0 : 0x10c6e    : auipc a5, 105              : IntAlu :  D=0x0000000000079c6e
5942500: system.cpu: T0 : 0x10c72    : ld a5, -1078(a5)           : MemRead :  D=0x000000000007a9c8 A=0x79838
5943000: system.cpu: T0 : 0x10c76    : c_ld a5, 24(a5)            : MemRead :  D=0x0000000000000000 A=0x7a9e0
5943500: system.cpu: T0 : 0x10c78    : bne a4, a5, 272            : IntAlu : 
5944000: system.cpu: T0 : 0x10c7c    : c_lui a5, 1048575          : IntAlu :  D=0xfffffffffffff000
5945000: system.cpu: T0 : 0x10c7e    : addi a4, s0, -16           : IntAlu :  D=0x7ffffffffffffde0
5945500: system.cpu: T0 : 0x10c82    : c_add a5, a4               : IntAlu :  D=0x7fffffffffffede0
5946000: system.cpu: T0 : 0x10c84    : auipc a4, 105              : IntAlu :  D=0x0000000000079c84
5946500: system.cpu: T0 : 0x10c88    : ld a4, -1100(a4)           : MemRead :  D=0x000000000007a9c8 A=0x79838
5947000: system.cpu: T0 : 0x10c8c    : c_ld a4, 0(a4)             : MemRead :  D=0x0000000000000000 A=0x7a9c8
5948000: system.cpu: T0 : 0x10c8e    : sd a4, 1216(a5)            : MemWrite :  D=0x0000000000000000 A=0x7ffffffffffff2a0
5948500: system.cpu: T0 : 0x10c92    : c_lui a5, 1048575          : IntAlu :  D=0xfffffffffffff000
5949000: system.cpu: T0 : 0x10c94    : addi a4, s0, -16           : IntAlu :  D=0x7ffffffffffffde0
5949500: system.cpu: T0 : 0x10c98    : c_add a5, a4               : IntAlu :  D=0x7fffffffffffede0
5950500: system.cpu: T0 : 0x10c9a    : auipc a4, 105              : IntAlu :  D=0x0000000000079c9a
5951500: system.cpu: T0 : 0x10c9e    : ld a4, -1122(a4)           : MemRead :  D=0x000000000007a9c8 A=0x79838
5952000: system.cpu: T0 : 0x10ca2    : c_ld a4, 8(a4)             : MemRead :  D=0x0000000000000000 A=0x7a9d0
5952500: system.cpu: T0 : 0x10ca4    : sd a4, 1224(a5)            : MemWrite :  D=0x0000000000000000 A=0x7ffffffffffff2a8
5953000: system.cpu: T0 : 0x10ca8    : c_lui a5, 1048575          : IntAlu :  D=0xfffffffffffff000
5954000: system.cpu: T0 : 0x10caa    : addi a4, s0, -16           : IntAlu :  D=0x7ffffffffffffde0
5954500: system.cpu: T0 : 0x10cae    : c_add a4, a5               : IntAlu :  D=0x7fffffffffffede0
5955000: system.cpu: T0 : 0x10cb0    : c_lui a5, 1048575          : IntAlu :  D=0xfffffffffffff000
5956000: system.cpu: T0 : 0x10cb2    : addi a3, s0, -16           : IntAlu :  D=0x7ffffffffffffde0
5956500: system.cpu: T0 : 0x10cb6    : c_add a5, a3               : IntAlu :  D=0x7fffffffffffede0
5957000: system.cpu: T0 : 0x10cb8    : ld a4, 1224(a4)            : MemRead :  D=0x0000000000000000 A=0x7ffffffffffff2a8
5957500: system.cpu: T0 : 0x10cbc    : ld a5, 1216(a5)            : MemRead :  D=0x0000000000000000 A=0x7ffffffffffff2a0
5958000: system.cpu: T0 : 0x10cc0    : bge a5, a4, 200            : IntAlu : 
5958500: system.cpu: T0 : 0x10d88    : auipc a5, 103              : IntAlu :  D=0x0000000000077d88
5959000: system.cpu: T0 : 0x10d8c    : addi a5, a5, 636           : IntAlu :  D=0x0000000000078004
5959500: system.cpu: T0 : 0x10d90    : c_lw a5, 0(a5)             : MemRead :  D=0x0000000000000005 A=0x78004
5960000: system.cpu: T0 : 0x10d92    : c_addiw a5, 0              : IntAlu :  D=0x0000000000000005
5960500: system.cpu: T0 : 0x10d94    : c_mv a4, a5                : IntAlu :  D=0x0000000000000005
5961000: system.cpu: T0 : 0x10d96    : c_li a5, 3                 : IntAlu :  D=0x0000000000000003
5961500: system.cpu: T0 : 0x10d98    : bge a5, a4, 336            : IntAlu : 
5962000: system.cpu: T0 : 0x10d9c    : addi a5, gp, -960          : IntAlu :  D=0x0000000000079c88
5962500: system.cpu: T0 : 0x10da0    : c_lw a5, 0(a5)             : MemRead :  D=0x0000000000000000 A=0x79c88
5963000: system.cpu: T0 : 0x10da2    : c_addiw a5, 0              : IntAlu :  D=0x0000000000000000
5963500: system.cpu: T0 : 0x10da4    : c_mv a4, a5                : IntAlu :  D=0x0000000000000000
5964000: system.cpu: T0 : 0x10da6    : c_li a5, 3                 : IntAlu :  D=0x0000000000000003
5964500: system.cpu: T0 : 0x10da8    : blt a5, a4, 320            : IntAlu : 
5965000: system.cpu: T0 : 0x10dac    : auipc a5, 105              : IntAlu :  D=0x0000000000079dac
5965500: system.cpu: T0 : 0x10db0    : ld a5, -1396(a5)           : MemRead :  D=0x000000000007a9c8 A=0x79838
5966000: system.cpu: T0 : 0x10db4    : c_ld a4, 8(a5)             : MemRead :  D=0x0000000000000000 A=0x7a9d0
5967000: system.cpu: T0 : 0x10db6    : auipc a5, 105              : IntAlu :  D=0x0000000000079db6
5968000: system.cpu: T0 : 0x10dba    : ld a5, -1406(a5)           : MemRead :  D=0x000000000007a9c8 A=0x79838
5968500: system.cpu: T0 : 0x10dbe    : c_ld a5, 24(a5)            : MemRead :  D=0x0000000000000000 A=0x7a9e0
5969000: system.cpu: T0 : 0x10dc0    : bne a4, a5, 296            : IntAlu : 
5969500: system.cpu: T0 : 0x10dc4    : auipc a5, 105              : IntAlu :  D=0x0000000000079dc4
5970000: system.cpu: T0 : 0x10dc8    : ld a5, -1420(a5)           : MemRead :  D=0x000000000007a9c8 A=0x79838
5970500: system.cpu: T0 : 0x10dcc    : c_ld a4, 8(a5)             : MemRead :  D=0x0000000000000000 A=0x7a9d0
5971500: system.cpu: T0 : 0x10dce    : auipc a5, 105              : IntAlu :  D=0x0000000000079dce
5972500: system.cpu: T0 : 0x10dd2    : ld a5, -1430(a5)           : MemRead :  D=0x000000000007a9c8 A=0x79838
5973000: system.cpu: T0 : 0x10dd6    : c_ld a5, 16(a5)            : MemRead :  D=0x0000000000000000 A=0x7a9d8
5973500: system.cpu: T0 : 0x10dd8    : bne a4, a5, 272            : IntAlu : 
5974000: system.cpu: T0 : 0x10ddc    : c_lui a5, 1048575          : IntAlu :  D=0xfffffffffffff000
5975000: system.cpu: T0 : 0x10dde    : addi a4, s0, -16           : IntAlu :  D=0x7ffffffffffffde0
5975500: system.cpu: T0 : 0x10de2    : c_add a5, a4               : IntAlu :  D=0x7fffffffffffede0
5976000: system.cpu: T0 : 0x10de4    : auipc a4, 105              : IntAlu :  D=0x0000000000079de4
5976500: system.cpu: T0 : 0x10de8    : ld a4, -1452(a4)           : MemRead :  D=0x000000000007a9c8 A=0x79838
5977000: system.cpu: T0 : 0x10dec    : c_ld a4, 0(a4)             : MemRead :  D=0x0000000000000000 A=0x7a9c8
5978000: system.cpu: T0 : 0x10dee    : sd a4, 1240(a5)            : MemWrite :  D=0x0000000000000000 A=0x7ffffffffffff2b8
5978500: system.cpu: T0 : 0x10df2    : c_lui a5, 1048575          : IntAlu :  D=0xfffffffffffff000
5979000: system.cpu: T0 : 0x10df4    : addi a4, s0, -16           : IntAlu :  D=0x7ffffffffffffde0
5979500: system.cpu: T0 : 0x10df8    : c_add a5, a4               : IntAlu :  D=0x7fffffffffffede0
5980500: system.cpu: T0 : 0x10dfa    : auipc a4, 105              : IntAlu :  D=0x0000000000079dfa
5981500: system.cpu: T0 : 0x10dfe    : ld a4, -1474(a4)           : MemRead :  D=0x000000000007a9c8 A=0x79838
5982000: system.cpu: T0 : 0x10e02    : c_ld a4, 8(a4)             : MemRead :  D=0x0000000000000000 A=0x7a9d0
5982500: system.cpu: T0 : 0x10e04    : sd a4, 1248(a5)            : MemWrite :  D=0x0000000000000000 A=0x7ffffffffffff2c0
5983000: system.cpu: T0 : 0x10e08    : c_lui a5, 1048575          : IntAlu :  D=0xfffffffffffff000
5984000: system.cpu: T0 : 0x10e0a    : addi a4, s0, -16           : IntAlu :  D=0x7ffffffffffffde0
5984500: system.cpu: T0 : 0x10e0e    : c_add a4, a5               : IntAlu :  D=0x7fffffffffffede0
5985000: system.cpu: T0 : 0x10e10    : c_lui a5, 1048575          : IntAlu :  D=0xfffffffffffff000
5986000: system.cpu: T0 : 0x10e12    : addi a3, s0, -16           : IntAlu :  D=0x7ffffffffffffde0
5986500: system.cpu: T0 : 0x10e16    : c_add a5, a3               : IntAlu :  D=0x7fffffffffffede0
5987000: system.cpu: T0 : 0x10e18    : ld a4, 1248(a4)            : MemRead :  D=0x0000000000000000 A=0x7ffffffffffff2c0
5987500: system.cpu: T0 : 0x10e1c    : ld a5, 1240(a5)            : MemRead :  D=0x0000000000000000 A=0x7ffffffffffff2b8
5988000: system.cpu: T0 : 0x10e20    : bge a5, a4, 200            : IntAlu : 
5988500: system.cpu: T0 : 0x10ee8    : auipc a5, 103              : IntAlu :  D=0x0000000000077ee8
5989000: system.cpu: T0 : 0x10eec    : addi a5, a5, 284           : IntAlu :  D=0x0000000000078004
5989500: system.cpu: T0 : 0x10ef0    : c_lw a5, 0(a5)             : MemRead :  D=0x0000000000000005 A=0x78004
5990000: system.cpu: T0 : 0x10ef2    : c_addiw a5, 0              : IntAlu :  D=0x0000000000000005
5990500: system.cpu: T0 : 0x10ef4    : c_mv a4, a5                : IntAlu :  D=0x0000000000000005
5991000: system.cpu: T0 : 0x10ef6    : c_li a5, 3                 : IntAlu :  D=0x0000000000000003
5991500: system.cpu: T0 : 0x10ef8    : bge a5, a4, 336            : IntAlu : 
5992000: system.cpu: T0 : 0x10efc    : addi a5, gp, -960          : IntAlu :  D=0x0000000000079c88
5992500: system.cpu: T0 : 0x10f00    : c_lw a5, 0(a5)             : MemRead :  D=0x0000000000000000 A=0x79c88
5993000: system.cpu: T0 : 0x10f02    : c_addiw a5, 0              : IntAlu :  D=0x0000000000000000
5993500: system.cpu: T0 : 0x10f04    : c_mv a4, a5                : IntAlu :  D=0x0000000000000000
5994000: system.cpu: T0 : 0x10f06    : c_li a5, 3                 : IntAlu :  D=0x0000000000000003
5994500: system.cpu: T0 : 0x10f08    : blt a5, a4, 320            : IntAlu : 
5995000: system.cpu: T0 : 0x10f0c    : auipc a5, 105              : IntAlu :  D=0x0000000000079f0c
5995500: system.cpu: T0 : 0x10f10    : ld a5, -1748(a5)           : MemRead :  D=0x000000000007a9c8 A=0x79838
5996000: system.cpu: T0 : 0x10f14    : c_ld a4, 16(a5)            : MemRead :  D=0x0000000000000000 A=0x7a9d8
5997000: system.cpu: T0 : 0x10f16    : auipc a5, 105              : IntAlu :  D=0x0000000000079f16
5998000: system.cpu: T0 : 0x10f1a    : ld a5, -1758(a5)           : MemRead :  D=0x000000000007a9c8 A=0x79838
5998500: system.cpu: T0 : 0x10f1e    : c_ld a5, 8(a5)             : MemRead :  D=0x0000000000000000 A=0x7a9d0
5999000: system.cpu: T0 : 0x10f20    : bne a4, a5, 296            : IntAlu : 
5999500: system.cpu: T0 : 0x10f24    : auipc a5, 105              : IntAlu :  D=0x0000000000079f24
6000000: system.cpu: T0 : 0x10f28    : ld a5, -1772(a5)           : MemRead :  D=0x000000000007a9c8 A=0x79838
6000500: system.cpu: T0 : 0x10f2c    : c_ld a4, 16(a5)            : MemRead :  D=0x0000000000000000 A=0x7a9d8
6001500: system.cpu: T0 : 0x10f2e    : auipc a5, 105              : IntAlu :  D=0x0000000000079f2e
6002500: system.cpu: T0 : 0x10f32    : ld a5, -1782(a5)           : MemRead :  D=0x000000000007a9c8 A=0x79838
6003000: system.cpu: T0 : 0x10f36    : c_ld a5, 24(a5)            : MemRead :  D=0x0000000000000000 A=0x7a9e0
6003500: system.cpu: T0 : 0x10f38    : bne a4, a5, 272            : IntAlu : 
6004000: system.cpu: T0 : 0x10f3c    : c_lui a5, 1048575          : IntAlu :  D=0xfffffffffffff000
6005000: system.cpu: T0 : 0x10f3e    : addi a4, s0, -16           : IntAlu :  D=0x7ffffffffffffde0
6005500: system.cpu: T0 : 0x10f42    : c_add a5, a4               : IntAlu :  D=0x7fffffffffffede0
6006000: system.cpu: T0 : 0x10f44    : auipc a4, 105              : IntAlu :  D=0x0000000000079f44
6006500: system.cpu: T0 : 0x10f48    : ld a4, -1804(a4)           : MemRead :  D=0x000000000007a9c8 A=0x79838
6007000: system.cpu: T0 : 0x10f4c    : c_ld a4, 0(a4)             : MemRead :  D=0x0000000000000000 A=0x7a9c8
6008000: system.cpu: T0 : 0x10f4e    : sd a4, 1264(a5)            : MemWrite :  D=0x0000000000000000 A=0x7ffffffffffff2d0
6008500: system.cpu: T0 : 0x10f52    : c_lui a5, 1048575          : IntAlu :  D=0xfffffffffffff000
6009000: system.cpu: T0 : 0x10f54    : addi a4, s0, -16           : IntAlu :  D=0x7ffffffffffffde0
6009500: system.cpu: T0 : 0x10f58    : c_add a5, a4               : IntAlu :  D=0x7fffffffffffede0
6010500: system.cpu: T0 : 0x10f5a    : auipc a4, 105              : IntAlu :  D=0x0000000000079f5a
6011500: system.cpu: T0 : 0x10f5e    : ld a4, -1826(a4)           : MemRead :  D=0x000000000007a9c8 A=0x79838
6012000: system.cpu: T0 : 0x10f62    : c_ld a4, 16(a4)            : MemRead :  D=0x0000000000000000 A=0x7a9d8
6012500: system.cpu: T0 : 0x10f64    : sd a4, 1272(a5)            : MemWrite :  D=0x0000000000000000 A=0x7ffffffffffff2d8
6013000: system.cpu: T0 : 0x10f68    : c_lui a5, 1048575          : IntAlu :  D=0xfffffffffffff000
6014000: system.cpu: T0 : 0x10f6a    : addi a4, s0, -16           : IntAlu :  D=0x7ffffffffffffde0
6014500: system.cpu: T0 : 0x10f6e    : c_add a4, a5               : IntAlu :  D=0x7fffffffffffede0
6015000: system.cpu: T0 : 0x10f70    : c_lui a5, 1048575          : IntAlu :  D=0xfffffffffffff000
6016000: system.cpu: T0 : 0x10f72    : addi a3, s0, -16           : IntAlu :  D=0x7ffffffffffffde0
6016500: system.cpu: T0 : 0x10f76    : c_add a5, a3               : IntAlu :  D=0x7fffffffffffede0
6017000: system.cpu: T0 : 0x10f78    : ld a4, 1272(a4)            : MemRead :  D=0x0000000000000000 A=0x7ffffffffffff2d8
6017500: system.cpu: T0 : 0x10f7c    : ld a5, 1264(a5)            : MemRead :  D=0x0000000000000000 A=0x7ffffffffffff2d0
6018000: system.cpu: T0 : 0x10f80    : bge a5, a4, 200            : IntAlu : 
6018500: system.cpu: T0 : 0x11048    : auipc a5, 103              : IntAlu :  D=0x0000000000078048
6019000: system.cpu: T0 : 0x1104c    : addi a5, a5, -68           : IntAlu :  D=0x0000000000078004
6019500: system.cpu: T0 : 0x11050    : c_lw a5, 0(a5)             : MemRead :  D=0x0000000000000005 A=0x78004
6020000: system.cpu: T0 : 0x11052    : c_addiw a5, 0              : IntAlu :  D=0x0000000000000005
6020500: system.cpu: T0 : 0x11054    : c_mv a4, a5                : IntAlu :  D=0x0000000000000005
6021000: system.cpu: T0 : 0x11056    : c_li a5, 3                 : IntAlu :  D=0x0000000000000003
6021500: system.cpu: T0 : 0x11058    : bge a5, a4, 336            : IntAlu : 
6022000: system.cpu: T0 : 0x1105c    : addi a5, gp, -960          : IntAlu :  D=0x0000000000079c88
6022500: system.cpu: T0 : 0x11060    : c_lw a5, 0(a5)             : MemRead :  D=0x0000000000000000 A=0x79c88
6023000: system.cpu: T0 : 0x11062    : c_addiw a5, 0              : IntAlu :  D=0x0000000000000000
6023500: system.cpu: T0 : 0x11064    : c_mv a4, a5                : IntAlu :  D=0x0000000000000000
6024000: system.cpu: T0 : 0x11066    : c_li a5, 3                 : IntAlu :  D=0x0000000000000003
6024500: system.cpu: T0 : 0x11068    : blt a5, a4, 320            : IntAlu : 
6025000: system.cpu: T0 : 0x1106c    : auipc a5, 104              : IntAlu :  D=0x000000000007906c
6025500: system.cpu: T0 : 0x11070    : ld a5, 1996(a5)            : MemRead :  D=0x000000000007a9c8 A=0x79838
6026000: system.cpu: T0 : 0x11074    : c_ld a4, 16(a5)            : MemRead :  D=0x0000000000000000 A=0x7a9d8
6027000: system.cpu: T0 : 0x11076    : auipc a5, 104              : IntAlu :  D=0x0000000000079076
6028000: system.cpu: T0 : 0x1107a    : ld a5, 1986(a5)            : MemRead :  D=0x000000000007a9c8 A=0x79838
6028500: system.cpu: T0 : 0x1107e    : c_ld a5, 24(a5)            : MemRead :  D=0x0000000000000000 A=0x7a9e0
6029000: system.cpu: T0 : 0x11080    : bne a4, a5, 296            : IntAlu : 
6029500: system.cpu: T0 : 0x11084    : auipc a5, 104              : IntAlu :  D=0x0000000000079084
6030000: system.cpu: T0 : 0x11088    : ld a5, 1972(a5)            : MemRead :  D=0x000000000007a9c8 A=0x79838
6030500: system.cpu: T0 : 0x1108c    : c_ld a4, 16(a5)            : MemRead :  D=0x0000000000000000 A=0x7a9d8
6031500: system.cpu: T0 : 0x1108e    : auipc a5, 104              : IntAlu :  D=0x000000000007908e
6032500: system.cpu: T0 : 0x11092    : ld a5, 1962(a5)            : MemRead :  D=0x000000000007a9c8 A=0x79838
6033000: system.cpu: T0 : 0x11096    : c_ld a5, 8(a5)             : MemRead :  D=0x0000000000000000 A=0x7a9d0
6033500: system.cpu: T0 : 0x11098    : bne a4, a5, 272            : IntAlu : 
6034000: system.cpu: T0 : 0x1109c    : c_lui a5, 1048575          : IntAlu :  D=0xfffffffffffff000
6035000: system.cpu: T0 : 0x1109e    : addi a4, s0, -16           : IntAlu :  D=0x7ffffffffffffde0
6035500: system.cpu: T0 : 0x110a2    : c_add a5, a4               : IntAlu :  D=0x7fffffffffffede0
6036000: system.cpu: T0 : 0x110a4    : auipc a4, 104              : IntAlu :  D=0x00000000000790a4
6036500: system.cpu: T0 : 0x110a8    : ld a4, 1940(a4)            : MemRead :  D=0x000000000007a9c8 A=0x79838
6037000: system.cpu: T0 : 0x110ac    : c_ld a4, 0(a4)             : MemRead :  D=0x0000000000000000 A=0x7a9c8
6038000: system.cpu: T0 : 0x110ae    : sd a4, 1288(a5)            : MemWrite :  D=0x0000000000000000 A=0x7ffffffffffff2e8
6038500: system.cpu: T0 : 0x110b2    : c_lui a5, 1048575          : IntAlu :  D=0xfffffffffffff000
6039000: system.cpu: T0 : 0x110b4    : addi a4, s0, -16           : IntAlu :  D=0x7ffffffffffffde0
6039500: system.cpu: T0 : 0x110b8    : c_add a5, a4               : IntAlu :  D=0x7fffffffffffede0
6040500: system.cpu: T0 : 0x110ba    : auipc a4, 104              : IntAlu :  D=0x00000000000790ba
6041500: system.cpu: T0 : 0x110be    : ld a4, 1918(a4)            : MemRead :  D=0x000000000007a9c8 A=0x79838
6042000: system.cpu: T0 : 0x110c2    : c_ld a4, 16(a4)            : MemRead :  D=0x0000000000000000 A=0x7a9d8
6042500: system.cpu: T0 : 0x110c4    : sd a4, 1296(a5)            : MemWrite :  D=0x0000000000000000 A=0x7ffffffffffff2f0
6043000: system.cpu: T0 : 0x110c8    : c_lui a5, 1048575          : IntAlu :  D=0xfffffffffffff000
6044000: system.cpu: T0 : 0x110ca    : addi a4, s0, -16           : IntAlu :  D=0x7ffffffffffffde0
6044500: system.cpu: T0 : 0x110ce    : c_add a4, a5               : IntAlu :  D=0x7fffffffffffede0
6045000: system.cpu: T0 : 0x110d0    : c_lui a5, 1048575          : IntAlu :  D=0xfffffffffffff000
6046000: system.cpu: T0 : 0x110d2    : addi a3, s0, -16           : IntAlu :  D=0x7ffffffffffffde0
6046500: system.cpu: T0 : 0x110d6    : c_add a5, a3               : IntAlu :  D=0x7fffffffffffede0
6047000: system.cpu: T0 : 0x110d8    : ld a4, 1296(a4)            : MemRead :  D=0x0000000000000000 A=0x7ffffffffffff2f0
6047500: system.cpu: T0 : 0x110dc    : ld a5, 1288(a5)            : MemRead :  D=0x0000000000000000 A=0x7ffffffffffff2e8
6048000: system.cpu: T0 : 0x110e0    : bge a5, a4, 200            : IntAlu : 
6048500: system.cpu: T0 : 0x111a8    : auipc a5, 103              : IntAlu :  D=0x00000000000781a8
6049000: system.cpu: T0 : 0x111ac    : addi a5, a5, -420          : IntAlu :  D=0x0000000000078004
6049500: system.cpu: T0 : 0x111b0    : c_lw a5, 0(a5)             : MemRead :  D=0x0000000000000005 A=0x78004
6050000: system.cpu: T0 : 0x111b2    : c_addiw a5, 0              : IntAlu :  D=0x0000000000000005
6050500: system.cpu: T0 : 0x111b4    : c_mv a4, a5                : IntAlu :  D=0x0000000000000005
6051000: system.cpu: T0 : 0x111b6    : c_li a5, 3                 : IntAlu :  D=0x0000000000000003
6051500: system.cpu: T0 : 0x111b8    : bge a5, a4, 336            : IntAlu : 
6052000: system.cpu: T0 : 0x111bc    : addi a5, gp, -960          : IntAlu :  D=0x0000000000079c88
6052500: system.cpu: T0 : 0x111c0    : c_lw a5, 0(a5)             : MemRead :  D=0x0000000000000000 A=0x79c88
6053000: system.cpu: T0 : 0x111c2    : c_addiw a5, 0              : IntAlu :  D=0x0000000000000000
6053500: system.cpu: T0 : 0x111c4    : c_mv a4, a5                : IntAlu :  D=0x0000000000000000
6054000: system.cpu: T0 : 0x111c6    : c_li a5, 3                 : IntAlu :  D=0x0000000000000003
6054500: system.cpu: T0 : 0x111c8    : blt a5, a4, 320            : IntAlu : 
6055000: system.cpu: T0 : 0x111cc    : auipc a5, 104              : IntAlu :  D=0x00000000000791cc
6055500: system.cpu: T0 : 0x111d0    : ld a5, 1644(a5)            : MemRead :  D=0x000000000007a9c8 A=0x79838
6056000: system.cpu: T0 : 0x111d4    : c_ld a4, 24(a5)            : MemRead :  D=0x0000000000000000 A=0x7a9e0
6057000: system.cpu: T0 : 0x111d6    : auipc a5, 104              : IntAlu :  D=0x00000000000791d6
6058000: system.cpu: T0 : 0x111da    : ld a5, 1634(a5)            : MemRead :  D=0x000000000007a9c8 A=0x79838
6058500: system.cpu: T0 : 0x111de    : c_ld a5, 8(a5)             : MemRead :  D=0x0000000000000000 A=0x7a9d0
6059000: system.cpu: T0 : 0x111e0    : bne a4, a5, 296            : IntAlu : 
6059500: system.cpu: T0 : 0x111e4    : auipc a5, 104              : IntAlu :  D=0x00000000000791e4
6060000: system.cpu: T0 : 0x111e8    : ld a5, 1620(a5)            : MemRead :  D=0x000000000007a9c8 A=0x79838
6060500: system.cpu: T0 : 0x111ec    : c_ld a4, 24(a5)            : MemRead :  D=0x0000000000000000 A=0x7a9e0
6061500: system.cpu: T0 : 0x111ee    : auipc a5, 104              : IntAlu :  D=0x00000000000791ee
6062500: system.cpu: T0 : 0x111f2    : ld a5, 1610(a5)            : MemRead :  D=0x000000000007a9c8 A=0x79838
6063000: system.cpu: T0 : 0x111f6    : c_ld a5, 16(a5)            : MemRead :  D=0x0000000000000000 A=0x7a9d8
6063500: system.cpu: T0 : 0x111f8    : bne a4, a5, 272            : IntAlu : 
6064000: system.cpu: T0 : 0x111fc    : c_lui a5, 1048575          : IntAlu :  D=0xfffffffffffff000
6065000: system.cpu: T0 : 0x111fe    : addi a4, s0, -16           : IntAlu :  D=0x7ffffffffffffde0
6065500: system.cpu: T0 : 0x11202    : c_add a5, a4               : IntAlu :  D=0x7fffffffffffede0
6066000: system.cpu: T0 : 0x11204    : auipc a4, 104              : IntAlu :  D=0x0000000000079204
6066500: system.cpu: T0 : 0x11208    : ld a4, 1588(a4)            : MemRead :  D=0x000000000007a9c8 A=0x79838
6067000: system.cpu: T0 : 0x1120c    : c_ld a4, 0(a4)             : MemRead :  D=0x0000000000000000 A=0x7a9c8
6068000: system.cpu: T0 : 0x1120e    : sd a4, 1312(a5)            : MemWrite :  D=0x0000000000000000 A=0x7ffffffffffff300
6068500: system.cpu: T0 : 0x11212    : c_lui a5, 1048575          : IntAlu :  D=0xfffffffffffff000
6069000: system.cpu: T0 : 0x11214    : addi a4, s0, -16           : IntAlu :  D=0x7ffffffffffffde0
6069500: system.cpu: T0 : 0x11218    : c_add a5, a4               : IntAlu :  D=0x7fffffffffffede0
6070500: system.cpu: T0 : 0x1121a    : auipc a4, 104              : IntAlu :  D=0x000000000007921a
6071500: system.cpu: T0 : 0x1121e    : ld a4, 1566(a4)            : MemRead :  D=0x000000000007a9c8 A=0x79838
6072000: system.cpu: T0 : 0x11222    : c_ld a4, 24(a4)            : MemRead :  D=0x0000000000000000 A=0x7a9e0
6072500: system.cpu: T0 : 0x11224    : sd a4, 1320(a5)            : MemWrite :  D=0x0000000000000000 A=0x7ffffffffffff308
6073000: system.cpu: T0 : 0x11228    : c_lui a5, 1048575          : IntAlu :  D=0xfffffffffffff000
6074000: system.cpu: T0 : 0x1122a    : addi a4, s0, -16           : IntAlu :  D=0x7ffffffffffffde0
6074500: system.cpu: T0 : 0x1122e    : c_add a4, a5               : IntAlu :  D=0x7fffffffffffede0
6075000: system.cpu: T0 : 0x11230    : c_lui a5, 1048575          : IntAlu :  D=0xfffffffffffff000
6076000: system.cpu: T0 : 0x11232    : addi a3, s0, -16           : IntAlu :  D=0x7ffffffffffffde0
6076500: system.cpu: T0 : 0x11236    : c_add a5, a3               : IntAlu :  D=0x7fffffffffffede0
6077000: system.cpu: T0 : 0x11238    : ld a4, 1320(a4)            : MemRead :  D=0x0000000000000000 A=0x7ffffffffffff308
6077500: system.cpu: T0 : 0x1123c    : ld a5, 1312(a5)            : MemRead :  D=0x0000000000000000 A=0x7ffffffffffff300
6078000: system.cpu: T0 : 0x11240    : bge a5, a4, 200            : IntAlu : 
6078500: system.cpu: T0 : 0x11308    : auipc a5, 103              : IntAlu :  D=0x0000000000078308
6079000: system.cpu: T0 : 0x1130c    : addi a5, a5, -772          : IntAlu :  D=0x0000000000078004
6079500: system.cpu: T0 : 0x11310    : c_lw a5, 0(a5)             : MemRead :  D=0x0000000000000005 A=0x78004
6080000: system.cpu: T0 : 0x11312    : c_addiw a5, 0              : IntAlu :  D=0x0000000000000005
6080500: system.cpu: T0 : 0x11314    : c_mv a4, a5                : IntAlu :  D=0x0000000000000005
6081000: system.cpu: T0 : 0x11316    : c_li a5, 3                 : IntAlu :  D=0x0000000000000003
6081500: system.cpu: T0 : 0x11318    : bge a5, a4, 336            : IntAlu : 
6082000: system.cpu: T0 : 0x1131c    : addi a5, gp, -960          : IntAlu :  D=0x0000000000079c88
6082500: system.cpu: T0 : 0x11320    : c_lw a5, 0(a5)             : MemRead :  D=0x0000000000000000 A=0x79c88
6083000: system.cpu: T0 : 0x11322    : c_addiw a5, 0              : IntAlu :  D=0x0000000000000000
6083500: system.cpu: T0 : 0x11324    : c_mv a4, a5                : IntAlu :  D=0x0000000000000000
6084000: system.cpu: T0 : 0x11326    : c_li a5, 3                 : IntAlu :  D=0x0000000000000003
6084500: system.cpu: T0 : 0x11328    : blt a5, a4, 320            : IntAlu : 
6085000: system.cpu: T0 : 0x1132c    : auipc a5, 104              : IntAlu :  D=0x000000000007932c
6085500: system.cpu: T0 : 0x11330    : ld a5, 1292(a5)            : MemRead :  D=0x000000000007a9c8 A=0x79838
6086000: system.cpu: T0 : 0x11334    : c_ld a4, 24(a5)            : MemRead :  D=0x0000000000000000 A=0x7a9e0
6087000: system.cpu: T0 : 0x11336    : auipc a5, 104              : IntAlu :  D=0x0000000000079336
6088000: system.cpu: T0 : 0x1133a    : ld a5, 1282(a5)            : MemRead :  D=0x000000000007a9c8 A=0x79838
6088500: system.cpu: T0 : 0x1133e    : c_ld a5, 16(a5)            : MemRead :  D=0x0000000000000000 A=0x7a9d8
6089000: system.cpu: T0 : 0x11340    : bne a4, a5, 296            : IntAlu : 
6089500: system.cpu: T0 : 0x11344    : auipc a5, 104              : IntAlu :  D=0x0000000000079344
6090000: system.cpu: T0 : 0x11348    : ld a5, 1268(a5)            : MemRead :  D=0x000000000007a9c8 A=0x79838
6090500: system.cpu: T0 : 0x1134c    : c_ld a4, 24(a5)            : MemRead :  D=0x0000000000000000 A=0x7a9e0
6091500: system.cpu: T0 : 0x1134e    : auipc a5, 104              : IntAlu :  D=0x000000000007934e
6092500: system.cpu: T0 : 0x11352    : ld a5, 1258(a5)            : MemRead :  D=0x000000000007a9c8 A=0x79838
6093000: system.cpu: T0 : 0x11356    : c_ld a5, 8(a5)             : MemRead :  D=0x0000000000000000 A=0x7a9d0
6093500: system.cpu: T0 : 0x11358    : bne a4, a5, 272            : IntAlu : 
6094000: system.cpu: T0 : 0x1135c    : c_lui a5, 1048575          : IntAlu :  D=0xfffffffffffff000
6095000: system.cpu: T0 : 0x1135e    : addi a4, s0, -16           : IntAlu :  D=0x7ffffffffffffde0
6095500: system.cpu: T0 : 0x11362    : c_add a5, a4               : IntAlu :  D=0x7fffffffffffede0
6096000: system.cpu: T0 : 0x11364    : auipc a4, 104              : IntAlu :  D=0x0000000000079364
6096500: system.cpu: T0 : 0x11368    : ld a4, 1236(a4)            : MemRead :  D=0x000000000007a9c8 A=0x79838
6097000: system.cpu: T0 : 0x1136c    : c_ld a4, 0(a4)             : MemRead :  D=0x0000000000000000 A=0x7a9c8
6098000: system.cpu: T0 : 0x1136e    : sd a4, 1336(a5)            : MemWrite :  D=0x0000000000000000 A=0x7ffffffffffff318
6098500: system.cpu: T0 : 0x11372    : c_lui a5, 1048575          : IntAlu :  D=0xfffffffffffff000
6099000: system.cpu: T0 : 0x11374    : addi a4, s0, -16           : IntAlu :  D=0x7ffffffffffffde0
6099500: system.cpu: T0 : 0x11378    : c_add a5, a4               : IntAlu :  D=0x7fffffffffffede0
6100500: system.cpu: T0 : 0x1137a    : auipc a4, 104              : IntAlu :  D=0x000000000007937a
6101500: system.cpu: T0 : 0x1137e    : ld a4, 1214(a4)            : MemRead :  D=0x000000000007a9c8 A=0x79838
6102000: system.cpu: T0 : 0x11382    : c_ld a4, 24(a4)            : MemRead :  D=0x0000000000000000 A=0x7a9e0
6102500: system.cpu: T0 : 0x11384    : sd a4, 1344(a5)            : MemWrite :  D=0x0000000000000000 A=0x7ffffffffffff320
6103000: system.cpu: T0 : 0x11388    : c_lui a5, 1048575          : IntAlu :  D=0xfffffffffffff000
6104000: system.cpu: T0 : 0x1138a    : addi a4, s0, -16           : IntAlu :  D=0x7ffffffffffffde0
6104500: system.cpu: T0 : 0x1138e    : c_add a4, a5               : IntAlu :  D=0x7fffffffffffede0
6105000: system.cpu: T0 : 0x11390    : c_lui a5, 1048575          : IntAlu :  D=0xfffffffffffff000
6106000: system.cpu: T0 : 0x11392    : addi a3, s0, -16           : IntAlu :  D=0x7ffffffffffffde0
6106500: system.cpu: T0 : 0x11396    : c_add a5, a3               : IntAlu :  D=0x7fffffffffffede0
6107000: system.cpu: T0 : 0x11398    : ld a4, 1344(a4)            : MemRead :  D=0x0000000000000000 A=0x7ffffffffffff320
6107500: system.cpu: T0 : 0x1139c    : ld a5, 1336(a5)            : MemRead :  D=0x0000000000000000 A=0x7ffffffffffff318
6108000: system.cpu: T0 : 0x113a0    : bge a5, a4, 200            : IntAlu : 
6108500: system.cpu: T0 : 0x11468    : auipc a5, 103              : IntAlu :  D=0x0000000000078468
6109000: system.cpu: T0 : 0x1146c    : addi a5, a5, -1124         : IntAlu :  D=0x0000000000078004
6109500: system.cpu: T0 : 0x11470    : c_lw a5, 0(a5)             : MemRead :  D=0x0000000000000005 A=0x78004
6110000: system.cpu: T0 : 0x11472    : c_addiw a5, 0              : IntAlu :  D=0x0000000000000005
6110500: system.cpu: T0 : 0x11474    : c_mv a4, a5                : IntAlu :  D=0x0000000000000005
6111000: system.cpu: T0 : 0x11476    : c_li a5, 3                 : IntAlu :  D=0x0000000000000003
6111500: system.cpu: T0 : 0x11478    : bge a5, a4, 336            : IntAlu : 
6112000: system.cpu: T0 : 0x1147c    : addi a5, gp, -960          : IntAlu :  D=0x0000000000079c88
6112500: system.cpu: T0 : 0x11480    : c_lw a5, 0(a5)             : MemRead :  D=0x0000000000000000 A=0x79c88
6113000: system.cpu: T0 : 0x11482    : c_addiw a5, 0              : IntAlu :  D=0x0000000000000000
6113500: system.cpu: T0 : 0x11484    : c_mv a4, a5                : IntAlu :  D=0x0000000000000000
6114000: system.cpu: T0 : 0x11486    : c_li a5, 3                 : IntAlu :  D=0x0000000000000003
6114500: system.cpu: T0 : 0x11488    : blt a5, a4, 320            : IntAlu : 
6115000: system.cpu: T0 : 0x1148c    : auipc a5, 104              : IntAlu :  D=0x000000000007948c
6115500: system.cpu: T0 : 0x11490    : ld a5, 940(a5)             : MemRead :  D=0x000000000007a9c8 A=0x79838
6116000: system.cpu: T0 : 0x11494    : c_ld a4, 0(a5)             : MemRead :  D=0x0000000000000000 A=0x7a9c8
6117000: system.cpu: T0 : 0x11496    : auipc a5, 104              : IntAlu :  D=0x0000000000079496
6118000: system.cpu: T0 : 0x1149a    : ld a5, 930(a5)             : MemRead :  D=0x000000000007a9c8 A=0x79838
6118500: system.cpu: T0 : 0x1149e    : c_ld a5, 16(a5)            : MemRead :  D=0x0000000000000000 A=0x7a9d8
6119000: system.cpu: T0 : 0x114a0    : bne a4, a5, 296            : IntAlu : 
6119500: system.cpu: T0 : 0x114a4    : auipc a5, 104              : IntAlu :  D=0x00000000000794a4
6120000: system.cpu: T0 : 0x114a8    : ld a5, 916(a5)             : MemRead :  D=0x000000000007a9c8 A=0x79838
6120500: system.cpu: T0 : 0x114ac    : c_ld a4, 0(a5)             : MemRead :  D=0x0000000000000000 A=0x7a9c8
6121500: system.cpu: T0 : 0x114ae    : auipc a5, 104              : IntAlu :  D=0x00000000000794ae
6122500: system.cpu: T0 : 0x114b2    : ld a5, 906(a5)             : MemRead :  D=0x000000000007a9c8 A=0x79838
6123000: system.cpu: T0 : 0x114b6    : c_ld a5, 24(a5)            : MemRead :  D=0x0000000000000000 A=0x7a9e0
6123500: system.cpu: T0 : 0x114b8    : bne a4, a5, 272            : IntAlu : 
6124000: system.cpu: T0 : 0x114bc    : c_lui a5, 1048575          : IntAlu :  D=0xfffffffffffff000
6125000: system.cpu: T0 : 0x114be    : addi a4, s0, -16           : IntAlu :  D=0x7ffffffffffffde0
6125500: system.cpu: T0 : 0x114c2    : c_add a5, a4               : IntAlu :  D=0x7fffffffffffede0
6126000: system.cpu: T0 : 0x114c4    : auipc a4, 104              : IntAlu :  D=0x00000000000794c4
6126500: system.cpu: T0 : 0x114c8    : ld a4, 884(a4)             : MemRead :  D=0x000000000007a9c8 A=0x79838
6127000: system.cpu: T0 : 0x114cc    : c_ld a4, 8(a4)             : MemRead :  D=0x0000000000000000 A=0x7a9d0
6128000: system.cpu: T0 : 0x114ce    : sd a4, 1360(a5)            : MemWrite :  D=0x0000000000000000 A=0x7ffffffffffff330
6128500: system.cpu: T0 : 0x114d2    : c_lui a5, 1048575          : IntAlu :  D=0xfffffffffffff000
6129000: system.cpu: T0 : 0x114d4    : addi a4, s0, -16           : IntAlu :  D=0x7ffffffffffffde0
6129500: system.cpu: T0 : 0x114d8    : c_add a5, a4               : IntAlu :  D=0x7fffffffffffede0
6130500: system.cpu: T0 : 0x114da    : auipc a4, 104              : IntAlu :  D=0x00000000000794da
6131500: system.cpu: T0 : 0x114de    : ld a4, 862(a4)             : MemRead :  D=0x000000000007a9c8 A=0x79838
6132000: system.cpu: T0 : 0x114e2    : c_ld a4, 0(a4)             : MemRead :  D=0x0000000000000000 A=0x7a9c8
6132500: system.cpu: T0 : 0x114e4    : sd a4, 1368(a5)            : MemWrite :  D=0x0000000000000000 A=0x7ffffffffffff338
6133000: system.cpu: T0 : 0x114e8    : c_lui a5, 1048575          : IntAlu :  D=0xfffffffffffff000
6134000: system.cpu: T0 : 0x114ea    : addi a4, s0, -16           : IntAlu :  D=0x7ffffffffffffde0
6134500: system.cpu: T0 : 0x114ee    : c_add a4, a5               : IntAlu :  D=0x7fffffffffffede0
6135000: system.cpu: T0 : 0x114f0    : c_lui a5, 1048575          : IntAlu :  D=0xfffffffffffff000
6136000: system.cpu: T0 : 0x114f2    : addi a3, s0, -16           : IntAlu :  D=0x7ffffffffffffde0
6136500: system.cpu: T0 : 0x114f6    : c_add a5, a3               : IntAlu :  D=0x7fffffffffffede0
6137000: system.cpu: T0 : 0x114f8    : ld a4, 1368(a4)            : MemRead :  D=0x0000000000000000 A=0x7ffffffffffff338
6137500: system.cpu: T0 : 0x114fc    : ld a5, 1360(a5)            : MemRead :  D=0x0000000000000000 A=0x7ffffffffffff330
6138000: system.cpu: T0 : 0x11500    : bge a5, a4, 200            : IntAlu : 
6138500: system.cpu: T0 : 0x115c8    : auipc a5, 103              : IntAlu :  D=0x00000000000785c8
6139000: system.cpu: T0 : 0x115cc    : addi a5, a5, -1476         : IntAlu :  D=0x0000000000078004
6139500: system.cpu: T0 : 0x115d0    : c_lw a5, 0(a5)             : MemRead :  D=0x0000000000000005 A=0x78004
6140000: system.cpu: T0 : 0x115d2    : c_addiw a5, 0              : IntAlu :  D=0x0000000000000005
6140500: system.cpu: T0 : 0x115d4    : c_mv a4, a5                : IntAlu :  D=0x0000000000000005
6141000: system.cpu: T0 : 0x115d6    : c_li a5, 3                 : IntAlu :  D=0x0000000000000003
6141500: system.cpu: T0 : 0x115d8    : bge a5, a4, 336            : IntAlu : 
6142000: system.cpu: T0 : 0x115dc    : addi a5, gp, -960          : IntAlu :  D=0x0000000000079c88
6142500: system.cpu: T0 : 0x115e0    : c_lw a5, 0(a5)             : MemRead :  D=0x0000000000000000 A=0x79c88
6143000: system.cpu: T0 : 0x115e2    : c_addiw a5, 0              : IntAlu :  D=0x0000000000000000
6143500: system.cpu: T0 : 0x115e4    : c_mv a4, a5                : IntAlu :  D=0x0000000000000000
6144000: system.cpu: T0 : 0x115e6    : c_li a5, 3                 : IntAlu :  D=0x0000000000000003
6144500: system.cpu: T0 : 0x115e8    : blt a5, a4, 320            : IntAlu : 
6145000: system.cpu: T0 : 0x115ec    : auipc a5, 104              : IntAlu :  D=0x00000000000795ec
6145500: system.cpu: T0 : 0x115f0    : ld a5, 588(a5)             : MemRead :  D=0x000000000007a9c8 A=0x79838
6146000: system.cpu: T0 : 0x115f4    : c_ld a4, 0(a5)             : MemRead :  D=0x0000000000000000 A=0x7a9c8
6147000: system.cpu: T0 : 0x115f6    : auipc a5, 104              : IntAlu :  D=0x00000000000795f6
6148000: system.cpu: T0 : 0x115fa    : ld a5, 578(a5)             : MemRead :  D=0x000000000007a9c8 A=0x79838
6148500: system.cpu: T0 : 0x115fe    : c_ld a5, 24(a5)            : MemRead :  D=0x0000000000000000 A=0x7a9e0
6149000: system.cpu: T0 : 0x11600    : bne a4, a5, 296            : IntAlu : 
6149500: system.cpu: T0 : 0x11604    : auipc a5, 104              : IntAlu :  D=0x0000000000079604
6150000: system.cpu: T0 : 0x11608    : ld a5, 564(a5)             : MemRead :  D=0x000000000007a9c8 A=0x79838
6150500: system.cpu: T0 : 0x1160c    : c_ld a4, 0(a5)             : MemRead :  D=0x0000000000000000 A=0x7a9c8
6151500: system.cpu: T0 : 0x1160e    : auipc a5, 104              : IntAlu :  D=0x000000000007960e
6152500: system.cpu: T0 : 0x11612    : ld a5, 554(a5)             : MemRead :  D=0x000000000007a9c8 A=0x79838
6153000: system.cpu: T0 : 0x11616    : c_ld a5, 16(a5)            : MemRead :  D=0x0000000000000000 A=0x7a9d8
6153500: system.cpu: T0 : 0x11618    : bne a4, a5, 272            : IntAlu : 
6154000: system.cpu: T0 : 0x1161c    : c_lui a5, 1048575          : IntAlu :  D=0xfffffffffffff000
6155000: system.cpu: T0 : 0x1161e    : addi a4, s0, -16           : IntAlu :  D=0x7ffffffffffffde0
6155500: system.cpu: T0 : 0x11622    : c_add a5, a4               : IntAlu :  D=0x7fffffffffffede0
6156000: system.cpu: T0 : 0x11624    : auipc a4, 104              : IntAlu :  D=0x0000000000079624
6156500: system.cpu: T0 : 0x11628    : ld a4, 532(a4)             : MemRead :  D=0x000000000007a9c8 A=0x79838
6157000: system.cpu: T0 : 0x1162c    : c_ld a4, 8(a4)             : MemRead :  D=0x0000000000000000 A=0x7a9d0
6158000: system.cpu: T0 : 0x1162e    : sd a4, 1384(a5)            : MemWrite :  D=0x0000000000000000 A=0x7ffffffffffff348
6158500: system.cpu: T0 : 0x11632    : c_lui a5, 1048575          : IntAlu :  D=0xfffffffffffff000
6159000: system.cpu: T0 : 0x11634    : addi a4, s0, -16           : IntAlu :  D=0x7ffffffffffffde0
6159500: system.cpu: T0 : 0x11638    : c_add a5, a4               : IntAlu :  D=0x7fffffffffffede0
6160500: system.cpu: T0 : 0x1163a    : auipc a4, 104              : IntAlu :  D=0x000000000007963a
6161500: system.cpu: T0 : 0x1163e    : ld a4, 510(a4)             : MemRead :  D=0x000000000007a9c8 A=0x79838
6162000: system.cpu: T0 : 0x11642    : c_ld a4, 0(a4)             : MemRead :  D=0x0000000000000000 A=0x7a9c8
6162500: system.cpu: T0 : 0x11644    : sd a4, 1392(a5)            : MemWrite :  D=0x0000000000000000 A=0x7ffffffffffff350
6163000: system.cpu: T0 : 0x11648    : c_lui a5, 1048575          : IntAlu :  D=0xfffffffffffff000
6164000: system.cpu: T0 : 0x1164a    : addi a4, s0, -16           : IntAlu :  D=0x7ffffffffffffde0
6164500: system.cpu: T0 : 0x1164e    : c_add a4, a5               : IntAlu :  D=0x7fffffffffffede0
6165000: system.cpu: T0 : 0x11650    : c_lui a5, 1048575          : IntAlu :  D=0xfffffffffffff000
6166000: system.cpu: T0 : 0x11652    : addi a3, s0, -16           : IntAlu :  D=0x7ffffffffffffde0
6166500: system.cpu: T0 : 0x11656    : c_add a5, a3               : IntAlu :  D=0x7fffffffffffede0
6167000: system.cpu: T0 : 0x11658    : ld a4, 1392(a4)            : MemRead :  D=0x0000000000000000 A=0x7ffffffffffff350
6167500: system.cpu: T0 : 0x1165c    : ld a5, 1384(a5)            : MemRead :  D=0x0000000000000000 A=0x7ffffffffffff348
6168000: system.cpu: T0 : 0x11660    : bge a5, a4, 200            : IntAlu : 
6168500: system.cpu: T0 : 0x11728    : auipc a5, 103              : IntAlu :  D=0x0000000000078728
6169000: system.cpu: T0 : 0x1172c    : addi a5, a5, -1828         : IntAlu :  D=0x0000000000078004
6169500: system.cpu: T0 : 0x11730    : c_lw a5, 0(a5)             : MemRead :  D=0x0000000000000005 A=0x78004
6170000: system.cpu: T0 : 0x11732    : c_addiw a5, 0              : IntAlu :  D=0x0000000000000005
6170500: system.cpu: T0 : 0x11734    : c_mv a4, a5                : IntAlu :  D=0x0000000000000005
6171000: system.cpu: T0 : 0x11736    : c_li a5, 3                 : IntAlu :  D=0x0000000000000003
6171500: system.cpu: T0 : 0x11738    : bge a5, a4, 336            : IntAlu : 
6172000: system.cpu: T0 : 0x1173c    : addi a5, gp, -960          : IntAlu :  D=0x0000000000079c88
6172500: system.cpu: T0 : 0x11740    : c_lw a5, 0(a5)             : MemRead :  D=0x0000000000000000 A=0x79c88
6173000: system.cpu: T0 : 0x11742    : c_addiw a5, 0              : IntAlu :  D=0x0000000000000000
6173500: system.cpu: T0 : 0x11744    : c_mv a4, a5                : IntAlu :  D=0x0000000000000000
6174000: system.cpu: T0 : 0x11746    : c_li a5, 3                 : IntAlu :  D=0x0000000000000003
6174500: system.cpu: T0 : 0x11748    : blt a5, a4, 320            : IntAlu : 
6175000: system.cpu: T0 : 0x1174c    : auipc a5, 104              : IntAlu :  D=0x000000000007974c
6175500: system.cpu: T0 : 0x11750    : ld a5, 236(a5)             : MemRead :  D=0x000000000007a9c8 A=0x79838
6176000: system.cpu: T0 : 0x11754    : c_ld a4, 16(a5)            : MemRead :  D=0x0000000000000000 A=0x7a9d8
6177000: system.cpu: T0 : 0x11756    : auipc a5, 104              : IntAlu :  D=0x0000000000079756
6178000: system.cpu: T0 : 0x1175a    : ld a5, 226(a5)             : MemRead :  D=0x000000000007a9c8 A=0x79838
6178500: system.cpu: T0 : 0x1175e    : c_ld a5, 0(a5)             : MemRead :  D=0x0000000000000000 A=0x7a9c8
6179000: system.cpu: T0 : 0x11760    : bne a4, a5, 296            : IntAlu : 
6179500: system.cpu: T0 : 0x11764    : auipc a5, 104              : IntAlu :  D=0x0000000000079764
6180000: system.cpu: T0 : 0x11768    : ld a5, 212(a5)             : MemRead :  D=0x000000000007a9c8 A=0x79838
6180500: system.cpu: T0 : 0x1176c    : c_ld a4, 16(a5)            : MemRead :  D=0x0000000000000000 A=0x7a9d8
6181500: system.cpu: T0 : 0x1176e    : auipc a5, 104              : IntAlu :  D=0x000000000007976e
6182500: system.cpu: T0 : 0x11772    : ld a5, 202(a5)             : MemRead :  D=0x000000000007a9c8 A=0x79838
6183000: system.cpu: T0 : 0x11776    : c_ld a5, 24(a5)            : MemRead :  D=0x0000000000000000 A=0x7a9e0
6183500: system.cpu: T0 : 0x11778    : bne a4, a5, 272            : IntAlu : 
6184000: system.cpu: T0 : 0x1177c    : c_lui a5, 1048575          : IntAlu :  D=0xfffffffffffff000
6185000: system.cpu: T0 : 0x1177e    : addi a4, s0, -16           : IntAlu :  D=0x7ffffffffffffde0
6185500: system.cpu: T0 : 0x11782    : c_add a5, a4               : IntAlu :  D=0x7fffffffffffede0
6186000: system.cpu: T0 : 0x11784    : auipc a4, 104              : IntAlu :  D=0x0000000000079784
6186500: system.cpu: T0 : 0x11788    : ld a4, 180(a4)             : MemRead :  D=0x000000000007a9c8 A=0x79838
6187000: system.cpu: T0 : 0x1178c    : c_ld a4, 8(a4)             : MemRead :  D=0x0000000000000000 A=0x7a9d0
6188000: system.cpu: T0 : 0x1178e    : sd a4, 1408(a5)            : MemWrite :  D=0x0000000000000000 A=0x7ffffffffffff360
6188500: system.cpu: T0 : 0x11792    : c_lui a5, 1048575          : IntAlu :  D=0xfffffffffffff000
6189000: system.cpu: T0 : 0x11794    : addi a4, s0, -16           : IntAlu :  D=0x7ffffffffffffde0
6189500: system.cpu: T0 : 0x11798    : c_add a5, a4               : IntAlu :  D=0x7fffffffffffede0
6190500: system.cpu: T0 : 0x1179a    : auipc a4, 104              : IntAlu :  D=0x000000000007979a
6191500: system.cpu: T0 : 0x1179e    : ld a4, 158(a4)             : MemRead :  D=0x000000000007a9c8 A=0x79838
6192000: system.cpu: T0 : 0x117a2    : c_ld a4, 16(a4)            : MemRead :  D=0x0000000000000000 A=0x7a9d8
6192500: system.cpu: T0 : 0x117a4    : sd a4, 1416(a5)            : MemWrite :  D=0x0000000000000000 A=0x7ffffffffffff368
6193000: system.cpu: T0 : 0x117a8    : c_lui a5, 1048575          : IntAlu :  D=0xfffffffffffff000
6194000: system.cpu: T0 : 0x117aa    : addi a4, s0, -16           : IntAlu :  D=0x7ffffffffffffde0
6194500: system.cpu: T0 : 0x117ae    : c_add a4, a5               : IntAlu :  D=0x7fffffffffffede0
6195000: system.cpu: T0 : 0x117b0    : c_lui a5, 1048575          : IntAlu :  D=0xfffffffffffff000
6196000: system.cpu: T0 : 0x117b2    : addi a3, s0, -16           : IntAlu :  D=0x7ffffffffffffde0
6196500: system.cpu: T0 : 0x117b6    : c_add a5, a3               : IntAlu :  D=0x7fffffffffffede0
6197000: system.cpu: T0 : 0x117b8    : ld a4, 1416(a4)            : MemRead :  D=0x0000000000000000 A=0x7ffffffffffff368
6197500: system.cpu: T0 : 0x117bc    : ld a5, 1408(a5)            : MemRead :  D=0x0000000000000000 A=0x7ffffffffffff360
6198000: system.cpu: T0 : 0x117c0    : bge a5, a4, 200            : IntAlu : 
6198500: system.cpu: T0 : 0x11888    : auipc a5, 102              : IntAlu :  D=0x0000000000077888
6199000: system.cpu: T0 : 0x1188c    : addi a5, a5, 1916          : IntAlu :  D=0x0000000000078004
6199500: system.cpu: T0 : 0x11890    : c_lw a5, 0(a5)             : MemRead :  D=0x0000000000000005 A=0x78004
6200000: system.cpu: T0 : 0x11892    : c_addiw a5, 0              : IntAlu :  D=0x0000000000000005
6200500: system.cpu: T0 : 0x11894    : c_mv a4, a5                : IntAlu :  D=0x0000000000000005
6201000: system.cpu: T0 : 0x11896    : c_li a5, 3                 : IntAlu :  D=0x0000000000000003
6201500: system.cpu: T0 : 0x11898    : bge a5, a4, 336            : IntAlu : 
6202000: system.cpu: T0 : 0x1189c    : addi a5, gp, -960          : IntAlu :  D=0x0000000000079c88
6202500: system.cpu: T0 : 0x118a0    : c_lw a5, 0(a5)             : MemRead :  D=0x0000000000000000 A=0x79c88
6203000: system.cpu: T0 : 0x118a2    : c_addiw a5, 0              : IntAlu :  D=0x0000000000000000
6203500: system.cpu: T0 : 0x118a4    : c_mv a4, a5                : IntAlu :  D=0x0000000000000000
6204000: system.cpu: T0 : 0x118a6    : c_li a5, 3                 : IntAlu :  D=0x0000000000000003
6204500: system.cpu: T0 : 0x118a8    : blt a5, a4, 320            : IntAlu : 
6205000: system.cpu: T0 : 0x118ac    : auipc a5, 104              : IntAlu :  D=0x00000000000798ac
6205500: system.cpu: T0 : 0x118b0    : ld a5, -116(a5)            : MemRead :  D=0x000000000007a9c8 A=0x79838
6206000: system.cpu: T0 : 0x118b4    : c_ld a4, 16(a5)            : MemRead :  D=0x0000000000000000 A=0x7a9d8
6207000: system.cpu: T0 : 0x118b6    : auipc a5, 104              : IntAlu :  D=0x00000000000798b6
6208000: system.cpu: T0 : 0x118ba    : ld a5, -126(a5)            : MemRead :  D=0x000000000007a9c8 A=0x79838
6208500: system.cpu: T0 : 0x118be    : c_ld a5, 24(a5)            : MemRead :  D=0x0000000000000000 A=0x7a9e0
6209000: system.cpu: T0 : 0x118c0    : bne a4, a5, 296            : IntAlu : 
6209500: system.cpu: T0 : 0x118c4    : auipc a5, 104              : IntAlu :  D=0x00000000000798c4
6210000: system.cpu: T0 : 0x118c8    : ld a5, -140(a5)            : MemRead :  D=0x000000000007a9c8 A=0x79838
6210500: system.cpu: T0 : 0x118cc    : c_ld a4, 16(a5)            : MemRead :  D=0x0000000000000000 A=0x7a9d8
6211500: system.cpu: T0 : 0x118ce    : auipc a5, 104              : IntAlu :  D=0x00000000000798ce
6212500: system.cpu: T0 : 0x118d2    : ld a5, -150(a5)            : MemRead :  D=0x000000000007a9c8 A=0x79838
6213000: system.cpu: T0 : 0x118d6    : c_ld a5, 0(a5)             : MemRead :  D=0x0000000000000000 A=0x7a9c8
6213500: system.cpu: T0 : 0x118d8    : bne a4, a5, 272            : IntAlu : 
6214000: system.cpu: T0 : 0x118dc    : c_lui a5, 1048575          : IntAlu :  D=0xfffffffffffff000
6215000: system.cpu: T0 : 0x118de    : addi a4, s0, -16           : IntAlu :  D=0x7ffffffffffffde0
6215500: system.cpu: T0 : 0x118e2    : c_add a5, a4               : IntAlu :  D=0x7fffffffffffede0
6216000: system.cpu: T0 : 0x118e4    : auipc a4, 104              : IntAlu :  D=0x00000000000798e4
6216500: system.cpu: T0 : 0x118e8    : ld a4, -172(a4)            : MemRead :  D=0x000000000007a9c8 A=0x79838
6217000: system.cpu: T0 : 0x118ec    : c_ld a4, 8(a4)             : MemRead :  D=0x0000000000000000 A=0x7a9d0
6218000: system.cpu: T0 : 0x118ee    : sd a4, 1432(a5)            : MemWrite :  D=0x0000000000000000 A=0x7ffffffffffff378
6218500: system.cpu: T0 : 0x118f2    : c_lui a5, 1048575          : IntAlu :  D=0xfffffffffffff000
6219000: system.cpu: T0 : 0x118f4    : addi a4, s0, -16           : IntAlu :  D=0x7ffffffffffffde0
6219500: system.cpu: T0 : 0x118f8    : c_add a5, a4               : IntAlu :  D=0x7fffffffffffede0
6220500: system.cpu: T0 : 0x118fa    : auipc a4, 104              : IntAlu :  D=0x00000000000798fa
6221500: system.cpu: T0 : 0x118fe    : ld a4, -194(a4)            : MemRead :  D=0x000000000007a9c8 A=0x79838
6222000: system.cpu: T0 : 0x11902    : c_ld a4, 16(a4)            : MemRead :  D=0x0000000000000000 A=0x7a9d8
6222500: system.cpu: T0 : 0x11904    : sd a4, 1440(a5)            : MemWrite :  D=0x0000000000000000 A=0x7ffffffffffff380
6223000: system.cpu: T0 : 0x11908    : c_lui a5, 1048575          : IntAlu :  D=0xfffffffffffff000
6224000: system.cpu: T0 : 0x1190a    : addi a4, s0, -16           : IntAlu :  D=0x7ffffffffffffde0
6224500: system.cpu: T0 : 0x1190e    : c_add a4, a5               : IntAlu :  D=0x7fffffffffffede0
6225000: system.cpu: T0 : 0x11910    : c_lui a5, 1048575          : IntAlu :  D=0xfffffffffffff000
6226000: system.cpu: T0 : 0x11912    : addi a3, s0, -16           : IntAlu :  D=0x7ffffffffffffde0
6226500: system.cpu: T0 : 0x11916    : c_add a5, a3               : IntAlu :  D=0x7fffffffffffede0
6227000: system.cpu: T0 : 0x11918    : ld a4, 1440(a4)            : MemRead :  D=0x0000000000000000 A=0x7ffffffffffff380
6227500: system.cpu: T0 : 0x1191c    : ld a5, 1432(a5)            : MemRead :  D=0x0000000000000000 A=0x7ffffffffffff378
6228000: system.cpu: T0 : 0x11920    : bge a5, a4, 200            : IntAlu : 
6228500: system.cpu: T0 : 0x119e8    : auipc a5, 102              : IntAlu :  D=0x00000000000779e8
6229000: system.cpu: T0 : 0x119ec    : addi a5, a5, 1564          : IntAlu :  D=0x0000000000078004
6229500: system.cpu: T0 : 0x119f0    : c_lw a5, 0(a5)             : MemRead :  D=0x0000000000000005 A=0x78004
6230000: system.cpu: T0 : 0x119f2    : c_addiw a5, 0              : IntAlu :  D=0x0000000000000005
6230500: system.cpu: T0 : 0x119f4    : c_mv a4, a5                : IntAlu :  D=0x0000000000000005
6231000: system.cpu: T0 : 0x119f6    : c_li a5, 3                 : IntAlu :  D=0x0000000000000003
6231500: system.cpu: T0 : 0x119f8    : bge a5, a4, 336            : IntAlu : 
6232000: system.cpu: T0 : 0x119fc    : addi a5, gp, -960          : IntAlu :  D=0x0000000000079c88
6232500: system.cpu: T0 : 0x11a00    : c_lw a5, 0(a5)             : MemRead :  D=0x0000000000000000 A=0x79c88
6233000: system.cpu: T0 : 0x11a02    : c_addiw a5, 0              : IntAlu :  D=0x0000000000000000
6233500: system.cpu: T0 : 0x11a04    : c_mv a4, a5                : IntAlu :  D=0x0000000000000000
6234000: system.cpu: T0 : 0x11a06    : c_li a5, 3                 : IntAlu :  D=0x0000000000000003
6234500: system.cpu: T0 : 0x11a08    : blt a5, a4, 320            : IntAlu : 
6235000: system.cpu: T0 : 0x11a0c    : auipc a5, 104              : IntAlu :  D=0x0000000000079a0c
6235500: system.cpu: T0 : 0x11a10    : ld a5, -468(a5)            : MemRead :  D=0x000000000007a9c8 A=0x79838
6236000: system.cpu: T0 : 0x11a14    : c_ld a4, 24(a5)            : MemRead :  D=0x0000000000000000 A=0x7a9e0
6237000: system.cpu: T0 : 0x11a16    : auipc a5, 104              : IntAlu :  D=0x0000000000079a16
6238000: system.cpu: T0 : 0x11a1a    : ld a5, -478(a5)            : MemRead :  D=0x000000000007a9c8 A=0x79838
6238500: system.cpu: T0 : 0x11a1e    : c_ld a5, 0(a5)             : MemRead :  D=0x0000000000000000 A=0x7a9c8
6239000: system.cpu: T0 : 0x11a20    : bne a4, a5, 296            : IntAlu : 
6239500: system.cpu: T0 : 0x11a24    : auipc a5, 104              : IntAlu :  D=0x0000000000079a24
6240000: system.cpu: T0 : 0x11a28    : ld a5, -492(a5)            : MemRead :  D=0x000000000007a9c8 A=0x79838
6240500: system.cpu: T0 : 0x11a2c    : c_ld a4, 24(a5)            : MemRead :  D=0x0000000000000000 A=0x7a9e0
6241500: system.cpu: T0 : 0x11a2e    : auipc a5, 104              : IntAlu :  D=0x0000000000079a2e
6242500: system.cpu: T0 : 0x11a32    : ld a5, -502(a5)            : MemRead :  D=0x000000000007a9c8 A=0x79838
6243000: system.cpu: T0 : 0x11a36    : c_ld a5, 16(a5)            : MemRead :  D=0x0000000000000000 A=0x7a9d8
6243500: system.cpu: T0 : 0x11a38    : bne a4, a5, 272            : IntAlu : 
6244000: system.cpu: T0 : 0x11a3c    : c_lui a5, 1048575          : IntAlu :  D=0xfffffffffffff000
6245000: system.cpu: T0 : 0x11a3e    : addi a4, s0, -16           : IntAlu :  D=0x7ffffffffffffde0
6245500: system.cpu: T0 : 0x11a42    : c_add a5, a4               : IntAlu :  D=0x7fffffffffffede0
6246000: system.cpu: T0 : 0x11a44    : auipc a4, 104              : IntAlu :  D=0x0000000000079a44
6246500: system.cpu: T0 : 0x11a48    : ld a4, -524(a4)            : MemRead :  D=0x000000000007a9c8 A=0x79838
6247000: system.cpu: T0 : 0x11a4c    : c_ld a4, 8(a4)             : MemRead :  D=0x0000000000000000 A=0x7a9d0
6248000: system.cpu: T0 : 0x11a4e    : sd a4, 1456(a5)            : MemWrite :  D=0x0000000000000000 A=0x7ffffffffffff390
6248500: system.cpu: T0 : 0x11a52    : c_lui a5, 1048575          : IntAlu :  D=0xfffffffffffff000
6249000: system.cpu: T0 : 0x11a54    : addi a4, s0, -16           : IntAlu :  D=0x7ffffffffffffde0
6249500: system.cpu: T0 : 0x11a58    : c_add a5, a4               : IntAlu :  D=0x7fffffffffffede0
6250500: system.cpu: T0 : 0x11a5a    : auipc a4, 104              : IntAlu :  D=0x0000000000079a5a
6251500: system.cpu: T0 : 0x11a5e    : ld a4, -546(a4)            : MemRead :  D=0x000000000007a9c8 A=0x79838
6252000: system.cpu: T0 : 0x11a62    : c_ld a4, 24(a4)            : MemRead :  D=0x0000000000000000 A=0x7a9e0
6252500: system.cpu: T0 : 0x11a64    : sd a4, 1464(a5)            : MemWrite :  D=0x0000000000000000 A=0x7ffffffffffff398
6253000: system.cpu: T0 : 0x11a68    : c_lui a5, 1048575          : IntAlu :  D=0xfffffffffffff000
6254000: system.cpu: T0 : 0x11a6a    : addi a4, s0, -16           : IntAlu :  D=0x7ffffffffffffde0
6254500: system.cpu: T0 : 0x11a6e    : c_add a4, a5               : IntAlu :  D=0x7fffffffffffede0
6255000: system.cpu: T0 : 0x11a70    : c_lui a5, 1048575          : IntAlu :  D=0xfffffffffffff000
6256000: system.cpu: T0 : 0x11a72    : addi a3, s0, -16           : IntAlu :  D=0x7ffffffffffffde0
6256500: system.cpu: T0 : 0x11a76    : c_add a5, a3               : IntAlu :  D=0x7fffffffffffede0
6257000: system.cpu: T0 : 0x11a78    : ld a4, 1464(a4)            : MemRead :  D=0x0000000000000000 A=0x7ffffffffffff398
6257500: system.cpu: T0 : 0x11a7c    : ld a5, 1456(a5)            : MemRead :  D=0x0000000000000000 A=0x7ffffffffffff390
6258000: system.cpu: T0 : 0x11a80    : bge a5, a4, 200            : IntAlu : 
6258500: system.cpu: T0 : 0x11b48    : auipc a5, 102              : IntAlu :  D=0x0000000000077b48
6259000: system.cpu: T0 : 0x11b4c    : addi a5, a5, 1212          : IntAlu :  D=0x0000000000078004
6259500: system.cpu: T0 : 0x11b50    : c_lw a5, 0(a5)             : MemRead :  D=0x0000000000000005 A=0x78004
6260000: system.cpu: T0 : 0x11b52    : c_addiw a5, 0              : IntAlu :  D=0x0000000000000005
6260500: system.cpu: T0 : 0x11b54    : c_mv a4, a5                : IntAlu :  D=0x0000000000000005
6261000: system.cpu: T0 : 0x11b56    : c_li a5, 3                 : IntAlu :  D=0x0000000000000003
6261500: system.cpu: T0 : 0x11b58    : bge a5, a4, 336            : IntAlu : 
6262000: system.cpu: T0 : 0x11b5c    : addi a5, gp, -960          : IntAlu :  D=0x0000000000079c88
6262500: system.cpu: T0 : 0x11b60    : c_lw a5, 0(a5)             : MemRead :  D=0x0000000000000000 A=0x79c88
6263000: system.cpu: T0 : 0x11b62    : c_addiw a5, 0              : IntAlu :  D=0x0000000000000000
6263500: system.cpu: T0 : 0x11b64    : c_mv a4, a5                : IntAlu :  D=0x0000000000000000
6264000: system.cpu: T0 : 0x11b66    : c_li a5, 3                 : IntAlu :  D=0x0000000000000003
6264500: system.cpu: T0 : 0x11b68    : blt a5, a4, 320            : IntAlu : 
6265000: system.cpu: T0 : 0x11b6c    : auipc a5, 104              : IntAlu :  D=0x0000000000079b6c
6265500: system.cpu: T0 : 0x11b70    : ld a5, -820(a5)            : MemRead :  D=0x000000000007a9c8 A=0x79838
6266000: system.cpu: T0 : 0x11b74    : c_ld a4, 24(a5)            : MemRead :  D=0x0000000000000000 A=0x7a9e0
6267000: system.cpu: T0 : 0x11b76    : auipc a5, 104              : IntAlu :  D=0x0000000000079b76
6268000: system.cpu: T0 : 0x11b7a    : ld a5, -830(a5)            : MemRead :  D=0x000000000007a9c8 A=0x79838
6268500: system.cpu: T0 : 0x11b7e    : c_ld a5, 16(a5)            : MemRead :  D=0x0000000000000000 A=0x7a9d8
6269000: system.cpu: T0 : 0x11b80    : bne a4, a5, 296            : IntAlu : 
6269500: system.cpu: T0 : 0x11b84    : auipc a5, 104              : IntAlu :  D=0x0000000000079b84
6270000: system.cpu: T0 : 0x11b88    : ld a5, -844(a5)            : MemRead :  D=0x000000000007a9c8 A=0x79838
6270500: system.cpu: T0 : 0x11b8c    : c_ld a4, 24(a5)            : MemRead :  D=0x0000000000000000 A=0x7a9e0
6271500: system.cpu: T0 : 0x11b8e    : auipc a5, 104              : IntAlu :  D=0x0000000000079b8e
6272500: system.cpu: T0 : 0x11b92    : ld a5, -854(a5)            : MemRead :  D=0x000000000007a9c8 A=0x79838
6273000: system.cpu: T0 : 0x11b96    : c_ld a5, 0(a5)             : MemRead :  D=0x0000000000000000 A=0x7a9c8
6273500: system.cpu: T0 : 0x11b98    : bne a4, a5, 272            : IntAlu : 
6274000: system.cpu: T0 : 0x11b9c    : c_lui a5, 1048575          : IntAlu :  D=0xfffffffffffff000
6275000: system.cpu: T0 : 0x11b9e    : addi a4, s0, -16           : IntAlu :  D=0x7ffffffffffffde0
6275500: system.cpu: T0 : 0x11ba2    : c_add a5, a4               : IntAlu :  D=0x7fffffffffffede0
6276000: system.cpu: T0 : 0x11ba4    : auipc a4, 104              : IntAlu :  D=0x0000000000079ba4
6276500: system.cpu: T0 : 0x11ba8    : ld a4, -876(a4)            : MemRead :  D=0x000000000007a9c8 A=0x79838
6277000: system.cpu: T0 : 0x11bac    : c_ld a4, 8(a4)             : MemRead :  D=0x0000000000000000 A=0x7a9d0
6278000: system.cpu: T0 : 0x11bae    : sd a4, 1480(a5)            : MemWrite :  D=0x0000000000000000 A=0x7ffffffffffff3a8
6278500: system.cpu: T0 : 0x11bb2    : c_lui a5, 1048575          : IntAlu :  D=0xfffffffffffff000
6279000: system.cpu: T0 : 0x11bb4    : addi a4, s0, -16           : IntAlu :  D=0x7ffffffffffffde0
6279500: system.cpu: T0 : 0x11bb8    : c_add a5, a4               : IntAlu :  D=0x7fffffffffffede0
6280500: system.cpu: T0 : 0x11bba    : auipc a4, 104              : IntAlu :  D=0x0000000000079bba
6281500: system.cpu: T0 : 0x11bbe    : ld a4, -898(a4)            : MemRead :  D=0x000000000007a9c8 A=0x79838
6282000: system.cpu: T0 : 0x11bc2    : c_ld a4, 24(a4)            : MemRead :  D=0x0000000000000000 A=0x7a9e0
6282500: system.cpu: T0 : 0x11bc4    : sd a4, 1488(a5)            : MemWrite :  D=0x0000000000000000 A=0x7ffffffffffff3b0
6283000: system.cpu: T0 : 0x11bc8    : c_lui a5, 1048575          : IntAlu :  D=0xfffffffffffff000
6284000: system.cpu: T0 : 0x11bca    : addi a4, s0, -16           : IntAlu :  D=0x7ffffffffffffde0
6284500: system.cpu: T0 : 0x11bce    : c_add a4, a5               : IntAlu :  D=0x7fffffffffffede0
6285000: system.cpu: T0 : 0x11bd0    : c_lui a5, 1048575          : IntAlu :  D=0xfffffffffffff000
6286000: system.cpu: T0 : 0x11bd2    : addi a3, s0, -16           : IntAlu :  D=0x7ffffffffffffde0
6286500: system.cpu: T0 : 0x11bd6    : c_add a5, a3               : IntAlu :  D=0x7fffffffffffede0
6287000: system.cpu: T0 : 0x11bd8    : ld a4, 1488(a4)            : MemRead :  D=0x0000000000000000 A=0x7ffffffffffff3b0
6287500: system.cpu: T0 : 0x11bdc    : ld a5, 1480(a5)            : MemRead :  D=0x0000000000000000 A=0x7ffffffffffff3a8
6288000: system.cpu: T0 : 0x11be0    : bge a5, a4, 200            : IntAlu : 
6288500: system.cpu: T0 : 0x11ca8    : auipc a5, 102              : IntAlu :  D=0x0000000000077ca8
6289000: system.cpu: T0 : 0x11cac    : addi a5, a5, 860           : IntAlu :  D=0x0000000000078004
6289500: system.cpu: T0 : 0x11cb0    : c_lw a5, 0(a5)             : MemRead :  D=0x0000000000000005 A=0x78004
6290000: system.cpu: T0 : 0x11cb2    : c_addiw a5, 0              : IntAlu :  D=0x0000000000000005
6290500: system.cpu: T0 : 0x11cb4    : c_mv a4, a5                : IntAlu :  D=0x0000000000000005
6291000: system.cpu: T0 : 0x11cb6    : c_li a5, 3                 : IntAlu :  D=0x0000000000000003
6291500: system.cpu: T0 : 0x11cb8    : bge a5, a4, 336            : IntAlu : 
6292000: system.cpu: T0 : 0x11cbc    : addi a5, gp, -960          : IntAlu :  D=0x0000000000079c88
6292500: system.cpu: T0 : 0x11cc0    : c_lw a5, 0(a5)             : MemRead :  D=0x0000000000000000 A=0x79c88
6293000: system.cpu: T0 : 0x11cc2    : c_addiw a5, 0              : IntAlu :  D=0x0000000000000000
6293500: system.cpu: T0 : 0x11cc4    : c_mv a4, a5                : IntAlu :  D=0x0000000000000000
6294000: system.cpu: T0 : 0x11cc6    : c_li a5, 3                 : IntAlu :  D=0x0000000000000003
6294500: system.cpu: T0 : 0x11cc8    : blt a5, a4, 320            : IntAlu : 
6295000: system.cpu: T0 : 0x11ccc    : auipc a5, 104              : IntAlu :  D=0x0000000000079ccc
6295500: system.cpu: T0 : 0x11cd0    : ld a5, -1172(a5)           : MemRead :  D=0x000000000007a9c8 A=0x79838
6296000: system.cpu: T0 : 0x11cd4    : c_ld a4, 0(a5)             : MemRead :  D=0x0000000000000000 A=0x7a9c8
6297000: system.cpu: T0 : 0x11cd6    : auipc a5, 104              : IntAlu :  D=0x0000000000079cd6
6298000: system.cpu: T0 : 0x11cda    : ld a5, -1182(a5)           : MemRead :  D=0x000000000007a9c8 A=0x79838
6298500: system.cpu: T0 : 0x11cde    : c_ld a5, 8(a5)             : MemRead :  D=0x0000000000000000 A=0x7a9d0
6299000: system.cpu: T0 : 0x11ce0    : bne a4, a5, 296            : IntAlu : 
6299500: system.cpu: T0 : 0x11ce4    : auipc a5, 104              : IntAlu :  D=0x0000000000079ce4
6300000: system.cpu: T0 : 0x11ce8    : ld a5, -1196(a5)           : MemRead :  D=0x000000000007a9c8 A=0x79838
6300500: system.cpu: T0 : 0x11cec    : c_ld a4, 0(a5)             : MemRead :  D=0x0000000000000000 A=0x7a9c8
6301500: system.cpu: T0 : 0x11cee    : auipc a5, 104              : IntAlu :  D=0x0000000000079cee
6302500: system.cpu: T0 : 0x11cf2    : ld a5, -1206(a5)           : MemRead :  D=0x000000000007a9c8 A=0x79838
6303000: system.cpu: T0 : 0x11cf6    : c_ld a5, 24(a5)            : MemRead :  D=0x0000000000000000 A=0x7a9e0
6303500: system.cpu: T0 : 0x11cf8    : bne a4, a5, 272            : IntAlu : 
6304000: system.cpu: T0 : 0x11cfc    : c_lui a5, 1048575          : IntAlu :  D=0xfffffffffffff000
6305000: system.cpu: T0 : 0x11cfe    : addi a4, s0, -16           : IntAlu :  D=0x7ffffffffffffde0
6305500: system.cpu: T0 : 0x11d02    : c_add a5, a4               : IntAlu :  D=0x7fffffffffffede0
6306000: system.cpu: T0 : 0x11d04    : auipc a4, 104              : IntAlu :  D=0x0000000000079d04
6306500: system.cpu: T0 : 0x11d08    : ld a4, -1228(a4)           : MemRead :  D=0x000000000007a9c8 A=0x79838
6307000: system.cpu: T0 : 0x11d0c    : c_ld a4, 16(a4)            : MemRead :  D=0x0000000000000000 A=0x7a9d8
6308000: system.cpu: T0 : 0x11d0e    : sd a4, 1504(a5)            : MemWrite :  D=0x0000000000000000 A=0x7ffffffffffff3c0
6308500: system.cpu: T0 : 0x11d12    : c_lui a5, 1048575          : IntAlu :  D=0xfffffffffffff000
6309000: system.cpu: T0 : 0x11d14    : addi a4, s0, -16           : IntAlu :  D=0x7ffffffffffffde0
6309500: system.cpu: T0 : 0x11d18    : c_add a5, a4               : IntAlu :  D=0x7fffffffffffede0
6310500: system.cpu: T0 : 0x11d1a    : auipc a4, 104              : IntAlu :  D=0x0000000000079d1a
6311500: system.cpu: T0 : 0x11d1e    : ld a4, -1250(a4)           : MemRead :  D=0x000000000007a9c8 A=0x79838
6312000: system.cpu: T0 : 0x11d22    : c_ld a4, 0(a4)             : MemRead :  D=0x0000000000000000 A=0x7a9c8
6312500: system.cpu: T0 : 0x11d24    : sd a4, 1512(a5)            : MemWrite :  D=0x0000000000000000 A=0x7ffffffffffff3c8
6313000: system.cpu: T0 : 0x11d28    : c_lui a5, 1048575          : IntAlu :  D=0xfffffffffffff000
6314000: system.cpu: T0 : 0x11d2a    : addi a4, s0, -16           : IntAlu :  D=0x7ffffffffffffde0
6314500: system.cpu: T0 : 0x11d2e    : c_add a4, a5               : IntAlu :  D=0x7fffffffffffede0
6315000: system.cpu: T0 : 0x11d30    : c_lui a5, 1048575          : IntAlu :  D=0xfffffffffffff000
6316000: system.cpu: T0 : 0x11d32    : addi a3, s0, -16           : IntAlu :  D=0x7ffffffffffffde0
6316500: system.cpu: T0 : 0x11d36    : c_add a5, a3               : IntAlu :  D=0x7fffffffffffede0
6317000: system.cpu: T0 : 0x11d38    : ld a4, 1512(a4)            : MemRead :  D=0x0000000000000000 A=0x7ffffffffffff3c8
6317500: system.cpu: T0 : 0x11d3c    : ld a5, 1504(a5)            : MemRead :  D=0x0000000000000000 A=0x7ffffffffffff3c0
6318000: system.cpu: T0 : 0x11d40    : bge a5, a4, 200            : IntAlu : 
6318500: system.cpu: T0 : 0x11e08    : auipc a5, 102              : IntAlu :  D=0x0000000000077e08
6319000: system.cpu: T0 : 0x11e0c    : addi a5, a5, 508           : IntAlu :  D=0x0000000000078004
6319500: system.cpu: T0 : 0x11e10    : c_lw a5, 0(a5)             : MemRead :  D=0x0000000000000005 A=0x78004
6320000: system.cpu: T0 : 0x11e12    : c_addiw a5, 0              : IntAlu :  D=0x0000000000000005
6320500: system.cpu: T0 : 0x11e14    : c_mv a4, a5                : IntAlu :  D=0x0000000000000005
6321000: system.cpu: T0 : 0x11e16    : c_li a5, 3                 : IntAlu :  D=0x0000000000000003
6321500: system.cpu: T0 : 0x11e18    : bge a5, a4, 336            : IntAlu : 
6322000: system.cpu: T0 : 0x11e1c    : addi a5, gp, -960          : IntAlu :  D=0x0000000000079c88
6322500: system.cpu: T0 : 0x11e20    : c_lw a5, 0(a5)             : MemRead :  D=0x0000000000000000 A=0x79c88
6323000: system.cpu: T0 : 0x11e22    : c_addiw a5, 0              : IntAlu :  D=0x0000000000000000
6323500: system.cpu: T0 : 0x11e24    : c_mv a4, a5                : IntAlu :  D=0x0000000000000000
6324000: system.cpu: T0 : 0x11e26    : c_li a5, 3                 : IntAlu :  D=0x0000000000000003
6324500: system.cpu: T0 : 0x11e28    : blt a5, a4, 320            : IntAlu : 
6325000: system.cpu: T0 : 0x11e2c    : auipc a5, 104              : IntAlu :  D=0x0000000000079e2c
6325500: system.cpu: T0 : 0x11e30    : ld a5, -1524(a5)           : MemRead :  D=0x000000000007a9c8 A=0x79838
6326000: system.cpu: T0 : 0x11e34    : c_ld a4, 0(a5)             : MemRead :  D=0x0000000000000000 A=0x7a9c8
6327000: system.cpu: T0 : 0x11e36    : auipc a5, 104              : IntAlu :  D=0x0000000000079e36
6328000: system.cpu: T0 : 0x11e3a    : ld a5, -1534(a5)           : MemRead :  D=0x000000000007a9c8 A=0x79838
6328500: system.cpu: T0 : 0x11e3e    : c_ld a5, 24(a5)            : MemRead :  D=0x0000000000000000 A=0x7a9e0
6329000: system.cpu: T0 : 0x11e40    : bne a4, a5, 296            : IntAlu : 
6329500: system.cpu: T0 : 0x11e44    : auipc a5, 104              : IntAlu :  D=0x0000000000079e44
6330000: system.cpu: T0 : 0x11e48    : ld a5, -1548(a5)           : MemRead :  D=0x000000000007a9c8 A=0x79838
6330500: system.cpu: T0 : 0x11e4c    : c_ld a4, 0(a5)             : MemRead :  D=0x0000000000000000 A=0x7a9c8
6331500: system.cpu: T0 : 0x11e4e    : auipc a5, 104              : IntAlu :  D=0x0000000000079e4e
6332500: system.cpu: T0 : 0x11e52    : ld a5, -1558(a5)           : MemRead :  D=0x000000000007a9c8 A=0x79838
6333000: system.cpu: T0 : 0x11e56    : c_ld a5, 8(a5)             : MemRead :  D=0x0000000000000000 A=0x7a9d0
6333500: system.cpu: T0 : 0x11e58    : bne a4, a5, 272            : IntAlu : 
6334000: system.cpu: T0 : 0x11e5c    : c_lui a5, 1048575          : IntAlu :  D=0xfffffffffffff000
6335000: system.cpu: T0 : 0x11e5e    : addi a4, s0, -16           : IntAlu :  D=0x7ffffffffffffde0
6335500: system.cpu: T0 : 0x11e62    : c_add a5, a4               : IntAlu :  D=0x7fffffffffffede0
6336000: system.cpu: T0 : 0x11e64    : auipc a4, 104              : IntAlu :  D=0x0000000000079e64
6336500: system.cpu: T0 : 0x11e68    : ld a4, -1580(a4)           : MemRead :  D=0x000000000007a9c8 A=0x79838
6337000: system.cpu: T0 : 0x11e6c    : c_ld a4, 16(a4)            : MemRead :  D=0x0000000000000000 A=0x7a9d8
6338000: system.cpu: T0 : 0x11e6e    : sd a4, 1528(a5)            : MemWrite :  D=0x0000000000000000 A=0x7ffffffffffff3d8
6338500: system.cpu: T0 : 0x11e72    : c_lui a5, 1048575          : IntAlu :  D=0xfffffffffffff000
6339000: system.cpu: T0 : 0x11e74    : addi a4, s0, -16           : IntAlu :  D=0x7ffffffffffffde0
6339500: system.cpu: T0 : 0x11e78    : c_add a5, a4               : IntAlu :  D=0x7fffffffffffede0
6340500: system.cpu: T0 : 0x11e7a    : auipc a4, 104              : IntAlu :  D=0x0000000000079e7a
6341500: system.cpu: T0 : 0x11e7e    : ld a4, -1602(a4)           : MemRead :  D=0x000000000007a9c8 A=0x79838
6342000: system.cpu: T0 : 0x11e82    : c_ld a4, 0(a4)             : MemRead :  D=0x0000000000000000 A=0x7a9c8
6342500: system.cpu: T0 : 0x11e84    : sd a4, 1536(a5)            : MemWrite :  D=0x0000000000000000 A=0x7ffffffffffff3e0
6343000: system.cpu: T0 : 0x11e88    : c_lui a5, 1048575          : IntAlu :  D=0xfffffffffffff000
6344000: system.cpu: T0 : 0x11e8a    : addi a4, s0, -16           : IntAlu :  D=0x7ffffffffffffde0
6344500: system.cpu: T0 : 0x11e8e    : c_add a4, a5               : IntAlu :  D=0x7fffffffffffede0
6345000: system.cpu: T0 : 0x11e90    : c_lui a5, 1048575          : IntAlu :  D=0xfffffffffffff000
6346000: system.cpu: T0 : 0x11e92    : addi a3, s0, -16           : IntAlu :  D=0x7ffffffffffffde0
6346500: system.cpu: T0 : 0x11e96    : c_add a5, a3               : IntAlu :  D=0x7fffffffffffede0
6347000: system.cpu: T0 : 0x11e98    : ld a4, 1536(a4)            : MemRead :  D=0x0000000000000000 A=0x7ffffffffffff3e0
6347500: system.cpu: T0 : 0x11e9c    : ld a5, 1528(a5)            : MemRead :  D=0x0000000000000000 A=0x7ffffffffffff3d8
6348000: system.cpu: T0 : 0x11ea0    : bge a5, a4, 200            : IntAlu : 
6348500: system.cpu: T0 : 0x11f68    : auipc a5, 102              : IntAlu :  D=0x0000000000077f68
6349000: system.cpu: T0 : 0x11f6c    : addi a5, a5, 156           : IntAlu :  D=0x0000000000078004
6349500: system.cpu: T0 : 0x11f70    : c_lw a5, 0(a5)             : MemRead :  D=0x0000000000000005 A=0x78004
6350000: system.cpu: T0 : 0x11f72    : c_addiw a5, 0              : IntAlu :  D=0x0000000000000005
6350500: system.cpu: T0 : 0x11f74    : c_mv a4, a5                : IntAlu :  D=0x0000000000000005
6351000: system.cpu: T0 : 0x11f76    : c_li a5, 3                 : IntAlu :  D=0x0000000000000003
6351500: system.cpu: T0 : 0x11f78    : bge a5, a4, 336            : IntAlu : 
6352000: system.cpu: T0 : 0x11f7c    : addi a5, gp, -960          : IntAlu :  D=0x0000000000079c88
6352500: system.cpu: T0 : 0x11f80    : c_lw a5, 0(a5)             : MemRead :  D=0x0000000000000000 A=0x79c88
6353000: system.cpu: T0 : 0x11f82    : c_addiw a5, 0              : IntAlu :  D=0x0000000000000000
6353500: system.cpu: T0 : 0x11f84    : c_mv a4, a5                : IntAlu :  D=0x0000000000000000
6354000: system.cpu: T0 : 0x11f86    : c_li a5, 3                 : IntAlu :  D=0x0000000000000003
6354500: system.cpu: T0 : 0x11f88    : blt a5, a4, 320            : IntAlu : 
6355000: system.cpu: T0 : 0x11f8c    : auipc a5, 104              : IntAlu :  D=0x0000000000079f8c
6355500: system.cpu: T0 : 0x11f90    : ld a5, -1876(a5)           : MemRead :  D=0x000000000007a9c8 A=0x79838
6356000: system.cpu: T0 : 0x11f94    : c_ld a4, 8(a5)             : MemRead :  D=0x0000000000000000 A=0x7a9d0
6357000: system.cpu: T0 : 0x11f96    : auipc a5, 104              : IntAlu :  D=0x0000000000079f96
6358000: system.cpu: T0 : 0x11f9a    : ld a5, -1886(a5)           : MemRead :  D=0x000000000007a9c8 A=0x79838
6358500: system.cpu: T0 : 0x11f9e    : c_ld a5, 0(a5)             : MemRead :  D=0x0000000000000000 A=0x7a9c8
6359000: system.cpu: T0 : 0x11fa0    : bne a4, a5, 296            : IntAlu : 
6359500: system.cpu: T0 : 0x11fa4    : auipc a5, 104              : IntAlu :  D=0x0000000000079fa4
6360000: system.cpu: T0 : 0x11fa8    : ld a5, -1900(a5)           : MemRead :  D=0x000000000007a9c8 A=0x79838
6360500: system.cpu: T0 : 0x11fac    : c_ld a4, 8(a5)             : MemRead :  D=0x0000000000000000 A=0x7a9d0
6361500: system.cpu: T0 : 0x11fae    : auipc a5, 104              : IntAlu :  D=0x0000000000079fae
6362500: system.cpu: T0 : 0x11fb2    : ld a5, -1910(a5)           : MemRead :  D=0x000000000007a9c8 A=0x79838
6363000: system.cpu: T0 : 0x11fb6    : c_ld a5, 24(a5)            : MemRead :  D=0x0000000000000000 A=0x7a9e0
6363500: system.cpu: T0 : 0x11fb8    : bne a4, a5, 272            : IntAlu : 
6364000: system.cpu: T0 : 0x11fbc    : c_lui a5, 1048575          : IntAlu :  D=0xfffffffffffff000
6365000: system.cpu: T0 : 0x11fbe    : addi a4, s0, -16           : IntAlu :  D=0x7ffffffffffffde0
6365500: system.cpu: T0 : 0x11fc2    : c_add a5, a4               : IntAlu :  D=0x7fffffffffffede0
6366000: system.cpu: T0 : 0x11fc4    : auipc a4, 104              : IntAlu :  D=0x0000000000079fc4
6366500: system.cpu: T0 : 0x11fc8    : ld a4, -1932(a4)           : MemRead :  D=0x000000000007a9c8 A=0x79838
6367000: system.cpu: T0 : 0x11fcc    : c_ld a4, 16(a4)            : MemRead :  D=0x0000000000000000 A=0x7a9d8
6368000: system.cpu: T0 : 0x11fce    : sd a4, 1552(a5)            : MemWrite :  D=0x0000000000000000 A=0x7ffffffffffff3f0
6368500: system.cpu: T0 : 0x11fd2    : c_lui a5, 1048575          : IntAlu :  D=0xfffffffffffff000
6369000: system.cpu: T0 : 0x11fd4    : addi a4, s0, -16           : IntAlu :  D=0x7ffffffffffffde0
6369500: system.cpu: T0 : 0x11fd8    : c_add a5, a4               : IntAlu :  D=0x7fffffffffffede0
6370500: system.cpu: T0 : 0x11fda    : auipc a4, 104              : IntAlu :  D=0x0000000000079fda
6371500: system.cpu: T0 : 0x11fde    : ld a4, -1954(a4)           : MemRead :  D=0x000000000007a9c8 A=0x79838
6372000: system.cpu: T0 : 0x11fe2    : c_ld a4, 8(a4)             : MemRead :  D=0x0000000000000000 A=0x7a9d0
6372500: system.cpu: T0 : 0x11fe4    : sd a4, 1560(a5)            : MemWrite :  D=0x0000000000000000 A=0x7ffffffffffff3f8
6373000: system.cpu: T0 : 0x11fe8    : c_lui a5, 1048575          : IntAlu :  D=0xfffffffffffff000
6374000: system.cpu: T0 : 0x11fea    : addi a4, s0, -16           : IntAlu :  D=0x7ffffffffffffde0
6374500: system.cpu: T0 : 0x11fee    : c_add a4, a5               : IntAlu :  D=0x7fffffffffffede0
6375000: system.cpu: T0 : 0x11ff0    : c_lui a5, 1048575          : IntAlu :  D=0xfffffffffffff000
6376000: system.cpu: T0 : 0x11ff2    : addi a3, s0, -16           : IntAlu :  D=0x7ffffffffffffde0
6376500: system.cpu: T0 : 0x11ff6    : c_add a5, a3               : IntAlu :  D=0x7fffffffffffede0
6377000: system.cpu: T0 : 0x11ff8    : ld a4, 1560(a4)            : MemRead :  D=0x0000000000000000 A=0x7ffffffffffff3f8
6377500: system.cpu: T0 : 0x11ffc    : ld a5, 1552(a5)            : MemRead :  D=0x0000000000000000 A=0x7ffffffffffff3f0
6378000: system.cpu: T0 : 0x12000    : bge a5, a4, 200            : IntAlu : 
6378500: system.cpu: T0 : 0x120c8    : auipc a5, 102              : IntAlu :  D=0x00000000000780c8
6379000: system.cpu: T0 : 0x120cc    : addi a5, a5, -196          : IntAlu :  D=0x0000000000078004
6379500: system.cpu: T0 : 0x120d0    : c_lw a5, 0(a5)             : MemRead :  D=0x0000000000000005 A=0x78004
6380000: system.cpu: T0 : 0x120d2    : c_addiw a5, 0              : IntAlu :  D=0x0000000000000005
6380500: system.cpu: T0 : 0x120d4    : c_mv a4, a5                : IntAlu :  D=0x0000000000000005
6381000: system.cpu: T0 : 0x120d6    : c_li a5, 3                 : IntAlu :  D=0x0000000000000003
6381500: system.cpu: T0 : 0x120d8    : bge a5, a4, 336            : IntAlu : 
6382000: system.cpu: T0 : 0x120dc    : addi a5, gp, -960          : IntAlu :  D=0x0000000000079c88
6382500: system.cpu: T0 : 0x120e0    : c_lw a5, 0(a5)             : MemRead :  D=0x0000000000000000 A=0x79c88
6383000: system.cpu: T0 : 0x120e2    : c_addiw a5, 0              : IntAlu :  D=0x0000000000000000
6383500: system.cpu: T0 : 0x120e4    : c_mv a4, a5                : IntAlu :  D=0x0000000000000000
6384000: system.cpu: T0 : 0x120e6    : c_li a5, 3                 : IntAlu :  D=0x0000000000000003
6384500: system.cpu: T0 : 0x120e8    : blt a5, a4, 320            : IntAlu : 
6385000: system.cpu: T0 : 0x120ec    : auipc a5, 103              : IntAlu :  D=0x00000000000790ec
6385500: system.cpu: T0 : 0x120f0    : ld a5, 1868(a5)            : MemRead :  D=0x000000000007a9c8 A=0x79838
6386000: system.cpu: T0 : 0x120f4    : c_ld a4, 8(a5)             : MemRead :  D=0x0000000000000000 A=0x7a9d0
6387000: system.cpu: T0 : 0x120f6    : auipc a5, 103              : IntAlu :  D=0x00000000000790f6
6388000: system.cpu: T0 : 0x120fa    : ld a5, 1858(a5)            : MemRead :  D=0x000000000007a9c8 A=0x79838
6388500: system.cpu: T0 : 0x120fe    : c_ld a5, 24(a5)            : MemRead :  D=0x0000000000000000 A=0x7a9e0
6389000: system.cpu: T0 : 0x12100    : bne a4, a5, 296            : IntAlu : 
6389500: system.cpu: T0 : 0x12104    : auipc a5, 103              : IntAlu :  D=0x0000000000079104
6390000: system.cpu: T0 : 0x12108    : ld a5, 1844(a5)            : MemRead :  D=0x000000000007a9c8 A=0x79838
6390500: system.cpu: T0 : 0x1210c    : c_ld a4, 8(a5)             : MemRead :  D=0x0000000000000000 A=0x7a9d0
6391500: system.cpu: T0 : 0x1210e    : auipc a5, 103              : IntAlu :  D=0x000000000007910e
6392500: system.cpu: T0 : 0x12112    : ld a5, 1834(a5)            : MemRead :  D=0x000000000007a9c8 A=0x79838
6393000: system.cpu: T0 : 0x12116    : c_ld a5, 0(a5)             : MemRead :  D=0x0000000000000000 A=0x7a9c8
6393500: system.cpu: T0 : 0x12118    : bne a4, a5, 272            : IntAlu : 
6394000: system.cpu: T0 : 0x1211c    : c_lui a5, 1048575          : IntAlu :  D=0xfffffffffffff000
6395000: system.cpu: T0 : 0x1211e    : addi a4, s0, -16           : IntAlu :  D=0x7ffffffffffffde0
6395500: system.cpu: T0 : 0x12122    : c_add a5, a4               : IntAlu :  D=0x7fffffffffffede0
6396000: system.cpu: T0 : 0x12124    : auipc a4, 103              : IntAlu :  D=0x0000000000079124
6396500: system.cpu: T0 : 0x12128    : ld a4, 1812(a4)            : MemRead :  D=0x000000000007a9c8 A=0x79838
6397000: system.cpu: T0 : 0x1212c    : c_ld a4, 16(a4)            : MemRead :  D=0x0000000000000000 A=0x7a9d8
6398000: system.cpu: T0 : 0x1212e    : sd a4, 1576(a5)            : MemWrite :  D=0x0000000000000000 A=0x7ffffffffffff408
6398500: system.cpu: T0 : 0x12132    : c_lui a5, 1048575          : IntAlu :  D=0xfffffffffffff000
6399000: system.cpu: T0 : 0x12134    : addi a4, s0, -16           : IntAlu :  D=0x7ffffffffffffde0
6399500: system.cpu: T0 : 0x12138    : c_add a5, a4               : IntAlu :  D=0x7fffffffffffede0
6400500: system.cpu: T0 : 0x1213a    : auipc a4, 103              : IntAlu :  D=0x000000000007913a
6401500: system.cpu: T0 : 0x1213e    : ld a4, 1790(a4)            : MemRead :  D=0x000000000007a9c8 A=0x79838
6402000: system.cpu: T0 : 0x12142    : c_ld a4, 8(a4)             : MemRead :  D=0x0000000000000000 A=0x7a9d0
6402500: system.cpu: T0 : 0x12144    : sd a4, 1584(a5)            : MemWrite :  D=0x0000000000000000 A=0x7ffffffffffff410
6403000: system.cpu: T0 : 0x12148    : c_lui a5, 1048575          : IntAlu :  D=0xfffffffffffff000
6404000: system.cpu: T0 : 0x1214a    : addi a4, s0, -16           : IntAlu :  D=0x7ffffffffffffde0
6404500: system.cpu: T0 : 0x1214e    : c_add a4, a5               : IntAlu :  D=0x7fffffffffffede0
6405000: system.cpu: T0 : 0x12150    : c_lui a5, 1048575          : IntAlu :  D=0xfffffffffffff000
6406000: system.cpu: T0 : 0x12152    : addi a3, s0, -16           : IntAlu :  D=0x7ffffffffffffde0
6406500: system.cpu: T0 : 0x12156    : c_add a5, a3               : IntAlu :  D=0x7fffffffffffede0
6407000: system.cpu: T0 : 0x12158    : ld a4, 1584(a4)            : MemRead :  D=0x0000000000000000 A=0x7ffffffffffff410
6407500: system.cpu: T0 : 0x1215c    : ld a5, 1576(a5)            : MemRead :  D=0x0000000000000000 A=0x7ffffffffffff408
6408000: system.cpu: T0 : 0x12160    : bge a5, a4, 200            : IntAlu : 
6408500: system.cpu: T0 : 0x12228    : auipc a5, 102              : IntAlu :  D=0x0000000000078228
6409000: system.cpu: T0 : 0x1222c    : addi a5, a5, -548          : IntAlu :  D=0x0000000000078004
6409500: system.cpu: T0 : 0x12230    : c_lw a5, 0(a5)             : MemRead :  D=0x0000000000000005 A=0x78004
6410000: system.cpu: T0 : 0x12232    : c_addiw a5, 0              : IntAlu :  D=0x0000000000000005
6410500: system.cpu: T0 : 0x12234    : c_mv a4, a5                : IntAlu :  D=0x0000000000000005
6411000: system.cpu: T0 : 0x12236    : c_li a5, 3                 : IntAlu :  D=0x0000000000000003
6411500: system.cpu: T0 : 0x12238    : bge a5, a4, 336            : IntAlu : 
6412000: system.cpu: T0 : 0x1223c    : addi a5, gp, -960          : IntAlu :  D=0x0000000000079c88
6412500: system.cpu: T0 : 0x12240    : c_lw a5, 0(a5)             : MemRead :  D=0x0000000000000000 A=0x79c88
6413000: system.cpu: T0 : 0x12242    : c_addiw a5, 0              : IntAlu :  D=0x0000000000000000
6413500: system.cpu: T0 : 0x12244    : c_mv a4, a5                : IntAlu :  D=0x0000000000000000
6414000: system.cpu: T0 : 0x12246    : c_li a5, 3                 : IntAlu :  D=0x0000000000000003
6414500: system.cpu: T0 : 0x12248    : blt a5, a4, 320            : IntAlu : 
6415000: system.cpu: T0 : 0x1224c    : auipc a5, 103              : IntAlu :  D=0x000000000007924c
6415500: system.cpu: T0 : 0x12250    : ld a5, 1516(a5)            : MemRead :  D=0x000000000007a9c8 A=0x79838
6416000: system.cpu: T0 : 0x12254    : c_ld a4, 24(a5)            : MemRead :  D=0x0000000000000000 A=0x7a9e0
6417000: system.cpu: T0 : 0x12256    : auipc a5, 103              : IntAlu :  D=0x0000000000079256
6418000: system.cpu: T0 : 0x1225a    : ld a5, 1506(a5)            : MemRead :  D=0x000000000007a9c8 A=0x79838
6418500: system.cpu: T0 : 0x1225e    : c_ld a5, 0(a5)             : MemRead :  D=0x0000000000000000 A=0x7a9c8
6419000: system.cpu: T0 : 0x12260    : bne a4, a5, 296            : IntAlu : 
6419500: system.cpu: T0 : 0x12264    : auipc a5, 103              : IntAlu :  D=0x0000000000079264
6420000: system.cpu: T0 : 0x12268    : ld a5, 1492(a5)            : MemRead :  D=0x000000000007a9c8 A=0x79838
6420500: system.cpu: T0 : 0x1226c    : c_ld a4, 24(a5)            : MemRead :  D=0x0000000000000000 A=0x7a9e0
6421500: system.cpu: T0 : 0x1226e    : auipc a5, 103              : IntAlu :  D=0x000000000007926e
6422500: system.cpu: T0 : 0x12272    : ld a5, 1482(a5)            : MemRead :  D=0x000000000007a9c8 A=0x79838
6423000: system.cpu: T0 : 0x12276    : c_ld a5, 8(a5)             : MemRead :  D=0x0000000000000000 A=0x7a9d0
6423500: system.cpu: T0 : 0x12278    : bne a4, a5, 272            : IntAlu : 
6424000: system.cpu: T0 : 0x1227c    : c_lui a5, 1048575          : IntAlu :  D=0xfffffffffffff000
6425000: system.cpu: T0 : 0x1227e    : addi a4, s0, -16           : IntAlu :  D=0x7ffffffffffffde0
6425500: system.cpu: T0 : 0x12282    : c_add a5, a4               : IntAlu :  D=0x7fffffffffffede0
6426000: system.cpu: T0 : 0x12284    : auipc a4, 103              : IntAlu :  D=0x0000000000079284
6426500: system.cpu: T0 : 0x12288    : ld a4, 1460(a4)            : MemRead :  D=0x000000000007a9c8 A=0x79838
6427000: system.cpu: T0 : 0x1228c    : c_ld a4, 16(a4)            : MemRead :  D=0x0000000000000000 A=0x7a9d8
6428000: system.cpu: T0 : 0x1228e    : sd a4, 1600(a5)            : MemWrite :  D=0x0000000000000000 A=0x7ffffffffffff420
6428500: system.cpu: T0 : 0x12292    : c_lui a5, 1048575          : IntAlu :  D=0xfffffffffffff000
6429000: system.cpu: T0 : 0x12294    : addi a4, s0, -16           : IntAlu :  D=0x7ffffffffffffde0
6429500: system.cpu: T0 : 0x12298    : c_add a5, a4               : IntAlu :  D=0x7fffffffffffede0
6430500: system.cpu: T0 : 0x1229a    : auipc a4, 103              : IntAlu :  D=0x000000000007929a
6431500: system.cpu: T0 : 0x1229e    : ld a4, 1438(a4)            : MemRead :  D=0x000000000007a9c8 A=0x79838
6432000: system.cpu: T0 : 0x122a2    : c_ld a4, 24(a4)            : MemRead :  D=0x0000000000000000 A=0x7a9e0
6432500: system.cpu: T0 : 0x122a4    : sd a4, 1608(a5)            : MemWrite :  D=0x0000000000000000 A=0x7ffffffffffff428
6433000: system.cpu: T0 : 0x122a8    : c_lui a5, 1048575          : IntAlu :  D=0xfffffffffffff000
6434000: system.cpu: T0 : 0x122aa    : addi a4, s0, -16           : IntAlu :  D=0x7ffffffffffffde0
6434500: system.cpu: T0 : 0x122ae    : c_add a4, a5               : IntAlu :  D=0x7fffffffffffede0
6435000: system.cpu: T0 : 0x122b0    : c_lui a5, 1048575          : IntAlu :  D=0xfffffffffffff000
6436000: system.cpu: T0 : 0x122b2    : addi a3, s0, -16           : IntAlu :  D=0x7ffffffffffffde0
6436500: system.cpu: T0 : 0x122b6    : c_add a5, a3               : IntAlu :  D=0x7fffffffffffede0
6437000: system.cpu: T0 : 0x122b8    : ld a4, 1608(a4)            : MemRead :  D=0x0000000000000000 A=0x7ffffffffffff428
6437500: system.cpu: T0 : 0x122bc    : ld a5, 1600(a5)            : MemRead :  D=0x0000000000000000 A=0x7ffffffffffff420
6438000: system.cpu: T0 : 0x122c0    : bge a5, a4, 200            : IntAlu : 
6438500: system.cpu: T0 : 0x12388    : auipc a5, 102              : IntAlu :  D=0x0000000000078388
6439000: system.cpu: T0 : 0x1238c    : addi a5, a5, -900          : IntAlu :  D=0x0000000000078004
6439500: system.cpu: T0 : 0x12390    : c_lw a5, 0(a5)             : MemRead :  D=0x0000000000000005 A=0x78004
6440000: system.cpu: T0 : 0x12392    : c_addiw a5, 0              : IntAlu :  D=0x0000000000000005
6440500: system.cpu: T0 : 0x12394    : c_mv a4, a5                : IntAlu :  D=0x0000000000000005
6441000: system.cpu: T0 : 0x12396    : c_li a5, 3                 : IntAlu :  D=0x0000000000000003
6441500: system.cpu: T0 : 0x12398    : bge a5, a4, 336            : IntAlu : 
6442000: system.cpu: T0 : 0x1239c    : addi a5, gp, -960          : IntAlu :  D=0x0000000000079c88
6442500: system.cpu: T0 : 0x123a0    : c_lw a5, 0(a5)             : MemRead :  D=0x0000000000000000 A=0x79c88
6443000: system.cpu: T0 : 0x123a2    : c_addiw a5, 0              : IntAlu :  D=0x0000000000000000
6443500: system.cpu: T0 : 0x123a4    : c_mv a4, a5                : IntAlu :  D=0x0000000000000000
6444000: system.cpu: T0 : 0x123a6    : c_li a5, 3                 : IntAlu :  D=0x0000000000000003
6444500: system.cpu: T0 : 0x123a8    : blt a5, a4, 320            : IntAlu : 
6445000: system.cpu: T0 : 0x123ac    : auipc a5, 103              : IntAlu :  D=0x00000000000793ac
6445500: system.cpu: T0 : 0x123b0    : ld a5, 1164(a5)            : MemRead :  D=0x000000000007a9c8 A=0x79838
6446000: system.cpu: T0 : 0x123b4    : c_ld a4, 24(a5)            : MemRead :  D=0x0000000000000000 A=0x7a9e0
6447000: system.cpu: T0 : 0x123b6    : auipc a5, 103              : IntAlu :  D=0x00000000000793b6
6448000: system.cpu: T0 : 0x123ba    : ld a5, 1154(a5)            : MemRead :  D=0x000000000007a9c8 A=0x79838
6448500: system.cpu: T0 : 0x123be    : c_ld a5, 8(a5)             : MemRead :  D=0x0000000000000000 A=0x7a9d0
6449000: system.cpu: T0 : 0x123c0    : bne a4, a5, 296            : IntAlu : 
6449500: system.cpu: T0 : 0x123c4    : auipc a5, 103              : IntAlu :  D=0x00000000000793c4
6450000: system.cpu: T0 : 0x123c8    : ld a5, 1140(a5)            : MemRead :  D=0x000000000007a9c8 A=0x79838
6450500: system.cpu: T0 : 0x123cc    : c_ld a4, 24(a5)            : MemRead :  D=0x0000000000000000 A=0x7a9e0
6451500: system.cpu: T0 : 0x123ce    : auipc a5, 103              : IntAlu :  D=0x00000000000793ce
6452500: system.cpu: T0 : 0x123d2    : ld a5, 1130(a5)            : MemRead :  D=0x000000000007a9c8 A=0x79838
6453000: system.cpu: T0 : 0x123d6    : c_ld a5, 0(a5)             : MemRead :  D=0x0000000000000000 A=0x7a9c8
6453500: system.cpu: T0 : 0x123d8    : bne a4, a5, 272            : IntAlu : 
6454000: system.cpu: T0 : 0x123dc    : c_lui a5, 1048575          : IntAlu :  D=0xfffffffffffff000
6455000: system.cpu: T0 : 0x123de    : addi a4, s0, -16           : IntAlu :  D=0x7ffffffffffffde0
6455500: system.cpu: T0 : 0x123e2    : c_add a5, a4               : IntAlu :  D=0x7fffffffffffede0
6456000: system.cpu: T0 : 0x123e4    : auipc a4, 103              : IntAlu :  D=0x00000000000793e4
6456500: system.cpu: T0 : 0x123e8    : ld a4, 1108(a4)            : MemRead :  D=0x000000000007a9c8 A=0x79838
6457000: system.cpu: T0 : 0x123ec    : c_ld a4, 16(a4)            : MemRead :  D=0x0000000000000000 A=0x7a9d8
6458000: system.cpu: T0 : 0x123ee    : sd a4, 1624(a5)            : MemWrite :  D=0x0000000000000000 A=0x7ffffffffffff438
6458500: system.cpu: T0 : 0x123f2    : c_lui a5, 1048575          : IntAlu :  D=0xfffffffffffff000
6459000: system.cpu: T0 : 0x123f4    : addi a4, s0, -16           : IntAlu :  D=0x7ffffffffffffde0
6459500: system.cpu: T0 : 0x123f8    : c_add a5, a4               : IntAlu :  D=0x7fffffffffffede0
6460500: system.cpu: T0 : 0x123fa    : auipc a4, 103              : IntAlu :  D=0x00000000000793fa
6461500: system.cpu: T0 : 0x123fe    : ld a4, 1086(a4)            : MemRead :  D=0x000000000007a9c8 A=0x79838
6462000: system.cpu: T0 : 0x12402    : c_ld a4, 24(a4)            : MemRead :  D=0x0000000000000000 A=0x7a9e0
6462500: system.cpu: T0 : 0x12404    : sd a4, 1632(a5)            : MemWrite :  D=0x0000000000000000 A=0x7ffffffffffff440
6463000: system.cpu: T0 : 0x12408    : c_lui a5, 1048575          : IntAlu :  D=0xfffffffffffff000
6464000: system.cpu: T0 : 0x1240a    : addi a4, s0, -16           : IntAlu :  D=0x7ffffffffffffde0
6464500: system.cpu: T0 : 0x1240e    : c_add a4, a5               : IntAlu :  D=0x7fffffffffffede0
6465000: system.cpu: T0 : 0x12410    : c_lui a5, 1048575          : IntAlu :  D=0xfffffffffffff000
6466000: system.cpu: T0 : 0x12412    : addi a3, s0, -16           : IntAlu :  D=0x7ffffffffffffde0
6466500: system.cpu: T0 : 0x12416    : c_add a5, a3               : IntAlu :  D=0x7fffffffffffede0
6467000: system.cpu: T0 : 0x12418    : ld a4, 1632(a4)            : MemRead :  D=0x0000000000000000 A=0x7ffffffffffff440
6467500: system.cpu: T0 : 0x1241c    : ld a5, 1624(a5)            : MemRead :  D=0x0000000000000000 A=0x7ffffffffffff438
6468000: system.cpu: T0 : 0x12420    : bge a5, a4, 200            : IntAlu : 
6468500: system.cpu: T0 : 0x124e8    : auipc a5, 102              : IntAlu :  D=0x00000000000784e8
6469000: system.cpu: T0 : 0x124ec    : addi a5, a5, -1252         : IntAlu :  D=0x0000000000078004
6469500: system.cpu: T0 : 0x124f0    : c_lw a5, 0(a5)             : MemRead :  D=0x0000000000000005 A=0x78004
6470000: system.cpu: T0 : 0x124f2    : c_addiw a5, 0              : IntAlu :  D=0x0000000000000005
6470500: system.cpu: T0 : 0x124f4    : c_mv a4, a5                : IntAlu :  D=0x0000000000000005
6471000: system.cpu: T0 : 0x124f6    : c_li a5, 3                 : IntAlu :  D=0x0000000000000003
6471500: system.cpu: T0 : 0x124f8    : bge a5, a4, 336            : IntAlu : 
6472000: system.cpu: T0 : 0x124fc    : addi a5, gp, -960          : IntAlu :  D=0x0000000000079c88
6472500: system.cpu: T0 : 0x12500    : c_lw a5, 0(a5)             : MemRead :  D=0x0000000000000000 A=0x79c88
6473000: system.cpu: T0 : 0x12502    : c_addiw a5, 0              : IntAlu :  D=0x0000000000000000
6473500: system.cpu: T0 : 0x12504    : c_mv a4, a5                : IntAlu :  D=0x0000000000000000
6474000: system.cpu: T0 : 0x12506    : c_li a5, 3                 : IntAlu :  D=0x0000000000000003
6474500: system.cpu: T0 : 0x12508    : blt a5, a4, 320            : IntAlu : 
6475000: system.cpu: T0 : 0x1250c    : auipc a5, 103              : IntAlu :  D=0x000000000007950c
6475500: system.cpu: T0 : 0x12510    : ld a5, 812(a5)             : MemRead :  D=0x000000000007a9c8 A=0x79838
6476000: system.cpu: T0 : 0x12514    : c_ld a4, 0(a5)             : MemRead :  D=0x0000000000000000 A=0x7a9c8
6477000: system.cpu: T0 : 0x12516    : auipc a5, 103              : IntAlu :  D=0x0000000000079516
6478000: system.cpu: T0 : 0x1251a    : ld a5, 802(a5)             : MemRead :  D=0x000000000007a9c8 A=0x79838
6478500: system.cpu: T0 : 0x1251e    : c_ld a5, 8(a5)             : MemRead :  D=0x0000000000000000 A=0x7a9d0
6479000: system.cpu: T0 : 0x12520    : bne a4, a5, 296            : IntAlu : 
6479500: system.cpu: T0 : 0x12524    : auipc a5, 103              : IntAlu :  D=0x0000000000079524
6480000: system.cpu: T0 : 0x12528    : ld a5, 788(a5)             : MemRead :  D=0x000000000007a9c8 A=0x79838
6480500: system.cpu: T0 : 0x1252c    : c_ld a4, 0(a5)             : MemRead :  D=0x0000000000000000 A=0x7a9c8
6481500: system.cpu: T0 : 0x1252e    : auipc a5, 103              : IntAlu :  D=0x000000000007952e
6482500: system.cpu: T0 : 0x12532    : ld a5, 778(a5)             : MemRead :  D=0x000000000007a9c8 A=0x79838
6483000: system.cpu: T0 : 0x12536    : c_ld a5, 16(a5)            : MemRead :  D=0x0000000000000000 A=0x7a9d8
6483500: system.cpu: T0 : 0x12538    : bne a4, a5, 272            : IntAlu : 
6484000: system.cpu: T0 : 0x1253c    : c_lui a5, 1048575          : IntAlu :  D=0xfffffffffffff000
6485000: system.cpu: T0 : 0x1253e    : addi a4, s0, -16           : IntAlu :  D=0x7ffffffffffffde0
6485500: system.cpu: T0 : 0x12542    : c_add a5, a4               : IntAlu :  D=0x7fffffffffffede0
6486000: system.cpu: T0 : 0x12544    : auipc a4, 103              : IntAlu :  D=0x0000000000079544
6486500: system.cpu: T0 : 0x12548    : ld a4, 756(a4)             : MemRead :  D=0x000000000007a9c8 A=0x79838
6487000: system.cpu: T0 : 0x1254c    : c_ld a4, 24(a4)            : MemRead :  D=0x0000000000000000 A=0x7a9e0
6488000: system.cpu: T0 : 0x1254e    : sd a4, 1648(a5)            : MemWrite :  D=0x0000000000000000 A=0x7ffffffffffff450
6488500: system.cpu: T0 : 0x12552    : c_lui a5, 1048575          : IntAlu :  D=0xfffffffffffff000
6489000: system.cpu: T0 : 0x12554    : addi a4, s0, -16           : IntAlu :  D=0x7ffffffffffffde0
6489500: system.cpu: T0 : 0x12558    : c_add a5, a4               : IntAlu :  D=0x7fffffffffffede0
6490500: system.cpu: T0 : 0x1255a    : auipc a4, 103              : IntAlu :  D=0x000000000007955a
6491500: system.cpu: T0 : 0x1255e    : ld a4, 734(a4)             : MemRead :  D=0x000000000007a9c8 A=0x79838
6492000: system.cpu: T0 : 0x12562    : c_ld a4, 0(a4)             : MemRead :  D=0x0000000000000000 A=0x7a9c8
6492500: system.cpu: T0 : 0x12564    : sd a4, 1656(a5)            : MemWrite :  D=0x0000000000000000 A=0x7ffffffffffff458
6493000: system.cpu: T0 : 0x12568    : c_lui a5, 1048575          : IntAlu :  D=0xfffffffffffff000
6494000: system.cpu: T0 : 0x1256a    : addi a4, s0, -16           : IntAlu :  D=0x7ffffffffffffde0
6494500: system.cpu: T0 : 0x1256e    : c_add a4, a5               : IntAlu :  D=0x7fffffffffffede0
6495000: system.cpu: T0 : 0x12570    : c_lui a5, 1048575          : IntAlu :  D=0xfffffffffffff000
6496000: system.cpu: T0 : 0x12572    : addi a3, s0, -16           : IntAlu :  D=0x7ffffffffffffde0
6496500: system.cpu: T0 : 0x12576    : c_add a5, a3               : IntAlu :  D=0x7fffffffffffede0
6497000: system.cpu: T0 : 0x12578    : ld a4, 1656(a4)            : MemRead :  D=0x0000000000000000 A=0x7ffffffffffff458
6497500: system.cpu: T0 : 0x1257c    : ld a5, 1648(a5)            : MemRead :  D=0x0000000000000000 A=0x7ffffffffffff450
6498000: system.cpu: T0 : 0x12580    : bge a5, a4, 200            : IntAlu : 
6498500: system.cpu: T0 : 0x12648    : auipc a5, 102              : IntAlu :  D=0x0000000000078648
6499000: system.cpu: T0 : 0x1264c    : addi a5, a5, -1604         : IntAlu :  D=0x0000000000078004
6499500: system.cpu: T0 : 0x12650    : c_lw a5, 0(a5)             : MemRead :  D=0x0000000000000005 A=0x78004
6500000: system.cpu: T0 : 0x12652    : c_addiw a5, 0              : IntAlu :  D=0x0000000000000005
6500500: system.cpu: T0 : 0x12654    : c_mv a4, a5                : IntAlu :  D=0x0000000000000005
6501000: system.cpu: T0 : 0x12656    : c_li a5, 3                 : IntAlu :  D=0x0000000000000003
6501500: system.cpu: T0 : 0x12658    : bge a5, a4, 336            : IntAlu : 
6502000: system.cpu: T0 : 0x1265c    : addi a5, gp, -960          : IntAlu :  D=0x0000000000079c88
6502500: system.cpu: T0 : 0x12660    : c_lw a5, 0(a5)             : MemRead :  D=0x0000000000000000 A=0x79c88
6503000: system.cpu: T0 : 0x12662    : c_addiw a5, 0              : IntAlu :  D=0x0000000000000000
6503500: system.cpu: T0 : 0x12664    : c_mv a4, a5                : IntAlu :  D=0x0000000000000000
6504000: system.cpu: T0 : 0x12666    : c_li a5, 3                 : IntAlu :  D=0x0000000000000003
6504500: system.cpu: T0 : 0x12668    : blt a5, a4, 320            : IntAlu : 
6505000: system.cpu: T0 : 0x1266c    : auipc a5, 103              : IntAlu :  D=0x000000000007966c
6505500: system.cpu: T0 : 0x12670    : ld a5, 460(a5)             : MemRead :  D=0x000000000007a9c8 A=0x79838
6506000: system.cpu: T0 : 0x12674    : c_ld a4, 0(a5)             : MemRead :  D=0x0000000000000000 A=0x7a9c8
6507000: system.cpu: T0 : 0x12676    : auipc a5, 103              : IntAlu :  D=0x0000000000079676
6508000: system.cpu: T0 : 0x1267a    : ld a5, 450(a5)             : MemRead :  D=0x000000000007a9c8 A=0x79838
6508500: system.cpu: T0 : 0x1267e    : c_ld a5, 16(a5)            : MemRead :  D=0x0000000000000000 A=0x7a9d8
6509000: system.cpu: T0 : 0x12680    : bne a4, a5, 296            : IntAlu : 
6509500: system.cpu: T0 : 0x12684    : auipc a5, 103              : IntAlu :  D=0x0000000000079684
6510000: system.cpu: T0 : 0x12688    : ld a5, 436(a5)             : MemRead :  D=0x000000000007a9c8 A=0x79838
6510500: system.cpu: T0 : 0x1268c    : c_ld a4, 0(a5)             : MemRead :  D=0x0000000000000000 A=0x7a9c8
6511500: system.cpu: T0 : 0x1268e    : auipc a5, 103              : IntAlu :  D=0x000000000007968e
6512500: system.cpu: T0 : 0x12692    : ld a5, 426(a5)             : MemRead :  D=0x000000000007a9c8 A=0x79838
6513000: system.cpu: T0 : 0x12696    : c_ld a5, 8(a5)             : MemRead :  D=0x0000000000000000 A=0x7a9d0
6513500: system.cpu: T0 : 0x12698    : bne a4, a5, 272            : IntAlu : 
6514000: system.cpu: T0 : 0x1269c    : c_lui a5, 1048575          : IntAlu :  D=0xfffffffffffff000
6515000: system.cpu: T0 : 0x1269e    : addi a4, s0, -16           : IntAlu :  D=0x7ffffffffffffde0
6515500: system.cpu: T0 : 0x126a2    : c_add a5, a4               : IntAlu :  D=0x7fffffffffffede0
6516000: system.cpu: T0 : 0x126a4    : auipc a4, 103              : IntAlu :  D=0x00000000000796a4
6516500: system.cpu: T0 : 0x126a8    : ld a4, 404(a4)             : MemRead :  D=0x000000000007a9c8 A=0x79838
6517000: system.cpu: T0 : 0x126ac    : c_ld a4, 24(a4)            : MemRead :  D=0x0000000000000000 A=0x7a9e0
6518000: system.cpu: T0 : 0x126ae    : sd a4, 1672(a5)            : MemWrite :  D=0x0000000000000000 A=0x7ffffffffffff468
6518500: system.cpu: T0 : 0x126b2    : c_lui a5, 1048575          : IntAlu :  D=0xfffffffffffff000
6519000: system.cpu: T0 : 0x126b4    : addi a4, s0, -16           : IntAlu :  D=0x7ffffffffffffde0
6519500: system.cpu: T0 : 0x126b8    : c_add a5, a4               : IntAlu :  D=0x7fffffffffffede0
6520500: system.cpu: T0 : 0x126ba    : auipc a4, 103              : IntAlu :  D=0x00000000000796ba
6521500: system.cpu: T0 : 0x126be    : ld a4, 382(a4)             : MemRead :  D=0x000000000007a9c8 A=0x79838
6522000: system.cpu: T0 : 0x126c2    : c_ld a4, 0(a4)             : MemRead :  D=0x0000000000000000 A=0x7a9c8
6522500: system.cpu: T0 : 0x126c4    : sd a4, 1680(a5)            : MemWrite :  D=0x0000000000000000 A=0x7ffffffffffff470
6523000: system.cpu: T0 : 0x126c8    : c_lui a5, 1048575          : IntAlu :  D=0xfffffffffffff000
6524000: system.cpu: T0 : 0x126ca    : addi a4, s0, -16           : IntAlu :  D=0x7ffffffffffffde0
6524500: system.cpu: T0 : 0x126ce    : c_add a4, a5               : IntAlu :  D=0x7fffffffffffede0
6525000: system.cpu: T0 : 0x126d0    : c_lui a5, 1048575          : IntAlu :  D=0xfffffffffffff000
6526000: system.cpu: T0 : 0x126d2    : addi a3, s0, -16           : IntAlu :  D=0x7ffffffffffffde0
6526500: system.cpu: T0 : 0x126d6    : c_add a5, a3               : IntAlu :  D=0x7fffffffffffede0
6527000: system.cpu: T0 : 0x126d8    : ld a4, 1680(a4)            : MemRead :  D=0x0000000000000000 A=0x7ffffffffffff470
6527500: system.cpu: T0 : 0x126dc    : ld a5, 1672(a5)            : MemRead :  D=0x0000000000000000 A=0x7ffffffffffff468
6528000: system.cpu: T0 : 0x126e0    : bge a5, a4, 200            : IntAlu : 
6528500: system.cpu: T0 : 0x127a8    : auipc a5, 102              : IntAlu :  D=0x00000000000787a8
6529000: system.cpu: T0 : 0x127ac    : addi a5, a5, -1956         : IntAlu :  D=0x0000000000078004
6529500: system.cpu: T0 : 0x127b0    : c_lw a5, 0(a5)             : MemRead :  D=0x0000000000000005 A=0x78004
6530000: system.cpu: T0 : 0x127b2    : c_addiw a5, 0              : IntAlu :  D=0x0000000000000005
6530500: system.cpu: T0 : 0x127b4    : c_mv a4, a5                : IntAlu :  D=0x0000000000000005
6531000: system.cpu: T0 : 0x127b6    : c_li a5, 3                 : IntAlu :  D=0x0000000000000003
6531500: system.cpu: T0 : 0x127b8    : bge a5, a4, 336            : IntAlu : 
6532000: system.cpu: T0 : 0x127bc    : addi a5, gp, -960          : IntAlu :  D=0x0000000000079c88
6532500: system.cpu: T0 : 0x127c0    : c_lw a5, 0(a5)             : MemRead :  D=0x0000000000000000 A=0x79c88
6533000: system.cpu: T0 : 0x127c2    : c_addiw a5, 0              : IntAlu :  D=0x0000000000000000
6533500: system.cpu: T0 : 0x127c4    : c_mv a4, a5                : IntAlu :  D=0x0000000000000000
6534000: system.cpu: T0 : 0x127c6    : c_li a5, 3                 : IntAlu :  D=0x0000000000000003
6534500: system.cpu: T0 : 0x127c8    : blt a5, a4, 320            : IntAlu : 
6535000: system.cpu: T0 : 0x127cc    : auipc a5, 103              : IntAlu :  D=0x00000000000797cc
6535500: system.cpu: T0 : 0x127d0    : ld a5, 108(a5)             : MemRead :  D=0x000000000007a9c8 A=0x79838
6536000: system.cpu: T0 : 0x127d4    : c_ld a4, 8(a5)             : MemRead :  D=0x0000000000000000 A=0x7a9d0
6537000: system.cpu: T0 : 0x127d6    : auipc a5, 103              : IntAlu :  D=0x00000000000797d6
6538000: system.cpu: T0 : 0x127da    : ld a5, 98(a5)              : MemRead :  D=0x000000000007a9c8 A=0x79838
6538500: system.cpu: T0 : 0x127de    : c_ld a5, 0(a5)             : MemRead :  D=0x0000000000000000 A=0x7a9c8
6539000: system.cpu: T0 : 0x127e0    : bne a4, a5, 296            : IntAlu : 
6539500: system.cpu: T0 : 0x127e4    : auipc a5, 103              : IntAlu :  D=0x00000000000797e4
6540000: system.cpu: T0 : 0x127e8    : ld a5, 84(a5)              : MemRead :  D=0x000000000007a9c8 A=0x79838
6540500: system.cpu: T0 : 0x127ec    : c_ld a4, 8(a5)             : MemRead :  D=0x0000000000000000 A=0x7a9d0
6541500: system.cpu: T0 : 0x127ee    : auipc a5, 103              : IntAlu :  D=0x00000000000797ee
6542500: system.cpu: T0 : 0x127f2    : ld a5, 74(a5)              : MemRead :  D=0x000000000007a9c8 A=0x79838
6543000: system.cpu: T0 : 0x127f6    : c_ld a5, 16(a5)            : MemRead :  D=0x0000000000000000 A=0x7a9d8
6543500: system.cpu: T0 : 0x127f8    : bne a4, a5, 272            : IntAlu : 
6544000: system.cpu: T0 : 0x127fc    : c_lui a5, 1048575          : IntAlu :  D=0xfffffffffffff000
6545000: system.cpu: T0 : 0x127fe    : addi a4, s0, -16           : IntAlu :  D=0x7ffffffffffffde0
6545500: system.cpu: T0 : 0x12802    : c_add a5, a4               : IntAlu :  D=0x7fffffffffffede0
6546000: system.cpu: T0 : 0x12804    : auipc a4, 103              : IntAlu :  D=0x0000000000079804
6546500: system.cpu: T0 : 0x12808    : ld a4, 52(a4)              : MemRead :  D=0x000000000007a9c8 A=0x79838
6547000: system.cpu: T0 : 0x1280c    : c_ld a4, 24(a4)            : MemRead :  D=0x0000000000000000 A=0x7a9e0
6548000: system.cpu: T0 : 0x1280e    : sd a4, 1696(a5)            : MemWrite :  D=0x0000000000000000 A=0x7ffffffffffff480
6548500: system.cpu: T0 : 0x12812    : c_lui a5, 1048575          : IntAlu :  D=0xfffffffffffff000
6549000: system.cpu: T0 : 0x12814    : addi a4, s0, -16           : IntAlu :  D=0x7ffffffffffffde0
6549500: system.cpu: T0 : 0x12818    : c_add a5, a4               : IntAlu :  D=0x7fffffffffffede0
6550500: system.cpu: T0 : 0x1281a    : auipc a4, 103              : IntAlu :  D=0x000000000007981a
6551500: system.cpu: T0 : 0x1281e    : ld a4, 30(a4)              : MemRead :  D=0x000000000007a9c8 A=0x79838
6552000: system.cpu: T0 : 0x12822    : c_ld a4, 8(a4)             : MemRead :  D=0x0000000000000000 A=0x7a9d0
6552500: system.cpu: T0 : 0x12824    : sd a4, 1704(a5)            : MemWrite :  D=0x0000000000000000 A=0x7ffffffffffff488
6553000: system.cpu: T0 : 0x12828    : c_lui a5, 1048575          : IntAlu :  D=0xfffffffffffff000
6554000: system.cpu: T0 : 0x1282a    : addi a4, s0, -16           : IntAlu :  D=0x7ffffffffffffde0
6554500: system.cpu: T0 : 0x1282e    : c_add a4, a5               : IntAlu :  D=0x7fffffffffffede0
6555000: system.cpu: T0 : 0x12830    : c_lui a5, 1048575          : IntAlu :  D=0xfffffffffffff000
6556000: system.cpu: T0 : 0x12832    : addi a3, s0, -16           : IntAlu :  D=0x7ffffffffffffde0
6556500: system.cpu: T0 : 0x12836    : c_add a5, a3               : IntAlu :  D=0x7fffffffffffede0
6557000: system.cpu: T0 : 0x12838    : ld a4, 1704(a4)            : MemRead :  D=0x0000000000000000 A=0x7ffffffffffff488
6557500: system.cpu: T0 : 0x1283c    : ld a5, 1696(a5)            : MemRead :  D=0x0000000000000000 A=0x7ffffffffffff480
6558000: system.cpu: T0 : 0x12840    : bge a5, a4, 200            : IntAlu : 
6558500: system.cpu: T0 : 0x12908    : auipc a5, 101              : IntAlu :  D=0x0000000000077908
6559000: system.cpu: T0 : 0x1290c    : addi a5, a5, 1788          : IntAlu :  D=0x0000000000078004
6559500: system.cpu: T0 : 0x12910    : c_lw a5, 0(a5)             : MemRead :  D=0x0000000000000005 A=0x78004
6560000: system.cpu: T0 : 0x12912    : c_addiw a5, 0              : IntAlu :  D=0x0000000000000005
6560500: system.cpu: T0 : 0x12914    : c_mv a4, a5                : IntAlu :  D=0x0000000000000005
6561000: system.cpu: T0 : 0x12916    : c_li a5, 3                 : IntAlu :  D=0x0000000000000003
6561500: system.cpu: T0 : 0x12918    : bge a5, a4, 336            : IntAlu : 
6562000: system.cpu: T0 : 0x1291c    : addi a5, gp, -960          : IntAlu :  D=0x0000000000079c88
6562500: system.cpu: T0 : 0x12920    : c_lw a5, 0(a5)             : MemRead :  D=0x0000000000000000 A=0x79c88
6563000: system.cpu: T0 : 0x12922    : c_addiw a5, 0              : IntAlu :  D=0x0000000000000000
6563500: system.cpu: T0 : 0x12924    : c_mv a4, a5                : IntAlu :  D=0x0000000000000000
6564000: system.cpu: T0 : 0x12926    : c_li a5, 3                 : IntAlu :  D=0x0000000000000003
6564500: system.cpu: T0 : 0x12928    : blt a5, a4, 320            : IntAlu : 
6565000: system.cpu: T0 : 0x1292c    : auipc a5, 103              : IntAlu :  D=0x000000000007992c
6565500: system.cpu: T0 : 0x12930    : ld a5, -244(a5)            : MemRead :  D=0x000000000007a9c8 A=0x79838
6566000: system.cpu: T0 : 0x12934    : c_ld a4, 8(a5)             : MemRead :  D=0x0000000000000000 A=0x7a9d0
6567000: system.cpu: T0 : 0x12936    : auipc a5, 103              : IntAlu :  D=0x0000000000079936
6568000: system.cpu: T0 : 0x1293a    : ld a5, -254(a5)            : MemRead :  D=0x000000000007a9c8 A=0x79838
6568500: system.cpu: T0 : 0x1293e    : c_ld a5, 16(a5)            : MemRead :  D=0x0000000000000000 A=0x7a9d8
6569000: system.cpu: T0 : 0x12940    : bne a4, a5, 296            : IntAlu : 
6569500: system.cpu: T0 : 0x12944    : auipc a5, 103              : IntAlu :  D=0x0000000000079944
6570000: system.cpu: T0 : 0x12948    : ld a5, -268(a5)            : MemRead :  D=0x000000000007a9c8 A=0x79838
6570500: system.cpu: T0 : 0x1294c    : c_ld a4, 8(a5)             : MemRead :  D=0x0000000000000000 A=0x7a9d0
6571500: system.cpu: T0 : 0x1294e    : auipc a5, 103              : IntAlu :  D=0x000000000007994e
6572500: system.cpu: T0 : 0x12952    : ld a5, -278(a5)            : MemRead :  D=0x000000000007a9c8 A=0x79838
6573000: system.cpu: T0 : 0x12956    : c_ld a5, 0(a5)             : MemRead :  D=0x0000000000000000 A=0x7a9c8
6573500: system.cpu: T0 : 0x12958    : bne a4, a5, 272            : IntAlu : 
6574000: system.cpu: T0 : 0x1295c    : c_lui a5, 1048575          : IntAlu :  D=0xfffffffffffff000
6575000: system.cpu: T0 : 0x1295e    : addi a4, s0, -16           : IntAlu :  D=0x7ffffffffffffde0
6575500: system.cpu: T0 : 0x12962    : c_add a5, a4               : IntAlu :  D=0x7fffffffffffede0
6576000: system.cpu: T0 : 0x12964    : auipc a4, 103              : IntAlu :  D=0x0000000000079964
6576500: system.cpu: T0 : 0x12968    : ld a4, -300(a4)            : MemRead :  D=0x000000000007a9c8 A=0x79838
6577000: system.cpu: T0 : 0x1296c    : c_ld a4, 24(a4)            : MemRead :  D=0x0000000000000000 A=0x7a9e0
6578000: system.cpu: T0 : 0x1296e    : sd a4, 1720(a5)            : MemWrite :  D=0x0000000000000000 A=0x7ffffffffffff498
6578500: system.cpu: T0 : 0x12972    : c_lui a5, 1048575          : IntAlu :  D=0xfffffffffffff000
6579000: system.cpu: T0 : 0x12974    : addi a4, s0, -16           : IntAlu :  D=0x7ffffffffffffde0
6579500: system.cpu: T0 : 0x12978    : c_add a5, a4               : IntAlu :  D=0x7fffffffffffede0
6580500: system.cpu: T0 : 0x1297a    : auipc a4, 103              : IntAlu :  D=0x000000000007997a
6581500: system.cpu: T0 : 0x1297e    : ld a4, -322(a4)            : MemRead :  D=0x000000000007a9c8 A=0x79838
6582000: system.cpu: T0 : 0x12982    : c_ld a4, 8(a4)             : MemRead :  D=0x0000000000000000 A=0x7a9d0
6582500: system.cpu: T0 : 0x12984    : sd a4, 1728(a5)            : MemWrite :  D=0x0000000000000000 A=0x7ffffffffffff4a0
6583000: system.cpu: T0 : 0x12988    : c_lui a5, 1048575          : IntAlu :  D=0xfffffffffffff000
6584000: system.cpu: T0 : 0x1298a    : addi a4, s0, -16           : IntAlu :  D=0x7ffffffffffffde0
6584500: system.cpu: T0 : 0x1298e    : c_add a4, a5               : IntAlu :  D=0x7fffffffffffede0
6585000: system.cpu: T0 : 0x12990    : c_lui a5, 1048575          : IntAlu :  D=0xfffffffffffff000
6586000: system.cpu: T0 : 0x12992    : addi a3, s0, -16           : IntAlu :  D=0x7ffffffffffffde0
6586500: system.cpu: T0 : 0x12996    : c_add a5, a3               : IntAlu :  D=0x7fffffffffffede0
6587000: system.cpu: T0 : 0x12998    : ld a4, 1728(a4)            : MemRead :  D=0x0000000000000000 A=0x7ffffffffffff4a0
6587500: system.cpu: T0 : 0x1299c    : ld a5, 1720(a5)            : MemRead :  D=0x0000000000000000 A=0x7ffffffffffff498
6588000: system.cpu: T0 : 0x129a0    : bge a5, a4, 200            : IntAlu : 
6588500: system.cpu: T0 : 0x12a68    : auipc a5, 101              : IntAlu :  D=0x0000000000077a68
6589000: system.cpu: T0 : 0x12a6c    : addi a5, a5, 1436          : IntAlu :  D=0x0000000000078004
6589500: system.cpu: T0 : 0x12a70    : c_lw a5, 0(a5)             : MemRead :  D=0x0000000000000005 A=0x78004
6590000: system.cpu: T0 : 0x12a72    : c_addiw a5, 0              : IntAlu :  D=0x0000000000000005
6590500: system.cpu: T0 : 0x12a74    : c_mv a4, a5                : IntAlu :  D=0x0000000000000005
6591000: system.cpu: T0 : 0x12a76    : c_li a5, 3                 : IntAlu :  D=0x0000000000000003
6591500: system.cpu: T0 : 0x12a78    : bge a5, a4, 336            : IntAlu : 
6592000: system.cpu: T0 : 0x12a7c    : addi a5, gp, -960          : IntAlu :  D=0x0000000000079c88
6592500: system.cpu: T0 : 0x12a80    : c_lw a5, 0(a5)             : MemRead :  D=0x0000000000000000 A=0x79c88
6593000: system.cpu: T0 : 0x12a82    : c_addiw a5, 0              : IntAlu :  D=0x0000000000000000
6593500: system.cpu: T0 : 0x12a84    : c_mv a4, a5                : IntAlu :  D=0x0000000000000000
6594000: system.cpu: T0 : 0x12a86    : c_li a5, 3                 : IntAlu :  D=0x0000000000000003
6594500: system.cpu: T0 : 0x12a88    : blt a5, a4, 320            : IntAlu : 
6595000: system.cpu: T0 : 0x12a8c    : auipc a5, 103              : IntAlu :  D=0x0000000000079a8c
6595500: system.cpu: T0 : 0x12a90    : ld a5, -596(a5)            : MemRead :  D=0x000000000007a9c8 A=0x79838
6596000: system.cpu: T0 : 0x12a94    : c_ld a4, 16(a5)            : MemRead :  D=0x0000000000000000 A=0x7a9d8
6597000: system.cpu: T0 : 0x12a96    : auipc a5, 103              : IntAlu :  D=0x0000000000079a96
6598000: system.cpu: T0 : 0x12a9a    : ld a5, -606(a5)            : MemRead :  D=0x000000000007a9c8 A=0x79838
6598500: system.cpu: T0 : 0x12a9e    : c_ld a5, 0(a5)             : MemRead :  D=0x0000000000000000 A=0x7a9c8
6599000: system.cpu: T0 : 0x12aa0    : bne a4, a5, 296            : IntAlu : 
6599500: system.cpu: T0 : 0x12aa4    : auipc a5, 103              : IntAlu :  D=0x0000000000079aa4
6600000: system.cpu: T0 : 0x12aa8    : ld a5, -620(a5)            : MemRead :  D=0x000000000007a9c8 A=0x79838
6600500: system.cpu: T0 : 0x12aac    : c_ld a4, 16(a5)            : MemRead :  D=0x0000000000000000 A=0x7a9d8
6601500: system.cpu: T0 : 0x12aae    : auipc a5, 103              : IntAlu :  D=0x0000000000079aae
6602500: system.cpu: T0 : 0x12ab2    : ld a5, -630(a5)            : MemRead :  D=0x000000000007a9c8 A=0x79838
6603000: system.cpu: T0 : 0x12ab6    : c_ld a5, 8(a5)             : MemRead :  D=0x0000000000000000 A=0x7a9d0
6603500: system.cpu: T0 : 0x12ab8    : bne a4, a5, 272            : IntAlu : 
6604000: system.cpu: T0 : 0x12abc    : c_lui a5, 1048575          : IntAlu :  D=0xfffffffffffff000
6605000: system.cpu: T0 : 0x12abe    : addi a4, s0, -16           : IntAlu :  D=0x7ffffffffffffde0
6605500: system.cpu: T0 : 0x12ac2    : c_add a5, a4               : IntAlu :  D=0x7fffffffffffede0
6606000: system.cpu: T0 : 0x12ac4    : auipc a4, 103              : IntAlu :  D=0x0000000000079ac4
6606500: system.cpu: T0 : 0x12ac8    : ld a4, -652(a4)            : MemRead :  D=0x000000000007a9c8 A=0x79838
6607000: system.cpu: T0 : 0x12acc    : c_ld a4, 24(a4)            : MemRead :  D=0x0000000000000000 A=0x7a9e0
6608000: system.cpu: T0 : 0x12ace    : sd a4, 1744(a5)            : MemWrite :  D=0x0000000000000000 A=0x7ffffffffffff4b0
6608500: system.cpu: T0 : 0x12ad2    : c_lui a5, 1048575          : IntAlu :  D=0xfffffffffffff000
6609000: system.cpu: T0 : 0x12ad4    : addi a4, s0, -16           : IntAlu :  D=0x7ffffffffffffde0
6609500: system.cpu: T0 : 0x12ad8    : c_add a5, a4               : IntAlu :  D=0x7fffffffffffede0
6610500: system.cpu: T0 : 0x12ada    : auipc a4, 103              : IntAlu :  D=0x0000000000079ada
6611500: system.cpu: T0 : 0x12ade    : ld a4, -674(a4)            : MemRead :  D=0x000000000007a9c8 A=0x79838
6612000: system.cpu: T0 : 0x12ae2    : c_ld a4, 16(a4)            : MemRead :  D=0x0000000000000000 A=0x7a9d8
6612500: system.cpu: T0 : 0x12ae4    : sd a4, 1752(a5)            : MemWrite :  D=0x0000000000000000 A=0x7ffffffffffff4b8
6613000: system.cpu: T0 : 0x12ae8    : c_lui a5, 1048575          : IntAlu :  D=0xfffffffffffff000
6614000: system.cpu: T0 : 0x12aea    : addi a4, s0, -16           : IntAlu :  D=0x7ffffffffffffde0
6614500: system.cpu: T0 : 0x12aee    : c_add a4, a5               : IntAlu :  D=0x7fffffffffffede0
6615000: system.cpu: T0 : 0x12af0    : c_lui a5, 1048575          : IntAlu :  D=0xfffffffffffff000
6616000: system.cpu: T0 : 0x12af2    : addi a3, s0, -16           : IntAlu :  D=0x7ffffffffffffde0
6616500: system.cpu: T0 : 0x12af6    : c_add a5, a3               : IntAlu :  D=0x7fffffffffffede0
6617000: system.cpu: T0 : 0x12af8    : ld a4, 1752(a4)            : MemRead :  D=0x0000000000000000 A=0x7ffffffffffff4b8
6617500: system.cpu: T0 : 0x12afc    : ld a5, 1744(a5)            : MemRead :  D=0x0000000000000000 A=0x7ffffffffffff4b0
6618000: system.cpu: T0 : 0x12b00    : bge a5, a4, 200            : IntAlu : 
6618500: system.cpu: T0 : 0x12bc8    : auipc a5, 101              : IntAlu :  D=0x0000000000077bc8
6619000: system.cpu: T0 : 0x12bcc    : addi a5, a5, 1084          : IntAlu :  D=0x0000000000078004
6619500: system.cpu: T0 : 0x12bd0    : c_lw a5, 0(a5)             : MemRead :  D=0x0000000000000005 A=0x78004
6620000: system.cpu: T0 : 0x12bd2    : c_addiw a5, 0              : IntAlu :  D=0x0000000000000005
6620500: system.cpu: T0 : 0x12bd4    : c_mv a4, a5                : IntAlu :  D=0x0000000000000005
6621000: system.cpu: T0 : 0x12bd6    : c_li a5, 3                 : IntAlu :  D=0x0000000000000003
6621500: system.cpu: T0 : 0x12bd8    : bge a5, a4, 336            : IntAlu : 
6622000: system.cpu: T0 : 0x12bdc    : addi a5, gp, -960          : IntAlu :  D=0x0000000000079c88
6622500: system.cpu: T0 : 0x12be0    : c_lw a5, 0(a5)             : MemRead :  D=0x0000000000000000 A=0x79c88
6623000: system.cpu: T0 : 0x12be2    : c_addiw a5, 0              : IntAlu :  D=0x0000000000000000
6623500: system.cpu: T0 : 0x12be4    : c_mv a4, a5                : IntAlu :  D=0x0000000000000000
6624000: system.cpu: T0 : 0x12be6    : c_li a5, 3                 : IntAlu :  D=0x0000000000000003
6624500: system.cpu: T0 : 0x12be8    : blt a5, a4, 320            : IntAlu : 
6625000: system.cpu: T0 : 0x12bec    : auipc a5, 103              : IntAlu :  D=0x0000000000079bec
6625500: system.cpu: T0 : 0x12bf0    : ld a5, -948(a5)            : MemRead :  D=0x000000000007a9c8 A=0x79838
6626000: system.cpu: T0 : 0x12bf4    : c_ld a4, 16(a5)            : MemRead :  D=0x0000000000000000 A=0x7a9d8
6627000: system.cpu: T0 : 0x12bf6    : auipc a5, 103              : IntAlu :  D=0x0000000000079bf6
6628000: system.cpu: T0 : 0x12bfa    : ld a5, -958(a5)            : MemRead :  D=0x000000000007a9c8 A=0x79838
6628500: system.cpu: T0 : 0x12bfe    : c_ld a5, 8(a5)             : MemRead :  D=0x0000000000000000 A=0x7a9d0
6629000: system.cpu: T0 : 0x12c00    : bne a4, a5, 296            : IntAlu : 
6629500: system.cpu: T0 : 0x12c04    : auipc a5, 103              : IntAlu :  D=0x0000000000079c04
6630000: system.cpu: T0 : 0x12c08    : ld a5, -972(a5)            : MemRead :  D=0x000000000007a9c8 A=0x79838
6630500: system.cpu: T0 : 0x12c0c    : c_ld a4, 16(a5)            : MemRead :  D=0x0000000000000000 A=0x7a9d8
6631500: system.cpu: T0 : 0x12c0e    : auipc a5, 103              : IntAlu :  D=0x0000000000079c0e
6632500: system.cpu: T0 : 0x12c12    : ld a5, -982(a5)            : MemRead :  D=0x000000000007a9c8 A=0x79838
6633000: system.cpu: T0 : 0x12c16    : c_ld a5, 0(a5)             : MemRead :  D=0x0000000000000000 A=0x7a9c8
6633500: system.cpu: T0 : 0x12c18    : bne a4, a5, 272            : IntAlu : 
6634000: system.cpu: T0 : 0x12c1c    : c_lui a5, 1048575          : IntAlu :  D=0xfffffffffffff000
6635000: system.cpu: T0 : 0x12c1e    : addi a4, s0, -16           : IntAlu :  D=0x7ffffffffffffde0
6635500: system.cpu: T0 : 0x12c22    : c_add a5, a4               : IntAlu :  D=0x7fffffffffffede0
6636000: system.cpu: T0 : 0x12c24    : auipc a4, 103              : IntAlu :  D=0x0000000000079c24
6636500: system.cpu: T0 : 0x12c28    : ld a4, -1004(a4)           : MemRead :  D=0x000000000007a9c8 A=0x79838
6637000: system.cpu: T0 : 0x12c2c    : c_ld a4, 24(a4)            : MemRead :  D=0x0000000000000000 A=0x7a9e0
6638000: system.cpu: T0 : 0x12c2e    : sd a4, 1768(a5)            : MemWrite :  D=0x0000000000000000 A=0x7ffffffffffff4c8
6638500: system.cpu: T0 : 0x12c32    : c_lui a5, 1048575          : IntAlu :  D=0xfffffffffffff000
6639000: system.cpu: T0 : 0x12c34    : addi a4, s0, -16           : IntAlu :  D=0x7ffffffffffffde0
6639500: system.cpu: T0 : 0x12c38    : c_add a5, a4               : IntAlu :  D=0x7fffffffffffede0
6640500: system.cpu: T0 : 0x12c3a    : auipc a4, 103              : IntAlu :  D=0x0000000000079c3a
6641500: system.cpu: T0 : 0x12c3e    : ld a4, -1026(a4)           : MemRead :  D=0x000000000007a9c8 A=0x79838
6642000: system.cpu: T0 : 0x12c42    : c_ld a4, 16(a4)            : MemRead :  D=0x0000000000000000 A=0x7a9d8
6642500: system.cpu: T0 : 0x12c44    : sd a4, 1776(a5)            : MemWrite :  D=0x0000000000000000 A=0x7ffffffffffff4d0
6643000: system.cpu: T0 : 0x12c48    : c_lui a5, 1048575          : IntAlu :  D=0xfffffffffffff000
6644000: system.cpu: T0 : 0x12c4a    : addi a4, s0, -16           : IntAlu :  D=0x7ffffffffffffde0
6644500: system.cpu: T0 : 0x12c4e    : c_add a4, a5               : IntAlu :  D=0x7fffffffffffede0
6645000: system.cpu: T0 : 0x12c50    : c_lui a5, 1048575          : IntAlu :  D=0xfffffffffffff000
6646000: system.cpu: T0 : 0x12c52    : addi a3, s0, -16           : IntAlu :  D=0x7ffffffffffffde0
6646500: system.cpu: T0 : 0x12c56    : c_add a5, a3               : IntAlu :  D=0x7fffffffffffede0
6647000: system.cpu: T0 : 0x12c58    : ld a4, 1776(a4)            : MemRead :  D=0x0000000000000000 A=0x7ffffffffffff4d0
6647500: system.cpu: T0 : 0x12c5c    : ld a5, 1768(a5)            : MemRead :  D=0x0000000000000000 A=0x7ffffffffffff4c8
6648000: system.cpu: T0 : 0x12c60    : bge a5, a4, 200            : IntAlu : 
6648500: system.cpu: T0 : 0x12d28    : auipc a5, 101              : IntAlu :  D=0x0000000000077d28
6649000: system.cpu: T0 : 0x12d2c    : addi a5, a5, 732           : IntAlu :  D=0x0000000000078004
6649500: system.cpu: T0 : 0x12d30    : c_lw a5, 0(a5)             : MemRead :  D=0x0000000000000005 A=0x78004
6650000: system.cpu: T0 : 0x12d32    : c_addiw a5, 0              : IntAlu :  D=0x0000000000000005
6650500: system.cpu: T0 : 0x12d34    : c_mv a4, a5                : IntAlu :  D=0x0000000000000005
6651000: system.cpu: T0 : 0x12d36    : c_li a5, 4                 : IntAlu :  D=0x0000000000000004
6651500: system.cpu: T0 : 0x12d38    : bge a5, a4, 356            : IntAlu : 
6652000: system.cpu: T0 : 0x12d3c    : addi a5, gp, -960          : IntAlu :  D=0x0000000000079c88
6652500: system.cpu: T0 : 0x12d40    : c_lw a5, 0(a5)             : MemRead :  D=0x0000000000000000 A=0x79c88
6653000: system.cpu: T0 : 0x12d42    : c_addiw a5, 0              : IntAlu :  D=0x0000000000000000
6653500: system.cpu: T0 : 0x12d44    : c_mv a4, a5                : IntAlu :  D=0x0000000000000000
6654000: system.cpu: T0 : 0x12d46    : c_li a5, 3                 : IntAlu :  D=0x0000000000000003
6654500: system.cpu: T0 : 0x12d48    : blt a5, a4, 340            : IntAlu : 
6655000: system.cpu: T0 : 0x12d4c    : auipc a5, 103              : IntAlu :  D=0x0000000000079d4c
6655500: system.cpu: T0 : 0x12d50    : ld a5, -1300(a5)           : MemRead :  D=0x000000000007a9c8 A=0x79838
6656000: system.cpu: T0 : 0x12d54    : c_ld a4, 8(a5)             : MemRead :  D=0x0000000000000000 A=0x7a9d0
6657000: system.cpu: T0 : 0x12d56    : auipc a5, 103              : IntAlu :  D=0x0000000000079d56
6658000: system.cpu: T0 : 0x12d5a    : ld a5, -1310(a5)           : MemRead :  D=0x000000000007a9c8 A=0x79838
6658500: system.cpu: T0 : 0x12d5e    : c_ld a5, 16(a5)            : MemRead :  D=0x0000000000000000 A=0x7a9d8
6659000: system.cpu: T0 : 0x12d60    : bne a4, a5, 316            : IntAlu : 
6659500: system.cpu: T0 : 0x12d64    : auipc a5, 103              : IntAlu :  D=0x0000000000079d64
6660000: system.cpu: T0 : 0x12d68    : ld a5, -1324(a5)           : MemRead :  D=0x000000000007a9c8 A=0x79838
6660500: system.cpu: T0 : 0x12d6c    : c_ld a4, 8(a5)             : MemRead :  D=0x0000000000000000 A=0x7a9d0
6661500: system.cpu: T0 : 0x12d6e    : auipc a5, 103              : IntAlu :  D=0x0000000000079d6e
6662500: system.cpu: T0 : 0x12d72    : ld a5, -1334(a5)           : MemRead :  D=0x000000000007a9c8 A=0x79838
6663000: system.cpu: T0 : 0x12d76    : c_ld a5, 32(a5)            : MemRead :  D=0x0000000000000000 A=0x7a9e8
6663500: system.cpu: T0 : 0x12d78    : bne a4, a5, 292            : IntAlu : 
6664000: system.cpu: T0 : 0x12d7c    : c_lui a5, 1048575          : IntAlu :  D=0xfffffffffffff000
6665000: system.cpu: T0 : 0x12d7e    : addi a4, s0, -16           : IntAlu :  D=0x7ffffffffffffde0
6665500: system.cpu: T0 : 0x12d82    : c_add a5, a4               : IntAlu :  D=0x7fffffffffffede0
6666000: system.cpu: T0 : 0x12d84    : auipc a4, 103              : IntAlu :  D=0x0000000000079d84
6666500: system.cpu: T0 : 0x12d88    : ld a4, -1356(a4)           : MemRead :  D=0x000000000007a9c8 A=0x79838
6667000: system.cpu: T0 : 0x12d8c    : c_ld a4, 0(a4)             : MemRead :  D=0x0000000000000000 A=0x7a9c8
6668000: system.cpu: T0 : 0x12d8e    : sd a4, 1792(a5)            : MemWrite :  D=0x0000000000000000 A=0x7ffffffffffff4e0
6668500: system.cpu: T0 : 0x12d92    : c_lui a5, 1048575          : IntAlu :  D=0xfffffffffffff000
6669000: system.cpu: T0 : 0x12d94    : addi a4, s0, -16           : IntAlu :  D=0x7ffffffffffffde0
6669500: system.cpu: T0 : 0x12d98    : c_add a5, a4               : IntAlu :  D=0x7fffffffffffede0
6670500: system.cpu: T0 : 0x12d9a    : auipc a4, 103              : IntAlu :  D=0x0000000000079d9a
6671500: system.cpu: T0 : 0x12d9e    : ld a4, -1378(a4)           : MemRead :  D=0x000000000007a9c8 A=0x79838
6672000: system.cpu: T0 : 0x12da2    : c_ld a4, 8(a4)             : MemRead :  D=0x0000000000000000 A=0x7a9d0
6672500: system.cpu: T0 : 0x12da4    : sd a4, 1800(a5)            : MemWrite :  D=0x0000000000000000 A=0x7ffffffffffff4e8
6673000: system.cpu: T0 : 0x12da8    : c_lui a5, 1048575          : IntAlu :  D=0xfffffffffffff000
6674000: system.cpu: T0 : 0x12daa    : addi a4, s0, -16           : IntAlu :  D=0x7ffffffffffffde0
6674500: system.cpu: T0 : 0x12dae    : c_add a4, a5               : IntAlu :  D=0x7fffffffffffede0
6675000: system.cpu: T0 : 0x12db0    : c_lui a5, 1048575          : IntAlu :  D=0xfffffffffffff000
6676000: system.cpu: T0 : 0x12db2    : addi a3, s0, -16           : IntAlu :  D=0x7ffffffffffffde0
6676500: system.cpu: T0 : 0x12db6    : c_add a5, a3               : IntAlu :  D=0x7fffffffffffede0
6677000: system.cpu: T0 : 0x12db8    : ld a4, 1800(a4)            : MemRead :  D=0x0000000000000000 A=0x7ffffffffffff4e8
6677500: system.cpu: T0 : 0x12dbc    : ld a5, 1792(a5)            : MemRead :  D=0x0000000000000000 A=0x7ffffffffffff4e0
6678000: system.cpu: T0 : 0x12dc0    : bge a5, a4, 220            : IntAlu : 
6678500: system.cpu: T0 : 0x12e9c    : auipc a5, 101              : IntAlu :  D=0x0000000000077e9c
6679000: system.cpu: T0 : 0x12ea0    : addi a5, a5, 360           : IntAlu :  D=0x0000000000078004
6679500: system.cpu: T0 : 0x12ea4    : c_lw a5, 0(a5)             : MemRead :  D=0x0000000000000005 A=0x78004
6680000: system.cpu: T0 : 0x12ea6    : c_addiw a5, 0              : IntAlu :  D=0x0000000000000005
6680500: system.cpu: T0 : 0x12ea8    : c_mv a4, a5                : IntAlu :  D=0x0000000000000005
6681000: system.cpu: T0 : 0x12eaa    : c_li a5, 4                 : IntAlu :  D=0x0000000000000004
6681500: system.cpu: T0 : 0x12eac    : bge a5, a4, 356            : IntAlu : 
6682000: system.cpu: T0 : 0x12eb0    : addi a5, gp, -960          : IntAlu :  D=0x0000000000079c88
6682500: system.cpu: T0 : 0x12eb4    : c_lw a5, 0(a5)             : MemRead :  D=0x0000000000000000 A=0x79c88
6683000: system.cpu: T0 : 0x12eb6    : c_addiw a5, 0              : IntAlu :  D=0x0000000000000000
6683500: system.cpu: T0 : 0x12eb8    : c_mv a4, a5                : IntAlu :  D=0x0000000000000000
6684000: system.cpu: T0 : 0x12eba    : c_li a5, 3                 : IntAlu :  D=0x0000000000000003
6684500: system.cpu: T0 : 0x12ebc    : blt a5, a4, 340            : IntAlu : 
6685000: system.cpu: T0 : 0x12ec0    : auipc a5, 103              : IntAlu :  D=0x0000000000079ec0
6685500: system.cpu: T0 : 0x12ec4    : ld a5, -1672(a5)           : MemRead :  D=0x000000000007a9c8 A=0x79838
6686000: system.cpu: T0 : 0x12ec8    : c_ld a4, 8(a5)             : MemRead :  D=0x0000000000000000 A=0x7a9d0
6687000: system.cpu: T0 : 0x12eca    : auipc a5, 103              : IntAlu :  D=0x0000000000079eca
6688000: system.cpu: T0 : 0x12ece    : ld a5, -1682(a5)           : MemRead :  D=0x000000000007a9c8 A=0x79838
6688500: system.cpu: T0 : 0x12ed2    : c_ld a5, 24(a5)            : MemRead :  D=0x0000000000000000 A=0x7a9e0
6689000: system.cpu: T0 : 0x12ed4    : bne a4, a5, 316            : IntAlu : 
6689500: system.cpu: T0 : 0x12ed8    : auipc a5, 103              : IntAlu :  D=0x0000000000079ed8
6690000: system.cpu: T0 : 0x12edc    : ld a5, -1696(a5)           : MemRead :  D=0x000000000007a9c8 A=0x79838
6690500: system.cpu: T0 : 0x12ee0    : c_ld a4, 8(a5)             : MemRead :  D=0x0000000000000000 A=0x7a9d0
6691500: system.cpu: T0 : 0x12ee2    : auipc a5, 103              : IntAlu :  D=0x0000000000079ee2
6692500: system.cpu: T0 : 0x12ee6    : ld a5, -1706(a5)           : MemRead :  D=0x000000000007a9c8 A=0x79838
6693000: system.cpu: T0 : 0x12eea    : c_ld a5, 32(a5)            : MemRead :  D=0x0000000000000000 A=0x7a9e8
6693500: system.cpu: T0 : 0x12eec    : bne a4, a5, 292            : IntAlu : 
6694000: system.cpu: T0 : 0x12ef0    : c_lui a5, 1048575          : IntAlu :  D=0xfffffffffffff000
6695000: system.cpu: T0 : 0x12ef2    : addi a4, s0, -16           : IntAlu :  D=0x7ffffffffffffde0
6695500: system.cpu: T0 : 0x12ef6    : c_add a5, a4               : IntAlu :  D=0x7fffffffffffede0
6696000: system.cpu: T0 : 0x12ef8    : auipc a4, 103              : IntAlu :  D=0x0000000000079ef8
6696500: system.cpu: T0 : 0x12efc    : ld a4, -1728(a4)           : MemRead :  D=0x000000000007a9c8 A=0x79838
6697000: system.cpu: T0 : 0x12f00    : c_ld a4, 0(a4)             : MemRead :  D=0x0000000000000000 A=0x7a9c8
6698000: system.cpu: T0 : 0x12f02    : sd a4, 1816(a5)            : MemWrite :  D=0x0000000000000000 A=0x7ffffffffffff4f8
6698500: system.cpu: T0 : 0x12f06    : c_lui a5, 1048575          : IntAlu :  D=0xfffffffffffff000
6699000: system.cpu: T0 : 0x12f08    : addi a4, s0, -16           : IntAlu :  D=0x7ffffffffffffde0
6699500: system.cpu: T0 : 0x12f0c    : c_add a5, a4               : IntAlu :  D=0x7fffffffffffede0
6700500: system.cpu: T0 : 0x12f0e    : auipc a4, 103              : IntAlu :  D=0x0000000000079f0e
6701500: system.cpu: T0 : 0x12f12    : ld a4, -1750(a4)           : MemRead :  D=0x000000000007a9c8 A=0x79838
6702000: system.cpu: T0 : 0x12f16    : c_ld a4, 8(a4)             : MemRead :  D=0x0000000000000000 A=0x7a9d0
6702500: system.cpu: T0 : 0x12f18    : sd a4, 1824(a5)            : MemWrite :  D=0x0000000000000000 A=0x7ffffffffffff500
6703000: system.cpu: T0 : 0x12f1c    : c_lui a5, 1048575          : IntAlu :  D=0xfffffffffffff000
6704000: system.cpu: T0 : 0x12f1e    : addi a4, s0, -16           : IntAlu :  D=0x7ffffffffffffde0
6704500: system.cpu: T0 : 0x12f22    : c_add a4, a5               : IntAlu :  D=0x7fffffffffffede0
6705000: system.cpu: T0 : 0x12f24    : c_lui a5, 1048575          : IntAlu :  D=0xfffffffffffff000
6706000: system.cpu: T0 : 0x12f26    : addi a3, s0, -16           : IntAlu :  D=0x7ffffffffffffde0
6706500: system.cpu: T0 : 0x12f2a    : c_add a5, a3               : IntAlu :  D=0x7fffffffffffede0
6707000: system.cpu: T0 : 0x12f2c    : ld a4, 1824(a4)            : MemRead :  D=0x0000000000000000 A=0x7ffffffffffff500
6707500: system.cpu: T0 : 0x12f30    : ld a5, 1816(a5)            : MemRead :  D=0x0000000000000000 A=0x7ffffffffffff4f8
6708000: system.cpu: T0 : 0x12f34    : bge a5, a4, 220            : IntAlu : 
6708500: system.cpu: T0 : 0x13010    : auipc a5, 101              : IntAlu :  D=0x0000000000078010
6709000: system.cpu: T0 : 0x13014    : addi a5, a5, -12           : IntAlu :  D=0x0000000000078004
6709500: system.cpu: T0 : 0x13018    : c_lw a5, 0(a5)             : MemRead :  D=0x0000000000000005 A=0x78004
6710000: system.cpu: T0 : 0x1301a    : c_addiw a5, 0              : IntAlu :  D=0x0000000000000005
6710500: system.cpu: T0 : 0x1301c    : c_mv a4, a5                : IntAlu :  D=0x0000000000000005
6711000: system.cpu: T0 : 0x1301e    : c_li a5, 4                 : IntAlu :  D=0x0000000000000004
6711500: system.cpu: T0 : 0x13020    : bge a5, a4, 356            : IntAlu : 
6712000: system.cpu: T0 : 0x13024    : addi a5, gp, -960          : IntAlu :  D=0x0000000000079c88
6712500: system.cpu: T0 : 0x13028    : c_lw a5, 0(a5)             : MemRead :  D=0x0000000000000000 A=0x79c88
6713000: system.cpu: T0 : 0x1302a    : c_addiw a5, 0              : IntAlu :  D=0x0000000000000000
6713500: system.cpu: T0 : 0x1302c    : c_mv a4, a5                : IntAlu :  D=0x0000000000000000
6714000: system.cpu: T0 : 0x1302e    : c_li a5, 3                 : IntAlu :  D=0x0000000000000003
6714500: system.cpu: T0 : 0x13030    : blt a5, a4, 340            : IntAlu : 
6715000: system.cpu: T0 : 0x13034    : auipc a5, 103              : IntAlu :  D=0x000000000007a034
6715500: system.cpu: T0 : 0x13038    : ld a5, -2044(a5)           : MemRead :  D=0x000000000007a9c8 A=0x79838
6716000: system.cpu: T0 : 0x1303c    : c_ld a4, 8(a5)             : MemRead :  D=0x0000000000000000 A=0x7a9d0
6717000: system.cpu: T0 : 0x1303e    : auipc a5, 102              : IntAlu :  D=0x000000000007903e
6718000: system.cpu: T0 : 0x13042    : ld a5, 2042(a5)            : MemRead :  D=0x000000000007a9c8 A=0x79838
6718500: system.cpu: T0 : 0x13046    : c_ld a5, 32(a5)            : MemRead :  D=0x0000000000000000 A=0x7a9e8
6719000: system.cpu: T0 : 0x13048    : bne a4, a5, 316            : IntAlu : 
6719500: system.cpu: T0 : 0x1304c    : auipc a5, 102              : IntAlu :  D=0x000000000007904c
6720000: system.cpu: T0 : 0x13050    : ld a5, 2028(a5)            : MemRead :  D=0x000000000007a9c8 A=0x79838
6720500: system.cpu: T0 : 0x13054    : c_ld a4, 8(a5)             : MemRead :  D=0x0000000000000000 A=0x7a9d0
6721500: system.cpu: T0 : 0x13056    : auipc a5, 102              : IntAlu :  D=0x0000000000079056
6722500: system.cpu: T0 : 0x1305a    : ld a5, 2018(a5)            : MemRead :  D=0x000000000007a9c8 A=0x79838
6723000: system.cpu: T0 : 0x1305e    : c_ld a5, 16(a5)            : MemRead :  D=0x0000000000000000 A=0x7a9d8
6723500: system.cpu: T0 : 0x13060    : bne a4, a5, 292            : IntAlu : 
6724000: system.cpu: T0 : 0x13064    : c_lui a5, 1048575          : IntAlu :  D=0xfffffffffffff000
6725000: system.cpu: T0 : 0x13066    : addi a4, s0, -16           : IntAlu :  D=0x7ffffffffffffde0
6725500: system.cpu: T0 : 0x1306a    : c_add a5, a4               : IntAlu :  D=0x7fffffffffffede0
6726000: system.cpu: T0 : 0x1306c    : auipc a4, 102              : IntAlu :  D=0x000000000007906c
6726500: system.cpu: T0 : 0x13070    : ld a4, 1996(a4)            : MemRead :  D=0x000000000007a9c8 A=0x79838
6727000: system.cpu: T0 : 0x13074    : c_ld a4, 0(a4)             : MemRead :  D=0x0000000000000000 A=0x7a9c8
6728000: system.cpu: T0 : 0x13076    : sd a4, 1840(a5)            : MemWrite :  D=0x0000000000000000 A=0x7ffffffffffff510
6728500: system.cpu: T0 : 0x1307a    : c_lui a5, 1048575          : IntAlu :  D=0xfffffffffffff000
6729000: system.cpu: T0 : 0x1307c    : addi a4, s0, -16           : IntAlu :  D=0x7ffffffffffffde0
6729500: system.cpu: T0 : 0x13080    : c_add a5, a4               : IntAlu :  D=0x7fffffffffffede0
6730500: system.cpu: T0 : 0x13082    : auipc a4, 102              : IntAlu :  D=0x0000000000079082
6731500: system.cpu: T0 : 0x13086    : ld a4, 1974(a4)            : MemRead :  D=0x000000000007a9c8 A=0x79838
6732000: system.cpu: T0 : 0x1308a    : c_ld a4, 8(a4)             : MemRead :  D=0x0000000000000000 A=0x7a9d0
6732500: system.cpu: T0 : 0x1308c    : sd a4, 1848(a5)            : MemWrite :  D=0x0000000000000000 A=0x7ffffffffffff518
6733000: system.cpu: T0 : 0x13090    : c_lui a5, 1048575          : IntAlu :  D=0xfffffffffffff000
6734000: system.cpu: T0 : 0x13092    : addi a4, s0, -16           : IntAlu :  D=0x7ffffffffffffde0
6734500: system.cpu: T0 : 0x13096    : c_add a4, a5               : IntAlu :  D=0x7fffffffffffede0
6735000: system.cpu: T0 : 0x13098    : c_lui a5, 1048575          : IntAlu :  D=0xfffffffffffff000
6736000: system.cpu: T0 : 0x1309a    : addi a3, s0, -16           : IntAlu :  D=0x7ffffffffffffde0
6736500: system.cpu: T0 : 0x1309e    : c_add a5, a3               : IntAlu :  D=0x7fffffffffffede0
6737000: system.cpu: T0 : 0x130a0    : ld a4, 1848(a4)            : MemRead :  D=0x0000000000000000 A=0x7ffffffffffff518
6737500: system.cpu: T0 : 0x130a4    : ld a5, 1840(a5)            : MemRead :  D=0x0000000000000000 A=0x7ffffffffffff510
6738000: system.cpu: T0 : 0x130a8    : bge a5, a4, 220            : IntAlu : 
6738500: system.cpu: T0 : 0x13184    : auipc a5, 101              : IntAlu :  D=0x0000000000078184
6739000: system.cpu: T0 : 0x13188    : addi a5, a5, -384          : IntAlu :  D=0x0000000000078004
6739500: system.cpu: T0 : 0x1318c    : c_lw a5, 0(a5)             : MemRead :  D=0x0000000000000005 A=0x78004
6740000: system.cpu: T0 : 0x1318e    : c_addiw a5, 0              : IntAlu :  D=0x0000000000000005
6740500: system.cpu: T0 : 0x13190    : c_mv a4, a5                : IntAlu :  D=0x0000000000000005
6741000: system.cpu: T0 : 0x13192    : c_li a5, 4                 : IntAlu :  D=0x0000000000000004
6741500: system.cpu: T0 : 0x13194    : bge a5, a4, 356            : IntAlu : 
6742000: system.cpu: T0 : 0x13198    : addi a5, gp, -960          : IntAlu :  D=0x0000000000079c88
6742500: system.cpu: T0 : 0x1319c    : c_lw a5, 0(a5)             : MemRead :  D=0x0000000000000000 A=0x79c88
6743000: system.cpu: T0 : 0x1319e    : c_addiw a5, 0              : IntAlu :  D=0x0000000000000000
6743500: system.cpu: T0 : 0x131a0    : c_mv a4, a5                : IntAlu :  D=0x0000000000000000
6744000: system.cpu: T0 : 0x131a2    : c_li a5, 3                 : IntAlu :  D=0x0000000000000003
6744500: system.cpu: T0 : 0x131a4    : blt a5, a4, 340            : IntAlu : 
6745000: system.cpu: T0 : 0x131a8    : auipc a5, 102              : IntAlu :  D=0x00000000000791a8
6745500: system.cpu: T0 : 0x131ac    : ld a5, 1680(a5)            : MemRead :  D=0x000000000007a9c8 A=0x79838
6746000: system.cpu: T0 : 0x131b0    : c_ld a4, 8(a5)             : MemRead :  D=0x0000000000000000 A=0x7a9d0
6747000: system.cpu: T0 : 0x131b2    : auipc a5, 102              : IntAlu :  D=0x00000000000791b2
6748000: system.cpu: T0 : 0x131b6    : ld a5, 1670(a5)            : MemRead :  D=0x000000000007a9c8 A=0x79838
6748500: system.cpu: T0 : 0x131ba    : c_ld a5, 32(a5)            : MemRead :  D=0x0000000000000000 A=0x7a9e8
6749000: system.cpu: T0 : 0x131bc    : bne a4, a5, 316            : IntAlu : 
6749500: system.cpu: T0 : 0x131c0    : auipc a5, 102              : IntAlu :  D=0x00000000000791c0
6750000: system.cpu: T0 : 0x131c4    : ld a5, 1656(a5)            : MemRead :  D=0x000000000007a9c8 A=0x79838
6750500: system.cpu: T0 : 0x131c8    : c_ld a4, 8(a5)             : MemRead :  D=0x0000000000000000 A=0x7a9d0
6751500: system.cpu: T0 : 0x131ca    : auipc a5, 102              : IntAlu :  D=0x00000000000791ca
6752500: system.cpu: T0 : 0x131ce    : ld a5, 1646(a5)            : MemRead :  D=0x000000000007a9c8 A=0x79838
6753000: system.cpu: T0 : 0x131d2    : c_ld a5, 24(a5)            : MemRead :  D=0x0000000000000000 A=0x7a9e0
6753500: system.cpu: T0 : 0x131d4    : bne a4, a5, 292            : IntAlu : 
6754000: system.cpu: T0 : 0x131d8    : c_lui a5, 1048575          : IntAlu :  D=0xfffffffffffff000
6755000: system.cpu: T0 : 0x131da    : addi a4, s0, -16           : IntAlu :  D=0x7ffffffffffffde0
6755500: system.cpu: T0 : 0x131de    : c_add a5, a4               : IntAlu :  D=0x7fffffffffffede0
6756000: system.cpu: T0 : 0x131e0    : auipc a4, 102              : IntAlu :  D=0x00000000000791e0
6756500: system.cpu: T0 : 0x131e4    : ld a4, 1624(a4)            : MemRead :  D=0x000000000007a9c8 A=0x79838
6757000: system.cpu: T0 : 0x131e8    : c_ld a4, 0(a4)             : MemRead :  D=0x0000000000000000 A=0x7a9c8
6758000: system.cpu: T0 : 0x131ea    : sd a4, 1864(a5)            : MemWrite :  D=0x0000000000000000 A=0x7ffffffffffff528
6758500: system.cpu: T0 : 0x131ee    : c_lui a5, 1048575          : IntAlu :  D=0xfffffffffffff000
6759000: system.cpu: T0 : 0x131f0    : addi a4, s0, -16           : IntAlu :  D=0x7ffffffffffffde0
6759500: system.cpu: T0 : 0x131f4    : c_add a5, a4               : IntAlu :  D=0x7fffffffffffede0
6760500: system.cpu: T0 : 0x131f6    : auipc a4, 102              : IntAlu :  D=0x00000000000791f6
6761500: system.cpu: T0 : 0x131fa    : ld a4, 1602(a4)            : MemRead :  D=0x000000000007a9c8 A=0x79838
6762000: system.cpu: T0 : 0x131fe    : c_ld a4, 8(a4)             : MemRead :  D=0x0000000000000000 A=0x7a9d0
6762500: system.cpu: T0 : 0x13200    : sd a4, 1872(a5)            : MemWrite :  D=0x0000000000000000 A=0x7ffffffffffff530
6763000: system.cpu: T0 : 0x13204    : c_lui a5, 1048575          : IntAlu :  D=0xfffffffffffff000
6764000: system.cpu: T0 : 0x13206    : addi a4, s0, -16           : IntAlu :  D=0x7ffffffffffffde0
6764500: system.cpu: T0 : 0x1320a    : c_add a4, a5               : IntAlu :  D=0x7fffffffffffede0
6765000: system.cpu: T0 : 0x1320c    : c_lui a5, 1048575          : IntAlu :  D=0xfffffffffffff000
6766000: system.cpu: T0 : 0x1320e    : addi a3, s0, -16           : IntAlu :  D=0x7ffffffffffffde0
6766500: system.cpu: T0 : 0x13212    : c_add a5, a3               : IntAlu :  D=0x7fffffffffffede0
6767000: system.cpu: T0 : 0x13214    : ld a4, 1872(a4)            : MemRead :  D=0x0000000000000000 A=0x7ffffffffffff530
6767500: system.cpu: T0 : 0x13218    : ld a5, 1864(a5)            : MemRead :  D=0x0000000000000000 A=0x7ffffffffffff528
6768000: system.cpu: T0 : 0x1321c    : bge a5, a4, 220            : IntAlu : 
6768500: system.cpu: T0 : 0x132f8    : auipc a5, 101              : IntAlu :  D=0x00000000000782f8
6769000: system.cpu: T0 : 0x132fc    : addi a5, a5, -756          : IntAlu :  D=0x0000000000078004
6769500: system.cpu: T0 : 0x13300    : c_lw a5, 0(a5)             : MemRead :  D=0x0000000000000005 A=0x78004
6770000: system.cpu: T0 : 0x13302    : c_addiw a5, 0              : IntAlu :  D=0x0000000000000005
6770500: system.cpu: T0 : 0x13304    : c_mv a4, a5                : IntAlu :  D=0x0000000000000005
6771000: system.cpu: T0 : 0x13306    : c_li a5, 4                 : IntAlu :  D=0x0000000000000004
6771500: system.cpu: T0 : 0x13308    : bge a5, a4, 356            : IntAlu : 
6772000: system.cpu: T0 : 0x1330c    : addi a5, gp, -960          : IntAlu :  D=0x0000000000079c88
6772500: system.cpu: T0 : 0x13310    : c_lw a5, 0(a5)             : MemRead :  D=0x0000000000000000 A=0x79c88
6773000: system.cpu: T0 : 0x13312    : c_addiw a5, 0              : IntAlu :  D=0x0000000000000000
6773500: system.cpu: T0 : 0x13314    : c_mv a4, a5                : IntAlu :  D=0x0000000000000000
6774000: system.cpu: T0 : 0x13316    : c_li a5, 3                 : IntAlu :  D=0x0000000000000003
6774500: system.cpu: T0 : 0x13318    : blt a5, a4, 340            : IntAlu : 
6775000: system.cpu: T0 : 0x1331c    : auipc a5, 102              : IntAlu :  D=0x000000000007931c
6775500: system.cpu: T0 : 0x13320    : ld a5, 1308(a5)            : MemRead :  D=0x000000000007a9c8 A=0x79838
6776000: system.cpu: T0 : 0x13324    : c_ld a4, 16(a5)            : MemRead :  D=0x0000000000000000 A=0x7a9d8
6777000: system.cpu: T0 : 0x13326    : auipc a5, 102              : IntAlu :  D=0x0000000000079326
6778000: system.cpu: T0 : 0x1332a    : ld a5, 1298(a5)            : MemRead :  D=0x000000000007a9c8 A=0x79838
6778500: system.cpu: T0 : 0x1332e    : c_ld a5, 8(a5)             : MemRead :  D=0x0000000000000000 A=0x7a9d0
6779000: system.cpu: T0 : 0x13330    : bne a4, a5, 316            : IntAlu : 
6779500: system.cpu: T0 : 0x13334    : auipc a5, 102              : IntAlu :  D=0x0000000000079334
6780000: system.cpu: T0 : 0x13338    : ld a5, 1284(a5)            : MemRead :  D=0x000000000007a9c8 A=0x79838
6780500: system.cpu: T0 : 0x1333c    : c_ld a4, 16(a5)            : MemRead :  D=0x0000000000000000 A=0x7a9d8
6781500: system.cpu: T0 : 0x1333e    : auipc a5, 102              : IntAlu :  D=0x000000000007933e
6782500: system.cpu: T0 : 0x13342    : ld a5, 1274(a5)            : MemRead :  D=0x000000000007a9c8 A=0x79838
6783000: system.cpu: T0 : 0x13346    : c_ld a5, 32(a5)            : MemRead :  D=0x0000000000000000 A=0x7a9e8
6783500: system.cpu: T0 : 0x13348    : bne a4, a5, 292            : IntAlu : 
6784000: system.cpu: T0 : 0x1334c    : c_lui a5, 1048575          : IntAlu :  D=0xfffffffffffff000
6785000: system.cpu: T0 : 0x1334e    : addi a4, s0, -16           : IntAlu :  D=0x7ffffffffffffde0
6785500: system.cpu: T0 : 0x13352    : c_add a5, a4               : IntAlu :  D=0x7fffffffffffede0
6786000: system.cpu: T0 : 0x13354    : auipc a4, 102              : IntAlu :  D=0x0000000000079354
6786500: system.cpu: T0 : 0x13358    : ld a4, 1252(a4)            : MemRead :  D=0x000000000007a9c8 A=0x79838
6787000: system.cpu: T0 : 0x1335c    : c_ld a4, 0(a4)             : MemRead :  D=0x0000000000000000 A=0x7a9c8
6788000: system.cpu: T0 : 0x1335e    : sd a4, 1888(a5)            : MemWrite :  D=0x0000000000000000 A=0x7ffffffffffff540
6788500: system.cpu: T0 : 0x13362    : c_lui a5, 1048575          : IntAlu :  D=0xfffffffffffff000
6789000: system.cpu: T0 : 0x13364    : addi a4, s0, -16           : IntAlu :  D=0x7ffffffffffffde0
6789500: system.cpu: T0 : 0x13368    : c_add a5, a4               : IntAlu :  D=0x7fffffffffffede0
6790500: system.cpu: T0 : 0x1336a    : auipc a4, 102              : IntAlu :  D=0x000000000007936a
6791500: system.cpu: T0 : 0x1336e    : ld a4, 1230(a4)            : MemRead :  D=0x000000000007a9c8 A=0x79838
6792000: system.cpu: T0 : 0x13372    : c_ld a4, 16(a4)            : MemRead :  D=0x0000000000000000 A=0x7a9d8
6792500: system.cpu: T0 : 0x13374    : sd a4, 1896(a5)            : MemWrite :  D=0x0000000000000000 A=0x7ffffffffffff548
6793000: system.cpu: T0 : 0x13378    : c_lui a5, 1048575          : IntAlu :  D=0xfffffffffffff000
6794000: system.cpu: T0 : 0x1337a    : addi a4, s0, -16           : IntAlu :  D=0x7ffffffffffffde0
6794500: system.cpu: T0 : 0x1337e    : c_add a4, a5               : IntAlu :  D=0x7fffffffffffede0
6795000: system.cpu: T0 : 0x13380    : c_lui a5, 1048575          : IntAlu :  D=0xfffffffffffff000
6796000: system.cpu: T0 : 0x13382    : addi a3, s0, -16           : IntAlu :  D=0x7ffffffffffffde0
6796500: system.cpu: T0 : 0x13386    : c_add a5, a3               : IntAlu :  D=0x7fffffffffffede0
6797000: system.cpu: T0 : 0x13388    : ld a4, 1896(a4)            : MemRead :  D=0x0000000000000000 A=0x7ffffffffffff548
6797500: system.cpu: T0 : 0x1338c    : ld a5, 1888(a5)            : MemRead :  D=0x0000000000000000 A=0x7ffffffffffff540
6798000: system.cpu: T0 : 0x13390    : bge a5, a4, 220            : IntAlu : 
6798500: system.cpu: T0 : 0x1346c    : auipc a5, 101              : IntAlu :  D=0x000000000007846c
6799000: system.cpu: T0 : 0x13470    : addi a5, a5, -1128         : IntAlu :  D=0x0000000000078004
6799500: system.cpu: T0 : 0x13474    : c_lw a5, 0(a5)             : MemRead :  D=0x0000000000000005 A=0x78004
6800000: system.cpu: T0 : 0x13476    : c_addiw a5, 0              : IntAlu :  D=0x0000000000000005
6800500: system.cpu: T0 : 0x13478    : c_mv a4, a5                : IntAlu :  D=0x0000000000000005
6801000: system.cpu: T0 : 0x1347a    : c_li a5, 4                 : IntAlu :  D=0x0000000000000004
6801500: system.cpu: T0 : 0x1347c    : bge a5, a4, 356            : IntAlu : 
6802000: system.cpu: T0 : 0x13480    : addi a5, gp, -960          : IntAlu :  D=0x0000000000079c88
6802500: system.cpu: T0 : 0x13484    : c_lw a5, 0(a5)             : MemRead :  D=0x0000000000000000 A=0x79c88
6803000: system.cpu: T0 : 0x13486    : c_addiw a5, 0              : IntAlu :  D=0x0000000000000000
6803500: system.cpu: T0 : 0x13488    : c_mv a4, a5                : IntAlu :  D=0x0000000000000000
6804000: system.cpu: T0 : 0x1348a    : c_li a5, 3                 : IntAlu :  D=0x0000000000000003
6804500: system.cpu: T0 : 0x1348c    : blt a5, a4, 340            : IntAlu : 
6805000: system.cpu: T0 : 0x13490    : auipc a5, 102              : IntAlu :  D=0x0000000000079490
6805500: system.cpu: T0 : 0x13494    : ld a5, 936(a5)             : MemRead :  D=0x000000000007a9c8 A=0x79838
6806000: system.cpu: T0 : 0x13498    : c_ld a4, 16(a5)            : MemRead :  D=0x0000000000000000 A=0x7a9d8
6807000: system.cpu: T0 : 0x1349a    : auipc a5, 102              : IntAlu :  D=0x000000000007949a
6808000: system.cpu: T0 : 0x1349e    : ld a5, 926(a5)             : MemRead :  D=0x000000000007a9c8 A=0x79838
6808500: system.cpu: T0 : 0x134a2    : c_ld a5, 24(a5)            : MemRead :  D=0x0000000000000000 A=0x7a9e0
6809000: system.cpu: T0 : 0x134a4    : bne a4, a5, 316            : IntAlu : 
6809500: system.cpu: T0 : 0x134a8    : auipc a5, 102              : IntAlu :  D=0x00000000000794a8
6810000: system.cpu: T0 : 0x134ac    : ld a5, 912(a5)             : MemRead :  D=0x000000000007a9c8 A=0x79838
6810500: system.cpu: T0 : 0x134b0    : c_ld a4, 16(a5)            : MemRead :  D=0x0000000000000000 A=0x7a9d8
6811500: system.cpu: T0 : 0x134b2    : auipc a5, 102              : IntAlu :  D=0x00000000000794b2
6812500: system.cpu: T0 : 0x134b6    : ld a5, 902(a5)             : MemRead :  D=0x000000000007a9c8 A=0x79838
6813000: system.cpu: T0 : 0x134ba    : c_ld a5, 32(a5)            : MemRead :  D=0x0000000000000000 A=0x7a9e8
6813500: system.cpu: T0 : 0x134bc    : bne a4, a5, 292            : IntAlu : 
6814000: system.cpu: T0 : 0x134c0    : c_lui a5, 1048575          : IntAlu :  D=0xfffffffffffff000
6815000: system.cpu: T0 : 0x134c2    : addi a4, s0, -16           : IntAlu :  D=0x7ffffffffffffde0
6815500: system.cpu: T0 : 0x134c6    : c_add a5, a4               : IntAlu :  D=0x7fffffffffffede0
6816000: system.cpu: T0 : 0x134c8    : auipc a4, 102              : IntAlu :  D=0x00000000000794c8
6816500: system.cpu: T0 : 0x134cc    : ld a4, 880(a4)             : MemRead :  D=0x000000000007a9c8 A=0x79838
6817000: system.cpu: T0 : 0x134d0    : c_ld a4, 0(a4)             : MemRead :  D=0x0000000000000000 A=0x7a9c8
6818000: system.cpu: T0 : 0x134d2    : sd a4, 1912(a5)            : MemWrite :  D=0x0000000000000000 A=0x7ffffffffffff558
6818500: system.cpu: T0 : 0x134d6    : c_lui a5, 1048575          : IntAlu :  D=0xfffffffffffff000
6819000: system.cpu: T0 : 0x134d8    : addi a4, s0, -16           : IntAlu :  D=0x7ffffffffffffde0
6819500: system.cpu: T0 : 0x134dc    : c_add a5, a4               : IntAlu :  D=0x7fffffffffffede0
6820500: system.cpu: T0 : 0x134de    : auipc a4, 102              : IntAlu :  D=0x00000000000794de
6821500: system.cpu: T0 : 0x134e2    : ld a4, 858(a4)             : MemRead :  D=0x000000000007a9c8 A=0x79838
6822000: system.cpu: T0 : 0x134e6    : c_ld a4, 16(a4)            : MemRead :  D=0x0000000000000000 A=0x7a9d8
6822500: system.cpu: T0 : 0x134e8    : sd a4, 1920(a5)            : MemWrite :  D=0x0000000000000000 A=0x7ffffffffffff560
6823000: system.cpu: T0 : 0x134ec    : c_lui a5, 1048575          : IntAlu :  D=0xfffffffffffff000
6824000: system.cpu: T0 : 0x134ee    : addi a4, s0, -16           : IntAlu :  D=0x7ffffffffffffde0
6824500: system.cpu: T0 : 0x134f2    : c_add a4, a5               : IntAlu :  D=0x7fffffffffffede0
6825000: system.cpu: T0 : 0x134f4    : c_lui a5, 1048575          : IntAlu :  D=0xfffffffffffff000
6826000: system.cpu: T0 : 0x134f6    : addi a3, s0, -16           : IntAlu :  D=0x7ffffffffffffde0
6826500: system.cpu: T0 : 0x134fa    : c_add a5, a3               : IntAlu :  D=0x7fffffffffffede0
6827000: system.cpu: T0 : 0x134fc    : ld a4, 1920(a4)            : MemRead :  D=0x0000000000000000 A=0x7ffffffffffff560
6827500: system.cpu: T0 : 0x13500    : ld a5, 1912(a5)            : MemRead :  D=0x0000000000000000 A=0x7ffffffffffff558
6828000: system.cpu: T0 : 0x13504    : bge a5, a4, 220            : IntAlu : 
6828500: system.cpu: T0 : 0x135e0    : auipc a5, 101              : IntAlu :  D=0x00000000000785e0
6829000: system.cpu: T0 : 0x135e4    : addi a5, a5, -1500         : IntAlu :  D=0x0000000000078004
6829500: system.cpu: T0 : 0x135e8    : c_lw a5, 0(a5)             : MemRead :  D=0x0000000000000005 A=0x78004
6830000: system.cpu: T0 : 0x135ea    : c_addiw a5, 0              : IntAlu :  D=0x0000000000000005
6830500: system.cpu: T0 : 0x135ec    : c_mv a4, a5                : IntAlu :  D=0x0000000000000005
6831000: system.cpu: T0 : 0x135ee    : c_li a5, 4                 : IntAlu :  D=0x0000000000000004
6831500: system.cpu: T0 : 0x135f0    : bge a5, a4, 356            : IntAlu : 
6832000: system.cpu: T0 : 0x135f4    : addi a5, gp, -960          : IntAlu :  D=0x0000000000079c88
6832500: system.cpu: T0 : 0x135f8    : c_lw a5, 0(a5)             : MemRead :  D=0x0000000000000000 A=0x79c88
6833000: system.cpu: T0 : 0x135fa    : c_addiw a5, 0              : IntAlu :  D=0x0000000000000000
6833500: system.cpu: T0 : 0x135fc    : c_mv a4, a5                : IntAlu :  D=0x0000000000000000
6834000: system.cpu: T0 : 0x135fe    : c_li a5, 3                 : IntAlu :  D=0x0000000000000003
6834500: system.cpu: T0 : 0x13600    : blt a5, a4, 340            : IntAlu : 
6835000: system.cpu: T0 : 0x13604    : auipc a5, 102              : IntAlu :  D=0x0000000000079604
6835500: system.cpu: T0 : 0x13608    : ld a5, 564(a5)             : MemRead :  D=0x000000000007a9c8 A=0x79838
6836000: system.cpu: T0 : 0x1360c    : c_ld a4, 16(a5)            : MemRead :  D=0x0000000000000000 A=0x7a9d8
6837000: system.cpu: T0 : 0x1360e    : auipc a5, 102              : IntAlu :  D=0x000000000007960e
6838000: system.cpu: T0 : 0x13612    : ld a5, 554(a5)             : MemRead :  D=0x000000000007a9c8 A=0x79838
6838500: system.cpu: T0 : 0x13616    : c_ld a5, 32(a5)            : MemRead :  D=0x0000000000000000 A=0x7a9e8
6839000: system.cpu: T0 : 0x13618    : bne a4, a5, 316            : IntAlu : 
6839500: system.cpu: T0 : 0x1361c    : auipc a5, 102              : IntAlu :  D=0x000000000007961c
6840000: system.cpu: T0 : 0x13620    : ld a5, 540(a5)             : MemRead :  D=0x000000000007a9c8 A=0x79838
6840500: system.cpu: T0 : 0x13624    : c_ld a4, 16(a5)            : MemRead :  D=0x0000000000000000 A=0x7a9d8
6841500: system.cpu: T0 : 0x13626    : auipc a5, 102              : IntAlu :  D=0x0000000000079626
6842500: system.cpu: T0 : 0x1362a    : ld a5, 530(a5)             : MemRead :  D=0x000000000007a9c8 A=0x79838
6843000: system.cpu: T0 : 0x1362e    : c_ld a5, 8(a5)             : MemRead :  D=0x0000000000000000 A=0x7a9d0
6843500: system.cpu: T0 : 0x13630    : bne a4, a5, 292            : IntAlu : 
6844000: system.cpu: T0 : 0x13634    : c_lui a5, 1048575          : IntAlu :  D=0xfffffffffffff000
6845000: system.cpu: T0 : 0x13636    : addi a4, s0, -16           : IntAlu :  D=0x7ffffffffffffde0
6845500: system.cpu: T0 : 0x1363a    : c_add a5, a4               : IntAlu :  D=0x7fffffffffffede0
6846000: system.cpu: T0 : 0x1363c    : auipc a4, 102              : IntAlu :  D=0x000000000007963c
6846500: system.cpu: T0 : 0x13640    : ld a4, 508(a4)             : MemRead :  D=0x000000000007a9c8 A=0x79838
6847000: system.cpu: T0 : 0x13644    : c_ld a4, 0(a4)             : MemRead :  D=0x0000000000000000 A=0x7a9c8
6848000: system.cpu: T0 : 0x13646    : sd a4, 1936(a5)            : MemWrite :  D=0x0000000000000000 A=0x7ffffffffffff570
6848500: system.cpu: T0 : 0x1364a    : c_lui a5, 1048575          : IntAlu :  D=0xfffffffffffff000
6849000: system.cpu: T0 : 0x1364c    : addi a4, s0, -16           : IntAlu :  D=0x7ffffffffffffde0
6849500: system.cpu: T0 : 0x13650    : c_add a5, a4               : IntAlu :  D=0x7fffffffffffede0
6850500: system.cpu: T0 : 0x13652    : auipc a4, 102              : IntAlu :  D=0x0000000000079652
6851500: system.cpu: T0 : 0x13656    : ld a4, 486(a4)             : MemRead :  D=0x000000000007a9c8 A=0x79838
6852000: system.cpu: T0 : 0x1365a    : c_ld a4, 16(a4)            : MemRead :  D=0x0000000000000000 A=0x7a9d8
6852500: system.cpu: T0 : 0x1365c    : sd a4, 1944(a5)            : MemWrite :  D=0x0000000000000000 A=0x7ffffffffffff578
6853000: system.cpu: T0 : 0x13660    : c_lui a5, 1048575          : IntAlu :  D=0xfffffffffffff000
6854000: system.cpu: T0 : 0x13662    : addi a4, s0, -16           : IntAlu :  D=0x7ffffffffffffde0
6854500: system.cpu: T0 : 0x13666    : c_add a4, a5               : IntAlu :  D=0x7fffffffffffede0
6855000: system.cpu: T0 : 0x13668    : c_lui a5, 1048575          : IntAlu :  D=0xfffffffffffff000
6856000: system.cpu: T0 : 0x1366a    : addi a3, s0, -16           : IntAlu :  D=0x7ffffffffffffde0
6856500: system.cpu: T0 : 0x1366e    : c_add a5, a3               : IntAlu :  D=0x7fffffffffffede0
6857000: system.cpu: T0 : 0x13670    : ld a4, 1944(a4)            : MemRead :  D=0x0000000000000000 A=0x7ffffffffffff578
6857500: system.cpu: T0 : 0x13674    : ld a5, 1936(a5)            : MemRead :  D=0x0000000000000000 A=0x7ffffffffffff570
6858000: system.cpu: T0 : 0x13678    : bge a5, a4, 220            : IntAlu : 
6858500: system.cpu: T0 : 0x13754    : auipc a5, 101              : IntAlu :  D=0x0000000000078754
6859000: system.cpu: T0 : 0x13758    : addi a5, a5, -1872         : IntAlu :  D=0x0000000000078004
6859500: system.cpu: T0 : 0x1375c    : c_lw a5, 0(a5)             : MemRead :  D=0x0000000000000005 A=0x78004
6860000: system.cpu: T0 : 0x1375e    : c_addiw a5, 0              : IntAlu :  D=0x0000000000000005
6860500: system.cpu: T0 : 0x13760    : c_mv a4, a5                : IntAlu :  D=0x0000000000000005
6861000: system.cpu: T0 : 0x13762    : c_li a5, 4                 : IntAlu :  D=0x0000000000000004
6861500: system.cpu: T0 : 0x13764    : bge a5, a4, 356            : IntAlu : 
6862000: system.cpu: T0 : 0x13768    : addi a5, gp, -960          : IntAlu :  D=0x0000000000079c88
6862500: system.cpu: T0 : 0x1376c    : c_lw a5, 0(a5)             : MemRead :  D=0x0000000000000000 A=0x79c88
6863000: system.cpu: T0 : 0x1376e    : c_addiw a5, 0              : IntAlu :  D=0x0000000000000000
6863500: system.cpu: T0 : 0x13770    : c_mv a4, a5                : IntAlu :  D=0x0000000000000000
6864000: system.cpu: T0 : 0x13772    : c_li a5, 3                 : IntAlu :  D=0x0000000000000003
6864500: system.cpu: T0 : 0x13774    : blt a5, a4, 340            : IntAlu : 
6865000: system.cpu: T0 : 0x13778    : auipc a5, 102              : IntAlu :  D=0x0000000000079778
6865500: system.cpu: T0 : 0x1377c    : ld a5, 192(a5)             : MemRead :  D=0x000000000007a9c8 A=0x79838
6866000: system.cpu: T0 : 0x13780    : c_ld a4, 16(a5)            : MemRead :  D=0x0000000000000000 A=0x7a9d8
6867000: system.cpu: T0 : 0x13782    : auipc a5, 102              : IntAlu :  D=0x0000000000079782
6868000: system.cpu: T0 : 0x13786    : ld a5, 182(a5)             : MemRead :  D=0x000000000007a9c8 A=0x79838
6868500: system.cpu: T0 : 0x1378a    : c_ld a5, 32(a5)            : MemRead :  D=0x0000000000000000 A=0x7a9e8
6869000: system.cpu: T0 : 0x1378c    : bne a4, a5, 316            : IntAlu : 
6869500: system.cpu: T0 : 0x13790    : auipc a5, 102              : IntAlu :  D=0x0000000000079790
6870000: system.cpu: T0 : 0x13794    : ld a5, 168(a5)             : MemRead :  D=0x000000000007a9c8 A=0x79838
6870500: system.cpu: T0 : 0x13798    : c_ld a4, 16(a5)            : MemRead :  D=0x0000000000000000 A=0x7a9d8
6871500: system.cpu: T0 : 0x1379a    : auipc a5, 102              : IntAlu :  D=0x000000000007979a
6872500: system.cpu: T0 : 0x1379e    : ld a5, 158(a5)             : MemRead :  D=0x000000000007a9c8 A=0x79838
6873000: system.cpu: T0 : 0x137a2    : c_ld a5, 24(a5)            : MemRead :  D=0x0000000000000000 A=0x7a9e0
6873500: system.cpu: T0 : 0x137a4    : bne a4, a5, 292            : IntAlu : 
6874000: system.cpu: T0 : 0x137a8    : c_lui a5, 1048575          : IntAlu :  D=0xfffffffffffff000
6875000: system.cpu: T0 : 0x137aa    : addi a4, s0, -16           : IntAlu :  D=0x7ffffffffffffde0
6875500: system.cpu: T0 : 0x137ae    : c_add a5, a4               : IntAlu :  D=0x7fffffffffffede0
6876000: system.cpu: T0 : 0x137b0    : auipc a4, 102              : IntAlu :  D=0x00000000000797b0
6876500: system.cpu: T0 : 0x137b4    : ld a4, 136(a4)             : MemRead :  D=0x000000000007a9c8 A=0x79838
6877000: system.cpu: T0 : 0x137b8    : c_ld a4, 0(a4)             : MemRead :  D=0x0000000000000000 A=0x7a9c8
6878000: system.cpu: T0 : 0x137ba    : sd a4, 1960(a5)            : MemWrite :  D=0x0000000000000000 A=0x7ffffffffffff588
6878500: system.cpu: T0 : 0x137be    : c_lui a5, 1048575          : IntAlu :  D=0xfffffffffffff000
6879000: system.cpu: T0 : 0x137c0    : addi a4, s0, -16           : IntAlu :  D=0x7ffffffffffffde0
6879500: system.cpu: T0 : 0x137c4    : c_add a5, a4               : IntAlu :  D=0x7fffffffffffede0
6880500: system.cpu: T0 : 0x137c6    : auipc a4, 102              : IntAlu :  D=0x00000000000797c6
6881500: system.cpu: T0 : 0x137ca    : ld a4, 114(a4)             : MemRead :  D=0x000000000007a9c8 A=0x79838
6882000: system.cpu: T0 : 0x137ce    : c_ld a4, 16(a4)            : MemRead :  D=0x0000000000000000 A=0x7a9d8
6882500: system.cpu: T0 : 0x137d0    : sd a4, 1968(a5)            : MemWrite :  D=0x0000000000000000 A=0x7ffffffffffff590
6883000: system.cpu: T0 : 0x137d4    : c_lui a5, 1048575          : IntAlu :  D=0xfffffffffffff000
6884000: system.cpu: T0 : 0x137d6    : addi a4, s0, -16           : IntAlu :  D=0x7ffffffffffffde0
6884500: system.cpu: T0 : 0x137da    : c_add a4, a5               : IntAlu :  D=0x7fffffffffffede0
6885000: system.cpu: T0 : 0x137dc    : c_lui a5, 1048575          : IntAlu :  D=0xfffffffffffff000
6886000: system.cpu: T0 : 0x137de    : addi a3, s0, -16           : IntAlu :  D=0x7ffffffffffffde0
6886500: system.cpu: T0 : 0x137e2    : c_add a5, a3               : IntAlu :  D=0x7fffffffffffede0
6887000: system.cpu: T0 : 0x137e4    : ld a4, 1968(a4)            : MemRead :  D=0x0000000000000000 A=0x7ffffffffffff590
6887500: system.cpu: T0 : 0x137e8    : ld a5, 1960(a5)            : MemRead :  D=0x0000000000000000 A=0x7ffffffffffff588
6888000: system.cpu: T0 : 0x137ec    : bge a5, a4, 220            : IntAlu : 
6888500: system.cpu: T0 : 0x138c8    : auipc a5, 100              : IntAlu :  D=0x00000000000778c8
6889000: system.cpu: T0 : 0x138cc    : addi a5, a5, 1852          : IntAlu :  D=0x0000000000078004
6889500: system.cpu: T0 : 0x138d0    : c_lw a5, 0(a5)             : MemRead :  D=0x0000000000000005 A=0x78004
6890000: system.cpu: T0 : 0x138d2    : c_addiw a5, 0              : IntAlu :  D=0x0000000000000005
6890500: system.cpu: T0 : 0x138d4    : c_mv a4, a5                : IntAlu :  D=0x0000000000000005
6891000: system.cpu: T0 : 0x138d6    : c_li a5, 4                 : IntAlu :  D=0x0000000000000004
6891500: system.cpu: T0 : 0x138d8    : bge a5, a4, 356            : IntAlu : 
6892000: system.cpu: T0 : 0x138dc    : addi a5, gp, -960          : IntAlu :  D=0x0000000000079c88
6892500: system.cpu: T0 : 0x138e0    : c_lw a5, 0(a5)             : MemRead :  D=0x0000000000000000 A=0x79c88
6893000: system.cpu: T0 : 0x138e2    : c_addiw a5, 0              : IntAlu :  D=0x0000000000000000
6893500: system.cpu: T0 : 0x138e4    : c_mv a4, a5                : IntAlu :  D=0x0000000000000000
6894000: system.cpu: T0 : 0x138e6    : c_li a5, 3                 : IntAlu :  D=0x0000000000000003
6894500: system.cpu: T0 : 0x138e8    : blt a5, a4, 340            : IntAlu : 
6895000: system.cpu: T0 : 0x138ec    : auipc a5, 102              : IntAlu :  D=0x00000000000798ec
6895500: system.cpu: T0 : 0x138f0    : ld a5, -180(a5)            : MemRead :  D=0x000000000007a9c8 A=0x79838
6896000: system.cpu: T0 : 0x138f4    : c_ld a4, 24(a5)            : MemRead :  D=0x0000000000000000 A=0x7a9e0
6897000: system.cpu: T0 : 0x138f6    : auipc a5, 102              : IntAlu :  D=0x00000000000798f6
6898000: system.cpu: T0 : 0x138fa    : ld a5, -190(a5)            : MemRead :  D=0x000000000007a9c8 A=0x79838
6898500: system.cpu: T0 : 0x138fe    : c_ld a5, 8(a5)             : MemRead :  D=0x0000000000000000 A=0x7a9d0
6899000: system.cpu: T0 : 0x13900    : bne a4, a5, 316            : IntAlu : 
6899500: system.cpu: T0 : 0x13904    : auipc a5, 102              : IntAlu :  D=0x0000000000079904
6900000: system.cpu: T0 : 0x13908    : ld a5, -204(a5)            : MemRead :  D=0x000000000007a9c8 A=0x79838
6900500: system.cpu: T0 : 0x1390c    : c_ld a4, 24(a5)            : MemRead :  D=0x0000000000000000 A=0x7a9e0
6901500: system.cpu: T0 : 0x1390e    : auipc a5, 102              : IntAlu :  D=0x000000000007990e
6902500: system.cpu: T0 : 0x13912    : ld a5, -214(a5)            : MemRead :  D=0x000000000007a9c8 A=0x79838
6903000: system.cpu: T0 : 0x13916    : c_ld a5, 32(a5)            : MemRead :  D=0x0000000000000000 A=0x7a9e8
6903500: system.cpu: T0 : 0x13918    : bne a4, a5, 292            : IntAlu : 
6904000: system.cpu: T0 : 0x1391c    : c_lui a5, 1048575          : IntAlu :  D=0xfffffffffffff000
6905000: system.cpu: T0 : 0x1391e    : addi a4, s0, -16           : IntAlu :  D=0x7ffffffffffffde0
6905500: system.cpu: T0 : 0x13922    : c_add a5, a4               : IntAlu :  D=0x7fffffffffffede0
6906000: system.cpu: T0 : 0x13924    : auipc a4, 102              : IntAlu :  D=0x0000000000079924
6906500: system.cpu: T0 : 0x13928    : ld a4, -236(a4)            : MemRead :  D=0x000000000007a9c8 A=0x79838
6907000: system.cpu: T0 : 0x1392c    : c_ld a4, 0(a4)             : MemRead :  D=0x0000000000000000 A=0x7a9c8
6908000: system.cpu: T0 : 0x1392e    : sd a4, 1984(a5)            : MemWrite :  D=0x0000000000000000 A=0x7ffffffffffff5a0
6908500: system.cpu: T0 : 0x13932    : c_lui a5, 1048575          : IntAlu :  D=0xfffffffffffff000
6909000: system.cpu: T0 : 0x13934    : addi a4, s0, -16           : IntAlu :  D=0x7ffffffffffffde0
6909500: system.cpu: T0 : 0x13938    : c_add a5, a4               : IntAlu :  D=0x7fffffffffffede0
6910500: system.cpu: T0 : 0x1393a    : auipc a4, 102              : IntAlu :  D=0x000000000007993a
6911500: system.cpu: T0 : 0x1393e    : ld a4, -258(a4)            : MemRead :  D=0x000000000007a9c8 A=0x79838
6912000: system.cpu: T0 : 0x13942    : c_ld a4, 24(a4)            : MemRead :  D=0x0000000000000000 A=0x7a9e0
6912500: system.cpu: T0 : 0x13944    : sd a4, 1992(a5)            : MemWrite :  D=0x0000000000000000 A=0x7ffffffffffff5a8
6913000: system.cpu: T0 : 0x13948    : c_lui a5, 1048575          : IntAlu :  D=0xfffffffffffff000
6914000: system.cpu: T0 : 0x1394a    : addi a4, s0, -16           : IntAlu :  D=0x7ffffffffffffde0
6914500: system.cpu: T0 : 0x1394e    : c_add a4, a5               : IntAlu :  D=0x7fffffffffffede0
6915000: system.cpu: T0 : 0x13950    : c_lui a5, 1048575          : IntAlu :  D=0xfffffffffffff000
6916000: system.cpu: T0 : 0x13952    : addi a3, s0, -16           : IntAlu :  D=0x7ffffffffffffde0
6916500: system.cpu: T0 : 0x13956    : c_add a5, a3               : IntAlu :  D=0x7fffffffffffede0
6917000: system.cpu: T0 : 0x13958    : ld a4, 1992(a4)            : MemRead :  D=0x0000000000000000 A=0x7ffffffffffff5a8
6917500: system.cpu: T0 : 0x1395c    : ld a5, 1984(a5)            : MemRead :  D=0x0000000000000000 A=0x7ffffffffffff5a0
6918000: system.cpu: T0 : 0x13960    : bge a5, a4, 220            : IntAlu : 
6918500: system.cpu: T0 : 0x13a3c    : auipc a5, 100              : IntAlu :  D=0x0000000000077a3c
6919000: system.cpu: T0 : 0x13a40    : addi a5, a5, 1480          : IntAlu :  D=0x0000000000078004
6919500: system.cpu: T0 : 0x13a44    : c_lw a5, 0(a5)             : MemRead :  D=0x0000000000000005 A=0x78004
6920000: system.cpu: T0 : 0x13a46    : c_addiw a5, 0              : IntAlu :  D=0x0000000000000005
6920500: system.cpu: T0 : 0x13a48    : c_mv a4, a5                : IntAlu :  D=0x0000000000000005
6921000: system.cpu: T0 : 0x13a4a    : c_li a5, 4                 : IntAlu :  D=0x0000000000000004
6921500: system.cpu: T0 : 0x13a4c    : bge a5, a4, 356            : IntAlu : 
6922000: system.cpu: T0 : 0x13a50    : addi a5, gp, -960          : IntAlu :  D=0x0000000000079c88
6922500: system.cpu: T0 : 0x13a54    : c_lw a5, 0(a5)             : MemRead :  D=0x0000000000000000 A=0x79c88
6923000: system.cpu: T0 : 0x13a56    : c_addiw a5, 0              : IntAlu :  D=0x0000000000000000
6923500: system.cpu: T0 : 0x13a58    : c_mv a4, a5                : IntAlu :  D=0x0000000000000000
6924000: system.cpu: T0 : 0x13a5a    : c_li a5, 3                 : IntAlu :  D=0x0000000000000003
6924500: system.cpu: T0 : 0x13a5c    : blt a5, a4, 340            : IntAlu : 
6925000: system.cpu: T0 : 0x13a60    : auipc a5, 102              : IntAlu :  D=0x0000000000079a60
6925500: system.cpu: T0 : 0x13a64    : ld a5, -552(a5)            : MemRead :  D=0x000000000007a9c8 A=0x79838
6926000: system.cpu: T0 : 0x13a68    : c_ld a4, 24(a5)            : MemRead :  D=0x0000000000000000 A=0x7a9e0
6927000: system.cpu: T0 : 0x13a6a    : auipc a5, 102              : IntAlu :  D=0x0000000000079a6a
6928000: system.cpu: T0 : 0x13a6e    : ld a5, -562(a5)            : MemRead :  D=0x000000000007a9c8 A=0x79838
6928500: system.cpu: T0 : 0x13a72    : c_ld a5, 16(a5)            : MemRead :  D=0x0000000000000000 A=0x7a9d8
6929000: system.cpu: T0 : 0x13a74    : bne a4, a5, 316            : IntAlu : 
6929500: system.cpu: T0 : 0x13a78    : auipc a5, 102              : IntAlu :  D=0x0000000000079a78
6930000: system.cpu: T0 : 0x13a7c    : ld a5, -576(a5)            : MemRead :  D=0x000000000007a9c8 A=0x79838
6930500: system.cpu: T0 : 0x13a80    : c_ld a4, 24(a5)            : MemRead :  D=0x0000000000000000 A=0x7a9e0
6931500: system.cpu: T0 : 0x13a82    : auipc a5, 102              : IntAlu :  D=0x0000000000079a82
6932500: system.cpu: T0 : 0x13a86    : ld a5, -586(a5)            : MemRead :  D=0x000000000007a9c8 A=0x79838
6933000: system.cpu: T0 : 0x13a8a    : c_ld a5, 32(a5)            : MemRead :  D=0x0000000000000000 A=0x7a9e8
6933500: system.cpu: T0 : 0x13a8c    : bne a4, a5, 292            : IntAlu : 
6934000: system.cpu: T0 : 0x13a90    : c_lui a5, 1048575          : IntAlu :  D=0xfffffffffffff000
6935000: system.cpu: T0 : 0x13a92    : addi a4, s0, -16           : IntAlu :  D=0x7ffffffffffffde0
6935500: system.cpu: T0 : 0x13a96    : c_add a5, a4               : IntAlu :  D=0x7fffffffffffede0
6936000: system.cpu: T0 : 0x13a98    : auipc a4, 102              : IntAlu :  D=0x0000000000079a98
6936500: system.cpu: T0 : 0x13a9c    : ld a4, -608(a4)            : MemRead :  D=0x000000000007a9c8 A=0x79838
6937000: system.cpu: T0 : 0x13aa0    : c_ld a4, 0(a4)             : MemRead :  D=0x0000000000000000 A=0x7a9c8
6938000: system.cpu: T0 : 0x13aa2    : sd a4, 2008(a5)            : MemWrite :  D=0x0000000000000000 A=0x7ffffffffffff5b8
6938500: system.cpu: T0 : 0x13aa6    : c_lui a5, 1048575          : IntAlu :  D=0xfffffffffffff000
6939000: system.cpu: T0 : 0x13aa8    : addi a4, s0, -16           : IntAlu :  D=0x7ffffffffffffde0
6939500: system.cpu: T0 : 0x13aac    : c_add a5, a4               : IntAlu :  D=0x7fffffffffffede0
6940500: system.cpu: T0 : 0x13aae    : auipc a4, 102              : IntAlu :  D=0x0000000000079aae
6941500: system.cpu: T0 : 0x13ab2    : ld a4, -630(a4)            : MemRead :  D=0x000000000007a9c8 A=0x79838
6942000: system.cpu: T0 : 0x13ab6    : c_ld a4, 24(a4)            : MemRead :  D=0x0000000000000000 A=0x7a9e0
6942500: system.cpu: T0 : 0x13ab8    : sd a4, 2016(a5)            : MemWrite :  D=0x0000000000000000 A=0x7ffffffffffff5c0
6943000: system.cpu: T0 : 0x13abc    : c_lui a5, 1048575          : IntAlu :  D=0xfffffffffffff000
6944000: system.cpu: T0 : 0x13abe    : addi a4, s0, -16           : IntAlu :  D=0x7ffffffffffffde0
6944500: system.cpu: T0 : 0x13ac2    : c_add a4, a5               : IntAlu :  D=0x7fffffffffffede0
6945000: system.cpu: T0 : 0x13ac4    : c_lui a5, 1048575          : IntAlu :  D=0xfffffffffffff000
6946000: system.cpu: T0 : 0x13ac6    : addi a3, s0, -16           : IntAlu :  D=0x7ffffffffffffde0
6946500: system.cpu: T0 : 0x13aca    : c_add a5, a3               : IntAlu :  D=0x7fffffffffffede0
6947000: system.cpu: T0 : 0x13acc    : ld a4, 2016(a4)            : MemRead :  D=0x0000000000000000 A=0x7ffffffffffff5c0
6947500: system.cpu: T0 : 0x13ad0    : ld a5, 2008(a5)            : MemRead :  D=0x0000000000000000 A=0x7ffffffffffff5b8
6948000: system.cpu: T0 : 0x13ad4    : bge a5, a4, 220            : IntAlu : 
6948500: system.cpu: T0 : 0x13bb0    : auipc a5, 100              : IntAlu :  D=0x0000000000077bb0
6949000: system.cpu: T0 : 0x13bb4    : addi a5, a5, 1108          : IntAlu :  D=0x0000000000078004
6949500: system.cpu: T0 : 0x13bb8    : c_lw a5, 0(a5)             : MemRead :  D=0x0000000000000005 A=0x78004
6950000: system.cpu: T0 : 0x13bba    : c_addiw a5, 0              : IntAlu :  D=0x0000000000000005
6950500: system.cpu: T0 : 0x13bbc    : c_mv a4, a5                : IntAlu :  D=0x0000000000000005
6951000: system.cpu: T0 : 0x13bbe    : c_li a5, 4                 : IntAlu :  D=0x0000000000000004
6951500: system.cpu: T0 : 0x13bc0    : bge a5, a4, 350            : IntAlu : 
6952000: system.cpu: T0 : 0x13bc4    : addi a5, gp, -960          : IntAlu :  D=0x0000000000079c88
6952500: system.cpu: T0 : 0x13bc8    : c_lw a5, 0(a5)             : MemRead :  D=0x0000000000000000 A=0x79c88
6953000: system.cpu: T0 : 0x13bca    : c_addiw a5, 0              : IntAlu :  D=0x0000000000000000
6953500: system.cpu: T0 : 0x13bcc    : c_mv a4, a5                : IntAlu :  D=0x0000000000000000
6954000: system.cpu: T0 : 0x13bce    : c_li a5, 3                 : IntAlu :  D=0x0000000000000003
6954500: system.cpu: T0 : 0x13bd0    : blt a5, a4, 334            : IntAlu : 
6955000: system.cpu: T0 : 0x13bd4    : auipc a5, 102              : IntAlu :  D=0x0000000000079bd4
6955500: system.cpu: T0 : 0x13bd8    : ld a5, -924(a5)            : MemRead :  D=0x000000000007a9c8 A=0x79838
6956000: system.cpu: T0 : 0x13bdc    : c_ld a4, 24(a5)            : MemRead :  D=0x0000000000000000 A=0x7a9e0
6957000: system.cpu: T0 : 0x13bde    : auipc a5, 102              : IntAlu :  D=0x0000000000079bde
6958000: system.cpu: T0 : 0x13be2    : ld a5, -934(a5)            : MemRead :  D=0x000000000007a9c8 A=0x79838
6958500: system.cpu: T0 : 0x13be6    : c_ld a5, 32(a5)            : MemRead :  D=0x0000000000000000 A=0x7a9e8
6959000: system.cpu: T0 : 0x13be8    : bne a4, a5, 310            : IntAlu : 
6959500: system.cpu: T0 : 0x13bec    : auipc a5, 102              : IntAlu :  D=0x0000000000079bec
6960000: system.cpu: T0 : 0x13bf0    : ld a5, -948(a5)            : MemRead :  D=0x000000000007a9c8 A=0x79838
6960500: system.cpu: T0 : 0x13bf4    : c_ld a4, 24(a5)            : MemRead :  D=0x0000000000000000 A=0x7a9e0
6961500: system.cpu: T0 : 0x13bf6    : auipc a5, 102              : IntAlu :  D=0x0000000000079bf6
6962500: system.cpu: T0 : 0x13bfa    : ld a5, -958(a5)            : MemRead :  D=0x000000000007a9c8 A=0x79838
6963000: system.cpu: T0 : 0x13bfe    : c_ld a5, 8(a5)             : MemRead :  D=0x0000000000000000 A=0x7a9d0
6963500: system.cpu: T0 : 0x13c00    : bne a4, a5, 286            : IntAlu : 
6964000: system.cpu: T0 : 0x13c04    : c_lui a5, 1048575          : IntAlu :  D=0xfffffffffffff000
6965000: system.cpu: T0 : 0x13c06    : addi a4, s0, -16           : IntAlu :  D=0x7ffffffffffffde0
6965500: system.cpu: T0 : 0x13c0a    : c_add a5, a4               : IntAlu :  D=0x7fffffffffffede0
6966000: system.cpu: T0 : 0x13c0c    : auipc a4, 102              : IntAlu :  D=0x0000000000079c0c
6966500: system.cpu: T0 : 0x13c10    : ld a4, -980(a4)            : MemRead :  D=0x000000000007a9c8 A=0x79838
6967000: system.cpu: T0 : 0x13c14    : c_ld a4, 0(a4)             : MemRead :  D=0x0000000000000000 A=0x7a9c8
6968000: system.cpu: T0 : 0x13c16    : sd a4, 2032(a5)            : MemWrite :  D=0x0000000000000000 A=0x7ffffffffffff5d0
6968500: system.cpu: T0 : 0x13c1a    : c_lui a5, 1048575          : IntAlu :  D=0xfffffffffffff000
6969000: system.cpu: T0 : 0x13c1c    : addi a4, s0, -16           : IntAlu :  D=0x7ffffffffffffde0
6969500: system.cpu: T0 : 0x13c20    : c_add a5, a4               : IntAlu :  D=0x7fffffffffffede0
6970500: system.cpu: T0 : 0x13c22    : auipc a4, 102              : IntAlu :  D=0x0000000000079c22
6971500: system.cpu: T0 : 0x13c26    : ld a4, -1002(a4)           : MemRead :  D=0x000000000007a9c8 A=0x79838
6972000: system.cpu: T0 : 0x13c2a    : c_ld a4, 24(a4)            : MemRead :  D=0x0000000000000000 A=0x7a9e0
6972500: system.cpu: T0 : 0x13c2c    : sd a4, 2040(a5)            : MemWrite :  D=0x0000000000000000 A=0x7ffffffffffff5d8
6973000: system.cpu: T0 : 0x13c30    : c_lui a5, 1048575          : IntAlu :  D=0xfffffffffffff000
6974000: system.cpu: T0 : 0x13c32    : addi a4, s0, -16           : IntAlu :  D=0x7ffffffffffffde0
6974500: system.cpu: T0 : 0x13c36    : c_add a4, a5               : IntAlu :  D=0x7fffffffffffede0
6975000: system.cpu: T0 : 0x13c38    : c_lui a5, 1048575          : IntAlu :  D=0xfffffffffffff000
6976000: system.cpu: T0 : 0x13c3a    : addi a3, s0, -16           : IntAlu :  D=0x7ffffffffffffde0
6976500: system.cpu: T0 : 0x13c3e    : c_add a5, a3               : IntAlu :  D=0x7fffffffffffede0
6977000: system.cpu: T0 : 0x13c40    : ld a4, 2040(a4)            : MemRead :  D=0x0000000000000000 A=0x7ffffffffffff5d8
6977500: system.cpu: T0 : 0x13c44    : ld a5, 2032(a5)            : MemRead :  D=0x0000000000000000 A=0x7ffffffffffff5d0
6978000: system.cpu: T0 : 0x13c48    : bge a5, a4, 214            : IntAlu : 
6979000: system.cpu: T0 : 0x13d1e    : auipc a5, 100              : IntAlu :  D=0x0000000000077d1e
6980000: system.cpu: T0 : 0x13d22    : addi a5, a5, 742           : IntAlu :  D=0x0000000000078004
6980500: system.cpu: T0 : 0x13d26    : c_lw a5, 0(a5)             : MemRead :  D=0x0000000000000005 A=0x78004
6981000: system.cpu: T0 : 0x13d28    : c_addiw a5, 0              : IntAlu :  D=0x0000000000000005
6981500: system.cpu: T0 : 0x13d2a    : c_mv a4, a5                : IntAlu :  D=0x0000000000000005
6982000: system.cpu: T0 : 0x13d2c    : c_li a5, 4                 : IntAlu :  D=0x0000000000000004
6983000: system.cpu: T0 : 0x13d2e    : bge a5, a4, 294            : IntAlu : 
6984000: system.cpu: T0 : 0x13d32    : addi a5, gp, -960          : IntAlu :  D=0x0000000000079c88
6984500: system.cpu: T0 : 0x13d36    : c_lw a5, 0(a5)             : MemRead :  D=0x0000000000000000 A=0x79c88
6985000: system.cpu: T0 : 0x13d38    : c_addiw a5, 0              : IntAlu :  D=0x0000000000000000
6985500: system.cpu: T0 : 0x13d3a    : c_mv a4, a5                : IntAlu :  D=0x0000000000000000
6986000: system.cpu: T0 : 0x13d3c    : c_li a5, 3                 : IntAlu :  D=0x0000000000000003
6987000: system.cpu: T0 : 0x13d3e    : blt a5, a4, 278            : IntAlu : 
6988000: system.cpu: T0 : 0x13d42    : auipc a5, 102              : IntAlu :  D=0x0000000000079d42
6989000: system.cpu: T0 : 0x13d46    : ld a5, -1290(a5)           : MemRead :  D=0x000000000007a9c8 A=0x79838
6989500: system.cpu: T0 : 0x13d4a    : c_ld a4, 24(a5)            : MemRead :  D=0x0000000000000000 A=0x7a9e0
6990000: system.cpu: T0 : 0x13d4c    : auipc a5, 102              : IntAlu :  D=0x0000000000079d4c
6990500: system.cpu: T0 : 0x13d50    : ld a5, -1300(a5)           : MemRead :  D=0x000000000007a9c8 A=0x79838
6991000: system.cpu: T0 : 0x13d54    : c_ld a5, 32(a5)            : MemRead :  D=0x0000000000000000 A=0x7a9e8
6992000: system.cpu: T0 : 0x13d56    : bne a4, a5, 254            : IntAlu : 
6993000: system.cpu: T0 : 0x13d5a    : auipc a5, 102              : IntAlu :  D=0x0000000000079d5a
6994000: system.cpu: T0 : 0x13d5e    : ld a5, -1314(a5)           : MemRead :  D=0x000000000007a9c8 A=0x79838
6994500: system.cpu: T0 : 0x13d62    : c_ld a4, 24(a5)            : MemRead :  D=0x0000000000000000 A=0x7a9e0
6995000: system.cpu: T0 : 0x13d64    : auipc a5, 102              : IntAlu :  D=0x0000000000079d64
6995500: system.cpu: T0 : 0x13d68    : ld a5, -1324(a5)           : MemRead :  D=0x000000000007a9c8 A=0x79838
6996000: system.cpu: T0 : 0x13d6c    : c_ld a5, 16(a5)            : MemRead :  D=0x0000000000000000 A=0x7a9d8
6997000: system.cpu: T0 : 0x13d6e    : bne a4, a5, 230            : IntAlu : 
6998000: system.cpu: T0 : 0x13d72    : auipc a5, 102              : IntAlu :  D=0x0000000000079d72
6999000: system.cpu: T0 : 0x13d76    : ld a5, -1338(a5)           : MemRead :  D=0x000000000007a9c8 A=0x79838
6999500: system.cpu: T0 : 0x13d7a    : c_ld a5, 0(a5)             : MemRead :  D=0x0000000000000000 A=0x7a9c8
7000000: system.cpu: T0 : 0x13d7c    : c_lui a3, 1048575          : IntAlu :  D=0xfffffffffffff000
7001000: system.cpu: T0 : 0x13d7e    : addi a4, a3, 2040          : IntAlu :  D=0xfffffffffffff7f8
7001500: system.cpu: T0 : 0x13d82    : c_add a4, s0               : IntAlu :  D=0x7ffffffffffff5e8
7002000: system.cpu: T0 : 0x13d84    : c_sd a5, 0(a4)             : MemWrite :  D=0x0000000000000000 A=0x7ffffffffffff5e8
7003000: system.cpu: T0 : 0x13d86    : auipc a5, 102              : IntAlu :  D=0x0000000000079d86
7004000: system.cpu: T0 : 0x13d8a    : ld a5, -1358(a5)           : MemRead :  D=0x000000000007a9c8 A=0x79838
7004500: system.cpu: T0 : 0x13d8e    : c_ld a5, 24(a5)            : MemRead :  D=0x0000000000000000 A=0x7a9e0
7005000: system.cpu: T0 : 0x13d90    : sd a5, -2048(s0)           : MemWrite :  D=0x0000000000000000 A=0x7ffffffffffff5f0
7005500: system.cpu: T0 : 0x13d94    : ld a4, -2048(s0)           : MemRead :  D=0x0000000000000000 A=0x7ffffffffffff5f0
7006000: system.cpu: T0 : 0x13d98    : addi a5, a3, 2040          : IntAlu :  D=0xfffffffffffff7f8
7006500: system.cpu: T0 : 0x13d9c    : c_add a5, s0               : IntAlu :  D=0x7ffffffffffff5e8
7007000: system.cpu: T0 : 0x13d9e    : c_ld a5, 0(a5)             : MemRead :  D=0x0000000000000000 A=0x7ffffffffffff5e8
7007500: system.cpu: T0 : 0x13da0    : bge a5, a4, 180            : IntAlu : 
7008000: system.cpu: T0 : 0x13e54    : auipc a5, 100              : IntAlu :  D=0x0000000000077e54
7008500: system.cpu: T0 : 0x13e58    : addi a5, a5, 432           : IntAlu :  D=0x0000000000078004
7009000: system.cpu: T0 : 0x13e5c    : c_lw a5, 0(a5)             : MemRead :  D=0x0000000000000005 A=0x78004
7009500: system.cpu: T0 : 0x13e5e    : c_addiw a5, 0              : IntAlu :  D=0x0000000000000005
7010000: system.cpu: T0 : 0x13e60    : c_mv a4, a5                : IntAlu :  D=0x0000000000000005
7010500: system.cpu: T0 : 0x13e62    : c_li a5, 4                 : IntAlu :  D=0x0000000000000004
7011000: system.cpu: T0 : 0x13e64    : bge a5, a4, 276            : IntAlu : 
7011500: system.cpu: T0 : 0x13e68    : addi a5, gp, -960          : IntAlu :  D=0x0000000000079c88
7012000: system.cpu: T0 : 0x13e6c    : c_lw a5, 0(a5)             : MemRead :  D=0x0000000000000000 A=0x79c88
7012500: system.cpu: T0 : 0x13e6e    : c_addiw a5, 0              : IntAlu :  D=0x0000000000000000
7013000: system.cpu: T0 : 0x13e70    : c_mv a4, a5                : IntAlu :  D=0x0000000000000000
7013500: system.cpu: T0 : 0x13e72    : c_li a5, 3                 : IntAlu :  D=0x0000000000000003
7014000: system.cpu: T0 : 0x13e74    : blt a5, a4, 260            : IntAlu : 
7014500: system.cpu: T0 : 0x13e78    : auipc a5, 102              : IntAlu :  D=0x0000000000079e78
7015000: system.cpu: T0 : 0x13e7c    : ld a5, -1600(a5)           : MemRead :  D=0x000000000007a9c8 A=0x79838
7015500: system.cpu: T0 : 0x13e80    : c_ld a4, 32(a5)            : MemRead :  D=0x0000000000000000 A=0x7a9e8
7016500: system.cpu: T0 : 0x13e82    : auipc a5, 102              : IntAlu :  D=0x0000000000079e82
7017500: system.cpu: T0 : 0x13e86    : ld a5, -1610(a5)           : MemRead :  D=0x000000000007a9c8 A=0x79838
7018000: system.cpu: T0 : 0x13e8a    : c_ld a5, 8(a5)             : MemRead :  D=0x0000000000000000 A=0x7a9d0
7018500: system.cpu: T0 : 0x13e8c    : bne a4, a5, 236            : IntAlu : 
7019000: system.cpu: T0 : 0x13e90    : auipc a5, 102              : IntAlu :  D=0x0000000000079e90
7019500: system.cpu: T0 : 0x13e94    : ld a5, -1624(a5)           : MemRead :  D=0x000000000007a9c8 A=0x79838
7020000: system.cpu: T0 : 0x13e98    : c_ld a4, 32(a5)            : MemRead :  D=0x0000000000000000 A=0x7a9e8
7021000: system.cpu: T0 : 0x13e9a    : auipc a5, 102              : IntAlu :  D=0x0000000000079e9a
7022000: system.cpu: T0 : 0x13e9e    : ld a5, -1634(a5)           : MemRead :  D=0x000000000007a9c8 A=0x79838
7022500: system.cpu: T0 : 0x13ea2    : c_ld a5, 16(a5)            : MemRead :  D=0x0000000000000000 A=0x7a9d8
7023000: system.cpu: T0 : 0x13ea4    : bne a4, a5, 212            : IntAlu : 
7023500: system.cpu: T0 : 0x13ea8    : auipc a5, 102              : IntAlu :  D=0x0000000000079ea8
7024000: system.cpu: T0 : 0x13eac    : ld a5, -1648(a5)           : MemRead :  D=0x000000000007a9c8 A=0x79838
7024500: system.cpu: T0 : 0x13eb0    : c_ld a5, 0(a5)             : MemRead :  D=0x0000000000000000 A=0x7a9c8
7025500: system.cpu: T0 : 0x13eb2    : sd a5, -2032(s0)           : MemWrite :  D=0x0000000000000000 A=0x7ffffffffffff600
7026500: system.cpu: T0 : 0x13eb6    : auipc a5, 102              : IntAlu :  D=0x0000000000079eb6
7027500: system.cpu: T0 : 0x13eba    : ld a5, -1662(a5)           : MemRead :  D=0x000000000007a9c8 A=0x79838
7028000: system.cpu: T0 : 0x13ebe    : c_ld a5, 32(a5)            : MemRead :  D=0x0000000000000000 A=0x7a9e8
7028500: system.cpu: T0 : 0x13ec0    : sd a5, -2024(s0)           : MemWrite :  D=0x0000000000000000 A=0x7ffffffffffff608
7029000: system.cpu: T0 : 0x13ec4    : ld a4, -2024(s0)           : MemRead :  D=0x0000000000000000 A=0x7ffffffffffff608
7029500: system.cpu: T0 : 0x13ec8    : ld a5, -2032(s0)           : MemRead :  D=0x0000000000000000 A=0x7ffffffffffff600
7030000: system.cpu: T0 : 0x13ecc    : bge a5, a4, 172            : IntAlu : 
7030500: system.cpu: T0 : 0x13f78    : auipc a5, 100              : IntAlu :  D=0x0000000000077f78
7031000: system.cpu: T0 : 0x13f7c    : addi a5, a5, 140           : IntAlu :  D=0x0000000000078004
7031500: system.cpu: T0 : 0x13f80    : c_lw a5, 0(a5)             : MemRead :  D=0x0000000000000005 A=0x78004
7032000: system.cpu: T0 : 0x13f82    : c_addiw a5, 0              : IntAlu :  D=0x0000000000000005
7032500: system.cpu: T0 : 0x13f84    : c_mv a4, a5                : IntAlu :  D=0x0000000000000005
7033000: system.cpu: T0 : 0x13f86    : c_li a5, 4                 : IntAlu :  D=0x0000000000000004
7033500: system.cpu: T0 : 0x13f88    : bge a5, a4, 276            : IntAlu : 
7034000: system.cpu: T0 : 0x13f8c    : addi a5, gp, -960          : IntAlu :  D=0x0000000000079c88
7034500: system.cpu: T0 : 0x13f90    : c_lw a5, 0(a5)             : MemRead :  D=0x0000000000000000 A=0x79c88
7035000: system.cpu: T0 : 0x13f92    : c_addiw a5, 0              : IntAlu :  D=0x0000000000000000
7035500: system.cpu: T0 : 0x13f94    : c_mv a4, a5                : IntAlu :  D=0x0000000000000000
7036000: system.cpu: T0 : 0x13f96    : c_li a5, 3                 : IntAlu :  D=0x0000000000000003
7036500: system.cpu: T0 : 0x13f98    : blt a5, a4, 260            : IntAlu : 
7037000: system.cpu: T0 : 0x13f9c    : auipc a5, 102              : IntAlu :  D=0x0000000000079f9c
7037500: system.cpu: T0 : 0x13fa0    : ld a5, -1892(a5)           : MemRead :  D=0x000000000007a9c8 A=0x79838
7038000: system.cpu: T0 : 0x13fa4    : c_ld a4, 32(a5)            : MemRead :  D=0x0000000000000000 A=0x7a9e8
7039000: system.cpu: T0 : 0x13fa6    : auipc a5, 102              : IntAlu :  D=0x0000000000079fa6
7040000: system.cpu: T0 : 0x13faa    : ld a5, -1902(a5)           : MemRead :  D=0x000000000007a9c8 A=0x79838
7040500: system.cpu: T0 : 0x13fae    : c_ld a5, 8(a5)             : MemRead :  D=0x0000000000000000 A=0x7a9d0
7041000: system.cpu: T0 : 0x13fb0    : bne a4, a5, 236            : IntAlu : 
7041500: system.cpu: T0 : 0x13fb4    : auipc a5, 102              : IntAlu :  D=0x0000000000079fb4
7042000: system.cpu: T0 : 0x13fb8    : ld a5, -1916(a5)           : MemRead :  D=0x000000000007a9c8 A=0x79838
7042500: system.cpu: T0 : 0x13fbc    : c_ld a4, 32(a5)            : MemRead :  D=0x0000000000000000 A=0x7a9e8
7043500: system.cpu: T0 : 0x13fbe    : auipc a5, 102              : IntAlu :  D=0x0000000000079fbe
7044500: system.cpu: T0 : 0x13fc2    : ld a5, -1926(a5)           : MemRead :  D=0x000000000007a9c8 A=0x79838
7045000: system.cpu: T0 : 0x13fc6    : c_ld a5, 24(a5)            : MemRead :  D=0x0000000000000000 A=0x7a9e0
7045500: system.cpu: T0 : 0x13fc8    : bne a4, a5, 212            : IntAlu : 
7046000: system.cpu: T0 : 0x13fcc    : auipc a5, 102              : IntAlu :  D=0x0000000000079fcc
7046500: system.cpu: T0 : 0x13fd0    : ld a5, -1940(a5)           : MemRead :  D=0x000000000007a9c8 A=0x79838
7047000: system.cpu: T0 : 0x13fd4    : c_ld a5, 0(a5)             : MemRead :  D=0x0000000000000000 A=0x7a9c8
7048000: system.cpu: T0 : 0x13fd6    : sd a5, -2008(s0)           : MemWrite :  D=0x0000000000000000 A=0x7ffffffffffff618
7049000: system.cpu: T0 : 0x13fda    : auipc a5, 102              : IntAlu :  D=0x0000000000079fda
7050000: system.cpu: T0 : 0x13fde    : ld a5, -1954(a5)           : MemRead :  D=0x000000000007a9c8 A=0x79838
7050500: system.cpu: T0 : 0x13fe2    : c_ld a5, 32(a5)            : MemRead :  D=0x0000000000000000 A=0x7a9e8
7051000: system.cpu: T0 : 0x13fe4    : sd a5, -2000(s0)           : MemWrite :  D=0x0000000000000000 A=0x7ffffffffffff620
7051500: system.cpu: T0 : 0x13fe8    : ld a4, -2000(s0)           : MemRead :  D=0x0000000000000000 A=0x7ffffffffffff620
7052000: system.cpu: T0 : 0x13fec    : ld a5, -2008(s0)           : MemRead :  D=0x0000000000000000 A=0x7ffffffffffff618
7052500: system.cpu: T0 : 0x13ff0    : bge a5, a4, 172            : IntAlu : 
7053000: system.cpu: T0 : 0x1409c    : auipc a5, 100              : IntAlu :  D=0x000000000007809c
7053500: system.cpu: T0 : 0x140a0    : addi a5, a5, -152          : IntAlu :  D=0x0000000000078004
7054000: system.cpu: T0 : 0x140a4    : c_lw a5, 0(a5)             : MemRead :  D=0x0000000000000005 A=0x78004
7054500: system.cpu: T0 : 0x140a6    : c_addiw a5, 0              : IntAlu :  D=0x0000000000000005
7055000: system.cpu: T0 : 0x140a8    : c_mv a4, a5                : IntAlu :  D=0x0000000000000005
7055500: system.cpu: T0 : 0x140aa    : c_li a5, 4                 : IntAlu :  D=0x0000000000000004
7056000: system.cpu: T0 : 0x140ac    : bge a5, a4, 276            : IntAlu : 
7056500: system.cpu: T0 : 0x140b0    : addi a5, gp, -960          : IntAlu :  D=0x0000000000079c88
7057000: system.cpu: T0 : 0x140b4    : c_lw a5, 0(a5)             : MemRead :  D=0x0000000000000000 A=0x79c88
7057500: system.cpu: T0 : 0x140b6    : c_addiw a5, 0              : IntAlu :  D=0x0000000000000000
7058000: system.cpu: T0 : 0x140b8    : c_mv a4, a5                : IntAlu :  D=0x0000000000000000
7058500: system.cpu: T0 : 0x140ba    : c_li a5, 3                 : IntAlu :  D=0x0000000000000003
7059000: system.cpu: T0 : 0x140bc    : blt a5, a4, 260            : IntAlu : 
7059500: system.cpu: T0 : 0x140c0    : auipc a5, 101              : IntAlu :  D=0x00000000000790c0
7060000: system.cpu: T0 : 0x140c4    : ld a5, 1912(a5)            : MemRead :  D=0x000000000007a9c8 A=0x79838
7060500: system.cpu: T0 : 0x140c8    : c_ld a4, 32(a5)            : MemRead :  D=0x0000000000000000 A=0x7a9e8
7061500: system.cpu: T0 : 0x140ca    : auipc a5, 101              : IntAlu :  D=0x00000000000790ca
7062500: system.cpu: T0 : 0x140ce    : ld a5, 1902(a5)            : MemRead :  D=0x000000000007a9c8 A=0x79838
7063000: system.cpu: T0 : 0x140d2    : c_ld a5, 16(a5)            : MemRead :  D=0x0000000000000000 A=0x7a9d8
7063500: system.cpu: T0 : 0x140d4    : bne a4, a5, 236            : IntAlu : 
7064000: system.cpu: T0 : 0x140d8    : auipc a5, 101              : IntAlu :  D=0x00000000000790d8
7064500: system.cpu: T0 : 0x140dc    : ld a5, 1888(a5)            : MemRead :  D=0x000000000007a9c8 A=0x79838
7065000: system.cpu: T0 : 0x140e0    : c_ld a4, 32(a5)            : MemRead :  D=0x0000000000000000 A=0x7a9e8
7066000: system.cpu: T0 : 0x140e2    : auipc a5, 101              : IntAlu :  D=0x00000000000790e2
7067000: system.cpu: T0 : 0x140e6    : ld a5, 1878(a5)            : MemRead :  D=0x000000000007a9c8 A=0x79838
7067500: system.cpu: T0 : 0x140ea    : c_ld a5, 8(a5)             : MemRead :  D=0x0000000000000000 A=0x7a9d0
7068000: system.cpu: T0 : 0x140ec    : bne a4, a5, 212            : IntAlu : 
7068500: system.cpu: T0 : 0x140f0    : auipc a5, 101              : IntAlu :  D=0x00000000000790f0
7069000: system.cpu: T0 : 0x140f4    : ld a5, 1864(a5)            : MemRead :  D=0x000000000007a9c8 A=0x79838
7069500: system.cpu: T0 : 0x140f8    : c_ld a5, 0(a5)             : MemRead :  D=0x0000000000000000 A=0x7a9c8
7070500: system.cpu: T0 : 0x140fa    : sd a5, -1984(s0)           : MemWrite :  D=0x0000000000000000 A=0x7ffffffffffff630
7071500: system.cpu: T0 : 0x140fe    : auipc a5, 101              : IntAlu :  D=0x00000000000790fe
7072500: system.cpu: T0 : 0x14102    : ld a5, 1850(a5)            : MemRead :  D=0x000000000007a9c8 A=0x79838
7073000: system.cpu: T0 : 0x14106    : c_ld a5, 32(a5)            : MemRead :  D=0x0000000000000000 A=0x7a9e8
7073500: system.cpu: T0 : 0x14108    : sd a5, -1976(s0)           : MemWrite :  D=0x0000000000000000 A=0x7ffffffffffff638
7074000: system.cpu: T0 : 0x1410c    : ld a4, -1976(s0)           : MemRead :  D=0x0000000000000000 A=0x7ffffffffffff638
7074500: system.cpu: T0 : 0x14110    : ld a5, -1984(s0)           : MemRead :  D=0x0000000000000000 A=0x7ffffffffffff630
7075000: system.cpu: T0 : 0x14114    : bge a5, a4, 172            : IntAlu : 
7075500: system.cpu: T0 : 0x141c0    : auipc a5, 100              : IntAlu :  D=0x00000000000781c0
7076000: system.cpu: T0 : 0x141c4    : addi a5, a5, -444          : IntAlu :  D=0x0000000000078004
7076500: system.cpu: T0 : 0x141c8    : c_lw a5, 0(a5)             : MemRead :  D=0x0000000000000005 A=0x78004
7077000: system.cpu: T0 : 0x141ca    : c_addiw a5, 0              : IntAlu :  D=0x0000000000000005
7077500: system.cpu: T0 : 0x141cc    : c_mv a4, a5                : IntAlu :  D=0x0000000000000005
7078000: system.cpu: T0 : 0x141ce    : c_li a5, 4                 : IntAlu :  D=0x0000000000000004
7078500: system.cpu: T0 : 0x141d0    : bge a5, a4, 276            : IntAlu : 
7079000: system.cpu: T0 : 0x141d4    : addi a5, gp, -960          : IntAlu :  D=0x0000000000079c88
7079500: system.cpu: T0 : 0x141d8    : c_lw a5, 0(a5)             : MemRead :  D=0x0000000000000000 A=0x79c88
7080000: system.cpu: T0 : 0x141da    : c_addiw a5, 0              : IntAlu :  D=0x0000000000000000
7080500: system.cpu: T0 : 0x141dc    : c_mv a4, a5                : IntAlu :  D=0x0000000000000000
7081000: system.cpu: T0 : 0x141de    : c_li a5, 3                 : IntAlu :  D=0x0000000000000003
7081500: system.cpu: T0 : 0x141e0    : blt a5, a4, 260            : IntAlu : 
7082000: system.cpu: T0 : 0x141e4    : auipc a5, 101              : IntAlu :  D=0x00000000000791e4
7082500: system.cpu: T0 : 0x141e8    : ld a5, 1620(a5)            : MemRead :  D=0x000000000007a9c8 A=0x79838
7083000: system.cpu: T0 : 0x141ec    : c_ld a4, 32(a5)            : MemRead :  D=0x0000000000000000 A=0x7a9e8
7084000: system.cpu: T0 : 0x141ee    : auipc a5, 101              : IntAlu :  D=0x00000000000791ee
7085000: system.cpu: T0 : 0x141f2    : ld a5, 1610(a5)            : MemRead :  D=0x000000000007a9c8 A=0x79838
7085500: system.cpu: T0 : 0x141f6    : c_ld a5, 16(a5)            : MemRead :  D=0x0000000000000000 A=0x7a9d8
7086000: system.cpu: T0 : 0x141f8    : bne a4, a5, 236            : IntAlu : 
7086500: system.cpu: T0 : 0x141fc    : auipc a5, 101              : IntAlu :  D=0x00000000000791fc
7087000: system.cpu: T0 : 0x14200    : ld a5, 1596(a5)            : MemRead :  D=0x000000000007a9c8 A=0x79838
7087500: system.cpu: T0 : 0x14204    : c_ld a4, 32(a5)            : MemRead :  D=0x0000000000000000 A=0x7a9e8
7088500: system.cpu: T0 : 0x14206    : auipc a5, 101              : IntAlu :  D=0x0000000000079206
7089500: system.cpu: T0 : 0x1420a    : ld a5, 1586(a5)            : MemRead :  D=0x000000000007a9c8 A=0x79838
7090000: system.cpu: T0 : 0x1420e    : c_ld a5, 24(a5)            : MemRead :  D=0x0000000000000000 A=0x7a9e0
7090500: system.cpu: T0 : 0x14210    : bne a4, a5, 212            : IntAlu : 
7091000: system.cpu: T0 : 0x14214    : auipc a5, 101              : IntAlu :  D=0x0000000000079214
7091500: system.cpu: T0 : 0x14218    : ld a5, 1572(a5)            : MemRead :  D=0x000000000007a9c8 A=0x79838
7092000: system.cpu: T0 : 0x1421c    : c_ld a5, 0(a5)             : MemRead :  D=0x0000000000000000 A=0x7a9c8
7093000: system.cpu: T0 : 0x1421e    : sd a5, -1960(s0)           : MemWrite :  D=0x0000000000000000 A=0x7ffffffffffff648
7094000: system.cpu: T0 : 0x14222    : auipc a5, 101              : IntAlu :  D=0x0000000000079222
7095000: system.cpu: T0 : 0x14226    : ld a5, 1558(a5)            : MemRead :  D=0x000000000007a9c8 A=0x79838
7095500: system.cpu: T0 : 0x1422a    : c_ld a5, 32(a5)            : MemRead :  D=0x0000000000000000 A=0x7a9e8
7096000: system.cpu: T0 : 0x1422c    : sd a5, -1952(s0)           : MemWrite :  D=0x0000000000000000 A=0x7ffffffffffff650
7096500: system.cpu: T0 : 0x14230    : ld a4, -1952(s0)           : MemRead :  D=0x0000000000000000 A=0x7ffffffffffff650
7097000: system.cpu: T0 : 0x14234    : ld a5, -1960(s0)           : MemRead :  D=0x0000000000000000 A=0x7ffffffffffff648
7097500: system.cpu: T0 : 0x14238    : bge a5, a4, 172            : IntAlu : 
7098000: system.cpu: T0 : 0x142e4    : auipc a5, 100              : IntAlu :  D=0x00000000000782e4
7098500: system.cpu: T0 : 0x142e8    : addi a5, a5, -736          : IntAlu :  D=0x0000000000078004
7099000: system.cpu: T0 : 0x142ec    : c_lw a5, 0(a5)             : MemRead :  D=0x0000000000000005 A=0x78004
7099500: system.cpu: T0 : 0x142ee    : c_addiw a5, 0              : IntAlu :  D=0x0000000000000005
7100000: system.cpu: T0 : 0x142f0    : c_mv a4, a5                : IntAlu :  D=0x0000000000000005
7100500: system.cpu: T0 : 0x142f2    : c_li a5, 4                 : IntAlu :  D=0x0000000000000004
7101000: system.cpu: T0 : 0x142f4    : bge a5, a4, 276            : IntAlu : 
7101500: system.cpu: T0 : 0x142f8    : addi a5, gp, -960          : IntAlu :  D=0x0000000000079c88
7102000: system.cpu: T0 : 0x142fc    : c_lw a5, 0(a5)             : MemRead :  D=0x0000000000000000 A=0x79c88
7102500: system.cpu: T0 : 0x142fe    : c_addiw a5, 0              : IntAlu :  D=0x0000000000000000
7103000: system.cpu: T0 : 0x14300    : c_mv a4, a5                : IntAlu :  D=0x0000000000000000
7103500: system.cpu: T0 : 0x14302    : c_li a5, 3                 : IntAlu :  D=0x0000000000000003
7104000: system.cpu: T0 : 0x14304    : blt a5, a4, 260            : IntAlu : 
7104500: system.cpu: T0 : 0x14308    : auipc a5, 101              : IntAlu :  D=0x0000000000079308
7105000: system.cpu: T0 : 0x1430c    : ld a5, 1328(a5)            : MemRead :  D=0x000000000007a9c8 A=0x79838
7105500: system.cpu: T0 : 0x14310    : c_ld a4, 32(a5)            : MemRead :  D=0x0000000000000000 A=0x7a9e8
7106500: system.cpu: T0 : 0x14312    : auipc a5, 101              : IntAlu :  D=0x0000000000079312
7107500: system.cpu: T0 : 0x14316    : ld a5, 1318(a5)            : MemRead :  D=0x000000000007a9c8 A=0x79838
7108000: system.cpu: T0 : 0x1431a    : c_ld a5, 24(a5)            : MemRead :  D=0x0000000000000000 A=0x7a9e0
7108500: system.cpu: T0 : 0x1431c    : bne a4, a5, 236            : IntAlu : 
7109000: system.cpu: T0 : 0x14320    : auipc a5, 101              : IntAlu :  D=0x0000000000079320
7109500: system.cpu: T0 : 0x14324    : ld a5, 1304(a5)            : MemRead :  D=0x000000000007a9c8 A=0x79838
7110000: system.cpu: T0 : 0x14328    : c_ld a4, 32(a5)            : MemRead :  D=0x0000000000000000 A=0x7a9e8
7111000: system.cpu: T0 : 0x1432a    : auipc a5, 101              : IntAlu :  D=0x000000000007932a
7112000: system.cpu: T0 : 0x1432e    : ld a5, 1294(a5)            : MemRead :  D=0x000000000007a9c8 A=0x79838
7112500: system.cpu: T0 : 0x14332    : c_ld a5, 8(a5)             : MemRead :  D=0x0000000000000000 A=0x7a9d0
7113000: system.cpu: T0 : 0x14334    : bne a4, a5, 212            : IntAlu : 
7113500: system.cpu: T0 : 0x14338    : auipc a5, 101              : IntAlu :  D=0x0000000000079338
7114000: system.cpu: T0 : 0x1433c    : ld a5, 1280(a5)            : MemRead :  D=0x000000000007a9c8 A=0x79838
7114500: system.cpu: T0 : 0x14340    : c_ld a5, 0(a5)             : MemRead :  D=0x0000000000000000 A=0x7a9c8
7115500: system.cpu: T0 : 0x14342    : sd a5, -1936(s0)           : MemWrite :  D=0x0000000000000000 A=0x7ffffffffffff660
7116500: system.cpu: T0 : 0x14346    : auipc a5, 101              : IntAlu :  D=0x0000000000079346
7117500: system.cpu: T0 : 0x1434a    : ld a5, 1266(a5)            : MemRead :  D=0x000000000007a9c8 A=0x79838
7118000: system.cpu: T0 : 0x1434e    : c_ld a5, 32(a5)            : MemRead :  D=0x0000000000000000 A=0x7a9e8
7118500: system.cpu: T0 : 0x14350    : sd a5, -1928(s0)           : MemWrite :  D=0x0000000000000000 A=0x7ffffffffffff668
7119000: system.cpu: T0 : 0x14354    : ld a4, -1928(s0)           : MemRead :  D=0x0000000000000000 A=0x7ffffffffffff668
7119500: system.cpu: T0 : 0x14358    : ld a5, -1936(s0)           : MemRead :  D=0x0000000000000000 A=0x7ffffffffffff660
7120000: system.cpu: T0 : 0x1435c    : bge a5, a4, 172            : IntAlu : 
7120500: system.cpu: T0 : 0x14408    : auipc a5, 100              : IntAlu :  D=0x0000000000078408
7121000: system.cpu: T0 : 0x1440c    : addi a5, a5, -1028         : IntAlu :  D=0x0000000000078004
7121500: system.cpu: T0 : 0x14410    : c_lw a5, 0(a5)             : MemRead :  D=0x0000000000000005 A=0x78004
7122000: system.cpu: T0 : 0x14412    : c_addiw a5, 0              : IntAlu :  D=0x0000000000000005
7122500: system.cpu: T0 : 0x14414    : c_mv a4, a5                : IntAlu :  D=0x0000000000000005
7123000: system.cpu: T0 : 0x14416    : c_li a5, 4                 : IntAlu :  D=0x0000000000000004
7123500: system.cpu: T0 : 0x14418    : bge a5, a4, 276            : IntAlu : 
7124000: system.cpu: T0 : 0x1441c    : addi a5, gp, -960          : IntAlu :  D=0x0000000000079c88
7124500: system.cpu: T0 : 0x14420    : c_lw a5, 0(a5)             : MemRead :  D=0x0000000000000000 A=0x79c88
7125000: system.cpu: T0 : 0x14422    : c_addiw a5, 0              : IntAlu :  D=0x0000000000000000
7125500: system.cpu: T0 : 0x14424    : c_mv a4, a5                : IntAlu :  D=0x0000000000000000
7126000: system.cpu: T0 : 0x14426    : c_li a5, 3                 : IntAlu :  D=0x0000000000000003
7126500: system.cpu: T0 : 0x14428    : blt a5, a4, 260            : IntAlu : 
7127000: system.cpu: T0 : 0x1442c    : auipc a5, 101              : IntAlu :  D=0x000000000007942c
7127500: system.cpu: T0 : 0x14430    : ld a5, 1036(a5)            : MemRead :  D=0x000000000007a9c8 A=0x79838
7128000: system.cpu: T0 : 0x14434    : c_ld a4, 32(a5)            : MemRead :  D=0x0000000000000000 A=0x7a9e8
7129000: system.cpu: T0 : 0x14436    : auipc a5, 101              : IntAlu :  D=0x0000000000079436
7130000: system.cpu: T0 : 0x1443a    : ld a5, 1026(a5)            : MemRead :  D=0x000000000007a9c8 A=0x79838
7130500: system.cpu: T0 : 0x1443e    : c_ld a5, 24(a5)            : MemRead :  D=0x0000000000000000 A=0x7a9e0
7131000: system.cpu: T0 : 0x14440    : bne a4, a5, 236            : IntAlu : 
7131500: system.cpu: T0 : 0x14444    : auipc a5, 101              : IntAlu :  D=0x0000000000079444
7132000: system.cpu: T0 : 0x14448    : ld a5, 1012(a5)            : MemRead :  D=0x000000000007a9c8 A=0x79838
7132500: system.cpu: T0 : 0x1444c    : c_ld a4, 32(a5)            : MemRead :  D=0x0000000000000000 A=0x7a9e8
7133500: system.cpu: T0 : 0x1444e    : auipc a5, 101              : IntAlu :  D=0x000000000007944e
7134500: system.cpu: T0 : 0x14452    : ld a5, 1002(a5)            : MemRead :  D=0x000000000007a9c8 A=0x79838
7135000: system.cpu: T0 : 0x14456    : c_ld a5, 16(a5)            : MemRead :  D=0x0000000000000000 A=0x7a9d8
7135500: system.cpu: T0 : 0x14458    : bne a4, a5, 212            : IntAlu : 
7136000: system.cpu: T0 : 0x1445c    : auipc a5, 101              : IntAlu :  D=0x000000000007945c
7136500: system.cpu: T0 : 0x14460    : ld a5, 988(a5)             : MemRead :  D=0x000000000007a9c8 A=0x79838
7137000: system.cpu: T0 : 0x14464    : c_ld a5, 0(a5)             : MemRead :  D=0x0000000000000000 A=0x7a9c8
7138000: system.cpu: T0 : 0x14466    : sd a5, -1912(s0)           : MemWrite :  D=0x0000000000000000 A=0x7ffffffffffff678
7139000: system.cpu: T0 : 0x1446a    : auipc a5, 101              : IntAlu :  D=0x000000000007946a
7140000: system.cpu: T0 : 0x1446e    : ld a5, 974(a5)             : MemRead :  D=0x000000000007a9c8 A=0x79838
7140500: system.cpu: T0 : 0x14472    : c_ld a5, 32(a5)            : MemRead :  D=0x0000000000000000 A=0x7a9e8
7141000: system.cpu: T0 : 0x14474    : sd a5, -1904(s0)           : MemWrite :  D=0x0000000000000000 A=0x7ffffffffffff680
7141500: system.cpu: T0 : 0x14478    : ld a4, -1904(s0)           : MemRead :  D=0x0000000000000000 A=0x7ffffffffffff680
7142000: system.cpu: T0 : 0x1447c    : ld a5, -1912(s0)           : MemRead :  D=0x0000000000000000 A=0x7ffffffffffff678
7142500: system.cpu: T0 : 0x14480    : bge a5, a4, 172            : IntAlu : 
7143000: system.cpu: T0 : 0x1452c    : auipc a5, 100              : IntAlu :  D=0x000000000007852c
7143500: system.cpu: T0 : 0x14530    : addi a5, a5, -1320         : IntAlu :  D=0x0000000000078004
7144000: system.cpu: T0 : 0x14534    : c_lw a5, 0(a5)             : MemRead :  D=0x0000000000000005 A=0x78004
7144500: system.cpu: T0 : 0x14536    : c_addiw a5, 0              : IntAlu :  D=0x0000000000000005
7145000: system.cpu: T0 : 0x14538    : c_mv a4, a5                : IntAlu :  D=0x0000000000000005
7145500: system.cpu: T0 : 0x1453a    : c_li a5, 4                 : IntAlu :  D=0x0000000000000004
7146000: system.cpu: T0 : 0x1453c    : bge a5, a4, 276            : IntAlu : 
7146500: system.cpu: T0 : 0x14540    : addi a5, gp, -960          : IntAlu :  D=0x0000000000079c88
7147000: system.cpu: T0 : 0x14544    : c_lw a5, 0(a5)             : MemRead :  D=0x0000000000000000 A=0x79c88
7147500: system.cpu: T0 : 0x14546    : c_addiw a5, 0              : IntAlu :  D=0x0000000000000000
7148000: system.cpu: T0 : 0x14548    : c_mv a4, a5                : IntAlu :  D=0x0000000000000000
7148500: system.cpu: T0 : 0x1454a    : c_li a5, 3                 : IntAlu :  D=0x0000000000000003
7149000: system.cpu: T0 : 0x1454c    : blt a5, a4, 260            : IntAlu : 
7149500: system.cpu: T0 : 0x14550    : auipc a5, 101              : IntAlu :  D=0x0000000000079550
7150000: system.cpu: T0 : 0x14554    : ld a5, 744(a5)             : MemRead :  D=0x000000000007a9c8 A=0x79838
7150500: system.cpu: T0 : 0x14558    : c_ld a4, 0(a5)             : MemRead :  D=0x0000000000000000 A=0x7a9c8
7151500: system.cpu: T0 : 0x1455a    : auipc a5, 101              : IntAlu :  D=0x000000000007955a
7152500: system.cpu: T0 : 0x1455e    : ld a5, 734(a5)             : MemRead :  D=0x000000000007a9c8 A=0x79838
7153000: system.cpu: T0 : 0x14562    : c_ld a5, 16(a5)            : MemRead :  D=0x0000000000000000 A=0x7a9d8
7153500: system.cpu: T0 : 0x14564    : bne a4, a5, 236            : IntAlu : 
7154000: system.cpu: T0 : 0x14568    : auipc a5, 101              : IntAlu :  D=0x0000000000079568
7154500: system.cpu: T0 : 0x1456c    : ld a5, 720(a5)             : MemRead :  D=0x000000000007a9c8 A=0x79838
7155000: system.cpu: T0 : 0x14570    : c_ld a4, 0(a5)             : MemRead :  D=0x0000000000000000 A=0x7a9c8
7156000: system.cpu: T0 : 0x14572    : auipc a5, 101              : IntAlu :  D=0x0000000000079572
7157000: system.cpu: T0 : 0x14576    : ld a5, 710(a5)             : MemRead :  D=0x000000000007a9c8 A=0x79838
7157500: system.cpu: T0 : 0x1457a    : c_ld a5, 32(a5)            : MemRead :  D=0x0000000000000000 A=0x7a9e8
7158000: system.cpu: T0 : 0x1457c    : bne a4, a5, 212            : IntAlu : 
7158500: system.cpu: T0 : 0x14580    : auipc a5, 101              : IntAlu :  D=0x0000000000079580
7159000: system.cpu: T0 : 0x14584    : ld a5, 696(a5)             : MemRead :  D=0x000000000007a9c8 A=0x79838
7159500: system.cpu: T0 : 0x14588    : c_ld a5, 8(a5)             : MemRead :  D=0x0000000000000000 A=0x7a9d0
7160500: system.cpu: T0 : 0x1458a    : sd a5, -1888(s0)           : MemWrite :  D=0x0000000000000000 A=0x7ffffffffffff690
7161500: system.cpu: T0 : 0x1458e    : auipc a5, 101              : IntAlu :  D=0x000000000007958e
7162500: system.cpu: T0 : 0x14592    : ld a5, 682(a5)             : MemRead :  D=0x000000000007a9c8 A=0x79838
7163000: system.cpu: T0 : 0x14596    : c_ld a5, 0(a5)             : MemRead :  D=0x0000000000000000 A=0x7a9c8
7163500: system.cpu: T0 : 0x14598    : sd a5, -1880(s0)           : MemWrite :  D=0x0000000000000000 A=0x7ffffffffffff698
7164000: system.cpu: T0 : 0x1459c    : ld a4, -1880(s0)           : MemRead :  D=0x0000000000000000 A=0x7ffffffffffff698
7164500: system.cpu: T0 : 0x145a0    : ld a5, -1888(s0)           : MemRead :  D=0x0000000000000000 A=0x7ffffffffffff690
7165000: system.cpu: T0 : 0x145a4    : bge a5, a4, 172            : IntAlu : 
7165500: system.cpu: T0 : 0x14650    : auipc a5, 100              : IntAlu :  D=0x0000000000078650
7166000: system.cpu: T0 : 0x14654    : addi a5, a5, -1612         : IntAlu :  D=0x0000000000078004
7166500: system.cpu: T0 : 0x14658    : c_lw a5, 0(a5)             : MemRead :  D=0x0000000000000005 A=0x78004
7167000: system.cpu: T0 : 0x1465a    : c_addiw a5, 0              : IntAlu :  D=0x0000000000000005
7167500: system.cpu: T0 : 0x1465c    : c_mv a4, a5                : IntAlu :  D=0x0000000000000005
7168000: system.cpu: T0 : 0x1465e    : c_li a5, 4                 : IntAlu :  D=0x0000000000000004
7168500: system.cpu: T0 : 0x14660    : bge a5, a4, 276            : IntAlu : 
7169000: system.cpu: T0 : 0x14664    : addi a5, gp, -960          : IntAlu :  D=0x0000000000079c88
7169500: system.cpu: T0 : 0x14668    : c_lw a5, 0(a5)             : MemRead :  D=0x0000000000000000 A=0x79c88
7170000: system.cpu: T0 : 0x1466a    : c_addiw a5, 0              : IntAlu :  D=0x0000000000000000
7170500: system.cpu: T0 : 0x1466c    : c_mv a4, a5                : IntAlu :  D=0x0000000000000000
7171000: system.cpu: T0 : 0x1466e    : c_li a5, 3                 : IntAlu :  D=0x0000000000000003
7171500: system.cpu: T0 : 0x14670    : blt a5, a4, 260            : IntAlu : 
7172000: system.cpu: T0 : 0x14674    : auipc a5, 101              : IntAlu :  D=0x0000000000079674
7172500: system.cpu: T0 : 0x14678    : ld a5, 452(a5)             : MemRead :  D=0x000000000007a9c8 A=0x79838
7173000: system.cpu: T0 : 0x1467c    : c_ld a4, 0(a5)             : MemRead :  D=0x0000000000000000 A=0x7a9c8
7174000: system.cpu: T0 : 0x1467e    : auipc a5, 101              : IntAlu :  D=0x000000000007967e
7175000: system.cpu: T0 : 0x14682    : ld a5, 442(a5)             : MemRead :  D=0x000000000007a9c8 A=0x79838
7175500: system.cpu: T0 : 0x14686    : c_ld a5, 24(a5)            : MemRead :  D=0x0000000000000000 A=0x7a9e0
7176000: system.cpu: T0 : 0x14688    : bne a4, a5, 236            : IntAlu : 
7176500: system.cpu: T0 : 0x1468c    : auipc a5, 101              : IntAlu :  D=0x000000000007968c
7177000: system.cpu: T0 : 0x14690    : ld a5, 428(a5)             : MemRead :  D=0x000000000007a9c8 A=0x79838
7177500: system.cpu: T0 : 0x14694    : c_ld a4, 0(a5)             : MemRead :  D=0x0000000000000000 A=0x7a9c8
7178500: system.cpu: T0 : 0x14696    : auipc a5, 101              : IntAlu :  D=0x0000000000079696
7179500: system.cpu: T0 : 0x1469a    : ld a5, 418(a5)             : MemRead :  D=0x000000000007a9c8 A=0x79838
7180000: system.cpu: T0 : 0x1469e    : c_ld a5, 32(a5)            : MemRead :  D=0x0000000000000000 A=0x7a9e8
7180500: system.cpu: T0 : 0x146a0    : bne a4, a5, 212            : IntAlu : 
7181000: system.cpu: T0 : 0x146a4    : auipc a5, 101              : IntAlu :  D=0x00000000000796a4
7181500: system.cpu: T0 : 0x146a8    : ld a5, 404(a5)             : MemRead :  D=0x000000000007a9c8 A=0x79838
7182000: system.cpu: T0 : 0x146ac    : c_ld a5, 8(a5)             : MemRead :  D=0x0000000000000000 A=0x7a9d0
7183000: system.cpu: T0 : 0x146ae    : sd a5, -1864(s0)           : MemWrite :  D=0x0000000000000000 A=0x7ffffffffffff6a8
7184000: system.cpu: T0 : 0x146b2    : auipc a5, 101              : IntAlu :  D=0x00000000000796b2
7185000: system.cpu: T0 : 0x146b6    : ld a5, 390(a5)             : MemRead :  D=0x000000000007a9c8 A=0x79838
7185500: system.cpu: T0 : 0x146ba    : c_ld a5, 0(a5)             : MemRead :  D=0x0000000000000000 A=0x7a9c8
7186000: system.cpu: T0 : 0x146bc    : sd a5, -1856(s0)           : MemWrite :  D=0x0000000000000000 A=0x7ffffffffffff6b0
7186500: system.cpu: T0 : 0x146c0    : ld a4, -1856(s0)           : MemRead :  D=0x0000000000000000 A=0x7ffffffffffff6b0
7187000: system.cpu: T0 : 0x146c4    : ld a5, -1864(s0)           : MemRead :  D=0x0000000000000000 A=0x7ffffffffffff6a8
7187500: system.cpu: T0 : 0x146c8    : bge a5, a4, 172            : IntAlu : 
7188000: system.cpu: T0 : 0x14774    : auipc a5, 100              : IntAlu :  D=0x0000000000078774
7188500: system.cpu: T0 : 0x14778    : addi a5, a5, -1904         : IntAlu :  D=0x0000000000078004
7189000: system.cpu: T0 : 0x1477c    : c_lw a5, 0(a5)             : MemRead :  D=0x0000000000000005 A=0x78004
7189500: system.cpu: T0 : 0x1477e    : c_addiw a5, 0              : IntAlu :  D=0x0000000000000005
7190000: system.cpu: T0 : 0x14780    : c_mv a4, a5                : IntAlu :  D=0x0000000000000005
7190500: system.cpu: T0 : 0x14782    : c_li a5, 4                 : IntAlu :  D=0x0000000000000004
7191000: system.cpu: T0 : 0x14784    : bge a5, a4, 276            : IntAlu : 
7191500: system.cpu: T0 : 0x14788    : addi a5, gp, -960          : IntAlu :  D=0x0000000000079c88
7192000: system.cpu: T0 : 0x1478c    : c_lw a5, 0(a5)             : MemRead :  D=0x0000000000000000 A=0x79c88
7192500: system.cpu: T0 : 0x1478e    : c_addiw a5, 0              : IntAlu :  D=0x0000000000000000
7193000: system.cpu: T0 : 0x14790    : c_mv a4, a5                : IntAlu :  D=0x0000000000000000
7193500: system.cpu: T0 : 0x14792    : c_li a5, 3                 : IntAlu :  D=0x0000000000000003
7194000: system.cpu: T0 : 0x14794    : blt a5, a4, 260            : IntAlu : 
7194500: system.cpu: T0 : 0x14798    : auipc a5, 101              : IntAlu :  D=0x0000000000079798
7195000: system.cpu: T0 : 0x1479c    : ld a5, 160(a5)             : MemRead :  D=0x000000000007a9c8 A=0x79838
7195500: system.cpu: T0 : 0x147a0    : c_ld a4, 0(a5)             : MemRead :  D=0x0000000000000000 A=0x7a9c8
7196500: system.cpu: T0 : 0x147a2    : auipc a5, 101              : IntAlu :  D=0x00000000000797a2
7197500: system.cpu: T0 : 0x147a6    : ld a5, 150(a5)             : MemRead :  D=0x000000000007a9c8 A=0x79838
7198000: system.cpu: T0 : 0x147aa    : c_ld a5, 32(a5)            : MemRead :  D=0x0000000000000000 A=0x7a9e8
7198500: system.cpu: T0 : 0x147ac    : bne a4, a5, 236            : IntAlu : 
7199000: system.cpu: T0 : 0x147b0    : auipc a5, 101              : IntAlu :  D=0x00000000000797b0
7199500: system.cpu: T0 : 0x147b4    : ld a5, 136(a5)             : MemRead :  D=0x000000000007a9c8 A=0x79838
7200000: system.cpu: T0 : 0x147b8    : c_ld a4, 0(a5)             : MemRead :  D=0x0000000000000000 A=0x7a9c8
7201000: system.cpu: T0 : 0x147ba    : auipc a5, 101              : IntAlu :  D=0x00000000000797ba
7202000: system.cpu: T0 : 0x147be    : ld a5, 126(a5)             : MemRead :  D=0x000000000007a9c8 A=0x79838
7202500: system.cpu: T0 : 0x147c2    : c_ld a5, 16(a5)            : MemRead :  D=0x0000000000000000 A=0x7a9d8
7203000: system.cpu: T0 : 0x147c4    : bne a4, a5, 212            : IntAlu : 
7203500: system.cpu: T0 : 0x147c8    : auipc a5, 101              : IntAlu :  D=0x00000000000797c8
7204000: system.cpu: T0 : 0x147cc    : ld a5, 112(a5)             : MemRead :  D=0x000000000007a9c8 A=0x79838
7204500: system.cpu: T0 : 0x147d0    : c_ld a5, 8(a5)             : MemRead :  D=0x0000000000000000 A=0x7a9d0
7205500: system.cpu: T0 : 0x147d2    : sd a5, -1840(s0)           : MemWrite :  D=0x0000000000000000 A=0x7ffffffffffff6c0
7206500: system.cpu: T0 : 0x147d6    : auipc a5, 101              : IntAlu :  D=0x00000000000797d6
7207500: system.cpu: T0 : 0x147da    : ld a5, 98(a5)              : MemRead :  D=0x000000000007a9c8 A=0x79838
7208000: system.cpu: T0 : 0x147de    : c_ld a5, 0(a5)             : MemRead :  D=0x0000000000000000 A=0x7a9c8
7208500: system.cpu: T0 : 0x147e0    : sd a5, -1832(s0)           : MemWrite :  D=0x0000000000000000 A=0x7ffffffffffff6c8
7209000: system.cpu: T0 : 0x147e4    : ld a4, -1832(s0)           : MemRead :  D=0x0000000000000000 A=0x7ffffffffffff6c8
7209500: system.cpu: T0 : 0x147e8    : ld a5, -1840(s0)           : MemRead :  D=0x0000000000000000 A=0x7ffffffffffff6c0
7210000: system.cpu: T0 : 0x147ec    : bge a5, a4, 172            : IntAlu : 
7210500: system.cpu: T0 : 0x14898    : auipc a5, 99               : IntAlu :  D=0x0000000000077898
7211000: system.cpu: T0 : 0x1489c    : addi a5, a5, 1900          : IntAlu :  D=0x0000000000078004
7211500: system.cpu: T0 : 0x148a0    : c_lw a5, 0(a5)             : MemRead :  D=0x0000000000000005 A=0x78004
7212000: system.cpu: T0 : 0x148a2    : c_addiw a5, 0              : IntAlu :  D=0x0000000000000005
7212500: system.cpu: T0 : 0x148a4    : c_mv a4, a5                : IntAlu :  D=0x0000000000000005
7213000: system.cpu: T0 : 0x148a6    : c_li a5, 4                 : IntAlu :  D=0x0000000000000004
7213500: system.cpu: T0 : 0x148a8    : bge a5, a4, 276            : IntAlu : 
7214000: system.cpu: T0 : 0x148ac    : addi a5, gp, -960          : IntAlu :  D=0x0000000000079c88
7214500: system.cpu: T0 : 0x148b0    : c_lw a5, 0(a5)             : MemRead :  D=0x0000000000000000 A=0x79c88
7215000: system.cpu: T0 : 0x148b2    : c_addiw a5, 0              : IntAlu :  D=0x0000000000000000
7215500: system.cpu: T0 : 0x148b4    : c_mv a4, a5                : IntAlu :  D=0x0000000000000000
7216000: system.cpu: T0 : 0x148b6    : c_li a5, 3                 : IntAlu :  D=0x0000000000000003
7216500: system.cpu: T0 : 0x148b8    : blt a5, a4, 260            : IntAlu : 
7217000: system.cpu: T0 : 0x148bc    : auipc a5, 101              : IntAlu :  D=0x00000000000798bc
7217500: system.cpu: T0 : 0x148c0    : ld a5, -132(a5)            : MemRead :  D=0x000000000007a9c8 A=0x79838
7218000: system.cpu: T0 : 0x148c4    : c_ld a4, 0(a5)             : MemRead :  D=0x0000000000000000 A=0x7a9c8
7219000: system.cpu: T0 : 0x148c6    : auipc a5, 101              : IntAlu :  D=0x00000000000798c6
7220000: system.cpu: T0 : 0x148ca    : ld a5, -142(a5)            : MemRead :  D=0x000000000007a9c8 A=0x79838
7220500: system.cpu: T0 : 0x148ce    : c_ld a5, 32(a5)            : MemRead :  D=0x0000000000000000 A=0x7a9e8
7221000: system.cpu: T0 : 0x148d0    : bne a4, a5, 236            : IntAlu : 
7221500: system.cpu: T0 : 0x148d4    : auipc a5, 101              : IntAlu :  D=0x00000000000798d4
7222000: system.cpu: T0 : 0x148d8    : ld a5, -156(a5)            : MemRead :  D=0x000000000007a9c8 A=0x79838
7222500: system.cpu: T0 : 0x148dc    : c_ld a4, 0(a5)             : MemRead :  D=0x0000000000000000 A=0x7a9c8
7223500: system.cpu: T0 : 0x148de    : auipc a5, 101              : IntAlu :  D=0x00000000000798de
7224500: system.cpu: T0 : 0x148e2    : ld a5, -166(a5)            : MemRead :  D=0x000000000007a9c8 A=0x79838
7225000: system.cpu: T0 : 0x148e6    : c_ld a5, 24(a5)            : MemRead :  D=0x0000000000000000 A=0x7a9e0
7225500: system.cpu: T0 : 0x148e8    : bne a4, a5, 212            : IntAlu : 
7226000: system.cpu: T0 : 0x148ec    : auipc a5, 101              : IntAlu :  D=0x00000000000798ec
7226500: system.cpu: T0 : 0x148f0    : ld a5, -180(a5)            : MemRead :  D=0x000000000007a9c8 A=0x79838
7227000: system.cpu: T0 : 0x148f4    : c_ld a5, 8(a5)             : MemRead :  D=0x0000000000000000 A=0x7a9d0
7228000: system.cpu: T0 : 0x148f6    : sd a5, -1816(s0)           : MemWrite :  D=0x0000000000000000 A=0x7ffffffffffff6d8
7229000: system.cpu: T0 : 0x148fa    : auipc a5, 101              : IntAlu :  D=0x00000000000798fa
7230000: system.cpu: T0 : 0x148fe    : ld a5, -194(a5)            : MemRead :  D=0x000000000007a9c8 A=0x79838
7230500: system.cpu: T0 : 0x14902    : c_ld a5, 0(a5)             : MemRead :  D=0x0000000000000000 A=0x7a9c8
7231000: system.cpu: T0 : 0x14904    : sd a5, -1808(s0)           : MemWrite :  D=0x0000000000000000 A=0x7ffffffffffff6e0
7231500: system.cpu: T0 : 0x14908    : ld a4, -1808(s0)           : MemRead :  D=0x0000000000000000 A=0x7ffffffffffff6e0
7232000: system.cpu: T0 : 0x1490c    : ld a5, -1816(s0)           : MemRead :  D=0x0000000000000000 A=0x7ffffffffffff6d8
7232500: system.cpu: T0 : 0x14910    : bge a5, a4, 172            : IntAlu : 
7233000: system.cpu: T0 : 0x149bc    : auipc a5, 99               : IntAlu :  D=0x00000000000779bc
7233500: system.cpu: T0 : 0x149c0    : addi a5, a5, 1608          : IntAlu :  D=0x0000000000078004
7234000: system.cpu: T0 : 0x149c4    : c_lw a5, 0(a5)             : MemRead :  D=0x0000000000000005 A=0x78004
7234500: system.cpu: T0 : 0x149c6    : c_addiw a5, 0              : IntAlu :  D=0x0000000000000005
7235000: system.cpu: T0 : 0x149c8    : c_mv a4, a5                : IntAlu :  D=0x0000000000000005
7235500: system.cpu: T0 : 0x149ca    : c_li a5, 4                 : IntAlu :  D=0x0000000000000004
7236000: system.cpu: T0 : 0x149cc    : bge a5, a4, 276            : IntAlu : 
7236500: system.cpu: T0 : 0x149d0    : addi a5, gp, -960          : IntAlu :  D=0x0000000000079c88
7237000: system.cpu: T0 : 0x149d4    : c_lw a5, 0(a5)             : MemRead :  D=0x0000000000000000 A=0x79c88
7237500: system.cpu: T0 : 0x149d6    : c_addiw a5, 0              : IntAlu :  D=0x0000000000000000
7238000: system.cpu: T0 : 0x149d8    : c_mv a4, a5                : IntAlu :  D=0x0000000000000000
7238500: system.cpu: T0 : 0x149da    : c_li a5, 3                 : IntAlu :  D=0x0000000000000003
7239000: system.cpu: T0 : 0x149dc    : blt a5, a4, 260            : IntAlu : 
7239500: system.cpu: T0 : 0x149e0    : auipc a5, 101              : IntAlu :  D=0x00000000000799e0
7240000: system.cpu: T0 : 0x149e4    : ld a5, -424(a5)            : MemRead :  D=0x000000000007a9c8 A=0x79838
7240500: system.cpu: T0 : 0x149e8    : c_ld a4, 16(a5)            : MemRead :  D=0x0000000000000000 A=0x7a9d8
7241500: system.cpu: T0 : 0x149ea    : auipc a5, 101              : IntAlu :  D=0x00000000000799ea
7242500: system.cpu: T0 : 0x149ee    : ld a5, -434(a5)            : MemRead :  D=0x000000000007a9c8 A=0x79838
7243000: system.cpu: T0 : 0x149f2    : c_ld a5, 0(a5)             : MemRead :  D=0x0000000000000000 A=0x7a9c8
7243500: system.cpu: T0 : 0x149f4    : bne a4, a5, 236            : IntAlu : 
7244000: system.cpu: T0 : 0x149f8    : auipc a5, 101              : IntAlu :  D=0x00000000000799f8
7244500: system.cpu: T0 : 0x149fc    : ld a5, -448(a5)            : MemRead :  D=0x000000000007a9c8 A=0x79838
7245000: system.cpu: T0 : 0x14a00    : c_ld a4, 16(a5)            : MemRead :  D=0x0000000000000000 A=0x7a9d8
7246000: system.cpu: T0 : 0x14a02    : auipc a5, 101              : IntAlu :  D=0x0000000000079a02
7247000: system.cpu: T0 : 0x14a06    : ld a5, -458(a5)            : MemRead :  D=0x000000000007a9c8 A=0x79838
7247500: system.cpu: T0 : 0x14a0a    : c_ld a5, 32(a5)            : MemRead :  D=0x0000000000000000 A=0x7a9e8
7248000: system.cpu: T0 : 0x14a0c    : bne a4, a5, 212            : IntAlu : 
7248500: system.cpu: T0 : 0x14a10    : auipc a5, 101              : IntAlu :  D=0x0000000000079a10
7249000: system.cpu: T0 : 0x14a14    : ld a5, -472(a5)            : MemRead :  D=0x000000000007a9c8 A=0x79838
7249500: system.cpu: T0 : 0x14a18    : c_ld a5, 8(a5)             : MemRead :  D=0x0000000000000000 A=0x7a9d0
7250500: system.cpu: T0 : 0x14a1a    : sd a5, -1792(s0)           : MemWrite :  D=0x0000000000000000 A=0x7ffffffffffff6f0
7251500: system.cpu: T0 : 0x14a1e    : auipc a5, 101              : IntAlu :  D=0x0000000000079a1e
7252500: system.cpu: T0 : 0x14a22    : ld a5, -486(a5)            : MemRead :  D=0x000000000007a9c8 A=0x79838
7253000: system.cpu: T0 : 0x14a26    : c_ld a5, 16(a5)            : MemRead :  D=0x0000000000000000 A=0x7a9d8
7253500: system.cpu: T0 : 0x14a28    : sd a5, -1784(s0)           : MemWrite :  D=0x0000000000000000 A=0x7ffffffffffff6f8
7254000: system.cpu: T0 : 0x14a2c    : ld a4, -1784(s0)           : MemRead :  D=0x0000000000000000 A=0x7ffffffffffff6f8
7254500: system.cpu: T0 : 0x14a30    : ld a5, -1792(s0)           : MemRead :  D=0x0000000000000000 A=0x7ffffffffffff6f0
7255000: system.cpu: T0 : 0x14a34    : bge a5, a4, 172            : IntAlu : 
7255500: system.cpu: T0 : 0x14ae0    : auipc a5, 99               : IntAlu :  D=0x0000000000077ae0
7256000: system.cpu: T0 : 0x14ae4    : addi a5, a5, 1316          : IntAlu :  D=0x0000000000078004
7256500: system.cpu: T0 : 0x14ae8    : c_lw a5, 0(a5)             : MemRead :  D=0x0000000000000005 A=0x78004
7257000: system.cpu: T0 : 0x14aea    : c_addiw a5, 0              : IntAlu :  D=0x0000000000000005
7257500: system.cpu: T0 : 0x14aec    : c_mv a4, a5                : IntAlu :  D=0x0000000000000005
7258000: system.cpu: T0 : 0x14aee    : c_li a5, 4                 : IntAlu :  D=0x0000000000000004
7258500: system.cpu: T0 : 0x14af0    : bge a5, a4, 256            : IntAlu : 
7259000: system.cpu: T0 : 0x14af4    : addi a5, gp, -960          : IntAlu :  D=0x0000000000079c88
7259500: system.cpu: T0 : 0x14af8    : c_lw a5, 0(a5)             : MemRead :  D=0x0000000000000000 A=0x79c88
7260000: system.cpu: T0 : 0x14afa    : c_addiw a5, 0              : IntAlu :  D=0x0000000000000000
7260500: system.cpu: T0 : 0x14afc    : c_mv a4, a5                : IntAlu :  D=0x0000000000000000
7261000: system.cpu: T0 : 0x14afe    : c_li a5, 3                 : IntAlu :  D=0x0000000000000003
7261500: system.cpu: T0 : 0x14b00    : blt a5, a4, 240            : IntAlu : 
7262000: system.cpu: T0 : 0x14b04    : auipc a5, 101              : IntAlu :  D=0x0000000000079b04
7262500: system.cpu: T0 : 0x14b08    : ld a5, -716(a5)            : MemRead :  D=0x000000000007a9c8 A=0x79838
7263000: system.cpu: T0 : 0x14b0c    : c_ld a4, 16(a5)            : MemRead :  D=0x0000000000000000 A=0x7a9d8
7264000: system.cpu: T0 : 0x14b0e    : auipc a5, 101              : IntAlu :  D=0x0000000000079b0e
7265000: system.cpu: T0 : 0x14b12    : ld a5, -726(a5)            : MemRead :  D=0x000000000007a9c8 A=0x79838
7265500: system.cpu: T0 : 0x14b16    : c_ld a5, 24(a5)            : MemRead :  D=0x0000000000000000 A=0x7a9e0
7266000: system.cpu: T0 : 0x14b18    : bne a4, a5, 216            : IntAlu : 
7266500: system.cpu: T0 : 0x14b1c    : auipc a5, 101              : IntAlu :  D=0x0000000000079b1c
7267000: system.cpu: T0 : 0x14b20    : ld a5, -740(a5)            : MemRead :  D=0x000000000007a9c8 A=0x79838
7267500: system.cpu: T0 : 0x14b24    : c_ld a4, 16(a5)            : MemRead :  D=0x0000000000000000 A=0x7a9d8
7268500: system.cpu: T0 : 0x14b26    : auipc a5, 101              : IntAlu :  D=0x0000000000079b26
7269500: system.cpu: T0 : 0x14b2a    : ld a5, -750(a5)            : MemRead :  D=0x000000000007a9c8 A=0x79838
7270000: system.cpu: T0 : 0x14b2e    : c_ld a5, 32(a5)            : MemRead :  D=0x0000000000000000 A=0x7a9e8
7270500: system.cpu: T0 : 0x14b30    : bne a4, a5, 192            : IntAlu : 
7271000: system.cpu: T0 : 0x14b34    : auipc a5, 101              : IntAlu :  D=0x0000000000079b34
7271500: system.cpu: T0 : 0x14b38    : ld a5, -764(a5)            : MemRead :  D=0x000000000007a9c8 A=0x79838
7272000: system.cpu: T0 : 0x14b3c    : c_ld a5, 8(a5)             : MemRead :  D=0x0000000000000000 A=0x7a9d0
7273000: system.cpu: T0 : 0x14b3e    : sd a5, -1768(s0)           : MemWrite :  D=0x0000000000000000 A=0x7ffffffffffff708
7274000: system.cpu: T0 : 0x14b42    : auipc a5, 101              : IntAlu :  D=0x0000000000079b42
7275000: system.cpu: T0 : 0x14b46    : ld a5, -778(a5)            : MemRead :  D=0x000000000007a9c8 A=0x79838
7275500: system.cpu: T0 : 0x14b4a    : c_ld a5, 16(a5)            : MemRead :  D=0x0000000000000000 A=0x7a9d8
7276000: system.cpu: T0 : 0x14b4c    : sd a5, -1760(s0)           : MemWrite :  D=0x0000000000000000 A=0x7ffffffffffff710
7276500: system.cpu: T0 : 0x14b50    : ld a4, -1760(s0)           : MemRead :  D=0x0000000000000000 A=0x7ffffffffffff710
7277000: system.cpu: T0 : 0x14b54    : ld a5, -1768(s0)           : MemRead :  D=0x0000000000000000 A=0x7ffffffffffff708
7277500: system.cpu: T0 : 0x14b58    : bge a5, a4, 152            : IntAlu : 
7278000: system.cpu: T0 : 0x14bf0    : auipc a5, 99               : IntAlu :  D=0x0000000000077bf0
7278500: system.cpu: T0 : 0x14bf4    : addi a5, a5, 1044          : IntAlu :  D=0x0000000000078004
7279000: system.cpu: T0 : 0x14bf8    : c_lw a5, 0(a5)             : MemRead :  D=0x0000000000000005 A=0x78004
7279500: system.cpu: T0 : 0x14bfa    : c_addiw a5, 0              : IntAlu :  D=0x0000000000000005
7280000: system.cpu: T0 : 0x14bfc    : c_mv a4, a5                : IntAlu :  D=0x0000000000000005
7280500: system.cpu: T0 : 0x14bfe    : c_li a5, 4                 : IntAlu :  D=0x0000000000000004
7281000: system.cpu: T0 : 0x14c00    : bge a5, a4, 276            : IntAlu : 
7281500: system.cpu: T0 : 0x14c04    : addi a5, gp, -960          : IntAlu :  D=0x0000000000079c88
7282000: system.cpu: T0 : 0x14c08    : c_lw a5, 0(a5)             : MemRead :  D=0x0000000000000000 A=0x79c88
7282500: system.cpu: T0 : 0x14c0a    : c_addiw a5, 0              : IntAlu :  D=0x0000000000000000
7283000: system.cpu: T0 : 0x14c0c    : c_mv a4, a5                : IntAlu :  D=0x0000000000000000
7283500: system.cpu: T0 : 0x14c0e    : c_li a5, 3                 : IntAlu :  D=0x0000000000000003
7284000: system.cpu: T0 : 0x14c10    : blt a5, a4, 260            : IntAlu : 
7284500: system.cpu: T0 : 0x14c14    : auipc a5, 101              : IntAlu :  D=0x0000000000079c14
7285000: system.cpu: T0 : 0x14c18    : ld a5, -988(a5)            : MemRead :  D=0x000000000007a9c8 A=0x79838
7285500: system.cpu: T0 : 0x14c1c    : c_ld a4, 16(a5)            : MemRead :  D=0x0000000000000000 A=0x7a9d8
7286500: system.cpu: T0 : 0x14c1e    : auipc a5, 101              : IntAlu :  D=0x0000000000079c1e
7287500: system.cpu: T0 : 0x14c22    : ld a5, -998(a5)            : MemRead :  D=0x000000000007a9c8 A=0x79838
7288000: system.cpu: T0 : 0x14c26    : c_ld a5, 32(a5)            : MemRead :  D=0x0000000000000000 A=0x7a9e8
7288500: system.cpu: T0 : 0x14c28    : bne a4, a5, 236            : IntAlu : 
7289000: system.cpu: T0 : 0x14c2c    : auipc a5, 101              : IntAlu :  D=0x0000000000079c2c
7289500: system.cpu: T0 : 0x14c30    : ld a5, -1012(a5)           : MemRead :  D=0x000000000007a9c8 A=0x79838
7290000: system.cpu: T0 : 0x14c34    : c_ld a4, 16(a5)            : MemRead :  D=0x0000000000000000 A=0x7a9d8
7291000: system.cpu: T0 : 0x14c36    : auipc a5, 101              : IntAlu :  D=0x0000000000079c36
7292000: system.cpu: T0 : 0x14c3a    : ld a5, -1022(a5)           : MemRead :  D=0x000000000007a9c8 A=0x79838
7292500: system.cpu: T0 : 0x14c3e    : c_ld a5, 0(a5)             : MemRead :  D=0x0000000000000000 A=0x7a9c8
7293000: system.cpu: T0 : 0x14c40    : bne a4, a5, 212            : IntAlu : 
7293500: system.cpu: T0 : 0x14c44    : auipc a5, 101              : IntAlu :  D=0x0000000000079c44
7294000: system.cpu: T0 : 0x14c48    : ld a5, -1036(a5)           : MemRead :  D=0x000000000007a9c8 A=0x79838
7294500: system.cpu: T0 : 0x14c4c    : c_ld a5, 8(a5)             : MemRead :  D=0x0000000000000000 A=0x7a9d0
7295500: system.cpu: T0 : 0x14c4e    : sd a5, -1744(s0)           : MemWrite :  D=0x0000000000000000 A=0x7ffffffffffff720
7296500: system.cpu: T0 : 0x14c52    : auipc a5, 101              : IntAlu :  D=0x0000000000079c52
7297500: system.cpu: T0 : 0x14c56    : ld a5, -1050(a5)           : MemRead :  D=0x000000000007a9c8 A=0x79838
7298000: system.cpu: T0 : 0x14c5a    : c_ld a5, 16(a5)            : MemRead :  D=0x0000000000000000 A=0x7a9d8
7298500: system.cpu: T0 : 0x14c5c    : sd a5, -1736(s0)           : MemWrite :  D=0x0000000000000000 A=0x7ffffffffffff728
7299000: system.cpu: T0 : 0x14c60    : ld a4, -1736(s0)           : MemRead :  D=0x0000000000000000 A=0x7ffffffffffff728
7299500: system.cpu: T0 : 0x14c64    : ld a5, -1744(s0)           : MemRead :  D=0x0000000000000000 A=0x7ffffffffffff720
7300000: system.cpu: T0 : 0x14c68    : bge a5, a4, 172            : IntAlu : 
7300500: system.cpu: T0 : 0x14d14    : auipc a5, 99               : IntAlu :  D=0x0000000000077d14
7301000: system.cpu: T0 : 0x14d18    : addi a5, a5, 752           : IntAlu :  D=0x0000000000078004
7301500: system.cpu: T0 : 0x14d1c    : c_lw a5, 0(a5)             : MemRead :  D=0x0000000000000005 A=0x78004
7302000: system.cpu: T0 : 0x14d1e    : c_addiw a5, 0              : IntAlu :  D=0x0000000000000005
7302500: system.cpu: T0 : 0x14d20    : c_mv a4, a5                : IntAlu :  D=0x0000000000000005
7303000: system.cpu: T0 : 0x14d22    : c_li a5, 4                 : IntAlu :  D=0x0000000000000004
7303500: system.cpu: T0 : 0x14d24    : bge a5, a4, 256            : IntAlu : 
7304000: system.cpu: T0 : 0x14d28    : addi a5, gp, -960          : IntAlu :  D=0x0000000000079c88
7304500: system.cpu: T0 : 0x14d2c    : c_lw a5, 0(a5)             : MemRead :  D=0x0000000000000000 A=0x79c88
7305000: system.cpu: T0 : 0x14d2e    : c_addiw a5, 0              : IntAlu :  D=0x0000000000000000
7305500: system.cpu: T0 : 0x14d30    : c_mv a4, a5                : IntAlu :  D=0x0000000000000000
7306000: system.cpu: T0 : 0x14d32    : c_li a5, 3                 : IntAlu :  D=0x0000000000000003
7306500: system.cpu: T0 : 0x14d34    : blt a5, a4, 240            : IntAlu : 
7307000: system.cpu: T0 : 0x14d38    : auipc a5, 101              : IntAlu :  D=0x0000000000079d38
7307500: system.cpu: T0 : 0x14d3c    : ld a5, -1280(a5)           : MemRead :  D=0x000000000007a9c8 A=0x79838
7308000: system.cpu: T0 : 0x14d40    : c_ld a4, 16(a5)            : MemRead :  D=0x0000000000000000 A=0x7a9d8
7309000: system.cpu: T0 : 0x14d42    : auipc a5, 101              : IntAlu :  D=0x0000000000079d42
7310000: system.cpu: T0 : 0x14d46    : ld a5, -1290(a5)           : MemRead :  D=0x000000000007a9c8 A=0x79838
7310500: system.cpu: T0 : 0x14d4a    : c_ld a5, 32(a5)            : MemRead :  D=0x0000000000000000 A=0x7a9e8
7311000: system.cpu: T0 : 0x14d4c    : bne a4, a5, 216            : IntAlu : 
7311500: system.cpu: T0 : 0x14d50    : auipc a5, 101              : IntAlu :  D=0x0000000000079d50
7312000: system.cpu: T0 : 0x14d54    : ld a5, -1304(a5)           : MemRead :  D=0x000000000007a9c8 A=0x79838
7312500: system.cpu: T0 : 0x14d58    : c_ld a4, 16(a5)            : MemRead :  D=0x0000000000000000 A=0x7a9d8
7313500: system.cpu: T0 : 0x14d5a    : auipc a5, 101              : IntAlu :  D=0x0000000000079d5a
7314500: system.cpu: T0 : 0x14d5e    : ld a5, -1314(a5)           : MemRead :  D=0x000000000007a9c8 A=0x79838
7315000: system.cpu: T0 : 0x14d62    : c_ld a5, 24(a5)            : MemRead :  D=0x0000000000000000 A=0x7a9e0
7315500: system.cpu: T0 : 0x14d64    : bne a4, a5, 192            : IntAlu : 
7316000: system.cpu: T0 : 0x14d68    : auipc a5, 101              : IntAlu :  D=0x0000000000079d68
7316500: system.cpu: T0 : 0x14d6c    : ld a5, -1328(a5)           : MemRead :  D=0x000000000007a9c8 A=0x79838
7317000: system.cpu: T0 : 0x14d70    : c_ld a5, 8(a5)             : MemRead :  D=0x0000000000000000 A=0x7a9d0
7318000: system.cpu: T0 : 0x14d72    : sd a5, -1720(s0)           : MemWrite :  D=0x0000000000000000 A=0x7ffffffffffff738
7319000: system.cpu: T0 : 0x14d76    : auipc a5, 101              : IntAlu :  D=0x0000000000079d76
7320000: system.cpu: T0 : 0x14d7a    : ld a5, -1342(a5)           : MemRead :  D=0x000000000007a9c8 A=0x79838
7320500: system.cpu: T0 : 0x14d7e    : c_ld a5, 16(a5)            : MemRead :  D=0x0000000000000000 A=0x7a9d8
7321000: system.cpu: T0 : 0x14d80    : sd a5, -1712(s0)           : MemWrite :  D=0x0000000000000000 A=0x7ffffffffffff740
7321500: system.cpu: T0 : 0x14d84    : ld a4, -1712(s0)           : MemRead :  D=0x0000000000000000 A=0x7ffffffffffff740
7322000: system.cpu: T0 : 0x14d88    : ld a5, -1720(s0)           : MemRead :  D=0x0000000000000000 A=0x7ffffffffffff738
7322500: system.cpu: T0 : 0x14d8c    : bge a5, a4, 152            : IntAlu : 
7323000: system.cpu: T0 : 0x14e24    : auipc a5, 99               : IntAlu :  D=0x0000000000077e24
7323500: system.cpu: T0 : 0x14e28    : addi a5, a5, 480           : IntAlu :  D=0x0000000000078004
7324000: system.cpu: T0 : 0x14e2c    : c_lw a5, 0(a5)             : MemRead :  D=0x0000000000000005 A=0x78004
7324500: system.cpu: T0 : 0x14e2e    : c_addiw a5, 0              : IntAlu :  D=0x0000000000000005
7325000: system.cpu: T0 : 0x14e30    : c_mv a4, a5                : IntAlu :  D=0x0000000000000005
7325500: system.cpu: T0 : 0x14e32    : c_li a5, 4                 : IntAlu :  D=0x0000000000000004
7326000: system.cpu: T0 : 0x14e34    : bge a5, a4, 276            : IntAlu : 
7326500: system.cpu: T0 : 0x14e38    : addi a5, gp, -960          : IntAlu :  D=0x0000000000079c88
7327000: system.cpu: T0 : 0x14e3c    : c_lw a5, 0(a5)             : MemRead :  D=0x0000000000000000 A=0x79c88
7327500: system.cpu: T0 : 0x14e3e    : c_addiw a5, 0              : IntAlu :  D=0x0000000000000000
7328000: system.cpu: T0 : 0x14e40    : c_mv a4, a5                : IntAlu :  D=0x0000000000000000
7328500: system.cpu: T0 : 0x14e42    : c_li a5, 3                 : IntAlu :  D=0x0000000000000003
7329000: system.cpu: T0 : 0x14e44    : blt a5, a4, 260            : IntAlu : 
7329500: system.cpu: T0 : 0x14e48    : auipc a5, 101              : IntAlu :  D=0x0000000000079e48
7330000: system.cpu: T0 : 0x14e4c    : ld a5, -1552(a5)           : MemRead :  D=0x000000000007a9c8 A=0x79838
7330500: system.cpu: T0 : 0x14e50    : c_ld a4, 24(a5)            : MemRead :  D=0x0000000000000000 A=0x7a9e0
7331500: system.cpu: T0 : 0x14e52    : auipc a5, 101              : IntAlu :  D=0x0000000000079e52
7332500: system.cpu: T0 : 0x14e56    : ld a5, -1562(a5)           : MemRead :  D=0x000000000007a9c8 A=0x79838
7333000: system.cpu: T0 : 0x14e5a    : c_ld a5, 0(a5)             : MemRead :  D=0x0000000000000000 A=0x7a9c8
7333500: system.cpu: T0 : 0x14e5c    : bne a4, a5, 236            : IntAlu : 
7334000: system.cpu: T0 : 0x14e60    : auipc a5, 101              : IntAlu :  D=0x0000000000079e60
7334500: system.cpu: T0 : 0x14e64    : ld a5, -1576(a5)           : MemRead :  D=0x000000000007a9c8 A=0x79838
7335000: system.cpu: T0 : 0x14e68    : c_ld a4, 24(a5)            : MemRead :  D=0x0000000000000000 A=0x7a9e0
7336000: system.cpu: T0 : 0x14e6a    : auipc a5, 101              : IntAlu :  D=0x0000000000079e6a
7337000: system.cpu: T0 : 0x14e6e    : ld a5, -1586(a5)           : MemRead :  D=0x000000000007a9c8 A=0x79838
7337500: system.cpu: T0 : 0x14e72    : c_ld a5, 32(a5)            : MemRead :  D=0x0000000000000000 A=0x7a9e8
7338000: system.cpu: T0 : 0x14e74    : bne a4, a5, 212            : IntAlu : 
7338500: system.cpu: T0 : 0x14e78    : auipc a5, 101              : IntAlu :  D=0x0000000000079e78
7339000: system.cpu: T0 : 0x14e7c    : ld a5, -1600(a5)           : MemRead :  D=0x000000000007a9c8 A=0x79838
7339500: system.cpu: T0 : 0x14e80    : c_ld a5, 8(a5)             : MemRead :  D=0x0000000000000000 A=0x7a9d0
7340500: system.cpu: T0 : 0x14e82    : sd a5, -1696(s0)           : MemWrite :  D=0x0000000000000000 A=0x7ffffffffffff750
7341500: system.cpu: T0 : 0x14e86    : auipc a5, 101              : IntAlu :  D=0x0000000000079e86
7342500: system.cpu: T0 : 0x14e8a    : ld a5, -1614(a5)           : MemRead :  D=0x000000000007a9c8 A=0x79838
7343000: system.cpu: T0 : 0x14e8e    : c_ld a5, 24(a5)            : MemRead :  D=0x0000000000000000 A=0x7a9e0
7343500: system.cpu: T0 : 0x14e90    : sd a5, -1688(s0)           : MemWrite :  D=0x0000000000000000 A=0x7ffffffffffff758
7344000: system.cpu: T0 : 0x14e94    : ld a4, -1688(s0)           : MemRead :  D=0x0000000000000000 A=0x7ffffffffffff758
7344500: system.cpu: T0 : 0x14e98    : ld a5, -1696(s0)           : MemRead :  D=0x0000000000000000 A=0x7ffffffffffff750
7345000: system.cpu: T0 : 0x14e9c    : bge a5, a4, 172            : IntAlu : 
7345500: system.cpu: T0 : 0x14f48    : auipc a5, 99               : IntAlu :  D=0x0000000000077f48
7346000: system.cpu: T0 : 0x14f4c    : addi a5, a5, 188           : IntAlu :  D=0x0000000000078004
7346500: system.cpu: T0 : 0x14f50    : c_lw a5, 0(a5)             : MemRead :  D=0x0000000000000005 A=0x78004
7347000: system.cpu: T0 : 0x14f52    : c_addiw a5, 0              : IntAlu :  D=0x0000000000000005
7347500: system.cpu: T0 : 0x14f54    : c_mv a4, a5                : IntAlu :  D=0x0000000000000005
7348000: system.cpu: T0 : 0x14f56    : c_li a5, 4                 : IntAlu :  D=0x0000000000000004
7348500: system.cpu: T0 : 0x14f58    : bge a5, a4, 256            : IntAlu : 
7349000: system.cpu: T0 : 0x14f5c    : addi a5, gp, -960          : IntAlu :  D=0x0000000000079c88
7349500: system.cpu: T0 : 0x14f60    : c_lw a5, 0(a5)             : MemRead :  D=0x0000000000000000 A=0x79c88
7350000: system.cpu: T0 : 0x14f62    : c_addiw a5, 0              : IntAlu :  D=0x0000000000000000
7350500: system.cpu: T0 : 0x14f64    : c_mv a4, a5                : IntAlu :  D=0x0000000000000000
7351000: system.cpu: T0 : 0x14f66    : c_li a5, 3                 : IntAlu :  D=0x0000000000000003
7351500: system.cpu: T0 : 0x14f68    : blt a5, a4, 240            : IntAlu : 
7352000: system.cpu: T0 : 0x14f6c    : auipc a5, 101              : IntAlu :  D=0x0000000000079f6c
7352500: system.cpu: T0 : 0x14f70    : ld a5, -1844(a5)           : MemRead :  D=0x000000000007a9c8 A=0x79838
7353000: system.cpu: T0 : 0x14f74    : c_ld a4, 24(a5)            : MemRead :  D=0x0000000000000000 A=0x7a9e0
7354000: system.cpu: T0 : 0x14f76    : auipc a5, 101              : IntAlu :  D=0x0000000000079f76
7355000: system.cpu: T0 : 0x14f7a    : ld a5, -1854(a5)           : MemRead :  D=0x000000000007a9c8 A=0x79838
7355500: system.cpu: T0 : 0x14f7e    : c_ld a5, 16(a5)            : MemRead :  D=0x0000000000000000 A=0x7a9d8
7356000: system.cpu: T0 : 0x14f80    : bne a4, a5, 216            : IntAlu : 
7356500: system.cpu: T0 : 0x14f84    : auipc a5, 101              : IntAlu :  D=0x0000000000079f84
7357000: system.cpu: T0 : 0x14f88    : ld a5, -1868(a5)           : MemRead :  D=0x000000000007a9c8 A=0x79838
7357500: system.cpu: T0 : 0x14f8c    : c_ld a4, 24(a5)            : MemRead :  D=0x0000000000000000 A=0x7a9e0
7358500: system.cpu: T0 : 0x14f8e    : auipc a5, 101              : IntAlu :  D=0x0000000000079f8e
7359500: system.cpu: T0 : 0x14f92    : ld a5, -1878(a5)           : MemRead :  D=0x000000000007a9c8 A=0x79838
7360000: system.cpu: T0 : 0x14f96    : c_ld a5, 32(a5)            : MemRead :  D=0x0000000000000000 A=0x7a9e8
7360500: system.cpu: T0 : 0x14f98    : bne a4, a5, 192            : IntAlu : 
7361000: system.cpu: T0 : 0x14f9c    : auipc a5, 101              : IntAlu :  D=0x0000000000079f9c
7361500: system.cpu: T0 : 0x14fa0    : ld a5, -1892(a5)           : MemRead :  D=0x000000000007a9c8 A=0x79838
7362000: system.cpu: T0 : 0x14fa4    : c_ld a5, 8(a5)             : MemRead :  D=0x0000000000000000 A=0x7a9d0
7363000: system.cpu: T0 : 0x14fa6    : sd a5, -1672(s0)           : MemWrite :  D=0x0000000000000000 A=0x7ffffffffffff768
7364000: system.cpu: T0 : 0x14faa    : auipc a5, 101              : IntAlu :  D=0x0000000000079faa
7365000: system.cpu: T0 : 0x14fae    : ld a5, -1906(a5)           : MemRead :  D=0x000000000007a9c8 A=0x79838
7365500: system.cpu: T0 : 0x14fb2    : c_ld a5, 24(a5)            : MemRead :  D=0x0000000000000000 A=0x7a9e0
7366000: system.cpu: T0 : 0x14fb4    : sd a5, -1664(s0)           : MemWrite :  D=0x0000000000000000 A=0x7ffffffffffff770
7366500: system.cpu: T0 : 0x14fb8    : ld a4, -1664(s0)           : MemRead :  D=0x0000000000000000 A=0x7ffffffffffff770
7367000: system.cpu: T0 : 0x14fbc    : ld a5, -1672(s0)           : MemRead :  D=0x0000000000000000 A=0x7ffffffffffff768
7367500: system.cpu: T0 : 0x14fc0    : bge a5, a4, 152            : IntAlu : 
7368000: system.cpu: T0 : 0x15058    : auipc a5, 99               : IntAlu :  D=0x0000000000078058
7368500: system.cpu: T0 : 0x1505c    : addi a5, a5, -84           : IntAlu :  D=0x0000000000078004
7369000: system.cpu: T0 : 0x15060    : c_lw a5, 0(a5)             : MemRead :  D=0x0000000000000005 A=0x78004
7369500: system.cpu: T0 : 0x15062    : c_addiw a5, 0              : IntAlu :  D=0x0000000000000005
7370000: system.cpu: T0 : 0x15064    : c_mv a4, a5                : IntAlu :  D=0x0000000000000005
7370500: system.cpu: T0 : 0x15066    : c_li a5, 4                 : IntAlu :  D=0x0000000000000004
7371000: system.cpu: T0 : 0x15068    : bge a5, a4, 276            : IntAlu : 
7371500: system.cpu: T0 : 0x1506c    : addi a5, gp, -960          : IntAlu :  D=0x0000000000079c88
7372000: system.cpu: T0 : 0x15070    : c_lw a5, 0(a5)             : MemRead :  D=0x0000000000000000 A=0x79c88
7372500: system.cpu: T0 : 0x15072    : c_addiw a5, 0              : IntAlu :  D=0x0000000000000000
7373000: system.cpu: T0 : 0x15074    : c_mv a4, a5                : IntAlu :  D=0x0000000000000000
7373500: system.cpu: T0 : 0x15076    : c_li a5, 3                 : IntAlu :  D=0x0000000000000003
7374000: system.cpu: T0 : 0x15078    : blt a5, a4, 260            : IntAlu : 
7374500: system.cpu: T0 : 0x1507c    : auipc a5, 100              : IntAlu :  D=0x000000000007907c
7375000: system.cpu: T0 : 0x15080    : ld a5, 1980(a5)            : MemRead :  D=0x000000000007a9c8 A=0x79838
7375500: system.cpu: T0 : 0x15084    : c_ld a4, 24(a5)            : MemRead :  D=0x0000000000000000 A=0x7a9e0
7376500: system.cpu: T0 : 0x15086    : auipc a5, 100              : IntAlu :  D=0x0000000000079086
7377500: system.cpu: T0 : 0x1508a    : ld a5, 1970(a5)            : MemRead :  D=0x000000000007a9c8 A=0x79838
7378000: system.cpu: T0 : 0x1508e    : c_ld a5, 32(a5)            : MemRead :  D=0x0000000000000000 A=0x7a9e8
7378500: system.cpu: T0 : 0x15090    : bne a4, a5, 236            : IntAlu : 
7379000: system.cpu: T0 : 0x15094    : auipc a5, 100              : IntAlu :  D=0x0000000000079094
7379500: system.cpu: T0 : 0x15098    : ld a5, 1956(a5)            : MemRead :  D=0x000000000007a9c8 A=0x79838
7380000: system.cpu: T0 : 0x1509c    : c_ld a4, 24(a5)            : MemRead :  D=0x0000000000000000 A=0x7a9e0
7381000: system.cpu: T0 : 0x1509e    : auipc a5, 100              : IntAlu :  D=0x000000000007909e
7382000: system.cpu: T0 : 0x150a2    : ld a5, 1946(a5)            : MemRead :  D=0x000000000007a9c8 A=0x79838
7382500: system.cpu: T0 : 0x150a6    : c_ld a5, 0(a5)             : MemRead :  D=0x0000000000000000 A=0x7a9c8
7383000: system.cpu: T0 : 0x150a8    : bne a4, a5, 212            : IntAlu : 
7383500: system.cpu: T0 : 0x150ac    : auipc a5, 100              : IntAlu :  D=0x00000000000790ac
7384000: system.cpu: T0 : 0x150b0    : ld a5, 1932(a5)            : MemRead :  D=0x000000000007a9c8 A=0x79838
7384500: system.cpu: T0 : 0x150b4    : c_ld a5, 8(a5)             : MemRead :  D=0x0000000000000000 A=0x7a9d0
7385500: system.cpu: T0 : 0x150b6    : sd a5, -1648(s0)           : MemWrite :  D=0x0000000000000000 A=0x7ffffffffffff780
7386500: system.cpu: T0 : 0x150ba    : auipc a5, 100              : IntAlu :  D=0x00000000000790ba
7387500: system.cpu: T0 : 0x150be    : ld a5, 1918(a5)            : MemRead :  D=0x000000000007a9c8 A=0x79838
7388000: system.cpu: T0 : 0x150c2    : c_ld a5, 24(a5)            : MemRead :  D=0x0000000000000000 A=0x7a9e0
7388500: system.cpu: T0 : 0x150c4    : sd a5, -1640(s0)           : MemWrite :  D=0x0000000000000000 A=0x7ffffffffffff788
7389000: system.cpu: T0 : 0x150c8    : ld a4, -1640(s0)           : MemRead :  D=0x0000000000000000 A=0x7ffffffffffff788
7389500: system.cpu: T0 : 0x150cc    : ld a5, -1648(s0)           : MemRead :  D=0x0000000000000000 A=0x7ffffffffffff780
7390000: system.cpu: T0 : 0x150d0    : bge a5, a4, 172            : IntAlu : 
7390500: system.cpu: T0 : 0x1517c    : auipc a5, 99               : IntAlu :  D=0x000000000007817c
7391000: system.cpu: T0 : 0x15180    : addi a5, a5, -376          : IntAlu :  D=0x0000000000078004
7391500: system.cpu: T0 : 0x15184    : c_lw a5, 0(a5)             : MemRead :  D=0x0000000000000005 A=0x78004
7392000: system.cpu: T0 : 0x15186    : c_addiw a5, 0              : IntAlu :  D=0x0000000000000005
7392500: system.cpu: T0 : 0x15188    : c_mv a4, a5                : IntAlu :  D=0x0000000000000005
7393000: system.cpu: T0 : 0x1518a    : c_li a5, 4                 : IntAlu :  D=0x0000000000000004
7393500: system.cpu: T0 : 0x1518c    : bge a5, a4, 256            : IntAlu : 
7394000: system.cpu: T0 : 0x15190    : addi a5, gp, -960          : IntAlu :  D=0x0000000000079c88
7394500: system.cpu: T0 : 0x15194    : c_lw a5, 0(a5)             : MemRead :  D=0x0000000000000000 A=0x79c88
7395000: system.cpu: T0 : 0x15196    : c_addiw a5, 0              : IntAlu :  D=0x0000000000000000
7395500: system.cpu: T0 : 0x15198    : c_mv a4, a5                : IntAlu :  D=0x0000000000000000
7396000: system.cpu: T0 : 0x1519a    : c_li a5, 3                 : IntAlu :  D=0x0000000000000003
7396500: system.cpu: T0 : 0x1519c    : blt a5, a4, 240            : IntAlu : 
7397000: system.cpu: T0 : 0x151a0    : auipc a5, 100              : IntAlu :  D=0x00000000000791a0
7397500: system.cpu: T0 : 0x151a4    : ld a5, 1688(a5)            : MemRead :  D=0x000000000007a9c8 A=0x79838
7398000: system.cpu: T0 : 0x151a8    : c_ld a4, 24(a5)            : MemRead :  D=0x0000000000000000 A=0x7a9e0
7399000: system.cpu: T0 : 0x151aa    : auipc a5, 100              : IntAlu :  D=0x00000000000791aa
7400000: system.cpu: T0 : 0x151ae    : ld a5, 1678(a5)            : MemRead :  D=0x000000000007a9c8 A=0x79838
7400500: system.cpu: T0 : 0x151b2    : c_ld a5, 32(a5)            : MemRead :  D=0x0000000000000000 A=0x7a9e8
7401000: system.cpu: T0 : 0x151b4    : bne a4, a5, 216            : IntAlu : 
7401500: system.cpu: T0 : 0x151b8    : auipc a5, 100              : IntAlu :  D=0x00000000000791b8
7402000: system.cpu: T0 : 0x151bc    : ld a5, 1664(a5)            : MemRead :  D=0x000000000007a9c8 A=0x79838
7402500: system.cpu: T0 : 0x151c0    : c_ld a4, 24(a5)            : MemRead :  D=0x0000000000000000 A=0x7a9e0
7403500: system.cpu: T0 : 0x151c2    : auipc a5, 100              : IntAlu :  D=0x00000000000791c2
7404500: system.cpu: T0 : 0x151c6    : ld a5, 1654(a5)            : MemRead :  D=0x000000000007a9c8 A=0x79838
7405000: system.cpu: T0 : 0x151ca    : c_ld a5, 16(a5)            : MemRead :  D=0x0000000000000000 A=0x7a9d8
7405500: system.cpu: T0 : 0x151cc    : bne a4, a5, 192            : IntAlu : 
7406000: system.cpu: T0 : 0x151d0    : auipc a5, 100              : IntAlu :  D=0x00000000000791d0
7406500: system.cpu: T0 : 0x151d4    : ld a5, 1640(a5)            : MemRead :  D=0x000000000007a9c8 A=0x79838
7407000: system.cpu: T0 : 0x151d8    : c_ld a5, 8(a5)             : MemRead :  D=0x0000000000000000 A=0x7a9d0
7408000: system.cpu: T0 : 0x151da    : sd a5, -1624(s0)           : MemWrite :  D=0x0000000000000000 A=0x7ffffffffffff798
7409000: system.cpu: T0 : 0x151de    : auipc a5, 100              : IntAlu :  D=0x00000000000791de
7410000: system.cpu: T0 : 0x151e2    : ld a5, 1626(a5)            : MemRead :  D=0x000000000007a9c8 A=0x79838
7410500: system.cpu: T0 : 0x151e6    : c_ld a5, 24(a5)            : MemRead :  D=0x0000000000000000 A=0x7a9e0
7411000: system.cpu: T0 : 0x151e8    : sd a5, -1616(s0)           : MemWrite :  D=0x0000000000000000 A=0x7ffffffffffff7a0
7411500: system.cpu: T0 : 0x151ec    : ld a4, -1616(s0)           : MemRead :  D=0x0000000000000000 A=0x7ffffffffffff7a0
7412000: system.cpu: T0 : 0x151f0    : ld a5, -1624(s0)           : MemRead :  D=0x0000000000000000 A=0x7ffffffffffff798
7412500: system.cpu: T0 : 0x151f4    : bge a5, a4, 152            : IntAlu : 
7413000: system.cpu: T0 : 0x1528c    : auipc a5, 99               : IntAlu :  D=0x000000000007828c
7413500: system.cpu: T0 : 0x15290    : addi a5, a5, -648          : IntAlu :  D=0x0000000000078004
7414000: system.cpu: T0 : 0x15294    : c_lw a5, 0(a5)             : MemRead :  D=0x0000000000000005 A=0x78004
7414500: system.cpu: T0 : 0x15296    : c_addiw a5, 0              : IntAlu :  D=0x0000000000000005
7415000: system.cpu: T0 : 0x15298    : c_mv a4, a5                : IntAlu :  D=0x0000000000000005
7415500: system.cpu: T0 : 0x1529a    : c_li a5, 4                 : IntAlu :  D=0x0000000000000004
7416000: system.cpu: T0 : 0x1529c    : bge a5, a4, 276            : IntAlu : 
7416500: system.cpu: T0 : 0x152a0    : addi a5, gp, -960          : IntAlu :  D=0x0000000000079c88
7417000: system.cpu: T0 : 0x152a4    : c_lw a5, 0(a5)             : MemRead :  D=0x0000000000000000 A=0x79c88
7417500: system.cpu: T0 : 0x152a6    : c_addiw a5, 0              : IntAlu :  D=0x0000000000000000
7418000: system.cpu: T0 : 0x152a8    : c_mv a4, a5                : IntAlu :  D=0x0000000000000000
7418500: system.cpu: T0 : 0x152aa    : c_li a5, 3                 : IntAlu :  D=0x0000000000000003
7419000: system.cpu: T0 : 0x152ac    : blt a5, a4, 260            : IntAlu : 
7419500: system.cpu: T0 : 0x152b0    : auipc a5, 100              : IntAlu :  D=0x00000000000792b0
7420000: system.cpu: T0 : 0x152b4    : ld a5, 1416(a5)            : MemRead :  D=0x000000000007a9c8 A=0x79838
7420500: system.cpu: T0 : 0x152b8    : c_ld a4, 32(a5)            : MemRead :  D=0x0000000000000000 A=0x7a9e8
7421500: system.cpu: T0 : 0x152ba    : auipc a5, 100              : IntAlu :  D=0x00000000000792ba
7422500: system.cpu: T0 : 0x152be    : ld a5, 1406(a5)            : MemRead :  D=0x000000000007a9c8 A=0x79838
7423000: system.cpu: T0 : 0x152c2    : c_ld a5, 0(a5)             : MemRead :  D=0x0000000000000000 A=0x7a9c8
7423500: system.cpu: T0 : 0x152c4    : bne a4, a5, 236            : IntAlu : 
7424000: system.cpu: T0 : 0x152c8    : auipc a5, 100              : IntAlu :  D=0x00000000000792c8
7424500: system.cpu: T0 : 0x152cc    : ld a5, 1392(a5)            : MemRead :  D=0x000000000007a9c8 A=0x79838
7425000: system.cpu: T0 : 0x152d0    : c_ld a4, 32(a5)            : MemRead :  D=0x0000000000000000 A=0x7a9e8
7426000: system.cpu: T0 : 0x152d2    : auipc a5, 100              : IntAlu :  D=0x00000000000792d2
7427000: system.cpu: T0 : 0x152d6    : ld a5, 1382(a5)            : MemRead :  D=0x000000000007a9c8 A=0x79838
7427500: system.cpu: T0 : 0x152da    : c_ld a5, 16(a5)            : MemRead :  D=0x0000000000000000 A=0x7a9d8
7428000: system.cpu: T0 : 0x152dc    : bne a4, a5, 212            : IntAlu : 
7428500: system.cpu: T0 : 0x152e0    : auipc a5, 100              : IntAlu :  D=0x00000000000792e0
7429000: system.cpu: T0 : 0x152e4    : ld a5, 1368(a5)            : MemRead :  D=0x000000000007a9c8 A=0x79838
7429500: system.cpu: T0 : 0x152e8    : c_ld a5, 8(a5)             : MemRead :  D=0x0000000000000000 A=0x7a9d0
7430500: system.cpu: T0 : 0x152ea    : sd a5, -1600(s0)           : MemWrite :  D=0x0000000000000000 A=0x7ffffffffffff7b0
7431500: system.cpu: T0 : 0x152ee    : auipc a5, 100              : IntAlu :  D=0x00000000000792ee
7432500: system.cpu: T0 : 0x152f2    : ld a5, 1354(a5)            : MemRead :  D=0x000000000007a9c8 A=0x79838
7433000: system.cpu: T0 : 0x152f6    : c_ld a5, 32(a5)            : MemRead :  D=0x0000000000000000 A=0x7a9e8
7433500: system.cpu: T0 : 0x152f8    : sd a5, -1592(s0)           : MemWrite :  D=0x0000000000000000 A=0x7ffffffffffff7b8
7434000: system.cpu: T0 : 0x152fc    : ld a4, -1592(s0)           : MemRead :  D=0x0000000000000000 A=0x7ffffffffffff7b8
7434500: system.cpu: T0 : 0x15300    : ld a5, -1600(s0)           : MemRead :  D=0x0000000000000000 A=0x7ffffffffffff7b0
7435000: system.cpu: T0 : 0x15304    : bge a5, a4, 172            : IntAlu : 
7435500: system.cpu: T0 : 0x153b0    : auipc a5, 99               : IntAlu :  D=0x00000000000783b0
7436000: system.cpu: T0 : 0x153b4    : addi a5, a5, -940          : IntAlu :  D=0x0000000000078004
7436500: system.cpu: T0 : 0x153b8    : c_lw a5, 0(a5)             : MemRead :  D=0x0000000000000005 A=0x78004
7437000: system.cpu: T0 : 0x153ba    : c_addiw a5, 0              : IntAlu :  D=0x0000000000000005
7437500: system.cpu: T0 : 0x153bc    : c_mv a4, a5                : IntAlu :  D=0x0000000000000005
7438000: system.cpu: T0 : 0x153be    : c_li a5, 4                 : IntAlu :  D=0x0000000000000004
7438500: system.cpu: T0 : 0x153c0    : bge a5, a4, 276            : IntAlu : 
7439000: system.cpu: T0 : 0x153c4    : addi a5, gp, -960          : IntAlu :  D=0x0000000000079c88
7439500: system.cpu: T0 : 0x153c8    : c_lw a5, 0(a5)             : MemRead :  D=0x0000000000000000 A=0x79c88
7440000: system.cpu: T0 : 0x153ca    : c_addiw a5, 0              : IntAlu :  D=0x0000000000000000
7440500: system.cpu: T0 : 0x153cc    : c_mv a4, a5                : IntAlu :  D=0x0000000000000000
7441000: system.cpu: T0 : 0x153ce    : c_li a5, 3                 : IntAlu :  D=0x0000000000000003
7441500: system.cpu: T0 : 0x153d0    : blt a5, a4, 260            : IntAlu : 
7442000: system.cpu: T0 : 0x153d4    : auipc a5, 100              : IntAlu :  D=0x00000000000793d4
7442500: system.cpu: T0 : 0x153d8    : ld a5, 1124(a5)            : MemRead :  D=0x000000000007a9c8 A=0x79838
7443000: system.cpu: T0 : 0x153dc    : c_ld a4, 32(a5)            : MemRead :  D=0x0000000000000000 A=0x7a9e8
7444000: system.cpu: T0 : 0x153de    : auipc a5, 100              : IntAlu :  D=0x00000000000793de
7445000: system.cpu: T0 : 0x153e2    : ld a5, 1114(a5)            : MemRead :  D=0x000000000007a9c8 A=0x79838
7445500: system.cpu: T0 : 0x153e6    : c_ld a5, 0(a5)             : MemRead :  D=0x0000000000000000 A=0x7a9c8
7446000: system.cpu: T0 : 0x153e8    : bne a4, a5, 236            : IntAlu : 
7446500: system.cpu: T0 : 0x153ec    : auipc a5, 100              : IntAlu :  D=0x00000000000793ec
7447000: system.cpu: T0 : 0x153f0    : ld a5, 1100(a5)            : MemRead :  D=0x000000000007a9c8 A=0x79838
7447500: system.cpu: T0 : 0x153f4    : c_ld a4, 32(a5)            : MemRead :  D=0x0000000000000000 A=0x7a9e8
7448500: system.cpu: T0 : 0x153f6    : auipc a5, 100              : IntAlu :  D=0x00000000000793f6
7449500: system.cpu: T0 : 0x153fa    : ld a5, 1090(a5)            : MemRead :  D=0x000000000007a9c8 A=0x79838
7450000: system.cpu: T0 : 0x153fe    : c_ld a5, 24(a5)            : MemRead :  D=0x0000000000000000 A=0x7a9e0
7450500: system.cpu: T0 : 0x15400    : bne a4, a5, 212            : IntAlu : 
7451000: system.cpu: T0 : 0x15404    : auipc a5, 100              : IntAlu :  D=0x0000000000079404
7451500: system.cpu: T0 : 0x15408    : ld a5, 1076(a5)            : MemRead :  D=0x000000000007a9c8 A=0x79838
7452000: system.cpu: T0 : 0x1540c    : c_ld a5, 8(a5)             : MemRead :  D=0x0000000000000000 A=0x7a9d0
7453000: system.cpu: T0 : 0x1540e    : sd a5, -1576(s0)           : MemWrite :  D=0x0000000000000000 A=0x7ffffffffffff7c8
7454000: system.cpu: T0 : 0x15412    : auipc a5, 100              : IntAlu :  D=0x0000000000079412
7455000: system.cpu: T0 : 0x15416    : ld a5, 1062(a5)            : MemRead :  D=0x000000000007a9c8 A=0x79838
7455500: system.cpu: T0 : 0x1541a    : c_ld a5, 32(a5)            : MemRead :  D=0x0000000000000000 A=0x7a9e8
7456000: system.cpu: T0 : 0x1541c    : sd a5, -1568(s0)           : MemWrite :  D=0x0000000000000000 A=0x7ffffffffffff7d0
7456500: system.cpu: T0 : 0x15420    : ld a4, -1568(s0)           : MemRead :  D=0x0000000000000000 A=0x7ffffffffffff7d0
7457000: system.cpu: T0 : 0x15424    : ld a5, -1576(s0)           : MemRead :  D=0x0000000000000000 A=0x7ffffffffffff7c8
7457500: system.cpu: T0 : 0x15428    : bge a5, a4, 172            : IntAlu : 
7458000: system.cpu: T0 : 0x154d4    : auipc a5, 99               : IntAlu :  D=0x00000000000784d4
7458500: system.cpu: T0 : 0x154d8    : addi a5, a5, -1232         : IntAlu :  D=0x0000000000078004
7459000: system.cpu: T0 : 0x154dc    : c_lw a5, 0(a5)             : MemRead :  D=0x0000000000000005 A=0x78004
7459500: system.cpu: T0 : 0x154de    : c_addiw a5, 0              : IntAlu :  D=0x0000000000000005
7460000: system.cpu: T0 : 0x154e0    : c_mv a4, a5                : IntAlu :  D=0x0000000000000005
7460500: system.cpu: T0 : 0x154e2    : c_li a5, 4                 : IntAlu :  D=0x0000000000000004
7461000: system.cpu: T0 : 0x154e4    : bge a5, a4, 276            : IntAlu : 
7461500: system.cpu: T0 : 0x154e8    : addi a5, gp, -960          : IntAlu :  D=0x0000000000079c88
7462000: system.cpu: T0 : 0x154ec    : c_lw a5, 0(a5)             : MemRead :  D=0x0000000000000000 A=0x79c88
7462500: system.cpu: T0 : 0x154ee    : c_addiw a5, 0              : IntAlu :  D=0x0000000000000000
7463000: system.cpu: T0 : 0x154f0    : c_mv a4, a5                : IntAlu :  D=0x0000000000000000
7463500: system.cpu: T0 : 0x154f2    : c_li a5, 3                 : IntAlu :  D=0x0000000000000003
7464000: system.cpu: T0 : 0x154f4    : blt a5, a4, 260            : IntAlu : 
7464500: system.cpu: T0 : 0x154f8    : auipc a5, 100              : IntAlu :  D=0x00000000000794f8
7465000: system.cpu: T0 : 0x154fc    : ld a5, 832(a5)             : MemRead :  D=0x000000000007a9c8 A=0x79838
7465500: system.cpu: T0 : 0x15500    : c_ld a4, 32(a5)            : MemRead :  D=0x0000000000000000 A=0x7a9e8
7466500: system.cpu: T0 : 0x15502    : auipc a5, 100              : IntAlu :  D=0x0000000000079502
7467500: system.cpu: T0 : 0x15506    : ld a5, 822(a5)             : MemRead :  D=0x000000000007a9c8 A=0x79838
7468000: system.cpu: T0 : 0x1550a    : c_ld a5, 16(a5)            : MemRead :  D=0x0000000000000000 A=0x7a9d8
7468500: system.cpu: T0 : 0x1550c    : bne a4, a5, 236            : IntAlu : 
7469000: system.cpu: T0 : 0x15510    : auipc a5, 100              : IntAlu :  D=0x0000000000079510
7469500: system.cpu: T0 : 0x15514    : ld a5, 808(a5)             : MemRead :  D=0x000000000007a9c8 A=0x79838
7470000: system.cpu: T0 : 0x15518    : c_ld a4, 32(a5)            : MemRead :  D=0x0000000000000000 A=0x7a9e8
7471000: system.cpu: T0 : 0x1551a    : auipc a5, 100              : IntAlu :  D=0x000000000007951a
7472000: system.cpu: T0 : 0x1551e    : ld a5, 798(a5)             : MemRead :  D=0x000000000007a9c8 A=0x79838
7472500: system.cpu: T0 : 0x15522    : c_ld a5, 0(a5)             : MemRead :  D=0x0000000000000000 A=0x7a9c8
7473000: system.cpu: T0 : 0x15524    : bne a4, a5, 212            : IntAlu : 
7473500: system.cpu: T0 : 0x15528    : auipc a5, 100              : IntAlu :  D=0x0000000000079528
7474000: system.cpu: T0 : 0x1552c    : ld a5, 784(a5)             : MemRead :  D=0x000000000007a9c8 A=0x79838
7474500: system.cpu: T0 : 0x15530    : c_ld a5, 8(a5)             : MemRead :  D=0x0000000000000000 A=0x7a9d0
7475500: system.cpu: T0 : 0x15532    : sd a5, -1552(s0)           : MemWrite :  D=0x0000000000000000 A=0x7ffffffffffff7e0
7476500: system.cpu: T0 : 0x15536    : auipc a5, 100              : IntAlu :  D=0x0000000000079536
7477500: system.cpu: T0 : 0x1553a    : ld a5, 770(a5)             : MemRead :  D=0x000000000007a9c8 A=0x79838
7478000: system.cpu: T0 : 0x1553e    : c_ld a5, 32(a5)            : MemRead :  D=0x0000000000000000 A=0x7a9e8
7478500: system.cpu: T0 : 0x15540    : sd a5, -1544(s0)           : MemWrite :  D=0x0000000000000000 A=0x7ffffffffffff7e8
7479000: system.cpu: T0 : 0x15544    : ld a4, -1544(s0)           : MemRead :  D=0x0000000000000000 A=0x7ffffffffffff7e8
7479500: system.cpu: T0 : 0x15548    : ld a5, -1552(s0)           : MemRead :  D=0x0000000000000000 A=0x7ffffffffffff7e0
7480000: system.cpu: T0 : 0x1554c    : bge a5, a4, 172            : IntAlu : 
7480500: system.cpu: T0 : 0x155f8    : auipc a5, 99               : IntAlu :  D=0x00000000000785f8
7481000: system.cpu: T0 : 0x155fc    : addi a5, a5, -1524         : IntAlu :  D=0x0000000000078004
7481500: system.cpu: T0 : 0x15600    : c_lw a5, 0(a5)             : MemRead :  D=0x0000000000000005 A=0x78004
7482000: system.cpu: T0 : 0x15602    : c_addiw a5, 0              : IntAlu :  D=0x0000000000000005
7482500: system.cpu: T0 : 0x15604    : c_mv a4, a5                : IntAlu :  D=0x0000000000000005
7483000: system.cpu: T0 : 0x15606    : c_li a5, 4                 : IntAlu :  D=0x0000000000000004
7483500: system.cpu: T0 : 0x15608    : bge a5, a4, 256            : IntAlu : 
7484000: system.cpu: T0 : 0x1560c    : addi a5, gp, -960          : IntAlu :  D=0x0000000000079c88
7484500: system.cpu: T0 : 0x15610    : c_lw a5, 0(a5)             : MemRead :  D=0x0000000000000000 A=0x79c88
7485000: system.cpu: T0 : 0x15612    : c_addiw a5, 0              : IntAlu :  D=0x0000000000000000
7485500: system.cpu: T0 : 0x15614    : c_mv a4, a5                : IntAlu :  D=0x0000000000000000
7486000: system.cpu: T0 : 0x15616    : c_li a5, 3                 : IntAlu :  D=0x0000000000000003
7486500: system.cpu: T0 : 0x15618    : blt a5, a4, 240            : IntAlu : 
7487000: system.cpu: T0 : 0x1561c    : auipc a5, 100              : IntAlu :  D=0x000000000007961c
7487500: system.cpu: T0 : 0x15620    : ld a5, 540(a5)             : MemRead :  D=0x000000000007a9c8 A=0x79838
7488000: system.cpu: T0 : 0x15624    : c_ld a4, 32(a5)            : MemRead :  D=0x0000000000000000 A=0x7a9e8
7489000: system.cpu: T0 : 0x15626    : auipc a5, 100              : IntAlu :  D=0x0000000000079626
7490000: system.cpu: T0 : 0x1562a    : ld a5, 530(a5)             : MemRead :  D=0x000000000007a9c8 A=0x79838
7490500: system.cpu: T0 : 0x1562e    : c_ld a5, 16(a5)            : MemRead :  D=0x0000000000000000 A=0x7a9d8
7491000: system.cpu: T0 : 0x15630    : bne a4, a5, 216            : IntAlu : 
7491500: system.cpu: T0 : 0x15634    : auipc a5, 100              : IntAlu :  D=0x0000000000079634
7492000: system.cpu: T0 : 0x15638    : ld a5, 516(a5)             : MemRead :  D=0x000000000007a9c8 A=0x79838
7492500: system.cpu: T0 : 0x1563c    : c_ld a4, 32(a5)            : MemRead :  D=0x0000000000000000 A=0x7a9e8
7493500: system.cpu: T0 : 0x1563e    : auipc a5, 100              : IntAlu :  D=0x000000000007963e
7494500: system.cpu: T0 : 0x15642    : ld a5, 506(a5)             : MemRead :  D=0x000000000007a9c8 A=0x79838
7495000: system.cpu: T0 : 0x15646    : c_ld a5, 24(a5)            : MemRead :  D=0x0000000000000000 A=0x7a9e0
7495500: system.cpu: T0 : 0x15648    : bne a4, a5, 192            : IntAlu : 
7496000: system.cpu: T0 : 0x1564c    : auipc a5, 100              : IntAlu :  D=0x000000000007964c
7496500: system.cpu: T0 : 0x15650    : ld a5, 492(a5)             : MemRead :  D=0x000000000007a9c8 A=0x79838
7497000: system.cpu: T0 : 0x15654    : c_ld a5, 8(a5)             : MemRead :  D=0x0000000000000000 A=0x7a9d0
7498000: system.cpu: T0 : 0x15656    : sd a5, -1528(s0)           : MemWrite :  D=0x0000000000000000 A=0x7ffffffffffff7f8
7499000: system.cpu: T0 : 0x1565a    : auipc a5, 100              : IntAlu :  D=0x000000000007965a
7500000: system.cpu: T0 : 0x1565e    : ld a5, 478(a5)             : MemRead :  D=0x000000000007a9c8 A=0x79838
7500500: system.cpu: T0 : 0x15662    : c_ld a5, 32(a5)            : MemRead :  D=0x0000000000000000 A=0x7a9e8
7501000: system.cpu: T0 : 0x15664    : sd a5, -1520(s0)           : MemWrite :  D=0x0000000000000000 A=0x7ffffffffffff800
7501500: system.cpu: T0 : 0x15668    : ld a4, -1520(s0)           : MemRead :  D=0x0000000000000000 A=0x7ffffffffffff800
7502000: system.cpu: T0 : 0x1566c    : ld a5, -1528(s0)           : MemRead :  D=0x0000000000000000 A=0x7ffffffffffff7f8
7502500: system.cpu: T0 : 0x15670    : bge a5, a4, 152            : IntAlu : 
7503000: system.cpu: T0 : 0x15708    : auipc a5, 99               : IntAlu :  D=0x0000000000078708
7503500: system.cpu: T0 : 0x1570c    : addi a5, a5, -1796         : IntAlu :  D=0x0000000000078004
7504000: system.cpu: T0 : 0x15710    : c_lw a5, 0(a5)             : MemRead :  D=0x0000000000000005 A=0x78004
7504500: system.cpu: T0 : 0x15712    : c_addiw a5, 0              : IntAlu :  D=0x0000000000000005
7505000: system.cpu: T0 : 0x15714    : c_mv a4, a5                : IntAlu :  D=0x0000000000000005
7505500: system.cpu: T0 : 0x15716    : c_li a5, 4                 : IntAlu :  D=0x0000000000000004
7506000: system.cpu: T0 : 0x15718    : bge a5, a4, 276            : IntAlu : 
7506500: system.cpu: T0 : 0x1571c    : addi a5, gp, -960          : IntAlu :  D=0x0000000000079c88
7507000: system.cpu: T0 : 0x15720    : c_lw a5, 0(a5)             : MemRead :  D=0x0000000000000000 A=0x79c88
7507500: system.cpu: T0 : 0x15722    : c_addiw a5, 0              : IntAlu :  D=0x0000000000000000
7508000: system.cpu: T0 : 0x15724    : c_mv a4, a5                : IntAlu :  D=0x0000000000000000
7508500: system.cpu: T0 : 0x15726    : c_li a5, 3                 : IntAlu :  D=0x0000000000000003
7509000: system.cpu: T0 : 0x15728    : blt a5, a4, 260            : IntAlu : 
7509500: system.cpu: T0 : 0x1572c    : auipc a5, 100              : IntAlu :  D=0x000000000007972c
7510000: system.cpu: T0 : 0x15730    : ld a5, 268(a5)             : MemRead :  D=0x000000000007a9c8 A=0x79838
7510500: system.cpu: T0 : 0x15734    : c_ld a4, 32(a5)            : MemRead :  D=0x0000000000000000 A=0x7a9e8
7511500: system.cpu: T0 : 0x15736    : auipc a5, 100              : IntAlu :  D=0x0000000000079736
7512500: system.cpu: T0 : 0x1573a    : ld a5, 258(a5)             : MemRead :  D=0x000000000007a9c8 A=0x79838
7513000: system.cpu: T0 : 0x1573e    : c_ld a5, 24(a5)            : MemRead :  D=0x0000000000000000 A=0x7a9e0
7513500: system.cpu: T0 : 0x15740    : bne a4, a5, 236            : IntAlu : 
7514000: system.cpu: T0 : 0x15744    : auipc a5, 100              : IntAlu :  D=0x0000000000079744
7514500: system.cpu: T0 : 0x15748    : ld a5, 244(a5)             : MemRead :  D=0x000000000007a9c8 A=0x79838
7515000: system.cpu: T0 : 0x1574c    : c_ld a4, 32(a5)            : MemRead :  D=0x0000000000000000 A=0x7a9e8
7516000: system.cpu: T0 : 0x1574e    : auipc a5, 100              : IntAlu :  D=0x000000000007974e
7517000: system.cpu: T0 : 0x15752    : ld a5, 234(a5)             : MemRead :  D=0x000000000007a9c8 A=0x79838
7517500: system.cpu: T0 : 0x15756    : c_ld a5, 0(a5)             : MemRead :  D=0x0000000000000000 A=0x7a9c8
7518000: system.cpu: T0 : 0x15758    : bne a4, a5, 212            : IntAlu : 
7518500: system.cpu: T0 : 0x1575c    : auipc a5, 100              : IntAlu :  D=0x000000000007975c
7519000: system.cpu: T0 : 0x15760    : ld a5, 220(a5)             : MemRead :  D=0x000000000007a9c8 A=0x79838
7519500: system.cpu: T0 : 0x15764    : c_ld a5, 8(a5)             : MemRead :  D=0x0000000000000000 A=0x7a9d0
7520500: system.cpu: T0 : 0x15766    : sd a5, -1504(s0)           : MemWrite :  D=0x0000000000000000 A=0x7ffffffffffff810
7521500: system.cpu: T0 : 0x1576a    : auipc a5, 100              : IntAlu :  D=0x000000000007976a
7522500: system.cpu: T0 : 0x1576e    : ld a5, 206(a5)             : MemRead :  D=0x000000000007a9c8 A=0x79838
7523000: system.cpu: T0 : 0x15772    : c_ld a5, 32(a5)            : MemRead :  D=0x0000000000000000 A=0x7a9e8
7523500: system.cpu: T0 : 0x15774    : sd a5, -1496(s0)           : MemWrite :  D=0x0000000000000000 A=0x7ffffffffffff818
7524000: system.cpu: T0 : 0x15778    : ld a4, -1496(s0)           : MemRead :  D=0x0000000000000000 A=0x7ffffffffffff818
7524500: system.cpu: T0 : 0x1577c    : ld a5, -1504(s0)           : MemRead :  D=0x0000000000000000 A=0x7ffffffffffff810
7525000: system.cpu: T0 : 0x15780    : bge a5, a4, 172            : IntAlu : 
7525500: system.cpu: T0 : 0x1582c    : auipc a5, 98               : IntAlu :  D=0x000000000007782c
7526000: system.cpu: T0 : 0x15830    : addi a5, a5, 2008          : IntAlu :  D=0x0000000000078004
7526500: system.cpu: T0 : 0x15834    : c_lw a5, 0(a5)             : MemRead :  D=0x0000000000000005 A=0x78004
7527000: system.cpu: T0 : 0x15836    : c_addiw a5, 0              : IntAlu :  D=0x0000000000000005
7527500: system.cpu: T0 : 0x15838    : c_mv a4, a5                : IntAlu :  D=0x0000000000000005
7528000: system.cpu: T0 : 0x1583a    : c_li a5, 4                 : IntAlu :  D=0x0000000000000004
7528500: system.cpu: T0 : 0x1583c    : bge a5, a4, 256            : IntAlu : 
7529000: system.cpu: T0 : 0x15840    : addi a5, gp, -960          : IntAlu :  D=0x0000000000079c88
7529500: system.cpu: T0 : 0x15844    : c_lw a5, 0(a5)             : MemRead :  D=0x0000000000000000 A=0x79c88
7530000: system.cpu: T0 : 0x15846    : c_addiw a5, 0              : IntAlu :  D=0x0000000000000000
7530500: system.cpu: T0 : 0x15848    : c_mv a4, a5                : IntAlu :  D=0x0000000000000000
7531000: system.cpu: T0 : 0x1584a    : c_li a5, 3                 : IntAlu :  D=0x0000000000000003
7531500: system.cpu: T0 : 0x1584c    : blt a5, a4, 240            : IntAlu : 
7532000: system.cpu: T0 : 0x15850    : auipc a5, 100              : IntAlu :  D=0x0000000000079850
7532500: system.cpu: T0 : 0x15854    : ld a5, -24(a5)             : MemRead :  D=0x000000000007a9c8 A=0x79838
7533000: system.cpu: T0 : 0x15858    : c_ld a4, 32(a5)            : MemRead :  D=0x0000000000000000 A=0x7a9e8
7534000: system.cpu: T0 : 0x1585a    : auipc a5, 100              : IntAlu :  D=0x000000000007985a
7535000: system.cpu: T0 : 0x1585e    : ld a5, -34(a5)             : MemRead :  D=0x000000000007a9c8 A=0x79838
7535500: system.cpu: T0 : 0x15862    : c_ld a5, 24(a5)            : MemRead :  D=0x0000000000000000 A=0x7a9e0
7536000: system.cpu: T0 : 0x15864    : bne a4, a5, 216            : IntAlu : 
7536500: system.cpu: T0 : 0x15868    : auipc a5, 100              : IntAlu :  D=0x0000000000079868
7537000: system.cpu: T0 : 0x1586c    : ld a5, -48(a5)             : MemRead :  D=0x000000000007a9c8 A=0x79838
7537500: system.cpu: T0 : 0x15870    : c_ld a4, 32(a5)            : MemRead :  D=0x0000000000000000 A=0x7a9e8
7538500: system.cpu: T0 : 0x15872    : auipc a5, 100              : IntAlu :  D=0x0000000000079872
7539500: system.cpu: T0 : 0x15876    : ld a5, -58(a5)             : MemRead :  D=0x000000000007a9c8 A=0x79838
7540000: system.cpu: T0 : 0x1587a    : c_ld a5, 16(a5)            : MemRead :  D=0x0000000000000000 A=0x7a9d8
7540500: system.cpu: T0 : 0x1587c    : bne a4, a5, 192            : IntAlu : 
7541000: system.cpu: T0 : 0x15880    : auipc a5, 100              : IntAlu :  D=0x0000000000079880
7541500: system.cpu: T0 : 0x15884    : ld a5, -72(a5)             : MemRead :  D=0x000000000007a9c8 A=0x79838
7542000: system.cpu: T0 : 0x15888    : c_ld a5, 8(a5)             : MemRead :  D=0x0000000000000000 A=0x7a9d0
7543000: system.cpu: T0 : 0x1588a    : sd a5, -1480(s0)           : MemWrite :  D=0x0000000000000000 A=0x7ffffffffffff828
7544000: system.cpu: T0 : 0x1588e    : auipc a5, 100              : IntAlu :  D=0x000000000007988e
7545000: system.cpu: T0 : 0x15892    : ld a5, -86(a5)             : MemRead :  D=0x000000000007a9c8 A=0x79838
7545500: system.cpu: T0 : 0x15896    : c_ld a5, 32(a5)            : MemRead :  D=0x0000000000000000 A=0x7a9e8
7546000: system.cpu: T0 : 0x15898    : sd a5, -1472(s0)           : MemWrite :  D=0x0000000000000000 A=0x7ffffffffffff830
7546500: system.cpu: T0 : 0x1589c    : ld a4, -1472(s0)           : MemRead :  D=0x0000000000000000 A=0x7ffffffffffff830
7547000: system.cpu: T0 : 0x158a0    : ld a5, -1480(s0)           : MemRead :  D=0x0000000000000000 A=0x7ffffffffffff828
7547500: system.cpu: T0 : 0x158a4    : bge a5, a4, 152            : IntAlu : 
7548000: system.cpu: T0 : 0x1593c    : auipc a5, 98               : IntAlu :  D=0x000000000007793c
7548500: system.cpu: T0 : 0x15940    : addi a5, a5, 1736          : IntAlu :  D=0x0000000000078004
7549000: system.cpu: T0 : 0x15944    : c_lw a5, 0(a5)             : MemRead :  D=0x0000000000000005 A=0x78004
7549500: system.cpu: T0 : 0x15946    : c_addiw a5, 0              : IntAlu :  D=0x0000000000000005
7550000: system.cpu: T0 : 0x15948    : c_mv a4, a5                : IntAlu :  D=0x0000000000000005
7550500: system.cpu: T0 : 0x1594a    : c_li a5, 4                 : IntAlu :  D=0x0000000000000004
7551000: system.cpu: T0 : 0x1594c    : bge a5, a4, 276            : IntAlu : 
7551500: system.cpu: T0 : 0x15950    : addi a5, gp, -960          : IntAlu :  D=0x0000000000079c88
7552000: system.cpu: T0 : 0x15954    : c_lw a5, 0(a5)             : MemRead :  D=0x0000000000000000 A=0x79c88
7552500: system.cpu: T0 : 0x15956    : c_addiw a5, 0              : IntAlu :  D=0x0000000000000000
7553000: system.cpu: T0 : 0x15958    : c_mv a4, a5                : IntAlu :  D=0x0000000000000000
7553500: system.cpu: T0 : 0x1595a    : c_li a5, 3                 : IntAlu :  D=0x0000000000000003
7554000: system.cpu: T0 : 0x1595c    : blt a5, a4, 260            : IntAlu : 
7554500: system.cpu: T0 : 0x15960    : auipc a5, 100              : IntAlu :  D=0x0000000000079960
7555000: system.cpu: T0 : 0x15964    : ld a5, -296(a5)            : MemRead :  D=0x000000000007a9c8 A=0x79838
7555500: system.cpu: T0 : 0x15968    : c_ld a4, 0(a5)             : MemRead :  D=0x0000000000000000 A=0x7a9c8
7556500: system.cpu: T0 : 0x1596a    : auipc a5, 100              : IntAlu :  D=0x000000000007996a
7557500: system.cpu: T0 : 0x1596e    : ld a5, -306(a5)            : MemRead :  D=0x000000000007a9c8 A=0x79838
7558000: system.cpu: T0 : 0x15972    : c_ld a5, 8(a5)             : MemRead :  D=0x0000000000000000 A=0x7a9d0
7558500: system.cpu: T0 : 0x15974    : bne a4, a5, 236            : IntAlu : 
7559000: system.cpu: T0 : 0x15978    : auipc a5, 100              : IntAlu :  D=0x0000000000079978
7559500: system.cpu: T0 : 0x1597c    : ld a5, -320(a5)            : MemRead :  D=0x000000000007a9c8 A=0x79838
7560000: system.cpu: T0 : 0x15980    : c_ld a4, 0(a5)             : MemRead :  D=0x0000000000000000 A=0x7a9c8
7561000: system.cpu: T0 : 0x15982    : auipc a5, 100              : IntAlu :  D=0x0000000000079982
7562000: system.cpu: T0 : 0x15986    : ld a5, -330(a5)            : MemRead :  D=0x000000000007a9c8 A=0x79838
7562500: system.cpu: T0 : 0x1598a    : c_ld a5, 32(a5)            : MemRead :  D=0x0000000000000000 A=0x7a9e8
7563000: system.cpu: T0 : 0x1598c    : bne a4, a5, 212            : IntAlu : 
7563500: system.cpu: T0 : 0x15990    : auipc a5, 100              : IntAlu :  D=0x0000000000079990
7564000: system.cpu: T0 : 0x15994    : ld a5, -344(a5)            : MemRead :  D=0x000000000007a9c8 A=0x79838
7564500: system.cpu: T0 : 0x15998    : c_ld a5, 16(a5)            : MemRead :  D=0x0000000000000000 A=0x7a9d8
7565500: system.cpu: T0 : 0x1599a    : sd a5, -1456(s0)           : MemWrite :  D=0x0000000000000000 A=0x7ffffffffffff840
7566500: system.cpu: T0 : 0x1599e    : auipc a5, 100              : IntAlu :  D=0x000000000007999e
7567500: system.cpu: T0 : 0x159a2    : ld a5, -358(a5)            : MemRead :  D=0x000000000007a9c8 A=0x79838
7568000: system.cpu: T0 : 0x159a6    : c_ld a5, 0(a5)             : MemRead :  D=0x0000000000000000 A=0x7a9c8
7568500: system.cpu: T0 : 0x159a8    : sd a5, -1448(s0)           : MemWrite :  D=0x0000000000000000 A=0x7ffffffffffff848
7569000: system.cpu: T0 : 0x159ac    : ld a4, -1448(s0)           : MemRead :  D=0x0000000000000000 A=0x7ffffffffffff848
7569500: system.cpu: T0 : 0x159b0    : ld a5, -1456(s0)           : MemRead :  D=0x0000000000000000 A=0x7ffffffffffff840
7570000: system.cpu: T0 : 0x159b4    : bge a5, a4, 172            : IntAlu : 
7570500: system.cpu: T0 : 0x15a60    : auipc a5, 98               : IntAlu :  D=0x0000000000077a60
7571000: system.cpu: T0 : 0x15a64    : addi a5, a5, 1444          : IntAlu :  D=0x0000000000078004
7571500: system.cpu: T0 : 0x15a68    : c_lw a5, 0(a5)             : MemRead :  D=0x0000000000000005 A=0x78004
7572000: system.cpu: T0 : 0x15a6a    : c_addiw a5, 0              : IntAlu :  D=0x0000000000000005
7572500: system.cpu: T0 : 0x15a6c    : c_mv a4, a5                : IntAlu :  D=0x0000000000000005
7573000: system.cpu: T0 : 0x15a6e    : c_li a5, 4                 : IntAlu :  D=0x0000000000000004
7573500: system.cpu: T0 : 0x15a70    : bge a5, a4, 276            : IntAlu : 
7574000: system.cpu: T0 : 0x15a74    : addi a5, gp, -960          : IntAlu :  D=0x0000000000079c88
7574500: system.cpu: T0 : 0x15a78    : c_lw a5, 0(a5)             : MemRead :  D=0x0000000000000000 A=0x79c88
7575000: system.cpu: T0 : 0x15a7a    : c_addiw a5, 0              : IntAlu :  D=0x0000000000000000
7575500: system.cpu: T0 : 0x15a7c    : c_mv a4, a5                : IntAlu :  D=0x0000000000000000
7576000: system.cpu: T0 : 0x15a7e    : c_li a5, 3                 : IntAlu :  D=0x0000000000000003
7576500: system.cpu: T0 : 0x15a80    : blt a5, a4, 260            : IntAlu : 
7577000: system.cpu: T0 : 0x15a84    : auipc a5, 100              : IntAlu :  D=0x0000000000079a84
7577500: system.cpu: T0 : 0x15a88    : ld a5, -588(a5)            : MemRead :  D=0x000000000007a9c8 A=0x79838
7578000: system.cpu: T0 : 0x15a8c    : c_ld a4, 0(a5)             : MemRead :  D=0x0000000000000000 A=0x7a9c8
7579000: system.cpu: T0 : 0x15a8e    : auipc a5, 100              : IntAlu :  D=0x0000000000079a8e
7580000: system.cpu: T0 : 0x15a92    : ld a5, -598(a5)            : MemRead :  D=0x000000000007a9c8 A=0x79838
7580500: system.cpu: T0 : 0x15a96    : c_ld a5, 24(a5)            : MemRead :  D=0x0000000000000000 A=0x7a9e0
7581000: system.cpu: T0 : 0x15a98    : bne a4, a5, 236            : IntAlu : 
7581500: system.cpu: T0 : 0x15a9c    : auipc a5, 100              : IntAlu :  D=0x0000000000079a9c
7582000: system.cpu: T0 : 0x15aa0    : ld a5, -612(a5)            : MemRead :  D=0x000000000007a9c8 A=0x79838
7582500: system.cpu: T0 : 0x15aa4    : c_ld a4, 0(a5)             : MemRead :  D=0x0000000000000000 A=0x7a9c8
7583500: system.cpu: T0 : 0x15aa6    : auipc a5, 100              : IntAlu :  D=0x0000000000079aa6
7584500: system.cpu: T0 : 0x15aaa    : ld a5, -622(a5)            : MemRead :  D=0x000000000007a9c8 A=0x79838
7585000: system.cpu: T0 : 0x15aae    : c_ld a5, 32(a5)            : MemRead :  D=0x0000000000000000 A=0x7a9e8
7585500: system.cpu: T0 : 0x15ab0    : bne a4, a5, 212            : IntAlu : 
7586000: system.cpu: T0 : 0x15ab4    : auipc a5, 100              : IntAlu :  D=0x0000000000079ab4
7586500: system.cpu: T0 : 0x15ab8    : ld a5, -636(a5)            : MemRead :  D=0x000000000007a9c8 A=0x79838
7587000: system.cpu: T0 : 0x15abc    : c_ld a5, 16(a5)            : MemRead :  D=0x0000000000000000 A=0x7a9d8
7588000: system.cpu: T0 : 0x15abe    : sd a5, -1432(s0)           : MemWrite :  D=0x0000000000000000 A=0x7ffffffffffff858
7589000: system.cpu: T0 : 0x15ac2    : auipc a5, 100              : IntAlu :  D=0x0000000000079ac2
7590000: system.cpu: T0 : 0x15ac6    : ld a5, -650(a5)            : MemRead :  D=0x000000000007a9c8 A=0x79838
7590500: system.cpu: T0 : 0x15aca    : c_ld a5, 0(a5)             : MemRead :  D=0x0000000000000000 A=0x7a9c8
7591000: system.cpu: T0 : 0x15acc    : sd a5, -1424(s0)           : MemWrite :  D=0x0000000000000000 A=0x7ffffffffffff860
7591500: system.cpu: T0 : 0x15ad0    : ld a4, -1424(s0)           : MemRead :  D=0x0000000000000000 A=0x7ffffffffffff860
7592000: system.cpu: T0 : 0x15ad4    : ld a5, -1432(s0)           : MemRead :  D=0x0000000000000000 A=0x7ffffffffffff858
7592500: system.cpu: T0 : 0x15ad8    : bge a5, a4, 172            : IntAlu : 
7593000: system.cpu: T0 : 0x15b84    : auipc a5, 98               : IntAlu :  D=0x0000000000077b84
7593500: system.cpu: T0 : 0x15b88    : addi a5, a5, 1152          : IntAlu :  D=0x0000000000078004
7594000: system.cpu: T0 : 0x15b8c    : c_lw a5, 0(a5)             : MemRead :  D=0x0000000000000005 A=0x78004
7594500: system.cpu: T0 : 0x15b8e    : c_addiw a5, 0              : IntAlu :  D=0x0000000000000005
7595000: system.cpu: T0 : 0x15b90    : c_mv a4, a5                : IntAlu :  D=0x0000000000000005
7595500: system.cpu: T0 : 0x15b92    : c_li a5, 4                 : IntAlu :  D=0x0000000000000004
7596000: system.cpu: T0 : 0x15b94    : bge a5, a4, 276            : IntAlu : 
7596500: system.cpu: T0 : 0x15b98    : addi a5, gp, -960          : IntAlu :  D=0x0000000000079c88
7597000: system.cpu: T0 : 0x15b9c    : c_lw a5, 0(a5)             : MemRead :  D=0x0000000000000000 A=0x79c88
7597500: system.cpu: T0 : 0x15b9e    : c_addiw a5, 0              : IntAlu :  D=0x0000000000000000
7598000: system.cpu: T0 : 0x15ba0    : c_mv a4, a5                : IntAlu :  D=0x0000000000000000
7598500: system.cpu: T0 : 0x15ba2    : c_li a5, 3                 : IntAlu :  D=0x0000000000000003
7599000: system.cpu: T0 : 0x15ba4    : blt a5, a4, 260            : IntAlu : 
7599500: system.cpu: T0 : 0x15ba8    : auipc a5, 100              : IntAlu :  D=0x0000000000079ba8
7600000: system.cpu: T0 : 0x15bac    : ld a5, -880(a5)            : MemRead :  D=0x000000000007a9c8 A=0x79838
7600500: system.cpu: T0 : 0x15bb0    : c_ld a4, 0(a5)             : MemRead :  D=0x0000000000000000 A=0x7a9c8
7601500: system.cpu: T0 : 0x15bb2    : auipc a5, 100              : IntAlu :  D=0x0000000000079bb2
7602500: system.cpu: T0 : 0x15bb6    : ld a5, -890(a5)            : MemRead :  D=0x000000000007a9c8 A=0x79838
7603000: system.cpu: T0 : 0x15bba    : c_ld a5, 32(a5)            : MemRead :  D=0x0000000000000000 A=0x7a9e8
7603500: system.cpu: T0 : 0x15bbc    : bne a4, a5, 236            : IntAlu : 
7604000: system.cpu: T0 : 0x15bc0    : auipc a5, 100              : IntAlu :  D=0x0000000000079bc0
7604500: system.cpu: T0 : 0x15bc4    : ld a5, -904(a5)            : MemRead :  D=0x000000000007a9c8 A=0x79838
7605000: system.cpu: T0 : 0x15bc8    : c_ld a4, 0(a5)             : MemRead :  D=0x0000000000000000 A=0x7a9c8
7606000: system.cpu: T0 : 0x15bca    : auipc a5, 100              : IntAlu :  D=0x0000000000079bca
7607000: system.cpu: T0 : 0x15bce    : ld a5, -914(a5)            : MemRead :  D=0x000000000007a9c8 A=0x79838
7607500: system.cpu: T0 : 0x15bd2    : c_ld a5, 8(a5)             : MemRead :  D=0x0000000000000000 A=0x7a9d0
7608000: system.cpu: T0 : 0x15bd4    : bne a4, a5, 212            : IntAlu : 
7608500: system.cpu: T0 : 0x15bd8    : auipc a5, 100              : IntAlu :  D=0x0000000000079bd8
7609000: system.cpu: T0 : 0x15bdc    : ld a5, -928(a5)            : MemRead :  D=0x000000000007a9c8 A=0x79838
7609500: system.cpu: T0 : 0x15be0    : c_ld a5, 16(a5)            : MemRead :  D=0x0000000000000000 A=0x7a9d8
7610500: system.cpu: T0 : 0x15be2    : sd a5, -1408(s0)           : MemWrite :  D=0x0000000000000000 A=0x7ffffffffffff870
7611500: system.cpu: T0 : 0x15be6    : auipc a5, 100              : IntAlu :  D=0x0000000000079be6
7612500: system.cpu: T0 : 0x15bea    : ld a5, -942(a5)            : MemRead :  D=0x000000000007a9c8 A=0x79838
7613000: system.cpu: T0 : 0x15bee    : c_ld a5, 0(a5)             : MemRead :  D=0x0000000000000000 A=0x7a9c8
7613500: system.cpu: T0 : 0x15bf0    : sd a5, -1400(s0)           : MemWrite :  D=0x0000000000000000 A=0x7ffffffffffff878
7614000: system.cpu: T0 : 0x15bf4    : ld a4, -1400(s0)           : MemRead :  D=0x0000000000000000 A=0x7ffffffffffff878
7614500: system.cpu: T0 : 0x15bf8    : ld a5, -1408(s0)           : MemRead :  D=0x0000000000000000 A=0x7ffffffffffff870
7615000: system.cpu: T0 : 0x15bfc    : bge a5, a4, 172            : IntAlu : 
7615500: system.cpu: T0 : 0x15ca8    : auipc a5, 98               : IntAlu :  D=0x0000000000077ca8
7616000: system.cpu: T0 : 0x15cac    : addi a5, a5, 860           : IntAlu :  D=0x0000000000078004
7616500: system.cpu: T0 : 0x15cb0    : c_lw a5, 0(a5)             : MemRead :  D=0x0000000000000005 A=0x78004
7617000: system.cpu: T0 : 0x15cb2    : c_addiw a5, 0              : IntAlu :  D=0x0000000000000005
7617500: system.cpu: T0 : 0x15cb4    : c_mv a4, a5                : IntAlu :  D=0x0000000000000005
7618000: system.cpu: T0 : 0x15cb6    : c_li a5, 4                 : IntAlu :  D=0x0000000000000004
7618500: system.cpu: T0 : 0x15cb8    : bge a5, a4, 276            : IntAlu : 
7619000: system.cpu: T0 : 0x15cbc    : addi a5, gp, -960          : IntAlu :  D=0x0000000000079c88
7619500: system.cpu: T0 : 0x15cc0    : c_lw a5, 0(a5)             : MemRead :  D=0x0000000000000000 A=0x79c88
7620000: system.cpu: T0 : 0x15cc2    : c_addiw a5, 0              : IntAlu :  D=0x0000000000000000
7620500: system.cpu: T0 : 0x15cc4    : c_mv a4, a5                : IntAlu :  D=0x0000000000000000
7621000: system.cpu: T0 : 0x15cc6    : c_li a5, 3                 : IntAlu :  D=0x0000000000000003
7621500: system.cpu: T0 : 0x15cc8    : blt a5, a4, 260            : IntAlu : 
7622000: system.cpu: T0 : 0x15ccc    : auipc a5, 100              : IntAlu :  D=0x0000000000079ccc
7622500: system.cpu: T0 : 0x15cd0    : ld a5, -1172(a5)           : MemRead :  D=0x000000000007a9c8 A=0x79838
7623000: system.cpu: T0 : 0x15cd4    : c_ld a4, 0(a5)             : MemRead :  D=0x0000000000000000 A=0x7a9c8
7624000: system.cpu: T0 : 0x15cd6    : auipc a5, 100              : IntAlu :  D=0x0000000000079cd6
7625000: system.cpu: T0 : 0x15cda    : ld a5, -1182(a5)           : MemRead :  D=0x000000000007a9c8 A=0x79838
7625500: system.cpu: T0 : 0x15cde    : c_ld a5, 32(a5)            : MemRead :  D=0x0000000000000000 A=0x7a9e8
7626000: system.cpu: T0 : 0x15ce0    : bne a4, a5, 236            : IntAlu : 
7626500: system.cpu: T0 : 0x15ce4    : auipc a5, 100              : IntAlu :  D=0x0000000000079ce4
7627000: system.cpu: T0 : 0x15ce8    : ld a5, -1196(a5)           : MemRead :  D=0x000000000007a9c8 A=0x79838
7627500: system.cpu: T0 : 0x15cec    : c_ld a4, 0(a5)             : MemRead :  D=0x0000000000000000 A=0x7a9c8
7628500: system.cpu: T0 : 0x15cee    : auipc a5, 100              : IntAlu :  D=0x0000000000079cee
7629500: system.cpu: T0 : 0x15cf2    : ld a5, -1206(a5)           : MemRead :  D=0x000000000007a9c8 A=0x79838
7630000: system.cpu: T0 : 0x15cf6    : c_ld a5, 24(a5)            : MemRead :  D=0x0000000000000000 A=0x7a9e0
7630500: system.cpu: T0 : 0x15cf8    : bne a4, a5, 212            : IntAlu : 
7631000: system.cpu: T0 : 0x15cfc    : auipc a5, 100              : IntAlu :  D=0x0000000000079cfc
7631500: system.cpu: T0 : 0x15d00    : ld a5, -1220(a5)           : MemRead :  D=0x000000000007a9c8 A=0x79838
7632000: system.cpu: T0 : 0x15d04    : c_ld a5, 16(a5)            : MemRead :  D=0x0000000000000000 A=0x7a9d8
7633000: system.cpu: T0 : 0x15d06    : sd a5, -1384(s0)           : MemWrite :  D=0x0000000000000000 A=0x7ffffffffffff888
7634000: system.cpu: T0 : 0x15d0a    : auipc a5, 100              : IntAlu :  D=0x0000000000079d0a
7635000: system.cpu: T0 : 0x15d0e    : ld a5, -1234(a5)           : MemRead :  D=0x000000000007a9c8 A=0x79838
7635500: system.cpu: T0 : 0x15d12    : c_ld a5, 0(a5)             : MemRead :  D=0x0000000000000000 A=0x7a9c8
7636000: system.cpu: T0 : 0x15d14    : sd a5, -1376(s0)           : MemWrite :  D=0x0000000000000000 A=0x7ffffffffffff890
7636500: system.cpu: T0 : 0x15d18    : ld a4, -1376(s0)           : MemRead :  D=0x0000000000000000 A=0x7ffffffffffff890
7637000: system.cpu: T0 : 0x15d1c    : ld a5, -1384(s0)           : MemRead :  D=0x0000000000000000 A=0x7ffffffffffff888
7637500: system.cpu: T0 : 0x15d20    : bge a5, a4, 172            : IntAlu : 
7638000: system.cpu: T0 : 0x15dcc    : auipc a5, 98               : IntAlu :  D=0x0000000000077dcc
7638500: system.cpu: T0 : 0x15dd0    : addi a5, a5, 568           : IntAlu :  D=0x0000000000078004
7639000: system.cpu: T0 : 0x15dd4    : c_lw a5, 0(a5)             : MemRead :  D=0x0000000000000005 A=0x78004
7639500: system.cpu: T0 : 0x15dd6    : c_addiw a5, 0              : IntAlu :  D=0x0000000000000005
7640000: system.cpu: T0 : 0x15dd8    : c_mv a4, a5                : IntAlu :  D=0x0000000000000005
7640500: system.cpu: T0 : 0x15dda    : c_li a5, 4                 : IntAlu :  D=0x0000000000000004
7641000: system.cpu: T0 : 0x15ddc    : bge a5, a4, 276            : IntAlu : 
7641500: system.cpu: T0 : 0x15de0    : addi a5, gp, -960          : IntAlu :  D=0x0000000000079c88
7642000: system.cpu: T0 : 0x15de4    : c_lw a5, 0(a5)             : MemRead :  D=0x0000000000000000 A=0x79c88
7642500: system.cpu: T0 : 0x15de6    : c_addiw a5, 0              : IntAlu :  D=0x0000000000000000
7643000: system.cpu: T0 : 0x15de8    : c_mv a4, a5                : IntAlu :  D=0x0000000000000000
7643500: system.cpu: T0 : 0x15dea    : c_li a5, 3                 : IntAlu :  D=0x0000000000000003
7644000: system.cpu: T0 : 0x15dec    : blt a5, a4, 260            : IntAlu : 
7644500: system.cpu: T0 : 0x15df0    : auipc a5, 100              : IntAlu :  D=0x0000000000079df0
7645000: system.cpu: T0 : 0x15df4    : ld a5, -1464(a5)           : MemRead :  D=0x000000000007a9c8 A=0x79838
7645500: system.cpu: T0 : 0x15df8    : c_ld a4, 8(a5)             : MemRead :  D=0x0000000000000000 A=0x7a9d0
7646500: system.cpu: T0 : 0x15dfa    : auipc a5, 100              : IntAlu :  D=0x0000000000079dfa
7647500: system.cpu: T0 : 0x15dfe    : ld a5, -1474(a5)           : MemRead :  D=0x000000000007a9c8 A=0x79838
7648000: system.cpu: T0 : 0x15e02    : c_ld a5, 0(a5)             : MemRead :  D=0x0000000000000000 A=0x7a9c8
7648500: system.cpu: T0 : 0x15e04    : bne a4, a5, 236            : IntAlu : 
7649000: system.cpu: T0 : 0x15e08    : auipc a5, 100              : IntAlu :  D=0x0000000000079e08
7649500: system.cpu: T0 : 0x15e0c    : ld a5, -1488(a5)           : MemRead :  D=0x000000000007a9c8 A=0x79838
7650000: system.cpu: T0 : 0x15e10    : c_ld a4, 8(a5)             : MemRead :  D=0x0000000000000000 A=0x7a9d0
7651000: system.cpu: T0 : 0x15e12    : auipc a5, 100              : IntAlu :  D=0x0000000000079e12
7652000: system.cpu: T0 : 0x15e16    : ld a5, -1498(a5)           : MemRead :  D=0x000000000007a9c8 A=0x79838
7652500: system.cpu: T0 : 0x15e1a    : c_ld a5, 32(a5)            : MemRead :  D=0x0000000000000000 A=0x7a9e8
7653000: system.cpu: T0 : 0x15e1c    : bne a4, a5, 212            : IntAlu : 
7653500: system.cpu: T0 : 0x15e20    : auipc a5, 100              : IntAlu :  D=0x0000000000079e20
7654000: system.cpu: T0 : 0x15e24    : ld a5, -1512(a5)           : MemRead :  D=0x000000000007a9c8 A=0x79838
7654500: system.cpu: T0 : 0x15e28    : c_ld a5, 16(a5)            : MemRead :  D=0x0000000000000000 A=0x7a9d8
7655500: system.cpu: T0 : 0x15e2a    : sd a5, -1360(s0)           : MemWrite :  D=0x0000000000000000 A=0x7ffffffffffff8a0
7656500: system.cpu: T0 : 0x15e2e    : auipc a5, 100              : IntAlu :  D=0x0000000000079e2e
7657500: system.cpu: T0 : 0x15e32    : ld a5, -1526(a5)           : MemRead :  D=0x000000000007a9c8 A=0x79838
7658000: system.cpu: T0 : 0x15e36    : c_ld a5, 8(a5)             : MemRead :  D=0x0000000000000000 A=0x7a9d0
7658500: system.cpu: T0 : 0x15e38    : sd a5, -1352(s0)           : MemWrite :  D=0x0000000000000000 A=0x7ffffffffffff8a8
7659000: system.cpu: T0 : 0x15e3c    : ld a4, -1352(s0)           : MemRead :  D=0x0000000000000000 A=0x7ffffffffffff8a8
7659500: system.cpu: T0 : 0x15e40    : ld a5, -1360(s0)           : MemRead :  D=0x0000000000000000 A=0x7ffffffffffff8a0
7660000: system.cpu: T0 : 0x15e44    : bge a5, a4, 172            : IntAlu : 
7660500: system.cpu: T0 : 0x15ef0    : auipc a5, 98               : IntAlu :  D=0x0000000000077ef0
7661000: system.cpu: T0 : 0x15ef4    : addi a5, a5, 276           : IntAlu :  D=0x0000000000078004
7661500: system.cpu: T0 : 0x15ef8    : c_lw a5, 0(a5)             : MemRead :  D=0x0000000000000005 A=0x78004
7662000: system.cpu: T0 : 0x15efa    : c_addiw a5, 0              : IntAlu :  D=0x0000000000000005
7662500: system.cpu: T0 : 0x15efc    : c_mv a4, a5                : IntAlu :  D=0x0000000000000005
7663000: system.cpu: T0 : 0x15efe    : c_li a5, 4                 : IntAlu :  D=0x0000000000000004
7663500: system.cpu: T0 : 0x15f00    : bge a5, a4, 256            : IntAlu : 
7664000: system.cpu: T0 : 0x15f04    : addi a5, gp, -960          : IntAlu :  D=0x0000000000079c88
7664500: system.cpu: T0 : 0x15f08    : c_lw a5, 0(a5)             : MemRead :  D=0x0000000000000000 A=0x79c88
7665000: system.cpu: T0 : 0x15f0a    : c_addiw a5, 0              : IntAlu :  D=0x0000000000000000
7665500: system.cpu: T0 : 0x15f0c    : c_mv a4, a5                : IntAlu :  D=0x0000000000000000
7666000: system.cpu: T0 : 0x15f0e    : c_li a5, 3                 : IntAlu :  D=0x0000000000000003
7666500: system.cpu: T0 : 0x15f10    : blt a5, a4, 240            : IntAlu : 
7667000: system.cpu: T0 : 0x15f14    : auipc a5, 100              : IntAlu :  D=0x0000000000079f14
7667500: system.cpu: T0 : 0x15f18    : ld a5, -1756(a5)           : MemRead :  D=0x000000000007a9c8 A=0x79838
7668000: system.cpu: T0 : 0x15f1c    : c_ld a4, 8(a5)             : MemRead :  D=0x0000000000000000 A=0x7a9d0
7669000: system.cpu: T0 : 0x15f1e    : auipc a5, 100              : IntAlu :  D=0x0000000000079f1e
7670000: system.cpu: T0 : 0x15f22    : ld a5, -1766(a5)           : MemRead :  D=0x000000000007a9c8 A=0x79838
7670500: system.cpu: T0 : 0x15f26    : c_ld a5, 24(a5)            : MemRead :  D=0x0000000000000000 A=0x7a9e0
7671000: system.cpu: T0 : 0x15f28    : bne a4, a5, 216            : IntAlu : 
7671500: system.cpu: T0 : 0x15f2c    : auipc a5, 100              : IntAlu :  D=0x0000000000079f2c
7672000: system.cpu: T0 : 0x15f30    : ld a5, -1780(a5)           : MemRead :  D=0x000000000007a9c8 A=0x79838
7672500: system.cpu: T0 : 0x15f34    : c_ld a4, 8(a5)             : MemRead :  D=0x0000000000000000 A=0x7a9d0
7673500: system.cpu: T0 : 0x15f36    : auipc a5, 100              : IntAlu :  D=0x0000000000079f36
7674500: system.cpu: T0 : 0x15f3a    : ld a5, -1790(a5)           : MemRead :  D=0x000000000007a9c8 A=0x79838
7675000: system.cpu: T0 : 0x15f3e    : c_ld a5, 32(a5)            : MemRead :  D=0x0000000000000000 A=0x7a9e8
7675500: system.cpu: T0 : 0x15f40    : bne a4, a5, 192            : IntAlu : 
7676000: system.cpu: T0 : 0x15f44    : auipc a5, 100              : IntAlu :  D=0x0000000000079f44
7676500: system.cpu: T0 : 0x15f48    : ld a5, -1804(a5)           : MemRead :  D=0x000000000007a9c8 A=0x79838
7677000: system.cpu: T0 : 0x15f4c    : c_ld a5, 16(a5)            : MemRead :  D=0x0000000000000000 A=0x7a9d8
7678000: system.cpu: T0 : 0x15f4e    : sd a5, -1336(s0)           : MemWrite :  D=0x0000000000000000 A=0x7ffffffffffff8b8
7679000: system.cpu: T0 : 0x15f52    : auipc a5, 100              : IntAlu :  D=0x0000000000079f52
7680000: system.cpu: T0 : 0x15f56    : ld a5, -1818(a5)           : MemRead :  D=0x000000000007a9c8 A=0x79838
7680500: system.cpu: T0 : 0x15f5a    : c_ld a5, 8(a5)             : MemRead :  D=0x0000000000000000 A=0x7a9d0
7681000: system.cpu: T0 : 0x15f5c    : sd a5, -1328(s0)           : MemWrite :  D=0x0000000000000000 A=0x7ffffffffffff8c0
7681500: system.cpu: T0 : 0x15f60    : ld a4, -1328(s0)           : MemRead :  D=0x0000000000000000 A=0x7ffffffffffff8c0
7682000: system.cpu: T0 : 0x15f64    : ld a5, -1336(s0)           : MemRead :  D=0x0000000000000000 A=0x7ffffffffffff8b8
7682500: system.cpu: T0 : 0x15f68    : bge a5, a4, 152            : IntAlu : 
7683000: system.cpu: T0 : 0x16000    : auipc a5, 98               : IntAlu :  D=0x0000000000078000
7683500: system.cpu: T0 : 0x16004    : addi a5, a5, 4             : IntAlu :  D=0x0000000000078004
7684000: system.cpu: T0 : 0x16008    : c_lw a5, 0(a5)             : MemRead :  D=0x0000000000000005 A=0x78004
7684500: system.cpu: T0 : 0x1600a    : c_addiw a5, 0              : IntAlu :  D=0x0000000000000005
7685000: system.cpu: T0 : 0x1600c    : c_mv a4, a5                : IntAlu :  D=0x0000000000000005
7685500: system.cpu: T0 : 0x1600e    : c_li a5, 4                 : IntAlu :  D=0x0000000000000004
7686000: system.cpu: T0 : 0x16010    : bge a5, a4, 276            : IntAlu : 
7686500: system.cpu: T0 : 0x16014    : addi a5, gp, -960          : IntAlu :  D=0x0000000000079c88
7687000: system.cpu: T0 : 0x16018    : c_lw a5, 0(a5)             : MemRead :  D=0x0000000000000000 A=0x79c88
7687500: system.cpu: T0 : 0x1601a    : c_addiw a5, 0              : IntAlu :  D=0x0000000000000000
7688000: system.cpu: T0 : 0x1601c    : c_mv a4, a5                : IntAlu :  D=0x0000000000000000
7688500: system.cpu: T0 : 0x1601e    : c_li a5, 3                 : IntAlu :  D=0x0000000000000003
7689000: system.cpu: T0 : 0x16020    : blt a5, a4, 260            : IntAlu : 
7689500: system.cpu: T0 : 0x16024    : auipc a5, 100              : IntAlu :  D=0x000000000007a024
7690000: system.cpu: T0 : 0x16028    : ld a5, -2028(a5)           : MemRead :  D=0x000000000007a9c8 A=0x79838
7690500: system.cpu: T0 : 0x1602c    : c_ld a4, 8(a5)             : MemRead :  D=0x0000000000000000 A=0x7a9d0
7691500: system.cpu: T0 : 0x1602e    : auipc a5, 100              : IntAlu :  D=0x000000000007a02e
7692500: system.cpu: T0 : 0x16032    : ld a5, -2038(a5)           : MemRead :  D=0x000000000007a9c8 A=0x79838
7693000: system.cpu: T0 : 0x16036    : c_ld a5, 32(a5)            : MemRead :  D=0x0000000000000000 A=0x7a9e8
7693500: system.cpu: T0 : 0x16038    : bne a4, a5, 236            : IntAlu : 
7694000: system.cpu: T0 : 0x1603c    : auipc a5, 99               : IntAlu :  D=0x000000000007903c
7694500: system.cpu: T0 : 0x16040    : ld a5, 2044(a5)            : MemRead :  D=0x000000000007a9c8 A=0x79838
7695000: system.cpu: T0 : 0x16044    : c_ld a4, 8(a5)             : MemRead :  D=0x0000000000000000 A=0x7a9d0
7696000: system.cpu: T0 : 0x16046    : auipc a5, 99               : IntAlu :  D=0x0000000000079046
7697000: system.cpu: T0 : 0x1604a    : ld a5, 2034(a5)            : MemRead :  D=0x000000000007a9c8 A=0x79838
7697500: system.cpu: T0 : 0x1604e    : c_ld a5, 0(a5)             : MemRead :  D=0x0000000000000000 A=0x7a9c8
7698000: system.cpu: T0 : 0x16050    : bne a4, a5, 212            : IntAlu : 
7698500: system.cpu: T0 : 0x16054    : auipc a5, 99               : IntAlu :  D=0x0000000000079054
7699000: system.cpu: T0 : 0x16058    : ld a5, 2020(a5)            : MemRead :  D=0x000000000007a9c8 A=0x79838
7699500: system.cpu: T0 : 0x1605c    : c_ld a5, 16(a5)            : MemRead :  D=0x0000000000000000 A=0x7a9d8
7700500: system.cpu: T0 : 0x1605e    : sd a5, -1312(s0)           : MemWrite :  D=0x0000000000000000 A=0x7ffffffffffff8d0
7701500: system.cpu: T0 : 0x16062    : auipc a5, 99               : IntAlu :  D=0x0000000000079062
7702500: system.cpu: T0 : 0x16066    : ld a5, 2006(a5)            : MemRead :  D=0x000000000007a9c8 A=0x79838
7703000: system.cpu: T0 : 0x1606a    : c_ld a5, 8(a5)             : MemRead :  D=0x0000000000000000 A=0x7a9d0
7703500: system.cpu: T0 : 0x1606c    : sd a5, -1304(s0)           : MemWrite :  D=0x0000000000000000 A=0x7ffffffffffff8d8
7704000: system.cpu: T0 : 0x16070    : ld a4, -1304(s0)           : MemRead :  D=0x0000000000000000 A=0x7ffffffffffff8d8
7704500: system.cpu: T0 : 0x16074    : ld a5, -1312(s0)           : MemRead :  D=0x0000000000000000 A=0x7ffffffffffff8d0
7705000: system.cpu: T0 : 0x16078    : bge a5, a4, 172            : IntAlu : 
7705500: system.cpu: T0 : 0x16124    : auipc a5, 98               : IntAlu :  D=0x0000000000078124
7706000: system.cpu: T0 : 0x16128    : addi a5, a5, -288          : IntAlu :  D=0x0000000000078004
7706500: system.cpu: T0 : 0x1612c    : c_lw a5, 0(a5)             : MemRead :  D=0x0000000000000005 A=0x78004
7707000: system.cpu: T0 : 0x1612e    : c_addiw a5, 0              : IntAlu :  D=0x0000000000000005
7707500: system.cpu: T0 : 0x16130    : c_mv a4, a5                : IntAlu :  D=0x0000000000000005
7708000: system.cpu: T0 : 0x16132    : c_li a5, 4                 : IntAlu :  D=0x0000000000000004
7708500: system.cpu: T0 : 0x16134    : bge a5, a4, 256            : IntAlu : 
7709000: system.cpu: T0 : 0x16138    : addi a5, gp, -960          : IntAlu :  D=0x0000000000079c88
7709500: system.cpu: T0 : 0x1613c    : c_lw a5, 0(a5)             : MemRead :  D=0x0000000000000000 A=0x79c88
7710000: system.cpu: T0 : 0x1613e    : c_addiw a5, 0              : IntAlu :  D=0x0000000000000000
7710500: system.cpu: T0 : 0x16140    : c_mv a4, a5                : IntAlu :  D=0x0000000000000000
7711000: system.cpu: T0 : 0x16142    : c_li a5, 3                 : IntAlu :  D=0x0000000000000003
7711500: system.cpu: T0 : 0x16144    : blt a5, a4, 240            : IntAlu : 
7712000: system.cpu: T0 : 0x16148    : auipc a5, 99               : IntAlu :  D=0x0000000000079148
7712500: system.cpu: T0 : 0x1614c    : ld a5, 1776(a5)            : MemRead :  D=0x000000000007a9c8 A=0x79838
7713000: system.cpu: T0 : 0x16150    : c_ld a4, 8(a5)             : MemRead :  D=0x0000000000000000 A=0x7a9d0
7714000: system.cpu: T0 : 0x16152    : auipc a5, 99               : IntAlu :  D=0x0000000000079152
7715000: system.cpu: T0 : 0x16156    : ld a5, 1766(a5)            : MemRead :  D=0x000000000007a9c8 A=0x79838
7715500: system.cpu: T0 : 0x1615a    : c_ld a5, 32(a5)            : MemRead :  D=0x0000000000000000 A=0x7a9e8
7716000: system.cpu: T0 : 0x1615c    : bne a4, a5, 216            : IntAlu : 
7716500: system.cpu: T0 : 0x16160    : auipc a5, 99               : IntAlu :  D=0x0000000000079160
7717000: system.cpu: T0 : 0x16164    : ld a5, 1752(a5)            : MemRead :  D=0x000000000007a9c8 A=0x79838
7717500: system.cpu: T0 : 0x16168    : c_ld a4, 8(a5)             : MemRead :  D=0x0000000000000000 A=0x7a9d0
7718500: system.cpu: T0 : 0x1616a    : auipc a5, 99               : IntAlu :  D=0x000000000007916a
7719500: system.cpu: T0 : 0x1616e    : ld a5, 1742(a5)            : MemRead :  D=0x000000000007a9c8 A=0x79838
7720000: system.cpu: T0 : 0x16172    : c_ld a5, 24(a5)            : MemRead :  D=0x0000000000000000 A=0x7a9e0
7720500: system.cpu: T0 : 0x16174    : bne a4, a5, 192            : IntAlu : 
7721000: system.cpu: T0 : 0x16178    : auipc a5, 99               : IntAlu :  D=0x0000000000079178
7721500: system.cpu: T0 : 0x1617c    : ld a5, 1728(a5)            : MemRead :  D=0x000000000007a9c8 A=0x79838
7722000: system.cpu: T0 : 0x16180    : c_ld a5, 16(a5)            : MemRead :  D=0x0000000000000000 A=0x7a9d8
7723000: system.cpu: T0 : 0x16182    : sd a5, -1288(s0)           : MemWrite :  D=0x0000000000000000 A=0x7ffffffffffff8e8
7724000: system.cpu: T0 : 0x16186    : auipc a5, 99               : IntAlu :  D=0x0000000000079186
7725000: system.cpu: T0 : 0x1618a    : ld a5, 1714(a5)            : MemRead :  D=0x000000000007a9c8 A=0x79838
7725500: system.cpu: T0 : 0x1618e    : c_ld a5, 8(a5)             : MemRead :  D=0x0000000000000000 A=0x7a9d0
7726000: system.cpu: T0 : 0x16190    : sd a5, -1280(s0)           : MemWrite :  D=0x0000000000000000 A=0x7ffffffffffff8f0
7726500: system.cpu: T0 : 0x16194    : ld a4, -1280(s0)           : MemRead :  D=0x0000000000000000 A=0x7ffffffffffff8f0
7727000: system.cpu: T0 : 0x16198    : ld a5, -1288(s0)           : MemRead :  D=0x0000000000000000 A=0x7ffffffffffff8e8
7727500: system.cpu: T0 : 0x1619c    : bge a5, a4, 152            : IntAlu : 
7728000: system.cpu: T0 : 0x16234    : auipc a5, 98               : IntAlu :  D=0x0000000000078234
7728500: system.cpu: T0 : 0x16238    : addi a5, a5, -560          : IntAlu :  D=0x0000000000078004
7729000: system.cpu: T0 : 0x1623c    : c_lw a5, 0(a5)             : MemRead :  D=0x0000000000000005 A=0x78004
7729500: system.cpu: T0 : 0x1623e    : c_addiw a5, 0              : IntAlu :  D=0x0000000000000005
7730000: system.cpu: T0 : 0x16240    : c_mv a4, a5                : IntAlu :  D=0x0000000000000005
7730500: system.cpu: T0 : 0x16242    : c_li a5, 4                 : IntAlu :  D=0x0000000000000004
7731000: system.cpu: T0 : 0x16244    : bge a5, a4, 276            : IntAlu : 
7731500: system.cpu: T0 : 0x16248    : addi a5, gp, -960          : IntAlu :  D=0x0000000000079c88
7732000: system.cpu: T0 : 0x1624c    : c_lw a5, 0(a5)             : MemRead :  D=0x0000000000000000 A=0x79c88
7732500: system.cpu: T0 : 0x1624e    : c_addiw a5, 0              : IntAlu :  D=0x0000000000000000
7733000: system.cpu: T0 : 0x16250    : c_mv a4, a5                : IntAlu :  D=0x0000000000000000
7733500: system.cpu: T0 : 0x16252    : c_li a5, 3                 : IntAlu :  D=0x0000000000000003
7734000: system.cpu: T0 : 0x16254    : blt a5, a4, 260            : IntAlu : 
7734500: system.cpu: T0 : 0x16258    : auipc a5, 99               : IntAlu :  D=0x0000000000079258
7735000: system.cpu: T0 : 0x1625c    : ld a5, 1504(a5)            : MemRead :  D=0x000000000007a9c8 A=0x79838
7735500: system.cpu: T0 : 0x16260    : c_ld a4, 24(a5)            : MemRead :  D=0x0000000000000000 A=0x7a9e0
7736500: system.cpu: T0 : 0x16262    : auipc a5, 99               : IntAlu :  D=0x0000000000079262
7737500: system.cpu: T0 : 0x16266    : ld a5, 1494(a5)            : MemRead :  D=0x000000000007a9c8 A=0x79838
7738000: system.cpu: T0 : 0x1626a    : c_ld a5, 0(a5)             : MemRead :  D=0x0000000000000000 A=0x7a9c8
7738500: system.cpu: T0 : 0x1626c    : bne a4, a5, 236            : IntAlu : 
7739000: system.cpu: T0 : 0x16270    : auipc a5, 99               : IntAlu :  D=0x0000000000079270
7739500: system.cpu: T0 : 0x16274    : ld a5, 1480(a5)            : MemRead :  D=0x000000000007a9c8 A=0x79838
7740000: system.cpu: T0 : 0x16278    : c_ld a4, 24(a5)            : MemRead :  D=0x0000000000000000 A=0x7a9e0
7741000: system.cpu: T0 : 0x1627a    : auipc a5, 99               : IntAlu :  D=0x000000000007927a
7742000: system.cpu: T0 : 0x1627e    : ld a5, 1470(a5)            : MemRead :  D=0x000000000007a9c8 A=0x79838
7742500: system.cpu: T0 : 0x16282    : c_ld a5, 32(a5)            : MemRead :  D=0x0000000000000000 A=0x7a9e8
7743000: system.cpu: T0 : 0x16284    : bne a4, a5, 212            : IntAlu : 
7743500: system.cpu: T0 : 0x16288    : auipc a5, 99               : IntAlu :  D=0x0000000000079288
7744000: system.cpu: T0 : 0x1628c    : ld a5, 1456(a5)            : MemRead :  D=0x000000000007a9c8 A=0x79838
7744500: system.cpu: T0 : 0x16290    : c_ld a5, 16(a5)            : MemRead :  D=0x0000000000000000 A=0x7a9d8
7745500: system.cpu: T0 : 0x16292    : sd a5, -1264(s0)           : MemWrite :  D=0x0000000000000000 A=0x7ffffffffffff900
7746500: system.cpu: T0 : 0x16296    : auipc a5, 99               : IntAlu :  D=0x0000000000079296
7747500: system.cpu: T0 : 0x1629a    : ld a5, 1442(a5)            : MemRead :  D=0x000000000007a9c8 A=0x79838
7748000: system.cpu: T0 : 0x1629e    : c_ld a5, 24(a5)            : MemRead :  D=0x0000000000000000 A=0x7a9e0
7748500: system.cpu: T0 : 0x162a0    : sd a5, -1256(s0)           : MemWrite :  D=0x0000000000000000 A=0x7ffffffffffff908
7749000: system.cpu: T0 : 0x162a4    : ld a4, -1256(s0)           : MemRead :  D=0x0000000000000000 A=0x7ffffffffffff908
7749500: system.cpu: T0 : 0x162a8    : ld a5, -1264(s0)           : MemRead :  D=0x0000000000000000 A=0x7ffffffffffff900
7750000: system.cpu: T0 : 0x162ac    : bge a5, a4, 172            : IntAlu : 
7750500: system.cpu: T0 : 0x16358    : auipc a5, 98               : IntAlu :  D=0x0000000000078358
7751000: system.cpu: T0 : 0x1635c    : addi a5, a5, -852          : IntAlu :  D=0x0000000000078004
7751500: system.cpu: T0 : 0x16360    : c_lw a5, 0(a5)             : MemRead :  D=0x0000000000000005 A=0x78004
7752000: system.cpu: T0 : 0x16362    : c_addiw a5, 0              : IntAlu :  D=0x0000000000000005
7752500: system.cpu: T0 : 0x16364    : c_mv a4, a5                : IntAlu :  D=0x0000000000000005
7753000: system.cpu: T0 : 0x16366    : c_li a5, 4                 : IntAlu :  D=0x0000000000000004
7753500: system.cpu: T0 : 0x16368    : bge a5, a4, 256            : IntAlu : 
7754000: system.cpu: T0 : 0x1636c    : addi a5, gp, -960          : IntAlu :  D=0x0000000000079c88
7754500: system.cpu: T0 : 0x16370    : c_lw a5, 0(a5)             : MemRead :  D=0x0000000000000000 A=0x79c88
7755000: system.cpu: T0 : 0x16372    : c_addiw a5, 0              : IntAlu :  D=0x0000000000000000
7755500: system.cpu: T0 : 0x16374    : c_mv a4, a5                : IntAlu :  D=0x0000000000000000
7756000: system.cpu: T0 : 0x16376    : c_li a5, 3                 : IntAlu :  D=0x0000000000000003
7756500: system.cpu: T0 : 0x16378    : blt a5, a4, 240            : IntAlu : 
7757000: system.cpu: T0 : 0x1637c    : auipc a5, 99               : IntAlu :  D=0x000000000007937c
7757500: system.cpu: T0 : 0x16380    : ld a5, 1212(a5)            : MemRead :  D=0x000000000007a9c8 A=0x79838
7758000: system.cpu: T0 : 0x16384    : c_ld a4, 24(a5)            : MemRead :  D=0x0000000000000000 A=0x7a9e0
7759000: system.cpu: T0 : 0x16386    : auipc a5, 99               : IntAlu :  D=0x0000000000079386
7760000: system.cpu: T0 : 0x1638a    : ld a5, 1202(a5)            : MemRead :  D=0x000000000007a9c8 A=0x79838
7760500: system.cpu: T0 : 0x1638e    : c_ld a5, 8(a5)             : MemRead :  D=0x0000000000000000 A=0x7a9d0
7761000: system.cpu: T0 : 0x16390    : bne a4, a5, 216            : IntAlu : 
7761500: system.cpu: T0 : 0x16394    : auipc a5, 99               : IntAlu :  D=0x0000000000079394
7762000: system.cpu: T0 : 0x16398    : ld a5, 1188(a5)            : MemRead :  D=0x000000000007a9c8 A=0x79838
7762500: system.cpu: T0 : 0x1639c    : c_ld a4, 24(a5)            : MemRead :  D=0x0000000000000000 A=0x7a9e0
7763500: system.cpu: T0 : 0x1639e    : auipc a5, 99               : IntAlu :  D=0x000000000007939e
7764500: system.cpu: T0 : 0x163a2    : ld a5, 1178(a5)            : MemRead :  D=0x000000000007a9c8 A=0x79838
7765000: system.cpu: T0 : 0x163a6    : c_ld a5, 32(a5)            : MemRead :  D=0x0000000000000000 A=0x7a9e8
7765500: system.cpu: T0 : 0x163a8    : bne a4, a5, 192            : IntAlu : 
7766000: system.cpu: T0 : 0x163ac    : auipc a5, 99               : IntAlu :  D=0x00000000000793ac
7766500: system.cpu: T0 : 0x163b0    : ld a5, 1164(a5)            : MemRead :  D=0x000000000007a9c8 A=0x79838
7767000: system.cpu: T0 : 0x163b4    : c_ld a5, 16(a5)            : MemRead :  D=0x0000000000000000 A=0x7a9d8
7768000: system.cpu: T0 : 0x163b6    : sd a5, -1240(s0)           : MemWrite :  D=0x0000000000000000 A=0x7ffffffffffff918
7769000: system.cpu: T0 : 0x163ba    : auipc a5, 99               : IntAlu :  D=0x00000000000793ba
7770000: system.cpu: T0 : 0x163be    : ld a5, 1150(a5)            : MemRead :  D=0x000000000007a9c8 A=0x79838
7770500: system.cpu: T0 : 0x163c2    : c_ld a5, 24(a5)            : MemRead :  D=0x0000000000000000 A=0x7a9e0
7771000: system.cpu: T0 : 0x163c4    : sd a5, -1232(s0)           : MemWrite :  D=0x0000000000000000 A=0x7ffffffffffff920
7771500: system.cpu: T0 : 0x163c8    : ld a4, -1232(s0)           : MemRead :  D=0x0000000000000000 A=0x7ffffffffffff920
7772000: system.cpu: T0 : 0x163cc    : ld a5, -1240(s0)           : MemRead :  D=0x0000000000000000 A=0x7ffffffffffff918
7772500: system.cpu: T0 : 0x163d0    : bge a5, a4, 152            : IntAlu : 
7773000: system.cpu: T0 : 0x16468    : auipc a5, 98               : IntAlu :  D=0x0000000000078468
7773500: system.cpu: T0 : 0x1646c    : addi a5, a5, -1124         : IntAlu :  D=0x0000000000078004
7774000: system.cpu: T0 : 0x16470    : c_lw a5, 0(a5)             : MemRead :  D=0x0000000000000005 A=0x78004
7774500: system.cpu: T0 : 0x16472    : c_addiw a5, 0              : IntAlu :  D=0x0000000000000005
7775000: system.cpu: T0 : 0x16474    : c_mv a4, a5                : IntAlu :  D=0x0000000000000005
7775500: system.cpu: T0 : 0x16476    : c_li a5, 4                 : IntAlu :  D=0x0000000000000004
7776000: system.cpu: T0 : 0x16478    : bge a5, a4, 276            : IntAlu : 
7776500: system.cpu: T0 : 0x1647c    : addi a5, gp, -960          : IntAlu :  D=0x0000000000079c88
7777000: system.cpu: T0 : 0x16480    : c_lw a5, 0(a5)             : MemRead :  D=0x0000000000000000 A=0x79c88
7777500: system.cpu: T0 : 0x16482    : c_addiw a5, 0              : IntAlu :  D=0x0000000000000000
7778000: system.cpu: T0 : 0x16484    : c_mv a4, a5                : IntAlu :  D=0x0000000000000000
7778500: system.cpu: T0 : 0x16486    : c_li a5, 3                 : IntAlu :  D=0x0000000000000003
7779000: system.cpu: T0 : 0x16488    : blt a5, a4, 260            : IntAlu : 
7779500: system.cpu: T0 : 0x1648c    : auipc a5, 99               : IntAlu :  D=0x000000000007948c
7780000: system.cpu: T0 : 0x16490    : ld a5, 940(a5)             : MemRead :  D=0x000000000007a9c8 A=0x79838
7780500: system.cpu: T0 : 0x16494    : c_ld a4, 24(a5)            : MemRead :  D=0x0000000000000000 A=0x7a9e0
7781500: system.cpu: T0 : 0x16496    : auipc a5, 99               : IntAlu :  D=0x0000000000079496
7782500: system.cpu: T0 : 0x1649a    : ld a5, 930(a5)             : MemRead :  D=0x000000000007a9c8 A=0x79838
7783000: system.cpu: T0 : 0x1649e    : c_ld a5, 32(a5)            : MemRead :  D=0x0000000000000000 A=0x7a9e8
7783500: system.cpu: T0 : 0x164a0    : bne a4, a5, 236            : IntAlu : 
7784000: system.cpu: T0 : 0x164a4    : auipc a5, 99               : IntAlu :  D=0x00000000000794a4
7784500: system.cpu: T0 : 0x164a8    : ld a5, 916(a5)             : MemRead :  D=0x000000000007a9c8 A=0x79838
7785000: system.cpu: T0 : 0x164ac    : c_ld a4, 24(a5)            : MemRead :  D=0x0000000000000000 A=0x7a9e0
7786000: system.cpu: T0 : 0x164ae    : auipc a5, 99               : IntAlu :  D=0x00000000000794ae
7787000: system.cpu: T0 : 0x164b2    : ld a5, 906(a5)             : MemRead :  D=0x000000000007a9c8 A=0x79838
7787500: system.cpu: T0 : 0x164b6    : c_ld a5, 0(a5)             : MemRead :  D=0x0000000000000000 A=0x7a9c8
7788000: system.cpu: T0 : 0x164b8    : bne a4, a5, 212            : IntAlu : 
7788500: system.cpu: T0 : 0x164bc    : auipc a5, 99               : IntAlu :  D=0x00000000000794bc
7789000: system.cpu: T0 : 0x164c0    : ld a5, 892(a5)             : MemRead :  D=0x000000000007a9c8 A=0x79838
7789500: system.cpu: T0 : 0x164c4    : c_ld a5, 16(a5)            : MemRead :  D=0x0000000000000000 A=0x7a9d8
7790500: system.cpu: T0 : 0x164c6    : sd a5, -1216(s0)           : MemWrite :  D=0x0000000000000000 A=0x7ffffffffffff930
7791500: system.cpu: T0 : 0x164ca    : auipc a5, 99               : IntAlu :  D=0x00000000000794ca
7792500: system.cpu: T0 : 0x164ce    : ld a5, 878(a5)             : MemRead :  D=0x000000000007a9c8 A=0x79838
7793000: system.cpu: T0 : 0x164d2    : c_ld a5, 24(a5)            : MemRead :  D=0x0000000000000000 A=0x7a9e0
7793500: system.cpu: T0 : 0x164d4    : sd a5, -1208(s0)           : MemWrite :  D=0x0000000000000000 A=0x7ffffffffffff938
7794000: system.cpu: T0 : 0x164d8    : ld a4, -1208(s0)           : MemRead :  D=0x0000000000000000 A=0x7ffffffffffff938
7794500: system.cpu: T0 : 0x164dc    : ld a5, -1216(s0)           : MemRead :  D=0x0000000000000000 A=0x7ffffffffffff930
7795000: system.cpu: T0 : 0x164e0    : bge a5, a4, 172            : IntAlu : 
7795500: system.cpu: T0 : 0x1658c    : auipc a5, 98               : IntAlu :  D=0x000000000007858c
7796000: system.cpu: T0 : 0x16590    : addi a5, a5, -1416         : IntAlu :  D=0x0000000000078004
7796500: system.cpu: T0 : 0x16594    : c_lw a5, 0(a5)             : MemRead :  D=0x0000000000000005 A=0x78004
7797000: system.cpu: T0 : 0x16596    : c_addiw a5, 0              : IntAlu :  D=0x0000000000000005
7797500: system.cpu: T0 : 0x16598    : c_mv a4, a5                : IntAlu :  D=0x0000000000000005
7798000: system.cpu: T0 : 0x1659a    : c_li a5, 4                 : IntAlu :  D=0x0000000000000004
7798500: system.cpu: T0 : 0x1659c    : bge a5, a4, 256            : IntAlu : 
7799000: system.cpu: T0 : 0x165a0    : addi a5, gp, -960          : IntAlu :  D=0x0000000000079c88
7799500: system.cpu: T0 : 0x165a4    : c_lw a5, 0(a5)             : MemRead :  D=0x0000000000000000 A=0x79c88
7800000: system.cpu: T0 : 0x165a6    : c_addiw a5, 0              : IntAlu :  D=0x0000000000000000
7800500: system.cpu: T0 : 0x165a8    : c_mv a4, a5                : IntAlu :  D=0x0000000000000000
7801000: system.cpu: T0 : 0x165aa    : c_li a5, 3                 : IntAlu :  D=0x0000000000000003
7801500: system.cpu: T0 : 0x165ac    : blt a5, a4, 240            : IntAlu : 
7802000: system.cpu: T0 : 0x165b0    : auipc a5, 99               : IntAlu :  D=0x00000000000795b0
7802500: system.cpu: T0 : 0x165b4    : ld a5, 648(a5)             : MemRead :  D=0x000000000007a9c8 A=0x79838
7803000: system.cpu: T0 : 0x165b8    : c_ld a4, 24(a5)            : MemRead :  D=0x0000000000000000 A=0x7a9e0
7804000: system.cpu: T0 : 0x165ba    : auipc a5, 99               : IntAlu :  D=0x00000000000795ba
7805000: system.cpu: T0 : 0x165be    : ld a5, 638(a5)             : MemRead :  D=0x000000000007a9c8 A=0x79838
7805500: system.cpu: T0 : 0x165c2    : c_ld a5, 32(a5)            : MemRead :  D=0x0000000000000000 A=0x7a9e8
7806000: system.cpu: T0 : 0x165c4    : bne a4, a5, 216            : IntAlu : 
7806500: system.cpu: T0 : 0x165c8    : auipc a5, 99               : IntAlu :  D=0x00000000000795c8
7807000: system.cpu: T0 : 0x165cc    : ld a5, 624(a5)             : MemRead :  D=0x000000000007a9c8 A=0x79838
7807500: system.cpu: T0 : 0x165d0    : c_ld a4, 24(a5)            : MemRead :  D=0x0000000000000000 A=0x7a9e0
7808500: system.cpu: T0 : 0x165d2    : auipc a5, 99               : IntAlu :  D=0x00000000000795d2
7809500: system.cpu: T0 : 0x165d6    : ld a5, 614(a5)             : MemRead :  D=0x000000000007a9c8 A=0x79838
7810000: system.cpu: T0 : 0x165da    : c_ld a5, 8(a5)             : MemRead :  D=0x0000000000000000 A=0x7a9d0
7810500: system.cpu: T0 : 0x165dc    : bne a4, a5, 192            : IntAlu : 
7811000: system.cpu: T0 : 0x165e0    : auipc a5, 99               : IntAlu :  D=0x00000000000795e0
7811500: system.cpu: T0 : 0x165e4    : ld a5, 600(a5)             : MemRead :  D=0x000000000007a9c8 A=0x79838
7812000: system.cpu: T0 : 0x165e8    : c_ld a5, 16(a5)            : MemRead :  D=0x0000000000000000 A=0x7a9d8
7813000: system.cpu: T0 : 0x165ea    : sd a5, -1192(s0)           : MemWrite :  D=0x0000000000000000 A=0x7ffffffffffff948
7814000: system.cpu: T0 : 0x165ee    : auipc a5, 99               : IntAlu :  D=0x00000000000795ee
7815000: system.cpu: T0 : 0x165f2    : ld a5, 586(a5)             : MemRead :  D=0x000000000007a9c8 A=0x79838
7815500: system.cpu: T0 : 0x165f6    : c_ld a5, 24(a5)            : MemRead :  D=0x0000000000000000 A=0x7a9e0
7816000: system.cpu: T0 : 0x165f8    : sd a5, -1184(s0)           : MemWrite :  D=0x0000000000000000 A=0x7ffffffffffff950
7816500: system.cpu: T0 : 0x165fc    : ld a4, -1184(s0)           : MemRead :  D=0x0000000000000000 A=0x7ffffffffffff950
7817000: system.cpu: T0 : 0x16600    : ld a5, -1192(s0)           : MemRead :  D=0x0000000000000000 A=0x7ffffffffffff948
7817500: system.cpu: T0 : 0x16604    : bge a5, a4, 152            : IntAlu : 
7818000: system.cpu: T0 : 0x1669c    : auipc a5, 98               : IntAlu :  D=0x000000000007869c
7818500: system.cpu: T0 : 0x166a0    : addi a5, a5, -1688         : IntAlu :  D=0x0000000000078004
7819000: system.cpu: T0 : 0x166a4    : c_lw a5, 0(a5)             : MemRead :  D=0x0000000000000005 A=0x78004
7819500: system.cpu: T0 : 0x166a6    : c_addiw a5, 0              : IntAlu :  D=0x0000000000000005
7820000: system.cpu: T0 : 0x166a8    : c_mv a4, a5                : IntAlu :  D=0x0000000000000005
7820500: system.cpu: T0 : 0x166aa    : c_li a5, 4                 : IntAlu :  D=0x0000000000000004
7821000: system.cpu: T0 : 0x166ac    : bge a5, a4, 276            : IntAlu : 
7821500: system.cpu: T0 : 0x166b0    : addi a5, gp, -960          : IntAlu :  D=0x0000000000079c88
7822000: system.cpu: T0 : 0x166b4    : c_lw a5, 0(a5)             : MemRead :  D=0x0000000000000000 A=0x79c88
7822500: system.cpu: T0 : 0x166b6    : c_addiw a5, 0              : IntAlu :  D=0x0000000000000000
7823000: system.cpu: T0 : 0x166b8    : c_mv a4, a5                : IntAlu :  D=0x0000000000000000
7823500: system.cpu: T0 : 0x166ba    : c_li a5, 3                 : IntAlu :  D=0x0000000000000003
7824000: system.cpu: T0 : 0x166bc    : blt a5, a4, 260            : IntAlu : 
7824500: system.cpu: T0 : 0x166c0    : auipc a5, 99               : IntAlu :  D=0x00000000000796c0
7825000: system.cpu: T0 : 0x166c4    : ld a5, 376(a5)             : MemRead :  D=0x000000000007a9c8 A=0x79838
7825500: system.cpu: T0 : 0x166c8    : c_ld a4, 32(a5)            : MemRead :  D=0x0000000000000000 A=0x7a9e8
7826500: system.cpu: T0 : 0x166ca    : auipc a5, 99               : IntAlu :  D=0x00000000000796ca
7827500: system.cpu: T0 : 0x166ce    : ld a5, 366(a5)             : MemRead :  D=0x000000000007a9c8 A=0x79838
7828000: system.cpu: T0 : 0x166d2    : c_ld a5, 0(a5)             : MemRead :  D=0x0000000000000000 A=0x7a9c8
7828500: system.cpu: T0 : 0x166d4    : bne a4, a5, 236            : IntAlu : 
7829000: system.cpu: T0 : 0x166d8    : auipc a5, 99               : IntAlu :  D=0x00000000000796d8
7829500: system.cpu: T0 : 0x166dc    : ld a5, 352(a5)             : MemRead :  D=0x000000000007a9c8 A=0x79838
7830000: system.cpu: T0 : 0x166e0    : c_ld a4, 32(a5)            : MemRead :  D=0x0000000000000000 A=0x7a9e8
7831000: system.cpu: T0 : 0x166e2    : auipc a5, 99               : IntAlu :  D=0x00000000000796e2
7832000: system.cpu: T0 : 0x166e6    : ld a5, 342(a5)             : MemRead :  D=0x000000000007a9c8 A=0x79838
7832500: system.cpu: T0 : 0x166ea    : c_ld a5, 8(a5)             : MemRead :  D=0x0000000000000000 A=0x7a9d0
7833000: system.cpu: T0 : 0x166ec    : bne a4, a5, 212            : IntAlu : 
7833500: system.cpu: T0 : 0x166f0    : auipc a5, 99               : IntAlu :  D=0x00000000000796f0
7834000: system.cpu: T0 : 0x166f4    : ld a5, 328(a5)             : MemRead :  D=0x000000000007a9c8 A=0x79838
7834500: system.cpu: T0 : 0x166f8    : c_ld a5, 16(a5)            : MemRead :  D=0x0000000000000000 A=0x7a9d8
7835500: system.cpu: T0 : 0x166fa    : sd a5, -1168(s0)           : MemWrite :  D=0x0000000000000000 A=0x7ffffffffffff960
7836500: system.cpu: T0 : 0x166fe    : auipc a5, 99               : IntAlu :  D=0x00000000000796fe
7837500: system.cpu: T0 : 0x16702    : ld a5, 314(a5)             : MemRead :  D=0x000000000007a9c8 A=0x79838
7838000: system.cpu: T0 : 0x16706    : c_ld a5, 32(a5)            : MemRead :  D=0x0000000000000000 A=0x7a9e8
7838500: system.cpu: T0 : 0x16708    : sd a5, -1160(s0)           : MemWrite :  D=0x0000000000000000 A=0x7ffffffffffff968
7839000: system.cpu: T0 : 0x1670c    : ld a4, -1160(s0)           : MemRead :  D=0x0000000000000000 A=0x7ffffffffffff968
7839500: system.cpu: T0 : 0x16710    : ld a5, -1168(s0)           : MemRead :  D=0x0000000000000000 A=0x7ffffffffffff960
7840000: system.cpu: T0 : 0x16714    : bge a5, a4, 172            : IntAlu : 
7840500: system.cpu: T0 : 0x167c0    : auipc a5, 98               : IntAlu :  D=0x00000000000787c0
7841000: system.cpu: T0 : 0x167c4    : addi a5, a5, -1980         : IntAlu :  D=0x0000000000078004
7841500: system.cpu: T0 : 0x167c8    : c_lw a5, 0(a5)             : MemRead :  D=0x0000000000000005 A=0x78004
7842000: system.cpu: T0 : 0x167ca    : c_addiw a5, 0              : IntAlu :  D=0x0000000000000005
7842500: system.cpu: T0 : 0x167cc    : c_mv a4, a5                : IntAlu :  D=0x0000000000000005
7843000: system.cpu: T0 : 0x167ce    : c_li a5, 4                 : IntAlu :  D=0x0000000000000004
7843500: system.cpu: T0 : 0x167d0    : bge a5, a4, 276            : IntAlu : 
7844000: system.cpu: T0 : 0x167d4    : addi a5, gp, -960          : IntAlu :  D=0x0000000000079c88
7844500: system.cpu: T0 : 0x167d8    : c_lw a5, 0(a5)             : MemRead :  D=0x0000000000000000 A=0x79c88
7845000: system.cpu: T0 : 0x167da    : c_addiw a5, 0              : IntAlu :  D=0x0000000000000000
7845500: system.cpu: T0 : 0x167dc    : c_mv a4, a5                : IntAlu :  D=0x0000000000000000
7846000: system.cpu: T0 : 0x167de    : c_li a5, 3                 : IntAlu :  D=0x0000000000000003
7846500: system.cpu: T0 : 0x167e0    : blt a5, a4, 260            : IntAlu : 
7847000: system.cpu: T0 : 0x167e4    : auipc a5, 99               : IntAlu :  D=0x00000000000797e4
7847500: system.cpu: T0 : 0x167e8    : ld a5, 84(a5)              : MemRead :  D=0x000000000007a9c8 A=0x79838
7848000: system.cpu: T0 : 0x167ec    : c_ld a4, 32(a5)            : MemRead :  D=0x0000000000000000 A=0x7a9e8
7849000: system.cpu: T0 : 0x167ee    : auipc a5, 99               : IntAlu :  D=0x00000000000797ee
7850000: system.cpu: T0 : 0x167f2    : ld a5, 74(a5)              : MemRead :  D=0x000000000007a9c8 A=0x79838
7850500: system.cpu: T0 : 0x167f6    : c_ld a5, 0(a5)             : MemRead :  D=0x0000000000000000 A=0x7a9c8
7851000: system.cpu: T0 : 0x167f8    : bne a4, a5, 236            : IntAlu : 
7851500: system.cpu: T0 : 0x167fc    : auipc a5, 99               : IntAlu :  D=0x00000000000797fc
7852000: system.cpu: T0 : 0x16800    : ld a5, 60(a5)              : MemRead :  D=0x000000000007a9c8 A=0x79838
7852500: system.cpu: T0 : 0x16804    : c_ld a4, 32(a5)            : MemRead :  D=0x0000000000000000 A=0x7a9e8
7853500: system.cpu: T0 : 0x16806    : auipc a5, 99               : IntAlu :  D=0x0000000000079806
7854500: system.cpu: T0 : 0x1680a    : ld a5, 50(a5)              : MemRead :  D=0x000000000007a9c8 A=0x79838
7855000: system.cpu: T0 : 0x1680e    : c_ld a5, 24(a5)            : MemRead :  D=0x0000000000000000 A=0x7a9e0
7855500: system.cpu: T0 : 0x16810    : bne a4, a5, 212            : IntAlu : 
7856000: system.cpu: T0 : 0x16814    : auipc a5, 99               : IntAlu :  D=0x0000000000079814
7856500: system.cpu: T0 : 0x16818    : ld a5, 36(a5)              : MemRead :  D=0x000000000007a9c8 A=0x79838
7857000: system.cpu: T0 : 0x1681c    : c_ld a5, 16(a5)            : MemRead :  D=0x0000000000000000 A=0x7a9d8
7858000: system.cpu: T0 : 0x1681e    : sd a5, -1144(s0)           : MemWrite :  D=0x0000000000000000 A=0x7ffffffffffff978
7859000: system.cpu: T0 : 0x16822    : auipc a5, 99               : IntAlu :  D=0x0000000000079822
7860000: system.cpu: T0 : 0x16826    : ld a5, 22(a5)              : MemRead :  D=0x000000000007a9c8 A=0x79838
7860500: system.cpu: T0 : 0x1682a    : c_ld a5, 32(a5)            : MemRead :  D=0x0000000000000000 A=0x7a9e8
7861000: system.cpu: T0 : 0x1682c    : sd a5, -1136(s0)           : MemWrite :  D=0x0000000000000000 A=0x7ffffffffffff980
7861500: system.cpu: T0 : 0x16830    : ld a4, -1136(s0)           : MemRead :  D=0x0000000000000000 A=0x7ffffffffffff980
7862000: system.cpu: T0 : 0x16834    : ld a5, -1144(s0)           : MemRead :  D=0x0000000000000000 A=0x7ffffffffffff978
7862500: system.cpu: T0 : 0x16838    : bge a5, a4, 172            : IntAlu : 
7863000: system.cpu: T0 : 0x168e4    : auipc a5, 97               : IntAlu :  D=0x00000000000778e4
7863500: system.cpu: T0 : 0x168e8    : addi a5, a5, 1824          : IntAlu :  D=0x0000000000078004
7864000: system.cpu: T0 : 0x168ec    : c_lw a5, 0(a5)             : MemRead :  D=0x0000000000000005 A=0x78004
7864500: system.cpu: T0 : 0x168ee    : c_addiw a5, 0              : IntAlu :  D=0x0000000000000005
7865000: system.cpu: T0 : 0x168f0    : c_mv a4, a5                : IntAlu :  D=0x0000000000000005
7865500: system.cpu: T0 : 0x168f2    : c_li a5, 4                 : IntAlu :  D=0x0000000000000004
7866000: system.cpu: T0 : 0x168f4    : bge a5, a4, 276            : IntAlu : 
7866500: system.cpu: T0 : 0x168f8    : addi a5, gp, -960          : IntAlu :  D=0x0000000000079c88
7867000: system.cpu: T0 : 0x168fc    : c_lw a5, 0(a5)             : MemRead :  D=0x0000000000000000 A=0x79c88
7867500: system.cpu: T0 : 0x168fe    : c_addiw a5, 0              : IntAlu :  D=0x0000000000000000
7868000: system.cpu: T0 : 0x16900    : c_mv a4, a5                : IntAlu :  D=0x0000000000000000
7868500: system.cpu: T0 : 0x16902    : c_li a5, 3                 : IntAlu :  D=0x0000000000000003
7869000: system.cpu: T0 : 0x16904    : blt a5, a4, 260            : IntAlu : 
7869500: system.cpu: T0 : 0x16908    : auipc a5, 99               : IntAlu :  D=0x0000000000079908
7870000: system.cpu: T0 : 0x1690c    : ld a5, -208(a5)            : MemRead :  D=0x000000000007a9c8 A=0x79838
7870500: system.cpu: T0 : 0x16910    : c_ld a4, 32(a5)            : MemRead :  D=0x0000000000000000 A=0x7a9e8
7871500: system.cpu: T0 : 0x16912    : auipc a5, 99               : IntAlu :  D=0x0000000000079912
7872500: system.cpu: T0 : 0x16916    : ld a5, -218(a5)            : MemRead :  D=0x000000000007a9c8 A=0x79838
7873000: system.cpu: T0 : 0x1691a    : c_ld a5, 8(a5)             : MemRead :  D=0x0000000000000000 A=0x7a9d0
7873500: system.cpu: T0 : 0x1691c    : bne a4, a5, 236            : IntAlu : 
7874000: system.cpu: T0 : 0x16920    : auipc a5, 99               : IntAlu :  D=0x0000000000079920
7874500: system.cpu: T0 : 0x16924    : ld a5, -232(a5)            : MemRead :  D=0x000000000007a9c8 A=0x79838
7875000: system.cpu: T0 : 0x16928    : c_ld a4, 32(a5)            : MemRead :  D=0x0000000000000000 A=0x7a9e8
7876000: system.cpu: T0 : 0x1692a    : auipc a5, 99               : IntAlu :  D=0x000000000007992a
7877000: system.cpu: T0 : 0x1692e    : ld a5, -242(a5)            : MemRead :  D=0x000000000007a9c8 A=0x79838
7877500: system.cpu: T0 : 0x16932    : c_ld a5, 0(a5)             : MemRead :  D=0x0000000000000000 A=0x7a9c8
7878000: system.cpu: T0 : 0x16934    : bne a4, a5, 212            : IntAlu : 
7878500: system.cpu: T0 : 0x16938    : auipc a5, 99               : IntAlu :  D=0x0000000000079938
7879000: system.cpu: T0 : 0x1693c    : ld a5, -256(a5)            : MemRead :  D=0x000000000007a9c8 A=0x79838
7879500: system.cpu: T0 : 0x16940    : c_ld a5, 16(a5)            : MemRead :  D=0x0000000000000000 A=0x7a9d8
7880500: system.cpu: T0 : 0x16942    : sd a5, -1120(s0)           : MemWrite :  D=0x0000000000000000 A=0x7ffffffffffff990
7881500: system.cpu: T0 : 0x16946    : auipc a5, 99               : IntAlu :  D=0x0000000000079946
7882500: system.cpu: T0 : 0x1694a    : ld a5, -270(a5)            : MemRead :  D=0x000000000007a9c8 A=0x79838
7883000: system.cpu: T0 : 0x1694e    : c_ld a5, 32(a5)            : MemRead :  D=0x0000000000000000 A=0x7a9e8
7883500: system.cpu: T0 : 0x16950    : sd a5, -1112(s0)           : MemWrite :  D=0x0000000000000000 A=0x7ffffffffffff998
7884000: system.cpu: T0 : 0x16954    : ld a4, -1112(s0)           : MemRead :  D=0x0000000000000000 A=0x7ffffffffffff998
7884500: system.cpu: T0 : 0x16958    : ld a5, -1120(s0)           : MemRead :  D=0x0000000000000000 A=0x7ffffffffffff990
7885000: system.cpu: T0 : 0x1695c    : bge a5, a4, 172            : IntAlu : 
7885500: system.cpu: T0 : 0x16a08    : auipc a5, 97               : IntAlu :  D=0x0000000000077a08
7886000: system.cpu: T0 : 0x16a0c    : addi a5, a5, 1532          : IntAlu :  D=0x0000000000078004
7886500: system.cpu: T0 : 0x16a10    : c_lw a5, 0(a5)             : MemRead :  D=0x0000000000000005 A=0x78004
7887000: system.cpu: T0 : 0x16a12    : c_addiw a5, 0              : IntAlu :  D=0x0000000000000005
7887500: system.cpu: T0 : 0x16a14    : c_mv a4, a5                : IntAlu :  D=0x0000000000000005
7888000: system.cpu: T0 : 0x16a16    : c_li a5, 4                 : IntAlu :  D=0x0000000000000004
7888500: system.cpu: T0 : 0x16a18    : bge a5, a4, 256            : IntAlu : 
7889000: system.cpu: T0 : 0x16a1c    : addi a5, gp, -960          : IntAlu :  D=0x0000000000079c88
7889500: system.cpu: T0 : 0x16a20    : c_lw a5, 0(a5)             : MemRead :  D=0x0000000000000000 A=0x79c88
7890000: system.cpu: T0 : 0x16a22    : c_addiw a5, 0              : IntAlu :  D=0x0000000000000000
7890500: system.cpu: T0 : 0x16a24    : c_mv a4, a5                : IntAlu :  D=0x0000000000000000
7891000: system.cpu: T0 : 0x16a26    : c_li a5, 3                 : IntAlu :  D=0x0000000000000003
7891500: system.cpu: T0 : 0x16a28    : blt a5, a4, 240            : IntAlu : 
7892000: system.cpu: T0 : 0x16a2c    : auipc a5, 99               : IntAlu :  D=0x0000000000079a2c
7892500: system.cpu: T0 : 0x16a30    : ld a5, -500(a5)            : MemRead :  D=0x000000000007a9c8 A=0x79838
7893000: system.cpu: T0 : 0x16a34    : c_ld a4, 32(a5)            : MemRead :  D=0x0000000000000000 A=0x7a9e8
7894000: system.cpu: T0 : 0x16a36    : auipc a5, 99               : IntAlu :  D=0x0000000000079a36
7895000: system.cpu: T0 : 0x16a3a    : ld a5, -510(a5)            : MemRead :  D=0x000000000007a9c8 A=0x79838
7895500: system.cpu: T0 : 0x16a3e    : c_ld a5, 8(a5)             : MemRead :  D=0x0000000000000000 A=0x7a9d0
7896000: system.cpu: T0 : 0x16a40    : bne a4, a5, 216            : IntAlu : 
7896500: system.cpu: T0 : 0x16a44    : auipc a5, 99               : IntAlu :  D=0x0000000000079a44
7897000: system.cpu: T0 : 0x16a48    : ld a5, -524(a5)            : MemRead :  D=0x000000000007a9c8 A=0x79838
7897500: system.cpu: T0 : 0x16a4c    : c_ld a4, 32(a5)            : MemRead :  D=0x0000000000000000 A=0x7a9e8
7898500: system.cpu: T0 : 0x16a4e    : auipc a5, 99               : IntAlu :  D=0x0000000000079a4e
7899500: system.cpu: T0 : 0x16a52    : ld a5, -534(a5)            : MemRead :  D=0x000000000007a9c8 A=0x79838
7900000: system.cpu: T0 : 0x16a56    : c_ld a5, 24(a5)            : MemRead :  D=0x0000000000000000 A=0x7a9e0
7900500: system.cpu: T0 : 0x16a58    : bne a4, a5, 192            : IntAlu : 
7901000: system.cpu: T0 : 0x16a5c    : auipc a5, 99               : IntAlu :  D=0x0000000000079a5c
7901500: system.cpu: T0 : 0x16a60    : ld a5, -548(a5)            : MemRead :  D=0x000000000007a9c8 A=0x79838
7902000: system.cpu: T0 : 0x16a64    : c_ld a5, 16(a5)            : MemRead :  D=0x0000000000000000 A=0x7a9d8
7903000: system.cpu: T0 : 0x16a66    : sd a5, -1096(s0)           : MemWrite :  D=0x0000000000000000 A=0x7ffffffffffff9a8
7904000: system.cpu: T0 : 0x16a6a    : auipc a5, 99               : IntAlu :  D=0x0000000000079a6a
7905000: system.cpu: T0 : 0x16a6e    : ld a5, -562(a5)            : MemRead :  D=0x000000000007a9c8 A=0x79838
7905500: system.cpu: T0 : 0x16a72    : c_ld a5, 32(a5)            : MemRead :  D=0x0000000000000000 A=0x7a9e8
7906000: system.cpu: T0 : 0x16a74    : sd a5, -1088(s0)           : MemWrite :  D=0x0000000000000000 A=0x7ffffffffffff9b0
7906500: system.cpu: T0 : 0x16a78    : ld a4, -1088(s0)           : MemRead :  D=0x0000000000000000 A=0x7ffffffffffff9b0
7907000: system.cpu: T0 : 0x16a7c    : ld a5, -1096(s0)           : MemRead :  D=0x0000000000000000 A=0x7ffffffffffff9a8
7907500: system.cpu: T0 : 0x16a80    : bge a5, a4, 152            : IntAlu : 
7908000: system.cpu: T0 : 0x16b18    : auipc a5, 97               : IntAlu :  D=0x0000000000077b18
7908500: system.cpu: T0 : 0x16b1c    : addi a5, a5, 1260          : IntAlu :  D=0x0000000000078004
7909000: system.cpu: T0 : 0x16b20    : c_lw a5, 0(a5)             : MemRead :  D=0x0000000000000005 A=0x78004
7909500: system.cpu: T0 : 0x16b22    : c_addiw a5, 0              : IntAlu :  D=0x0000000000000005
7910000: system.cpu: T0 : 0x16b24    : c_mv a4, a5                : IntAlu :  D=0x0000000000000005
7910500: system.cpu: T0 : 0x16b26    : c_li a5, 4                 : IntAlu :  D=0x0000000000000004
7911000: system.cpu: T0 : 0x16b28    : bge a5, a4, 276            : IntAlu : 
7911500: system.cpu: T0 : 0x16b2c    : addi a5, gp, -960          : IntAlu :  D=0x0000000000079c88
7912000: system.cpu: T0 : 0x16b30    : c_lw a5, 0(a5)             : MemRead :  D=0x0000000000000000 A=0x79c88
7912500: system.cpu: T0 : 0x16b32    : c_addiw a5, 0              : IntAlu :  D=0x0000000000000000
7913000: system.cpu: T0 : 0x16b34    : c_mv a4, a5                : IntAlu :  D=0x0000000000000000
7913500: system.cpu: T0 : 0x16b36    : c_li a5, 3                 : IntAlu :  D=0x0000000000000003
7914000: system.cpu: T0 : 0x16b38    : blt a5, a4, 260            : IntAlu : 
7914500: system.cpu: T0 : 0x16b3c    : auipc a5, 99               : IntAlu :  D=0x0000000000079b3c
7915000: system.cpu: T0 : 0x16b40    : ld a5, -772(a5)            : MemRead :  D=0x000000000007a9c8 A=0x79838
7915500: system.cpu: T0 : 0x16b44    : c_ld a4, 32(a5)            : MemRead :  D=0x0000000000000000 A=0x7a9e8
7916500: system.cpu: T0 : 0x16b46    : auipc a5, 99               : IntAlu :  D=0x0000000000079b46
7917500: system.cpu: T0 : 0x16b4a    : ld a5, -782(a5)            : MemRead :  D=0x000000000007a9c8 A=0x79838
7918000: system.cpu: T0 : 0x16b4e    : c_ld a5, 24(a5)            : MemRead :  D=0x0000000000000000 A=0x7a9e0
7918500: system.cpu: T0 : 0x16b50    : bne a4, a5, 236            : IntAlu : 
7919000: system.cpu: T0 : 0x16b54    : auipc a5, 99               : IntAlu :  D=0x0000000000079b54
7919500: system.cpu: T0 : 0x16b58    : ld a5, -796(a5)            : MemRead :  D=0x000000000007a9c8 A=0x79838
7920000: system.cpu: T0 : 0x16b5c    : c_ld a4, 32(a5)            : MemRead :  D=0x0000000000000000 A=0x7a9e8
7921000: system.cpu: T0 : 0x16b5e    : auipc a5, 99               : IntAlu :  D=0x0000000000079b5e
7922000: system.cpu: T0 : 0x16b62    : ld a5, -806(a5)            : MemRead :  D=0x000000000007a9c8 A=0x79838
7922500: system.cpu: T0 : 0x16b66    : c_ld a5, 0(a5)             : MemRead :  D=0x0000000000000000 A=0x7a9c8
7923000: system.cpu: T0 : 0x16b68    : bne a4, a5, 212            : IntAlu : 
7923500: system.cpu: T0 : 0x16b6c    : auipc a5, 99               : IntAlu :  D=0x0000000000079b6c
7924000: system.cpu: T0 : 0x16b70    : ld a5, -820(a5)            : MemRead :  D=0x000000000007a9c8 A=0x79838
7924500: system.cpu: T0 : 0x16b74    : c_ld a5, 16(a5)            : MemRead :  D=0x0000000000000000 A=0x7a9d8
7925500: system.cpu: T0 : 0x16b76    : sd a5, -1072(s0)           : MemWrite :  D=0x0000000000000000 A=0x7ffffffffffff9c0
7926500: system.cpu: T0 : 0x16b7a    : auipc a5, 99               : IntAlu :  D=0x0000000000079b7a
7927500: system.cpu: T0 : 0x16b7e    : ld a5, -834(a5)            : MemRead :  D=0x000000000007a9c8 A=0x79838
7928000: system.cpu: T0 : 0x16b82    : c_ld a5, 32(a5)            : MemRead :  D=0x0000000000000000 A=0x7a9e8
7928500: system.cpu: T0 : 0x16b84    : sd a5, -1064(s0)           : MemWrite :  D=0x0000000000000000 A=0x7ffffffffffff9c8
7929000: system.cpu: T0 : 0x16b88    : ld a4, -1064(s0)           : MemRead :  D=0x0000000000000000 A=0x7ffffffffffff9c8
7929500: system.cpu: T0 : 0x16b8c    : ld a5, -1072(s0)           : MemRead :  D=0x0000000000000000 A=0x7ffffffffffff9c0
7930000: system.cpu: T0 : 0x16b90    : bge a5, a4, 172            : IntAlu : 
7930500: system.cpu: T0 : 0x16c3c    : auipc a5, 97               : IntAlu :  D=0x0000000000077c3c
7931000: system.cpu: T0 : 0x16c40    : addi a5, a5, 968           : IntAlu :  D=0x0000000000078004
7931500: system.cpu: T0 : 0x16c44    : c_lw a5, 0(a5)             : MemRead :  D=0x0000000000000005 A=0x78004
7932000: system.cpu: T0 : 0x16c46    : c_addiw a5, 0              : IntAlu :  D=0x0000000000000005
7932500: system.cpu: T0 : 0x16c48    : c_mv a4, a5                : IntAlu :  D=0x0000000000000005
7933000: system.cpu: T0 : 0x16c4a    : c_li a5, 4                 : IntAlu :  D=0x0000000000000004
7933500: system.cpu: T0 : 0x16c4c    : bge a5, a4, 256            : IntAlu : 
7934000: system.cpu: T0 : 0x16c50    : addi a5, gp, -960          : IntAlu :  D=0x0000000000079c88
7934500: system.cpu: T0 : 0x16c54    : c_lw a5, 0(a5)             : MemRead :  D=0x0000000000000000 A=0x79c88
7935000: system.cpu: T0 : 0x16c56    : c_addiw a5, 0              : IntAlu :  D=0x0000000000000000
7935500: system.cpu: T0 : 0x16c58    : c_mv a4, a5                : IntAlu :  D=0x0000000000000000
7936000: system.cpu: T0 : 0x16c5a    : c_li a5, 3                 : IntAlu :  D=0x0000000000000003
7936500: system.cpu: T0 : 0x16c5c    : blt a5, a4, 240            : IntAlu : 
7937000: system.cpu: T0 : 0x16c60    : auipc a5, 99               : IntAlu :  D=0x0000000000079c60
7937500: system.cpu: T0 : 0x16c64    : ld a5, -1064(a5)           : MemRead :  D=0x000000000007a9c8 A=0x79838
7938000: system.cpu: T0 : 0x16c68    : c_ld a4, 32(a5)            : MemRead :  D=0x0000000000000000 A=0x7a9e8
7939000: system.cpu: T0 : 0x16c6a    : auipc a5, 99               : IntAlu :  D=0x0000000000079c6a
7940000: system.cpu: T0 : 0x16c6e    : ld a5, -1074(a5)           : MemRead :  D=0x000000000007a9c8 A=0x79838
7940500: system.cpu: T0 : 0x16c72    : c_ld a5, 24(a5)            : MemRead :  D=0x0000000000000000 A=0x7a9e0
7941000: system.cpu: T0 : 0x16c74    : bne a4, a5, 216            : IntAlu : 
7941500: system.cpu: T0 : 0x16c78    : auipc a5, 99               : IntAlu :  D=0x0000000000079c78
7942000: system.cpu: T0 : 0x16c7c    : ld a5, -1088(a5)           : MemRead :  D=0x000000000007a9c8 A=0x79838
7942500: system.cpu: T0 : 0x16c80    : c_ld a4, 32(a5)            : MemRead :  D=0x0000000000000000 A=0x7a9e8
7943500: system.cpu: T0 : 0x16c82    : auipc a5, 99               : IntAlu :  D=0x0000000000079c82
7944500: system.cpu: T0 : 0x16c86    : ld a5, -1098(a5)           : MemRead :  D=0x000000000007a9c8 A=0x79838
7945000: system.cpu: T0 : 0x16c8a    : c_ld a5, 8(a5)             : MemRead :  D=0x0000000000000000 A=0x7a9d0
7945500: system.cpu: T0 : 0x16c8c    : bne a4, a5, 192            : IntAlu : 
7946000: system.cpu: T0 : 0x16c90    : auipc a5, 99               : IntAlu :  D=0x0000000000079c90
7946500: system.cpu: T0 : 0x16c94    : ld a5, -1112(a5)           : MemRead :  D=0x000000000007a9c8 A=0x79838
7947000: system.cpu: T0 : 0x16c98    : c_ld a5, 16(a5)            : MemRead :  D=0x0000000000000000 A=0x7a9d8
7948000: system.cpu: T0 : 0x16c9a    : sd a5, -1048(s0)           : MemWrite :  D=0x0000000000000000 A=0x7ffffffffffff9d8
7949000: system.cpu: T0 : 0x16c9e    : auipc a5, 99               : IntAlu :  D=0x0000000000079c9e
7950000: system.cpu: T0 : 0x16ca2    : ld a5, -1126(a5)           : MemRead :  D=0x000000000007a9c8 A=0x79838
7950500: system.cpu: T0 : 0x16ca6    : c_ld a5, 32(a5)            : MemRead :  D=0x0000000000000000 A=0x7a9e8
7951000: system.cpu: T0 : 0x16ca8    : sd a5, -1040(s0)           : MemWrite :  D=0x0000000000000000 A=0x7ffffffffffff9e0
7951500: system.cpu: T0 : 0x16cac    : ld a4, -1040(s0)           : MemRead :  D=0x0000000000000000 A=0x7ffffffffffff9e0
7952000: system.cpu: T0 : 0x16cb0    : ld a5, -1048(s0)           : MemRead :  D=0x0000000000000000 A=0x7ffffffffffff9d8
7952500: system.cpu: T0 : 0x16cb4    : bge a5, a4, 152            : IntAlu : 
7953000: system.cpu: T0 : 0x16d4c    : auipc a5, 97               : IntAlu :  D=0x0000000000077d4c
7953500: system.cpu: T0 : 0x16d50    : addi a5, a5, 696           : IntAlu :  D=0x0000000000078004
7954000: system.cpu: T0 : 0x16d54    : c_lw a5, 0(a5)             : MemRead :  D=0x0000000000000005 A=0x78004
7954500: system.cpu: T0 : 0x16d56    : c_addiw a5, 0              : IntAlu :  D=0x0000000000000005
7955000: system.cpu: T0 : 0x16d58    : c_mv a4, a5                : IntAlu :  D=0x0000000000000005
7955500: system.cpu: T0 : 0x16d5a    : c_li a5, 4                 : IntAlu :  D=0x0000000000000004
7956000: system.cpu: T0 : 0x16d5c    : bge a5, a4, 276            : IntAlu : 
7956500: system.cpu: T0 : 0x16d60    : addi a5, gp, -960          : IntAlu :  D=0x0000000000079c88
7957000: system.cpu: T0 : 0x16d64    : c_lw a5, 0(a5)             : MemRead :  D=0x0000000000000000 A=0x79c88
7957500: system.cpu: T0 : 0x16d66    : c_addiw a5, 0              : IntAlu :  D=0x0000000000000000
7958000: system.cpu: T0 : 0x16d68    : c_mv a4, a5                : IntAlu :  D=0x0000000000000000
7958500: system.cpu: T0 : 0x16d6a    : c_li a5, 3                 : IntAlu :  D=0x0000000000000003
7959000: system.cpu: T0 : 0x16d6c    : blt a5, a4, 260            : IntAlu : 
7959500: system.cpu: T0 : 0x16d70    : auipc a5, 99               : IntAlu :  D=0x0000000000079d70
7960000: system.cpu: T0 : 0x16d74    : ld a5, -1336(a5)           : MemRead :  D=0x000000000007a9c8 A=0x79838
7960500: system.cpu: T0 : 0x16d78    : c_ld a4, 0(a5)             : MemRead :  D=0x0000000000000000 A=0x7a9c8
7961500: system.cpu: T0 : 0x16d7a    : auipc a5, 99               : IntAlu :  D=0x0000000000079d7a
7962500: system.cpu: T0 : 0x16d7e    : ld a5, -1346(a5)           : MemRead :  D=0x000000000007a9c8 A=0x79838
7963000: system.cpu: T0 : 0x16d82    : c_ld a5, 8(a5)             : MemRead :  D=0x0000000000000000 A=0x7a9d0
7963500: system.cpu: T0 : 0x16d84    : bne a4, a5, 236            : IntAlu : 
7964000: system.cpu: T0 : 0x16d88    : auipc a5, 99               : IntAlu :  D=0x0000000000079d88
7964500: system.cpu: T0 : 0x16d8c    : ld a5, -1360(a5)           : MemRead :  D=0x000000000007a9c8 A=0x79838
7965000: system.cpu: T0 : 0x16d90    : c_ld a4, 0(a5)             : MemRead :  D=0x0000000000000000 A=0x7a9c8
7966000: system.cpu: T0 : 0x16d92    : auipc a5, 99               : IntAlu :  D=0x0000000000079d92
7967000: system.cpu: T0 : 0x16d96    : ld a5, -1370(a5)           : MemRead :  D=0x000000000007a9c8 A=0x79838
7967500: system.cpu: T0 : 0x16d9a    : c_ld a5, 32(a5)            : MemRead :  D=0x0000000000000000 A=0x7a9e8
7968000: system.cpu: T0 : 0x16d9c    : bne a4, a5, 212            : IntAlu : 
7968500: system.cpu: T0 : 0x16da0    : auipc a5, 99               : IntAlu :  D=0x0000000000079da0
7969000: system.cpu: T0 : 0x16da4    : ld a5, -1384(a5)           : MemRead :  D=0x000000000007a9c8 A=0x79838
7969500: system.cpu: T0 : 0x16da8    : c_ld a5, 24(a5)            : MemRead :  D=0x0000000000000000 A=0x7a9e0
7970500: system.cpu: T0 : 0x16daa    : sd a5, -1024(s0)           : MemWrite :  D=0x0000000000000000 A=0x7ffffffffffff9f0
7971500: system.cpu: T0 : 0x16dae    : auipc a5, 99               : IntAlu :  D=0x0000000000079dae
7972500: system.cpu: T0 : 0x16db2    : ld a5, -1398(a5)           : MemRead :  D=0x000000000007a9c8 A=0x79838
7973000: system.cpu: T0 : 0x16db6    : c_ld a5, 0(a5)             : MemRead :  D=0x0000000000000000 A=0x7a9c8
7973500: system.cpu: T0 : 0x16db8    : sd a5, -1016(s0)           : MemWrite :  D=0x0000000000000000 A=0x7ffffffffffff9f8
7974000: system.cpu: T0 : 0x16dbc    : ld a4, -1016(s0)           : MemRead :  D=0x0000000000000000 A=0x7ffffffffffff9f8
7974500: system.cpu: T0 : 0x16dc0    : ld a5, -1024(s0)           : MemRead :  D=0x0000000000000000 A=0x7ffffffffffff9f0
7975000: system.cpu: T0 : 0x16dc4    : bge a5, a4, 172            : IntAlu : 
7975500: system.cpu: T0 : 0x16e70    : auipc a5, 97               : IntAlu :  D=0x0000000000077e70
7976000: system.cpu: T0 : 0x16e74    : addi a5, a5, 404           : IntAlu :  D=0x0000000000078004
7976500: system.cpu: T0 : 0x16e78    : c_lw a5, 0(a5)             : MemRead :  D=0x0000000000000005 A=0x78004
7977000: system.cpu: T0 : 0x16e7a    : c_addiw a5, 0              : IntAlu :  D=0x0000000000000005
7977500: system.cpu: T0 : 0x16e7c    : c_mv a4, a5                : IntAlu :  D=0x0000000000000005
7978000: system.cpu: T0 : 0x16e7e    : c_li a5, 4                 : IntAlu :  D=0x0000000000000004
7978500: system.cpu: T0 : 0x16e80    : bge a5, a4, 276            : IntAlu : 
7979000: system.cpu: T0 : 0x16e84    : addi a5, gp, -960          : IntAlu :  D=0x0000000000079c88
7979500: system.cpu: T0 : 0x16e88    : c_lw a5, 0(a5)             : MemRead :  D=0x0000000000000000 A=0x79c88
7980000: system.cpu: T0 : 0x16e8a    : c_addiw a5, 0              : IntAlu :  D=0x0000000000000000
7980500: system.cpu: T0 : 0x16e8c    : c_mv a4, a5                : IntAlu :  D=0x0000000000000000
7981000: system.cpu: T0 : 0x16e8e    : c_li a5, 3                 : IntAlu :  D=0x0000000000000003
7981500: system.cpu: T0 : 0x16e90    : blt a5, a4, 260            : IntAlu : 
7982000: system.cpu: T0 : 0x16e94    : auipc a5, 99               : IntAlu :  D=0x0000000000079e94
7982500: system.cpu: T0 : 0x16e98    : ld a5, -1628(a5)           : MemRead :  D=0x000000000007a9c8 A=0x79838
7983000: system.cpu: T0 : 0x16e9c    : c_ld a4, 0(a5)             : MemRead :  D=0x0000000000000000 A=0x7a9c8
7984000: system.cpu: T0 : 0x16e9e    : auipc a5, 99               : IntAlu :  D=0x0000000000079e9e
7985000: system.cpu: T0 : 0x16ea2    : ld a5, -1638(a5)           : MemRead :  D=0x000000000007a9c8 A=0x79838
7985500: system.cpu: T0 : 0x16ea6    : c_ld a5, 16(a5)            : MemRead :  D=0x0000000000000000 A=0x7a9d8
7986000: system.cpu: T0 : 0x16ea8    : bne a4, a5, 236            : IntAlu : 
7986500: system.cpu: T0 : 0x16eac    : auipc a5, 99               : IntAlu :  D=0x0000000000079eac
7987000: system.cpu: T0 : 0x16eb0    : ld a5, -1652(a5)           : MemRead :  D=0x000000000007a9c8 A=0x79838
7987500: system.cpu: T0 : 0x16eb4    : c_ld a4, 0(a5)             : MemRead :  D=0x0000000000000000 A=0x7a9c8
7988500: system.cpu: T0 : 0x16eb6    : auipc a5, 99               : IntAlu :  D=0x0000000000079eb6
7989500: system.cpu: T0 : 0x16eba    : ld a5, -1662(a5)           : MemRead :  D=0x000000000007a9c8 A=0x79838
7990000: system.cpu: T0 : 0x16ebe    : c_ld a5, 32(a5)            : MemRead :  D=0x0000000000000000 A=0x7a9e8
7990500: system.cpu: T0 : 0x16ec0    : bne a4, a5, 212            : IntAlu : 
7991000: system.cpu: T0 : 0x16ec4    : auipc a5, 99               : IntAlu :  D=0x0000000000079ec4
7991500: system.cpu: T0 : 0x16ec8    : ld a5, -1676(a5)           : MemRead :  D=0x000000000007a9c8 A=0x79838
7992000: system.cpu: T0 : 0x16ecc    : c_ld a5, 24(a5)            : MemRead :  D=0x0000000000000000 A=0x7a9e0
7993000: system.cpu: T0 : 0x16ece    : sd a5, -1000(s0)           : MemWrite :  D=0x0000000000000000 A=0x7ffffffffffffa08
7994000: system.cpu: T0 : 0x16ed2    : auipc a5, 99               : IntAlu :  D=0x0000000000079ed2
7995000: system.cpu: T0 : 0x16ed6    : ld a5, -1690(a5)           : MemRead :  D=0x000000000007a9c8 A=0x79838
7995500: system.cpu: T0 : 0x16eda    : c_ld a5, 0(a5)             : MemRead :  D=0x0000000000000000 A=0x7a9c8
7996000: system.cpu: T0 : 0x16edc    : sd a5, -992(s0)            : MemWrite :  D=0x0000000000000000 A=0x7ffffffffffffa10
7996500: system.cpu: T0 : 0x16ee0    : ld a4, -992(s0)            : MemRead :  D=0x0000000000000000 A=0x7ffffffffffffa10
7997000: system.cpu: T0 : 0x16ee4    : ld a5, -1000(s0)           : MemRead :  D=0x0000000000000000 A=0x7ffffffffffffa08
7997500: system.cpu: T0 : 0x16ee8    : bge a5, a4, 172            : IntAlu : 
7998000: system.cpu: T0 : 0x16f94    : auipc a5, 97               : IntAlu :  D=0x0000000000077f94
7998500: system.cpu: T0 : 0x16f98    : addi a5, a5, 112           : IntAlu :  D=0x0000000000078004
7999000: system.cpu: T0 : 0x16f9c    : c_lw a5, 0(a5)             : MemRead :  D=0x0000000000000005 A=0x78004
7999500: system.cpu: T0 : 0x16f9e    : c_addiw a5, 0              : IntAlu :  D=0x0000000000000005
8000000: system.cpu: T0 : 0x16fa0    : c_mv a4, a5                : IntAlu :  D=0x0000000000000005
8000500: system.cpu: T0 : 0x16fa2    : c_li a5, 4                 : IntAlu :  D=0x0000000000000004
8001000: system.cpu: T0 : 0x16fa4    : bge a5, a4, 276            : IntAlu : 
8001500: system.cpu: T0 : 0x16fa8    : addi a5, gp, -960          : IntAlu :  D=0x0000000000079c88
8002000: system.cpu: T0 : 0x16fac    : c_lw a5, 0(a5)             : MemRead :  D=0x0000000000000000 A=0x79c88
8002500: system.cpu: T0 : 0x16fae    : c_addiw a5, 0              : IntAlu :  D=0x0000000000000000
8003000: system.cpu: T0 : 0x16fb0    : c_mv a4, a5                : IntAlu :  D=0x0000000000000000
8003500: system.cpu: T0 : 0x16fb2    : c_li a5, 3                 : IntAlu :  D=0x0000000000000003
8004000: system.cpu: T0 : 0x16fb4    : blt a5, a4, 260            : IntAlu : 
8004500: system.cpu: T0 : 0x16fb8    : auipc a5, 99               : IntAlu :  D=0x0000000000079fb8
8005000: system.cpu: T0 : 0x16fbc    : ld a5, -1920(a5)           : MemRead :  D=0x000000000007a9c8 A=0x79838
8005500: system.cpu: T0 : 0x16fc0    : c_ld a4, 0(a5)             : MemRead :  D=0x0000000000000000 A=0x7a9c8
8006500: system.cpu: T0 : 0x16fc2    : auipc a5, 99               : IntAlu :  D=0x0000000000079fc2
8007500: system.cpu: T0 : 0x16fc6    : ld a5, -1930(a5)           : MemRead :  D=0x000000000007a9c8 A=0x79838
8008000: system.cpu: T0 : 0x16fca    : c_ld a5, 32(a5)            : MemRead :  D=0x0000000000000000 A=0x7a9e8
8008500: system.cpu: T0 : 0x16fcc    : bne a4, a5, 236            : IntAlu : 
8009000: system.cpu: T0 : 0x16fd0    : auipc a5, 99               : IntAlu :  D=0x0000000000079fd0
8009500: system.cpu: T0 : 0x16fd4    : ld a5, -1944(a5)           : MemRead :  D=0x000000000007a9c8 A=0x79838
8010000: system.cpu: T0 : 0x16fd8    : c_ld a4, 0(a5)             : MemRead :  D=0x0000000000000000 A=0x7a9c8
8011000: system.cpu: T0 : 0x16fda    : auipc a5, 99               : IntAlu :  D=0x0000000000079fda
8012000: system.cpu: T0 : 0x16fde    : ld a5, -1954(a5)           : MemRead :  D=0x000000000007a9c8 A=0x79838
8012500: system.cpu: T0 : 0x16fe2    : c_ld a5, 8(a5)             : MemRead :  D=0x0000000000000000 A=0x7a9d0
8013000: system.cpu: T0 : 0x16fe4    : bne a4, a5, 212            : IntAlu : 
8013500: system.cpu: T0 : 0x16fe8    : auipc a5, 99               : IntAlu :  D=0x0000000000079fe8
8014000: system.cpu: T0 : 0x16fec    : ld a5, -1968(a5)           : MemRead :  D=0x000000000007a9c8 A=0x79838
8014500: system.cpu: T0 : 0x16ff0    : c_ld a5, 24(a5)            : MemRead :  D=0x0000000000000000 A=0x7a9e0
8015500: system.cpu: T0 : 0x16ff2    : sd a5, -976(s0)            : MemWrite :  D=0x0000000000000000 A=0x7ffffffffffffa20
8016500: system.cpu: T0 : 0x16ff6    : auipc a5, 99               : IntAlu :  D=0x0000000000079ff6
8017500: system.cpu: T0 : 0x16ffa    : ld a5, -1982(a5)           : MemRead :  D=0x000000000007a9c8 A=0x79838
8018000: system.cpu: T0 : 0x16ffe    : c_ld a5, 0(a5)             : MemRead :  D=0x0000000000000000 A=0x7a9c8
8018500: system.cpu: T0 : 0x17000    : sd a5, -968(s0)            : MemWrite :  D=0x0000000000000000 A=0x7ffffffffffffa28
8019000: system.cpu: T0 : 0x17004    : ld a4, -968(s0)            : MemRead :  D=0x0000000000000000 A=0x7ffffffffffffa28
8019500: system.cpu: T0 : 0x17008    : ld a5, -976(s0)            : MemRead :  D=0x0000000000000000 A=0x7ffffffffffffa20
8020000: system.cpu: T0 : 0x1700c    : bge a5, a4, 172            : IntAlu : 
8020500: system.cpu: T0 : 0x170b8    : auipc a5, 97               : IntAlu :  D=0x00000000000780b8
8021000: system.cpu: T0 : 0x170bc    : addi a5, a5, -180          : IntAlu :  D=0x0000000000078004
8021500: system.cpu: T0 : 0x170c0    : c_lw a5, 0(a5)             : MemRead :  D=0x0000000000000005 A=0x78004
8022000: system.cpu: T0 : 0x170c2    : c_addiw a5, 0              : IntAlu :  D=0x0000000000000005
8022500: system.cpu: T0 : 0x170c4    : c_mv a4, a5                : IntAlu :  D=0x0000000000000005
8023000: system.cpu: T0 : 0x170c6    : c_li a5, 4                 : IntAlu :  D=0x0000000000000004
8023500: system.cpu: T0 : 0x170c8    : bge a5, a4, 276            : IntAlu : 
8024000: system.cpu: T0 : 0x170cc    : addi a5, gp, -960          : IntAlu :  D=0x0000000000079c88
8024500: system.cpu: T0 : 0x170d0    : c_lw a5, 0(a5)             : MemRead :  D=0x0000000000000000 A=0x79c88
8025000: system.cpu: T0 : 0x170d2    : c_addiw a5, 0              : IntAlu :  D=0x0000000000000000
8025500: system.cpu: T0 : 0x170d4    : c_mv a4, a5                : IntAlu :  D=0x0000000000000000
8026000: system.cpu: T0 : 0x170d6    : c_li a5, 3                 : IntAlu :  D=0x0000000000000003
8026500: system.cpu: T0 : 0x170d8    : blt a5, a4, 260            : IntAlu : 
8027000: system.cpu: T0 : 0x170dc    : auipc a5, 98               : IntAlu :  D=0x00000000000790dc
8027500: system.cpu: T0 : 0x170e0    : ld a5, 1884(a5)            : MemRead :  D=0x000000000007a9c8 A=0x79838
8028000: system.cpu: T0 : 0x170e4    : c_ld a4, 0(a5)             : MemRead :  D=0x0000000000000000 A=0x7a9c8
8029000: system.cpu: T0 : 0x170e6    : auipc a5, 98               : IntAlu :  D=0x00000000000790e6
8030000: system.cpu: T0 : 0x170ea    : ld a5, 1874(a5)            : MemRead :  D=0x000000000007a9c8 A=0x79838
8030500: system.cpu: T0 : 0x170ee    : c_ld a5, 32(a5)            : MemRead :  D=0x0000000000000000 A=0x7a9e8
8031000: system.cpu: T0 : 0x170f0    : bne a4, a5, 236            : IntAlu : 
8031500: system.cpu: T0 : 0x170f4    : auipc a5, 98               : IntAlu :  D=0x00000000000790f4
8032000: system.cpu: T0 : 0x170f8    : ld a5, 1860(a5)            : MemRead :  D=0x000000000007a9c8 A=0x79838
8032500: system.cpu: T0 : 0x170fc    : c_ld a4, 0(a5)             : MemRead :  D=0x0000000000000000 A=0x7a9c8
8033500: system.cpu: T0 : 0x170fe    : auipc a5, 98               : IntAlu :  D=0x00000000000790fe
8034500: system.cpu: T0 : 0x17102    : ld a5, 1850(a5)            : MemRead :  D=0x000000000007a9c8 A=0x79838
8035000: system.cpu: T0 : 0x17106    : c_ld a5, 16(a5)            : MemRead :  D=0x0000000000000000 A=0x7a9d8
8035500: system.cpu: T0 : 0x17108    : bne a4, a5, 212            : IntAlu : 
8036000: system.cpu: T0 : 0x1710c    : auipc a5, 98               : IntAlu :  D=0x000000000007910c
8036500: system.cpu: T0 : 0x17110    : ld a5, 1836(a5)            : MemRead :  D=0x000000000007a9c8 A=0x79838
8037000: system.cpu: T0 : 0x17114    : c_ld a5, 24(a5)            : MemRead :  D=0x0000000000000000 A=0x7a9e0
8038000: system.cpu: T0 : 0x17116    : sd a5, -952(s0)            : MemWrite :  D=0x0000000000000000 A=0x7ffffffffffffa38
8039000: system.cpu: T0 : 0x1711a    : auipc a5, 98               : IntAlu :  D=0x000000000007911a
8040000: system.cpu: T0 : 0x1711e    : ld a5, 1822(a5)            : MemRead :  D=0x000000000007a9c8 A=0x79838
8040500: system.cpu: T0 : 0x17122    : c_ld a5, 0(a5)             : MemRead :  D=0x0000000000000000 A=0x7a9c8
8041000: system.cpu: T0 : 0x17124    : sd a5, -944(s0)            : MemWrite :  D=0x0000000000000000 A=0x7ffffffffffffa40
8041500: system.cpu: T0 : 0x17128    : ld a4, -944(s0)            : MemRead :  D=0x0000000000000000 A=0x7ffffffffffffa40
8042000: system.cpu: T0 : 0x1712c    : ld a5, -952(s0)            : MemRead :  D=0x0000000000000000 A=0x7ffffffffffffa38
8042500: system.cpu: T0 : 0x17130    : bge a5, a4, 172            : IntAlu : 
8043000: system.cpu: T0 : 0x171dc    : auipc a5, 97               : IntAlu :  D=0x00000000000781dc
8043500: system.cpu: T0 : 0x171e0    : addi a5, a5, -472          : IntAlu :  D=0x0000000000078004
8044000: system.cpu: T0 : 0x171e4    : c_lw a5, 0(a5)             : MemRead :  D=0x0000000000000005 A=0x78004
8044500: system.cpu: T0 : 0x171e6    : c_addiw a5, 0              : IntAlu :  D=0x0000000000000005
8045000: system.cpu: T0 : 0x171e8    : c_mv a4, a5                : IntAlu :  D=0x0000000000000005
8045500: system.cpu: T0 : 0x171ea    : c_li a5, 4                 : IntAlu :  D=0x0000000000000004
8046000: system.cpu: T0 : 0x171ec    : bge a5, a4, 276            : IntAlu : 
8046500: system.cpu: T0 : 0x171f0    : addi a5, gp, -960          : IntAlu :  D=0x0000000000079c88
8047000: system.cpu: T0 : 0x171f4    : c_lw a5, 0(a5)             : MemRead :  D=0x0000000000000000 A=0x79c88
8047500: system.cpu: T0 : 0x171f6    : c_addiw a5, 0              : IntAlu :  D=0x0000000000000000
8048000: system.cpu: T0 : 0x171f8    : c_mv a4, a5                : IntAlu :  D=0x0000000000000000
8048500: system.cpu: T0 : 0x171fa    : c_li a5, 3                 : IntAlu :  D=0x0000000000000003
8049000: system.cpu: T0 : 0x171fc    : blt a5, a4, 260            : IntAlu : 
8049500: system.cpu: T0 : 0x17200    : auipc a5, 98               : IntAlu :  D=0x0000000000079200
8050000: system.cpu: T0 : 0x17204    : ld a5, 1592(a5)            : MemRead :  D=0x000000000007a9c8 A=0x79838
8050500: system.cpu: T0 : 0x17208    : c_ld a4, 8(a5)             : MemRead :  D=0x0000000000000000 A=0x7a9d0
8051500: system.cpu: T0 : 0x1720a    : auipc a5, 98               : IntAlu :  D=0x000000000007920a
8052500: system.cpu: T0 : 0x1720e    : ld a5, 1582(a5)            : MemRead :  D=0x000000000007a9c8 A=0x79838
8053000: system.cpu: T0 : 0x17212    : c_ld a5, 0(a5)             : MemRead :  D=0x0000000000000000 A=0x7a9c8
8053500: system.cpu: T0 : 0x17214    : bne a4, a5, 236            : IntAlu : 
8054000: system.cpu: T0 : 0x17218    : auipc a5, 98               : IntAlu :  D=0x0000000000079218
8054500: system.cpu: T0 : 0x1721c    : ld a5, 1568(a5)            : MemRead :  D=0x000000000007a9c8 A=0x79838
8055000: system.cpu: T0 : 0x17220    : c_ld a4, 8(a5)             : MemRead :  D=0x0000000000000000 A=0x7a9d0
8056000: system.cpu: T0 : 0x17222    : auipc a5, 98               : IntAlu :  D=0x0000000000079222
8057000: system.cpu: T0 : 0x17226    : ld a5, 1558(a5)            : MemRead :  D=0x000000000007a9c8 A=0x79838
8057500: system.cpu: T0 : 0x1722a    : c_ld a5, 32(a5)            : MemRead :  D=0x0000000000000000 A=0x7a9e8
8058000: system.cpu: T0 : 0x1722c    : bne a4, a5, 212            : IntAlu : 
8058500: system.cpu: T0 : 0x17230    : auipc a5, 98               : IntAlu :  D=0x0000000000079230
8059000: system.cpu: T0 : 0x17234    : ld a5, 1544(a5)            : MemRead :  D=0x000000000007a9c8 A=0x79838
8059500: system.cpu: T0 : 0x17238    : c_ld a5, 24(a5)            : MemRead :  D=0x0000000000000000 A=0x7a9e0
8060500: system.cpu: T0 : 0x1723a    : sd a5, -928(s0)            : MemWrite :  D=0x0000000000000000 A=0x7ffffffffffffa50
8061500: system.cpu: T0 : 0x1723e    : auipc a5, 98               : IntAlu :  D=0x000000000007923e
8062500: system.cpu: T0 : 0x17242    : ld a5, 1530(a5)            : MemRead :  D=0x000000000007a9c8 A=0x79838
8063000: system.cpu: T0 : 0x17246    : c_ld a5, 8(a5)             : MemRead :  D=0x0000000000000000 A=0x7a9d0
8063500: system.cpu: T0 : 0x17248    : sd a5, -920(s0)            : MemWrite :  D=0x0000000000000000 A=0x7ffffffffffffa58
8064000: system.cpu: T0 : 0x1724c    : ld a4, -920(s0)            : MemRead :  D=0x0000000000000000 A=0x7ffffffffffffa58
8064500: system.cpu: T0 : 0x17250    : ld a5, -928(s0)            : MemRead :  D=0x0000000000000000 A=0x7ffffffffffffa50
8065000: system.cpu: T0 : 0x17254    : bge a5, a4, 172            : IntAlu : 
8065500: system.cpu: T0 : 0x17300    : auipc a5, 97               : IntAlu :  D=0x0000000000078300
8066000: system.cpu: T0 : 0x17304    : addi a5, a5, -764          : IntAlu :  D=0x0000000000078004
8066500: system.cpu: T0 : 0x17308    : c_lw a5, 0(a5)             : MemRead :  D=0x0000000000000005 A=0x78004
8067000: system.cpu: T0 : 0x1730a    : c_addiw a5, 0              : IntAlu :  D=0x0000000000000005
8067500: system.cpu: T0 : 0x1730c    : c_mv a4, a5                : IntAlu :  D=0x0000000000000005
8068000: system.cpu: T0 : 0x1730e    : c_li a5, 4                 : IntAlu :  D=0x0000000000000004
8068500: system.cpu: T0 : 0x17310    : bge a5, a4, 256            : IntAlu : 
8069000: system.cpu: T0 : 0x17314    : addi a5, gp, -960          : IntAlu :  D=0x0000000000079c88
8069500: system.cpu: T0 : 0x17318    : c_lw a5, 0(a5)             : MemRead :  D=0x0000000000000000 A=0x79c88
8070000: system.cpu: T0 : 0x1731a    : c_addiw a5, 0              : IntAlu :  D=0x0000000000000000
8070500: system.cpu: T0 : 0x1731c    : c_mv a4, a5                : IntAlu :  D=0x0000000000000000
8071000: system.cpu: T0 : 0x1731e    : c_li a5, 3                 : IntAlu :  D=0x0000000000000003
8071500: system.cpu: T0 : 0x17320    : blt a5, a4, 240            : IntAlu : 
8072000: system.cpu: T0 : 0x17324    : auipc a5, 98               : IntAlu :  D=0x0000000000079324
8072500: system.cpu: T0 : 0x17328    : ld a5, 1300(a5)            : MemRead :  D=0x000000000007a9c8 A=0x79838
8073000: system.cpu: T0 : 0x1732c    : c_ld a4, 8(a5)             : MemRead :  D=0x0000000000000000 A=0x7a9d0
8074000: system.cpu: T0 : 0x1732e    : auipc a5, 98               : IntAlu :  D=0x000000000007932e
8075000: system.cpu: T0 : 0x17332    : ld a5, 1290(a5)            : MemRead :  D=0x000000000007a9c8 A=0x79838
8075500: system.cpu: T0 : 0x17336    : c_ld a5, 16(a5)            : MemRead :  D=0x0000000000000000 A=0x7a9d8
8076000: system.cpu: T0 : 0x17338    : bne a4, a5, 216            : IntAlu : 
8076500: system.cpu: T0 : 0x1733c    : auipc a5, 98               : IntAlu :  D=0x000000000007933c
8077000: system.cpu: T0 : 0x17340    : ld a5, 1276(a5)            : MemRead :  D=0x000000000007a9c8 A=0x79838
8077500: system.cpu: T0 : 0x17344    : c_ld a4, 8(a5)             : MemRead :  D=0x0000000000000000 A=0x7a9d0
8078500: system.cpu: T0 : 0x17346    : auipc a5, 98               : IntAlu :  D=0x0000000000079346
8079500: system.cpu: T0 : 0x1734a    : ld a5, 1266(a5)            : MemRead :  D=0x000000000007a9c8 A=0x79838
8080000: system.cpu: T0 : 0x1734e    : c_ld a5, 32(a5)            : MemRead :  D=0x0000000000000000 A=0x7a9e8
8080500: system.cpu: T0 : 0x17350    : bne a4, a5, 192            : IntAlu : 
8081000: system.cpu: T0 : 0x17354    : auipc a5, 98               : IntAlu :  D=0x0000000000079354
8081500: system.cpu: T0 : 0x17358    : ld a5, 1252(a5)            : MemRead :  D=0x000000000007a9c8 A=0x79838
8082000: system.cpu: T0 : 0x1735c    : c_ld a5, 24(a5)            : MemRead :  D=0x0000000000000000 A=0x7a9e0
8083000: system.cpu: T0 : 0x1735e    : sd a5, -904(s0)            : MemWrite :  D=0x0000000000000000 A=0x7ffffffffffffa68
8084000: system.cpu: T0 : 0x17362    : auipc a5, 98               : IntAlu :  D=0x0000000000079362
8085000: system.cpu: T0 : 0x17366    : ld a5, 1238(a5)            : MemRead :  D=0x000000000007a9c8 A=0x79838
8085500: system.cpu: T0 : 0x1736a    : c_ld a5, 8(a5)             : MemRead :  D=0x0000000000000000 A=0x7a9d0
8086000: system.cpu: T0 : 0x1736c    : sd a5, -896(s0)            : MemWrite :  D=0x0000000000000000 A=0x7ffffffffffffa70
8086500: system.cpu: T0 : 0x17370    : ld a4, -896(s0)            : MemRead :  D=0x0000000000000000 A=0x7ffffffffffffa70
8087000: system.cpu: T0 : 0x17374    : ld a5, -904(s0)            : MemRead :  D=0x0000000000000000 A=0x7ffffffffffffa68
8087500: system.cpu: T0 : 0x17378    : bge a5, a4, 152            : IntAlu : 
8088000: system.cpu: T0 : 0x17410    : auipc a5, 97               : IntAlu :  D=0x0000000000078410
8088500: system.cpu: T0 : 0x17414    : addi a5, a5, -1036         : IntAlu :  D=0x0000000000078004
8089000: system.cpu: T0 : 0x17418    : c_lw a5, 0(a5)             : MemRead :  D=0x0000000000000005 A=0x78004
8089500: system.cpu: T0 : 0x1741a    : c_addiw a5, 0              : IntAlu :  D=0x0000000000000005
8090000: system.cpu: T0 : 0x1741c    : c_mv a4, a5                : IntAlu :  D=0x0000000000000005
8090500: system.cpu: T0 : 0x1741e    : c_li a5, 4                 : IntAlu :  D=0x0000000000000004
8091000: system.cpu: T0 : 0x17420    : bge a5, a4, 276            : IntAlu : 
8091500: system.cpu: T0 : 0x17424    : addi a5, gp, -960          : IntAlu :  D=0x0000000000079c88
8092000: system.cpu: T0 : 0x17428    : c_lw a5, 0(a5)             : MemRead :  D=0x0000000000000000 A=0x79c88
8092500: system.cpu: T0 : 0x1742a    : c_addiw a5, 0              : IntAlu :  D=0x0000000000000000
8093000: system.cpu: T0 : 0x1742c    : c_mv a4, a5                : IntAlu :  D=0x0000000000000000
8093500: system.cpu: T0 : 0x1742e    : c_li a5, 3                 : IntAlu :  D=0x0000000000000003
8094000: system.cpu: T0 : 0x17430    : blt a5, a4, 260            : IntAlu : 
8094500: system.cpu: T0 : 0x17434    : auipc a5, 98               : IntAlu :  D=0x0000000000079434
8095000: system.cpu: T0 : 0x17438    : ld a5, 1028(a5)            : MemRead :  D=0x000000000007a9c8 A=0x79838
8095500: system.cpu: T0 : 0x1743c    : c_ld a4, 8(a5)             : MemRead :  D=0x0000000000000000 A=0x7a9d0
8096500: system.cpu: T0 : 0x1743e    : auipc a5, 98               : IntAlu :  D=0x000000000007943e
8097500: system.cpu: T0 : 0x17442    : ld a5, 1018(a5)            : MemRead :  D=0x000000000007a9c8 A=0x79838
8098000: system.cpu: T0 : 0x17446    : c_ld a5, 32(a5)            : MemRead :  D=0x0000000000000000 A=0x7a9e8
8098500: system.cpu: T0 : 0x17448    : bne a4, a5, 236            : IntAlu : 
8099000: system.cpu: T0 : 0x1744c    : auipc a5, 98               : IntAlu :  D=0x000000000007944c
8099500: system.cpu: T0 : 0x17450    : ld a5, 1004(a5)            : MemRead :  D=0x000000000007a9c8 A=0x79838
8100000: system.cpu: T0 : 0x17454    : c_ld a4, 8(a5)             : MemRead :  D=0x0000000000000000 A=0x7a9d0
8101000: system.cpu: T0 : 0x17456    : auipc a5, 98               : IntAlu :  D=0x0000000000079456
8102000: system.cpu: T0 : 0x1745a    : ld a5, 994(a5)             : MemRead :  D=0x000000000007a9c8 A=0x79838
8102500: system.cpu: T0 : 0x1745e    : c_ld a5, 0(a5)             : MemRead :  D=0x0000000000000000 A=0x7a9c8
8103000: system.cpu: T0 : 0x17460    : bne a4, a5, 212            : IntAlu : 
8103500: system.cpu: T0 : 0x17464    : auipc a5, 98               : IntAlu :  D=0x0000000000079464
8104000: system.cpu: T0 : 0x17468    : ld a5, 980(a5)             : MemRead :  D=0x000000000007a9c8 A=0x79838
8104500: system.cpu: T0 : 0x1746c    : c_ld a5, 24(a5)            : MemRead :  D=0x0000000000000000 A=0x7a9e0
8105500: system.cpu: T0 : 0x1746e    : sd a5, -880(s0)            : MemWrite :  D=0x0000000000000000 A=0x7ffffffffffffa80
8106500: system.cpu: T0 : 0x17472    : auipc a5, 98               : IntAlu :  D=0x0000000000079472
8107500: system.cpu: T0 : 0x17476    : ld a5, 966(a5)             : MemRead :  D=0x000000000007a9c8 A=0x79838
8108000: system.cpu: T0 : 0x1747a    : c_ld a5, 8(a5)             : MemRead :  D=0x0000000000000000 A=0x7a9d0
8108500: system.cpu: T0 : 0x1747c    : sd a5, -872(s0)            : MemWrite :  D=0x0000000000000000 A=0x7ffffffffffffa88
8109000: system.cpu: T0 : 0x17480    : ld a4, -872(s0)            : MemRead :  D=0x0000000000000000 A=0x7ffffffffffffa88
8109500: system.cpu: T0 : 0x17484    : ld a5, -880(s0)            : MemRead :  D=0x0000000000000000 A=0x7ffffffffffffa80
8110000: system.cpu: T0 : 0x17488    : bge a5, a4, 172            : IntAlu : 
8110500: system.cpu: T0 : 0x17534    : auipc a5, 97               : IntAlu :  D=0x0000000000078534
8111000: system.cpu: T0 : 0x17538    : addi a5, a5, -1328         : IntAlu :  D=0x0000000000078004
8111500: system.cpu: T0 : 0x1753c    : c_lw a5, 0(a5)             : MemRead :  D=0x0000000000000005 A=0x78004
8112000: system.cpu: T0 : 0x1753e    : c_addiw a5, 0              : IntAlu :  D=0x0000000000000005
8112500: system.cpu: T0 : 0x17540    : c_mv a4, a5                : IntAlu :  D=0x0000000000000005
8113000: system.cpu: T0 : 0x17542    : c_li a5, 4                 : IntAlu :  D=0x0000000000000004
8113500: system.cpu: T0 : 0x17544    : bge a5, a4, 256            : IntAlu : 
8114000: system.cpu: T0 : 0x17548    : addi a5, gp, -960          : IntAlu :  D=0x0000000000079c88
8114500: system.cpu: T0 : 0x1754c    : c_lw a5, 0(a5)             : MemRead :  D=0x0000000000000000 A=0x79c88
8115000: system.cpu: T0 : 0x1754e    : c_addiw a5, 0              : IntAlu :  D=0x0000000000000000
8115500: system.cpu: T0 : 0x17550    : c_mv a4, a5                : IntAlu :  D=0x0000000000000000
8116000: system.cpu: T0 : 0x17552    : c_li a5, 3                 : IntAlu :  D=0x0000000000000003
8116500: system.cpu: T0 : 0x17554    : blt a5, a4, 240            : IntAlu : 
8117000: system.cpu: T0 : 0x17558    : auipc a5, 98               : IntAlu :  D=0x0000000000079558
8117500: system.cpu: T0 : 0x1755c    : ld a5, 736(a5)             : MemRead :  D=0x000000000007a9c8 A=0x79838
8118000: system.cpu: T0 : 0x17560    : c_ld a4, 8(a5)             : MemRead :  D=0x0000000000000000 A=0x7a9d0
8119000: system.cpu: T0 : 0x17562    : auipc a5, 98               : IntAlu :  D=0x0000000000079562
8120000: system.cpu: T0 : 0x17566    : ld a5, 726(a5)             : MemRead :  D=0x000000000007a9c8 A=0x79838
8120500: system.cpu: T0 : 0x1756a    : c_ld a5, 32(a5)            : MemRead :  D=0x0000000000000000 A=0x7a9e8
8121000: system.cpu: T0 : 0x1756c    : bne a4, a5, 216            : IntAlu : 
8121500: system.cpu: T0 : 0x17570    : auipc a5, 98               : IntAlu :  D=0x0000000000079570
8122000: system.cpu: T0 : 0x17574    : ld a5, 712(a5)             : MemRead :  D=0x000000000007a9c8 A=0x79838
8122500: system.cpu: T0 : 0x17578    : c_ld a4, 8(a5)             : MemRead :  D=0x0000000000000000 A=0x7a9d0
8123500: system.cpu: T0 : 0x1757a    : auipc a5, 98               : IntAlu :  D=0x000000000007957a
8124500: system.cpu: T0 : 0x1757e    : ld a5, 702(a5)             : MemRead :  D=0x000000000007a9c8 A=0x79838
8125000: system.cpu: T0 : 0x17582    : c_ld a5, 16(a5)            : MemRead :  D=0x0000000000000000 A=0x7a9d8
8125500: system.cpu: T0 : 0x17584    : bne a4, a5, 192            : IntAlu : 
8126000: system.cpu: T0 : 0x17588    : auipc a5, 98               : IntAlu :  D=0x0000000000079588
8126500: system.cpu: T0 : 0x1758c    : ld a5, 688(a5)             : MemRead :  D=0x000000000007a9c8 A=0x79838
8127000: system.cpu: T0 : 0x17590    : c_ld a5, 24(a5)            : MemRead :  D=0x0000000000000000 A=0x7a9e0
8128000: system.cpu: T0 : 0x17592    : sd a5, -856(s0)            : MemWrite :  D=0x0000000000000000 A=0x7ffffffffffffa98
8129000: system.cpu: T0 : 0x17596    : auipc a5, 98               : IntAlu :  D=0x0000000000079596
8130000: system.cpu: T0 : 0x1759a    : ld a5, 674(a5)             : MemRead :  D=0x000000000007a9c8 A=0x79838
8130500: system.cpu: T0 : 0x1759e    : c_ld a5, 8(a5)             : MemRead :  D=0x0000000000000000 A=0x7a9d0
8131000: system.cpu: T0 : 0x175a0    : sd a5, -848(s0)            : MemWrite :  D=0x0000000000000000 A=0x7ffffffffffffaa0
8131500: system.cpu: T0 : 0x175a4    : ld a4, -848(s0)            : MemRead :  D=0x0000000000000000 A=0x7ffffffffffffaa0
8132000: system.cpu: T0 : 0x175a8    : ld a5, -856(s0)            : MemRead :  D=0x0000000000000000 A=0x7ffffffffffffa98
8132500: system.cpu: T0 : 0x175ac    : bge a5, a4, 152            : IntAlu : 
8133000: system.cpu: T0 : 0x17644    : auipc a5, 97               : IntAlu :  D=0x0000000000078644
8133500: system.cpu: T0 : 0x17648    : addi a5, a5, -1600         : IntAlu :  D=0x0000000000078004
8134000: system.cpu: T0 : 0x1764c    : c_lw a5, 0(a5)             : MemRead :  D=0x0000000000000005 A=0x78004
8134500: system.cpu: T0 : 0x1764e    : c_addiw a5, 0              : IntAlu :  D=0x0000000000000005
8135000: system.cpu: T0 : 0x17650    : c_mv a4, a5                : IntAlu :  D=0x0000000000000005
8135500: system.cpu: T0 : 0x17652    : c_li a5, 4                 : IntAlu :  D=0x0000000000000004
8136000: system.cpu: T0 : 0x17654    : bge a5, a4, 276            : IntAlu : 
8136500: system.cpu: T0 : 0x17658    : addi a5, gp, -960          : IntAlu :  D=0x0000000000079c88
8137000: system.cpu: T0 : 0x1765c    : c_lw a5, 0(a5)             : MemRead :  D=0x0000000000000000 A=0x79c88
8137500: system.cpu: T0 : 0x1765e    : c_addiw a5, 0              : IntAlu :  D=0x0000000000000000
8138000: system.cpu: T0 : 0x17660    : c_mv a4, a5                : IntAlu :  D=0x0000000000000000
8138500: system.cpu: T0 : 0x17662    : c_li a5, 3                 : IntAlu :  D=0x0000000000000003
8139000: system.cpu: T0 : 0x17664    : blt a5, a4, 260            : IntAlu : 
8139500: system.cpu: T0 : 0x17668    : auipc a5, 98               : IntAlu :  D=0x0000000000079668
8140000: system.cpu: T0 : 0x1766c    : ld a5, 464(a5)             : MemRead :  D=0x000000000007a9c8 A=0x79838
8140500: system.cpu: T0 : 0x17670    : c_ld a4, 16(a5)            : MemRead :  D=0x0000000000000000 A=0x7a9d8
8141500: system.cpu: T0 : 0x17672    : auipc a5, 98               : IntAlu :  D=0x0000000000079672
8142500: system.cpu: T0 : 0x17676    : ld a5, 454(a5)             : MemRead :  D=0x000000000007a9c8 A=0x79838
8143000: system.cpu: T0 : 0x1767a    : c_ld a5, 0(a5)             : MemRead :  D=0x0000000000000000 A=0x7a9c8
8143500: system.cpu: T0 : 0x1767c    : bne a4, a5, 236            : IntAlu : 
8144000: system.cpu: T0 : 0x17680    : auipc a5, 98               : IntAlu :  D=0x0000000000079680
8144500: system.cpu: T0 : 0x17684    : ld a5, 440(a5)             : MemRead :  D=0x000000000007a9c8 A=0x79838
8145000: system.cpu: T0 : 0x17688    : c_ld a4, 16(a5)            : MemRead :  D=0x0000000000000000 A=0x7a9d8
8146000: system.cpu: T0 : 0x1768a    : auipc a5, 98               : IntAlu :  D=0x000000000007968a
8147000: system.cpu: T0 : 0x1768e    : ld a5, 430(a5)             : MemRead :  D=0x000000000007a9c8 A=0x79838
8147500: system.cpu: T0 : 0x17692    : c_ld a5, 32(a5)            : MemRead :  D=0x0000000000000000 A=0x7a9e8
8148000: system.cpu: T0 : 0x17694    : bne a4, a5, 212            : IntAlu : 
8148500: system.cpu: T0 : 0x17698    : auipc a5, 98               : IntAlu :  D=0x0000000000079698
8149000: system.cpu: T0 : 0x1769c    : ld a5, 416(a5)             : MemRead :  D=0x000000000007a9c8 A=0x79838
8149500: system.cpu: T0 : 0x176a0    : c_ld a5, 24(a5)            : MemRead :  D=0x0000000000000000 A=0x7a9e0
8150500: system.cpu: T0 : 0x176a2    : sd a5, -832(s0)            : MemWrite :  D=0x0000000000000000 A=0x7ffffffffffffab0
8151500: system.cpu: T0 : 0x176a6    : auipc a5, 98               : IntAlu :  D=0x00000000000796a6
8152500: system.cpu: T0 : 0x176aa    : ld a5, 402(a5)             : MemRead :  D=0x000000000007a9c8 A=0x79838
8153000: system.cpu: T0 : 0x176ae    : c_ld a5, 16(a5)            : MemRead :  D=0x0000000000000000 A=0x7a9d8
8153500: system.cpu: T0 : 0x176b0    : sd a5, -824(s0)            : MemWrite :  D=0x0000000000000000 A=0x7ffffffffffffab8
8154000: system.cpu: T0 : 0x176b4    : ld a4, -824(s0)            : MemRead :  D=0x0000000000000000 A=0x7ffffffffffffab8
8154500: system.cpu: T0 : 0x176b8    : ld a5, -832(s0)            : MemRead :  D=0x0000000000000000 A=0x7ffffffffffffab0
8155000: system.cpu: T0 : 0x176bc    : bge a5, a4, 172            : IntAlu : 
8155500: system.cpu: T0 : 0x17768    : auipc a5, 97               : IntAlu :  D=0x0000000000078768
8156000: system.cpu: T0 : 0x1776c    : addi a5, a5, -1892         : IntAlu :  D=0x0000000000078004
8156500: system.cpu: T0 : 0x17770    : c_lw a5, 0(a5)             : MemRead :  D=0x0000000000000005 A=0x78004
8157000: system.cpu: T0 : 0x17772    : c_addiw a5, 0              : IntAlu :  D=0x0000000000000005
8157500: system.cpu: T0 : 0x17774    : c_mv a4, a5                : IntAlu :  D=0x0000000000000005
8158000: system.cpu: T0 : 0x17776    : c_li a5, 4                 : IntAlu :  D=0x0000000000000004
8158500: system.cpu: T0 : 0x17778    : bge a5, a4, 256            : IntAlu : 
8159000: system.cpu: T0 : 0x1777c    : addi a5, gp, -960          : IntAlu :  D=0x0000000000079c88
8159500: system.cpu: T0 : 0x17780    : c_lw a5, 0(a5)             : MemRead :  D=0x0000000000000000 A=0x79c88
8160000: system.cpu: T0 : 0x17782    : c_addiw a5, 0              : IntAlu :  D=0x0000000000000000
8160500: system.cpu: T0 : 0x17784    : c_mv a4, a5                : IntAlu :  D=0x0000000000000000
8161000: system.cpu: T0 : 0x17786    : c_li a5, 3                 : IntAlu :  D=0x0000000000000003
8161500: system.cpu: T0 : 0x17788    : blt a5, a4, 240            : IntAlu : 
8162000: system.cpu: T0 : 0x1778c    : auipc a5, 98               : IntAlu :  D=0x000000000007978c
8162500: system.cpu: T0 : 0x17790    : ld a5, 172(a5)             : MemRead :  D=0x000000000007a9c8 A=0x79838
8163000: system.cpu: T0 : 0x17794    : c_ld a4, 16(a5)            : MemRead :  D=0x0000000000000000 A=0x7a9d8
8164000: system.cpu: T0 : 0x17796    : auipc a5, 98               : IntAlu :  D=0x0000000000079796
8165000: system.cpu: T0 : 0x1779a    : ld a5, 162(a5)             : MemRead :  D=0x000000000007a9c8 A=0x79838
8165500: system.cpu: T0 : 0x1779e    : c_ld a5, 8(a5)             : MemRead :  D=0x0000000000000000 A=0x7a9d0
8166000: system.cpu: T0 : 0x177a0    : bne a4, a5, 216            : IntAlu : 
8166500: system.cpu: T0 : 0x177a4    : auipc a5, 98               : IntAlu :  D=0x00000000000797a4
8167000: system.cpu: T0 : 0x177a8    : ld a5, 148(a5)             : MemRead :  D=0x000000000007a9c8 A=0x79838
8167500: system.cpu: T0 : 0x177ac    : c_ld a4, 16(a5)            : MemRead :  D=0x0000000000000000 A=0x7a9d8
8168500: system.cpu: T0 : 0x177ae    : auipc a5, 98               : IntAlu :  D=0x00000000000797ae
8169500: system.cpu: T0 : 0x177b2    : ld a5, 138(a5)             : MemRead :  D=0x000000000007a9c8 A=0x79838
8170000: system.cpu: T0 : 0x177b6    : c_ld a5, 32(a5)            : MemRead :  D=0x0000000000000000 A=0x7a9e8
8170500: system.cpu: T0 : 0x177b8    : bne a4, a5, 192            : IntAlu : 
8171000: system.cpu: T0 : 0x177bc    : auipc a5, 98               : IntAlu :  D=0x00000000000797bc
8171500: system.cpu: T0 : 0x177c0    : ld a5, 124(a5)             : MemRead :  D=0x000000000007a9c8 A=0x79838
8172000: system.cpu: T0 : 0x177c4    : c_ld a5, 24(a5)            : MemRead :  D=0x0000000000000000 A=0x7a9e0
8173000: system.cpu: T0 : 0x177c6    : sd a5, -808(s0)            : MemWrite :  D=0x0000000000000000 A=0x7ffffffffffffac8
8174000: system.cpu: T0 : 0x177ca    : auipc a5, 98               : IntAlu :  D=0x00000000000797ca
8175000: system.cpu: T0 : 0x177ce    : ld a5, 110(a5)             : MemRead :  D=0x000000000007a9c8 A=0x79838
8175500: system.cpu: T0 : 0x177d2    : c_ld a5, 16(a5)            : MemRead :  D=0x0000000000000000 A=0x7a9d8
8176000: system.cpu: T0 : 0x177d4    : sd a5, -800(s0)            : MemWrite :  D=0x0000000000000000 A=0x7ffffffffffffad0
8176500: system.cpu: T0 : 0x177d8    : ld a4, -800(s0)            : MemRead :  D=0x0000000000000000 A=0x7ffffffffffffad0
8177000: system.cpu: T0 : 0x177dc    : ld a5, -808(s0)            : MemRead :  D=0x0000000000000000 A=0x7ffffffffffffac8
8177500: system.cpu: T0 : 0x177e0    : bge a5, a4, 152            : IntAlu : 
8178000: system.cpu: T0 : 0x17878    : auipc a5, 96               : IntAlu :  D=0x0000000000077878
8178500: system.cpu: T0 : 0x1787c    : addi a5, a5, 1932          : IntAlu :  D=0x0000000000078004
8179000: system.cpu: T0 : 0x17880    : c_lw a5, 0(a5)             : MemRead :  D=0x0000000000000005 A=0x78004
8179500: system.cpu: T0 : 0x17882    : c_addiw a5, 0              : IntAlu :  D=0x0000000000000005
8180000: system.cpu: T0 : 0x17884    : c_mv a4, a5                : IntAlu :  D=0x0000000000000005
8180500: system.cpu: T0 : 0x17886    : c_li a5, 4                 : IntAlu :  D=0x0000000000000004
8181000: system.cpu: T0 : 0x17888    : bge a5, a4, 276            : IntAlu : 
8181500: system.cpu: T0 : 0x1788c    : addi a5, gp, -960          : IntAlu :  D=0x0000000000079c88
8182000: system.cpu: T0 : 0x17890    : c_lw a5, 0(a5)             : MemRead :  D=0x0000000000000000 A=0x79c88
8182500: system.cpu: T0 : 0x17892    : c_addiw a5, 0              : IntAlu :  D=0x0000000000000000
8183000: system.cpu: T0 : 0x17894    : c_mv a4, a5                : IntAlu :  D=0x0000000000000000
8183500: system.cpu: T0 : 0x17896    : c_li a5, 3                 : IntAlu :  D=0x0000000000000003
8184000: system.cpu: T0 : 0x17898    : blt a5, a4, 260            : IntAlu : 
8184500: system.cpu: T0 : 0x1789c    : auipc a5, 98               : IntAlu :  D=0x000000000007989c
8185000: system.cpu: T0 : 0x178a0    : ld a5, -100(a5)            : MemRead :  D=0x000000000007a9c8 A=0x79838
8185500: system.cpu: T0 : 0x178a4    : c_ld a4, 16(a5)            : MemRead :  D=0x0000000000000000 A=0x7a9d8
8186500: system.cpu: T0 : 0x178a6    : auipc a5, 98               : IntAlu :  D=0x00000000000798a6
8187500: system.cpu: T0 : 0x178aa    : ld a5, -110(a5)            : MemRead :  D=0x000000000007a9c8 A=0x79838
8188000: system.cpu: T0 : 0x178ae    : c_ld a5, 32(a5)            : MemRead :  D=0x0000000000000000 A=0x7a9e8
8188500: system.cpu: T0 : 0x178b0    : bne a4, a5, 236            : IntAlu : 
8189000: system.cpu: T0 : 0x178b4    : auipc a5, 98               : IntAlu :  D=0x00000000000798b4
8189500: system.cpu: T0 : 0x178b8    : ld a5, -124(a5)            : MemRead :  D=0x000000000007a9c8 A=0x79838
8190000: system.cpu: T0 : 0x178bc    : c_ld a4, 16(a5)            : MemRead :  D=0x0000000000000000 A=0x7a9d8
8191000: system.cpu: T0 : 0x178be    : auipc a5, 98               : IntAlu :  D=0x00000000000798be
8192000: system.cpu: T0 : 0x178c2    : ld a5, -134(a5)            : MemRead :  D=0x000000000007a9c8 A=0x79838
8192500: system.cpu: T0 : 0x178c6    : c_ld a5, 0(a5)             : MemRead :  D=0x0000000000000000 A=0x7a9c8
8193000: system.cpu: T0 : 0x178c8    : bne a4, a5, 212            : IntAlu : 
8193500: system.cpu: T0 : 0x178cc    : auipc a5, 98               : IntAlu :  D=0x00000000000798cc
8194000: system.cpu: T0 : 0x178d0    : ld a5, -148(a5)            : MemRead :  D=0x000000000007a9c8 A=0x79838
8194500: system.cpu: T0 : 0x178d4    : c_ld a5, 24(a5)            : MemRead :  D=0x0000000000000000 A=0x7a9e0
8195500: system.cpu: T0 : 0x178d6    : sd a5, -784(s0)            : MemWrite :  D=0x0000000000000000 A=0x7ffffffffffffae0
8196500: system.cpu: T0 : 0x178da    : auipc a5, 98               : IntAlu :  D=0x00000000000798da
8197500: system.cpu: T0 : 0x178de    : ld a5, -162(a5)            : MemRead :  D=0x000000000007a9c8 A=0x79838
8198000: system.cpu: T0 : 0x178e2    : c_ld a5, 16(a5)            : MemRead :  D=0x0000000000000000 A=0x7a9d8
8198500: system.cpu: T0 : 0x178e4    : sd a5, -776(s0)            : MemWrite :  D=0x0000000000000000 A=0x7ffffffffffffae8
8199000: system.cpu: T0 : 0x178e8    : ld a4, -776(s0)            : MemRead :  D=0x0000000000000000 A=0x7ffffffffffffae8
8199500: system.cpu: T0 : 0x178ec    : ld a5, -784(s0)            : MemRead :  D=0x0000000000000000 A=0x7ffffffffffffae0
8200000: system.cpu: T0 : 0x178f0    : bge a5, a4, 172            : IntAlu : 
8200500: system.cpu: T0 : 0x1799c    : auipc a5, 96               : IntAlu :  D=0x000000000007799c
8201000: system.cpu: T0 : 0x179a0    : addi a5, a5, 1640          : IntAlu :  D=0x0000000000078004
8201500: system.cpu: T0 : 0x179a4    : c_lw a5, 0(a5)             : MemRead :  D=0x0000000000000005 A=0x78004
8202000: system.cpu: T0 : 0x179a6    : c_addiw a5, 0              : IntAlu :  D=0x0000000000000005
8202500: system.cpu: T0 : 0x179a8    : c_mv a4, a5                : IntAlu :  D=0x0000000000000005
8203000: system.cpu: T0 : 0x179aa    : c_li a5, 4                 : IntAlu :  D=0x0000000000000004
8203500: system.cpu: T0 : 0x179ac    : bge a5, a4, 256            : IntAlu : 
8204000: system.cpu: T0 : 0x179b0    : addi a5, gp, -960          : IntAlu :  D=0x0000000000079c88
8204500: system.cpu: T0 : 0x179b4    : c_lw a5, 0(a5)             : MemRead :  D=0x0000000000000000 A=0x79c88
8205000: system.cpu: T0 : 0x179b6    : c_addiw a5, 0              : IntAlu :  D=0x0000000000000000
8205500: system.cpu: T0 : 0x179b8    : c_mv a4, a5                : IntAlu :  D=0x0000000000000000
8206000: system.cpu: T0 : 0x179ba    : c_li a5, 3                 : IntAlu :  D=0x0000000000000003
8206500: system.cpu: T0 : 0x179bc    : blt a5, a4, 240            : IntAlu : 
8207000: system.cpu: T0 : 0x179c0    : auipc a5, 98               : IntAlu :  D=0x00000000000799c0
8207500: system.cpu: T0 : 0x179c4    : ld a5, -392(a5)            : MemRead :  D=0x000000000007a9c8 A=0x79838
8208000: system.cpu: T0 : 0x179c8    : c_ld a4, 16(a5)            : MemRead :  D=0x0000000000000000 A=0x7a9d8
8209000: system.cpu: T0 : 0x179ca    : auipc a5, 98               : IntAlu :  D=0x00000000000799ca
8210000: system.cpu: T0 : 0x179ce    : ld a5, -402(a5)            : MemRead :  D=0x000000000007a9c8 A=0x79838
8210500: system.cpu: T0 : 0x179d2    : c_ld a5, 32(a5)            : MemRead :  D=0x0000000000000000 A=0x7a9e8
8211000: system.cpu: T0 : 0x179d4    : bne a4, a5, 216            : IntAlu : 
8211500: system.cpu: T0 : 0x179d8    : auipc a5, 98               : IntAlu :  D=0x00000000000799d8
8212000: system.cpu: T0 : 0x179dc    : ld a5, -416(a5)            : MemRead :  D=0x000000000007a9c8 A=0x79838
8212500: system.cpu: T0 : 0x179e0    : c_ld a4, 16(a5)            : MemRead :  D=0x0000000000000000 A=0x7a9d8
8213500: system.cpu: T0 : 0x179e2    : auipc a5, 98               : IntAlu :  D=0x00000000000799e2
8214500: system.cpu: T0 : 0x179e6    : ld a5, -426(a5)            : MemRead :  D=0x000000000007a9c8 A=0x79838
8215000: system.cpu: T0 : 0x179ea    : c_ld a5, 8(a5)             : MemRead :  D=0x0000000000000000 A=0x7a9d0
8215500: system.cpu: T0 : 0x179ec    : bne a4, a5, 192            : IntAlu : 
8216000: system.cpu: T0 : 0x179f0    : auipc a5, 98               : IntAlu :  D=0x00000000000799f0
8216500: system.cpu: T0 : 0x179f4    : ld a5, -440(a5)            : MemRead :  D=0x000000000007a9c8 A=0x79838
8217000: system.cpu: T0 : 0x179f8    : c_ld a5, 24(a5)            : MemRead :  D=0x0000000000000000 A=0x7a9e0
8218000: system.cpu: T0 : 0x179fa    : sd a5, -760(s0)            : MemWrite :  D=0x0000000000000000 A=0x7ffffffffffffaf8
8219000: system.cpu: T0 : 0x179fe    : auipc a5, 98               : IntAlu :  D=0x00000000000799fe
8220000: system.cpu: T0 : 0x17a02    : ld a5, -454(a5)            : MemRead :  D=0x000000000007a9c8 A=0x79838
8220500: system.cpu: T0 : 0x17a06    : c_ld a5, 16(a5)            : MemRead :  D=0x0000000000000000 A=0x7a9d8
8221000: system.cpu: T0 : 0x17a08    : sd a5, -752(s0)            : MemWrite :  D=0x0000000000000000 A=0x7ffffffffffffb00
8221500: system.cpu: T0 : 0x17a0c    : ld a4, -752(s0)            : MemRead :  D=0x0000000000000000 A=0x7ffffffffffffb00
8222000: system.cpu: T0 : 0x17a10    : ld a5, -760(s0)            : MemRead :  D=0x0000000000000000 A=0x7ffffffffffffaf8
8222500: system.cpu: T0 : 0x17a14    : bge a5, a4, 152            : IntAlu : 
8223000: system.cpu: T0 : 0x17aac    : auipc a5, 96               : IntAlu :  D=0x0000000000077aac
8223500: system.cpu: T0 : 0x17ab0    : addi a5, a5, 1368          : IntAlu :  D=0x0000000000078004
8224000: system.cpu: T0 : 0x17ab4    : c_lw a5, 0(a5)             : MemRead :  D=0x0000000000000005 A=0x78004
8224500: system.cpu: T0 : 0x17ab6    : c_addiw a5, 0              : IntAlu :  D=0x0000000000000005
8225000: system.cpu: T0 : 0x17ab8    : c_mv a4, a5                : IntAlu :  D=0x0000000000000005
8225500: system.cpu: T0 : 0x17aba    : c_li a5, 4                 : IntAlu :  D=0x0000000000000004
8226000: system.cpu: T0 : 0x17abc    : bge a5, a4, 276            : IntAlu : 
8226500: system.cpu: T0 : 0x17ac0    : addi a5, gp, -960          : IntAlu :  D=0x0000000000079c88
8227000: system.cpu: T0 : 0x17ac4    : c_lw a5, 0(a5)             : MemRead :  D=0x0000000000000000 A=0x79c88
8227500: system.cpu: T0 : 0x17ac6    : c_addiw a5, 0              : IntAlu :  D=0x0000000000000000
8228000: system.cpu: T0 : 0x17ac8    : c_mv a4, a5                : IntAlu :  D=0x0000000000000000
8228500: system.cpu: T0 : 0x17aca    : c_li a5, 3                 : IntAlu :  D=0x0000000000000003
8229000: system.cpu: T0 : 0x17acc    : blt a5, a4, 260            : IntAlu : 
8229500: system.cpu: T0 : 0x17ad0    : auipc a5, 98               : IntAlu :  D=0x0000000000079ad0
8230000: system.cpu: T0 : 0x17ad4    : ld a5, -664(a5)            : MemRead :  D=0x000000000007a9c8 A=0x79838
8230500: system.cpu: T0 : 0x17ad8    : c_ld a4, 32(a5)            : MemRead :  D=0x0000000000000000 A=0x7a9e8
8231500: system.cpu: T0 : 0x17ada    : auipc a5, 98               : IntAlu :  D=0x0000000000079ada
8232500: system.cpu: T0 : 0x17ade    : ld a5, -674(a5)            : MemRead :  D=0x000000000007a9c8 A=0x79838
8233000: system.cpu: T0 : 0x17ae2    : c_ld a5, 0(a5)             : MemRead :  D=0x0000000000000000 A=0x7a9c8
8233500: system.cpu: T0 : 0x17ae4    : bne a4, a5, 236            : IntAlu : 
8234000: system.cpu: T0 : 0x17ae8    : auipc a5, 98               : IntAlu :  D=0x0000000000079ae8
8234500: system.cpu: T0 : 0x17aec    : ld a5, -688(a5)            : MemRead :  D=0x000000000007a9c8 A=0x79838
8235000: system.cpu: T0 : 0x17af0    : c_ld a4, 32(a5)            : MemRead :  D=0x0000000000000000 A=0x7a9e8
8236000: system.cpu: T0 : 0x17af2    : auipc a5, 98               : IntAlu :  D=0x0000000000079af2
8237000: system.cpu: T0 : 0x17af6    : ld a5, -698(a5)            : MemRead :  D=0x000000000007a9c8 A=0x79838
8237500: system.cpu: T0 : 0x17afa    : c_ld a5, 8(a5)             : MemRead :  D=0x0000000000000000 A=0x7a9d0
8238000: system.cpu: T0 : 0x17afc    : bne a4, a5, 212            : IntAlu : 
8238500: system.cpu: T0 : 0x17b00    : auipc a5, 98               : IntAlu :  D=0x0000000000079b00
8239000: system.cpu: T0 : 0x17b04    : ld a5, -712(a5)            : MemRead :  D=0x000000000007a9c8 A=0x79838
8239500: system.cpu: T0 : 0x17b08    : c_ld a5, 24(a5)            : MemRead :  D=0x0000000000000000 A=0x7a9e0
8240500: system.cpu: T0 : 0x17b0a    : sd a5, -736(s0)            : MemWrite :  D=0x0000000000000000 A=0x7ffffffffffffb10
8241500: system.cpu: T0 : 0x17b0e    : auipc a5, 98               : IntAlu :  D=0x0000000000079b0e
8242500: system.cpu: T0 : 0x17b12    : ld a5, -726(a5)            : MemRead :  D=0x000000000007a9c8 A=0x79838
8243000: system.cpu: T0 : 0x17b16    : c_ld a5, 32(a5)            : MemRead :  D=0x0000000000000000 A=0x7a9e8
8243500: system.cpu: T0 : 0x17b18    : sd a5, -728(s0)            : MemWrite :  D=0x0000000000000000 A=0x7ffffffffffffb18
8244000: system.cpu: T0 : 0x17b1c    : ld a4, -728(s0)            : MemRead :  D=0x0000000000000000 A=0x7ffffffffffffb18
8244500: system.cpu: T0 : 0x17b20    : ld a5, -736(s0)            : MemRead :  D=0x0000000000000000 A=0x7ffffffffffffb10
8245000: system.cpu: T0 : 0x17b24    : bge a5, a4, 172            : IntAlu : 
8245500: system.cpu: T0 : 0x17bd0    : auipc a5, 96               : IntAlu :  D=0x0000000000077bd0
8246000: system.cpu: T0 : 0x17bd4    : addi a5, a5, 1076          : IntAlu :  D=0x0000000000078004
8246500: system.cpu: T0 : 0x17bd8    : c_lw a5, 0(a5)             : MemRead :  D=0x0000000000000005 A=0x78004
8247000: system.cpu: T0 : 0x17bda    : c_addiw a5, 0              : IntAlu :  D=0x0000000000000005
8247500: system.cpu: T0 : 0x17bdc    : c_mv a4, a5                : IntAlu :  D=0x0000000000000005
8248000: system.cpu: T0 : 0x17bde    : c_li a5, 4                 : IntAlu :  D=0x0000000000000004
8248500: system.cpu: T0 : 0x17be0    : bge a5, a4, 276            : IntAlu : 
8249000: system.cpu: T0 : 0x17be4    : addi a5, gp, -960          : IntAlu :  D=0x0000000000079c88
8249500: system.cpu: T0 : 0x17be8    : c_lw a5, 0(a5)             : MemRead :  D=0x0000000000000000 A=0x79c88
8250000: system.cpu: T0 : 0x17bea    : c_addiw a5, 0              : IntAlu :  D=0x0000000000000000
8250500: system.cpu: T0 : 0x17bec    : c_mv a4, a5                : IntAlu :  D=0x0000000000000000
8251000: system.cpu: T0 : 0x17bee    : c_li a5, 3                 : IntAlu :  D=0x0000000000000003
8251500: system.cpu: T0 : 0x17bf0    : blt a5, a4, 260            : IntAlu : 
8252000: system.cpu: T0 : 0x17bf4    : auipc a5, 98               : IntAlu :  D=0x0000000000079bf4
8252500: system.cpu: T0 : 0x17bf8    : ld a5, -956(a5)            : MemRead :  D=0x000000000007a9c8 A=0x79838
8253000: system.cpu: T0 : 0x17bfc    : c_ld a4, 32(a5)            : MemRead :  D=0x0000000000000000 A=0x7a9e8
8254000: system.cpu: T0 : 0x17bfe    : auipc a5, 98               : IntAlu :  D=0x0000000000079bfe
8255000: system.cpu: T0 : 0x17c02    : ld a5, -966(a5)            : MemRead :  D=0x000000000007a9c8 A=0x79838
8255500: system.cpu: T0 : 0x17c06    : c_ld a5, 0(a5)             : MemRead :  D=0x0000000000000000 A=0x7a9c8
8256000: system.cpu: T0 : 0x17c08    : bne a4, a5, 236            : IntAlu : 
8256500: system.cpu: T0 : 0x17c0c    : auipc a5, 98               : IntAlu :  D=0x0000000000079c0c
8257000: system.cpu: T0 : 0x17c10    : ld a5, -980(a5)            : MemRead :  D=0x000000000007a9c8 A=0x79838
8257500: system.cpu: T0 : 0x17c14    : c_ld a4, 32(a5)            : MemRead :  D=0x0000000000000000 A=0x7a9e8
8258500: system.cpu: T0 : 0x17c16    : auipc a5, 98               : IntAlu :  D=0x0000000000079c16
8259500: system.cpu: T0 : 0x17c1a    : ld a5, -990(a5)            : MemRead :  D=0x000000000007a9c8 A=0x79838
8260000: system.cpu: T0 : 0x17c1e    : c_ld a5, 16(a5)            : MemRead :  D=0x0000000000000000 A=0x7a9d8
8260500: system.cpu: T0 : 0x17c20    : bne a4, a5, 212            : IntAlu : 
8261000: system.cpu: T0 : 0x17c24    : auipc a5, 98               : IntAlu :  D=0x0000000000079c24
8261500: system.cpu: T0 : 0x17c28    : ld a5, -1004(a5)           : MemRead :  D=0x000000000007a9c8 A=0x79838
8262000: system.cpu: T0 : 0x17c2c    : c_ld a5, 24(a5)            : MemRead :  D=0x0000000000000000 A=0x7a9e0
8263000: system.cpu: T0 : 0x17c2e    : sd a5, -712(s0)            : MemWrite :  D=0x0000000000000000 A=0x7ffffffffffffb28
8264000: system.cpu: T0 : 0x17c32    : auipc a5, 98               : IntAlu :  D=0x0000000000079c32
8265000: system.cpu: T0 : 0x17c36    : ld a5, -1018(a5)           : MemRead :  D=0x000000000007a9c8 A=0x79838
8265500: system.cpu: T0 : 0x17c3a    : c_ld a5, 32(a5)            : MemRead :  D=0x0000000000000000 A=0x7a9e8
8266000: system.cpu: T0 : 0x17c3c    : sd a5, -704(s0)            : MemWrite :  D=0x0000000000000000 A=0x7ffffffffffffb30
8266500: system.cpu: T0 : 0x17c40    : ld a4, -704(s0)            : MemRead :  D=0x0000000000000000 A=0x7ffffffffffffb30
8267000: system.cpu: T0 : 0x17c44    : ld a5, -712(s0)            : MemRead :  D=0x0000000000000000 A=0x7ffffffffffffb28
8267500: system.cpu: T0 : 0x17c48    : bge a5, a4, 172            : IntAlu : 
8268000: system.cpu: T0 : 0x17cf4    : auipc a5, 96               : IntAlu :  D=0x0000000000077cf4
8268500: system.cpu: T0 : 0x17cf8    : addi a5, a5, 784           : IntAlu :  D=0x0000000000078004
8269000: system.cpu: T0 : 0x17cfc    : c_lw a5, 0(a5)             : MemRead :  D=0x0000000000000005 A=0x78004
8269500: system.cpu: T0 : 0x17cfe    : c_addiw a5, 0              : IntAlu :  D=0x0000000000000005
8270000: system.cpu: T0 : 0x17d00    : c_mv a4, a5                : IntAlu :  D=0x0000000000000005
8270500: system.cpu: T0 : 0x17d02    : c_li a5, 4                 : IntAlu :  D=0x0000000000000004
8271000: system.cpu: T0 : 0x17d04    : bge a5, a4, 276            : IntAlu : 
8271500: system.cpu: T0 : 0x17d08    : addi a5, gp, -960          : IntAlu :  D=0x0000000000079c88
8272000: system.cpu: T0 : 0x17d0c    : c_lw a5, 0(a5)             : MemRead :  D=0x0000000000000000 A=0x79c88
8272500: system.cpu: T0 : 0x17d0e    : c_addiw a5, 0              : IntAlu :  D=0x0000000000000000
8273000: system.cpu: T0 : 0x17d10    : c_mv a4, a5                : IntAlu :  D=0x0000000000000000
8273500: system.cpu: T0 : 0x17d12    : c_li a5, 3                 : IntAlu :  D=0x0000000000000003
8274000: system.cpu: T0 : 0x17d14    : blt a5, a4, 260            : IntAlu : 
8274500: system.cpu: T0 : 0x17d18    : auipc a5, 98               : IntAlu :  D=0x0000000000079d18
8275000: system.cpu: T0 : 0x17d1c    : ld a5, -1248(a5)           : MemRead :  D=0x000000000007a9c8 A=0x79838
8275500: system.cpu: T0 : 0x17d20    : c_ld a4, 32(a5)            : MemRead :  D=0x0000000000000000 A=0x7a9e8
8276500: system.cpu: T0 : 0x17d22    : auipc a5, 98               : IntAlu :  D=0x0000000000079d22
8277500: system.cpu: T0 : 0x17d26    : ld a5, -1258(a5)           : MemRead :  D=0x000000000007a9c8 A=0x79838
8278000: system.cpu: T0 : 0x17d2a    : c_ld a5, 8(a5)             : MemRead :  D=0x0000000000000000 A=0x7a9d0
8278500: system.cpu: T0 : 0x17d2c    : bne a4, a5, 236            : IntAlu : 
8279000: system.cpu: T0 : 0x17d30    : auipc a5, 98               : IntAlu :  D=0x0000000000079d30
8279500: system.cpu: T0 : 0x17d34    : ld a5, -1272(a5)           : MemRead :  D=0x000000000007a9c8 A=0x79838
8280000: system.cpu: T0 : 0x17d38    : c_ld a4, 32(a5)            : MemRead :  D=0x0000000000000000 A=0x7a9e8
8281000: system.cpu: T0 : 0x17d3a    : auipc a5, 98               : IntAlu :  D=0x0000000000079d3a
8282000: system.cpu: T0 : 0x17d3e    : ld a5, -1282(a5)           : MemRead :  D=0x000000000007a9c8 A=0x79838
8282500: system.cpu: T0 : 0x17d42    : c_ld a5, 0(a5)             : MemRead :  D=0x0000000000000000 A=0x7a9c8
8283000: system.cpu: T0 : 0x17d44    : bne a4, a5, 212            : IntAlu : 
8283500: system.cpu: T0 : 0x17d48    : auipc a5, 98               : IntAlu :  D=0x0000000000079d48
8284000: system.cpu: T0 : 0x17d4c    : ld a5, -1296(a5)           : MemRead :  D=0x000000000007a9c8 A=0x79838
8284500: system.cpu: T0 : 0x17d50    : c_ld a5, 24(a5)            : MemRead :  D=0x0000000000000000 A=0x7a9e0
8285500: system.cpu: T0 : 0x17d52    : sd a5, -688(s0)            : MemWrite :  D=0x0000000000000000 A=0x7ffffffffffffb40
8286500: system.cpu: T0 : 0x17d56    : auipc a5, 98               : IntAlu :  D=0x0000000000079d56
8287500: system.cpu: T0 : 0x17d5a    : ld a5, -1310(a5)           : MemRead :  D=0x000000000007a9c8 A=0x79838
8288000: system.cpu: T0 : 0x17d5e    : c_ld a5, 32(a5)            : MemRead :  D=0x0000000000000000 A=0x7a9e8
8288500: system.cpu: T0 : 0x17d60    : sd a5, -680(s0)            : MemWrite :  D=0x0000000000000000 A=0x7ffffffffffffb48
8289000: system.cpu: T0 : 0x17d64    : ld a4, -680(s0)            : MemRead :  D=0x0000000000000000 A=0x7ffffffffffffb48
8289500: system.cpu: T0 : 0x17d68    : ld a5, -688(s0)            : MemRead :  D=0x0000000000000000 A=0x7ffffffffffffb40
8290000: system.cpu: T0 : 0x17d6c    : bge a5, a4, 172            : IntAlu : 
8290500: system.cpu: T0 : 0x17e18    : auipc a5, 96               : IntAlu :  D=0x0000000000077e18
8291000: system.cpu: T0 : 0x17e1c    : addi a5, a5, 492           : IntAlu :  D=0x0000000000078004
8291500: system.cpu: T0 : 0x17e20    : c_lw a5, 0(a5)             : MemRead :  D=0x0000000000000005 A=0x78004
8292000: system.cpu: T0 : 0x17e22    : c_addiw a5, 0              : IntAlu :  D=0x0000000000000005
8292500: system.cpu: T0 : 0x17e24    : c_mv a4, a5                : IntAlu :  D=0x0000000000000005
8293000: system.cpu: T0 : 0x17e26    : c_li a5, 4                 : IntAlu :  D=0x0000000000000004
8293500: system.cpu: T0 : 0x17e28    : bge a5, a4, 256            : IntAlu : 
8294000: system.cpu: T0 : 0x17e2c    : addi a5, gp, -960          : IntAlu :  D=0x0000000000079c88
8294500: system.cpu: T0 : 0x17e30    : c_lw a5, 0(a5)             : MemRead :  D=0x0000000000000000 A=0x79c88
8295000: system.cpu: T0 : 0x17e32    : c_addiw a5, 0              : IntAlu :  D=0x0000000000000000
8295500: system.cpu: T0 : 0x17e34    : c_mv a4, a5                : IntAlu :  D=0x0000000000000000
8296000: system.cpu: T0 : 0x17e36    : c_li a5, 3                 : IntAlu :  D=0x0000000000000003
8296500: system.cpu: T0 : 0x17e38    : blt a5, a4, 240            : IntAlu : 
8297000: system.cpu: T0 : 0x17e3c    : auipc a5, 98               : IntAlu :  D=0x0000000000079e3c
8297500: system.cpu: T0 : 0x17e40    : ld a5, -1540(a5)           : MemRead :  D=0x000000000007a9c8 A=0x79838
8298000: system.cpu: T0 : 0x17e44    : c_ld a4, 32(a5)            : MemRead :  D=0x0000000000000000 A=0x7a9e8
8299000: system.cpu: T0 : 0x17e46    : auipc a5, 98               : IntAlu :  D=0x0000000000079e46
8300000: system.cpu: T0 : 0x17e4a    : ld a5, -1550(a5)           : MemRead :  D=0x000000000007a9c8 A=0x79838
8300500: system.cpu: T0 : 0x17e4e    : c_ld a5, 8(a5)             : MemRead :  D=0x0000000000000000 A=0x7a9d0
8301000: system.cpu: T0 : 0x17e50    : bne a4, a5, 216            : IntAlu : 
8301500: system.cpu: T0 : 0x17e54    : auipc a5, 98               : IntAlu :  D=0x0000000000079e54
8302000: system.cpu: T0 : 0x17e58    : ld a5, -1564(a5)           : MemRead :  D=0x000000000007a9c8 A=0x79838
8302500: system.cpu: T0 : 0x17e5c    : c_ld a4, 32(a5)            : MemRead :  D=0x0000000000000000 A=0x7a9e8
8303500: system.cpu: T0 : 0x17e5e    : auipc a5, 98               : IntAlu :  D=0x0000000000079e5e
8304500: system.cpu: T0 : 0x17e62    : ld a5, -1574(a5)           : MemRead :  D=0x000000000007a9c8 A=0x79838
8305000: system.cpu: T0 : 0x17e66    : c_ld a5, 16(a5)            : MemRead :  D=0x0000000000000000 A=0x7a9d8
8305500: system.cpu: T0 : 0x17e68    : bne a4, a5, 192            : IntAlu : 
8306000: system.cpu: T0 : 0x17e6c    : auipc a5, 98               : IntAlu :  D=0x0000000000079e6c
8306500: system.cpu: T0 : 0x17e70    : ld a5, -1588(a5)           : MemRead :  D=0x000000000007a9c8 A=0x79838
8307000: system.cpu: T0 : 0x17e74    : c_ld a5, 24(a5)            : MemRead :  D=0x0000000000000000 A=0x7a9e0
8308000: system.cpu: T0 : 0x17e76    : sd a5, -664(s0)            : MemWrite :  D=0x0000000000000000 A=0x7ffffffffffffb58
8309000: system.cpu: T0 : 0x17e7a    : auipc a5, 98               : IntAlu :  D=0x0000000000079e7a
8310000: system.cpu: T0 : 0x17e7e    : ld a5, -1602(a5)           : MemRead :  D=0x000000000007a9c8 A=0x79838
8310500: system.cpu: T0 : 0x17e82    : c_ld a5, 32(a5)            : MemRead :  D=0x0000000000000000 A=0x7a9e8
8311000: system.cpu: T0 : 0x17e84    : sd a5, -656(s0)            : MemWrite :  D=0x0000000000000000 A=0x7ffffffffffffb60
8311500: system.cpu: T0 : 0x17e88    : ld a4, -656(s0)            : MemRead :  D=0x0000000000000000 A=0x7ffffffffffffb60
8312000: system.cpu: T0 : 0x17e8c    : ld a5, -664(s0)            : MemRead :  D=0x0000000000000000 A=0x7ffffffffffffb58
8312500: system.cpu: T0 : 0x17e90    : bge a5, a4, 152            : IntAlu : 
8313000: system.cpu: T0 : 0x17f28    : auipc a5, 96               : IntAlu :  D=0x0000000000077f28
8313500: system.cpu: T0 : 0x17f2c    : addi a5, a5, 220           : IntAlu :  D=0x0000000000078004
8314000: system.cpu: T0 : 0x17f30    : c_lw a5, 0(a5)             : MemRead :  D=0x0000000000000005 A=0x78004
8314500: system.cpu: T0 : 0x17f32    : c_addiw a5, 0              : IntAlu :  D=0x0000000000000005
8315000: system.cpu: T0 : 0x17f34    : c_mv a4, a5                : IntAlu :  D=0x0000000000000005
8315500: system.cpu: T0 : 0x17f36    : c_li a5, 4                 : IntAlu :  D=0x0000000000000004
8316000: system.cpu: T0 : 0x17f38    : bge a5, a4, 276            : IntAlu : 
8316500: system.cpu: T0 : 0x17f3c    : addi a5, gp, -960          : IntAlu :  D=0x0000000000079c88
8317000: system.cpu: T0 : 0x17f40    : c_lw a5, 0(a5)             : MemRead :  D=0x0000000000000000 A=0x79c88
8317500: system.cpu: T0 : 0x17f42    : c_addiw a5, 0              : IntAlu :  D=0x0000000000000000
8318000: system.cpu: T0 : 0x17f44    : c_mv a4, a5                : IntAlu :  D=0x0000000000000000
8318500: system.cpu: T0 : 0x17f46    : c_li a5, 3                 : IntAlu :  D=0x0000000000000003
8319000: system.cpu: T0 : 0x17f48    : blt a5, a4, 260            : IntAlu : 
8319500: system.cpu: T0 : 0x17f4c    : auipc a5, 98               : IntAlu :  D=0x0000000000079f4c
8320000: system.cpu: T0 : 0x17f50    : ld a5, -1812(a5)           : MemRead :  D=0x000000000007a9c8 A=0x79838
8320500: system.cpu: T0 : 0x17f54    : c_ld a4, 32(a5)            : MemRead :  D=0x0000000000000000 A=0x7a9e8
8321500: system.cpu: T0 : 0x17f56    : auipc a5, 98               : IntAlu :  D=0x0000000000079f56
8322500: system.cpu: T0 : 0x17f5a    : ld a5, -1822(a5)           : MemRead :  D=0x000000000007a9c8 A=0x79838
8323000: system.cpu: T0 : 0x17f5e    : c_ld a5, 16(a5)            : MemRead :  D=0x0000000000000000 A=0x7a9d8
8323500: system.cpu: T0 : 0x17f60    : bne a4, a5, 236            : IntAlu : 
8324000: system.cpu: T0 : 0x17f64    : auipc a5, 98               : IntAlu :  D=0x0000000000079f64
8324500: system.cpu: T0 : 0x17f68    : ld a5, -1836(a5)           : MemRead :  D=0x000000000007a9c8 A=0x79838
8325000: system.cpu: T0 : 0x17f6c    : c_ld a4, 32(a5)            : MemRead :  D=0x0000000000000000 A=0x7a9e8
8326000: system.cpu: T0 : 0x17f6e    : auipc a5, 98               : IntAlu :  D=0x0000000000079f6e
8327000: system.cpu: T0 : 0x17f72    : ld a5, -1846(a5)           : MemRead :  D=0x000000000007a9c8 A=0x79838
8327500: system.cpu: T0 : 0x17f76    : c_ld a5, 0(a5)             : MemRead :  D=0x0000000000000000 A=0x7a9c8
8328000: system.cpu: T0 : 0x17f78    : bne a4, a5, 212            : IntAlu : 
8328500: system.cpu: T0 : 0x17f7c    : auipc a5, 98               : IntAlu :  D=0x0000000000079f7c
8329000: system.cpu: T0 : 0x17f80    : ld a5, -1860(a5)           : MemRead :  D=0x000000000007a9c8 A=0x79838
8329500: system.cpu: T0 : 0x17f84    : c_ld a5, 24(a5)            : MemRead :  D=0x0000000000000000 A=0x7a9e0
8330500: system.cpu: T0 : 0x17f86    : sd a5, -640(s0)            : MemWrite :  D=0x0000000000000000 A=0x7ffffffffffffb70
8331500: system.cpu: T0 : 0x17f8a    : auipc a5, 98               : IntAlu :  D=0x0000000000079f8a
8332500: system.cpu: T0 : 0x17f8e    : ld a5, -1874(a5)           : MemRead :  D=0x000000000007a9c8 A=0x79838
8333000: system.cpu: T0 : 0x17f92    : c_ld a5, 32(a5)            : MemRead :  D=0x0000000000000000 A=0x7a9e8
8333500: system.cpu: T0 : 0x17f94    : sd a5, -632(s0)            : MemWrite :  D=0x0000000000000000 A=0x7ffffffffffffb78
8334000: system.cpu: T0 : 0x17f98    : ld a4, -632(s0)            : MemRead :  D=0x0000000000000000 A=0x7ffffffffffffb78
8334500: system.cpu: T0 : 0x17f9c    : ld a5, -640(s0)            : MemRead :  D=0x0000000000000000 A=0x7ffffffffffffb70
8335000: system.cpu: T0 : 0x17fa0    : bge a5, a4, 172            : IntAlu : 
8335500: system.cpu: T0 : 0x1804c    : auipc a5, 96               : IntAlu :  D=0x000000000007804c
8336000: system.cpu: T0 : 0x18050    : addi a5, a5, -72           : IntAlu :  D=0x0000000000078004
8336500: system.cpu: T0 : 0x18054    : c_lw a5, 0(a5)             : MemRead :  D=0x0000000000000005 A=0x78004
8337000: system.cpu: T0 : 0x18056    : c_addiw a5, 0              : IntAlu :  D=0x0000000000000005
8337500: system.cpu: T0 : 0x18058    : c_mv a4, a5                : IntAlu :  D=0x0000000000000005
8338000: system.cpu: T0 : 0x1805a    : c_li a5, 4                 : IntAlu :  D=0x0000000000000004
8338500: system.cpu: T0 : 0x1805c    : bge a5, a4, 256            : IntAlu : 
8339000: system.cpu: T0 : 0x18060    : addi a5, gp, -960          : IntAlu :  D=0x0000000000079c88
8339500: system.cpu: T0 : 0x18064    : c_lw a5, 0(a5)             : MemRead :  D=0x0000000000000000 A=0x79c88
8340000: system.cpu: T0 : 0x18066    : c_addiw a5, 0              : IntAlu :  D=0x0000000000000000
8340500: system.cpu: T0 : 0x18068    : c_mv a4, a5                : IntAlu :  D=0x0000000000000000
8341000: system.cpu: T0 : 0x1806a    : c_li a5, 3                 : IntAlu :  D=0x0000000000000003
8341500: system.cpu: T0 : 0x1806c    : blt a5, a4, 240            : IntAlu : 
8342000: system.cpu: T0 : 0x18070    : auipc a5, 97               : IntAlu :  D=0x0000000000079070
8342500: system.cpu: T0 : 0x18074    : ld a5, 1992(a5)            : MemRead :  D=0x000000000007a9c8 A=0x79838
8343000: system.cpu: T0 : 0x18078    : c_ld a4, 32(a5)            : MemRead :  D=0x0000000000000000 A=0x7a9e8
8344000: system.cpu: T0 : 0x1807a    : auipc a5, 97               : IntAlu :  D=0x000000000007907a
8345000: system.cpu: T0 : 0x1807e    : ld a5, 1982(a5)            : MemRead :  D=0x000000000007a9c8 A=0x79838
8345500: system.cpu: T0 : 0x18082    : c_ld a5, 16(a5)            : MemRead :  D=0x0000000000000000 A=0x7a9d8
8346000: system.cpu: T0 : 0x18084    : bne a4, a5, 216            : IntAlu : 
8346500: system.cpu: T0 : 0x18088    : auipc a5, 97               : IntAlu :  D=0x0000000000079088
8347000: system.cpu: T0 : 0x1808c    : ld a5, 1968(a5)            : MemRead :  D=0x000000000007a9c8 A=0x79838
8347500: system.cpu: T0 : 0x18090    : c_ld a4, 32(a5)            : MemRead :  D=0x0000000000000000 A=0x7a9e8
8348500: system.cpu: T0 : 0x18092    : auipc a5, 97               : IntAlu :  D=0x0000000000079092
8349500: system.cpu: T0 : 0x18096    : ld a5, 1958(a5)            : MemRead :  D=0x000000000007a9c8 A=0x79838
8350000: system.cpu: T0 : 0x1809a    : c_ld a5, 8(a5)             : MemRead :  D=0x0000000000000000 A=0x7a9d0
8350500: system.cpu: T0 : 0x1809c    : bne a4, a5, 192            : IntAlu : 
8351000: system.cpu: T0 : 0x180a0    : auipc a5, 97               : IntAlu :  D=0x00000000000790a0
8351500: system.cpu: T0 : 0x180a4    : ld a5, 1944(a5)            : MemRead :  D=0x000000000007a9c8 A=0x79838
8352000: system.cpu: T0 : 0x180a8    : c_ld a5, 24(a5)            : MemRead :  D=0x0000000000000000 A=0x7a9e0
8353000: system.cpu: T0 : 0x180aa    : sd a5, -616(s0)            : MemWrite :  D=0x0000000000000000 A=0x7ffffffffffffb88
8354000: system.cpu: T0 : 0x180ae    : auipc a5, 97               : IntAlu :  D=0x00000000000790ae
8355000: system.cpu: T0 : 0x180b2    : ld a5, 1930(a5)            : MemRead :  D=0x000000000007a9c8 A=0x79838
8355500: system.cpu: T0 : 0x180b6    : c_ld a5, 32(a5)            : MemRead :  D=0x0000000000000000 A=0x7a9e8
8356000: system.cpu: T0 : 0x180b8    : sd a5, -608(s0)            : MemWrite :  D=0x0000000000000000 A=0x7ffffffffffffb90
8356500: system.cpu: T0 : 0x180bc    : ld a4, -608(s0)            : MemRead :  D=0x0000000000000000 A=0x7ffffffffffffb90
8357000: system.cpu: T0 : 0x180c0    : ld a5, -616(s0)            : MemRead :  D=0x0000000000000000 A=0x7ffffffffffffb88
8357500: system.cpu: T0 : 0x180c4    : bge a5, a4, 152            : IntAlu : 
8358000: system.cpu: T0 : 0x1815c    : auipc a5, 96               : IntAlu :  D=0x000000000007815c
8358500: system.cpu: T0 : 0x18160    : addi a5, a5, -344          : IntAlu :  D=0x0000000000078004
8359000: system.cpu: T0 : 0x18164    : c_lw a5, 0(a5)             : MemRead :  D=0x0000000000000005 A=0x78004
8359500: system.cpu: T0 : 0x18166    : c_addiw a5, 0              : IntAlu :  D=0x0000000000000005
8360000: system.cpu: T0 : 0x18168    : c_mv a4, a5                : IntAlu :  D=0x0000000000000005
8360500: system.cpu: T0 : 0x1816a    : c_li a5, 4                 : IntAlu :  D=0x0000000000000004
8361000: system.cpu: T0 : 0x1816c    : bge a5, a4, 276            : IntAlu : 
8361500: system.cpu: T0 : 0x18170    : addi a5, gp, -960          : IntAlu :  D=0x0000000000079c88
8362000: system.cpu: T0 : 0x18174    : c_lw a5, 0(a5)             : MemRead :  D=0x0000000000000000 A=0x79c88
8362500: system.cpu: T0 : 0x18176    : c_addiw a5, 0              : IntAlu :  D=0x0000000000000000
8363000: system.cpu: T0 : 0x18178    : c_mv a4, a5                : IntAlu :  D=0x0000000000000000
8363500: system.cpu: T0 : 0x1817a    : c_li a5, 3                 : IntAlu :  D=0x0000000000000003
8364000: system.cpu: T0 : 0x1817c    : blt a5, a4, 260            : IntAlu : 
8364500: system.cpu: T0 : 0x18180    : auipc a5, 97               : IntAlu :  D=0x0000000000079180
8365000: system.cpu: T0 : 0x18184    : ld a5, 1720(a5)            : MemRead :  D=0x000000000007a9c8 A=0x79838
8365500: system.cpu: T0 : 0x18188    : c_ld a4, 0(a5)             : MemRead :  D=0x0000000000000000 A=0x7a9c8
8366500: system.cpu: T0 : 0x1818a    : auipc a5, 97               : IntAlu :  D=0x000000000007918a
8367500: system.cpu: T0 : 0x1818e    : ld a5, 1710(a5)            : MemRead :  D=0x000000000007a9c8 A=0x79838
8368000: system.cpu: T0 : 0x18192    : c_ld a5, 8(a5)             : MemRead :  D=0x0000000000000000 A=0x7a9d0
8368500: system.cpu: T0 : 0x18194    : bne a4, a5, 236            : IntAlu : 
8369000: system.cpu: T0 : 0x18198    : auipc a5, 97               : IntAlu :  D=0x0000000000079198
8369500: system.cpu: T0 : 0x1819c    : ld a5, 1696(a5)            : MemRead :  D=0x000000000007a9c8 A=0x79838
8370000: system.cpu: T0 : 0x181a0    : c_ld a4, 0(a5)             : MemRead :  D=0x0000000000000000 A=0x7a9c8
8371000: system.cpu: T0 : 0x181a2    : auipc a5, 97               : IntAlu :  D=0x00000000000791a2
8372000: system.cpu: T0 : 0x181a6    : ld a5, 1686(a5)            : MemRead :  D=0x000000000007a9c8 A=0x79838
8372500: system.cpu: T0 : 0x181aa    : c_ld a5, 16(a5)            : MemRead :  D=0x0000000000000000 A=0x7a9d8
8373000: system.cpu: T0 : 0x181ac    : bne a4, a5, 212            : IntAlu : 
8373500: system.cpu: T0 : 0x181b0    : auipc a5, 97               : IntAlu :  D=0x00000000000791b0
8374000: system.cpu: T0 : 0x181b4    : ld a5, 1672(a5)            : MemRead :  D=0x000000000007a9c8 A=0x79838
8374500: system.cpu: T0 : 0x181b8    : c_ld a5, 32(a5)            : MemRead :  D=0x0000000000000000 A=0x7a9e8
8375500: system.cpu: T0 : 0x181ba    : sd a5, -592(s0)            : MemWrite :  D=0x0000000000000000 A=0x7ffffffffffffba0
8376500: system.cpu: T0 : 0x181be    : auipc a5, 97               : IntAlu :  D=0x00000000000791be
8377500: system.cpu: T0 : 0x181c2    : ld a5, 1658(a5)            : MemRead :  D=0x000000000007a9c8 A=0x79838
8378000: system.cpu: T0 : 0x181c6    : c_ld a5, 0(a5)             : MemRead :  D=0x0000000000000000 A=0x7a9c8
8378500: system.cpu: T0 : 0x181c8    : sd a5, -584(s0)            : MemWrite :  D=0x0000000000000000 A=0x7ffffffffffffba8
8379000: system.cpu: T0 : 0x181cc    : ld a4, -584(s0)            : MemRead :  D=0x0000000000000000 A=0x7ffffffffffffba8
8379500: system.cpu: T0 : 0x181d0    : ld a5, -592(s0)            : MemRead :  D=0x0000000000000000 A=0x7ffffffffffffba0
8380000: system.cpu: T0 : 0x181d4    : bge a5, a4, 172            : IntAlu : 
8380500: system.cpu: T0 : 0x18280    : auipc a5, 96               : IntAlu :  D=0x0000000000078280
8381000: system.cpu: T0 : 0x18284    : addi a5, a5, -636          : IntAlu :  D=0x0000000000078004
8381500: system.cpu: T0 : 0x18288    : c_lw a5, 0(a5)             : MemRead :  D=0x0000000000000005 A=0x78004
8382000: system.cpu: T0 : 0x1828a    : c_addiw a5, 0              : IntAlu :  D=0x0000000000000005
8382500: system.cpu: T0 : 0x1828c    : c_mv a4, a5                : IntAlu :  D=0x0000000000000005
8383000: system.cpu: T0 : 0x1828e    : c_li a5, 4                 : IntAlu :  D=0x0000000000000004
8383500: system.cpu: T0 : 0x18290    : bge a5, a4, 276            : IntAlu : 
8384000: system.cpu: T0 : 0x18294    : addi a5, gp, -960          : IntAlu :  D=0x0000000000079c88
8384500: system.cpu: T0 : 0x18298    : c_lw a5, 0(a5)             : MemRead :  D=0x0000000000000000 A=0x79c88
8385000: system.cpu: T0 : 0x1829a    : c_addiw a5, 0              : IntAlu :  D=0x0000000000000000
8385500: system.cpu: T0 : 0x1829c    : c_mv a4, a5                : IntAlu :  D=0x0000000000000000
8386000: system.cpu: T0 : 0x1829e    : c_li a5, 3                 : IntAlu :  D=0x0000000000000003
8386500: system.cpu: T0 : 0x182a0    : blt a5, a4, 260            : IntAlu : 
8387000: system.cpu: T0 : 0x182a4    : auipc a5, 97               : IntAlu :  D=0x00000000000792a4
8387500: system.cpu: T0 : 0x182a8    : ld a5, 1428(a5)            : MemRead :  D=0x000000000007a9c8 A=0x79838
8388000: system.cpu: T0 : 0x182ac    : c_ld a4, 0(a5)             : MemRead :  D=0x0000000000000000 A=0x7a9c8
8389000: system.cpu: T0 : 0x182ae    : auipc a5, 97               : IntAlu :  D=0x00000000000792ae
8390000: system.cpu: T0 : 0x182b2    : ld a5, 1418(a5)            : MemRead :  D=0x000000000007a9c8 A=0x79838
8390500: system.cpu: T0 : 0x182b6    : c_ld a5, 8(a5)             : MemRead :  D=0x0000000000000000 A=0x7a9d0
8391000: system.cpu: T0 : 0x182b8    : bne a4, a5, 236            : IntAlu : 
8391500: system.cpu: T0 : 0x182bc    : auipc a5, 97               : IntAlu :  D=0x00000000000792bc
8392000: system.cpu: T0 : 0x182c0    : ld a5, 1404(a5)            : MemRead :  D=0x000000000007a9c8 A=0x79838
8392500: system.cpu: T0 : 0x182c4    : c_ld a4, 0(a5)             : MemRead :  D=0x0000000000000000 A=0x7a9c8
8393500: system.cpu: T0 : 0x182c6    : auipc a5, 97               : IntAlu :  D=0x00000000000792c6
8394500: system.cpu: T0 : 0x182ca    : ld a5, 1394(a5)            : MemRead :  D=0x000000000007a9c8 A=0x79838
8395000: system.cpu: T0 : 0x182ce    : c_ld a5, 24(a5)            : MemRead :  D=0x0000000000000000 A=0x7a9e0
8395500: system.cpu: T0 : 0x182d0    : bne a4, a5, 212            : IntAlu : 
8396000: system.cpu: T0 : 0x182d4    : auipc a5, 97               : IntAlu :  D=0x00000000000792d4
8396500: system.cpu: T0 : 0x182d8    : ld a5, 1380(a5)            : MemRead :  D=0x000000000007a9c8 A=0x79838
8397000: system.cpu: T0 : 0x182dc    : c_ld a5, 32(a5)            : MemRead :  D=0x0000000000000000 A=0x7a9e8
8398000: system.cpu: T0 : 0x182de    : sd a5, -568(s0)            : MemWrite :  D=0x0000000000000000 A=0x7ffffffffffffbb8
8399000: system.cpu: T0 : 0x182e2    : auipc a5, 97               : IntAlu :  D=0x00000000000792e2
8400000: system.cpu: T0 : 0x182e6    : ld a5, 1366(a5)            : MemRead :  D=0x000000000007a9c8 A=0x79838
8400500: system.cpu: T0 : 0x182ea    : c_ld a5, 0(a5)             : MemRead :  D=0x0000000000000000 A=0x7a9c8
8401000: system.cpu: T0 : 0x182ec    : sd a5, -560(s0)            : MemWrite :  D=0x0000000000000000 A=0x7ffffffffffffbc0
8401500: system.cpu: T0 : 0x182f0    : ld a4, -560(s0)            : MemRead :  D=0x0000000000000000 A=0x7ffffffffffffbc0
8402000: system.cpu: T0 : 0x182f4    : ld a5, -568(s0)            : MemRead :  D=0x0000000000000000 A=0x7ffffffffffffbb8
8402500: system.cpu: T0 : 0x182f8    : bge a5, a4, 172            : IntAlu : 
8403000: system.cpu: T0 : 0x183a4    : auipc a5, 96               : IntAlu :  D=0x00000000000783a4
8403500: system.cpu: T0 : 0x183a8    : addi a5, a5, -928          : IntAlu :  D=0x0000000000078004
8404000: system.cpu: T0 : 0x183ac    : c_lw a5, 0(a5)             : MemRead :  D=0x0000000000000005 A=0x78004
8404500: system.cpu: T0 : 0x183ae    : c_addiw a5, 0              : IntAlu :  D=0x0000000000000005
8405000: system.cpu: T0 : 0x183b0    : c_mv a4, a5                : IntAlu :  D=0x0000000000000005
8405500: system.cpu: T0 : 0x183b2    : c_li a5, 4                 : IntAlu :  D=0x0000000000000004
8406000: system.cpu: T0 : 0x183b4    : bge a5, a4, 276            : IntAlu : 
8406500: system.cpu: T0 : 0x183b8    : addi a5, gp, -960          : IntAlu :  D=0x0000000000079c88
8407000: system.cpu: T0 : 0x183bc    : c_lw a5, 0(a5)             : MemRead :  D=0x0000000000000000 A=0x79c88
8407500: system.cpu: T0 : 0x183be    : c_addiw a5, 0              : IntAlu :  D=0x0000000000000000
8408000: system.cpu: T0 : 0x183c0    : c_mv a4, a5                : IntAlu :  D=0x0000000000000000
8408500: system.cpu: T0 : 0x183c2    : c_li a5, 3                 : IntAlu :  D=0x0000000000000003
8409000: system.cpu: T0 : 0x183c4    : blt a5, a4, 260            : IntAlu : 
8409500: system.cpu: T0 : 0x183c8    : auipc a5, 97               : IntAlu :  D=0x00000000000793c8
8410000: system.cpu: T0 : 0x183cc    : ld a5, 1136(a5)            : MemRead :  D=0x000000000007a9c8 A=0x79838
8410500: system.cpu: T0 : 0x183d0    : c_ld a4, 0(a5)             : MemRead :  D=0x0000000000000000 A=0x7a9c8
8411500: system.cpu: T0 : 0x183d2    : auipc a5, 97               : IntAlu :  D=0x00000000000793d2
8412500: system.cpu: T0 : 0x183d6    : ld a5, 1126(a5)            : MemRead :  D=0x000000000007a9c8 A=0x79838
8413000: system.cpu: T0 : 0x183da    : c_ld a5, 16(a5)            : MemRead :  D=0x0000000000000000 A=0x7a9d8
8413500: system.cpu: T0 : 0x183dc    : bne a4, a5, 236            : IntAlu : 
8414000: system.cpu: T0 : 0x183e0    : auipc a5, 97               : IntAlu :  D=0x00000000000793e0
8414500: system.cpu: T0 : 0x183e4    : ld a5, 1112(a5)            : MemRead :  D=0x000000000007a9c8 A=0x79838
8415000: system.cpu: T0 : 0x183e8    : c_ld a4, 0(a5)             : MemRead :  D=0x0000000000000000 A=0x7a9c8
8416000: system.cpu: T0 : 0x183ea    : auipc a5, 97               : IntAlu :  D=0x00000000000793ea
8417000: system.cpu: T0 : 0x183ee    : ld a5, 1102(a5)            : MemRead :  D=0x000000000007a9c8 A=0x79838
8417500: system.cpu: T0 : 0x183f2    : c_ld a5, 8(a5)             : MemRead :  D=0x0000000000000000 A=0x7a9d0
8418000: system.cpu: T0 : 0x183f4    : bne a4, a5, 212            : IntAlu : 
8418500: system.cpu: T0 : 0x183f8    : auipc a5, 97               : IntAlu :  D=0x00000000000793f8
8419000: system.cpu: T0 : 0x183fc    : ld a5, 1088(a5)            : MemRead :  D=0x000000000007a9c8 A=0x79838
8419500: system.cpu: T0 : 0x18400    : c_ld a5, 32(a5)            : MemRead :  D=0x0000000000000000 A=0x7a9e8
8420500: system.cpu: T0 : 0x18402    : sd a5, -544(s0)            : MemWrite :  D=0x0000000000000000 A=0x7ffffffffffffbd0
8421500: system.cpu: T0 : 0x18406    : auipc a5, 97               : IntAlu :  D=0x0000000000079406
8422500: system.cpu: T0 : 0x1840a    : ld a5, 1074(a5)            : MemRead :  D=0x000000000007a9c8 A=0x79838
8423000: system.cpu: T0 : 0x1840e    : c_ld a5, 0(a5)             : MemRead :  D=0x0000000000000000 A=0x7a9c8
8423500: system.cpu: T0 : 0x18410    : sd a5, -536(s0)            : MemWrite :  D=0x0000000000000000 A=0x7ffffffffffffbd8
8424000: system.cpu: T0 : 0x18414    : ld a4, -536(s0)            : MemRead :  D=0x0000000000000000 A=0x7ffffffffffffbd8
8424500: system.cpu: T0 : 0x18418    : ld a5, -544(s0)            : MemRead :  D=0x0000000000000000 A=0x7ffffffffffffbd0
8425000: system.cpu: T0 : 0x1841c    : bge a5, a4, 172            : IntAlu : 
8425500: system.cpu: T0 : 0x184c8    : auipc a5, 96               : IntAlu :  D=0x00000000000784c8
8426000: system.cpu: T0 : 0x184cc    : addi a5, a5, -1220         : IntAlu :  D=0x0000000000078004
8426500: system.cpu: T0 : 0x184d0    : c_lw a5, 0(a5)             : MemRead :  D=0x0000000000000005 A=0x78004
8427000: system.cpu: T0 : 0x184d2    : c_addiw a5, 0              : IntAlu :  D=0x0000000000000005
8427500: system.cpu: T0 : 0x184d4    : c_mv a4, a5                : IntAlu :  D=0x0000000000000005
8428000: system.cpu: T0 : 0x184d6    : c_li a5, 4                 : IntAlu :  D=0x0000000000000004
8428500: system.cpu: T0 : 0x184d8    : bge a5, a4, 276            : IntAlu : 
8429000: system.cpu: T0 : 0x184dc    : addi a5, gp, -960          : IntAlu :  D=0x0000000000079c88
8429500: system.cpu: T0 : 0x184e0    : c_lw a5, 0(a5)             : MemRead :  D=0x0000000000000000 A=0x79c88
8430000: system.cpu: T0 : 0x184e2    : c_addiw a5, 0              : IntAlu :  D=0x0000000000000000
8430500: system.cpu: T0 : 0x184e4    : c_mv a4, a5                : IntAlu :  D=0x0000000000000000
8431000: system.cpu: T0 : 0x184e6    : c_li a5, 3                 : IntAlu :  D=0x0000000000000003
8431500: system.cpu: T0 : 0x184e8    : blt a5, a4, 260            : IntAlu : 
8432000: system.cpu: T0 : 0x184ec    : auipc a5, 97               : IntAlu :  D=0x00000000000794ec
8432500: system.cpu: T0 : 0x184f0    : ld a5, 844(a5)             : MemRead :  D=0x000000000007a9c8 A=0x79838
8433000: system.cpu: T0 : 0x184f4    : c_ld a4, 0(a5)             : MemRead :  D=0x0000000000000000 A=0x7a9c8
8434000: system.cpu: T0 : 0x184f6    : auipc a5, 97               : IntAlu :  D=0x00000000000794f6
8435000: system.cpu: T0 : 0x184fa    : ld a5, 834(a5)             : MemRead :  D=0x000000000007a9c8 A=0x79838
8435500: system.cpu: T0 : 0x184fe    : c_ld a5, 16(a5)            : MemRead :  D=0x0000000000000000 A=0x7a9d8
8436000: system.cpu: T0 : 0x18500    : bne a4, a5, 236            : IntAlu : 
8436500: system.cpu: T0 : 0x18504    : auipc a5, 97               : IntAlu :  D=0x0000000000079504
8437000: system.cpu: T0 : 0x18508    : ld a5, 820(a5)             : MemRead :  D=0x000000000007a9c8 A=0x79838
8437500: system.cpu: T0 : 0x1850c    : c_ld a4, 0(a5)             : MemRead :  D=0x0000000000000000 A=0x7a9c8
8438500: system.cpu: T0 : 0x1850e    : auipc a5, 97               : IntAlu :  D=0x000000000007950e
8439500: system.cpu: T0 : 0x18512    : ld a5, 810(a5)             : MemRead :  D=0x000000000007a9c8 A=0x79838
8440000: system.cpu: T0 : 0x18516    : c_ld a5, 24(a5)            : MemRead :  D=0x0000000000000000 A=0x7a9e0
8440500: system.cpu: T0 : 0x18518    : bne a4, a5, 212            : IntAlu : 
8441000: system.cpu: T0 : 0x1851c    : auipc a5, 97               : IntAlu :  D=0x000000000007951c
8441500: system.cpu: T0 : 0x18520    : ld a5, 796(a5)             : MemRead :  D=0x000000000007a9c8 A=0x79838
8442000: system.cpu: T0 : 0x18524    : c_ld a5, 32(a5)            : MemRead :  D=0x0000000000000000 A=0x7a9e8
8443000: system.cpu: T0 : 0x18526    : sd a5, -520(s0)            : MemWrite :  D=0x0000000000000000 A=0x7ffffffffffffbe8
8444000: system.cpu: T0 : 0x1852a    : auipc a5, 97               : IntAlu :  D=0x000000000007952a
8445000: system.cpu: T0 : 0x1852e    : ld a5, 782(a5)             : MemRead :  D=0x000000000007a9c8 A=0x79838
8445500: system.cpu: T0 : 0x18532    : c_ld a5, 0(a5)             : MemRead :  D=0x0000000000000000 A=0x7a9c8
8446000: system.cpu: T0 : 0x18534    : sd a5, -512(s0)            : MemWrite :  D=0x0000000000000000 A=0x7ffffffffffffbf0
8446500: system.cpu: T0 : 0x18538    : ld a4, -512(s0)            : MemRead :  D=0x0000000000000000 A=0x7ffffffffffffbf0
8447000: system.cpu: T0 : 0x1853c    : ld a5, -520(s0)            : MemRead :  D=0x0000000000000000 A=0x7ffffffffffffbe8
8447500: system.cpu: T0 : 0x18540    : bge a5, a4, 172            : IntAlu : 
8448000: system.cpu: T0 : 0x185ec    : auipc a5, 96               : IntAlu :  D=0x00000000000785ec
8448500: system.cpu: T0 : 0x185f0    : addi a5, a5, -1512         : IntAlu :  D=0x0000000000078004
8449000: system.cpu: T0 : 0x185f4    : c_lw a5, 0(a5)             : MemRead :  D=0x0000000000000005 A=0x78004
8449500: system.cpu: T0 : 0x185f6    : c_addiw a5, 0              : IntAlu :  D=0x0000000000000005
8450000: system.cpu: T0 : 0x185f8    : c_mv a4, a5                : IntAlu :  D=0x0000000000000005
8450500: system.cpu: T0 : 0x185fa    : c_li a5, 4                 : IntAlu :  D=0x0000000000000004
8451000: system.cpu: T0 : 0x185fc    : bge a5, a4, 276            : IntAlu : 
8451500: system.cpu: T0 : 0x18600    : addi a5, gp, -960          : IntAlu :  D=0x0000000000079c88
8452000: system.cpu: T0 : 0x18604    : c_lw a5, 0(a5)             : MemRead :  D=0x0000000000000000 A=0x79c88
8452500: system.cpu: T0 : 0x18606    : c_addiw a5, 0              : IntAlu :  D=0x0000000000000000
8453000: system.cpu: T0 : 0x18608    : c_mv a4, a5                : IntAlu :  D=0x0000000000000000
8453500: system.cpu: T0 : 0x1860a    : c_li a5, 3                 : IntAlu :  D=0x0000000000000003
8454000: system.cpu: T0 : 0x1860c    : blt a5, a4, 260            : IntAlu : 
8454500: system.cpu: T0 : 0x18610    : auipc a5, 97               : IntAlu :  D=0x0000000000079610
8455000: system.cpu: T0 : 0x18614    : ld a5, 552(a5)             : MemRead :  D=0x000000000007a9c8 A=0x79838
8455500: system.cpu: T0 : 0x18618    : c_ld a4, 0(a5)             : MemRead :  D=0x0000000000000000 A=0x7a9c8
8456500: system.cpu: T0 : 0x1861a    : auipc a5, 97               : IntAlu :  D=0x000000000007961a
8457500: system.cpu: T0 : 0x1861e    : ld a5, 542(a5)             : MemRead :  D=0x000000000007a9c8 A=0x79838
8458000: system.cpu: T0 : 0x18622    : c_ld a5, 24(a5)            : MemRead :  D=0x0000000000000000 A=0x7a9e0
8458500: system.cpu: T0 : 0x18624    : bne a4, a5, 236            : IntAlu : 
8459000: system.cpu: T0 : 0x18628    : auipc a5, 97               : IntAlu :  D=0x0000000000079628
8459500: system.cpu: T0 : 0x1862c    : ld a5, 528(a5)             : MemRead :  D=0x000000000007a9c8 A=0x79838
8460000: system.cpu: T0 : 0x18630    : c_ld a4, 0(a5)             : MemRead :  D=0x0000000000000000 A=0x7a9c8
8461000: system.cpu: T0 : 0x18632    : auipc a5, 97               : IntAlu :  D=0x0000000000079632
8462000: system.cpu: T0 : 0x18636    : ld a5, 518(a5)             : MemRead :  D=0x000000000007a9c8 A=0x79838
8462500: system.cpu: T0 : 0x1863a    : c_ld a5, 8(a5)             : MemRead :  D=0x0000000000000000 A=0x7a9d0
8463000: system.cpu: T0 : 0x1863c    : bne a4, a5, 212            : IntAlu : 
8463500: system.cpu: T0 : 0x18640    : auipc a5, 97               : IntAlu :  D=0x0000000000079640
8464000: system.cpu: T0 : 0x18644    : ld a5, 504(a5)             : MemRead :  D=0x000000000007a9c8 A=0x79838
8464500: system.cpu: T0 : 0x18648    : c_ld a5, 32(a5)            : MemRead :  D=0x0000000000000000 A=0x7a9e8
8465500: system.cpu: T0 : 0x1864a    : sd a5, -496(s0)            : MemWrite :  D=0x0000000000000000 A=0x7ffffffffffffc00
8466500: system.cpu: T0 : 0x1864e    : auipc a5, 97               : IntAlu :  D=0x000000000007964e
8467500: system.cpu: T0 : 0x18652    : ld a5, 490(a5)             : MemRead :  D=0x000000000007a9c8 A=0x79838
8468000: system.cpu: T0 : 0x18656    : c_ld a5, 0(a5)             : MemRead :  D=0x0000000000000000 A=0x7a9c8
8468500: system.cpu: T0 : 0x18658    : sd a5, -488(s0)            : MemWrite :  D=0x0000000000000000 A=0x7ffffffffffffc08
8469000: system.cpu: T0 : 0x1865c    : ld a4, -488(s0)            : MemRead :  D=0x0000000000000000 A=0x7ffffffffffffc08
8469500: system.cpu: T0 : 0x18660    : ld a5, -496(s0)            : MemRead :  D=0x0000000000000000 A=0x7ffffffffffffc00
8470000: system.cpu: T0 : 0x18664    : bge a5, a4, 172            : IntAlu : 
8470500: system.cpu: T0 : 0x18710    : auipc a5, 96               : IntAlu :  D=0x0000000000078710
8471000: system.cpu: T0 : 0x18714    : addi a5, a5, -1804         : IntAlu :  D=0x0000000000078004
8471500: system.cpu: T0 : 0x18718    : c_lw a5, 0(a5)             : MemRead :  D=0x0000000000000005 A=0x78004
8472000: system.cpu: T0 : 0x1871a    : c_addiw a5, 0              : IntAlu :  D=0x0000000000000005
8472500: system.cpu: T0 : 0x1871c    : c_mv a4, a5                : IntAlu :  D=0x0000000000000005
8473000: system.cpu: T0 : 0x1871e    : c_li a5, 4                 : IntAlu :  D=0x0000000000000004
8473500: system.cpu: T0 : 0x18720    : bge a5, a4, 276            : IntAlu : 
8474000: system.cpu: T0 : 0x18724    : addi a5, gp, -960          : IntAlu :  D=0x0000000000079c88
8474500: system.cpu: T0 : 0x18728    : c_lw a5, 0(a5)             : MemRead :  D=0x0000000000000000 A=0x79c88
8475000: system.cpu: T0 : 0x1872a    : c_addiw a5, 0              : IntAlu :  D=0x0000000000000000
8475500: system.cpu: T0 : 0x1872c    : c_mv a4, a5                : IntAlu :  D=0x0000000000000000
8476000: system.cpu: T0 : 0x1872e    : c_li a5, 3                 : IntAlu :  D=0x0000000000000003
8476500: system.cpu: T0 : 0x18730    : blt a5, a4, 260            : IntAlu : 
8477000: system.cpu: T0 : 0x18734    : auipc a5, 97               : IntAlu :  D=0x0000000000079734
8477500: system.cpu: T0 : 0x18738    : ld a5, 260(a5)             : MemRead :  D=0x000000000007a9c8 A=0x79838
8478000: system.cpu: T0 : 0x1873c    : c_ld a4, 0(a5)             : MemRead :  D=0x0000000000000000 A=0x7a9c8
8479000: system.cpu: T0 : 0x1873e    : auipc a5, 97               : IntAlu :  D=0x000000000007973e
8480000: system.cpu: T0 : 0x18742    : ld a5, 250(a5)             : MemRead :  D=0x000000000007a9c8 A=0x79838
8480500: system.cpu: T0 : 0x18746    : c_ld a5, 24(a5)            : MemRead :  D=0x0000000000000000 A=0x7a9e0
8481000: system.cpu: T0 : 0x18748    : bne a4, a5, 236            : IntAlu : 
8481500: system.cpu: T0 : 0x1874c    : auipc a5, 97               : IntAlu :  D=0x000000000007974c
8482000: system.cpu: T0 : 0x18750    : ld a5, 236(a5)             : MemRead :  D=0x000000000007a9c8 A=0x79838
8482500: system.cpu: T0 : 0x18754    : c_ld a4, 0(a5)             : MemRead :  D=0x0000000000000000 A=0x7a9c8
8483500: system.cpu: T0 : 0x18756    : auipc a5, 97               : IntAlu :  D=0x0000000000079756
8484500: system.cpu: T0 : 0x1875a    : ld a5, 226(a5)             : MemRead :  D=0x000000000007a9c8 A=0x79838
8485000: system.cpu: T0 : 0x1875e    : c_ld a5, 16(a5)            : MemRead :  D=0x0000000000000000 A=0x7a9d8
8485500: system.cpu: T0 : 0x18760    : bne a4, a5, 212            : IntAlu : 
8486000: system.cpu: T0 : 0x18764    : auipc a5, 97               : IntAlu :  D=0x0000000000079764
8486500: system.cpu: T0 : 0x18768    : ld a5, 212(a5)             : MemRead :  D=0x000000000007a9c8 A=0x79838
8487000: system.cpu: T0 : 0x1876c    : c_ld a5, 32(a5)            : MemRead :  D=0x0000000000000000 A=0x7a9e8
8488000: system.cpu: T0 : 0x1876e    : sd a5, -472(s0)            : MemWrite :  D=0x0000000000000000 A=0x7ffffffffffffc18
8489000: system.cpu: T0 : 0x18772    : auipc a5, 97               : IntAlu :  D=0x0000000000079772
8490000: system.cpu: T0 : 0x18776    : ld a5, 198(a5)             : MemRead :  D=0x000000000007a9c8 A=0x79838
8490500: system.cpu: T0 : 0x1877a    : c_ld a5, 0(a5)             : MemRead :  D=0x0000000000000000 A=0x7a9c8
8491000: system.cpu: T0 : 0x1877c    : sd a5, -464(s0)            : MemWrite :  D=0x0000000000000000 A=0x7ffffffffffffc20
8491500: system.cpu: T0 : 0x18780    : ld a4, -464(s0)            : MemRead :  D=0x0000000000000000 A=0x7ffffffffffffc20
8492000: system.cpu: T0 : 0x18784    : ld a5, -472(s0)            : MemRead :  D=0x0000000000000000 A=0x7ffffffffffffc18
8492500: system.cpu: T0 : 0x18788    : bge a5, a4, 172            : IntAlu : 
8493000: system.cpu: T0 : 0x18834    : auipc a5, 95               : IntAlu :  D=0x0000000000077834
8493500: system.cpu: T0 : 0x18838    : addi a5, a5, 2000          : IntAlu :  D=0x0000000000078004
8494000: system.cpu: T0 : 0x1883c    : c_lw a5, 0(a5)             : MemRead :  D=0x0000000000000005 A=0x78004
8494500: system.cpu: T0 : 0x1883e    : c_addiw a5, 0              : IntAlu :  D=0x0000000000000005
8495000: system.cpu: T0 : 0x18840    : c_mv a4, a5                : IntAlu :  D=0x0000000000000005
8495500: system.cpu: T0 : 0x18842    : c_li a5, 4                 : IntAlu :  D=0x0000000000000004
8496000: system.cpu: T0 : 0x18844    : bge a5, a4, 276            : IntAlu : 
8496500: system.cpu: T0 : 0x18848    : addi a5, gp, -960          : IntAlu :  D=0x0000000000079c88
8497000: system.cpu: T0 : 0x1884c    : c_lw a5, 0(a5)             : MemRead :  D=0x0000000000000000 A=0x79c88
8497500: system.cpu: T0 : 0x1884e    : c_addiw a5, 0              : IntAlu :  D=0x0000000000000000
8498000: system.cpu: T0 : 0x18850    : c_mv a4, a5                : IntAlu :  D=0x0000000000000000
8498500: system.cpu: T0 : 0x18852    : c_li a5, 3                 : IntAlu :  D=0x0000000000000003
8499000: system.cpu: T0 : 0x18854    : blt a5, a4, 260            : IntAlu : 
8499500: system.cpu: T0 : 0x18858    : auipc a5, 97               : IntAlu :  D=0x0000000000079858
8500000: system.cpu: T0 : 0x1885c    : ld a5, -32(a5)             : MemRead :  D=0x000000000007a9c8 A=0x79838
8500500: system.cpu: T0 : 0x18860    : c_ld a4, 8(a5)             : MemRead :  D=0x0000000000000000 A=0x7a9d0
8501500: system.cpu: T0 : 0x18862    : auipc a5, 97               : IntAlu :  D=0x0000000000079862
8502500: system.cpu: T0 : 0x18866    : ld a5, -42(a5)             : MemRead :  D=0x000000000007a9c8 A=0x79838
8503000: system.cpu: T0 : 0x1886a    : c_ld a5, 0(a5)             : MemRead :  D=0x0000000000000000 A=0x7a9c8
8503500: system.cpu: T0 : 0x1886c    : bne a4, a5, 236            : IntAlu : 
8504000: system.cpu: T0 : 0x18870    : auipc a5, 97               : IntAlu :  D=0x0000000000079870
8504500: system.cpu: T0 : 0x18874    : ld a5, -56(a5)             : MemRead :  D=0x000000000007a9c8 A=0x79838
8505000: system.cpu: T0 : 0x18878    : c_ld a4, 8(a5)             : MemRead :  D=0x0000000000000000 A=0x7a9d0
8506000: system.cpu: T0 : 0x1887a    : auipc a5, 97               : IntAlu :  D=0x000000000007987a
8507000: system.cpu: T0 : 0x1887e    : ld a5, -66(a5)             : MemRead :  D=0x000000000007a9c8 A=0x79838
8507500: system.cpu: T0 : 0x18882    : c_ld a5, 16(a5)            : MemRead :  D=0x0000000000000000 A=0x7a9d8
8508000: system.cpu: T0 : 0x18884    : bne a4, a5, 212            : IntAlu : 
8508500: system.cpu: T0 : 0x18888    : auipc a5, 97               : IntAlu :  D=0x0000000000079888
8509000: system.cpu: T0 : 0x1888c    : ld a5, -80(a5)             : MemRead :  D=0x000000000007a9c8 A=0x79838
8509500: system.cpu: T0 : 0x18890    : c_ld a5, 32(a5)            : MemRead :  D=0x0000000000000000 A=0x7a9e8
8510500: system.cpu: T0 : 0x18892    : sd a5, -448(s0)            : MemWrite :  D=0x0000000000000000 A=0x7ffffffffffffc30
8511500: system.cpu: T0 : 0x18896    : auipc a5, 97               : IntAlu :  D=0x0000000000079896
8512500: system.cpu: T0 : 0x1889a    : ld a5, -94(a5)             : MemRead :  D=0x000000000007a9c8 A=0x79838
8513000: system.cpu: T0 : 0x1889e    : c_ld a5, 8(a5)             : MemRead :  D=0x0000000000000000 A=0x7a9d0
8513500: system.cpu: T0 : 0x188a0    : sd a5, -440(s0)            : MemWrite :  D=0x0000000000000000 A=0x7ffffffffffffc38
8514000: system.cpu: T0 : 0x188a4    : ld a4, -440(s0)            : MemRead :  D=0x0000000000000000 A=0x7ffffffffffffc38
8514500: system.cpu: T0 : 0x188a8    : ld a5, -448(s0)            : MemRead :  D=0x0000000000000000 A=0x7ffffffffffffc30
8515000: system.cpu: T0 : 0x188ac    : bge a5, a4, 172            : IntAlu : 
8515500: system.cpu: T0 : 0x18958    : auipc a5, 95               : IntAlu :  D=0x0000000000077958
8516000: system.cpu: T0 : 0x1895c    : addi a5, a5, 1708          : IntAlu :  D=0x0000000000078004
8516500: system.cpu: T0 : 0x18960    : c_lw a5, 0(a5)             : MemRead :  D=0x0000000000000005 A=0x78004
8517000: system.cpu: T0 : 0x18962    : c_addiw a5, 0              : IntAlu :  D=0x0000000000000005
8517500: system.cpu: T0 : 0x18964    : c_mv a4, a5                : IntAlu :  D=0x0000000000000005
8518000: system.cpu: T0 : 0x18966    : c_li a5, 4                 : IntAlu :  D=0x0000000000000004
8518500: system.cpu: T0 : 0x18968    : bge a5, a4, 276            : IntAlu : 
8519000: system.cpu: T0 : 0x1896c    : addi a5, gp, -960          : IntAlu :  D=0x0000000000079c88
8519500: system.cpu: T0 : 0x18970    : c_lw a5, 0(a5)             : MemRead :  D=0x0000000000000000 A=0x79c88
8520000: system.cpu: T0 : 0x18972    : c_addiw a5, 0              : IntAlu :  D=0x0000000000000000
8520500: system.cpu: T0 : 0x18974    : c_mv a4, a5                : IntAlu :  D=0x0000000000000000
8521000: system.cpu: T0 : 0x18976    : c_li a5, 3                 : IntAlu :  D=0x0000000000000003
8521500: system.cpu: T0 : 0x18978    : blt a5, a4, 260            : IntAlu : 
8522000: system.cpu: T0 : 0x1897c    : auipc a5, 97               : IntAlu :  D=0x000000000007997c
8522500: system.cpu: T0 : 0x18980    : ld a5, -324(a5)            : MemRead :  D=0x000000000007a9c8 A=0x79838
8523000: system.cpu: T0 : 0x18984    : c_ld a4, 8(a5)             : MemRead :  D=0x0000000000000000 A=0x7a9d0
8524000: system.cpu: T0 : 0x18986    : auipc a5, 97               : IntAlu :  D=0x0000000000079986
8525000: system.cpu: T0 : 0x1898a    : ld a5, -334(a5)            : MemRead :  D=0x000000000007a9c8 A=0x79838
8525500: system.cpu: T0 : 0x1898e    : c_ld a5, 0(a5)             : MemRead :  D=0x0000000000000000 A=0x7a9c8
8526000: system.cpu: T0 : 0x18990    : bne a4, a5, 236            : IntAlu : 
8526500: system.cpu: T0 : 0x18994    : auipc a5, 97               : IntAlu :  D=0x0000000000079994
8527000: system.cpu: T0 : 0x18998    : ld a5, -348(a5)            : MemRead :  D=0x000000000007a9c8 A=0x79838
8527500: system.cpu: T0 : 0x1899c    : c_ld a4, 8(a5)             : MemRead :  D=0x0000000000000000 A=0x7a9d0
8528500: system.cpu: T0 : 0x1899e    : auipc a5, 97               : IntAlu :  D=0x000000000007999e
8529500: system.cpu: T0 : 0x189a2    : ld a5, -358(a5)            : MemRead :  D=0x000000000007a9c8 A=0x79838
8530000: system.cpu: T0 : 0x189a6    : c_ld a5, 24(a5)            : MemRead :  D=0x0000000000000000 A=0x7a9e0
8530500: system.cpu: T0 : 0x189a8    : bne a4, a5, 212            : IntAlu : 
8531000: system.cpu: T0 : 0x189ac    : auipc a5, 97               : IntAlu :  D=0x00000000000799ac
8531500: system.cpu: T0 : 0x189b0    : ld a5, -372(a5)            : MemRead :  D=0x000000000007a9c8 A=0x79838
8532000: system.cpu: T0 : 0x189b4    : c_ld a5, 32(a5)            : MemRead :  D=0x0000000000000000 A=0x7a9e8
8533000: system.cpu: T0 : 0x189b6    : sd a5, -424(s0)            : MemWrite :  D=0x0000000000000000 A=0x7ffffffffffffc48
8534000: system.cpu: T0 : 0x189ba    : auipc a5, 97               : IntAlu :  D=0x00000000000799ba
8535000: system.cpu: T0 : 0x189be    : ld a5, -386(a5)            : MemRead :  D=0x000000000007a9c8 A=0x79838
8535500: system.cpu: T0 : 0x189c2    : c_ld a5, 8(a5)             : MemRead :  D=0x0000000000000000 A=0x7a9d0
8536000: system.cpu: T0 : 0x189c4    : sd a5, -416(s0)            : MemWrite :  D=0x0000000000000000 A=0x7ffffffffffffc50
8536500: system.cpu: T0 : 0x189c8    : ld a4, -416(s0)            : MemRead :  D=0x0000000000000000 A=0x7ffffffffffffc50
8537000: system.cpu: T0 : 0x189cc    : ld a5, -424(s0)            : MemRead :  D=0x0000000000000000 A=0x7ffffffffffffc48
8537500: system.cpu: T0 : 0x189d0    : bge a5, a4, 172            : IntAlu : 
8538000: system.cpu: T0 : 0x18a7c    : auipc a5, 95               : IntAlu :  D=0x0000000000077a7c
8538500: system.cpu: T0 : 0x18a80    : addi a5, a5, 1416          : IntAlu :  D=0x0000000000078004
8539000: system.cpu: T0 : 0x18a84    : c_lw a5, 0(a5)             : MemRead :  D=0x0000000000000005 A=0x78004
8539500: system.cpu: T0 : 0x18a86    : c_addiw a5, 0              : IntAlu :  D=0x0000000000000005
8540000: system.cpu: T0 : 0x18a88    : c_mv a4, a5                : IntAlu :  D=0x0000000000000005
8540500: system.cpu: T0 : 0x18a8a    : c_li a5, 4                 : IntAlu :  D=0x0000000000000004
8541000: system.cpu: T0 : 0x18a8c    : bge a5, a4, 276            : IntAlu : 
8541500: system.cpu: T0 : 0x18a90    : addi a5, gp, -960          : IntAlu :  D=0x0000000000079c88
8542000: system.cpu: T0 : 0x18a94    : c_lw a5, 0(a5)             : MemRead :  D=0x0000000000000000 A=0x79c88
8542500: system.cpu: T0 : 0x18a96    : c_addiw a5, 0              : IntAlu :  D=0x0000000000000000
8543000: system.cpu: T0 : 0x18a98    : c_mv a4, a5                : IntAlu :  D=0x0000000000000000
8543500: system.cpu: T0 : 0x18a9a    : c_li a5, 3                 : IntAlu :  D=0x0000000000000003
8544000: system.cpu: T0 : 0x18a9c    : blt a5, a4, 260            : IntAlu : 
8544500: system.cpu: T0 : 0x18aa0    : auipc a5, 97               : IntAlu :  D=0x0000000000079aa0
8545000: system.cpu: T0 : 0x18aa4    : ld a5, -616(a5)            : MemRead :  D=0x000000000007a9c8 A=0x79838
8545500: system.cpu: T0 : 0x18aa8    : c_ld a4, 8(a5)             : MemRead :  D=0x0000000000000000 A=0x7a9d0
8546500: system.cpu: T0 : 0x18aaa    : auipc a5, 97               : IntAlu :  D=0x0000000000079aaa
8547500: system.cpu: T0 : 0x18aae    : ld a5, -626(a5)            : MemRead :  D=0x000000000007a9c8 A=0x79838
8548000: system.cpu: T0 : 0x18ab2    : c_ld a5, 16(a5)            : MemRead :  D=0x0000000000000000 A=0x7a9d8
8548500: system.cpu: T0 : 0x18ab4    : bne a4, a5, 236            : IntAlu : 
8549000: system.cpu: T0 : 0x18ab8    : auipc a5, 97               : IntAlu :  D=0x0000000000079ab8
8549500: system.cpu: T0 : 0x18abc    : ld a5, -640(a5)            : MemRead :  D=0x000000000007a9c8 A=0x79838
8550000: system.cpu: T0 : 0x18ac0    : c_ld a4, 8(a5)             : MemRead :  D=0x0000000000000000 A=0x7a9d0
8551000: system.cpu: T0 : 0x18ac2    : auipc a5, 97               : IntAlu :  D=0x0000000000079ac2
8552000: system.cpu: T0 : 0x18ac6    : ld a5, -650(a5)            : MemRead :  D=0x000000000007a9c8 A=0x79838
8552500: system.cpu: T0 : 0x18aca    : c_ld a5, 0(a5)             : MemRead :  D=0x0000000000000000 A=0x7a9c8
8553000: system.cpu: T0 : 0x18acc    : bne a4, a5, 212            : IntAlu : 
8553500: system.cpu: T0 : 0x18ad0    : auipc a5, 97               : IntAlu :  D=0x0000000000079ad0
8554000: system.cpu: T0 : 0x18ad4    : ld a5, -664(a5)            : MemRead :  D=0x000000000007a9c8 A=0x79838
8554500: system.cpu: T0 : 0x18ad8    : c_ld a5, 32(a5)            : MemRead :  D=0x0000000000000000 A=0x7a9e8
8555500: system.cpu: T0 : 0x18ada    : sd a5, -400(s0)            : MemWrite :  D=0x0000000000000000 A=0x7ffffffffffffc60
8556500: system.cpu: T0 : 0x18ade    : auipc a5, 97               : IntAlu :  D=0x0000000000079ade
8557500: system.cpu: T0 : 0x18ae2    : ld a5, -678(a5)            : MemRead :  D=0x000000000007a9c8 A=0x79838
8558000: system.cpu: T0 : 0x18ae6    : c_ld a5, 8(a5)             : MemRead :  D=0x0000000000000000 A=0x7a9d0
8558500: system.cpu: T0 : 0x18ae8    : sd a5, -392(s0)            : MemWrite :  D=0x0000000000000000 A=0x7ffffffffffffc68
8559000: system.cpu: T0 : 0x18aec    : ld a4, -392(s0)            : MemRead :  D=0x0000000000000000 A=0x7ffffffffffffc68
8559500: system.cpu: T0 : 0x18af0    : ld a5, -400(s0)            : MemRead :  D=0x0000000000000000 A=0x7ffffffffffffc60
8560000: system.cpu: T0 : 0x18af4    : bge a5, a4, 172            : IntAlu : 
8560500: system.cpu: T0 : 0x18ba0    : auipc a5, 95               : IntAlu :  D=0x0000000000077ba0
8561000: system.cpu: T0 : 0x18ba4    : addi a5, a5, 1124          : IntAlu :  D=0x0000000000078004
8561500: system.cpu: T0 : 0x18ba8    : c_lw a5, 0(a5)             : MemRead :  D=0x0000000000000005 A=0x78004
8562000: system.cpu: T0 : 0x18baa    : c_addiw a5, 0              : IntAlu :  D=0x0000000000000005
8562500: system.cpu: T0 : 0x18bac    : c_mv a4, a5                : IntAlu :  D=0x0000000000000005
8563000: system.cpu: T0 : 0x18bae    : c_li a5, 4                 : IntAlu :  D=0x0000000000000004
8563500: system.cpu: T0 : 0x18bb0    : bge a5, a4, 256            : IntAlu : 
8564000: system.cpu: T0 : 0x18bb4    : addi a5, gp, -960          : IntAlu :  D=0x0000000000079c88
8564500: system.cpu: T0 : 0x18bb8    : c_lw a5, 0(a5)             : MemRead :  D=0x0000000000000000 A=0x79c88
8565000: system.cpu: T0 : 0x18bba    : c_addiw a5, 0              : IntAlu :  D=0x0000000000000000
8565500: system.cpu: T0 : 0x18bbc    : c_mv a4, a5                : IntAlu :  D=0x0000000000000000
8566000: system.cpu: T0 : 0x18bbe    : c_li a5, 3                 : IntAlu :  D=0x0000000000000003
8566500: system.cpu: T0 : 0x18bc0    : blt a5, a4, 240            : IntAlu : 
8567000: system.cpu: T0 : 0x18bc4    : auipc a5, 97               : IntAlu :  D=0x0000000000079bc4
8567500: system.cpu: T0 : 0x18bc8    : ld a5, -908(a5)            : MemRead :  D=0x000000000007a9c8 A=0x79838
8568000: system.cpu: T0 : 0x18bcc    : c_ld a4, 8(a5)             : MemRead :  D=0x0000000000000000 A=0x7a9d0
8569000: system.cpu: T0 : 0x18bce    : auipc a5, 97               : IntAlu :  D=0x0000000000079bce
8570000: system.cpu: T0 : 0x18bd2    : ld a5, -918(a5)            : MemRead :  D=0x000000000007a9c8 A=0x79838
8570500: system.cpu: T0 : 0x18bd6    : c_ld a5, 16(a5)            : MemRead :  D=0x0000000000000000 A=0x7a9d8
8571000: system.cpu: T0 : 0x18bd8    : bne a4, a5, 216            : IntAlu : 
8571500: system.cpu: T0 : 0x18bdc    : auipc a5, 97               : IntAlu :  D=0x0000000000079bdc
8572000: system.cpu: T0 : 0x18be0    : ld a5, -932(a5)            : MemRead :  D=0x000000000007a9c8 A=0x79838
8572500: system.cpu: T0 : 0x18be4    : c_ld a4, 8(a5)             : MemRead :  D=0x0000000000000000 A=0x7a9d0
8573500: system.cpu: T0 : 0x18be6    : auipc a5, 97               : IntAlu :  D=0x0000000000079be6
8574500: system.cpu: T0 : 0x18bea    : ld a5, -942(a5)            : MemRead :  D=0x000000000007a9c8 A=0x79838
8575000: system.cpu: T0 : 0x18bee    : c_ld a5, 24(a5)            : MemRead :  D=0x0000000000000000 A=0x7a9e0
8575500: system.cpu: T0 : 0x18bf0    : bne a4, a5, 192            : IntAlu : 
8576000: system.cpu: T0 : 0x18bf4    : auipc a5, 97               : IntAlu :  D=0x0000000000079bf4
8576500: system.cpu: T0 : 0x18bf8    : ld a5, -956(a5)            : MemRead :  D=0x000000000007a9c8 A=0x79838
8577000: system.cpu: T0 : 0x18bfc    : c_ld a5, 32(a5)            : MemRead :  D=0x0000000000000000 A=0x7a9e8
8578000: system.cpu: T0 : 0x18bfe    : sd a5, -376(s0)            : MemWrite :  D=0x0000000000000000 A=0x7ffffffffffffc78
8579000: system.cpu: T0 : 0x18c02    : auipc a5, 97               : IntAlu :  D=0x0000000000079c02
8580000: system.cpu: T0 : 0x18c06    : ld a5, -970(a5)            : MemRead :  D=0x000000000007a9c8 A=0x79838
8580500: system.cpu: T0 : 0x18c0a    : c_ld a5, 8(a5)             : MemRead :  D=0x0000000000000000 A=0x7a9d0
8581000: system.cpu: T0 : 0x18c0c    : sd a5, -368(s0)            : MemWrite :  D=0x0000000000000000 A=0x7ffffffffffffc80
8581500: system.cpu: T0 : 0x18c10    : ld a4, -368(s0)            : MemRead :  D=0x0000000000000000 A=0x7ffffffffffffc80
8582000: system.cpu: T0 : 0x18c14    : ld a5, -376(s0)            : MemRead :  D=0x0000000000000000 A=0x7ffffffffffffc78
8582500: system.cpu: T0 : 0x18c18    : bge a5, a4, 152            : IntAlu : 
8583000: system.cpu: T0 : 0x18cb0    : auipc a5, 95               : IntAlu :  D=0x0000000000077cb0
8583500: system.cpu: T0 : 0x18cb4    : addi a5, a5, 852           : IntAlu :  D=0x0000000000078004
8584000: system.cpu: T0 : 0x18cb8    : c_lw a5, 0(a5)             : MemRead :  D=0x0000000000000005 A=0x78004
8584500: system.cpu: T0 : 0x18cba    : c_addiw a5, 0              : IntAlu :  D=0x0000000000000005
8585000: system.cpu: T0 : 0x18cbc    : c_mv a4, a5                : IntAlu :  D=0x0000000000000005
8585500: system.cpu: T0 : 0x18cbe    : c_li a5, 4                 : IntAlu :  D=0x0000000000000004
8586000: system.cpu: T0 : 0x18cc0    : bge a5, a4, 276            : IntAlu : 
8586500: system.cpu: T0 : 0x18cc4    : addi a5, gp, -960          : IntAlu :  D=0x0000000000079c88
8587000: system.cpu: T0 : 0x18cc8    : c_lw a5, 0(a5)             : MemRead :  D=0x0000000000000000 A=0x79c88
8587500: system.cpu: T0 : 0x18cca    : c_addiw a5, 0              : IntAlu :  D=0x0000000000000000
8588000: system.cpu: T0 : 0x18ccc    : c_mv a4, a5                : IntAlu :  D=0x0000000000000000
8588500: system.cpu: T0 : 0x18cce    : c_li a5, 3                 : IntAlu :  D=0x0000000000000003
8589000: system.cpu: T0 : 0x18cd0    : blt a5, a4, 260            : IntAlu : 
8589500: system.cpu: T0 : 0x18cd4    : auipc a5, 97               : IntAlu :  D=0x0000000000079cd4
8590000: system.cpu: T0 : 0x18cd8    : ld a5, -1180(a5)           : MemRead :  D=0x000000000007a9c8 A=0x79838
8590500: system.cpu: T0 : 0x18cdc    : c_ld a4, 8(a5)             : MemRead :  D=0x0000000000000000 A=0x7a9d0
8591500: system.cpu: T0 : 0x18cde    : auipc a5, 97               : IntAlu :  D=0x0000000000079cde
8592500: system.cpu: T0 : 0x18ce2    : ld a5, -1190(a5)           : MemRead :  D=0x000000000007a9c8 A=0x79838
8593000: system.cpu: T0 : 0x18ce6    : c_ld a5, 24(a5)            : MemRead :  D=0x0000000000000000 A=0x7a9e0
8593500: system.cpu: T0 : 0x18ce8    : bne a4, a5, 236            : IntAlu : 
8594000: system.cpu: T0 : 0x18cec    : auipc a5, 97               : IntAlu :  D=0x0000000000079cec
8594500: system.cpu: T0 : 0x18cf0    : ld a5, -1204(a5)           : MemRead :  D=0x000000000007a9c8 A=0x79838
8595000: system.cpu: T0 : 0x18cf4    : c_ld a4, 8(a5)             : MemRead :  D=0x0000000000000000 A=0x7a9d0
8596000: system.cpu: T0 : 0x18cf6    : auipc a5, 97               : IntAlu :  D=0x0000000000079cf6
8597000: system.cpu: T0 : 0x18cfa    : ld a5, -1214(a5)           : MemRead :  D=0x000000000007a9c8 A=0x79838
8597500: system.cpu: T0 : 0x18cfe    : c_ld a5, 0(a5)             : MemRead :  D=0x0000000000000000 A=0x7a9c8
8598000: system.cpu: T0 : 0x18d00    : bne a4, a5, 212            : IntAlu : 
8598500: system.cpu: T0 : 0x18d04    : auipc a5, 97               : IntAlu :  D=0x0000000000079d04
8599000: system.cpu: T0 : 0x18d08    : ld a5, -1228(a5)           : MemRead :  D=0x000000000007a9c8 A=0x79838
8599500: system.cpu: T0 : 0x18d0c    : c_ld a5, 32(a5)            : MemRead :  D=0x0000000000000000 A=0x7a9e8
8600500: system.cpu: T0 : 0x18d0e    : sd a5, -352(s0)            : MemWrite :  D=0x0000000000000000 A=0x7ffffffffffffc90
8601500: system.cpu: T0 : 0x18d12    : auipc a5, 97               : IntAlu :  D=0x0000000000079d12
8602500: system.cpu: T0 : 0x18d16    : ld a5, -1242(a5)           : MemRead :  D=0x000000000007a9c8 A=0x79838
8603000: system.cpu: T0 : 0x18d1a    : c_ld a5, 8(a5)             : MemRead :  D=0x0000000000000000 A=0x7a9d0
8603500: system.cpu: T0 : 0x18d1c    : sd a5, -344(s0)            : MemWrite :  D=0x0000000000000000 A=0x7ffffffffffffc98
8604000: system.cpu: T0 : 0x18d20    : ld a4, -344(s0)            : MemRead :  D=0x0000000000000000 A=0x7ffffffffffffc98
8604500: system.cpu: T0 : 0x18d24    : ld a5, -352(s0)            : MemRead :  D=0x0000000000000000 A=0x7ffffffffffffc90
8605000: system.cpu: T0 : 0x18d28    : bge a5, a4, 172            : IntAlu : 
8605500: system.cpu: T0 : 0x18dd4    : auipc a5, 95               : IntAlu :  D=0x0000000000077dd4
8606000: system.cpu: T0 : 0x18dd8    : addi a5, a5, 560           : IntAlu :  D=0x0000000000078004
8606500: system.cpu: T0 : 0x18ddc    : c_lw a5, 0(a5)             : MemRead :  D=0x0000000000000005 A=0x78004
8607000: system.cpu: T0 : 0x18dde    : c_addiw a5, 0              : IntAlu :  D=0x0000000000000005
8607500: system.cpu: T0 : 0x18de0    : c_mv a4, a5                : IntAlu :  D=0x0000000000000005
8608000: system.cpu: T0 : 0x18de2    : c_li a5, 4                 : IntAlu :  D=0x0000000000000004
8608500: system.cpu: T0 : 0x18de4    : bge a5, a4, 256            : IntAlu : 
8609000: system.cpu: T0 : 0x18de8    : addi a5, gp, -960          : IntAlu :  D=0x0000000000079c88
8609500: system.cpu: T0 : 0x18dec    : c_lw a5, 0(a5)             : MemRead :  D=0x0000000000000000 A=0x79c88
8610000: system.cpu: T0 : 0x18dee    : c_addiw a5, 0              : IntAlu :  D=0x0000000000000000
8610500: system.cpu: T0 : 0x18df0    : c_mv a4, a5                : IntAlu :  D=0x0000000000000000
8611000: system.cpu: T0 : 0x18df2    : c_li a5, 3                 : IntAlu :  D=0x0000000000000003
8611500: system.cpu: T0 : 0x18df4    : blt a5, a4, 240            : IntAlu : 
8612000: system.cpu: T0 : 0x18df8    : auipc a5, 97               : IntAlu :  D=0x0000000000079df8
8612500: system.cpu: T0 : 0x18dfc    : ld a5, -1472(a5)           : MemRead :  D=0x000000000007a9c8 A=0x79838
8613000: system.cpu: T0 : 0x18e00    : c_ld a4, 8(a5)             : MemRead :  D=0x0000000000000000 A=0x7a9d0
8614000: system.cpu: T0 : 0x18e02    : auipc a5, 97               : IntAlu :  D=0x0000000000079e02
8615000: system.cpu: T0 : 0x18e06    : ld a5, -1482(a5)           : MemRead :  D=0x000000000007a9c8 A=0x79838
8615500: system.cpu: T0 : 0x18e0a    : c_ld a5, 24(a5)            : MemRead :  D=0x0000000000000000 A=0x7a9e0
8616000: system.cpu: T0 : 0x18e0c    : bne a4, a5, 216            : IntAlu : 
8616500: system.cpu: T0 : 0x18e10    : auipc a5, 97               : IntAlu :  D=0x0000000000079e10
8617000: system.cpu: T0 : 0x18e14    : ld a5, -1496(a5)           : MemRead :  D=0x000000000007a9c8 A=0x79838
8617500: system.cpu: T0 : 0x18e18    : c_ld a4, 8(a5)             : MemRead :  D=0x0000000000000000 A=0x7a9d0
8618500: system.cpu: T0 : 0x18e1a    : auipc a5, 97               : IntAlu :  D=0x0000000000079e1a
8619500: system.cpu: T0 : 0x18e1e    : ld a5, -1506(a5)           : MemRead :  D=0x000000000007a9c8 A=0x79838
8620000: system.cpu: T0 : 0x18e22    : c_ld a5, 16(a5)            : MemRead :  D=0x0000000000000000 A=0x7a9d8
8620500: system.cpu: T0 : 0x18e24    : bne a4, a5, 192            : IntAlu : 
8621000: system.cpu: T0 : 0x18e28    : auipc a5, 97               : IntAlu :  D=0x0000000000079e28
8621500: system.cpu: T0 : 0x18e2c    : ld a5, -1520(a5)           : MemRead :  D=0x000000000007a9c8 A=0x79838
8622000: system.cpu: T0 : 0x18e30    : c_ld a5, 32(a5)            : MemRead :  D=0x0000000000000000 A=0x7a9e8
8623000: system.cpu: T0 : 0x18e32    : sd a5, -328(s0)            : MemWrite :  D=0x0000000000000000 A=0x7ffffffffffffca8
8624000: system.cpu: T0 : 0x18e36    : auipc a5, 97               : IntAlu :  D=0x0000000000079e36
8625000: system.cpu: T0 : 0x18e3a    : ld a5, -1534(a5)           : MemRead :  D=0x000000000007a9c8 A=0x79838
8625500: system.cpu: T0 : 0x18e3e    : c_ld a5, 8(a5)             : MemRead :  D=0x0000000000000000 A=0x7a9d0
8626000: system.cpu: T0 : 0x18e40    : sd a5, -320(s0)            : MemWrite :  D=0x0000000000000000 A=0x7ffffffffffffcb0
8626500: system.cpu: T0 : 0x18e44    : ld a4, -320(s0)            : MemRead :  D=0x0000000000000000 A=0x7ffffffffffffcb0
8627000: system.cpu: T0 : 0x18e48    : ld a5, -328(s0)            : MemRead :  D=0x0000000000000000 A=0x7ffffffffffffca8
8627500: system.cpu: T0 : 0x18e4c    : bge a5, a4, 152            : IntAlu : 
8628000: system.cpu: T0 : 0x18ee4    : auipc a5, 95               : IntAlu :  D=0x0000000000077ee4
8628500: system.cpu: T0 : 0x18ee8    : addi a5, a5, 288           : IntAlu :  D=0x0000000000078004
8629000: system.cpu: T0 : 0x18eec    : c_lw a5, 0(a5)             : MemRead :  D=0x0000000000000005 A=0x78004
8629500: system.cpu: T0 : 0x18eee    : c_addiw a5, 0              : IntAlu :  D=0x0000000000000005
8630000: system.cpu: T0 : 0x18ef0    : c_mv a4, a5                : IntAlu :  D=0x0000000000000005
8630500: system.cpu: T0 : 0x18ef2    : c_li a5, 4                 : IntAlu :  D=0x0000000000000004
8631000: system.cpu: T0 : 0x18ef4    : bge a5, a4, 276            : IntAlu : 
8631500: system.cpu: T0 : 0x18ef8    : addi a5, gp, -960          : IntAlu :  D=0x0000000000079c88
8632000: system.cpu: T0 : 0x18efc    : c_lw a5, 0(a5)             : MemRead :  D=0x0000000000000000 A=0x79c88
8632500: system.cpu: T0 : 0x18efe    : c_addiw a5, 0              : IntAlu :  D=0x0000000000000000
8633000: system.cpu: T0 : 0x18f00    : c_mv a4, a5                : IntAlu :  D=0x0000000000000000
8633500: system.cpu: T0 : 0x18f02    : c_li a5, 3                 : IntAlu :  D=0x0000000000000003
8634000: system.cpu: T0 : 0x18f04    : blt a5, a4, 260            : IntAlu : 
8634500: system.cpu: T0 : 0x18f08    : auipc a5, 97               : IntAlu :  D=0x0000000000079f08
8635000: system.cpu: T0 : 0x18f0c    : ld a5, -1744(a5)           : MemRead :  D=0x000000000007a9c8 A=0x79838
8635500: system.cpu: T0 : 0x18f10    : c_ld a4, 16(a5)            : MemRead :  D=0x0000000000000000 A=0x7a9d8
8636500: system.cpu: T0 : 0x18f12    : auipc a5, 97               : IntAlu :  D=0x0000000000079f12
8637500: system.cpu: T0 : 0x18f16    : ld a5, -1754(a5)           : MemRead :  D=0x000000000007a9c8 A=0x79838
8638000: system.cpu: T0 : 0x18f1a    : c_ld a5, 0(a5)             : MemRead :  D=0x0000000000000000 A=0x7a9c8
8638500: system.cpu: T0 : 0x18f1c    : bne a4, a5, 236            : IntAlu : 
8639000: system.cpu: T0 : 0x18f20    : auipc a5, 97               : IntAlu :  D=0x0000000000079f20
8639500: system.cpu: T0 : 0x18f24    : ld a5, -1768(a5)           : MemRead :  D=0x000000000007a9c8 A=0x79838
8640000: system.cpu: T0 : 0x18f28    : c_ld a4, 16(a5)            : MemRead :  D=0x0000000000000000 A=0x7a9d8
8641000: system.cpu: T0 : 0x18f2a    : auipc a5, 97               : IntAlu :  D=0x0000000000079f2a
8642000: system.cpu: T0 : 0x18f2e    : ld a5, -1778(a5)           : MemRead :  D=0x000000000007a9c8 A=0x79838
8642500: system.cpu: T0 : 0x18f32    : c_ld a5, 8(a5)             : MemRead :  D=0x0000000000000000 A=0x7a9d0
8643000: system.cpu: T0 : 0x18f34    : bne a4, a5, 212            : IntAlu : 
8643500: system.cpu: T0 : 0x18f38    : auipc a5, 97               : IntAlu :  D=0x0000000000079f38
8644000: system.cpu: T0 : 0x18f3c    : ld a5, -1792(a5)           : MemRead :  D=0x000000000007a9c8 A=0x79838
8644500: system.cpu: T0 : 0x18f40    : c_ld a5, 32(a5)            : MemRead :  D=0x0000000000000000 A=0x7a9e8
8645500: system.cpu: T0 : 0x18f42    : sd a5, -304(s0)            : MemWrite :  D=0x0000000000000000 A=0x7ffffffffffffcc0
8646500: system.cpu: T0 : 0x18f46    : auipc a5, 97               : IntAlu :  D=0x0000000000079f46
8647500: system.cpu: T0 : 0x18f4a    : ld a5, -1806(a5)           : MemRead :  D=0x000000000007a9c8 A=0x79838
8648000: system.cpu: T0 : 0x18f4e    : c_ld a5, 16(a5)            : MemRead :  D=0x0000000000000000 A=0x7a9d8
8648500: system.cpu: T0 : 0x18f50    : sd a5, -296(s0)            : MemWrite :  D=0x0000000000000000 A=0x7ffffffffffffcc8
8649000: system.cpu: T0 : 0x18f54    : ld a4, -296(s0)            : MemRead :  D=0x0000000000000000 A=0x7ffffffffffffcc8
8649500: system.cpu: T0 : 0x18f58    : ld a5, -304(s0)            : MemRead :  D=0x0000000000000000 A=0x7ffffffffffffcc0
8650000: system.cpu: T0 : 0x18f5c    : bge a5, a4, 172            : IntAlu : 
8650500: system.cpu: T0 : 0x19008    : auipc a5, 95               : IntAlu :  D=0x0000000000078008
8651000: system.cpu: T0 : 0x1900c    : addi a5, a5, -4            : IntAlu :  D=0x0000000000078004
8651500: system.cpu: T0 : 0x19010    : c_lw a5, 0(a5)             : MemRead :  D=0x0000000000000005 A=0x78004
8652000: system.cpu: T0 : 0x19012    : c_addiw a5, 0              : IntAlu :  D=0x0000000000000005
8652500: system.cpu: T0 : 0x19014    : c_mv a4, a5                : IntAlu :  D=0x0000000000000005
8653000: system.cpu: T0 : 0x19016    : c_li a5, 4                 : IntAlu :  D=0x0000000000000004
8653500: system.cpu: T0 : 0x19018    : bge a5, a4, 276            : IntAlu : 
8654000: system.cpu: T0 : 0x1901c    : addi a5, gp, -960          : IntAlu :  D=0x0000000000079c88
8654500: system.cpu: T0 : 0x19020    : c_lw a5, 0(a5)             : MemRead :  D=0x0000000000000000 A=0x79c88
8655000: system.cpu: T0 : 0x19022    : c_addiw a5, 0              : IntAlu :  D=0x0000000000000000
8655500: system.cpu: T0 : 0x19024    : c_mv a4, a5                : IntAlu :  D=0x0000000000000000
8656000: system.cpu: T0 : 0x19026    : c_li a5, 3                 : IntAlu :  D=0x0000000000000003
8656500: system.cpu: T0 : 0x19028    : blt a5, a4, 260            : IntAlu : 
8657000: system.cpu: T0 : 0x1902c    : auipc a5, 97               : IntAlu :  D=0x000000000007a02c
8657500: system.cpu: T0 : 0x19030    : ld a5, -2036(a5)           : MemRead :  D=0x000000000007a9c8 A=0x79838
8658000: system.cpu: T0 : 0x19034    : c_ld a4, 16(a5)            : MemRead :  D=0x0000000000000000 A=0x7a9d8
8659000: system.cpu: T0 : 0x19036    : auipc a5, 97               : IntAlu :  D=0x000000000007a036
8660000: system.cpu: T0 : 0x1903a    : ld a5, -2046(a5)           : MemRead :  D=0x000000000007a9c8 A=0x79838
8660500: system.cpu: T0 : 0x1903e    : c_ld a5, 0(a5)             : MemRead :  D=0x0000000000000000 A=0x7a9c8
8661000: system.cpu: T0 : 0x19040    : bne a4, a5, 236            : IntAlu : 
8661500: system.cpu: T0 : 0x19044    : auipc a5, 96               : IntAlu :  D=0x0000000000079044
8662000: system.cpu: T0 : 0x19048    : ld a5, 2036(a5)            : MemRead :  D=0x000000000007a9c8 A=0x79838
8662500: system.cpu: T0 : 0x1904c    : c_ld a4, 16(a5)            : MemRead :  D=0x0000000000000000 A=0x7a9d8
8663500: system.cpu: T0 : 0x1904e    : auipc a5, 96               : IntAlu :  D=0x000000000007904e
8664500: system.cpu: T0 : 0x19052    : ld a5, 2026(a5)            : MemRead :  D=0x000000000007a9c8 A=0x79838
8665000: system.cpu: T0 : 0x19056    : c_ld a5, 24(a5)            : MemRead :  D=0x0000000000000000 A=0x7a9e0
8665500: system.cpu: T0 : 0x19058    : bne a4, a5, 212            : IntAlu : 
8666000: system.cpu: T0 : 0x1905c    : auipc a5, 96               : IntAlu :  D=0x000000000007905c
8666500: system.cpu: T0 : 0x19060    : ld a5, 2012(a5)            : MemRead :  D=0x000000000007a9c8 A=0x79838
8667000: system.cpu: T0 : 0x19064    : c_ld a5, 32(a5)            : MemRead :  D=0x0000000000000000 A=0x7a9e8
8668000: system.cpu: T0 : 0x19066    : sd a5, -280(s0)            : MemWrite :  D=0x0000000000000000 A=0x7ffffffffffffcd8
8669000: system.cpu: T0 : 0x1906a    : auipc a5, 96               : IntAlu :  D=0x000000000007906a
8670000: system.cpu: T0 : 0x1906e    : ld a5, 1998(a5)            : MemRead :  D=0x000000000007a9c8 A=0x79838
8670500: system.cpu: T0 : 0x19072    : c_ld a5, 16(a5)            : MemRead :  D=0x0000000000000000 A=0x7a9d8
8671000: system.cpu: T0 : 0x19074    : sd a5, -272(s0)            : MemWrite :  D=0x0000000000000000 A=0x7ffffffffffffce0
8671500: system.cpu: T0 : 0x19078    : ld a4, -272(s0)            : MemRead :  D=0x0000000000000000 A=0x7ffffffffffffce0
8672000: system.cpu: T0 : 0x1907c    : ld a5, -280(s0)            : MemRead :  D=0x0000000000000000 A=0x7ffffffffffffcd8
8672500: system.cpu: T0 : 0x19080    : bge a5, a4, 172            : IntAlu : 
8673000: system.cpu: T0 : 0x1912c    : auipc a5, 95               : IntAlu :  D=0x000000000007812c
8673500: system.cpu: T0 : 0x19130    : addi a5, a5, -296          : IntAlu :  D=0x0000000000078004
8674000: system.cpu: T0 : 0x19134    : c_lw a5, 0(a5)             : MemRead :  D=0x0000000000000005 A=0x78004
8674500: system.cpu: T0 : 0x19136    : c_addiw a5, 0              : IntAlu :  D=0x0000000000000005
8675000: system.cpu: T0 : 0x19138    : c_mv a4, a5                : IntAlu :  D=0x0000000000000005
8675500: system.cpu: T0 : 0x1913a    : c_li a5, 4                 : IntAlu :  D=0x0000000000000004
8676000: system.cpu: T0 : 0x1913c    : bge a5, a4, 276            : IntAlu : 
8676500: system.cpu: T0 : 0x19140    : addi a5, gp, -960          : IntAlu :  D=0x0000000000079c88
8677000: system.cpu: T0 : 0x19144    : c_lw a5, 0(a5)             : MemRead :  D=0x0000000000000000 A=0x79c88
8677500: system.cpu: T0 : 0x19146    : c_addiw a5, 0              : IntAlu :  D=0x0000000000000000
8678000: system.cpu: T0 : 0x19148    : c_mv a4, a5                : IntAlu :  D=0x0000000000000000
8678500: system.cpu: T0 : 0x1914a    : c_li a5, 3                 : IntAlu :  D=0x0000000000000003
8679000: system.cpu: T0 : 0x1914c    : blt a5, a4, 260            : IntAlu : 
8679500: system.cpu: T0 : 0x19150    : auipc a5, 96               : IntAlu :  D=0x0000000000079150
8680000: system.cpu: T0 : 0x19154    : ld a5, 1768(a5)            : MemRead :  D=0x000000000007a9c8 A=0x79838
8680500: system.cpu: T0 : 0x19158    : c_ld a4, 16(a5)            : MemRead :  D=0x0000000000000000 A=0x7a9d8
8681500: system.cpu: T0 : 0x1915a    : auipc a5, 96               : IntAlu :  D=0x000000000007915a
8682500: system.cpu: T0 : 0x1915e    : ld a5, 1758(a5)            : MemRead :  D=0x000000000007a9c8 A=0x79838
8683000: system.cpu: T0 : 0x19162    : c_ld a5, 8(a5)             : MemRead :  D=0x0000000000000000 A=0x7a9d0
8683500: system.cpu: T0 : 0x19164    : bne a4, a5, 236            : IntAlu : 
8684000: system.cpu: T0 : 0x19168    : auipc a5, 96               : IntAlu :  D=0x0000000000079168
8684500: system.cpu: T0 : 0x1916c    : ld a5, 1744(a5)            : MemRead :  D=0x000000000007a9c8 A=0x79838
8685000: system.cpu: T0 : 0x19170    : c_ld a4, 16(a5)            : MemRead :  D=0x0000000000000000 A=0x7a9d8
8686000: system.cpu: T0 : 0x19172    : auipc a5, 96               : IntAlu :  D=0x0000000000079172
8687000: system.cpu: T0 : 0x19176    : ld a5, 1734(a5)            : MemRead :  D=0x000000000007a9c8 A=0x79838
8687500: system.cpu: T0 : 0x1917a    : c_ld a5, 0(a5)             : MemRead :  D=0x0000000000000000 A=0x7a9c8
8688000: system.cpu: T0 : 0x1917c    : bne a4, a5, 212            : IntAlu : 
8688500: system.cpu: T0 : 0x19180    : auipc a5, 96               : IntAlu :  D=0x0000000000079180
8689000: system.cpu: T0 : 0x19184    : ld a5, 1720(a5)            : MemRead :  D=0x000000000007a9c8 A=0x79838
8689500: system.cpu: T0 : 0x19188    : c_ld a5, 32(a5)            : MemRead :  D=0x0000000000000000 A=0x7a9e8
8690500: system.cpu: T0 : 0x1918a    : sd a5, -256(s0)            : MemWrite :  D=0x0000000000000000 A=0x7ffffffffffffcf0
8691500: system.cpu: T0 : 0x1918e    : auipc a5, 96               : IntAlu :  D=0x000000000007918e
8692500: system.cpu: T0 : 0x19192    : ld a5, 1706(a5)            : MemRead :  D=0x000000000007a9c8 A=0x79838
8693000: system.cpu: T0 : 0x19196    : c_ld a5, 16(a5)            : MemRead :  D=0x0000000000000000 A=0x7a9d8
8693500: system.cpu: T0 : 0x19198    : sd a5, -248(s0)            : MemWrite :  D=0x0000000000000000 A=0x7ffffffffffffcf8
8694000: system.cpu: T0 : 0x1919c    : ld a4, -248(s0)            : MemRead :  D=0x0000000000000000 A=0x7ffffffffffffcf8
8694500: system.cpu: T0 : 0x191a0    : ld a5, -256(s0)            : MemRead :  D=0x0000000000000000 A=0x7ffffffffffffcf0
8695000: system.cpu: T0 : 0x191a4    : bge a5, a4, 172            : IntAlu : 
8695500: system.cpu: T0 : 0x19250    : auipc a5, 95               : IntAlu :  D=0x0000000000078250
8696000: system.cpu: T0 : 0x19254    : addi a5, a5, -588          : IntAlu :  D=0x0000000000078004
8696500: system.cpu: T0 : 0x19258    : c_lw a5, 0(a5)             : MemRead :  D=0x0000000000000005 A=0x78004
8697000: system.cpu: T0 : 0x1925a    : c_addiw a5, 0              : IntAlu :  D=0x0000000000000005
8697500: system.cpu: T0 : 0x1925c    : c_mv a4, a5                : IntAlu :  D=0x0000000000000005
8698000: system.cpu: T0 : 0x1925e    : c_li a5, 4                 : IntAlu :  D=0x0000000000000004
8698500: system.cpu: T0 : 0x19260    : bge a5, a4, 256            : IntAlu : 
8699000: system.cpu: T0 : 0x19264    : addi a5, gp, -960          : IntAlu :  D=0x0000000000079c88
8699500: system.cpu: T0 : 0x19268    : c_lw a5, 0(a5)             : MemRead :  D=0x0000000000000000 A=0x79c88
8700000: system.cpu: T0 : 0x1926a    : c_addiw a5, 0              : IntAlu :  D=0x0000000000000000
8700500: system.cpu: T0 : 0x1926c    : c_mv a4, a5                : IntAlu :  D=0x0000000000000000
8701000: system.cpu: T0 : 0x1926e    : c_li a5, 3                 : IntAlu :  D=0x0000000000000003
8701500: system.cpu: T0 : 0x19270    : blt a5, a4, 240            : IntAlu : 
8702000: system.cpu: T0 : 0x19274    : auipc a5, 96               : IntAlu :  D=0x0000000000079274
8702500: system.cpu: T0 : 0x19278    : ld a5, 1476(a5)            : MemRead :  D=0x000000000007a9c8 A=0x79838
8703000: system.cpu: T0 : 0x1927c    : c_ld a4, 16(a5)            : MemRead :  D=0x0000000000000000 A=0x7a9d8
8704000: system.cpu: T0 : 0x1927e    : auipc a5, 96               : IntAlu :  D=0x000000000007927e
8705000: system.cpu: T0 : 0x19282    : ld a5, 1466(a5)            : MemRead :  D=0x000000000007a9c8 A=0x79838
8705500: system.cpu: T0 : 0x19286    : c_ld a5, 8(a5)             : MemRead :  D=0x0000000000000000 A=0x7a9d0
8706000: system.cpu: T0 : 0x19288    : bne a4, a5, 216            : IntAlu : 
8706500: system.cpu: T0 : 0x1928c    : auipc a5, 96               : IntAlu :  D=0x000000000007928c
8707000: system.cpu: T0 : 0x19290    : ld a5, 1452(a5)            : MemRead :  D=0x000000000007a9c8 A=0x79838
8707500: system.cpu: T0 : 0x19294    : c_ld a4, 16(a5)            : MemRead :  D=0x0000000000000000 A=0x7a9d8
8708500: system.cpu: T0 : 0x19296    : auipc a5, 96               : IntAlu :  D=0x0000000000079296
8709500: system.cpu: T0 : 0x1929a    : ld a5, 1442(a5)            : MemRead :  D=0x000000000007a9c8 A=0x79838
8710000: system.cpu: T0 : 0x1929e    : c_ld a5, 24(a5)            : MemRead :  D=0x0000000000000000 A=0x7a9e0
8710500: system.cpu: T0 : 0x192a0    : bne a4, a5, 192            : IntAlu : 
8711000: system.cpu: T0 : 0x192a4    : auipc a5, 96               : IntAlu :  D=0x00000000000792a4
8711500: system.cpu: T0 : 0x192a8    : ld a5, 1428(a5)            : MemRead :  D=0x000000000007a9c8 A=0x79838
8712000: system.cpu: T0 : 0x192ac    : c_ld a5, 32(a5)            : MemRead :  D=0x0000000000000000 A=0x7a9e8
8713000: system.cpu: T0 : 0x192ae    : sd a5, -232(s0)            : MemWrite :  D=0x0000000000000000 A=0x7ffffffffffffd08
8714000: system.cpu: T0 : 0x192b2    : auipc a5, 96               : IntAlu :  D=0x00000000000792b2
8715000: system.cpu: T0 : 0x192b6    : ld a5, 1414(a5)            : MemRead :  D=0x000000000007a9c8 A=0x79838
8715500: system.cpu: T0 : 0x192ba    : c_ld a5, 16(a5)            : MemRead :  D=0x0000000000000000 A=0x7a9d8
8716000: system.cpu: T0 : 0x192bc    : sd a5, -224(s0)            : MemWrite :  D=0x0000000000000000 A=0x7ffffffffffffd10
8716500: system.cpu: T0 : 0x192c0    : ld a4, -224(s0)            : MemRead :  D=0x0000000000000000 A=0x7ffffffffffffd10
8717000: system.cpu: T0 : 0x192c4    : ld a5, -232(s0)            : MemRead :  D=0x0000000000000000 A=0x7ffffffffffffd08
8717500: system.cpu: T0 : 0x192c8    : bge a5, a4, 152            : IntAlu : 
8718000: system.cpu: T0 : 0x19360    : auipc a5, 95               : IntAlu :  D=0x0000000000078360
8718500: system.cpu: T0 : 0x19364    : addi a5, a5, -860          : IntAlu :  D=0x0000000000078004
8719000: system.cpu: T0 : 0x19368    : c_lw a5, 0(a5)             : MemRead :  D=0x0000000000000005 A=0x78004
8719500: system.cpu: T0 : 0x1936a    : c_addiw a5, 0              : IntAlu :  D=0x0000000000000005
8720000: system.cpu: T0 : 0x1936c    : c_mv a4, a5                : IntAlu :  D=0x0000000000000005
8720500: system.cpu: T0 : 0x1936e    : c_li a5, 4                 : IntAlu :  D=0x0000000000000004
8721000: system.cpu: T0 : 0x19370    : bge a5, a4, 276            : IntAlu : 
8721500: system.cpu: T0 : 0x19374    : addi a5, gp, -960          : IntAlu :  D=0x0000000000079c88
8722000: system.cpu: T0 : 0x19378    : c_lw a5, 0(a5)             : MemRead :  D=0x0000000000000000 A=0x79c88
8722500: system.cpu: T0 : 0x1937a    : c_addiw a5, 0              : IntAlu :  D=0x0000000000000000
8723000: system.cpu: T0 : 0x1937c    : c_mv a4, a5                : IntAlu :  D=0x0000000000000000
8723500: system.cpu: T0 : 0x1937e    : c_li a5, 3                 : IntAlu :  D=0x0000000000000003
8724000: system.cpu: T0 : 0x19380    : blt a5, a4, 260            : IntAlu : 
8724500: system.cpu: T0 : 0x19384    : auipc a5, 96               : IntAlu :  D=0x0000000000079384
8725000: system.cpu: T0 : 0x19388    : ld a5, 1204(a5)            : MemRead :  D=0x000000000007a9c8 A=0x79838
8725500: system.cpu: T0 : 0x1938c    : c_ld a4, 16(a5)            : MemRead :  D=0x0000000000000000 A=0x7a9d8
8726500: system.cpu: T0 : 0x1938e    : auipc a5, 96               : IntAlu :  D=0x000000000007938e
8727500: system.cpu: T0 : 0x19392    : ld a5, 1194(a5)            : MemRead :  D=0x000000000007a9c8 A=0x79838
8728000: system.cpu: T0 : 0x19396    : c_ld a5, 24(a5)            : MemRead :  D=0x0000000000000000 A=0x7a9e0
8728500: system.cpu: T0 : 0x19398    : bne a4, a5, 236            : IntAlu : 
8729000: system.cpu: T0 : 0x1939c    : auipc a5, 96               : IntAlu :  D=0x000000000007939c
8729500: system.cpu: T0 : 0x193a0    : ld a5, 1180(a5)            : MemRead :  D=0x000000000007a9c8 A=0x79838
8730000: system.cpu: T0 : 0x193a4    : c_ld a4, 16(a5)            : MemRead :  D=0x0000000000000000 A=0x7a9d8
8731000: system.cpu: T0 : 0x193a6    : auipc a5, 96               : IntAlu :  D=0x00000000000793a6
8732000: system.cpu: T0 : 0x193aa    : ld a5, 1170(a5)            : MemRead :  D=0x000000000007a9c8 A=0x79838
8732500: system.cpu: T0 : 0x193ae    : c_ld a5, 0(a5)             : MemRead :  D=0x0000000000000000 A=0x7a9c8
8733000: system.cpu: T0 : 0x193b0    : bne a4, a5, 212            : IntAlu : 
8733500: system.cpu: T0 : 0x193b4    : auipc a5, 96               : IntAlu :  D=0x00000000000793b4
8734000: system.cpu: T0 : 0x193b8    : ld a5, 1156(a5)            : MemRead :  D=0x000000000007a9c8 A=0x79838
8734500: system.cpu: T0 : 0x193bc    : c_ld a5, 32(a5)            : MemRead :  D=0x0000000000000000 A=0x7a9e8
8735500: system.cpu: T0 : 0x193be    : sd a5, -208(s0)            : MemWrite :  D=0x0000000000000000 A=0x7ffffffffffffd20
8736500: system.cpu: T0 : 0x193c2    : auipc a5, 96               : IntAlu :  D=0x00000000000793c2
8737500: system.cpu: T0 : 0x193c6    : ld a5, 1142(a5)            : MemRead :  D=0x000000000007a9c8 A=0x79838
8738000: system.cpu: T0 : 0x193ca    : c_ld a5, 16(a5)            : MemRead :  D=0x0000000000000000 A=0x7a9d8
8738500: system.cpu: T0 : 0x193cc    : sd a5, -200(s0)            : MemWrite :  D=0x0000000000000000 A=0x7ffffffffffffd28
8739000: system.cpu: T0 : 0x193d0    : ld a4, -200(s0)            : MemRead :  D=0x0000000000000000 A=0x7ffffffffffffd28
8739500: system.cpu: T0 : 0x193d4    : ld a5, -208(s0)            : MemRead :  D=0x0000000000000000 A=0x7ffffffffffffd20
8740000: system.cpu: T0 : 0x193d8    : bge a5, a4, 172            : IntAlu : 
8740500: system.cpu: T0 : 0x19484    : auipc a5, 95               : IntAlu :  D=0x0000000000078484
8741000: system.cpu: T0 : 0x19488    : addi a5, a5, -1152         : IntAlu :  D=0x0000000000078004
8741500: system.cpu: T0 : 0x1948c    : c_lw a5, 0(a5)             : MemRead :  D=0x0000000000000005 A=0x78004
8742000: system.cpu: T0 : 0x1948e    : c_addiw a5, 0              : IntAlu :  D=0x0000000000000005
8742500: system.cpu: T0 : 0x19490    : c_mv a4, a5                : IntAlu :  D=0x0000000000000005
8743000: system.cpu: T0 : 0x19492    : c_li a5, 4                 : IntAlu :  D=0x0000000000000004
8743500: system.cpu: T0 : 0x19494    : bge a5, a4, 256            : IntAlu : 
8744000: system.cpu: T0 : 0x19498    : addi a5, gp, -960          : IntAlu :  D=0x0000000000079c88
8744500: system.cpu: T0 : 0x1949c    : c_lw a5, 0(a5)             : MemRead :  D=0x0000000000000000 A=0x79c88
8745000: system.cpu: T0 : 0x1949e    : c_addiw a5, 0              : IntAlu :  D=0x0000000000000000
8745500: system.cpu: T0 : 0x194a0    : c_mv a4, a5                : IntAlu :  D=0x0000000000000000
8746000: system.cpu: T0 : 0x194a2    : c_li a5, 3                 : IntAlu :  D=0x0000000000000003
8746500: system.cpu: T0 : 0x194a4    : blt a5, a4, 240            : IntAlu : 
8747000: system.cpu: T0 : 0x194a8    : auipc a5, 96               : IntAlu :  D=0x00000000000794a8
8747500: system.cpu: T0 : 0x194ac    : ld a5, 912(a5)             : MemRead :  D=0x000000000007a9c8 A=0x79838
8748000: system.cpu: T0 : 0x194b0    : c_ld a4, 16(a5)            : MemRead :  D=0x0000000000000000 A=0x7a9d8
8749000: system.cpu: T0 : 0x194b2    : auipc a5, 96               : IntAlu :  D=0x00000000000794b2
8750000: system.cpu: T0 : 0x194b6    : ld a5, 902(a5)             : MemRead :  D=0x000000000007a9c8 A=0x79838
8750500: system.cpu: T0 : 0x194ba    : c_ld a5, 24(a5)            : MemRead :  D=0x0000000000000000 A=0x7a9e0
8751000: system.cpu: T0 : 0x194bc    : bne a4, a5, 216            : IntAlu : 
8751500: system.cpu: T0 : 0x194c0    : auipc a5, 96               : IntAlu :  D=0x00000000000794c0
8752000: system.cpu: T0 : 0x194c4    : ld a5, 888(a5)             : MemRead :  D=0x000000000007a9c8 A=0x79838
8752500: system.cpu: T0 : 0x194c8    : c_ld a4, 16(a5)            : MemRead :  D=0x0000000000000000 A=0x7a9d8
8753500: system.cpu: T0 : 0x194ca    : auipc a5, 96               : IntAlu :  D=0x00000000000794ca
8754500: system.cpu: T0 : 0x194ce    : ld a5, 878(a5)             : MemRead :  D=0x000000000007a9c8 A=0x79838
8755000: system.cpu: T0 : 0x194d2    : c_ld a5, 8(a5)             : MemRead :  D=0x0000000000000000 A=0x7a9d0
8755500: system.cpu: T0 : 0x194d4    : bne a4, a5, 192            : IntAlu : 
8756000: system.cpu: T0 : 0x194d8    : auipc a5, 96               : IntAlu :  D=0x00000000000794d8
8756500: system.cpu: T0 : 0x194dc    : ld a5, 864(a5)             : MemRead :  D=0x000000000007a9c8 A=0x79838
8757000: system.cpu: T0 : 0x194e0    : c_ld a5, 32(a5)            : MemRead :  D=0x0000000000000000 A=0x7a9e8
8758000: system.cpu: T0 : 0x194e2    : sd a5, -184(s0)            : MemWrite :  D=0x0000000000000000 A=0x7ffffffffffffd38
8759000: system.cpu: T0 : 0x194e6    : auipc a5, 96               : IntAlu :  D=0x00000000000794e6
8760000: system.cpu: T0 : 0x194ea    : ld a5, 850(a5)             : MemRead :  D=0x000000000007a9c8 A=0x79838
8760500: system.cpu: T0 : 0x194ee    : c_ld a5, 16(a5)            : MemRead :  D=0x0000000000000000 A=0x7a9d8
8761000: system.cpu: T0 : 0x194f0    : sd a5, -176(s0)            : MemWrite :  D=0x0000000000000000 A=0x7ffffffffffffd40
8761500: system.cpu: T0 : 0x194f4    : ld a4, -176(s0)            : MemRead :  D=0x0000000000000000 A=0x7ffffffffffffd40
8762000: system.cpu: T0 : 0x194f8    : ld a5, -184(s0)            : MemRead :  D=0x0000000000000000 A=0x7ffffffffffffd38
8762500: system.cpu: T0 : 0x194fc    : bge a5, a4, 152            : IntAlu : 
8763000: system.cpu: T0 : 0x19594    : auipc a5, 95               : IntAlu :  D=0x0000000000078594
8763500: system.cpu: T0 : 0x19598    : addi a5, a5, -1424         : IntAlu :  D=0x0000000000078004
8764000: system.cpu: T0 : 0x1959c    : c_lw a5, 0(a5)             : MemRead :  D=0x0000000000000005 A=0x78004
8764500: system.cpu: T0 : 0x1959e    : c_addiw a5, 0              : IntAlu :  D=0x0000000000000005
8765000: system.cpu: T0 : 0x195a0    : c_mv a4, a5                : IntAlu :  D=0x0000000000000005
8765500: system.cpu: T0 : 0x195a2    : c_li a5, 4                 : IntAlu :  D=0x0000000000000004
8766000: system.cpu: T0 : 0x195a4    : bge a5, a4, 276            : IntAlu : 
8766500: system.cpu: T0 : 0x195a8    : addi a5, gp, -960          : IntAlu :  D=0x0000000000079c88
8767000: system.cpu: T0 : 0x195ac    : c_lw a5, 0(a5)             : MemRead :  D=0x0000000000000000 A=0x79c88
8767500: system.cpu: T0 : 0x195ae    : c_addiw a5, 0              : IntAlu :  D=0x0000000000000000
8768000: system.cpu: T0 : 0x195b0    : c_mv a4, a5                : IntAlu :  D=0x0000000000000000
8768500: system.cpu: T0 : 0x195b2    : c_li a5, 3                 : IntAlu :  D=0x0000000000000003
8769000: system.cpu: T0 : 0x195b4    : blt a5, a4, 260            : IntAlu : 
8769500: system.cpu: T0 : 0x195b8    : auipc a5, 96               : IntAlu :  D=0x00000000000795b8
8770000: system.cpu: T0 : 0x195bc    : ld a5, 640(a5)             : MemRead :  D=0x000000000007a9c8 A=0x79838
8770500: system.cpu: T0 : 0x195c0    : c_ld a4, 24(a5)            : MemRead :  D=0x0000000000000000 A=0x7a9e0
8771500: system.cpu: T0 : 0x195c2    : auipc a5, 96               : IntAlu :  D=0x00000000000795c2
8772500: system.cpu: T0 : 0x195c6    : ld a5, 630(a5)             : MemRead :  D=0x000000000007a9c8 A=0x79838
8773000: system.cpu: T0 : 0x195ca    : c_ld a5, 0(a5)             : MemRead :  D=0x0000000000000000 A=0x7a9c8
8773500: system.cpu: T0 : 0x195cc    : bne a4, a5, 236            : IntAlu : 
8774000: system.cpu: T0 : 0x195d0    : auipc a5, 96               : IntAlu :  D=0x00000000000795d0
8774500: system.cpu: T0 : 0x195d4    : ld a5, 616(a5)             : MemRead :  D=0x000000000007a9c8 A=0x79838
8775000: system.cpu: T0 : 0x195d8    : c_ld a4, 24(a5)            : MemRead :  D=0x0000000000000000 A=0x7a9e0
8776000: system.cpu: T0 : 0x195da    : auipc a5, 96               : IntAlu :  D=0x00000000000795da
8777000: system.cpu: T0 : 0x195de    : ld a5, 606(a5)             : MemRead :  D=0x000000000007a9c8 A=0x79838
8777500: system.cpu: T0 : 0x195e2    : c_ld a5, 8(a5)             : MemRead :  D=0x0000000000000000 A=0x7a9d0
8778000: system.cpu: T0 : 0x195e4    : bne a4, a5, 212            : IntAlu : 
8778500: system.cpu: T0 : 0x195e8    : auipc a5, 96               : IntAlu :  D=0x00000000000795e8
8779000: system.cpu: T0 : 0x195ec    : ld a5, 592(a5)             : MemRead :  D=0x000000000007a9c8 A=0x79838
8779500: system.cpu: T0 : 0x195f0    : c_ld a5, 32(a5)            : MemRead :  D=0x0000000000000000 A=0x7a9e8
8780500: system.cpu: T0 : 0x195f2    : sd a5, -160(s0)            : MemWrite :  D=0x0000000000000000 A=0x7ffffffffffffd50
8781500: system.cpu: T0 : 0x195f6    : auipc a5, 96               : IntAlu :  D=0x00000000000795f6
8782500: system.cpu: T0 : 0x195fa    : ld a5, 578(a5)             : MemRead :  D=0x000000000007a9c8 A=0x79838
8783000: system.cpu: T0 : 0x195fe    : c_ld a5, 24(a5)            : MemRead :  D=0x0000000000000000 A=0x7a9e0
8783500: system.cpu: T0 : 0x19600    : sd a5, -152(s0)            : MemWrite :  D=0x0000000000000000 A=0x7ffffffffffffd58
8784000: system.cpu: T0 : 0x19604    : ld a4, -152(s0)            : MemRead :  D=0x0000000000000000 A=0x7ffffffffffffd58
8784500: system.cpu: T0 : 0x19608    : ld a5, -160(s0)            : MemRead :  D=0x0000000000000000 A=0x7ffffffffffffd50
8785000: system.cpu: T0 : 0x1960c    : bge a5, a4, 172            : IntAlu : 
8785500: system.cpu: T0 : 0x196b8    : auipc a5, 95               : IntAlu :  D=0x00000000000786b8
8786000: system.cpu: T0 : 0x196bc    : addi a5, a5, -1716         : IntAlu :  D=0x0000000000078004
8786500: system.cpu: T0 : 0x196c0    : c_lw a5, 0(a5)             : MemRead :  D=0x0000000000000005 A=0x78004
8787000: system.cpu: T0 : 0x196c2    : c_addiw a5, 0              : IntAlu :  D=0x0000000000000005
8787500: system.cpu: T0 : 0x196c4    : c_mv a4, a5                : IntAlu :  D=0x0000000000000005
8788000: system.cpu: T0 : 0x196c6    : c_li a5, 4                 : IntAlu :  D=0x0000000000000004
8788500: system.cpu: T0 : 0x196c8    : bge a5, a4, 276            : IntAlu : 
8789000: system.cpu: T0 : 0x196cc    : addi a5, gp, -960          : IntAlu :  D=0x0000000000079c88
8789500: system.cpu: T0 : 0x196d0    : c_lw a5, 0(a5)             : MemRead :  D=0x0000000000000000 A=0x79c88
8790000: system.cpu: T0 : 0x196d2    : c_addiw a5, 0              : IntAlu :  D=0x0000000000000000
8790500: system.cpu: T0 : 0x196d4    : c_mv a4, a5                : IntAlu :  D=0x0000000000000000
8791000: system.cpu: T0 : 0x196d6    : c_li a5, 3                 : IntAlu :  D=0x0000000000000003
8791500: system.cpu: T0 : 0x196d8    : blt a5, a4, 260            : IntAlu : 
8792000: system.cpu: T0 : 0x196dc    : auipc a5, 96               : IntAlu :  D=0x00000000000796dc
8792500: system.cpu: T0 : 0x196e0    : ld a5, 348(a5)             : MemRead :  D=0x000000000007a9c8 A=0x79838
8793000: system.cpu: T0 : 0x196e4    : c_ld a4, 24(a5)            : MemRead :  D=0x0000000000000000 A=0x7a9e0
8794000: system.cpu: T0 : 0x196e6    : auipc a5, 96               : IntAlu :  D=0x00000000000796e6
8795000: system.cpu: T0 : 0x196ea    : ld a5, 338(a5)             : MemRead :  D=0x000000000007a9c8 A=0x79838
8795500: system.cpu: T0 : 0x196ee    : c_ld a5, 0(a5)             : MemRead :  D=0x0000000000000000 A=0x7a9c8
8796000: system.cpu: T0 : 0x196f0    : bne a4, a5, 236            : IntAlu : 
8796500: system.cpu: T0 : 0x196f4    : auipc a5, 96               : IntAlu :  D=0x00000000000796f4
8797000: system.cpu: T0 : 0x196f8    : ld a5, 324(a5)             : MemRead :  D=0x000000000007a9c8 A=0x79838
8797500: system.cpu: T0 : 0x196fc    : c_ld a4, 24(a5)            : MemRead :  D=0x0000000000000000 A=0x7a9e0
8798500: system.cpu: T0 : 0x196fe    : auipc a5, 96               : IntAlu :  D=0x00000000000796fe
8799500: system.cpu: T0 : 0x19702    : ld a5, 314(a5)             : MemRead :  D=0x000000000007a9c8 A=0x79838
8800000: system.cpu: T0 : 0x19706    : c_ld a5, 16(a5)            : MemRead :  D=0x0000000000000000 A=0x7a9d8
8800500: system.cpu: T0 : 0x19708    : bne a4, a5, 212            : IntAlu : 
8801000: system.cpu: T0 : 0x1970c    : auipc a5, 96               : IntAlu :  D=0x000000000007970c
8801500: system.cpu: T0 : 0x19710    : ld a5, 300(a5)             : MemRead :  D=0x000000000007a9c8 A=0x79838
8802000: system.cpu: T0 : 0x19714    : c_ld a5, 32(a5)            : MemRead :  D=0x0000000000000000 A=0x7a9e8
8803000: system.cpu: T0 : 0x19716    : sd a5, -136(s0)            : MemWrite :  D=0x0000000000000000 A=0x7ffffffffffffd68
8804000: system.cpu: T0 : 0x1971a    : auipc a5, 96               : IntAlu :  D=0x000000000007971a
8805000: system.cpu: T0 : 0x1971e    : ld a5, 286(a5)             : MemRead :  D=0x000000000007a9c8 A=0x79838
8805500: system.cpu: T0 : 0x19722    : c_ld a5, 24(a5)            : MemRead :  D=0x0000000000000000 A=0x7a9e0
8806000: system.cpu: T0 : 0x19724    : sd a5, -128(s0)            : MemWrite :  D=0x0000000000000000 A=0x7ffffffffffffd70
8806500: system.cpu: T0 : 0x19728    : ld a4, -128(s0)            : MemRead :  D=0x0000000000000000 A=0x7ffffffffffffd70
8807000: system.cpu: T0 : 0x1972c    : ld a5, -136(s0)            : MemRead :  D=0x0000000000000000 A=0x7ffffffffffffd68
8807500: system.cpu: T0 : 0x19730    : bge a5, a4, 172            : IntAlu : 
8808000: system.cpu: T0 : 0x197dc    : auipc a5, 95               : IntAlu :  D=0x00000000000787dc
8808500: system.cpu: T0 : 0x197e0    : addi a5, a5, -2008         : IntAlu :  D=0x0000000000078004
8809000: system.cpu: T0 : 0x197e4    : c_lw a5, 0(a5)             : MemRead :  D=0x0000000000000005 A=0x78004
8809500: system.cpu: T0 : 0x197e6    : c_addiw a5, 0              : IntAlu :  D=0x0000000000000005
8810000: system.cpu: T0 : 0x197e8    : c_mv a4, a5                : IntAlu :  D=0x0000000000000005
8810500: system.cpu: T0 : 0x197ea    : c_li a5, 4                 : IntAlu :  D=0x0000000000000004
8811000: system.cpu: T0 : 0x197ec    : bge a5, a4, 276            : IntAlu : 
8811500: system.cpu: T0 : 0x197f0    : addi a5, gp, -960          : IntAlu :  D=0x0000000000079c88
8812000: system.cpu: T0 : 0x197f4    : c_lw a5, 0(a5)             : MemRead :  D=0x0000000000000000 A=0x79c88
8812500: system.cpu: T0 : 0x197f6    : c_addiw a5, 0              : IntAlu :  D=0x0000000000000000
8813000: system.cpu: T0 : 0x197f8    : c_mv a4, a5                : IntAlu :  D=0x0000000000000000
8813500: system.cpu: T0 : 0x197fa    : c_li a5, 3                 : IntAlu :  D=0x0000000000000003
8814000: system.cpu: T0 : 0x197fc    : blt a5, a4, 260            : IntAlu : 
8814500: system.cpu: T0 : 0x19800    : auipc a5, 96               : IntAlu :  D=0x0000000000079800
8815000: system.cpu: T0 : 0x19804    : ld a5, 56(a5)              : MemRead :  D=0x000000000007a9c8 A=0x79838
8815500: system.cpu: T0 : 0x19808    : c_ld a4, 24(a5)            : MemRead :  D=0x0000000000000000 A=0x7a9e0
8816500: system.cpu: T0 : 0x1980a    : auipc a5, 96               : IntAlu :  D=0x000000000007980a
8817500: system.cpu: T0 : 0x1980e    : ld a5, 46(a5)              : MemRead :  D=0x000000000007a9c8 A=0x79838
8818000: system.cpu: T0 : 0x19812    : c_ld a5, 8(a5)             : MemRead :  D=0x0000000000000000 A=0x7a9d0
8818500: system.cpu: T0 : 0x19814    : bne a4, a5, 236            : IntAlu : 
8819000: system.cpu: T0 : 0x19818    : auipc a5, 96               : IntAlu :  D=0x0000000000079818
8819500: system.cpu: T0 : 0x1981c    : ld a5, 32(a5)              : MemRead :  D=0x000000000007a9c8 A=0x79838
8820000: system.cpu: T0 : 0x19820    : c_ld a4, 24(a5)            : MemRead :  D=0x0000000000000000 A=0x7a9e0
8821000: system.cpu: T0 : 0x19822    : auipc a5, 96               : IntAlu :  D=0x0000000000079822
8822000: system.cpu: T0 : 0x19826    : ld a5, 22(a5)              : MemRead :  D=0x000000000007a9c8 A=0x79838
8822500: system.cpu: T0 : 0x1982a    : c_ld a5, 0(a5)             : MemRead :  D=0x0000000000000000 A=0x7a9c8
8823000: system.cpu: T0 : 0x1982c    : bne a4, a5, 212            : IntAlu : 
8823500: system.cpu: T0 : 0x19830    : auipc a5, 96               : IntAlu :  D=0x0000000000079830
8824000: system.cpu: T0 : 0x19834    : ld a5, 8(a5)               : MemRead :  D=0x000000000007a9c8 A=0x79838
8824500: system.cpu: T0 : 0x19838    : c_ld a5, 32(a5)            : MemRead :  D=0x0000000000000000 A=0x7a9e8
8825500: system.cpu: T0 : 0x1983a    : sd a5, -112(s0)            : MemWrite :  D=0x0000000000000000 A=0x7ffffffffffffd80
8826500: system.cpu: T0 : 0x1983e    : auipc a5, 96               : IntAlu :  D=0x000000000007983e
8827500: system.cpu: T0 : 0x19842    : ld a5, -6(a5)              : MemRead :  D=0x000000000007a9c8 A=0x79838
8828000: system.cpu: T0 : 0x19846    : c_ld a5, 24(a5)            : MemRead :  D=0x0000000000000000 A=0x7a9e0
8828500: system.cpu: T0 : 0x19848    : sd a5, -104(s0)            : MemWrite :  D=0x0000000000000000 A=0x7ffffffffffffd88
8829000: system.cpu: T0 : 0x1984c    : ld a4, -104(s0)            : MemRead :  D=0x0000000000000000 A=0x7ffffffffffffd88
8829500: system.cpu: T0 : 0x19850    : ld a5, -112(s0)            : MemRead :  D=0x0000000000000000 A=0x7ffffffffffffd80
8830000: system.cpu: T0 : 0x19854    : bge a5, a4, 172            : IntAlu : 
8830500: system.cpu: T0 : 0x19900    : auipc a5, 94               : IntAlu :  D=0x0000000000077900
8831000: system.cpu: T0 : 0x19904    : addi a5, a5, 1796          : IntAlu :  D=0x0000000000078004
8831500: system.cpu: T0 : 0x19908    : c_lw a5, 0(a5)             : MemRead :  D=0x0000000000000005 A=0x78004
8832000: system.cpu: T0 : 0x1990a    : c_addiw a5, 0              : IntAlu :  D=0x0000000000000005
8832500: system.cpu: T0 : 0x1990c    : c_mv a4, a5                : IntAlu :  D=0x0000000000000005
8833000: system.cpu: T0 : 0x1990e    : c_li a5, 4                 : IntAlu :  D=0x0000000000000004
8833500: system.cpu: T0 : 0x19910    : bge a5, a4, 256            : IntAlu : 
8834000: system.cpu: T0 : 0x19914    : addi a5, gp, -960          : IntAlu :  D=0x0000000000079c88
8834500: system.cpu: T0 : 0x19918    : c_lw a5, 0(a5)             : MemRead :  D=0x0000000000000000 A=0x79c88
8835000: system.cpu: T0 : 0x1991a    : c_addiw a5, 0              : IntAlu :  D=0x0000000000000000
8835500: system.cpu: T0 : 0x1991c    : c_mv a4, a5                : IntAlu :  D=0x0000000000000000
8836000: system.cpu: T0 : 0x1991e    : c_li a5, 3                 : IntAlu :  D=0x0000000000000003
8836500: system.cpu: T0 : 0x19920    : blt a5, a4, 240            : IntAlu : 
8837000: system.cpu: T0 : 0x19924    : auipc a5, 96               : IntAlu :  D=0x0000000000079924
8837500: system.cpu: T0 : 0x19928    : ld a5, -236(a5)            : MemRead :  D=0x000000000007a9c8 A=0x79838
8838000: system.cpu: T0 : 0x1992c    : c_ld a4, 24(a5)            : MemRead :  D=0x0000000000000000 A=0x7a9e0
8839000: system.cpu: T0 : 0x1992e    : auipc a5, 96               : IntAlu :  D=0x000000000007992e
8840000: system.cpu: T0 : 0x19932    : ld a5, -246(a5)            : MemRead :  D=0x000000000007a9c8 A=0x79838
8840500: system.cpu: T0 : 0x19936    : c_ld a5, 8(a5)             : MemRead :  D=0x0000000000000000 A=0x7a9d0
8841000: system.cpu: T0 : 0x19938    : bne a4, a5, 216            : IntAlu : 
8841500: system.cpu: T0 : 0x1993c    : auipc a5, 96               : IntAlu :  D=0x000000000007993c
8842000: system.cpu: T0 : 0x19940    : ld a5, -260(a5)            : MemRead :  D=0x000000000007a9c8 A=0x79838
8842500: system.cpu: T0 : 0x19944    : c_ld a4, 24(a5)            : MemRead :  D=0x0000000000000000 A=0x7a9e0
8843500: system.cpu: T0 : 0x19946    : auipc a5, 96               : IntAlu :  D=0x0000000000079946
8844500: system.cpu: T0 : 0x1994a    : ld a5, -270(a5)            : MemRead :  D=0x000000000007a9c8 A=0x79838
8845000: system.cpu: T0 : 0x1994e    : c_ld a5, 16(a5)            : MemRead :  D=0x0000000000000000 A=0x7a9d8
8845500: system.cpu: T0 : 0x19950    : bne a4, a5, 192            : IntAlu : 
8846000: system.cpu: T0 : 0x19954    : auipc a5, 96               : IntAlu :  D=0x0000000000079954
8846500: system.cpu: T0 : 0x19958    : ld a5, -284(a5)            : MemRead :  D=0x000000000007a9c8 A=0x79838
8847000: system.cpu: T0 : 0x1995c    : c_ld a5, 32(a5)            : MemRead :  D=0x0000000000000000 A=0x7a9e8
8848000: system.cpu: T0 : 0x1995e    : sd a5, -88(s0)             : MemWrite :  D=0x0000000000000000 A=0x7ffffffffffffd98
8849000: system.cpu: T0 : 0x19962    : auipc a5, 96               : IntAlu :  D=0x0000000000079962
8850000: system.cpu: T0 : 0x19966    : ld a5, -298(a5)            : MemRead :  D=0x000000000007a9c8 A=0x79838
8850500: system.cpu: T0 : 0x1996a    : c_ld a5, 24(a5)            : MemRead :  D=0x0000000000000000 A=0x7a9e0
8851000: system.cpu: T0 : 0x1996c    : sd a5, -80(s0)             : MemWrite :  D=0x0000000000000000 A=0x7ffffffffffffda0
8851500: system.cpu: T0 : 0x19970    : ld a4, -80(s0)             : MemRead :  D=0x0000000000000000 A=0x7ffffffffffffda0
8852000: system.cpu: T0 : 0x19974    : ld a5, -88(s0)             : MemRead :  D=0x0000000000000000 A=0x7ffffffffffffd98
8852500: system.cpu: T0 : 0x19978    : bge a5, a4, 152            : IntAlu : 
8853000: system.cpu: T0 : 0x19a10    : auipc a5, 94               : IntAlu :  D=0x0000000000077a10
8853500: system.cpu: T0 : 0x19a14    : addi a5, a5, 1524          : IntAlu :  D=0x0000000000078004
8854000: system.cpu: T0 : 0x19a18    : c_lw a5, 0(a5)             : MemRead :  D=0x0000000000000005 A=0x78004
8854500: system.cpu: T0 : 0x19a1a    : c_addiw a5, 0              : IntAlu :  D=0x0000000000000005
8855000: system.cpu: T0 : 0x19a1c    : c_mv a4, a5                : IntAlu :  D=0x0000000000000005
8855500: system.cpu: T0 : 0x19a1e    : c_li a5, 4                 : IntAlu :  D=0x0000000000000004
8856000: system.cpu: T0 : 0x19a20    : bge a5, a4, 276            : IntAlu : 
8856500: system.cpu: T0 : 0x19a24    : addi a5, gp, -960          : IntAlu :  D=0x0000000000079c88
8857000: system.cpu: T0 : 0x19a28    : c_lw a5, 0(a5)             : MemRead :  D=0x0000000000000000 A=0x79c88
8857500: system.cpu: T0 : 0x19a2a    : c_addiw a5, 0              : IntAlu :  D=0x0000000000000000
8858000: system.cpu: T0 : 0x19a2c    : c_mv a4, a5                : IntAlu :  D=0x0000000000000000
8858500: system.cpu: T0 : 0x19a2e    : c_li a5, 3                 : IntAlu :  D=0x0000000000000003
8859000: system.cpu: T0 : 0x19a30    : blt a5, a4, 260            : IntAlu : 
8859500: system.cpu: T0 : 0x19a34    : auipc a5, 96               : IntAlu :  D=0x0000000000079a34
8860000: system.cpu: T0 : 0x19a38    : ld a5, -508(a5)            : MemRead :  D=0x000000000007a9c8 A=0x79838
8860500: system.cpu: T0 : 0x19a3c    : c_ld a4, 24(a5)            : MemRead :  D=0x0000000000000000 A=0x7a9e0
8861500: system.cpu: T0 : 0x19a3e    : auipc a5, 96               : IntAlu :  D=0x0000000000079a3e
8862500: system.cpu: T0 : 0x19a42    : ld a5, -518(a5)            : MemRead :  D=0x000000000007a9c8 A=0x79838
8863000: system.cpu: T0 : 0x19a46    : c_ld a5, 16(a5)            : MemRead :  D=0x0000000000000000 A=0x7a9d8
8863500: system.cpu: T0 : 0x19a48    : bne a4, a5, 236            : IntAlu : 
8864000: system.cpu: T0 : 0x19a4c    : auipc a5, 96               : IntAlu :  D=0x0000000000079a4c
8864500: system.cpu: T0 : 0x19a50    : ld a5, -532(a5)            : MemRead :  D=0x000000000007a9c8 A=0x79838
8865000: system.cpu: T0 : 0x19a54    : c_ld a4, 24(a5)            : MemRead :  D=0x0000000000000000 A=0x7a9e0
8866000: system.cpu: T0 : 0x19a56    : auipc a5, 96               : IntAlu :  D=0x0000000000079a56
8867000: system.cpu: T0 : 0x19a5a    : ld a5, -542(a5)            : MemRead :  D=0x000000000007a9c8 A=0x79838
8867500: system.cpu: T0 : 0x19a5e    : c_ld a5, 0(a5)             : MemRead :  D=0x0000000000000000 A=0x7a9c8
8868000: system.cpu: T0 : 0x19a60    : bne a4, a5, 212            : IntAlu : 
8868500: system.cpu: T0 : 0x19a64    : auipc a5, 96               : IntAlu :  D=0x0000000000079a64
8869000: system.cpu: T0 : 0x19a68    : ld a5, -556(a5)            : MemRead :  D=0x000000000007a9c8 A=0x79838
8869500: system.cpu: T0 : 0x19a6c    : c_ld a5, 32(a5)            : MemRead :  D=0x0000000000000000 A=0x7a9e8
8870500: system.cpu: T0 : 0x19a6e    : sd a5, -64(s0)             : MemWrite :  D=0x0000000000000000 A=0x7ffffffffffffdb0
8871500: system.cpu: T0 : 0x19a72    : auipc a5, 96               : IntAlu :  D=0x0000000000079a72
8872500: system.cpu: T0 : 0x19a76    : ld a5, -570(a5)            : MemRead :  D=0x000000000007a9c8 A=0x79838
8873000: system.cpu: T0 : 0x19a7a    : c_ld a5, 24(a5)            : MemRead :  D=0x0000000000000000 A=0x7a9e0
8873500: system.cpu: T0 : 0x19a7c    : sd a5, -56(s0)             : MemWrite :  D=0x0000000000000000 A=0x7ffffffffffffdb8
8874000: system.cpu: T0 : 0x19a80    : ld a4, -56(s0)             : MemRead :  D=0x0000000000000000 A=0x7ffffffffffffdb8
8874500: system.cpu: T0 : 0x19a84    : ld a5, -64(s0)             : MemRead :  D=0x0000000000000000 A=0x7ffffffffffffdb0
8875000: system.cpu: T0 : 0x19a88    : bge a5, a4, 172            : IntAlu : 
8875500: system.cpu: T0 : 0x19b34    : auipc a5, 94               : IntAlu :  D=0x0000000000077b34
8876000: system.cpu: T0 : 0x19b38    : addi a5, a5, 1232          : IntAlu :  D=0x0000000000078004
8876500: system.cpu: T0 : 0x19b3c    : c_lw a5, 0(a5)             : MemRead :  D=0x0000000000000005 A=0x78004
8877000: system.cpu: T0 : 0x19b3e    : c_addiw a5, 0              : IntAlu :  D=0x0000000000000005
8877500: system.cpu: T0 : 0x19b40    : c_mv a4, a5                : IntAlu :  D=0x0000000000000005
8878000: system.cpu: T0 : 0x19b42    : c_li a5, 4                 : IntAlu :  D=0x0000000000000004
8878500: system.cpu: T0 : 0x19b44    : bge a5, a4, 256            : IntAlu : 
8879000: system.cpu: T0 : 0x19b48    : addi a5, gp, -960          : IntAlu :  D=0x0000000000079c88
8879500: system.cpu: T0 : 0x19b4c    : c_lw a5, 0(a5)             : MemRead :  D=0x0000000000000000 A=0x79c88
8880000: system.cpu: T0 : 0x19b4e    : c_addiw a5, 0              : IntAlu :  D=0x0000000000000000
8880500: system.cpu: T0 : 0x19b50    : c_mv a4, a5                : IntAlu :  D=0x0000000000000000
8881000: system.cpu: T0 : 0x19b52    : c_li a5, 3                 : IntAlu :  D=0x0000000000000003
8881500: system.cpu: T0 : 0x19b54    : blt a5, a4, 240            : IntAlu : 
8882000: system.cpu: T0 : 0x19b58    : auipc a5, 96               : IntAlu :  D=0x0000000000079b58
8882500: system.cpu: T0 : 0x19b5c    : ld a5, -800(a5)            : MemRead :  D=0x000000000007a9c8 A=0x79838
8883000: system.cpu: T0 : 0x19b60    : c_ld a4, 24(a5)            : MemRead :  D=0x0000000000000000 A=0x7a9e0
8884000: system.cpu: T0 : 0x19b62    : auipc a5, 96               : IntAlu :  D=0x0000000000079b62
8885000: system.cpu: T0 : 0x19b66    : ld a5, -810(a5)            : MemRead :  D=0x000000000007a9c8 A=0x79838
8885500: system.cpu: T0 : 0x19b6a    : c_ld a5, 16(a5)            : MemRead :  D=0x0000000000000000 A=0x7a9d8
8886000: system.cpu: T0 : 0x19b6c    : bne a4, a5, 216            : IntAlu : 
8886500: system.cpu: T0 : 0x19b70    : auipc a5, 96               : IntAlu :  D=0x0000000000079b70
8887000: system.cpu: T0 : 0x19b74    : ld a5, -824(a5)            : MemRead :  D=0x000000000007a9c8 A=0x79838
8887500: system.cpu: T0 : 0x19b78    : c_ld a4, 24(a5)            : MemRead :  D=0x0000000000000000 A=0x7a9e0
8888500: system.cpu: T0 : 0x19b7a    : auipc a5, 96               : IntAlu :  D=0x0000000000079b7a
8889500: system.cpu: T0 : 0x19b7e    : ld a5, -834(a5)            : MemRead :  D=0x000000000007a9c8 A=0x79838
8890000: system.cpu: T0 : 0x19b82    : c_ld a5, 8(a5)             : MemRead :  D=0x0000000000000000 A=0x7a9d0
8890500: system.cpu: T0 : 0x19b84    : bne a4, a5, 192            : IntAlu : 
8891000: system.cpu: T0 : 0x19b88    : auipc a5, 96               : IntAlu :  D=0x0000000000079b88
8891500: system.cpu: T0 : 0x19b8c    : ld a5, -848(a5)            : MemRead :  D=0x000000000007a9c8 A=0x79838
8892000: system.cpu: T0 : 0x19b90    : c_ld a5, 32(a5)            : MemRead :  D=0x0000000000000000 A=0x7a9e8
8893000: system.cpu: T0 : 0x19b92    : sd a5, -40(s0)             : MemWrite :  D=0x0000000000000000 A=0x7ffffffffffffdc8
8894000: system.cpu: T0 : 0x19b96    : auipc a5, 96               : IntAlu :  D=0x0000000000079b96
8895000: system.cpu: T0 : 0x19b9a    : ld a5, -862(a5)            : MemRead :  D=0x000000000007a9c8 A=0x79838
8895500: system.cpu: T0 : 0x19b9e    : c_ld a5, 24(a5)            : MemRead :  D=0x0000000000000000 A=0x7a9e0
8896000: system.cpu: T0 : 0x19ba0    : sd a5, -32(s0)             : MemWrite :  D=0x0000000000000000 A=0x7ffffffffffffdd0
8896500: system.cpu: T0 : 0x19ba4    : ld a4, -32(s0)             : MemRead :  D=0x0000000000000000 A=0x7ffffffffffffdd0
8897000: system.cpu: T0 : 0x19ba8    : ld a5, -40(s0)             : MemRead :  D=0x0000000000000000 A=0x7ffffffffffffdc8
8897500: system.cpu: T0 : 0x19bac    : bge a5, a4, 152            : IntAlu : 
8898000: system.cpu: T0 : 0x19c44    : c_lui a5, 1048575          : IntAlu :  D=0xfffffffffffff000
8899000: system.cpu: T0 : 0x19c46    : addi a4, s0, -16           : IntAlu :  D=0x7ffffffffffffde0
8899500: system.cpu: T0 : 0x19c4a    : c_add a5, a4               : IntAlu :  D=0x7fffffffffffede0
8900000: system.cpu: T0 : 0x19c4c    : lw a5, 1068(a5)            : MemRead :  D=0x0000000000000000 A=0x7ffffffffffff20c
8900500: system.cpu: T0 : 0x19c50    : c_addiw a5, 0              : IntAlu :  D=0x0000000000000000
8901500: system.cpu: T0 : 0x19c52    : bge zero, a5, 8            : IntAlu : 
8902000: system.cpu: T0 : 0x19c5a    : c_lui a5, 1048575          : IntAlu :  D=0xfffffffffffff000
8902500: system.cpu: T0 : 0x19c5c    : addi a4, s0, -16           : IntAlu :  D=0x7ffffffffffffde0
8903000: system.cpu: T0 : 0x19c60    : c_add a5, a4               : IntAlu :  D=0x7fffffffffffede0
8904000: system.cpu: T0 : 0x19c62    : addi a4, zero, 77          : IntAlu :  D=0x000000000000004d
8905000: system.cpu: T0 : 0x19c66    : sw a4, 1068(a5)            : MemWrite :  D=0x000000000000004d A=0x7ffffffffffff20c
8905500: system.cpu: T0 : 0x19c6a    : c_lui a5, 1048575          : IntAlu :  D=0xfffffffffffff000
8906000: system.cpu: T0 : 0x19c6c    : addi a4, s0, -16           : IntAlu :  D=0x7ffffffffffffde0
8906500: system.cpu: T0 : 0x19c70    : c_add a5, a4               : IntAlu :  D=0x7fffffffffffede0
8907500: system.cpu: T0 : 0x19c72    : lw a5, 1068(a5)            : MemRead :  D=0x000000000000004d A=0x7ffffffffffff20c
8908000: system.cpu: T0 : 0x19c76    : c_mv a0, a5                : IntAlu :  D=0x000000000000004d
8908500: system.cpu: T0 : 0x19c78    : addi sp, sp, 1024          : IntAlu :  D=0x7ffffffffffff600
8909000: system.cpu: T0 : 0x19c7c    : ld s0, 2024(sp)            : MemRead :  D=0x000000000001a152 A=0x7ffffffffffffde8
8909500: system.cpu: T0 : 0x19c80    : addi sp, sp, 2032          : IntAlu :  D=0x7ffffffffffffdf0
8910000: system.cpu: T0 : 0x19c84    : c_jr ra                    : IntAlu : 
8910500: system.cpu: T0 : 0x19e18    : jal ra, 17144              : IntAlu :  D=0x0000000000019e1c
8911000: system.cpu: T0 : 0x1e110    : c_addi sp, -16             : IntAlu :  D=0x7ffffffffffffde0
8911500: system.cpu: T0 : 0x1e112    : c_li a3, 1                 : IntAlu :  D=0x0000000000000001
8912000: system.cpu: T0 : 0x1e114    : c_li a2, 1                 : IntAlu :  D=0x0000000000000001
8913000: system.cpu: T0 : 0x1e116    : addi a1, gp, -1936         : IntAlu :  D=0x00000000000798b8
8913500: system.cpu: T0 : 0x1e11a    : c_sdsp ra, 8(sp)           : MemWrite :  D=0x0000000000019e1c A=0x7ffffffffffffde8
8914000: system.cpu: T0 : 0x1e11c    : jal ra, -468               : IntAlu :  D=0x000000000001e120
8914500: system.cpu: T0 : 0x1df48    : c_addi16sp sp, -128        : IntAlu :  D=0x7ffffffffffffd60
8915000: system.cpu: T0 : 0x1df4a    : c_sdsp s6, 64(sp)          : MemWrite :  D=0x0000000000000000 A=0x7ffffffffffffda0
8915500: system.cpu: T0 : 0x1df4c    : c_sdsp s7, 56(sp)          : MemWrite :  D=0x0000000000000000 A=0x7ffffffffffffd98
8916000: system.cpu: T0 : 0x1df4e    : c_sdsp ra, 120(sp)         : MemWrite :  D=0x000000000001e120 A=0x7ffffffffffffdd8
8916500: system.cpu: T0 : 0x1df50    : c_sdsp s0, 112(sp)         : MemWrite :  D=0x000000000001a152 A=0x7ffffffffffffdd0
8917000: system.cpu: T0 : 0x1df52    : c_sdsp s1, 104(sp)         : MemWrite :  D=0x000000000001a1e2 A=0x7ffffffffffffdc8
8917500: system.cpu: T0 : 0x1df54    : c_sdsp s2, 96(sp)          : MemWrite :  D=0x0000000000000000 A=0x7ffffffffffffdc0
8918000: system.cpu: T0 : 0x1df56    : c_sdsp s3, 88(sp)          : MemWrite :  D=0x0000000000000000 A=0x7ffffffffffffdb8
8918500: system.cpu: T0 : 0x1df58    : c_sdsp s4, 80(sp)          : MemWrite :  D=0x0000000000000000 A=0x7ffffffffffffdb0
8919000: system.cpu: T0 : 0x1df5a    : c_sdsp s5, 72(sp)          : MemWrite :  D=0x0000000000000000 A=0x7ffffffffffffda8
8919500: system.cpu: T0 : 0x1df5c    : c_sdsp s8, 48(sp)          : MemWrite :  D=0x0000000000000000 A=0x7ffffffffffffd90
8920000: system.cpu: T0 : 0x1df5e    : c_sdsp s9, 40(sp)          : MemWrite :  D=0x0000000000000000 A=0x7ffffffffffffd88
8920500: system.cpu: T0 : 0x1df60    : c_sdsp s10, 32(sp)         : MemWrite :  D=0x0000000000000000 A=0x7ffffffffffffd80
8921000: system.cpu: T0 : 0x1df62    : c_sdsp s11, 24(sp)         : MemWrite :  D=0x0000000000000000 A=0x7ffffffffffffd78
8921500: system.cpu: T0 : 0x1df64    : addi a5, zero, 0           : IntAlu :  D=0x0000000000000000
8922000: system.cpu: T0 : 0x1df68    : c_sdsp a2, 8(sp)           : MemWrite :  D=0x0000000000000001 A=0x7ffffffffffffd68
8922500: system.cpu: T0 : 0x1df6a    : c_mv s6, a0                : IntAlu :  D=0x000000000000004d
8923000: system.cpu: T0 : 0x1df6c    : c_mv s7, a1                : IntAlu :  D=0x00000000000798b8
8923500: system.cpu: T0 : 0x1df6e    : c_beqz a5, 6               : IntAlu : 
8924000: system.cpu: T0 : 0x1df74    : lui s9, 123                : IntAlu :  D=0x000000000007b000
8924500: system.cpu: T0 : 0x1df78    : lui s11, 123               : IntAlu :  D=0x000000000007b000
8925000: system.cpu: T0 : 0x1df7c    : c_li s4, 0                 : IntAlu :  D=0x0000000000000000
8925500: system.cpu: T0 : 0x1df7e    : c_li s3, 1                 : IntAlu :  D=0x0000000000000001
8926000: system.cpu: T0 : 0x1df80    : c_li a4, 1                 : IntAlu :  D=0x0000000000000001
8927000: system.cpu: T0 : 0x1df82    : addi a3, s9, -456          : IntAlu :  D=0x000000000007ae38
8928000: system.cpu: T0 : 0x1df86    : lr_w a5, (a3)             
8928000: system.cpu: T0 : 0x1df86. 0 : lr_w a5, (a3)              : MemRead :  D=0x0000000000000000 A=0x7ae38
8928500: system.cpu: T0 : 0x1df8a    : c_bnez a5, 8               : IntAlu : 
8929000: system.cpu: T0 : 0x1df8c    : sc_w_aq a2, a4, (a3)      
8929000: system.cpu: T0 : 0x1df8c. 0 : sc_w a2, a4, (a3)          : MemWrite :  D=0x0000000000000000 A=0x7ae38
8929500: system.cpu: T0 : 0x1df8c. 1 : 0x1ce6a62f fence           : No_OpClass : 
8930000: system.cpu: T0 : 0x1df90    : c_bnez a2, -10             : IntAlu : 
8930500: system.cpu: T0 : 0x1df92    : c_addiw a5, 0              : IntAlu :  D=0x0000000000000000
8931000: system.cpu: T0 : 0x1df94    : bne a5, zero, 338          : IntAlu : 
8931500: system.cpu: T0 : 0x1df98    : ld s10, 0(s7)              : MemRead :  D=0x000000000007a168 A=0x798b8
8932000: system.cpu: T0 : 0x1df9c    : beq s10, zero, 152         : IntAlu : 
8932500: system.cpu: T0 : 0x1dfa0    : c_li s5, 3                 : IntAlu :  D=0x0000000000000003
8933000: system.cpu: T0 : 0x1dfa2    : c_li s2, 4                 : IntAlu :  D=0x0000000000000004
8933500: system.cpu: T0 : 0x1dfa4    : c_li s1, 2                 : IntAlu :  D=0x0000000000000002
8934000: system.cpu: T0 : 0x1dfa6    : c_li s0, 1                 : IntAlu :  D=0x0000000000000001
8934500: system.cpu: T0 : 0x1dfa8    : c_j 34                     : IntAlu : 
8935500: system.cpu: T0 : 0x1dfca    : ld a5, 8(s10)              : MemRead :  D=0x0000000000000001 A=0x7a170
8936000: system.cpu: T0 : 0x1dfce    : c_beqz a5, 222             : IntAlu : 
8936500: system.cpu: T0 : 0x1dfd0    : ld s8, -448(s11)           : MemRead :  D=0x0000000000000001 A=0x7ae40
8937000: system.cpu: T0 : 0x1dfd4    : c_addi a5, -1              : IntAlu :  D=0x0000000000000000
8938000: system.cpu: T0 : 0x1dfd6    : sd a5, 8(s10)              : MemWrite :  D=0x0000000000000000 A=0x7a170
8938500: system.cpu: T0 : 0x1dfda    : c_mv a4, s4                : IntAlu :  D=0x0000000000000000
8939000: system.cpu: T0 : 0x1dfdc    : addi a3, s9, -456          : IntAlu :  D=0x000000000007ae38
8939500: system.cpu: T0 : 0x1dfe0    : fence iorw, ow             : No_OpClass : 
8940000: system.cpu: T0 : 0x1dfe4    : amoswap_w a4, a4, (a3)    
8940000: system.cpu: T0 : 0x1dfe4. 0 : amoswap_w[l] a4, a4, (a3)  : MemRead :  D=0x0000000000000001 A=0x7ae38
8940500: system.cpu: T0 : 0x1dfe8    : c_addiw a4, 0              : IntAlu :  D=0x0000000000000001
8941500: system.cpu: T0 : 0x1dfea    : blt s3, a4, 172            : IntAlu : 
8942000: system.cpu: T0 : 0x1dfee    : c_slli a5, 5               : IntAlu :  D=0x0000000000000000
8942500: system.cpu: T0 : 0x1dff0    : c_add a5, s10              : IntAlu :  D=0x000000000007a168
8943000: system.cpu: T0 : 0x1dff2    : c_ld a4, 16(a5)            : MemRead :  D=0x0000000000000004 A=0x7a178
8943500: system.cpu: T0 : 0x1dff4    : beq a4, s5, 146            : IntAlu : 
8944000: system.cpu: T0 : 0x1dff8    : bne a4, s2, -78            : IntAlu : 
8944500: system.cpu: T0 : 0x1dffc    : c_ld a4, 24(a5)            : MemRead :  D=0x000000000001a1e2 A=0x7a180
8945000: system.cpu: T0 : 0x1dffe    : c_ld a0, 32(a5)            : MemRead :  D=0x0000000000000000 A=0x7a188
8945500: system.cpu: T0 : 0x1e000    : sd zero, 16(a5)            : MemWrite :  D=0x0000000000000000 A=0x7a178
8946000: system.cpu: T0 : 0x1e004    : c_mv a1, s6                : IntAlu :  D=0x000000000000004d
8946500: system.cpu: T0 : 0x1e006    : c_jalr a4                  : IntAlu :  D=0x000000000001e008
8947000: system.cpu: T0 : 0x1a1e2    : c_addi sp, -32             : IntAlu :  D=0x7ffffffffffffd40
8947500: system.cpu: T0 : 0x1a1e4    : c_sdsp s0, 16(sp)          : MemWrite :  D=0x0000000000000001 A=0x7ffffffffffffd50
8948500: system.cpu: T0 : 0x1a1e6    : lui a5, 120                : IntAlu :  D=0x0000000000078000
8949500: system.cpu: T0 : 0x1a1ea    : lui s0, 120                : IntAlu :  D=0x0000000000078000
8950500: system.cpu: T0 : 0x1a1ee    : addi s0, s0, -1280         : IntAlu :  D=0x0000000000077b00
8951500: system.cpu: T0 : 0x1a1f2    : addi a5, a5, -1264         : IntAlu :  D=0x0000000000077b10
8952000: system.cpu: T0 : 0x1a1f6    : c_sub a5, s0               : IntAlu :  D=0x0000000000000010
8952500: system.cpu: T0 : 0x1a1f8    : c_sdsp ra, 24(sp)          : MemWrite :  D=0x000000000001e008 A=0x7ffffffffffffd58
8953000: system.cpu: T0 : 0x1a1fa    : c_sdsp s1, 8(sp)           : MemWrite :  D=0x0000000000000002 A=0x7ffffffffffffd48
8953500: system.cpu: T0 : 0x1a1fc    : c_sdsp s2, 0(sp)           : MemWrite :  D=0x0000000000000004 A=0x7ffffffffffffd40
8954500: system.cpu: T0 : 0x1a1fe    : srai a4, a5, 3             : IntAlu :  D=0x0000000000000002
8955000: system.cpu: T0 : 0x1a202    : c_beqz a4, 24              : IntAlu : 
8955500: system.cpu: T0 : 0x1a204    : c_addi a5, -8              : IntAlu :  D=0x0000000000000008
8956500: system.cpu: T0 : 0x1a206    : addi s1, a4, -1            : IntAlu :  D=0x0000000000000001
8957000: system.cpu: T0 : 0x1a20a    : c_add s0, a5               : IntAlu :  D=0x0000000000077b08
8957500: system.cpu: T0 : 0x1a20c    : c_li s2, -1                : IntAlu :  D=0xffffffffffffffff
8958000: system.cpu: T0 : 0x1a20e    : c_ld a5, 0(s0)             : MemRead :  D=0x0000000000010340 A=0x77b08
8958500: system.cpu: T0 : 0x1a210    : c_addi s1, -1              : IntAlu :  D=0x0000000000000000
8959000: system.cpu: T0 : 0x1a212    : c_addi s0, -8              : IntAlu :  D=0x0000000000077b00
8959500: system.cpu: T0 : 0x1a214    : c_jalr a5                  : IntAlu :  D=0x000000000001a216
8960000: system.cpu: T0 : 0x10340    : addi a0, gp, 1624          : IntAlu :  D=0x000000000007a6a0
8960500: system.cpu: T0 : 0x10344    : jal zero, 247910           : IntAlu :  D=0x0000000000010348
8961000: system.cpu: T0 : 0x4cbaa    : c_addi sp, -32             : IntAlu :  D=0x7ffffffffffffd20
8961500: system.cpu: T0 : 0x4cbac    : c_sdsp s1, 8(sp)           : MemWrite :  D=0x0000000000000000 A=0x7ffffffffffffd28
8962000: system.cpu: T0 : 0x4cbae    : c_ld s1, 0(a0)             : MemRead :  D=0x0000000000000000 A=0x7a6a0
8962500: system.cpu: T0 : 0x4cbb0    : c_sdsp ra, 24(sp)          : MemWrite :  D=0x000000000001a216 A=0x7ffffffffffffd38
8963000: system.cpu: T0 : 0x4cbb2    : c_sdsp s0, 16(sp)          : MemWrite :  D=0x0000000000077b00 A=0x7ffffffffffffd30
8963500: system.cpu: T0 : 0x4cbb4    : c_beqz s1, 20              : IntAlu : 
8964000: system.cpu: T0 : 0x4cbc8    : c_ldsp ra, 24(sp)          : MemRead :  D=0x000000000001a216 A=0x7ffffffffffffd38
8964500: system.cpu: T0 : 0x4cbca    : c_ldsp s0, 16(sp)          : MemRead :  D=0x0000000000077b00 A=0x7ffffffffffffd30
8965000: system.cpu: T0 : 0x4cbcc    : c_ldsp s1, 8(sp)           : MemRead :  D=0x0000000000000000 A=0x7ffffffffffffd28
8965500: system.cpu: T0 : 0x4cbce    : c_addi16sp sp, 32          : IntAlu :  D=0x7ffffffffffffd40
8966000: system.cpu: T0 : 0x4cbd0    : c_jr ra                    : IntAlu : 
8967000: system.cpu: T0 : 0x1a216    : bne s1, s2, -8             : IntAlu : 
8967500: system.cpu: T0 : 0x1a20e    : c_ld a5, 0(s0)             : MemRead :  D=0x00000000000103d6 A=0x77b00
8968000: system.cpu: T0 : 0x1a210    : c_addi s1, -1              : IntAlu :  D=0xffffffffffffffff
8968500: system.cpu: T0 : 0x1a212    : c_addi s0, -8              : IntAlu :  D=0x0000000000077af8
8969000: system.cpu: T0 : 0x1a214    : c_jalr a5                  : IntAlu :  D=0x000000000001a216
8969500: system.cpu: T0 : 0x103d6    : c_addi sp, -16             : IntAlu :  D=0x7ffffffffffffd30
8970000: system.cpu: T0 : 0x103d8    : c_sdsp s0, 0(sp)           : MemWrite :  D=0x0000000000077af8 A=0x7ffffffffffffd30
8971000: system.cpu: T0 : 0x103da    : lbu a5, -1016(gp)          : MemRead :  D=0x0000000000000000 A=0x79c50
8971500: system.cpu: T0 : 0x103de    : c_sdsp ra, 8(sp)           : MemWrite :  D=0x000000000001a216 A=0x7ffffffffffffd38
8972000: system.cpu: T0 : 0x103e0    : c_bnez a5, 34              : IntAlu : 
8973000: system.cpu: T0 : 0x103e2    : jal ra, -96                : IntAlu :  D=0x00000000000103e6
8974000: system.cpu: T0 : 0x10382    : lui a0, 121                : IntAlu :  D=0x0000000000079000
8975000: system.cpu: T0 : 0x10386    : lui a4, 121                : IntAlu :  D=0x0000000000079000
8976000: system.cpu: T0 : 0x1038a    : addi a5, a0, 2040          : IntAlu :  D=0x00000000000797f8
8977000: system.cpu: T0 : 0x1038e    : addi a4, a4, 2040          : IntAlu :  D=0x00000000000797f8
8978000: system.cpu: T0 : 0x10392    : beq a4, a5, 18             : IntAlu : 
8978500: system.cpu: T0 : 0x103a4    : c_jr ra                    : IntAlu : 
8979500: system.cpu: T0 : 0x103e6    : lui a5, 86                 : IntAlu :  D=0x0000000000056000
8980500: system.cpu: T0 : 0x103ea    : addi a5, a5, -492          : IntAlu :  D=0x0000000000055e14
8981000: system.cpu: T0 : 0x103ee    : c_beqz a5, 14              : IntAlu : 
8981500: system.cpu: T0 : 0x103f0    : lui a0, 116                : IntAlu :  D=0x0000000000074000
8982000: system.cpu: T0 : 0x103f4    : addi a0, a0, -1680         : IntAlu :  D=0x0000000000073970
8982500: system.cpu: T0 : 0x103f8    : jal ra, 285212             : IntAlu :  D=0x00000000000103fc
8983000: system.cpu: T0 : 0x55e14    : c_j -222                   : IntAlu : 
8983500: system.cpu: T0 : 0x55d36    : c_addi sp, -32             : IntAlu :  D=0x7ffffffffffffd10
8984000: system.cpu: T0 : 0x55d38    : c_sdsp ra, 24(sp)          : MemWrite :  D=0x00000000000103fc A=0x7ffffffffffffd28
8984500: system.cpu: T0 : 0x55d3a    : c_sdsp s0, 16(sp)          : MemWrite :  D=0x0000000000077af8 A=0x7ffffffffffffd20
8985000: system.cpu: T0 : 0x55d3c    : c_sdsp s1, 8(sp)           : MemWrite :  D=0xffffffffffffffff A=0x7ffffffffffffd18
8985500: system.cpu: T0 : 0x55d3e    : c_sdsp s2, 0(sp)           : MemWrite :  D=0xffffffffffffffff A=0x7ffffffffffffd10
8986000: system.cpu: T0 : 0x55d40    : c_beqz a0, 160             : IntAlu : 
8986500: system.cpu: T0 : 0x55d42    : c_lw a5, 0(a0)             : MemRead :  D=0x000000000000001c A=0x73970
8987000: system.cpu: T0 : 0x55d44    : c_mv s1, a0                : IntAlu :  D=0x0000000000073970
8987500: system.cpu: T0 : 0x55d46    : c_beqz a5, 154             : IntAlu : 
8988000: system.cpu: T0 : 0x55d48    : auipc s2, 36               : IntAlu :  D=0x0000000000079d48
8988500: system.cpu: T0 : 0x55d4c    : ld s2, -1328(s2)           : MemRead :  D=0x0000000000000000 A=0x79818
8989000: system.cpu: T0 : 0x55d50    : beq s2, zero, 22           : IntAlu : 
8990000: system.cpu: T0 : 0x55d66    : addi a2, gp, 1888          : IntAlu :  D=0x000000000007a7a8
8991000: system.cpu: T0 : 0x55d6a    : ld a5, 448(a2)             : MemRead :  D=0x0000000000079c58 A=0x7a968
8991500: system.cpu: T0 : 0x55d6e    : c_beqz a5, 66              : IntAlu : 
8992000: system.cpu: T0 : 0x55d70    : auipc a3, 37               : IntAlu :  D=0x000000000007ad70
8992500: system.cpu: T0 : 0x55d74    : addi a3, a3, -1032         : IntAlu :  D=0x000000000007a968
8993000: system.cpu: T0 : 0x55d78    : c_j 8                      : IntAlu : 
8993500: system.cpu: T0 : 0x55d80    : c_ld a4, 24(a5)            : MemRead :  D=0x0000000000073970 A=0x79c70
8994000: system.cpu: T0 : 0x55d82    : c_mv s0, a5                : IntAlu :  D=0x0000000000079c58
8994500: system.cpu: T0 : 0x55d84    : c_ld a5, 40(a5)            : MemRead :  D=0x0000000000000000 A=0x79c80
8995500: system.cpu: T0 : 0x55d86    : bne s1, a4, -12            : IntAlu : 
8996000: system.cpu: T0 : 0x55d8a    : c_sd a5, 0(a3)             : MemWrite :  D=0x0000000000000000 A=0x7a968
8996500: system.cpu: T0 : 0x55d8c    : beq s2, zero, 22           : IntAlu : 
8997000: system.cpu: T0 : 0x55da2    : c_ldsp ra, 24(sp)          : MemRead :  D=0x00000000000103fc A=0x7ffffffffffffd28
8997500: system.cpu: T0 : 0x55da4    : c_mv a0, s0                : IntAlu :  D=0x0000000000079c58
8998000: system.cpu: T0 : 0x55da6    : c_ldsp s0, 16(sp)          : MemRead :  D=0x0000000000077af8 A=0x7ffffffffffffd20
8998500: system.cpu: T0 : 0x55da8    : c_ldsp s1, 8(sp)           : MemRead :  D=0xffffffffffffffff A=0x7ffffffffffffd18
8999000: system.cpu: T0 : 0x55daa    : c_ldsp s2, 0(sp)           : MemRead :  D=0xffffffffffffffff A=0x7ffffffffffffd10
8999500: system.cpu: T0 : 0x55dac    : c_addi16sp sp, 32          : IntAlu :  D=0x7ffffffffffffd30
9000000: system.cpu: T0 : 0x55dae    : c_jr ra                    : IntAlu : 
9000500: system.cpu: T0 : 0x103fc    : c_li a5, 1                 : IntAlu :  D=0x0000000000000001
9001500: system.cpu: T0 : 0x103fe    : sb a5, -1016(gp)           : MemWrite :  D=0x0000000000000001 A=0x79c50
9002000: system.cpu: T0 : 0x10402    : c_ldsp ra, 8(sp)           : MemRead :  D=0x000000000001a216 A=0x7ffffffffffffd38
9002500: system.cpu: T0 : 0x10404    : c_ldsp s0, 0(sp)           : MemRead :  D=0x0000000000077af8 A=0x7ffffffffffffd30
9003000: system.cpu: T0 : 0x10406    : c_addi sp, 16              : IntAlu :  D=0x7ffffffffffffd40
9003500: system.cpu: T0 : 0x10408    : c_jr ra                    : IntAlu : 
9004500: system.cpu: T0 : 0x1a216    : bne s1, s2, -8             : IntAlu : 
9005000: system.cpu: T0 : 0x1a21a    : c_ldsp ra, 24(sp)          : MemRead :  D=0x000000000001e008 A=0x7ffffffffffffd58
9005500: system.cpu: T0 : 0x1a21c    : c_ldsp s0, 16(sp)          : MemRead :  D=0x0000000000000001 A=0x7ffffffffffffd50
9006000: system.cpu: T0 : 0x1a21e    : c_ldsp s1, 8(sp)           : MemRead :  D=0x0000000000000002 A=0x7ffffffffffffd48
9006500: system.cpu: T0 : 0x1a220    : c_ldsp s2, 0(sp)           : MemRead :  D=0x0000000000000004 A=0x7ffffffffffffd40
9007000: system.cpu: T0 : 0x1a222    : c_addi16sp sp, 32          : IntAlu :  D=0x7ffffffffffffd60
9007500: system.cpu: T0 : 0x1a224    : c_jr ra                    : IntAlu : 
9008000: system.cpu: T0 : 0x1e008    : addi a4, s9, -456          : IntAlu :  D=0x000000000007ae38
9008500: system.cpu: T0 : 0x1e00c    : lr_w a5, (a4)             
9008500: system.cpu: T0 : 0x1e00c. 0 : lr_w a5, (a4)              : MemRead :  D=0x0000000000000000 A=0x7ae38
9009000: system.cpu: T0 : 0x1e010    : c_bnez a5, 8               : IntAlu : 
9010000: system.cpu: T0 : 0x1e012    : sc_w_aq a3, s0, (a4)      
9010000: system.cpu: T0 : 0x1e012. 0 : sc_w a3, s0, (a4)          : MemWrite :  D=0x0000000000000000 A=0x7ae38
9010500: system.cpu: T0 : 0x1e012. 1 : 0x1c8726af fence           : No_OpClass : 
9011000: system.cpu: T0 : 0x1e016    : c_bnez a3, -10             : IntAlu : 
9011500: system.cpu: T0 : 0x1e018    : c_addiw a5, 0              : IntAlu :  D=0x0000000000000000
9012000: system.cpu: T0 : 0x1e01a    : c_beqz a5, -88             : IntAlu : 
9013000: system.cpu: T0 : 0x1dfc2    : ld a5, -448(s11)           : MemRead :  D=0x0000000000000001 A=0x7ae40
9014000: system.cpu: T0 : 0x1dfc6    : bne a5, s8, 102            : IntAlu : 
9015000: system.cpu: T0 : 0x1dfca    : ld a5, 8(s10)              : MemRead :  D=0x0000000000000000 A=0x7a170
9015500: system.cpu: T0 : 0x1dfce    : c_beqz a5, 222             : IntAlu : 
9016000: system.cpu: T0 : 0x1e0ac    : ld a5, 0(s10)              : MemRead :  D=0x0000000000000000 A=0x7a168
9016500: system.cpu: T0 : 0x1e0b0    : sd a5, 0(s7)               : MemWrite :  D=0x0000000000000000 A=0x798b8
9017000: system.cpu: T0 : 0x1e0b4    : c_beqz a5, 8               : IntAlu : 
9017500: system.cpu: T0 : 0x1e0bc    : c_mv a5, s4                : IntAlu :  D=0x0000000000000000
9018500: system.cpu: T0 : 0x1e0be    : addi a4, s9, -456          : IntAlu :  D=0x000000000007ae38
9019500: system.cpu: T0 : 0x1e0c2    : fence iorw, ow             : No_OpClass : 
9020500: system.cpu: T0 : 0x1e0c6    : amoswap_w a5, a5, (a4)    
9020500: system.cpu: T0 : 0x1e0c6. 0 : amoswap_w[l] a5, a5, (a4)  : MemRead :  D=0x0000000000000001 A=0x7ae38
9021000: system.cpu: T0 : 0x1e0ca    : c_addiw a5, 0              : IntAlu :  D=0x0000000000000001
9021500: system.cpu: T0 : 0x1e0cc    : bge s3, a5, -332           : IntAlu : 
9022000: system.cpu: T0 : 0x1df80    : c_li a4, 1                 : IntAlu :  D=0x0000000000000001
9023000: system.cpu: T0 : 0x1df82    : addi a3, s9, -456          : IntAlu :  D=0x000000000007ae38
9024000: system.cpu: T0 : 0x1df86    : lr_w a5, (a3)             
9024000: system.cpu: T0 : 0x1df86. 0 : lr_w a5, (a3)              : MemRead :  D=0x0000000000000000 A=0x7ae38
9024500: system.cpu: T0 : 0x1df8a    : c_bnez a5, 8               : IntAlu : 
9025000: system.cpu: T0 : 0x1df8c    : sc_w_aq a2, a4, (a3)      
9025000: system.cpu: T0 : 0x1df8c. 0 : sc_w a2, a4, (a3)          : MemWrite :  D=0x0000000000000000 A=0x7ae38
9025500: system.cpu: T0 : 0x1df8c. 1 : 0x1ce6a62f fence           : No_OpClass : 
9026000: system.cpu: T0 : 0x1df90    : c_bnez a2, -10             : IntAlu : 
9026500: system.cpu: T0 : 0x1df92    : c_addiw a5, 0              : IntAlu :  D=0x0000000000000000
9027000: system.cpu: T0 : 0x1df94    : bne a5, zero, 338          : IntAlu : 
9027500: system.cpu: T0 : 0x1df98    : ld s10, 0(s7)              : MemRead :  D=0x0000000000000000 A=0x798b8
9028000: system.cpu: T0 : 0x1df9c    : beq s10, zero, 152         : IntAlu : 
9028500: system.cpu: T0 : 0x1e034    : c_li a4, 1                 : IntAlu :  D=0x0000000000000001
9029500: system.cpu: T0 : 0x1e036    : sb a4, -1476(gp)           : MemWrite :  D=0x0000000000000001 A=0x79a84
9030000: system.cpu: T0 : 0x1e03a    : c_li a5, 0                 : IntAlu :  D=0x0000000000000000
9030500: system.cpu: T0 : 0x1e03c    : addi a4, s9, -456          : IntAlu :  D=0x000000000007ae38
9031000: system.cpu: T0 : 0x1e040    : fence iorw, ow             : No_OpClass : 
9031500: system.cpu: T0 : 0x1e044    : amoswap_w a5, a5, (a4)    
9031500: system.cpu: T0 : 0x1e044. 0 : amoswap_w[l] a5, a5, (a4)  : MemRead :  D=0x0000000000000001 A=0x7ae38
9032000: system.cpu: T0 : 0x1e048    : c_addiw a5, 0              : IntAlu :  D=0x0000000000000001
9032500: system.cpu: T0 : 0x1e04a    : c_li a4, 1                 : IntAlu :  D=0x0000000000000001
9033000: system.cpu: T0 : 0x1e04c    : blt a4, a5, 174            : IntAlu : 
9033500: system.cpu: T0 : 0x1e050    : c_ldsp a5, 8(sp)           : MemRead :  D=0x0000000000000001 A=0x7ffffffffffffd68
9034000: system.cpu: T0 : 0x1e052    : c_beqz a5, 46              : IntAlu : 
9034500: system.cpu: T0 : 0x1e054    : lui s0, 116                : IntAlu :  D=0x0000000000074000
9035000: system.cpu: T0 : 0x1e058    : lui a5, 116                : IntAlu :  D=0x0000000000074000
9035500: system.cpu: T0 : 0x1e05c    : addi s1, s0, -1728         : IntAlu :  D=0x0000000000073940
9036000: system.cpu: T0 : 0x1e060    : addi a5, a5, -1720         : IntAlu :  D=0x0000000000073948
9036500: system.cpu: T0 : 0x1e064    : bgeu s1, a5, 28            : IntAlu : 
9037000: system.cpu: T0 : 0x1e068    : c_addi a5, -1              : IntAlu :  D=0x0000000000073947
9037500: system.cpu: T0 : 0x1e06a    : c_sub a5, s1               : IntAlu :  D=0x0000000000000007
9038000: system.cpu: T0 : 0x1e06c    : c_andi a5, 18446744073709551608 : IntAlu :  D=0x0000000000000000
9038500: system.cpu: T0 : 0x1e06e    : c_addi a5, 8               : IntAlu :  D=0x0000000000000008
9039000: system.cpu: T0 : 0x1e070    : c_add s1, a5               : IntAlu :  D=0x0000000000073948
9040000: system.cpu: T0 : 0x1e072    : addi s0, s0, -1728         : IntAlu :  D=0x0000000000073940
9040500: system.cpu: T0 : 0x1e076    : c_ld a5, 0(s0)             : MemRead :  D=0x0000000000022fae A=0x73940
9041000: system.cpu: T0 : 0x1e078    : c_addi s0, 8               : IntAlu :  D=0x0000000000073948
9041500: system.cpu: T0 : 0x1e07a    : c_jalr a5                  : IntAlu :  D=0x000000000001e07c
9042000: system.cpu: T0 : 0x22fae    : c_addi16sp sp, -176        : IntAlu :  D=0x7ffffffffffffcb0
9042500: system.cpu: T0 : 0x22fb0    : c_sdsp s6, 112(sp)         : MemWrite :  D=0x000000000000004d A=0x7ffffffffffffd20
9043500: system.cpu: T0 : 0x22fb2    : lui s6, 120                : IntAlu :  D=0x0000000000078000
9044500: system.cpu: T0 : 0x22fb6    : ld a5, -1264(s6)           : MemRead :  D=0x6e776f442f2e2e00 A=0x77b10
9045000: system.cpu: T0 : 0x22fba    : c_sdsp s3, 136(sp)         : MemWrite :  D=0x0000000000000001 A=0x7ffffffffffffd38
9045500: system.cpu: T0 : 0x22fbc    : c_li a0, 0                 : IntAlu :  D=0x0000000000000000
9046000: system.cpu: T0 : 0x22fbe    : c_sdsp s5, 120(sp)         : MemWrite :  D=0x0000000000000003 A=0x7ffffffffffffd28
9046500: system.cpu: T0 : 0x22fc0    : c_sdsp ra, 168(sp)         : MemWrite :  D=0x000000000001e07c A=0x7ffffffffffffd58
9047000: system.cpu: T0 : 0x22fc2    : c_sdsp s0, 160(sp)         : MemWrite :  D=0x0000000000073948 A=0x7ffffffffffffd50
9047500: system.cpu: T0 : 0x22fc4    : c_sdsp s1, 152(sp)         : MemWrite :  D=0x0000000000073948 A=0x7ffffffffffffd48
9048000: system.cpu: T0 : 0x22fc6    : c_sdsp s2, 144(sp)         : MemWrite :  D=0x0000000000000004 A=0x7ffffffffffffd40
9048500: system.cpu: T0 : 0x22fc8    : c_sdsp s4, 128(sp)         : MemWrite :  D=0x0000000000000000 A=0x7ffffffffffffd30
9049000: system.cpu: T0 : 0x22fca    : c_sdsp s7, 104(sp)         : MemWrite :  D=0x00000000000798b8 A=0x7ffffffffffffd18
9049500: system.cpu: T0 : 0x22fcc    : c_sdsp s8, 96(sp)          : MemWrite :  D=0x0000000000000001 A=0x7ffffffffffffd10
9050000: system.cpu: T0 : 0x22fce    : c_sdsp s9, 88(sp)          : MemWrite :  D=0x000000000007b000 A=0x7ffffffffffffd08
9050500: system.cpu: T0 : 0x22fd0    : c_sdsp s10, 80(sp)         : MemWrite :  D=0x0000000000000000 A=0x7ffffffffffffd00
9051000: system.cpu: T0 : 0x22fd2    : c_sdsp s11, 72(sp)         : MemWrite :  D=0x000000000007b000 A=0x7ffffffffffffcf8
9051500: system.cpu: T0 : 0x22fd4    : c_sdsp a5, 56(sp)          : MemWrite :  D=0x6e776f442f2e2e00 A=0x7ffffffffffffce8
9052500: system.cpu: T0 : 0x22fd6    : addi s3, zero, 0           : IntAlu :  D=0x0000000000000000
9053500: system.cpu: T0 : 0x22fda    : jal ra, -560               : IntAlu :  D=0x0000000000022fde
9054000: system.cpu: T0 : 0x22daa    : c_addi16sp sp, -176        : IntAlu :  D=0x7ffffffffffffc00
9054500: system.cpu: T0 : 0x22dac    : c_sdsp s5, 120(sp)         : MemWrite :  D=0x0000000000000003 A=0x7ffffffffffffc78
9055500: system.cpu: T0 : 0x22dae    : lui s5, 120                : IntAlu :  D=0x0000000000078000
9056500: system.cpu: T0 : 0x22db2    : ld a5, -1264(s5)           : MemRead :  D=0x6e776f442f2e2e00 A=0x77b10
9057000: system.cpu: T0 : 0x22db6    : c_sdsp s3, 136(sp)         : MemWrite :  D=0x0000000000000000 A=0x7ffffffffffffc88
9057500: system.cpu: T0 : 0x22db8    : c_sdsp s9, 88(sp)          : MemWrite :  D=0x000000000007b000 A=0x7ffffffffffffc58
9058000: system.cpu: T0 : 0x22dba    : c_sdsp ra, 168(sp)         : MemWrite :  D=0x0000000000022fde A=0x7ffffffffffffca8
9058500: system.cpu: T0 : 0x22dbc    : c_sdsp s0, 160(sp)         : MemWrite :  D=0x0000000000073948 A=0x7ffffffffffffca0
9059000: system.cpu: T0 : 0x22dbe    : c_sdsp s1, 152(sp)         : MemWrite :  D=0x0000000000073948 A=0x7ffffffffffffc98
9059500: system.cpu: T0 : 0x22dc0    : c_sdsp s2, 144(sp)         : MemWrite :  D=0x0000000000000004 A=0x7ffffffffffffc90
9060000: system.cpu: T0 : 0x22dc2    : c_sdsp s4, 128(sp)         : MemWrite :  D=0x0000000000000000 A=0x7ffffffffffffc80
9060500: system.cpu: T0 : 0x22dc4    : c_sdsp s6, 112(sp)         : MemWrite :  D=0x0000000000078000 A=0x7ffffffffffffc70
9061000: system.cpu: T0 : 0x22dc6    : c_sdsp s7, 104(sp)         : MemWrite :  D=0x00000000000798b8 A=0x7ffffffffffffc68
9061500: system.cpu: T0 : 0x22dc8    : c_sdsp s8, 96(sp)          : MemWrite :  D=0x0000000000000001 A=0x7ffffffffffffc60
9062000: system.cpu: T0 : 0x22dca    : c_sdsp s10, 80(sp)         : MemWrite :  D=0x0000000000000000 A=0x7ffffffffffffc50
9062500: system.cpu: T0 : 0x22dcc    : c_sdsp s11, 72(sp)         : MemWrite :  D=0x000000000007b000 A=0x7ffffffffffffc48
9063000: system.cpu: T0 : 0x22dce    : c_sdsp a5, 56(sp)          : MemWrite :  D=0x6e776f442f2e2e00 A=0x7ffffffffffffc38
9063500: system.cpu: T0 : 0x22dd0    : addi s3, zero, 0           : IntAlu :  D=0x0000000000000000
9064000: system.cpu: T0 : 0x22dd4    : c_mv s9, a0                : IntAlu :  D=0x0000000000000000
9065000: system.cpu: T0 : 0x22dd6    : beq s3, zero, 430          : IntAlu : 
9065500: system.cpu: T0 : 0x22f84    : lui a5, 34                 : IntAlu :  D=0x0000000000022000
9066000: system.cpu: T0 : 0x22f88    : addi a5, a5, -8            : IntAlu :  D=0x0000000000021ff8
9066500: system.cpu: T0 : 0x22f8c    : c_sdsp a5, 24(sp)          : MemWrite :  D=0x0000000000021ff8 A=0x7ffffffffffffc18
9067000: system.cpu: T0 : 0x22f8e    : c_sdsp zero, 32(sp)        : MemWrite :  D=0x0000000000000000 A=0x7ffffffffffffc20
9067500: system.cpu: T0 : 0x22f90    : c_j -418                   : IntAlu : 
9068500: system.cpu: T0 : 0x22dee    : addi s8, gp, 1328          : IntAlu :  D=0x000000000007a578
9069500: system.cpu: T0 : 0x22df2    : ld a5, 8(s8)               : MemRead :  D=0x0000000000000000 A=0x7a580
9070500: system.cpu: T0 : 0x22df6    : addi s0, tp, -1808         : IntAlu :  D=0x000000000007c000
9071500: system.cpu: T0 : 0x22dfa    : beq a5, s0, 28             : IntAlu : 
9072000: system.cpu: T0 : 0x22dfe    : c_li a3, 1                 : IntAlu :  D=0x0000000000000001
9072500: system.cpu: T0 : 0x22e00    : lr_w a5, (s8)             
9072500: system.cpu: T0 : 0x22e00. 0 : lr_w a5, (s8)              : MemRead :  D=0x0000000000000000 A=0x7a578
9073000: system.cpu: T0 : 0x22e04    : c_bnez a5, 8               : IntAlu : 
9074000: system.cpu: T0 : 0x22e06    : sc_w_aq a4, a3, (s8)      
9074000: system.cpu: T0 : 0x22e06. 0 : sc_w a4, a3, (s8)          : MemWrite :  D=0x0000000000000000 A=0x7a578
9074500: system.cpu: T0 : 0x22e06. 1 : 0x1cdc272f fence           : No_OpClass : 
9075000: system.cpu: T0 : 0x22e0a    : c_bnez a4, -10             : IntAlu : 
9075500: system.cpu: T0 : 0x22e0c    : c_addiw a5, 0              : IntAlu :  D=0x0000000000000000
9076500: system.cpu: T0 : 0x22e0e    : bne a5, zero, 388          : IntAlu : 
9077500: system.cpu: T0 : 0x22e12    : sd s0, 8(s8)               : MemWrite :  D=0x000000000007c000 A=0x7a580
9078500: system.cpu: T0 : 0x22e16    : lw a4, 4(s8)               : MemRead :  D=0x0000000000000000 A=0x7a57c
9079500: system.cpu: T0 : 0x22e1a    : ld s0, -1920(gp)           : MemRead :  D=0x0000000000078008 A=0x798c8
9080500: system.cpu: T0 : 0x22e1e    : addiw a3, a4, 1            : IntAlu :  D=0x0000000000000001
9081500: system.cpu: T0 : 0x22e22    : sw a3, 4(s8)               : MemWrite :  D=0x0000000000000001 A=0x7a57c
9082500: system.cpu: T0 : 0x22e26    : beq s0, zero, 384          : IntAlu : 
9083500: system.cpu: T0 : 0x22e2a    : lui s1, 116                : IntAlu :  D=0x0000000000074000
9084500: system.cpu: T0 : 0x22e2e    : lui s2, 115                : IntAlu :  D=0x0000000000073000
9085500: system.cpu: T0 : 0x22e32    : addi s2, s2, 856           : IntAlu :  D=0x0000000000073358
9086500: system.cpu: T0 : 0x22e36    : addi s1, s1, -1728         : IntAlu :  D=0x0000000000073940
9087000: system.cpu: T0 : 0x22e3a    : c_li s4, 0                 : IntAlu :  D=0x0000000000000000
9087500: system.cpu: T0 : 0x22e3c    : c_lui s11, 8               : IntAlu :  D=0x0000000000008000
9088000: system.cpu: T0 : 0x22e3e    : c_li s6, 1                 : IntAlu :  D=0x0000000000000001
9088500: system.cpu: T0 : 0x22e40    : sub s1, s1, s2             : IntAlu :  D=0x00000000000005e8
9089000: system.cpu: T0 : 0x22e44    : sd s0, -1456(gp)           : MemWrite :  D=0x0000000000078008 A=0x79a98
9089500: system.cpu: T0 : 0x22e48    : beq s9, zero, 54           : IntAlu : 
9090500: system.cpu: T0 : 0x22e7e    : lw a5, 192(s0)             : MemRead :  D=0x0000000000000000 A=0x780c8
9091500: system.cpu: T0 : 0x22e82    : bge zero, a5, 150          : IntAlu : 
9092000: system.cpu: T0 : 0x22f18    : c_ld a3, 40(s0)            : MemRead :  D=0x0000000000000000 A=0x78030
9092500: system.cpu: T0 : 0x22f1a    : c_ld a5, 32(s0)            : MemRead :  D=0x0000000000000000 A=0x78028
9093000: system.cpu: T0 : 0x22f1c    : bgeu a5, a3, -116          : IntAlu : 
9093500: system.cpu: T0 : 0x22ea8    : beq s9, zero, 28           : IntAlu : 
9094000: system.cpu: T0 : 0x22ec4    : c_ld s0, 104(s0)           : MemRead :  D=0x00000000000781d0 A=0x78070
9095000: system.cpu: T0 : 0x22ec6    : sd zero, -1456(gp)         : MemWrite :  D=0x0000000000000000 A=0x79a98
9095500: system.cpu: T0 : 0x22eca    : c_bnez s0, -134            : IntAlu : 
9096000: system.cpu: T0 : 0x22e44    : sd s0, -1456(gp)           : MemWrite :  D=0x00000000000781d0 A=0x79a98
9096500: system.cpu: T0 : 0x22e48    : beq s9, zero, 54           : IntAlu : 
9097500: system.cpu: T0 : 0x22e7e    : lw a5, 192(s0)             : MemRead :  D=0x0000000000000000 A=0x78290
9098500: system.cpu: T0 : 0x22e82    : bge zero, a5, 150          : IntAlu : 
9099000: system.cpu: T0 : 0x22f18    : c_ld a3, 40(s0)            : MemRead :  D=0x0000000000000000 A=0x781f8
9099500: system.cpu: T0 : 0x22f1a    : c_ld a5, 32(s0)            : MemRead :  D=0x0000000000000000 A=0x781f0
9100000: system.cpu: T0 : 0x22f1c    : bgeu a5, a3, -116          : IntAlu : 
9100500: system.cpu: T0 : 0x22ea8    : beq s9, zero, 28           : IntAlu : 
9101000: system.cpu: T0 : 0x22ec4    : c_ld s0, 104(s0)           : MemRead :  D=0x0000000000078398 A=0x78238
9102000: system.cpu: T0 : 0x22ec6    : sd zero, -1456(gp)         : MemWrite :  D=0x0000000000000000 A=0x79a98
9102500: system.cpu: T0 : 0x22eca    : c_bnez s0, -134            : IntAlu : 
9103000: system.cpu: T0 : 0x22e44    : sd s0, -1456(gp)           : MemWrite :  D=0x0000000000078398 A=0x79a98
9103500: system.cpu: T0 : 0x22e48    : beq s9, zero, 54           : IntAlu : 
9104500: system.cpu: T0 : 0x22e7e    : lw a5, 192(s0)             : MemRead :  D=0x0000000000000000 A=0x78458
9105500: system.cpu: T0 : 0x22e82    : bge zero, a5, 150          : IntAlu : 
9106000: system.cpu: T0 : 0x22f18    : c_ld a3, 40(s0)            : MemRead :  D=0x0000000000000000 A=0x783c0
9106500: system.cpu: T0 : 0x22f1a    : c_ld a5, 32(s0)            : MemRead :  D=0x0000000000000000 A=0x783b8
9107000: system.cpu: T0 : 0x22f1c    : bgeu a5, a3, -116          : IntAlu : 
9107500: system.cpu: T0 : 0x22ea8    : beq s9, zero, 28           : IntAlu : 
9108000: system.cpu: T0 : 0x22ec4    : c_ld s0, 104(s0)           : MemRead :  D=0x0000000000000000 A=0x78400
9109000: system.cpu: T0 : 0x22ec6    : sd zero, -1456(gp)         : MemWrite :  D=0x0000000000000000 A=0x79a98
9109500: system.cpu: T0 : 0x22eca    : c_bnez s0, -134            : IntAlu : 
9110000: system.cpu: T0 : 0x22ecc    : lw a5, 4(s8)               : MemRead :  D=0x0000000000000001 A=0x7a57c
9110500: system.cpu: T0 : 0x22ed0    : addiw a4, a5, -1           : IntAlu :  D=0x0000000000000000
9111000: system.cpu: T0 : 0x22ed4    : sw a4, 4(s8)               : MemWrite :  D=0x0000000000000000 A=0x7a57c
9111500: system.cpu: T0 : 0x22ed8    : c_beqz a4, 128             : IntAlu : 
9112000: system.cpu: T0 : 0x22f58    : sd zero, 8(s8)             : MemWrite :  D=0x0000000000000000 A=0x7a580
9112500: system.cpu: T0 : 0x22f5c    : c_mv a5, a4                : IntAlu :  D=0x0000000000000000
9113500: system.cpu: T0 : 0x22f5e    : fence iorw, ow             : No_OpClass : 
9114500: system.cpu: T0 : 0x22f62    : amoswap_w a5, a5, (s8)    
9114500: system.cpu: T0 : 0x22f62. 0 : amoswap_w[l] a5, a5, (s8)  : MemRead :  D=0x0000000000000001 A=0x7a578
9115000: system.cpu: T0 : 0x22f66    : c_addiw a5, 0              : IntAlu :  D=0x0000000000000001
9115500: system.cpu: T0 : 0x22f68    : c_li a4, 1                 : IntAlu :  D=0x0000000000000001
9116500: system.cpu: T0 : 0x22f6a    : bge a4, a5, -144           : IntAlu : 
9117500: system.cpu: T0 : 0x22eda    : beq s3, zero, 16           : IntAlu : 
9118000: system.cpu: T0 : 0x22eea    : c_ldsp a4, 56(sp)          : MemRead :  D=0x6e776f442f2e2e00 A=0x7ffffffffffffc38
9118500: system.cpu: T0 : 0x22eec    : ld a5, -1264(s5)           : MemRead :  D=0x6e776f442f2e2e00 A=0x77b10
9119000: system.cpu: T0 : 0x22ef0    : bne a4, a5, 186            : IntAlu : 
9119500: system.cpu: T0 : 0x22ef4    : c_ldsp ra, 168(sp)         : MemRead :  D=0x0000000000022fde A=0x7ffffffffffffca8
9120000: system.cpu: T0 : 0x22ef6    : c_ldsp s0, 160(sp)         : MemRead :  D=0x0000000000073948 A=0x7ffffffffffffca0
9120500: system.cpu: T0 : 0x22ef8    : c_ldsp s1, 152(sp)         : MemRead :  D=0x0000000000073948 A=0x7ffffffffffffc98
9121000: system.cpu: T0 : 0x22efa    : c_ldsp s2, 144(sp)         : MemRead :  D=0x0000000000000004 A=0x7ffffffffffffc90
9121500: system.cpu: T0 : 0x22efc    : c_ldsp s3, 136(sp)         : MemRead :  D=0x0000000000000000 A=0x7ffffffffffffc88
9122000: system.cpu: T0 : 0x22efe    : c_ldsp s5, 120(sp)         : MemRead :  D=0x0000000000000003 A=0x7ffffffffffffc78
9122500: system.cpu: T0 : 0x22f00    : c_ldsp s6, 112(sp)         : MemRead :  D=0x0000000000078000 A=0x7ffffffffffffc70
9123000: system.cpu: T0 : 0x22f02    : c_ldsp s7, 104(sp)         : MemRead :  D=0x00000000000798b8 A=0x7ffffffffffffc68
9123500: system.cpu: T0 : 0x22f04    : c_ldsp s8, 96(sp)          : MemRead :  D=0x0000000000000001 A=0x7ffffffffffffc60
9124000: system.cpu: T0 : 0x22f06    : c_ldsp s9, 88(sp)          : MemRead :  D=0x000000000007b000 A=0x7ffffffffffffc58
9124500: system.cpu: T0 : 0x22f08    : c_ldsp s10, 80(sp)         : MemRead :  D=0x0000000000000000 A=0x7ffffffffffffc50
9125000: system.cpu: T0 : 0x22f0a    : c_ldsp s11, 72(sp)         : MemRead :  D=0x000000000007b000 A=0x7ffffffffffffc48
9125500: system.cpu: T0 : 0x22f0c    : c_mv a0, s4                : IntAlu :  D=0x0000000000000000
9126000: system.cpu: T0 : 0x22f0e    : c_ldsp s4, 128(sp)         : MemRead :  D=0x0000000000000000 A=0x7ffffffffffffc80
9126500: system.cpu: T0 : 0x22f10    : c_addi16sp sp, 176         : IntAlu :  D=0x7ffffffffffffcb0
9127000: system.cpu: T0 : 0x22f12    : c_jr ra                    : IntAlu : 
9127500: system.cpu: T0 : 0x22fde    : c_mv s5, a0                : IntAlu :  D=0x0000000000000000
9128000: system.cpu: T0 : 0x22fe0    : beq s3, zero, 484          : IntAlu : 
9128500: system.cpu: T0 : 0x231c4    : lui a5, 34                 : IntAlu :  D=0x0000000000022000
9129000: system.cpu: T0 : 0x231c8    : addi a5, a5, -8            : IntAlu :  D=0x0000000000021ff8
9129500: system.cpu: T0 : 0x231cc    : c_sdsp a5, 24(sp)          : MemWrite :  D=0x0000000000021ff8 A=0x7ffffffffffffcc8
9130000: system.cpu: T0 : 0x231ce    : c_sdsp zero, 32(sp)        : MemWrite :  D=0x0000000000000000 A=0x7ffffffffffffcd0
9130500: system.cpu: T0 : 0x231d0    : c_j -472                   : IntAlu : 
9131000: system.cpu: T0 : 0x22ff8    : addi s1, gp, 1328          : IntAlu :  D=0x000000000007a578
9131500: system.cpu: T0 : 0x22ffc    : c_ld a5, 8(s1)             : MemRead :  D=0x0000000000000000 A=0x7a580
9132500: system.cpu: T0 : 0x22ffe    : addi s0, tp, -1808         : IntAlu :  D=0x000000000007c000
9133500: system.cpu: T0 : 0x23002    : beq s0, a5, 26             : IntAlu : 
9134000: system.cpu: T0 : 0x23006    : c_li a4, 1                 : IntAlu :  D=0x0000000000000001
9134500: system.cpu: T0 : 0x23008    : lr_w a5, (s1)             
9134500: system.cpu: T0 : 0x23008. 0 : lr_w a5, (s1)              : MemRead :  D=0x0000000000000000 A=0x7a578
9135000: system.cpu: T0 : 0x2300c    : c_bnez a5, 8               : IntAlu : 
9136000: system.cpu: T0 : 0x2300e    : sc_w_aq a3, a4, (s1)      
9136000: system.cpu: T0 : 0x2300e. 0 : sc_w a3, a4, (s1)          : MemWrite :  D=0x0000000000000000 A=0x7a578
9136500: system.cpu: T0 : 0x2300e. 1 : 0x1ce4a6af fence           : No_OpClass : 
9137000: system.cpu: T0 : 0x23012    : c_bnez a3, -10             : IntAlu : 
9137500: system.cpu: T0 : 0x23014    : c_addiw a5, 0              : IntAlu :  D=0x0000000000000000
9138500: system.cpu: T0 : 0x23016    : bne a5, zero, 444          : IntAlu : 
9139000: system.cpu: T0 : 0x2301a    : c_sd s0, 8(s1)             : MemWrite :  D=0x000000000007c000 A=0x7a580
9139500: system.cpu: T0 : 0x2301c    : c_lw a3, 4(s1)             : MemRead :  D=0x0000000000000000 A=0x7a57c
9140500: system.cpu: T0 : 0x2301e    : ld s0, -1920(gp)           : MemRead :  D=0x0000000000078008 A=0x798c8
9141500: system.cpu: T0 : 0x23022    : addiw a4, a3, 1            : IntAlu :  D=0x0000000000000001
9142000: system.cpu: T0 : 0x23026    : c_sw a4, 4(s1)             : MemWrite :  D=0x0000000000000001 A=0x7a57c
9142500: system.cpu: T0 : 0x23028    : c_beqz s0, 202             : IntAlu : 
9143500: system.cpu: T0 : 0x2302a    : lui s2, 116                : IntAlu :  D=0x0000000000074000
9144500: system.cpu: T0 : 0x2302e    : lui s4, 115                : IntAlu :  D=0x0000000000073000
9145500: system.cpu: T0 : 0x23032    : addi s4, s4, 856           : IntAlu :  D=0x0000000000073358
9146500: system.cpu: T0 : 0x23036    : addi s2, s2, -1728         : IntAlu :  D=0x0000000000073940
9147500: system.cpu: T0 : 0x2303a    : sub s2, s2, s4             : IntAlu :  D=0x00000000000005e8
9148000: system.cpu: T0 : 0x2303e    : c_li s9, 2                 : IntAlu :  D=0x0000000000000002
9148500: system.cpu: T0 : 0x23040    : c_j 12                     : IntAlu : 
9149000: system.cpu: T0 : 0x2304c    : c_lw a5, 0(s0)             : MemRead :  D=0xfffffffffbad2086 A=0x78008
9149500: system.cpu: T0 : 0x2304e    : c_andi a5, 2               : IntAlu :  D=0x0000000000000002
9150000: system.cpu: T0 : 0x23050    : addiw s8, a5, 0            : IntAlu :  D=0x0000000000000002
9150500: system.cpu: T0 : 0x23054    : c_bnez a5, -18             : IntAlu : 
9151000: system.cpu: T0 : 0x23042    : c_li a5, -1                : IntAlu :  D=0xffffffffffffffff
9151500: system.cpu: T0 : 0x23044    : sw a5, 192(s0)             : MemWrite :  D=0x00000000ffffffff A=0x780c8
9152000: system.cpu: T0 : 0x23048    : c_ld s0, 104(s0)           : MemRead :  D=0x00000000000781d0 A=0x78070
9152500: system.cpu: T0 : 0x2304a    : c_beqz s0, 162             : IntAlu : 
9153000: system.cpu: T0 : 0x2304c    : c_lw a5, 0(s0)             : MemRead :  D=0xfffffffffbad2084 A=0x781d0
9153500: system.cpu: T0 : 0x2304e    : c_andi a5, 2               : IntAlu :  D=0x0000000000000000
9154000: system.cpu: T0 : 0x23050    : addiw s8, a5, 0            : IntAlu :  D=0x0000000000000000
9154500: system.cpu: T0 : 0x23054    : c_bnez a5, -18             : IntAlu : 
9155500: system.cpu: T0 : 0x23056    : lw a5, 192(s0)             : MemRead :  D=0x0000000000000000 A=0x78290
9156000: system.cpu: T0 : 0x2305a    : c_beqz a5, -24             : IntAlu : 
9156500: system.cpu: T0 : 0x23042    : c_li a5, -1                : IntAlu :  D=0xffffffffffffffff
9157000: system.cpu: T0 : 0x23044    : sw a5, 192(s0)             : MemWrite :  D=0x00000000ffffffff A=0x78290
9157500: system.cpu: T0 : 0x23048    : c_ld s0, 104(s0)           : MemRead :  D=0x0000000000078398 A=0x78238
9158000: system.cpu: T0 : 0x2304a    : c_beqz s0, 162             : IntAlu : 
9158500: system.cpu: T0 : 0x2304c    : c_lw a5, 0(s0)             : MemRead :  D=0xfffffffffbad2088 A=0x78398
9159000: system.cpu: T0 : 0x2304e    : c_andi a5, 2               : IntAlu :  D=0x0000000000000000
9159500: system.cpu: T0 : 0x23050    : addiw s8, a5, 0            : IntAlu :  D=0x0000000000000000
9160000: system.cpu: T0 : 0x23054    : c_bnez a5, -18             : IntAlu : 
9161000: system.cpu: T0 : 0x23056    : lw a5, 192(s0)             : MemRead :  D=0x0000000000000000 A=0x78458
9161500: system.cpu: T0 : 0x2305a    : c_beqz a5, -24             : IntAlu : 
9162000: system.cpu: T0 : 0x23042    : c_li a5, -1                : IntAlu :  D=0xffffffffffffffff
9162500: system.cpu: T0 : 0x23044    : sw a5, 192(s0)             : MemWrite :  D=0x00000000ffffffff A=0x78458
9163000: system.cpu: T0 : 0x23048    : c_ld s0, 104(s0)           : MemRead :  D=0x0000000000000000 A=0x78400
9163500: system.cpu: T0 : 0x2304a    : c_beqz s0, 162             : IntAlu : 
9164000: system.cpu: T0 : 0x230ec    : c_lw a5, 4(s1)             : MemRead :  D=0x0000000000000001 A=0x7a57c
9165000: system.cpu: T0 : 0x230ee    : addiw a3, a5, -1           : IntAlu :  D=0x0000000000000000
9165500: system.cpu: T0 : 0x230f2    : c_sw a3, 4(s1)             : MemWrite :  D=0x0000000000000000 A=0x7a57c
9166000: system.cpu: T0 : 0x230f4    : c_beqz a3, 126             : IntAlu : 
9167000: system.cpu: T0 : 0x23172    : sd zero, 8(s1)             : MemWrite :  D=0x0000000000000000 A=0x7a580
9167500: system.cpu: T0 : 0x23176    : c_mv a5, a3                : IntAlu :  D=0x0000000000000000
9168000: system.cpu: T0 : 0x23178    : fence iorw, ow             : No_OpClass : 
9168500: system.cpu: T0 : 0x2317c    : amoswap_w a5, a5, (s1)    
9168500: system.cpu: T0 : 0x2317c. 0 : amoswap_w[l] a5, a5, (s1)  : MemRead :  D=0x0000000000000001 A=0x7a578
9169000: system.cpu: T0 : 0x23180    : c_addiw a5, 0              : IntAlu :  D=0x0000000000000001
9169500: system.cpu: T0 : 0x23182    : c_li a4, 1                 : IntAlu :  D=0x0000000000000001
9170000: system.cpu: T0 : 0x23184    : bge a4, a5, -142           : IntAlu : 
9171000: system.cpu: T0 : 0x230f6    : beq s3, zero, 16           : IntAlu : 
9171500: system.cpu: T0 : 0x23106    : c_ldsp a4, 56(sp)          : MemRead :  D=0x6e776f442f2e2e00 A=0x7ffffffffffffce8
9172000: system.cpu: T0 : 0x23108    : ld a5, -1264(s6)           : MemRead :  D=0x6e776f442f2e2e00 A=0x77b10
9172500: system.cpu: T0 : 0x2310c    : bne a4, a5, 218            : IntAlu : 
9173000: system.cpu: T0 : 0x23110    : c_ldsp ra, 168(sp)         : MemRead :  D=0x000000000001e07c A=0x7ffffffffffffd58
9173500: system.cpu: T0 : 0x23112    : c_ldsp s0, 160(sp)         : MemRead :  D=0x0000000000073948 A=0x7ffffffffffffd50
9174000: system.cpu: T0 : 0x23114    : c_ldsp s1, 152(sp)         : MemRead :  D=0x0000000000073948 A=0x7ffffffffffffd48
9174500: system.cpu: T0 : 0x23116    : c_ldsp s2, 144(sp)         : MemRead :  D=0x0000000000000004 A=0x7ffffffffffffd40
9175000: system.cpu: T0 : 0x23118    : c_ldsp s3, 136(sp)         : MemRead :  D=0x0000000000000001 A=0x7ffffffffffffd38
9175500: system.cpu: T0 : 0x2311a    : c_ldsp s4, 128(sp)         : MemRead :  D=0x0000000000000000 A=0x7ffffffffffffd30
9176000: system.cpu: T0 : 0x2311c    : c_ldsp s6, 112(sp)         : MemRead :  D=0x000000000000004d A=0x7ffffffffffffd20
9176500: system.cpu: T0 : 0x2311e    : c_ldsp s7, 104(sp)         : MemRead :  D=0x00000000000798b8 A=0x7ffffffffffffd18
9177000: system.cpu: T0 : 0x23120    : c_ldsp s8, 96(sp)          : MemRead :  D=0x0000000000000001 A=0x7ffffffffffffd10
9177500: system.cpu: T0 : 0x23122    : c_ldsp s9, 88(sp)          : MemRead :  D=0x000000000007b000 A=0x7ffffffffffffd08
9178000: system.cpu: T0 : 0x23124    : c_ldsp s10, 80(sp)         : MemRead :  D=0x0000000000000000 A=0x7ffffffffffffd00
9178500: system.cpu: T0 : 0x23126    : c_ldsp s11, 72(sp)         : MemRead :  D=0x000000000007b000 A=0x7ffffffffffffcf8
9179000: system.cpu: T0 : 0x23128    : c_mv a0, s5                : IntAlu :  D=0x0000000000000000
9179500: system.cpu: T0 : 0x2312a    : c_ldsp s5, 120(sp)         : MemRead :  D=0x0000000000000003 A=0x7ffffffffffffd28
9180000: system.cpu: T0 : 0x2312c    : c_addi16sp sp, 176         : IntAlu :  D=0x7ffffffffffffd60
9180500: system.cpu: T0 : 0x2312e    : c_jr ra                    : IntAlu : 
9181000: system.cpu: T0 : 0x1e07c    : bne s1, s0, -6             : IntAlu : 
9181500: system.cpu: T0 : 0x1e080    : c_mv a0, s6                : IntAlu :  D=0x000000000000004d
9182500: system.cpu: T0 : 0x1e082    : jal ra, 48056              : IntAlu :  D=0x000000000001e086
9183000: system.cpu: T0 : 0x29c3a    : c_mv a4, a0                : IntAlu :  D=0x000000000000004d
9183500: system.cpu: T0 : 0x29c3c    : addi a7, zero, 94          : IntAlu :  D=0x000000000000005e
9184000: system.cpu: T0 : 0x29c40    : ecall                      : No_OpClass : 
