      0: system.cpu: T0 : 0x10348    : jal ra, 46                 : IntAlu :  D=0x000000000001034c
   1000: system.cpu: T0 : 0x10376    : auipc gp, 97               : IntAlu :  D=0x0000000000071376
   2000: system.cpu: T0 : 0x1037a    : addi gp, gp, -662          : IntAlu :  D=0x00000000000710e0
   2500: system.cpu: T0 : 0x1037e    : c_jr ra                    : IntAlu : 
   3000: system.cpu: T0 : 0x1034c    : c_mv a5, a0                : IntAlu :  D=0x0000000000000000
   4000: system.cpu: T0 : 0x1034e    : auipc a0, 0                : IntAlu :  D=0x000000000001034e
   5000: system.cpu: T0 : 0x10352    : addi a0, a0, 226           : IntAlu :  D=0x0000000000010430
   5500: system.cpu: T0 : 0x10356    : c_ldsp a1, 0(sp)           : MemRead :  D=0x0000000000000001 A=0x7fffffffffffff30
   6000: system.cpu: T0 : 0x10358    : c_addi4spn a2, sp, 8       : IntAlu :  D=0x7fffffffffffff38
   7000: system.cpu: T0 : 0x1035a    : andi sp, sp, 18446744073709551600 : IntAlu :  D=0x7fffffffffffff30
   8000: system.cpu: T0 : 0x1035e    : auipc a3, 1                : IntAlu :  D=0x000000000001135e
   9000: system.cpu: T0 : 0x10362    : addi a3, a3, -116          : IntAlu :  D=0x00000000000112ea
  10000: system.cpu: T0 : 0x10366    : auipc a4, 1                : IntAlu :  D=0x0000000000011366
  11000: system.cpu: T0 : 0x1036a    : addi a4, a4, 20            : IntAlu :  D=0x000000000001137a
  11500: system.cpu: T0 : 0x1036e    : c_mv a6, sp                : IntAlu :  D=0x7fffffffffffff30
  12000: system.cpu: T0 : 0x10370    : jal ra, 2734               : IntAlu :  D=0x0000000000010374
  12500: system.cpu: T0 : 0x10e1e    : c_addi16sp sp, -320        : IntAlu :  D=0x7ffffffffffffdf0
  13000: system.cpu: T0 : 0x10e20    : c_sdsp s0, 304(sp)         : MemWrite :  D=0x0000000000000000 A=0x7fffffffffffff20
  13500: system.cpu: T0 : 0x10e22    : c_sdsp s1, 296(sp)         : MemWrite :  D=0x0000000000000000 A=0x7fffffffffffff18
  14000: system.cpu: T0 : 0x10e24    : c_sdsp s2, 288(sp)         : MemWrite :  D=0x0000000000000000 A=0x7fffffffffffff10
  14500: system.cpu: T0 : 0x10e26    : c_sdsp a2, 16(sp)          : MemWrite :  D=0x7fffffffffffff38 A=0x7ffffffffffffe00
  15000: system.cpu: T0 : 0x10e28    : c_sdsp ra, 312(sp)         : MemWrite :  D=0x0000000000010374 A=0x7fffffffffffff28
  16000: system.cpu: T0 : 0x10e2a    : addi t1, zero, 0           : IntAlu :  D=0x0000000000000000
  16500: system.cpu: T0 : 0x10e2e    : c_sdsp a0, 24(sp)          : MemWrite :  D=0x0000000000010430 A=0x7ffffffffffffe08
  17000: system.cpu: T0 : 0x10e30    : c_sdsp a1, 8(sp)           : MemWrite :  D=0x0000000000000001 A=0x7ffffffffffffdf8
  17500: system.cpu: T0 : 0x10e32    : c_mv s0, a3                : IntAlu :  D=0x00000000000112ea
  18000: system.cpu: T0 : 0x10e34    : c_mv s1, a4                : IntAlu :  D=0x000000000001137a
  18500: system.cpu: T0 : 0x10e36    : c_mv s2, a5                : IntAlu :  D=0x0000000000000000
  19000: system.cpu: T0 : 0x10e38    : c_li a2, 0                 : IntAlu :  D=0x0000000000000000
  20000: system.cpu: T0 : 0x10e3a    : beq t1, zero, 12           : IntAlu : 
  20500: system.cpu: T0 : 0x10e46    : c_ldsp a5, 8(sp)           : MemRead :  D=0x0000000000000001 A=0x7ffffffffffffdf8
  21000: system.cpu: T0 : 0x10e48    : addi a0, a5, 1             : IntAlu :  D=0x0000000000000002
  21500: system.cpu: T0 : 0x10e4c    : c_ldsp a5, 16(sp)          : MemRead :  D=0x7fffffffffffff38 A=0x7ffffffffffffe00
  22000: system.cpu: T0 : 0x10e4e    : c_slli a0, 3               : IntAlu :  D=0x0000000000000010
  22500: system.cpu: T0 : 0x10e50    : c_add a0, a5               : IntAlu :  D=0x7fffffffffffff48
  23500: system.cpu: T0 : 0x10e52    : sw a2, -1728(gp)           : MemWrite :  D=0x0000000000000000 A=0x70a20
  24500: system.cpu: T0 : 0x10e56    : sd a0, -1360(gp)           : MemWrite :  D=0x7fffffffffffff48 A=0x70b90
  25500: system.cpu: T0 : 0x10e5a    : lui a5, 111                : IntAlu :  D=0x000000000006f000
  26500: system.cpu: T0 : 0x10e5e    : sd a6, -80(a5)             : MemWrite :  D=0x7fffffffffffff30 A=0x6efb0
  27000: system.cpu: T0 : 0x10e62    : c_ld a2, 0(a0)             : MemRead :  D=0x0000000000000000 A=0x7fffffffffffff48
  27500: system.cpu: T0 : 0x10e64    : c_addi a0, 8               : IntAlu :  D=0x7fffffffffffff50
  28000: system.cpu: T0 : 0x10e66    : c_bnez a2, -4              : IntAlu : 
  28500: system.cpu: T0 : 0x10e68    : jal ra, 72980              : IntAlu :  D=0x0000000000010e6c
  29000: system.cpu: T0 : 0x22b7c    : c_ld a5, 0(a0)             : MemRead :  D=0x0000000000000009 A=0x7fffffffffffff50
  30000: system.cpu: T0 : 0x22b7e    : lui a4, 115                : IntAlu :  D=0x0000000000073000
  31000: system.cpu: T0 : 0x22b82    : sd a0, -1496(a4)           : MemWrite :  D=0x7fffffffffffff50 A=0x72a28
  32000: system.cpu: T0 : 0x22b86    : beq a5, zero, 618          : IntAlu : 
  32500: system.cpu: T0 : 0x22b8a    : c_addi16sp sp, -224        : IntAlu :  D=0x7ffffffffffffd10
  33000: system.cpu: T0 : 0x22b8c    : c_sdsp s1, 208(sp)         : MemWrite :  D=0x000000000001137a A=0x7ffffffffffffde0
  34000: system.cpu: T0 : 0x22b8e    : lui s1, 115                : IntAlu :  D=0x0000000000073000
  35000: system.cpu: T0 : 0x22b92    : ld a4, -1424(s1)           : MemRead :  D=0x0000000000000000 A=0x72a70
  35500: system.cpu: T0 : 0x22b96    : c_sdsp s3, 192(sp)         : MemWrite :  D=0x0000000000000000 A=0x7ffffffffffffdd0
  36000: system.cpu: T0 : 0x22b98    : c_sdsp a4, 64(sp)          : MemWrite :  D=0x0000000000000000 A=0x7ffffffffffffd50
  37000: system.cpu: T0 : 0x22b9a    : ld a4, -1336(gp)           : MemRead :  D=0x0000000000000000 A=0x70ba8
  38000: system.cpu: T0 : 0x22b9e    : lui a6, 111                : IntAlu :  D=0x000000000006f000
  39000: system.cpu: T0 : 0x22ba2    : addi a6, a6, -128          : IntAlu :  D=0x000000000006ef80
  39500: system.cpu: T0 : 0x22ba6    : c_sdsp a4, 32(sp)          : MemWrite :  D=0x0000000000000000 A=0x7ffffffffffffd30
  40000: system.cpu: T0 : 0x22ba8    : ld a4, 0(a6)               : MemRead :  D=0x0000000000000000 A=0x6ef80
  40500: system.cpu: T0 : 0x22bac    : lui t3, 111                : IntAlu :  D=0x000000000006f000
  41000: system.cpu: T0 : 0x22bb0    : lui t1, 115                : IntAlu :  D=0x0000000000073000
  41500: system.cpu: T0 : 0x22bb4    : c_sdsp a4, 104(sp)         : MemWrite :  D=0x0000000000000000 A=0x7ffffffffffffd78
  42500: system.cpu: T0 : 0x22bb6    : lw a4, -72(t3)             : MemRead :  D=0x0000000000000001 A=0x6efb8
  43000: system.cpu: T0 : 0x22bba    : c_sdsp s2, 200(sp)         : MemWrite :  D=0x0000000000000000 A=0x7ffffffffffffdd8
  43500: system.cpu: T0 : 0x22bbc    : c_sdsp a4, 80(sp)          : MemWrite :  D=0x0000000000000001 A=0x7ffffffffffffd60
  44500: system.cpu: T0 : 0x22bbe    : lw a4, -1352(t1)           : MemRead :  D=0x0000000000000000 A=0x72ab8
  45000: system.cpu: T0 : 0x22bc2    : c_sdsp s4, 184(sp)         : MemWrite :  D=0x0000000000000000 A=0x7ffffffffffffdc8
  45500: system.cpu: T0 : 0x22bc4    : c_sdsp a4, 96(sp)          : MemWrite :  D=0x0000000000000000 A=0x7ffffffffffffd70
  46500: system.cpu: T0 : 0x22bc6    : lw a4, -1344(gp)           : MemRead :  D=0x0000000000000000 A=0x70ba0
  47000: system.cpu: T0 : 0x22bca    : c_sdsp s0, 216(sp)         : MemWrite :  D=0x00000000000112ea A=0x7ffffffffffffde8
  47500: system.cpu: T0 : 0x22bcc    : lui s0, 115                : IntAlu :  D=0x0000000000073000
  48000: system.cpu: T0 : 0x22bd0    : c_sdsp a4, 48(sp)          : MemWrite :  D=0x0000000000000000 A=0x7ffffffffffffd40
  49000: system.cpu: T0 : 0x22bd2    : ld a4, -1328(gp)           : MemRead :  D=0x0000000000000000 A=0x70bb0
  50000: system.cpu: T0 : 0x22bd6    : lui t6, 115                : IntAlu :  D=0x0000000000073000
  50500: system.cpu: T0 : 0x22bda    : c_sdsp a4, 24(sp)          : MemWrite :  D=0x0000000000000000 A=0x7ffffffffffffd28
  51000: system.cpu: T0 : 0x22bdc    : ld a4, -1488(s0)           : MemRead :  D=0x0000000000000000 A=0x72a30
  51500: system.cpu: T0 : 0x22be0    : lui t2, 115                : IntAlu :  D=0x0000000000073000
  52000: system.cpu: T0 : 0x22be4    : lui t0, 115                : IntAlu :  D=0x0000000000073000
  52500: system.cpu: T0 : 0x22be8    : c_sdsp a4, 8(sp)           : MemWrite :  D=0x0000000000000000 A=0x7ffffffffffffd18
  53500: system.cpu: T0 : 0x22bea    : ld a4, -1784(gp)           : MemRead :  D=0x0000000000001000 A=0x709e8
  54500: system.cpu: T0 : 0x22bee    : lui a3, 80                 : IntAlu :  D=0x0000000000050000
  55000: system.cpu: T0 : 0x22bf2    : c_sdsp s5, 176(sp)         : MemWrite :  D=0x0000000000000000 A=0x7ffffffffffffdc0
  55500: system.cpu: T0 : 0x22bf4    : c_sdsp s6, 168(sp)         : MemWrite :  D=0x0000000000000000 A=0x7ffffffffffffdb8
  56000: system.cpu: T0 : 0x22bf6    : c_sdsp s7, 160(sp)         : MemWrite :  D=0x0000000000000000 A=0x7ffffffffffffdb0
  56500: system.cpu: T0 : 0x22bf8    : c_sdsp s8, 152(sp)         : MemWrite :  D=0x0000000000000000 A=0x7ffffffffffffda8
  57000: system.cpu: T0 : 0x22bfa    : c_sdsp s10, 136(sp)        : MemWrite :  D=0x0000000000000000 A=0x7ffffffffffffd98
  57500: system.cpu: T0 : 0x22bfc    : c_sdsp s11, 128(sp)        : MemWrite :  D=0x0000000000000000 A=0x7ffffffffffffd90
  58000: system.cpu: T0 : 0x22bfe    : c_sdsp a4, 120(sp)         : MemWrite :  D=0x0000000000001000 A=0x7ffffffffffffd88
  58500: system.cpu: T0 : 0x22c00    : lw s7, -1432(t6)           : MemRead :  D=0x0000000000000000 A=0x72a68
  59000: system.cpu: T0 : 0x22c04    : ld s11, -1400(t2)          : MemRead :  D=0x0000000000000000 A=0x72a88
  59500: system.cpu: T0 : 0x22c08    : c_sdsp s9, 144(sp)         : MemWrite :  D=0x0000000000000000 A=0x7ffffffffffffda0
  60000: system.cpu: T0 : 0x22c0a    : c_li s10, 0                : IntAlu :  D=0x0000000000000000
  60500: system.cpu: T0 : 0x22c0c    : ld s9, -1456(t0)           : MemRead :  D=0x0000000000000000 A=0x72a50
  61000: system.cpu: T0 : 0x22c10    : c_li s8, 0                 : IntAlu :  D=0x0000000000000000
  61500: system.cpu: T0 : 0x22c12    : c_sdsp zero, 112(sp)       : MemWrite :  D=0x0000000000000000 A=0x7ffffffffffffd80
  62000: system.cpu: T0 : 0x22c14    : c_sdsp zero, 88(sp)        : MemWrite :  D=0x0000000000000000 A=0x7ffffffffffffd68
  62500: system.cpu: T0 : 0x22c16    : c_sdsp zero, 72(sp)        : MemWrite :  D=0x0000000000000000 A=0x7ffffffffffffd58
  63000: system.cpu: T0 : 0x22c18    : c_sdsp zero, 56(sp)        : MemWrite :  D=0x0000000000000000 A=0x7ffffffffffffd48
  63500: system.cpu: T0 : 0x22c1a    : c_sdsp zero, 40(sp)        : MemWrite :  D=0x0000000000000000 A=0x7ffffffffffffd38
  64000: system.cpu: T0 : 0x22c1c    : c_sdsp zero, 16(sp)        : MemWrite :  D=0x0000000000000000 A=0x7ffffffffffffd20
  64500: system.cpu: T0 : 0x22c1e    : c_li s6, 0                 : IntAlu :  D=0x0000000000000000
  65000: system.cpu: T0 : 0x22c20    : c_li s5, 0                 : IntAlu :  D=0x0000000000000000
  65500: system.cpu: T0 : 0x22c22    : c_li t5, 0                 : IntAlu :  D=0x0000000000000000
  66000: system.cpu: T0 : 0x22c24    : c_li a7, 0                 : IntAlu :  D=0x0000000000000000
  66500: system.cpu: T0 : 0x22c26    : c_li a1, 0                 : IntAlu :  D=0x0000000000000000
  67000: system.cpu: T0 : 0x22c28    : c_li a2, 0                 : IntAlu :  D=0x0000000000000000
  67500: system.cpu: T0 : 0x22c2a    : c_li a4, 30                : IntAlu :  D=0x000000000000001e
  68000: system.cpu: T0 : 0x22c2c    : addi a3, a3, 1200          : IntAlu :  D=0x00000000000504b0
  68500: system.cpu: T0 : 0x22c30    : c_addi a5, -3              : IntAlu :  D=0x0000000000000006
  69500: system.cpu: T0 : 0x22c32    : bltu a4, a5, 20            : IntAlu : 
  70000: system.cpu: T0 : 0x22c36    : c_slli a5, 2               : IntAlu :  D=0x0000000000000018
  70500: system.cpu: T0 : 0x22c38    : c_add a5, a3               : IntAlu :  D=0x00000000000504c8
  71000: system.cpu: T0 : 0x22c3a    : c_lw a5, 0(a5)             : MemRead :  D=0x0000000000022c46 A=0x504c8
  71500: system.cpu: T0 : 0x22c3c    : c_jr a5                    : IntAlu : 
  72000: system.cpu: T0 : 0x22c46    : c_ld a5, 16(a0)            : MemRead :  D=0x0000000000000005 A=0x7fffffffffffff60
  72500: system.cpu: T0 : 0x22c48    : c_addi a0, 16              : IntAlu :  D=0x7fffffffffffff60
  73000: system.cpu: T0 : 0x22c4a    : c_bnez a5, -26             : IntAlu : 
  73500: system.cpu: T0 : 0x22c30    : c_addi a5, -3              : IntAlu :  D=0x0000000000000002
  74500: system.cpu: T0 : 0x22c32    : bltu a4, a5, 20            : IntAlu : 
  75000: system.cpu: T0 : 0x22c36    : c_slli a5, 2               : IntAlu :  D=0x0000000000000008
  75500: system.cpu: T0 : 0x22c38    : c_add a5, a3               : IntAlu :  D=0x00000000000504b8
  76000: system.cpu: T0 : 0x22c3a    : c_lw a5, 0(a5)             : MemRead :  D=0x0000000000022dc4 A=0x504b8
  76500: system.cpu: T0 : 0x22c3c    : c_jr a5                    : IntAlu : 
  77000: system.cpu: T0 : 0x22dc4    : c_ld a5, 16(a0)            : MemRead :  D=0x0000000000000004 A=0x7fffffffffffff70
  78000: system.cpu: T0 : 0x22dc6    : ld s11, 8(a0)              : MemRead :  D=0x0000000000000006 A=0x7fffffffffffff68
  78500: system.cpu: T0 : 0x22dca    : c_li s8, 1                 : IntAlu :  D=0x0000000000000001
  79000: system.cpu: T0 : 0x22dcc    : c_addi a0, 16              : IntAlu :  D=0x7fffffffffffff70
  80000: system.cpu: T0 : 0x22dce    : bne a5, zero, -414         : IntAlu : 
  80500: system.cpu: T0 : 0x22c30    : c_addi a5, -3              : IntAlu :  D=0x0000000000000001
  81500: system.cpu: T0 : 0x22c32    : bltu a4, a5, 20            : IntAlu : 
  82000: system.cpu: T0 : 0x22c36    : c_slli a5, 2               : IntAlu :  D=0x0000000000000004
  82500: system.cpu: T0 : 0x22c38    : c_add a5, a3               : IntAlu :  D=0x00000000000504b4
  83000: system.cpu: T0 : 0x22c3a    : c_lw a5, 0(a5)             : MemRead :  D=0x0000000000022c46 A=0x504b4
  83500: system.cpu: T0 : 0x22c3c    : c_jr a5                    : IntAlu : 
  84000: system.cpu: T0 : 0x22c46    : c_ld a5, 16(a0)            : MemRead :  D=0x0000000000000003 A=0x7fffffffffffff80
  84500: system.cpu: T0 : 0x22c48    : c_addi a0, 16              : IntAlu :  D=0x7fffffffffffff80
  85000: system.cpu: T0 : 0x22c4a    : c_bnez a5, -26             : IntAlu : 
  85500: system.cpu: T0 : 0x22c30    : c_addi a5, -3              : IntAlu :  D=0x0000000000000000
  86500: system.cpu: T0 : 0x22c32    : bltu a4, a5, 20            : IntAlu : 
  87000: system.cpu: T0 : 0x22c36    : c_slli a5, 2               : IntAlu :  D=0x0000000000000000
  87500: system.cpu: T0 : 0x22c38    : c_add a5, a3               : IntAlu :  D=0x00000000000504b0
  88000: system.cpu: T0 : 0x22c3a    : c_lw a5, 0(a5)             : MemRead :  D=0x0000000000022dd4 A=0x504b0
  88500: system.cpu: T0 : 0x22c3c    : c_jr a5                    : IntAlu : 
  89000: system.cpu: T0 : 0x22dd4    : c_ld a5, 16(a0)            : MemRead :  D=0x0000000000000006 A=0x7fffffffffffff90
  90000: system.cpu: T0 : 0x22dd6    : ld s9, 8(a0)               : MemRead :  D=0x0000000000010040 A=0x7fffffffffffff88
  90500: system.cpu: T0 : 0x22dda    : c_li s6, 1                 : IntAlu :  D=0x0000000000000001
  91000: system.cpu: T0 : 0x22ddc    : c_addi a0, 16              : IntAlu :  D=0x7fffffffffffff90
  92000: system.cpu: T0 : 0x22dde    : bne a5, zero, -430         : IntAlu : 
  92500: system.cpu: T0 : 0x22c30    : c_addi a5, -3              : IntAlu :  D=0x0000000000000003
  93500: system.cpu: T0 : 0x22c32    : bltu a4, a5, 20            : IntAlu : 
  94000: system.cpu: T0 : 0x22c36    : c_slli a5, 2               : IntAlu :  D=0x000000000000000c
  94500: system.cpu: T0 : 0x22c38    : c_add a5, a3               : IntAlu :  D=0x00000000000504bc
  95000: system.cpu: T0 : 0x22c3a    : c_lw a5, 0(a5)             : MemRead :  D=0x0000000000022c3e A=0x504bc
  95500: system.cpu: T0 : 0x22c3c    : c_jr a5                    : IntAlu : 
  96000: system.cpu: T0 : 0x22c3e    : c_ld a5, 8(a0)             : MemRead :  D=0x0000000000001000 A=0x7fffffffffffff98
  96500: system.cpu: T0 : 0x22c40    : c_beqz a5, 6               : IntAlu : 
  97000: system.cpu: T0 : 0x22c42    : c_sdsp a5, 120(sp)         : MemWrite :  D=0x0000000000001000 A=0x7ffffffffffffd88
  97500: system.cpu: T0 : 0x22c44    : c_li t5, 1                 : IntAlu :  D=0x0000000000000001
  98000: system.cpu: T0 : 0x22c46    : c_ld a5, 16(a0)            : MemRead :  D=0x0000000000000017 A=0x7fffffffffffffa0
  98500: system.cpu: T0 : 0x22c48    : c_addi a0, 16              : IntAlu :  D=0x7fffffffffffffa0
  99000: system.cpu: T0 : 0x22c4a    : c_bnez a5, -26             : IntAlu : 
  99500: system.cpu: T0 : 0x22c30    : c_addi a5, -3              : IntAlu :  D=0x0000000000000014
 100500: system.cpu: T0 : 0x22c32    : bltu a4, a5, 20            : IntAlu : 
 101000: system.cpu: T0 : 0x22c36    : c_slli a5, 2               : IntAlu :  D=0x0000000000000050
 101500: system.cpu: T0 : 0x22c38    : c_add a5, a3               : IntAlu :  D=0x0000000000050500
 102000: system.cpu: T0 : 0x22c3a    : c_lw a5, 0(a5)             : MemRead :  D=0x0000000000022d18 A=0x50500
 102500: system.cpu: T0 : 0x22c3c    : c_jr a5                    : IntAlu : 
 103000: system.cpu: T0 : 0x22d18    : c_lw a5, 8(a0)             : MemRead :  D=0x0000000000000000 A=0x7fffffffffffffa8
 103500: system.cpu: T0 : 0x22d1a    : c_li a2, -1                : IntAlu :  D=0xffffffffffffffff
 104000: system.cpu: T0 : 0x22d1c    : c_addi a0, 16              : IntAlu :  D=0x7fffffffffffffb0
 104500: system.cpu: T0 : 0x22d1e    : c_sdsp a5, 80(sp)          : MemWrite :  D=0x0000000000000000 A=0x7ffffffffffffd60
 105000: system.cpu: T0 : 0x22d20    : c_li a5, 1                 : IntAlu :  D=0x0000000000000001
 105500: system.cpu: T0 : 0x22d22    : c_sdsp a5, 96(sp)          : MemWrite :  D=0x0000000000000001 A=0x7ffffffffffffd70
 106000: system.cpu: T0 : 0x22d24    : c_sdsp a5, 88(sp)          : MemWrite :  D=0x0000000000000001 A=0x7ffffffffffffd68
 106500: system.cpu: T0 : 0x22d26    : c_ld a5, 0(a0)             : MemRead :  D=0x0000000000000019 A=0x7fffffffffffffb0
 107000: system.cpu: T0 : 0x22d28    : c_bnez a5, -248            : IntAlu : 
 107500: system.cpu: T0 : 0x22c30    : c_addi a5, -3              : IntAlu :  D=0x0000000000000016
 108500: system.cpu: T0 : 0x22c32    : bltu a4, a5, 20            : IntAlu : 
 109000: system.cpu: T0 : 0x22c36    : c_slli a5, 2               : IntAlu :  D=0x0000000000000058
 109500: system.cpu: T0 : 0x22c38    : c_add a5, a3               : IntAlu :  D=0x0000000000050508
 110000: system.cpu: T0 : 0x22c3a    : c_lw a5, 0(a5)             : MemRead :  D=0x0000000000022d08 A=0x50508
 110500: system.cpu: T0 : 0x22c3c    : c_jr a5                    : IntAlu : 
 111000: system.cpu: T0 : 0x22d08    : c_ld a5, 8(a0)             : MemRead :  D=0x7fffffffffffffd8 A=0x7fffffffffffffb8
 111500: system.cpu: T0 : 0x22d0a    : c_addi a0, 16              : IntAlu :  D=0x7fffffffffffffc0
 112000: system.cpu: T0 : 0x22d0c    : c_sdsp a5, 104(sp)         : MemWrite :  D=0x7fffffffffffffd8 A=0x7ffffffffffffd78
 112500: system.cpu: T0 : 0x22d0e    : c_li a5, 1                 : IntAlu :  D=0x0000000000000001
 113000: system.cpu: T0 : 0x22d10    : c_sdsp a5, 112(sp)         : MemWrite :  D=0x0000000000000001 A=0x7ffffffffffffd80
 113500: system.cpu: T0 : 0x22d12    : c_ld a5, 0(a0)             : MemRead :  D=0x0000000000000000 A=0x7fffffffffffffc0
 114000: system.cpu: T0 : 0x22d14    : c_bnez a5, -228            : IntAlu : 
 114500: system.cpu: T0 : 0x22d16    : c_j -202                   : IntAlu : 
 115000: system.cpu: T0 : 0x22c4c    : bne t5, zero, 408          : IntAlu : 
 115500: system.cpu: T0 : 0x22de4    : c_ldsp a5, 120(sp)         : MemRead :  D=0x0000000000001000 A=0x7ffffffffffffd88
 116500: system.cpu: T0 : 0x22de6    : sd a5, -1784(gp)           : MemWrite :  D=0x0000000000001000 A=0x709e8
 117500: system.cpu: T0 : 0x22dea    : bne s5, zero, -406         : IntAlu : 
 118000: system.cpu: T0 : 0x22dee    : c_j -406                   : IntAlu : 
 118500: system.cpu: T0 : 0x22c58    : beq s6, zero, 8            : IntAlu : 
 119000: system.cpu: T0 : 0x22c5c    : sd s9, -1456(t0)           : MemWrite :  D=0x0000000000010040 A=0x72a50
 119500: system.cpu: T0 : 0x22c60    : beq s8, zero, 8            : IntAlu : 
 120000: system.cpu: T0 : 0x22c64    : sd s11, -1400(t2)          : MemWrite :  D=0x0000000000000006 A=0x72a88
 120500: system.cpu: T0 : 0x22c68    : beq s10, zero, 10          : IntAlu : 
 121000: system.cpu: T0 : 0x22c72    : c_ldsp a5, 16(sp)          : MemRead :  D=0x0000000000000000 A=0x7ffffffffffffd20
 121500: system.cpu: T0 : 0x22c74    : c_beqz a5, 8               : IntAlu : 
 122000: system.cpu: T0 : 0x22c7c    : c_ldsp a5, 40(sp)          : MemRead :  D=0x0000000000000000 A=0x7ffffffffffffd38
 122500: system.cpu: T0 : 0x22c7e    : c_beqz a5, 8               : IntAlu : 
 123000: system.cpu: T0 : 0x22c86    : c_ldsp a5, 56(sp)          : MemRead :  D=0x0000000000000000 A=0x7ffffffffffffd48
 123500: system.cpu: T0 : 0x22c88    : c_beqz a5, 8               : IntAlu : 
 124000: system.cpu: T0 : 0x22c90    : c_ldsp a5, 72(sp)          : MemRead :  D=0x0000000000000000 A=0x7ffffffffffffd58
 124500: system.cpu: T0 : 0x22c92    : c_beqz a5, 8               : IntAlu : 
 125000: system.cpu: T0 : 0x22c9a    : c_ldsp a5, 88(sp)          : MemRead :  D=0x0000000000000001 A=0x7ffffffffffffd68
 125500: system.cpu: T0 : 0x22c9c    : c_beqz a5, 14              : IntAlu : 
 126000: system.cpu: T0 : 0x22c9e    : c_ldsp a5, 80(sp)          : MemRead :  D=0x0000000000000000 A=0x7ffffffffffffd60
 126500: system.cpu: T0 : 0x22ca0    : sw a5, -72(t3)             : MemWrite :  D=0x0000000000000000 A=0x6efb8
 127000: system.cpu: T0 : 0x22ca4    : c_ldsp a5, 96(sp)          : MemRead :  D=0x0000000000000001 A=0x7ffffffffffffd70
 128000: system.cpu: T0 : 0x22ca6    : sw a5, -1352(t1)           : MemWrite :  D=0x0000000000000001 A=0x72ab8
 128500: system.cpu: T0 : 0x22caa    : c_ldsp a5, 112(sp)         : MemRead :  D=0x0000000000000001 A=0x7ffffffffffffd80
 129000: system.cpu: T0 : 0x22cac    : c_beqz a5, 8               : IntAlu : 
 129500: system.cpu: T0 : 0x22cae    : c_ldsp a5, 104(sp)         : MemRead :  D=0x7fffffffffffffd8 A=0x7ffffffffffffd78
 130000: system.cpu: T0 : 0x22cb0    : sd a5, 0(a6)               : MemWrite :  D=0x7fffffffffffffd8 A=0x6ef80
 130500: system.cpu: T0 : 0x22cb4    : c_li a5, 15                : IntAlu :  D=0x000000000000000f
 131500: system.cpu: T0 : 0x22cb6    : bne a2, a5, 22             : IntAlu : 
 132000: system.cpu: T0 : 0x22ccc    : c_ldsp s0, 216(sp)         : MemRead :  D=0x00000000000112ea A=0x7ffffffffffffde8
 132500: system.cpu: T0 : 0x22cce    : c_ldsp s1, 208(sp)         : MemRead :  D=0x000000000001137a A=0x7ffffffffffffde0
 133000: system.cpu: T0 : 0x22cd0    : c_ldsp s2, 200(sp)         : MemRead :  D=0x0000000000000000 A=0x7ffffffffffffdd8
 133500: system.cpu: T0 : 0x22cd2    : c_ldsp s3, 192(sp)         : MemRead :  D=0x0000000000000000 A=0x7ffffffffffffdd0
 134000: system.cpu: T0 : 0x22cd4    : c_ldsp s4, 184(sp)         : MemRead :  D=0x0000000000000000 A=0x7ffffffffffffdc8
 134500: system.cpu: T0 : 0x22cd6    : c_ldsp s5, 176(sp)         : MemRead :  D=0x0000000000000000 A=0x7ffffffffffffdc0
 135000: system.cpu: T0 : 0x22cd8    : c_ldsp s6, 168(sp)         : MemRead :  D=0x0000000000000000 A=0x7ffffffffffffdb8
 135500: system.cpu: T0 : 0x22cda    : c_ldsp s7, 160(sp)         : MemRead :  D=0x0000000000000000 A=0x7ffffffffffffdb0
 136000: system.cpu: T0 : 0x22cdc    : c_ldsp s8, 152(sp)         : MemRead :  D=0x0000000000000000 A=0x7ffffffffffffda8
 136500: system.cpu: T0 : 0x22cde    : c_ldsp s9, 144(sp)         : MemRead :  D=0x0000000000000000 A=0x7ffffffffffffda0
 137000: system.cpu: T0 : 0x22ce0    : c_ldsp s10, 136(sp)        : MemRead :  D=0x0000000000000000 A=0x7ffffffffffffd98
 137500: system.cpu: T0 : 0x22ce2    : c_ldsp s11, 128(sp)        : MemRead :  D=0x0000000000000000 A=0x7ffffffffffffd90
 138000: system.cpu: T0 : 0x22ce4    : c_addi16sp sp, 224         : IntAlu :  D=0x7ffffffffffffdf0
 138500: system.cpu: T0 : 0x22ce6    : c_jr ra                    : IntAlu : 
 139000: system.cpu: T0 : 0x10e6c    : lui a5, 115                : IntAlu :  D=0x0000000000073000
 139500: system.cpu: T0 : 0x10e70    : ld a4, -1456(a5)           : MemRead :  D=0x0000000000010040 A=0x72a50
 140000: system.cpu: T0 : 0x10e74    : beq a4, zero, 320          : IntAlu : 
 140500: system.cpu: T0 : 0x10e78    : jal ra, 75486              : IntAlu :  D=0x0000000000010e7c
 141500: system.cpu: T0 : 0x23556    : lui a5, 115                : IntAlu :  D=0x0000000000073000
 142500: system.cpu: T0 : 0x2355a    : lw a5, -1352(a5)           : MemRead :  D=0x0000000000000001 A=0x72ab8
 143000: system.cpu: T0 : 0x2355e    : c_beqz a5, 4               : IntAlu : 
 143500: system.cpu: T0 : 0x23560    : c_jr ra                    : IntAlu : 
 144000: system.cpu: T0 : 0x10e7c    : ld a0, -1360(gp)           : MemRead :  D=0x7fffffffffffff48 A=0x70b90
 144500: system.cpu: T0 : 0x10e80    : jal ra, 71984              : IntAlu :  D=0x0000000000010e84
 145000: system.cpu: T0 : 0x227b0    : c_addi16sp sp, -128        : IntAlu :  D=0x7ffffffffffffd70
 145500: system.cpu: T0 : 0x227b2    : c_sdsp s4, 80(sp)          : MemWrite :  D=0x0000000000000000 A=0x7ffffffffffffdc0
 146000: system.cpu: T0 : 0x227b4    : lui s4, 111                : IntAlu :  D=0x000000000006f000
 146500: system.cpu: T0 : 0x227b8    : lw a5, -72(s4)             : MemRead :  D=0x0000000000000000 A=0x6efb8
 147000: system.cpu: T0 : 0x227bc    : c_sdsp s7, 56(sp)          : MemWrite :  D=0x0000000000000000 A=0x7ffffffffffffda8
 147500: system.cpu: T0 : 0x227be    : c_sdsp ra, 120(sp)         : MemWrite :  D=0x0000000000010e84 A=0x7ffffffffffffde8
 148000: system.cpu: T0 : 0x227c0    : c_sdsp s0, 112(sp)         : MemWrite :  D=0x00000000000112ea A=0x7ffffffffffffde0
 148500: system.cpu: T0 : 0x227c2    : c_sdsp s1, 104(sp)         : MemWrite :  D=0x000000000001137a A=0x7ffffffffffffdd8
 149000: system.cpu: T0 : 0x227c4    : c_sdsp s2, 96(sp)          : MemWrite :  D=0x0000000000000000 A=0x7ffffffffffffdd0
 149500: system.cpu: T0 : 0x227c6    : c_sdsp s3, 88(sp)          : MemWrite :  D=0x0000000000000000 A=0x7ffffffffffffdc8
 150000: system.cpu: T0 : 0x227c8    : c_sdsp s5, 72(sp)          : MemWrite :  D=0x0000000000000000 A=0x7ffffffffffffdb8
 150500: system.cpu: T0 : 0x227ca    : c_sdsp s6, 64(sp)          : MemWrite :  D=0x0000000000000000 A=0x7ffffffffffffdb0
 151000: system.cpu: T0 : 0x227cc    : c_sdsp s8, 48(sp)          : MemWrite :  D=0x0000000000000000 A=0x7ffffffffffffda0
 151500: system.cpu: T0 : 0x227ce    : c_sdsp s9, 40(sp)          : MemWrite :  D=0x0000000000000000 A=0x7ffffffffffffd98
 152000: system.cpu: T0 : 0x227d0    : c_sdsp s10, 32(sp)         : MemWrite :  D=0x0000000000000000 A=0x7ffffffffffffd90
 152500: system.cpu: T0 : 0x227d2    : c_sdsp s11, 24(sp)         : MemWrite :  D=0x0000000000000000 A=0x7ffffffffffffd88
 153000: system.cpu: T0 : 0x227d4    : c_mv s7, a0                : IntAlu :  D=0x7fffffffffffff48
 154000: system.cpu: T0 : 0x227d6    : bne a5, zero, 750          : IntAlu : 
 155000: system.cpu: T0 : 0x227da    : lui s0, 111                : IntAlu :  D=0x000000000006f000
 156000: system.cpu: T0 : 0x227de    : addi s3, zero, 61          : IntAlu :  D=0x000000000000003d
 157000: system.cpu: T0 : 0x227e2    : lui s1, 80                 : IntAlu :  D=0x0000000000050000
 158000: system.cpu: T0 : 0x227e6    : addi s6, s0, -1248         : IntAlu :  D=0x000000000006eb20
 159000: system.cpu: T0 : 0x227ea    : beq s7, zero, 166          : IntAlu : 
 159500: system.cpu: T0 : 0x227ee    : c_mv a3, s7                : IntAlu :  D=0x7fffffffffffff48
 160000: system.cpu: T0 : 0x227f0    : ld s9, 0(a3)               : MemRead :  D=0x0000000000000000 A=0x7fffffffffffff48
 160500: system.cpu: T0 : 0x227f4    : c_mv s5, a3                : IntAlu :  D=0x7fffffffffffff48
 161500: system.cpu: T0 : 0x227f6    : beq s9, zero, 154          : IntAlu : 
 162000: system.cpu: T0 : 0x22890    : c_ldsp ra, 120(sp)         : MemRead :  D=0x0000000000010e84 A=0x7ffffffffffffde8
 162500: system.cpu: T0 : 0x22892    : c_ldsp s0, 112(sp)         : MemRead :  D=0x00000000000112ea A=0x7ffffffffffffde0
 163000: system.cpu: T0 : 0x22894    : c_ldsp s1, 104(sp)         : MemRead :  D=0x000000000001137a A=0x7ffffffffffffdd8
 163500: system.cpu: T0 : 0x22896    : c_ldsp s2, 96(sp)          : MemRead :  D=0x0000000000000000 A=0x7ffffffffffffdd0
 164000: system.cpu: T0 : 0x22898    : c_ldsp s3, 88(sp)          : MemRead :  D=0x0000000000000000 A=0x7ffffffffffffdc8
 164500: system.cpu: T0 : 0x2289a    : c_ldsp s4, 80(sp)          : MemRead :  D=0x0000000000000000 A=0x7ffffffffffffdc0
 165000: system.cpu: T0 : 0x2289c    : c_ldsp s5, 72(sp)          : MemRead :  D=0x0000000000000000 A=0x7ffffffffffffdb8
 165500: system.cpu: T0 : 0x2289e    : c_ldsp s6, 64(sp)          : MemRead :  D=0x0000000000000000 A=0x7ffffffffffffdb0
 166000: system.cpu: T0 : 0x228a0    : c_ldsp s7, 56(sp)          : MemRead :  D=0x0000000000000000 A=0x7ffffffffffffda8
 166500: system.cpu: T0 : 0x228a2    : c_ldsp s8, 48(sp)          : MemRead :  D=0x0000000000000000 A=0x7ffffffffffffda0
 167000: system.cpu: T0 : 0x228a4    : c_ldsp s9, 40(sp)          : MemRead :  D=0x0000000000000000 A=0x7ffffffffffffd98
 167500: system.cpu: T0 : 0x228a6    : c_ldsp s10, 32(sp)         : MemRead :  D=0x0000000000000000 A=0x7ffffffffffffd90
 168000: system.cpu: T0 : 0x228a8    : c_ldsp s11, 24(sp)         : MemRead :  D=0x0000000000000000 A=0x7ffffffffffffd88
 168500: system.cpu: T0 : 0x228aa    : c_addi16sp sp, 128         : IntAlu :  D=0x7ffffffffffffdf0
 169000: system.cpu: T0 : 0x228ac    : c_jr ra                    : IntAlu : 
 169500: system.cpu: T0 : 0x10e84    : jal ra, 664                : IntAlu :  D=0x0000000000010e88
 170000: system.cpu: T0 : 0x1111c    : c_addi16sp sp, -128        : IntAlu :  D=0x7ffffffffffffd70
 171000: system.cpu: T0 : 0x1111e    : lui a5, 115                : IntAlu :  D=0x0000000000073000
 171500: system.cpu: T0 : 0x11122    : c_sdsp s0, 112(sp)         : MemWrite :  D=0x00000000000112ea A=0x7ffffffffffffde0
 172000: system.cpu: T0 : 0x11124    : ld s0, -1456(a5)           : MemRead :  D=0x0000000000010040 A=0x72a50
 172500: system.cpu: T0 : 0x11128    : c_sdsp s3, 88(sp)          : MemWrite :  D=0x0000000000000000 A=0x7ffffffffffffdc8
 173500: system.cpu: T0 : 0x1112a    : lui a5, 112                : IntAlu :  D=0x0000000000070000
 174000: system.cpu: T0 : 0x1112e    : c_sdsp ra, 120(sp)         : MemWrite :  D=0x0000000000010e88 A=0x7ffffffffffffde8
 174500: system.cpu: T0 : 0x11130    : c_sdsp s1, 104(sp)         : MemWrite :  D=0x000000000001137a A=0x7ffffffffffffdd8
 175000: system.cpu: T0 : 0x11132    : c_sdsp s2, 96(sp)          : MemWrite :  D=0x0000000000000000 A=0x7ffffffffffffdd0
 175500: system.cpu: T0 : 0x11134    : c_sdsp s4, 80(sp)          : MemWrite :  D=0x0000000000000000 A=0x7ffffffffffffdc0
 176000: system.cpu: T0 : 0x11136    : c_sdsp s5, 72(sp)          : MemWrite :  D=0x0000000000000000 A=0x7ffffffffffffdb8
 176500: system.cpu: T0 : 0x11138    : c_sdsp s6, 64(sp)          : MemWrite :  D=0x0000000000000000 A=0x7ffffffffffffdb0
 177000: system.cpu: T0 : 0x1113a    : c_sdsp s7, 56(sp)          : MemWrite :  D=0x0000000000000000 A=0x7ffffffffffffda8
 177500: system.cpu: T0 : 0x1113c    : c_sdsp s8, 48(sp)          : MemWrite :  D=0x0000000000000000 A=0x7ffffffffffffda0
 178000: system.cpu: T0 : 0x1113e    : c_sdsp s9, 40(sp)          : MemWrite :  D=0x0000000000000000 A=0x7ffffffffffffd98
 178500: system.cpu: T0 : 0x11140    : c_sdsp s10, 32(sp)         : MemWrite :  D=0x0000000000000000 A=0x7ffffffffffffd90
 179000: system.cpu: T0 : 0x11142    : c_sdsp s11, 24(sp)         : MemWrite :  D=0x0000000000000000 A=0x7ffffffffffffd88
 179500: system.cpu: T0 : 0x11144    : ld s3, 904(a5)             : MemRead :  D=0x000000000006feb8 A=0x70388
 180000: system.cpu: T0 : 0x11148    : beq s0, zero, 368          : IntAlu : 
 180500: system.cpu: T0 : 0x1114c    : lui a5, 115                : IntAlu :  D=0x0000000000073000
 181000: system.cpu: T0 : 0x11150    : ld a5, -1400(a5)           : MemRead :  D=0x0000000000000006 A=0x72a88
 181500: system.cpu: T0 : 0x11154    : slli a4, a5, 3             : IntAlu :  D=0x0000000000000030
 182000: system.cpu: T0 : 0x11158    : c_sub a4, a5               : IntAlu :  D=0x000000000000002a
 182500: system.cpu: T0 : 0x1115a    : c_slli a4, 3               : IntAlu :  D=0x0000000000000150
 183000: system.cpu: T0 : 0x1115c    : c_add a4, s0               : IntAlu :  D=0x0000000000010190
 184000: system.cpu: T0 : 0x1115e    : bgeu s0, a4, 322           : IntAlu : 
 184500: system.cpu: T0 : 0x11162    : c_li a3, 7                 : IntAlu :  D=0x0000000000000007
 185000: system.cpu: T0 : 0x11164    : c_j 10                     : IntAlu : 
 185500: system.cpu: T0 : 0x1116e    : c_lw a5, 0(s0)             : MemRead :  D=0x0000000000000001 A=0x10040
 186000: system.cpu: T0 : 0x11170    : bne a5, a3, -10            : IntAlu : 
 187000: system.cpu: T0 : 0x11166    : addi s0, s0, 56            : IntAlu :  D=0x0000000000010078
 188000: system.cpu: T0 : 0x1116a    : bgeu s0, a4, 310           : IntAlu : 
 188500: system.cpu: T0 : 0x1116e    : c_lw a5, 0(s0)             : MemRead :  D=0x0000000000000001 A=0x10078
 189000: system.cpu: T0 : 0x11170    : bne a5, a3, -10            : IntAlu : 
 190000: system.cpu: T0 : 0x11166    : addi s0, s0, 56            : IntAlu :  D=0x00000000000100b0
 191000: system.cpu: T0 : 0x1116a    : bgeu s0, a4, 310           : IntAlu : 
 191500: system.cpu: T0 : 0x1116e    : c_lw a5, 0(s0)             : MemRead :  D=0x0000000000000004 A=0x100b0
 192000: system.cpu: T0 : 0x11170    : bne a5, a3, -10            : IntAlu : 
 193000: system.cpu: T0 : 0x11166    : addi s0, s0, 56            : IntAlu :  D=0x00000000000100e8
 194000: system.cpu: T0 : 0x1116a    : bgeu s0, a4, 310           : IntAlu : 
 194500: system.cpu: T0 : 0x1116e    : c_lw a5, 0(s0)             : MemRead :  D=0x0000000000000007 A=0x100e8
 195000: system.cpu: T0 : 0x11170    : bne a5, a3, -10            : IntAlu : 
 195500: system.cpu: T0 : 0x11174    : ld s5, 48(s0)              : MemRead :  D=0x0000000000000008 A=0x10118
 196000: system.cpu: T0 : 0x11178    : ld a1, 0(s3)               : MemRead :  D=0x0000000000000000 A=0x6feb8
 196500: system.cpu: T0 : 0x1117c    : c_ld a4, 16(s0)            : MemRead :  D=0x000000000006ead0 A=0x100f8
 197000: system.cpu: T0 : 0x1117e    : c_li a5, 16                : IntAlu :  D=0x0000000000000010
 197500: system.cpu: T0 : 0x11180    : ld s10, 40(s0)             : MemRead :  D=0x0000000000000060 A=0x10110
 198000: system.cpu: T0 : 0x11184    : ld s4, 32(s0)              : MemRead :  D=0x0000000000000020 A=0x10108
 198500: system.cpu: T0 : 0x11188    : c_mv s8, s5                : IntAlu :  D=0x0000000000000008
 199500: system.cpu: T0 : 0x1118a    : add s0, a1, a4             : IntAlu :  D=0x000000000006ead0
 200500: system.cpu: T0 : 0x1118e    : bltu s5, a5, 260           : IntAlu : 
 201000: system.cpu: T0 : 0x11292    : c_li s8, 16                : IntAlu :  D=0x0000000000000010
 201500: system.cpu: T0 : 0x11294    : addi a4, s8, -1            : IntAlu :  D=0x000000000000000f
 202000: system.cpu: T0 : 0x11298    : c_mv s9, s5                : IntAlu :  D=0x0000000000000008
 203000: system.cpu: T0 : 0x1129a    : bne s5, zero, -254         : IntAlu : 
 203500: system.cpu: T0 : 0x1119c    : sub s11, zero, s8          : IntAlu :  D=0xfffffffffffffff0
 204000: system.cpu: T0 : 0x111a0    : beq s5, zero, 302          : IntAlu : 
 204500: system.cpu: T0 : 0x111a4    : addi s2, s5, -1            : IntAlu :  D=0x0000000000000007
 205000: system.cpu: T0 : 0x111a8    : divu a5, s2, s9            : IntDiv :  D=0x0000000000000000
 205500: system.cpu: T0 : 0x111ac    : c_add s2, s10              : IntAlu :  D=0x0000000000000067
 206500: system.cpu: T0 : 0x111ae    : mul s7, a5, s9             : IntMult :  D=0x0000000000000000
 207000: system.cpu: T0 : 0x111b2    : c_mv a5, s7                : IntAlu :  D=0x0000000000000000
 207500: system.cpu: T0 : 0x111b4    : ld a0, -1968(gp)           : MemRead :  D=0x0000000000000800 A=0x70930
 208000: system.cpu: T0 : 0x111b8    : c_sdsp a5, 8(sp)           : MemWrite :  D=0x0000000000000000 A=0x7ffffffffffffd78
 208500: system.cpu: T0 : 0x111ba    : c_sdsp a4, 0(sp)           : MemWrite :  D=0x000000000000000f A=0x7ffffffffffffd70
 209000: system.cpu: T0 : 0x111bc    : addi a0, a0, 1808          : IntAlu :  D=0x0000000000000f10
 209500: system.cpu: T0 : 0x111c0    : c_add a0, s10              : IntAlu :  D=0x0000000000000f70
 210000: system.cpu: T0 : 0x111c2    : c_add a0, s8               : IntAlu :  D=0x0000000000000f80
 210500: system.cpu: T0 : 0x111c4    : c_add a0, s7               : IntAlu :  D=0x0000000000000f80
 211500: system.cpu: T0 : 0x111c6    : jal ra, 67222              : IntAlu :  D=0x00000000000111ca
 212000: system.cpu: T0 : 0x2185c    : c_addi sp, -32             : IntAlu :  D=0x7ffffffffffffd50
 212500: system.cpu: T0 : 0x2185e    : c_sdsp s2, 0(sp)           : MemWrite :  D=0x0000000000000067 A=0x7ffffffffffffd50
 213000: system.cpu: T0 : 0x21860    : c_sdsp s1, 8(sp)           : MemWrite :  D=0x000000000001137a A=0x7ffffffffffffd58
 214000: system.cpu: T0 : 0x21862    : ld s1, -1200(gp)           : MemRead :  D=0x0000000000000000 A=0x70c30
 214500: system.cpu: T0 : 0x21866    : c_sdsp s0, 16(sp)          : MemWrite :  D=0x000000000006ead0 A=0x7ffffffffffffd60
 215000: system.cpu: T0 : 0x21868    : c_sdsp ra, 24(sp)          : MemWrite :  D=0x00000000000111ca A=0x7ffffffffffffd68
 215500: system.cpu: T0 : 0x2186a    : c_mv s0, a0                : IntAlu :  D=0x0000000000000f80
 216000: system.cpu: T0 : 0x2186c    : c_beqz s1, 46              : IntAlu : 
 216500: system.cpu: T0 : 0x2189a    : c_li a0, 0                 : IntAlu :  D=0x0000000000000000
 217000: system.cpu: T0 : 0x2189c    : jal ra, 98418              : IntAlu :  D=0x00000000000218a0
 217500: system.cpu: T0 : 0x3990e    : c_mv a5, a0                : IntAlu :  D=0x0000000000000000
 218000: system.cpu: T0 : 0x39910    : addi a7, zero, 214         : IntAlu :  D=0x00000000000000d6
 218500: system.cpu: T0 : 0x39914    : ecall                      : No_OpClass : 
 219000: system.cpu: T0 : 0x39918    : sd a0, -1200(gp)           : MemWrite :  D=0x0000000000073000 A=0x70c30
 219500: system.cpu: T0 : 0x3991c    : bltu a0, a5, 8             : IntAlu : 
 220000: system.cpu: T0 : 0x39920    : c_li a0, 0                 : IntAlu :  D=0x0000000000000000
 220500: system.cpu: T0 : 0x39922    : c_jr ra                    : IntAlu : 
 221000: system.cpu: T0 : 0x218a0    : blt a0, zero, -22          : IntAlu : 
 221500: system.cpu: T0 : 0x218a4    : ld s1, -1200(gp)           : MemRead :  D=0x0000000000073000 A=0x70c30
 222000: system.cpu: T0 : 0x218a8    : c_j -52                    : IntAlu : 
 222500: system.cpu: T0 : 0x21874    : c_beqz s0, 24              : IntAlu : 
 223500: system.cpu: T0 : 0x21876    : bge zero, s0, 52           : IntAlu : 
 224500: system.cpu: T0 : 0x2187a    : add a5, s0, s1             : IntAlu :  D=0x0000000000073f80
 225500: system.cpu: T0 : 0x2187e    : sltu a5, a5, s1            : IntAlu :  D=0x0000000000000000
 226000: system.cpu: T0 : 0x21882    : c_beqz a5, 50              : IntAlu : 
 226500: system.cpu: T0 : 0x218b4    : add a0, s1, s0             : IntAlu :  D=0x0000000000073f80
 227000: system.cpu: T0 : 0x218b8    : jal ra, 98390              : IntAlu :  D=0x00000000000218bc
 227500: system.cpu: T0 : 0x3990e    : c_mv a5, a0                : IntAlu :  D=0x0000000000073f80
 228000: system.cpu: T0 : 0x39910    : addi a7, zero, 214         : IntAlu :  D=0x00000000000000d6
 228500: system.cpu: T0 : 0x39914    : ecall                      : No_OpClass : 
 229000: system.cpu: T0 : 0x39918    : sd a0, -1200(gp)           : MemWrite :  D=0x0000000000073f80 A=0x70c30
 229500: system.cpu: T0 : 0x3991c    : bltu a0, a5, 8             : IntAlu : 
 230000: system.cpu: T0 : 0x39920    : c_li a0, 0                 : IntAlu :  D=0x0000000000000000
 230500: system.cpu: T0 : 0x39922    : c_jr ra                    : IntAlu : 
 231000: system.cpu: T0 : 0x218bc    : blt a0, zero, -50          : IntAlu : 
 231500: system.cpu: T0 : 0x218c0    : c_ldsp ra, 24(sp)          : MemRead :  D=0x00000000000111ca A=0x7ffffffffffffd68
 232000: system.cpu: T0 : 0x218c2    : c_ldsp s0, 16(sp)          : MemRead :  D=0x000000000006ead0 A=0x7ffffffffffffd60
 232500: system.cpu: T0 : 0x218c4    : c_ldsp s2, 0(sp)           : MemRead :  D=0x0000000000000067 A=0x7ffffffffffffd50
 233000: system.cpu: T0 : 0x218c6    : c_mv a0, s1                : IntAlu :  D=0x0000000000073000
 233500: system.cpu: T0 : 0x218c8    : c_ldsp s1, 8(sp)           : MemRead :  D=0x000000000001137a A=0x7ffffffffffffd58
 234000: system.cpu: T0 : 0x218ca    : c_addi16sp sp, 32          : IntAlu :  D=0x7ffffffffffffd70
 234500: system.cpu: T0 : 0x218cc    : c_jr ra                    : IntAlu : 
 235500: system.cpu: T0 : 0x111ca    : divu s2, s2, s9            : IntDiv :  D=0x000000000000000c
 236000: system.cpu: T0 : 0x111ce    : c_ldsp a4, 0(sp)           : MemRead :  D=0x000000000000000f A=0x7ffffffffffffd70
 236500: system.cpu: T0 : 0x111d0    : c_ldsp a5, 8(sp)           : MemRead :  D=0x0000000000000000 A=0x7ffffffffffffd78
 237500: system.cpu: T0 : 0x111d2    : addi s1, a0, 1808          : IntAlu :  D=0x0000000000073710
 238000: system.cpu: T0 : 0x111d6    : c_add s1, a4               : IntAlu :  D=0x000000000007371f
 238500: system.cpu: T0 : 0x111d8    : and s1, s1, s11            : IntAlu :  D=0x0000000000073710
 239000: system.cpu: T0 : 0x111dc    : lui a4, 114                : IntAlu :  D=0x0000000000072000
 239500: system.cpu: T0 : 0x111e0    : addi a4, a4, 1424          : IntAlu :  D=0x0000000000072590
 240000: system.cpu: T0 : 0x111e4    : add a0, s1, s7             : IntAlu :  D=0x0000000000073710
 240500: system.cpu: T0 : 0x111e8    : sd a5, 1088(s3)            : MemWrite :  D=0x0000000000000000 A=0x702f8
 241000: system.cpu: T0 : 0x111ec    : addi a5, zero, 62          : IntAlu :  D=0x000000000000003e
 241500: system.cpu: T0 : 0x111f0    : c_mv a2, s4                : IntAlu :  D=0x0000000000000020
 242000: system.cpu: T0 : 0x111f2    : c_sd a5, 0(a4)             : MemWrite :  D=0x000000000000003e A=0x72590
 242500: system.cpu: T0 : 0x111f4    : c_mv a1, s0                : IntAlu :  D=0x000000000006ead0
 243000: system.cpu: T0 : 0x111f6    : c_sd a0, 32(a4)            : MemWrite :  D=0x0000000000073710 A=0x725b0
 243500: system.cpu: T0 : 0x111f8    : sd zero, 40(a4)            : MemWrite :  D=0x0000000000000000 A=0x725b8
 244000: system.cpu: T0 : 0x111fc    : jal ra, 61684              : IntAlu :  D=0x0000000000011200
 244500: system.cpu: T0 : 0x202f0    : c_addi16sp sp, -48         : IntAlu :  D=0x7ffffffffffffd40
 245000: system.cpu: T0 : 0x202f2    : c_sdsp s0, 32(sp)          : MemWrite :  D=0x000000000006ead0 A=0x7ffffffffffffd60
 245500: system.cpu: T0 : 0x202f4    : c_sdsp s2, 16(sp)          : MemWrite :  D=0x000000000000000c A=0x7ffffffffffffd50
 246000: system.cpu: T0 : 0x202f6    : c_sdsp ra, 40(sp)          : MemWrite :  D=0x0000000000011200 A=0x7ffffffffffffd68
 246500: system.cpu: T0 : 0x202f8    : c_sdsp s1, 24(sp)          : MemWrite :  D=0x0000000000073710 A=0x7ffffffffffffd58
 247000: system.cpu: T0 : 0x202fa    : c_sdsp s3, 8(sp)           : MemWrite :  D=0x000000000006feb8 A=0x7ffffffffffffd48
 247500: system.cpu: T0 : 0x202fc    : c_li a5, 15                : IntAlu :  D=0x000000000000000f
 248000: system.cpu: T0 : 0x202fe    : c_mv s2, a0                : IntAlu :  D=0x0000000000073710
 248500: system.cpu: T0 : 0x20300    : c_mv a4, a0                : IntAlu :  D=0x0000000000073710
 249000: system.cpu: T0 : 0x20302    : c_mv s0, a1                : IntAlu :  D=0x000000000006ead0
 249500: system.cpu: T0 : 0x20304    : bgeu a5, a2, 72            : IntAlu : 
 250000: system.cpu: T0 : 0x20308    : sub a0, zero, a0           : IntAlu :  D=0xfffffffffff8c8f0
 250500: system.cpu: T0 : 0x2030c    : c_andi a0, 7               : IntAlu :  D=0x0000000000000000
 251500: system.cpu: T0 : 0x2030e    : sub s1, a2, a0             : IntAlu :  D=0x0000000000000020
 252000: system.cpu: T0 : 0x20312    : c_beqz a0, 110             : IntAlu : 
 252500: system.cpu: T0 : 0x20380    : c_mv s3, s2                : IntAlu :  D=0x0000000000073710
 253000: system.cpu: T0 : 0x20382    : c_j -84                    : IntAlu : 
 254000: system.cpu: T0 : 0x2032e    : andi a5, s0, 7             : IntAlu :  D=0x0000000000000000
 255000: system.cpu: T0 : 0x20332    : srli a2, s1, 3             : IntAlu :  D=0x0000000000000004
 255500: system.cpu: T0 : 0x20336    : c_mv a1, s0                : IntAlu :  D=0x000000000006ead0
 256000: system.cpu: T0 : 0x20338    : c_mv a0, s3                : IntAlu :  D=0x0000000000073710
 256500: system.cpu: T0 : 0x2033a    : c_bnez a5, 64              : IntAlu : 
 257000: system.cpu: T0 : 0x2033c    : jal ra, 72                 : IntAlu :  D=0x0000000000020340
 257500: system.cpu: T0 : 0x20384    : andi a5, a2, 7             : IntAlu :  D=0x0000000000000004
 258000: system.cpu: T0 : 0x20388    : lui a4, 80                 : IntAlu :  D=0x0000000000050000
 258500: system.cpu: T0 : 0x2038c    : c_slli a5, 2               : IntAlu :  D=0x0000000000000010
 259500: system.cpu: T0 : 0x2038e    : addi a4, a4, -1848         : IntAlu :  D=0x000000000004f8c8
 260000: system.cpu: T0 : 0x20392    : c_add a5, a4               : IntAlu :  D=0x000000000004f8d8
 260500: system.cpu: T0 : 0x20394    : c_lw a5, 0(a5)             : MemRead :  D=0x000000000002042e A=0x4f8d8
 261000: system.cpu: T0 : 0x20396    : c_jr a5                    : IntAlu : 
 262000: system.cpu: T0 : 0x2042e    : ld a6, 0(a1)               : MemRead :  D=0x00000000000706d0 A=0x6ead0
 262500: system.cpu: T0 : 0x20432    : c_mv a3, a0                : IntAlu :  D=0x0000000000073710
 263000: system.cpu: T0 : 0x20434    : c_addi a1, -32             : IntAlu :  D=0x000000000006eab0
 264000: system.cpu: T0 : 0x20436    : addi a5, a0, -40           : IntAlu :  D=0x00000000000736e8
 264500: system.cpu: T0 : 0x2043a    : c_addi a2, 4               : IntAlu :  D=0x0000000000000008
 265000: system.cpu: T0 : 0x2043c    : c_j -124                   : IntAlu : 
 265500: system.cpu: T0 : 0x203c0    : c_ld a4, 40(a1)            : MemRead :  D=0x00000000000706d0 A=0x6ead8
 266500: system.cpu: T0 : 0x203c2    : addi a0, a5, 48            : IntAlu :  D=0x0000000000073718
 267500: system.cpu: T0 : 0x203c6    : sd a6, 0(a3)               : MemWrite :  D=0x00000000000706d0 A=0x73710
 268500: system.cpu: T0 : 0x203c6    : sd a6, 0(a3)               : MemWrite :  D=0x00000000000706d0 A=0x73710
 269500: system.cpu: T0 : 0x203ca    : ld a6, 48(a1)              : MemRead :  D=0x00000000000706d8 A=0x6eae0
 270500: system.cpu: T0 : 0x203ce    : addi a3, a5, 56            : IntAlu :  D=0x0000000000073720
 271000: system.cpu: T0 : 0x203d2    : c_sd a4, 0(a0)             : MemWrite :  D=0x00000000000706d0 A=0x73718
 271500: system.cpu: T0 : 0x203d4    : c_ld a4, 56(a1)            : MemRead :  D=0x00000000000706f0 A=0x6eae8
 272500: system.cpu: T0 : 0x203d6    : addi a5, a5, 64            : IntAlu :  D=0x0000000000073728
 273500: system.cpu: T0 : 0x203da    : sd a6, 0(a3)               : MemWrite :  D=0x00000000000706d8 A=0x73720
 274000: system.cpu: T0 : 0x203de    : c_addi a2, -8              : IntAlu :  D=0x0000000000000000
 274500: system.cpu: T0 : 0x203e0    : c_mv a0, a5                : IntAlu :  D=0x0000000000073728
 275500: system.cpu: T0 : 0x203e2    : addi a1, a1, 64            : IntAlu :  D=0x000000000006eaf0
 276000: system.cpu: T0 : 0x203e6    : c_beqz a2, 24              : IntAlu : 
 276500: system.cpu: T0 : 0x203fe    : c_sd a4, 0(a0)             : MemWrite :  D=0x00000000000706f0 A=0x73728
 277000: system.cpu: T0 : 0x20400    : c_jr ra                    : IntAlu : 
 277500: system.cpu: T0 : 0x20340    : andi a4, s1, 18446744073709551608 : IntAlu :  D=0x0000000000000020
 278000: system.cpu: T0 : 0x20344    : c_add s0, a4               : IntAlu :  D=0x000000000006eaf0
 279000: system.cpu: T0 : 0x20346    : andi a2, s1, 7             : IntAlu :  D=0x0000000000000000
 279500: system.cpu: T0 : 0x2034a    : c_add a4, s3               : IntAlu :  D=0x0000000000073730
 280000: system.cpu: T0 : 0x2034c    : c_addi a4, -1              : IntAlu :  D=0x000000000007372f
 280500: system.cpu: T0 : 0x2034e    : c_mv a5, s0                : IntAlu :  D=0x000000000006eaf0
 281000: system.cpu: T0 : 0x20350    : add a1, a2, s0             : IntAlu :  D=0x000000000006eaf0
 281500: system.cpu: T0 : 0x20354    : c_sub a4, s0               : IntAlu :  D=0x0000000000004c3f
 282000: system.cpu: T0 : 0x20356    : c_beqz a2, 20              : IntAlu : 
 282500: system.cpu: T0 : 0x2036a    : c_ldsp ra, 40(sp)          : MemRead :  D=0x0000000000011200 A=0x7ffffffffffffd68
 283000: system.cpu: T0 : 0x2036c    : c_ldsp s0, 32(sp)          : MemRead :  D=0x000000000006ead0 A=0x7ffffffffffffd60
 283500: system.cpu: T0 : 0x2036e    : c_ldsp s1, 24(sp)          : MemRead :  D=0x0000000000073710 A=0x7ffffffffffffd58
 284000: system.cpu: T0 : 0x20370    : c_ldsp s3, 8(sp)           : MemRead :  D=0x000000000006feb8 A=0x7ffffffffffffd48
 284500: system.cpu: T0 : 0x20372    : c_mv a0, s2                : IntAlu :  D=0x0000000000073710
 285000: system.cpu: T0 : 0x20374    : c_ldsp s2, 16(sp)          : MemRead :  D=0x000000000000000c A=0x7ffffffffffffd50
 285500: system.cpu: T0 : 0x20376    : c_addi16sp sp, 48          : IntAlu :  D=0x7ffffffffffffd70
 286000: system.cpu: T0 : 0x20378    : c_jr ra                    : IntAlu : 
 286500: system.cpu: T0 : 0x11200    : lui a5, 114                : IntAlu :  D=0x0000000000072000
 287000: system.cpu: T0 : 0x11204    : addi a5, a5, 1440          : IntAlu :  D=0x00000000000725a0
 287500: system.cpu: T0 : 0x11208    : ld a4, -1968(gp)           : MemRead :  D=0x0000000000000800 A=0x70930
 288000: system.cpu: T0 : 0x1120c    : addi a3, gp, -904          : IntAlu :  D=0x0000000000070d58
 288500: system.cpu: T0 : 0x11210    : sd a5, -16(s1)             : MemWrite :  D=0x00000000000725a0 A=0x73700
 289000: system.cpu: T0 : 0x11214    : addi a2, zero, 64          : IntAlu :  D=0x0000000000000040
 289500: system.cpu: T0 : 0x11218    : c_li a5, 1                 : IntAlu :  D=0x0000000000000001
 290000: system.cpu: T0 : 0x1121a    : c_sd a2, 0(a3)             : MemWrite :  D=0x0000000000000040 A=0x70d58
 290500: system.cpu: T0 : 0x1121c    : lui a2, 114                : IntAlu :  D=0x0000000000072000
 291000: system.cpu: T0 : 0x11220    : sd a5, 1416(a2)            : MemWrite :  D=0x0000000000000001 A=0x72588
 291500: system.cpu: T0 : 0x11224    : lui a2, 115                : IntAlu :  D=0x0000000000073000
 292000: system.cpu: T0 : 0x11228    : sd s3, 40(a3)              : MemWrite :  D=0x000000000006feb8 A=0x70d80
 292500: system.cpu: T0 : 0x1122c    : sd a3, -1648(a2)           : MemWrite :  D=0x0000000000070d58 A=0x72990
 293000: system.cpu: T0 : 0x11230    : lui a3, 114                : IntAlu :  D=0x0000000000072000
 293500: system.cpu: T0 : 0x11234    : sd s8, 1408(a3)            : MemWrite :  D=0x0000000000000010 A=0x72580
 294000: system.cpu: T0 : 0x11238    : lui a3, 115                : IntAlu :  D=0x0000000000073000
 294500: system.cpu: T0 : 0x1123c    : sd a5, 1096(s3)            : MemWrite :  D=0x0000000000000001 A=0x70300
 295000: system.cpu: T0 : 0x11240    : sd a5, -1624(a3)           : MemWrite :  D=0x0000000000000001 A=0x729a8
 295500: system.cpu: T0 : 0x11244    : c_addi a4, 15              : IntAlu :  D=0x000000000000080f
 296500: system.cpu: T0 : 0x11246    : sd s0, 1048(s3)            : MemWrite :  D=0x000000000006ead0 A=0x702d0
 297000: system.cpu: T0 : 0x1124a    : c_ldsp ra, 120(sp)         : MemRead :  D=0x0000000000010e88 A=0x7ffffffffffffde8
 297500: system.cpu: T0 : 0x1124c    : c_ldsp s0, 112(sp)         : MemRead :  D=0x00000000000112ea A=0x7ffffffffffffde0
 298500: system.cpu: T0 : 0x1124e    : sd s5, 1072(s3)            : MemWrite :  D=0x0000000000000008 A=0x702e8
 299500: system.cpu: T0 : 0x11252    : sd s10, 1064(s3)           : MemWrite :  D=0x0000000000000060 A=0x702e0
 300500: system.cpu: T0 : 0x11256    : sd s4, 1056(s3)            : MemWrite :  D=0x0000000000000020 A=0x702d8
 301000: system.cpu: T0 : 0x1125a    : c_ldsp s5, 72(sp)          : MemRead :  D=0x0000000000000000 A=0x7ffffffffffffdb8
 301500: system.cpu: T0 : 0x1125c    : c_ldsp s3, 88(sp)          : MemRead :  D=0x0000000000000000 A=0x7ffffffffffffdc8
 302000: system.cpu: T0 : 0x1125e    : c_ldsp s4, 80(sp)          : MemRead :  D=0x0000000000000000 A=0x7ffffffffffffdc0
 302500: system.cpu: T0 : 0x11260    : c_ldsp s8, 48(sp)          : MemRead :  D=0x0000000000000000 A=0x7ffffffffffffda0
 303000: system.cpu: T0 : 0x11262    : c_ldsp s10, 32(sp)         : MemRead :  D=0x0000000000000000 A=0x7ffffffffffffd90
 303500: system.cpu: T0 : 0x11264    : c_ldsp s11, 24(sp)         : MemRead :  D=0x0000000000000000 A=0x7ffffffffffffd88
 304000: system.cpu: T0 : 0x11266    : c_mv tp, s1                : IntAlu :  D=0x0000000000073710
 304500: system.cpu: T0 : 0x11268    : c_ldsp s1, 104(sp)         : MemRead :  D=0x000000000001137a A=0x7ffffffffffffdd8
 305500: system.cpu: T0 : 0x1126a    : mul s2, s2, s9             : IntMult :  D=0x0000000000000060
 306000: system.cpu: T0 : 0x1126e    : c_ldsp s9, 40(sp)          : MemRead :  D=0x0000000000000000 A=0x7ffffffffffffd98
 306500: system.cpu: T0 : 0x11270    : add a5, s2, s7             : IntAlu :  D=0x0000000000000060
 307000: system.cpu: T0 : 0x11274    : c_add a4, a5               : IntAlu :  D=0x000000000000086f
 307500: system.cpu: T0 : 0x11276    : c_andi a4, 18446744073709551600 : IntAlu :  D=0x0000000000000860
 308000: system.cpu: T0 : 0x11278    : sd a4, -1968(gp)           : MemWrite :  D=0x0000000000000860 A=0x70930
 308500: system.cpu: T0 : 0x1127c    : lui a4, 114                : IntAlu :  D=0x0000000000072000
 309000: system.cpu: T0 : 0x11280    : sd a5, 1400(a4)            : MemWrite :  D=0x0000000000000060 A=0x72578
 309500: system.cpu: T0 : 0x11284    : c_ldsp s2, 96(sp)          : MemRead :  D=0x0000000000000000 A=0x7ffffffffffffdd0
 310000: system.cpu: T0 : 0x11286    : c_ldsp s6, 64(sp)          : MemRead :  D=0x0000000000000000 A=0x7ffffffffffffdb0
 310500: system.cpu: T0 : 0x11288    : c_ldsp s7, 56(sp)          : MemRead :  D=0x0000000000000000 A=0x7ffffffffffffda8
 311000: system.cpu: T0 : 0x1128a    : c_addi16sp sp, 128         : IntAlu :  D=0x7ffffffffffffdf0
 311500: system.cpu: T0 : 0x1128c    : c_jr ra                    : IntAlu : 
 312000: system.cpu: T0 : 0x10e88    : lui a5, 111                : IntAlu :  D=0x000000000006f000
 312500: system.cpu: T0 : 0x10e8c    : ld a5, -128(a5)            : MemRead :  D=0x7fffffffffffffd8 A=0x6ef80
 313000: system.cpu: T0 : 0x10e90    : lw a7, -1728(gp)           : MemRead :  D=0x0000000000000000 A=0x70a20
 313500: system.cpu: T0 : 0x10e94    : lbu a6, 1(a5)              : MemRead :  D=0x000000000000002e A=0x7fffffffffffffd9
 314000: system.cpu: T0 : 0x10e98    : lbu a4, 0(a5)              : MemRead :  D=0x0000000000000000 A=0x7fffffffffffffd8
 314500: system.cpu: T0 : 0x10e9c    : lbu a0, 2(a5)              : MemRead :  D=0x000000000000002e A=0x7fffffffffffffda
 315000: system.cpu: T0 : 0x10ea0    : lbu a1, 3(a5)              : MemRead :  D=0x000000000000002f A=0x7fffffffffffffdb
 315500: system.cpu: T0 : 0x10ea4    : lbu a2, 4(a5)              : MemRead :  D=0x0000000000000044 A=0x7fffffffffffffdc
 316000: system.cpu: T0 : 0x10ea8    : c_slli a6, 8               : IntAlu :  D=0x0000000000002e00
 317000: system.cpu: T0 : 0x10eaa    : lbu a3, 5(a5)              : MemRead :  D=0x000000000000006f A=0x7fffffffffffffdd
 318000: system.cpu: T0 : 0x10eae    : or a6, a6, a4              : IntAlu :  D=0x0000000000002e00
 318500: system.cpu: T0 : 0x10eb2    : c_slli a0, 16              : IntAlu :  D=0x00000000002e0000
 319000: system.cpu: T0 : 0x10eb4    : lbu a4, 6(a5)              : MemRead :  D=0x0000000000000077 A=0x7fffffffffffffde
 319500: system.cpu: T0 : 0x10eb8    : or a0, a0, a6              : IntAlu :  D=0x00000000002e2e00
 320000: system.cpu: T0 : 0x10ebc    : c_slli a1, 24              : IntAlu :  D=0x000000002f000000
 321000: system.cpu: T0 : 0x10ebe    : lbu a5, 7(a5)              : MemRead :  D=0x000000000000006e A=0x7fffffffffffffdf
 321500: system.cpu: T0 : 0x10ec2    : c_or a1, a0                : IntAlu :  D=0x000000002f2e2e00
 322000: system.cpu: T0 : 0x10ec4    : c_slli a2, 32              : IntAlu :  D=0x0000004400000000
 322500: system.cpu: T0 : 0x10ec6    : c_or a2, a1                : IntAlu :  D=0x000000442f2e2e00
 323000: system.cpu: T0 : 0x10ec8    : c_slli a3, 40              : IntAlu :  D=0x00006f0000000000
 323500: system.cpu: T0 : 0x10eca    : c_or a3, a2                : IntAlu :  D=0x00006f442f2e2e00
 324000: system.cpu: T0 : 0x10ecc    : c_slli a4, 48              : IntAlu :  D=0x0077000000000000
 324500: system.cpu: T0 : 0x10ece    : c_or a4, a3                : IntAlu :  D=0x00776f442f2e2e00
 325000: system.cpu: T0 : 0x10ed0    : c_slli a5, 56              : IntAlu :  D=0x6e00000000000000
 325500: system.cpu: T0 : 0x10ed2    : c_or a5, a4                : IntAlu :  D=0x6e776f442f2e2e00
 326000: system.cpu: T0 : 0x10ed4    : andi a5, a5, 18446744073709551360 : IntAlu :  D=0x6e776f442f2e2e00
 326500: system.cpu: T0 : 0x10ed8    : lui a4, 111                : IntAlu :  D=0x000000000006f000
 327000: system.cpu: T0 : 0x10edc    : sd a5, -1264(a4)           : MemWrite :  D=0x6e776f442f2e2e00 A=0x6eb10
 327500: system.cpu: T0 : 0x10ee0    : beq a7, zero, 286          : IntAlu : 
 328500: system.cpu: T0 : 0x10ffe    : jal ra, 75224              : IntAlu :  D=0x0000000000011002
 329000: system.cpu: T0 : 0x235d6    : c_addi16sp sp, -496        : IntAlu :  D=0x7ffffffffffffc00
 329500: system.cpu: T0 : 0x235d8    : c_addi4spn a0, sp, 72      : IntAlu :  D=0x7ffffffffffffc48
 330000: system.cpu: T0 : 0x235da    : c_sdsp ra, 488(sp)         : MemWrite :  D=0x0000000000011002 A=0x7ffffffffffffde8
 330500: system.cpu: T0 : 0x235dc    : c_sdsp s0, 480(sp)         : MemWrite :  D=0x00000000000112ea A=0x7ffffffffffffde0
 331000: system.cpu: T0 : 0x235de    : c_sdsp s1, 472(sp)         : MemWrite :  D=0x000000000001137a A=0x7ffffffffffffdd8
 331500: system.cpu: T0 : 0x235e0    : jal ra, 90520              : IntAlu :  D=0x00000000000235e4
 332000: system.cpu: T0 : 0x39778    : addi a7, zero, 160         : IntAlu :  D=0x00000000000000a0
 332500: system.cpu: T0 : 0x3977c    : ecall                      : No_OpClass : 
 333000: system.cpu: T0 : 0x39780    : c_lui a7, 1048575          : IntAlu :  D=0xfffffffffffff000
 334000: system.cpu: T0 : 0x39782    : bltu a7, a0, 6             : IntAlu : 
 334500: system.cpu: T0 : 0x39786    : c_jr ra                    : IntAlu : 
 335000: system.cpu: T0 : 0x235e4    : addi a3, sp, 202           : IntAlu :  D=0x7ffffffffffffcca
 335500: system.cpu: T0 : 0x235e8    : c_bnez a0, 140             : IntAlu : 
 336000: system.cpu: T0 : 0x235ea    : c_li t1, 0                 : IntAlu :  D=0x0000000000000000
 336500: system.cpu: T0 : 0x235ec    : c_li a0, 0                 : IntAlu :  D=0x0000000000000000
 337000: system.cpu: T0 : 0x235ee    : c_li a7, 9                 : IntAlu :  D=0x0000000000000009
 337500: system.cpu: T0 : 0x235f0    : addi t3, zero, 46          : IntAlu :  D=0x000000000000002e
 338000: system.cpu: T0 : 0x235f4    : c_li t4, 3                 : IntAlu :  D=0x0000000000000003
 339000: system.cpu: T0 : 0x235f6    : lbu a5, 0(a3)              : MemRead :  D=0x0000000000000035 A=0x7ffffffffffffcca
 340000: system.cpu: T0 : 0x235fa    : addiw a5, a5, -48          : IntAlu :  D=0x0000000000000005
 341000: system.cpu: T0 : 0x235fe    : andi a4, a5, 255           : IntAlu :  D=0x0000000000000005
 342000: system.cpu: T0 : 0x23602    : bltu a7, a4, 98            : IntAlu : 
 343000: system.cpu: T0 : 0x23606    : lbu a1, 1(a3)              : MemRead :  D=0x000000000000002e A=0x7ffffffffffffccb
 344000: system.cpu: T0 : 0x2360a    : addiw a4, a5, 0            : IntAlu :  D=0x0000000000000005
 344500: system.cpu: T0 : 0x2360e    : c_addi a3, 1               : IntAlu :  D=0x7ffffffffffffccb
 345000: system.cpu: T0 : 0x23610    : addiw a2, a1, -48          : IntAlu :  D=0xfffffffffffffffe
 345500: system.cpu: T0 : 0x23614    : andi a5, a2, 255           : IntAlu :  D=0x00000000000000fe
 346000: system.cpu: T0 : 0x23618    : bltu a7, a5, 36            : IntAlu : 
 346500: system.cpu: T0 : 0x2363c    : slliw a5, a0, 8            : IntAlu :  D=0x0000000000000000
 347000: system.cpu: T0 : 0x23640    : c_or a5, a4                : IntAlu :  D=0x0000000000000005
 347500: system.cpu: T0 : 0x23642    : c_addiw t1, 1              : IntAlu :  D=0x0000000000000001
 348000: system.cpu: T0 : 0x23644    : addiw a0, a5, 0            : IntAlu :  D=0x0000000000000005
 348500: system.cpu: T0 : 0x23648    : c_addi a3, 1               : IntAlu :  D=0x7ffffffffffffccc
 349500: system.cpu: T0 : 0x2364a    : bne a1, t3, 20             : IntAlu : 
 350500: system.cpu: T0 : 0x2364e    : bne t1, t4, -88            : IntAlu : 
 351500: system.cpu: T0 : 0x235f6    : lbu a5, 0(a3)              : MemRead :  D=0x0000000000000031 A=0x7ffffffffffffccc
 352500: system.cpu: T0 : 0x235fa    : addiw a5, a5, -48          : IntAlu :  D=0x0000000000000001
 353500: system.cpu: T0 : 0x235fe    : andi a4, a5, 255           : IntAlu :  D=0x0000000000000001
 354500: system.cpu: T0 : 0x23602    : bltu a7, a4, 98            : IntAlu : 
 355500: system.cpu: T0 : 0x23606    : lbu a1, 1(a3)              : MemRead :  D=0x000000000000002e A=0x7ffffffffffffccd
 356500: system.cpu: T0 : 0x2360a    : addiw a4, a5, 0            : IntAlu :  D=0x0000000000000001
 357000: system.cpu: T0 : 0x2360e    : c_addi a3, 1               : IntAlu :  D=0x7ffffffffffffccd
 357500: system.cpu: T0 : 0x23610    : addiw a2, a1, -48          : IntAlu :  D=0xfffffffffffffffe
 358000: system.cpu: T0 : 0x23614    : andi a5, a2, 255           : IntAlu :  D=0x00000000000000fe
 358500: system.cpu: T0 : 0x23618    : bltu a7, a5, 36            : IntAlu : 
 359000: system.cpu: T0 : 0x2363c    : slliw a5, a0, 8            : IntAlu :  D=0x0000000000000500
 359500: system.cpu: T0 : 0x23640    : c_or a5, a4                : IntAlu :  D=0x0000000000000501
 360000: system.cpu: T0 : 0x23642    : c_addiw t1, 1              : IntAlu :  D=0x0000000000000002
 360500: system.cpu: T0 : 0x23644    : addiw a0, a5, 0            : IntAlu :  D=0x0000000000000501
 361000: system.cpu: T0 : 0x23648    : c_addi a3, 1               : IntAlu :  D=0x7ffffffffffffcce
 362000: system.cpu: T0 : 0x2364a    : bne a1, t3, 20             : IntAlu : 
 363000: system.cpu: T0 : 0x2364e    : bne t1, t4, -88            : IntAlu : 
 364000: system.cpu: T0 : 0x235f6    : lbu a5, 0(a3)              : MemRead :  D=0x0000000000000030 A=0x7ffffffffffffcce
 365000: system.cpu: T0 : 0x235fa    : addiw a5, a5, -48          : IntAlu :  D=0x0000000000000000
 366000: system.cpu: T0 : 0x235fe    : andi a4, a5, 255           : IntAlu :  D=0x0000000000000000
 367000: system.cpu: T0 : 0x23602    : bltu a7, a4, 98            : IntAlu : 
 368000: system.cpu: T0 : 0x23606    : lbu a1, 1(a3)              : MemRead :  D=0x0000000000000000 A=0x7ffffffffffffccf
 369000: system.cpu: T0 : 0x2360a    : addiw a4, a5, 0            : IntAlu :  D=0x0000000000000000
 369500: system.cpu: T0 : 0x2360e    : c_addi a3, 1               : IntAlu :  D=0x7ffffffffffffccf
 370000: system.cpu: T0 : 0x23610    : addiw a2, a1, -48          : IntAlu :  D=0xffffffffffffffd0
 370500: system.cpu: T0 : 0x23614    : andi a5, a2, 255           : IntAlu :  D=0x00000000000000d0
 371000: system.cpu: T0 : 0x23618    : bltu a7, a5, 36            : IntAlu : 
 371500: system.cpu: T0 : 0x2363c    : slliw a5, a0, 8            : IntAlu :  D=0x0000000000050100
 372000: system.cpu: T0 : 0x23640    : c_or a5, a4                : IntAlu :  D=0x0000000000050100
 372500: system.cpu: T0 : 0x23642    : c_addiw t1, 1              : IntAlu :  D=0x0000000000000003
 373000: system.cpu: T0 : 0x23644    : addiw a0, a5, 0            : IntAlu :  D=0x0000000000050100
 373500: system.cpu: T0 : 0x23648    : c_addi a3, 1               : IntAlu :  D=0x7ffffffffffffcd0
 374500: system.cpu: T0 : 0x2364a    : bne a1, t3, 20             : IntAlu : 
 375000: system.cpu: T0 : 0x2365e    : c_li a5, 3                 : IntAlu :  D=0x0000000000000003
 375500: system.cpu: T0 : 0x23660    : beq t1, a5, -14            : IntAlu : 
 376000: system.cpu: T0 : 0x23652    : c_addiw a0, 0              : IntAlu :  D=0x0000000000050100
 376500: system.cpu: T0 : 0x23654    : c_ldsp ra, 488(sp)         : MemRead :  D=0x0000000000011002 A=0x7ffffffffffffde8
 377000: system.cpu: T0 : 0x23656    : c_ldsp s0, 480(sp)         : MemRead :  D=0x00000000000112ea A=0x7ffffffffffffde0
 377500: system.cpu: T0 : 0x23658    : c_ldsp s1, 472(sp)         : MemRead :  D=0x000000000001137a A=0x7ffffffffffffdd8
 378000: system.cpu: T0 : 0x2365a    : c_addi16sp sp, 496         : IntAlu :  D=0x7ffffffffffffdf0
 378500: system.cpu: T0 : 0x2365c    : c_jr ra                    : IntAlu : 
 379000: system.cpu: T0 : 0x11002    : c_mv a5, a0                : IntAlu :  D=0x0000000000050100
 379500: system.cpu: T0 : 0x11004    : blt a0, zero, 104          : IntAlu : 
 380000: system.cpu: T0 : 0x11008    : lui a4, 115                : IntAlu :  D=0x0000000000073000
 380500: system.cpu: T0 : 0x1100c    : lw a3, -1368(a4)           : MemRead :  D=0x0000000000000000 A=0x72aa8
 381000: system.cpu: T0 : 0x11010    : addiw a4, a0, 0            : IntAlu :  D=0x0000000000050100
 381500: system.cpu: T0 : 0x11014    : c_bnez a3, 82              : IntAlu : 
 382500: system.cpu: T0 : 0x11016    : lui a3, 115                : IntAlu :  D=0x0000000000073000
 383500: system.cpu: T0 : 0x1101a    : sw a4, -1368(a3)           : MemWrite :  D=0x0000000000050100 A=0x72aa8
 384500: system.cpu: T0 : 0x1101e    : lui a4, 65                 : IntAlu :  D=0x0000000000041000
 385500: system.cpu: T0 : 0x11022    : addi a4, a4, -257          : IntAlu :  D=0x0000000000040eff
 386500: system.cpu: T0 : 0x11026    : blt a4, a5, -322           : IntAlu : 
 387000: system.cpu: T0 : 0x10ee4    : addi a5, zero, 0           : IntAlu :  D=0x0000000000000000
 387500: system.cpu: T0 : 0x10ee8    : c_beqz a5, 10              : IntAlu : 
 388500: system.cpu: T0 : 0x10ef2    : lui a5, 111                : IntAlu :  D=0x000000000006f000
 389500: system.cpu: T0 : 0x10ef6    : ld a5, -128(a5)            : MemRead :  D=0x7fffffffffffffd8 A=0x6ef80
 390500: system.cpu: T0 : 0x10efa    : lbu a4, 14(a5)             : MemRead :  D=0x0000000000000063 A=0x7fffffffffffffe6
 391500: system.cpu: T0 : 0x10efe    : lbu a7, 8(a5)              : MemRead :  D=0x000000000000006c A=0x7fffffffffffffe0
 392500: system.cpu: T0 : 0x10f02    : lbu a6, 9(a5)              : MemRead :  D=0x000000000000006f A=0x7fffffffffffffe1
 393500: system.cpu: T0 : 0x10f06    : lbu a0, 10(a5)             : MemRead :  D=0x0000000000000061 A=0x7fffffffffffffe2
 394500: system.cpu: T0 : 0x10f0a    : lbu a1, 11(a5)             : MemRead :  D=0x0000000000000064 A=0x7fffffffffffffe3
 395500: system.cpu: T0 : 0x10f0e    : lbu a2, 12(a5)             : MemRead :  D=0x0000000000000073 A=0x7fffffffffffffe4
 396500: system.cpu: T0 : 0x10f12    : lbu a3, 13(a5)             : MemRead :  D=0x000000000000002f A=0x7fffffffffffffe5
 397500: system.cpu: T0 : 0x10f16    : lbu a5, 15(a5)             : MemRead :  D=0x000000000000006f A=0x7fffffffffffffe7
 398500: system.cpu: T0 : 0x10f1a    : sb a7, 40(sp)              : MemWrite :  D=0x000000000000006c A=0x7ffffffffffffe18
 399500: system.cpu: T0 : 0x10f1e    : sb a6, 41(sp)              : MemWrite :  D=0x000000000000006f A=0x7ffffffffffffe19
 400500: system.cpu: T0 : 0x10f22    : sb a5, 47(sp)              : MemWrite :  D=0x000000000000006f A=0x7ffffffffffffe1f
 401500: system.cpu: T0 : 0x10f26    : sb a0, 42(sp)              : MemWrite :  D=0x0000000000000061 A=0x7ffffffffffffe1a
 402500: system.cpu: T0 : 0x10f2a    : sb a1, 43(sp)              : MemWrite :  D=0x0000000000000064 A=0x7ffffffffffffe1b
 403500: system.cpu: T0 : 0x10f2e    : sb a2, 44(sp)              : MemWrite :  D=0x0000000000000073 A=0x7ffffffffffffe1c
 404500: system.cpu: T0 : 0x10f32    : sb a3, 45(sp)              : MemWrite :  D=0x000000000000002f A=0x7ffffffffffffe1d
 405500: system.cpu: T0 : 0x10f36    : sb a4, 46(sp)              : MemWrite :  D=0x0000000000000063 A=0x7ffffffffffffe1e
 406000: system.cpu: T0 : 0x10f3a    : c_ldsp a4, 40(sp)          : MemRead :  D=0x6f632f7364616f6c A=0x7ffffffffffffe18
 406500: system.cpu: T0 : 0x10f3c    : lui a5, 111                : IntAlu :  D=0x000000000006f000
 407000: system.cpu: T0 : 0x10f40    : sd a4, -1256(a5)           : MemWrite :  D=0x6f632f7364616f6c A=0x6eb18
 407500: system.cpu: T0 : 0x10f44    : beq s2, zero, 14           : IntAlu : 
 408500: system.cpu: T0 : 0x10f52    : ld a2, -1360(gp)           : MemRead :  D=0x7fffffffffffff48 A=0x70b90
 409000: system.cpu: T0 : 0x10f56    : c_ldsp a1, 16(sp)          : MemRead :  D=0x7fffffffffffff38 A=0x7ffffffffffffe00
 409500: system.cpu: T0 : 0x10f58    : c_ldsp a0, 8(sp)           : MemRead :  D=0x0000000000000001 A=0x7ffffffffffffdf8
 410500: system.cpu: T0 : 0x10f5a    : jal ra, 75628              : IntAlu :  D=0x0000000000010f5e
 411000: system.cpu: T0 : 0x236c6    : c_addi sp, -32             : IntAlu :  D=0x7ffffffffffffdd0
 411500: system.cpu: T0 : 0x236c8    : c_sdsp s0, 16(sp)          : MemWrite :  D=0x00000000000112ea A=0x7ffffffffffffde0
 412000: system.cpu: T0 : 0x236ca    : c_sdsp s1, 8(sp)           : MemWrite :  D=0x000000000001137a A=0x7ffffffffffffdd8
 412500: system.cpu: T0 : 0x236cc    : c_sdsp s2, 0(sp)           : MemWrite :  D=0x0000000000000000 A=0x7ffffffffffffdd0
 413000: system.cpu: T0 : 0x236ce    : c_sdsp ra, 24(sp)          : MemWrite :  D=0x0000000000010f5e A=0x7ffffffffffffde8
 413500: system.cpu: T0 : 0x236d0    : addi a4, zero, 0           : IntAlu :  D=0x0000000000000000
 414000: system.cpu: T0 : 0x236d4    : c_mv s0, a0                : IntAlu :  D=0x0000000000000001
 414500: system.cpu: T0 : 0x236d6    : c_mv s1, a1                : IntAlu :  D=0x7fffffffffffff38
 415000: system.cpu: T0 : 0x236d8    : c_mv s2, a2                : IntAlu :  D=0x7fffffffffffff48
 415500: system.cpu: T0 : 0x236da    : c_beqz a4, 62              : IntAlu : 
 416000: system.cpu: T0 : 0x23718    : lw a0, -1248(gp)           : MemRead :  D=0x0000000000000000 A=0x70c00
 416500: system.cpu: T0 : 0x2371c    : lw a5, -1344(gp)           : MemRead :  D=0x0000000000000000 A=0x70ba0
 417000: system.cpu: T0 : 0x23720    : sw zero, -1728(gp)         : MemWrite :  D=0x0000000000000000 A=0x70a20
 417500: system.cpu: T0 : 0x23724    : beq a5, a0, -60            : IntAlu : 
 418000: system.cpu: T0 : 0x236e8    : lui a5, 115                : IntAlu :  D=0x0000000000073000
 418500: system.cpu: T0 : 0x236ec    : sw s0, -1344(a5)           : MemWrite :  D=0x0000000000000001 A=0x72ac0
 419000: system.cpu: T0 : 0x236f0    : lui a5, 115                : IntAlu :  D=0x0000000000073000
 419500: system.cpu: T0 : 0x236f4    : sd s1, -1336(a5)           : MemWrite :  D=0x7fffffffffffff38 A=0x72ac8
 420000: system.cpu: T0 : 0x236f8    : sd s2, -1360(gp)           : MemWrite :  D=0x7fffffffffffff48 A=0x70b90
 420500: system.cpu: T0 : 0x236fc    : jal ra, -2314              : IntAlu :  D=0x0000000000023700
 421000: system.cpu: T0 : 0x22df2    : c_addi16sp sp, -160        : IntAlu :  D=0x7ffffffffffffd30
 421500: system.cpu: T0 : 0x22df4    : c_sdsp ra, 152(sp)         : MemWrite :  D=0x0000000000023700 A=0x7ffffffffffffdc8
 422000: system.cpu: T0 : 0x22df6    : c_sdsp s1, 136(sp)         : MemWrite :  D=0x7fffffffffffff38 A=0x7ffffffffffffdb8
 422500: system.cpu: T0 : 0x22df8    : c_sdsp s2, 128(sp)         : MemWrite :  D=0x7fffffffffffff48 A=0x7ffffffffffffdb0
 423000: system.cpu: T0 : 0x22dfa    : c_sdsp s3, 120(sp)         : MemWrite :  D=0x0000000000000000 A=0x7ffffffffffffda8
 423500: system.cpu: T0 : 0x22dfc    : c_sdsp s4, 112(sp)         : MemWrite :  D=0x0000000000000000 A=0x7ffffffffffffda0
 424000: system.cpu: T0 : 0x22dfe    : c_sdsp s0, 144(sp)         : MemWrite :  D=0x0000000000000001 A=0x7ffffffffffffdc0
 424500: system.cpu: T0 : 0x22e00    : c_sdsp s5, 104(sp)         : MemWrite :  D=0x0000000000000000 A=0x7ffffffffffffd98
 425000: system.cpu: T0 : 0x22e02    : c_sdsp s6, 96(sp)          : MemWrite :  D=0x0000000000000000 A=0x7ffffffffffffd90
 425500: system.cpu: T0 : 0x22e04    : c_sdsp s7, 88(sp)          : MemWrite :  D=0x0000000000000000 A=0x7ffffffffffffd88
 426000: system.cpu: T0 : 0x22e06    : c_sdsp s8, 80(sp)          : MemWrite :  D=0x0000000000000000 A=0x7ffffffffffffd80
 426500: system.cpu: T0 : 0x22e08    : c_sdsp s9, 72(sp)          : MemWrite :  D=0x0000000000000000 A=0x7ffffffffffffd78
 427000: system.cpu: T0 : 0x22e0a    : c_sdsp s10, 64(sp)         : MemWrite :  D=0x0000000000000000 A=0x7ffffffffffffd70
 427500: system.cpu: T0 : 0x22e0c    : lui s2, 115                : IntAlu :  D=0x0000000000073000
 428000: system.cpu: T0 : 0x22e10    : jal ra, 116914             : IntAlu :  D=0x0000000000022e14
 428500: system.cpu: T0 : 0x3f6c2    : c_lui t1, 1048575          : IntAlu :  D=0xfffffffffffff000
 429000: system.cpu: T0 : 0x3f6c4    : c_addi16sp sp, -48         : IntAlu :  D=0x7ffffffffffffd00
 429500: system.cpu: T0 : 0x3f6c6    : c_addi t1, 16              : IntAlu :  D=0xfffffffffffff010
 430000: system.cpu: T0 : 0x3f6c8    : c_sdsp ra, 40(sp)          : MemWrite :  D=0x0000000000022e14 A=0x7ffffffffffffd28
 430500: system.cpu: T0 : 0x3f6ca    : c_sdsp s0, 32(sp)          : MemWrite :  D=0x0000000000000001 A=0x7ffffffffffffd20
 431000: system.cpu: T0 : 0x3f6cc    : c_sdsp s1, 24(sp)          : MemWrite :  D=0x7fffffffffffff38 A=0x7ffffffffffffd18
 431500: system.cpu: T0 : 0x3f6ce    : c_sdsp s2, 16(sp)          : MemWrite :  D=0x0000000000073000 A=0x7ffffffffffffd10
 432000: system.cpu: T0 : 0x3f6d0    : lui a1, 99                 : IntAlu :  D=0x0000000000063000
 432500: system.cpu: T0 : 0x3f6d4    : c_add sp, t1               : IntAlu :  D=0x7fffffffffffed10
 433000: system.cpu: T0 : 0x3f6d6    : c_lui a5, 1048575          : IntAlu :  D=0xfffffffffffff000
 433500: system.cpu: T0 : 0x3f6d8    : addi a7, zero, 78          : IntAlu :  D=0x000000000000004e
 434000: system.cpu: T0 : 0x3f6dc    : addi a0, zero, -100        : IntAlu :  D=0xffffffffffffff9c
 434500: system.cpu: T0 : 0x3f6e0    : addi a1, a1, -1344         : IntAlu :  D=0x0000000000062ac0
 435000: system.cpu: T0 : 0x3f6e4    : c_mv a2, sp                : IntAlu :  D=0x7fffffffffffed10
 435500: system.cpu: T0 : 0x3f6e6    : c_lui a3, 1                : IntAlu :  D=0x0000000000001000
 436000: system.cpu: T0 : 0x3f6e8    : ecall                      : No_OpClass : 
 436500: system.cpu: T0 : 0x3f6ec    : c_addiw a0, 0              : IntAlu :  D=0xfffffffffffffffe
 437500: system.cpu: T0 : 0x3f6ee    : bltu a5, a0, 84            : IntAlu : 
 438500: system.cpu: T0 : 0x3f742    : lui a5, 115                : IntAlu :  D=0x0000000000073000
 439500: system.cpu: T0 : 0x3f746    : ld s1, -1440(a5)           : MemRead :  D=0x0000000000000000 A=0x72a60
 440000: system.cpu: T0 : 0x3f74a    : c_beqz s1, 62              : IntAlu : 
 440500: system.cpu: T0 : 0x3f788    : c_li s0, -1                : IntAlu :  D=0xffffffffffffffff
 441000: system.cpu: T0 : 0x3f78a    : c_lui t1, 1                : IntAlu :  D=0x0000000000001000
 441500: system.cpu: T0 : 0x3f78c    : c_addi t1, -16             : IntAlu :  D=0x0000000000000ff0
 442000: system.cpu: T0 : 0x3f78e    : c_add sp, t1               : IntAlu :  D=0x7ffffffffffffd00
 442500: system.cpu: T0 : 0x3f790    : c_ldsp ra, 40(sp)          : MemRead :  D=0x0000000000022e14 A=0x7ffffffffffffd28
 443000: system.cpu: T0 : 0x3f792    : c_mv a0, s0                : IntAlu :  D=0xffffffffffffffff
 443500: system.cpu: T0 : 0x3f794    : c_ldsp s1, 24(sp)          : MemRead :  D=0x7fffffffffffff38 A=0x7ffffffffffffd18
 444000: system.cpu: T0 : 0x3f796    : c_ldsp s0, 32(sp)          : MemRead :  D=0x0000000000000001 A=0x7ffffffffffffd20
 444500: system.cpu: T0 : 0x3f798    : c_ldsp s2, 16(sp)          : MemRead :  D=0x0000000000073000 A=0x7ffffffffffffd10
 445000: system.cpu: T0 : 0x3f79a    : c_addi16sp sp, 48          : IntAlu :  D=0x7ffffffffffffd30
 445500: system.cpu: T0 : 0x3f79c    : c_jr ra                    : IntAlu : 
 446000: system.cpu: T0 : 0x22e14    : lui s3, 115                : IntAlu :  D=0x0000000000073000
 446500: system.cpu: T0 : 0x22e18    : ld a5, -1400(s3)           : MemRead :  D=0x0000000000000006 A=0x72a88
 447000: system.cpu: T0 : 0x22e1c    : ld a4, -1456(s2)           : MemRead :  D=0x0000000000010040 A=0x72a50
 447500: system.cpu: T0 : 0x22e20    : c_mv a3, a0                : IntAlu :  D=0xffffffffffffffff
 448500: system.cpu: T0 : 0x22e22    : lui s4, 112                : IntAlu :  D=0x0000000000070000
 449500: system.cpu: T0 : 0x22e26    : lui a0, 80                 : IntAlu :  D=0x0000000000050000
 450500: system.cpu: T0 : 0x22e2a    : addi s1, s4, -328          : IntAlu :  D=0x000000000006feb8
 451500: system.cpu: T0 : 0x22e2e    : addi a0, a0, 1632          : IntAlu :  D=0x0000000000050660
 452500: system.cpu: T0 : 0x22e32    : sh a5, 696(s1)             : MemWrite :  D=0x0000000000000006 A=0x70170
 453500: system.cpu: T0 : 0x22e36    : sd a3, 840(s1)             : MemWrite :  D=0xffffffffffffffff A=0x70200
 454500: system.cpu: T0 : 0x22e3a    : sd a4, 680(s1)             : MemWrite :  D=0x0000000000010040 A=0x70160
 455500: system.cpu: T0 : 0x22e3e    : jal ra, -56906             : IntAlu :  D=0x0000000000022e42
 456000: system.cpu: T0 : 0x14ff4    : c_addi16sp sp, -64         : IntAlu :  D=0x7ffffffffffffcf0
 456500: system.cpu: T0 : 0x14ff6    : c_sdsp s1, 40(sp)          : MemWrite :  D=0x000000000006feb8 A=0x7ffffffffffffd18
 457000: system.cpu: T0 : 0x14ff8    : ld s1, -1360(gp)           : MemRead :  D=0x7fffffffffffff48 A=0x70b90
 457500: system.cpu: T0 : 0x14ffc    : c_sdsp ra, 56(sp)          : MemWrite :  D=0x0000000000022e42 A=0x7ffffffffffffd28
 458000: system.cpu: T0 : 0x14ffe    : c_sdsp s0, 48(sp)          : MemWrite :  D=0x0000000000000001 A=0x7ffffffffffffd20
 458500: system.cpu: T0 : 0x15000    : c_sdsp s2, 32(sp)          : MemWrite :  D=0x0000000000073000 A=0x7ffffffffffffd10
 459000: system.cpu: T0 : 0x15002    : c_sdsp s3, 24(sp)          : MemWrite :  D=0x0000000000073000 A=0x7ffffffffffffd08
 459500: system.cpu: T0 : 0x15004    : c_sdsp s4, 16(sp)          : MemWrite :  D=0x0000000000070000 A=0x7ffffffffffffd00
 460000: system.cpu: T0 : 0x15006    : c_sdsp s5, 8(sp)           : MemWrite :  D=0x0000000000000000 A=0x7ffffffffffffcf8
 460500: system.cpu: T0 : 0x15008    : c_sdsp s6, 0(sp)           : MemWrite :  D=0x0000000000000000 A=0x7ffffffffffffcf0
 461000: system.cpu: T0 : 0x1500a    : c_beqz s1, 210             : IntAlu : 
 461500: system.cpu: T0 : 0x1500c    : lbu a5, 0(a0)              : MemRead :  D=0x000000000000004c A=0x50660
 462000: system.cpu: T0 : 0x15010    : c_mv s4, a0                : IntAlu :  D=0x0000000000050660
 462500: system.cpu: T0 : 0x15012    : c_beqz a5, 202             : IntAlu : 
 463000: system.cpu: T0 : 0x15014    : lbu s5, 1(a0)              : MemRead :  D=0x0000000000000044 A=0x50661
 463500: system.cpu: T0 : 0x15018    : slliw s2, a5, 16           : IntAlu :  D=0x00000000004c0000
 464000: system.cpu: T0 : 0x1501c    : c_ld s0, 0(s1)             : MemRead :  D=0x0000000000000000 A=0x7fffffffffffff48
 465000: system.cpu: T0 : 0x1501e    : sraiw s2, s2, 16           : IntAlu :  D=0x000000000000004c
 466000: system.cpu: T0 : 0x15022    : bne s5, zero, 86           : IntAlu : 
 466500: system.cpu: T0 : 0x15078    : jal ra, 42504              : IntAlu :  D=0x000000000001507c
 467000: system.cpu: T0 : 0x1f680    : andi a5, a0, 7             : IntAlu :  D=0x0000000000000000
 467500: system.cpu: T0 : 0x1f684    : c_beqz a5, 26              : IntAlu : 
 468000: system.cpu: T0 : 0x1f69e    : c_mv a5, a0                : IntAlu :  D=0x0000000000050660
 468500: system.cpu: T0 : 0x1f6a0    : ld a6, -2024(gp)           : MemRead :  D=0xfefefefefefefeff A=0x708f8
 469000: system.cpu: T0 : 0x1f6a4    : ld a1, -2016(gp)           : MemRead :  D=0x8080808080808080 A=0x70900
 469500: system.cpu: T0 : 0x1f6a8    : c_ld a2, 0(a5)             : MemRead :  D=0x004e5241575f444c A=0x50660
 470500: system.cpu: T0 : 0x1f6aa    : addi a3, a5, 8             : IntAlu :  D=0x0000000000050668
 471500: system.cpu: T0 : 0x1f6ae    : add a4, a2, a6             : IntAlu :  D=0xff4d5140565e434b
 472500: system.cpu: T0 : 0x1f6b2    : xori a2, a2, 18446744073709551615 : IntAlu :  D=0xffb1adbea8a0bbb3
 473000: system.cpu: T0 : 0x1f6b6    : c_and a4, a2               : IntAlu :  D=0xff01010000000303
 473500: system.cpu: T0 : 0x1f6b8    : c_and a4, a1               : IntAlu :  D=0x8000000000000000
 474000: system.cpu: T0 : 0x1f6ba    : c_beqz a4, 50              : IntAlu : 
 474500: system.cpu: T0 : 0x1f6bc    : lbu a4, -8(a3)             : MemRead :  D=0x000000000000004c A=0x50660
 475000: system.cpu: T0 : 0x1f6c0    : c_beqz a4, -40             : IntAlu : 
 476000: system.cpu: T0 : 0x1f6c2    : lbu a4, -7(a3)             : MemRead :  D=0x0000000000000044 A=0x50661
 476500: system.cpu: T0 : 0x1f6c6    : c_beqz a4, 50              : IntAlu : 
 477000: system.cpu: T0 : 0x1f6c8    : lbu a4, -6(a3)             : MemRead :  D=0x000000000000005f A=0x50662
 477500: system.cpu: T0 : 0x1f6cc    : c_beqz a4, 52              : IntAlu : 
 478500: system.cpu: T0 : 0x1f6ce    : lbu a4, -5(a3)             : MemRead :  D=0x0000000000000057 A=0x50663
 479000: system.cpu: T0 : 0x1f6d2    : c_beqz a4, 54              : IntAlu : 
 479500: system.cpu: T0 : 0x1f6d4    : lbu a4, -4(a3)             : MemRead :  D=0x0000000000000041 A=0x50664
 480000: system.cpu: T0 : 0x1f6d8    : c_beqz a4, 56              : IntAlu : 
 481000: system.cpu: T0 : 0x1f6da    : lbu a4, -3(a3)             : MemRead :  D=0x0000000000000052 A=0x50665
 481500: system.cpu: T0 : 0x1f6de    : c_beqz a4, 58              : IntAlu : 
 482000: system.cpu: T0 : 0x1f6e0    : lbu a4, -2(a3)             : MemRead :  D=0x000000000000004e A=0x50666
 482500: system.cpu: T0 : 0x1f6e4    : c_beqz a4, 60              : IntAlu : 
 483500: system.cpu: T0 : 0x1f6e6    : lbu a4, -1(a3)             : MemRead :  D=0x0000000000000000 A=0x50667
 484000: system.cpu: T0 : 0x1f6ea    : c_beqz a4, 6               : IntAlu : 
 484500: system.cpu: T0 : 0x1f6f0    : c_sub a5, a0               : IntAlu :  D=0x0000000000000000
 485500: system.cpu: T0 : 0x1f6f2    : addi a0, a5, 7             : IntAlu :  D=0x0000000000000007
 486000: system.cpu: T0 : 0x1f6f6    : c_jr ra                    : IntAlu : 
 486500: system.cpu: T0 : 0x1507c    : slli a5, s5, 8             : IntAlu :  D=0x0000000000004400
 487000: system.cpu: T0 : 0x15080    : or a5, s2, a5              : IntAlu :  D=0x000000000000444c
 487500: system.cpu: T0 : 0x15084    : slliw s2, a5, 16           : IntAlu :  D=0x00000000444c0000
 488000: system.cpu: T0 : 0x15088    : c_mv s3, a0                : IntAlu :  D=0x0000000000000007
 489000: system.cpu: T0 : 0x1508a    : sraiw s2, s2, 16           : IntAlu :  D=0x000000000000444c
 490000: system.cpu: T0 : 0x1508e    : addi s5, a0, -2            : IntAlu :  D=0x0000000000000005
 490500: system.cpu: T0 : 0x15092    : c_addi s4, 2               : IntAlu :  D=0x0000000000050662
 491000: system.cpu: T0 : 0x15094    : c_beqz s0, -50             : IntAlu : 
 491500: system.cpu: T0 : 0x15062    : c_ldsp ra, 56(sp)          : MemRead :  D=0x0000000000022e42 A=0x7ffffffffffffd28
 492000: system.cpu: T0 : 0x15064    : c_mv a0, s0                : IntAlu :  D=0x0000000000000000
 492500: system.cpu: T0 : 0x15066    : c_ldsp s0, 48(sp)          : MemRead :  D=0x0000000000000001 A=0x7ffffffffffffd20
 493000: system.cpu: T0 : 0x15068    : c_ldsp s1, 40(sp)          : MemRead :  D=0x000000000006feb8 A=0x7ffffffffffffd18
 493500: system.cpu: T0 : 0x1506a    : c_ldsp s2, 32(sp)          : MemRead :  D=0x0000000000073000 A=0x7ffffffffffffd10
 494000: system.cpu: T0 : 0x1506c    : c_ldsp s3, 24(sp)          : MemRead :  D=0x0000000000073000 A=0x7ffffffffffffd08
 494500: system.cpu: T0 : 0x1506e    : c_ldsp s4, 16(sp)          : MemRead :  D=0x0000000000070000 A=0x7ffffffffffffd00
 495000: system.cpu: T0 : 0x15070    : c_ldsp s5, 8(sp)           : MemRead :  D=0x0000000000000000 A=0x7ffffffffffffcf8
 495500: system.cpu: T0 : 0x15072    : c_ldsp s6, 0(sp)           : MemRead :  D=0x0000000000000000 A=0x7ffffffffffffcf0
 496000: system.cpu: T0 : 0x15074    : c_addi16sp sp, 64          : IntAlu :  D=0x7ffffffffffffd30
 496500: system.cpu: T0 : 0x15076    : c_jr ra                    : IntAlu : 
 497000: system.cpu: T0 : 0x22e42    : c_li a5, 0                 : IntAlu :  D=0x0000000000000000
 497500: system.cpu: T0 : 0x22e44    : c_beqz a0, 10              : IntAlu : 
 498500: system.cpu: T0 : 0x22e4e    : lui s5, 115                : IntAlu :  D=0x0000000000073000
 499500: system.cpu: T0 : 0x22e52    : ld a4, -1424(s5)           : MemRead :  D=0x0000000000000000 A=0x72a70
 500500: system.cpu: T0 : 0x22e56    : lui a3, 115                : IntAlu :  D=0x0000000000073000
 501500: system.cpu: T0 : 0x22e5a    : sw a5, -1408(a3)           : MemWrite :  D=0x0000000000000000 A=0x72a80
 502500: system.cpu: T0 : 0x22e5e    : beq a4, zero, 1518         : IntAlu : 
 503000: system.cpu: T0 : 0x2344c    : lui s6, 115                : IntAlu :  D=0x0000000000073000
 503500: system.cpu: T0 : 0x23450    : ld s0, -1472(s6)           : MemRead :  D=0x0000000000000000 A=0x72a40
 504000: system.cpu: T0 : 0x23454    : bne s0, zero, -1062        : IntAlu : 
 504500: system.cpu: T0 : 0x23458    : lui s0, 111                : IntAlu :  D=0x000000000006f000
 505000: system.cpu: T0 : 0x2345c    : addi s0, s0, -128          : IntAlu :  D=0x000000000006ef80
 505500: system.cpu: T0 : 0x23460    : sd zero, 8(s0)             : MemWrite :  D=0x0000000000000000 A=0x6ef88
 506000: system.cpu: T0 : 0x23464    : sd zero, 16(s0)            : MemWrite :  D=0x0000000000000000 A=0x6ef90
 506500: system.cpu: T0 : 0x23468    : sd zero, 24(s0)            : MemWrite :  D=0x0000000000000000 A=0x6ef98
 507000: system.cpu: T0 : 0x2346c    : c_li a5, 0                 : IntAlu :  D=0x0000000000000000
 507500: system.cpu: T0 : 0x2346e    : c_j -678                   : IntAlu : 
 508000: system.cpu: T0 : 0x231c8    : lui a0, 80                 : IntAlu :  D=0x0000000000050000
 508500: system.cpu: T0 : 0x231cc    : addi a0, a0, 1984          : IntAlu :  D=0x00000000000507c0
 509000: system.cpu: T0 : 0x231d0    : c_sd a5, 32(s0)            : MemWrite :  D=0x0000000000000000 A=0x6efa0
 510000: system.cpu: T0 : 0x231d2    : jal ra, -57822             : IntAlu :  D=0x00000000000231d6
 510500: system.cpu: T0 : 0x14ff4    : c_addi16sp sp, -64         : IntAlu :  D=0x7ffffffffffffcf0
 511000: system.cpu: T0 : 0x14ff6    : c_sdsp s1, 40(sp)          : MemWrite :  D=0x000000000006feb8 A=0x7ffffffffffffd18
 511500: system.cpu: T0 : 0x14ff8    : ld s1, -1360(gp)           : MemRead :  D=0x7fffffffffffff48 A=0x70b90
 512000: system.cpu: T0 : 0x14ffc    : c_sdsp ra, 56(sp)          : MemWrite :  D=0x00000000000231d6 A=0x7ffffffffffffd28
 512500: system.cpu: T0 : 0x14ffe    : c_sdsp s0, 48(sp)          : MemWrite :  D=0x000000000006ef80 A=0x7ffffffffffffd20
 513000: system.cpu: T0 : 0x15000    : c_sdsp s2, 32(sp)          : MemWrite :  D=0x0000000000073000 A=0x7ffffffffffffd10
 513500: system.cpu: T0 : 0x15002    : c_sdsp s3, 24(sp)          : MemWrite :  D=0x0000000000073000 A=0x7ffffffffffffd08
 514000: system.cpu: T0 : 0x15004    : c_sdsp s4, 16(sp)          : MemWrite :  D=0x0000000000070000 A=0x7ffffffffffffd00
 514500: system.cpu: T0 : 0x15006    : c_sdsp s5, 8(sp)           : MemWrite :  D=0x0000000000073000 A=0x7ffffffffffffcf8
 515000: system.cpu: T0 : 0x15008    : c_sdsp s6, 0(sp)           : MemWrite :  D=0x0000000000073000 A=0x7ffffffffffffcf0
 515500: system.cpu: T0 : 0x1500a    : c_beqz s1, 210             : IntAlu : 
 516000: system.cpu: T0 : 0x1500c    : lbu a5, 0(a0)              : MemRead :  D=0x000000000000004c A=0x507c0
 516500: system.cpu: T0 : 0x15010    : c_mv s4, a0                : IntAlu :  D=0x00000000000507c0
 517000: system.cpu: T0 : 0x15012    : c_beqz a5, 202             : IntAlu : 
 517500: system.cpu: T0 : 0x15014    : lbu s5, 1(a0)              : MemRead :  D=0x0000000000000044 A=0x507c1
 518000: system.cpu: T0 : 0x15018    : slliw s2, a5, 16           : IntAlu :  D=0x00000000004c0000
 518500: system.cpu: T0 : 0x1501c    : c_ld s0, 0(s1)             : MemRead :  D=0x0000000000000000 A=0x7fffffffffffff48
 519500: system.cpu: T0 : 0x1501e    : sraiw s2, s2, 16           : IntAlu :  D=0x000000000000004c
 520500: system.cpu: T0 : 0x15022    : bne s5, zero, 86           : IntAlu : 
 521000: system.cpu: T0 : 0x15078    : jal ra, 42504              : IntAlu :  D=0x000000000001507c
 521500: system.cpu: T0 : 0x1f680    : andi a5, a0, 7             : IntAlu :  D=0x0000000000000000
 522000: system.cpu: T0 : 0x1f684    : c_beqz a5, 26              : IntAlu : 
 522500: system.cpu: T0 : 0x1f69e    : c_mv a5, a0                : IntAlu :  D=0x00000000000507c0
 523000: system.cpu: T0 : 0x1f6a0    : ld a6, -2024(gp)           : MemRead :  D=0xfefefefefefefeff A=0x708f8
 523500: system.cpu: T0 : 0x1f6a4    : ld a1, -2016(gp)           : MemRead :  D=0x8080808080808080 A=0x70900
 524000: system.cpu: T0 : 0x1f6a8    : c_ld a2, 0(a5)             : MemRead :  D=0x415242494c5f444c A=0x507c0
 525000: system.cpu: T0 : 0x1f6aa    : addi a3, a5, 8             : IntAlu :  D=0x00000000000507c8
 526000: system.cpu: T0 : 0x1f6ae    : add a4, a2, a6             : IntAlu :  D=0x405141484b5e434b
 527000: system.cpu: T0 : 0x1f6b2    : xori a2, a2, 18446744073709551615 : IntAlu :  D=0xbeadbdb6b3a0bbb3
 527500: system.cpu: T0 : 0x1f6b6    : c_and a4, a2               : IntAlu :  D=0x0001010003000303
 528000: system.cpu: T0 : 0x1f6b8    : c_and a4, a1               : IntAlu :  D=0x0000000000000000
 528500: system.cpu: T0 : 0x1f6ba    : c_beqz a4, 50              : IntAlu : 
 529000: system.cpu: T0 : 0x1f6ec    : c_mv a5, a3                : IntAlu :  D=0x00000000000507c8
 529500: system.cpu: T0 : 0x1f6ee    : c_j -70                    : IntAlu : 
 530000: system.cpu: T0 : 0x1f6a8    : c_ld a2, 0(a5)             : MemRead :  D=0x00485441505f5952 A=0x507c8
 531000: system.cpu: T0 : 0x1f6aa    : addi a3, a5, 8             : IntAlu :  D=0x00000000000507d0
 532000: system.cpu: T0 : 0x1f6ae    : add a4, a2, a6             : IntAlu :  D=0xff4753404f5e5851
 533000: system.cpu: T0 : 0x1f6b2    : xori a2, a2, 18446744073709551615 : IntAlu :  D=0xffb7abbeafa0a6ad
 533500: system.cpu: T0 : 0x1f6b6    : c_and a4, a2               : IntAlu :  D=0xff0703000f000001
 534000: system.cpu: T0 : 0x1f6b8    : c_and a4, a1               : IntAlu :  D=0x8000000000000000
 534500: system.cpu: T0 : 0x1f6ba    : c_beqz a4, 50              : IntAlu : 
 535000: system.cpu: T0 : 0x1f6bc    : lbu a4, -8(a3)             : MemRead :  D=0x0000000000000052 A=0x507c8
 535500: system.cpu: T0 : 0x1f6c0    : c_beqz a4, -40             : IntAlu : 
 536500: system.cpu: T0 : 0x1f6c2    : lbu a4, -7(a3)             : MemRead :  D=0x0000000000000059 A=0x507c9
 537000: system.cpu: T0 : 0x1f6c6    : c_beqz a4, 50              : IntAlu : 
 537500: system.cpu: T0 : 0x1f6c8    : lbu a4, -6(a3)             : MemRead :  D=0x000000000000005f A=0x507ca
 538000: system.cpu: T0 : 0x1f6cc    : c_beqz a4, 52              : IntAlu : 
 539000: system.cpu: T0 : 0x1f6ce    : lbu a4, -5(a3)             : MemRead :  D=0x0000000000000050 A=0x507cb
 539500: system.cpu: T0 : 0x1f6d2    : c_beqz a4, 54              : IntAlu : 
 540000: system.cpu: T0 : 0x1f6d4    : lbu a4, -4(a3)             : MemRead :  D=0x0000000000000041 A=0x507cc
 540500: system.cpu: T0 : 0x1f6d8    : c_beqz a4, 56              : IntAlu : 
 541500: system.cpu: T0 : 0x1f6da    : lbu a4, -3(a3)             : MemRead :  D=0x0000000000000054 A=0x507cd
 542000: system.cpu: T0 : 0x1f6de    : c_beqz a4, 58              : IntAlu : 
 542500: system.cpu: T0 : 0x1f6e0    : lbu a4, -2(a3)             : MemRead :  D=0x0000000000000048 A=0x507ce
 543000: system.cpu: T0 : 0x1f6e4    : c_beqz a4, 60              : IntAlu : 
 544000: system.cpu: T0 : 0x1f6e6    : lbu a4, -1(a3)             : MemRead :  D=0x0000000000000000 A=0x507cf
 544500: system.cpu: T0 : 0x1f6ea    : c_beqz a4, 6               : IntAlu : 
 545000: system.cpu: T0 : 0x1f6f0    : c_sub a5, a0               : IntAlu :  D=0x0000000000000008
 546000: system.cpu: T0 : 0x1f6f2    : addi a0, a5, 7             : IntAlu :  D=0x000000000000000f
 546500: system.cpu: T0 : 0x1f6f6    : c_jr ra                    : IntAlu : 
 547000: system.cpu: T0 : 0x1507c    : slli a5, s5, 8             : IntAlu :  D=0x0000000000004400
 547500: system.cpu: T0 : 0x15080    : or a5, s2, a5              : IntAlu :  D=0x000000000000444c
 548000: system.cpu: T0 : 0x15084    : slliw s2, a5, 16           : IntAlu :  D=0x00000000444c0000
 548500: system.cpu: T0 : 0x15088    : c_mv s3, a0                : IntAlu :  D=0x000000000000000f
 549500: system.cpu: T0 : 0x1508a    : sraiw s2, s2, 16           : IntAlu :  D=0x000000000000444c
 550500: system.cpu: T0 : 0x1508e    : addi s5, a0, -2            : IntAlu :  D=0x000000000000000d
 551000: system.cpu: T0 : 0x15092    : c_addi s4, 2               : IntAlu :  D=0x00000000000507c2
 551500: system.cpu: T0 : 0x15094    : c_beqz s0, -50             : IntAlu : 
 552000: system.cpu: T0 : 0x15062    : c_ldsp ra, 56(sp)          : MemRead :  D=0x00000000000231d6 A=0x7ffffffffffffd28
 552500: system.cpu: T0 : 0x15064    : c_mv a0, s0                : IntAlu :  D=0x0000000000000000
 553000: system.cpu: T0 : 0x15066    : c_ldsp s0, 48(sp)          : MemRead :  D=0x000000000006ef80 A=0x7ffffffffffffd20
 553500: system.cpu: T0 : 0x15068    : c_ldsp s1, 40(sp)          : MemRead :  D=0x000000000006feb8 A=0x7ffffffffffffd18
 554000: system.cpu: T0 : 0x1506a    : c_ldsp s2, 32(sp)          : MemRead :  D=0x0000000000073000 A=0x7ffffffffffffd10
 554500: system.cpu: T0 : 0x1506c    : c_ldsp s3, 24(sp)          : MemRead :  D=0x0000000000073000 A=0x7ffffffffffffd08
 555000: system.cpu: T0 : 0x1506e    : c_ldsp s4, 16(sp)          : MemRead :  D=0x0000000000070000 A=0x7ffffffffffffd00
 555500: system.cpu: T0 : 0x15070    : c_ldsp s5, 8(sp)           : MemRead :  D=0x0000000000073000 A=0x7ffffffffffffcf8
 556000: system.cpu: T0 : 0x15072    : c_ldsp s6, 0(sp)           : MemRead :  D=0x0000000000073000 A=0x7ffffffffffffcf0
 556500: system.cpu: T0 : 0x15074    : c_addi16sp sp, 64          : IntAlu :  D=0x7ffffffffffffd30
 557000: system.cpu: T0 : 0x15076    : c_jr ra                    : IntAlu : 
 558000: system.cpu: T0 : 0x231d6    : jal ra, 99838              : IntAlu :  D=0x00000000000231da
 558500: system.cpu: T0 : 0x3b7d4    : c_addi16sp sp, -64         : IntAlu :  D=0x7ffffffffffffcf0
 559000: system.cpu: T0 : 0x3b7d6    : c_sdsp ra, 56(sp)          : MemWrite :  D=0x00000000000231da A=0x7ffffffffffffd28
 559500: system.cpu: T0 : 0x3b7d8    : c_sdsp s0, 48(sp)          : MemWrite :  D=0x000000000006ef80 A=0x7ffffffffffffd20
 560000: system.cpu: T0 : 0x3b7da    : c_sdsp s2, 32(sp)          : MemWrite :  D=0x0000000000073000 A=0x7ffffffffffffd10
 560500: system.cpu: T0 : 0x3b7dc    : c_sdsp s3, 24(sp)          : MemWrite :  D=0x0000000000073000 A=0x7ffffffffffffd08
 561000: system.cpu: T0 : 0x3b7de    : c_addi4spn s0, sp, 64      : IntAlu :  D=0x7ffffffffffffd30
 561500: system.cpu: T0 : 0x3b7e0    : c_sdsp s1, 40(sp)          : MemWrite :  D=0x000000000006feb8 A=0x7ffffffffffffd18
 562000: system.cpu: T0 : 0x3b7e2    : c_sdsp s4, 16(sp)          : MemWrite :  D=0x0000000000070000 A=0x7ffffffffffffd00
 562500: system.cpu: T0 : 0x3b7e4    : c_sdsp s5, 8(sp)           : MemWrite :  D=0x0000000000073000 A=0x7ffffffffffffcf8
 563500: system.cpu: T0 : 0x3b7e6    : lui a5, 115                : IntAlu :  D=0x0000000000073000
 564500: system.cpu: T0 : 0x3b7ea    : ld a1, -1536(a5)           : MemRead :  D=0x0000000000000000 A=0x72a00
 565500: system.cpu: T0 : 0x3b7ee    : lui a5, 115                : IntAlu :  D=0x0000000000073000
 566000: system.cpu: T0 : 0x3b7f2    : c_mv s2, a0                : IntAlu :  D=0x0000000000000000
 566500: system.cpu: T0 : 0x3b7f4    : lui s3, 111                : IntAlu :  D=0x000000000006f000
 567000: system.cpu: T0 : 0x3b7f8    : ld a0, -1488(a5)           : MemRead :  D=0x0000000000000000 A=0x72a30
 567500: system.cpu: T0 : 0x3b7fc    : addi s3, s3, -64           : IntAlu :  D=0x000000000006efc0
 568000: system.cpu: T0 : 0x3b800    : addi a3, s3, 8             : IntAlu :  D=0x000000000006efc8
 568500: system.cpu: T0 : 0x3b804    : addi a2, s3, 16            : IntAlu :  D=0x000000000006efd0
 569000: system.cpu: T0 : 0x3b808    : jal ra, 9754               : IntAlu :  D=0x000000000003b80c
 569500: system.cpu: T0 : 0x3de22    : c_addi16sp sp, -192        : IntAlu :  D=0x7ffffffffffffc30
 570000: system.cpu: T0 : 0x3de24    : c_sdsp s0, 176(sp)         : MemWrite :  D=0x7ffffffffffffd30 A=0x7ffffffffffffce0
 570500: system.cpu: T0 : 0x3de26    : c_sdsp s3, 152(sp)         : MemWrite :  D=0x000000000006efc0 A=0x7ffffffffffffcc8
 571000: system.cpu: T0 : 0x3de28    : c_addi4spn s0, sp, 192     : IntAlu :  D=0x7ffffffffffffcf0
 571500: system.cpu: T0 : 0x3de2a    : c_sdsp s4, 144(sp)         : MemWrite :  D=0x0000000000070000 A=0x7ffffffffffffcc0
 572000: system.cpu: T0 : 0x3de2c    : c_sdsp s9, 104(sp)         : MemWrite :  D=0x0000000000000000 A=0x7ffffffffffffc98
 572500: system.cpu: T0 : 0x3de2e    : c_sdsp s11, 88(sp)         : MemWrite :  D=0x0000000000000000 A=0x7ffffffffffffc88
 573000: system.cpu: T0 : 0x3de30    : c_sdsp ra, 184(sp)         : MemWrite :  D=0x000000000003b80c A=0x7ffffffffffffce8
 573500: system.cpu: T0 : 0x3de32    : c_sdsp s1, 168(sp)         : MemWrite :  D=0x000000000006feb8 A=0x7ffffffffffffcd8
 574000: system.cpu: T0 : 0x3de34    : c_sdsp s2, 160(sp)         : MemWrite :  D=0x0000000000000000 A=0x7ffffffffffffcd0
 574500: system.cpu: T0 : 0x3de36    : c_sdsp s5, 136(sp)         : MemWrite :  D=0x0000000000073000 A=0x7ffffffffffffcb8
 575000: system.cpu: T0 : 0x3de38    : c_sdsp s6, 128(sp)         : MemWrite :  D=0x0000000000073000 A=0x7ffffffffffffcb0
 575500: system.cpu: T0 : 0x3de3a    : c_sdsp s7, 120(sp)         : MemWrite :  D=0x0000000000000000 A=0x7ffffffffffffca8
 576000: system.cpu: T0 : 0x3de3c    : c_sdsp s8, 112(sp)         : MemWrite :  D=0x0000000000000000 A=0x7ffffffffffffca0
 576500: system.cpu: T0 : 0x3de3e    : c_sdsp s10, 96(sp)         : MemWrite :  D=0x0000000000000000 A=0x7ffffffffffffc90
 577000: system.cpu: T0 : 0x3de40    : c_mv a5, a2                : IntAlu :  D=0x000000000006efd0
 577500: system.cpu: T0 : 0x3de42    : c_mv a4, a1                : IntAlu :  D=0x0000000000000000
 578000: system.cpu: T0 : 0x3de44    : c_mv s4, a0                : IntAlu :  D=0x0000000000000000
 578500: system.cpu: T0 : 0x3de46    : c_li a2, 0                 : IntAlu :  D=0x0000000000000000
 579000: system.cpu: T0 : 0x3de48    : addi a1, s0, -120          : IntAlu :  D=0x7ffffffffffffc78
 579500: system.cpu: T0 : 0x3de4c    : c_li a0, 8                 : IntAlu :  D=0x0000000000000008
 580500: system.cpu: T0 : 0x3de4e    : sd a5, -136(s0)            : MemWrite :  D=0x000000000006efd0 A=0x7ffffffffffffc68
 581500: system.cpu: T0 : 0x3de52    : sd a3, -160(s0)            : MemWrite :  D=0x000000000006efc8 A=0x7ffffffffffffc50
 582500: system.cpu: T0 : 0x3de56    : sd a4, -144(s0)            : MemWrite :  D=0x0000000000000000 A=0x7ffffffffffffc60
 583500: system.cpu: T0 : 0x3de5a    : jal ra, -111428            : IntAlu :  D=0x000000000003de5e
 584000: system.cpu: T0 : 0x22b16    : c_slli a0, 32              : IntAlu :  D=0x0000000800000000
 584500: system.cpu: T0 : 0x22b18    : c_srli a0, 32              : IntAlu :  D=0x0000000000000008
 585500: system.cpu: T0 : 0x22b1a    : slli a5, a0, 3             : IntAlu :  D=0x0000000000000040
 586000: system.cpu: T0 : 0x22b1e    : c_sub a5, a0               : IntAlu :  D=0x0000000000000038
 586500: system.cpu: T0 : 0x22b20    : lui a4, 111                : IntAlu :  D=0x000000000006f000
 587000: system.cpu: T0 : 0x22b24    : addi a4, a4, -1248         : IntAlu :  D=0x000000000006eb20
 587500: system.cpu: T0 : 0x22b28    : c_slli a5, 3               : IntAlu :  D=0x00000000000001c0
 588000: system.cpu: T0 : 0x22b2a    : c_add a5, a4               : IntAlu :  D=0x000000000006ece0
 588500: system.cpu: T0 : 0x22b2c    : c_lw a3, 8(a5)             : MemRead :  D=0x0000000000000001 A=0x6ece8
 589000: system.cpu: T0 : 0x22b2e    : c_li a6, 2                 : IntAlu :  D=0x0000000000000002
 589500: system.cpu: T0 : 0x22b30    : c_ld a5, 32(a5)            : MemRead :  D=0x0000000000000000 A=0x6ed00
 590500: system.cpu: T0 : 0x22b32    : bltu a6, a3, 42            : IntAlu : 
 591000: system.cpu: T0 : 0x22b36    : c_bnez a3, 38              : IntAlu : 
 591500: system.cpu: T0 : 0x22b5c    : c_sd a5, 0(a1)             : MemWrite :  D=0x0000000000000000 A=0x7ffffffffffffc78
 592000: system.cpu: T0 : 0x22b5e    : c_j -36                    : IntAlu : 
 593000: system.cpu: T0 : 0x22b3a    : slli a5, a0, 3             : IntAlu :  D=0x0000000000000040
 593500: system.cpu: T0 : 0x22b3e    : c_sub a5, a0               : IntAlu :  D=0x0000000000000038
 594000: system.cpu: T0 : 0x22b40    : c_slli a5, 3               : IntAlu :  D=0x00000000000001c0
 595000: system.cpu: T0 : 0x22b42    : add a3, a4, a5             : IntAlu :  D=0x000000000006ece0
 596000: system.cpu: T0 : 0x22b46    : lbu a3, 40(a3)             : MemRead :  D=0x0000000000000000 A=0x6ed08
 596500: system.cpu: T0 : 0x22b4a    : c_beqz a3, 16              : IntAlu : 
 597000: system.cpu: T0 : 0x22b5a    : c_jr ra                    : IntAlu : 
 598000: system.cpu: T0 : 0x3de5e    : ld s11, -120(s0)           : MemRead :  D=0x0000000000000000 A=0x7ffffffffffffc78
 599000: system.cpu: T0 : 0x3de62    : ld s9, -1328(gp)           : MemRead :  D=0x0000000000000000 A=0x70bb0
 600000: system.cpu: T0 : 0x3de66    : sltu a3, zero, s4          : IntAlu :  D=0x0000000000000000
 601000: system.cpu: T0 : 0x3de6a    : and s3, s9, s11            : IntAlu :  D=0x0000000000000000
 602000: system.cpu: T0 : 0x3de6e    : beq s3, zero, 1250         : IntAlu : 
 602500: system.cpu: T0 : 0x3e350    : addi s2, a3, 1             : IntAlu :  D=0x0000000000000001
 603000: system.cpu: T0 : 0x3e354    : c_j -1210                  : IntAlu : 
 604000: system.cpu: T0 : 0x3de9a    : lui a5, 115                : IntAlu :  D=0x0000000000073000
 605000: system.cpu: T0 : 0x3de9e    : ld s5, -1472(a5)           : MemRead :  D=0x0000000000000000 A=0x72a40
 606000: system.cpu: T0 : 0x3dea2    : beq s5, zero, 444          : IntAlu : 
 607000: system.cpu: T0 : 0x3e05e    : slli a5, s2, 4             : IntAlu :  D=0x0000000000000010
 608000: system.cpu: T0 : 0x3e062    : sub sp, sp, a5             : IntAlu :  D=0x7ffffffffffffc20
 608500: system.cpu: T0 : 0x3e066    : c_mv a3, sp                : IntAlu :  D=0x7ffffffffffffc20
 609000: system.cpu: T0 : 0x3e068    : c_mv s1, a3                : IntAlu :  D=0x7ffffffffffffc20
 609500: system.cpu: T0 : 0x3e06a    : c_li a1, 1                 : IntAlu :  D=0x0000000000000001
 610000: system.cpu: T0 : 0x3e06c    : c_li s9, 0                 : IntAlu :  D=0x0000000000000000
 611000: system.cpu: T0 : 0x3e06e    : bne s3, zero, -118         : IntAlu : 
 612000: system.cpu: T0 : 0x3e072    : beq s4, zero, 24           : IntAlu : 
 613000: system.cpu: T0 : 0x3e08a    : lui a5, 98                 : IntAlu :  D=0x0000000000062000
 614000: system.cpu: T0 : 0x3e08e    : addi a5, a5, 1712          : IntAlu :  D=0x00000000000626b0
 614500: system.cpu: T0 : 0x3e092    : c_sd a5, 0(a3)             : MemWrite :  D=0x00000000000626b0 A=0x7ffffffffffffc20
 615000: system.cpu: T0 : 0x3e094    : c_li a5, 3                 : IntAlu :  D=0x0000000000000003
 615500: system.cpu: T0 : 0x3e096    : c_sd a5, 8(a3)             : MemWrite :  D=0x0000000000000003 A=0x7ffffffffffffc28
 616000: system.cpu: T0 : 0x3e098    : bne s2, a1, 706            : IntAlu : 
 616500: system.cpu: T0 : 0x3e09c    : c_li a5, 1                 : IntAlu :  D=0x0000000000000001
 617500: system.cpu: T0 : 0x3e09e    : ld s9, 8(s1)               : MemRead :  D=0x0000000000000003 A=0x7ffffffffffffc28
 618500: system.cpu: T0 : 0x3e0a2    : beq s2, a5, 542            : IntAlu : 
 619000: system.cpu: T0 : 0x3e2c0    : ld a5, -136(s0)            : MemRead :  D=0x000000000006efd0 A=0x7ffffffffffffc68
 619500: system.cpu: T0 : 0x3e2c4    : c_li s2, 2                 : IntAlu :  D=0x0000000000000002
 620500: system.cpu: T0 : 0x3e2c6    : addi a0, s9, 33            : IntAlu :  D=0x0000000000000024
 621500: system.cpu: T0 : 0x3e2ca    : sd s2, 0(a5)               : MemWrite :  D=0x0000000000000002 A=0x6efd0
 622500: system.cpu: T0 : 0x3e2ce    : jal ra, -131280            : IntAlu :  D=0x000000000003e2d2
 623500: system.cpu: T0 : 0x1e1fe    : ld t1, -1848(gp)           : MemRead :  D=0x000000000001e3fc A=0x709a8
 624500: system.cpu: T0 : 0x1e202    : bne t1, zero, 260          : IntAlu : 
 625000: system.cpu: T0 : 0x1e306    : c_mv a1, ra                : IntAlu :  D=0x000000000003e2d2
 625500: system.cpu: T0 : 0x1e308    : c_jr t1                    : IntAlu : 
 626000: system.cpu: T0 : 0x1e3fc    : lw a5, -1876(gp)           : MemRead :  D=0xffffffffffffffff A=0x7098c
 626500: system.cpu: T0 : 0x1e400    : sd zero, -1848(gp)         : MemWrite :  D=0x0000000000000000 A=0x709a8
 627000: system.cpu: T0 : 0x1e404    : blt a5, zero, 6            : IntAlu : 
 627500: system.cpu: T0 : 0x1e40a    : c_addi sp, -32             : IntAlu :  D=0x7ffffffffffffc00
 628000: system.cpu: T0 : 0x1e40c    : c_sdsp ra, 24(sp)          : MemWrite :  D=0x000000000003e2d2 A=0x7ffffffffffffc18
 628500: system.cpu: T0 : 0x1e40e    : c_sdsp a0, 8(sp)           : MemWrite :  D=0x0000000000000024 A=0x7ffffffffffffc08
 629000: system.cpu: T0 : 0x1e410    : jal ra, -11964             : IntAlu :  D=0x000000000001e414
 629500: system.cpu: T0 : 0x1b554    : c_addi16sp sp, -48         : IntAlu :  D=0x7ffffffffffffbd0
 630000: system.cpu: T0 : 0x1b556    : c_sdsp s1, 24(sp)          : MemWrite :  D=0x7ffffffffffffc20 A=0x7ffffffffffffbe8
 630500: system.cpu: T0 : 0x1b558    : lui s1, 111                : IntAlu :  D=0x000000000006f000
 631000: system.cpu: T0 : 0x1b55c    : ld a3, -1264(s1)           : MemRead :  D=0x6e776f442f2e2e00 A=0x6eb10
 631500: system.cpu: T0 : 0x1b560    : lui a0, 111                : IntAlu :  D=0x000000000006f000
 632000: system.cpu: T0 : 0x1b564    : addi a4, a0, 1568          : IntAlu :  D=0x000000000006f620
 632500: system.cpu: T0 : 0x1b568    : c_sdsp ra, 40(sp)          : MemWrite :  D=0x000000000001e414 A=0x7ffffffffffffbf8
 633000: system.cpu: T0 : 0x1b56a    : c_sdsp s0, 32(sp)          : MemWrite :  D=0x7ffffffffffffcf0 A=0x7ffffffffffffbf0
 633500: system.cpu: T0 : 0x1b56c    : addi a0, a0, 1568          : IntAlu :  D=0x000000000006f620
 634000: system.cpu: T0 : 0x1b570    : sd a4, 56(tp)              : MemWrite :  D=0x000000000006f620 A=0x73748
 634500: system.cpu: T0 : 0x1b574    : c_sdsp a3, 8(sp)           : MemWrite :  D=0x6e776f442f2e2e00 A=0x7ffffffffffffbd8
 635500: system.cpu: T0 : 0x1b576    : sw zero, -1876(gp)         : MemWrite :  D=0x0000000000000000 A=0x7098c
 636500: system.cpu: T0 : 0x1b57a    : jal ra, -1026              : IntAlu :  D=0x000000000001b57e
 637000: system.cpu: T0 : 0x1b178    : c_lui a4, 1                : IntAlu :  D=0x0000000000001000
 638000: system.cpu: T0 : 0x1b17a    : addi a3, a0, 96            : IntAlu :  D=0x000000000006f680
 639000: system.cpu: T0 : 0x1b17e    : addi a4, a4, -1968         : IntAlu :  D=0x0000000000000850
 639500: system.cpu: T0 : 0x1b182    : c_mv a5, a3                : IntAlu :  D=0x000000000006f680
 640000: system.cpu: T0 : 0x1b184    : c_add a4, a0               : IntAlu :  D=0x000000000006fe70
 640500: system.cpu: T0 : 0x1b186    : c_sd a5, 24(a5)            : MemWrite :  D=0x000000000006f680 A=0x6f698
 641000: system.cpu: T0 : 0x1b188    : c_sd a5, 16(a5)            : MemWrite :  D=0x000000000006f680 A=0x6f690
 641500: system.cpu: T0 : 0x1b18a    : c_addi a5, 16              : IntAlu :  D=0x000000000006f690
 642000: system.cpu: T0 : 0x1b18c    : bne a4, a5, -6             : IntAlu : 
 642500: system.cpu: T0 : 0x1b186    : c_sd a5, 24(a5)            : MemWrite :  D=0x000000000006f690 A=0x6f6a8
 643000: system.cpu: T0 : 0x1b188    : c_sd a5, 16(a5)            : MemWrite :  D=0x000000000006f690 A=0x6f6a0
 643500: system.cpu: T0 : 0x1b18a    : c_addi a5, 16              : IntAlu :  D=0x000000000006f6a0
 644000: system.cpu: T0 : 0x1b18c    : bne a4, a5, -6             : IntAlu : 
 644500: system.cpu: T0 : 0x1b186    : c_sd a5, 24(a5)            : MemWrite :  D=0x000000000006f6a0 A=0x6f6b8
 645000: system.cpu: T0 : 0x1b188    : c_sd a5, 16(a5)            : MemWrite :  D=0x000000000006f6a0 A=0x6f6b0
 645500: system.cpu: T0 : 0x1b18a    : c_addi a5, 16              : IntAlu :  D=0x000000000006f6b0
 646000: system.cpu: T0 : 0x1b18c    : bne a4, a5, -6             : IntAlu : 
 646500: system.cpu: T0 : 0x1b186    : c_sd a5, 24(a5)            : MemWrite :  D=0x000000000006f6b0 A=0x6f6c8
 647000: system.cpu: T0 : 0x1b188    : c_sd a5, 16(a5)            : MemWrite :  D=0x000000000006f6b0 A=0x6f6c0
 647500: system.cpu: T0 : 0x1b18a    : c_addi a5, 16              : IntAlu :  D=0x000000000006f6c0
 648000: system.cpu: T0 : 0x1b18c    : bne a4, a5, -6             : IntAlu : 
 648500: system.cpu: T0 : 0x1b186    : c_sd a5, 24(a5)            : MemWrite :  D=0x000000000006f6c0 A=0x6f6d8
 649000: system.cpu: T0 : 0x1b188    : c_sd a5, 16(a5)            : MemWrite :  D=0x000000000006f6c0 A=0x6f6d0
 649500: system.cpu: T0 : 0x1b18a    : c_addi a5, 16              : IntAlu :  D=0x000000000006f6d0
 650000: system.cpu: T0 : 0x1b18c    : bne a4, a5, -6             : IntAlu : 
 650500: system.cpu: T0 : 0x1b186    : c_sd a5, 24(a5)            : MemWrite :  D=0x000000000006f6d0 A=0x6f6e8
 651000: system.cpu: T0 : 0x1b188    : c_sd a5, 16(a5)            : MemWrite :  D=0x000000000006f6d0 A=0x6f6e0
 651500: system.cpu: T0 : 0x1b18a    : c_addi a5, 16              : IntAlu :  D=0x000000000006f6e0
 652000: system.cpu: T0 : 0x1b18c    : bne a4, a5, -6             : IntAlu : 
 652500: system.cpu: T0 : 0x1b186    : c_sd a5, 24(a5)            : MemWrite :  D=0x000000000006f6e0 A=0x6f6f8
 653000: system.cpu: T0 : 0x1b188    : c_sd a5, 16(a5)            : MemWrite :  D=0x000000000006f6e0 A=0x6f6f0
 653500: system.cpu: T0 : 0x1b18a    : c_addi a5, 16              : IntAlu :  D=0x000000000006f6f0
 654000: system.cpu: T0 : 0x1b18c    : bne a4, a5, -6             : IntAlu : 
 654500: system.cpu: T0 : 0x1b186    : c_sd a5, 24(a5)            : MemWrite :  D=0x000000000006f6f0 A=0x6f708
 655000: system.cpu: T0 : 0x1b188    : c_sd a5, 16(a5)            : MemWrite :  D=0x000000000006f6f0 A=0x6f700
 655500: system.cpu: T0 : 0x1b18a    : c_addi a5, 16              : IntAlu :  D=0x000000000006f700
 656000: system.cpu: T0 : 0x1b18c    : bne a4, a5, -6             : IntAlu : 
 656500: system.cpu: T0 : 0x1b186    : c_sd a5, 24(a5)            : MemWrite :  D=0x000000000006f700 A=0x6f718
 657000: system.cpu: T0 : 0x1b188    : c_sd a5, 16(a5)            : MemWrite :  D=0x000000000006f700 A=0x6f710
 657500: system.cpu: T0 : 0x1b18a    : c_addi a5, 16              : IntAlu :  D=0x000000000006f710
 658000: system.cpu: T0 : 0x1b18c    : bne a4, a5, -6             : IntAlu : 
 658500: system.cpu: T0 : 0x1b186    : c_sd a5, 24(a5)            : MemWrite :  D=0x000000000006f710 A=0x6f728
 659000: system.cpu: T0 : 0x1b188    : c_sd a5, 16(a5)            : MemWrite :  D=0x000000000006f710 A=0x6f720
 659500: system.cpu: T0 : 0x1b18a    : c_addi a5, 16              : IntAlu :  D=0x000000000006f720
 660000: system.cpu: T0 : 0x1b18c    : bne a4, a5, -6             : IntAlu : 
 660500: system.cpu: T0 : 0x1b186    : c_sd a5, 24(a5)            : MemWrite :  D=0x000000000006f720 A=0x6f738
 661000: system.cpu: T0 : 0x1b188    : c_sd a5, 16(a5)            : MemWrite :  D=0x000000000006f720 A=0x6f730
 661500: system.cpu: T0 : 0x1b18a    : c_addi a5, 16              : IntAlu :  D=0x000000000006f730
 662000: system.cpu: T0 : 0x1b18c    : bne a4, a5, -6             : IntAlu : 
 662500: system.cpu: T0 : 0x1b186    : c_sd a5, 24(a5)            : MemWrite :  D=0x000000000006f730 A=0x6f748
 663000: system.cpu: T0 : 0x1b188    : c_sd a5, 16(a5)            : MemWrite :  D=0x000000000006f730 A=0x6f740
 663500: system.cpu: T0 : 0x1b18a    : c_addi a5, 16              : IntAlu :  D=0x000000000006f740
 664000: system.cpu: T0 : 0x1b18c    : bne a4, a5, -6             : IntAlu : 
 664500: system.cpu: T0 : 0x1b186    : c_sd a5, 24(a5)            : MemWrite :  D=0x000000000006f740 A=0x6f758
 665000: system.cpu: T0 : 0x1b188    : c_sd a5, 16(a5)            : MemWrite :  D=0x000000000006f740 A=0x6f750
 665500: system.cpu: T0 : 0x1b18a    : c_addi a5, 16              : IntAlu :  D=0x000000000006f750
 666000: system.cpu: T0 : 0x1b18c    : bne a4, a5, -6             : IntAlu : 
 666500: system.cpu: T0 : 0x1b186    : c_sd a5, 24(a5)            : MemWrite :  D=0x000000000006f750 A=0x6f768
 667000: system.cpu: T0 : 0x1b188    : c_sd a5, 16(a5)            : MemWrite :  D=0x000000000006f750 A=0x6f760
 667500: system.cpu: T0 : 0x1b18a    : c_addi a5, 16              : IntAlu :  D=0x000000000006f760
 668000: system.cpu: T0 : 0x1b18c    : bne a4, a5, -6             : IntAlu : 
 668500: system.cpu: T0 : 0x1b186    : c_sd a5, 24(a5)            : MemWrite :  D=0x000000000006f760 A=0x6f778
 669000: system.cpu: T0 : 0x1b188    : c_sd a5, 16(a5)            : MemWrite :  D=0x000000000006f760 A=0x6f770
 669500: system.cpu: T0 : 0x1b18a    : c_addi a5, 16              : IntAlu :  D=0x000000000006f770
 670000: system.cpu: T0 : 0x1b18c    : bne a4, a5, -6             : IntAlu : 
 670500: system.cpu: T0 : 0x1b186    : c_sd a5, 24(a5)            : MemWrite :  D=0x000000000006f770 A=0x6f788
 671000: system.cpu: T0 : 0x1b188    : c_sd a5, 16(a5)            : MemWrite :  D=0x000000000006f770 A=0x6f780
 671500: system.cpu: T0 : 0x1b18a    : c_addi a5, 16              : IntAlu :  D=0x000000000006f780
 672000: system.cpu: T0 : 0x1b18c    : bne a4, a5, -6             : IntAlu : 
 672500: system.cpu: T0 : 0x1b186    : c_sd a5, 24(a5)            : MemWrite :  D=0x000000000006f780 A=0x6f798
 673000: system.cpu: T0 : 0x1b188    : c_sd a5, 16(a5)            : MemWrite :  D=0x000000000006f780 A=0x6f790
 673500: system.cpu: T0 : 0x1b18a    : c_addi a5, 16              : IntAlu :  D=0x000000000006f790
 674000: system.cpu: T0 : 0x1b18c    : bne a4, a5, -6             : IntAlu : 
 674500: system.cpu: T0 : 0x1b186    : c_sd a5, 24(a5)            : MemWrite :  D=0x000000000006f790 A=0x6f7a8
 675000: system.cpu: T0 : 0x1b188    : c_sd a5, 16(a5)            : MemWrite :  D=0x000000000006f790 A=0x6f7a0
 675500: system.cpu: T0 : 0x1b18a    : c_addi a5, 16              : IntAlu :  D=0x000000000006f7a0
 676000: system.cpu: T0 : 0x1b18c    : bne a4, a5, -6             : IntAlu : 
 676500: system.cpu: T0 : 0x1b186    : c_sd a5, 24(a5)            : MemWrite :  D=0x000000000006f7a0 A=0x6f7b8
 677000: system.cpu: T0 : 0x1b188    : c_sd a5, 16(a5)            : MemWrite :  D=0x000000000006f7a0 A=0x6f7b0
 677500: system.cpu: T0 : 0x1b18a    : c_addi a5, 16              : IntAlu :  D=0x000000000006f7b0
 678000: system.cpu: T0 : 0x1b18c    : bne a4, a5, -6             : IntAlu : 
 678500: system.cpu: T0 : 0x1b186    : c_sd a5, 24(a5)            : MemWrite :  D=0x000000000006f7b0 A=0x6f7c8
 679000: system.cpu: T0 : 0x1b188    : c_sd a5, 16(a5)            : MemWrite :  D=0x000000000006f7b0 A=0x6f7c0
 679500: system.cpu: T0 : 0x1b18a    : c_addi a5, 16              : IntAlu :  D=0x000000000006f7c0
 680000: system.cpu: T0 : 0x1b18c    : bne a4, a5, -6             : IntAlu : 
 680500: system.cpu: T0 : 0x1b186    : c_sd a5, 24(a5)            : MemWrite :  D=0x000000000006f7c0 A=0x6f7d8
 681000: system.cpu: T0 : 0x1b188    : c_sd a5, 16(a5)            : MemWrite :  D=0x000000000006f7c0 A=0x6f7d0
 681500: system.cpu: T0 : 0x1b18a    : c_addi a5, 16              : IntAlu :  D=0x000000000006f7d0
 682000: system.cpu: T0 : 0x1b18c    : bne a4, a5, -6             : IntAlu : 
 682500: system.cpu: T0 : 0x1b186    : c_sd a5, 24(a5)            : MemWrite :  D=0x000000000006f7d0 A=0x6f7e8
 683000: system.cpu: T0 : 0x1b188    : c_sd a5, 16(a5)            : MemWrite :  D=0x000000000006f7d0 A=0x6f7e0
 683500: system.cpu: T0 : 0x1b18a    : c_addi a5, 16              : IntAlu :  D=0x000000000006f7e0
 684000: system.cpu: T0 : 0x1b18c    : bne a4, a5, -6             : IntAlu : 
 684500: system.cpu: T0 : 0x1b186    : c_sd a5, 24(a5)            : MemWrite :  D=0x000000000006f7e0 A=0x6f7f8
 685000: system.cpu: T0 : 0x1b188    : c_sd a5, 16(a5)            : MemWrite :  D=0x000000000006f7e0 A=0x6f7f0
 685500: system.cpu: T0 : 0x1b18a    : c_addi a5, 16              : IntAlu :  D=0x000000000006f7f0
 686000: system.cpu: T0 : 0x1b18c    : bne a4, a5, -6             : IntAlu : 
 686500: system.cpu: T0 : 0x1b186    : c_sd a5, 24(a5)            : MemWrite :  D=0x000000000006f7f0 A=0x6f808
 687000: system.cpu: T0 : 0x1b188    : c_sd a5, 16(a5)            : MemWrite :  D=0x000000000006f7f0 A=0x6f800
 687500: system.cpu: T0 : 0x1b18a    : c_addi a5, 16              : IntAlu :  D=0x000000000006f800
 688000: system.cpu: T0 : 0x1b18c    : bne a4, a5, -6             : IntAlu : 
 688500: system.cpu: T0 : 0x1b186    : c_sd a5, 24(a5)            : MemWrite :  D=0x000000000006f800 A=0x6f818
 689000: system.cpu: T0 : 0x1b188    : c_sd a5, 16(a5)            : MemWrite :  D=0x000000000006f800 A=0x6f810
 689500: system.cpu: T0 : 0x1b18a    : c_addi a5, 16              : IntAlu :  D=0x000000000006f810
 690000: system.cpu: T0 : 0x1b18c    : bne a4, a5, -6             : IntAlu : 
 690500: system.cpu: T0 : 0x1b186    : c_sd a5, 24(a5)            : MemWrite :  D=0x000000000006f810 A=0x6f828
 691000: system.cpu: T0 : 0x1b188    : c_sd a5, 16(a5)            : MemWrite :  D=0x000000000006f810 A=0x6f820
 691500: system.cpu: T0 : 0x1b18a    : c_addi a5, 16              : IntAlu :  D=0x000000000006f820
 692000: system.cpu: T0 : 0x1b18c    : bne a4, a5, -6             : IntAlu : 
 692500: system.cpu: T0 : 0x1b186    : c_sd a5, 24(a5)            : MemWrite :  D=0x000000000006f820 A=0x6f838
 693000: system.cpu: T0 : 0x1b188    : c_sd a5, 16(a5)            : MemWrite :  D=0x000000000006f820 A=0x6f830
 693500: system.cpu: T0 : 0x1b18a    : c_addi a5, 16              : IntAlu :  D=0x000000000006f830
 694000: system.cpu: T0 : 0x1b18c    : bne a4, a5, -6             : IntAlu : 
 694500: system.cpu: T0 : 0x1b186    : c_sd a5, 24(a5)            : MemWrite :  D=0x000000000006f830 A=0x6f848
 695000: system.cpu: T0 : 0x1b188    : c_sd a5, 16(a5)            : MemWrite :  D=0x000000000006f830 A=0x6f840
 695500: system.cpu: T0 : 0x1b18a    : c_addi a5, 16              : IntAlu :  D=0x000000000006f840
 696000: system.cpu: T0 : 0x1b18c    : bne a4, a5, -6             : IntAlu : 
 696500: system.cpu: T0 : 0x1b186    : c_sd a5, 24(a5)            : MemWrite :  D=0x000000000006f840 A=0x6f858
 697000: system.cpu: T0 : 0x1b188    : c_sd a5, 16(a5)            : MemWrite :  D=0x000000000006f840 A=0x6f850
 697500: system.cpu: T0 : 0x1b18a    : c_addi a5, 16              : IntAlu :  D=0x000000000006f850
 698000: system.cpu: T0 : 0x1b18c    : bne a4, a5, -6             : IntAlu : 
 698500: system.cpu: T0 : 0x1b186    : c_sd a5, 24(a5)            : MemWrite :  D=0x000000000006f850 A=0x6f868
 699000: system.cpu: T0 : 0x1b188    : c_sd a5, 16(a5)            : MemWrite :  D=0x000000000006f850 A=0x6f860
 699500: system.cpu: T0 : 0x1b18a    : c_addi a5, 16              : IntAlu :  D=0x000000000006f860
 700000: system.cpu: T0 : 0x1b18c    : bne a4, a5, -6             : IntAlu : 
 700500: system.cpu: T0 : 0x1b186    : c_sd a5, 24(a5)            : MemWrite :  D=0x000000000006f860 A=0x6f878
 701000: system.cpu: T0 : 0x1b188    : c_sd a5, 16(a5)            : MemWrite :  D=0x000000000006f860 A=0x6f870
 701500: system.cpu: T0 : 0x1b18a    : c_addi a5, 16              : IntAlu :  D=0x000000000006f870
 702000: system.cpu: T0 : 0x1b18c    : bne a4, a5, -6             : IntAlu : 
 702500: system.cpu: T0 : 0x1b186    : c_sd a5, 24(a5)            : MemWrite :  D=0x000000000006f870 A=0x6f888
 703000: system.cpu: T0 : 0x1b188    : c_sd a5, 16(a5)            : MemWrite :  D=0x000000000006f870 A=0x6f880
 703500: system.cpu: T0 : 0x1b18a    : c_addi a5, 16              : IntAlu :  D=0x000000000006f880
 704000: system.cpu: T0 : 0x1b18c    : bne a4, a5, -6             : IntAlu : 
 704500: system.cpu: T0 : 0x1b186    : c_sd a5, 24(a5)            : MemWrite :  D=0x000000000006f880 A=0x6f898
 705000: system.cpu: T0 : 0x1b188    : c_sd a5, 16(a5)            : MemWrite :  D=0x000000000006f880 A=0x6f890
 705500: system.cpu: T0 : 0x1b18a    : c_addi a5, 16              : IntAlu :  D=0x000000000006f890
 706000: system.cpu: T0 : 0x1b18c    : bne a4, a5, -6             : IntAlu : 
 706500: system.cpu: T0 : 0x1b186    : c_sd a5, 24(a5)            : MemWrite :  D=0x000000000006f890 A=0x6f8a8
 707000: system.cpu: T0 : 0x1b188    : c_sd a5, 16(a5)            : MemWrite :  D=0x000000000006f890 A=0x6f8a0
 707500: system.cpu: T0 : 0x1b18a    : c_addi a5, 16              : IntAlu :  D=0x000000000006f8a0
 708000: system.cpu: T0 : 0x1b18c    : bne a4, a5, -6             : IntAlu : 
 708500: system.cpu: T0 : 0x1b186    : c_sd a5, 24(a5)            : MemWrite :  D=0x000000000006f8a0 A=0x6f8b8
 709000: system.cpu: T0 : 0x1b188    : c_sd a5, 16(a5)            : MemWrite :  D=0x000000000006f8a0 A=0x6f8b0
 709500: system.cpu: T0 : 0x1b18a    : c_addi a5, 16              : IntAlu :  D=0x000000000006f8b0
 710000: system.cpu: T0 : 0x1b18c    : bne a4, a5, -6             : IntAlu : 
 710500: system.cpu: T0 : 0x1b186    : c_sd a5, 24(a5)            : MemWrite :  D=0x000000000006f8b0 A=0x6f8c8
 711000: system.cpu: T0 : 0x1b188    : c_sd a5, 16(a5)            : MemWrite :  D=0x000000000006f8b0 A=0x6f8c0
 711500: system.cpu: T0 : 0x1b18a    : c_addi a5, 16              : IntAlu :  D=0x000000000006f8c0
 712000: system.cpu: T0 : 0x1b18c    : bne a4, a5, -6             : IntAlu : 
 712500: system.cpu: T0 : 0x1b186    : c_sd a5, 24(a5)            : MemWrite :  D=0x000000000006f8c0 A=0x6f8d8
 713000: system.cpu: T0 : 0x1b188    : c_sd a5, 16(a5)            : MemWrite :  D=0x000000000006f8c0 A=0x6f8d0
 713500: system.cpu: T0 : 0x1b18a    : c_addi a5, 16              : IntAlu :  D=0x000000000006f8d0
 714000: system.cpu: T0 : 0x1b18c    : bne a4, a5, -6             : IntAlu : 
 714500: system.cpu: T0 : 0x1b186    : c_sd a5, 24(a5)            : MemWrite :  D=0x000000000006f8d0 A=0x6f8e8
 715000: system.cpu: T0 : 0x1b188    : c_sd a5, 16(a5)            : MemWrite :  D=0x000000000006f8d0 A=0x6f8e0
 715500: system.cpu: T0 : 0x1b18a    : c_addi a5, 16              : IntAlu :  D=0x000000000006f8e0
 716000: system.cpu: T0 : 0x1b18c    : bne a4, a5, -6             : IntAlu : 
 716500: system.cpu: T0 : 0x1b186    : c_sd a5, 24(a5)            : MemWrite :  D=0x000000000006f8e0 A=0x6f8f8
 717000: system.cpu: T0 : 0x1b188    : c_sd a5, 16(a5)            : MemWrite :  D=0x000000000006f8e0 A=0x6f8f0
 717500: system.cpu: T0 : 0x1b18a    : c_addi a5, 16              : IntAlu :  D=0x000000000006f8f0
 718000: system.cpu: T0 : 0x1b18c    : bne a4, a5, -6             : IntAlu : 
 718500: system.cpu: T0 : 0x1b186    : c_sd a5, 24(a5)            : MemWrite :  D=0x000000000006f8f0 A=0x6f908
 719000: system.cpu: T0 : 0x1b188    : c_sd a5, 16(a5)            : MemWrite :  D=0x000000000006f8f0 A=0x6f900
 719500: system.cpu: T0 : 0x1b18a    : c_addi a5, 16              : IntAlu :  D=0x000000000006f900
 720000: system.cpu: T0 : 0x1b18c    : bne a4, a5, -6             : IntAlu : 
 720500: system.cpu: T0 : 0x1b186    : c_sd a5, 24(a5)            : MemWrite :  D=0x000000000006f900 A=0x6f918
 721000: system.cpu: T0 : 0x1b188    : c_sd a5, 16(a5)            : MemWrite :  D=0x000000000006f900 A=0x6f910
 721500: system.cpu: T0 : 0x1b18a    : c_addi a5, 16              : IntAlu :  D=0x000000000006f910
 722000: system.cpu: T0 : 0x1b18c    : bne a4, a5, -6             : IntAlu : 
 722500: system.cpu: T0 : 0x1b186    : c_sd a5, 24(a5)            : MemWrite :  D=0x000000000006f910 A=0x6f928
 723000: system.cpu: T0 : 0x1b188    : c_sd a5, 16(a5)            : MemWrite :  D=0x000000000006f910 A=0x6f920
 723500: system.cpu: T0 : 0x1b18a    : c_addi a5, 16              : IntAlu :  D=0x000000000006f920
 724000: system.cpu: T0 : 0x1b18c    : bne a4, a5, -6             : IntAlu : 
 724500: system.cpu: T0 : 0x1b186    : c_sd a5, 24(a5)            : MemWrite :  D=0x000000000006f920 A=0x6f938
 725000: system.cpu: T0 : 0x1b188    : c_sd a5, 16(a5)            : MemWrite :  D=0x000000000006f920 A=0x6f930
 725500: system.cpu: T0 : 0x1b18a    : c_addi a5, 16              : IntAlu :  D=0x000000000006f930
 726000: system.cpu: T0 : 0x1b18c    : bne a4, a5, -6             : IntAlu : 
 726500: system.cpu: T0 : 0x1b186    : c_sd a5, 24(a5)            : MemWrite :  D=0x000000000006f930 A=0x6f948
 727000: system.cpu: T0 : 0x1b188    : c_sd a5, 16(a5)            : MemWrite :  D=0x000000000006f930 A=0x6f940
 727500: system.cpu: T0 : 0x1b18a    : c_addi a5, 16              : IntAlu :  D=0x000000000006f940
 728000: system.cpu: T0 : 0x1b18c    : bne a4, a5, -6             : IntAlu : 
 728500: system.cpu: T0 : 0x1b186    : c_sd a5, 24(a5)            : MemWrite :  D=0x000000000006f940 A=0x6f958
 729000: system.cpu: T0 : 0x1b188    : c_sd a5, 16(a5)            : MemWrite :  D=0x000000000006f940 A=0x6f950
 729500: system.cpu: T0 : 0x1b18a    : c_addi a5, 16              : IntAlu :  D=0x000000000006f950
 730000: system.cpu: T0 : 0x1b18c    : bne a4, a5, -6             : IntAlu : 
 730500: system.cpu: T0 : 0x1b186    : c_sd a5, 24(a5)            : MemWrite :  D=0x000000000006f950 A=0x6f968
 731000: system.cpu: T0 : 0x1b188    : c_sd a5, 16(a5)            : MemWrite :  D=0x000000000006f950 A=0x6f960
 731500: system.cpu: T0 : 0x1b18a    : c_addi a5, 16              : IntAlu :  D=0x000000000006f960
 732000: system.cpu: T0 : 0x1b18c    : bne a4, a5, -6             : IntAlu : 
 732500: system.cpu: T0 : 0x1b186    : c_sd a5, 24(a5)            : MemWrite :  D=0x000000000006f960 A=0x6f978
 733000: system.cpu: T0 : 0x1b188    : c_sd a5, 16(a5)            : MemWrite :  D=0x000000000006f960 A=0x6f970
 733500: system.cpu: T0 : 0x1b18a    : c_addi a5, 16              : IntAlu :  D=0x000000000006f970
 734000: system.cpu: T0 : 0x1b18c    : bne a4, a5, -6             : IntAlu : 
 734500: system.cpu: T0 : 0x1b186    : c_sd a5, 24(a5)            : MemWrite :  D=0x000000000006f970 A=0x6f988
 735000: system.cpu: T0 : 0x1b188    : c_sd a5, 16(a5)            : MemWrite :  D=0x000000000006f970 A=0x6f980
 735500: system.cpu: T0 : 0x1b18a    : c_addi a5, 16              : IntAlu :  D=0x000000000006f980
 736000: system.cpu: T0 : 0x1b18c    : bne a4, a5, -6             : IntAlu : 
 736500: system.cpu: T0 : 0x1b186    : c_sd a5, 24(a5)            : MemWrite :  D=0x000000000006f980 A=0x6f998
 737000: system.cpu: T0 : 0x1b188    : c_sd a5, 16(a5)            : MemWrite :  D=0x000000000006f980 A=0x6f990
 737500: system.cpu: T0 : 0x1b18a    : c_addi a5, 16              : IntAlu :  D=0x000000000006f990
 738000: system.cpu: T0 : 0x1b18c    : bne a4, a5, -6             : IntAlu : 
 738500: system.cpu: T0 : 0x1b186    : c_sd a5, 24(a5)            : MemWrite :  D=0x000000000006f990 A=0x6f9a8
 739000: system.cpu: T0 : 0x1b188    : c_sd a5, 16(a5)            : MemWrite :  D=0x000000000006f990 A=0x6f9a0
 739500: system.cpu: T0 : 0x1b18a    : c_addi a5, 16              : IntAlu :  D=0x000000000006f9a0
 740000: system.cpu: T0 : 0x1b18c    : bne a4, a5, -6             : IntAlu : 
 740500: system.cpu: T0 : 0x1b186    : c_sd a5, 24(a5)            : MemWrite :  D=0x000000000006f9a0 A=0x6f9b8
 741000: system.cpu: T0 : 0x1b188    : c_sd a5, 16(a5)            : MemWrite :  D=0x000000000006f9a0 A=0x6f9b0
 741500: system.cpu: T0 : 0x1b18a    : c_addi a5, 16              : IntAlu :  D=0x000000000006f9b0
 742000: system.cpu: T0 : 0x1b18c    : bne a4, a5, -6             : IntAlu : 
 742500: system.cpu: T0 : 0x1b186    : c_sd a5, 24(a5)            : MemWrite :  D=0x000000000006f9b0 A=0x6f9c8
 743000: system.cpu: T0 : 0x1b188    : c_sd a5, 16(a5)            : MemWrite :  D=0x000000000006f9b0 A=0x6f9c0
 743500: system.cpu: T0 : 0x1b18a    : c_addi a5, 16              : IntAlu :  D=0x000000000006f9c0
 744000: system.cpu: T0 : 0x1b18c    : bne a4, a5, -6             : IntAlu : 
 744500: system.cpu: T0 : 0x1b186    : c_sd a5, 24(a5)            : MemWrite :  D=0x000000000006f9c0 A=0x6f9d8
 745000: system.cpu: T0 : 0x1b188    : c_sd a5, 16(a5)            : MemWrite :  D=0x000000000006f9c0 A=0x6f9d0
 745500: system.cpu: T0 : 0x1b18a    : c_addi a5, 16              : IntAlu :  D=0x000000000006f9d0
 746000: system.cpu: T0 : 0x1b18c    : bne a4, a5, -6             : IntAlu : 
 746500: system.cpu: T0 : 0x1b186    : c_sd a5, 24(a5)            : MemWrite :  D=0x000000000006f9d0 A=0x6f9e8
 747000: system.cpu: T0 : 0x1b188    : c_sd a5, 16(a5)            : MemWrite :  D=0x000000000006f9d0 A=0x6f9e0
 747500: system.cpu: T0 : 0x1b18a    : c_addi a5, 16              : IntAlu :  D=0x000000000006f9e0
 748000: system.cpu: T0 : 0x1b18c    : bne a4, a5, -6             : IntAlu : 
 748500: system.cpu: T0 : 0x1b186    : c_sd a5, 24(a5)            : MemWrite :  D=0x000000000006f9e0 A=0x6f9f8
 749000: system.cpu: T0 : 0x1b188    : c_sd a5, 16(a5)            : MemWrite :  D=0x000000000006f9e0 A=0x6f9f0
 749500: system.cpu: T0 : 0x1b18a    : c_addi a5, 16              : IntAlu :  D=0x000000000006f9f0
 750000: system.cpu: T0 : 0x1b18c    : bne a4, a5, -6             : IntAlu : 
 750500: system.cpu: T0 : 0x1b186    : c_sd a5, 24(a5)            : MemWrite :  D=0x000000000006f9f0 A=0x6fa08
 751000: system.cpu: T0 : 0x1b188    : c_sd a5, 16(a5)            : MemWrite :  D=0x000000000006f9f0 A=0x6fa00
 751500: system.cpu: T0 : 0x1b18a    : c_addi a5, 16              : IntAlu :  D=0x000000000006fa00
 752000: system.cpu: T0 : 0x1b18c    : bne a4, a5, -6             : IntAlu : 
 752500: system.cpu: T0 : 0x1b186    : c_sd a5, 24(a5)            : MemWrite :  D=0x000000000006fa00 A=0x6fa18
 753000: system.cpu: T0 : 0x1b188    : c_sd a5, 16(a5)            : MemWrite :  D=0x000000000006fa00 A=0x6fa10
 753500: system.cpu: T0 : 0x1b18a    : c_addi a5, 16              : IntAlu :  D=0x000000000006fa10
 754000: system.cpu: T0 : 0x1b18c    : bne a4, a5, -6             : IntAlu : 
 754500: system.cpu: T0 : 0x1b186    : c_sd a5, 24(a5)            : MemWrite :  D=0x000000000006fa10 A=0x6fa28
 755000: system.cpu: T0 : 0x1b188    : c_sd a5, 16(a5)            : MemWrite :  D=0x000000000006fa10 A=0x6fa20
 755500: system.cpu: T0 : 0x1b18a    : c_addi a5, 16              : IntAlu :  D=0x000000000006fa20
 756000: system.cpu: T0 : 0x1b18c    : bne a4, a5, -6             : IntAlu : 
 756500: system.cpu: T0 : 0x1b186    : c_sd a5, 24(a5)            : MemWrite :  D=0x000000000006fa20 A=0x6fa38
 757000: system.cpu: T0 : 0x1b188    : c_sd a5, 16(a5)            : MemWrite :  D=0x000000000006fa20 A=0x6fa30
 757500: system.cpu: T0 : 0x1b18a    : c_addi a5, 16              : IntAlu :  D=0x000000000006fa30
 758000: system.cpu: T0 : 0x1b18c    : bne a4, a5, -6             : IntAlu : 
 758500: system.cpu: T0 : 0x1b186    : c_sd a5, 24(a5)            : MemWrite :  D=0x000000000006fa30 A=0x6fa48
 759000: system.cpu: T0 : 0x1b188    : c_sd a5, 16(a5)            : MemWrite :  D=0x000000000006fa30 A=0x6fa40
 759500: system.cpu: T0 : 0x1b18a    : c_addi a5, 16              : IntAlu :  D=0x000000000006fa40
 760000: system.cpu: T0 : 0x1b18c    : bne a4, a5, -6             : IntAlu : 
 760500: system.cpu: T0 : 0x1b186    : c_sd a5, 24(a5)            : MemWrite :  D=0x000000000006fa40 A=0x6fa58
 761000: system.cpu: T0 : 0x1b188    : c_sd a5, 16(a5)            : MemWrite :  D=0x000000000006fa40 A=0x6fa50
 761500: system.cpu: T0 : 0x1b18a    : c_addi a5, 16              : IntAlu :  D=0x000000000006fa50
 762000: system.cpu: T0 : 0x1b18c    : bne a4, a5, -6             : IntAlu : 
 762500: system.cpu: T0 : 0x1b186    : c_sd a5, 24(a5)            : MemWrite :  D=0x000000000006fa50 A=0x6fa68
 763000: system.cpu: T0 : 0x1b188    : c_sd a5, 16(a5)            : MemWrite :  D=0x000000000006fa50 A=0x6fa60
 763500: system.cpu: T0 : 0x1b18a    : c_addi a5, 16              : IntAlu :  D=0x000000000006fa60
 764000: system.cpu: T0 : 0x1b18c    : bne a4, a5, -6             : IntAlu : 
 764500: system.cpu: T0 : 0x1b186    : c_sd a5, 24(a5)            : MemWrite :  D=0x000000000006fa60 A=0x6fa78
 765000: system.cpu: T0 : 0x1b188    : c_sd a5, 16(a5)            : MemWrite :  D=0x000000000006fa60 A=0x6fa70
 765500: system.cpu: T0 : 0x1b18a    : c_addi a5, 16              : IntAlu :  D=0x000000000006fa70
 766000: system.cpu: T0 : 0x1b18c    : bne a4, a5, -6             : IntAlu : 
 766500: system.cpu: T0 : 0x1b186    : c_sd a5, 24(a5)            : MemWrite :  D=0x000000000006fa70 A=0x6fa88
 767000: system.cpu: T0 : 0x1b188    : c_sd a5, 16(a5)            : MemWrite :  D=0x000000000006fa70 A=0x6fa80
 767500: system.cpu: T0 : 0x1b18a    : c_addi a5, 16              : IntAlu :  D=0x000000000006fa80
 768000: system.cpu: T0 : 0x1b18c    : bne a4, a5, -6             : IntAlu : 
 768500: system.cpu: T0 : 0x1b186    : c_sd a5, 24(a5)            : MemWrite :  D=0x000000000006fa80 A=0x6fa98
 769000: system.cpu: T0 : 0x1b188    : c_sd a5, 16(a5)            : MemWrite :  D=0x000000000006fa80 A=0x6fa90
 769500: system.cpu: T0 : 0x1b18a    : c_addi a5, 16              : IntAlu :  D=0x000000000006fa90
 770000: system.cpu: T0 : 0x1b18c    : bne a4, a5, -6             : IntAlu : 
 770500: system.cpu: T0 : 0x1b186    : c_sd a5, 24(a5)            : MemWrite :  D=0x000000000006fa90 A=0x6faa8
 771000: system.cpu: T0 : 0x1b188    : c_sd a5, 16(a5)            : MemWrite :  D=0x000000000006fa90 A=0x6faa0
 771500: system.cpu: T0 : 0x1b18a    : c_addi a5, 16              : IntAlu :  D=0x000000000006faa0
 772000: system.cpu: T0 : 0x1b18c    : bne a4, a5, -6             : IntAlu : 
 772500: system.cpu: T0 : 0x1b186    : c_sd a5, 24(a5)            : MemWrite :  D=0x000000000006faa0 A=0x6fab8
 773000: system.cpu: T0 : 0x1b188    : c_sd a5, 16(a5)            : MemWrite :  D=0x000000000006faa0 A=0x6fab0
 773500: system.cpu: T0 : 0x1b18a    : c_addi a5, 16              : IntAlu :  D=0x000000000006fab0
 774000: system.cpu: T0 : 0x1b18c    : bne a4, a5, -6             : IntAlu : 
 774500: system.cpu: T0 : 0x1b186    : c_sd a5, 24(a5)            : MemWrite :  D=0x000000000006fab0 A=0x6fac8
 775000: system.cpu: T0 : 0x1b188    : c_sd a5, 16(a5)            : MemWrite :  D=0x000000000006fab0 A=0x6fac0
 775500: system.cpu: T0 : 0x1b18a    : c_addi a5, 16              : IntAlu :  D=0x000000000006fac0
 776000: system.cpu: T0 : 0x1b18c    : bne a4, a5, -6             : IntAlu : 
 776500: system.cpu: T0 : 0x1b186    : c_sd a5, 24(a5)            : MemWrite :  D=0x000000000006fac0 A=0x6fad8
 777000: system.cpu: T0 : 0x1b188    : c_sd a5, 16(a5)            : MemWrite :  D=0x000000000006fac0 A=0x6fad0
 777500: system.cpu: T0 : 0x1b18a    : c_addi a5, 16              : IntAlu :  D=0x000000000006fad0
 778000: system.cpu: T0 : 0x1b18c    : bne a4, a5, -6             : IntAlu : 
 778500: system.cpu: T0 : 0x1b186    : c_sd a5, 24(a5)            : MemWrite :  D=0x000000000006fad0 A=0x6fae8
 779000: system.cpu: T0 : 0x1b188    : c_sd a5, 16(a5)            : MemWrite :  D=0x000000000006fad0 A=0x6fae0
 779500: system.cpu: T0 : 0x1b18a    : c_addi a5, 16              : IntAlu :  D=0x000000000006fae0
 780000: system.cpu: T0 : 0x1b18c    : bne a4, a5, -6             : IntAlu : 
 780500: system.cpu: T0 : 0x1b186    : c_sd a5, 24(a5)            : MemWrite :  D=0x000000000006fae0 A=0x6faf8
 781000: system.cpu: T0 : 0x1b188    : c_sd a5, 16(a5)            : MemWrite :  D=0x000000000006fae0 A=0x6faf0
 781500: system.cpu: T0 : 0x1b18a    : c_addi a5, 16              : IntAlu :  D=0x000000000006faf0
 782000: system.cpu: T0 : 0x1b18c    : bne a4, a5, -6             : IntAlu : 
 782500: system.cpu: T0 : 0x1b186    : c_sd a5, 24(a5)            : MemWrite :  D=0x000000000006faf0 A=0x6fb08
 783000: system.cpu: T0 : 0x1b188    : c_sd a5, 16(a5)            : MemWrite :  D=0x000000000006faf0 A=0x6fb00
 783500: system.cpu: T0 : 0x1b18a    : c_addi a5, 16              : IntAlu :  D=0x000000000006fb00
 784000: system.cpu: T0 : 0x1b18c    : bne a4, a5, -6             : IntAlu : 
 784500: system.cpu: T0 : 0x1b186    : c_sd a5, 24(a5)            : MemWrite :  D=0x000000000006fb00 A=0x6fb18
 785000: system.cpu: T0 : 0x1b188    : c_sd a5, 16(a5)            : MemWrite :  D=0x000000000006fb00 A=0x6fb10
 785500: system.cpu: T0 : 0x1b18a    : c_addi a5, 16              : IntAlu :  D=0x000000000006fb10
 786000: system.cpu: T0 : 0x1b18c    : bne a4, a5, -6             : IntAlu : 
 786500: system.cpu: T0 : 0x1b186    : c_sd a5, 24(a5)            : MemWrite :  D=0x000000000006fb10 A=0x6fb28
 787000: system.cpu: T0 : 0x1b188    : c_sd a5, 16(a5)            : MemWrite :  D=0x000000000006fb10 A=0x6fb20
 787500: system.cpu: T0 : 0x1b18a    : c_addi a5, 16              : IntAlu :  D=0x000000000006fb20
 788000: system.cpu: T0 : 0x1b18c    : bne a4, a5, -6             : IntAlu : 
 788500: system.cpu: T0 : 0x1b186    : c_sd a5, 24(a5)            : MemWrite :  D=0x000000000006fb20 A=0x6fb38
 789000: system.cpu: T0 : 0x1b188    : c_sd a5, 16(a5)            : MemWrite :  D=0x000000000006fb20 A=0x6fb30
 789500: system.cpu: T0 : 0x1b18a    : c_addi a5, 16              : IntAlu :  D=0x000000000006fb30
 790000: system.cpu: T0 : 0x1b18c    : bne a4, a5, -6             : IntAlu : 
 790500: system.cpu: T0 : 0x1b186    : c_sd a5, 24(a5)            : MemWrite :  D=0x000000000006fb30 A=0x6fb48
 791000: system.cpu: T0 : 0x1b188    : c_sd a5, 16(a5)            : MemWrite :  D=0x000000000006fb30 A=0x6fb40
 791500: system.cpu: T0 : 0x1b18a    : c_addi a5, 16              : IntAlu :  D=0x000000000006fb40
 792000: system.cpu: T0 : 0x1b18c    : bne a4, a5, -6             : IntAlu : 
 792500: system.cpu: T0 : 0x1b186    : c_sd a5, 24(a5)            : MemWrite :  D=0x000000000006fb40 A=0x6fb58
 793000: system.cpu: T0 : 0x1b188    : c_sd a5, 16(a5)            : MemWrite :  D=0x000000000006fb40 A=0x6fb50
 793500: system.cpu: T0 : 0x1b18a    : c_addi a5, 16              : IntAlu :  D=0x000000000006fb50
 794000: system.cpu: T0 : 0x1b18c    : bne a4, a5, -6             : IntAlu : 
 794500: system.cpu: T0 : 0x1b186    : c_sd a5, 24(a5)            : MemWrite :  D=0x000000000006fb50 A=0x6fb68
 795000: system.cpu: T0 : 0x1b188    : c_sd a5, 16(a5)            : MemWrite :  D=0x000000000006fb50 A=0x6fb60
 795500: system.cpu: T0 : 0x1b18a    : c_addi a5, 16              : IntAlu :  D=0x000000000006fb60
 796000: system.cpu: T0 : 0x1b18c    : bne a4, a5, -6             : IntAlu : 
 796500: system.cpu: T0 : 0x1b186    : c_sd a5, 24(a5)            : MemWrite :  D=0x000000000006fb60 A=0x6fb78
 797000: system.cpu: T0 : 0x1b188    : c_sd a5, 16(a5)            : MemWrite :  D=0x000000000006fb60 A=0x6fb70
 797500: system.cpu: T0 : 0x1b18a    : c_addi a5, 16              : IntAlu :  D=0x000000000006fb70
 798000: system.cpu: T0 : 0x1b18c    : bne a4, a5, -6             : IntAlu : 
 798500: system.cpu: T0 : 0x1b186    : c_sd a5, 24(a5)            : MemWrite :  D=0x000000000006fb70 A=0x6fb88
 799000: system.cpu: T0 : 0x1b188    : c_sd a5, 16(a5)            : MemWrite :  D=0x000000000006fb70 A=0x6fb80
 799500: system.cpu: T0 : 0x1b18a    : c_addi a5, 16              : IntAlu :  D=0x000000000006fb80
 800000: system.cpu: T0 : 0x1b18c    : bne a4, a5, -6             : IntAlu : 
 800500: system.cpu: T0 : 0x1b186    : c_sd a5, 24(a5)            : MemWrite :  D=0x000000000006fb80 A=0x6fb98
 801000: system.cpu: T0 : 0x1b188    : c_sd a5, 16(a5)            : MemWrite :  D=0x000000000006fb80 A=0x6fb90
 801500: system.cpu: T0 : 0x1b18a    : c_addi a5, 16              : IntAlu :  D=0x000000000006fb90
 802000: system.cpu: T0 : 0x1b18c    : bne a4, a5, -6             : IntAlu : 
 802500: system.cpu: T0 : 0x1b186    : c_sd a5, 24(a5)            : MemWrite :  D=0x000000000006fb90 A=0x6fba8
 803000: system.cpu: T0 : 0x1b188    : c_sd a5, 16(a5)            : MemWrite :  D=0x000000000006fb90 A=0x6fba0
 803500: system.cpu: T0 : 0x1b18a    : c_addi a5, 16              : IntAlu :  D=0x000000000006fba0
 804000: system.cpu: T0 : 0x1b18c    : bne a4, a5, -6             : IntAlu : 
 804500: system.cpu: T0 : 0x1b186    : c_sd a5, 24(a5)            : MemWrite :  D=0x000000000006fba0 A=0x6fbb8
 805000: system.cpu: T0 : 0x1b188    : c_sd a5, 16(a5)            : MemWrite :  D=0x000000000006fba0 A=0x6fbb0
 805500: system.cpu: T0 : 0x1b18a    : c_addi a5, 16              : IntAlu :  D=0x000000000006fbb0
 806000: system.cpu: T0 : 0x1b18c    : bne a4, a5, -6             : IntAlu : 
 806500: system.cpu: T0 : 0x1b186    : c_sd a5, 24(a5)            : MemWrite :  D=0x000000000006fbb0 A=0x6fbc8
 807000: system.cpu: T0 : 0x1b188    : c_sd a5, 16(a5)            : MemWrite :  D=0x000000000006fbb0 A=0x6fbc0
 807500: system.cpu: T0 : 0x1b18a    : c_addi a5, 16              : IntAlu :  D=0x000000000006fbc0
 808000: system.cpu: T0 : 0x1b18c    : bne a4, a5, -6             : IntAlu : 
 808500: system.cpu: T0 : 0x1b186    : c_sd a5, 24(a5)            : MemWrite :  D=0x000000000006fbc0 A=0x6fbd8
 809000: system.cpu: T0 : 0x1b188    : c_sd a5, 16(a5)            : MemWrite :  D=0x000000000006fbc0 A=0x6fbd0
 809500: system.cpu: T0 : 0x1b18a    : c_addi a5, 16              : IntAlu :  D=0x000000000006fbd0
 810000: system.cpu: T0 : 0x1b18c    : bne a4, a5, -6             : IntAlu : 
 810500: system.cpu: T0 : 0x1b186    : c_sd a5, 24(a5)            : MemWrite :  D=0x000000000006fbd0 A=0x6fbe8
 811000: system.cpu: T0 : 0x1b188    : c_sd a5, 16(a5)            : MemWrite :  D=0x000000000006fbd0 A=0x6fbe0
 811500: system.cpu: T0 : 0x1b18a    : c_addi a5, 16              : IntAlu :  D=0x000000000006fbe0
 812000: system.cpu: T0 : 0x1b18c    : bne a4, a5, -6             : IntAlu : 
 812500: system.cpu: T0 : 0x1b186    : c_sd a5, 24(a5)            : MemWrite :  D=0x000000000006fbe0 A=0x6fbf8
 813000: system.cpu: T0 : 0x1b188    : c_sd a5, 16(a5)            : MemWrite :  D=0x000000000006fbe0 A=0x6fbf0
 813500: system.cpu: T0 : 0x1b18a    : c_addi a5, 16              : IntAlu :  D=0x000000000006fbf0
 814000: system.cpu: T0 : 0x1b18c    : bne a4, a5, -6             : IntAlu : 
 814500: system.cpu: T0 : 0x1b186    : c_sd a5, 24(a5)            : MemWrite :  D=0x000000000006fbf0 A=0x6fc08
 815000: system.cpu: T0 : 0x1b188    : c_sd a5, 16(a5)            : MemWrite :  D=0x000000000006fbf0 A=0x6fc00
 815500: system.cpu: T0 : 0x1b18a    : c_addi a5, 16              : IntAlu :  D=0x000000000006fc00
 816000: system.cpu: T0 : 0x1b18c    : bne a4, a5, -6             : IntAlu : 
 816500: system.cpu: T0 : 0x1b186    : c_sd a5, 24(a5)            : MemWrite :  D=0x000000000006fc00 A=0x6fc18
 817000: system.cpu: T0 : 0x1b188    : c_sd a5, 16(a5)            : MemWrite :  D=0x000000000006fc00 A=0x6fc10
 817500: system.cpu: T0 : 0x1b18a    : c_addi a5, 16              : IntAlu :  D=0x000000000006fc10
 818000: system.cpu: T0 : 0x1b18c    : bne a4, a5, -6             : IntAlu : 
 818500: system.cpu: T0 : 0x1b186    : c_sd a5, 24(a5)            : MemWrite :  D=0x000000000006fc10 A=0x6fc28
 819000: system.cpu: T0 : 0x1b188    : c_sd a5, 16(a5)            : MemWrite :  D=0x000000000006fc10 A=0x6fc20
 819500: system.cpu: T0 : 0x1b18a    : c_addi a5, 16              : IntAlu :  D=0x000000000006fc20
 820000: system.cpu: T0 : 0x1b18c    : bne a4, a5, -6             : IntAlu : 
 820500: system.cpu: T0 : 0x1b186    : c_sd a5, 24(a5)            : MemWrite :  D=0x000000000006fc20 A=0x6fc38
 821000: system.cpu: T0 : 0x1b188    : c_sd a5, 16(a5)            : MemWrite :  D=0x000000000006fc20 A=0x6fc30
 821500: system.cpu: T0 : 0x1b18a    : c_addi a5, 16              : IntAlu :  D=0x000000000006fc30
 822000: system.cpu: T0 : 0x1b18c    : bne a4, a5, -6             : IntAlu : 
 822500: system.cpu: T0 : 0x1b186    : c_sd a5, 24(a5)            : MemWrite :  D=0x000000000006fc30 A=0x6fc48
 823000: system.cpu: T0 : 0x1b188    : c_sd a5, 16(a5)            : MemWrite :  D=0x000000000006fc30 A=0x6fc40
 823500: system.cpu: T0 : 0x1b18a    : c_addi a5, 16              : IntAlu :  D=0x000000000006fc40
 824000: system.cpu: T0 : 0x1b18c    : bne a4, a5, -6             : IntAlu : 
 824500: system.cpu: T0 : 0x1b186    : c_sd a5, 24(a5)            : MemWrite :  D=0x000000000006fc40 A=0x6fc58
 825000: system.cpu: T0 : 0x1b188    : c_sd a5, 16(a5)            : MemWrite :  D=0x000000000006fc40 A=0x6fc50
 825500: system.cpu: T0 : 0x1b18a    : c_addi a5, 16              : IntAlu :  D=0x000000000006fc50
 826000: system.cpu: T0 : 0x1b18c    : bne a4, a5, -6             : IntAlu : 
 826500: system.cpu: T0 : 0x1b186    : c_sd a5, 24(a5)            : MemWrite :  D=0x000000000006fc50 A=0x6fc68
 827000: system.cpu: T0 : 0x1b188    : c_sd a5, 16(a5)            : MemWrite :  D=0x000000000006fc50 A=0x6fc60
 827500: system.cpu: T0 : 0x1b18a    : c_addi a5, 16              : IntAlu :  D=0x000000000006fc60
 828000: system.cpu: T0 : 0x1b18c    : bne a4, a5, -6             : IntAlu : 
 828500: system.cpu: T0 : 0x1b186    : c_sd a5, 24(a5)            : MemWrite :  D=0x000000000006fc60 A=0x6fc78
 829000: system.cpu: T0 : 0x1b188    : c_sd a5, 16(a5)            : MemWrite :  D=0x000000000006fc60 A=0x6fc70
 829500: system.cpu: T0 : 0x1b18a    : c_addi a5, 16              : IntAlu :  D=0x000000000006fc70
 830000: system.cpu: T0 : 0x1b18c    : bne a4, a5, -6             : IntAlu : 
 830500: system.cpu: T0 : 0x1b186    : c_sd a5, 24(a5)            : MemWrite :  D=0x000000000006fc70 A=0x6fc88
 831000: system.cpu: T0 : 0x1b188    : c_sd a5, 16(a5)            : MemWrite :  D=0x000000000006fc70 A=0x6fc80
 831500: system.cpu: T0 : 0x1b18a    : c_addi a5, 16              : IntAlu :  D=0x000000000006fc80
 832000: system.cpu: T0 : 0x1b18c    : bne a4, a5, -6             : IntAlu : 
 832500: system.cpu: T0 : 0x1b186    : c_sd a5, 24(a5)            : MemWrite :  D=0x000000000006fc80 A=0x6fc98
 833000: system.cpu: T0 : 0x1b188    : c_sd a5, 16(a5)            : MemWrite :  D=0x000000000006fc80 A=0x6fc90
 833500: system.cpu: T0 : 0x1b18a    : c_addi a5, 16              : IntAlu :  D=0x000000000006fc90
 834000: system.cpu: T0 : 0x1b18c    : bne a4, a5, -6             : IntAlu : 
 834500: system.cpu: T0 : 0x1b186    : c_sd a5, 24(a5)            : MemWrite :  D=0x000000000006fc90 A=0x6fca8
 835000: system.cpu: T0 : 0x1b188    : c_sd a5, 16(a5)            : MemWrite :  D=0x000000000006fc90 A=0x6fca0
 835500: system.cpu: T0 : 0x1b18a    : c_addi a5, 16              : IntAlu :  D=0x000000000006fca0
 836000: system.cpu: T0 : 0x1b18c    : bne a4, a5, -6             : IntAlu : 
 836500: system.cpu: T0 : 0x1b186    : c_sd a5, 24(a5)            : MemWrite :  D=0x000000000006fca0 A=0x6fcb8
 837000: system.cpu: T0 : 0x1b188    : c_sd a5, 16(a5)            : MemWrite :  D=0x000000000006fca0 A=0x6fcb0
 837500: system.cpu: T0 : 0x1b18a    : c_addi a5, 16              : IntAlu :  D=0x000000000006fcb0
 838000: system.cpu: T0 : 0x1b18c    : bne a4, a5, -6             : IntAlu : 
 838500: system.cpu: T0 : 0x1b186    : c_sd a5, 24(a5)            : MemWrite :  D=0x000000000006fcb0 A=0x6fcc8
 839000: system.cpu: T0 : 0x1b188    : c_sd a5, 16(a5)            : MemWrite :  D=0x000000000006fcb0 A=0x6fcc0
 839500: system.cpu: T0 : 0x1b18a    : c_addi a5, 16              : IntAlu :  D=0x000000000006fcc0
 840000: system.cpu: T0 : 0x1b18c    : bne a4, a5, -6             : IntAlu : 
 840500: system.cpu: T0 : 0x1b186    : c_sd a5, 24(a5)            : MemWrite :  D=0x000000000006fcc0 A=0x6fcd8
 841000: system.cpu: T0 : 0x1b188    : c_sd a5, 16(a5)            : MemWrite :  D=0x000000000006fcc0 A=0x6fcd0
 841500: system.cpu: T0 : 0x1b18a    : c_addi a5, 16              : IntAlu :  D=0x000000000006fcd0
 842000: system.cpu: T0 : 0x1b18c    : bne a4, a5, -6             : IntAlu : 
 842500: system.cpu: T0 : 0x1b186    : c_sd a5, 24(a5)            : MemWrite :  D=0x000000000006fcd0 A=0x6fce8
 843000: system.cpu: T0 : 0x1b188    : c_sd a5, 16(a5)            : MemWrite :  D=0x000000000006fcd0 A=0x6fce0
 843500: system.cpu: T0 : 0x1b18a    : c_addi a5, 16              : IntAlu :  D=0x000000000006fce0
 844000: system.cpu: T0 : 0x1b18c    : bne a4, a5, -6             : IntAlu : 
 844500: system.cpu: T0 : 0x1b186    : c_sd a5, 24(a5)            : MemWrite :  D=0x000000000006fce0 A=0x6fcf8
 845000: system.cpu: T0 : 0x1b188    : c_sd a5, 16(a5)            : MemWrite :  D=0x000000000006fce0 A=0x6fcf0
 845500: system.cpu: T0 : 0x1b18a    : c_addi a5, 16              : IntAlu :  D=0x000000000006fcf0
 846000: system.cpu: T0 : 0x1b18c    : bne a4, a5, -6             : IntAlu : 
 846500: system.cpu: T0 : 0x1b186    : c_sd a5, 24(a5)            : MemWrite :  D=0x000000000006fcf0 A=0x6fd08
 847000: system.cpu: T0 : 0x1b188    : c_sd a5, 16(a5)            : MemWrite :  D=0x000000000006fcf0 A=0x6fd00
 847500: system.cpu: T0 : 0x1b18a    : c_addi a5, 16              : IntAlu :  D=0x000000000006fd00
 848000: system.cpu: T0 : 0x1b18c    : bne a4, a5, -6             : IntAlu : 
 848500: system.cpu: T0 : 0x1b186    : c_sd a5, 24(a5)            : MemWrite :  D=0x000000000006fd00 A=0x6fd18
 849000: system.cpu: T0 : 0x1b188    : c_sd a5, 16(a5)            : MemWrite :  D=0x000000000006fd00 A=0x6fd10
 849500: system.cpu: T0 : 0x1b18a    : c_addi a5, 16              : IntAlu :  D=0x000000000006fd10
 850000: system.cpu: T0 : 0x1b18c    : bne a4, a5, -6             : IntAlu : 
 850500: system.cpu: T0 : 0x1b186    : c_sd a5, 24(a5)            : MemWrite :  D=0x000000000006fd10 A=0x6fd28
 851000: system.cpu: T0 : 0x1b188    : c_sd a5, 16(a5)            : MemWrite :  D=0x000000000006fd10 A=0x6fd20
 851500: system.cpu: T0 : 0x1b18a    : c_addi a5, 16              : IntAlu :  D=0x000000000006fd20
 852000: system.cpu: T0 : 0x1b18c    : bne a4, a5, -6             : IntAlu : 
 852500: system.cpu: T0 : 0x1b186    : c_sd a5, 24(a5)            : MemWrite :  D=0x000000000006fd20 A=0x6fd38
 853000: system.cpu: T0 : 0x1b188    : c_sd a5, 16(a5)            : MemWrite :  D=0x000000000006fd20 A=0x6fd30
 853500: system.cpu: T0 : 0x1b18a    : c_addi a5, 16              : IntAlu :  D=0x000000000006fd30
 854000: system.cpu: T0 : 0x1b18c    : bne a4, a5, -6             : IntAlu : 
 854500: system.cpu: T0 : 0x1b186    : c_sd a5, 24(a5)            : MemWrite :  D=0x000000000006fd30 A=0x6fd48
 855000: system.cpu: T0 : 0x1b188    : c_sd a5, 16(a5)            : MemWrite :  D=0x000000000006fd30 A=0x6fd40
 855500: system.cpu: T0 : 0x1b18a    : c_addi a5, 16              : IntAlu :  D=0x000000000006fd40
 856000: system.cpu: T0 : 0x1b18c    : bne a4, a5, -6             : IntAlu : 
 856500: system.cpu: T0 : 0x1b186    : c_sd a5, 24(a5)            : MemWrite :  D=0x000000000006fd40 A=0x6fd58
 857000: system.cpu: T0 : 0x1b188    : c_sd a5, 16(a5)            : MemWrite :  D=0x000000000006fd40 A=0x6fd50
 857500: system.cpu: T0 : 0x1b18a    : c_addi a5, 16              : IntAlu :  D=0x000000000006fd50
 858000: system.cpu: T0 : 0x1b18c    : bne a4, a5, -6             : IntAlu : 
 858500: system.cpu: T0 : 0x1b186    : c_sd a5, 24(a5)            : MemWrite :  D=0x000000000006fd50 A=0x6fd68
 859000: system.cpu: T0 : 0x1b188    : c_sd a5, 16(a5)            : MemWrite :  D=0x000000000006fd50 A=0x6fd60
 859500: system.cpu: T0 : 0x1b18a    : c_addi a5, 16              : IntAlu :  D=0x000000000006fd60
 860000: system.cpu: T0 : 0x1b18c    : bne a4, a5, -6             : IntAlu : 
 860500: system.cpu: T0 : 0x1b186    : c_sd a5, 24(a5)            : MemWrite :  D=0x000000000006fd60 A=0x6fd78
 861000: system.cpu: T0 : 0x1b188    : c_sd a5, 16(a5)            : MemWrite :  D=0x000000000006fd60 A=0x6fd70
 861500: system.cpu: T0 : 0x1b18a    : c_addi a5, 16              : IntAlu :  D=0x000000000006fd70
 862000: system.cpu: T0 : 0x1b18c    : bne a4, a5, -6             : IntAlu : 
 862500: system.cpu: T0 : 0x1b186    : c_sd a5, 24(a5)            : MemWrite :  D=0x000000000006fd70 A=0x6fd88
 863000: system.cpu: T0 : 0x1b188    : c_sd a5, 16(a5)            : MemWrite :  D=0x000000000006fd70 A=0x6fd80
 863500: system.cpu: T0 : 0x1b18a    : c_addi a5, 16              : IntAlu :  D=0x000000000006fd80
 864000: system.cpu: T0 : 0x1b18c    : bne a4, a5, -6             : IntAlu : 
 864500: system.cpu: T0 : 0x1b186    : c_sd a5, 24(a5)            : MemWrite :  D=0x000000000006fd80 A=0x6fd98
 865000: system.cpu: T0 : 0x1b188    : c_sd a5, 16(a5)            : MemWrite :  D=0x000000000006fd80 A=0x6fd90
 865500: system.cpu: T0 : 0x1b18a    : c_addi a5, 16              : IntAlu :  D=0x000000000006fd90
 866000: system.cpu: T0 : 0x1b18c    : bne a4, a5, -6             : IntAlu : 
 866500: system.cpu: T0 : 0x1b186    : c_sd a5, 24(a5)            : MemWrite :  D=0x000000000006fd90 A=0x6fda8
 867000: system.cpu: T0 : 0x1b188    : c_sd a5, 16(a5)            : MemWrite :  D=0x000000000006fd90 A=0x6fda0
 867500: system.cpu: T0 : 0x1b18a    : c_addi a5, 16              : IntAlu :  D=0x000000000006fda0
 868000: system.cpu: T0 : 0x1b18c    : bne a4, a5, -6             : IntAlu : 
 868500: system.cpu: T0 : 0x1b186    : c_sd a5, 24(a5)            : MemWrite :  D=0x000000000006fda0 A=0x6fdb8
 869000: system.cpu: T0 : 0x1b188    : c_sd a5, 16(a5)            : MemWrite :  D=0x000000000006fda0 A=0x6fdb0
 869500: system.cpu: T0 : 0x1b18a    : c_addi a5, 16              : IntAlu :  D=0x000000000006fdb0
 870000: system.cpu: T0 : 0x1b18c    : bne a4, a5, -6             : IntAlu : 
 870500: system.cpu: T0 : 0x1b186    : c_sd a5, 24(a5)            : MemWrite :  D=0x000000000006fdb0 A=0x6fdc8
 871000: system.cpu: T0 : 0x1b188    : c_sd a5, 16(a5)            : MemWrite :  D=0x000000000006fdb0 A=0x6fdc0
 871500: system.cpu: T0 : 0x1b18a    : c_addi a5, 16              : IntAlu :  D=0x000000000006fdc0
 872000: system.cpu: T0 : 0x1b18c    : bne a4, a5, -6             : IntAlu : 
 872500: system.cpu: T0 : 0x1b186    : c_sd a5, 24(a5)            : MemWrite :  D=0x000000000006fdc0 A=0x6fdd8
 873000: system.cpu: T0 : 0x1b188    : c_sd a5, 16(a5)            : MemWrite :  D=0x000000000006fdc0 A=0x6fdd0
 873500: system.cpu: T0 : 0x1b18a    : c_addi a5, 16              : IntAlu :  D=0x000000000006fdd0
 874000: system.cpu: T0 : 0x1b18c    : bne a4, a5, -6             : IntAlu : 
 874500: system.cpu: T0 : 0x1b186    : c_sd a5, 24(a5)            : MemWrite :  D=0x000000000006fdd0 A=0x6fde8
 875000: system.cpu: T0 : 0x1b188    : c_sd a5, 16(a5)            : MemWrite :  D=0x000000000006fdd0 A=0x6fde0
 875500: system.cpu: T0 : 0x1b18a    : c_addi a5, 16              : IntAlu :  D=0x000000000006fde0
 876000: system.cpu: T0 : 0x1b18c    : bne a4, a5, -6             : IntAlu : 
 876500: system.cpu: T0 : 0x1b186    : c_sd a5, 24(a5)            : MemWrite :  D=0x000000000006fde0 A=0x6fdf8
 877000: system.cpu: T0 : 0x1b188    : c_sd a5, 16(a5)            : MemWrite :  D=0x000000000006fde0 A=0x6fdf0
 877500: system.cpu: T0 : 0x1b18a    : c_addi a5, 16              : IntAlu :  D=0x000000000006fdf0
 878000: system.cpu: T0 : 0x1b18c    : bne a4, a5, -6             : IntAlu : 
 878500: system.cpu: T0 : 0x1b186    : c_sd a5, 24(a5)            : MemWrite :  D=0x000000000006fdf0 A=0x6fe08
 879000: system.cpu: T0 : 0x1b188    : c_sd a5, 16(a5)            : MemWrite :  D=0x000000000006fdf0 A=0x6fe00
 879500: system.cpu: T0 : 0x1b18a    : c_addi a5, 16              : IntAlu :  D=0x000000000006fe00
 880000: system.cpu: T0 : 0x1b18c    : bne a4, a5, -6             : IntAlu : 
 880500: system.cpu: T0 : 0x1b186    : c_sd a5, 24(a5)            : MemWrite :  D=0x000000000006fe00 A=0x6fe18
 881000: system.cpu: T0 : 0x1b188    : c_sd a5, 16(a5)            : MemWrite :  D=0x000000000006fe00 A=0x6fe10
 881500: system.cpu: T0 : 0x1b18a    : c_addi a5, 16              : IntAlu :  D=0x000000000006fe10
 882000: system.cpu: T0 : 0x1b18c    : bne a4, a5, -6             : IntAlu : 
 882500: system.cpu: T0 : 0x1b186    : c_sd a5, 24(a5)            : MemWrite :  D=0x000000000006fe10 A=0x6fe28
 883000: system.cpu: T0 : 0x1b188    : c_sd a5, 16(a5)            : MemWrite :  D=0x000000000006fe10 A=0x6fe20
 883500: system.cpu: T0 : 0x1b18a    : c_addi a5, 16              : IntAlu :  D=0x000000000006fe20
 884000: system.cpu: T0 : 0x1b18c    : bne a4, a5, -6             : IntAlu : 
 884500: system.cpu: T0 : 0x1b186    : c_sd a5, 24(a5)            : MemWrite :  D=0x000000000006fe20 A=0x6fe38
 885000: system.cpu: T0 : 0x1b188    : c_sd a5, 16(a5)            : MemWrite :  D=0x000000000006fe20 A=0x6fe30
 885500: system.cpu: T0 : 0x1b18a    : c_addi a5, 16              : IntAlu :  D=0x000000000006fe30
 886000: system.cpu: T0 : 0x1b18c    : bne a4, a5, -6             : IntAlu : 
 886500: system.cpu: T0 : 0x1b186    : c_sd a5, 24(a5)            : MemWrite :  D=0x000000000006fe30 A=0x6fe48
 887000: system.cpu: T0 : 0x1b188    : c_sd a5, 16(a5)            : MemWrite :  D=0x000000000006fe30 A=0x6fe40
 887500: system.cpu: T0 : 0x1b18a    : c_addi a5, 16              : IntAlu :  D=0x000000000006fe40
 888000: system.cpu: T0 : 0x1b18c    : bne a4, a5, -6             : IntAlu : 
 888500: system.cpu: T0 : 0x1b186    : c_sd a5, 24(a5)            : MemWrite :  D=0x000000000006fe40 A=0x6fe58
 889000: system.cpu: T0 : 0x1b188    : c_sd a5, 16(a5)            : MemWrite :  D=0x000000000006fe40 A=0x6fe50
 889500: system.cpu: T0 : 0x1b18a    : c_addi a5, 16              : IntAlu :  D=0x000000000006fe50
 890000: system.cpu: T0 : 0x1b18c    : bne a4, a5, -6             : IntAlu : 
 890500: system.cpu: T0 : 0x1b186    : c_sd a5, 24(a5)            : MemWrite :  D=0x000000000006fe50 A=0x6fe68
 891000: system.cpu: T0 : 0x1b188    : c_sd a5, 16(a5)            : MemWrite :  D=0x000000000006fe50 A=0x6fe60
 891500: system.cpu: T0 : 0x1b18a    : c_addi a5, 16              : IntAlu :  D=0x000000000006fe60
 892000: system.cpu: T0 : 0x1b18c    : bne a4, a5, -6             : IntAlu : 
 892500: system.cpu: T0 : 0x1b186    : c_sd a5, 24(a5)            : MemWrite :  D=0x000000000006fe60 A=0x6fe78
 893000: system.cpu: T0 : 0x1b188    : c_sd a5, 16(a5)            : MemWrite :  D=0x000000000006fe60 A=0x6fe70
 893500: system.cpu: T0 : 0x1b18a    : c_addi a5, 16              : IntAlu :  D=0x000000000006fe70
 894000: system.cpu: T0 : 0x1b18c    : bne a4, a5, -6             : IntAlu : 
 894500: system.cpu: T0 : 0x1b190    : lui a5, 111                : IntAlu :  D=0x000000000006f000
 895000: system.cpu: T0 : 0x1b194    : addi a5, a5, 1568          : IntAlu :  D=0x000000000006f620
 895500: system.cpu: T0 : 0x1b198    : beq a0, a5, 24             : IntAlu : 
 896000: system.cpu: T0 : 0x1b1b0    : addi a4, zero, 128         : IntAlu :  D=0x0000000000000080
 896500: system.cpu: T0 : 0x1b1b4    : sd a4, -1376(gp)           : MemWrite :  D=0x0000000000000080 A=0x70b80
 897000: system.cpu: T0 : 0x1b1b8    : addi a5, a0, 8             : IntAlu :  D=0x000000000006f628
 897500: system.cpu: T0 : 0x1b1bc    : amoswap_w zero, zero, (a5)
 897500: system.cpu: T0 : 0x1b1bc. 0 : amoswap_w[l] zero, zero, (a5) : MemRead :  D=0x0000000000000000 A=0x6f628
 898000: system.cpu: T0 : 0x1b1c0    : c_sd a3, 96(a0)            : MemWrite :  D=0x000000000006f680 A=0x6f680
 898500: system.cpu: T0 : 0x1b1c2    : c_jr ra                    : IntAlu : 
 899000: system.cpu: T0 : 0x1b57e    : c_lui a2, 28               : IntAlu :  D=0x000000000001c000
 899500: system.cpu: T0 : 0x1b580    : addi a2, a2, -820          : IntAlu :  D=0x000000000001bccc
 900000: system.cpu: T0 : 0x1b584    : c_mv a1, sp                : IntAlu :  D=0x7ffffffffffffbd0
 900500: system.cpu: T0 : 0x1b586    : c_li a0, 19                : IntAlu :  D=0x0000000000000013
 901000: system.cpu: T0 : 0x1b588    : jal ra, 30094              : IntAlu :  D=0x000000000001b58c
 901500: system.cpu: T0 : 0x22b16    : c_slli a0, 32              : IntAlu :  D=0x0000001300000000
 902000: system.cpu: T0 : 0x22b18    : c_srli a0, 32              : IntAlu :  D=0x0000000000000013
 903000: system.cpu: T0 : 0x22b1a    : slli a5, a0, 3             : IntAlu :  D=0x0000000000000098
 903500: system.cpu: T0 : 0x22b1e    : c_sub a5, a0               : IntAlu :  D=0x0000000000000085
 904000: system.cpu: T0 : 0x22b20    : lui a4, 111                : IntAlu :  D=0x000000000006f000
 904500: system.cpu: T0 : 0x22b24    : addi a4, a4, -1248         : IntAlu :  D=0x000000000006eb20
 905000: system.cpu: T0 : 0x22b28    : c_slli a5, 3               : IntAlu :  D=0x0000000000000428
 905500: system.cpu: T0 : 0x22b2a    : c_add a5, a4               : IntAlu :  D=0x000000000006ef48
 906000: system.cpu: T0 : 0x22b2c    : c_lw a3, 8(a5)             : MemRead :  D=0x0000000000000000 A=0x6ef50
 906500: system.cpu: T0 : 0x22b2e    : c_li a6, 2                 : IntAlu :  D=0x0000000000000002
 907000: system.cpu: T0 : 0x22b30    : c_ld a5, 32(a5)            : MemRead :  D=0x0000000000000000 A=0x6ef68
 908000: system.cpu: T0 : 0x22b32    : bltu a6, a3, 42            : IntAlu : 
 908500: system.cpu: T0 : 0x22b36    : c_bnez a3, 38              : IntAlu : 
 909000: system.cpu: T0 : 0x22b38    : c_sw a5, 0(a1)             : MemWrite :  D=0x0000000000000000 A=0x7ffffffffffffbd0
 910000: system.cpu: T0 : 0x22b3a    : slli a5, a0, 3             : IntAlu :  D=0x0000000000000098
 910500: system.cpu: T0 : 0x22b3e    : c_sub a5, a0               : IntAlu :  D=0x0000000000000085
 911000: system.cpu: T0 : 0x22b40    : c_slli a5, 3               : IntAlu :  D=0x0000000000000428
 912000: system.cpu: T0 : 0x22b42    : add a3, a4, a5             : IntAlu :  D=0x000000000006ef48
 913000: system.cpu: T0 : 0x22b46    : lbu a3, 40(a3)             : MemRead :  D=0x0000000000000000 A=0x6ef70
 913500: system.cpu: T0 : 0x22b4a    : c_beqz a3, 16              : IntAlu : 
 914000: system.cpu: T0 : 0x22b5a    : c_jr ra                    : IntAlu : 
 914500: system.cpu: T0 : 0x1b58c    : c_lui a2, 27               : IntAlu :  D=0x000000000001b000
 915500: system.cpu: T0 : 0x1b58e    : addi a2, a2, -496          : IntAlu :  D=0x000000000001ae10
 916000: system.cpu: T0 : 0x1b592    : c_mv a1, sp                : IntAlu :  D=0x7ffffffffffffbd0
 916500: system.cpu: T0 : 0x1b594    : c_li a0, 7                 : IntAlu :  D=0x0000000000000007
 917500: system.cpu: T0 : 0x1b596    : jal ra, 30080              : IntAlu :  D=0x000000000001b59a
 918000: system.cpu: T0 : 0x22b16    : c_slli a0, 32              : IntAlu :  D=0x0000000700000000
 918500: system.cpu: T0 : 0x22b18    : c_srli a0, 32              : IntAlu :  D=0x0000000000000007
 919500: system.cpu: T0 : 0x22b1a    : slli a5, a0, 3             : IntAlu :  D=0x0000000000000038
 920000: system.cpu: T0 : 0x22b1e    : c_sub a5, a0               : IntAlu :  D=0x0000000000000031
 920500: system.cpu: T0 : 0x22b20    : lui a4, 111                : IntAlu :  D=0x000000000006f000
 921000: system.cpu: T0 : 0x22b24    : addi a4, a4, -1248         : IntAlu :  D=0x000000000006eb20
 921500: system.cpu: T0 : 0x22b28    : c_slli a5, 3               : IntAlu :  D=0x0000000000000188
 922000: system.cpu: T0 : 0x22b2a    : c_add a5, a4               : IntAlu :  D=0x000000000006eca8
 922500: system.cpu: T0 : 0x22b2c    : c_lw a3, 8(a5)             : MemRead :  D=0x0000000000000002 A=0x6ecb0
 923000: system.cpu: T0 : 0x22b2e    : c_li a6, 2                 : IntAlu :  D=0x0000000000000002
 923500: system.cpu: T0 : 0x22b30    : c_ld a5, 32(a5)            : MemRead :  D=0x0000000000000000 A=0x6ecc8
 924500: system.cpu: T0 : 0x22b32    : bltu a6, a3, 42            : IntAlu : 
 925000: system.cpu: T0 : 0x22b36    : c_bnez a3, 38              : IntAlu : 
 925500: system.cpu: T0 : 0x22b5c    : c_sd a5, 0(a1)             : MemWrite :  D=0x0000000000000000 A=0x7ffffffffffffbd0
 926000: system.cpu: T0 : 0x22b5e    : c_j -36                    : IntAlu : 
 927000: system.cpu: T0 : 0x22b3a    : slli a5, a0, 3             : IntAlu :  D=0x0000000000000038
 927500: system.cpu: T0 : 0x22b3e    : c_sub a5, a0               : IntAlu :  D=0x0000000000000031
 928000: system.cpu: T0 : 0x22b40    : c_slli a5, 3               : IntAlu :  D=0x0000000000000188
 929000: system.cpu: T0 : 0x22b42    : add a3, a4, a5             : IntAlu :  D=0x000000000006eca8
 930000: system.cpu: T0 : 0x22b46    : lbu a3, 40(a3)             : MemRead :  D=0x0000000000000000 A=0x6ecd0
 930500: system.cpu: T0 : 0x22b4a    : c_beqz a3, 16              : IntAlu : 
 931000: system.cpu: T0 : 0x22b5a    : c_jr ra                    : IntAlu : 
 931500: system.cpu: T0 : 0x1b59a    : c_lui a2, 27               : IntAlu :  D=0x000000000001b000
 932000: system.cpu: T0 : 0x1b59c    : addi a2, a2, -478          : IntAlu :  D=0x000000000001ae22
 932500: system.cpu: T0 : 0x1b5a0    : c_mv a1, sp                : IntAlu :  D=0x7ffffffffffffbd0
 933000: system.cpu: T0 : 0x1b5a2    : c_li a0, 2                 : IntAlu :  D=0x0000000000000002
 933500: system.cpu: T0 : 0x1b5a4    : jal ra, 30066              : IntAlu :  D=0x000000000001b5a8
 934000: system.cpu: T0 : 0x22b16    : c_slli a0, 32              : IntAlu :  D=0x0000000200000000
 934500: system.cpu: T0 : 0x22b18    : c_srli a0, 32              : IntAlu :  D=0x0000000000000002
 935500: system.cpu: T0 : 0x22b1a    : slli a5, a0, 3             : IntAlu :  D=0x0000000000000010
 936000: system.cpu: T0 : 0x22b1e    : c_sub a5, a0               : IntAlu :  D=0x000000000000000e
 936500: system.cpu: T0 : 0x22b20    : lui a4, 111                : IntAlu :  D=0x000000000006f000
 937000: system.cpu: T0 : 0x22b24    : addi a4, a4, -1248         : IntAlu :  D=0x000000000006eb20
 937500: system.cpu: T0 : 0x22b28    : c_slli a5, 3               : IntAlu :  D=0x0000000000000070
 938000: system.cpu: T0 : 0x22b2a    : c_add a5, a4               : IntAlu :  D=0x000000000006eb90
 938500: system.cpu: T0 : 0x22b2c    : c_lw a3, 8(a5)             : MemRead :  D=0x0000000000000000 A=0x6eb98
 939000: system.cpu: T0 : 0x22b2e    : c_li a6, 2                 : IntAlu :  D=0x0000000000000002
 939500: system.cpu: T0 : 0x22b30    : c_ld a5, 32(a5)            : MemRead :  D=0x0000000000000000 A=0x6ebb0
 940500: system.cpu: T0 : 0x22b32    : bltu a6, a3, 42            : IntAlu : 
 941000: system.cpu: T0 : 0x22b36    : c_bnez a3, 38              : IntAlu : 
 941500: system.cpu: T0 : 0x22b38    : c_sw a5, 0(a1)             : MemWrite :  D=0x0000000000000000 A=0x7ffffffffffffbd0
 942500: system.cpu: T0 : 0x22b3a    : slli a5, a0, 3             : IntAlu :  D=0x0000000000000010
 943000: system.cpu: T0 : 0x22b3e    : c_sub a5, a0               : IntAlu :  D=0x000000000000000e
 943500: system.cpu: T0 : 0x22b40    : c_slli a5, 3               : IntAlu :  D=0x0000000000000070
 944500: system.cpu: T0 : 0x22b42    : add a3, a4, a5             : IntAlu :  D=0x000000000006eb90
 945500: system.cpu: T0 : 0x22b46    : lbu a3, 40(a3)             : MemRead :  D=0x0000000000000000 A=0x6ebb8
 946000: system.cpu: T0 : 0x22b4a    : c_beqz a3, 16              : IntAlu : 
 946500: system.cpu: T0 : 0x22b5a    : c_jr ra                    : IntAlu : 
 947000: system.cpu: T0 : 0x1b5a8    : c_lui a2, 27               : IntAlu :  D=0x000000000001b000
 948000: system.cpu: T0 : 0x1b5aa    : addi a2, a2, -542          : IntAlu :  D=0x000000000001ade2
 948500: system.cpu: T0 : 0x1b5ae    : c_mv a1, sp                : IntAlu :  D=0x7ffffffffffffbd0
 949000: system.cpu: T0 : 0x1b5b0    : c_li a0, 14                : IntAlu :  D=0x000000000000000e
 950000: system.cpu: T0 : 0x1b5b2    : jal ra, 30052              : IntAlu :  D=0x000000000001b5b6
 950500: system.cpu: T0 : 0x22b16    : c_slli a0, 32              : IntAlu :  D=0x0000000e00000000
 951000: system.cpu: T0 : 0x22b18    : c_srli a0, 32              : IntAlu :  D=0x000000000000000e
 952000: system.cpu: T0 : 0x22b1a    : slli a5, a0, 3             : IntAlu :  D=0x0000000000000070
 952500: system.cpu: T0 : 0x22b1e    : c_sub a5, a0               : IntAlu :  D=0x0000000000000062
 953000: system.cpu: T0 : 0x22b20    : lui a4, 111                : IntAlu :  D=0x000000000006f000
 953500: system.cpu: T0 : 0x22b24    : addi a4, a4, -1248         : IntAlu :  D=0x000000000006eb20
 954000: system.cpu: T0 : 0x22b28    : c_slli a5, 3               : IntAlu :  D=0x0000000000000310
 954500: system.cpu: T0 : 0x22b2a    : c_add a5, a4               : IntAlu :  D=0x000000000006ee30
 955000: system.cpu: T0 : 0x22b2c    : c_lw a3, 8(a5)             : MemRead :  D=0x0000000000000002 A=0x6ee38
 955500: system.cpu: T0 : 0x22b2e    : c_li a6, 2                 : IntAlu :  D=0x0000000000000002
 956000: system.cpu: T0 : 0x22b30    : c_ld a5, 32(a5)            : MemRead :  D=0x0000000000000000 A=0x6ee50
 957000: system.cpu: T0 : 0x22b32    : bltu a6, a3, 42            : IntAlu : 
 957500: system.cpu: T0 : 0x22b36    : c_bnez a3, 38              : IntAlu : 
 958000: system.cpu: T0 : 0x22b5c    : c_sd a5, 0(a1)             : MemWrite :  D=0x0000000000000000 A=0x7ffffffffffffbd0
 958500: system.cpu: T0 : 0x22b5e    : c_j -36                    : IntAlu : 
 959500: system.cpu: T0 : 0x22b3a    : slli a5, a0, 3             : IntAlu :  D=0x0000000000000070
 960000: system.cpu: T0 : 0x22b3e    : c_sub a5, a0               : IntAlu :  D=0x0000000000000062
 960500: system.cpu: T0 : 0x22b40    : c_slli a5, 3               : IntAlu :  D=0x0000000000000310
 961500: system.cpu: T0 : 0x22b42    : add a3, a4, a5             : IntAlu :  D=0x000000000006ee30
 962500: system.cpu: T0 : 0x22b46    : lbu a3, 40(a3)             : MemRead :  D=0x0000000000000000 A=0x6ee58
 963000: system.cpu: T0 : 0x22b4a    : c_beqz a3, 16              : IntAlu : 
 963500: system.cpu: T0 : 0x22b5a    : c_jr ra                    : IntAlu : 
 964000: system.cpu: T0 : 0x1b5b6    : c_lui a2, 27               : IntAlu :  D=0x000000000001b000
 964500: system.cpu: T0 : 0x1b5b8    : addi a2, a2, -470          : IntAlu :  D=0x000000000001ae2a
 965000: system.cpu: T0 : 0x1b5bc    : c_mv a1, sp                : IntAlu :  D=0x7ffffffffffffbd0
 965500: system.cpu: T0 : 0x1b5be    : c_li a0, 1                 : IntAlu :  D=0x0000000000000001
 966000: system.cpu: T0 : 0x1b5c0    : jal ra, 30038              : IntAlu :  D=0x000000000001b5c4
 966500: system.cpu: T0 : 0x22b16    : c_slli a0, 32              : IntAlu :  D=0x0000000100000000
 967000: system.cpu: T0 : 0x22b18    : c_srli a0, 32              : IntAlu :  D=0x0000000000000001
 968000: system.cpu: T0 : 0x22b1a    : slli a5, a0, 3             : IntAlu :  D=0x0000000000000008
 968500: system.cpu: T0 : 0x22b1e    : c_sub a5, a0               : IntAlu :  D=0x0000000000000007
 969000: system.cpu: T0 : 0x22b20    : lui a4, 111                : IntAlu :  D=0x000000000006f000
 969500: system.cpu: T0 : 0x22b24    : addi a4, a4, -1248         : IntAlu :  D=0x000000000006eb20
 970000: system.cpu: T0 : 0x22b28    : c_slli a5, 3               : IntAlu :  D=0x0000000000000038
 970500: system.cpu: T0 : 0x22b2a    : c_add a5, a4               : IntAlu :  D=0x000000000006eb58
 971000: system.cpu: T0 : 0x22b2c    : c_lw a3, 8(a5)             : MemRead :  D=0x0000000000000002 A=0x6eb60
 971500: system.cpu: T0 : 0x22b2e    : c_li a6, 2                 : IntAlu :  D=0x0000000000000002
 972000: system.cpu: T0 : 0x22b30    : c_ld a5, 32(a5)            : MemRead :  D=0x0000000000000000 A=0x6eb78
 973000: system.cpu: T0 : 0x22b32    : bltu a6, a3, 42            : IntAlu : 
 973500: system.cpu: T0 : 0x22b36    : c_bnez a3, 38              : IntAlu : 
 974000: system.cpu: T0 : 0x22b5c    : c_sd a5, 0(a1)             : MemWrite :  D=0x0000000000000000 A=0x7ffffffffffffbd0
 974500: system.cpu: T0 : 0x22b5e    : c_j -36                    : IntAlu : 
 975500: system.cpu: T0 : 0x22b3a    : slli a5, a0, 3             : IntAlu :  D=0x0000000000000008
 976000: system.cpu: T0 : 0x22b3e    : c_sub a5, a0               : IntAlu :  D=0x0000000000000007
 976500: system.cpu: T0 : 0x22b40    : c_slli a5, 3               : IntAlu :  D=0x0000000000000038
 977500: system.cpu: T0 : 0x22b42    : add a3, a4, a5             : IntAlu :  D=0x000000000006eb58
 978500: system.cpu: T0 : 0x22b46    : lbu a3, 40(a3)             : MemRead :  D=0x0000000000000000 A=0x6eb80
 979000: system.cpu: T0 : 0x22b4a    : c_beqz a3, 16              : IntAlu : 
 979500: system.cpu: T0 : 0x22b5a    : c_jr ra                    : IntAlu : 
 980000: system.cpu: T0 : 0x1b5c4    : c_lui a2, 27               : IntAlu :  D=0x000000000001b000
 981000: system.cpu: T0 : 0x1b5c6    : addi a2, a2, -514          : IntAlu :  D=0x000000000001adfe
 981500: system.cpu: T0 : 0x1b5ca    : c_mv a1, sp                : IntAlu :  D=0x7ffffffffffffbd0
 982000: system.cpu: T0 : 0x1b5cc    : c_li a0, 9                 : IntAlu :  D=0x0000000000000009
 983000: system.cpu: T0 : 0x1b5ce    : jal ra, 30024              : IntAlu :  D=0x000000000001b5d2
 983500: system.cpu: T0 : 0x22b16    : c_slli a0, 32              : IntAlu :  D=0x0000000900000000
 984000: system.cpu: T0 : 0x22b18    : c_srli a0, 32              : IntAlu :  D=0x0000000000000009
 985000: system.cpu: T0 : 0x22b1a    : slli a5, a0, 3             : IntAlu :  D=0x0000000000000048
 985500: system.cpu: T0 : 0x22b1e    : c_sub a5, a0               : IntAlu :  D=0x000000000000003f
 986000: system.cpu: T0 : 0x22b20    : lui a4, 111                : IntAlu :  D=0x000000000006f000
 986500: system.cpu: T0 : 0x22b24    : addi a4, a4, -1248         : IntAlu :  D=0x000000000006eb20
 987000: system.cpu: T0 : 0x22b28    : c_slli a5, 3               : IntAlu :  D=0x00000000000001f8
 987500: system.cpu: T0 : 0x22b2a    : c_add a5, a4               : IntAlu :  D=0x000000000006ed18
 988000: system.cpu: T0 : 0x22b2c    : c_lw a3, 8(a5)             : MemRead :  D=0x0000000000000000 A=0x6ed20
 988500: system.cpu: T0 : 0x22b2e    : c_li a6, 2                 : IntAlu :  D=0x0000000000000002
 989000: system.cpu: T0 : 0x22b30    : c_ld a5, 32(a5)            : MemRead :  D=0x0000000000000000 A=0x6ed38
 990000: system.cpu: T0 : 0x22b32    : bltu a6, a3, 42            : IntAlu : 
 990500: system.cpu: T0 : 0x22b36    : c_bnez a3, 38              : IntAlu : 
 991000: system.cpu: T0 : 0x22b38    : c_sw a5, 0(a1)             : MemWrite :  D=0x0000000000000000 A=0x7ffffffffffffbd0
 992000: system.cpu: T0 : 0x22b3a    : slli a5, a0, 3             : IntAlu :  D=0x0000000000000048
 992500: system.cpu: T0 : 0x22b3e    : c_sub a5, a0               : IntAlu :  D=0x000000000000003f
 993000: system.cpu: T0 : 0x22b40    : c_slli a5, 3               : IntAlu :  D=0x00000000000001f8
 994000: system.cpu: T0 : 0x22b42    : add a3, a4, a5             : IntAlu :  D=0x000000000006ed18
 995000: system.cpu: T0 : 0x22b46    : lbu a3, 40(a3)             : MemRead :  D=0x0000000000000000 A=0x6ed40
 995500: system.cpu: T0 : 0x22b4a    : c_beqz a3, 16              : IntAlu : 
 996000: system.cpu: T0 : 0x22b5a    : c_jr ra                    : IntAlu : 
 996500: system.cpu: T0 : 0x1b5d2    : c_lui a2, 27               : IntAlu :  D=0x000000000001b000
 997000: system.cpu: T0 : 0x1b5d4    : addi a2, a2, -452          : IntAlu :  D=0x000000000001ae3c
 997500: system.cpu: T0 : 0x1b5d8    : c_mv a1, sp                : IntAlu :  D=0x7ffffffffffffbd0
 998000: system.cpu: T0 : 0x1b5da    : c_li a0, 13                : IntAlu :  D=0x000000000000000d
 998500: system.cpu: T0 : 0x1b5dc    : jal ra, 30010              : IntAlu :  D=0x000000000001b5e0
 999000: system.cpu: T0 : 0x22b16    : c_slli a0, 32              : IntAlu :  D=0x0000000d00000000
 999500: system.cpu: T0 : 0x22b18    : c_srli a0, 32              : IntAlu :  D=0x000000000000000d
1000500: system.cpu: T0 : 0x22b1a    : slli a5, a0, 3             : IntAlu :  D=0x0000000000000068
1001000: system.cpu: T0 : 0x22b1e    : c_sub a5, a0               : IntAlu :  D=0x000000000000005b
1001500: system.cpu: T0 : 0x22b20    : lui a4, 111                : IntAlu :  D=0x000000000006f000
1002000: system.cpu: T0 : 0x22b24    : addi a4, a4, -1248         : IntAlu :  D=0x000000000006eb20
1002500: system.cpu: T0 : 0x22b28    : c_slli a5, 3               : IntAlu :  D=0x00000000000002d8
1003000: system.cpu: T0 : 0x22b2a    : c_add a5, a4               : IntAlu :  D=0x000000000006edf8
1003500: system.cpu: T0 : 0x22b2c    : c_lw a3, 8(a5)             : MemRead :  D=0x0000000000000002 A=0x6ee00
1004000: system.cpu: T0 : 0x22b2e    : c_li a6, 2                 : IntAlu :  D=0x0000000000000002
1004500: system.cpu: T0 : 0x22b30    : c_ld a5, 32(a5)            : MemRead :  D=0x0000000000000000 A=0x6ee18
1005500: system.cpu: T0 : 0x22b32    : bltu a6, a3, 42            : IntAlu : 
1006000: system.cpu: T0 : 0x22b36    : c_bnez a3, 38              : IntAlu : 
1006500: system.cpu: T0 : 0x22b5c    : c_sd a5, 0(a1)             : MemWrite :  D=0x0000000000000000 A=0x7ffffffffffffbd0
1007000: system.cpu: T0 : 0x22b5e    : c_j -36                    : IntAlu : 
1008000: system.cpu: T0 : 0x22b3a    : slli a5, a0, 3             : IntAlu :  D=0x0000000000000068
1008500: system.cpu: T0 : 0x22b3e    : c_sub a5, a0               : IntAlu :  D=0x000000000000005b
1009000: system.cpu: T0 : 0x22b40    : c_slli a5, 3               : IntAlu :  D=0x00000000000002d8
1010000: system.cpu: T0 : 0x22b42    : add a3, a4, a5             : IntAlu :  D=0x000000000006edf8
1011000: system.cpu: T0 : 0x22b46    : lbu a3, 40(a3)             : MemRead :  D=0x0000000000000000 A=0x6ee20
1011500: system.cpu: T0 : 0x22b4a    : c_beqz a3, 16              : IntAlu : 
1012000: system.cpu: T0 : 0x22b5a    : c_jr ra                    : IntAlu : 
1012500: system.cpu: T0 : 0x1b5e0    : c_lui a2, 27               : IntAlu :  D=0x000000000001b000
1013500: system.cpu: T0 : 0x1b5e2    : addi a2, a2, -440          : IntAlu :  D=0x000000000001ae48
1014000: system.cpu: T0 : 0x1b5e6    : c_mv a1, sp                : IntAlu :  D=0x7ffffffffffffbd0
1014500: system.cpu: T0 : 0x1b5e8    : c_li a0, 16                : IntAlu :  D=0x0000000000000010
1015500: system.cpu: T0 : 0x1b5ea    : jal ra, 29996              : IntAlu :  D=0x000000000001b5ee
1016000: system.cpu: T0 : 0x22b16    : c_slli a0, 32              : IntAlu :  D=0x0000001000000000
1016500: system.cpu: T0 : 0x22b18    : c_srli a0, 32              : IntAlu :  D=0x0000000000000010
1017500: system.cpu: T0 : 0x22b1a    : slli a5, a0, 3             : IntAlu :  D=0x0000000000000080
1018000: system.cpu: T0 : 0x22b1e    : c_sub a5, a0               : IntAlu :  D=0x0000000000000070
1018500: system.cpu: T0 : 0x22b20    : lui a4, 111                : IntAlu :  D=0x000000000006f000
1019000: system.cpu: T0 : 0x22b24    : addi a4, a4, -1248         : IntAlu :  D=0x000000000006eb20
1019500: system.cpu: T0 : 0x22b28    : c_slli a5, 3               : IntAlu :  D=0x0000000000000380
1020000: system.cpu: T0 : 0x22b2a    : c_add a5, a4               : IntAlu :  D=0x000000000006eea0
1020500: system.cpu: T0 : 0x22b2c    : c_lw a3, 8(a5)             : MemRead :  D=0x0000000000000002 A=0x6eea8
1021000: system.cpu: T0 : 0x22b2e    : c_li a6, 2                 : IntAlu :  D=0x0000000000000002
1021500: system.cpu: T0 : 0x22b30    : c_ld a5, 32(a5)            : MemRead :  D=0x0000000000000000 A=0x6eec0
1022500: system.cpu: T0 : 0x22b32    : bltu a6, a3, 42            : IntAlu : 
1023000: system.cpu: T0 : 0x22b36    : c_bnez a3, 38              : IntAlu : 
1023500: system.cpu: T0 : 0x22b5c    : c_sd a5, 0(a1)             : MemWrite :  D=0x0000000000000000 A=0x7ffffffffffffbd0
1024000: system.cpu: T0 : 0x22b5e    : c_j -36                    : IntAlu : 
1025000: system.cpu: T0 : 0x22b3a    : slli a5, a0, 3             : IntAlu :  D=0x0000000000000080
1025500: system.cpu: T0 : 0x22b3e    : c_sub a5, a0               : IntAlu :  D=0x0000000000000070
1026000: system.cpu: T0 : 0x22b40    : c_slli a5, 3               : IntAlu :  D=0x0000000000000380
1027000: system.cpu: T0 : 0x22b42    : add a3, a4, a5             : IntAlu :  D=0x000000000006eea0
1028000: system.cpu: T0 : 0x22b46    : lbu a3, 40(a3)             : MemRead :  D=0x0000000000000000 A=0x6eec8
1028500: system.cpu: T0 : 0x22b4a    : c_beqz a3, 16              : IntAlu : 
1029000: system.cpu: T0 : 0x22b5a    : c_jr ra                    : IntAlu : 
1029500: system.cpu: T0 : 0x1b5ee    : c_lui a2, 27               : IntAlu :  D=0x000000000001b000
1030000: system.cpu: T0 : 0x1b5f0    : addi a2, a2, -428          : IntAlu :  D=0x000000000001ae54
1030500: system.cpu: T0 : 0x1b5f4    : c_mv a1, sp                : IntAlu :  D=0x7ffffffffffffbd0
1031000: system.cpu: T0 : 0x1b5f6    : c_li a0, 18                : IntAlu :  D=0x0000000000000012
1031500: system.cpu: T0 : 0x1b5f8    : jal ra, 29982              : IntAlu :  D=0x000000000001b5fc
1032000: system.cpu: T0 : 0x22b16    : c_slli a0, 32              : IntAlu :  D=0x0000001200000000
1032500: system.cpu: T0 : 0x22b18    : c_srli a0, 32              : IntAlu :  D=0x0000000000000012
1033500: system.cpu: T0 : 0x22b1a    : slli a5, a0, 3             : IntAlu :  D=0x0000000000000090
1034000: system.cpu: T0 : 0x22b1e    : c_sub a5, a0               : IntAlu :  D=0x000000000000007e
1034500: system.cpu: T0 : 0x22b20    : lui a4, 111                : IntAlu :  D=0x000000000006f000
1035000: system.cpu: T0 : 0x22b24    : addi a4, a4, -1248         : IntAlu :  D=0x000000000006eb20
1035500: system.cpu: T0 : 0x22b28    : c_slli a5, 3               : IntAlu :  D=0x00000000000003f0
1036000: system.cpu: T0 : 0x22b2a    : c_add a5, a4               : IntAlu :  D=0x000000000006ef10
1036500: system.cpu: T0 : 0x22b2c    : c_lw a3, 8(a5)             : MemRead :  D=0x0000000000000002 A=0x6ef18
1037000: system.cpu: T0 : 0x22b2e    : c_li a6, 2                 : IntAlu :  D=0x0000000000000002
1037500: system.cpu: T0 : 0x22b30    : c_ld a5, 32(a5)            : MemRead :  D=0x0000000000000000 A=0x6ef30
1038500: system.cpu: T0 : 0x22b32    : bltu a6, a3, 42            : IntAlu : 
1039000: system.cpu: T0 : 0x22b36    : c_bnez a3, 38              : IntAlu : 
1039500: system.cpu: T0 : 0x22b5c    : c_sd a5, 0(a1)             : MemWrite :  D=0x0000000000000000 A=0x7ffffffffffffbd0
1040000: system.cpu: T0 : 0x22b5e    : c_j -36                    : IntAlu : 
1041000: system.cpu: T0 : 0x22b3a    : slli a5, a0, 3             : IntAlu :  D=0x0000000000000090
1041500: system.cpu: T0 : 0x22b3e    : c_sub a5, a0               : IntAlu :  D=0x000000000000007e
1042000: system.cpu: T0 : 0x22b40    : c_slli a5, 3               : IntAlu :  D=0x00000000000003f0
1043000: system.cpu: T0 : 0x22b42    : add a3, a4, a5             : IntAlu :  D=0x000000000006ef10
1044000: system.cpu: T0 : 0x22b46    : lbu a3, 40(a3)             : MemRead :  D=0x0000000000000000 A=0x6ef38
1044500: system.cpu: T0 : 0x22b4a    : c_beqz a3, 16              : IntAlu : 
1045000: system.cpu: T0 : 0x22b5a    : c_jr ra                    : IntAlu : 
1045500: system.cpu: T0 : 0x1b5fc    : c_lui a2, 27               : IntAlu :  D=0x000000000001b000
1046500: system.cpu: T0 : 0x1b5fe    : addi a2, a2, -382          : IntAlu :  D=0x000000000001ae82
1047000: system.cpu: T0 : 0x1b602    : c_mv a1, sp                : IntAlu :  D=0x7ffffffffffffbd0
1047500: system.cpu: T0 : 0x1b604    : c_li a0, 15                : IntAlu :  D=0x000000000000000f
1048500: system.cpu: T0 : 0x1b606    : jal ra, 29968              : IntAlu :  D=0x000000000001b60a
1049000: system.cpu: T0 : 0x22b16    : c_slli a0, 32              : IntAlu :  D=0x0000000f00000000
1049500: system.cpu: T0 : 0x22b18    : c_srli a0, 32              : IntAlu :  D=0x000000000000000f
1050500: system.cpu: T0 : 0x22b1a    : slli a5, a0, 3             : IntAlu :  D=0x0000000000000078
1051000: system.cpu: T0 : 0x22b1e    : c_sub a5, a0               : IntAlu :  D=0x0000000000000069
1051500: system.cpu: T0 : 0x22b20    : lui a4, 111                : IntAlu :  D=0x000000000006f000
1052000: system.cpu: T0 : 0x22b24    : addi a4, a4, -1248         : IntAlu :  D=0x000000000006eb20
1052500: system.cpu: T0 : 0x22b28    : c_slli a5, 3               : IntAlu :  D=0x0000000000000348
1053000: system.cpu: T0 : 0x22b2a    : c_add a5, a4               : IntAlu :  D=0x000000000006ee68
1053500: system.cpu: T0 : 0x22b2c    : c_lw a3, 8(a5)             : MemRead :  D=0x0000000000000002 A=0x6ee70
1054000: system.cpu: T0 : 0x22b2e    : c_li a6, 2                 : IntAlu :  D=0x0000000000000002
1054500: system.cpu: T0 : 0x22b30    : c_ld a5, 32(a5)            : MemRead :  D=0x0000000000000000 A=0x6ee88
1055500: system.cpu: T0 : 0x22b32    : bltu a6, a3, 42            : IntAlu : 
1056000: system.cpu: T0 : 0x22b36    : c_bnez a3, 38              : IntAlu : 
1056500: system.cpu: T0 : 0x22b5c    : c_sd a5, 0(a1)             : MemWrite :  D=0x0000000000000000 A=0x7ffffffffffffbd0
1057000: system.cpu: T0 : 0x22b5e    : c_j -36                    : IntAlu : 
1058000: system.cpu: T0 : 0x22b3a    : slli a5, a0, 3             : IntAlu :  D=0x0000000000000078
1058500: system.cpu: T0 : 0x22b3e    : c_sub a5, a0               : IntAlu :  D=0x0000000000000069
1059000: system.cpu: T0 : 0x22b40    : c_slli a5, 3               : IntAlu :  D=0x0000000000000348
1060000: system.cpu: T0 : 0x22b42    : add a3, a4, a5             : IntAlu :  D=0x000000000006ee68
1061000: system.cpu: T0 : 0x22b46    : lbu a3, 40(a3)             : MemRead :  D=0x0000000000000000 A=0x6ee90
1061500: system.cpu: T0 : 0x22b4a    : c_beqz a3, 16              : IntAlu : 
1062000: system.cpu: T0 : 0x22b5a    : c_jr ra                    : IntAlu : 
1062500: system.cpu: T0 : 0x1b60a    : c_lui a2, 27               : IntAlu :  D=0x000000000001b000
1063000: system.cpu: T0 : 0x1b60c    : addi a2, a2, -362          : IntAlu :  D=0x000000000001ae96
1063500: system.cpu: T0 : 0x1b610    : c_mv a1, sp                : IntAlu :  D=0x7ffffffffffffbd0
1064000: system.cpu: T0 : 0x1b612    : c_li a0, 11                : IntAlu :  D=0x000000000000000b
1064500: system.cpu: T0 : 0x1b614    : jal ra, 29954              : IntAlu :  D=0x000000000001b618
1065000: system.cpu: T0 : 0x22b16    : c_slli a0, 32              : IntAlu :  D=0x0000000b00000000
1065500: system.cpu: T0 : 0x22b18    : c_srli a0, 32              : IntAlu :  D=0x000000000000000b
1066500: system.cpu: T0 : 0x22b1a    : slli a5, a0, 3             : IntAlu :  D=0x0000000000000058
1067000: system.cpu: T0 : 0x22b1e    : c_sub a5, a0               : IntAlu :  D=0x000000000000004d
1067500: system.cpu: T0 : 0x22b20    : lui a4, 111                : IntAlu :  D=0x000000000006f000
1068000: system.cpu: T0 : 0x22b24    : addi a4, a4, -1248         : IntAlu :  D=0x000000000006eb20
1068500: system.cpu: T0 : 0x22b28    : c_slli a5, 3               : IntAlu :  D=0x0000000000000268
1069000: system.cpu: T0 : 0x22b2a    : c_add a5, a4               : IntAlu :  D=0x000000000006ed88
1069500: system.cpu: T0 : 0x22b2c    : c_lw a3, 8(a5)             : MemRead :  D=0x0000000000000002 A=0x6ed90
1070000: system.cpu: T0 : 0x22b2e    : c_li a6, 2                 : IntAlu :  D=0x0000000000000002
1070500: system.cpu: T0 : 0x22b30    : c_ld a5, 32(a5)            : MemRead :  D=0x0000000000000000 A=0x6eda8
1071500: system.cpu: T0 : 0x22b32    : bltu a6, a3, 42            : IntAlu : 
1072000: system.cpu: T0 : 0x22b36    : c_bnez a3, 38              : IntAlu : 
1072500: system.cpu: T0 : 0x22b5c    : c_sd a5, 0(a1)             : MemWrite :  D=0x0000000000000000 A=0x7ffffffffffffbd0
1073000: system.cpu: T0 : 0x22b5e    : c_j -36                    : IntAlu : 
1074000: system.cpu: T0 : 0x22b3a    : slli a5, a0, 3             : IntAlu :  D=0x0000000000000058
1074500: system.cpu: T0 : 0x22b3e    : c_sub a5, a0               : IntAlu :  D=0x000000000000004d
1075000: system.cpu: T0 : 0x22b40    : c_slli a5, 3               : IntAlu :  D=0x0000000000000268
1076000: system.cpu: T0 : 0x22b42    : add a3, a4, a5             : IntAlu :  D=0x000000000006ed88
1077000: system.cpu: T0 : 0x22b46    : lbu a3, 40(a3)             : MemRead :  D=0x0000000000000000 A=0x6edb0
1077500: system.cpu: T0 : 0x22b4a    : c_beqz a3, 16              : IntAlu : 
1078000: system.cpu: T0 : 0x22b5a    : c_jr ra                    : IntAlu : 
1078500: system.cpu: T0 : 0x1b618    : c_lui a2, 27               : IntAlu :  D=0x000000000001b000
1079500: system.cpu: T0 : 0x1b61a    : addi a2, a2, -350          : IntAlu :  D=0x000000000001aea2
1080000: system.cpu: T0 : 0x1b61e    : c_mv a1, sp                : IntAlu :  D=0x7ffffffffffffbd0
1080500: system.cpu: T0 : 0x1b620    : c_li a0, 5                 : IntAlu :  D=0x0000000000000005
1081500: system.cpu: T0 : 0x1b622    : jal ra, 29940              : IntAlu :  D=0x000000000001b626
1082000: system.cpu: T0 : 0x22b16    : c_slli a0, 32              : IntAlu :  D=0x0000000500000000
1082500: system.cpu: T0 : 0x22b18    : c_srli a0, 32              : IntAlu :  D=0x0000000000000005
1083500: system.cpu: T0 : 0x22b1a    : slli a5, a0, 3             : IntAlu :  D=0x0000000000000028
1084000: system.cpu: T0 : 0x22b1e    : c_sub a5, a0               : IntAlu :  D=0x0000000000000023
1084500: system.cpu: T0 : 0x22b20    : lui a4, 111                : IntAlu :  D=0x000000000006f000
1085000: system.cpu: T0 : 0x22b24    : addi a4, a4, -1248         : IntAlu :  D=0x000000000006eb20
1085500: system.cpu: T0 : 0x22b28    : c_slli a5, 3               : IntAlu :  D=0x0000000000000118
1086000: system.cpu: T0 : 0x22b2a    : c_add a5, a4               : IntAlu :  D=0x000000000006ec38
1086500: system.cpu: T0 : 0x22b2c    : c_lw a3, 8(a5)             : MemRead :  D=0x0000000000000002 A=0x6ec40
1087000: system.cpu: T0 : 0x22b2e    : c_li a6, 2                 : IntAlu :  D=0x0000000000000002
1087500: system.cpu: T0 : 0x22b30    : c_ld a5, 32(a5)            : MemRead :  D=0x0000000000000000 A=0x6ec58
1088500: system.cpu: T0 : 0x22b32    : bltu a6, a3, 42            : IntAlu : 
1089000: system.cpu: T0 : 0x22b36    : c_bnez a3, 38              : IntAlu : 
1089500: system.cpu: T0 : 0x22b5c    : c_sd a5, 0(a1)             : MemWrite :  D=0x0000000000000000 A=0x7ffffffffffffbd0
1090000: system.cpu: T0 : 0x22b5e    : c_j -36                    : IntAlu : 
1091000: system.cpu: T0 : 0x22b3a    : slli a5, a0, 3             : IntAlu :  D=0x0000000000000028
1091500: system.cpu: T0 : 0x22b3e    : c_sub a5, a0               : IntAlu :  D=0x0000000000000023
1092000: system.cpu: T0 : 0x22b40    : c_slli a5, 3               : IntAlu :  D=0x0000000000000118
1093000: system.cpu: T0 : 0x22b42    : add a3, a4, a5             : IntAlu :  D=0x000000000006ec38
1094000: system.cpu: T0 : 0x22b46    : lbu a3, 40(a3)             : MemRead :  D=0x0000000000000000 A=0x6ec60
1094500: system.cpu: T0 : 0x22b4a    : c_beqz a3, 16              : IntAlu : 
1095000: system.cpu: T0 : 0x22b5a    : c_jr ra                    : IntAlu : 
1095500: system.cpu: T0 : 0x1b626    : c_ldsp a4, 8(sp)           : MemRead :  D=0x6e776f442f2e2e00 A=0x7ffffffffffffbd8
1096000: system.cpu: T0 : 0x1b628    : ld a5, -1264(s1)           : MemRead :  D=0x6e776f442f2e2e00 A=0x6eb10
1096500: system.cpu: T0 : 0x1b62c    : c_li a3, 1                 : IntAlu :  D=0x0000000000000001
1097500: system.cpu: T0 : 0x1b62e    : sw a3, -1876(gp)           : MemWrite :  D=0x0000000000000001 A=0x7098c
1098500: system.cpu: T0 : 0x1b632    : bne a4, a5, 14             : IntAlu : 
1099000: system.cpu: T0 : 0x1b636    : c_ldsp ra, 40(sp)          : MemRead :  D=0x000000000001e414 A=0x7ffffffffffffbf8
1099500: system.cpu: T0 : 0x1b638    : c_ldsp s0, 32(sp)          : MemRead :  D=0x7ffffffffffffcf0 A=0x7ffffffffffffbf0
1100000: system.cpu: T0 : 0x1b63a    : c_ldsp s1, 24(sp)          : MemRead :  D=0x7ffffffffffffc20 A=0x7ffffffffffffbe8
1100500: system.cpu: T0 : 0x1b63c    : c_addi16sp sp, 48          : IntAlu :  D=0x7ffffffffffffc00
1101000: system.cpu: T0 : 0x1b63e    : c_jr ra                    : IntAlu : 
1101500: system.cpu: T0 : 0x1e414    : c_ldsp a0, 8(sp)           : MemRead :  D=0x0000000000000024 A=0x7ffffffffffffc08
1102000: system.cpu: T0 : 0x1e416    : c_ldsp ra, 24(sp)          : MemRead :  D=0x000000000003e2d2 A=0x7ffffffffffffc18
1102500: system.cpu: T0 : 0x1e418    : c_addi16sp sp, 32          : IntAlu :  D=0x7ffffffffffffc20
1103000: system.cpu: T0 : 0x1e41a    : c_j -540                   : IntAlu : 
1104000: system.cpu: T0 : 0x1e1fe    : ld t1, -1848(gp)           : MemRead :  D=0x0000000000000000 A=0x709a8
1105000: system.cpu: T0 : 0x1e202    : bne t1, zero, 260          : IntAlu : 
1105500: system.cpu: T0 : 0x1e206    : c_addi sp, -32             : IntAlu :  D=0x7ffffffffffffc00
1106000: system.cpu: T0 : 0x1e208    : c_sdsp s0, 16(sp)          : MemWrite :  D=0x7ffffffffffffcf0 A=0x7ffffffffffffc10
1106500: system.cpu: T0 : 0x1e20a    : c_sdsp ra, 24(sp)          : MemWrite :  D=0x000000000003e2d2 A=0x7ffffffffffffc18
1107000: system.cpu: T0 : 0x1e20c    : c_sdsp s1, 8(sp)           : MemWrite :  D=0x7ffffffffffffc20 A=0x7ffffffffffffc08
1107500: system.cpu: T0 : 0x1e20e    : c_sdsp s2, 0(sp)           : MemWrite :  D=0x0000000000000002 A=0x7ffffffffffffc00
1108000: system.cpu: T0 : 0x1e210    : c_mv s0, a0                : IntAlu :  D=0x0000000000000024
1109000: system.cpu: T0 : 0x1e212    : blt a0, zero, 222          : IntAlu : 
1110000: system.cpu: T0 : 0x1e216    : addi a5, a0, 23            : IntAlu :  D=0x000000000000003b
1110500: system.cpu: T0 : 0x1e21a    : c_li a4, 31                : IntAlu :  D=0x000000000000001f
1111000: system.cpu: T0 : 0x1e21c    : c_li s1, 0                 : IntAlu :  D=0x0000000000000000
1112000: system.cpu: T0 : 0x1e21e    : bltu a4, a5, 94            : IntAlu : 
1112500: system.cpu: T0 : 0x1e27c    : c_andi a5, 18446744073709551600 : IntAlu :  D=0x0000000000000030
1113000: system.cpu: T0 : 0x1e27e    : c_addi a5, -17             : IntAlu :  D=0x000000000000001f
1113500: system.cpu: T0 : 0x1e280    : srli s1, a5, 4             : IntAlu :  D=0x0000000000000001
1114000: system.cpu: T0 : 0x1e284    : c_j -98                    : IntAlu : 
1115000: system.cpu: T0 : 0x1e222    : ld a4, 40(tp)              : MemRead :  D=0x0000000000000000 A=0x73738
1115500: system.cpu: T0 : 0x1e226    : c_beqz a4, 96              : IntAlu : 
1116500: system.cpu: T0 : 0x1e286    : lbu a5, 48(tp)             : MemRead :  D=0x0000000000000000 A=0x73740
1117000: system.cpu: T0 : 0x1e28a    : c_bnez a5, -86             : IntAlu : 
1117500: system.cpu: T0 : 0x1e28c    : jal ra, -2486              : IntAlu :  D=0x000000000001e290
1118000: system.cpu: T0 : 0x1d8d6    : c_addi sp, -32             : IntAlu :  D=0x7ffffffffffffbe0
1118500: system.cpu: T0 : 0x1d8d8    : c_sdsp s0, 16(sp)          : MemWrite :  D=0x0000000000000024 A=0x7ffffffffffffbf0
1119500: system.cpu: T0 : 0x1d8da    : ld s0, 56(tp)              : MemRead :  D=0x000000000006f620 A=0x73748
1120000: system.cpu: T0 : 0x1d8de    : c_sdsp ra, 24(sp)          : MemWrite :  D=0x000000000001e290 A=0x7ffffffffffffbf8
1120500: system.cpu: T0 : 0x1d8e0    : c_sdsp s1, 8(sp)           : MemWrite :  D=0x0000000000000001 A=0x7ffffffffffffbe8
1121000: system.cpu: T0 : 0x1d8e2    : c_beqz s0, 78              : IntAlu : 
1121500: system.cpu: T0 : 0x1d8e4    : c_mv s1, s0                : IntAlu :  D=0x000000000006f620
1122000: system.cpu: T0 : 0x1d8e6    : c_li a4, 1                 : IntAlu :  D=0x0000000000000001
1122500: system.cpu: T0 : 0x1d8e8    : lr_w a5, (s0)             
1122500: system.cpu: T0 : 0x1d8e8. 0 : lr_w a5, (s0)              : MemRead :  D=0x0000000000000000 A=0x6f620
1123000: system.cpu: T0 : 0x1d8ec    : c_bnez a5, 8               : IntAlu : 
1124000: system.cpu: T0 : 0x1d8ee    : sc_w_aq a3, a4, (s0)      
1124000: system.cpu: T0 : 0x1d8ee. 0 : sc_w a3, a4, (s0)          : MemWrite :  D=0x0000000000000000 A=0x6f620
1124500: system.cpu: T0 : 0x1d8ee. 1 : 0x1ce426af fence           : No_OpClass : 
1125000: system.cpu: T0 : 0x1d8f2    : c_bnez a3, -10             : IntAlu : 
1125500: system.cpu: T0 : 0x1d8f4    : c_addiw a5, 0              : IntAlu :  D=0x0000000000000000
1126000: system.cpu: T0 : 0x1d8f6    : c_bnez a5, 162             : IntAlu : 
1126500: system.cpu: T0 : 0x1d8f8    : addi a1, zero, 640         : IntAlu :  D=0x0000000000000280
1127000: system.cpu: T0 : 0x1d8fc    : c_mv a0, s0                : IntAlu :  D=0x000000000006f620
1128000: system.cpu: T0 : 0x1d8fe    : jal ra, -2862              : IntAlu :  D=0x000000000001d902
1128500: system.cpu: T0 : 0x1cdd0    : c_addi16sp sp, -256        : IntAlu :  D=0x7ffffffffffffae0
1129000: system.cpu: T0 : 0x1cdd2    : c_sdsp ra, 248(sp)         : MemWrite :  D=0x000000000001d902 A=0x7ffffffffffffbd8
1129500: system.cpu: T0 : 0x1cdd4    : c_sdsp s0, 240(sp)         : MemWrite :  D=0x000000000006f620 A=0x7ffffffffffffbd0
1130000: system.cpu: T0 : 0x1cdd6    : c_sdsp s1, 232(sp)         : MemWrite :  D=0x000000000006f620 A=0x7ffffffffffffbc8
1130500: system.cpu: T0 : 0x1cdd8    : c_sdsp s2, 224(sp)         : MemWrite :  D=0x0000000000000002 A=0x7ffffffffffffbc0
1131000: system.cpu: T0 : 0x1cdda    : c_sdsp s3, 216(sp)         : MemWrite :  D=0x0000000000000000 A=0x7ffffffffffffbb8
1131500: system.cpu: T0 : 0x1cddc    : c_sdsp s4, 208(sp)         : MemWrite :  D=0x0000000000000000 A=0x7ffffffffffffbb0
1132000: system.cpu: T0 : 0x1cdde    : c_sdsp s5, 200(sp)         : MemWrite :  D=0x0000000000000000 A=0x7ffffffffffffba8
1132500: system.cpu: T0 : 0x1cde0    : c_sdsp s6, 192(sp)         : MemWrite :  D=0x0000000000073000 A=0x7ffffffffffffba0
1133000: system.cpu: T0 : 0x1cde2    : c_sdsp s7, 184(sp)         : MemWrite :  D=0x0000000000000000 A=0x7ffffffffffffb98
1133500: system.cpu: T0 : 0x1cde4    : c_sdsp s8, 176(sp)         : MemWrite :  D=0x0000000000000000 A=0x7ffffffffffffb90
1134000: system.cpu: T0 : 0x1cde6    : c_sdsp s9, 168(sp)         : MemWrite :  D=0x0000000000000003 A=0x7ffffffffffffb88
1134500: system.cpu: T0 : 0x1cde8    : c_sdsp s10, 160(sp)        : MemWrite :  D=0x0000000000000000 A=0x7ffffffffffffb80
1135000: system.cpu: T0 : 0x1cdea    : c_sdsp s11, 152(sp)        : MemWrite :  D=0x0000000000000000 A=0x7ffffffffffffb78
1135500: system.cpu: T0 : 0x1cdec    : blt a1, zero, 1198         : IntAlu : 
1136000: system.cpu: T0 : 0x1cdf0    : addi s0, a1, 23            : IntAlu :  D=0x0000000000000297
1136500: system.cpu: T0 : 0x1cdf4    : c_li a5, 31                : IntAlu :  D=0x000000000000001f
1137000: system.cpu: T0 : 0x1cdf6    : c_mv s3, a1                : IntAlu :  D=0x0000000000000280
1137500: system.cpu: T0 : 0x1cdf8    : c_mv s1, a0                : IntAlu :  D=0x000000000006f620
1138500: system.cpu: T0 : 0x1cdfa    : bltu a5, s0, 220           : IntAlu : 
1139000: system.cpu: T0 : 0x1ced6    : c_andi s0, 18446744073709551600 : IntAlu :  D=0x0000000000000290
1139500: system.cpu: T0 : 0x1ced8    : beq a0, zero, 988          : IntAlu : 
1140000: system.cpu: T0 : 0x1cedc    : ld a4, -1376(gp)           : MemRead :  D=0x0000000000000080 A=0x70b80
1140500: system.cpu: T0 : 0x1cee0    : srliw s9, s0, 4            : IntAlu :  D=0x0000000000000029
1141000: system.cpu: T0 : 0x1cee4    : srliw a5, s0, 4            : IntAlu :  D=0x0000000000000029
1141500: system.cpu: T0 : 0x1cee8    : bgeu a4, s0, 506           : IntAlu : 
1142000: system.cpu: T0 : 0x1ceec    : addi a4, zero, 1023        : IntAlu :  D=0x00000000000003ff
1142500: system.cpu: T0 : 0x1cef0    : bgeu a4, s0, 1722          : IntAlu : 
1143000: system.cpu: T0 : 0x1d5aa    : c_addiw a5, -1             : IntAlu :  D=0x0000000000000028
1143500: system.cpu: T0 : 0x1d5ac    : c_j -1406                  : IntAlu : 
1144500: system.cpu: T0 : 0x1d02e    : slliw a5, a5, 1            : IntAlu :  D=0x0000000000000050
1145000: system.cpu: T0 : 0x1d032    : c_slli a5, 32              : IntAlu :  D=0x0000005000000000
1145500: system.cpu: T0 : 0x1d034    : c_srli a5, 32              : IntAlu :  D=0x0000000000000050
1146000: system.cpu: T0 : 0x1d036    : c_addi a5, 14              : IntAlu :  D=0x000000000000005e
1146500: system.cpu: T0 : 0x1d038    : c_slli a5, 3               : IntAlu :  D=0x00000000000002f0
1147000: system.cpu: T0 : 0x1d03a    : c_j -550                   : IntAlu : 
1147500: system.cpu: T0 : 0x1ce14    : c_add a5, s1               : IntAlu :  D=0x000000000006f910
1148500: system.cpu: T0 : 0x1ce16    : ld s2, 8(a5)               : MemRead :  D=0x000000000006f900 A=0x6f918
1149500: system.cpu: T0 : 0x1ce1a    : addi a3, a5, -16           : IntAlu :  D=0x000000000006f900
1150500: system.cpu: T0 : 0x1ce1e    : beq a3, s2, 748            : IntAlu : 
1151500: system.cpu: T0 : 0x1d10a    : srli t1, s0, 9             : IntAlu :  D=0x0000000000000001
1152500: system.cpu: T0 : 0x1d10e    : addiw a5, t1, 91           : IntAlu :  D=0x000000000000005c
1153500: system.cpu: T0 : 0x1d112    : srli s10, s0, 6            : IntAlu :  D=0x000000000000000a
1154000: system.cpu: T0 : 0x1d116    : c_sdsp a5, 96(sp)          : MemWrite :  D=0x000000000000005c A=0x7ffffffffffffb40
1154500: system.cpu: T0 : 0x1d118    : addiw a5, s10, 48          : IntAlu :  D=0x000000000000003a
1155000: system.cpu: T0 : 0x1d11c    : c_sdsp a5, 88(sp)          : MemWrite :  D=0x000000000000003a A=0x7ffffffffffffb38
1156000: system.cpu: T0 : 0x1d11e    : addi a5, zero, 110         : IntAlu :  D=0x000000000000006e
1156500: system.cpu: T0 : 0x1d122    : c_sdsp a5, 112(sp)         : MemWrite :  D=0x000000000000006e A=0x7ffffffffffffb50
1157000: system.cpu: T0 : 0x1d124    : addi a5, zero, 119         : IntAlu :  D=0x0000000000000077
1157500: system.cpu: T0 : 0x1d128    : c_sdsp a5, 104(sp)         : MemWrite :  D=0x0000000000000077 A=0x7ffffffffffffb48
1158500: system.cpu: T0 : 0x1d12a    : addi a5, zero, 124         : IntAlu :  D=0x000000000000007c
1159000: system.cpu: T0 : 0x1d12e    : c_sdsp s9, 8(sp)           : MemWrite :  D=0x0000000000000029 A=0x7ffffffffffffae8
1159500: system.cpu: T0 : 0x1d130    : c_sdsp a5, 120(sp)         : MemWrite :  D=0x000000000000007c A=0x7ffffffffffffb58
1160000: system.cpu: T0 : 0x1d132    : c_sdsp zero, 128(sp)       : MemWrite :  D=0x0000000000000000 A=0x7ffffffffffffb60
1160500: system.cpu: T0 : 0x1d134    : c_sdsp zero, 136(sp)       : MemWrite :  D=0x0000000000000000 A=0x7ffffffffffffb68
1161500: system.cpu: T0 : 0x1d136    : ld a5, 40(tp)              : MemRead :  D=0x0000000000000000 A=0x73738
1162500: system.cpu: T0 : 0x1d13a    : addi s6, s0, -17           : IntAlu :  D=0x000000000000027f
1163500: system.cpu: T0 : 0x1d13e    : srli s6, s6, 4             : IntAlu :  D=0x0000000000000027
1164000: system.cpu: T0 : 0x1d142    : c_li s5, 0                 : IntAlu :  D=0x0000000000000000
1164500: system.cpu: T0 : 0x1d144    : c_beqz a5, 22              : IntAlu : 
1165500: system.cpu: T0 : 0x1d15a    : lui a5, 111                : IntAlu :  D=0x000000000006f000
1166000: system.cpu: T0 : 0x1d15e    : c_lui s11, 1               : IntAlu :  D=0x0000000000001000
1166500: system.cpu: T0 : 0x1d160    : lui s7, 111                : IntAlu :  D=0x000000000006f000
1167000: system.cpu: T0 : 0x1d164    : addi a5, a5, 1568          : IntAlu :  D=0x000000000006f620
1167500: system.cpu: T0 : 0x1d168    : addi s8, s1, 96            : IntAlu :  D=0x000000000006f680
1168000: system.cpu: T0 : 0x1d16c    : c_li t5, 0                 : IntAlu :  D=0x0000000000000000
1169000: system.cpu: T0 : 0x1d16e    : addi s7, s7, 1456          : IntAlu :  D=0x000000000006f5b0
1170000: system.cpu: T0 : 0x1d172    : add a7, s1, s11            : IntAlu :  D=0x0000000000070620
1170500: system.cpu: T0 : 0x1d176    : c_sdsp a5, 56(sp)          : MemWrite :  D=0x000000000006f620 A=0x7ffffffffffffb18
1171000: system.cpu: T0 : 0x1d178    : c_ld a5, 120(s1)           : MemRead :  D=0x000000000006f680 A=0x6f698
1172000: system.cpu: T0 : 0x1d17a    : beq a5, s8, 532            : IntAlu : 
1173000: system.cpu: T0 : 0x1d38e    : addi a5, zero, 1023        : IntAlu :  D=0x00000000000003ff
1174000: system.cpu: T0 : 0x1d392    : bgeu a5, s0, 38            : IntAlu : 
1174500: system.cpu: T0 : 0x1d3b8    : c_ldsp a3, 8(sp)           : MemRead :  D=0x0000000000000029 A=0x7ffffffffffffae8
1175000: system.cpu: T0 : 0x1d3ba    : c_li a0, 4                 : IntAlu :  D=0x0000000000000004
1175500: system.cpu: T0 : 0x1d3bc    : addiw a5, a3, 1            : IntAlu :  D=0x000000000000002a
1176000: system.cpu: T0 : 0x1d3c0    : srliw a4, a5, 5            : IntAlu :  D=0x0000000000000001
1176500: system.cpu: T0 : 0x1d3c4    : slliw a3, a3, 1            : IntAlu :  D=0x0000000000000052
1177000: system.cpu: T0 : 0x1d3c8    : addi a4, a4, 536           : IntAlu :  D=0x0000000000000219
1177500: system.cpu: T0 : 0x1d3cc    : c_slli a3, 32              : IntAlu :  D=0x0000005200000000
1178000: system.cpu: T0 : 0x1d3ce    : c_slli a4, 2               : IntAlu :  D=0x0000000000000864
1178500: system.cpu: T0 : 0x1d3d0    : c_srli a3, 32              : IntAlu :  D=0x0000000000000052
1179000: system.cpu: T0 : 0x1d3d2    : c_add a4, s1               : IntAlu :  D=0x000000000006fe84
1179500: system.cpu: T0 : 0x1d3d4    : c_slli a3, 3               : IntAlu :  D=0x0000000000000290
1180000: system.cpu: T0 : 0x1d3d6    : c_lw a2, 0(a4)             : MemRead :  D=0x0000000000000000 A=0x6fe84
1180500: system.cpu: T0 : 0x1d3d8    : addi a3, a3, 96            : IntAlu :  D=0x00000000000002f0
1181000: system.cpu: T0 : 0x1d3dc    : c_li a4, 1                 : IntAlu :  D=0x0000000000000001
1182000: system.cpu: T0 : 0x1d3de    : srliw s2, a5, 5            : IntAlu :  D=0x0000000000000001
1182500: system.cpu: T0 : 0x1d3e2    : c_add a3, s1               : IntAlu :  D=0x000000000006f910
1183000: system.cpu: T0 : 0x1d3e4    : sllw a5, a4, a5            : IntAlu :  D=0x0000000000000400
1183500: system.cpu: T0 : 0x1d3e8    : bltu a2, a5, 144           : IntAlu : 
1184000: system.cpu: T0 : 0x1d478    : addiw a5, s2, 1            : IntAlu :  D=0x0000000000000002
1184500: system.cpu: T0 : 0x1d47c    : addiw s2, a5, 0            : IntAlu :  D=0x0000000000000002
1185000: system.cpu: T0 : 0x1d480    : bne s2, a0, -26            : IntAlu : 
1185500: system.cpu: T0 : 0x1d466    : c_slli a5, 32              : IntAlu :  D=0x0000000200000000
1186000: system.cpu: T0 : 0x1d468    : c_srli a5, 32              : IntAlu :  D=0x0000000000000002
1187000: system.cpu: T0 : 0x1d46a    : addi a5, a5, 536           : IntAlu :  D=0x000000000000021a
1187500: system.cpu: T0 : 0x1d46e    : c_slli a5, 2               : IntAlu :  D=0x0000000000000868
1188000: system.cpu: T0 : 0x1d470    : c_add a5, s1               : IntAlu :  D=0x000000000006fe88
1188500: system.cpu: T0 : 0x1d472    : c_lw a2, 0(a5)             : MemRead :  D=0x0000000000000000 A=0x6fe88
1189000: system.cpu: T0 : 0x1d474    : bne a2, zero, 384          : IntAlu : 
1189500: system.cpu: T0 : 0x1d478    : addiw a5, s2, 1            : IntAlu :  D=0x0000000000000003
1190000: system.cpu: T0 : 0x1d47c    : addiw s2, a5, 0            : IntAlu :  D=0x0000000000000003
1190500: system.cpu: T0 : 0x1d480    : bne s2, a0, -26            : IntAlu : 
1191000: system.cpu: T0 : 0x1d466    : c_slli a5, 32              : IntAlu :  D=0x0000000300000000
1191500: system.cpu: T0 : 0x1d468    : c_srli a5, 32              : IntAlu :  D=0x0000000000000003
1192500: system.cpu: T0 : 0x1d46a    : addi a5, a5, 536           : IntAlu :  D=0x000000000000021b
1193000: system.cpu: T0 : 0x1d46e    : c_slli a5, 2               : IntAlu :  D=0x000000000000086c
1193500: system.cpu: T0 : 0x1d470    : c_add a5, s1               : IntAlu :  D=0x000000000006fe8c
1194000: system.cpu: T0 : 0x1d472    : c_lw a2, 0(a5)             : MemRead :  D=0x0000000000000000 A=0x6fe8c
1194500: system.cpu: T0 : 0x1d474    : bne a2, zero, 384          : IntAlu : 
1195000: system.cpu: T0 : 0x1d478    : addiw a5, s2, 1            : IntAlu :  D=0x0000000000000004
1195500: system.cpu: T0 : 0x1d47c    : addiw s2, a5, 0            : IntAlu :  D=0x0000000000000004
1196000: system.cpu: T0 : 0x1d480    : bne s2, a0, -26            : IntAlu : 
1196500: system.cpu: T0 : 0x1d484    : c_ld a4, 96(s1)            : MemRead :  D=0x000000000006f680 A=0x6f680
1197500: system.cpu: T0 : 0x1d486    : ld a3, -1912(a7)           : MemRead :  D=0x0000000000000000 A=0x6fea8
1198000: system.cpu: T0 : 0x1d48a    : c_ld a5, 8(a4)             : MemRead :  D=0x0000000000000000 A=0x6f688
1198500: system.cpu: T0 : 0x1d48c    : c_andi a5, 18446744073709551608 : IntAlu :  D=0x0000000000000000
1199500: system.cpu: T0 : 0x1d48e    : bltu a3, a5, 548           : IntAlu : 
1200500: system.cpu: T0 : 0x1d492    : addi a3, s0, 32            : IntAlu :  D=0x00000000000002b0
1201500: system.cpu: T0 : 0x1d496    : bgeu a5, a3, 640           : IntAlu : 
1202000: system.cpu: T0 : 0x1d49a    : c_sdsp a7, 32(sp)          : MemWrite :  D=0x0000000000070620 A=0x7ffffffffffffb00
1202500: system.cpu: T0 : 0x1d49c    : c_sdsp t1, 24(sp)          : MemWrite :  D=0x0000000000000001 A=0x7ffffffffffffaf8
1203000: system.cpu: T0 : 0x1d49e    : c_sdsp t5, 16(sp)          : MemWrite :  D=0x0000000000000000 A=0x7ffffffffffffaf0
1203500: system.cpu: T0 : 0x1d4a0    : c_lw a5, 8(s1)             : MemRead :  D=0x0000000000000000 A=0x6f628
1204000: system.cpu: T0 : 0x1d4a2    : c_addiw a5, 0              : IntAlu :  D=0x0000000000000000
1204500: system.cpu: T0 : 0x1d4a4    : c_beqz a5, 180             : IntAlu : 
1205000: system.cpu: T0 : 0x1d558    : c_mv a1, s1                : IntAlu :  D=0x000000000006f620
1205500: system.cpu: T0 : 0x1d55a    : c_mv a0, s0                : IntAlu :  D=0x0000000000000290
1206000: system.cpu: T0 : 0x1d55c    : jal ra, -3372              : IntAlu :  D=0x000000000001d560
1206500: system.cpu: T0 : 0x1c830    : c_addi16sp sp, -160        : IntAlu :  D=0x7ffffffffffffa40
1207000: system.cpu: T0 : 0x1c832    : c_sdsp s1, 136(sp)         : MemWrite :  D=0x000000000006f620 A=0x7ffffffffffffac8
1207500: system.cpu: T0 : 0x1c834    : c_sdsp s2, 128(sp)         : MemWrite :  D=0x0000000000000004 A=0x7ffffffffffffac0
1208000: system.cpu: T0 : 0x1c836    : c_sdsp s10, 64(sp)         : MemWrite :  D=0x000000000000000a A=0x7ffffffffffffa80
1208500: system.cpu: T0 : 0x1c838    : c_sdsp ra, 152(sp)         : MemWrite :  D=0x000000000001d560 A=0x7ffffffffffffad8
1209000: system.cpu: T0 : 0x1c83a    : c_sdsp s0, 144(sp)         : MemWrite :  D=0x0000000000000290 A=0x7ffffffffffffad0
1209500: system.cpu: T0 : 0x1c83c    : c_sdsp s3, 120(sp)         : MemWrite :  D=0x0000000000000280 A=0x7ffffffffffffab8
1210000: system.cpu: T0 : 0x1c83e    : c_sdsp s4, 112(sp)         : MemWrite :  D=0x0000000000000000 A=0x7ffffffffffffab0
1210500: system.cpu: T0 : 0x1c840    : c_sdsp s5, 104(sp)         : MemWrite :  D=0x0000000000000000 A=0x7ffffffffffffaa8
1211000: system.cpu: T0 : 0x1c842    : c_sdsp s6, 96(sp)          : MemWrite :  D=0x0000000000000027 A=0x7ffffffffffffaa0
1211500: system.cpu: T0 : 0x1c844    : c_sdsp s7, 88(sp)          : MemWrite :  D=0x000000000006f5b0 A=0x7ffffffffffffa98
1212000: system.cpu: T0 : 0x1c846    : c_sdsp s8, 80(sp)          : MemWrite :  D=0x000000000006f680 A=0x7ffffffffffffa90
1212500: system.cpu: T0 : 0x1c848    : c_sdsp s9, 72(sp)          : MemWrite :  D=0x0000000000000029 A=0x7ffffffffffffa88
1213000: system.cpu: T0 : 0x1c84a    : c_sdsp s11, 56(sp)         : MemWrite :  D=0x0000000000001000 A=0x7ffffffffffffa78
1213500: system.cpu: T0 : 0x1c84c    : ld s2, -1784(gp)           : MemRead :  D=0x0000000000001000 A=0x709e8
1214000: system.cpu: T0 : 0x1c850    : c_mv s1, a0                : IntAlu :  D=0x0000000000000290
1215000: system.cpu: T0 : 0x1c852    : beq a1, zero, 534          : IntAlu : 
1216000: system.cpu: T0 : 0x1c856    : lui s11, 111               : IntAlu :  D=0x000000000006f000
1217000: system.cpu: T0 : 0x1c85a    : addi s11, s11, 1456        : IntAlu :  D=0x000000000006f5b0
1218000: system.cpu: T0 : 0x1c85e    : ld a5, 16(s11)             : MemRead :  D=0x0000000000020000 A=0x6f5c0
1218500: system.cpu: T0 : 0x1c862    : c_mv s0, a1                : IntAlu :  D=0x000000000006f620
1219000: system.cpu: T0 : 0x1c864    : bgeu a0, a5, 276           : IntAlu : 
1219500: system.cpu: T0 : 0x1c868    : c_sdsp zero, 8(sp)         : MemWrite :  D=0x0000000000000000 A=0x7ffffffffffffa48
1220500: system.cpu: T0 : 0x1c86a    : addi s5, s2, 7             : IntAlu :  D=0x0000000000001007
1221500: system.cpu: T0 : 0x1c86e    : add a5, s5, s1             : IntAlu :  D=0x0000000000001297
1222500: system.cpu: T0 : 0x1c872    : lui s6, 111                : IntAlu :  D=0x000000000006f000
1223500: system.cpu: T0 : 0x1c876    : sub s5, zero, s2           : IntAlu :  D=0xfffffffffffff000
1224500: system.cpu: T0 : 0x1c87a    : addi a7, s0, 96            : IntAlu :  D=0x000000000006f680
1225500: system.cpu: T0 : 0x1c87e    : addi t1, s2, -1            : IntAlu :  D=0x0000000000000fff
1226500: system.cpu: T0 : 0x1c882    : addi s8, s1, 32            : IntAlu :  D=0x00000000000002b0
1227500: system.cpu: T0 : 0x1c886    : addi s7, s6, 1568          : IntAlu :  D=0x000000000006f620
1228500: system.cpu: T0 : 0x1c88a    : and s5, a5, s5             : IntAlu :  D=0x0000000000001000
1229500: system.cpu: T0 : 0x1c88e    : ld s4, 96(s0)              : MemRead :  D=0x000000000006f680 A=0x6f680
1230500: system.cpu: T0 : 0x1c892    : ld a5, 8(s4)               : MemRead :  D=0x0000000000000000 A=0x6f688
1231500: system.cpu: T0 : 0x1c896    : andi s3, a5, 18446744073709551608 : IntAlu :  D=0x0000000000000000
1232500: system.cpu: T0 : 0x1c89a    : add s9, s4, s3             : IntAlu :  D=0x000000000006f680
1233500: system.cpu: T0 : 0x1c89e    : beq s4, a7, 506            : IntAlu : 
1234000: system.cpu: T0 : 0x1ca98    : beq s3, zero, -482         : IntAlu : 
1235000: system.cpu: T0 : 0x1c8b6    : bgeu s3, s8, 1112          : IntAlu : 
1236000: system.cpu: T0 : 0x1c8ba    : beq s0, s7, 484            : IntAlu : 
1237000: system.cpu: T0 : 0x1ca9e    : ld s5, 8(s11)              : MemRead :  D=0x0000000000020000 A=0x6f5b8
1237500: system.cpu: T0 : 0x1caa2    : c_lw a5, 4(s0)             : MemRead :  D=0x0000000000000000 A=0x6f624
1238000: system.cpu: T0 : 0x1caa4    : addi s10, s2, -1           : IntAlu :  D=0x0000000000000fff
1238500: system.cpu: T0 : 0x1caa8    : addi s5, s5, 32            : IntAlu :  D=0x0000000000020020
1239000: system.cpu: T0 : 0x1caac    : c_add s5, s10              : IntAlu :  D=0x000000000002101f
1239500: system.cpu: T0 : 0x1caae    : c_andi a5, 2               : IntAlu :  D=0x0000000000000000
1240000: system.cpu: T0 : 0x1cab0    : c_add s5, s1               : IntAlu :  D=0x00000000000212af
1241000: system.cpu: T0 : 0x1cab2    : sub a6, zero, s2           : IntAlu :  D=0xfffffffffffff000
1241500: system.cpu: T0 : 0x1cab6    : c_beqz a5, 158             : IntAlu : 
1242000: system.cpu: T0 : 0x1cb54    : sub s5, s5, s3             : IntAlu :  D=0x00000000000212af
1242500: system.cpu: T0 : 0x1cb58    : and s5, s5, a6             : IntAlu :  D=0x0000000000021000
1243000: system.cpu: T0 : 0x1cb5c    : blt zero, s5, -156         : IntAlu : 
1243500: system.cpu: T0 : 0x1cac0    : ld a5, -1840(gp)           : MemRead :  D=0x000000000001f3f2 A=0x709b0
1244000: system.cpu: T0 : 0x1cac4    : c_mv a0, s5                : IntAlu :  D=0x0000000000021000
1244500: system.cpu: T0 : 0x1cac6    : c_sdsp a6, 8(sp)           : MemWrite :  D=0xfffffffffffff000 A=0x7ffffffffffffa48
1245000: system.cpu: T0 : 0x1cac8    : c_jalr a5                  : IntAlu :  D=0x000000000001caca
1245500: system.cpu: T0 : 0x1f3f2    : c_addi sp, -16             : IntAlu :  D=0x7ffffffffffffa30
1246000: system.cpu: T0 : 0x1f3f4    : c_sdsp ra, 8(sp)           : MemWrite :  D=0x000000000001caca A=0x7ffffffffffffa38
1247000: system.cpu: T0 : 0x1f3f6    : jal ra, 9318               : IntAlu :  D=0x000000000001f3fa
1247500: system.cpu: T0 : 0x2185c    : c_addi sp, -32             : IntAlu :  D=0x7ffffffffffffa10
1248000: system.cpu: T0 : 0x2185e    : c_sdsp s2, 0(sp)           : MemWrite :  D=0x0000000000001000 A=0x7ffffffffffffa10
1248500: system.cpu: T0 : 0x21860    : c_sdsp s1, 8(sp)           : MemWrite :  D=0x0000000000000290 A=0x7ffffffffffffa18
1249500: system.cpu: T0 : 0x21862    : ld s1, -1200(gp)           : MemRead :  D=0x0000000000073f80 A=0x70c30
1250000: system.cpu: T0 : 0x21866    : c_sdsp s0, 16(sp)          : MemWrite :  D=0x000000000006f620 A=0x7ffffffffffffa20
1250500: system.cpu: T0 : 0x21868    : c_sdsp ra, 24(sp)          : MemWrite :  D=0x000000000001f3fa A=0x7ffffffffffffa28
1251000: system.cpu: T0 : 0x2186a    : c_mv s0, a0                : IntAlu :  D=0x0000000000021000
1251500: system.cpu: T0 : 0x2186c    : c_beqz s1, 46              : IntAlu : 
1252500: system.cpu: T0 : 0x2186e    : lw a5, -1728(gp)           : MemRead :  D=0x0000000000000000 A=0x70a20
1253000: system.cpu: T0 : 0x21872    : c_bnez a5, 40              : IntAlu : 
1253500: system.cpu: T0 : 0x21874    : c_beqz s0, 24              : IntAlu : 
1254500: system.cpu: T0 : 0x21876    : bge zero, s0, 52           : IntAlu : 
1255500: system.cpu: T0 : 0x2187a    : add a5, s0, s1             : IntAlu :  D=0x0000000000094f80
1256500: system.cpu: T0 : 0x2187e    : sltu a5, a5, s1            : IntAlu :  D=0x0000000000000000
1257000: system.cpu: T0 : 0x21882    : c_beqz a5, 50              : IntAlu : 
1257500: system.cpu: T0 : 0x218b4    : add a0, s1, s0             : IntAlu :  D=0x0000000000094f80
1258000: system.cpu: T0 : 0x218b8    : jal ra, 98390              : IntAlu :  D=0x00000000000218bc
1258500: system.cpu: T0 : 0x3990e    : c_mv a5, a0                : IntAlu :  D=0x0000000000094f80
1259000: system.cpu: T0 : 0x39910    : addi a7, zero, 214         : IntAlu :  D=0x00000000000000d6
1259500: system.cpu: T0 : 0x39914    : ecall                      : No_OpClass : 
1260000: system.cpu: T0 : 0x39918    : sd a0, -1200(gp)           : MemWrite :  D=0x0000000000094f80 A=0x70c30
1260500: system.cpu: T0 : 0x3991c    : bltu a0, a5, 8             : IntAlu : 
1261000: system.cpu: T0 : 0x39920    : c_li a0, 0                 : IntAlu :  D=0x0000000000000000
1261500: system.cpu: T0 : 0x39922    : c_jr ra                    : IntAlu : 
1262000: system.cpu: T0 : 0x218bc    : blt a0, zero, -50          : IntAlu : 
1262500: system.cpu: T0 : 0x218c0    : c_ldsp ra, 24(sp)          : MemRead :  D=0x000000000001f3fa A=0x7ffffffffffffa28
1263000: system.cpu: T0 : 0x218c2    : c_ldsp s0, 16(sp)          : MemRead :  D=0x000000000006f620 A=0x7ffffffffffffa20
1263500: system.cpu: T0 : 0x218c4    : c_ldsp s2, 0(sp)           : MemRead :  D=0x0000000000001000 A=0x7ffffffffffffa10
1264000: system.cpu: T0 : 0x218c6    : c_mv a0, s1                : IntAlu :  D=0x0000000000073f80
1264500: system.cpu: T0 : 0x218c8    : c_ldsp s1, 8(sp)           : MemRead :  D=0x0000000000000290 A=0x7ffffffffffffa18
1265000: system.cpu: T0 : 0x218ca    : c_addi16sp sp, 32          : IntAlu :  D=0x7ffffffffffffa30
1265500: system.cpu: T0 : 0x218cc    : c_jr ra                    : IntAlu : 
1266000: system.cpu: T0 : 0x1f3fa    : c_li a5, -1                : IntAlu :  D=0xffffffffffffffff
1266500: system.cpu: T0 : 0x1f3fc    : beq a0, a5, 10             : IntAlu : 
1267000: system.cpu: T0 : 0x1f400    : c_ldsp ra, 8(sp)           : MemRead :  D=0x000000000001caca A=0x7ffffffffffffa38
1267500: system.cpu: T0 : 0x1f402    : c_addi sp, 16              : IntAlu :  D=0x7ffffffffffffa40
1268000: system.cpu: T0 : 0x1f404    : c_jr ra                    : IntAlu : 
1268500: system.cpu: T0 : 0x1caca    : c_ldsp a6, 8(sp)           : MemRead :  D=0xfffffffffffff000 A=0x7ffffffffffffa48
1269000: system.cpu: T0 : 0x1cacc    : c_mv s2, a0                : IntAlu :  D=0x0000000000073f80
1270000: system.cpu: T0 : 0x1cace    : beq a0, zero, 502          : IntAlu : 
1271000: system.cpu: T0 : 0x1cad2    : ld a5, -1392(gp)           : MemRead :  D=0x0000000000000000 A=0x70b70
1271500: system.cpu: T0 : 0x1cad6    : c_li a4, 0                 : IntAlu :  D=0x0000000000000000
1272000: system.cpu: T0 : 0x1cad8    : bne a5, zero, 538          : IntAlu : 
1272500: system.cpu: T0 : 0x1cadc    : ld a5, 72(s11)             : MemRead :  D=0x0000000000000000 A=0x6f5f8
1273000: system.cpu: T0 : 0x1cae0    : beq a5, zero, 380          : IntAlu : 
1273500: system.cpu: T0 : 0x1cc5c    : sd s2, 72(s11)             : MemWrite :  D=0x0000000000073f80 A=0x6f5f8
1274000: system.cpu: T0 : 0x1cc60    : c_j -380                   : IntAlu : 
1274500: system.cpu: T0 : 0x1cae4    : c_lui s11, 1               : IntAlu :  D=0x0000000000001000
1275000: system.cpu: T0 : 0x1cae6    : c_add s11, s7              : IntAlu :  D=0x0000000000070620
1275500: system.cpu: T0 : 0x1cae8    : ld a5, -1912(s11)          : MemRead :  D=0x0000000000000000 A=0x6fea8
1276000: system.cpu: T0 : 0x1caec    : c_add a5, s5               : IntAlu :  D=0x0000000000021000
1277000: system.cpu: T0 : 0x1caee    : sd a5, -1912(s11)          : MemWrite :  D=0x0000000000021000 A=0x6fea8
1278000: system.cpu: T0 : 0x1caf2    : beq s9, s2, 342            : IntAlu : 
1279000: system.cpu: T0 : 0x1caf6    : lw a3, 4(s7)               : MemRead :  D=0x0000000000000000 A=0x6f624
1279500: system.cpu: T0 : 0x1cafa    : c_andi a3, 2               : IntAlu :  D=0x0000000000000000
1280000: system.cpu: T0 : 0x1cafc    : bne a3, zero, 242          : IntAlu : 
1280500: system.cpu: T0 : 0x1cb00    : beq s3, zero, 18           : IntAlu : 
1281500: system.cpu: T0 : 0x1cb12    : andi a5, s2, 15            : IntAlu :  D=0x0000000000000000
1282500: system.cpu: T0 : 0x1cb16    : bne a5, zero, 332          : IntAlu : 
1283000: system.cpu: T0 : 0x1cb1a    : c_mv a4, s3                : IntAlu :  D=0x0000000000000000
1283500: system.cpu: T0 : 0x1cb1c    : c_mv s9, s2                : IntAlu :  D=0x0000000000073f80
1284000: system.cpu: T0 : 0x1cb1e    : c_add s5, a4               : IntAlu :  D=0x0000000000021000
1284500: system.cpu: T0 : 0x1cb20    : add a0, s2, s5             : IntAlu :  D=0x0000000000094f80
1285000: system.cpu: T0 : 0x1cb24    : c_add s10, a0              : IntAlu :  D=0x0000000000095f7f
1286000: system.cpu: T0 : 0x1cb26    : and a6, s10, a6            : IntAlu :  D=0x0000000000095000
1286500: system.cpu: T0 : 0x1cb2a    : c_sub a4, a0               : IntAlu :  D=0xfffffffffff6b080
1287000: system.cpu: T0 : 0x1cb2c    : add s5, a6, a4             : IntAlu :  D=0x0000000000000080
1287500: system.cpu: T0 : 0x1cb30    : blt s5, zero, 626          : IntAlu : 
1288000: system.cpu: T0 : 0x1cb34    : ld a5, -1840(gp)           : MemRead :  D=0x000000000001f3f2 A=0x709b0
1288500: system.cpu: T0 : 0x1cb38    : c_mv a0, s5                : IntAlu :  D=0x0000000000000080
1289000: system.cpu: T0 : 0x1cb3a    : c_jalr a5                  : IntAlu :  D=0x000000000001cb3c
1289500: system.cpu: T0 : 0x1f3f2    : c_addi sp, -16             : IntAlu :  D=0x7ffffffffffffa30
1290000: system.cpu: T0 : 0x1f3f4    : c_sdsp ra, 8(sp)           : MemWrite :  D=0x000000000001cb3c A=0x7ffffffffffffa38
1291000: system.cpu: T0 : 0x1f3f6    : jal ra, 9318               : IntAlu :  D=0x000000000001f3fa
1291500: system.cpu: T0 : 0x2185c    : c_addi sp, -32             : IntAlu :  D=0x7ffffffffffffa10
1292000: system.cpu: T0 : 0x2185e    : c_sdsp s2, 0(sp)           : MemWrite :  D=0x0000000000073f80 A=0x7ffffffffffffa10
1292500: system.cpu: T0 : 0x21860    : c_sdsp s1, 8(sp)           : MemWrite :  D=0x0000000000000290 A=0x7ffffffffffffa18
1293500: system.cpu: T0 : 0x21862    : ld s1, -1200(gp)           : MemRead :  D=0x0000000000094f80 A=0x70c30
1294000: system.cpu: T0 : 0x21866    : c_sdsp s0, 16(sp)          : MemWrite :  D=0x000000000006f620 A=0x7ffffffffffffa20
1294500: system.cpu: T0 : 0x21868    : c_sdsp ra, 24(sp)          : MemWrite :  D=0x000000000001f3fa A=0x7ffffffffffffa28
1295000: system.cpu: T0 : 0x2186a    : c_mv s0, a0                : IntAlu :  D=0x0000000000000080
1295500: system.cpu: T0 : 0x2186c    : c_beqz s1, 46              : IntAlu : 
1296500: system.cpu: T0 : 0x2186e    : lw a5, -1728(gp)           : MemRead :  D=0x0000000000000000 A=0x70a20
1297000: system.cpu: T0 : 0x21872    : c_bnez a5, 40              : IntAlu : 
1297500: system.cpu: T0 : 0x21874    : c_beqz s0, 24              : IntAlu : 
1298500: system.cpu: T0 : 0x21876    : bge zero, s0, 52           : IntAlu : 
1299500: system.cpu: T0 : 0x2187a    : add a5, s0, s1             : IntAlu :  D=0x0000000000095000
1300500: system.cpu: T0 : 0x2187e    : sltu a5, a5, s1            : IntAlu :  D=0x0000000000000000
1301000: system.cpu: T0 : 0x21882    : c_beqz a5, 50              : IntAlu : 
1301500: system.cpu: T0 : 0x218b4    : add a0, s1, s0             : IntAlu :  D=0x0000000000095000
1302000: system.cpu: T0 : 0x218b8    : jal ra, 98390              : IntAlu :  D=0x00000000000218bc
1302500: system.cpu: T0 : 0x3990e    : c_mv a5, a0                : IntAlu :  D=0x0000000000095000
1303000: system.cpu: T0 : 0x39910    : addi a7, zero, 214         : IntAlu :  D=0x00000000000000d6
1303500: system.cpu: T0 : 0x39914    : ecall                      : No_OpClass : 
1304000: system.cpu: T0 : 0x39918    : sd a0, -1200(gp)           : MemWrite :  D=0x0000000000095000 A=0x70c30
1304500: system.cpu: T0 : 0x3991c    : bltu a0, a5, 8             : IntAlu : 
1305000: system.cpu: T0 : 0x39920    : c_li a0, 0                 : IntAlu :  D=0x0000000000000000
1305500: system.cpu: T0 : 0x39922    : c_jr ra                    : IntAlu : 
1306000: system.cpu: T0 : 0x218bc    : blt a0, zero, -50          : IntAlu : 
1306500: system.cpu: T0 : 0x218c0    : c_ldsp ra, 24(sp)          : MemRead :  D=0x000000000001f3fa A=0x7ffffffffffffa28
1307000: system.cpu: T0 : 0x218c2    : c_ldsp s0, 16(sp)          : MemRead :  D=0x000000000006f620 A=0x7ffffffffffffa20
1307500: system.cpu: T0 : 0x218c4    : c_ldsp s2, 0(sp)           : MemRead :  D=0x0000000000073f80 A=0x7ffffffffffffa10
1308000: system.cpu: T0 : 0x218c6    : c_mv a0, s1                : IntAlu :  D=0x0000000000094f80
1308500: system.cpu: T0 : 0x218c8    : c_ldsp s1, 8(sp)           : MemRead :  D=0x0000000000000290 A=0x7ffffffffffffa18
1309000: system.cpu: T0 : 0x218ca    : c_addi16sp sp, 32          : IntAlu :  D=0x7ffffffffffffa30
1309500: system.cpu: T0 : 0x218cc    : c_jr ra                    : IntAlu : 
1310000: system.cpu: T0 : 0x1f3fa    : c_li a5, -1                : IntAlu :  D=0xffffffffffffffff
1310500: system.cpu: T0 : 0x1f3fc    : beq a0, a5, 10             : IntAlu : 
1311000: system.cpu: T0 : 0x1f400    : c_ldsp ra, 8(sp)           : MemRead :  D=0x000000000001cb3c A=0x7ffffffffffffa38
1311500: system.cpu: T0 : 0x1f402    : c_addi sp, 16              : IntAlu :  D=0x7ffffffffffffa40
1312000: system.cpu: T0 : 0x1f404    : c_jr ra                    : IntAlu : 
1312500: system.cpu: T0 : 0x1cb3c    : c_mv a4, a0                : IntAlu :  D=0x0000000000094f80
1313500: system.cpu: T0 : 0x1cb3e    : beq a0, zero, 426          : IntAlu : 
1314500: system.cpu: T0 : 0x1cb42    : ld a5, -1392(gp)           : MemRead :  D=0x0000000000000000 A=0x70b70
1315500: system.cpu: T0 : 0x1cb46    : bne a5, zero, 440          : IntAlu : 
1316500: system.cpu: T0 : 0x1cb4a    : ld a5, -1912(s11)          : MemRead :  D=0x0000000000021000 A=0x6fea8
1317000: system.cpu: T0 : 0x1cb4e    : c_mv s2, s9                : IntAlu :  D=0x0000000000073f80
1317500: system.cpu: T0 : 0x1cb50    : c_add a5, s5               : IntAlu :  D=0x0000000000021080
1318000: system.cpu: T0 : 0x1cb52    : c_j 168                    : IntAlu : 
1319000: system.cpu: T0 : 0x1cbfa    : sub a4, a4, s2             : IntAlu :  D=0x0000000000021000
1319500: system.cpu: T0 : 0x1cbfe    : c_add a4, s5               : IntAlu :  D=0x0000000000021080
1320000: system.cpu: T0 : 0x1cc00    : sd s2, 96(s7)              : MemWrite :  D=0x0000000000073f80 A=0x6f680
1320500: system.cpu: T0 : 0x1cc04    : ori a4, a4, 1              : IntAlu :  D=0x0000000000021081
1321000: system.cpu: T0 : 0x1cc08    : sd a4, 8(s2)               : MemWrite :  D=0x0000000000021081 A=0x73f88
1321500: system.cpu: T0 : 0x1cc0c    : sd a5, -1912(s11)          : MemWrite :  D=0x0000000000021080 A=0x6fea8
1322000: system.cpu: T0 : 0x1cc10    : beq s3, zero, -754         : IntAlu : 
1322500: system.cpu: T0 : 0x1c91e    : c_lui a4, 1                : IntAlu :  D=0x0000000000001000
1323000: system.cpu: T0 : 0x1c920    : c_add a4, s0               : IntAlu :  D=0x0000000000070620
1324000: system.cpu: T0 : 0x1c922    : ld a3, -1904(a4)           : MemRead :  D=0x0000000000000000 A=0x6feb0
1325000: system.cpu: T0 : 0x1c926    : bgeu a3, a5, 8             : IntAlu : 
1326000: system.cpu: T0 : 0x1c92a    : sd a5, -1904(a4)           : MemWrite :  D=0x0000000000021080 A=0x6feb0
1327000: system.cpu: T0 : 0x1c92e    : ld a5, 8(s2)               : MemRead :  D=0x0000000000021081 A=0x73f88
1327500: system.cpu: T0 : 0x1c932    : c_andi a5, 18446744073709551608 : IntAlu :  D=0x0000000000021080
1328000: system.cpu: T0 : 0x1c934    : bltu a5, s8, 298           : IntAlu : 
1328500: system.cpu: T0 : 0x1c938    : add a4, s2, s1             : IntAlu :  D=0x0000000000074210
1329000: system.cpu: T0 : 0x1c93c    : c_sd a4, 96(s0)            : MemWrite :  D=0x0000000000074210 A=0x6f680
1329500: system.cpu: T0 : 0x1c93e    : c_sub a5, s1               : IntAlu :  D=0x0000000000020df0
1330000: system.cpu: T0 : 0x1c940    : beq s0, s7, 8              : IntAlu : 
1330500: system.cpu: T0 : 0x1c948    : ori s1, s1, 1              : IntAlu :  D=0x0000000000000291
1331000: system.cpu: T0 : 0x1c94c    : sd s1, 8(s2)               : MemWrite :  D=0x0000000000000291 A=0x73f88
1331500: system.cpu: T0 : 0x1c950    : ori a5, a5, 1              : IntAlu :  D=0x0000000000020df1
1332000: system.cpu: T0 : 0x1c954    : c_sd a5, 8(a4)             : MemWrite :  D=0x0000000000020df1 A=0x74218
1332500: system.cpu: T0 : 0x1c954    : c_sd a5, 8(a4)             : MemWrite :  D=0x0000000000020df1 A=0x74218
1333500: system.cpu: T0 : 0x1c956    : addi a0, s2, 16            : IntAlu :  D=0x0000000000073f90
1334000: system.cpu: T0 : 0x1c95a    : c_ldsp ra, 152(sp)         : MemRead :  D=0x000000000001d560 A=0x7ffffffffffffad8
1334500: system.cpu: T0 : 0x1c95c    : c_ldsp s0, 144(sp)         : MemRead :  D=0x0000000000000290 A=0x7ffffffffffffad0
1335000: system.cpu: T0 : 0x1c95e    : c_ldsp s1, 136(sp)         : MemRead :  D=0x000000000006f620 A=0x7ffffffffffffac8
1335500: system.cpu: T0 : 0x1c960    : c_ldsp s2, 128(sp)         : MemRead :  D=0x0000000000000004 A=0x7ffffffffffffac0
1336000: system.cpu: T0 : 0x1c962    : c_ldsp s3, 120(sp)         : MemRead :  D=0x0000000000000280 A=0x7ffffffffffffab8
1336500: system.cpu: T0 : 0x1c964    : c_ldsp s4, 112(sp)         : MemRead :  D=0x0000000000000000 A=0x7ffffffffffffab0
1337000: system.cpu: T0 : 0x1c966    : c_ldsp s5, 104(sp)         : MemRead :  D=0x0000000000000000 A=0x7ffffffffffffaa8
1337500: system.cpu: T0 : 0x1c968    : c_ldsp s6, 96(sp)          : MemRead :  D=0x0000000000000027 A=0x7ffffffffffffaa0
1338000: system.cpu: T0 : 0x1c96a    : c_ldsp s7, 88(sp)          : MemRead :  D=0x000000000006f5b0 A=0x7ffffffffffffa98
1338500: system.cpu: T0 : 0x1c96c    : c_ldsp s8, 80(sp)          : MemRead :  D=0x000000000006f680 A=0x7ffffffffffffa90
1339000: system.cpu: T0 : 0x1c96e    : c_ldsp s9, 72(sp)          : MemRead :  D=0x0000000000000029 A=0x7ffffffffffffa88
1339500: system.cpu: T0 : 0x1c970    : c_ldsp s10, 64(sp)         : MemRead :  D=0x000000000000000a A=0x7ffffffffffffa80
1340000: system.cpu: T0 : 0x1c972    : c_ldsp s11, 56(sp)         : MemRead :  D=0x0000000000001000 A=0x7ffffffffffffa78
1340500: system.cpu: T0 : 0x1c974    : c_addi16sp sp, 160         : IntAlu :  D=0x7ffffffffffffae0
1341000: system.cpu: T0 : 0x1c976    : c_jr ra                    : IntAlu : 
1341500: system.cpu: T0 : 0x1d560    : c_mv s2, a0                : IntAlu :  D=0x0000000000073f90
1342500: system.cpu: T0 : 0x1d562    : bne a0, zero, -672         : IntAlu : 
1343500: system.cpu: T0 : 0x1d2c2    : lw a1, -1396(gp)           : MemRead :  D=0x0000000000000000 A=0x70b6c
1344500: system.cpu: T0 : 0x1d2c6    : beq a1, zero, -516         : IntAlu : 
1345000: system.cpu: T0 : 0x1d0c2    : c_ldsp ra, 248(sp)         : MemRead :  D=0x000000000001d902 A=0x7ffffffffffffbd8
1345500: system.cpu: T0 : 0x1d0c4    : c_ldsp s0, 240(sp)         : MemRead :  D=0x000000000006f620 A=0x7ffffffffffffbd0
1346000: system.cpu: T0 : 0x1d0c6    : c_ldsp s1, 232(sp)         : MemRead :  D=0x000000000006f620 A=0x7ffffffffffffbc8
1346500: system.cpu: T0 : 0x1d0c8    : c_ldsp s3, 216(sp)         : MemRead :  D=0x0000000000000000 A=0x7ffffffffffffbb8
1347000: system.cpu: T0 : 0x1d0ca    : c_ldsp s4, 208(sp)         : MemRead :  D=0x0000000000000000 A=0x7ffffffffffffbb0
1347500: system.cpu: T0 : 0x1d0cc    : c_ldsp s5, 200(sp)         : MemRead :  D=0x0000000000000000 A=0x7ffffffffffffba8
1348000: system.cpu: T0 : 0x1d0ce    : c_ldsp s6, 192(sp)         : MemRead :  D=0x0000000000073000 A=0x7ffffffffffffba0
1348500: system.cpu: T0 : 0x1d0d0    : c_ldsp s7, 184(sp)         : MemRead :  D=0x0000000000000000 A=0x7ffffffffffffb98
1349000: system.cpu: T0 : 0x1d0d2    : c_ldsp s8, 176(sp)         : MemRead :  D=0x0000000000000000 A=0x7ffffffffffffb90
1349500: system.cpu: T0 : 0x1d0d4    : c_ldsp s9, 168(sp)         : MemRead :  D=0x0000000000000003 A=0x7ffffffffffffb88
1350000: system.cpu: T0 : 0x1d0d6    : c_ldsp s10, 160(sp)        : MemRead :  D=0x0000000000000000 A=0x7ffffffffffffb80
1350500: system.cpu: T0 : 0x1d0d8    : c_ldsp s11, 152(sp)        : MemRead :  D=0x0000000000000000 A=0x7ffffffffffffb78
1351000: system.cpu: T0 : 0x1d0da    : c_mv a0, s2                : IntAlu :  D=0x0000000000073f90
1351500: system.cpu: T0 : 0x1d0dc    : c_ldsp s2, 224(sp)         : MemRead :  D=0x0000000000000002 A=0x7ffffffffffffbc0
1352000: system.cpu: T0 : 0x1d0de    : c_addi16sp sp, 256         : IntAlu :  D=0x7ffffffffffffbe0
1352500: system.cpu: T0 : 0x1d0e0    : c_jr ra                    : IntAlu : 
1353000: system.cpu: T0 : 0x1d902    : c_mv a5, a0                : IntAlu :  D=0x0000000000073f90
1353500: system.cpu: T0 : 0x1d904    : c_beqz a0, 70              : IntAlu : 
1354000: system.cpu: T0 : 0x1d906    : c_li a4, 0                 : IntAlu :  D=0x0000000000000000
1354500: system.cpu: T0 : 0x1d908    : fence iorw, ow             : No_OpClass : 
1355000: system.cpu: T0 : 0x1d90c    : amoswap_w a4, a4, (s0)    
1355000: system.cpu: T0 : 0x1d90c. 0 : amoswap_w[l] a4, a4, (s0)  : MemRead :  D=0x0000000000000001 A=0x6f620
1355500: system.cpu: T0 : 0x1d910    : c_addiw a4, 0              : IntAlu :  D=0x0000000000000001
1356000: system.cpu: T0 : 0x1d912    : c_li a3, 1                 : IntAlu :  D=0x0000000000000001
1356500: system.cpu: T0 : 0x1d914    : blt a3, a4, 96             : IntAlu : 
1357000: system.cpu: T0 : 0x1d918    : c_ldsp s0, 16(sp)          : MemRead :  D=0x0000000000000024 A=0x7ffffffffffffbf0
1357500: system.cpu: T0 : 0x1d91a    : c_ldsp ra, 24(sp)          : MemRead :  D=0x000000000001e290 A=0x7ffffffffffffbf8
1358000: system.cpu: T0 : 0x1d91c    : c_ldsp s1, 8(sp)           : MemRead :  D=0x0000000000000001 A=0x7ffffffffffffbe8
1359000: system.cpu: T0 : 0x1d91e    : sd a5, 40(tp)              : MemWrite :  D=0x0000000000073f90 A=0x73738
1360000: system.cpu: T0 : 0x1d922    : addi a2, zero, 640         : IntAlu :  D=0x0000000000000280
1360500: system.cpu: T0 : 0x1d926    : c_li a1, 0                 : IntAlu :  D=0x0000000000000000
1361000: system.cpu: T0 : 0x1d928    : c_mv a0, a5                : IntAlu :  D=0x0000000000073f90
1361500: system.cpu: T0 : 0x1d92a    : c_addi16sp sp, 32          : IntAlu :  D=0x7ffffffffffffc00
1362000: system.cpu: T0 : 0x1d92c    : jal zero, 10402            : IntAlu :  D=0x000000000001d930
1362500: system.cpu: T0 : 0x201ce    : c_li a4, 7                 : IntAlu :  D=0x0000000000000007
1363000: system.cpu: T0 : 0x201d0    : c_mv a5, a0                : IntAlu :  D=0x0000000000073f90
1364000: system.cpu: T0 : 0x201d2    : bgeu a4, a2, 140           : IntAlu : 
1365000: system.cpu: T0 : 0x201d6    : andi a7, a1, 255           : IntAlu :  D=0x0000000000000000
1366000: system.cpu: T0 : 0x201da    : slli a3, a7, 8             : IntAlu :  D=0x0000000000000000
1367000: system.cpu: T0 : 0x201de    : or a3, a3, a7              : IntAlu :  D=0x0000000000000000
1368000: system.cpu: T0 : 0x201e2    : slli a4, a3, 16            : IntAlu :  D=0x0000000000000000
1368500: system.cpu: T0 : 0x201e6    : c_or a3, a4                : IntAlu :  D=0x0000000000000000
1369000: system.cpu: T0 : 0x201e8    : slli a4, a3, 32            : IntAlu :  D=0x0000000000000000
1369500: system.cpu: T0 : 0x201ec    : andi a6, a0, 7             : IntAlu :  D=0x0000000000000000
1370000: system.cpu: T0 : 0x201f0    : c_or a4, a3                : IntAlu :  D=0x0000000000000000
1371000: system.cpu: T0 : 0x201f2    : beq a6, zero, 130          : IntAlu : 
1371500: system.cpu: T0 : 0x20274    : c_mv a3, a2                : IntAlu :  D=0x0000000000000280
1372000: system.cpu: T0 : 0x20276    : c_j -108                   : IntAlu : 
1373000: system.cpu: T0 : 0x2020a    : srli a6, a3, 6             : IntAlu :  D=0x000000000000000a
1374000: system.cpu: T0 : 0x2020e    : beq a6, zero, 42           : IntAlu : 
1375000: system.cpu: T0 : 0x20212    : slli a2, a6, 6             : IntAlu :  D=0x0000000000000280
1375500: system.cpu: T0 : 0x20216    : c_mv a7, a5                : IntAlu :  D=0x0000000000073f90
1376000: system.cpu: T0 : 0x20218    : c_add a2, a5               : IntAlu :  D=0x0000000000074210
1376500: system.cpu: T0 : 0x2021a    : c_sd a4, 0(a5)             : MemWrite :  D=0x0000000000000000 A=0x73f90
1377000: system.cpu: T0 : 0x2021c    : c_sd a4, 8(a5)             : MemWrite :  D=0x0000000000000000 A=0x73f98
1377500: system.cpu: T0 : 0x2021e    : c_sd a4, 16(a5)            : MemWrite :  D=0x0000000000000000 A=0x73fa0
1378000: system.cpu: T0 : 0x20220    : c_sd a4, 24(a5)            : MemWrite :  D=0x0000000000000000 A=0x73fa8
1378500: system.cpu: T0 : 0x20222    : c_sd a4, 32(a5)            : MemWrite :  D=0x0000000000000000 A=0x73fb0
1379000: system.cpu: T0 : 0x20224    : c_sd a4, 40(a5)            : MemWrite :  D=0x0000000000000000 A=0x73fb8
1379500: system.cpu: T0 : 0x20226    : c_sd a4, 48(a5)            : MemWrite :  D=0x0000000000000000 A=0x73fc0
1380000: system.cpu: T0 : 0x20228    : c_sd a4, 56(a5)            : MemWrite :  D=0x0000000000000000 A=0x73fc8
1381000: system.cpu: T0 : 0x2022a    : addi a5, a5, 64            : IntAlu :  D=0x0000000000073fd0
1382000: system.cpu: T0 : 0x2022e    : bne a2, a5, -20            : IntAlu : 
1382500: system.cpu: T0 : 0x2021a    : c_sd a4, 0(a5)             : MemWrite :  D=0x0000000000000000 A=0x73fd0
1383000: system.cpu: T0 : 0x2021c    : c_sd a4, 8(a5)             : MemWrite :  D=0x0000000000000000 A=0x73fd8
1383500: system.cpu: T0 : 0x2021e    : c_sd a4, 16(a5)            : MemWrite :  D=0x0000000000000000 A=0x73fe0
1384000: system.cpu: T0 : 0x20220    : c_sd a4, 24(a5)            : MemWrite :  D=0x0000000000000000 A=0x73fe8
1384500: system.cpu: T0 : 0x20222    : c_sd a4, 32(a5)            : MemWrite :  D=0x0000000000000000 A=0x73ff0
1385000: system.cpu: T0 : 0x20224    : c_sd a4, 40(a5)            : MemWrite :  D=0x0000000000000000 A=0x73ff8
1385500: system.cpu: T0 : 0x20226    : c_sd a4, 48(a5)            : MemWrite :  D=0x0000000000000000 A=0x74000
1386000: system.cpu: T0 : 0x20228    : c_sd a4, 56(a5)            : MemWrite :  D=0x0000000000000000 A=0x74008
1387000: system.cpu: T0 : 0x2022a    : addi a5, a5, 64            : IntAlu :  D=0x0000000000074010
1388000: system.cpu: T0 : 0x2022e    : bne a2, a5, -20            : IntAlu : 
1388500: system.cpu: T0 : 0x2021a    : c_sd a4, 0(a5)             : MemWrite :  D=0x0000000000000000 A=0x74010
1389000: system.cpu: T0 : 0x2021c    : c_sd a4, 8(a5)             : MemWrite :  D=0x0000000000000000 A=0x74018
1389500: system.cpu: T0 : 0x2021e    : c_sd a4, 16(a5)            : MemWrite :  D=0x0000000000000000 A=0x74020
1390000: system.cpu: T0 : 0x20220    : c_sd a4, 24(a5)            : MemWrite :  D=0x0000000000000000 A=0x74028
1390500: system.cpu: T0 : 0x20222    : c_sd a4, 32(a5)            : MemWrite :  D=0x0000000000000000 A=0x74030
1391000: system.cpu: T0 : 0x20224    : c_sd a4, 40(a5)            : MemWrite :  D=0x0000000000000000 A=0x74038
1391500: system.cpu: T0 : 0x20226    : c_sd a4, 48(a5)            : MemWrite :  D=0x0000000000000000 A=0x74040
1392000: system.cpu: T0 : 0x20228    : c_sd a4, 56(a5)            : MemWrite :  D=0x0000000000000000 A=0x74048
1393000: system.cpu: T0 : 0x2022a    : addi a5, a5, 64            : IntAlu :  D=0x0000000000074050
1394000: system.cpu: T0 : 0x2022e    : bne a2, a5, -20            : IntAlu : 
1394500: system.cpu: T0 : 0x2021a    : c_sd a4, 0(a5)             : MemWrite :  D=0x0000000000000000 A=0x74050
1395000: system.cpu: T0 : 0x2021c    : c_sd a4, 8(a5)             : MemWrite :  D=0x0000000000000000 A=0x74058
1395500: system.cpu: T0 : 0x2021e    : c_sd a4, 16(a5)            : MemWrite :  D=0x0000000000000000 A=0x74060
1396000: system.cpu: T0 : 0x20220    : c_sd a4, 24(a5)            : MemWrite :  D=0x0000000000000000 A=0x74068
1396500: system.cpu: T0 : 0x20222    : c_sd a4, 32(a5)            : MemWrite :  D=0x0000000000000000 A=0x74070
1397000: system.cpu: T0 : 0x20224    : c_sd a4, 40(a5)            : MemWrite :  D=0x0000000000000000 A=0x74078
1397500: system.cpu: T0 : 0x20226    : c_sd a4, 48(a5)            : MemWrite :  D=0x0000000000000000 A=0x74080
1398000: system.cpu: T0 : 0x20228    : c_sd a4, 56(a5)            : MemWrite :  D=0x0000000000000000 A=0x74088
1399000: system.cpu: T0 : 0x2022a    : addi a5, a5, 64            : IntAlu :  D=0x0000000000074090
1400000: system.cpu: T0 : 0x2022e    : bne a2, a5, -20            : IntAlu : 
1400500: system.cpu: T0 : 0x2021a    : c_sd a4, 0(a5)             : MemWrite :  D=0x0000000000000000 A=0x74090
1401000: system.cpu: T0 : 0x2021c    : c_sd a4, 8(a5)             : MemWrite :  D=0x0000000000000000 A=0x74098
1401500: system.cpu: T0 : 0x2021e    : c_sd a4, 16(a5)            : MemWrite :  D=0x0000000000000000 A=0x740a0
1402000: system.cpu: T0 : 0x20220    : c_sd a4, 24(a5)            : MemWrite :  D=0x0000000000000000 A=0x740a8
1402500: system.cpu: T0 : 0x20222    : c_sd a4, 32(a5)            : MemWrite :  D=0x0000000000000000 A=0x740b0
1403000: system.cpu: T0 : 0x20224    : c_sd a4, 40(a5)            : MemWrite :  D=0x0000000000000000 A=0x740b8
1403500: system.cpu: T0 : 0x20226    : c_sd a4, 48(a5)            : MemWrite :  D=0x0000000000000000 A=0x740c0
1404000: system.cpu: T0 : 0x20228    : c_sd a4, 56(a5)            : MemWrite :  D=0x0000000000000000 A=0x740c8
1405000: system.cpu: T0 : 0x2022a    : addi a5, a5, 64            : IntAlu :  D=0x00000000000740d0
1406000: system.cpu: T0 : 0x2022e    : bne a2, a5, -20            : IntAlu : 
1406500: system.cpu: T0 : 0x2021a    : c_sd a4, 0(a5)             : MemWrite :  D=0x0000000000000000 A=0x740d0
1407000: system.cpu: T0 : 0x2021c    : c_sd a4, 8(a5)             : MemWrite :  D=0x0000000000000000 A=0x740d8
1407500: system.cpu: T0 : 0x2021e    : c_sd a4, 16(a5)            : MemWrite :  D=0x0000000000000000 A=0x740e0
1408000: system.cpu: T0 : 0x20220    : c_sd a4, 24(a5)            : MemWrite :  D=0x0000000000000000 A=0x740e8
1408500: system.cpu: T0 : 0x20222    : c_sd a4, 32(a5)            : MemWrite :  D=0x0000000000000000 A=0x740f0
1409000: system.cpu: T0 : 0x20224    : c_sd a4, 40(a5)            : MemWrite :  D=0x0000000000000000 A=0x740f8
1409500: system.cpu: T0 : 0x20226    : c_sd a4, 48(a5)            : MemWrite :  D=0x0000000000000000 A=0x74100
1410000: system.cpu: T0 : 0x20228    : c_sd a4, 56(a5)            : MemWrite :  D=0x0000000000000000 A=0x74108
1411000: system.cpu: T0 : 0x2022a    : addi a5, a5, 64            : IntAlu :  D=0x0000000000074110
1412000: system.cpu: T0 : 0x2022e    : bne a2, a5, -20            : IntAlu : 
1412500: system.cpu: T0 : 0x2021a    : c_sd a4, 0(a5)             : MemWrite :  D=0x0000000000000000 A=0x74110
1413000: system.cpu: T0 : 0x2021c    : c_sd a4, 8(a5)             : MemWrite :  D=0x0000000000000000 A=0x74118
1413500: system.cpu: T0 : 0x2021e    : c_sd a4, 16(a5)            : MemWrite :  D=0x0000000000000000 A=0x74120
1414000: system.cpu: T0 : 0x20220    : c_sd a4, 24(a5)            : MemWrite :  D=0x0000000000000000 A=0x74128
1414500: system.cpu: T0 : 0x20222    : c_sd a4, 32(a5)            : MemWrite :  D=0x0000000000000000 A=0x74130
1415000: system.cpu: T0 : 0x20224    : c_sd a4, 40(a5)            : MemWrite :  D=0x0000000000000000 A=0x74138
1415500: system.cpu: T0 : 0x20226    : c_sd a4, 48(a5)            : MemWrite :  D=0x0000000000000000 A=0x74140
1416000: system.cpu: T0 : 0x20228    : c_sd a4, 56(a5)            : MemWrite :  D=0x0000000000000000 A=0x74148
1417000: system.cpu: T0 : 0x2022a    : addi a5, a5, 64            : IntAlu :  D=0x0000000000074150
1418000: system.cpu: T0 : 0x2022e    : bne a2, a5, -20            : IntAlu : 
1418500: system.cpu: T0 : 0x2021a    : c_sd a4, 0(a5)             : MemWrite :  D=0x0000000000000000 A=0x74150
1419000: system.cpu: T0 : 0x2021c    : c_sd a4, 8(a5)             : MemWrite :  D=0x0000000000000000 A=0x74158
1419500: system.cpu: T0 : 0x2021e    : c_sd a4, 16(a5)            : MemWrite :  D=0x0000000000000000 A=0x74160
1420000: system.cpu: T0 : 0x20220    : c_sd a4, 24(a5)            : MemWrite :  D=0x0000000000000000 A=0x74168
1420500: system.cpu: T0 : 0x20222    : c_sd a4, 32(a5)            : MemWrite :  D=0x0000000000000000 A=0x74170
1421000: system.cpu: T0 : 0x20224    : c_sd a4, 40(a5)            : MemWrite :  D=0x0000000000000000 A=0x74178
1421500: system.cpu: T0 : 0x20226    : c_sd a4, 48(a5)            : MemWrite :  D=0x0000000000000000 A=0x74180
1422000: system.cpu: T0 : 0x20228    : c_sd a4, 56(a5)            : MemWrite :  D=0x0000000000000000 A=0x74188
1423000: system.cpu: T0 : 0x2022a    : addi a5, a5, 64            : IntAlu :  D=0x0000000000074190
1424000: system.cpu: T0 : 0x2022e    : bne a2, a5, -20            : IntAlu : 
1424500: system.cpu: T0 : 0x2021a    : c_sd a4, 0(a5)             : MemWrite :  D=0x0000000000000000 A=0x74190
1425000: system.cpu: T0 : 0x2021c    : c_sd a4, 8(a5)             : MemWrite :  D=0x0000000000000000 A=0x74198
1425500: system.cpu: T0 : 0x2021e    : c_sd a4, 16(a5)            : MemWrite :  D=0x0000000000000000 A=0x741a0
1426000: system.cpu: T0 : 0x20220    : c_sd a4, 24(a5)            : MemWrite :  D=0x0000000000000000 A=0x741a8
1426500: system.cpu: T0 : 0x20222    : c_sd a4, 32(a5)            : MemWrite :  D=0x0000000000000000 A=0x741b0
1427000: system.cpu: T0 : 0x20224    : c_sd a4, 40(a5)            : MemWrite :  D=0x0000000000000000 A=0x741b8
1427500: system.cpu: T0 : 0x20226    : c_sd a4, 48(a5)            : MemWrite :  D=0x0000000000000000 A=0x741c0
1428000: system.cpu: T0 : 0x20228    : c_sd a4, 56(a5)            : MemWrite :  D=0x0000000000000000 A=0x741c8
1429000: system.cpu: T0 : 0x2022a    : addi a5, a5, 64            : IntAlu :  D=0x00000000000741d0
1430000: system.cpu: T0 : 0x2022e    : bne a2, a5, -20            : IntAlu : 
1430500: system.cpu: T0 : 0x2021a    : c_sd a4, 0(a5)             : MemWrite :  D=0x0000000000000000 A=0x741d0
1431000: system.cpu: T0 : 0x2021c    : c_sd a4, 8(a5)             : MemWrite :  D=0x0000000000000000 A=0x741d8
1431500: system.cpu: T0 : 0x2021e    : c_sd a4, 16(a5)            : MemWrite :  D=0x0000000000000000 A=0x741e0
1432000: system.cpu: T0 : 0x20220    : c_sd a4, 24(a5)            : MemWrite :  D=0x0000000000000000 A=0x741e8
1432500: system.cpu: T0 : 0x20222    : c_sd a4, 32(a5)            : MemWrite :  D=0x0000000000000000 A=0x741f0
1433000: system.cpu: T0 : 0x20224    : c_sd a4, 40(a5)            : MemWrite :  D=0x0000000000000000 A=0x741f8
1433500: system.cpu: T0 : 0x20226    : c_sd a4, 48(a5)            : MemWrite :  D=0x0000000000000000 A=0x74200
1434000: system.cpu: T0 : 0x20228    : c_sd a4, 56(a5)            : MemWrite :  D=0x0000000000000000 A=0x74208
1435000: system.cpu: T0 : 0x2022a    : addi a5, a5, 64            : IntAlu :  D=0x0000000000074210
1436000: system.cpu: T0 : 0x2022e    : bne a2, a5, -20            : IntAlu : 
1437000: system.cpu: T0 : 0x20232    : slli a5, a6, 6             : IntAlu :  D=0x0000000000000280
1437500: system.cpu: T0 : 0x20236    : c_add a5, a7               : IntAlu :  D=0x0000000000074210
1438000: system.cpu: T0 : 0x20238    : srli a6, a3, 3             : IntAlu :  D=0x0000000000000050
1438500: system.cpu: T0 : 0x2023c    : andi a6, a6, 7             : IntAlu :  D=0x0000000000000000
1439000: system.cpu: T0 : 0x20240    : beq a6, zero, 26           : IntAlu : 
1440000: system.cpu: T0 : 0x2025a    : andi a2, a3, 7             : IntAlu :  D=0x0000000000000000
1441000: system.cpu: T0 : 0x2025e    : andi a1, a1, 255           : IntAlu :  D=0x0000000000000000
1442000: system.cpu: T0 : 0x20262    : add a4, a5, a2             : IntAlu :  D=0x0000000000074210
1442500: system.cpu: T0 : 0x20266    : c_beqz a2, 12              : IntAlu : 
1443000: system.cpu: T0 : 0x20272    : c_jr ra                    : IntAlu : 
1443500: system.cpu: T0 : 0x1e290    : lui a5, 111                : IntAlu :  D=0x000000000006f000
1444000: system.cpu: T0 : 0x1e294    : ld a5, 1536(a5)            : MemRead :  D=0x0000000000000040 A=0x6f600
1444500: system.cpu: T0 : 0x1e298    : bgeu s1, a5, -100          : IntAlu : 
1445000: system.cpu: T0 : 0x1e29c    : ld a4, 40(tp)              : MemRead :  D=0x0000000000073f90 A=0x73738
1445500: system.cpu: T0 : 0x1e2a0    : c_beqz a4, -108            : IntAlu : 
1446500: system.cpu: T0 : 0x1e2a2    : slli a3, s1, 1             : IntAlu :  D=0x0000000000000002
1447000: system.cpu: T0 : 0x1e2a6    : c_add a3, a4               : IntAlu :  D=0x0000000000073f92
1447500: system.cpu: T0 : 0x1e2a8    : lhu a2, 0(a3)              : MemRead :  D=0x0000000000000000 A=0x73f92
1448000: system.cpu: T0 : 0x1e2ac    : c_beqz a2, -120            : IntAlu : 
1448500: system.cpu: T0 : 0x1e234    : lw a5, -1808(tp)           : MemRead :  D=0x0000000000000000 A=0x73000
1449000: system.cpu: T0 : 0x1e238    : c_bnez a5, 210             : IntAlu : 
1450000: system.cpu: T0 : 0x1e23a    : lui s1, 111                : IntAlu :  D=0x000000000006f000
1450500: system.cpu: T0 : 0x1e23e    : c_mv a1, s0                : IntAlu :  D=0x0000000000000024
1451000: system.cpu: T0 : 0x1e240    : addi a0, s1, 1568          : IntAlu :  D=0x000000000006f620
1451500: system.cpu: T0 : 0x1e244    : jal ra, -5236              : IntAlu :  D=0x000000000001e248
1452000: system.cpu: T0 : 0x1cdd0    : c_addi16sp sp, -256        : IntAlu :  D=0x7ffffffffffffb00
1452500: system.cpu: T0 : 0x1cdd2    : c_sdsp ra, 248(sp)         : MemWrite :  D=0x000000000001e248 A=0x7ffffffffffffbf8
1453000: system.cpu: T0 : 0x1cdd4    : c_sdsp s0, 240(sp)         : MemWrite :  D=0x0000000000000024 A=0x7ffffffffffffbf0
1453500: system.cpu: T0 : 0x1cdd6    : c_sdsp s1, 232(sp)         : MemWrite :  D=0x000000000006f000 A=0x7ffffffffffffbe8
1454000: system.cpu: T0 : 0x1cdd8    : c_sdsp s2, 224(sp)         : MemWrite :  D=0x0000000000000002 A=0x7ffffffffffffbe0
1454500: system.cpu: T0 : 0x1cdda    : c_sdsp s3, 216(sp)         : MemWrite :  D=0x0000000000000000 A=0x7ffffffffffffbd8
1455000: system.cpu: T0 : 0x1cddc    : c_sdsp s4, 208(sp)         : MemWrite :  D=0x0000000000000000 A=0x7ffffffffffffbd0
1455500: system.cpu: T0 : 0x1cdde    : c_sdsp s5, 200(sp)         : MemWrite :  D=0x0000000000000000 A=0x7ffffffffffffbc8
1456000: system.cpu: T0 : 0x1cde0    : c_sdsp s6, 192(sp)         : MemWrite :  D=0x0000000000073000 A=0x7ffffffffffffbc0
1456500: system.cpu: T0 : 0x1cde2    : c_sdsp s7, 184(sp)         : MemWrite :  D=0x0000000000000000 A=0x7ffffffffffffbb8
1457000: system.cpu: T0 : 0x1cde4    : c_sdsp s8, 176(sp)         : MemWrite :  D=0x0000000000000000 A=0x7ffffffffffffbb0
1457500: system.cpu: T0 : 0x1cde6    : c_sdsp s9, 168(sp)         : MemWrite :  D=0x0000000000000003 A=0x7ffffffffffffba8
1458000: system.cpu: T0 : 0x1cde8    : c_sdsp s10, 160(sp)        : MemWrite :  D=0x0000000000000000 A=0x7ffffffffffffba0
1458500: system.cpu: T0 : 0x1cdea    : c_sdsp s11, 152(sp)        : MemWrite :  D=0x0000000000000000 A=0x7ffffffffffffb98
1459000: system.cpu: T0 : 0x1cdec    : blt a1, zero, 1198         : IntAlu : 
1459500: system.cpu: T0 : 0x1cdf0    : addi s0, a1, 23            : IntAlu :  D=0x000000000000003b
1460000: system.cpu: T0 : 0x1cdf4    : c_li a5, 31                : IntAlu :  D=0x000000000000001f
1460500: system.cpu: T0 : 0x1cdf6    : c_mv s3, a1                : IntAlu :  D=0x0000000000000024
1461000: system.cpu: T0 : 0x1cdf8    : c_mv s1, a0                : IntAlu :  D=0x000000000006f620
1462000: system.cpu: T0 : 0x1cdfa    : bltu a5, s0, 220           : IntAlu : 
1462500: system.cpu: T0 : 0x1ced6    : c_andi s0, 18446744073709551600 : IntAlu :  D=0x0000000000000030
1463000: system.cpu: T0 : 0x1ced8    : beq a0, zero, 988          : IntAlu : 
1463500: system.cpu: T0 : 0x1cedc    : ld a4, -1376(gp)           : MemRead :  D=0x0000000000000080 A=0x70b80
1464000: system.cpu: T0 : 0x1cee0    : srliw s9, s0, 4            : IntAlu :  D=0x0000000000000003
1464500: system.cpu: T0 : 0x1cee4    : srliw a5, s0, 4            : IntAlu :  D=0x0000000000000003
1465000: system.cpu: T0 : 0x1cee8    : bgeu a4, s0, 506           : IntAlu : 
1465500: system.cpu: T0 : 0x1d0e2    : c_addiw a5, -2             : IntAlu :  D=0x0000000000000001
1466000: system.cpu: T0 : 0x1d0e4    : slli a2, a5, 32            : IntAlu :  D=0x0000000100000000
1466500: system.cpu: T0 : 0x1d0e8    : c_srli a2, 32              : IntAlu :  D=0x0000000000000001
1467000: system.cpu: T0 : 0x1d0ea    : c_addi a2, 2               : IntAlu :  D=0x0000000000000003
1467500: system.cpu: T0 : 0x1d0ec    : c_slli a2, 3               : IntAlu :  D=0x0000000000000018
1468000: system.cpu: T0 : 0x1d0ee    : c_j -376                   : IntAlu : 
1468500: system.cpu: T0 : 0x1cf76    : c_slli a5, 32              : IntAlu :  D=0x0000000100000000
1469000: system.cpu: T0 : 0x1cf78    : c_srli a5, 29              : IntAlu :  D=0x0000000000000008
1469500: system.cpu: T0 : 0x1cf7a    : c_add a5, s1               : IntAlu :  D=0x000000000006f628
1470000: system.cpu: T0 : 0x1cf7c    : ld s2, 16(a5)              : MemRead :  D=0x0000000000000000 A=0x6f638
1470500: system.cpu: T0 : 0x1cf80    : beq s2, zero, 170          : IntAlu : 
1471500: system.cpu: T0 : 0x1d02a    : addiw a5, s9, -1           : IntAlu :  D=0x0000000000000002
1472500: system.cpu: T0 : 0x1d02e    : slliw a5, a5, 1            : IntAlu :  D=0x0000000000000004
1473000: system.cpu: T0 : 0x1d032    : c_slli a5, 32              : IntAlu :  D=0x0000000400000000
1473500: system.cpu: T0 : 0x1d034    : c_srli a5, 32              : IntAlu :  D=0x0000000000000004
1474000: system.cpu: T0 : 0x1d036    : c_addi a5, 14              : IntAlu :  D=0x0000000000000012
1474500: system.cpu: T0 : 0x1d038    : c_slli a5, 3               : IntAlu :  D=0x0000000000000090
1475000: system.cpu: T0 : 0x1d03a    : c_j -550                   : IntAlu : 
1475500: system.cpu: T0 : 0x1ce14    : c_add a5, s1               : IntAlu :  D=0x000000000006f6b0
1476500: system.cpu: T0 : 0x1ce16    : ld s2, 8(a5)               : MemRead :  D=0x000000000006f6a0 A=0x6f6b8
1477500: system.cpu: T0 : 0x1ce1a    : addi a3, a5, -16           : IntAlu :  D=0x000000000006f6a0
1478500: system.cpu: T0 : 0x1ce1e    : beq a3, s2, 748            : IntAlu : 
1479500: system.cpu: T0 : 0x1d10a    : srli t1, s0, 9             : IntAlu :  D=0x0000000000000000
1480500: system.cpu: T0 : 0x1d10e    : addiw a5, t1, 91           : IntAlu :  D=0x000000000000005b
1481500: system.cpu: T0 : 0x1d112    : srli s10, s0, 6            : IntAlu :  D=0x0000000000000000
1482000: system.cpu: T0 : 0x1d116    : c_sdsp a5, 96(sp)          : MemWrite :  D=0x000000000000005b A=0x7ffffffffffffb60
1482500: system.cpu: T0 : 0x1d118    : addiw a5, s10, 48          : IntAlu :  D=0x0000000000000030
1483000: system.cpu: T0 : 0x1d11c    : c_sdsp a5, 88(sp)          : MemWrite :  D=0x0000000000000030 A=0x7ffffffffffffb58
1484000: system.cpu: T0 : 0x1d11e    : addi a5, zero, 110         : IntAlu :  D=0x000000000000006e
1484500: system.cpu: T0 : 0x1d122    : c_sdsp a5, 112(sp)         : MemWrite :  D=0x000000000000006e A=0x7ffffffffffffb70
1485000: system.cpu: T0 : 0x1d124    : addi a5, zero, 119         : IntAlu :  D=0x0000000000000077
1485500: system.cpu: T0 : 0x1d128    : c_sdsp a5, 104(sp)         : MemWrite :  D=0x0000000000000077 A=0x7ffffffffffffb68
1486500: system.cpu: T0 : 0x1d12a    : addi a5, zero, 124         : IntAlu :  D=0x000000000000007c
1487000: system.cpu: T0 : 0x1d12e    : c_sdsp s9, 8(sp)           : MemWrite :  D=0x0000000000000003 A=0x7ffffffffffffb08
1487500: system.cpu: T0 : 0x1d130    : c_sdsp a5, 120(sp)         : MemWrite :  D=0x000000000000007c A=0x7ffffffffffffb78
1488000: system.cpu: T0 : 0x1d132    : c_sdsp zero, 128(sp)       : MemWrite :  D=0x0000000000000000 A=0x7ffffffffffffb80
1488500: system.cpu: T0 : 0x1d134    : c_sdsp zero, 136(sp)       : MemWrite :  D=0x0000000000000000 A=0x7ffffffffffffb88
1489500: system.cpu: T0 : 0x1d136    : ld a5, 40(tp)              : MemRead :  D=0x0000000000073f90 A=0x73738
1490500: system.cpu: T0 : 0x1d13a    : addi s6, s0, -17           : IntAlu :  D=0x000000000000001f
1491500: system.cpu: T0 : 0x1d13e    : srli s6, s6, 4             : IntAlu :  D=0x0000000000000001
1492000: system.cpu: T0 : 0x1d142    : c_li s5, 0                 : IntAlu :  D=0x0000000000000000
1492500: system.cpu: T0 : 0x1d144    : c_beqz a5, 22              : IntAlu : 
1493500: system.cpu: T0 : 0x1d146    : lui a5, 111                : IntAlu :  D=0x000000000006f000
1494500: system.cpu: T0 : 0x1d14a    : ld s5, 1536(a5)            : MemRead :  D=0x0000000000000040 A=0x6f600
1495500: system.cpu: T0 : 0x1d14e    : sltu s5, s6, s5            : IntAlu :  D=0x0000000000000001
1496500: system.cpu: T0 : 0x1d152    : sub s5, zero, s5           : IntAlu :  D=0xffffffffffffffff
1497500: system.cpu: T0 : 0x1d156    : and s5, s0, s5             : IntAlu :  D=0x0000000000000030
1498500: system.cpu: T0 : 0x1d15a    : lui a5, 111                : IntAlu :  D=0x000000000006f000
1499000: system.cpu: T0 : 0x1d15e    : c_lui s11, 1               : IntAlu :  D=0x0000000000001000
1499500: system.cpu: T0 : 0x1d160    : lui s7, 111                : IntAlu :  D=0x000000000006f000
1500000: system.cpu: T0 : 0x1d164    : addi a5, a5, 1568          : IntAlu :  D=0x000000000006f620
1500500: system.cpu: T0 : 0x1d168    : addi s8, s1, 96            : IntAlu :  D=0x000000000006f680
1501000: system.cpu: T0 : 0x1d16c    : c_li t5, 0                 : IntAlu :  D=0x0000000000000000
1502000: system.cpu: T0 : 0x1d16e    : addi s7, s7, 1456          : IntAlu :  D=0x000000000006f5b0
1503000: system.cpu: T0 : 0x1d172    : add a7, s1, s11            : IntAlu :  D=0x0000000000070620
1503500: system.cpu: T0 : 0x1d176    : c_sdsp a5, 56(sp)          : MemWrite :  D=0x000000000006f620 A=0x7ffffffffffffb38
1504000: system.cpu: T0 : 0x1d178    : c_ld a5, 120(s1)           : MemRead :  D=0x000000000006f680 A=0x6f698
1505000: system.cpu: T0 : 0x1d17a    : beq a5, s8, 532            : IntAlu : 
1506000: system.cpu: T0 : 0x1d38e    : addi a5, zero, 1023        : IntAlu :  D=0x00000000000003ff
1507000: system.cpu: T0 : 0x1d392    : bgeu a5, s0, 38            : IntAlu : 
1507500: system.cpu: T0 : 0x1d3b8    : c_ldsp a3, 8(sp)           : MemRead :  D=0x0000000000000003 A=0x7ffffffffffffb08
1508000: system.cpu: T0 : 0x1d3ba    : c_li a0, 4                 : IntAlu :  D=0x0000000000000004
1508500: system.cpu: T0 : 0x1d3bc    : addiw a5, a3, 1            : IntAlu :  D=0x0000000000000004
1509000: system.cpu: T0 : 0x1d3c0    : srliw a4, a5, 5            : IntAlu :  D=0x0000000000000000
1509500: system.cpu: T0 : 0x1d3c4    : slliw a3, a3, 1            : IntAlu :  D=0x0000000000000006
1510000: system.cpu: T0 : 0x1d3c8    : addi a4, a4, 536           : IntAlu :  D=0x0000000000000218
1510500: system.cpu: T0 : 0x1d3cc    : c_slli a3, 32              : IntAlu :  D=0x0000000600000000
1511000: system.cpu: T0 : 0x1d3ce    : c_slli a4, 2               : IntAlu :  D=0x0000000000000860
1511500: system.cpu: T0 : 0x1d3d0    : c_srli a3, 32              : IntAlu :  D=0x0000000000000006
1512000: system.cpu: T0 : 0x1d3d2    : c_add a4, s1               : IntAlu :  D=0x000000000006fe80
1512500: system.cpu: T0 : 0x1d3d4    : c_slli a3, 3               : IntAlu :  D=0x0000000000000030
1513000: system.cpu: T0 : 0x1d3d6    : c_lw a2, 0(a4)             : MemRead :  D=0x0000000000000000 A=0x6fe80
1513500: system.cpu: T0 : 0x1d3d8    : addi a3, a3, 96            : IntAlu :  D=0x0000000000000090
1514000: system.cpu: T0 : 0x1d3dc    : c_li a4, 1                 : IntAlu :  D=0x0000000000000001
1515000: system.cpu: T0 : 0x1d3de    : srliw s2, a5, 5            : IntAlu :  D=0x0000000000000000
1515500: system.cpu: T0 : 0x1d3e2    : c_add a3, s1               : IntAlu :  D=0x000000000006f6b0
1516000: system.cpu: T0 : 0x1d3e4    : sllw a5, a4, a5            : IntAlu :  D=0x0000000000000010
1516500: system.cpu: T0 : 0x1d3e8    : bltu a2, a5, 144           : IntAlu : 
1517000: system.cpu: T0 : 0x1d478    : addiw a5, s2, 1            : IntAlu :  D=0x0000000000000001
1517500: system.cpu: T0 : 0x1d47c    : addiw s2, a5, 0            : IntAlu :  D=0x0000000000000001
1518000: system.cpu: T0 : 0x1d480    : bne s2, a0, -26            : IntAlu : 
1518500: system.cpu: T0 : 0x1d466    : c_slli a5, 32              : IntAlu :  D=0x0000000100000000
1519000: system.cpu: T0 : 0x1d468    : c_srli a5, 32              : IntAlu :  D=0x0000000000000001
1520000: system.cpu: T0 : 0x1d46a    : addi a5, a5, 536           : IntAlu :  D=0x0000000000000219
1520500: system.cpu: T0 : 0x1d46e    : c_slli a5, 2               : IntAlu :  D=0x0000000000000864
1521000: system.cpu: T0 : 0x1d470    : c_add a5, s1               : IntAlu :  D=0x000000000006fe84
1521500: system.cpu: T0 : 0x1d472    : c_lw a2, 0(a5)             : MemRead :  D=0x0000000000000000 A=0x6fe84
1522000: system.cpu: T0 : 0x1d474    : bne a2, zero, 384          : IntAlu : 
1522500: system.cpu: T0 : 0x1d478    : addiw a5, s2, 1            : IntAlu :  D=0x0000000000000002
1523000: system.cpu: T0 : 0x1d47c    : addiw s2, a5, 0            : IntAlu :  D=0x0000000000000002
1523500: system.cpu: T0 : 0x1d480    : bne s2, a0, -26            : IntAlu : 
1524000: system.cpu: T0 : 0x1d466    : c_slli a5, 32              : IntAlu :  D=0x0000000200000000
1524500: system.cpu: T0 : 0x1d468    : c_srli a5, 32              : IntAlu :  D=0x0000000000000002
1525500: system.cpu: T0 : 0x1d46a    : addi a5, a5, 536           : IntAlu :  D=0x000000000000021a
1526000: system.cpu: T0 : 0x1d46e    : c_slli a5, 2               : IntAlu :  D=0x0000000000000868
1526500: system.cpu: T0 : 0x1d470    : c_add a5, s1               : IntAlu :  D=0x000000000006fe88
1527000: system.cpu: T0 : 0x1d472    : c_lw a2, 0(a5)             : MemRead :  D=0x0000000000000000 A=0x6fe88
1527500: system.cpu: T0 : 0x1d474    : bne a2, zero, 384          : IntAlu : 
1528000: system.cpu: T0 : 0x1d478    : addiw a5, s2, 1            : IntAlu :  D=0x0000000000000003
1528500: system.cpu: T0 : 0x1d47c    : addiw s2, a5, 0            : IntAlu :  D=0x0000000000000003
1529000: system.cpu: T0 : 0x1d480    : bne s2, a0, -26            : IntAlu : 
1529500: system.cpu: T0 : 0x1d466    : c_slli a5, 32              : IntAlu :  D=0x0000000300000000
1530000: system.cpu: T0 : 0x1d468    : c_srli a5, 32              : IntAlu :  D=0x0000000000000003
1531000: system.cpu: T0 : 0x1d46a    : addi a5, a5, 536           : IntAlu :  D=0x000000000000021b
1531500: system.cpu: T0 : 0x1d46e    : c_slli a5, 2               : IntAlu :  D=0x000000000000086c
1532000: system.cpu: T0 : 0x1d470    : c_add a5, s1               : IntAlu :  D=0x000000000006fe8c
1532500: system.cpu: T0 : 0x1d472    : c_lw a2, 0(a5)             : MemRead :  D=0x0000000000000000 A=0x6fe8c
1533000: system.cpu: T0 : 0x1d474    : bne a2, zero, 384          : IntAlu : 
1533500: system.cpu: T0 : 0x1d478    : addiw a5, s2, 1            : IntAlu :  D=0x0000000000000004
1534000: system.cpu: T0 : 0x1d47c    : addiw s2, a5, 0            : IntAlu :  D=0x0000000000000004
1534500: system.cpu: T0 : 0x1d480    : bne s2, a0, -26            : IntAlu : 
1535000: system.cpu: T0 : 0x1d484    : c_ld a4, 96(s1)            : MemRead :  D=0x0000000000074210 A=0x6f680
1536000: system.cpu: T0 : 0x1d486    : ld a3, -1912(a7)           : MemRead :  D=0x0000000000021080 A=0x6fea8
1536500: system.cpu: T0 : 0x1d48a    : c_ld a5, 8(a4)             : MemRead :  D=0x0000000000020df1 A=0x74218
1537000: system.cpu: T0 : 0x1d48c    : c_andi a5, 18446744073709551608 : IntAlu :  D=0x0000000000020df0
1538000: system.cpu: T0 : 0x1d48e    : bltu a3, a5, 548           : IntAlu : 
1539000: system.cpu: T0 : 0x1d492    : addi a3, s0, 32            : IntAlu :  D=0x0000000000000050
1540000: system.cpu: T0 : 0x1d496    : bgeu a5, a3, 640           : IntAlu : 
1541000: system.cpu: T0 : 0x1d716    : add a0, a4, s0             : IntAlu :  D=0x0000000000074240
1542000: system.cpu: T0 : 0x1d71a    : lui a2, 111                : IntAlu :  D=0x000000000006f000
1542500: system.cpu: T0 : 0x1d71e    : c_sd a0, 96(s1)            : MemWrite :  D=0x0000000000074240 A=0x6f680
1543000: system.cpu: T0 : 0x1d720    : addi a2, a2, 1568          : IntAlu :  D=0x000000000006f620
1543500: system.cpu: T0 : 0x1d724    : c_sub a5, s0               : IntAlu :  D=0x0000000000020dc0
1544000: system.cpu: T0 : 0x1d726    : c_li a3, 4                 : IntAlu :  D=0x0000000000000004
1544500: system.cpu: T0 : 0x1d728    : beq s1, a2, 116            : IntAlu : 
1545000: system.cpu: T0 : 0x1d79c    : c_li a3, 0                 : IntAlu :  D=0x0000000000000000
1545500: system.cpu: T0 : 0x1d79e    : c_j -114                   : IntAlu : 
1546000: system.cpu: T0 : 0x1d72c    : c_or a3, s0                : IntAlu :  D=0x0000000000000030
1547000: system.cpu: T0 : 0x1d72e    : ori a3, a3, 1              : IntAlu :  D=0x0000000000000031
1548000: system.cpu: T0 : 0x1d732    : lw a1, -1396(gp)           : MemRead :  D=0x0000000000000000 A=0x70b6c
1548500: system.cpu: T0 : 0x1d736    : c_sd a3, 8(a4)             : MemWrite :  D=0x0000000000000031 A=0x74218
1549000: system.cpu: T0 : 0x1d738    : ori a5, a5, 1              : IntAlu :  D=0x0000000000020dc1
1549500: system.cpu: T0 : 0x1d73c    : c_sd a5, 8(a0)             : MemWrite :  D=0x0000000000020dc1 A=0x74248
1550500: system.cpu: T0 : 0x1d73e    : addi s2, a4, 16            : IntAlu :  D=0x0000000000074220
1551500: system.cpu: T0 : 0x1d742    : beq a1, zero, -1664        : IntAlu : 
1552000: system.cpu: T0 : 0x1d0c2    : c_ldsp ra, 248(sp)         : MemRead :  D=0x000000000001e248 A=0x7ffffffffffffbf8
1552500: system.cpu: T0 : 0x1d0c4    : c_ldsp s0, 240(sp)         : MemRead :  D=0x0000000000000024 A=0x7ffffffffffffbf0
1553000: system.cpu: T0 : 0x1d0c6    : c_ldsp s1, 232(sp)         : MemRead :  D=0x000000000006f000 A=0x7ffffffffffffbe8
1553500: system.cpu: T0 : 0x1d0c8    : c_ldsp s3, 216(sp)         : MemRead :  D=0x0000000000000000 A=0x7ffffffffffffbd8
1554000: system.cpu: T0 : 0x1d0ca    : c_ldsp s4, 208(sp)         : MemRead :  D=0x0000000000000000 A=0x7ffffffffffffbd0
1554500: system.cpu: T0 : 0x1d0cc    : c_ldsp s5, 200(sp)         : MemRead :  D=0x0000000000000000 A=0x7ffffffffffffbc8
1555000: system.cpu: T0 : 0x1d0ce    : c_ldsp s6, 192(sp)         : MemRead :  D=0x0000000000073000 A=0x7ffffffffffffbc0
1555500: system.cpu: T0 : 0x1d0d0    : c_ldsp s7, 184(sp)         : MemRead :  D=0x0000000000000000 A=0x7ffffffffffffbb8
1556000: system.cpu: T0 : 0x1d0d2    : c_ldsp s8, 176(sp)         : MemRead :  D=0x0000000000000000 A=0x7ffffffffffffbb0
1556500: system.cpu: T0 : 0x1d0d4    : c_ldsp s9, 168(sp)         : MemRead :  D=0x0000000000000003 A=0x7ffffffffffffba8
1557000: system.cpu: T0 : 0x1d0d6    : c_ldsp s10, 160(sp)        : MemRead :  D=0x0000000000000000 A=0x7ffffffffffffba0
1557500: system.cpu: T0 : 0x1d0d8    : c_ldsp s11, 152(sp)        : MemRead :  D=0x0000000000000000 A=0x7ffffffffffffb98
1558000: system.cpu: T0 : 0x1d0da    : c_mv a0, s2                : IntAlu :  D=0x0000000000074220
1558500: system.cpu: T0 : 0x1d0dc    : c_ldsp s2, 224(sp)         : MemRead :  D=0x0000000000000002 A=0x7ffffffffffffbe0
1559000: system.cpu: T0 : 0x1d0de    : c_addi16sp sp, 256         : IntAlu :  D=0x7ffffffffffffc00
1559500: system.cpu: T0 : 0x1d0e0    : c_jr ra                    : IntAlu : 
1560000: system.cpu: T0 : 0x1e248    : c_mv a5, a0                : IntAlu :  D=0x0000000000074220
1560500: system.cpu: T0 : 0x1e24a    : c_beqz a0, 150             : IntAlu : 
1561000: system.cpu: T0 : 0x1e24c    : ld a4, -8(a0)              : MemRead :  D=0x0000000000000031 A=0x74218
1561500: system.cpu: T0 : 0x1e250    : andi a3, a4, 2             : IntAlu :  D=0x0000000000000000
1562000: system.cpu: T0 : 0x1e254    : c_bnez a3, 26              : IntAlu : 
1562500: system.cpu: T0 : 0x1e256    : c_andi a4, 4               : IntAlu :  D=0x0000000000000000
1563000: system.cpu: T0 : 0x1e258    : c_beqz a4, 22              : IntAlu : 
1563500: system.cpu: T0 : 0x1e26e    : c_ldsp ra, 24(sp)          : MemRead :  D=0x000000000003e2d2 A=0x7ffffffffffffc18
1564000: system.cpu: T0 : 0x1e270    : c_ldsp s0, 16(sp)          : MemRead :  D=0x7ffffffffffffcf0 A=0x7ffffffffffffc10
1564500: system.cpu: T0 : 0x1e272    : c_ldsp s1, 8(sp)           : MemRead :  D=0x7ffffffffffffc20 A=0x7ffffffffffffc08
1565000: system.cpu: T0 : 0x1e274    : c_ldsp s2, 0(sp)           : MemRead :  D=0x0000000000000002 A=0x7ffffffffffffc00
1565500: system.cpu: T0 : 0x1e276    : c_mv a0, a5                : IntAlu :  D=0x0000000000074220
1566000: system.cpu: T0 : 0x1e278    : c_addi16sp sp, 32          : IntAlu :  D=0x7ffffffffffffc20
1566500: system.cpu: T0 : 0x1e27a    : c_jr ra                    : IntAlu : 
1567000: system.cpu: T0 : 0x3e2d2    : c_mv s6, a0                : IntAlu :  D=0x0000000000074220
1567500: system.cpu: T0 : 0x3e2d4    : addi a5, s9, 1             : IntAlu :  D=0x0000000000000004
1568000: system.cpu: T0 : 0x3e2d8    : c_bnez a0, 64              : IntAlu : 
1568500: system.cpu: T0 : 0x3e318    : c_ld a1, 0(s1)             : MemRead :  D=0x00000000000626b0 A=0x7ffffffffffffc20
1569500: system.cpu: T0 : 0x3e31a    : addi a0, a0, 32            : IntAlu :  D=0x0000000000074240
1570500: system.cpu: T0 : 0x3e31e    : sd a5, 8(s6)               : MemWrite :  D=0x0000000000000004 A=0x74228
1571500: system.cpu: T0 : 0x3e322    : sd a0, 0(s6)               : MemWrite :  D=0x0000000000074240 A=0x74220
1572500: system.cpu: T0 : 0x3e326    : sd a0, 16(s6)              : MemWrite :  D=0x0000000000074240 A=0x74230
1573500: system.cpu: T0 : 0x3e32a    : sd zero, 24(s6)            : MemWrite :  D=0x0000000000000000 A=0x74238
1574000: system.cpu: T0 : 0x3e32e    : c_mv a2, s9                : IntAlu :  D=0x0000000000000003
1574500: system.cpu: T0 : 0x3e330    : jal ra, -123064            : IntAlu :  D=0x000000000003e334
1575000: system.cpu: T0 : 0x20278    : c_addi sp, -16             : IntAlu :  D=0x7ffffffffffffc10
1575500: system.cpu: T0 : 0x2027a    : c_sdsp s0, 0(sp)           : MemWrite :  D=0x7ffffffffffffcf0 A=0x7ffffffffffffc10
1576000: system.cpu: T0 : 0x2027c    : c_sdsp ra, 8(sp)           : MemWrite :  D=0x000000000003e334 A=0x7ffffffffffffc18
1576500: system.cpu: T0 : 0x2027e    : c_mv s0, a2                : IntAlu :  D=0x0000000000000003
1577000: system.cpu: T0 : 0x20280    : jal ra, 112                : IntAlu :  D=0x0000000000020284
1577500: system.cpu: T0 : 0x202f0    : c_addi16sp sp, -48         : IntAlu :  D=0x7ffffffffffffbe0
1578000: system.cpu: T0 : 0x202f2    : c_sdsp s0, 32(sp)          : MemWrite :  D=0x0000000000000003 A=0x7ffffffffffffc00
1578500: system.cpu: T0 : 0x202f4    : c_sdsp s2, 16(sp)          : MemWrite :  D=0x0000000000000002 A=0x7ffffffffffffbf0
1579000: system.cpu: T0 : 0x202f6    : c_sdsp ra, 40(sp)          : MemWrite :  D=0x0000000000020284 A=0x7ffffffffffffc08
1579500: system.cpu: T0 : 0x202f8    : c_sdsp s1, 24(sp)          : MemWrite :  D=0x7ffffffffffffc20 A=0x7ffffffffffffbf8
1580000: system.cpu: T0 : 0x202fa    : c_sdsp s3, 8(sp)           : MemWrite :  D=0x0000000000000000 A=0x7ffffffffffffbe8
1580500: system.cpu: T0 : 0x202fc    : c_li a5, 15                : IntAlu :  D=0x000000000000000f
1581000: system.cpu: T0 : 0x202fe    : c_mv s2, a0                : IntAlu :  D=0x0000000000074240
1581500: system.cpu: T0 : 0x20300    : c_mv a4, a0                : IntAlu :  D=0x0000000000074240
1582000: system.cpu: T0 : 0x20302    : c_mv s0, a1                : IntAlu :  D=0x00000000000626b0
1582500: system.cpu: T0 : 0x20304    : bgeu a5, a2, 72            : IntAlu : 
1583000: system.cpu: T0 : 0x2034c    : c_addi a4, -1              : IntAlu :  D=0x000000000007423f
1583500: system.cpu: T0 : 0x2034e    : c_mv a5, s0                : IntAlu :  D=0x00000000000626b0
1584000: system.cpu: T0 : 0x20350    : add a1, a2, s0             : IntAlu :  D=0x00000000000626b3
1584500: system.cpu: T0 : 0x20354    : c_sub a4, s0               : IntAlu :  D=0x0000000000011b8f
1585000: system.cpu: T0 : 0x20356    : c_beqz a2, 20              : IntAlu : 
1585500: system.cpu: T0 : 0x20358    : lbu a2, 0(a5)              : MemRead :  D=0x0000000000000074 A=0x626b0
1586000: system.cpu: T0 : 0x2035c    : c_addi a5, 1               : IntAlu :  D=0x00000000000626b1
1587000: system.cpu: T0 : 0x2035e    : add a3, a4, a5             : IntAlu :  D=0x0000000000074240
1588000: system.cpu: T0 : 0x20362    : sb a2, 0(a3)               : MemWrite :  D=0x0000000000000074 A=0x74240
1589000: system.cpu: T0 : 0x20366    : bne a1, a5, -14            : IntAlu : 
1589500: system.cpu: T0 : 0x20358    : lbu a2, 0(a5)              : MemRead :  D=0x000000000000006c A=0x626b1
1590000: system.cpu: T0 : 0x2035c    : c_addi a5, 1               : IntAlu :  D=0x00000000000626b2
1591000: system.cpu: T0 : 0x2035e    : add a3, a4, a5             : IntAlu :  D=0x0000000000074241
1592000: system.cpu: T0 : 0x20362    : sb a2, 0(a3)               : MemWrite :  D=0x000000000000006c A=0x74241
1593000: system.cpu: T0 : 0x20366    : bne a1, a5, -14            : IntAlu : 
1593500: system.cpu: T0 : 0x20358    : lbu a2, 0(a5)              : MemRead :  D=0x0000000000000073 A=0x626b2
1594000: system.cpu: T0 : 0x2035c    : c_addi a5, 1               : IntAlu :  D=0x00000000000626b3
1595000: system.cpu: T0 : 0x2035e    : add a3, a4, a5             : IntAlu :  D=0x0000000000074242
1596000: system.cpu: T0 : 0x20362    : sb a2, 0(a3)               : MemWrite :  D=0x0000000000000073 A=0x74242
1597000: system.cpu: T0 : 0x20366    : bne a1, a5, -14            : IntAlu : 
1597500: system.cpu: T0 : 0x2036a    : c_ldsp ra, 40(sp)          : MemRead :  D=0x0000000000020284 A=0x7ffffffffffffc08
1598000: system.cpu: T0 : 0x2036c    : c_ldsp s0, 32(sp)          : MemRead :  D=0x0000000000000003 A=0x7ffffffffffffc00
1598500: system.cpu: T0 : 0x2036e    : c_ldsp s1, 24(sp)          : MemRead :  D=0x7ffffffffffffc20 A=0x7ffffffffffffbf8
1599000: system.cpu: T0 : 0x20370    : c_ldsp s3, 8(sp)           : MemRead :  D=0x0000000000000000 A=0x7ffffffffffffbe8
1599500: system.cpu: T0 : 0x20372    : c_mv a0, s2                : IntAlu :  D=0x0000000000074240
1600000: system.cpu: T0 : 0x20374    : c_ldsp s2, 16(sp)          : MemRead :  D=0x0000000000000002 A=0x7ffffffffffffbf0
1600500: system.cpu: T0 : 0x20376    : c_addi16sp sp, 48          : IntAlu :  D=0x7ffffffffffffc10
1601000: system.cpu: T0 : 0x20378    : c_jr ra                    : IntAlu : 
1601500: system.cpu: T0 : 0x20284    : c_ldsp ra, 8(sp)           : MemRead :  D=0x000000000003e334 A=0x7ffffffffffffc18
1602000: system.cpu: T0 : 0x20286    : c_add a0, s0               : IntAlu :  D=0x0000000000074243
1602500: system.cpu: T0 : 0x20288    : c_ldsp s0, 0(sp)           : MemRead :  D=0x7ffffffffffffcf0 A=0x7ffffffffffffc10
1603000: system.cpu: T0 : 0x2028a    : c_addi sp, 16              : IntAlu :  D=0x7ffffffffffffc20
1603500: system.cpu: T0 : 0x2028c    : c_jr ra                    : IntAlu : 
1604000: system.cpu: T0 : 0x3e334    : ld a4, -136(s0)            : MemRead :  D=0x000000000006efd0 A=0x7ffffffffffffc68
1604500: system.cpu: T0 : 0x3e338    : addi a5, zero, 47          : IntAlu :  D=0x000000000000002f
1605000: system.cpu: T0 : 0x3e33c    : sb a5, 0(a0)               : MemWrite :  D=0x000000000000002f A=0x74243
1605500: system.cpu: T0 : 0x3e340    : sd s2, 0(a4)               : MemWrite :  D=0x0000000000000002 A=0x6efd0
1606000: system.cpu: T0 : 0x3e344    : ld a5, 8(s6)               : MemRead :  D=0x0000000000000004 A=0x74228
1606500: system.cpu: T0 : 0x3e348    : ld a4, -160(s0)            : MemRead :  D=0x000000000006efc8 A=0x7ffffffffffffc50
1607000: system.cpu: T0 : 0x3e34c    : c_sd a5, 0(a4)             : MemWrite :  D=0x0000000000000004 A=0x6efc8
1607500: system.cpu: T0 : 0x3e34e    : c_j -178                   : IntAlu : 
1608000: system.cpu: T0 : 0x3e29c    : addi sp, s0, -192          : IntAlu :  D=0x7ffffffffffffc30
1608500: system.cpu: T0 : 0x3e2a0    : c_ldsp ra, 184(sp)         : MemRead :  D=0x000000000003b80c A=0x7ffffffffffffce8
1609000: system.cpu: T0 : 0x3e2a2    : c_mv a0, s6                : IntAlu :  D=0x0000000000074220
1609500: system.cpu: T0 : 0x3e2a4    : c_ldsp s0, 176(sp)         : MemRead :  D=0x7ffffffffffffd30 A=0x7ffffffffffffce0
1610000: system.cpu: T0 : 0x3e2a6    : c_ldsp s1, 168(sp)         : MemRead :  D=0x000000000006feb8 A=0x7ffffffffffffcd8
1610500: system.cpu: T0 : 0x3e2a8    : c_ldsp s2, 160(sp)         : MemRead :  D=0x0000000000000000 A=0x7ffffffffffffcd0
1611000: system.cpu: T0 : 0x3e2aa    : c_ldsp s3, 152(sp)         : MemRead :  D=0x000000000006efc0 A=0x7ffffffffffffcc8
1611500: system.cpu: T0 : 0x3e2ac    : c_ldsp s4, 144(sp)         : MemRead :  D=0x0000000000070000 A=0x7ffffffffffffcc0
1612000: system.cpu: T0 : 0x3e2ae    : c_ldsp s5, 136(sp)         : MemRead :  D=0x0000000000073000 A=0x7ffffffffffffcb8
1612500: system.cpu: T0 : 0x3e2b0    : c_ldsp s6, 128(sp)         : MemRead :  D=0x0000000000073000 A=0x7ffffffffffffcb0
1613000: system.cpu: T0 : 0x3e2b2    : c_ldsp s7, 120(sp)         : MemRead :  D=0x0000000000000000 A=0x7ffffffffffffca8
1613500: system.cpu: T0 : 0x3e2b4    : c_ldsp s8, 112(sp)         : MemRead :  D=0x0000000000000000 A=0x7ffffffffffffca0
1614000: system.cpu: T0 : 0x3e2b6    : c_ldsp s9, 104(sp)         : MemRead :  D=0x0000000000000000 A=0x7ffffffffffffc98
1614500: system.cpu: T0 : 0x3e2b8    : c_ldsp s10, 96(sp)         : MemRead :  D=0x0000000000000000 A=0x7ffffffffffffc90
1615000: system.cpu: T0 : 0x3e2ba    : c_ldsp s11, 88(sp)         : MemRead :  D=0x0000000000000000 A=0x7ffffffffffffc88
1615500: system.cpu: T0 : 0x3e2bc    : c_addi16sp sp, 192         : IntAlu :  D=0x7ffffffffffffcf0
1616000: system.cpu: T0 : 0x3e2be    : c_jr ra                    : IntAlu : 
1616500: system.cpu: T0 : 0x3b80c    : c_mv a5, a0                : IntAlu :  D=0x0000000000074220
1617500: system.cpu: T0 : 0x3b80e    : addi a0, zero, 40          : IntAlu :  D=0x0000000000000028
1618500: system.cpu: T0 : 0x3b812    : sd a5, 24(s3)              : MemWrite :  D=0x0000000000074220 A=0x6efd8
1619500: system.cpu: T0 : 0x3b816    : jal ra, -120344            : IntAlu :  D=0x000000000003b81a
1620500: system.cpu: T0 : 0x1e1fe    : ld t1, -1848(gp)           : MemRead :  D=0x0000000000000000 A=0x709a8
1621500: system.cpu: T0 : 0x1e202    : bne t1, zero, 260          : IntAlu : 
1622000: system.cpu: T0 : 0x1e206    : c_addi sp, -32             : IntAlu :  D=0x7ffffffffffffcd0
1622500: system.cpu: T0 : 0x1e208    : c_sdsp s0, 16(sp)          : MemWrite :  D=0x7ffffffffffffd30 A=0x7ffffffffffffce0
1623000: system.cpu: T0 : 0x1e20a    : c_sdsp ra, 24(sp)          : MemWrite :  D=0x000000000003b81a A=0x7ffffffffffffce8
1623500: system.cpu: T0 : 0x1e20c    : c_sdsp s1, 8(sp)           : MemWrite :  D=0x000000000006feb8 A=0x7ffffffffffffcd8
1624000: system.cpu: T0 : 0x1e20e    : c_sdsp s2, 0(sp)           : MemWrite :  D=0x0000000000000000 A=0x7ffffffffffffcd0
1624500: system.cpu: T0 : 0x1e210    : c_mv s0, a0                : IntAlu :  D=0x0000000000000028
1625500: system.cpu: T0 : 0x1e212    : blt a0, zero, 222          : IntAlu : 
1626500: system.cpu: T0 : 0x1e216    : addi a5, a0, 23            : IntAlu :  D=0x000000000000003f
1627000: system.cpu: T0 : 0x1e21a    : c_li a4, 31                : IntAlu :  D=0x000000000000001f
1627500: system.cpu: T0 : 0x1e21c    : c_li s1, 0                 : IntAlu :  D=0x0000000000000000
1628500: system.cpu: T0 : 0x1e21e    : bltu a4, a5, 94            : IntAlu : 
1629000: system.cpu: T0 : 0x1e27c    : c_andi a5, 18446744073709551600 : IntAlu :  D=0x0000000000000030
1629500: system.cpu: T0 : 0x1e27e    : c_addi a5, -17             : IntAlu :  D=0x000000000000001f
1630000: system.cpu: T0 : 0x1e280    : srli s1, a5, 4             : IntAlu :  D=0x0000000000000001
1630500: system.cpu: T0 : 0x1e284    : c_j -98                    : IntAlu : 
1631500: system.cpu: T0 : 0x1e222    : ld a4, 40(tp)              : MemRead :  D=0x0000000000073f90 A=0x73738
1632000: system.cpu: T0 : 0x1e226    : c_beqz a4, 96              : IntAlu : 
1632500: system.cpu: T0 : 0x1e228    : lui a5, 111                : IntAlu :  D=0x000000000006f000
1633000: system.cpu: T0 : 0x1e22c    : ld a5, 1536(a5)            : MemRead :  D=0x0000000000000040 A=0x6f600
1633500: system.cpu: T0 : 0x1e230    : bltu s1, a5, 114           : IntAlu : 
1634500: system.cpu: T0 : 0x1e2a2    : slli a3, s1, 1             : IntAlu :  D=0x0000000000000002
1635000: system.cpu: T0 : 0x1e2a6    : c_add a3, a4               : IntAlu :  D=0x0000000000073f92
1635500: system.cpu: T0 : 0x1e2a8    : lhu a2, 0(a3)              : MemRead :  D=0x0000000000000000 A=0x73f92
1636000: system.cpu: T0 : 0x1e2ac    : c_beqz a2, -120            : IntAlu : 
1636500: system.cpu: T0 : 0x1e234    : lw a5, -1808(tp)           : MemRead :  D=0x0000000000000000 A=0x73000
1637000: system.cpu: T0 : 0x1e238    : c_bnez a5, 210             : IntAlu : 
1638000: system.cpu: T0 : 0x1e23a    : lui s1, 111                : IntAlu :  D=0x000000000006f000
1638500: system.cpu: T0 : 0x1e23e    : c_mv a1, s0                : IntAlu :  D=0x0000000000000028
1639000: system.cpu: T0 : 0x1e240    : addi a0, s1, 1568          : IntAlu :  D=0x000000000006f620
1639500: system.cpu: T0 : 0x1e244    : jal ra, -5236              : IntAlu :  D=0x000000000001e248
1640000: system.cpu: T0 : 0x1cdd0    : c_addi16sp sp, -256        : IntAlu :  D=0x7ffffffffffffbd0
1640500: system.cpu: T0 : 0x1cdd2    : c_sdsp ra, 248(sp)         : MemWrite :  D=0x000000000001e248 A=0x7ffffffffffffcc8
1641000: system.cpu: T0 : 0x1cdd4    : c_sdsp s0, 240(sp)         : MemWrite :  D=0x0000000000000028 A=0x7ffffffffffffcc0
1641500: system.cpu: T0 : 0x1cdd6    : c_sdsp s1, 232(sp)         : MemWrite :  D=0x000000000006f000 A=0x7ffffffffffffcb8
1642000: system.cpu: T0 : 0x1cdd8    : c_sdsp s2, 224(sp)         : MemWrite :  D=0x0000000000000000 A=0x7ffffffffffffcb0
1642500: system.cpu: T0 : 0x1cdda    : c_sdsp s3, 216(sp)         : MemWrite :  D=0x000000000006efc0 A=0x7ffffffffffffca8
1643000: system.cpu: T0 : 0x1cddc    : c_sdsp s4, 208(sp)         : MemWrite :  D=0x0000000000070000 A=0x7ffffffffffffca0
1643500: system.cpu: T0 : 0x1cdde    : c_sdsp s5, 200(sp)         : MemWrite :  D=0x0000000000073000 A=0x7ffffffffffffc98
1644000: system.cpu: T0 : 0x1cde0    : c_sdsp s6, 192(sp)         : MemWrite :  D=0x0000000000073000 A=0x7ffffffffffffc90
1644500: system.cpu: T0 : 0x1cde2    : c_sdsp s7, 184(sp)         : MemWrite :  D=0x0000000000000000 A=0x7ffffffffffffc88
1645000: system.cpu: T0 : 0x1cde4    : c_sdsp s8, 176(sp)         : MemWrite :  D=0x0000000000000000 A=0x7ffffffffffffc80
1645500: system.cpu: T0 : 0x1cde6    : c_sdsp s9, 168(sp)         : MemWrite :  D=0x0000000000000000 A=0x7ffffffffffffc78
1646000: system.cpu: T0 : 0x1cde8    : c_sdsp s10, 160(sp)        : MemWrite :  D=0x0000000000000000 A=0x7ffffffffffffc70
1646500: system.cpu: T0 : 0x1cdea    : c_sdsp s11, 152(sp)        : MemWrite :  D=0x0000000000000000 A=0x7ffffffffffffc68
1647000: system.cpu: T0 : 0x1cdec    : blt a1, zero, 1198         : IntAlu : 
1647500: system.cpu: T0 : 0x1cdf0    : addi s0, a1, 23            : IntAlu :  D=0x000000000000003f
1648000: system.cpu: T0 : 0x1cdf4    : c_li a5, 31                : IntAlu :  D=0x000000000000001f
1648500: system.cpu: T0 : 0x1cdf6    : c_mv s3, a1                : IntAlu :  D=0x0000000000000028
1649000: system.cpu: T0 : 0x1cdf8    : c_mv s1, a0                : IntAlu :  D=0x000000000006f620
1650000: system.cpu: T0 : 0x1cdfa    : bltu a5, s0, 220           : IntAlu : 
1650500: system.cpu: T0 : 0x1ced6    : c_andi s0, 18446744073709551600 : IntAlu :  D=0x0000000000000030
1651000: system.cpu: T0 : 0x1ced8    : beq a0, zero, 988          : IntAlu : 
1651500: system.cpu: T0 : 0x1cedc    : ld a4, -1376(gp)           : MemRead :  D=0x0000000000000080 A=0x70b80
1652000: system.cpu: T0 : 0x1cee0    : srliw s9, s0, 4            : IntAlu :  D=0x0000000000000003
1652500: system.cpu: T0 : 0x1cee4    : srliw a5, s0, 4            : IntAlu :  D=0x0000000000000003
1653000: system.cpu: T0 : 0x1cee8    : bgeu a4, s0, 506           : IntAlu : 
1653500: system.cpu: T0 : 0x1d0e2    : c_addiw a5, -2             : IntAlu :  D=0x0000000000000001
1654000: system.cpu: T0 : 0x1d0e4    : slli a2, a5, 32            : IntAlu :  D=0x0000000100000000
1654500: system.cpu: T0 : 0x1d0e8    : c_srli a2, 32              : IntAlu :  D=0x0000000000000001
1655000: system.cpu: T0 : 0x1d0ea    : c_addi a2, 2               : IntAlu :  D=0x0000000000000003
1655500: system.cpu: T0 : 0x1d0ec    : c_slli a2, 3               : IntAlu :  D=0x0000000000000018
1656000: system.cpu: T0 : 0x1d0ee    : c_j -376                   : IntAlu : 
1656500: system.cpu: T0 : 0x1cf76    : c_slli a5, 32              : IntAlu :  D=0x0000000100000000
1657000: system.cpu: T0 : 0x1cf78    : c_srli a5, 29              : IntAlu :  D=0x0000000000000008
1657500: system.cpu: T0 : 0x1cf7a    : c_add a5, s1               : IntAlu :  D=0x000000000006f628
1658000: system.cpu: T0 : 0x1cf7c    : ld s2, 16(a5)              : MemRead :  D=0x0000000000000000 A=0x6f638
1658500: system.cpu: T0 : 0x1cf80    : beq s2, zero, 170          : IntAlu : 
1659500: system.cpu: T0 : 0x1d02a    : addiw a5, s9, -1           : IntAlu :  D=0x0000000000000002
1660500: system.cpu: T0 : 0x1d02e    : slliw a5, a5, 1            : IntAlu :  D=0x0000000000000004
1661000: system.cpu: T0 : 0x1d032    : c_slli a5, 32              : IntAlu :  D=0x0000000400000000
1661500: system.cpu: T0 : 0x1d034    : c_srli a5, 32              : IntAlu :  D=0x0000000000000004
1662000: system.cpu: T0 : 0x1d036    : c_addi a5, 14              : IntAlu :  D=0x0000000000000012
1662500: system.cpu: T0 : 0x1d038    : c_slli a5, 3               : IntAlu :  D=0x0000000000000090
1663000: system.cpu: T0 : 0x1d03a    : c_j -550                   : IntAlu : 
1663500: system.cpu: T0 : 0x1ce14    : c_add a5, s1               : IntAlu :  D=0x000000000006f6b0
1664500: system.cpu: T0 : 0x1ce16    : ld s2, 8(a5)               : MemRead :  D=0x000000000006f6a0 A=0x6f6b8
1665500: system.cpu: T0 : 0x1ce1a    : addi a3, a5, -16           : IntAlu :  D=0x000000000006f6a0
1666500: system.cpu: T0 : 0x1ce1e    : beq a3, s2, 748            : IntAlu : 
1667500: system.cpu: T0 : 0x1d10a    : srli t1, s0, 9             : IntAlu :  D=0x0000000000000000
1668500: system.cpu: T0 : 0x1d10e    : addiw a5, t1, 91           : IntAlu :  D=0x000000000000005b
1669500: system.cpu: T0 : 0x1d112    : srli s10, s0, 6            : IntAlu :  D=0x0000000000000000
1670000: system.cpu: T0 : 0x1d116    : c_sdsp a5, 96(sp)          : MemWrite :  D=0x000000000000005b A=0x7ffffffffffffc30
1670500: system.cpu: T0 : 0x1d118    : addiw a5, s10, 48          : IntAlu :  D=0x0000000000000030
1671000: system.cpu: T0 : 0x1d11c    : c_sdsp a5, 88(sp)          : MemWrite :  D=0x0000000000000030 A=0x7ffffffffffffc28
1672000: system.cpu: T0 : 0x1d11e    : addi a5, zero, 110         : IntAlu :  D=0x000000000000006e
1672500: system.cpu: T0 : 0x1d122    : c_sdsp a5, 112(sp)         : MemWrite :  D=0x000000000000006e A=0x7ffffffffffffc40
1673000: system.cpu: T0 : 0x1d124    : addi a5, zero, 119         : IntAlu :  D=0x0000000000000077
1673500: system.cpu: T0 : 0x1d128    : c_sdsp a5, 104(sp)         : MemWrite :  D=0x0000000000000077 A=0x7ffffffffffffc38
1674500: system.cpu: T0 : 0x1d12a    : addi a5, zero, 124         : IntAlu :  D=0x000000000000007c
1675000: system.cpu: T0 : 0x1d12e    : c_sdsp s9, 8(sp)           : MemWrite :  D=0x0000000000000003 A=0x7ffffffffffffbd8
1675500: system.cpu: T0 : 0x1d130    : c_sdsp a5, 120(sp)         : MemWrite :  D=0x000000000000007c A=0x7ffffffffffffc48
1676000: system.cpu: T0 : 0x1d132    : c_sdsp zero, 128(sp)       : MemWrite :  D=0x0000000000000000 A=0x7ffffffffffffc50
1676500: system.cpu: T0 : 0x1d134    : c_sdsp zero, 136(sp)       : MemWrite :  D=0x0000000000000000 A=0x7ffffffffffffc58
1677500: system.cpu: T0 : 0x1d136    : ld a5, 40(tp)              : MemRead :  D=0x0000000000073f90 A=0x73738
1678500: system.cpu: T0 : 0x1d13a    : addi s6, s0, -17           : IntAlu :  D=0x000000000000001f
1679500: system.cpu: T0 : 0x1d13e    : srli s6, s6, 4             : IntAlu :  D=0x0000000000000001
1680000: system.cpu: T0 : 0x1d142    : c_li s5, 0                 : IntAlu :  D=0x0000000000000000
1680500: system.cpu: T0 : 0x1d144    : c_beqz a5, 22              : IntAlu : 
1681500: system.cpu: T0 : 0x1d146    : lui a5, 111                : IntAlu :  D=0x000000000006f000
1682500: system.cpu: T0 : 0x1d14a    : ld s5, 1536(a5)            : MemRead :  D=0x0000000000000040 A=0x6f600
1683500: system.cpu: T0 : 0x1d14e    : sltu s5, s6, s5            : IntAlu :  D=0x0000000000000001
1684500: system.cpu: T0 : 0x1d152    : sub s5, zero, s5           : IntAlu :  D=0xffffffffffffffff
1685500: system.cpu: T0 : 0x1d156    : and s5, s0, s5             : IntAlu :  D=0x0000000000000030
1686500: system.cpu: T0 : 0x1d15a    : lui a5, 111                : IntAlu :  D=0x000000000006f000
1687000: system.cpu: T0 : 0x1d15e    : c_lui s11, 1               : IntAlu :  D=0x0000000000001000
1687500: system.cpu: T0 : 0x1d160    : lui s7, 111                : IntAlu :  D=0x000000000006f000
1688000: system.cpu: T0 : 0x1d164    : addi a5, a5, 1568          : IntAlu :  D=0x000000000006f620
1688500: system.cpu: T0 : 0x1d168    : addi s8, s1, 96            : IntAlu :  D=0x000000000006f680
1689000: system.cpu: T0 : 0x1d16c    : c_li t5, 0                 : IntAlu :  D=0x0000000000000000
1690000: system.cpu: T0 : 0x1d16e    : addi s7, s7, 1456          : IntAlu :  D=0x000000000006f5b0
1691000: system.cpu: T0 : 0x1d172    : add a7, s1, s11            : IntAlu :  D=0x0000000000070620
1691500: system.cpu: T0 : 0x1d176    : c_sdsp a5, 56(sp)          : MemWrite :  D=0x000000000006f620 A=0x7ffffffffffffc08
1692000: system.cpu: T0 : 0x1d178    : c_ld a5, 120(s1)           : MemRead :  D=0x000000000006f680 A=0x6f698
1693000: system.cpu: T0 : 0x1d17a    : beq a5, s8, 532            : IntAlu : 
1694000: system.cpu: T0 : 0x1d38e    : addi a5, zero, 1023        : IntAlu :  D=0x00000000000003ff
1695000: system.cpu: T0 : 0x1d392    : bgeu a5, s0, 38            : IntAlu : 
1695500: system.cpu: T0 : 0x1d3b8    : c_ldsp a3, 8(sp)           : MemRead :  D=0x0000000000000003 A=0x7ffffffffffffbd8
1696000: system.cpu: T0 : 0x1d3ba    : c_li a0, 4                 : IntAlu :  D=0x0000000000000004
1696500: system.cpu: T0 : 0x1d3bc    : addiw a5, a3, 1            : IntAlu :  D=0x0000000000000004
1697000: system.cpu: T0 : 0x1d3c0    : srliw a4, a5, 5            : IntAlu :  D=0x0000000000000000
1697500: system.cpu: T0 : 0x1d3c4    : slliw a3, a3, 1            : IntAlu :  D=0x0000000000000006
1698000: system.cpu: T0 : 0x1d3c8    : addi a4, a4, 536           : IntAlu :  D=0x0000000000000218
1698500: system.cpu: T0 : 0x1d3cc    : c_slli a3, 32              : IntAlu :  D=0x0000000600000000
1699000: system.cpu: T0 : 0x1d3ce    : c_slli a4, 2               : IntAlu :  D=0x0000000000000860
1699500: system.cpu: T0 : 0x1d3d0    : c_srli a3, 32              : IntAlu :  D=0x0000000000000006
1700000: system.cpu: T0 : 0x1d3d2    : c_add a4, s1               : IntAlu :  D=0x000000000006fe80
1700500: system.cpu: T0 : 0x1d3d4    : c_slli a3, 3               : IntAlu :  D=0x0000000000000030
1701000: system.cpu: T0 : 0x1d3d6    : c_lw a2, 0(a4)             : MemRead :  D=0x0000000000000000 A=0x6fe80
1701500: system.cpu: T0 : 0x1d3d8    : addi a3, a3, 96            : IntAlu :  D=0x0000000000000090
1702000: system.cpu: T0 : 0x1d3dc    : c_li a4, 1                 : IntAlu :  D=0x0000000000000001
1703000: system.cpu: T0 : 0x1d3de    : srliw s2, a5, 5            : IntAlu :  D=0x0000000000000000
1703500: system.cpu: T0 : 0x1d3e2    : c_add a3, s1               : IntAlu :  D=0x000000000006f6b0
1704000: system.cpu: T0 : 0x1d3e4    : sllw a5, a4, a5            : IntAlu :  D=0x0000000000000010
1704500: system.cpu: T0 : 0x1d3e8    : bltu a2, a5, 144           : IntAlu : 
1705000: system.cpu: T0 : 0x1d478    : addiw a5, s2, 1            : IntAlu :  D=0x0000000000000001
1705500: system.cpu: T0 : 0x1d47c    : addiw s2, a5, 0            : IntAlu :  D=0x0000000000000001
1706000: system.cpu: T0 : 0x1d480    : bne s2, a0, -26            : IntAlu : 
1706500: system.cpu: T0 : 0x1d466    : c_slli a5, 32              : IntAlu :  D=0x0000000100000000
1707000: system.cpu: T0 : 0x1d468    : c_srli a5, 32              : IntAlu :  D=0x0000000000000001
1708000: system.cpu: T0 : 0x1d46a    : addi a5, a5, 536           : IntAlu :  D=0x0000000000000219
1708500: system.cpu: T0 : 0x1d46e    : c_slli a5, 2               : IntAlu :  D=0x0000000000000864
1709000: system.cpu: T0 : 0x1d470    : c_add a5, s1               : IntAlu :  D=0x000000000006fe84
1709500: system.cpu: T0 : 0x1d472    : c_lw a2, 0(a5)             : MemRead :  D=0x0000000000000000 A=0x6fe84
1710000: system.cpu: T0 : 0x1d474    : bne a2, zero, 384          : IntAlu : 
1710500: system.cpu: T0 : 0x1d478    : addiw a5, s2, 1            : IntAlu :  D=0x0000000000000002
1711000: system.cpu: T0 : 0x1d47c    : addiw s2, a5, 0            : IntAlu :  D=0x0000000000000002
1711500: system.cpu: T0 : 0x1d480    : bne s2, a0, -26            : IntAlu : 
1712000: system.cpu: T0 : 0x1d466    : c_slli a5, 32              : IntAlu :  D=0x0000000200000000
1712500: system.cpu: T0 : 0x1d468    : c_srli a5, 32              : IntAlu :  D=0x0000000000000002
1713500: system.cpu: T0 : 0x1d46a    : addi a5, a5, 536           : IntAlu :  D=0x000000000000021a
1714000: system.cpu: T0 : 0x1d46e    : c_slli a5, 2               : IntAlu :  D=0x0000000000000868
1714500: system.cpu: T0 : 0x1d470    : c_add a5, s1               : IntAlu :  D=0x000000000006fe88
1715000: system.cpu: T0 : 0x1d472    : c_lw a2, 0(a5)             : MemRead :  D=0x0000000000000000 A=0x6fe88
1715500: system.cpu: T0 : 0x1d474    : bne a2, zero, 384          : IntAlu : 
1716000: system.cpu: T0 : 0x1d478    : addiw a5, s2, 1            : IntAlu :  D=0x0000000000000003
1716500: system.cpu: T0 : 0x1d47c    : addiw s2, a5, 0            : IntAlu :  D=0x0000000000000003
1717000: system.cpu: T0 : 0x1d480    : bne s2, a0, -26            : IntAlu : 
1717500: system.cpu: T0 : 0x1d466    : c_slli a5, 32              : IntAlu :  D=0x0000000300000000
1718000: system.cpu: T0 : 0x1d468    : c_srli a5, 32              : IntAlu :  D=0x0000000000000003
1719000: system.cpu: T0 : 0x1d46a    : addi a5, a5, 536           : IntAlu :  D=0x000000000000021b
1719500: system.cpu: T0 : 0x1d46e    : c_slli a5, 2               : IntAlu :  D=0x000000000000086c
1720000: system.cpu: T0 : 0x1d470    : c_add a5, s1               : IntAlu :  D=0x000000000006fe8c
1720500: system.cpu: T0 : 0x1d472    : c_lw a2, 0(a5)             : MemRead :  D=0x0000000000000000 A=0x6fe8c
1721000: system.cpu: T0 : 0x1d474    : bne a2, zero, 384          : IntAlu : 
1721500: system.cpu: T0 : 0x1d478    : addiw a5, s2, 1            : IntAlu :  D=0x0000000000000004
1722000: system.cpu: T0 : 0x1d47c    : addiw s2, a5, 0            : IntAlu :  D=0x0000000000000004
1722500: system.cpu: T0 : 0x1d480    : bne s2, a0, -26            : IntAlu : 
1723000: system.cpu: T0 : 0x1d484    : c_ld a4, 96(s1)            : MemRead :  D=0x0000000000074240 A=0x6f680
1724000: system.cpu: T0 : 0x1d486    : ld a3, -1912(a7)           : MemRead :  D=0x0000000000021080 A=0x6fea8
1724500: system.cpu: T0 : 0x1d48a    : c_ld a5, 8(a4)             : MemRead :  D=0x0000000000020dc1 A=0x74248
1725000: system.cpu: T0 : 0x1d48c    : c_andi a5, 18446744073709551608 : IntAlu :  D=0x0000000000020dc0
1726000: system.cpu: T0 : 0x1d48e    : bltu a3, a5, 548           : IntAlu : 
1727000: system.cpu: T0 : 0x1d492    : addi a3, s0, 32            : IntAlu :  D=0x0000000000000050
1728000: system.cpu: T0 : 0x1d496    : bgeu a5, a3, 640           : IntAlu : 
1729000: system.cpu: T0 : 0x1d716    : add a0, a4, s0             : IntAlu :  D=0x0000000000074270
1730000: system.cpu: T0 : 0x1d71a    : lui a2, 111                : IntAlu :  D=0x000000000006f000
1730500: system.cpu: T0 : 0x1d71e    : c_sd a0, 96(s1)            : MemWrite :  D=0x0000000000074270 A=0x6f680
1731000: system.cpu: T0 : 0x1d720    : addi a2, a2, 1568          : IntAlu :  D=0x000000000006f620
1731500: system.cpu: T0 : 0x1d724    : c_sub a5, s0               : IntAlu :  D=0x0000000000020d90
1732000: system.cpu: T0 : 0x1d726    : c_li a3, 4                 : IntAlu :  D=0x0000000000000004
1732500: system.cpu: T0 : 0x1d728    : beq s1, a2, 116            : IntAlu : 
1733000: system.cpu: T0 : 0x1d79c    : c_li a3, 0                 : IntAlu :  D=0x0000000000000000
1733500: system.cpu: T0 : 0x1d79e    : c_j -114                   : IntAlu : 
1734000: system.cpu: T0 : 0x1d72c    : c_or a3, s0                : IntAlu :  D=0x0000000000000030
1735000: system.cpu: T0 : 0x1d72e    : ori a3, a3, 1              : IntAlu :  D=0x0000000000000031
1736000: system.cpu: T0 : 0x1d732    : lw a1, -1396(gp)           : MemRead :  D=0x0000000000000000 A=0x70b6c
1736500: system.cpu: T0 : 0x1d736    : c_sd a3, 8(a4)             : MemWrite :  D=0x0000000000000031 A=0x74248
1737000: system.cpu: T0 : 0x1d738    : ori a5, a5, 1              : IntAlu :  D=0x0000000000020d91
1737500: system.cpu: T0 : 0x1d73c    : c_sd a5, 8(a0)             : MemWrite :  D=0x0000000000020d91 A=0x74278
1738500: system.cpu: T0 : 0x1d73e    : addi s2, a4, 16            : IntAlu :  D=0x0000000000074250
1739500: system.cpu: T0 : 0x1d742    : beq a1, zero, -1664        : IntAlu : 
1740000: system.cpu: T0 : 0x1d0c2    : c_ldsp ra, 248(sp)         : MemRead :  D=0x000000000001e248 A=0x7ffffffffffffcc8
1740500: system.cpu: T0 : 0x1d0c4    : c_ldsp s0, 240(sp)         : MemRead :  D=0x0000000000000028 A=0x7ffffffffffffcc0
1741000: system.cpu: T0 : 0x1d0c6    : c_ldsp s1, 232(sp)         : MemRead :  D=0x000000000006f000 A=0x7ffffffffffffcb8
1741500: system.cpu: T0 : 0x1d0c8    : c_ldsp s3, 216(sp)         : MemRead :  D=0x000000000006efc0 A=0x7ffffffffffffca8
1742000: system.cpu: T0 : 0x1d0ca    : c_ldsp s4, 208(sp)         : MemRead :  D=0x0000000000070000 A=0x7ffffffffffffca0
1742500: system.cpu: T0 : 0x1d0cc    : c_ldsp s5, 200(sp)         : MemRead :  D=0x0000000000073000 A=0x7ffffffffffffc98
1743000: system.cpu: T0 : 0x1d0ce    : c_ldsp s6, 192(sp)         : MemRead :  D=0x0000000000073000 A=0x7ffffffffffffc90
1743500: system.cpu: T0 : 0x1d0d0    : c_ldsp s7, 184(sp)         : MemRead :  D=0x0000000000000000 A=0x7ffffffffffffc88
1744000: system.cpu: T0 : 0x1d0d2    : c_ldsp s8, 176(sp)         : MemRead :  D=0x0000000000000000 A=0x7ffffffffffffc80
1744500: system.cpu: T0 : 0x1d0d4    : c_ldsp s9, 168(sp)         : MemRead :  D=0x0000000000000000 A=0x7ffffffffffffc78
1745000: system.cpu: T0 : 0x1d0d6    : c_ldsp s10, 160(sp)        : MemRead :  D=0x0000000000000000 A=0x7ffffffffffffc70
1745500: system.cpu: T0 : 0x1d0d8    : c_ldsp s11, 152(sp)        : MemRead :  D=0x0000000000000000 A=0x7ffffffffffffc68
1746000: system.cpu: T0 : 0x1d0da    : c_mv a0, s2                : IntAlu :  D=0x0000000000074250
1746500: system.cpu: T0 : 0x1d0dc    : c_ldsp s2, 224(sp)         : MemRead :  D=0x0000000000000000 A=0x7ffffffffffffcb0
1747000: system.cpu: T0 : 0x1d0de    : c_addi16sp sp, 256         : IntAlu :  D=0x7ffffffffffffcd0
1747500: system.cpu: T0 : 0x1d0e0    : c_jr ra                    : IntAlu : 
1748000: system.cpu: T0 : 0x1e248    : c_mv a5, a0                : IntAlu :  D=0x0000000000074250
1748500: system.cpu: T0 : 0x1e24a    : c_beqz a0, 150             : IntAlu : 
1749000: system.cpu: T0 : 0x1e24c    : ld a4, -8(a0)              : MemRead :  D=0x0000000000000031 A=0x74248
1749500: system.cpu: T0 : 0x1e250    : andi a3, a4, 2             : IntAlu :  D=0x0000000000000000
1750000: system.cpu: T0 : 0x1e254    : c_bnez a3, 26              : IntAlu : 
1750500: system.cpu: T0 : 0x1e256    : c_andi a4, 4               : IntAlu :  D=0x0000000000000000
1751000: system.cpu: T0 : 0x1e258    : c_beqz a4, 22              : IntAlu : 
1751500: system.cpu: T0 : 0x1e26e    : c_ldsp ra, 24(sp)          : MemRead :  D=0x000000000003b81a A=0x7ffffffffffffce8
1752000: system.cpu: T0 : 0x1e270    : c_ldsp s0, 16(sp)          : MemRead :  D=0x7ffffffffffffd30 A=0x7ffffffffffffce0
1752500: system.cpu: T0 : 0x1e272    : c_ldsp s1, 8(sp)           : MemRead :  D=0x000000000006feb8 A=0x7ffffffffffffcd8
1753000: system.cpu: T0 : 0x1e274    : c_ldsp s2, 0(sp)           : MemRead :  D=0x0000000000000000 A=0x7ffffffffffffcd0
1753500: system.cpu: T0 : 0x1e276    : c_mv a0, a5                : IntAlu :  D=0x0000000000074250
1754000: system.cpu: T0 : 0x1e278    : c_addi16sp sp, 32          : IntAlu :  D=0x7ffffffffffffcf0
1754500: system.cpu: T0 : 0x1e27a    : c_jr ra                    : IntAlu : 
1755500: system.cpu: T0 : 0x3b81a    : sd a0, 32(s3)              : MemWrite :  D=0x0000000000074250 A=0x6efe0
1756500: system.cpu: T0 : 0x3b81e    : beq a0, zero, 382          : IntAlu : 
1757500: system.cpu: T0 : 0x3b822    : ld s1, 16(s3)              : MemRead :  D=0x0000000000000002 A=0x6efd0
1758500: system.cpu: T0 : 0x3b826    : addi a7, zero, 40          : IntAlu :  D=0x0000000000000028
1759000: system.cpu: T0 : 0x3b82a    : c_mv s5, a0                : IntAlu :  D=0x0000000000074250
1759500: system.cpu: T0 : 0x3b82c    : slli s4, s1, 2             : IntAlu :  D=0x0000000000000008
1760000: system.cpu: T0 : 0x3b830    : addi s4, s4, 79            : IntAlu :  D=0x0000000000000057
1760500: system.cpu: T0 : 0x3b834    : divu s4, s4, a7            : IntDiv :  D=0x0000000000000002
1761000: system.cpu: T0 : 0x3b838    : slli a7, s4, 2             : IntAlu :  D=0x0000000000000008
1761500: system.cpu: T0 : 0x3b83c    : c_add s4, a7               : IntAlu :  D=0x000000000000000a
1762500: system.cpu: T0 : 0x3b83e    : slli a0, s4, 5             : IntAlu :  D=0x0000000000000140
1763500: system.cpu: T0 : 0x3b842    : jal ra, -120388            : IntAlu :  D=0x000000000003b846
1764500: system.cpu: T0 : 0x1e1fe    : ld t1, -1848(gp)           : MemRead :  D=0x0000000000000000 A=0x709a8
1765500: system.cpu: T0 : 0x1e202    : bne t1, zero, 260          : IntAlu : 
1766000: system.cpu: T0 : 0x1e206    : c_addi sp, -32             : IntAlu :  D=0x7ffffffffffffcd0
1766500: system.cpu: T0 : 0x1e208    : c_sdsp s0, 16(sp)          : MemWrite :  D=0x7ffffffffffffd30 A=0x7ffffffffffffce0
1767000: system.cpu: T0 : 0x1e20a    : c_sdsp ra, 24(sp)          : MemWrite :  D=0x000000000003b846 A=0x7ffffffffffffce8
1767500: system.cpu: T0 : 0x1e20c    : c_sdsp s1, 8(sp)           : MemWrite :  D=0x0000000000000002 A=0x7ffffffffffffcd8
1768000: system.cpu: T0 : 0x1e20e    : c_sdsp s2, 0(sp)           : MemWrite :  D=0x0000000000000000 A=0x7ffffffffffffcd0
1768500: system.cpu: T0 : 0x1e210    : c_mv s0, a0                : IntAlu :  D=0x0000000000000140
1769500: system.cpu: T0 : 0x1e212    : blt a0, zero, 222          : IntAlu : 
1770500: system.cpu: T0 : 0x1e216    : addi a5, a0, 23            : IntAlu :  D=0x0000000000000157
1771000: system.cpu: T0 : 0x1e21a    : c_li a4, 31                : IntAlu :  D=0x000000000000001f
1771500: system.cpu: T0 : 0x1e21c    : c_li s1, 0                 : IntAlu :  D=0x0000000000000000
1772500: system.cpu: T0 : 0x1e21e    : bltu a4, a5, 94            : IntAlu : 
1773000: system.cpu: T0 : 0x1e27c    : c_andi a5, 18446744073709551600 : IntAlu :  D=0x0000000000000150
1773500: system.cpu: T0 : 0x1e27e    : c_addi a5, -17             : IntAlu :  D=0x000000000000013f
1774000: system.cpu: T0 : 0x1e280    : srli s1, a5, 4             : IntAlu :  D=0x0000000000000013
1774500: system.cpu: T0 : 0x1e284    : c_j -98                    : IntAlu : 
1775500: system.cpu: T0 : 0x1e222    : ld a4, 40(tp)              : MemRead :  D=0x0000000000073f90 A=0x73738
1776000: system.cpu: T0 : 0x1e226    : c_beqz a4, 96              : IntAlu : 
1776500: system.cpu: T0 : 0x1e228    : lui a5, 111                : IntAlu :  D=0x000000000006f000
1777000: system.cpu: T0 : 0x1e22c    : ld a5, 1536(a5)            : MemRead :  D=0x0000000000000040 A=0x6f600
1777500: system.cpu: T0 : 0x1e230    : bltu s1, a5, 114           : IntAlu : 
1778500: system.cpu: T0 : 0x1e2a2    : slli a3, s1, 1             : IntAlu :  D=0x0000000000000026
1779000: system.cpu: T0 : 0x1e2a6    : c_add a3, a4               : IntAlu :  D=0x0000000000073fb6
1779500: system.cpu: T0 : 0x1e2a8    : lhu a2, 0(a3)              : MemRead :  D=0x0000000000000000 A=0x73fb6
1780000: system.cpu: T0 : 0x1e2ac    : c_beqz a2, -120            : IntAlu : 
1780500: system.cpu: T0 : 0x1e234    : lw a5, -1808(tp)           : MemRead :  D=0x0000000000000000 A=0x73000
1781000: system.cpu: T0 : 0x1e238    : c_bnez a5, 210             : IntAlu : 
1782000: system.cpu: T0 : 0x1e23a    : lui s1, 111                : IntAlu :  D=0x000000000006f000
1782500: system.cpu: T0 : 0x1e23e    : c_mv a1, s0                : IntAlu :  D=0x0000000000000140
1783000: system.cpu: T0 : 0x1e240    : addi a0, s1, 1568          : IntAlu :  D=0x000000000006f620
1783500: system.cpu: T0 : 0x1e244    : jal ra, -5236              : IntAlu :  D=0x000000000001e248
1784000: system.cpu: T0 : 0x1cdd0    : c_addi16sp sp, -256        : IntAlu :  D=0x7ffffffffffffbd0
1784500: system.cpu: T0 : 0x1cdd2    : c_sdsp ra, 248(sp)         : MemWrite :  D=0x000000000001e248 A=0x7ffffffffffffcc8
1785000: system.cpu: T0 : 0x1cdd4    : c_sdsp s0, 240(sp)         : MemWrite :  D=0x0000000000000140 A=0x7ffffffffffffcc0
1785500: system.cpu: T0 : 0x1cdd6    : c_sdsp s1, 232(sp)         : MemWrite :  D=0x000000000006f000 A=0x7ffffffffffffcb8
1786000: system.cpu: T0 : 0x1cdd8    : c_sdsp s2, 224(sp)         : MemWrite :  D=0x0000000000000000 A=0x7ffffffffffffcb0
1786500: system.cpu: T0 : 0x1cdda    : c_sdsp s3, 216(sp)         : MemWrite :  D=0x000000000006efc0 A=0x7ffffffffffffca8
1787000: system.cpu: T0 : 0x1cddc    : c_sdsp s4, 208(sp)         : MemWrite :  D=0x000000000000000a A=0x7ffffffffffffca0
1787500: system.cpu: T0 : 0x1cdde    : c_sdsp s5, 200(sp)         : MemWrite :  D=0x0000000000074250 A=0x7ffffffffffffc98
1788000: system.cpu: T0 : 0x1cde0    : c_sdsp s6, 192(sp)         : MemWrite :  D=0x0000000000073000 A=0x7ffffffffffffc90
1788500: system.cpu: T0 : 0x1cde2    : c_sdsp s7, 184(sp)         : MemWrite :  D=0x0000000000000000 A=0x7ffffffffffffc88
1789000: system.cpu: T0 : 0x1cde4    : c_sdsp s8, 176(sp)         : MemWrite :  D=0x0000000000000000 A=0x7ffffffffffffc80
1789500: system.cpu: T0 : 0x1cde6    : c_sdsp s9, 168(sp)         : MemWrite :  D=0x0000000000000000 A=0x7ffffffffffffc78
1790000: system.cpu: T0 : 0x1cde8    : c_sdsp s10, 160(sp)        : MemWrite :  D=0x0000000000000000 A=0x7ffffffffffffc70
1790500: system.cpu: T0 : 0x1cdea    : c_sdsp s11, 152(sp)        : MemWrite :  D=0x0000000000000000 A=0x7ffffffffffffc68
1791000: system.cpu: T0 : 0x1cdec    : blt a1, zero, 1198         : IntAlu : 
1791500: system.cpu: T0 : 0x1cdf0    : addi s0, a1, 23            : IntAlu :  D=0x0000000000000157
1792000: system.cpu: T0 : 0x1cdf4    : c_li a5, 31                : IntAlu :  D=0x000000000000001f
1792500: system.cpu: T0 : 0x1cdf6    : c_mv s3, a1                : IntAlu :  D=0x0000000000000140
1793000: system.cpu: T0 : 0x1cdf8    : c_mv s1, a0                : IntAlu :  D=0x000000000006f620
1794000: system.cpu: T0 : 0x1cdfa    : bltu a5, s0, 220           : IntAlu : 
1794500: system.cpu: T0 : 0x1ced6    : c_andi s0, 18446744073709551600 : IntAlu :  D=0x0000000000000150
1795000: system.cpu: T0 : 0x1ced8    : beq a0, zero, 988          : IntAlu : 
1795500: system.cpu: T0 : 0x1cedc    : ld a4, -1376(gp)           : MemRead :  D=0x0000000000000080 A=0x70b80
1796000: system.cpu: T0 : 0x1cee0    : srliw s9, s0, 4            : IntAlu :  D=0x0000000000000015
1796500: system.cpu: T0 : 0x1cee4    : srliw a5, s0, 4            : IntAlu :  D=0x0000000000000015
1797000: system.cpu: T0 : 0x1cee8    : bgeu a4, s0, 506           : IntAlu : 
1797500: system.cpu: T0 : 0x1ceec    : addi a4, zero, 1023        : IntAlu :  D=0x00000000000003ff
1798000: system.cpu: T0 : 0x1cef0    : bgeu a4, s0, 1722          : IntAlu : 
1798500: system.cpu: T0 : 0x1d5aa    : c_addiw a5, -1             : IntAlu :  D=0x0000000000000014
1799000: system.cpu: T0 : 0x1d5ac    : c_j -1406                  : IntAlu : 
1800000: system.cpu: T0 : 0x1d02e    : slliw a5, a5, 1            : IntAlu :  D=0x0000000000000028
1800500: system.cpu: T0 : 0x1d032    : c_slli a5, 32              : IntAlu :  D=0x0000002800000000
1801000: system.cpu: T0 : 0x1d034    : c_srli a5, 32              : IntAlu :  D=0x0000000000000028
1801500: system.cpu: T0 : 0x1d036    : c_addi a5, 14              : IntAlu :  D=0x0000000000000036
1802000: system.cpu: T0 : 0x1d038    : c_slli a5, 3               : IntAlu :  D=0x00000000000001b0
1802500: system.cpu: T0 : 0x1d03a    : c_j -550                   : IntAlu : 
1803000: system.cpu: T0 : 0x1ce14    : c_add a5, s1               : IntAlu :  D=0x000000000006f7d0
1804000: system.cpu: T0 : 0x1ce16    : ld s2, 8(a5)               : MemRead :  D=0x000000000006f7c0 A=0x6f7d8
1805000: system.cpu: T0 : 0x1ce1a    : addi a3, a5, -16           : IntAlu :  D=0x000000000006f7c0
1806000: system.cpu: T0 : 0x1ce1e    : beq a3, s2, 748            : IntAlu : 
1807000: system.cpu: T0 : 0x1d10a    : srli t1, s0, 9             : IntAlu :  D=0x0000000000000000
1808000: system.cpu: T0 : 0x1d10e    : addiw a5, t1, 91           : IntAlu :  D=0x000000000000005b
1809000: system.cpu: T0 : 0x1d112    : srli s10, s0, 6            : IntAlu :  D=0x0000000000000005
1809500: system.cpu: T0 : 0x1d116    : c_sdsp a5, 96(sp)          : MemWrite :  D=0x000000000000005b A=0x7ffffffffffffc30
1810000: system.cpu: T0 : 0x1d118    : addiw a5, s10, 48          : IntAlu :  D=0x0000000000000035
1810500: system.cpu: T0 : 0x1d11c    : c_sdsp a5, 88(sp)          : MemWrite :  D=0x0000000000000035 A=0x7ffffffffffffc28
1811500: system.cpu: T0 : 0x1d11e    : addi a5, zero, 110         : IntAlu :  D=0x000000000000006e
1812000: system.cpu: T0 : 0x1d122    : c_sdsp a5, 112(sp)         : MemWrite :  D=0x000000000000006e A=0x7ffffffffffffc40
1812500: system.cpu: T0 : 0x1d124    : addi a5, zero, 119         : IntAlu :  D=0x0000000000000077
1813000: system.cpu: T0 : 0x1d128    : c_sdsp a5, 104(sp)         : MemWrite :  D=0x0000000000000077 A=0x7ffffffffffffc38
1814000: system.cpu: T0 : 0x1d12a    : addi a5, zero, 124         : IntAlu :  D=0x000000000000007c
1814500: system.cpu: T0 : 0x1d12e    : c_sdsp s9, 8(sp)           : MemWrite :  D=0x0000000000000015 A=0x7ffffffffffffbd8
1815000: system.cpu: T0 : 0x1d130    : c_sdsp a5, 120(sp)         : MemWrite :  D=0x000000000000007c A=0x7ffffffffffffc48
1815500: system.cpu: T0 : 0x1d132    : c_sdsp zero, 128(sp)       : MemWrite :  D=0x0000000000000000 A=0x7ffffffffffffc50
1816000: system.cpu: T0 : 0x1d134    : c_sdsp zero, 136(sp)       : MemWrite :  D=0x0000000000000000 A=0x7ffffffffffffc58
1817000: system.cpu: T0 : 0x1d136    : ld a5, 40(tp)              : MemRead :  D=0x0000000000073f90 A=0x73738
1818000: system.cpu: T0 : 0x1d13a    : addi s6, s0, -17           : IntAlu :  D=0x000000000000013f
1819000: system.cpu: T0 : 0x1d13e    : srli s6, s6, 4             : IntAlu :  D=0x0000000000000013
1819500: system.cpu: T0 : 0x1d142    : c_li s5, 0                 : IntAlu :  D=0x0000000000000000
1820000: system.cpu: T0 : 0x1d144    : c_beqz a5, 22              : IntAlu : 
1821000: system.cpu: T0 : 0x1d146    : lui a5, 111                : IntAlu :  D=0x000000000006f000
1822000: system.cpu: T0 : 0x1d14a    : ld s5, 1536(a5)            : MemRead :  D=0x0000000000000040 A=0x6f600
1823000: system.cpu: T0 : 0x1d14e    : sltu s5, s6, s5            : IntAlu :  D=0x0000000000000001
1824000: system.cpu: T0 : 0x1d152    : sub s5, zero, s5           : IntAlu :  D=0xffffffffffffffff
1825000: system.cpu: T0 : 0x1d156    : and s5, s0, s5             : IntAlu :  D=0x0000000000000150
1826000: system.cpu: T0 : 0x1d15a    : lui a5, 111                : IntAlu :  D=0x000000000006f000
1826500: system.cpu: T0 : 0x1d15e    : c_lui s11, 1               : IntAlu :  D=0x0000000000001000
1827000: system.cpu: T0 : 0x1d160    : lui s7, 111                : IntAlu :  D=0x000000000006f000
1827500: system.cpu: T0 : 0x1d164    : addi a5, a5, 1568          : IntAlu :  D=0x000000000006f620
1828000: system.cpu: T0 : 0x1d168    : addi s8, s1, 96            : IntAlu :  D=0x000000000006f680
1828500: system.cpu: T0 : 0x1d16c    : c_li t5, 0                 : IntAlu :  D=0x0000000000000000
1829500: system.cpu: T0 : 0x1d16e    : addi s7, s7, 1456          : IntAlu :  D=0x000000000006f5b0
1830500: system.cpu: T0 : 0x1d172    : add a7, s1, s11            : IntAlu :  D=0x0000000000070620
1831000: system.cpu: T0 : 0x1d176    : c_sdsp a5, 56(sp)          : MemWrite :  D=0x000000000006f620 A=0x7ffffffffffffc08
1831500: system.cpu: T0 : 0x1d178    : c_ld a5, 120(s1)           : MemRead :  D=0x000000000006f680 A=0x6f698
1832500: system.cpu: T0 : 0x1d17a    : beq a5, s8, 532            : IntAlu : 
1833500: system.cpu: T0 : 0x1d38e    : addi a5, zero, 1023        : IntAlu :  D=0x00000000000003ff
1834500: system.cpu: T0 : 0x1d392    : bgeu a5, s0, 38            : IntAlu : 
1835000: system.cpu: T0 : 0x1d3b8    : c_ldsp a3, 8(sp)           : MemRead :  D=0x0000000000000015 A=0x7ffffffffffffbd8
1835500: system.cpu: T0 : 0x1d3ba    : c_li a0, 4                 : IntAlu :  D=0x0000000000000004
1836000: system.cpu: T0 : 0x1d3bc    : addiw a5, a3, 1            : IntAlu :  D=0x0000000000000016
1836500: system.cpu: T0 : 0x1d3c0    : srliw a4, a5, 5            : IntAlu :  D=0x0000000000000000
1837000: system.cpu: T0 : 0x1d3c4    : slliw a3, a3, 1            : IntAlu :  D=0x000000000000002a
1837500: system.cpu: T0 : 0x1d3c8    : addi a4, a4, 536           : IntAlu :  D=0x0000000000000218
1838000: system.cpu: T0 : 0x1d3cc    : c_slli a3, 32              : IntAlu :  D=0x0000002a00000000
1838500: system.cpu: T0 : 0x1d3ce    : c_slli a4, 2               : IntAlu :  D=0x0000000000000860
1839000: system.cpu: T0 : 0x1d3d0    : c_srli a3, 32              : IntAlu :  D=0x000000000000002a
1839500: system.cpu: T0 : 0x1d3d2    : c_add a4, s1               : IntAlu :  D=0x000000000006fe80
1840000: system.cpu: T0 : 0x1d3d4    : c_slli a3, 3               : IntAlu :  D=0x0000000000000150
1840500: system.cpu: T0 : 0x1d3d6    : c_lw a2, 0(a4)             : MemRead :  D=0x0000000000000000 A=0x6fe80
1841000: system.cpu: T0 : 0x1d3d8    : addi a3, a3, 96            : IntAlu :  D=0x00000000000001b0
1841500: system.cpu: T0 : 0x1d3dc    : c_li a4, 1                 : IntAlu :  D=0x0000000000000001
1842500: system.cpu: T0 : 0x1d3de    : srliw s2, a5, 5            : IntAlu :  D=0x0000000000000000
1843000: system.cpu: T0 : 0x1d3e2    : c_add a3, s1               : IntAlu :  D=0x000000000006f7d0
1843500: system.cpu: T0 : 0x1d3e4    : sllw a5, a4, a5            : IntAlu :  D=0x0000000000400000
1844000: system.cpu: T0 : 0x1d3e8    : bltu a2, a5, 144           : IntAlu : 
1844500: system.cpu: T0 : 0x1d478    : addiw a5, s2, 1            : IntAlu :  D=0x0000000000000001
1845000: system.cpu: T0 : 0x1d47c    : addiw s2, a5, 0            : IntAlu :  D=0x0000000000000001
1845500: system.cpu: T0 : 0x1d480    : bne s2, a0, -26            : IntAlu : 
1846000: system.cpu: T0 : 0x1d466    : c_slli a5, 32              : IntAlu :  D=0x0000000100000000
1846500: system.cpu: T0 : 0x1d468    : c_srli a5, 32              : IntAlu :  D=0x0000000000000001
1847500: system.cpu: T0 : 0x1d46a    : addi a5, a5, 536           : IntAlu :  D=0x0000000000000219
1848000: system.cpu: T0 : 0x1d46e    : c_slli a5, 2               : IntAlu :  D=0x0000000000000864
1848500: system.cpu: T0 : 0x1d470    : c_add a5, s1               : IntAlu :  D=0x000000000006fe84
1849000: system.cpu: T0 : 0x1d472    : c_lw a2, 0(a5)             : MemRead :  D=0x0000000000000000 A=0x6fe84
1849500: system.cpu: T0 : 0x1d474    : bne a2, zero, 384          : IntAlu : 
1850000: system.cpu: T0 : 0x1d478    : addiw a5, s2, 1            : IntAlu :  D=0x0000000000000002
1850500: system.cpu: T0 : 0x1d47c    : addiw s2, a5, 0            : IntAlu :  D=0x0000000000000002
1851000: system.cpu: T0 : 0x1d480    : bne s2, a0, -26            : IntAlu : 
1851500: system.cpu: T0 : 0x1d466    : c_slli a5, 32              : IntAlu :  D=0x0000000200000000
1852000: system.cpu: T0 : 0x1d468    : c_srli a5, 32              : IntAlu :  D=0x0000000000000002
1853000: system.cpu: T0 : 0x1d46a    : addi a5, a5, 536           : IntAlu :  D=0x000000000000021a
1853500: system.cpu: T0 : 0x1d46e    : c_slli a5, 2               : IntAlu :  D=0x0000000000000868
1854000: system.cpu: T0 : 0x1d470    : c_add a5, s1               : IntAlu :  D=0x000000000006fe88
1854500: system.cpu: T0 : 0x1d472    : c_lw a2, 0(a5)             : MemRead :  D=0x0000000000000000 A=0x6fe88
1855000: system.cpu: T0 : 0x1d474    : bne a2, zero, 384          : IntAlu : 
1855500: system.cpu: T0 : 0x1d478    : addiw a5, s2, 1            : IntAlu :  D=0x0000000000000003
1856000: system.cpu: T0 : 0x1d47c    : addiw s2, a5, 0            : IntAlu :  D=0x0000000000000003
1856500: system.cpu: T0 : 0x1d480    : bne s2, a0, -26            : IntAlu : 
1857000: system.cpu: T0 : 0x1d466    : c_slli a5, 32              : IntAlu :  D=0x0000000300000000
1857500: system.cpu: T0 : 0x1d468    : c_srli a5, 32              : IntAlu :  D=0x0000000000000003
1858500: system.cpu: T0 : 0x1d46a    : addi a5, a5, 536           : IntAlu :  D=0x000000000000021b
1859000: system.cpu: T0 : 0x1d46e    : c_slli a5, 2               : IntAlu :  D=0x000000000000086c
1859500: system.cpu: T0 : 0x1d470    : c_add a5, s1               : IntAlu :  D=0x000000000006fe8c
1860000: system.cpu: T0 : 0x1d472    : c_lw a2, 0(a5)             : MemRead :  D=0x0000000000000000 A=0x6fe8c
1860500: system.cpu: T0 : 0x1d474    : bne a2, zero, 384          : IntAlu : 
1861000: system.cpu: T0 : 0x1d478    : addiw a5, s2, 1            : IntAlu :  D=0x0000000000000004
1861500: system.cpu: T0 : 0x1d47c    : addiw s2, a5, 0            : IntAlu :  D=0x0000000000000004
1862000: system.cpu: T0 : 0x1d480    : bne s2, a0, -26            : IntAlu : 
1862500: system.cpu: T0 : 0x1d484    : c_ld a4, 96(s1)            : MemRead :  D=0x0000000000074270 A=0x6f680
1863500: system.cpu: T0 : 0x1d486    : ld a3, -1912(a7)           : MemRead :  D=0x0000000000021080 A=0x6fea8
1864000: system.cpu: T0 : 0x1d48a    : c_ld a5, 8(a4)             : MemRead :  D=0x0000000000020d91 A=0x74278
1864500: system.cpu: T0 : 0x1d48c    : c_andi a5, 18446744073709551608 : IntAlu :  D=0x0000000000020d90
1865500: system.cpu: T0 : 0x1d48e    : bltu a3, a5, 548           : IntAlu : 
1866500: system.cpu: T0 : 0x1d492    : addi a3, s0, 32            : IntAlu :  D=0x0000000000000170
1867500: system.cpu: T0 : 0x1d496    : bgeu a5, a3, 640           : IntAlu : 
1868500: system.cpu: T0 : 0x1d716    : add a0, a4, s0             : IntAlu :  D=0x00000000000743c0
1869500: system.cpu: T0 : 0x1d71a    : lui a2, 111                : IntAlu :  D=0x000000000006f000
1870000: system.cpu: T0 : 0x1d71e    : c_sd a0, 96(s1)            : MemWrite :  D=0x00000000000743c0 A=0x6f680
1870500: system.cpu: T0 : 0x1d720    : addi a2, a2, 1568          : IntAlu :  D=0x000000000006f620
1871000: system.cpu: T0 : 0x1d724    : c_sub a5, s0               : IntAlu :  D=0x0000000000020c40
1871500: system.cpu: T0 : 0x1d726    : c_li a3, 4                 : IntAlu :  D=0x0000000000000004
1872000: system.cpu: T0 : 0x1d728    : beq s1, a2, 116            : IntAlu : 
1872500: system.cpu: T0 : 0x1d79c    : c_li a3, 0                 : IntAlu :  D=0x0000000000000000
1873000: system.cpu: T0 : 0x1d79e    : c_j -114                   : IntAlu : 
1873500: system.cpu: T0 : 0x1d72c    : c_or a3, s0                : IntAlu :  D=0x0000000000000150
1874500: system.cpu: T0 : 0x1d72e    : ori a3, a3, 1              : IntAlu :  D=0x0000000000000151
1875500: system.cpu: T0 : 0x1d732    : lw a1, -1396(gp)           : MemRead :  D=0x0000000000000000 A=0x70b6c
1876000: system.cpu: T0 : 0x1d736    : c_sd a3, 8(a4)             : MemWrite :  D=0x0000000000000151 A=0x74278
1876500: system.cpu: T0 : 0x1d738    : ori a5, a5, 1              : IntAlu :  D=0x0000000000020c41
1877000: system.cpu: T0 : 0x1d73c    : c_sd a5, 8(a0)             : MemWrite :  D=0x0000000000020c41 A=0x743c8
1878000: system.cpu: T0 : 0x1d73e    : addi s2, a4, 16            : IntAlu :  D=0x0000000000074280
1879000: system.cpu: T0 : 0x1d742    : beq a1, zero, -1664        : IntAlu : 
1879500: system.cpu: T0 : 0x1d0c2    : c_ldsp ra, 248(sp)         : MemRead :  D=0x000000000001e248 A=0x7ffffffffffffcc8
1880000: system.cpu: T0 : 0x1d0c4    : c_ldsp s0, 240(sp)         : MemRead :  D=0x0000000000000140 A=0x7ffffffffffffcc0
1880500: system.cpu: T0 : 0x1d0c6    : c_ldsp s1, 232(sp)         : MemRead :  D=0x000000000006f000 A=0x7ffffffffffffcb8
1881000: system.cpu: T0 : 0x1d0c8    : c_ldsp s3, 216(sp)         : MemRead :  D=0x000000000006efc0 A=0x7ffffffffffffca8
1881500: system.cpu: T0 : 0x1d0ca    : c_ldsp s4, 208(sp)         : MemRead :  D=0x000000000000000a A=0x7ffffffffffffca0
1882000: system.cpu: T0 : 0x1d0cc    : c_ldsp s5, 200(sp)         : MemRead :  D=0x0000000000074250 A=0x7ffffffffffffc98
1882500: system.cpu: T0 : 0x1d0ce    : c_ldsp s6, 192(sp)         : MemRead :  D=0x0000000000073000 A=0x7ffffffffffffc90
1883000: system.cpu: T0 : 0x1d0d0    : c_ldsp s7, 184(sp)         : MemRead :  D=0x0000000000000000 A=0x7ffffffffffffc88
1883500: system.cpu: T0 : 0x1d0d2    : c_ldsp s8, 176(sp)         : MemRead :  D=0x0000000000000000 A=0x7ffffffffffffc80
1884000: system.cpu: T0 : 0x1d0d4    : c_ldsp s9, 168(sp)         : MemRead :  D=0x0000000000000000 A=0x7ffffffffffffc78
1884500: system.cpu: T0 : 0x1d0d6    : c_ldsp s10, 160(sp)        : MemRead :  D=0x0000000000000000 A=0x7ffffffffffffc70
1885000: system.cpu: T0 : 0x1d0d8    : c_ldsp s11, 152(sp)        : MemRead :  D=0x0000000000000000 A=0x7ffffffffffffc68
1885500: system.cpu: T0 : 0x1d0da    : c_mv a0, s2                : IntAlu :  D=0x0000000000074280
1886000: system.cpu: T0 : 0x1d0dc    : c_ldsp s2, 224(sp)         : MemRead :  D=0x0000000000000000 A=0x7ffffffffffffcb0
1886500: system.cpu: T0 : 0x1d0de    : c_addi16sp sp, 256         : IntAlu :  D=0x7ffffffffffffcd0
1887000: system.cpu: T0 : 0x1d0e0    : c_jr ra                    : IntAlu : 
1887500: system.cpu: T0 : 0x1e248    : c_mv a5, a0                : IntAlu :  D=0x0000000000074280
1888000: system.cpu: T0 : 0x1e24a    : c_beqz a0, 150             : IntAlu : 
1888500: system.cpu: T0 : 0x1e24c    : ld a4, -8(a0)              : MemRead :  D=0x0000000000000151 A=0x74278
1889000: system.cpu: T0 : 0x1e250    : andi a3, a4, 2             : IntAlu :  D=0x0000000000000000
1889500: system.cpu: T0 : 0x1e254    : c_bnez a3, 26              : IntAlu : 
1890000: system.cpu: T0 : 0x1e256    : c_andi a4, 4               : IntAlu :  D=0x0000000000000000
1890500: system.cpu: T0 : 0x1e258    : c_beqz a4, 22              : IntAlu : 
1891000: system.cpu: T0 : 0x1e26e    : c_ldsp ra, 24(sp)          : MemRead :  D=0x000000000003b846 A=0x7ffffffffffffce8
1891500: system.cpu: T0 : 0x1e270    : c_ldsp s0, 16(sp)          : MemRead :  D=0x7ffffffffffffd30 A=0x7ffffffffffffce0
1892000: system.cpu: T0 : 0x1e272    : c_ldsp s1, 8(sp)           : MemRead :  D=0x0000000000000002 A=0x7ffffffffffffcd8
1892500: system.cpu: T0 : 0x1e274    : c_ldsp s2, 0(sp)           : MemRead :  D=0x0000000000000000 A=0x7ffffffffffffcd0
1893000: system.cpu: T0 : 0x1e276    : c_mv a0, a5                : IntAlu :  D=0x0000000000074280
1893500: system.cpu: T0 : 0x1e278    : c_addi16sp sp, 32          : IntAlu :  D=0x7ffffffffffffcf0
1894000: system.cpu: T0 : 0x1e27a    : c_jr ra                    : IntAlu : 
1895000: system.cpu: T0 : 0x3b846    : sd a0, 0(s5)               : MemWrite :  D=0x0000000000074280 A=0x74250
1895500: system.cpu: T0 : 0x3b84a    : c_mv a2, a0                : IntAlu :  D=0x0000000000074280
1896000: system.cpu: T0 : 0x3b84c    : beq a0, zero, 386          : IntAlu : 
1896500: system.cpu: T0 : 0x3b850    : lui a5, 115                : IntAlu :  D=0x0000000000073000
1897000: system.cpu: T0 : 0x3b854    : lui a3, 98                 : IntAlu :  D=0x0000000000062000
1897500: system.cpu: T0 : 0x3b858    : lui a0, 98                 : IntAlu :  D=0x0000000000062000
1898000: system.cpu: T0 : 0x3b85c    : addi a3, a3, 224           : IntAlu :  D=0x00000000000620e0
1898500: system.cpu: T0 : 0x3b860    : addi a0, a0, -224          : IntAlu :  D=0x0000000000061f20
1899000: system.cpu: T0 : 0x3b864    : sd a2, -1376(a5)           : MemWrite :  D=0x0000000000074280 A=0x72aa0
1899500: system.cpu: T0 : 0x3b868    : c_li a5, 23                : IntAlu :  D=0x0000000000000017
1900000: system.cpu: T0 : 0x3b86a    : c_sd a3, 24(a2)            : MemWrite :  D=0x00000000000620e0 A=0x74298
1900500: system.cpu: T0 : 0x3b86c    : addi a6, a3, 72            : IntAlu :  D=0x0000000000062128
1901000: system.cpu: T0 : 0x3b870    : sw zero, 40(s3)            : MemWrite :  D=0x0000000000000000 A=0x6efe8
1901500: system.cpu: T0 : 0x3b874    : addi a1, s5, 8             : IntAlu :  D=0x0000000000074258
1902000: system.cpu: T0 : 0x3b878    : c_sd a0, 8(a2)             : MemWrite :  D=0x0000000000061f20 A=0x74288
1903000: system.cpu: T0 : 0x3b87a    : sd zero, 16(a2)            : MemWrite :  D=0x0000000000000000 A=0x74290
1903500: system.cpu: T0 : 0x3b87e    : c_sd a5, 32(a2)            : MemWrite :  D=0x0000000000000017 A=0x742a0
1904000: system.cpu: T0 : 0x3b880    : slli a7, s4, 3             : IntAlu :  D=0x0000000000000050
1904500: system.cpu: T0 : 0x3b884    : addi t3, s5, 32            : IntAlu :  D=0x0000000000074270
1905000: system.cpu: T0 : 0x3b888    : c_addi a3, 24              : IntAlu :  D=0x00000000000620f8
1906000: system.cpu: T0 : 0x3b88a    : addi t4, zero, 47          : IntAlu :  D=0x000000000000002f
1907000: system.cpu: T0 : 0x3b88e    : addi a4, a2, 40            : IntAlu :  D=0x00000000000742a8
1907500: system.cpu: T0 : 0x3b892    : c_li a5, 0                 : IntAlu :  D=0x0000000000000000
1908000: system.cpu: T0 : 0x3b894    : c_beqz s1, 14              : IntAlu : 
1909000: system.cpu: T0 : 0x3b896    : sw zero, 0(a4)             : MemWrite :  D=0x0000000000000000 A=0x742a8
1909500: system.cpu: T0 : 0x3b89a    : c_addi a5, 1               : IntAlu :  D=0x0000000000000001
1910000: system.cpu: T0 : 0x3b89c    : c_addi a4, 4               : IntAlu :  D=0x00000000000742ac
1911000: system.cpu: T0 : 0x3b89e    : bne s1, a5, -8             : IntAlu : 
1912000: system.cpu: T0 : 0x3b896    : sw zero, 0(a4)             : MemWrite :  D=0x0000000000000000 A=0x742ac
1912500: system.cpu: T0 : 0x3b89a    : c_addi a5, 1               : IntAlu :  D=0x0000000000000002
1913000: system.cpu: T0 : 0x3b89c    : c_addi a4, 4               : IntAlu :  D=0x00000000000742b0
1914000: system.cpu: T0 : 0x3b89e    : bne s1, a5, -8             : IntAlu : 
1915000: system.cpu: T0 : 0x3b8a2    : beq t3, a1, 48             : IntAlu : 
1916000: system.cpu: T0 : 0x3b8a6    : ld a4, 8(a6)               : MemRead :  D=0x000000000000001b A=0x62130
1917000: system.cpu: T0 : 0x3b8aa    : add a5, a2, a7             : IntAlu :  D=0x00000000000742d0
1918000: system.cpu: T0 : 0x3b8ae    : lbu t1, 0(a3)              : MemRead :  D=0x000000000000002f A=0x620f8
1918500: system.cpu: T0 : 0x3b8b2    : c_sd a5, 0(a2)             : MemWrite :  D=0x00000000000742d0 A=0x74280
1919000: system.cpu: T0 : 0x3b8b4    : c_sd a3, 24(a5)            : MemWrite :  D=0x00000000000620f8 A=0x742e8
1920000: system.cpu: T0 : 0x3b8b6    : addi a2, a4, 1             : IntAlu :  D=0x000000000000001c
1920500: system.cpu: T0 : 0x3b8ba    : c_sd a5, 0(a1)             : MemWrite :  D=0x00000000000742d0 A=0x74258
1921000: system.cpu: T0 : 0x3b8bc    : c_sd a0, 8(a5)             : MemWrite :  D=0x0000000000061f20 A=0x742d8
1922000: system.cpu: T0 : 0x3b8be    : sd zero, 16(a5)            : MemWrite :  D=0x0000000000000000 A=0x742e0
1922500: system.cpu: T0 : 0x3b8c2    : c_sd a4, 32(a5)            : MemWrite :  D=0x000000000000001b A=0x742f0
1923000: system.cpu: T0 : 0x3b8c4    : c_addi a1, 8               : IntAlu :  D=0x0000000000074260
1923500: system.cpu: T0 : 0x3b8c6    : c_add a3, a2               : IntAlu :  D=0x0000000000062114
1924000: system.cpu: T0 : 0x3b8c8    : c_addi a6, 8               : IntAlu :  D=0x0000000000062130
1925000: system.cpu: T0 : 0x3b8ca    : bne t1, t4, 228            : IntAlu : 
1925500: system.cpu: T0 : 0x3b8ce    : c_mv a2, a5                : IntAlu :  D=0x00000000000742d0
1926000: system.cpu: T0 : 0x3b8d0    : c_j -66                    : IntAlu : 
1927000: system.cpu: T0 : 0x3b88e    : addi a4, a2, 40            : IntAlu :  D=0x00000000000742f8
1927500: system.cpu: T0 : 0x3b892    : c_li a5, 0                 : IntAlu :  D=0x0000000000000000
1928000: system.cpu: T0 : 0x3b894    : c_beqz s1, 14              : IntAlu : 
1929000: system.cpu: T0 : 0x3b896    : sw zero, 0(a4)             : MemWrite :  D=0x0000000000000000 A=0x742f8
1929500: system.cpu: T0 : 0x3b89a    : c_addi a5, 1               : IntAlu :  D=0x0000000000000001
1930000: system.cpu: T0 : 0x3b89c    : c_addi a4, 4               : IntAlu :  D=0x00000000000742fc
1931000: system.cpu: T0 : 0x3b89e    : bne s1, a5, -8             : IntAlu : 
1932000: system.cpu: T0 : 0x3b896    : sw zero, 0(a4)             : MemWrite :  D=0x0000000000000000 A=0x742fc
1932500: system.cpu: T0 : 0x3b89a    : c_addi a5, 1               : IntAlu :  D=0x0000000000000002
1933000: system.cpu: T0 : 0x3b89c    : c_addi a4, 4               : IntAlu :  D=0x0000000000074300
1934000: system.cpu: T0 : 0x3b89e    : bne s1, a5, -8             : IntAlu : 
1935000: system.cpu: T0 : 0x3b8a2    : beq t3, a1, 48             : IntAlu : 
1936000: system.cpu: T0 : 0x3b8a6    : ld a4, 8(a6)               : MemRead :  D=0x0000000000000005 A=0x62138
1937000: system.cpu: T0 : 0x3b8aa    : add a5, a2, a7             : IntAlu :  D=0x0000000000074320
1938000: system.cpu: T0 : 0x3b8ae    : lbu t1, 0(a3)              : MemRead :  D=0x000000000000002f A=0x62114
1938500: system.cpu: T0 : 0x3b8b2    : c_sd a5, 0(a2)             : MemWrite :  D=0x0000000000074320 A=0x742d0
1939000: system.cpu: T0 : 0x3b8b4    : c_sd a3, 24(a5)            : MemWrite :  D=0x0000000000062114 A=0x74338
1940000: system.cpu: T0 : 0x3b8b6    : addi a2, a4, 1             : IntAlu :  D=0x0000000000000006
1940500: system.cpu: T0 : 0x3b8ba    : c_sd a5, 0(a1)             : MemWrite :  D=0x0000000000074320 A=0x74260
1941000: system.cpu: T0 : 0x3b8bc    : c_sd a0, 8(a5)             : MemWrite :  D=0x0000000000061f20 A=0x74328
1942000: system.cpu: T0 : 0x3b8be    : sd zero, 16(a5)            : MemWrite :  D=0x0000000000000000 A=0x74330
1942500: system.cpu: T0 : 0x3b8c2    : c_sd a4, 32(a5)            : MemWrite :  D=0x0000000000000005 A=0x74340
1943000: system.cpu: T0 : 0x3b8c4    : c_addi a1, 8               : IntAlu :  D=0x0000000000074268
1943500: system.cpu: T0 : 0x3b8c6    : c_add a3, a2               : IntAlu :  D=0x000000000006211a
1944000: system.cpu: T0 : 0x3b8c8    : c_addi a6, 8               : IntAlu :  D=0x0000000000062138
1945000: system.cpu: T0 : 0x3b8ca    : bne t1, t4, 228            : IntAlu : 
1945500: system.cpu: T0 : 0x3b8ce    : c_mv a2, a5                : IntAlu :  D=0x0000000000074320
1946000: system.cpu: T0 : 0x3b8d0    : c_j -66                    : IntAlu : 
1947000: system.cpu: T0 : 0x3b88e    : addi a4, a2, 40            : IntAlu :  D=0x0000000000074348
1947500: system.cpu: T0 : 0x3b892    : c_li a5, 0                 : IntAlu :  D=0x0000000000000000
1948000: system.cpu: T0 : 0x3b894    : c_beqz s1, 14              : IntAlu : 
1949000: system.cpu: T0 : 0x3b896    : sw zero, 0(a4)             : MemWrite :  D=0x0000000000000000 A=0x74348
1949500: system.cpu: T0 : 0x3b89a    : c_addi a5, 1               : IntAlu :  D=0x0000000000000001
1950000: system.cpu: T0 : 0x3b89c    : c_addi a4, 4               : IntAlu :  D=0x000000000007434c
1951000: system.cpu: T0 : 0x3b89e    : bne s1, a5, -8             : IntAlu : 
1952000: system.cpu: T0 : 0x3b896    : sw zero, 0(a4)             : MemWrite :  D=0x0000000000000000 A=0x7434c
1952500: system.cpu: T0 : 0x3b89a    : c_addi a5, 1               : IntAlu :  D=0x0000000000000002
1953000: system.cpu: T0 : 0x3b89c    : c_addi a4, 4               : IntAlu :  D=0x0000000000074350
1954000: system.cpu: T0 : 0x3b89e    : bne s1, a5, -8             : IntAlu : 
1955000: system.cpu: T0 : 0x3b8a2    : beq t3, a1, 48             : IntAlu : 
1956000: system.cpu: T0 : 0x3b8a6    : ld a4, 8(a6)               : MemRead :  D=0x0000000000000009 A=0x62140
1957000: system.cpu: T0 : 0x3b8aa    : add a5, a2, a7             : IntAlu :  D=0x0000000000074370
1958000: system.cpu: T0 : 0x3b8ae    : lbu t1, 0(a3)              : MemRead :  D=0x000000000000002f A=0x6211a
1958500: system.cpu: T0 : 0x3b8b2    : c_sd a5, 0(a2)             : MemWrite :  D=0x0000000000074370 A=0x74320
1959000: system.cpu: T0 : 0x3b8b4    : c_sd a3, 24(a5)            : MemWrite :  D=0x000000000006211a A=0x74388
1960000: system.cpu: T0 : 0x3b8b6    : addi a2, a4, 1             : IntAlu :  D=0x000000000000000a
1960500: system.cpu: T0 : 0x3b8ba    : c_sd a5, 0(a1)             : MemWrite :  D=0x0000000000074370 A=0x74268
1961000: system.cpu: T0 : 0x3b8bc    : c_sd a0, 8(a5)             : MemWrite :  D=0x0000000000061f20 A=0x74378
1962000: system.cpu: T0 : 0x3b8be    : sd zero, 16(a5)            : MemWrite :  D=0x0000000000000000 A=0x74380
1962500: system.cpu: T0 : 0x3b8c2    : c_sd a4, 32(a5)            : MemWrite :  D=0x0000000000000009 A=0x74390
1963000: system.cpu: T0 : 0x3b8c4    : c_addi a1, 8               : IntAlu :  D=0x0000000000074270
1963500: system.cpu: T0 : 0x3b8c6    : c_add a3, a2               : IntAlu :  D=0x0000000000062124
1964000: system.cpu: T0 : 0x3b8c8    : c_addi a6, 8               : IntAlu :  D=0x0000000000062140
1965000: system.cpu: T0 : 0x3b8ca    : bne t1, t4, 228            : IntAlu : 
1965500: system.cpu: T0 : 0x3b8ce    : c_mv a2, a5                : IntAlu :  D=0x0000000000074370
1966000: system.cpu: T0 : 0x3b8d0    : c_j -66                    : IntAlu : 
1967000: system.cpu: T0 : 0x3b88e    : addi a4, a2, 40            : IntAlu :  D=0x0000000000074398
1967500: system.cpu: T0 : 0x3b892    : c_li a5, 0                 : IntAlu :  D=0x0000000000000000
1968000: system.cpu: T0 : 0x3b894    : c_beqz s1, 14              : IntAlu : 
1969000: system.cpu: T0 : 0x3b896    : sw zero, 0(a4)             : MemWrite :  D=0x0000000000000000 A=0x74398
1969500: system.cpu: T0 : 0x3b89a    : c_addi a5, 1               : IntAlu :  D=0x0000000000000001
1970000: system.cpu: T0 : 0x3b89c    : c_addi a4, 4               : IntAlu :  D=0x000000000007439c
1971000: system.cpu: T0 : 0x3b89e    : bne s1, a5, -8             : IntAlu : 
1972000: system.cpu: T0 : 0x3b896    : sw zero, 0(a4)             : MemWrite :  D=0x0000000000000000 A=0x7439c
1972500: system.cpu: T0 : 0x3b89a    : c_addi a5, 1               : IntAlu :  D=0x0000000000000002
1973000: system.cpu: T0 : 0x3b89c    : c_addi a4, 4               : IntAlu :  D=0x00000000000743a0
1974000: system.cpu: T0 : 0x3b89e    : bne s1, a5, -8             : IntAlu : 
1975000: system.cpu: T0 : 0x3b8a2    : beq t3, a1, 48             : IntAlu : 
1975500: system.cpu: T0 : 0x3b8d2    : c_li a4, 27                : IntAlu :  D=0x000000000000001b
1976000: system.cpu: T0 : 0x3b8d4    : sd zero, 0(a2)             : MemWrite :  D=0x0000000000000000 A=0x74370
1976500: system.cpu: T0 : 0x3b8d8    : sd a4, -1192(gp)           : MemWrite :  D=0x000000000000001b A=0x70c38
1977000: system.cpu: T0 : 0x3b8dc    : sd zero, 32(s5)            : MemWrite :  D=0x0000000000000000 A=0x74270
1977500: system.cpu: T0 : 0x3b8e0    : beq s2, zero, 10           : IntAlu : 
1978000: system.cpu: T0 : 0x3b8ea    : c_li a5, -1                : IntAlu :  D=0xffffffffffffffff
1978500: system.cpu: T0 : 0x3b8ec    : sd a5, 48(s3)              : MemWrite :  D=0xffffffffffffffff A=0x6eff0
1979000: system.cpu: T0 : 0x3b8f0    : addi sp, s0, -64           : IntAlu :  D=0x7ffffffffffffcf0
1979500: system.cpu: T0 : 0x3b8f4    : c_ldsp ra, 56(sp)          : MemRead :  D=0x00000000000231da A=0x7ffffffffffffd28
1980000: system.cpu: T0 : 0x3b8f6    : c_ldsp s0, 48(sp)          : MemRead :  D=0x000000000006ef80 A=0x7ffffffffffffd20
1980500: system.cpu: T0 : 0x3b8f8    : c_ldsp s1, 40(sp)          : MemRead :  D=0x000000000006feb8 A=0x7ffffffffffffd18
1981000: system.cpu: T0 : 0x3b8fa    : c_ldsp s2, 32(sp)          : MemRead :  D=0x0000000000073000 A=0x7ffffffffffffd10
1981500: system.cpu: T0 : 0x3b8fc    : c_ldsp s3, 24(sp)          : MemRead :  D=0x0000000000073000 A=0x7ffffffffffffd08
1982000: system.cpu: T0 : 0x3b8fe    : c_ldsp s4, 16(sp)          : MemRead :  D=0x0000000000070000 A=0x7ffffffffffffd00
1982500: system.cpu: T0 : 0x3b900    : c_ldsp s5, 8(sp)           : MemRead :  D=0x0000000000073000 A=0x7ffffffffffffcf8
1983000: system.cpu: T0 : 0x3b902    : c_addi16sp sp, 64          : IntAlu :  D=0x7ffffffffffffd30
1983500: system.cpu: T0 : 0x3b904    : c_jr ra                    : IntAlu : 
1984500: system.cpu: T0 : 0x231da    : lui a5, 115                : IntAlu :  D=0x0000000000073000
1985500: system.cpu: T0 : 0x231de    : ld a4, -1376(a5)           : MemRead :  D=0x0000000000074280 A=0x72aa0
1986500: system.cpu: T0 : 0x231e2    : lui a0, 80                 : IntAlu :  D=0x0000000000050000
1987500: system.cpu: T0 : 0x231e6    : lui a5, 115                : IntAlu :  D=0x0000000000073000
1988500: system.cpu: T0 : 0x231ea    : addi a0, a0, 2000          : IntAlu :  D=0x00000000000507d0
1989500: system.cpu: T0 : 0x231ee    : sd a4, -1416(a5)           : MemWrite :  D=0x0000000000074280 A=0x72a78
1990500: system.cpu: T0 : 0x231f2    : jal ra, -57854             : IntAlu :  D=0x00000000000231f6
1991000: system.cpu: T0 : 0x14ff4    : c_addi16sp sp, -64         : IntAlu :  D=0x7ffffffffffffcf0
1991500: system.cpu: T0 : 0x14ff6    : c_sdsp s1, 40(sp)          : MemWrite :  D=0x000000000006feb8 A=0x7ffffffffffffd18
1992000: system.cpu: T0 : 0x14ff8    : ld s1, -1360(gp)           : MemRead :  D=0x7fffffffffffff48 A=0x70b90
1992500: system.cpu: T0 : 0x14ffc    : c_sdsp ra, 56(sp)          : MemWrite :  D=0x00000000000231f6 A=0x7ffffffffffffd28
1993000: system.cpu: T0 : 0x14ffe    : c_sdsp s0, 48(sp)          : MemWrite :  D=0x000000000006ef80 A=0x7ffffffffffffd20
1993500: system.cpu: T0 : 0x15000    : c_sdsp s2, 32(sp)          : MemWrite :  D=0x0000000000073000 A=0x7ffffffffffffd10
1994000: system.cpu: T0 : 0x15002    : c_sdsp s3, 24(sp)          : MemWrite :  D=0x0000000000073000 A=0x7ffffffffffffd08
1994500: system.cpu: T0 : 0x15004    : c_sdsp s4, 16(sp)          : MemWrite :  D=0x0000000000070000 A=0x7ffffffffffffd00
1995000: system.cpu: T0 : 0x15006    : c_sdsp s5, 8(sp)           : MemWrite :  D=0x0000000000073000 A=0x7ffffffffffffcf8
1995500: system.cpu: T0 : 0x15008    : c_sdsp s6, 0(sp)           : MemWrite :  D=0x0000000000073000 A=0x7ffffffffffffcf0
1996000: system.cpu: T0 : 0x1500a    : c_beqz s1, 210             : IntAlu : 
1996500: system.cpu: T0 : 0x1500c    : lbu a5, 0(a0)              : MemRead :  D=0x000000000000004c A=0x507d0
1997000: system.cpu: T0 : 0x15010    : c_mv s4, a0                : IntAlu :  D=0x00000000000507d0
1997500: system.cpu: T0 : 0x15012    : c_beqz a5, 202             : IntAlu : 
1998000: system.cpu: T0 : 0x15014    : lbu s5, 1(a0)              : MemRead :  D=0x0000000000000044 A=0x507d1
1998500: system.cpu: T0 : 0x15018    : slliw s2, a5, 16           : IntAlu :  D=0x00000000004c0000
1999000: system.cpu: T0 : 0x1501c    : c_ld s0, 0(s1)             : MemRead :  D=0x0000000000000000 A=0x7fffffffffffff48
2000000: system.cpu: T0 : 0x1501e    : sraiw s2, s2, 16           : IntAlu :  D=0x000000000000004c
2001000: system.cpu: T0 : 0x15022    : bne s5, zero, 86           : IntAlu : 
2001500: system.cpu: T0 : 0x15078    : jal ra, 42504              : IntAlu :  D=0x000000000001507c
2002000: system.cpu: T0 : 0x1f680    : andi a5, a0, 7             : IntAlu :  D=0x0000000000000000
2002500: system.cpu: T0 : 0x1f684    : c_beqz a5, 26              : IntAlu : 
2003000: system.cpu: T0 : 0x1f69e    : c_mv a5, a0                : IntAlu :  D=0x00000000000507d0
2003500: system.cpu: T0 : 0x1f6a0    : ld a6, -2024(gp)           : MemRead :  D=0xfefefefefefefeff A=0x708f8
2004000: system.cpu: T0 : 0x1f6a4    : ld a1, -2016(gp)           : MemRead :  D=0x8080808080808080 A=0x70900
2004500: system.cpu: T0 : 0x1f6a8    : c_ld a2, 0(a5)             : MemRead :  D=0x5f444e49425f444c A=0x507d0
2005500: system.cpu: T0 : 0x1f6aa    : addi a3, a5, 8             : IntAlu :  D=0x00000000000507d8
2006500: system.cpu: T0 : 0x1f6ae    : add a4, a2, a6             : IntAlu :  D=0x5e434d48415e434b
2007500: system.cpu: T0 : 0x1f6b2    : xori a2, a2, 18446744073709551615 : IntAlu :  D=0xa0bbb1b6bda0bbb3
2008000: system.cpu: T0 : 0x1f6b6    : c_and a4, a2               : IntAlu :  D=0x0003010001000303
2008500: system.cpu: T0 : 0x1f6b8    : c_and a4, a1               : IntAlu :  D=0x0000000000000000
2009000: system.cpu: T0 : 0x1f6ba    : c_beqz a4, 50              : IntAlu : 
2009500: system.cpu: T0 : 0x1f6ec    : c_mv a5, a3                : IntAlu :  D=0x00000000000507d8
2010000: system.cpu: T0 : 0x1f6ee    : c_j -70                    : IntAlu : 
2010500: system.cpu: T0 : 0x1f6a8    : c_ld a2, 0(a5)             : MemRead :  D=0x0000000000574f4e A=0x507d8
2011500: system.cpu: T0 : 0x1f6aa    : addi a3, a5, 8             : IntAlu :  D=0x00000000000507e0
2012500: system.cpu: T0 : 0x1f6ae    : add a4, a2, a6             : IntAlu :  D=0xfefefefeff564e4d
2013500: system.cpu: T0 : 0x1f6b2    : xori a2, a2, 18446744073709551615 : IntAlu :  D=0xffffffffffa8b0b1
2014000: system.cpu: T0 : 0x1f6b6    : c_and a4, a2               : IntAlu :  D=0xfefefefeff000001
2014500: system.cpu: T0 : 0x1f6b8    : c_and a4, a1               : IntAlu :  D=0x8080808080000000
2015000: system.cpu: T0 : 0x1f6ba    : c_beqz a4, 50              : IntAlu : 
2015500: system.cpu: T0 : 0x1f6bc    : lbu a4, -8(a3)             : MemRead :  D=0x000000000000004e A=0x507d8
2016000: system.cpu: T0 : 0x1f6c0    : c_beqz a4, -40             : IntAlu : 
2017000: system.cpu: T0 : 0x1f6c2    : lbu a4, -7(a3)             : MemRead :  D=0x000000000000004f A=0x507d9
2017500: system.cpu: T0 : 0x1f6c6    : c_beqz a4, 50              : IntAlu : 
2018000: system.cpu: T0 : 0x1f6c8    : lbu a4, -6(a3)             : MemRead :  D=0x0000000000000057 A=0x507da
2018500: system.cpu: T0 : 0x1f6cc    : c_beqz a4, 52              : IntAlu : 
2019500: system.cpu: T0 : 0x1f6ce    : lbu a4, -5(a3)             : MemRead :  D=0x0000000000000000 A=0x507db
2020000: system.cpu: T0 : 0x1f6d2    : c_beqz a4, 54              : IntAlu : 
2020500: system.cpu: T0 : 0x1f708    : c_sub a5, a0               : IntAlu :  D=0x0000000000000008
2021500: system.cpu: T0 : 0x1f70a    : addi a0, a5, 3             : IntAlu :  D=0x000000000000000b
2022000: system.cpu: T0 : 0x1f70e    : c_jr ra                    : IntAlu : 
2022500: system.cpu: T0 : 0x1507c    : slli a5, s5, 8             : IntAlu :  D=0x0000000000004400
2023000: system.cpu: T0 : 0x15080    : or a5, s2, a5              : IntAlu :  D=0x000000000000444c
2023500: system.cpu: T0 : 0x15084    : slliw s2, a5, 16           : IntAlu :  D=0x00000000444c0000
2024000: system.cpu: T0 : 0x15088    : c_mv s3, a0                : IntAlu :  D=0x000000000000000b
2025000: system.cpu: T0 : 0x1508a    : sraiw s2, s2, 16           : IntAlu :  D=0x000000000000444c
2026000: system.cpu: T0 : 0x1508e    : addi s5, a0, -2            : IntAlu :  D=0x0000000000000009
2026500: system.cpu: T0 : 0x15092    : c_addi s4, 2               : IntAlu :  D=0x00000000000507d2
2027000: system.cpu: T0 : 0x15094    : c_beqz s0, -50             : IntAlu : 
2027500: system.cpu: T0 : 0x15062    : c_ldsp ra, 56(sp)          : MemRead :  D=0x00000000000231f6 A=0x7ffffffffffffd28
2028000: system.cpu: T0 : 0x15064    : c_mv a0, s0                : IntAlu :  D=0x0000000000000000
2028500: system.cpu: T0 : 0x15066    : c_ldsp s0, 48(sp)          : MemRead :  D=0x000000000006ef80 A=0x7ffffffffffffd20
2029000: system.cpu: T0 : 0x15068    : c_ldsp s1, 40(sp)          : MemRead :  D=0x000000000006feb8 A=0x7ffffffffffffd18
2029500: system.cpu: T0 : 0x1506a    : c_ldsp s2, 32(sp)          : MemRead :  D=0x0000000000073000 A=0x7ffffffffffffd10
2030000: system.cpu: T0 : 0x1506c    : c_ldsp s3, 24(sp)          : MemRead :  D=0x0000000000073000 A=0x7ffffffffffffd08
2030500: system.cpu: T0 : 0x1506e    : c_ldsp s4, 16(sp)          : MemRead :  D=0x0000000000070000 A=0x7ffffffffffffd00
2031000: system.cpu: T0 : 0x15070    : c_ldsp s5, 8(sp)           : MemRead :  D=0x0000000000073000 A=0x7ffffffffffffcf8
2031500: system.cpu: T0 : 0x15072    : c_ldsp s6, 0(sp)           : MemRead :  D=0x0000000000073000 A=0x7ffffffffffffcf0
2032000: system.cpu: T0 : 0x15074    : c_addi16sp sp, 64          : IntAlu :  D=0x7ffffffffffffd30
2032500: system.cpu: T0 : 0x15076    : c_jr ra                    : IntAlu : 
2033000: system.cpu: T0 : 0x231f6    : c_li a5, 1                 : IntAlu :  D=0x0000000000000001
2033500: system.cpu: T0 : 0x231f8    : c_beqz a0, 10              : IntAlu : 
2034500: system.cpu: T0 : 0x23202    : lui a0, 80                 : IntAlu :  D=0x0000000000050000
2035500: system.cpu: T0 : 0x23206    : lui a4, 115                : IntAlu :  D=0x0000000000073000
2036500: system.cpu: T0 : 0x2320a    : addi a0, a0, 2016          : IntAlu :  D=0x00000000000507e0
2037500: system.cpu: T0 : 0x2320e    : sw a5, -1480(a4)           : MemWrite :  D=0x0000000000000001 A=0x72a38
2038500: system.cpu: T0 : 0x23212    : jal ra, -57886             : IntAlu :  D=0x0000000000023216
2039000: system.cpu: T0 : 0x14ff4    : c_addi16sp sp, -64         : IntAlu :  D=0x7ffffffffffffcf0
2039500: system.cpu: T0 : 0x14ff6    : c_sdsp s1, 40(sp)          : MemWrite :  D=0x000000000006feb8 A=0x7ffffffffffffd18
2040000: system.cpu: T0 : 0x14ff8    : ld s1, -1360(gp)           : MemRead :  D=0x7fffffffffffff48 A=0x70b90
2040500: system.cpu: T0 : 0x14ffc    : c_sdsp ra, 56(sp)          : MemWrite :  D=0x0000000000023216 A=0x7ffffffffffffd28
2041000: system.cpu: T0 : 0x14ffe    : c_sdsp s0, 48(sp)          : MemWrite :  D=0x000000000006ef80 A=0x7ffffffffffffd20
2041500: system.cpu: T0 : 0x15000    : c_sdsp s2, 32(sp)          : MemWrite :  D=0x0000000000073000 A=0x7ffffffffffffd10
2042000: system.cpu: T0 : 0x15002    : c_sdsp s3, 24(sp)          : MemWrite :  D=0x0000000000073000 A=0x7ffffffffffffd08
2042500: system.cpu: T0 : 0x15004    : c_sdsp s4, 16(sp)          : MemWrite :  D=0x0000000000070000 A=0x7ffffffffffffd00
2043000: system.cpu: T0 : 0x15006    : c_sdsp s5, 8(sp)           : MemWrite :  D=0x0000000000073000 A=0x7ffffffffffffcf8
2043500: system.cpu: T0 : 0x15008    : c_sdsp s6, 0(sp)           : MemWrite :  D=0x0000000000073000 A=0x7ffffffffffffcf0
2044000: system.cpu: T0 : 0x1500a    : c_beqz s1, 210             : IntAlu : 
2044500: system.cpu: T0 : 0x1500c    : lbu a5, 0(a0)              : MemRead :  D=0x000000000000004c A=0x507e0
2045000: system.cpu: T0 : 0x15010    : c_mv s4, a0                : IntAlu :  D=0x00000000000507e0
2045500: system.cpu: T0 : 0x15012    : c_beqz a5, 202             : IntAlu : 
2046000: system.cpu: T0 : 0x15014    : lbu s5, 1(a0)              : MemRead :  D=0x0000000000000044 A=0x507e1
2046500: system.cpu: T0 : 0x15018    : slliw s2, a5, 16           : IntAlu :  D=0x00000000004c0000
2047000: system.cpu: T0 : 0x1501c    : c_ld s0, 0(s1)             : MemRead :  D=0x0000000000000000 A=0x7fffffffffffff48
2048000: system.cpu: T0 : 0x1501e    : sraiw s2, s2, 16           : IntAlu :  D=0x000000000000004c
2049000: system.cpu: T0 : 0x15022    : bne s5, zero, 86           : IntAlu : 
2049500: system.cpu: T0 : 0x15078    : jal ra, 42504              : IntAlu :  D=0x000000000001507c
2050000: system.cpu: T0 : 0x1f680    : andi a5, a0, 7             : IntAlu :  D=0x0000000000000000
2050500: system.cpu: T0 : 0x1f684    : c_beqz a5, 26              : IntAlu : 
2051000: system.cpu: T0 : 0x1f69e    : c_mv a5, a0                : IntAlu :  D=0x00000000000507e0
2051500: system.cpu: T0 : 0x1f6a0    : ld a6, -2024(gp)           : MemRead :  D=0xfefefefefefefeff A=0x708f8
2052000: system.cpu: T0 : 0x1f6a4    : ld a1, -2016(gp)           : MemRead :  D=0x8080808080808080 A=0x70900
2052500: system.cpu: T0 : 0x1f6a8    : c_ld a2, 0(a5)             : MemRead :  D=0x5f444e49425f444c A=0x507e0
2053500: system.cpu: T0 : 0x1f6aa    : addi a3, a5, 8             : IntAlu :  D=0x00000000000507e8
2054500: system.cpu: T0 : 0x1f6ae    : add a4, a2, a6             : IntAlu :  D=0x5e434d48415e434b
2055500: system.cpu: T0 : 0x1f6b2    : xori a2, a2, 18446744073709551615 : IntAlu :  D=0xa0bbb1b6bda0bbb3
2056000: system.cpu: T0 : 0x1f6b6    : c_and a4, a2               : IntAlu :  D=0x0003010001000303
2056500: system.cpu: T0 : 0x1f6b8    : c_and a4, a1               : IntAlu :  D=0x0000000000000000
2057000: system.cpu: T0 : 0x1f6ba    : c_beqz a4, 50              : IntAlu : 
2057500: system.cpu: T0 : 0x1f6ec    : c_mv a5, a3                : IntAlu :  D=0x00000000000507e8
2058000: system.cpu: T0 : 0x1f6ee    : c_j -70                    : IntAlu : 
2058500: system.cpu: T0 : 0x1f6a8    : c_ld a2, 0(a5)             : MemRead :  D=0x0000000000544f4e A=0x507e8
2059500: system.cpu: T0 : 0x1f6aa    : addi a3, a5, 8             : IntAlu :  D=0x00000000000507f0
2060500: system.cpu: T0 : 0x1f6ae    : add a4, a2, a6             : IntAlu :  D=0xfefefefeff534e4d
2061500: system.cpu: T0 : 0x1f6b2    : xori a2, a2, 18446744073709551615 : IntAlu :  D=0xffffffffffabb0b1
2062000: system.cpu: T0 : 0x1f6b6    : c_and a4, a2               : IntAlu :  D=0xfefefefeff030001
2062500: system.cpu: T0 : 0x1f6b8    : c_and a4, a1               : IntAlu :  D=0x8080808080000000
2063000: system.cpu: T0 : 0x1f6ba    : c_beqz a4, 50              : IntAlu : 
2063500: system.cpu: T0 : 0x1f6bc    : lbu a4, -8(a3)             : MemRead :  D=0x000000000000004e A=0x507e8
2064000: system.cpu: T0 : 0x1f6c0    : c_beqz a4, -40             : IntAlu : 
2065000: system.cpu: T0 : 0x1f6c2    : lbu a4, -7(a3)             : MemRead :  D=0x000000000000004f A=0x507e9
2065500: system.cpu: T0 : 0x1f6c6    : c_beqz a4, 50              : IntAlu : 
2066000: system.cpu: T0 : 0x1f6c8    : lbu a4, -6(a3)             : MemRead :  D=0x0000000000000054 A=0x507ea
2066500: system.cpu: T0 : 0x1f6cc    : c_beqz a4, 52              : IntAlu : 
2067500: system.cpu: T0 : 0x1f6ce    : lbu a4, -5(a3)             : MemRead :  D=0x0000000000000000 A=0x507eb
2068000: system.cpu: T0 : 0x1f6d2    : c_beqz a4, 54              : IntAlu : 
2068500: system.cpu: T0 : 0x1f708    : c_sub a5, a0               : IntAlu :  D=0x0000000000000008
2069500: system.cpu: T0 : 0x1f70a    : addi a0, a5, 3             : IntAlu :  D=0x000000000000000b
2070000: system.cpu: T0 : 0x1f70e    : c_jr ra                    : IntAlu : 
2070500: system.cpu: T0 : 0x1507c    : slli a5, s5, 8             : IntAlu :  D=0x0000000000004400
2071000: system.cpu: T0 : 0x15080    : or a5, s2, a5              : IntAlu :  D=0x000000000000444c
2071500: system.cpu: T0 : 0x15084    : slliw s2, a5, 16           : IntAlu :  D=0x00000000444c0000
2072000: system.cpu: T0 : 0x15088    : c_mv s3, a0                : IntAlu :  D=0x000000000000000b
2073000: system.cpu: T0 : 0x1508a    : sraiw s2, s2, 16           : IntAlu :  D=0x000000000000444c
2074000: system.cpu: T0 : 0x1508e    : addi s5, a0, -2            : IntAlu :  D=0x0000000000000009
2074500: system.cpu: T0 : 0x15092    : c_addi s4, 2               : IntAlu :  D=0x00000000000507e2
2075000: system.cpu: T0 : 0x15094    : c_beqz s0, -50             : IntAlu : 
2075500: system.cpu: T0 : 0x15062    : c_ldsp ra, 56(sp)          : MemRead :  D=0x0000000000023216 A=0x7ffffffffffffd28
2076000: system.cpu: T0 : 0x15064    : c_mv a0, s0                : IntAlu :  D=0x0000000000000000
2076500: system.cpu: T0 : 0x15066    : c_ldsp s0, 48(sp)          : MemRead :  D=0x000000000006ef80 A=0x7ffffffffffffd20
2077000: system.cpu: T0 : 0x15068    : c_ldsp s1, 40(sp)          : MemRead :  D=0x000000000006feb8 A=0x7ffffffffffffd18
2077500: system.cpu: T0 : 0x1506a    : c_ldsp s2, 32(sp)          : MemRead :  D=0x0000000000073000 A=0x7ffffffffffffd10
2078000: system.cpu: T0 : 0x1506c    : c_ldsp s3, 24(sp)          : MemRead :  D=0x0000000000073000 A=0x7ffffffffffffd08
2078500: system.cpu: T0 : 0x1506e    : c_ldsp s4, 16(sp)          : MemRead :  D=0x0000000000070000 A=0x7ffffffffffffd00
2079000: system.cpu: T0 : 0x15070    : c_ldsp s5, 8(sp)           : MemRead :  D=0x0000000000073000 A=0x7ffffffffffffcf8
2079500: system.cpu: T0 : 0x15072    : c_ldsp s6, 0(sp)           : MemRead :  D=0x0000000000073000 A=0x7ffffffffffffcf0
2080000: system.cpu: T0 : 0x15074    : c_addi16sp sp, 64          : IntAlu :  D=0x7ffffffffffffd30
2080500: system.cpu: T0 : 0x15076    : c_jr ra                    : IntAlu : 
2081000: system.cpu: T0 : 0x23216    : c_li a5, 0                 : IntAlu :  D=0x0000000000000000
2081500: system.cpu: T0 : 0x23218    : c_beqz a0, 10              : IntAlu : 
2082500: system.cpu: T0 : 0x23222    : lui a0, 80                 : IntAlu :  D=0x0000000000050000
2083500: system.cpu: T0 : 0x23226    : lui a4, 115                : IntAlu :  D=0x0000000000073000
2084500: system.cpu: T0 : 0x2322a    : addi a0, a0, 2032          : IntAlu :  D=0x00000000000507f0
2085500: system.cpu: T0 : 0x2322e    : sw a5, -1504(a4)           : MemWrite :  D=0x0000000000000000 A=0x72a20
2086500: system.cpu: T0 : 0x23232    : jal ra, -57918             : IntAlu :  D=0x0000000000023236
2087000: system.cpu: T0 : 0x14ff4    : c_addi16sp sp, -64         : IntAlu :  D=0x7ffffffffffffcf0
2087500: system.cpu: T0 : 0x14ff6    : c_sdsp s1, 40(sp)          : MemWrite :  D=0x000000000006feb8 A=0x7ffffffffffffd18
2088000: system.cpu: T0 : 0x14ff8    : ld s1, -1360(gp)           : MemRead :  D=0x7fffffffffffff48 A=0x70b90
2088500: system.cpu: T0 : 0x14ffc    : c_sdsp ra, 56(sp)          : MemWrite :  D=0x0000000000023236 A=0x7ffffffffffffd28
2089000: system.cpu: T0 : 0x14ffe    : c_sdsp s0, 48(sp)          : MemWrite :  D=0x000000000006ef80 A=0x7ffffffffffffd20
2089500: system.cpu: T0 : 0x15000    : c_sdsp s2, 32(sp)          : MemWrite :  D=0x0000000000073000 A=0x7ffffffffffffd10
2090000: system.cpu: T0 : 0x15002    : c_sdsp s3, 24(sp)          : MemWrite :  D=0x0000000000073000 A=0x7ffffffffffffd08
2090500: system.cpu: T0 : 0x15004    : c_sdsp s4, 16(sp)          : MemWrite :  D=0x0000000000070000 A=0x7ffffffffffffd00
2091000: system.cpu: T0 : 0x15006    : c_sdsp s5, 8(sp)           : MemWrite :  D=0x0000000000073000 A=0x7ffffffffffffcf8
2091500: system.cpu: T0 : 0x15008    : c_sdsp s6, 0(sp)           : MemWrite :  D=0x0000000000073000 A=0x7ffffffffffffcf0
2092000: system.cpu: T0 : 0x1500a    : c_beqz s1, 210             : IntAlu : 
2092500: system.cpu: T0 : 0x1500c    : lbu a5, 0(a0)              : MemRead :  D=0x000000000000004c A=0x507f0
2093000: system.cpu: T0 : 0x15010    : c_mv s4, a0                : IntAlu :  D=0x00000000000507f0
2093500: system.cpu: T0 : 0x15012    : c_beqz a5, 202             : IntAlu : 
2094000: system.cpu: T0 : 0x15014    : lbu s5, 1(a0)              : MemRead :  D=0x0000000000000044 A=0x507f1
2094500: system.cpu: T0 : 0x15018    : slliw s2, a5, 16           : IntAlu :  D=0x00000000004c0000
2095000: system.cpu: T0 : 0x1501c    : c_ld s0, 0(s1)             : MemRead :  D=0x0000000000000000 A=0x7fffffffffffff48
2096000: system.cpu: T0 : 0x1501e    : sraiw s2, s2, 16           : IntAlu :  D=0x000000000000004c
2097000: system.cpu: T0 : 0x15022    : bne s5, zero, 86           : IntAlu : 
2097500: system.cpu: T0 : 0x15078    : jal ra, 42504              : IntAlu :  D=0x000000000001507c
2098000: system.cpu: T0 : 0x1f680    : andi a5, a0, 7             : IntAlu :  D=0x0000000000000000
2098500: system.cpu: T0 : 0x1f684    : c_beqz a5, 26              : IntAlu : 
2099000: system.cpu: T0 : 0x1f69e    : c_mv a5, a0                : IntAlu :  D=0x00000000000507f0
2099500: system.cpu: T0 : 0x1f6a0    : ld a6, -2024(gp)           : MemRead :  D=0xfefefefefefefeff A=0x708f8
2100000: system.cpu: T0 : 0x1f6a4    : ld a1, -2016(gp)           : MemRead :  D=0x8080808080808080 A=0x70900
2100500: system.cpu: T0 : 0x1f6a8    : c_ld a2, 0(a5)             : MemRead :  D=0x4d414e59445f444c A=0x507f0
2101500: system.cpu: T0 : 0x1f6aa    : addi a3, a5, 8             : IntAlu :  D=0x00000000000507f8
2102500: system.cpu: T0 : 0x1f6ae    : add a4, a2, a6             : IntAlu :  D=0x4c404d58435e434b
2103500: system.cpu: T0 : 0x1f6b2    : xori a2, a2, 18446744073709551615 : IntAlu :  D=0xb2beb1a6bba0bbb3
2104000: system.cpu: T0 : 0x1f6b6    : c_and a4, a2               : IntAlu :  D=0x0000010003000303
2104500: system.cpu: T0 : 0x1f6b8    : c_and a4, a1               : IntAlu :  D=0x0000000000000000
2105000: system.cpu: T0 : 0x1f6ba    : c_beqz a4, 50              : IntAlu : 
2105500: system.cpu: T0 : 0x1f6ec    : c_mv a5, a3                : IntAlu :  D=0x00000000000507f8
2106000: system.cpu: T0 : 0x1f6ee    : c_j -70                    : IntAlu : 
2106500: system.cpu: T0 : 0x1f6a8    : c_ld a2, 0(a5)             : MemRead :  D=0x004b4145575f4349 A=0x507f8
2107500: system.cpu: T0 : 0x1f6aa    : addi a3, a5, 8             : IntAlu :  D=0x0000000000050800
2108500: system.cpu: T0 : 0x1f6ae    : add a4, a2, a6             : IntAlu :  D=0xff4a4044565e4248
2109500: system.cpu: T0 : 0x1f6b2    : xori a2, a2, 18446744073709551615 : IntAlu :  D=0xffb4bebaa8a0bcb6
2110000: system.cpu: T0 : 0x1f6b6    : c_and a4, a2               : IntAlu :  D=0xff00000000000000
2110500: system.cpu: T0 : 0x1f6b8    : c_and a4, a1               : IntAlu :  D=0x8000000000000000
2111000: system.cpu: T0 : 0x1f6ba    : c_beqz a4, 50              : IntAlu : 
2111500: system.cpu: T0 : 0x1f6bc    : lbu a4, -8(a3)             : MemRead :  D=0x0000000000000049 A=0x507f8
2112000: system.cpu: T0 : 0x1f6c0    : c_beqz a4, -40             : IntAlu : 
2113000: system.cpu: T0 : 0x1f6c2    : lbu a4, -7(a3)             : MemRead :  D=0x0000000000000043 A=0x507f9
2113500: system.cpu: T0 : 0x1f6c6    : c_beqz a4, 50              : IntAlu : 
2114000: system.cpu: T0 : 0x1f6c8    : lbu a4, -6(a3)             : MemRead :  D=0x000000000000005f A=0x507fa
2114500: system.cpu: T0 : 0x1f6cc    : c_beqz a4, 52              : IntAlu : 
2115500: system.cpu: T0 : 0x1f6ce    : lbu a4, -5(a3)             : MemRead :  D=0x0000000000000057 A=0x507fb
2116000: system.cpu: T0 : 0x1f6d2    : c_beqz a4, 54              : IntAlu : 
2116500: system.cpu: T0 : 0x1f6d4    : lbu a4, -4(a3)             : MemRead :  D=0x0000000000000045 A=0x507fc
2117000: system.cpu: T0 : 0x1f6d8    : c_beqz a4, 56              : IntAlu : 
2118000: system.cpu: T0 : 0x1f6da    : lbu a4, -3(a3)             : MemRead :  D=0x0000000000000041 A=0x507fd
2118500: system.cpu: T0 : 0x1f6de    : c_beqz a4, 58              : IntAlu : 
2119000: system.cpu: T0 : 0x1f6e0    : lbu a4, -2(a3)             : MemRead :  D=0x000000000000004b A=0x507fe
2119500: system.cpu: T0 : 0x1f6e4    : c_beqz a4, 60              : IntAlu : 
2120500: system.cpu: T0 : 0x1f6e6    : lbu a4, -1(a3)             : MemRead :  D=0x0000000000000000 A=0x507ff
2121000: system.cpu: T0 : 0x1f6ea    : c_beqz a4, 6               : IntAlu : 
2121500: system.cpu: T0 : 0x1f6f0    : c_sub a5, a0               : IntAlu :  D=0x0000000000000008
2122500: system.cpu: T0 : 0x1f6f2    : addi a0, a5, 7             : IntAlu :  D=0x000000000000000f
2123000: system.cpu: T0 : 0x1f6f6    : c_jr ra                    : IntAlu : 
2123500: system.cpu: T0 : 0x1507c    : slli a5, s5, 8             : IntAlu :  D=0x0000000000004400
2124000: system.cpu: T0 : 0x15080    : or a5, s2, a5              : IntAlu :  D=0x000000000000444c
2124500: system.cpu: T0 : 0x15084    : slliw s2, a5, 16           : IntAlu :  D=0x00000000444c0000
2125000: system.cpu: T0 : 0x15088    : c_mv s3, a0                : IntAlu :  D=0x000000000000000f
2126000: system.cpu: T0 : 0x1508a    : sraiw s2, s2, 16           : IntAlu :  D=0x000000000000444c
2127000: system.cpu: T0 : 0x1508e    : addi s5, a0, -2            : IntAlu :  D=0x000000000000000d
2127500: system.cpu: T0 : 0x15092    : c_addi s4, 2               : IntAlu :  D=0x00000000000507f2
2128000: system.cpu: T0 : 0x15094    : c_beqz s0, -50             : IntAlu : 
2128500: system.cpu: T0 : 0x15062    : c_ldsp ra, 56(sp)          : MemRead :  D=0x0000000000023236 A=0x7ffffffffffffd28
2129000: system.cpu: T0 : 0x15064    : c_mv a0, s0                : IntAlu :  D=0x0000000000000000
2129500: system.cpu: T0 : 0x15066    : c_ldsp s0, 48(sp)          : MemRead :  D=0x000000000006ef80 A=0x7ffffffffffffd20
2130000: system.cpu: T0 : 0x15068    : c_ldsp s1, 40(sp)          : MemRead :  D=0x000000000006feb8 A=0x7ffffffffffffd18
2130500: system.cpu: T0 : 0x1506a    : c_ldsp s2, 32(sp)          : MemRead :  D=0x0000000000073000 A=0x7ffffffffffffd10
2131000: system.cpu: T0 : 0x1506c    : c_ldsp s3, 24(sp)          : MemRead :  D=0x0000000000073000 A=0x7ffffffffffffd08
2131500: system.cpu: T0 : 0x1506e    : c_ldsp s4, 16(sp)          : MemRead :  D=0x0000000000070000 A=0x7ffffffffffffd00
2132000: system.cpu: T0 : 0x15070    : c_ldsp s5, 8(sp)           : MemRead :  D=0x0000000000073000 A=0x7ffffffffffffcf8
2132500: system.cpu: T0 : 0x15072    : c_ldsp s6, 0(sp)           : MemRead :  D=0x0000000000073000 A=0x7ffffffffffffcf0
2133000: system.cpu: T0 : 0x15074    : c_addi16sp sp, 64          : IntAlu :  D=0x7ffffffffffffd30
2133500: system.cpu: T0 : 0x15076    : c_jr ra                    : IntAlu : 
2134000: system.cpu: T0 : 0x23236    : c_li a5, 1                 : IntAlu :  D=0x0000000000000001
2134500: system.cpu: T0 : 0x23238    : c_beqz a0, 10              : IntAlu : 
2135500: system.cpu: T0 : 0x23242    : lui a0, 81                 : IntAlu :  D=0x0000000000051000
2136500: system.cpu: T0 : 0x23246    : lui a4, 115                : IntAlu :  D=0x0000000000073000
2137500: system.cpu: T0 : 0x2324a    : addi a0, a0, -2048         : IntAlu :  D=0x0000000000050800
2138500: system.cpu: T0 : 0x2324e    : sw a5, -1428(a4)           : MemWrite :  D=0x0000000000000001 A=0x72a6c
2139500: system.cpu: T0 : 0x23252    : jal ra, -57950             : IntAlu :  D=0x0000000000023256
2140000: system.cpu: T0 : 0x14ff4    : c_addi16sp sp, -64         : IntAlu :  D=0x7ffffffffffffcf0
2140500: system.cpu: T0 : 0x14ff6    : c_sdsp s1, 40(sp)          : MemWrite :  D=0x000000000006feb8 A=0x7ffffffffffffd18
2141000: system.cpu: T0 : 0x14ff8    : ld s1, -1360(gp)           : MemRead :  D=0x7fffffffffffff48 A=0x70b90
2141500: system.cpu: T0 : 0x14ffc    : c_sdsp ra, 56(sp)          : MemWrite :  D=0x0000000000023256 A=0x7ffffffffffffd28
2142000: system.cpu: T0 : 0x14ffe    : c_sdsp s0, 48(sp)          : MemWrite :  D=0x000000000006ef80 A=0x7ffffffffffffd20
2142500: system.cpu: T0 : 0x15000    : c_sdsp s2, 32(sp)          : MemWrite :  D=0x0000000000073000 A=0x7ffffffffffffd10
2143000: system.cpu: T0 : 0x15002    : c_sdsp s3, 24(sp)          : MemWrite :  D=0x0000000000073000 A=0x7ffffffffffffd08
2143500: system.cpu: T0 : 0x15004    : c_sdsp s4, 16(sp)          : MemWrite :  D=0x0000000000070000 A=0x7ffffffffffffd00
2144000: system.cpu: T0 : 0x15006    : c_sdsp s5, 8(sp)           : MemWrite :  D=0x0000000000073000 A=0x7ffffffffffffcf8
2144500: system.cpu: T0 : 0x15008    : c_sdsp s6, 0(sp)           : MemWrite :  D=0x0000000000073000 A=0x7ffffffffffffcf0
2145000: system.cpu: T0 : 0x1500a    : c_beqz s1, 210             : IntAlu : 
2145500: system.cpu: T0 : 0x1500c    : lbu a5, 0(a0)              : MemRead :  D=0x000000000000004c A=0x50800
2146000: system.cpu: T0 : 0x15010    : c_mv s4, a0                : IntAlu :  D=0x0000000000050800
2146500: system.cpu: T0 : 0x15012    : c_beqz a5, 202             : IntAlu : 
2147000: system.cpu: T0 : 0x15014    : lbu s5, 1(a0)              : MemRead :  D=0x0000000000000044 A=0x50801
2147500: system.cpu: T0 : 0x15018    : slliw s2, a5, 16           : IntAlu :  D=0x00000000004c0000
2148000: system.cpu: T0 : 0x1501c    : c_ld s0, 0(s1)             : MemRead :  D=0x0000000000000000 A=0x7fffffffffffff48
2149000: system.cpu: T0 : 0x1501e    : sraiw s2, s2, 16           : IntAlu :  D=0x000000000000004c
2150000: system.cpu: T0 : 0x15022    : bne s5, zero, 86           : IntAlu : 
2150500: system.cpu: T0 : 0x15078    : jal ra, 42504              : IntAlu :  D=0x000000000001507c
2151000: system.cpu: T0 : 0x1f680    : andi a5, a0, 7             : IntAlu :  D=0x0000000000000000
2151500: system.cpu: T0 : 0x1f684    : c_beqz a5, 26              : IntAlu : 
2152000: system.cpu: T0 : 0x1f69e    : c_mv a5, a0                : IntAlu :  D=0x0000000000050800
2152500: system.cpu: T0 : 0x1f6a0    : ld a6, -2024(gp)           : MemRead :  D=0xfefefefefefefeff A=0x708f8
2153000: system.cpu: T0 : 0x1f6a4    : ld a1, -2016(gp)           : MemRead :  D=0x8080808080808080 A=0x70900
2153500: system.cpu: T0 : 0x1f6a8    : c_ld a2, 0(a5)             : MemRead :  D=0x49464f52505f444c A=0x50800
2154500: system.cpu: T0 : 0x1f6aa    : addi a3, a5, 8             : IntAlu :  D=0x0000000000050808
2155500: system.cpu: T0 : 0x1f6ae    : add a4, a2, a6             : IntAlu :  D=0x48454e514f5e434b
2156500: system.cpu: T0 : 0x1f6b2    : xori a2, a2, 18446744073709551615 : IntAlu :  D=0xb6b9b0adafa0bbb3
2157000: system.cpu: T0 : 0x1f6b6    : c_and a4, a2               : IntAlu :  D=0x000100010f000303
2157500: system.cpu: T0 : 0x1f6b8    : c_and a4, a1               : IntAlu :  D=0x0000000000000000
2158000: system.cpu: T0 : 0x1f6ba    : c_beqz a4, 50              : IntAlu : 
2158500: system.cpu: T0 : 0x1f6ec    : c_mv a5, a3                : IntAlu :  D=0x0000000000050808
2159000: system.cpu: T0 : 0x1f6ee    : c_j -70                    : IntAlu : 
2159500: system.cpu: T0 : 0x1f6a8    : c_ld a2, 0(a5)             : MemRead :  D=0x555054554f5f454c A=0x50808
2160500: system.cpu: T0 : 0x1f6aa    : addi a3, a5, 8             : IntAlu :  D=0x0000000000050810
2161500: system.cpu: T0 : 0x1f6ae    : add a4, a2, a6             : IntAlu :  D=0x544f53544e5e444b
2162500: system.cpu: T0 : 0x1f6b2    : xori a2, a2, 18446744073709551615 : IntAlu :  D=0xaaafabaab0a0bab3
2163000: system.cpu: T0 : 0x1f6b6    : c_and a4, a2               : IntAlu :  D=0x000f030000000003
2163500: system.cpu: T0 : 0x1f6b8    : c_and a4, a1               : IntAlu :  D=0x0000000000000000
2164000: system.cpu: T0 : 0x1f6ba    : c_beqz a4, 50              : IntAlu : 
2164500: system.cpu: T0 : 0x1f6ec    : c_mv a5, a3                : IntAlu :  D=0x0000000000050810
2165000: system.cpu: T0 : 0x1f6ee    : c_j -70                    : IntAlu : 
2165500: system.cpu: T0 : 0x1f6a8    : c_ld a2, 0(a5)             : MemRead :  D=0x0000000000000054 A=0x50810
2166500: system.cpu: T0 : 0x1f6aa    : addi a3, a5, 8             : IntAlu :  D=0x0000000000050818
2167500: system.cpu: T0 : 0x1f6ae    : add a4, a2, a6             : IntAlu :  D=0xfefefefefefeff53
2168500: system.cpu: T0 : 0x1f6b2    : xori a2, a2, 18446744073709551615 : IntAlu :  D=0xffffffffffffffab
2169000: system.cpu: T0 : 0x1f6b6    : c_and a4, a2               : IntAlu :  D=0xfefefefefefeff03
2169500: system.cpu: T0 : 0x1f6b8    : c_and a4, a1               : IntAlu :  D=0x8080808080808000
2170000: system.cpu: T0 : 0x1f6ba    : c_beqz a4, 50              : IntAlu : 
2170500: system.cpu: T0 : 0x1f6bc    : lbu a4, -8(a3)             : MemRead :  D=0x0000000000000054 A=0x50810
2171000: system.cpu: T0 : 0x1f6c0    : c_beqz a4, -40             : IntAlu : 
2172000: system.cpu: T0 : 0x1f6c2    : lbu a4, -7(a3)             : MemRead :  D=0x0000000000000000 A=0x50811
2172500: system.cpu: T0 : 0x1f6c6    : c_beqz a4, 50              : IntAlu : 
2173000: system.cpu: T0 : 0x1f6f8    : c_sub a5, a0               : IntAlu :  D=0x0000000000000010
2174000: system.cpu: T0 : 0x1f6fa    : addi a0, a5, 1             : IntAlu :  D=0x0000000000000011
2174500: system.cpu: T0 : 0x1f6fe    : c_jr ra                    : IntAlu : 
2175000: system.cpu: T0 : 0x1507c    : slli a5, s5, 8             : IntAlu :  D=0x0000000000004400
2175500: system.cpu: T0 : 0x15080    : or a5, s2, a5              : IntAlu :  D=0x000000000000444c
2176000: system.cpu: T0 : 0x15084    : slliw s2, a5, 16           : IntAlu :  D=0x00000000444c0000
2176500: system.cpu: T0 : 0x15088    : c_mv s3, a0                : IntAlu :  D=0x0000000000000011
2177500: system.cpu: T0 : 0x1508a    : sraiw s2, s2, 16           : IntAlu :  D=0x000000000000444c
2178500: system.cpu: T0 : 0x1508e    : addi s5, a0, -2            : IntAlu :  D=0x000000000000000f
2179000: system.cpu: T0 : 0x15092    : c_addi s4, 2               : IntAlu :  D=0x0000000000050802
2179500: system.cpu: T0 : 0x15094    : c_beqz s0, -50             : IntAlu : 
2180000: system.cpu: T0 : 0x15062    : c_ldsp ra, 56(sp)          : MemRead :  D=0x0000000000023256 A=0x7ffffffffffffd28
2180500: system.cpu: T0 : 0x15064    : c_mv a0, s0                : IntAlu :  D=0x0000000000000000
2181000: system.cpu: T0 : 0x15066    : c_ldsp s0, 48(sp)          : MemRead :  D=0x000000000006ef80 A=0x7ffffffffffffd20
2181500: system.cpu: T0 : 0x15068    : c_ldsp s1, 40(sp)          : MemRead :  D=0x000000000006feb8 A=0x7ffffffffffffd18
2182000: system.cpu: T0 : 0x1506a    : c_ldsp s2, 32(sp)          : MemRead :  D=0x0000000000073000 A=0x7ffffffffffffd10
2182500: system.cpu: T0 : 0x1506c    : c_ldsp s3, 24(sp)          : MemRead :  D=0x0000000000073000 A=0x7ffffffffffffd08
2183000: system.cpu: T0 : 0x1506e    : c_ldsp s4, 16(sp)          : MemRead :  D=0x0000000000070000 A=0x7ffffffffffffd00
2183500: system.cpu: T0 : 0x15070    : c_ldsp s5, 8(sp)           : MemRead :  D=0x0000000000073000 A=0x7ffffffffffffcf8
2184000: system.cpu: T0 : 0x15072    : c_ldsp s6, 0(sp)           : MemRead :  D=0x0000000000073000 A=0x7ffffffffffffcf0
2184500: system.cpu: T0 : 0x15074    : c_addi16sp sp, 64          : IntAlu :  D=0x7ffffffffffffd30
2185000: system.cpu: T0 : 0x15076    : c_jr ra                    : IntAlu : 
2186000: system.cpu: T0 : 0x23256    : lui a4, 115                : IntAlu :  D=0x0000000000073000
2187000: system.cpu: T0 : 0x2325a    : sd a0, -1544(a4)           : MemWrite :  D=0x0000000000000000 A=0x729f8
2188000: system.cpu: T0 : 0x2325e    : beq a0, zero, 550          : IntAlu : 
2188500: system.cpu: T0 : 0x23484    : lui a5, 111                : IntAlu :  D=0x000000000006f000
2189000: system.cpu: T0 : 0x23488    : lw a5, -72(a5)             : MemRead :  D=0x0000000000000000 A=0x6efb8
2189500: system.cpu: T0 : 0x2348c    : c_beqz a5, -140            : IntAlu : 
2190000: system.cpu: T0 : 0x23400    : lui a3, 80                 : IntAlu :  D=0x0000000000050000
2190500: system.cpu: T0 : 0x23404    : addi a3, a3, 1328          : IntAlu :  D=0x0000000000050530
2191000: system.cpu: T0 : 0x23408    : c_j -396                   : IntAlu : 
2191500: system.cpu: T0 : 0x2327c    : sd a3, -1544(a4)           : MemWrite :  D=0x0000000000050530 A=0x729f8
2192000: system.cpu: T0 : 0x23280    : bne a5, zero, 344          : IntAlu : 
2192500: system.cpu: T0 : 0x23284    : lui a0, 81                 : IntAlu :  D=0x0000000000051000
2193000: system.cpu: T0 : 0x23288    : addi a0, a0, -2024         : IntAlu :  D=0x0000000000050818
2193500: system.cpu: T0 : 0x2328c    : jal ra, -58008             : IntAlu :  D=0x0000000000023290
2194000: system.cpu: T0 : 0x14ff4    : c_addi16sp sp, -64         : IntAlu :  D=0x7ffffffffffffcf0
2194500: system.cpu: T0 : 0x14ff6    : c_sdsp s1, 40(sp)          : MemWrite :  D=0x000000000006feb8 A=0x7ffffffffffffd18
2195000: system.cpu: T0 : 0x14ff8    : ld s1, -1360(gp)           : MemRead :  D=0x7fffffffffffff48 A=0x70b90
2195500: system.cpu: T0 : 0x14ffc    : c_sdsp ra, 56(sp)          : MemWrite :  D=0x0000000000023290 A=0x7ffffffffffffd28
2196000: system.cpu: T0 : 0x14ffe    : c_sdsp s0, 48(sp)          : MemWrite :  D=0x000000000006ef80 A=0x7ffffffffffffd20
2196500: system.cpu: T0 : 0x15000    : c_sdsp s2, 32(sp)          : MemWrite :  D=0x0000000000073000 A=0x7ffffffffffffd10
2197000: system.cpu: T0 : 0x15002    : c_sdsp s3, 24(sp)          : MemWrite :  D=0x0000000000073000 A=0x7ffffffffffffd08
2197500: system.cpu: T0 : 0x15004    : c_sdsp s4, 16(sp)          : MemWrite :  D=0x0000000000070000 A=0x7ffffffffffffd00
2198000: system.cpu: T0 : 0x15006    : c_sdsp s5, 8(sp)           : MemWrite :  D=0x0000000000073000 A=0x7ffffffffffffcf8
2198500: system.cpu: T0 : 0x15008    : c_sdsp s6, 0(sp)           : MemWrite :  D=0x0000000000073000 A=0x7ffffffffffffcf0
2199000: system.cpu: T0 : 0x1500a    : c_beqz s1, 210             : IntAlu : 
2199500: system.cpu: T0 : 0x1500c    : lbu a5, 0(a0)              : MemRead :  D=0x000000000000004c A=0x50818
2200000: system.cpu: T0 : 0x15010    : c_mv s4, a0                : IntAlu :  D=0x0000000000050818
2200500: system.cpu: T0 : 0x15012    : c_beqz a5, 202             : IntAlu : 
2201000: system.cpu: T0 : 0x15014    : lbu s5, 1(a0)              : MemRead :  D=0x0000000000000044 A=0x50819
2201500: system.cpu: T0 : 0x15018    : slliw s2, a5, 16           : IntAlu :  D=0x00000000004c0000
2202000: system.cpu: T0 : 0x1501c    : c_ld s0, 0(s1)             : MemRead :  D=0x0000000000000000 A=0x7fffffffffffff48
2203000: system.cpu: T0 : 0x1501e    : sraiw s2, s2, 16           : IntAlu :  D=0x000000000000004c
2204000: system.cpu: T0 : 0x15022    : bne s5, zero, 86           : IntAlu : 
2204500: system.cpu: T0 : 0x15078    : jal ra, 42504              : IntAlu :  D=0x000000000001507c
2205000: system.cpu: T0 : 0x1f680    : andi a5, a0, 7             : IntAlu :  D=0x0000000000000000
2205500: system.cpu: T0 : 0x1f684    : c_beqz a5, 26              : IntAlu : 
2206000: system.cpu: T0 : 0x1f69e    : c_mv a5, a0                : IntAlu :  D=0x0000000000050818
2206500: system.cpu: T0 : 0x1f6a0    : ld a6, -2024(gp)           : MemRead :  D=0xfefefefefefefeff A=0x708f8
2207000: system.cpu: T0 : 0x1f6a4    : ld a1, -2016(gp)           : MemRead :  D=0x8080808080808080 A=0x70900
2207500: system.cpu: T0 : 0x1f6a8    : c_ld a2, 0(a5)             : MemRead :  D=0x4d555353415f444c A=0x50818
2208500: system.cpu: T0 : 0x1f6aa    : addi a3, a5, 8             : IntAlu :  D=0x0000000000050820
2209500: system.cpu: T0 : 0x1f6ae    : add a4, a2, a6             : IntAlu :  D=0x4c545252405e434b
2210500: system.cpu: T0 : 0x1f6b2    : xori a2, a2, 18446744073709551615 : IntAlu :  D=0xb2aaacacbea0bbb3
2211000: system.cpu: T0 : 0x1f6b6    : c_and a4, a2               : IntAlu :  D=0x0000000000000303
2211500: system.cpu: T0 : 0x1f6b8    : c_and a4, a1               : IntAlu :  D=0x0000000000000000
2212000: system.cpu: T0 : 0x1f6ba    : c_beqz a4, 50              : IntAlu : 
2212500: system.cpu: T0 : 0x1f6ec    : c_mv a5, a3                : IntAlu :  D=0x0000000000050820
2213000: system.cpu: T0 : 0x1f6ee    : c_j -70                    : IntAlu : 
2213500: system.cpu: T0 : 0x1f6a8    : c_ld a2, 0(a5)             : MemRead :  D=0x4c454e52454b5f45 A=0x50820
2214500: system.cpu: T0 : 0x1f6aa    : addi a3, a5, 8             : IntAlu :  D=0x0000000000050828
2215500: system.cpu: T0 : 0x1f6ae    : add a4, a2, a6             : IntAlu :  D=0x4b444d51444a5e44
2216500: system.cpu: T0 : 0x1f6b2    : xori a2, a2, 18446744073709551615 : IntAlu :  D=0xb3bab1adbab4a0ba
2217000: system.cpu: T0 : 0x1f6b6    : c_and a4, a2               : IntAlu :  D=0x0300010100000000
2217500: system.cpu: T0 : 0x1f6b8    : c_and a4, a1               : IntAlu :  D=0x0000000000000000
2218000: system.cpu: T0 : 0x1f6ba    : c_beqz a4, 50              : IntAlu : 
2218500: system.cpu: T0 : 0x1f6ec    : c_mv a5, a3                : IntAlu :  D=0x0000000000050828
2219000: system.cpu: T0 : 0x1f6ee    : c_j -70                    : IntAlu : 
2219500: system.cpu: T0 : 0x1f6a8    : c_ld a2, 0(a5)             : MemRead :  D=0x0000000000000000 A=0x50828
2220500: system.cpu: T0 : 0x1f6aa    : addi a3, a5, 8             : IntAlu :  D=0x0000000000050830
2221500: system.cpu: T0 : 0x1f6ae    : add a4, a2, a6             : IntAlu :  D=0xfefefefefefefeff
2222500: system.cpu: T0 : 0x1f6b2    : xori a2, a2, 18446744073709551615 : IntAlu :  D=0xffffffffffffffff
2223000: system.cpu: T0 : 0x1f6b6    : c_and a4, a2               : IntAlu :  D=0xfefefefefefefeff
2223500: system.cpu: T0 : 0x1f6b8    : c_and a4, a1               : IntAlu :  D=0x8080808080808080
2224000: system.cpu: T0 : 0x1f6ba    : c_beqz a4, 50              : IntAlu : 
2224500: system.cpu: T0 : 0x1f6bc    : lbu a4, -8(a3)             : MemRead :  D=0x0000000000000000 A=0x50828
2225000: system.cpu: T0 : 0x1f6c0    : c_beqz a4, -40             : IntAlu : 
2225500: system.cpu: T0 : 0x1f698    : sub a0, a5, a0             : IntAlu :  D=0x0000000000000010
2226000: system.cpu: T0 : 0x1f69c    : c_jr ra                    : IntAlu : 
2226500: system.cpu: T0 : 0x1507c    : slli a5, s5, 8             : IntAlu :  D=0x0000000000004400
2227000: system.cpu: T0 : 0x15080    : or a5, s2, a5              : IntAlu :  D=0x000000000000444c
2227500: system.cpu: T0 : 0x15084    : slliw s2, a5, 16           : IntAlu :  D=0x00000000444c0000
2228000: system.cpu: T0 : 0x15088    : c_mv s3, a0                : IntAlu :  D=0x0000000000000010
2229000: system.cpu: T0 : 0x1508a    : sraiw s2, s2, 16           : IntAlu :  D=0x000000000000444c
2230000: system.cpu: T0 : 0x1508e    : addi s5, a0, -2            : IntAlu :  D=0x000000000000000e
2230500: system.cpu: T0 : 0x15092    : c_addi s4, 2               : IntAlu :  D=0x000000000005081a
2231000: system.cpu: T0 : 0x15094    : c_beqz s0, -50             : IntAlu : 
2231500: system.cpu: T0 : 0x15062    : c_ldsp ra, 56(sp)          : MemRead :  D=0x0000000000023290 A=0x7ffffffffffffd28
2232000: system.cpu: T0 : 0x15064    : c_mv a0, s0                : IntAlu :  D=0x0000000000000000
2232500: system.cpu: T0 : 0x15066    : c_ldsp s0, 48(sp)          : MemRead :  D=0x000000000006ef80 A=0x7ffffffffffffd20
2233000: system.cpu: T0 : 0x15068    : c_ldsp s1, 40(sp)          : MemRead :  D=0x000000000006feb8 A=0x7ffffffffffffd18
2233500: system.cpu: T0 : 0x1506a    : c_ldsp s2, 32(sp)          : MemRead :  D=0x0000000000073000 A=0x7ffffffffffffd10
2234000: system.cpu: T0 : 0x1506c    : c_ldsp s3, 24(sp)          : MemRead :  D=0x0000000000073000 A=0x7ffffffffffffd08
2234500: system.cpu: T0 : 0x1506e    : c_ldsp s4, 16(sp)          : MemRead :  D=0x0000000000070000 A=0x7ffffffffffffd00
2235000: system.cpu: T0 : 0x15070    : c_ldsp s5, 8(sp)           : MemRead :  D=0x0000000000073000 A=0x7ffffffffffffcf8
2235500: system.cpu: T0 : 0x15072    : c_ldsp s6, 0(sp)           : MemRead :  D=0x0000000000073000 A=0x7ffffffffffffcf0
2236000: system.cpu: T0 : 0x15074    : c_addi16sp sp, 64          : IntAlu :  D=0x7ffffffffffffd30
2236500: system.cpu: T0 : 0x15076    : c_jr ra                    : IntAlu : 
2237000: system.cpu: T0 : 0x23290    : c_mv s0, a0                : IntAlu :  D=0x0000000000000000
2237500: system.cpu: T0 : 0x23292    : c_beqz a0, 76              : IntAlu : 
2238500: system.cpu: T0 : 0x232de    : lui a5, 115                : IntAlu :  D=0x0000000000073000
2239500: system.cpu: T0 : 0x232e2    : ld a0, -1488(a5)           : MemRead :  D=0x0000000000000000 A=0x72a30
2240000: system.cpu: T0 : 0x232e6    : c_beqz a0, 14              : IntAlu : 
2240500: system.cpu: T0 : 0x232f4    : ld a5, -1456(s2)           : MemRead :  D=0x0000000000010040 A=0x72a50
2241000: system.cpu: T0 : 0x232f8    : ld t3, 1120(s1)            : MemRead :  D=0x0000000000000000 A=0x70318
2241500: system.cpu: T0 : 0x232fc    : c_beqz a5, 110             : IntAlu : 
2242500: system.cpu: T0 : 0x232fe    : ld a4, -1400(s3)           : MemRead :  D=0x0000000000000006 A=0x72a88
2243500: system.cpu: T0 : 0x23302    : slli a3, a4, 3             : IntAlu :  D=0x0000000000000030
2244000: system.cpu: T0 : 0x23306    : c_sub a3, a4               : IntAlu :  D=0x000000000000002a
2244500: system.cpu: T0 : 0x23308    : c_slli a3, 3               : IntAlu :  D=0x0000000000000150
2245000: system.cpu: T0 : 0x2330a    : c_add a3, a5               : IntAlu :  D=0x0000000000010190
2245500: system.cpu: T0 : 0x2330c    : bgeu a5, a3, 94            : IntAlu : 
2246000: system.cpu: T0 : 0x23310    : lui a2, 411470             : IntAlu :  D=0x000000006474e000
2246500: system.cpu: T0 : 0x23314    : addi a1, a2, 1361          : IntAlu :  D=0x000000006474e551
2247000: system.cpu: T0 : 0x23318    : ld t4, 1112(s1)            : MemRead :  D=0x0000000000000000 A=0x70310
2247500: system.cpu: T0 : 0x2331c    : lw t1, -1800(gp)           : MemRead :  D=0x0000000000000006 A=0x709d8
2248000: system.cpu: T0 : 0x23320    : c_mv a6, t3                : IntAlu :  D=0x0000000000000000
2248500: system.cpu: T0 : 0x23322    : c_li a7, 0                 : IntAlu :  D=0x0000000000000000
2249000: system.cpu: T0 : 0x23324    : c_li a0, 0                 : IntAlu :  D=0x0000000000000000
2250000: system.cpu: T0 : 0x23326    : addi a2, a2, 1362          : IntAlu :  D=0x000000006474e552
2250500: system.cpu: T0 : 0x2332a    : c_j 24                     : IntAlu : 
2251000: system.cpu: T0 : 0x23342    : c_lw a4, 0(a5)             : MemRead :  D=0x0000000000000001 A=0x10040
2251500: system.cpu: T0 : 0x23344    : bne a4, a1, -24            : IntAlu : 
2252000: system.cpu: T0 : 0x2332c    : bne a4, a2, 14             : IntAlu : 
2253000: system.cpu: T0 : 0x2333a    : addi a5, a5, 56            : IntAlu :  D=0x0000000000010078
2254000: system.cpu: T0 : 0x2333e    : bgeu a5, a3, 24            : IntAlu : 
2254500: system.cpu: T0 : 0x23342    : c_lw a4, 0(a5)             : MemRead :  D=0x0000000000000001 A=0x10078
2255000: system.cpu: T0 : 0x23344    : bne a4, a1, -24            : IntAlu : 
2255500: system.cpu: T0 : 0x2332c    : bne a4, a2, 14             : IntAlu : 
2256500: system.cpu: T0 : 0x2333a    : addi a5, a5, 56            : IntAlu :  D=0x00000000000100b0
2257500: system.cpu: T0 : 0x2333e    : bgeu a5, a3, 24            : IntAlu : 
2258000: system.cpu: T0 : 0x23342    : c_lw a4, 0(a5)             : MemRead :  D=0x0000000000000004 A=0x100b0
2258500: system.cpu: T0 : 0x23344    : bne a4, a1, -24            : IntAlu : 
2259000: system.cpu: T0 : 0x2332c    : bne a4, a2, 14             : IntAlu : 
2260000: system.cpu: T0 : 0x2333a    : addi a5, a5, 56            : IntAlu :  D=0x00000000000100e8
2261000: system.cpu: T0 : 0x2333e    : bgeu a5, a3, 24            : IntAlu : 
2261500: system.cpu: T0 : 0x23342    : c_lw a4, 0(a5)             : MemRead :  D=0x0000000000000007 A=0x100e8
2262000: system.cpu: T0 : 0x23344    : bne a4, a1, -24            : IntAlu : 
2262500: system.cpu: T0 : 0x2332c    : bne a4, a2, 14             : IntAlu : 
2263500: system.cpu: T0 : 0x2333a    : addi a5, a5, 56            : IntAlu :  D=0x0000000000010120
2264500: system.cpu: T0 : 0x2333e    : bgeu a5, a3, 24            : IntAlu : 
2265000: system.cpu: T0 : 0x23342    : c_lw a4, 0(a5)             : MemRead :  D=0x000000006474e551 A=0x10120
2265500: system.cpu: T0 : 0x23344    : bne a4, a1, -24            : IntAlu : 
2266000: system.cpu: T0 : 0x23348    : lw t1, 4(a5)               : MemRead :  D=0x0000000000000006 A=0x10124
2266500: system.cpu: T0 : 0x2334c    : addi a5, a5, 56            : IntAlu :  D=0x0000000000010158
2267000: system.cpu: T0 : 0x23350    : c_li a0, 1                 : IntAlu :  D=0x0000000000000001
2268000: system.cpu: T0 : 0x23352    : bltu a5, a3, -16           : IntAlu : 
2268500: system.cpu: T0 : 0x23342    : c_lw a4, 0(a5)             : MemRead :  D=0x000000006474e552 A=0x10158
2269000: system.cpu: T0 : 0x23344    : bne a4, a1, -24            : IntAlu : 
2269500: system.cpu: T0 : 0x2332c    : bne a4, a2, 14             : IntAlu : 
2270000: system.cpu: T0 : 0x23330    : ld t4, 16(a5)              : MemRead :  D=0x000000000006ead0 A=0x10168
2270500: system.cpu: T0 : 0x23334    : ld a6, 40(a5)              : MemRead :  D=0x0000000000000530 A=0x10180
2271000: system.cpu: T0 : 0x23338    : c_li a7, 1                 : IntAlu :  D=0x0000000000000001
2272000: system.cpu: T0 : 0x2333a    : addi a5, a5, 56            : IntAlu :  D=0x0000000000010190
2273000: system.cpu: T0 : 0x2333e    : bgeu a5, a3, 24            : IntAlu : 
2273500: system.cpu: T0 : 0x23356    : c_beqz a0, 6               : IntAlu : 
2274000: system.cpu: T0 : 0x23358    : sw t1, -1800(gp)           : MemWrite :  D=0x0000000000000006 A=0x709d8
2274500: system.cpu: T0 : 0x2335c    : beq a7, zero, 14           : IntAlu : 
2275000: system.cpu: T0 : 0x23360    : sd t4, 1112(s1)            : MemWrite :  D=0x000000000006ead0 A=0x70310
2275500: system.cpu: T0 : 0x23364    : sd a6, 1120(s1)            : MemWrite :  D=0x0000000000000530 A=0x70318
2276000: system.cpu: T0 : 0x23368    : c_mv t3, a6                : IntAlu :  D=0x0000000000000530
2277000: system.cpu: T0 : 0x2336a    : bne t3, zero, 272          : IntAlu : 
2278000: system.cpu: T0 : 0x2347a    : addi a0, s4, -328          : IntAlu :  D=0x000000000006feb8
2279000: system.cpu: T0 : 0x2347e    : jal ra, 106388             : IntAlu :  D=0x0000000000023482
2279500: system.cpu: T0 : 0x3d412    : c_addi sp, -16             : IntAlu :  D=0x7ffffffffffffd20
2280000: system.cpu: T0 : 0x3d414    : c_ld a5, 0(a0)             : MemRead :  D=0x0000000000000000 A=0x6feb8
2280500: system.cpu: T0 : 0x3d416    : c_sdsp s0, 0(sp)           : MemWrite :  D=0x0000000000000000 A=0x7ffffffffffffd20
2281000: system.cpu: T0 : 0x3d418    : c_mv s0, a0                : IntAlu :  D=0x000000000006feb8
2282000: system.cpu: T0 : 0x3d41a    : ld a0, 1112(a0)            : MemRead :  D=0x000000000006ead0 A=0x70310
2283000: system.cpu: T0 : 0x3d41e    : ld a4, -1784(gp)           : MemRead :  D=0x0000000000001000 A=0x709e8
2284000: system.cpu: T0 : 0x3d422    : ld a1, 1120(s0)            : MemRead :  D=0x0000000000000530 A=0x70318
2284500: system.cpu: T0 : 0x3d426    : c_add a5, a0               : IntAlu :  D=0x000000000006ead0
2285000: system.cpu: T0 : 0x3d428    : sub a4, zero, a4           : IntAlu :  D=0xfffffffffffff000
2285500: system.cpu: T0 : 0x3d42c    : c_add a1, a5               : IntAlu :  D=0x000000000006f000
2286000: system.cpu: T0 : 0x3d42e    : c_sdsp ra, 8(sp)           : MemWrite :  D=0x0000000000023482 A=0x7ffffffffffffd28
2286500: system.cpu: T0 : 0x3d430    : and a0, a5, a4             : IntAlu :  D=0x000000000006e000
2287000: system.cpu: T0 : 0x3d434    : c_and a1, a4               : IntAlu :  D=0x000000000006f000
2288000: system.cpu: T0 : 0x3d436    : bne a0, a1, 12             : IntAlu : 
2288500: system.cpu: T0 : 0x3d442    : c_li a2, 1                 : IntAlu :  D=0x0000000000000001
2289000: system.cpu: T0 : 0x3d444    : c_sub a1, a0               : IntAlu :  D=0x0000000000001000
2290000: system.cpu: T0 : 0x3d446    : jal ra, -113354            : IntAlu :  D=0x000000000003d44a
2290500: system.cpu: T0 : 0x2197c    : addi a7, zero, 226         : IntAlu :  D=0x00000000000000e2
2291000: system.cpu: T0 : 0x21980    : ecall                      : No_OpClass : 
2291500: system.cpu: T0 : 0x21984    : c_lui a7, 1048575          : IntAlu :  D=0xfffffffffffff000
2292500: system.cpu: T0 : 0x21986    : bltu a7, a0, 6             : IntAlu : 
2293000: system.cpu: T0 : 0x2198a    : c_jr ra                    : IntAlu : 
2294000: system.cpu: T0 : 0x3d44a    : bge a0, zero, -16          : IntAlu : 
2294500: system.cpu: T0 : 0x3d43a    : c_ldsp ra, 8(sp)           : MemRead :  D=0x0000000000023482 A=0x7ffffffffffffd28
2295000: system.cpu: T0 : 0x3d43c    : c_ldsp s0, 0(sp)           : MemRead :  D=0x0000000000000000 A=0x7ffffffffffffd20
2295500: system.cpu: T0 : 0x3d43e    : c_addi sp, 16              : IntAlu :  D=0x7ffffffffffffd30
2296000: system.cpu: T0 : 0x3d440    : c_jr ra                    : IntAlu : 
2296500: system.cpu: T0 : 0x23482    : c_j -276                   : IntAlu : 
2297000: system.cpu: T0 : 0x2336e    : c_ldsp ra, 152(sp)         : MemRead :  D=0x0000000000023700 A=0x7ffffffffffffdc8
2297500: system.cpu: T0 : 0x23370    : c_ldsp s0, 144(sp)         : MemRead :  D=0x0000000000000001 A=0x7ffffffffffffdc0
2298000: system.cpu: T0 : 0x23372    : c_ldsp s1, 136(sp)         : MemRead :  D=0x7fffffffffffff38 A=0x7ffffffffffffdb8
2298500: system.cpu: T0 : 0x23374    : c_ldsp s2, 128(sp)         : MemRead :  D=0x7fffffffffffff48 A=0x7ffffffffffffdb0
2299000: system.cpu: T0 : 0x23376    : c_ldsp s3, 120(sp)         : MemRead :  D=0x0000000000000000 A=0x7ffffffffffffda8
2299500: system.cpu: T0 : 0x23378    : c_ldsp s4, 112(sp)         : MemRead :  D=0x0000000000000000 A=0x7ffffffffffffda0
2300000: system.cpu: T0 : 0x2337a    : c_ldsp s5, 104(sp)         : MemRead :  D=0x0000000000000000 A=0x7ffffffffffffd98
2300500: system.cpu: T0 : 0x2337c    : c_ldsp s6, 96(sp)          : MemRead :  D=0x0000000000000000 A=0x7ffffffffffffd90
2301000: system.cpu: T0 : 0x2337e    : c_ldsp s7, 88(sp)          : MemRead :  D=0x0000000000000000 A=0x7ffffffffffffd88
2301500: system.cpu: T0 : 0x23380    : c_ldsp s8, 80(sp)          : MemRead :  D=0x0000000000000000 A=0x7ffffffffffffd80
2302000: system.cpu: T0 : 0x23382    : c_ldsp s9, 72(sp)          : MemRead :  D=0x0000000000000000 A=0x7ffffffffffffd78
2302500: system.cpu: T0 : 0x23384    : c_ldsp s10, 64(sp)         : MemRead :  D=0x0000000000000000 A=0x7ffffffffffffd70
2303000: system.cpu: T0 : 0x23386    : c_addi16sp sp, 160         : IntAlu :  D=0x7ffffffffffffdd0
2303500: system.cpu: T0 : 0x23388    : c_jr ra                    : IntAlu : 
2304000: system.cpu: T0 : 0x23700    : c_mv a2, s2                : IntAlu :  D=0x7fffffffffffff48
2304500: system.cpu: T0 : 0x23702    : c_mv a1, s1                : IntAlu :  D=0x7fffffffffffff38
2305000: system.cpu: T0 : 0x23704    : c_mv a0, s0                : IntAlu :  D=0x0000000000000001
2306000: system.cpu: T0 : 0x23706    : jal ra, -4344              : IntAlu :  D=0x000000000002370a
2306500: system.cpu: T0 : 0x2260e    : c_beqz a1, 50              : IntAlu : 
2307000: system.cpu: T0 : 0x22610    : c_addi sp, -32             : IntAlu :  D=0x7ffffffffffffdb0
2307500: system.cpu: T0 : 0x22612    : c_sdsp s1, 8(sp)           : MemWrite :  D=0x7fffffffffffff38 A=0x7ffffffffffffdb8
2308000: system.cpu: T0 : 0x22614    : c_ld s1, 0(a1)             : MemRead :  D=0x7fffffffffffffd9 A=0x7fffffffffffff38
2308500: system.cpu: T0 : 0x22616    : c_sdsp s0, 16(sp)          : MemWrite :  D=0x0000000000000001 A=0x7ffffffffffffdc0
2309000: system.cpu: T0 : 0x22618    : c_sdsp ra, 24(sp)          : MemWrite :  D=0x000000000002370a A=0x7ffffffffffffdc8
2309500: system.cpu: T0 : 0x2261a    : c_mv s0, a1                : IntAlu :  D=0x7fffffffffffff38
2310000: system.cpu: T0 : 0x2261c    : c_beqz s1, 26              : IntAlu : 
2311000: system.cpu: T0 : 0x2261e    : addi a1, zero, 47          : IntAlu :  D=0x000000000000002f
2311500: system.cpu: T0 : 0x22622    : c_mv a0, s1                : IntAlu :  D=0x7fffffffffffffd9
2312000: system.cpu: T0 : 0x22624    : jal ra, 90482              : IntAlu :  D=0x0000000000022628
2312500: system.cpu: T0 : 0x38796    : c_addi sp, -32             : IntAlu :  D=0x7ffffffffffffd90
2313000: system.cpu: T0 : 0x38798    : c_sdsp s0, 16(sp)          : MemWrite :  D=0x7fffffffffffff38 A=0x7ffffffffffffda0
2313500: system.cpu: T0 : 0x3879a    : c_sdsp s1, 8(sp)           : MemWrite :  D=0x7fffffffffffffd9 A=0x7ffffffffffffd98
2314000: system.cpu: T0 : 0x3879c    : c_sdsp s2, 0(sp)           : MemWrite :  D=0x7fffffffffffff48 A=0x7ffffffffffffd90
2314500: system.cpu: T0 : 0x3879e    : c_sdsp ra, 24(sp)          : MemWrite :  D=0x0000000000022628 A=0x7ffffffffffffda8
2315000: system.cpu: T0 : 0x387a0    : andi s1, a1, 255           : IntAlu :  D=0x000000000000002f
2315500: system.cpu: T0 : 0x387a4    : c_mv s0, a0                : IntAlu :  D=0x7fffffffffffffd9
2316000: system.cpu: T0 : 0x387a6    : c_li s2, 0                 : IntAlu :  D=0x0000000000000000
2316500: system.cpu: T0 : 0x387a8    : c_bnez s1, 10              : IntAlu : 
2317000: system.cpu: T0 : 0x387b2    : c_mv a0, s0                : IntAlu :  D=0x7fffffffffffffd9
2317500: system.cpu: T0 : 0x387b4    : c_mv a1, s1                : IntAlu :  D=0x000000000000002f
2318500: system.cpu: T0 : 0x387b6    : jal ra, -103340            : IntAlu :  D=0x00000000000387ba
2319500: system.cpu: T0 : 0x1f40a    : andi a5, a0, 7             : IntAlu :  D=0x0000000000000001
2320500: system.cpu: T0 : 0x1f40e    : andi a4, a1, 255           : IntAlu :  D=0x000000000000002f
2321000: system.cpu: T0 : 0x1f412    : c_bnez a5, 14              : IntAlu : 
2321500: system.cpu: T0 : 0x1f420    : lbu a5, 0(a0)              : MemRead :  D=0x000000000000002e A=0x7fffffffffffffd9
2322000: system.cpu: T0 : 0x1f424    : bne a5, a4, -14            : IntAlu : 
2322500: system.cpu: T0 : 0x1f416    : c_addi a0, 1               : IntAlu :  D=0x7fffffffffffffda
2323000: system.cpu: T0 : 0x1f418    : andi a3, a0, 7             : IntAlu :  D=0x0000000000000002
2323500: system.cpu: T0 : 0x1f41c    : c_beqz a5, 168             : IntAlu : 
2324000: system.cpu: T0 : 0x1f41e    : c_beqz a3, 12              : IntAlu : 
2324500: system.cpu: T0 : 0x1f420    : lbu a5, 0(a0)              : MemRead :  D=0x000000000000002e A=0x7fffffffffffffda
2325000: system.cpu: T0 : 0x1f424    : bne a5, a4, -14            : IntAlu : 
2325500: system.cpu: T0 : 0x1f416    : c_addi a0, 1               : IntAlu :  D=0x7fffffffffffffdb
2326000: system.cpu: T0 : 0x1f418    : andi a3, a0, 7             : IntAlu :  D=0x0000000000000003
2326500: system.cpu: T0 : 0x1f41c    : c_beqz a5, 168             : IntAlu : 
2327000: system.cpu: T0 : 0x1f41e    : c_beqz a3, 12              : IntAlu : 
2327500: system.cpu: T0 : 0x1f420    : lbu a5, 0(a0)              : MemRead :  D=0x000000000000002f A=0x7fffffffffffffdb
2328000: system.cpu: T0 : 0x1f424    : bne a5, a4, -14            : IntAlu : 
2328500: system.cpu: T0 : 0x1f428    : c_jr ra                    : IntAlu : 
2329000: system.cpu: T0 : 0x387ba    : c_bnez a0, -14             : IntAlu : 
2329500: system.cpu: T0 : 0x387ac    : addi s0, a0, 1             : IntAlu :  D=0x7fffffffffffffdc
2330000: system.cpu: T0 : 0x387b0    : c_mv s2, a0                : IntAlu :  D=0x7fffffffffffffdb
2330500: system.cpu: T0 : 0x387b2    : c_mv a0, s0                : IntAlu :  D=0x7fffffffffffffdc
2331000: system.cpu: T0 : 0x387b4    : c_mv a1, s1                : IntAlu :  D=0x000000000000002f
2332000: system.cpu: T0 : 0x387b6    : jal ra, -103340            : IntAlu :  D=0x00000000000387ba
2333000: system.cpu: T0 : 0x1f40a    : andi a5, a0, 7             : IntAlu :  D=0x0000000000000004
2334000: system.cpu: T0 : 0x1f40e    : andi a4, a1, 255           : IntAlu :  D=0x000000000000002f
2334500: system.cpu: T0 : 0x1f412    : c_bnez a5, 14              : IntAlu : 
2335000: system.cpu: T0 : 0x1f420    : lbu a5, 0(a0)              : MemRead :  D=0x0000000000000044 A=0x7fffffffffffffdc
2335500: system.cpu: T0 : 0x1f424    : bne a5, a4, -14            : IntAlu : 
2336000: system.cpu: T0 : 0x1f416    : c_addi a0, 1               : IntAlu :  D=0x7fffffffffffffdd
2336500: system.cpu: T0 : 0x1f418    : andi a3, a0, 7             : IntAlu :  D=0x0000000000000005
2337000: system.cpu: T0 : 0x1f41c    : c_beqz a5, 168             : IntAlu : 
2337500: system.cpu: T0 : 0x1f41e    : c_beqz a3, 12              : IntAlu : 
2338000: system.cpu: T0 : 0x1f420    : lbu a5, 0(a0)              : MemRead :  D=0x000000000000006f A=0x7fffffffffffffdd
2338500: system.cpu: T0 : 0x1f424    : bne a5, a4, -14            : IntAlu : 
2339000: system.cpu: T0 : 0x1f416    : c_addi a0, 1               : IntAlu :  D=0x7fffffffffffffde
2339500: system.cpu: T0 : 0x1f418    : andi a3, a0, 7             : IntAlu :  D=0x0000000000000006
2340000: system.cpu: T0 : 0x1f41c    : c_beqz a5, 168             : IntAlu : 
2340500: system.cpu: T0 : 0x1f41e    : c_beqz a3, 12              : IntAlu : 
2341000: system.cpu: T0 : 0x1f420    : lbu a5, 0(a0)              : MemRead :  D=0x0000000000000077 A=0x7fffffffffffffde
2341500: system.cpu: T0 : 0x1f424    : bne a5, a4, -14            : IntAlu : 
2342000: system.cpu: T0 : 0x1f416    : c_addi a0, 1               : IntAlu :  D=0x7fffffffffffffdf
2342500: system.cpu: T0 : 0x1f418    : andi a3, a0, 7             : IntAlu :  D=0x0000000000000007
2343000: system.cpu: T0 : 0x1f41c    : c_beqz a5, 168             : IntAlu : 
2343500: system.cpu: T0 : 0x1f41e    : c_beqz a3, 12              : IntAlu : 
2344000: system.cpu: T0 : 0x1f420    : lbu a5, 0(a0)              : MemRead :  D=0x000000000000006e A=0x7fffffffffffffdf
2344500: system.cpu: T0 : 0x1f424    : bne a5, a4, -14            : IntAlu : 
2345000: system.cpu: T0 : 0x1f416    : c_addi a0, 1               : IntAlu :  D=0x7fffffffffffffe0
2345500: system.cpu: T0 : 0x1f418    : andi a3, a0, 7             : IntAlu :  D=0x0000000000000000
2346000: system.cpu: T0 : 0x1f41c    : c_beqz a5, 168             : IntAlu : 
2346500: system.cpu: T0 : 0x1f41e    : c_beqz a3, 12              : IntAlu : 
2347000: system.cpu: T0 : 0x1f42a    : c_lui a3, 16               : IntAlu :  D=0x0000000000010000
2347500: system.cpu: T0 : 0x1f42c    : slliw a5, a1, 8            : IntAlu :  D=0x0000000000002f00
2348000: system.cpu: T0 : 0x1f430    : c_addi a3, -1              : IntAlu :  D=0x000000000000ffff
2348500: system.cpu: T0 : 0x1f432    : c_and a5, a3               : IntAlu :  D=0x0000000000002f00
2349000: system.cpu: T0 : 0x1f434    : andi a1, a1, 255           : IntAlu :  D=0x000000000000002f
2349500: system.cpu: T0 : 0x1f438    : c_or a1, a5                : IntAlu :  D=0x0000000000002f2f
2350000: system.cpu: T0 : 0x1f43a    : c_addiw a1, 0              : IntAlu :  D=0x0000000000002f2f
2350500: system.cpu: T0 : 0x1f43c    : slli t1, a1, 16            : IntAlu :  D=0x000000002f2f0000
2351000: system.cpu: T0 : 0x1f440    : or a1, t1, a1              : IntAlu :  D=0x000000002f2f2f2f
2351500: system.cpu: T0 : 0x1f444    : ld a6, -2032(gp)           : MemRead :  D=0x7efefefefefefeff A=0x708f0
2352000: system.cpu: T0 : 0x1f448    : slli t1, a1, 32            : IntAlu :  D=0x2f2f2f2f00000000
2352500: system.cpu: T0 : 0x1f44c    : or t1, t1, a1              : IntAlu :  D=0x2f2f2f2f2f2f2f2f
2353000: system.cpu: T0 : 0x1f450    : c_li t3, -1                : IntAlu :  D=0xffffffffffffffff
2353500: system.cpu: T0 : 0x1f452    : c_ld a1, 0(a0)             : MemRead :  D=0x6f632f7364616f6c A=0x7fffffffffffffe0
2354000: system.cpu: T0 : 0x1f454    : addi a5, a0, 8             : IntAlu :  D=0x7fffffffffffffe8
2354500: system.cpu: T0 : 0x1f458    : xor a7, t1, a1             : IntAlu :  D=0x404c005c4b4e4043
2355000: system.cpu: T0 : 0x1f45c    : add a3, a1, a6             : IntAlu :  D=0xee622e7263606e6b
2355500: system.cpu: T0 : 0x1f460    : add a2, a7, a6             : IntAlu :  D=0xbf4aff5b4a4d3f42
2356000: system.cpu: T0 : 0x1f464    : c_xor a3, a1               : IntAlu :  D=0x8101010107010107
2357000: system.cpu: T0 : 0x1f466    : xor a2, a2, a7             : IntAlu :  D=0xff06ff0701037f01
2357500: system.cpu: T0 : 0x1f46a    : c_and a3, a2               : IntAlu :  D=0x8100010101010101
2358000: system.cpu: T0 : 0x1f46c    : or a3, a3, a6              : IntAlu :  D=0xfffeffffffffffff
2358500: system.cpu: T0 : 0x1f470    : beq a3, t3, 88             : IntAlu : 
2359000: system.cpu: T0 : 0x1f474    : lbu a3, -8(a5)             : MemRead :  D=0x000000000000006c A=0x7fffffffffffffe0
2359500: system.cpu: T0 : 0x1f478    : beq a3, a4, -80            : IntAlu : 
2360000: system.cpu: T0 : 0x1f47c    : c_beqz a3, 72              : IntAlu : 
2361000: system.cpu: T0 : 0x1f47e    : lbu a3, -7(a5)             : MemRead :  D=0x000000000000006f A=0x7fffffffffffffe1
2362000: system.cpu: T0 : 0x1f482    : beq a3, a4, 74             : IntAlu : 
2362500: system.cpu: T0 : 0x1f486    : c_beqz a3, 62              : IntAlu : 
2363000: system.cpu: T0 : 0x1f488    : lbu a3, -6(a5)             : MemRead :  D=0x0000000000000061 A=0x7fffffffffffffe2
2363500: system.cpu: T0 : 0x1f48c    : beq a3, a4, 68             : IntAlu : 
2364000: system.cpu: T0 : 0x1f490    : c_beqz a3, 52              : IntAlu : 
2365000: system.cpu: T0 : 0x1f492    : lbu a3, -5(a5)             : MemRead :  D=0x0000000000000064 A=0x7fffffffffffffe3
2366000: system.cpu: T0 : 0x1f496    : beq a3, a4, 62             : IntAlu : 
2366500: system.cpu: T0 : 0x1f49a    : c_beqz a3, 42              : IntAlu : 
2367000: system.cpu: T0 : 0x1f49c    : lbu a3, -4(a5)             : MemRead :  D=0x0000000000000073 A=0x7fffffffffffffe4
2367500: system.cpu: T0 : 0x1f4a0    : beq a3, a4, 56             : IntAlu : 
2368000: system.cpu: T0 : 0x1f4a4    : c_beqz a3, 32              : IntAlu : 
2369000: system.cpu: T0 : 0x1f4a6    : lbu a3, -3(a5)             : MemRead :  D=0x000000000000002f A=0x7fffffffffffffe5
2370000: system.cpu: T0 : 0x1f4aa    : beq a3, a4, 50             : IntAlu : 
2370500: system.cpu: T0 : 0x1f4dc    : c_addi a0, 5               : IntAlu :  D=0x7fffffffffffffe5
2371000: system.cpu: T0 : 0x1f4de    : c_jr ra                    : IntAlu : 
2371500: system.cpu: T0 : 0x387ba    : c_bnez a0, -14             : IntAlu : 
2372000: system.cpu: T0 : 0x387ac    : addi s0, a0, 1             : IntAlu :  D=0x7fffffffffffffe6
2372500: system.cpu: T0 : 0x387b0    : c_mv s2, a0                : IntAlu :  D=0x7fffffffffffffe5
2373000: system.cpu: T0 : 0x387b2    : c_mv a0, s0                : IntAlu :  D=0x7fffffffffffffe6
2373500: system.cpu: T0 : 0x387b4    : c_mv a1, s1                : IntAlu :  D=0x000000000000002f
2374500: system.cpu: T0 : 0x387b6    : jal ra, -103340            : IntAlu :  D=0x00000000000387ba
2375500: system.cpu: T0 : 0x1f40a    : andi a5, a0, 7             : IntAlu :  D=0x0000000000000006
2376500: system.cpu: T0 : 0x1f40e    : andi a4, a1, 255           : IntAlu :  D=0x000000000000002f
2377000: system.cpu: T0 : 0x1f412    : c_bnez a5, 14              : IntAlu : 
2377500: system.cpu: T0 : 0x1f420    : lbu a5, 0(a0)              : MemRead :  D=0x0000000000000063 A=0x7fffffffffffffe6
2378000: system.cpu: T0 : 0x1f424    : bne a5, a4, -14            : IntAlu : 
2378500: system.cpu: T0 : 0x1f416    : c_addi a0, 1               : IntAlu :  D=0x7fffffffffffffe7
2379000: system.cpu: T0 : 0x1f418    : andi a3, a0, 7             : IntAlu :  D=0x0000000000000007
2379500: system.cpu: T0 : 0x1f41c    : c_beqz a5, 168             : IntAlu : 
2380000: system.cpu: T0 : 0x1f41e    : c_beqz a3, 12              : IntAlu : 
2380500: system.cpu: T0 : 0x1f420    : lbu a5, 0(a0)              : MemRead :  D=0x000000000000006f A=0x7fffffffffffffe7
2381000: system.cpu: T0 : 0x1f424    : bne a5, a4, -14            : IntAlu : 
2381500: system.cpu: T0 : 0x1f416    : c_addi a0, 1               : IntAlu :  D=0x7fffffffffffffe8
2382000: system.cpu: T0 : 0x1f418    : andi a3, a0, 7             : IntAlu :  D=0x0000000000000000
2382500: system.cpu: T0 : 0x1f41c    : c_beqz a5, 168             : IntAlu : 
2383000: system.cpu: T0 : 0x1f41e    : c_beqz a3, 12              : IntAlu : 
2383500: system.cpu: T0 : 0x1f42a    : c_lui a3, 16               : IntAlu :  D=0x0000000000010000
2384000: system.cpu: T0 : 0x1f42c    : slliw a5, a1, 8            : IntAlu :  D=0x0000000000002f00
2384500: system.cpu: T0 : 0x1f430    : c_addi a3, -1              : IntAlu :  D=0x000000000000ffff
2385000: system.cpu: T0 : 0x1f432    : c_and a5, a3               : IntAlu :  D=0x0000000000002f00
2385500: system.cpu: T0 : 0x1f434    : andi a1, a1, 255           : IntAlu :  D=0x000000000000002f
2386000: system.cpu: T0 : 0x1f438    : c_or a1, a5                : IntAlu :  D=0x0000000000002f2f
2386500: system.cpu: T0 : 0x1f43a    : c_addiw a1, 0              : IntAlu :  D=0x0000000000002f2f
2387000: system.cpu: T0 : 0x1f43c    : slli t1, a1, 16            : IntAlu :  D=0x000000002f2f0000
2387500: system.cpu: T0 : 0x1f440    : or a1, t1, a1              : IntAlu :  D=0x000000002f2f2f2f
2388000: system.cpu: T0 : 0x1f444    : ld a6, -2032(gp)           : MemRead :  D=0x7efefefefefefeff A=0x708f0
2388500: system.cpu: T0 : 0x1f448    : slli t1, a1, 32            : IntAlu :  D=0x2f2f2f2f00000000
2389000: system.cpu: T0 : 0x1f44c    : or t1, t1, a1              : IntAlu :  D=0x2f2f2f2f2f2f2f2f
2389500: system.cpu: T0 : 0x1f450    : c_li t3, -1                : IntAlu :  D=0xffffffffffffffff
2390000: system.cpu: T0 : 0x1f452    : c_ld a1, 0(a0)             : MemRead :  D=0xc90073736572706d A=0x7fffffffffffffe8
2390500: system.cpu: T0 : 0x1f454    : addi a5, a0, 8             : IntAlu :  D=0x7ffffffffffffff0
2391000: system.cpu: T0 : 0x1f458    : xor a7, t1, a1             : IntAlu :  D=0xe62f5c5c4a5d5f42
2391500: system.cpu: T0 : 0x1f45c    : add a3, a1, a6             : IntAlu :  D=0x47ff727264716f6c
2392000: system.cpu: T0 : 0x1f460    : add a2, a7, a6             : IntAlu :  D=0x652e5b5b495c5e41
2392500: system.cpu: T0 : 0x1f464    : c_xor a3, a1               : IntAlu :  D=0x8eff010101031f01
2393500: system.cpu: T0 : 0x1f466    : xor a2, a2, a7             : IntAlu :  D=0x8301070703010103
2394000: system.cpu: T0 : 0x1f46a    : c_and a3, a2               : IntAlu :  D=0x8201010101010101
2394500: system.cpu: T0 : 0x1f46c    : or a3, a3, a6              : IntAlu :  D=0xfeffffffffffffff
2395000: system.cpu: T0 : 0x1f470    : beq a3, t3, 88             : IntAlu : 
2395500: system.cpu: T0 : 0x1f474    : lbu a3, -8(a5)             : MemRead :  D=0x000000000000006d A=0x7fffffffffffffe8
2396000: system.cpu: T0 : 0x1f478    : beq a3, a4, -80            : IntAlu : 
2396500: system.cpu: T0 : 0x1f47c    : c_beqz a3, 72              : IntAlu : 
2397500: system.cpu: T0 : 0x1f47e    : lbu a3, -7(a5)             : MemRead :  D=0x0000000000000070 A=0x7fffffffffffffe9
2398500: system.cpu: T0 : 0x1f482    : beq a3, a4, 74             : IntAlu : 
2399000: system.cpu: T0 : 0x1f486    : c_beqz a3, 62              : IntAlu : 
2399500: system.cpu: T0 : 0x1f488    : lbu a3, -6(a5)             : MemRead :  D=0x0000000000000072 A=0x7fffffffffffffea
2400000: system.cpu: T0 : 0x1f48c    : beq a3, a4, 68             : IntAlu : 
2400500: system.cpu: T0 : 0x1f490    : c_beqz a3, 52              : IntAlu : 
2401500: system.cpu: T0 : 0x1f492    : lbu a3, -5(a5)             : MemRead :  D=0x0000000000000065 A=0x7fffffffffffffeb
2402500: system.cpu: T0 : 0x1f496    : beq a3, a4, 62             : IntAlu : 
2403000: system.cpu: T0 : 0x1f49a    : c_beqz a3, 42              : IntAlu : 
2403500: system.cpu: T0 : 0x1f49c    : lbu a3, -4(a5)             : MemRead :  D=0x0000000000000073 A=0x7fffffffffffffec
2404000: system.cpu: T0 : 0x1f4a0    : beq a3, a4, 56             : IntAlu : 
2404500: system.cpu: T0 : 0x1f4a4    : c_beqz a3, 32              : IntAlu : 
2405500: system.cpu: T0 : 0x1f4a6    : lbu a3, -3(a5)             : MemRead :  D=0x0000000000000073 A=0x7fffffffffffffed
2406500: system.cpu: T0 : 0x1f4aa    : beq a3, a4, 50             : IntAlu : 
2407000: system.cpu: T0 : 0x1f4ae    : c_beqz a3, 22              : IntAlu : 
2407500: system.cpu: T0 : 0x1f4b0    : lbu a3, -2(a5)             : MemRead :  D=0x0000000000000000 A=0x7fffffffffffffee
2408000: system.cpu: T0 : 0x1f4b4    : beq a3, a4, 44             : IntAlu : 
2408500: system.cpu: T0 : 0x1f4b8    : c_beqz a3, 12              : IntAlu : 
2409000: system.cpu: T0 : 0x1f4c4    : c_li a0, 0                 : IntAlu :  D=0x0000000000000000
2409500: system.cpu: T0 : 0x1f4c6    : c_jr ra                    : IntAlu : 
2410000: system.cpu: T0 : 0x387ba    : c_bnez a0, -14             : IntAlu : 
2410500: system.cpu: T0 : 0x387bc    : c_ldsp ra, 24(sp)          : MemRead :  D=0x0000000000022628 A=0x7ffffffffffffda8
2411000: system.cpu: T0 : 0x387be    : c_ldsp s0, 16(sp)          : MemRead :  D=0x7fffffffffffff38 A=0x7ffffffffffffda0
2411500: system.cpu: T0 : 0x387c0    : c_ldsp s1, 8(sp)           : MemRead :  D=0x7fffffffffffffd9 A=0x7ffffffffffffd98
2412000: system.cpu: T0 : 0x387c2    : c_mv a0, s2                : IntAlu :  D=0x7fffffffffffffe5
2412500: system.cpu: T0 : 0x387c4    : c_ldsp s2, 0(sp)           : MemRead :  D=0x7fffffffffffff48 A=0x7ffffffffffffd90
2413000: system.cpu: T0 : 0x387c6    : c_addi16sp sp, 32          : IntAlu :  D=0x7ffffffffffffdb0
2413500: system.cpu: T0 : 0x387c8    : c_jr ra                    : IntAlu : 
2414000: system.cpu: T0 : 0x22628    : c_beqz a0, 26              : IntAlu : 
2414500: system.cpu: T0 : 0x2262a    : c_addi a0, 1               : IntAlu :  D=0x7fffffffffffffe6
2415000: system.cpu: T0 : 0x2262c    : sd a0, -1824(gp)           : MemWrite :  D=0x7fffffffffffffe6 A=0x709c0
2415500: system.cpu: T0 : 0x22630    : c_ld a4, 0(s0)             : MemRead :  D=0x7fffffffffffffd9 A=0x7fffffffffffff38
2416500: system.cpu: T0 : 0x22632    : sd a4, -1816(gp)           : MemWrite :  D=0x7fffffffffffffd9 A=0x709c8
2417000: system.cpu: T0 : 0x22636    : c_ldsp ra, 24(sp)          : MemRead :  D=0x000000000002370a A=0x7ffffffffffffdc8
2417500: system.cpu: T0 : 0x22638    : c_ldsp s0, 16(sp)          : MemRead :  D=0x0000000000000001 A=0x7ffffffffffffdc0
2418000: system.cpu: T0 : 0x2263a    : c_ldsp s1, 8(sp)           : MemRead :  D=0x7fffffffffffff38 A=0x7ffffffffffffdb8
2418500: system.cpu: T0 : 0x2263c    : c_addi16sp sp, 32          : IntAlu :  D=0x7ffffffffffffdd0
2419000: system.cpu: T0 : 0x2263e    : c_jr ra                    : IntAlu : 
2419500: system.cpu: T0 : 0x2370a    : c_ldsp s0, 16(sp)          : MemRead :  D=0x00000000000112ea A=0x7ffffffffffffde0
2420000: system.cpu: T0 : 0x2370c    : c_ldsp ra, 24(sp)          : MemRead :  D=0x0000000000010f5e A=0x7ffffffffffffde8
2420500: system.cpu: T0 : 0x2370e    : c_ldsp s1, 8(sp)           : MemRead :  D=0x000000000001137a A=0x7ffffffffffffdd8
2421000: system.cpu: T0 : 0x23710    : c_ldsp s2, 0(sp)           : MemRead :  D=0x0000000000000000 A=0x7ffffffffffffdd0
2421500: system.cpu: T0 : 0x23712    : c_addi16sp sp, 32          : IntAlu :  D=0x7ffffffffffffdf0
2422000: system.cpu: T0 : 0x23714    : jal zero, 35004            : IntAlu :  D=0x0000000000023718
2422500: system.cpu: T0 : 0x2bfd0    : ld a5, 0(tp)               : MemRead :  D=0x00000000000706d0 A=0x73710
2423000: system.cpu: T0 : 0x2bfd4    : c_ld a5, 0(a5)             : MemRead :  D=0x00000000000521a0 A=0x706d0
2423500: system.cpu: T0 : 0x2bfd6    : c_ld a0, 64(a5)            : MemRead :  D=0x00000000000539d0 A=0x521e0
2424000: system.cpu: T0 : 0x2bfd8    : c_ld a2, 72(a5)            : MemRead :  D=0x0000000000052fd0 A=0x521e8
2424500: system.cpu: T0 : 0x2bfda    : c_ld a4, 88(a5)            : MemRead :  D=0x00000000000529d0 A=0x521f8
2425000: system.cpu: T0 : 0x2bfdc    : addi a0, a0, 256           : IntAlu :  D=0x0000000000053ad0
2425500: system.cpu: T0 : 0x2bfe0    : addi a2, a2, 512           : IntAlu :  D=0x00000000000531d0
2426000: system.cpu: T0 : 0x2bfe4    : addi a4, a4, 512           : IntAlu :  D=0x0000000000052bd0
2426500: system.cpu: T0 : 0x2bfe8    : sd a0, 80(tp)              : MemWrite :  D=0x0000000000053ad0 A=0x73760
2427000: system.cpu: T0 : 0x2bfec    : sd a2, 72(tp)              : MemWrite :  D=0x00000000000531d0 A=0x73758
2427500: system.cpu: T0 : 0x2bff0    : sd a4, 64(tp)              : MemWrite :  D=0x0000000000052bd0 A=0x73750
2428000: system.cpu: T0 : 0x2bff4    : c_jr ra                    : IntAlu : 
2428500: system.cpu: T0 : 0x10f5e    : c_beqz s1, 12              : IntAlu : 
2429000: system.cpu: T0 : 0x10f60    : c_li a2, 0                 : IntAlu :  D=0x0000000000000000
2429500: system.cpu: T0 : 0x10f62    : c_li a1, 0                 : IntAlu :  D=0x0000000000000000
2430000: system.cpu: T0 : 0x10f64    : c_mv a0, s1                : IntAlu :  D=0x000000000001137a
2431000: system.cpu: T0 : 0x10f66    : jal ra, 17628              : IntAlu :  D=0x0000000000010f6a
2432000: system.cpu: T0 : 0x15442    : addi a3, gp, -1936         : IntAlu :  D=0x0000000000070950
2432500: system.cpu: T0 : 0x15446    : c_j -204                   : IntAlu : 
2433000: system.cpu: T0 : 0x1537a    : c_addi16sp sp, -64         : IntAlu :  D=0x7ffffffffffffdb0
2433500: system.cpu: T0 : 0x1537c    : c_sdsp ra, 56(sp)          : MemWrite :  D=0x0000000000010f6a A=0x7ffffffffffffde8
2434000: system.cpu: T0 : 0x1537e    : c_sdsp s0, 48(sp)          : MemWrite :  D=0x00000000000112ea A=0x7ffffffffffffde0
2434500: system.cpu: T0 : 0x15380    : c_sdsp s1, 40(sp)          : MemWrite :  D=0x000000000001137a A=0x7ffffffffffffdd8
2435000: system.cpu: T0 : 0x15382    : c_sdsp s2, 32(sp)          : MemWrite :  D=0x0000000000000000 A=0x7ffffffffffffdd0
2435500: system.cpu: T0 : 0x15384    : c_sdsp s3, 24(sp)          : MemWrite :  D=0x0000000000000000 A=0x7ffffffffffffdc8
2436000: system.cpu: T0 : 0x15386    : c_beqz a0, 156             : IntAlu : 
2436500: system.cpu: T0 : 0x15388    : lui s0, 115                : IntAlu :  D=0x0000000000073000
2437000: system.cpu: T0 : 0x1538c    : c_mv s2, a2                : IntAlu :  D=0x0000000000000000
2437500: system.cpu: T0 : 0x1538e    : c_mv s1, a0                : IntAlu :  D=0x000000000001137a
2438000: system.cpu: T0 : 0x15390    : c_mv s3, a1                : IntAlu :  D=0x0000000000000000
2438500: system.cpu: T0 : 0x15392    : c_li a4, 1                 : IntAlu :  D=0x0000000000000001
2439000: system.cpu: T0 : 0x15394    : addi a2, s0, -1600         : IntAlu :  D=0x00000000000729c0
2439500: system.cpu: T0 : 0x15398    : lr_w a5, (a2)             
2439500: system.cpu: T0 : 0x15398. 0 : lr_w a5, (a2)              : MemRead :  D=0x0000000000000000 A=0x729c0
2440000: system.cpu: T0 : 0x1539c    : c_bnez a5, 8               : IntAlu : 
2441000: system.cpu: T0 : 0x1539e    : sc_w_aq a1, a4, (a2)      
2441000: system.cpu: T0 : 0x1539e. 0 : sc_w a1, a4, (a2)          : MemWrite :  D=0x0000000000000000 A=0x729c0
2441500: system.cpu: T0 : 0x1539e. 1 : 0x1ce625af fence           : No_OpClass : 
2442000: system.cpu: T0 : 0x153a2    : c_bnez a1, -10             : IntAlu : 
2442500: system.cpu: T0 : 0x153a4    : c_addiw a5, 0              : IntAlu :  D=0x0000000000000000
2443000: system.cpu: T0 : 0x153a6    : c_bnez a5, 64              : IntAlu : 
2443500: system.cpu: T0 : 0x153a8    : c_mv a0, a3                : IntAlu :  D=0x0000000000070950
2444500: system.cpu: T0 : 0x153aa    : jal ra, -242               : IntAlu :  D=0x00000000000153ae
2445000: system.cpu: T0 : 0x152b8    : lbu a5, -1476(gp)          : MemRead :  D=0x0000000000000000 A=0x70b1c
2445500: system.cpu: T0 : 0x152bc    : c_bnez a5, 186             : IntAlu : 
2446000: system.cpu: T0 : 0x152be    : c_addi sp, -32             : IntAlu :  D=0x7ffffffffffffd90
2446500: system.cpu: T0 : 0x152c0    : c_sdsp s1, 8(sp)           : MemWrite :  D=0x000000000001137a A=0x7ffffffffffffd98
2447000: system.cpu: T0 : 0x152c2    : c_ld s1, 0(a0)             : MemRead :  D=0x0000000000071230 A=0x70950
2447500: system.cpu: T0 : 0x152c4    : c_sdsp s0, 16(sp)          : MemWrite :  D=0x0000000000073000 A=0x7ffffffffffffda0
2448000: system.cpu: T0 : 0x152c6    : c_sdsp ra, 24(sp)          : MemWrite :  D=0x00000000000153ae A=0x7ffffffffffffda8
2448500: system.cpu: T0 : 0x152c8    : c_mv s0, a0                : IntAlu :  D=0x0000000000070950
2449000: system.cpu: T0 : 0x152ca    : c_beqz s1, 140             : IntAlu : 
2449500: system.cpu: T0 : 0x152cc    : c_mv a1, s1                : IntAlu :  D=0x0000000000071230
2450000: system.cpu: T0 : 0x152ce    : c_li a6, 0                 : IntAlu :  D=0x0000000000000000
2450500: system.cpu: T0 : 0x152d0    : c_ld a4, 8(a1)             : MemRead :  D=0x0000000000000000 A=0x71238
2451500: system.cpu: T0 : 0x152d2    : slli a5, a4, 5             : IntAlu :  D=0x0000000000000000
2452000: system.cpu: T0 : 0x152d6    : c_add a5, a1               : IntAlu :  D=0x0000000000071230
2452500: system.cpu: T0 : 0x152d8    : c_beqz a4, 18              : IntAlu : 
2453000: system.cpu: T0 : 0x152ea    : c_ld a5, 0(a1)             : MemRead :  D=0x0000000000000000 A=0x71230
2453500: system.cpu: T0 : 0x152ec    : sd zero, 8(a1)             : MemWrite :  D=0x0000000000000000 A=0x71238
2454000: system.cpu: T0 : 0x152f0    : c_mv a6, a1                : IntAlu :  D=0x0000000000071230
2454500: system.cpu: T0 : 0x152f2    : c_beqz a5, 78              : IntAlu : 
2455000: system.cpu: T0 : 0x15340    : c_li a5, 1                 : IntAlu :  D=0x0000000000000001
2456000: system.cpu: T0 : 0x15342    : addi a0, a1, 16            : IntAlu :  D=0x0000000000071240
2456500: system.cpu: T0 : 0x15346    : c_sd a5, 8(a1)             : MemWrite :  D=0x0000000000000001 A=0x71238
2457000: system.cpu: T0 : 0x15348    : c_j -60                    : IntAlu : 
2457500: system.cpu: T0 : 0x1530c    : lui a4, 115                : IntAlu :  D=0x0000000000073000
2458000: system.cpu: T0 : 0x15310    : ld a5, -1592(a4)           : MemRead :  D=0x0000000000000000 A=0x729c8
2458500: system.cpu: T0 : 0x15314    : c_ldsp ra, 24(sp)          : MemRead :  D=0x00000000000153ae A=0x7ffffffffffffda8
2459000: system.cpu: T0 : 0x15316    : c_ldsp s0, 16(sp)          : MemRead :  D=0x0000000000073000 A=0x7ffffffffffffda0
2459500: system.cpu: T0 : 0x15318    : c_li a3, 1                 : IntAlu :  D=0x0000000000000001
2460000: system.cpu: T0 : 0x1531a    : c_sd a3, 0(a0)             : MemWrite :  D=0x0000000000000001 A=0x71240
2460500: system.cpu: T0 : 0x1531c    : c_addi a5, 1               : IntAlu :  D=0x0000000000000001
2461500: system.cpu: T0 : 0x1531e    : sd a5, -1592(a4)           : MemWrite :  D=0x0000000000000001 A=0x729c8
2462000: system.cpu: T0 : 0x15322    : c_ldsp s1, 8(sp)           : MemRead :  D=0x000000000001137a A=0x7ffffffffffffd98
2462500: system.cpu: T0 : 0x15324    : c_addi16sp sp, 32          : IntAlu :  D=0x7ffffffffffffdb0
2463000: system.cpu: T0 : 0x15326    : c_jr ra                    : IntAlu : 
2463500: system.cpu: T0 : 0x153ae    : c_beqz a0, 70              : IntAlu : 
2464000: system.cpu: T0 : 0x153b0    : c_li a5, 4                 : IntAlu :  D=0x0000000000000004
2464500: system.cpu: T0 : 0x153b2    : c_sd a5, 0(a0)             : MemWrite :  D=0x0000000000000004 A=0x71240
2465000: system.cpu: T0 : 0x153b4    : c_sd s1, 8(a0)             : MemWrite :  D=0x000000000001137a A=0x71248
2466000: system.cpu: T0 : 0x153b6    : sd s3, 16(a0)              : MemWrite :  D=0x0000000000000000 A=0x71250
2467000: system.cpu: T0 : 0x153ba    : sd s2, 24(a0)              : MemWrite :  D=0x0000000000000000 A=0x71258
2467500: system.cpu: T0 : 0x153be    : c_li a5, 0                 : IntAlu :  D=0x0000000000000000
2468000: system.cpu: T0 : 0x153c0    : addi a4, s0, -1600         : IntAlu :  D=0x00000000000729c0
2468500: system.cpu: T0 : 0x153c4    : fence iorw, ow             : No_OpClass : 
2469000: system.cpu: T0 : 0x153c8    : amoswap_w a5, a5, (a4)    
2469000: system.cpu: T0 : 0x153c8. 0 : amoswap_w[l] a5, a5, (a4)  : MemRead :  D=0x0000000000000001 A=0x729c0
2469500: system.cpu: T0 : 0x153cc    : c_addiw a5, 0              : IntAlu :  D=0x0000000000000001
2470000: system.cpu: T0 : 0x153ce    : c_li a3, 1                 : IntAlu :  D=0x0000000000000001
2470500: system.cpu: T0 : 0x153d0    : c_li a4, 0                 : IntAlu :  D=0x0000000000000000
2471500: system.cpu: T0 : 0x153d2    : blt a3, a5, 58             : IntAlu : 
2472000: system.cpu: T0 : 0x153d6    : c_ldsp ra, 56(sp)          : MemRead :  D=0x0000000000010f6a A=0x7ffffffffffffde8
2472500: system.cpu: T0 : 0x153d8    : c_ldsp s0, 48(sp)          : MemRead :  D=0x00000000000112ea A=0x7ffffffffffffde0
2473000: system.cpu: T0 : 0x153da    : c_ldsp s1, 40(sp)          : MemRead :  D=0x000000000001137a A=0x7ffffffffffffdd8
2473500: system.cpu: T0 : 0x153dc    : c_ldsp s2, 32(sp)          : MemRead :  D=0x0000000000000000 A=0x7ffffffffffffdd0
2474000: system.cpu: T0 : 0x153de    : c_ldsp s3, 24(sp)          : MemRead :  D=0x0000000000000000 A=0x7ffffffffffffdc8
2474500: system.cpu: T0 : 0x153e0    : c_mv a0, a4                : IntAlu :  D=0x0000000000000000
2475000: system.cpu: T0 : 0x153e2    : c_addi16sp sp, 64          : IntAlu :  D=0x7ffffffffffffdf0
2475500: system.cpu: T0 : 0x153e4    : c_jr ra                    : IntAlu : 
2476500: system.cpu: T0 : 0x10f6a    : lui a5, 111                : IntAlu :  D=0x000000000006f000
2477500: system.cpu: T0 : 0x10f6e    : lw a5, -72(a5)             : MemRead :  D=0x0000000000000000 A=0x6efb8
2478500: system.cpu: T0 : 0x10f72    : bne a5, zero, 238          : IntAlu : 
2479000: system.cpu: T0 : 0x10f76    : c_beqz s0, 12              : IntAlu : 
2479500: system.cpu: T0 : 0x10f78    : ld a2, -1360(gp)           : MemRead :  D=0x7fffffffffffff48 A=0x70b90
2480000: system.cpu: T0 : 0x10f7c    : c_ldsp a1, 16(sp)          : MemRead :  D=0x7fffffffffffff38 A=0x7ffffffffffffe00
2480500: system.cpu: T0 : 0x10f7e    : c_ldsp a0, 8(sp)           : MemRead :  D=0x0000000000000001 A=0x7ffffffffffffdf8
2481000: system.cpu: T0 : 0x10f80    : c_jalr s0                  : IntAlu :  D=0x0000000000010f82
2481500: system.cpu: T0 : 0x112ea    : c_addi16sp sp, -64         : IntAlu :  D=0x7ffffffffffffdb0
2482000: system.cpu: T0 : 0x112ec    : c_sdsp s0, 48(sp)          : MemWrite :  D=0x00000000000112ea A=0x7ffffffffffffde0
2482500: system.cpu: T0 : 0x112ee    : c_sdsp s5, 8(sp)           : MemWrite :  D=0x0000000000000000 A=0x7ffffffffffffdb8
2483000: system.cpu: T0 : 0x112f0    : lui s0, 111                : IntAlu :  D=0x000000000006f000
2483500: system.cpu: T0 : 0x112f4    : lui s5, 111                : IntAlu :  D=0x000000000006f000
2484000: system.cpu: T0 : 0x112f8    : addi a5, s0, -1296         : IntAlu :  D=0x000000000006eaf0
2484500: system.cpu: T0 : 0x112fc    : addi s5, s5, -1288         : IntAlu :  D=0x000000000006eaf8
2485000: system.cpu: T0 : 0x11300    : sub s5, s5, a5             : IntAlu :  D=0x0000000000000008
2485500: system.cpu: T0 : 0x11304    : c_sdsp s2, 32(sp)          : MemWrite :  D=0x0000000000000000 A=0x7ffffffffffffdd0
2486000: system.cpu: T0 : 0x11306    : c_sdsp s3, 24(sp)          : MemWrite :  D=0x0000000000000000 A=0x7ffffffffffffdc8
2486500: system.cpu: T0 : 0x11308    : c_sdsp s4, 16(sp)          : MemWrite :  D=0x0000000000000000 A=0x7ffffffffffffdc0
2487000: system.cpu: T0 : 0x1130a    : c_sdsp ra, 56(sp)          : MemWrite :  D=0x0000000000010f82 A=0x7ffffffffffffde8
2487500: system.cpu: T0 : 0x1130c    : c_sdsp s1, 40(sp)          : MemWrite :  D=0x000000000001137a A=0x7ffffffffffffdd8
2488500: system.cpu: T0 : 0x1130e    : srai s5, s5, 3             : IntAlu :  D=0x0000000000000001
2489000: system.cpu: T0 : 0x11312    : c_mv s2, a0                : IntAlu :  D=0x0000000000000001
2489500: system.cpu: T0 : 0x11314    : c_mv s3, a1                : IntAlu :  D=0x7fffffffffffff38
2490000: system.cpu: T0 : 0x11316    : c_mv s4, a2                : IntAlu :  D=0x7fffffffffffff48
2490500: system.cpu: T0 : 0x11318    : beq s5, zero, 28           : IntAlu : 
2491000: system.cpu: T0 : 0x1131c    : addi s0, s0, -1296         : IntAlu :  D=0x000000000006eaf0
2491500: system.cpu: T0 : 0x11320    : c_li s1, 0                 : IntAlu :  D=0x0000000000000000
2492000: system.cpu: T0 : 0x11322    : c_ld a5, 0(s0)             : MemRead :  D=0x0000000000010376 A=0x6eaf0
2492500: system.cpu: T0 : 0x11324    : c_mv a2, s4                : IntAlu :  D=0x7fffffffffffff48
2493000: system.cpu: T0 : 0x11326    : c_mv a1, s3                : IntAlu :  D=0x7fffffffffffff38
2493500: system.cpu: T0 : 0x11328    : c_mv a0, s2                : IntAlu :  D=0x0000000000000001
2494000: system.cpu: T0 : 0x1132a    : c_addi s1, 1               : IntAlu :  D=0x0000000000000001
2494500: system.cpu: T0 : 0x1132c    : c_jalr a5                  : IntAlu :  D=0x000000000001132e
2495500: system.cpu: T0 : 0x10376    : auipc gp, 97               : IntAlu :  D=0x0000000000071376
2496500: system.cpu: T0 : 0x1037a    : addi gp, gp, -662          : IntAlu :  D=0x00000000000710e0
2497000: system.cpu: T0 : 0x1037e    : c_jr ra                    : IntAlu : 
2497500: system.cpu: T0 : 0x1132e    : c_addi s0, 8               : IntAlu :  D=0x000000000006eaf8
2498000: system.cpu: T0 : 0x11330    : bne s5, s1, -14            : IntAlu : 
2498500: system.cpu: T0 : 0x11334    : lui s0, 111                : IntAlu :  D=0x000000000006f000
2499000: system.cpu: T0 : 0x11338    : lui s5, 111                : IntAlu :  D=0x000000000006f000
2499500: system.cpu: T0 : 0x1133c    : addi a5, s0, -1288         : IntAlu :  D=0x000000000006eaf8
2500000: system.cpu: T0 : 0x11340    : addi s5, s5, -1280         : IntAlu :  D=0x000000000006eb00
2500500: system.cpu: T0 : 0x11344    : sub s5, s5, a5             : IntAlu :  D=0x0000000000000008
2501000: system.cpu: T0 : 0x11348    : srai s5, s5, 3             : IntAlu :  D=0x0000000000000001
2501500: system.cpu: T0 : 0x1134c    : beq s5, zero, 28           : IntAlu : 
2502000: system.cpu: T0 : 0x11350    : addi s0, s0, -1288         : IntAlu :  D=0x000000000006eaf8
2502500: system.cpu: T0 : 0x11354    : c_li s1, 0                 : IntAlu :  D=0x0000000000000000
2503000: system.cpu: T0 : 0x11356    : c_ld a5, 0(s0)             : MemRead :  D=0x000000000001040a A=0x6eaf8
2503500: system.cpu: T0 : 0x11358    : c_mv a2, s4                : IntAlu :  D=0x7fffffffffffff48
2504000: system.cpu: T0 : 0x1135a    : c_mv a1, s3                : IntAlu :  D=0x7fffffffffffff38
2504500: system.cpu: T0 : 0x1135c    : c_mv a0, s2                : IntAlu :  D=0x0000000000000001
2505000: system.cpu: T0 : 0x1135e    : c_addi s1, 1               : IntAlu :  D=0x0000000000000001
2505500: system.cpu: T0 : 0x11360    : c_jalr a5                  : IntAlu :  D=0x0000000000011362
2506500: system.cpu: T0 : 0x1040a    : lui a5, 77                 : IntAlu :  D=0x000000000004d000
2507500: system.cpu: T0 : 0x1040e    : addi a5, a5, -564          : IntAlu :  D=0x000000000004cdcc
2508000: system.cpu: T0 : 0x10412    : c_beqz a5, 28              : IntAlu : 
2508500: system.cpu: T0 : 0x10414    : lui a0, 107                : IntAlu :  D=0x000000000006b000
2509000: system.cpu: T0 : 0x10418    : c_addi sp, -16             : IntAlu :  D=0x7ffffffffffffda0
2510000: system.cpu: T0 : 0x1041a    : addi a1, gp, -1008         : IntAlu :  D=0x0000000000070cf0
2511000: system.cpu: T0 : 0x1041e    : addi a0, a0, -1312         : IntAlu :  D=0x000000000006aae0
2511500: system.cpu: T0 : 0x10422    : c_sdsp ra, 8(sp)           : MemWrite :  D=0x0000000000011362 A=0x7ffffffffffffda8
2512000: system.cpu: T0 : 0x10424    : jal ra, 248232             : IntAlu :  D=0x0000000000010428
2512500: system.cpu: T0 : 0x4cdcc    : c_beqz a0, 12              : IntAlu : 
2513000: system.cpu: T0 : 0x4cdce    : c_lw a5, 0(a0)             : MemRead :  D=0x000000000000001c A=0x6aae0
2513500: system.cpu: T0 : 0x4cdd0    : c_beqz a5, 8               : IntAlu : 
2514000: system.cpu: T0 : 0x4cdd2    : c_li a3, 0                 : IntAlu :  D=0x0000000000000000
2514500: system.cpu: T0 : 0x4cdd4    : c_li a2, 0                 : IntAlu :  D=0x0000000000000000
2515000: system.cpu: T0 : 0x4cdd6    : c_j -144                   : IntAlu : 
2515500: system.cpu: T0 : 0x4cd46    : c_li a5, -1                : IntAlu :  D=0xffffffffffffffff
2516000: system.cpu: T0 : 0x4cd48    : c_addi sp, -32             : IntAlu :  D=0x7ffffffffffffd80
2516500: system.cpu: T0 : 0x4cd4a    : c_sd a5, 0(a1)             : MemWrite :  D=0xffffffffffffffff A=0x70cf0
2517000: system.cpu: T0 : 0x4cd4c    : addi a5, zero, 2040        : IntAlu :  D=0x00000000000007f8
2517500: system.cpu: T0 : 0x4cd50    : c_sdsp s0, 16(sp)          : MemWrite :  D=0x000000000006eaf8 A=0x7ffffffffffffd90
2518000: system.cpu: T0 : 0x4cd52    : c_sdsp s1, 8(sp)           : MemWrite :  D=0x0000000000000001 A=0x7ffffffffffffd88
2518500: system.cpu: T0 : 0x4cd54    : c_sdsp ra, 24(sp)          : MemWrite :  D=0x0000000000010428 A=0x7ffffffffffffd98
2519000: system.cpu: T0 : 0x4cd56    : c_sd a2, 8(a1)             : MemWrite :  D=0x0000000000000000 A=0x70cf8
2519500: system.cpu: T0 : 0x4cd58    : c_sd a3, 16(a1)            : MemWrite :  D=0x0000000000000000 A=0x70d00
2520000: system.cpu: T0 : 0x4cd5a    : c_sd a0, 24(a1)            : MemWrite :  D=0x000000000006aae0 A=0x70d08
2520500: system.cpu: T0 : 0x4cd5c    : c_sd a5, 32(a1)            : MemWrite :  D=0x00000000000007f8 A=0x70d10
2521500: system.cpu: T0 : 0x4cd5e    : auipc s1, 36               : IntAlu :  D=0x0000000000070d5e
2522500: system.cpu: T0 : 0x4cd62    : ld s1, -1270(s1)           : MemRead :  D=0x0000000000000000 A=0x70868
2523000: system.cpu: T0 : 0x4cd66    : c_mv s0, a1                : IntAlu :  D=0x0000000000070cf0
2523500: system.cpu: T0 : 0x4cd68    : c_beqz s1, 20              : IntAlu : 
2524000: system.cpu: T0 : 0x4cd7c    : addi a5, gp, 1936          : IntAlu :  D=0x0000000000071870
2524500: system.cpu: T0 : 0x4cd80    : ld a3, 448(a5)             : MemRead :  D=0x0000000000000000 A=0x71a30
2525000: system.cpu: T0 : 0x4cd84    : lw a4, 456(a5)             : MemRead :  D=0x0000000000000000 A=0x71a38
2525500: system.cpu: T0 : 0x4cd88    : sd s0, 448(a5)             : MemWrite :  D=0x0000000000070cf0 A=0x71a30
2526000: system.cpu: T0 : 0x4cd8c    : c_sd a3, 40(s0)            : MemWrite :  D=0x0000000000000000 A=0x70d18
2526500: system.cpu: T0 : 0x4cd8e    : c_beqz a4, 30              : IntAlu : 
2527000: system.cpu: T0 : 0x4cdac    : c_li a4, 1                 : IntAlu :  D=0x0000000000000001
2528000: system.cpu: T0 : 0x4cdae    : addi a5, a5, 456           : IntAlu :  D=0x0000000000071a38
2529000: system.cpu: T0 : 0x4cdb2    : amoswap_w zero, a4, (a5)  
2529000: system.cpu: T0 : 0x4cdb2. 0 : amoswap_w[l] zero, a4, (a5) : MemRead :  D=0x0000000000000000 A=0x71a38
2529500: system.cpu: T0 : 0x4cdb6    : c_bnez s1, -36             : IntAlu : 
2530000: system.cpu: T0 : 0x4cdb8    : c_ldsp ra, 24(sp)          : MemRead :  D=0x0000000000010428 A=0x7ffffffffffffd98
2530500: system.cpu: T0 : 0x4cdba    : c_ldsp s0, 16(sp)          : MemRead :  D=0x000000000006eaf8 A=0x7ffffffffffffd90
2531000: system.cpu: T0 : 0x4cdbc    : c_ldsp s1, 8(sp)           : MemRead :  D=0x0000000000000001 A=0x7ffffffffffffd88
2531500: system.cpu: T0 : 0x4cdbe    : c_addi16sp sp, 32          : IntAlu :  D=0x7ffffffffffffda0
2532000: system.cpu: T0 : 0x4cdc0    : c_jr ra                    : IntAlu : 
2532500: system.cpu: T0 : 0x10428    : c_ldsp ra, 8(sp)           : MemRead :  D=0x0000000000011362 A=0x7ffffffffffffda8
2533000: system.cpu: T0 : 0x1042a    : c_addi sp, 16              : IntAlu :  D=0x7ffffffffffffdb0
2533500: system.cpu: T0 : 0x1042c    : c_j -134                   : IntAlu : 
2534500: system.cpu: T0 : 0x103a6    : lui a0, 113                : IntAlu :  D=0x0000000000071000
2535500: system.cpu: T0 : 0x103aa    : addi a1, a0, -1976         : IntAlu :  D=0x0000000000070848
2536500: system.cpu: T0 : 0x103ae    : lui a5, 113                : IntAlu :  D=0x0000000000071000
2537500: system.cpu: T0 : 0x103b2    : addi a5, a5, -1976         : IntAlu :  D=0x0000000000070848
2538000: system.cpu: T0 : 0x103b6    : c_sub a5, a1               : IntAlu :  D=0x0000000000000000
2538500: system.cpu: T0 : 0x103b8    : srai a4, a5, 3             : IntAlu :  D=0x0000000000000000
2539000: system.cpu: T0 : 0x103bc    : srli a1, a5, 63            : IntAlu :  D=0x0000000000000000
2539500: system.cpu: T0 : 0x103c0    : c_add a1, a4               : IntAlu :  D=0x0000000000000000
2540000: system.cpu: T0 : 0x103c2    : c_srai a1, 1               : IntAlu :  D=0x0000000000000000
2540500: system.cpu: T0 : 0x103c4    : c_beqz a1, 16              : IntAlu : 
2541000: system.cpu: T0 : 0x103d4    : c_jr ra                    : IntAlu : 
2541500: system.cpu: T0 : 0x11362    : c_addi s0, 8               : IntAlu :  D=0x000000000006eb00
2542000: system.cpu: T0 : 0x11364    : bne s5, s1, -14            : IntAlu : 
2542500: system.cpu: T0 : 0x11368    : c_ldsp ra, 56(sp)          : MemRead :  D=0x0000000000010f82 A=0x7ffffffffffffde8
2543000: system.cpu: T0 : 0x1136a    : c_ldsp s0, 48(sp)          : MemRead :  D=0x00000000000112ea A=0x7ffffffffffffde0
2543500: system.cpu: T0 : 0x1136c    : c_ldsp s1, 40(sp)          : MemRead :  D=0x000000000001137a A=0x7ffffffffffffdd8
2544000: system.cpu: T0 : 0x1136e    : c_ldsp s2, 32(sp)          : MemRead :  D=0x0000000000000000 A=0x7ffffffffffffdd0
2544500: system.cpu: T0 : 0x11370    : c_ldsp s3, 24(sp)          : MemRead :  D=0x0000000000000000 A=0x7ffffffffffffdc8
2545000: system.cpu: T0 : 0x11372    : c_ldsp s4, 16(sp)          : MemRead :  D=0x0000000000000000 A=0x7ffffffffffffdc0
2545500: system.cpu: T0 : 0x11374    : c_ldsp s5, 8(sp)           : MemRead :  D=0x0000000000000000 A=0x7ffffffffffffdb8
2546000: system.cpu: T0 : 0x11376    : c_addi16sp sp, 64          : IntAlu :  D=0x7ffffffffffffdf0
2546500: system.cpu: T0 : 0x11378    : c_jr ra                    : IntAlu : 
2547000: system.cpu: T0 : 0x10f82    : c_li a1, 0                 : IntAlu :  D=0x0000000000000000
2547500: system.cpu: T0 : 0x10f84    : c_li a0, 0                 : IntAlu :  D=0x0000000000000000
2548500: system.cpu: T0 : 0x10f86    : jal ra, 71456              : IntAlu :  D=0x0000000000010f8a
2549000: system.cpu: T0 : 0x226a6    : c_mv a4, a0                : IntAlu :  D=0x0000000000000000
2549500: system.cpu: T0 : 0x226a8    : c_beqz a1, 70              : IntAlu : 
2550500: system.cpu: T0 : 0x226ee    : lui a5, 115                : IntAlu :  D=0x0000000000073000
2551500: system.cpu: T0 : 0x226f2    : addi a0, a5, -1584         : IntAlu :  D=0x00000000000729d0
2552000: system.cpu: T0 : 0x226f6    : c_ld a5, 8(a0)             : MemRead :  D=0x0000000000000000 A=0x729d8
2552500: system.cpu: T0 : 0x226f8    : c_bnez a5, -52             : IntAlu : 
2553000: system.cpu: T0 : 0x226fa    : c_li a5, 1                 : IntAlu :  D=0x0000000000000001
2553500: system.cpu: T0 : 0x226fc    : c_sw a5, 0(a0)             : MemWrite :  D=0x0000000000000001 A=0x729d0
2554000: system.cpu: T0 : 0x226fe    : c_bnez a4, -52             : IntAlu : 
2554500: system.cpu: T0 : 0x22700    : lui a5, 115                : IntAlu :  D=0x0000000000073000
2555000: system.cpu: T0 : 0x22704    : ld a4, -1552(a5)           : MemRead :  D=0x0000000000000000 A=0x729f0
2555500: system.cpu: T0 : 0x22708    : c_j -62                    : IntAlu : 
2556500: system.cpu: T0 : 0x226ca    : slli a5, a1, 3             : IntAlu :  D=0x0000000000000000
2557000: system.cpu: T0 : 0x226ce    : c_add a5, a1               : IntAlu :  D=0x0000000000000000
2557500: system.cpu: T0 : 0x226d0    : lui a1, 112                : IntAlu :  D=0x0000000000070000
2558000: system.cpu: T0 : 0x226d4    : c_slli a5, 4               : IntAlu :  D=0x0000000000000000
2559000: system.cpu: T0 : 0x226d6    : addi a1, a1, 904           : IntAlu :  D=0x0000000000070388
2559500: system.cpu: T0 : 0x226da    : c_add a1, a5               : IntAlu :  D=0x0000000000070388
2560000: system.cpu: T0 : 0x226dc    : c_ld a5, 0(a1)             : MemRead :  D=0x000000000006feb8 A=0x70388
2560500: system.cpu: T0 : 0x226de    : c_sd a4, 32(a0)            : MemWrite :  D=0x0000000000000000 A=0x729f0
2561000: system.cpu: T0 : 0x226e0    : c_sd a5, 8(a0)             : MemWrite :  D=0x000000000006feb8 A=0x729d8
2562000: system.cpu: T0 : 0x226e2    : lui a5, 34                 : IntAlu :  D=0x0000000000022000
2563000: system.cpu: T0 : 0x226e6    : addi a5, a5, 1700          : IntAlu :  D=0x00000000000226a4
2563500: system.cpu: T0 : 0x226ea    : c_sd a5, 16(a0)            : MemWrite :  D=0x00000000000226a4 A=0x729e0
2564000: system.cpu: T0 : 0x226ec    : c_jr ra                    : IntAlu : 
2564500: system.cpu: T0 : 0x10f8a    : c_addi4spn a0, sp, 40      : IntAlu :  D=0x7ffffffffffffe18
2565000: system.cpu: T0 : 0x10f8c    : jal ra, 14940              : IntAlu :  D=0x0000000000010f90
2565500: system.cpu: T0 : 0x149e8    : c_li a1, 0                 : IntAlu :  D=0x0000000000000000
2566000: system.cpu: T0 : 0x149ea    : c_j 6                      : IntAlu : 
2566500: system.cpu: T0 : 0x149f0    : sd ra, 0(a0)               : MemWrite :  D=0x0000000000010f90 A=0x7ffffffffffffe18
2567000: system.cpu: T0 : 0x149f4    : c_sd s0, 8(a0)             : MemWrite :  D=0x00000000000112ea A=0x7ffffffffffffe20
2567500: system.cpu: T0 : 0x149f6    : c_sd s1, 16(a0)            : MemWrite :  D=0x000000000001137a A=0x7ffffffffffffe28
2568000: system.cpu: T0 : 0x149f8    : sd s2, 24(a0)              : MemWrite :  D=0x0000000000000000 A=0x7ffffffffffffe30
2568500: system.cpu: T0 : 0x149fc    : sd s3, 32(a0)              : MemWrite :  D=0x0000000000000000 A=0x7ffffffffffffe38
2569000: system.cpu: T0 : 0x14a00    : sd s4, 40(a0)              : MemWrite :  D=0x0000000000000000 A=0x7ffffffffffffe40
2569500: system.cpu: T0 : 0x14a04    : sd s5, 48(a0)              : MemWrite :  D=0x0000000000000000 A=0x7ffffffffffffe48
2570000: system.cpu: T0 : 0x14a08    : sd s6, 56(a0)              : MemWrite :  D=0x0000000000000000 A=0x7ffffffffffffe50
2570500: system.cpu: T0 : 0x14a0c    : sd s7, 64(a0)              : MemWrite :  D=0x0000000000000000 A=0x7ffffffffffffe58
2571000: system.cpu: T0 : 0x14a10    : sd s8, 72(a0)              : MemWrite :  D=0x0000000000000000 A=0x7ffffffffffffe60
2571500: system.cpu: T0 : 0x14a14    : sd s9, 80(a0)              : MemWrite :  D=0x0000000000000000 A=0x7ffffffffffffe68
2572000: system.cpu: T0 : 0x14a18    : sd s10, 88(a0)             : MemWrite :  D=0x0000000000000000 A=0x7ffffffffffffe70
2572500: system.cpu: T0 : 0x14a1c    : sd s11, 96(a0)             : MemWrite :  D=0x0000000000000000 A=0x7ffffffffffffe78
2573000: system.cpu: T0 : 0x14a20    : sd sp, 104(a0)             : MemWrite :  D=0x7ffffffffffffdf0 A=0x7ffffffffffffe80
2573500: system.cpu: T0 : 0x14a24    : c_fsd fs0, 112(a0)         : FloatMemWrite :  D=0x0000000000000000 A=0x7ffffffffffffe88
2574000: system.cpu: T0 : 0x14a26    : c_fsd fs1, 120(a0)         : FloatMemWrite :  D=0x0000000000000000 A=0x7ffffffffffffe90
2574500: system.cpu: T0 : 0x14a28    : fsd fs2, 128(a0)           : FloatMemWrite :  D=0x0000000000000000 A=0x7ffffffffffffe98
2575000: system.cpu: T0 : 0x14a2c    : fsd fs3, 136(a0)           : FloatMemWrite :  D=0x0000000000000000 A=0x7ffffffffffffea0
2575500: system.cpu: T0 : 0x14a30    : fsd fs4, 144(a0)           : FloatMemWrite :  D=0x0000000000000000 A=0x7ffffffffffffea8
2576000: system.cpu: T0 : 0x14a34    : fsd fs5, 152(a0)           : FloatMemWrite :  D=0x0000000000000000 A=0x7ffffffffffffeb0
2576500: system.cpu: T0 : 0x14a38    : fsd fs6, 160(a0)           : FloatMemWrite :  D=0x0000000000000000 A=0x7ffffffffffffeb8
2577000: system.cpu: T0 : 0x14a3c    : fsd fs7, 168(a0)           : FloatMemWrite :  D=0x0000000000000000 A=0x7ffffffffffffec0
2577500: system.cpu: T0 : 0x14a40    : fsd fs8, 176(a0)           : FloatMemWrite :  D=0x0000000000000000 A=0x7ffffffffffffec8
2578000: system.cpu: T0 : 0x14a44    : fsd fs9, 184(a0)           : FloatMemWrite :  D=0x0000000000000000 A=0x7ffffffffffffed0
2578500: system.cpu: T0 : 0x14a48    : fsd fs10, 192(a0)          : FloatMemWrite :  D=0x0000000000000000 A=0x7ffffffffffffed8
2579000: system.cpu: T0 : 0x14a4c    : fsd fs11, 200(a0)          : FloatMemWrite :  D=0x0000000000000000 A=0x7ffffffffffffee0
2579500: system.cpu: T0 : 0x14a50    : jal zero, 4                : IntAlu :  D=0x0000000000014a54
2580000: system.cpu: T0 : 0x14a54    : c_addi sp, -16             : IntAlu :  D=0x7ffffffffffffde0
2580500: system.cpu: T0 : 0x14a56    : c_sdsp s0, 0(sp)           : MemWrite :  D=0x00000000000112ea A=0x7ffffffffffffde0
2581000: system.cpu: T0 : 0x14a58    : c_sdsp ra, 8(sp)           : MemWrite :  D=0x0000000000010f90 A=0x7ffffffffffffde8
2581500: system.cpu: T0 : 0x14a5a    : c_mv s0, a0                : IntAlu :  D=0x7ffffffffffffe18
2582000: system.cpu: T0 : 0x14a5c    : c_bnez a1, 16              : IntAlu : 
2582500: system.cpu: T0 : 0x14a5e    : c_ldsp ra, 8(sp)           : MemRead :  D=0x0000000000010f90 A=0x7ffffffffffffde8
2583000: system.cpu: T0 : 0x14a60    : sw a1, 208(s0)             : MemWrite :  D=0x0000000000000000 A=0x7ffffffffffffee8
2583500: system.cpu: T0 : 0x14a64    : c_ldsp s0, 0(sp)           : MemRead :  D=0x00000000000112ea A=0x7ffffffffffffde0
2584000: system.cpu: T0 : 0x14a66    : c_li a0, 0                 : IntAlu :  D=0x0000000000000000
2584500: system.cpu: T0 : 0x14a68    : c_addi sp, 16              : IntAlu :  D=0x7ffffffffffffdf0
2585000: system.cpu: T0 : 0x14a6a    : c_jr ra                    : IntAlu : 
2585500: system.cpu: T0 : 0x10f90    : c_bnez a0, 166             : IntAlu : 
2586500: system.cpu: T0 : 0x10f92    : ld a3, -1552(tp)           : MemRead :  D=0x0000000000000000 A=0x73100
2587500: system.cpu: T0 : 0x10f96    : ld a4, -1560(tp)           : MemRead :  D=0x0000000000000000 A=0x730f8
2588500: system.cpu: T0 : 0x10f9a    : ld a2, -1360(gp)           : MemRead :  D=0x7fffffffffffff48 A=0x70b90
2589000: system.cpu: T0 : 0x10f9e    : c_ldsp a1, 16(sp)          : MemRead :  D=0x7fffffffffffff38 A=0x7ffffffffffffe00
2589500: system.cpu: T0 : 0x10fa0    : c_ldsp a0, 8(sp)           : MemRead :  D=0x0000000000000001 A=0x7ffffffffffffdf8
2590000: system.cpu: T0 : 0x10fa2    : c_ldsp a5, 24(sp)          : MemRead :  D=0x0000000000010430 A=0x7ffffffffffffe08
2590500: system.cpu: T0 : 0x10fa4    : c_sdsp a4, 264(sp)         : MemWrite :  D=0x0000000000000000 A=0x7ffffffffffffef8
2591000: system.cpu: T0 : 0x10fa6    : c_sdsp a3, 256(sp)         : MemWrite :  D=0x0000000000000000 A=0x7ffffffffffffef0
2591500: system.cpu: T0 : 0x10fa8    : c_addi4spn a4, sp, 40      : IntAlu :  D=0x7ffffffffffffe18
2592500: system.cpu: T0 : 0x10faa    : sd a4, -1552(tp)           : MemWrite :  D=0x7ffffffffffffe18 A=0x73100
2593000: system.cpu: T0 : 0x10fae    : c_jalr a5                  : IntAlu :  D=0x0000000000010fb0
2593500: system.cpu: T0 : 0x10430    : c_addi sp, -32             : IntAlu :  D=0x7ffffffffffffdd0
2594000: system.cpu: T0 : 0x10432    : c_sdsp ra, 24(sp)          : MemWrite :  D=0x0000000000010fb0 A=0x7ffffffffffffde8
2594500: system.cpu: T0 : 0x10434    : c_sdsp s0, 16(sp)          : MemWrite :  D=0x00000000000112ea A=0x7ffffffffffffde0
2595000: system.cpu: T0 : 0x10436    : c_addi4spn s0, sp, 32      : IntAlu :  D=0x7ffffffffffffdf0
2595500: system.cpu: T0 : 0x10438    : addi a5, zero, 50          : IntAlu :  D=0x0000000000000032
2596000: system.cpu: T0 : 0x1043c    : sw a5, -20(s0)             : MemWrite :  D=0x0000000000000032 A=0x7ffffffffffffddc
2596500: system.cpu: T0 : 0x10440    : jal ra, 126                : IntAlu :  D=0x0000000000010444
2597000: system.cpu: T0 : 0x104be    : c_addi sp, -32             : IntAlu :  D=0x7ffffffffffffdb0
2597500: system.cpu: T0 : 0x104c0    : c_sdsp s0, 24(sp)          : MemWrite :  D=0x7ffffffffffffdf0 A=0x7ffffffffffffdc8
2598000: system.cpu: T0 : 0x104c2    : c_addi4spn s0, sp, 32      : IntAlu :  D=0x7ffffffffffffdd0
2598500: system.cpu: T0 : 0x104c4    : c_li a5, 1                 : IntAlu :  D=0x0000000000000001
2599500: system.cpu: T0 : 0x104c6    : sw a5, -28(s0)             : MemWrite :  D=0x0000000000000001 A=0x7ffffffffffffdb4
2600500: system.cpu: T0 : 0x104ca    : sw zero, -24(s0)           : MemWrite :  D=0x0000000000000000 A=0x7ffffffffffffdb8
2601000: system.cpu: T0 : 0x104ce    : c_j 108                    : IntAlu : 
2602000: system.cpu: T0 : 0x1053a    : lw a5, -24(s0)             : MemRead :  D=0x0000000000000000 A=0x7ffffffffffffdb8
2603000: system.cpu: T0 : 0x1053e    : addiw a4, a5, 0            : IntAlu :  D=0x0000000000000000
2604000: system.cpu: T0 : 0x10542    : addi a5, zero, 49          : IntAlu :  D=0x0000000000000031
2605000: system.cpu: T0 : 0x10546    : bge a5, a4, -118           : IntAlu : 
2605500: system.cpu: T0 : 0x104d0    : lw a5, -24(s0)             : MemRead :  D=0x0000000000000000 A=0x7ffffffffffffdb8
2606000: system.cpu: T0 : 0x104d4    : sw a5, -20(s0)             : MemWrite :  D=0x0000000000000000 A=0x7ffffffffffffdbc
2606500: system.cpu: T0 : 0x104d8    : lw a4, -28(s0)             : MemRead :  D=0x0000000000000001 A=0x7ffffffffffffdb4
2607000: system.cpu: T0 : 0x104dc    : c_mv a5, a4                : IntAlu :  D=0x0000000000000001
2608000: system.cpu: T0 : 0x104de    : slliw a5, a5, 5            : IntAlu :  D=0x0000000000000020
2608500: system.cpu: T0 : 0x104e2    : c_addw a5, a4              : IntAlu :  D=0x0000000000000021
2609000: system.cpu: T0 : 0x104e4    : slliw a5, a5, 2            : IntAlu :  D=0x0000000000000084
2609500: system.cpu: T0 : 0x104e8    : c_addw a5, a4              : IntAlu :  D=0x0000000000000085
2610000: system.cpu: T0 : 0x104ea    : c_addiw a5, 0              : IntAlu :  D=0x0000000000000085
2610500: system.cpu: T0 : 0x104ec    : addiw a5, a5, 81           : IntAlu :  D=0x00000000000000d6
2611000: system.cpu: T0 : 0x104f0    : c_addiw a5, 0              : IntAlu :  D=0x00000000000000d6
2611500: system.cpu: T0 : 0x104f2    : c_mv a4, a5                : IntAlu :  D=0x00000000000000d6
2612000: system.cpu: T0 : 0x104f4    : c_lui a5, 2                : IntAlu :  D=0x0000000000002000
2613000: system.cpu: T0 : 0x104f6    : addiw a5, a5, -97          : IntAlu :  D=0x0000000000001f9f
2614000: system.cpu: T0 : 0x104fa    : remw a5, a4, a5            : IntDiv :  D=0x00000000000000d6
2615000: system.cpu: T0 : 0x104fe    : sw a5, -28(s0)             : MemWrite :  D=0x00000000000000d6 A=0x7ffffffffffffdb4
2616000: system.cpu: T0 : 0x10502    : lw a4, -28(s0)             : MemRead :  D=0x00000000000000d6 A=0x7ffffffffffffdb4
2617000: system.cpu: T0 : 0x10506    : sraiw a5, a4, 31           : IntAlu :  D=0x0000000000000000
2618000: system.cpu: T0 : 0x1050a    : srliw a5, a5, 24           : IntAlu :  D=0x0000000000000000
2618500: system.cpu: T0 : 0x1050e    : c_addw a4, a5              : IntAlu :  D=0x00000000000000d6
2619000: system.cpu: T0 : 0x10510    : andi a4, a4, 255           : IntAlu :  D=0x00000000000000d6
2619500: system.cpu: T0 : 0x10514    : subw a5, a4, a5            : IntAlu :  D=0x00000000000000d6
2620000: system.cpu: T0 : 0x10518    : c_addiw a5, 0              : IntAlu :  D=0x00000000000000d6
2621000: system.cpu: T0 : 0x1051a    : andi a4, a5, 255           : IntAlu :  D=0x00000000000000d6
2622000: system.cpu: T0 : 0x1051e    : auipc a3, 96               : IntAlu :  D=0x000000000007051e
2623000: system.cpu: T0 : 0x10522    : ld a3, 834(a3)             : MemRead :  D=0x0000000000071a48 A=0x70860
2624000: system.cpu: T0 : 0x10526    : lw a5, -24(s0)             : MemRead :  D=0x0000000000000000 A=0x7ffffffffffffdb8
2624500: system.cpu: T0 : 0x1052a    : c_add a5, a3               : IntAlu :  D=0x0000000000071a48
2625000: system.cpu: T0 : 0x1052c    : sb a4, 0(a5)               : MemWrite :  D=0x00000000000000d6 A=0x71a48
2625500: system.cpu: T0 : 0x10530    : lw a5, -24(s0)             : MemRead :  D=0x0000000000000000 A=0x7ffffffffffffdb8
2626000: system.cpu: T0 : 0x10534    : c_addiw a5, 1              : IntAlu :  D=0x0000000000000001
2627000: system.cpu: T0 : 0x10536    : sw a5, -24(s0)             : MemWrite :  D=0x0000000000000001 A=0x7ffffffffffffdb8
2628000: system.cpu: T0 : 0x1053a    : lw a5, -24(s0)             : MemRead :  D=0x0000000000000001 A=0x7ffffffffffffdb8
2629000: system.cpu: T0 : 0x1053e    : addiw a4, a5, 0            : IntAlu :  D=0x0000000000000001
2630000: system.cpu: T0 : 0x10542    : addi a5, zero, 49          : IntAlu :  D=0x0000000000000031
2631000: system.cpu: T0 : 0x10546    : bge a5, a4, -118           : IntAlu : 
2631500: system.cpu: T0 : 0x104d0    : lw a5, -24(s0)             : MemRead :  D=0x0000000000000001 A=0x7ffffffffffffdb8
2632000: system.cpu: T0 : 0x104d4    : sw a5, -20(s0)             : MemWrite :  D=0x0000000000000001 A=0x7ffffffffffffdbc
2632500: system.cpu: T0 : 0x104d8    : lw a4, -28(s0)             : MemRead :  D=0x00000000000000d6 A=0x7ffffffffffffdb4
2633000: system.cpu: T0 : 0x104dc    : c_mv a5, a4                : IntAlu :  D=0x00000000000000d6
2634000: system.cpu: T0 : 0x104de    : slliw a5, a5, 5            : IntAlu :  D=0x0000000000001ac0
2634500: system.cpu: T0 : 0x104e2    : c_addw a5, a4              : IntAlu :  D=0x0000000000001b96
2635000: system.cpu: T0 : 0x104e4    : slliw a5, a5, 2            : IntAlu :  D=0x0000000000006e58
2635500: system.cpu: T0 : 0x104e8    : c_addw a5, a4              : IntAlu :  D=0x0000000000006f2e
2636000: system.cpu: T0 : 0x104ea    : c_addiw a5, 0              : IntAlu :  D=0x0000000000006f2e
2636500: system.cpu: T0 : 0x104ec    : addiw a5, a5, 81           : IntAlu :  D=0x0000000000006f7f
2637000: system.cpu: T0 : 0x104f0    : c_addiw a5, 0              : IntAlu :  D=0x0000000000006f7f
2637500: system.cpu: T0 : 0x104f2    : c_mv a4, a5                : IntAlu :  D=0x0000000000006f7f
2638000: system.cpu: T0 : 0x104f4    : c_lui a5, 2                : IntAlu :  D=0x0000000000002000
2639000: system.cpu: T0 : 0x104f6    : addiw a5, a5, -97          : IntAlu :  D=0x0000000000001f9f
2640000: system.cpu: T0 : 0x104fa    : remw a5, a4, a5            : IntDiv :  D=0x00000000000010a2
2641000: system.cpu: T0 : 0x104fe    : sw a5, -28(s0)             : MemWrite :  D=0x00000000000010a2 A=0x7ffffffffffffdb4
2642000: system.cpu: T0 : 0x10502    : lw a4, -28(s0)             : MemRead :  D=0x00000000000010a2 A=0x7ffffffffffffdb4
2643000: system.cpu: T0 : 0x10506    : sraiw a5, a4, 31           : IntAlu :  D=0x0000000000000000
2644000: system.cpu: T0 : 0x1050a    : srliw a5, a5, 24           : IntAlu :  D=0x0000000000000000
2644500: system.cpu: T0 : 0x1050e    : c_addw a4, a5              : IntAlu :  D=0x00000000000010a2
2645000: system.cpu: T0 : 0x10510    : andi a4, a4, 255           : IntAlu :  D=0x00000000000000a2
2645500: system.cpu: T0 : 0x10514    : subw a5, a4, a5            : IntAlu :  D=0x00000000000000a2
2646000: system.cpu: T0 : 0x10518    : c_addiw a5, 0              : IntAlu :  D=0x00000000000000a2
2647000: system.cpu: T0 : 0x1051a    : andi a4, a5, 255           : IntAlu :  D=0x00000000000000a2
2648000: system.cpu: T0 : 0x1051e    : auipc a3, 96               : IntAlu :  D=0x000000000007051e
2649000: system.cpu: T0 : 0x10522    : ld a3, 834(a3)             : MemRead :  D=0x0000000000071a48 A=0x70860
2650000: system.cpu: T0 : 0x10526    : lw a5, -24(s0)             : MemRead :  D=0x0000000000000001 A=0x7ffffffffffffdb8
2650500: system.cpu: T0 : 0x1052a    : c_add a5, a3               : IntAlu :  D=0x0000000000071a49
2651000: system.cpu: T0 : 0x1052c    : sb a4, 0(a5)               : MemWrite :  D=0x00000000000000a2 A=0x71a49
2651500: system.cpu: T0 : 0x10530    : lw a5, -24(s0)             : MemRead :  D=0x0000000000000001 A=0x7ffffffffffffdb8
2652000: system.cpu: T0 : 0x10534    : c_addiw a5, 1              : IntAlu :  D=0x0000000000000002
2653000: system.cpu: T0 : 0x10536    : sw a5, -24(s0)             : MemWrite :  D=0x0000000000000002 A=0x7ffffffffffffdb8
2654000: system.cpu: T0 : 0x1053a    : lw a5, -24(s0)             : MemRead :  D=0x0000000000000002 A=0x7ffffffffffffdb8
2655000: system.cpu: T0 : 0x1053e    : addiw a4, a5, 0            : IntAlu :  D=0x0000000000000002
2656000: system.cpu: T0 : 0x10542    : addi a5, zero, 49          : IntAlu :  D=0x0000000000000031
2657000: system.cpu: T0 : 0x10546    : bge a5, a4, -118           : IntAlu : 
2657500: system.cpu: T0 : 0x104d0    : lw a5, -24(s0)             : MemRead :  D=0x0000000000000002 A=0x7ffffffffffffdb8
2658000: system.cpu: T0 : 0x104d4    : sw a5, -20(s0)             : MemWrite :  D=0x0000000000000002 A=0x7ffffffffffffdbc
2658500: system.cpu: T0 : 0x104d8    : lw a4, -28(s0)             : MemRead :  D=0x00000000000010a2 A=0x7ffffffffffffdb4
2659000: system.cpu: T0 : 0x104dc    : c_mv a5, a4                : IntAlu :  D=0x00000000000010a2
2660000: system.cpu: T0 : 0x104de    : slliw a5, a5, 5            : IntAlu :  D=0x0000000000021440
2660500: system.cpu: T0 : 0x104e2    : c_addw a5, a4              : IntAlu :  D=0x00000000000224e2
2661000: system.cpu: T0 : 0x104e4    : slliw a5, a5, 2            : IntAlu :  D=0x0000000000089388
2661500: system.cpu: T0 : 0x104e8    : c_addw a5, a4              : IntAlu :  D=0x000000000008a42a
2662000: system.cpu: T0 : 0x104ea    : c_addiw a5, 0              : IntAlu :  D=0x000000000008a42a
2662500: system.cpu: T0 : 0x104ec    : addiw a5, a5, 81           : IntAlu :  D=0x000000000008a47b
2663000: system.cpu: T0 : 0x104f0    : c_addiw a5, 0              : IntAlu :  D=0x000000000008a47b
2663500: system.cpu: T0 : 0x104f2    : c_mv a4, a5                : IntAlu :  D=0x000000000008a47b
2664000: system.cpu: T0 : 0x104f4    : c_lui a5, 2                : IntAlu :  D=0x0000000000002000
2665000: system.cpu: T0 : 0x104f6    : addiw a5, a5, -97          : IntAlu :  D=0x0000000000001f9f
2666000: system.cpu: T0 : 0x104fa    : remw a5, a4, a5            : IntDiv :  D=0x0000000000001ea0
2667000: system.cpu: T0 : 0x104fe    : sw a5, -28(s0)             : MemWrite :  D=0x0000000000001ea0 A=0x7ffffffffffffdb4
2668000: system.cpu: T0 : 0x10502    : lw a4, -28(s0)             : MemRead :  D=0x0000000000001ea0 A=0x7ffffffffffffdb4
2669000: system.cpu: T0 : 0x10506    : sraiw a5, a4, 31           : IntAlu :  D=0x0000000000000000
2670000: system.cpu: T0 : 0x1050a    : srliw a5, a5, 24           : IntAlu :  D=0x0000000000000000
2670500: system.cpu: T0 : 0x1050e    : c_addw a4, a5              : IntAlu :  D=0x0000000000001ea0
2671000: system.cpu: T0 : 0x10510    : andi a4, a4, 255           : IntAlu :  D=0x00000000000000a0
2671500: system.cpu: T0 : 0x10514    : subw a5, a4, a5            : IntAlu :  D=0x00000000000000a0
2672000: system.cpu: T0 : 0x10518    : c_addiw a5, 0              : IntAlu :  D=0x00000000000000a0
2673000: system.cpu: T0 : 0x1051a    : andi a4, a5, 255           : IntAlu :  D=0x00000000000000a0
2674000: system.cpu: T0 : 0x1051e    : auipc a3, 96               : IntAlu :  D=0x000000000007051e
2675000: system.cpu: T0 : 0x10522    : ld a3, 834(a3)             : MemRead :  D=0x0000000000071a48 A=0x70860
2676000: system.cpu: T0 : 0x10526    : lw a5, -24(s0)             : MemRead :  D=0x0000000000000002 A=0x7ffffffffffffdb8
2676500: system.cpu: T0 : 0x1052a    : c_add a5, a3               : IntAlu :  D=0x0000000000071a4a
2677000: system.cpu: T0 : 0x1052c    : sb a4, 0(a5)               : MemWrite :  D=0x00000000000000a0 A=0x71a4a
2677500: system.cpu: T0 : 0x10530    : lw a5, -24(s0)             : MemRead :  D=0x0000000000000002 A=0x7ffffffffffffdb8
2678000: system.cpu: T0 : 0x10534    : c_addiw a5, 1              : IntAlu :  D=0x0000000000000003
2679000: system.cpu: T0 : 0x10536    : sw a5, -24(s0)             : MemWrite :  D=0x0000000000000003 A=0x7ffffffffffffdb8
2680000: system.cpu: T0 : 0x1053a    : lw a5, -24(s0)             : MemRead :  D=0x0000000000000003 A=0x7ffffffffffffdb8
2681000: system.cpu: T0 : 0x1053e    : addiw a4, a5, 0            : IntAlu :  D=0x0000000000000003
2682000: system.cpu: T0 : 0x10542    : addi a5, zero, 49          : IntAlu :  D=0x0000000000000031
2683000: system.cpu: T0 : 0x10546    : bge a5, a4, -118           : IntAlu : 
2683500: system.cpu: T0 : 0x104d0    : lw a5, -24(s0)             : MemRead :  D=0x0000000000000003 A=0x7ffffffffffffdb8
2684000: system.cpu: T0 : 0x104d4    : sw a5, -20(s0)             : MemWrite :  D=0x0000000000000003 A=0x7ffffffffffffdbc
2684500: system.cpu: T0 : 0x104d8    : lw a4, -28(s0)             : MemRead :  D=0x0000000000001ea0 A=0x7ffffffffffffdb4
2685000: system.cpu: T0 : 0x104dc    : c_mv a5, a4                : IntAlu :  D=0x0000000000001ea0
2686000: system.cpu: T0 : 0x104de    : slliw a5, a5, 5            : IntAlu :  D=0x000000000003d400
2686500: system.cpu: T0 : 0x104e2    : c_addw a5, a4              : IntAlu :  D=0x000000000003f2a0
2687000: system.cpu: T0 : 0x104e4    : slliw a5, a5, 2            : IntAlu :  D=0x00000000000fca80
2687500: system.cpu: T0 : 0x104e8    : c_addw a5, a4              : IntAlu :  D=0x00000000000fe920
2688000: system.cpu: T0 : 0x104ea    : c_addiw a5, 0              : IntAlu :  D=0x00000000000fe920
2688500: system.cpu: T0 : 0x104ec    : addiw a5, a5, 81           : IntAlu :  D=0x00000000000fe971
2689000: system.cpu: T0 : 0x104f0    : c_addiw a5, 0              : IntAlu :  D=0x00000000000fe971
2689500: system.cpu: T0 : 0x104f2    : c_mv a4, a5                : IntAlu :  D=0x00000000000fe971
2690000: system.cpu: T0 : 0x104f4    : c_lui a5, 2                : IntAlu :  D=0x0000000000002000
2691000: system.cpu: T0 : 0x104f6    : addiw a5, a5, -97          : IntAlu :  D=0x0000000000001f9f
2692000: system.cpu: T0 : 0x104fa    : remw a5, a4, a5            : IntDiv :  D=0x00000000000019f1
2693000: system.cpu: T0 : 0x104fe    : sw a5, -28(s0)             : MemWrite :  D=0x00000000000019f1 A=0x7ffffffffffffdb4
2694000: system.cpu: T0 : 0x10502    : lw a4, -28(s0)             : MemRead :  D=0x00000000000019f1 A=0x7ffffffffffffdb4
2695000: system.cpu: T0 : 0x10506    : sraiw a5, a4, 31           : IntAlu :  D=0x0000000000000000
2696000: system.cpu: T0 : 0x1050a    : srliw a5, a5, 24           : IntAlu :  D=0x0000000000000000
2696500: system.cpu: T0 : 0x1050e    : c_addw a4, a5              : IntAlu :  D=0x00000000000019f1
2697000: system.cpu: T0 : 0x10510    : andi a4, a4, 255           : IntAlu :  D=0x00000000000000f1
2697500: system.cpu: T0 : 0x10514    : subw a5, a4, a5            : IntAlu :  D=0x00000000000000f1
2698000: system.cpu: T0 : 0x10518    : c_addiw a5, 0              : IntAlu :  D=0x00000000000000f1
2699000: system.cpu: T0 : 0x1051a    : andi a4, a5, 255           : IntAlu :  D=0x00000000000000f1
2700000: system.cpu: T0 : 0x1051e    : auipc a3, 96               : IntAlu :  D=0x000000000007051e
2701000: system.cpu: T0 : 0x10522    : ld a3, 834(a3)             : MemRead :  D=0x0000000000071a48 A=0x70860
2702000: system.cpu: T0 : 0x10526    : lw a5, -24(s0)             : MemRead :  D=0x0000000000000003 A=0x7ffffffffffffdb8
2702500: system.cpu: T0 : 0x1052a    : c_add a5, a3               : IntAlu :  D=0x0000000000071a4b
2703000: system.cpu: T0 : 0x1052c    : sb a4, 0(a5)               : MemWrite :  D=0x00000000000000f1 A=0x71a4b
2703500: system.cpu: T0 : 0x10530    : lw a5, -24(s0)             : MemRead :  D=0x0000000000000003 A=0x7ffffffffffffdb8
2704000: system.cpu: T0 : 0x10534    : c_addiw a5, 1              : IntAlu :  D=0x0000000000000004
2705000: system.cpu: T0 : 0x10536    : sw a5, -24(s0)             : MemWrite :  D=0x0000000000000004 A=0x7ffffffffffffdb8
2706000: system.cpu: T0 : 0x1053a    : lw a5, -24(s0)             : MemRead :  D=0x0000000000000004 A=0x7ffffffffffffdb8
2707000: system.cpu: T0 : 0x1053e    : addiw a4, a5, 0            : IntAlu :  D=0x0000000000000004
2708000: system.cpu: T0 : 0x10542    : addi a5, zero, 49          : IntAlu :  D=0x0000000000000031
2709000: system.cpu: T0 : 0x10546    : bge a5, a4, -118           : IntAlu : 
2709500: system.cpu: T0 : 0x104d0    : lw a5, -24(s0)             : MemRead :  D=0x0000000000000004 A=0x7ffffffffffffdb8
2710000: system.cpu: T0 : 0x104d4    : sw a5, -20(s0)             : MemWrite :  D=0x0000000000000004 A=0x7ffffffffffffdbc
2710500: system.cpu: T0 : 0x104d8    : lw a4, -28(s0)             : MemRead :  D=0x00000000000019f1 A=0x7ffffffffffffdb4
2711000: system.cpu: T0 : 0x104dc    : c_mv a5, a4                : IntAlu :  D=0x00000000000019f1
2712000: system.cpu: T0 : 0x104de    : slliw a5, a5, 5            : IntAlu :  D=0x0000000000033e20
2712500: system.cpu: T0 : 0x104e2    : c_addw a5, a4              : IntAlu :  D=0x0000000000035811
2713000: system.cpu: T0 : 0x104e4    : slliw a5, a5, 2            : IntAlu :  D=0x00000000000d6044
2713500: system.cpu: T0 : 0x104e8    : c_addw a5, a4              : IntAlu :  D=0x00000000000d7a35
2714000: system.cpu: T0 : 0x104ea    : c_addiw a5, 0              : IntAlu :  D=0x00000000000d7a35
2714500: system.cpu: T0 : 0x104ec    : addiw a5, a5, 81           : IntAlu :  D=0x00000000000d7a86
2715000: system.cpu: T0 : 0x104f0    : c_addiw a5, 0              : IntAlu :  D=0x00000000000d7a86
2715500: system.cpu: T0 : 0x104f2    : c_mv a4, a5                : IntAlu :  D=0x00000000000d7a86
2716000: system.cpu: T0 : 0x104f4    : c_lui a5, 2                : IntAlu :  D=0x0000000000002000
2717000: system.cpu: T0 : 0x104f6    : addiw a5, a5, -97          : IntAlu :  D=0x0000000000001f9f
2718000: system.cpu: T0 : 0x104fa    : remw a5, a4, a5            : IntDiv :  D=0x00000000000003d3
2719000: system.cpu: T0 : 0x104fe    : sw a5, -28(s0)             : MemWrite :  D=0x00000000000003d3 A=0x7ffffffffffffdb4
2720000: system.cpu: T0 : 0x10502    : lw a4, -28(s0)             : MemRead :  D=0x00000000000003d3 A=0x7ffffffffffffdb4
2721000: system.cpu: T0 : 0x10506    : sraiw a5, a4, 31           : IntAlu :  D=0x0000000000000000
2722000: system.cpu: T0 : 0x1050a    : srliw a5, a5, 24           : IntAlu :  D=0x0000000000000000
2722500: system.cpu: T0 : 0x1050e    : c_addw a4, a5              : IntAlu :  D=0x00000000000003d3
2723000: system.cpu: T0 : 0x10510    : andi a4, a4, 255           : IntAlu :  D=0x00000000000000d3
2723500: system.cpu: T0 : 0x10514    : subw a5, a4, a5            : IntAlu :  D=0x00000000000000d3
2724000: system.cpu: T0 : 0x10518    : c_addiw a5, 0              : IntAlu :  D=0x00000000000000d3
2725000: system.cpu: T0 : 0x1051a    : andi a4, a5, 255           : IntAlu :  D=0x00000000000000d3
2726000: system.cpu: T0 : 0x1051e    : auipc a3, 96               : IntAlu :  D=0x000000000007051e
2727000: system.cpu: T0 : 0x10522    : ld a3, 834(a3)             : MemRead :  D=0x0000000000071a48 A=0x70860
2728000: system.cpu: T0 : 0x10526    : lw a5, -24(s0)             : MemRead :  D=0x0000000000000004 A=0x7ffffffffffffdb8
2728500: system.cpu: T0 : 0x1052a    : c_add a5, a3               : IntAlu :  D=0x0000000000071a4c
2729000: system.cpu: T0 : 0x1052c    : sb a4, 0(a5)               : MemWrite :  D=0x00000000000000d3 A=0x71a4c
2729500: system.cpu: T0 : 0x10530    : lw a5, -24(s0)             : MemRead :  D=0x0000000000000004 A=0x7ffffffffffffdb8
2730000: system.cpu: T0 : 0x10534    : c_addiw a5, 1              : IntAlu :  D=0x0000000000000005
2731000: system.cpu: T0 : 0x10536    : sw a5, -24(s0)             : MemWrite :  D=0x0000000000000005 A=0x7ffffffffffffdb8
2732000: system.cpu: T0 : 0x1053a    : lw a5, -24(s0)             : MemRead :  D=0x0000000000000005 A=0x7ffffffffffffdb8
2733000: system.cpu: T0 : 0x1053e    : addiw a4, a5, 0            : IntAlu :  D=0x0000000000000005
2734000: system.cpu: T0 : 0x10542    : addi a5, zero, 49          : IntAlu :  D=0x0000000000000031
2735000: system.cpu: T0 : 0x10546    : bge a5, a4, -118           : IntAlu : 
2735500: system.cpu: T0 : 0x104d0    : lw a5, -24(s0)             : MemRead :  D=0x0000000000000005 A=0x7ffffffffffffdb8
2736000: system.cpu: T0 : 0x104d4    : sw a5, -20(s0)             : MemWrite :  D=0x0000000000000005 A=0x7ffffffffffffdbc
2736500: system.cpu: T0 : 0x104d8    : lw a4, -28(s0)             : MemRead :  D=0x00000000000003d3 A=0x7ffffffffffffdb4
2737000: system.cpu: T0 : 0x104dc    : c_mv a5, a4                : IntAlu :  D=0x00000000000003d3
2738000: system.cpu: T0 : 0x104de    : slliw a5, a5, 5            : IntAlu :  D=0x0000000000007a60
2738500: system.cpu: T0 : 0x104e2    : c_addw a5, a4              : IntAlu :  D=0x0000000000007e33
2739000: system.cpu: T0 : 0x104e4    : slliw a5, a5, 2            : IntAlu :  D=0x000000000001f8cc
2739500: system.cpu: T0 : 0x104e8    : c_addw a5, a4              : IntAlu :  D=0x000000000001fc9f
2740000: system.cpu: T0 : 0x104ea    : c_addiw a5, 0              : IntAlu :  D=0x000000000001fc9f
2740500: system.cpu: T0 : 0x104ec    : addiw a5, a5, 81           : IntAlu :  D=0x000000000001fcf0
2741000: system.cpu: T0 : 0x104f0    : c_addiw a5, 0              : IntAlu :  D=0x000000000001fcf0
2741500: system.cpu: T0 : 0x104f2    : c_mv a4, a5                : IntAlu :  D=0x000000000001fcf0
2742000: system.cpu: T0 : 0x104f4    : c_lui a5, 2                : IntAlu :  D=0x0000000000002000
2743000: system.cpu: T0 : 0x104f6    : addiw a5, a5, -97          : IntAlu :  D=0x0000000000001f9f
2744000: system.cpu: T0 : 0x104fa    : remw a5, a4, a5            : IntDiv :  D=0x0000000000000300
2745000: system.cpu: T0 : 0x104fe    : sw a5, -28(s0)             : MemWrite :  D=0x0000000000000300 A=0x7ffffffffffffdb4
2746000: system.cpu: T0 : 0x10502    : lw a4, -28(s0)             : MemRead :  D=0x0000000000000300 A=0x7ffffffffffffdb4
2747000: system.cpu: T0 : 0x10506    : sraiw a5, a4, 31           : IntAlu :  D=0x0000000000000000
2748000: system.cpu: T0 : 0x1050a    : srliw a5, a5, 24           : IntAlu :  D=0x0000000000000000
2748500: system.cpu: T0 : 0x1050e    : c_addw a4, a5              : IntAlu :  D=0x0000000000000300
2749000: system.cpu: T0 : 0x10510    : andi a4, a4, 255           : IntAlu :  D=0x0000000000000000
2749500: system.cpu: T0 : 0x10514    : subw a5, a4, a5            : IntAlu :  D=0x0000000000000000
2750000: system.cpu: T0 : 0x10518    : c_addiw a5, 0              : IntAlu :  D=0x0000000000000000
2751000: system.cpu: T0 : 0x1051a    : andi a4, a5, 255           : IntAlu :  D=0x0000000000000000
2752000: system.cpu: T0 : 0x1051e    : auipc a3, 96               : IntAlu :  D=0x000000000007051e
2753000: system.cpu: T0 : 0x10522    : ld a3, 834(a3)             : MemRead :  D=0x0000000000071a48 A=0x70860
2754000: system.cpu: T0 : 0x10526    : lw a5, -24(s0)             : MemRead :  D=0x0000000000000005 A=0x7ffffffffffffdb8
2754500: system.cpu: T0 : 0x1052a    : c_add a5, a3               : IntAlu :  D=0x0000000000071a4d
2755000: system.cpu: T0 : 0x1052c    : sb a4, 0(a5)               : MemWrite :  D=0x0000000000000000 A=0x71a4d
2755500: system.cpu: T0 : 0x10530    : lw a5, -24(s0)             : MemRead :  D=0x0000000000000005 A=0x7ffffffffffffdb8
2756000: system.cpu: T0 : 0x10534    : c_addiw a5, 1              : IntAlu :  D=0x0000000000000006
2757000: system.cpu: T0 : 0x10536    : sw a5, -24(s0)             : MemWrite :  D=0x0000000000000006 A=0x7ffffffffffffdb8
2758000: system.cpu: T0 : 0x1053a    : lw a5, -24(s0)             : MemRead :  D=0x0000000000000006 A=0x7ffffffffffffdb8
2759000: system.cpu: T0 : 0x1053e    : addiw a4, a5, 0            : IntAlu :  D=0x0000000000000006
2760000: system.cpu: T0 : 0x10542    : addi a5, zero, 49          : IntAlu :  D=0x0000000000000031
2761000: system.cpu: T0 : 0x10546    : bge a5, a4, -118           : IntAlu : 
2761500: system.cpu: T0 : 0x104d0    : lw a5, -24(s0)             : MemRead :  D=0x0000000000000006 A=0x7ffffffffffffdb8
2762000: system.cpu: T0 : 0x104d4    : sw a5, -20(s0)             : MemWrite :  D=0x0000000000000006 A=0x7ffffffffffffdbc
2762500: system.cpu: T0 : 0x104d8    : lw a4, -28(s0)             : MemRead :  D=0x0000000000000300 A=0x7ffffffffffffdb4
2763000: system.cpu: T0 : 0x104dc    : c_mv a5, a4                : IntAlu :  D=0x0000000000000300
2764000: system.cpu: T0 : 0x104de    : slliw a5, a5, 5            : IntAlu :  D=0x0000000000006000
2764500: system.cpu: T0 : 0x104e2    : c_addw a5, a4              : IntAlu :  D=0x0000000000006300
2765000: system.cpu: T0 : 0x104e4    : slliw a5, a5, 2            : IntAlu :  D=0x0000000000018c00
2765500: system.cpu: T0 : 0x104e8    : c_addw a5, a4              : IntAlu :  D=0x0000000000018f00
2766000: system.cpu: T0 : 0x104ea    : c_addiw a5, 0              : IntAlu :  D=0x0000000000018f00
2766500: system.cpu: T0 : 0x104ec    : addiw a5, a5, 81           : IntAlu :  D=0x0000000000018f51
2767000: system.cpu: T0 : 0x104f0    : c_addiw a5, 0              : IntAlu :  D=0x0000000000018f51
2767500: system.cpu: T0 : 0x104f2    : c_mv a4, a5                : IntAlu :  D=0x0000000000018f51
2768000: system.cpu: T0 : 0x104f4    : c_lui a5, 2                : IntAlu :  D=0x0000000000002000
2769000: system.cpu: T0 : 0x104f6    : addiw a5, a5, -97          : IntAlu :  D=0x0000000000001f9f
2770000: system.cpu: T0 : 0x104fa    : remw a5, a4, a5            : IntDiv :  D=0x00000000000013dd
2771000: system.cpu: T0 : 0x104fe    : sw a5, -28(s0)             : MemWrite :  D=0x00000000000013dd A=0x7ffffffffffffdb4
2772000: system.cpu: T0 : 0x10502    : lw a4, -28(s0)             : MemRead :  D=0x00000000000013dd A=0x7ffffffffffffdb4
2773000: system.cpu: T0 : 0x10506    : sraiw a5, a4, 31           : IntAlu :  D=0x0000000000000000
2774000: system.cpu: T0 : 0x1050a    : srliw a5, a5, 24           : IntAlu :  D=0x0000000000000000
2774500: system.cpu: T0 : 0x1050e    : c_addw a4, a5              : IntAlu :  D=0x00000000000013dd
2775000: system.cpu: T0 : 0x10510    : andi a4, a4, 255           : IntAlu :  D=0x00000000000000dd
2775500: system.cpu: T0 : 0x10514    : subw a5, a4, a5            : IntAlu :  D=0x00000000000000dd
2776000: system.cpu: T0 : 0x10518    : c_addiw a5, 0              : IntAlu :  D=0x00000000000000dd
2777000: system.cpu: T0 : 0x1051a    : andi a4, a5, 255           : IntAlu :  D=0x00000000000000dd
2778000: system.cpu: T0 : 0x1051e    : auipc a3, 96               : IntAlu :  D=0x000000000007051e
2779000: system.cpu: T0 : 0x10522    : ld a3, 834(a3)             : MemRead :  D=0x0000000000071a48 A=0x70860
2780000: system.cpu: T0 : 0x10526    : lw a5, -24(s0)             : MemRead :  D=0x0000000000000006 A=0x7ffffffffffffdb8
2780500: system.cpu: T0 : 0x1052a    : c_add a5, a3               : IntAlu :  D=0x0000000000071a4e
2781000: system.cpu: T0 : 0x1052c    : sb a4, 0(a5)               : MemWrite :  D=0x00000000000000dd A=0x71a4e
2781500: system.cpu: T0 : 0x10530    : lw a5, -24(s0)             : MemRead :  D=0x0000000000000006 A=0x7ffffffffffffdb8
2782000: system.cpu: T0 : 0x10534    : c_addiw a5, 1              : IntAlu :  D=0x0000000000000007
2783000: system.cpu: T0 : 0x10536    : sw a5, -24(s0)             : MemWrite :  D=0x0000000000000007 A=0x7ffffffffffffdb8
2784000: system.cpu: T0 : 0x1053a    : lw a5, -24(s0)             : MemRead :  D=0x0000000000000007 A=0x7ffffffffffffdb8
2785000: system.cpu: T0 : 0x1053e    : addiw a4, a5, 0            : IntAlu :  D=0x0000000000000007
2786000: system.cpu: T0 : 0x10542    : addi a5, zero, 49          : IntAlu :  D=0x0000000000000031
2787000: system.cpu: T0 : 0x10546    : bge a5, a4, -118           : IntAlu : 
2787500: system.cpu: T0 : 0x104d0    : lw a5, -24(s0)             : MemRead :  D=0x0000000000000007 A=0x7ffffffffffffdb8
2788000: system.cpu: T0 : 0x104d4    : sw a5, -20(s0)             : MemWrite :  D=0x0000000000000007 A=0x7ffffffffffffdbc
2788500: system.cpu: T0 : 0x104d8    : lw a4, -28(s0)             : MemRead :  D=0x00000000000013dd A=0x7ffffffffffffdb4
2789000: system.cpu: T0 : 0x104dc    : c_mv a5, a4                : IntAlu :  D=0x00000000000013dd
2790000: system.cpu: T0 : 0x104de    : slliw a5, a5, 5            : IntAlu :  D=0x0000000000027ba0
2790500: system.cpu: T0 : 0x104e2    : c_addw a5, a4              : IntAlu :  D=0x0000000000028f7d
2791000: system.cpu: T0 : 0x104e4    : slliw a5, a5, 2            : IntAlu :  D=0x00000000000a3df4
2791500: system.cpu: T0 : 0x104e8    : c_addw a5, a4              : IntAlu :  D=0x00000000000a51d1
2792000: system.cpu: T0 : 0x104ea    : c_addiw a5, 0              : IntAlu :  D=0x00000000000a51d1
2792500: system.cpu: T0 : 0x104ec    : addiw a5, a5, 81           : IntAlu :  D=0x00000000000a5222
2793000: system.cpu: T0 : 0x104f0    : c_addiw a5, 0              : IntAlu :  D=0x00000000000a5222
2793500: system.cpu: T0 : 0x104f2    : c_mv a4, a5                : IntAlu :  D=0x00000000000a5222
2794000: system.cpu: T0 : 0x104f4    : c_lui a5, 2                : IntAlu :  D=0x0000000000002000
2795000: system.cpu: T0 : 0x104f6    : addiw a5, a5, -97          : IntAlu :  D=0x0000000000001f9f
2796000: system.cpu: T0 : 0x104fa    : remw a5, a4, a5            : IntDiv :  D=0x0000000000001195
2797000: system.cpu: T0 : 0x104fe    : sw a5, -28(s0)             : MemWrite :  D=0x0000000000001195 A=0x7ffffffffffffdb4
2798000: system.cpu: T0 : 0x10502    : lw a4, -28(s0)             : MemRead :  D=0x0000000000001195 A=0x7ffffffffffffdb4
2799000: system.cpu: T0 : 0x10506    : sraiw a5, a4, 31           : IntAlu :  D=0x0000000000000000
2800000: system.cpu: T0 : 0x1050a    : srliw a5, a5, 24           : IntAlu :  D=0x0000000000000000
2800500: system.cpu: T0 : 0x1050e    : c_addw a4, a5              : IntAlu :  D=0x0000000000001195
2801000: system.cpu: T0 : 0x10510    : andi a4, a4, 255           : IntAlu :  D=0x0000000000000095
2801500: system.cpu: T0 : 0x10514    : subw a5, a4, a5            : IntAlu :  D=0x0000000000000095
2802000: system.cpu: T0 : 0x10518    : c_addiw a5, 0              : IntAlu :  D=0x0000000000000095
2803000: system.cpu: T0 : 0x1051a    : andi a4, a5, 255           : IntAlu :  D=0x0000000000000095
2804000: system.cpu: T0 : 0x1051e    : auipc a3, 96               : IntAlu :  D=0x000000000007051e
2805000: system.cpu: T0 : 0x10522    : ld a3, 834(a3)             : MemRead :  D=0x0000000000071a48 A=0x70860
2806000: system.cpu: T0 : 0x10526    : lw a5, -24(s0)             : MemRead :  D=0x0000000000000007 A=0x7ffffffffffffdb8
2806500: system.cpu: T0 : 0x1052a    : c_add a5, a3               : IntAlu :  D=0x0000000000071a4f
2807000: system.cpu: T0 : 0x1052c    : sb a4, 0(a5)               : MemWrite :  D=0x0000000000000095 A=0x71a4f
2807500: system.cpu: T0 : 0x10530    : lw a5, -24(s0)             : MemRead :  D=0x0000000000000007 A=0x7ffffffffffffdb8
2808000: system.cpu: T0 : 0x10534    : c_addiw a5, 1              : IntAlu :  D=0x0000000000000008
2809000: system.cpu: T0 : 0x10536    : sw a5, -24(s0)             : MemWrite :  D=0x0000000000000008 A=0x7ffffffffffffdb8
2810000: system.cpu: T0 : 0x1053a    : lw a5, -24(s0)             : MemRead :  D=0x0000000000000008 A=0x7ffffffffffffdb8
2811000: system.cpu: T0 : 0x1053e    : addiw a4, a5, 0            : IntAlu :  D=0x0000000000000008
2812000: system.cpu: T0 : 0x10542    : addi a5, zero, 49          : IntAlu :  D=0x0000000000000031
2813000: system.cpu: T0 : 0x10546    : bge a5, a4, -118           : IntAlu : 
2813500: system.cpu: T0 : 0x104d0    : lw a5, -24(s0)             : MemRead :  D=0x0000000000000008 A=0x7ffffffffffffdb8
2814000: system.cpu: T0 : 0x104d4    : sw a5, -20(s0)             : MemWrite :  D=0x0000000000000008 A=0x7ffffffffffffdbc
2814500: system.cpu: T0 : 0x104d8    : lw a4, -28(s0)             : MemRead :  D=0x0000000000001195 A=0x7ffffffffffffdb4
2815000: system.cpu: T0 : 0x104dc    : c_mv a5, a4                : IntAlu :  D=0x0000000000001195
2816000: system.cpu: T0 : 0x104de    : slliw a5, a5, 5            : IntAlu :  D=0x00000000000232a0
2816500: system.cpu: T0 : 0x104e2    : c_addw a5, a4              : IntAlu :  D=0x0000000000024435
2817000: system.cpu: T0 : 0x104e4    : slliw a5, a5, 2            : IntAlu :  D=0x00000000000910d4
2817500: system.cpu: T0 : 0x104e8    : c_addw a5, a4              : IntAlu :  D=0x0000000000092269
2818000: system.cpu: T0 : 0x104ea    : c_addiw a5, 0              : IntAlu :  D=0x0000000000092269
2818500: system.cpu: T0 : 0x104ec    : addiw a5, a5, 81           : IntAlu :  D=0x00000000000922ba
2819000: system.cpu: T0 : 0x104f0    : c_addiw a5, 0              : IntAlu :  D=0x00000000000922ba
2819500: system.cpu: T0 : 0x104f2    : c_mv a4, a5                : IntAlu :  D=0x00000000000922ba
2820000: system.cpu: T0 : 0x104f4    : c_lui a5, 2                : IntAlu :  D=0x0000000000002000
2821000: system.cpu: T0 : 0x104f6    : addiw a5, a5, -97          : IntAlu :  D=0x0000000000001f9f
2822000: system.cpu: T0 : 0x104fa    : remw a5, a4, a5            : IntDiv :  D=0x0000000000001e63
2823000: system.cpu: T0 : 0x104fe    : sw a5, -28(s0)             : MemWrite :  D=0x0000000000001e63 A=0x7ffffffffffffdb4
2824000: system.cpu: T0 : 0x10502    : lw a4, -28(s0)             : MemRead :  D=0x0000000000001e63 A=0x7ffffffffffffdb4
2825000: system.cpu: T0 : 0x10506    : sraiw a5, a4, 31           : IntAlu :  D=0x0000000000000000
2826000: system.cpu: T0 : 0x1050a    : srliw a5, a5, 24           : IntAlu :  D=0x0000000000000000
2826500: system.cpu: T0 : 0x1050e    : c_addw a4, a5              : IntAlu :  D=0x0000000000001e63
2827000: system.cpu: T0 : 0x10510    : andi a4, a4, 255           : IntAlu :  D=0x0000000000000063
2827500: system.cpu: T0 : 0x10514    : subw a5, a4, a5            : IntAlu :  D=0x0000000000000063
2828000: system.cpu: T0 : 0x10518    : c_addiw a5, 0              : IntAlu :  D=0x0000000000000063
2829000: system.cpu: T0 : 0x1051a    : andi a4, a5, 255           : IntAlu :  D=0x0000000000000063
2830000: system.cpu: T0 : 0x1051e    : auipc a3, 96               : IntAlu :  D=0x000000000007051e
2831000: system.cpu: T0 : 0x10522    : ld a3, 834(a3)             : MemRead :  D=0x0000000000071a48 A=0x70860
2832000: system.cpu: T0 : 0x10526    : lw a5, -24(s0)             : MemRead :  D=0x0000000000000008 A=0x7ffffffffffffdb8
2832500: system.cpu: T0 : 0x1052a    : c_add a5, a3               : IntAlu :  D=0x0000000000071a50
2833000: system.cpu: T0 : 0x1052c    : sb a4, 0(a5)               : MemWrite :  D=0x0000000000000063 A=0x71a50
2833500: system.cpu: T0 : 0x10530    : lw a5, -24(s0)             : MemRead :  D=0x0000000000000008 A=0x7ffffffffffffdb8
2834000: system.cpu: T0 : 0x10534    : c_addiw a5, 1              : IntAlu :  D=0x0000000000000009
2835000: system.cpu: T0 : 0x10536    : sw a5, -24(s0)             : MemWrite :  D=0x0000000000000009 A=0x7ffffffffffffdb8
2836000: system.cpu: T0 : 0x1053a    : lw a5, -24(s0)             : MemRead :  D=0x0000000000000009 A=0x7ffffffffffffdb8
2837000: system.cpu: T0 : 0x1053e    : addiw a4, a5, 0            : IntAlu :  D=0x0000000000000009
2838000: system.cpu: T0 : 0x10542    : addi a5, zero, 49          : IntAlu :  D=0x0000000000000031
2839000: system.cpu: T0 : 0x10546    : bge a5, a4, -118           : IntAlu : 
2839500: system.cpu: T0 : 0x104d0    : lw a5, -24(s0)             : MemRead :  D=0x0000000000000009 A=0x7ffffffffffffdb8
2840000: system.cpu: T0 : 0x104d4    : sw a5, -20(s0)             : MemWrite :  D=0x0000000000000009 A=0x7ffffffffffffdbc
2840500: system.cpu: T0 : 0x104d8    : lw a4, -28(s0)             : MemRead :  D=0x0000000000001e63 A=0x7ffffffffffffdb4
2841000: system.cpu: T0 : 0x104dc    : c_mv a5, a4                : IntAlu :  D=0x0000000000001e63
2842000: system.cpu: T0 : 0x104de    : slliw a5, a5, 5            : IntAlu :  D=0x000000000003cc60
2842500: system.cpu: T0 : 0x104e2    : c_addw a5, a4              : IntAlu :  D=0x000000000003eac3
2843000: system.cpu: T0 : 0x104e4    : slliw a5, a5, 2            : IntAlu :  D=0x00000000000fab0c
2843500: system.cpu: T0 : 0x104e8    : c_addw a5, a4              : IntAlu :  D=0x00000000000fc96f
2844000: system.cpu: T0 : 0x104ea    : c_addiw a5, 0              : IntAlu :  D=0x00000000000fc96f
2844500: system.cpu: T0 : 0x104ec    : addiw a5, a5, 81           : IntAlu :  D=0x00000000000fc9c0
2845000: system.cpu: T0 : 0x104f0    : c_addiw a5, 0              : IntAlu :  D=0x00000000000fc9c0
2845500: system.cpu: T0 : 0x104f2    : c_mv a4, a5                : IntAlu :  D=0x00000000000fc9c0
2846000: system.cpu: T0 : 0x104f4    : c_lui a5, 2                : IntAlu :  D=0x0000000000002000
2847000: system.cpu: T0 : 0x104f6    : addiw a5, a5, -97          : IntAlu :  D=0x0000000000001f9f
2848000: system.cpu: T0 : 0x104fa    : remw a5, a4, a5            : IntDiv :  D=0x00000000000019df
2849000: system.cpu: T0 : 0x104fe    : sw a5, -28(s0)             : MemWrite :  D=0x00000000000019df A=0x7ffffffffffffdb4
2850000: system.cpu: T0 : 0x10502    : lw a4, -28(s0)             : MemRead :  D=0x00000000000019df A=0x7ffffffffffffdb4
2851000: system.cpu: T0 : 0x10506    : sraiw a5, a4, 31           : IntAlu :  D=0x0000000000000000
2852000: system.cpu: T0 : 0x1050a    : srliw a5, a5, 24           : IntAlu :  D=0x0000000000000000
2852500: system.cpu: T0 : 0x1050e    : c_addw a4, a5              : IntAlu :  D=0x00000000000019df
2853000: system.cpu: T0 : 0x10510    : andi a4, a4, 255           : IntAlu :  D=0x00000000000000df
2853500: system.cpu: T0 : 0x10514    : subw a5, a4, a5            : IntAlu :  D=0x00000000000000df
2854000: system.cpu: T0 : 0x10518    : c_addiw a5, 0              : IntAlu :  D=0x00000000000000df
2855000: system.cpu: T0 : 0x1051a    : andi a4, a5, 255           : IntAlu :  D=0x00000000000000df
2856000: system.cpu: T0 : 0x1051e    : auipc a3, 96               : IntAlu :  D=0x000000000007051e
2857000: system.cpu: T0 : 0x10522    : ld a3, 834(a3)             : MemRead :  D=0x0000000000071a48 A=0x70860
2858000: system.cpu: T0 : 0x10526    : lw a5, -24(s0)             : MemRead :  D=0x0000000000000009 A=0x7ffffffffffffdb8
2858500: system.cpu: T0 : 0x1052a    : c_add a5, a3               : IntAlu :  D=0x0000000000071a51
2859000: system.cpu: T0 : 0x1052c    : sb a4, 0(a5)               : MemWrite :  D=0x00000000000000df A=0x71a51
2859500: system.cpu: T0 : 0x10530    : lw a5, -24(s0)             : MemRead :  D=0x0000000000000009 A=0x7ffffffffffffdb8
2860000: system.cpu: T0 : 0x10534    : c_addiw a5, 1              : IntAlu :  D=0x000000000000000a
2861000: system.cpu: T0 : 0x10536    : sw a5, -24(s0)             : MemWrite :  D=0x000000000000000a A=0x7ffffffffffffdb8
2862000: system.cpu: T0 : 0x1053a    : lw a5, -24(s0)             : MemRead :  D=0x000000000000000a A=0x7ffffffffffffdb8
2863000: system.cpu: T0 : 0x1053e    : addiw a4, a5, 0            : IntAlu :  D=0x000000000000000a
2864000: system.cpu: T0 : 0x10542    : addi a5, zero, 49          : IntAlu :  D=0x0000000000000031
2865000: system.cpu: T0 : 0x10546    : bge a5, a4, -118           : IntAlu : 
2865500: system.cpu: T0 : 0x104d0    : lw a5, -24(s0)             : MemRead :  D=0x000000000000000a A=0x7ffffffffffffdb8
2866000: system.cpu: T0 : 0x104d4    : sw a5, -20(s0)             : MemWrite :  D=0x000000000000000a A=0x7ffffffffffffdbc
2866500: system.cpu: T0 : 0x104d8    : lw a4, -28(s0)             : MemRead :  D=0x00000000000019df A=0x7ffffffffffffdb4
2867000: system.cpu: T0 : 0x104dc    : c_mv a5, a4                : IntAlu :  D=0x00000000000019df
2868000: system.cpu: T0 : 0x104de    : slliw a5, a5, 5            : IntAlu :  D=0x0000000000033be0
2868500: system.cpu: T0 : 0x104e2    : c_addw a5, a4              : IntAlu :  D=0x00000000000355bf
2869000: system.cpu: T0 : 0x104e4    : slliw a5, a5, 2            : IntAlu :  D=0x00000000000d56fc
2869500: system.cpu: T0 : 0x104e8    : c_addw a5, a4              : IntAlu :  D=0x00000000000d70db
2870000: system.cpu: T0 : 0x104ea    : c_addiw a5, 0              : IntAlu :  D=0x00000000000d70db
2870500: system.cpu: T0 : 0x104ec    : addiw a5, a5, 81           : IntAlu :  D=0x00000000000d712c
2871000: system.cpu: T0 : 0x104f0    : c_addiw a5, 0              : IntAlu :  D=0x00000000000d712c
2871500: system.cpu: T0 : 0x104f2    : c_mv a4, a5                : IntAlu :  D=0x00000000000d712c
2872000: system.cpu: T0 : 0x104f4    : c_lui a5, 2                : IntAlu :  D=0x0000000000002000
2873000: system.cpu: T0 : 0x104f6    : addiw a5, a5, -97          : IntAlu :  D=0x0000000000001f9f
2874000: system.cpu: T0 : 0x104fa    : remw a5, a4, a5            : IntDiv :  D=0x0000000000001a18
2875000: system.cpu: T0 : 0x104fe    : sw a5, -28(s0)             : MemWrite :  D=0x0000000000001a18 A=0x7ffffffffffffdb4
2876000: system.cpu: T0 : 0x10502    : lw a4, -28(s0)             : MemRead :  D=0x0000000000001a18 A=0x7ffffffffffffdb4
2877000: system.cpu: T0 : 0x10506    : sraiw a5, a4, 31           : IntAlu :  D=0x0000000000000000
2878000: system.cpu: T0 : 0x1050a    : srliw a5, a5, 24           : IntAlu :  D=0x0000000000000000
2878500: system.cpu: T0 : 0x1050e    : c_addw a4, a5              : IntAlu :  D=0x0000000000001a18
2879000: system.cpu: T0 : 0x10510    : andi a4, a4, 255           : IntAlu :  D=0x0000000000000018
2879500: system.cpu: T0 : 0x10514    : subw a5, a4, a5            : IntAlu :  D=0x0000000000000018
2880000: system.cpu: T0 : 0x10518    : c_addiw a5, 0              : IntAlu :  D=0x0000000000000018
2881000: system.cpu: T0 : 0x1051a    : andi a4, a5, 255           : IntAlu :  D=0x0000000000000018
2882000: system.cpu: T0 : 0x1051e    : auipc a3, 96               : IntAlu :  D=0x000000000007051e
2883000: system.cpu: T0 : 0x10522    : ld a3, 834(a3)             : MemRead :  D=0x0000000000071a48 A=0x70860
2884000: system.cpu: T0 : 0x10526    : lw a5, -24(s0)             : MemRead :  D=0x000000000000000a A=0x7ffffffffffffdb8
2884500: system.cpu: T0 : 0x1052a    : c_add a5, a3               : IntAlu :  D=0x0000000000071a52
2885000: system.cpu: T0 : 0x1052c    : sb a4, 0(a5)               : MemWrite :  D=0x0000000000000018 A=0x71a52
2885500: system.cpu: T0 : 0x10530    : lw a5, -24(s0)             : MemRead :  D=0x000000000000000a A=0x7ffffffffffffdb8
2886000: system.cpu: T0 : 0x10534    : c_addiw a5, 1              : IntAlu :  D=0x000000000000000b
2887000: system.cpu: T0 : 0x10536    : sw a5, -24(s0)             : MemWrite :  D=0x000000000000000b A=0x7ffffffffffffdb8
2888000: system.cpu: T0 : 0x1053a    : lw a5, -24(s0)             : MemRead :  D=0x000000000000000b A=0x7ffffffffffffdb8
2889000: system.cpu: T0 : 0x1053e    : addiw a4, a5, 0            : IntAlu :  D=0x000000000000000b
2890000: system.cpu: T0 : 0x10542    : addi a5, zero, 49          : IntAlu :  D=0x0000000000000031
2891000: system.cpu: T0 : 0x10546    : bge a5, a4, -118           : IntAlu : 
2891500: system.cpu: T0 : 0x104d0    : lw a5, -24(s0)             : MemRead :  D=0x000000000000000b A=0x7ffffffffffffdb8
2892000: system.cpu: T0 : 0x104d4    : sw a5, -20(s0)             : MemWrite :  D=0x000000000000000b A=0x7ffffffffffffdbc
2892500: system.cpu: T0 : 0x104d8    : lw a4, -28(s0)             : MemRead :  D=0x0000000000001a18 A=0x7ffffffffffffdb4
2893000: system.cpu: T0 : 0x104dc    : c_mv a5, a4                : IntAlu :  D=0x0000000000001a18
2894000: system.cpu: T0 : 0x104de    : slliw a5, a5, 5            : IntAlu :  D=0x0000000000034300
2894500: system.cpu: T0 : 0x104e2    : c_addw a5, a4              : IntAlu :  D=0x0000000000035d18
2895000: system.cpu: T0 : 0x104e4    : slliw a5, a5, 2            : IntAlu :  D=0x00000000000d7460
2895500: system.cpu: T0 : 0x104e8    : c_addw a5, a4              : IntAlu :  D=0x00000000000d8e78
2896000: system.cpu: T0 : 0x104ea    : c_addiw a5, 0              : IntAlu :  D=0x00000000000d8e78
2896500: system.cpu: T0 : 0x104ec    : addiw a5, a5, 81           : IntAlu :  D=0x00000000000d8ec9
2897000: system.cpu: T0 : 0x104f0    : c_addiw a5, 0              : IntAlu :  D=0x00000000000d8ec9
2897500: system.cpu: T0 : 0x104f2    : c_mv a4, a5                : IntAlu :  D=0x00000000000d8ec9
2898000: system.cpu: T0 : 0x104f4    : c_lui a5, 2                : IntAlu :  D=0x0000000000002000
2899000: system.cpu: T0 : 0x104f6    : addiw a5, a5, -97          : IntAlu :  D=0x0000000000001f9f
2900000: system.cpu: T0 : 0x104fa    : remw a5, a4, a5            : IntDiv :  D=0x0000000000001816
2901000: system.cpu: T0 : 0x104fe    : sw a5, -28(s0)             : MemWrite :  D=0x0000000000001816 A=0x7ffffffffffffdb4
2902000: system.cpu: T0 : 0x10502    : lw a4, -28(s0)             : MemRead :  D=0x0000000000001816 A=0x7ffffffffffffdb4
2903000: system.cpu: T0 : 0x10506    : sraiw a5, a4, 31           : IntAlu :  D=0x0000000000000000
2904000: system.cpu: T0 : 0x1050a    : srliw a5, a5, 24           : IntAlu :  D=0x0000000000000000
2904500: system.cpu: T0 : 0x1050e    : c_addw a4, a5              : IntAlu :  D=0x0000000000001816
2905000: system.cpu: T0 : 0x10510    : andi a4, a4, 255           : IntAlu :  D=0x0000000000000016
2905500: system.cpu: T0 : 0x10514    : subw a5, a4, a5            : IntAlu :  D=0x0000000000000016
2906000: system.cpu: T0 : 0x10518    : c_addiw a5, 0              : IntAlu :  D=0x0000000000000016
2907000: system.cpu: T0 : 0x1051a    : andi a4, a5, 255           : IntAlu :  D=0x0000000000000016
2908000: system.cpu: T0 : 0x1051e    : auipc a3, 96               : IntAlu :  D=0x000000000007051e
2909000: system.cpu: T0 : 0x10522    : ld a3, 834(a3)             : MemRead :  D=0x0000000000071a48 A=0x70860
2910000: system.cpu: T0 : 0x10526    : lw a5, -24(s0)             : MemRead :  D=0x000000000000000b A=0x7ffffffffffffdb8
2910500: system.cpu: T0 : 0x1052a    : c_add a5, a3               : IntAlu :  D=0x0000000000071a53
2911000: system.cpu: T0 : 0x1052c    : sb a4, 0(a5)               : MemWrite :  D=0x0000000000000016 A=0x71a53
2911500: system.cpu: T0 : 0x10530    : lw a5, -24(s0)             : MemRead :  D=0x000000000000000b A=0x7ffffffffffffdb8
2912000: system.cpu: T0 : 0x10534    : c_addiw a5, 1              : IntAlu :  D=0x000000000000000c
2913000: system.cpu: T0 : 0x10536    : sw a5, -24(s0)             : MemWrite :  D=0x000000000000000c A=0x7ffffffffffffdb8
2914000: system.cpu: T0 : 0x1053a    : lw a5, -24(s0)             : MemRead :  D=0x000000000000000c A=0x7ffffffffffffdb8
2915000: system.cpu: T0 : 0x1053e    : addiw a4, a5, 0            : IntAlu :  D=0x000000000000000c
2916000: system.cpu: T0 : 0x10542    : addi a5, zero, 49          : IntAlu :  D=0x0000000000000031
2917000: system.cpu: T0 : 0x10546    : bge a5, a4, -118           : IntAlu : 
2917500: system.cpu: T0 : 0x104d0    : lw a5, -24(s0)             : MemRead :  D=0x000000000000000c A=0x7ffffffffffffdb8
2918000: system.cpu: T0 : 0x104d4    : sw a5, -20(s0)             : MemWrite :  D=0x000000000000000c A=0x7ffffffffffffdbc
2918500: system.cpu: T0 : 0x104d8    : lw a4, -28(s0)             : MemRead :  D=0x0000000000001816 A=0x7ffffffffffffdb4
2919000: system.cpu: T0 : 0x104dc    : c_mv a5, a4                : IntAlu :  D=0x0000000000001816
2920000: system.cpu: T0 : 0x104de    : slliw a5, a5, 5            : IntAlu :  D=0x00000000000302c0
2920500: system.cpu: T0 : 0x104e2    : c_addw a5, a4              : IntAlu :  D=0x0000000000031ad6
2921000: system.cpu: T0 : 0x104e4    : slliw a5, a5, 2            : IntAlu :  D=0x00000000000c6b58
2921500: system.cpu: T0 : 0x104e8    : c_addw a5, a4              : IntAlu :  D=0x00000000000c836e
2922000: system.cpu: T0 : 0x104ea    : c_addiw a5, 0              : IntAlu :  D=0x00000000000c836e
2922500: system.cpu: T0 : 0x104ec    : addiw a5, a5, 81           : IntAlu :  D=0x00000000000c83bf
2923000: system.cpu: T0 : 0x104f0    : c_addiw a5, 0              : IntAlu :  D=0x00000000000c83bf
2923500: system.cpu: T0 : 0x104f2    : c_mv a4, a5                : IntAlu :  D=0x00000000000c83bf
2924000: system.cpu: T0 : 0x104f4    : c_lui a5, 2                : IntAlu :  D=0x0000000000002000
2925000: system.cpu: T0 : 0x104f6    : addiw a5, a5, -97          : IntAlu :  D=0x0000000000001f9f
2926000: system.cpu: T0 : 0x104fa    : remw a5, a4, a5            : IntDiv :  D=0x0000000000000a04
2927000: system.cpu: T0 : 0x104fe    : sw a5, -28(s0)             : MemWrite :  D=0x0000000000000a04 A=0x7ffffffffffffdb4
2928000: system.cpu: T0 : 0x10502    : lw a4, -28(s0)             : MemRead :  D=0x0000000000000a04 A=0x7ffffffffffffdb4
2929000: system.cpu: T0 : 0x10506    : sraiw a5, a4, 31           : IntAlu :  D=0x0000000000000000
2930000: system.cpu: T0 : 0x1050a    : srliw a5, a5, 24           : IntAlu :  D=0x0000000000000000
2930500: system.cpu: T0 : 0x1050e    : c_addw a4, a5              : IntAlu :  D=0x0000000000000a04
2931000: system.cpu: T0 : 0x10510    : andi a4, a4, 255           : IntAlu :  D=0x0000000000000004
2931500: system.cpu: T0 : 0x10514    : subw a5, a4, a5            : IntAlu :  D=0x0000000000000004
2932000: system.cpu: T0 : 0x10518    : c_addiw a5, 0              : IntAlu :  D=0x0000000000000004
2933000: system.cpu: T0 : 0x1051a    : andi a4, a5, 255           : IntAlu :  D=0x0000000000000004
2934000: system.cpu: T0 : 0x1051e    : auipc a3, 96               : IntAlu :  D=0x000000000007051e
2935000: system.cpu: T0 : 0x10522    : ld a3, 834(a3)             : MemRead :  D=0x0000000000071a48 A=0x70860
2936000: system.cpu: T0 : 0x10526    : lw a5, -24(s0)             : MemRead :  D=0x000000000000000c A=0x7ffffffffffffdb8
2936500: system.cpu: T0 : 0x1052a    : c_add a5, a3               : IntAlu :  D=0x0000000000071a54
2937000: system.cpu: T0 : 0x1052c    : sb a4, 0(a5)               : MemWrite :  D=0x0000000000000004 A=0x71a54
2937500: system.cpu: T0 : 0x10530    : lw a5, -24(s0)             : MemRead :  D=0x000000000000000c A=0x7ffffffffffffdb8
2938000: system.cpu: T0 : 0x10534    : c_addiw a5, 1              : IntAlu :  D=0x000000000000000d
2939000: system.cpu: T0 : 0x10536    : sw a5, -24(s0)             : MemWrite :  D=0x000000000000000d A=0x7ffffffffffffdb8
2940000: system.cpu: T0 : 0x1053a    : lw a5, -24(s0)             : MemRead :  D=0x000000000000000d A=0x7ffffffffffffdb8
2941000: system.cpu: T0 : 0x1053e    : addiw a4, a5, 0            : IntAlu :  D=0x000000000000000d
2942000: system.cpu: T0 : 0x10542    : addi a5, zero, 49          : IntAlu :  D=0x0000000000000031
2943000: system.cpu: T0 : 0x10546    : bge a5, a4, -118           : IntAlu : 
2943500: system.cpu: T0 : 0x104d0    : lw a5, -24(s0)             : MemRead :  D=0x000000000000000d A=0x7ffffffffffffdb8
2944000: system.cpu: T0 : 0x104d4    : sw a5, -20(s0)             : MemWrite :  D=0x000000000000000d A=0x7ffffffffffffdbc
2944500: system.cpu: T0 : 0x104d8    : lw a4, -28(s0)             : MemRead :  D=0x0000000000000a04 A=0x7ffffffffffffdb4
2945000: system.cpu: T0 : 0x104dc    : c_mv a5, a4                : IntAlu :  D=0x0000000000000a04
2946000: system.cpu: T0 : 0x104de    : slliw a5, a5, 5            : IntAlu :  D=0x0000000000014080
2946500: system.cpu: T0 : 0x104e2    : c_addw a5, a4              : IntAlu :  D=0x0000000000014a84
2947000: system.cpu: T0 : 0x104e4    : slliw a5, a5, 2            : IntAlu :  D=0x0000000000052a10
2947500: system.cpu: T0 : 0x104e8    : c_addw a5, a4              : IntAlu :  D=0x0000000000053414
2948000: system.cpu: T0 : 0x104ea    : c_addiw a5, 0              : IntAlu :  D=0x0000000000053414
2948500: system.cpu: T0 : 0x104ec    : addiw a5, a5, 81           : IntAlu :  D=0x0000000000053465
2949000: system.cpu: T0 : 0x104f0    : c_addiw a5, 0              : IntAlu :  D=0x0000000000053465
2949500: system.cpu: T0 : 0x104f2    : c_mv a4, a5                : IntAlu :  D=0x0000000000053465
2950000: system.cpu: T0 : 0x104f4    : c_lui a5, 2                : IntAlu :  D=0x0000000000002000
2951000: system.cpu: T0 : 0x104f6    : addiw a5, a5, -97          : IntAlu :  D=0x0000000000001f9f
2952000: system.cpu: T0 : 0x104fa    : remw a5, a4, a5            : IntDiv :  D=0x000000000000044f
2953000: system.cpu: T0 : 0x104fe    : sw a5, -28(s0)             : MemWrite :  D=0x000000000000044f A=0x7ffffffffffffdb4
2954000: system.cpu: T0 : 0x10502    : lw a4, -28(s0)             : MemRead :  D=0x000000000000044f A=0x7ffffffffffffdb4
2955000: system.cpu: T0 : 0x10506    : sraiw a5, a4, 31           : IntAlu :  D=0x0000000000000000
2956000: system.cpu: T0 : 0x1050a    : srliw a5, a5, 24           : IntAlu :  D=0x0000000000000000
2956500: system.cpu: T0 : 0x1050e    : c_addw a4, a5              : IntAlu :  D=0x000000000000044f
2957000: system.cpu: T0 : 0x10510    : andi a4, a4, 255           : IntAlu :  D=0x000000000000004f
2957500: system.cpu: T0 : 0x10514    : subw a5, a4, a5            : IntAlu :  D=0x000000000000004f
2958000: system.cpu: T0 : 0x10518    : c_addiw a5, 0              : IntAlu :  D=0x000000000000004f
2959000: system.cpu: T0 : 0x1051a    : andi a4, a5, 255           : IntAlu :  D=0x000000000000004f
2960000: system.cpu: T0 : 0x1051e    : auipc a3, 96               : IntAlu :  D=0x000000000007051e
2961000: system.cpu: T0 : 0x10522    : ld a3, 834(a3)             : MemRead :  D=0x0000000000071a48 A=0x70860
2962000: system.cpu: T0 : 0x10526    : lw a5, -24(s0)             : MemRead :  D=0x000000000000000d A=0x7ffffffffffffdb8
2962500: system.cpu: T0 : 0x1052a    : c_add a5, a3               : IntAlu :  D=0x0000000000071a55
2963000: system.cpu: T0 : 0x1052c    : sb a4, 0(a5)               : MemWrite :  D=0x000000000000004f A=0x71a55
2963500: system.cpu: T0 : 0x10530    : lw a5, -24(s0)             : MemRead :  D=0x000000000000000d A=0x7ffffffffffffdb8
2964000: system.cpu: T0 : 0x10534    : c_addiw a5, 1              : IntAlu :  D=0x000000000000000e
2965000: system.cpu: T0 : 0x10536    : sw a5, -24(s0)             : MemWrite :  D=0x000000000000000e A=0x7ffffffffffffdb8
2966000: system.cpu: T0 : 0x1053a    : lw a5, -24(s0)             : MemRead :  D=0x000000000000000e A=0x7ffffffffffffdb8
2967000: system.cpu: T0 : 0x1053e    : addiw a4, a5, 0            : IntAlu :  D=0x000000000000000e
2968000: system.cpu: T0 : 0x10542    : addi a5, zero, 49          : IntAlu :  D=0x0000000000000031
2969000: system.cpu: T0 : 0x10546    : bge a5, a4, -118           : IntAlu : 
2969500: system.cpu: T0 : 0x104d0    : lw a5, -24(s0)             : MemRead :  D=0x000000000000000e A=0x7ffffffffffffdb8
2970000: system.cpu: T0 : 0x104d4    : sw a5, -20(s0)             : MemWrite :  D=0x000000000000000e A=0x7ffffffffffffdbc
2970500: system.cpu: T0 : 0x104d8    : lw a4, -28(s0)             : MemRead :  D=0x000000000000044f A=0x7ffffffffffffdb4
2971000: system.cpu: T0 : 0x104dc    : c_mv a5, a4                : IntAlu :  D=0x000000000000044f
2972000: system.cpu: T0 : 0x104de    : slliw a5, a5, 5            : IntAlu :  D=0x00000000000089e0
2972500: system.cpu: T0 : 0x104e2    : c_addw a5, a4              : IntAlu :  D=0x0000000000008e2f
2973000: system.cpu: T0 : 0x104e4    : slliw a5, a5, 2            : IntAlu :  D=0x00000000000238bc
2973500: system.cpu: T0 : 0x104e8    : c_addw a5, a4              : IntAlu :  D=0x0000000000023d0b
2974000: system.cpu: T0 : 0x104ea    : c_addiw a5, 0              : IntAlu :  D=0x0000000000023d0b
2974500: system.cpu: T0 : 0x104ec    : addiw a5, a5, 81           : IntAlu :  D=0x0000000000023d5c
2975000: system.cpu: T0 : 0x104f0    : c_addiw a5, 0              : IntAlu :  D=0x0000000000023d5c
2975500: system.cpu: T0 : 0x104f2    : c_mv a4, a5                : IntAlu :  D=0x0000000000023d5c
2976000: system.cpu: T0 : 0x104f4    : c_lui a5, 2                : IntAlu :  D=0x0000000000002000
2977000: system.cpu: T0 : 0x104f6    : addiw a5, a5, -97          : IntAlu :  D=0x0000000000001f9f
2978000: system.cpu: T0 : 0x104fa    : remw a5, a4, a5            : IntDiv :  D=0x000000000000042e
2979000: system.cpu: T0 : 0x104fe    : sw a5, -28(s0)             : MemWrite :  D=0x000000000000042e A=0x7ffffffffffffdb4
2980000: system.cpu: T0 : 0x10502    : lw a4, -28(s0)             : MemRead :  D=0x000000000000042e A=0x7ffffffffffffdb4
2981000: system.cpu: T0 : 0x10506    : sraiw a5, a4, 31           : IntAlu :  D=0x0000000000000000
2982000: system.cpu: T0 : 0x1050a    : srliw a5, a5, 24           : IntAlu :  D=0x0000000000000000
2982500: system.cpu: T0 : 0x1050e    : c_addw a4, a5              : IntAlu :  D=0x000000000000042e
2983000: system.cpu: T0 : 0x10510    : andi a4, a4, 255           : IntAlu :  D=0x000000000000002e
2983500: system.cpu: T0 : 0x10514    : subw a5, a4, a5            : IntAlu :  D=0x000000000000002e
2984000: system.cpu: T0 : 0x10518    : c_addiw a5, 0              : IntAlu :  D=0x000000000000002e
2985000: system.cpu: T0 : 0x1051a    : andi a4, a5, 255           : IntAlu :  D=0x000000000000002e
2986000: system.cpu: T0 : 0x1051e    : auipc a3, 96               : IntAlu :  D=0x000000000007051e
2987000: system.cpu: T0 : 0x10522    : ld a3, 834(a3)             : MemRead :  D=0x0000000000071a48 A=0x70860
2988000: system.cpu: T0 : 0x10526    : lw a5, -24(s0)             : MemRead :  D=0x000000000000000e A=0x7ffffffffffffdb8
2988500: system.cpu: T0 : 0x1052a    : c_add a5, a3               : IntAlu :  D=0x0000000000071a56
2989000: system.cpu: T0 : 0x1052c    : sb a4, 0(a5)               : MemWrite :  D=0x000000000000002e A=0x71a56
2989500: system.cpu: T0 : 0x10530    : lw a5, -24(s0)             : MemRead :  D=0x000000000000000e A=0x7ffffffffffffdb8
2990000: system.cpu: T0 : 0x10534    : c_addiw a5, 1              : IntAlu :  D=0x000000000000000f
2991000: system.cpu: T0 : 0x10536    : sw a5, -24(s0)             : MemWrite :  D=0x000000000000000f A=0x7ffffffffffffdb8
2992000: system.cpu: T0 : 0x1053a    : lw a5, -24(s0)             : MemRead :  D=0x000000000000000f A=0x7ffffffffffffdb8
2993000: system.cpu: T0 : 0x1053e    : addiw a4, a5, 0            : IntAlu :  D=0x000000000000000f
2994000: system.cpu: T0 : 0x10542    : addi a5, zero, 49          : IntAlu :  D=0x0000000000000031
2995000: system.cpu: T0 : 0x10546    : bge a5, a4, -118           : IntAlu : 
2995500: system.cpu: T0 : 0x104d0    : lw a5, -24(s0)             : MemRead :  D=0x000000000000000f A=0x7ffffffffffffdb8
2996000: system.cpu: T0 : 0x104d4    : sw a5, -20(s0)             : MemWrite :  D=0x000000000000000f A=0x7ffffffffffffdbc
2996500: system.cpu: T0 : 0x104d8    : lw a4, -28(s0)             : MemRead :  D=0x000000000000042e A=0x7ffffffffffffdb4
2997000: system.cpu: T0 : 0x104dc    : c_mv a5, a4                : IntAlu :  D=0x000000000000042e
2998000: system.cpu: T0 : 0x104de    : slliw a5, a5, 5            : IntAlu :  D=0x00000000000085c0
2998500: system.cpu: T0 : 0x104e2    : c_addw a5, a4              : IntAlu :  D=0x00000000000089ee
2999000: system.cpu: T0 : 0x104e4    : slliw a5, a5, 2            : IntAlu :  D=0x00000000000227b8
2999500: system.cpu: T0 : 0x104e8    : c_addw a5, a4              : IntAlu :  D=0x0000000000022be6
3000000: system.cpu: T0 : 0x104ea    : c_addiw a5, 0              : IntAlu :  D=0x0000000000022be6
3000500: system.cpu: T0 : 0x104ec    : addiw a5, a5, 81           : IntAlu :  D=0x0000000000022c37
3001000: system.cpu: T0 : 0x104f0    : c_addiw a5, 0              : IntAlu :  D=0x0000000000022c37
3001500: system.cpu: T0 : 0x104f2    : c_mv a4, a5                : IntAlu :  D=0x0000000000022c37
3002000: system.cpu: T0 : 0x104f4    : c_lui a5, 2                : IntAlu :  D=0x0000000000002000
3003000: system.cpu: T0 : 0x104f6    : addiw a5, a5, -97          : IntAlu :  D=0x0000000000001f9f
3004000: system.cpu: T0 : 0x104fa    : remw a5, a4, a5            : IntDiv :  D=0x00000000000012a8
3005000: system.cpu: T0 : 0x104fe    : sw a5, -28(s0)             : MemWrite :  D=0x00000000000012a8 A=0x7ffffffffffffdb4
3006000: system.cpu: T0 : 0x10502    : lw a4, -28(s0)             : MemRead :  D=0x00000000000012a8 A=0x7ffffffffffffdb4
3007000: system.cpu: T0 : 0x10506    : sraiw a5, a4, 31           : IntAlu :  D=0x0000000000000000
3008000: system.cpu: T0 : 0x1050a    : srliw a5, a5, 24           : IntAlu :  D=0x0000000000000000
3008500: system.cpu: T0 : 0x1050e    : c_addw a4, a5              : IntAlu :  D=0x00000000000012a8
3009000: system.cpu: T0 : 0x10510    : andi a4, a4, 255           : IntAlu :  D=0x00000000000000a8
3009500: system.cpu: T0 : 0x10514    : subw a5, a4, a5            : IntAlu :  D=0x00000000000000a8
3010000: system.cpu: T0 : 0x10518    : c_addiw a5, 0              : IntAlu :  D=0x00000000000000a8
3011000: system.cpu: T0 : 0x1051a    : andi a4, a5, 255           : IntAlu :  D=0x00000000000000a8
3012000: system.cpu: T0 : 0x1051e    : auipc a3, 96               : IntAlu :  D=0x000000000007051e
3013000: system.cpu: T0 : 0x10522    : ld a3, 834(a3)             : MemRead :  D=0x0000000000071a48 A=0x70860
3014000: system.cpu: T0 : 0x10526    : lw a5, -24(s0)             : MemRead :  D=0x000000000000000f A=0x7ffffffffffffdb8
3014500: system.cpu: T0 : 0x1052a    : c_add a5, a3               : IntAlu :  D=0x0000000000071a57
3015000: system.cpu: T0 : 0x1052c    : sb a4, 0(a5)               : MemWrite :  D=0x00000000000000a8 A=0x71a57
3015500: system.cpu: T0 : 0x10530    : lw a5, -24(s0)             : MemRead :  D=0x000000000000000f A=0x7ffffffffffffdb8
3016000: system.cpu: T0 : 0x10534    : c_addiw a5, 1              : IntAlu :  D=0x0000000000000010
3017000: system.cpu: T0 : 0x10536    : sw a5, -24(s0)             : MemWrite :  D=0x0000000000000010 A=0x7ffffffffffffdb8
3018000: system.cpu: T0 : 0x1053a    : lw a5, -24(s0)             : MemRead :  D=0x0000000000000010 A=0x7ffffffffffffdb8
3019000: system.cpu: T0 : 0x1053e    : addiw a4, a5, 0            : IntAlu :  D=0x0000000000000010
3020000: system.cpu: T0 : 0x10542    : addi a5, zero, 49          : IntAlu :  D=0x0000000000000031
3021000: system.cpu: T0 : 0x10546    : bge a5, a4, -118           : IntAlu : 
3021500: system.cpu: T0 : 0x104d0    : lw a5, -24(s0)             : MemRead :  D=0x0000000000000010 A=0x7ffffffffffffdb8
3022000: system.cpu: T0 : 0x104d4    : sw a5, -20(s0)             : MemWrite :  D=0x0000000000000010 A=0x7ffffffffffffdbc
3022500: system.cpu: T0 : 0x104d8    : lw a4, -28(s0)             : MemRead :  D=0x00000000000012a8 A=0x7ffffffffffffdb4
3023000: system.cpu: T0 : 0x104dc    : c_mv a5, a4                : IntAlu :  D=0x00000000000012a8
3024000: system.cpu: T0 : 0x104de    : slliw a5, a5, 5            : IntAlu :  D=0x0000000000025500
3024500: system.cpu: T0 : 0x104e2    : c_addw a5, a4              : IntAlu :  D=0x00000000000267a8
3025000: system.cpu: T0 : 0x104e4    : slliw a5, a5, 2            : IntAlu :  D=0x0000000000099ea0
3025500: system.cpu: T0 : 0x104e8    : c_addw a5, a4              : IntAlu :  D=0x000000000009b148
3026000: system.cpu: T0 : 0x104ea    : c_addiw a5, 0              : IntAlu :  D=0x000000000009b148
3026500: system.cpu: T0 : 0x104ec    : addiw a5, a5, 81           : IntAlu :  D=0x000000000009b199
3027000: system.cpu: T0 : 0x104f0    : c_addiw a5, 0              : IntAlu :  D=0x000000000009b199
3027500: system.cpu: T0 : 0x104f2    : c_mv a4, a5                : IntAlu :  D=0x000000000009b199
3028000: system.cpu: T0 : 0x104f4    : c_lui a5, 2                : IntAlu :  D=0x0000000000002000
3029000: system.cpu: T0 : 0x104f6    : addiw a5, a5, -97          : IntAlu :  D=0x0000000000001f9f
3030000: system.cpu: T0 : 0x104fa    : remw a5, a4, a5            : IntDiv :  D=0x0000000000000f27
3031000: system.cpu: T0 : 0x104fe    : sw a5, -28(s0)             : MemWrite :  D=0x0000000000000f27 A=0x7ffffffffffffdb4
3032000: system.cpu: T0 : 0x10502    : lw a4, -28(s0)             : MemRead :  D=0x0000000000000f27 A=0x7ffffffffffffdb4
3033000: system.cpu: T0 : 0x10506    : sraiw a5, a4, 31           : IntAlu :  D=0x0000000000000000
3034000: system.cpu: T0 : 0x1050a    : srliw a5, a5, 24           : IntAlu :  D=0x0000000000000000
3034500: system.cpu: T0 : 0x1050e    : c_addw a4, a5              : IntAlu :  D=0x0000000000000f27
3035000: system.cpu: T0 : 0x10510    : andi a4, a4, 255           : IntAlu :  D=0x0000000000000027
3035500: system.cpu: T0 : 0x10514    : subw a5, a4, a5            : IntAlu :  D=0x0000000000000027
3036000: system.cpu: T0 : 0x10518    : c_addiw a5, 0              : IntAlu :  D=0x0000000000000027
3037000: system.cpu: T0 : 0x1051a    : andi a4, a5, 255           : IntAlu :  D=0x0000000000000027
3038000: system.cpu: T0 : 0x1051e    : auipc a3, 96               : IntAlu :  D=0x000000000007051e
3039000: system.cpu: T0 : 0x10522    : ld a3, 834(a3)             : MemRead :  D=0x0000000000071a48 A=0x70860
3040000: system.cpu: T0 : 0x10526    : lw a5, -24(s0)             : MemRead :  D=0x0000000000000010 A=0x7ffffffffffffdb8
3040500: system.cpu: T0 : 0x1052a    : c_add a5, a3               : IntAlu :  D=0x0000000000071a58
3041000: system.cpu: T0 : 0x1052c    : sb a4, 0(a5)               : MemWrite :  D=0x0000000000000027 A=0x71a58
3041500: system.cpu: T0 : 0x10530    : lw a5, -24(s0)             : MemRead :  D=0x0000000000000010 A=0x7ffffffffffffdb8
3042000: system.cpu: T0 : 0x10534    : c_addiw a5, 1              : IntAlu :  D=0x0000000000000011
3043000: system.cpu: T0 : 0x10536    : sw a5, -24(s0)             : MemWrite :  D=0x0000000000000011 A=0x7ffffffffffffdb8
3044000: system.cpu: T0 : 0x1053a    : lw a5, -24(s0)             : MemRead :  D=0x0000000000000011 A=0x7ffffffffffffdb8
3045000: system.cpu: T0 : 0x1053e    : addiw a4, a5, 0            : IntAlu :  D=0x0000000000000011
3046000: system.cpu: T0 : 0x10542    : addi a5, zero, 49          : IntAlu :  D=0x0000000000000031
3047000: system.cpu: T0 : 0x10546    : bge a5, a4, -118           : IntAlu : 
3047500: system.cpu: T0 : 0x104d0    : lw a5, -24(s0)             : MemRead :  D=0x0000000000000011 A=0x7ffffffffffffdb8
3048000: system.cpu: T0 : 0x104d4    : sw a5, -20(s0)             : MemWrite :  D=0x0000000000000011 A=0x7ffffffffffffdbc
3048500: system.cpu: T0 : 0x104d8    : lw a4, -28(s0)             : MemRead :  D=0x0000000000000f27 A=0x7ffffffffffffdb4
3049000: system.cpu: T0 : 0x104dc    : c_mv a5, a4                : IntAlu :  D=0x0000000000000f27
3050000: system.cpu: T0 : 0x104de    : slliw a5, a5, 5            : IntAlu :  D=0x000000000001e4e0
3050500: system.cpu: T0 : 0x104e2    : c_addw a5, a4              : IntAlu :  D=0x000000000001f407
3051000: system.cpu: T0 : 0x104e4    : slliw a5, a5, 2            : IntAlu :  D=0x000000000007d01c
3051500: system.cpu: T0 : 0x104e8    : c_addw a5, a4              : IntAlu :  D=0x000000000007df43
3052000: system.cpu: T0 : 0x104ea    : c_addiw a5, 0              : IntAlu :  D=0x000000000007df43
3052500: system.cpu: T0 : 0x104ec    : addiw a5, a5, 81           : IntAlu :  D=0x000000000007df94
3053000: system.cpu: T0 : 0x104f0    : c_addiw a5, 0              : IntAlu :  D=0x000000000007df94
3053500: system.cpu: T0 : 0x104f2    : c_mv a4, a5                : IntAlu :  D=0x000000000007df94
3054000: system.cpu: T0 : 0x104f4    : c_lui a5, 2                : IntAlu :  D=0x0000000000002000
3055000: system.cpu: T0 : 0x104f6    : addiw a5, a5, -97          : IntAlu :  D=0x0000000000001f9f
3056000: system.cpu: T0 : 0x104fa    : remw a5, a4, a5            : IntDiv :  D=0x0000000000001773
3057000: system.cpu: T0 : 0x104fe    : sw a5, -28(s0)             : MemWrite :  D=0x0000000000001773 A=0x7ffffffffffffdb4
3058000: system.cpu: T0 : 0x10502    : lw a4, -28(s0)             : MemRead :  D=0x0000000000001773 A=0x7ffffffffffffdb4
3059000: system.cpu: T0 : 0x10506    : sraiw a5, a4, 31           : IntAlu :  D=0x0000000000000000
3060000: system.cpu: T0 : 0x1050a    : srliw a5, a5, 24           : IntAlu :  D=0x0000000000000000
3060500: system.cpu: T0 : 0x1050e    : c_addw a4, a5              : IntAlu :  D=0x0000000000001773
3061000: system.cpu: T0 : 0x10510    : andi a4, a4, 255           : IntAlu :  D=0x0000000000000073
3061500: system.cpu: T0 : 0x10514    : subw a5, a4, a5            : IntAlu :  D=0x0000000000000073
3062000: system.cpu: T0 : 0x10518    : c_addiw a5, 0              : IntAlu :  D=0x0000000000000073
3063000: system.cpu: T0 : 0x1051a    : andi a4, a5, 255           : IntAlu :  D=0x0000000000000073
3064000: system.cpu: T0 : 0x1051e    : auipc a3, 96               : IntAlu :  D=0x000000000007051e
3065000: system.cpu: T0 : 0x10522    : ld a3, 834(a3)             : MemRead :  D=0x0000000000071a48 A=0x70860
3066000: system.cpu: T0 : 0x10526    : lw a5, -24(s0)             : MemRead :  D=0x0000000000000011 A=0x7ffffffffffffdb8
3066500: system.cpu: T0 : 0x1052a    : c_add a5, a3               : IntAlu :  D=0x0000000000071a59
3067000: system.cpu: T0 : 0x1052c    : sb a4, 0(a5)               : MemWrite :  D=0x0000000000000073 A=0x71a59
3067500: system.cpu: T0 : 0x10530    : lw a5, -24(s0)             : MemRead :  D=0x0000000000000011 A=0x7ffffffffffffdb8
3068000: system.cpu: T0 : 0x10534    : c_addiw a5, 1              : IntAlu :  D=0x0000000000000012
3069000: system.cpu: T0 : 0x10536    : sw a5, -24(s0)             : MemWrite :  D=0x0000000000000012 A=0x7ffffffffffffdb8
3070000: system.cpu: T0 : 0x1053a    : lw a5, -24(s0)             : MemRead :  D=0x0000000000000012 A=0x7ffffffffffffdb8
3071000: system.cpu: T0 : 0x1053e    : addiw a4, a5, 0            : IntAlu :  D=0x0000000000000012
3072000: system.cpu: T0 : 0x10542    : addi a5, zero, 49          : IntAlu :  D=0x0000000000000031
3073000: system.cpu: T0 : 0x10546    : bge a5, a4, -118           : IntAlu : 
3073500: system.cpu: T0 : 0x104d0    : lw a5, -24(s0)             : MemRead :  D=0x0000000000000012 A=0x7ffffffffffffdb8
3074000: system.cpu: T0 : 0x104d4    : sw a5, -20(s0)             : MemWrite :  D=0x0000000000000012 A=0x7ffffffffffffdbc
3074500: system.cpu: T0 : 0x104d8    : lw a4, -28(s0)             : MemRead :  D=0x0000000000001773 A=0x7ffffffffffffdb4
3075000: system.cpu: T0 : 0x104dc    : c_mv a5, a4                : IntAlu :  D=0x0000000000001773
3076000: system.cpu: T0 : 0x104de    : slliw a5, a5, 5            : IntAlu :  D=0x000000000002ee60
3076500: system.cpu: T0 : 0x104e2    : c_addw a5, a4              : IntAlu :  D=0x00000000000305d3
3077000: system.cpu: T0 : 0x104e4    : slliw a5, a5, 2            : IntAlu :  D=0x00000000000c174c
3077500: system.cpu: T0 : 0x104e8    : c_addw a5, a4              : IntAlu :  D=0x00000000000c2ebf
3078000: system.cpu: T0 : 0x104ea    : c_addiw a5, 0              : IntAlu :  D=0x00000000000c2ebf
3078500: system.cpu: T0 : 0x104ec    : addiw a5, a5, 81           : IntAlu :  D=0x00000000000c2f10
3079000: system.cpu: T0 : 0x104f0    : c_addiw a5, 0              : IntAlu :  D=0x00000000000c2f10
3079500: system.cpu: T0 : 0x104f2    : c_mv a4, a5                : IntAlu :  D=0x00000000000c2f10
3080000: system.cpu: T0 : 0x104f4    : c_lui a5, 2                : IntAlu :  D=0x0000000000002000
3081000: system.cpu: T0 : 0x104f6    : addiw a5, a5, -97          : IntAlu :  D=0x0000000000001f9f
3082000: system.cpu: T0 : 0x104fa    : remw a5, a4, a5            : IntDiv :  D=0x0000000000001432
3083000: system.cpu: T0 : 0x104fe    : sw a5, -28(s0)             : MemWrite :  D=0x0000000000001432 A=0x7ffffffffffffdb4
3084000: system.cpu: T0 : 0x10502    : lw a4, -28(s0)             : MemRead :  D=0x0000000000001432 A=0x7ffffffffffffdb4
3085000: system.cpu: T0 : 0x10506    : sraiw a5, a4, 31           : IntAlu :  D=0x0000000000000000
3086000: system.cpu: T0 : 0x1050a    : srliw a5, a5, 24           : IntAlu :  D=0x0000000000000000
3086500: system.cpu: T0 : 0x1050e    : c_addw a4, a5              : IntAlu :  D=0x0000000000001432
3087000: system.cpu: T0 : 0x10510    : andi a4, a4, 255           : IntAlu :  D=0x0000000000000032
3087500: system.cpu: T0 : 0x10514    : subw a5, a4, a5            : IntAlu :  D=0x0000000000000032
3088000: system.cpu: T0 : 0x10518    : c_addiw a5, 0              : IntAlu :  D=0x0000000000000032
3089000: system.cpu: T0 : 0x1051a    : andi a4, a5, 255           : IntAlu :  D=0x0000000000000032
3090000: system.cpu: T0 : 0x1051e    : auipc a3, 96               : IntAlu :  D=0x000000000007051e
3091000: system.cpu: T0 : 0x10522    : ld a3, 834(a3)             : MemRead :  D=0x0000000000071a48 A=0x70860
3092000: system.cpu: T0 : 0x10526    : lw a5, -24(s0)             : MemRead :  D=0x0000000000000012 A=0x7ffffffffffffdb8
3092500: system.cpu: T0 : 0x1052a    : c_add a5, a3               : IntAlu :  D=0x0000000000071a5a
3093000: system.cpu: T0 : 0x1052c    : sb a4, 0(a5)               : MemWrite :  D=0x0000000000000032 A=0x71a5a
3093500: system.cpu: T0 : 0x10530    : lw a5, -24(s0)             : MemRead :  D=0x0000000000000012 A=0x7ffffffffffffdb8
3094000: system.cpu: T0 : 0x10534    : c_addiw a5, 1              : IntAlu :  D=0x0000000000000013
3095000: system.cpu: T0 : 0x10536    : sw a5, -24(s0)             : MemWrite :  D=0x0000000000000013 A=0x7ffffffffffffdb8
3096000: system.cpu: T0 : 0x1053a    : lw a5, -24(s0)             : MemRead :  D=0x0000000000000013 A=0x7ffffffffffffdb8
3097000: system.cpu: T0 : 0x1053e    : addiw a4, a5, 0            : IntAlu :  D=0x0000000000000013
3098000: system.cpu: T0 : 0x10542    : addi a5, zero, 49          : IntAlu :  D=0x0000000000000031
3099000: system.cpu: T0 : 0x10546    : bge a5, a4, -118           : IntAlu : 
3099500: system.cpu: T0 : 0x104d0    : lw a5, -24(s0)             : MemRead :  D=0x0000000000000013 A=0x7ffffffffffffdb8
3100000: system.cpu: T0 : 0x104d4    : sw a5, -20(s0)             : MemWrite :  D=0x0000000000000013 A=0x7ffffffffffffdbc
3100500: system.cpu: T0 : 0x104d8    : lw a4, -28(s0)             : MemRead :  D=0x0000000000001432 A=0x7ffffffffffffdb4
3101000: system.cpu: T0 : 0x104dc    : c_mv a5, a4                : IntAlu :  D=0x0000000000001432
3102000: system.cpu: T0 : 0x104de    : slliw a5, a5, 5            : IntAlu :  D=0x0000000000028640
3102500: system.cpu: T0 : 0x104e2    : c_addw a5, a4              : IntAlu :  D=0x0000000000029a72
3103000: system.cpu: T0 : 0x104e4    : slliw a5, a5, 2            : IntAlu :  D=0x00000000000a69c8
3103500: system.cpu: T0 : 0x104e8    : c_addw a5, a4              : IntAlu :  D=0x00000000000a7dfa
3104000: system.cpu: T0 : 0x104ea    : c_addiw a5, 0              : IntAlu :  D=0x00000000000a7dfa
3104500: system.cpu: T0 : 0x104ec    : addiw a5, a5, 81           : IntAlu :  D=0x00000000000a7e4b
3105000: system.cpu: T0 : 0x104f0    : c_addiw a5, 0              : IntAlu :  D=0x00000000000a7e4b
3105500: system.cpu: T0 : 0x104f2    : c_mv a4, a5                : IntAlu :  D=0x00000000000a7e4b
3106000: system.cpu: T0 : 0x104f4    : c_lui a5, 2                : IntAlu :  D=0x0000000000002000
3107000: system.cpu: T0 : 0x104f6    : addiw a5, a5, -97          : IntAlu :  D=0x0000000000001f9f
3108000: system.cpu: T0 : 0x104fa    : remw a5, a4, a5            : IntDiv :  D=0x0000000000001e1f
3109000: system.cpu: T0 : 0x104fe    : sw a5, -28(s0)             : MemWrite :  D=0x0000000000001e1f A=0x7ffffffffffffdb4
3110000: system.cpu: T0 : 0x10502    : lw a4, -28(s0)             : MemRead :  D=0x0000000000001e1f A=0x7ffffffffffffdb4
3111000: system.cpu: T0 : 0x10506    : sraiw a5, a4, 31           : IntAlu :  D=0x0000000000000000
3112000: system.cpu: T0 : 0x1050a    : srliw a5, a5, 24           : IntAlu :  D=0x0000000000000000
3112500: system.cpu: T0 : 0x1050e    : c_addw a4, a5              : IntAlu :  D=0x0000000000001e1f
3113000: system.cpu: T0 : 0x10510    : andi a4, a4, 255           : IntAlu :  D=0x000000000000001f
3113500: system.cpu: T0 : 0x10514    : subw a5, a4, a5            : IntAlu :  D=0x000000000000001f
3114000: system.cpu: T0 : 0x10518    : c_addiw a5, 0              : IntAlu :  D=0x000000000000001f
3115000: system.cpu: T0 : 0x1051a    : andi a4, a5, 255           : IntAlu :  D=0x000000000000001f
3116000: system.cpu: T0 : 0x1051e    : auipc a3, 96               : IntAlu :  D=0x000000000007051e
3117000: system.cpu: T0 : 0x10522    : ld a3, 834(a3)             : MemRead :  D=0x0000000000071a48 A=0x70860
3118000: system.cpu: T0 : 0x10526    : lw a5, -24(s0)             : MemRead :  D=0x0000000000000013 A=0x7ffffffffffffdb8
3118500: system.cpu: T0 : 0x1052a    : c_add a5, a3               : IntAlu :  D=0x0000000000071a5b
3119000: system.cpu: T0 : 0x1052c    : sb a4, 0(a5)               : MemWrite :  D=0x000000000000001f A=0x71a5b
3119500: system.cpu: T0 : 0x10530    : lw a5, -24(s0)             : MemRead :  D=0x0000000000000013 A=0x7ffffffffffffdb8
3120000: system.cpu: T0 : 0x10534    : c_addiw a5, 1              : IntAlu :  D=0x0000000000000014
3121000: system.cpu: T0 : 0x10536    : sw a5, -24(s0)             : MemWrite :  D=0x0000000000000014 A=0x7ffffffffffffdb8
3122000: system.cpu: T0 : 0x1053a    : lw a5, -24(s0)             : MemRead :  D=0x0000000000000014 A=0x7ffffffffffffdb8
3123000: system.cpu: T0 : 0x1053e    : addiw a4, a5, 0            : IntAlu :  D=0x0000000000000014
3124000: system.cpu: T0 : 0x10542    : addi a5, zero, 49          : IntAlu :  D=0x0000000000000031
3125000: system.cpu: T0 : 0x10546    : bge a5, a4, -118           : IntAlu : 
3125500: system.cpu: T0 : 0x104d0    : lw a5, -24(s0)             : MemRead :  D=0x0000000000000014 A=0x7ffffffffffffdb8
3126000: system.cpu: T0 : 0x104d4    : sw a5, -20(s0)             : MemWrite :  D=0x0000000000000014 A=0x7ffffffffffffdbc
3126500: system.cpu: T0 : 0x104d8    : lw a4, -28(s0)             : MemRead :  D=0x0000000000001e1f A=0x7ffffffffffffdb4
3127000: system.cpu: T0 : 0x104dc    : c_mv a5, a4                : IntAlu :  D=0x0000000000001e1f
3128000: system.cpu: T0 : 0x104de    : slliw a5, a5, 5            : IntAlu :  D=0x000000000003c3e0
3128500: system.cpu: T0 : 0x104e2    : c_addw a5, a4              : IntAlu :  D=0x000000000003e1ff
3129000: system.cpu: T0 : 0x104e4    : slliw a5, a5, 2            : IntAlu :  D=0x00000000000f87fc
3129500: system.cpu: T0 : 0x104e8    : c_addw a5, a4              : IntAlu :  D=0x00000000000fa61b
3130000: system.cpu: T0 : 0x104ea    : c_addiw a5, 0              : IntAlu :  D=0x00000000000fa61b
3130500: system.cpu: T0 : 0x104ec    : addiw a5, a5, 81           : IntAlu :  D=0x00000000000fa66c
3131000: system.cpu: T0 : 0x104f0    : c_addiw a5, 0              : IntAlu :  D=0x00000000000fa66c
3131500: system.cpu: T0 : 0x104f2    : c_mv a4, a5                : IntAlu :  D=0x00000000000fa66c
3132000: system.cpu: T0 : 0x104f4    : c_lui a5, 2                : IntAlu :  D=0x0000000000002000
3133000: system.cpu: T0 : 0x104f6    : addiw a5, a5, -97          : IntAlu :  D=0x0000000000001f9f
3134000: system.cpu: T0 : 0x104fa    : remw a5, a4, a5            : IntDiv :  D=0x000000000000162a
3135000: system.cpu: T0 : 0x104fe    : sw a5, -28(s0)             : MemWrite :  D=0x000000000000162a A=0x7ffffffffffffdb4
3136000: system.cpu: T0 : 0x10502    : lw a4, -28(s0)             : MemRead :  D=0x000000000000162a A=0x7ffffffffffffdb4
3137000: system.cpu: T0 : 0x10506    : sraiw a5, a4, 31           : IntAlu :  D=0x0000000000000000
3138000: system.cpu: T0 : 0x1050a    : srliw a5, a5, 24           : IntAlu :  D=0x0000000000000000
3138500: system.cpu: T0 : 0x1050e    : c_addw a4, a5              : IntAlu :  D=0x000000000000162a
3139000: system.cpu: T0 : 0x10510    : andi a4, a4, 255           : IntAlu :  D=0x000000000000002a
3139500: system.cpu: T0 : 0x10514    : subw a5, a4, a5            : IntAlu :  D=0x000000000000002a
3140000: system.cpu: T0 : 0x10518    : c_addiw a5, 0              : IntAlu :  D=0x000000000000002a
3141000: system.cpu: T0 : 0x1051a    : andi a4, a5, 255           : IntAlu :  D=0x000000000000002a
3142000: system.cpu: T0 : 0x1051e    : auipc a3, 96               : IntAlu :  D=0x000000000007051e
3143000: system.cpu: T0 : 0x10522    : ld a3, 834(a3)             : MemRead :  D=0x0000000000071a48 A=0x70860
3144000: system.cpu: T0 : 0x10526    : lw a5, -24(s0)             : MemRead :  D=0x0000000000000014 A=0x7ffffffffffffdb8
3144500: system.cpu: T0 : 0x1052a    : c_add a5, a3               : IntAlu :  D=0x0000000000071a5c
3145000: system.cpu: T0 : 0x1052c    : sb a4, 0(a5)               : MemWrite :  D=0x000000000000002a A=0x71a5c
3145500: system.cpu: T0 : 0x10530    : lw a5, -24(s0)             : MemRead :  D=0x0000000000000014 A=0x7ffffffffffffdb8
3146000: system.cpu: T0 : 0x10534    : c_addiw a5, 1              : IntAlu :  D=0x0000000000000015
3147000: system.cpu: T0 : 0x10536    : sw a5, -24(s0)             : MemWrite :  D=0x0000000000000015 A=0x7ffffffffffffdb8
3148000: system.cpu: T0 : 0x1053a    : lw a5, -24(s0)             : MemRead :  D=0x0000000000000015 A=0x7ffffffffffffdb8
3149000: system.cpu: T0 : 0x1053e    : addiw a4, a5, 0            : IntAlu :  D=0x0000000000000015
3150000: system.cpu: T0 : 0x10542    : addi a5, zero, 49          : IntAlu :  D=0x0000000000000031
3151000: system.cpu: T0 : 0x10546    : bge a5, a4, -118           : IntAlu : 
3151500: system.cpu: T0 : 0x104d0    : lw a5, -24(s0)             : MemRead :  D=0x0000000000000015 A=0x7ffffffffffffdb8
3152000: system.cpu: T0 : 0x104d4    : sw a5, -20(s0)             : MemWrite :  D=0x0000000000000015 A=0x7ffffffffffffdbc
3152500: system.cpu: T0 : 0x104d8    : lw a4, -28(s0)             : MemRead :  D=0x000000000000162a A=0x7ffffffffffffdb4
3153000: system.cpu: T0 : 0x104dc    : c_mv a5, a4                : IntAlu :  D=0x000000000000162a
3154000: system.cpu: T0 : 0x104de    : slliw a5, a5, 5            : IntAlu :  D=0x000000000002c540
3154500: system.cpu: T0 : 0x104e2    : c_addw a5, a4              : IntAlu :  D=0x000000000002db6a
3155000: system.cpu: T0 : 0x104e4    : slliw a5, a5, 2            : IntAlu :  D=0x00000000000b6da8
3155500: system.cpu: T0 : 0x104e8    : c_addw a5, a4              : IntAlu :  D=0x00000000000b83d2
3156000: system.cpu: T0 : 0x104ea    : c_addiw a5, 0              : IntAlu :  D=0x00000000000b83d2
3156500: system.cpu: T0 : 0x104ec    : addiw a5, a5, 81           : IntAlu :  D=0x00000000000b8423
3157000: system.cpu: T0 : 0x104f0    : c_addiw a5, 0              : IntAlu :  D=0x00000000000b8423
3157500: system.cpu: T0 : 0x104f2    : c_mv a4, a5                : IntAlu :  D=0x00000000000b8423
3158000: system.cpu: T0 : 0x104f4    : c_lui a5, 2                : IntAlu :  D=0x0000000000002000
3159000: system.cpu: T0 : 0x104f6    : addiw a5, a5, -97          : IntAlu :  D=0x0000000000001f9f
3160000: system.cpu: T0 : 0x104fa    : remw a5, a4, a5            : IntDiv :  D=0x0000000000000760
3161000: system.cpu: T0 : 0x104fe    : sw a5, -28(s0)             : MemWrite :  D=0x0000000000000760 A=0x7ffffffffffffdb4
3162000: system.cpu: T0 : 0x10502    : lw a4, -28(s0)             : MemRead :  D=0x0000000000000760 A=0x7ffffffffffffdb4
3163000: system.cpu: T0 : 0x10506    : sraiw a5, a4, 31           : IntAlu :  D=0x0000000000000000
3164000: system.cpu: T0 : 0x1050a    : srliw a5, a5, 24           : IntAlu :  D=0x0000000000000000
3164500: system.cpu: T0 : 0x1050e    : c_addw a4, a5              : IntAlu :  D=0x0000000000000760
3165000: system.cpu: T0 : 0x10510    : andi a4, a4, 255           : IntAlu :  D=0x0000000000000060
3165500: system.cpu: T0 : 0x10514    : subw a5, a4, a5            : IntAlu :  D=0x0000000000000060
3166000: system.cpu: T0 : 0x10518    : c_addiw a5, 0              : IntAlu :  D=0x0000000000000060
3167000: system.cpu: T0 : 0x1051a    : andi a4, a5, 255           : IntAlu :  D=0x0000000000000060
3168000: system.cpu: T0 : 0x1051e    : auipc a3, 96               : IntAlu :  D=0x000000000007051e
3169000: system.cpu: T0 : 0x10522    : ld a3, 834(a3)             : MemRead :  D=0x0000000000071a48 A=0x70860
3170000: system.cpu: T0 : 0x10526    : lw a5, -24(s0)             : MemRead :  D=0x0000000000000015 A=0x7ffffffffffffdb8
3170500: system.cpu: T0 : 0x1052a    : c_add a5, a3               : IntAlu :  D=0x0000000000071a5d
3171000: system.cpu: T0 : 0x1052c    : sb a4, 0(a5)               : MemWrite :  D=0x0000000000000060 A=0x71a5d
3171500: system.cpu: T0 : 0x10530    : lw a5, -24(s0)             : MemRead :  D=0x0000000000000015 A=0x7ffffffffffffdb8
3172000: system.cpu: T0 : 0x10534    : c_addiw a5, 1              : IntAlu :  D=0x0000000000000016
3173000: system.cpu: T0 : 0x10536    : sw a5, -24(s0)             : MemWrite :  D=0x0000000000000016 A=0x7ffffffffffffdb8
3174000: system.cpu: T0 : 0x1053a    : lw a5, -24(s0)             : MemRead :  D=0x0000000000000016 A=0x7ffffffffffffdb8
3175000: system.cpu: T0 : 0x1053e    : addiw a4, a5, 0            : IntAlu :  D=0x0000000000000016
3176000: system.cpu: T0 : 0x10542    : addi a5, zero, 49          : IntAlu :  D=0x0000000000000031
3177000: system.cpu: T0 : 0x10546    : bge a5, a4, -118           : IntAlu : 
3177500: system.cpu: T0 : 0x104d0    : lw a5, -24(s0)             : MemRead :  D=0x0000000000000016 A=0x7ffffffffffffdb8
3178000: system.cpu: T0 : 0x104d4    : sw a5, -20(s0)             : MemWrite :  D=0x0000000000000016 A=0x7ffffffffffffdbc
3178500: system.cpu: T0 : 0x104d8    : lw a4, -28(s0)             : MemRead :  D=0x0000000000000760 A=0x7ffffffffffffdb4
3179000: system.cpu: T0 : 0x104dc    : c_mv a5, a4                : IntAlu :  D=0x0000000000000760
3180000: system.cpu: T0 : 0x104de    : slliw a5, a5, 5            : IntAlu :  D=0x000000000000ec00
3180500: system.cpu: T0 : 0x104e2    : c_addw a5, a4              : IntAlu :  D=0x000000000000f360
3181000: system.cpu: T0 : 0x104e4    : slliw a5, a5, 2            : IntAlu :  D=0x000000000003cd80
3181500: system.cpu: T0 : 0x104e8    : c_addw a5, a4              : IntAlu :  D=0x000000000003d4e0
3182000: system.cpu: T0 : 0x104ea    : c_addiw a5, 0              : IntAlu :  D=0x000000000003d4e0
3182500: system.cpu: T0 : 0x104ec    : addiw a5, a5, 81           : IntAlu :  D=0x000000000003d531
3183000: system.cpu: T0 : 0x104f0    : c_addiw a5, 0              : IntAlu :  D=0x000000000003d531
3183500: system.cpu: T0 : 0x104f2    : c_mv a4, a5                : IntAlu :  D=0x000000000003d531
3184000: system.cpu: T0 : 0x104f4    : c_lui a5, 2                : IntAlu :  D=0x0000000000002000
3185000: system.cpu: T0 : 0x104f6    : addiw a5, a5, -97          : IntAlu :  D=0x0000000000001f9f
3186000: system.cpu: T0 : 0x104fa    : remw a5, a4, a5            : IntDiv :  D=0x00000000000000f0
3187000: system.cpu: T0 : 0x104fe    : sw a5, -28(s0)             : MemWrite :  D=0x00000000000000f0 A=0x7ffffffffffffdb4
3188000: system.cpu: T0 : 0x10502    : lw a4, -28(s0)             : MemRead :  D=0x00000000000000f0 A=0x7ffffffffffffdb4
3189000: system.cpu: T0 : 0x10506    : sraiw a5, a4, 31           : IntAlu :  D=0x0000000000000000
3190000: system.cpu: T0 : 0x1050a    : srliw a5, a5, 24           : IntAlu :  D=0x0000000000000000
3190500: system.cpu: T0 : 0x1050e    : c_addw a4, a5              : IntAlu :  D=0x00000000000000f0
3191000: system.cpu: T0 : 0x10510    : andi a4, a4, 255           : IntAlu :  D=0x00000000000000f0
3191500: system.cpu: T0 : 0x10514    : subw a5, a4, a5            : IntAlu :  D=0x00000000000000f0
3192000: system.cpu: T0 : 0x10518    : c_addiw a5, 0              : IntAlu :  D=0x00000000000000f0
3193000: system.cpu: T0 : 0x1051a    : andi a4, a5, 255           : IntAlu :  D=0x00000000000000f0
3194000: system.cpu: T0 : 0x1051e    : auipc a3, 96               : IntAlu :  D=0x000000000007051e
3195000: system.cpu: T0 : 0x10522    : ld a3, 834(a3)             : MemRead :  D=0x0000000000071a48 A=0x70860
3196000: system.cpu: T0 : 0x10526    : lw a5, -24(s0)             : MemRead :  D=0x0000000000000016 A=0x7ffffffffffffdb8
3196500: system.cpu: T0 : 0x1052a    : c_add a5, a3               : IntAlu :  D=0x0000000000071a5e
3197000: system.cpu: T0 : 0x1052c    : sb a4, 0(a5)               : MemWrite :  D=0x00000000000000f0 A=0x71a5e
3197500: system.cpu: T0 : 0x10530    : lw a5, -24(s0)             : MemRead :  D=0x0000000000000016 A=0x7ffffffffffffdb8
3198000: system.cpu: T0 : 0x10534    : c_addiw a5, 1              : IntAlu :  D=0x0000000000000017
3199000: system.cpu: T0 : 0x10536    : sw a5, -24(s0)             : MemWrite :  D=0x0000000000000017 A=0x7ffffffffffffdb8
3200000: system.cpu: T0 : 0x1053a    : lw a5, -24(s0)             : MemRead :  D=0x0000000000000017 A=0x7ffffffffffffdb8
3201000: system.cpu: T0 : 0x1053e    : addiw a4, a5, 0            : IntAlu :  D=0x0000000000000017
3202000: system.cpu: T0 : 0x10542    : addi a5, zero, 49          : IntAlu :  D=0x0000000000000031
3203000: system.cpu: T0 : 0x10546    : bge a5, a4, -118           : IntAlu : 
3203500: system.cpu: T0 : 0x104d0    : lw a5, -24(s0)             : MemRead :  D=0x0000000000000017 A=0x7ffffffffffffdb8
3204000: system.cpu: T0 : 0x104d4    : sw a5, -20(s0)             : MemWrite :  D=0x0000000000000017 A=0x7ffffffffffffdbc
3204500: system.cpu: T0 : 0x104d8    : lw a4, -28(s0)             : MemRead :  D=0x00000000000000f0 A=0x7ffffffffffffdb4
3205000: system.cpu: T0 : 0x104dc    : c_mv a5, a4                : IntAlu :  D=0x00000000000000f0
3206000: system.cpu: T0 : 0x104de    : slliw a5, a5, 5            : IntAlu :  D=0x0000000000001e00
3206500: system.cpu: T0 : 0x104e2    : c_addw a5, a4              : IntAlu :  D=0x0000000000001ef0
3207000: system.cpu: T0 : 0x104e4    : slliw a5, a5, 2            : IntAlu :  D=0x0000000000007bc0
3207500: system.cpu: T0 : 0x104e8    : c_addw a5, a4              : IntAlu :  D=0x0000000000007cb0
3208000: system.cpu: T0 : 0x104ea    : c_addiw a5, 0              : IntAlu :  D=0x0000000000007cb0
3208500: system.cpu: T0 : 0x104ec    : addiw a5, a5, 81           : IntAlu :  D=0x0000000000007d01
3209000: system.cpu: T0 : 0x104f0    : c_addiw a5, 0              : IntAlu :  D=0x0000000000007d01
3209500: system.cpu: T0 : 0x104f2    : c_mv a4, a5                : IntAlu :  D=0x0000000000007d01
3210000: system.cpu: T0 : 0x104f4    : c_lui a5, 2                : IntAlu :  D=0x0000000000002000
3211000: system.cpu: T0 : 0x104f6    : addiw a5, a5, -97          : IntAlu :  D=0x0000000000001f9f
3212000: system.cpu: T0 : 0x104fa    : remw a5, a4, a5            : IntDiv :  D=0x0000000000001e24
3213000: system.cpu: T0 : 0x104fe    : sw a5, -28(s0)             : MemWrite :  D=0x0000000000001e24 A=0x7ffffffffffffdb4
3214000: system.cpu: T0 : 0x10502    : lw a4, -28(s0)             : MemRead :  D=0x0000000000001e24 A=0x7ffffffffffffdb4
3215000: system.cpu: T0 : 0x10506    : sraiw a5, a4, 31           : IntAlu :  D=0x0000000000000000
3216000: system.cpu: T0 : 0x1050a    : srliw a5, a5, 24           : IntAlu :  D=0x0000000000000000
3216500: system.cpu: T0 : 0x1050e    : c_addw a4, a5              : IntAlu :  D=0x0000000000001e24
3217000: system.cpu: T0 : 0x10510    : andi a4, a4, 255           : IntAlu :  D=0x0000000000000024
3217500: system.cpu: T0 : 0x10514    : subw a5, a4, a5            : IntAlu :  D=0x0000000000000024
3218000: system.cpu: T0 : 0x10518    : c_addiw a5, 0              : IntAlu :  D=0x0000000000000024
3219000: system.cpu: T0 : 0x1051a    : andi a4, a5, 255           : IntAlu :  D=0x0000000000000024
3220000: system.cpu: T0 : 0x1051e    : auipc a3, 96               : IntAlu :  D=0x000000000007051e
3221000: system.cpu: T0 : 0x10522    : ld a3, 834(a3)             : MemRead :  D=0x0000000000071a48 A=0x70860
3222000: system.cpu: T0 : 0x10526    : lw a5, -24(s0)             : MemRead :  D=0x0000000000000017 A=0x7ffffffffffffdb8
3222500: system.cpu: T0 : 0x1052a    : c_add a5, a3               : IntAlu :  D=0x0000000000071a5f
3223000: system.cpu: T0 : 0x1052c    : sb a4, 0(a5)               : MemWrite :  D=0x0000000000000024 A=0x71a5f
3223500: system.cpu: T0 : 0x10530    : lw a5, -24(s0)             : MemRead :  D=0x0000000000000017 A=0x7ffffffffffffdb8
3224000: system.cpu: T0 : 0x10534    : c_addiw a5, 1              : IntAlu :  D=0x0000000000000018
3225000: system.cpu: T0 : 0x10536    : sw a5, -24(s0)             : MemWrite :  D=0x0000000000000018 A=0x7ffffffffffffdb8
3226000: system.cpu: T0 : 0x1053a    : lw a5, -24(s0)             : MemRead :  D=0x0000000000000018 A=0x7ffffffffffffdb8
3227000: system.cpu: T0 : 0x1053e    : addiw a4, a5, 0            : IntAlu :  D=0x0000000000000018
3228000: system.cpu: T0 : 0x10542    : addi a5, zero, 49          : IntAlu :  D=0x0000000000000031
3229000: system.cpu: T0 : 0x10546    : bge a5, a4, -118           : IntAlu : 
3229500: system.cpu: T0 : 0x104d0    : lw a5, -24(s0)             : MemRead :  D=0x0000000000000018 A=0x7ffffffffffffdb8
3230000: system.cpu: T0 : 0x104d4    : sw a5, -20(s0)             : MemWrite :  D=0x0000000000000018 A=0x7ffffffffffffdbc
3230500: system.cpu: T0 : 0x104d8    : lw a4, -28(s0)             : MemRead :  D=0x0000000000001e24 A=0x7ffffffffffffdb4
3231000: system.cpu: T0 : 0x104dc    : c_mv a5, a4                : IntAlu :  D=0x0000000000001e24
3232000: system.cpu: T0 : 0x104de    : slliw a5, a5, 5            : IntAlu :  D=0x000000000003c480
3232500: system.cpu: T0 : 0x104e2    : c_addw a5, a4              : IntAlu :  D=0x000000000003e2a4
3233000: system.cpu: T0 : 0x104e4    : slliw a5, a5, 2            : IntAlu :  D=0x00000000000f8a90
3233500: system.cpu: T0 : 0x104e8    : c_addw a5, a4              : IntAlu :  D=0x00000000000fa8b4
3234000: system.cpu: T0 : 0x104ea    : c_addiw a5, 0              : IntAlu :  D=0x00000000000fa8b4
3234500: system.cpu: T0 : 0x104ec    : addiw a5, a5, 81           : IntAlu :  D=0x00000000000fa905
3235000: system.cpu: T0 : 0x104f0    : c_addiw a5, 0              : IntAlu :  D=0x00000000000fa905
3235500: system.cpu: T0 : 0x104f2    : c_mv a4, a5                : IntAlu :  D=0x00000000000fa905
3236000: system.cpu: T0 : 0x104f4    : c_lui a5, 2                : IntAlu :  D=0x0000000000002000
3237000: system.cpu: T0 : 0x104f6    : addiw a5, a5, -97          : IntAlu :  D=0x0000000000001f9f
3238000: system.cpu: T0 : 0x104fa    : remw a5, a4, a5            : IntDiv :  D=0x00000000000018c3
3239000: system.cpu: T0 : 0x104fe    : sw a5, -28(s0)             : MemWrite :  D=0x00000000000018c3 A=0x7ffffffffffffdb4
3240000: system.cpu: T0 : 0x10502    : lw a4, -28(s0)             : MemRead :  D=0x00000000000018c3 A=0x7ffffffffffffdb4
3241000: system.cpu: T0 : 0x10506    : sraiw a5, a4, 31           : IntAlu :  D=0x0000000000000000
3242000: system.cpu: T0 : 0x1050a    : srliw a5, a5, 24           : IntAlu :  D=0x0000000000000000
3242500: system.cpu: T0 : 0x1050e    : c_addw a4, a5              : IntAlu :  D=0x00000000000018c3
3243000: system.cpu: T0 : 0x10510    : andi a4, a4, 255           : IntAlu :  D=0x00000000000000c3
3243500: system.cpu: T0 : 0x10514    : subw a5, a4, a5            : IntAlu :  D=0x00000000000000c3
3244000: system.cpu: T0 : 0x10518    : c_addiw a5, 0              : IntAlu :  D=0x00000000000000c3
3245000: system.cpu: T0 : 0x1051a    : andi a4, a5, 255           : IntAlu :  D=0x00000000000000c3
3246000: system.cpu: T0 : 0x1051e    : auipc a3, 96               : IntAlu :  D=0x000000000007051e
3247000: system.cpu: T0 : 0x10522    : ld a3, 834(a3)             : MemRead :  D=0x0000000000071a48 A=0x70860
3248000: system.cpu: T0 : 0x10526    : lw a5, -24(s0)             : MemRead :  D=0x0000000000000018 A=0x7ffffffffffffdb8
3248500: system.cpu: T0 : 0x1052a    : c_add a5, a3               : IntAlu :  D=0x0000000000071a60
3249000: system.cpu: T0 : 0x1052c    : sb a4, 0(a5)               : MemWrite :  D=0x00000000000000c3 A=0x71a60
3249500: system.cpu: T0 : 0x10530    : lw a5, -24(s0)             : MemRead :  D=0x0000000000000018 A=0x7ffffffffffffdb8
3250000: system.cpu: T0 : 0x10534    : c_addiw a5, 1              : IntAlu :  D=0x0000000000000019
3251000: system.cpu: T0 : 0x10536    : sw a5, -24(s0)             : MemWrite :  D=0x0000000000000019 A=0x7ffffffffffffdb8
3252000: system.cpu: T0 : 0x1053a    : lw a5, -24(s0)             : MemRead :  D=0x0000000000000019 A=0x7ffffffffffffdb8
3253000: system.cpu: T0 : 0x1053e    : addiw a4, a5, 0            : IntAlu :  D=0x0000000000000019
3254000: system.cpu: T0 : 0x10542    : addi a5, zero, 49          : IntAlu :  D=0x0000000000000031
3255000: system.cpu: T0 : 0x10546    : bge a5, a4, -118           : IntAlu : 
3255500: system.cpu: T0 : 0x104d0    : lw a5, -24(s0)             : MemRead :  D=0x0000000000000019 A=0x7ffffffffffffdb8
3256000: system.cpu: T0 : 0x104d4    : sw a5, -20(s0)             : MemWrite :  D=0x0000000000000019 A=0x7ffffffffffffdbc
3256500: system.cpu: T0 : 0x104d8    : lw a4, -28(s0)             : MemRead :  D=0x00000000000018c3 A=0x7ffffffffffffdb4
3257000: system.cpu: T0 : 0x104dc    : c_mv a5, a4                : IntAlu :  D=0x00000000000018c3
3258000: system.cpu: T0 : 0x104de    : slliw a5, a5, 5            : IntAlu :  D=0x0000000000031860
3258500: system.cpu: T0 : 0x104e2    : c_addw a5, a4              : IntAlu :  D=0x0000000000033123
3259000: system.cpu: T0 : 0x104e4    : slliw a5, a5, 2            : IntAlu :  D=0x00000000000cc48c
3259500: system.cpu: T0 : 0x104e8    : c_addw a5, a4              : IntAlu :  D=0x00000000000cdd4f
3260000: system.cpu: T0 : 0x104ea    : c_addiw a5, 0              : IntAlu :  D=0x00000000000cdd4f
3260500: system.cpu: T0 : 0x104ec    : addiw a5, a5, 81           : IntAlu :  D=0x00000000000cdda0
3261000: system.cpu: T0 : 0x104f0    : c_addiw a5, 0              : IntAlu :  D=0x00000000000cdda0
3261500: system.cpu: T0 : 0x104f2    : c_mv a4, a5                : IntAlu :  D=0x00000000000cdda0
3262000: system.cpu: T0 : 0x104f4    : c_lui a5, 2                : IntAlu :  D=0x0000000000002000
3263000: system.cpu: T0 : 0x104f6    : addiw a5, a5, -97          : IntAlu :  D=0x0000000000001f9f
3264000: system.cpu: T0 : 0x104fa    : remw a5, a4, a5            : IntDiv :  D=0x0000000000000508
3265000: system.cpu: T0 : 0x104fe    : sw a5, -28(s0)             : MemWrite :  D=0x0000000000000508 A=0x7ffffffffffffdb4
3266000: system.cpu: T0 : 0x10502    : lw a4, -28(s0)             : MemRead :  D=0x0000000000000508 A=0x7ffffffffffffdb4
3267000: system.cpu: T0 : 0x10506    : sraiw a5, a4, 31           : IntAlu :  D=0x0000000000000000
3268000: system.cpu: T0 : 0x1050a    : srliw a5, a5, 24           : IntAlu :  D=0x0000000000000000
3268500: system.cpu: T0 : 0x1050e    : c_addw a4, a5              : IntAlu :  D=0x0000000000000508
3269000: system.cpu: T0 : 0x10510    : andi a4, a4, 255           : IntAlu :  D=0x0000000000000008
3269500: system.cpu: T0 : 0x10514    : subw a5, a4, a5            : IntAlu :  D=0x0000000000000008
3270000: system.cpu: T0 : 0x10518    : c_addiw a5, 0              : IntAlu :  D=0x0000000000000008
3271000: system.cpu: T0 : 0x1051a    : andi a4, a5, 255           : IntAlu :  D=0x0000000000000008
3272000: system.cpu: T0 : 0x1051e    : auipc a3, 96               : IntAlu :  D=0x000000000007051e
3273000: system.cpu: T0 : 0x10522    : ld a3, 834(a3)             : MemRead :  D=0x0000000000071a48 A=0x70860
3274000: system.cpu: T0 : 0x10526    : lw a5, -24(s0)             : MemRead :  D=0x0000000000000019 A=0x7ffffffffffffdb8
3274500: system.cpu: T0 : 0x1052a    : c_add a5, a3               : IntAlu :  D=0x0000000000071a61
3275000: system.cpu: T0 : 0x1052c    : sb a4, 0(a5)               : MemWrite :  D=0x0000000000000008 A=0x71a61
3275500: system.cpu: T0 : 0x10530    : lw a5, -24(s0)             : MemRead :  D=0x0000000000000019 A=0x7ffffffffffffdb8
3276000: system.cpu: T0 : 0x10534    : c_addiw a5, 1              : IntAlu :  D=0x000000000000001a
3277000: system.cpu: T0 : 0x10536    : sw a5, -24(s0)             : MemWrite :  D=0x000000000000001a A=0x7ffffffffffffdb8
3278000: system.cpu: T0 : 0x1053a    : lw a5, -24(s0)             : MemRead :  D=0x000000000000001a A=0x7ffffffffffffdb8
3279000: system.cpu: T0 : 0x1053e    : addiw a4, a5, 0            : IntAlu :  D=0x000000000000001a
3280000: system.cpu: T0 : 0x10542    : addi a5, zero, 49          : IntAlu :  D=0x0000000000000031
3281000: system.cpu: T0 : 0x10546    : bge a5, a4, -118           : IntAlu : 
3281500: system.cpu: T0 : 0x104d0    : lw a5, -24(s0)             : MemRead :  D=0x000000000000001a A=0x7ffffffffffffdb8
3282000: system.cpu: T0 : 0x104d4    : sw a5, -20(s0)             : MemWrite :  D=0x000000000000001a A=0x7ffffffffffffdbc
3282500: system.cpu: T0 : 0x104d8    : lw a4, -28(s0)             : MemRead :  D=0x0000000000000508 A=0x7ffffffffffffdb4
3283000: system.cpu: T0 : 0x104dc    : c_mv a5, a4                : IntAlu :  D=0x0000000000000508
3284000: system.cpu: T0 : 0x104de    : slliw a5, a5, 5            : IntAlu :  D=0x000000000000a100
3284500: system.cpu: T0 : 0x104e2    : c_addw a5, a4              : IntAlu :  D=0x000000000000a608
3285000: system.cpu: T0 : 0x104e4    : slliw a5, a5, 2            : IntAlu :  D=0x0000000000029820
3285500: system.cpu: T0 : 0x104e8    : c_addw a5, a4              : IntAlu :  D=0x0000000000029d28
3286000: system.cpu: T0 : 0x104ea    : c_addiw a5, 0              : IntAlu :  D=0x0000000000029d28
3286500: system.cpu: T0 : 0x104ec    : addiw a5, a5, 81           : IntAlu :  D=0x0000000000029d79
3287000: system.cpu: T0 : 0x104f0    : c_addiw a5, 0              : IntAlu :  D=0x0000000000029d79
3287500: system.cpu: T0 : 0x104f2    : c_mv a4, a5                : IntAlu :  D=0x0000000000029d79
3288000: system.cpu: T0 : 0x104f4    : c_lui a5, 2                : IntAlu :  D=0x0000000000002000
3289000: system.cpu: T0 : 0x104f6    : addiw a5, a5, -97          : IntAlu :  D=0x0000000000001f9f
3290000: system.cpu: T0 : 0x104fa    : remw a5, a4, a5            : IntDiv :  D=0x000000000000056e
3291000: system.cpu: T0 : 0x104fe    : sw a5, -28(s0)             : MemWrite :  D=0x000000000000056e A=0x7ffffffffffffdb4
3292000: system.cpu: T0 : 0x10502    : lw a4, -28(s0)             : MemRead :  D=0x000000000000056e A=0x7ffffffffffffdb4
3293000: system.cpu: T0 : 0x10506    : sraiw a5, a4, 31           : IntAlu :  D=0x0000000000000000
3294000: system.cpu: T0 : 0x1050a    : srliw a5, a5, 24           : IntAlu :  D=0x0000000000000000
3294500: system.cpu: T0 : 0x1050e    : c_addw a4, a5              : IntAlu :  D=0x000000000000056e
3295000: system.cpu: T0 : 0x10510    : andi a4, a4, 255           : IntAlu :  D=0x000000000000006e
3295500: system.cpu: T0 : 0x10514    : subw a5, a4, a5            : IntAlu :  D=0x000000000000006e
3296000: system.cpu: T0 : 0x10518    : c_addiw a5, 0              : IntAlu :  D=0x000000000000006e
3297000: system.cpu: T0 : 0x1051a    : andi a4, a5, 255           : IntAlu :  D=0x000000000000006e
3298000: system.cpu: T0 : 0x1051e    : auipc a3, 96               : IntAlu :  D=0x000000000007051e
3299000: system.cpu: T0 : 0x10522    : ld a3, 834(a3)             : MemRead :  D=0x0000000000071a48 A=0x70860
3300000: system.cpu: T0 : 0x10526    : lw a5, -24(s0)             : MemRead :  D=0x000000000000001a A=0x7ffffffffffffdb8
3300500: system.cpu: T0 : 0x1052a    : c_add a5, a3               : IntAlu :  D=0x0000000000071a62
3301000: system.cpu: T0 : 0x1052c    : sb a4, 0(a5)               : MemWrite :  D=0x000000000000006e A=0x71a62
3301500: system.cpu: T0 : 0x10530    : lw a5, -24(s0)             : MemRead :  D=0x000000000000001a A=0x7ffffffffffffdb8
3302000: system.cpu: T0 : 0x10534    : c_addiw a5, 1              : IntAlu :  D=0x000000000000001b
3303000: system.cpu: T0 : 0x10536    : sw a5, -24(s0)             : MemWrite :  D=0x000000000000001b A=0x7ffffffffffffdb8
3304000: system.cpu: T0 : 0x1053a    : lw a5, -24(s0)             : MemRead :  D=0x000000000000001b A=0x7ffffffffffffdb8
3305000: system.cpu: T0 : 0x1053e    : addiw a4, a5, 0            : IntAlu :  D=0x000000000000001b
3306000: system.cpu: T0 : 0x10542    : addi a5, zero, 49          : IntAlu :  D=0x0000000000000031
3307000: system.cpu: T0 : 0x10546    : bge a5, a4, -118           : IntAlu : 
3307500: system.cpu: T0 : 0x104d0    : lw a5, -24(s0)             : MemRead :  D=0x000000000000001b A=0x7ffffffffffffdb8
3308000: system.cpu: T0 : 0x104d4    : sw a5, -20(s0)             : MemWrite :  D=0x000000000000001b A=0x7ffffffffffffdbc
3308500: system.cpu: T0 : 0x104d8    : lw a4, -28(s0)             : MemRead :  D=0x000000000000056e A=0x7ffffffffffffdb4
3309000: system.cpu: T0 : 0x104dc    : c_mv a5, a4                : IntAlu :  D=0x000000000000056e
3310000: system.cpu: T0 : 0x104de    : slliw a5, a5, 5            : IntAlu :  D=0x000000000000adc0
3310500: system.cpu: T0 : 0x104e2    : c_addw a5, a4              : IntAlu :  D=0x000000000000b32e
3311000: system.cpu: T0 : 0x104e4    : slliw a5, a5, 2            : IntAlu :  D=0x000000000002ccb8
3311500: system.cpu: T0 : 0x104e8    : c_addw a5, a4              : IntAlu :  D=0x000000000002d226
3312000: system.cpu: T0 : 0x104ea    : c_addiw a5, 0              : IntAlu :  D=0x000000000002d226
3312500: system.cpu: T0 : 0x104ec    : addiw a5, a5, 81           : IntAlu :  D=0x000000000002d277
3313000: system.cpu: T0 : 0x104f0    : c_addiw a5, 0              : IntAlu :  D=0x000000000002d277
3313500: system.cpu: T0 : 0x104f2    : c_mv a4, a5                : IntAlu :  D=0x000000000002d277
3314000: system.cpu: T0 : 0x104f4    : c_lui a5, 2                : IntAlu :  D=0x0000000000002000
3315000: system.cpu: T0 : 0x104f6    : addiw a5, a5, -97          : IntAlu :  D=0x0000000000001f9f
3316000: system.cpu: T0 : 0x104fa    : remw a5, a4, a5            : IntDiv :  D=0x0000000000001acd
3317000: system.cpu: T0 : 0x104fe    : sw a5, -28(s0)             : MemWrite :  D=0x0000000000001acd A=0x7ffffffffffffdb4
3318000: system.cpu: T0 : 0x10502    : lw a4, -28(s0)             : MemRead :  D=0x0000000000001acd A=0x7ffffffffffffdb4
3319000: system.cpu: T0 : 0x10506    : sraiw a5, a4, 31           : IntAlu :  D=0x0000000000000000
3320000: system.cpu: T0 : 0x1050a    : srliw a5, a5, 24           : IntAlu :  D=0x0000000000000000
3320500: system.cpu: T0 : 0x1050e    : c_addw a4, a5              : IntAlu :  D=0x0000000000001acd
3321000: system.cpu: T0 : 0x10510    : andi a4, a4, 255           : IntAlu :  D=0x00000000000000cd
3321500: system.cpu: T0 : 0x10514    : subw a5, a4, a5            : IntAlu :  D=0x00000000000000cd
3322000: system.cpu: T0 : 0x10518    : c_addiw a5, 0              : IntAlu :  D=0x00000000000000cd
3323000: system.cpu: T0 : 0x1051a    : andi a4, a5, 255           : IntAlu :  D=0x00000000000000cd
3324000: system.cpu: T0 : 0x1051e    : auipc a3, 96               : IntAlu :  D=0x000000000007051e
3325000: system.cpu: T0 : 0x10522    : ld a3, 834(a3)             : MemRead :  D=0x0000000000071a48 A=0x70860
3326000: system.cpu: T0 : 0x10526    : lw a5, -24(s0)             : MemRead :  D=0x000000000000001b A=0x7ffffffffffffdb8
3326500: system.cpu: T0 : 0x1052a    : c_add a5, a3               : IntAlu :  D=0x0000000000071a63
3327000: system.cpu: T0 : 0x1052c    : sb a4, 0(a5)               : MemWrite :  D=0x00000000000000cd A=0x71a63
3327500: system.cpu: T0 : 0x10530    : lw a5, -24(s0)             : MemRead :  D=0x000000000000001b A=0x7ffffffffffffdb8
3328000: system.cpu: T0 : 0x10534    : c_addiw a5, 1              : IntAlu :  D=0x000000000000001c
3329000: system.cpu: T0 : 0x10536    : sw a5, -24(s0)             : MemWrite :  D=0x000000000000001c A=0x7ffffffffffffdb8
3330000: system.cpu: T0 : 0x1053a    : lw a5, -24(s0)             : MemRead :  D=0x000000000000001c A=0x7ffffffffffffdb8
3331000: system.cpu: T0 : 0x1053e    : addiw a4, a5, 0            : IntAlu :  D=0x000000000000001c
3332000: system.cpu: T0 : 0x10542    : addi a5, zero, 49          : IntAlu :  D=0x0000000000000031
3333000: system.cpu: T0 : 0x10546    : bge a5, a4, -118           : IntAlu : 
3333500: system.cpu: T0 : 0x104d0    : lw a5, -24(s0)             : MemRead :  D=0x000000000000001c A=0x7ffffffffffffdb8
3334000: system.cpu: T0 : 0x104d4    : sw a5, -20(s0)             : MemWrite :  D=0x000000000000001c A=0x7ffffffffffffdbc
3334500: system.cpu: T0 : 0x104d8    : lw a4, -28(s0)             : MemRead :  D=0x0000000000001acd A=0x7ffffffffffffdb4
3335000: system.cpu: T0 : 0x104dc    : c_mv a5, a4                : IntAlu :  D=0x0000000000001acd
3336000: system.cpu: T0 : 0x104de    : slliw a5, a5, 5            : IntAlu :  D=0x00000000000359a0
3336500: system.cpu: T0 : 0x104e2    : c_addw a5, a4              : IntAlu :  D=0x000000000003746d
3337000: system.cpu: T0 : 0x104e4    : slliw a5, a5, 2            : IntAlu :  D=0x00000000000dd1b4
3337500: system.cpu: T0 : 0x104e8    : c_addw a5, a4              : IntAlu :  D=0x00000000000dec81
3338000: system.cpu: T0 : 0x104ea    : c_addiw a5, 0              : IntAlu :  D=0x00000000000dec81
3338500: system.cpu: T0 : 0x104ec    : addiw a5, a5, 81           : IntAlu :  D=0x00000000000decd2
3339000: system.cpu: T0 : 0x104f0    : c_addiw a5, 0              : IntAlu :  D=0x00000000000decd2
3339500: system.cpu: T0 : 0x104f2    : c_mv a4, a5                : IntAlu :  D=0x00000000000decd2
3340000: system.cpu: T0 : 0x104f4    : c_lui a5, 2                : IntAlu :  D=0x0000000000002000
3341000: system.cpu: T0 : 0x104f6    : addiw a5, a5, -97          : IntAlu :  D=0x0000000000001f9f
3342000: system.cpu: T0 : 0x104fa    : remw a5, a4, a5            : IntDiv :  D=0x0000000000001742
3343000: system.cpu: T0 : 0x104fe    : sw a5, -28(s0)             : MemWrite :  D=0x0000000000001742 A=0x7ffffffffffffdb4
3344000: system.cpu: T0 : 0x10502    : lw a4, -28(s0)             : MemRead :  D=0x0000000000001742 A=0x7ffffffffffffdb4
3345000: system.cpu: T0 : 0x10506    : sraiw a5, a4, 31           : IntAlu :  D=0x0000000000000000
3346000: system.cpu: T0 : 0x1050a    : srliw a5, a5, 24           : IntAlu :  D=0x0000000000000000
3346500: system.cpu: T0 : 0x1050e    : c_addw a4, a5              : IntAlu :  D=0x0000000000001742
3347000: system.cpu: T0 : 0x10510    : andi a4, a4, 255           : IntAlu :  D=0x0000000000000042
3347500: system.cpu: T0 : 0x10514    : subw a5, a4, a5            : IntAlu :  D=0x0000000000000042
3348000: system.cpu: T0 : 0x10518    : c_addiw a5, 0              : IntAlu :  D=0x0000000000000042
3349000: system.cpu: T0 : 0x1051a    : andi a4, a5, 255           : IntAlu :  D=0x0000000000000042
3350000: system.cpu: T0 : 0x1051e    : auipc a3, 96               : IntAlu :  D=0x000000000007051e
3351000: system.cpu: T0 : 0x10522    : ld a3, 834(a3)             : MemRead :  D=0x0000000000071a48 A=0x70860
3352000: system.cpu: T0 : 0x10526    : lw a5, -24(s0)             : MemRead :  D=0x000000000000001c A=0x7ffffffffffffdb8
3352500: system.cpu: T0 : 0x1052a    : c_add a5, a3               : IntAlu :  D=0x0000000000071a64
3353000: system.cpu: T0 : 0x1052c    : sb a4, 0(a5)               : MemWrite :  D=0x0000000000000042 A=0x71a64
3353500: system.cpu: T0 : 0x10530    : lw a5, -24(s0)             : MemRead :  D=0x000000000000001c A=0x7ffffffffffffdb8
3354000: system.cpu: T0 : 0x10534    : c_addiw a5, 1              : IntAlu :  D=0x000000000000001d
3355000: system.cpu: T0 : 0x10536    : sw a5, -24(s0)             : MemWrite :  D=0x000000000000001d A=0x7ffffffffffffdb8
3356000: system.cpu: T0 : 0x1053a    : lw a5, -24(s0)             : MemRead :  D=0x000000000000001d A=0x7ffffffffffffdb8
3357000: system.cpu: T0 : 0x1053e    : addiw a4, a5, 0            : IntAlu :  D=0x000000000000001d
3358000: system.cpu: T0 : 0x10542    : addi a5, zero, 49          : IntAlu :  D=0x0000000000000031
3359000: system.cpu: T0 : 0x10546    : bge a5, a4, -118           : IntAlu : 
3359500: system.cpu: T0 : 0x104d0    : lw a5, -24(s0)             : MemRead :  D=0x000000000000001d A=0x7ffffffffffffdb8
3360000: system.cpu: T0 : 0x104d4    : sw a5, -20(s0)             : MemWrite :  D=0x000000000000001d A=0x7ffffffffffffdbc
3360500: system.cpu: T0 : 0x104d8    : lw a4, -28(s0)             : MemRead :  D=0x0000000000001742 A=0x7ffffffffffffdb4
3361000: system.cpu: T0 : 0x104dc    : c_mv a5, a4                : IntAlu :  D=0x0000000000001742
3362000: system.cpu: T0 : 0x104de    : slliw a5, a5, 5            : IntAlu :  D=0x000000000002e840
3362500: system.cpu: T0 : 0x104e2    : c_addw a5, a4              : IntAlu :  D=0x000000000002ff82
3363000: system.cpu: T0 : 0x104e4    : slliw a5, a5, 2            : IntAlu :  D=0x00000000000bfe08
3363500: system.cpu: T0 : 0x104e8    : c_addw a5, a4              : IntAlu :  D=0x00000000000c154a
3364000: system.cpu: T0 : 0x104ea    : c_addiw a5, 0              : IntAlu :  D=0x00000000000c154a
3364500: system.cpu: T0 : 0x104ec    : addiw a5, a5, 81           : IntAlu :  D=0x00000000000c159b
3365000: system.cpu: T0 : 0x104f0    : c_addiw a5, 0              : IntAlu :  D=0x00000000000c159b
3365500: system.cpu: T0 : 0x104f2    : c_mv a4, a5                : IntAlu :  D=0x00000000000c159b
3366000: system.cpu: T0 : 0x104f4    : c_lui a5, 2                : IntAlu :  D=0x0000000000002000
3367000: system.cpu: T0 : 0x104f6    : addiw a5, a5, -97          : IntAlu :  D=0x0000000000001f9f
3368000: system.cpu: T0 : 0x104fa    : remw a5, a4, a5            : IntDiv :  D=0x0000000000001a5c
3369000: system.cpu: T0 : 0x104fe    : sw a5, -28(s0)             : MemWrite :  D=0x0000000000001a5c A=0x7ffffffffffffdb4
3370000: system.cpu: T0 : 0x10502    : lw a4, -28(s0)             : MemRead :  D=0x0000000000001a5c A=0x7ffffffffffffdb4
3371000: system.cpu: T0 : 0x10506    : sraiw a5, a4, 31           : IntAlu :  D=0x0000000000000000
3372000: system.cpu: T0 : 0x1050a    : srliw a5, a5, 24           : IntAlu :  D=0x0000000000000000
3372500: system.cpu: T0 : 0x1050e    : c_addw a4, a5              : IntAlu :  D=0x0000000000001a5c
3373000: system.cpu: T0 : 0x10510    : andi a4, a4, 255           : IntAlu :  D=0x000000000000005c
3373500: system.cpu: T0 : 0x10514    : subw a5, a4, a5            : IntAlu :  D=0x000000000000005c
3374000: system.cpu: T0 : 0x10518    : c_addiw a5, 0              : IntAlu :  D=0x000000000000005c
3375000: system.cpu: T0 : 0x1051a    : andi a4, a5, 255           : IntAlu :  D=0x000000000000005c
3376000: system.cpu: T0 : 0x1051e    : auipc a3, 96               : IntAlu :  D=0x000000000007051e
3377000: system.cpu: T0 : 0x10522    : ld a3, 834(a3)             : MemRead :  D=0x0000000000071a48 A=0x70860
3378000: system.cpu: T0 : 0x10526    : lw a5, -24(s0)             : MemRead :  D=0x000000000000001d A=0x7ffffffffffffdb8
3378500: system.cpu: T0 : 0x1052a    : c_add a5, a3               : IntAlu :  D=0x0000000000071a65
3379000: system.cpu: T0 : 0x1052c    : sb a4, 0(a5)               : MemWrite :  D=0x000000000000005c A=0x71a65
3379500: system.cpu: T0 : 0x10530    : lw a5, -24(s0)             : MemRead :  D=0x000000000000001d A=0x7ffffffffffffdb8
3380000: system.cpu: T0 : 0x10534    : c_addiw a5, 1              : IntAlu :  D=0x000000000000001e
3381000: system.cpu: T0 : 0x10536    : sw a5, -24(s0)             : MemWrite :  D=0x000000000000001e A=0x7ffffffffffffdb8
3382000: system.cpu: T0 : 0x1053a    : lw a5, -24(s0)             : MemRead :  D=0x000000000000001e A=0x7ffffffffffffdb8
3383000: system.cpu: T0 : 0x1053e    : addiw a4, a5, 0            : IntAlu :  D=0x000000000000001e
3384000: system.cpu: T0 : 0x10542    : addi a5, zero, 49          : IntAlu :  D=0x0000000000000031
3385000: system.cpu: T0 : 0x10546    : bge a5, a4, -118           : IntAlu : 
3385500: system.cpu: T0 : 0x104d0    : lw a5, -24(s0)             : MemRead :  D=0x000000000000001e A=0x7ffffffffffffdb8
3386000: system.cpu: T0 : 0x104d4    : sw a5, -20(s0)             : MemWrite :  D=0x000000000000001e A=0x7ffffffffffffdbc
3386500: system.cpu: T0 : 0x104d8    : lw a4, -28(s0)             : MemRead :  D=0x0000000000001a5c A=0x7ffffffffffffdb4
3387000: system.cpu: T0 : 0x104dc    : c_mv a5, a4                : IntAlu :  D=0x0000000000001a5c
3388000: system.cpu: T0 : 0x104de    : slliw a5, a5, 5            : IntAlu :  D=0x0000000000034b80
3388500: system.cpu: T0 : 0x104e2    : c_addw a5, a4              : IntAlu :  D=0x00000000000365dc
3389000: system.cpu: T0 : 0x104e4    : slliw a5, a5, 2            : IntAlu :  D=0x00000000000d9770
3389500: system.cpu: T0 : 0x104e8    : c_addw a5, a4              : IntAlu :  D=0x00000000000db1cc
3390000: system.cpu: T0 : 0x104ea    : c_addiw a5, 0              : IntAlu :  D=0x00000000000db1cc
3390500: system.cpu: T0 : 0x104ec    : addiw a5, a5, 81           : IntAlu :  D=0x00000000000db21d
3391000: system.cpu: T0 : 0x104f0    : c_addiw a5, 0              : IntAlu :  D=0x00000000000db21d
3391500: system.cpu: T0 : 0x104f2    : c_mv a4, a5                : IntAlu :  D=0x00000000000db21d
3392000: system.cpu: T0 : 0x104f4    : c_lui a5, 2                : IntAlu :  D=0x0000000000002000
3393000: system.cpu: T0 : 0x104f6    : addiw a5, a5, -97          : IntAlu :  D=0x0000000000001f9f
3394000: system.cpu: T0 : 0x104fa    : remw a5, a4, a5            : IntDiv :  D=0x0000000000001bcb
3395000: system.cpu: T0 : 0x104fe    : sw a5, -28(s0)             : MemWrite :  D=0x0000000000001bcb A=0x7ffffffffffffdb4
3396000: system.cpu: T0 : 0x10502    : lw a4, -28(s0)             : MemRead :  D=0x0000000000001bcb A=0x7ffffffffffffdb4
3397000: system.cpu: T0 : 0x10506    : sraiw a5, a4, 31           : IntAlu :  D=0x0000000000000000
3398000: system.cpu: T0 : 0x1050a    : srliw a5, a5, 24           : IntAlu :  D=0x0000000000000000
3398500: system.cpu: T0 : 0x1050e    : c_addw a4, a5              : IntAlu :  D=0x0000000000001bcb
3399000: system.cpu: T0 : 0x10510    : andi a4, a4, 255           : IntAlu :  D=0x00000000000000cb
3399500: system.cpu: T0 : 0x10514    : subw a5, a4, a5            : IntAlu :  D=0x00000000000000cb
3400000: system.cpu: T0 : 0x10518    : c_addiw a5, 0              : IntAlu :  D=0x00000000000000cb
3401000: system.cpu: T0 : 0x1051a    : andi a4, a5, 255           : IntAlu :  D=0x00000000000000cb
3402000: system.cpu: T0 : 0x1051e    : auipc a3, 96               : IntAlu :  D=0x000000000007051e
3403000: system.cpu: T0 : 0x10522    : ld a3, 834(a3)             : MemRead :  D=0x0000000000071a48 A=0x70860
3404000: system.cpu: T0 : 0x10526    : lw a5, -24(s0)             : MemRead :  D=0x000000000000001e A=0x7ffffffffffffdb8
3404500: system.cpu: T0 : 0x1052a    : c_add a5, a3               : IntAlu :  D=0x0000000000071a66
3405000: system.cpu: T0 : 0x1052c    : sb a4, 0(a5)               : MemWrite :  D=0x00000000000000cb A=0x71a66
3405500: system.cpu: T0 : 0x10530    : lw a5, -24(s0)             : MemRead :  D=0x000000000000001e A=0x7ffffffffffffdb8
3406000: system.cpu: T0 : 0x10534    : c_addiw a5, 1              : IntAlu :  D=0x000000000000001f
3407000: system.cpu: T0 : 0x10536    : sw a5, -24(s0)             : MemWrite :  D=0x000000000000001f A=0x7ffffffffffffdb8
3408000: system.cpu: T0 : 0x1053a    : lw a5, -24(s0)             : MemRead :  D=0x000000000000001f A=0x7ffffffffffffdb8
3409000: system.cpu: T0 : 0x1053e    : addiw a4, a5, 0            : IntAlu :  D=0x000000000000001f
3410000: system.cpu: T0 : 0x10542    : addi a5, zero, 49          : IntAlu :  D=0x0000000000000031
3411000: system.cpu: T0 : 0x10546    : bge a5, a4, -118           : IntAlu : 
3411500: system.cpu: T0 : 0x104d0    : lw a5, -24(s0)             : MemRead :  D=0x000000000000001f A=0x7ffffffffffffdb8
3412000: system.cpu: T0 : 0x104d4    : sw a5, -20(s0)             : MemWrite :  D=0x000000000000001f A=0x7ffffffffffffdbc
3412500: system.cpu: T0 : 0x104d8    : lw a4, -28(s0)             : MemRead :  D=0x0000000000001bcb A=0x7ffffffffffffdb4
3413000: system.cpu: T0 : 0x104dc    : c_mv a5, a4                : IntAlu :  D=0x0000000000001bcb
3414000: system.cpu: T0 : 0x104de    : slliw a5, a5, 5            : IntAlu :  D=0x0000000000037960
3414500: system.cpu: T0 : 0x104e2    : c_addw a5, a4              : IntAlu :  D=0x000000000003952b
3415000: system.cpu: T0 : 0x104e4    : slliw a5, a5, 2            : IntAlu :  D=0x00000000000e54ac
3415500: system.cpu: T0 : 0x104e8    : c_addw a5, a4              : IntAlu :  D=0x00000000000e7077
3416000: system.cpu: T0 : 0x104ea    : c_addiw a5, 0              : IntAlu :  D=0x00000000000e7077
3416500: system.cpu: T0 : 0x104ec    : addiw a5, a5, 81           : IntAlu :  D=0x00000000000e70c8
3417000: system.cpu: T0 : 0x104f0    : c_addiw a5, 0              : IntAlu :  D=0x00000000000e70c8
3417500: system.cpu: T0 : 0x104f2    : c_mv a4, a5                : IntAlu :  D=0x00000000000e70c8
3418000: system.cpu: T0 : 0x104f4    : c_lui a5, 2                : IntAlu :  D=0x0000000000002000
3419000: system.cpu: T0 : 0x104f6    : addiw a5, a5, -97          : IntAlu :  D=0x0000000000001f9f
3420000: system.cpu: T0 : 0x104fa    : remw a5, a4, a5            : IntDiv :  D=0x0000000000001cbc
3421000: system.cpu: T0 : 0x104fe    : sw a5, -28(s0)             : MemWrite :  D=0x0000000000001cbc A=0x7ffffffffffffdb4
3422000: system.cpu: T0 : 0x10502    : lw a4, -28(s0)             : MemRead :  D=0x0000000000001cbc A=0x7ffffffffffffdb4
3423000: system.cpu: T0 : 0x10506    : sraiw a5, a4, 31           : IntAlu :  D=0x0000000000000000
3424000: system.cpu: T0 : 0x1050a    : srliw a5, a5, 24           : IntAlu :  D=0x0000000000000000
3424500: system.cpu: T0 : 0x1050e    : c_addw a4, a5              : IntAlu :  D=0x0000000000001cbc
3425000: system.cpu: T0 : 0x10510    : andi a4, a4, 255           : IntAlu :  D=0x00000000000000bc
3425500: system.cpu: T0 : 0x10514    : subw a5, a4, a5            : IntAlu :  D=0x00000000000000bc
3426000: system.cpu: T0 : 0x10518    : c_addiw a5, 0              : IntAlu :  D=0x00000000000000bc
3427000: system.cpu: T0 : 0x1051a    : andi a4, a5, 255           : IntAlu :  D=0x00000000000000bc
3428000: system.cpu: T0 : 0x1051e    : auipc a3, 96               : IntAlu :  D=0x000000000007051e
3429000: system.cpu: T0 : 0x10522    : ld a3, 834(a3)             : MemRead :  D=0x0000000000071a48 A=0x70860
3430000: system.cpu: T0 : 0x10526    : lw a5, -24(s0)             : MemRead :  D=0x000000000000001f A=0x7ffffffffffffdb8
3430500: system.cpu: T0 : 0x1052a    : c_add a5, a3               : IntAlu :  D=0x0000000000071a67
3431000: system.cpu: T0 : 0x1052c    : sb a4, 0(a5)               : MemWrite :  D=0x00000000000000bc A=0x71a67
3431500: system.cpu: T0 : 0x10530    : lw a5, -24(s0)             : MemRead :  D=0x000000000000001f A=0x7ffffffffffffdb8
3432000: system.cpu: T0 : 0x10534    : c_addiw a5, 1              : IntAlu :  D=0x0000000000000020
3433000: system.cpu: T0 : 0x10536    : sw a5, -24(s0)             : MemWrite :  D=0x0000000000000020 A=0x7ffffffffffffdb8
3434000: system.cpu: T0 : 0x1053a    : lw a5, -24(s0)             : MemRead :  D=0x0000000000000020 A=0x7ffffffffffffdb8
3435000: system.cpu: T0 : 0x1053e    : addiw a4, a5, 0            : IntAlu :  D=0x0000000000000020
3436000: system.cpu: T0 : 0x10542    : addi a5, zero, 49          : IntAlu :  D=0x0000000000000031
3437000: system.cpu: T0 : 0x10546    : bge a5, a4, -118           : IntAlu : 
3437500: system.cpu: T0 : 0x104d0    : lw a5, -24(s0)             : MemRead :  D=0x0000000000000020 A=0x7ffffffffffffdb8
3438000: system.cpu: T0 : 0x104d4    : sw a5, -20(s0)             : MemWrite :  D=0x0000000000000020 A=0x7ffffffffffffdbc
3438500: system.cpu: T0 : 0x104d8    : lw a4, -28(s0)             : MemRead :  D=0x0000000000001cbc A=0x7ffffffffffffdb4
3439000: system.cpu: T0 : 0x104dc    : c_mv a5, a4                : IntAlu :  D=0x0000000000001cbc
3440000: system.cpu: T0 : 0x104de    : slliw a5, a5, 5            : IntAlu :  D=0x0000000000039780
3440500: system.cpu: T0 : 0x104e2    : c_addw a5, a4              : IntAlu :  D=0x000000000003b43c
3441000: system.cpu: T0 : 0x104e4    : slliw a5, a5, 2            : IntAlu :  D=0x00000000000ed0f0
3441500: system.cpu: T0 : 0x104e8    : c_addw a5, a4              : IntAlu :  D=0x00000000000eedac
3442000: system.cpu: T0 : 0x104ea    : c_addiw a5, 0              : IntAlu :  D=0x00000000000eedac
3442500: system.cpu: T0 : 0x104ec    : addiw a5, a5, 81           : IntAlu :  D=0x00000000000eedfd
3443000: system.cpu: T0 : 0x104f0    : c_addiw a5, 0              : IntAlu :  D=0x00000000000eedfd
3443500: system.cpu: T0 : 0x104f2    : c_mv a4, a5                : IntAlu :  D=0x00000000000eedfd
3444000: system.cpu: T0 : 0x104f4    : c_lui a5, 2                : IntAlu :  D=0x0000000000002000
3445000: system.cpu: T0 : 0x104f6    : addiw a5, a5, -97          : IntAlu :  D=0x0000000000001f9f
3446000: system.cpu: T0 : 0x104fa    : remw a5, a4, a5            : IntDiv :  D=0x0000000000001b75
3447000: system.cpu: T0 : 0x104fe    : sw a5, -28(s0)             : MemWrite :  D=0x0000000000001b75 A=0x7ffffffffffffdb4
3448000: system.cpu: T0 : 0x10502    : lw a4, -28(s0)             : MemRead :  D=0x0000000000001b75 A=0x7ffffffffffffdb4
3449000: system.cpu: T0 : 0x10506    : sraiw a5, a4, 31           : IntAlu :  D=0x0000000000000000
3450000: system.cpu: T0 : 0x1050a    : srliw a5, a5, 24           : IntAlu :  D=0x0000000000000000
3450500: system.cpu: T0 : 0x1050e    : c_addw a4, a5              : IntAlu :  D=0x0000000000001b75
3451000: system.cpu: T0 : 0x10510    : andi a4, a4, 255           : IntAlu :  D=0x0000000000000075
3451500: system.cpu: T0 : 0x10514    : subw a5, a4, a5            : IntAlu :  D=0x0000000000000075
3452000: system.cpu: T0 : 0x10518    : c_addiw a5, 0              : IntAlu :  D=0x0000000000000075
3453000: system.cpu: T0 : 0x1051a    : andi a4, a5, 255           : IntAlu :  D=0x0000000000000075
3454000: system.cpu: T0 : 0x1051e    : auipc a3, 96               : IntAlu :  D=0x000000000007051e
3455000: system.cpu: T0 : 0x10522    : ld a3, 834(a3)             : MemRead :  D=0x0000000000071a48 A=0x70860
3456000: system.cpu: T0 : 0x10526    : lw a5, -24(s0)             : MemRead :  D=0x0000000000000020 A=0x7ffffffffffffdb8
3456500: system.cpu: T0 : 0x1052a    : c_add a5, a3               : IntAlu :  D=0x0000000000071a68
3457000: system.cpu: T0 : 0x1052c    : sb a4, 0(a5)               : MemWrite :  D=0x0000000000000075 A=0x71a68
3457500: system.cpu: T0 : 0x10530    : lw a5, -24(s0)             : MemRead :  D=0x0000000000000020 A=0x7ffffffffffffdb8
3458000: system.cpu: T0 : 0x10534    : c_addiw a5, 1              : IntAlu :  D=0x0000000000000021
3459000: system.cpu: T0 : 0x10536    : sw a5, -24(s0)             : MemWrite :  D=0x0000000000000021 A=0x7ffffffffffffdb8
3460000: system.cpu: T0 : 0x1053a    : lw a5, -24(s0)             : MemRead :  D=0x0000000000000021 A=0x7ffffffffffffdb8
3461000: system.cpu: T0 : 0x1053e    : addiw a4, a5, 0            : IntAlu :  D=0x0000000000000021
3462000: system.cpu: T0 : 0x10542    : addi a5, zero, 49          : IntAlu :  D=0x0000000000000031
3463000: system.cpu: T0 : 0x10546    : bge a5, a4, -118           : IntAlu : 
3463500: system.cpu: T0 : 0x104d0    : lw a5, -24(s0)             : MemRead :  D=0x0000000000000021 A=0x7ffffffffffffdb8
3464000: system.cpu: T0 : 0x104d4    : sw a5, -20(s0)             : MemWrite :  D=0x0000000000000021 A=0x7ffffffffffffdbc
3464500: system.cpu: T0 : 0x104d8    : lw a4, -28(s0)             : MemRead :  D=0x0000000000001b75 A=0x7ffffffffffffdb4
3465000: system.cpu: T0 : 0x104dc    : c_mv a5, a4                : IntAlu :  D=0x0000000000001b75
3466000: system.cpu: T0 : 0x104de    : slliw a5, a5, 5            : IntAlu :  D=0x0000000000036ea0
3466500: system.cpu: T0 : 0x104e2    : c_addw a5, a4              : IntAlu :  D=0x0000000000038a15
3467000: system.cpu: T0 : 0x104e4    : slliw a5, a5, 2            : IntAlu :  D=0x00000000000e2854
3467500: system.cpu: T0 : 0x104e8    : c_addw a5, a4              : IntAlu :  D=0x00000000000e43c9
3468000: system.cpu: T0 : 0x104ea    : c_addiw a5, 0              : IntAlu :  D=0x00000000000e43c9
3468500: system.cpu: T0 : 0x104ec    : addiw a5, a5, 81           : IntAlu :  D=0x00000000000e441a
3469000: system.cpu: T0 : 0x104f0    : c_addiw a5, 0              : IntAlu :  D=0x00000000000e441a
3469500: system.cpu: T0 : 0x104f2    : c_mv a4, a5                : IntAlu :  D=0x00000000000e441a
3470000: system.cpu: T0 : 0x104f4    : c_lui a5, 2                : IntAlu :  D=0x0000000000002000
3471000: system.cpu: T0 : 0x104f6    : addiw a5, a5, -97          : IntAlu :  D=0x0000000000001f9f
3472000: system.cpu: T0 : 0x104fa    : remw a5, a4, a5            : IntDiv :  D=0x0000000000000fad
3473000: system.cpu: T0 : 0x104fe    : sw a5, -28(s0)             : MemWrite :  D=0x0000000000000fad A=0x7ffffffffffffdb4
3474000: system.cpu: T0 : 0x10502    : lw a4, -28(s0)             : MemRead :  D=0x0000000000000fad A=0x7ffffffffffffdb4
3475000: system.cpu: T0 : 0x10506    : sraiw a5, a4, 31           : IntAlu :  D=0x0000000000000000
3476000: system.cpu: T0 : 0x1050a    : srliw a5, a5, 24           : IntAlu :  D=0x0000000000000000
3476500: system.cpu: T0 : 0x1050e    : c_addw a4, a5              : IntAlu :  D=0x0000000000000fad
3477000: system.cpu: T0 : 0x10510    : andi a4, a4, 255           : IntAlu :  D=0x00000000000000ad
3477500: system.cpu: T0 : 0x10514    : subw a5, a4, a5            : IntAlu :  D=0x00000000000000ad
3478000: system.cpu: T0 : 0x10518    : c_addiw a5, 0              : IntAlu :  D=0x00000000000000ad
3479000: system.cpu: T0 : 0x1051a    : andi a4, a5, 255           : IntAlu :  D=0x00000000000000ad
3480000: system.cpu: T0 : 0x1051e    : auipc a3, 96               : IntAlu :  D=0x000000000007051e
3481000: system.cpu: T0 : 0x10522    : ld a3, 834(a3)             : MemRead :  D=0x0000000000071a48 A=0x70860
3482000: system.cpu: T0 : 0x10526    : lw a5, -24(s0)             : MemRead :  D=0x0000000000000021 A=0x7ffffffffffffdb8
3482500: system.cpu: T0 : 0x1052a    : c_add a5, a3               : IntAlu :  D=0x0000000000071a69
3483000: system.cpu: T0 : 0x1052c    : sb a4, 0(a5)               : MemWrite :  D=0x00000000000000ad A=0x71a69
3483500: system.cpu: T0 : 0x10530    : lw a5, -24(s0)             : MemRead :  D=0x0000000000000021 A=0x7ffffffffffffdb8
3484000: system.cpu: T0 : 0x10534    : c_addiw a5, 1              : IntAlu :  D=0x0000000000000022
3485000: system.cpu: T0 : 0x10536    : sw a5, -24(s0)             : MemWrite :  D=0x0000000000000022 A=0x7ffffffffffffdb8
3486000: system.cpu: T0 : 0x1053a    : lw a5, -24(s0)             : MemRead :  D=0x0000000000000022 A=0x7ffffffffffffdb8
3487000: system.cpu: T0 : 0x1053e    : addiw a4, a5, 0            : IntAlu :  D=0x0000000000000022
3488000: system.cpu: T0 : 0x10542    : addi a5, zero, 49          : IntAlu :  D=0x0000000000000031
3489000: system.cpu: T0 : 0x10546    : bge a5, a4, -118           : IntAlu : 
3489500: system.cpu: T0 : 0x104d0    : lw a5, -24(s0)             : MemRead :  D=0x0000000000000022 A=0x7ffffffffffffdb8
3490000: system.cpu: T0 : 0x104d4    : sw a5, -20(s0)             : MemWrite :  D=0x0000000000000022 A=0x7ffffffffffffdbc
3490500: system.cpu: T0 : 0x104d8    : lw a4, -28(s0)             : MemRead :  D=0x0000000000000fad A=0x7ffffffffffffdb4
3491000: system.cpu: T0 : 0x104dc    : c_mv a5, a4                : IntAlu :  D=0x0000000000000fad
3492000: system.cpu: T0 : 0x104de    : slliw a5, a5, 5            : IntAlu :  D=0x000000000001f5a0
3492500: system.cpu: T0 : 0x104e2    : c_addw a5, a4              : IntAlu :  D=0x000000000002054d
3493000: system.cpu: T0 : 0x104e4    : slliw a5, a5, 2            : IntAlu :  D=0x0000000000081534
3493500: system.cpu: T0 : 0x104e8    : c_addw a5, a4              : IntAlu :  D=0x00000000000824e1
3494000: system.cpu: T0 : 0x104ea    : c_addiw a5, 0              : IntAlu :  D=0x00000000000824e1
3494500: system.cpu: T0 : 0x104ec    : addiw a5, a5, 81           : IntAlu :  D=0x0000000000082532
3495000: system.cpu: T0 : 0x104f0    : c_addiw a5, 0              : IntAlu :  D=0x0000000000082532
3495500: system.cpu: T0 : 0x104f2    : c_mv a4, a5                : IntAlu :  D=0x0000000000082532
3496000: system.cpu: T0 : 0x104f4    : c_lui a5, 2                : IntAlu :  D=0x0000000000002000
3497000: system.cpu: T0 : 0x104f6    : addiw a5, a5, -97          : IntAlu :  D=0x0000000000001f9f
3498000: system.cpu: T0 : 0x104fa    : remw a5, a4, a5            : IntDiv :  D=0x0000000000001dd3
3499000: system.cpu: T0 : 0x104fe    : sw a5, -28(s0)             : MemWrite :  D=0x0000000000001dd3 A=0x7ffffffffffffdb4
3500000: system.cpu: T0 : 0x10502    : lw a4, -28(s0)             : MemRead :  D=0x0000000000001dd3 A=0x7ffffffffffffdb4
3501000: system.cpu: T0 : 0x10506    : sraiw a5, a4, 31           : IntAlu :  D=0x0000000000000000
3502000: system.cpu: T0 : 0x1050a    : srliw a5, a5, 24           : IntAlu :  D=0x0000000000000000
3502500: system.cpu: T0 : 0x1050e    : c_addw a4, a5              : IntAlu :  D=0x0000000000001dd3
3503000: system.cpu: T0 : 0x10510    : andi a4, a4, 255           : IntAlu :  D=0x00000000000000d3
3503500: system.cpu: T0 : 0x10514    : subw a5, a4, a5            : IntAlu :  D=0x00000000000000d3
3504000: system.cpu: T0 : 0x10518    : c_addiw a5, 0              : IntAlu :  D=0x00000000000000d3
3505000: system.cpu: T0 : 0x1051a    : andi a4, a5, 255           : IntAlu :  D=0x00000000000000d3
3506000: system.cpu: T0 : 0x1051e    : auipc a3, 96               : IntAlu :  D=0x000000000007051e
3507000: system.cpu: T0 : 0x10522    : ld a3, 834(a3)             : MemRead :  D=0x0000000000071a48 A=0x70860
3508000: system.cpu: T0 : 0x10526    : lw a5, -24(s0)             : MemRead :  D=0x0000000000000022 A=0x7ffffffffffffdb8
3508500: system.cpu: T0 : 0x1052a    : c_add a5, a3               : IntAlu :  D=0x0000000000071a6a
3509000: system.cpu: T0 : 0x1052c    : sb a4, 0(a5)               : MemWrite :  D=0x00000000000000d3 A=0x71a6a
3509500: system.cpu: T0 : 0x10530    : lw a5, -24(s0)             : MemRead :  D=0x0000000000000022 A=0x7ffffffffffffdb8
3510000: system.cpu: T0 : 0x10534    : c_addiw a5, 1              : IntAlu :  D=0x0000000000000023
3511000: system.cpu: T0 : 0x10536    : sw a5, -24(s0)             : MemWrite :  D=0x0000000000000023 A=0x7ffffffffffffdb8
3512000: system.cpu: T0 : 0x1053a    : lw a5, -24(s0)             : MemRead :  D=0x0000000000000023 A=0x7ffffffffffffdb8
3513000: system.cpu: T0 : 0x1053e    : addiw a4, a5, 0            : IntAlu :  D=0x0000000000000023
3514000: system.cpu: T0 : 0x10542    : addi a5, zero, 49          : IntAlu :  D=0x0000000000000031
3515000: system.cpu: T0 : 0x10546    : bge a5, a4, -118           : IntAlu : 
3515500: system.cpu: T0 : 0x104d0    : lw a5, -24(s0)             : MemRead :  D=0x0000000000000023 A=0x7ffffffffffffdb8
3516000: system.cpu: T0 : 0x104d4    : sw a5, -20(s0)             : MemWrite :  D=0x0000000000000023 A=0x7ffffffffffffdbc
3516500: system.cpu: T0 : 0x104d8    : lw a4, -28(s0)             : MemRead :  D=0x0000000000001dd3 A=0x7ffffffffffffdb4
3517000: system.cpu: T0 : 0x104dc    : c_mv a5, a4                : IntAlu :  D=0x0000000000001dd3
3518000: system.cpu: T0 : 0x104de    : slliw a5, a5, 5            : IntAlu :  D=0x000000000003ba60
3518500: system.cpu: T0 : 0x104e2    : c_addw a5, a4              : IntAlu :  D=0x000000000003d833
3519000: system.cpu: T0 : 0x104e4    : slliw a5, a5, 2            : IntAlu :  D=0x00000000000f60cc
3519500: system.cpu: T0 : 0x104e8    : c_addw a5, a4              : IntAlu :  D=0x00000000000f7e9f
3520000: system.cpu: T0 : 0x104ea    : c_addiw a5, 0              : IntAlu :  D=0x00000000000f7e9f
3520500: system.cpu: T0 : 0x104ec    : addiw a5, a5, 81           : IntAlu :  D=0x00000000000f7ef0
3521000: system.cpu: T0 : 0x104f0    : c_addiw a5, 0              : IntAlu :  D=0x00000000000f7ef0
3521500: system.cpu: T0 : 0x104f2    : c_mv a4, a5                : IntAlu :  D=0x00000000000f7ef0
3522000: system.cpu: T0 : 0x104f4    : c_lui a5, 2                : IntAlu :  D=0x0000000000002000
3523000: system.cpu: T0 : 0x104f6    : addiw a5, a5, -97          : IntAlu :  D=0x0000000000001f9f
3524000: system.cpu: T0 : 0x104fa    : remw a5, a4, a5            : IntDiv :  D=0x0000000000000e4d
3525000: system.cpu: T0 : 0x104fe    : sw a5, -28(s0)             : MemWrite :  D=0x0000000000000e4d A=0x7ffffffffffffdb4
3526000: system.cpu: T0 : 0x10502    : lw a4, -28(s0)             : MemRead :  D=0x0000000000000e4d A=0x7ffffffffffffdb4
3527000: system.cpu: T0 : 0x10506    : sraiw a5, a4, 31           : IntAlu :  D=0x0000000000000000
3528000: system.cpu: T0 : 0x1050a    : srliw a5, a5, 24           : IntAlu :  D=0x0000000000000000
3528500: system.cpu: T0 : 0x1050e    : c_addw a4, a5              : IntAlu :  D=0x0000000000000e4d
3529000: system.cpu: T0 : 0x10510    : andi a4, a4, 255           : IntAlu :  D=0x000000000000004d
3529500: system.cpu: T0 : 0x10514    : subw a5, a4, a5            : IntAlu :  D=0x000000000000004d
3530000: system.cpu: T0 : 0x10518    : c_addiw a5, 0              : IntAlu :  D=0x000000000000004d
3531000: system.cpu: T0 : 0x1051a    : andi a4, a5, 255           : IntAlu :  D=0x000000000000004d
3532000: system.cpu: T0 : 0x1051e    : auipc a3, 96               : IntAlu :  D=0x000000000007051e
3533000: system.cpu: T0 : 0x10522    : ld a3, 834(a3)             : MemRead :  D=0x0000000000071a48 A=0x70860
3534000: system.cpu: T0 : 0x10526    : lw a5, -24(s0)             : MemRead :  D=0x0000000000000023 A=0x7ffffffffffffdb8
3534500: system.cpu: T0 : 0x1052a    : c_add a5, a3               : IntAlu :  D=0x0000000000071a6b
3535000: system.cpu: T0 : 0x1052c    : sb a4, 0(a5)               : MemWrite :  D=0x000000000000004d A=0x71a6b
3535500: system.cpu: T0 : 0x10530    : lw a5, -24(s0)             : MemRead :  D=0x0000000000000023 A=0x7ffffffffffffdb8
3536000: system.cpu: T0 : 0x10534    : c_addiw a5, 1              : IntAlu :  D=0x0000000000000024
3537000: system.cpu: T0 : 0x10536    : sw a5, -24(s0)             : MemWrite :  D=0x0000000000000024 A=0x7ffffffffffffdb8
3538000: system.cpu: T0 : 0x1053a    : lw a5, -24(s0)             : MemRead :  D=0x0000000000000024 A=0x7ffffffffffffdb8
3539000: system.cpu: T0 : 0x1053e    : addiw a4, a5, 0            : IntAlu :  D=0x0000000000000024
3540000: system.cpu: T0 : 0x10542    : addi a5, zero, 49          : IntAlu :  D=0x0000000000000031
3541000: system.cpu: T0 : 0x10546    : bge a5, a4, -118           : IntAlu : 
3541500: system.cpu: T0 : 0x104d0    : lw a5, -24(s0)             : MemRead :  D=0x0000000000000024 A=0x7ffffffffffffdb8
3542000: system.cpu: T0 : 0x104d4    : sw a5, -20(s0)             : MemWrite :  D=0x0000000000000024 A=0x7ffffffffffffdbc
3542500: system.cpu: T0 : 0x104d8    : lw a4, -28(s0)             : MemRead :  D=0x0000000000000e4d A=0x7ffffffffffffdb4
3543000: system.cpu: T0 : 0x104dc    : c_mv a5, a4                : IntAlu :  D=0x0000000000000e4d
3544000: system.cpu: T0 : 0x104de    : slliw a5, a5, 5            : IntAlu :  D=0x000000000001c9a0
3544500: system.cpu: T0 : 0x104e2    : c_addw a5, a4              : IntAlu :  D=0x000000000001d7ed
3545000: system.cpu: T0 : 0x104e4    : slliw a5, a5, 2            : IntAlu :  D=0x0000000000075fb4
3545500: system.cpu: T0 : 0x104e8    : c_addw a5, a4              : IntAlu :  D=0x0000000000076e01
3546000: system.cpu: T0 : 0x104ea    : c_addiw a5, 0              : IntAlu :  D=0x0000000000076e01
3546500: system.cpu: T0 : 0x104ec    : addiw a5, a5, 81           : IntAlu :  D=0x0000000000076e52
3547000: system.cpu: T0 : 0x104f0    : c_addiw a5, 0              : IntAlu :  D=0x0000000000076e52
3547500: system.cpu: T0 : 0x104f2    : c_mv a4, a5                : IntAlu :  D=0x0000000000076e52
3548000: system.cpu: T0 : 0x104f4    : c_lui a5, 2                : IntAlu :  D=0x0000000000002000
3549000: system.cpu: T0 : 0x104f6    : addiw a5, a5, -97          : IntAlu :  D=0x0000000000001f9f
3550000: system.cpu: T0 : 0x104fa    : remw a5, a4, a5            : IntDiv :  D=0x000000000000050e
3551000: system.cpu: T0 : 0x104fe    : sw a5, -28(s0)             : MemWrite :  D=0x000000000000050e A=0x7ffffffffffffdb4
3552000: system.cpu: T0 : 0x10502    : lw a4, -28(s0)             : MemRead :  D=0x000000000000050e A=0x7ffffffffffffdb4
3553000: system.cpu: T0 : 0x10506    : sraiw a5, a4, 31           : IntAlu :  D=0x0000000000000000
3554000: system.cpu: T0 : 0x1050a    : srliw a5, a5, 24           : IntAlu :  D=0x0000000000000000
3554500: system.cpu: T0 : 0x1050e    : c_addw a4, a5              : IntAlu :  D=0x000000000000050e
3555000: system.cpu: T0 : 0x10510    : andi a4, a4, 255           : IntAlu :  D=0x000000000000000e
3555500: system.cpu: T0 : 0x10514    : subw a5, a4, a5            : IntAlu :  D=0x000000000000000e
3556000: system.cpu: T0 : 0x10518    : c_addiw a5, 0              : IntAlu :  D=0x000000000000000e
3557000: system.cpu: T0 : 0x1051a    : andi a4, a5, 255           : IntAlu :  D=0x000000000000000e
3558000: system.cpu: T0 : 0x1051e    : auipc a3, 96               : IntAlu :  D=0x000000000007051e
3559000: system.cpu: T0 : 0x10522    : ld a3, 834(a3)             : MemRead :  D=0x0000000000071a48 A=0x70860
3560000: system.cpu: T0 : 0x10526    : lw a5, -24(s0)             : MemRead :  D=0x0000000000000024 A=0x7ffffffffffffdb8
3560500: system.cpu: T0 : 0x1052a    : c_add a5, a3               : IntAlu :  D=0x0000000000071a6c
3561000: system.cpu: T0 : 0x1052c    : sb a4, 0(a5)               : MemWrite :  D=0x000000000000000e A=0x71a6c
3561500: system.cpu: T0 : 0x10530    : lw a5, -24(s0)             : MemRead :  D=0x0000000000000024 A=0x7ffffffffffffdb8
3562000: system.cpu: T0 : 0x10534    : c_addiw a5, 1              : IntAlu :  D=0x0000000000000025
3563000: system.cpu: T0 : 0x10536    : sw a5, -24(s0)             : MemWrite :  D=0x0000000000000025 A=0x7ffffffffffffdb8
3564000: system.cpu: T0 : 0x1053a    : lw a5, -24(s0)             : MemRead :  D=0x0000000000000025 A=0x7ffffffffffffdb8
3565000: system.cpu: T0 : 0x1053e    : addiw a4, a5, 0            : IntAlu :  D=0x0000000000000025
3566000: system.cpu: T0 : 0x10542    : addi a5, zero, 49          : IntAlu :  D=0x0000000000000031
3567000: system.cpu: T0 : 0x10546    : bge a5, a4, -118           : IntAlu : 
3567500: system.cpu: T0 : 0x104d0    : lw a5, -24(s0)             : MemRead :  D=0x0000000000000025 A=0x7ffffffffffffdb8
3568000: system.cpu: T0 : 0x104d4    : sw a5, -20(s0)             : MemWrite :  D=0x0000000000000025 A=0x7ffffffffffffdbc
3568500: system.cpu: T0 : 0x104d8    : lw a4, -28(s0)             : MemRead :  D=0x000000000000050e A=0x7ffffffffffffdb4
3569000: system.cpu: T0 : 0x104dc    : c_mv a5, a4                : IntAlu :  D=0x000000000000050e
3570000: system.cpu: T0 : 0x104de    : slliw a5, a5, 5            : IntAlu :  D=0x000000000000a1c0
3570500: system.cpu: T0 : 0x104e2    : c_addw a5, a4              : IntAlu :  D=0x000000000000a6ce
3571000: system.cpu: T0 : 0x104e4    : slliw a5, a5, 2            : IntAlu :  D=0x0000000000029b38
3571500: system.cpu: T0 : 0x104e8    : c_addw a5, a4              : IntAlu :  D=0x000000000002a046
3572000: system.cpu: T0 : 0x104ea    : c_addiw a5, 0              : IntAlu :  D=0x000000000002a046
3572500: system.cpu: T0 : 0x104ec    : addiw a5, a5, 81           : IntAlu :  D=0x000000000002a097
3573000: system.cpu: T0 : 0x104f0    : c_addiw a5, 0              : IntAlu :  D=0x000000000002a097
3573500: system.cpu: T0 : 0x104f2    : c_mv a4, a5                : IntAlu :  D=0x000000000002a097
3574000: system.cpu: T0 : 0x104f4    : c_lui a5, 2                : IntAlu :  D=0x0000000000002000
3575000: system.cpu: T0 : 0x104f6    : addiw a5, a5, -97          : IntAlu :  D=0x0000000000001f9f
3576000: system.cpu: T0 : 0x104fa    : remw a5, a4, a5            : IntDiv :  D=0x000000000000088c
3577000: system.cpu: T0 : 0x104fe    : sw a5, -28(s0)             : MemWrite :  D=0x000000000000088c A=0x7ffffffffffffdb4
3578000: system.cpu: T0 : 0x10502    : lw a4, -28(s0)             : MemRead :  D=0x000000000000088c A=0x7ffffffffffffdb4
3579000: system.cpu: T0 : 0x10506    : sraiw a5, a4, 31           : IntAlu :  D=0x0000000000000000
3580000: system.cpu: T0 : 0x1050a    : srliw a5, a5, 24           : IntAlu :  D=0x0000000000000000
3580500: system.cpu: T0 : 0x1050e    : c_addw a4, a5              : IntAlu :  D=0x000000000000088c
3581000: system.cpu: T0 : 0x10510    : andi a4, a4, 255           : IntAlu :  D=0x000000000000008c
3581500: system.cpu: T0 : 0x10514    : subw a5, a4, a5            : IntAlu :  D=0x000000000000008c
3582000: system.cpu: T0 : 0x10518    : c_addiw a5, 0              : IntAlu :  D=0x000000000000008c
3583000: system.cpu: T0 : 0x1051a    : andi a4, a5, 255           : IntAlu :  D=0x000000000000008c
3584000: system.cpu: T0 : 0x1051e    : auipc a3, 96               : IntAlu :  D=0x000000000007051e
3585000: system.cpu: T0 : 0x10522    : ld a3, 834(a3)             : MemRead :  D=0x0000000000071a48 A=0x70860
3586000: system.cpu: T0 : 0x10526    : lw a5, -24(s0)             : MemRead :  D=0x0000000000000025 A=0x7ffffffffffffdb8
3586500: system.cpu: T0 : 0x1052a    : c_add a5, a3               : IntAlu :  D=0x0000000000071a6d
3587000: system.cpu: T0 : 0x1052c    : sb a4, 0(a5)               : MemWrite :  D=0x000000000000008c A=0x71a6d
3587500: system.cpu: T0 : 0x10530    : lw a5, -24(s0)             : MemRead :  D=0x0000000000000025 A=0x7ffffffffffffdb8
3588000: system.cpu: T0 : 0x10534    : c_addiw a5, 1              : IntAlu :  D=0x0000000000000026
3589000: system.cpu: T0 : 0x10536    : sw a5, -24(s0)             : MemWrite :  D=0x0000000000000026 A=0x7ffffffffffffdb8
3590000: system.cpu: T0 : 0x1053a    : lw a5, -24(s0)             : MemRead :  D=0x0000000000000026 A=0x7ffffffffffffdb8
3591000: system.cpu: T0 : 0x1053e    : addiw a4, a5, 0            : IntAlu :  D=0x0000000000000026
3592000: system.cpu: T0 : 0x10542    : addi a5, zero, 49          : IntAlu :  D=0x0000000000000031
3593000: system.cpu: T0 : 0x10546    : bge a5, a4, -118           : IntAlu : 
3593500: system.cpu: T0 : 0x104d0    : lw a5, -24(s0)             : MemRead :  D=0x0000000000000026 A=0x7ffffffffffffdb8
3594000: system.cpu: T0 : 0x104d4    : sw a5, -20(s0)             : MemWrite :  D=0x0000000000000026 A=0x7ffffffffffffdbc
3594500: system.cpu: T0 : 0x104d8    : lw a4, -28(s0)             : MemRead :  D=0x000000000000088c A=0x7ffffffffffffdb4
3595000: system.cpu: T0 : 0x104dc    : c_mv a5, a4                : IntAlu :  D=0x000000000000088c
3596000: system.cpu: T0 : 0x104de    : slliw a5, a5, 5            : IntAlu :  D=0x0000000000011180
3596500: system.cpu: T0 : 0x104e2    : c_addw a5, a4              : IntAlu :  D=0x0000000000011a0c
3597000: system.cpu: T0 : 0x104e4    : slliw a5, a5, 2            : IntAlu :  D=0x0000000000046830
3597500: system.cpu: T0 : 0x104e8    : c_addw a5, a4              : IntAlu :  D=0x00000000000470bc
3598000: system.cpu: T0 : 0x104ea    : c_addiw a5, 0              : IntAlu :  D=0x00000000000470bc
3598500: system.cpu: T0 : 0x104ec    : addiw a5, a5, 81           : IntAlu :  D=0x000000000004710d
3599000: system.cpu: T0 : 0x104f0    : c_addiw a5, 0              : IntAlu :  D=0x000000000004710d
3599500: system.cpu: T0 : 0x104f2    : c_mv a4, a5                : IntAlu :  D=0x000000000004710d
3600000: system.cpu: T0 : 0x104f4    : c_lui a5, 2                : IntAlu :  D=0x0000000000002000
3601000: system.cpu: T0 : 0x104f6    : addiw a5, a5, -97          : IntAlu :  D=0x0000000000001f9f
3602000: system.cpu: T0 : 0x104fa    : remw a5, a4, a5            : IntDiv :  D=0x0000000000001e50
3603000: system.cpu: T0 : 0x104fe    : sw a5, -28(s0)             : MemWrite :  D=0x0000000000001e50 A=0x7ffffffffffffdb4
3604000: system.cpu: T0 : 0x10502    : lw a4, -28(s0)             : MemRead :  D=0x0000000000001e50 A=0x7ffffffffffffdb4
3605000: system.cpu: T0 : 0x10506    : sraiw a5, a4, 31           : IntAlu :  D=0x0000000000000000
3606000: system.cpu: T0 : 0x1050a    : srliw a5, a5, 24           : IntAlu :  D=0x0000000000000000
3606500: system.cpu: T0 : 0x1050e    : c_addw a4, a5              : IntAlu :  D=0x0000000000001e50
3607000: system.cpu: T0 : 0x10510    : andi a4, a4, 255           : IntAlu :  D=0x0000000000000050
3607500: system.cpu: T0 : 0x10514    : subw a5, a4, a5            : IntAlu :  D=0x0000000000000050
3608000: system.cpu: T0 : 0x10518    : c_addiw a5, 0              : IntAlu :  D=0x0000000000000050
3609000: system.cpu: T0 : 0x1051a    : andi a4, a5, 255           : IntAlu :  D=0x0000000000000050
3610000: system.cpu: T0 : 0x1051e    : auipc a3, 96               : IntAlu :  D=0x000000000007051e
3611000: system.cpu: T0 : 0x10522    : ld a3, 834(a3)             : MemRead :  D=0x0000000000071a48 A=0x70860
3612000: system.cpu: T0 : 0x10526    : lw a5, -24(s0)             : MemRead :  D=0x0000000000000026 A=0x7ffffffffffffdb8
3612500: system.cpu: T0 : 0x1052a    : c_add a5, a3               : IntAlu :  D=0x0000000000071a6e
3613000: system.cpu: T0 : 0x1052c    : sb a4, 0(a5)               : MemWrite :  D=0x0000000000000050 A=0x71a6e
3613500: system.cpu: T0 : 0x10530    : lw a5, -24(s0)             : MemRead :  D=0x0000000000000026 A=0x7ffffffffffffdb8
3614000: system.cpu: T0 : 0x10534    : c_addiw a5, 1              : IntAlu :  D=0x0000000000000027
3615000: system.cpu: T0 : 0x10536    : sw a5, -24(s0)             : MemWrite :  D=0x0000000000000027 A=0x7ffffffffffffdb8
3616000: system.cpu: T0 : 0x1053a    : lw a5, -24(s0)             : MemRead :  D=0x0000000000000027 A=0x7ffffffffffffdb8
3617000: system.cpu: T0 : 0x1053e    : addiw a4, a5, 0            : IntAlu :  D=0x0000000000000027
3618000: system.cpu: T0 : 0x10542    : addi a5, zero, 49          : IntAlu :  D=0x0000000000000031
3619000: system.cpu: T0 : 0x10546    : bge a5, a4, -118           : IntAlu : 
3619500: system.cpu: T0 : 0x104d0    : lw a5, -24(s0)             : MemRead :  D=0x0000000000000027 A=0x7ffffffffffffdb8
3620000: system.cpu: T0 : 0x104d4    : sw a5, -20(s0)             : MemWrite :  D=0x0000000000000027 A=0x7ffffffffffffdbc
3620500: system.cpu: T0 : 0x104d8    : lw a4, -28(s0)             : MemRead :  D=0x0000000000001e50 A=0x7ffffffffffffdb4
3621000: system.cpu: T0 : 0x104dc    : c_mv a5, a4                : IntAlu :  D=0x0000000000001e50
3622000: system.cpu: T0 : 0x104de    : slliw a5, a5, 5            : IntAlu :  D=0x000000000003ca00
3622500: system.cpu: T0 : 0x104e2    : c_addw a5, a4              : IntAlu :  D=0x000000000003e850
3623000: system.cpu: T0 : 0x104e4    : slliw a5, a5, 2            : IntAlu :  D=0x00000000000fa140
3623500: system.cpu: T0 : 0x104e8    : c_addw a5, a4              : IntAlu :  D=0x00000000000fbf90
3624000: system.cpu: T0 : 0x104ea    : c_addiw a5, 0              : IntAlu :  D=0x00000000000fbf90
3624500: system.cpu: T0 : 0x104ec    : addiw a5, a5, 81           : IntAlu :  D=0x00000000000fbfe1
3625000: system.cpu: T0 : 0x104f0    : c_addiw a5, 0              : IntAlu :  D=0x00000000000fbfe1
3625500: system.cpu: T0 : 0x104f2    : c_mv a4, a5                : IntAlu :  D=0x00000000000fbfe1
3626000: system.cpu: T0 : 0x104f4    : c_lui a5, 2                : IntAlu :  D=0x0000000000002000
3627000: system.cpu: T0 : 0x104f6    : addiw a5, a5, -97          : IntAlu :  D=0x0000000000001f9f
3628000: system.cpu: T0 : 0x104fa    : remw a5, a4, a5            : IntDiv :  D=0x0000000000001000
3629000: system.cpu: T0 : 0x104fe    : sw a5, -28(s0)             : MemWrite :  D=0x0000000000001000 A=0x7ffffffffffffdb4
3630000: system.cpu: T0 : 0x10502    : lw a4, -28(s0)             : MemRead :  D=0x0000000000001000 A=0x7ffffffffffffdb4
3631000: system.cpu: T0 : 0x10506    : sraiw a5, a4, 31           : IntAlu :  D=0x0000000000000000
3632000: system.cpu: T0 : 0x1050a    : srliw a5, a5, 24           : IntAlu :  D=0x0000000000000000
3632500: system.cpu: T0 : 0x1050e    : c_addw a4, a5              : IntAlu :  D=0x0000000000001000
3633000: system.cpu: T0 : 0x10510    : andi a4, a4, 255           : IntAlu :  D=0x0000000000000000
3633500: system.cpu: T0 : 0x10514    : subw a5, a4, a5            : IntAlu :  D=0x0000000000000000
3634000: system.cpu: T0 : 0x10518    : c_addiw a5, 0              : IntAlu :  D=0x0000000000000000
3635000: system.cpu: T0 : 0x1051a    : andi a4, a5, 255           : IntAlu :  D=0x0000000000000000
3636000: system.cpu: T0 : 0x1051e    : auipc a3, 96               : IntAlu :  D=0x000000000007051e
3637000: system.cpu: T0 : 0x10522    : ld a3, 834(a3)             : MemRead :  D=0x0000000000071a48 A=0x70860
3638000: system.cpu: T0 : 0x10526    : lw a5, -24(s0)             : MemRead :  D=0x0000000000000027 A=0x7ffffffffffffdb8
3638500: system.cpu: T0 : 0x1052a    : c_add a5, a3               : IntAlu :  D=0x0000000000071a6f
3639000: system.cpu: T0 : 0x1052c    : sb a4, 0(a5)               : MemWrite :  D=0x0000000000000000 A=0x71a6f
3639500: system.cpu: T0 : 0x10530    : lw a5, -24(s0)             : MemRead :  D=0x0000000000000027 A=0x7ffffffffffffdb8
3640000: system.cpu: T0 : 0x10534    : c_addiw a5, 1              : IntAlu :  D=0x0000000000000028
3641000: system.cpu: T0 : 0x10536    : sw a5, -24(s0)             : MemWrite :  D=0x0000000000000028 A=0x7ffffffffffffdb8
3642000: system.cpu: T0 : 0x1053a    : lw a5, -24(s0)             : MemRead :  D=0x0000000000000028 A=0x7ffffffffffffdb8
3643000: system.cpu: T0 : 0x1053e    : addiw a4, a5, 0            : IntAlu :  D=0x0000000000000028
3644000: system.cpu: T0 : 0x10542    : addi a5, zero, 49          : IntAlu :  D=0x0000000000000031
3645000: system.cpu: T0 : 0x10546    : bge a5, a4, -118           : IntAlu : 
3645500: system.cpu: T0 : 0x104d0    : lw a5, -24(s0)             : MemRead :  D=0x0000000000000028 A=0x7ffffffffffffdb8
3646000: system.cpu: T0 : 0x104d4    : sw a5, -20(s0)             : MemWrite :  D=0x0000000000000028 A=0x7ffffffffffffdbc
3646500: system.cpu: T0 : 0x104d8    : lw a4, -28(s0)             : MemRead :  D=0x0000000000001000 A=0x7ffffffffffffdb4
3647000: system.cpu: T0 : 0x104dc    : c_mv a5, a4                : IntAlu :  D=0x0000000000001000
3648000: system.cpu: T0 : 0x104de    : slliw a5, a5, 5            : IntAlu :  D=0x0000000000020000
3648500: system.cpu: T0 : 0x104e2    : c_addw a5, a4              : IntAlu :  D=0x0000000000021000
3649000: system.cpu: T0 : 0x104e4    : slliw a5, a5, 2            : IntAlu :  D=0x0000000000084000
3649500: system.cpu: T0 : 0x104e8    : c_addw a5, a4              : IntAlu :  D=0x0000000000085000
3650000: system.cpu: T0 : 0x104ea    : c_addiw a5, 0              : IntAlu :  D=0x0000000000085000
3650500: system.cpu: T0 : 0x104ec    : addiw a5, a5, 81           : IntAlu :  D=0x0000000000085051
3651000: system.cpu: T0 : 0x104f0    : c_addiw a5, 0              : IntAlu :  D=0x0000000000085051
3651500: system.cpu: T0 : 0x104f2    : c_mv a4, a5                : IntAlu :  D=0x0000000000085051
3652000: system.cpu: T0 : 0x104f4    : c_lui a5, 2                : IntAlu :  D=0x0000000000002000
3653000: system.cpu: T0 : 0x104f6    : addiw a5, a5, -97          : IntAlu :  D=0x0000000000001f9f
3654000: system.cpu: T0 : 0x104fa    : remw a5, a4, a5            : IntDiv :  D=0x00000000000009b4
3655000: system.cpu: T0 : 0x104fe    : sw a5, -28(s0)             : MemWrite :  D=0x00000000000009b4 A=0x7ffffffffffffdb4
3656000: system.cpu: T0 : 0x10502    : lw a4, -28(s0)             : MemRead :  D=0x00000000000009b4 A=0x7ffffffffffffdb4
3657000: system.cpu: T0 : 0x10506    : sraiw a5, a4, 31           : IntAlu :  D=0x0000000000000000
3658000: system.cpu: T0 : 0x1050a    : srliw a5, a5, 24           : IntAlu :  D=0x0000000000000000
3658500: system.cpu: T0 : 0x1050e    : c_addw a4, a5              : IntAlu :  D=0x00000000000009b4
3659000: system.cpu: T0 : 0x10510    : andi a4, a4, 255           : IntAlu :  D=0x00000000000000b4
3659500: system.cpu: T0 : 0x10514    : subw a5, a4, a5            : IntAlu :  D=0x00000000000000b4
3660000: system.cpu: T0 : 0x10518    : c_addiw a5, 0              : IntAlu :  D=0x00000000000000b4
3661000: system.cpu: T0 : 0x1051a    : andi a4, a5, 255           : IntAlu :  D=0x00000000000000b4
3662000: system.cpu: T0 : 0x1051e    : auipc a3, 96               : IntAlu :  D=0x000000000007051e
3663000: system.cpu: T0 : 0x10522    : ld a3, 834(a3)             : MemRead :  D=0x0000000000071a48 A=0x70860
3664000: system.cpu: T0 : 0x10526    : lw a5, -24(s0)             : MemRead :  D=0x0000000000000028 A=0x7ffffffffffffdb8
3664500: system.cpu: T0 : 0x1052a    : c_add a5, a3               : IntAlu :  D=0x0000000000071a70
3665000: system.cpu: T0 : 0x1052c    : sb a4, 0(a5)               : MemWrite :  D=0x00000000000000b4 A=0x71a70
3665500: system.cpu: T0 : 0x10530    : lw a5, -24(s0)             : MemRead :  D=0x0000000000000028 A=0x7ffffffffffffdb8
3666000: system.cpu: T0 : 0x10534    : c_addiw a5, 1              : IntAlu :  D=0x0000000000000029
3667000: system.cpu: T0 : 0x10536    : sw a5, -24(s0)             : MemWrite :  D=0x0000000000000029 A=0x7ffffffffffffdb8
3668000: system.cpu: T0 : 0x1053a    : lw a5, -24(s0)             : MemRead :  D=0x0000000000000029 A=0x7ffffffffffffdb8
3669000: system.cpu: T0 : 0x1053e    : addiw a4, a5, 0            : IntAlu :  D=0x0000000000000029
3670000: system.cpu: T0 : 0x10542    : addi a5, zero, 49          : IntAlu :  D=0x0000000000000031
3671000: system.cpu: T0 : 0x10546    : bge a5, a4, -118           : IntAlu : 
3671500: system.cpu: T0 : 0x104d0    : lw a5, -24(s0)             : MemRead :  D=0x0000000000000029 A=0x7ffffffffffffdb8
3672000: system.cpu: T0 : 0x104d4    : sw a5, -20(s0)             : MemWrite :  D=0x0000000000000029 A=0x7ffffffffffffdbc
3672500: system.cpu: T0 : 0x104d8    : lw a4, -28(s0)             : MemRead :  D=0x00000000000009b4 A=0x7ffffffffffffdb4
3673000: system.cpu: T0 : 0x104dc    : c_mv a5, a4                : IntAlu :  D=0x00000000000009b4
3674000: system.cpu: T0 : 0x104de    : slliw a5, a5, 5            : IntAlu :  D=0x0000000000013680
3674500: system.cpu: T0 : 0x104e2    : c_addw a5, a4              : IntAlu :  D=0x0000000000014034
3675000: system.cpu: T0 : 0x104e4    : slliw a5, a5, 2            : IntAlu :  D=0x00000000000500d0
3675500: system.cpu: T0 : 0x104e8    : c_addw a5, a4              : IntAlu :  D=0x0000000000050a84
3676000: system.cpu: T0 : 0x104ea    : c_addiw a5, 0              : IntAlu :  D=0x0000000000050a84
3676500: system.cpu: T0 : 0x104ec    : addiw a5, a5, 81           : IntAlu :  D=0x0000000000050ad5
3677000: system.cpu: T0 : 0x104f0    : c_addiw a5, 0              : IntAlu :  D=0x0000000000050ad5
3677500: system.cpu: T0 : 0x104f2    : c_mv a4, a5                : IntAlu :  D=0x0000000000050ad5
3678000: system.cpu: T0 : 0x104f4    : c_lui a5, 2                : IntAlu :  D=0x0000000000002000
3679000: system.cpu: T0 : 0x104f6    : addiw a5, a5, -97          : IntAlu :  D=0x0000000000001f9f
3680000: system.cpu: T0 : 0x104fa    : remw a5, a4, a5            : IntDiv :  D=0x00000000000019fd
3681000: system.cpu: T0 : 0x104fe    : sw a5, -28(s0)             : MemWrite :  D=0x00000000000019fd A=0x7ffffffffffffdb4
3682000: system.cpu: T0 : 0x10502    : lw a4, -28(s0)             : MemRead :  D=0x00000000000019fd A=0x7ffffffffffffdb4
3683000: system.cpu: T0 : 0x10506    : sraiw a5, a4, 31           : IntAlu :  D=0x0000000000000000
3684000: system.cpu: T0 : 0x1050a    : srliw a5, a5, 24           : IntAlu :  D=0x0000000000000000
3684500: system.cpu: T0 : 0x1050e    : c_addw a4, a5              : IntAlu :  D=0x00000000000019fd
3685000: system.cpu: T0 : 0x10510    : andi a4, a4, 255           : IntAlu :  D=0x00000000000000fd
3685500: system.cpu: T0 : 0x10514    : subw a5, a4, a5            : IntAlu :  D=0x00000000000000fd
3686000: system.cpu: T0 : 0x10518    : c_addiw a5, 0              : IntAlu :  D=0x00000000000000fd
3687000: system.cpu: T0 : 0x1051a    : andi a4, a5, 255           : IntAlu :  D=0x00000000000000fd
3688000: system.cpu: T0 : 0x1051e    : auipc a3, 96               : IntAlu :  D=0x000000000007051e
3689000: system.cpu: T0 : 0x10522    : ld a3, 834(a3)             : MemRead :  D=0x0000000000071a48 A=0x70860
3690000: system.cpu: T0 : 0x10526    : lw a5, -24(s0)             : MemRead :  D=0x0000000000000029 A=0x7ffffffffffffdb8
3690500: system.cpu: T0 : 0x1052a    : c_add a5, a3               : IntAlu :  D=0x0000000000071a71
3691000: system.cpu: T0 : 0x1052c    : sb a4, 0(a5)               : MemWrite :  D=0x00000000000000fd A=0x71a71
3691500: system.cpu: T0 : 0x10530    : lw a5, -24(s0)             : MemRead :  D=0x0000000000000029 A=0x7ffffffffffffdb8
3692000: system.cpu: T0 : 0x10534    : c_addiw a5, 1              : IntAlu :  D=0x000000000000002a
3693000: system.cpu: T0 : 0x10536    : sw a5, -24(s0)             : MemWrite :  D=0x000000000000002a A=0x7ffffffffffffdb8
3694000: system.cpu: T0 : 0x1053a    : lw a5, -24(s0)             : MemRead :  D=0x000000000000002a A=0x7ffffffffffffdb8
3695000: system.cpu: T0 : 0x1053e    : addiw a4, a5, 0            : IntAlu :  D=0x000000000000002a
3696000: system.cpu: T0 : 0x10542    : addi a5, zero, 49          : IntAlu :  D=0x0000000000000031
3697000: system.cpu: T0 : 0x10546    : bge a5, a4, -118           : IntAlu : 
3697500: system.cpu: T0 : 0x104d0    : lw a5, -24(s0)             : MemRead :  D=0x000000000000002a A=0x7ffffffffffffdb8
3698000: system.cpu: T0 : 0x104d4    : sw a5, -20(s0)             : MemWrite :  D=0x000000000000002a A=0x7ffffffffffffdbc
3698500: system.cpu: T0 : 0x104d8    : lw a4, -28(s0)             : MemRead :  D=0x00000000000019fd A=0x7ffffffffffffdb4
3699000: system.cpu: T0 : 0x104dc    : c_mv a5, a4                : IntAlu :  D=0x00000000000019fd
3700000: system.cpu: T0 : 0x104de    : slliw a5, a5, 5            : IntAlu :  D=0x0000000000033fa0
3700500: system.cpu: T0 : 0x104e2    : c_addw a5, a4              : IntAlu :  D=0x000000000003599d
3701000: system.cpu: T0 : 0x104e4    : slliw a5, a5, 2            : IntAlu :  D=0x00000000000d6674
3701500: system.cpu: T0 : 0x104e8    : c_addw a5, a4              : IntAlu :  D=0x00000000000d8071
3702000: system.cpu: T0 : 0x104ea    : c_addiw a5, 0              : IntAlu :  D=0x00000000000d8071
3702500: system.cpu: T0 : 0x104ec    : addiw a5, a5, 81           : IntAlu :  D=0x00000000000d80c2
3703000: system.cpu: T0 : 0x104f0    : c_addiw a5, 0              : IntAlu :  D=0x00000000000d80c2
3703500: system.cpu: T0 : 0x104f2    : c_mv a4, a5                : IntAlu :  D=0x00000000000d80c2
3704000: system.cpu: T0 : 0x104f4    : c_lui a5, 2                : IntAlu :  D=0x0000000000002000
3705000: system.cpu: T0 : 0x104f6    : addiw a5, a5, -97          : IntAlu :  D=0x0000000000001f9f
3706000: system.cpu: T0 : 0x104fa    : remw a5, a4, a5            : IntDiv :  D=0x0000000000000a0f
3707000: system.cpu: T0 : 0x104fe    : sw a5, -28(s0)             : MemWrite :  D=0x0000000000000a0f A=0x7ffffffffffffdb4
3708000: system.cpu: T0 : 0x10502    : lw a4, -28(s0)             : MemRead :  D=0x0000000000000a0f A=0x7ffffffffffffdb4
3709000: system.cpu: T0 : 0x10506    : sraiw a5, a4, 31           : IntAlu :  D=0x0000000000000000
3710000: system.cpu: T0 : 0x1050a    : srliw a5, a5, 24           : IntAlu :  D=0x0000000000000000
3710500: system.cpu: T0 : 0x1050e    : c_addw a4, a5              : IntAlu :  D=0x0000000000000a0f
3711000: system.cpu: T0 : 0x10510    : andi a4, a4, 255           : IntAlu :  D=0x000000000000000f
3711500: system.cpu: T0 : 0x10514    : subw a5, a4, a5            : IntAlu :  D=0x000000000000000f
3712000: system.cpu: T0 : 0x10518    : c_addiw a5, 0              : IntAlu :  D=0x000000000000000f
3713000: system.cpu: T0 : 0x1051a    : andi a4, a5, 255           : IntAlu :  D=0x000000000000000f
3714000: system.cpu: T0 : 0x1051e    : auipc a3, 96               : IntAlu :  D=0x000000000007051e
3715000: system.cpu: T0 : 0x10522    : ld a3, 834(a3)             : MemRead :  D=0x0000000000071a48 A=0x70860
3716000: system.cpu: T0 : 0x10526    : lw a5, -24(s0)             : MemRead :  D=0x000000000000002a A=0x7ffffffffffffdb8
3716500: system.cpu: T0 : 0x1052a    : c_add a5, a3               : IntAlu :  D=0x0000000000071a72
3717000: system.cpu: T0 : 0x1052c    : sb a4, 0(a5)               : MemWrite :  D=0x000000000000000f A=0x71a72
3717500: system.cpu: T0 : 0x10530    : lw a5, -24(s0)             : MemRead :  D=0x000000000000002a A=0x7ffffffffffffdb8
3718000: system.cpu: T0 : 0x10534    : c_addiw a5, 1              : IntAlu :  D=0x000000000000002b
3719000: system.cpu: T0 : 0x10536    : sw a5, -24(s0)             : MemWrite :  D=0x000000000000002b A=0x7ffffffffffffdb8
3720000: system.cpu: T0 : 0x1053a    : lw a5, -24(s0)             : MemRead :  D=0x000000000000002b A=0x7ffffffffffffdb8
3721000: system.cpu: T0 : 0x1053e    : addiw a4, a5, 0            : IntAlu :  D=0x000000000000002b
3722000: system.cpu: T0 : 0x10542    : addi a5, zero, 49          : IntAlu :  D=0x0000000000000031
3723000: system.cpu: T0 : 0x10546    : bge a5, a4, -118           : IntAlu : 
3723500: system.cpu: T0 : 0x104d0    : lw a5, -24(s0)             : MemRead :  D=0x000000000000002b A=0x7ffffffffffffdb8
3724000: system.cpu: T0 : 0x104d4    : sw a5, -20(s0)             : MemWrite :  D=0x000000000000002b A=0x7ffffffffffffdbc
3724500: system.cpu: T0 : 0x104d8    : lw a4, -28(s0)             : MemRead :  D=0x0000000000000a0f A=0x7ffffffffffffdb4
3725000: system.cpu: T0 : 0x104dc    : c_mv a5, a4                : IntAlu :  D=0x0000000000000a0f
3726000: system.cpu: T0 : 0x104de    : slliw a5, a5, 5            : IntAlu :  D=0x00000000000141e0
3726500: system.cpu: T0 : 0x104e2    : c_addw a5, a4              : IntAlu :  D=0x0000000000014bef
3727000: system.cpu: T0 : 0x104e4    : slliw a5, a5, 2            : IntAlu :  D=0x0000000000052fbc
3727500: system.cpu: T0 : 0x104e8    : c_addw a5, a4              : IntAlu :  D=0x00000000000539cb
3728000: system.cpu: T0 : 0x104ea    : c_addiw a5, 0              : IntAlu :  D=0x00000000000539cb
3728500: system.cpu: T0 : 0x104ec    : addiw a5, a5, 81           : IntAlu :  D=0x0000000000053a1c
3729000: system.cpu: T0 : 0x104f0    : c_addiw a5, 0              : IntAlu :  D=0x0000000000053a1c
3729500: system.cpu: T0 : 0x104f2    : c_mv a4, a5                : IntAlu :  D=0x0000000000053a1c
3730000: system.cpu: T0 : 0x104f4    : c_lui a5, 2                : IntAlu :  D=0x0000000000002000
3731000: system.cpu: T0 : 0x104f6    : addiw a5, a5, -97          : IntAlu :  D=0x0000000000001f9f
3732000: system.cpu: T0 : 0x104fa    : remw a5, a4, a5            : IntDiv :  D=0x0000000000000a06
3733000: system.cpu: T0 : 0x104fe    : sw a5, -28(s0)             : MemWrite :  D=0x0000000000000a06 A=0x7ffffffffffffdb4
3734000: system.cpu: T0 : 0x10502    : lw a4, -28(s0)             : MemRead :  D=0x0000000000000a06 A=0x7ffffffffffffdb4
3735000: system.cpu: T0 : 0x10506    : sraiw a5, a4, 31           : IntAlu :  D=0x0000000000000000
3736000: system.cpu: T0 : 0x1050a    : srliw a5, a5, 24           : IntAlu :  D=0x0000000000000000
3736500: system.cpu: T0 : 0x1050e    : c_addw a4, a5              : IntAlu :  D=0x0000000000000a06
3737000: system.cpu: T0 : 0x10510    : andi a4, a4, 255           : IntAlu :  D=0x0000000000000006
3737500: system.cpu: T0 : 0x10514    : subw a5, a4, a5            : IntAlu :  D=0x0000000000000006
3738000: system.cpu: T0 : 0x10518    : c_addiw a5, 0              : IntAlu :  D=0x0000000000000006
3739000: system.cpu: T0 : 0x1051a    : andi a4, a5, 255           : IntAlu :  D=0x0000000000000006
3740000: system.cpu: T0 : 0x1051e    : auipc a3, 96               : IntAlu :  D=0x000000000007051e
3741000: system.cpu: T0 : 0x10522    : ld a3, 834(a3)             : MemRead :  D=0x0000000000071a48 A=0x70860
3742000: system.cpu: T0 : 0x10526    : lw a5, -24(s0)             : MemRead :  D=0x000000000000002b A=0x7ffffffffffffdb8
3742500: system.cpu: T0 : 0x1052a    : c_add a5, a3               : IntAlu :  D=0x0000000000071a73
3743000: system.cpu: T0 : 0x1052c    : sb a4, 0(a5)               : MemWrite :  D=0x0000000000000006 A=0x71a73
3743500: system.cpu: T0 : 0x10530    : lw a5, -24(s0)             : MemRead :  D=0x000000000000002b A=0x7ffffffffffffdb8
3744000: system.cpu: T0 : 0x10534    : c_addiw a5, 1              : IntAlu :  D=0x000000000000002c
3745000: system.cpu: T0 : 0x10536    : sw a5, -24(s0)             : MemWrite :  D=0x000000000000002c A=0x7ffffffffffffdb8
3746000: system.cpu: T0 : 0x1053a    : lw a5, -24(s0)             : MemRead :  D=0x000000000000002c A=0x7ffffffffffffdb8
3747000: system.cpu: T0 : 0x1053e    : addiw a4, a5, 0            : IntAlu :  D=0x000000000000002c
3748000: system.cpu: T0 : 0x10542    : addi a5, zero, 49          : IntAlu :  D=0x0000000000000031
3749000: system.cpu: T0 : 0x10546    : bge a5, a4, -118           : IntAlu : 
3749500: system.cpu: T0 : 0x104d0    : lw a5, -24(s0)             : MemRead :  D=0x000000000000002c A=0x7ffffffffffffdb8
3750000: system.cpu: T0 : 0x104d4    : sw a5, -20(s0)             : MemWrite :  D=0x000000000000002c A=0x7ffffffffffffdbc
3750500: system.cpu: T0 : 0x104d8    : lw a4, -28(s0)             : MemRead :  D=0x0000000000000a06 A=0x7ffffffffffffdb4
3751000: system.cpu: T0 : 0x104dc    : c_mv a5, a4                : IntAlu :  D=0x0000000000000a06
3752000: system.cpu: T0 : 0x104de    : slliw a5, a5, 5            : IntAlu :  D=0x00000000000140c0
3752500: system.cpu: T0 : 0x104e2    : c_addw a5, a4              : IntAlu :  D=0x0000000000014ac6
3753000: system.cpu: T0 : 0x104e4    : slliw a5, a5, 2            : IntAlu :  D=0x0000000000052b18
3753500: system.cpu: T0 : 0x104e8    : c_addw a5, a4              : IntAlu :  D=0x000000000005351e
3754000: system.cpu: T0 : 0x104ea    : c_addiw a5, 0              : IntAlu :  D=0x000000000005351e
3754500: system.cpu: T0 : 0x104ec    : addiw a5, a5, 81           : IntAlu :  D=0x000000000005356f
3755000: system.cpu: T0 : 0x104f0    : c_addiw a5, 0              : IntAlu :  D=0x000000000005356f
3755500: system.cpu: T0 : 0x104f2    : c_mv a4, a5                : IntAlu :  D=0x000000000005356f
3756000: system.cpu: T0 : 0x104f4    : c_lui a5, 2                : IntAlu :  D=0x0000000000002000
3757000: system.cpu: T0 : 0x104f6    : addiw a5, a5, -97          : IntAlu :  D=0x0000000000001f9f
3758000: system.cpu: T0 : 0x104fa    : remw a5, a4, a5            : IntDiv :  D=0x0000000000000559
3759000: system.cpu: T0 : 0x104fe    : sw a5, -28(s0)             : MemWrite :  D=0x0000000000000559 A=0x7ffffffffffffdb4
3760000: system.cpu: T0 : 0x10502    : lw a4, -28(s0)             : MemRead :  D=0x0000000000000559 A=0x7ffffffffffffdb4
3761000: system.cpu: T0 : 0x10506    : sraiw a5, a4, 31           : IntAlu :  D=0x0000000000000000
3762000: system.cpu: T0 : 0x1050a    : srliw a5, a5, 24           : IntAlu :  D=0x0000000000000000
3762500: system.cpu: T0 : 0x1050e    : c_addw a4, a5              : IntAlu :  D=0x0000000000000559
3763000: system.cpu: T0 : 0x10510    : andi a4, a4, 255           : IntAlu :  D=0x0000000000000059
3763500: system.cpu: T0 : 0x10514    : subw a5, a4, a5            : IntAlu :  D=0x0000000000000059
3764000: system.cpu: T0 : 0x10518    : c_addiw a5, 0              : IntAlu :  D=0x0000000000000059
3765000: system.cpu: T0 : 0x1051a    : andi a4, a5, 255           : IntAlu :  D=0x0000000000000059
3766000: system.cpu: T0 : 0x1051e    : auipc a3, 96               : IntAlu :  D=0x000000000007051e
3767000: system.cpu: T0 : 0x10522    : ld a3, 834(a3)             : MemRead :  D=0x0000000000071a48 A=0x70860
3768000: system.cpu: T0 : 0x10526    : lw a5, -24(s0)             : MemRead :  D=0x000000000000002c A=0x7ffffffffffffdb8
3768500: system.cpu: T0 : 0x1052a    : c_add a5, a3               : IntAlu :  D=0x0000000000071a74
3769000: system.cpu: T0 : 0x1052c    : sb a4, 0(a5)               : MemWrite :  D=0x0000000000000059 A=0x71a74
3769500: system.cpu: T0 : 0x10530    : lw a5, -24(s0)             : MemRead :  D=0x000000000000002c A=0x7ffffffffffffdb8
3770000: system.cpu: T0 : 0x10534    : c_addiw a5, 1              : IntAlu :  D=0x000000000000002d
3771000: system.cpu: T0 : 0x10536    : sw a5, -24(s0)             : MemWrite :  D=0x000000000000002d A=0x7ffffffffffffdb8
3772000: system.cpu: T0 : 0x1053a    : lw a5, -24(s0)             : MemRead :  D=0x000000000000002d A=0x7ffffffffffffdb8
3773000: system.cpu: T0 : 0x1053e    : addiw a4, a5, 0            : IntAlu :  D=0x000000000000002d
3774000: system.cpu: T0 : 0x10542    : addi a5, zero, 49          : IntAlu :  D=0x0000000000000031
3775000: system.cpu: T0 : 0x10546    : bge a5, a4, -118           : IntAlu : 
3775500: system.cpu: T0 : 0x104d0    : lw a5, -24(s0)             : MemRead :  D=0x000000000000002d A=0x7ffffffffffffdb8
3776000: system.cpu: T0 : 0x104d4    : sw a5, -20(s0)             : MemWrite :  D=0x000000000000002d A=0x7ffffffffffffdbc
3776500: system.cpu: T0 : 0x104d8    : lw a4, -28(s0)             : MemRead :  D=0x0000000000000559 A=0x7ffffffffffffdb4
3777000: system.cpu: T0 : 0x104dc    : c_mv a5, a4                : IntAlu :  D=0x0000000000000559
3778000: system.cpu: T0 : 0x104de    : slliw a5, a5, 5            : IntAlu :  D=0x000000000000ab20
3778500: system.cpu: T0 : 0x104e2    : c_addw a5, a4              : IntAlu :  D=0x000000000000b079
3779000: system.cpu: T0 : 0x104e4    : slliw a5, a5, 2            : IntAlu :  D=0x000000000002c1e4
3779500: system.cpu: T0 : 0x104e8    : c_addw a5, a4              : IntAlu :  D=0x000000000002c73d
3780000: system.cpu: T0 : 0x104ea    : c_addiw a5, 0              : IntAlu :  D=0x000000000002c73d
3780500: system.cpu: T0 : 0x104ec    : addiw a5, a5, 81           : IntAlu :  D=0x000000000002c78e
3781000: system.cpu: T0 : 0x104f0    : c_addiw a5, 0              : IntAlu :  D=0x000000000002c78e
3781500: system.cpu: T0 : 0x104f2    : c_mv a4, a5                : IntAlu :  D=0x000000000002c78e
3782000: system.cpu: T0 : 0x104f4    : c_lui a5, 2                : IntAlu :  D=0x0000000000002000
3783000: system.cpu: T0 : 0x104f6    : addiw a5, a5, -97          : IntAlu :  D=0x0000000000001f9f
3784000: system.cpu: T0 : 0x104fa    : remw a5, a4, a5            : IntDiv :  D=0x0000000000000fe4
3785000: system.cpu: T0 : 0x104fe    : sw a5, -28(s0)             : MemWrite :  D=0x0000000000000fe4 A=0x7ffffffffffffdb4
3786000: system.cpu: T0 : 0x10502    : lw a4, -28(s0)             : MemRead :  D=0x0000000000000fe4 A=0x7ffffffffffffdb4
3787000: system.cpu: T0 : 0x10506    : sraiw a5, a4, 31           : IntAlu :  D=0x0000000000000000
3788000: system.cpu: T0 : 0x1050a    : srliw a5, a5, 24           : IntAlu :  D=0x0000000000000000
3788500: system.cpu: T0 : 0x1050e    : c_addw a4, a5              : IntAlu :  D=0x0000000000000fe4
3789000: system.cpu: T0 : 0x10510    : andi a4, a4, 255           : IntAlu :  D=0x00000000000000e4
3789500: system.cpu: T0 : 0x10514    : subw a5, a4, a5            : IntAlu :  D=0x00000000000000e4
3790000: system.cpu: T0 : 0x10518    : c_addiw a5, 0              : IntAlu :  D=0x00000000000000e4
3791000: system.cpu: T0 : 0x1051a    : andi a4, a5, 255           : IntAlu :  D=0x00000000000000e4
3792000: system.cpu: T0 : 0x1051e    : auipc a3, 96               : IntAlu :  D=0x000000000007051e
3793000: system.cpu: T0 : 0x10522    : ld a3, 834(a3)             : MemRead :  D=0x0000000000071a48 A=0x70860
3794000: system.cpu: T0 : 0x10526    : lw a5, -24(s0)             : MemRead :  D=0x000000000000002d A=0x7ffffffffffffdb8
3794500: system.cpu: T0 : 0x1052a    : c_add a5, a3               : IntAlu :  D=0x0000000000071a75
3795000: system.cpu: T0 : 0x1052c    : sb a4, 0(a5)               : MemWrite :  D=0x00000000000000e4 A=0x71a75
3795500: system.cpu: T0 : 0x10530    : lw a5, -24(s0)             : MemRead :  D=0x000000000000002d A=0x7ffffffffffffdb8
3796000: system.cpu: T0 : 0x10534    : c_addiw a5, 1              : IntAlu :  D=0x000000000000002e
3797000: system.cpu: T0 : 0x10536    : sw a5, -24(s0)             : MemWrite :  D=0x000000000000002e A=0x7ffffffffffffdb8
3798000: system.cpu: T0 : 0x1053a    : lw a5, -24(s0)             : MemRead :  D=0x000000000000002e A=0x7ffffffffffffdb8
3799000: system.cpu: T0 : 0x1053e    : addiw a4, a5, 0            : IntAlu :  D=0x000000000000002e
3800000: system.cpu: T0 : 0x10542    : addi a5, zero, 49          : IntAlu :  D=0x0000000000000031
3801000: system.cpu: T0 : 0x10546    : bge a5, a4, -118           : IntAlu : 
3801500: system.cpu: T0 : 0x104d0    : lw a5, -24(s0)             : MemRead :  D=0x000000000000002e A=0x7ffffffffffffdb8
3802000: system.cpu: T0 : 0x104d4    : sw a5, -20(s0)             : MemWrite :  D=0x000000000000002e A=0x7ffffffffffffdbc
3802500: system.cpu: T0 : 0x104d8    : lw a4, -28(s0)             : MemRead :  D=0x0000000000000fe4 A=0x7ffffffffffffdb4
3803000: system.cpu: T0 : 0x104dc    : c_mv a5, a4                : IntAlu :  D=0x0000000000000fe4
3804000: system.cpu: T0 : 0x104de    : slliw a5, a5, 5            : IntAlu :  D=0x000000000001fc80
3804500: system.cpu: T0 : 0x104e2    : c_addw a5, a4              : IntAlu :  D=0x0000000000020c64
3805000: system.cpu: T0 : 0x104e4    : slliw a5, a5, 2            : IntAlu :  D=0x0000000000083190
3805500: system.cpu: T0 : 0x104e8    : c_addw a5, a4              : IntAlu :  D=0x0000000000084174
3806000: system.cpu: T0 : 0x104ea    : c_addiw a5, 0              : IntAlu :  D=0x0000000000084174
3806500: system.cpu: T0 : 0x104ec    : addiw a5, a5, 81           : IntAlu :  D=0x00000000000841c5
3807000: system.cpu: T0 : 0x104f0    : c_addiw a5, 0              : IntAlu :  D=0x00000000000841c5
3807500: system.cpu: T0 : 0x104f2    : c_mv a4, a5                : IntAlu :  D=0x00000000000841c5
3808000: system.cpu: T0 : 0x104f4    : c_lui a5, 2                : IntAlu :  D=0x0000000000002000
3809000: system.cpu: T0 : 0x104f6    : addiw a5, a5, -97          : IntAlu :  D=0x0000000000001f9f
3810000: system.cpu: T0 : 0x104fa    : remw a5, a4, a5            : IntDiv :  D=0x0000000000001ac7
3811000: system.cpu: T0 : 0x104fe    : sw a5, -28(s0)             : MemWrite :  D=0x0000000000001ac7 A=0x7ffffffffffffdb4
3812000: system.cpu: T0 : 0x10502    : lw a4, -28(s0)             : MemRead :  D=0x0000000000001ac7 A=0x7ffffffffffffdb4
3813000: system.cpu: T0 : 0x10506    : sraiw a5, a4, 31           : IntAlu :  D=0x0000000000000000
3814000: system.cpu: T0 : 0x1050a    : srliw a5, a5, 24           : IntAlu :  D=0x0000000000000000
3814500: system.cpu: T0 : 0x1050e    : c_addw a4, a5              : IntAlu :  D=0x0000000000001ac7
3815000: system.cpu: T0 : 0x10510    : andi a4, a4, 255           : IntAlu :  D=0x00000000000000c7
3815500: system.cpu: T0 : 0x10514    : subw a5, a4, a5            : IntAlu :  D=0x00000000000000c7
3816000: system.cpu: T0 : 0x10518    : c_addiw a5, 0              : IntAlu :  D=0x00000000000000c7
3817000: system.cpu: T0 : 0x1051a    : andi a4, a5, 255           : IntAlu :  D=0x00000000000000c7
3818000: system.cpu: T0 : 0x1051e    : auipc a3, 96               : IntAlu :  D=0x000000000007051e
3819000: system.cpu: T0 : 0x10522    : ld a3, 834(a3)             : MemRead :  D=0x0000000000071a48 A=0x70860
3820000: system.cpu: T0 : 0x10526    : lw a5, -24(s0)             : MemRead :  D=0x000000000000002e A=0x7ffffffffffffdb8
3820500: system.cpu: T0 : 0x1052a    : c_add a5, a3               : IntAlu :  D=0x0000000000071a76
3821000: system.cpu: T0 : 0x1052c    : sb a4, 0(a5)               : MemWrite :  D=0x00000000000000c7 A=0x71a76
3821500: system.cpu: T0 : 0x10530    : lw a5, -24(s0)             : MemRead :  D=0x000000000000002e A=0x7ffffffffffffdb8
3822000: system.cpu: T0 : 0x10534    : c_addiw a5, 1              : IntAlu :  D=0x000000000000002f
3823000: system.cpu: T0 : 0x10536    : sw a5, -24(s0)             : MemWrite :  D=0x000000000000002f A=0x7ffffffffffffdb8
3824000: system.cpu: T0 : 0x1053a    : lw a5, -24(s0)             : MemRead :  D=0x000000000000002f A=0x7ffffffffffffdb8
3825000: system.cpu: T0 : 0x1053e    : addiw a4, a5, 0            : IntAlu :  D=0x000000000000002f
3826000: system.cpu: T0 : 0x10542    : addi a5, zero, 49          : IntAlu :  D=0x0000000000000031
3827000: system.cpu: T0 : 0x10546    : bge a5, a4, -118           : IntAlu : 
3827500: system.cpu: T0 : 0x104d0    : lw a5, -24(s0)             : MemRead :  D=0x000000000000002f A=0x7ffffffffffffdb8
3828000: system.cpu: T0 : 0x104d4    : sw a5, -20(s0)             : MemWrite :  D=0x000000000000002f A=0x7ffffffffffffdbc
3828500: system.cpu: T0 : 0x104d8    : lw a4, -28(s0)             : MemRead :  D=0x0000000000001ac7 A=0x7ffffffffffffdb4
3829000: system.cpu: T0 : 0x104dc    : c_mv a5, a4                : IntAlu :  D=0x0000000000001ac7
3830000: system.cpu: T0 : 0x104de    : slliw a5, a5, 5            : IntAlu :  D=0x00000000000358e0
3830500: system.cpu: T0 : 0x104e2    : c_addw a5, a4              : IntAlu :  D=0x00000000000373a7
3831000: system.cpu: T0 : 0x104e4    : slliw a5, a5, 2            : IntAlu :  D=0x00000000000dce9c
3831500: system.cpu: T0 : 0x104e8    : c_addw a5, a4              : IntAlu :  D=0x00000000000de963
3832000: system.cpu: T0 : 0x104ea    : c_addiw a5, 0              : IntAlu :  D=0x00000000000de963
3832500: system.cpu: T0 : 0x104ec    : addiw a5, a5, 81           : IntAlu :  D=0x00000000000de9b4
3833000: system.cpu: T0 : 0x104f0    : c_addiw a5, 0              : IntAlu :  D=0x00000000000de9b4
3833500: system.cpu: T0 : 0x104f2    : c_mv a4, a5                : IntAlu :  D=0x00000000000de9b4
3834000: system.cpu: T0 : 0x104f4    : c_lui a5, 2                : IntAlu :  D=0x0000000000002000
3835000: system.cpu: T0 : 0x104f6    : addiw a5, a5, -97          : IntAlu :  D=0x0000000000001f9f
3836000: system.cpu: T0 : 0x104fa    : remw a5, a4, a5            : IntDiv :  D=0x0000000000001424
3837000: system.cpu: T0 : 0x104fe    : sw a5, -28(s0)             : MemWrite :  D=0x0000000000001424 A=0x7ffffffffffffdb4
3838000: system.cpu: T0 : 0x10502    : lw a4, -28(s0)             : MemRead :  D=0x0000000000001424 A=0x7ffffffffffffdb4
3839000: system.cpu: T0 : 0x10506    : sraiw a5, a4, 31           : IntAlu :  D=0x0000000000000000
3840000: system.cpu: T0 : 0x1050a    : srliw a5, a5, 24           : IntAlu :  D=0x0000000000000000
3840500: system.cpu: T0 : 0x1050e    : c_addw a4, a5              : IntAlu :  D=0x0000000000001424
3841000: system.cpu: T0 : 0x10510    : andi a4, a4, 255           : IntAlu :  D=0x0000000000000024
3841500: system.cpu: T0 : 0x10514    : subw a5, a4, a5            : IntAlu :  D=0x0000000000000024
3842000: system.cpu: T0 : 0x10518    : c_addiw a5, 0              : IntAlu :  D=0x0000000000000024
3843000: system.cpu: T0 : 0x1051a    : andi a4, a5, 255           : IntAlu :  D=0x0000000000000024
3844000: system.cpu: T0 : 0x1051e    : auipc a3, 96               : IntAlu :  D=0x000000000007051e
3845000: system.cpu: T0 : 0x10522    : ld a3, 834(a3)             : MemRead :  D=0x0000000000071a48 A=0x70860
3846000: system.cpu: T0 : 0x10526    : lw a5, -24(s0)             : MemRead :  D=0x000000000000002f A=0x7ffffffffffffdb8
3846500: system.cpu: T0 : 0x1052a    : c_add a5, a3               : IntAlu :  D=0x0000000000071a77
3847000: system.cpu: T0 : 0x1052c    : sb a4, 0(a5)               : MemWrite :  D=0x0000000000000024 A=0x71a77
3847500: system.cpu: T0 : 0x10530    : lw a5, -24(s0)             : MemRead :  D=0x000000000000002f A=0x7ffffffffffffdb8
3848000: system.cpu: T0 : 0x10534    : c_addiw a5, 1              : IntAlu :  D=0x0000000000000030
3849000: system.cpu: T0 : 0x10536    : sw a5, -24(s0)             : MemWrite :  D=0x0000000000000030 A=0x7ffffffffffffdb8
3850000: system.cpu: T0 : 0x1053a    : lw a5, -24(s0)             : MemRead :  D=0x0000000000000030 A=0x7ffffffffffffdb8
3851000: system.cpu: T0 : 0x1053e    : addiw a4, a5, 0            : IntAlu :  D=0x0000000000000030
3852000: system.cpu: T0 : 0x10542    : addi a5, zero, 49          : IntAlu :  D=0x0000000000000031
3853000: system.cpu: T0 : 0x10546    : bge a5, a4, -118           : IntAlu : 
3853500: system.cpu: T0 : 0x104d0    : lw a5, -24(s0)             : MemRead :  D=0x0000000000000030 A=0x7ffffffffffffdb8
3854000: system.cpu: T0 : 0x104d4    : sw a5, -20(s0)             : MemWrite :  D=0x0000000000000030 A=0x7ffffffffffffdbc
3854500: system.cpu: T0 : 0x104d8    : lw a4, -28(s0)             : MemRead :  D=0x0000000000001424 A=0x7ffffffffffffdb4
3855000: system.cpu: T0 : 0x104dc    : c_mv a5, a4                : IntAlu :  D=0x0000000000001424
3856000: system.cpu: T0 : 0x104de    : slliw a5, a5, 5            : IntAlu :  D=0x0000000000028480
3856500: system.cpu: T0 : 0x104e2    : c_addw a5, a4              : IntAlu :  D=0x00000000000298a4
3857000: system.cpu: T0 : 0x104e4    : slliw a5, a5, 2            : IntAlu :  D=0x00000000000a6290
3857500: system.cpu: T0 : 0x104e8    : c_addw a5, a4              : IntAlu :  D=0x00000000000a76b4
3858000: system.cpu: T0 : 0x104ea    : c_addiw a5, 0              : IntAlu :  D=0x00000000000a76b4
3858500: system.cpu: T0 : 0x104ec    : addiw a5, a5, 81           : IntAlu :  D=0x00000000000a7705
3859000: system.cpu: T0 : 0x104f0    : c_addiw a5, 0              : IntAlu :  D=0x00000000000a7705
3859500: system.cpu: T0 : 0x104f2    : c_mv a4, a5                : IntAlu :  D=0x00000000000a7705
3860000: system.cpu: T0 : 0x104f4    : c_lui a5, 2                : IntAlu :  D=0x0000000000002000
3861000: system.cpu: T0 : 0x104f6    : addiw a5, a5, -97          : IntAlu :  D=0x0000000000001f9f
3862000: system.cpu: T0 : 0x104fa    : remw a5, a4, a5            : IntDiv :  D=0x00000000000016d9
3863000: system.cpu: T0 : 0x104fe    : sw a5, -28(s0)             : MemWrite :  D=0x00000000000016d9 A=0x7ffffffffffffdb4
3864000: system.cpu: T0 : 0x10502    : lw a4, -28(s0)             : MemRead :  D=0x00000000000016d9 A=0x7ffffffffffffdb4
3865000: system.cpu: T0 : 0x10506    : sraiw a5, a4, 31           : IntAlu :  D=0x0000000000000000
3866000: system.cpu: T0 : 0x1050a    : srliw a5, a5, 24           : IntAlu :  D=0x0000000000000000
3866500: system.cpu: T0 : 0x1050e    : c_addw a4, a5              : IntAlu :  D=0x00000000000016d9
3867000: system.cpu: T0 : 0x10510    : andi a4, a4, 255           : IntAlu :  D=0x00000000000000d9
3867500: system.cpu: T0 : 0x10514    : subw a5, a4, a5            : IntAlu :  D=0x00000000000000d9
3868000: system.cpu: T0 : 0x10518    : c_addiw a5, 0              : IntAlu :  D=0x00000000000000d9
3869000: system.cpu: T0 : 0x1051a    : andi a4, a5, 255           : IntAlu :  D=0x00000000000000d9
3870000: system.cpu: T0 : 0x1051e    : auipc a3, 96               : IntAlu :  D=0x000000000007051e
3871000: system.cpu: T0 : 0x10522    : ld a3, 834(a3)             : MemRead :  D=0x0000000000071a48 A=0x70860
3872000: system.cpu: T0 : 0x10526    : lw a5, -24(s0)             : MemRead :  D=0x0000000000000030 A=0x7ffffffffffffdb8
3872500: system.cpu: T0 : 0x1052a    : c_add a5, a3               : IntAlu :  D=0x0000000000071a78
3873000: system.cpu: T0 : 0x1052c    : sb a4, 0(a5)               : MemWrite :  D=0x00000000000000d9 A=0x71a78
3873500: system.cpu: T0 : 0x10530    : lw a5, -24(s0)             : MemRead :  D=0x0000000000000030 A=0x7ffffffffffffdb8
3874000: system.cpu: T0 : 0x10534    : c_addiw a5, 1              : IntAlu :  D=0x0000000000000031
3875000: system.cpu: T0 : 0x10536    : sw a5, -24(s0)             : MemWrite :  D=0x0000000000000031 A=0x7ffffffffffffdb8
3876000: system.cpu: T0 : 0x1053a    : lw a5, -24(s0)             : MemRead :  D=0x0000000000000031 A=0x7ffffffffffffdb8
3877000: system.cpu: T0 : 0x1053e    : addiw a4, a5, 0            : IntAlu :  D=0x0000000000000031
3878000: system.cpu: T0 : 0x10542    : addi a5, zero, 49          : IntAlu :  D=0x0000000000000031
3879000: system.cpu: T0 : 0x10546    : bge a5, a4, -118           : IntAlu : 
3879500: system.cpu: T0 : 0x104d0    : lw a5, -24(s0)             : MemRead :  D=0x0000000000000031 A=0x7ffffffffffffdb8
3880000: system.cpu: T0 : 0x104d4    : sw a5, -20(s0)             : MemWrite :  D=0x0000000000000031 A=0x7ffffffffffffdbc
3880500: system.cpu: T0 : 0x104d8    : lw a4, -28(s0)             : MemRead :  D=0x00000000000016d9 A=0x7ffffffffffffdb4
3881000: system.cpu: T0 : 0x104dc    : c_mv a5, a4                : IntAlu :  D=0x00000000000016d9
3882000: system.cpu: T0 : 0x104de    : slliw a5, a5, 5            : IntAlu :  D=0x000000000002db20
3882500: system.cpu: T0 : 0x104e2    : c_addw a5, a4              : IntAlu :  D=0x000000000002f1f9
3883000: system.cpu: T0 : 0x104e4    : slliw a5, a5, 2            : IntAlu :  D=0x00000000000bc7e4
3883500: system.cpu: T0 : 0x104e8    : c_addw a5, a4              : IntAlu :  D=0x00000000000bdebd
3884000: system.cpu: T0 : 0x104ea    : c_addiw a5, 0              : IntAlu :  D=0x00000000000bdebd
3884500: system.cpu: T0 : 0x104ec    : addiw a5, a5, 81           : IntAlu :  D=0x00000000000bdf0e
3885000: system.cpu: T0 : 0x104f0    : c_addiw a5, 0              : IntAlu :  D=0x00000000000bdf0e
3885500: system.cpu: T0 : 0x104f2    : c_mv a4, a5                : IntAlu :  D=0x00000000000bdf0e
3886000: system.cpu: T0 : 0x104f4    : c_lui a5, 2                : IntAlu :  D=0x0000000000002000
3887000: system.cpu: T0 : 0x104f6    : addiw a5, a5, -97          : IntAlu :  D=0x0000000000001f9f
3888000: system.cpu: T0 : 0x104fa    : remw a5, a4, a5            : IntDiv :  D=0x000000000000036e
3889000: system.cpu: T0 : 0x104fe    : sw a5, -28(s0)             : MemWrite :  D=0x000000000000036e A=0x7ffffffffffffdb4
3890000: system.cpu: T0 : 0x10502    : lw a4, -28(s0)             : MemRead :  D=0x000000000000036e A=0x7ffffffffffffdb4
3891000: system.cpu: T0 : 0x10506    : sraiw a5, a4, 31           : IntAlu :  D=0x0000000000000000
3892000: system.cpu: T0 : 0x1050a    : srliw a5, a5, 24           : IntAlu :  D=0x0000000000000000
3892500: system.cpu: T0 : 0x1050e    : c_addw a4, a5              : IntAlu :  D=0x000000000000036e
3893000: system.cpu: T0 : 0x10510    : andi a4, a4, 255           : IntAlu :  D=0x000000000000006e
3893500: system.cpu: T0 : 0x10514    : subw a5, a4, a5            : IntAlu :  D=0x000000000000006e
3894000: system.cpu: T0 : 0x10518    : c_addiw a5, 0              : IntAlu :  D=0x000000000000006e
3895000: system.cpu: T0 : 0x1051a    : andi a4, a5, 255           : IntAlu :  D=0x000000000000006e
3896000: system.cpu: T0 : 0x1051e    : auipc a3, 96               : IntAlu :  D=0x000000000007051e
3897000: system.cpu: T0 : 0x10522    : ld a3, 834(a3)             : MemRead :  D=0x0000000000071a48 A=0x70860
3898000: system.cpu: T0 : 0x10526    : lw a5, -24(s0)             : MemRead :  D=0x0000000000000031 A=0x7ffffffffffffdb8
3898500: system.cpu: T0 : 0x1052a    : c_add a5, a3               : IntAlu :  D=0x0000000000071a79
3899000: system.cpu: T0 : 0x1052c    : sb a4, 0(a5)               : MemWrite :  D=0x000000000000006e A=0x71a79
3899500: system.cpu: T0 : 0x10530    : lw a5, -24(s0)             : MemRead :  D=0x0000000000000031 A=0x7ffffffffffffdb8
3900000: system.cpu: T0 : 0x10534    : c_addiw a5, 1              : IntAlu :  D=0x0000000000000032
3901000: system.cpu: T0 : 0x10536    : sw a5, -24(s0)             : MemWrite :  D=0x0000000000000032 A=0x7ffffffffffffdb8
3902000: system.cpu: T0 : 0x1053a    : lw a5, -24(s0)             : MemRead :  D=0x0000000000000032 A=0x7ffffffffffffdb8
3903000: system.cpu: T0 : 0x1053e    : addiw a4, a5, 0            : IntAlu :  D=0x0000000000000032
3904000: system.cpu: T0 : 0x10542    : addi a5, zero, 49          : IntAlu :  D=0x0000000000000031
3905000: system.cpu: T0 : 0x10546    : bge a5, a4, -118           : IntAlu : 
3905500: system.cpu: T0 : 0x1054a    : c_addi zero, 0             : IntAlu :  D=0x0000000000000000
3906000: system.cpu: T0 : 0x1054c    : c_addi zero, 0             : IntAlu :  D=0x0000000000000000
3906500: system.cpu: T0 : 0x1054e    : c_ldsp s0, 24(sp)          : MemRead :  D=0x7ffffffffffffdf0 A=0x7ffffffffffffdc8
3907000: system.cpu: T0 : 0x10550    : c_addi16sp sp, 32          : IntAlu :  D=0x7ffffffffffffdd0
3907500: system.cpu: T0 : 0x10552    : c_jr ra                    : IntAlu : 
3908000: system.cpu: T0 : 0x10444    : auipc a5, 95               : IntAlu :  D=0x000000000006f444
3908500: system.cpu: T0 : 0x10448    : addi a5, a5, -1092         : IntAlu :  D=0x000000000006f000
3909000: system.cpu: T0 : 0x1044c    : c_li a4, 16                : IntAlu :  D=0x0000000000000010
3909500: system.cpu: T0 : 0x1044e    : c_sw a4, 0(a5)             : MemWrite :  D=0x0000000000000010 A=0x6f000
3910000: system.cpu: T0 : 0x10450    : auipc a5, 95               : IntAlu :  D=0x000000000006f450
3910500: system.cpu: T0 : 0x10454    : addi a5, a5, -1104         : IntAlu :  D=0x000000000006f000
3911000: system.cpu: T0 : 0x10458    : c_lw a5, 0(a5)             : MemRead :  D=0x0000000000000010 A=0x6f000
3911500: system.cpu: T0 : 0x1045a    : c_li a4, 1                 : IntAlu :  D=0x0000000000000001
3912000: system.cpu: T0 : 0x1045c    : sllw a5, a4, a5            : IntAlu :  D=0x0000000000010000
3912500: system.cpu: T0 : 0x10460    : c_addiw a5, 0              : IntAlu :  D=0x0000000000010000
3913000: system.cpu: T0 : 0x10462    : c_mv a4, a5                : IntAlu :  D=0x0000000000010000
3913500: system.cpu: T0 : 0x10464    : auipc a5, 95               : IntAlu :  D=0x000000000006f464
3914000: system.cpu: T0 : 0x10468    : addi a5, a5, -1116         : IntAlu :  D=0x000000000006f008
3914500: system.cpu: T0 : 0x1046c    : c_sd a4, 0(a5)             : MemWrite :  D=0x0000000000010000 A=0x6f008
3915500: system.cpu: T0 : 0x1046e    : auipc a5, 96               : IntAlu :  D=0x000000000007046e
3916500: system.cpu: T0 : 0x10472    : ld a5, 1090(a5)            : MemRead :  D=0x000000000007234c A=0x708b0
3917500: system.cpu: T0 : 0x10476    : lw a4, -20(s0)             : MemRead :  D=0x0000000000000032 A=0x7ffffffffffffddc
3918000: system.cpu: T0 : 0x1047a    : c_sw a4, 0(a5)             : MemWrite :  D=0x0000000000000032 A=0x7234c
3918500: system.cpu: T0 : 0x1047c    : auipc a5, 96               : IntAlu :  D=0x000000000007047c
3919000: system.cpu: T0 : 0x10480    : ld a5, 1036(a5)            : MemRead :  D=0x00000000000722c8 A=0x70888
3919500: system.cpu: T0 : 0x10484    : addi a4, zero, 53          : IntAlu :  D=0x0000000000000035
3920000: system.cpu: T0 : 0x10488    : c_sw a4, 0(a5)             : MemWrite :  D=0x0000000000000035 A=0x722c8
3921000: system.cpu: T0 : 0x1048a    : auipc a5, 96               : IntAlu :  D=0x000000000007048a
3922000: system.cpu: T0 : 0x1048e    : ld a5, 998(a5)             : MemRead :  D=0x0000000000071a80 A=0x70870
3923000: system.cpu: T0 : 0x10492    : auipc a4, 96               : IntAlu :  D=0x0000000000070492
3924000: system.cpu: T0 : 0x10496    : ld a4, 974(a4)             : MemRead :  D=0x0000000000071a48 A=0x70860
3924500: system.cpu: T0 : 0x1049a    : c_sd a4, 0(a5)             : MemWrite :  D=0x0000000000071a48 A=0x71a80
3925000: system.cpu: T0 : 0x1049c    : auipc a5, 96               : IntAlu :  D=0x000000000007049c
3925500: system.cpu: T0 : 0x104a0    : ld a5, 1012(a5)            : MemRead :  D=0x00000000000722d0 A=0x70890
3926000: system.cpu: T0 : 0x104a4    : auipc a4, 96               : IntAlu :  D=0x00000000000704a4
3926500: system.cpu: T0 : 0x104a8    : ld a4, 980(a4)             : MemRead :  D=0x0000000000071a88 A=0x70878
3927000: system.cpu: T0 : 0x104ac    : c_sd a4, 0(a5)             : MemWrite :  D=0x0000000000071a88 A=0x722d0
3928000: system.cpu: T0 : 0x104ae    : jal ra, 166                : IntAlu :  D=0x00000000000104b2
3928500: system.cpu: T0 : 0x10554    : c_addi16sp sp, -80         : IntAlu :  D=0x7ffffffffffffd80
3929000: system.cpu: T0 : 0x10556    : c_sdsp ra, 72(sp)          : MemWrite :  D=0x00000000000104b2 A=0x7ffffffffffffdc8
3929500: system.cpu: T0 : 0x10558    : c_sdsp s0, 64(sp)          : MemWrite :  D=0x7ffffffffffffdf0 A=0x7ffffffffffffdc0
3930000: system.cpu: T0 : 0x1055a    : c_sdsp s1, 56(sp)          : MemWrite :  D=0x000000000001137a A=0x7ffffffffffffdb8
3930500: system.cpu: T0 : 0x1055c    : c_sdsp s2, 48(sp)          : MemWrite :  D=0x0000000000000000 A=0x7ffffffffffffdb0
3931000: system.cpu: T0 : 0x1055e    : c_sdsp s3, 40(sp)          : MemWrite :  D=0x0000000000000000 A=0x7ffffffffffffda8
3931500: system.cpu: T0 : 0x10560    : c_sdsp s4, 32(sp)          : MemWrite :  D=0x0000000000000000 A=0x7ffffffffffffda0
3932000: system.cpu: T0 : 0x10562    : c_sdsp s5, 24(sp)          : MemWrite :  D=0x0000000000000000 A=0x7ffffffffffffd98
3932500: system.cpu: T0 : 0x10564    : c_sdsp s6, 16(sp)          : MemWrite :  D=0x0000000000000000 A=0x7ffffffffffffd90
3933000: system.cpu: T0 : 0x10566    : c_addi4spn s0, sp, 80      : IntAlu :  D=0x7ffffffffffffdd0
3933500: system.cpu: T0 : 0x10568    : c_li s1, 0                 : IntAlu :  D=0x0000000000000000
3934500: system.cpu: T0 : 0x1056a    : addi a5, gp, -912          : IntAlu :  D=0x0000000000070d50
3935500: system.cpu: T0 : 0x1056e    : sw zero, 0(a5)             : MemWrite :  D=0x0000000000000000 A=0x70d50
3936500: system.cpu: T0 : 0x10572    : auipc a5, 96               : IntAlu :  D=0x0000000000070572
3937500: system.cpu: T0 : 0x10576    : ld a5, 814(a5)             : MemRead :  D=0x0000000000072340 A=0x708a0
3938000: system.cpu: T0 : 0x1057a    : c_li a4, 3                 : IntAlu :  D=0x0000000000000003
3938500: system.cpu: T0 : 0x1057c    : c_sd a4, 0(a5)             : MemWrite :  D=0x0000000000000003 A=0x72340
3939500: system.cpu: T0 : 0x1057e    : addi a5, gp, -920          : IntAlu :  D=0x0000000000070d48
3940500: system.cpu: T0 : 0x10582    : sd zero, 0(a5)             : MemWrite :  D=0x0000000000000000 A=0x70d48
3941500: system.cpu: T0 : 0x10586    : addi a5, gp, -944          : IntAlu :  D=0x0000000000070d30
3942500: system.cpu: T0 : 0x1058a    : sw zero, 0(a5)             : MemWrite :  D=0x0000000000000000 A=0x70d30
3943500: system.cpu: T0 : 0x1058e    : addi a5, gp, -936          : IntAlu :  D=0x0000000000070d38
3944500: system.cpu: T0 : 0x10592    : sd zero, 0(a5)             : MemWrite :  D=0x0000000000000000 A=0x70d38
3945500: system.cpu: T0 : 0x10596    : auipc a5, 95               : IntAlu :  D=0x000000000006f596
3946500: system.cpu: T0 : 0x1059a    : addi a5, a5, -1382         : IntAlu :  D=0x000000000006f030
3947000: system.cpu: T0 : 0x1059e    : c_li a4, 1                 : IntAlu :  D=0x0000000000000001
3947500: system.cpu: T0 : 0x105a0    : c_sd a4, 0(a5)             : MemWrite :  D=0x0000000000000001 A=0x6f030
3948500: system.cpu: T0 : 0x105a2    : auipc a5, 95               : IntAlu :  D=0x000000000006f5a2
3949500: system.cpu: T0 : 0x105a6    : addi a5, a5, -1402         : IntAlu :  D=0x000000000006f028
3950000: system.cpu: T0 : 0x105aa    : c_lui a4, 2                : IntAlu :  D=0x0000000000002000
3950500: system.cpu: T0 : 0x105ac    : addi a4, a4, 1808          : IntAlu :  D=0x0000000000002710
3951000: system.cpu: T0 : 0x105b0    : c_sd a4, 0(a5)             : MemWrite :  D=0x0000000000002710 A=0x6f028
3952000: system.cpu: T0 : 0x105b2    : auipc a5, 96               : IntAlu :  D=0x00000000000705b2
3953000: system.cpu: T0 : 0x105b6    : ld a5, 758(a5)             : MemRead :  D=0x0000000000072348 A=0x708a8
3953500: system.cpu: T0 : 0x105ba    : c_li a4, 9                 : IntAlu :  D=0x0000000000000009
3954000: system.cpu: T0 : 0x105bc    : c_sw a4, 0(a5)             : MemWrite :  D=0x0000000000000009 A=0x72348
3955000: system.cpu: T0 : 0x105be    : auipc a5, 96               : IntAlu :  D=0x00000000000705be
3956000: system.cpu: T0 : 0x105c2    : ld a5, 746(a5)             : MemRead :  D=0x0000000000072348 A=0x708a8
3956500: system.cpu: T0 : 0x105c6    : c_lw a5, 0(a5)             : MemRead :  D=0x0000000000000009 A=0x72348
3957000: system.cpu: T0 : 0x105c8    : c_li a4, 1                 : IntAlu :  D=0x0000000000000001
3958000: system.cpu: T0 : 0x105ca    : sllw a5, a4, a5            : IntAlu :  D=0x0000000000000200
3958500: system.cpu: T0 : 0x105ce    : c_addiw a5, 0              : IntAlu :  D=0x0000000000000200
3959000: system.cpu: T0 : 0x105d0    : c_addiw a5, -1             : IntAlu :  D=0x00000000000001ff
3959500: system.cpu: T0 : 0x105d2    : c_addiw a5, 0              : IntAlu :  D=0x00000000000001ff
3960000: system.cpu: T0 : 0x105d4    : c_mv a4, a5                : IntAlu :  D=0x00000000000001ff
3961000: system.cpu: T0 : 0x105d6    : auipc a5, 96               : IntAlu :  D=0x00000000000705d6
3962000: system.cpu: T0 : 0x105da    : ld a5, 762(a5)             : MemRead :  D=0x0000000000072568 A=0x708d0
3962500: system.cpu: T0 : 0x105de    : c_sd a4, 0(a5)             : MemWrite :  D=0x00000000000001ff A=0x72568
3963000: system.cpu: T0 : 0x105e0    : auipc a5, 95               : IntAlu :  D=0x000000000006f5e0
3963500: system.cpu: T0 : 0x105e4    : addi a5, a5, -1472         : IntAlu :  D=0x000000000006f020
3964000: system.cpu: T0 : 0x105e8    : c_lw a5, 0(a5)             : MemRead :  D=0x0000000000000080 A=0x6f020
3964500: system.cpu: T0 : 0x105ea    : c_beqz a5, 8               : IntAlu : 
3965000: system.cpu: T0 : 0x105ec    : addi a5, zero, 257         : IntAlu :  D=0x0000000000000101
3965500: system.cpu: T0 : 0x105f0    : c_j 6                      : IntAlu : 
3966500: system.cpu: T0 : 0x105f6    : addi a4, gp, -960          : IntAlu :  D=0x0000000000070d20
3967000: system.cpu: T0 : 0x105fa    : c_sd a5, 0(a4)             : MemWrite :  D=0x0000000000000101 A=0x70d20
3967500: system.cpu: T0 : 0x105fc    : jal ra, 976                : IntAlu :  D=0x0000000000010600
3968000: system.cpu: T0 : 0x109cc    : c_addi sp, -16             : IntAlu :  D=0x7ffffffffffffd70
3968500: system.cpu: T0 : 0x109ce    : c_sdsp s0, 8(sp)           : MemWrite :  D=0x7ffffffffffffdd0 A=0x7ffffffffffffd78
3969000: system.cpu: T0 : 0x109d0    : c_addi4spn s0, sp, 16      : IntAlu :  D=0x7ffffffffffffd80
3970000: system.cpu: T0 : 0x109d2    : auipc a5, 96               : IntAlu :  D=0x00000000000709d2
3971000: system.cpu: T0 : 0x109d6    : ld a5, -290(a5)            : MemRead :  D=0x000000000007234c A=0x708b0
3971500: system.cpu: T0 : 0x109da    : c_lw a5, 0(a5)             : MemRead :  D=0x0000000000000032 A=0x7234c
3972000: system.cpu: T0 : 0x109dc    : bge zero, a5, 94           : IntAlu : 
3972500: system.cpu: T0 : 0x109e0    : auipc a5, 96               : IntAlu :  D=0x00000000000709e0
3973000: system.cpu: T0 : 0x109e4    : ld a5, -344(a5)            : MemRead :  D=0x00000000000722c8 A=0x70888
3973500: system.cpu: T0 : 0x109e8    : c_lw a5, 0(a5)             : MemRead :  D=0x0000000000000035 A=0x722c8
3974500: system.cpu: T0 : 0x109ea    : addiw a4, a5, -1           : IntAlu :  D=0x0000000000000034
3975500: system.cpu: T0 : 0x109ee    : addiw a3, a4, 0            : IntAlu :  D=0x0000000000000034
3976500: system.cpu: T0 : 0x109f2    : auipc a4, 96               : IntAlu :  D=0x00000000000709f2
3977500: system.cpu: T0 : 0x109f6    : ld a4, -362(a4)            : MemRead :  D=0x00000000000722c8 A=0x70888
3978000: system.cpu: T0 : 0x109fa    : c_sw a3, 0(a4)             : MemWrite :  D=0x0000000000000034 A=0x722c8
3978500: system.cpu: T0 : 0x109fc    : bge zero, a5, 62           : IntAlu : 
3979000: system.cpu: T0 : 0x10a00    : auipc a5, 96               : IntAlu :  D=0x0000000000070a00
3979500: system.cpu: T0 : 0x10a04    : ld a5, -336(a5)            : MemRead :  D=0x000000000007234c A=0x708b0
3980000: system.cpu: T0 : 0x10a08    : c_lw a5, 0(a5)             : MemRead :  D=0x0000000000000032 A=0x7234c
3980500: system.cpu: T0 : 0x10a0a    : c_addiw a5, -1             : IntAlu :  D=0x0000000000000031
3981000: system.cpu: T0 : 0x10a0c    : addiw a4, a5, 0            : IntAlu :  D=0x0000000000000031
3981500: system.cpu: T0 : 0x10a10    : auipc a5, 96               : IntAlu :  D=0x0000000000070a10
3982000: system.cpu: T0 : 0x10a14    : ld a5, -352(a5)            : MemRead :  D=0x000000000007234c A=0x708b0
3982500: system.cpu: T0 : 0x10a18    : c_sw a4, 0(a5)             : MemWrite :  D=0x0000000000000031 A=0x7234c
3983500: system.cpu: T0 : 0x10a1a    : auipc a5, 96               : IntAlu :  D=0x0000000000070a1a
3984500: system.cpu: T0 : 0x10a1e    : ld a5, -426(a5)            : MemRead :  D=0x0000000000071a80 A=0x70870
3985000: system.cpu: T0 : 0x10a22    : c_ld a5, 0(a5)             : MemRead :  D=0x0000000000071a48 A=0x71a80
3985500: system.cpu: T0 : 0x10a24    : addi a3, a5, 1             : IntAlu :  D=0x0000000000071a49
3986000: system.cpu: T0 : 0x10a28    : auipc a4, 96               : IntAlu :  D=0x0000000000070a28
3986500: system.cpu: T0 : 0x10a2c    : ld a4, -440(a4)            : MemRead :  D=0x0000000000071a80 A=0x70870
3987000: system.cpu: T0 : 0x10a30    : c_sd a3, 0(a4)             : MemWrite :  D=0x0000000000071a49 A=0x71a80
3988000: system.cpu: T0 : 0x10a32    : lbu a5, 0(a5)              : MemRead :  D=0x00000000000000d6 A=0x71a48
3988500: system.cpu: T0 : 0x10a36    : c_addiw a5, 0              : IntAlu :  D=0x00000000000000d6
3989000: system.cpu: T0 : 0x10a38    : c_j 4                      : IntAlu : 
3989500: system.cpu: T0 : 0x10a3c    : c_mv a0, a5                : IntAlu :  D=0x00000000000000d6
3990000: system.cpu: T0 : 0x10a3e    : c_ldsp s0, 8(sp)           : MemRead :  D=0x7ffffffffffffdd0 A=0x7ffffffffffffd78
3990500: system.cpu: T0 : 0x10a40    : c_addi sp, 16              : IntAlu :  D=0x7ffffffffffffd80
3991000: system.cpu: T0 : 0x10a42    : c_jr ra                    : IntAlu : 
3991500: system.cpu: T0 : 0x10600    : c_mv a5, a0                : IntAlu :  D=0x00000000000000d6
3992000: system.cpu: T0 : 0x10602    : c_addiw a5, 0              : IntAlu :  D=0x00000000000000d6
3992500: system.cpu: T0 : 0x10604    : slli s4, a5, 32            : IntAlu :  D=0x000000d600000000
3993000: system.cpu: T0 : 0x10608    : srli s4, s4, 32            : IntAlu :  D=0x00000000000000d6
3993500: system.cpu: T0 : 0x1060c    : c_li s3, 0                 : IntAlu :  D=0x0000000000000000
3994500: system.cpu: T0 : 0x1060e    : auipc a5, 95               : IntAlu :  D=0x000000000006f60e
3995500: system.cpu: T0 : 0x10612    : addi a5, a5, -1534         : IntAlu :  D=0x000000000006f010
3996500: system.cpu: T0 : 0x10616    : ld s2, 0(a5)               : MemRead :  D=0x0000000000000101 A=0x6f010
3997000: system.cpu: T0 : 0x1061a    : c_j 12                     : IntAlu : 
3997500: system.cpu: T0 : 0x10626    : c_lui a5, 16               : IntAlu :  D=0x0000000000010000
3998000: system.cpu: T0 : 0x10628    : blt s2, a5, -12            : IntAlu : 
3998500: system.cpu: T0 : 0x1061c    : addiw a5, s3, 1            : IntAlu :  D=0x0000000000000001
3999000: system.cpu: T0 : 0x10620    : addiw s3, a5, 0            : IntAlu :  D=0x0000000000000001
3999500: system.cpu: T0 : 0x10624    : c_slli s2, 1               : IntAlu :  D=0x0000000000000202
4000000: system.cpu: T0 : 0x10626    : c_lui a5, 16               : IntAlu :  D=0x0000000000010000
4000500: system.cpu: T0 : 0x10628    : blt s2, a5, -12            : IntAlu : 
4001000: system.cpu: T0 : 0x1061c    : addiw a5, s3, 1            : IntAlu :  D=0x0000000000000002
4001500: system.cpu: T0 : 0x10620    : addiw s3, a5, 0            : IntAlu :  D=0x0000000000000002
4002000: system.cpu: T0 : 0x10624    : c_slli s2, 1               : IntAlu :  D=0x0000000000000404
4002500: system.cpu: T0 : 0x10626    : c_lui a5, 16               : IntAlu :  D=0x0000000000010000
4003000: system.cpu: T0 : 0x10628    : blt s2, a5, -12            : IntAlu : 
4003500: system.cpu: T0 : 0x1061c    : addiw a5, s3, 1            : IntAlu :  D=0x0000000000000003
4004000: system.cpu: T0 : 0x10620    : addiw s3, a5, 0            : IntAlu :  D=0x0000000000000003
4004500: system.cpu: T0 : 0x10624    : c_slli s2, 1               : IntAlu :  D=0x0000000000000808
4005000: system.cpu: T0 : 0x10626    : c_lui a5, 16               : IntAlu :  D=0x0000000000010000
4005500: system.cpu: T0 : 0x10628    : blt s2, a5, -12            : IntAlu : 
4006000: system.cpu: T0 : 0x1061c    : addiw a5, s3, 1            : IntAlu :  D=0x0000000000000004
4006500: system.cpu: T0 : 0x10620    : addiw s3, a5, 0            : IntAlu :  D=0x0000000000000004
4007000: system.cpu: T0 : 0x10624    : c_slli s2, 1               : IntAlu :  D=0x0000000000001010
4007500: system.cpu: T0 : 0x10626    : c_lui a5, 16               : IntAlu :  D=0x0000000000010000
4008000: system.cpu: T0 : 0x10628    : blt s2, a5, -12            : IntAlu : 
4008500: system.cpu: T0 : 0x1061c    : addiw a5, s3, 1            : IntAlu :  D=0x0000000000000005
4009000: system.cpu: T0 : 0x10620    : addiw s3, a5, 0            : IntAlu :  D=0x0000000000000005
4009500: system.cpu: T0 : 0x10624    : c_slli s2, 1               : IntAlu :  D=0x0000000000002020
4010000: system.cpu: T0 : 0x10626    : c_lui a5, 16               : IntAlu :  D=0x0000000000010000
4010500: system.cpu: T0 : 0x10628    : blt s2, a5, -12            : IntAlu : 
4011000: system.cpu: T0 : 0x1061c    : addiw a5, s3, 1            : IntAlu :  D=0x0000000000000006
4011500: system.cpu: T0 : 0x10620    : addiw s3, a5, 0            : IntAlu :  D=0x0000000000000006
4012000: system.cpu: T0 : 0x10624    : c_slli s2, 1               : IntAlu :  D=0x0000000000004040
4012500: system.cpu: T0 : 0x10626    : c_lui a5, 16               : IntAlu :  D=0x0000000000010000
4013000: system.cpu: T0 : 0x10628    : blt s2, a5, -12            : IntAlu : 
4013500: system.cpu: T0 : 0x1061c    : addiw a5, s3, 1            : IntAlu :  D=0x0000000000000007
4014000: system.cpu: T0 : 0x10620    : addiw s3, a5, 0            : IntAlu :  D=0x0000000000000007
4014500: system.cpu: T0 : 0x10624    : c_slli s2, 1               : IntAlu :  D=0x0000000000008080
4015000: system.cpu: T0 : 0x10626    : c_lui a5, 16               : IntAlu :  D=0x0000000000010000
4015500: system.cpu: T0 : 0x10628    : blt s2, a5, -12            : IntAlu : 
4016000: system.cpu: T0 : 0x1061c    : addiw a5, s3, 1            : IntAlu :  D=0x0000000000000008
4016500: system.cpu: T0 : 0x10620    : addiw s3, a5, 0            : IntAlu :  D=0x0000000000000008
4017000: system.cpu: T0 : 0x10624    : c_slli s2, 1               : IntAlu :  D=0x0000000000010100
4017500: system.cpu: T0 : 0x10626    : c_lui a5, 16               : IntAlu :  D=0x0000000000010000
4018000: system.cpu: T0 : 0x10628    : blt s2, a5, -12            : IntAlu : 
4018500: system.cpu: T0 : 0x1062c    : c_li a5, 8                 : IntAlu :  D=0x0000000000000008
4019500: system.cpu: T0 : 0x1062e    : subw a5, a5, s3            : IntAlu :  D=0x0000000000000000
4020500: system.cpu: T0 : 0x10632    : addiw s3, a5, 0            : IntAlu :  D=0x0000000000000000
4021500: system.cpu: T0 : 0x10636    : auipc a5, 95               : IntAlu :  D=0x000000000006f636
4022500: system.cpu: T0 : 0x1063a    : addi a5, a5, -1574         : IntAlu :  D=0x000000000006f010
4023500: system.cpu: T0 : 0x1063e    : ld s5, 0(a5)               : MemRead :  D=0x0000000000000101 A=0x6f010
4024000: system.cpu: T0 : 0x10642    : c_mv a0, s5                : IntAlu :  D=0x0000000000000101
4024500: system.cpu: T0 : 0x10644    : jal ra, 688                : IntAlu :  D=0x0000000000010648
4025000: system.cpu: T0 : 0x108f4    : c_addi16sp sp, -48         : IntAlu :  D=0x7ffffffffffffd50
4025500: system.cpu: T0 : 0x108f6    : c_sdsp s0, 40(sp)          : MemWrite :  D=0x7ffffffffffffdd0 A=0x7ffffffffffffd78
4026000: system.cpu: T0 : 0x108f8    : c_sdsp s1, 32(sp)          : MemWrite :  D=0x0000000000000000 A=0x7ffffffffffffd70
4026500: system.cpu: T0 : 0x108fa    : c_sdsp s2, 24(sp)          : MemWrite :  D=0x0000000000010100 A=0x7ffffffffffffd68
4027000: system.cpu: T0 : 0x108fc    : c_sdsp s3, 16(sp)          : MemWrite :  D=0x0000000000000000 A=0x7ffffffffffffd60
4027500: system.cpu: T0 : 0x108fe    : c_addi4spn s0, sp, 48      : IntAlu :  D=0x7ffffffffffffd80
4028000: system.cpu: T0 : 0x10900    : sd a0, -40(s0)             : MemWrite :  D=0x0000000000000101 A=0x7ffffffffffffd58
4028500: system.cpu: T0 : 0x10904    : ld a5, -40(s0)             : MemRead :  D=0x0000000000000101 A=0x7ffffffffffffd58
4029000: system.cpu: T0 : 0x10908    : slli a4, a5, 3             : IntAlu :  D=0x0000000000000808
4029500: system.cpu: T0 : 0x1090c    : auipc a5, 96               : IntAlu :  D=0x000000000007090c
4030000: system.cpu: T0 : 0x10910    : ld a5, -140(a5)            : MemRead :  D=0x0000000000071ac0 A=0x70880
4030500: system.cpu: T0 : 0x10914    : add s1, a4, a5             : IntAlu :  D=0x00000000000722c8
4031000: system.cpu: T0 : 0x10918    : c_li s2, -1                : IntAlu :  D=0xffffffffffffffff
4032000: system.cpu: T0 : 0x1091a    : ld a5, -40(s0)             : MemRead :  D=0x0000000000000101 A=0x7ffffffffffffd58
4033000: system.cpu: T0 : 0x1091e    : addi s3, a5, -16           : IntAlu :  D=0x00000000000000f1
4034000: system.cpu: T0 : 0x10922    : addi a5, s1, -128          : IntAlu :  D=0x0000000000072248
4035000: system.cpu: T0 : 0x10926    : sd s2, 0(a5)               : MemWrite :  D=0xffffffffffffffff A=0x72248
4036000: system.cpu: T0 : 0x1092a    : addi a5, s1, -120          : IntAlu :  D=0x0000000000072250
4037000: system.cpu: T0 : 0x1092e    : sd s2, 0(a5)               : MemWrite :  D=0xffffffffffffffff A=0x72250
4038000: system.cpu: T0 : 0x10932    : addi a5, s1, -112          : IntAlu :  D=0x0000000000072258
4039000: system.cpu: T0 : 0x10936    : sd s2, 0(a5)               : MemWrite :  D=0xffffffffffffffff A=0x72258
4040000: system.cpu: T0 : 0x1093a    : addi a5, s1, -104          : IntAlu :  D=0x0000000000072260
4041000: system.cpu: T0 : 0x1093e    : sd s2, 0(a5)               : MemWrite :  D=0xffffffffffffffff A=0x72260
4042000: system.cpu: T0 : 0x10942    : addi a5, s1, -96           : IntAlu :  D=0x0000000000072268
4043000: system.cpu: T0 : 0x10946    : sd s2, 0(a5)               : MemWrite :  D=0xffffffffffffffff A=0x72268
4044000: system.cpu: T0 : 0x1094a    : addi a5, s1, -88           : IntAlu :  D=0x0000000000072270
4045000: system.cpu: T0 : 0x1094e    : sd s2, 0(a5)               : MemWrite :  D=0xffffffffffffffff A=0x72270
4046000: system.cpu: T0 : 0x10952    : addi a5, s1, -80           : IntAlu :  D=0x0000000000072278
4047000: system.cpu: T0 : 0x10956    : sd s2, 0(a5)               : MemWrite :  D=0xffffffffffffffff A=0x72278
4048000: system.cpu: T0 : 0x1095a    : addi a5, s1, -72           : IntAlu :  D=0x0000000000072280
4049000: system.cpu: T0 : 0x1095e    : sd s2, 0(a5)               : MemWrite :  D=0xffffffffffffffff A=0x72280
4050000: system.cpu: T0 : 0x10962    : addi a5, s1, -64           : IntAlu :  D=0x0000000000072288
4051000: system.cpu: T0 : 0x10966    : sd s2, 0(a5)               : MemWrite :  D=0xffffffffffffffff A=0x72288
4052000: system.cpu: T0 : 0x1096a    : addi a5, s1, -56           : IntAlu :  D=0x0000000000072290
4053000: system.cpu: T0 : 0x1096e    : sd s2, 0(a5)               : MemWrite :  D=0xffffffffffffffff A=0x72290
4054000: system.cpu: T0 : 0x10972    : addi a5, s1, -48           : IntAlu :  D=0x0000000000072298
4055000: system.cpu: T0 : 0x10976    : sd s2, 0(a5)               : MemWrite :  D=0xffffffffffffffff A=0x72298
4056000: system.cpu: T0 : 0x1097a    : addi a5, s1, -40           : IntAlu :  D=0x00000000000722a0
4057000: system.cpu: T0 : 0x1097e    : sd s2, 0(a5)               : MemWrite :  D=0xffffffffffffffff A=0x722a0
4058000: system.cpu: T0 : 0x10982    : addi a5, s1, -32           : IntAlu :  D=0x00000000000722a8
4059000: system.cpu: T0 : 0x10986    : sd s2, 0(a5)               : MemWrite :  D=0xffffffffffffffff A=0x722a8
4060000: system.cpu: T0 : 0x1098a    : addi a5, s1, -24           : IntAlu :  D=0x00000000000722b0
4061000: system.cpu: T0 : 0x1098e    : sd s2, 0(a5)               : MemWrite :  D=0xffffffffffffffff A=0x722b0
4062000: system.cpu: T0 : 0x10992    : addi a5, s1, -16           : IntAlu :  D=0x00000000000722b8
4063000: system.cpu: T0 : 0x10996    : sd s2, 0(a5)               : MemWrite :  D=0xffffffffffffffff A=0x722b8
4064000: system.cpu: T0 : 0x1099a    : addi a5, s1, -8            : IntAlu :  D=0x00000000000722c0
4065000: system.cpu: T0 : 0x1099e    : sd s2, 0(a5)               : MemWrite :  D=0xffffffffffffffff A=0x722c0
4066000: system.cpu: T0 : 0x109a2    : addi s1, s1, -128          : IntAlu :  D=0x0000000000072248
4066500: system.cpu: T0 : 0x109a6    : c_addi s3, -16             : IntAlu :  D=0x00000000000000e1
4067000: system.cpu: T0 : 0x109a8    : bge s3, zero, -134         : IntAlu : 
4068000: system.cpu: T0 : 0x10922    : addi a5, s1, -128          : IntAlu :  D=0x00000000000721c8
4069000: system.cpu: T0 : 0x10926    : sd s2, 0(a5)               : MemWrite :  D=0xffffffffffffffff A=0x721c8
4070000: system.cpu: T0 : 0x1092a    : addi a5, s1, -120          : IntAlu :  D=0x00000000000721d0
4071000: system.cpu: T0 : 0x1092e    : sd s2, 0(a5)               : MemWrite :  D=0xffffffffffffffff A=0x721d0
4072000: system.cpu: T0 : 0x10932    : addi a5, s1, -112          : IntAlu :  D=0x00000000000721d8
4073000: system.cpu: T0 : 0x10936    : sd s2, 0(a5)               : MemWrite :  D=0xffffffffffffffff A=0x721d8
4074000: system.cpu: T0 : 0x1093a    : addi a5, s1, -104          : IntAlu :  D=0x00000000000721e0
4075000: system.cpu: T0 : 0x1093e    : sd s2, 0(a5)               : MemWrite :  D=0xffffffffffffffff A=0x721e0
4076000: system.cpu: T0 : 0x10942    : addi a5, s1, -96           : IntAlu :  D=0x00000000000721e8
4077000: system.cpu: T0 : 0x10946    : sd s2, 0(a5)               : MemWrite :  D=0xffffffffffffffff A=0x721e8
4078000: system.cpu: T0 : 0x1094a    : addi a5, s1, -88           : IntAlu :  D=0x00000000000721f0
4079000: system.cpu: T0 : 0x1094e    : sd s2, 0(a5)               : MemWrite :  D=0xffffffffffffffff A=0x721f0
4080000: system.cpu: T0 : 0x10952    : addi a5, s1, -80           : IntAlu :  D=0x00000000000721f8
4081000: system.cpu: T0 : 0x10956    : sd s2, 0(a5)               : MemWrite :  D=0xffffffffffffffff A=0x721f8
4082000: system.cpu: T0 : 0x1095a    : addi a5, s1, -72           : IntAlu :  D=0x0000000000072200
4083000: system.cpu: T0 : 0x1095e    : sd s2, 0(a5)               : MemWrite :  D=0xffffffffffffffff A=0x72200
4084000: system.cpu: T0 : 0x10962    : addi a5, s1, -64           : IntAlu :  D=0x0000000000072208
4085000: system.cpu: T0 : 0x10966    : sd s2, 0(a5)               : MemWrite :  D=0xffffffffffffffff A=0x72208
4086000: system.cpu: T0 : 0x1096a    : addi a5, s1, -56           : IntAlu :  D=0x0000000000072210
4087000: system.cpu: T0 : 0x1096e    : sd s2, 0(a5)               : MemWrite :  D=0xffffffffffffffff A=0x72210
4088000: system.cpu: T0 : 0x10972    : addi a5, s1, -48           : IntAlu :  D=0x0000000000072218
4089000: system.cpu: T0 : 0x10976    : sd s2, 0(a5)               : MemWrite :  D=0xffffffffffffffff A=0x72218
4090000: system.cpu: T0 : 0x1097a    : addi a5, s1, -40           : IntAlu :  D=0x0000000000072220
4091000: system.cpu: T0 : 0x1097e    : sd s2, 0(a5)               : MemWrite :  D=0xffffffffffffffff A=0x72220
4092000: system.cpu: T0 : 0x10982    : addi a5, s1, -32           : IntAlu :  D=0x0000000000072228
4093000: system.cpu: T0 : 0x10986    : sd s2, 0(a5)               : MemWrite :  D=0xffffffffffffffff A=0x72228
4094000: system.cpu: T0 : 0x1098a    : addi a5, s1, -24           : IntAlu :  D=0x0000000000072230
4095000: system.cpu: T0 : 0x1098e    : sd s2, 0(a5)               : MemWrite :  D=0xffffffffffffffff A=0x72230
4096000: system.cpu: T0 : 0x10992    : addi a5, s1, -16           : IntAlu :  D=0x0000000000072238
4097000: system.cpu: T0 : 0x10996    : sd s2, 0(a5)               : MemWrite :  D=0xffffffffffffffff A=0x72238
4098000: system.cpu: T0 : 0x1099a    : addi a5, s1, -8            : IntAlu :  D=0x0000000000072240
4099000: system.cpu: T0 : 0x1099e    : sd s2, 0(a5)               : MemWrite :  D=0xffffffffffffffff A=0x72240
4100000: system.cpu: T0 : 0x109a2    : addi s1, s1, -128          : IntAlu :  D=0x00000000000721c8
4100500: system.cpu: T0 : 0x109a6    : c_addi s3, -16             : IntAlu :  D=0x00000000000000d1
4101000: system.cpu: T0 : 0x109a8    : bge s3, zero, -134         : IntAlu : 
4102000: system.cpu: T0 : 0x10922    : addi a5, s1, -128          : IntAlu :  D=0x0000000000072148
4103000: system.cpu: T0 : 0x10926    : sd s2, 0(a5)               : MemWrite :  D=0xffffffffffffffff A=0x72148
4104000: system.cpu: T0 : 0x1092a    : addi a5, s1, -120          : IntAlu :  D=0x0000000000072150
4105000: system.cpu: T0 : 0x1092e    : sd s2, 0(a5)               : MemWrite :  D=0xffffffffffffffff A=0x72150
4106000: system.cpu: T0 : 0x10932    : addi a5, s1, -112          : IntAlu :  D=0x0000000000072158
4107000: system.cpu: T0 : 0x10936    : sd s2, 0(a5)               : MemWrite :  D=0xffffffffffffffff A=0x72158
4108000: system.cpu: T0 : 0x1093a    : addi a5, s1, -104          : IntAlu :  D=0x0000000000072160
4109000: system.cpu: T0 : 0x1093e    : sd s2, 0(a5)               : MemWrite :  D=0xffffffffffffffff A=0x72160
4110000: system.cpu: T0 : 0x10942    : addi a5, s1, -96           : IntAlu :  D=0x0000000000072168
4111000: system.cpu: T0 : 0x10946    : sd s2, 0(a5)               : MemWrite :  D=0xffffffffffffffff A=0x72168
4112000: system.cpu: T0 : 0x1094a    : addi a5, s1, -88           : IntAlu :  D=0x0000000000072170
4113000: system.cpu: T0 : 0x1094e    : sd s2, 0(a5)               : MemWrite :  D=0xffffffffffffffff A=0x72170
4114000: system.cpu: T0 : 0x10952    : addi a5, s1, -80           : IntAlu :  D=0x0000000000072178
4115000: system.cpu: T0 : 0x10956    : sd s2, 0(a5)               : MemWrite :  D=0xffffffffffffffff A=0x72178
4116000: system.cpu: T0 : 0x1095a    : addi a5, s1, -72           : IntAlu :  D=0x0000000000072180
4117000: system.cpu: T0 : 0x1095e    : sd s2, 0(a5)               : MemWrite :  D=0xffffffffffffffff A=0x72180
4118000: system.cpu: T0 : 0x10962    : addi a5, s1, -64           : IntAlu :  D=0x0000000000072188
4119000: system.cpu: T0 : 0x10966    : sd s2, 0(a5)               : MemWrite :  D=0xffffffffffffffff A=0x72188
4120000: system.cpu: T0 : 0x1096a    : addi a5, s1, -56           : IntAlu :  D=0x0000000000072190
4121000: system.cpu: T0 : 0x1096e    : sd s2, 0(a5)               : MemWrite :  D=0xffffffffffffffff A=0x72190
4122000: system.cpu: T0 : 0x10972    : addi a5, s1, -48           : IntAlu :  D=0x0000000000072198
4123000: system.cpu: T0 : 0x10976    : sd s2, 0(a5)               : MemWrite :  D=0xffffffffffffffff A=0x72198
4124000: system.cpu: T0 : 0x1097a    : addi a5, s1, -40           : IntAlu :  D=0x00000000000721a0
4125000: system.cpu: T0 : 0x1097e    : sd s2, 0(a5)               : MemWrite :  D=0xffffffffffffffff A=0x721a0
4126000: system.cpu: T0 : 0x10982    : addi a5, s1, -32           : IntAlu :  D=0x00000000000721a8
4127000: system.cpu: T0 : 0x10986    : sd s2, 0(a5)               : MemWrite :  D=0xffffffffffffffff A=0x721a8
4128000: system.cpu: T0 : 0x1098a    : addi a5, s1, -24           : IntAlu :  D=0x00000000000721b0
4129000: system.cpu: T0 : 0x1098e    : sd s2, 0(a5)               : MemWrite :  D=0xffffffffffffffff A=0x721b0
4130000: system.cpu: T0 : 0x10992    : addi a5, s1, -16           : IntAlu :  D=0x00000000000721b8
4131000: system.cpu: T0 : 0x10996    : sd s2, 0(a5)               : MemWrite :  D=0xffffffffffffffff A=0x721b8
4132000: system.cpu: T0 : 0x1099a    : addi a5, s1, -8            : IntAlu :  D=0x00000000000721c0
4133000: system.cpu: T0 : 0x1099e    : sd s2, 0(a5)               : MemWrite :  D=0xffffffffffffffff A=0x721c0
4134000: system.cpu: T0 : 0x109a2    : addi s1, s1, -128          : IntAlu :  D=0x0000000000072148
4134500: system.cpu: T0 : 0x109a6    : c_addi s3, -16             : IntAlu :  D=0x00000000000000c1
4135000: system.cpu: T0 : 0x109a8    : bge s3, zero, -134         : IntAlu : 
4136000: system.cpu: T0 : 0x10922    : addi a5, s1, -128          : IntAlu :  D=0x00000000000720c8
4137000: system.cpu: T0 : 0x10926    : sd s2, 0(a5)               : MemWrite :  D=0xffffffffffffffff A=0x720c8
4138000: system.cpu: T0 : 0x1092a    : addi a5, s1, -120          : IntAlu :  D=0x00000000000720d0
4139000: system.cpu: T0 : 0x1092e    : sd s2, 0(a5)               : MemWrite :  D=0xffffffffffffffff A=0x720d0
4140000: system.cpu: T0 : 0x10932    : addi a5, s1, -112          : IntAlu :  D=0x00000000000720d8
4141000: system.cpu: T0 : 0x10936    : sd s2, 0(a5)               : MemWrite :  D=0xffffffffffffffff A=0x720d8
4142000: system.cpu: T0 : 0x1093a    : addi a5, s1, -104          : IntAlu :  D=0x00000000000720e0
4143000: system.cpu: T0 : 0x1093e    : sd s2, 0(a5)               : MemWrite :  D=0xffffffffffffffff A=0x720e0
4144000: system.cpu: T0 : 0x10942    : addi a5, s1, -96           : IntAlu :  D=0x00000000000720e8
4145000: system.cpu: T0 : 0x10946    : sd s2, 0(a5)               : MemWrite :  D=0xffffffffffffffff A=0x720e8
4146000: system.cpu: T0 : 0x1094a    : addi a5, s1, -88           : IntAlu :  D=0x00000000000720f0
4147000: system.cpu: T0 : 0x1094e    : sd s2, 0(a5)               : MemWrite :  D=0xffffffffffffffff A=0x720f0
4148000: system.cpu: T0 : 0x10952    : addi a5, s1, -80           : IntAlu :  D=0x00000000000720f8
4149000: system.cpu: T0 : 0x10956    : sd s2, 0(a5)               : MemWrite :  D=0xffffffffffffffff A=0x720f8
4150000: system.cpu: T0 : 0x1095a    : addi a5, s1, -72           : IntAlu :  D=0x0000000000072100
4151000: system.cpu: T0 : 0x1095e    : sd s2, 0(a5)               : MemWrite :  D=0xffffffffffffffff A=0x72100
4152000: system.cpu: T0 : 0x10962    : addi a5, s1, -64           : IntAlu :  D=0x0000000000072108
4153000: system.cpu: T0 : 0x10966    : sd s2, 0(a5)               : MemWrite :  D=0xffffffffffffffff A=0x72108
4154000: system.cpu: T0 : 0x1096a    : addi a5, s1, -56           : IntAlu :  D=0x0000000000072110
4155000: system.cpu: T0 : 0x1096e    : sd s2, 0(a5)               : MemWrite :  D=0xffffffffffffffff A=0x72110
4156000: system.cpu: T0 : 0x10972    : addi a5, s1, -48           : IntAlu :  D=0x0000000000072118
4157000: system.cpu: T0 : 0x10976    : sd s2, 0(a5)               : MemWrite :  D=0xffffffffffffffff A=0x72118
4158000: system.cpu: T0 : 0x1097a    : addi a5, s1, -40           : IntAlu :  D=0x0000000000072120
4159000: system.cpu: T0 : 0x1097e    : sd s2, 0(a5)               : MemWrite :  D=0xffffffffffffffff A=0x72120
4160000: system.cpu: T0 : 0x10982    : addi a5, s1, -32           : IntAlu :  D=0x0000000000072128
4161000: system.cpu: T0 : 0x10986    : sd s2, 0(a5)               : MemWrite :  D=0xffffffffffffffff A=0x72128
4162000: system.cpu: T0 : 0x1098a    : addi a5, s1, -24           : IntAlu :  D=0x0000000000072130
4163000: system.cpu: T0 : 0x1098e    : sd s2, 0(a5)               : MemWrite :  D=0xffffffffffffffff A=0x72130
4164000: system.cpu: T0 : 0x10992    : addi a5, s1, -16           : IntAlu :  D=0x0000000000072138
4165000: system.cpu: T0 : 0x10996    : sd s2, 0(a5)               : MemWrite :  D=0xffffffffffffffff A=0x72138
4166000: system.cpu: T0 : 0x1099a    : addi a5, s1, -8            : IntAlu :  D=0x0000000000072140
4167000: system.cpu: T0 : 0x1099e    : sd s2, 0(a5)               : MemWrite :  D=0xffffffffffffffff A=0x72140
4168000: system.cpu: T0 : 0x109a2    : addi s1, s1, -128          : IntAlu :  D=0x00000000000720c8
4168500: system.cpu: T0 : 0x109a6    : c_addi s3, -16             : IntAlu :  D=0x00000000000000b1
4169000: system.cpu: T0 : 0x109a8    : bge s3, zero, -134         : IntAlu : 
4170000: system.cpu: T0 : 0x10922    : addi a5, s1, -128          : IntAlu :  D=0x0000000000072048
4171000: system.cpu: T0 : 0x10926    : sd s2, 0(a5)               : MemWrite :  D=0xffffffffffffffff A=0x72048
4172000: system.cpu: T0 : 0x1092a    : addi a5, s1, -120          : IntAlu :  D=0x0000000000072050
4173000: system.cpu: T0 : 0x1092e    : sd s2, 0(a5)               : MemWrite :  D=0xffffffffffffffff A=0x72050
4174000: system.cpu: T0 : 0x10932    : addi a5, s1, -112          : IntAlu :  D=0x0000000000072058
4175000: system.cpu: T0 : 0x10936    : sd s2, 0(a5)               : MemWrite :  D=0xffffffffffffffff A=0x72058
4176000: system.cpu: T0 : 0x1093a    : addi a5, s1, -104          : IntAlu :  D=0x0000000000072060
4177000: system.cpu: T0 : 0x1093e    : sd s2, 0(a5)               : MemWrite :  D=0xffffffffffffffff A=0x72060
4178000: system.cpu: T0 : 0x10942    : addi a5, s1, -96           : IntAlu :  D=0x0000000000072068
4179000: system.cpu: T0 : 0x10946    : sd s2, 0(a5)               : MemWrite :  D=0xffffffffffffffff A=0x72068
4180000: system.cpu: T0 : 0x1094a    : addi a5, s1, -88           : IntAlu :  D=0x0000000000072070
4181000: system.cpu: T0 : 0x1094e    : sd s2, 0(a5)               : MemWrite :  D=0xffffffffffffffff A=0x72070
4182000: system.cpu: T0 : 0x10952    : addi a5, s1, -80           : IntAlu :  D=0x0000000000072078
4183000: system.cpu: T0 : 0x10956    : sd s2, 0(a5)               : MemWrite :  D=0xffffffffffffffff A=0x72078
4184000: system.cpu: T0 : 0x1095a    : addi a5, s1, -72           : IntAlu :  D=0x0000000000072080
4185000: system.cpu: T0 : 0x1095e    : sd s2, 0(a5)               : MemWrite :  D=0xffffffffffffffff A=0x72080
4186000: system.cpu: T0 : 0x10962    : addi a5, s1, -64           : IntAlu :  D=0x0000000000072088
4187000: system.cpu: T0 : 0x10966    : sd s2, 0(a5)               : MemWrite :  D=0xffffffffffffffff A=0x72088
4188000: system.cpu: T0 : 0x1096a    : addi a5, s1, -56           : IntAlu :  D=0x0000000000072090
4189000: system.cpu: T0 : 0x1096e    : sd s2, 0(a5)               : MemWrite :  D=0xffffffffffffffff A=0x72090
4190000: system.cpu: T0 : 0x10972    : addi a5, s1, -48           : IntAlu :  D=0x0000000000072098
4191000: system.cpu: T0 : 0x10976    : sd s2, 0(a5)               : MemWrite :  D=0xffffffffffffffff A=0x72098
4192000: system.cpu: T0 : 0x1097a    : addi a5, s1, -40           : IntAlu :  D=0x00000000000720a0
4193000: system.cpu: T0 : 0x1097e    : sd s2, 0(a5)               : MemWrite :  D=0xffffffffffffffff A=0x720a0
4194000: system.cpu: T0 : 0x10982    : addi a5, s1, -32           : IntAlu :  D=0x00000000000720a8
4195000: system.cpu: T0 : 0x10986    : sd s2, 0(a5)               : MemWrite :  D=0xffffffffffffffff A=0x720a8
4196000: system.cpu: T0 : 0x1098a    : addi a5, s1, -24           : IntAlu :  D=0x00000000000720b0
4197000: system.cpu: T0 : 0x1098e    : sd s2, 0(a5)               : MemWrite :  D=0xffffffffffffffff A=0x720b0
4198000: system.cpu: T0 : 0x10992    : addi a5, s1, -16           : IntAlu :  D=0x00000000000720b8
4199000: system.cpu: T0 : 0x10996    : sd s2, 0(a5)               : MemWrite :  D=0xffffffffffffffff A=0x720b8
4200000: system.cpu: T0 : 0x1099a    : addi a5, s1, -8            : IntAlu :  D=0x00000000000720c0
4201000: system.cpu: T0 : 0x1099e    : sd s2, 0(a5)               : MemWrite :  D=0xffffffffffffffff A=0x720c0
4202000: system.cpu: T0 : 0x109a2    : addi s1, s1, -128          : IntAlu :  D=0x0000000000072048
4202500: system.cpu: T0 : 0x109a6    : c_addi s3, -16             : IntAlu :  D=0x00000000000000a1
4203000: system.cpu: T0 : 0x109a8    : bge s3, zero, -134         : IntAlu : 
4204000: system.cpu: T0 : 0x10922    : addi a5, s1, -128          : IntAlu :  D=0x0000000000071fc8
4205000: system.cpu: T0 : 0x10926    : sd s2, 0(a5)               : MemWrite :  D=0xffffffffffffffff A=0x71fc8
4206000: system.cpu: T0 : 0x1092a    : addi a5, s1, -120          : IntAlu :  D=0x0000000000071fd0
4207000: system.cpu: T0 : 0x1092e    : sd s2, 0(a5)               : MemWrite :  D=0xffffffffffffffff A=0x71fd0
4208000: system.cpu: T0 : 0x10932    : addi a5, s1, -112          : IntAlu :  D=0x0000000000071fd8
4209000: system.cpu: T0 : 0x10936    : sd s2, 0(a5)               : MemWrite :  D=0xffffffffffffffff A=0x71fd8
4210000: system.cpu: T0 : 0x1093a    : addi a5, s1, -104          : IntAlu :  D=0x0000000000071fe0
4211000: system.cpu: T0 : 0x1093e    : sd s2, 0(a5)               : MemWrite :  D=0xffffffffffffffff A=0x71fe0
4212000: system.cpu: T0 : 0x10942    : addi a5, s1, -96           : IntAlu :  D=0x0000000000071fe8
4213000: system.cpu: T0 : 0x10946    : sd s2, 0(a5)               : MemWrite :  D=0xffffffffffffffff A=0x71fe8
4214000: system.cpu: T0 : 0x1094a    : addi a5, s1, -88           : IntAlu :  D=0x0000000000071ff0
4215000: system.cpu: T0 : 0x1094e    : sd s2, 0(a5)               : MemWrite :  D=0xffffffffffffffff A=0x71ff0
4216000: system.cpu: T0 : 0x10952    : addi a5, s1, -80           : IntAlu :  D=0x0000000000071ff8
4217000: system.cpu: T0 : 0x10956    : sd s2, 0(a5)               : MemWrite :  D=0xffffffffffffffff A=0x71ff8
4218000: system.cpu: T0 : 0x1095a    : addi a5, s1, -72           : IntAlu :  D=0x0000000000072000
4219000: system.cpu: T0 : 0x1095e    : sd s2, 0(a5)               : MemWrite :  D=0xffffffffffffffff A=0x72000
4220000: system.cpu: T0 : 0x10962    : addi a5, s1, -64           : IntAlu :  D=0x0000000000072008
4221000: system.cpu: T0 : 0x10966    : sd s2, 0(a5)               : MemWrite :  D=0xffffffffffffffff A=0x72008
4222000: system.cpu: T0 : 0x1096a    : addi a5, s1, -56           : IntAlu :  D=0x0000000000072010
4223000: system.cpu: T0 : 0x1096e    : sd s2, 0(a5)               : MemWrite :  D=0xffffffffffffffff A=0x72010
4224000: system.cpu: T0 : 0x10972    : addi a5, s1, -48           : IntAlu :  D=0x0000000000072018
4225000: system.cpu: T0 : 0x10976    : sd s2, 0(a5)               : MemWrite :  D=0xffffffffffffffff A=0x72018
4226000: system.cpu: T0 : 0x1097a    : addi a5, s1, -40           : IntAlu :  D=0x0000000000072020
4227000: system.cpu: T0 : 0x1097e    : sd s2, 0(a5)               : MemWrite :  D=0xffffffffffffffff A=0x72020
4228000: system.cpu: T0 : 0x10982    : addi a5, s1, -32           : IntAlu :  D=0x0000000000072028
4229000: system.cpu: T0 : 0x10986    : sd s2, 0(a5)               : MemWrite :  D=0xffffffffffffffff A=0x72028
4230000: system.cpu: T0 : 0x1098a    : addi a5, s1, -24           : IntAlu :  D=0x0000000000072030
4231000: system.cpu: T0 : 0x1098e    : sd s2, 0(a5)               : MemWrite :  D=0xffffffffffffffff A=0x72030
4232000: system.cpu: T0 : 0x10992    : addi a5, s1, -16           : IntAlu :  D=0x0000000000072038
4233000: system.cpu: T0 : 0x10996    : sd s2, 0(a5)               : MemWrite :  D=0xffffffffffffffff A=0x72038
4234000: system.cpu: T0 : 0x1099a    : addi a5, s1, -8            : IntAlu :  D=0x0000000000072040
4235000: system.cpu: T0 : 0x1099e    : sd s2, 0(a5)               : MemWrite :  D=0xffffffffffffffff A=0x72040
4236000: system.cpu: T0 : 0x109a2    : addi s1, s1, -128          : IntAlu :  D=0x0000000000071fc8
4236500: system.cpu: T0 : 0x109a6    : c_addi s3, -16             : IntAlu :  D=0x0000000000000091
4237000: system.cpu: T0 : 0x109a8    : bge s3, zero, -134         : IntAlu : 
4238000: system.cpu: T0 : 0x10922    : addi a5, s1, -128          : IntAlu :  D=0x0000000000071f48
4239000: system.cpu: T0 : 0x10926    : sd s2, 0(a5)               : MemWrite :  D=0xffffffffffffffff A=0x71f48
4240000: system.cpu: T0 : 0x1092a    : addi a5, s1, -120          : IntAlu :  D=0x0000000000071f50
4241000: system.cpu: T0 : 0x1092e    : sd s2, 0(a5)               : MemWrite :  D=0xffffffffffffffff A=0x71f50
4242000: system.cpu: T0 : 0x10932    : addi a5, s1, -112          : IntAlu :  D=0x0000000000071f58
4243000: system.cpu: T0 : 0x10936    : sd s2, 0(a5)               : MemWrite :  D=0xffffffffffffffff A=0x71f58
4244000: system.cpu: T0 : 0x1093a    : addi a5, s1, -104          : IntAlu :  D=0x0000000000071f60
4245000: system.cpu: T0 : 0x1093e    : sd s2, 0(a5)               : MemWrite :  D=0xffffffffffffffff A=0x71f60
4246000: system.cpu: T0 : 0x10942    : addi a5, s1, -96           : IntAlu :  D=0x0000000000071f68
4247000: system.cpu: T0 : 0x10946    : sd s2, 0(a5)               : MemWrite :  D=0xffffffffffffffff A=0x71f68
4248000: system.cpu: T0 : 0x1094a    : addi a5, s1, -88           : IntAlu :  D=0x0000000000071f70
4249000: system.cpu: T0 : 0x1094e    : sd s2, 0(a5)               : MemWrite :  D=0xffffffffffffffff A=0x71f70
4250000: system.cpu: T0 : 0x10952    : addi a5, s1, -80           : IntAlu :  D=0x0000000000071f78
4251000: system.cpu: T0 : 0x10956    : sd s2, 0(a5)               : MemWrite :  D=0xffffffffffffffff A=0x71f78
4252000: system.cpu: T0 : 0x1095a    : addi a5, s1, -72           : IntAlu :  D=0x0000000000071f80
4253000: system.cpu: T0 : 0x1095e    : sd s2, 0(a5)               : MemWrite :  D=0xffffffffffffffff A=0x71f80
4254000: system.cpu: T0 : 0x10962    : addi a5, s1, -64           : IntAlu :  D=0x0000000000071f88
4255000: system.cpu: T0 : 0x10966    : sd s2, 0(a5)               : MemWrite :  D=0xffffffffffffffff A=0x71f88
4256000: system.cpu: T0 : 0x1096a    : addi a5, s1, -56           : IntAlu :  D=0x0000000000071f90
4257000: system.cpu: T0 : 0x1096e    : sd s2, 0(a5)               : MemWrite :  D=0xffffffffffffffff A=0x71f90
4258000: system.cpu: T0 : 0x10972    : addi a5, s1, -48           : IntAlu :  D=0x0000000000071f98
4259000: system.cpu: T0 : 0x10976    : sd s2, 0(a5)               : MemWrite :  D=0xffffffffffffffff A=0x71f98
4260000: system.cpu: T0 : 0x1097a    : addi a5, s1, -40           : IntAlu :  D=0x0000000000071fa0
4261000: system.cpu: T0 : 0x1097e    : sd s2, 0(a5)               : MemWrite :  D=0xffffffffffffffff A=0x71fa0
4262000: system.cpu: T0 : 0x10982    : addi a5, s1, -32           : IntAlu :  D=0x0000000000071fa8
4263000: system.cpu: T0 : 0x10986    : sd s2, 0(a5)               : MemWrite :  D=0xffffffffffffffff A=0x71fa8
4264000: system.cpu: T0 : 0x1098a    : addi a5, s1, -24           : IntAlu :  D=0x0000000000071fb0
4265000: system.cpu: T0 : 0x1098e    : sd s2, 0(a5)               : MemWrite :  D=0xffffffffffffffff A=0x71fb0
4266000: system.cpu: T0 : 0x10992    : addi a5, s1, -16           : IntAlu :  D=0x0000000000071fb8
4267000: system.cpu: T0 : 0x10996    : sd s2, 0(a5)               : MemWrite :  D=0xffffffffffffffff A=0x71fb8
4268000: system.cpu: T0 : 0x1099a    : addi a5, s1, -8            : IntAlu :  D=0x0000000000071fc0
4269000: system.cpu: T0 : 0x1099e    : sd s2, 0(a5)               : MemWrite :  D=0xffffffffffffffff A=0x71fc0
4270000: system.cpu: T0 : 0x109a2    : addi s1, s1, -128          : IntAlu :  D=0x0000000000071f48
4270500: system.cpu: T0 : 0x109a6    : c_addi s3, -16             : IntAlu :  D=0x0000000000000081
4271000: system.cpu: T0 : 0x109a8    : bge s3, zero, -134         : IntAlu : 
4272000: system.cpu: T0 : 0x10922    : addi a5, s1, -128          : IntAlu :  D=0x0000000000071ec8
4273000: system.cpu: T0 : 0x10926    : sd s2, 0(a5)               : MemWrite :  D=0xffffffffffffffff A=0x71ec8
4274000: system.cpu: T0 : 0x1092a    : addi a5, s1, -120          : IntAlu :  D=0x0000000000071ed0
4275000: system.cpu: T0 : 0x1092e    : sd s2, 0(a5)               : MemWrite :  D=0xffffffffffffffff A=0x71ed0
4276000: system.cpu: T0 : 0x10932    : addi a5, s1, -112          : IntAlu :  D=0x0000000000071ed8
4277000: system.cpu: T0 : 0x10936    : sd s2, 0(a5)               : MemWrite :  D=0xffffffffffffffff A=0x71ed8
4278000: system.cpu: T0 : 0x1093a    : addi a5, s1, -104          : IntAlu :  D=0x0000000000071ee0
4279000: system.cpu: T0 : 0x1093e    : sd s2, 0(a5)               : MemWrite :  D=0xffffffffffffffff A=0x71ee0
4280000: system.cpu: T0 : 0x10942    : addi a5, s1, -96           : IntAlu :  D=0x0000000000071ee8
4281000: system.cpu: T0 : 0x10946    : sd s2, 0(a5)               : MemWrite :  D=0xffffffffffffffff A=0x71ee8
4282000: system.cpu: T0 : 0x1094a    : addi a5, s1, -88           : IntAlu :  D=0x0000000000071ef0
4283000: system.cpu: T0 : 0x1094e    : sd s2, 0(a5)               : MemWrite :  D=0xffffffffffffffff A=0x71ef0
4284000: system.cpu: T0 : 0x10952    : addi a5, s1, -80           : IntAlu :  D=0x0000000000071ef8
4285000: system.cpu: T0 : 0x10956    : sd s2, 0(a5)               : MemWrite :  D=0xffffffffffffffff A=0x71ef8
4286000: system.cpu: T0 : 0x1095a    : addi a5, s1, -72           : IntAlu :  D=0x0000000000071f00
4287000: system.cpu: T0 : 0x1095e    : sd s2, 0(a5)               : MemWrite :  D=0xffffffffffffffff A=0x71f00
4288000: system.cpu: T0 : 0x10962    : addi a5, s1, -64           : IntAlu :  D=0x0000000000071f08
4289000: system.cpu: T0 : 0x10966    : sd s2, 0(a5)               : MemWrite :  D=0xffffffffffffffff A=0x71f08
4290000: system.cpu: T0 : 0x1096a    : addi a5, s1, -56           : IntAlu :  D=0x0000000000071f10
4291000: system.cpu: T0 : 0x1096e    : sd s2, 0(a5)               : MemWrite :  D=0xffffffffffffffff A=0x71f10
4292000: system.cpu: T0 : 0x10972    : addi a5, s1, -48           : IntAlu :  D=0x0000000000071f18
4293000: system.cpu: T0 : 0x10976    : sd s2, 0(a5)               : MemWrite :  D=0xffffffffffffffff A=0x71f18
4294000: system.cpu: T0 : 0x1097a    : addi a5, s1, -40           : IntAlu :  D=0x0000000000071f20
4295000: system.cpu: T0 : 0x1097e    : sd s2, 0(a5)               : MemWrite :  D=0xffffffffffffffff A=0x71f20
4296000: system.cpu: T0 : 0x10982    : addi a5, s1, -32           : IntAlu :  D=0x0000000000071f28
4297000: system.cpu: T0 : 0x10986    : sd s2, 0(a5)               : MemWrite :  D=0xffffffffffffffff A=0x71f28
4298000: system.cpu: T0 : 0x1098a    : addi a5, s1, -24           : IntAlu :  D=0x0000000000071f30
4299000: system.cpu: T0 : 0x1098e    : sd s2, 0(a5)               : MemWrite :  D=0xffffffffffffffff A=0x71f30
4300000: system.cpu: T0 : 0x10992    : addi a5, s1, -16           : IntAlu :  D=0x0000000000071f38
4301000: system.cpu: T0 : 0x10996    : sd s2, 0(a5)               : MemWrite :  D=0xffffffffffffffff A=0x71f38
4302000: system.cpu: T0 : 0x1099a    : addi a5, s1, -8            : IntAlu :  D=0x0000000000071f40
4303000: system.cpu: T0 : 0x1099e    : sd s2, 0(a5)               : MemWrite :  D=0xffffffffffffffff A=0x71f40
4304000: system.cpu: T0 : 0x109a2    : addi s1, s1, -128          : IntAlu :  D=0x0000000000071ec8
4304500: system.cpu: T0 : 0x109a6    : c_addi s3, -16             : IntAlu :  D=0x0000000000000071
4305000: system.cpu: T0 : 0x109a8    : bge s3, zero, -134         : IntAlu : 
4306000: system.cpu: T0 : 0x10922    : addi a5, s1, -128          : IntAlu :  D=0x0000000000071e48
4307000: system.cpu: T0 : 0x10926    : sd s2, 0(a5)               : MemWrite :  D=0xffffffffffffffff A=0x71e48
4308000: system.cpu: T0 : 0x1092a    : addi a5, s1, -120          : IntAlu :  D=0x0000000000071e50
4309000: system.cpu: T0 : 0x1092e    : sd s2, 0(a5)               : MemWrite :  D=0xffffffffffffffff A=0x71e50
4310000: system.cpu: T0 : 0x10932    : addi a5, s1, -112          : IntAlu :  D=0x0000000000071e58
4311000: system.cpu: T0 : 0x10936    : sd s2, 0(a5)               : MemWrite :  D=0xffffffffffffffff A=0x71e58
4312000: system.cpu: T0 : 0x1093a    : addi a5, s1, -104          : IntAlu :  D=0x0000000000071e60
4313000: system.cpu: T0 : 0x1093e    : sd s2, 0(a5)               : MemWrite :  D=0xffffffffffffffff A=0x71e60
4314000: system.cpu: T0 : 0x10942    : addi a5, s1, -96           : IntAlu :  D=0x0000000000071e68
4315000: system.cpu: T0 : 0x10946    : sd s2, 0(a5)               : MemWrite :  D=0xffffffffffffffff A=0x71e68
4316000: system.cpu: T0 : 0x1094a    : addi a5, s1, -88           : IntAlu :  D=0x0000000000071e70
4317000: system.cpu: T0 : 0x1094e    : sd s2, 0(a5)               : MemWrite :  D=0xffffffffffffffff A=0x71e70
4318000: system.cpu: T0 : 0x10952    : addi a5, s1, -80           : IntAlu :  D=0x0000000000071e78
4319000: system.cpu: T0 : 0x10956    : sd s2, 0(a5)               : MemWrite :  D=0xffffffffffffffff A=0x71e78
4320000: system.cpu: T0 : 0x1095a    : addi a5, s1, -72           : IntAlu :  D=0x0000000000071e80
4321000: system.cpu: T0 : 0x1095e    : sd s2, 0(a5)               : MemWrite :  D=0xffffffffffffffff A=0x71e80
4322000: system.cpu: T0 : 0x10962    : addi a5, s1, -64           : IntAlu :  D=0x0000000000071e88
4323000: system.cpu: T0 : 0x10966    : sd s2, 0(a5)               : MemWrite :  D=0xffffffffffffffff A=0x71e88
4324000: system.cpu: T0 : 0x1096a    : addi a5, s1, -56           : IntAlu :  D=0x0000000000071e90
4325000: system.cpu: T0 : 0x1096e    : sd s2, 0(a5)               : MemWrite :  D=0xffffffffffffffff A=0x71e90
4326000: system.cpu: T0 : 0x10972    : addi a5, s1, -48           : IntAlu :  D=0x0000000000071e98
4327000: system.cpu: T0 : 0x10976    : sd s2, 0(a5)               : MemWrite :  D=0xffffffffffffffff A=0x71e98
4328000: system.cpu: T0 : 0x1097a    : addi a5, s1, -40           : IntAlu :  D=0x0000000000071ea0
4329000: system.cpu: T0 : 0x1097e    : sd s2, 0(a5)               : MemWrite :  D=0xffffffffffffffff A=0x71ea0
4330000: system.cpu: T0 : 0x10982    : addi a5, s1, -32           : IntAlu :  D=0x0000000000071ea8
4331000: system.cpu: T0 : 0x10986    : sd s2, 0(a5)               : MemWrite :  D=0xffffffffffffffff A=0x71ea8
4332000: system.cpu: T0 : 0x1098a    : addi a5, s1, -24           : IntAlu :  D=0x0000000000071eb0
4333000: system.cpu: T0 : 0x1098e    : sd s2, 0(a5)               : MemWrite :  D=0xffffffffffffffff A=0x71eb0
4334000: system.cpu: T0 : 0x10992    : addi a5, s1, -16           : IntAlu :  D=0x0000000000071eb8
4335000: system.cpu: T0 : 0x10996    : sd s2, 0(a5)               : MemWrite :  D=0xffffffffffffffff A=0x71eb8
4336000: system.cpu: T0 : 0x1099a    : addi a5, s1, -8            : IntAlu :  D=0x0000000000071ec0
4337000: system.cpu: T0 : 0x1099e    : sd s2, 0(a5)               : MemWrite :  D=0xffffffffffffffff A=0x71ec0
4338000: system.cpu: T0 : 0x109a2    : addi s1, s1, -128          : IntAlu :  D=0x0000000000071e48
4338500: system.cpu: T0 : 0x109a6    : c_addi s3, -16             : IntAlu :  D=0x0000000000000061
4339000: system.cpu: T0 : 0x109a8    : bge s3, zero, -134         : IntAlu : 
4340000: system.cpu: T0 : 0x10922    : addi a5, s1, -128          : IntAlu :  D=0x0000000000071dc8
4341000: system.cpu: T0 : 0x10926    : sd s2, 0(a5)               : MemWrite :  D=0xffffffffffffffff A=0x71dc8
4342000: system.cpu: T0 : 0x1092a    : addi a5, s1, -120          : IntAlu :  D=0x0000000000071dd0
4343000: system.cpu: T0 : 0x1092e    : sd s2, 0(a5)               : MemWrite :  D=0xffffffffffffffff A=0x71dd0
4344000: system.cpu: T0 : 0x10932    : addi a5, s1, -112          : IntAlu :  D=0x0000000000071dd8
4345000: system.cpu: T0 : 0x10936    : sd s2, 0(a5)               : MemWrite :  D=0xffffffffffffffff A=0x71dd8
4346000: system.cpu: T0 : 0x1093a    : addi a5, s1, -104          : IntAlu :  D=0x0000000000071de0
4347000: system.cpu: T0 : 0x1093e    : sd s2, 0(a5)               : MemWrite :  D=0xffffffffffffffff A=0x71de0
4348000: system.cpu: T0 : 0x10942    : addi a5, s1, -96           : IntAlu :  D=0x0000000000071de8
4349000: system.cpu: T0 : 0x10946    : sd s2, 0(a5)               : MemWrite :  D=0xffffffffffffffff A=0x71de8
4350000: system.cpu: T0 : 0x1094a    : addi a5, s1, -88           : IntAlu :  D=0x0000000000071df0
4351000: system.cpu: T0 : 0x1094e    : sd s2, 0(a5)               : MemWrite :  D=0xffffffffffffffff A=0x71df0
4352000: system.cpu: T0 : 0x10952    : addi a5, s1, -80           : IntAlu :  D=0x0000000000071df8
4353000: system.cpu: T0 : 0x10956    : sd s2, 0(a5)               : MemWrite :  D=0xffffffffffffffff A=0x71df8
4354000: system.cpu: T0 : 0x1095a    : addi a5, s1, -72           : IntAlu :  D=0x0000000000071e00
4355000: system.cpu: T0 : 0x1095e    : sd s2, 0(a5)               : MemWrite :  D=0xffffffffffffffff A=0x71e00
4356000: system.cpu: T0 : 0x10962    : addi a5, s1, -64           : IntAlu :  D=0x0000000000071e08
4357000: system.cpu: T0 : 0x10966    : sd s2, 0(a5)               : MemWrite :  D=0xffffffffffffffff A=0x71e08
4358000: system.cpu: T0 : 0x1096a    : addi a5, s1, -56           : IntAlu :  D=0x0000000000071e10
4359000: system.cpu: T0 : 0x1096e    : sd s2, 0(a5)               : MemWrite :  D=0xffffffffffffffff A=0x71e10
4360000: system.cpu: T0 : 0x10972    : addi a5, s1, -48           : IntAlu :  D=0x0000000000071e18
4361000: system.cpu: T0 : 0x10976    : sd s2, 0(a5)               : MemWrite :  D=0xffffffffffffffff A=0x71e18
4362000: system.cpu: T0 : 0x1097a    : addi a5, s1, -40           : IntAlu :  D=0x0000000000071e20
4363000: system.cpu: T0 : 0x1097e    : sd s2, 0(a5)               : MemWrite :  D=0xffffffffffffffff A=0x71e20
4364000: system.cpu: T0 : 0x10982    : addi a5, s1, -32           : IntAlu :  D=0x0000000000071e28
4365000: system.cpu: T0 : 0x10986    : sd s2, 0(a5)               : MemWrite :  D=0xffffffffffffffff A=0x71e28
4366000: system.cpu: T0 : 0x1098a    : addi a5, s1, -24           : IntAlu :  D=0x0000000000071e30
4367000: system.cpu: T0 : 0x1098e    : sd s2, 0(a5)               : MemWrite :  D=0xffffffffffffffff A=0x71e30
4368000: system.cpu: T0 : 0x10992    : addi a5, s1, -16           : IntAlu :  D=0x0000000000071e38
4369000: system.cpu: T0 : 0x10996    : sd s2, 0(a5)               : MemWrite :  D=0xffffffffffffffff A=0x71e38
4370000: system.cpu: T0 : 0x1099a    : addi a5, s1, -8            : IntAlu :  D=0x0000000000071e40
4371000: system.cpu: T0 : 0x1099e    : sd s2, 0(a5)               : MemWrite :  D=0xffffffffffffffff A=0x71e40
4372000: system.cpu: T0 : 0x109a2    : addi s1, s1, -128          : IntAlu :  D=0x0000000000071dc8
4372500: system.cpu: T0 : 0x109a6    : c_addi s3, -16             : IntAlu :  D=0x0000000000000051
4373000: system.cpu: T0 : 0x109a8    : bge s3, zero, -134         : IntAlu : 
4374000: system.cpu: T0 : 0x10922    : addi a5, s1, -128          : IntAlu :  D=0x0000000000071d48
4375000: system.cpu: T0 : 0x10926    : sd s2, 0(a5)               : MemWrite :  D=0xffffffffffffffff A=0x71d48
4376000: system.cpu: T0 : 0x1092a    : addi a5, s1, -120          : IntAlu :  D=0x0000000000071d50
4377000: system.cpu: T0 : 0x1092e    : sd s2, 0(a5)               : MemWrite :  D=0xffffffffffffffff A=0x71d50
4378000: system.cpu: T0 : 0x10932    : addi a5, s1, -112          : IntAlu :  D=0x0000000000071d58
4379000: system.cpu: T0 : 0x10936    : sd s2, 0(a5)               : MemWrite :  D=0xffffffffffffffff A=0x71d58
4380000: system.cpu: T0 : 0x1093a    : addi a5, s1, -104          : IntAlu :  D=0x0000000000071d60
4381000: system.cpu: T0 : 0x1093e    : sd s2, 0(a5)               : MemWrite :  D=0xffffffffffffffff A=0x71d60
4382000: system.cpu: T0 : 0x10942    : addi a5, s1, -96           : IntAlu :  D=0x0000000000071d68
4383000: system.cpu: T0 : 0x10946    : sd s2, 0(a5)               : MemWrite :  D=0xffffffffffffffff A=0x71d68
4384000: system.cpu: T0 : 0x1094a    : addi a5, s1, -88           : IntAlu :  D=0x0000000000071d70
4385000: system.cpu: T0 : 0x1094e    : sd s2, 0(a5)               : MemWrite :  D=0xffffffffffffffff A=0x71d70
4386000: system.cpu: T0 : 0x10952    : addi a5, s1, -80           : IntAlu :  D=0x0000000000071d78
4387000: system.cpu: T0 : 0x10956    : sd s2, 0(a5)               : MemWrite :  D=0xffffffffffffffff A=0x71d78
4388000: system.cpu: T0 : 0x1095a    : addi a5, s1, -72           : IntAlu :  D=0x0000000000071d80
4389000: system.cpu: T0 : 0x1095e    : sd s2, 0(a5)               : MemWrite :  D=0xffffffffffffffff A=0x71d80
4390000: system.cpu: T0 : 0x10962    : addi a5, s1, -64           : IntAlu :  D=0x0000000000071d88
4391000: system.cpu: T0 : 0x10966    : sd s2, 0(a5)               : MemWrite :  D=0xffffffffffffffff A=0x71d88
4392000: system.cpu: T0 : 0x1096a    : addi a5, s1, -56           : IntAlu :  D=0x0000000000071d90
4393000: system.cpu: T0 : 0x1096e    : sd s2, 0(a5)               : MemWrite :  D=0xffffffffffffffff A=0x71d90
4394000: system.cpu: T0 : 0x10972    : addi a5, s1, -48           : IntAlu :  D=0x0000000000071d98
4395000: system.cpu: T0 : 0x10976    : sd s2, 0(a5)               : MemWrite :  D=0xffffffffffffffff A=0x71d98
4396000: system.cpu: T0 : 0x1097a    : addi a5, s1, -40           : IntAlu :  D=0x0000000000071da0
4397000: system.cpu: T0 : 0x1097e    : sd s2, 0(a5)               : MemWrite :  D=0xffffffffffffffff A=0x71da0
4398000: system.cpu: T0 : 0x10982    : addi a5, s1, -32           : IntAlu :  D=0x0000000000071da8
4399000: system.cpu: T0 : 0x10986    : sd s2, 0(a5)               : MemWrite :  D=0xffffffffffffffff A=0x71da8
4400000: system.cpu: T0 : 0x1098a    : addi a5, s1, -24           : IntAlu :  D=0x0000000000071db0
4401000: system.cpu: T0 : 0x1098e    : sd s2, 0(a5)               : MemWrite :  D=0xffffffffffffffff A=0x71db0
4402000: system.cpu: T0 : 0x10992    : addi a5, s1, -16           : IntAlu :  D=0x0000000000071db8
4403000: system.cpu: T0 : 0x10996    : sd s2, 0(a5)               : MemWrite :  D=0xffffffffffffffff A=0x71db8
4404000: system.cpu: T0 : 0x1099a    : addi a5, s1, -8            : IntAlu :  D=0x0000000000071dc0
4405000: system.cpu: T0 : 0x1099e    : sd s2, 0(a5)               : MemWrite :  D=0xffffffffffffffff A=0x71dc0
4406000: system.cpu: T0 : 0x109a2    : addi s1, s1, -128          : IntAlu :  D=0x0000000000071d48
4406500: system.cpu: T0 : 0x109a6    : c_addi s3, -16             : IntAlu :  D=0x0000000000000041
4407000: system.cpu: T0 : 0x109a8    : bge s3, zero, -134         : IntAlu : 
4408000: system.cpu: T0 : 0x10922    : addi a5, s1, -128          : IntAlu :  D=0x0000000000071cc8
4409000: system.cpu: T0 : 0x10926    : sd s2, 0(a5)               : MemWrite :  D=0xffffffffffffffff A=0x71cc8
4410000: system.cpu: T0 : 0x1092a    : addi a5, s1, -120          : IntAlu :  D=0x0000000000071cd0
4411000: system.cpu: T0 : 0x1092e    : sd s2, 0(a5)               : MemWrite :  D=0xffffffffffffffff A=0x71cd0
4412000: system.cpu: T0 : 0x10932    : addi a5, s1, -112          : IntAlu :  D=0x0000000000071cd8
4413000: system.cpu: T0 : 0x10936    : sd s2, 0(a5)               : MemWrite :  D=0xffffffffffffffff A=0x71cd8
4414000: system.cpu: T0 : 0x1093a    : addi a5, s1, -104          : IntAlu :  D=0x0000000000071ce0
4415000: system.cpu: T0 : 0x1093e    : sd s2, 0(a5)               : MemWrite :  D=0xffffffffffffffff A=0x71ce0
4416000: system.cpu: T0 : 0x10942    : addi a5, s1, -96           : IntAlu :  D=0x0000000000071ce8
4417000: system.cpu: T0 : 0x10946    : sd s2, 0(a5)               : MemWrite :  D=0xffffffffffffffff A=0x71ce8
4418000: system.cpu: T0 : 0x1094a    : addi a5, s1, -88           : IntAlu :  D=0x0000000000071cf0
4419000: system.cpu: T0 : 0x1094e    : sd s2, 0(a5)               : MemWrite :  D=0xffffffffffffffff A=0x71cf0
4420000: system.cpu: T0 : 0x10952    : addi a5, s1, -80           : IntAlu :  D=0x0000000000071cf8
4421000: system.cpu: T0 : 0x10956    : sd s2, 0(a5)               : MemWrite :  D=0xffffffffffffffff A=0x71cf8
4422000: system.cpu: T0 : 0x1095a    : addi a5, s1, -72           : IntAlu :  D=0x0000000000071d00
4423000: system.cpu: T0 : 0x1095e    : sd s2, 0(a5)               : MemWrite :  D=0xffffffffffffffff A=0x71d00
4424000: system.cpu: T0 : 0x10962    : addi a5, s1, -64           : IntAlu :  D=0x0000000000071d08
4425000: system.cpu: T0 : 0x10966    : sd s2, 0(a5)               : MemWrite :  D=0xffffffffffffffff A=0x71d08
4426000: system.cpu: T0 : 0x1096a    : addi a5, s1, -56           : IntAlu :  D=0x0000000000071d10
4427000: system.cpu: T0 : 0x1096e    : sd s2, 0(a5)               : MemWrite :  D=0xffffffffffffffff A=0x71d10
4428000: system.cpu: T0 : 0x10972    : addi a5, s1, -48           : IntAlu :  D=0x0000000000071d18
4429000: system.cpu: T0 : 0x10976    : sd s2, 0(a5)               : MemWrite :  D=0xffffffffffffffff A=0x71d18
4430000: system.cpu: T0 : 0x1097a    : addi a5, s1, -40           : IntAlu :  D=0x0000000000071d20
4431000: system.cpu: T0 : 0x1097e    : sd s2, 0(a5)               : MemWrite :  D=0xffffffffffffffff A=0x71d20
4432000: system.cpu: T0 : 0x10982    : addi a5, s1, -32           : IntAlu :  D=0x0000000000071d28
4433000: system.cpu: T0 : 0x10986    : sd s2, 0(a5)               : MemWrite :  D=0xffffffffffffffff A=0x71d28
4434000: system.cpu: T0 : 0x1098a    : addi a5, s1, -24           : IntAlu :  D=0x0000000000071d30
4435000: system.cpu: T0 : 0x1098e    : sd s2, 0(a5)               : MemWrite :  D=0xffffffffffffffff A=0x71d30
4436000: system.cpu: T0 : 0x10992    : addi a5, s1, -16           : IntAlu :  D=0x0000000000071d38
4437000: system.cpu: T0 : 0x10996    : sd s2, 0(a5)               : MemWrite :  D=0xffffffffffffffff A=0x71d38
4438000: system.cpu: T0 : 0x1099a    : addi a5, s1, -8            : IntAlu :  D=0x0000000000071d40
4439000: system.cpu: T0 : 0x1099e    : sd s2, 0(a5)               : MemWrite :  D=0xffffffffffffffff A=0x71d40
4440000: system.cpu: T0 : 0x109a2    : addi s1, s1, -128          : IntAlu :  D=0x0000000000071cc8
4440500: system.cpu: T0 : 0x109a6    : c_addi s3, -16             : IntAlu :  D=0x0000000000000031
4441000: system.cpu: T0 : 0x109a8    : bge s3, zero, -134         : IntAlu : 
4442000: system.cpu: T0 : 0x10922    : addi a5, s1, -128          : IntAlu :  D=0x0000000000071c48
4443000: system.cpu: T0 : 0x10926    : sd s2, 0(a5)               : MemWrite :  D=0xffffffffffffffff A=0x71c48
4444000: system.cpu: T0 : 0x1092a    : addi a5, s1, -120          : IntAlu :  D=0x0000000000071c50
4445000: system.cpu: T0 : 0x1092e    : sd s2, 0(a5)               : MemWrite :  D=0xffffffffffffffff A=0x71c50
4446000: system.cpu: T0 : 0x10932    : addi a5, s1, -112          : IntAlu :  D=0x0000000000071c58
4447000: system.cpu: T0 : 0x10936    : sd s2, 0(a5)               : MemWrite :  D=0xffffffffffffffff A=0x71c58
4448000: system.cpu: T0 : 0x1093a    : addi a5, s1, -104          : IntAlu :  D=0x0000000000071c60
4449000: system.cpu: T0 : 0x1093e    : sd s2, 0(a5)               : MemWrite :  D=0xffffffffffffffff A=0x71c60
4450000: system.cpu: T0 : 0x10942    : addi a5, s1, -96           : IntAlu :  D=0x0000000000071c68
4451000: system.cpu: T0 : 0x10946    : sd s2, 0(a5)               : MemWrite :  D=0xffffffffffffffff A=0x71c68
4452000: system.cpu: T0 : 0x1094a    : addi a5, s1, -88           : IntAlu :  D=0x0000000000071c70
4453000: system.cpu: T0 : 0x1094e    : sd s2, 0(a5)               : MemWrite :  D=0xffffffffffffffff A=0x71c70
4454000: system.cpu: T0 : 0x10952    : addi a5, s1, -80           : IntAlu :  D=0x0000000000071c78
4455000: system.cpu: T0 : 0x10956    : sd s2, 0(a5)               : MemWrite :  D=0xffffffffffffffff A=0x71c78
4456000: system.cpu: T0 : 0x1095a    : addi a5, s1, -72           : IntAlu :  D=0x0000000000071c80
4457000: system.cpu: T0 : 0x1095e    : sd s2, 0(a5)               : MemWrite :  D=0xffffffffffffffff A=0x71c80
4458000: system.cpu: T0 : 0x10962    : addi a5, s1, -64           : IntAlu :  D=0x0000000000071c88
4459000: system.cpu: T0 : 0x10966    : sd s2, 0(a5)               : MemWrite :  D=0xffffffffffffffff A=0x71c88
4460000: system.cpu: T0 : 0x1096a    : addi a5, s1, -56           : IntAlu :  D=0x0000000000071c90
4461000: system.cpu: T0 : 0x1096e    : sd s2, 0(a5)               : MemWrite :  D=0xffffffffffffffff A=0x71c90
4462000: system.cpu: T0 : 0x10972    : addi a5, s1, -48           : IntAlu :  D=0x0000000000071c98
4463000: system.cpu: T0 : 0x10976    : sd s2, 0(a5)               : MemWrite :  D=0xffffffffffffffff A=0x71c98
4464000: system.cpu: T0 : 0x1097a    : addi a5, s1, -40           : IntAlu :  D=0x0000000000071ca0
4465000: system.cpu: T0 : 0x1097e    : sd s2, 0(a5)               : MemWrite :  D=0xffffffffffffffff A=0x71ca0
4466000: system.cpu: T0 : 0x10982    : addi a5, s1, -32           : IntAlu :  D=0x0000000000071ca8
4467000: system.cpu: T0 : 0x10986    : sd s2, 0(a5)               : MemWrite :  D=0xffffffffffffffff A=0x71ca8
4468000: system.cpu: T0 : 0x1098a    : addi a5, s1, -24           : IntAlu :  D=0x0000000000071cb0
4469000: system.cpu: T0 : 0x1098e    : sd s2, 0(a5)               : MemWrite :  D=0xffffffffffffffff A=0x71cb0
4470000: system.cpu: T0 : 0x10992    : addi a5, s1, -16           : IntAlu :  D=0x0000000000071cb8
4471000: system.cpu: T0 : 0x10996    : sd s2, 0(a5)               : MemWrite :  D=0xffffffffffffffff A=0x71cb8
4472000: system.cpu: T0 : 0x1099a    : addi a5, s1, -8            : IntAlu :  D=0x0000000000071cc0
4473000: system.cpu: T0 : 0x1099e    : sd s2, 0(a5)               : MemWrite :  D=0xffffffffffffffff A=0x71cc0
4474000: system.cpu: T0 : 0x109a2    : addi s1, s1, -128          : IntAlu :  D=0x0000000000071c48
4474500: system.cpu: T0 : 0x109a6    : c_addi s3, -16             : IntAlu :  D=0x0000000000000021
4475000: system.cpu: T0 : 0x109a8    : bge s3, zero, -134         : IntAlu : 
4476000: system.cpu: T0 : 0x10922    : addi a5, s1, -128          : IntAlu :  D=0x0000000000071bc8
4477000: system.cpu: T0 : 0x10926    : sd s2, 0(a5)               : MemWrite :  D=0xffffffffffffffff A=0x71bc8
4478000: system.cpu: T0 : 0x1092a    : addi a5, s1, -120          : IntAlu :  D=0x0000000000071bd0
4479000: system.cpu: T0 : 0x1092e    : sd s2, 0(a5)               : MemWrite :  D=0xffffffffffffffff A=0x71bd0
4480000: system.cpu: T0 : 0x10932    : addi a5, s1, -112          : IntAlu :  D=0x0000000000071bd8
4481000: system.cpu: T0 : 0x10936    : sd s2, 0(a5)               : MemWrite :  D=0xffffffffffffffff A=0x71bd8
4482000: system.cpu: T0 : 0x1093a    : addi a5, s1, -104          : IntAlu :  D=0x0000000000071be0
4483000: system.cpu: T0 : 0x1093e    : sd s2, 0(a5)               : MemWrite :  D=0xffffffffffffffff A=0x71be0
4484000: system.cpu: T0 : 0x10942    : addi a5, s1, -96           : IntAlu :  D=0x0000000000071be8
4485000: system.cpu: T0 : 0x10946    : sd s2, 0(a5)               : MemWrite :  D=0xffffffffffffffff A=0x71be8
4486000: system.cpu: T0 : 0x1094a    : addi a5, s1, -88           : IntAlu :  D=0x0000000000071bf0
4487000: system.cpu: T0 : 0x1094e    : sd s2, 0(a5)               : MemWrite :  D=0xffffffffffffffff A=0x71bf0
4488000: system.cpu: T0 : 0x10952    : addi a5, s1, -80           : IntAlu :  D=0x0000000000071bf8
4489000: system.cpu: T0 : 0x10956    : sd s2, 0(a5)               : MemWrite :  D=0xffffffffffffffff A=0x71bf8
4490000: system.cpu: T0 : 0x1095a    : addi a5, s1, -72           : IntAlu :  D=0x0000000000071c00
4491000: system.cpu: T0 : 0x1095e    : sd s2, 0(a5)               : MemWrite :  D=0xffffffffffffffff A=0x71c00
4492000: system.cpu: T0 : 0x10962    : addi a5, s1, -64           : IntAlu :  D=0x0000000000071c08
4493000: system.cpu: T0 : 0x10966    : sd s2, 0(a5)               : MemWrite :  D=0xffffffffffffffff A=0x71c08
4494000: system.cpu: T0 : 0x1096a    : addi a5, s1, -56           : IntAlu :  D=0x0000000000071c10
4495000: system.cpu: T0 : 0x1096e    : sd s2, 0(a5)               : MemWrite :  D=0xffffffffffffffff A=0x71c10
4496000: system.cpu: T0 : 0x10972    : addi a5, s1, -48           : IntAlu :  D=0x0000000000071c18
4497000: system.cpu: T0 : 0x10976    : sd s2, 0(a5)               : MemWrite :  D=0xffffffffffffffff A=0x71c18
4498000: system.cpu: T0 : 0x1097a    : addi a5, s1, -40           : IntAlu :  D=0x0000000000071c20
4499000: system.cpu: T0 : 0x1097e    : sd s2, 0(a5)               : MemWrite :  D=0xffffffffffffffff A=0x71c20
4500000: system.cpu: T0 : 0x10982    : addi a5, s1, -32           : IntAlu :  D=0x0000000000071c28
4501000: system.cpu: T0 : 0x10986    : sd s2, 0(a5)               : MemWrite :  D=0xffffffffffffffff A=0x71c28
4502000: system.cpu: T0 : 0x1098a    : addi a5, s1, -24           : IntAlu :  D=0x0000000000071c30
4503000: system.cpu: T0 : 0x1098e    : sd s2, 0(a5)               : MemWrite :  D=0xffffffffffffffff A=0x71c30
4504000: system.cpu: T0 : 0x10992    : addi a5, s1, -16           : IntAlu :  D=0x0000000000071c38
4505000: system.cpu: T0 : 0x10996    : sd s2, 0(a5)               : MemWrite :  D=0xffffffffffffffff A=0x71c38
4506000: system.cpu: T0 : 0x1099a    : addi a5, s1, -8            : IntAlu :  D=0x0000000000071c40
4507000: system.cpu: T0 : 0x1099e    : sd s2, 0(a5)               : MemWrite :  D=0xffffffffffffffff A=0x71c40
4508000: system.cpu: T0 : 0x109a2    : addi s1, s1, -128          : IntAlu :  D=0x0000000000071bc8
4508500: system.cpu: T0 : 0x109a6    : c_addi s3, -16             : IntAlu :  D=0x0000000000000011
4509000: system.cpu: T0 : 0x109a8    : bge s3, zero, -134         : IntAlu : 
4510000: system.cpu: T0 : 0x10922    : addi a5, s1, -128          : IntAlu :  D=0x0000000000071b48
4511000: system.cpu: T0 : 0x10926    : sd s2, 0(a5)               : MemWrite :  D=0xffffffffffffffff A=0x71b48
4512000: system.cpu: T0 : 0x1092a    : addi a5, s1, -120          : IntAlu :  D=0x0000000000071b50
4513000: system.cpu: T0 : 0x1092e    : sd s2, 0(a5)               : MemWrite :  D=0xffffffffffffffff A=0x71b50
4514000: system.cpu: T0 : 0x10932    : addi a5, s1, -112          : IntAlu :  D=0x0000000000071b58
4515000: system.cpu: T0 : 0x10936    : sd s2, 0(a5)               : MemWrite :  D=0xffffffffffffffff A=0x71b58
4516000: system.cpu: T0 : 0x1093a    : addi a5, s1, -104          : IntAlu :  D=0x0000000000071b60
4517000: system.cpu: T0 : 0x1093e    : sd s2, 0(a5)               : MemWrite :  D=0xffffffffffffffff A=0x71b60
4518000: system.cpu: T0 : 0x10942    : addi a5, s1, -96           : IntAlu :  D=0x0000000000071b68
4519000: system.cpu: T0 : 0x10946    : sd s2, 0(a5)               : MemWrite :  D=0xffffffffffffffff A=0x71b68
4520000: system.cpu: T0 : 0x1094a    : addi a5, s1, -88           : IntAlu :  D=0x0000000000071b70
4521000: system.cpu: T0 : 0x1094e    : sd s2, 0(a5)               : MemWrite :  D=0xffffffffffffffff A=0x71b70
4522000: system.cpu: T0 : 0x10952    : addi a5, s1, -80           : IntAlu :  D=0x0000000000071b78
4523000: system.cpu: T0 : 0x10956    : sd s2, 0(a5)               : MemWrite :  D=0xffffffffffffffff A=0x71b78
4524000: system.cpu: T0 : 0x1095a    : addi a5, s1, -72           : IntAlu :  D=0x0000000000071b80
4525000: system.cpu: T0 : 0x1095e    : sd s2, 0(a5)               : MemWrite :  D=0xffffffffffffffff A=0x71b80
4526000: system.cpu: T0 : 0x10962    : addi a5, s1, -64           : IntAlu :  D=0x0000000000071b88
4527000: system.cpu: T0 : 0x10966    : sd s2, 0(a5)               : MemWrite :  D=0xffffffffffffffff A=0x71b88
4528000: system.cpu: T0 : 0x1096a    : addi a5, s1, -56           : IntAlu :  D=0x0000000000071b90
4529000: system.cpu: T0 : 0x1096e    : sd s2, 0(a5)               : MemWrite :  D=0xffffffffffffffff A=0x71b90
4530000: system.cpu: T0 : 0x10972    : addi a5, s1, -48           : IntAlu :  D=0x0000000000071b98
4531000: system.cpu: T0 : 0x10976    : sd s2, 0(a5)               : MemWrite :  D=0xffffffffffffffff A=0x71b98
4532000: system.cpu: T0 : 0x1097a    : addi a5, s1, -40           : IntAlu :  D=0x0000000000071ba0
4533000: system.cpu: T0 : 0x1097e    : sd s2, 0(a5)               : MemWrite :  D=0xffffffffffffffff A=0x71ba0
4534000: system.cpu: T0 : 0x10982    : addi a5, s1, -32           : IntAlu :  D=0x0000000000071ba8
4535000: system.cpu: T0 : 0x10986    : sd s2, 0(a5)               : MemWrite :  D=0xffffffffffffffff A=0x71ba8
4536000: system.cpu: T0 : 0x1098a    : addi a5, s1, -24           : IntAlu :  D=0x0000000000071bb0
4537000: system.cpu: T0 : 0x1098e    : sd s2, 0(a5)               : MemWrite :  D=0xffffffffffffffff A=0x71bb0
4538000: system.cpu: T0 : 0x10992    : addi a5, s1, -16           : IntAlu :  D=0x0000000000071bb8
4539000: system.cpu: T0 : 0x10996    : sd s2, 0(a5)               : MemWrite :  D=0xffffffffffffffff A=0x71bb8
4540000: system.cpu: T0 : 0x1099a    : addi a5, s1, -8            : IntAlu :  D=0x0000000000071bc0
4541000: system.cpu: T0 : 0x1099e    : sd s2, 0(a5)               : MemWrite :  D=0xffffffffffffffff A=0x71bc0
4542000: system.cpu: T0 : 0x109a2    : addi s1, s1, -128          : IntAlu :  D=0x0000000000071b48
4542500: system.cpu: T0 : 0x109a6    : c_addi s3, -16             : IntAlu :  D=0x0000000000000001
4543000: system.cpu: T0 : 0x109a8    : bge s3, zero, -134         : IntAlu : 
4544000: system.cpu: T0 : 0x10922    : addi a5, s1, -128          : IntAlu :  D=0x0000000000071ac8
4545000: system.cpu: T0 : 0x10926    : sd s2, 0(a5)               : MemWrite :  D=0xffffffffffffffff A=0x71ac8
4546000: system.cpu: T0 : 0x1092a    : addi a5, s1, -120          : IntAlu :  D=0x0000000000071ad0
4547000: system.cpu: T0 : 0x1092e    : sd s2, 0(a5)               : MemWrite :  D=0xffffffffffffffff A=0x71ad0
4548000: system.cpu: T0 : 0x10932    : addi a5, s1, -112          : IntAlu :  D=0x0000000000071ad8
4549000: system.cpu: T0 : 0x10936    : sd s2, 0(a5)               : MemWrite :  D=0xffffffffffffffff A=0x71ad8
4550000: system.cpu: T0 : 0x1093a    : addi a5, s1, -104          : IntAlu :  D=0x0000000000071ae0
4551000: system.cpu: T0 : 0x1093e    : sd s2, 0(a5)               : MemWrite :  D=0xffffffffffffffff A=0x71ae0
4552000: system.cpu: T0 : 0x10942    : addi a5, s1, -96           : IntAlu :  D=0x0000000000071ae8
4553000: system.cpu: T0 : 0x10946    : sd s2, 0(a5)               : MemWrite :  D=0xffffffffffffffff A=0x71ae8
4554000: system.cpu: T0 : 0x1094a    : addi a5, s1, -88           : IntAlu :  D=0x0000000000071af0
4555000: system.cpu: T0 : 0x1094e    : sd s2, 0(a5)               : MemWrite :  D=0xffffffffffffffff A=0x71af0
4556000: system.cpu: T0 : 0x10952    : addi a5, s1, -80           : IntAlu :  D=0x0000000000071af8
4557000: system.cpu: T0 : 0x10956    : sd s2, 0(a5)               : MemWrite :  D=0xffffffffffffffff A=0x71af8
4558000: system.cpu: T0 : 0x1095a    : addi a5, s1, -72           : IntAlu :  D=0x0000000000071b00
4559000: system.cpu: T0 : 0x1095e    : sd s2, 0(a5)               : MemWrite :  D=0xffffffffffffffff A=0x71b00
4560000: system.cpu: T0 : 0x10962    : addi a5, s1, -64           : IntAlu :  D=0x0000000000071b08
4561000: system.cpu: T0 : 0x10966    : sd s2, 0(a5)               : MemWrite :  D=0xffffffffffffffff A=0x71b08
4562000: system.cpu: T0 : 0x1096a    : addi a5, s1, -56           : IntAlu :  D=0x0000000000071b10
4563000: system.cpu: T0 : 0x1096e    : sd s2, 0(a5)               : MemWrite :  D=0xffffffffffffffff A=0x71b10
4564000: system.cpu: T0 : 0x10972    : addi a5, s1, -48           : IntAlu :  D=0x0000000000071b18
4565000: system.cpu: T0 : 0x10976    : sd s2, 0(a5)               : MemWrite :  D=0xffffffffffffffff A=0x71b18
4566000: system.cpu: T0 : 0x1097a    : addi a5, s1, -40           : IntAlu :  D=0x0000000000071b20
4567000: system.cpu: T0 : 0x1097e    : sd s2, 0(a5)               : MemWrite :  D=0xffffffffffffffff A=0x71b20
4568000: system.cpu: T0 : 0x10982    : addi a5, s1, -32           : IntAlu :  D=0x0000000000071b28
4569000: system.cpu: T0 : 0x10986    : sd s2, 0(a5)               : MemWrite :  D=0xffffffffffffffff A=0x71b28
4570000: system.cpu: T0 : 0x1098a    : addi a5, s1, -24           : IntAlu :  D=0x0000000000071b30
4571000: system.cpu: T0 : 0x1098e    : sd s2, 0(a5)               : MemWrite :  D=0xffffffffffffffff A=0x71b30
4572000: system.cpu: T0 : 0x10992    : addi a5, s1, -16           : IntAlu :  D=0x0000000000071b38
4573000: system.cpu: T0 : 0x10996    : sd s2, 0(a5)               : MemWrite :  D=0xffffffffffffffff A=0x71b38
4574000: system.cpu: T0 : 0x1099a    : addi a5, s1, -8            : IntAlu :  D=0x0000000000071b40
4575000: system.cpu: T0 : 0x1099e    : sd s2, 0(a5)               : MemWrite :  D=0xffffffffffffffff A=0x71b40
4576000: system.cpu: T0 : 0x109a2    : addi s1, s1, -128          : IntAlu :  D=0x0000000000071ac8
4576500: system.cpu: T0 : 0x109a6    : c_addi s3, -16             : IntAlu :  D=0xfffffffffffffff1
4577000: system.cpu: T0 : 0x109a8    : bge s3, zero, -134         : IntAlu : 
4577500: system.cpu: T0 : 0x109ac    : c_addi s3, 16              : IntAlu :  D=0x0000000000000001
4578000: system.cpu: T0 : 0x109ae    : c_j 10                     : IntAlu : 
4578500: system.cpu: T0 : 0x109b8    : blt zero, s3, -8           : IntAlu : 
4579000: system.cpu: T0 : 0x109b0    : c_addi s1, -8              : IntAlu :  D=0x0000000000071ac0
4580000: system.cpu: T0 : 0x109b2    : sd s2, 0(s1)               : MemWrite :  D=0xffffffffffffffff A=0x71ac0
4580500: system.cpu: T0 : 0x109b6    : c_addi s3, -1              : IntAlu :  D=0x0000000000000000
4581000: system.cpu: T0 : 0x109b8    : blt zero, s3, -8           : IntAlu : 
4581500: system.cpu: T0 : 0x109bc    : c_addi zero, 0             : IntAlu :  D=0x0000000000000000
4582000: system.cpu: T0 : 0x109be    : c_addi zero, 0             : IntAlu :  D=0x0000000000000000
4582500: system.cpu: T0 : 0x109c0    : c_ldsp s0, 40(sp)          : MemRead :  D=0x7ffffffffffffdd0 A=0x7ffffffffffffd78
4583000: system.cpu: T0 : 0x109c2    : c_ldsp s1, 32(sp)          : MemRead :  D=0x0000000000000000 A=0x7ffffffffffffd70
4583500: system.cpu: T0 : 0x109c4    : c_ldsp s2, 24(sp)          : MemRead :  D=0x0000000000010100 A=0x7ffffffffffffd68
4584000: system.cpu: T0 : 0x109c6    : c_ldsp s3, 16(sp)          : MemRead :  D=0x0000000000000000 A=0x7ffffffffffffd60
4584500: system.cpu: T0 : 0x109c8    : c_addi16sp sp, 48          : IntAlu :  D=0x7ffffffffffffd80
4585000: system.cpu: T0 : 0x109ca    : c_jr ra                    : IntAlu : 
4585500: system.cpu: T0 : 0x10648    : c_j 406                    : IntAlu : 
4586500: system.cpu: T0 : 0x107de    : auipc a5, 96               : IntAlu :  D=0x00000000000707de
4587500: system.cpu: T0 : 0x107e2    : ld a5, 210(a5)             : MemRead :  D=0x000000000007234c A=0x708b0
4588000: system.cpu: T0 : 0x107e6    : c_lw a5, 0(a5)             : MemRead :  D=0x0000000000000031 A=0x7234c
4588500: system.cpu: T0 : 0x107e8    : blt zero, a5, -414         : IntAlu : 
4589500: system.cpu: T0 : 0x1064a    : sw zero, -68(s0)           : MemWrite :  D=0x0000000000000000 A=0x7ffffffffffffd8c
4590500: system.cpu: T0 : 0x1064e    : jal ra, 894                : IntAlu :  D=0x0000000000010652
4591000: system.cpu: T0 : 0x109cc    : c_addi sp, -16             : IntAlu :  D=0x7ffffffffffffd70
4591500: system.cpu: T0 : 0x109ce    : c_sdsp s0, 8(sp)           : MemWrite :  D=0x7ffffffffffffdd0 A=0x7ffffffffffffd78
4592000: system.cpu: T0 : 0x109d0    : c_addi4spn s0, sp, 16      : IntAlu :  D=0x7ffffffffffffd80
4593000: system.cpu: T0 : 0x109d2    : auipc a5, 96               : IntAlu :  D=0x00000000000709d2
4594000: system.cpu: T0 : 0x109d6    : ld a5, -290(a5)            : MemRead :  D=0x000000000007234c A=0x708b0
4594500: system.cpu: T0 : 0x109da    : c_lw a5, 0(a5)             : MemRead :  D=0x0000000000000031 A=0x7234c
4595000: system.cpu: T0 : 0x109dc    : bge zero, a5, 94           : IntAlu : 
4595500: system.cpu: T0 : 0x109e0    : auipc a5, 96               : IntAlu :  D=0x00000000000709e0
4596000: system.cpu: T0 : 0x109e4    : ld a5, -344(a5)            : MemRead :  D=0x00000000000722c8 A=0x70888
4596500: system.cpu: T0 : 0x109e8    : c_lw a5, 0(a5)             : MemRead :  D=0x0000000000000034 A=0x722c8
4597500: system.cpu: T0 : 0x109ea    : addiw a4, a5, -1           : IntAlu :  D=0x0000000000000033
4598500: system.cpu: T0 : 0x109ee    : addiw a3, a4, 0            : IntAlu :  D=0x0000000000000033
4599500: system.cpu: T0 : 0x109f2    : auipc a4, 96               : IntAlu :  D=0x00000000000709f2
4600500: system.cpu: T0 : 0x109f6    : ld a4, -362(a4)            : MemRead :  D=0x00000000000722c8 A=0x70888
4601000: system.cpu: T0 : 0x109fa    : c_sw a3, 0(a4)             : MemWrite :  D=0x0000000000000033 A=0x722c8
4601500: system.cpu: T0 : 0x109fc    : bge zero, a5, 62           : IntAlu : 
4602000: system.cpu: T0 : 0x10a00    : auipc a5, 96               : IntAlu :  D=0x0000000000070a00
4602500: system.cpu: T0 : 0x10a04    : ld a5, -336(a5)            : MemRead :  D=0x000000000007234c A=0x708b0
4603000: system.cpu: T0 : 0x10a08    : c_lw a5, 0(a5)             : MemRead :  D=0x0000000000000031 A=0x7234c
4603500: system.cpu: T0 : 0x10a0a    : c_addiw a5, -1             : IntAlu :  D=0x0000000000000030
4604000: system.cpu: T0 : 0x10a0c    : addiw a4, a5, 0            : IntAlu :  D=0x0000000000000030
4604500: system.cpu: T0 : 0x10a10    : auipc a5, 96               : IntAlu :  D=0x0000000000070a10
4605000: system.cpu: T0 : 0x10a14    : ld a5, -352(a5)            : MemRead :  D=0x000000000007234c A=0x708b0
4605500: system.cpu: T0 : 0x10a18    : c_sw a4, 0(a5)             : MemWrite :  D=0x0000000000000030 A=0x7234c
4606500: system.cpu: T0 : 0x10a1a    : auipc a5, 96               : IntAlu :  D=0x0000000000070a1a
4607500: system.cpu: T0 : 0x10a1e    : ld a5, -426(a5)            : MemRead :  D=0x0000000000071a80 A=0x70870
4608000: system.cpu: T0 : 0x10a22    : c_ld a5, 0(a5)             : MemRead :  D=0x0000000000071a49 A=0x71a80
4608500: system.cpu: T0 : 0x10a24    : addi a3, a5, 1             : IntAlu :  D=0x0000000000071a4a
4609000: system.cpu: T0 : 0x10a28    : auipc a4, 96               : IntAlu :  D=0x0000000000070a28
4609500: system.cpu: T0 : 0x10a2c    : ld a4, -440(a4)            : MemRead :  D=0x0000000000071a80 A=0x70870
4610000: system.cpu: T0 : 0x10a30    : c_sd a3, 0(a4)             : MemWrite :  D=0x0000000000071a4a A=0x71a80
4611000: system.cpu: T0 : 0x10a32    : lbu a5, 0(a5)              : MemRead :  D=0x00000000000000a2 A=0x71a49
4611500: system.cpu: T0 : 0x10a36    : c_addiw a5, 0              : IntAlu :  D=0x00000000000000a2
4612000: system.cpu: T0 : 0x10a38    : c_j 4                      : IntAlu : 
4612500: system.cpu: T0 : 0x10a3c    : c_mv a0, a5                : IntAlu :  D=0x00000000000000a2
4613000: system.cpu: T0 : 0x10a3e    : c_ldsp s0, 8(sp)           : MemRead :  D=0x7ffffffffffffdd0 A=0x7ffffffffffffd78
4613500: system.cpu: T0 : 0x10a40    : c_addi sp, 16              : IntAlu :  D=0x7ffffffffffffd80
4614000: system.cpu: T0 : 0x10a42    : c_jr ra                    : IntAlu : 
4614500: system.cpu: T0 : 0x10652    : c_mv a5, a0                : IntAlu :  D=0x00000000000000a2
4615000: system.cpu: T0 : 0x10654    : c_addiw a5, 0              : IntAlu :  D=0x00000000000000a2
4616000: system.cpu: T0 : 0x10656    : addiw s6, a5, 0            : IntAlu :  D=0x00000000000000a2
4617000: system.cpu: T0 : 0x1065a    : auipc a5, 95               : IntAlu :  D=0x000000000006f65a
4618000: system.cpu: T0 : 0x1065e    : addi a5, a5, -1578         : IntAlu :  D=0x000000000006f030
4618500: system.cpu: T0 : 0x10662    : c_ld a5, 0(a5)             : MemRead :  D=0x0000000000000001 A=0x6f030
4619000: system.cpu: T0 : 0x10664    : addi a4, a5, 1             : IntAlu :  D=0x0000000000000002
4619500: system.cpu: T0 : 0x10668    : auipc a5, 95               : IntAlu :  D=0x000000000006f668
4620000: system.cpu: T0 : 0x1066c    : addi a5, a5, -1592         : IntAlu :  D=0x000000000006f030
4620500: system.cpu: T0 : 0x10670    : c_sd a4, 0(a5)             : MemWrite :  D=0x0000000000000002 A=0x6f030
4621000: system.cpu: T0 : 0x10672    : c_mv a4, s6                : IntAlu :  D=0x00000000000000a2
4621500: system.cpu: T0 : 0x10674    : auipc a5, 95               : IntAlu :  D=0x000000000006f674
4622000: system.cpu: T0 : 0x10678    : addi a5, a5, -1652         : IntAlu :  D=0x000000000006f000
4622500: system.cpu: T0 : 0x1067c    : c_lw a5, 0(a5)             : MemRead :  D=0x0000000000000010 A=0x6f000
4623500: system.cpu: T0 : 0x1067e    : sll a5, a4, a5             : IntAlu :  D=0x0000000000a20000
4624500: system.cpu: T0 : 0x10682    : add s2, s4, a5             : IntAlu :  D=0x0000000000a200d6
4625500: system.cpu: T0 : 0x10686    : sllw a5, s6, s3            : IntAlu :  D=0x00000000000000a2
4626000: system.cpu: T0 : 0x1068a    : c_addiw a5, 0              : IntAlu :  D=0x00000000000000a2
4626500: system.cpu: T0 : 0x1068c    : xor s1, s4, a5             : IntAlu :  D=0x0000000000000074
4627000: system.cpu: T0 : 0x10690    : auipc a4, 96               : IntAlu :  D=0x0000000000070690
4627500: system.cpu: T0 : 0x10694    : ld a4, 496(a4)             : MemRead :  D=0x0000000000071ac0 A=0x70880
4628000: system.cpu: T0 : 0x10698    : slli a5, s1, 3             : IntAlu :  D=0x00000000000003a0
4628500: system.cpu: T0 : 0x1069c    : c_add a5, a4               : IntAlu :  D=0x0000000000071e60
4629000: system.cpu: T0 : 0x1069e    : c_ld a5, 0(a5)             : MemRead :  D=0xffffffffffffffff A=0x71e60
4629500: system.cpu: T0 : 0x106a0    : bne s2, a5, 26             : IntAlu : 
4630500: system.cpu: T0 : 0x106ba    : auipc a4, 96               : IntAlu :  D=0x00000000000706ba
4631500: system.cpu: T0 : 0x106be    : ld a4, 454(a4)             : MemRead :  D=0x0000000000071ac0 A=0x70880
4632500: system.cpu: T0 : 0x106c2    : slli a5, s1, 3             : IntAlu :  D=0x00000000000003a0
4633000: system.cpu: T0 : 0x106c6    : c_add a5, a4               : IntAlu :  D=0x0000000000071e60
4633500: system.cpu: T0 : 0x106c8    : c_ld a5, 0(a5)             : MemRead :  D=0xffffffffffffffff A=0x71e60
4634500: system.cpu: T0 : 0x106ca    : blt a5, zero, 132          : IntAlu : 
4635000: system.cpu: T0 : 0x1074e    : c_addi zero, 0             : IntAlu :  D=0x0000000000000000
4635500: system.cpu: T0 : 0x10750    : c_j 4                      : IntAlu : 
4636000: system.cpu: T0 : 0x10754    : addi a5, gp, -920          : IntAlu :  D=0x0000000000070d48
4636500: system.cpu: T0 : 0x10758    : c_ld a5, 0(a5)             : MemRead :  D=0x0000000000000000 A=0x70d48
4637500: system.cpu: T0 : 0x1075a    : addi a4, a5, 1             : IntAlu :  D=0x0000000000000001
4638500: system.cpu: T0 : 0x1075e    : addi a5, gp, -920          : IntAlu :  D=0x0000000000070d48
4639000: system.cpu: T0 : 0x10762    : c_sd a4, 0(a5)             : MemWrite :  D=0x0000000000000001 A=0x70d48
4639500: system.cpu: T0 : 0x10764    : c_mv s4, s6                : IntAlu :  D=0x00000000000000a2
4640500: system.cpu: T0 : 0x10766    : addi a5, gp, -960          : IntAlu :  D=0x0000000000070d20
4641000: system.cpu: T0 : 0x1076a    : c_ld a4, 0(a5)             : MemRead :  D=0x0000000000000101 A=0x70d20
4641500: system.cpu: T0 : 0x1076c    : auipc a5, 95               : IntAlu :  D=0x000000000006f76c
4642000: system.cpu: T0 : 0x10770    : addi a5, a5, -1892         : IntAlu :  D=0x000000000006f008
4642500: system.cpu: T0 : 0x10774    : c_ld a5, 0(a5)             : MemRead :  D=0x0000000000010000 A=0x6f008
4643500: system.cpu: T0 : 0x10776    : bge a4, a5, 64             : IntAlu : 
4644500: system.cpu: T0 : 0x1077a    : addi a5, gp, -960          : IntAlu :  D=0x0000000000070d20
4645000: system.cpu: T0 : 0x1077e    : c_ld a5, 0(a5)             : MemRead :  D=0x0000000000000101 A=0x70d20
4645500: system.cpu: T0 : 0x10780    : addi a3, a5, 1             : IntAlu :  D=0x0000000000000102
4646000: system.cpu: T0 : 0x10784    : addi a4, gp, -960          : IntAlu :  D=0x0000000000070d20
4646500: system.cpu: T0 : 0x10788    : c_sd a3, 0(a4)             : MemWrite :  D=0x0000000000000102 A=0x70d20
4647500: system.cpu: T0 : 0x1078a    : slli a4, a5, 48            : IntAlu :  D=0x0101000000000000
4648000: system.cpu: T0 : 0x1078e    : c_srli a4, 48              : IntAlu :  D=0x0000000000000101
4648500: system.cpu: T0 : 0x10790    : auipc a3, 96               : IntAlu :  D=0x0000000000070790
4649000: system.cpu: T0 : 0x10794    : ld a3, 296(a3)             : MemRead :  D=0x0000000000072350 A=0x708b8
4649500: system.cpu: T0 : 0x10798    : slli a5, s1, 1             : IntAlu :  D=0x00000000000000e8
4650000: system.cpu: T0 : 0x1079c    : c_add a5, a3               : IntAlu :  D=0x0000000000072438
4651000: system.cpu: T0 : 0x1079e    : sh a4, 0(a5)               : MemWrite :  D=0x0000000000000101 A=0x72438
4652000: system.cpu: T0 : 0x107a2    : auipc a4, 96               : IntAlu :  D=0x00000000000707a2
4653000: system.cpu: T0 : 0x107a6    : ld a4, 222(a4)             : MemRead :  D=0x0000000000071ac0 A=0x70880
4654000: system.cpu: T0 : 0x107aa    : slli a5, s1, 3             : IntAlu :  D=0x00000000000003a0
4654500: system.cpu: T0 : 0x107ae    : c_add a5, a4               : IntAlu :  D=0x0000000000071e60
4655000: system.cpu: T0 : 0x107b0    : sd s2, 0(a5)               : MemWrite :  D=0x0000000000a200d6 A=0x71e60
4655500: system.cpu: T0 : 0x107b4    : c_j 42                     : IntAlu : 
4656500: system.cpu: T0 : 0x107de    : auipc a5, 96               : IntAlu :  D=0x00000000000707de
4657500: system.cpu: T0 : 0x107e2    : ld a5, 210(a5)             : MemRead :  D=0x000000000007234c A=0x708b0
4658000: system.cpu: T0 : 0x107e6    : c_lw a5, 0(a5)             : MemRead :  D=0x0000000000000030 A=0x7234c
4658500: system.cpu: T0 : 0x107e8    : blt zero, a5, -414         : IntAlu : 
4659500: system.cpu: T0 : 0x1064a    : sw zero, -68(s0)           : MemWrite :  D=0x0000000000000000 A=0x7ffffffffffffd8c
4660500: system.cpu: T0 : 0x1064e    : jal ra, 894                : IntAlu :  D=0x0000000000010652
4661000: system.cpu: T0 : 0x109cc    : c_addi sp, -16             : IntAlu :  D=0x7ffffffffffffd70
4661500: system.cpu: T0 : 0x109ce    : c_sdsp s0, 8(sp)           : MemWrite :  D=0x7ffffffffffffdd0 A=0x7ffffffffffffd78
4662000: system.cpu: T0 : 0x109d0    : c_addi4spn s0, sp, 16      : IntAlu :  D=0x7ffffffffffffd80
4663000: system.cpu: T0 : 0x109d2    : auipc a5, 96               : IntAlu :  D=0x00000000000709d2
4664000: system.cpu: T0 : 0x109d6    : ld a5, -290(a5)            : MemRead :  D=0x000000000007234c A=0x708b0
4664500: system.cpu: T0 : 0x109da    : c_lw a5, 0(a5)             : MemRead :  D=0x0000000000000030 A=0x7234c
4665000: system.cpu: T0 : 0x109dc    : bge zero, a5, 94           : IntAlu : 
4665500: system.cpu: T0 : 0x109e0    : auipc a5, 96               : IntAlu :  D=0x00000000000709e0
4666000: system.cpu: T0 : 0x109e4    : ld a5, -344(a5)            : MemRead :  D=0x00000000000722c8 A=0x70888
4666500: system.cpu: T0 : 0x109e8    : c_lw a5, 0(a5)             : MemRead :  D=0x0000000000000033 A=0x722c8
4667500: system.cpu: T0 : 0x109ea    : addiw a4, a5, -1           : IntAlu :  D=0x0000000000000032
4668500: system.cpu: T0 : 0x109ee    : addiw a3, a4, 0            : IntAlu :  D=0x0000000000000032
4669500: system.cpu: T0 : 0x109f2    : auipc a4, 96               : IntAlu :  D=0x00000000000709f2
4670500: system.cpu: T0 : 0x109f6    : ld a4, -362(a4)            : MemRead :  D=0x00000000000722c8 A=0x70888
4671000: system.cpu: T0 : 0x109fa    : c_sw a3, 0(a4)             : MemWrite :  D=0x0000000000000032 A=0x722c8
4671500: system.cpu: T0 : 0x109fc    : bge zero, a5, 62           : IntAlu : 
4672000: system.cpu: T0 : 0x10a00    : auipc a5, 96               : IntAlu :  D=0x0000000000070a00
4672500: system.cpu: T0 : 0x10a04    : ld a5, -336(a5)            : MemRead :  D=0x000000000007234c A=0x708b0
4673000: system.cpu: T0 : 0x10a08    : c_lw a5, 0(a5)             : MemRead :  D=0x0000000000000030 A=0x7234c
4673500: system.cpu: T0 : 0x10a0a    : c_addiw a5, -1             : IntAlu :  D=0x000000000000002f
4674000: system.cpu: T0 : 0x10a0c    : addiw a4, a5, 0            : IntAlu :  D=0x000000000000002f
4674500: system.cpu: T0 : 0x10a10    : auipc a5, 96               : IntAlu :  D=0x0000000000070a10
4675000: system.cpu: T0 : 0x10a14    : ld a5, -352(a5)            : MemRead :  D=0x000000000007234c A=0x708b0
4675500: system.cpu: T0 : 0x10a18    : c_sw a4, 0(a5)             : MemWrite :  D=0x000000000000002f A=0x7234c
4676500: system.cpu: T0 : 0x10a1a    : auipc a5, 96               : IntAlu :  D=0x0000000000070a1a
4677500: system.cpu: T0 : 0x10a1e    : ld a5, -426(a5)            : MemRead :  D=0x0000000000071a80 A=0x70870
4678000: system.cpu: T0 : 0x10a22    : c_ld a5, 0(a5)             : MemRead :  D=0x0000000000071a4a A=0x71a80
4678500: system.cpu: T0 : 0x10a24    : addi a3, a5, 1             : IntAlu :  D=0x0000000000071a4b
4679000: system.cpu: T0 : 0x10a28    : auipc a4, 96               : IntAlu :  D=0x0000000000070a28
4679500: system.cpu: T0 : 0x10a2c    : ld a4, -440(a4)            : MemRead :  D=0x0000000000071a80 A=0x70870
4680000: system.cpu: T0 : 0x10a30    : c_sd a3, 0(a4)             : MemWrite :  D=0x0000000000071a4b A=0x71a80
4681000: system.cpu: T0 : 0x10a32    : lbu a5, 0(a5)              : MemRead :  D=0x00000000000000a0 A=0x71a4a
4681500: system.cpu: T0 : 0x10a36    : c_addiw a5, 0              : IntAlu :  D=0x00000000000000a0
4682000: system.cpu: T0 : 0x10a38    : c_j 4                      : IntAlu : 
4682500: system.cpu: T0 : 0x10a3c    : c_mv a0, a5                : IntAlu :  D=0x00000000000000a0
4683000: system.cpu: T0 : 0x10a3e    : c_ldsp s0, 8(sp)           : MemRead :  D=0x7ffffffffffffdd0 A=0x7ffffffffffffd78
4683500: system.cpu: T0 : 0x10a40    : c_addi sp, 16              : IntAlu :  D=0x7ffffffffffffd80
4684000: system.cpu: T0 : 0x10a42    : c_jr ra                    : IntAlu : 
4684500: system.cpu: T0 : 0x10652    : c_mv a5, a0                : IntAlu :  D=0x00000000000000a0
4685000: system.cpu: T0 : 0x10654    : c_addiw a5, 0              : IntAlu :  D=0x00000000000000a0
4686000: system.cpu: T0 : 0x10656    : addiw s6, a5, 0            : IntAlu :  D=0x00000000000000a0
4687000: system.cpu: T0 : 0x1065a    : auipc a5, 95               : IntAlu :  D=0x000000000006f65a
4688000: system.cpu: T0 : 0x1065e    : addi a5, a5, -1578         : IntAlu :  D=0x000000000006f030
4688500: system.cpu: T0 : 0x10662    : c_ld a5, 0(a5)             : MemRead :  D=0x0000000000000002 A=0x6f030
4689000: system.cpu: T0 : 0x10664    : addi a4, a5, 1             : IntAlu :  D=0x0000000000000003
4689500: system.cpu: T0 : 0x10668    : auipc a5, 95               : IntAlu :  D=0x000000000006f668
4690000: system.cpu: T0 : 0x1066c    : addi a5, a5, -1592         : IntAlu :  D=0x000000000006f030
4690500: system.cpu: T0 : 0x10670    : c_sd a4, 0(a5)             : MemWrite :  D=0x0000000000000003 A=0x6f030
4691000: system.cpu: T0 : 0x10672    : c_mv a4, s6                : IntAlu :  D=0x00000000000000a0
4691500: system.cpu: T0 : 0x10674    : auipc a5, 95               : IntAlu :  D=0x000000000006f674
4692000: system.cpu: T0 : 0x10678    : addi a5, a5, -1652         : IntAlu :  D=0x000000000006f000
4692500: system.cpu: T0 : 0x1067c    : c_lw a5, 0(a5)             : MemRead :  D=0x0000000000000010 A=0x6f000
4693500: system.cpu: T0 : 0x1067e    : sll a5, a4, a5             : IntAlu :  D=0x0000000000a00000
4694500: system.cpu: T0 : 0x10682    : add s2, s4, a5             : IntAlu :  D=0x0000000000a000a2
4695500: system.cpu: T0 : 0x10686    : sllw a5, s6, s3            : IntAlu :  D=0x00000000000000a0
4696000: system.cpu: T0 : 0x1068a    : c_addiw a5, 0              : IntAlu :  D=0x00000000000000a0
4696500: system.cpu: T0 : 0x1068c    : xor s1, s4, a5             : IntAlu :  D=0x0000000000000002
4697000: system.cpu: T0 : 0x10690    : auipc a4, 96               : IntAlu :  D=0x0000000000070690
4697500: system.cpu: T0 : 0x10694    : ld a4, 496(a4)             : MemRead :  D=0x0000000000071ac0 A=0x70880
4698000: system.cpu: T0 : 0x10698    : slli a5, s1, 3             : IntAlu :  D=0x0000000000000010
4698500: system.cpu: T0 : 0x1069c    : c_add a5, a4               : IntAlu :  D=0x0000000000071ad0
4699000: system.cpu: T0 : 0x1069e    : c_ld a5, 0(a5)             : MemRead :  D=0xffffffffffffffff A=0x71ad0
4699500: system.cpu: T0 : 0x106a0    : bne s2, a5, 26             : IntAlu : 
4700500: system.cpu: T0 : 0x106ba    : auipc a4, 96               : IntAlu :  D=0x00000000000706ba
4701500: system.cpu: T0 : 0x106be    : ld a4, 454(a4)             : MemRead :  D=0x0000000000071ac0 A=0x70880
4702500: system.cpu: T0 : 0x106c2    : slli a5, s1, 3             : IntAlu :  D=0x0000000000000010
4703000: system.cpu: T0 : 0x106c6    : c_add a5, a4               : IntAlu :  D=0x0000000000071ad0
4703500: system.cpu: T0 : 0x106c8    : c_ld a5, 0(a5)             : MemRead :  D=0xffffffffffffffff A=0x71ad0
4704500: system.cpu: T0 : 0x106ca    : blt a5, zero, 132          : IntAlu : 
4705000: system.cpu: T0 : 0x1074e    : c_addi zero, 0             : IntAlu :  D=0x0000000000000000
4705500: system.cpu: T0 : 0x10750    : c_j 4                      : IntAlu : 
4706000: system.cpu: T0 : 0x10754    : addi a5, gp, -920          : IntAlu :  D=0x0000000000070d48
4706500: system.cpu: T0 : 0x10758    : c_ld a5, 0(a5)             : MemRead :  D=0x0000000000000001 A=0x70d48
4707500: system.cpu: T0 : 0x1075a    : addi a4, a5, 1             : IntAlu :  D=0x0000000000000002
4708500: system.cpu: T0 : 0x1075e    : addi a5, gp, -920          : IntAlu :  D=0x0000000000070d48
4709000: system.cpu: T0 : 0x10762    : c_sd a4, 0(a5)             : MemWrite :  D=0x0000000000000002 A=0x70d48
4709500: system.cpu: T0 : 0x10764    : c_mv s4, s6                : IntAlu :  D=0x00000000000000a0
4710500: system.cpu: T0 : 0x10766    : addi a5, gp, -960          : IntAlu :  D=0x0000000000070d20
4711000: system.cpu: T0 : 0x1076a    : c_ld a4, 0(a5)             : MemRead :  D=0x0000000000000102 A=0x70d20
4711500: system.cpu: T0 : 0x1076c    : auipc a5, 95               : IntAlu :  D=0x000000000006f76c
4712000: system.cpu: T0 : 0x10770    : addi a5, a5, -1892         : IntAlu :  D=0x000000000006f008
4712500: system.cpu: T0 : 0x10774    : c_ld a5, 0(a5)             : MemRead :  D=0x0000000000010000 A=0x6f008
4713500: system.cpu: T0 : 0x10776    : bge a4, a5, 64             : IntAlu : 
4714500: system.cpu: T0 : 0x1077a    : addi a5, gp, -960          : IntAlu :  D=0x0000000000070d20
4715000: system.cpu: T0 : 0x1077e    : c_ld a5, 0(a5)             : MemRead :  D=0x0000000000000102 A=0x70d20
4715500: system.cpu: T0 : 0x10780    : addi a3, a5, 1             : IntAlu :  D=0x0000000000000103
4716000: system.cpu: T0 : 0x10784    : addi a4, gp, -960          : IntAlu :  D=0x0000000000070d20
4716500: system.cpu: T0 : 0x10788    : c_sd a3, 0(a4)             : MemWrite :  D=0x0000000000000103 A=0x70d20
4717500: system.cpu: T0 : 0x1078a    : slli a4, a5, 48            : IntAlu :  D=0x0102000000000000
4718000: system.cpu: T0 : 0x1078e    : c_srli a4, 48              : IntAlu :  D=0x0000000000000102
4718500: system.cpu: T0 : 0x10790    : auipc a3, 96               : IntAlu :  D=0x0000000000070790
4719000: system.cpu: T0 : 0x10794    : ld a3, 296(a3)             : MemRead :  D=0x0000000000072350 A=0x708b8
4719500: system.cpu: T0 : 0x10798    : slli a5, s1, 1             : IntAlu :  D=0x0000000000000004
4720000: system.cpu: T0 : 0x1079c    : c_add a5, a3               : IntAlu :  D=0x0000000000072354
4721000: system.cpu: T0 : 0x1079e    : sh a4, 0(a5)               : MemWrite :  D=0x0000000000000102 A=0x72354
4722000: system.cpu: T0 : 0x107a2    : auipc a4, 96               : IntAlu :  D=0x00000000000707a2
4723000: system.cpu: T0 : 0x107a6    : ld a4, 222(a4)             : MemRead :  D=0x0000000000071ac0 A=0x70880
4724000: system.cpu: T0 : 0x107aa    : slli a5, s1, 3             : IntAlu :  D=0x0000000000000010
4724500: system.cpu: T0 : 0x107ae    : c_add a5, a4               : IntAlu :  D=0x0000000000071ad0
4725000: system.cpu: T0 : 0x107b0    : sd s2, 0(a5)               : MemWrite :  D=0x0000000000a000a2 A=0x71ad0
4725500: system.cpu: T0 : 0x107b4    : c_j 42                     : IntAlu : 
4726500: system.cpu: T0 : 0x107de    : auipc a5, 96               : IntAlu :  D=0x00000000000707de
4727500: system.cpu: T0 : 0x107e2    : ld a5, 210(a5)             : MemRead :  D=0x000000000007234c A=0x708b0
4728000: system.cpu: T0 : 0x107e6    : c_lw a5, 0(a5)             : MemRead :  D=0x000000000000002f A=0x7234c
4728500: system.cpu: T0 : 0x107e8    : blt zero, a5, -414         : IntAlu : 
4729500: system.cpu: T0 : 0x1064a    : sw zero, -68(s0)           : MemWrite :  D=0x0000000000000000 A=0x7ffffffffffffd8c
4730500: system.cpu: T0 : 0x1064e    : jal ra, 894                : IntAlu :  D=0x0000000000010652
4731000: system.cpu: T0 : 0x109cc    : c_addi sp, -16             : IntAlu :  D=0x7ffffffffffffd70
4731500: system.cpu: T0 : 0x109ce    : c_sdsp s0, 8(sp)           : MemWrite :  D=0x7ffffffffffffdd0 A=0x7ffffffffffffd78
4732000: system.cpu: T0 : 0x109d0    : c_addi4spn s0, sp, 16      : IntAlu :  D=0x7ffffffffffffd80
4733000: system.cpu: T0 : 0x109d2    : auipc a5, 96               : IntAlu :  D=0x00000000000709d2
4734000: system.cpu: T0 : 0x109d6    : ld a5, -290(a5)            : MemRead :  D=0x000000000007234c A=0x708b0
4734500: system.cpu: T0 : 0x109da    : c_lw a5, 0(a5)             : MemRead :  D=0x000000000000002f A=0x7234c
4735000: system.cpu: T0 : 0x109dc    : bge zero, a5, 94           : IntAlu : 
4735500: system.cpu: T0 : 0x109e0    : auipc a5, 96               : IntAlu :  D=0x00000000000709e0
4736000: system.cpu: T0 : 0x109e4    : ld a5, -344(a5)            : MemRead :  D=0x00000000000722c8 A=0x70888
4736500: system.cpu: T0 : 0x109e8    : c_lw a5, 0(a5)             : MemRead :  D=0x0000000000000032 A=0x722c8
4737500: system.cpu: T0 : 0x109ea    : addiw a4, a5, -1           : IntAlu :  D=0x0000000000000031
4738500: system.cpu: T0 : 0x109ee    : addiw a3, a4, 0            : IntAlu :  D=0x0000000000000031
4739500: system.cpu: T0 : 0x109f2    : auipc a4, 96               : IntAlu :  D=0x00000000000709f2
4740500: system.cpu: T0 : 0x109f6    : ld a4, -362(a4)            : MemRead :  D=0x00000000000722c8 A=0x70888
4741000: system.cpu: T0 : 0x109fa    : c_sw a3, 0(a4)             : MemWrite :  D=0x0000000000000031 A=0x722c8
4741500: system.cpu: T0 : 0x109fc    : bge zero, a5, 62           : IntAlu : 
4742000: system.cpu: T0 : 0x10a00    : auipc a5, 96               : IntAlu :  D=0x0000000000070a00
4742500: system.cpu: T0 : 0x10a04    : ld a5, -336(a5)            : MemRead :  D=0x000000000007234c A=0x708b0
4743000: system.cpu: T0 : 0x10a08    : c_lw a5, 0(a5)             : MemRead :  D=0x000000000000002f A=0x7234c
4743500: system.cpu: T0 : 0x10a0a    : c_addiw a5, -1             : IntAlu :  D=0x000000000000002e
4744000: system.cpu: T0 : 0x10a0c    : addiw a4, a5, 0            : IntAlu :  D=0x000000000000002e
4744500: system.cpu: T0 : 0x10a10    : auipc a5, 96               : IntAlu :  D=0x0000000000070a10
4745000: system.cpu: T0 : 0x10a14    : ld a5, -352(a5)            : MemRead :  D=0x000000000007234c A=0x708b0
4745500: system.cpu: T0 : 0x10a18    : c_sw a4, 0(a5)             : MemWrite :  D=0x000000000000002e A=0x7234c
4746500: system.cpu: T0 : 0x10a1a    : auipc a5, 96               : IntAlu :  D=0x0000000000070a1a
4747500: system.cpu: T0 : 0x10a1e    : ld a5, -426(a5)            : MemRead :  D=0x0000000000071a80 A=0x70870
4748000: system.cpu: T0 : 0x10a22    : c_ld a5, 0(a5)             : MemRead :  D=0x0000000000071a4b A=0x71a80
4748500: system.cpu: T0 : 0x10a24    : addi a3, a5, 1             : IntAlu :  D=0x0000000000071a4c
4749000: system.cpu: T0 : 0x10a28    : auipc a4, 96               : IntAlu :  D=0x0000000000070a28
4749500: system.cpu: T0 : 0x10a2c    : ld a4, -440(a4)            : MemRead :  D=0x0000000000071a80 A=0x70870
4750000: system.cpu: T0 : 0x10a30    : c_sd a3, 0(a4)             : MemWrite :  D=0x0000000000071a4c A=0x71a80
4751000: system.cpu: T0 : 0x10a32    : lbu a5, 0(a5)              : MemRead :  D=0x00000000000000f1 A=0x71a4b
4751500: system.cpu: T0 : 0x10a36    : c_addiw a5, 0              : IntAlu :  D=0x00000000000000f1
4752000: system.cpu: T0 : 0x10a38    : c_j 4                      : IntAlu : 
4752500: system.cpu: T0 : 0x10a3c    : c_mv a0, a5                : IntAlu :  D=0x00000000000000f1
4753000: system.cpu: T0 : 0x10a3e    : c_ldsp s0, 8(sp)           : MemRead :  D=0x7ffffffffffffdd0 A=0x7ffffffffffffd78
4753500: system.cpu: T0 : 0x10a40    : c_addi sp, 16              : IntAlu :  D=0x7ffffffffffffd80
4754000: system.cpu: T0 : 0x10a42    : c_jr ra                    : IntAlu : 
4754500: system.cpu: T0 : 0x10652    : c_mv a5, a0                : IntAlu :  D=0x00000000000000f1
4755000: system.cpu: T0 : 0x10654    : c_addiw a5, 0              : IntAlu :  D=0x00000000000000f1
4756000: system.cpu: T0 : 0x10656    : addiw s6, a5, 0            : IntAlu :  D=0x00000000000000f1
4757000: system.cpu: T0 : 0x1065a    : auipc a5, 95               : IntAlu :  D=0x000000000006f65a
4758000: system.cpu: T0 : 0x1065e    : addi a5, a5, -1578         : IntAlu :  D=0x000000000006f030
4758500: system.cpu: T0 : 0x10662    : c_ld a5, 0(a5)             : MemRead :  D=0x0000000000000003 A=0x6f030
4759000: system.cpu: T0 : 0x10664    : addi a4, a5, 1             : IntAlu :  D=0x0000000000000004
4759500: system.cpu: T0 : 0x10668    : auipc a5, 95               : IntAlu :  D=0x000000000006f668
4760000: system.cpu: T0 : 0x1066c    : addi a5, a5, -1592         : IntAlu :  D=0x000000000006f030
4760500: system.cpu: T0 : 0x10670    : c_sd a4, 0(a5)             : MemWrite :  D=0x0000000000000004 A=0x6f030
4761000: system.cpu: T0 : 0x10672    : c_mv a4, s6                : IntAlu :  D=0x00000000000000f1
4761500: system.cpu: T0 : 0x10674    : auipc a5, 95               : IntAlu :  D=0x000000000006f674
4762000: system.cpu: T0 : 0x10678    : addi a5, a5, -1652         : IntAlu :  D=0x000000000006f000
4762500: system.cpu: T0 : 0x1067c    : c_lw a5, 0(a5)             : MemRead :  D=0x0000000000000010 A=0x6f000
4763500: system.cpu: T0 : 0x1067e    : sll a5, a4, a5             : IntAlu :  D=0x0000000000f10000
4764500: system.cpu: T0 : 0x10682    : add s2, s4, a5             : IntAlu :  D=0x0000000000f100a0
4765500: system.cpu: T0 : 0x10686    : sllw a5, s6, s3            : IntAlu :  D=0x00000000000000f1
4766000: system.cpu: T0 : 0x1068a    : c_addiw a5, 0              : IntAlu :  D=0x00000000000000f1
4766500: system.cpu: T0 : 0x1068c    : xor s1, s4, a5             : IntAlu :  D=0x0000000000000051
4767000: system.cpu: T0 : 0x10690    : auipc a4, 96               : IntAlu :  D=0x0000000000070690
4767500: system.cpu: T0 : 0x10694    : ld a4, 496(a4)             : MemRead :  D=0x0000000000071ac0 A=0x70880
4768000: system.cpu: T0 : 0x10698    : slli a5, s1, 3             : IntAlu :  D=0x0000000000000288
4768500: system.cpu: T0 : 0x1069c    : c_add a5, a4               : IntAlu :  D=0x0000000000071d48
4769000: system.cpu: T0 : 0x1069e    : c_ld a5, 0(a5)             : MemRead :  D=0xffffffffffffffff A=0x71d48
4769500: system.cpu: T0 : 0x106a0    : bne s2, a5, 26             : IntAlu : 
4770500: system.cpu: T0 : 0x106ba    : auipc a4, 96               : IntAlu :  D=0x00000000000706ba
4771500: system.cpu: T0 : 0x106be    : ld a4, 454(a4)             : MemRead :  D=0x0000000000071ac0 A=0x70880
4772500: system.cpu: T0 : 0x106c2    : slli a5, s1, 3             : IntAlu :  D=0x0000000000000288
4773000: system.cpu: T0 : 0x106c6    : c_add a5, a4               : IntAlu :  D=0x0000000000071d48
4773500: system.cpu: T0 : 0x106c8    : c_ld a5, 0(a5)             : MemRead :  D=0xffffffffffffffff A=0x71d48
4774500: system.cpu: T0 : 0x106ca    : blt a5, zero, 132          : IntAlu : 
4775000: system.cpu: T0 : 0x1074e    : c_addi zero, 0             : IntAlu :  D=0x0000000000000000
4775500: system.cpu: T0 : 0x10750    : c_j 4                      : IntAlu : 
4776000: system.cpu: T0 : 0x10754    : addi a5, gp, -920          : IntAlu :  D=0x0000000000070d48
4776500: system.cpu: T0 : 0x10758    : c_ld a5, 0(a5)             : MemRead :  D=0x0000000000000002 A=0x70d48
4777500: system.cpu: T0 : 0x1075a    : addi a4, a5, 1             : IntAlu :  D=0x0000000000000003
4778500: system.cpu: T0 : 0x1075e    : addi a5, gp, -920          : IntAlu :  D=0x0000000000070d48
4779000: system.cpu: T0 : 0x10762    : c_sd a4, 0(a5)             : MemWrite :  D=0x0000000000000003 A=0x70d48
4779500: system.cpu: T0 : 0x10764    : c_mv s4, s6                : IntAlu :  D=0x00000000000000f1
4780500: system.cpu: T0 : 0x10766    : addi a5, gp, -960          : IntAlu :  D=0x0000000000070d20
4781000: system.cpu: T0 : 0x1076a    : c_ld a4, 0(a5)             : MemRead :  D=0x0000000000000103 A=0x70d20
4781500: system.cpu: T0 : 0x1076c    : auipc a5, 95               : IntAlu :  D=0x000000000006f76c
4782000: system.cpu: T0 : 0x10770    : addi a5, a5, -1892         : IntAlu :  D=0x000000000006f008
4782500: system.cpu: T0 : 0x10774    : c_ld a5, 0(a5)             : MemRead :  D=0x0000000000010000 A=0x6f008
4783500: system.cpu: T0 : 0x10776    : bge a4, a5, 64             : IntAlu : 
4784500: system.cpu: T0 : 0x1077a    : addi a5, gp, -960          : IntAlu :  D=0x0000000000070d20
4785000: system.cpu: T0 : 0x1077e    : c_ld a5, 0(a5)             : MemRead :  D=0x0000000000000103 A=0x70d20
4785500: system.cpu: T0 : 0x10780    : addi a3, a5, 1             : IntAlu :  D=0x0000000000000104
4786000: system.cpu: T0 : 0x10784    : addi a4, gp, -960          : IntAlu :  D=0x0000000000070d20
4786500: system.cpu: T0 : 0x10788    : c_sd a3, 0(a4)             : MemWrite :  D=0x0000000000000104 A=0x70d20
4787500: system.cpu: T0 : 0x1078a    : slli a4, a5, 48            : IntAlu :  D=0x0103000000000000
4788000: system.cpu: T0 : 0x1078e    : c_srli a4, 48              : IntAlu :  D=0x0000000000000103
4788500: system.cpu: T0 : 0x10790    : auipc a3, 96               : IntAlu :  D=0x0000000000070790
4789000: system.cpu: T0 : 0x10794    : ld a3, 296(a3)             : MemRead :  D=0x0000000000072350 A=0x708b8
4789500: system.cpu: T0 : 0x10798    : slli a5, s1, 1             : IntAlu :  D=0x00000000000000a2
4790000: system.cpu: T0 : 0x1079c    : c_add a5, a3               : IntAlu :  D=0x00000000000723f2
4791000: system.cpu: T0 : 0x1079e    : sh a4, 0(a5)               : MemWrite :  D=0x0000000000000103 A=0x723f2
4792000: system.cpu: T0 : 0x107a2    : auipc a4, 96               : IntAlu :  D=0x00000000000707a2
4793000: system.cpu: T0 : 0x107a6    : ld a4, 222(a4)             : MemRead :  D=0x0000000000071ac0 A=0x70880
4794000: system.cpu: T0 : 0x107aa    : slli a5, s1, 3             : IntAlu :  D=0x0000000000000288
4794500: system.cpu: T0 : 0x107ae    : c_add a5, a4               : IntAlu :  D=0x0000000000071d48
4795000: system.cpu: T0 : 0x107b0    : sd s2, 0(a5)               : MemWrite :  D=0x0000000000f100a0 A=0x71d48
4795500: system.cpu: T0 : 0x107b4    : c_j 42                     : IntAlu : 
4796500: system.cpu: T0 : 0x107de    : auipc a5, 96               : IntAlu :  D=0x00000000000707de
4797500: system.cpu: T0 : 0x107e2    : ld a5, 210(a5)             : MemRead :  D=0x000000000007234c A=0x708b0
4798000: system.cpu: T0 : 0x107e6    : c_lw a5, 0(a5)             : MemRead :  D=0x000000000000002e A=0x7234c
4798500: system.cpu: T0 : 0x107e8    : blt zero, a5, -414         : IntAlu : 
4799500: system.cpu: T0 : 0x1064a    : sw zero, -68(s0)           : MemWrite :  D=0x0000000000000000 A=0x7ffffffffffffd8c
4800500: system.cpu: T0 : 0x1064e    : jal ra, 894                : IntAlu :  D=0x0000000000010652
4801000: system.cpu: T0 : 0x109cc    : c_addi sp, -16             : IntAlu :  D=0x7ffffffffffffd70
4801500: system.cpu: T0 : 0x109ce    : c_sdsp s0, 8(sp)           : MemWrite :  D=0x7ffffffffffffdd0 A=0x7ffffffffffffd78
4802000: system.cpu: T0 : 0x109d0    : c_addi4spn s0, sp, 16      : IntAlu :  D=0x7ffffffffffffd80
4803000: system.cpu: T0 : 0x109d2    : auipc a5, 96               : IntAlu :  D=0x00000000000709d2
4804000: system.cpu: T0 : 0x109d6    : ld a5, -290(a5)            : MemRead :  D=0x000000000007234c A=0x708b0
4804500: system.cpu: T0 : 0x109da    : c_lw a5, 0(a5)             : MemRead :  D=0x000000000000002e A=0x7234c
4805000: system.cpu: T0 : 0x109dc    : bge zero, a5, 94           : IntAlu : 
4805500: system.cpu: T0 : 0x109e0    : auipc a5, 96               : IntAlu :  D=0x00000000000709e0
4806000: system.cpu: T0 : 0x109e4    : ld a5, -344(a5)            : MemRead :  D=0x00000000000722c8 A=0x70888
4806500: system.cpu: T0 : 0x109e8    : c_lw a5, 0(a5)             : MemRead :  D=0x0000000000000031 A=0x722c8
4807500: system.cpu: T0 : 0x109ea    : addiw a4, a5, -1           : IntAlu :  D=0x0000000000000030
4808500: system.cpu: T0 : 0x109ee    : addiw a3, a4, 0            : IntAlu :  D=0x0000000000000030
4809500: system.cpu: T0 : 0x109f2    : auipc a4, 96               : IntAlu :  D=0x00000000000709f2
4810500: system.cpu: T0 : 0x109f6    : ld a4, -362(a4)            : MemRead :  D=0x00000000000722c8 A=0x70888
4811000: system.cpu: T0 : 0x109fa    : c_sw a3, 0(a4)             : MemWrite :  D=0x0000000000000030 A=0x722c8
4811500: system.cpu: T0 : 0x109fc    : bge zero, a5, 62           : IntAlu : 
4812000: system.cpu: T0 : 0x10a00    : auipc a5, 96               : IntAlu :  D=0x0000000000070a00
4812500: system.cpu: T0 : 0x10a04    : ld a5, -336(a5)            : MemRead :  D=0x000000000007234c A=0x708b0
4813000: system.cpu: T0 : 0x10a08    : c_lw a5, 0(a5)             : MemRead :  D=0x000000000000002e A=0x7234c
4813500: system.cpu: T0 : 0x10a0a    : c_addiw a5, -1             : IntAlu :  D=0x000000000000002d
4814000: system.cpu: T0 : 0x10a0c    : addiw a4, a5, 0            : IntAlu :  D=0x000000000000002d
4814500: system.cpu: T0 : 0x10a10    : auipc a5, 96               : IntAlu :  D=0x0000000000070a10
4815000: system.cpu: T0 : 0x10a14    : ld a5, -352(a5)            : MemRead :  D=0x000000000007234c A=0x708b0
4815500: system.cpu: T0 : 0x10a18    : c_sw a4, 0(a5)             : MemWrite :  D=0x000000000000002d A=0x7234c
4816500: system.cpu: T0 : 0x10a1a    : auipc a5, 96               : IntAlu :  D=0x0000000000070a1a
4817500: system.cpu: T0 : 0x10a1e    : ld a5, -426(a5)            : MemRead :  D=0x0000000000071a80 A=0x70870
4818000: system.cpu: T0 : 0x10a22    : c_ld a5, 0(a5)             : MemRead :  D=0x0000000000071a4c A=0x71a80
4818500: system.cpu: T0 : 0x10a24    : addi a3, a5, 1             : IntAlu :  D=0x0000000000071a4d
4819000: system.cpu: T0 : 0x10a28    : auipc a4, 96               : IntAlu :  D=0x0000000000070a28
4819500: system.cpu: T0 : 0x10a2c    : ld a4, -440(a4)            : MemRead :  D=0x0000000000071a80 A=0x70870
4820000: system.cpu: T0 : 0x10a30    : c_sd a3, 0(a4)             : MemWrite :  D=0x0000000000071a4d A=0x71a80
4821000: system.cpu: T0 : 0x10a32    : lbu a5, 0(a5)              : MemRead :  D=0x00000000000000d3 A=0x71a4c
4821500: system.cpu: T0 : 0x10a36    : c_addiw a5, 0              : IntAlu :  D=0x00000000000000d3
4822000: system.cpu: T0 : 0x10a38    : c_j 4                      : IntAlu : 
4822500: system.cpu: T0 : 0x10a3c    : c_mv a0, a5                : IntAlu :  D=0x00000000000000d3
4823000: system.cpu: T0 : 0x10a3e    : c_ldsp s0, 8(sp)           : MemRead :  D=0x7ffffffffffffdd0 A=0x7ffffffffffffd78
4823500: system.cpu: T0 : 0x10a40    : c_addi sp, 16              : IntAlu :  D=0x7ffffffffffffd80
4824000: system.cpu: T0 : 0x10a42    : c_jr ra                    : IntAlu : 
4824500: system.cpu: T0 : 0x10652    : c_mv a5, a0                : IntAlu :  D=0x00000000000000d3
4825000: system.cpu: T0 : 0x10654    : c_addiw a5, 0              : IntAlu :  D=0x00000000000000d3
4826000: system.cpu: T0 : 0x10656    : addiw s6, a5, 0            : IntAlu :  D=0x00000000000000d3
4827000: system.cpu: T0 : 0x1065a    : auipc a5, 95               : IntAlu :  D=0x000000000006f65a
4828000: system.cpu: T0 : 0x1065e    : addi a5, a5, -1578         : IntAlu :  D=0x000000000006f030
4828500: system.cpu: T0 : 0x10662    : c_ld a5, 0(a5)             : MemRead :  D=0x0000000000000004 A=0x6f030
4829000: system.cpu: T0 : 0x10664    : addi a4, a5, 1             : IntAlu :  D=0x0000000000000005
4829500: system.cpu: T0 : 0x10668    : auipc a5, 95               : IntAlu :  D=0x000000000006f668
4830000: system.cpu: T0 : 0x1066c    : addi a5, a5, -1592         : IntAlu :  D=0x000000000006f030
4830500: system.cpu: T0 : 0x10670    : c_sd a4, 0(a5)             : MemWrite :  D=0x0000000000000005 A=0x6f030
4831000: system.cpu: T0 : 0x10672    : c_mv a4, s6                : IntAlu :  D=0x00000000000000d3
4831500: system.cpu: T0 : 0x10674    : auipc a5, 95               : IntAlu :  D=0x000000000006f674
4832000: system.cpu: T0 : 0x10678    : addi a5, a5, -1652         : IntAlu :  D=0x000000000006f000
4832500: system.cpu: T0 : 0x1067c    : c_lw a5, 0(a5)             : MemRead :  D=0x0000000000000010 A=0x6f000
4833500: system.cpu: T0 : 0x1067e    : sll a5, a4, a5             : IntAlu :  D=0x0000000000d30000
4834500: system.cpu: T0 : 0x10682    : add s2, s4, a5             : IntAlu :  D=0x0000000000d300f1
4835500: system.cpu: T0 : 0x10686    : sllw a5, s6, s3            : IntAlu :  D=0x00000000000000d3
4836000: system.cpu: T0 : 0x1068a    : c_addiw a5, 0              : IntAlu :  D=0x00000000000000d3
4836500: system.cpu: T0 : 0x1068c    : xor s1, s4, a5             : IntAlu :  D=0x0000000000000022
4837000: system.cpu: T0 : 0x10690    : auipc a4, 96               : IntAlu :  D=0x0000000000070690
4837500: system.cpu: T0 : 0x10694    : ld a4, 496(a4)             : MemRead :  D=0x0000000000071ac0 A=0x70880
4838000: system.cpu: T0 : 0x10698    : slli a5, s1, 3             : IntAlu :  D=0x0000000000000110
4838500: system.cpu: T0 : 0x1069c    : c_add a5, a4               : IntAlu :  D=0x0000000000071bd0
4839000: system.cpu: T0 : 0x1069e    : c_ld a5, 0(a5)             : MemRead :  D=0xffffffffffffffff A=0x71bd0
4839500: system.cpu: T0 : 0x106a0    : bne s2, a5, 26             : IntAlu : 
4840500: system.cpu: T0 : 0x106ba    : auipc a4, 96               : IntAlu :  D=0x00000000000706ba
4841500: system.cpu: T0 : 0x106be    : ld a4, 454(a4)             : MemRead :  D=0x0000000000071ac0 A=0x70880
4842500: system.cpu: T0 : 0x106c2    : slli a5, s1, 3             : IntAlu :  D=0x0000000000000110
4843000: system.cpu: T0 : 0x106c6    : c_add a5, a4               : IntAlu :  D=0x0000000000071bd0
4843500: system.cpu: T0 : 0x106c8    : c_ld a5, 0(a5)             : MemRead :  D=0xffffffffffffffff A=0x71bd0
4844500: system.cpu: T0 : 0x106ca    : blt a5, zero, 132          : IntAlu : 
4845000: system.cpu: T0 : 0x1074e    : c_addi zero, 0             : IntAlu :  D=0x0000000000000000
4845500: system.cpu: T0 : 0x10750    : c_j 4                      : IntAlu : 
4846000: system.cpu: T0 : 0x10754    : addi a5, gp, -920          : IntAlu :  D=0x0000000000070d48
4846500: system.cpu: T0 : 0x10758    : c_ld a5, 0(a5)             : MemRead :  D=0x0000000000000003 A=0x70d48
4847500: system.cpu: T0 : 0x1075a    : addi a4, a5, 1             : IntAlu :  D=0x0000000000000004
4848500: system.cpu: T0 : 0x1075e    : addi a5, gp, -920          : IntAlu :  D=0x0000000000070d48
4849000: system.cpu: T0 : 0x10762    : c_sd a4, 0(a5)             : MemWrite :  D=0x0000000000000004 A=0x70d48
4849500: system.cpu: T0 : 0x10764    : c_mv s4, s6                : IntAlu :  D=0x00000000000000d3
4850500: system.cpu: T0 : 0x10766    : addi a5, gp, -960          : IntAlu :  D=0x0000000000070d20
4851000: system.cpu: T0 : 0x1076a    : c_ld a4, 0(a5)             : MemRead :  D=0x0000000000000104 A=0x70d20
4851500: system.cpu: T0 : 0x1076c    : auipc a5, 95               : IntAlu :  D=0x000000000006f76c
4852000: system.cpu: T0 : 0x10770    : addi a5, a5, -1892         : IntAlu :  D=0x000000000006f008
4852500: system.cpu: T0 : 0x10774    : c_ld a5, 0(a5)             : MemRead :  D=0x0000000000010000 A=0x6f008
4853500: system.cpu: T0 : 0x10776    : bge a4, a5, 64             : IntAlu : 
4854500: system.cpu: T0 : 0x1077a    : addi a5, gp, -960          : IntAlu :  D=0x0000000000070d20
4855000: system.cpu: T0 : 0x1077e    : c_ld a5, 0(a5)             : MemRead :  D=0x0000000000000104 A=0x70d20
4855500: system.cpu: T0 : 0x10780    : addi a3, a5, 1             : IntAlu :  D=0x0000000000000105
4856000: system.cpu: T0 : 0x10784    : addi a4, gp, -960          : IntAlu :  D=0x0000000000070d20
4856500: system.cpu: T0 : 0x10788    : c_sd a3, 0(a4)             : MemWrite :  D=0x0000000000000105 A=0x70d20
4857500: system.cpu: T0 : 0x1078a    : slli a4, a5, 48            : IntAlu :  D=0x0104000000000000
4858000: system.cpu: T0 : 0x1078e    : c_srli a4, 48              : IntAlu :  D=0x0000000000000104
4858500: system.cpu: T0 : 0x10790    : auipc a3, 96               : IntAlu :  D=0x0000000000070790
4859000: system.cpu: T0 : 0x10794    : ld a3, 296(a3)             : MemRead :  D=0x0000000000072350 A=0x708b8
4859500: system.cpu: T0 : 0x10798    : slli a5, s1, 1             : IntAlu :  D=0x0000000000000044
4860000: system.cpu: T0 : 0x1079c    : c_add a5, a3               : IntAlu :  D=0x0000000000072394
4861000: system.cpu: T0 : 0x1079e    : sh a4, 0(a5)               : MemWrite :  D=0x0000000000000104 A=0x72394
4862000: system.cpu: T0 : 0x107a2    : auipc a4, 96               : IntAlu :  D=0x00000000000707a2
4863000: system.cpu: T0 : 0x107a6    : ld a4, 222(a4)             : MemRead :  D=0x0000000000071ac0 A=0x70880
4864000: system.cpu: T0 : 0x107aa    : slli a5, s1, 3             : IntAlu :  D=0x0000000000000110
4864500: system.cpu: T0 : 0x107ae    : c_add a5, a4               : IntAlu :  D=0x0000000000071bd0
4865000: system.cpu: T0 : 0x107b0    : sd s2, 0(a5)               : MemWrite :  D=0x0000000000d300f1 A=0x71bd0
4865500: system.cpu: T0 : 0x107b4    : c_j 42                     : IntAlu : 
4866500: system.cpu: T0 : 0x107de    : auipc a5, 96               : IntAlu :  D=0x00000000000707de
4867500: system.cpu: T0 : 0x107e2    : ld a5, 210(a5)             : MemRead :  D=0x000000000007234c A=0x708b0
4868000: system.cpu: T0 : 0x107e6    : c_lw a5, 0(a5)             : MemRead :  D=0x000000000000002d A=0x7234c
4868500: system.cpu: T0 : 0x107e8    : blt zero, a5, -414         : IntAlu : 
4869500: system.cpu: T0 : 0x1064a    : sw zero, -68(s0)           : MemWrite :  D=0x0000000000000000 A=0x7ffffffffffffd8c
4870500: system.cpu: T0 : 0x1064e    : jal ra, 894                : IntAlu :  D=0x0000000000010652
4871000: system.cpu: T0 : 0x109cc    : c_addi sp, -16             : IntAlu :  D=0x7ffffffffffffd70
4871500: system.cpu: T0 : 0x109ce    : c_sdsp s0, 8(sp)           : MemWrite :  D=0x7ffffffffffffdd0 A=0x7ffffffffffffd78
4872000: system.cpu: T0 : 0x109d0    : c_addi4spn s0, sp, 16      : IntAlu :  D=0x7ffffffffffffd80
4873000: system.cpu: T0 : 0x109d2    : auipc a5, 96               : IntAlu :  D=0x00000000000709d2
4874000: system.cpu: T0 : 0x109d6    : ld a5, -290(a5)            : MemRead :  D=0x000000000007234c A=0x708b0
4874500: system.cpu: T0 : 0x109da    : c_lw a5, 0(a5)             : MemRead :  D=0x000000000000002d A=0x7234c
4875000: system.cpu: T0 : 0x109dc    : bge zero, a5, 94           : IntAlu : 
4875500: system.cpu: T0 : 0x109e0    : auipc a5, 96               : IntAlu :  D=0x00000000000709e0
4876000: system.cpu: T0 : 0x109e4    : ld a5, -344(a5)            : MemRead :  D=0x00000000000722c8 A=0x70888
4876500: system.cpu: T0 : 0x109e8    : c_lw a5, 0(a5)             : MemRead :  D=0x0000000000000030 A=0x722c8
4877500: system.cpu: T0 : 0x109ea    : addiw a4, a5, -1           : IntAlu :  D=0x000000000000002f
4878500: system.cpu: T0 : 0x109ee    : addiw a3, a4, 0            : IntAlu :  D=0x000000000000002f
4879500: system.cpu: T0 : 0x109f2    : auipc a4, 96               : IntAlu :  D=0x00000000000709f2
4880500: system.cpu: T0 : 0x109f6    : ld a4, -362(a4)            : MemRead :  D=0x00000000000722c8 A=0x70888
4881000: system.cpu: T0 : 0x109fa    : c_sw a3, 0(a4)             : MemWrite :  D=0x000000000000002f A=0x722c8
4881500: system.cpu: T0 : 0x109fc    : bge zero, a5, 62           : IntAlu : 
4882000: system.cpu: T0 : 0x10a00    : auipc a5, 96               : IntAlu :  D=0x0000000000070a00
4882500: system.cpu: T0 : 0x10a04    : ld a5, -336(a5)            : MemRead :  D=0x000000000007234c A=0x708b0
4883000: system.cpu: T0 : 0x10a08    : c_lw a5, 0(a5)             : MemRead :  D=0x000000000000002d A=0x7234c
4883500: system.cpu: T0 : 0x10a0a    : c_addiw a5, -1             : IntAlu :  D=0x000000000000002c
4884000: system.cpu: T0 : 0x10a0c    : addiw a4, a5, 0            : IntAlu :  D=0x000000000000002c
4884500: system.cpu: T0 : 0x10a10    : auipc a5, 96               : IntAlu :  D=0x0000000000070a10
4885000: system.cpu: T0 : 0x10a14    : ld a5, -352(a5)            : MemRead :  D=0x000000000007234c A=0x708b0
4885500: system.cpu: T0 : 0x10a18    : c_sw a4, 0(a5)             : MemWrite :  D=0x000000000000002c A=0x7234c
4886500: system.cpu: T0 : 0x10a1a    : auipc a5, 96               : IntAlu :  D=0x0000000000070a1a
4887500: system.cpu: T0 : 0x10a1e    : ld a5, -426(a5)            : MemRead :  D=0x0000000000071a80 A=0x70870
4888000: system.cpu: T0 : 0x10a22    : c_ld a5, 0(a5)             : MemRead :  D=0x0000000000071a4d A=0x71a80
4888500: system.cpu: T0 : 0x10a24    : addi a3, a5, 1             : IntAlu :  D=0x0000000000071a4e
4889000: system.cpu: T0 : 0x10a28    : auipc a4, 96               : IntAlu :  D=0x0000000000070a28
4889500: system.cpu: T0 : 0x10a2c    : ld a4, -440(a4)            : MemRead :  D=0x0000000000071a80 A=0x70870
4890000: system.cpu: T0 : 0x10a30    : c_sd a3, 0(a4)             : MemWrite :  D=0x0000000000071a4e A=0x71a80
4891000: system.cpu: T0 : 0x10a32    : lbu a5, 0(a5)              : MemRead :  D=0x0000000000000000 A=0x71a4d
4891500: system.cpu: T0 : 0x10a36    : c_addiw a5, 0              : IntAlu :  D=0x0000000000000000
4892000: system.cpu: T0 : 0x10a38    : c_j 4                      : IntAlu : 
4892500: system.cpu: T0 : 0x10a3c    : c_mv a0, a5                : IntAlu :  D=0x0000000000000000
4893000: system.cpu: T0 : 0x10a3e    : c_ldsp s0, 8(sp)           : MemRead :  D=0x7ffffffffffffdd0 A=0x7ffffffffffffd78
4893500: system.cpu: T0 : 0x10a40    : c_addi sp, 16              : IntAlu :  D=0x7ffffffffffffd80
4894000: system.cpu: T0 : 0x10a42    : c_jr ra                    : IntAlu : 
4894500: system.cpu: T0 : 0x10652    : c_mv a5, a0                : IntAlu :  D=0x0000000000000000
4895000: system.cpu: T0 : 0x10654    : c_addiw a5, 0              : IntAlu :  D=0x0000000000000000
4896000: system.cpu: T0 : 0x10656    : addiw s6, a5, 0            : IntAlu :  D=0x0000000000000000
4897000: system.cpu: T0 : 0x1065a    : auipc a5, 95               : IntAlu :  D=0x000000000006f65a
4898000: system.cpu: T0 : 0x1065e    : addi a5, a5, -1578         : IntAlu :  D=0x000000000006f030
4898500: system.cpu: T0 : 0x10662    : c_ld a5, 0(a5)             : MemRead :  D=0x0000000000000005 A=0x6f030
4899000: system.cpu: T0 : 0x10664    : addi a4, a5, 1             : IntAlu :  D=0x0000000000000006
4899500: system.cpu: T0 : 0x10668    : auipc a5, 95               : IntAlu :  D=0x000000000006f668
4900000: system.cpu: T0 : 0x1066c    : addi a5, a5, -1592         : IntAlu :  D=0x000000000006f030
4900500: system.cpu: T0 : 0x10670    : c_sd a4, 0(a5)             : MemWrite :  D=0x0000000000000006 A=0x6f030
4901000: system.cpu: T0 : 0x10672    : c_mv a4, s6                : IntAlu :  D=0x0000000000000000
4901500: system.cpu: T0 : 0x10674    : auipc a5, 95               : IntAlu :  D=0x000000000006f674
4902000: system.cpu: T0 : 0x10678    : addi a5, a5, -1652         : IntAlu :  D=0x000000000006f000
4902500: system.cpu: T0 : 0x1067c    : c_lw a5, 0(a5)             : MemRead :  D=0x0000000000000010 A=0x6f000
4903500: system.cpu: T0 : 0x1067e    : sll a5, a4, a5             : IntAlu :  D=0x0000000000000000
4904500: system.cpu: T0 : 0x10682    : add s2, s4, a5             : IntAlu :  D=0x00000000000000d3
4905500: system.cpu: T0 : 0x10686    : sllw a5, s6, s3            : IntAlu :  D=0x0000000000000000
4906000: system.cpu: T0 : 0x1068a    : c_addiw a5, 0              : IntAlu :  D=0x0000000000000000
4906500: system.cpu: T0 : 0x1068c    : xor s1, s4, a5             : IntAlu :  D=0x00000000000000d3
4907000: system.cpu: T0 : 0x10690    : auipc a4, 96               : IntAlu :  D=0x0000000000070690
4907500: system.cpu: T0 : 0x10694    : ld a4, 496(a4)             : MemRead :  D=0x0000000000071ac0 A=0x70880
4908000: system.cpu: T0 : 0x10698    : slli a5, s1, 3             : IntAlu :  D=0x0000000000000698
4908500: system.cpu: T0 : 0x1069c    : c_add a5, a4               : IntAlu :  D=0x0000000000072158
4909000: system.cpu: T0 : 0x1069e    : c_ld a5, 0(a5)             : MemRead :  D=0xffffffffffffffff A=0x72158
4909500: system.cpu: T0 : 0x106a0    : bne s2, a5, 26             : IntAlu : 
4910500: system.cpu: T0 : 0x106ba    : auipc a4, 96               : IntAlu :  D=0x00000000000706ba
4911500: system.cpu: T0 : 0x106be    : ld a4, 454(a4)             : MemRead :  D=0x0000000000071ac0 A=0x70880
4912500: system.cpu: T0 : 0x106c2    : slli a5, s1, 3             : IntAlu :  D=0x0000000000000698
4913000: system.cpu: T0 : 0x106c6    : c_add a5, a4               : IntAlu :  D=0x0000000000072158
4913500: system.cpu: T0 : 0x106c8    : c_ld a5, 0(a5)             : MemRead :  D=0xffffffffffffffff A=0x72158
4914500: system.cpu: T0 : 0x106ca    : blt a5, zero, 132          : IntAlu : 
4915000: system.cpu: T0 : 0x1074e    : c_addi zero, 0             : IntAlu :  D=0x0000000000000000
4915500: system.cpu: T0 : 0x10750    : c_j 4                      : IntAlu : 
4916000: system.cpu: T0 : 0x10754    : addi a5, gp, -920          : IntAlu :  D=0x0000000000070d48
4916500: system.cpu: T0 : 0x10758    : c_ld a5, 0(a5)             : MemRead :  D=0x0000000000000004 A=0x70d48
4917500: system.cpu: T0 : 0x1075a    : addi a4, a5, 1             : IntAlu :  D=0x0000000000000005
4918500: system.cpu: T0 : 0x1075e    : addi a5, gp, -920          : IntAlu :  D=0x0000000000070d48
4919000: system.cpu: T0 : 0x10762    : c_sd a4, 0(a5)             : MemWrite :  D=0x0000000000000005 A=0x70d48
4919500: system.cpu: T0 : 0x10764    : c_mv s4, s6                : IntAlu :  D=0x0000000000000000
4920500: system.cpu: T0 : 0x10766    : addi a5, gp, -960          : IntAlu :  D=0x0000000000070d20
4921000: system.cpu: T0 : 0x1076a    : c_ld a4, 0(a5)             : MemRead :  D=0x0000000000000105 A=0x70d20
4921500: system.cpu: T0 : 0x1076c    : auipc a5, 95               : IntAlu :  D=0x000000000006f76c
4922000: system.cpu: T0 : 0x10770    : addi a5, a5, -1892         : IntAlu :  D=0x000000000006f008
4922500: system.cpu: T0 : 0x10774    : c_ld a5, 0(a5)             : MemRead :  D=0x0000000000010000 A=0x6f008
4923500: system.cpu: T0 : 0x10776    : bge a4, a5, 64             : IntAlu : 
4924500: system.cpu: T0 : 0x1077a    : addi a5, gp, -960          : IntAlu :  D=0x0000000000070d20
4925000: system.cpu: T0 : 0x1077e    : c_ld a5, 0(a5)             : MemRead :  D=0x0000000000000105 A=0x70d20
4925500: system.cpu: T0 : 0x10780    : addi a3, a5, 1             : IntAlu :  D=0x0000000000000106
4926000: system.cpu: T0 : 0x10784    : addi a4, gp, -960          : IntAlu :  D=0x0000000000070d20
4926500: system.cpu: T0 : 0x10788    : c_sd a3, 0(a4)             : MemWrite :  D=0x0000000000000106 A=0x70d20
4927500: system.cpu: T0 : 0x1078a    : slli a4, a5, 48            : IntAlu :  D=0x0105000000000000
4928000: system.cpu: T0 : 0x1078e    : c_srli a4, 48              : IntAlu :  D=0x0000000000000105
4928500: system.cpu: T0 : 0x10790    : auipc a3, 96               : IntAlu :  D=0x0000000000070790
4929000: system.cpu: T0 : 0x10794    : ld a3, 296(a3)             : MemRead :  D=0x0000000000072350 A=0x708b8
4929500: system.cpu: T0 : 0x10798    : slli a5, s1, 1             : IntAlu :  D=0x00000000000001a6
4930000: system.cpu: T0 : 0x1079c    : c_add a5, a3               : IntAlu :  D=0x00000000000724f6
4931000: system.cpu: T0 : 0x1079e    : sh a4, 0(a5)               : MemWrite :  D=0x0000000000000105 A=0x724f6
4932000: system.cpu: T0 : 0x107a2    : auipc a4, 96               : IntAlu :  D=0x00000000000707a2
4933000: system.cpu: T0 : 0x107a6    : ld a4, 222(a4)             : MemRead :  D=0x0000000000071ac0 A=0x70880
4934000: system.cpu: T0 : 0x107aa    : slli a5, s1, 3             : IntAlu :  D=0x0000000000000698
4934500: system.cpu: T0 : 0x107ae    : c_add a5, a4               : IntAlu :  D=0x0000000000072158
4935000: system.cpu: T0 : 0x107b0    : sd s2, 0(a5)               : MemWrite :  D=0x00000000000000d3 A=0x72158
4935500: system.cpu: T0 : 0x107b4    : c_j 42                     : IntAlu : 
4936500: system.cpu: T0 : 0x107de    : auipc a5, 96               : IntAlu :  D=0x00000000000707de
4937500: system.cpu: T0 : 0x107e2    : ld a5, 210(a5)             : MemRead :  D=0x000000000007234c A=0x708b0
4938000: system.cpu: T0 : 0x107e6    : c_lw a5, 0(a5)             : MemRead :  D=0x000000000000002c A=0x7234c
4938500: system.cpu: T0 : 0x107e8    : blt zero, a5, -414         : IntAlu : 
4939500: system.cpu: T0 : 0x1064a    : sw zero, -68(s0)           : MemWrite :  D=0x0000000000000000 A=0x7ffffffffffffd8c
4940500: system.cpu: T0 : 0x1064e    : jal ra, 894                : IntAlu :  D=0x0000000000010652
4941000: system.cpu: T0 : 0x109cc    : c_addi sp, -16             : IntAlu :  D=0x7ffffffffffffd70
4941500: system.cpu: T0 : 0x109ce    : c_sdsp s0, 8(sp)           : MemWrite :  D=0x7ffffffffffffdd0 A=0x7ffffffffffffd78
4942000: system.cpu: T0 : 0x109d0    : c_addi4spn s0, sp, 16      : IntAlu :  D=0x7ffffffffffffd80
4943000: system.cpu: T0 : 0x109d2    : auipc a5, 96               : IntAlu :  D=0x00000000000709d2
4944000: system.cpu: T0 : 0x109d6    : ld a5, -290(a5)            : MemRead :  D=0x000000000007234c A=0x708b0
4944500: system.cpu: T0 : 0x109da    : c_lw a5, 0(a5)             : MemRead :  D=0x000000000000002c A=0x7234c
4945000: system.cpu: T0 : 0x109dc    : bge zero, a5, 94           : IntAlu : 
4945500: system.cpu: T0 : 0x109e0    : auipc a5, 96               : IntAlu :  D=0x00000000000709e0
4946000: system.cpu: T0 : 0x109e4    : ld a5, -344(a5)            : MemRead :  D=0x00000000000722c8 A=0x70888
4946500: system.cpu: T0 : 0x109e8    : c_lw a5, 0(a5)             : MemRead :  D=0x000000000000002f A=0x722c8
4947500: system.cpu: T0 : 0x109ea    : addiw a4, a5, -1           : IntAlu :  D=0x000000000000002e
4948500: system.cpu: T0 : 0x109ee    : addiw a3, a4, 0            : IntAlu :  D=0x000000000000002e
4949500: system.cpu: T0 : 0x109f2    : auipc a4, 96               : IntAlu :  D=0x00000000000709f2
4950500: system.cpu: T0 : 0x109f6    : ld a4, -362(a4)            : MemRead :  D=0x00000000000722c8 A=0x70888
4951000: system.cpu: T0 : 0x109fa    : c_sw a3, 0(a4)             : MemWrite :  D=0x000000000000002e A=0x722c8
4951500: system.cpu: T0 : 0x109fc    : bge zero, a5, 62           : IntAlu : 
4952000: system.cpu: T0 : 0x10a00    : auipc a5, 96               : IntAlu :  D=0x0000000000070a00
4952500: system.cpu: T0 : 0x10a04    : ld a5, -336(a5)            : MemRead :  D=0x000000000007234c A=0x708b0
4953000: system.cpu: T0 : 0x10a08    : c_lw a5, 0(a5)             : MemRead :  D=0x000000000000002c A=0x7234c
4953500: system.cpu: T0 : 0x10a0a    : c_addiw a5, -1             : IntAlu :  D=0x000000000000002b
4954000: system.cpu: T0 : 0x10a0c    : addiw a4, a5, 0            : IntAlu :  D=0x000000000000002b
4954500: system.cpu: T0 : 0x10a10    : auipc a5, 96               : IntAlu :  D=0x0000000000070a10
4955000: system.cpu: T0 : 0x10a14    : ld a5, -352(a5)            : MemRead :  D=0x000000000007234c A=0x708b0
4955500: system.cpu: T0 : 0x10a18    : c_sw a4, 0(a5)             : MemWrite :  D=0x000000000000002b A=0x7234c
4956500: system.cpu: T0 : 0x10a1a    : auipc a5, 96               : IntAlu :  D=0x0000000000070a1a
4957500: system.cpu: T0 : 0x10a1e    : ld a5, -426(a5)            : MemRead :  D=0x0000000000071a80 A=0x70870
4958000: system.cpu: T0 : 0x10a22    : c_ld a5, 0(a5)             : MemRead :  D=0x0000000000071a4e A=0x71a80
4958500: system.cpu: T0 : 0x10a24    : addi a3, a5, 1             : IntAlu :  D=0x0000000000071a4f
4959000: system.cpu: T0 : 0x10a28    : auipc a4, 96               : IntAlu :  D=0x0000000000070a28
4959500: system.cpu: T0 : 0x10a2c    : ld a4, -440(a4)            : MemRead :  D=0x0000000000071a80 A=0x70870
4960000: system.cpu: T0 : 0x10a30    : c_sd a3, 0(a4)             : MemWrite :  D=0x0000000000071a4f A=0x71a80
4961000: system.cpu: T0 : 0x10a32    : lbu a5, 0(a5)              : MemRead :  D=0x00000000000000dd A=0x71a4e
4961500: system.cpu: T0 : 0x10a36    : c_addiw a5, 0              : IntAlu :  D=0x00000000000000dd
4962000: system.cpu: T0 : 0x10a38    : c_j 4                      : IntAlu : 
4962500: system.cpu: T0 : 0x10a3c    : c_mv a0, a5                : IntAlu :  D=0x00000000000000dd
4963000: system.cpu: T0 : 0x10a3e    : c_ldsp s0, 8(sp)           : MemRead :  D=0x7ffffffffffffdd0 A=0x7ffffffffffffd78
4963500: system.cpu: T0 : 0x10a40    : c_addi sp, 16              : IntAlu :  D=0x7ffffffffffffd80
4964000: system.cpu: T0 : 0x10a42    : c_jr ra                    : IntAlu : 
4964500: system.cpu: T0 : 0x10652    : c_mv a5, a0                : IntAlu :  D=0x00000000000000dd
4965000: system.cpu: T0 : 0x10654    : c_addiw a5, 0              : IntAlu :  D=0x00000000000000dd
4966000: system.cpu: T0 : 0x10656    : addiw s6, a5, 0            : IntAlu :  D=0x00000000000000dd
4967000: system.cpu: T0 : 0x1065a    : auipc a5, 95               : IntAlu :  D=0x000000000006f65a
4968000: system.cpu: T0 : 0x1065e    : addi a5, a5, -1578         : IntAlu :  D=0x000000000006f030
4968500: system.cpu: T0 : 0x10662    : c_ld a5, 0(a5)             : MemRead :  D=0x0000000000000006 A=0x6f030
4969000: system.cpu: T0 : 0x10664    : addi a4, a5, 1             : IntAlu :  D=0x0000000000000007
4969500: system.cpu: T0 : 0x10668    : auipc a5, 95               : IntAlu :  D=0x000000000006f668
4970000: system.cpu: T0 : 0x1066c    : addi a5, a5, -1592         : IntAlu :  D=0x000000000006f030
4970500: system.cpu: T0 : 0x10670    : c_sd a4, 0(a5)             : MemWrite :  D=0x0000000000000007 A=0x6f030
4971000: system.cpu: T0 : 0x10672    : c_mv a4, s6                : IntAlu :  D=0x00000000000000dd
4971500: system.cpu: T0 : 0x10674    : auipc a5, 95               : IntAlu :  D=0x000000000006f674
4972000: system.cpu: T0 : 0x10678    : addi a5, a5, -1652         : IntAlu :  D=0x000000000006f000
4972500: system.cpu: T0 : 0x1067c    : c_lw a5, 0(a5)             : MemRead :  D=0x0000000000000010 A=0x6f000
4973500: system.cpu: T0 : 0x1067e    : sll a5, a4, a5             : IntAlu :  D=0x0000000000dd0000
4974500: system.cpu: T0 : 0x10682    : add s2, s4, a5             : IntAlu :  D=0x0000000000dd0000
4975500: system.cpu: T0 : 0x10686    : sllw a5, s6, s3            : IntAlu :  D=0x00000000000000dd
4976000: system.cpu: T0 : 0x1068a    : c_addiw a5, 0              : IntAlu :  D=0x00000000000000dd
4976500: system.cpu: T0 : 0x1068c    : xor s1, s4, a5             : IntAlu :  D=0x00000000000000dd
4977000: system.cpu: T0 : 0x10690    : auipc a4, 96               : IntAlu :  D=0x0000000000070690
4977500: system.cpu: T0 : 0x10694    : ld a4, 496(a4)             : MemRead :  D=0x0000000000071ac0 A=0x70880
4978000: system.cpu: T0 : 0x10698    : slli a5, s1, 3             : IntAlu :  D=0x00000000000006e8
4978500: system.cpu: T0 : 0x1069c    : c_add a5, a4               : IntAlu :  D=0x00000000000721a8
4979000: system.cpu: T0 : 0x1069e    : c_ld a5, 0(a5)             : MemRead :  D=0xffffffffffffffff A=0x721a8
4979500: system.cpu: T0 : 0x106a0    : bne s2, a5, 26             : IntAlu : 
4980500: system.cpu: T0 : 0x106ba    : auipc a4, 96               : IntAlu :  D=0x00000000000706ba
4981500: system.cpu: T0 : 0x106be    : ld a4, 454(a4)             : MemRead :  D=0x0000000000071ac0 A=0x70880
4982500: system.cpu: T0 : 0x106c2    : slli a5, s1, 3             : IntAlu :  D=0x00000000000006e8
4983000: system.cpu: T0 : 0x106c6    : c_add a5, a4               : IntAlu :  D=0x00000000000721a8
4983500: system.cpu: T0 : 0x106c8    : c_ld a5, 0(a5)             : MemRead :  D=0xffffffffffffffff A=0x721a8
4984500: system.cpu: T0 : 0x106ca    : blt a5, zero, 132          : IntAlu : 
4985000: system.cpu: T0 : 0x1074e    : c_addi zero, 0             : IntAlu :  D=0x0000000000000000
4985500: system.cpu: T0 : 0x10750    : c_j 4                      : IntAlu : 
4986000: system.cpu: T0 : 0x10754    : addi a5, gp, -920          : IntAlu :  D=0x0000000000070d48
4986500: system.cpu: T0 : 0x10758    : c_ld a5, 0(a5)             : MemRead :  D=0x0000000000000005 A=0x70d48
4987500: system.cpu: T0 : 0x1075a    : addi a4, a5, 1             : IntAlu :  D=0x0000000000000006
4988500: system.cpu: T0 : 0x1075e    : addi a5, gp, -920          : IntAlu :  D=0x0000000000070d48
4989000: system.cpu: T0 : 0x10762    : c_sd a4, 0(a5)             : MemWrite :  D=0x0000000000000006 A=0x70d48
4989500: system.cpu: T0 : 0x10764    : c_mv s4, s6                : IntAlu :  D=0x00000000000000dd
4990500: system.cpu: T0 : 0x10766    : addi a5, gp, -960          : IntAlu :  D=0x0000000000070d20
4991000: system.cpu: T0 : 0x1076a    : c_ld a4, 0(a5)             : MemRead :  D=0x0000000000000106 A=0x70d20
4991500: system.cpu: T0 : 0x1076c    : auipc a5, 95               : IntAlu :  D=0x000000000006f76c
4992000: system.cpu: T0 : 0x10770    : addi a5, a5, -1892         : IntAlu :  D=0x000000000006f008
4992500: system.cpu: T0 : 0x10774    : c_ld a5, 0(a5)             : MemRead :  D=0x0000000000010000 A=0x6f008
4993500: system.cpu: T0 : 0x10776    : bge a4, a5, 64             : IntAlu : 
4994500: system.cpu: T0 : 0x1077a    : addi a5, gp, -960          : IntAlu :  D=0x0000000000070d20
4995000: system.cpu: T0 : 0x1077e    : c_ld a5, 0(a5)             : MemRead :  D=0x0000000000000106 A=0x70d20
4995500: system.cpu: T0 : 0x10780    : addi a3, a5, 1             : IntAlu :  D=0x0000000000000107
4996000: system.cpu: T0 : 0x10784    : addi a4, gp, -960          : IntAlu :  D=0x0000000000070d20
4996500: system.cpu: T0 : 0x10788    : c_sd a3, 0(a4)             : MemWrite :  D=0x0000000000000107 A=0x70d20
4997500: system.cpu: T0 : 0x1078a    : slli a4, a5, 48            : IntAlu :  D=0x0106000000000000
4998000: system.cpu: T0 : 0x1078e    : c_srli a4, 48              : IntAlu :  D=0x0000000000000106
4998500: system.cpu: T0 : 0x10790    : auipc a3, 96               : IntAlu :  D=0x0000000000070790
4999000: system.cpu: T0 : 0x10794    : ld a3, 296(a3)             : MemRead :  D=0x0000000000072350 A=0x708b8
4999500: system.cpu: T0 : 0x10798    : slli a5, s1, 1             : IntAlu :  D=0x00000000000001ba
5000000: system.cpu: T0 : 0x1079c    : c_add a5, a3               : IntAlu :  D=0x000000000007250a
5001000: system.cpu: T0 : 0x1079e    : sh a4, 0(a5)               : MemWrite :  D=0x0000000000000106 A=0x7250a
5002000: system.cpu: T0 : 0x107a2    : auipc a4, 96               : IntAlu :  D=0x00000000000707a2
5003000: system.cpu: T0 : 0x107a6    : ld a4, 222(a4)             : MemRead :  D=0x0000000000071ac0 A=0x70880
5004000: system.cpu: T0 : 0x107aa    : slli a5, s1, 3             : IntAlu :  D=0x00000000000006e8
5004500: system.cpu: T0 : 0x107ae    : c_add a5, a4               : IntAlu :  D=0x00000000000721a8
5005000: system.cpu: T0 : 0x107b0    : sd s2, 0(a5)               : MemWrite :  D=0x0000000000dd0000 A=0x721a8
5005500: system.cpu: T0 : 0x107b4    : c_j 42                     : IntAlu : 
5006500: system.cpu: T0 : 0x107de    : auipc a5, 96               : IntAlu :  D=0x00000000000707de
5007500: system.cpu: T0 : 0x107e2    : ld a5, 210(a5)             : MemRead :  D=0x000000000007234c A=0x708b0
5008000: system.cpu: T0 : 0x107e6    : c_lw a5, 0(a5)             : MemRead :  D=0x000000000000002b A=0x7234c
5008500: system.cpu: T0 : 0x107e8    : blt zero, a5, -414         : IntAlu : 
5009500: system.cpu: T0 : 0x1064a    : sw zero, -68(s0)           : MemWrite :  D=0x0000000000000000 A=0x7ffffffffffffd8c
5010500: system.cpu: T0 : 0x1064e    : jal ra, 894                : IntAlu :  D=0x0000000000010652
5011000: system.cpu: T0 : 0x109cc    : c_addi sp, -16             : IntAlu :  D=0x7ffffffffffffd70
5011500: system.cpu: T0 : 0x109ce    : c_sdsp s0, 8(sp)           : MemWrite :  D=0x7ffffffffffffdd0 A=0x7ffffffffffffd78
5012000: system.cpu: T0 : 0x109d0    : c_addi4spn s0, sp, 16      : IntAlu :  D=0x7ffffffffffffd80
5013000: system.cpu: T0 : 0x109d2    : auipc a5, 96               : IntAlu :  D=0x00000000000709d2
5014000: system.cpu: T0 : 0x109d6    : ld a5, -290(a5)            : MemRead :  D=0x000000000007234c A=0x708b0
5014500: system.cpu: T0 : 0x109da    : c_lw a5, 0(a5)             : MemRead :  D=0x000000000000002b A=0x7234c
5015000: system.cpu: T0 : 0x109dc    : bge zero, a5, 94           : IntAlu : 
5015500: system.cpu: T0 : 0x109e0    : auipc a5, 96               : IntAlu :  D=0x00000000000709e0
5016000: system.cpu: T0 : 0x109e4    : ld a5, -344(a5)            : MemRead :  D=0x00000000000722c8 A=0x70888
5016500: system.cpu: T0 : 0x109e8    : c_lw a5, 0(a5)             : MemRead :  D=0x000000000000002e A=0x722c8
5017500: system.cpu: T0 : 0x109ea    : addiw a4, a5, -1           : IntAlu :  D=0x000000000000002d
5018500: system.cpu: T0 : 0x109ee    : addiw a3, a4, 0            : IntAlu :  D=0x000000000000002d
5019500: system.cpu: T0 : 0x109f2    : auipc a4, 96               : IntAlu :  D=0x00000000000709f2
5020500: system.cpu: T0 : 0x109f6    : ld a4, -362(a4)            : MemRead :  D=0x00000000000722c8 A=0x70888
5021000: system.cpu: T0 : 0x109fa    : c_sw a3, 0(a4)             : MemWrite :  D=0x000000000000002d A=0x722c8
5021500: system.cpu: T0 : 0x109fc    : bge zero, a5, 62           : IntAlu : 
5022000: system.cpu: T0 : 0x10a00    : auipc a5, 96               : IntAlu :  D=0x0000000000070a00
5022500: system.cpu: T0 : 0x10a04    : ld a5, -336(a5)            : MemRead :  D=0x000000000007234c A=0x708b0
5023000: system.cpu: T0 : 0x10a08    : c_lw a5, 0(a5)             : MemRead :  D=0x000000000000002b A=0x7234c
5023500: system.cpu: T0 : 0x10a0a    : c_addiw a5, -1             : IntAlu :  D=0x000000000000002a
5024000: system.cpu: T0 : 0x10a0c    : addiw a4, a5, 0            : IntAlu :  D=0x000000000000002a
5024500: system.cpu: T0 : 0x10a10    : auipc a5, 96               : IntAlu :  D=0x0000000000070a10
5025000: system.cpu: T0 : 0x10a14    : ld a5, -352(a5)            : MemRead :  D=0x000000000007234c A=0x708b0
5025500: system.cpu: T0 : 0x10a18    : c_sw a4, 0(a5)             : MemWrite :  D=0x000000000000002a A=0x7234c
5026500: system.cpu: T0 : 0x10a1a    : auipc a5, 96               : IntAlu :  D=0x0000000000070a1a
5027500: system.cpu: T0 : 0x10a1e    : ld a5, -426(a5)            : MemRead :  D=0x0000000000071a80 A=0x70870
5028000: system.cpu: T0 : 0x10a22    : c_ld a5, 0(a5)             : MemRead :  D=0x0000000000071a4f A=0x71a80
5028500: system.cpu: T0 : 0x10a24    : addi a3, a5, 1             : IntAlu :  D=0x0000000000071a50
5029000: system.cpu: T0 : 0x10a28    : auipc a4, 96               : IntAlu :  D=0x0000000000070a28
5029500: system.cpu: T0 : 0x10a2c    : ld a4, -440(a4)            : MemRead :  D=0x0000000000071a80 A=0x70870
5030000: system.cpu: T0 : 0x10a30    : c_sd a3, 0(a4)             : MemWrite :  D=0x0000000000071a50 A=0x71a80
5031000: system.cpu: T0 : 0x10a32    : lbu a5, 0(a5)              : MemRead :  D=0x0000000000000095 A=0x71a4f
5031500: system.cpu: T0 : 0x10a36    : c_addiw a5, 0              : IntAlu :  D=0x0000000000000095
5032000: system.cpu: T0 : 0x10a38    : c_j 4                      : IntAlu : 
5032500: system.cpu: T0 : 0x10a3c    : c_mv a0, a5                : IntAlu :  D=0x0000000000000095
5033000: system.cpu: T0 : 0x10a3e    : c_ldsp s0, 8(sp)           : MemRead :  D=0x7ffffffffffffdd0 A=0x7ffffffffffffd78
5033500: system.cpu: T0 : 0x10a40    : c_addi sp, 16              : IntAlu :  D=0x7ffffffffffffd80
5034000: system.cpu: T0 : 0x10a42    : c_jr ra                    : IntAlu : 
5034500: system.cpu: T0 : 0x10652    : c_mv a5, a0                : IntAlu :  D=0x0000000000000095
5035000: system.cpu: T0 : 0x10654    : c_addiw a5, 0              : IntAlu :  D=0x0000000000000095
5036000: system.cpu: T0 : 0x10656    : addiw s6, a5, 0            : IntAlu :  D=0x0000000000000095
5037000: system.cpu: T0 : 0x1065a    : auipc a5, 95               : IntAlu :  D=0x000000000006f65a
5038000: system.cpu: T0 : 0x1065e    : addi a5, a5, -1578         : IntAlu :  D=0x000000000006f030
5038500: system.cpu: T0 : 0x10662    : c_ld a5, 0(a5)             : MemRead :  D=0x0000000000000007 A=0x6f030
5039000: system.cpu: T0 : 0x10664    : addi a4, a5, 1             : IntAlu :  D=0x0000000000000008
5039500: system.cpu: T0 : 0x10668    : auipc a5, 95               : IntAlu :  D=0x000000000006f668
5040000: system.cpu: T0 : 0x1066c    : addi a5, a5, -1592         : IntAlu :  D=0x000000000006f030
5040500: system.cpu: T0 : 0x10670    : c_sd a4, 0(a5)             : MemWrite :  D=0x0000000000000008 A=0x6f030
5041000: system.cpu: T0 : 0x10672    : c_mv a4, s6                : IntAlu :  D=0x0000000000000095
5041500: system.cpu: T0 : 0x10674    : auipc a5, 95               : IntAlu :  D=0x000000000006f674
5042000: system.cpu: T0 : 0x10678    : addi a5, a5, -1652         : IntAlu :  D=0x000000000006f000
5042500: system.cpu: T0 : 0x1067c    : c_lw a5, 0(a5)             : MemRead :  D=0x0000000000000010 A=0x6f000
5043500: system.cpu: T0 : 0x1067e    : sll a5, a4, a5             : IntAlu :  D=0x0000000000950000
5044500: system.cpu: T0 : 0x10682    : add s2, s4, a5             : IntAlu :  D=0x00000000009500dd
5045500: system.cpu: T0 : 0x10686    : sllw a5, s6, s3            : IntAlu :  D=0x0000000000000095
5046000: system.cpu: T0 : 0x1068a    : c_addiw a5, 0              : IntAlu :  D=0x0000000000000095
5046500: system.cpu: T0 : 0x1068c    : xor s1, s4, a5             : IntAlu :  D=0x0000000000000048
5047000: system.cpu: T0 : 0x10690    : auipc a4, 96               : IntAlu :  D=0x0000000000070690
5047500: system.cpu: T0 : 0x10694    : ld a4, 496(a4)             : MemRead :  D=0x0000000000071ac0 A=0x70880
5048000: system.cpu: T0 : 0x10698    : slli a5, s1, 3             : IntAlu :  D=0x0000000000000240
5048500: system.cpu: T0 : 0x1069c    : c_add a5, a4               : IntAlu :  D=0x0000000000071d00
5049000: system.cpu: T0 : 0x1069e    : c_ld a5, 0(a5)             : MemRead :  D=0xffffffffffffffff A=0x71d00
5049500: system.cpu: T0 : 0x106a0    : bne s2, a5, 26             : IntAlu : 
5050500: system.cpu: T0 : 0x106ba    : auipc a4, 96               : IntAlu :  D=0x00000000000706ba
5051500: system.cpu: T0 : 0x106be    : ld a4, 454(a4)             : MemRead :  D=0x0000000000071ac0 A=0x70880
5052500: system.cpu: T0 : 0x106c2    : slli a5, s1, 3             : IntAlu :  D=0x0000000000000240
5053000: system.cpu: T0 : 0x106c6    : c_add a5, a4               : IntAlu :  D=0x0000000000071d00
5053500: system.cpu: T0 : 0x106c8    : c_ld a5, 0(a5)             : MemRead :  D=0xffffffffffffffff A=0x71d00
5054500: system.cpu: T0 : 0x106ca    : blt a5, zero, 132          : IntAlu : 
5055000: system.cpu: T0 : 0x1074e    : c_addi zero, 0             : IntAlu :  D=0x0000000000000000
5055500: system.cpu: T0 : 0x10750    : c_j 4                      : IntAlu : 
5056000: system.cpu: T0 : 0x10754    : addi a5, gp, -920          : IntAlu :  D=0x0000000000070d48
5056500: system.cpu: T0 : 0x10758    : c_ld a5, 0(a5)             : MemRead :  D=0x0000000000000006 A=0x70d48
5057500: system.cpu: T0 : 0x1075a    : addi a4, a5, 1             : IntAlu :  D=0x0000000000000007
5058500: system.cpu: T0 : 0x1075e    : addi a5, gp, -920          : IntAlu :  D=0x0000000000070d48
5059000: system.cpu: T0 : 0x10762    : c_sd a4, 0(a5)             : MemWrite :  D=0x0000000000000007 A=0x70d48
5059500: system.cpu: T0 : 0x10764    : c_mv s4, s6                : IntAlu :  D=0x0000000000000095
5060500: system.cpu: T0 : 0x10766    : addi a5, gp, -960          : IntAlu :  D=0x0000000000070d20
5061000: system.cpu: T0 : 0x1076a    : c_ld a4, 0(a5)             : MemRead :  D=0x0000000000000107 A=0x70d20
5061500: system.cpu: T0 : 0x1076c    : auipc a5, 95               : IntAlu :  D=0x000000000006f76c
5062000: system.cpu: T0 : 0x10770    : addi a5, a5, -1892         : IntAlu :  D=0x000000000006f008
5062500: system.cpu: T0 : 0x10774    : c_ld a5, 0(a5)             : MemRead :  D=0x0000000000010000 A=0x6f008
5063500: system.cpu: T0 : 0x10776    : bge a4, a5, 64             : IntAlu : 
5064500: system.cpu: T0 : 0x1077a    : addi a5, gp, -960          : IntAlu :  D=0x0000000000070d20
5065000: system.cpu: T0 : 0x1077e    : c_ld a5, 0(a5)             : MemRead :  D=0x0000000000000107 A=0x70d20
5065500: system.cpu: T0 : 0x10780    : addi a3, a5, 1             : IntAlu :  D=0x0000000000000108
5066000: system.cpu: T0 : 0x10784    : addi a4, gp, -960          : IntAlu :  D=0x0000000000070d20
5066500: system.cpu: T0 : 0x10788    : c_sd a3, 0(a4)             : MemWrite :  D=0x0000000000000108 A=0x70d20
5067500: system.cpu: T0 : 0x1078a    : slli a4, a5, 48            : IntAlu :  D=0x0107000000000000
5068000: system.cpu: T0 : 0x1078e    : c_srli a4, 48              : IntAlu :  D=0x0000000000000107
5068500: system.cpu: T0 : 0x10790    : auipc a3, 96               : IntAlu :  D=0x0000000000070790
5069000: system.cpu: T0 : 0x10794    : ld a3, 296(a3)             : MemRead :  D=0x0000000000072350 A=0x708b8
5069500: system.cpu: T0 : 0x10798    : slli a5, s1, 1             : IntAlu :  D=0x0000000000000090
5070000: system.cpu: T0 : 0x1079c    : c_add a5, a3               : IntAlu :  D=0x00000000000723e0
5071000: system.cpu: T0 : 0x1079e    : sh a4, 0(a5)               : MemWrite :  D=0x0000000000000107 A=0x723e0
5072000: system.cpu: T0 : 0x107a2    : auipc a4, 96               : IntAlu :  D=0x00000000000707a2
5073000: system.cpu: T0 : 0x107a6    : ld a4, 222(a4)             : MemRead :  D=0x0000000000071ac0 A=0x70880
5074000: system.cpu: T0 : 0x107aa    : slli a5, s1, 3             : IntAlu :  D=0x0000000000000240
5074500: system.cpu: T0 : 0x107ae    : c_add a5, a4               : IntAlu :  D=0x0000000000071d00
5075000: system.cpu: T0 : 0x107b0    : sd s2, 0(a5)               : MemWrite :  D=0x00000000009500dd A=0x71d00
5075500: system.cpu: T0 : 0x107b4    : c_j 42                     : IntAlu : 
5076500: system.cpu: T0 : 0x107de    : auipc a5, 96               : IntAlu :  D=0x00000000000707de
5077500: system.cpu: T0 : 0x107e2    : ld a5, 210(a5)             : MemRead :  D=0x000000000007234c A=0x708b0
5078000: system.cpu: T0 : 0x107e6    : c_lw a5, 0(a5)             : MemRead :  D=0x000000000000002a A=0x7234c
5078500: system.cpu: T0 : 0x107e8    : blt zero, a5, -414         : IntAlu : 
5079500: system.cpu: T0 : 0x1064a    : sw zero, -68(s0)           : MemWrite :  D=0x0000000000000000 A=0x7ffffffffffffd8c
5080500: system.cpu: T0 : 0x1064e    : jal ra, 894                : IntAlu :  D=0x0000000000010652
5081000: system.cpu: T0 : 0x109cc    : c_addi sp, -16             : IntAlu :  D=0x7ffffffffffffd70
5081500: system.cpu: T0 : 0x109ce    : c_sdsp s0, 8(sp)           : MemWrite :  D=0x7ffffffffffffdd0 A=0x7ffffffffffffd78
5082000: system.cpu: T0 : 0x109d0    : c_addi4spn s0, sp, 16      : IntAlu :  D=0x7ffffffffffffd80
5083000: system.cpu: T0 : 0x109d2    : auipc a5, 96               : IntAlu :  D=0x00000000000709d2
5084000: system.cpu: T0 : 0x109d6    : ld a5, -290(a5)            : MemRead :  D=0x000000000007234c A=0x708b0
5084500: system.cpu: T0 : 0x109da    : c_lw a5, 0(a5)             : MemRead :  D=0x000000000000002a A=0x7234c
5085000: system.cpu: T0 : 0x109dc    : bge zero, a5, 94           : IntAlu : 
5085500: system.cpu: T0 : 0x109e0    : auipc a5, 96               : IntAlu :  D=0x00000000000709e0
5086000: system.cpu: T0 : 0x109e4    : ld a5, -344(a5)            : MemRead :  D=0x00000000000722c8 A=0x70888
5086500: system.cpu: T0 : 0x109e8    : c_lw a5, 0(a5)             : MemRead :  D=0x000000000000002d A=0x722c8
5087500: system.cpu: T0 : 0x109ea    : addiw a4, a5, -1           : IntAlu :  D=0x000000000000002c
5088500: system.cpu: T0 : 0x109ee    : addiw a3, a4, 0            : IntAlu :  D=0x000000000000002c
5089500: system.cpu: T0 : 0x109f2    : auipc a4, 96               : IntAlu :  D=0x00000000000709f2
5090500: system.cpu: T0 : 0x109f6    : ld a4, -362(a4)            : MemRead :  D=0x00000000000722c8 A=0x70888
5091000: system.cpu: T0 : 0x109fa    : c_sw a3, 0(a4)             : MemWrite :  D=0x000000000000002c A=0x722c8
5091500: system.cpu: T0 : 0x109fc    : bge zero, a5, 62           : IntAlu : 
5092000: system.cpu: T0 : 0x10a00    : auipc a5, 96               : IntAlu :  D=0x0000000000070a00
5092500: system.cpu: T0 : 0x10a04    : ld a5, -336(a5)            : MemRead :  D=0x000000000007234c A=0x708b0
5093000: system.cpu: T0 : 0x10a08    : c_lw a5, 0(a5)             : MemRead :  D=0x000000000000002a A=0x7234c
5093500: system.cpu: T0 : 0x10a0a    : c_addiw a5, -1             : IntAlu :  D=0x0000000000000029
5094000: system.cpu: T0 : 0x10a0c    : addiw a4, a5, 0            : IntAlu :  D=0x0000000000000029
5094500: system.cpu: T0 : 0x10a10    : auipc a5, 96               : IntAlu :  D=0x0000000000070a10
5095000: system.cpu: T0 : 0x10a14    : ld a5, -352(a5)            : MemRead :  D=0x000000000007234c A=0x708b0
5095500: system.cpu: T0 : 0x10a18    : c_sw a4, 0(a5)             : MemWrite :  D=0x0000000000000029 A=0x7234c
5096500: system.cpu: T0 : 0x10a1a    : auipc a5, 96               : IntAlu :  D=0x0000000000070a1a
5097500: system.cpu: T0 : 0x10a1e    : ld a5, -426(a5)            : MemRead :  D=0x0000000000071a80 A=0x70870
5098000: system.cpu: T0 : 0x10a22    : c_ld a5, 0(a5)             : MemRead :  D=0x0000000000071a50 A=0x71a80
5098500: system.cpu: T0 : 0x10a24    : addi a3, a5, 1             : IntAlu :  D=0x0000000000071a51
5099000: system.cpu: T0 : 0x10a28    : auipc a4, 96               : IntAlu :  D=0x0000000000070a28
5099500: system.cpu: T0 : 0x10a2c    : ld a4, -440(a4)            : MemRead :  D=0x0000000000071a80 A=0x70870
5100000: system.cpu: T0 : 0x10a30    : c_sd a3, 0(a4)             : MemWrite :  D=0x0000000000071a51 A=0x71a80
5101000: system.cpu: T0 : 0x10a32    : lbu a5, 0(a5)              : MemRead :  D=0x0000000000000063 A=0x71a50
5101500: system.cpu: T0 : 0x10a36    : c_addiw a5, 0              : IntAlu :  D=0x0000000000000063
5102000: system.cpu: T0 : 0x10a38    : c_j 4                      : IntAlu : 
5102500: system.cpu: T0 : 0x10a3c    : c_mv a0, a5                : IntAlu :  D=0x0000000000000063
5103000: system.cpu: T0 : 0x10a3e    : c_ldsp s0, 8(sp)           : MemRead :  D=0x7ffffffffffffdd0 A=0x7ffffffffffffd78
5103500: system.cpu: T0 : 0x10a40    : c_addi sp, 16              : IntAlu :  D=0x7ffffffffffffd80
5104000: system.cpu: T0 : 0x10a42    : c_jr ra                    : IntAlu : 
5104500: system.cpu: T0 : 0x10652    : c_mv a5, a0                : IntAlu :  D=0x0000000000000063
5105000: system.cpu: T0 : 0x10654    : c_addiw a5, 0              : IntAlu :  D=0x0000000000000063
5106000: system.cpu: T0 : 0x10656    : addiw s6, a5, 0            : IntAlu :  D=0x0000000000000063
5107000: system.cpu: T0 : 0x1065a    : auipc a5, 95               : IntAlu :  D=0x000000000006f65a
5108000: system.cpu: T0 : 0x1065e    : addi a5, a5, -1578         : IntAlu :  D=0x000000000006f030
5108500: system.cpu: T0 : 0x10662    : c_ld a5, 0(a5)             : MemRead :  D=0x0000000000000008 A=0x6f030
5109000: system.cpu: T0 : 0x10664    : addi a4, a5, 1             : IntAlu :  D=0x0000000000000009
5109500: system.cpu: T0 : 0x10668    : auipc a5, 95               : IntAlu :  D=0x000000000006f668
5110000: system.cpu: T0 : 0x1066c    : addi a5, a5, -1592         : IntAlu :  D=0x000000000006f030
5110500: system.cpu: T0 : 0x10670    : c_sd a4, 0(a5)             : MemWrite :  D=0x0000000000000009 A=0x6f030
5111000: system.cpu: T0 : 0x10672    : c_mv a4, s6                : IntAlu :  D=0x0000000000000063
5111500: system.cpu: T0 : 0x10674    : auipc a5, 95               : IntAlu :  D=0x000000000006f674
5112000: system.cpu: T0 : 0x10678    : addi a5, a5, -1652         : IntAlu :  D=0x000000000006f000
5112500: system.cpu: T0 : 0x1067c    : c_lw a5, 0(a5)             : MemRead :  D=0x0000000000000010 A=0x6f000
5113500: system.cpu: T0 : 0x1067e    : sll a5, a4, a5             : IntAlu :  D=0x0000000000630000
5114500: system.cpu: T0 : 0x10682    : add s2, s4, a5             : IntAlu :  D=0x0000000000630095
5115500: system.cpu: T0 : 0x10686    : sllw a5, s6, s3            : IntAlu :  D=0x0000000000000063
5116000: system.cpu: T0 : 0x1068a    : c_addiw a5, 0              : IntAlu :  D=0x0000000000000063
5116500: system.cpu: T0 : 0x1068c    : xor s1, s4, a5             : IntAlu :  D=0x00000000000000f6
5117000: system.cpu: T0 : 0x10690    : auipc a4, 96               : IntAlu :  D=0x0000000000070690
5117500: system.cpu: T0 : 0x10694    : ld a4, 496(a4)             : MemRead :  D=0x0000000000071ac0 A=0x70880
5118000: system.cpu: T0 : 0x10698    : slli a5, s1, 3             : IntAlu :  D=0x00000000000007b0
5118500: system.cpu: T0 : 0x1069c    : c_add a5, a4               : IntAlu :  D=0x0000000000072270
5119000: system.cpu: T0 : 0x1069e    : c_ld a5, 0(a5)             : MemRead :  D=0xffffffffffffffff A=0x72270
5119500: system.cpu: T0 : 0x106a0    : bne s2, a5, 26             : IntAlu : 
5120500: system.cpu: T0 : 0x106ba    : auipc a4, 96               : IntAlu :  D=0x00000000000706ba
5121500: system.cpu: T0 : 0x106be    : ld a4, 454(a4)             : MemRead :  D=0x0000000000071ac0 A=0x70880
5122500: system.cpu: T0 : 0x106c2    : slli a5, s1, 3             : IntAlu :  D=0x00000000000007b0
5123000: system.cpu: T0 : 0x106c6    : c_add a5, a4               : IntAlu :  D=0x0000000000072270
5123500: system.cpu: T0 : 0x106c8    : c_ld a5, 0(a5)             : MemRead :  D=0xffffffffffffffff A=0x72270
5124500: system.cpu: T0 : 0x106ca    : blt a5, zero, 132          : IntAlu : 
5125000: system.cpu: T0 : 0x1074e    : c_addi zero, 0             : IntAlu :  D=0x0000000000000000
5125500: system.cpu: T0 : 0x10750    : c_j 4                      : IntAlu : 
5126000: system.cpu: T0 : 0x10754    : addi a5, gp, -920          : IntAlu :  D=0x0000000000070d48
5126500: system.cpu: T0 : 0x10758    : c_ld a5, 0(a5)             : MemRead :  D=0x0000000000000007 A=0x70d48
5127500: system.cpu: T0 : 0x1075a    : addi a4, a5, 1             : IntAlu :  D=0x0000000000000008
5128500: system.cpu: T0 : 0x1075e    : addi a5, gp, -920          : IntAlu :  D=0x0000000000070d48
5129000: system.cpu: T0 : 0x10762    : c_sd a4, 0(a5)             : MemWrite :  D=0x0000000000000008 A=0x70d48
5129500: system.cpu: T0 : 0x10764    : c_mv s4, s6                : IntAlu :  D=0x0000000000000063
5130500: system.cpu: T0 : 0x10766    : addi a5, gp, -960          : IntAlu :  D=0x0000000000070d20
5131000: system.cpu: T0 : 0x1076a    : c_ld a4, 0(a5)             : MemRead :  D=0x0000000000000108 A=0x70d20
5131500: system.cpu: T0 : 0x1076c    : auipc a5, 95               : IntAlu :  D=0x000000000006f76c
5132000: system.cpu: T0 : 0x10770    : addi a5, a5, -1892         : IntAlu :  D=0x000000000006f008
5132500: system.cpu: T0 : 0x10774    : c_ld a5, 0(a5)             : MemRead :  D=0x0000000000010000 A=0x6f008
5133500: system.cpu: T0 : 0x10776    : bge a4, a5, 64             : IntAlu : 
5134500: system.cpu: T0 : 0x1077a    : addi a5, gp, -960          : IntAlu :  D=0x0000000000070d20
5135000: system.cpu: T0 : 0x1077e    : c_ld a5, 0(a5)             : MemRead :  D=0x0000000000000108 A=0x70d20
5135500: system.cpu: T0 : 0x10780    : addi a3, a5, 1             : IntAlu :  D=0x0000000000000109
5136000: system.cpu: T0 : 0x10784    : addi a4, gp, -960          : IntAlu :  D=0x0000000000070d20
5136500: system.cpu: T0 : 0x10788    : c_sd a3, 0(a4)             : MemWrite :  D=0x0000000000000109 A=0x70d20
5137500: system.cpu: T0 : 0x1078a    : slli a4, a5, 48            : IntAlu :  D=0x0108000000000000
5138000: system.cpu: T0 : 0x1078e    : c_srli a4, 48              : IntAlu :  D=0x0000000000000108
5138500: system.cpu: T0 : 0x10790    : auipc a3, 96               : IntAlu :  D=0x0000000000070790
5139000: system.cpu: T0 : 0x10794    : ld a3, 296(a3)             : MemRead :  D=0x0000000000072350 A=0x708b8
5139500: system.cpu: T0 : 0x10798    : slli a5, s1, 1             : IntAlu :  D=0x00000000000001ec
5140000: system.cpu: T0 : 0x1079c    : c_add a5, a3               : IntAlu :  D=0x000000000007253c
5141000: system.cpu: T0 : 0x1079e    : sh a4, 0(a5)               : MemWrite :  D=0x0000000000000108 A=0x7253c
5142000: system.cpu: T0 : 0x107a2    : auipc a4, 96               : IntAlu :  D=0x00000000000707a2
5143000: system.cpu: T0 : 0x107a6    : ld a4, 222(a4)             : MemRead :  D=0x0000000000071ac0 A=0x70880
5144000: system.cpu: T0 : 0x107aa    : slli a5, s1, 3             : IntAlu :  D=0x00000000000007b0
5144500: system.cpu: T0 : 0x107ae    : c_add a5, a4               : IntAlu :  D=0x0000000000072270
5145000: system.cpu: T0 : 0x107b0    : sd s2, 0(a5)               : MemWrite :  D=0x0000000000630095 A=0x72270
5145500: system.cpu: T0 : 0x107b4    : c_j 42                     : IntAlu : 
5146500: system.cpu: T0 : 0x107de    : auipc a5, 96               : IntAlu :  D=0x00000000000707de
5147500: system.cpu: T0 : 0x107e2    : ld a5, 210(a5)             : MemRead :  D=0x000000000007234c A=0x708b0
5148000: system.cpu: T0 : 0x107e6    : c_lw a5, 0(a5)             : MemRead :  D=0x0000000000000029 A=0x7234c
5148500: system.cpu: T0 : 0x107e8    : blt zero, a5, -414         : IntAlu : 
5149500: system.cpu: T0 : 0x1064a    : sw zero, -68(s0)           : MemWrite :  D=0x0000000000000000 A=0x7ffffffffffffd8c
5150500: system.cpu: T0 : 0x1064e    : jal ra, 894                : IntAlu :  D=0x0000000000010652
5151000: system.cpu: T0 : 0x109cc    : c_addi sp, -16             : IntAlu :  D=0x7ffffffffffffd70
5151500: system.cpu: T0 : 0x109ce    : c_sdsp s0, 8(sp)           : MemWrite :  D=0x7ffffffffffffdd0 A=0x7ffffffffffffd78
5152000: system.cpu: T0 : 0x109d0    : c_addi4spn s0, sp, 16      : IntAlu :  D=0x7ffffffffffffd80
5153000: system.cpu: T0 : 0x109d2    : auipc a5, 96               : IntAlu :  D=0x00000000000709d2
5154000: system.cpu: T0 : 0x109d6    : ld a5, -290(a5)            : MemRead :  D=0x000000000007234c A=0x708b0
5154500: system.cpu: T0 : 0x109da    : c_lw a5, 0(a5)             : MemRead :  D=0x0000000000000029 A=0x7234c
5155000: system.cpu: T0 : 0x109dc    : bge zero, a5, 94           : IntAlu : 
5155500: system.cpu: T0 : 0x109e0    : auipc a5, 96               : IntAlu :  D=0x00000000000709e0
5156000: system.cpu: T0 : 0x109e4    : ld a5, -344(a5)            : MemRead :  D=0x00000000000722c8 A=0x70888
5156500: system.cpu: T0 : 0x109e8    : c_lw a5, 0(a5)             : MemRead :  D=0x000000000000002c A=0x722c8
5157500: system.cpu: T0 : 0x109ea    : addiw a4, a5, -1           : IntAlu :  D=0x000000000000002b
5158500: system.cpu: T0 : 0x109ee    : addiw a3, a4, 0            : IntAlu :  D=0x000000000000002b
5159500: system.cpu: T0 : 0x109f2    : auipc a4, 96               : IntAlu :  D=0x00000000000709f2
5160500: system.cpu: T0 : 0x109f6    : ld a4, -362(a4)            : MemRead :  D=0x00000000000722c8 A=0x70888
5161000: system.cpu: T0 : 0x109fa    : c_sw a3, 0(a4)             : MemWrite :  D=0x000000000000002b A=0x722c8
5161500: system.cpu: T0 : 0x109fc    : bge zero, a5, 62           : IntAlu : 
5162000: system.cpu: T0 : 0x10a00    : auipc a5, 96               : IntAlu :  D=0x0000000000070a00
5162500: system.cpu: T0 : 0x10a04    : ld a5, -336(a5)            : MemRead :  D=0x000000000007234c A=0x708b0
5163000: system.cpu: T0 : 0x10a08    : c_lw a5, 0(a5)             : MemRead :  D=0x0000000000000029 A=0x7234c
5163500: system.cpu: T0 : 0x10a0a    : c_addiw a5, -1             : IntAlu :  D=0x0000000000000028
5164000: system.cpu: T0 : 0x10a0c    : addiw a4, a5, 0            : IntAlu :  D=0x0000000000000028
5164500: system.cpu: T0 : 0x10a10    : auipc a5, 96               : IntAlu :  D=0x0000000000070a10
5165000: system.cpu: T0 : 0x10a14    : ld a5, -352(a5)            : MemRead :  D=0x000000000007234c A=0x708b0
5165500: system.cpu: T0 : 0x10a18    : c_sw a4, 0(a5)             : MemWrite :  D=0x0000000000000028 A=0x7234c
5166500: system.cpu: T0 : 0x10a1a    : auipc a5, 96               : IntAlu :  D=0x0000000000070a1a
5167500: system.cpu: T0 : 0x10a1e    : ld a5, -426(a5)            : MemRead :  D=0x0000000000071a80 A=0x70870
5168000: system.cpu: T0 : 0x10a22    : c_ld a5, 0(a5)             : MemRead :  D=0x0000000000071a51 A=0x71a80
5168500: system.cpu: T0 : 0x10a24    : addi a3, a5, 1             : IntAlu :  D=0x0000000000071a52
5169000: system.cpu: T0 : 0x10a28    : auipc a4, 96               : IntAlu :  D=0x0000000000070a28
5169500: system.cpu: T0 : 0x10a2c    : ld a4, -440(a4)            : MemRead :  D=0x0000000000071a80 A=0x70870
5170000: system.cpu: T0 : 0x10a30    : c_sd a3, 0(a4)             : MemWrite :  D=0x0000000000071a52 A=0x71a80
5171000: system.cpu: T0 : 0x10a32    : lbu a5, 0(a5)              : MemRead :  D=0x00000000000000df A=0x71a51
5171500: system.cpu: T0 : 0x10a36    : c_addiw a5, 0              : IntAlu :  D=0x00000000000000df
5172000: system.cpu: T0 : 0x10a38    : c_j 4                      : IntAlu : 
5172500: system.cpu: T0 : 0x10a3c    : c_mv a0, a5                : IntAlu :  D=0x00000000000000df
5173000: system.cpu: T0 : 0x10a3e    : c_ldsp s0, 8(sp)           : MemRead :  D=0x7ffffffffffffdd0 A=0x7ffffffffffffd78
5173500: system.cpu: T0 : 0x10a40    : c_addi sp, 16              : IntAlu :  D=0x7ffffffffffffd80
5174000: system.cpu: T0 : 0x10a42    : c_jr ra                    : IntAlu : 
5174500: system.cpu: T0 : 0x10652    : c_mv a5, a0                : IntAlu :  D=0x00000000000000df
5175000: system.cpu: T0 : 0x10654    : c_addiw a5, 0              : IntAlu :  D=0x00000000000000df
5176000: system.cpu: T0 : 0x10656    : addiw s6, a5, 0            : IntAlu :  D=0x00000000000000df
5177000: system.cpu: T0 : 0x1065a    : auipc a5, 95               : IntAlu :  D=0x000000000006f65a
5178000: system.cpu: T0 : 0x1065e    : addi a5, a5, -1578         : IntAlu :  D=0x000000000006f030
5178500: system.cpu: T0 : 0x10662    : c_ld a5, 0(a5)             : MemRead :  D=0x0000000000000009 A=0x6f030
5179000: system.cpu: T0 : 0x10664    : addi a4, a5, 1             : IntAlu :  D=0x000000000000000a
5179500: system.cpu: T0 : 0x10668    : auipc a5, 95               : IntAlu :  D=0x000000000006f668
5180000: system.cpu: T0 : 0x1066c    : addi a5, a5, -1592         : IntAlu :  D=0x000000000006f030
5180500: system.cpu: T0 : 0x10670    : c_sd a4, 0(a5)             : MemWrite :  D=0x000000000000000a A=0x6f030
5181000: system.cpu: T0 : 0x10672    : c_mv a4, s6                : IntAlu :  D=0x00000000000000df
5181500: system.cpu: T0 : 0x10674    : auipc a5, 95               : IntAlu :  D=0x000000000006f674
5182000: system.cpu: T0 : 0x10678    : addi a5, a5, -1652         : IntAlu :  D=0x000000000006f000
5182500: system.cpu: T0 : 0x1067c    : c_lw a5, 0(a5)             : MemRead :  D=0x0000000000000010 A=0x6f000
5183500: system.cpu: T0 : 0x1067e    : sll a5, a4, a5             : IntAlu :  D=0x0000000000df0000
5184500: system.cpu: T0 : 0x10682    : add s2, s4, a5             : IntAlu :  D=0x0000000000df0063
5185500: system.cpu: T0 : 0x10686    : sllw a5, s6, s3            : IntAlu :  D=0x00000000000000df
5186000: system.cpu: T0 : 0x1068a    : c_addiw a5, 0              : IntAlu :  D=0x00000000000000df
5186500: system.cpu: T0 : 0x1068c    : xor s1, s4, a5             : IntAlu :  D=0x00000000000000bc
5187000: system.cpu: T0 : 0x10690    : auipc a4, 96               : IntAlu :  D=0x0000000000070690
5187500: system.cpu: T0 : 0x10694    : ld a4, 496(a4)             : MemRead :  D=0x0000000000071ac0 A=0x70880
5188000: system.cpu: T0 : 0x10698    : slli a5, s1, 3             : IntAlu :  D=0x00000000000005e0
5188500: system.cpu: T0 : 0x1069c    : c_add a5, a4               : IntAlu :  D=0x00000000000720a0
5189000: system.cpu: T0 : 0x1069e    : c_ld a5, 0(a5)             : MemRead :  D=0xffffffffffffffff A=0x720a0
5189500: system.cpu: T0 : 0x106a0    : bne s2, a5, 26             : IntAlu : 
5190500: system.cpu: T0 : 0x106ba    : auipc a4, 96               : IntAlu :  D=0x00000000000706ba
5191500: system.cpu: T0 : 0x106be    : ld a4, 454(a4)             : MemRead :  D=0x0000000000071ac0 A=0x70880
5192500: system.cpu: T0 : 0x106c2    : slli a5, s1, 3             : IntAlu :  D=0x00000000000005e0
5193000: system.cpu: T0 : 0x106c6    : c_add a5, a4               : IntAlu :  D=0x00000000000720a0
5193500: system.cpu: T0 : 0x106c8    : c_ld a5, 0(a5)             : MemRead :  D=0xffffffffffffffff A=0x720a0
5194500: system.cpu: T0 : 0x106ca    : blt a5, zero, 132          : IntAlu : 
5195000: system.cpu: T0 : 0x1074e    : c_addi zero, 0             : IntAlu :  D=0x0000000000000000
5195500: system.cpu: T0 : 0x10750    : c_j 4                      : IntAlu : 
5196000: system.cpu: T0 : 0x10754    : addi a5, gp, -920          : IntAlu :  D=0x0000000000070d48
5196500: system.cpu: T0 : 0x10758    : c_ld a5, 0(a5)             : MemRead :  D=0x0000000000000008 A=0x70d48
5197500: system.cpu: T0 : 0x1075a    : addi a4, a5, 1             : IntAlu :  D=0x0000000000000009
5198500: system.cpu: T0 : 0x1075e    : addi a5, gp, -920          : IntAlu :  D=0x0000000000070d48
5199000: system.cpu: T0 : 0x10762    : c_sd a4, 0(a5)             : MemWrite :  D=0x0000000000000009 A=0x70d48
5199500: system.cpu: T0 : 0x10764    : c_mv s4, s6                : IntAlu :  D=0x00000000000000df
5200500: system.cpu: T0 : 0x10766    : addi a5, gp, -960          : IntAlu :  D=0x0000000000070d20
5201000: system.cpu: T0 : 0x1076a    : c_ld a4, 0(a5)             : MemRead :  D=0x0000000000000109 A=0x70d20
5201500: system.cpu: T0 : 0x1076c    : auipc a5, 95               : IntAlu :  D=0x000000000006f76c
5202000: system.cpu: T0 : 0x10770    : addi a5, a5, -1892         : IntAlu :  D=0x000000000006f008
5202500: system.cpu: T0 : 0x10774    : c_ld a5, 0(a5)             : MemRead :  D=0x0000000000010000 A=0x6f008
5203500: system.cpu: T0 : 0x10776    : bge a4, a5, 64             : IntAlu : 
5204500: system.cpu: T0 : 0x1077a    : addi a5, gp, -960          : IntAlu :  D=0x0000000000070d20
5205000: system.cpu: T0 : 0x1077e    : c_ld a5, 0(a5)             : MemRead :  D=0x0000000000000109 A=0x70d20
5205500: system.cpu: T0 : 0x10780    : addi a3, a5, 1             : IntAlu :  D=0x000000000000010a
5206000: system.cpu: T0 : 0x10784    : addi a4, gp, -960          : IntAlu :  D=0x0000000000070d20
5206500: system.cpu: T0 : 0x10788    : c_sd a3, 0(a4)             : MemWrite :  D=0x000000000000010a A=0x70d20
5207500: system.cpu: T0 : 0x1078a    : slli a4, a5, 48            : IntAlu :  D=0x0109000000000000
5208000: system.cpu: T0 : 0x1078e    : c_srli a4, 48              : IntAlu :  D=0x0000000000000109
5208500: system.cpu: T0 : 0x10790    : auipc a3, 96               : IntAlu :  D=0x0000000000070790
5209000: system.cpu: T0 : 0x10794    : ld a3, 296(a3)             : MemRead :  D=0x0000000000072350 A=0x708b8
5209500: system.cpu: T0 : 0x10798    : slli a5, s1, 1             : IntAlu :  D=0x0000000000000178
5210000: system.cpu: T0 : 0x1079c    : c_add a5, a3               : IntAlu :  D=0x00000000000724c8
5211000: system.cpu: T0 : 0x1079e    : sh a4, 0(a5)               : MemWrite :  D=0x0000000000000109 A=0x724c8
5212000: system.cpu: T0 : 0x107a2    : auipc a4, 96               : IntAlu :  D=0x00000000000707a2
5213000: system.cpu: T0 : 0x107a6    : ld a4, 222(a4)             : MemRead :  D=0x0000000000071ac0 A=0x70880
5214000: system.cpu: T0 : 0x107aa    : slli a5, s1, 3             : IntAlu :  D=0x00000000000005e0
5214500: system.cpu: T0 : 0x107ae    : c_add a5, a4               : IntAlu :  D=0x00000000000720a0
5215000: system.cpu: T0 : 0x107b0    : sd s2, 0(a5)               : MemWrite :  D=0x0000000000df0063 A=0x720a0
5215500: system.cpu: T0 : 0x107b4    : c_j 42                     : IntAlu : 
5216500: system.cpu: T0 : 0x107de    : auipc a5, 96               : IntAlu :  D=0x00000000000707de
5217500: system.cpu: T0 : 0x107e2    : ld a5, 210(a5)             : MemRead :  D=0x000000000007234c A=0x708b0
5218000: system.cpu: T0 : 0x107e6    : c_lw a5, 0(a5)             : MemRead :  D=0x0000000000000028 A=0x7234c
5218500: system.cpu: T0 : 0x107e8    : blt zero, a5, -414         : IntAlu : 
5219500: system.cpu: T0 : 0x1064a    : sw zero, -68(s0)           : MemWrite :  D=0x0000000000000000 A=0x7ffffffffffffd8c
5220500: system.cpu: T0 : 0x1064e    : jal ra, 894                : IntAlu :  D=0x0000000000010652
5221000: system.cpu: T0 : 0x109cc    : c_addi sp, -16             : IntAlu :  D=0x7ffffffffffffd70
5221500: system.cpu: T0 : 0x109ce    : c_sdsp s0, 8(sp)           : MemWrite :  D=0x7ffffffffffffdd0 A=0x7ffffffffffffd78
5222000: system.cpu: T0 : 0x109d0    : c_addi4spn s0, sp, 16      : IntAlu :  D=0x7ffffffffffffd80
5223000: system.cpu: T0 : 0x109d2    : auipc a5, 96               : IntAlu :  D=0x00000000000709d2
5224000: system.cpu: T0 : 0x109d6    : ld a5, -290(a5)            : MemRead :  D=0x000000000007234c A=0x708b0
5224500: system.cpu: T0 : 0x109da    : c_lw a5, 0(a5)             : MemRead :  D=0x0000000000000028 A=0x7234c
5225000: system.cpu: T0 : 0x109dc    : bge zero, a5, 94           : IntAlu : 
5225500: system.cpu: T0 : 0x109e0    : auipc a5, 96               : IntAlu :  D=0x00000000000709e0
5226000: system.cpu: T0 : 0x109e4    : ld a5, -344(a5)            : MemRead :  D=0x00000000000722c8 A=0x70888
5226500: system.cpu: T0 : 0x109e8    : c_lw a5, 0(a5)             : MemRead :  D=0x000000000000002b A=0x722c8
5227500: system.cpu: T0 : 0x109ea    : addiw a4, a5, -1           : IntAlu :  D=0x000000000000002a
5228500: system.cpu: T0 : 0x109ee    : addiw a3, a4, 0            : IntAlu :  D=0x000000000000002a
5229500: system.cpu: T0 : 0x109f2    : auipc a4, 96               : IntAlu :  D=0x00000000000709f2
5230500: system.cpu: T0 : 0x109f6    : ld a4, -362(a4)            : MemRead :  D=0x00000000000722c8 A=0x70888
5231000: system.cpu: T0 : 0x109fa    : c_sw a3, 0(a4)             : MemWrite :  D=0x000000000000002a A=0x722c8
5231500: system.cpu: T0 : 0x109fc    : bge zero, a5, 62           : IntAlu : 
5232000: system.cpu: T0 : 0x10a00    : auipc a5, 96               : IntAlu :  D=0x0000000000070a00
5232500: system.cpu: T0 : 0x10a04    : ld a5, -336(a5)            : MemRead :  D=0x000000000007234c A=0x708b0
5233000: system.cpu: T0 : 0x10a08    : c_lw a5, 0(a5)             : MemRead :  D=0x0000000000000028 A=0x7234c
5233500: system.cpu: T0 : 0x10a0a    : c_addiw a5, -1             : IntAlu :  D=0x0000000000000027
5234000: system.cpu: T0 : 0x10a0c    : addiw a4, a5, 0            : IntAlu :  D=0x0000000000000027
5234500: system.cpu: T0 : 0x10a10    : auipc a5, 96               : IntAlu :  D=0x0000000000070a10
5235000: system.cpu: T0 : 0x10a14    : ld a5, -352(a5)            : MemRead :  D=0x000000000007234c A=0x708b0
5235500: system.cpu: T0 : 0x10a18    : c_sw a4, 0(a5)             : MemWrite :  D=0x0000000000000027 A=0x7234c
5236500: system.cpu: T0 : 0x10a1a    : auipc a5, 96               : IntAlu :  D=0x0000000000070a1a
5237500: system.cpu: T0 : 0x10a1e    : ld a5, -426(a5)            : MemRead :  D=0x0000000000071a80 A=0x70870
5238000: system.cpu: T0 : 0x10a22    : c_ld a5, 0(a5)             : MemRead :  D=0x0000000000071a52 A=0x71a80
5238500: system.cpu: T0 : 0x10a24    : addi a3, a5, 1             : IntAlu :  D=0x0000000000071a53
5239000: system.cpu: T0 : 0x10a28    : auipc a4, 96               : IntAlu :  D=0x0000000000070a28
5239500: system.cpu: T0 : 0x10a2c    : ld a4, -440(a4)            : MemRead :  D=0x0000000000071a80 A=0x70870
5240000: system.cpu: T0 : 0x10a30    : c_sd a3, 0(a4)             : MemWrite :  D=0x0000000000071a53 A=0x71a80
5241000: system.cpu: T0 : 0x10a32    : lbu a5, 0(a5)              : MemRead :  D=0x0000000000000018 A=0x71a52
5241500: system.cpu: T0 : 0x10a36    : c_addiw a5, 0              : IntAlu :  D=0x0000000000000018
5242000: system.cpu: T0 : 0x10a38    : c_j 4                      : IntAlu : 
5242500: system.cpu: T0 : 0x10a3c    : c_mv a0, a5                : IntAlu :  D=0x0000000000000018
5243000: system.cpu: T0 : 0x10a3e    : c_ldsp s0, 8(sp)           : MemRead :  D=0x7ffffffffffffdd0 A=0x7ffffffffffffd78
5243500: system.cpu: T0 : 0x10a40    : c_addi sp, 16              : IntAlu :  D=0x7ffffffffffffd80
5244000: system.cpu: T0 : 0x10a42    : c_jr ra                    : IntAlu : 
5244500: system.cpu: T0 : 0x10652    : c_mv a5, a0                : IntAlu :  D=0x0000000000000018
5245000: system.cpu: T0 : 0x10654    : c_addiw a5, 0              : IntAlu :  D=0x0000000000000018
5246000: system.cpu: T0 : 0x10656    : addiw s6, a5, 0            : IntAlu :  D=0x0000000000000018
5247000: system.cpu: T0 : 0x1065a    : auipc a5, 95               : IntAlu :  D=0x000000000006f65a
5248000: system.cpu: T0 : 0x1065e    : addi a5, a5, -1578         : IntAlu :  D=0x000000000006f030
5248500: system.cpu: T0 : 0x10662    : c_ld a5, 0(a5)             : MemRead :  D=0x000000000000000a A=0x6f030
5249000: system.cpu: T0 : 0x10664    : addi a4, a5, 1             : IntAlu :  D=0x000000000000000b
5249500: system.cpu: T0 : 0x10668    : auipc a5, 95               : IntAlu :  D=0x000000000006f668
5250000: system.cpu: T0 : 0x1066c    : addi a5, a5, -1592         : IntAlu :  D=0x000000000006f030
5250500: system.cpu: T0 : 0x10670    : c_sd a4, 0(a5)             : MemWrite :  D=0x000000000000000b A=0x6f030
5251000: system.cpu: T0 : 0x10672    : c_mv a4, s6                : IntAlu :  D=0x0000000000000018
5251500: system.cpu: T0 : 0x10674    : auipc a5, 95               : IntAlu :  D=0x000000000006f674
5252000: system.cpu: T0 : 0x10678    : addi a5, a5, -1652         : IntAlu :  D=0x000000000006f000
5252500: system.cpu: T0 : 0x1067c    : c_lw a5, 0(a5)             : MemRead :  D=0x0000000000000010 A=0x6f000
5253500: system.cpu: T0 : 0x1067e    : sll a5, a4, a5             : IntAlu :  D=0x0000000000180000
5254500: system.cpu: T0 : 0x10682    : add s2, s4, a5             : IntAlu :  D=0x00000000001800df
5255500: system.cpu: T0 : 0x10686    : sllw a5, s6, s3            : IntAlu :  D=0x0000000000000018
5256000: system.cpu: T0 : 0x1068a    : c_addiw a5, 0              : IntAlu :  D=0x0000000000000018
5256500: system.cpu: T0 : 0x1068c    : xor s1, s4, a5             : IntAlu :  D=0x00000000000000c7
5257000: system.cpu: T0 : 0x10690    : auipc a4, 96               : IntAlu :  D=0x0000000000070690
5257500: system.cpu: T0 : 0x10694    : ld a4, 496(a4)             : MemRead :  D=0x0000000000071ac0 A=0x70880
5258000: system.cpu: T0 : 0x10698    : slli a5, s1, 3             : IntAlu :  D=0x0000000000000638
5258500: system.cpu: T0 : 0x1069c    : c_add a5, a4               : IntAlu :  D=0x00000000000720f8
5259000: system.cpu: T0 : 0x1069e    : c_ld a5, 0(a5)             : MemRead :  D=0xffffffffffffffff A=0x720f8
5259500: system.cpu: T0 : 0x106a0    : bne s2, a5, 26             : IntAlu : 
5260500: system.cpu: T0 : 0x106ba    : auipc a4, 96               : IntAlu :  D=0x00000000000706ba
5261500: system.cpu: T0 : 0x106be    : ld a4, 454(a4)             : MemRead :  D=0x0000000000071ac0 A=0x70880
5262500: system.cpu: T0 : 0x106c2    : slli a5, s1, 3             : IntAlu :  D=0x0000000000000638
5263000: system.cpu: T0 : 0x106c6    : c_add a5, a4               : IntAlu :  D=0x00000000000720f8
5263500: system.cpu: T0 : 0x106c8    : c_ld a5, 0(a5)             : MemRead :  D=0xffffffffffffffff A=0x720f8
5264500: system.cpu: T0 : 0x106ca    : blt a5, zero, 132          : IntAlu : 
5265000: system.cpu: T0 : 0x1074e    : c_addi zero, 0             : IntAlu :  D=0x0000000000000000
5265500: system.cpu: T0 : 0x10750    : c_j 4                      : IntAlu : 
5266000: system.cpu: T0 : 0x10754    : addi a5, gp, -920          : IntAlu :  D=0x0000000000070d48
5266500: system.cpu: T0 : 0x10758    : c_ld a5, 0(a5)             : MemRead :  D=0x0000000000000009 A=0x70d48
5267500: system.cpu: T0 : 0x1075a    : addi a4, a5, 1             : IntAlu :  D=0x000000000000000a
5268500: system.cpu: T0 : 0x1075e    : addi a5, gp, -920          : IntAlu :  D=0x0000000000070d48
5269000: system.cpu: T0 : 0x10762    : c_sd a4, 0(a5)             : MemWrite :  D=0x000000000000000a A=0x70d48
5269500: system.cpu: T0 : 0x10764    : c_mv s4, s6                : IntAlu :  D=0x0000000000000018
5270500: system.cpu: T0 : 0x10766    : addi a5, gp, -960          : IntAlu :  D=0x0000000000070d20
5271000: system.cpu: T0 : 0x1076a    : c_ld a4, 0(a5)             : MemRead :  D=0x000000000000010a A=0x70d20
5271500: system.cpu: T0 : 0x1076c    : auipc a5, 95               : IntAlu :  D=0x000000000006f76c
5272000: system.cpu: T0 : 0x10770    : addi a5, a5, -1892         : IntAlu :  D=0x000000000006f008
5272500: system.cpu: T0 : 0x10774    : c_ld a5, 0(a5)             : MemRead :  D=0x0000000000010000 A=0x6f008
5273500: system.cpu: T0 : 0x10776    : bge a4, a5, 64             : IntAlu : 
5274500: system.cpu: T0 : 0x1077a    : addi a5, gp, -960          : IntAlu :  D=0x0000000000070d20
5275000: system.cpu: T0 : 0x1077e    : c_ld a5, 0(a5)             : MemRead :  D=0x000000000000010a A=0x70d20
5275500: system.cpu: T0 : 0x10780    : addi a3, a5, 1             : IntAlu :  D=0x000000000000010b
5276000: system.cpu: T0 : 0x10784    : addi a4, gp, -960          : IntAlu :  D=0x0000000000070d20
5276500: system.cpu: T0 : 0x10788    : c_sd a3, 0(a4)             : MemWrite :  D=0x000000000000010b A=0x70d20
5277500: system.cpu: T0 : 0x1078a    : slli a4, a5, 48            : IntAlu :  D=0x010a000000000000
5278000: system.cpu: T0 : 0x1078e    : c_srli a4, 48              : IntAlu :  D=0x000000000000010a
5278500: system.cpu: T0 : 0x10790    : auipc a3, 96               : IntAlu :  D=0x0000000000070790
5279000: system.cpu: T0 : 0x10794    : ld a3, 296(a3)             : MemRead :  D=0x0000000000072350 A=0x708b8
5279500: system.cpu: T0 : 0x10798    : slli a5, s1, 1             : IntAlu :  D=0x000000000000018e
5280000: system.cpu: T0 : 0x1079c    : c_add a5, a3               : IntAlu :  D=0x00000000000724de
5281000: system.cpu: T0 : 0x1079e    : sh a4, 0(a5)               : MemWrite :  D=0x000000000000010a A=0x724de
5282000: system.cpu: T0 : 0x107a2    : auipc a4, 96               : IntAlu :  D=0x00000000000707a2
5283000: system.cpu: T0 : 0x107a6    : ld a4, 222(a4)             : MemRead :  D=0x0000000000071ac0 A=0x70880
5284000: system.cpu: T0 : 0x107aa    : slli a5, s1, 3             : IntAlu :  D=0x0000000000000638
5284500: system.cpu: T0 : 0x107ae    : c_add a5, a4               : IntAlu :  D=0x00000000000720f8
5285000: system.cpu: T0 : 0x107b0    : sd s2, 0(a5)               : MemWrite :  D=0x00000000001800df A=0x720f8
5285500: system.cpu: T0 : 0x107b4    : c_j 42                     : IntAlu : 
5286500: system.cpu: T0 : 0x107de    : auipc a5, 96               : IntAlu :  D=0x00000000000707de
5287500: system.cpu: T0 : 0x107e2    : ld a5, 210(a5)             : MemRead :  D=0x000000000007234c A=0x708b0
5288000: system.cpu: T0 : 0x107e6    : c_lw a5, 0(a5)             : MemRead :  D=0x0000000000000027 A=0x7234c
5288500: system.cpu: T0 : 0x107e8    : blt zero, a5, -414         : IntAlu : 
5289500: system.cpu: T0 : 0x1064a    : sw zero, -68(s0)           : MemWrite :  D=0x0000000000000000 A=0x7ffffffffffffd8c
5290500: system.cpu: T0 : 0x1064e    : jal ra, 894                : IntAlu :  D=0x0000000000010652
5291000: system.cpu: T0 : 0x109cc    : c_addi sp, -16             : IntAlu :  D=0x7ffffffffffffd70
5291500: system.cpu: T0 : 0x109ce    : c_sdsp s0, 8(sp)           : MemWrite :  D=0x7ffffffffffffdd0 A=0x7ffffffffffffd78
5292000: system.cpu: T0 : 0x109d0    : c_addi4spn s0, sp, 16      : IntAlu :  D=0x7ffffffffffffd80
5293000: system.cpu: T0 : 0x109d2    : auipc a5, 96               : IntAlu :  D=0x00000000000709d2
5294000: system.cpu: T0 : 0x109d6    : ld a5, -290(a5)            : MemRead :  D=0x000000000007234c A=0x708b0
5294500: system.cpu: T0 : 0x109da    : c_lw a5, 0(a5)             : MemRead :  D=0x0000000000000027 A=0x7234c
5295000: system.cpu: T0 : 0x109dc    : bge zero, a5, 94           : IntAlu : 
5295500: system.cpu: T0 : 0x109e0    : auipc a5, 96               : IntAlu :  D=0x00000000000709e0
5296000: system.cpu: T0 : 0x109e4    : ld a5, -344(a5)            : MemRead :  D=0x00000000000722c8 A=0x70888
5296500: system.cpu: T0 : 0x109e8    : c_lw a5, 0(a5)             : MemRead :  D=0x000000000000002a A=0x722c8
5297500: system.cpu: T0 : 0x109ea    : addiw a4, a5, -1           : IntAlu :  D=0x0000000000000029
5298500: system.cpu: T0 : 0x109ee    : addiw a3, a4, 0            : IntAlu :  D=0x0000000000000029
5299500: system.cpu: T0 : 0x109f2    : auipc a4, 96               : IntAlu :  D=0x00000000000709f2
5300500: system.cpu: T0 : 0x109f6    : ld a4, -362(a4)            : MemRead :  D=0x00000000000722c8 A=0x70888
5301000: system.cpu: T0 : 0x109fa    : c_sw a3, 0(a4)             : MemWrite :  D=0x0000000000000029 A=0x722c8
5301500: system.cpu: T0 : 0x109fc    : bge zero, a5, 62           : IntAlu : 
5302000: system.cpu: T0 : 0x10a00    : auipc a5, 96               : IntAlu :  D=0x0000000000070a00
5302500: system.cpu: T0 : 0x10a04    : ld a5, -336(a5)            : MemRead :  D=0x000000000007234c A=0x708b0
5303000: system.cpu: T0 : 0x10a08    : c_lw a5, 0(a5)             : MemRead :  D=0x0000000000000027 A=0x7234c
5303500: system.cpu: T0 : 0x10a0a    : c_addiw a5, -1             : IntAlu :  D=0x0000000000000026
5304000: system.cpu: T0 : 0x10a0c    : addiw a4, a5, 0            : IntAlu :  D=0x0000000000000026
5304500: system.cpu: T0 : 0x10a10    : auipc a5, 96               : IntAlu :  D=0x0000000000070a10
5305000: system.cpu: T0 : 0x10a14    : ld a5, -352(a5)            : MemRead :  D=0x000000000007234c A=0x708b0
5305500: system.cpu: T0 : 0x10a18    : c_sw a4, 0(a5)             : MemWrite :  D=0x0000000000000026 A=0x7234c
5306500: system.cpu: T0 : 0x10a1a    : auipc a5, 96               : IntAlu :  D=0x0000000000070a1a
5307500: system.cpu: T0 : 0x10a1e    : ld a5, -426(a5)            : MemRead :  D=0x0000000000071a80 A=0x70870
5308000: system.cpu: T0 : 0x10a22    : c_ld a5, 0(a5)             : MemRead :  D=0x0000000000071a53 A=0x71a80
5308500: system.cpu: T0 : 0x10a24    : addi a3, a5, 1             : IntAlu :  D=0x0000000000071a54
5309000: system.cpu: T0 : 0x10a28    : auipc a4, 96               : IntAlu :  D=0x0000000000070a28
5309500: system.cpu: T0 : 0x10a2c    : ld a4, -440(a4)            : MemRead :  D=0x0000000000071a80 A=0x70870
5310000: system.cpu: T0 : 0x10a30    : c_sd a3, 0(a4)             : MemWrite :  D=0x0000000000071a54 A=0x71a80
5311000: system.cpu: T0 : 0x10a32    : lbu a5, 0(a5)              : MemRead :  D=0x0000000000000016 A=0x71a53
5311500: system.cpu: T0 : 0x10a36    : c_addiw a5, 0              : IntAlu :  D=0x0000000000000016
5312000: system.cpu: T0 : 0x10a38    : c_j 4                      : IntAlu : 
5312500: system.cpu: T0 : 0x10a3c    : c_mv a0, a5                : IntAlu :  D=0x0000000000000016
5313000: system.cpu: T0 : 0x10a3e    : c_ldsp s0, 8(sp)           : MemRead :  D=0x7ffffffffffffdd0 A=0x7ffffffffffffd78
5313500: system.cpu: T0 : 0x10a40    : c_addi sp, 16              : IntAlu :  D=0x7ffffffffffffd80
5314000: system.cpu: T0 : 0x10a42    : c_jr ra                    : IntAlu : 
5314500: system.cpu: T0 : 0x10652    : c_mv a5, a0                : IntAlu :  D=0x0000000000000016
5315000: system.cpu: T0 : 0x10654    : c_addiw a5, 0              : IntAlu :  D=0x0000000000000016
5316000: system.cpu: T0 : 0x10656    : addiw s6, a5, 0            : IntAlu :  D=0x0000000000000016
5317000: system.cpu: T0 : 0x1065a    : auipc a5, 95               : IntAlu :  D=0x000000000006f65a
5318000: system.cpu: T0 : 0x1065e    : addi a5, a5, -1578         : IntAlu :  D=0x000000000006f030
5318500: system.cpu: T0 : 0x10662    : c_ld a5, 0(a5)             : MemRead :  D=0x000000000000000b A=0x6f030
5319000: system.cpu: T0 : 0x10664    : addi a4, a5, 1             : IntAlu :  D=0x000000000000000c
5319500: system.cpu: T0 : 0x10668    : auipc a5, 95               : IntAlu :  D=0x000000000006f668
5320000: system.cpu: T0 : 0x1066c    : addi a5, a5, -1592         : IntAlu :  D=0x000000000006f030
5320500: system.cpu: T0 : 0x10670    : c_sd a4, 0(a5)             : MemWrite :  D=0x000000000000000c A=0x6f030
5321000: system.cpu: T0 : 0x10672    : c_mv a4, s6                : IntAlu :  D=0x0000000000000016
5321500: system.cpu: T0 : 0x10674    : auipc a5, 95               : IntAlu :  D=0x000000000006f674
5322000: system.cpu: T0 : 0x10678    : addi a5, a5, -1652         : IntAlu :  D=0x000000000006f000
5322500: system.cpu: T0 : 0x1067c    : c_lw a5, 0(a5)             : MemRead :  D=0x0000000000000010 A=0x6f000
5323500: system.cpu: T0 : 0x1067e    : sll a5, a4, a5             : IntAlu :  D=0x0000000000160000
5324500: system.cpu: T0 : 0x10682    : add s2, s4, a5             : IntAlu :  D=0x0000000000160018
5325500: system.cpu: T0 : 0x10686    : sllw a5, s6, s3            : IntAlu :  D=0x0000000000000016
5326000: system.cpu: T0 : 0x1068a    : c_addiw a5, 0              : IntAlu :  D=0x0000000000000016
5326500: system.cpu: T0 : 0x1068c    : xor s1, s4, a5             : IntAlu :  D=0x000000000000000e
5327000: system.cpu: T0 : 0x10690    : auipc a4, 96               : IntAlu :  D=0x0000000000070690
5327500: system.cpu: T0 : 0x10694    : ld a4, 496(a4)             : MemRead :  D=0x0000000000071ac0 A=0x70880
5328000: system.cpu: T0 : 0x10698    : slli a5, s1, 3             : IntAlu :  D=0x0000000000000070
5328500: system.cpu: T0 : 0x1069c    : c_add a5, a4               : IntAlu :  D=0x0000000000071b30
5329000: system.cpu: T0 : 0x1069e    : c_ld a5, 0(a5)             : MemRead :  D=0xffffffffffffffff A=0x71b30
5329500: system.cpu: T0 : 0x106a0    : bne s2, a5, 26             : IntAlu : 
5330500: system.cpu: T0 : 0x106ba    : auipc a4, 96               : IntAlu :  D=0x00000000000706ba
5331500: system.cpu: T0 : 0x106be    : ld a4, 454(a4)             : MemRead :  D=0x0000000000071ac0 A=0x70880
5332500: system.cpu: T0 : 0x106c2    : slli a5, s1, 3             : IntAlu :  D=0x0000000000000070
5333000: system.cpu: T0 : 0x106c6    : c_add a5, a4               : IntAlu :  D=0x0000000000071b30
5333500: system.cpu: T0 : 0x106c8    : c_ld a5, 0(a5)             : MemRead :  D=0xffffffffffffffff A=0x71b30
5334500: system.cpu: T0 : 0x106ca    : blt a5, zero, 132          : IntAlu : 
5335000: system.cpu: T0 : 0x1074e    : c_addi zero, 0             : IntAlu :  D=0x0000000000000000
5335500: system.cpu: T0 : 0x10750    : c_j 4                      : IntAlu : 
5336000: system.cpu: T0 : 0x10754    : addi a5, gp, -920          : IntAlu :  D=0x0000000000070d48
5336500: system.cpu: T0 : 0x10758    : c_ld a5, 0(a5)             : MemRead :  D=0x000000000000000a A=0x70d48
5337500: system.cpu: T0 : 0x1075a    : addi a4, a5, 1             : IntAlu :  D=0x000000000000000b
5338500: system.cpu: T0 : 0x1075e    : addi a5, gp, -920          : IntAlu :  D=0x0000000000070d48
5339000: system.cpu: T0 : 0x10762    : c_sd a4, 0(a5)             : MemWrite :  D=0x000000000000000b A=0x70d48
5339500: system.cpu: T0 : 0x10764    : c_mv s4, s6                : IntAlu :  D=0x0000000000000016
5340500: system.cpu: T0 : 0x10766    : addi a5, gp, -960          : IntAlu :  D=0x0000000000070d20
5341000: system.cpu: T0 : 0x1076a    : c_ld a4, 0(a5)             : MemRead :  D=0x000000000000010b A=0x70d20
5341500: system.cpu: T0 : 0x1076c    : auipc a5, 95               : IntAlu :  D=0x000000000006f76c
5342000: system.cpu: T0 : 0x10770    : addi a5, a5, -1892         : IntAlu :  D=0x000000000006f008
5342500: system.cpu: T0 : 0x10774    : c_ld a5, 0(a5)             : MemRead :  D=0x0000000000010000 A=0x6f008
5343500: system.cpu: T0 : 0x10776    : bge a4, a5, 64             : IntAlu : 
5344500: system.cpu: T0 : 0x1077a    : addi a5, gp, -960          : IntAlu :  D=0x0000000000070d20
5345000: system.cpu: T0 : 0x1077e    : c_ld a5, 0(a5)             : MemRead :  D=0x000000000000010b A=0x70d20
5345500: system.cpu: T0 : 0x10780    : addi a3, a5, 1             : IntAlu :  D=0x000000000000010c
5346000: system.cpu: T0 : 0x10784    : addi a4, gp, -960          : IntAlu :  D=0x0000000000070d20
5346500: system.cpu: T0 : 0x10788    : c_sd a3, 0(a4)             : MemWrite :  D=0x000000000000010c A=0x70d20
5347500: system.cpu: T0 : 0x1078a    : slli a4, a5, 48            : IntAlu :  D=0x010b000000000000
5348000: system.cpu: T0 : 0x1078e    : c_srli a4, 48              : IntAlu :  D=0x000000000000010b
5348500: system.cpu: T0 : 0x10790    : auipc a3, 96               : IntAlu :  D=0x0000000000070790
5349000: system.cpu: T0 : 0x10794    : ld a3, 296(a3)             : MemRead :  D=0x0000000000072350 A=0x708b8
5349500: system.cpu: T0 : 0x10798    : slli a5, s1, 1             : IntAlu :  D=0x000000000000001c
5350000: system.cpu: T0 : 0x1079c    : c_add a5, a3               : IntAlu :  D=0x000000000007236c
5351000: system.cpu: T0 : 0x1079e    : sh a4, 0(a5)               : MemWrite :  D=0x000000000000010b A=0x7236c
5352000: system.cpu: T0 : 0x107a2    : auipc a4, 96               : IntAlu :  D=0x00000000000707a2
5353000: system.cpu: T0 : 0x107a6    : ld a4, 222(a4)             : MemRead :  D=0x0000000000071ac0 A=0x70880
5354000: system.cpu: T0 : 0x107aa    : slli a5, s1, 3             : IntAlu :  D=0x0000000000000070
5354500: system.cpu: T0 : 0x107ae    : c_add a5, a4               : IntAlu :  D=0x0000000000071b30
5355000: system.cpu: T0 : 0x107b0    : sd s2, 0(a5)               : MemWrite :  D=0x0000000000160018 A=0x71b30
5355500: system.cpu: T0 : 0x107b4    : c_j 42                     : IntAlu : 
5356500: system.cpu: T0 : 0x107de    : auipc a5, 96               : IntAlu :  D=0x00000000000707de
5357500: system.cpu: T0 : 0x107e2    : ld a5, 210(a5)             : MemRead :  D=0x000000000007234c A=0x708b0
5358000: system.cpu: T0 : 0x107e6    : c_lw a5, 0(a5)             : MemRead :  D=0x0000000000000026 A=0x7234c
5358500: system.cpu: T0 : 0x107e8    : blt zero, a5, -414         : IntAlu : 
5359500: system.cpu: T0 : 0x1064a    : sw zero, -68(s0)           : MemWrite :  D=0x0000000000000000 A=0x7ffffffffffffd8c
5360500: system.cpu: T0 : 0x1064e    : jal ra, 894                : IntAlu :  D=0x0000000000010652
5361000: system.cpu: T0 : 0x109cc    : c_addi sp, -16             : IntAlu :  D=0x7ffffffffffffd70
5361500: system.cpu: T0 : 0x109ce    : c_sdsp s0, 8(sp)           : MemWrite :  D=0x7ffffffffffffdd0 A=0x7ffffffffffffd78
5362000: system.cpu: T0 : 0x109d0    : c_addi4spn s0, sp, 16      : IntAlu :  D=0x7ffffffffffffd80
5363000: system.cpu: T0 : 0x109d2    : auipc a5, 96               : IntAlu :  D=0x00000000000709d2
5364000: system.cpu: T0 : 0x109d6    : ld a5, -290(a5)            : MemRead :  D=0x000000000007234c A=0x708b0
5364500: system.cpu: T0 : 0x109da    : c_lw a5, 0(a5)             : MemRead :  D=0x0000000000000026 A=0x7234c
5365000: system.cpu: T0 : 0x109dc    : bge zero, a5, 94           : IntAlu : 
5365500: system.cpu: T0 : 0x109e0    : auipc a5, 96               : IntAlu :  D=0x00000000000709e0
5366000: system.cpu: T0 : 0x109e4    : ld a5, -344(a5)            : MemRead :  D=0x00000000000722c8 A=0x70888
5366500: system.cpu: T0 : 0x109e8    : c_lw a5, 0(a5)             : MemRead :  D=0x0000000000000029 A=0x722c8
5367500: system.cpu: T0 : 0x109ea    : addiw a4, a5, -1           : IntAlu :  D=0x0000000000000028
5368500: system.cpu: T0 : 0x109ee    : addiw a3, a4, 0            : IntAlu :  D=0x0000000000000028
5369500: system.cpu: T0 : 0x109f2    : auipc a4, 96               : IntAlu :  D=0x00000000000709f2
5370500: system.cpu: T0 : 0x109f6    : ld a4, -362(a4)            : MemRead :  D=0x00000000000722c8 A=0x70888
5371000: system.cpu: T0 : 0x109fa    : c_sw a3, 0(a4)             : MemWrite :  D=0x0000000000000028 A=0x722c8
5371500: system.cpu: T0 : 0x109fc    : bge zero, a5, 62           : IntAlu : 
5372000: system.cpu: T0 : 0x10a00    : auipc a5, 96               : IntAlu :  D=0x0000000000070a00
5372500: system.cpu: T0 : 0x10a04    : ld a5, -336(a5)            : MemRead :  D=0x000000000007234c A=0x708b0
5373000: system.cpu: T0 : 0x10a08    : c_lw a5, 0(a5)             : MemRead :  D=0x0000000000000026 A=0x7234c
5373500: system.cpu: T0 : 0x10a0a    : c_addiw a5, -1             : IntAlu :  D=0x0000000000000025
5374000: system.cpu: T0 : 0x10a0c    : addiw a4, a5, 0            : IntAlu :  D=0x0000000000000025
5374500: system.cpu: T0 : 0x10a10    : auipc a5, 96               : IntAlu :  D=0x0000000000070a10
5375000: system.cpu: T0 : 0x10a14    : ld a5, -352(a5)            : MemRead :  D=0x000000000007234c A=0x708b0
5375500: system.cpu: T0 : 0x10a18    : c_sw a4, 0(a5)             : MemWrite :  D=0x0000000000000025 A=0x7234c
5376500: system.cpu: T0 : 0x10a1a    : auipc a5, 96               : IntAlu :  D=0x0000000000070a1a
5377500: system.cpu: T0 : 0x10a1e    : ld a5, -426(a5)            : MemRead :  D=0x0000000000071a80 A=0x70870
5378000: system.cpu: T0 : 0x10a22    : c_ld a5, 0(a5)             : MemRead :  D=0x0000000000071a54 A=0x71a80
5378500: system.cpu: T0 : 0x10a24    : addi a3, a5, 1             : IntAlu :  D=0x0000000000071a55
5379000: system.cpu: T0 : 0x10a28    : auipc a4, 96               : IntAlu :  D=0x0000000000070a28
5379500: system.cpu: T0 : 0x10a2c    : ld a4, -440(a4)            : MemRead :  D=0x0000000000071a80 A=0x70870
5380000: system.cpu: T0 : 0x10a30    : c_sd a3, 0(a4)             : MemWrite :  D=0x0000000000071a55 A=0x71a80
5381000: system.cpu: T0 : 0x10a32    : lbu a5, 0(a5)              : MemRead :  D=0x0000000000000004 A=0x71a54
5381500: system.cpu: T0 : 0x10a36    : c_addiw a5, 0              : IntAlu :  D=0x0000000000000004
5382000: system.cpu: T0 : 0x10a38    : c_j 4                      : IntAlu : 
5382500: system.cpu: T0 : 0x10a3c    : c_mv a0, a5                : IntAlu :  D=0x0000000000000004
5383000: system.cpu: T0 : 0x10a3e    : c_ldsp s0, 8(sp)           : MemRead :  D=0x7ffffffffffffdd0 A=0x7ffffffffffffd78
5383500: system.cpu: T0 : 0x10a40    : c_addi sp, 16              : IntAlu :  D=0x7ffffffffffffd80
5384000: system.cpu: T0 : 0x10a42    : c_jr ra                    : IntAlu : 
5384500: system.cpu: T0 : 0x10652    : c_mv a5, a0                : IntAlu :  D=0x0000000000000004
5385000: system.cpu: T0 : 0x10654    : c_addiw a5, 0              : IntAlu :  D=0x0000000000000004
5386000: system.cpu: T0 : 0x10656    : addiw s6, a5, 0            : IntAlu :  D=0x0000000000000004
5387000: system.cpu: T0 : 0x1065a    : auipc a5, 95               : IntAlu :  D=0x000000000006f65a
5388000: system.cpu: T0 : 0x1065e    : addi a5, a5, -1578         : IntAlu :  D=0x000000000006f030
5388500: system.cpu: T0 : 0x10662    : c_ld a5, 0(a5)             : MemRead :  D=0x000000000000000c A=0x6f030
5389000: system.cpu: T0 : 0x10664    : addi a4, a5, 1             : IntAlu :  D=0x000000000000000d
5389500: system.cpu: T0 : 0x10668    : auipc a5, 95               : IntAlu :  D=0x000000000006f668
5390000: system.cpu: T0 : 0x1066c    : addi a5, a5, -1592         : IntAlu :  D=0x000000000006f030
5390500: system.cpu: T0 : 0x10670    : c_sd a4, 0(a5)             : MemWrite :  D=0x000000000000000d A=0x6f030
5391000: system.cpu: T0 : 0x10672    : c_mv a4, s6                : IntAlu :  D=0x0000000000000004
5391500: system.cpu: T0 : 0x10674    : auipc a5, 95               : IntAlu :  D=0x000000000006f674
5392000: system.cpu: T0 : 0x10678    : addi a5, a5, -1652         : IntAlu :  D=0x000000000006f000
5392500: system.cpu: T0 : 0x1067c    : c_lw a5, 0(a5)             : MemRead :  D=0x0000000000000010 A=0x6f000
5393500: system.cpu: T0 : 0x1067e    : sll a5, a4, a5             : IntAlu :  D=0x0000000000040000
5394500: system.cpu: T0 : 0x10682    : add s2, s4, a5             : IntAlu :  D=0x0000000000040016
5395500: system.cpu: T0 : 0x10686    : sllw a5, s6, s3            : IntAlu :  D=0x0000000000000004
5396000: system.cpu: T0 : 0x1068a    : c_addiw a5, 0              : IntAlu :  D=0x0000000000000004
5396500: system.cpu: T0 : 0x1068c    : xor s1, s4, a5             : IntAlu :  D=0x0000000000000012
5397000: system.cpu: T0 : 0x10690    : auipc a4, 96               : IntAlu :  D=0x0000000000070690
5397500: system.cpu: T0 : 0x10694    : ld a4, 496(a4)             : MemRead :  D=0x0000000000071ac0 A=0x70880
5398000: system.cpu: T0 : 0x10698    : slli a5, s1, 3             : IntAlu :  D=0x0000000000000090
5398500: system.cpu: T0 : 0x1069c    : c_add a5, a4               : IntAlu :  D=0x0000000000071b50
5399000: system.cpu: T0 : 0x1069e    : c_ld a5, 0(a5)             : MemRead :  D=0xffffffffffffffff A=0x71b50
5399500: system.cpu: T0 : 0x106a0    : bne s2, a5, 26             : IntAlu : 
5400500: system.cpu: T0 : 0x106ba    : auipc a4, 96               : IntAlu :  D=0x00000000000706ba
5401500: system.cpu: T0 : 0x106be    : ld a4, 454(a4)             : MemRead :  D=0x0000000000071ac0 A=0x70880
5402500: system.cpu: T0 : 0x106c2    : slli a5, s1, 3             : IntAlu :  D=0x0000000000000090
5403000: system.cpu: T0 : 0x106c6    : c_add a5, a4               : IntAlu :  D=0x0000000000071b50
5403500: system.cpu: T0 : 0x106c8    : c_ld a5, 0(a5)             : MemRead :  D=0xffffffffffffffff A=0x71b50
5404500: system.cpu: T0 : 0x106ca    : blt a5, zero, 132          : IntAlu : 
5405000: system.cpu: T0 : 0x1074e    : c_addi zero, 0             : IntAlu :  D=0x0000000000000000
5405500: system.cpu: T0 : 0x10750    : c_j 4                      : IntAlu : 
5406000: system.cpu: T0 : 0x10754    : addi a5, gp, -920          : IntAlu :  D=0x0000000000070d48
5406500: system.cpu: T0 : 0x10758    : c_ld a5, 0(a5)             : MemRead :  D=0x000000000000000b A=0x70d48
5407500: system.cpu: T0 : 0x1075a    : addi a4, a5, 1             : IntAlu :  D=0x000000000000000c
5408500: system.cpu: T0 : 0x1075e    : addi a5, gp, -920          : IntAlu :  D=0x0000000000070d48
5409000: system.cpu: T0 : 0x10762    : c_sd a4, 0(a5)             : MemWrite :  D=0x000000000000000c A=0x70d48
5409500: system.cpu: T0 : 0x10764    : c_mv s4, s6                : IntAlu :  D=0x0000000000000004
5410500: system.cpu: T0 : 0x10766    : addi a5, gp, -960          : IntAlu :  D=0x0000000000070d20
5411000: system.cpu: T0 : 0x1076a    : c_ld a4, 0(a5)             : MemRead :  D=0x000000000000010c A=0x70d20
5411500: system.cpu: T0 : 0x1076c    : auipc a5, 95               : IntAlu :  D=0x000000000006f76c
5412000: system.cpu: T0 : 0x10770    : addi a5, a5, -1892         : IntAlu :  D=0x000000000006f008
5412500: system.cpu: T0 : 0x10774    : c_ld a5, 0(a5)             : MemRead :  D=0x0000000000010000 A=0x6f008
5413500: system.cpu: T0 : 0x10776    : bge a4, a5, 64             : IntAlu : 
5414500: system.cpu: T0 : 0x1077a    : addi a5, gp, -960          : IntAlu :  D=0x0000000000070d20
5415000: system.cpu: T0 : 0x1077e    : c_ld a5, 0(a5)             : MemRead :  D=0x000000000000010c A=0x70d20
5415500: system.cpu: T0 : 0x10780    : addi a3, a5, 1             : IntAlu :  D=0x000000000000010d
5416000: system.cpu: T0 : 0x10784    : addi a4, gp, -960          : IntAlu :  D=0x0000000000070d20
5416500: system.cpu: T0 : 0x10788    : c_sd a3, 0(a4)             : MemWrite :  D=0x000000000000010d A=0x70d20
5417500: system.cpu: T0 : 0x1078a    : slli a4, a5, 48            : IntAlu :  D=0x010c000000000000
5418000: system.cpu: T0 : 0x1078e    : c_srli a4, 48              : IntAlu :  D=0x000000000000010c
5418500: system.cpu: T0 : 0x10790    : auipc a3, 96               : IntAlu :  D=0x0000000000070790
5419000: system.cpu: T0 : 0x10794    : ld a3, 296(a3)             : MemRead :  D=0x0000000000072350 A=0x708b8
5419500: system.cpu: T0 : 0x10798    : slli a5, s1, 1             : IntAlu :  D=0x0000000000000024
5420000: system.cpu: T0 : 0x1079c    : c_add a5, a3               : IntAlu :  D=0x0000000000072374
5421000: system.cpu: T0 : 0x1079e    : sh a4, 0(a5)               : MemWrite :  D=0x000000000000010c A=0x72374
5422000: system.cpu: T0 : 0x107a2    : auipc a4, 96               : IntAlu :  D=0x00000000000707a2
5423000: system.cpu: T0 : 0x107a6    : ld a4, 222(a4)             : MemRead :  D=0x0000000000071ac0 A=0x70880
5424000: system.cpu: T0 : 0x107aa    : slli a5, s1, 3             : IntAlu :  D=0x0000000000000090
5424500: system.cpu: T0 : 0x107ae    : c_add a5, a4               : IntAlu :  D=0x0000000000071b50
5425000: system.cpu: T0 : 0x107b0    : sd s2, 0(a5)               : MemWrite :  D=0x0000000000040016 A=0x71b50
5425500: system.cpu: T0 : 0x107b4    : c_j 42                     : IntAlu : 
5426500: system.cpu: T0 : 0x107de    : auipc a5, 96               : IntAlu :  D=0x00000000000707de
5427500: system.cpu: T0 : 0x107e2    : ld a5, 210(a5)             : MemRead :  D=0x000000000007234c A=0x708b0
5428000: system.cpu: T0 : 0x107e6    : c_lw a5, 0(a5)             : MemRead :  D=0x0000000000000025 A=0x7234c
5428500: system.cpu: T0 : 0x107e8    : blt zero, a5, -414         : IntAlu : 
5429500: system.cpu: T0 : 0x1064a    : sw zero, -68(s0)           : MemWrite :  D=0x0000000000000000 A=0x7ffffffffffffd8c
5430500: system.cpu: T0 : 0x1064e    : jal ra, 894                : IntAlu :  D=0x0000000000010652
5431000: system.cpu: T0 : 0x109cc    : c_addi sp, -16             : IntAlu :  D=0x7ffffffffffffd70
5431500: system.cpu: T0 : 0x109ce    : c_sdsp s0, 8(sp)           : MemWrite :  D=0x7ffffffffffffdd0 A=0x7ffffffffffffd78
5432000: system.cpu: T0 : 0x109d0    : c_addi4spn s0, sp, 16      : IntAlu :  D=0x7ffffffffffffd80
5433000: system.cpu: T0 : 0x109d2    : auipc a5, 96               : IntAlu :  D=0x00000000000709d2
5434000: system.cpu: T0 : 0x109d6    : ld a5, -290(a5)            : MemRead :  D=0x000000000007234c A=0x708b0
5434500: system.cpu: T0 : 0x109da    : c_lw a5, 0(a5)             : MemRead :  D=0x0000000000000025 A=0x7234c
5435000: system.cpu: T0 : 0x109dc    : bge zero, a5, 94           : IntAlu : 
5435500: system.cpu: T0 : 0x109e0    : auipc a5, 96               : IntAlu :  D=0x00000000000709e0
5436000: system.cpu: T0 : 0x109e4    : ld a5, -344(a5)            : MemRead :  D=0x00000000000722c8 A=0x70888
5436500: system.cpu: T0 : 0x109e8    : c_lw a5, 0(a5)             : MemRead :  D=0x0000000000000028 A=0x722c8
5437500: system.cpu: T0 : 0x109ea    : addiw a4, a5, -1           : IntAlu :  D=0x0000000000000027
5438500: system.cpu: T0 : 0x109ee    : addiw a3, a4, 0            : IntAlu :  D=0x0000000000000027
5439500: system.cpu: T0 : 0x109f2    : auipc a4, 96               : IntAlu :  D=0x00000000000709f2
5440500: system.cpu: T0 : 0x109f6    : ld a4, -362(a4)            : MemRead :  D=0x00000000000722c8 A=0x70888
5441000: system.cpu: T0 : 0x109fa    : c_sw a3, 0(a4)             : MemWrite :  D=0x0000000000000027 A=0x722c8
5441500: system.cpu: T0 : 0x109fc    : bge zero, a5, 62           : IntAlu : 
5442000: system.cpu: T0 : 0x10a00    : auipc a5, 96               : IntAlu :  D=0x0000000000070a00
5442500: system.cpu: T0 : 0x10a04    : ld a5, -336(a5)            : MemRead :  D=0x000000000007234c A=0x708b0
5443000: system.cpu: T0 : 0x10a08    : c_lw a5, 0(a5)             : MemRead :  D=0x0000000000000025 A=0x7234c
5443500: system.cpu: T0 : 0x10a0a    : c_addiw a5, -1             : IntAlu :  D=0x0000000000000024
5444000: system.cpu: T0 : 0x10a0c    : addiw a4, a5, 0            : IntAlu :  D=0x0000000000000024
5444500: system.cpu: T0 : 0x10a10    : auipc a5, 96               : IntAlu :  D=0x0000000000070a10
5445000: system.cpu: T0 : 0x10a14    : ld a5, -352(a5)            : MemRead :  D=0x000000000007234c A=0x708b0
5445500: system.cpu: T0 : 0x10a18    : c_sw a4, 0(a5)             : MemWrite :  D=0x0000000000000024 A=0x7234c
5446500: system.cpu: T0 : 0x10a1a    : auipc a5, 96               : IntAlu :  D=0x0000000000070a1a
5447500: system.cpu: T0 : 0x10a1e    : ld a5, -426(a5)            : MemRead :  D=0x0000000000071a80 A=0x70870
5448000: system.cpu: T0 : 0x10a22    : c_ld a5, 0(a5)             : MemRead :  D=0x0000000000071a55 A=0x71a80
5448500: system.cpu: T0 : 0x10a24    : addi a3, a5, 1             : IntAlu :  D=0x0000000000071a56
5449000: system.cpu: T0 : 0x10a28    : auipc a4, 96               : IntAlu :  D=0x0000000000070a28
5449500: system.cpu: T0 : 0x10a2c    : ld a4, -440(a4)            : MemRead :  D=0x0000000000071a80 A=0x70870
5450000: system.cpu: T0 : 0x10a30    : c_sd a3, 0(a4)             : MemWrite :  D=0x0000000000071a56 A=0x71a80
5451000: system.cpu: T0 : 0x10a32    : lbu a5, 0(a5)              : MemRead :  D=0x000000000000004f A=0x71a55
5451500: system.cpu: T0 : 0x10a36    : c_addiw a5, 0              : IntAlu :  D=0x000000000000004f
5452000: system.cpu: T0 : 0x10a38    : c_j 4                      : IntAlu : 
5452500: system.cpu: T0 : 0x10a3c    : c_mv a0, a5                : IntAlu :  D=0x000000000000004f
5453000: system.cpu: T0 : 0x10a3e    : c_ldsp s0, 8(sp)           : MemRead :  D=0x7ffffffffffffdd0 A=0x7ffffffffffffd78
5453500: system.cpu: T0 : 0x10a40    : c_addi sp, 16              : IntAlu :  D=0x7ffffffffffffd80
5454000: system.cpu: T0 : 0x10a42    : c_jr ra                    : IntAlu : 
5454500: system.cpu: T0 : 0x10652    : c_mv a5, a0                : IntAlu :  D=0x000000000000004f
5455000: system.cpu: T0 : 0x10654    : c_addiw a5, 0              : IntAlu :  D=0x000000000000004f
5456000: system.cpu: T0 : 0x10656    : addiw s6, a5, 0            : IntAlu :  D=0x000000000000004f
5457000: system.cpu: T0 : 0x1065a    : auipc a5, 95               : IntAlu :  D=0x000000000006f65a
5458000: system.cpu: T0 : 0x1065e    : addi a5, a5, -1578         : IntAlu :  D=0x000000000006f030
5458500: system.cpu: T0 : 0x10662    : c_ld a5, 0(a5)             : MemRead :  D=0x000000000000000d A=0x6f030
5459000: system.cpu: T0 : 0x10664    : addi a4, a5, 1             : IntAlu :  D=0x000000000000000e
5459500: system.cpu: T0 : 0x10668    : auipc a5, 95               : IntAlu :  D=0x000000000006f668
5460000: system.cpu: T0 : 0x1066c    : addi a5, a5, -1592         : IntAlu :  D=0x000000000006f030
5460500: system.cpu: T0 : 0x10670    : c_sd a4, 0(a5)             : MemWrite :  D=0x000000000000000e A=0x6f030
5461000: system.cpu: T0 : 0x10672    : c_mv a4, s6                : IntAlu :  D=0x000000000000004f
5461500: system.cpu: T0 : 0x10674    : auipc a5, 95               : IntAlu :  D=0x000000000006f674
5462000: system.cpu: T0 : 0x10678    : addi a5, a5, -1652         : IntAlu :  D=0x000000000006f000
5462500: system.cpu: T0 : 0x1067c    : c_lw a5, 0(a5)             : MemRead :  D=0x0000000000000010 A=0x6f000
5463500: system.cpu: T0 : 0x1067e    : sll a5, a4, a5             : IntAlu :  D=0x00000000004f0000
5464500: system.cpu: T0 : 0x10682    : add s2, s4, a5             : IntAlu :  D=0x00000000004f0004
5465500: system.cpu: T0 : 0x10686    : sllw a5, s6, s3            : IntAlu :  D=0x000000000000004f
5466000: system.cpu: T0 : 0x1068a    : c_addiw a5, 0              : IntAlu :  D=0x000000000000004f
5466500: system.cpu: T0 : 0x1068c    : xor s1, s4, a5             : IntAlu :  D=0x000000000000004b
5467000: system.cpu: T0 : 0x10690    : auipc a4, 96               : IntAlu :  D=0x0000000000070690
5467500: system.cpu: T0 : 0x10694    : ld a4, 496(a4)             : MemRead :  D=0x0000000000071ac0 A=0x70880
5468000: system.cpu: T0 : 0x10698    : slli a5, s1, 3             : IntAlu :  D=0x0000000000000258
5468500: system.cpu: T0 : 0x1069c    : c_add a5, a4               : IntAlu :  D=0x0000000000071d18
5469000: system.cpu: T0 : 0x1069e    : c_ld a5, 0(a5)             : MemRead :  D=0xffffffffffffffff A=0x71d18
5469500: system.cpu: T0 : 0x106a0    : bne s2, a5, 26             : IntAlu : 
5470500: system.cpu: T0 : 0x106ba    : auipc a4, 96               : IntAlu :  D=0x00000000000706ba
5471500: system.cpu: T0 : 0x106be    : ld a4, 454(a4)             : MemRead :  D=0x0000000000071ac0 A=0x70880
5472500: system.cpu: T0 : 0x106c2    : slli a5, s1, 3             : IntAlu :  D=0x0000000000000258
5473000: system.cpu: T0 : 0x106c6    : c_add a5, a4               : IntAlu :  D=0x0000000000071d18
5473500: system.cpu: T0 : 0x106c8    : c_ld a5, 0(a5)             : MemRead :  D=0xffffffffffffffff A=0x71d18
5474500: system.cpu: T0 : 0x106ca    : blt a5, zero, 132          : IntAlu : 
5475000: system.cpu: T0 : 0x1074e    : c_addi zero, 0             : IntAlu :  D=0x0000000000000000
5475500: system.cpu: T0 : 0x10750    : c_j 4                      : IntAlu : 
5476000: system.cpu: T0 : 0x10754    : addi a5, gp, -920          : IntAlu :  D=0x0000000000070d48
5476500: system.cpu: T0 : 0x10758    : c_ld a5, 0(a5)             : MemRead :  D=0x000000000000000c A=0x70d48
5477500: system.cpu: T0 : 0x1075a    : addi a4, a5, 1             : IntAlu :  D=0x000000000000000d
5478500: system.cpu: T0 : 0x1075e    : addi a5, gp, -920          : IntAlu :  D=0x0000000000070d48
5479000: system.cpu: T0 : 0x10762    : c_sd a4, 0(a5)             : MemWrite :  D=0x000000000000000d A=0x70d48
5479500: system.cpu: T0 : 0x10764    : c_mv s4, s6                : IntAlu :  D=0x000000000000004f
5480500: system.cpu: T0 : 0x10766    : addi a5, gp, -960          : IntAlu :  D=0x0000000000070d20
5481000: system.cpu: T0 : 0x1076a    : c_ld a4, 0(a5)             : MemRead :  D=0x000000000000010d A=0x70d20
5481500: system.cpu: T0 : 0x1076c    : auipc a5, 95               : IntAlu :  D=0x000000000006f76c
5482000: system.cpu: T0 : 0x10770    : addi a5, a5, -1892         : IntAlu :  D=0x000000000006f008
5482500: system.cpu: T0 : 0x10774    : c_ld a5, 0(a5)             : MemRead :  D=0x0000000000010000 A=0x6f008
5483500: system.cpu: T0 : 0x10776    : bge a4, a5, 64             : IntAlu : 
5484500: system.cpu: T0 : 0x1077a    : addi a5, gp, -960          : IntAlu :  D=0x0000000000070d20
5485000: system.cpu: T0 : 0x1077e    : c_ld a5, 0(a5)             : MemRead :  D=0x000000000000010d A=0x70d20
5485500: system.cpu: T0 : 0x10780    : addi a3, a5, 1             : IntAlu :  D=0x000000000000010e
5486000: system.cpu: T0 : 0x10784    : addi a4, gp, -960          : IntAlu :  D=0x0000000000070d20
5486500: system.cpu: T0 : 0x10788    : c_sd a3, 0(a4)             : MemWrite :  D=0x000000000000010e A=0x70d20
5487500: system.cpu: T0 : 0x1078a    : slli a4, a5, 48            : IntAlu :  D=0x010d000000000000
5488000: system.cpu: T0 : 0x1078e    : c_srli a4, 48              : IntAlu :  D=0x000000000000010d
5488500: system.cpu: T0 : 0x10790    : auipc a3, 96               : IntAlu :  D=0x0000000000070790
5489000: system.cpu: T0 : 0x10794    : ld a3, 296(a3)             : MemRead :  D=0x0000000000072350 A=0x708b8
5489500: system.cpu: T0 : 0x10798    : slli a5, s1, 1             : IntAlu :  D=0x0000000000000096
5490000: system.cpu: T0 : 0x1079c    : c_add a5, a3               : IntAlu :  D=0x00000000000723e6
5491000: system.cpu: T0 : 0x1079e    : sh a4, 0(a5)               : MemWrite :  D=0x000000000000010d A=0x723e6
5492000: system.cpu: T0 : 0x107a2    : auipc a4, 96               : IntAlu :  D=0x00000000000707a2
5493000: system.cpu: T0 : 0x107a6    : ld a4, 222(a4)             : MemRead :  D=0x0000000000071ac0 A=0x70880
5494000: system.cpu: T0 : 0x107aa    : slli a5, s1, 3             : IntAlu :  D=0x0000000000000258
5494500: system.cpu: T0 : 0x107ae    : c_add a5, a4               : IntAlu :  D=0x0000000000071d18
5495000: system.cpu: T0 : 0x107b0    : sd s2, 0(a5)               : MemWrite :  D=0x00000000004f0004 A=0x71d18
5495500: system.cpu: T0 : 0x107b4    : c_j 42                     : IntAlu : 
5496500: system.cpu: T0 : 0x107de    : auipc a5, 96               : IntAlu :  D=0x00000000000707de
5497500: system.cpu: T0 : 0x107e2    : ld a5, 210(a5)             : MemRead :  D=0x000000000007234c A=0x708b0
5498000: system.cpu: T0 : 0x107e6    : c_lw a5, 0(a5)             : MemRead :  D=0x0000000000000024 A=0x7234c
5498500: system.cpu: T0 : 0x107e8    : blt zero, a5, -414         : IntAlu : 
5499500: system.cpu: T0 : 0x1064a    : sw zero, -68(s0)           : MemWrite :  D=0x0000000000000000 A=0x7ffffffffffffd8c
5500500: system.cpu: T0 : 0x1064e    : jal ra, 894                : IntAlu :  D=0x0000000000010652
5501000: system.cpu: T0 : 0x109cc    : c_addi sp, -16             : IntAlu :  D=0x7ffffffffffffd70
5501500: system.cpu: T0 : 0x109ce    : c_sdsp s0, 8(sp)           : MemWrite :  D=0x7ffffffffffffdd0 A=0x7ffffffffffffd78
5502000: system.cpu: T0 : 0x109d0    : c_addi4spn s0, sp, 16      : IntAlu :  D=0x7ffffffffffffd80
5503000: system.cpu: T0 : 0x109d2    : auipc a5, 96               : IntAlu :  D=0x00000000000709d2
5504000: system.cpu: T0 : 0x109d6    : ld a5, -290(a5)            : MemRead :  D=0x000000000007234c A=0x708b0
5504500: system.cpu: T0 : 0x109da    : c_lw a5, 0(a5)             : MemRead :  D=0x0000000000000024 A=0x7234c
5505000: system.cpu: T0 : 0x109dc    : bge zero, a5, 94           : IntAlu : 
5505500: system.cpu: T0 : 0x109e0    : auipc a5, 96               : IntAlu :  D=0x00000000000709e0
5506000: system.cpu: T0 : 0x109e4    : ld a5, -344(a5)            : MemRead :  D=0x00000000000722c8 A=0x70888
5506500: system.cpu: T0 : 0x109e8    : c_lw a5, 0(a5)             : MemRead :  D=0x0000000000000027 A=0x722c8
5507500: system.cpu: T0 : 0x109ea    : addiw a4, a5, -1           : IntAlu :  D=0x0000000000000026
5508500: system.cpu: T0 : 0x109ee    : addiw a3, a4, 0            : IntAlu :  D=0x0000000000000026
5509500: system.cpu: T0 : 0x109f2    : auipc a4, 96               : IntAlu :  D=0x00000000000709f2
5510500: system.cpu: T0 : 0x109f6    : ld a4, -362(a4)            : MemRead :  D=0x00000000000722c8 A=0x70888
5511000: system.cpu: T0 : 0x109fa    : c_sw a3, 0(a4)             : MemWrite :  D=0x0000000000000026 A=0x722c8
5511500: system.cpu: T0 : 0x109fc    : bge zero, a5, 62           : IntAlu : 
5512000: system.cpu: T0 : 0x10a00    : auipc a5, 96               : IntAlu :  D=0x0000000000070a00
5512500: system.cpu: T0 : 0x10a04    : ld a5, -336(a5)            : MemRead :  D=0x000000000007234c A=0x708b0
5513000: system.cpu: T0 : 0x10a08    : c_lw a5, 0(a5)             : MemRead :  D=0x0000000000000024 A=0x7234c
5513500: system.cpu: T0 : 0x10a0a    : c_addiw a5, -1             : IntAlu :  D=0x0000000000000023
5514000: system.cpu: T0 : 0x10a0c    : addiw a4, a5, 0            : IntAlu :  D=0x0000000000000023
5514500: system.cpu: T0 : 0x10a10    : auipc a5, 96               : IntAlu :  D=0x0000000000070a10
5515000: system.cpu: T0 : 0x10a14    : ld a5, -352(a5)            : MemRead :  D=0x000000000007234c A=0x708b0
5515500: system.cpu: T0 : 0x10a18    : c_sw a4, 0(a5)             : MemWrite :  D=0x0000000000000023 A=0x7234c
5516500: system.cpu: T0 : 0x10a1a    : auipc a5, 96               : IntAlu :  D=0x0000000000070a1a
5517500: system.cpu: T0 : 0x10a1e    : ld a5, -426(a5)            : MemRead :  D=0x0000000000071a80 A=0x70870
5518000: system.cpu: T0 : 0x10a22    : c_ld a5, 0(a5)             : MemRead :  D=0x0000000000071a56 A=0x71a80
5518500: system.cpu: T0 : 0x10a24    : addi a3, a5, 1             : IntAlu :  D=0x0000000000071a57
5519000: system.cpu: T0 : 0x10a28    : auipc a4, 96               : IntAlu :  D=0x0000000000070a28
5519500: system.cpu: T0 : 0x10a2c    : ld a4, -440(a4)            : MemRead :  D=0x0000000000071a80 A=0x70870
5520000: system.cpu: T0 : 0x10a30    : c_sd a3, 0(a4)             : MemWrite :  D=0x0000000000071a57 A=0x71a80
5521000: system.cpu: T0 : 0x10a32    : lbu a5, 0(a5)              : MemRead :  D=0x000000000000002e A=0x71a56
5521500: system.cpu: T0 : 0x10a36    : c_addiw a5, 0              : IntAlu :  D=0x000000000000002e
5522000: system.cpu: T0 : 0x10a38    : c_j 4                      : IntAlu : 
5522500: system.cpu: T0 : 0x10a3c    : c_mv a0, a5                : IntAlu :  D=0x000000000000002e
5523000: system.cpu: T0 : 0x10a3e    : c_ldsp s0, 8(sp)           : MemRead :  D=0x7ffffffffffffdd0 A=0x7ffffffffffffd78
5523500: system.cpu: T0 : 0x10a40    : c_addi sp, 16              : IntAlu :  D=0x7ffffffffffffd80
5524000: system.cpu: T0 : 0x10a42    : c_jr ra                    : IntAlu : 
5524500: system.cpu: T0 : 0x10652    : c_mv a5, a0                : IntAlu :  D=0x000000000000002e
5525000: system.cpu: T0 : 0x10654    : c_addiw a5, 0              : IntAlu :  D=0x000000000000002e
5526000: system.cpu: T0 : 0x10656    : addiw s6, a5, 0            : IntAlu :  D=0x000000000000002e
5527000: system.cpu: T0 : 0x1065a    : auipc a5, 95               : IntAlu :  D=0x000000000006f65a
5528000: system.cpu: T0 : 0x1065e    : addi a5, a5, -1578         : IntAlu :  D=0x000000000006f030
5528500: system.cpu: T0 : 0x10662    : c_ld a5, 0(a5)             : MemRead :  D=0x000000000000000e A=0x6f030
5529000: system.cpu: T0 : 0x10664    : addi a4, a5, 1             : IntAlu :  D=0x000000000000000f
5529500: system.cpu: T0 : 0x10668    : auipc a5, 95               : IntAlu :  D=0x000000000006f668
5530000: system.cpu: T0 : 0x1066c    : addi a5, a5, -1592         : IntAlu :  D=0x000000000006f030
5530500: system.cpu: T0 : 0x10670    : c_sd a4, 0(a5)             : MemWrite :  D=0x000000000000000f A=0x6f030
5531000: system.cpu: T0 : 0x10672    : c_mv a4, s6                : IntAlu :  D=0x000000000000002e
5531500: system.cpu: T0 : 0x10674    : auipc a5, 95               : IntAlu :  D=0x000000000006f674
5532000: system.cpu: T0 : 0x10678    : addi a5, a5, -1652         : IntAlu :  D=0x000000000006f000
5532500: system.cpu: T0 : 0x1067c    : c_lw a5, 0(a5)             : MemRead :  D=0x0000000000000010 A=0x6f000
5533500: system.cpu: T0 : 0x1067e    : sll a5, a4, a5             : IntAlu :  D=0x00000000002e0000
5534500: system.cpu: T0 : 0x10682    : add s2, s4, a5             : IntAlu :  D=0x00000000002e004f
5535500: system.cpu: T0 : 0x10686    : sllw a5, s6, s3            : IntAlu :  D=0x000000000000002e
5536000: system.cpu: T0 : 0x1068a    : c_addiw a5, 0              : IntAlu :  D=0x000000000000002e
5536500: system.cpu: T0 : 0x1068c    : xor s1, s4, a5             : IntAlu :  D=0x0000000000000061
5537000: system.cpu: T0 : 0x10690    : auipc a4, 96               : IntAlu :  D=0x0000000000070690
5537500: system.cpu: T0 : 0x10694    : ld a4, 496(a4)             : MemRead :  D=0x0000000000071ac0 A=0x70880
5538000: system.cpu: T0 : 0x10698    : slli a5, s1, 3             : IntAlu :  D=0x0000000000000308
5538500: system.cpu: T0 : 0x1069c    : c_add a5, a4               : IntAlu :  D=0x0000000000071dc8
5539000: system.cpu: T0 : 0x1069e    : c_ld a5, 0(a5)             : MemRead :  D=0xffffffffffffffff A=0x71dc8
5539500: system.cpu: T0 : 0x106a0    : bne s2, a5, 26             : IntAlu : 
5540500: system.cpu: T0 : 0x106ba    : auipc a4, 96               : IntAlu :  D=0x00000000000706ba
5541500: system.cpu: T0 : 0x106be    : ld a4, 454(a4)             : MemRead :  D=0x0000000000071ac0 A=0x70880
5542500: system.cpu: T0 : 0x106c2    : slli a5, s1, 3             : IntAlu :  D=0x0000000000000308
5543000: system.cpu: T0 : 0x106c6    : c_add a5, a4               : IntAlu :  D=0x0000000000071dc8
5543500: system.cpu: T0 : 0x106c8    : c_ld a5, 0(a5)             : MemRead :  D=0xffffffffffffffff A=0x71dc8
5544500: system.cpu: T0 : 0x106ca    : blt a5, zero, 132          : IntAlu : 
5545000: system.cpu: T0 : 0x1074e    : c_addi zero, 0             : IntAlu :  D=0x0000000000000000
5545500: system.cpu: T0 : 0x10750    : c_j 4                      : IntAlu : 
5546000: system.cpu: T0 : 0x10754    : addi a5, gp, -920          : IntAlu :  D=0x0000000000070d48
5546500: system.cpu: T0 : 0x10758    : c_ld a5, 0(a5)             : MemRead :  D=0x000000000000000d A=0x70d48
5547500: system.cpu: T0 : 0x1075a    : addi a4, a5, 1             : IntAlu :  D=0x000000000000000e
5548500: system.cpu: T0 : 0x1075e    : addi a5, gp, -920          : IntAlu :  D=0x0000000000070d48
5549000: system.cpu: T0 : 0x10762    : c_sd a4, 0(a5)             : MemWrite :  D=0x000000000000000e A=0x70d48
5549500: system.cpu: T0 : 0x10764    : c_mv s4, s6                : IntAlu :  D=0x000000000000002e
5550500: system.cpu: T0 : 0x10766    : addi a5, gp, -960          : IntAlu :  D=0x0000000000070d20
5551000: system.cpu: T0 : 0x1076a    : c_ld a4, 0(a5)             : MemRead :  D=0x000000000000010e A=0x70d20
5551500: system.cpu: T0 : 0x1076c    : auipc a5, 95               : IntAlu :  D=0x000000000006f76c
5552000: system.cpu: T0 : 0x10770    : addi a5, a5, -1892         : IntAlu :  D=0x000000000006f008
5552500: system.cpu: T0 : 0x10774    : c_ld a5, 0(a5)             : MemRead :  D=0x0000000000010000 A=0x6f008
5553500: system.cpu: T0 : 0x10776    : bge a4, a5, 64             : IntAlu : 
5554500: system.cpu: T0 : 0x1077a    : addi a5, gp, -960          : IntAlu :  D=0x0000000000070d20
5555000: system.cpu: T0 : 0x1077e    : c_ld a5, 0(a5)             : MemRead :  D=0x000000000000010e A=0x70d20
5555500: system.cpu: T0 : 0x10780    : addi a3, a5, 1             : IntAlu :  D=0x000000000000010f
5556000: system.cpu: T0 : 0x10784    : addi a4, gp, -960          : IntAlu :  D=0x0000000000070d20
5556500: system.cpu: T0 : 0x10788    : c_sd a3, 0(a4)             : MemWrite :  D=0x000000000000010f A=0x70d20
5557500: system.cpu: T0 : 0x1078a    : slli a4, a5, 48            : IntAlu :  D=0x010e000000000000
5558000: system.cpu: T0 : 0x1078e    : c_srli a4, 48              : IntAlu :  D=0x000000000000010e
5558500: system.cpu: T0 : 0x10790    : auipc a3, 96               : IntAlu :  D=0x0000000000070790
5559000: system.cpu: T0 : 0x10794    : ld a3, 296(a3)             : MemRead :  D=0x0000000000072350 A=0x708b8
5559500: system.cpu: T0 : 0x10798    : slli a5, s1, 1             : IntAlu :  D=0x00000000000000c2
5560000: system.cpu: T0 : 0x1079c    : c_add a5, a3               : IntAlu :  D=0x0000000000072412
5561000: system.cpu: T0 : 0x1079e    : sh a4, 0(a5)               : MemWrite :  D=0x000000000000010e A=0x72412
5562000: system.cpu: T0 : 0x107a2    : auipc a4, 96               : IntAlu :  D=0x00000000000707a2
5563000: system.cpu: T0 : 0x107a6    : ld a4, 222(a4)             : MemRead :  D=0x0000000000071ac0 A=0x70880
5564000: system.cpu: T0 : 0x107aa    : slli a5, s1, 3             : IntAlu :  D=0x0000000000000308
5564500: system.cpu: T0 : 0x107ae    : c_add a5, a4               : IntAlu :  D=0x0000000000071dc8
5565000: system.cpu: T0 : 0x107b0    : sd s2, 0(a5)               : MemWrite :  D=0x00000000002e004f A=0x71dc8
5565500: system.cpu: T0 : 0x107b4    : c_j 42                     : IntAlu : 
5566500: system.cpu: T0 : 0x107de    : auipc a5, 96               : IntAlu :  D=0x00000000000707de
5567500: system.cpu: T0 : 0x107e2    : ld a5, 210(a5)             : MemRead :  D=0x000000000007234c A=0x708b0
5568000: system.cpu: T0 : 0x107e6    : c_lw a5, 0(a5)             : MemRead :  D=0x0000000000000023 A=0x7234c
5568500: system.cpu: T0 : 0x107e8    : blt zero, a5, -414         : IntAlu : 
5569500: system.cpu: T0 : 0x1064a    : sw zero, -68(s0)           : MemWrite :  D=0x0000000000000000 A=0x7ffffffffffffd8c
5570500: system.cpu: T0 : 0x1064e    : jal ra, 894                : IntAlu :  D=0x0000000000010652
5571000: system.cpu: T0 : 0x109cc    : c_addi sp, -16             : IntAlu :  D=0x7ffffffffffffd70
5571500: system.cpu: T0 : 0x109ce    : c_sdsp s0, 8(sp)           : MemWrite :  D=0x7ffffffffffffdd0 A=0x7ffffffffffffd78
5572000: system.cpu: T0 : 0x109d0    : c_addi4spn s0, sp, 16      : IntAlu :  D=0x7ffffffffffffd80
5573000: system.cpu: T0 : 0x109d2    : auipc a5, 96               : IntAlu :  D=0x00000000000709d2
5574000: system.cpu: T0 : 0x109d6    : ld a5, -290(a5)            : MemRead :  D=0x000000000007234c A=0x708b0
5574500: system.cpu: T0 : 0x109da    : c_lw a5, 0(a5)             : MemRead :  D=0x0000000000000023 A=0x7234c
5575000: system.cpu: T0 : 0x109dc    : bge zero, a5, 94           : IntAlu : 
5575500: system.cpu: T0 : 0x109e0    : auipc a5, 96               : IntAlu :  D=0x00000000000709e0
5576000: system.cpu: T0 : 0x109e4    : ld a5, -344(a5)            : MemRead :  D=0x00000000000722c8 A=0x70888
5576500: system.cpu: T0 : 0x109e8    : c_lw a5, 0(a5)             : MemRead :  D=0x0000000000000026 A=0x722c8
5577500: system.cpu: T0 : 0x109ea    : addiw a4, a5, -1           : IntAlu :  D=0x0000000000000025
5578500: system.cpu: T0 : 0x109ee    : addiw a3, a4, 0            : IntAlu :  D=0x0000000000000025
5579500: system.cpu: T0 : 0x109f2    : auipc a4, 96               : IntAlu :  D=0x00000000000709f2
5580500: system.cpu: T0 : 0x109f6    : ld a4, -362(a4)            : MemRead :  D=0x00000000000722c8 A=0x70888
5581000: system.cpu: T0 : 0x109fa    : c_sw a3, 0(a4)             : MemWrite :  D=0x0000000000000025 A=0x722c8
5581500: system.cpu: T0 : 0x109fc    : bge zero, a5, 62           : IntAlu : 
5582000: system.cpu: T0 : 0x10a00    : auipc a5, 96               : IntAlu :  D=0x0000000000070a00
5582500: system.cpu: T0 : 0x10a04    : ld a5, -336(a5)            : MemRead :  D=0x000000000007234c A=0x708b0
5583000: system.cpu: T0 : 0x10a08    : c_lw a5, 0(a5)             : MemRead :  D=0x0000000000000023 A=0x7234c
5583500: system.cpu: T0 : 0x10a0a    : c_addiw a5, -1             : IntAlu :  D=0x0000000000000022
5584000: system.cpu: T0 : 0x10a0c    : addiw a4, a5, 0            : IntAlu :  D=0x0000000000000022
5584500: system.cpu: T0 : 0x10a10    : auipc a5, 96               : IntAlu :  D=0x0000000000070a10
5585000: system.cpu: T0 : 0x10a14    : ld a5, -352(a5)            : MemRead :  D=0x000000000007234c A=0x708b0
5585500: system.cpu: T0 : 0x10a18    : c_sw a4, 0(a5)             : MemWrite :  D=0x0000000000000022 A=0x7234c
5586500: system.cpu: T0 : 0x10a1a    : auipc a5, 96               : IntAlu :  D=0x0000000000070a1a
5587500: system.cpu: T0 : 0x10a1e    : ld a5, -426(a5)            : MemRead :  D=0x0000000000071a80 A=0x70870
5588000: system.cpu: T0 : 0x10a22    : c_ld a5, 0(a5)             : MemRead :  D=0x0000000000071a57 A=0x71a80
5588500: system.cpu: T0 : 0x10a24    : addi a3, a5, 1             : IntAlu :  D=0x0000000000071a58
5589000: system.cpu: T0 : 0x10a28    : auipc a4, 96               : IntAlu :  D=0x0000000000070a28
5589500: system.cpu: T0 : 0x10a2c    : ld a4, -440(a4)            : MemRead :  D=0x0000000000071a80 A=0x70870
5590000: system.cpu: T0 : 0x10a30    : c_sd a3, 0(a4)             : MemWrite :  D=0x0000000000071a58 A=0x71a80
5591000: system.cpu: T0 : 0x10a32    : lbu a5, 0(a5)              : MemRead :  D=0x00000000000000a8 A=0x71a57
5591500: system.cpu: T0 : 0x10a36    : c_addiw a5, 0              : IntAlu :  D=0x00000000000000a8
5592000: system.cpu: T0 : 0x10a38    : c_j 4                      : IntAlu : 
5592500: system.cpu: T0 : 0x10a3c    : c_mv a0, a5                : IntAlu :  D=0x00000000000000a8
5593000: system.cpu: T0 : 0x10a3e    : c_ldsp s0, 8(sp)           : MemRead :  D=0x7ffffffffffffdd0 A=0x7ffffffffffffd78
5593500: system.cpu: T0 : 0x10a40    : c_addi sp, 16              : IntAlu :  D=0x7ffffffffffffd80
5594000: system.cpu: T0 : 0x10a42    : c_jr ra                    : IntAlu : 
5594500: system.cpu: T0 : 0x10652    : c_mv a5, a0                : IntAlu :  D=0x00000000000000a8
5595000: system.cpu: T0 : 0x10654    : c_addiw a5, 0              : IntAlu :  D=0x00000000000000a8
5596000: system.cpu: T0 : 0x10656    : addiw s6, a5, 0            : IntAlu :  D=0x00000000000000a8
5597000: system.cpu: T0 : 0x1065a    : auipc a5, 95               : IntAlu :  D=0x000000000006f65a
5598000: system.cpu: T0 : 0x1065e    : addi a5, a5, -1578         : IntAlu :  D=0x000000000006f030
5598500: system.cpu: T0 : 0x10662    : c_ld a5, 0(a5)             : MemRead :  D=0x000000000000000f A=0x6f030
5599000: system.cpu: T0 : 0x10664    : addi a4, a5, 1             : IntAlu :  D=0x0000000000000010
5599500: system.cpu: T0 : 0x10668    : auipc a5, 95               : IntAlu :  D=0x000000000006f668
5600000: system.cpu: T0 : 0x1066c    : addi a5, a5, -1592         : IntAlu :  D=0x000000000006f030
5600500: system.cpu: T0 : 0x10670    : c_sd a4, 0(a5)             : MemWrite :  D=0x0000000000000010 A=0x6f030
5601000: system.cpu: T0 : 0x10672    : c_mv a4, s6                : IntAlu :  D=0x00000000000000a8
5601500: system.cpu: T0 : 0x10674    : auipc a5, 95               : IntAlu :  D=0x000000000006f674
5602000: system.cpu: T0 : 0x10678    : addi a5, a5, -1652         : IntAlu :  D=0x000000000006f000
5602500: system.cpu: T0 : 0x1067c    : c_lw a5, 0(a5)             : MemRead :  D=0x0000000000000010 A=0x6f000
5603500: system.cpu: T0 : 0x1067e    : sll a5, a4, a5             : IntAlu :  D=0x0000000000a80000
5604500: system.cpu: T0 : 0x10682    : add s2, s4, a5             : IntAlu :  D=0x0000000000a8002e
5605500: system.cpu: T0 : 0x10686    : sllw a5, s6, s3            : IntAlu :  D=0x00000000000000a8
5606000: system.cpu: T0 : 0x1068a    : c_addiw a5, 0              : IntAlu :  D=0x00000000000000a8
5606500: system.cpu: T0 : 0x1068c    : xor s1, s4, a5             : IntAlu :  D=0x0000000000000086
5607000: system.cpu: T0 : 0x10690    : auipc a4, 96               : IntAlu :  D=0x0000000000070690
5607500: system.cpu: T0 : 0x10694    : ld a4, 496(a4)             : MemRead :  D=0x0000000000071ac0 A=0x70880
5608000: system.cpu: T0 : 0x10698    : slli a5, s1, 3             : IntAlu :  D=0x0000000000000430
5608500: system.cpu: T0 : 0x1069c    : c_add a5, a4               : IntAlu :  D=0x0000000000071ef0
5609000: system.cpu: T0 : 0x1069e    : c_ld a5, 0(a5)             : MemRead :  D=0xffffffffffffffff A=0x71ef0
5609500: system.cpu: T0 : 0x106a0    : bne s2, a5, 26             : IntAlu : 
5610500: system.cpu: T0 : 0x106ba    : auipc a4, 96               : IntAlu :  D=0x00000000000706ba
5611500: system.cpu: T0 : 0x106be    : ld a4, 454(a4)             : MemRead :  D=0x0000000000071ac0 A=0x70880
5612500: system.cpu: T0 : 0x106c2    : slli a5, s1, 3             : IntAlu :  D=0x0000000000000430
5613000: system.cpu: T0 : 0x106c6    : c_add a5, a4               : IntAlu :  D=0x0000000000071ef0
5613500: system.cpu: T0 : 0x106c8    : c_ld a5, 0(a5)             : MemRead :  D=0xffffffffffffffff A=0x71ef0
5614500: system.cpu: T0 : 0x106ca    : blt a5, zero, 132          : IntAlu : 
5615000: system.cpu: T0 : 0x1074e    : c_addi zero, 0             : IntAlu :  D=0x0000000000000000
5615500: system.cpu: T0 : 0x10750    : c_j 4                      : IntAlu : 
5616000: system.cpu: T0 : 0x10754    : addi a5, gp, -920          : IntAlu :  D=0x0000000000070d48
5616500: system.cpu: T0 : 0x10758    : c_ld a5, 0(a5)             : MemRead :  D=0x000000000000000e A=0x70d48
5617500: system.cpu: T0 : 0x1075a    : addi a4, a5, 1             : IntAlu :  D=0x000000000000000f
5618500: system.cpu: T0 : 0x1075e    : addi a5, gp, -920          : IntAlu :  D=0x0000000000070d48
5619000: system.cpu: T0 : 0x10762    : c_sd a4, 0(a5)             : MemWrite :  D=0x000000000000000f A=0x70d48
5619500: system.cpu: T0 : 0x10764    : c_mv s4, s6                : IntAlu :  D=0x00000000000000a8
5620500: system.cpu: T0 : 0x10766    : addi a5, gp, -960          : IntAlu :  D=0x0000000000070d20
5621000: system.cpu: T0 : 0x1076a    : c_ld a4, 0(a5)             : MemRead :  D=0x000000000000010f A=0x70d20
5621500: system.cpu: T0 : 0x1076c    : auipc a5, 95               : IntAlu :  D=0x000000000006f76c
5622000: system.cpu: T0 : 0x10770    : addi a5, a5, -1892         : IntAlu :  D=0x000000000006f008
5622500: system.cpu: T0 : 0x10774    : c_ld a5, 0(a5)             : MemRead :  D=0x0000000000010000 A=0x6f008
5623500: system.cpu: T0 : 0x10776    : bge a4, a5, 64             : IntAlu : 
5624500: system.cpu: T0 : 0x1077a    : addi a5, gp, -960          : IntAlu :  D=0x0000000000070d20
5625000: system.cpu: T0 : 0x1077e    : c_ld a5, 0(a5)             : MemRead :  D=0x000000000000010f A=0x70d20
5625500: system.cpu: T0 : 0x10780    : addi a3, a5, 1             : IntAlu :  D=0x0000000000000110
5626000: system.cpu: T0 : 0x10784    : addi a4, gp, -960          : IntAlu :  D=0x0000000000070d20
5626500: system.cpu: T0 : 0x10788    : c_sd a3, 0(a4)             : MemWrite :  D=0x0000000000000110 A=0x70d20
5627500: system.cpu: T0 : 0x1078a    : slli a4, a5, 48            : IntAlu :  D=0x010f000000000000
5628000: system.cpu: T0 : 0x1078e    : c_srli a4, 48              : IntAlu :  D=0x000000000000010f
5628500: system.cpu: T0 : 0x10790    : auipc a3, 96               : IntAlu :  D=0x0000000000070790
5629000: system.cpu: T0 : 0x10794    : ld a3, 296(a3)             : MemRead :  D=0x0000000000072350 A=0x708b8
5629500: system.cpu: T0 : 0x10798    : slli a5, s1, 1             : IntAlu :  D=0x000000000000010c
5630000: system.cpu: T0 : 0x1079c    : c_add a5, a3               : IntAlu :  D=0x000000000007245c
5631000: system.cpu: T0 : 0x1079e    : sh a4, 0(a5)               : MemWrite :  D=0x000000000000010f A=0x7245c
5632000: system.cpu: T0 : 0x107a2    : auipc a4, 96               : IntAlu :  D=0x00000000000707a2
5633000: system.cpu: T0 : 0x107a6    : ld a4, 222(a4)             : MemRead :  D=0x0000000000071ac0 A=0x70880
5634000: system.cpu: T0 : 0x107aa    : slli a5, s1, 3             : IntAlu :  D=0x0000000000000430
5634500: system.cpu: T0 : 0x107ae    : c_add a5, a4               : IntAlu :  D=0x0000000000071ef0
5635000: system.cpu: T0 : 0x107b0    : sd s2, 0(a5)               : MemWrite :  D=0x0000000000a8002e A=0x71ef0
5635500: system.cpu: T0 : 0x107b4    : c_j 42                     : IntAlu : 
5636500: system.cpu: T0 : 0x107de    : auipc a5, 96               : IntAlu :  D=0x00000000000707de
5637500: system.cpu: T0 : 0x107e2    : ld a5, 210(a5)             : MemRead :  D=0x000000000007234c A=0x708b0
5638000: system.cpu: T0 : 0x107e6    : c_lw a5, 0(a5)             : MemRead :  D=0x0000000000000022 A=0x7234c
5638500: system.cpu: T0 : 0x107e8    : blt zero, a5, -414         : IntAlu : 
5639500: system.cpu: T0 : 0x1064a    : sw zero, -68(s0)           : MemWrite :  D=0x0000000000000000 A=0x7ffffffffffffd8c
5640500: system.cpu: T0 : 0x1064e    : jal ra, 894                : IntAlu :  D=0x0000000000010652
5641000: system.cpu: T0 : 0x109cc    : c_addi sp, -16             : IntAlu :  D=0x7ffffffffffffd70
5641500: system.cpu: T0 : 0x109ce    : c_sdsp s0, 8(sp)           : MemWrite :  D=0x7ffffffffffffdd0 A=0x7ffffffffffffd78
5642000: system.cpu: T0 : 0x109d0    : c_addi4spn s0, sp, 16      : IntAlu :  D=0x7ffffffffffffd80
5643000: system.cpu: T0 : 0x109d2    : auipc a5, 96               : IntAlu :  D=0x00000000000709d2
5644000: system.cpu: T0 : 0x109d6    : ld a5, -290(a5)            : MemRead :  D=0x000000000007234c A=0x708b0
5644500: system.cpu: T0 : 0x109da    : c_lw a5, 0(a5)             : MemRead :  D=0x0000000000000022 A=0x7234c
5645000: system.cpu: T0 : 0x109dc    : bge zero, a5, 94           : IntAlu : 
5645500: system.cpu: T0 : 0x109e0    : auipc a5, 96               : IntAlu :  D=0x00000000000709e0
5646000: system.cpu: T0 : 0x109e4    : ld a5, -344(a5)            : MemRead :  D=0x00000000000722c8 A=0x70888
5646500: system.cpu: T0 : 0x109e8    : c_lw a5, 0(a5)             : MemRead :  D=0x0000000000000025 A=0x722c8
5647500: system.cpu: T0 : 0x109ea    : addiw a4, a5, -1           : IntAlu :  D=0x0000000000000024
5648500: system.cpu: T0 : 0x109ee    : addiw a3, a4, 0            : IntAlu :  D=0x0000000000000024
5649500: system.cpu: T0 : 0x109f2    : auipc a4, 96               : IntAlu :  D=0x00000000000709f2
5650500: system.cpu: T0 : 0x109f6    : ld a4, -362(a4)            : MemRead :  D=0x00000000000722c8 A=0x70888
5651000: system.cpu: T0 : 0x109fa    : c_sw a3, 0(a4)             : MemWrite :  D=0x0000000000000024 A=0x722c8
5651500: system.cpu: T0 : 0x109fc    : bge zero, a5, 62           : IntAlu : 
5652000: system.cpu: T0 : 0x10a00    : auipc a5, 96               : IntAlu :  D=0x0000000000070a00
5652500: system.cpu: T0 : 0x10a04    : ld a5, -336(a5)            : MemRead :  D=0x000000000007234c A=0x708b0
5653000: system.cpu: T0 : 0x10a08    : c_lw a5, 0(a5)             : MemRead :  D=0x0000000000000022 A=0x7234c
5653500: system.cpu: T0 : 0x10a0a    : c_addiw a5, -1             : IntAlu :  D=0x0000000000000021
5654000: system.cpu: T0 : 0x10a0c    : addiw a4, a5, 0            : IntAlu :  D=0x0000000000000021
5654500: system.cpu: T0 : 0x10a10    : auipc a5, 96               : IntAlu :  D=0x0000000000070a10
5655000: system.cpu: T0 : 0x10a14    : ld a5, -352(a5)            : MemRead :  D=0x000000000007234c A=0x708b0
5655500: system.cpu: T0 : 0x10a18    : c_sw a4, 0(a5)             : MemWrite :  D=0x0000000000000021 A=0x7234c
5656500: system.cpu: T0 : 0x10a1a    : auipc a5, 96               : IntAlu :  D=0x0000000000070a1a
5657500: system.cpu: T0 : 0x10a1e    : ld a5, -426(a5)            : MemRead :  D=0x0000000000071a80 A=0x70870
5658000: system.cpu: T0 : 0x10a22    : c_ld a5, 0(a5)             : MemRead :  D=0x0000000000071a58 A=0x71a80
5658500: system.cpu: T0 : 0x10a24    : addi a3, a5, 1             : IntAlu :  D=0x0000000000071a59
5659000: system.cpu: T0 : 0x10a28    : auipc a4, 96               : IntAlu :  D=0x0000000000070a28
5659500: system.cpu: T0 : 0x10a2c    : ld a4, -440(a4)            : MemRead :  D=0x0000000000071a80 A=0x70870
5660000: system.cpu: T0 : 0x10a30    : c_sd a3, 0(a4)             : MemWrite :  D=0x0000000000071a59 A=0x71a80
5661000: system.cpu: T0 : 0x10a32    : lbu a5, 0(a5)              : MemRead :  D=0x0000000000000027 A=0x71a58
5661500: system.cpu: T0 : 0x10a36    : c_addiw a5, 0              : IntAlu :  D=0x0000000000000027
5662000: system.cpu: T0 : 0x10a38    : c_j 4                      : IntAlu : 
5662500: system.cpu: T0 : 0x10a3c    : c_mv a0, a5                : IntAlu :  D=0x0000000000000027
5663000: system.cpu: T0 : 0x10a3e    : c_ldsp s0, 8(sp)           : MemRead :  D=0x7ffffffffffffdd0 A=0x7ffffffffffffd78
5663500: system.cpu: T0 : 0x10a40    : c_addi sp, 16              : IntAlu :  D=0x7ffffffffffffd80
5664000: system.cpu: T0 : 0x10a42    : c_jr ra                    : IntAlu : 
5664500: system.cpu: T0 : 0x10652    : c_mv a5, a0                : IntAlu :  D=0x0000000000000027
5665000: system.cpu: T0 : 0x10654    : c_addiw a5, 0              : IntAlu :  D=0x0000000000000027
5666000: system.cpu: T0 : 0x10656    : addiw s6, a5, 0            : IntAlu :  D=0x0000000000000027
5667000: system.cpu: T0 : 0x1065a    : auipc a5, 95               : IntAlu :  D=0x000000000006f65a
5668000: system.cpu: T0 : 0x1065e    : addi a5, a5, -1578         : IntAlu :  D=0x000000000006f030
5668500: system.cpu: T0 : 0x10662    : c_ld a5, 0(a5)             : MemRead :  D=0x0000000000000010 A=0x6f030
5669000: system.cpu: T0 : 0x10664    : addi a4, a5, 1             : IntAlu :  D=0x0000000000000011
5669500: system.cpu: T0 : 0x10668    : auipc a5, 95               : IntAlu :  D=0x000000000006f668
5670000: system.cpu: T0 : 0x1066c    : addi a5, a5, -1592         : IntAlu :  D=0x000000000006f030
5670500: system.cpu: T0 : 0x10670    : c_sd a4, 0(a5)             : MemWrite :  D=0x0000000000000011 A=0x6f030
5671000: system.cpu: T0 : 0x10672    : c_mv a4, s6                : IntAlu :  D=0x0000000000000027
5671500: system.cpu: T0 : 0x10674    : auipc a5, 95               : IntAlu :  D=0x000000000006f674
5672000: system.cpu: T0 : 0x10678    : addi a5, a5, -1652         : IntAlu :  D=0x000000000006f000
5672500: system.cpu: T0 : 0x1067c    : c_lw a5, 0(a5)             : MemRead :  D=0x0000000000000010 A=0x6f000
5673500: system.cpu: T0 : 0x1067e    : sll a5, a4, a5             : IntAlu :  D=0x0000000000270000
5674500: system.cpu: T0 : 0x10682    : add s2, s4, a5             : IntAlu :  D=0x00000000002700a8
5675500: system.cpu: T0 : 0x10686    : sllw a5, s6, s3            : IntAlu :  D=0x0000000000000027
5676000: system.cpu: T0 : 0x1068a    : c_addiw a5, 0              : IntAlu :  D=0x0000000000000027
5676500: system.cpu: T0 : 0x1068c    : xor s1, s4, a5             : IntAlu :  D=0x000000000000008f
5677000: system.cpu: T0 : 0x10690    : auipc a4, 96               : IntAlu :  D=0x0000000000070690
5677500: system.cpu: T0 : 0x10694    : ld a4, 496(a4)             : MemRead :  D=0x0000000000071ac0 A=0x70880
5678000: system.cpu: T0 : 0x10698    : slli a5, s1, 3             : IntAlu :  D=0x0000000000000478
5678500: system.cpu: T0 : 0x1069c    : c_add a5, a4               : IntAlu :  D=0x0000000000071f38
5679000: system.cpu: T0 : 0x1069e    : c_ld a5, 0(a5)             : MemRead :  D=0xffffffffffffffff A=0x71f38
5679500: system.cpu: T0 : 0x106a0    : bne s2, a5, 26             : IntAlu : 
5680500: system.cpu: T0 : 0x106ba    : auipc a4, 96               : IntAlu :  D=0x00000000000706ba
5681500: system.cpu: T0 : 0x106be    : ld a4, 454(a4)             : MemRead :  D=0x0000000000071ac0 A=0x70880
5682500: system.cpu: T0 : 0x106c2    : slli a5, s1, 3             : IntAlu :  D=0x0000000000000478
5683000: system.cpu: T0 : 0x106c6    : c_add a5, a4               : IntAlu :  D=0x0000000000071f38
5683500: system.cpu: T0 : 0x106c8    : c_ld a5, 0(a5)             : MemRead :  D=0xffffffffffffffff A=0x71f38
5684500: system.cpu: T0 : 0x106ca    : blt a5, zero, 132          : IntAlu : 
5685000: system.cpu: T0 : 0x1074e    : c_addi zero, 0             : IntAlu :  D=0x0000000000000000
5685500: system.cpu: T0 : 0x10750    : c_j 4                      : IntAlu : 
5686000: system.cpu: T0 : 0x10754    : addi a5, gp, -920          : IntAlu :  D=0x0000000000070d48
5686500: system.cpu: T0 : 0x10758    : c_ld a5, 0(a5)             : MemRead :  D=0x000000000000000f A=0x70d48
5687500: system.cpu: T0 : 0x1075a    : addi a4, a5, 1             : IntAlu :  D=0x0000000000000010
5688500: system.cpu: T0 : 0x1075e    : addi a5, gp, -920          : IntAlu :  D=0x0000000000070d48
5689000: system.cpu: T0 : 0x10762    : c_sd a4, 0(a5)             : MemWrite :  D=0x0000000000000010 A=0x70d48
5689500: system.cpu: T0 : 0x10764    : c_mv s4, s6                : IntAlu :  D=0x0000000000000027
5690500: system.cpu: T0 : 0x10766    : addi a5, gp, -960          : IntAlu :  D=0x0000000000070d20
5691000: system.cpu: T0 : 0x1076a    : c_ld a4, 0(a5)             : MemRead :  D=0x0000000000000110 A=0x70d20
5691500: system.cpu: T0 : 0x1076c    : auipc a5, 95               : IntAlu :  D=0x000000000006f76c
5692000: system.cpu: T0 : 0x10770    : addi a5, a5, -1892         : IntAlu :  D=0x000000000006f008
5692500: system.cpu: T0 : 0x10774    : c_ld a5, 0(a5)             : MemRead :  D=0x0000000000010000 A=0x6f008
5693500: system.cpu: T0 : 0x10776    : bge a4, a5, 64             : IntAlu : 
5694500: system.cpu: T0 : 0x1077a    : addi a5, gp, -960          : IntAlu :  D=0x0000000000070d20
5695000: system.cpu: T0 : 0x1077e    : c_ld a5, 0(a5)             : MemRead :  D=0x0000000000000110 A=0x70d20
5695500: system.cpu: T0 : 0x10780    : addi a3, a5, 1             : IntAlu :  D=0x0000000000000111
5696000: system.cpu: T0 : 0x10784    : addi a4, gp, -960          : IntAlu :  D=0x0000000000070d20
5696500: system.cpu: T0 : 0x10788    : c_sd a3, 0(a4)             : MemWrite :  D=0x0000000000000111 A=0x70d20
5697500: system.cpu: T0 : 0x1078a    : slli a4, a5, 48            : IntAlu :  D=0x0110000000000000
5698000: system.cpu: T0 : 0x1078e    : c_srli a4, 48              : IntAlu :  D=0x0000000000000110
5698500: system.cpu: T0 : 0x10790    : auipc a3, 96               : IntAlu :  D=0x0000000000070790
5699000: system.cpu: T0 : 0x10794    : ld a3, 296(a3)             : MemRead :  D=0x0000000000072350 A=0x708b8
5699500: system.cpu: T0 : 0x10798    : slli a5, s1, 1             : IntAlu :  D=0x000000000000011e
5700000: system.cpu: T0 : 0x1079c    : c_add a5, a3               : IntAlu :  D=0x000000000007246e
5701000: system.cpu: T0 : 0x1079e    : sh a4, 0(a5)               : MemWrite :  D=0x0000000000000110 A=0x7246e
5702000: system.cpu: T0 : 0x107a2    : auipc a4, 96               : IntAlu :  D=0x00000000000707a2
5703000: system.cpu: T0 : 0x107a6    : ld a4, 222(a4)             : MemRead :  D=0x0000000000071ac0 A=0x70880
5704000: system.cpu: T0 : 0x107aa    : slli a5, s1, 3             : IntAlu :  D=0x0000000000000478
5704500: system.cpu: T0 : 0x107ae    : c_add a5, a4               : IntAlu :  D=0x0000000000071f38
5705000: system.cpu: T0 : 0x107b0    : sd s2, 0(a5)               : MemWrite :  D=0x00000000002700a8 A=0x71f38
5705500: system.cpu: T0 : 0x107b4    : c_j 42                     : IntAlu : 
5706500: system.cpu: T0 : 0x107de    : auipc a5, 96               : IntAlu :  D=0x00000000000707de
5707500: system.cpu: T0 : 0x107e2    : ld a5, 210(a5)             : MemRead :  D=0x000000000007234c A=0x708b0
5708000: system.cpu: T0 : 0x107e6    : c_lw a5, 0(a5)             : MemRead :  D=0x0000000000000021 A=0x7234c
5708500: system.cpu: T0 : 0x107e8    : blt zero, a5, -414         : IntAlu : 
5709500: system.cpu: T0 : 0x1064a    : sw zero, -68(s0)           : MemWrite :  D=0x0000000000000000 A=0x7ffffffffffffd8c
5710500: system.cpu: T0 : 0x1064e    : jal ra, 894                : IntAlu :  D=0x0000000000010652
5711000: system.cpu: T0 : 0x109cc    : c_addi sp, -16             : IntAlu :  D=0x7ffffffffffffd70
5711500: system.cpu: T0 : 0x109ce    : c_sdsp s0, 8(sp)           : MemWrite :  D=0x7ffffffffffffdd0 A=0x7ffffffffffffd78
5712000: system.cpu: T0 : 0x109d0    : c_addi4spn s0, sp, 16      : IntAlu :  D=0x7ffffffffffffd80
5713000: system.cpu: T0 : 0x109d2    : auipc a5, 96               : IntAlu :  D=0x00000000000709d2
5714000: system.cpu: T0 : 0x109d6    : ld a5, -290(a5)            : MemRead :  D=0x000000000007234c A=0x708b0
5714500: system.cpu: T0 : 0x109da    : c_lw a5, 0(a5)             : MemRead :  D=0x0000000000000021 A=0x7234c
5715000: system.cpu: T0 : 0x109dc    : bge zero, a5, 94           : IntAlu : 
5715500: system.cpu: T0 : 0x109e0    : auipc a5, 96               : IntAlu :  D=0x00000000000709e0
5716000: system.cpu: T0 : 0x109e4    : ld a5, -344(a5)            : MemRead :  D=0x00000000000722c8 A=0x70888
5716500: system.cpu: T0 : 0x109e8    : c_lw a5, 0(a5)             : MemRead :  D=0x0000000000000024 A=0x722c8
5717500: system.cpu: T0 : 0x109ea    : addiw a4, a5, -1           : IntAlu :  D=0x0000000000000023
5718500: system.cpu: T0 : 0x109ee    : addiw a3, a4, 0            : IntAlu :  D=0x0000000000000023
5719500: system.cpu: T0 : 0x109f2    : auipc a4, 96               : IntAlu :  D=0x00000000000709f2
5720500: system.cpu: T0 : 0x109f6    : ld a4, -362(a4)            : MemRead :  D=0x00000000000722c8 A=0x70888
5721000: system.cpu: T0 : 0x109fa    : c_sw a3, 0(a4)             : MemWrite :  D=0x0000000000000023 A=0x722c8
5721500: system.cpu: T0 : 0x109fc    : bge zero, a5, 62           : IntAlu : 
5722000: system.cpu: T0 : 0x10a00    : auipc a5, 96               : IntAlu :  D=0x0000000000070a00
5722500: system.cpu: T0 : 0x10a04    : ld a5, -336(a5)            : MemRead :  D=0x000000000007234c A=0x708b0
5723000: system.cpu: T0 : 0x10a08    : c_lw a5, 0(a5)             : MemRead :  D=0x0000000000000021 A=0x7234c
5723500: system.cpu: T0 : 0x10a0a    : c_addiw a5, -1             : IntAlu :  D=0x0000000000000020
5724000: system.cpu: T0 : 0x10a0c    : addiw a4, a5, 0            : IntAlu :  D=0x0000000000000020
5724500: system.cpu: T0 : 0x10a10    : auipc a5, 96               : IntAlu :  D=0x0000000000070a10
5725000: system.cpu: T0 : 0x10a14    : ld a5, -352(a5)            : MemRead :  D=0x000000000007234c A=0x708b0
5725500: system.cpu: T0 : 0x10a18    : c_sw a4, 0(a5)             : MemWrite :  D=0x0000000000000020 A=0x7234c
5726500: system.cpu: T0 : 0x10a1a    : auipc a5, 96               : IntAlu :  D=0x0000000000070a1a
5727500: system.cpu: T0 : 0x10a1e    : ld a5, -426(a5)            : MemRead :  D=0x0000000000071a80 A=0x70870
5728000: system.cpu: T0 : 0x10a22    : c_ld a5, 0(a5)             : MemRead :  D=0x0000000000071a59 A=0x71a80
5728500: system.cpu: T0 : 0x10a24    : addi a3, a5, 1             : IntAlu :  D=0x0000000000071a5a
5729000: system.cpu: T0 : 0x10a28    : auipc a4, 96               : IntAlu :  D=0x0000000000070a28
5729500: system.cpu: T0 : 0x10a2c    : ld a4, -440(a4)            : MemRead :  D=0x0000000000071a80 A=0x70870
5730000: system.cpu: T0 : 0x10a30    : c_sd a3, 0(a4)             : MemWrite :  D=0x0000000000071a5a A=0x71a80
5731000: system.cpu: T0 : 0x10a32    : lbu a5, 0(a5)              : MemRead :  D=0x0000000000000073 A=0x71a59
5731500: system.cpu: T0 : 0x10a36    : c_addiw a5, 0              : IntAlu :  D=0x0000000000000073
5732000: system.cpu: T0 : 0x10a38    : c_j 4                      : IntAlu : 
5732500: system.cpu: T0 : 0x10a3c    : c_mv a0, a5                : IntAlu :  D=0x0000000000000073
5733000: system.cpu: T0 : 0x10a3e    : c_ldsp s0, 8(sp)           : MemRead :  D=0x7ffffffffffffdd0 A=0x7ffffffffffffd78
5733500: system.cpu: T0 : 0x10a40    : c_addi sp, 16              : IntAlu :  D=0x7ffffffffffffd80
5734000: system.cpu: T0 : 0x10a42    : c_jr ra                    : IntAlu : 
5734500: system.cpu: T0 : 0x10652    : c_mv a5, a0                : IntAlu :  D=0x0000000000000073
5735000: system.cpu: T0 : 0x10654    : c_addiw a5, 0              : IntAlu :  D=0x0000000000000073
5736000: system.cpu: T0 : 0x10656    : addiw s6, a5, 0            : IntAlu :  D=0x0000000000000073
5737000: system.cpu: T0 : 0x1065a    : auipc a5, 95               : IntAlu :  D=0x000000000006f65a
5738000: system.cpu: T0 : 0x1065e    : addi a5, a5, -1578         : IntAlu :  D=0x000000000006f030
5738500: system.cpu: T0 : 0x10662    : c_ld a5, 0(a5)             : MemRead :  D=0x0000000000000011 A=0x6f030
5739000: system.cpu: T0 : 0x10664    : addi a4, a5, 1             : IntAlu :  D=0x0000000000000012
5739500: system.cpu: T0 : 0x10668    : auipc a5, 95               : IntAlu :  D=0x000000000006f668
5740000: system.cpu: T0 : 0x1066c    : addi a5, a5, -1592         : IntAlu :  D=0x000000000006f030
5740500: system.cpu: T0 : 0x10670    : c_sd a4, 0(a5)             : MemWrite :  D=0x0000000000000012 A=0x6f030
5741000: system.cpu: T0 : 0x10672    : c_mv a4, s6                : IntAlu :  D=0x0000000000000073
5741500: system.cpu: T0 : 0x10674    : auipc a5, 95               : IntAlu :  D=0x000000000006f674
5742000: system.cpu: T0 : 0x10678    : addi a5, a5, -1652         : IntAlu :  D=0x000000000006f000
5742500: system.cpu: T0 : 0x1067c    : c_lw a5, 0(a5)             : MemRead :  D=0x0000000000000010 A=0x6f000
5743500: system.cpu: T0 : 0x1067e    : sll a5, a4, a5             : IntAlu :  D=0x0000000000730000
5744500: system.cpu: T0 : 0x10682    : add s2, s4, a5             : IntAlu :  D=0x0000000000730027
5745500: system.cpu: T0 : 0x10686    : sllw a5, s6, s3            : IntAlu :  D=0x0000000000000073
5746000: system.cpu: T0 : 0x1068a    : c_addiw a5, 0              : IntAlu :  D=0x0000000000000073
5746500: system.cpu: T0 : 0x1068c    : xor s1, s4, a5             : IntAlu :  D=0x0000000000000054
5747000: system.cpu: T0 : 0x10690    : auipc a4, 96               : IntAlu :  D=0x0000000000070690
5747500: system.cpu: T0 : 0x10694    : ld a4, 496(a4)             : MemRead :  D=0x0000000000071ac0 A=0x70880
5748000: system.cpu: T0 : 0x10698    : slli a5, s1, 3             : IntAlu :  D=0x00000000000002a0
5748500: system.cpu: T0 : 0x1069c    : c_add a5, a4               : IntAlu :  D=0x0000000000071d60
5749000: system.cpu: T0 : 0x1069e    : c_ld a5, 0(a5)             : MemRead :  D=0xffffffffffffffff A=0x71d60
5749500: system.cpu: T0 : 0x106a0    : bne s2, a5, 26             : IntAlu : 
5750500: system.cpu: T0 : 0x106ba    : auipc a4, 96               : IntAlu :  D=0x00000000000706ba
5751500: system.cpu: T0 : 0x106be    : ld a4, 454(a4)             : MemRead :  D=0x0000000000071ac0 A=0x70880
5752500: system.cpu: T0 : 0x106c2    : slli a5, s1, 3             : IntAlu :  D=0x00000000000002a0
5753000: system.cpu: T0 : 0x106c6    : c_add a5, a4               : IntAlu :  D=0x0000000000071d60
5753500: system.cpu: T0 : 0x106c8    : c_ld a5, 0(a5)             : MemRead :  D=0xffffffffffffffff A=0x71d60
5754500: system.cpu: T0 : 0x106ca    : blt a5, zero, 132          : IntAlu : 
5755000: system.cpu: T0 : 0x1074e    : c_addi zero, 0             : IntAlu :  D=0x0000000000000000
5755500: system.cpu: T0 : 0x10750    : c_j 4                      : IntAlu : 
5756000: system.cpu: T0 : 0x10754    : addi a5, gp, -920          : IntAlu :  D=0x0000000000070d48
5756500: system.cpu: T0 : 0x10758    : c_ld a5, 0(a5)             : MemRead :  D=0x0000000000000010 A=0x70d48
5757500: system.cpu: T0 : 0x1075a    : addi a4, a5, 1             : IntAlu :  D=0x0000000000000011
5758500: system.cpu: T0 : 0x1075e    : addi a5, gp, -920          : IntAlu :  D=0x0000000000070d48
5759000: system.cpu: T0 : 0x10762    : c_sd a4, 0(a5)             : MemWrite :  D=0x0000000000000011 A=0x70d48
5759500: system.cpu: T0 : 0x10764    : c_mv s4, s6                : IntAlu :  D=0x0000000000000073
5760500: system.cpu: T0 : 0x10766    : addi a5, gp, -960          : IntAlu :  D=0x0000000000070d20
5761000: system.cpu: T0 : 0x1076a    : c_ld a4, 0(a5)             : MemRead :  D=0x0000000000000111 A=0x70d20
5761500: system.cpu: T0 : 0x1076c    : auipc a5, 95               : IntAlu :  D=0x000000000006f76c
5762000: system.cpu: T0 : 0x10770    : addi a5, a5, -1892         : IntAlu :  D=0x000000000006f008
5762500: system.cpu: T0 : 0x10774    : c_ld a5, 0(a5)             : MemRead :  D=0x0000000000010000 A=0x6f008
5763500: system.cpu: T0 : 0x10776    : bge a4, a5, 64             : IntAlu : 
5764500: system.cpu: T0 : 0x1077a    : addi a5, gp, -960          : IntAlu :  D=0x0000000000070d20
5765000: system.cpu: T0 : 0x1077e    : c_ld a5, 0(a5)             : MemRead :  D=0x0000000000000111 A=0x70d20
5765500: system.cpu: T0 : 0x10780    : addi a3, a5, 1             : IntAlu :  D=0x0000000000000112
5766000: system.cpu: T0 : 0x10784    : addi a4, gp, -960          : IntAlu :  D=0x0000000000070d20
5766500: system.cpu: T0 : 0x10788    : c_sd a3, 0(a4)             : MemWrite :  D=0x0000000000000112 A=0x70d20
5767500: system.cpu: T0 : 0x1078a    : slli a4, a5, 48            : IntAlu :  D=0x0111000000000000
5768000: system.cpu: T0 : 0x1078e    : c_srli a4, 48              : IntAlu :  D=0x0000000000000111
5768500: system.cpu: T0 : 0x10790    : auipc a3, 96               : IntAlu :  D=0x0000000000070790
5769000: system.cpu: T0 : 0x10794    : ld a3, 296(a3)             : MemRead :  D=0x0000000000072350 A=0x708b8
5769500: system.cpu: T0 : 0x10798    : slli a5, s1, 1             : IntAlu :  D=0x00000000000000a8
5770000: system.cpu: T0 : 0x1079c    : c_add a5, a3               : IntAlu :  D=0x00000000000723f8
5771000: system.cpu: T0 : 0x1079e    : sh a4, 0(a5)               : MemWrite :  D=0x0000000000000111 A=0x723f8
5772000: system.cpu: T0 : 0x107a2    : auipc a4, 96               : IntAlu :  D=0x00000000000707a2
5773000: system.cpu: T0 : 0x107a6    : ld a4, 222(a4)             : MemRead :  D=0x0000000000071ac0 A=0x70880
5774000: system.cpu: T0 : 0x107aa    : slli a5, s1, 3             : IntAlu :  D=0x00000000000002a0
5774500: system.cpu: T0 : 0x107ae    : c_add a5, a4               : IntAlu :  D=0x0000000000071d60
5775000: system.cpu: T0 : 0x107b0    : sd s2, 0(a5)               : MemWrite :  D=0x0000000000730027 A=0x71d60
5775500: system.cpu: T0 : 0x107b4    : c_j 42                     : IntAlu : 
5776500: system.cpu: T0 : 0x107de    : auipc a5, 96               : IntAlu :  D=0x00000000000707de
5777500: system.cpu: T0 : 0x107e2    : ld a5, 210(a5)             : MemRead :  D=0x000000000007234c A=0x708b0
5778000: system.cpu: T0 : 0x107e6    : c_lw a5, 0(a5)             : MemRead :  D=0x0000000000000020 A=0x7234c
5778500: system.cpu: T0 : 0x107e8    : blt zero, a5, -414         : IntAlu : 
5779500: system.cpu: T0 : 0x1064a    : sw zero, -68(s0)           : MemWrite :  D=0x0000000000000000 A=0x7ffffffffffffd8c
5780500: system.cpu: T0 : 0x1064e    : jal ra, 894                : IntAlu :  D=0x0000000000010652
5781000: system.cpu: T0 : 0x109cc    : c_addi sp, -16             : IntAlu :  D=0x7ffffffffffffd70
5781500: system.cpu: T0 : 0x109ce    : c_sdsp s0, 8(sp)           : MemWrite :  D=0x7ffffffffffffdd0 A=0x7ffffffffffffd78
5782000: system.cpu: T0 : 0x109d0    : c_addi4spn s0, sp, 16      : IntAlu :  D=0x7ffffffffffffd80
5783000: system.cpu: T0 : 0x109d2    : auipc a5, 96               : IntAlu :  D=0x00000000000709d2
5784000: system.cpu: T0 : 0x109d6    : ld a5, -290(a5)            : MemRead :  D=0x000000000007234c A=0x708b0
5784500: system.cpu: T0 : 0x109da    : c_lw a5, 0(a5)             : MemRead :  D=0x0000000000000020 A=0x7234c
5785000: system.cpu: T0 : 0x109dc    : bge zero, a5, 94           : IntAlu : 
5785500: system.cpu: T0 : 0x109e0    : auipc a5, 96               : IntAlu :  D=0x00000000000709e0
5786000: system.cpu: T0 : 0x109e4    : ld a5, -344(a5)            : MemRead :  D=0x00000000000722c8 A=0x70888
5786500: system.cpu: T0 : 0x109e8    : c_lw a5, 0(a5)             : MemRead :  D=0x0000000000000023 A=0x722c8
5787500: system.cpu: T0 : 0x109ea    : addiw a4, a5, -1           : IntAlu :  D=0x0000000000000022
5788500: system.cpu: T0 : 0x109ee    : addiw a3, a4, 0            : IntAlu :  D=0x0000000000000022
5789500: system.cpu: T0 : 0x109f2    : auipc a4, 96               : IntAlu :  D=0x00000000000709f2
5790500: system.cpu: T0 : 0x109f6    : ld a4, -362(a4)            : MemRead :  D=0x00000000000722c8 A=0x70888
5791000: system.cpu: T0 : 0x109fa    : c_sw a3, 0(a4)             : MemWrite :  D=0x0000000000000022 A=0x722c8
5791500: system.cpu: T0 : 0x109fc    : bge zero, a5, 62           : IntAlu : 
5792000: system.cpu: T0 : 0x10a00    : auipc a5, 96               : IntAlu :  D=0x0000000000070a00
5792500: system.cpu: T0 : 0x10a04    : ld a5, -336(a5)            : MemRead :  D=0x000000000007234c A=0x708b0
5793000: system.cpu: T0 : 0x10a08    : c_lw a5, 0(a5)             : MemRead :  D=0x0000000000000020 A=0x7234c
5793500: system.cpu: T0 : 0x10a0a    : c_addiw a5, -1             : IntAlu :  D=0x000000000000001f
5794000: system.cpu: T0 : 0x10a0c    : addiw a4, a5, 0            : IntAlu :  D=0x000000000000001f
5794500: system.cpu: T0 : 0x10a10    : auipc a5, 96               : IntAlu :  D=0x0000000000070a10
5795000: system.cpu: T0 : 0x10a14    : ld a5, -352(a5)            : MemRead :  D=0x000000000007234c A=0x708b0
5795500: system.cpu: T0 : 0x10a18    : c_sw a4, 0(a5)             : MemWrite :  D=0x000000000000001f A=0x7234c
5796500: system.cpu: T0 : 0x10a1a    : auipc a5, 96               : IntAlu :  D=0x0000000000070a1a
5797500: system.cpu: T0 : 0x10a1e    : ld a5, -426(a5)            : MemRead :  D=0x0000000000071a80 A=0x70870
5798000: system.cpu: T0 : 0x10a22    : c_ld a5, 0(a5)             : MemRead :  D=0x0000000000071a5a A=0x71a80
5798500: system.cpu: T0 : 0x10a24    : addi a3, a5, 1             : IntAlu :  D=0x0000000000071a5b
5799000: system.cpu: T0 : 0x10a28    : auipc a4, 96               : IntAlu :  D=0x0000000000070a28
5799500: system.cpu: T0 : 0x10a2c    : ld a4, -440(a4)            : MemRead :  D=0x0000000000071a80 A=0x70870
5800000: system.cpu: T0 : 0x10a30    : c_sd a3, 0(a4)             : MemWrite :  D=0x0000000000071a5b A=0x71a80
5801000: system.cpu: T0 : 0x10a32    : lbu a5, 0(a5)              : MemRead :  D=0x0000000000000032 A=0x71a5a
5801500: system.cpu: T0 : 0x10a36    : c_addiw a5, 0              : IntAlu :  D=0x0000000000000032
5802000: system.cpu: T0 : 0x10a38    : c_j 4                      : IntAlu : 
5802500: system.cpu: T0 : 0x10a3c    : c_mv a0, a5                : IntAlu :  D=0x0000000000000032
5803000: system.cpu: T0 : 0x10a3e    : c_ldsp s0, 8(sp)           : MemRead :  D=0x7ffffffffffffdd0 A=0x7ffffffffffffd78
5803500: system.cpu: T0 : 0x10a40    : c_addi sp, 16              : IntAlu :  D=0x7ffffffffffffd80
5804000: system.cpu: T0 : 0x10a42    : c_jr ra                    : IntAlu : 
5804500: system.cpu: T0 : 0x10652    : c_mv a5, a0                : IntAlu :  D=0x0000000000000032
5805000: system.cpu: T0 : 0x10654    : c_addiw a5, 0              : IntAlu :  D=0x0000000000000032
5806000: system.cpu: T0 : 0x10656    : addiw s6, a5, 0            : IntAlu :  D=0x0000000000000032
5807000: system.cpu: T0 : 0x1065a    : auipc a5, 95               : IntAlu :  D=0x000000000006f65a
5808000: system.cpu: T0 : 0x1065e    : addi a5, a5, -1578         : IntAlu :  D=0x000000000006f030
5808500: system.cpu: T0 : 0x10662    : c_ld a5, 0(a5)             : MemRead :  D=0x0000000000000012 A=0x6f030
5809000: system.cpu: T0 : 0x10664    : addi a4, a5, 1             : IntAlu :  D=0x0000000000000013
5809500: system.cpu: T0 : 0x10668    : auipc a5, 95               : IntAlu :  D=0x000000000006f668
5810000: system.cpu: T0 : 0x1066c    : addi a5, a5, -1592         : IntAlu :  D=0x000000000006f030
5810500: system.cpu: T0 : 0x10670    : c_sd a4, 0(a5)             : MemWrite :  D=0x0000000000000013 A=0x6f030
5811000: system.cpu: T0 : 0x10672    : c_mv a4, s6                : IntAlu :  D=0x0000000000000032
5811500: system.cpu: T0 : 0x10674    : auipc a5, 95               : IntAlu :  D=0x000000000006f674
5812000: system.cpu: T0 : 0x10678    : addi a5, a5, -1652         : IntAlu :  D=0x000000000006f000
5812500: system.cpu: T0 : 0x1067c    : c_lw a5, 0(a5)             : MemRead :  D=0x0000000000000010 A=0x6f000
5813500: system.cpu: T0 : 0x1067e    : sll a5, a4, a5             : IntAlu :  D=0x0000000000320000
5814500: system.cpu: T0 : 0x10682    : add s2, s4, a5             : IntAlu :  D=0x0000000000320073
5815500: system.cpu: T0 : 0x10686    : sllw a5, s6, s3            : IntAlu :  D=0x0000000000000032
5816000: system.cpu: T0 : 0x1068a    : c_addiw a5, 0              : IntAlu :  D=0x0000000000000032
5816500: system.cpu: T0 : 0x1068c    : xor s1, s4, a5             : IntAlu :  D=0x0000000000000041
5817000: system.cpu: T0 : 0x10690    : auipc a4, 96               : IntAlu :  D=0x0000000000070690
5817500: system.cpu: T0 : 0x10694    : ld a4, 496(a4)             : MemRead :  D=0x0000000000071ac0 A=0x70880
5818000: system.cpu: T0 : 0x10698    : slli a5, s1, 3             : IntAlu :  D=0x0000000000000208
5818500: system.cpu: T0 : 0x1069c    : c_add a5, a4               : IntAlu :  D=0x0000000000071cc8
5819000: system.cpu: T0 : 0x1069e    : c_ld a5, 0(a5)             : MemRead :  D=0xffffffffffffffff A=0x71cc8
5819500: system.cpu: T0 : 0x106a0    : bne s2, a5, 26             : IntAlu : 
5820500: system.cpu: T0 : 0x106ba    : auipc a4, 96               : IntAlu :  D=0x00000000000706ba
5821500: system.cpu: T0 : 0x106be    : ld a4, 454(a4)             : MemRead :  D=0x0000000000071ac0 A=0x70880
5822500: system.cpu: T0 : 0x106c2    : slli a5, s1, 3             : IntAlu :  D=0x0000000000000208
5823000: system.cpu: T0 : 0x106c6    : c_add a5, a4               : IntAlu :  D=0x0000000000071cc8
5823500: system.cpu: T0 : 0x106c8    : c_ld a5, 0(a5)             : MemRead :  D=0xffffffffffffffff A=0x71cc8
5824500: system.cpu: T0 : 0x106ca    : blt a5, zero, 132          : IntAlu : 
5825000: system.cpu: T0 : 0x1074e    : c_addi zero, 0             : IntAlu :  D=0x0000000000000000
5825500: system.cpu: T0 : 0x10750    : c_j 4                      : IntAlu : 
5826000: system.cpu: T0 : 0x10754    : addi a5, gp, -920          : IntAlu :  D=0x0000000000070d48
5826500: system.cpu: T0 : 0x10758    : c_ld a5, 0(a5)             : MemRead :  D=0x0000000000000011 A=0x70d48
5827500: system.cpu: T0 : 0x1075a    : addi a4, a5, 1             : IntAlu :  D=0x0000000000000012
5828500: system.cpu: T0 : 0x1075e    : addi a5, gp, -920          : IntAlu :  D=0x0000000000070d48
5829000: system.cpu: T0 : 0x10762    : c_sd a4, 0(a5)             : MemWrite :  D=0x0000000000000012 A=0x70d48
5829500: system.cpu: T0 : 0x10764    : c_mv s4, s6                : IntAlu :  D=0x0000000000000032
5830500: system.cpu: T0 : 0x10766    : addi a5, gp, -960          : IntAlu :  D=0x0000000000070d20
5831000: system.cpu: T0 : 0x1076a    : c_ld a4, 0(a5)             : MemRead :  D=0x0000000000000112 A=0x70d20
5831500: system.cpu: T0 : 0x1076c    : auipc a5, 95               : IntAlu :  D=0x000000000006f76c
5832000: system.cpu: T0 : 0x10770    : addi a5, a5, -1892         : IntAlu :  D=0x000000000006f008
5832500: system.cpu: T0 : 0x10774    : c_ld a5, 0(a5)             : MemRead :  D=0x0000000000010000 A=0x6f008
5833500: system.cpu: T0 : 0x10776    : bge a4, a5, 64             : IntAlu : 
5834500: system.cpu: T0 : 0x1077a    : addi a5, gp, -960          : IntAlu :  D=0x0000000000070d20
5835000: system.cpu: T0 : 0x1077e    : c_ld a5, 0(a5)             : MemRead :  D=0x0000000000000112 A=0x70d20
5835500: system.cpu: T0 : 0x10780    : addi a3, a5, 1             : IntAlu :  D=0x0000000000000113
5836000: system.cpu: T0 : 0x10784    : addi a4, gp, -960          : IntAlu :  D=0x0000000000070d20
5836500: system.cpu: T0 : 0x10788    : c_sd a3, 0(a4)             : MemWrite :  D=0x0000000000000113 A=0x70d20
5837500: system.cpu: T0 : 0x1078a    : slli a4, a5, 48            : IntAlu :  D=0x0112000000000000
5838000: system.cpu: T0 : 0x1078e    : c_srli a4, 48              : IntAlu :  D=0x0000000000000112
5838500: system.cpu: T0 : 0x10790    : auipc a3, 96               : IntAlu :  D=0x0000000000070790
5839000: system.cpu: T0 : 0x10794    : ld a3, 296(a3)             : MemRead :  D=0x0000000000072350 A=0x708b8
5839500: system.cpu: T0 : 0x10798    : slli a5, s1, 1             : IntAlu :  D=0x0000000000000082
5840000: system.cpu: T0 : 0x1079c    : c_add a5, a3               : IntAlu :  D=0x00000000000723d2
5841000: system.cpu: T0 : 0x1079e    : sh a4, 0(a5)               : MemWrite :  D=0x0000000000000112 A=0x723d2
5842000: system.cpu: T0 : 0x107a2    : auipc a4, 96               : IntAlu :  D=0x00000000000707a2
5843000: system.cpu: T0 : 0x107a6    : ld a4, 222(a4)             : MemRead :  D=0x0000000000071ac0 A=0x70880
5844000: system.cpu: T0 : 0x107aa    : slli a5, s1, 3             : IntAlu :  D=0x0000000000000208
5844500: system.cpu: T0 : 0x107ae    : c_add a5, a4               : IntAlu :  D=0x0000000000071cc8
5845000: system.cpu: T0 : 0x107b0    : sd s2, 0(a5)               : MemWrite :  D=0x0000000000320073 A=0x71cc8
5845500: system.cpu: T0 : 0x107b4    : c_j 42                     : IntAlu : 
5846500: system.cpu: T0 : 0x107de    : auipc a5, 96               : IntAlu :  D=0x00000000000707de
5847500: system.cpu: T0 : 0x107e2    : ld a5, 210(a5)             : MemRead :  D=0x000000000007234c A=0x708b0
5848000: system.cpu: T0 : 0x107e6    : c_lw a5, 0(a5)             : MemRead :  D=0x000000000000001f A=0x7234c
5848500: system.cpu: T0 : 0x107e8    : blt zero, a5, -414         : IntAlu : 
5849500: system.cpu: T0 : 0x1064a    : sw zero, -68(s0)           : MemWrite :  D=0x0000000000000000 A=0x7ffffffffffffd8c
5850500: system.cpu: T0 : 0x1064e    : jal ra, 894                : IntAlu :  D=0x0000000000010652
5851000: system.cpu: T0 : 0x109cc    : c_addi sp, -16             : IntAlu :  D=0x7ffffffffffffd70
5851500: system.cpu: T0 : 0x109ce    : c_sdsp s0, 8(sp)           : MemWrite :  D=0x7ffffffffffffdd0 A=0x7ffffffffffffd78
5852000: system.cpu: T0 : 0x109d0    : c_addi4spn s0, sp, 16      : IntAlu :  D=0x7ffffffffffffd80
5853000: system.cpu: T0 : 0x109d2    : auipc a5, 96               : IntAlu :  D=0x00000000000709d2
5854000: system.cpu: T0 : 0x109d6    : ld a5, -290(a5)            : MemRead :  D=0x000000000007234c A=0x708b0
5854500: system.cpu: T0 : 0x109da    : c_lw a5, 0(a5)             : MemRead :  D=0x000000000000001f A=0x7234c
5855000: system.cpu: T0 : 0x109dc    : bge zero, a5, 94           : IntAlu : 
5855500: system.cpu: T0 : 0x109e0    : auipc a5, 96               : IntAlu :  D=0x00000000000709e0
5856000: system.cpu: T0 : 0x109e4    : ld a5, -344(a5)            : MemRead :  D=0x00000000000722c8 A=0x70888
5856500: system.cpu: T0 : 0x109e8    : c_lw a5, 0(a5)             : MemRead :  D=0x0000000000000022 A=0x722c8
5857500: system.cpu: T0 : 0x109ea    : addiw a4, a5, -1           : IntAlu :  D=0x0000000000000021
5858500: system.cpu: T0 : 0x109ee    : addiw a3, a4, 0            : IntAlu :  D=0x0000000000000021
5859500: system.cpu: T0 : 0x109f2    : auipc a4, 96               : IntAlu :  D=0x00000000000709f2
5860500: system.cpu: T0 : 0x109f6    : ld a4, -362(a4)            : MemRead :  D=0x00000000000722c8 A=0x70888
5861000: system.cpu: T0 : 0x109fa    : c_sw a3, 0(a4)             : MemWrite :  D=0x0000000000000021 A=0x722c8
5861500: system.cpu: T0 : 0x109fc    : bge zero, a5, 62           : IntAlu : 
5862000: system.cpu: T0 : 0x10a00    : auipc a5, 96               : IntAlu :  D=0x0000000000070a00
5862500: system.cpu: T0 : 0x10a04    : ld a5, -336(a5)            : MemRead :  D=0x000000000007234c A=0x708b0
5863000: system.cpu: T0 : 0x10a08    : c_lw a5, 0(a5)             : MemRead :  D=0x000000000000001f A=0x7234c
5863500: system.cpu: T0 : 0x10a0a    : c_addiw a5, -1             : IntAlu :  D=0x000000000000001e
5864000: system.cpu: T0 : 0x10a0c    : addiw a4, a5, 0            : IntAlu :  D=0x000000000000001e
5864500: system.cpu: T0 : 0x10a10    : auipc a5, 96               : IntAlu :  D=0x0000000000070a10
5865000: system.cpu: T0 : 0x10a14    : ld a5, -352(a5)            : MemRead :  D=0x000000000007234c A=0x708b0
5865500: system.cpu: T0 : 0x10a18    : c_sw a4, 0(a5)             : MemWrite :  D=0x000000000000001e A=0x7234c
5866500: system.cpu: T0 : 0x10a1a    : auipc a5, 96               : IntAlu :  D=0x0000000000070a1a
5867500: system.cpu: T0 : 0x10a1e    : ld a5, -426(a5)            : MemRead :  D=0x0000000000071a80 A=0x70870
5868000: system.cpu: T0 : 0x10a22    : c_ld a5, 0(a5)             : MemRead :  D=0x0000000000071a5b A=0x71a80
5868500: system.cpu: T0 : 0x10a24    : addi a3, a5, 1             : IntAlu :  D=0x0000000000071a5c
5869000: system.cpu: T0 : 0x10a28    : auipc a4, 96               : IntAlu :  D=0x0000000000070a28
5869500: system.cpu: T0 : 0x10a2c    : ld a4, -440(a4)            : MemRead :  D=0x0000000000071a80 A=0x70870
5870000: system.cpu: T0 : 0x10a30    : c_sd a3, 0(a4)             : MemWrite :  D=0x0000000000071a5c A=0x71a80
5871000: system.cpu: T0 : 0x10a32    : lbu a5, 0(a5)              : MemRead :  D=0x000000000000001f A=0x71a5b
5871500: system.cpu: T0 : 0x10a36    : c_addiw a5, 0              : IntAlu :  D=0x000000000000001f
5872000: system.cpu: T0 : 0x10a38    : c_j 4                      : IntAlu : 
5872500: system.cpu: T0 : 0x10a3c    : c_mv a0, a5                : IntAlu :  D=0x000000000000001f
5873000: system.cpu: T0 : 0x10a3e    : c_ldsp s0, 8(sp)           : MemRead :  D=0x7ffffffffffffdd0 A=0x7ffffffffffffd78
5873500: system.cpu: T0 : 0x10a40    : c_addi sp, 16              : IntAlu :  D=0x7ffffffffffffd80
5874000: system.cpu: T0 : 0x10a42    : c_jr ra                    : IntAlu : 
5874500: system.cpu: T0 : 0x10652    : c_mv a5, a0                : IntAlu :  D=0x000000000000001f
5875000: system.cpu: T0 : 0x10654    : c_addiw a5, 0              : IntAlu :  D=0x000000000000001f
5876000: system.cpu: T0 : 0x10656    : addiw s6, a5, 0            : IntAlu :  D=0x000000000000001f
5877000: system.cpu: T0 : 0x1065a    : auipc a5, 95               : IntAlu :  D=0x000000000006f65a
5878000: system.cpu: T0 : 0x1065e    : addi a5, a5, -1578         : IntAlu :  D=0x000000000006f030
5878500: system.cpu: T0 : 0x10662    : c_ld a5, 0(a5)             : MemRead :  D=0x0000000000000013 A=0x6f030
5879000: system.cpu: T0 : 0x10664    : addi a4, a5, 1             : IntAlu :  D=0x0000000000000014
5879500: system.cpu: T0 : 0x10668    : auipc a5, 95               : IntAlu :  D=0x000000000006f668
5880000: system.cpu: T0 : 0x1066c    : addi a5, a5, -1592         : IntAlu :  D=0x000000000006f030
5880500: system.cpu: T0 : 0x10670    : c_sd a4, 0(a5)             : MemWrite :  D=0x0000000000000014 A=0x6f030
5881000: system.cpu: T0 : 0x10672    : c_mv a4, s6                : IntAlu :  D=0x000000000000001f
5881500: system.cpu: T0 : 0x10674    : auipc a5, 95               : IntAlu :  D=0x000000000006f674
5882000: system.cpu: T0 : 0x10678    : addi a5, a5, -1652         : IntAlu :  D=0x000000000006f000
5882500: system.cpu: T0 : 0x1067c    : c_lw a5, 0(a5)             : MemRead :  D=0x0000000000000010 A=0x6f000
5883500: system.cpu: T0 : 0x1067e    : sll a5, a4, a5             : IntAlu :  D=0x00000000001f0000
5884500: system.cpu: T0 : 0x10682    : add s2, s4, a5             : IntAlu :  D=0x00000000001f0032
5885500: system.cpu: T0 : 0x10686    : sllw a5, s6, s3            : IntAlu :  D=0x000000000000001f
5886000: system.cpu: T0 : 0x1068a    : c_addiw a5, 0              : IntAlu :  D=0x000000000000001f
5886500: system.cpu: T0 : 0x1068c    : xor s1, s4, a5             : IntAlu :  D=0x000000000000002d
5887000: system.cpu: T0 : 0x10690    : auipc a4, 96               : IntAlu :  D=0x0000000000070690
5887500: system.cpu: T0 : 0x10694    : ld a4, 496(a4)             : MemRead :  D=0x0000000000071ac0 A=0x70880
5888000: system.cpu: T0 : 0x10698    : slli a5, s1, 3             : IntAlu :  D=0x0000000000000168
5888500: system.cpu: T0 : 0x1069c    : c_add a5, a4               : IntAlu :  D=0x0000000000071c28
5889000: system.cpu: T0 : 0x1069e    : c_ld a5, 0(a5)             : MemRead :  D=0xffffffffffffffff A=0x71c28
5889500: system.cpu: T0 : 0x106a0    : bne s2, a5, 26             : IntAlu : 
5890500: system.cpu: T0 : 0x106ba    : auipc a4, 96               : IntAlu :  D=0x00000000000706ba
5891500: system.cpu: T0 : 0x106be    : ld a4, 454(a4)             : MemRead :  D=0x0000000000071ac0 A=0x70880
5892500: system.cpu: T0 : 0x106c2    : slli a5, s1, 3             : IntAlu :  D=0x0000000000000168
5893000: system.cpu: T0 : 0x106c6    : c_add a5, a4               : IntAlu :  D=0x0000000000071c28
5893500: system.cpu: T0 : 0x106c8    : c_ld a5, 0(a5)             : MemRead :  D=0xffffffffffffffff A=0x71c28
5894500: system.cpu: T0 : 0x106ca    : blt a5, zero, 132          : IntAlu : 
5895000: system.cpu: T0 : 0x1074e    : c_addi zero, 0             : IntAlu :  D=0x0000000000000000
5895500: system.cpu: T0 : 0x10750    : c_j 4                      : IntAlu : 
5896000: system.cpu: T0 : 0x10754    : addi a5, gp, -920          : IntAlu :  D=0x0000000000070d48
5896500: system.cpu: T0 : 0x10758    : c_ld a5, 0(a5)             : MemRead :  D=0x0000000000000012 A=0x70d48
5897500: system.cpu: T0 : 0x1075a    : addi a4, a5, 1             : IntAlu :  D=0x0000000000000013
5898500: system.cpu: T0 : 0x1075e    : addi a5, gp, -920          : IntAlu :  D=0x0000000000070d48
5899000: system.cpu: T0 : 0x10762    : c_sd a4, 0(a5)             : MemWrite :  D=0x0000000000000013 A=0x70d48
5899500: system.cpu: T0 : 0x10764    : c_mv s4, s6                : IntAlu :  D=0x000000000000001f
5900500: system.cpu: T0 : 0x10766    : addi a5, gp, -960          : IntAlu :  D=0x0000000000070d20
5901000: system.cpu: T0 : 0x1076a    : c_ld a4, 0(a5)             : MemRead :  D=0x0000000000000113 A=0x70d20
5901500: system.cpu: T0 : 0x1076c    : auipc a5, 95               : IntAlu :  D=0x000000000006f76c
5902000: system.cpu: T0 : 0x10770    : addi a5, a5, -1892         : IntAlu :  D=0x000000000006f008
5902500: system.cpu: T0 : 0x10774    : c_ld a5, 0(a5)             : MemRead :  D=0x0000000000010000 A=0x6f008
5903500: system.cpu: T0 : 0x10776    : bge a4, a5, 64             : IntAlu : 
5904500: system.cpu: T0 : 0x1077a    : addi a5, gp, -960          : IntAlu :  D=0x0000000000070d20
5905000: system.cpu: T0 : 0x1077e    : c_ld a5, 0(a5)             : MemRead :  D=0x0000000000000113 A=0x70d20
5905500: system.cpu: T0 : 0x10780    : addi a3, a5, 1             : IntAlu :  D=0x0000000000000114
5906000: system.cpu: T0 : 0x10784    : addi a4, gp, -960          : IntAlu :  D=0x0000000000070d20
5906500: system.cpu: T0 : 0x10788    : c_sd a3, 0(a4)             : MemWrite :  D=0x0000000000000114 A=0x70d20
5907500: system.cpu: T0 : 0x1078a    : slli a4, a5, 48            : IntAlu :  D=0x0113000000000000
5908000: system.cpu: T0 : 0x1078e    : c_srli a4, 48              : IntAlu :  D=0x0000000000000113
5908500: system.cpu: T0 : 0x10790    : auipc a3, 96               : IntAlu :  D=0x0000000000070790
5909000: system.cpu: T0 : 0x10794    : ld a3, 296(a3)             : MemRead :  D=0x0000000000072350 A=0x708b8
5909500: system.cpu: T0 : 0x10798    : slli a5, s1, 1             : IntAlu :  D=0x000000000000005a
5910000: system.cpu: T0 : 0x1079c    : c_add a5, a3               : IntAlu :  D=0x00000000000723aa
5911000: system.cpu: T0 : 0x1079e    : sh a4, 0(a5)               : MemWrite :  D=0x0000000000000113 A=0x723aa
5912000: system.cpu: T0 : 0x107a2    : auipc a4, 96               : IntAlu :  D=0x00000000000707a2
5913000: system.cpu: T0 : 0x107a6    : ld a4, 222(a4)             : MemRead :  D=0x0000000000071ac0 A=0x70880
5914000: system.cpu: T0 : 0x107aa    : slli a5, s1, 3             : IntAlu :  D=0x0000000000000168
5914500: system.cpu: T0 : 0x107ae    : c_add a5, a4               : IntAlu :  D=0x0000000000071c28
5915000: system.cpu: T0 : 0x107b0    : sd s2, 0(a5)               : MemWrite :  D=0x00000000001f0032 A=0x71c28
5915500: system.cpu: T0 : 0x107b4    : c_j 42                     : IntAlu : 
5916500: system.cpu: T0 : 0x107de    : auipc a5, 96               : IntAlu :  D=0x00000000000707de
5917500: system.cpu: T0 : 0x107e2    : ld a5, 210(a5)             : MemRead :  D=0x000000000007234c A=0x708b0
5918000: system.cpu: T0 : 0x107e6    : c_lw a5, 0(a5)             : MemRead :  D=0x000000000000001e A=0x7234c
5918500: system.cpu: T0 : 0x107e8    : blt zero, a5, -414         : IntAlu : 
5919500: system.cpu: T0 : 0x1064a    : sw zero, -68(s0)           : MemWrite :  D=0x0000000000000000 A=0x7ffffffffffffd8c
5920500: system.cpu: T0 : 0x1064e    : jal ra, 894                : IntAlu :  D=0x0000000000010652
5921000: system.cpu: T0 : 0x109cc    : c_addi sp, -16             : IntAlu :  D=0x7ffffffffffffd70
5921500: system.cpu: T0 : 0x109ce    : c_sdsp s0, 8(sp)           : MemWrite :  D=0x7ffffffffffffdd0 A=0x7ffffffffffffd78
5922000: system.cpu: T0 : 0x109d0    : c_addi4spn s0, sp, 16      : IntAlu :  D=0x7ffffffffffffd80
5923000: system.cpu: T0 : 0x109d2    : auipc a5, 96               : IntAlu :  D=0x00000000000709d2
5924000: system.cpu: T0 : 0x109d6    : ld a5, -290(a5)            : MemRead :  D=0x000000000007234c A=0x708b0
5924500: system.cpu: T0 : 0x109da    : c_lw a5, 0(a5)             : MemRead :  D=0x000000000000001e A=0x7234c
5925000: system.cpu: T0 : 0x109dc    : bge zero, a5, 94           : IntAlu : 
5925500: system.cpu: T0 : 0x109e0    : auipc a5, 96               : IntAlu :  D=0x00000000000709e0
5926000: system.cpu: T0 : 0x109e4    : ld a5, -344(a5)            : MemRead :  D=0x00000000000722c8 A=0x70888
5926500: system.cpu: T0 : 0x109e8    : c_lw a5, 0(a5)             : MemRead :  D=0x0000000000000021 A=0x722c8
5927500: system.cpu: T0 : 0x109ea    : addiw a4, a5, -1           : IntAlu :  D=0x0000000000000020
5928500: system.cpu: T0 : 0x109ee    : addiw a3, a4, 0            : IntAlu :  D=0x0000000000000020
5929500: system.cpu: T0 : 0x109f2    : auipc a4, 96               : IntAlu :  D=0x00000000000709f2
5930500: system.cpu: T0 : 0x109f6    : ld a4, -362(a4)            : MemRead :  D=0x00000000000722c8 A=0x70888
5931000: system.cpu: T0 : 0x109fa    : c_sw a3, 0(a4)             : MemWrite :  D=0x0000000000000020 A=0x722c8
5931500: system.cpu: T0 : 0x109fc    : bge zero, a5, 62           : IntAlu : 
5932000: system.cpu: T0 : 0x10a00    : auipc a5, 96               : IntAlu :  D=0x0000000000070a00
5932500: system.cpu: T0 : 0x10a04    : ld a5, -336(a5)            : MemRead :  D=0x000000000007234c A=0x708b0
5933000: system.cpu: T0 : 0x10a08    : c_lw a5, 0(a5)             : MemRead :  D=0x000000000000001e A=0x7234c
5933500: system.cpu: T0 : 0x10a0a    : c_addiw a5, -1             : IntAlu :  D=0x000000000000001d
5934000: system.cpu: T0 : 0x10a0c    : addiw a4, a5, 0            : IntAlu :  D=0x000000000000001d
5934500: system.cpu: T0 : 0x10a10    : auipc a5, 96               : IntAlu :  D=0x0000000000070a10
5935000: system.cpu: T0 : 0x10a14    : ld a5, -352(a5)            : MemRead :  D=0x000000000007234c A=0x708b0
5935500: system.cpu: T0 : 0x10a18    : c_sw a4, 0(a5)             : MemWrite :  D=0x000000000000001d A=0x7234c
5936500: system.cpu: T0 : 0x10a1a    : auipc a5, 96               : IntAlu :  D=0x0000000000070a1a
5937500: system.cpu: T0 : 0x10a1e    : ld a5, -426(a5)            : MemRead :  D=0x0000000000071a80 A=0x70870
5938000: system.cpu: T0 : 0x10a22    : c_ld a5, 0(a5)             : MemRead :  D=0x0000000000071a5c A=0x71a80
5938500: system.cpu: T0 : 0x10a24    : addi a3, a5, 1             : IntAlu :  D=0x0000000000071a5d
5939000: system.cpu: T0 : 0x10a28    : auipc a4, 96               : IntAlu :  D=0x0000000000070a28
5939500: system.cpu: T0 : 0x10a2c    : ld a4, -440(a4)            : MemRead :  D=0x0000000000071a80 A=0x70870
5940000: system.cpu: T0 : 0x10a30    : c_sd a3, 0(a4)             : MemWrite :  D=0x0000000000071a5d A=0x71a80
5941000: system.cpu: T0 : 0x10a32    : lbu a5, 0(a5)              : MemRead :  D=0x000000000000002a A=0x71a5c
5941500: system.cpu: T0 : 0x10a36    : c_addiw a5, 0              : IntAlu :  D=0x000000000000002a
5942000: system.cpu: T0 : 0x10a38    : c_j 4                      : IntAlu : 
5942500: system.cpu: T0 : 0x10a3c    : c_mv a0, a5                : IntAlu :  D=0x000000000000002a
5943000: system.cpu: T0 : 0x10a3e    : c_ldsp s0, 8(sp)           : MemRead :  D=0x7ffffffffffffdd0 A=0x7ffffffffffffd78
5943500: system.cpu: T0 : 0x10a40    : c_addi sp, 16              : IntAlu :  D=0x7ffffffffffffd80
5944000: system.cpu: T0 : 0x10a42    : c_jr ra                    : IntAlu : 
5944500: system.cpu: T0 : 0x10652    : c_mv a5, a0                : IntAlu :  D=0x000000000000002a
5945000: system.cpu: T0 : 0x10654    : c_addiw a5, 0              : IntAlu :  D=0x000000000000002a
5946000: system.cpu: T0 : 0x10656    : addiw s6, a5, 0            : IntAlu :  D=0x000000000000002a
5947000: system.cpu: T0 : 0x1065a    : auipc a5, 95               : IntAlu :  D=0x000000000006f65a
5948000: system.cpu: T0 : 0x1065e    : addi a5, a5, -1578         : IntAlu :  D=0x000000000006f030
5948500: system.cpu: T0 : 0x10662    : c_ld a5, 0(a5)             : MemRead :  D=0x0000000000000014 A=0x6f030
5949000: system.cpu: T0 : 0x10664    : addi a4, a5, 1             : IntAlu :  D=0x0000000000000015
5949500: system.cpu: T0 : 0x10668    : auipc a5, 95               : IntAlu :  D=0x000000000006f668
5950000: system.cpu: T0 : 0x1066c    : addi a5, a5, -1592         : IntAlu :  D=0x000000000006f030
5950500: system.cpu: T0 : 0x10670    : c_sd a4, 0(a5)             : MemWrite :  D=0x0000000000000015 A=0x6f030
5951000: system.cpu: T0 : 0x10672    : c_mv a4, s6                : IntAlu :  D=0x000000000000002a
5951500: system.cpu: T0 : 0x10674    : auipc a5, 95               : IntAlu :  D=0x000000000006f674
5952000: system.cpu: T0 : 0x10678    : addi a5, a5, -1652         : IntAlu :  D=0x000000000006f000
5952500: system.cpu: T0 : 0x1067c    : c_lw a5, 0(a5)             : MemRead :  D=0x0000000000000010 A=0x6f000
5953500: system.cpu: T0 : 0x1067e    : sll a5, a4, a5             : IntAlu :  D=0x00000000002a0000
5954500: system.cpu: T0 : 0x10682    : add s2, s4, a5             : IntAlu :  D=0x00000000002a001f
5955500: system.cpu: T0 : 0x10686    : sllw a5, s6, s3            : IntAlu :  D=0x000000000000002a
5956000: system.cpu: T0 : 0x1068a    : c_addiw a5, 0              : IntAlu :  D=0x000000000000002a
5956500: system.cpu: T0 : 0x1068c    : xor s1, s4, a5             : IntAlu :  D=0x0000000000000035
5957000: system.cpu: T0 : 0x10690    : auipc a4, 96               : IntAlu :  D=0x0000000000070690
5957500: system.cpu: T0 : 0x10694    : ld a4, 496(a4)             : MemRead :  D=0x0000000000071ac0 A=0x70880
5958000: system.cpu: T0 : 0x10698    : slli a5, s1, 3             : IntAlu :  D=0x00000000000001a8
5958500: system.cpu: T0 : 0x1069c    : c_add a5, a4               : IntAlu :  D=0x0000000000071c68
5959000: system.cpu: T0 : 0x1069e    : c_ld a5, 0(a5)             : MemRead :  D=0xffffffffffffffff A=0x71c68
5959500: system.cpu: T0 : 0x106a0    : bne s2, a5, 26             : IntAlu : 
5960500: system.cpu: T0 : 0x106ba    : auipc a4, 96               : IntAlu :  D=0x00000000000706ba
5961500: system.cpu: T0 : 0x106be    : ld a4, 454(a4)             : MemRead :  D=0x0000000000071ac0 A=0x70880
5962500: system.cpu: T0 : 0x106c2    : slli a5, s1, 3             : IntAlu :  D=0x00000000000001a8
5963000: system.cpu: T0 : 0x106c6    : c_add a5, a4               : IntAlu :  D=0x0000000000071c68
5963500: system.cpu: T0 : 0x106c8    : c_ld a5, 0(a5)             : MemRead :  D=0xffffffffffffffff A=0x71c68
5964500: system.cpu: T0 : 0x106ca    : blt a5, zero, 132          : IntAlu : 
5965000: system.cpu: T0 : 0x1074e    : c_addi zero, 0             : IntAlu :  D=0x0000000000000000
5965500: system.cpu: T0 : 0x10750    : c_j 4                      : IntAlu : 
5966000: system.cpu: T0 : 0x10754    : addi a5, gp, -920          : IntAlu :  D=0x0000000000070d48
5966500: system.cpu: T0 : 0x10758    : c_ld a5, 0(a5)             : MemRead :  D=0x0000000000000013 A=0x70d48
5967500: system.cpu: T0 : 0x1075a    : addi a4, a5, 1             : IntAlu :  D=0x0000000000000014
5968500: system.cpu: T0 : 0x1075e    : addi a5, gp, -920          : IntAlu :  D=0x0000000000070d48
5969000: system.cpu: T0 : 0x10762    : c_sd a4, 0(a5)             : MemWrite :  D=0x0000000000000014 A=0x70d48
5969500: system.cpu: T0 : 0x10764    : c_mv s4, s6                : IntAlu :  D=0x000000000000002a
5970500: system.cpu: T0 : 0x10766    : addi a5, gp, -960          : IntAlu :  D=0x0000000000070d20
5971000: system.cpu: T0 : 0x1076a    : c_ld a4, 0(a5)             : MemRead :  D=0x0000000000000114 A=0x70d20
5971500: system.cpu: T0 : 0x1076c    : auipc a5, 95               : IntAlu :  D=0x000000000006f76c
5972000: system.cpu: T0 : 0x10770    : addi a5, a5, -1892         : IntAlu :  D=0x000000000006f008
5972500: system.cpu: T0 : 0x10774    : c_ld a5, 0(a5)             : MemRead :  D=0x0000000000010000 A=0x6f008
5973500: system.cpu: T0 : 0x10776    : bge a4, a5, 64             : IntAlu : 
5974500: system.cpu: T0 : 0x1077a    : addi a5, gp, -960          : IntAlu :  D=0x0000000000070d20
5975000: system.cpu: T0 : 0x1077e    : c_ld a5, 0(a5)             : MemRead :  D=0x0000000000000114 A=0x70d20
5975500: system.cpu: T0 : 0x10780    : addi a3, a5, 1             : IntAlu :  D=0x0000000000000115
5976000: system.cpu: T0 : 0x10784    : addi a4, gp, -960          : IntAlu :  D=0x0000000000070d20
5976500: system.cpu: T0 : 0x10788    : c_sd a3, 0(a4)             : MemWrite :  D=0x0000000000000115 A=0x70d20
5977500: system.cpu: T0 : 0x1078a    : slli a4, a5, 48            : IntAlu :  D=0x0114000000000000
5978000: system.cpu: T0 : 0x1078e    : c_srli a4, 48              : IntAlu :  D=0x0000000000000114
5978500: system.cpu: T0 : 0x10790    : auipc a3, 96               : IntAlu :  D=0x0000000000070790
5979000: system.cpu: T0 : 0x10794    : ld a3, 296(a3)             : MemRead :  D=0x0000000000072350 A=0x708b8
5979500: system.cpu: T0 : 0x10798    : slli a5, s1, 1             : IntAlu :  D=0x000000000000006a
5980000: system.cpu: T0 : 0x1079c    : c_add a5, a3               : IntAlu :  D=0x00000000000723ba
5981000: system.cpu: T0 : 0x1079e    : sh a4, 0(a5)               : MemWrite :  D=0x0000000000000114 A=0x723ba
5982000: system.cpu: T0 : 0x107a2    : auipc a4, 96               : IntAlu :  D=0x00000000000707a2
5983000: system.cpu: T0 : 0x107a6    : ld a4, 222(a4)             : MemRead :  D=0x0000000000071ac0 A=0x70880
5984000: system.cpu: T0 : 0x107aa    : slli a5, s1, 3             : IntAlu :  D=0x00000000000001a8
5984500: system.cpu: T0 : 0x107ae    : c_add a5, a4               : IntAlu :  D=0x0000000000071c68
5985000: system.cpu: T0 : 0x107b0    : sd s2, 0(a5)               : MemWrite :  D=0x00000000002a001f A=0x71c68
5985500: system.cpu: T0 : 0x107b4    : c_j 42                     : IntAlu : 
5986500: system.cpu: T0 : 0x107de    : auipc a5, 96               : IntAlu :  D=0x00000000000707de
5987500: system.cpu: T0 : 0x107e2    : ld a5, 210(a5)             : MemRead :  D=0x000000000007234c A=0x708b0
5988000: system.cpu: T0 : 0x107e6    : c_lw a5, 0(a5)             : MemRead :  D=0x000000000000001d A=0x7234c
5988500: system.cpu: T0 : 0x107e8    : blt zero, a5, -414         : IntAlu : 
5989500: system.cpu: T0 : 0x1064a    : sw zero, -68(s0)           : MemWrite :  D=0x0000000000000000 A=0x7ffffffffffffd8c
5990500: system.cpu: T0 : 0x1064e    : jal ra, 894                : IntAlu :  D=0x0000000000010652
5991000: system.cpu: T0 : 0x109cc    : c_addi sp, -16             : IntAlu :  D=0x7ffffffffffffd70
5991500: system.cpu: T0 : 0x109ce    : c_sdsp s0, 8(sp)           : MemWrite :  D=0x7ffffffffffffdd0 A=0x7ffffffffffffd78
5992000: system.cpu: T0 : 0x109d0    : c_addi4spn s0, sp, 16      : IntAlu :  D=0x7ffffffffffffd80
5993000: system.cpu: T0 : 0x109d2    : auipc a5, 96               : IntAlu :  D=0x00000000000709d2
5994000: system.cpu: T0 : 0x109d6    : ld a5, -290(a5)            : MemRead :  D=0x000000000007234c A=0x708b0
5994500: system.cpu: T0 : 0x109da    : c_lw a5, 0(a5)             : MemRead :  D=0x000000000000001d A=0x7234c
5995000: system.cpu: T0 : 0x109dc    : bge zero, a5, 94           : IntAlu : 
5995500: system.cpu: T0 : 0x109e0    : auipc a5, 96               : IntAlu :  D=0x00000000000709e0
5996000: system.cpu: T0 : 0x109e4    : ld a5, -344(a5)            : MemRead :  D=0x00000000000722c8 A=0x70888
5996500: system.cpu: T0 : 0x109e8    : c_lw a5, 0(a5)             : MemRead :  D=0x0000000000000020 A=0x722c8
5997500: system.cpu: T0 : 0x109ea    : addiw a4, a5, -1           : IntAlu :  D=0x000000000000001f
5998500: system.cpu: T0 : 0x109ee    : addiw a3, a4, 0            : IntAlu :  D=0x000000000000001f
5999500: system.cpu: T0 : 0x109f2    : auipc a4, 96               : IntAlu :  D=0x00000000000709f2
6000500: system.cpu: T0 : 0x109f6    : ld a4, -362(a4)            : MemRead :  D=0x00000000000722c8 A=0x70888
6001000: system.cpu: T0 : 0x109fa    : c_sw a3, 0(a4)             : MemWrite :  D=0x000000000000001f A=0x722c8
6001500: system.cpu: T0 : 0x109fc    : bge zero, a5, 62           : IntAlu : 
6002000: system.cpu: T0 : 0x10a00    : auipc a5, 96               : IntAlu :  D=0x0000000000070a00
6002500: system.cpu: T0 : 0x10a04    : ld a5, -336(a5)            : MemRead :  D=0x000000000007234c A=0x708b0
6003000: system.cpu: T0 : 0x10a08    : c_lw a5, 0(a5)             : MemRead :  D=0x000000000000001d A=0x7234c
6003500: system.cpu: T0 : 0x10a0a    : c_addiw a5, -1             : IntAlu :  D=0x000000000000001c
6004000: system.cpu: T0 : 0x10a0c    : addiw a4, a5, 0            : IntAlu :  D=0x000000000000001c
6004500: system.cpu: T0 : 0x10a10    : auipc a5, 96               : IntAlu :  D=0x0000000000070a10
6005000: system.cpu: T0 : 0x10a14    : ld a5, -352(a5)            : MemRead :  D=0x000000000007234c A=0x708b0
6005500: system.cpu: T0 : 0x10a18    : c_sw a4, 0(a5)             : MemWrite :  D=0x000000000000001c A=0x7234c
6006500: system.cpu: T0 : 0x10a1a    : auipc a5, 96               : IntAlu :  D=0x0000000000070a1a
6007500: system.cpu: T0 : 0x10a1e    : ld a5, -426(a5)            : MemRead :  D=0x0000000000071a80 A=0x70870
6008000: system.cpu: T0 : 0x10a22    : c_ld a5, 0(a5)             : MemRead :  D=0x0000000000071a5d A=0x71a80
6008500: system.cpu: T0 : 0x10a24    : addi a3, a5, 1             : IntAlu :  D=0x0000000000071a5e
6009000: system.cpu: T0 : 0x10a28    : auipc a4, 96               : IntAlu :  D=0x0000000000070a28
6009500: system.cpu: T0 : 0x10a2c    : ld a4, -440(a4)            : MemRead :  D=0x0000000000071a80 A=0x70870
6010000: system.cpu: T0 : 0x10a30    : c_sd a3, 0(a4)             : MemWrite :  D=0x0000000000071a5e A=0x71a80
6011000: system.cpu: T0 : 0x10a32    : lbu a5, 0(a5)              : MemRead :  D=0x0000000000000060 A=0x71a5d
6011500: system.cpu: T0 : 0x10a36    : c_addiw a5, 0              : IntAlu :  D=0x0000000000000060
6012000: system.cpu: T0 : 0x10a38    : c_j 4                      : IntAlu : 
6012500: system.cpu: T0 : 0x10a3c    : c_mv a0, a5                : IntAlu :  D=0x0000000000000060
6013000: system.cpu: T0 : 0x10a3e    : c_ldsp s0, 8(sp)           : MemRead :  D=0x7ffffffffffffdd0 A=0x7ffffffffffffd78
6013500: system.cpu: T0 : 0x10a40    : c_addi sp, 16              : IntAlu :  D=0x7ffffffffffffd80
6014000: system.cpu: T0 : 0x10a42    : c_jr ra                    : IntAlu : 
6014500: system.cpu: T0 : 0x10652    : c_mv a5, a0                : IntAlu :  D=0x0000000000000060
6015000: system.cpu: T0 : 0x10654    : c_addiw a5, 0              : IntAlu :  D=0x0000000000000060
6016000: system.cpu: T0 : 0x10656    : addiw s6, a5, 0            : IntAlu :  D=0x0000000000000060
6017000: system.cpu: T0 : 0x1065a    : auipc a5, 95               : IntAlu :  D=0x000000000006f65a
6018000: system.cpu: T0 : 0x1065e    : addi a5, a5, -1578         : IntAlu :  D=0x000000000006f030
6018500: system.cpu: T0 : 0x10662    : c_ld a5, 0(a5)             : MemRead :  D=0x0000000000000015 A=0x6f030
6019000: system.cpu: T0 : 0x10664    : addi a4, a5, 1             : IntAlu :  D=0x0000000000000016
6019500: system.cpu: T0 : 0x10668    : auipc a5, 95               : IntAlu :  D=0x000000000006f668
6020000: system.cpu: T0 : 0x1066c    : addi a5, a5, -1592         : IntAlu :  D=0x000000000006f030
6020500: system.cpu: T0 : 0x10670    : c_sd a4, 0(a5)             : MemWrite :  D=0x0000000000000016 A=0x6f030
6021000: system.cpu: T0 : 0x10672    : c_mv a4, s6                : IntAlu :  D=0x0000000000000060
6021500: system.cpu: T0 : 0x10674    : auipc a5, 95               : IntAlu :  D=0x000000000006f674
6022000: system.cpu: T0 : 0x10678    : addi a5, a5, -1652         : IntAlu :  D=0x000000000006f000
6022500: system.cpu: T0 : 0x1067c    : c_lw a5, 0(a5)             : MemRead :  D=0x0000000000000010 A=0x6f000
6023500: system.cpu: T0 : 0x1067e    : sll a5, a4, a5             : IntAlu :  D=0x0000000000600000
6024500: system.cpu: T0 : 0x10682    : add s2, s4, a5             : IntAlu :  D=0x000000000060002a
6025500: system.cpu: T0 : 0x10686    : sllw a5, s6, s3            : IntAlu :  D=0x0000000000000060
6026000: system.cpu: T0 : 0x1068a    : c_addiw a5, 0              : IntAlu :  D=0x0000000000000060
6026500: system.cpu: T0 : 0x1068c    : xor s1, s4, a5             : IntAlu :  D=0x000000000000004a
6027000: system.cpu: T0 : 0x10690    : auipc a4, 96               : IntAlu :  D=0x0000000000070690
6027500: system.cpu: T0 : 0x10694    : ld a4, 496(a4)             : MemRead :  D=0x0000000000071ac0 A=0x70880
6028000: system.cpu: T0 : 0x10698    : slli a5, s1, 3             : IntAlu :  D=0x0000000000000250
6028500: system.cpu: T0 : 0x1069c    : c_add a5, a4               : IntAlu :  D=0x0000000000071d10
6029000: system.cpu: T0 : 0x1069e    : c_ld a5, 0(a5)             : MemRead :  D=0xffffffffffffffff A=0x71d10
6029500: system.cpu: T0 : 0x106a0    : bne s2, a5, 26             : IntAlu : 
6030500: system.cpu: T0 : 0x106ba    : auipc a4, 96               : IntAlu :  D=0x00000000000706ba
6031500: system.cpu: T0 : 0x106be    : ld a4, 454(a4)             : MemRead :  D=0x0000000000071ac0 A=0x70880
6032500: system.cpu: T0 : 0x106c2    : slli a5, s1, 3             : IntAlu :  D=0x0000000000000250
6033000: system.cpu: T0 : 0x106c6    : c_add a5, a4               : IntAlu :  D=0x0000000000071d10
6033500: system.cpu: T0 : 0x106c8    : c_ld a5, 0(a5)             : MemRead :  D=0xffffffffffffffff A=0x71d10
6034500: system.cpu: T0 : 0x106ca    : blt a5, zero, 132          : IntAlu : 
6035000: system.cpu: T0 : 0x1074e    : c_addi zero, 0             : IntAlu :  D=0x0000000000000000
6035500: system.cpu: T0 : 0x10750    : c_j 4                      : IntAlu : 
6036000: system.cpu: T0 : 0x10754    : addi a5, gp, -920          : IntAlu :  D=0x0000000000070d48
6036500: system.cpu: T0 : 0x10758    : c_ld a5, 0(a5)             : MemRead :  D=0x0000000000000014 A=0x70d48
6037500: system.cpu: T0 : 0x1075a    : addi a4, a5, 1             : IntAlu :  D=0x0000000000000015
6038500: system.cpu: T0 : 0x1075e    : addi a5, gp, -920          : IntAlu :  D=0x0000000000070d48
6039000: system.cpu: T0 : 0x10762    : c_sd a4, 0(a5)             : MemWrite :  D=0x0000000000000015 A=0x70d48
6039500: system.cpu: T0 : 0x10764    : c_mv s4, s6                : IntAlu :  D=0x0000000000000060
6040500: system.cpu: T0 : 0x10766    : addi a5, gp, -960          : IntAlu :  D=0x0000000000070d20
6041000: system.cpu: T0 : 0x1076a    : c_ld a4, 0(a5)             : MemRead :  D=0x0000000000000115 A=0x70d20
6041500: system.cpu: T0 : 0x1076c    : auipc a5, 95               : IntAlu :  D=0x000000000006f76c
6042000: system.cpu: T0 : 0x10770    : addi a5, a5, -1892         : IntAlu :  D=0x000000000006f008
6042500: system.cpu: T0 : 0x10774    : c_ld a5, 0(a5)             : MemRead :  D=0x0000000000010000 A=0x6f008
6043500: system.cpu: T0 : 0x10776    : bge a4, a5, 64             : IntAlu : 
6044500: system.cpu: T0 : 0x1077a    : addi a5, gp, -960          : IntAlu :  D=0x0000000000070d20
6045000: system.cpu: T0 : 0x1077e    : c_ld a5, 0(a5)             : MemRead :  D=0x0000000000000115 A=0x70d20
6045500: system.cpu: T0 : 0x10780    : addi a3, a5, 1             : IntAlu :  D=0x0000000000000116
6046000: system.cpu: T0 : 0x10784    : addi a4, gp, -960          : IntAlu :  D=0x0000000000070d20
6046500: system.cpu: T0 : 0x10788    : c_sd a3, 0(a4)             : MemWrite :  D=0x0000000000000116 A=0x70d20
6047500: system.cpu: T0 : 0x1078a    : slli a4, a5, 48            : IntAlu :  D=0x0115000000000000
6048000: system.cpu: T0 : 0x1078e    : c_srli a4, 48              : IntAlu :  D=0x0000000000000115
6048500: system.cpu: T0 : 0x10790    : auipc a3, 96               : IntAlu :  D=0x0000000000070790
6049000: system.cpu: T0 : 0x10794    : ld a3, 296(a3)             : MemRead :  D=0x0000000000072350 A=0x708b8
6049500: system.cpu: T0 : 0x10798    : slli a5, s1, 1             : IntAlu :  D=0x0000000000000094
6050000: system.cpu: T0 : 0x1079c    : c_add a5, a3               : IntAlu :  D=0x00000000000723e4
6051000: system.cpu: T0 : 0x1079e    : sh a4, 0(a5)               : MemWrite :  D=0x0000000000000115 A=0x723e4
6052000: system.cpu: T0 : 0x107a2    : auipc a4, 96               : IntAlu :  D=0x00000000000707a2
6053000: system.cpu: T0 : 0x107a6    : ld a4, 222(a4)             : MemRead :  D=0x0000000000071ac0 A=0x70880
6054000: system.cpu: T0 : 0x107aa    : slli a5, s1, 3             : IntAlu :  D=0x0000000000000250
6054500: system.cpu: T0 : 0x107ae    : c_add a5, a4               : IntAlu :  D=0x0000000000071d10
6055000: system.cpu: T0 : 0x107b0    : sd s2, 0(a5)               : MemWrite :  D=0x000000000060002a A=0x71d10
6055500: system.cpu: T0 : 0x107b4    : c_j 42                     : IntAlu : 
6056500: system.cpu: T0 : 0x107de    : auipc a5, 96               : IntAlu :  D=0x00000000000707de
6057500: system.cpu: T0 : 0x107e2    : ld a5, 210(a5)             : MemRead :  D=0x000000000007234c A=0x708b0
6058000: system.cpu: T0 : 0x107e6    : c_lw a5, 0(a5)             : MemRead :  D=0x000000000000001c A=0x7234c
6058500: system.cpu: T0 : 0x107e8    : blt zero, a5, -414         : IntAlu : 
6059500: system.cpu: T0 : 0x1064a    : sw zero, -68(s0)           : MemWrite :  D=0x0000000000000000 A=0x7ffffffffffffd8c
6060500: system.cpu: T0 : 0x1064e    : jal ra, 894                : IntAlu :  D=0x0000000000010652
6061000: system.cpu: T0 : 0x109cc    : c_addi sp, -16             : IntAlu :  D=0x7ffffffffffffd70
6061500: system.cpu: T0 : 0x109ce    : c_sdsp s0, 8(sp)           : MemWrite :  D=0x7ffffffffffffdd0 A=0x7ffffffffffffd78
6062000: system.cpu: T0 : 0x109d0    : c_addi4spn s0, sp, 16      : IntAlu :  D=0x7ffffffffffffd80
6063000: system.cpu: T0 : 0x109d2    : auipc a5, 96               : IntAlu :  D=0x00000000000709d2
6064000: system.cpu: T0 : 0x109d6    : ld a5, -290(a5)            : MemRead :  D=0x000000000007234c A=0x708b0
6064500: system.cpu: T0 : 0x109da    : c_lw a5, 0(a5)             : MemRead :  D=0x000000000000001c A=0x7234c
6065000: system.cpu: T0 : 0x109dc    : bge zero, a5, 94           : IntAlu : 
6065500: system.cpu: T0 : 0x109e0    : auipc a5, 96               : IntAlu :  D=0x00000000000709e0
6066000: system.cpu: T0 : 0x109e4    : ld a5, -344(a5)            : MemRead :  D=0x00000000000722c8 A=0x70888
6066500: system.cpu: T0 : 0x109e8    : c_lw a5, 0(a5)             : MemRead :  D=0x000000000000001f A=0x722c8
6067500: system.cpu: T0 : 0x109ea    : addiw a4, a5, -1           : IntAlu :  D=0x000000000000001e
6068500: system.cpu: T0 : 0x109ee    : addiw a3, a4, 0            : IntAlu :  D=0x000000000000001e
6069500: system.cpu: T0 : 0x109f2    : auipc a4, 96               : IntAlu :  D=0x00000000000709f2
6070500: system.cpu: T0 : 0x109f6    : ld a4, -362(a4)            : MemRead :  D=0x00000000000722c8 A=0x70888
6071000: system.cpu: T0 : 0x109fa    : c_sw a3, 0(a4)             : MemWrite :  D=0x000000000000001e A=0x722c8
6071500: system.cpu: T0 : 0x109fc    : bge zero, a5, 62           : IntAlu : 
6072000: system.cpu: T0 : 0x10a00    : auipc a5, 96               : IntAlu :  D=0x0000000000070a00
6072500: system.cpu: T0 : 0x10a04    : ld a5, -336(a5)            : MemRead :  D=0x000000000007234c A=0x708b0
6073000: system.cpu: T0 : 0x10a08    : c_lw a5, 0(a5)             : MemRead :  D=0x000000000000001c A=0x7234c
6073500: system.cpu: T0 : 0x10a0a    : c_addiw a5, -1             : IntAlu :  D=0x000000000000001b
6074000: system.cpu: T0 : 0x10a0c    : addiw a4, a5, 0            : IntAlu :  D=0x000000000000001b
6074500: system.cpu: T0 : 0x10a10    : auipc a5, 96               : IntAlu :  D=0x0000000000070a10
6075000: system.cpu: T0 : 0x10a14    : ld a5, -352(a5)            : MemRead :  D=0x000000000007234c A=0x708b0
6075500: system.cpu: T0 : 0x10a18    : c_sw a4, 0(a5)             : MemWrite :  D=0x000000000000001b A=0x7234c
6076500: system.cpu: T0 : 0x10a1a    : auipc a5, 96               : IntAlu :  D=0x0000000000070a1a
6077500: system.cpu: T0 : 0x10a1e    : ld a5, -426(a5)            : MemRead :  D=0x0000000000071a80 A=0x70870
6078000: system.cpu: T0 : 0x10a22    : c_ld a5, 0(a5)             : MemRead :  D=0x0000000000071a5e A=0x71a80
6078500: system.cpu: T0 : 0x10a24    : addi a3, a5, 1             : IntAlu :  D=0x0000000000071a5f
6079000: system.cpu: T0 : 0x10a28    : auipc a4, 96               : IntAlu :  D=0x0000000000070a28
6079500: system.cpu: T0 : 0x10a2c    : ld a4, -440(a4)            : MemRead :  D=0x0000000000071a80 A=0x70870
6080000: system.cpu: T0 : 0x10a30    : c_sd a3, 0(a4)             : MemWrite :  D=0x0000000000071a5f A=0x71a80
6081000: system.cpu: T0 : 0x10a32    : lbu a5, 0(a5)              : MemRead :  D=0x00000000000000f0 A=0x71a5e
6081500: system.cpu: T0 : 0x10a36    : c_addiw a5, 0              : IntAlu :  D=0x00000000000000f0
6082000: system.cpu: T0 : 0x10a38    : c_j 4                      : IntAlu : 
6082500: system.cpu: T0 : 0x10a3c    : c_mv a0, a5                : IntAlu :  D=0x00000000000000f0
6083000: system.cpu: T0 : 0x10a3e    : c_ldsp s0, 8(sp)           : MemRead :  D=0x7ffffffffffffdd0 A=0x7ffffffffffffd78
6083500: system.cpu: T0 : 0x10a40    : c_addi sp, 16              : IntAlu :  D=0x7ffffffffffffd80
6084000: system.cpu: T0 : 0x10a42    : c_jr ra                    : IntAlu : 
6084500: system.cpu: T0 : 0x10652    : c_mv a5, a0                : IntAlu :  D=0x00000000000000f0
6085000: system.cpu: T0 : 0x10654    : c_addiw a5, 0              : IntAlu :  D=0x00000000000000f0
6086000: system.cpu: T0 : 0x10656    : addiw s6, a5, 0            : IntAlu :  D=0x00000000000000f0
6087000: system.cpu: T0 : 0x1065a    : auipc a5, 95               : IntAlu :  D=0x000000000006f65a
6088000: system.cpu: T0 : 0x1065e    : addi a5, a5, -1578         : IntAlu :  D=0x000000000006f030
6088500: system.cpu: T0 : 0x10662    : c_ld a5, 0(a5)             : MemRead :  D=0x0000000000000016 A=0x6f030
6089000: system.cpu: T0 : 0x10664    : addi a4, a5, 1             : IntAlu :  D=0x0000000000000017
6089500: system.cpu: T0 : 0x10668    : auipc a5, 95               : IntAlu :  D=0x000000000006f668
6090000: system.cpu: T0 : 0x1066c    : addi a5, a5, -1592         : IntAlu :  D=0x000000000006f030
6090500: system.cpu: T0 : 0x10670    : c_sd a4, 0(a5)             : MemWrite :  D=0x0000000000000017 A=0x6f030
6091000: system.cpu: T0 : 0x10672    : c_mv a4, s6                : IntAlu :  D=0x00000000000000f0
6091500: system.cpu: T0 : 0x10674    : auipc a5, 95               : IntAlu :  D=0x000000000006f674
6092000: system.cpu: T0 : 0x10678    : addi a5, a5, -1652         : IntAlu :  D=0x000000000006f000
6092500: system.cpu: T0 : 0x1067c    : c_lw a5, 0(a5)             : MemRead :  D=0x0000000000000010 A=0x6f000
6093500: system.cpu: T0 : 0x1067e    : sll a5, a4, a5             : IntAlu :  D=0x0000000000f00000
6094500: system.cpu: T0 : 0x10682    : add s2, s4, a5             : IntAlu :  D=0x0000000000f00060
6095500: system.cpu: T0 : 0x10686    : sllw a5, s6, s3            : IntAlu :  D=0x00000000000000f0
6096000: system.cpu: T0 : 0x1068a    : c_addiw a5, 0              : IntAlu :  D=0x00000000000000f0
6096500: system.cpu: T0 : 0x1068c    : xor s1, s4, a5             : IntAlu :  D=0x0000000000000090
6097000: system.cpu: T0 : 0x10690    : auipc a4, 96               : IntAlu :  D=0x0000000000070690
6097500: system.cpu: T0 : 0x10694    : ld a4, 496(a4)             : MemRead :  D=0x0000000000071ac0 A=0x70880
6098000: system.cpu: T0 : 0x10698    : slli a5, s1, 3             : IntAlu :  D=0x0000000000000480
6098500: system.cpu: T0 : 0x1069c    : c_add a5, a4               : IntAlu :  D=0x0000000000071f40
6099000: system.cpu: T0 : 0x1069e    : c_ld a5, 0(a5)             : MemRead :  D=0xffffffffffffffff A=0x71f40
6099500: system.cpu: T0 : 0x106a0    : bne s2, a5, 26             : IntAlu : 
6100500: system.cpu: T0 : 0x106ba    : auipc a4, 96               : IntAlu :  D=0x00000000000706ba
6101500: system.cpu: T0 : 0x106be    : ld a4, 454(a4)             : MemRead :  D=0x0000000000071ac0 A=0x70880
6102500: system.cpu: T0 : 0x106c2    : slli a5, s1, 3             : IntAlu :  D=0x0000000000000480
6103000: system.cpu: T0 : 0x106c6    : c_add a5, a4               : IntAlu :  D=0x0000000000071f40
6103500: system.cpu: T0 : 0x106c8    : c_ld a5, 0(a5)             : MemRead :  D=0xffffffffffffffff A=0x71f40
6104500: system.cpu: T0 : 0x106ca    : blt a5, zero, 132          : IntAlu : 
6105000: system.cpu: T0 : 0x1074e    : c_addi zero, 0             : IntAlu :  D=0x0000000000000000
6105500: system.cpu: T0 : 0x10750    : c_j 4                      : IntAlu : 
6106000: system.cpu: T0 : 0x10754    : addi a5, gp, -920          : IntAlu :  D=0x0000000000070d48
6106500: system.cpu: T0 : 0x10758    : c_ld a5, 0(a5)             : MemRead :  D=0x0000000000000015 A=0x70d48
6107500: system.cpu: T0 : 0x1075a    : addi a4, a5, 1             : IntAlu :  D=0x0000000000000016
6108500: system.cpu: T0 : 0x1075e    : addi a5, gp, -920          : IntAlu :  D=0x0000000000070d48
6109000: system.cpu: T0 : 0x10762    : c_sd a4, 0(a5)             : MemWrite :  D=0x0000000000000016 A=0x70d48
6109500: system.cpu: T0 : 0x10764    : c_mv s4, s6                : IntAlu :  D=0x00000000000000f0
6110500: system.cpu: T0 : 0x10766    : addi a5, gp, -960          : IntAlu :  D=0x0000000000070d20
6111000: system.cpu: T0 : 0x1076a    : c_ld a4, 0(a5)             : MemRead :  D=0x0000000000000116 A=0x70d20
6111500: system.cpu: T0 : 0x1076c    : auipc a5, 95               : IntAlu :  D=0x000000000006f76c
6112000: system.cpu: T0 : 0x10770    : addi a5, a5, -1892         : IntAlu :  D=0x000000000006f008
6112500: system.cpu: T0 : 0x10774    : c_ld a5, 0(a5)             : MemRead :  D=0x0000000000010000 A=0x6f008
6113500: system.cpu: T0 : 0x10776    : bge a4, a5, 64             : IntAlu : 
6114500: system.cpu: T0 : 0x1077a    : addi a5, gp, -960          : IntAlu :  D=0x0000000000070d20
6115000: system.cpu: T0 : 0x1077e    : c_ld a5, 0(a5)             : MemRead :  D=0x0000000000000116 A=0x70d20
6115500: system.cpu: T0 : 0x10780    : addi a3, a5, 1             : IntAlu :  D=0x0000000000000117
6116000: system.cpu: T0 : 0x10784    : addi a4, gp, -960          : IntAlu :  D=0x0000000000070d20
6116500: system.cpu: T0 : 0x10788    : c_sd a3, 0(a4)             : MemWrite :  D=0x0000000000000117 A=0x70d20
6117500: system.cpu: T0 : 0x1078a    : slli a4, a5, 48            : IntAlu :  D=0x0116000000000000
6118000: system.cpu: T0 : 0x1078e    : c_srli a4, 48              : IntAlu :  D=0x0000000000000116
6118500: system.cpu: T0 : 0x10790    : auipc a3, 96               : IntAlu :  D=0x0000000000070790
6119000: system.cpu: T0 : 0x10794    : ld a3, 296(a3)             : MemRead :  D=0x0000000000072350 A=0x708b8
6119500: system.cpu: T0 : 0x10798    : slli a5, s1, 1             : IntAlu :  D=0x0000000000000120
6120000: system.cpu: T0 : 0x1079c    : c_add a5, a3               : IntAlu :  D=0x0000000000072470
6121000: system.cpu: T0 : 0x1079e    : sh a4, 0(a5)               : MemWrite :  D=0x0000000000000116 A=0x72470
6122000: system.cpu: T0 : 0x107a2    : auipc a4, 96               : IntAlu :  D=0x00000000000707a2
6123000: system.cpu: T0 : 0x107a6    : ld a4, 222(a4)             : MemRead :  D=0x0000000000071ac0 A=0x70880
6124000: system.cpu: T0 : 0x107aa    : slli a5, s1, 3             : IntAlu :  D=0x0000000000000480
6124500: system.cpu: T0 : 0x107ae    : c_add a5, a4               : IntAlu :  D=0x0000000000071f40
6125000: system.cpu: T0 : 0x107b0    : sd s2, 0(a5)               : MemWrite :  D=0x0000000000f00060 A=0x71f40
6125500: system.cpu: T0 : 0x107b4    : c_j 42                     : IntAlu : 
6126500: system.cpu: T0 : 0x107de    : auipc a5, 96               : IntAlu :  D=0x00000000000707de
6127500: system.cpu: T0 : 0x107e2    : ld a5, 210(a5)             : MemRead :  D=0x000000000007234c A=0x708b0
6128000: system.cpu: T0 : 0x107e6    : c_lw a5, 0(a5)             : MemRead :  D=0x000000000000001b A=0x7234c
6128500: system.cpu: T0 : 0x107e8    : blt zero, a5, -414         : IntAlu : 
6129500: system.cpu: T0 : 0x1064a    : sw zero, -68(s0)           : MemWrite :  D=0x0000000000000000 A=0x7ffffffffffffd8c
6130500: system.cpu: T0 : 0x1064e    : jal ra, 894                : IntAlu :  D=0x0000000000010652
6131000: system.cpu: T0 : 0x109cc    : c_addi sp, -16             : IntAlu :  D=0x7ffffffffffffd70
6131500: system.cpu: T0 : 0x109ce    : c_sdsp s0, 8(sp)           : MemWrite :  D=0x7ffffffffffffdd0 A=0x7ffffffffffffd78
6132000: system.cpu: T0 : 0x109d0    : c_addi4spn s0, sp, 16      : IntAlu :  D=0x7ffffffffffffd80
6133000: system.cpu: T0 : 0x109d2    : auipc a5, 96               : IntAlu :  D=0x00000000000709d2
6134000: system.cpu: T0 : 0x109d6    : ld a5, -290(a5)            : MemRead :  D=0x000000000007234c A=0x708b0
6134500: system.cpu: T0 : 0x109da    : c_lw a5, 0(a5)             : MemRead :  D=0x000000000000001b A=0x7234c
6135000: system.cpu: T0 : 0x109dc    : bge zero, a5, 94           : IntAlu : 
6135500: system.cpu: T0 : 0x109e0    : auipc a5, 96               : IntAlu :  D=0x00000000000709e0
6136000: system.cpu: T0 : 0x109e4    : ld a5, -344(a5)            : MemRead :  D=0x00000000000722c8 A=0x70888
6136500: system.cpu: T0 : 0x109e8    : c_lw a5, 0(a5)             : MemRead :  D=0x000000000000001e A=0x722c8
6137500: system.cpu: T0 : 0x109ea    : addiw a4, a5, -1           : IntAlu :  D=0x000000000000001d
6138500: system.cpu: T0 : 0x109ee    : addiw a3, a4, 0            : IntAlu :  D=0x000000000000001d
6139500: system.cpu: T0 : 0x109f2    : auipc a4, 96               : IntAlu :  D=0x00000000000709f2
6140500: system.cpu: T0 : 0x109f6    : ld a4, -362(a4)            : MemRead :  D=0x00000000000722c8 A=0x70888
6141000: system.cpu: T0 : 0x109fa    : c_sw a3, 0(a4)             : MemWrite :  D=0x000000000000001d A=0x722c8
6141500: system.cpu: T0 : 0x109fc    : bge zero, a5, 62           : IntAlu : 
6142000: system.cpu: T0 : 0x10a00    : auipc a5, 96               : IntAlu :  D=0x0000000000070a00
6142500: system.cpu: T0 : 0x10a04    : ld a5, -336(a5)            : MemRead :  D=0x000000000007234c A=0x708b0
6143000: system.cpu: T0 : 0x10a08    : c_lw a5, 0(a5)             : MemRead :  D=0x000000000000001b A=0x7234c
6143500: system.cpu: T0 : 0x10a0a    : c_addiw a5, -1             : IntAlu :  D=0x000000000000001a
6144000: system.cpu: T0 : 0x10a0c    : addiw a4, a5, 0            : IntAlu :  D=0x000000000000001a
6144500: system.cpu: T0 : 0x10a10    : auipc a5, 96               : IntAlu :  D=0x0000000000070a10
6145000: system.cpu: T0 : 0x10a14    : ld a5, -352(a5)            : MemRead :  D=0x000000000007234c A=0x708b0
6145500: system.cpu: T0 : 0x10a18    : c_sw a4, 0(a5)             : MemWrite :  D=0x000000000000001a A=0x7234c
6146500: system.cpu: T0 : 0x10a1a    : auipc a5, 96               : IntAlu :  D=0x0000000000070a1a
6147500: system.cpu: T0 : 0x10a1e    : ld a5, -426(a5)            : MemRead :  D=0x0000000000071a80 A=0x70870
6148000: system.cpu: T0 : 0x10a22    : c_ld a5, 0(a5)             : MemRead :  D=0x0000000000071a5f A=0x71a80
6148500: system.cpu: T0 : 0x10a24    : addi a3, a5, 1             : IntAlu :  D=0x0000000000071a60
6149000: system.cpu: T0 : 0x10a28    : auipc a4, 96               : IntAlu :  D=0x0000000000070a28
6149500: system.cpu: T0 : 0x10a2c    : ld a4, -440(a4)            : MemRead :  D=0x0000000000071a80 A=0x70870
6150000: system.cpu: T0 : 0x10a30    : c_sd a3, 0(a4)             : MemWrite :  D=0x0000000000071a60 A=0x71a80
6151000: system.cpu: T0 : 0x10a32    : lbu a5, 0(a5)              : MemRead :  D=0x0000000000000024 A=0x71a5f
6151500: system.cpu: T0 : 0x10a36    : c_addiw a5, 0              : IntAlu :  D=0x0000000000000024
6152000: system.cpu: T0 : 0x10a38    : c_j 4                      : IntAlu : 
6152500: system.cpu: T0 : 0x10a3c    : c_mv a0, a5                : IntAlu :  D=0x0000000000000024
6153000: system.cpu: T0 : 0x10a3e    : c_ldsp s0, 8(sp)           : MemRead :  D=0x7ffffffffffffdd0 A=0x7ffffffffffffd78
6153500: system.cpu: T0 : 0x10a40    : c_addi sp, 16              : IntAlu :  D=0x7ffffffffffffd80
6154000: system.cpu: T0 : 0x10a42    : c_jr ra                    : IntAlu : 
6154500: system.cpu: T0 : 0x10652    : c_mv a5, a0                : IntAlu :  D=0x0000000000000024
6155000: system.cpu: T0 : 0x10654    : c_addiw a5, 0              : IntAlu :  D=0x0000000000000024
6156000: system.cpu: T0 : 0x10656    : addiw s6, a5, 0            : IntAlu :  D=0x0000000000000024
6157000: system.cpu: T0 : 0x1065a    : auipc a5, 95               : IntAlu :  D=0x000000000006f65a
6158000: system.cpu: T0 : 0x1065e    : addi a5, a5, -1578         : IntAlu :  D=0x000000000006f030
6158500: system.cpu: T0 : 0x10662    : c_ld a5, 0(a5)             : MemRead :  D=0x0000000000000017 A=0x6f030
6159000: system.cpu: T0 : 0x10664    : addi a4, a5, 1             : IntAlu :  D=0x0000000000000018
6159500: system.cpu: T0 : 0x10668    : auipc a5, 95               : IntAlu :  D=0x000000000006f668
6160000: system.cpu: T0 : 0x1066c    : addi a5, a5, -1592         : IntAlu :  D=0x000000000006f030
6160500: system.cpu: T0 : 0x10670    : c_sd a4, 0(a5)             : MemWrite :  D=0x0000000000000018 A=0x6f030
6161000: system.cpu: T0 : 0x10672    : c_mv a4, s6                : IntAlu :  D=0x0000000000000024
6161500: system.cpu: T0 : 0x10674    : auipc a5, 95               : IntAlu :  D=0x000000000006f674
6162000: system.cpu: T0 : 0x10678    : addi a5, a5, -1652         : IntAlu :  D=0x000000000006f000
6162500: system.cpu: T0 : 0x1067c    : c_lw a5, 0(a5)             : MemRead :  D=0x0000000000000010 A=0x6f000
6163500: system.cpu: T0 : 0x1067e    : sll a5, a4, a5             : IntAlu :  D=0x0000000000240000
6164500: system.cpu: T0 : 0x10682    : add s2, s4, a5             : IntAlu :  D=0x00000000002400f0
6165500: system.cpu: T0 : 0x10686    : sllw a5, s6, s3            : IntAlu :  D=0x0000000000000024
6166000: system.cpu: T0 : 0x1068a    : c_addiw a5, 0              : IntAlu :  D=0x0000000000000024
6166500: system.cpu: T0 : 0x1068c    : xor s1, s4, a5             : IntAlu :  D=0x00000000000000d4
6167000: system.cpu: T0 : 0x10690    : auipc a4, 96               : IntAlu :  D=0x0000000000070690
6167500: system.cpu: T0 : 0x10694    : ld a4, 496(a4)             : MemRead :  D=0x0000000000071ac0 A=0x70880
6168000: system.cpu: T0 : 0x10698    : slli a5, s1, 3             : IntAlu :  D=0x00000000000006a0
6168500: system.cpu: T0 : 0x1069c    : c_add a5, a4               : IntAlu :  D=0x0000000000072160
6169000: system.cpu: T0 : 0x1069e    : c_ld a5, 0(a5)             : MemRead :  D=0xffffffffffffffff A=0x72160
6169500: system.cpu: T0 : 0x106a0    : bne s2, a5, 26             : IntAlu : 
6170500: system.cpu: T0 : 0x106ba    : auipc a4, 96               : IntAlu :  D=0x00000000000706ba
6171500: system.cpu: T0 : 0x106be    : ld a4, 454(a4)             : MemRead :  D=0x0000000000071ac0 A=0x70880
6172500: system.cpu: T0 : 0x106c2    : slli a5, s1, 3             : IntAlu :  D=0x00000000000006a0
6173000: system.cpu: T0 : 0x106c6    : c_add a5, a4               : IntAlu :  D=0x0000000000072160
6173500: system.cpu: T0 : 0x106c8    : c_ld a5, 0(a5)             : MemRead :  D=0xffffffffffffffff A=0x72160
6174500: system.cpu: T0 : 0x106ca    : blt a5, zero, 132          : IntAlu : 
6175000: system.cpu: T0 : 0x1074e    : c_addi zero, 0             : IntAlu :  D=0x0000000000000000
6175500: system.cpu: T0 : 0x10750    : c_j 4                      : IntAlu : 
6176000: system.cpu: T0 : 0x10754    : addi a5, gp, -920          : IntAlu :  D=0x0000000000070d48
6176500: system.cpu: T0 : 0x10758    : c_ld a5, 0(a5)             : MemRead :  D=0x0000000000000016 A=0x70d48
6177500: system.cpu: T0 : 0x1075a    : addi a4, a5, 1             : IntAlu :  D=0x0000000000000017
6178500: system.cpu: T0 : 0x1075e    : addi a5, gp, -920          : IntAlu :  D=0x0000000000070d48
6179000: system.cpu: T0 : 0x10762    : c_sd a4, 0(a5)             : MemWrite :  D=0x0000000000000017 A=0x70d48
6179500: system.cpu: T0 : 0x10764    : c_mv s4, s6                : IntAlu :  D=0x0000000000000024
6180500: system.cpu: T0 : 0x10766    : addi a5, gp, -960          : IntAlu :  D=0x0000000000070d20
6181000: system.cpu: T0 : 0x1076a    : c_ld a4, 0(a5)             : MemRead :  D=0x0000000000000117 A=0x70d20
6181500: system.cpu: T0 : 0x1076c    : auipc a5, 95               : IntAlu :  D=0x000000000006f76c
6182000: system.cpu: T0 : 0x10770    : addi a5, a5, -1892         : IntAlu :  D=0x000000000006f008
6182500: system.cpu: T0 : 0x10774    : c_ld a5, 0(a5)             : MemRead :  D=0x0000000000010000 A=0x6f008
6183500: system.cpu: T0 : 0x10776    : bge a4, a5, 64             : IntAlu : 
6184500: system.cpu: T0 : 0x1077a    : addi a5, gp, -960          : IntAlu :  D=0x0000000000070d20
6185000: system.cpu: T0 : 0x1077e    : c_ld a5, 0(a5)             : MemRead :  D=0x0000000000000117 A=0x70d20
6185500: system.cpu: T0 : 0x10780    : addi a3, a5, 1             : IntAlu :  D=0x0000000000000118
6186000: system.cpu: T0 : 0x10784    : addi a4, gp, -960          : IntAlu :  D=0x0000000000070d20
6186500: system.cpu: T0 : 0x10788    : c_sd a3, 0(a4)             : MemWrite :  D=0x0000000000000118 A=0x70d20
6187500: system.cpu: T0 : 0x1078a    : slli a4, a5, 48            : IntAlu :  D=0x0117000000000000
6188000: system.cpu: T0 : 0x1078e    : c_srli a4, 48              : IntAlu :  D=0x0000000000000117
6188500: system.cpu: T0 : 0x10790    : auipc a3, 96               : IntAlu :  D=0x0000000000070790
6189000: system.cpu: T0 : 0x10794    : ld a3, 296(a3)             : MemRead :  D=0x0000000000072350 A=0x708b8
6189500: system.cpu: T0 : 0x10798    : slli a5, s1, 1             : IntAlu :  D=0x00000000000001a8
6190000: system.cpu: T0 : 0x1079c    : c_add a5, a3               : IntAlu :  D=0x00000000000724f8
6191000: system.cpu: T0 : 0x1079e    : sh a4, 0(a5)               : MemWrite :  D=0x0000000000000117 A=0x724f8
6192000: system.cpu: T0 : 0x107a2    : auipc a4, 96               : IntAlu :  D=0x00000000000707a2
6193000: system.cpu: T0 : 0x107a6    : ld a4, 222(a4)             : MemRead :  D=0x0000000000071ac0 A=0x70880
6194000: system.cpu: T0 : 0x107aa    : slli a5, s1, 3             : IntAlu :  D=0x00000000000006a0
6194500: system.cpu: T0 : 0x107ae    : c_add a5, a4               : IntAlu :  D=0x0000000000072160
6195000: system.cpu: T0 : 0x107b0    : sd s2, 0(a5)               : MemWrite :  D=0x00000000002400f0 A=0x72160
6195500: system.cpu: T0 : 0x107b4    : c_j 42                     : IntAlu : 
6196500: system.cpu: T0 : 0x107de    : auipc a5, 96               : IntAlu :  D=0x00000000000707de
6197500: system.cpu: T0 : 0x107e2    : ld a5, 210(a5)             : MemRead :  D=0x000000000007234c A=0x708b0
6198000: system.cpu: T0 : 0x107e6    : c_lw a5, 0(a5)             : MemRead :  D=0x000000000000001a A=0x7234c
6198500: system.cpu: T0 : 0x107e8    : blt zero, a5, -414         : IntAlu : 
6199500: system.cpu: T0 : 0x1064a    : sw zero, -68(s0)           : MemWrite :  D=0x0000000000000000 A=0x7ffffffffffffd8c
6200500: system.cpu: T0 : 0x1064e    : jal ra, 894                : IntAlu :  D=0x0000000000010652
6201000: system.cpu: T0 : 0x109cc    : c_addi sp, -16             : IntAlu :  D=0x7ffffffffffffd70
6201500: system.cpu: T0 : 0x109ce    : c_sdsp s0, 8(sp)           : MemWrite :  D=0x7ffffffffffffdd0 A=0x7ffffffffffffd78
6202000: system.cpu: T0 : 0x109d0    : c_addi4spn s0, sp, 16      : IntAlu :  D=0x7ffffffffffffd80
6203000: system.cpu: T0 : 0x109d2    : auipc a5, 96               : IntAlu :  D=0x00000000000709d2
6204000: system.cpu: T0 : 0x109d6    : ld a5, -290(a5)            : MemRead :  D=0x000000000007234c A=0x708b0
6204500: system.cpu: T0 : 0x109da    : c_lw a5, 0(a5)             : MemRead :  D=0x000000000000001a A=0x7234c
6205000: system.cpu: T0 : 0x109dc    : bge zero, a5, 94           : IntAlu : 
6205500: system.cpu: T0 : 0x109e0    : auipc a5, 96               : IntAlu :  D=0x00000000000709e0
6206000: system.cpu: T0 : 0x109e4    : ld a5, -344(a5)            : MemRead :  D=0x00000000000722c8 A=0x70888
6206500: system.cpu: T0 : 0x109e8    : c_lw a5, 0(a5)             : MemRead :  D=0x000000000000001d A=0x722c8
6207500: system.cpu: T0 : 0x109ea    : addiw a4, a5, -1           : IntAlu :  D=0x000000000000001c
6208500: system.cpu: T0 : 0x109ee    : addiw a3, a4, 0            : IntAlu :  D=0x000000000000001c
6209500: system.cpu: T0 : 0x109f2    : auipc a4, 96               : IntAlu :  D=0x00000000000709f2
6210500: system.cpu: T0 : 0x109f6    : ld a4, -362(a4)            : MemRead :  D=0x00000000000722c8 A=0x70888
6211000: system.cpu: T0 : 0x109fa    : c_sw a3, 0(a4)             : MemWrite :  D=0x000000000000001c A=0x722c8
6211500: system.cpu: T0 : 0x109fc    : bge zero, a5, 62           : IntAlu : 
6212000: system.cpu: T0 : 0x10a00    : auipc a5, 96               : IntAlu :  D=0x0000000000070a00
6212500: system.cpu: T0 : 0x10a04    : ld a5, -336(a5)            : MemRead :  D=0x000000000007234c A=0x708b0
6213000: system.cpu: T0 : 0x10a08    : c_lw a5, 0(a5)             : MemRead :  D=0x000000000000001a A=0x7234c
6213500: system.cpu: T0 : 0x10a0a    : c_addiw a5, -1             : IntAlu :  D=0x0000000000000019
6214000: system.cpu: T0 : 0x10a0c    : addiw a4, a5, 0            : IntAlu :  D=0x0000000000000019
6214500: system.cpu: T0 : 0x10a10    : auipc a5, 96               : IntAlu :  D=0x0000000000070a10
6215000: system.cpu: T0 : 0x10a14    : ld a5, -352(a5)            : MemRead :  D=0x000000000007234c A=0x708b0
6215500: system.cpu: T0 : 0x10a18    : c_sw a4, 0(a5)             : MemWrite :  D=0x0000000000000019 A=0x7234c
6216500: system.cpu: T0 : 0x10a1a    : auipc a5, 96               : IntAlu :  D=0x0000000000070a1a
6217500: system.cpu: T0 : 0x10a1e    : ld a5, -426(a5)            : MemRead :  D=0x0000000000071a80 A=0x70870
6218000: system.cpu: T0 : 0x10a22    : c_ld a5, 0(a5)             : MemRead :  D=0x0000000000071a60 A=0x71a80
6218500: system.cpu: T0 : 0x10a24    : addi a3, a5, 1             : IntAlu :  D=0x0000000000071a61
6219000: system.cpu: T0 : 0x10a28    : auipc a4, 96               : IntAlu :  D=0x0000000000070a28
6219500: system.cpu: T0 : 0x10a2c    : ld a4, -440(a4)            : MemRead :  D=0x0000000000071a80 A=0x70870
6220000: system.cpu: T0 : 0x10a30    : c_sd a3, 0(a4)             : MemWrite :  D=0x0000000000071a61 A=0x71a80
6221000: system.cpu: T0 : 0x10a32    : lbu a5, 0(a5)              : MemRead :  D=0x00000000000000c3 A=0x71a60
6221500: system.cpu: T0 : 0x10a36    : c_addiw a5, 0              : IntAlu :  D=0x00000000000000c3
6222000: system.cpu: T0 : 0x10a38    : c_j 4                      : IntAlu : 
6222500: system.cpu: T0 : 0x10a3c    : c_mv a0, a5                : IntAlu :  D=0x00000000000000c3
6223000: system.cpu: T0 : 0x10a3e    : c_ldsp s0, 8(sp)           : MemRead :  D=0x7ffffffffffffdd0 A=0x7ffffffffffffd78
6223500: system.cpu: T0 : 0x10a40    : c_addi sp, 16              : IntAlu :  D=0x7ffffffffffffd80
6224000: system.cpu: T0 : 0x10a42    : c_jr ra                    : IntAlu : 
6224500: system.cpu: T0 : 0x10652    : c_mv a5, a0                : IntAlu :  D=0x00000000000000c3
6225000: system.cpu: T0 : 0x10654    : c_addiw a5, 0              : IntAlu :  D=0x00000000000000c3
6226000: system.cpu: T0 : 0x10656    : addiw s6, a5, 0            : IntAlu :  D=0x00000000000000c3
6227000: system.cpu: T0 : 0x1065a    : auipc a5, 95               : IntAlu :  D=0x000000000006f65a
6228000: system.cpu: T0 : 0x1065e    : addi a5, a5, -1578         : IntAlu :  D=0x000000000006f030
6228500: system.cpu: T0 : 0x10662    : c_ld a5, 0(a5)             : MemRead :  D=0x0000000000000018 A=0x6f030
6229000: system.cpu: T0 : 0x10664    : addi a4, a5, 1             : IntAlu :  D=0x0000000000000019
6229500: system.cpu: T0 : 0x10668    : auipc a5, 95               : IntAlu :  D=0x000000000006f668
6230000: system.cpu: T0 : 0x1066c    : addi a5, a5, -1592         : IntAlu :  D=0x000000000006f030
6230500: system.cpu: T0 : 0x10670    : c_sd a4, 0(a5)             : MemWrite :  D=0x0000000000000019 A=0x6f030
6231000: system.cpu: T0 : 0x10672    : c_mv a4, s6                : IntAlu :  D=0x00000000000000c3
6231500: system.cpu: T0 : 0x10674    : auipc a5, 95               : IntAlu :  D=0x000000000006f674
6232000: system.cpu: T0 : 0x10678    : addi a5, a5, -1652         : IntAlu :  D=0x000000000006f000
6232500: system.cpu: T0 : 0x1067c    : c_lw a5, 0(a5)             : MemRead :  D=0x0000000000000010 A=0x6f000
6233500: system.cpu: T0 : 0x1067e    : sll a5, a4, a5             : IntAlu :  D=0x0000000000c30000
6234500: system.cpu: T0 : 0x10682    : add s2, s4, a5             : IntAlu :  D=0x0000000000c30024
6235500: system.cpu: T0 : 0x10686    : sllw a5, s6, s3            : IntAlu :  D=0x00000000000000c3
6236000: system.cpu: T0 : 0x1068a    : c_addiw a5, 0              : IntAlu :  D=0x00000000000000c3
6236500: system.cpu: T0 : 0x1068c    : xor s1, s4, a5             : IntAlu :  D=0x00000000000000e7
6237000: system.cpu: T0 : 0x10690    : auipc a4, 96               : IntAlu :  D=0x0000000000070690
6237500: system.cpu: T0 : 0x10694    : ld a4, 496(a4)             : MemRead :  D=0x0000000000071ac0 A=0x70880
6238000: system.cpu: T0 : 0x10698    : slli a5, s1, 3             : IntAlu :  D=0x0000000000000738
6238500: system.cpu: T0 : 0x1069c    : c_add a5, a4               : IntAlu :  D=0x00000000000721f8
6239000: system.cpu: T0 : 0x1069e    : c_ld a5, 0(a5)             : MemRead :  D=0xffffffffffffffff A=0x721f8
6239500: system.cpu: T0 : 0x106a0    : bne s2, a5, 26             : IntAlu : 
6240500: system.cpu: T0 : 0x106ba    : auipc a4, 96               : IntAlu :  D=0x00000000000706ba
6241500: system.cpu: T0 : 0x106be    : ld a4, 454(a4)             : MemRead :  D=0x0000000000071ac0 A=0x70880
6242500: system.cpu: T0 : 0x106c2    : slli a5, s1, 3             : IntAlu :  D=0x0000000000000738
6243000: system.cpu: T0 : 0x106c6    : c_add a5, a4               : IntAlu :  D=0x00000000000721f8
6243500: system.cpu: T0 : 0x106c8    : c_ld a5, 0(a5)             : MemRead :  D=0xffffffffffffffff A=0x721f8
6244500: system.cpu: T0 : 0x106ca    : blt a5, zero, 132          : IntAlu : 
6245000: system.cpu: T0 : 0x1074e    : c_addi zero, 0             : IntAlu :  D=0x0000000000000000
6245500: system.cpu: T0 : 0x10750    : c_j 4                      : IntAlu : 
6246000: system.cpu: T0 : 0x10754    : addi a5, gp, -920          : IntAlu :  D=0x0000000000070d48
6246500: system.cpu: T0 : 0x10758    : c_ld a5, 0(a5)             : MemRead :  D=0x0000000000000017 A=0x70d48
6247500: system.cpu: T0 : 0x1075a    : addi a4, a5, 1             : IntAlu :  D=0x0000000000000018
6248500: system.cpu: T0 : 0x1075e    : addi a5, gp, -920          : IntAlu :  D=0x0000000000070d48
6249000: system.cpu: T0 : 0x10762    : c_sd a4, 0(a5)             : MemWrite :  D=0x0000000000000018 A=0x70d48
6249500: system.cpu: T0 : 0x10764    : c_mv s4, s6                : IntAlu :  D=0x00000000000000c3
6250500: system.cpu: T0 : 0x10766    : addi a5, gp, -960          : IntAlu :  D=0x0000000000070d20
6251000: system.cpu: T0 : 0x1076a    : c_ld a4, 0(a5)             : MemRead :  D=0x0000000000000118 A=0x70d20
6251500: system.cpu: T0 : 0x1076c    : auipc a5, 95               : IntAlu :  D=0x000000000006f76c
6252000: system.cpu: T0 : 0x10770    : addi a5, a5, -1892         : IntAlu :  D=0x000000000006f008
6252500: system.cpu: T0 : 0x10774    : c_ld a5, 0(a5)             : MemRead :  D=0x0000000000010000 A=0x6f008
6253500: system.cpu: T0 : 0x10776    : bge a4, a5, 64             : IntAlu : 
6254500: system.cpu: T0 : 0x1077a    : addi a5, gp, -960          : IntAlu :  D=0x0000000000070d20
6255000: system.cpu: T0 : 0x1077e    : c_ld a5, 0(a5)             : MemRead :  D=0x0000000000000118 A=0x70d20
6255500: system.cpu: T0 : 0x10780    : addi a3, a5, 1             : IntAlu :  D=0x0000000000000119
6256000: system.cpu: T0 : 0x10784    : addi a4, gp, -960          : IntAlu :  D=0x0000000000070d20
6256500: system.cpu: T0 : 0x10788    : c_sd a3, 0(a4)             : MemWrite :  D=0x0000000000000119 A=0x70d20
6257500: system.cpu: T0 : 0x1078a    : slli a4, a5, 48            : IntAlu :  D=0x0118000000000000
6258000: system.cpu: T0 : 0x1078e    : c_srli a4, 48              : IntAlu :  D=0x0000000000000118
6258500: system.cpu: T0 : 0x10790    : auipc a3, 96               : IntAlu :  D=0x0000000000070790
6259000: system.cpu: T0 : 0x10794    : ld a3, 296(a3)             : MemRead :  D=0x0000000000072350 A=0x708b8
6259500: system.cpu: T0 : 0x10798    : slli a5, s1, 1             : IntAlu :  D=0x00000000000001ce
6260000: system.cpu: T0 : 0x1079c    : c_add a5, a3               : IntAlu :  D=0x000000000007251e
6261000: system.cpu: T0 : 0x1079e    : sh a4, 0(a5)               : MemWrite :  D=0x0000000000000118 A=0x7251e
6262000: system.cpu: T0 : 0x107a2    : auipc a4, 96               : IntAlu :  D=0x00000000000707a2
6263000: system.cpu: T0 : 0x107a6    : ld a4, 222(a4)             : MemRead :  D=0x0000000000071ac0 A=0x70880
6264000: system.cpu: T0 : 0x107aa    : slli a5, s1, 3             : IntAlu :  D=0x0000000000000738
6264500: system.cpu: T0 : 0x107ae    : c_add a5, a4               : IntAlu :  D=0x00000000000721f8
6265000: system.cpu: T0 : 0x107b0    : sd s2, 0(a5)               : MemWrite :  D=0x0000000000c30024 A=0x721f8
6265500: system.cpu: T0 : 0x107b4    : c_j 42                     : IntAlu : 
6266500: system.cpu: T0 : 0x107de    : auipc a5, 96               : IntAlu :  D=0x00000000000707de
6267500: system.cpu: T0 : 0x107e2    : ld a5, 210(a5)             : MemRead :  D=0x000000000007234c A=0x708b0
6268000: system.cpu: T0 : 0x107e6    : c_lw a5, 0(a5)             : MemRead :  D=0x0000000000000019 A=0x7234c
6268500: system.cpu: T0 : 0x107e8    : blt zero, a5, -414         : IntAlu : 
6269500: system.cpu: T0 : 0x1064a    : sw zero, -68(s0)           : MemWrite :  D=0x0000000000000000 A=0x7ffffffffffffd8c
6270500: system.cpu: T0 : 0x1064e    : jal ra, 894                : IntAlu :  D=0x0000000000010652
6271000: system.cpu: T0 : 0x109cc    : c_addi sp, -16             : IntAlu :  D=0x7ffffffffffffd70
6271500: system.cpu: T0 : 0x109ce    : c_sdsp s0, 8(sp)           : MemWrite :  D=0x7ffffffffffffdd0 A=0x7ffffffffffffd78
6272000: system.cpu: T0 : 0x109d0    : c_addi4spn s0, sp, 16      : IntAlu :  D=0x7ffffffffffffd80
6273000: system.cpu: T0 : 0x109d2    : auipc a5, 96               : IntAlu :  D=0x00000000000709d2
6274000: system.cpu: T0 : 0x109d6    : ld a5, -290(a5)            : MemRead :  D=0x000000000007234c A=0x708b0
6274500: system.cpu: T0 : 0x109da    : c_lw a5, 0(a5)             : MemRead :  D=0x0000000000000019 A=0x7234c
6275000: system.cpu: T0 : 0x109dc    : bge zero, a5, 94           : IntAlu : 
6275500: system.cpu: T0 : 0x109e0    : auipc a5, 96               : IntAlu :  D=0x00000000000709e0
6276000: system.cpu: T0 : 0x109e4    : ld a5, -344(a5)            : MemRead :  D=0x00000000000722c8 A=0x70888
6276500: system.cpu: T0 : 0x109e8    : c_lw a5, 0(a5)             : MemRead :  D=0x000000000000001c A=0x722c8
6277500: system.cpu: T0 : 0x109ea    : addiw a4, a5, -1           : IntAlu :  D=0x000000000000001b
6278500: system.cpu: T0 : 0x109ee    : addiw a3, a4, 0            : IntAlu :  D=0x000000000000001b
6279500: system.cpu: T0 : 0x109f2    : auipc a4, 96               : IntAlu :  D=0x00000000000709f2
6280500: system.cpu: T0 : 0x109f6    : ld a4, -362(a4)            : MemRead :  D=0x00000000000722c8 A=0x70888
6281000: system.cpu: T0 : 0x109fa    : c_sw a3, 0(a4)             : MemWrite :  D=0x000000000000001b A=0x722c8
6281500: system.cpu: T0 : 0x109fc    : bge zero, a5, 62           : IntAlu : 
6282000: system.cpu: T0 : 0x10a00    : auipc a5, 96               : IntAlu :  D=0x0000000000070a00
6282500: system.cpu: T0 : 0x10a04    : ld a5, -336(a5)            : MemRead :  D=0x000000000007234c A=0x708b0
6283000: system.cpu: T0 : 0x10a08    : c_lw a5, 0(a5)             : MemRead :  D=0x0000000000000019 A=0x7234c
6283500: system.cpu: T0 : 0x10a0a    : c_addiw a5, -1             : IntAlu :  D=0x0000000000000018
6284000: system.cpu: T0 : 0x10a0c    : addiw a4, a5, 0            : IntAlu :  D=0x0000000000000018
6284500: system.cpu: T0 : 0x10a10    : auipc a5, 96               : IntAlu :  D=0x0000000000070a10
6285000: system.cpu: T0 : 0x10a14    : ld a5, -352(a5)            : MemRead :  D=0x000000000007234c A=0x708b0
6285500: system.cpu: T0 : 0x10a18    : c_sw a4, 0(a5)             : MemWrite :  D=0x0000000000000018 A=0x7234c
6286500: system.cpu: T0 : 0x10a1a    : auipc a5, 96               : IntAlu :  D=0x0000000000070a1a
6287500: system.cpu: T0 : 0x10a1e    : ld a5, -426(a5)            : MemRead :  D=0x0000000000071a80 A=0x70870
6288000: system.cpu: T0 : 0x10a22    : c_ld a5, 0(a5)             : MemRead :  D=0x0000000000071a61 A=0x71a80
6288500: system.cpu: T0 : 0x10a24    : addi a3, a5, 1             : IntAlu :  D=0x0000000000071a62
6289000: system.cpu: T0 : 0x10a28    : auipc a4, 96               : IntAlu :  D=0x0000000000070a28
6289500: system.cpu: T0 : 0x10a2c    : ld a4, -440(a4)            : MemRead :  D=0x0000000000071a80 A=0x70870
6290000: system.cpu: T0 : 0x10a30    : c_sd a3, 0(a4)             : MemWrite :  D=0x0000000000071a62 A=0x71a80
6291000: system.cpu: T0 : 0x10a32    : lbu a5, 0(a5)              : MemRead :  D=0x0000000000000008 A=0x71a61
6291500: system.cpu: T0 : 0x10a36    : c_addiw a5, 0              : IntAlu :  D=0x0000000000000008
6292000: system.cpu: T0 : 0x10a38    : c_j 4                      : IntAlu : 
6292500: system.cpu: T0 : 0x10a3c    : c_mv a0, a5                : IntAlu :  D=0x0000000000000008
6293000: system.cpu: T0 : 0x10a3e    : c_ldsp s0, 8(sp)           : MemRead :  D=0x7ffffffffffffdd0 A=0x7ffffffffffffd78
6293500: system.cpu: T0 : 0x10a40    : c_addi sp, 16              : IntAlu :  D=0x7ffffffffffffd80
6294000: system.cpu: T0 : 0x10a42    : c_jr ra                    : IntAlu : 
6294500: system.cpu: T0 : 0x10652    : c_mv a5, a0                : IntAlu :  D=0x0000000000000008
6295000: system.cpu: T0 : 0x10654    : c_addiw a5, 0              : IntAlu :  D=0x0000000000000008
6296000: system.cpu: T0 : 0x10656    : addiw s6, a5, 0            : IntAlu :  D=0x0000000000000008
6297000: system.cpu: T0 : 0x1065a    : auipc a5, 95               : IntAlu :  D=0x000000000006f65a
6298000: system.cpu: T0 : 0x1065e    : addi a5, a5, -1578         : IntAlu :  D=0x000000000006f030
6298500: system.cpu: T0 : 0x10662    : c_ld a5, 0(a5)             : MemRead :  D=0x0000000000000019 A=0x6f030
6299000: system.cpu: T0 : 0x10664    : addi a4, a5, 1             : IntAlu :  D=0x000000000000001a
6299500: system.cpu: T0 : 0x10668    : auipc a5, 95               : IntAlu :  D=0x000000000006f668
6300000: system.cpu: T0 : 0x1066c    : addi a5, a5, -1592         : IntAlu :  D=0x000000000006f030
6300500: system.cpu: T0 : 0x10670    : c_sd a4, 0(a5)             : MemWrite :  D=0x000000000000001a A=0x6f030
6301000: system.cpu: T0 : 0x10672    : c_mv a4, s6                : IntAlu :  D=0x0000000000000008
6301500: system.cpu: T0 : 0x10674    : auipc a5, 95               : IntAlu :  D=0x000000000006f674
6302000: system.cpu: T0 : 0x10678    : addi a5, a5, -1652         : IntAlu :  D=0x000000000006f000
6302500: system.cpu: T0 : 0x1067c    : c_lw a5, 0(a5)             : MemRead :  D=0x0000000000000010 A=0x6f000
6303500: system.cpu: T0 : 0x1067e    : sll a5, a4, a5             : IntAlu :  D=0x0000000000080000
6304500: system.cpu: T0 : 0x10682    : add s2, s4, a5             : IntAlu :  D=0x00000000000800c3
6305500: system.cpu: T0 : 0x10686    : sllw a5, s6, s3            : IntAlu :  D=0x0000000000000008
6306000: system.cpu: T0 : 0x1068a    : c_addiw a5, 0              : IntAlu :  D=0x0000000000000008
6306500: system.cpu: T0 : 0x1068c    : xor s1, s4, a5             : IntAlu :  D=0x00000000000000cb
6307000: system.cpu: T0 : 0x10690    : auipc a4, 96               : IntAlu :  D=0x0000000000070690
6307500: system.cpu: T0 : 0x10694    : ld a4, 496(a4)             : MemRead :  D=0x0000000000071ac0 A=0x70880
6308000: system.cpu: T0 : 0x10698    : slli a5, s1, 3             : IntAlu :  D=0x0000000000000658
6308500: system.cpu: T0 : 0x1069c    : c_add a5, a4               : IntAlu :  D=0x0000000000072118
6309000: system.cpu: T0 : 0x1069e    : c_ld a5, 0(a5)             : MemRead :  D=0xffffffffffffffff A=0x72118
6309500: system.cpu: T0 : 0x106a0    : bne s2, a5, 26             : IntAlu : 
6310500: system.cpu: T0 : 0x106ba    : auipc a4, 96               : IntAlu :  D=0x00000000000706ba
6311500: system.cpu: T0 : 0x106be    : ld a4, 454(a4)             : MemRead :  D=0x0000000000071ac0 A=0x70880
6312500: system.cpu: T0 : 0x106c2    : slli a5, s1, 3             : IntAlu :  D=0x0000000000000658
6313000: system.cpu: T0 : 0x106c6    : c_add a5, a4               : IntAlu :  D=0x0000000000072118
6313500: system.cpu: T0 : 0x106c8    : c_ld a5, 0(a5)             : MemRead :  D=0xffffffffffffffff A=0x72118
6314500: system.cpu: T0 : 0x106ca    : blt a5, zero, 132          : IntAlu : 
6315000: system.cpu: T0 : 0x1074e    : c_addi zero, 0             : IntAlu :  D=0x0000000000000000
6315500: system.cpu: T0 : 0x10750    : c_j 4                      : IntAlu : 
6316000: system.cpu: T0 : 0x10754    : addi a5, gp, -920          : IntAlu :  D=0x0000000000070d48
6316500: system.cpu: T0 : 0x10758    : c_ld a5, 0(a5)             : MemRead :  D=0x0000000000000018 A=0x70d48
6317500: system.cpu: T0 : 0x1075a    : addi a4, a5, 1             : IntAlu :  D=0x0000000000000019
6318500: system.cpu: T0 : 0x1075e    : addi a5, gp, -920          : IntAlu :  D=0x0000000000070d48
6319000: system.cpu: T0 : 0x10762    : c_sd a4, 0(a5)             : MemWrite :  D=0x0000000000000019 A=0x70d48
6319500: system.cpu: T0 : 0x10764    : c_mv s4, s6                : IntAlu :  D=0x0000000000000008
6320500: system.cpu: T0 : 0x10766    : addi a5, gp, -960          : IntAlu :  D=0x0000000000070d20
6321000: system.cpu: T0 : 0x1076a    : c_ld a4, 0(a5)             : MemRead :  D=0x0000000000000119 A=0x70d20
6321500: system.cpu: T0 : 0x1076c    : auipc a5, 95               : IntAlu :  D=0x000000000006f76c
6322000: system.cpu: T0 : 0x10770    : addi a5, a5, -1892         : IntAlu :  D=0x000000000006f008
6322500: system.cpu: T0 : 0x10774    : c_ld a5, 0(a5)             : MemRead :  D=0x0000000000010000 A=0x6f008
6323500: system.cpu: T0 : 0x10776    : bge a4, a5, 64             : IntAlu : 
6324500: system.cpu: T0 : 0x1077a    : addi a5, gp, -960          : IntAlu :  D=0x0000000000070d20
6325000: system.cpu: T0 : 0x1077e    : c_ld a5, 0(a5)             : MemRead :  D=0x0000000000000119 A=0x70d20
6325500: system.cpu: T0 : 0x10780    : addi a3, a5, 1             : IntAlu :  D=0x000000000000011a
6326000: system.cpu: T0 : 0x10784    : addi a4, gp, -960          : IntAlu :  D=0x0000000000070d20
6326500: system.cpu: T0 : 0x10788    : c_sd a3, 0(a4)             : MemWrite :  D=0x000000000000011a A=0x70d20
6327500: system.cpu: T0 : 0x1078a    : slli a4, a5, 48            : IntAlu :  D=0x0119000000000000
6328000: system.cpu: T0 : 0x1078e    : c_srli a4, 48              : IntAlu :  D=0x0000000000000119
6328500: system.cpu: T0 : 0x10790    : auipc a3, 96               : IntAlu :  D=0x0000000000070790
6329000: system.cpu: T0 : 0x10794    : ld a3, 296(a3)             : MemRead :  D=0x0000000000072350 A=0x708b8
6329500: system.cpu: T0 : 0x10798    : slli a5, s1, 1             : IntAlu :  D=0x0000000000000196
6330000: system.cpu: T0 : 0x1079c    : c_add a5, a3               : IntAlu :  D=0x00000000000724e6
6331000: system.cpu: T0 : 0x1079e    : sh a4, 0(a5)               : MemWrite :  D=0x0000000000000119 A=0x724e6
6332000: system.cpu: T0 : 0x107a2    : auipc a4, 96               : IntAlu :  D=0x00000000000707a2
6333000: system.cpu: T0 : 0x107a6    : ld a4, 222(a4)             : MemRead :  D=0x0000000000071ac0 A=0x70880
6334000: system.cpu: T0 : 0x107aa    : slli a5, s1, 3             : IntAlu :  D=0x0000000000000658
6334500: system.cpu: T0 : 0x107ae    : c_add a5, a4               : IntAlu :  D=0x0000000000072118
6335000: system.cpu: T0 : 0x107b0    : sd s2, 0(a5)               : MemWrite :  D=0x00000000000800c3 A=0x72118
6335500: system.cpu: T0 : 0x107b4    : c_j 42                     : IntAlu : 
6336500: system.cpu: T0 : 0x107de    : auipc a5, 96               : IntAlu :  D=0x00000000000707de
6337500: system.cpu: T0 : 0x107e2    : ld a5, 210(a5)             : MemRead :  D=0x000000000007234c A=0x708b0
6338000: system.cpu: T0 : 0x107e6    : c_lw a5, 0(a5)             : MemRead :  D=0x0000000000000018 A=0x7234c
6338500: system.cpu: T0 : 0x107e8    : blt zero, a5, -414         : IntAlu : 
6339500: system.cpu: T0 : 0x1064a    : sw zero, -68(s0)           : MemWrite :  D=0x0000000000000000 A=0x7ffffffffffffd8c
6340500: system.cpu: T0 : 0x1064e    : jal ra, 894                : IntAlu :  D=0x0000000000010652
6341000: system.cpu: T0 : 0x109cc    : c_addi sp, -16             : IntAlu :  D=0x7ffffffffffffd70
6341500: system.cpu: T0 : 0x109ce    : c_sdsp s0, 8(sp)           : MemWrite :  D=0x7ffffffffffffdd0 A=0x7ffffffffffffd78
6342000: system.cpu: T0 : 0x109d0    : c_addi4spn s0, sp, 16      : IntAlu :  D=0x7ffffffffffffd80
6343000: system.cpu: T0 : 0x109d2    : auipc a5, 96               : IntAlu :  D=0x00000000000709d2
6344000: system.cpu: T0 : 0x109d6    : ld a5, -290(a5)            : MemRead :  D=0x000000000007234c A=0x708b0
6344500: system.cpu: T0 : 0x109da    : c_lw a5, 0(a5)             : MemRead :  D=0x0000000000000018 A=0x7234c
6345000: system.cpu: T0 : 0x109dc    : bge zero, a5, 94           : IntAlu : 
6345500: system.cpu: T0 : 0x109e0    : auipc a5, 96               : IntAlu :  D=0x00000000000709e0
6346000: system.cpu: T0 : 0x109e4    : ld a5, -344(a5)            : MemRead :  D=0x00000000000722c8 A=0x70888
6346500: system.cpu: T0 : 0x109e8    : c_lw a5, 0(a5)             : MemRead :  D=0x000000000000001b A=0x722c8
6347500: system.cpu: T0 : 0x109ea    : addiw a4, a5, -1           : IntAlu :  D=0x000000000000001a
6348500: system.cpu: T0 : 0x109ee    : addiw a3, a4, 0            : IntAlu :  D=0x000000000000001a
6349500: system.cpu: T0 : 0x109f2    : auipc a4, 96               : IntAlu :  D=0x00000000000709f2
6350500: system.cpu: T0 : 0x109f6    : ld a4, -362(a4)            : MemRead :  D=0x00000000000722c8 A=0x70888
6351000: system.cpu: T0 : 0x109fa    : c_sw a3, 0(a4)             : MemWrite :  D=0x000000000000001a A=0x722c8
6351500: system.cpu: T0 : 0x109fc    : bge zero, a5, 62           : IntAlu : 
6352000: system.cpu: T0 : 0x10a00    : auipc a5, 96               : IntAlu :  D=0x0000000000070a00
6352500: system.cpu: T0 : 0x10a04    : ld a5, -336(a5)            : MemRead :  D=0x000000000007234c A=0x708b0
6353000: system.cpu: T0 : 0x10a08    : c_lw a5, 0(a5)             : MemRead :  D=0x0000000000000018 A=0x7234c
6353500: system.cpu: T0 : 0x10a0a    : c_addiw a5, -1             : IntAlu :  D=0x0000000000000017
6354000: system.cpu: T0 : 0x10a0c    : addiw a4, a5, 0            : IntAlu :  D=0x0000000000000017
6354500: system.cpu: T0 : 0x10a10    : auipc a5, 96               : IntAlu :  D=0x0000000000070a10
6355000: system.cpu: T0 : 0x10a14    : ld a5, -352(a5)            : MemRead :  D=0x000000000007234c A=0x708b0
6355500: system.cpu: T0 : 0x10a18    : c_sw a4, 0(a5)             : MemWrite :  D=0x0000000000000017 A=0x7234c
6356500: system.cpu: T0 : 0x10a1a    : auipc a5, 96               : IntAlu :  D=0x0000000000070a1a
6357500: system.cpu: T0 : 0x10a1e    : ld a5, -426(a5)            : MemRead :  D=0x0000000000071a80 A=0x70870
6358000: system.cpu: T0 : 0x10a22    : c_ld a5, 0(a5)             : MemRead :  D=0x0000000000071a62 A=0x71a80
6358500: system.cpu: T0 : 0x10a24    : addi a3, a5, 1             : IntAlu :  D=0x0000000000071a63
6359000: system.cpu: T0 : 0x10a28    : auipc a4, 96               : IntAlu :  D=0x0000000000070a28
6359500: system.cpu: T0 : 0x10a2c    : ld a4, -440(a4)            : MemRead :  D=0x0000000000071a80 A=0x70870
6360000: system.cpu: T0 : 0x10a30    : c_sd a3, 0(a4)             : MemWrite :  D=0x0000000000071a63 A=0x71a80
6361000: system.cpu: T0 : 0x10a32    : lbu a5, 0(a5)              : MemRead :  D=0x000000000000006e A=0x71a62
6361500: system.cpu: T0 : 0x10a36    : c_addiw a5, 0              : IntAlu :  D=0x000000000000006e
6362000: system.cpu: T0 : 0x10a38    : c_j 4                      : IntAlu : 
6362500: system.cpu: T0 : 0x10a3c    : c_mv a0, a5                : IntAlu :  D=0x000000000000006e
6363000: system.cpu: T0 : 0x10a3e    : c_ldsp s0, 8(sp)           : MemRead :  D=0x7ffffffffffffdd0 A=0x7ffffffffffffd78
6363500: system.cpu: T0 : 0x10a40    : c_addi sp, 16              : IntAlu :  D=0x7ffffffffffffd80
6364000: system.cpu: T0 : 0x10a42    : c_jr ra                    : IntAlu : 
6364500: system.cpu: T0 : 0x10652    : c_mv a5, a0                : IntAlu :  D=0x000000000000006e
6365000: system.cpu: T0 : 0x10654    : c_addiw a5, 0              : IntAlu :  D=0x000000000000006e
6366000: system.cpu: T0 : 0x10656    : addiw s6, a5, 0            : IntAlu :  D=0x000000000000006e
6367000: system.cpu: T0 : 0x1065a    : auipc a5, 95               : IntAlu :  D=0x000000000006f65a
6368000: system.cpu: T0 : 0x1065e    : addi a5, a5, -1578         : IntAlu :  D=0x000000000006f030
6368500: system.cpu: T0 : 0x10662    : c_ld a5, 0(a5)             : MemRead :  D=0x000000000000001a A=0x6f030
6369000: system.cpu: T0 : 0x10664    : addi a4, a5, 1             : IntAlu :  D=0x000000000000001b
6369500: system.cpu: T0 : 0x10668    : auipc a5, 95               : IntAlu :  D=0x000000000006f668
6370000: system.cpu: T0 : 0x1066c    : addi a5, a5, -1592         : IntAlu :  D=0x000000000006f030
6370500: system.cpu: T0 : 0x10670    : c_sd a4, 0(a5)             : MemWrite :  D=0x000000000000001b A=0x6f030
6371000: system.cpu: T0 : 0x10672    : c_mv a4, s6                : IntAlu :  D=0x000000000000006e
6371500: system.cpu: T0 : 0x10674    : auipc a5, 95               : IntAlu :  D=0x000000000006f674
6372000: system.cpu: T0 : 0x10678    : addi a5, a5, -1652         : IntAlu :  D=0x000000000006f000
6372500: system.cpu: T0 : 0x1067c    : c_lw a5, 0(a5)             : MemRead :  D=0x0000000000000010 A=0x6f000
6373500: system.cpu: T0 : 0x1067e    : sll a5, a4, a5             : IntAlu :  D=0x00000000006e0000
6374500: system.cpu: T0 : 0x10682    : add s2, s4, a5             : IntAlu :  D=0x00000000006e0008
6375500: system.cpu: T0 : 0x10686    : sllw a5, s6, s3            : IntAlu :  D=0x000000000000006e
6376000: system.cpu: T0 : 0x1068a    : c_addiw a5, 0              : IntAlu :  D=0x000000000000006e
6376500: system.cpu: T0 : 0x1068c    : xor s1, s4, a5             : IntAlu :  D=0x0000000000000066
6377000: system.cpu: T0 : 0x10690    : auipc a4, 96               : IntAlu :  D=0x0000000000070690
6377500: system.cpu: T0 : 0x10694    : ld a4, 496(a4)             : MemRead :  D=0x0000000000071ac0 A=0x70880
6378000: system.cpu: T0 : 0x10698    : slli a5, s1, 3             : IntAlu :  D=0x0000000000000330
6378500: system.cpu: T0 : 0x1069c    : c_add a5, a4               : IntAlu :  D=0x0000000000071df0
6379000: system.cpu: T0 : 0x1069e    : c_ld a5, 0(a5)             : MemRead :  D=0xffffffffffffffff A=0x71df0
6379500: system.cpu: T0 : 0x106a0    : bne s2, a5, 26             : IntAlu : 
6380500: system.cpu: T0 : 0x106ba    : auipc a4, 96               : IntAlu :  D=0x00000000000706ba
6381500: system.cpu: T0 : 0x106be    : ld a4, 454(a4)             : MemRead :  D=0x0000000000071ac0 A=0x70880
6382500: system.cpu: T0 : 0x106c2    : slli a5, s1, 3             : IntAlu :  D=0x0000000000000330
6383000: system.cpu: T0 : 0x106c6    : c_add a5, a4               : IntAlu :  D=0x0000000000071df0
6383500: system.cpu: T0 : 0x106c8    : c_ld a5, 0(a5)             : MemRead :  D=0xffffffffffffffff A=0x71df0
6384500: system.cpu: T0 : 0x106ca    : blt a5, zero, 132          : IntAlu : 
6385000: system.cpu: T0 : 0x1074e    : c_addi zero, 0             : IntAlu :  D=0x0000000000000000
6385500: system.cpu: T0 : 0x10750    : c_j 4                      : IntAlu : 
6386000: system.cpu: T0 : 0x10754    : addi a5, gp, -920          : IntAlu :  D=0x0000000000070d48
6386500: system.cpu: T0 : 0x10758    : c_ld a5, 0(a5)             : MemRead :  D=0x0000000000000019 A=0x70d48
6387500: system.cpu: T0 : 0x1075a    : addi a4, a5, 1             : IntAlu :  D=0x000000000000001a
6388500: system.cpu: T0 : 0x1075e    : addi a5, gp, -920          : IntAlu :  D=0x0000000000070d48
6389000: system.cpu: T0 : 0x10762    : c_sd a4, 0(a5)             : MemWrite :  D=0x000000000000001a A=0x70d48
6389500: system.cpu: T0 : 0x10764    : c_mv s4, s6                : IntAlu :  D=0x000000000000006e
6390500: system.cpu: T0 : 0x10766    : addi a5, gp, -960          : IntAlu :  D=0x0000000000070d20
6391000: system.cpu: T0 : 0x1076a    : c_ld a4, 0(a5)             : MemRead :  D=0x000000000000011a A=0x70d20
6391500: system.cpu: T0 : 0x1076c    : auipc a5, 95               : IntAlu :  D=0x000000000006f76c
6392000: system.cpu: T0 : 0x10770    : addi a5, a5, -1892         : IntAlu :  D=0x000000000006f008
6392500: system.cpu: T0 : 0x10774    : c_ld a5, 0(a5)             : MemRead :  D=0x0000000000010000 A=0x6f008
6393500: system.cpu: T0 : 0x10776    : bge a4, a5, 64             : IntAlu : 
6394500: system.cpu: T0 : 0x1077a    : addi a5, gp, -960          : IntAlu :  D=0x0000000000070d20
6395000: system.cpu: T0 : 0x1077e    : c_ld a5, 0(a5)             : MemRead :  D=0x000000000000011a A=0x70d20
6395500: system.cpu: T0 : 0x10780    : addi a3, a5, 1             : IntAlu :  D=0x000000000000011b
6396000: system.cpu: T0 : 0x10784    : addi a4, gp, -960          : IntAlu :  D=0x0000000000070d20
6396500: system.cpu: T0 : 0x10788    : c_sd a3, 0(a4)             : MemWrite :  D=0x000000000000011b A=0x70d20
6397500: system.cpu: T0 : 0x1078a    : slli a4, a5, 48            : IntAlu :  D=0x011a000000000000
6398000: system.cpu: T0 : 0x1078e    : c_srli a4, 48              : IntAlu :  D=0x000000000000011a
6398500: system.cpu: T0 : 0x10790    : auipc a3, 96               : IntAlu :  D=0x0000000000070790
6399000: system.cpu: T0 : 0x10794    : ld a3, 296(a3)             : MemRead :  D=0x0000000000072350 A=0x708b8
6399500: system.cpu: T0 : 0x10798    : slli a5, s1, 1             : IntAlu :  D=0x00000000000000cc
6400000: system.cpu: T0 : 0x1079c    : c_add a5, a3               : IntAlu :  D=0x000000000007241c
6401000: system.cpu: T0 : 0x1079e    : sh a4, 0(a5)               : MemWrite :  D=0x000000000000011a A=0x7241c
6402000: system.cpu: T0 : 0x107a2    : auipc a4, 96               : IntAlu :  D=0x00000000000707a2
6403000: system.cpu: T0 : 0x107a6    : ld a4, 222(a4)             : MemRead :  D=0x0000000000071ac0 A=0x70880
6404000: system.cpu: T0 : 0x107aa    : slli a5, s1, 3             : IntAlu :  D=0x0000000000000330
6404500: system.cpu: T0 : 0x107ae    : c_add a5, a4               : IntAlu :  D=0x0000000000071df0
6405000: system.cpu: T0 : 0x107b0    : sd s2, 0(a5)               : MemWrite :  D=0x00000000006e0008 A=0x71df0
6405500: system.cpu: T0 : 0x107b4    : c_j 42                     : IntAlu : 
6406500: system.cpu: T0 : 0x107de    : auipc a5, 96               : IntAlu :  D=0x00000000000707de
6407500: system.cpu: T0 : 0x107e2    : ld a5, 210(a5)             : MemRead :  D=0x000000000007234c A=0x708b0
6408000: system.cpu: T0 : 0x107e6    : c_lw a5, 0(a5)             : MemRead :  D=0x0000000000000017 A=0x7234c
6408500: system.cpu: T0 : 0x107e8    : blt zero, a5, -414         : IntAlu : 
6409500: system.cpu: T0 : 0x1064a    : sw zero, -68(s0)           : MemWrite :  D=0x0000000000000000 A=0x7ffffffffffffd8c
6410500: system.cpu: T0 : 0x1064e    : jal ra, 894                : IntAlu :  D=0x0000000000010652
6411000: system.cpu: T0 : 0x109cc    : c_addi sp, -16             : IntAlu :  D=0x7ffffffffffffd70
6411500: system.cpu: T0 : 0x109ce    : c_sdsp s0, 8(sp)           : MemWrite :  D=0x7ffffffffffffdd0 A=0x7ffffffffffffd78
6412000: system.cpu: T0 : 0x109d0    : c_addi4spn s0, sp, 16      : IntAlu :  D=0x7ffffffffffffd80
6413000: system.cpu: T0 : 0x109d2    : auipc a5, 96               : IntAlu :  D=0x00000000000709d2
6414000: system.cpu: T0 : 0x109d6    : ld a5, -290(a5)            : MemRead :  D=0x000000000007234c A=0x708b0
6414500: system.cpu: T0 : 0x109da    : c_lw a5, 0(a5)             : MemRead :  D=0x0000000000000017 A=0x7234c
6415000: system.cpu: T0 : 0x109dc    : bge zero, a5, 94           : IntAlu : 
6415500: system.cpu: T0 : 0x109e0    : auipc a5, 96               : IntAlu :  D=0x00000000000709e0
6416000: system.cpu: T0 : 0x109e4    : ld a5, -344(a5)            : MemRead :  D=0x00000000000722c8 A=0x70888
6416500: system.cpu: T0 : 0x109e8    : c_lw a5, 0(a5)             : MemRead :  D=0x000000000000001a A=0x722c8
6417500: system.cpu: T0 : 0x109ea    : addiw a4, a5, -1           : IntAlu :  D=0x0000000000000019
6418500: system.cpu: T0 : 0x109ee    : addiw a3, a4, 0            : IntAlu :  D=0x0000000000000019
6419500: system.cpu: T0 : 0x109f2    : auipc a4, 96               : IntAlu :  D=0x00000000000709f2
6420500: system.cpu: T0 : 0x109f6    : ld a4, -362(a4)            : MemRead :  D=0x00000000000722c8 A=0x70888
6421000: system.cpu: T0 : 0x109fa    : c_sw a3, 0(a4)             : MemWrite :  D=0x0000000000000019 A=0x722c8
6421500: system.cpu: T0 : 0x109fc    : bge zero, a5, 62           : IntAlu : 
6422000: system.cpu: T0 : 0x10a00    : auipc a5, 96               : IntAlu :  D=0x0000000000070a00
6422500: system.cpu: T0 : 0x10a04    : ld a5, -336(a5)            : MemRead :  D=0x000000000007234c A=0x708b0
6423000: system.cpu: T0 : 0x10a08    : c_lw a5, 0(a5)             : MemRead :  D=0x0000000000000017 A=0x7234c
6423500: system.cpu: T0 : 0x10a0a    : c_addiw a5, -1             : IntAlu :  D=0x0000000000000016
6424000: system.cpu: T0 : 0x10a0c    : addiw a4, a5, 0            : IntAlu :  D=0x0000000000000016
6424500: system.cpu: T0 : 0x10a10    : auipc a5, 96               : IntAlu :  D=0x0000000000070a10
6425000: system.cpu: T0 : 0x10a14    : ld a5, -352(a5)            : MemRead :  D=0x000000000007234c A=0x708b0
6425500: system.cpu: T0 : 0x10a18    : c_sw a4, 0(a5)             : MemWrite :  D=0x0000000000000016 A=0x7234c
6426500: system.cpu: T0 : 0x10a1a    : auipc a5, 96               : IntAlu :  D=0x0000000000070a1a
6427500: system.cpu: T0 : 0x10a1e    : ld a5, -426(a5)            : MemRead :  D=0x0000000000071a80 A=0x70870
6428000: system.cpu: T0 : 0x10a22    : c_ld a5, 0(a5)             : MemRead :  D=0x0000000000071a63 A=0x71a80
6428500: system.cpu: T0 : 0x10a24    : addi a3, a5, 1             : IntAlu :  D=0x0000000000071a64
6429000: system.cpu: T0 : 0x10a28    : auipc a4, 96               : IntAlu :  D=0x0000000000070a28
6429500: system.cpu: T0 : 0x10a2c    : ld a4, -440(a4)            : MemRead :  D=0x0000000000071a80 A=0x70870
6430000: system.cpu: T0 : 0x10a30    : c_sd a3, 0(a4)             : MemWrite :  D=0x0000000000071a64 A=0x71a80
6431000: system.cpu: T0 : 0x10a32    : lbu a5, 0(a5)              : MemRead :  D=0x00000000000000cd A=0x71a63
6431500: system.cpu: T0 : 0x10a36    : c_addiw a5, 0              : IntAlu :  D=0x00000000000000cd
6432000: system.cpu: T0 : 0x10a38    : c_j 4                      : IntAlu : 
6432500: system.cpu: T0 : 0x10a3c    : c_mv a0, a5                : IntAlu :  D=0x00000000000000cd
6433000: system.cpu: T0 : 0x10a3e    : c_ldsp s0, 8(sp)           : MemRead :  D=0x7ffffffffffffdd0 A=0x7ffffffffffffd78
6433500: system.cpu: T0 : 0x10a40    : c_addi sp, 16              : IntAlu :  D=0x7ffffffffffffd80
6434000: system.cpu: T0 : 0x10a42    : c_jr ra                    : IntAlu : 
6434500: system.cpu: T0 : 0x10652    : c_mv a5, a0                : IntAlu :  D=0x00000000000000cd
6435000: system.cpu: T0 : 0x10654    : c_addiw a5, 0              : IntAlu :  D=0x00000000000000cd
6436000: system.cpu: T0 : 0x10656    : addiw s6, a5, 0            : IntAlu :  D=0x00000000000000cd
6437000: system.cpu: T0 : 0x1065a    : auipc a5, 95               : IntAlu :  D=0x000000000006f65a
6438000: system.cpu: T0 : 0x1065e    : addi a5, a5, -1578         : IntAlu :  D=0x000000000006f030
6438500: system.cpu: T0 : 0x10662    : c_ld a5, 0(a5)             : MemRead :  D=0x000000000000001b A=0x6f030
6439000: system.cpu: T0 : 0x10664    : addi a4, a5, 1             : IntAlu :  D=0x000000000000001c
6439500: system.cpu: T0 : 0x10668    : auipc a5, 95               : IntAlu :  D=0x000000000006f668
6440000: system.cpu: T0 : 0x1066c    : addi a5, a5, -1592         : IntAlu :  D=0x000000000006f030
6440500: system.cpu: T0 : 0x10670    : c_sd a4, 0(a5)             : MemWrite :  D=0x000000000000001c A=0x6f030
6441000: system.cpu: T0 : 0x10672    : c_mv a4, s6                : IntAlu :  D=0x00000000000000cd
6441500: system.cpu: T0 : 0x10674    : auipc a5, 95               : IntAlu :  D=0x000000000006f674
6442000: system.cpu: T0 : 0x10678    : addi a5, a5, -1652         : IntAlu :  D=0x000000000006f000
6442500: system.cpu: T0 : 0x1067c    : c_lw a5, 0(a5)             : MemRead :  D=0x0000000000000010 A=0x6f000
6443500: system.cpu: T0 : 0x1067e    : sll a5, a4, a5             : IntAlu :  D=0x0000000000cd0000
6444500: system.cpu: T0 : 0x10682    : add s2, s4, a5             : IntAlu :  D=0x0000000000cd006e
6445500: system.cpu: T0 : 0x10686    : sllw a5, s6, s3            : IntAlu :  D=0x00000000000000cd
6446000: system.cpu: T0 : 0x1068a    : c_addiw a5, 0              : IntAlu :  D=0x00000000000000cd
6446500: system.cpu: T0 : 0x1068c    : xor s1, s4, a5             : IntAlu :  D=0x00000000000000a3
6447000: system.cpu: T0 : 0x10690    : auipc a4, 96               : IntAlu :  D=0x0000000000070690
6447500: system.cpu: T0 : 0x10694    : ld a4, 496(a4)             : MemRead :  D=0x0000000000071ac0 A=0x70880
6448000: system.cpu: T0 : 0x10698    : slli a5, s1, 3             : IntAlu :  D=0x0000000000000518
6448500: system.cpu: T0 : 0x1069c    : c_add a5, a4               : IntAlu :  D=0x0000000000071fd8
6449000: system.cpu: T0 : 0x1069e    : c_ld a5, 0(a5)             : MemRead :  D=0xffffffffffffffff A=0x71fd8
6449500: system.cpu: T0 : 0x106a0    : bne s2, a5, 26             : IntAlu : 
6450500: system.cpu: T0 : 0x106ba    : auipc a4, 96               : IntAlu :  D=0x00000000000706ba
6451500: system.cpu: T0 : 0x106be    : ld a4, 454(a4)             : MemRead :  D=0x0000000000071ac0 A=0x70880
6452500: system.cpu: T0 : 0x106c2    : slli a5, s1, 3             : IntAlu :  D=0x0000000000000518
6453000: system.cpu: T0 : 0x106c6    : c_add a5, a4               : IntAlu :  D=0x0000000000071fd8
6453500: system.cpu: T0 : 0x106c8    : c_ld a5, 0(a5)             : MemRead :  D=0xffffffffffffffff A=0x71fd8
6454500: system.cpu: T0 : 0x106ca    : blt a5, zero, 132          : IntAlu : 
6455000: system.cpu: T0 : 0x1074e    : c_addi zero, 0             : IntAlu :  D=0x0000000000000000
6455500: system.cpu: T0 : 0x10750    : c_j 4                      : IntAlu : 
6456000: system.cpu: T0 : 0x10754    : addi a5, gp, -920          : IntAlu :  D=0x0000000000070d48
6456500: system.cpu: T0 : 0x10758    : c_ld a5, 0(a5)             : MemRead :  D=0x000000000000001a A=0x70d48
6457500: system.cpu: T0 : 0x1075a    : addi a4, a5, 1             : IntAlu :  D=0x000000000000001b
6458500: system.cpu: T0 : 0x1075e    : addi a5, gp, -920          : IntAlu :  D=0x0000000000070d48
6459000: system.cpu: T0 : 0x10762    : c_sd a4, 0(a5)             : MemWrite :  D=0x000000000000001b A=0x70d48
6459500: system.cpu: T0 : 0x10764    : c_mv s4, s6                : IntAlu :  D=0x00000000000000cd
6460500: system.cpu: T0 : 0x10766    : addi a5, gp, -960          : IntAlu :  D=0x0000000000070d20
6461000: system.cpu: T0 : 0x1076a    : c_ld a4, 0(a5)             : MemRead :  D=0x000000000000011b A=0x70d20
6461500: system.cpu: T0 : 0x1076c    : auipc a5, 95               : IntAlu :  D=0x000000000006f76c
6462000: system.cpu: T0 : 0x10770    : addi a5, a5, -1892         : IntAlu :  D=0x000000000006f008
6462500: system.cpu: T0 : 0x10774    : c_ld a5, 0(a5)             : MemRead :  D=0x0000000000010000 A=0x6f008
6463500: system.cpu: T0 : 0x10776    : bge a4, a5, 64             : IntAlu : 
6464500: system.cpu: T0 : 0x1077a    : addi a5, gp, -960          : IntAlu :  D=0x0000000000070d20
6465000: system.cpu: T0 : 0x1077e    : c_ld a5, 0(a5)             : MemRead :  D=0x000000000000011b A=0x70d20
6465500: system.cpu: T0 : 0x10780    : addi a3, a5, 1             : IntAlu :  D=0x000000000000011c
6466000: system.cpu: T0 : 0x10784    : addi a4, gp, -960          : IntAlu :  D=0x0000000000070d20
6466500: system.cpu: T0 : 0x10788    : c_sd a3, 0(a4)             : MemWrite :  D=0x000000000000011c A=0x70d20
6467500: system.cpu: T0 : 0x1078a    : slli a4, a5, 48            : IntAlu :  D=0x011b000000000000
6468000: system.cpu: T0 : 0x1078e    : c_srli a4, 48              : IntAlu :  D=0x000000000000011b
6468500: system.cpu: T0 : 0x10790    : auipc a3, 96               : IntAlu :  D=0x0000000000070790
6469000: system.cpu: T0 : 0x10794    : ld a3, 296(a3)             : MemRead :  D=0x0000000000072350 A=0x708b8
6469500: system.cpu: T0 : 0x10798    : slli a5, s1, 1             : IntAlu :  D=0x0000000000000146
6470000: system.cpu: T0 : 0x1079c    : c_add a5, a3               : IntAlu :  D=0x0000000000072496
6471000: system.cpu: T0 : 0x1079e    : sh a4, 0(a5)               : MemWrite :  D=0x000000000000011b A=0x72496
6472000: system.cpu: T0 : 0x107a2    : auipc a4, 96               : IntAlu :  D=0x00000000000707a2
6473000: system.cpu: T0 : 0x107a6    : ld a4, 222(a4)             : MemRead :  D=0x0000000000071ac0 A=0x70880
6474000: system.cpu: T0 : 0x107aa    : slli a5, s1, 3             : IntAlu :  D=0x0000000000000518
6474500: system.cpu: T0 : 0x107ae    : c_add a5, a4               : IntAlu :  D=0x0000000000071fd8
6475000: system.cpu: T0 : 0x107b0    : sd s2, 0(a5)               : MemWrite :  D=0x0000000000cd006e A=0x71fd8
6475500: system.cpu: T0 : 0x107b4    : c_j 42                     : IntAlu : 
6476500: system.cpu: T0 : 0x107de    : auipc a5, 96               : IntAlu :  D=0x00000000000707de
6477500: system.cpu: T0 : 0x107e2    : ld a5, 210(a5)             : MemRead :  D=0x000000000007234c A=0x708b0
6478000: system.cpu: T0 : 0x107e6    : c_lw a5, 0(a5)             : MemRead :  D=0x0000000000000016 A=0x7234c
6478500: system.cpu: T0 : 0x107e8    : blt zero, a5, -414         : IntAlu : 
6479500: system.cpu: T0 : 0x1064a    : sw zero, -68(s0)           : MemWrite :  D=0x0000000000000000 A=0x7ffffffffffffd8c
6480500: system.cpu: T0 : 0x1064e    : jal ra, 894                : IntAlu :  D=0x0000000000010652
6481000: system.cpu: T0 : 0x109cc    : c_addi sp, -16             : IntAlu :  D=0x7ffffffffffffd70
6481500: system.cpu: T0 : 0x109ce    : c_sdsp s0, 8(sp)           : MemWrite :  D=0x7ffffffffffffdd0 A=0x7ffffffffffffd78
6482000: system.cpu: T0 : 0x109d0    : c_addi4spn s0, sp, 16      : IntAlu :  D=0x7ffffffffffffd80
6483000: system.cpu: T0 : 0x109d2    : auipc a5, 96               : IntAlu :  D=0x00000000000709d2
6484000: system.cpu: T0 : 0x109d6    : ld a5, -290(a5)            : MemRead :  D=0x000000000007234c A=0x708b0
6484500: system.cpu: T0 : 0x109da    : c_lw a5, 0(a5)             : MemRead :  D=0x0000000000000016 A=0x7234c
6485000: system.cpu: T0 : 0x109dc    : bge zero, a5, 94           : IntAlu : 
6485500: system.cpu: T0 : 0x109e0    : auipc a5, 96               : IntAlu :  D=0x00000000000709e0
6486000: system.cpu: T0 : 0x109e4    : ld a5, -344(a5)            : MemRead :  D=0x00000000000722c8 A=0x70888
6486500: system.cpu: T0 : 0x109e8    : c_lw a5, 0(a5)             : MemRead :  D=0x0000000000000019 A=0x722c8
6487500: system.cpu: T0 : 0x109ea    : addiw a4, a5, -1           : IntAlu :  D=0x0000000000000018
6488500: system.cpu: T0 : 0x109ee    : addiw a3, a4, 0            : IntAlu :  D=0x0000000000000018
6489500: system.cpu: T0 : 0x109f2    : auipc a4, 96               : IntAlu :  D=0x00000000000709f2
6490500: system.cpu: T0 : 0x109f6    : ld a4, -362(a4)            : MemRead :  D=0x00000000000722c8 A=0x70888
6491000: system.cpu: T0 : 0x109fa    : c_sw a3, 0(a4)             : MemWrite :  D=0x0000000000000018 A=0x722c8
6491500: system.cpu: T0 : 0x109fc    : bge zero, a5, 62           : IntAlu : 
6492000: system.cpu: T0 : 0x10a00    : auipc a5, 96               : IntAlu :  D=0x0000000000070a00
6492500: system.cpu: T0 : 0x10a04    : ld a5, -336(a5)            : MemRead :  D=0x000000000007234c A=0x708b0
6493000: system.cpu: T0 : 0x10a08    : c_lw a5, 0(a5)             : MemRead :  D=0x0000000000000016 A=0x7234c
6493500: system.cpu: T0 : 0x10a0a    : c_addiw a5, -1             : IntAlu :  D=0x0000000000000015
6494000: system.cpu: T0 : 0x10a0c    : addiw a4, a5, 0            : IntAlu :  D=0x0000000000000015
6494500: system.cpu: T0 : 0x10a10    : auipc a5, 96               : IntAlu :  D=0x0000000000070a10
6495000: system.cpu: T0 : 0x10a14    : ld a5, -352(a5)            : MemRead :  D=0x000000000007234c A=0x708b0
6495500: system.cpu: T0 : 0x10a18    : c_sw a4, 0(a5)             : MemWrite :  D=0x0000000000000015 A=0x7234c
6496500: system.cpu: T0 : 0x10a1a    : auipc a5, 96               : IntAlu :  D=0x0000000000070a1a
6497500: system.cpu: T0 : 0x10a1e    : ld a5, -426(a5)            : MemRead :  D=0x0000000000071a80 A=0x70870
6498000: system.cpu: T0 : 0x10a22    : c_ld a5, 0(a5)             : MemRead :  D=0x0000000000071a64 A=0x71a80
6498500: system.cpu: T0 : 0x10a24    : addi a3, a5, 1             : IntAlu :  D=0x0000000000071a65
6499000: system.cpu: T0 : 0x10a28    : auipc a4, 96               : IntAlu :  D=0x0000000000070a28
6499500: system.cpu: T0 : 0x10a2c    : ld a4, -440(a4)            : MemRead :  D=0x0000000000071a80 A=0x70870
6500000: system.cpu: T0 : 0x10a30    : c_sd a3, 0(a4)             : MemWrite :  D=0x0000000000071a65 A=0x71a80
6501000: system.cpu: T0 : 0x10a32    : lbu a5, 0(a5)              : MemRead :  D=0x0000000000000042 A=0x71a64
6501500: system.cpu: T0 : 0x10a36    : c_addiw a5, 0              : IntAlu :  D=0x0000000000000042
6502000: system.cpu: T0 : 0x10a38    : c_j 4                      : IntAlu : 
6502500: system.cpu: T0 : 0x10a3c    : c_mv a0, a5                : IntAlu :  D=0x0000000000000042
6503000: system.cpu: T0 : 0x10a3e    : c_ldsp s0, 8(sp)           : MemRead :  D=0x7ffffffffffffdd0 A=0x7ffffffffffffd78
6503500: system.cpu: T0 : 0x10a40    : c_addi sp, 16              : IntAlu :  D=0x7ffffffffffffd80
6504000: system.cpu: T0 : 0x10a42    : c_jr ra                    : IntAlu : 
6504500: system.cpu: T0 : 0x10652    : c_mv a5, a0                : IntAlu :  D=0x0000000000000042
6505000: system.cpu: T0 : 0x10654    : c_addiw a5, 0              : IntAlu :  D=0x0000000000000042
6506000: system.cpu: T0 : 0x10656    : addiw s6, a5, 0            : IntAlu :  D=0x0000000000000042
6507000: system.cpu: T0 : 0x1065a    : auipc a5, 95               : IntAlu :  D=0x000000000006f65a
6508000: system.cpu: T0 : 0x1065e    : addi a5, a5, -1578         : IntAlu :  D=0x000000000006f030
6508500: system.cpu: T0 : 0x10662    : c_ld a5, 0(a5)             : MemRead :  D=0x000000000000001c A=0x6f030
6509000: system.cpu: T0 : 0x10664    : addi a4, a5, 1             : IntAlu :  D=0x000000000000001d
6509500: system.cpu: T0 : 0x10668    : auipc a5, 95               : IntAlu :  D=0x000000000006f668
6510000: system.cpu: T0 : 0x1066c    : addi a5, a5, -1592         : IntAlu :  D=0x000000000006f030
6510500: system.cpu: T0 : 0x10670    : c_sd a4, 0(a5)             : MemWrite :  D=0x000000000000001d A=0x6f030
6511000: system.cpu: T0 : 0x10672    : c_mv a4, s6                : IntAlu :  D=0x0000000000000042
6511500: system.cpu: T0 : 0x10674    : auipc a5, 95               : IntAlu :  D=0x000000000006f674
6512000: system.cpu: T0 : 0x10678    : addi a5, a5, -1652         : IntAlu :  D=0x000000000006f000
6512500: system.cpu: T0 : 0x1067c    : c_lw a5, 0(a5)             : MemRead :  D=0x0000000000000010 A=0x6f000
6513500: system.cpu: T0 : 0x1067e    : sll a5, a4, a5             : IntAlu :  D=0x0000000000420000
6514500: system.cpu: T0 : 0x10682    : add s2, s4, a5             : IntAlu :  D=0x00000000004200cd
6515500: system.cpu: T0 : 0x10686    : sllw a5, s6, s3            : IntAlu :  D=0x0000000000000042
6516000: system.cpu: T0 : 0x1068a    : c_addiw a5, 0              : IntAlu :  D=0x0000000000000042
6516500: system.cpu: T0 : 0x1068c    : xor s1, s4, a5             : IntAlu :  D=0x000000000000008f
6517000: system.cpu: T0 : 0x10690    : auipc a4, 96               : IntAlu :  D=0x0000000000070690
6517500: system.cpu: T0 : 0x10694    : ld a4, 496(a4)             : MemRead :  D=0x0000000000071ac0 A=0x70880
6518000: system.cpu: T0 : 0x10698    : slli a5, s1, 3             : IntAlu :  D=0x0000000000000478
6518500: system.cpu: T0 : 0x1069c    : c_add a5, a4               : IntAlu :  D=0x0000000000071f38
6519000: system.cpu: T0 : 0x1069e    : c_ld a5, 0(a5)             : MemRead :  D=0x00000000002700a8 A=0x71f38
6519500: system.cpu: T0 : 0x106a0    : bne s2, a5, 26             : IntAlu : 
6520500: system.cpu: T0 : 0x106ba    : auipc a4, 96               : IntAlu :  D=0x00000000000706ba
6521500: system.cpu: T0 : 0x106be    : ld a4, 454(a4)             : MemRead :  D=0x0000000000071ac0 A=0x70880
6522500: system.cpu: T0 : 0x106c2    : slli a5, s1, 3             : IntAlu :  D=0x0000000000000478
6523000: system.cpu: T0 : 0x106c6    : c_add a5, a4               : IntAlu :  D=0x0000000000071f38
6523500: system.cpu: T0 : 0x106c8    : c_ld a5, 0(a5)             : MemRead :  D=0x00000000002700a8 A=0x71f38
6524500: system.cpu: T0 : 0x106ca    : blt a5, zero, 132          : IntAlu : 
6525500: system.cpu: T0 : 0x106ce    : addiw a4, s5, 0            : IntAlu :  D=0x0000000000000101
6526500: system.cpu: T0 : 0x106d2    : addiw a5, s1, 0            : IntAlu :  D=0x000000000000008f
6527500: system.cpu: T0 : 0x106d6    : subw a5, a4, a5            : IntAlu :  D=0x0000000000000072
6528000: system.cpu: T0 : 0x106da    : c_addiw a5, 0              : IntAlu :  D=0x0000000000000072
6528500: system.cpu: T0 : 0x106dc    : addiw s4, a5, 0            : IntAlu :  D=0x0000000000000072
6529000: system.cpu: T0 : 0x106e0    : c_bnez s1, 6               : IntAlu : 
6529500: system.cpu: T0 : 0x106e6    : c_addi zero, 0             : IntAlu :  D=0x0000000000000000
6530000: system.cpu: T0 : 0x106e8    : c_mv a5, s4                : IntAlu :  D=0x0000000000000072
6530500: system.cpu: T0 : 0x106ea    : c_sub s1, a5               : IntAlu :  D=0x000000000000001d
6531000: system.cpu: T0 : 0x106ec    : bge s1, zero, 6            : IntAlu : 
6532000: system.cpu: T0 : 0x106f2    : auipc a4, 96               : IntAlu :  D=0x00000000000706f2
6533000: system.cpu: T0 : 0x106f6    : ld a4, 398(a4)             : MemRead :  D=0x0000000000071ac0 A=0x70880
6534000: system.cpu: T0 : 0x106fa    : slli a5, s1, 3             : IntAlu :  D=0x00000000000000e8
6534500: system.cpu: T0 : 0x106fe    : c_add a5, a4               : IntAlu :  D=0x0000000000071ba8
6535000: system.cpu: T0 : 0x10700    : c_ld a5, 0(a5)             : MemRead :  D=0xffffffffffffffff A=0x71ba8
6536000: system.cpu: T0 : 0x10702    : bne s2, a5, 26             : IntAlu : 
6536500: system.cpu: T0 : 0x1071c    : auipc a4, 96               : IntAlu :  D=0x000000000007071c
6537000: system.cpu: T0 : 0x10720    : ld a4, 356(a4)             : MemRead :  D=0x0000000000071ac0 A=0x70880
6537500: system.cpu: T0 : 0x10724    : slli a5, s1, 3             : IntAlu :  D=0x00000000000000e8
6538000: system.cpu: T0 : 0x10728    : c_add a5, a4               : IntAlu :  D=0x0000000000071ba8
6538500: system.cpu: T0 : 0x1072a    : c_ld a5, 0(a5)             : MemRead :  D=0xffffffffffffffff A=0x71ba8
6539000: system.cpu: T0 : 0x1072c    : bge zero, a5, 38           : IntAlu : 
6539500: system.cpu: T0 : 0x10752    : c_addi zero, 0             : IntAlu :  D=0x0000000000000000
6540000: system.cpu: T0 : 0x10754    : addi a5, gp, -920          : IntAlu :  D=0x0000000000070d48
6540500: system.cpu: T0 : 0x10758    : c_ld a5, 0(a5)             : MemRead :  D=0x000000000000001b A=0x70d48
6541500: system.cpu: T0 : 0x1075a    : addi a4, a5, 1             : IntAlu :  D=0x000000000000001c
6542500: system.cpu: T0 : 0x1075e    : addi a5, gp, -920          : IntAlu :  D=0x0000000000070d48
6543000: system.cpu: T0 : 0x10762    : c_sd a4, 0(a5)             : MemWrite :  D=0x000000000000001c A=0x70d48
6543500: system.cpu: T0 : 0x10764    : c_mv s4, s6                : IntAlu :  D=0x0000000000000042
6544500: system.cpu: T0 : 0x10766    : addi a5, gp, -960          : IntAlu :  D=0x0000000000070d20
6545000: system.cpu: T0 : 0x1076a    : c_ld a4, 0(a5)             : MemRead :  D=0x000000000000011c A=0x70d20
6545500: system.cpu: T0 : 0x1076c    : auipc a5, 95               : IntAlu :  D=0x000000000006f76c
6546000: system.cpu: T0 : 0x10770    : addi a5, a5, -1892         : IntAlu :  D=0x000000000006f008
6546500: system.cpu: T0 : 0x10774    : c_ld a5, 0(a5)             : MemRead :  D=0x0000000000010000 A=0x6f008
6547500: system.cpu: T0 : 0x10776    : bge a4, a5, 64             : IntAlu : 
6548500: system.cpu: T0 : 0x1077a    : addi a5, gp, -960          : IntAlu :  D=0x0000000000070d20
6549000: system.cpu: T0 : 0x1077e    : c_ld a5, 0(a5)             : MemRead :  D=0x000000000000011c A=0x70d20
6549500: system.cpu: T0 : 0x10780    : addi a3, a5, 1             : IntAlu :  D=0x000000000000011d
6550000: system.cpu: T0 : 0x10784    : addi a4, gp, -960          : IntAlu :  D=0x0000000000070d20
6550500: system.cpu: T0 : 0x10788    : c_sd a3, 0(a4)             : MemWrite :  D=0x000000000000011d A=0x70d20
6551500: system.cpu: T0 : 0x1078a    : slli a4, a5, 48            : IntAlu :  D=0x011c000000000000
6552000: system.cpu: T0 : 0x1078e    : c_srli a4, 48              : IntAlu :  D=0x000000000000011c
6552500: system.cpu: T0 : 0x10790    : auipc a3, 96               : IntAlu :  D=0x0000000000070790
6553000: system.cpu: T0 : 0x10794    : ld a3, 296(a3)             : MemRead :  D=0x0000000000072350 A=0x708b8
6553500: system.cpu: T0 : 0x10798    : slli a5, s1, 1             : IntAlu :  D=0x000000000000003a
6554000: system.cpu: T0 : 0x1079c    : c_add a5, a3               : IntAlu :  D=0x000000000007238a
6555000: system.cpu: T0 : 0x1079e    : sh a4, 0(a5)               : MemWrite :  D=0x000000000000011c A=0x7238a
6556000: system.cpu: T0 : 0x107a2    : auipc a4, 96               : IntAlu :  D=0x00000000000707a2
6557000: system.cpu: T0 : 0x107a6    : ld a4, 222(a4)             : MemRead :  D=0x0000000000071ac0 A=0x70880
6558000: system.cpu: T0 : 0x107aa    : slli a5, s1, 3             : IntAlu :  D=0x00000000000000e8
6558500: system.cpu: T0 : 0x107ae    : c_add a5, a4               : IntAlu :  D=0x0000000000071ba8
6559000: system.cpu: T0 : 0x107b0    : sd s2, 0(a5)               : MemWrite :  D=0x00000000004200cd A=0x71ba8
6559500: system.cpu: T0 : 0x107b4    : c_j 42                     : IntAlu : 
6560500: system.cpu: T0 : 0x107de    : auipc a5, 96               : IntAlu :  D=0x00000000000707de
6561500: system.cpu: T0 : 0x107e2    : ld a5, 210(a5)             : MemRead :  D=0x000000000007234c A=0x708b0
6562000: system.cpu: T0 : 0x107e6    : c_lw a5, 0(a5)             : MemRead :  D=0x0000000000000015 A=0x7234c
6562500: system.cpu: T0 : 0x107e8    : blt zero, a5, -414         : IntAlu : 
6563500: system.cpu: T0 : 0x1064a    : sw zero, -68(s0)           : MemWrite :  D=0x0000000000000000 A=0x7ffffffffffffd8c
6564500: system.cpu: T0 : 0x1064e    : jal ra, 894                : IntAlu :  D=0x0000000000010652
6565000: system.cpu: T0 : 0x109cc    : c_addi sp, -16             : IntAlu :  D=0x7ffffffffffffd70
6565500: system.cpu: T0 : 0x109ce    : c_sdsp s0, 8(sp)           : MemWrite :  D=0x7ffffffffffffdd0 A=0x7ffffffffffffd78
6566000: system.cpu: T0 : 0x109d0    : c_addi4spn s0, sp, 16      : IntAlu :  D=0x7ffffffffffffd80
6567000: system.cpu: T0 : 0x109d2    : auipc a5, 96               : IntAlu :  D=0x00000000000709d2
6568000: system.cpu: T0 : 0x109d6    : ld a5, -290(a5)            : MemRead :  D=0x000000000007234c A=0x708b0
6568500: system.cpu: T0 : 0x109da    : c_lw a5, 0(a5)             : MemRead :  D=0x0000000000000015 A=0x7234c
6569000: system.cpu: T0 : 0x109dc    : bge zero, a5, 94           : IntAlu : 
6569500: system.cpu: T0 : 0x109e0    : auipc a5, 96               : IntAlu :  D=0x00000000000709e0
6570000: system.cpu: T0 : 0x109e4    : ld a5, -344(a5)            : MemRead :  D=0x00000000000722c8 A=0x70888
6570500: system.cpu: T0 : 0x109e8    : c_lw a5, 0(a5)             : MemRead :  D=0x0000000000000018 A=0x722c8
6571500: system.cpu: T0 : 0x109ea    : addiw a4, a5, -1           : IntAlu :  D=0x0000000000000017
6572500: system.cpu: T0 : 0x109ee    : addiw a3, a4, 0            : IntAlu :  D=0x0000000000000017
6573500: system.cpu: T0 : 0x109f2    : auipc a4, 96               : IntAlu :  D=0x00000000000709f2
6574500: system.cpu: T0 : 0x109f6    : ld a4, -362(a4)            : MemRead :  D=0x00000000000722c8 A=0x70888
6575000: system.cpu: T0 : 0x109fa    : c_sw a3, 0(a4)             : MemWrite :  D=0x0000000000000017 A=0x722c8
6575500: system.cpu: T0 : 0x109fc    : bge zero, a5, 62           : IntAlu : 
6576000: system.cpu: T0 : 0x10a00    : auipc a5, 96               : IntAlu :  D=0x0000000000070a00
6576500: system.cpu: T0 : 0x10a04    : ld a5, -336(a5)            : MemRead :  D=0x000000000007234c A=0x708b0
6577000: system.cpu: T0 : 0x10a08    : c_lw a5, 0(a5)             : MemRead :  D=0x0000000000000015 A=0x7234c
6577500: system.cpu: T0 : 0x10a0a    : c_addiw a5, -1             : IntAlu :  D=0x0000000000000014
6578000: system.cpu: T0 : 0x10a0c    : addiw a4, a5, 0            : IntAlu :  D=0x0000000000000014
6578500: system.cpu: T0 : 0x10a10    : auipc a5, 96               : IntAlu :  D=0x0000000000070a10
6579000: system.cpu: T0 : 0x10a14    : ld a5, -352(a5)            : MemRead :  D=0x000000000007234c A=0x708b0
6579500: system.cpu: T0 : 0x10a18    : c_sw a4, 0(a5)             : MemWrite :  D=0x0000000000000014 A=0x7234c
6580500: system.cpu: T0 : 0x10a1a    : auipc a5, 96               : IntAlu :  D=0x0000000000070a1a
6581500: system.cpu: T0 : 0x10a1e    : ld a5, -426(a5)            : MemRead :  D=0x0000000000071a80 A=0x70870
6582000: system.cpu: T0 : 0x10a22    : c_ld a5, 0(a5)             : MemRead :  D=0x0000000000071a65 A=0x71a80
6582500: system.cpu: T0 : 0x10a24    : addi a3, a5, 1             : IntAlu :  D=0x0000000000071a66
6583000: system.cpu: T0 : 0x10a28    : auipc a4, 96               : IntAlu :  D=0x0000000000070a28
6583500: system.cpu: T0 : 0x10a2c    : ld a4, -440(a4)            : MemRead :  D=0x0000000000071a80 A=0x70870
6584000: system.cpu: T0 : 0x10a30    : c_sd a3, 0(a4)             : MemWrite :  D=0x0000000000071a66 A=0x71a80
6585000: system.cpu: T0 : 0x10a32    : lbu a5, 0(a5)              : MemRead :  D=0x000000000000005c A=0x71a65
6585500: system.cpu: T0 : 0x10a36    : c_addiw a5, 0              : IntAlu :  D=0x000000000000005c
6586000: system.cpu: T0 : 0x10a38    : c_j 4                      : IntAlu : 
6586500: system.cpu: T0 : 0x10a3c    : c_mv a0, a5                : IntAlu :  D=0x000000000000005c
6587000: system.cpu: T0 : 0x10a3e    : c_ldsp s0, 8(sp)           : MemRead :  D=0x7ffffffffffffdd0 A=0x7ffffffffffffd78
6587500: system.cpu: T0 : 0x10a40    : c_addi sp, 16              : IntAlu :  D=0x7ffffffffffffd80
6588000: system.cpu: T0 : 0x10a42    : c_jr ra                    : IntAlu : 
6588500: system.cpu: T0 : 0x10652    : c_mv a5, a0                : IntAlu :  D=0x000000000000005c
6589000: system.cpu: T0 : 0x10654    : c_addiw a5, 0              : IntAlu :  D=0x000000000000005c
6590000: system.cpu: T0 : 0x10656    : addiw s6, a5, 0            : IntAlu :  D=0x000000000000005c
6591000: system.cpu: T0 : 0x1065a    : auipc a5, 95               : IntAlu :  D=0x000000000006f65a
6592000: system.cpu: T0 : 0x1065e    : addi a5, a5, -1578         : IntAlu :  D=0x000000000006f030
6592500: system.cpu: T0 : 0x10662    : c_ld a5, 0(a5)             : MemRead :  D=0x000000000000001d A=0x6f030
6593000: system.cpu: T0 : 0x10664    : addi a4, a5, 1             : IntAlu :  D=0x000000000000001e
6593500: system.cpu: T0 : 0x10668    : auipc a5, 95               : IntAlu :  D=0x000000000006f668
6594000: system.cpu: T0 : 0x1066c    : addi a5, a5, -1592         : IntAlu :  D=0x000000000006f030
6594500: system.cpu: T0 : 0x10670    : c_sd a4, 0(a5)             : MemWrite :  D=0x000000000000001e A=0x6f030
6595000: system.cpu: T0 : 0x10672    : c_mv a4, s6                : IntAlu :  D=0x000000000000005c
6595500: system.cpu: T0 : 0x10674    : auipc a5, 95               : IntAlu :  D=0x000000000006f674
6596000: system.cpu: T0 : 0x10678    : addi a5, a5, -1652         : IntAlu :  D=0x000000000006f000
6596500: system.cpu: T0 : 0x1067c    : c_lw a5, 0(a5)             : MemRead :  D=0x0000000000000010 A=0x6f000
6597500: system.cpu: T0 : 0x1067e    : sll a5, a4, a5             : IntAlu :  D=0x00000000005c0000
6598500: system.cpu: T0 : 0x10682    : add s2, s4, a5             : IntAlu :  D=0x00000000005c0042
6599500: system.cpu: T0 : 0x10686    : sllw a5, s6, s3            : IntAlu :  D=0x000000000000005c
6600000: system.cpu: T0 : 0x1068a    : c_addiw a5, 0              : IntAlu :  D=0x000000000000005c
6600500: system.cpu: T0 : 0x1068c    : xor s1, s4, a5             : IntAlu :  D=0x000000000000001e
6601000: system.cpu: T0 : 0x10690    : auipc a4, 96               : IntAlu :  D=0x0000000000070690
6601500: system.cpu: T0 : 0x10694    : ld a4, 496(a4)             : MemRead :  D=0x0000000000071ac0 A=0x70880
6602000: system.cpu: T0 : 0x10698    : slli a5, s1, 3             : IntAlu :  D=0x00000000000000f0
6602500: system.cpu: T0 : 0x1069c    : c_add a5, a4               : IntAlu :  D=0x0000000000071bb0
6603000: system.cpu: T0 : 0x1069e    : c_ld a5, 0(a5)             : MemRead :  D=0xffffffffffffffff A=0x71bb0
6603500: system.cpu: T0 : 0x106a0    : bne s2, a5, 26             : IntAlu : 
6604500: system.cpu: T0 : 0x106ba    : auipc a4, 96               : IntAlu :  D=0x00000000000706ba
6605500: system.cpu: T0 : 0x106be    : ld a4, 454(a4)             : MemRead :  D=0x0000000000071ac0 A=0x70880
6606500: system.cpu: T0 : 0x106c2    : slli a5, s1, 3             : IntAlu :  D=0x00000000000000f0
6607000: system.cpu: T0 : 0x106c6    : c_add a5, a4               : IntAlu :  D=0x0000000000071bb0
6607500: system.cpu: T0 : 0x106c8    : c_ld a5, 0(a5)             : MemRead :  D=0xffffffffffffffff A=0x71bb0
6608500: system.cpu: T0 : 0x106ca    : blt a5, zero, 132          : IntAlu : 
6609000: system.cpu: T0 : 0x1074e    : c_addi zero, 0             : IntAlu :  D=0x0000000000000000
6609500: system.cpu: T0 : 0x10750    : c_j 4                      : IntAlu : 
6610000: system.cpu: T0 : 0x10754    : addi a5, gp, -920          : IntAlu :  D=0x0000000000070d48
6610500: system.cpu: T0 : 0x10758    : c_ld a5, 0(a5)             : MemRead :  D=0x000000000000001c A=0x70d48
6611500: system.cpu: T0 : 0x1075a    : addi a4, a5, 1             : IntAlu :  D=0x000000000000001d
6612500: system.cpu: T0 : 0x1075e    : addi a5, gp, -920          : IntAlu :  D=0x0000000000070d48
6613000: system.cpu: T0 : 0x10762    : c_sd a4, 0(a5)             : MemWrite :  D=0x000000000000001d A=0x70d48
6613500: system.cpu: T0 : 0x10764    : c_mv s4, s6                : IntAlu :  D=0x000000000000005c
6614500: system.cpu: T0 : 0x10766    : addi a5, gp, -960          : IntAlu :  D=0x0000000000070d20
6615000: system.cpu: T0 : 0x1076a    : c_ld a4, 0(a5)             : MemRead :  D=0x000000000000011d A=0x70d20
6615500: system.cpu: T0 : 0x1076c    : auipc a5, 95               : IntAlu :  D=0x000000000006f76c
6616000: system.cpu: T0 : 0x10770    : addi a5, a5, -1892         : IntAlu :  D=0x000000000006f008
6616500: system.cpu: T0 : 0x10774    : c_ld a5, 0(a5)             : MemRead :  D=0x0000000000010000 A=0x6f008
6617500: system.cpu: T0 : 0x10776    : bge a4, a5, 64             : IntAlu : 
6618500: system.cpu: T0 : 0x1077a    : addi a5, gp, -960          : IntAlu :  D=0x0000000000070d20
6619000: system.cpu: T0 : 0x1077e    : c_ld a5, 0(a5)             : MemRead :  D=0x000000000000011d A=0x70d20
6619500: system.cpu: T0 : 0x10780    : addi a3, a5, 1             : IntAlu :  D=0x000000000000011e
6620000: system.cpu: T0 : 0x10784    : addi a4, gp, -960          : IntAlu :  D=0x0000000000070d20
6620500: system.cpu: T0 : 0x10788    : c_sd a3, 0(a4)             : MemWrite :  D=0x000000000000011e A=0x70d20
6621500: system.cpu: T0 : 0x1078a    : slli a4, a5, 48            : IntAlu :  D=0x011d000000000000
6622000: system.cpu: T0 : 0x1078e    : c_srli a4, 48              : IntAlu :  D=0x000000000000011d
6622500: system.cpu: T0 : 0x10790    : auipc a3, 96               : IntAlu :  D=0x0000000000070790
6623000: system.cpu: T0 : 0x10794    : ld a3, 296(a3)             : MemRead :  D=0x0000000000072350 A=0x708b8
6623500: system.cpu: T0 : 0x10798    : slli a5, s1, 1             : IntAlu :  D=0x000000000000003c
6624000: system.cpu: T0 : 0x1079c    : c_add a5, a3               : IntAlu :  D=0x000000000007238c
6625000: system.cpu: T0 : 0x1079e    : sh a4, 0(a5)               : MemWrite :  D=0x000000000000011d A=0x7238c
6626000: system.cpu: T0 : 0x107a2    : auipc a4, 96               : IntAlu :  D=0x00000000000707a2
6627000: system.cpu: T0 : 0x107a6    : ld a4, 222(a4)             : MemRead :  D=0x0000000000071ac0 A=0x70880
6628000: system.cpu: T0 : 0x107aa    : slli a5, s1, 3             : IntAlu :  D=0x00000000000000f0
6628500: system.cpu: T0 : 0x107ae    : c_add a5, a4               : IntAlu :  D=0x0000000000071bb0
6629000: system.cpu: T0 : 0x107b0    : sd s2, 0(a5)               : MemWrite :  D=0x00000000005c0042 A=0x71bb0
6629500: system.cpu: T0 : 0x107b4    : c_j 42                     : IntAlu : 
6630500: system.cpu: T0 : 0x107de    : auipc a5, 96               : IntAlu :  D=0x00000000000707de
6631500: system.cpu: T0 : 0x107e2    : ld a5, 210(a5)             : MemRead :  D=0x000000000007234c A=0x708b0
6632000: system.cpu: T0 : 0x107e6    : c_lw a5, 0(a5)             : MemRead :  D=0x0000000000000014 A=0x7234c
6632500: system.cpu: T0 : 0x107e8    : blt zero, a5, -414         : IntAlu : 
6633500: system.cpu: T0 : 0x1064a    : sw zero, -68(s0)           : MemWrite :  D=0x0000000000000000 A=0x7ffffffffffffd8c
6634500: system.cpu: T0 : 0x1064e    : jal ra, 894                : IntAlu :  D=0x0000000000010652
6635000: system.cpu: T0 : 0x109cc    : c_addi sp, -16             : IntAlu :  D=0x7ffffffffffffd70
6635500: system.cpu: T0 : 0x109ce    : c_sdsp s0, 8(sp)           : MemWrite :  D=0x7ffffffffffffdd0 A=0x7ffffffffffffd78
6636000: system.cpu: T0 : 0x109d0    : c_addi4spn s0, sp, 16      : IntAlu :  D=0x7ffffffffffffd80
6637000: system.cpu: T0 : 0x109d2    : auipc a5, 96               : IntAlu :  D=0x00000000000709d2
6638000: system.cpu: T0 : 0x109d6    : ld a5, -290(a5)            : MemRead :  D=0x000000000007234c A=0x708b0
6638500: system.cpu: T0 : 0x109da    : c_lw a5, 0(a5)             : MemRead :  D=0x0000000000000014 A=0x7234c
6639000: system.cpu: T0 : 0x109dc    : bge zero, a5, 94           : IntAlu : 
6639500: system.cpu: T0 : 0x109e0    : auipc a5, 96               : IntAlu :  D=0x00000000000709e0
6640000: system.cpu: T0 : 0x109e4    : ld a5, -344(a5)            : MemRead :  D=0x00000000000722c8 A=0x70888
6640500: system.cpu: T0 : 0x109e8    : c_lw a5, 0(a5)             : MemRead :  D=0x0000000000000017 A=0x722c8
6641500: system.cpu: T0 : 0x109ea    : addiw a4, a5, -1           : IntAlu :  D=0x0000000000000016
6642500: system.cpu: T0 : 0x109ee    : addiw a3, a4, 0            : IntAlu :  D=0x0000000000000016
6643500: system.cpu: T0 : 0x109f2    : auipc a4, 96               : IntAlu :  D=0x00000000000709f2
6644500: system.cpu: T0 : 0x109f6    : ld a4, -362(a4)            : MemRead :  D=0x00000000000722c8 A=0x70888
6645000: system.cpu: T0 : 0x109fa    : c_sw a3, 0(a4)             : MemWrite :  D=0x0000000000000016 A=0x722c8
6645500: system.cpu: T0 : 0x109fc    : bge zero, a5, 62           : IntAlu : 
6646000: system.cpu: T0 : 0x10a00    : auipc a5, 96               : IntAlu :  D=0x0000000000070a00
6646500: system.cpu: T0 : 0x10a04    : ld a5, -336(a5)            : MemRead :  D=0x000000000007234c A=0x708b0
6647000: system.cpu: T0 : 0x10a08    : c_lw a5, 0(a5)             : MemRead :  D=0x0000000000000014 A=0x7234c
6647500: system.cpu: T0 : 0x10a0a    : c_addiw a5, -1             : IntAlu :  D=0x0000000000000013
6648000: system.cpu: T0 : 0x10a0c    : addiw a4, a5, 0            : IntAlu :  D=0x0000000000000013
6648500: system.cpu: T0 : 0x10a10    : auipc a5, 96               : IntAlu :  D=0x0000000000070a10
6649000: system.cpu: T0 : 0x10a14    : ld a5, -352(a5)            : MemRead :  D=0x000000000007234c A=0x708b0
6649500: system.cpu: T0 : 0x10a18    : c_sw a4, 0(a5)             : MemWrite :  D=0x0000000000000013 A=0x7234c
6650500: system.cpu: T0 : 0x10a1a    : auipc a5, 96               : IntAlu :  D=0x0000000000070a1a
6651500: system.cpu: T0 : 0x10a1e    : ld a5, -426(a5)            : MemRead :  D=0x0000000000071a80 A=0x70870
6652000: system.cpu: T0 : 0x10a22    : c_ld a5, 0(a5)             : MemRead :  D=0x0000000000071a66 A=0x71a80
6652500: system.cpu: T0 : 0x10a24    : addi a3, a5, 1             : IntAlu :  D=0x0000000000071a67
6653000: system.cpu: T0 : 0x10a28    : auipc a4, 96               : IntAlu :  D=0x0000000000070a28
6653500: system.cpu: T0 : 0x10a2c    : ld a4, -440(a4)            : MemRead :  D=0x0000000000071a80 A=0x70870
6654000: system.cpu: T0 : 0x10a30    : c_sd a3, 0(a4)             : MemWrite :  D=0x0000000000071a67 A=0x71a80
6655000: system.cpu: T0 : 0x10a32    : lbu a5, 0(a5)              : MemRead :  D=0x00000000000000cb A=0x71a66
6655500: system.cpu: T0 : 0x10a36    : c_addiw a5, 0              : IntAlu :  D=0x00000000000000cb
6656000: system.cpu: T0 : 0x10a38    : c_j 4                      : IntAlu : 
6656500: system.cpu: T0 : 0x10a3c    : c_mv a0, a5                : IntAlu :  D=0x00000000000000cb
6657000: system.cpu: T0 : 0x10a3e    : c_ldsp s0, 8(sp)           : MemRead :  D=0x7ffffffffffffdd0 A=0x7ffffffffffffd78
6657500: system.cpu: T0 : 0x10a40    : c_addi sp, 16              : IntAlu :  D=0x7ffffffffffffd80
6658000: system.cpu: T0 : 0x10a42    : c_jr ra                    : IntAlu : 
6658500: system.cpu: T0 : 0x10652    : c_mv a5, a0                : IntAlu :  D=0x00000000000000cb
6659000: system.cpu: T0 : 0x10654    : c_addiw a5, 0              : IntAlu :  D=0x00000000000000cb
6660000: system.cpu: T0 : 0x10656    : addiw s6, a5, 0            : IntAlu :  D=0x00000000000000cb
6661000: system.cpu: T0 : 0x1065a    : auipc a5, 95               : IntAlu :  D=0x000000000006f65a
6662000: system.cpu: T0 : 0x1065e    : addi a5, a5, -1578         : IntAlu :  D=0x000000000006f030
6662500: system.cpu: T0 : 0x10662    : c_ld a5, 0(a5)             : MemRead :  D=0x000000000000001e A=0x6f030
6663000: system.cpu: T0 : 0x10664    : addi a4, a5, 1             : IntAlu :  D=0x000000000000001f
6663500: system.cpu: T0 : 0x10668    : auipc a5, 95               : IntAlu :  D=0x000000000006f668
6664000: system.cpu: T0 : 0x1066c    : addi a5, a5, -1592         : IntAlu :  D=0x000000000006f030
6664500: system.cpu: T0 : 0x10670    : c_sd a4, 0(a5)             : MemWrite :  D=0x000000000000001f A=0x6f030
6665000: system.cpu: T0 : 0x10672    : c_mv a4, s6                : IntAlu :  D=0x00000000000000cb
6665500: system.cpu: T0 : 0x10674    : auipc a5, 95               : IntAlu :  D=0x000000000006f674
6666000: system.cpu: T0 : 0x10678    : addi a5, a5, -1652         : IntAlu :  D=0x000000000006f000
6666500: system.cpu: T0 : 0x1067c    : c_lw a5, 0(a5)             : MemRead :  D=0x0000000000000010 A=0x6f000
6667500: system.cpu: T0 : 0x1067e    : sll a5, a4, a5             : IntAlu :  D=0x0000000000cb0000
6668500: system.cpu: T0 : 0x10682    : add s2, s4, a5             : IntAlu :  D=0x0000000000cb005c
6669500: system.cpu: T0 : 0x10686    : sllw a5, s6, s3            : IntAlu :  D=0x00000000000000cb
6670000: system.cpu: T0 : 0x1068a    : c_addiw a5, 0              : IntAlu :  D=0x00000000000000cb
6670500: system.cpu: T0 : 0x1068c    : xor s1, s4, a5             : IntAlu :  D=0x0000000000000097
6671000: system.cpu: T0 : 0x10690    : auipc a4, 96               : IntAlu :  D=0x0000000000070690
6671500: system.cpu: T0 : 0x10694    : ld a4, 496(a4)             : MemRead :  D=0x0000000000071ac0 A=0x70880
6672000: system.cpu: T0 : 0x10698    : slli a5, s1, 3             : IntAlu :  D=0x00000000000004b8
6672500: system.cpu: T0 : 0x1069c    : c_add a5, a4               : IntAlu :  D=0x0000000000071f78
6673000: system.cpu: T0 : 0x1069e    : c_ld a5, 0(a5)             : MemRead :  D=0xffffffffffffffff A=0x71f78
6673500: system.cpu: T0 : 0x106a0    : bne s2, a5, 26             : IntAlu : 
6674500: system.cpu: T0 : 0x106ba    : auipc a4, 96               : IntAlu :  D=0x00000000000706ba
6675500: system.cpu: T0 : 0x106be    : ld a4, 454(a4)             : MemRead :  D=0x0000000000071ac0 A=0x70880
6676500: system.cpu: T0 : 0x106c2    : slli a5, s1, 3             : IntAlu :  D=0x00000000000004b8
6677000: system.cpu: T0 : 0x106c6    : c_add a5, a4               : IntAlu :  D=0x0000000000071f78
6677500: system.cpu: T0 : 0x106c8    : c_ld a5, 0(a5)             : MemRead :  D=0xffffffffffffffff A=0x71f78
6678500: system.cpu: T0 : 0x106ca    : blt a5, zero, 132          : IntAlu : 
6679000: system.cpu: T0 : 0x1074e    : c_addi zero, 0             : IntAlu :  D=0x0000000000000000
6679500: system.cpu: T0 : 0x10750    : c_j 4                      : IntAlu : 
6680000: system.cpu: T0 : 0x10754    : addi a5, gp, -920          : IntAlu :  D=0x0000000000070d48
6680500: system.cpu: T0 : 0x10758    : c_ld a5, 0(a5)             : MemRead :  D=0x000000000000001d A=0x70d48
6681500: system.cpu: T0 : 0x1075a    : addi a4, a5, 1             : IntAlu :  D=0x000000000000001e
6682500: system.cpu: T0 : 0x1075e    : addi a5, gp, -920          : IntAlu :  D=0x0000000000070d48
6683000: system.cpu: T0 : 0x10762    : c_sd a4, 0(a5)             : MemWrite :  D=0x000000000000001e A=0x70d48
6683500: system.cpu: T0 : 0x10764    : c_mv s4, s6                : IntAlu :  D=0x00000000000000cb
6684500: system.cpu: T0 : 0x10766    : addi a5, gp, -960          : IntAlu :  D=0x0000000000070d20
6685000: system.cpu: T0 : 0x1076a    : c_ld a4, 0(a5)             : MemRead :  D=0x000000000000011e A=0x70d20
6685500: system.cpu: T0 : 0x1076c    : auipc a5, 95               : IntAlu :  D=0x000000000006f76c
6686000: system.cpu: T0 : 0x10770    : addi a5, a5, -1892         : IntAlu :  D=0x000000000006f008
6686500: system.cpu: T0 : 0x10774    : c_ld a5, 0(a5)             : MemRead :  D=0x0000000000010000 A=0x6f008
6687500: system.cpu: T0 : 0x10776    : bge a4, a5, 64             : IntAlu : 
6688500: system.cpu: T0 : 0x1077a    : addi a5, gp, -960          : IntAlu :  D=0x0000000000070d20
6689000: system.cpu: T0 : 0x1077e    : c_ld a5, 0(a5)             : MemRead :  D=0x000000000000011e A=0x70d20
6689500: system.cpu: T0 : 0x10780    : addi a3, a5, 1             : IntAlu :  D=0x000000000000011f
6690000: system.cpu: T0 : 0x10784    : addi a4, gp, -960          : IntAlu :  D=0x0000000000070d20
6690500: system.cpu: T0 : 0x10788    : c_sd a3, 0(a4)             : MemWrite :  D=0x000000000000011f A=0x70d20
6691500: system.cpu: T0 : 0x1078a    : slli a4, a5, 48            : IntAlu :  D=0x011e000000000000
6692000: system.cpu: T0 : 0x1078e    : c_srli a4, 48              : IntAlu :  D=0x000000000000011e
6692500: system.cpu: T0 : 0x10790    : auipc a3, 96               : IntAlu :  D=0x0000000000070790
6693000: system.cpu: T0 : 0x10794    : ld a3, 296(a3)             : MemRead :  D=0x0000000000072350 A=0x708b8
6693500: system.cpu: T0 : 0x10798    : slli a5, s1, 1             : IntAlu :  D=0x000000000000012e
6694000: system.cpu: T0 : 0x1079c    : c_add a5, a3               : IntAlu :  D=0x000000000007247e
6695000: system.cpu: T0 : 0x1079e    : sh a4, 0(a5)               : MemWrite :  D=0x000000000000011e A=0x7247e
6696000: system.cpu: T0 : 0x107a2    : auipc a4, 96               : IntAlu :  D=0x00000000000707a2
6697000: system.cpu: T0 : 0x107a6    : ld a4, 222(a4)             : MemRead :  D=0x0000000000071ac0 A=0x70880
6698000: system.cpu: T0 : 0x107aa    : slli a5, s1, 3             : IntAlu :  D=0x00000000000004b8
6698500: system.cpu: T0 : 0x107ae    : c_add a5, a4               : IntAlu :  D=0x0000000000071f78
6699000: system.cpu: T0 : 0x107b0    : sd s2, 0(a5)               : MemWrite :  D=0x0000000000cb005c A=0x71f78
6699500: system.cpu: T0 : 0x107b4    : c_j 42                     : IntAlu : 
6700500: system.cpu: T0 : 0x107de    : auipc a5, 96               : IntAlu :  D=0x00000000000707de
6701500: system.cpu: T0 : 0x107e2    : ld a5, 210(a5)             : MemRead :  D=0x000000000007234c A=0x708b0
6702000: system.cpu: T0 : 0x107e6    : c_lw a5, 0(a5)             : MemRead :  D=0x0000000000000013 A=0x7234c
6702500: system.cpu: T0 : 0x107e8    : blt zero, a5, -414         : IntAlu : 
6703500: system.cpu: T0 : 0x1064a    : sw zero, -68(s0)           : MemWrite :  D=0x0000000000000000 A=0x7ffffffffffffd8c
6704500: system.cpu: T0 : 0x1064e    : jal ra, 894                : IntAlu :  D=0x0000000000010652
6705000: system.cpu: T0 : 0x109cc    : c_addi sp, -16             : IntAlu :  D=0x7ffffffffffffd70
6705500: system.cpu: T0 : 0x109ce    : c_sdsp s0, 8(sp)           : MemWrite :  D=0x7ffffffffffffdd0 A=0x7ffffffffffffd78
6706000: system.cpu: T0 : 0x109d0    : c_addi4spn s0, sp, 16      : IntAlu :  D=0x7ffffffffffffd80
6707000: system.cpu: T0 : 0x109d2    : auipc a5, 96               : IntAlu :  D=0x00000000000709d2
6708000: system.cpu: T0 : 0x109d6    : ld a5, -290(a5)            : MemRead :  D=0x000000000007234c A=0x708b0
6708500: system.cpu: T0 : 0x109da    : c_lw a5, 0(a5)             : MemRead :  D=0x0000000000000013 A=0x7234c
6709000: system.cpu: T0 : 0x109dc    : bge zero, a5, 94           : IntAlu : 
6709500: system.cpu: T0 : 0x109e0    : auipc a5, 96               : IntAlu :  D=0x00000000000709e0
6710000: system.cpu: T0 : 0x109e4    : ld a5, -344(a5)            : MemRead :  D=0x00000000000722c8 A=0x70888
6710500: system.cpu: T0 : 0x109e8    : c_lw a5, 0(a5)             : MemRead :  D=0x0000000000000016 A=0x722c8
6711500: system.cpu: T0 : 0x109ea    : addiw a4, a5, -1           : IntAlu :  D=0x0000000000000015
6712500: system.cpu: T0 : 0x109ee    : addiw a3, a4, 0            : IntAlu :  D=0x0000000000000015
6713500: system.cpu: T0 : 0x109f2    : auipc a4, 96               : IntAlu :  D=0x00000000000709f2
6714500: system.cpu: T0 : 0x109f6    : ld a4, -362(a4)            : MemRead :  D=0x00000000000722c8 A=0x70888
6715000: system.cpu: T0 : 0x109fa    : c_sw a3, 0(a4)             : MemWrite :  D=0x0000000000000015 A=0x722c8
6715500: system.cpu: T0 : 0x109fc    : bge zero, a5, 62           : IntAlu : 
6716000: system.cpu: T0 : 0x10a00    : auipc a5, 96               : IntAlu :  D=0x0000000000070a00
6716500: system.cpu: T0 : 0x10a04    : ld a5, -336(a5)            : MemRead :  D=0x000000000007234c A=0x708b0
6717000: system.cpu: T0 : 0x10a08    : c_lw a5, 0(a5)             : MemRead :  D=0x0000000000000013 A=0x7234c
6717500: system.cpu: T0 : 0x10a0a    : c_addiw a5, -1             : IntAlu :  D=0x0000000000000012
6718000: system.cpu: T0 : 0x10a0c    : addiw a4, a5, 0            : IntAlu :  D=0x0000000000000012
6718500: system.cpu: T0 : 0x10a10    : auipc a5, 96               : IntAlu :  D=0x0000000000070a10
6719000: system.cpu: T0 : 0x10a14    : ld a5, -352(a5)            : MemRead :  D=0x000000000007234c A=0x708b0
6719500: system.cpu: T0 : 0x10a18    : c_sw a4, 0(a5)             : MemWrite :  D=0x0000000000000012 A=0x7234c
6720500: system.cpu: T0 : 0x10a1a    : auipc a5, 96               : IntAlu :  D=0x0000000000070a1a
6721500: system.cpu: T0 : 0x10a1e    : ld a5, -426(a5)            : MemRead :  D=0x0000000000071a80 A=0x70870
6722000: system.cpu: T0 : 0x10a22    : c_ld a5, 0(a5)             : MemRead :  D=0x0000000000071a67 A=0x71a80
6722500: system.cpu: T0 : 0x10a24    : addi a3, a5, 1             : IntAlu :  D=0x0000000000071a68
6723000: system.cpu: T0 : 0x10a28    : auipc a4, 96               : IntAlu :  D=0x0000000000070a28
6723500: system.cpu: T0 : 0x10a2c    : ld a4, -440(a4)            : MemRead :  D=0x0000000000071a80 A=0x70870
6724000: system.cpu: T0 : 0x10a30    : c_sd a3, 0(a4)             : MemWrite :  D=0x0000000000071a68 A=0x71a80
6725000: system.cpu: T0 : 0x10a32    : lbu a5, 0(a5)              : MemRead :  D=0x00000000000000bc A=0x71a67
6725500: system.cpu: T0 : 0x10a36    : c_addiw a5, 0              : IntAlu :  D=0x00000000000000bc
6726000: system.cpu: T0 : 0x10a38    : c_j 4                      : IntAlu : 
6726500: system.cpu: T0 : 0x10a3c    : c_mv a0, a5                : IntAlu :  D=0x00000000000000bc
6727000: system.cpu: T0 : 0x10a3e    : c_ldsp s0, 8(sp)           : MemRead :  D=0x7ffffffffffffdd0 A=0x7ffffffffffffd78
6727500: system.cpu: T0 : 0x10a40    : c_addi sp, 16              : IntAlu :  D=0x7ffffffffffffd80
6728000: system.cpu: T0 : 0x10a42    : c_jr ra                    : IntAlu : 
6728500: system.cpu: T0 : 0x10652    : c_mv a5, a0                : IntAlu :  D=0x00000000000000bc
6729000: system.cpu: T0 : 0x10654    : c_addiw a5, 0              : IntAlu :  D=0x00000000000000bc
6730000: system.cpu: T0 : 0x10656    : addiw s6, a5, 0            : IntAlu :  D=0x00000000000000bc
6731000: system.cpu: T0 : 0x1065a    : auipc a5, 95               : IntAlu :  D=0x000000000006f65a
6732000: system.cpu: T0 : 0x1065e    : addi a5, a5, -1578         : IntAlu :  D=0x000000000006f030
6732500: system.cpu: T0 : 0x10662    : c_ld a5, 0(a5)             : MemRead :  D=0x000000000000001f A=0x6f030
6733000: system.cpu: T0 : 0x10664    : addi a4, a5, 1             : IntAlu :  D=0x0000000000000020
6733500: system.cpu: T0 : 0x10668    : auipc a5, 95               : IntAlu :  D=0x000000000006f668
6734000: system.cpu: T0 : 0x1066c    : addi a5, a5, -1592         : IntAlu :  D=0x000000000006f030
6734500: system.cpu: T0 : 0x10670    : c_sd a4, 0(a5)             : MemWrite :  D=0x0000000000000020 A=0x6f030
6735000: system.cpu: T0 : 0x10672    : c_mv a4, s6                : IntAlu :  D=0x00000000000000bc
6735500: system.cpu: T0 : 0x10674    : auipc a5, 95               : IntAlu :  D=0x000000000006f674
6736000: system.cpu: T0 : 0x10678    : addi a5, a5, -1652         : IntAlu :  D=0x000000000006f000
6736500: system.cpu: T0 : 0x1067c    : c_lw a5, 0(a5)             : MemRead :  D=0x0000000000000010 A=0x6f000
6737500: system.cpu: T0 : 0x1067e    : sll a5, a4, a5             : IntAlu :  D=0x0000000000bc0000
6738500: system.cpu: T0 : 0x10682    : add s2, s4, a5             : IntAlu :  D=0x0000000000bc00cb
6739500: system.cpu: T0 : 0x10686    : sllw a5, s6, s3            : IntAlu :  D=0x00000000000000bc
6740000: system.cpu: T0 : 0x1068a    : c_addiw a5, 0              : IntAlu :  D=0x00000000000000bc
6740500: system.cpu: T0 : 0x1068c    : xor s1, s4, a5             : IntAlu :  D=0x0000000000000077
6741000: system.cpu: T0 : 0x10690    : auipc a4, 96               : IntAlu :  D=0x0000000000070690
6741500: system.cpu: T0 : 0x10694    : ld a4, 496(a4)             : MemRead :  D=0x0000000000071ac0 A=0x70880
6742000: system.cpu: T0 : 0x10698    : slli a5, s1, 3             : IntAlu :  D=0x00000000000003b8
6742500: system.cpu: T0 : 0x1069c    : c_add a5, a4               : IntAlu :  D=0x0000000000071e78
6743000: system.cpu: T0 : 0x1069e    : c_ld a5, 0(a5)             : MemRead :  D=0xffffffffffffffff A=0x71e78
6743500: system.cpu: T0 : 0x106a0    : bne s2, a5, 26             : IntAlu : 
6744500: system.cpu: T0 : 0x106ba    : auipc a4, 96               : IntAlu :  D=0x00000000000706ba
6745500: system.cpu: T0 : 0x106be    : ld a4, 454(a4)             : MemRead :  D=0x0000000000071ac0 A=0x70880
6746500: system.cpu: T0 : 0x106c2    : slli a5, s1, 3             : IntAlu :  D=0x00000000000003b8
6747000: system.cpu: T0 : 0x106c6    : c_add a5, a4               : IntAlu :  D=0x0000000000071e78
6747500: system.cpu: T0 : 0x106c8    : c_ld a5, 0(a5)             : MemRead :  D=0xffffffffffffffff A=0x71e78
6748500: system.cpu: T0 : 0x106ca    : blt a5, zero, 132          : IntAlu : 
6749000: system.cpu: T0 : 0x1074e    : c_addi zero, 0             : IntAlu :  D=0x0000000000000000
6749500: system.cpu: T0 : 0x10750    : c_j 4                      : IntAlu : 
6750000: system.cpu: T0 : 0x10754    : addi a5, gp, -920          : IntAlu :  D=0x0000000000070d48
6750500: system.cpu: T0 : 0x10758    : c_ld a5, 0(a5)             : MemRead :  D=0x000000000000001e A=0x70d48
6751500: system.cpu: T0 : 0x1075a    : addi a4, a5, 1             : IntAlu :  D=0x000000000000001f
6752500: system.cpu: T0 : 0x1075e    : addi a5, gp, -920          : IntAlu :  D=0x0000000000070d48
6753000: system.cpu: T0 : 0x10762    : c_sd a4, 0(a5)             : MemWrite :  D=0x000000000000001f A=0x70d48
6753500: system.cpu: T0 : 0x10764    : c_mv s4, s6                : IntAlu :  D=0x00000000000000bc
6754500: system.cpu: T0 : 0x10766    : addi a5, gp, -960          : IntAlu :  D=0x0000000000070d20
6755000: system.cpu: T0 : 0x1076a    : c_ld a4, 0(a5)             : MemRead :  D=0x000000000000011f A=0x70d20
6755500: system.cpu: T0 : 0x1076c    : auipc a5, 95               : IntAlu :  D=0x000000000006f76c
6756000: system.cpu: T0 : 0x10770    : addi a5, a5, -1892         : IntAlu :  D=0x000000000006f008
6756500: system.cpu: T0 : 0x10774    : c_ld a5, 0(a5)             : MemRead :  D=0x0000000000010000 A=0x6f008
6757500: system.cpu: T0 : 0x10776    : bge a4, a5, 64             : IntAlu : 
6758500: system.cpu: T0 : 0x1077a    : addi a5, gp, -960          : IntAlu :  D=0x0000000000070d20
6759000: system.cpu: T0 : 0x1077e    : c_ld a5, 0(a5)             : MemRead :  D=0x000000000000011f A=0x70d20
6759500: system.cpu: T0 : 0x10780    : addi a3, a5, 1             : IntAlu :  D=0x0000000000000120
6760000: system.cpu: T0 : 0x10784    : addi a4, gp, -960          : IntAlu :  D=0x0000000000070d20
6760500: system.cpu: T0 : 0x10788    : c_sd a3, 0(a4)             : MemWrite :  D=0x0000000000000120 A=0x70d20
6761500: system.cpu: T0 : 0x1078a    : slli a4, a5, 48            : IntAlu :  D=0x011f000000000000
6762000: system.cpu: T0 : 0x1078e    : c_srli a4, 48              : IntAlu :  D=0x000000000000011f
6762500: system.cpu: T0 : 0x10790    : auipc a3, 96               : IntAlu :  D=0x0000000000070790
6763000: system.cpu: T0 : 0x10794    : ld a3, 296(a3)             : MemRead :  D=0x0000000000072350 A=0x708b8
6763500: system.cpu: T0 : 0x10798    : slli a5, s1, 1             : IntAlu :  D=0x00000000000000ee
6764000: system.cpu: T0 : 0x1079c    : c_add a5, a3               : IntAlu :  D=0x000000000007243e
6765000: system.cpu: T0 : 0x1079e    : sh a4, 0(a5)               : MemWrite :  D=0x000000000000011f A=0x7243e
6766000: system.cpu: T0 : 0x107a2    : auipc a4, 96               : IntAlu :  D=0x00000000000707a2
6767000: system.cpu: T0 : 0x107a6    : ld a4, 222(a4)             : MemRead :  D=0x0000000000071ac0 A=0x70880
6768000: system.cpu: T0 : 0x107aa    : slli a5, s1, 3             : IntAlu :  D=0x00000000000003b8
6768500: system.cpu: T0 : 0x107ae    : c_add a5, a4               : IntAlu :  D=0x0000000000071e78
6769000: system.cpu: T0 : 0x107b0    : sd s2, 0(a5)               : MemWrite :  D=0x0000000000bc00cb A=0x71e78
6769500: system.cpu: T0 : 0x107b4    : c_j 42                     : IntAlu : 
6770500: system.cpu: T0 : 0x107de    : auipc a5, 96               : IntAlu :  D=0x00000000000707de
6771500: system.cpu: T0 : 0x107e2    : ld a5, 210(a5)             : MemRead :  D=0x000000000007234c A=0x708b0
6772000: system.cpu: T0 : 0x107e6    : c_lw a5, 0(a5)             : MemRead :  D=0x0000000000000012 A=0x7234c
6772500: system.cpu: T0 : 0x107e8    : blt zero, a5, -414         : IntAlu : 
6773500: system.cpu: T0 : 0x1064a    : sw zero, -68(s0)           : MemWrite :  D=0x0000000000000000 A=0x7ffffffffffffd8c
6774500: system.cpu: T0 : 0x1064e    : jal ra, 894                : IntAlu :  D=0x0000000000010652
6775000: system.cpu: T0 : 0x109cc    : c_addi sp, -16             : IntAlu :  D=0x7ffffffffffffd70
6775500: system.cpu: T0 : 0x109ce    : c_sdsp s0, 8(sp)           : MemWrite :  D=0x7ffffffffffffdd0 A=0x7ffffffffffffd78
6776000: system.cpu: T0 : 0x109d0    : c_addi4spn s0, sp, 16      : IntAlu :  D=0x7ffffffffffffd80
6777000: system.cpu: T0 : 0x109d2    : auipc a5, 96               : IntAlu :  D=0x00000000000709d2
6778000: system.cpu: T0 : 0x109d6    : ld a5, -290(a5)            : MemRead :  D=0x000000000007234c A=0x708b0
6778500: system.cpu: T0 : 0x109da    : c_lw a5, 0(a5)             : MemRead :  D=0x0000000000000012 A=0x7234c
6779000: system.cpu: T0 : 0x109dc    : bge zero, a5, 94           : IntAlu : 
6779500: system.cpu: T0 : 0x109e0    : auipc a5, 96               : IntAlu :  D=0x00000000000709e0
6780000: system.cpu: T0 : 0x109e4    : ld a5, -344(a5)            : MemRead :  D=0x00000000000722c8 A=0x70888
6780500: system.cpu: T0 : 0x109e8    : c_lw a5, 0(a5)             : MemRead :  D=0x0000000000000015 A=0x722c8
6781500: system.cpu: T0 : 0x109ea    : addiw a4, a5, -1           : IntAlu :  D=0x0000000000000014
6782500: system.cpu: T0 : 0x109ee    : addiw a3, a4, 0            : IntAlu :  D=0x0000000000000014
6783500: system.cpu: T0 : 0x109f2    : auipc a4, 96               : IntAlu :  D=0x00000000000709f2
6784500: system.cpu: T0 : 0x109f6    : ld a4, -362(a4)            : MemRead :  D=0x00000000000722c8 A=0x70888
6785000: system.cpu: T0 : 0x109fa    : c_sw a3, 0(a4)             : MemWrite :  D=0x0000000000000014 A=0x722c8
6785500: system.cpu: T0 : 0x109fc    : bge zero, a5, 62           : IntAlu : 
6786000: system.cpu: T0 : 0x10a00    : auipc a5, 96               : IntAlu :  D=0x0000000000070a00
6786500: system.cpu: T0 : 0x10a04    : ld a5, -336(a5)            : MemRead :  D=0x000000000007234c A=0x708b0
6787000: system.cpu: T0 : 0x10a08    : c_lw a5, 0(a5)             : MemRead :  D=0x0000000000000012 A=0x7234c
6787500: system.cpu: T0 : 0x10a0a    : c_addiw a5, -1             : IntAlu :  D=0x0000000000000011
6788000: system.cpu: T0 : 0x10a0c    : addiw a4, a5, 0            : IntAlu :  D=0x0000000000000011
6788500: system.cpu: T0 : 0x10a10    : auipc a5, 96               : IntAlu :  D=0x0000000000070a10
6789000: system.cpu: T0 : 0x10a14    : ld a5, -352(a5)            : MemRead :  D=0x000000000007234c A=0x708b0
6789500: system.cpu: T0 : 0x10a18    : c_sw a4, 0(a5)             : MemWrite :  D=0x0000000000000011 A=0x7234c
6790500: system.cpu: T0 : 0x10a1a    : auipc a5, 96               : IntAlu :  D=0x0000000000070a1a
6791500: system.cpu: T0 : 0x10a1e    : ld a5, -426(a5)            : MemRead :  D=0x0000000000071a80 A=0x70870
6792000: system.cpu: T0 : 0x10a22    : c_ld a5, 0(a5)             : MemRead :  D=0x0000000000071a68 A=0x71a80
6792500: system.cpu: T0 : 0x10a24    : addi a3, a5, 1             : IntAlu :  D=0x0000000000071a69
6793000: system.cpu: T0 : 0x10a28    : auipc a4, 96               : IntAlu :  D=0x0000000000070a28
6793500: system.cpu: T0 : 0x10a2c    : ld a4, -440(a4)            : MemRead :  D=0x0000000000071a80 A=0x70870
6794000: system.cpu: T0 : 0x10a30    : c_sd a3, 0(a4)             : MemWrite :  D=0x0000000000071a69 A=0x71a80
6795000: system.cpu: T0 : 0x10a32    : lbu a5, 0(a5)              : MemRead :  D=0x0000000000000075 A=0x71a68
6795500: system.cpu: T0 : 0x10a36    : c_addiw a5, 0              : IntAlu :  D=0x0000000000000075
6796000: system.cpu: T0 : 0x10a38    : c_j 4                      : IntAlu : 
6796500: system.cpu: T0 : 0x10a3c    : c_mv a0, a5                : IntAlu :  D=0x0000000000000075
6797000: system.cpu: T0 : 0x10a3e    : c_ldsp s0, 8(sp)           : MemRead :  D=0x7ffffffffffffdd0 A=0x7ffffffffffffd78
6797500: system.cpu: T0 : 0x10a40    : c_addi sp, 16              : IntAlu :  D=0x7ffffffffffffd80
6798000: system.cpu: T0 : 0x10a42    : c_jr ra                    : IntAlu : 
6798500: system.cpu: T0 : 0x10652    : c_mv a5, a0                : IntAlu :  D=0x0000000000000075
6799000: system.cpu: T0 : 0x10654    : c_addiw a5, 0              : IntAlu :  D=0x0000000000000075
6800000: system.cpu: T0 : 0x10656    : addiw s6, a5, 0            : IntAlu :  D=0x0000000000000075
6801000: system.cpu: T0 : 0x1065a    : auipc a5, 95               : IntAlu :  D=0x000000000006f65a
6802000: system.cpu: T0 : 0x1065e    : addi a5, a5, -1578         : IntAlu :  D=0x000000000006f030
6802500: system.cpu: T0 : 0x10662    : c_ld a5, 0(a5)             : MemRead :  D=0x0000000000000020 A=0x6f030
6803000: system.cpu: T0 : 0x10664    : addi a4, a5, 1             : IntAlu :  D=0x0000000000000021
6803500: system.cpu: T0 : 0x10668    : auipc a5, 95               : IntAlu :  D=0x000000000006f668
6804000: system.cpu: T0 : 0x1066c    : addi a5, a5, -1592         : IntAlu :  D=0x000000000006f030
6804500: system.cpu: T0 : 0x10670    : c_sd a4, 0(a5)             : MemWrite :  D=0x0000000000000021 A=0x6f030
6805000: system.cpu: T0 : 0x10672    : c_mv a4, s6                : IntAlu :  D=0x0000000000000075
6805500: system.cpu: T0 : 0x10674    : auipc a5, 95               : IntAlu :  D=0x000000000006f674
6806000: system.cpu: T0 : 0x10678    : addi a5, a5, -1652         : IntAlu :  D=0x000000000006f000
6806500: system.cpu: T0 : 0x1067c    : c_lw a5, 0(a5)             : MemRead :  D=0x0000000000000010 A=0x6f000
6807500: system.cpu: T0 : 0x1067e    : sll a5, a4, a5             : IntAlu :  D=0x0000000000750000
6808500: system.cpu: T0 : 0x10682    : add s2, s4, a5             : IntAlu :  D=0x00000000007500bc
6809500: system.cpu: T0 : 0x10686    : sllw a5, s6, s3            : IntAlu :  D=0x0000000000000075
6810000: system.cpu: T0 : 0x1068a    : c_addiw a5, 0              : IntAlu :  D=0x0000000000000075
6810500: system.cpu: T0 : 0x1068c    : xor s1, s4, a5             : IntAlu :  D=0x00000000000000c9
6811000: system.cpu: T0 : 0x10690    : auipc a4, 96               : IntAlu :  D=0x0000000000070690
6811500: system.cpu: T0 : 0x10694    : ld a4, 496(a4)             : MemRead :  D=0x0000000000071ac0 A=0x70880
6812000: system.cpu: T0 : 0x10698    : slli a5, s1, 3             : IntAlu :  D=0x0000000000000648
6812500: system.cpu: T0 : 0x1069c    : c_add a5, a4               : IntAlu :  D=0x0000000000072108
6813000: system.cpu: T0 : 0x1069e    : c_ld a5, 0(a5)             : MemRead :  D=0xffffffffffffffff A=0x72108
6813500: system.cpu: T0 : 0x106a0    : bne s2, a5, 26             : IntAlu : 
6814500: system.cpu: T0 : 0x106ba    : auipc a4, 96               : IntAlu :  D=0x00000000000706ba
6815500: system.cpu: T0 : 0x106be    : ld a4, 454(a4)             : MemRead :  D=0x0000000000071ac0 A=0x70880
6816500: system.cpu: T0 : 0x106c2    : slli a5, s1, 3             : IntAlu :  D=0x0000000000000648
6817000: system.cpu: T0 : 0x106c6    : c_add a5, a4               : IntAlu :  D=0x0000000000072108
6817500: system.cpu: T0 : 0x106c8    : c_ld a5, 0(a5)             : MemRead :  D=0xffffffffffffffff A=0x72108
6818500: system.cpu: T0 : 0x106ca    : blt a5, zero, 132          : IntAlu : 
6819000: system.cpu: T0 : 0x1074e    : c_addi zero, 0             : IntAlu :  D=0x0000000000000000
6819500: system.cpu: T0 : 0x10750    : c_j 4                      : IntAlu : 
6820000: system.cpu: T0 : 0x10754    : addi a5, gp, -920          : IntAlu :  D=0x0000000000070d48
6820500: system.cpu: T0 : 0x10758    : c_ld a5, 0(a5)             : MemRead :  D=0x000000000000001f A=0x70d48
6821500: system.cpu: T0 : 0x1075a    : addi a4, a5, 1             : IntAlu :  D=0x0000000000000020
6822500: system.cpu: T0 : 0x1075e    : addi a5, gp, -920          : IntAlu :  D=0x0000000000070d48
6823000: system.cpu: T0 : 0x10762    : c_sd a4, 0(a5)             : MemWrite :  D=0x0000000000000020 A=0x70d48
6823500: system.cpu: T0 : 0x10764    : c_mv s4, s6                : IntAlu :  D=0x0000000000000075
6824500: system.cpu: T0 : 0x10766    : addi a5, gp, -960          : IntAlu :  D=0x0000000000070d20
6825000: system.cpu: T0 : 0x1076a    : c_ld a4, 0(a5)             : MemRead :  D=0x0000000000000120 A=0x70d20
6825500: system.cpu: T0 : 0x1076c    : auipc a5, 95               : IntAlu :  D=0x000000000006f76c
6826000: system.cpu: T0 : 0x10770    : addi a5, a5, -1892         : IntAlu :  D=0x000000000006f008
6826500: system.cpu: T0 : 0x10774    : c_ld a5, 0(a5)             : MemRead :  D=0x0000000000010000 A=0x6f008
6827500: system.cpu: T0 : 0x10776    : bge a4, a5, 64             : IntAlu : 
6828500: system.cpu: T0 : 0x1077a    : addi a5, gp, -960          : IntAlu :  D=0x0000000000070d20
6829000: system.cpu: T0 : 0x1077e    : c_ld a5, 0(a5)             : MemRead :  D=0x0000000000000120 A=0x70d20
6829500: system.cpu: T0 : 0x10780    : addi a3, a5, 1             : IntAlu :  D=0x0000000000000121
6830000: system.cpu: T0 : 0x10784    : addi a4, gp, -960          : IntAlu :  D=0x0000000000070d20
6830500: system.cpu: T0 : 0x10788    : c_sd a3, 0(a4)             : MemWrite :  D=0x0000000000000121 A=0x70d20
6831500: system.cpu: T0 : 0x1078a    : slli a4, a5, 48            : IntAlu :  D=0x0120000000000000
6832000: system.cpu: T0 : 0x1078e    : c_srli a4, 48              : IntAlu :  D=0x0000000000000120
6832500: system.cpu: T0 : 0x10790    : auipc a3, 96               : IntAlu :  D=0x0000000000070790
6833000: system.cpu: T0 : 0x10794    : ld a3, 296(a3)             : MemRead :  D=0x0000000000072350 A=0x708b8
6833500: system.cpu: T0 : 0x10798    : slli a5, s1, 1             : IntAlu :  D=0x0000000000000192
6834000: system.cpu: T0 : 0x1079c    : c_add a5, a3               : IntAlu :  D=0x00000000000724e2
6835000: system.cpu: T0 : 0x1079e    : sh a4, 0(a5)               : MemWrite :  D=0x0000000000000120 A=0x724e2
6836000: system.cpu: T0 : 0x107a2    : auipc a4, 96               : IntAlu :  D=0x00000000000707a2
6837000: system.cpu: T0 : 0x107a6    : ld a4, 222(a4)             : MemRead :  D=0x0000000000071ac0 A=0x70880
6838000: system.cpu: T0 : 0x107aa    : slli a5, s1, 3             : IntAlu :  D=0x0000000000000648
6838500: system.cpu: T0 : 0x107ae    : c_add a5, a4               : IntAlu :  D=0x0000000000072108
6839000: system.cpu: T0 : 0x107b0    : sd s2, 0(a5)               : MemWrite :  D=0x00000000007500bc A=0x72108
6839500: system.cpu: T0 : 0x107b4    : c_j 42                     : IntAlu : 
6840500: system.cpu: T0 : 0x107de    : auipc a5, 96               : IntAlu :  D=0x00000000000707de
6841500: system.cpu: T0 : 0x107e2    : ld a5, 210(a5)             : MemRead :  D=0x000000000007234c A=0x708b0
6842000: system.cpu: T0 : 0x107e6    : c_lw a5, 0(a5)             : MemRead :  D=0x0000000000000011 A=0x7234c
6842500: system.cpu: T0 : 0x107e8    : blt zero, a5, -414         : IntAlu : 
6843500: system.cpu: T0 : 0x1064a    : sw zero, -68(s0)           : MemWrite :  D=0x0000000000000000 A=0x7ffffffffffffd8c
6844500: system.cpu: T0 : 0x1064e    : jal ra, 894                : IntAlu :  D=0x0000000000010652
6845000: system.cpu: T0 : 0x109cc    : c_addi sp, -16             : IntAlu :  D=0x7ffffffffffffd70
6845500: system.cpu: T0 : 0x109ce    : c_sdsp s0, 8(sp)           : MemWrite :  D=0x7ffffffffffffdd0 A=0x7ffffffffffffd78
6846000: system.cpu: T0 : 0x109d0    : c_addi4spn s0, sp, 16      : IntAlu :  D=0x7ffffffffffffd80
6847000: system.cpu: T0 : 0x109d2    : auipc a5, 96               : IntAlu :  D=0x00000000000709d2
6848000: system.cpu: T0 : 0x109d6    : ld a5, -290(a5)            : MemRead :  D=0x000000000007234c A=0x708b0
6848500: system.cpu: T0 : 0x109da    : c_lw a5, 0(a5)             : MemRead :  D=0x0000000000000011 A=0x7234c
6849000: system.cpu: T0 : 0x109dc    : bge zero, a5, 94           : IntAlu : 
6849500: system.cpu: T0 : 0x109e0    : auipc a5, 96               : IntAlu :  D=0x00000000000709e0
6850000: system.cpu: T0 : 0x109e4    : ld a5, -344(a5)            : MemRead :  D=0x00000000000722c8 A=0x70888
6850500: system.cpu: T0 : 0x109e8    : c_lw a5, 0(a5)             : MemRead :  D=0x0000000000000014 A=0x722c8
6851500: system.cpu: T0 : 0x109ea    : addiw a4, a5, -1           : IntAlu :  D=0x0000000000000013
6852500: system.cpu: T0 : 0x109ee    : addiw a3, a4, 0            : IntAlu :  D=0x0000000000000013
6853500: system.cpu: T0 : 0x109f2    : auipc a4, 96               : IntAlu :  D=0x00000000000709f2
6854500: system.cpu: T0 : 0x109f6    : ld a4, -362(a4)            : MemRead :  D=0x00000000000722c8 A=0x70888
6855000: system.cpu: T0 : 0x109fa    : c_sw a3, 0(a4)             : MemWrite :  D=0x0000000000000013 A=0x722c8
6855500: system.cpu: T0 : 0x109fc    : bge zero, a5, 62           : IntAlu : 
6856000: system.cpu: T0 : 0x10a00    : auipc a5, 96               : IntAlu :  D=0x0000000000070a00
6856500: system.cpu: T0 : 0x10a04    : ld a5, -336(a5)            : MemRead :  D=0x000000000007234c A=0x708b0
6857000: system.cpu: T0 : 0x10a08    : c_lw a5, 0(a5)             : MemRead :  D=0x0000000000000011 A=0x7234c
6857500: system.cpu: T0 : 0x10a0a    : c_addiw a5, -1             : IntAlu :  D=0x0000000000000010
6858000: system.cpu: T0 : 0x10a0c    : addiw a4, a5, 0            : IntAlu :  D=0x0000000000000010
6858500: system.cpu: T0 : 0x10a10    : auipc a5, 96               : IntAlu :  D=0x0000000000070a10
6859000: system.cpu: T0 : 0x10a14    : ld a5, -352(a5)            : MemRead :  D=0x000000000007234c A=0x708b0
6859500: system.cpu: T0 : 0x10a18    : c_sw a4, 0(a5)             : MemWrite :  D=0x0000000000000010 A=0x7234c
6860500: system.cpu: T0 : 0x10a1a    : auipc a5, 96               : IntAlu :  D=0x0000000000070a1a
6861500: system.cpu: T0 : 0x10a1e    : ld a5, -426(a5)            : MemRead :  D=0x0000000000071a80 A=0x70870
6862000: system.cpu: T0 : 0x10a22    : c_ld a5, 0(a5)             : MemRead :  D=0x0000000000071a69 A=0x71a80
6862500: system.cpu: T0 : 0x10a24    : addi a3, a5, 1             : IntAlu :  D=0x0000000000071a6a
6863000: system.cpu: T0 : 0x10a28    : auipc a4, 96               : IntAlu :  D=0x0000000000070a28
6863500: system.cpu: T0 : 0x10a2c    : ld a4, -440(a4)            : MemRead :  D=0x0000000000071a80 A=0x70870
6864000: system.cpu: T0 : 0x10a30    : c_sd a3, 0(a4)             : MemWrite :  D=0x0000000000071a6a A=0x71a80
6865000: system.cpu: T0 : 0x10a32    : lbu a5, 0(a5)              : MemRead :  D=0x00000000000000ad A=0x71a69
6865500: system.cpu: T0 : 0x10a36    : c_addiw a5, 0              : IntAlu :  D=0x00000000000000ad
6866000: system.cpu: T0 : 0x10a38    : c_j 4                      : IntAlu : 
6866500: system.cpu: T0 : 0x10a3c    : c_mv a0, a5                : IntAlu :  D=0x00000000000000ad
6867000: system.cpu: T0 : 0x10a3e    : c_ldsp s0, 8(sp)           : MemRead :  D=0x7ffffffffffffdd0 A=0x7ffffffffffffd78
6867500: system.cpu: T0 : 0x10a40    : c_addi sp, 16              : IntAlu :  D=0x7ffffffffffffd80
6868000: system.cpu: T0 : 0x10a42    : c_jr ra                    : IntAlu : 
6868500: system.cpu: T0 : 0x10652    : c_mv a5, a0                : IntAlu :  D=0x00000000000000ad
6869000: system.cpu: T0 : 0x10654    : c_addiw a5, 0              : IntAlu :  D=0x00000000000000ad
6870000: system.cpu: T0 : 0x10656    : addiw s6, a5, 0            : IntAlu :  D=0x00000000000000ad
6871000: system.cpu: T0 : 0x1065a    : auipc a5, 95               : IntAlu :  D=0x000000000006f65a
6872000: system.cpu: T0 : 0x1065e    : addi a5, a5, -1578         : IntAlu :  D=0x000000000006f030
6872500: system.cpu: T0 : 0x10662    : c_ld a5, 0(a5)             : MemRead :  D=0x0000000000000021 A=0x6f030
6873000: system.cpu: T0 : 0x10664    : addi a4, a5, 1             : IntAlu :  D=0x0000000000000022
6873500: system.cpu: T0 : 0x10668    : auipc a5, 95               : IntAlu :  D=0x000000000006f668
6874000: system.cpu: T0 : 0x1066c    : addi a5, a5, -1592         : IntAlu :  D=0x000000000006f030
6874500: system.cpu: T0 : 0x10670    : c_sd a4, 0(a5)             : MemWrite :  D=0x0000000000000022 A=0x6f030
6875000: system.cpu: T0 : 0x10672    : c_mv a4, s6                : IntAlu :  D=0x00000000000000ad
6875500: system.cpu: T0 : 0x10674    : auipc a5, 95               : IntAlu :  D=0x000000000006f674
6876000: system.cpu: T0 : 0x10678    : addi a5, a5, -1652         : IntAlu :  D=0x000000000006f000
6876500: system.cpu: T0 : 0x1067c    : c_lw a5, 0(a5)             : MemRead :  D=0x0000000000000010 A=0x6f000
6877500: system.cpu: T0 : 0x1067e    : sll a5, a4, a5             : IntAlu :  D=0x0000000000ad0000
6878500: system.cpu: T0 : 0x10682    : add s2, s4, a5             : IntAlu :  D=0x0000000000ad0075
6879500: system.cpu: T0 : 0x10686    : sllw a5, s6, s3            : IntAlu :  D=0x00000000000000ad
6880000: system.cpu: T0 : 0x1068a    : c_addiw a5, 0              : IntAlu :  D=0x00000000000000ad
6880500: system.cpu: T0 : 0x1068c    : xor s1, s4, a5             : IntAlu :  D=0x00000000000000d8
6881000: system.cpu: T0 : 0x10690    : auipc a4, 96               : IntAlu :  D=0x0000000000070690
6881500: system.cpu: T0 : 0x10694    : ld a4, 496(a4)             : MemRead :  D=0x0000000000071ac0 A=0x70880
6882000: system.cpu: T0 : 0x10698    : slli a5, s1, 3             : IntAlu :  D=0x00000000000006c0
6882500: system.cpu: T0 : 0x1069c    : c_add a5, a4               : IntAlu :  D=0x0000000000072180
6883000: system.cpu: T0 : 0x1069e    : c_ld a5, 0(a5)             : MemRead :  D=0xffffffffffffffff A=0x72180
6883500: system.cpu: T0 : 0x106a0    : bne s2, a5, 26             : IntAlu : 
6884500: system.cpu: T0 : 0x106ba    : auipc a4, 96               : IntAlu :  D=0x00000000000706ba
6885500: system.cpu: T0 : 0x106be    : ld a4, 454(a4)             : MemRead :  D=0x0000000000071ac0 A=0x70880
6886500: system.cpu: T0 : 0x106c2    : slli a5, s1, 3             : IntAlu :  D=0x00000000000006c0
6887000: system.cpu: T0 : 0x106c6    : c_add a5, a4               : IntAlu :  D=0x0000000000072180
6887500: system.cpu: T0 : 0x106c8    : c_ld a5, 0(a5)             : MemRead :  D=0xffffffffffffffff A=0x72180
6888500: system.cpu: T0 : 0x106ca    : blt a5, zero, 132          : IntAlu : 
6889000: system.cpu: T0 : 0x1074e    : c_addi zero, 0             : IntAlu :  D=0x0000000000000000
6889500: system.cpu: T0 : 0x10750    : c_j 4                      : IntAlu : 
6890000: system.cpu: T0 : 0x10754    : addi a5, gp, -920          : IntAlu :  D=0x0000000000070d48
6890500: system.cpu: T0 : 0x10758    : c_ld a5, 0(a5)             : MemRead :  D=0x0000000000000020 A=0x70d48
6891500: system.cpu: T0 : 0x1075a    : addi a4, a5, 1             : IntAlu :  D=0x0000000000000021
6892500: system.cpu: T0 : 0x1075e    : addi a5, gp, -920          : IntAlu :  D=0x0000000000070d48
6893000: system.cpu: T0 : 0x10762    : c_sd a4, 0(a5)             : MemWrite :  D=0x0000000000000021 A=0x70d48
6893500: system.cpu: T0 : 0x10764    : c_mv s4, s6                : IntAlu :  D=0x00000000000000ad
6894500: system.cpu: T0 : 0x10766    : addi a5, gp, -960          : IntAlu :  D=0x0000000000070d20
6895000: system.cpu: T0 : 0x1076a    : c_ld a4, 0(a5)             : MemRead :  D=0x0000000000000121 A=0x70d20
6895500: system.cpu: T0 : 0x1076c    : auipc a5, 95               : IntAlu :  D=0x000000000006f76c
6896000: system.cpu: T0 : 0x10770    : addi a5, a5, -1892         : IntAlu :  D=0x000000000006f008
6896500: system.cpu: T0 : 0x10774    : c_ld a5, 0(a5)             : MemRead :  D=0x0000000000010000 A=0x6f008
6897500: system.cpu: T0 : 0x10776    : bge a4, a5, 64             : IntAlu : 
6898500: system.cpu: T0 : 0x1077a    : addi a5, gp, -960          : IntAlu :  D=0x0000000000070d20
6899000: system.cpu: T0 : 0x1077e    : c_ld a5, 0(a5)             : MemRead :  D=0x0000000000000121 A=0x70d20
6899500: system.cpu: T0 : 0x10780    : addi a3, a5, 1             : IntAlu :  D=0x0000000000000122
6900000: system.cpu: T0 : 0x10784    : addi a4, gp, -960          : IntAlu :  D=0x0000000000070d20
6900500: system.cpu: T0 : 0x10788    : c_sd a3, 0(a4)             : MemWrite :  D=0x0000000000000122 A=0x70d20
6901500: system.cpu: T0 : 0x1078a    : slli a4, a5, 48            : IntAlu :  D=0x0121000000000000
6902000: system.cpu: T0 : 0x1078e    : c_srli a4, 48              : IntAlu :  D=0x0000000000000121
6902500: system.cpu: T0 : 0x10790    : auipc a3, 96               : IntAlu :  D=0x0000000000070790
6903000: system.cpu: T0 : 0x10794    : ld a3, 296(a3)             : MemRead :  D=0x0000000000072350 A=0x708b8
6903500: system.cpu: T0 : 0x10798    : slli a5, s1, 1             : IntAlu :  D=0x00000000000001b0
6904000: system.cpu: T0 : 0x1079c    : c_add a5, a3               : IntAlu :  D=0x0000000000072500
6905000: system.cpu: T0 : 0x1079e    : sh a4, 0(a5)               : MemWrite :  D=0x0000000000000121 A=0x72500
6906000: system.cpu: T0 : 0x107a2    : auipc a4, 96               : IntAlu :  D=0x00000000000707a2
6907000: system.cpu: T0 : 0x107a6    : ld a4, 222(a4)             : MemRead :  D=0x0000000000071ac0 A=0x70880
6908000: system.cpu: T0 : 0x107aa    : slli a5, s1, 3             : IntAlu :  D=0x00000000000006c0
6908500: system.cpu: T0 : 0x107ae    : c_add a5, a4               : IntAlu :  D=0x0000000000072180
6909000: system.cpu: T0 : 0x107b0    : sd s2, 0(a5)               : MemWrite :  D=0x0000000000ad0075 A=0x72180
6909500: system.cpu: T0 : 0x107b4    : c_j 42                     : IntAlu : 
6910500: system.cpu: T0 : 0x107de    : auipc a5, 96               : IntAlu :  D=0x00000000000707de
6911500: system.cpu: T0 : 0x107e2    : ld a5, 210(a5)             : MemRead :  D=0x000000000007234c A=0x708b0
6912000: system.cpu: T0 : 0x107e6    : c_lw a5, 0(a5)             : MemRead :  D=0x0000000000000010 A=0x7234c
6912500: system.cpu: T0 : 0x107e8    : blt zero, a5, -414         : IntAlu : 
6913500: system.cpu: T0 : 0x1064a    : sw zero, -68(s0)           : MemWrite :  D=0x0000000000000000 A=0x7ffffffffffffd8c
6914500: system.cpu: T0 : 0x1064e    : jal ra, 894                : IntAlu :  D=0x0000000000010652
6915000: system.cpu: T0 : 0x109cc    : c_addi sp, -16             : IntAlu :  D=0x7ffffffffffffd70
6915500: system.cpu: T0 : 0x109ce    : c_sdsp s0, 8(sp)           : MemWrite :  D=0x7ffffffffffffdd0 A=0x7ffffffffffffd78
6916000: system.cpu: T0 : 0x109d0    : c_addi4spn s0, sp, 16      : IntAlu :  D=0x7ffffffffffffd80
6917000: system.cpu: T0 : 0x109d2    : auipc a5, 96               : IntAlu :  D=0x00000000000709d2
6918000: system.cpu: T0 : 0x109d6    : ld a5, -290(a5)            : MemRead :  D=0x000000000007234c A=0x708b0
6918500: system.cpu: T0 : 0x109da    : c_lw a5, 0(a5)             : MemRead :  D=0x0000000000000010 A=0x7234c
6919000: system.cpu: T0 : 0x109dc    : bge zero, a5, 94           : IntAlu : 
6919500: system.cpu: T0 : 0x109e0    : auipc a5, 96               : IntAlu :  D=0x00000000000709e0
6920000: system.cpu: T0 : 0x109e4    : ld a5, -344(a5)            : MemRead :  D=0x00000000000722c8 A=0x70888
6920500: system.cpu: T0 : 0x109e8    : c_lw a5, 0(a5)             : MemRead :  D=0x0000000000000013 A=0x722c8
6921500: system.cpu: T0 : 0x109ea    : addiw a4, a5, -1           : IntAlu :  D=0x0000000000000012
6922500: system.cpu: T0 : 0x109ee    : addiw a3, a4, 0            : IntAlu :  D=0x0000000000000012
6923500: system.cpu: T0 : 0x109f2    : auipc a4, 96               : IntAlu :  D=0x00000000000709f2
6924500: system.cpu: T0 : 0x109f6    : ld a4, -362(a4)            : MemRead :  D=0x00000000000722c8 A=0x70888
6925000: system.cpu: T0 : 0x109fa    : c_sw a3, 0(a4)             : MemWrite :  D=0x0000000000000012 A=0x722c8
6925500: system.cpu: T0 : 0x109fc    : bge zero, a5, 62           : IntAlu : 
6926000: system.cpu: T0 : 0x10a00    : auipc a5, 96               : IntAlu :  D=0x0000000000070a00
6926500: system.cpu: T0 : 0x10a04    : ld a5, -336(a5)            : MemRead :  D=0x000000000007234c A=0x708b0
6927000: system.cpu: T0 : 0x10a08    : c_lw a5, 0(a5)             : MemRead :  D=0x0000000000000010 A=0x7234c
6927500: system.cpu: T0 : 0x10a0a    : c_addiw a5, -1             : IntAlu :  D=0x000000000000000f
6928000: system.cpu: T0 : 0x10a0c    : addiw a4, a5, 0            : IntAlu :  D=0x000000000000000f
6928500: system.cpu: T0 : 0x10a10    : auipc a5, 96               : IntAlu :  D=0x0000000000070a10
6929000: system.cpu: T0 : 0x10a14    : ld a5, -352(a5)            : MemRead :  D=0x000000000007234c A=0x708b0
6929500: system.cpu: T0 : 0x10a18    : c_sw a4, 0(a5)             : MemWrite :  D=0x000000000000000f A=0x7234c
6930500: system.cpu: T0 : 0x10a1a    : auipc a5, 96               : IntAlu :  D=0x0000000000070a1a
6931500: system.cpu: T0 : 0x10a1e    : ld a5, -426(a5)            : MemRead :  D=0x0000000000071a80 A=0x70870
6932000: system.cpu: T0 : 0x10a22    : c_ld a5, 0(a5)             : MemRead :  D=0x0000000000071a6a A=0x71a80
6932500: system.cpu: T0 : 0x10a24    : addi a3, a5, 1             : IntAlu :  D=0x0000000000071a6b
6933000: system.cpu: T0 : 0x10a28    : auipc a4, 96               : IntAlu :  D=0x0000000000070a28
6933500: system.cpu: T0 : 0x10a2c    : ld a4, -440(a4)            : MemRead :  D=0x0000000000071a80 A=0x70870
6934000: system.cpu: T0 : 0x10a30    : c_sd a3, 0(a4)             : MemWrite :  D=0x0000000000071a6b A=0x71a80
6935000: system.cpu: T0 : 0x10a32    : lbu a5, 0(a5)              : MemRead :  D=0x00000000000000d3 A=0x71a6a
6935500: system.cpu: T0 : 0x10a36    : c_addiw a5, 0              : IntAlu :  D=0x00000000000000d3
6936000: system.cpu: T0 : 0x10a38    : c_j 4                      : IntAlu : 
6936500: system.cpu: T0 : 0x10a3c    : c_mv a0, a5                : IntAlu :  D=0x00000000000000d3
6937000: system.cpu: T0 : 0x10a3e    : c_ldsp s0, 8(sp)           : MemRead :  D=0x7ffffffffffffdd0 A=0x7ffffffffffffd78
6937500: system.cpu: T0 : 0x10a40    : c_addi sp, 16              : IntAlu :  D=0x7ffffffffffffd80
6938000: system.cpu: T0 : 0x10a42    : c_jr ra                    : IntAlu : 
6938500: system.cpu: T0 : 0x10652    : c_mv a5, a0                : IntAlu :  D=0x00000000000000d3
6939000: system.cpu: T0 : 0x10654    : c_addiw a5, 0              : IntAlu :  D=0x00000000000000d3
6940000: system.cpu: T0 : 0x10656    : addiw s6, a5, 0            : IntAlu :  D=0x00000000000000d3
6941000: system.cpu: T0 : 0x1065a    : auipc a5, 95               : IntAlu :  D=0x000000000006f65a
6942000: system.cpu: T0 : 0x1065e    : addi a5, a5, -1578         : IntAlu :  D=0x000000000006f030
6942500: system.cpu: T0 : 0x10662    : c_ld a5, 0(a5)             : MemRead :  D=0x0000000000000022 A=0x6f030
6943000: system.cpu: T0 : 0x10664    : addi a4, a5, 1             : IntAlu :  D=0x0000000000000023
6943500: system.cpu: T0 : 0x10668    : auipc a5, 95               : IntAlu :  D=0x000000000006f668
6944000: system.cpu: T0 : 0x1066c    : addi a5, a5, -1592         : IntAlu :  D=0x000000000006f030
6944500: system.cpu: T0 : 0x10670    : c_sd a4, 0(a5)             : MemWrite :  D=0x0000000000000023 A=0x6f030
6945000: system.cpu: T0 : 0x10672    : c_mv a4, s6                : IntAlu :  D=0x00000000000000d3
6945500: system.cpu: T0 : 0x10674    : auipc a5, 95               : IntAlu :  D=0x000000000006f674
6946000: system.cpu: T0 : 0x10678    : addi a5, a5, -1652         : IntAlu :  D=0x000000000006f000
6946500: system.cpu: T0 : 0x1067c    : c_lw a5, 0(a5)             : MemRead :  D=0x0000000000000010 A=0x6f000
6947500: system.cpu: T0 : 0x1067e    : sll a5, a4, a5             : IntAlu :  D=0x0000000000d30000
6948500: system.cpu: T0 : 0x10682    : add s2, s4, a5             : IntAlu :  D=0x0000000000d300ad
6949500: system.cpu: T0 : 0x10686    : sllw a5, s6, s3            : IntAlu :  D=0x00000000000000d3
6950000: system.cpu: T0 : 0x1068a    : c_addiw a5, 0              : IntAlu :  D=0x00000000000000d3
6950500: system.cpu: T0 : 0x1068c    : xor s1, s4, a5             : IntAlu :  D=0x000000000000007e
6951000: system.cpu: T0 : 0x10690    : auipc a4, 96               : IntAlu :  D=0x0000000000070690
6951500: system.cpu: T0 : 0x10694    : ld a4, 496(a4)             : MemRead :  D=0x0000000000071ac0 A=0x70880
6952000: system.cpu: T0 : 0x10698    : slli a5, s1, 3             : IntAlu :  D=0x00000000000003f0
6952500: system.cpu: T0 : 0x1069c    : c_add a5, a4               : IntAlu :  D=0x0000000000071eb0
6953000: system.cpu: T0 : 0x1069e    : c_ld a5, 0(a5)             : MemRead :  D=0xffffffffffffffff A=0x71eb0
6953500: system.cpu: T0 : 0x106a0    : bne s2, a5, 26             : IntAlu : 
6954500: system.cpu: T0 : 0x106ba    : auipc a4, 96               : IntAlu :  D=0x00000000000706ba
6955500: system.cpu: T0 : 0x106be    : ld a4, 454(a4)             : MemRead :  D=0x0000000000071ac0 A=0x70880
6956500: system.cpu: T0 : 0x106c2    : slli a5, s1, 3             : IntAlu :  D=0x00000000000003f0
6957000: system.cpu: T0 : 0x106c6    : c_add a5, a4               : IntAlu :  D=0x0000000000071eb0
6957500: system.cpu: T0 : 0x106c8    : c_ld a5, 0(a5)             : MemRead :  D=0xffffffffffffffff A=0x71eb0
6958500: system.cpu: T0 : 0x106ca    : blt a5, zero, 132          : IntAlu : 
6959000: system.cpu: T0 : 0x1074e    : c_addi zero, 0             : IntAlu :  D=0x0000000000000000
6959500: system.cpu: T0 : 0x10750    : c_j 4                      : IntAlu : 
6960000: system.cpu: T0 : 0x10754    : addi a5, gp, -920          : IntAlu :  D=0x0000000000070d48
6960500: system.cpu: T0 : 0x10758    : c_ld a5, 0(a5)             : MemRead :  D=0x0000000000000021 A=0x70d48
6961500: system.cpu: T0 : 0x1075a    : addi a4, a5, 1             : IntAlu :  D=0x0000000000000022
6962500: system.cpu: T0 : 0x1075e    : addi a5, gp, -920          : IntAlu :  D=0x0000000000070d48
6963000: system.cpu: T0 : 0x10762    : c_sd a4, 0(a5)             : MemWrite :  D=0x0000000000000022 A=0x70d48
6963500: system.cpu: T0 : 0x10764    : c_mv s4, s6                : IntAlu :  D=0x00000000000000d3
6964500: system.cpu: T0 : 0x10766    : addi a5, gp, -960          : IntAlu :  D=0x0000000000070d20
6965000: system.cpu: T0 : 0x1076a    : c_ld a4, 0(a5)             : MemRead :  D=0x0000000000000122 A=0x70d20
6965500: system.cpu: T0 : 0x1076c    : auipc a5, 95               : IntAlu :  D=0x000000000006f76c
6966000: system.cpu: T0 : 0x10770    : addi a5, a5, -1892         : IntAlu :  D=0x000000000006f008
6966500: system.cpu: T0 : 0x10774    : c_ld a5, 0(a5)             : MemRead :  D=0x0000000000010000 A=0x6f008
6967500: system.cpu: T0 : 0x10776    : bge a4, a5, 64             : IntAlu : 
6968500: system.cpu: T0 : 0x1077a    : addi a5, gp, -960          : IntAlu :  D=0x0000000000070d20
6969000: system.cpu: T0 : 0x1077e    : c_ld a5, 0(a5)             : MemRead :  D=0x0000000000000122 A=0x70d20
6969500: system.cpu: T0 : 0x10780    : addi a3, a5, 1             : IntAlu :  D=0x0000000000000123
6970000: system.cpu: T0 : 0x10784    : addi a4, gp, -960          : IntAlu :  D=0x0000000000070d20
6970500: system.cpu: T0 : 0x10788    : c_sd a3, 0(a4)             : MemWrite :  D=0x0000000000000123 A=0x70d20
6971500: system.cpu: T0 : 0x1078a    : slli a4, a5, 48            : IntAlu :  D=0x0122000000000000
6972000: system.cpu: T0 : 0x1078e    : c_srli a4, 48              : IntAlu :  D=0x0000000000000122
6972500: system.cpu: T0 : 0x10790    : auipc a3, 96               : IntAlu :  D=0x0000000000070790
6973000: system.cpu: T0 : 0x10794    : ld a3, 296(a3)             : MemRead :  D=0x0000000000072350 A=0x708b8
6973500: system.cpu: T0 : 0x10798    : slli a5, s1, 1             : IntAlu :  D=0x00000000000000fc
6974000: system.cpu: T0 : 0x1079c    : c_add a5, a3               : IntAlu :  D=0x000000000007244c
6975000: system.cpu: T0 : 0x1079e    : sh a4, 0(a5)               : MemWrite :  D=0x0000000000000122 A=0x7244c
6976000: system.cpu: T0 : 0x107a2    : auipc a4, 96               : IntAlu :  D=0x00000000000707a2
6977000: system.cpu: T0 : 0x107a6    : ld a4, 222(a4)             : MemRead :  D=0x0000000000071ac0 A=0x70880
6978000: system.cpu: T0 : 0x107aa    : slli a5, s1, 3             : IntAlu :  D=0x00000000000003f0
6978500: system.cpu: T0 : 0x107ae    : c_add a5, a4               : IntAlu :  D=0x0000000000071eb0
6979000: system.cpu: T0 : 0x107b0    : sd s2, 0(a5)               : MemWrite :  D=0x0000000000d300ad A=0x71eb0
6979500: system.cpu: T0 : 0x107b4    : c_j 42                     : IntAlu : 
6980500: system.cpu: T0 : 0x107de    : auipc a5, 96               : IntAlu :  D=0x00000000000707de
6981500: system.cpu: T0 : 0x107e2    : ld a5, 210(a5)             : MemRead :  D=0x000000000007234c A=0x708b0
6982000: system.cpu: T0 : 0x107e6    : c_lw a5, 0(a5)             : MemRead :  D=0x000000000000000f A=0x7234c
6982500: system.cpu: T0 : 0x107e8    : blt zero, a5, -414         : IntAlu : 
6983500: system.cpu: T0 : 0x1064a    : sw zero, -68(s0)           : MemWrite :  D=0x0000000000000000 A=0x7ffffffffffffd8c
6984500: system.cpu: T0 : 0x1064e    : jal ra, 894                : IntAlu :  D=0x0000000000010652
6985000: system.cpu: T0 : 0x109cc    : c_addi sp, -16             : IntAlu :  D=0x7ffffffffffffd70
6985500: system.cpu: T0 : 0x109ce    : c_sdsp s0, 8(sp)           : MemWrite :  D=0x7ffffffffffffdd0 A=0x7ffffffffffffd78
6986000: system.cpu: T0 : 0x109d0    : c_addi4spn s0, sp, 16      : IntAlu :  D=0x7ffffffffffffd80
6987000: system.cpu: T0 : 0x109d2    : auipc a5, 96               : IntAlu :  D=0x00000000000709d2
6988000: system.cpu: T0 : 0x109d6    : ld a5, -290(a5)            : MemRead :  D=0x000000000007234c A=0x708b0
6988500: system.cpu: T0 : 0x109da    : c_lw a5, 0(a5)             : MemRead :  D=0x000000000000000f A=0x7234c
6989000: system.cpu: T0 : 0x109dc    : bge zero, a5, 94           : IntAlu : 
6989500: system.cpu: T0 : 0x109e0    : auipc a5, 96               : IntAlu :  D=0x00000000000709e0
6990000: system.cpu: T0 : 0x109e4    : ld a5, -344(a5)            : MemRead :  D=0x00000000000722c8 A=0x70888
6990500: system.cpu: T0 : 0x109e8    : c_lw a5, 0(a5)             : MemRead :  D=0x0000000000000012 A=0x722c8
6991500: system.cpu: T0 : 0x109ea    : addiw a4, a5, -1           : IntAlu :  D=0x0000000000000011
6992500: system.cpu: T0 : 0x109ee    : addiw a3, a4, 0            : IntAlu :  D=0x0000000000000011
6993500: system.cpu: T0 : 0x109f2    : auipc a4, 96               : IntAlu :  D=0x00000000000709f2
6994500: system.cpu: T0 : 0x109f6    : ld a4, -362(a4)            : MemRead :  D=0x00000000000722c8 A=0x70888
6995000: system.cpu: T0 : 0x109fa    : c_sw a3, 0(a4)             : MemWrite :  D=0x0000000000000011 A=0x722c8
6995500: system.cpu: T0 : 0x109fc    : bge zero, a5, 62           : IntAlu : 
6996000: system.cpu: T0 : 0x10a00    : auipc a5, 96               : IntAlu :  D=0x0000000000070a00
6996500: system.cpu: T0 : 0x10a04    : ld a5, -336(a5)            : MemRead :  D=0x000000000007234c A=0x708b0
6997000: system.cpu: T0 : 0x10a08    : c_lw a5, 0(a5)             : MemRead :  D=0x000000000000000f A=0x7234c
6997500: system.cpu: T0 : 0x10a0a    : c_addiw a5, -1             : IntAlu :  D=0x000000000000000e
6998000: system.cpu: T0 : 0x10a0c    : addiw a4, a5, 0            : IntAlu :  D=0x000000000000000e
6998500: system.cpu: T0 : 0x10a10    : auipc a5, 96               : IntAlu :  D=0x0000000000070a10
6999000: system.cpu: T0 : 0x10a14    : ld a5, -352(a5)            : MemRead :  D=0x000000000007234c A=0x708b0
6999500: system.cpu: T0 : 0x10a18    : c_sw a4, 0(a5)             : MemWrite :  D=0x000000000000000e A=0x7234c
7000500: system.cpu: T0 : 0x10a1a    : auipc a5, 96               : IntAlu :  D=0x0000000000070a1a
7001500: system.cpu: T0 : 0x10a1e    : ld a5, -426(a5)            : MemRead :  D=0x0000000000071a80 A=0x70870
7002000: system.cpu: T0 : 0x10a22    : c_ld a5, 0(a5)             : MemRead :  D=0x0000000000071a6b A=0x71a80
7002500: system.cpu: T0 : 0x10a24    : addi a3, a5, 1             : IntAlu :  D=0x0000000000071a6c
7003000: system.cpu: T0 : 0x10a28    : auipc a4, 96               : IntAlu :  D=0x0000000000070a28
7003500: system.cpu: T0 : 0x10a2c    : ld a4, -440(a4)            : MemRead :  D=0x0000000000071a80 A=0x70870
7004000: system.cpu: T0 : 0x10a30    : c_sd a3, 0(a4)             : MemWrite :  D=0x0000000000071a6c A=0x71a80
7005000: system.cpu: T0 : 0x10a32    : lbu a5, 0(a5)              : MemRead :  D=0x000000000000004d A=0x71a6b
7005500: system.cpu: T0 : 0x10a36    : c_addiw a5, 0              : IntAlu :  D=0x000000000000004d
7006000: system.cpu: T0 : 0x10a38    : c_j 4                      : IntAlu : 
7006500: system.cpu: T0 : 0x10a3c    : c_mv a0, a5                : IntAlu :  D=0x000000000000004d
7007000: system.cpu: T0 : 0x10a3e    : c_ldsp s0, 8(sp)           : MemRead :  D=0x7ffffffffffffdd0 A=0x7ffffffffffffd78
7007500: system.cpu: T0 : 0x10a40    : c_addi sp, 16              : IntAlu :  D=0x7ffffffffffffd80
7008000: system.cpu: T0 : 0x10a42    : c_jr ra                    : IntAlu : 
7008500: system.cpu: T0 : 0x10652    : c_mv a5, a0                : IntAlu :  D=0x000000000000004d
7009000: system.cpu: T0 : 0x10654    : c_addiw a5, 0              : IntAlu :  D=0x000000000000004d
7010000: system.cpu: T0 : 0x10656    : addiw s6, a5, 0            : IntAlu :  D=0x000000000000004d
7011000: system.cpu: T0 : 0x1065a    : auipc a5, 95               : IntAlu :  D=0x000000000006f65a
7012000: system.cpu: T0 : 0x1065e    : addi a5, a5, -1578         : IntAlu :  D=0x000000000006f030
7012500: system.cpu: T0 : 0x10662    : c_ld a5, 0(a5)             : MemRead :  D=0x0000000000000023 A=0x6f030
7013000: system.cpu: T0 : 0x10664    : addi a4, a5, 1             : IntAlu :  D=0x0000000000000024
7013500: system.cpu: T0 : 0x10668    : auipc a5, 95               : IntAlu :  D=0x000000000006f668
7014000: system.cpu: T0 : 0x1066c    : addi a5, a5, -1592         : IntAlu :  D=0x000000000006f030
7014500: system.cpu: T0 : 0x10670    : c_sd a4, 0(a5)             : MemWrite :  D=0x0000000000000024 A=0x6f030
7015000: system.cpu: T0 : 0x10672    : c_mv a4, s6                : IntAlu :  D=0x000000000000004d
7015500: system.cpu: T0 : 0x10674    : auipc a5, 95               : IntAlu :  D=0x000000000006f674
7016000: system.cpu: T0 : 0x10678    : addi a5, a5, -1652         : IntAlu :  D=0x000000000006f000
7016500: system.cpu: T0 : 0x1067c    : c_lw a5, 0(a5)             : MemRead :  D=0x0000000000000010 A=0x6f000
7017500: system.cpu: T0 : 0x1067e    : sll a5, a4, a5             : IntAlu :  D=0x00000000004d0000
7018500: system.cpu: T0 : 0x10682    : add s2, s4, a5             : IntAlu :  D=0x00000000004d00d3
7019500: system.cpu: T0 : 0x10686    : sllw a5, s6, s3            : IntAlu :  D=0x000000000000004d
7020000: system.cpu: T0 : 0x1068a    : c_addiw a5, 0              : IntAlu :  D=0x000000000000004d
7020500: system.cpu: T0 : 0x1068c    : xor s1, s4, a5             : IntAlu :  D=0x000000000000009e
7021000: system.cpu: T0 : 0x10690    : auipc a4, 96               : IntAlu :  D=0x0000000000070690
7021500: system.cpu: T0 : 0x10694    : ld a4, 496(a4)             : MemRead :  D=0x0000000000071ac0 A=0x70880
7022000: system.cpu: T0 : 0x10698    : slli a5, s1, 3             : IntAlu :  D=0x00000000000004f0
7022500: system.cpu: T0 : 0x1069c    : c_add a5, a4               : IntAlu :  D=0x0000000000071fb0
7023000: system.cpu: T0 : 0x1069e    : c_ld a5, 0(a5)             : MemRead :  D=0xffffffffffffffff A=0x71fb0
7023500: system.cpu: T0 : 0x106a0    : bne s2, a5, 26             : IntAlu : 
7024500: system.cpu: T0 : 0x106ba    : auipc a4, 96               : IntAlu :  D=0x00000000000706ba
7025500: system.cpu: T0 : 0x106be    : ld a4, 454(a4)             : MemRead :  D=0x0000000000071ac0 A=0x70880
7026500: system.cpu: T0 : 0x106c2    : slli a5, s1, 3             : IntAlu :  D=0x00000000000004f0
7027000: system.cpu: T0 : 0x106c6    : c_add a5, a4               : IntAlu :  D=0x0000000000071fb0
7027500: system.cpu: T0 : 0x106c8    : c_ld a5, 0(a5)             : MemRead :  D=0xffffffffffffffff A=0x71fb0
7028500: system.cpu: T0 : 0x106ca    : blt a5, zero, 132          : IntAlu : 
7029000: system.cpu: T0 : 0x1074e    : c_addi zero, 0             : IntAlu :  D=0x0000000000000000
7029500: system.cpu: T0 : 0x10750    : c_j 4                      : IntAlu : 
7030000: system.cpu: T0 : 0x10754    : addi a5, gp, -920          : IntAlu :  D=0x0000000000070d48
7030500: system.cpu: T0 : 0x10758    : c_ld a5, 0(a5)             : MemRead :  D=0x0000000000000022 A=0x70d48
7031500: system.cpu: T0 : 0x1075a    : addi a4, a5, 1             : IntAlu :  D=0x0000000000000023
7032500: system.cpu: T0 : 0x1075e    : addi a5, gp, -920          : IntAlu :  D=0x0000000000070d48
7033000: system.cpu: T0 : 0x10762    : c_sd a4, 0(a5)             : MemWrite :  D=0x0000000000000023 A=0x70d48
7033500: system.cpu: T0 : 0x10764    : c_mv s4, s6                : IntAlu :  D=0x000000000000004d
7034500: system.cpu: T0 : 0x10766    : addi a5, gp, -960          : IntAlu :  D=0x0000000000070d20
7035000: system.cpu: T0 : 0x1076a    : c_ld a4, 0(a5)             : MemRead :  D=0x0000000000000123 A=0x70d20
7035500: system.cpu: T0 : 0x1076c    : auipc a5, 95               : IntAlu :  D=0x000000000006f76c
7036000: system.cpu: T0 : 0x10770    : addi a5, a5, -1892         : IntAlu :  D=0x000000000006f008
7036500: system.cpu: T0 : 0x10774    : c_ld a5, 0(a5)             : MemRead :  D=0x0000000000010000 A=0x6f008
7037500: system.cpu: T0 : 0x10776    : bge a4, a5, 64             : IntAlu : 
7038500: system.cpu: T0 : 0x1077a    : addi a5, gp, -960          : IntAlu :  D=0x0000000000070d20
7039000: system.cpu: T0 : 0x1077e    : c_ld a5, 0(a5)             : MemRead :  D=0x0000000000000123 A=0x70d20
7039500: system.cpu: T0 : 0x10780    : addi a3, a5, 1             : IntAlu :  D=0x0000000000000124
7040000: system.cpu: T0 : 0x10784    : addi a4, gp, -960          : IntAlu :  D=0x0000000000070d20
7040500: system.cpu: T0 : 0x10788    : c_sd a3, 0(a4)             : MemWrite :  D=0x0000000000000124 A=0x70d20
7041500: system.cpu: T0 : 0x1078a    : slli a4, a5, 48            : IntAlu :  D=0x0123000000000000
7042000: system.cpu: T0 : 0x1078e    : c_srli a4, 48              : IntAlu :  D=0x0000000000000123
7042500: system.cpu: T0 : 0x10790    : auipc a3, 96               : IntAlu :  D=0x0000000000070790
7043000: system.cpu: T0 : 0x10794    : ld a3, 296(a3)             : MemRead :  D=0x0000000000072350 A=0x708b8
7043500: system.cpu: T0 : 0x10798    : slli a5, s1, 1             : IntAlu :  D=0x000000000000013c
7044000: system.cpu: T0 : 0x1079c    : c_add a5, a3               : IntAlu :  D=0x000000000007248c
7045000: system.cpu: T0 : 0x1079e    : sh a4, 0(a5)               : MemWrite :  D=0x0000000000000123 A=0x7248c
7046000: system.cpu: T0 : 0x107a2    : auipc a4, 96               : IntAlu :  D=0x00000000000707a2
7047000: system.cpu: T0 : 0x107a6    : ld a4, 222(a4)             : MemRead :  D=0x0000000000071ac0 A=0x70880
7048000: system.cpu: T0 : 0x107aa    : slli a5, s1, 3             : IntAlu :  D=0x00000000000004f0
7048500: system.cpu: T0 : 0x107ae    : c_add a5, a4               : IntAlu :  D=0x0000000000071fb0
7049000: system.cpu: T0 : 0x107b0    : sd s2, 0(a5)               : MemWrite :  D=0x00000000004d00d3 A=0x71fb0
7049500: system.cpu: T0 : 0x107b4    : c_j 42                     : IntAlu : 
7050500: system.cpu: T0 : 0x107de    : auipc a5, 96               : IntAlu :  D=0x00000000000707de
7051500: system.cpu: T0 : 0x107e2    : ld a5, 210(a5)             : MemRead :  D=0x000000000007234c A=0x708b0
7052000: system.cpu: T0 : 0x107e6    : c_lw a5, 0(a5)             : MemRead :  D=0x000000000000000e A=0x7234c
7052500: system.cpu: T0 : 0x107e8    : blt zero, a5, -414         : IntAlu : 
7053500: system.cpu: T0 : 0x1064a    : sw zero, -68(s0)           : MemWrite :  D=0x0000000000000000 A=0x7ffffffffffffd8c
7054500: system.cpu: T0 : 0x1064e    : jal ra, 894                : IntAlu :  D=0x0000000000010652
7055000: system.cpu: T0 : 0x109cc    : c_addi sp, -16             : IntAlu :  D=0x7ffffffffffffd70
7055500: system.cpu: T0 : 0x109ce    : c_sdsp s0, 8(sp)           : MemWrite :  D=0x7ffffffffffffdd0 A=0x7ffffffffffffd78
7056000: system.cpu: T0 : 0x109d0    : c_addi4spn s0, sp, 16      : IntAlu :  D=0x7ffffffffffffd80
7057000: system.cpu: T0 : 0x109d2    : auipc a5, 96               : IntAlu :  D=0x00000000000709d2
7058000: system.cpu: T0 : 0x109d6    : ld a5, -290(a5)            : MemRead :  D=0x000000000007234c A=0x708b0
7058500: system.cpu: T0 : 0x109da    : c_lw a5, 0(a5)             : MemRead :  D=0x000000000000000e A=0x7234c
7059000: system.cpu: T0 : 0x109dc    : bge zero, a5, 94           : IntAlu : 
7059500: system.cpu: T0 : 0x109e0    : auipc a5, 96               : IntAlu :  D=0x00000000000709e0
7060000: system.cpu: T0 : 0x109e4    : ld a5, -344(a5)            : MemRead :  D=0x00000000000722c8 A=0x70888
7060500: system.cpu: T0 : 0x109e8    : c_lw a5, 0(a5)             : MemRead :  D=0x0000000000000011 A=0x722c8
7061500: system.cpu: T0 : 0x109ea    : addiw a4, a5, -1           : IntAlu :  D=0x0000000000000010
7062500: system.cpu: T0 : 0x109ee    : addiw a3, a4, 0            : IntAlu :  D=0x0000000000000010
7063500: system.cpu: T0 : 0x109f2    : auipc a4, 96               : IntAlu :  D=0x00000000000709f2
7064500: system.cpu: T0 : 0x109f6    : ld a4, -362(a4)            : MemRead :  D=0x00000000000722c8 A=0x70888
7065000: system.cpu: T0 : 0x109fa    : c_sw a3, 0(a4)             : MemWrite :  D=0x0000000000000010 A=0x722c8
7065500: system.cpu: T0 : 0x109fc    : bge zero, a5, 62           : IntAlu : 
7066000: system.cpu: T0 : 0x10a00    : auipc a5, 96               : IntAlu :  D=0x0000000000070a00
7066500: system.cpu: T0 : 0x10a04    : ld a5, -336(a5)            : MemRead :  D=0x000000000007234c A=0x708b0
7067000: system.cpu: T0 : 0x10a08    : c_lw a5, 0(a5)             : MemRead :  D=0x000000000000000e A=0x7234c
7067500: system.cpu: T0 : 0x10a0a    : c_addiw a5, -1             : IntAlu :  D=0x000000000000000d
7068000: system.cpu: T0 : 0x10a0c    : addiw a4, a5, 0            : IntAlu :  D=0x000000000000000d
7068500: system.cpu: T0 : 0x10a10    : auipc a5, 96               : IntAlu :  D=0x0000000000070a10
7069000: system.cpu: T0 : 0x10a14    : ld a5, -352(a5)            : MemRead :  D=0x000000000007234c A=0x708b0
7069500: system.cpu: T0 : 0x10a18    : c_sw a4, 0(a5)             : MemWrite :  D=0x000000000000000d A=0x7234c
7070500: system.cpu: T0 : 0x10a1a    : auipc a5, 96               : IntAlu :  D=0x0000000000070a1a
7071500: system.cpu: T0 : 0x10a1e    : ld a5, -426(a5)            : MemRead :  D=0x0000000000071a80 A=0x70870
7072000: system.cpu: T0 : 0x10a22    : c_ld a5, 0(a5)             : MemRead :  D=0x0000000000071a6c A=0x71a80
7072500: system.cpu: T0 : 0x10a24    : addi a3, a5, 1             : IntAlu :  D=0x0000000000071a6d
7073000: system.cpu: T0 : 0x10a28    : auipc a4, 96               : IntAlu :  D=0x0000000000070a28
7073500: system.cpu: T0 : 0x10a2c    : ld a4, -440(a4)            : MemRead :  D=0x0000000000071a80 A=0x70870
7074000: system.cpu: T0 : 0x10a30    : c_sd a3, 0(a4)             : MemWrite :  D=0x0000000000071a6d A=0x71a80
7075000: system.cpu: T0 : 0x10a32    : lbu a5, 0(a5)              : MemRead :  D=0x000000000000000e A=0x71a6c
7075500: system.cpu: T0 : 0x10a36    : c_addiw a5, 0              : IntAlu :  D=0x000000000000000e
7076000: system.cpu: T0 : 0x10a38    : c_j 4                      : IntAlu : 
7076500: system.cpu: T0 : 0x10a3c    : c_mv a0, a5                : IntAlu :  D=0x000000000000000e
7077000: system.cpu: T0 : 0x10a3e    : c_ldsp s0, 8(sp)           : MemRead :  D=0x7ffffffffffffdd0 A=0x7ffffffffffffd78
7077500: system.cpu: T0 : 0x10a40    : c_addi sp, 16              : IntAlu :  D=0x7ffffffffffffd80
7078000: system.cpu: T0 : 0x10a42    : c_jr ra                    : IntAlu : 
7078500: system.cpu: T0 : 0x10652    : c_mv a5, a0                : IntAlu :  D=0x000000000000000e
7079000: system.cpu: T0 : 0x10654    : c_addiw a5, 0              : IntAlu :  D=0x000000000000000e
7080000: system.cpu: T0 : 0x10656    : addiw s6, a5, 0            : IntAlu :  D=0x000000000000000e
7081000: system.cpu: T0 : 0x1065a    : auipc a5, 95               : IntAlu :  D=0x000000000006f65a
7082000: system.cpu: T0 : 0x1065e    : addi a5, a5, -1578         : IntAlu :  D=0x000000000006f030
7082500: system.cpu: T0 : 0x10662    : c_ld a5, 0(a5)             : MemRead :  D=0x0000000000000024 A=0x6f030
7083000: system.cpu: T0 : 0x10664    : addi a4, a5, 1             : IntAlu :  D=0x0000000000000025
7083500: system.cpu: T0 : 0x10668    : auipc a5, 95               : IntAlu :  D=0x000000000006f668
7084000: system.cpu: T0 : 0x1066c    : addi a5, a5, -1592         : IntAlu :  D=0x000000000006f030
7084500: system.cpu: T0 : 0x10670    : c_sd a4, 0(a5)             : MemWrite :  D=0x0000000000000025 A=0x6f030
7085000: system.cpu: T0 : 0x10672    : c_mv a4, s6                : IntAlu :  D=0x000000000000000e
7085500: system.cpu: T0 : 0x10674    : auipc a5, 95               : IntAlu :  D=0x000000000006f674
7086000: system.cpu: T0 : 0x10678    : addi a5, a5, -1652         : IntAlu :  D=0x000000000006f000
7086500: system.cpu: T0 : 0x1067c    : c_lw a5, 0(a5)             : MemRead :  D=0x0000000000000010 A=0x6f000
7087500: system.cpu: T0 : 0x1067e    : sll a5, a4, a5             : IntAlu :  D=0x00000000000e0000
7088500: system.cpu: T0 : 0x10682    : add s2, s4, a5             : IntAlu :  D=0x00000000000e004d
7089500: system.cpu: T0 : 0x10686    : sllw a5, s6, s3            : IntAlu :  D=0x000000000000000e
7090000: system.cpu: T0 : 0x1068a    : c_addiw a5, 0              : IntAlu :  D=0x000000000000000e
7090500: system.cpu: T0 : 0x1068c    : xor s1, s4, a5             : IntAlu :  D=0x0000000000000043
7091000: system.cpu: T0 : 0x10690    : auipc a4, 96               : IntAlu :  D=0x0000000000070690
7091500: system.cpu: T0 : 0x10694    : ld a4, 496(a4)             : MemRead :  D=0x0000000000071ac0 A=0x70880
7092000: system.cpu: T0 : 0x10698    : slli a5, s1, 3             : IntAlu :  D=0x0000000000000218
7092500: system.cpu: T0 : 0x1069c    : c_add a5, a4               : IntAlu :  D=0x0000000000071cd8
7093000: system.cpu: T0 : 0x1069e    : c_ld a5, 0(a5)             : MemRead :  D=0xffffffffffffffff A=0x71cd8
7093500: system.cpu: T0 : 0x106a0    : bne s2, a5, 26             : IntAlu : 
7094500: system.cpu: T0 : 0x106ba    : auipc a4, 96               : IntAlu :  D=0x00000000000706ba
7095500: system.cpu: T0 : 0x106be    : ld a4, 454(a4)             : MemRead :  D=0x0000000000071ac0 A=0x70880
7096500: system.cpu: T0 : 0x106c2    : slli a5, s1, 3             : IntAlu :  D=0x0000000000000218
7097000: system.cpu: T0 : 0x106c6    : c_add a5, a4               : IntAlu :  D=0x0000000000071cd8
7097500: system.cpu: T0 : 0x106c8    : c_ld a5, 0(a5)             : MemRead :  D=0xffffffffffffffff A=0x71cd8
7098500: system.cpu: T0 : 0x106ca    : blt a5, zero, 132          : IntAlu : 
7099000: system.cpu: T0 : 0x1074e    : c_addi zero, 0             : IntAlu :  D=0x0000000000000000
7099500: system.cpu: T0 : 0x10750    : c_j 4                      : IntAlu : 
7100000: system.cpu: T0 : 0x10754    : addi a5, gp, -920          : IntAlu :  D=0x0000000000070d48
7100500: system.cpu: T0 : 0x10758    : c_ld a5, 0(a5)             : MemRead :  D=0x0000000000000023 A=0x70d48
7101500: system.cpu: T0 : 0x1075a    : addi a4, a5, 1             : IntAlu :  D=0x0000000000000024
7102500: system.cpu: T0 : 0x1075e    : addi a5, gp, -920          : IntAlu :  D=0x0000000000070d48
7103000: system.cpu: T0 : 0x10762    : c_sd a4, 0(a5)             : MemWrite :  D=0x0000000000000024 A=0x70d48
7103500: system.cpu: T0 : 0x10764    : c_mv s4, s6                : IntAlu :  D=0x000000000000000e
7104500: system.cpu: T0 : 0x10766    : addi a5, gp, -960          : IntAlu :  D=0x0000000000070d20
7105000: system.cpu: T0 : 0x1076a    : c_ld a4, 0(a5)             : MemRead :  D=0x0000000000000124 A=0x70d20
7105500: system.cpu: T0 : 0x1076c    : auipc a5, 95               : IntAlu :  D=0x000000000006f76c
7106000: system.cpu: T0 : 0x10770    : addi a5, a5, -1892         : IntAlu :  D=0x000000000006f008
7106500: system.cpu: T0 : 0x10774    : c_ld a5, 0(a5)             : MemRead :  D=0x0000000000010000 A=0x6f008
7107500: system.cpu: T0 : 0x10776    : bge a4, a5, 64             : IntAlu : 
7108500: system.cpu: T0 : 0x1077a    : addi a5, gp, -960          : IntAlu :  D=0x0000000000070d20
7109000: system.cpu: T0 : 0x1077e    : c_ld a5, 0(a5)             : MemRead :  D=0x0000000000000124 A=0x70d20
7109500: system.cpu: T0 : 0x10780    : addi a3, a5, 1             : IntAlu :  D=0x0000000000000125
7110000: system.cpu: T0 : 0x10784    : addi a4, gp, -960          : IntAlu :  D=0x0000000000070d20
7110500: system.cpu: T0 : 0x10788    : c_sd a3, 0(a4)             : MemWrite :  D=0x0000000000000125 A=0x70d20
7111500: system.cpu: T0 : 0x1078a    : slli a4, a5, 48            : IntAlu :  D=0x0124000000000000
7112000: system.cpu: T0 : 0x1078e    : c_srli a4, 48              : IntAlu :  D=0x0000000000000124
7112500: system.cpu: T0 : 0x10790    : auipc a3, 96               : IntAlu :  D=0x0000000000070790
7113000: system.cpu: T0 : 0x10794    : ld a3, 296(a3)             : MemRead :  D=0x0000000000072350 A=0x708b8
7113500: system.cpu: T0 : 0x10798    : slli a5, s1, 1             : IntAlu :  D=0x0000000000000086
7114000: system.cpu: T0 : 0x1079c    : c_add a5, a3               : IntAlu :  D=0x00000000000723d6
7115000: system.cpu: T0 : 0x1079e    : sh a4, 0(a5)               : MemWrite :  D=0x0000000000000124 A=0x723d6
7116000: system.cpu: T0 : 0x107a2    : auipc a4, 96               : IntAlu :  D=0x00000000000707a2
7117000: system.cpu: T0 : 0x107a6    : ld a4, 222(a4)             : MemRead :  D=0x0000000000071ac0 A=0x70880
7118000: system.cpu: T0 : 0x107aa    : slli a5, s1, 3             : IntAlu :  D=0x0000000000000218
7118500: system.cpu: T0 : 0x107ae    : c_add a5, a4               : IntAlu :  D=0x0000000000071cd8
7119000: system.cpu: T0 : 0x107b0    : sd s2, 0(a5)               : MemWrite :  D=0x00000000000e004d A=0x71cd8
7119500: system.cpu: T0 : 0x107b4    : c_j 42                     : IntAlu : 
7120500: system.cpu: T0 : 0x107de    : auipc a5, 96               : IntAlu :  D=0x00000000000707de
7121500: system.cpu: T0 : 0x107e2    : ld a5, 210(a5)             : MemRead :  D=0x000000000007234c A=0x708b0
7122000: system.cpu: T0 : 0x107e6    : c_lw a5, 0(a5)             : MemRead :  D=0x000000000000000d A=0x7234c
7122500: system.cpu: T0 : 0x107e8    : blt zero, a5, -414         : IntAlu : 
7123500: system.cpu: T0 : 0x1064a    : sw zero, -68(s0)           : MemWrite :  D=0x0000000000000000 A=0x7ffffffffffffd8c
7124500: system.cpu: T0 : 0x1064e    : jal ra, 894                : IntAlu :  D=0x0000000000010652
7125000: system.cpu: T0 : 0x109cc    : c_addi sp, -16             : IntAlu :  D=0x7ffffffffffffd70
7125500: system.cpu: T0 : 0x109ce    : c_sdsp s0, 8(sp)           : MemWrite :  D=0x7ffffffffffffdd0 A=0x7ffffffffffffd78
7126000: system.cpu: T0 : 0x109d0    : c_addi4spn s0, sp, 16      : IntAlu :  D=0x7ffffffffffffd80
7127000: system.cpu: T0 : 0x109d2    : auipc a5, 96               : IntAlu :  D=0x00000000000709d2
7128000: system.cpu: T0 : 0x109d6    : ld a5, -290(a5)            : MemRead :  D=0x000000000007234c A=0x708b0
7128500: system.cpu: T0 : 0x109da    : c_lw a5, 0(a5)             : MemRead :  D=0x000000000000000d A=0x7234c
7129000: system.cpu: T0 : 0x109dc    : bge zero, a5, 94           : IntAlu : 
7129500: system.cpu: T0 : 0x109e0    : auipc a5, 96               : IntAlu :  D=0x00000000000709e0
7130000: system.cpu: T0 : 0x109e4    : ld a5, -344(a5)            : MemRead :  D=0x00000000000722c8 A=0x70888
7130500: system.cpu: T0 : 0x109e8    : c_lw a5, 0(a5)             : MemRead :  D=0x0000000000000010 A=0x722c8
7131500: system.cpu: T0 : 0x109ea    : addiw a4, a5, -1           : IntAlu :  D=0x000000000000000f
7132500: system.cpu: T0 : 0x109ee    : addiw a3, a4, 0            : IntAlu :  D=0x000000000000000f
7133500: system.cpu: T0 : 0x109f2    : auipc a4, 96               : IntAlu :  D=0x00000000000709f2
7134500: system.cpu: T0 : 0x109f6    : ld a4, -362(a4)            : MemRead :  D=0x00000000000722c8 A=0x70888
7135000: system.cpu: T0 : 0x109fa    : c_sw a3, 0(a4)             : MemWrite :  D=0x000000000000000f A=0x722c8
7135500: system.cpu: T0 : 0x109fc    : bge zero, a5, 62           : IntAlu : 
7136000: system.cpu: T0 : 0x10a00    : auipc a5, 96               : IntAlu :  D=0x0000000000070a00
7136500: system.cpu: T0 : 0x10a04    : ld a5, -336(a5)            : MemRead :  D=0x000000000007234c A=0x708b0
7137000: system.cpu: T0 : 0x10a08    : c_lw a5, 0(a5)             : MemRead :  D=0x000000000000000d A=0x7234c
7137500: system.cpu: T0 : 0x10a0a    : c_addiw a5, -1             : IntAlu :  D=0x000000000000000c
7138000: system.cpu: T0 : 0x10a0c    : addiw a4, a5, 0            : IntAlu :  D=0x000000000000000c
7138500: system.cpu: T0 : 0x10a10    : auipc a5, 96               : IntAlu :  D=0x0000000000070a10
7139000: system.cpu: T0 : 0x10a14    : ld a5, -352(a5)            : MemRead :  D=0x000000000007234c A=0x708b0
7139500: system.cpu: T0 : 0x10a18    : c_sw a4, 0(a5)             : MemWrite :  D=0x000000000000000c A=0x7234c
7140500: system.cpu: T0 : 0x10a1a    : auipc a5, 96               : IntAlu :  D=0x0000000000070a1a
7141500: system.cpu: T0 : 0x10a1e    : ld a5, -426(a5)            : MemRead :  D=0x0000000000071a80 A=0x70870
7142000: system.cpu: T0 : 0x10a22    : c_ld a5, 0(a5)             : MemRead :  D=0x0000000000071a6d A=0x71a80
7142500: system.cpu: T0 : 0x10a24    : addi a3, a5, 1             : IntAlu :  D=0x0000000000071a6e
7143000: system.cpu: T0 : 0x10a28    : auipc a4, 96               : IntAlu :  D=0x0000000000070a28
7143500: system.cpu: T0 : 0x10a2c    : ld a4, -440(a4)            : MemRead :  D=0x0000000000071a80 A=0x70870
7144000: system.cpu: T0 : 0x10a30    : c_sd a3, 0(a4)             : MemWrite :  D=0x0000000000071a6e A=0x71a80
7145000: system.cpu: T0 : 0x10a32    : lbu a5, 0(a5)              : MemRead :  D=0x000000000000008c A=0x71a6d
7145500: system.cpu: T0 : 0x10a36    : c_addiw a5, 0              : IntAlu :  D=0x000000000000008c
7146000: system.cpu: T0 : 0x10a38    : c_j 4                      : IntAlu : 
7146500: system.cpu: T0 : 0x10a3c    : c_mv a0, a5                : IntAlu :  D=0x000000000000008c
7147000: system.cpu: T0 : 0x10a3e    : c_ldsp s0, 8(sp)           : MemRead :  D=0x7ffffffffffffdd0 A=0x7ffffffffffffd78
7147500: system.cpu: T0 : 0x10a40    : c_addi sp, 16              : IntAlu :  D=0x7ffffffffffffd80
7148000: system.cpu: T0 : 0x10a42    : c_jr ra                    : IntAlu : 
7148500: system.cpu: T0 : 0x10652    : c_mv a5, a0                : IntAlu :  D=0x000000000000008c
7149000: system.cpu: T0 : 0x10654    : c_addiw a5, 0              : IntAlu :  D=0x000000000000008c
7150000: system.cpu: T0 : 0x10656    : addiw s6, a5, 0            : IntAlu :  D=0x000000000000008c
7151000: system.cpu: T0 : 0x1065a    : auipc a5, 95               : IntAlu :  D=0x000000000006f65a
7152000: system.cpu: T0 : 0x1065e    : addi a5, a5, -1578         : IntAlu :  D=0x000000000006f030
7152500: system.cpu: T0 : 0x10662    : c_ld a5, 0(a5)             : MemRead :  D=0x0000000000000025 A=0x6f030
7153000: system.cpu: T0 : 0x10664    : addi a4, a5, 1             : IntAlu :  D=0x0000000000000026
7153500: system.cpu: T0 : 0x10668    : auipc a5, 95               : IntAlu :  D=0x000000000006f668
7154000: system.cpu: T0 : 0x1066c    : addi a5, a5, -1592         : IntAlu :  D=0x000000000006f030
7154500: system.cpu: T0 : 0x10670    : c_sd a4, 0(a5)             : MemWrite :  D=0x0000000000000026 A=0x6f030
7155000: system.cpu: T0 : 0x10672    : c_mv a4, s6                : IntAlu :  D=0x000000000000008c
7155500: system.cpu: T0 : 0x10674    : auipc a5, 95               : IntAlu :  D=0x000000000006f674
7156000: system.cpu: T0 : 0x10678    : addi a5, a5, -1652         : IntAlu :  D=0x000000000006f000
7156500: system.cpu: T0 : 0x1067c    : c_lw a5, 0(a5)             : MemRead :  D=0x0000000000000010 A=0x6f000
7157500: system.cpu: T0 : 0x1067e    : sll a5, a4, a5             : IntAlu :  D=0x00000000008c0000
7158500: system.cpu: T0 : 0x10682    : add s2, s4, a5             : IntAlu :  D=0x00000000008c000e
7159500: system.cpu: T0 : 0x10686    : sllw a5, s6, s3            : IntAlu :  D=0x000000000000008c
7160000: system.cpu: T0 : 0x1068a    : c_addiw a5, 0              : IntAlu :  D=0x000000000000008c
7160500: system.cpu: T0 : 0x1068c    : xor s1, s4, a5             : IntAlu :  D=0x0000000000000082
7161000: system.cpu: T0 : 0x10690    : auipc a4, 96               : IntAlu :  D=0x0000000000070690
7161500: system.cpu: T0 : 0x10694    : ld a4, 496(a4)             : MemRead :  D=0x0000000000071ac0 A=0x70880
7162000: system.cpu: T0 : 0x10698    : slli a5, s1, 3             : IntAlu :  D=0x0000000000000410
7162500: system.cpu: T0 : 0x1069c    : c_add a5, a4               : IntAlu :  D=0x0000000000071ed0
7163000: system.cpu: T0 : 0x1069e    : c_ld a5, 0(a5)             : MemRead :  D=0xffffffffffffffff A=0x71ed0
7163500: system.cpu: T0 : 0x106a0    : bne s2, a5, 26             : IntAlu : 
7164500: system.cpu: T0 : 0x106ba    : auipc a4, 96               : IntAlu :  D=0x00000000000706ba
7165500: system.cpu: T0 : 0x106be    : ld a4, 454(a4)             : MemRead :  D=0x0000000000071ac0 A=0x70880
7166500: system.cpu: T0 : 0x106c2    : slli a5, s1, 3             : IntAlu :  D=0x0000000000000410
7167000: system.cpu: T0 : 0x106c6    : c_add a5, a4               : IntAlu :  D=0x0000000000071ed0
7167500: system.cpu: T0 : 0x106c8    : c_ld a5, 0(a5)             : MemRead :  D=0xffffffffffffffff A=0x71ed0
7168500: system.cpu: T0 : 0x106ca    : blt a5, zero, 132          : IntAlu : 
7169000: system.cpu: T0 : 0x1074e    : c_addi zero, 0             : IntAlu :  D=0x0000000000000000
7169500: system.cpu: T0 : 0x10750    : c_j 4                      : IntAlu : 
7170000: system.cpu: T0 : 0x10754    : addi a5, gp, -920          : IntAlu :  D=0x0000000000070d48
7170500: system.cpu: T0 : 0x10758    : c_ld a5, 0(a5)             : MemRead :  D=0x0000000000000024 A=0x70d48
7171500: system.cpu: T0 : 0x1075a    : addi a4, a5, 1             : IntAlu :  D=0x0000000000000025
7172500: system.cpu: T0 : 0x1075e    : addi a5, gp, -920          : IntAlu :  D=0x0000000000070d48
7173000: system.cpu: T0 : 0x10762    : c_sd a4, 0(a5)             : MemWrite :  D=0x0000000000000025 A=0x70d48
7173500: system.cpu: T0 : 0x10764    : c_mv s4, s6                : IntAlu :  D=0x000000000000008c
7174500: system.cpu: T0 : 0x10766    : addi a5, gp, -960          : IntAlu :  D=0x0000000000070d20
7175000: system.cpu: T0 : 0x1076a    : c_ld a4, 0(a5)             : MemRead :  D=0x0000000000000125 A=0x70d20
7175500: system.cpu: T0 : 0x1076c    : auipc a5, 95               : IntAlu :  D=0x000000000006f76c
7176000: system.cpu: T0 : 0x10770    : addi a5, a5, -1892         : IntAlu :  D=0x000000000006f008
7176500: system.cpu: T0 : 0x10774    : c_ld a5, 0(a5)             : MemRead :  D=0x0000000000010000 A=0x6f008
7177500: system.cpu: T0 : 0x10776    : bge a4, a5, 64             : IntAlu : 
7178500: system.cpu: T0 : 0x1077a    : addi a5, gp, -960          : IntAlu :  D=0x0000000000070d20
7179000: system.cpu: T0 : 0x1077e    : c_ld a5, 0(a5)             : MemRead :  D=0x0000000000000125 A=0x70d20
7179500: system.cpu: T0 : 0x10780    : addi a3, a5, 1             : IntAlu :  D=0x0000000000000126
7180000: system.cpu: T0 : 0x10784    : addi a4, gp, -960          : IntAlu :  D=0x0000000000070d20
7180500: system.cpu: T0 : 0x10788    : c_sd a3, 0(a4)             : MemWrite :  D=0x0000000000000126 A=0x70d20
7181500: system.cpu: T0 : 0x1078a    : slli a4, a5, 48            : IntAlu :  D=0x0125000000000000
7182000: system.cpu: T0 : 0x1078e    : c_srli a4, 48              : IntAlu :  D=0x0000000000000125
7182500: system.cpu: T0 : 0x10790    : auipc a3, 96               : IntAlu :  D=0x0000000000070790
7183000: system.cpu: T0 : 0x10794    : ld a3, 296(a3)             : MemRead :  D=0x0000000000072350 A=0x708b8
7183500: system.cpu: T0 : 0x10798    : slli a5, s1, 1             : IntAlu :  D=0x0000000000000104
7184000: system.cpu: T0 : 0x1079c    : c_add a5, a3               : IntAlu :  D=0x0000000000072454
7185000: system.cpu: T0 : 0x1079e    : sh a4, 0(a5)               : MemWrite :  D=0x0000000000000125 A=0x72454
7186000: system.cpu: T0 : 0x107a2    : auipc a4, 96               : IntAlu :  D=0x00000000000707a2
7187000: system.cpu: T0 : 0x107a6    : ld a4, 222(a4)             : MemRead :  D=0x0000000000071ac0 A=0x70880
7188000: system.cpu: T0 : 0x107aa    : slli a5, s1, 3             : IntAlu :  D=0x0000000000000410
7188500: system.cpu: T0 : 0x107ae    : c_add a5, a4               : IntAlu :  D=0x0000000000071ed0
7189000: system.cpu: T0 : 0x107b0    : sd s2, 0(a5)               : MemWrite :  D=0x00000000008c000e A=0x71ed0
7189500: system.cpu: T0 : 0x107b4    : c_j 42                     : IntAlu : 
7190500: system.cpu: T0 : 0x107de    : auipc a5, 96               : IntAlu :  D=0x00000000000707de
7191500: system.cpu: T0 : 0x107e2    : ld a5, 210(a5)             : MemRead :  D=0x000000000007234c A=0x708b0
7192000: system.cpu: T0 : 0x107e6    : c_lw a5, 0(a5)             : MemRead :  D=0x000000000000000c A=0x7234c
7192500: system.cpu: T0 : 0x107e8    : blt zero, a5, -414         : IntAlu : 
7193500: system.cpu: T0 : 0x1064a    : sw zero, -68(s0)           : MemWrite :  D=0x0000000000000000 A=0x7ffffffffffffd8c
7194500: system.cpu: T0 : 0x1064e    : jal ra, 894                : IntAlu :  D=0x0000000000010652
7195000: system.cpu: T0 : 0x109cc    : c_addi sp, -16             : IntAlu :  D=0x7ffffffffffffd70
7195500: system.cpu: T0 : 0x109ce    : c_sdsp s0, 8(sp)           : MemWrite :  D=0x7ffffffffffffdd0 A=0x7ffffffffffffd78
7196000: system.cpu: T0 : 0x109d0    : c_addi4spn s0, sp, 16      : IntAlu :  D=0x7ffffffffffffd80
7197000: system.cpu: T0 : 0x109d2    : auipc a5, 96               : IntAlu :  D=0x00000000000709d2
7198000: system.cpu: T0 : 0x109d6    : ld a5, -290(a5)            : MemRead :  D=0x000000000007234c A=0x708b0
7198500: system.cpu: T0 : 0x109da    : c_lw a5, 0(a5)             : MemRead :  D=0x000000000000000c A=0x7234c
7199000: system.cpu: T0 : 0x109dc    : bge zero, a5, 94           : IntAlu : 
7199500: system.cpu: T0 : 0x109e0    : auipc a5, 96               : IntAlu :  D=0x00000000000709e0
7200000: system.cpu: T0 : 0x109e4    : ld a5, -344(a5)            : MemRead :  D=0x00000000000722c8 A=0x70888
7200500: system.cpu: T0 : 0x109e8    : c_lw a5, 0(a5)             : MemRead :  D=0x000000000000000f A=0x722c8
7201500: system.cpu: T0 : 0x109ea    : addiw a4, a5, -1           : IntAlu :  D=0x000000000000000e
7202500: system.cpu: T0 : 0x109ee    : addiw a3, a4, 0            : IntAlu :  D=0x000000000000000e
7203500: system.cpu: T0 : 0x109f2    : auipc a4, 96               : IntAlu :  D=0x00000000000709f2
7204500: system.cpu: T0 : 0x109f6    : ld a4, -362(a4)            : MemRead :  D=0x00000000000722c8 A=0x70888
7205000: system.cpu: T0 : 0x109fa    : c_sw a3, 0(a4)             : MemWrite :  D=0x000000000000000e A=0x722c8
7205500: system.cpu: T0 : 0x109fc    : bge zero, a5, 62           : IntAlu : 
7206000: system.cpu: T0 : 0x10a00    : auipc a5, 96               : IntAlu :  D=0x0000000000070a00
7206500: system.cpu: T0 : 0x10a04    : ld a5, -336(a5)            : MemRead :  D=0x000000000007234c A=0x708b0
7207000: system.cpu: T0 : 0x10a08    : c_lw a5, 0(a5)             : MemRead :  D=0x000000000000000c A=0x7234c
7207500: system.cpu: T0 : 0x10a0a    : c_addiw a5, -1             : IntAlu :  D=0x000000000000000b
7208000: system.cpu: T0 : 0x10a0c    : addiw a4, a5, 0            : IntAlu :  D=0x000000000000000b
7208500: system.cpu: T0 : 0x10a10    : auipc a5, 96               : IntAlu :  D=0x0000000000070a10
7209000: system.cpu: T0 : 0x10a14    : ld a5, -352(a5)            : MemRead :  D=0x000000000007234c A=0x708b0
7209500: system.cpu: T0 : 0x10a18    : c_sw a4, 0(a5)             : MemWrite :  D=0x000000000000000b A=0x7234c
7210500: system.cpu: T0 : 0x10a1a    : auipc a5, 96               : IntAlu :  D=0x0000000000070a1a
7211500: system.cpu: T0 : 0x10a1e    : ld a5, -426(a5)            : MemRead :  D=0x0000000000071a80 A=0x70870
7212000: system.cpu: T0 : 0x10a22    : c_ld a5, 0(a5)             : MemRead :  D=0x0000000000071a6e A=0x71a80
7212500: system.cpu: T0 : 0x10a24    : addi a3, a5, 1             : IntAlu :  D=0x0000000000071a6f
7213000: system.cpu: T0 : 0x10a28    : auipc a4, 96               : IntAlu :  D=0x0000000000070a28
7213500: system.cpu: T0 : 0x10a2c    : ld a4, -440(a4)            : MemRead :  D=0x0000000000071a80 A=0x70870
7214000: system.cpu: T0 : 0x10a30    : c_sd a3, 0(a4)             : MemWrite :  D=0x0000000000071a6f A=0x71a80
7215000: system.cpu: T0 : 0x10a32    : lbu a5, 0(a5)              : MemRead :  D=0x0000000000000050 A=0x71a6e
7215500: system.cpu: T0 : 0x10a36    : c_addiw a5, 0              : IntAlu :  D=0x0000000000000050
7216000: system.cpu: T0 : 0x10a38    : c_j 4                      : IntAlu : 
7216500: system.cpu: T0 : 0x10a3c    : c_mv a0, a5                : IntAlu :  D=0x0000000000000050
7217000: system.cpu: T0 : 0x10a3e    : c_ldsp s0, 8(sp)           : MemRead :  D=0x7ffffffffffffdd0 A=0x7ffffffffffffd78
7217500: system.cpu: T0 : 0x10a40    : c_addi sp, 16              : IntAlu :  D=0x7ffffffffffffd80
7218000: system.cpu: T0 : 0x10a42    : c_jr ra                    : IntAlu : 
7218500: system.cpu: T0 : 0x10652    : c_mv a5, a0                : IntAlu :  D=0x0000000000000050
7219000: system.cpu: T0 : 0x10654    : c_addiw a5, 0              : IntAlu :  D=0x0000000000000050
7220000: system.cpu: T0 : 0x10656    : addiw s6, a5, 0            : IntAlu :  D=0x0000000000000050
7221000: system.cpu: T0 : 0x1065a    : auipc a5, 95               : IntAlu :  D=0x000000000006f65a
7222000: system.cpu: T0 : 0x1065e    : addi a5, a5, -1578         : IntAlu :  D=0x000000000006f030
7222500: system.cpu: T0 : 0x10662    : c_ld a5, 0(a5)             : MemRead :  D=0x0000000000000026 A=0x6f030
7223000: system.cpu: T0 : 0x10664    : addi a4, a5, 1             : IntAlu :  D=0x0000000000000027
7223500: system.cpu: T0 : 0x10668    : auipc a5, 95               : IntAlu :  D=0x000000000006f668
7224000: system.cpu: T0 : 0x1066c    : addi a5, a5, -1592         : IntAlu :  D=0x000000000006f030
7224500: system.cpu: T0 : 0x10670    : c_sd a4, 0(a5)             : MemWrite :  D=0x0000000000000027 A=0x6f030
7225000: system.cpu: T0 : 0x10672    : c_mv a4, s6                : IntAlu :  D=0x0000000000000050
7225500: system.cpu: T0 : 0x10674    : auipc a5, 95               : IntAlu :  D=0x000000000006f674
7226000: system.cpu: T0 : 0x10678    : addi a5, a5, -1652         : IntAlu :  D=0x000000000006f000
7226500: system.cpu: T0 : 0x1067c    : c_lw a5, 0(a5)             : MemRead :  D=0x0000000000000010 A=0x6f000
7227500: system.cpu: T0 : 0x1067e    : sll a5, a4, a5             : IntAlu :  D=0x0000000000500000
7228500: system.cpu: T0 : 0x10682    : add s2, s4, a5             : IntAlu :  D=0x000000000050008c
7229500: system.cpu: T0 : 0x10686    : sllw a5, s6, s3            : IntAlu :  D=0x0000000000000050
7230000: system.cpu: T0 : 0x1068a    : c_addiw a5, 0              : IntAlu :  D=0x0000000000000050
7230500: system.cpu: T0 : 0x1068c    : xor s1, s4, a5             : IntAlu :  D=0x00000000000000dc
7231000: system.cpu: T0 : 0x10690    : auipc a4, 96               : IntAlu :  D=0x0000000000070690
7231500: system.cpu: T0 : 0x10694    : ld a4, 496(a4)             : MemRead :  D=0x0000000000071ac0 A=0x70880
7232000: system.cpu: T0 : 0x10698    : slli a5, s1, 3             : IntAlu :  D=0x00000000000006e0
7232500: system.cpu: T0 : 0x1069c    : c_add a5, a4               : IntAlu :  D=0x00000000000721a0
7233000: system.cpu: T0 : 0x1069e    : c_ld a5, 0(a5)             : MemRead :  D=0xffffffffffffffff A=0x721a0
7233500: system.cpu: T0 : 0x106a0    : bne s2, a5, 26             : IntAlu : 
7234500: system.cpu: T0 : 0x106ba    : auipc a4, 96               : IntAlu :  D=0x00000000000706ba
7235500: system.cpu: T0 : 0x106be    : ld a4, 454(a4)             : MemRead :  D=0x0000000000071ac0 A=0x70880
7236500: system.cpu: T0 : 0x106c2    : slli a5, s1, 3             : IntAlu :  D=0x00000000000006e0
7237000: system.cpu: T0 : 0x106c6    : c_add a5, a4               : IntAlu :  D=0x00000000000721a0
7237500: system.cpu: T0 : 0x106c8    : c_ld a5, 0(a5)             : MemRead :  D=0xffffffffffffffff A=0x721a0
7238500: system.cpu: T0 : 0x106ca    : blt a5, zero, 132          : IntAlu : 
7239000: system.cpu: T0 : 0x1074e    : c_addi zero, 0             : IntAlu :  D=0x0000000000000000
7239500: system.cpu: T0 : 0x10750    : c_j 4                      : IntAlu : 
7240000: system.cpu: T0 : 0x10754    : addi a5, gp, -920          : IntAlu :  D=0x0000000000070d48
7240500: system.cpu: T0 : 0x10758    : c_ld a5, 0(a5)             : MemRead :  D=0x0000000000000025 A=0x70d48
7241500: system.cpu: T0 : 0x1075a    : addi a4, a5, 1             : IntAlu :  D=0x0000000000000026
7242500: system.cpu: T0 : 0x1075e    : addi a5, gp, -920          : IntAlu :  D=0x0000000000070d48
7243000: system.cpu: T0 : 0x10762    : c_sd a4, 0(a5)             : MemWrite :  D=0x0000000000000026 A=0x70d48
7243500: system.cpu: T0 : 0x10764    : c_mv s4, s6                : IntAlu :  D=0x0000000000000050
7244500: system.cpu: T0 : 0x10766    : addi a5, gp, -960          : IntAlu :  D=0x0000000000070d20
7245000: system.cpu: T0 : 0x1076a    : c_ld a4, 0(a5)             : MemRead :  D=0x0000000000000126 A=0x70d20
7245500: system.cpu: T0 : 0x1076c    : auipc a5, 95               : IntAlu :  D=0x000000000006f76c
7246000: system.cpu: T0 : 0x10770    : addi a5, a5, -1892         : IntAlu :  D=0x000000000006f008
7246500: system.cpu: T0 : 0x10774    : c_ld a5, 0(a5)             : MemRead :  D=0x0000000000010000 A=0x6f008
7247500: system.cpu: T0 : 0x10776    : bge a4, a5, 64             : IntAlu : 
7248500: system.cpu: T0 : 0x1077a    : addi a5, gp, -960          : IntAlu :  D=0x0000000000070d20
7249000: system.cpu: T0 : 0x1077e    : c_ld a5, 0(a5)             : MemRead :  D=0x0000000000000126 A=0x70d20
7249500: system.cpu: T0 : 0x10780    : addi a3, a5, 1             : IntAlu :  D=0x0000000000000127
7250000: system.cpu: T0 : 0x10784    : addi a4, gp, -960          : IntAlu :  D=0x0000000000070d20
7250500: system.cpu: T0 : 0x10788    : c_sd a3, 0(a4)             : MemWrite :  D=0x0000000000000127 A=0x70d20
7251500: system.cpu: T0 : 0x1078a    : slli a4, a5, 48            : IntAlu :  D=0x0126000000000000
7252000: system.cpu: T0 : 0x1078e    : c_srli a4, 48              : IntAlu :  D=0x0000000000000126
7252500: system.cpu: T0 : 0x10790    : auipc a3, 96               : IntAlu :  D=0x0000000000070790
7253000: system.cpu: T0 : 0x10794    : ld a3, 296(a3)             : MemRead :  D=0x0000000000072350 A=0x708b8
7253500: system.cpu: T0 : 0x10798    : slli a5, s1, 1             : IntAlu :  D=0x00000000000001b8
7254000: system.cpu: T0 : 0x1079c    : c_add a5, a3               : IntAlu :  D=0x0000000000072508
7255000: system.cpu: T0 : 0x1079e    : sh a4, 0(a5)               : MemWrite :  D=0x0000000000000126 A=0x72508
7256000: system.cpu: T0 : 0x107a2    : auipc a4, 96               : IntAlu :  D=0x00000000000707a2
7257000: system.cpu: T0 : 0x107a6    : ld a4, 222(a4)             : MemRead :  D=0x0000000000071ac0 A=0x70880
7258000: system.cpu: T0 : 0x107aa    : slli a5, s1, 3             : IntAlu :  D=0x00000000000006e0
7258500: system.cpu: T0 : 0x107ae    : c_add a5, a4               : IntAlu :  D=0x00000000000721a0
7259000: system.cpu: T0 : 0x107b0    : sd s2, 0(a5)               : MemWrite :  D=0x000000000050008c A=0x721a0
7259500: system.cpu: T0 : 0x107b4    : c_j 42                     : IntAlu : 
7260500: system.cpu: T0 : 0x107de    : auipc a5, 96               : IntAlu :  D=0x00000000000707de
7261500: system.cpu: T0 : 0x107e2    : ld a5, 210(a5)             : MemRead :  D=0x000000000007234c A=0x708b0
7262000: system.cpu: T0 : 0x107e6    : c_lw a5, 0(a5)             : MemRead :  D=0x000000000000000b A=0x7234c
7262500: system.cpu: T0 : 0x107e8    : blt zero, a5, -414         : IntAlu : 
7263500: system.cpu: T0 : 0x1064a    : sw zero, -68(s0)           : MemWrite :  D=0x0000000000000000 A=0x7ffffffffffffd8c
7264500: system.cpu: T0 : 0x1064e    : jal ra, 894                : IntAlu :  D=0x0000000000010652
7265000: system.cpu: T0 : 0x109cc    : c_addi sp, -16             : IntAlu :  D=0x7ffffffffffffd70
7265500: system.cpu: T0 : 0x109ce    : c_sdsp s0, 8(sp)           : MemWrite :  D=0x7ffffffffffffdd0 A=0x7ffffffffffffd78
7266000: system.cpu: T0 : 0x109d0    : c_addi4spn s0, sp, 16      : IntAlu :  D=0x7ffffffffffffd80
7267000: system.cpu: T0 : 0x109d2    : auipc a5, 96               : IntAlu :  D=0x00000000000709d2
7268000: system.cpu: T0 : 0x109d6    : ld a5, -290(a5)            : MemRead :  D=0x000000000007234c A=0x708b0
7268500: system.cpu: T0 : 0x109da    : c_lw a5, 0(a5)             : MemRead :  D=0x000000000000000b A=0x7234c
7269000: system.cpu: T0 : 0x109dc    : bge zero, a5, 94           : IntAlu : 
7269500: system.cpu: T0 : 0x109e0    : auipc a5, 96               : IntAlu :  D=0x00000000000709e0
7270000: system.cpu: T0 : 0x109e4    : ld a5, -344(a5)            : MemRead :  D=0x00000000000722c8 A=0x70888
7270500: system.cpu: T0 : 0x109e8    : c_lw a5, 0(a5)             : MemRead :  D=0x000000000000000e A=0x722c8
7271500: system.cpu: T0 : 0x109ea    : addiw a4, a5, -1           : IntAlu :  D=0x000000000000000d
7272500: system.cpu: T0 : 0x109ee    : addiw a3, a4, 0            : IntAlu :  D=0x000000000000000d
7273500: system.cpu: T0 : 0x109f2    : auipc a4, 96               : IntAlu :  D=0x00000000000709f2
7274500: system.cpu: T0 : 0x109f6    : ld a4, -362(a4)            : MemRead :  D=0x00000000000722c8 A=0x70888
7275000: system.cpu: T0 : 0x109fa    : c_sw a3, 0(a4)             : MemWrite :  D=0x000000000000000d A=0x722c8
7275500: system.cpu: T0 : 0x109fc    : bge zero, a5, 62           : IntAlu : 
7276000: system.cpu: T0 : 0x10a00    : auipc a5, 96               : IntAlu :  D=0x0000000000070a00
7276500: system.cpu: T0 : 0x10a04    : ld a5, -336(a5)            : MemRead :  D=0x000000000007234c A=0x708b0
7277000: system.cpu: T0 : 0x10a08    : c_lw a5, 0(a5)             : MemRead :  D=0x000000000000000b A=0x7234c
7277500: system.cpu: T0 : 0x10a0a    : c_addiw a5, -1             : IntAlu :  D=0x000000000000000a
7278000: system.cpu: T0 : 0x10a0c    : addiw a4, a5, 0            : IntAlu :  D=0x000000000000000a
7278500: system.cpu: T0 : 0x10a10    : auipc a5, 96               : IntAlu :  D=0x0000000000070a10
7279000: system.cpu: T0 : 0x10a14    : ld a5, -352(a5)            : MemRead :  D=0x000000000007234c A=0x708b0
7279500: system.cpu: T0 : 0x10a18    : c_sw a4, 0(a5)             : MemWrite :  D=0x000000000000000a A=0x7234c
7280500: system.cpu: T0 : 0x10a1a    : auipc a5, 96               : IntAlu :  D=0x0000000000070a1a
7281500: system.cpu: T0 : 0x10a1e    : ld a5, -426(a5)            : MemRead :  D=0x0000000000071a80 A=0x70870
7282000: system.cpu: T0 : 0x10a22    : c_ld a5, 0(a5)             : MemRead :  D=0x0000000000071a6f A=0x71a80
7282500: system.cpu: T0 : 0x10a24    : addi a3, a5, 1             : IntAlu :  D=0x0000000000071a70
7283000: system.cpu: T0 : 0x10a28    : auipc a4, 96               : IntAlu :  D=0x0000000000070a28
7283500: system.cpu: T0 : 0x10a2c    : ld a4, -440(a4)            : MemRead :  D=0x0000000000071a80 A=0x70870
7284000: system.cpu: T0 : 0x10a30    : c_sd a3, 0(a4)             : MemWrite :  D=0x0000000000071a70 A=0x71a80
7285000: system.cpu: T0 : 0x10a32    : lbu a5, 0(a5)              : MemRead :  D=0x0000000000000000 A=0x71a6f
7285500: system.cpu: T0 : 0x10a36    : c_addiw a5, 0              : IntAlu :  D=0x0000000000000000
7286000: system.cpu: T0 : 0x10a38    : c_j 4                      : IntAlu : 
7286500: system.cpu: T0 : 0x10a3c    : c_mv a0, a5                : IntAlu :  D=0x0000000000000000
7287000: system.cpu: T0 : 0x10a3e    : c_ldsp s0, 8(sp)           : MemRead :  D=0x7ffffffffffffdd0 A=0x7ffffffffffffd78
7287500: system.cpu: T0 : 0x10a40    : c_addi sp, 16              : IntAlu :  D=0x7ffffffffffffd80
7288000: system.cpu: T0 : 0x10a42    : c_jr ra                    : IntAlu : 
7288500: system.cpu: T0 : 0x10652    : c_mv a5, a0                : IntAlu :  D=0x0000000000000000
7289000: system.cpu: T0 : 0x10654    : c_addiw a5, 0              : IntAlu :  D=0x0000000000000000
7290000: system.cpu: T0 : 0x10656    : addiw s6, a5, 0            : IntAlu :  D=0x0000000000000000
7291000: system.cpu: T0 : 0x1065a    : auipc a5, 95               : IntAlu :  D=0x000000000006f65a
7292000: system.cpu: T0 : 0x1065e    : addi a5, a5, -1578         : IntAlu :  D=0x000000000006f030
7292500: system.cpu: T0 : 0x10662    : c_ld a5, 0(a5)             : MemRead :  D=0x0000000000000027 A=0x6f030
7293000: system.cpu: T0 : 0x10664    : addi a4, a5, 1             : IntAlu :  D=0x0000000000000028
7293500: system.cpu: T0 : 0x10668    : auipc a5, 95               : IntAlu :  D=0x000000000006f668
7294000: system.cpu: T0 : 0x1066c    : addi a5, a5, -1592         : IntAlu :  D=0x000000000006f030
7294500: system.cpu: T0 : 0x10670    : c_sd a4, 0(a5)             : MemWrite :  D=0x0000000000000028 A=0x6f030
7295000: system.cpu: T0 : 0x10672    : c_mv a4, s6                : IntAlu :  D=0x0000000000000000
7295500: system.cpu: T0 : 0x10674    : auipc a5, 95               : IntAlu :  D=0x000000000006f674
7296000: system.cpu: T0 : 0x10678    : addi a5, a5, -1652         : IntAlu :  D=0x000000000006f000
7296500: system.cpu: T0 : 0x1067c    : c_lw a5, 0(a5)             : MemRead :  D=0x0000000000000010 A=0x6f000
7297500: system.cpu: T0 : 0x1067e    : sll a5, a4, a5             : IntAlu :  D=0x0000000000000000
7298500: system.cpu: T0 : 0x10682    : add s2, s4, a5             : IntAlu :  D=0x0000000000000050
7299500: system.cpu: T0 : 0x10686    : sllw a5, s6, s3            : IntAlu :  D=0x0000000000000000
7300000: system.cpu: T0 : 0x1068a    : c_addiw a5, 0              : IntAlu :  D=0x0000000000000000
7300500: system.cpu: T0 : 0x1068c    : xor s1, s4, a5             : IntAlu :  D=0x0000000000000050
7301000: system.cpu: T0 : 0x10690    : auipc a4, 96               : IntAlu :  D=0x0000000000070690
7301500: system.cpu: T0 : 0x10694    : ld a4, 496(a4)             : MemRead :  D=0x0000000000071ac0 A=0x70880
7302000: system.cpu: T0 : 0x10698    : slli a5, s1, 3             : IntAlu :  D=0x0000000000000280
7302500: system.cpu: T0 : 0x1069c    : c_add a5, a4               : IntAlu :  D=0x0000000000071d40
7303000: system.cpu: T0 : 0x1069e    : c_ld a5, 0(a5)             : MemRead :  D=0xffffffffffffffff A=0x71d40
7303500: system.cpu: T0 : 0x106a0    : bne s2, a5, 26             : IntAlu : 
7304500: system.cpu: T0 : 0x106ba    : auipc a4, 96               : IntAlu :  D=0x00000000000706ba
7305500: system.cpu: T0 : 0x106be    : ld a4, 454(a4)             : MemRead :  D=0x0000000000071ac0 A=0x70880
7306500: system.cpu: T0 : 0x106c2    : slli a5, s1, 3             : IntAlu :  D=0x0000000000000280
7307000: system.cpu: T0 : 0x106c6    : c_add a5, a4               : IntAlu :  D=0x0000000000071d40
7307500: system.cpu: T0 : 0x106c8    : c_ld a5, 0(a5)             : MemRead :  D=0xffffffffffffffff A=0x71d40
7308500: system.cpu: T0 : 0x106ca    : blt a5, zero, 132          : IntAlu : 
7309000: system.cpu: T0 : 0x1074e    : c_addi zero, 0             : IntAlu :  D=0x0000000000000000
7309500: system.cpu: T0 : 0x10750    : c_j 4                      : IntAlu : 
7310000: system.cpu: T0 : 0x10754    : addi a5, gp, -920          : IntAlu :  D=0x0000000000070d48
7310500: system.cpu: T0 : 0x10758    : c_ld a5, 0(a5)             : MemRead :  D=0x0000000000000026 A=0x70d48
7311500: system.cpu: T0 : 0x1075a    : addi a4, a5, 1             : IntAlu :  D=0x0000000000000027
7312500: system.cpu: T0 : 0x1075e    : addi a5, gp, -920          : IntAlu :  D=0x0000000000070d48
7313000: system.cpu: T0 : 0x10762    : c_sd a4, 0(a5)             : MemWrite :  D=0x0000000000000027 A=0x70d48
7313500: system.cpu: T0 : 0x10764    : c_mv s4, s6                : IntAlu :  D=0x0000000000000000
7314500: system.cpu: T0 : 0x10766    : addi a5, gp, -960          : IntAlu :  D=0x0000000000070d20
7315000: system.cpu: T0 : 0x1076a    : c_ld a4, 0(a5)             : MemRead :  D=0x0000000000000127 A=0x70d20
7315500: system.cpu: T0 : 0x1076c    : auipc a5, 95               : IntAlu :  D=0x000000000006f76c
7316000: system.cpu: T0 : 0x10770    : addi a5, a5, -1892         : IntAlu :  D=0x000000000006f008
7316500: system.cpu: T0 : 0x10774    : c_ld a5, 0(a5)             : MemRead :  D=0x0000000000010000 A=0x6f008
7317500: system.cpu: T0 : 0x10776    : bge a4, a5, 64             : IntAlu : 
7318500: system.cpu: T0 : 0x1077a    : addi a5, gp, -960          : IntAlu :  D=0x0000000000070d20
7319000: system.cpu: T0 : 0x1077e    : c_ld a5, 0(a5)             : MemRead :  D=0x0000000000000127 A=0x70d20
7319500: system.cpu: T0 : 0x10780    : addi a3, a5, 1             : IntAlu :  D=0x0000000000000128
7320000: system.cpu: T0 : 0x10784    : addi a4, gp, -960          : IntAlu :  D=0x0000000000070d20
7320500: system.cpu: T0 : 0x10788    : c_sd a3, 0(a4)             : MemWrite :  D=0x0000000000000128 A=0x70d20
7321500: system.cpu: T0 : 0x1078a    : slli a4, a5, 48            : IntAlu :  D=0x0127000000000000
7322000: system.cpu: T0 : 0x1078e    : c_srli a4, 48              : IntAlu :  D=0x0000000000000127
7322500: system.cpu: T0 : 0x10790    : auipc a3, 96               : IntAlu :  D=0x0000000000070790
7323000: system.cpu: T0 : 0x10794    : ld a3, 296(a3)             : MemRead :  D=0x0000000000072350 A=0x708b8
7323500: system.cpu: T0 : 0x10798    : slli a5, s1, 1             : IntAlu :  D=0x00000000000000a0
7324000: system.cpu: T0 : 0x1079c    : c_add a5, a3               : IntAlu :  D=0x00000000000723f0
7325000: system.cpu: T0 : 0x1079e    : sh a4, 0(a5)               : MemWrite :  D=0x0000000000000127 A=0x723f0
7326000: system.cpu: T0 : 0x107a2    : auipc a4, 96               : IntAlu :  D=0x00000000000707a2
7327000: system.cpu: T0 : 0x107a6    : ld a4, 222(a4)             : MemRead :  D=0x0000000000071ac0 A=0x70880
7328000: system.cpu: T0 : 0x107aa    : slli a5, s1, 3             : IntAlu :  D=0x0000000000000280
7328500: system.cpu: T0 : 0x107ae    : c_add a5, a4               : IntAlu :  D=0x0000000000071d40
7329000: system.cpu: T0 : 0x107b0    : sd s2, 0(a5)               : MemWrite :  D=0x0000000000000050 A=0x71d40
7329500: system.cpu: T0 : 0x107b4    : c_j 42                     : IntAlu : 
7330500: system.cpu: T0 : 0x107de    : auipc a5, 96               : IntAlu :  D=0x00000000000707de
7331500: system.cpu: T0 : 0x107e2    : ld a5, 210(a5)             : MemRead :  D=0x000000000007234c A=0x708b0
7332000: system.cpu: T0 : 0x107e6    : c_lw a5, 0(a5)             : MemRead :  D=0x000000000000000a A=0x7234c
7332500: system.cpu: T0 : 0x107e8    : blt zero, a5, -414         : IntAlu : 
7333500: system.cpu: T0 : 0x1064a    : sw zero, -68(s0)           : MemWrite :  D=0x0000000000000000 A=0x7ffffffffffffd8c
7334500: system.cpu: T0 : 0x1064e    : jal ra, 894                : IntAlu :  D=0x0000000000010652
7335000: system.cpu: T0 : 0x109cc    : c_addi sp, -16             : IntAlu :  D=0x7ffffffffffffd70
7335500: system.cpu: T0 : 0x109ce    : c_sdsp s0, 8(sp)           : MemWrite :  D=0x7ffffffffffffdd0 A=0x7ffffffffffffd78
7336000: system.cpu: T0 : 0x109d0    : c_addi4spn s0, sp, 16      : IntAlu :  D=0x7ffffffffffffd80
7337000: system.cpu: T0 : 0x109d2    : auipc a5, 96               : IntAlu :  D=0x00000000000709d2
7338000: system.cpu: T0 : 0x109d6    : ld a5, -290(a5)            : MemRead :  D=0x000000000007234c A=0x708b0
7338500: system.cpu: T0 : 0x109da    : c_lw a5, 0(a5)             : MemRead :  D=0x000000000000000a A=0x7234c
7339000: system.cpu: T0 : 0x109dc    : bge zero, a5, 94           : IntAlu : 
7339500: system.cpu: T0 : 0x109e0    : auipc a5, 96               : IntAlu :  D=0x00000000000709e0
7340000: system.cpu: T0 : 0x109e4    : ld a5, -344(a5)            : MemRead :  D=0x00000000000722c8 A=0x70888
7340500: system.cpu: T0 : 0x109e8    : c_lw a5, 0(a5)             : MemRead :  D=0x000000000000000d A=0x722c8
7341500: system.cpu: T0 : 0x109ea    : addiw a4, a5, -1           : IntAlu :  D=0x000000000000000c
7342500: system.cpu: T0 : 0x109ee    : addiw a3, a4, 0            : IntAlu :  D=0x000000000000000c
7343500: system.cpu: T0 : 0x109f2    : auipc a4, 96               : IntAlu :  D=0x00000000000709f2
7344500: system.cpu: T0 : 0x109f6    : ld a4, -362(a4)            : MemRead :  D=0x00000000000722c8 A=0x70888
7345000: system.cpu: T0 : 0x109fa    : c_sw a3, 0(a4)             : MemWrite :  D=0x000000000000000c A=0x722c8
7345500: system.cpu: T0 : 0x109fc    : bge zero, a5, 62           : IntAlu : 
7346000: system.cpu: T0 : 0x10a00    : auipc a5, 96               : IntAlu :  D=0x0000000000070a00
7346500: system.cpu: T0 : 0x10a04    : ld a5, -336(a5)            : MemRead :  D=0x000000000007234c A=0x708b0
7347000: system.cpu: T0 : 0x10a08    : c_lw a5, 0(a5)             : MemRead :  D=0x000000000000000a A=0x7234c
7347500: system.cpu: T0 : 0x10a0a    : c_addiw a5, -1             : IntAlu :  D=0x0000000000000009
7348000: system.cpu: T0 : 0x10a0c    : addiw a4, a5, 0            : IntAlu :  D=0x0000000000000009
7348500: system.cpu: T0 : 0x10a10    : auipc a5, 96               : IntAlu :  D=0x0000000000070a10
7349000: system.cpu: T0 : 0x10a14    : ld a5, -352(a5)            : MemRead :  D=0x000000000007234c A=0x708b0
7349500: system.cpu: T0 : 0x10a18    : c_sw a4, 0(a5)             : MemWrite :  D=0x0000000000000009 A=0x7234c
7350500: system.cpu: T0 : 0x10a1a    : auipc a5, 96               : IntAlu :  D=0x0000000000070a1a
7351500: system.cpu: T0 : 0x10a1e    : ld a5, -426(a5)            : MemRead :  D=0x0000000000071a80 A=0x70870
7352000: system.cpu: T0 : 0x10a22    : c_ld a5, 0(a5)             : MemRead :  D=0x0000000000071a70 A=0x71a80
7352500: system.cpu: T0 : 0x10a24    : addi a3, a5, 1             : IntAlu :  D=0x0000000000071a71
7353000: system.cpu: T0 : 0x10a28    : auipc a4, 96               : IntAlu :  D=0x0000000000070a28
7353500: system.cpu: T0 : 0x10a2c    : ld a4, -440(a4)            : MemRead :  D=0x0000000000071a80 A=0x70870
7354000: system.cpu: T0 : 0x10a30    : c_sd a3, 0(a4)             : MemWrite :  D=0x0000000000071a71 A=0x71a80
7355000: system.cpu: T0 : 0x10a32    : lbu a5, 0(a5)              : MemRead :  D=0x00000000000000b4 A=0x71a70
7355500: system.cpu: T0 : 0x10a36    : c_addiw a5, 0              : IntAlu :  D=0x00000000000000b4
7356000: system.cpu: T0 : 0x10a38    : c_j 4                      : IntAlu : 
7356500: system.cpu: T0 : 0x10a3c    : c_mv a0, a5                : IntAlu :  D=0x00000000000000b4
7357000: system.cpu: T0 : 0x10a3e    : c_ldsp s0, 8(sp)           : MemRead :  D=0x7ffffffffffffdd0 A=0x7ffffffffffffd78
7357500: system.cpu: T0 : 0x10a40    : c_addi sp, 16              : IntAlu :  D=0x7ffffffffffffd80
7358000: system.cpu: T0 : 0x10a42    : c_jr ra                    : IntAlu : 
7358500: system.cpu: T0 : 0x10652    : c_mv a5, a0                : IntAlu :  D=0x00000000000000b4
7359000: system.cpu: T0 : 0x10654    : c_addiw a5, 0              : IntAlu :  D=0x00000000000000b4
7360000: system.cpu: T0 : 0x10656    : addiw s6, a5, 0            : IntAlu :  D=0x00000000000000b4
7361000: system.cpu: T0 : 0x1065a    : auipc a5, 95               : IntAlu :  D=0x000000000006f65a
7362000: system.cpu: T0 : 0x1065e    : addi a5, a5, -1578         : IntAlu :  D=0x000000000006f030
7362500: system.cpu: T0 : 0x10662    : c_ld a5, 0(a5)             : MemRead :  D=0x0000000000000028 A=0x6f030
7363000: system.cpu: T0 : 0x10664    : addi a4, a5, 1             : IntAlu :  D=0x0000000000000029
7363500: system.cpu: T0 : 0x10668    : auipc a5, 95               : IntAlu :  D=0x000000000006f668
7364000: system.cpu: T0 : 0x1066c    : addi a5, a5, -1592         : IntAlu :  D=0x000000000006f030
7364500: system.cpu: T0 : 0x10670    : c_sd a4, 0(a5)             : MemWrite :  D=0x0000000000000029 A=0x6f030
7365000: system.cpu: T0 : 0x10672    : c_mv a4, s6                : IntAlu :  D=0x00000000000000b4
7365500: system.cpu: T0 : 0x10674    : auipc a5, 95               : IntAlu :  D=0x000000000006f674
7366000: system.cpu: T0 : 0x10678    : addi a5, a5, -1652         : IntAlu :  D=0x000000000006f000
7366500: system.cpu: T0 : 0x1067c    : c_lw a5, 0(a5)             : MemRead :  D=0x0000000000000010 A=0x6f000
7367500: system.cpu: T0 : 0x1067e    : sll a5, a4, a5             : IntAlu :  D=0x0000000000b40000
7368500: system.cpu: T0 : 0x10682    : add s2, s4, a5             : IntAlu :  D=0x0000000000b40000
7369500: system.cpu: T0 : 0x10686    : sllw a5, s6, s3            : IntAlu :  D=0x00000000000000b4
7370000: system.cpu: T0 : 0x1068a    : c_addiw a5, 0              : IntAlu :  D=0x00000000000000b4
7370500: system.cpu: T0 : 0x1068c    : xor s1, s4, a5             : IntAlu :  D=0x00000000000000b4
7371000: system.cpu: T0 : 0x10690    : auipc a4, 96               : IntAlu :  D=0x0000000000070690
7371500: system.cpu: T0 : 0x10694    : ld a4, 496(a4)             : MemRead :  D=0x0000000000071ac0 A=0x70880
7372000: system.cpu: T0 : 0x10698    : slli a5, s1, 3             : IntAlu :  D=0x00000000000005a0
7372500: system.cpu: T0 : 0x1069c    : c_add a5, a4               : IntAlu :  D=0x0000000000072060
7373000: system.cpu: T0 : 0x1069e    : c_ld a5, 0(a5)             : MemRead :  D=0xffffffffffffffff A=0x72060
7373500: system.cpu: T0 : 0x106a0    : bne s2, a5, 26             : IntAlu : 
7374500: system.cpu: T0 : 0x106ba    : auipc a4, 96               : IntAlu :  D=0x00000000000706ba
7375500: system.cpu: T0 : 0x106be    : ld a4, 454(a4)             : MemRead :  D=0x0000000000071ac0 A=0x70880
7376500: system.cpu: T0 : 0x106c2    : slli a5, s1, 3             : IntAlu :  D=0x00000000000005a0
7377000: system.cpu: T0 : 0x106c6    : c_add a5, a4               : IntAlu :  D=0x0000000000072060
7377500: system.cpu: T0 : 0x106c8    : c_ld a5, 0(a5)             : MemRead :  D=0xffffffffffffffff A=0x72060
7378500: system.cpu: T0 : 0x106ca    : blt a5, zero, 132          : IntAlu : 
7379000: system.cpu: T0 : 0x1074e    : c_addi zero, 0             : IntAlu :  D=0x0000000000000000
7379500: system.cpu: T0 : 0x10750    : c_j 4                      : IntAlu : 
7380000: system.cpu: T0 : 0x10754    : addi a5, gp, -920          : IntAlu :  D=0x0000000000070d48
7380500: system.cpu: T0 : 0x10758    : c_ld a5, 0(a5)             : MemRead :  D=0x0000000000000027 A=0x70d48
7381500: system.cpu: T0 : 0x1075a    : addi a4, a5, 1             : IntAlu :  D=0x0000000000000028
7382500: system.cpu: T0 : 0x1075e    : addi a5, gp, -920          : IntAlu :  D=0x0000000000070d48
7383000: system.cpu: T0 : 0x10762    : c_sd a4, 0(a5)             : MemWrite :  D=0x0000000000000028 A=0x70d48
7383500: system.cpu: T0 : 0x10764    : c_mv s4, s6                : IntAlu :  D=0x00000000000000b4
7384500: system.cpu: T0 : 0x10766    : addi a5, gp, -960          : IntAlu :  D=0x0000000000070d20
7385000: system.cpu: T0 : 0x1076a    : c_ld a4, 0(a5)             : MemRead :  D=0x0000000000000128 A=0x70d20
7385500: system.cpu: T0 : 0x1076c    : auipc a5, 95               : IntAlu :  D=0x000000000006f76c
7386000: system.cpu: T0 : 0x10770    : addi a5, a5, -1892         : IntAlu :  D=0x000000000006f008
7386500: system.cpu: T0 : 0x10774    : c_ld a5, 0(a5)             : MemRead :  D=0x0000000000010000 A=0x6f008
7387500: system.cpu: T0 : 0x10776    : bge a4, a5, 64             : IntAlu : 
7388500: system.cpu: T0 : 0x1077a    : addi a5, gp, -960          : IntAlu :  D=0x0000000000070d20
7389000: system.cpu: T0 : 0x1077e    : c_ld a5, 0(a5)             : MemRead :  D=0x0000000000000128 A=0x70d20
7389500: system.cpu: T0 : 0x10780    : addi a3, a5, 1             : IntAlu :  D=0x0000000000000129
7390000: system.cpu: T0 : 0x10784    : addi a4, gp, -960          : IntAlu :  D=0x0000000000070d20
7390500: system.cpu: T0 : 0x10788    : c_sd a3, 0(a4)             : MemWrite :  D=0x0000000000000129 A=0x70d20
7391500: system.cpu: T0 : 0x1078a    : slli a4, a5, 48            : IntAlu :  D=0x0128000000000000
7392000: system.cpu: T0 : 0x1078e    : c_srli a4, 48              : IntAlu :  D=0x0000000000000128
7392500: system.cpu: T0 : 0x10790    : auipc a3, 96               : IntAlu :  D=0x0000000000070790
7393000: system.cpu: T0 : 0x10794    : ld a3, 296(a3)             : MemRead :  D=0x0000000000072350 A=0x708b8
7393500: system.cpu: T0 : 0x10798    : slli a5, s1, 1             : IntAlu :  D=0x0000000000000168
7394000: system.cpu: T0 : 0x1079c    : c_add a5, a3               : IntAlu :  D=0x00000000000724b8
7395000: system.cpu: T0 : 0x1079e    : sh a4, 0(a5)               : MemWrite :  D=0x0000000000000128 A=0x724b8
7396000: system.cpu: T0 : 0x107a2    : auipc a4, 96               : IntAlu :  D=0x00000000000707a2
7397000: system.cpu: T0 : 0x107a6    : ld a4, 222(a4)             : MemRead :  D=0x0000000000071ac0 A=0x70880
7398000: system.cpu: T0 : 0x107aa    : slli a5, s1, 3             : IntAlu :  D=0x00000000000005a0
7398500: system.cpu: T0 : 0x107ae    : c_add a5, a4               : IntAlu :  D=0x0000000000072060
7399000: system.cpu: T0 : 0x107b0    : sd s2, 0(a5)               : MemWrite :  D=0x0000000000b40000 A=0x72060
7399500: system.cpu: T0 : 0x107b4    : c_j 42                     : IntAlu : 
7400500: system.cpu: T0 : 0x107de    : auipc a5, 96               : IntAlu :  D=0x00000000000707de
7401500: system.cpu: T0 : 0x107e2    : ld a5, 210(a5)             : MemRead :  D=0x000000000007234c A=0x708b0
7402000: system.cpu: T0 : 0x107e6    : c_lw a5, 0(a5)             : MemRead :  D=0x0000000000000009 A=0x7234c
7402500: system.cpu: T0 : 0x107e8    : blt zero, a5, -414         : IntAlu : 
7403500: system.cpu: T0 : 0x1064a    : sw zero, -68(s0)           : MemWrite :  D=0x0000000000000000 A=0x7ffffffffffffd8c
7404500: system.cpu: T0 : 0x1064e    : jal ra, 894                : IntAlu :  D=0x0000000000010652
7405000: system.cpu: T0 : 0x109cc    : c_addi sp, -16             : IntAlu :  D=0x7ffffffffffffd70
7405500: system.cpu: T0 : 0x109ce    : c_sdsp s0, 8(sp)           : MemWrite :  D=0x7ffffffffffffdd0 A=0x7ffffffffffffd78
7406000: system.cpu: T0 : 0x109d0    : c_addi4spn s0, sp, 16      : IntAlu :  D=0x7ffffffffffffd80
7407000: system.cpu: T0 : 0x109d2    : auipc a5, 96               : IntAlu :  D=0x00000000000709d2
7408000: system.cpu: T0 : 0x109d6    : ld a5, -290(a5)            : MemRead :  D=0x000000000007234c A=0x708b0
7408500: system.cpu: T0 : 0x109da    : c_lw a5, 0(a5)             : MemRead :  D=0x0000000000000009 A=0x7234c
7409000: system.cpu: T0 : 0x109dc    : bge zero, a5, 94           : IntAlu : 
7409500: system.cpu: T0 : 0x109e0    : auipc a5, 96               : IntAlu :  D=0x00000000000709e0
7410000: system.cpu: T0 : 0x109e4    : ld a5, -344(a5)            : MemRead :  D=0x00000000000722c8 A=0x70888
7410500: system.cpu: T0 : 0x109e8    : c_lw a5, 0(a5)             : MemRead :  D=0x000000000000000c A=0x722c8
7411500: system.cpu: T0 : 0x109ea    : addiw a4, a5, -1           : IntAlu :  D=0x000000000000000b
7412500: system.cpu: T0 : 0x109ee    : addiw a3, a4, 0            : IntAlu :  D=0x000000000000000b
7413500: system.cpu: T0 : 0x109f2    : auipc a4, 96               : IntAlu :  D=0x00000000000709f2
7414500: system.cpu: T0 : 0x109f6    : ld a4, -362(a4)            : MemRead :  D=0x00000000000722c8 A=0x70888
7415000: system.cpu: T0 : 0x109fa    : c_sw a3, 0(a4)             : MemWrite :  D=0x000000000000000b A=0x722c8
7415500: system.cpu: T0 : 0x109fc    : bge zero, a5, 62           : IntAlu : 
7416000: system.cpu: T0 : 0x10a00    : auipc a5, 96               : IntAlu :  D=0x0000000000070a00
7416500: system.cpu: T0 : 0x10a04    : ld a5, -336(a5)            : MemRead :  D=0x000000000007234c A=0x708b0
7417000: system.cpu: T0 : 0x10a08    : c_lw a5, 0(a5)             : MemRead :  D=0x0000000000000009 A=0x7234c
7417500: system.cpu: T0 : 0x10a0a    : c_addiw a5, -1             : IntAlu :  D=0x0000000000000008
7418000: system.cpu: T0 : 0x10a0c    : addiw a4, a5, 0            : IntAlu :  D=0x0000000000000008
7418500: system.cpu: T0 : 0x10a10    : auipc a5, 96               : IntAlu :  D=0x0000000000070a10
7419000: system.cpu: T0 : 0x10a14    : ld a5, -352(a5)            : MemRead :  D=0x000000000007234c A=0x708b0
7419500: system.cpu: T0 : 0x10a18    : c_sw a4, 0(a5)             : MemWrite :  D=0x0000000000000008 A=0x7234c
7420500: system.cpu: T0 : 0x10a1a    : auipc a5, 96               : IntAlu :  D=0x0000000000070a1a
7421500: system.cpu: T0 : 0x10a1e    : ld a5, -426(a5)            : MemRead :  D=0x0000000000071a80 A=0x70870
7422000: system.cpu: T0 : 0x10a22    : c_ld a5, 0(a5)             : MemRead :  D=0x0000000000071a71 A=0x71a80
7422500: system.cpu: T0 : 0x10a24    : addi a3, a5, 1             : IntAlu :  D=0x0000000000071a72
7423000: system.cpu: T0 : 0x10a28    : auipc a4, 96               : IntAlu :  D=0x0000000000070a28
7423500: system.cpu: T0 : 0x10a2c    : ld a4, -440(a4)            : MemRead :  D=0x0000000000071a80 A=0x70870
7424000: system.cpu: T0 : 0x10a30    : c_sd a3, 0(a4)             : MemWrite :  D=0x0000000000071a72 A=0x71a80
7425000: system.cpu: T0 : 0x10a32    : lbu a5, 0(a5)              : MemRead :  D=0x00000000000000fd A=0x71a71
7425500: system.cpu: T0 : 0x10a36    : c_addiw a5, 0              : IntAlu :  D=0x00000000000000fd
7426000: system.cpu: T0 : 0x10a38    : c_j 4                      : IntAlu : 
7426500: system.cpu: T0 : 0x10a3c    : c_mv a0, a5                : IntAlu :  D=0x00000000000000fd
7427000: system.cpu: T0 : 0x10a3e    : c_ldsp s0, 8(sp)           : MemRead :  D=0x7ffffffffffffdd0 A=0x7ffffffffffffd78
7427500: system.cpu: T0 : 0x10a40    : c_addi sp, 16              : IntAlu :  D=0x7ffffffffffffd80
7428000: system.cpu: T0 : 0x10a42    : c_jr ra                    : IntAlu : 
7428500: system.cpu: T0 : 0x10652    : c_mv a5, a0                : IntAlu :  D=0x00000000000000fd
7429000: system.cpu: T0 : 0x10654    : c_addiw a5, 0              : IntAlu :  D=0x00000000000000fd
7430000: system.cpu: T0 : 0x10656    : addiw s6, a5, 0            : IntAlu :  D=0x00000000000000fd
7431000: system.cpu: T0 : 0x1065a    : auipc a5, 95               : IntAlu :  D=0x000000000006f65a
7432000: system.cpu: T0 : 0x1065e    : addi a5, a5, -1578         : IntAlu :  D=0x000000000006f030
7432500: system.cpu: T0 : 0x10662    : c_ld a5, 0(a5)             : MemRead :  D=0x0000000000000029 A=0x6f030
7433000: system.cpu: T0 : 0x10664    : addi a4, a5, 1             : IntAlu :  D=0x000000000000002a
7433500: system.cpu: T0 : 0x10668    : auipc a5, 95               : IntAlu :  D=0x000000000006f668
7434000: system.cpu: T0 : 0x1066c    : addi a5, a5, -1592         : IntAlu :  D=0x000000000006f030
7434500: system.cpu: T0 : 0x10670    : c_sd a4, 0(a5)             : MemWrite :  D=0x000000000000002a A=0x6f030
7435000: system.cpu: T0 : 0x10672    : c_mv a4, s6                : IntAlu :  D=0x00000000000000fd
7435500: system.cpu: T0 : 0x10674    : auipc a5, 95               : IntAlu :  D=0x000000000006f674
7436000: system.cpu: T0 : 0x10678    : addi a5, a5, -1652         : IntAlu :  D=0x000000000006f000
7436500: system.cpu: T0 : 0x1067c    : c_lw a5, 0(a5)             : MemRead :  D=0x0000000000000010 A=0x6f000
7437500: system.cpu: T0 : 0x1067e    : sll a5, a4, a5             : IntAlu :  D=0x0000000000fd0000
7438500: system.cpu: T0 : 0x10682    : add s2, s4, a5             : IntAlu :  D=0x0000000000fd00b4
7439500: system.cpu: T0 : 0x10686    : sllw a5, s6, s3            : IntAlu :  D=0x00000000000000fd
7440000: system.cpu: T0 : 0x1068a    : c_addiw a5, 0              : IntAlu :  D=0x00000000000000fd
7440500: system.cpu: T0 : 0x1068c    : xor s1, s4, a5             : IntAlu :  D=0x0000000000000049
7441000: system.cpu: T0 : 0x10690    : auipc a4, 96               : IntAlu :  D=0x0000000000070690
7441500: system.cpu: T0 : 0x10694    : ld a4, 496(a4)             : MemRead :  D=0x0000000000071ac0 A=0x70880
7442000: system.cpu: T0 : 0x10698    : slli a5, s1, 3             : IntAlu :  D=0x0000000000000248
7442500: system.cpu: T0 : 0x1069c    : c_add a5, a4               : IntAlu :  D=0x0000000000071d08
7443000: system.cpu: T0 : 0x1069e    : c_ld a5, 0(a5)             : MemRead :  D=0xffffffffffffffff A=0x71d08
7443500: system.cpu: T0 : 0x106a0    : bne s2, a5, 26             : IntAlu : 
7444500: system.cpu: T0 : 0x106ba    : auipc a4, 96               : IntAlu :  D=0x00000000000706ba
7445500: system.cpu: T0 : 0x106be    : ld a4, 454(a4)             : MemRead :  D=0x0000000000071ac0 A=0x70880
7446500: system.cpu: T0 : 0x106c2    : slli a5, s1, 3             : IntAlu :  D=0x0000000000000248
7447000: system.cpu: T0 : 0x106c6    : c_add a5, a4               : IntAlu :  D=0x0000000000071d08
7447500: system.cpu: T0 : 0x106c8    : c_ld a5, 0(a5)             : MemRead :  D=0xffffffffffffffff A=0x71d08
7448500: system.cpu: T0 : 0x106ca    : blt a5, zero, 132          : IntAlu : 
7449000: system.cpu: T0 : 0x1074e    : c_addi zero, 0             : IntAlu :  D=0x0000000000000000
7449500: system.cpu: T0 : 0x10750    : c_j 4                      : IntAlu : 
7450000: system.cpu: T0 : 0x10754    : addi a5, gp, -920          : IntAlu :  D=0x0000000000070d48
7450500: system.cpu: T0 : 0x10758    : c_ld a5, 0(a5)             : MemRead :  D=0x0000000000000028 A=0x70d48
7451500: system.cpu: T0 : 0x1075a    : addi a4, a5, 1             : IntAlu :  D=0x0000000000000029
7452500: system.cpu: T0 : 0x1075e    : addi a5, gp, -920          : IntAlu :  D=0x0000000000070d48
7453000: system.cpu: T0 : 0x10762    : c_sd a4, 0(a5)             : MemWrite :  D=0x0000000000000029 A=0x70d48
7453500: system.cpu: T0 : 0x10764    : c_mv s4, s6                : IntAlu :  D=0x00000000000000fd
7454500: system.cpu: T0 : 0x10766    : addi a5, gp, -960          : IntAlu :  D=0x0000000000070d20
7455000: system.cpu: T0 : 0x1076a    : c_ld a4, 0(a5)             : MemRead :  D=0x0000000000000129 A=0x70d20
7455500: system.cpu: T0 : 0x1076c    : auipc a5, 95               : IntAlu :  D=0x000000000006f76c
7456000: system.cpu: T0 : 0x10770    : addi a5, a5, -1892         : IntAlu :  D=0x000000000006f008
7456500: system.cpu: T0 : 0x10774    : c_ld a5, 0(a5)             : MemRead :  D=0x0000000000010000 A=0x6f008
7457500: system.cpu: T0 : 0x10776    : bge a4, a5, 64             : IntAlu : 
7458500: system.cpu: T0 : 0x1077a    : addi a5, gp, -960          : IntAlu :  D=0x0000000000070d20
7459000: system.cpu: T0 : 0x1077e    : c_ld a5, 0(a5)             : MemRead :  D=0x0000000000000129 A=0x70d20
7459500: system.cpu: T0 : 0x10780    : addi a3, a5, 1             : IntAlu :  D=0x000000000000012a
7460000: system.cpu: T0 : 0x10784    : addi a4, gp, -960          : IntAlu :  D=0x0000000000070d20
7460500: system.cpu: T0 : 0x10788    : c_sd a3, 0(a4)             : MemWrite :  D=0x000000000000012a A=0x70d20
7461500: system.cpu: T0 : 0x1078a    : slli a4, a5, 48            : IntAlu :  D=0x0129000000000000
7462000: system.cpu: T0 : 0x1078e    : c_srli a4, 48              : IntAlu :  D=0x0000000000000129
7462500: system.cpu: T0 : 0x10790    : auipc a3, 96               : IntAlu :  D=0x0000000000070790
7463000: system.cpu: T0 : 0x10794    : ld a3, 296(a3)             : MemRead :  D=0x0000000000072350 A=0x708b8
7463500: system.cpu: T0 : 0x10798    : slli a5, s1, 1             : IntAlu :  D=0x0000000000000092
7464000: system.cpu: T0 : 0x1079c    : c_add a5, a3               : IntAlu :  D=0x00000000000723e2
7465000: system.cpu: T0 : 0x1079e    : sh a4, 0(a5)               : MemWrite :  D=0x0000000000000129 A=0x723e2
7466000: system.cpu: T0 : 0x107a2    : auipc a4, 96               : IntAlu :  D=0x00000000000707a2
7467000: system.cpu: T0 : 0x107a6    : ld a4, 222(a4)             : MemRead :  D=0x0000000000071ac0 A=0x70880
7468000: system.cpu: T0 : 0x107aa    : slli a5, s1, 3             : IntAlu :  D=0x0000000000000248
7468500: system.cpu: T0 : 0x107ae    : c_add a5, a4               : IntAlu :  D=0x0000000000071d08
7469000: system.cpu: T0 : 0x107b0    : sd s2, 0(a5)               : MemWrite :  D=0x0000000000fd00b4 A=0x71d08
7469500: system.cpu: T0 : 0x107b4    : c_j 42                     : IntAlu : 
7470500: system.cpu: T0 : 0x107de    : auipc a5, 96               : IntAlu :  D=0x00000000000707de
7471500: system.cpu: T0 : 0x107e2    : ld a5, 210(a5)             : MemRead :  D=0x000000000007234c A=0x708b0
7472000: system.cpu: T0 : 0x107e6    : c_lw a5, 0(a5)             : MemRead :  D=0x0000000000000008 A=0x7234c
7472500: system.cpu: T0 : 0x107e8    : blt zero, a5, -414         : IntAlu : 
7473500: system.cpu: T0 : 0x1064a    : sw zero, -68(s0)           : MemWrite :  D=0x0000000000000000 A=0x7ffffffffffffd8c
7474500: system.cpu: T0 : 0x1064e    : jal ra, 894                : IntAlu :  D=0x0000000000010652
7475000: system.cpu: T0 : 0x109cc    : c_addi sp, -16             : IntAlu :  D=0x7ffffffffffffd70
7475500: system.cpu: T0 : 0x109ce    : c_sdsp s0, 8(sp)           : MemWrite :  D=0x7ffffffffffffdd0 A=0x7ffffffffffffd78
7476000: system.cpu: T0 : 0x109d0    : c_addi4spn s0, sp, 16      : IntAlu :  D=0x7ffffffffffffd80
7477000: system.cpu: T0 : 0x109d2    : auipc a5, 96               : IntAlu :  D=0x00000000000709d2
7478000: system.cpu: T0 : 0x109d6    : ld a5, -290(a5)            : MemRead :  D=0x000000000007234c A=0x708b0
7478500: system.cpu: T0 : 0x109da    : c_lw a5, 0(a5)             : MemRead :  D=0x0000000000000008 A=0x7234c
7479000: system.cpu: T0 : 0x109dc    : bge zero, a5, 94           : IntAlu : 
7479500: system.cpu: T0 : 0x109e0    : auipc a5, 96               : IntAlu :  D=0x00000000000709e0
7480000: system.cpu: T0 : 0x109e4    : ld a5, -344(a5)            : MemRead :  D=0x00000000000722c8 A=0x70888
7480500: system.cpu: T0 : 0x109e8    : c_lw a5, 0(a5)             : MemRead :  D=0x000000000000000b A=0x722c8
7481500: system.cpu: T0 : 0x109ea    : addiw a4, a5, -1           : IntAlu :  D=0x000000000000000a
7482500: system.cpu: T0 : 0x109ee    : addiw a3, a4, 0            : IntAlu :  D=0x000000000000000a
7483500: system.cpu: T0 : 0x109f2    : auipc a4, 96               : IntAlu :  D=0x00000000000709f2
7484500: system.cpu: T0 : 0x109f6    : ld a4, -362(a4)            : MemRead :  D=0x00000000000722c8 A=0x70888
7485000: system.cpu: T0 : 0x109fa    : c_sw a3, 0(a4)             : MemWrite :  D=0x000000000000000a A=0x722c8
7485500: system.cpu: T0 : 0x109fc    : bge zero, a5, 62           : IntAlu : 
7486000: system.cpu: T0 : 0x10a00    : auipc a5, 96               : IntAlu :  D=0x0000000000070a00
7486500: system.cpu: T0 : 0x10a04    : ld a5, -336(a5)            : MemRead :  D=0x000000000007234c A=0x708b0
7487000: system.cpu: T0 : 0x10a08    : c_lw a5, 0(a5)             : MemRead :  D=0x0000000000000008 A=0x7234c
7487500: system.cpu: T0 : 0x10a0a    : c_addiw a5, -1             : IntAlu :  D=0x0000000000000007
7488000: system.cpu: T0 : 0x10a0c    : addiw a4, a5, 0            : IntAlu :  D=0x0000000000000007
7488500: system.cpu: T0 : 0x10a10    : auipc a5, 96               : IntAlu :  D=0x0000000000070a10
7489000: system.cpu: T0 : 0x10a14    : ld a5, -352(a5)            : MemRead :  D=0x000000000007234c A=0x708b0
7489500: system.cpu: T0 : 0x10a18    : c_sw a4, 0(a5)             : MemWrite :  D=0x0000000000000007 A=0x7234c
7490500: system.cpu: T0 : 0x10a1a    : auipc a5, 96               : IntAlu :  D=0x0000000000070a1a
7491500: system.cpu: T0 : 0x10a1e    : ld a5, -426(a5)            : MemRead :  D=0x0000000000071a80 A=0x70870
7492000: system.cpu: T0 : 0x10a22    : c_ld a5, 0(a5)             : MemRead :  D=0x0000000000071a72 A=0x71a80
7492500: system.cpu: T0 : 0x10a24    : addi a3, a5, 1             : IntAlu :  D=0x0000000000071a73
7493000: system.cpu: T0 : 0x10a28    : auipc a4, 96               : IntAlu :  D=0x0000000000070a28
7493500: system.cpu: T0 : 0x10a2c    : ld a4, -440(a4)            : MemRead :  D=0x0000000000071a80 A=0x70870
7494000: system.cpu: T0 : 0x10a30    : c_sd a3, 0(a4)             : MemWrite :  D=0x0000000000071a73 A=0x71a80
7495000: system.cpu: T0 : 0x10a32    : lbu a5, 0(a5)              : MemRead :  D=0x000000000000000f A=0x71a72
7495500: system.cpu: T0 : 0x10a36    : c_addiw a5, 0              : IntAlu :  D=0x000000000000000f
7496000: system.cpu: T0 : 0x10a38    : c_j 4                      : IntAlu : 
7496500: system.cpu: T0 : 0x10a3c    : c_mv a0, a5                : IntAlu :  D=0x000000000000000f
7497000: system.cpu: T0 : 0x10a3e    : c_ldsp s0, 8(sp)           : MemRead :  D=0x7ffffffffffffdd0 A=0x7ffffffffffffd78
7497500: system.cpu: T0 : 0x10a40    : c_addi sp, 16              : IntAlu :  D=0x7ffffffffffffd80
7498000: system.cpu: T0 : 0x10a42    : c_jr ra                    : IntAlu : 
7498500: system.cpu: T0 : 0x10652    : c_mv a5, a0                : IntAlu :  D=0x000000000000000f
7499000: system.cpu: T0 : 0x10654    : c_addiw a5, 0              : IntAlu :  D=0x000000000000000f
7500000: system.cpu: T0 : 0x10656    : addiw s6, a5, 0            : IntAlu :  D=0x000000000000000f
7501000: system.cpu: T0 : 0x1065a    : auipc a5, 95               : IntAlu :  D=0x000000000006f65a
7502000: system.cpu: T0 : 0x1065e    : addi a5, a5, -1578         : IntAlu :  D=0x000000000006f030
7502500: system.cpu: T0 : 0x10662    : c_ld a5, 0(a5)             : MemRead :  D=0x000000000000002a A=0x6f030
7503000: system.cpu: T0 : 0x10664    : addi a4, a5, 1             : IntAlu :  D=0x000000000000002b
7503500: system.cpu: T0 : 0x10668    : auipc a5, 95               : IntAlu :  D=0x000000000006f668
7504000: system.cpu: T0 : 0x1066c    : addi a5, a5, -1592         : IntAlu :  D=0x000000000006f030
7504500: system.cpu: T0 : 0x10670    : c_sd a4, 0(a5)             : MemWrite :  D=0x000000000000002b A=0x6f030
7505000: system.cpu: T0 : 0x10672    : c_mv a4, s6                : IntAlu :  D=0x000000000000000f
7505500: system.cpu: T0 : 0x10674    : auipc a5, 95               : IntAlu :  D=0x000000000006f674
7506000: system.cpu: T0 : 0x10678    : addi a5, a5, -1652         : IntAlu :  D=0x000000000006f000
7506500: system.cpu: T0 : 0x1067c    : c_lw a5, 0(a5)             : MemRead :  D=0x0000000000000010 A=0x6f000
7507500: system.cpu: T0 : 0x1067e    : sll a5, a4, a5             : IntAlu :  D=0x00000000000f0000
7508500: system.cpu: T0 : 0x10682    : add s2, s4, a5             : IntAlu :  D=0x00000000000f00fd
7509500: system.cpu: T0 : 0x10686    : sllw a5, s6, s3            : IntAlu :  D=0x000000000000000f
7510000: system.cpu: T0 : 0x1068a    : c_addiw a5, 0              : IntAlu :  D=0x000000000000000f
7510500: system.cpu: T0 : 0x1068c    : xor s1, s4, a5             : IntAlu :  D=0x00000000000000f2
7511000: system.cpu: T0 : 0x10690    : auipc a4, 96               : IntAlu :  D=0x0000000000070690
7511500: system.cpu: T0 : 0x10694    : ld a4, 496(a4)             : MemRead :  D=0x0000000000071ac0 A=0x70880
7512000: system.cpu: T0 : 0x10698    : slli a5, s1, 3             : IntAlu :  D=0x0000000000000790
7512500: system.cpu: T0 : 0x1069c    : c_add a5, a4               : IntAlu :  D=0x0000000000072250
7513000: system.cpu: T0 : 0x1069e    : c_ld a5, 0(a5)             : MemRead :  D=0xffffffffffffffff A=0x72250
7513500: system.cpu: T0 : 0x106a0    : bne s2, a5, 26             : IntAlu : 
7514500: system.cpu: T0 : 0x106ba    : auipc a4, 96               : IntAlu :  D=0x00000000000706ba
7515500: system.cpu: T0 : 0x106be    : ld a4, 454(a4)             : MemRead :  D=0x0000000000071ac0 A=0x70880
7516500: system.cpu: T0 : 0x106c2    : slli a5, s1, 3             : IntAlu :  D=0x0000000000000790
7517000: system.cpu: T0 : 0x106c6    : c_add a5, a4               : IntAlu :  D=0x0000000000072250
7517500: system.cpu: T0 : 0x106c8    : c_ld a5, 0(a5)             : MemRead :  D=0xffffffffffffffff A=0x72250
7518500: system.cpu: T0 : 0x106ca    : blt a5, zero, 132          : IntAlu : 
7519000: system.cpu: T0 : 0x1074e    : c_addi zero, 0             : IntAlu :  D=0x0000000000000000
7519500: system.cpu: T0 : 0x10750    : c_j 4                      : IntAlu : 
7520000: system.cpu: T0 : 0x10754    : addi a5, gp, -920          : IntAlu :  D=0x0000000000070d48
7520500: system.cpu: T0 : 0x10758    : c_ld a5, 0(a5)             : MemRead :  D=0x0000000000000029 A=0x70d48
7521500: system.cpu: T0 : 0x1075a    : addi a4, a5, 1             : IntAlu :  D=0x000000000000002a
7522500: system.cpu: T0 : 0x1075e    : addi a5, gp, -920          : IntAlu :  D=0x0000000000070d48
7523000: system.cpu: T0 : 0x10762    : c_sd a4, 0(a5)             : MemWrite :  D=0x000000000000002a A=0x70d48
7523500: system.cpu: T0 : 0x10764    : c_mv s4, s6                : IntAlu :  D=0x000000000000000f
7524500: system.cpu: T0 : 0x10766    : addi a5, gp, -960          : IntAlu :  D=0x0000000000070d20
7525000: system.cpu: T0 : 0x1076a    : c_ld a4, 0(a5)             : MemRead :  D=0x000000000000012a A=0x70d20
7525500: system.cpu: T0 : 0x1076c    : auipc a5, 95               : IntAlu :  D=0x000000000006f76c
7526000: system.cpu: T0 : 0x10770    : addi a5, a5, -1892         : IntAlu :  D=0x000000000006f008
7526500: system.cpu: T0 : 0x10774    : c_ld a5, 0(a5)             : MemRead :  D=0x0000000000010000 A=0x6f008
7527500: system.cpu: T0 : 0x10776    : bge a4, a5, 64             : IntAlu : 
7528500: system.cpu: T0 : 0x1077a    : addi a5, gp, -960          : IntAlu :  D=0x0000000000070d20
7529000: system.cpu: T0 : 0x1077e    : c_ld a5, 0(a5)             : MemRead :  D=0x000000000000012a A=0x70d20
7529500: system.cpu: T0 : 0x10780    : addi a3, a5, 1             : IntAlu :  D=0x000000000000012b
7530000: system.cpu: T0 : 0x10784    : addi a4, gp, -960          : IntAlu :  D=0x0000000000070d20
7530500: system.cpu: T0 : 0x10788    : c_sd a3, 0(a4)             : MemWrite :  D=0x000000000000012b A=0x70d20
7531500: system.cpu: T0 : 0x1078a    : slli a4, a5, 48            : IntAlu :  D=0x012a000000000000
7532000: system.cpu: T0 : 0x1078e    : c_srli a4, 48              : IntAlu :  D=0x000000000000012a
7532500: system.cpu: T0 : 0x10790    : auipc a3, 96               : IntAlu :  D=0x0000000000070790
7533000: system.cpu: T0 : 0x10794    : ld a3, 296(a3)             : MemRead :  D=0x0000000000072350 A=0x708b8
7533500: system.cpu: T0 : 0x10798    : slli a5, s1, 1             : IntAlu :  D=0x00000000000001e4
7534000: system.cpu: T0 : 0x1079c    : c_add a5, a3               : IntAlu :  D=0x0000000000072534
7535000: system.cpu: T0 : 0x1079e    : sh a4, 0(a5)               : MemWrite :  D=0x000000000000012a A=0x72534
7536000: system.cpu: T0 : 0x107a2    : auipc a4, 96               : IntAlu :  D=0x00000000000707a2
7537000: system.cpu: T0 : 0x107a6    : ld a4, 222(a4)             : MemRead :  D=0x0000000000071ac0 A=0x70880
7538000: system.cpu: T0 : 0x107aa    : slli a5, s1, 3             : IntAlu :  D=0x0000000000000790
7538500: system.cpu: T0 : 0x107ae    : c_add a5, a4               : IntAlu :  D=0x0000000000072250
7539000: system.cpu: T0 : 0x107b0    : sd s2, 0(a5)               : MemWrite :  D=0x00000000000f00fd A=0x72250
7539500: system.cpu: T0 : 0x107b4    : c_j 42                     : IntAlu : 
7540500: system.cpu: T0 : 0x107de    : auipc a5, 96               : IntAlu :  D=0x00000000000707de
7541500: system.cpu: T0 : 0x107e2    : ld a5, 210(a5)             : MemRead :  D=0x000000000007234c A=0x708b0
7542000: system.cpu: T0 : 0x107e6    : c_lw a5, 0(a5)             : MemRead :  D=0x0000000000000007 A=0x7234c
7542500: system.cpu: T0 : 0x107e8    : blt zero, a5, -414         : IntAlu : 
7543500: system.cpu: T0 : 0x1064a    : sw zero, -68(s0)           : MemWrite :  D=0x0000000000000000 A=0x7ffffffffffffd8c
7544500: system.cpu: T0 : 0x1064e    : jal ra, 894                : IntAlu :  D=0x0000000000010652
7545000: system.cpu: T0 : 0x109cc    : c_addi sp, -16             : IntAlu :  D=0x7ffffffffffffd70
7545500: system.cpu: T0 : 0x109ce    : c_sdsp s0, 8(sp)           : MemWrite :  D=0x7ffffffffffffdd0 A=0x7ffffffffffffd78
7546000: system.cpu: T0 : 0x109d0    : c_addi4spn s0, sp, 16      : IntAlu :  D=0x7ffffffffffffd80
7547000: system.cpu: T0 : 0x109d2    : auipc a5, 96               : IntAlu :  D=0x00000000000709d2
7548000: system.cpu: T0 : 0x109d6    : ld a5, -290(a5)            : MemRead :  D=0x000000000007234c A=0x708b0
7548500: system.cpu: T0 : 0x109da    : c_lw a5, 0(a5)             : MemRead :  D=0x0000000000000007 A=0x7234c
7549000: system.cpu: T0 : 0x109dc    : bge zero, a5, 94           : IntAlu : 
7549500: system.cpu: T0 : 0x109e0    : auipc a5, 96               : IntAlu :  D=0x00000000000709e0
7550000: system.cpu: T0 : 0x109e4    : ld a5, -344(a5)            : MemRead :  D=0x00000000000722c8 A=0x70888
7550500: system.cpu: T0 : 0x109e8    : c_lw a5, 0(a5)             : MemRead :  D=0x000000000000000a A=0x722c8
7551500: system.cpu: T0 : 0x109ea    : addiw a4, a5, -1           : IntAlu :  D=0x0000000000000009
7552500: system.cpu: T0 : 0x109ee    : addiw a3, a4, 0            : IntAlu :  D=0x0000000000000009
7553500: system.cpu: T0 : 0x109f2    : auipc a4, 96               : IntAlu :  D=0x00000000000709f2
7554500: system.cpu: T0 : 0x109f6    : ld a4, -362(a4)            : MemRead :  D=0x00000000000722c8 A=0x70888
7555000: system.cpu: T0 : 0x109fa    : c_sw a3, 0(a4)             : MemWrite :  D=0x0000000000000009 A=0x722c8
7555500: system.cpu: T0 : 0x109fc    : bge zero, a5, 62           : IntAlu : 
7556000: system.cpu: T0 : 0x10a00    : auipc a5, 96               : IntAlu :  D=0x0000000000070a00
7556500: system.cpu: T0 : 0x10a04    : ld a5, -336(a5)            : MemRead :  D=0x000000000007234c A=0x708b0
7557000: system.cpu: T0 : 0x10a08    : c_lw a5, 0(a5)             : MemRead :  D=0x0000000000000007 A=0x7234c
7557500: system.cpu: T0 : 0x10a0a    : c_addiw a5, -1             : IntAlu :  D=0x0000000000000006
7558000: system.cpu: T0 : 0x10a0c    : addiw a4, a5, 0            : IntAlu :  D=0x0000000000000006
7558500: system.cpu: T0 : 0x10a10    : auipc a5, 96               : IntAlu :  D=0x0000000000070a10
7559000: system.cpu: T0 : 0x10a14    : ld a5, -352(a5)            : MemRead :  D=0x000000000007234c A=0x708b0
7559500: system.cpu: T0 : 0x10a18    : c_sw a4, 0(a5)             : MemWrite :  D=0x0000000000000006 A=0x7234c
7560500: system.cpu: T0 : 0x10a1a    : auipc a5, 96               : IntAlu :  D=0x0000000000070a1a
7561500: system.cpu: T0 : 0x10a1e    : ld a5, -426(a5)            : MemRead :  D=0x0000000000071a80 A=0x70870
7562000: system.cpu: T0 : 0x10a22    : c_ld a5, 0(a5)             : MemRead :  D=0x0000000000071a73 A=0x71a80
7562500: system.cpu: T0 : 0x10a24    : addi a3, a5, 1             : IntAlu :  D=0x0000000000071a74
7563000: system.cpu: T0 : 0x10a28    : auipc a4, 96               : IntAlu :  D=0x0000000000070a28
7563500: system.cpu: T0 : 0x10a2c    : ld a4, -440(a4)            : MemRead :  D=0x0000000000071a80 A=0x70870
7564000: system.cpu: T0 : 0x10a30    : c_sd a3, 0(a4)             : MemWrite :  D=0x0000000000071a74 A=0x71a80
7565000: system.cpu: T0 : 0x10a32    : lbu a5, 0(a5)              : MemRead :  D=0x0000000000000006 A=0x71a73
7565500: system.cpu: T0 : 0x10a36    : c_addiw a5, 0              : IntAlu :  D=0x0000000000000006
7566000: system.cpu: T0 : 0x10a38    : c_j 4                      : IntAlu : 
7566500: system.cpu: T0 : 0x10a3c    : c_mv a0, a5                : IntAlu :  D=0x0000000000000006
7567000: system.cpu: T0 : 0x10a3e    : c_ldsp s0, 8(sp)           : MemRead :  D=0x7ffffffffffffdd0 A=0x7ffffffffffffd78
7567500: system.cpu: T0 : 0x10a40    : c_addi sp, 16              : IntAlu :  D=0x7ffffffffffffd80
7568000: system.cpu: T0 : 0x10a42    : c_jr ra                    : IntAlu : 
7568500: system.cpu: T0 : 0x10652    : c_mv a5, a0                : IntAlu :  D=0x0000000000000006
7569000: system.cpu: T0 : 0x10654    : c_addiw a5, 0              : IntAlu :  D=0x0000000000000006
7570000: system.cpu: T0 : 0x10656    : addiw s6, a5, 0            : IntAlu :  D=0x0000000000000006
7571000: system.cpu: T0 : 0x1065a    : auipc a5, 95               : IntAlu :  D=0x000000000006f65a
7572000: system.cpu: T0 : 0x1065e    : addi a5, a5, -1578         : IntAlu :  D=0x000000000006f030
7572500: system.cpu: T0 : 0x10662    : c_ld a5, 0(a5)             : MemRead :  D=0x000000000000002b A=0x6f030
7573000: system.cpu: T0 : 0x10664    : addi a4, a5, 1             : IntAlu :  D=0x000000000000002c
7573500: system.cpu: T0 : 0x10668    : auipc a5, 95               : IntAlu :  D=0x000000000006f668
7574000: system.cpu: T0 : 0x1066c    : addi a5, a5, -1592         : IntAlu :  D=0x000000000006f030
7574500: system.cpu: T0 : 0x10670    : c_sd a4, 0(a5)             : MemWrite :  D=0x000000000000002c A=0x6f030
7575000: system.cpu: T0 : 0x10672    : c_mv a4, s6                : IntAlu :  D=0x0000000000000006
7575500: system.cpu: T0 : 0x10674    : auipc a5, 95               : IntAlu :  D=0x000000000006f674
7576000: system.cpu: T0 : 0x10678    : addi a5, a5, -1652         : IntAlu :  D=0x000000000006f000
7576500: system.cpu: T0 : 0x1067c    : c_lw a5, 0(a5)             : MemRead :  D=0x0000000000000010 A=0x6f000
7577500: system.cpu: T0 : 0x1067e    : sll a5, a4, a5             : IntAlu :  D=0x0000000000060000
7578500: system.cpu: T0 : 0x10682    : add s2, s4, a5             : IntAlu :  D=0x000000000006000f
7579500: system.cpu: T0 : 0x10686    : sllw a5, s6, s3            : IntAlu :  D=0x0000000000000006
7580000: system.cpu: T0 : 0x1068a    : c_addiw a5, 0              : IntAlu :  D=0x0000000000000006
7580500: system.cpu: T0 : 0x1068c    : xor s1, s4, a5             : IntAlu :  D=0x0000000000000009
7581000: system.cpu: T0 : 0x10690    : auipc a4, 96               : IntAlu :  D=0x0000000000070690
7581500: system.cpu: T0 : 0x10694    : ld a4, 496(a4)             : MemRead :  D=0x0000000000071ac0 A=0x70880
7582000: system.cpu: T0 : 0x10698    : slli a5, s1, 3             : IntAlu :  D=0x0000000000000048
7582500: system.cpu: T0 : 0x1069c    : c_add a5, a4               : IntAlu :  D=0x0000000000071b08
7583000: system.cpu: T0 : 0x1069e    : c_ld a5, 0(a5)             : MemRead :  D=0xffffffffffffffff A=0x71b08
7583500: system.cpu: T0 : 0x106a0    : bne s2, a5, 26             : IntAlu : 
7584500: system.cpu: T0 : 0x106ba    : auipc a4, 96               : IntAlu :  D=0x00000000000706ba
7585500: system.cpu: T0 : 0x106be    : ld a4, 454(a4)             : MemRead :  D=0x0000000000071ac0 A=0x70880
7586500: system.cpu: T0 : 0x106c2    : slli a5, s1, 3             : IntAlu :  D=0x0000000000000048
7587000: system.cpu: T0 : 0x106c6    : c_add a5, a4               : IntAlu :  D=0x0000000000071b08
7587500: system.cpu: T0 : 0x106c8    : c_ld a5, 0(a5)             : MemRead :  D=0xffffffffffffffff A=0x71b08
7588500: system.cpu: T0 : 0x106ca    : blt a5, zero, 132          : IntAlu : 
7589000: system.cpu: T0 : 0x1074e    : c_addi zero, 0             : IntAlu :  D=0x0000000000000000
7589500: system.cpu: T0 : 0x10750    : c_j 4                      : IntAlu : 
7590000: system.cpu: T0 : 0x10754    : addi a5, gp, -920          : IntAlu :  D=0x0000000000070d48
7590500: system.cpu: T0 : 0x10758    : c_ld a5, 0(a5)             : MemRead :  D=0x000000000000002a A=0x70d48
7591500: system.cpu: T0 : 0x1075a    : addi a4, a5, 1             : IntAlu :  D=0x000000000000002b
7592500: system.cpu: T0 : 0x1075e    : addi a5, gp, -920          : IntAlu :  D=0x0000000000070d48
7593000: system.cpu: T0 : 0x10762    : c_sd a4, 0(a5)             : MemWrite :  D=0x000000000000002b A=0x70d48
7593500: system.cpu: T0 : 0x10764    : c_mv s4, s6                : IntAlu :  D=0x0000000000000006
7594500: system.cpu: T0 : 0x10766    : addi a5, gp, -960          : IntAlu :  D=0x0000000000070d20
7595000: system.cpu: T0 : 0x1076a    : c_ld a4, 0(a5)             : MemRead :  D=0x000000000000012b A=0x70d20
7595500: system.cpu: T0 : 0x1076c    : auipc a5, 95               : IntAlu :  D=0x000000000006f76c
7596000: system.cpu: T0 : 0x10770    : addi a5, a5, -1892         : IntAlu :  D=0x000000000006f008
7596500: system.cpu: T0 : 0x10774    : c_ld a5, 0(a5)             : MemRead :  D=0x0000000000010000 A=0x6f008
7597500: system.cpu: T0 : 0x10776    : bge a4, a5, 64             : IntAlu : 
7598500: system.cpu: T0 : 0x1077a    : addi a5, gp, -960          : IntAlu :  D=0x0000000000070d20
7599000: system.cpu: T0 : 0x1077e    : c_ld a5, 0(a5)             : MemRead :  D=0x000000000000012b A=0x70d20
7599500: system.cpu: T0 : 0x10780    : addi a3, a5, 1             : IntAlu :  D=0x000000000000012c
7600000: system.cpu: T0 : 0x10784    : addi a4, gp, -960          : IntAlu :  D=0x0000000000070d20
7600500: system.cpu: T0 : 0x10788    : c_sd a3, 0(a4)             : MemWrite :  D=0x000000000000012c A=0x70d20
7601500: system.cpu: T0 : 0x1078a    : slli a4, a5, 48            : IntAlu :  D=0x012b000000000000
7602000: system.cpu: T0 : 0x1078e    : c_srli a4, 48              : IntAlu :  D=0x000000000000012b
7602500: system.cpu: T0 : 0x10790    : auipc a3, 96               : IntAlu :  D=0x0000000000070790
7603000: system.cpu: T0 : 0x10794    : ld a3, 296(a3)             : MemRead :  D=0x0000000000072350 A=0x708b8
7603500: system.cpu: T0 : 0x10798    : slli a5, s1, 1             : IntAlu :  D=0x0000000000000012
7604000: system.cpu: T0 : 0x1079c    : c_add a5, a3               : IntAlu :  D=0x0000000000072362
7605000: system.cpu: T0 : 0x1079e    : sh a4, 0(a5)               : MemWrite :  D=0x000000000000012b A=0x72362
7606000: system.cpu: T0 : 0x107a2    : auipc a4, 96               : IntAlu :  D=0x00000000000707a2
7607000: system.cpu: T0 : 0x107a6    : ld a4, 222(a4)             : MemRead :  D=0x0000000000071ac0 A=0x70880
7608000: system.cpu: T0 : 0x107aa    : slli a5, s1, 3             : IntAlu :  D=0x0000000000000048
7608500: system.cpu: T0 : 0x107ae    : c_add a5, a4               : IntAlu :  D=0x0000000000071b08
7609000: system.cpu: T0 : 0x107b0    : sd s2, 0(a5)               : MemWrite :  D=0x000000000006000f A=0x71b08
7609500: system.cpu: T0 : 0x107b4    : c_j 42                     : IntAlu : 
7610500: system.cpu: T0 : 0x107de    : auipc a5, 96               : IntAlu :  D=0x00000000000707de
7611500: system.cpu: T0 : 0x107e2    : ld a5, 210(a5)             : MemRead :  D=0x000000000007234c A=0x708b0
7612000: system.cpu: T0 : 0x107e6    : c_lw a5, 0(a5)             : MemRead :  D=0x0000000000000006 A=0x7234c
7612500: system.cpu: T0 : 0x107e8    : blt zero, a5, -414         : IntAlu : 
7613500: system.cpu: T0 : 0x1064a    : sw zero, -68(s0)           : MemWrite :  D=0x0000000000000000 A=0x7ffffffffffffd8c
7614500: system.cpu: T0 : 0x1064e    : jal ra, 894                : IntAlu :  D=0x0000000000010652
7615000: system.cpu: T0 : 0x109cc    : c_addi sp, -16             : IntAlu :  D=0x7ffffffffffffd70
7615500: system.cpu: T0 : 0x109ce    : c_sdsp s0, 8(sp)           : MemWrite :  D=0x7ffffffffffffdd0 A=0x7ffffffffffffd78
7616000: system.cpu: T0 : 0x109d0    : c_addi4spn s0, sp, 16      : IntAlu :  D=0x7ffffffffffffd80
7617000: system.cpu: T0 : 0x109d2    : auipc a5, 96               : IntAlu :  D=0x00000000000709d2
7618000: system.cpu: T0 : 0x109d6    : ld a5, -290(a5)            : MemRead :  D=0x000000000007234c A=0x708b0
7618500: system.cpu: T0 : 0x109da    : c_lw a5, 0(a5)             : MemRead :  D=0x0000000000000006 A=0x7234c
7619000: system.cpu: T0 : 0x109dc    : bge zero, a5, 94           : IntAlu : 
7619500: system.cpu: T0 : 0x109e0    : auipc a5, 96               : IntAlu :  D=0x00000000000709e0
7620000: system.cpu: T0 : 0x109e4    : ld a5, -344(a5)            : MemRead :  D=0x00000000000722c8 A=0x70888
7620500: system.cpu: T0 : 0x109e8    : c_lw a5, 0(a5)             : MemRead :  D=0x0000000000000009 A=0x722c8
7621500: system.cpu: T0 : 0x109ea    : addiw a4, a5, -1           : IntAlu :  D=0x0000000000000008
7622500: system.cpu: T0 : 0x109ee    : addiw a3, a4, 0            : IntAlu :  D=0x0000000000000008
7623500: system.cpu: T0 : 0x109f2    : auipc a4, 96               : IntAlu :  D=0x00000000000709f2
7624500: system.cpu: T0 : 0x109f6    : ld a4, -362(a4)            : MemRead :  D=0x00000000000722c8 A=0x70888
7625000: system.cpu: T0 : 0x109fa    : c_sw a3, 0(a4)             : MemWrite :  D=0x0000000000000008 A=0x722c8
7625500: system.cpu: T0 : 0x109fc    : bge zero, a5, 62           : IntAlu : 
7626000: system.cpu: T0 : 0x10a00    : auipc a5, 96               : IntAlu :  D=0x0000000000070a00
7626500: system.cpu: T0 : 0x10a04    : ld a5, -336(a5)            : MemRead :  D=0x000000000007234c A=0x708b0
7627000: system.cpu: T0 : 0x10a08    : c_lw a5, 0(a5)             : MemRead :  D=0x0000000000000006 A=0x7234c
7627500: system.cpu: T0 : 0x10a0a    : c_addiw a5, -1             : IntAlu :  D=0x0000000000000005
7628000: system.cpu: T0 : 0x10a0c    : addiw a4, a5, 0            : IntAlu :  D=0x0000000000000005
7628500: system.cpu: T0 : 0x10a10    : auipc a5, 96               : IntAlu :  D=0x0000000000070a10
7629000: system.cpu: T0 : 0x10a14    : ld a5, -352(a5)            : MemRead :  D=0x000000000007234c A=0x708b0
7629500: system.cpu: T0 : 0x10a18    : c_sw a4, 0(a5)             : MemWrite :  D=0x0000000000000005 A=0x7234c
7630500: system.cpu: T0 : 0x10a1a    : auipc a5, 96               : IntAlu :  D=0x0000000000070a1a
7631500: system.cpu: T0 : 0x10a1e    : ld a5, -426(a5)            : MemRead :  D=0x0000000000071a80 A=0x70870
7632000: system.cpu: T0 : 0x10a22    : c_ld a5, 0(a5)             : MemRead :  D=0x0000000000071a74 A=0x71a80
7632500: system.cpu: T0 : 0x10a24    : addi a3, a5, 1             : IntAlu :  D=0x0000000000071a75
7633000: system.cpu: T0 : 0x10a28    : auipc a4, 96               : IntAlu :  D=0x0000000000070a28
7633500: system.cpu: T0 : 0x10a2c    : ld a4, -440(a4)            : MemRead :  D=0x0000000000071a80 A=0x70870
7634000: system.cpu: T0 : 0x10a30    : c_sd a3, 0(a4)             : MemWrite :  D=0x0000000000071a75 A=0x71a80
7635000: system.cpu: T0 : 0x10a32    : lbu a5, 0(a5)              : MemRead :  D=0x0000000000000059 A=0x71a74
7635500: system.cpu: T0 : 0x10a36    : c_addiw a5, 0              : IntAlu :  D=0x0000000000000059
7636000: system.cpu: T0 : 0x10a38    : c_j 4                      : IntAlu : 
7636500: system.cpu: T0 : 0x10a3c    : c_mv a0, a5                : IntAlu :  D=0x0000000000000059
7637000: system.cpu: T0 : 0x10a3e    : c_ldsp s0, 8(sp)           : MemRead :  D=0x7ffffffffffffdd0 A=0x7ffffffffffffd78
7637500: system.cpu: T0 : 0x10a40    : c_addi sp, 16              : IntAlu :  D=0x7ffffffffffffd80
7638000: system.cpu: T0 : 0x10a42    : c_jr ra                    : IntAlu : 
7638500: system.cpu: T0 : 0x10652    : c_mv a5, a0                : IntAlu :  D=0x0000000000000059
7639000: system.cpu: T0 : 0x10654    : c_addiw a5, 0              : IntAlu :  D=0x0000000000000059
7640000: system.cpu: T0 : 0x10656    : addiw s6, a5, 0            : IntAlu :  D=0x0000000000000059
7641000: system.cpu: T0 : 0x1065a    : auipc a5, 95               : IntAlu :  D=0x000000000006f65a
7642000: system.cpu: T0 : 0x1065e    : addi a5, a5, -1578         : IntAlu :  D=0x000000000006f030
7642500: system.cpu: T0 : 0x10662    : c_ld a5, 0(a5)             : MemRead :  D=0x000000000000002c A=0x6f030
7643000: system.cpu: T0 : 0x10664    : addi a4, a5, 1             : IntAlu :  D=0x000000000000002d
7643500: system.cpu: T0 : 0x10668    : auipc a5, 95               : IntAlu :  D=0x000000000006f668
7644000: system.cpu: T0 : 0x1066c    : addi a5, a5, -1592         : IntAlu :  D=0x000000000006f030
7644500: system.cpu: T0 : 0x10670    : c_sd a4, 0(a5)             : MemWrite :  D=0x000000000000002d A=0x6f030
7645000: system.cpu: T0 : 0x10672    : c_mv a4, s6                : IntAlu :  D=0x0000000000000059
7645500: system.cpu: T0 : 0x10674    : auipc a5, 95               : IntAlu :  D=0x000000000006f674
7646000: system.cpu: T0 : 0x10678    : addi a5, a5, -1652         : IntAlu :  D=0x000000000006f000
7646500: system.cpu: T0 : 0x1067c    : c_lw a5, 0(a5)             : MemRead :  D=0x0000000000000010 A=0x6f000
7647500: system.cpu: T0 : 0x1067e    : sll a5, a4, a5             : IntAlu :  D=0x0000000000590000
7648500: system.cpu: T0 : 0x10682    : add s2, s4, a5             : IntAlu :  D=0x0000000000590006
7649500: system.cpu: T0 : 0x10686    : sllw a5, s6, s3            : IntAlu :  D=0x0000000000000059
7650000: system.cpu: T0 : 0x1068a    : c_addiw a5, 0              : IntAlu :  D=0x0000000000000059
7650500: system.cpu: T0 : 0x1068c    : xor s1, s4, a5             : IntAlu :  D=0x000000000000005f
7651000: system.cpu: T0 : 0x10690    : auipc a4, 96               : IntAlu :  D=0x0000000000070690
7651500: system.cpu: T0 : 0x10694    : ld a4, 496(a4)             : MemRead :  D=0x0000000000071ac0 A=0x70880
7652000: system.cpu: T0 : 0x10698    : slli a5, s1, 3             : IntAlu :  D=0x00000000000002f8
7652500: system.cpu: T0 : 0x1069c    : c_add a5, a4               : IntAlu :  D=0x0000000000071db8
7653000: system.cpu: T0 : 0x1069e    : c_ld a5, 0(a5)             : MemRead :  D=0xffffffffffffffff A=0x71db8
7653500: system.cpu: T0 : 0x106a0    : bne s2, a5, 26             : IntAlu : 
7654500: system.cpu: T0 : 0x106ba    : auipc a4, 96               : IntAlu :  D=0x00000000000706ba
7655500: system.cpu: T0 : 0x106be    : ld a4, 454(a4)             : MemRead :  D=0x0000000000071ac0 A=0x70880
7656500: system.cpu: T0 : 0x106c2    : slli a5, s1, 3             : IntAlu :  D=0x00000000000002f8
7657000: system.cpu: T0 : 0x106c6    : c_add a5, a4               : IntAlu :  D=0x0000000000071db8
7657500: system.cpu: T0 : 0x106c8    : c_ld a5, 0(a5)             : MemRead :  D=0xffffffffffffffff A=0x71db8
7658500: system.cpu: T0 : 0x106ca    : blt a5, zero, 132          : IntAlu : 
7659000: system.cpu: T0 : 0x1074e    : c_addi zero, 0             : IntAlu :  D=0x0000000000000000
7659500: system.cpu: T0 : 0x10750    : c_j 4                      : IntAlu : 
7660000: system.cpu: T0 : 0x10754    : addi a5, gp, -920          : IntAlu :  D=0x0000000000070d48
7660500: system.cpu: T0 : 0x10758    : c_ld a5, 0(a5)             : MemRead :  D=0x000000000000002b A=0x70d48
7661500: system.cpu: T0 : 0x1075a    : addi a4, a5, 1             : IntAlu :  D=0x000000000000002c
7662500: system.cpu: T0 : 0x1075e    : addi a5, gp, -920          : IntAlu :  D=0x0000000000070d48
7663000: system.cpu: T0 : 0x10762    : c_sd a4, 0(a5)             : MemWrite :  D=0x000000000000002c A=0x70d48
7663500: system.cpu: T0 : 0x10764    : c_mv s4, s6                : IntAlu :  D=0x0000000000000059
7664500: system.cpu: T0 : 0x10766    : addi a5, gp, -960          : IntAlu :  D=0x0000000000070d20
7665000: system.cpu: T0 : 0x1076a    : c_ld a4, 0(a5)             : MemRead :  D=0x000000000000012c A=0x70d20
7665500: system.cpu: T0 : 0x1076c    : auipc a5, 95               : IntAlu :  D=0x000000000006f76c
7666000: system.cpu: T0 : 0x10770    : addi a5, a5, -1892         : IntAlu :  D=0x000000000006f008
7666500: system.cpu: T0 : 0x10774    : c_ld a5, 0(a5)             : MemRead :  D=0x0000000000010000 A=0x6f008
7667500: system.cpu: T0 : 0x10776    : bge a4, a5, 64             : IntAlu : 
7668500: system.cpu: T0 : 0x1077a    : addi a5, gp, -960          : IntAlu :  D=0x0000000000070d20
7669000: system.cpu: T0 : 0x1077e    : c_ld a5, 0(a5)             : MemRead :  D=0x000000000000012c A=0x70d20
7669500: system.cpu: T0 : 0x10780    : addi a3, a5, 1             : IntAlu :  D=0x000000000000012d
7670000: system.cpu: T0 : 0x10784    : addi a4, gp, -960          : IntAlu :  D=0x0000000000070d20
7670500: system.cpu: T0 : 0x10788    : c_sd a3, 0(a4)             : MemWrite :  D=0x000000000000012d A=0x70d20
7671500: system.cpu: T0 : 0x1078a    : slli a4, a5, 48            : IntAlu :  D=0x012c000000000000
7672000: system.cpu: T0 : 0x1078e    : c_srli a4, 48              : IntAlu :  D=0x000000000000012c
7672500: system.cpu: T0 : 0x10790    : auipc a3, 96               : IntAlu :  D=0x0000000000070790
7673000: system.cpu: T0 : 0x10794    : ld a3, 296(a3)             : MemRead :  D=0x0000000000072350 A=0x708b8
7673500: system.cpu: T0 : 0x10798    : slli a5, s1, 1             : IntAlu :  D=0x00000000000000be
7674000: system.cpu: T0 : 0x1079c    : c_add a5, a3               : IntAlu :  D=0x000000000007240e
7675000: system.cpu: T0 : 0x1079e    : sh a4, 0(a5)               : MemWrite :  D=0x000000000000012c A=0x7240e
7676000: system.cpu: T0 : 0x107a2    : auipc a4, 96               : IntAlu :  D=0x00000000000707a2
7677000: system.cpu: T0 : 0x107a6    : ld a4, 222(a4)             : MemRead :  D=0x0000000000071ac0 A=0x70880
7678000: system.cpu: T0 : 0x107aa    : slli a5, s1, 3             : IntAlu :  D=0x00000000000002f8
7678500: system.cpu: T0 : 0x107ae    : c_add a5, a4               : IntAlu :  D=0x0000000000071db8
7679000: system.cpu: T0 : 0x107b0    : sd s2, 0(a5)               : MemWrite :  D=0x0000000000590006 A=0x71db8
7679500: system.cpu: T0 : 0x107b4    : c_j 42                     : IntAlu : 
7680500: system.cpu: T0 : 0x107de    : auipc a5, 96               : IntAlu :  D=0x00000000000707de
7681500: system.cpu: T0 : 0x107e2    : ld a5, 210(a5)             : MemRead :  D=0x000000000007234c A=0x708b0
7682000: system.cpu: T0 : 0x107e6    : c_lw a5, 0(a5)             : MemRead :  D=0x0000000000000005 A=0x7234c
7682500: system.cpu: T0 : 0x107e8    : blt zero, a5, -414         : IntAlu : 
7683500: system.cpu: T0 : 0x1064a    : sw zero, -68(s0)           : MemWrite :  D=0x0000000000000000 A=0x7ffffffffffffd8c
7684500: system.cpu: T0 : 0x1064e    : jal ra, 894                : IntAlu :  D=0x0000000000010652
7685000: system.cpu: T0 : 0x109cc    : c_addi sp, -16             : IntAlu :  D=0x7ffffffffffffd70
7685500: system.cpu: T0 : 0x109ce    : c_sdsp s0, 8(sp)           : MemWrite :  D=0x7ffffffffffffdd0 A=0x7ffffffffffffd78
7686000: system.cpu: T0 : 0x109d0    : c_addi4spn s0, sp, 16      : IntAlu :  D=0x7ffffffffffffd80
7687000: system.cpu: T0 : 0x109d2    : auipc a5, 96               : IntAlu :  D=0x00000000000709d2
7688000: system.cpu: T0 : 0x109d6    : ld a5, -290(a5)            : MemRead :  D=0x000000000007234c A=0x708b0
7688500: system.cpu: T0 : 0x109da    : c_lw a5, 0(a5)             : MemRead :  D=0x0000000000000005 A=0x7234c
7689000: system.cpu: T0 : 0x109dc    : bge zero, a5, 94           : IntAlu : 
7689500: system.cpu: T0 : 0x109e0    : auipc a5, 96               : IntAlu :  D=0x00000000000709e0
7690000: system.cpu: T0 : 0x109e4    : ld a5, -344(a5)            : MemRead :  D=0x00000000000722c8 A=0x70888
7690500: system.cpu: T0 : 0x109e8    : c_lw a5, 0(a5)             : MemRead :  D=0x0000000000000008 A=0x722c8
7691500: system.cpu: T0 : 0x109ea    : addiw a4, a5, -1           : IntAlu :  D=0x0000000000000007
7692500: system.cpu: T0 : 0x109ee    : addiw a3, a4, 0            : IntAlu :  D=0x0000000000000007
7693500: system.cpu: T0 : 0x109f2    : auipc a4, 96               : IntAlu :  D=0x00000000000709f2
7694500: system.cpu: T0 : 0x109f6    : ld a4, -362(a4)            : MemRead :  D=0x00000000000722c8 A=0x70888
7695000: system.cpu: T0 : 0x109fa    : c_sw a3, 0(a4)             : MemWrite :  D=0x0000000000000007 A=0x722c8
7695500: system.cpu: T0 : 0x109fc    : bge zero, a5, 62           : IntAlu : 
7696000: system.cpu: T0 : 0x10a00    : auipc a5, 96               : IntAlu :  D=0x0000000000070a00
7696500: system.cpu: T0 : 0x10a04    : ld a5, -336(a5)            : MemRead :  D=0x000000000007234c A=0x708b0
7697000: system.cpu: T0 : 0x10a08    : c_lw a5, 0(a5)             : MemRead :  D=0x0000000000000005 A=0x7234c
7697500: system.cpu: T0 : 0x10a0a    : c_addiw a5, -1             : IntAlu :  D=0x0000000000000004
7698000: system.cpu: T0 : 0x10a0c    : addiw a4, a5, 0            : IntAlu :  D=0x0000000000000004
7698500: system.cpu: T0 : 0x10a10    : auipc a5, 96               : IntAlu :  D=0x0000000000070a10
7699000: system.cpu: T0 : 0x10a14    : ld a5, -352(a5)            : MemRead :  D=0x000000000007234c A=0x708b0
7699500: system.cpu: T0 : 0x10a18    : c_sw a4, 0(a5)             : MemWrite :  D=0x0000000000000004 A=0x7234c
7700500: system.cpu: T0 : 0x10a1a    : auipc a5, 96               : IntAlu :  D=0x0000000000070a1a
7701500: system.cpu: T0 : 0x10a1e    : ld a5, -426(a5)            : MemRead :  D=0x0000000000071a80 A=0x70870
7702000: system.cpu: T0 : 0x10a22    : c_ld a5, 0(a5)             : MemRead :  D=0x0000000000071a75 A=0x71a80
7702500: system.cpu: T0 : 0x10a24    : addi a3, a5, 1             : IntAlu :  D=0x0000000000071a76
7703000: system.cpu: T0 : 0x10a28    : auipc a4, 96               : IntAlu :  D=0x0000000000070a28
7703500: system.cpu: T0 : 0x10a2c    : ld a4, -440(a4)            : MemRead :  D=0x0000000000071a80 A=0x70870
7704000: system.cpu: T0 : 0x10a30    : c_sd a3, 0(a4)             : MemWrite :  D=0x0000000000071a76 A=0x71a80
7705000: system.cpu: T0 : 0x10a32    : lbu a5, 0(a5)              : MemRead :  D=0x00000000000000e4 A=0x71a75
7705500: system.cpu: T0 : 0x10a36    : c_addiw a5, 0              : IntAlu :  D=0x00000000000000e4
7706000: system.cpu: T0 : 0x10a38    : c_j 4                      : IntAlu : 
7706500: system.cpu: T0 : 0x10a3c    : c_mv a0, a5                : IntAlu :  D=0x00000000000000e4
7707000: system.cpu: T0 : 0x10a3e    : c_ldsp s0, 8(sp)           : MemRead :  D=0x7ffffffffffffdd0 A=0x7ffffffffffffd78
7707500: system.cpu: T0 : 0x10a40    : c_addi sp, 16              : IntAlu :  D=0x7ffffffffffffd80
7708000: system.cpu: T0 : 0x10a42    : c_jr ra                    : IntAlu : 
7708500: system.cpu: T0 : 0x10652    : c_mv a5, a0                : IntAlu :  D=0x00000000000000e4
7709000: system.cpu: T0 : 0x10654    : c_addiw a5, 0              : IntAlu :  D=0x00000000000000e4
7710000: system.cpu: T0 : 0x10656    : addiw s6, a5, 0            : IntAlu :  D=0x00000000000000e4
7711000: system.cpu: T0 : 0x1065a    : auipc a5, 95               : IntAlu :  D=0x000000000006f65a
7712000: system.cpu: T0 : 0x1065e    : addi a5, a5, -1578         : IntAlu :  D=0x000000000006f030
7712500: system.cpu: T0 : 0x10662    : c_ld a5, 0(a5)             : MemRead :  D=0x000000000000002d A=0x6f030
7713000: system.cpu: T0 : 0x10664    : addi a4, a5, 1             : IntAlu :  D=0x000000000000002e
7713500: system.cpu: T0 : 0x10668    : auipc a5, 95               : IntAlu :  D=0x000000000006f668
7714000: system.cpu: T0 : 0x1066c    : addi a5, a5, -1592         : IntAlu :  D=0x000000000006f030
7714500: system.cpu: T0 : 0x10670    : c_sd a4, 0(a5)             : MemWrite :  D=0x000000000000002e A=0x6f030
7715000: system.cpu: T0 : 0x10672    : c_mv a4, s6                : IntAlu :  D=0x00000000000000e4
7715500: system.cpu: T0 : 0x10674    : auipc a5, 95               : IntAlu :  D=0x000000000006f674
7716000: system.cpu: T0 : 0x10678    : addi a5, a5, -1652         : IntAlu :  D=0x000000000006f000
7716500: system.cpu: T0 : 0x1067c    : c_lw a5, 0(a5)             : MemRead :  D=0x0000000000000010 A=0x6f000
7717500: system.cpu: T0 : 0x1067e    : sll a5, a4, a5             : IntAlu :  D=0x0000000000e40000
7718500: system.cpu: T0 : 0x10682    : add s2, s4, a5             : IntAlu :  D=0x0000000000e40059
7719500: system.cpu: T0 : 0x10686    : sllw a5, s6, s3            : IntAlu :  D=0x00000000000000e4
7720000: system.cpu: T0 : 0x1068a    : c_addiw a5, 0              : IntAlu :  D=0x00000000000000e4
7720500: system.cpu: T0 : 0x1068c    : xor s1, s4, a5             : IntAlu :  D=0x00000000000000bd
7721000: system.cpu: T0 : 0x10690    : auipc a4, 96               : IntAlu :  D=0x0000000000070690
7721500: system.cpu: T0 : 0x10694    : ld a4, 496(a4)             : MemRead :  D=0x0000000000071ac0 A=0x70880
7722000: system.cpu: T0 : 0x10698    : slli a5, s1, 3             : IntAlu :  D=0x00000000000005e8
7722500: system.cpu: T0 : 0x1069c    : c_add a5, a4               : IntAlu :  D=0x00000000000720a8
7723000: system.cpu: T0 : 0x1069e    : c_ld a5, 0(a5)             : MemRead :  D=0xffffffffffffffff A=0x720a8
7723500: system.cpu: T0 : 0x106a0    : bne s2, a5, 26             : IntAlu : 
7724500: system.cpu: T0 : 0x106ba    : auipc a4, 96               : IntAlu :  D=0x00000000000706ba
7725500: system.cpu: T0 : 0x106be    : ld a4, 454(a4)             : MemRead :  D=0x0000000000071ac0 A=0x70880
7726500: system.cpu: T0 : 0x106c2    : slli a5, s1, 3             : IntAlu :  D=0x00000000000005e8
7727000: system.cpu: T0 : 0x106c6    : c_add a5, a4               : IntAlu :  D=0x00000000000720a8
7727500: system.cpu: T0 : 0x106c8    : c_ld a5, 0(a5)             : MemRead :  D=0xffffffffffffffff A=0x720a8
7728500: system.cpu: T0 : 0x106ca    : blt a5, zero, 132          : IntAlu : 
7729000: system.cpu: T0 : 0x1074e    : c_addi zero, 0             : IntAlu :  D=0x0000000000000000
7729500: system.cpu: T0 : 0x10750    : c_j 4                      : IntAlu : 
7730000: system.cpu: T0 : 0x10754    : addi a5, gp, -920          : IntAlu :  D=0x0000000000070d48
7730500: system.cpu: T0 : 0x10758    : c_ld a5, 0(a5)             : MemRead :  D=0x000000000000002c A=0x70d48
7731500: system.cpu: T0 : 0x1075a    : addi a4, a5, 1             : IntAlu :  D=0x000000000000002d
7732500: system.cpu: T0 : 0x1075e    : addi a5, gp, -920          : IntAlu :  D=0x0000000000070d48
7733000: system.cpu: T0 : 0x10762    : c_sd a4, 0(a5)             : MemWrite :  D=0x000000000000002d A=0x70d48
7733500: system.cpu: T0 : 0x10764    : c_mv s4, s6                : IntAlu :  D=0x00000000000000e4
7734500: system.cpu: T0 : 0x10766    : addi a5, gp, -960          : IntAlu :  D=0x0000000000070d20
7735000: system.cpu: T0 : 0x1076a    : c_ld a4, 0(a5)             : MemRead :  D=0x000000000000012d A=0x70d20
7735500: system.cpu: T0 : 0x1076c    : auipc a5, 95               : IntAlu :  D=0x000000000006f76c
7736000: system.cpu: T0 : 0x10770    : addi a5, a5, -1892         : IntAlu :  D=0x000000000006f008
7736500: system.cpu: T0 : 0x10774    : c_ld a5, 0(a5)             : MemRead :  D=0x0000000000010000 A=0x6f008
7737500: system.cpu: T0 : 0x10776    : bge a4, a5, 64             : IntAlu : 
7738500: system.cpu: T0 : 0x1077a    : addi a5, gp, -960          : IntAlu :  D=0x0000000000070d20
7739000: system.cpu: T0 : 0x1077e    : c_ld a5, 0(a5)             : MemRead :  D=0x000000000000012d A=0x70d20
7739500: system.cpu: T0 : 0x10780    : addi a3, a5, 1             : IntAlu :  D=0x000000000000012e
7740000: system.cpu: T0 : 0x10784    : addi a4, gp, -960          : IntAlu :  D=0x0000000000070d20
7740500: system.cpu: T0 : 0x10788    : c_sd a3, 0(a4)             : MemWrite :  D=0x000000000000012e A=0x70d20
7741500: system.cpu: T0 : 0x1078a    : slli a4, a5, 48            : IntAlu :  D=0x012d000000000000
7742000: system.cpu: T0 : 0x1078e    : c_srli a4, 48              : IntAlu :  D=0x000000000000012d
7742500: system.cpu: T0 : 0x10790    : auipc a3, 96               : IntAlu :  D=0x0000000000070790
7743000: system.cpu: T0 : 0x10794    : ld a3, 296(a3)             : MemRead :  D=0x0000000000072350 A=0x708b8
7743500: system.cpu: T0 : 0x10798    : slli a5, s1, 1             : IntAlu :  D=0x000000000000017a
7744000: system.cpu: T0 : 0x1079c    : c_add a5, a3               : IntAlu :  D=0x00000000000724ca
7745000: system.cpu: T0 : 0x1079e    : sh a4, 0(a5)               : MemWrite :  D=0x000000000000012d A=0x724ca
7746000: system.cpu: T0 : 0x107a2    : auipc a4, 96               : IntAlu :  D=0x00000000000707a2
7747000: system.cpu: T0 : 0x107a6    : ld a4, 222(a4)             : MemRead :  D=0x0000000000071ac0 A=0x70880
7748000: system.cpu: T0 : 0x107aa    : slli a5, s1, 3             : IntAlu :  D=0x00000000000005e8
7748500: system.cpu: T0 : 0x107ae    : c_add a5, a4               : IntAlu :  D=0x00000000000720a8
7749000: system.cpu: T0 : 0x107b0    : sd s2, 0(a5)               : MemWrite :  D=0x0000000000e40059 A=0x720a8
7749500: system.cpu: T0 : 0x107b4    : c_j 42                     : IntAlu : 
7750500: system.cpu: T0 : 0x107de    : auipc a5, 96               : IntAlu :  D=0x00000000000707de
7751500: system.cpu: T0 : 0x107e2    : ld a5, 210(a5)             : MemRead :  D=0x000000000007234c A=0x708b0
7752000: system.cpu: T0 : 0x107e6    : c_lw a5, 0(a5)             : MemRead :  D=0x0000000000000004 A=0x7234c
7752500: system.cpu: T0 : 0x107e8    : blt zero, a5, -414         : IntAlu : 
7753500: system.cpu: T0 : 0x1064a    : sw zero, -68(s0)           : MemWrite :  D=0x0000000000000000 A=0x7ffffffffffffd8c
7754500: system.cpu: T0 : 0x1064e    : jal ra, 894                : IntAlu :  D=0x0000000000010652
7755000: system.cpu: T0 : 0x109cc    : c_addi sp, -16             : IntAlu :  D=0x7ffffffffffffd70
7755500: system.cpu: T0 : 0x109ce    : c_sdsp s0, 8(sp)           : MemWrite :  D=0x7ffffffffffffdd0 A=0x7ffffffffffffd78
7756000: system.cpu: T0 : 0x109d0    : c_addi4spn s0, sp, 16      : IntAlu :  D=0x7ffffffffffffd80
7757000: system.cpu: T0 : 0x109d2    : auipc a5, 96               : IntAlu :  D=0x00000000000709d2
7758000: system.cpu: T0 : 0x109d6    : ld a5, -290(a5)            : MemRead :  D=0x000000000007234c A=0x708b0
7758500: system.cpu: T0 : 0x109da    : c_lw a5, 0(a5)             : MemRead :  D=0x0000000000000004 A=0x7234c
7759000: system.cpu: T0 : 0x109dc    : bge zero, a5, 94           : IntAlu : 
7759500: system.cpu: T0 : 0x109e0    : auipc a5, 96               : IntAlu :  D=0x00000000000709e0
7760000: system.cpu: T0 : 0x109e4    : ld a5, -344(a5)            : MemRead :  D=0x00000000000722c8 A=0x70888
7760500: system.cpu: T0 : 0x109e8    : c_lw a5, 0(a5)             : MemRead :  D=0x0000000000000007 A=0x722c8
7761500: system.cpu: T0 : 0x109ea    : addiw a4, a5, -1           : IntAlu :  D=0x0000000000000006
7762500: system.cpu: T0 : 0x109ee    : addiw a3, a4, 0            : IntAlu :  D=0x0000000000000006
7763500: system.cpu: T0 : 0x109f2    : auipc a4, 96               : IntAlu :  D=0x00000000000709f2
7764500: system.cpu: T0 : 0x109f6    : ld a4, -362(a4)            : MemRead :  D=0x00000000000722c8 A=0x70888
7765000: system.cpu: T0 : 0x109fa    : c_sw a3, 0(a4)             : MemWrite :  D=0x0000000000000006 A=0x722c8
7765500: system.cpu: T0 : 0x109fc    : bge zero, a5, 62           : IntAlu : 
7766000: system.cpu: T0 : 0x10a00    : auipc a5, 96               : IntAlu :  D=0x0000000000070a00
7766500: system.cpu: T0 : 0x10a04    : ld a5, -336(a5)            : MemRead :  D=0x000000000007234c A=0x708b0
7767000: system.cpu: T0 : 0x10a08    : c_lw a5, 0(a5)             : MemRead :  D=0x0000000000000004 A=0x7234c
7767500: system.cpu: T0 : 0x10a0a    : c_addiw a5, -1             : IntAlu :  D=0x0000000000000003
7768000: system.cpu: T0 : 0x10a0c    : addiw a4, a5, 0            : IntAlu :  D=0x0000000000000003
7768500: system.cpu: T0 : 0x10a10    : auipc a5, 96               : IntAlu :  D=0x0000000000070a10
7769000: system.cpu: T0 : 0x10a14    : ld a5, -352(a5)            : MemRead :  D=0x000000000007234c A=0x708b0
7769500: system.cpu: T0 : 0x10a18    : c_sw a4, 0(a5)             : MemWrite :  D=0x0000000000000003 A=0x7234c
7770500: system.cpu: T0 : 0x10a1a    : auipc a5, 96               : IntAlu :  D=0x0000000000070a1a
7771500: system.cpu: T0 : 0x10a1e    : ld a5, -426(a5)            : MemRead :  D=0x0000000000071a80 A=0x70870
7772000: system.cpu: T0 : 0x10a22    : c_ld a5, 0(a5)             : MemRead :  D=0x0000000000071a76 A=0x71a80
7772500: system.cpu: T0 : 0x10a24    : addi a3, a5, 1             : IntAlu :  D=0x0000000000071a77
7773000: system.cpu: T0 : 0x10a28    : auipc a4, 96               : IntAlu :  D=0x0000000000070a28
7773500: system.cpu: T0 : 0x10a2c    : ld a4, -440(a4)            : MemRead :  D=0x0000000000071a80 A=0x70870
7774000: system.cpu: T0 : 0x10a30    : c_sd a3, 0(a4)             : MemWrite :  D=0x0000000000071a77 A=0x71a80
7775000: system.cpu: T0 : 0x10a32    : lbu a5, 0(a5)              : MemRead :  D=0x00000000000000c7 A=0x71a76
7775500: system.cpu: T0 : 0x10a36    : c_addiw a5, 0              : IntAlu :  D=0x00000000000000c7
7776000: system.cpu: T0 : 0x10a38    : c_j 4                      : IntAlu : 
7776500: system.cpu: T0 : 0x10a3c    : c_mv a0, a5                : IntAlu :  D=0x00000000000000c7
7777000: system.cpu: T0 : 0x10a3e    : c_ldsp s0, 8(sp)           : MemRead :  D=0x7ffffffffffffdd0 A=0x7ffffffffffffd78
7777500: system.cpu: T0 : 0x10a40    : c_addi sp, 16              : IntAlu :  D=0x7ffffffffffffd80
7778000: system.cpu: T0 : 0x10a42    : c_jr ra                    : IntAlu : 
7778500: system.cpu: T0 : 0x10652    : c_mv a5, a0                : IntAlu :  D=0x00000000000000c7
7779000: system.cpu: T0 : 0x10654    : c_addiw a5, 0              : IntAlu :  D=0x00000000000000c7
7780000: system.cpu: T0 : 0x10656    : addiw s6, a5, 0            : IntAlu :  D=0x00000000000000c7
7781000: system.cpu: T0 : 0x1065a    : auipc a5, 95               : IntAlu :  D=0x000000000006f65a
7782000: system.cpu: T0 : 0x1065e    : addi a5, a5, -1578         : IntAlu :  D=0x000000000006f030
7782500: system.cpu: T0 : 0x10662    : c_ld a5, 0(a5)             : MemRead :  D=0x000000000000002e A=0x6f030
7783000: system.cpu: T0 : 0x10664    : addi a4, a5, 1             : IntAlu :  D=0x000000000000002f
7783500: system.cpu: T0 : 0x10668    : auipc a5, 95               : IntAlu :  D=0x000000000006f668
7784000: system.cpu: T0 : 0x1066c    : addi a5, a5, -1592         : IntAlu :  D=0x000000000006f030
7784500: system.cpu: T0 : 0x10670    : c_sd a4, 0(a5)             : MemWrite :  D=0x000000000000002f A=0x6f030
7785000: system.cpu: T0 : 0x10672    : c_mv a4, s6                : IntAlu :  D=0x00000000000000c7
7785500: system.cpu: T0 : 0x10674    : auipc a5, 95               : IntAlu :  D=0x000000000006f674
7786000: system.cpu: T0 : 0x10678    : addi a5, a5, -1652         : IntAlu :  D=0x000000000006f000
7786500: system.cpu: T0 : 0x1067c    : c_lw a5, 0(a5)             : MemRead :  D=0x0000000000000010 A=0x6f000
7787500: system.cpu: T0 : 0x1067e    : sll a5, a4, a5             : IntAlu :  D=0x0000000000c70000
7788500: system.cpu: T0 : 0x10682    : add s2, s4, a5             : IntAlu :  D=0x0000000000c700e4
7789500: system.cpu: T0 : 0x10686    : sllw a5, s6, s3            : IntAlu :  D=0x00000000000000c7
7790000: system.cpu: T0 : 0x1068a    : c_addiw a5, 0              : IntAlu :  D=0x00000000000000c7
7790500: system.cpu: T0 : 0x1068c    : xor s1, s4, a5             : IntAlu :  D=0x0000000000000023
7791000: system.cpu: T0 : 0x10690    : auipc a4, 96               : IntAlu :  D=0x0000000000070690
7791500: system.cpu: T0 : 0x10694    : ld a4, 496(a4)             : MemRead :  D=0x0000000000071ac0 A=0x70880
7792000: system.cpu: T0 : 0x10698    : slli a5, s1, 3             : IntAlu :  D=0x0000000000000118
7792500: system.cpu: T0 : 0x1069c    : c_add a5, a4               : IntAlu :  D=0x0000000000071bd8
7793000: system.cpu: T0 : 0x1069e    : c_ld a5, 0(a5)             : MemRead :  D=0xffffffffffffffff A=0x71bd8
7793500: system.cpu: T0 : 0x106a0    : bne s2, a5, 26             : IntAlu : 
7794500: system.cpu: T0 : 0x106ba    : auipc a4, 96               : IntAlu :  D=0x00000000000706ba
7795500: system.cpu: T0 : 0x106be    : ld a4, 454(a4)             : MemRead :  D=0x0000000000071ac0 A=0x70880
7796500: system.cpu: T0 : 0x106c2    : slli a5, s1, 3             : IntAlu :  D=0x0000000000000118
7797000: system.cpu: T0 : 0x106c6    : c_add a5, a4               : IntAlu :  D=0x0000000000071bd8
7797500: system.cpu: T0 : 0x106c8    : c_ld a5, 0(a5)             : MemRead :  D=0xffffffffffffffff A=0x71bd8
7798500: system.cpu: T0 : 0x106ca    : blt a5, zero, 132          : IntAlu : 
7799000: system.cpu: T0 : 0x1074e    : c_addi zero, 0             : IntAlu :  D=0x0000000000000000
7799500: system.cpu: T0 : 0x10750    : c_j 4                      : IntAlu : 
7800000: system.cpu: T0 : 0x10754    : addi a5, gp, -920          : IntAlu :  D=0x0000000000070d48
7800500: system.cpu: T0 : 0x10758    : c_ld a5, 0(a5)             : MemRead :  D=0x000000000000002d A=0x70d48
7801500: system.cpu: T0 : 0x1075a    : addi a4, a5, 1             : IntAlu :  D=0x000000000000002e
7802500: system.cpu: T0 : 0x1075e    : addi a5, gp, -920          : IntAlu :  D=0x0000000000070d48
7803000: system.cpu: T0 : 0x10762    : c_sd a4, 0(a5)             : MemWrite :  D=0x000000000000002e A=0x70d48
7803500: system.cpu: T0 : 0x10764    : c_mv s4, s6                : IntAlu :  D=0x00000000000000c7
7804500: system.cpu: T0 : 0x10766    : addi a5, gp, -960          : IntAlu :  D=0x0000000000070d20
7805000: system.cpu: T0 : 0x1076a    : c_ld a4, 0(a5)             : MemRead :  D=0x000000000000012e A=0x70d20
7805500: system.cpu: T0 : 0x1076c    : auipc a5, 95               : IntAlu :  D=0x000000000006f76c
7806000: system.cpu: T0 : 0x10770    : addi a5, a5, -1892         : IntAlu :  D=0x000000000006f008
7806500: system.cpu: T0 : 0x10774    : c_ld a5, 0(a5)             : MemRead :  D=0x0000000000010000 A=0x6f008
7807500: system.cpu: T0 : 0x10776    : bge a4, a5, 64             : IntAlu : 
7808500: system.cpu: T0 : 0x1077a    : addi a5, gp, -960          : IntAlu :  D=0x0000000000070d20
7809000: system.cpu: T0 : 0x1077e    : c_ld a5, 0(a5)             : MemRead :  D=0x000000000000012e A=0x70d20
7809500: system.cpu: T0 : 0x10780    : addi a3, a5, 1             : IntAlu :  D=0x000000000000012f
7810000: system.cpu: T0 : 0x10784    : addi a4, gp, -960          : IntAlu :  D=0x0000000000070d20
7810500: system.cpu: T0 : 0x10788    : c_sd a3, 0(a4)             : MemWrite :  D=0x000000000000012f A=0x70d20
7811500: system.cpu: T0 : 0x1078a    : slli a4, a5, 48            : IntAlu :  D=0x012e000000000000
7812000: system.cpu: T0 : 0x1078e    : c_srli a4, 48              : IntAlu :  D=0x000000000000012e
7812500: system.cpu: T0 : 0x10790    : auipc a3, 96               : IntAlu :  D=0x0000000000070790
7813000: system.cpu: T0 : 0x10794    : ld a3, 296(a3)             : MemRead :  D=0x0000000000072350 A=0x708b8
7813500: system.cpu: T0 : 0x10798    : slli a5, s1, 1             : IntAlu :  D=0x0000000000000046
7814000: system.cpu: T0 : 0x1079c    : c_add a5, a3               : IntAlu :  D=0x0000000000072396
7815000: system.cpu: T0 : 0x1079e    : sh a4, 0(a5)               : MemWrite :  D=0x000000000000012e A=0x72396
7816000: system.cpu: T0 : 0x107a2    : auipc a4, 96               : IntAlu :  D=0x00000000000707a2
7817000: system.cpu: T0 : 0x107a6    : ld a4, 222(a4)             : MemRead :  D=0x0000000000071ac0 A=0x70880
7818000: system.cpu: T0 : 0x107aa    : slli a5, s1, 3             : IntAlu :  D=0x0000000000000118
7818500: system.cpu: T0 : 0x107ae    : c_add a5, a4               : IntAlu :  D=0x0000000000071bd8
7819000: system.cpu: T0 : 0x107b0    : sd s2, 0(a5)               : MemWrite :  D=0x0000000000c700e4 A=0x71bd8
7819500: system.cpu: T0 : 0x107b4    : c_j 42                     : IntAlu : 
7820500: system.cpu: T0 : 0x107de    : auipc a5, 96               : IntAlu :  D=0x00000000000707de
7821500: system.cpu: T0 : 0x107e2    : ld a5, 210(a5)             : MemRead :  D=0x000000000007234c A=0x708b0
7822000: system.cpu: T0 : 0x107e6    : c_lw a5, 0(a5)             : MemRead :  D=0x0000000000000003 A=0x7234c
7822500: system.cpu: T0 : 0x107e8    : blt zero, a5, -414         : IntAlu : 
7823500: system.cpu: T0 : 0x1064a    : sw zero, -68(s0)           : MemWrite :  D=0x0000000000000000 A=0x7ffffffffffffd8c
7824500: system.cpu: T0 : 0x1064e    : jal ra, 894                : IntAlu :  D=0x0000000000010652
7825000: system.cpu: T0 : 0x109cc    : c_addi sp, -16             : IntAlu :  D=0x7ffffffffffffd70
7825500: system.cpu: T0 : 0x109ce    : c_sdsp s0, 8(sp)           : MemWrite :  D=0x7ffffffffffffdd0 A=0x7ffffffffffffd78
7826000: system.cpu: T0 : 0x109d0    : c_addi4spn s0, sp, 16      : IntAlu :  D=0x7ffffffffffffd80
7827000: system.cpu: T0 : 0x109d2    : auipc a5, 96               : IntAlu :  D=0x00000000000709d2
7828000: system.cpu: T0 : 0x109d6    : ld a5, -290(a5)            : MemRead :  D=0x000000000007234c A=0x708b0
7828500: system.cpu: T0 : 0x109da    : c_lw a5, 0(a5)             : MemRead :  D=0x0000000000000003 A=0x7234c
7829000: system.cpu: T0 : 0x109dc    : bge zero, a5, 94           : IntAlu : 
7829500: system.cpu: T0 : 0x109e0    : auipc a5, 96               : IntAlu :  D=0x00000000000709e0
7830000: system.cpu: T0 : 0x109e4    : ld a5, -344(a5)            : MemRead :  D=0x00000000000722c8 A=0x70888
7830500: system.cpu: T0 : 0x109e8    : c_lw a5, 0(a5)             : MemRead :  D=0x0000000000000006 A=0x722c8
7831500: system.cpu: T0 : 0x109ea    : addiw a4, a5, -1           : IntAlu :  D=0x0000000000000005
7832500: system.cpu: T0 : 0x109ee    : addiw a3, a4, 0            : IntAlu :  D=0x0000000000000005
7833500: system.cpu: T0 : 0x109f2    : auipc a4, 96               : IntAlu :  D=0x00000000000709f2
7834500: system.cpu: T0 : 0x109f6    : ld a4, -362(a4)            : MemRead :  D=0x00000000000722c8 A=0x70888
7835000: system.cpu: T0 : 0x109fa    : c_sw a3, 0(a4)             : MemWrite :  D=0x0000000000000005 A=0x722c8
7835500: system.cpu: T0 : 0x109fc    : bge zero, a5, 62           : IntAlu : 
7836000: system.cpu: T0 : 0x10a00    : auipc a5, 96               : IntAlu :  D=0x0000000000070a00
7836500: system.cpu: T0 : 0x10a04    : ld a5, -336(a5)            : MemRead :  D=0x000000000007234c A=0x708b0
7837000: system.cpu: T0 : 0x10a08    : c_lw a5, 0(a5)             : MemRead :  D=0x0000000000000003 A=0x7234c
7837500: system.cpu: T0 : 0x10a0a    : c_addiw a5, -1             : IntAlu :  D=0x0000000000000002
7838000: system.cpu: T0 : 0x10a0c    : addiw a4, a5, 0            : IntAlu :  D=0x0000000000000002
7838500: system.cpu: T0 : 0x10a10    : auipc a5, 96               : IntAlu :  D=0x0000000000070a10
7839000: system.cpu: T0 : 0x10a14    : ld a5, -352(a5)            : MemRead :  D=0x000000000007234c A=0x708b0
7839500: system.cpu: T0 : 0x10a18    : c_sw a4, 0(a5)             : MemWrite :  D=0x0000000000000002 A=0x7234c
7840500: system.cpu: T0 : 0x10a1a    : auipc a5, 96               : IntAlu :  D=0x0000000000070a1a
7841500: system.cpu: T0 : 0x10a1e    : ld a5, -426(a5)            : MemRead :  D=0x0000000000071a80 A=0x70870
7842000: system.cpu: T0 : 0x10a22    : c_ld a5, 0(a5)             : MemRead :  D=0x0000000000071a77 A=0x71a80
7842500: system.cpu: T0 : 0x10a24    : addi a3, a5, 1             : IntAlu :  D=0x0000000000071a78
7843000: system.cpu: T0 : 0x10a28    : auipc a4, 96               : IntAlu :  D=0x0000000000070a28
7843500: system.cpu: T0 : 0x10a2c    : ld a4, -440(a4)            : MemRead :  D=0x0000000000071a80 A=0x70870
7844000: system.cpu: T0 : 0x10a30    : c_sd a3, 0(a4)             : MemWrite :  D=0x0000000000071a78 A=0x71a80
7845000: system.cpu: T0 : 0x10a32    : lbu a5, 0(a5)              : MemRead :  D=0x0000000000000024 A=0x71a77
7845500: system.cpu: T0 : 0x10a36    : c_addiw a5, 0              : IntAlu :  D=0x0000000000000024
7846000: system.cpu: T0 : 0x10a38    : c_j 4                      : IntAlu : 
7846500: system.cpu: T0 : 0x10a3c    : c_mv a0, a5                : IntAlu :  D=0x0000000000000024
7847000: system.cpu: T0 : 0x10a3e    : c_ldsp s0, 8(sp)           : MemRead :  D=0x7ffffffffffffdd0 A=0x7ffffffffffffd78
7847500: system.cpu: T0 : 0x10a40    : c_addi sp, 16              : IntAlu :  D=0x7ffffffffffffd80
7848000: system.cpu: T0 : 0x10a42    : c_jr ra                    : IntAlu : 
7848500: system.cpu: T0 : 0x10652    : c_mv a5, a0                : IntAlu :  D=0x0000000000000024
7849000: system.cpu: T0 : 0x10654    : c_addiw a5, 0              : IntAlu :  D=0x0000000000000024
7850000: system.cpu: T0 : 0x10656    : addiw s6, a5, 0            : IntAlu :  D=0x0000000000000024
7851000: system.cpu: T0 : 0x1065a    : auipc a5, 95               : IntAlu :  D=0x000000000006f65a
7852000: system.cpu: T0 : 0x1065e    : addi a5, a5, -1578         : IntAlu :  D=0x000000000006f030
7852500: system.cpu: T0 : 0x10662    : c_ld a5, 0(a5)             : MemRead :  D=0x000000000000002f A=0x6f030
7853000: system.cpu: T0 : 0x10664    : addi a4, a5, 1             : IntAlu :  D=0x0000000000000030
7853500: system.cpu: T0 : 0x10668    : auipc a5, 95               : IntAlu :  D=0x000000000006f668
7854000: system.cpu: T0 : 0x1066c    : addi a5, a5, -1592         : IntAlu :  D=0x000000000006f030
7854500: system.cpu: T0 : 0x10670    : c_sd a4, 0(a5)             : MemWrite :  D=0x0000000000000030 A=0x6f030
7855000: system.cpu: T0 : 0x10672    : c_mv a4, s6                : IntAlu :  D=0x0000000000000024
7855500: system.cpu: T0 : 0x10674    : auipc a5, 95               : IntAlu :  D=0x000000000006f674
7856000: system.cpu: T0 : 0x10678    : addi a5, a5, -1652         : IntAlu :  D=0x000000000006f000
7856500: system.cpu: T0 : 0x1067c    : c_lw a5, 0(a5)             : MemRead :  D=0x0000000000000010 A=0x6f000
7857500: system.cpu: T0 : 0x1067e    : sll a5, a4, a5             : IntAlu :  D=0x0000000000240000
7858500: system.cpu: T0 : 0x10682    : add s2, s4, a5             : IntAlu :  D=0x00000000002400c7
7859500: system.cpu: T0 : 0x10686    : sllw a5, s6, s3            : IntAlu :  D=0x0000000000000024
7860000: system.cpu: T0 : 0x1068a    : c_addiw a5, 0              : IntAlu :  D=0x0000000000000024
7860500: system.cpu: T0 : 0x1068c    : xor s1, s4, a5             : IntAlu :  D=0x00000000000000e3
7861000: system.cpu: T0 : 0x10690    : auipc a4, 96               : IntAlu :  D=0x0000000000070690
7861500: system.cpu: T0 : 0x10694    : ld a4, 496(a4)             : MemRead :  D=0x0000000000071ac0 A=0x70880
7862000: system.cpu: T0 : 0x10698    : slli a5, s1, 3             : IntAlu :  D=0x0000000000000718
7862500: system.cpu: T0 : 0x1069c    : c_add a5, a4               : IntAlu :  D=0x00000000000721d8
7863000: system.cpu: T0 : 0x1069e    : c_ld a5, 0(a5)             : MemRead :  D=0xffffffffffffffff A=0x721d8
7863500: system.cpu: T0 : 0x106a0    : bne s2, a5, 26             : IntAlu : 
7864500: system.cpu: T0 : 0x106ba    : auipc a4, 96               : IntAlu :  D=0x00000000000706ba
7865500: system.cpu: T0 : 0x106be    : ld a4, 454(a4)             : MemRead :  D=0x0000000000071ac0 A=0x70880
7866500: system.cpu: T0 : 0x106c2    : slli a5, s1, 3             : IntAlu :  D=0x0000000000000718
7867000: system.cpu: T0 : 0x106c6    : c_add a5, a4               : IntAlu :  D=0x00000000000721d8
7867500: system.cpu: T0 : 0x106c8    : c_ld a5, 0(a5)             : MemRead :  D=0xffffffffffffffff A=0x721d8
7868500: system.cpu: T0 : 0x106ca    : blt a5, zero, 132          : IntAlu : 
7869000: system.cpu: T0 : 0x1074e    : c_addi zero, 0             : IntAlu :  D=0x0000000000000000
7869500: system.cpu: T0 : 0x10750    : c_j 4                      : IntAlu : 
7870000: system.cpu: T0 : 0x10754    : addi a5, gp, -920          : IntAlu :  D=0x0000000000070d48
7870500: system.cpu: T0 : 0x10758    : c_ld a5, 0(a5)             : MemRead :  D=0x000000000000002e A=0x70d48
7871500: system.cpu: T0 : 0x1075a    : addi a4, a5, 1             : IntAlu :  D=0x000000000000002f
7872500: system.cpu: T0 : 0x1075e    : addi a5, gp, -920          : IntAlu :  D=0x0000000000070d48
7873000: system.cpu: T0 : 0x10762    : c_sd a4, 0(a5)             : MemWrite :  D=0x000000000000002f A=0x70d48
7873500: system.cpu: T0 : 0x10764    : c_mv s4, s6                : IntAlu :  D=0x0000000000000024
7874500: system.cpu: T0 : 0x10766    : addi a5, gp, -960          : IntAlu :  D=0x0000000000070d20
7875000: system.cpu: T0 : 0x1076a    : c_ld a4, 0(a5)             : MemRead :  D=0x000000000000012f A=0x70d20
7875500: system.cpu: T0 : 0x1076c    : auipc a5, 95               : IntAlu :  D=0x000000000006f76c
7876000: system.cpu: T0 : 0x10770    : addi a5, a5, -1892         : IntAlu :  D=0x000000000006f008
7876500: system.cpu: T0 : 0x10774    : c_ld a5, 0(a5)             : MemRead :  D=0x0000000000010000 A=0x6f008
7877500: system.cpu: T0 : 0x10776    : bge a4, a5, 64             : IntAlu : 
7878500: system.cpu: T0 : 0x1077a    : addi a5, gp, -960          : IntAlu :  D=0x0000000000070d20
7879000: system.cpu: T0 : 0x1077e    : c_ld a5, 0(a5)             : MemRead :  D=0x000000000000012f A=0x70d20
7879500: system.cpu: T0 : 0x10780    : addi a3, a5, 1             : IntAlu :  D=0x0000000000000130
7880000: system.cpu: T0 : 0x10784    : addi a4, gp, -960          : IntAlu :  D=0x0000000000070d20
7880500: system.cpu: T0 : 0x10788    : c_sd a3, 0(a4)             : MemWrite :  D=0x0000000000000130 A=0x70d20
7881500: system.cpu: T0 : 0x1078a    : slli a4, a5, 48            : IntAlu :  D=0x012f000000000000
7882000: system.cpu: T0 : 0x1078e    : c_srli a4, 48              : IntAlu :  D=0x000000000000012f
7882500: system.cpu: T0 : 0x10790    : auipc a3, 96               : IntAlu :  D=0x0000000000070790
7883000: system.cpu: T0 : 0x10794    : ld a3, 296(a3)             : MemRead :  D=0x0000000000072350 A=0x708b8
7883500: system.cpu: T0 : 0x10798    : slli a5, s1, 1             : IntAlu :  D=0x00000000000001c6
7884000: system.cpu: T0 : 0x1079c    : c_add a5, a3               : IntAlu :  D=0x0000000000072516
7885000: system.cpu: T0 : 0x1079e    : sh a4, 0(a5)               : MemWrite :  D=0x000000000000012f A=0x72516
7886000: system.cpu: T0 : 0x107a2    : auipc a4, 96               : IntAlu :  D=0x00000000000707a2
7887000: system.cpu: T0 : 0x107a6    : ld a4, 222(a4)             : MemRead :  D=0x0000000000071ac0 A=0x70880
7888000: system.cpu: T0 : 0x107aa    : slli a5, s1, 3             : IntAlu :  D=0x0000000000000718
7888500: system.cpu: T0 : 0x107ae    : c_add a5, a4               : IntAlu :  D=0x00000000000721d8
7889000: system.cpu: T0 : 0x107b0    : sd s2, 0(a5)               : MemWrite :  D=0x00000000002400c7 A=0x721d8
7889500: system.cpu: T0 : 0x107b4    : c_j 42                     : IntAlu : 
7890500: system.cpu: T0 : 0x107de    : auipc a5, 96               : IntAlu :  D=0x00000000000707de
7891500: system.cpu: T0 : 0x107e2    : ld a5, 210(a5)             : MemRead :  D=0x000000000007234c A=0x708b0
7892000: system.cpu: T0 : 0x107e6    : c_lw a5, 0(a5)             : MemRead :  D=0x0000000000000002 A=0x7234c
7892500: system.cpu: T0 : 0x107e8    : blt zero, a5, -414         : IntAlu : 
7893500: system.cpu: T0 : 0x1064a    : sw zero, -68(s0)           : MemWrite :  D=0x0000000000000000 A=0x7ffffffffffffd8c
7894500: system.cpu: T0 : 0x1064e    : jal ra, 894                : IntAlu :  D=0x0000000000010652
7895000: system.cpu: T0 : 0x109cc    : c_addi sp, -16             : IntAlu :  D=0x7ffffffffffffd70
7895500: system.cpu: T0 : 0x109ce    : c_sdsp s0, 8(sp)           : MemWrite :  D=0x7ffffffffffffdd0 A=0x7ffffffffffffd78
7896000: system.cpu: T0 : 0x109d0    : c_addi4spn s0, sp, 16      : IntAlu :  D=0x7ffffffffffffd80
7897000: system.cpu: T0 : 0x109d2    : auipc a5, 96               : IntAlu :  D=0x00000000000709d2
7898000: system.cpu: T0 : 0x109d6    : ld a5, -290(a5)            : MemRead :  D=0x000000000007234c A=0x708b0
7898500: system.cpu: T0 : 0x109da    : c_lw a5, 0(a5)             : MemRead :  D=0x0000000000000002 A=0x7234c
7899000: system.cpu: T0 : 0x109dc    : bge zero, a5, 94           : IntAlu : 
7899500: system.cpu: T0 : 0x109e0    : auipc a5, 96               : IntAlu :  D=0x00000000000709e0
7900000: system.cpu: T0 : 0x109e4    : ld a5, -344(a5)            : MemRead :  D=0x00000000000722c8 A=0x70888
7900500: system.cpu: T0 : 0x109e8    : c_lw a5, 0(a5)             : MemRead :  D=0x0000000000000005 A=0x722c8
7901500: system.cpu: T0 : 0x109ea    : addiw a4, a5, -1           : IntAlu :  D=0x0000000000000004
7902500: system.cpu: T0 : 0x109ee    : addiw a3, a4, 0            : IntAlu :  D=0x0000000000000004
7903500: system.cpu: T0 : 0x109f2    : auipc a4, 96               : IntAlu :  D=0x00000000000709f2
7904500: system.cpu: T0 : 0x109f6    : ld a4, -362(a4)            : MemRead :  D=0x00000000000722c8 A=0x70888
7905000: system.cpu: T0 : 0x109fa    : c_sw a3, 0(a4)             : MemWrite :  D=0x0000000000000004 A=0x722c8
7905500: system.cpu: T0 : 0x109fc    : bge zero, a5, 62           : IntAlu : 
7906000: system.cpu: T0 : 0x10a00    : auipc a5, 96               : IntAlu :  D=0x0000000000070a00
7906500: system.cpu: T0 : 0x10a04    : ld a5, -336(a5)            : MemRead :  D=0x000000000007234c A=0x708b0
7907000: system.cpu: T0 : 0x10a08    : c_lw a5, 0(a5)             : MemRead :  D=0x0000000000000002 A=0x7234c
7907500: system.cpu: T0 : 0x10a0a    : c_addiw a5, -1             : IntAlu :  D=0x0000000000000001
7908000: system.cpu: T0 : 0x10a0c    : addiw a4, a5, 0            : IntAlu :  D=0x0000000000000001
7908500: system.cpu: T0 : 0x10a10    : auipc a5, 96               : IntAlu :  D=0x0000000000070a10
7909000: system.cpu: T0 : 0x10a14    : ld a5, -352(a5)            : MemRead :  D=0x000000000007234c A=0x708b0
7909500: system.cpu: T0 : 0x10a18    : c_sw a4, 0(a5)             : MemWrite :  D=0x0000000000000001 A=0x7234c
7910500: system.cpu: T0 : 0x10a1a    : auipc a5, 96               : IntAlu :  D=0x0000000000070a1a
7911500: system.cpu: T0 : 0x10a1e    : ld a5, -426(a5)            : MemRead :  D=0x0000000000071a80 A=0x70870
7912000: system.cpu: T0 : 0x10a22    : c_ld a5, 0(a5)             : MemRead :  D=0x0000000000071a78 A=0x71a80
7912500: system.cpu: T0 : 0x10a24    : addi a3, a5, 1             : IntAlu :  D=0x0000000000071a79
7913000: system.cpu: T0 : 0x10a28    : auipc a4, 96               : IntAlu :  D=0x0000000000070a28
7913500: system.cpu: T0 : 0x10a2c    : ld a4, -440(a4)            : MemRead :  D=0x0000000000071a80 A=0x70870
7914000: system.cpu: T0 : 0x10a30    : c_sd a3, 0(a4)             : MemWrite :  D=0x0000000000071a79 A=0x71a80
7915000: system.cpu: T0 : 0x10a32    : lbu a5, 0(a5)              : MemRead :  D=0x00000000000000d9 A=0x71a78
7915500: system.cpu: T0 : 0x10a36    : c_addiw a5, 0              : IntAlu :  D=0x00000000000000d9
7916000: system.cpu: T0 : 0x10a38    : c_j 4                      : IntAlu : 
7916500: system.cpu: T0 : 0x10a3c    : c_mv a0, a5                : IntAlu :  D=0x00000000000000d9
7917000: system.cpu: T0 : 0x10a3e    : c_ldsp s0, 8(sp)           : MemRead :  D=0x7ffffffffffffdd0 A=0x7ffffffffffffd78
7917500: system.cpu: T0 : 0x10a40    : c_addi sp, 16              : IntAlu :  D=0x7ffffffffffffd80
7918000: system.cpu: T0 : 0x10a42    : c_jr ra                    : IntAlu : 
7918500: system.cpu: T0 : 0x10652    : c_mv a5, a0                : IntAlu :  D=0x00000000000000d9
7919000: system.cpu: T0 : 0x10654    : c_addiw a5, 0              : IntAlu :  D=0x00000000000000d9
7920000: system.cpu: T0 : 0x10656    : addiw s6, a5, 0            : IntAlu :  D=0x00000000000000d9
7921000: system.cpu: T0 : 0x1065a    : auipc a5, 95               : IntAlu :  D=0x000000000006f65a
7922000: system.cpu: T0 : 0x1065e    : addi a5, a5, -1578         : IntAlu :  D=0x000000000006f030
7922500: system.cpu: T0 : 0x10662    : c_ld a5, 0(a5)             : MemRead :  D=0x0000000000000030 A=0x6f030
7923000: system.cpu: T0 : 0x10664    : addi a4, a5, 1             : IntAlu :  D=0x0000000000000031
7923500: system.cpu: T0 : 0x10668    : auipc a5, 95               : IntAlu :  D=0x000000000006f668
7924000: system.cpu: T0 : 0x1066c    : addi a5, a5, -1592         : IntAlu :  D=0x000000000006f030
7924500: system.cpu: T0 : 0x10670    : c_sd a4, 0(a5)             : MemWrite :  D=0x0000000000000031 A=0x6f030
7925000: system.cpu: T0 : 0x10672    : c_mv a4, s6                : IntAlu :  D=0x00000000000000d9
7925500: system.cpu: T0 : 0x10674    : auipc a5, 95               : IntAlu :  D=0x000000000006f674
7926000: system.cpu: T0 : 0x10678    : addi a5, a5, -1652         : IntAlu :  D=0x000000000006f000
7926500: system.cpu: T0 : 0x1067c    : c_lw a5, 0(a5)             : MemRead :  D=0x0000000000000010 A=0x6f000
7927500: system.cpu: T0 : 0x1067e    : sll a5, a4, a5             : IntAlu :  D=0x0000000000d90000
7928500: system.cpu: T0 : 0x10682    : add s2, s4, a5             : IntAlu :  D=0x0000000000d90024
7929500: system.cpu: T0 : 0x10686    : sllw a5, s6, s3            : IntAlu :  D=0x00000000000000d9
7930000: system.cpu: T0 : 0x1068a    : c_addiw a5, 0              : IntAlu :  D=0x00000000000000d9
7930500: system.cpu: T0 : 0x1068c    : xor s1, s4, a5             : IntAlu :  D=0x00000000000000fd
7931000: system.cpu: T0 : 0x10690    : auipc a4, 96               : IntAlu :  D=0x0000000000070690
7931500: system.cpu: T0 : 0x10694    : ld a4, 496(a4)             : MemRead :  D=0x0000000000071ac0 A=0x70880
7932000: system.cpu: T0 : 0x10698    : slli a5, s1, 3             : IntAlu :  D=0x00000000000007e8
7932500: system.cpu: T0 : 0x1069c    : c_add a5, a4               : IntAlu :  D=0x00000000000722a8
7933000: system.cpu: T0 : 0x1069e    : c_ld a5, 0(a5)             : MemRead :  D=0xffffffffffffffff A=0x722a8
7933500: system.cpu: T0 : 0x106a0    : bne s2, a5, 26             : IntAlu : 
7934500: system.cpu: T0 : 0x106ba    : auipc a4, 96               : IntAlu :  D=0x00000000000706ba
7935500: system.cpu: T0 : 0x106be    : ld a4, 454(a4)             : MemRead :  D=0x0000000000071ac0 A=0x70880
7936500: system.cpu: T0 : 0x106c2    : slli a5, s1, 3             : IntAlu :  D=0x00000000000007e8
7937000: system.cpu: T0 : 0x106c6    : c_add a5, a4               : IntAlu :  D=0x00000000000722a8
7937500: system.cpu: T0 : 0x106c8    : c_ld a5, 0(a5)             : MemRead :  D=0xffffffffffffffff A=0x722a8
7938500: system.cpu: T0 : 0x106ca    : blt a5, zero, 132          : IntAlu : 
7939000: system.cpu: T0 : 0x1074e    : c_addi zero, 0             : IntAlu :  D=0x0000000000000000
7939500: system.cpu: T0 : 0x10750    : c_j 4                      : IntAlu : 
7940000: system.cpu: T0 : 0x10754    : addi a5, gp, -920          : IntAlu :  D=0x0000000000070d48
7940500: system.cpu: T0 : 0x10758    : c_ld a5, 0(a5)             : MemRead :  D=0x000000000000002f A=0x70d48
7941500: system.cpu: T0 : 0x1075a    : addi a4, a5, 1             : IntAlu :  D=0x0000000000000030
7942500: system.cpu: T0 : 0x1075e    : addi a5, gp, -920          : IntAlu :  D=0x0000000000070d48
7943000: system.cpu: T0 : 0x10762    : c_sd a4, 0(a5)             : MemWrite :  D=0x0000000000000030 A=0x70d48
7943500: system.cpu: T0 : 0x10764    : c_mv s4, s6                : IntAlu :  D=0x00000000000000d9
7944500: system.cpu: T0 : 0x10766    : addi a5, gp, -960          : IntAlu :  D=0x0000000000070d20
7945000: system.cpu: T0 : 0x1076a    : c_ld a4, 0(a5)             : MemRead :  D=0x0000000000000130 A=0x70d20
7945500: system.cpu: T0 : 0x1076c    : auipc a5, 95               : IntAlu :  D=0x000000000006f76c
7946000: system.cpu: T0 : 0x10770    : addi a5, a5, -1892         : IntAlu :  D=0x000000000006f008
7946500: system.cpu: T0 : 0x10774    : c_ld a5, 0(a5)             : MemRead :  D=0x0000000000010000 A=0x6f008
7947500: system.cpu: T0 : 0x10776    : bge a4, a5, 64             : IntAlu : 
7948500: system.cpu: T0 : 0x1077a    : addi a5, gp, -960          : IntAlu :  D=0x0000000000070d20
7949000: system.cpu: T0 : 0x1077e    : c_ld a5, 0(a5)             : MemRead :  D=0x0000000000000130 A=0x70d20
7949500: system.cpu: T0 : 0x10780    : addi a3, a5, 1             : IntAlu :  D=0x0000000000000131
7950000: system.cpu: T0 : 0x10784    : addi a4, gp, -960          : IntAlu :  D=0x0000000000070d20
7950500: system.cpu: T0 : 0x10788    : c_sd a3, 0(a4)             : MemWrite :  D=0x0000000000000131 A=0x70d20
7951500: system.cpu: T0 : 0x1078a    : slli a4, a5, 48            : IntAlu :  D=0x0130000000000000
7952000: system.cpu: T0 : 0x1078e    : c_srli a4, 48              : IntAlu :  D=0x0000000000000130
7952500: system.cpu: T0 : 0x10790    : auipc a3, 96               : IntAlu :  D=0x0000000000070790
7953000: system.cpu: T0 : 0x10794    : ld a3, 296(a3)             : MemRead :  D=0x0000000000072350 A=0x708b8
7953500: system.cpu: T0 : 0x10798    : slli a5, s1, 1             : IntAlu :  D=0x00000000000001fa
7954000: system.cpu: T0 : 0x1079c    : c_add a5, a3               : IntAlu :  D=0x000000000007254a
7955000: system.cpu: T0 : 0x1079e    : sh a4, 0(a5)               : MemWrite :  D=0x0000000000000130 A=0x7254a
7956000: system.cpu: T0 : 0x107a2    : auipc a4, 96               : IntAlu :  D=0x00000000000707a2
7957000: system.cpu: T0 : 0x107a6    : ld a4, 222(a4)             : MemRead :  D=0x0000000000071ac0 A=0x70880
7958000: system.cpu: T0 : 0x107aa    : slli a5, s1, 3             : IntAlu :  D=0x00000000000007e8
7958500: system.cpu: T0 : 0x107ae    : c_add a5, a4               : IntAlu :  D=0x00000000000722a8
7959000: system.cpu: T0 : 0x107b0    : sd s2, 0(a5)               : MemWrite :  D=0x0000000000d90024 A=0x722a8
7959500: system.cpu: T0 : 0x107b4    : c_j 42                     : IntAlu : 
7960500: system.cpu: T0 : 0x107de    : auipc a5, 96               : IntAlu :  D=0x00000000000707de
7961500: system.cpu: T0 : 0x107e2    : ld a5, 210(a5)             : MemRead :  D=0x000000000007234c A=0x708b0
7962000: system.cpu: T0 : 0x107e6    : c_lw a5, 0(a5)             : MemRead :  D=0x0000000000000001 A=0x7234c
7962500: system.cpu: T0 : 0x107e8    : blt zero, a5, -414         : IntAlu : 
7963500: system.cpu: T0 : 0x1064a    : sw zero, -68(s0)           : MemWrite :  D=0x0000000000000000 A=0x7ffffffffffffd8c
7964500: system.cpu: T0 : 0x1064e    : jal ra, 894                : IntAlu :  D=0x0000000000010652
7965000: system.cpu: T0 : 0x109cc    : c_addi sp, -16             : IntAlu :  D=0x7ffffffffffffd70
7965500: system.cpu: T0 : 0x109ce    : c_sdsp s0, 8(sp)           : MemWrite :  D=0x7ffffffffffffdd0 A=0x7ffffffffffffd78
7966000: system.cpu: T0 : 0x109d0    : c_addi4spn s0, sp, 16      : IntAlu :  D=0x7ffffffffffffd80
7967000: system.cpu: T0 : 0x109d2    : auipc a5, 96               : IntAlu :  D=0x00000000000709d2
7968000: system.cpu: T0 : 0x109d6    : ld a5, -290(a5)            : MemRead :  D=0x000000000007234c A=0x708b0
7968500: system.cpu: T0 : 0x109da    : c_lw a5, 0(a5)             : MemRead :  D=0x0000000000000001 A=0x7234c
7969000: system.cpu: T0 : 0x109dc    : bge zero, a5, 94           : IntAlu : 
7969500: system.cpu: T0 : 0x109e0    : auipc a5, 96               : IntAlu :  D=0x00000000000709e0
7970000: system.cpu: T0 : 0x109e4    : ld a5, -344(a5)            : MemRead :  D=0x00000000000722c8 A=0x70888
7970500: system.cpu: T0 : 0x109e8    : c_lw a5, 0(a5)             : MemRead :  D=0x0000000000000004 A=0x722c8
7971500: system.cpu: T0 : 0x109ea    : addiw a4, a5, -1           : IntAlu :  D=0x0000000000000003
7972500: system.cpu: T0 : 0x109ee    : addiw a3, a4, 0            : IntAlu :  D=0x0000000000000003
7973500: system.cpu: T0 : 0x109f2    : auipc a4, 96               : IntAlu :  D=0x00000000000709f2
7974500: system.cpu: T0 : 0x109f6    : ld a4, -362(a4)            : MemRead :  D=0x00000000000722c8 A=0x70888
7975000: system.cpu: T0 : 0x109fa    : c_sw a3, 0(a4)             : MemWrite :  D=0x0000000000000003 A=0x722c8
7975500: system.cpu: T0 : 0x109fc    : bge zero, a5, 62           : IntAlu : 
7976000: system.cpu: T0 : 0x10a00    : auipc a5, 96               : IntAlu :  D=0x0000000000070a00
7976500: system.cpu: T0 : 0x10a04    : ld a5, -336(a5)            : MemRead :  D=0x000000000007234c A=0x708b0
7977000: system.cpu: T0 : 0x10a08    : c_lw a5, 0(a5)             : MemRead :  D=0x0000000000000001 A=0x7234c
7977500: system.cpu: T0 : 0x10a0a    : c_addiw a5, -1             : IntAlu :  D=0x0000000000000000
7978000: system.cpu: T0 : 0x10a0c    : addiw a4, a5, 0            : IntAlu :  D=0x0000000000000000
7978500: system.cpu: T0 : 0x10a10    : auipc a5, 96               : IntAlu :  D=0x0000000000070a10
7979000: system.cpu: T0 : 0x10a14    : ld a5, -352(a5)            : MemRead :  D=0x000000000007234c A=0x708b0
7979500: system.cpu: T0 : 0x10a18    : c_sw a4, 0(a5)             : MemWrite :  D=0x0000000000000000 A=0x7234c
7980500: system.cpu: T0 : 0x10a1a    : auipc a5, 96               : IntAlu :  D=0x0000000000070a1a
7981500: system.cpu: T0 : 0x10a1e    : ld a5, -426(a5)            : MemRead :  D=0x0000000000071a80 A=0x70870
7982000: system.cpu: T0 : 0x10a22    : c_ld a5, 0(a5)             : MemRead :  D=0x0000000000071a79 A=0x71a80
7982500: system.cpu: T0 : 0x10a24    : addi a3, a5, 1             : IntAlu :  D=0x0000000000071a7a
7983000: system.cpu: T0 : 0x10a28    : auipc a4, 96               : IntAlu :  D=0x0000000000070a28
7983500: system.cpu: T0 : 0x10a2c    : ld a4, -440(a4)            : MemRead :  D=0x0000000000071a80 A=0x70870
7984000: system.cpu: T0 : 0x10a30    : c_sd a3, 0(a4)             : MemWrite :  D=0x0000000000071a7a A=0x71a80
7985000: system.cpu: T0 : 0x10a32    : lbu a5, 0(a5)              : MemRead :  D=0x000000000000006e A=0x71a79
7985500: system.cpu: T0 : 0x10a36    : c_addiw a5, 0              : IntAlu :  D=0x000000000000006e
7986000: system.cpu: T0 : 0x10a38    : c_j 4                      : IntAlu : 
7986500: system.cpu: T0 : 0x10a3c    : c_mv a0, a5                : IntAlu :  D=0x000000000000006e
7987000: system.cpu: T0 : 0x10a3e    : c_ldsp s0, 8(sp)           : MemRead :  D=0x7ffffffffffffdd0 A=0x7ffffffffffffd78
7987500: system.cpu: T0 : 0x10a40    : c_addi sp, 16              : IntAlu :  D=0x7ffffffffffffd80
7988000: system.cpu: T0 : 0x10a42    : c_jr ra                    : IntAlu : 
7988500: system.cpu: T0 : 0x10652    : c_mv a5, a0                : IntAlu :  D=0x000000000000006e
7989000: system.cpu: T0 : 0x10654    : c_addiw a5, 0              : IntAlu :  D=0x000000000000006e
7990000: system.cpu: T0 : 0x10656    : addiw s6, a5, 0            : IntAlu :  D=0x000000000000006e
7991000: system.cpu: T0 : 0x1065a    : auipc a5, 95               : IntAlu :  D=0x000000000006f65a
7992000: system.cpu: T0 : 0x1065e    : addi a5, a5, -1578         : IntAlu :  D=0x000000000006f030
7992500: system.cpu: T0 : 0x10662    : c_ld a5, 0(a5)             : MemRead :  D=0x0000000000000031 A=0x6f030
7993000: system.cpu: T0 : 0x10664    : addi a4, a5, 1             : IntAlu :  D=0x0000000000000032
7993500: system.cpu: T0 : 0x10668    : auipc a5, 95               : IntAlu :  D=0x000000000006f668
7994000: system.cpu: T0 : 0x1066c    : addi a5, a5, -1592         : IntAlu :  D=0x000000000006f030
7994500: system.cpu: T0 : 0x10670    : c_sd a4, 0(a5)             : MemWrite :  D=0x0000000000000032 A=0x6f030
7995000: system.cpu: T0 : 0x10672    : c_mv a4, s6                : IntAlu :  D=0x000000000000006e
7995500: system.cpu: T0 : 0x10674    : auipc a5, 95               : IntAlu :  D=0x000000000006f674
7996000: system.cpu: T0 : 0x10678    : addi a5, a5, -1652         : IntAlu :  D=0x000000000006f000
7996500: system.cpu: T0 : 0x1067c    : c_lw a5, 0(a5)             : MemRead :  D=0x0000000000000010 A=0x6f000
7997500: system.cpu: T0 : 0x1067e    : sll a5, a4, a5             : IntAlu :  D=0x00000000006e0000
7998500: system.cpu: T0 : 0x10682    : add s2, s4, a5             : IntAlu :  D=0x00000000006e00d9
7999500: system.cpu: T0 : 0x10686    : sllw a5, s6, s3            : IntAlu :  D=0x000000000000006e
8000000: system.cpu: T0 : 0x1068a    : c_addiw a5, 0              : IntAlu :  D=0x000000000000006e
8000500: system.cpu: T0 : 0x1068c    : xor s1, s4, a5             : IntAlu :  D=0x00000000000000b7
8001000: system.cpu: T0 : 0x10690    : auipc a4, 96               : IntAlu :  D=0x0000000000070690
8001500: system.cpu: T0 : 0x10694    : ld a4, 496(a4)             : MemRead :  D=0x0000000000071ac0 A=0x70880
8002000: system.cpu: T0 : 0x10698    : slli a5, s1, 3             : IntAlu :  D=0x00000000000005b8
8002500: system.cpu: T0 : 0x1069c    : c_add a5, a4               : IntAlu :  D=0x0000000000072078
8003000: system.cpu: T0 : 0x1069e    : c_ld a5, 0(a5)             : MemRead :  D=0xffffffffffffffff A=0x72078
8003500: system.cpu: T0 : 0x106a0    : bne s2, a5, 26             : IntAlu : 
8004500: system.cpu: T0 : 0x106ba    : auipc a4, 96               : IntAlu :  D=0x00000000000706ba
8005500: system.cpu: T0 : 0x106be    : ld a4, 454(a4)             : MemRead :  D=0x0000000000071ac0 A=0x70880
8006500: system.cpu: T0 : 0x106c2    : slli a5, s1, 3             : IntAlu :  D=0x00000000000005b8
8007000: system.cpu: T0 : 0x106c6    : c_add a5, a4               : IntAlu :  D=0x0000000000072078
8007500: system.cpu: T0 : 0x106c8    : c_ld a5, 0(a5)             : MemRead :  D=0xffffffffffffffff A=0x72078
8008500: system.cpu: T0 : 0x106ca    : blt a5, zero, 132          : IntAlu : 
8009000: system.cpu: T0 : 0x1074e    : c_addi zero, 0             : IntAlu :  D=0x0000000000000000
8009500: system.cpu: T0 : 0x10750    : c_j 4                      : IntAlu : 
8010000: system.cpu: T0 : 0x10754    : addi a5, gp, -920          : IntAlu :  D=0x0000000000070d48
8010500: system.cpu: T0 : 0x10758    : c_ld a5, 0(a5)             : MemRead :  D=0x0000000000000030 A=0x70d48
8011500: system.cpu: T0 : 0x1075a    : addi a4, a5, 1             : IntAlu :  D=0x0000000000000031
8012500: system.cpu: T0 : 0x1075e    : addi a5, gp, -920          : IntAlu :  D=0x0000000000070d48
8013000: system.cpu: T0 : 0x10762    : c_sd a4, 0(a5)             : MemWrite :  D=0x0000000000000031 A=0x70d48
8013500: system.cpu: T0 : 0x10764    : c_mv s4, s6                : IntAlu :  D=0x000000000000006e
8014500: system.cpu: T0 : 0x10766    : addi a5, gp, -960          : IntAlu :  D=0x0000000000070d20
8015000: system.cpu: T0 : 0x1076a    : c_ld a4, 0(a5)             : MemRead :  D=0x0000000000000131 A=0x70d20
8015500: system.cpu: T0 : 0x1076c    : auipc a5, 95               : IntAlu :  D=0x000000000006f76c
8016000: system.cpu: T0 : 0x10770    : addi a5, a5, -1892         : IntAlu :  D=0x000000000006f008
8016500: system.cpu: T0 : 0x10774    : c_ld a5, 0(a5)             : MemRead :  D=0x0000000000010000 A=0x6f008
8017500: system.cpu: T0 : 0x10776    : bge a4, a5, 64             : IntAlu : 
8018500: system.cpu: T0 : 0x1077a    : addi a5, gp, -960          : IntAlu :  D=0x0000000000070d20
8019000: system.cpu: T0 : 0x1077e    : c_ld a5, 0(a5)             : MemRead :  D=0x0000000000000131 A=0x70d20
8019500: system.cpu: T0 : 0x10780    : addi a3, a5, 1             : IntAlu :  D=0x0000000000000132
8020000: system.cpu: T0 : 0x10784    : addi a4, gp, -960          : IntAlu :  D=0x0000000000070d20
8020500: system.cpu: T0 : 0x10788    : c_sd a3, 0(a4)             : MemWrite :  D=0x0000000000000132 A=0x70d20
8021500: system.cpu: T0 : 0x1078a    : slli a4, a5, 48            : IntAlu :  D=0x0131000000000000
8022000: system.cpu: T0 : 0x1078e    : c_srli a4, 48              : IntAlu :  D=0x0000000000000131
8022500: system.cpu: T0 : 0x10790    : auipc a3, 96               : IntAlu :  D=0x0000000000070790
8023000: system.cpu: T0 : 0x10794    : ld a3, 296(a3)             : MemRead :  D=0x0000000000072350 A=0x708b8
8023500: system.cpu: T0 : 0x10798    : slli a5, s1, 1             : IntAlu :  D=0x000000000000016e
8024000: system.cpu: T0 : 0x1079c    : c_add a5, a3               : IntAlu :  D=0x00000000000724be
8025000: system.cpu: T0 : 0x1079e    : sh a4, 0(a5)               : MemWrite :  D=0x0000000000000131 A=0x724be
8026000: system.cpu: T0 : 0x107a2    : auipc a4, 96               : IntAlu :  D=0x00000000000707a2
8027000: system.cpu: T0 : 0x107a6    : ld a4, 222(a4)             : MemRead :  D=0x0000000000071ac0 A=0x70880
8028000: system.cpu: T0 : 0x107aa    : slli a5, s1, 3             : IntAlu :  D=0x00000000000005b8
8028500: system.cpu: T0 : 0x107ae    : c_add a5, a4               : IntAlu :  D=0x0000000000072078
8029000: system.cpu: T0 : 0x107b0    : sd s2, 0(a5)               : MemWrite :  D=0x00000000006e00d9 A=0x72078
8029500: system.cpu: T0 : 0x107b4    : c_j 42                     : IntAlu : 
8030500: system.cpu: T0 : 0x107de    : auipc a5, 96               : IntAlu :  D=0x00000000000707de
8031500: system.cpu: T0 : 0x107e2    : ld a5, 210(a5)             : MemRead :  D=0x000000000007234c A=0x708b0
8032000: system.cpu: T0 : 0x107e6    : c_lw a5, 0(a5)             : MemRead :  D=0x0000000000000000 A=0x7234c
8032500: system.cpu: T0 : 0x107e8    : blt zero, a5, -414         : IntAlu : 
8033000: system.cpu: T0 : 0x107ec    : auipc a5, 96               : IntAlu :  D=0x00000000000707ec
8033500: system.cpu: T0 : 0x107f0    : ld a5, 180(a5)             : MemRead :  D=0x0000000000072340 A=0x708a0
8034000: system.cpu: T0 : 0x107f4    : c_ld a4, 0(a5)             : MemRead :  D=0x0000000000000003 A=0x72340
8035000: system.cpu: T0 : 0x107f6    : auipc a5, 95               : IntAlu :  D=0x000000000006f7f6
8036000: system.cpu: T0 : 0x107fa    : addi a5, a5, -1990         : IntAlu :  D=0x000000000006f030
8036500: system.cpu: T0 : 0x107fe    : c_ld a5, 0(a5)             : MemRead :  D=0x0000000000000032 A=0x6f030
8037000: system.cpu: T0 : 0x10800    : bge a5, a4, 14             : IntAlu : 
8037500: system.cpu: T0 : 0x1080e    : c_addi zero, 0             : IntAlu :  D=0x0000000000000000
8038000: system.cpu: T0 : 0x10810    : c_ldsp ra, 72(sp)          : MemRead :  D=0x00000000000104b2 A=0x7ffffffffffffdc8
8038500: system.cpu: T0 : 0x10812    : c_ldsp s0, 64(sp)          : MemRead :  D=0x7ffffffffffffdf0 A=0x7ffffffffffffdc0
8039000: system.cpu: T0 : 0x10814    : c_ldsp s1, 56(sp)          : MemRead :  D=0x000000000001137a A=0x7ffffffffffffdb8
8039500: system.cpu: T0 : 0x10816    : c_ldsp s2, 48(sp)          : MemRead :  D=0x0000000000000000 A=0x7ffffffffffffdb0
8040000: system.cpu: T0 : 0x10818    : c_ldsp s3, 40(sp)          : MemRead :  D=0x0000000000000000 A=0x7ffffffffffffda8
8040500: system.cpu: T0 : 0x1081a    : c_ldsp s4, 32(sp)          : MemRead :  D=0x0000000000000000 A=0x7ffffffffffffda0
8041000: system.cpu: T0 : 0x1081c    : c_ldsp s5, 24(sp)          : MemRead :  D=0x0000000000000000 A=0x7ffffffffffffd98
8041500: system.cpu: T0 : 0x1081e    : c_ldsp s6, 16(sp)          : MemRead :  D=0x0000000000000000 A=0x7ffffffffffffd90
8042000: system.cpu: T0 : 0x10820    : c_addi16sp sp, 80          : IntAlu :  D=0x7ffffffffffffdd0
8042500: system.cpu: T0 : 0x10822    : c_jr ra                    : IntAlu : 
8043000: system.cpu: T0 : 0x104b2    : c_li a5, 0                 : IntAlu :  D=0x0000000000000000
8043500: system.cpu: T0 : 0x104b4    : c_mv a0, a5                : IntAlu :  D=0x0000000000000000
8044000: system.cpu: T0 : 0x104b6    : c_ldsp ra, 24(sp)          : MemRead :  D=0x0000000000010fb0 A=0x7ffffffffffffde8
8044500: system.cpu: T0 : 0x104b8    : c_ldsp s0, 16(sp)          : MemRead :  D=0x00000000000112ea A=0x7ffffffffffffde0
8045000: system.cpu: T0 : 0x104ba    : c_addi16sp sp, 32          : IntAlu :  D=0x7ffffffffffffdf0
8045500: system.cpu: T0 : 0x104bc    : c_jr ra                    : IntAlu : 
8046000: system.cpu: T0 : 0x10fb0    : jal ra, 17144              : IntAlu :  D=0x0000000000010fb4
8046500: system.cpu: T0 : 0x152a8    : c_addi sp, -16             : IntAlu :  D=0x7ffffffffffffde0
8047000: system.cpu: T0 : 0x152aa    : c_li a3, 1                 : IntAlu :  D=0x0000000000000001
8047500: system.cpu: T0 : 0x152ac    : c_li a2, 1                 : IntAlu :  D=0x0000000000000001
8048500: system.cpu: T0 : 0x152ae    : addi a1, gp, -1936         : IntAlu :  D=0x0000000000070950
8049000: system.cpu: T0 : 0x152b2    : c_sdsp ra, 8(sp)           : MemWrite :  D=0x0000000000010fb4 A=0x7ffffffffffffde8
8049500: system.cpu: T0 : 0x152b4    : jal ra, -468               : IntAlu :  D=0x00000000000152b8
8050000: system.cpu: T0 : 0x150e0    : c_addi16sp sp, -128        : IntAlu :  D=0x7ffffffffffffd60
8050500: system.cpu: T0 : 0x150e2    : c_sdsp s6, 64(sp)          : MemWrite :  D=0x0000000000000000 A=0x7ffffffffffffda0
8051000: system.cpu: T0 : 0x150e4    : c_sdsp s7, 56(sp)          : MemWrite :  D=0x0000000000000000 A=0x7ffffffffffffd98
8051500: system.cpu: T0 : 0x150e6    : c_sdsp ra, 120(sp)         : MemWrite :  D=0x00000000000152b8 A=0x7ffffffffffffdd8
8052000: system.cpu: T0 : 0x150e8    : c_sdsp s0, 112(sp)         : MemWrite :  D=0x00000000000112ea A=0x7ffffffffffffdd0
8052500: system.cpu: T0 : 0x150ea    : c_sdsp s1, 104(sp)         : MemWrite :  D=0x000000000001137a A=0x7ffffffffffffdc8
8053000: system.cpu: T0 : 0x150ec    : c_sdsp s2, 96(sp)          : MemWrite :  D=0x0000000000000000 A=0x7ffffffffffffdc0
8053500: system.cpu: T0 : 0x150ee    : c_sdsp s3, 88(sp)          : MemWrite :  D=0x0000000000000000 A=0x7ffffffffffffdb8
8054000: system.cpu: T0 : 0x150f0    : c_sdsp s4, 80(sp)          : MemWrite :  D=0x0000000000000000 A=0x7ffffffffffffdb0
8054500: system.cpu: T0 : 0x150f2    : c_sdsp s5, 72(sp)          : MemWrite :  D=0x0000000000000000 A=0x7ffffffffffffda8
8055000: system.cpu: T0 : 0x150f4    : c_sdsp s8, 48(sp)          : MemWrite :  D=0x0000000000000000 A=0x7ffffffffffffd90
8055500: system.cpu: T0 : 0x150f6    : c_sdsp s9, 40(sp)          : MemWrite :  D=0x0000000000000000 A=0x7ffffffffffffd88
8056000: system.cpu: T0 : 0x150f8    : c_sdsp s10, 32(sp)         : MemWrite :  D=0x0000000000000000 A=0x7ffffffffffffd80
8056500: system.cpu: T0 : 0x150fa    : c_sdsp s11, 24(sp)         : MemWrite :  D=0x0000000000000000 A=0x7ffffffffffffd78
8057000: system.cpu: T0 : 0x150fc    : addi a5, zero, 0           : IntAlu :  D=0x0000000000000000
8057500: system.cpu: T0 : 0x15100    : c_sdsp a2, 8(sp)           : MemWrite :  D=0x0000000000000001 A=0x7ffffffffffffd68
8058000: system.cpu: T0 : 0x15102    : c_mv s6, a0                : IntAlu :  D=0x0000000000000000
8058500: system.cpu: T0 : 0x15104    : c_mv s7, a1                : IntAlu :  D=0x0000000000070950
8059000: system.cpu: T0 : 0x15106    : c_beqz a5, 6               : IntAlu : 
8059500: system.cpu: T0 : 0x1510c    : lui s9, 115                : IntAlu :  D=0x0000000000073000
8060000: system.cpu: T0 : 0x15110    : lui s11, 115               : IntAlu :  D=0x0000000000073000
8060500: system.cpu: T0 : 0x15114    : c_li s4, 0                 : IntAlu :  D=0x0000000000000000
8061000: system.cpu: T0 : 0x15116    : c_li s3, 1                 : IntAlu :  D=0x0000000000000001
8061500: system.cpu: T0 : 0x15118    : c_li a4, 1                 : IntAlu :  D=0x0000000000000001
8062500: system.cpu: T0 : 0x1511a    : addi a3, s9, -1600         : IntAlu :  D=0x00000000000729c0
8063500: system.cpu: T0 : 0x1511e    : lr_w a5, (a3)             
8063500: system.cpu: T0 : 0x1511e. 0 : lr_w a5, (a3)              : MemRead :  D=0x0000000000000000 A=0x729c0
8064000: system.cpu: T0 : 0x15122    : c_bnez a5, 8               : IntAlu : 
8064500: system.cpu: T0 : 0x15124    : sc_w_aq a2, a4, (a3)      
8064500: system.cpu: T0 : 0x15124. 0 : sc_w a2, a4, (a3)          : MemWrite :  D=0x0000000000000000 A=0x729c0
8065000: system.cpu: T0 : 0x15124. 1 : 0x1ce6a62f fence           : No_OpClass : 
8065500: system.cpu: T0 : 0x15128    : c_bnez a2, -10             : IntAlu : 
8066000: system.cpu: T0 : 0x1512a    : c_addiw a5, 0              : IntAlu :  D=0x0000000000000000
8066500: system.cpu: T0 : 0x1512c    : bne a5, zero, 338          : IntAlu : 
8067000: system.cpu: T0 : 0x15130    : ld s10, 0(s7)              : MemRead :  D=0x0000000000071230 A=0x70950
8067500: system.cpu: T0 : 0x15134    : beq s10, zero, 152         : IntAlu : 
8068000: system.cpu: T0 : 0x15138    : c_li s5, 3                 : IntAlu :  D=0x0000000000000003
8068500: system.cpu: T0 : 0x1513a    : c_li s2, 4                 : IntAlu :  D=0x0000000000000004
8069000: system.cpu: T0 : 0x1513c    : c_li s1, 2                 : IntAlu :  D=0x0000000000000002
8069500: system.cpu: T0 : 0x1513e    : c_li s0, 1                 : IntAlu :  D=0x0000000000000001
8070000: system.cpu: T0 : 0x15140    : c_j 34                     : IntAlu : 
8071000: system.cpu: T0 : 0x15162    : ld a5, 8(s10)              : MemRead :  D=0x0000000000000001 A=0x71238
8071500: system.cpu: T0 : 0x15166    : c_beqz a5, 222             : IntAlu : 
8072000: system.cpu: T0 : 0x15168    : ld s8, -1592(s11)          : MemRead :  D=0x0000000000000001 A=0x729c8
8072500: system.cpu: T0 : 0x1516c    : c_addi a5, -1              : IntAlu :  D=0x0000000000000000
8073500: system.cpu: T0 : 0x1516e    : sd a5, 8(s10)              : MemWrite :  D=0x0000000000000000 A=0x71238
8074000: system.cpu: T0 : 0x15172    : c_mv a4, s4                : IntAlu :  D=0x0000000000000000
8074500: system.cpu: T0 : 0x15174    : addi a3, s9, -1600         : IntAlu :  D=0x00000000000729c0
8075000: system.cpu: T0 : 0x15178    : fence iorw, ow             : No_OpClass : 
8075500: system.cpu: T0 : 0x1517c    : amoswap_w a4, a4, (a3)    
8075500: system.cpu: T0 : 0x1517c. 0 : amoswap_w[l] a4, a4, (a3)  : MemRead :  D=0x0000000000000001 A=0x729c0
8076000: system.cpu: T0 : 0x15180    : c_addiw a4, 0              : IntAlu :  D=0x0000000000000001
8077000: system.cpu: T0 : 0x15182    : blt s3, a4, 172            : IntAlu : 
8077500: system.cpu: T0 : 0x15186    : c_slli a5, 5               : IntAlu :  D=0x0000000000000000
8078000: system.cpu: T0 : 0x15188    : c_add a5, s10              : IntAlu :  D=0x0000000000071230
8078500: system.cpu: T0 : 0x1518a    : c_ld a4, 16(a5)            : MemRead :  D=0x0000000000000004 A=0x71240
8079000: system.cpu: T0 : 0x1518c    : beq a4, s5, 146            : IntAlu : 
8079500: system.cpu: T0 : 0x15190    : bne a4, s2, -78            : IntAlu : 
8080000: system.cpu: T0 : 0x15194    : c_ld a4, 24(a5)            : MemRead :  D=0x000000000001137a A=0x71248
8080500: system.cpu: T0 : 0x15196    : c_ld a0, 32(a5)            : MemRead :  D=0x0000000000000000 A=0x71250
8081000: system.cpu: T0 : 0x15198    : sd zero, 16(a5)            : MemWrite :  D=0x0000000000000000 A=0x71240
8081500: system.cpu: T0 : 0x1519c    : c_mv a1, s6                : IntAlu :  D=0x0000000000000000
8082000: system.cpu: T0 : 0x1519e    : c_jalr a4                  : IntAlu :  D=0x00000000000151a0
8082500: system.cpu: T0 : 0x1137a    : c_addi sp, -32             : IntAlu :  D=0x7ffffffffffffd40
8083000: system.cpu: T0 : 0x1137c    : c_sdsp s0, 16(sp)          : MemWrite :  D=0x0000000000000001 A=0x7ffffffffffffd50
8084000: system.cpu: T0 : 0x1137e    : lui a5, 111                : IntAlu :  D=0x000000000006f000
8085000: system.cpu: T0 : 0x11382    : lui s0, 111                : IntAlu :  D=0x000000000006f000
8086000: system.cpu: T0 : 0x11386    : addi s0, s0, -1280         : IntAlu :  D=0x000000000006eb00
8087000: system.cpu: T0 : 0x1138a    : addi a5, a5, -1264         : IntAlu :  D=0x000000000006eb10
8087500: system.cpu: T0 : 0x1138e    : c_sub a5, s0               : IntAlu :  D=0x0000000000000010
8088000: system.cpu: T0 : 0x11390    : c_sdsp ra, 24(sp)          : MemWrite :  D=0x00000000000151a0 A=0x7ffffffffffffd58
8088500: system.cpu: T0 : 0x11392    : c_sdsp s1, 8(sp)           : MemWrite :  D=0x0000000000000002 A=0x7ffffffffffffd48
8089000: system.cpu: T0 : 0x11394    : c_sdsp s2, 0(sp)           : MemWrite :  D=0x0000000000000004 A=0x7ffffffffffffd40
8090000: system.cpu: T0 : 0x11396    : srai a4, a5, 3             : IntAlu :  D=0x0000000000000002
8090500: system.cpu: T0 : 0x1139a    : c_beqz a4, 24              : IntAlu : 
8091000: system.cpu: T0 : 0x1139c    : c_addi a5, -8              : IntAlu :  D=0x0000000000000008
8092000: system.cpu: T0 : 0x1139e    : addi s1, a4, -1            : IntAlu :  D=0x0000000000000001
8092500: system.cpu: T0 : 0x113a2    : c_add s0, a5               : IntAlu :  D=0x000000000006eb08
8093000: system.cpu: T0 : 0x113a4    : c_li s2, -1                : IntAlu :  D=0xffffffffffffffff
8093500: system.cpu: T0 : 0x113a6    : c_ld a5, 0(s0)             : MemRead :  D=0x0000000000010340 A=0x6eb08
8094000: system.cpu: T0 : 0x113a8    : c_addi s1, -1              : IntAlu :  D=0x0000000000000000
8094500: system.cpu: T0 : 0x113aa    : c_addi s0, -8              : IntAlu :  D=0x000000000006eb00
8095000: system.cpu: T0 : 0x113ac    : c_jalr a5                  : IntAlu :  D=0x00000000000113ae
8095500: system.cpu: T0 : 0x10340    : addi a0, gp, 1672          : IntAlu :  D=0x0000000000071768
8096000: system.cpu: T0 : 0x10344    : jal zero, 211410           : IntAlu :  D=0x0000000000010348
8096500: system.cpu: T0 : 0x43d16    : c_addi sp, -32             : IntAlu :  D=0x7ffffffffffffd20
8097000: system.cpu: T0 : 0x43d18    : c_sdsp s1, 8(sp)           : MemWrite :  D=0x0000000000000000 A=0x7ffffffffffffd28
8097500: system.cpu: T0 : 0x43d1a    : c_ld s1, 0(a0)             : MemRead :  D=0x0000000000000000 A=0x71768
8098000: system.cpu: T0 : 0x43d1c    : c_sdsp ra, 24(sp)          : MemWrite :  D=0x00000000000113ae A=0x7ffffffffffffd38
8098500: system.cpu: T0 : 0x43d1e    : c_sdsp s0, 16(sp)          : MemWrite :  D=0x000000000006eb00 A=0x7ffffffffffffd30
8099000: system.cpu: T0 : 0x43d20    : c_beqz s1, 20              : IntAlu : 
8099500: system.cpu: T0 : 0x43d34    : c_ldsp ra, 24(sp)          : MemRead :  D=0x00000000000113ae A=0x7ffffffffffffd38
8100000: system.cpu: T0 : 0x43d36    : c_ldsp s0, 16(sp)          : MemRead :  D=0x000000000006eb00 A=0x7ffffffffffffd30
8100500: system.cpu: T0 : 0x43d38    : c_ldsp s1, 8(sp)           : MemRead :  D=0x0000000000000000 A=0x7ffffffffffffd28
8101000: system.cpu: T0 : 0x43d3a    : c_addi16sp sp, 32          : IntAlu :  D=0x7ffffffffffffd40
8101500: system.cpu: T0 : 0x43d3c    : c_jr ra                    : IntAlu : 
8102500: system.cpu: T0 : 0x113ae    : bne s1, s2, -8             : IntAlu : 
8103000: system.cpu: T0 : 0x113a6    : c_ld a5, 0(s0)             : MemRead :  D=0x00000000000103d6 A=0x6eb00
8103500: system.cpu: T0 : 0x113a8    : c_addi s1, -1              : IntAlu :  D=0xffffffffffffffff
8104000: system.cpu: T0 : 0x113aa    : c_addi s0, -8              : IntAlu :  D=0x000000000006eaf8
8104500: system.cpu: T0 : 0x113ac    : c_jalr a5                  : IntAlu :  D=0x00000000000113ae
8105000: system.cpu: T0 : 0x103d6    : c_addi sp, -16             : IntAlu :  D=0x7ffffffffffffd30
8105500: system.cpu: T0 : 0x103d8    : c_sdsp s0, 0(sp)           : MemWrite :  D=0x000000000006eaf8 A=0x7ffffffffffffd30
8106500: system.cpu: T0 : 0x103da    : lbu a5, -1016(gp)          : MemRead :  D=0x0000000000000000 A=0x70ce8
8107000: system.cpu: T0 : 0x103de    : c_sdsp ra, 8(sp)           : MemWrite :  D=0x00000000000113ae A=0x7ffffffffffffd38
8107500: system.cpu: T0 : 0x103e0    : c_bnez a5, 34              : IntAlu : 
8108500: system.cpu: T0 : 0x103e2    : jal ra, -96                : IntAlu :  D=0x00000000000103e6
8109500: system.cpu: T0 : 0x10382    : lui a0, 113                : IntAlu :  D=0x0000000000071000
8110500: system.cpu: T0 : 0x10386    : lui a4, 113                : IntAlu :  D=0x0000000000071000
8111500: system.cpu: T0 : 0x1038a    : addi a5, a0, -1976         : IntAlu :  D=0x0000000000070848
8112500: system.cpu: T0 : 0x1038e    : addi a4, a4, -1976         : IntAlu :  D=0x0000000000070848
8113500: system.cpu: T0 : 0x10392    : beq a4, a5, 18             : IntAlu : 
8114000: system.cpu: T0 : 0x103a4    : c_jr ra                    : IntAlu : 
8115000: system.cpu: T0 : 0x103e6    : lui a5, 77                 : IntAlu :  D=0x000000000004d000
8116000: system.cpu: T0 : 0x103ea    : addi a5, a5, -128          : IntAlu :  D=0x000000000004cf80
8116500: system.cpu: T0 : 0x103ee    : c_beqz a5, 14              : IntAlu : 
8117000: system.cpu: T0 : 0x103f0    : lui a0, 107                : IntAlu :  D=0x000000000006b000
8117500: system.cpu: T0 : 0x103f4    : addi a0, a0, -1312         : IntAlu :  D=0x000000000006aae0
8118000: system.cpu: T0 : 0x103f8    : jal ra, 248712             : IntAlu :  D=0x00000000000103fc
8118500: system.cpu: T0 : 0x4cf80    : c_j -222                   : IntAlu : 
8119000: system.cpu: T0 : 0x4cea2    : c_addi sp, -32             : IntAlu :  D=0x7ffffffffffffd10
8119500: system.cpu: T0 : 0x4cea4    : c_sdsp ra, 24(sp)          : MemWrite :  D=0x00000000000103fc A=0x7ffffffffffffd28
8120000: system.cpu: T0 : 0x4cea6    : c_sdsp s0, 16(sp)          : MemWrite :  D=0x000000000006eaf8 A=0x7ffffffffffffd20
8120500: system.cpu: T0 : 0x4cea8    : c_sdsp s1, 8(sp)           : MemWrite :  D=0xffffffffffffffff A=0x7ffffffffffffd18
8121000: system.cpu: T0 : 0x4ceaa    : c_sdsp s2, 0(sp)           : MemWrite :  D=0xffffffffffffffff A=0x7ffffffffffffd10
8121500: system.cpu: T0 : 0x4ceac    : c_beqz a0, 160             : IntAlu : 
8122000: system.cpu: T0 : 0x4ceae    : c_lw a5, 0(a0)             : MemRead :  D=0x000000000000001c A=0x6aae0
8122500: system.cpu: T0 : 0x4ceb0    : c_mv s1, a0                : IntAlu :  D=0x000000000006aae0
8123000: system.cpu: T0 : 0x4ceb2    : c_beqz a5, 154             : IntAlu : 
8123500: system.cpu: T0 : 0x4ceb4    : auipc s2, 36               : IntAlu :  D=0x0000000000070eb4
8124000: system.cpu: T0 : 0x4ceb8    : ld s2, -1612(s2)           : MemRead :  D=0x0000000000000000 A=0x70868
8124500: system.cpu: T0 : 0x4cebc    : beq s2, zero, 22           : IntAlu : 
8125500: system.cpu: T0 : 0x4ced2    : addi a2, gp, 1936          : IntAlu :  D=0x0000000000071870
8126500: system.cpu: T0 : 0x4ced6    : ld a5, 448(a2)             : MemRead :  D=0x0000000000070cf0 A=0x71a30
8127000: system.cpu: T0 : 0x4ceda    : c_beqz a5, 66              : IntAlu : 
8127500: system.cpu: T0 : 0x4cedc    : auipc a3, 37               : IntAlu :  D=0x0000000000071edc
8128000: system.cpu: T0 : 0x4cee0    : addi a3, a3, -1196         : IntAlu :  D=0x0000000000071a30
8128500: system.cpu: T0 : 0x4cee4    : c_j 8                      : IntAlu : 
8129000: system.cpu: T0 : 0x4ceec    : c_ld a4, 24(a5)            : MemRead :  D=0x000000000006aae0 A=0x70d08
8129500: system.cpu: T0 : 0x4ceee    : c_mv s0, a5                : IntAlu :  D=0x0000000000070cf0
8130000: system.cpu: T0 : 0x4cef0    : c_ld a5, 40(a5)            : MemRead :  D=0x0000000000000000 A=0x70d18
8131000: system.cpu: T0 : 0x4cef2    : bne s1, a4, -12            : IntAlu : 
8131500: system.cpu: T0 : 0x4cef6    : c_sd a5, 0(a3)             : MemWrite :  D=0x0000000000000000 A=0x71a30
8132000: system.cpu: T0 : 0x4cef8    : beq s2, zero, 22           : IntAlu : 
8132500: system.cpu: T0 : 0x4cf0e    : c_ldsp ra, 24(sp)          : MemRead :  D=0x00000000000103fc A=0x7ffffffffffffd28
8133000: system.cpu: T0 : 0x4cf10    : c_mv a0, s0                : IntAlu :  D=0x0000000000070cf0
8133500: system.cpu: T0 : 0x4cf12    : c_ldsp s0, 16(sp)          : MemRead :  D=0x000000000006eaf8 A=0x7ffffffffffffd20
8134000: system.cpu: T0 : 0x4cf14    : c_ldsp s1, 8(sp)           : MemRead :  D=0xffffffffffffffff A=0x7ffffffffffffd18
8134500: system.cpu: T0 : 0x4cf16    : c_ldsp s2, 0(sp)           : MemRead :  D=0xffffffffffffffff A=0x7ffffffffffffd10
8135000: system.cpu: T0 : 0x4cf18    : c_addi16sp sp, 32          : IntAlu :  D=0x7ffffffffffffd30
8135500: system.cpu: T0 : 0x4cf1a    : c_jr ra                    : IntAlu : 
8136000: system.cpu: T0 : 0x103fc    : c_li a5, 1                 : IntAlu :  D=0x0000000000000001
8137000: system.cpu: T0 : 0x103fe    : sb a5, -1016(gp)           : MemWrite :  D=0x0000000000000001 A=0x70ce8
8137500: system.cpu: T0 : 0x10402    : c_ldsp ra, 8(sp)           : MemRead :  D=0x00000000000113ae A=0x7ffffffffffffd38
8138000: system.cpu: T0 : 0x10404    : c_ldsp s0, 0(sp)           : MemRead :  D=0x000000000006eaf8 A=0x7ffffffffffffd30
8138500: system.cpu: T0 : 0x10406    : c_addi sp, 16              : IntAlu :  D=0x7ffffffffffffd40
8139000: system.cpu: T0 : 0x10408    : c_jr ra                    : IntAlu : 
8140000: system.cpu: T0 : 0x113ae    : bne s1, s2, -8             : IntAlu : 
8140500: system.cpu: T0 : 0x113b2    : c_ldsp ra, 24(sp)          : MemRead :  D=0x00000000000151a0 A=0x7ffffffffffffd58
8141000: system.cpu: T0 : 0x113b4    : c_ldsp s0, 16(sp)          : MemRead :  D=0x0000000000000001 A=0x7ffffffffffffd50
8141500: system.cpu: T0 : 0x113b6    : c_ldsp s1, 8(sp)           : MemRead :  D=0x0000000000000002 A=0x7ffffffffffffd48
8142000: system.cpu: T0 : 0x113b8    : c_ldsp s2, 0(sp)           : MemRead :  D=0x0000000000000004 A=0x7ffffffffffffd40
8142500: system.cpu: T0 : 0x113ba    : c_addi16sp sp, 32          : IntAlu :  D=0x7ffffffffffffd60
8143000: system.cpu: T0 : 0x113bc    : c_jr ra                    : IntAlu : 
8143500: system.cpu: T0 : 0x151a0    : addi a4, s9, -1600         : IntAlu :  D=0x00000000000729c0
8144000: system.cpu: T0 : 0x151a4    : lr_w a5, (a4)             
8144000: system.cpu: T0 : 0x151a4. 0 : lr_w a5, (a4)              : MemRead :  D=0x0000000000000000 A=0x729c0
8144500: system.cpu: T0 : 0x151a8    : c_bnez a5, 8               : IntAlu : 
8145500: system.cpu: T0 : 0x151aa    : sc_w_aq a3, s0, (a4)      
8145500: system.cpu: T0 : 0x151aa. 0 : sc_w a3, s0, (a4)          : MemWrite :  D=0x0000000000000000 A=0x729c0
8146000: system.cpu: T0 : 0x151aa. 1 : 0x1c8726af fence           : No_OpClass : 
8146500: system.cpu: T0 : 0x151ae    : c_bnez a3, -10             : IntAlu : 
8147000: system.cpu: T0 : 0x151b0    : c_addiw a5, 0              : IntAlu :  D=0x0000000000000000
8147500: system.cpu: T0 : 0x151b2    : c_beqz a5, -88             : IntAlu : 
8148500: system.cpu: T0 : 0x1515a    : ld a5, -1592(s11)          : MemRead :  D=0x0000000000000001 A=0x729c8
8149500: system.cpu: T0 : 0x1515e    : bne a5, s8, 102            : IntAlu : 
8150500: system.cpu: T0 : 0x15162    : ld a5, 8(s10)              : MemRead :  D=0x0000000000000000 A=0x71238
8151000: system.cpu: T0 : 0x15166    : c_beqz a5, 222             : IntAlu : 
8151500: system.cpu: T0 : 0x15244    : ld a5, 0(s10)              : MemRead :  D=0x0000000000000000 A=0x71230
8152000: system.cpu: T0 : 0x15248    : sd a5, 0(s7)               : MemWrite :  D=0x0000000000000000 A=0x70950
8152500: system.cpu: T0 : 0x1524c    : c_beqz a5, 8               : IntAlu : 
8153000: system.cpu: T0 : 0x15254    : c_mv a5, s4                : IntAlu :  D=0x0000000000000000
8154000: system.cpu: T0 : 0x15256    : addi a4, s9, -1600         : IntAlu :  D=0x00000000000729c0
8155000: system.cpu: T0 : 0x1525a    : fence iorw, ow             : No_OpClass : 
8156000: system.cpu: T0 : 0x1525e    : amoswap_w a5, a5, (a4)    
8156000: system.cpu: T0 : 0x1525e. 0 : amoswap_w[l] a5, a5, (a4)  : MemRead :  D=0x0000000000000001 A=0x729c0
8156500: system.cpu: T0 : 0x15262    : c_addiw a5, 0              : IntAlu :  D=0x0000000000000001
8157000: system.cpu: T0 : 0x15264    : bge s3, a5, -332           : IntAlu : 
8157500: system.cpu: T0 : 0x15118    : c_li a4, 1                 : IntAlu :  D=0x0000000000000001
8158500: system.cpu: T0 : 0x1511a    : addi a3, s9, -1600         : IntAlu :  D=0x00000000000729c0
8159500: system.cpu: T0 : 0x1511e    : lr_w a5, (a3)             
8159500: system.cpu: T0 : 0x1511e. 0 : lr_w a5, (a3)              : MemRead :  D=0x0000000000000000 A=0x729c0
8160000: system.cpu: T0 : 0x15122    : c_bnez a5, 8               : IntAlu : 
8160500: system.cpu: T0 : 0x15124    : sc_w_aq a2, a4, (a3)      
8160500: system.cpu: T0 : 0x15124. 0 : sc_w a2, a4, (a3)          : MemWrite :  D=0x0000000000000000 A=0x729c0
8161000: system.cpu: T0 : 0x15124. 1 : 0x1ce6a62f fence           : No_OpClass : 
8161500: system.cpu: T0 : 0x15128    : c_bnez a2, -10             : IntAlu : 
8162000: system.cpu: T0 : 0x1512a    : c_addiw a5, 0              : IntAlu :  D=0x0000000000000000
8162500: system.cpu: T0 : 0x1512c    : bne a5, zero, 338          : IntAlu : 
8163000: system.cpu: T0 : 0x15130    : ld s10, 0(s7)              : MemRead :  D=0x0000000000000000 A=0x70950
8163500: system.cpu: T0 : 0x15134    : beq s10, zero, 152         : IntAlu : 
8164000: system.cpu: T0 : 0x151cc    : c_li a4, 1                 : IntAlu :  D=0x0000000000000001
8165000: system.cpu: T0 : 0x151ce    : sb a4, -1476(gp)           : MemWrite :  D=0x0000000000000001 A=0x70b1c
8165500: system.cpu: T0 : 0x151d2    : c_li a5, 0                 : IntAlu :  D=0x0000000000000000
8166000: system.cpu: T0 : 0x151d4    : addi a4, s9, -1600         : IntAlu :  D=0x00000000000729c0
8166500: system.cpu: T0 : 0x151d8    : fence iorw, ow             : No_OpClass : 
8167000: system.cpu: T0 : 0x151dc    : amoswap_w a5, a5, (a4)    
8167000: system.cpu: T0 : 0x151dc. 0 : amoswap_w[l] a5, a5, (a4)  : MemRead :  D=0x0000000000000001 A=0x729c0
8167500: system.cpu: T0 : 0x151e0    : c_addiw a5, 0              : IntAlu :  D=0x0000000000000001
8168000: system.cpu: T0 : 0x151e2    : c_li a4, 1                 : IntAlu :  D=0x0000000000000001
8168500: system.cpu: T0 : 0x151e4    : blt a4, a5, 174            : IntAlu : 
8169000: system.cpu: T0 : 0x151e8    : c_ldsp a5, 8(sp)           : MemRead :  D=0x0000000000000001 A=0x7ffffffffffffd68
8169500: system.cpu: T0 : 0x151ea    : c_beqz a5, 46              : IntAlu : 
8170000: system.cpu: T0 : 0x151ec    : lui s0, 107                : IntAlu :  D=0x000000000006b000
8170500: system.cpu: T0 : 0x151f0    : lui a5, 107                : IntAlu :  D=0x000000000006b000
8171000: system.cpu: T0 : 0x151f4    : addi s1, s0, -1360         : IntAlu :  D=0x000000000006aab0
8171500: system.cpu: T0 : 0x151f8    : addi a5, a5, -1352         : IntAlu :  D=0x000000000006aab8
8172000: system.cpu: T0 : 0x151fc    : bgeu s1, a5, 28            : IntAlu : 
8172500: system.cpu: T0 : 0x15200    : c_addi a5, -1              : IntAlu :  D=0x000000000006aab7
8173000: system.cpu: T0 : 0x15202    : c_sub a5, s1               : IntAlu :  D=0x0000000000000007
8173500: system.cpu: T0 : 0x15204    : c_andi a5, 18446744073709551608 : IntAlu :  D=0x0000000000000000
8174000: system.cpu: T0 : 0x15206    : c_addi a5, 8               : IntAlu :  D=0x0000000000000008
8174500: system.cpu: T0 : 0x15208    : c_add s1, a5               : IntAlu :  D=0x000000000006aab8
8175500: system.cpu: T0 : 0x1520a    : addi s0, s0, -1360         : IntAlu :  D=0x000000000006aab0
8176000: system.cpu: T0 : 0x1520e    : c_ld a5, 0(s0)             : MemRead :  D=0x000000000001a13a A=0x6aab0
8176500: system.cpu: T0 : 0x15210    : c_addi s0, 8               : IntAlu :  D=0x000000000006aab8
8177000: system.cpu: T0 : 0x15212    : c_jalr a5                  : IntAlu :  D=0x0000000000015214
8177500: system.cpu: T0 : 0x1a13a    : c_addi16sp sp, -176        : IntAlu :  D=0x7ffffffffffffcb0
8178000: system.cpu: T0 : 0x1a13c    : c_sdsp s6, 112(sp)         : MemWrite :  D=0x0000000000000000 A=0x7ffffffffffffd20
8179000: system.cpu: T0 : 0x1a13e    : lui s6, 111                : IntAlu :  D=0x000000000006f000
8180000: system.cpu: T0 : 0x1a142    : ld a5, -1264(s6)           : MemRead :  D=0x6e776f442f2e2e00 A=0x6eb10
8180500: system.cpu: T0 : 0x1a146    : c_sdsp s3, 136(sp)         : MemWrite :  D=0x0000000000000001 A=0x7ffffffffffffd38
8181000: system.cpu: T0 : 0x1a148    : c_li a0, 0                 : IntAlu :  D=0x0000000000000000
8181500: system.cpu: T0 : 0x1a14a    : c_sdsp s5, 120(sp)         : MemWrite :  D=0x0000000000000003 A=0x7ffffffffffffd28
8182000: system.cpu: T0 : 0x1a14c    : c_sdsp ra, 168(sp)         : MemWrite :  D=0x0000000000015214 A=0x7ffffffffffffd58
8182500: system.cpu: T0 : 0x1a14e    : c_sdsp s0, 160(sp)         : MemWrite :  D=0x000000000006aab8 A=0x7ffffffffffffd50
8183000: system.cpu: T0 : 0x1a150    : c_sdsp s1, 152(sp)         : MemWrite :  D=0x000000000006aab8 A=0x7ffffffffffffd48
8183500: system.cpu: T0 : 0x1a152    : c_sdsp s2, 144(sp)         : MemWrite :  D=0x0000000000000004 A=0x7ffffffffffffd40
8184000: system.cpu: T0 : 0x1a154    : c_sdsp s4, 128(sp)         : MemWrite :  D=0x0000000000000000 A=0x7ffffffffffffd30
8184500: system.cpu: T0 : 0x1a156    : c_sdsp s7, 104(sp)         : MemWrite :  D=0x0000000000070950 A=0x7ffffffffffffd18
8185000: system.cpu: T0 : 0x1a158    : c_sdsp s8, 96(sp)          : MemWrite :  D=0x0000000000000001 A=0x7ffffffffffffd10
8185500: system.cpu: T0 : 0x1a15a    : c_sdsp s9, 88(sp)          : MemWrite :  D=0x0000000000073000 A=0x7ffffffffffffd08
8186000: system.cpu: T0 : 0x1a15c    : c_sdsp s10, 80(sp)         : MemWrite :  D=0x0000000000000000 A=0x7ffffffffffffd00
8186500: system.cpu: T0 : 0x1a15e    : c_sdsp s11, 72(sp)         : MemWrite :  D=0x0000000000073000 A=0x7ffffffffffffcf8
8187000: system.cpu: T0 : 0x1a160    : c_sdsp a5, 56(sp)          : MemWrite :  D=0x6e776f442f2e2e00 A=0x7ffffffffffffce8
8188000: system.cpu: T0 : 0x1a162    : addi s3, zero, 0           : IntAlu :  D=0x0000000000000000
8189000: system.cpu: T0 : 0x1a166    : jal ra, -556               : IntAlu :  D=0x000000000001a16a
8189500: system.cpu: T0 : 0x19f3a    : c_addi16sp sp, -176        : IntAlu :  D=0x7ffffffffffffc00
8190000: system.cpu: T0 : 0x19f3c    : c_sdsp s5, 120(sp)         : MemWrite :  D=0x0000000000000003 A=0x7ffffffffffffc78
8191000: system.cpu: T0 : 0x19f3e    : lui s5, 111                : IntAlu :  D=0x000000000006f000
8192000: system.cpu: T0 : 0x19f42    : ld a5, -1264(s5)           : MemRead :  D=0x6e776f442f2e2e00 A=0x6eb10
8192500: system.cpu: T0 : 0x19f46    : c_sdsp s3, 136(sp)         : MemWrite :  D=0x0000000000000000 A=0x7ffffffffffffc88
8193000: system.cpu: T0 : 0x19f48    : c_sdsp s9, 88(sp)          : MemWrite :  D=0x0000000000073000 A=0x7ffffffffffffc58
8193500: system.cpu: T0 : 0x19f4a    : c_sdsp ra, 168(sp)         : MemWrite :  D=0x000000000001a16a A=0x7ffffffffffffca8
8194000: system.cpu: T0 : 0x19f4c    : c_sdsp s0, 160(sp)         : MemWrite :  D=0x000000000006aab8 A=0x7ffffffffffffca0
8194500: system.cpu: T0 : 0x19f4e    : c_sdsp s1, 152(sp)         : MemWrite :  D=0x000000000006aab8 A=0x7ffffffffffffc98
8195000: system.cpu: T0 : 0x19f50    : c_sdsp s2, 144(sp)         : MemWrite :  D=0x0000000000000004 A=0x7ffffffffffffc90
8195500: system.cpu: T0 : 0x19f52    : c_sdsp s4, 128(sp)         : MemWrite :  D=0x0000000000000000 A=0x7ffffffffffffc80
8196000: system.cpu: T0 : 0x19f54    : c_sdsp s6, 112(sp)         : MemWrite :  D=0x000000000006f000 A=0x7ffffffffffffc70
8196500: system.cpu: T0 : 0x19f56    : c_sdsp s7, 104(sp)         : MemWrite :  D=0x0000000000070950 A=0x7ffffffffffffc68
8197000: system.cpu: T0 : 0x19f58    : c_sdsp s8, 96(sp)          : MemWrite :  D=0x0000000000000001 A=0x7ffffffffffffc60
8197500: system.cpu: T0 : 0x19f5a    : c_sdsp s10, 80(sp)         : MemWrite :  D=0x0000000000000000 A=0x7ffffffffffffc50
8198000: system.cpu: T0 : 0x19f5c    : c_sdsp s11, 72(sp)         : MemWrite :  D=0x0000000000073000 A=0x7ffffffffffffc48
8198500: system.cpu: T0 : 0x19f5e    : c_sdsp a5, 56(sp)          : MemWrite :  D=0x6e776f442f2e2e00 A=0x7ffffffffffffc38
8199000: system.cpu: T0 : 0x19f60    : addi s3, zero, 0           : IntAlu :  D=0x0000000000000000
8199500: system.cpu: T0 : 0x19f64    : c_mv s9, a0                : IntAlu :  D=0x0000000000000000
8200500: system.cpu: T0 : 0x19f66    : beq s3, zero, 428          : IntAlu : 
8201000: system.cpu: T0 : 0x1a112    : c_lui a5, 25               : IntAlu :  D=0x0000000000019000
8201500: system.cpu: T0 : 0x1a114    : addi a5, a5, 400           : IntAlu :  D=0x0000000000019190
8202000: system.cpu: T0 : 0x1a118    : c_sdsp a5, 24(sp)          : MemWrite :  D=0x0000000000019190 A=0x7ffffffffffffc18
8202500: system.cpu: T0 : 0x1a11a    : c_sdsp zero, 32(sp)        : MemWrite :  D=0x0000000000000000 A=0x7ffffffffffffc20
8203000: system.cpu: T0 : 0x1a11c    : c_j -416                   : IntAlu : 
8203500: system.cpu: T0 : 0x19f7c    : addi s8, gp, 1376          : IntAlu :  D=0x0000000000071640
8204000: system.cpu: T0 : 0x19f80    : ld a5, 8(s8)               : MemRead :  D=0x0000000000000000 A=0x71648
8204500: system.cpu: T0 : 0x19f84    : addi s0, tp, -1808         : IntAlu :  D=0x0000000000073000
8205000: system.cpu: T0 : 0x19f88    : beq a5, s0, 28             : IntAlu : 
8205500: system.cpu: T0 : 0x19f8c    : c_li a3, 1                 : IntAlu :  D=0x0000000000000001
8206500: system.cpu: T0 : 0x19f8e    : lr_w a5, (s8)             
8206500: system.cpu: T0 : 0x19f8e. 0 : lr_w a5, (s8)              : MemRead :  D=0x0000000000000000 A=0x71640
8207000: system.cpu: T0 : 0x19f92    : c_bnez a5, 8               : IntAlu : 
8207500: system.cpu: T0 : 0x19f94    : sc_w_aq a4, a3, (s8)      
8207500: system.cpu: T0 : 0x19f94. 0 : sc_w a4, a3, (s8)          : MemWrite :  D=0x0000000000000000 A=0x71640
8208000: system.cpu: T0 : 0x19f94. 1 : 0x1cdc272f fence           : No_OpClass : 
8208500: system.cpu: T0 : 0x19f98    : c_bnez a4, -10             : IntAlu : 
8209000: system.cpu: T0 : 0x19f9a    : c_addiw a5, 0              : IntAlu :  D=0x0000000000000000
8209500: system.cpu: T0 : 0x19f9c    : bne a5, zero, 386          : IntAlu : 
8210000: system.cpu: T0 : 0x19fa0    : sd s0, 8(s8)               : MemWrite :  D=0x0000000000073000 A=0x71648
8210500: system.cpu: T0 : 0x19fa4    : lw a4, 4(s8)               : MemRead :  D=0x0000000000000000 A=0x71644
8211000: system.cpu: T0 : 0x19fa8    : ld s0, -1920(gp)           : MemRead :  D=0x000000000006f058 A=0x70960
8211500: system.cpu: T0 : 0x19fac    : addiw a3, a4, 1            : IntAlu :  D=0x0000000000000001
8212000: system.cpu: T0 : 0x19fb0    : sw a3, 4(s8)               : MemWrite :  D=0x0000000000000001 A=0x71644
8212500: system.cpu: T0 : 0x19fb4    : beq s0, zero, 382          : IntAlu : 
8213000: system.cpu: T0 : 0x19fb8    : lui s1, 107                : IntAlu :  D=0x000000000006b000
8213500: system.cpu: T0 : 0x19fbc    : lui s2, 106                : IntAlu :  D=0x000000000006a000
8214000: system.cpu: T0 : 0x19fc0    : addi s2, s2, 1224          : IntAlu :  D=0x000000000006a4c8
8214500: system.cpu: T0 : 0x19fc4    : addi s1, s1, -1360         : IntAlu :  D=0x000000000006aab0
8215000: system.cpu: T0 : 0x19fc8    : c_li s4, 0                 : IntAlu :  D=0x0000000000000000
8215500: system.cpu: T0 : 0x19fca    : c_lui s11, 8               : IntAlu :  D=0x0000000000008000
8216000: system.cpu: T0 : 0x19fcc    : c_li s6, 1                 : IntAlu :  D=0x0000000000000001
8217000: system.cpu: T0 : 0x19fce    : sub s1, s1, s2             : IntAlu :  D=0x00000000000005e8
8218000: system.cpu: T0 : 0x19fd2    : sd s0, -1456(gp)           : MemWrite :  D=0x000000000006f058 A=0x70b30
8219000: system.cpu: T0 : 0x19fd6    : beq s9, zero, 54           : IntAlu : 
8219500: system.cpu: T0 : 0x1a00c    : lw a5, 192(s0)             : MemRead :  D=0x0000000000000000 A=0x6f118
8220000: system.cpu: T0 : 0x1a010    : bge zero, a5, 150          : IntAlu : 
8220500: system.cpu: T0 : 0x1a0a6    : c_ld a3, 40(s0)            : MemRead :  D=0x0000000000000000 A=0x6f080
8221000: system.cpu: T0 : 0x1a0a8    : c_ld a5, 32(s0)            : MemRead :  D=0x0000000000000000 A=0x6f078
8222000: system.cpu: T0 : 0x1a0aa    : bgeu a5, a3, -116          : IntAlu : 
8223000: system.cpu: T0 : 0x1a036    : beq s9, zero, 28           : IntAlu : 
8223500: system.cpu: T0 : 0x1a052    : c_ld s0, 104(s0)           : MemRead :  D=0x000000000006f220 A=0x6f0c0
8224000: system.cpu: T0 : 0x1a054    : sd zero, -1456(gp)         : MemWrite :  D=0x0000000000000000 A=0x70b30
8224500: system.cpu: T0 : 0x1a058    : c_bnez s0, -134            : IntAlu : 
8225500: system.cpu: T0 : 0x19fd2    : sd s0, -1456(gp)           : MemWrite :  D=0x000000000006f220 A=0x70b30
8226500: system.cpu: T0 : 0x19fd6    : beq s9, zero, 54           : IntAlu : 
8227000: system.cpu: T0 : 0x1a00c    : lw a5, 192(s0)             : MemRead :  D=0x0000000000000000 A=0x6f2e0
8227500: system.cpu: T0 : 0x1a010    : bge zero, a5, 150          : IntAlu : 
8228000: system.cpu: T0 : 0x1a0a6    : c_ld a3, 40(s0)            : MemRead :  D=0x0000000000000000 A=0x6f248
8228500: system.cpu: T0 : 0x1a0a8    : c_ld a5, 32(s0)            : MemRead :  D=0x0000000000000000 A=0x6f240
8229500: system.cpu: T0 : 0x1a0aa    : bgeu a5, a3, -116          : IntAlu : 
8230500: system.cpu: T0 : 0x1a036    : beq s9, zero, 28           : IntAlu : 
8231000: system.cpu: T0 : 0x1a052    : c_ld s0, 104(s0)           : MemRead :  D=0x000000000006f3e8 A=0x6f288
8231500: system.cpu: T0 : 0x1a054    : sd zero, -1456(gp)         : MemWrite :  D=0x0000000000000000 A=0x70b30
8232000: system.cpu: T0 : 0x1a058    : c_bnez s0, -134            : IntAlu : 
8233000: system.cpu: T0 : 0x19fd2    : sd s0, -1456(gp)           : MemWrite :  D=0x000000000006f3e8 A=0x70b30
8234000: system.cpu: T0 : 0x19fd6    : beq s9, zero, 54           : IntAlu : 
8234500: system.cpu: T0 : 0x1a00c    : lw a5, 192(s0)             : MemRead :  D=0x0000000000000000 A=0x6f4a8
8235000: system.cpu: T0 : 0x1a010    : bge zero, a5, 150          : IntAlu : 
8235500: system.cpu: T0 : 0x1a0a6    : c_ld a3, 40(s0)            : MemRead :  D=0x0000000000000000 A=0x6f410
8236000: system.cpu: T0 : 0x1a0a8    : c_ld a5, 32(s0)            : MemRead :  D=0x0000000000000000 A=0x6f408
8237000: system.cpu: T0 : 0x1a0aa    : bgeu a5, a3, -116          : IntAlu : 
8238000: system.cpu: T0 : 0x1a036    : beq s9, zero, 28           : IntAlu : 
8238500: system.cpu: T0 : 0x1a052    : c_ld s0, 104(s0)           : MemRead :  D=0x0000000000000000 A=0x6f450
8239000: system.cpu: T0 : 0x1a054    : sd zero, -1456(gp)         : MemWrite :  D=0x0000000000000000 A=0x70b30
8239500: system.cpu: T0 : 0x1a058    : c_bnez s0, -134            : IntAlu : 
8240500: system.cpu: T0 : 0x1a05a    : lw a5, 4(s8)               : MemRead :  D=0x0000000000000001 A=0x71644
8241500: system.cpu: T0 : 0x1a05e    : addiw a4, a5, -1           : IntAlu :  D=0x0000000000000000
8242500: system.cpu: T0 : 0x1a062    : sw a4, 4(s8)               : MemWrite :  D=0x0000000000000000 A=0x71644
8243000: system.cpu: T0 : 0x1a066    : c_beqz a4, 128             : IntAlu : 
8244000: system.cpu: T0 : 0x1a0e6    : sd zero, 8(s8)             : MemWrite :  D=0x0000000000000000 A=0x71648
8244500: system.cpu: T0 : 0x1a0ea    : c_mv a5, a4                : IntAlu :  D=0x0000000000000000
8245000: system.cpu: T0 : 0x1a0ec    : fence iorw, ow             : No_OpClass : 
8245500: system.cpu: T0 : 0x1a0f0    : amoswap_w a5, a5, (s8)    
8245500: system.cpu: T0 : 0x1a0f0. 0 : amoswap_w[l] a5, a5, (s8)  : MemRead :  D=0x0000000000000001 A=0x71640
8246000: system.cpu: T0 : 0x1a0f4    : c_addiw a5, 0              : IntAlu :  D=0x0000000000000001
8246500: system.cpu: T0 : 0x1a0f6    : c_li a4, 1                 : IntAlu :  D=0x0000000000000001
8247000: system.cpu: T0 : 0x1a0f8    : bge a4, a5, -144           : IntAlu : 
8247500: system.cpu: T0 : 0x1a068    : beq s3, zero, 16           : IntAlu : 
8248000: system.cpu: T0 : 0x1a078    : c_ldsp a4, 56(sp)          : MemRead :  D=0x6e776f442f2e2e00 A=0x7ffffffffffffc38
8249000: system.cpu: T0 : 0x1a07a    : ld a5, -1264(s5)           : MemRead :  D=0x6e776f442f2e2e00 A=0x6eb10
8250000: system.cpu: T0 : 0x1a07e    : bne a4, a5, 184            : IntAlu : 
8250500: system.cpu: T0 : 0x1a082    : c_ldsp ra, 168(sp)         : MemRead :  D=0x000000000001a16a A=0x7ffffffffffffca8
8251000: system.cpu: T0 : 0x1a084    : c_ldsp s0, 160(sp)         : MemRead :  D=0x000000000006aab8 A=0x7ffffffffffffca0
8251500: system.cpu: T0 : 0x1a086    : c_ldsp s1, 152(sp)         : MemRead :  D=0x000000000006aab8 A=0x7ffffffffffffc98
8252000: system.cpu: T0 : 0x1a088    : c_ldsp s2, 144(sp)         : MemRead :  D=0x0000000000000004 A=0x7ffffffffffffc90
8252500: system.cpu: T0 : 0x1a08a    : c_ldsp s3, 136(sp)         : MemRead :  D=0x0000000000000000 A=0x7ffffffffffffc88
8253000: system.cpu: T0 : 0x1a08c    : c_ldsp s5, 120(sp)         : MemRead :  D=0x0000000000000003 A=0x7ffffffffffffc78
8253500: system.cpu: T0 : 0x1a08e    : c_ldsp s6, 112(sp)         : MemRead :  D=0x000000000006f000 A=0x7ffffffffffffc70
8254000: system.cpu: T0 : 0x1a090    : c_ldsp s7, 104(sp)         : MemRead :  D=0x0000000000070950 A=0x7ffffffffffffc68
8254500: system.cpu: T0 : 0x1a092    : c_ldsp s8, 96(sp)          : MemRead :  D=0x0000000000000001 A=0x7ffffffffffffc60
8255000: system.cpu: T0 : 0x1a094    : c_ldsp s9, 88(sp)          : MemRead :  D=0x0000000000073000 A=0x7ffffffffffffc58
8255500: system.cpu: T0 : 0x1a096    : c_ldsp s10, 80(sp)         : MemRead :  D=0x0000000000000000 A=0x7ffffffffffffc50
8256000: system.cpu: T0 : 0x1a098    : c_ldsp s11, 72(sp)         : MemRead :  D=0x0000000000073000 A=0x7ffffffffffffc48
8256500: system.cpu: T0 : 0x1a09a    : c_mv a0, s4                : IntAlu :  D=0x0000000000000000
8257000: system.cpu: T0 : 0x1a09c    : c_ldsp s4, 128(sp)         : MemRead :  D=0x0000000000000000 A=0x7ffffffffffffc80
8257500: system.cpu: T0 : 0x1a09e    : c_addi16sp sp, 176         : IntAlu :  D=0x7ffffffffffffcb0
8258000: system.cpu: T0 : 0x1a0a0    : c_jr ra                    : IntAlu : 
8258500: system.cpu: T0 : 0x1a16a    : c_mv s5, a0                : IntAlu :  D=0x0000000000000000
8259000: system.cpu: T0 : 0x1a16c    : beq s3, zero, 482          : IntAlu : 
8259500: system.cpu: T0 : 0x1a34e    : c_lui a5, 25               : IntAlu :  D=0x0000000000019000
8260000: system.cpu: T0 : 0x1a350    : addi a5, a5, 400           : IntAlu :  D=0x0000000000019190
8260500: system.cpu: T0 : 0x1a354    : c_sdsp a5, 24(sp)          : MemWrite :  D=0x0000000000019190 A=0x7ffffffffffffcc8
8261000: system.cpu: T0 : 0x1a356    : c_sdsp zero, 32(sp)        : MemWrite :  D=0x0000000000000000 A=0x7ffffffffffffcd0
8261500: system.cpu: T0 : 0x1a358    : c_j -470                   : IntAlu : 
8262500: system.cpu: T0 : 0x1a182    : addi s1, gp, 1376          : IntAlu :  D=0x0000000000071640
8263000: system.cpu: T0 : 0x1a186    : c_ld a5, 8(s1)             : MemRead :  D=0x0000000000000000 A=0x71648
8263500: system.cpu: T0 : 0x1a188    : addi s0, tp, -1808         : IntAlu :  D=0x0000000000073000
8264000: system.cpu: T0 : 0x1a18c    : beq s0, a5, 26             : IntAlu : 
8264500: system.cpu: T0 : 0x1a190    : c_li a4, 1                 : IntAlu :  D=0x0000000000000001
8265500: system.cpu: T0 : 0x1a192    : lr_w a5, (s1)             
8265500: system.cpu: T0 : 0x1a192. 0 : lr_w a5, (s1)              : MemRead :  D=0x0000000000000000 A=0x71640
8266000: system.cpu: T0 : 0x1a196    : c_bnez a5, 8               : IntAlu : 
8266500: system.cpu: T0 : 0x1a198    : sc_w_aq a3, a4, (s1)      
8266500: system.cpu: T0 : 0x1a198. 0 : sc_w a3, a4, (s1)          : MemWrite :  D=0x0000000000000000 A=0x71640
8267000: system.cpu: T0 : 0x1a198. 1 : 0x1ce4a6af fence           : No_OpClass : 
8267500: system.cpu: T0 : 0x1a19c    : c_bnez a3, -10             : IntAlu : 
8268000: system.cpu: T0 : 0x1a19e    : c_addiw a5, 0              : IntAlu :  D=0x0000000000000000
8268500: system.cpu: T0 : 0x1a1a0    : bne a5, zero, 442          : IntAlu : 
8269000: system.cpu: T0 : 0x1a1a4    : c_sd s0, 8(s1)             : MemWrite :  D=0x0000000000073000 A=0x71648
8269500: system.cpu: T0 : 0x1a1a6    : c_lw a3, 4(s1)             : MemRead :  D=0x0000000000000000 A=0x71644
8270000: system.cpu: T0 : 0x1a1a8    : ld s0, -1920(gp)           : MemRead :  D=0x000000000006f058 A=0x70960
8270500: system.cpu: T0 : 0x1a1ac    : addiw a4, a3, 1            : IntAlu :  D=0x0000000000000001
8271000: system.cpu: T0 : 0x1a1b0    : c_sw a4, 4(s1)             : MemWrite :  D=0x0000000000000001 A=0x71644
8271500: system.cpu: T0 : 0x1a1b2    : c_beqz s0, 202             : IntAlu : 
8272000: system.cpu: T0 : 0x1a1b4    : lui s2, 107                : IntAlu :  D=0x000000000006b000
8272500: system.cpu: T0 : 0x1a1b8    : lui s4, 106                : IntAlu :  D=0x000000000006a000
8273000: system.cpu: T0 : 0x1a1bc    : addi s4, s4, 1224          : IntAlu :  D=0x000000000006a4c8
8273500: system.cpu: T0 : 0x1a1c0    : addi s2, s2, -1360         : IntAlu :  D=0x000000000006aab0
8274000: system.cpu: T0 : 0x1a1c4    : sub s2, s2, s4             : IntAlu :  D=0x00000000000005e8
8274500: system.cpu: T0 : 0x1a1c8    : c_li s9, 2                 : IntAlu :  D=0x0000000000000002
8275000: system.cpu: T0 : 0x1a1ca    : c_j 12                     : IntAlu : 
8275500: system.cpu: T0 : 0x1a1d6    : c_lw a5, 0(s0)             : MemRead :  D=0xfffffffffbad2086 A=0x6f058
8276000: system.cpu: T0 : 0x1a1d8    : c_andi a5, 2               : IntAlu :  D=0x0000000000000002
8277000: system.cpu: T0 : 0x1a1da    : addiw s8, a5, 0            : IntAlu :  D=0x0000000000000002
8277500: system.cpu: T0 : 0x1a1de    : c_bnez a5, -18             : IntAlu : 
8278000: system.cpu: T0 : 0x1a1cc    : c_li a5, -1                : IntAlu :  D=0xffffffffffffffff
8279000: system.cpu: T0 : 0x1a1ce    : sw a5, 192(s0)             : MemWrite :  D=0x00000000ffffffff A=0x6f118
8279500: system.cpu: T0 : 0x1a1d2    : c_ld s0, 104(s0)           : MemRead :  D=0x000000000006f220 A=0x6f0c0
8280000: system.cpu: T0 : 0x1a1d4    : c_beqz s0, 162             : IntAlu : 
8280500: system.cpu: T0 : 0x1a1d6    : c_lw a5, 0(s0)             : MemRead :  D=0xfffffffffbad2084 A=0x6f220
8281000: system.cpu: T0 : 0x1a1d8    : c_andi a5, 2               : IntAlu :  D=0x0000000000000000
8282000: system.cpu: T0 : 0x1a1da    : addiw s8, a5, 0            : IntAlu :  D=0x0000000000000000
8282500: system.cpu: T0 : 0x1a1de    : c_bnez a5, -18             : IntAlu : 
8283000: system.cpu: T0 : 0x1a1e0    : lw a5, 192(s0)             : MemRead :  D=0x0000000000000000 A=0x6f2e0
8283500: system.cpu: T0 : 0x1a1e4    : c_beqz a5, -24             : IntAlu : 
8284000: system.cpu: T0 : 0x1a1cc    : c_li a5, -1                : IntAlu :  D=0xffffffffffffffff
8285000: system.cpu: T0 : 0x1a1ce    : sw a5, 192(s0)             : MemWrite :  D=0x00000000ffffffff A=0x6f2e0
8285500: system.cpu: T0 : 0x1a1d2    : c_ld s0, 104(s0)           : MemRead :  D=0x000000000006f3e8 A=0x6f288
8286000: system.cpu: T0 : 0x1a1d4    : c_beqz s0, 162             : IntAlu : 
8286500: system.cpu: T0 : 0x1a1d6    : c_lw a5, 0(s0)             : MemRead :  D=0xfffffffffbad2088 A=0x6f3e8
8287000: system.cpu: T0 : 0x1a1d8    : c_andi a5, 2               : IntAlu :  D=0x0000000000000000
8288000: system.cpu: T0 : 0x1a1da    : addiw s8, a5, 0            : IntAlu :  D=0x0000000000000000
8288500: system.cpu: T0 : 0x1a1de    : c_bnez a5, -18             : IntAlu : 
8289000: system.cpu: T0 : 0x1a1e0    : lw a5, 192(s0)             : MemRead :  D=0x0000000000000000 A=0x6f4a8
8289500: system.cpu: T0 : 0x1a1e4    : c_beqz a5, -24             : IntAlu : 
8290000: system.cpu: T0 : 0x1a1cc    : c_li a5, -1                : IntAlu :  D=0xffffffffffffffff
8291000: system.cpu: T0 : 0x1a1ce    : sw a5, 192(s0)             : MemWrite :  D=0x00000000ffffffff A=0x6f4a8
8291500: system.cpu: T0 : 0x1a1d2    : c_ld s0, 104(s0)           : MemRead :  D=0x0000000000000000 A=0x6f450
8292000: system.cpu: T0 : 0x1a1d4    : c_beqz s0, 162             : IntAlu : 
8292500: system.cpu: T0 : 0x1a276    : c_lw a5, 4(s1)             : MemRead :  D=0x0000000000000001 A=0x71644
8293000: system.cpu: T0 : 0x1a278    : addiw a3, a5, -1           : IntAlu :  D=0x0000000000000000
8293500: system.cpu: T0 : 0x1a27c    : c_sw a3, 4(s1)             : MemWrite :  D=0x0000000000000000 A=0x71644
8294000: system.cpu: T0 : 0x1a27e    : c_beqz a3, 126             : IntAlu : 
8294500: system.cpu: T0 : 0x1a2fc    : sd zero, 8(s1)             : MemWrite :  D=0x0000000000000000 A=0x71648
8295000: system.cpu: T0 : 0x1a300    : c_mv a5, a3                : IntAlu :  D=0x0000000000000000
8296000: system.cpu: T0 : 0x1a302    : fence iorw, ow             : No_OpClass : 
8297000: system.cpu: T0 : 0x1a306    : amoswap_w a5, a5, (s1)    
8297000: system.cpu: T0 : 0x1a306. 0 : amoswap_w[l] a5, a5, (s1)  : MemRead :  D=0x0000000000000001 A=0x71640
8297500: system.cpu: T0 : 0x1a30a    : c_addiw a5, 0              : IntAlu :  D=0x0000000000000001
8298000: system.cpu: T0 : 0x1a30c    : c_li a4, 1                 : IntAlu :  D=0x0000000000000001
8299000: system.cpu: T0 : 0x1a30e    : bge a4, a5, -142           : IntAlu : 
8299500: system.cpu: T0 : 0x1a280    : beq s3, zero, 16           : IntAlu : 
8300000: system.cpu: T0 : 0x1a290    : c_ldsp a4, 56(sp)          : MemRead :  D=0x6e776f442f2e2e00 A=0x7ffffffffffffce8
8301000: system.cpu: T0 : 0x1a292    : ld a5, -1264(s6)           : MemRead :  D=0x6e776f442f2e2e00 A=0x6eb10
8302000: system.cpu: T0 : 0x1a296    : bne a4, a5, 216            : IntAlu : 
8302500: system.cpu: T0 : 0x1a29a    : c_ldsp ra, 168(sp)         : MemRead :  D=0x0000000000015214 A=0x7ffffffffffffd58
8303000: system.cpu: T0 : 0x1a29c    : c_ldsp s0, 160(sp)         : MemRead :  D=0x000000000006aab8 A=0x7ffffffffffffd50
8303500: system.cpu: T0 : 0x1a29e    : c_ldsp s1, 152(sp)         : MemRead :  D=0x000000000006aab8 A=0x7ffffffffffffd48
8304000: system.cpu: T0 : 0x1a2a0    : c_ldsp s2, 144(sp)         : MemRead :  D=0x0000000000000004 A=0x7ffffffffffffd40
8304500: system.cpu: T0 : 0x1a2a2    : c_ldsp s3, 136(sp)         : MemRead :  D=0x0000000000000001 A=0x7ffffffffffffd38
8305000: system.cpu: T0 : 0x1a2a4    : c_ldsp s4, 128(sp)         : MemRead :  D=0x0000000000000000 A=0x7ffffffffffffd30
8305500: system.cpu: T0 : 0x1a2a6    : c_ldsp s6, 112(sp)         : MemRead :  D=0x0000000000000000 A=0x7ffffffffffffd20
8306000: system.cpu: T0 : 0x1a2a8    : c_ldsp s7, 104(sp)         : MemRead :  D=0x0000000000070950 A=0x7ffffffffffffd18
8306500: system.cpu: T0 : 0x1a2aa    : c_ldsp s8, 96(sp)          : MemRead :  D=0x0000000000000001 A=0x7ffffffffffffd10
8307000: system.cpu: T0 : 0x1a2ac    : c_ldsp s9, 88(sp)          : MemRead :  D=0x0000000000073000 A=0x7ffffffffffffd08
8307500: system.cpu: T0 : 0x1a2ae    : c_ldsp s10, 80(sp)         : MemRead :  D=0x0000000000000000 A=0x7ffffffffffffd00
8308000: system.cpu: T0 : 0x1a2b0    : c_ldsp s11, 72(sp)         : MemRead :  D=0x0000000000073000 A=0x7ffffffffffffcf8
8308500: system.cpu: T0 : 0x1a2b2    : c_mv a0, s5                : IntAlu :  D=0x0000000000000000
8309000: system.cpu: T0 : 0x1a2b4    : c_ldsp s5, 120(sp)         : MemRead :  D=0x0000000000000003 A=0x7ffffffffffffd28
8309500: system.cpu: T0 : 0x1a2b6    : c_addi16sp sp, 176         : IntAlu :  D=0x7ffffffffffffd60
8310000: system.cpu: T0 : 0x1a2b8    : c_jr ra                    : IntAlu : 
8310500: system.cpu: T0 : 0x15214    : bne s1, s0, -6             : IntAlu : 
8311000: system.cpu: T0 : 0x15218    : c_mv a0, s6                : IntAlu :  D=0x0000000000000000
8312000: system.cpu: T0 : 0x1521a    : jal ra, 48012              : IntAlu :  D=0x000000000001521e
8312500: system.cpu: T0 : 0x20da6    : c_mv a4, a0                : IntAlu :  D=0x0000000000000000
8313000: system.cpu: T0 : 0x20da8    : addi a7, zero, 94          : IntAlu :  D=0x000000000000005e
8313500: system.cpu: T0 : 0x20dac    : ecall                      : No_OpClass : 
