      0: system.cpu T0 : 0x100b0    : auipc gp, 8192             : IntAlu :  D=0x00000000000120b0
    500: system.cpu T0 : 0x100b4    : addi gp, gp, 904           : IntAlu :  D=0x0000000000012438
   1000: system.cpu T0 : 0x100b8    : addi a0, gp, -2024         : IntAlu :  D=0x0000000000011c50
   1500: system.cpu T0 : 0x100bc    : addi a2, gp, -1968         : IntAlu :  D=0x0000000000011c88
   2000: system.cpu T0 : 0x100c0    : c_sub a2, a2, a0           : IntAlu :  D=0x0000000000000038
   2500: system.cpu T0 : 0x100c2    : c_li a1, zero, 0           : IntAlu :  D=0x0000000000000000
   3000: system.cpu T0 : 0x100c4    : jal ra, 544                : IntAlu :  D=0x00000000000100c8
   3500: system.cpu T0 : 0x102e4    : c_li t1, zero, 15          : IntAlu :  D=0x000000000000000f
   4000: system.cpu T0 : 0x102e6    : c_mv a4, a0                : IntAlu :  D=0x0000000000011c50
   4500: system.cpu T0 : 0x102e8    : bgeu t1, a2, 34            : IntAlu : 
   5000: system.cpu T0 : 0x102ec    : andi a5, a4, 15            : IntAlu :  D=0x0000000000000000
   5500: system.cpu T0 : 0x102f0    : c_bnez a5, zero, 2054      : IntAlu : 
   6000: system.cpu T0 : 0x102f2    : c_bnez a1, zero, 2050      : IntAlu : 
   6500: system.cpu T0 : 0x102f4    : andi a3, a2, -16           : IntAlu :  D=0x0000000000000030
   7000: system.cpu T0 : 0x102f8    : c_andi a2, a2, 15          : IntAlu :  D=0x0000000000000008
   7500: system.cpu T0 : 0x102fa    : c_add a3, a3, a4           : IntAlu :  D=0x0000000000011c80
   8000: system.cpu T0 : 0x102fc    : c_sd a1, 0(a4)             : MemWrite :  D=0x0000000000000000 A=0x11c50
   8500: system.cpu T0 : 0x102fe    : c_sd a1, 8(a4)             : MemWrite :  D=0x0000000000000000 A=0x11c58
   9000: system.cpu T0 : 0x10300    : c_addi a4, a4, 16          : IntAlu :  D=0x0000000000011c60
  10000: system.cpu T0 : 0x10302    : bltu a4, a3, -6            : IntAlu : 
  10500: system.cpu T0 : 0x102fc    : c_sd a1, 0(a4)             : MemWrite :  D=0x0000000000000000 A=0x11c60
  11000: system.cpu T0 : 0x102fe    : c_sd a1, 8(a4)             : MemWrite :  D=0x0000000000000000 A=0x11c68
  11500: system.cpu T0 : 0x10300    : c_addi a4, a4, 16          : IntAlu :  D=0x0000000000011c70
  12500: system.cpu T0 : 0x10302    : bltu a4, a3, -6            : IntAlu : 
  13000: system.cpu T0 : 0x102fc    : c_sd a1, 0(a4)             : MemWrite :  D=0x0000000000000000 A=0x11c70
  13500: system.cpu T0 : 0x102fe    : c_sd a1, 8(a4)             : MemWrite :  D=0x0000000000000000 A=0x11c78
  14000: system.cpu T0 : 0x10300    : c_addi a4, a4, 16          : IntAlu :  D=0x0000000000011c80
  15000: system.cpu T0 : 0x10302    : bltu a4, a3, -6            : IntAlu : 
  15500: system.cpu T0 : 0x10306    : c_bnez a2, zero, 4         : IntAlu : 
  16500: system.cpu T0 : 0x1030a    : sub a3, t1, a2             : IntAlu :  D=0x0000000000000007
  17000: system.cpu T0 : 0x1030e    : c_slli a3, a3, 2           : IntAlu :  D=0x000000000000001c
  17500: system.cpu T0 : 0x10310    : auipc t0, 0                : IntAlu :  D=0x0000000000010310
  18000: system.cpu T0 : 0x10314    : c_add a3, a3, t0           : IntAlu :  D=0x000000000001032c
  19000: system.cpu T0 : 0x10316    : jalr zero, a3, 10          : IntAlu :  D=0x000000000001031a
  20000: system.cpu T0 : 0x10336    : sb a1, 7(a4)               : MemWrite :  D=0x0000000000000000 A=0x11c87
  21000: system.cpu T0 : 0x1033a    : sb a1, 6(a4)               : MemWrite :  D=0x0000000000000000 A=0x11c86
  22000: system.cpu T0 : 0x1033e    : sb a1, 5(a4)               : MemWrite :  D=0x0000000000000000 A=0x11c85
  23000: system.cpu T0 : 0x10342    : sb a1, 4(a4)               : MemWrite :  D=0x0000000000000000 A=0x11c84
  24000: system.cpu T0 : 0x10346    : sb a1, 3(a4)               : MemWrite :  D=0x0000000000000000 A=0x11c83
  25000: system.cpu T0 : 0x1034a    : sb a1, 2(a4)               : MemWrite :  D=0x0000000000000000 A=0x11c82
  26000: system.cpu T0 : 0x1034e    : sb a1, 1(a4)               : MemWrite :  D=0x0000000000000000 A=0x11c81
  27000: system.cpu T0 : 0x10352    : sb a1, 0(a4)               : MemWrite :  D=0x0000000000000000 A=0x11c80
  27500: system.cpu T0 : 0x10356    : c_jr zero, ra, 0           : IntAlu : 
  28000: system.cpu T0 : 0x100c8    : auipc a0, 0                : IntAlu :  D=0x00000000000100c8
  28500: system.cpu T0 : 0x100cc    : addi a0, a0, 370           : IntAlu :  D=0x000000000001023a
  29000: system.cpu T0 : 0x100d0    : jal ra, 318                : IntAlu :  D=0x00000000000100d4
  29500: system.cpu T0 : 0x1020e    : c_mv a1, a0                : IntAlu :  D=0x000000000001023a
  30000: system.cpu T0 : 0x10210    : c_li a3, zero, 0           : IntAlu :  D=0x0000000000000000
  30500: system.cpu T0 : 0x10212    : c_li a2, zero, 0           : IntAlu :  D=0x0000000000000000
  31000: system.cpu T0 : 0x10214    : c_li a0, zero, 0           : IntAlu :  D=0x0000000000000000
  32000: system.cpu T0 : 0x10216    : jal zero, 376              : IntAlu :  D=0x000000000001021a
  32500: system.cpu T0 : 0x1038e    : c_lui a5, zero, 73728      : IntAlu :  D=0x0000000000012000
  33000: system.cpu T0 : 0x10390    : ld a4, -960(a5)            : MemRead :  D=0x00000000000114f0 A=0x11c40
  33500: system.cpu T0 : 0x10394    : c_mv t1, a0                : IntAlu :  D=0x0000000000000000
  34500: system.cpu T0 : 0x10396    : ld a5, 504(a4)             : MemRead :  D=0x0000000000000000 A=0x116e8
  35000: system.cpu T0 : 0x1039a    : c_bnez a5, zero, 2062      : IntAlu : 
  35500: system.cpu T0 : 0x1039c    : addi a5, a4, 512           : IntAlu :  D=0x00000000000116f0
  36000: system.cpu T0 : 0x103a0    : sd a5, 504(a4)             : MemWrite :  D=0x00000000000116f0 A=0x116e8
  36500: system.cpu T0 : 0x103a4    : c_lw a4, 8(a5)             : MemRead :  D=0x0000000000000000 A=0x116f8
  37000: system.cpu T0 : 0x103a6    : c_li a6, zero, 31          : IntAlu :  D=0x000000000000001f
  37500: system.cpu T0 : 0x103a8    : c_li a0, zero, -1          : IntAlu :  D=0xffffffffffffffff
  38500: system.cpu T0 : 0x103aa    : blt a6, a4, 72             : IntAlu : 
  39500: system.cpu T0 : 0x103ae    : beq t1, zero, 52           : IntAlu : 
  40500: system.cpu T0 : 0x103e2    : addiw a3, a4, 1            : IntAlu :  D=0x0000000000000001
  41000: system.cpu T0 : 0x103e6    : c_addi a4, a4, 2           : IntAlu :  D=0x0000000000000002
  41500: system.cpu T0 : 0x103e8    : c_slli a4, a4, 3           : IntAlu :  D=0x0000000000000010
  42000: system.cpu T0 : 0x103ea    : c_sw a3, 8(a5)             : MemWrite :  D=0x0000000000000001 A=0x116f8
  42500: system.cpu T0 : 0x103ec    : c_add a5, a5, a4           : IntAlu :  D=0x0000000000011700
  43000: system.cpu T0 : 0x103ee    : c_sd a1, 0(a5)             : MemWrite :  D=0x000000000001023a A=0x11700
  43500: system.cpu T0 : 0x103f0    : c_li a0, zero, 0           : IntAlu :  D=0x0000000000000000
  44000: system.cpu T0 : 0x103f2    : c_jr zero, ra, 0           : IntAlu : 
  44500: system.cpu T0 : 0x100d4    : jal ra, 430                : IntAlu :  D=0x00000000000100d8
  45000: system.cpu T0 : 0x10282    : c_addi sp, sp, -32         : IntAlu :  D=0x7ffffffffffffed0
  45500: system.cpu T0 : 0x10284    : c_sdsp s0, 16(sp)          : MemWrite :  D=0x0000000000000000 A=0x7ffffffffffffee0
  46000: system.cpu T0 : 0x10286    : c_sdsp s1, 8(sp)           : MemWrite :  D=0x0000000000000000 A=0x7ffffffffffffed8
  46500: system.cpu T0 : 0x10288    : c_lui s0, zero, 69632      : IntAlu :  D=0x0000000000011000
  47000: system.cpu T0 : 0x1028a    : c_lui s1, zero, 69632      : IntAlu :  D=0x0000000000011000
  47500: system.cpu T0 : 0x1028c    : addi a5, s1, 1244          : IntAlu :  D=0x00000000000114dc
  48000: system.cpu T0 : 0x10290    : addi s0, s0, 1244          : IntAlu :  D=0x00000000000114dc
  48500: system.cpu T0 : 0x10294    : c_sub s0, s0, a5           : IntAlu :  D=0x0000000000000000
  49000: system.cpu T0 : 0x10296    : c_sdsp s2, 0(sp)           : MemWrite :  D=0x0000000000000000 A=0x7ffffffffffffed0
  49500: system.cpu T0 : 0x10298    : c_sdsp ra, 24(sp)          : MemWrite :  D=0x00000000000100d8 A=0x7ffffffffffffee8
  50000: system.cpu T0 : 0x1029a    : c_srai s0, s0, 3           : IntAlu :  D=0x0000000000000000
  50500: system.cpu T0 : 0x1029c    : addi s1, s1, 1244          : IntAlu :  D=0x00000000000114dc
  51000: system.cpu T0 : 0x102a0    : c_li s2, zero, 0           : IntAlu :  D=0x0000000000000000
  52000: system.cpu T0 : 0x102a2    : bne s2, s0, 46             : IntAlu : 
  52500: system.cpu T0 : 0x102a6    : c_lui s1, zero, 69632      : IntAlu :  D=0x0000000000011000
  53000: system.cpu T0 : 0x102a8    : jal ra, -450               : IntAlu :  D=0x00000000000102ac
  53500: system.cpu T0 : 0x100e6    : c_jr zero, ra, 0           : IntAlu : 
  54000: system.cpu T0 : 0x102ac    : c_lui s0, zero, 69632      : IntAlu :  D=0x0000000000011000
  55000: system.cpu T0 : 0x102ae    : addi a5, s1, 1248          : IntAlu :  D=0x00000000000114e0
  56000: system.cpu T0 : 0x102b2    : addi s0, s0, 1256          : IntAlu :  D=0x00000000000114e8
  56500: system.cpu T0 : 0x102b6    : c_sub s0, s0, a5           : IntAlu :  D=0x0000000000000008
  57000: system.cpu T0 : 0x102b8    : c_srai s0, s0, 3           : IntAlu :  D=0x0000000000000001
  58000: system.cpu T0 : 0x102ba    : addi s1, s1, 1248          : IntAlu :  D=0x00000000000114e0
  58500: system.cpu T0 : 0x102be    : c_li s2, zero, 0           : IntAlu :  D=0x0000000000000000
  59000: system.cpu T0 : 0x102c0    : bne s2, s0, 26             : IntAlu : 
  59500: system.cpu T0 : 0x102da    : c_ld a5, 0(s1)             : MemRead :  D=0x0000000000010172 A=0x114e0
  60000: system.cpu T0 : 0x102dc    : c_addi s2, s2, 1           : IntAlu :  D=0x0000000000000001
  60500: system.cpu T0 : 0x102de    : c_addi s1, s1, 8           : IntAlu :  D=0x00000000000114e8
  61000: system.cpu T0 : 0x102e0    : c_jalr ra, a5, 0           : IntAlu :  D=0x00000000000102e2
  62000: system.cpu T0 : 0x10172    : lui a5, 0                  : IntAlu :  D=0x0000000000000000
  63000: system.cpu T0 : 0x10176    : addi a5, a5, 0             : IntAlu :  D=0x0000000000000000
  63500: system.cpu T0 : 0x1017a    : c_beqz a5, zero, 2078      : IntAlu : 
  64000: system.cpu T0 : 0x10198    : jal zero, -140             : IntAlu :  D=0x000000000001019c
  64500: system.cpu T0 : 0x1010c    : c_lui a5, zero, 73728      : IntAlu :  D=0x0000000000012000
  65000: system.cpu T0 : 0x1010e    : c_lui a0, zero, 73728      : IntAlu :  D=0x0000000000012000
  65500: system.cpu T0 : 0x10110    : addi a1, a5, -968          : IntAlu :  D=0x0000000000011c38
  66000: system.cpu T0 : 0x10114    : addi a5, a0, -968          : IntAlu :  D=0x0000000000011c38
  66500: system.cpu T0 : 0x10118    : c_sub a1, a1, a5           : IntAlu :  D=0x0000000000000000
  67000: system.cpu T0 : 0x1011a    : c_srai a1, a1, 3           : IntAlu :  D=0x0000000000000000
  67500: system.cpu T0 : 0x1011c    : c_li a5, zero, 2           : IntAlu :  D=0x0000000000000002
  68500: system.cpu T0 : 0x1011e    : div a1, a1, a5             : IntDiv :  D=0x0000000000000000
  69000: system.cpu T0 : 0x10122    : c_beqz a1, zero, 2066      : IntAlu : 
  69500: system.cpu T0 : 0x10136    : c_jr zero, ra, 0           : IntAlu : 
  70000: system.cpu T0 : 0x102e2    : c_j zero, 45056            : IntAlu : 
  70500: system.cpu T0 : 0x102c0    : bne s2, s0, 26             : IntAlu : 
  71000: system.cpu T0 : 0x102c4    : c_ldsp ra, 24(sp)          : MemRead :  D=0x00000000000100d8 A=0x7ffffffffffffee8
  71500: system.cpu T0 : 0x102c6    : c_ldsp s0, 16(sp)          : MemRead :  D=0x0000000000000000 A=0x7ffffffffffffee0
  72000: system.cpu T0 : 0x102c8    : c_ldsp s1, 8(sp)           : MemRead :  D=0x0000000000000000 A=0x7ffffffffffffed8
  72500: system.cpu T0 : 0x102ca    : c_ldsp s2, 0(sp)           : MemRead :  D=0x0000000000000000 A=0x7ffffffffffffed0
  73000: system.cpu T0 : 0x102cc    : c_addi16sp sp, sp, 32      : IntAlu :  D=0x7ffffffffffffef0
  73500: system.cpu T0 : 0x102ce    : c_jr zero, ra, 0           : IntAlu : 
  74000: system.cpu T0 : 0x100d8    : c_lwsp a0, 0(sp)           : MemRead :  D=0x0000000000000001 A=0x7ffffffffffffef0
  74500: system.cpu T0 : 0x100da    : c_addi4spn a1, sp, 8       : IntAlu :  D=0x7ffffffffffffef8
  75000: system.cpu T0 : 0x100dc    : c_li a2, zero, 0           : IntAlu :  D=0x0000000000000000
  76000: system.cpu T0 : 0x100de    : jal ra, 230                : IntAlu :  D=0x00000000000100e2
  76500: system.cpu T0 : 0x101c4    : c_addi sp, sp, -32         : IntAlu :  D=0x7ffffffffffffed0
  77000: system.cpu T0 : 0x101c6    : c_sdsp ra, 24(sp)          : MemWrite :  D=0x00000000000100e2 A=0x7ffffffffffffee8
  77500: system.cpu T0 : 0x101c8    : c_sdsp s0, 16(sp)          : MemWrite :  D=0x0000000000000000 A=0x7ffffffffffffee0
  78000: system.cpu T0 : 0x101ca    : c_addi4spn s0, sp, 32      : IntAlu :  D=0x7ffffffffffffef0
  78500: system.cpu T0 : 0x101cc    : c_li a1, zero, 7           : IntAlu :  D=0x0000000000000007
  79000: system.cpu T0 : 0x101ce    : c_li a0, zero, 5           : IntAlu :  D=0x0000000000000005
  79500: system.cpu T0 : 0x101d0    : jal ra, -52                : IntAlu :  D=0x00000000000101d4
  80000: system.cpu T0 : 0x1019c    : c_addi sp, sp, -32         : IntAlu :  D=0x7ffffffffffffeb0
  80500: system.cpu T0 : 0x1019e    : c_sdsp s0, 24(sp)          : MemWrite :  D=0x7ffffffffffffef0 A=0x7ffffffffffffec8
  81000: system.cpu T0 : 0x101a0    : c_addi4spn s0, sp, 32      : IntAlu :  D=0x7ffffffffffffed0
  81500: system.cpu T0 : 0x101a2    : c_mv a5, a0                : IntAlu :  D=0x0000000000000005
  82000: system.cpu T0 : 0x101a4    : c_mv a4, a1                : IntAlu :  D=0x0000000000000007
  83000: system.cpu T0 : 0x101a6    : sw a5, -20(s0)             : MemWrite :  D=0x0000000000000005 A=0x7ffffffffffffebc
  83500: system.cpu T0 : 0x101aa    : c_mv a5, a4                : IntAlu :  D=0x0000000000000007
  84000: system.cpu T0 : 0x101ac    : sw a5, -24(s0)             : MemWrite :  D=0x0000000000000007 A=0x7ffffffffffffeb8
  84500: system.cpu T0 : 0x101b0    : lw a4, -20(s0)             : MemRead :  D=0x0000000000000005 A=0x7ffffffffffffebc
  85000: system.cpu T0 : 0x101b4    : lw a5, -24(s0)             : MemRead :  D=0x0000000000000007 A=0x7ffffffffffffeb8
  85500: system.cpu T0 : 0x101b8    : c_addw a5, a5, a4          : IntAlu :  D=0x000000000000000c
  86000: system.cpu T0 : 0x101ba    : c_addiw a5, a5, 0          : IntAlu :  D=0x000000000000000c
  86500: system.cpu T0 : 0x101bc    : c_mv a0, a5                : IntAlu :  D=0x000000000000000c
  87000: system.cpu T0 : 0x101be    : c_ldsp s0, 24(sp)          : MemRead :  D=0x7ffffffffffffef0 A=0x7ffffffffffffec8
  87500: system.cpu T0 : 0x101c0    : c_addi16sp sp, sp, 32      : IntAlu :  D=0x7ffffffffffffed0
  88000: system.cpu T0 : 0x101c2    : c_jr zero, ra, 0           : IntAlu : 
  88500: system.cpu T0 : 0x101d4    : c_mv a5, a0                : IntAlu :  D=0x000000000000000c
  89500: system.cpu T0 : 0x101d6    : sw a5, -20(s0)             : MemWrite :  D=0x000000000000000c A=0x7ffffffffffffedc
  90500: system.cpu T0 : 0x101da    : sw zero, -24(s0)           : MemWrite :  D=0x0000000000000000 A=0x7ffffffffffffed8
  91000: system.cpu T0 : 0x101de    : c_j zero, 40960            : IntAlu : 
  91500: system.cpu T0 : 0x101f4    : lw a5, -24(s0)             : MemRead :  D=0x0000000000000000 A=0x7ffffffffffffed8
  92000: system.cpu T0 : 0x101f8    : addiw a4, a5, 0            : IntAlu :  D=0x0000000000000000
  92500: system.cpu T0 : 0x101fc    : c_li a5, zero, 4           : IntAlu :  D=0x0000000000000004
  93500: system.cpu T0 : 0x101fe    : bge a5, a4, -30            : IntAlu : 
  94000: system.cpu T0 : 0x101e0    : lw a5, -20(s0)             : MemRead :  D=0x000000000000000c A=0x7ffffffffffffedc
  94500: system.cpu T0 : 0x101e4    : c_addiw a5, a5, 1          : IntAlu :  D=0x000000000000000d
  95500: system.cpu T0 : 0x101e6    : sw a5, -20(s0)             : MemWrite :  D=0x000000000000000d A=0x7ffffffffffffedc
  96500: system.cpu T0 : 0x101ea    : lw a5, -24(s0)             : MemRead :  D=0x0000000000000000 A=0x7ffffffffffffed8
  97000: system.cpu T0 : 0x101ee    : c_addiw a5, a5, 1          : IntAlu :  D=0x0000000000000001
  97500: system.cpu T0 : 0x101f0    : sw a5, -24(s0)             : MemWrite :  D=0x0000000000000001 A=0x7ffffffffffffed8
  98000: system.cpu T0 : 0x101f4    : lw a5, -24(s0)             : MemRead :  D=0x0000000000000001 A=0x7ffffffffffffed8
  98500: system.cpu T0 : 0x101f8    : addiw a4, a5, 0            : IntAlu :  D=0x0000000000000001
  99000: system.cpu T0 : 0x101fc    : c_li a5, zero, 4           : IntAlu :  D=0x0000000000000004
 100000: system.cpu T0 : 0x101fe    : bge a5, a4, -30            : IntAlu : 
 100500: system.cpu T0 : 0x101e0    : lw a5, -20(s0)             : MemRead :  D=0x000000000000000d A=0x7ffffffffffffedc
 101000: system.cpu T0 : 0x101e4    : c_addiw a5, a5, 1          : IntAlu :  D=0x000000000000000e
 102000: system.cpu T0 : 0x101e6    : sw a5, -20(s0)             : MemWrite :  D=0x000000000000000e A=0x7ffffffffffffedc
 103000: system.cpu T0 : 0x101ea    : lw a5, -24(s0)             : MemRead :  D=0x0000000000000001 A=0x7ffffffffffffed8
 103500: system.cpu T0 : 0x101ee    : c_addiw a5, a5, 1          : IntAlu :  D=0x0000000000000002
 104000: system.cpu T0 : 0x101f0    : sw a5, -24(s0)             : MemWrite :  D=0x0000000000000002 A=0x7ffffffffffffed8
 104500: system.cpu T0 : 0x101f4    : lw a5, -24(s0)             : MemRead :  D=0x0000000000000002 A=0x7ffffffffffffed8
 105000: system.cpu T0 : 0x101f8    : addiw a4, a5, 0            : IntAlu :  D=0x0000000000000002
 105500: system.cpu T0 : 0x101fc    : c_li a5, zero, 4           : IntAlu :  D=0x0000000000000004
 106500: system.cpu T0 : 0x101fe    : bge a5, a4, -30            : IntAlu : 
 107000: system.cpu T0 : 0x101e0    : lw a5, -20(s0)             : MemRead :  D=0x000000000000000e A=0x7ffffffffffffedc
 107500: system.cpu T0 : 0x101e4    : c_addiw a5, a5, 1          : IntAlu :  D=0x000000000000000f
 108500: system.cpu T0 : 0x101e6    : sw a5, -20(s0)             : MemWrite :  D=0x000000000000000f A=0x7ffffffffffffedc
 109500: system.cpu T0 : 0x101ea    : lw a5, -24(s0)             : MemRead :  D=0x0000000000000002 A=0x7ffffffffffffed8
 110000: system.cpu T0 : 0x101ee    : c_addiw a5, a5, 1          : IntAlu :  D=0x0000000000000003
 110500: system.cpu T0 : 0x101f0    : sw a5, -24(s0)             : MemWrite :  D=0x0000000000000003 A=0x7ffffffffffffed8
 111000: system.cpu T0 : 0x101f4    : lw a5, -24(s0)             : MemRead :  D=0x0000000000000003 A=0x7ffffffffffffed8
 111500: system.cpu T0 : 0x101f8    : addiw a4, a5, 0            : IntAlu :  D=0x0000000000000003
 112000: system.cpu T0 : 0x101fc    : c_li a5, zero, 4           : IntAlu :  D=0x0000000000000004
 113000: system.cpu T0 : 0x101fe    : bge a5, a4, -30            : IntAlu : 
 113500: system.cpu T0 : 0x101e0    : lw a5, -20(s0)             : MemRead :  D=0x000000000000000f A=0x7ffffffffffffedc
 114000: system.cpu T0 : 0x101e4    : c_addiw a5, a5, 1          : IntAlu :  D=0x0000000000000010
 115000: system.cpu T0 : 0x101e6    : sw a5, -20(s0)             : MemWrite :  D=0x0000000000000010 A=0x7ffffffffffffedc
 116000: system.cpu T0 : 0x101ea    : lw a5, -24(s0)             : MemRead :  D=0x0000000000000003 A=0x7ffffffffffffed8
 116500: system.cpu T0 : 0x101ee    : c_addiw a5, a5, 1          : IntAlu :  D=0x0000000000000004
 117000: system.cpu T0 : 0x101f0    : sw a5, -24(s0)             : MemWrite :  D=0x0000000000000004 A=0x7ffffffffffffed8
 117500: system.cpu T0 : 0x101f4    : lw a5, -24(s0)             : MemRead :  D=0x0000000000000004 A=0x7ffffffffffffed8
 118000: system.cpu T0 : 0x101f8    : addiw a4, a5, 0            : IntAlu :  D=0x0000000000000004
 118500: system.cpu T0 : 0x101fc    : c_li a5, zero, 4           : IntAlu :  D=0x0000000000000004
 119500: system.cpu T0 : 0x101fe    : bge a5, a4, -30            : IntAlu : 
 120000: system.cpu T0 : 0x101e0    : lw a5, -20(s0)             : MemRead :  D=0x0000000000000010 A=0x7ffffffffffffedc
 120500: system.cpu T0 : 0x101e4    : c_addiw a5, a5, 1          : IntAlu :  D=0x0000000000000011
 121500: system.cpu T0 : 0x101e6    : sw a5, -20(s0)             : MemWrite :  D=0x0000000000000011 A=0x7ffffffffffffedc
 122500: system.cpu T0 : 0x101ea    : lw a5, -24(s0)             : MemRead :  D=0x0000000000000004 A=0x7ffffffffffffed8
 123000: system.cpu T0 : 0x101ee    : c_addiw a5, a5, 1          : IntAlu :  D=0x0000000000000005
 123500: system.cpu T0 : 0x101f0    : sw a5, -24(s0)             : MemWrite :  D=0x0000000000000005 A=0x7ffffffffffffed8
 124000: system.cpu T0 : 0x101f4    : lw a5, -24(s0)             : MemRead :  D=0x0000000000000005 A=0x7ffffffffffffed8
 124500: system.cpu T0 : 0x101f8    : addiw a4, a5, 0            : IntAlu :  D=0x0000000000000005
 125000: system.cpu T0 : 0x101fc    : c_li a5, zero, 4           : IntAlu :  D=0x0000000000000004
 126000: system.cpu T0 : 0x101fe    : bge a5, a4, -30            : IntAlu : 
 126500: system.cpu T0 : 0x10202    : c_li a5, zero, 0           : IntAlu :  D=0x0000000000000000
 127000: system.cpu T0 : 0x10204    : c_mv a0, a5                : IntAlu :  D=0x0000000000000000
 127500: system.cpu T0 : 0x10206    : c_ldsp ra, 24(sp)          : MemRead :  D=0x00000000000100e2 A=0x7ffffffffffffee8
 128000: system.cpu T0 : 0x10208    : c_ldsp s0, 16(sp)          : MemRead :  D=0x0000000000000000 A=0x7ffffffffffffee0
 128500: system.cpu T0 : 0x1020a    : c_addi16sp sp, sp, 32      : IntAlu :  D=0x7ffffffffffffef0
 129000: system.cpu T0 : 0x1020c    : c_jr zero, ra, 0           : IntAlu : 
 130000: system.cpu T0 : 0x100e2    : jal zero, 312              : IntAlu :  D=0x00000000000100e6
 130500: system.cpu T0 : 0x1021a    : c_addi sp, sp, -16         : IntAlu :  D=0x7ffffffffffffee0
 131000: system.cpu T0 : 0x1021c    : c_li a1, zero, 0           : IntAlu :  D=0x0000000000000000
 131500: system.cpu T0 : 0x1021e    : c_sdsp s0, 0(sp)           : MemWrite :  D=0x0000000000000000 A=0x7ffffffffffffee0
 132000: system.cpu T0 : 0x10220    : c_sdsp ra, 8(sp)           : MemWrite :  D=0x00000000000100e2 A=0x7ffffffffffffee8
 132500: system.cpu T0 : 0x10222    : c_mv s0, a0                : IntAlu :  D=0x0000000000000000
 133000: system.cpu T0 : 0x10224    : jal ra, 464                : IntAlu :  D=0x0000000000010228
 133500: system.cpu T0 : 0x103f4    : c_addi16sp sp, sp, -80     : IntAlu :  D=0x7ffffffffffffe90
 134000: system.cpu T0 : 0x103f6    : c_lui a5, zero, 73728      : IntAlu :  D=0x0000000000012000
 134500: system.cpu T0 : 0x103f8    : c_sdsp s3, 40(sp)          : MemWrite :  D=0x0000000000000000 A=0x7ffffffffffffeb8
 135500: system.cpu T0 : 0x103fa    : ld s3, -960(a5)            : MemRead :  D=0x00000000000114f0 A=0x11c40
 136000: system.cpu T0 : 0x103fe    : c_sdsp s4, 32(sp)          : MemWrite :  D=0x0000000000000000 A=0x7ffffffffffffeb0
 136500: system.cpu T0 : 0x10400    : c_sdsp s5, 24(sp)          : MemWrite :  D=0x0000000000000000 A=0x7ffffffffffffea8
 137000: system.cpu T0 : 0x10402    : c_sdsp s6, 16(sp)          : MemWrite :  D=0x0000000000000000 A=0x7ffffffffffffea0
 137500: system.cpu T0 : 0x10404    : c_sdsp ra, 72(sp)          : MemWrite :  D=0x0000000000010228 A=0x7ffffffffffffed8
 138000: system.cpu T0 : 0x10406    : c_sdsp s0, 64(sp)          : MemWrite :  D=0x0000000000000000 A=0x7ffffffffffffed0
 138500: system.cpu T0 : 0x10408    : c_sdsp s1, 56(sp)          : MemWrite :  D=0x0000000000000000 A=0x7ffffffffffffec8
 139000: system.cpu T0 : 0x1040a    : c_sdsp s2, 48(sp)          : MemWrite :  D=0x0000000000000000 A=0x7ffffffffffffec0
 139500: system.cpu T0 : 0x1040c    : c_sdsp s7, 8(sp)           : MemWrite :  D=0x0000000000000000 A=0x7ffffffffffffe98
 140000: system.cpu T0 : 0x1040e    : c_mv s5, a0                : IntAlu :  D=0x0000000000000000
 140500: system.cpu T0 : 0x10410    : c_mv s4, a1                : IntAlu :  D=0x0000000000000000
 141000: system.cpu T0 : 0x10412    : c_li s6, zero, 1           : IntAlu :  D=0x0000000000000001
 141500: system.cpu T0 : 0x10414    : ld s0, 504(s3)             : MemRead :  D=0x00000000000116f0 A=0x116e8
 142000: system.cpu T0 : 0x10418    : c_beqz s0, zero, 16        : IntAlu : 
 142500: system.cpu T0 : 0x1041a    : c_lw s1, 8(s0)             : MemRead :  D=0x0000000000000001 A=0x116f8
 143000: system.cpu T0 : 0x1041c    : c_addiw s1, s1, -1         : IntAlu :  D=0x0000000000000000
 144000: system.cpu T0 : 0x1041e    : slli s2, s1, 3             : IntAlu :  D=0x0000000000000000
 144500: system.cpu T0 : 0x10422    : c_add s2, s2, s0           : IntAlu :  D=0x00000000000116f0
 145000: system.cpu T0 : 0x10424    : bge s1, zero, 26           : IntAlu : 
 146000: system.cpu T0 : 0x1043e    : beq s4, zero, 18           : IntAlu : 
 146500: system.cpu T0 : 0x10450    : c_lw a5, 8(s0)             : MemRead :  D=0x0000000000000001 A=0x116f8
 147500: system.cpu T0 : 0x10452    : ld a3, 16(s2)              : MemRead :  D=0x000000000001023a A=0x11700
 148000: system.cpu T0 : 0x10456    : c_addiw a5, a5, -1         : IntAlu :  D=0x0000000000000000
 148500: system.cpu T0 : 0x10458    : bne a5, s1, 44             : IntAlu : 
 149000: system.cpu T0 : 0x1045c    : c_sw s1, 8(s0)             : MemWrite :  D=0x0000000000000000 A=0x116f8
 149500: system.cpu T0 : 0x1045e    : c_beqz a3, zero, 2060      : IntAlu : 
 150000: system.cpu T0 : 0x10460    : lw a4, 784(s0)             : MemRead :  D=0x0000000000000000 A=0x11a00
 150500: system.cpu T0 : 0x10464    : sllw a2, s6, s1            : IntAlu :  D=0x0000000000000001
 151000: system.cpu T0 : 0x10468    : lw s7, 8(s0)               : MemRead :  D=0x0000000000000000 A=0x116f8
 151500: system.cpu T0 : 0x1046c    : c_and a4, a4, a2           : IntAlu :  D=0x0000000000000000
 152000: system.cpu T0 : 0x1046e    : c_addiw a4, a4, 0          : IntAlu :  D=0x0000000000000000
 152500: system.cpu T0 : 0x10470    : c_bnez a4, zero, 30        : IntAlu : 
 153000: system.cpu T0 : 0x10472    : c_jalr ra, a3, 0           : IntAlu :  D=0x0000000000010474
 153500: system.cpu T0 : 0x1023a    : c_addi16sp sp, sp, -48     : IntAlu :  D=0x7ffffffffffffe60
 154000: system.cpu T0 : 0x1023c    : c_lui a5, zero, 69632      : IntAlu :  D=0x0000000000011000
 154500: system.cpu T0 : 0x1023e    : c_lui a4, zero, 69632      : IntAlu :  D=0x0000000000011000
 155000: system.cpu T0 : 0x10240    : c_sdsp s0, 32(sp)          : MemWrite :  D=0x00000000000116f0 A=0x7ffffffffffffe80
 156000: system.cpu T0 : 0x10242    : addi a4, a4, 1256          : IntAlu :  D=0x00000000000114e8
 157000: system.cpu T0 : 0x10246    : addi s0, a5, 1264          : IntAlu :  D=0x00000000000114f0
 157500: system.cpu T0 : 0x1024a    : c_sub s0, s0, a4           : IntAlu :  D=0x0000000000000008
 158000: system.cpu T0 : 0x1024c    : c_sdsp s1, 24(sp)          : MemWrite :  D=0x0000000000000000 A=0x7ffffffffffffe78
 158500: system.cpu T0 : 0x1024e    : c_sdsp s2, 16(sp)          : MemWrite :  D=0x00000000000116f0 A=0x7ffffffffffffe70
 159000: system.cpu T0 : 0x10250    : c_sdsp s3, 8(sp)           : MemWrite :  D=0x00000000000114f0 A=0x7ffffffffffffe68
 159500: system.cpu T0 : 0x10252    : c_sdsp ra, 40(sp)          : MemWrite :  D=0x0000000000010474 A=0x7ffffffffffffe88
 160000: system.cpu T0 : 0x10254    : c_srai s0, s0, 3           : IntAlu :  D=0x0000000000000001
 160500: system.cpu T0 : 0x10256    : c_li s1, zero, 0           : IntAlu :  D=0x0000000000000000
 161000: system.cpu T0 : 0x10258    : addi s2, a5, 1264          : IntAlu :  D=0x00000000000114f0
 161500: system.cpu T0 : 0x1025c    : c_li s3, zero, -8          : IntAlu :  D=0xfffffffffffffff8
 162500: system.cpu T0 : 0x1025e    : bne s0, s1, 20             : IntAlu : 
 163500: system.cpu T0 : 0x10272    : mul a5, s1, s3             : IntMult :  D=0x0000000000000000
 164000: system.cpu T0 : 0x10276    : c_addi s1, s1, 1           : IntAlu :  D=0x0000000000000001
 164500: system.cpu T0 : 0x10278    : c_add a5, a5, s2           : IntAlu :  D=0x00000000000114f0
 165500: system.cpu T0 : 0x1027a    : ld a5, -8(a5)              : MemRead :  D=0x0000000000010138 A=0x114e8
 166000: system.cpu T0 : 0x1027e    : c_jalr ra, a5, 0           : IntAlu :  D=0x0000000000010280
 166500: system.cpu T0 : 0x10138    : lbu a4, -2024(gp)          : MemRead :  D=0x0000000000000000 A=0x11c50
 167000: system.cpu T0 : 0x1013c    : c_bnez a4, zero, 22        : IntAlu : 
 167500: system.cpu T0 : 0x1013e    : c_addi sp, sp, -16         : IntAlu :  D=0x7ffffffffffffe50
 168000: system.cpu T0 : 0x10140    : c_sdsp s0, 0(sp)           : MemWrite :  D=0x0000000000000001 A=0x7ffffffffffffe50
 168500: system.cpu T0 : 0x10142    : c_sdsp ra, 8(sp)           : MemWrite :  D=0x0000000000010280 A=0x7ffffffffffffe58
 169000: system.cpu T0 : 0x10144    : c_mv s0, a5                : IntAlu :  D=0x0000000000010138
 170000: system.cpu T0 : 0x10146    : jal ra, -94                : IntAlu :  D=0x000000000001014a
 170500: system.cpu T0 : 0x100e8    : c_lui a0, zero, 73728      : IntAlu :  D=0x0000000000012000
 171000: system.cpu T0 : 0x100ea    : c_lui a5, zero, 73728      : IntAlu :  D=0x0000000000012000
 171500: system.cpu T0 : 0x100ec    : addi a4, a0, -968          : IntAlu :  D=0x0000000000011c38
 172000: system.cpu T0 : 0x100f0    : addi a5, a5, -968          : IntAlu :  D=0x0000000000011c38
 172500: system.cpu T0 : 0x100f4    : beq a5, a4, 22             : IntAlu : 
 173000: system.cpu T0 : 0x1010a    : c_jr zero, ra, 0           : IntAlu : 
 174000: system.cpu T0 : 0x1014a    : lui a5, 0                  : IntAlu :  D=0x0000000000000000
 175000: system.cpu T0 : 0x1014e    : addi a5, a5, 0             : IntAlu :  D=0x0000000000000000
 175500: system.cpu T0 : 0x10152    : c_beqz a5, zero, 2070      : IntAlu : 
 176000: system.cpu T0 : 0x10162    : c_li a5, zero, 1           : IntAlu :  D=0x0000000000000001
 176500: system.cpu T0 : 0x10164    : sb a5, -2024(gp)           : MemWrite :  D=0x0000000000000001 A=0x11c50
 177000: system.cpu T0 : 0x10168    : c_ldsp ra, 8(sp)           : MemRead :  D=0x0000000000010280 A=0x7ffffffffffffe58
 177500: system.cpu T0 : 0x1016a    : c_ldsp s0, 0(sp)           : MemRead :  D=0x0000000000000001 A=0x7ffffffffffffe50
 178000: system.cpu T0 : 0x1016c    : c_addi sp, sp, 16          : IntAlu :  D=0x7ffffffffffffe60
 178500: system.cpu T0 : 0x1016e    : c_jr zero, ra, 0           : IntAlu : 
 179000: system.cpu T0 : 0x10280    : c_j zero, 45056            : IntAlu : 
 180000: system.cpu T0 : 0x1025e    : bne s0, s1, 20             : IntAlu : 
 180500: system.cpu T0 : 0x10262    : c_ldsp s0, 32(sp)          : MemRead :  D=0x00000000000116f0 A=0x7ffffffffffffe80
 181000: system.cpu T0 : 0x10264    : c_ldsp ra, 40(sp)          : MemRead :  D=0x0000000000010474 A=0x7ffffffffffffe88
 181500: system.cpu T0 : 0x10266    : c_ldsp s1, 24(sp)          : MemRead :  D=0x0000000000000000 A=0x7ffffffffffffe78
 182000: system.cpu T0 : 0x10268    : c_ldsp s2, 16(sp)          : MemRead :  D=0x00000000000116f0 A=0x7ffffffffffffe70
 182500: system.cpu T0 : 0x1026a    : c_ldsp s3, 8(sp)           : MemRead :  D=0x00000000000114f0 A=0x7ffffffffffffe68
 183000: system.cpu T0 : 0x1026c    : c_addi16sp sp, sp, 48      : IntAlu :  D=0x7ffffffffffffe90
 184000: system.cpu T0 : 0x1026e    : jal zero, -392             : IntAlu :  D=0x0000000000010272
 184500: system.cpu T0 : 0x100e6    : c_jr zero, ra, 0           : IntAlu : 
 185000: system.cpu T0 : 0x10474    : c_lw a4, 8(s0)             : MemRead :  D=0x0000000000000000 A=0x116f8
 186000: system.cpu T0 : 0x10476    : ld a5, 504(s3)             : MemRead :  D=0x00000000000116f0 A=0x116e8
 187000: system.cpu T0 : 0x1047a    : bne a4, s7, -102           : IntAlu : 
 188000: system.cpu T0 : 0x1047e    : beq s0, a5, -52            : IntAlu : 
 188500: system.cpu T0 : 0x1044a    : c_addiw s1, s1, -1         : IntAlu :  D=0xffffffffffffffff
 189000: system.cpu T0 : 0x1044c    : c_addi s2, s2, -8          : IntAlu :  D=0x00000000000116e8
 189500: system.cpu T0 : 0x1044e    : c_j zero, 45056            : IntAlu : 
 190000: system.cpu T0 : 0x10424    : bge s1, zero, 26           : IntAlu : 
 190500: system.cpu T0 : 0x10428    : c_ldsp ra, 72(sp)          : MemRead :  D=0x0000000000010228 A=0x7ffffffffffffed8
 191000: system.cpu T0 : 0x1042a    : c_ldsp s0, 64(sp)          : MemRead :  D=0x0000000000000000 A=0x7ffffffffffffed0
 191500: system.cpu T0 : 0x1042c    : c_ldsp s1, 56(sp)          : MemRead :  D=0x0000000000000000 A=0x7ffffffffffffec8
 192000: system.cpu T0 : 0x1042e    : c_ldsp s2, 48(sp)          : MemRead :  D=0x0000000000000000 A=0x7ffffffffffffec0
 192500: system.cpu T0 : 0x10430    : c_ldsp s3, 40(sp)          : MemRead :  D=0x0000000000000000 A=0x7ffffffffffffeb8
 193000: system.cpu T0 : 0x10432    : c_ldsp s4, 32(sp)          : MemRead :  D=0x0000000000000000 A=0x7ffffffffffffeb0
 193500: system.cpu T0 : 0x10434    : c_ldsp s5, 24(sp)          : MemRead :  D=0x0000000000000000 A=0x7ffffffffffffea8
 194000: system.cpu T0 : 0x10436    : c_ldsp s6, 16(sp)          : MemRead :  D=0x0000000000000000 A=0x7ffffffffffffea0
 194500: system.cpu T0 : 0x10438    : c_ldsp s7, 8(sp)           : MemRead :  D=0x0000000000000000 A=0x7ffffffffffffe98
 195000: system.cpu T0 : 0x1043a    : c_addi16sp sp, sp, 80      : IntAlu :  D=0x7ffffffffffffee0
 195500: system.cpu T0 : 0x1043c    : c_jr zero, ra, 0           : IntAlu : 
 196000: system.cpu T0 : 0x10228    : c_lui a5, zero, 73728      : IntAlu :  D=0x0000000000012000
 197000: system.cpu T0 : 0x1022a    : ld a0, -960(a5)            : MemRead :  D=0x00000000000114f0 A=0x11c40
 197500: system.cpu T0 : 0x1022e    : c_ld a5, 88(a0)            : MemRead :  D=0x0000000000000000 A=0x11548
 198000: system.cpu T0 : 0x10230    : c_beqz a5, zero, 2054      : IntAlu : 
 198500: system.cpu T0 : 0x10234    : c_mv a0, s0                : IntAlu :  D=0x0000000000000000
 199500: system.cpu T0 : 0x10236    : jal ra, 622                : IntAlu :  D=0x000000000001023a
 200000: system.cpu T0 : 0x104a4    : c_li a1, zero, 0           : IntAlu :  D=0x0000000000000000
 200500: system.cpu T0 : 0x104a6    : c_li a2, zero, 0           : IntAlu :  D=0x0000000000000000
 201000: system.cpu T0 : 0x104a8    : c_li a3, zero, 0           : IntAlu :  D=0x0000000000000000
 201500: system.cpu T0 : 0x104aa    : c_li a4, zero, 0           : IntAlu :  D=0x0000000000000000
 202000: system.cpu T0 : 0x104ac    : c_li a5, zero, 0           : IntAlu :  D=0x0000000000000000
 203000: system.cpu T0 : 0x104ae    : addi a7, zero, 93          : IntAlu :  D=0x000000000000005d
 204000: system.cpu T0 : 0x104b2    : ecall                      : No_OpClass : 
