      0: system.cpu: T0 : 0x10348    : jal ra, 46                 : IntAlu :  D=0x000000000001034c
   1000: system.cpu: T0 : 0x10376    : auipc gp, 97               : IntAlu :  D=0x0000000000071376
   2000: system.cpu: T0 : 0x1037a    : addi gp, gp, -846          : IntAlu :  D=0x0000000000071028
   2500: system.cpu: T0 : 0x1037e    : c_jr ra                    : IntAlu : 
   3000: system.cpu: T0 : 0x1034c    : c_mv a5, a0                : IntAlu :  D=0x0000000000000000
   4000: system.cpu: T0 : 0x1034e    : auipc a0, 0                : IntAlu :  D=0x000000000001034e
   5000: system.cpu: T0 : 0x10352    : addi a0, a0, 400           : IntAlu :  D=0x00000000000104de
   5500: system.cpu: T0 : 0x10356    : c_ldsp a1, 0(sp)           : MemRead :  D=0x0000000000000001 A=0x7fffffffffffff30
   6000: system.cpu: T0 : 0x10358    : c_addi4spn a2, sp, 8       : IntAlu :  D=0x7fffffffffffff38
   7000: system.cpu: T0 : 0x1035a    : andi sp, sp, 18446744073709551600 : IntAlu :  D=0x7fffffffffffff30
   8000: system.cpu: T0 : 0x1035e    : auipc a3, 0                : IntAlu :  D=0x000000000001035e
   9000: system.cpu: T0 : 0x10362    : addi a3, a3, 1672          : IntAlu :  D=0x00000000000109e6
  10000: system.cpu: T0 : 0x10366    : auipc a4, 0                : IntAlu :  D=0x0000000000010366
  11000: system.cpu: T0 : 0x1036a    : addi a4, a4, 1808          : IntAlu :  D=0x0000000000010a76
  11500: system.cpu: T0 : 0x1036e    : c_mv a6, sp                : IntAlu :  D=0x7fffffffffffff30
  12000: system.cpu: T0 : 0x10370    : jal ra, 426                : IntAlu :  D=0x0000000000010374
  12500: system.cpu: T0 : 0x1051a    : c_addi16sp sp, -320        : IntAlu :  D=0x7ffffffffffffdf0
  13000: system.cpu: T0 : 0x1051c    : c_sdsp s0, 304(sp)         : MemWrite :  D=0x0000000000000000 A=0x7fffffffffffff20
  13500: system.cpu: T0 : 0x1051e    : c_sdsp s1, 296(sp)         : MemWrite :  D=0x0000000000000000 A=0x7fffffffffffff18
  14000: system.cpu: T0 : 0x10520    : c_sdsp s2, 288(sp)         : MemWrite :  D=0x0000000000000000 A=0x7fffffffffffff10
  14500: system.cpu: T0 : 0x10522    : c_sdsp a2, 16(sp)          : MemWrite :  D=0x7fffffffffffff38 A=0x7ffffffffffffe00
  15000: system.cpu: T0 : 0x10524    : c_sdsp ra, 312(sp)         : MemWrite :  D=0x0000000000010374 A=0x7fffffffffffff28
  16000: system.cpu: T0 : 0x10526    : addi t1, zero, 0           : IntAlu :  D=0x0000000000000000
  16500: system.cpu: T0 : 0x1052a    : c_sdsp a0, 24(sp)          : MemWrite :  D=0x00000000000104de A=0x7ffffffffffffe08
  17000: system.cpu: T0 : 0x1052c    : c_sdsp a1, 8(sp)           : MemWrite :  D=0x0000000000000001 A=0x7ffffffffffffdf8
  17500: system.cpu: T0 : 0x1052e    : c_mv s0, a3                : IntAlu :  D=0x00000000000109e6
  18000: system.cpu: T0 : 0x10530    : c_mv s1, a4                : IntAlu :  D=0x0000000000010a76
  18500: system.cpu: T0 : 0x10532    : c_mv s2, a5                : IntAlu :  D=0x0000000000000000
  19000: system.cpu: T0 : 0x10534    : c_li a2, 0                 : IntAlu :  D=0x0000000000000000
  20000: system.cpu: T0 : 0x10536    : beq t1, zero, 12           : IntAlu : 
  20500: system.cpu: T0 : 0x10542    : c_ldsp a5, 8(sp)           : MemRead :  D=0x0000000000000001 A=0x7ffffffffffffdf8
  21000: system.cpu: T0 : 0x10544    : addi a0, a5, 1             : IntAlu :  D=0x0000000000000002
  21500: system.cpu: T0 : 0x10548    : c_ldsp a5, 16(sp)          : MemRead :  D=0x7fffffffffffff38 A=0x7ffffffffffffe00
  22000: system.cpu: T0 : 0x1054a    : c_slli a0, 3               : IntAlu :  D=0x0000000000000010
  22500: system.cpu: T0 : 0x1054c    : c_add a0, a5               : IntAlu :  D=0x7fffffffffffff48
  23500: system.cpu: T0 : 0x1054e    : sw a2, -1728(gp)           : MemWrite :  D=0x0000000000000000 A=0x70968
  24500: system.cpu: T0 : 0x10552    : sd a0, -1360(gp)           : MemWrite :  D=0x7fffffffffffff48 A=0x70ad8
  25500: system.cpu: T0 : 0x10556    : lui a5, 111                : IntAlu :  D=0x000000000006f000
  26500: system.cpu: T0 : 0x1055a    : sd a6, -80(a5)             : MemWrite :  D=0x7fffffffffffff30 A=0x6efb0
  27000: system.cpu: T0 : 0x1055e    : c_ld a2, 0(a0)             : MemRead :  D=0x0000000000000000 A=0x7fffffffffffff48
  27500: system.cpu: T0 : 0x10560    : c_addi a0, 8               : IntAlu :  D=0x7fffffffffffff50
  28000: system.cpu: T0 : 0x10562    : c_bnez a2, -4              : IntAlu : 
  28500: system.cpu: T0 : 0x10564    : jal ra, 72964              : IntAlu :  D=0x0000000000010568
  29000: system.cpu: T0 : 0x22268    : c_ld a5, 0(a0)             : MemRead :  D=0x0000000000000009 A=0x7fffffffffffff50
  30000: system.cpu: T0 : 0x2226a    : lui a4, 114                : IntAlu :  D=0x0000000000072000
  31000: system.cpu: T0 : 0x2226e    : sd a0, -504(a4)            : MemWrite :  D=0x7fffffffffffff50 A=0x71e08
  32000: system.cpu: T0 : 0x22272    : beq a5, zero, 618          : IntAlu : 
  32500: system.cpu: T0 : 0x22276    : c_addi16sp sp, -224        : IntAlu :  D=0x7ffffffffffffd10
  33000: system.cpu: T0 : 0x22278    : c_sdsp s1, 208(sp)         : MemWrite :  D=0x0000000000010a76 A=0x7ffffffffffffde0
  34000: system.cpu: T0 : 0x2227a    : lui s1, 114                : IntAlu :  D=0x0000000000072000
  35000: system.cpu: T0 : 0x2227e    : ld a4, -432(s1)            : MemRead :  D=0x0000000000000000 A=0x71e50
  35500: system.cpu: T0 : 0x22282    : c_sdsp s3, 192(sp)         : MemWrite :  D=0x0000000000000000 A=0x7ffffffffffffdd0
  36000: system.cpu: T0 : 0x22284    : c_sdsp a4, 64(sp)          : MemWrite :  D=0x0000000000000000 A=0x7ffffffffffffd50
  37000: system.cpu: T0 : 0x22286    : ld a4, -1336(gp)           : MemRead :  D=0x0000000000000000 A=0x70af0
  38000: system.cpu: T0 : 0x2228a    : lui a6, 111                : IntAlu :  D=0x000000000006f000
  39000: system.cpu: T0 : 0x2228e    : addi a6, a6, -128          : IntAlu :  D=0x000000000006ef80
  39500: system.cpu: T0 : 0x22292    : c_sdsp a4, 32(sp)          : MemWrite :  D=0x0000000000000000 A=0x7ffffffffffffd30
  40000: system.cpu: T0 : 0x22294    : ld a4, 0(a6)               : MemRead :  D=0x0000000000000000 A=0x6ef80
  40500: system.cpu: T0 : 0x22298    : lui t3, 111                : IntAlu :  D=0x000000000006f000
  41000: system.cpu: T0 : 0x2229c    : lui t1, 114                : IntAlu :  D=0x0000000000072000
  41500: system.cpu: T0 : 0x222a0    : c_sdsp a4, 104(sp)         : MemWrite :  D=0x0000000000000000 A=0x7ffffffffffffd78
  42500: system.cpu: T0 : 0x222a2    : lw a4, -72(t3)             : MemRead :  D=0x0000000000000001 A=0x6efb8
  43000: system.cpu: T0 : 0x222a6    : c_sdsp s2, 200(sp)         : MemWrite :  D=0x0000000000000000 A=0x7ffffffffffffdd8
  43500: system.cpu: T0 : 0x222a8    : c_sdsp a4, 80(sp)          : MemWrite :  D=0x0000000000000001 A=0x7ffffffffffffd60
  44500: system.cpu: T0 : 0x222aa    : lw a4, -360(t1)            : MemRead :  D=0x0000000000000000 A=0x71e98
  45000: system.cpu: T0 : 0x222ae    : c_sdsp s4, 184(sp)         : MemWrite :  D=0x0000000000000000 A=0x7ffffffffffffdc8
  45500: system.cpu: T0 : 0x222b0    : c_sdsp a4, 96(sp)          : MemWrite :  D=0x0000000000000000 A=0x7ffffffffffffd70
  46500: system.cpu: T0 : 0x222b2    : lw a4, -1344(gp)           : MemRead :  D=0x0000000000000000 A=0x70ae8
  47000: system.cpu: T0 : 0x222b6    : c_sdsp s0, 216(sp)         : MemWrite :  D=0x00000000000109e6 A=0x7ffffffffffffde8
  47500: system.cpu: T0 : 0x222b8    : lui s0, 114                : IntAlu :  D=0x0000000000072000
  48000: system.cpu: T0 : 0x222bc    : c_sdsp a4, 48(sp)          : MemWrite :  D=0x0000000000000000 A=0x7ffffffffffffd40
  49000: system.cpu: T0 : 0x222be    : ld a4, -1328(gp)           : MemRead :  D=0x0000000000000000 A=0x70af8
  50000: system.cpu: T0 : 0x222c2    : lui t6, 114                : IntAlu :  D=0x0000000000072000
  50500: system.cpu: T0 : 0x222c6    : c_sdsp a4, 24(sp)          : MemWrite :  D=0x0000000000000000 A=0x7ffffffffffffd28
  51000: system.cpu: T0 : 0x222c8    : ld a4, -496(s0)            : MemRead :  D=0x0000000000000000 A=0x71e10
  51500: system.cpu: T0 : 0x222cc    : lui t2, 114                : IntAlu :  D=0x0000000000072000
  52000: system.cpu: T0 : 0x222d0    : lui t0, 114                : IntAlu :  D=0x0000000000072000
  52500: system.cpu: T0 : 0x222d4    : c_sdsp a4, 8(sp)           : MemWrite :  D=0x0000000000000000 A=0x7ffffffffffffd18
  53500: system.cpu: T0 : 0x222d6    : ld a4, -1784(gp)           : MemRead :  D=0x0000000000001000 A=0x70930
  54500: system.cpu: T0 : 0x222da    : lui a3, 80                 : IntAlu :  D=0x0000000000050000
  55000: system.cpu: T0 : 0x222de    : c_sdsp s5, 176(sp)         : MemWrite :  D=0x0000000000000000 A=0x7ffffffffffffdc0
  55500: system.cpu: T0 : 0x222e0    : c_sdsp s6, 168(sp)         : MemWrite :  D=0x0000000000000000 A=0x7ffffffffffffdb8
  56000: system.cpu: T0 : 0x222e2    : c_sdsp s7, 160(sp)         : MemWrite :  D=0x0000000000000000 A=0x7ffffffffffffdb0
  56500: system.cpu: T0 : 0x222e4    : c_sdsp s8, 152(sp)         : MemWrite :  D=0x0000000000000000 A=0x7ffffffffffffda8
  57000: system.cpu: T0 : 0x222e6    : c_sdsp s10, 136(sp)        : MemWrite :  D=0x0000000000000000 A=0x7ffffffffffffd98
  57500: system.cpu: T0 : 0x222e8    : c_sdsp s11, 128(sp)        : MemWrite :  D=0x0000000000000000 A=0x7ffffffffffffd90
  58000: system.cpu: T0 : 0x222ea    : c_sdsp a4, 120(sp)         : MemWrite :  D=0x0000000000001000 A=0x7ffffffffffffd88
  58500: system.cpu: T0 : 0x222ec    : lw s7, -440(t6)            : MemRead :  D=0x0000000000000000 A=0x71e48
  59000: system.cpu: T0 : 0x222f0    : ld s11, -408(t2)           : MemRead :  D=0x0000000000000000 A=0x71e68
  59500: system.cpu: T0 : 0x222f4    : c_sdsp s9, 144(sp)         : MemWrite :  D=0x0000000000000000 A=0x7ffffffffffffda0
  60000: system.cpu: T0 : 0x222f6    : c_li s10, 0                : IntAlu :  D=0x0000000000000000
  60500: system.cpu: T0 : 0x222f8    : ld s9, -464(t0)            : MemRead :  D=0x0000000000000000 A=0x71e30
  61000: system.cpu: T0 : 0x222fc    : c_li s8, 0                 : IntAlu :  D=0x0000000000000000
  61500: system.cpu: T0 : 0x222fe    : c_sdsp zero, 112(sp)       : MemWrite :  D=0x0000000000000000 A=0x7ffffffffffffd80
  62000: system.cpu: T0 : 0x22300    : c_sdsp zero, 88(sp)        : MemWrite :  D=0x0000000000000000 A=0x7ffffffffffffd68
  62500: system.cpu: T0 : 0x22302    : c_sdsp zero, 72(sp)        : MemWrite :  D=0x0000000000000000 A=0x7ffffffffffffd58
  63000: system.cpu: T0 : 0x22304    : c_sdsp zero, 56(sp)        : MemWrite :  D=0x0000000000000000 A=0x7ffffffffffffd48
  63500: system.cpu: T0 : 0x22306    : c_sdsp zero, 40(sp)        : MemWrite :  D=0x0000000000000000 A=0x7ffffffffffffd38
  64000: system.cpu: T0 : 0x22308    : c_sdsp zero, 16(sp)        : MemWrite :  D=0x0000000000000000 A=0x7ffffffffffffd20
  64500: system.cpu: T0 : 0x2230a    : c_li s6, 0                 : IntAlu :  D=0x0000000000000000
  65000: system.cpu: T0 : 0x2230c    : c_li s5, 0                 : IntAlu :  D=0x0000000000000000
  65500: system.cpu: T0 : 0x2230e    : c_li t5, 0                 : IntAlu :  D=0x0000000000000000
  66000: system.cpu: T0 : 0x22310    : c_li a7, 0                 : IntAlu :  D=0x0000000000000000
  66500: system.cpu: T0 : 0x22312    : c_li a1, 0                 : IntAlu :  D=0x0000000000000000
  67000: system.cpu: T0 : 0x22314    : c_li a2, 0                 : IntAlu :  D=0x0000000000000000
  67500: system.cpu: T0 : 0x22316    : c_li a4, 30                : IntAlu :  D=0x000000000000001e
  68000: system.cpu: T0 : 0x22318    : addi a3, a3, -1120         : IntAlu :  D=0x000000000004fba0
  68500: system.cpu: T0 : 0x2231c    : c_addi a5, -3              : IntAlu :  D=0x0000000000000006
  69500: system.cpu: T0 : 0x2231e    : bltu a4, a5, 20            : IntAlu : 
  70000: system.cpu: T0 : 0x22322    : c_slli a5, 2               : IntAlu :  D=0x0000000000000018
  70500: system.cpu: T0 : 0x22324    : c_add a5, a3               : IntAlu :  D=0x000000000004fbb8
  71000: system.cpu: T0 : 0x22326    : c_lw a5, 0(a5)             : MemRead :  D=0x0000000000022332 A=0x4fbb8
  71500: system.cpu: T0 : 0x22328    : c_jr a5                    : IntAlu : 
  72000: system.cpu: T0 : 0x22332    : c_ld a5, 16(a0)            : MemRead :  D=0x0000000000000005 A=0x7fffffffffffff60
  72500: system.cpu: T0 : 0x22334    : c_addi a0, 16              : IntAlu :  D=0x7fffffffffffff60
  73000: system.cpu: T0 : 0x22336    : c_bnez a5, -26             : IntAlu : 
  73500: system.cpu: T0 : 0x2231c    : c_addi a5, -3              : IntAlu :  D=0x0000000000000002
  74500: system.cpu: T0 : 0x2231e    : bltu a4, a5, 20            : IntAlu : 
  75000: system.cpu: T0 : 0x22322    : c_slli a5, 2               : IntAlu :  D=0x0000000000000008
  75500: system.cpu: T0 : 0x22324    : c_add a5, a3               : IntAlu :  D=0x000000000004fba8
  76000: system.cpu: T0 : 0x22326    : c_lw a5, 0(a5)             : MemRead :  D=0x00000000000224b0 A=0x4fba8
  76500: system.cpu: T0 : 0x22328    : c_jr a5                    : IntAlu : 
  77000: system.cpu: T0 : 0x224b0    : c_ld a5, 16(a0)            : MemRead :  D=0x0000000000000004 A=0x7fffffffffffff70
  78000: system.cpu: T0 : 0x224b2    : ld s11, 8(a0)              : MemRead :  D=0x0000000000000006 A=0x7fffffffffffff68
  78500: system.cpu: T0 : 0x224b6    : c_li s8, 1                 : IntAlu :  D=0x0000000000000001
  79000: system.cpu: T0 : 0x224b8    : c_addi a0, 16              : IntAlu :  D=0x7fffffffffffff70
  80000: system.cpu: T0 : 0x224ba    : bne a5, zero, -414         : IntAlu : 
  80500: system.cpu: T0 : 0x2231c    : c_addi a5, -3              : IntAlu :  D=0x0000000000000001
  81500: system.cpu: T0 : 0x2231e    : bltu a4, a5, 20            : IntAlu : 
  82000: system.cpu: T0 : 0x22322    : c_slli a5, 2               : IntAlu :  D=0x0000000000000004
  82500: system.cpu: T0 : 0x22324    : c_add a5, a3               : IntAlu :  D=0x000000000004fba4
  83000: system.cpu: T0 : 0x22326    : c_lw a5, 0(a5)             : MemRead :  D=0x0000000000022332 A=0x4fba4
  83500: system.cpu: T0 : 0x22328    : c_jr a5                    : IntAlu : 
  84000: system.cpu: T0 : 0x22332    : c_ld a5, 16(a0)            : MemRead :  D=0x0000000000000003 A=0x7fffffffffffff80
  84500: system.cpu: T0 : 0x22334    : c_addi a0, 16              : IntAlu :  D=0x7fffffffffffff80
  85000: system.cpu: T0 : 0x22336    : c_bnez a5, -26             : IntAlu : 
  85500: system.cpu: T0 : 0x2231c    : c_addi a5, -3              : IntAlu :  D=0x0000000000000000
  86500: system.cpu: T0 : 0x2231e    : bltu a4, a5, 20            : IntAlu : 
  87000: system.cpu: T0 : 0x22322    : c_slli a5, 2               : IntAlu :  D=0x0000000000000000
  87500: system.cpu: T0 : 0x22324    : c_add a5, a3               : IntAlu :  D=0x000000000004fba0
  88000: system.cpu: T0 : 0x22326    : c_lw a5, 0(a5)             : MemRead :  D=0x00000000000224c0 A=0x4fba0
  88500: system.cpu: T0 : 0x22328    : c_jr a5                    : IntAlu : 
  89000: system.cpu: T0 : 0x224c0    : c_ld a5, 16(a0)            : MemRead :  D=0x0000000000000006 A=0x7fffffffffffff90
  90000: system.cpu: T0 : 0x224c2    : ld s9, 8(a0)               : MemRead :  D=0x0000000000010040 A=0x7fffffffffffff88
  90500: system.cpu: T0 : 0x224c6    : c_li s6, 1                 : IntAlu :  D=0x0000000000000001
  91000: system.cpu: T0 : 0x224c8    : c_addi a0, 16              : IntAlu :  D=0x7fffffffffffff90
  92000: system.cpu: T0 : 0x224ca    : bne a5, zero, -430         : IntAlu : 
  92500: system.cpu: T0 : 0x2231c    : c_addi a5, -3              : IntAlu :  D=0x0000000000000003
  93500: system.cpu: T0 : 0x2231e    : bltu a4, a5, 20            : IntAlu : 
  94000: system.cpu: T0 : 0x22322    : c_slli a5, 2               : IntAlu :  D=0x000000000000000c
  94500: system.cpu: T0 : 0x22324    : c_add a5, a3               : IntAlu :  D=0x000000000004fbac
  95000: system.cpu: T0 : 0x22326    : c_lw a5, 0(a5)             : MemRead :  D=0x000000000002232a A=0x4fbac
  95500: system.cpu: T0 : 0x22328    : c_jr a5                    : IntAlu : 
  96000: system.cpu: T0 : 0x2232a    : c_ld a5, 8(a0)             : MemRead :  D=0x0000000000001000 A=0x7fffffffffffff98
  96500: system.cpu: T0 : 0x2232c    : c_beqz a5, 6               : IntAlu : 
  97000: system.cpu: T0 : 0x2232e    : c_sdsp a5, 120(sp)         : MemWrite :  D=0x0000000000001000 A=0x7ffffffffffffd88
  97500: system.cpu: T0 : 0x22330    : c_li t5, 1                 : IntAlu :  D=0x0000000000000001
  98000: system.cpu: T0 : 0x22332    : c_ld a5, 16(a0)            : MemRead :  D=0x0000000000000017 A=0x7fffffffffffffa0
  98500: system.cpu: T0 : 0x22334    : c_addi a0, 16              : IntAlu :  D=0x7fffffffffffffa0
  99000: system.cpu: T0 : 0x22336    : c_bnez a5, -26             : IntAlu : 
  99500: system.cpu: T0 : 0x2231c    : c_addi a5, -3              : IntAlu :  D=0x0000000000000014
 100500: system.cpu: T0 : 0x2231e    : bltu a4, a5, 20            : IntAlu : 
 101000: system.cpu: T0 : 0x22322    : c_slli a5, 2               : IntAlu :  D=0x0000000000000050
 101500: system.cpu: T0 : 0x22324    : c_add a5, a3               : IntAlu :  D=0x000000000004fbf0
 102000: system.cpu: T0 : 0x22326    : c_lw a5, 0(a5)             : MemRead :  D=0x0000000000022404 A=0x4fbf0
 102500: system.cpu: T0 : 0x22328    : c_jr a5                    : IntAlu : 
 103000: system.cpu: T0 : 0x22404    : c_lw a5, 8(a0)             : MemRead :  D=0x0000000000000000 A=0x7fffffffffffffa8
 103500: system.cpu: T0 : 0x22406    : c_li a2, -1                : IntAlu :  D=0xffffffffffffffff
 104000: system.cpu: T0 : 0x22408    : c_addi a0, 16              : IntAlu :  D=0x7fffffffffffffb0
 104500: system.cpu: T0 : 0x2240a    : c_sdsp a5, 80(sp)          : MemWrite :  D=0x0000000000000000 A=0x7ffffffffffffd60
 105000: system.cpu: T0 : 0x2240c    : c_li a5, 1                 : IntAlu :  D=0x0000000000000001
 105500: system.cpu: T0 : 0x2240e    : c_sdsp a5, 96(sp)          : MemWrite :  D=0x0000000000000001 A=0x7ffffffffffffd70
 106000: system.cpu: T0 : 0x22410    : c_sdsp a5, 88(sp)          : MemWrite :  D=0x0000000000000001 A=0x7ffffffffffffd68
 106500: system.cpu: T0 : 0x22412    : c_ld a5, 0(a0)             : MemRead :  D=0x0000000000000019 A=0x7fffffffffffffb0
 107000: system.cpu: T0 : 0x22414    : c_bnez a5, -248            : IntAlu : 
 107500: system.cpu: T0 : 0x2231c    : c_addi a5, -3              : IntAlu :  D=0x0000000000000016
 108500: system.cpu: T0 : 0x2231e    : bltu a4, a5, 20            : IntAlu : 
 109000: system.cpu: T0 : 0x22322    : c_slli a5, 2               : IntAlu :  D=0x0000000000000058
 109500: system.cpu: T0 : 0x22324    : c_add a5, a3               : IntAlu :  D=0x000000000004fbf8
 110000: system.cpu: T0 : 0x22326    : c_lw a5, 0(a5)             : MemRead :  D=0x00000000000223f4 A=0x4fbf8
 110500: system.cpu: T0 : 0x22328    : c_jr a5                    : IntAlu : 
 111000: system.cpu: T0 : 0x223f4    : c_ld a5, 8(a0)             : MemRead :  D=0x7fffffffffffffd0 A=0x7fffffffffffffb8
 111500: system.cpu: T0 : 0x223f6    : c_addi a0, 16              : IntAlu :  D=0x7fffffffffffffc0
 112000: system.cpu: T0 : 0x223f8    : c_sdsp a5, 104(sp)         : MemWrite :  D=0x7fffffffffffffd0 A=0x7ffffffffffffd78
 112500: system.cpu: T0 : 0x223fa    : c_li a5, 1                 : IntAlu :  D=0x0000000000000001
 113000: system.cpu: T0 : 0x223fc    : c_sdsp a5, 112(sp)         : MemWrite :  D=0x0000000000000001 A=0x7ffffffffffffd80
 113500: system.cpu: T0 : 0x223fe    : c_ld a5, 0(a0)             : MemRead :  D=0x0000000000000000 A=0x7fffffffffffffc0
 114000: system.cpu: T0 : 0x22400    : c_bnez a5, -228            : IntAlu : 
 114500: system.cpu: T0 : 0x22402    : c_j -202                   : IntAlu : 
 115000: system.cpu: T0 : 0x22338    : bne t5, zero, 408          : IntAlu : 
 115500: system.cpu: T0 : 0x224d0    : c_ldsp a5, 120(sp)         : MemRead :  D=0x0000000000001000 A=0x7ffffffffffffd88
 116500: system.cpu: T0 : 0x224d2    : sd a5, -1784(gp)           : MemWrite :  D=0x0000000000001000 A=0x70930
 117500: system.cpu: T0 : 0x224d6    : bne s5, zero, -406         : IntAlu : 
 118000: system.cpu: T0 : 0x224da    : c_j -406                   : IntAlu : 
 118500: system.cpu: T0 : 0x22344    : beq s6, zero, 8            : IntAlu : 
 119000: system.cpu: T0 : 0x22348    : sd s9, -464(t0)            : MemWrite :  D=0x0000000000010040 A=0x71e30
 119500: system.cpu: T0 : 0x2234c    : beq s8, zero, 8            : IntAlu : 
 120000: system.cpu: T0 : 0x22350    : sd s11, -408(t2)           : MemWrite :  D=0x0000000000000006 A=0x71e68
 120500: system.cpu: T0 : 0x22354    : beq s10, zero, 10          : IntAlu : 
 121000: system.cpu: T0 : 0x2235e    : c_ldsp a5, 16(sp)          : MemRead :  D=0x0000000000000000 A=0x7ffffffffffffd20
 121500: system.cpu: T0 : 0x22360    : c_beqz a5, 8               : IntAlu : 
 122000: system.cpu: T0 : 0x22368    : c_ldsp a5, 40(sp)          : MemRead :  D=0x0000000000000000 A=0x7ffffffffffffd38
 122500: system.cpu: T0 : 0x2236a    : c_beqz a5, 8               : IntAlu : 
 123000: system.cpu: T0 : 0x22372    : c_ldsp a5, 56(sp)          : MemRead :  D=0x0000000000000000 A=0x7ffffffffffffd48
 123500: system.cpu: T0 : 0x22374    : c_beqz a5, 8               : IntAlu : 
 124000: system.cpu: T0 : 0x2237c    : c_ldsp a5, 72(sp)          : MemRead :  D=0x0000000000000000 A=0x7ffffffffffffd58
 124500: system.cpu: T0 : 0x2237e    : c_beqz a5, 8               : IntAlu : 
 125000: system.cpu: T0 : 0x22386    : c_ldsp a5, 88(sp)          : MemRead :  D=0x0000000000000001 A=0x7ffffffffffffd68
 125500: system.cpu: T0 : 0x22388    : c_beqz a5, 14              : IntAlu : 
 126000: system.cpu: T0 : 0x2238a    : c_ldsp a5, 80(sp)          : MemRead :  D=0x0000000000000000 A=0x7ffffffffffffd60
 126500: system.cpu: T0 : 0x2238c    : sw a5, -72(t3)             : MemWrite :  D=0x0000000000000000 A=0x6efb8
 127000: system.cpu: T0 : 0x22390    : c_ldsp a5, 96(sp)          : MemRead :  D=0x0000000000000001 A=0x7ffffffffffffd70
 128000: system.cpu: T0 : 0x22392    : sw a5, -360(t1)            : MemWrite :  D=0x0000000000000001 A=0x71e98
 128500: system.cpu: T0 : 0x22396    : c_ldsp a5, 112(sp)         : MemRead :  D=0x0000000000000001 A=0x7ffffffffffffd80
 129000: system.cpu: T0 : 0x22398    : c_beqz a5, 8               : IntAlu : 
 129500: system.cpu: T0 : 0x2239a    : c_ldsp a5, 104(sp)         : MemRead :  D=0x7fffffffffffffd0 A=0x7ffffffffffffd78
 130000: system.cpu: T0 : 0x2239c    : sd a5, 0(a6)               : MemWrite :  D=0x7fffffffffffffd0 A=0x6ef80
 130500: system.cpu: T0 : 0x223a0    : c_li a5, 15                : IntAlu :  D=0x000000000000000f
 131500: system.cpu: T0 : 0x223a2    : bne a2, a5, 22             : IntAlu : 
 132000: system.cpu: T0 : 0x223b8    : c_ldsp s0, 216(sp)         : MemRead :  D=0x00000000000109e6 A=0x7ffffffffffffde8
 132500: system.cpu: T0 : 0x223ba    : c_ldsp s1, 208(sp)         : MemRead :  D=0x0000000000010a76 A=0x7ffffffffffffde0
 133000: system.cpu: T0 : 0x223bc    : c_ldsp s2, 200(sp)         : MemRead :  D=0x0000000000000000 A=0x7ffffffffffffdd8
 133500: system.cpu: T0 : 0x223be    : c_ldsp s3, 192(sp)         : MemRead :  D=0x0000000000000000 A=0x7ffffffffffffdd0
 134000: system.cpu: T0 : 0x223c0    : c_ldsp s4, 184(sp)         : MemRead :  D=0x0000000000000000 A=0x7ffffffffffffdc8
 134500: system.cpu: T0 : 0x223c2    : c_ldsp s5, 176(sp)         : MemRead :  D=0x0000000000000000 A=0x7ffffffffffffdc0
 135000: system.cpu: T0 : 0x223c4    : c_ldsp s6, 168(sp)         : MemRead :  D=0x0000000000000000 A=0x7ffffffffffffdb8
 135500: system.cpu: T0 : 0x223c6    : c_ldsp s7, 160(sp)         : MemRead :  D=0x0000000000000000 A=0x7ffffffffffffdb0
 136000: system.cpu: T0 : 0x223c8    : c_ldsp s8, 152(sp)         : MemRead :  D=0x0000000000000000 A=0x7ffffffffffffda8
 136500: system.cpu: T0 : 0x223ca    : c_ldsp s9, 144(sp)         : MemRead :  D=0x0000000000000000 A=0x7ffffffffffffda0
 137000: system.cpu: T0 : 0x223cc    : c_ldsp s10, 136(sp)        : MemRead :  D=0x0000000000000000 A=0x7ffffffffffffd98
 137500: system.cpu: T0 : 0x223ce    : c_ldsp s11, 128(sp)        : MemRead :  D=0x0000000000000000 A=0x7ffffffffffffd90
 138000: system.cpu: T0 : 0x223d0    : c_addi16sp sp, 224         : IntAlu :  D=0x7ffffffffffffdf0
 138500: system.cpu: T0 : 0x223d2    : c_jr ra                    : IntAlu : 
 139000: system.cpu: T0 : 0x10568    : lui a5, 114                : IntAlu :  D=0x0000000000072000
 139500: system.cpu: T0 : 0x1056c    : ld a4, -464(a5)            : MemRead :  D=0x0000000000010040 A=0x71e30
 140000: system.cpu: T0 : 0x10570    : beq a4, zero, 320          : IntAlu : 
 140500: system.cpu: T0 : 0x10574    : jal ra, 75470              : IntAlu :  D=0x0000000000010578
 141500: system.cpu: T0 : 0x22c42    : lui a5, 114                : IntAlu :  D=0x0000000000072000
 142500: system.cpu: T0 : 0x22c46    : lw a5, -360(a5)            : MemRead :  D=0x0000000000000001 A=0x71e98
 143000: system.cpu: T0 : 0x22c4a    : c_beqz a5, 4               : IntAlu : 
 143500: system.cpu: T0 : 0x22c4c    : c_jr ra                    : IntAlu : 
 144000: system.cpu: T0 : 0x10578    : ld a0, -1360(gp)           : MemRead :  D=0x7fffffffffffff48 A=0x70ad8
 144500: system.cpu: T0 : 0x1057c    : jal ra, 71968              : IntAlu :  D=0x0000000000010580
 145000: system.cpu: T0 : 0x21e9c    : c_addi16sp sp, -128        : IntAlu :  D=0x7ffffffffffffd70
 145500: system.cpu: T0 : 0x21e9e    : c_sdsp s4, 80(sp)          : MemWrite :  D=0x0000000000000000 A=0x7ffffffffffffdc0
 146000: system.cpu: T0 : 0x21ea0    : lui s4, 111                : IntAlu :  D=0x000000000006f000
 146500: system.cpu: T0 : 0x21ea4    : lw a5, -72(s4)             : MemRead :  D=0x0000000000000000 A=0x6efb8
 147000: system.cpu: T0 : 0x21ea8    : c_sdsp s7, 56(sp)          : MemWrite :  D=0x0000000000000000 A=0x7ffffffffffffda8
 147500: system.cpu: T0 : 0x21eaa    : c_sdsp ra, 120(sp)         : MemWrite :  D=0x0000000000010580 A=0x7ffffffffffffde8
 148000: system.cpu: T0 : 0x21eac    : c_sdsp s0, 112(sp)         : MemWrite :  D=0x00000000000109e6 A=0x7ffffffffffffde0
 148500: system.cpu: T0 : 0x21eae    : c_sdsp s1, 104(sp)         : MemWrite :  D=0x0000000000010a76 A=0x7ffffffffffffdd8
 149000: system.cpu: T0 : 0x21eb0    : c_sdsp s2, 96(sp)          : MemWrite :  D=0x0000000000000000 A=0x7ffffffffffffdd0
 149500: system.cpu: T0 : 0x21eb2    : c_sdsp s3, 88(sp)          : MemWrite :  D=0x0000000000000000 A=0x7ffffffffffffdc8
 150000: system.cpu: T0 : 0x21eb4    : c_sdsp s5, 72(sp)          : MemWrite :  D=0x0000000000000000 A=0x7ffffffffffffdb8
 150500: system.cpu: T0 : 0x21eb6    : c_sdsp s6, 64(sp)          : MemWrite :  D=0x0000000000000000 A=0x7ffffffffffffdb0
 151000: system.cpu: T0 : 0x21eb8    : c_sdsp s8, 48(sp)          : MemWrite :  D=0x0000000000000000 A=0x7ffffffffffffda0
 151500: system.cpu: T0 : 0x21eba    : c_sdsp s9, 40(sp)          : MemWrite :  D=0x0000000000000000 A=0x7ffffffffffffd98
 152000: system.cpu: T0 : 0x21ebc    : c_sdsp s10, 32(sp)         : MemWrite :  D=0x0000000000000000 A=0x7ffffffffffffd90
 152500: system.cpu: T0 : 0x21ebe    : c_sdsp s11, 24(sp)         : MemWrite :  D=0x0000000000000000 A=0x7ffffffffffffd88
 153000: system.cpu: T0 : 0x21ec0    : c_mv s7, a0                : IntAlu :  D=0x7fffffffffffff48
 154000: system.cpu: T0 : 0x21ec2    : bne a5, zero, 750          : IntAlu : 
 155000: system.cpu: T0 : 0x21ec6    : lui s0, 111                : IntAlu :  D=0x000000000006f000
 156000: system.cpu: T0 : 0x21eca    : addi s3, zero, 61          : IntAlu :  D=0x000000000000003d
 157000: system.cpu: T0 : 0x21ece    : lui s1, 80                 : IntAlu :  D=0x0000000000050000
 158000: system.cpu: T0 : 0x21ed2    : addi s6, s0, -1248         : IntAlu :  D=0x000000000006eb20
 159000: system.cpu: T0 : 0x21ed6    : beq s7, zero, 166          : IntAlu : 
 159500: system.cpu: T0 : 0x21eda    : c_mv a3, s7                : IntAlu :  D=0x7fffffffffffff48
 160000: system.cpu: T0 : 0x21edc    : ld s9, 0(a3)               : MemRead :  D=0x0000000000000000 A=0x7fffffffffffff48
 160500: system.cpu: T0 : 0x21ee0    : c_mv s5, a3                : IntAlu :  D=0x7fffffffffffff48
 161500: system.cpu: T0 : 0x21ee2    : beq s9, zero, 154          : IntAlu : 
 162000: system.cpu: T0 : 0x21f7c    : c_ldsp ra, 120(sp)         : MemRead :  D=0x0000000000010580 A=0x7ffffffffffffde8
 162500: system.cpu: T0 : 0x21f7e    : c_ldsp s0, 112(sp)         : MemRead :  D=0x00000000000109e6 A=0x7ffffffffffffde0
 163000: system.cpu: T0 : 0x21f80    : c_ldsp s1, 104(sp)         : MemRead :  D=0x0000000000010a76 A=0x7ffffffffffffdd8
 163500: system.cpu: T0 : 0x21f82    : c_ldsp s2, 96(sp)          : MemRead :  D=0x0000000000000000 A=0x7ffffffffffffdd0
 164000: system.cpu: T0 : 0x21f84    : c_ldsp s3, 88(sp)          : MemRead :  D=0x0000000000000000 A=0x7ffffffffffffdc8
 164500: system.cpu: T0 : 0x21f86    : c_ldsp s4, 80(sp)          : MemRead :  D=0x0000000000000000 A=0x7ffffffffffffdc0
 165000: system.cpu: T0 : 0x21f88    : c_ldsp s5, 72(sp)          : MemRead :  D=0x0000000000000000 A=0x7ffffffffffffdb8
 165500: system.cpu: T0 : 0x21f8a    : c_ldsp s6, 64(sp)          : MemRead :  D=0x0000000000000000 A=0x7ffffffffffffdb0
 166000: system.cpu: T0 : 0x21f8c    : c_ldsp s7, 56(sp)          : MemRead :  D=0x0000000000000000 A=0x7ffffffffffffda8
 166500: system.cpu: T0 : 0x21f8e    : c_ldsp s8, 48(sp)          : MemRead :  D=0x0000000000000000 A=0x7ffffffffffffda0
 167000: system.cpu: T0 : 0x21f90    : c_ldsp s9, 40(sp)          : MemRead :  D=0x0000000000000000 A=0x7ffffffffffffd98
 167500: system.cpu: T0 : 0x21f92    : c_ldsp s10, 32(sp)         : MemRead :  D=0x0000000000000000 A=0x7ffffffffffffd90
 168000: system.cpu: T0 : 0x21f94    : c_ldsp s11, 24(sp)         : MemRead :  D=0x0000000000000000 A=0x7ffffffffffffd88
 168500: system.cpu: T0 : 0x21f96    : c_addi16sp sp, 128         : IntAlu :  D=0x7ffffffffffffdf0
 169000: system.cpu: T0 : 0x21f98    : c_jr ra                    : IntAlu : 
 169500: system.cpu: T0 : 0x10580    : jal ra, 664                : IntAlu :  D=0x0000000000010584
 170000: system.cpu: T0 : 0x10818    : c_addi16sp sp, -128        : IntAlu :  D=0x7ffffffffffffd70
 171000: system.cpu: T0 : 0x1081a    : lui a5, 114                : IntAlu :  D=0x0000000000072000
 171500: system.cpu: T0 : 0x1081e    : c_sdsp s0, 112(sp)         : MemWrite :  D=0x00000000000109e6 A=0x7ffffffffffffde0
 172000: system.cpu: T0 : 0x10820    : ld s0, -464(a5)            : MemRead :  D=0x0000000000010040 A=0x71e30
 172500: system.cpu: T0 : 0x10824    : c_sdsp s3, 88(sp)          : MemWrite :  D=0x0000000000000000 A=0x7ffffffffffffdc8
 173500: system.cpu: T0 : 0x10826    : lui a5, 112                : IntAlu :  D=0x0000000000070000
 174000: system.cpu: T0 : 0x1082a    : c_sdsp ra, 120(sp)         : MemWrite :  D=0x0000000000010584 A=0x7ffffffffffffde8
 174500: system.cpu: T0 : 0x1082c    : c_sdsp s1, 104(sp)         : MemWrite :  D=0x0000000000010a76 A=0x7ffffffffffffdd8
 175000: system.cpu: T0 : 0x1082e    : c_sdsp s2, 96(sp)          : MemWrite :  D=0x0000000000000000 A=0x7ffffffffffffdd0
 175500: system.cpu: T0 : 0x10830    : c_sdsp s4, 80(sp)          : MemWrite :  D=0x0000000000000000 A=0x7ffffffffffffdc0
 176000: system.cpu: T0 : 0x10832    : c_sdsp s5, 72(sp)          : MemWrite :  D=0x0000000000000000 A=0x7ffffffffffffdb8
 176500: system.cpu: T0 : 0x10834    : c_sdsp s6, 64(sp)          : MemWrite :  D=0x0000000000000000 A=0x7ffffffffffffdb0
 177000: system.cpu: T0 : 0x10836    : c_sdsp s7, 56(sp)          : MemWrite :  D=0x0000000000000000 A=0x7ffffffffffffda8
 177500: system.cpu: T0 : 0x10838    : c_sdsp s8, 48(sp)          : MemWrite :  D=0x0000000000000000 A=0x7ffffffffffffda0
 178000: system.cpu: T0 : 0x1083a    : c_sdsp s9, 40(sp)          : MemWrite :  D=0x0000000000000000 A=0x7ffffffffffffd98
 178500: system.cpu: T0 : 0x1083c    : c_sdsp s10, 32(sp)         : MemWrite :  D=0x0000000000000000 A=0x7ffffffffffffd90
 179000: system.cpu: T0 : 0x1083e    : c_sdsp s11, 24(sp)         : MemWrite :  D=0x0000000000000000 A=0x7ffffffffffffd88
 179500: system.cpu: T0 : 0x10840    : ld s3, 816(a5)             : MemRead :  D=0x000000000006fe60 A=0x70330
 180000: system.cpu: T0 : 0x10844    : beq s0, zero, 368          : IntAlu : 
 180500: system.cpu: T0 : 0x10848    : lui a5, 114                : IntAlu :  D=0x0000000000072000
 181000: system.cpu: T0 : 0x1084c    : ld a5, -408(a5)            : MemRead :  D=0x0000000000000006 A=0x71e68
 181500: system.cpu: T0 : 0x10850    : slli a4, a5, 3             : IntAlu :  D=0x0000000000000030
 182000: system.cpu: T0 : 0x10854    : c_sub a4, a5               : IntAlu :  D=0x000000000000002a
 182500: system.cpu: T0 : 0x10856    : c_slli a4, 3               : IntAlu :  D=0x0000000000000150
 183000: system.cpu: T0 : 0x10858    : c_add a4, s0               : IntAlu :  D=0x0000000000010190
 184000: system.cpu: T0 : 0x1085a    : bgeu s0, a4, 322           : IntAlu : 
 184500: system.cpu: T0 : 0x1085e    : c_li a3, 7                 : IntAlu :  D=0x0000000000000007
 185000: system.cpu: T0 : 0x10860    : c_j 10                     : IntAlu : 
 185500: system.cpu: T0 : 0x1086a    : c_lw a5, 0(s0)             : MemRead :  D=0x0000000000000001 A=0x10040
 186000: system.cpu: T0 : 0x1086c    : bne a5, a3, -10            : IntAlu : 
 187000: system.cpu: T0 : 0x10862    : addi s0, s0, 56            : IntAlu :  D=0x0000000000010078
 188000: system.cpu: T0 : 0x10866    : bgeu s0, a4, 310           : IntAlu : 
 188500: system.cpu: T0 : 0x1086a    : c_lw a5, 0(s0)             : MemRead :  D=0x0000000000000001 A=0x10078
 189000: system.cpu: T0 : 0x1086c    : bne a5, a3, -10            : IntAlu : 
 190000: system.cpu: T0 : 0x10862    : addi s0, s0, 56            : IntAlu :  D=0x00000000000100b0
 191000: system.cpu: T0 : 0x10866    : bgeu s0, a4, 310           : IntAlu : 
 191500: system.cpu: T0 : 0x1086a    : c_lw a5, 0(s0)             : MemRead :  D=0x0000000000000004 A=0x100b0
 192000: system.cpu: T0 : 0x1086c    : bne a5, a3, -10            : IntAlu : 
 193000: system.cpu: T0 : 0x10862    : addi s0, s0, 56            : IntAlu :  D=0x00000000000100e8
 194000: system.cpu: T0 : 0x10866    : bgeu s0, a4, 310           : IntAlu : 
 194500: system.cpu: T0 : 0x1086a    : c_lw a5, 0(s0)             : MemRead :  D=0x0000000000000007 A=0x100e8
 195000: system.cpu: T0 : 0x1086c    : bne a5, a3, -10            : IntAlu : 
 195500: system.cpu: T0 : 0x10870    : ld s5, 48(s0)              : MemRead :  D=0x0000000000000008 A=0x10118
 196000: system.cpu: T0 : 0x10874    : ld a1, 0(s3)               : MemRead :  D=0x0000000000000000 A=0x6fe60
 196500: system.cpu: T0 : 0x10878    : c_ld a4, 16(s0)            : MemRead :  D=0x000000000006ead0 A=0x100f8
 197000: system.cpu: T0 : 0x1087a    : c_li a5, 16                : IntAlu :  D=0x0000000000000010
 197500: system.cpu: T0 : 0x1087c    : ld s10, 40(s0)             : MemRead :  D=0x0000000000000060 A=0x10110
 198000: system.cpu: T0 : 0x10880    : ld s4, 32(s0)              : MemRead :  D=0x0000000000000020 A=0x10108
 198500: system.cpu: T0 : 0x10884    : c_mv s8, s5                : IntAlu :  D=0x0000000000000008
 199500: system.cpu: T0 : 0x10886    : add s0, a1, a4             : IntAlu :  D=0x000000000006ead0
 200500: system.cpu: T0 : 0x1088a    : bltu s5, a5, 260           : IntAlu : 
 201000: system.cpu: T0 : 0x1098e    : c_li s8, 16                : IntAlu :  D=0x0000000000000010
 201500: system.cpu: T0 : 0x10990    : addi a4, s8, -1            : IntAlu :  D=0x000000000000000f
 202000: system.cpu: T0 : 0x10994    : c_mv s9, s5                : IntAlu :  D=0x0000000000000008
 203000: system.cpu: T0 : 0x10996    : bne s5, zero, -254         : IntAlu : 
 203500: system.cpu: T0 : 0x10898    : sub s11, zero, s8          : IntAlu :  D=0xfffffffffffffff0
 204000: system.cpu: T0 : 0x1089c    : beq s5, zero, 302          : IntAlu : 
 204500: system.cpu: T0 : 0x108a0    : addi s2, s5, -1            : IntAlu :  D=0x0000000000000007
 205000: system.cpu: T0 : 0x108a4    : divu a5, s2, s9            : IntDiv :  D=0x0000000000000000
 205500: system.cpu: T0 : 0x108a8    : c_add s2, s10              : IntAlu :  D=0x0000000000000067
 206500: system.cpu: T0 : 0x108aa    : mul s7, a5, s9             : IntMult :  D=0x0000000000000000
 207000: system.cpu: T0 : 0x108ae    : c_mv a5, s7                : IntAlu :  D=0x0000000000000000
 207500: system.cpu: T0 : 0x108b0    : ld a0, -1968(gp)           : MemRead :  D=0x0000000000000800 A=0x70878
 208000: system.cpu: T0 : 0x108b4    : c_sdsp a5, 8(sp)           : MemWrite :  D=0x0000000000000000 A=0x7ffffffffffffd78
 208500: system.cpu: T0 : 0x108b6    : c_sdsp a4, 0(sp)           : MemWrite :  D=0x000000000000000f A=0x7ffffffffffffd70
 209000: system.cpu: T0 : 0x108b8    : addi a0, a0, 1808          : IntAlu :  D=0x0000000000000f10
 209500: system.cpu: T0 : 0x108bc    : c_add a0, s10              : IntAlu :  D=0x0000000000000f70
 210000: system.cpu: T0 : 0x108be    : c_add a0, s8               : IntAlu :  D=0x0000000000000f80
 210500: system.cpu: T0 : 0x108c0    : c_add a0, s7               : IntAlu :  D=0x0000000000000f80
 211500: system.cpu: T0 : 0x108c2    : jal ra, 67206              : IntAlu :  D=0x00000000000108c6
 212000: system.cpu: T0 : 0x20f48    : c_addi sp, -32             : IntAlu :  D=0x7ffffffffffffd50
 212500: system.cpu: T0 : 0x20f4a    : c_sdsp s2, 0(sp)           : MemWrite :  D=0x0000000000000067 A=0x7ffffffffffffd50
 213000: system.cpu: T0 : 0x20f4c    : c_sdsp s1, 8(sp)           : MemWrite :  D=0x0000000000010a76 A=0x7ffffffffffffd58
 214000: system.cpu: T0 : 0x20f4e    : ld s1, -1200(gp)           : MemRead :  D=0x0000000000000000 A=0x70b78
 214500: system.cpu: T0 : 0x20f52    : c_sdsp s0, 16(sp)          : MemWrite :  D=0x000000000006ead0 A=0x7ffffffffffffd60
 215000: system.cpu: T0 : 0x20f54    : c_sdsp ra, 24(sp)          : MemWrite :  D=0x00000000000108c6 A=0x7ffffffffffffd68
 215500: system.cpu: T0 : 0x20f56    : c_mv s0, a0                : IntAlu :  D=0x0000000000000f80
 216000: system.cpu: T0 : 0x20f58    : c_beqz s1, 46              : IntAlu : 
 216500: system.cpu: T0 : 0x20f86    : c_li a0, 0                 : IntAlu :  D=0x0000000000000000
 217000: system.cpu: T0 : 0x20f88    : jal ra, 98418              : IntAlu :  D=0x0000000000020f8c
 217500: system.cpu: T0 : 0x38ffa    : c_mv a5, a0                : IntAlu :  D=0x0000000000000000
 218000: system.cpu: T0 : 0x38ffc    : addi a7, zero, 214         : IntAlu :  D=0x00000000000000d6
 218500: system.cpu: T0 : 0x39000    : ecall                      : No_OpClass : 
 219000: system.cpu: T0 : 0x39004    : sd a0, -1200(gp)           : MemWrite :  D=0x0000000000072000 A=0x70b78
 219500: system.cpu: T0 : 0x39008    : bltu a0, a5, 8             : IntAlu : 
 220000: system.cpu: T0 : 0x3900c    : c_li a0, 0                 : IntAlu :  D=0x0000000000000000
 220500: system.cpu: T0 : 0x3900e    : c_jr ra                    : IntAlu : 
 221000: system.cpu: T0 : 0x20f8c    : blt a0, zero, -22          : IntAlu : 
 221500: system.cpu: T0 : 0x20f90    : ld s1, -1200(gp)           : MemRead :  D=0x0000000000072000 A=0x70b78
 222000: system.cpu: T0 : 0x20f94    : c_j -52                    : IntAlu : 
 222500: system.cpu: T0 : 0x20f60    : c_beqz s0, 24              : IntAlu : 
 223500: system.cpu: T0 : 0x20f62    : bge zero, s0, 52           : IntAlu : 
 224500: system.cpu: T0 : 0x20f66    : add a5, s0, s1             : IntAlu :  D=0x0000000000072f80
 225500: system.cpu: T0 : 0x20f6a    : sltu a5, a5, s1            : IntAlu :  D=0x0000000000000000
 226000: system.cpu: T0 : 0x20f6e    : c_beqz a5, 50              : IntAlu : 
 226500: system.cpu: T0 : 0x20fa0    : add a0, s1, s0             : IntAlu :  D=0x0000000000072f80
 227000: system.cpu: T0 : 0x20fa4    : jal ra, 98390              : IntAlu :  D=0x0000000000020fa8
 227500: system.cpu: T0 : 0x38ffa    : c_mv a5, a0                : IntAlu :  D=0x0000000000072f80
 228000: system.cpu: T0 : 0x38ffc    : addi a7, zero, 214         : IntAlu :  D=0x00000000000000d6
 228500: system.cpu: T0 : 0x39000    : ecall                      : No_OpClass : 
 229000: system.cpu: T0 : 0x39004    : sd a0, -1200(gp)           : MemWrite :  D=0x0000000000072f80 A=0x70b78
 229500: system.cpu: T0 : 0x39008    : bltu a0, a5, 8             : IntAlu : 
 230000: system.cpu: T0 : 0x3900c    : c_li a0, 0                 : IntAlu :  D=0x0000000000000000
 230500: system.cpu: T0 : 0x3900e    : c_jr ra                    : IntAlu : 
 231000: system.cpu: T0 : 0x20fa8    : blt a0, zero, -50          : IntAlu : 
 231500: system.cpu: T0 : 0x20fac    : c_ldsp ra, 24(sp)          : MemRead :  D=0x00000000000108c6 A=0x7ffffffffffffd68
 232000: system.cpu: T0 : 0x20fae    : c_ldsp s0, 16(sp)          : MemRead :  D=0x000000000006ead0 A=0x7ffffffffffffd60
 232500: system.cpu: T0 : 0x20fb0    : c_ldsp s2, 0(sp)           : MemRead :  D=0x0000000000000067 A=0x7ffffffffffffd50
 233000: system.cpu: T0 : 0x20fb2    : c_mv a0, s1                : IntAlu :  D=0x0000000000072000
 233500: system.cpu: T0 : 0x20fb4    : c_ldsp s1, 8(sp)           : MemRead :  D=0x0000000000010a76 A=0x7ffffffffffffd58
 234000: system.cpu: T0 : 0x20fb6    : c_addi16sp sp, 32          : IntAlu :  D=0x7ffffffffffffd70
 234500: system.cpu: T0 : 0x20fb8    : c_jr ra                    : IntAlu : 
 235500: system.cpu: T0 : 0x108c6    : divu s2, s2, s9            : IntDiv :  D=0x000000000000000c
 236000: system.cpu: T0 : 0x108ca    : c_ldsp a4, 0(sp)           : MemRead :  D=0x000000000000000f A=0x7ffffffffffffd70
 236500: system.cpu: T0 : 0x108cc    : c_ldsp a5, 8(sp)           : MemRead :  D=0x0000000000000000 A=0x7ffffffffffffd78
 237500: system.cpu: T0 : 0x108ce    : addi s1, a0, 1808          : IntAlu :  D=0x0000000000072710
 238000: system.cpu: T0 : 0x108d2    : c_add s1, a4               : IntAlu :  D=0x000000000007271f
 238500: system.cpu: T0 : 0x108d4    : and s1, s1, s11            : IntAlu :  D=0x0000000000072710
 239000: system.cpu: T0 : 0x108d8    : lui a4, 114                : IntAlu :  D=0x0000000000072000
 239500: system.cpu: T0 : 0x108dc    : addi a4, a4, -1680         : IntAlu :  D=0x0000000000071970
 240000: system.cpu: T0 : 0x108e0    : add a0, s1, s7             : IntAlu :  D=0x0000000000072710
 240500: system.cpu: T0 : 0x108e4    : sd a5, 1088(s3)            : MemWrite :  D=0x0000000000000000 A=0x702a0
 241000: system.cpu: T0 : 0x108e8    : addi a5, zero, 62          : IntAlu :  D=0x000000000000003e
 241500: system.cpu: T0 : 0x108ec    : c_mv a2, s4                : IntAlu :  D=0x0000000000000020
 242000: system.cpu: T0 : 0x108ee    : c_sd a5, 0(a4)             : MemWrite :  D=0x000000000000003e A=0x71970
 242500: system.cpu: T0 : 0x108f0    : c_mv a1, s0                : IntAlu :  D=0x000000000006ead0
 243000: system.cpu: T0 : 0x108f2    : c_sd a0, 32(a4)            : MemWrite :  D=0x0000000000072710 A=0x71990
 243500: system.cpu: T0 : 0x108f4    : sd zero, 40(a4)            : MemWrite :  D=0x0000000000000000 A=0x71998
 244000: system.cpu: T0 : 0x108f8    : jal ra, 61668              : IntAlu :  D=0x00000000000108fc
 244500: system.cpu: T0 : 0x1f9dc    : c_addi16sp sp, -48         : IntAlu :  D=0x7ffffffffffffd40
 245000: system.cpu: T0 : 0x1f9de    : c_sdsp s0, 32(sp)          : MemWrite :  D=0x000000000006ead0 A=0x7ffffffffffffd60
 245500: system.cpu: T0 : 0x1f9e0    : c_sdsp s2, 16(sp)          : MemWrite :  D=0x000000000000000c A=0x7ffffffffffffd50
 246000: system.cpu: T0 : 0x1f9e2    : c_sdsp ra, 40(sp)          : MemWrite :  D=0x00000000000108fc A=0x7ffffffffffffd68
 246500: system.cpu: T0 : 0x1f9e4    : c_sdsp s1, 24(sp)          : MemWrite :  D=0x0000000000072710 A=0x7ffffffffffffd58
 247000: system.cpu: T0 : 0x1f9e6    : c_sdsp s3, 8(sp)           : MemWrite :  D=0x000000000006fe60 A=0x7ffffffffffffd48
 247500: system.cpu: T0 : 0x1f9e8    : c_li a5, 15                : IntAlu :  D=0x000000000000000f
 248000: system.cpu: T0 : 0x1f9ea    : c_mv s2, a0                : IntAlu :  D=0x0000000000072710
 248500: system.cpu: T0 : 0x1f9ec    : c_mv a4, a0                : IntAlu :  D=0x0000000000072710
 249000: system.cpu: T0 : 0x1f9ee    : c_mv s0, a1                : IntAlu :  D=0x000000000006ead0
 249500: system.cpu: T0 : 0x1f9f0    : bgeu a5, a2, 72            : IntAlu : 
 250000: system.cpu: T0 : 0x1f9f4    : sub a0, zero, a0           : IntAlu :  D=0xfffffffffff8d8f0
 250500: system.cpu: T0 : 0x1f9f8    : c_andi a0, 7               : IntAlu :  D=0x0000000000000000
 251500: system.cpu: T0 : 0x1f9fa    : sub s1, a2, a0             : IntAlu :  D=0x0000000000000020
 252000: system.cpu: T0 : 0x1f9fe    : c_beqz a0, 110             : IntAlu : 
 252500: system.cpu: T0 : 0x1fa6c    : c_mv s3, s2                : IntAlu :  D=0x0000000000072710
 253000: system.cpu: T0 : 0x1fa6e    : c_j -84                    : IntAlu : 
 254000: system.cpu: T0 : 0x1fa1a    : andi a5, s0, 7             : IntAlu :  D=0x0000000000000000
 255000: system.cpu: T0 : 0x1fa1e    : srli a2, s1, 3             : IntAlu :  D=0x0000000000000004
 255500: system.cpu: T0 : 0x1fa22    : c_mv a1, s0                : IntAlu :  D=0x000000000006ead0
 256000: system.cpu: T0 : 0x1fa24    : c_mv a0, s3                : IntAlu :  D=0x0000000000072710
 256500: system.cpu: T0 : 0x1fa26    : c_bnez a5, 64              : IntAlu : 
 257000: system.cpu: T0 : 0x1fa28    : jal ra, 72                 : IntAlu :  D=0x000000000001fa2c
 257500: system.cpu: T0 : 0x1fa70    : andi a5, a2, 7             : IntAlu :  D=0x0000000000000004
 258000: system.cpu: T0 : 0x1fa74    : lui a4, 79                 : IntAlu :  D=0x000000000004f000
 258500: system.cpu: T0 : 0x1fa78    : c_slli a5, 2               : IntAlu :  D=0x0000000000000010
 259500: system.cpu: T0 : 0x1fa7a    : addi a4, a4, -72           : IntAlu :  D=0x000000000004efb8
 260000: system.cpu: T0 : 0x1fa7e    : c_add a5, a4               : IntAlu :  D=0x000000000004efc8
 260500: system.cpu: T0 : 0x1fa80    : c_lw a5, 0(a5)             : MemRead :  D=0x000000000001fb1a A=0x4efc8
 261000: system.cpu: T0 : 0x1fa82    : c_jr a5                    : IntAlu : 
 262000: system.cpu: T0 : 0x1fb1a    : ld a6, 0(a1)               : MemRead :  D=0x0000000000070678 A=0x6ead0
 262500: system.cpu: T0 : 0x1fb1e    : c_mv a3, a0                : IntAlu :  D=0x0000000000072710
 263000: system.cpu: T0 : 0x1fb20    : c_addi a1, -32             : IntAlu :  D=0x000000000006eab0
 264000: system.cpu: T0 : 0x1fb22    : addi a5, a0, -40           : IntAlu :  D=0x00000000000726e8
 264500: system.cpu: T0 : 0x1fb26    : c_addi a2, 4               : IntAlu :  D=0x0000000000000008
 265000: system.cpu: T0 : 0x1fb28    : c_j -124                   : IntAlu : 
 265500: system.cpu: T0 : 0x1faac    : c_ld a4, 40(a1)            : MemRead :  D=0x0000000000070678 A=0x6ead8
 266500: system.cpu: T0 : 0x1faae    : addi a0, a5, 48            : IntAlu :  D=0x0000000000072718
 267500: system.cpu: T0 : 0x1fab2    : sd a6, 0(a3)               : MemWrite :  D=0x0000000000070678 A=0x72710
 268500: system.cpu: T0 : 0x1fab2    : sd a6, 0(a3)               : MemWrite :  D=0x0000000000070678 A=0x72710
 269500: system.cpu: T0 : 0x1fab6    : ld a6, 48(a1)              : MemRead :  D=0x0000000000070680 A=0x6eae0
 270500: system.cpu: T0 : 0x1faba    : addi a3, a5, 56            : IntAlu :  D=0x0000000000072720
 271000: system.cpu: T0 : 0x1fabe    : c_sd a4, 0(a0)             : MemWrite :  D=0x0000000000070678 A=0x72718
 271500: system.cpu: T0 : 0x1fac0    : c_ld a4, 56(a1)            : MemRead :  D=0x0000000000070698 A=0x6eae8
 272500: system.cpu: T0 : 0x1fac2    : addi a5, a5, 64            : IntAlu :  D=0x0000000000072728
 273500: system.cpu: T0 : 0x1fac6    : sd a6, 0(a3)               : MemWrite :  D=0x0000000000070680 A=0x72720
 274000: system.cpu: T0 : 0x1faca    : c_addi a2, -8              : IntAlu :  D=0x0000000000000000
 274500: system.cpu: T0 : 0x1facc    : c_mv a0, a5                : IntAlu :  D=0x0000000000072728
 275500: system.cpu: T0 : 0x1face    : addi a1, a1, 64            : IntAlu :  D=0x000000000006eaf0
 276000: system.cpu: T0 : 0x1fad2    : c_beqz a2, 24              : IntAlu : 
 276500: system.cpu: T0 : 0x1faea    : c_sd a4, 0(a0)             : MemWrite :  D=0x0000000000070698 A=0x72728
 277000: system.cpu: T0 : 0x1faec    : c_jr ra                    : IntAlu : 
 277500: system.cpu: T0 : 0x1fa2c    : andi a4, s1, 18446744073709551608 : IntAlu :  D=0x0000000000000020
 278000: system.cpu: T0 : 0x1fa30    : c_add s0, a4               : IntAlu :  D=0x000000000006eaf0
 279000: system.cpu: T0 : 0x1fa32    : andi a2, s1, 7             : IntAlu :  D=0x0000000000000000
 279500: system.cpu: T0 : 0x1fa36    : c_add a4, s3               : IntAlu :  D=0x0000000000072730
 280000: system.cpu: T0 : 0x1fa38    : c_addi a4, -1              : IntAlu :  D=0x000000000007272f
 280500: system.cpu: T0 : 0x1fa3a    : c_mv a5, s0                : IntAlu :  D=0x000000000006eaf0
 281000: system.cpu: T0 : 0x1fa3c    : add a1, a2, s0             : IntAlu :  D=0x000000000006eaf0
 281500: system.cpu: T0 : 0x1fa40    : c_sub a4, s0               : IntAlu :  D=0x0000000000003c3f
 282000: system.cpu: T0 : 0x1fa42    : c_beqz a2, 20              : IntAlu : 
 282500: system.cpu: T0 : 0x1fa56    : c_ldsp ra, 40(sp)          : MemRead :  D=0x00000000000108fc A=0x7ffffffffffffd68
 283000: system.cpu: T0 : 0x1fa58    : c_ldsp s0, 32(sp)          : MemRead :  D=0x000000000006ead0 A=0x7ffffffffffffd60
 283500: system.cpu: T0 : 0x1fa5a    : c_ldsp s1, 24(sp)          : MemRead :  D=0x0000000000072710 A=0x7ffffffffffffd58
 284000: system.cpu: T0 : 0x1fa5c    : c_ldsp s3, 8(sp)           : MemRead :  D=0x000000000006fe60 A=0x7ffffffffffffd48
 284500: system.cpu: T0 : 0x1fa5e    : c_mv a0, s2                : IntAlu :  D=0x0000000000072710
 285000: system.cpu: T0 : 0x1fa60    : c_ldsp s2, 16(sp)          : MemRead :  D=0x000000000000000c A=0x7ffffffffffffd50
 285500: system.cpu: T0 : 0x1fa62    : c_addi16sp sp, 48          : IntAlu :  D=0x7ffffffffffffd70
 286000: system.cpu: T0 : 0x1fa64    : c_jr ra                    : IntAlu : 
 286500: system.cpu: T0 : 0x108fc    : lui a5, 114                : IntAlu :  D=0x0000000000072000
 287000: system.cpu: T0 : 0x10900    : addi a5, a5, -1664         : IntAlu :  D=0x0000000000071980
 287500: system.cpu: T0 : 0x10904    : ld a4, -1968(gp)           : MemRead :  D=0x0000000000000800 A=0x70878
 288000: system.cpu: T0 : 0x10908    : addi a3, gp, -960          : IntAlu :  D=0x0000000000070c68
 288500: system.cpu: T0 : 0x1090c    : sd a5, -16(s1)             : MemWrite :  D=0x0000000000071980 A=0x72700
 289000: system.cpu: T0 : 0x10910    : addi a2, zero, 64          : IntAlu :  D=0x0000000000000040
 289500: system.cpu: T0 : 0x10914    : c_li a5, 1                 : IntAlu :  D=0x0000000000000001
 290000: system.cpu: T0 : 0x10916    : c_sd a2, 0(a3)             : MemWrite :  D=0x0000000000000040 A=0x70c68
 290500: system.cpu: T0 : 0x10918    : lui a2, 114                : IntAlu :  D=0x0000000000072000
 291000: system.cpu: T0 : 0x1091c    : sd a5, -1688(a2)           : MemWrite :  D=0x0000000000000001 A=0x71968
 291500: system.cpu: T0 : 0x10920    : lui a2, 114                : IntAlu :  D=0x0000000000072000
 292000: system.cpu: T0 : 0x10924    : sd s3, 40(a3)              : MemWrite :  D=0x000000000006fe60 A=0x70c90
 292500: system.cpu: T0 : 0x10928    : sd a3, -656(a2)            : MemWrite :  D=0x0000000000070c68 A=0x71d70
 293000: system.cpu: T0 : 0x1092c    : lui a3, 114                : IntAlu :  D=0x0000000000072000
 293500: system.cpu: T0 : 0x10930    : sd s8, -1696(a3)           : MemWrite :  D=0x0000000000000010 A=0x71960
 294000: system.cpu: T0 : 0x10934    : lui a3, 114                : IntAlu :  D=0x0000000000072000
 294500: system.cpu: T0 : 0x10938    : sd a5, 1096(s3)            : MemWrite :  D=0x0000000000000001 A=0x702a8
 295000: system.cpu: T0 : 0x1093c    : sd a5, -632(a3)            : MemWrite :  D=0x0000000000000001 A=0x71d88
 295500: system.cpu: T0 : 0x10940    : c_addi a4, 15              : IntAlu :  D=0x000000000000080f
 296500: system.cpu: T0 : 0x10942    : sd s0, 1048(s3)            : MemWrite :  D=0x000000000006ead0 A=0x70278
 297000: system.cpu: T0 : 0x10946    : c_ldsp ra, 120(sp)         : MemRead :  D=0x0000000000010584 A=0x7ffffffffffffde8
 297500: system.cpu: T0 : 0x10948    : c_ldsp s0, 112(sp)         : MemRead :  D=0x00000000000109e6 A=0x7ffffffffffffde0
 298500: system.cpu: T0 : 0x1094a    : sd s5, 1072(s3)            : MemWrite :  D=0x0000000000000008 A=0x70290
 299500: system.cpu: T0 : 0x1094e    : sd s10, 1064(s3)           : MemWrite :  D=0x0000000000000060 A=0x70288
 300500: system.cpu: T0 : 0x10952    : sd s4, 1056(s3)            : MemWrite :  D=0x0000000000000020 A=0x70280
 301000: system.cpu: T0 : 0x10956    : c_ldsp s5, 72(sp)          : MemRead :  D=0x0000000000000000 A=0x7ffffffffffffdb8
 301500: system.cpu: T0 : 0x10958    : c_ldsp s3, 88(sp)          : MemRead :  D=0x0000000000000000 A=0x7ffffffffffffdc8
 302000: system.cpu: T0 : 0x1095a    : c_ldsp s4, 80(sp)          : MemRead :  D=0x0000000000000000 A=0x7ffffffffffffdc0
 302500: system.cpu: T0 : 0x1095c    : c_ldsp s8, 48(sp)          : MemRead :  D=0x0000000000000000 A=0x7ffffffffffffda0
 303000: system.cpu: T0 : 0x1095e    : c_ldsp s10, 32(sp)         : MemRead :  D=0x0000000000000000 A=0x7ffffffffffffd90
 303500: system.cpu: T0 : 0x10960    : c_ldsp s11, 24(sp)         : MemRead :  D=0x0000000000000000 A=0x7ffffffffffffd88
 304000: system.cpu: T0 : 0x10962    : c_mv tp, s1                : IntAlu :  D=0x0000000000072710
 304500: system.cpu: T0 : 0x10964    : c_ldsp s1, 104(sp)         : MemRead :  D=0x0000000000010a76 A=0x7ffffffffffffdd8
 305500: system.cpu: T0 : 0x10966    : mul s2, s2, s9             : IntMult :  D=0x0000000000000060
 306000: system.cpu: T0 : 0x1096a    : c_ldsp s9, 40(sp)          : MemRead :  D=0x0000000000000000 A=0x7ffffffffffffd98
 306500: system.cpu: T0 : 0x1096c    : add a5, s2, s7             : IntAlu :  D=0x0000000000000060
 307000: system.cpu: T0 : 0x10970    : c_add a4, a5               : IntAlu :  D=0x000000000000086f
 307500: system.cpu: T0 : 0x10972    : c_andi a4, 18446744073709551600 : IntAlu :  D=0x0000000000000860
 308000: system.cpu: T0 : 0x10974    : sd a4, -1968(gp)           : MemWrite :  D=0x0000000000000860 A=0x70878
 308500: system.cpu: T0 : 0x10978    : lui a4, 114                : IntAlu :  D=0x0000000000072000
 309000: system.cpu: T0 : 0x1097c    : sd a5, -1704(a4)           : MemWrite :  D=0x0000000000000060 A=0x71958
 309500: system.cpu: T0 : 0x10980    : c_ldsp s2, 96(sp)          : MemRead :  D=0x0000000000000000 A=0x7ffffffffffffdd0
 310000: system.cpu: T0 : 0x10982    : c_ldsp s6, 64(sp)          : MemRead :  D=0x0000000000000000 A=0x7ffffffffffffdb0
 310500: system.cpu: T0 : 0x10984    : c_ldsp s7, 56(sp)          : MemRead :  D=0x0000000000000000 A=0x7ffffffffffffda8
 311000: system.cpu: T0 : 0x10986    : c_addi16sp sp, 128         : IntAlu :  D=0x7ffffffffffffdf0
 311500: system.cpu: T0 : 0x10988    : c_jr ra                    : IntAlu : 
 312000: system.cpu: T0 : 0x10584    : lui a5, 111                : IntAlu :  D=0x000000000006f000
 312500: system.cpu: T0 : 0x10588    : ld a5, -128(a5)            : MemRead :  D=0x7fffffffffffffd0 A=0x6ef80
 313000: system.cpu: T0 : 0x1058c    : lw a7, -1728(gp)           : MemRead :  D=0x0000000000000000 A=0x70968
 313500: system.cpu: T0 : 0x10590    : lbu a6, 1(a5)              : MemRead :  D=0x0000000000000000 A=0x7fffffffffffffd1
 314000: system.cpu: T0 : 0x10594    : lbu a4, 0(a5)              : MemRead :  D=0x0000000000000000 A=0x7fffffffffffffd0
 314500: system.cpu: T0 : 0x10598    : lbu a0, 2(a5)              : MemRead :  D=0x0000000000000000 A=0x7fffffffffffffd2
 315000: system.cpu: T0 : 0x1059c    : lbu a1, 3(a5)              : MemRead :  D=0x0000000000000000 A=0x7fffffffffffffd3
 315500: system.cpu: T0 : 0x105a0    : lbu a2, 4(a5)              : MemRead :  D=0x000000000000002e A=0x7fffffffffffffd4
 316000: system.cpu: T0 : 0x105a4    : c_slli a6, 8               : IntAlu :  D=0x0000000000000000
 317000: system.cpu: T0 : 0x105a6    : lbu a3, 5(a5)              : MemRead :  D=0x000000000000002e A=0x7fffffffffffffd5
 318000: system.cpu: T0 : 0x105aa    : or a6, a6, a4              : IntAlu :  D=0x0000000000000000
 318500: system.cpu: T0 : 0x105ae    : c_slli a0, 16              : IntAlu :  D=0x0000000000000000
 319000: system.cpu: T0 : 0x105b0    : lbu a4, 6(a5)              : MemRead :  D=0x000000000000002f A=0x7fffffffffffffd6
 319500: system.cpu: T0 : 0x105b4    : or a0, a0, a6              : IntAlu :  D=0x0000000000000000
 320000: system.cpu: T0 : 0x105b8    : c_slli a1, 24              : IntAlu :  D=0x0000000000000000
 321000: system.cpu: T0 : 0x105ba    : lbu a5, 7(a5)              : MemRead :  D=0x0000000000000044 A=0x7fffffffffffffd7
 321500: system.cpu: T0 : 0x105be    : c_or a1, a0                : IntAlu :  D=0x0000000000000000
 322000: system.cpu: T0 : 0x105c0    : c_slli a2, 32              : IntAlu :  D=0x0000002e00000000
 322500: system.cpu: T0 : 0x105c2    : c_or a2, a1                : IntAlu :  D=0x0000002e00000000
 323000: system.cpu: T0 : 0x105c4    : c_slli a3, 40              : IntAlu :  D=0x00002e0000000000
 323500: system.cpu: T0 : 0x105c6    : c_or a3, a2                : IntAlu :  D=0x00002e2e00000000
 324000: system.cpu: T0 : 0x105c8    : c_slli a4, 48              : IntAlu :  D=0x002f000000000000
 324500: system.cpu: T0 : 0x105ca    : c_or a4, a3                : IntAlu :  D=0x002f2e2e00000000
 325000: system.cpu: T0 : 0x105cc    : c_slli a5, 56              : IntAlu :  D=0x4400000000000000
 325500: system.cpu: T0 : 0x105ce    : c_or a5, a4                : IntAlu :  D=0x442f2e2e00000000
 326000: system.cpu: T0 : 0x105d0    : andi a5, a5, 18446744073709551360 : IntAlu :  D=0x442f2e2e00000000
 326500: system.cpu: T0 : 0x105d4    : lui a4, 111                : IntAlu :  D=0x000000000006f000
 327000: system.cpu: T0 : 0x105d8    : sd a5, -1264(a4)           : MemWrite :  D=0x442f2e2e00000000 A=0x6eb10
 327500: system.cpu: T0 : 0x105dc    : beq a7, zero, 286          : IntAlu : 
 328500: system.cpu: T0 : 0x106fa    : jal ra, 75208              : IntAlu :  D=0x00000000000106fe
 329000: system.cpu: T0 : 0x22cc2    : c_addi16sp sp, -496        : IntAlu :  D=0x7ffffffffffffc00
 329500: system.cpu: T0 : 0x22cc4    : c_addi4spn a0, sp, 72      : IntAlu :  D=0x7ffffffffffffc48
 330000: system.cpu: T0 : 0x22cc6    : c_sdsp ra, 488(sp)         : MemWrite :  D=0x00000000000106fe A=0x7ffffffffffffde8
 330500: system.cpu: T0 : 0x22cc8    : c_sdsp s0, 480(sp)         : MemWrite :  D=0x00000000000109e6 A=0x7ffffffffffffde0
 331000: system.cpu: T0 : 0x22cca    : c_sdsp s1, 472(sp)         : MemWrite :  D=0x0000000000010a76 A=0x7ffffffffffffdd8
 331500: system.cpu: T0 : 0x22ccc    : jal ra, 90520              : IntAlu :  D=0x0000000000022cd0
 332000: system.cpu: T0 : 0x38e64    : addi a7, zero, 160         : IntAlu :  D=0x00000000000000a0
 332500: system.cpu: T0 : 0x38e68    : ecall                      : No_OpClass : 
 333000: system.cpu: T0 : 0x38e6c    : c_lui a7, 1048575          : IntAlu :  D=0xfffffffffffff000
 334000: system.cpu: T0 : 0x38e6e    : bltu a7, a0, 6             : IntAlu : 
 334500: system.cpu: T0 : 0x38e72    : c_jr ra                    : IntAlu : 
 335000: system.cpu: T0 : 0x22cd0    : addi a3, sp, 202           : IntAlu :  D=0x7ffffffffffffcca
 335500: system.cpu: T0 : 0x22cd4    : c_bnez a0, 140             : IntAlu : 
 336000: system.cpu: T0 : 0x22cd6    : c_li t1, 0                 : IntAlu :  D=0x0000000000000000
 336500: system.cpu: T0 : 0x22cd8    : c_li a0, 0                 : IntAlu :  D=0x0000000000000000
 337000: system.cpu: T0 : 0x22cda    : c_li a7, 9                 : IntAlu :  D=0x0000000000000009
 337500: system.cpu: T0 : 0x22cdc    : addi t3, zero, 46          : IntAlu :  D=0x000000000000002e
 338000: system.cpu: T0 : 0x22ce0    : c_li t4, 3                 : IntAlu :  D=0x0000000000000003
 339000: system.cpu: T0 : 0x22ce2    : lbu a5, 0(a3)              : MemRead :  D=0x0000000000000035 A=0x7ffffffffffffcca
 340000: system.cpu: T0 : 0x22ce6    : addiw a5, a5, -48          : IntAlu :  D=0x0000000000000005
 341000: system.cpu: T0 : 0x22cea    : andi a4, a5, 255           : IntAlu :  D=0x0000000000000005
 342000: system.cpu: T0 : 0x22cee    : bltu a7, a4, 98            : IntAlu : 
 343000: system.cpu: T0 : 0x22cf2    : lbu a1, 1(a3)              : MemRead :  D=0x000000000000002e A=0x7ffffffffffffccb
 344000: system.cpu: T0 : 0x22cf6    : addiw a4, a5, 0            : IntAlu :  D=0x0000000000000005
 344500: system.cpu: T0 : 0x22cfa    : c_addi a3, 1               : IntAlu :  D=0x7ffffffffffffccb
 345000: system.cpu: T0 : 0x22cfc    : addiw a2, a1, -48          : IntAlu :  D=0xfffffffffffffffe
 345500: system.cpu: T0 : 0x22d00    : andi a5, a2, 255           : IntAlu :  D=0x00000000000000fe
 346000: system.cpu: T0 : 0x22d04    : bltu a7, a5, 36            : IntAlu : 
 346500: system.cpu: T0 : 0x22d28    : slliw a5, a0, 8            : IntAlu :  D=0x0000000000000000
 347000: system.cpu: T0 : 0x22d2c    : c_or a5, a4                : IntAlu :  D=0x0000000000000005
 347500: system.cpu: T0 : 0x22d2e    : c_addiw t1, 1              : IntAlu :  D=0x0000000000000001
 348000: system.cpu: T0 : 0x22d30    : addiw a0, a5, 0            : IntAlu :  D=0x0000000000000005
 348500: system.cpu: T0 : 0x22d34    : c_addi a3, 1               : IntAlu :  D=0x7ffffffffffffccc
 349500: system.cpu: T0 : 0x22d36    : bne a1, t3, 20             : IntAlu : 
 350500: system.cpu: T0 : 0x22d3a    : bne t1, t4, -88            : IntAlu : 
 351500: system.cpu: T0 : 0x22ce2    : lbu a5, 0(a3)              : MemRead :  D=0x0000000000000031 A=0x7ffffffffffffccc
 352500: system.cpu: T0 : 0x22ce6    : addiw a5, a5, -48          : IntAlu :  D=0x0000000000000001
 353500: system.cpu: T0 : 0x22cea    : andi a4, a5, 255           : IntAlu :  D=0x0000000000000001
 354500: system.cpu: T0 : 0x22cee    : bltu a7, a4, 98            : IntAlu : 
 355500: system.cpu: T0 : 0x22cf2    : lbu a1, 1(a3)              : MemRead :  D=0x000000000000002e A=0x7ffffffffffffccd
 356500: system.cpu: T0 : 0x22cf6    : addiw a4, a5, 0            : IntAlu :  D=0x0000000000000001
 357000: system.cpu: T0 : 0x22cfa    : c_addi a3, 1               : IntAlu :  D=0x7ffffffffffffccd
 357500: system.cpu: T0 : 0x22cfc    : addiw a2, a1, -48          : IntAlu :  D=0xfffffffffffffffe
 358000: system.cpu: T0 : 0x22d00    : andi a5, a2, 255           : IntAlu :  D=0x00000000000000fe
 358500: system.cpu: T0 : 0x22d04    : bltu a7, a5, 36            : IntAlu : 
 359000: system.cpu: T0 : 0x22d28    : slliw a5, a0, 8            : IntAlu :  D=0x0000000000000500
 359500: system.cpu: T0 : 0x22d2c    : c_or a5, a4                : IntAlu :  D=0x0000000000000501
 360000: system.cpu: T0 : 0x22d2e    : c_addiw t1, 1              : IntAlu :  D=0x0000000000000002
 360500: system.cpu: T0 : 0x22d30    : addiw a0, a5, 0            : IntAlu :  D=0x0000000000000501
 361000: system.cpu: T0 : 0x22d34    : c_addi a3, 1               : IntAlu :  D=0x7ffffffffffffcce
 362000: system.cpu: T0 : 0x22d36    : bne a1, t3, 20             : IntAlu : 
 363000: system.cpu: T0 : 0x22d3a    : bne t1, t4, -88            : IntAlu : 
 364000: system.cpu: T0 : 0x22ce2    : lbu a5, 0(a3)              : MemRead :  D=0x0000000000000030 A=0x7ffffffffffffcce
 365000: system.cpu: T0 : 0x22ce6    : addiw a5, a5, -48          : IntAlu :  D=0x0000000000000000
 366000: system.cpu: T0 : 0x22cea    : andi a4, a5, 255           : IntAlu :  D=0x0000000000000000
 367000: system.cpu: T0 : 0x22cee    : bltu a7, a4, 98            : IntAlu : 
 368000: system.cpu: T0 : 0x22cf2    : lbu a1, 1(a3)              : MemRead :  D=0x0000000000000000 A=0x7ffffffffffffccf
 369000: system.cpu: T0 : 0x22cf6    : addiw a4, a5, 0            : IntAlu :  D=0x0000000000000000
 369500: system.cpu: T0 : 0x22cfa    : c_addi a3, 1               : IntAlu :  D=0x7ffffffffffffccf
 370000: system.cpu: T0 : 0x22cfc    : addiw a2, a1, -48          : IntAlu :  D=0xffffffffffffffd0
 370500: system.cpu: T0 : 0x22d00    : andi a5, a2, 255           : IntAlu :  D=0x00000000000000d0
 371000: system.cpu: T0 : 0x22d04    : bltu a7, a5, 36            : IntAlu : 
 371500: system.cpu: T0 : 0x22d28    : slliw a5, a0, 8            : IntAlu :  D=0x0000000000050100
 372000: system.cpu: T0 : 0x22d2c    : c_or a5, a4                : IntAlu :  D=0x0000000000050100
 372500: system.cpu: T0 : 0x22d2e    : c_addiw t1, 1              : IntAlu :  D=0x0000000000000003
 373000: system.cpu: T0 : 0x22d30    : addiw a0, a5, 0            : IntAlu :  D=0x0000000000050100
 373500: system.cpu: T0 : 0x22d34    : c_addi a3, 1               : IntAlu :  D=0x7ffffffffffffcd0
 374500: system.cpu: T0 : 0x22d36    : bne a1, t3, 20             : IntAlu : 
 375000: system.cpu: T0 : 0x22d4a    : c_li a5, 3                 : IntAlu :  D=0x0000000000000003
 375500: system.cpu: T0 : 0x22d4c    : beq t1, a5, -14            : IntAlu : 
 376000: system.cpu: T0 : 0x22d3e    : c_addiw a0, 0              : IntAlu :  D=0x0000000000050100
 376500: system.cpu: T0 : 0x22d40    : c_ldsp ra, 488(sp)         : MemRead :  D=0x00000000000106fe A=0x7ffffffffffffde8
 377000: system.cpu: T0 : 0x22d42    : c_ldsp s0, 480(sp)         : MemRead :  D=0x00000000000109e6 A=0x7ffffffffffffde0
 377500: system.cpu: T0 : 0x22d44    : c_ldsp s1, 472(sp)         : MemRead :  D=0x0000000000010a76 A=0x7ffffffffffffdd8
 378000: system.cpu: T0 : 0x22d46    : c_addi16sp sp, 496         : IntAlu :  D=0x7ffffffffffffdf0
 378500: system.cpu: T0 : 0x22d48    : c_jr ra                    : IntAlu : 
 379000: system.cpu: T0 : 0x106fe    : c_mv a5, a0                : IntAlu :  D=0x0000000000050100
 379500: system.cpu: T0 : 0x10700    : blt a0, zero, 104          : IntAlu : 
 380000: system.cpu: T0 : 0x10704    : lui a4, 114                : IntAlu :  D=0x0000000000072000
 380500: system.cpu: T0 : 0x10708    : lw a3, -376(a4)            : MemRead :  D=0x0000000000000000 A=0x71e88
 381000: system.cpu: T0 : 0x1070c    : addiw a4, a0, 0            : IntAlu :  D=0x0000000000050100
 381500: system.cpu: T0 : 0x10710    : c_bnez a3, 82              : IntAlu : 
 382500: system.cpu: T0 : 0x10712    : lui a3, 114                : IntAlu :  D=0x0000000000072000
 383500: system.cpu: T0 : 0x10716    : sw a4, -376(a3)            : MemWrite :  D=0x0000000000050100 A=0x71e88
 384500: system.cpu: T0 : 0x1071a    : lui a4, 65                 : IntAlu :  D=0x0000000000041000
 385500: system.cpu: T0 : 0x1071e    : addi a4, a4, -257          : IntAlu :  D=0x0000000000040eff
 386500: system.cpu: T0 : 0x10722    : blt a4, a5, -322           : IntAlu : 
 387000: system.cpu: T0 : 0x105e0    : addi a5, zero, 0           : IntAlu :  D=0x0000000000000000
 387500: system.cpu: T0 : 0x105e4    : c_beqz a5, 10              : IntAlu : 
 388500: system.cpu: T0 : 0x105ee    : lui a5, 111                : IntAlu :  D=0x000000000006f000
 389500: system.cpu: T0 : 0x105f2    : ld a5, -128(a5)            : MemRead :  D=0x7fffffffffffffd0 A=0x6ef80
 390500: system.cpu: T0 : 0x105f6    : lbu a4, 14(a5)             : MemRead :  D=0x0000000000000064 A=0x7fffffffffffffde
 391500: system.cpu: T0 : 0x105fa    : lbu a7, 8(a5)              : MemRead :  D=0x000000000000006f A=0x7fffffffffffffd8
 392500: system.cpu: T0 : 0x105fe    : lbu a6, 9(a5)              : MemRead :  D=0x0000000000000077 A=0x7fffffffffffffd9
 393500: system.cpu: T0 : 0x10602    : lbu a0, 10(a5)             : MemRead :  D=0x000000000000006e A=0x7fffffffffffffda
 394500: system.cpu: T0 : 0x10606    : lbu a1, 11(a5)             : MemRead :  D=0x000000000000006c A=0x7fffffffffffffdb
 395500: system.cpu: T0 : 0x1060a    : lbu a2, 12(a5)             : MemRead :  D=0x000000000000006f A=0x7fffffffffffffdc
 396500: system.cpu: T0 : 0x1060e    : lbu a3, 13(a5)             : MemRead :  D=0x0000000000000061 A=0x7fffffffffffffdd
 397500: system.cpu: T0 : 0x10612    : lbu a5, 15(a5)             : MemRead :  D=0x0000000000000073 A=0x7fffffffffffffdf
 398500: system.cpu: T0 : 0x10616    : sb a7, 40(sp)              : MemWrite :  D=0x000000000000006f A=0x7ffffffffffffe18
 399500: system.cpu: T0 : 0x1061a    : sb a6, 41(sp)              : MemWrite :  D=0x0000000000000077 A=0x7ffffffffffffe19
 400500: system.cpu: T0 : 0x1061e    : sb a5, 47(sp)              : MemWrite :  D=0x0000000000000073 A=0x7ffffffffffffe1f
 401500: system.cpu: T0 : 0x10622    : sb a0, 42(sp)              : MemWrite :  D=0x000000000000006e A=0x7ffffffffffffe1a
 402500: system.cpu: T0 : 0x10626    : sb a1, 43(sp)              : MemWrite :  D=0x000000000000006c A=0x7ffffffffffffe1b
 403500: system.cpu: T0 : 0x1062a    : sb a2, 44(sp)              : MemWrite :  D=0x000000000000006f A=0x7ffffffffffffe1c
 404500: system.cpu: T0 : 0x1062e    : sb a3, 45(sp)              : MemWrite :  D=0x0000000000000061 A=0x7ffffffffffffe1d
 405500: system.cpu: T0 : 0x10632    : sb a4, 46(sp)              : MemWrite :  D=0x0000000000000064 A=0x7ffffffffffffe1e
 406000: system.cpu: T0 : 0x10636    : c_ldsp a4, 40(sp)          : MemRead :  D=0x7364616f6c6e776f A=0x7ffffffffffffe18
 406500: system.cpu: T0 : 0x10638    : lui a5, 111                : IntAlu :  D=0x000000000006f000
 407000: system.cpu: T0 : 0x1063c    : sd a4, -1256(a5)           : MemWrite :  D=0x7364616f6c6e776f A=0x6eb18
 407500: system.cpu: T0 : 0x10640    : beq s2, zero, 14           : IntAlu : 
 408500: system.cpu: T0 : 0x1064e    : ld a2, -1360(gp)           : MemRead :  D=0x7fffffffffffff48 A=0x70ad8
 409000: system.cpu: T0 : 0x10652    : c_ldsp a1, 16(sp)          : MemRead :  D=0x7fffffffffffff38 A=0x7ffffffffffffe00
 409500: system.cpu: T0 : 0x10654    : c_ldsp a0, 8(sp)           : MemRead :  D=0x0000000000000001 A=0x7ffffffffffffdf8
 410500: system.cpu: T0 : 0x10656    : jal ra, 75612              : IntAlu :  D=0x000000000001065a
 411000: system.cpu: T0 : 0x22db2    : c_addi sp, -32             : IntAlu :  D=0x7ffffffffffffdd0
 411500: system.cpu: T0 : 0x22db4    : c_sdsp s0, 16(sp)          : MemWrite :  D=0x00000000000109e6 A=0x7ffffffffffffde0
 412000: system.cpu: T0 : 0x22db6    : c_sdsp s1, 8(sp)           : MemWrite :  D=0x0000000000010a76 A=0x7ffffffffffffdd8
 412500: system.cpu: T0 : 0x22db8    : c_sdsp s2, 0(sp)           : MemWrite :  D=0x0000000000000000 A=0x7ffffffffffffdd0
 413000: system.cpu: T0 : 0x22dba    : c_sdsp ra, 24(sp)          : MemWrite :  D=0x000000000001065a A=0x7ffffffffffffde8
 413500: system.cpu: T0 : 0x22dbc    : addi a4, zero, 0           : IntAlu :  D=0x0000000000000000
 414000: system.cpu: T0 : 0x22dc0    : c_mv s0, a0                : IntAlu :  D=0x0000000000000001
 414500: system.cpu: T0 : 0x22dc2    : c_mv s1, a1                : IntAlu :  D=0x7fffffffffffff38
 415000: system.cpu: T0 : 0x22dc4    : c_mv s2, a2                : IntAlu :  D=0x7fffffffffffff48
 415500: system.cpu: T0 : 0x22dc6    : c_beqz a4, 62              : IntAlu : 
 416000: system.cpu: T0 : 0x22e04    : lw a0, -1248(gp)           : MemRead :  D=0x0000000000000000 A=0x70b48
 416500: system.cpu: T0 : 0x22e08    : lw a5, -1344(gp)           : MemRead :  D=0x0000000000000000 A=0x70ae8
 417000: system.cpu: T0 : 0x22e0c    : sw zero, -1728(gp)         : MemWrite :  D=0x0000000000000000 A=0x70968
 417500: system.cpu: T0 : 0x22e10    : beq a5, a0, -60            : IntAlu : 
 418000: system.cpu: T0 : 0x22dd4    : lui a5, 114                : IntAlu :  D=0x0000000000072000
 418500: system.cpu: T0 : 0x22dd8    : sw s0, -352(a5)            : MemWrite :  D=0x0000000000000001 A=0x71ea0
 419000: system.cpu: T0 : 0x22ddc    : lui a5, 114                : IntAlu :  D=0x0000000000072000
 419500: system.cpu: T0 : 0x22de0    : sd s1, -344(a5)            : MemWrite :  D=0x7fffffffffffff38 A=0x71ea8
 420000: system.cpu: T0 : 0x22de4    : sd s2, -1360(gp)           : MemWrite :  D=0x7fffffffffffff48 A=0x70ad8
 420500: system.cpu: T0 : 0x22de8    : jal ra, -2314              : IntAlu :  D=0x0000000000022dec
 421000: system.cpu: T0 : 0x224de    : c_addi16sp sp, -160        : IntAlu :  D=0x7ffffffffffffd30
 421500: system.cpu: T0 : 0x224e0    : c_sdsp ra, 152(sp)         : MemWrite :  D=0x0000000000022dec A=0x7ffffffffffffdc8
 422000: system.cpu: T0 : 0x224e2    : c_sdsp s1, 136(sp)         : MemWrite :  D=0x7fffffffffffff38 A=0x7ffffffffffffdb8
 422500: system.cpu: T0 : 0x224e4    : c_sdsp s2, 128(sp)         : MemWrite :  D=0x7fffffffffffff48 A=0x7ffffffffffffdb0
 423000: system.cpu: T0 : 0x224e6    : c_sdsp s3, 120(sp)         : MemWrite :  D=0x0000000000000000 A=0x7ffffffffffffda8
 423500: system.cpu: T0 : 0x224e8    : c_sdsp s4, 112(sp)         : MemWrite :  D=0x0000000000000000 A=0x7ffffffffffffda0
 424000: system.cpu: T0 : 0x224ea    : c_sdsp s0, 144(sp)         : MemWrite :  D=0x0000000000000001 A=0x7ffffffffffffdc0
 424500: system.cpu: T0 : 0x224ec    : c_sdsp s5, 104(sp)         : MemWrite :  D=0x0000000000000000 A=0x7ffffffffffffd98
 425000: system.cpu: T0 : 0x224ee    : c_sdsp s6, 96(sp)          : MemWrite :  D=0x0000000000000000 A=0x7ffffffffffffd90
 425500: system.cpu: T0 : 0x224f0    : c_sdsp s7, 88(sp)          : MemWrite :  D=0x0000000000000000 A=0x7ffffffffffffd88
 426000: system.cpu: T0 : 0x224f2    : c_sdsp s8, 80(sp)          : MemWrite :  D=0x0000000000000000 A=0x7ffffffffffffd80
 426500: system.cpu: T0 : 0x224f4    : c_sdsp s9, 72(sp)          : MemWrite :  D=0x0000000000000000 A=0x7ffffffffffffd78
 427000: system.cpu: T0 : 0x224f6    : c_sdsp s10, 64(sp)         : MemWrite :  D=0x0000000000000000 A=0x7ffffffffffffd70
 427500: system.cpu: T0 : 0x224f8    : lui s2, 114                : IntAlu :  D=0x0000000000072000
 428000: system.cpu: T0 : 0x224fc    : jal ra, 116914             : IntAlu :  D=0x0000000000022500
 428500: system.cpu: T0 : 0x3edae    : c_lui t1, 1048575          : IntAlu :  D=0xfffffffffffff000
 429000: system.cpu: T0 : 0x3edb0    : c_addi16sp sp, -48         : IntAlu :  D=0x7ffffffffffffd00
 429500: system.cpu: T0 : 0x3edb2    : c_addi t1, 16              : IntAlu :  D=0xfffffffffffff010
 430000: system.cpu: T0 : 0x3edb4    : c_sdsp ra, 40(sp)          : MemWrite :  D=0x0000000000022500 A=0x7ffffffffffffd28
 430500: system.cpu: T0 : 0x3edb6    : c_sdsp s0, 32(sp)          : MemWrite :  D=0x0000000000000001 A=0x7ffffffffffffd20
 431000: system.cpu: T0 : 0x3edb8    : c_sdsp s1, 24(sp)          : MemWrite :  D=0x7fffffffffffff38 A=0x7ffffffffffffd18
 431500: system.cpu: T0 : 0x3edba    : c_sdsp s2, 16(sp)          : MemWrite :  D=0x0000000000072000 A=0x7ffffffffffffd10
 432000: system.cpu: T0 : 0x3edbc    : lui a1, 98                 : IntAlu :  D=0x0000000000062000
 432500: system.cpu: T0 : 0x3edc0    : c_add sp, t1               : IntAlu :  D=0x7fffffffffffed10
 433000: system.cpu: T0 : 0x3edc2    : c_lui a5, 1048575          : IntAlu :  D=0xfffffffffffff000
 433500: system.cpu: T0 : 0x3edc4    : addi a7, zero, 78          : IntAlu :  D=0x000000000000004e
 434000: system.cpu: T0 : 0x3edc8    : addi a0, zero, -100        : IntAlu :  D=0xffffffffffffff9c
 434500: system.cpu: T0 : 0x3edcc    : addi a1, a1, 432           : IntAlu :  D=0x00000000000621b0
 435000: system.cpu: T0 : 0x3edd0    : c_mv a2, sp                : IntAlu :  D=0x7fffffffffffed10
 435500: system.cpu: T0 : 0x3edd2    : c_lui a3, 1                : IntAlu :  D=0x0000000000001000
 436000: system.cpu: T0 : 0x3edd4    : ecall                      : No_OpClass : 
 436500: system.cpu: T0 : 0x3edd8    : c_addiw a0, 0              : IntAlu :  D=0xfffffffffffffffe
 437500: system.cpu: T0 : 0x3edda    : bltu a5, a0, 84            : IntAlu : 
 438500: system.cpu: T0 : 0x3ee2e    : lui a5, 114                : IntAlu :  D=0x0000000000072000
 439500: system.cpu: T0 : 0x3ee32    : ld s1, -448(a5)            : MemRead :  D=0x0000000000000000 A=0x71e40
 440000: system.cpu: T0 : 0x3ee36    : c_beqz s1, 62              : IntAlu : 
 440500: system.cpu: T0 : 0x3ee74    : c_li s0, -1                : IntAlu :  D=0xffffffffffffffff
 441000: system.cpu: T0 : 0x3ee76    : c_lui t1, 1                : IntAlu :  D=0x0000000000001000
 441500: system.cpu: T0 : 0x3ee78    : c_addi t1, -16             : IntAlu :  D=0x0000000000000ff0
 442000: system.cpu: T0 : 0x3ee7a    : c_add sp, t1               : IntAlu :  D=0x7ffffffffffffd00
 442500: system.cpu: T0 : 0x3ee7c    : c_ldsp ra, 40(sp)          : MemRead :  D=0x0000000000022500 A=0x7ffffffffffffd28
 443000: system.cpu: T0 : 0x3ee7e    : c_mv a0, s0                : IntAlu :  D=0xffffffffffffffff
 443500: system.cpu: T0 : 0x3ee80    : c_ldsp s1, 24(sp)          : MemRead :  D=0x7fffffffffffff38 A=0x7ffffffffffffd18
 444000: system.cpu: T0 : 0x3ee82    : c_ldsp s0, 32(sp)          : MemRead :  D=0x0000000000000001 A=0x7ffffffffffffd20
 444500: system.cpu: T0 : 0x3ee84    : c_ldsp s2, 16(sp)          : MemRead :  D=0x0000000000072000 A=0x7ffffffffffffd10
 445000: system.cpu: T0 : 0x3ee86    : c_addi16sp sp, 48          : IntAlu :  D=0x7ffffffffffffd30
 445500: system.cpu: T0 : 0x3ee88    : c_jr ra                    : IntAlu : 
 446000: system.cpu: T0 : 0x22500    : lui s3, 114                : IntAlu :  D=0x0000000000072000
 446500: system.cpu: T0 : 0x22504    : ld a5, -408(s3)            : MemRead :  D=0x0000000000000006 A=0x71e68
 447000: system.cpu: T0 : 0x22508    : ld a4, -464(s2)            : MemRead :  D=0x0000000000010040 A=0x71e30
 447500: system.cpu: T0 : 0x2250c    : c_mv a3, a0                : IntAlu :  D=0xffffffffffffffff
 448500: system.cpu: T0 : 0x2250e    : lui s4, 112                : IntAlu :  D=0x0000000000070000
 449500: system.cpu: T0 : 0x22512    : lui a0, 80                 : IntAlu :  D=0x0000000000050000
 450500: system.cpu: T0 : 0x22516    : addi s1, s4, -416          : IntAlu :  D=0x000000000006fe60
 451500: system.cpu: T0 : 0x2251a    : addi a0, a0, -688          : IntAlu :  D=0x000000000004fd50
 452500: system.cpu: T0 : 0x2251e    : sh a5, 696(s1)             : MemWrite :  D=0x0000000000000006 A=0x70118
 453500: system.cpu: T0 : 0x22522    : sd a3, 840(s1)             : MemWrite :  D=0xffffffffffffffff A=0x701a8
 454500: system.cpu: T0 : 0x22526    : sd a4, 680(s1)             : MemWrite :  D=0x0000000000010040 A=0x70108
 455500: system.cpu: T0 : 0x2252a    : jal ra, -56890             : IntAlu :  D=0x000000000002252e
 456000: system.cpu: T0 : 0x146f0    : c_addi16sp sp, -64         : IntAlu :  D=0x7ffffffffffffcf0
 456500: system.cpu: T0 : 0x146f2    : c_sdsp s1, 40(sp)          : MemWrite :  D=0x000000000006fe60 A=0x7ffffffffffffd18
 457000: system.cpu: T0 : 0x146f4    : ld s1, -1360(gp)           : MemRead :  D=0x7fffffffffffff48 A=0x70ad8
 457500: system.cpu: T0 : 0x146f8    : c_sdsp ra, 56(sp)          : MemWrite :  D=0x000000000002252e A=0x7ffffffffffffd28
 458000: system.cpu: T0 : 0x146fa    : c_sdsp s0, 48(sp)          : MemWrite :  D=0x0000000000000001 A=0x7ffffffffffffd20
 458500: system.cpu: T0 : 0x146fc    : c_sdsp s2, 32(sp)          : MemWrite :  D=0x0000000000072000 A=0x7ffffffffffffd10
 459000: system.cpu: T0 : 0x146fe    : c_sdsp s3, 24(sp)          : MemWrite :  D=0x0000000000072000 A=0x7ffffffffffffd08
 459500: system.cpu: T0 : 0x14700    : c_sdsp s4, 16(sp)          : MemWrite :  D=0x0000000000070000 A=0x7ffffffffffffd00
 460000: system.cpu: T0 : 0x14702    : c_sdsp s5, 8(sp)           : MemWrite :  D=0x0000000000000000 A=0x7ffffffffffffcf8
 460500: system.cpu: T0 : 0x14704    : c_sdsp s6, 0(sp)           : MemWrite :  D=0x0000000000000000 A=0x7ffffffffffffcf0
 461000: system.cpu: T0 : 0x14706    : c_beqz s1, 210             : IntAlu : 
 461500: system.cpu: T0 : 0x14708    : lbu a5, 0(a0)              : MemRead :  D=0x000000000000004c A=0x4fd50
 462000: system.cpu: T0 : 0x1470c    : c_mv s4, a0                : IntAlu :  D=0x000000000004fd50
 462500: system.cpu: T0 : 0x1470e    : c_beqz a5, 202             : IntAlu : 
 463000: system.cpu: T0 : 0x14710    : lbu s5, 1(a0)              : MemRead :  D=0x0000000000000044 A=0x4fd51
 463500: system.cpu: T0 : 0x14714    : slliw s2, a5, 16           : IntAlu :  D=0x00000000004c0000
 464000: system.cpu: T0 : 0x14718    : c_ld s0, 0(s1)             : MemRead :  D=0x0000000000000000 A=0x7fffffffffffff48
 465000: system.cpu: T0 : 0x1471a    : sraiw s2, s2, 16           : IntAlu :  D=0x000000000000004c
 466000: system.cpu: T0 : 0x1471e    : bne s5, zero, 86           : IntAlu : 
 466500: system.cpu: T0 : 0x14774    : jal ra, 42488              : IntAlu :  D=0x0000000000014778
 467000: system.cpu: T0 : 0x1ed6c    : andi a5, a0, 7             : IntAlu :  D=0x0000000000000000
 467500: system.cpu: T0 : 0x1ed70    : c_beqz a5, 26              : IntAlu : 
 468000: system.cpu: T0 : 0x1ed8a    : c_mv a5, a0                : IntAlu :  D=0x000000000004fd50
 468500: system.cpu: T0 : 0x1ed8c    : ld a6, -2024(gp)           : MemRead :  D=0xfefefefefefefeff A=0x70840
 469000: system.cpu: T0 : 0x1ed90    : ld a1, -2016(gp)           : MemRead :  D=0x8080808080808080 A=0x70848
 469500: system.cpu: T0 : 0x1ed94    : c_ld a2, 0(a5)             : MemRead :  D=0x004e5241575f444c A=0x4fd50
 470500: system.cpu: T0 : 0x1ed96    : addi a3, a5, 8             : IntAlu :  D=0x000000000004fd58
 471500: system.cpu: T0 : 0x1ed9a    : add a4, a2, a6             : IntAlu :  D=0xff4d5140565e434b
 472500: system.cpu: T0 : 0x1ed9e    : xori a2, a2, 18446744073709551615 : IntAlu :  D=0xffb1adbea8a0bbb3
 473000: system.cpu: T0 : 0x1eda2    : c_and a4, a2               : IntAlu :  D=0xff01010000000303
 473500: system.cpu: T0 : 0x1eda4    : c_and a4, a1               : IntAlu :  D=0x8000000000000000
 474000: system.cpu: T0 : 0x1eda6    : c_beqz a4, 50              : IntAlu : 
 474500: system.cpu: T0 : 0x1eda8    : lbu a4, -8(a3)             : MemRead :  D=0x000000000000004c A=0x4fd50
 475000: system.cpu: T0 : 0x1edac    : c_beqz a4, -40             : IntAlu : 
 476000: system.cpu: T0 : 0x1edae    : lbu a4, -7(a3)             : MemRead :  D=0x0000000000000044 A=0x4fd51
 476500: system.cpu: T0 : 0x1edb2    : c_beqz a4, 50              : IntAlu : 
 477000: system.cpu: T0 : 0x1edb4    : lbu a4, -6(a3)             : MemRead :  D=0x000000000000005f A=0x4fd52
 477500: system.cpu: T0 : 0x1edb8    : c_beqz a4, 52              : IntAlu : 
 478500: system.cpu: T0 : 0x1edba    : lbu a4, -5(a3)             : MemRead :  D=0x0000000000000057 A=0x4fd53
 479000: system.cpu: T0 : 0x1edbe    : c_beqz a4, 54              : IntAlu : 
 479500: system.cpu: T0 : 0x1edc0    : lbu a4, -4(a3)             : MemRead :  D=0x0000000000000041 A=0x4fd54
 480000: system.cpu: T0 : 0x1edc4    : c_beqz a4, 56              : IntAlu : 
 481000: system.cpu: T0 : 0x1edc6    : lbu a4, -3(a3)             : MemRead :  D=0x0000000000000052 A=0x4fd55
 481500: system.cpu: T0 : 0x1edca    : c_beqz a4, 58              : IntAlu : 
 482000: system.cpu: T0 : 0x1edcc    : lbu a4, -2(a3)             : MemRead :  D=0x000000000000004e A=0x4fd56
 482500: system.cpu: T0 : 0x1edd0    : c_beqz a4, 60              : IntAlu : 
 483500: system.cpu: T0 : 0x1edd2    : lbu a4, -1(a3)             : MemRead :  D=0x0000000000000000 A=0x4fd57
 484000: system.cpu: T0 : 0x1edd6    : c_beqz a4, 6               : IntAlu : 
 484500: system.cpu: T0 : 0x1eddc    : c_sub a5, a0               : IntAlu :  D=0x0000000000000000
 485500: system.cpu: T0 : 0x1edde    : addi a0, a5, 7             : IntAlu :  D=0x0000000000000007
 486000: system.cpu: T0 : 0x1ede2    : c_jr ra                    : IntAlu : 
 486500: system.cpu: T0 : 0x14778    : slli a5, s5, 8             : IntAlu :  D=0x0000000000004400
 487000: system.cpu: T0 : 0x1477c    : or a5, s2, a5              : IntAlu :  D=0x000000000000444c
 487500: system.cpu: T0 : 0x14780    : slliw s2, a5, 16           : IntAlu :  D=0x00000000444c0000
 488000: system.cpu: T0 : 0x14784    : c_mv s3, a0                : IntAlu :  D=0x0000000000000007
 489000: system.cpu: T0 : 0x14786    : sraiw s2, s2, 16           : IntAlu :  D=0x000000000000444c
 490000: system.cpu: T0 : 0x1478a    : addi s5, a0, -2            : IntAlu :  D=0x0000000000000005
 490500: system.cpu: T0 : 0x1478e    : c_addi s4, 2               : IntAlu :  D=0x000000000004fd52
 491000: system.cpu: T0 : 0x14790    : c_beqz s0, -50             : IntAlu : 
 491500: system.cpu: T0 : 0x1475e    : c_ldsp ra, 56(sp)          : MemRead :  D=0x000000000002252e A=0x7ffffffffffffd28
 492000: system.cpu: T0 : 0x14760    : c_mv a0, s0                : IntAlu :  D=0x0000000000000000
 492500: system.cpu: T0 : 0x14762    : c_ldsp s0, 48(sp)          : MemRead :  D=0x0000000000000001 A=0x7ffffffffffffd20
 493000: system.cpu: T0 : 0x14764    : c_ldsp s1, 40(sp)          : MemRead :  D=0x000000000006fe60 A=0x7ffffffffffffd18
 493500: system.cpu: T0 : 0x14766    : c_ldsp s2, 32(sp)          : MemRead :  D=0x0000000000072000 A=0x7ffffffffffffd10
 494000: system.cpu: T0 : 0x14768    : c_ldsp s3, 24(sp)          : MemRead :  D=0x0000000000072000 A=0x7ffffffffffffd08
 494500: system.cpu: T0 : 0x1476a    : c_ldsp s4, 16(sp)          : MemRead :  D=0x0000000000070000 A=0x7ffffffffffffd00
 495000: system.cpu: T0 : 0x1476c    : c_ldsp s5, 8(sp)           : MemRead :  D=0x0000000000000000 A=0x7ffffffffffffcf8
 495500: system.cpu: T0 : 0x1476e    : c_ldsp s6, 0(sp)           : MemRead :  D=0x0000000000000000 A=0x7ffffffffffffcf0
 496000: system.cpu: T0 : 0x14770    : c_addi16sp sp, 64          : IntAlu :  D=0x7ffffffffffffd30
 496500: system.cpu: T0 : 0x14772    : c_jr ra                    : IntAlu : 
 497000: system.cpu: T0 : 0x2252e    : c_li a5, 0                 : IntAlu :  D=0x0000000000000000
 497500: system.cpu: T0 : 0x22530    : c_beqz a0, 10              : IntAlu : 
 498500: system.cpu: T0 : 0x2253a    : lui s5, 114                : IntAlu :  D=0x0000000000072000
 499500: system.cpu: T0 : 0x2253e    : ld a4, -432(s5)            : MemRead :  D=0x0000000000000000 A=0x71e50
 500500: system.cpu: T0 : 0x22542    : lui a3, 114                : IntAlu :  D=0x0000000000072000
 501500: system.cpu: T0 : 0x22546    : sw a5, -416(a3)            : MemWrite :  D=0x0000000000000000 A=0x71e60
 502500: system.cpu: T0 : 0x2254a    : beq a4, zero, 1518         : IntAlu : 
 503000: system.cpu: T0 : 0x22b38    : lui s6, 114                : IntAlu :  D=0x0000000000072000
 503500: system.cpu: T0 : 0x22b3c    : ld s0, -480(s6)            : MemRead :  D=0x0000000000000000 A=0x71e20
 504000: system.cpu: T0 : 0x22b40    : bne s0, zero, -1062        : IntAlu : 
 504500: system.cpu: T0 : 0x22b44    : lui s0, 111                : IntAlu :  D=0x000000000006f000
 505000: system.cpu: T0 : 0x22b48    : addi s0, s0, -128          : IntAlu :  D=0x000000000006ef80
 505500: system.cpu: T0 : 0x22b4c    : sd zero, 8(s0)             : MemWrite :  D=0x0000000000000000 A=0x6ef88
 506000: system.cpu: T0 : 0x22b50    : sd zero, 16(s0)            : MemWrite :  D=0x0000000000000000 A=0x6ef90
 506500: system.cpu: T0 : 0x22b54    : sd zero, 24(s0)            : MemWrite :  D=0x0000000000000000 A=0x6ef98
 507000: system.cpu: T0 : 0x22b58    : c_li a5, 0                 : IntAlu :  D=0x0000000000000000
 507500: system.cpu: T0 : 0x22b5a    : c_j -678                   : IntAlu : 
 508000: system.cpu: T0 : 0x228b4    : lui a0, 80                 : IntAlu :  D=0x0000000000050000
 508500: system.cpu: T0 : 0x228b8    : addi a0, a0, -336          : IntAlu :  D=0x000000000004feb0
 509000: system.cpu: T0 : 0x228bc    : c_sd a5, 32(s0)            : MemWrite :  D=0x0000000000000000 A=0x6efa0
 510000: system.cpu: T0 : 0x228be    : jal ra, -57806             : IntAlu :  D=0x00000000000228c2
 510500: system.cpu: T0 : 0x146f0    : c_addi16sp sp, -64         : IntAlu :  D=0x7ffffffffffffcf0
 511000: system.cpu: T0 : 0x146f2    : c_sdsp s1, 40(sp)          : MemWrite :  D=0x000000000006fe60 A=0x7ffffffffffffd18
 511500: system.cpu: T0 : 0x146f4    : ld s1, -1360(gp)           : MemRead :  D=0x7fffffffffffff48 A=0x70ad8
 512000: system.cpu: T0 : 0x146f8    : c_sdsp ra, 56(sp)          : MemWrite :  D=0x00000000000228c2 A=0x7ffffffffffffd28
 512500: system.cpu: T0 : 0x146fa    : c_sdsp s0, 48(sp)          : MemWrite :  D=0x000000000006ef80 A=0x7ffffffffffffd20
 513000: system.cpu: T0 : 0x146fc    : c_sdsp s2, 32(sp)          : MemWrite :  D=0x0000000000072000 A=0x7ffffffffffffd10
 513500: system.cpu: T0 : 0x146fe    : c_sdsp s3, 24(sp)          : MemWrite :  D=0x0000000000072000 A=0x7ffffffffffffd08
 514000: system.cpu: T0 : 0x14700    : c_sdsp s4, 16(sp)          : MemWrite :  D=0x0000000000070000 A=0x7ffffffffffffd00
 514500: system.cpu: T0 : 0x14702    : c_sdsp s5, 8(sp)           : MemWrite :  D=0x0000000000072000 A=0x7ffffffffffffcf8
 515000: system.cpu: T0 : 0x14704    : c_sdsp s6, 0(sp)           : MemWrite :  D=0x0000000000072000 A=0x7ffffffffffffcf0
 515500: system.cpu: T0 : 0x14706    : c_beqz s1, 210             : IntAlu : 
 516000: system.cpu: T0 : 0x14708    : lbu a5, 0(a0)              : MemRead :  D=0x000000000000004c A=0x4feb0
 516500: system.cpu: T0 : 0x1470c    : c_mv s4, a0                : IntAlu :  D=0x000000000004feb0
 517000: system.cpu: T0 : 0x1470e    : c_beqz a5, 202             : IntAlu : 
 517500: system.cpu: T0 : 0x14710    : lbu s5, 1(a0)              : MemRead :  D=0x0000000000000044 A=0x4feb1
 518000: system.cpu: T0 : 0x14714    : slliw s2, a5, 16           : IntAlu :  D=0x00000000004c0000
 518500: system.cpu: T0 : 0x14718    : c_ld s0, 0(s1)             : MemRead :  D=0x0000000000000000 A=0x7fffffffffffff48
 519500: system.cpu: T0 : 0x1471a    : sraiw s2, s2, 16           : IntAlu :  D=0x000000000000004c
 520500: system.cpu: T0 : 0x1471e    : bne s5, zero, 86           : IntAlu : 
 521000: system.cpu: T0 : 0x14774    : jal ra, 42488              : IntAlu :  D=0x0000000000014778
 521500: system.cpu: T0 : 0x1ed6c    : andi a5, a0, 7             : IntAlu :  D=0x0000000000000000
 522000: system.cpu: T0 : 0x1ed70    : c_beqz a5, 26              : IntAlu : 
 522500: system.cpu: T0 : 0x1ed8a    : c_mv a5, a0                : IntAlu :  D=0x000000000004feb0
 523000: system.cpu: T0 : 0x1ed8c    : ld a6, -2024(gp)           : MemRead :  D=0xfefefefefefefeff A=0x70840
 523500: system.cpu: T0 : 0x1ed90    : ld a1, -2016(gp)           : MemRead :  D=0x8080808080808080 A=0x70848
 524000: system.cpu: T0 : 0x1ed94    : c_ld a2, 0(a5)             : MemRead :  D=0x415242494c5f444c A=0x4feb0
 525000: system.cpu: T0 : 0x1ed96    : addi a3, a5, 8             : IntAlu :  D=0x000000000004feb8
 526000: system.cpu: T0 : 0x1ed9a    : add a4, a2, a6             : IntAlu :  D=0x405141484b5e434b
 527000: system.cpu: T0 : 0x1ed9e    : xori a2, a2, 18446744073709551615 : IntAlu :  D=0xbeadbdb6b3a0bbb3
 527500: system.cpu: T0 : 0x1eda2    : c_and a4, a2               : IntAlu :  D=0x0001010003000303
 528000: system.cpu: T0 : 0x1eda4    : c_and a4, a1               : IntAlu :  D=0x0000000000000000
 528500: system.cpu: T0 : 0x1eda6    : c_beqz a4, 50              : IntAlu : 
 529000: system.cpu: T0 : 0x1edd8    : c_mv a5, a3                : IntAlu :  D=0x000000000004feb8
 529500: system.cpu: T0 : 0x1edda    : c_j -70                    : IntAlu : 
 530000: system.cpu: T0 : 0x1ed94    : c_ld a2, 0(a5)             : MemRead :  D=0x00485441505f5952 A=0x4feb8
 531000: system.cpu: T0 : 0x1ed96    : addi a3, a5, 8             : IntAlu :  D=0x000000000004fec0
 532000: system.cpu: T0 : 0x1ed9a    : add a4, a2, a6             : IntAlu :  D=0xff4753404f5e5851
 533000: system.cpu: T0 : 0x1ed9e    : xori a2, a2, 18446744073709551615 : IntAlu :  D=0xffb7abbeafa0a6ad
 533500: system.cpu: T0 : 0x1eda2    : c_and a4, a2               : IntAlu :  D=0xff0703000f000001
 534000: system.cpu: T0 : 0x1eda4    : c_and a4, a1               : IntAlu :  D=0x8000000000000000
 534500: system.cpu: T0 : 0x1eda6    : c_beqz a4, 50              : IntAlu : 
 535000: system.cpu: T0 : 0x1eda8    : lbu a4, -8(a3)             : MemRead :  D=0x0000000000000052 A=0x4feb8
 535500: system.cpu: T0 : 0x1edac    : c_beqz a4, -40             : IntAlu : 
 536500: system.cpu: T0 : 0x1edae    : lbu a4, -7(a3)             : MemRead :  D=0x0000000000000059 A=0x4feb9
 537000: system.cpu: T0 : 0x1edb2    : c_beqz a4, 50              : IntAlu : 
 537500: system.cpu: T0 : 0x1edb4    : lbu a4, -6(a3)             : MemRead :  D=0x000000000000005f A=0x4feba
 538000: system.cpu: T0 : 0x1edb8    : c_beqz a4, 52              : IntAlu : 
 539000: system.cpu: T0 : 0x1edba    : lbu a4, -5(a3)             : MemRead :  D=0x0000000000000050 A=0x4febb
 539500: system.cpu: T0 : 0x1edbe    : c_beqz a4, 54              : IntAlu : 
 540000: system.cpu: T0 : 0x1edc0    : lbu a4, -4(a3)             : MemRead :  D=0x0000000000000041 A=0x4febc
 540500: system.cpu: T0 : 0x1edc4    : c_beqz a4, 56              : IntAlu : 
 541500: system.cpu: T0 : 0x1edc6    : lbu a4, -3(a3)             : MemRead :  D=0x0000000000000054 A=0x4febd
 542000: system.cpu: T0 : 0x1edca    : c_beqz a4, 58              : IntAlu : 
 542500: system.cpu: T0 : 0x1edcc    : lbu a4, -2(a3)             : MemRead :  D=0x0000000000000048 A=0x4febe
 543000: system.cpu: T0 : 0x1edd0    : c_beqz a4, 60              : IntAlu : 
 544000: system.cpu: T0 : 0x1edd2    : lbu a4, -1(a3)             : MemRead :  D=0x0000000000000000 A=0x4febf
 544500: system.cpu: T0 : 0x1edd6    : c_beqz a4, 6               : IntAlu : 
 545000: system.cpu: T0 : 0x1eddc    : c_sub a5, a0               : IntAlu :  D=0x0000000000000008
 546000: system.cpu: T0 : 0x1edde    : addi a0, a5, 7             : IntAlu :  D=0x000000000000000f
 546500: system.cpu: T0 : 0x1ede2    : c_jr ra                    : IntAlu : 
 547000: system.cpu: T0 : 0x14778    : slli a5, s5, 8             : IntAlu :  D=0x0000000000004400
 547500: system.cpu: T0 : 0x1477c    : or a5, s2, a5              : IntAlu :  D=0x000000000000444c
 548000: system.cpu: T0 : 0x14780    : slliw s2, a5, 16           : IntAlu :  D=0x00000000444c0000
 548500: system.cpu: T0 : 0x14784    : c_mv s3, a0                : IntAlu :  D=0x000000000000000f
 549500: system.cpu: T0 : 0x14786    : sraiw s2, s2, 16           : IntAlu :  D=0x000000000000444c
 550500: system.cpu: T0 : 0x1478a    : addi s5, a0, -2            : IntAlu :  D=0x000000000000000d
 551000: system.cpu: T0 : 0x1478e    : c_addi s4, 2               : IntAlu :  D=0x000000000004feb2
 551500: system.cpu: T0 : 0x14790    : c_beqz s0, -50             : IntAlu : 
 552000: system.cpu: T0 : 0x1475e    : c_ldsp ra, 56(sp)          : MemRead :  D=0x00000000000228c2 A=0x7ffffffffffffd28
 552500: system.cpu: T0 : 0x14760    : c_mv a0, s0                : IntAlu :  D=0x0000000000000000
 553000: system.cpu: T0 : 0x14762    : c_ldsp s0, 48(sp)          : MemRead :  D=0x000000000006ef80 A=0x7ffffffffffffd20
 553500: system.cpu: T0 : 0x14764    : c_ldsp s1, 40(sp)          : MemRead :  D=0x000000000006fe60 A=0x7ffffffffffffd18
 554000: system.cpu: T0 : 0x14766    : c_ldsp s2, 32(sp)          : MemRead :  D=0x0000000000072000 A=0x7ffffffffffffd10
 554500: system.cpu: T0 : 0x14768    : c_ldsp s3, 24(sp)          : MemRead :  D=0x0000000000072000 A=0x7ffffffffffffd08
 555000: system.cpu: T0 : 0x1476a    : c_ldsp s4, 16(sp)          : MemRead :  D=0x0000000000070000 A=0x7ffffffffffffd00
 555500: system.cpu: T0 : 0x1476c    : c_ldsp s5, 8(sp)           : MemRead :  D=0x0000000000072000 A=0x7ffffffffffffcf8
 556000: system.cpu: T0 : 0x1476e    : c_ldsp s6, 0(sp)           : MemRead :  D=0x0000000000072000 A=0x7ffffffffffffcf0
 556500: system.cpu: T0 : 0x14770    : c_addi16sp sp, 64          : IntAlu :  D=0x7ffffffffffffd30
 557000: system.cpu: T0 : 0x14772    : c_jr ra                    : IntAlu : 
 558000: system.cpu: T0 : 0x228c2    : jal ra, 99838              : IntAlu :  D=0x00000000000228c6
 558500: system.cpu: T0 : 0x3aec0    : c_addi16sp sp, -64         : IntAlu :  D=0x7ffffffffffffcf0
 559000: system.cpu: T0 : 0x3aec2    : c_sdsp ra, 56(sp)          : MemWrite :  D=0x00000000000228c6 A=0x7ffffffffffffd28
 559500: system.cpu: T0 : 0x3aec4    : c_sdsp s0, 48(sp)          : MemWrite :  D=0x000000000006ef80 A=0x7ffffffffffffd20
 560000: system.cpu: T0 : 0x3aec6    : c_sdsp s2, 32(sp)          : MemWrite :  D=0x0000000000072000 A=0x7ffffffffffffd10
 560500: system.cpu: T0 : 0x3aec8    : c_sdsp s3, 24(sp)          : MemWrite :  D=0x0000000000072000 A=0x7ffffffffffffd08
 561000: system.cpu: T0 : 0x3aeca    : c_addi4spn s0, sp, 64      : IntAlu :  D=0x7ffffffffffffd30
 561500: system.cpu: T0 : 0x3aecc    : c_sdsp s1, 40(sp)          : MemWrite :  D=0x000000000006fe60 A=0x7ffffffffffffd18
 562000: system.cpu: T0 : 0x3aece    : c_sdsp s4, 16(sp)          : MemWrite :  D=0x0000000000070000 A=0x7ffffffffffffd00
 562500: system.cpu: T0 : 0x3aed0    : c_sdsp s5, 8(sp)           : MemWrite :  D=0x0000000000072000 A=0x7ffffffffffffcf8
 563500: system.cpu: T0 : 0x3aed2    : lui a5, 114                : IntAlu :  D=0x0000000000072000
 564500: system.cpu: T0 : 0x3aed6    : ld a1, -544(a5)            : MemRead :  D=0x0000000000000000 A=0x71de0
 565500: system.cpu: T0 : 0x3aeda    : lui a5, 114                : IntAlu :  D=0x0000000000072000
 566000: system.cpu: T0 : 0x3aede    : c_mv s2, a0                : IntAlu :  D=0x0000000000000000
 566500: system.cpu: T0 : 0x3aee0    : lui s3, 111                : IntAlu :  D=0x000000000006f000
 567000: system.cpu: T0 : 0x3aee4    : ld a0, -496(a5)            : MemRead :  D=0x0000000000000000 A=0x71e10
 567500: system.cpu: T0 : 0x3aee8    : addi s3, s3, -64           : IntAlu :  D=0x000000000006efc0
 568000: system.cpu: T0 : 0x3aeec    : addi a3, s3, 8             : IntAlu :  D=0x000000000006efc8
 568500: system.cpu: T0 : 0x3aef0    : addi a2, s3, 16            : IntAlu :  D=0x000000000006efd0
 569000: system.cpu: T0 : 0x3aef4    : jal ra, 9754               : IntAlu :  D=0x000000000003aef8
 569500: system.cpu: T0 : 0x3d50e    : c_addi16sp sp, -192        : IntAlu :  D=0x7ffffffffffffc30
 570000: system.cpu: T0 : 0x3d510    : c_sdsp s0, 176(sp)         : MemWrite :  D=0x7ffffffffffffd30 A=0x7ffffffffffffce0
 570500: system.cpu: T0 : 0x3d512    : c_sdsp s3, 152(sp)         : MemWrite :  D=0x000000000006efc0 A=0x7ffffffffffffcc8
 571000: system.cpu: T0 : 0x3d514    : c_addi4spn s0, sp, 192     : IntAlu :  D=0x7ffffffffffffcf0
 571500: system.cpu: T0 : 0x3d516    : c_sdsp s4, 144(sp)         : MemWrite :  D=0x0000000000070000 A=0x7ffffffffffffcc0
 572000: system.cpu: T0 : 0x3d518    : c_sdsp s9, 104(sp)         : MemWrite :  D=0x0000000000000000 A=0x7ffffffffffffc98
 572500: system.cpu: T0 : 0x3d51a    : c_sdsp s11, 88(sp)         : MemWrite :  D=0x0000000000000000 A=0x7ffffffffffffc88
 573000: system.cpu: T0 : 0x3d51c    : c_sdsp ra, 184(sp)         : MemWrite :  D=0x000000000003aef8 A=0x7ffffffffffffce8
 573500: system.cpu: T0 : 0x3d51e    : c_sdsp s1, 168(sp)         : MemWrite :  D=0x000000000006fe60 A=0x7ffffffffffffcd8
 574000: system.cpu: T0 : 0x3d520    : c_sdsp s2, 160(sp)         : MemWrite :  D=0x0000000000000000 A=0x7ffffffffffffcd0
 574500: system.cpu: T0 : 0x3d522    : c_sdsp s5, 136(sp)         : MemWrite :  D=0x0000000000072000 A=0x7ffffffffffffcb8
 575000: system.cpu: T0 : 0x3d524    : c_sdsp s6, 128(sp)         : MemWrite :  D=0x0000000000072000 A=0x7ffffffffffffcb0
 575500: system.cpu: T0 : 0x3d526    : c_sdsp s7, 120(sp)         : MemWrite :  D=0x0000000000000000 A=0x7ffffffffffffca8
 576000: system.cpu: T0 : 0x3d528    : c_sdsp s8, 112(sp)         : MemWrite :  D=0x0000000000000000 A=0x7ffffffffffffca0
 576500: system.cpu: T0 : 0x3d52a    : c_sdsp s10, 96(sp)         : MemWrite :  D=0x0000000000000000 A=0x7ffffffffffffc90
 577000: system.cpu: T0 : 0x3d52c    : c_mv a5, a2                : IntAlu :  D=0x000000000006efd0
 577500: system.cpu: T0 : 0x3d52e    : c_mv a4, a1                : IntAlu :  D=0x0000000000000000
 578000: system.cpu: T0 : 0x3d530    : c_mv s4, a0                : IntAlu :  D=0x0000000000000000
 578500: system.cpu: T0 : 0x3d532    : c_li a2, 0                 : IntAlu :  D=0x0000000000000000
 579000: system.cpu: T0 : 0x3d534    : addi a1, s0, -120          : IntAlu :  D=0x7ffffffffffffc78
 579500: system.cpu: T0 : 0x3d538    : c_li a0, 8                 : IntAlu :  D=0x0000000000000008
 580500: system.cpu: T0 : 0x3d53a    : sd a5, -136(s0)            : MemWrite :  D=0x000000000006efd0 A=0x7ffffffffffffc68
 581500: system.cpu: T0 : 0x3d53e    : sd a3, -160(s0)            : MemWrite :  D=0x000000000006efc8 A=0x7ffffffffffffc50
 582500: system.cpu: T0 : 0x3d542    : sd a4, -144(s0)            : MemWrite :  D=0x0000000000000000 A=0x7ffffffffffffc60
 583500: system.cpu: T0 : 0x3d546    : jal ra, -111428            : IntAlu :  D=0x000000000003d54a
 584000: system.cpu: T0 : 0x22202    : c_slli a0, 32              : IntAlu :  D=0x0000000800000000
 584500: system.cpu: T0 : 0x22204    : c_srli a0, 32              : IntAlu :  D=0x0000000000000008
 585500: system.cpu: T0 : 0x22206    : slli a5, a0, 3             : IntAlu :  D=0x0000000000000040
 586000: system.cpu: T0 : 0x2220a    : c_sub a5, a0               : IntAlu :  D=0x0000000000000038
 586500: system.cpu: T0 : 0x2220c    : lui a4, 111                : IntAlu :  D=0x000000000006f000
 587000: system.cpu: T0 : 0x22210    : addi a4, a4, -1248         : IntAlu :  D=0x000000000006eb20
 587500: system.cpu: T0 : 0x22214    : c_slli a5, 3               : IntAlu :  D=0x00000000000001c0
 588000: system.cpu: T0 : 0x22216    : c_add a5, a4               : IntAlu :  D=0x000000000006ece0
 588500: system.cpu: T0 : 0x22218    : c_lw a3, 8(a5)             : MemRead :  D=0x0000000000000001 A=0x6ece8
 589000: system.cpu: T0 : 0x2221a    : c_li a6, 2                 : IntAlu :  D=0x0000000000000002
 589500: system.cpu: T0 : 0x2221c    : c_ld a5, 32(a5)            : MemRead :  D=0x0000000000000000 A=0x6ed00
 590500: system.cpu: T0 : 0x2221e    : bltu a6, a3, 42            : IntAlu : 
 591000: system.cpu: T0 : 0x22222    : c_bnez a3, 38              : IntAlu : 
 591500: system.cpu: T0 : 0x22248    : c_sd a5, 0(a1)             : MemWrite :  D=0x0000000000000000 A=0x7ffffffffffffc78
 592000: system.cpu: T0 : 0x2224a    : c_j -36                    : IntAlu : 
 593000: system.cpu: T0 : 0x22226    : slli a5, a0, 3             : IntAlu :  D=0x0000000000000040
 593500: system.cpu: T0 : 0x2222a    : c_sub a5, a0               : IntAlu :  D=0x0000000000000038
 594000: system.cpu: T0 : 0x2222c    : c_slli a5, 3               : IntAlu :  D=0x00000000000001c0
 595000: system.cpu: T0 : 0x2222e    : add a3, a4, a5             : IntAlu :  D=0x000000000006ece0
 596000: system.cpu: T0 : 0x22232    : lbu a3, 40(a3)             : MemRead :  D=0x0000000000000000 A=0x6ed08
 596500: system.cpu: T0 : 0x22236    : c_beqz a3, 16              : IntAlu : 
 597000: system.cpu: T0 : 0x22246    : c_jr ra                    : IntAlu : 
 598000: system.cpu: T0 : 0x3d54a    : ld s11, -120(s0)           : MemRead :  D=0x0000000000000000 A=0x7ffffffffffffc78
 599000: system.cpu: T0 : 0x3d54e    : ld s9, -1328(gp)           : MemRead :  D=0x0000000000000000 A=0x70af8
 600000: system.cpu: T0 : 0x3d552    : sltu a3, zero, s4          : IntAlu :  D=0x0000000000000000
 601000: system.cpu: T0 : 0x3d556    : and s3, s9, s11            : IntAlu :  D=0x0000000000000000
 602000: system.cpu: T0 : 0x3d55a    : beq s3, zero, 1250         : IntAlu : 
 602500: system.cpu: T0 : 0x3da3c    : addi s2, a3, 1             : IntAlu :  D=0x0000000000000001
 603000: system.cpu: T0 : 0x3da40    : c_j -1210                  : IntAlu : 
 604000: system.cpu: T0 : 0x3d586    : lui a5, 114                : IntAlu :  D=0x0000000000072000
 605000: system.cpu: T0 : 0x3d58a    : ld s5, -480(a5)            : MemRead :  D=0x0000000000000000 A=0x71e20
 606000: system.cpu: T0 : 0x3d58e    : beq s5, zero, 444          : IntAlu : 
 607000: system.cpu: T0 : 0x3d74a    : slli a5, s2, 4             : IntAlu :  D=0x0000000000000010
 608000: system.cpu: T0 : 0x3d74e    : sub sp, sp, a5             : IntAlu :  D=0x7ffffffffffffc20
 608500: system.cpu: T0 : 0x3d752    : c_mv a3, sp                : IntAlu :  D=0x7ffffffffffffc20
 609000: system.cpu: T0 : 0x3d754    : c_mv s1, a3                : IntAlu :  D=0x7ffffffffffffc20
 609500: system.cpu: T0 : 0x3d756    : c_li a1, 1                 : IntAlu :  D=0x0000000000000001
 610000: system.cpu: T0 : 0x3d758    : c_li s9, 0                 : IntAlu :  D=0x0000000000000000
 611000: system.cpu: T0 : 0x3d75a    : bne s3, zero, -118         : IntAlu : 
 612000: system.cpu: T0 : 0x3d75e    : beq s4, zero, 24           : IntAlu : 
 613000: system.cpu: T0 : 0x3d776    : lui a5, 98                 : IntAlu :  D=0x0000000000062000
 614000: system.cpu: T0 : 0x3d77a    : addi a5, a5, -608          : IntAlu :  D=0x0000000000061da0
 614500: system.cpu: T0 : 0x3d77e    : c_sd a5, 0(a3)             : MemWrite :  D=0x0000000000061da0 A=0x7ffffffffffffc20
 615000: system.cpu: T0 : 0x3d780    : c_li a5, 3                 : IntAlu :  D=0x0000000000000003
 615500: system.cpu: T0 : 0x3d782    : c_sd a5, 8(a3)             : MemWrite :  D=0x0000000000000003 A=0x7ffffffffffffc28
 616000: system.cpu: T0 : 0x3d784    : bne s2, a1, 706            : IntAlu : 
 616500: system.cpu: T0 : 0x3d788    : c_li a5, 1                 : IntAlu :  D=0x0000000000000001
 617500: system.cpu: T0 : 0x3d78a    : ld s9, 8(s1)               : MemRead :  D=0x0000000000000003 A=0x7ffffffffffffc28
 618500: system.cpu: T0 : 0x3d78e    : beq s2, a5, 542            : IntAlu : 
 619000: system.cpu: T0 : 0x3d9ac    : ld a5, -136(s0)            : MemRead :  D=0x000000000006efd0 A=0x7ffffffffffffc68
 619500: system.cpu: T0 : 0x3d9b0    : c_li s2, 2                 : IntAlu :  D=0x0000000000000002
 620500: system.cpu: T0 : 0x3d9b2    : addi a0, s9, 33            : IntAlu :  D=0x0000000000000024
 621500: system.cpu: T0 : 0x3d9b6    : sd s2, 0(a5)               : MemWrite :  D=0x0000000000000002 A=0x6efd0
 622500: system.cpu: T0 : 0x3d9ba    : jal ra, -131280            : IntAlu :  D=0x000000000003d9be
 623500: system.cpu: T0 : 0x1d8ea    : ld t1, -1848(gp)           : MemRead :  D=0x000000000001dae8 A=0x708f0
 624500: system.cpu: T0 : 0x1d8ee    : bne t1, zero, 260          : IntAlu : 
 625000: system.cpu: T0 : 0x1d9f2    : c_mv a1, ra                : IntAlu :  D=0x000000000003d9be
 625500: system.cpu: T0 : 0x1d9f4    : c_jr t1                    : IntAlu : 
 626000: system.cpu: T0 : 0x1dae8    : lw a5, -1876(gp)           : MemRead :  D=0xffffffffffffffff A=0x708d4
 626500: system.cpu: T0 : 0x1daec    : sd zero, -1848(gp)         : MemWrite :  D=0x0000000000000000 A=0x708f0
 627000: system.cpu: T0 : 0x1daf0    : blt a5, zero, 6            : IntAlu : 
 627500: system.cpu: T0 : 0x1daf6    : c_addi sp, -32             : IntAlu :  D=0x7ffffffffffffc00
 628000: system.cpu: T0 : 0x1daf8    : c_sdsp ra, 24(sp)          : MemWrite :  D=0x000000000003d9be A=0x7ffffffffffffc18
 628500: system.cpu: T0 : 0x1dafa    : c_sdsp a0, 8(sp)           : MemWrite :  D=0x0000000000000024 A=0x7ffffffffffffc08
 629000: system.cpu: T0 : 0x1dafc    : jal ra, -11948             : IntAlu :  D=0x000000000001db00
 629500: system.cpu: T0 : 0x1ac50    : c_addi16sp sp, -48         : IntAlu :  D=0x7ffffffffffffbd0
 630000: system.cpu: T0 : 0x1ac52    : c_sdsp s1, 24(sp)          : MemWrite :  D=0x7ffffffffffffc20 A=0x7ffffffffffffbe8
 630500: system.cpu: T0 : 0x1ac54    : lui s1, 111                : IntAlu :  D=0x000000000006f000
 631000: system.cpu: T0 : 0x1ac58    : ld a3, -1264(s1)           : MemRead :  D=0x442f2e2e00000000 A=0x6eb10
 631500: system.cpu: T0 : 0x1ac5c    : lui a0, 111                : IntAlu :  D=0x000000000006f000
 632000: system.cpu: T0 : 0x1ac60    : addi a4, a0, 1480          : IntAlu :  D=0x000000000006f5c8
 632500: system.cpu: T0 : 0x1ac64    : c_sdsp ra, 40(sp)          : MemWrite :  D=0x000000000001db00 A=0x7ffffffffffffbf8
 633000: system.cpu: T0 : 0x1ac66    : c_sdsp s0, 32(sp)          : MemWrite :  D=0x7ffffffffffffcf0 A=0x7ffffffffffffbf0
 633500: system.cpu: T0 : 0x1ac68    : addi a0, a0, 1480          : IntAlu :  D=0x000000000006f5c8
 634000: system.cpu: T0 : 0x1ac6c    : sd a4, 56(tp)              : MemWrite :  D=0x000000000006f5c8 A=0x72748
 634500: system.cpu: T0 : 0x1ac70    : c_sdsp a3, 8(sp)           : MemWrite :  D=0x442f2e2e00000000 A=0x7ffffffffffffbd8
 635500: system.cpu: T0 : 0x1ac72    : sw zero, -1876(gp)         : MemWrite :  D=0x0000000000000000 A=0x708d4
 636500: system.cpu: T0 : 0x1ac76    : jal ra, -1026              : IntAlu :  D=0x000000000001ac7a
 637000: system.cpu: T0 : 0x1a874    : c_lui a4, 1                : IntAlu :  D=0x0000000000001000
 638000: system.cpu: T0 : 0x1a876    : addi a3, a0, 96            : IntAlu :  D=0x000000000006f628
 639000: system.cpu: T0 : 0x1a87a    : addi a4, a4, -1968         : IntAlu :  D=0x0000000000000850
 639500: system.cpu: T0 : 0x1a87e    : c_mv a5, a3                : IntAlu :  D=0x000000000006f628
 640000: system.cpu: T0 : 0x1a880    : c_add a4, a0               : IntAlu :  D=0x000000000006fe18
 640500: system.cpu: T0 : 0x1a882    : c_sd a5, 24(a5)            : MemWrite :  D=0x000000000006f628 A=0x6f640
 641000: system.cpu: T0 : 0x1a884    : c_sd a5, 16(a5)            : MemWrite :  D=0x000000000006f628 A=0x6f638
 641500: system.cpu: T0 : 0x1a886    : c_addi a5, 16              : IntAlu :  D=0x000000000006f638
 642000: system.cpu: T0 : 0x1a888    : bne a4, a5, -6             : IntAlu : 
 642500: system.cpu: T0 : 0x1a882    : c_sd a5, 24(a5)            : MemWrite :  D=0x000000000006f638 A=0x6f650
 643000: system.cpu: T0 : 0x1a884    : c_sd a5, 16(a5)            : MemWrite :  D=0x000000000006f638 A=0x6f648
 643500: system.cpu: T0 : 0x1a886    : c_addi a5, 16              : IntAlu :  D=0x000000000006f648
 644000: system.cpu: T0 : 0x1a888    : bne a4, a5, -6             : IntAlu : 
 644500: system.cpu: T0 : 0x1a882    : c_sd a5, 24(a5)            : MemWrite :  D=0x000000000006f648 A=0x6f660
 645000: system.cpu: T0 : 0x1a884    : c_sd a5, 16(a5)            : MemWrite :  D=0x000000000006f648 A=0x6f658
 645500: system.cpu: T0 : 0x1a886    : c_addi a5, 16              : IntAlu :  D=0x000000000006f658
 646000: system.cpu: T0 : 0x1a888    : bne a4, a5, -6             : IntAlu : 
 646500: system.cpu: T0 : 0x1a882    : c_sd a5, 24(a5)            : MemWrite :  D=0x000000000006f658 A=0x6f670
 647000: system.cpu: T0 : 0x1a884    : c_sd a5, 16(a5)            : MemWrite :  D=0x000000000006f658 A=0x6f668
 647500: system.cpu: T0 : 0x1a886    : c_addi a5, 16              : IntAlu :  D=0x000000000006f668
 648000: system.cpu: T0 : 0x1a888    : bne a4, a5, -6             : IntAlu : 
 648500: system.cpu: T0 : 0x1a882    : c_sd a5, 24(a5)            : MemWrite :  D=0x000000000006f668 A=0x6f680
 649000: system.cpu: T0 : 0x1a884    : c_sd a5, 16(a5)            : MemWrite :  D=0x000000000006f668 A=0x6f678
 649500: system.cpu: T0 : 0x1a886    : c_addi a5, 16              : IntAlu :  D=0x000000000006f678
 650000: system.cpu: T0 : 0x1a888    : bne a4, a5, -6             : IntAlu : 
 650500: system.cpu: T0 : 0x1a882    : c_sd a5, 24(a5)            : MemWrite :  D=0x000000000006f678 A=0x6f690
 651000: system.cpu: T0 : 0x1a884    : c_sd a5, 16(a5)            : MemWrite :  D=0x000000000006f678 A=0x6f688
 651500: system.cpu: T0 : 0x1a886    : c_addi a5, 16              : IntAlu :  D=0x000000000006f688
 652000: system.cpu: T0 : 0x1a888    : bne a4, a5, -6             : IntAlu : 
 652500: system.cpu: T0 : 0x1a882    : c_sd a5, 24(a5)            : MemWrite :  D=0x000000000006f688 A=0x6f6a0
 653000: system.cpu: T0 : 0x1a884    : c_sd a5, 16(a5)            : MemWrite :  D=0x000000000006f688 A=0x6f698
 653500: system.cpu: T0 : 0x1a886    : c_addi a5, 16              : IntAlu :  D=0x000000000006f698
 654000: system.cpu: T0 : 0x1a888    : bne a4, a5, -6             : IntAlu : 
 654500: system.cpu: T0 : 0x1a882    : c_sd a5, 24(a5)            : MemWrite :  D=0x000000000006f698 A=0x6f6b0
 655000: system.cpu: T0 : 0x1a884    : c_sd a5, 16(a5)            : MemWrite :  D=0x000000000006f698 A=0x6f6a8
 655500: system.cpu: T0 : 0x1a886    : c_addi a5, 16              : IntAlu :  D=0x000000000006f6a8
 656000: system.cpu: T0 : 0x1a888    : bne a4, a5, -6             : IntAlu : 
 656500: system.cpu: T0 : 0x1a882    : c_sd a5, 24(a5)            : MemWrite :  D=0x000000000006f6a8 A=0x6f6c0
 657000: system.cpu: T0 : 0x1a884    : c_sd a5, 16(a5)            : MemWrite :  D=0x000000000006f6a8 A=0x6f6b8
 657500: system.cpu: T0 : 0x1a886    : c_addi a5, 16              : IntAlu :  D=0x000000000006f6b8
 658000: system.cpu: T0 : 0x1a888    : bne a4, a5, -6             : IntAlu : 
 658500: system.cpu: T0 : 0x1a882    : c_sd a5, 24(a5)            : MemWrite :  D=0x000000000006f6b8 A=0x6f6d0
 659000: system.cpu: T0 : 0x1a884    : c_sd a5, 16(a5)            : MemWrite :  D=0x000000000006f6b8 A=0x6f6c8
 659500: system.cpu: T0 : 0x1a886    : c_addi a5, 16              : IntAlu :  D=0x000000000006f6c8
 660000: system.cpu: T0 : 0x1a888    : bne a4, a5, -6             : IntAlu : 
 660500: system.cpu: T0 : 0x1a882    : c_sd a5, 24(a5)            : MemWrite :  D=0x000000000006f6c8 A=0x6f6e0
 661000: system.cpu: T0 : 0x1a884    : c_sd a5, 16(a5)            : MemWrite :  D=0x000000000006f6c8 A=0x6f6d8
 661500: system.cpu: T0 : 0x1a886    : c_addi a5, 16              : IntAlu :  D=0x000000000006f6d8
 662000: system.cpu: T0 : 0x1a888    : bne a4, a5, -6             : IntAlu : 
 662500: system.cpu: T0 : 0x1a882    : c_sd a5, 24(a5)            : MemWrite :  D=0x000000000006f6d8 A=0x6f6f0
 663000: system.cpu: T0 : 0x1a884    : c_sd a5, 16(a5)            : MemWrite :  D=0x000000000006f6d8 A=0x6f6e8
 663500: system.cpu: T0 : 0x1a886    : c_addi a5, 16              : IntAlu :  D=0x000000000006f6e8
 664000: system.cpu: T0 : 0x1a888    : bne a4, a5, -6             : IntAlu : 
 664500: system.cpu: T0 : 0x1a882    : c_sd a5, 24(a5)            : MemWrite :  D=0x000000000006f6e8 A=0x6f700
 665000: system.cpu: T0 : 0x1a884    : c_sd a5, 16(a5)            : MemWrite :  D=0x000000000006f6e8 A=0x6f6f8
 665500: system.cpu: T0 : 0x1a886    : c_addi a5, 16              : IntAlu :  D=0x000000000006f6f8
 666000: system.cpu: T0 : 0x1a888    : bne a4, a5, -6             : IntAlu : 
 666500: system.cpu: T0 : 0x1a882    : c_sd a5, 24(a5)            : MemWrite :  D=0x000000000006f6f8 A=0x6f710
 667000: system.cpu: T0 : 0x1a884    : c_sd a5, 16(a5)            : MemWrite :  D=0x000000000006f6f8 A=0x6f708
 667500: system.cpu: T0 : 0x1a886    : c_addi a5, 16              : IntAlu :  D=0x000000000006f708
 668000: system.cpu: T0 : 0x1a888    : bne a4, a5, -6             : IntAlu : 
 668500: system.cpu: T0 : 0x1a882    : c_sd a5, 24(a5)            : MemWrite :  D=0x000000000006f708 A=0x6f720
 669000: system.cpu: T0 : 0x1a884    : c_sd a5, 16(a5)            : MemWrite :  D=0x000000000006f708 A=0x6f718
 669500: system.cpu: T0 : 0x1a886    : c_addi a5, 16              : IntAlu :  D=0x000000000006f718
 670000: system.cpu: T0 : 0x1a888    : bne a4, a5, -6             : IntAlu : 
 670500: system.cpu: T0 : 0x1a882    : c_sd a5, 24(a5)            : MemWrite :  D=0x000000000006f718 A=0x6f730
 671000: system.cpu: T0 : 0x1a884    : c_sd a5, 16(a5)            : MemWrite :  D=0x000000000006f718 A=0x6f728
 671500: system.cpu: T0 : 0x1a886    : c_addi a5, 16              : IntAlu :  D=0x000000000006f728
 672000: system.cpu: T0 : 0x1a888    : bne a4, a5, -6             : IntAlu : 
 672500: system.cpu: T0 : 0x1a882    : c_sd a5, 24(a5)            : MemWrite :  D=0x000000000006f728 A=0x6f740
 673000: system.cpu: T0 : 0x1a884    : c_sd a5, 16(a5)            : MemWrite :  D=0x000000000006f728 A=0x6f738
 673500: system.cpu: T0 : 0x1a886    : c_addi a5, 16              : IntAlu :  D=0x000000000006f738
 674000: system.cpu: T0 : 0x1a888    : bne a4, a5, -6             : IntAlu : 
 674500: system.cpu: T0 : 0x1a882    : c_sd a5, 24(a5)            : MemWrite :  D=0x000000000006f738 A=0x6f750
 675000: system.cpu: T0 : 0x1a884    : c_sd a5, 16(a5)            : MemWrite :  D=0x000000000006f738 A=0x6f748
 675500: system.cpu: T0 : 0x1a886    : c_addi a5, 16              : IntAlu :  D=0x000000000006f748
 676000: system.cpu: T0 : 0x1a888    : bne a4, a5, -6             : IntAlu : 
 676500: system.cpu: T0 : 0x1a882    : c_sd a5, 24(a5)            : MemWrite :  D=0x000000000006f748 A=0x6f760
 677000: system.cpu: T0 : 0x1a884    : c_sd a5, 16(a5)            : MemWrite :  D=0x000000000006f748 A=0x6f758
 677500: system.cpu: T0 : 0x1a886    : c_addi a5, 16              : IntAlu :  D=0x000000000006f758
 678000: system.cpu: T0 : 0x1a888    : bne a4, a5, -6             : IntAlu : 
 678500: system.cpu: T0 : 0x1a882    : c_sd a5, 24(a5)            : MemWrite :  D=0x000000000006f758 A=0x6f770
 679000: system.cpu: T0 : 0x1a884    : c_sd a5, 16(a5)            : MemWrite :  D=0x000000000006f758 A=0x6f768
 679500: system.cpu: T0 : 0x1a886    : c_addi a5, 16              : IntAlu :  D=0x000000000006f768
 680000: system.cpu: T0 : 0x1a888    : bne a4, a5, -6             : IntAlu : 
 680500: system.cpu: T0 : 0x1a882    : c_sd a5, 24(a5)            : MemWrite :  D=0x000000000006f768 A=0x6f780
 681000: system.cpu: T0 : 0x1a884    : c_sd a5, 16(a5)            : MemWrite :  D=0x000000000006f768 A=0x6f778
 681500: system.cpu: T0 : 0x1a886    : c_addi a5, 16              : IntAlu :  D=0x000000000006f778
 682000: system.cpu: T0 : 0x1a888    : bne a4, a5, -6             : IntAlu : 
 682500: system.cpu: T0 : 0x1a882    : c_sd a5, 24(a5)            : MemWrite :  D=0x000000000006f778 A=0x6f790
 683000: system.cpu: T0 : 0x1a884    : c_sd a5, 16(a5)            : MemWrite :  D=0x000000000006f778 A=0x6f788
 683500: system.cpu: T0 : 0x1a886    : c_addi a5, 16              : IntAlu :  D=0x000000000006f788
 684000: system.cpu: T0 : 0x1a888    : bne a4, a5, -6             : IntAlu : 
 684500: system.cpu: T0 : 0x1a882    : c_sd a5, 24(a5)            : MemWrite :  D=0x000000000006f788 A=0x6f7a0
 685000: system.cpu: T0 : 0x1a884    : c_sd a5, 16(a5)            : MemWrite :  D=0x000000000006f788 A=0x6f798
 685500: system.cpu: T0 : 0x1a886    : c_addi a5, 16              : IntAlu :  D=0x000000000006f798
 686000: system.cpu: T0 : 0x1a888    : bne a4, a5, -6             : IntAlu : 
 686500: system.cpu: T0 : 0x1a882    : c_sd a5, 24(a5)            : MemWrite :  D=0x000000000006f798 A=0x6f7b0
 687000: system.cpu: T0 : 0x1a884    : c_sd a5, 16(a5)            : MemWrite :  D=0x000000000006f798 A=0x6f7a8
 687500: system.cpu: T0 : 0x1a886    : c_addi a5, 16              : IntAlu :  D=0x000000000006f7a8
 688000: system.cpu: T0 : 0x1a888    : bne a4, a5, -6             : IntAlu : 
 688500: system.cpu: T0 : 0x1a882    : c_sd a5, 24(a5)            : MemWrite :  D=0x000000000006f7a8 A=0x6f7c0
 689000: system.cpu: T0 : 0x1a884    : c_sd a5, 16(a5)            : MemWrite :  D=0x000000000006f7a8 A=0x6f7b8
 689500: system.cpu: T0 : 0x1a886    : c_addi a5, 16              : IntAlu :  D=0x000000000006f7b8
 690000: system.cpu: T0 : 0x1a888    : bne a4, a5, -6             : IntAlu : 
 690500: system.cpu: T0 : 0x1a882    : c_sd a5, 24(a5)            : MemWrite :  D=0x000000000006f7b8 A=0x6f7d0
 691000: system.cpu: T0 : 0x1a884    : c_sd a5, 16(a5)            : MemWrite :  D=0x000000000006f7b8 A=0x6f7c8
 691500: system.cpu: T0 : 0x1a886    : c_addi a5, 16              : IntAlu :  D=0x000000000006f7c8
 692000: system.cpu: T0 : 0x1a888    : bne a4, a5, -6             : IntAlu : 
 692500: system.cpu: T0 : 0x1a882    : c_sd a5, 24(a5)            : MemWrite :  D=0x000000000006f7c8 A=0x6f7e0
 693000: system.cpu: T0 : 0x1a884    : c_sd a5, 16(a5)            : MemWrite :  D=0x000000000006f7c8 A=0x6f7d8
 693500: system.cpu: T0 : 0x1a886    : c_addi a5, 16              : IntAlu :  D=0x000000000006f7d8
 694000: system.cpu: T0 : 0x1a888    : bne a4, a5, -6             : IntAlu : 
 694500: system.cpu: T0 : 0x1a882    : c_sd a5, 24(a5)            : MemWrite :  D=0x000000000006f7d8 A=0x6f7f0
 695000: system.cpu: T0 : 0x1a884    : c_sd a5, 16(a5)            : MemWrite :  D=0x000000000006f7d8 A=0x6f7e8
 695500: system.cpu: T0 : 0x1a886    : c_addi a5, 16              : IntAlu :  D=0x000000000006f7e8
 696000: system.cpu: T0 : 0x1a888    : bne a4, a5, -6             : IntAlu : 
 696500: system.cpu: T0 : 0x1a882    : c_sd a5, 24(a5)            : MemWrite :  D=0x000000000006f7e8 A=0x6f800
 697000: system.cpu: T0 : 0x1a884    : c_sd a5, 16(a5)            : MemWrite :  D=0x000000000006f7e8 A=0x6f7f8
 697500: system.cpu: T0 : 0x1a886    : c_addi a5, 16              : IntAlu :  D=0x000000000006f7f8
 698000: system.cpu: T0 : 0x1a888    : bne a4, a5, -6             : IntAlu : 
 698500: system.cpu: T0 : 0x1a882    : c_sd a5, 24(a5)            : MemWrite :  D=0x000000000006f7f8 A=0x6f810
 699000: system.cpu: T0 : 0x1a884    : c_sd a5, 16(a5)            : MemWrite :  D=0x000000000006f7f8 A=0x6f808
 699500: system.cpu: T0 : 0x1a886    : c_addi a5, 16              : IntAlu :  D=0x000000000006f808
 700000: system.cpu: T0 : 0x1a888    : bne a4, a5, -6             : IntAlu : 
 700500: system.cpu: T0 : 0x1a882    : c_sd a5, 24(a5)            : MemWrite :  D=0x000000000006f808 A=0x6f820
 701000: system.cpu: T0 : 0x1a884    : c_sd a5, 16(a5)            : MemWrite :  D=0x000000000006f808 A=0x6f818
 701500: system.cpu: T0 : 0x1a886    : c_addi a5, 16              : IntAlu :  D=0x000000000006f818
 702000: system.cpu: T0 : 0x1a888    : bne a4, a5, -6             : IntAlu : 
 702500: system.cpu: T0 : 0x1a882    : c_sd a5, 24(a5)            : MemWrite :  D=0x000000000006f818 A=0x6f830
 703000: system.cpu: T0 : 0x1a884    : c_sd a5, 16(a5)            : MemWrite :  D=0x000000000006f818 A=0x6f828
 703500: system.cpu: T0 : 0x1a886    : c_addi a5, 16              : IntAlu :  D=0x000000000006f828
 704000: system.cpu: T0 : 0x1a888    : bne a4, a5, -6             : IntAlu : 
 704500: system.cpu: T0 : 0x1a882    : c_sd a5, 24(a5)            : MemWrite :  D=0x000000000006f828 A=0x6f840
 705000: system.cpu: T0 : 0x1a884    : c_sd a5, 16(a5)            : MemWrite :  D=0x000000000006f828 A=0x6f838
 705500: system.cpu: T0 : 0x1a886    : c_addi a5, 16              : IntAlu :  D=0x000000000006f838
 706000: system.cpu: T0 : 0x1a888    : bne a4, a5, -6             : IntAlu : 
 706500: system.cpu: T0 : 0x1a882    : c_sd a5, 24(a5)            : MemWrite :  D=0x000000000006f838 A=0x6f850
 707000: system.cpu: T0 : 0x1a884    : c_sd a5, 16(a5)            : MemWrite :  D=0x000000000006f838 A=0x6f848
 707500: system.cpu: T0 : 0x1a886    : c_addi a5, 16              : IntAlu :  D=0x000000000006f848
 708000: system.cpu: T0 : 0x1a888    : bne a4, a5, -6             : IntAlu : 
 708500: system.cpu: T0 : 0x1a882    : c_sd a5, 24(a5)            : MemWrite :  D=0x000000000006f848 A=0x6f860
 709000: system.cpu: T0 : 0x1a884    : c_sd a5, 16(a5)            : MemWrite :  D=0x000000000006f848 A=0x6f858
 709500: system.cpu: T0 : 0x1a886    : c_addi a5, 16              : IntAlu :  D=0x000000000006f858
 710000: system.cpu: T0 : 0x1a888    : bne a4, a5, -6             : IntAlu : 
 710500: system.cpu: T0 : 0x1a882    : c_sd a5, 24(a5)            : MemWrite :  D=0x000000000006f858 A=0x6f870
 711000: system.cpu: T0 : 0x1a884    : c_sd a5, 16(a5)            : MemWrite :  D=0x000000000006f858 A=0x6f868
 711500: system.cpu: T0 : 0x1a886    : c_addi a5, 16              : IntAlu :  D=0x000000000006f868
 712000: system.cpu: T0 : 0x1a888    : bne a4, a5, -6             : IntAlu : 
 712500: system.cpu: T0 : 0x1a882    : c_sd a5, 24(a5)            : MemWrite :  D=0x000000000006f868 A=0x6f880
 713000: system.cpu: T0 : 0x1a884    : c_sd a5, 16(a5)            : MemWrite :  D=0x000000000006f868 A=0x6f878
 713500: system.cpu: T0 : 0x1a886    : c_addi a5, 16              : IntAlu :  D=0x000000000006f878
 714000: system.cpu: T0 : 0x1a888    : bne a4, a5, -6             : IntAlu : 
 714500: system.cpu: T0 : 0x1a882    : c_sd a5, 24(a5)            : MemWrite :  D=0x000000000006f878 A=0x6f890
 715000: system.cpu: T0 : 0x1a884    : c_sd a5, 16(a5)            : MemWrite :  D=0x000000000006f878 A=0x6f888
 715500: system.cpu: T0 : 0x1a886    : c_addi a5, 16              : IntAlu :  D=0x000000000006f888
 716000: system.cpu: T0 : 0x1a888    : bne a4, a5, -6             : IntAlu : 
 716500: system.cpu: T0 : 0x1a882    : c_sd a5, 24(a5)            : MemWrite :  D=0x000000000006f888 A=0x6f8a0
 717000: system.cpu: T0 : 0x1a884    : c_sd a5, 16(a5)            : MemWrite :  D=0x000000000006f888 A=0x6f898
 717500: system.cpu: T0 : 0x1a886    : c_addi a5, 16              : IntAlu :  D=0x000000000006f898
 718000: system.cpu: T0 : 0x1a888    : bne a4, a5, -6             : IntAlu : 
 718500: system.cpu: T0 : 0x1a882    : c_sd a5, 24(a5)            : MemWrite :  D=0x000000000006f898 A=0x6f8b0
 719000: system.cpu: T0 : 0x1a884    : c_sd a5, 16(a5)            : MemWrite :  D=0x000000000006f898 A=0x6f8a8
 719500: system.cpu: T0 : 0x1a886    : c_addi a5, 16              : IntAlu :  D=0x000000000006f8a8
 720000: system.cpu: T0 : 0x1a888    : bne a4, a5, -6             : IntAlu : 
 720500: system.cpu: T0 : 0x1a882    : c_sd a5, 24(a5)            : MemWrite :  D=0x000000000006f8a8 A=0x6f8c0
 721000: system.cpu: T0 : 0x1a884    : c_sd a5, 16(a5)            : MemWrite :  D=0x000000000006f8a8 A=0x6f8b8
 721500: system.cpu: T0 : 0x1a886    : c_addi a5, 16              : IntAlu :  D=0x000000000006f8b8
 722000: system.cpu: T0 : 0x1a888    : bne a4, a5, -6             : IntAlu : 
 722500: system.cpu: T0 : 0x1a882    : c_sd a5, 24(a5)            : MemWrite :  D=0x000000000006f8b8 A=0x6f8d0
 723000: system.cpu: T0 : 0x1a884    : c_sd a5, 16(a5)            : MemWrite :  D=0x000000000006f8b8 A=0x6f8c8
 723500: system.cpu: T0 : 0x1a886    : c_addi a5, 16              : IntAlu :  D=0x000000000006f8c8
 724000: system.cpu: T0 : 0x1a888    : bne a4, a5, -6             : IntAlu : 
 724500: system.cpu: T0 : 0x1a882    : c_sd a5, 24(a5)            : MemWrite :  D=0x000000000006f8c8 A=0x6f8e0
 725000: system.cpu: T0 : 0x1a884    : c_sd a5, 16(a5)            : MemWrite :  D=0x000000000006f8c8 A=0x6f8d8
 725500: system.cpu: T0 : 0x1a886    : c_addi a5, 16              : IntAlu :  D=0x000000000006f8d8
 726000: system.cpu: T0 : 0x1a888    : bne a4, a5, -6             : IntAlu : 
 726500: system.cpu: T0 : 0x1a882    : c_sd a5, 24(a5)            : MemWrite :  D=0x000000000006f8d8 A=0x6f8f0
 727000: system.cpu: T0 : 0x1a884    : c_sd a5, 16(a5)            : MemWrite :  D=0x000000000006f8d8 A=0x6f8e8
 727500: system.cpu: T0 : 0x1a886    : c_addi a5, 16              : IntAlu :  D=0x000000000006f8e8
 728000: system.cpu: T0 : 0x1a888    : bne a4, a5, -6             : IntAlu : 
 728500: system.cpu: T0 : 0x1a882    : c_sd a5, 24(a5)            : MemWrite :  D=0x000000000006f8e8 A=0x6f900
 729000: system.cpu: T0 : 0x1a884    : c_sd a5, 16(a5)            : MemWrite :  D=0x000000000006f8e8 A=0x6f8f8
 729500: system.cpu: T0 : 0x1a886    : c_addi a5, 16              : IntAlu :  D=0x000000000006f8f8
 730000: system.cpu: T0 : 0x1a888    : bne a4, a5, -6             : IntAlu : 
 730500: system.cpu: T0 : 0x1a882    : c_sd a5, 24(a5)            : MemWrite :  D=0x000000000006f8f8 A=0x6f910
 731000: system.cpu: T0 : 0x1a884    : c_sd a5, 16(a5)            : MemWrite :  D=0x000000000006f8f8 A=0x6f908
 731500: system.cpu: T0 : 0x1a886    : c_addi a5, 16              : IntAlu :  D=0x000000000006f908
 732000: system.cpu: T0 : 0x1a888    : bne a4, a5, -6             : IntAlu : 
 732500: system.cpu: T0 : 0x1a882    : c_sd a5, 24(a5)            : MemWrite :  D=0x000000000006f908 A=0x6f920
 733000: system.cpu: T0 : 0x1a884    : c_sd a5, 16(a5)            : MemWrite :  D=0x000000000006f908 A=0x6f918
 733500: system.cpu: T0 : 0x1a886    : c_addi a5, 16              : IntAlu :  D=0x000000000006f918
 734000: system.cpu: T0 : 0x1a888    : bne a4, a5, -6             : IntAlu : 
 734500: system.cpu: T0 : 0x1a882    : c_sd a5, 24(a5)            : MemWrite :  D=0x000000000006f918 A=0x6f930
 735000: system.cpu: T0 : 0x1a884    : c_sd a5, 16(a5)            : MemWrite :  D=0x000000000006f918 A=0x6f928
 735500: system.cpu: T0 : 0x1a886    : c_addi a5, 16              : IntAlu :  D=0x000000000006f928
 736000: system.cpu: T0 : 0x1a888    : bne a4, a5, -6             : IntAlu : 
 736500: system.cpu: T0 : 0x1a882    : c_sd a5, 24(a5)            : MemWrite :  D=0x000000000006f928 A=0x6f940
 737000: system.cpu: T0 : 0x1a884    : c_sd a5, 16(a5)            : MemWrite :  D=0x000000000006f928 A=0x6f938
 737500: system.cpu: T0 : 0x1a886    : c_addi a5, 16              : IntAlu :  D=0x000000000006f938
 738000: system.cpu: T0 : 0x1a888    : bne a4, a5, -6             : IntAlu : 
 738500: system.cpu: T0 : 0x1a882    : c_sd a5, 24(a5)            : MemWrite :  D=0x000000000006f938 A=0x6f950
 739000: system.cpu: T0 : 0x1a884    : c_sd a5, 16(a5)            : MemWrite :  D=0x000000000006f938 A=0x6f948
 739500: system.cpu: T0 : 0x1a886    : c_addi a5, 16              : IntAlu :  D=0x000000000006f948
 740000: system.cpu: T0 : 0x1a888    : bne a4, a5, -6             : IntAlu : 
 740500: system.cpu: T0 : 0x1a882    : c_sd a5, 24(a5)            : MemWrite :  D=0x000000000006f948 A=0x6f960
 741000: system.cpu: T0 : 0x1a884    : c_sd a5, 16(a5)            : MemWrite :  D=0x000000000006f948 A=0x6f958
 741500: system.cpu: T0 : 0x1a886    : c_addi a5, 16              : IntAlu :  D=0x000000000006f958
 742000: system.cpu: T0 : 0x1a888    : bne a4, a5, -6             : IntAlu : 
 742500: system.cpu: T0 : 0x1a882    : c_sd a5, 24(a5)            : MemWrite :  D=0x000000000006f958 A=0x6f970
 743000: system.cpu: T0 : 0x1a884    : c_sd a5, 16(a5)            : MemWrite :  D=0x000000000006f958 A=0x6f968
 743500: system.cpu: T0 : 0x1a886    : c_addi a5, 16              : IntAlu :  D=0x000000000006f968
 744000: system.cpu: T0 : 0x1a888    : bne a4, a5, -6             : IntAlu : 
 744500: system.cpu: T0 : 0x1a882    : c_sd a5, 24(a5)            : MemWrite :  D=0x000000000006f968 A=0x6f980
 745000: system.cpu: T0 : 0x1a884    : c_sd a5, 16(a5)            : MemWrite :  D=0x000000000006f968 A=0x6f978
 745500: system.cpu: T0 : 0x1a886    : c_addi a5, 16              : IntAlu :  D=0x000000000006f978
 746000: system.cpu: T0 : 0x1a888    : bne a4, a5, -6             : IntAlu : 
 746500: system.cpu: T0 : 0x1a882    : c_sd a5, 24(a5)            : MemWrite :  D=0x000000000006f978 A=0x6f990
 747000: system.cpu: T0 : 0x1a884    : c_sd a5, 16(a5)            : MemWrite :  D=0x000000000006f978 A=0x6f988
 747500: system.cpu: T0 : 0x1a886    : c_addi a5, 16              : IntAlu :  D=0x000000000006f988
 748000: system.cpu: T0 : 0x1a888    : bne a4, a5, -6             : IntAlu : 
 748500: system.cpu: T0 : 0x1a882    : c_sd a5, 24(a5)            : MemWrite :  D=0x000000000006f988 A=0x6f9a0
 749000: system.cpu: T0 : 0x1a884    : c_sd a5, 16(a5)            : MemWrite :  D=0x000000000006f988 A=0x6f998
 749500: system.cpu: T0 : 0x1a886    : c_addi a5, 16              : IntAlu :  D=0x000000000006f998
 750000: system.cpu: T0 : 0x1a888    : bne a4, a5, -6             : IntAlu : 
 750500: system.cpu: T0 : 0x1a882    : c_sd a5, 24(a5)            : MemWrite :  D=0x000000000006f998 A=0x6f9b0
 751000: system.cpu: T0 : 0x1a884    : c_sd a5, 16(a5)            : MemWrite :  D=0x000000000006f998 A=0x6f9a8
 751500: system.cpu: T0 : 0x1a886    : c_addi a5, 16              : IntAlu :  D=0x000000000006f9a8
 752000: system.cpu: T0 : 0x1a888    : bne a4, a5, -6             : IntAlu : 
 752500: system.cpu: T0 : 0x1a882    : c_sd a5, 24(a5)            : MemWrite :  D=0x000000000006f9a8 A=0x6f9c0
 753000: system.cpu: T0 : 0x1a884    : c_sd a5, 16(a5)            : MemWrite :  D=0x000000000006f9a8 A=0x6f9b8
 753500: system.cpu: T0 : 0x1a886    : c_addi a5, 16              : IntAlu :  D=0x000000000006f9b8
 754000: system.cpu: T0 : 0x1a888    : bne a4, a5, -6             : IntAlu : 
 754500: system.cpu: T0 : 0x1a882    : c_sd a5, 24(a5)            : MemWrite :  D=0x000000000006f9b8 A=0x6f9d0
 755000: system.cpu: T0 : 0x1a884    : c_sd a5, 16(a5)            : MemWrite :  D=0x000000000006f9b8 A=0x6f9c8
 755500: system.cpu: T0 : 0x1a886    : c_addi a5, 16              : IntAlu :  D=0x000000000006f9c8
 756000: system.cpu: T0 : 0x1a888    : bne a4, a5, -6             : IntAlu : 
 756500: system.cpu: T0 : 0x1a882    : c_sd a5, 24(a5)            : MemWrite :  D=0x000000000006f9c8 A=0x6f9e0
 757000: system.cpu: T0 : 0x1a884    : c_sd a5, 16(a5)            : MemWrite :  D=0x000000000006f9c8 A=0x6f9d8
 757500: system.cpu: T0 : 0x1a886    : c_addi a5, 16              : IntAlu :  D=0x000000000006f9d8
 758000: system.cpu: T0 : 0x1a888    : bne a4, a5, -6             : IntAlu : 
 758500: system.cpu: T0 : 0x1a882    : c_sd a5, 24(a5)            : MemWrite :  D=0x000000000006f9d8 A=0x6f9f0
 759000: system.cpu: T0 : 0x1a884    : c_sd a5, 16(a5)            : MemWrite :  D=0x000000000006f9d8 A=0x6f9e8
 759500: system.cpu: T0 : 0x1a886    : c_addi a5, 16              : IntAlu :  D=0x000000000006f9e8
 760000: system.cpu: T0 : 0x1a888    : bne a4, a5, -6             : IntAlu : 
 760500: system.cpu: T0 : 0x1a882    : c_sd a5, 24(a5)            : MemWrite :  D=0x000000000006f9e8 A=0x6fa00
 761000: system.cpu: T0 : 0x1a884    : c_sd a5, 16(a5)            : MemWrite :  D=0x000000000006f9e8 A=0x6f9f8
 761500: system.cpu: T0 : 0x1a886    : c_addi a5, 16              : IntAlu :  D=0x000000000006f9f8
 762000: system.cpu: T0 : 0x1a888    : bne a4, a5, -6             : IntAlu : 
 762500: system.cpu: T0 : 0x1a882    : c_sd a5, 24(a5)            : MemWrite :  D=0x000000000006f9f8 A=0x6fa10
 763000: system.cpu: T0 : 0x1a884    : c_sd a5, 16(a5)            : MemWrite :  D=0x000000000006f9f8 A=0x6fa08
 763500: system.cpu: T0 : 0x1a886    : c_addi a5, 16              : IntAlu :  D=0x000000000006fa08
 764000: system.cpu: T0 : 0x1a888    : bne a4, a5, -6             : IntAlu : 
 764500: system.cpu: T0 : 0x1a882    : c_sd a5, 24(a5)            : MemWrite :  D=0x000000000006fa08 A=0x6fa20
 765000: system.cpu: T0 : 0x1a884    : c_sd a5, 16(a5)            : MemWrite :  D=0x000000000006fa08 A=0x6fa18
 765500: system.cpu: T0 : 0x1a886    : c_addi a5, 16              : IntAlu :  D=0x000000000006fa18
 766000: system.cpu: T0 : 0x1a888    : bne a4, a5, -6             : IntAlu : 
 766500: system.cpu: T0 : 0x1a882    : c_sd a5, 24(a5)            : MemWrite :  D=0x000000000006fa18 A=0x6fa30
 767000: system.cpu: T0 : 0x1a884    : c_sd a5, 16(a5)            : MemWrite :  D=0x000000000006fa18 A=0x6fa28
 767500: system.cpu: T0 : 0x1a886    : c_addi a5, 16              : IntAlu :  D=0x000000000006fa28
 768000: system.cpu: T0 : 0x1a888    : bne a4, a5, -6             : IntAlu : 
 768500: system.cpu: T0 : 0x1a882    : c_sd a5, 24(a5)            : MemWrite :  D=0x000000000006fa28 A=0x6fa40
 769000: system.cpu: T0 : 0x1a884    : c_sd a5, 16(a5)            : MemWrite :  D=0x000000000006fa28 A=0x6fa38
 769500: system.cpu: T0 : 0x1a886    : c_addi a5, 16              : IntAlu :  D=0x000000000006fa38
 770000: system.cpu: T0 : 0x1a888    : bne a4, a5, -6             : IntAlu : 
 770500: system.cpu: T0 : 0x1a882    : c_sd a5, 24(a5)            : MemWrite :  D=0x000000000006fa38 A=0x6fa50
 771000: system.cpu: T0 : 0x1a884    : c_sd a5, 16(a5)            : MemWrite :  D=0x000000000006fa38 A=0x6fa48
 771500: system.cpu: T0 : 0x1a886    : c_addi a5, 16              : IntAlu :  D=0x000000000006fa48
 772000: system.cpu: T0 : 0x1a888    : bne a4, a5, -6             : IntAlu : 
 772500: system.cpu: T0 : 0x1a882    : c_sd a5, 24(a5)            : MemWrite :  D=0x000000000006fa48 A=0x6fa60
 773000: system.cpu: T0 : 0x1a884    : c_sd a5, 16(a5)            : MemWrite :  D=0x000000000006fa48 A=0x6fa58
 773500: system.cpu: T0 : 0x1a886    : c_addi a5, 16              : IntAlu :  D=0x000000000006fa58
 774000: system.cpu: T0 : 0x1a888    : bne a4, a5, -6             : IntAlu : 
 774500: system.cpu: T0 : 0x1a882    : c_sd a5, 24(a5)            : MemWrite :  D=0x000000000006fa58 A=0x6fa70
 775000: system.cpu: T0 : 0x1a884    : c_sd a5, 16(a5)            : MemWrite :  D=0x000000000006fa58 A=0x6fa68
 775500: system.cpu: T0 : 0x1a886    : c_addi a5, 16              : IntAlu :  D=0x000000000006fa68
 776000: system.cpu: T0 : 0x1a888    : bne a4, a5, -6             : IntAlu : 
 776500: system.cpu: T0 : 0x1a882    : c_sd a5, 24(a5)            : MemWrite :  D=0x000000000006fa68 A=0x6fa80
 777000: system.cpu: T0 : 0x1a884    : c_sd a5, 16(a5)            : MemWrite :  D=0x000000000006fa68 A=0x6fa78
 777500: system.cpu: T0 : 0x1a886    : c_addi a5, 16              : IntAlu :  D=0x000000000006fa78
 778000: system.cpu: T0 : 0x1a888    : bne a4, a5, -6             : IntAlu : 
 778500: system.cpu: T0 : 0x1a882    : c_sd a5, 24(a5)            : MemWrite :  D=0x000000000006fa78 A=0x6fa90
 779000: system.cpu: T0 : 0x1a884    : c_sd a5, 16(a5)            : MemWrite :  D=0x000000000006fa78 A=0x6fa88
 779500: system.cpu: T0 : 0x1a886    : c_addi a5, 16              : IntAlu :  D=0x000000000006fa88
 780000: system.cpu: T0 : 0x1a888    : bne a4, a5, -6             : IntAlu : 
 780500: system.cpu: T0 : 0x1a882    : c_sd a5, 24(a5)            : MemWrite :  D=0x000000000006fa88 A=0x6faa0
 781000: system.cpu: T0 : 0x1a884    : c_sd a5, 16(a5)            : MemWrite :  D=0x000000000006fa88 A=0x6fa98
 781500: system.cpu: T0 : 0x1a886    : c_addi a5, 16              : IntAlu :  D=0x000000000006fa98
 782000: system.cpu: T0 : 0x1a888    : bne a4, a5, -6             : IntAlu : 
 782500: system.cpu: T0 : 0x1a882    : c_sd a5, 24(a5)            : MemWrite :  D=0x000000000006fa98 A=0x6fab0
 783000: system.cpu: T0 : 0x1a884    : c_sd a5, 16(a5)            : MemWrite :  D=0x000000000006fa98 A=0x6faa8
 783500: system.cpu: T0 : 0x1a886    : c_addi a5, 16              : IntAlu :  D=0x000000000006faa8
 784000: system.cpu: T0 : 0x1a888    : bne a4, a5, -6             : IntAlu : 
 784500: system.cpu: T0 : 0x1a882    : c_sd a5, 24(a5)            : MemWrite :  D=0x000000000006faa8 A=0x6fac0
 785000: system.cpu: T0 : 0x1a884    : c_sd a5, 16(a5)            : MemWrite :  D=0x000000000006faa8 A=0x6fab8
 785500: system.cpu: T0 : 0x1a886    : c_addi a5, 16              : IntAlu :  D=0x000000000006fab8
 786000: system.cpu: T0 : 0x1a888    : bne a4, a5, -6             : IntAlu : 
 786500: system.cpu: T0 : 0x1a882    : c_sd a5, 24(a5)            : MemWrite :  D=0x000000000006fab8 A=0x6fad0
 787000: system.cpu: T0 : 0x1a884    : c_sd a5, 16(a5)            : MemWrite :  D=0x000000000006fab8 A=0x6fac8
 787500: system.cpu: T0 : 0x1a886    : c_addi a5, 16              : IntAlu :  D=0x000000000006fac8
 788000: system.cpu: T0 : 0x1a888    : bne a4, a5, -6             : IntAlu : 
 788500: system.cpu: T0 : 0x1a882    : c_sd a5, 24(a5)            : MemWrite :  D=0x000000000006fac8 A=0x6fae0
 789000: system.cpu: T0 : 0x1a884    : c_sd a5, 16(a5)            : MemWrite :  D=0x000000000006fac8 A=0x6fad8
 789500: system.cpu: T0 : 0x1a886    : c_addi a5, 16              : IntAlu :  D=0x000000000006fad8
 790000: system.cpu: T0 : 0x1a888    : bne a4, a5, -6             : IntAlu : 
 790500: system.cpu: T0 : 0x1a882    : c_sd a5, 24(a5)            : MemWrite :  D=0x000000000006fad8 A=0x6faf0
 791000: system.cpu: T0 : 0x1a884    : c_sd a5, 16(a5)            : MemWrite :  D=0x000000000006fad8 A=0x6fae8
 791500: system.cpu: T0 : 0x1a886    : c_addi a5, 16              : IntAlu :  D=0x000000000006fae8
 792000: system.cpu: T0 : 0x1a888    : bne a4, a5, -6             : IntAlu : 
 792500: system.cpu: T0 : 0x1a882    : c_sd a5, 24(a5)            : MemWrite :  D=0x000000000006fae8 A=0x6fb00
 793000: system.cpu: T0 : 0x1a884    : c_sd a5, 16(a5)            : MemWrite :  D=0x000000000006fae8 A=0x6faf8
 793500: system.cpu: T0 : 0x1a886    : c_addi a5, 16              : IntAlu :  D=0x000000000006faf8
 794000: system.cpu: T0 : 0x1a888    : bne a4, a5, -6             : IntAlu : 
 794500: system.cpu: T0 : 0x1a882    : c_sd a5, 24(a5)            : MemWrite :  D=0x000000000006faf8 A=0x6fb10
 795000: system.cpu: T0 : 0x1a884    : c_sd a5, 16(a5)            : MemWrite :  D=0x000000000006faf8 A=0x6fb08
 795500: system.cpu: T0 : 0x1a886    : c_addi a5, 16              : IntAlu :  D=0x000000000006fb08
 796000: system.cpu: T0 : 0x1a888    : bne a4, a5, -6             : IntAlu : 
 796500: system.cpu: T0 : 0x1a882    : c_sd a5, 24(a5)            : MemWrite :  D=0x000000000006fb08 A=0x6fb20
 797000: system.cpu: T0 : 0x1a884    : c_sd a5, 16(a5)            : MemWrite :  D=0x000000000006fb08 A=0x6fb18
 797500: system.cpu: T0 : 0x1a886    : c_addi a5, 16              : IntAlu :  D=0x000000000006fb18
 798000: system.cpu: T0 : 0x1a888    : bne a4, a5, -6             : IntAlu : 
 798500: system.cpu: T0 : 0x1a882    : c_sd a5, 24(a5)            : MemWrite :  D=0x000000000006fb18 A=0x6fb30
 799000: system.cpu: T0 : 0x1a884    : c_sd a5, 16(a5)            : MemWrite :  D=0x000000000006fb18 A=0x6fb28
 799500: system.cpu: T0 : 0x1a886    : c_addi a5, 16              : IntAlu :  D=0x000000000006fb28
 800000: system.cpu: T0 : 0x1a888    : bne a4, a5, -6             : IntAlu : 
 800500: system.cpu: T0 : 0x1a882    : c_sd a5, 24(a5)            : MemWrite :  D=0x000000000006fb28 A=0x6fb40
 801000: system.cpu: T0 : 0x1a884    : c_sd a5, 16(a5)            : MemWrite :  D=0x000000000006fb28 A=0x6fb38
 801500: system.cpu: T0 : 0x1a886    : c_addi a5, 16              : IntAlu :  D=0x000000000006fb38
 802000: system.cpu: T0 : 0x1a888    : bne a4, a5, -6             : IntAlu : 
 802500: system.cpu: T0 : 0x1a882    : c_sd a5, 24(a5)            : MemWrite :  D=0x000000000006fb38 A=0x6fb50
 803000: system.cpu: T0 : 0x1a884    : c_sd a5, 16(a5)            : MemWrite :  D=0x000000000006fb38 A=0x6fb48
 803500: system.cpu: T0 : 0x1a886    : c_addi a5, 16              : IntAlu :  D=0x000000000006fb48
 804000: system.cpu: T0 : 0x1a888    : bne a4, a5, -6             : IntAlu : 
 804500: system.cpu: T0 : 0x1a882    : c_sd a5, 24(a5)            : MemWrite :  D=0x000000000006fb48 A=0x6fb60
 805000: system.cpu: T0 : 0x1a884    : c_sd a5, 16(a5)            : MemWrite :  D=0x000000000006fb48 A=0x6fb58
 805500: system.cpu: T0 : 0x1a886    : c_addi a5, 16              : IntAlu :  D=0x000000000006fb58
 806000: system.cpu: T0 : 0x1a888    : bne a4, a5, -6             : IntAlu : 
 806500: system.cpu: T0 : 0x1a882    : c_sd a5, 24(a5)            : MemWrite :  D=0x000000000006fb58 A=0x6fb70
 807000: system.cpu: T0 : 0x1a884    : c_sd a5, 16(a5)            : MemWrite :  D=0x000000000006fb58 A=0x6fb68
 807500: system.cpu: T0 : 0x1a886    : c_addi a5, 16              : IntAlu :  D=0x000000000006fb68
 808000: system.cpu: T0 : 0x1a888    : bne a4, a5, -6             : IntAlu : 
 808500: system.cpu: T0 : 0x1a882    : c_sd a5, 24(a5)            : MemWrite :  D=0x000000000006fb68 A=0x6fb80
 809000: system.cpu: T0 : 0x1a884    : c_sd a5, 16(a5)            : MemWrite :  D=0x000000000006fb68 A=0x6fb78
 809500: system.cpu: T0 : 0x1a886    : c_addi a5, 16              : IntAlu :  D=0x000000000006fb78
 810000: system.cpu: T0 : 0x1a888    : bne a4, a5, -6             : IntAlu : 
 810500: system.cpu: T0 : 0x1a882    : c_sd a5, 24(a5)            : MemWrite :  D=0x000000000006fb78 A=0x6fb90
 811000: system.cpu: T0 : 0x1a884    : c_sd a5, 16(a5)            : MemWrite :  D=0x000000000006fb78 A=0x6fb88
 811500: system.cpu: T0 : 0x1a886    : c_addi a5, 16              : IntAlu :  D=0x000000000006fb88
 812000: system.cpu: T0 : 0x1a888    : bne a4, a5, -6             : IntAlu : 
 812500: system.cpu: T0 : 0x1a882    : c_sd a5, 24(a5)            : MemWrite :  D=0x000000000006fb88 A=0x6fba0
 813000: system.cpu: T0 : 0x1a884    : c_sd a5, 16(a5)            : MemWrite :  D=0x000000000006fb88 A=0x6fb98
 813500: system.cpu: T0 : 0x1a886    : c_addi a5, 16              : IntAlu :  D=0x000000000006fb98
 814000: system.cpu: T0 : 0x1a888    : bne a4, a5, -6             : IntAlu : 
 814500: system.cpu: T0 : 0x1a882    : c_sd a5, 24(a5)            : MemWrite :  D=0x000000000006fb98 A=0x6fbb0
 815000: system.cpu: T0 : 0x1a884    : c_sd a5, 16(a5)            : MemWrite :  D=0x000000000006fb98 A=0x6fba8
 815500: system.cpu: T0 : 0x1a886    : c_addi a5, 16              : IntAlu :  D=0x000000000006fba8
 816000: system.cpu: T0 : 0x1a888    : bne a4, a5, -6             : IntAlu : 
 816500: system.cpu: T0 : 0x1a882    : c_sd a5, 24(a5)            : MemWrite :  D=0x000000000006fba8 A=0x6fbc0
 817000: system.cpu: T0 : 0x1a884    : c_sd a5, 16(a5)            : MemWrite :  D=0x000000000006fba8 A=0x6fbb8
 817500: system.cpu: T0 : 0x1a886    : c_addi a5, 16              : IntAlu :  D=0x000000000006fbb8
 818000: system.cpu: T0 : 0x1a888    : bne a4, a5, -6             : IntAlu : 
 818500: system.cpu: T0 : 0x1a882    : c_sd a5, 24(a5)            : MemWrite :  D=0x000000000006fbb8 A=0x6fbd0
 819000: system.cpu: T0 : 0x1a884    : c_sd a5, 16(a5)            : MemWrite :  D=0x000000000006fbb8 A=0x6fbc8
 819500: system.cpu: T0 : 0x1a886    : c_addi a5, 16              : IntAlu :  D=0x000000000006fbc8
 820000: system.cpu: T0 : 0x1a888    : bne a4, a5, -6             : IntAlu : 
 820500: system.cpu: T0 : 0x1a882    : c_sd a5, 24(a5)            : MemWrite :  D=0x000000000006fbc8 A=0x6fbe0
 821000: system.cpu: T0 : 0x1a884    : c_sd a5, 16(a5)            : MemWrite :  D=0x000000000006fbc8 A=0x6fbd8
 821500: system.cpu: T0 : 0x1a886    : c_addi a5, 16              : IntAlu :  D=0x000000000006fbd8
 822000: system.cpu: T0 : 0x1a888    : bne a4, a5, -6             : IntAlu : 
 822500: system.cpu: T0 : 0x1a882    : c_sd a5, 24(a5)            : MemWrite :  D=0x000000000006fbd8 A=0x6fbf0
 823000: system.cpu: T0 : 0x1a884    : c_sd a5, 16(a5)            : MemWrite :  D=0x000000000006fbd8 A=0x6fbe8
 823500: system.cpu: T0 : 0x1a886    : c_addi a5, 16              : IntAlu :  D=0x000000000006fbe8
 824000: system.cpu: T0 : 0x1a888    : bne a4, a5, -6             : IntAlu : 
 824500: system.cpu: T0 : 0x1a882    : c_sd a5, 24(a5)            : MemWrite :  D=0x000000000006fbe8 A=0x6fc00
 825000: system.cpu: T0 : 0x1a884    : c_sd a5, 16(a5)            : MemWrite :  D=0x000000000006fbe8 A=0x6fbf8
 825500: system.cpu: T0 : 0x1a886    : c_addi a5, 16              : IntAlu :  D=0x000000000006fbf8
 826000: system.cpu: T0 : 0x1a888    : bne a4, a5, -6             : IntAlu : 
 826500: system.cpu: T0 : 0x1a882    : c_sd a5, 24(a5)            : MemWrite :  D=0x000000000006fbf8 A=0x6fc10
 827000: system.cpu: T0 : 0x1a884    : c_sd a5, 16(a5)            : MemWrite :  D=0x000000000006fbf8 A=0x6fc08
 827500: system.cpu: T0 : 0x1a886    : c_addi a5, 16              : IntAlu :  D=0x000000000006fc08
 828000: system.cpu: T0 : 0x1a888    : bne a4, a5, -6             : IntAlu : 
 828500: system.cpu: T0 : 0x1a882    : c_sd a5, 24(a5)            : MemWrite :  D=0x000000000006fc08 A=0x6fc20
 829000: system.cpu: T0 : 0x1a884    : c_sd a5, 16(a5)            : MemWrite :  D=0x000000000006fc08 A=0x6fc18
 829500: system.cpu: T0 : 0x1a886    : c_addi a5, 16              : IntAlu :  D=0x000000000006fc18
 830000: system.cpu: T0 : 0x1a888    : bne a4, a5, -6             : IntAlu : 
 830500: system.cpu: T0 : 0x1a882    : c_sd a5, 24(a5)            : MemWrite :  D=0x000000000006fc18 A=0x6fc30
 831000: system.cpu: T0 : 0x1a884    : c_sd a5, 16(a5)            : MemWrite :  D=0x000000000006fc18 A=0x6fc28
 831500: system.cpu: T0 : 0x1a886    : c_addi a5, 16              : IntAlu :  D=0x000000000006fc28
 832000: system.cpu: T0 : 0x1a888    : bne a4, a5, -6             : IntAlu : 
 832500: system.cpu: T0 : 0x1a882    : c_sd a5, 24(a5)            : MemWrite :  D=0x000000000006fc28 A=0x6fc40
 833000: system.cpu: T0 : 0x1a884    : c_sd a5, 16(a5)            : MemWrite :  D=0x000000000006fc28 A=0x6fc38
 833500: system.cpu: T0 : 0x1a886    : c_addi a5, 16              : IntAlu :  D=0x000000000006fc38
 834000: system.cpu: T0 : 0x1a888    : bne a4, a5, -6             : IntAlu : 
 834500: system.cpu: T0 : 0x1a882    : c_sd a5, 24(a5)            : MemWrite :  D=0x000000000006fc38 A=0x6fc50
 835000: system.cpu: T0 : 0x1a884    : c_sd a5, 16(a5)            : MemWrite :  D=0x000000000006fc38 A=0x6fc48
 835500: system.cpu: T0 : 0x1a886    : c_addi a5, 16              : IntAlu :  D=0x000000000006fc48
 836000: system.cpu: T0 : 0x1a888    : bne a4, a5, -6             : IntAlu : 
 836500: system.cpu: T0 : 0x1a882    : c_sd a5, 24(a5)            : MemWrite :  D=0x000000000006fc48 A=0x6fc60
 837000: system.cpu: T0 : 0x1a884    : c_sd a5, 16(a5)            : MemWrite :  D=0x000000000006fc48 A=0x6fc58
 837500: system.cpu: T0 : 0x1a886    : c_addi a5, 16              : IntAlu :  D=0x000000000006fc58
 838000: system.cpu: T0 : 0x1a888    : bne a4, a5, -6             : IntAlu : 
 838500: system.cpu: T0 : 0x1a882    : c_sd a5, 24(a5)            : MemWrite :  D=0x000000000006fc58 A=0x6fc70
 839000: system.cpu: T0 : 0x1a884    : c_sd a5, 16(a5)            : MemWrite :  D=0x000000000006fc58 A=0x6fc68
 839500: system.cpu: T0 : 0x1a886    : c_addi a5, 16              : IntAlu :  D=0x000000000006fc68
 840000: system.cpu: T0 : 0x1a888    : bne a4, a5, -6             : IntAlu : 
 840500: system.cpu: T0 : 0x1a882    : c_sd a5, 24(a5)            : MemWrite :  D=0x000000000006fc68 A=0x6fc80
 841000: system.cpu: T0 : 0x1a884    : c_sd a5, 16(a5)            : MemWrite :  D=0x000000000006fc68 A=0x6fc78
 841500: system.cpu: T0 : 0x1a886    : c_addi a5, 16              : IntAlu :  D=0x000000000006fc78
 842000: system.cpu: T0 : 0x1a888    : bne a4, a5, -6             : IntAlu : 
 842500: system.cpu: T0 : 0x1a882    : c_sd a5, 24(a5)            : MemWrite :  D=0x000000000006fc78 A=0x6fc90
 843000: system.cpu: T0 : 0x1a884    : c_sd a5, 16(a5)            : MemWrite :  D=0x000000000006fc78 A=0x6fc88
 843500: system.cpu: T0 : 0x1a886    : c_addi a5, 16              : IntAlu :  D=0x000000000006fc88
 844000: system.cpu: T0 : 0x1a888    : bne a4, a5, -6             : IntAlu : 
 844500: system.cpu: T0 : 0x1a882    : c_sd a5, 24(a5)            : MemWrite :  D=0x000000000006fc88 A=0x6fca0
 845000: system.cpu: T0 : 0x1a884    : c_sd a5, 16(a5)            : MemWrite :  D=0x000000000006fc88 A=0x6fc98
 845500: system.cpu: T0 : 0x1a886    : c_addi a5, 16              : IntAlu :  D=0x000000000006fc98
 846000: system.cpu: T0 : 0x1a888    : bne a4, a5, -6             : IntAlu : 
 846500: system.cpu: T0 : 0x1a882    : c_sd a5, 24(a5)            : MemWrite :  D=0x000000000006fc98 A=0x6fcb0
 847000: system.cpu: T0 : 0x1a884    : c_sd a5, 16(a5)            : MemWrite :  D=0x000000000006fc98 A=0x6fca8
 847500: system.cpu: T0 : 0x1a886    : c_addi a5, 16              : IntAlu :  D=0x000000000006fca8
 848000: system.cpu: T0 : 0x1a888    : bne a4, a5, -6             : IntAlu : 
 848500: system.cpu: T0 : 0x1a882    : c_sd a5, 24(a5)            : MemWrite :  D=0x000000000006fca8 A=0x6fcc0
 849000: system.cpu: T0 : 0x1a884    : c_sd a5, 16(a5)            : MemWrite :  D=0x000000000006fca8 A=0x6fcb8
 849500: system.cpu: T0 : 0x1a886    : c_addi a5, 16              : IntAlu :  D=0x000000000006fcb8
 850000: system.cpu: T0 : 0x1a888    : bne a4, a5, -6             : IntAlu : 
 850500: system.cpu: T0 : 0x1a882    : c_sd a5, 24(a5)            : MemWrite :  D=0x000000000006fcb8 A=0x6fcd0
 851000: system.cpu: T0 : 0x1a884    : c_sd a5, 16(a5)            : MemWrite :  D=0x000000000006fcb8 A=0x6fcc8
 851500: system.cpu: T0 : 0x1a886    : c_addi a5, 16              : IntAlu :  D=0x000000000006fcc8
 852000: system.cpu: T0 : 0x1a888    : bne a4, a5, -6             : IntAlu : 
 852500: system.cpu: T0 : 0x1a882    : c_sd a5, 24(a5)            : MemWrite :  D=0x000000000006fcc8 A=0x6fce0
 853000: system.cpu: T0 : 0x1a884    : c_sd a5, 16(a5)            : MemWrite :  D=0x000000000006fcc8 A=0x6fcd8
 853500: system.cpu: T0 : 0x1a886    : c_addi a5, 16              : IntAlu :  D=0x000000000006fcd8
 854000: system.cpu: T0 : 0x1a888    : bne a4, a5, -6             : IntAlu : 
 854500: system.cpu: T0 : 0x1a882    : c_sd a5, 24(a5)            : MemWrite :  D=0x000000000006fcd8 A=0x6fcf0
 855000: system.cpu: T0 : 0x1a884    : c_sd a5, 16(a5)            : MemWrite :  D=0x000000000006fcd8 A=0x6fce8
 855500: system.cpu: T0 : 0x1a886    : c_addi a5, 16              : IntAlu :  D=0x000000000006fce8
 856000: system.cpu: T0 : 0x1a888    : bne a4, a5, -6             : IntAlu : 
 856500: system.cpu: T0 : 0x1a882    : c_sd a5, 24(a5)            : MemWrite :  D=0x000000000006fce8 A=0x6fd00
 857000: system.cpu: T0 : 0x1a884    : c_sd a5, 16(a5)            : MemWrite :  D=0x000000000006fce8 A=0x6fcf8
 857500: system.cpu: T0 : 0x1a886    : c_addi a5, 16              : IntAlu :  D=0x000000000006fcf8
 858000: system.cpu: T0 : 0x1a888    : bne a4, a5, -6             : IntAlu : 
 858500: system.cpu: T0 : 0x1a882    : c_sd a5, 24(a5)            : MemWrite :  D=0x000000000006fcf8 A=0x6fd10
 859000: system.cpu: T0 : 0x1a884    : c_sd a5, 16(a5)            : MemWrite :  D=0x000000000006fcf8 A=0x6fd08
 859500: system.cpu: T0 : 0x1a886    : c_addi a5, 16              : IntAlu :  D=0x000000000006fd08
 860000: system.cpu: T0 : 0x1a888    : bne a4, a5, -6             : IntAlu : 
 860500: system.cpu: T0 : 0x1a882    : c_sd a5, 24(a5)            : MemWrite :  D=0x000000000006fd08 A=0x6fd20
 861000: system.cpu: T0 : 0x1a884    : c_sd a5, 16(a5)            : MemWrite :  D=0x000000000006fd08 A=0x6fd18
 861500: system.cpu: T0 : 0x1a886    : c_addi a5, 16              : IntAlu :  D=0x000000000006fd18
 862000: system.cpu: T0 : 0x1a888    : bne a4, a5, -6             : IntAlu : 
 862500: system.cpu: T0 : 0x1a882    : c_sd a5, 24(a5)            : MemWrite :  D=0x000000000006fd18 A=0x6fd30
 863000: system.cpu: T0 : 0x1a884    : c_sd a5, 16(a5)            : MemWrite :  D=0x000000000006fd18 A=0x6fd28
 863500: system.cpu: T0 : 0x1a886    : c_addi a5, 16              : IntAlu :  D=0x000000000006fd28
 864000: system.cpu: T0 : 0x1a888    : bne a4, a5, -6             : IntAlu : 
 864500: system.cpu: T0 : 0x1a882    : c_sd a5, 24(a5)            : MemWrite :  D=0x000000000006fd28 A=0x6fd40
 865000: system.cpu: T0 : 0x1a884    : c_sd a5, 16(a5)            : MemWrite :  D=0x000000000006fd28 A=0x6fd38
 865500: system.cpu: T0 : 0x1a886    : c_addi a5, 16              : IntAlu :  D=0x000000000006fd38
 866000: system.cpu: T0 : 0x1a888    : bne a4, a5, -6             : IntAlu : 
 866500: system.cpu: T0 : 0x1a882    : c_sd a5, 24(a5)            : MemWrite :  D=0x000000000006fd38 A=0x6fd50
 867000: system.cpu: T0 : 0x1a884    : c_sd a5, 16(a5)            : MemWrite :  D=0x000000000006fd38 A=0x6fd48
 867500: system.cpu: T0 : 0x1a886    : c_addi a5, 16              : IntAlu :  D=0x000000000006fd48
 868000: system.cpu: T0 : 0x1a888    : bne a4, a5, -6             : IntAlu : 
 868500: system.cpu: T0 : 0x1a882    : c_sd a5, 24(a5)            : MemWrite :  D=0x000000000006fd48 A=0x6fd60
 869000: system.cpu: T0 : 0x1a884    : c_sd a5, 16(a5)            : MemWrite :  D=0x000000000006fd48 A=0x6fd58
 869500: system.cpu: T0 : 0x1a886    : c_addi a5, 16              : IntAlu :  D=0x000000000006fd58
 870000: system.cpu: T0 : 0x1a888    : bne a4, a5, -6             : IntAlu : 
 870500: system.cpu: T0 : 0x1a882    : c_sd a5, 24(a5)            : MemWrite :  D=0x000000000006fd58 A=0x6fd70
 871000: system.cpu: T0 : 0x1a884    : c_sd a5, 16(a5)            : MemWrite :  D=0x000000000006fd58 A=0x6fd68
 871500: system.cpu: T0 : 0x1a886    : c_addi a5, 16              : IntAlu :  D=0x000000000006fd68
 872000: system.cpu: T0 : 0x1a888    : bne a4, a5, -6             : IntAlu : 
 872500: system.cpu: T0 : 0x1a882    : c_sd a5, 24(a5)            : MemWrite :  D=0x000000000006fd68 A=0x6fd80
 873000: system.cpu: T0 : 0x1a884    : c_sd a5, 16(a5)            : MemWrite :  D=0x000000000006fd68 A=0x6fd78
 873500: system.cpu: T0 : 0x1a886    : c_addi a5, 16              : IntAlu :  D=0x000000000006fd78
 874000: system.cpu: T0 : 0x1a888    : bne a4, a5, -6             : IntAlu : 
 874500: system.cpu: T0 : 0x1a882    : c_sd a5, 24(a5)            : MemWrite :  D=0x000000000006fd78 A=0x6fd90
 875000: system.cpu: T0 : 0x1a884    : c_sd a5, 16(a5)            : MemWrite :  D=0x000000000006fd78 A=0x6fd88
 875500: system.cpu: T0 : 0x1a886    : c_addi a5, 16              : IntAlu :  D=0x000000000006fd88
 876000: system.cpu: T0 : 0x1a888    : bne a4, a5, -6             : IntAlu : 
 876500: system.cpu: T0 : 0x1a882    : c_sd a5, 24(a5)            : MemWrite :  D=0x000000000006fd88 A=0x6fda0
 877000: system.cpu: T0 : 0x1a884    : c_sd a5, 16(a5)            : MemWrite :  D=0x000000000006fd88 A=0x6fd98
 877500: system.cpu: T0 : 0x1a886    : c_addi a5, 16              : IntAlu :  D=0x000000000006fd98
 878000: system.cpu: T0 : 0x1a888    : bne a4, a5, -6             : IntAlu : 
 878500: system.cpu: T0 : 0x1a882    : c_sd a5, 24(a5)            : MemWrite :  D=0x000000000006fd98 A=0x6fdb0
 879000: system.cpu: T0 : 0x1a884    : c_sd a5, 16(a5)            : MemWrite :  D=0x000000000006fd98 A=0x6fda8
 879500: system.cpu: T0 : 0x1a886    : c_addi a5, 16              : IntAlu :  D=0x000000000006fda8
 880000: system.cpu: T0 : 0x1a888    : bne a4, a5, -6             : IntAlu : 
 880500: system.cpu: T0 : 0x1a882    : c_sd a5, 24(a5)            : MemWrite :  D=0x000000000006fda8 A=0x6fdc0
 881000: system.cpu: T0 : 0x1a884    : c_sd a5, 16(a5)            : MemWrite :  D=0x000000000006fda8 A=0x6fdb8
 881500: system.cpu: T0 : 0x1a886    : c_addi a5, 16              : IntAlu :  D=0x000000000006fdb8
 882000: system.cpu: T0 : 0x1a888    : bne a4, a5, -6             : IntAlu : 
 882500: system.cpu: T0 : 0x1a882    : c_sd a5, 24(a5)            : MemWrite :  D=0x000000000006fdb8 A=0x6fdd0
 883000: system.cpu: T0 : 0x1a884    : c_sd a5, 16(a5)            : MemWrite :  D=0x000000000006fdb8 A=0x6fdc8
 883500: system.cpu: T0 : 0x1a886    : c_addi a5, 16              : IntAlu :  D=0x000000000006fdc8
 884000: system.cpu: T0 : 0x1a888    : bne a4, a5, -6             : IntAlu : 
 884500: system.cpu: T0 : 0x1a882    : c_sd a5, 24(a5)            : MemWrite :  D=0x000000000006fdc8 A=0x6fde0
 885000: system.cpu: T0 : 0x1a884    : c_sd a5, 16(a5)            : MemWrite :  D=0x000000000006fdc8 A=0x6fdd8
 885500: system.cpu: T0 : 0x1a886    : c_addi a5, 16              : IntAlu :  D=0x000000000006fdd8
 886000: system.cpu: T0 : 0x1a888    : bne a4, a5, -6             : IntAlu : 
 886500: system.cpu: T0 : 0x1a882    : c_sd a5, 24(a5)            : MemWrite :  D=0x000000000006fdd8 A=0x6fdf0
 887000: system.cpu: T0 : 0x1a884    : c_sd a5, 16(a5)            : MemWrite :  D=0x000000000006fdd8 A=0x6fde8
 887500: system.cpu: T0 : 0x1a886    : c_addi a5, 16              : IntAlu :  D=0x000000000006fde8
 888000: system.cpu: T0 : 0x1a888    : bne a4, a5, -6             : IntAlu : 
 888500: system.cpu: T0 : 0x1a882    : c_sd a5, 24(a5)            : MemWrite :  D=0x000000000006fde8 A=0x6fe00
 889000: system.cpu: T0 : 0x1a884    : c_sd a5, 16(a5)            : MemWrite :  D=0x000000000006fde8 A=0x6fdf8
 889500: system.cpu: T0 : 0x1a886    : c_addi a5, 16              : IntAlu :  D=0x000000000006fdf8
 890000: system.cpu: T0 : 0x1a888    : bne a4, a5, -6             : IntAlu : 
 890500: system.cpu: T0 : 0x1a882    : c_sd a5, 24(a5)            : MemWrite :  D=0x000000000006fdf8 A=0x6fe10
 891000: system.cpu: T0 : 0x1a884    : c_sd a5, 16(a5)            : MemWrite :  D=0x000000000006fdf8 A=0x6fe08
 891500: system.cpu: T0 : 0x1a886    : c_addi a5, 16              : IntAlu :  D=0x000000000006fe08
 892000: system.cpu: T0 : 0x1a888    : bne a4, a5, -6             : IntAlu : 
 892500: system.cpu: T0 : 0x1a882    : c_sd a5, 24(a5)            : MemWrite :  D=0x000000000006fe08 A=0x6fe20
 893000: system.cpu: T0 : 0x1a884    : c_sd a5, 16(a5)            : MemWrite :  D=0x000000000006fe08 A=0x6fe18
 893500: system.cpu: T0 : 0x1a886    : c_addi a5, 16              : IntAlu :  D=0x000000000006fe18
 894000: system.cpu: T0 : 0x1a888    : bne a4, a5, -6             : IntAlu : 
 894500: system.cpu: T0 : 0x1a88c    : lui a5, 111                : IntAlu :  D=0x000000000006f000
 895000: system.cpu: T0 : 0x1a890    : addi a5, a5, 1480          : IntAlu :  D=0x000000000006f5c8
 895500: system.cpu: T0 : 0x1a894    : beq a0, a5, 24             : IntAlu : 
 896000: system.cpu: T0 : 0x1a8ac    : addi a4, zero, 128         : IntAlu :  D=0x0000000000000080
 896500: system.cpu: T0 : 0x1a8b0    : sd a4, -1376(gp)           : MemWrite :  D=0x0000000000000080 A=0x70ac8
 897000: system.cpu: T0 : 0x1a8b4    : addi a5, a0, 8             : IntAlu :  D=0x000000000006f5d0
 897500: system.cpu: T0 : 0x1a8b8    : amoswap_w zero, zero, (a5)
 897500: system.cpu: T0 : 0x1a8b8. 0 : amoswap_w[l] zero, zero, (a5) : MemRead :  D=0x0000000000000000 A=0x6f5d0
 898000: system.cpu: T0 : 0x1a8bc    : c_sd a3, 96(a0)            : MemWrite :  D=0x000000000006f628 A=0x6f628
 898500: system.cpu: T0 : 0x1a8be    : c_jr ra                    : IntAlu : 
 899000: system.cpu: T0 : 0x1ac7a    : c_lui a2, 27               : IntAlu :  D=0x000000000001b000
 899500: system.cpu: T0 : 0x1ac7c    : addi a2, a2, 968           : IntAlu :  D=0x000000000001b3c8
 900000: system.cpu: T0 : 0x1ac80    : c_mv a1, sp                : IntAlu :  D=0x7ffffffffffffbd0
 900500: system.cpu: T0 : 0x1ac82    : c_li a0, 19                : IntAlu :  D=0x0000000000000013
 901000: system.cpu: T0 : 0x1ac84    : jal ra, 30078              : IntAlu :  D=0x000000000001ac88
 901500: system.cpu: T0 : 0x22202    : c_slli a0, 32              : IntAlu :  D=0x0000001300000000
 902000: system.cpu: T0 : 0x22204    : c_srli a0, 32              : IntAlu :  D=0x0000000000000013
 903000: system.cpu: T0 : 0x22206    : slli a5, a0, 3             : IntAlu :  D=0x0000000000000098
 903500: system.cpu: T0 : 0x2220a    : c_sub a5, a0               : IntAlu :  D=0x0000000000000085
 904000: system.cpu: T0 : 0x2220c    : lui a4, 111                : IntAlu :  D=0x000000000006f000
 904500: system.cpu: T0 : 0x22210    : addi a4, a4, -1248         : IntAlu :  D=0x000000000006eb20
 905000: system.cpu: T0 : 0x22214    : c_slli a5, 3               : IntAlu :  D=0x0000000000000428
 905500: system.cpu: T0 : 0x22216    : c_add a5, a4               : IntAlu :  D=0x000000000006ef48
 906000: system.cpu: T0 : 0x22218    : c_lw a3, 8(a5)             : MemRead :  D=0x0000000000000000 A=0x6ef50
 906500: system.cpu: T0 : 0x2221a    : c_li a6, 2                 : IntAlu :  D=0x0000000000000002
 907000: system.cpu: T0 : 0x2221c    : c_ld a5, 32(a5)            : MemRead :  D=0x0000000000000000 A=0x6ef68
 908000: system.cpu: T0 : 0x2221e    : bltu a6, a3, 42            : IntAlu : 
 908500: system.cpu: T0 : 0x22222    : c_bnez a3, 38              : IntAlu : 
 909000: system.cpu: T0 : 0x22224    : c_sw a5, 0(a1)             : MemWrite :  D=0x0000000000000000 A=0x7ffffffffffffbd0
 910000: system.cpu: T0 : 0x22226    : slli a5, a0, 3             : IntAlu :  D=0x0000000000000098
 910500: system.cpu: T0 : 0x2222a    : c_sub a5, a0               : IntAlu :  D=0x0000000000000085
 911000: system.cpu: T0 : 0x2222c    : c_slli a5, 3               : IntAlu :  D=0x0000000000000428
 912000: system.cpu: T0 : 0x2222e    : add a3, a4, a5             : IntAlu :  D=0x000000000006ef48
 913000: system.cpu: T0 : 0x22232    : lbu a3, 40(a3)             : MemRead :  D=0x0000000000000000 A=0x6ef70
 913500: system.cpu: T0 : 0x22236    : c_beqz a3, 16              : IntAlu : 
 914000: system.cpu: T0 : 0x22246    : c_jr ra                    : IntAlu : 
 914500: system.cpu: T0 : 0x1ac88    : c_lui a2, 26               : IntAlu :  D=0x000000000001a000
 915500: system.cpu: T0 : 0x1ac8a    : addi a2, a2, 1292          : IntAlu :  D=0x000000000001a50c
 916000: system.cpu: T0 : 0x1ac8e    : c_mv a1, sp                : IntAlu :  D=0x7ffffffffffffbd0
 916500: system.cpu: T0 : 0x1ac90    : c_li a0, 7                 : IntAlu :  D=0x0000000000000007
 917500: system.cpu: T0 : 0x1ac92    : jal ra, 30064              : IntAlu :  D=0x000000000001ac96
 918000: system.cpu: T0 : 0x22202    : c_slli a0, 32              : IntAlu :  D=0x0000000700000000
 918500: system.cpu: T0 : 0x22204    : c_srli a0, 32              : IntAlu :  D=0x0000000000000007
 919500: system.cpu: T0 : 0x22206    : slli a5, a0, 3             : IntAlu :  D=0x0000000000000038
 920000: system.cpu: T0 : 0x2220a    : c_sub a5, a0               : IntAlu :  D=0x0000000000000031
 920500: system.cpu: T0 : 0x2220c    : lui a4, 111                : IntAlu :  D=0x000000000006f000
 921000: system.cpu: T0 : 0x22210    : addi a4, a4, -1248         : IntAlu :  D=0x000000000006eb20
 921500: system.cpu: T0 : 0x22214    : c_slli a5, 3               : IntAlu :  D=0x0000000000000188
 922000: system.cpu: T0 : 0x22216    : c_add a5, a4               : IntAlu :  D=0x000000000006eca8
 922500: system.cpu: T0 : 0x22218    : c_lw a3, 8(a5)             : MemRead :  D=0x0000000000000002 A=0x6ecb0
 923000: system.cpu: T0 : 0x2221a    : c_li a6, 2                 : IntAlu :  D=0x0000000000000002
 923500: system.cpu: T0 : 0x2221c    : c_ld a5, 32(a5)            : MemRead :  D=0x0000000000000000 A=0x6ecc8
 924500: system.cpu: T0 : 0x2221e    : bltu a6, a3, 42            : IntAlu : 
 925000: system.cpu: T0 : 0x22222    : c_bnez a3, 38              : IntAlu : 
 925500: system.cpu: T0 : 0x22248    : c_sd a5, 0(a1)             : MemWrite :  D=0x0000000000000000 A=0x7ffffffffffffbd0
 926000: system.cpu: T0 : 0x2224a    : c_j -36                    : IntAlu : 
 927000: system.cpu: T0 : 0x22226    : slli a5, a0, 3             : IntAlu :  D=0x0000000000000038
 927500: system.cpu: T0 : 0x2222a    : c_sub a5, a0               : IntAlu :  D=0x0000000000000031
 928000: system.cpu: T0 : 0x2222c    : c_slli a5, 3               : IntAlu :  D=0x0000000000000188
 929000: system.cpu: T0 : 0x2222e    : add a3, a4, a5             : IntAlu :  D=0x000000000006eca8
 930000: system.cpu: T0 : 0x22232    : lbu a3, 40(a3)             : MemRead :  D=0x0000000000000000 A=0x6ecd0
 930500: system.cpu: T0 : 0x22236    : c_beqz a3, 16              : IntAlu : 
 931000: system.cpu: T0 : 0x22246    : c_jr ra                    : IntAlu : 
 931500: system.cpu: T0 : 0x1ac96    : c_lui a2, 26               : IntAlu :  D=0x000000000001a000
 932000: system.cpu: T0 : 0x1ac98    : addi a2, a2, 1310          : IntAlu :  D=0x000000000001a51e
 932500: system.cpu: T0 : 0x1ac9c    : c_mv a1, sp                : IntAlu :  D=0x7ffffffffffffbd0
 933000: system.cpu: T0 : 0x1ac9e    : c_li a0, 2                 : IntAlu :  D=0x0000000000000002
 933500: system.cpu: T0 : 0x1aca0    : jal ra, 30050              : IntAlu :  D=0x000000000001aca4
 934000: system.cpu: T0 : 0x22202    : c_slli a0, 32              : IntAlu :  D=0x0000000200000000
 934500: system.cpu: T0 : 0x22204    : c_srli a0, 32              : IntAlu :  D=0x0000000000000002
 935500: system.cpu: T0 : 0x22206    : slli a5, a0, 3             : IntAlu :  D=0x0000000000000010
 936000: system.cpu: T0 : 0x2220a    : c_sub a5, a0               : IntAlu :  D=0x000000000000000e
 936500: system.cpu: T0 : 0x2220c    : lui a4, 111                : IntAlu :  D=0x000000000006f000
 937000: system.cpu: T0 : 0x22210    : addi a4, a4, -1248         : IntAlu :  D=0x000000000006eb20
 937500: system.cpu: T0 : 0x22214    : c_slli a5, 3               : IntAlu :  D=0x0000000000000070
 938000: system.cpu: T0 : 0x22216    : c_add a5, a4               : IntAlu :  D=0x000000000006eb90
 938500: system.cpu: T0 : 0x22218    : c_lw a3, 8(a5)             : MemRead :  D=0x0000000000000000 A=0x6eb98
 939000: system.cpu: T0 : 0x2221a    : c_li a6, 2                 : IntAlu :  D=0x0000000000000002
 939500: system.cpu: T0 : 0x2221c    : c_ld a5, 32(a5)            : MemRead :  D=0x0000000000000000 A=0x6ebb0
 940500: system.cpu: T0 : 0x2221e    : bltu a6, a3, 42            : IntAlu : 
 941000: system.cpu: T0 : 0x22222    : c_bnez a3, 38              : IntAlu : 
 941500: system.cpu: T0 : 0x22224    : c_sw a5, 0(a1)             : MemWrite :  D=0x0000000000000000 A=0x7ffffffffffffbd0
 942500: system.cpu: T0 : 0x22226    : slli a5, a0, 3             : IntAlu :  D=0x0000000000000010
 943000: system.cpu: T0 : 0x2222a    : c_sub a5, a0               : IntAlu :  D=0x000000000000000e
 943500: system.cpu: T0 : 0x2222c    : c_slli a5, 3               : IntAlu :  D=0x0000000000000070
 944500: system.cpu: T0 : 0x2222e    : add a3, a4, a5             : IntAlu :  D=0x000000000006eb90
 945500: system.cpu: T0 : 0x22232    : lbu a3, 40(a3)             : MemRead :  D=0x0000000000000000 A=0x6ebb8
 946000: system.cpu: T0 : 0x22236    : c_beqz a3, 16              : IntAlu : 
 946500: system.cpu: T0 : 0x22246    : c_jr ra                    : IntAlu : 
 947000: system.cpu: T0 : 0x1aca4    : c_lui a2, 26               : IntAlu :  D=0x000000000001a000
 948000: system.cpu: T0 : 0x1aca6    : addi a2, a2, 1246          : IntAlu :  D=0x000000000001a4de
 948500: system.cpu: T0 : 0x1acaa    : c_mv a1, sp                : IntAlu :  D=0x7ffffffffffffbd0
 949000: system.cpu: T0 : 0x1acac    : c_li a0, 14                : IntAlu :  D=0x000000000000000e
 950000: system.cpu: T0 : 0x1acae    : jal ra, 30036              : IntAlu :  D=0x000000000001acb2
 950500: system.cpu: T0 : 0x22202    : c_slli a0, 32              : IntAlu :  D=0x0000000e00000000
 951000: system.cpu: T0 : 0x22204    : c_srli a0, 32              : IntAlu :  D=0x000000000000000e
 952000: system.cpu: T0 : 0x22206    : slli a5, a0, 3             : IntAlu :  D=0x0000000000000070
 952500: system.cpu: T0 : 0x2220a    : c_sub a5, a0               : IntAlu :  D=0x0000000000000062
 953000: system.cpu: T0 : 0x2220c    : lui a4, 111                : IntAlu :  D=0x000000000006f000
 953500: system.cpu: T0 : 0x22210    : addi a4, a4, -1248         : IntAlu :  D=0x000000000006eb20
 954000: system.cpu: T0 : 0x22214    : c_slli a5, 3               : IntAlu :  D=0x0000000000000310
 954500: system.cpu: T0 : 0x22216    : c_add a5, a4               : IntAlu :  D=0x000000000006ee30
 955000: system.cpu: T0 : 0x22218    : c_lw a3, 8(a5)             : MemRead :  D=0x0000000000000002 A=0x6ee38
 955500: system.cpu: T0 : 0x2221a    : c_li a6, 2                 : IntAlu :  D=0x0000000000000002
 956000: system.cpu: T0 : 0x2221c    : c_ld a5, 32(a5)            : MemRead :  D=0x0000000000000000 A=0x6ee50
 957000: system.cpu: T0 : 0x2221e    : bltu a6, a3, 42            : IntAlu : 
 957500: system.cpu: T0 : 0x22222    : c_bnez a3, 38              : IntAlu : 
 958000: system.cpu: T0 : 0x22248    : c_sd a5, 0(a1)             : MemWrite :  D=0x0000000000000000 A=0x7ffffffffffffbd0
 958500: system.cpu: T0 : 0x2224a    : c_j -36                    : IntAlu : 
 959500: system.cpu: T0 : 0x22226    : slli a5, a0, 3             : IntAlu :  D=0x0000000000000070
 960000: system.cpu: T0 : 0x2222a    : c_sub a5, a0               : IntAlu :  D=0x0000000000000062
 960500: system.cpu: T0 : 0x2222c    : c_slli a5, 3               : IntAlu :  D=0x0000000000000310
 961500: system.cpu: T0 : 0x2222e    : add a3, a4, a5             : IntAlu :  D=0x000000000006ee30
 962500: system.cpu: T0 : 0x22232    : lbu a3, 40(a3)             : MemRead :  D=0x0000000000000000 A=0x6ee58
 963000: system.cpu: T0 : 0x22236    : c_beqz a3, 16              : IntAlu : 
 963500: system.cpu: T0 : 0x22246    : c_jr ra                    : IntAlu : 
 964000: system.cpu: T0 : 0x1acb2    : c_lui a2, 26               : IntAlu :  D=0x000000000001a000
 964500: system.cpu: T0 : 0x1acb4    : addi a2, a2, 1318          : IntAlu :  D=0x000000000001a526
 965000: system.cpu: T0 : 0x1acb8    : c_mv a1, sp                : IntAlu :  D=0x7ffffffffffffbd0
 965500: system.cpu: T0 : 0x1acba    : c_li a0, 1                 : IntAlu :  D=0x0000000000000001
 966000: system.cpu: T0 : 0x1acbc    : jal ra, 30022              : IntAlu :  D=0x000000000001acc0
 966500: system.cpu: T0 : 0x22202    : c_slli a0, 32              : IntAlu :  D=0x0000000100000000
 967000: system.cpu: T0 : 0x22204    : c_srli a0, 32              : IntAlu :  D=0x0000000000000001
 968000: system.cpu: T0 : 0x22206    : slli a5, a0, 3             : IntAlu :  D=0x0000000000000008
 968500: system.cpu: T0 : 0x2220a    : c_sub a5, a0               : IntAlu :  D=0x0000000000000007
 969000: system.cpu: T0 : 0x2220c    : lui a4, 111                : IntAlu :  D=0x000000000006f000
 969500: system.cpu: T0 : 0x22210    : addi a4, a4, -1248         : IntAlu :  D=0x000000000006eb20
 970000: system.cpu: T0 : 0x22214    : c_slli a5, 3               : IntAlu :  D=0x0000000000000038
 970500: system.cpu: T0 : 0x22216    : c_add a5, a4               : IntAlu :  D=0x000000000006eb58
 971000: system.cpu: T0 : 0x22218    : c_lw a3, 8(a5)             : MemRead :  D=0x0000000000000002 A=0x6eb60
 971500: system.cpu: T0 : 0x2221a    : c_li a6, 2                 : IntAlu :  D=0x0000000000000002
 972000: system.cpu: T0 : 0x2221c    : c_ld a5, 32(a5)            : MemRead :  D=0x0000000000000000 A=0x6eb78
 973000: system.cpu: T0 : 0x2221e    : bltu a6, a3, 42            : IntAlu : 
 973500: system.cpu: T0 : 0x22222    : c_bnez a3, 38              : IntAlu : 
 974000: system.cpu: T0 : 0x22248    : c_sd a5, 0(a1)             : MemWrite :  D=0x0000000000000000 A=0x7ffffffffffffbd0
 974500: system.cpu: T0 : 0x2224a    : c_j -36                    : IntAlu : 
 975500: system.cpu: T0 : 0x22226    : slli a5, a0, 3             : IntAlu :  D=0x0000000000000008
 976000: system.cpu: T0 : 0x2222a    : c_sub a5, a0               : IntAlu :  D=0x0000000000000007
 976500: system.cpu: T0 : 0x2222c    : c_slli a5, 3               : IntAlu :  D=0x0000000000000038
 977500: system.cpu: T0 : 0x2222e    : add a3, a4, a5             : IntAlu :  D=0x000000000006eb58
 978500: system.cpu: T0 : 0x22232    : lbu a3, 40(a3)             : MemRead :  D=0x0000000000000000 A=0x6eb80
 979000: system.cpu: T0 : 0x22236    : c_beqz a3, 16              : IntAlu : 
 979500: system.cpu: T0 : 0x22246    : c_jr ra                    : IntAlu : 
 980000: system.cpu: T0 : 0x1acc0    : c_lui a2, 26               : IntAlu :  D=0x000000000001a000
 981000: system.cpu: T0 : 0x1acc2    : addi a2, a2, 1274          : IntAlu :  D=0x000000000001a4fa
 981500: system.cpu: T0 : 0x1acc6    : c_mv a1, sp                : IntAlu :  D=0x7ffffffffffffbd0
 982000: system.cpu: T0 : 0x1acc8    : c_li a0, 9                 : IntAlu :  D=0x0000000000000009
 983000: system.cpu: T0 : 0x1acca    : jal ra, 30008              : IntAlu :  D=0x000000000001acce
 983500: system.cpu: T0 : 0x22202    : c_slli a0, 32              : IntAlu :  D=0x0000000900000000
 984000: system.cpu: T0 : 0x22204    : c_srli a0, 32              : IntAlu :  D=0x0000000000000009
 985000: system.cpu: T0 : 0x22206    : slli a5, a0, 3             : IntAlu :  D=0x0000000000000048
 985500: system.cpu: T0 : 0x2220a    : c_sub a5, a0               : IntAlu :  D=0x000000000000003f
 986000: system.cpu: T0 : 0x2220c    : lui a4, 111                : IntAlu :  D=0x000000000006f000
 986500: system.cpu: T0 : 0x22210    : addi a4, a4, -1248         : IntAlu :  D=0x000000000006eb20
 987000: system.cpu: T0 : 0x22214    : c_slli a5, 3               : IntAlu :  D=0x00000000000001f8
 987500: system.cpu: T0 : 0x22216    : c_add a5, a4               : IntAlu :  D=0x000000000006ed18
 988000: system.cpu: T0 : 0x22218    : c_lw a3, 8(a5)             : MemRead :  D=0x0000000000000000 A=0x6ed20
 988500: system.cpu: T0 : 0x2221a    : c_li a6, 2                 : IntAlu :  D=0x0000000000000002
 989000: system.cpu: T0 : 0x2221c    : c_ld a5, 32(a5)            : MemRead :  D=0x0000000000000000 A=0x6ed38
 990000: system.cpu: T0 : 0x2221e    : bltu a6, a3, 42            : IntAlu : 
 990500: system.cpu: T0 : 0x22222    : c_bnez a3, 38              : IntAlu : 
 991000: system.cpu: T0 : 0x22224    : c_sw a5, 0(a1)             : MemWrite :  D=0x0000000000000000 A=0x7ffffffffffffbd0
 992000: system.cpu: T0 : 0x22226    : slli a5, a0, 3             : IntAlu :  D=0x0000000000000048
 992500: system.cpu: T0 : 0x2222a    : c_sub a5, a0               : IntAlu :  D=0x000000000000003f
 993000: system.cpu: T0 : 0x2222c    : c_slli a5, 3               : IntAlu :  D=0x00000000000001f8
 994000: system.cpu: T0 : 0x2222e    : add a3, a4, a5             : IntAlu :  D=0x000000000006ed18
 995000: system.cpu: T0 : 0x22232    : lbu a3, 40(a3)             : MemRead :  D=0x0000000000000000 A=0x6ed40
 995500: system.cpu: T0 : 0x22236    : c_beqz a3, 16              : IntAlu : 
 996000: system.cpu: T0 : 0x22246    : c_jr ra                    : IntAlu : 
 996500: system.cpu: T0 : 0x1acce    : c_lui a2, 26               : IntAlu :  D=0x000000000001a000
 997000: system.cpu: T0 : 0x1acd0    : addi a2, a2, 1336          : IntAlu :  D=0x000000000001a538
 997500: system.cpu: T0 : 0x1acd4    : c_mv a1, sp                : IntAlu :  D=0x7ffffffffffffbd0
 998000: system.cpu: T0 : 0x1acd6    : c_li a0, 13                : IntAlu :  D=0x000000000000000d
 998500: system.cpu: T0 : 0x1acd8    : jal ra, 29994              : IntAlu :  D=0x000000000001acdc
 999000: system.cpu: T0 : 0x22202    : c_slli a0, 32              : IntAlu :  D=0x0000000d00000000
 999500: system.cpu: T0 : 0x22204    : c_srli a0, 32              : IntAlu :  D=0x000000000000000d
1000500: system.cpu: T0 : 0x22206    : slli a5, a0, 3             : IntAlu :  D=0x0000000000000068
1001000: system.cpu: T0 : 0x2220a    : c_sub a5, a0               : IntAlu :  D=0x000000000000005b
1001500: system.cpu: T0 : 0x2220c    : lui a4, 111                : IntAlu :  D=0x000000000006f000
1002000: system.cpu: T0 : 0x22210    : addi a4, a4, -1248         : IntAlu :  D=0x000000000006eb20
1002500: system.cpu: T0 : 0x22214    : c_slli a5, 3               : IntAlu :  D=0x00000000000002d8
1003000: system.cpu: T0 : 0x22216    : c_add a5, a4               : IntAlu :  D=0x000000000006edf8
1003500: system.cpu: T0 : 0x22218    : c_lw a3, 8(a5)             : MemRead :  D=0x0000000000000002 A=0x6ee00
1004000: system.cpu: T0 : 0x2221a    : c_li a6, 2                 : IntAlu :  D=0x0000000000000002
1004500: system.cpu: T0 : 0x2221c    : c_ld a5, 32(a5)            : MemRead :  D=0x0000000000000000 A=0x6ee18
1005500: system.cpu: T0 : 0x2221e    : bltu a6, a3, 42            : IntAlu : 
1006000: system.cpu: T0 : 0x22222    : c_bnez a3, 38              : IntAlu : 
1006500: system.cpu: T0 : 0x22248    : c_sd a5, 0(a1)             : MemWrite :  D=0x0000000000000000 A=0x7ffffffffffffbd0
1007000: system.cpu: T0 : 0x2224a    : c_j -36                    : IntAlu : 
1008000: system.cpu: T0 : 0x22226    : slli a5, a0, 3             : IntAlu :  D=0x0000000000000068
1008500: system.cpu: T0 : 0x2222a    : c_sub a5, a0               : IntAlu :  D=0x000000000000005b
1009000: system.cpu: T0 : 0x2222c    : c_slli a5, 3               : IntAlu :  D=0x00000000000002d8
1010000: system.cpu: T0 : 0x2222e    : add a3, a4, a5             : IntAlu :  D=0x000000000006edf8
1011000: system.cpu: T0 : 0x22232    : lbu a3, 40(a3)             : MemRead :  D=0x0000000000000000 A=0x6ee20
1011500: system.cpu: T0 : 0x22236    : c_beqz a3, 16              : IntAlu : 
1012000: system.cpu: T0 : 0x22246    : c_jr ra                    : IntAlu : 
1012500: system.cpu: T0 : 0x1acdc    : c_lui a2, 26               : IntAlu :  D=0x000000000001a000
1013500: system.cpu: T0 : 0x1acde    : addi a2, a2, 1348          : IntAlu :  D=0x000000000001a544
1014000: system.cpu: T0 : 0x1ace2    : c_mv a1, sp                : IntAlu :  D=0x7ffffffffffffbd0
1014500: system.cpu: T0 : 0x1ace4    : c_li a0, 16                : IntAlu :  D=0x0000000000000010
1015500: system.cpu: T0 : 0x1ace6    : jal ra, 29980              : IntAlu :  D=0x000000000001acea
1016000: system.cpu: T0 : 0x22202    : c_slli a0, 32              : IntAlu :  D=0x0000001000000000
1016500: system.cpu: T0 : 0x22204    : c_srli a0, 32              : IntAlu :  D=0x0000000000000010
1017500: system.cpu: T0 : 0x22206    : slli a5, a0, 3             : IntAlu :  D=0x0000000000000080
1018000: system.cpu: T0 : 0x2220a    : c_sub a5, a0               : IntAlu :  D=0x0000000000000070
1018500: system.cpu: T0 : 0x2220c    : lui a4, 111                : IntAlu :  D=0x000000000006f000
1019000: system.cpu: T0 : 0x22210    : addi a4, a4, -1248         : IntAlu :  D=0x000000000006eb20
1019500: system.cpu: T0 : 0x22214    : c_slli a5, 3               : IntAlu :  D=0x0000000000000380
1020000: system.cpu: T0 : 0x22216    : c_add a5, a4               : IntAlu :  D=0x000000000006eea0
1020500: system.cpu: T0 : 0x22218    : c_lw a3, 8(a5)             : MemRead :  D=0x0000000000000002 A=0x6eea8
1021000: system.cpu: T0 : 0x2221a    : c_li a6, 2                 : IntAlu :  D=0x0000000000000002
1021500: system.cpu: T0 : 0x2221c    : c_ld a5, 32(a5)            : MemRead :  D=0x0000000000000000 A=0x6eec0
1022500: system.cpu: T0 : 0x2221e    : bltu a6, a3, 42            : IntAlu : 
1023000: system.cpu: T0 : 0x22222    : c_bnez a3, 38              : IntAlu : 
1023500: system.cpu: T0 : 0x22248    : c_sd a5, 0(a1)             : MemWrite :  D=0x0000000000000000 A=0x7ffffffffffffbd0
1024000: system.cpu: T0 : 0x2224a    : c_j -36                    : IntAlu : 
1025000: system.cpu: T0 : 0x22226    : slli a5, a0, 3             : IntAlu :  D=0x0000000000000080
1025500: system.cpu: T0 : 0x2222a    : c_sub a5, a0               : IntAlu :  D=0x0000000000000070
1026000: system.cpu: T0 : 0x2222c    : c_slli a5, 3               : IntAlu :  D=0x0000000000000380
1027000: system.cpu: T0 : 0x2222e    : add a3, a4, a5             : IntAlu :  D=0x000000000006eea0
1028000: system.cpu: T0 : 0x22232    : lbu a3, 40(a3)             : MemRead :  D=0x0000000000000000 A=0x6eec8
1028500: system.cpu: T0 : 0x22236    : c_beqz a3, 16              : IntAlu : 
1029000: system.cpu: T0 : 0x22246    : c_jr ra                    : IntAlu : 
1029500: system.cpu: T0 : 0x1acea    : c_lui a2, 26               : IntAlu :  D=0x000000000001a000
1030000: system.cpu: T0 : 0x1acec    : addi a2, a2, 1360          : IntAlu :  D=0x000000000001a550
1030500: system.cpu: T0 : 0x1acf0    : c_mv a1, sp                : IntAlu :  D=0x7ffffffffffffbd0
1031000: system.cpu: T0 : 0x1acf2    : c_li a0, 18                : IntAlu :  D=0x0000000000000012
1031500: system.cpu: T0 : 0x1acf4    : jal ra, 29966              : IntAlu :  D=0x000000000001acf8
1032000: system.cpu: T0 : 0x22202    : c_slli a0, 32              : IntAlu :  D=0x0000001200000000
1032500: system.cpu: T0 : 0x22204    : c_srli a0, 32              : IntAlu :  D=0x0000000000000012
1033500: system.cpu: T0 : 0x22206    : slli a5, a0, 3             : IntAlu :  D=0x0000000000000090
1034000: system.cpu: T0 : 0x2220a    : c_sub a5, a0               : IntAlu :  D=0x000000000000007e
1034500: system.cpu: T0 : 0x2220c    : lui a4, 111                : IntAlu :  D=0x000000000006f000
1035000: system.cpu: T0 : 0x22210    : addi a4, a4, -1248         : IntAlu :  D=0x000000000006eb20
1035500: system.cpu: T0 : 0x22214    : c_slli a5, 3               : IntAlu :  D=0x00000000000003f0
1036000: system.cpu: T0 : 0x22216    : c_add a5, a4               : IntAlu :  D=0x000000000006ef10
1036500: system.cpu: T0 : 0x22218    : c_lw a3, 8(a5)             : MemRead :  D=0x0000000000000002 A=0x6ef18
1037000: system.cpu: T0 : 0x2221a    : c_li a6, 2                 : IntAlu :  D=0x0000000000000002
1037500: system.cpu: T0 : 0x2221c    : c_ld a5, 32(a5)            : MemRead :  D=0x0000000000000000 A=0x6ef30
1038500: system.cpu: T0 : 0x2221e    : bltu a6, a3, 42            : IntAlu : 
1039000: system.cpu: T0 : 0x22222    : c_bnez a3, 38              : IntAlu : 
1039500: system.cpu: T0 : 0x22248    : c_sd a5, 0(a1)             : MemWrite :  D=0x0000000000000000 A=0x7ffffffffffffbd0
1040000: system.cpu: T0 : 0x2224a    : c_j -36                    : IntAlu : 
1041000: system.cpu: T0 : 0x22226    : slli a5, a0, 3             : IntAlu :  D=0x0000000000000090
1041500: system.cpu: T0 : 0x2222a    : c_sub a5, a0               : IntAlu :  D=0x000000000000007e
1042000: system.cpu: T0 : 0x2222c    : c_slli a5, 3               : IntAlu :  D=0x00000000000003f0
1043000: system.cpu: T0 : 0x2222e    : add a3, a4, a5             : IntAlu :  D=0x000000000006ef10
1044000: system.cpu: T0 : 0x22232    : lbu a3, 40(a3)             : MemRead :  D=0x0000000000000000 A=0x6ef38
1044500: system.cpu: T0 : 0x22236    : c_beqz a3, 16              : IntAlu : 
1045000: system.cpu: T0 : 0x22246    : c_jr ra                    : IntAlu : 
1045500: system.cpu: T0 : 0x1acf8    : c_lui a2, 26               : IntAlu :  D=0x000000000001a000
1046500: system.cpu: T0 : 0x1acfa    : addi a2, a2, 1406          : IntAlu :  D=0x000000000001a57e
1047000: system.cpu: T0 : 0x1acfe    : c_mv a1, sp                : IntAlu :  D=0x7ffffffffffffbd0
1047500: system.cpu: T0 : 0x1ad00    : c_li a0, 15                : IntAlu :  D=0x000000000000000f
1048500: system.cpu: T0 : 0x1ad02    : jal ra, 29952              : IntAlu :  D=0x000000000001ad06
1049000: system.cpu: T0 : 0x22202    : c_slli a0, 32              : IntAlu :  D=0x0000000f00000000
1049500: system.cpu: T0 : 0x22204    : c_srli a0, 32              : IntAlu :  D=0x000000000000000f
1050500: system.cpu: T0 : 0x22206    : slli a5, a0, 3             : IntAlu :  D=0x0000000000000078
1051000: system.cpu: T0 : 0x2220a    : c_sub a5, a0               : IntAlu :  D=0x0000000000000069
1051500: system.cpu: T0 : 0x2220c    : lui a4, 111                : IntAlu :  D=0x000000000006f000
1052000: system.cpu: T0 : 0x22210    : addi a4, a4, -1248         : IntAlu :  D=0x000000000006eb20
1052500: system.cpu: T0 : 0x22214    : c_slli a5, 3               : IntAlu :  D=0x0000000000000348
1053000: system.cpu: T0 : 0x22216    : c_add a5, a4               : IntAlu :  D=0x000000000006ee68
1053500: system.cpu: T0 : 0x22218    : c_lw a3, 8(a5)             : MemRead :  D=0x0000000000000002 A=0x6ee70
1054000: system.cpu: T0 : 0x2221a    : c_li a6, 2                 : IntAlu :  D=0x0000000000000002
1054500: system.cpu: T0 : 0x2221c    : c_ld a5, 32(a5)            : MemRead :  D=0x0000000000000000 A=0x6ee88
1055500: system.cpu: T0 : 0x2221e    : bltu a6, a3, 42            : IntAlu : 
1056000: system.cpu: T0 : 0x22222    : c_bnez a3, 38              : IntAlu : 
1056500: system.cpu: T0 : 0x22248    : c_sd a5, 0(a1)             : MemWrite :  D=0x0000000000000000 A=0x7ffffffffffffbd0
1057000: system.cpu: T0 : 0x2224a    : c_j -36                    : IntAlu : 
1058000: system.cpu: T0 : 0x22226    : slli a5, a0, 3             : IntAlu :  D=0x0000000000000078
1058500: system.cpu: T0 : 0x2222a    : c_sub a5, a0               : IntAlu :  D=0x0000000000000069
1059000: system.cpu: T0 : 0x2222c    : c_slli a5, 3               : IntAlu :  D=0x0000000000000348
1060000: system.cpu: T0 : 0x2222e    : add a3, a4, a5             : IntAlu :  D=0x000000000006ee68
1061000: system.cpu: T0 : 0x22232    : lbu a3, 40(a3)             : MemRead :  D=0x0000000000000000 A=0x6ee90
1061500: system.cpu: T0 : 0x22236    : c_beqz a3, 16              : IntAlu : 
1062000: system.cpu: T0 : 0x22246    : c_jr ra                    : IntAlu : 
1062500: system.cpu: T0 : 0x1ad06    : c_lui a2, 26               : IntAlu :  D=0x000000000001a000
1063000: system.cpu: T0 : 0x1ad08    : addi a2, a2, 1426          : IntAlu :  D=0x000000000001a592
1063500: system.cpu: T0 : 0x1ad0c    : c_mv a1, sp                : IntAlu :  D=0x7ffffffffffffbd0
1064000: system.cpu: T0 : 0x1ad0e    : c_li a0, 11                : IntAlu :  D=0x000000000000000b
1064500: system.cpu: T0 : 0x1ad10    : jal ra, 29938              : IntAlu :  D=0x000000000001ad14
1065000: system.cpu: T0 : 0x22202    : c_slli a0, 32              : IntAlu :  D=0x0000000b00000000
1065500: system.cpu: T0 : 0x22204    : c_srli a0, 32              : IntAlu :  D=0x000000000000000b
1066500: system.cpu: T0 : 0x22206    : slli a5, a0, 3             : IntAlu :  D=0x0000000000000058
1067000: system.cpu: T0 : 0x2220a    : c_sub a5, a0               : IntAlu :  D=0x000000000000004d
1067500: system.cpu: T0 : 0x2220c    : lui a4, 111                : IntAlu :  D=0x000000000006f000
1068000: system.cpu: T0 : 0x22210    : addi a4, a4, -1248         : IntAlu :  D=0x000000000006eb20
1068500: system.cpu: T0 : 0x22214    : c_slli a5, 3               : IntAlu :  D=0x0000000000000268
1069000: system.cpu: T0 : 0x22216    : c_add a5, a4               : IntAlu :  D=0x000000000006ed88
1069500: system.cpu: T0 : 0x22218    : c_lw a3, 8(a5)             : MemRead :  D=0x0000000000000002 A=0x6ed90
1070000: system.cpu: T0 : 0x2221a    : c_li a6, 2                 : IntAlu :  D=0x0000000000000002
1070500: system.cpu: T0 : 0x2221c    : c_ld a5, 32(a5)            : MemRead :  D=0x0000000000000000 A=0x6eda8
1071500: system.cpu: T0 : 0x2221e    : bltu a6, a3, 42            : IntAlu : 
1072000: system.cpu: T0 : 0x22222    : c_bnez a3, 38              : IntAlu : 
1072500: system.cpu: T0 : 0x22248    : c_sd a5, 0(a1)             : MemWrite :  D=0x0000000000000000 A=0x7ffffffffffffbd0
1073000: system.cpu: T0 : 0x2224a    : c_j -36                    : IntAlu : 
1074000: system.cpu: T0 : 0x22226    : slli a5, a0, 3             : IntAlu :  D=0x0000000000000058
1074500: system.cpu: T0 : 0x2222a    : c_sub a5, a0               : IntAlu :  D=0x000000000000004d
1075000: system.cpu: T0 : 0x2222c    : c_slli a5, 3               : IntAlu :  D=0x0000000000000268
1076000: system.cpu: T0 : 0x2222e    : add a3, a4, a5             : IntAlu :  D=0x000000000006ed88
1077000: system.cpu: T0 : 0x22232    : lbu a3, 40(a3)             : MemRead :  D=0x0000000000000000 A=0x6edb0
1077500: system.cpu: T0 : 0x22236    : c_beqz a3, 16              : IntAlu : 
1078000: system.cpu: T0 : 0x22246    : c_jr ra                    : IntAlu : 
1078500: system.cpu: T0 : 0x1ad14    : c_lui a2, 26               : IntAlu :  D=0x000000000001a000
1079500: system.cpu: T0 : 0x1ad16    : addi a2, a2, 1438          : IntAlu :  D=0x000000000001a59e
1080000: system.cpu: T0 : 0x1ad1a    : c_mv a1, sp                : IntAlu :  D=0x7ffffffffffffbd0
1080500: system.cpu: T0 : 0x1ad1c    : c_li a0, 5                 : IntAlu :  D=0x0000000000000005
1081500: system.cpu: T0 : 0x1ad1e    : jal ra, 29924              : IntAlu :  D=0x000000000001ad22
1082000: system.cpu: T0 : 0x22202    : c_slli a0, 32              : IntAlu :  D=0x0000000500000000
1082500: system.cpu: T0 : 0x22204    : c_srli a0, 32              : IntAlu :  D=0x0000000000000005
1083500: system.cpu: T0 : 0x22206    : slli a5, a0, 3             : IntAlu :  D=0x0000000000000028
1084000: system.cpu: T0 : 0x2220a    : c_sub a5, a0               : IntAlu :  D=0x0000000000000023
1084500: system.cpu: T0 : 0x2220c    : lui a4, 111                : IntAlu :  D=0x000000000006f000
1085000: system.cpu: T0 : 0x22210    : addi a4, a4, -1248         : IntAlu :  D=0x000000000006eb20
1085500: system.cpu: T0 : 0x22214    : c_slli a5, 3               : IntAlu :  D=0x0000000000000118
1086000: system.cpu: T0 : 0x22216    : c_add a5, a4               : IntAlu :  D=0x000000000006ec38
1086500: system.cpu: T0 : 0x22218    : c_lw a3, 8(a5)             : MemRead :  D=0x0000000000000002 A=0x6ec40
1087000: system.cpu: T0 : 0x2221a    : c_li a6, 2                 : IntAlu :  D=0x0000000000000002
1087500: system.cpu: T0 : 0x2221c    : c_ld a5, 32(a5)            : MemRead :  D=0x0000000000000000 A=0x6ec58
1088500: system.cpu: T0 : 0x2221e    : bltu a6, a3, 42            : IntAlu : 
1089000: system.cpu: T0 : 0x22222    : c_bnez a3, 38              : IntAlu : 
1089500: system.cpu: T0 : 0x22248    : c_sd a5, 0(a1)             : MemWrite :  D=0x0000000000000000 A=0x7ffffffffffffbd0
1090000: system.cpu: T0 : 0x2224a    : c_j -36                    : IntAlu : 
1091000: system.cpu: T0 : 0x22226    : slli a5, a0, 3             : IntAlu :  D=0x0000000000000028
1091500: system.cpu: T0 : 0x2222a    : c_sub a5, a0               : IntAlu :  D=0x0000000000000023
1092000: system.cpu: T0 : 0x2222c    : c_slli a5, 3               : IntAlu :  D=0x0000000000000118
1093000: system.cpu: T0 : 0x2222e    : add a3, a4, a5             : IntAlu :  D=0x000000000006ec38
1094000: system.cpu: T0 : 0x22232    : lbu a3, 40(a3)             : MemRead :  D=0x0000000000000000 A=0x6ec60
1094500: system.cpu: T0 : 0x22236    : c_beqz a3, 16              : IntAlu : 
1095000: system.cpu: T0 : 0x22246    : c_jr ra                    : IntAlu : 
1095500: system.cpu: T0 : 0x1ad22    : c_ldsp a4, 8(sp)           : MemRead :  D=0x442f2e2e00000000 A=0x7ffffffffffffbd8
1096000: system.cpu: T0 : 0x1ad24    : ld a5, -1264(s1)           : MemRead :  D=0x442f2e2e00000000 A=0x6eb10
1096500: system.cpu: T0 : 0x1ad28    : c_li a3, 1                 : IntAlu :  D=0x0000000000000001
1097500: system.cpu: T0 : 0x1ad2a    : sw a3, -1876(gp)           : MemWrite :  D=0x0000000000000001 A=0x708d4
1098500: system.cpu: T0 : 0x1ad2e    : bne a4, a5, 14             : IntAlu : 
1099000: system.cpu: T0 : 0x1ad32    : c_ldsp ra, 40(sp)          : MemRead :  D=0x000000000001db00 A=0x7ffffffffffffbf8
1099500: system.cpu: T0 : 0x1ad34    : c_ldsp s0, 32(sp)          : MemRead :  D=0x7ffffffffffffcf0 A=0x7ffffffffffffbf0
1100000: system.cpu: T0 : 0x1ad36    : c_ldsp s1, 24(sp)          : MemRead :  D=0x7ffffffffffffc20 A=0x7ffffffffffffbe8
1100500: system.cpu: T0 : 0x1ad38    : c_addi16sp sp, 48          : IntAlu :  D=0x7ffffffffffffc00
1101000: system.cpu: T0 : 0x1ad3a    : c_jr ra                    : IntAlu : 
1101500: system.cpu: T0 : 0x1db00    : c_ldsp a0, 8(sp)           : MemRead :  D=0x0000000000000024 A=0x7ffffffffffffc08
1102000: system.cpu: T0 : 0x1db02    : c_ldsp ra, 24(sp)          : MemRead :  D=0x000000000003d9be A=0x7ffffffffffffc18
1102500: system.cpu: T0 : 0x1db04    : c_addi16sp sp, 32          : IntAlu :  D=0x7ffffffffffffc20
1103000: system.cpu: T0 : 0x1db06    : c_j -540                   : IntAlu : 
1104000: system.cpu: T0 : 0x1d8ea    : ld t1, -1848(gp)           : MemRead :  D=0x0000000000000000 A=0x708f0
1105000: system.cpu: T0 : 0x1d8ee    : bne t1, zero, 260          : IntAlu : 
1105500: system.cpu: T0 : 0x1d8f2    : c_addi sp, -32             : IntAlu :  D=0x7ffffffffffffc00
1106000: system.cpu: T0 : 0x1d8f4    : c_sdsp s0, 16(sp)          : MemWrite :  D=0x7ffffffffffffcf0 A=0x7ffffffffffffc10
1106500: system.cpu: T0 : 0x1d8f6    : c_sdsp ra, 24(sp)          : MemWrite :  D=0x000000000003d9be A=0x7ffffffffffffc18
1107000: system.cpu: T0 : 0x1d8f8    : c_sdsp s1, 8(sp)           : MemWrite :  D=0x7ffffffffffffc20 A=0x7ffffffffffffc08
1107500: system.cpu: T0 : 0x1d8fa    : c_sdsp s2, 0(sp)           : MemWrite :  D=0x0000000000000002 A=0x7ffffffffffffc00
1108000: system.cpu: T0 : 0x1d8fc    : c_mv s0, a0                : IntAlu :  D=0x0000000000000024
1109000: system.cpu: T0 : 0x1d8fe    : blt a0, zero, 222          : IntAlu : 
1110000: system.cpu: T0 : 0x1d902    : addi a5, a0, 23            : IntAlu :  D=0x000000000000003b
1110500: system.cpu: T0 : 0x1d906    : c_li a4, 31                : IntAlu :  D=0x000000000000001f
1111000: system.cpu: T0 : 0x1d908    : c_li s1, 0                 : IntAlu :  D=0x0000000000000000
1112000: system.cpu: T0 : 0x1d90a    : bltu a4, a5, 94            : IntAlu : 
1112500: system.cpu: T0 : 0x1d968    : c_andi a5, 18446744073709551600 : IntAlu :  D=0x0000000000000030
1113000: system.cpu: T0 : 0x1d96a    : c_addi a5, -17             : IntAlu :  D=0x000000000000001f
1113500: system.cpu: T0 : 0x1d96c    : srli s1, a5, 4             : IntAlu :  D=0x0000000000000001
1114000: system.cpu: T0 : 0x1d970    : c_j -98                    : IntAlu : 
1115000: system.cpu: T0 : 0x1d90e    : ld a4, 40(tp)              : MemRead :  D=0x0000000000000000 A=0x72738
1115500: system.cpu: T0 : 0x1d912    : c_beqz a4, 96              : IntAlu : 
1116500: system.cpu: T0 : 0x1d972    : lbu a5, 48(tp)             : MemRead :  D=0x0000000000000000 A=0x72740
1117000: system.cpu: T0 : 0x1d976    : c_bnez a5, -86             : IntAlu : 
1117500: system.cpu: T0 : 0x1d978    : jal ra, -2478              : IntAlu :  D=0x000000000001d97c
1118000: system.cpu: T0 : 0x1cfca    : c_addi sp, -32             : IntAlu :  D=0x7ffffffffffffbe0
1118500: system.cpu: T0 : 0x1cfcc    : c_sdsp s0, 16(sp)          : MemWrite :  D=0x0000000000000024 A=0x7ffffffffffffbf0
1119500: system.cpu: T0 : 0x1cfce    : ld s0, 56(tp)              : MemRead :  D=0x000000000006f5c8 A=0x72748
1120000: system.cpu: T0 : 0x1cfd2    : c_sdsp ra, 24(sp)          : MemWrite :  D=0x000000000001d97c A=0x7ffffffffffffbf8
1120500: system.cpu: T0 : 0x1cfd4    : c_sdsp s1, 8(sp)           : MemWrite :  D=0x0000000000000001 A=0x7ffffffffffffbe8
1121000: system.cpu: T0 : 0x1cfd6    : c_beqz s0, 78              : IntAlu : 
1121500: system.cpu: T0 : 0x1cfd8    : c_mv s1, s0                : IntAlu :  D=0x000000000006f5c8
1122000: system.cpu: T0 : 0x1cfda    : c_li a4, 1                 : IntAlu :  D=0x0000000000000001
1122500: system.cpu: T0 : 0x1cfdc    : lr_w a5, (s0)             
1122500: system.cpu: T0 : 0x1cfdc. 0 : lr_w a5, (s0)              : MemRead :  D=0x0000000000000000 A=0x6f5c8
1123000: system.cpu: T0 : 0x1cfe0    : c_bnez a5, 8               : IntAlu : 
1124000: system.cpu: T0 : 0x1cfe2    : sc_w_aq a3, a4, (s0)      
1124000: system.cpu: T0 : 0x1cfe2. 0 : sc_w a3, a4, (s0)          : MemWrite :  D=0x0000000000000000 A=0x6f5c8
1124500: system.cpu: T0 : 0x1cfe2. 1 : 0x1ce426af fence           : No_OpClass : 
1125000: system.cpu: T0 : 0x1cfe6    : c_bnez a3, -10             : IntAlu : 
1125500: system.cpu: T0 : 0x1cfe8    : c_addiw a5, 0              : IntAlu :  D=0x0000000000000000
1126000: system.cpu: T0 : 0x1cfea    : c_bnez a5, 162             : IntAlu : 
1126500: system.cpu: T0 : 0x1cfec    : addi a1, zero, 640         : IntAlu :  D=0x0000000000000280
1127000: system.cpu: T0 : 0x1cff0    : c_mv a0, s0                : IntAlu :  D=0x000000000006f5c8
1128000: system.cpu: T0 : 0x1cff2    : jal ra, -2862              : IntAlu :  D=0x000000000001cff6
1128500: system.cpu: T0 : 0x1c4c4    : c_addi16sp sp, -256        : IntAlu :  D=0x7ffffffffffffae0
1129000: system.cpu: T0 : 0x1c4c6    : c_sdsp ra, 248(sp)         : MemWrite :  D=0x000000000001cff6 A=0x7ffffffffffffbd8
1129500: system.cpu: T0 : 0x1c4c8    : c_sdsp s0, 240(sp)         : MemWrite :  D=0x000000000006f5c8 A=0x7ffffffffffffbd0
1130000: system.cpu: T0 : 0x1c4ca    : c_sdsp s1, 232(sp)         : MemWrite :  D=0x000000000006f5c8 A=0x7ffffffffffffbc8
1130500: system.cpu: T0 : 0x1c4cc    : c_sdsp s2, 224(sp)         : MemWrite :  D=0x0000000000000002 A=0x7ffffffffffffbc0
1131000: system.cpu: T0 : 0x1c4ce    : c_sdsp s3, 216(sp)         : MemWrite :  D=0x0000000000000000 A=0x7ffffffffffffbb8
1131500: system.cpu: T0 : 0x1c4d0    : c_sdsp s4, 208(sp)         : MemWrite :  D=0x0000000000000000 A=0x7ffffffffffffbb0
1132000: system.cpu: T0 : 0x1c4d2    : c_sdsp s5, 200(sp)         : MemWrite :  D=0x0000000000000000 A=0x7ffffffffffffba8
1132500: system.cpu: T0 : 0x1c4d4    : c_sdsp s6, 192(sp)         : MemWrite :  D=0x0000000000072000 A=0x7ffffffffffffba0
1133000: system.cpu: T0 : 0x1c4d6    : c_sdsp s7, 184(sp)         : MemWrite :  D=0x0000000000000000 A=0x7ffffffffffffb98
1133500: system.cpu: T0 : 0x1c4d8    : c_sdsp s8, 176(sp)         : MemWrite :  D=0x0000000000000000 A=0x7ffffffffffffb90
1134000: system.cpu: T0 : 0x1c4da    : c_sdsp s9, 168(sp)         : MemWrite :  D=0x0000000000000003 A=0x7ffffffffffffb88
1134500: system.cpu: T0 : 0x1c4dc    : c_sdsp s10, 160(sp)        : MemWrite :  D=0x0000000000000000 A=0x7ffffffffffffb80
1135000: system.cpu: T0 : 0x1c4de    : c_sdsp s11, 152(sp)        : MemWrite :  D=0x0000000000000000 A=0x7ffffffffffffb78
1135500: system.cpu: T0 : 0x1c4e0    : blt a1, zero, 1198         : IntAlu : 
1136000: system.cpu: T0 : 0x1c4e4    : addi s0, a1, 23            : IntAlu :  D=0x0000000000000297
1136500: system.cpu: T0 : 0x1c4e8    : c_li a5, 31                : IntAlu :  D=0x000000000000001f
1137000: system.cpu: T0 : 0x1c4ea    : c_mv s3, a1                : IntAlu :  D=0x0000000000000280
1137500: system.cpu: T0 : 0x1c4ec    : c_mv s1, a0                : IntAlu :  D=0x000000000006f5c8
1138500: system.cpu: T0 : 0x1c4ee    : bltu a5, s0, 220           : IntAlu : 
1139000: system.cpu: T0 : 0x1c5ca    : c_andi s0, 18446744073709551600 : IntAlu :  D=0x0000000000000290
1139500: system.cpu: T0 : 0x1c5cc    : beq a0, zero, 988          : IntAlu : 
1140000: system.cpu: T0 : 0x1c5d0    : ld a4, -1376(gp)           : MemRead :  D=0x0000000000000080 A=0x70ac8
1140500: system.cpu: T0 : 0x1c5d4    : srliw s9, s0, 4            : IntAlu :  D=0x0000000000000029
1141000: system.cpu: T0 : 0x1c5d8    : srliw a5, s0, 4            : IntAlu :  D=0x0000000000000029
1141500: system.cpu: T0 : 0x1c5dc    : bgeu a4, s0, 506           : IntAlu : 
1142000: system.cpu: T0 : 0x1c5e0    : addi a4, zero, 1023        : IntAlu :  D=0x00000000000003ff
1142500: system.cpu: T0 : 0x1c5e4    : bgeu a4, s0, 1722          : IntAlu : 
1143000: system.cpu: T0 : 0x1cc9e    : c_addiw a5, -1             : IntAlu :  D=0x0000000000000028
1143500: system.cpu: T0 : 0x1cca0    : c_j -1406                  : IntAlu : 
1144500: system.cpu: T0 : 0x1c722    : slliw a5, a5, 1            : IntAlu :  D=0x0000000000000050
1145000: system.cpu: T0 : 0x1c726    : c_slli a5, 32              : IntAlu :  D=0x0000005000000000
1145500: system.cpu: T0 : 0x1c728    : c_srli a5, 32              : IntAlu :  D=0x0000000000000050
1146000: system.cpu: T0 : 0x1c72a    : c_addi a5, 14              : IntAlu :  D=0x000000000000005e
1146500: system.cpu: T0 : 0x1c72c    : c_slli a5, 3               : IntAlu :  D=0x00000000000002f0
1147000: system.cpu: T0 : 0x1c72e    : c_j -550                   : IntAlu : 
1147500: system.cpu: T0 : 0x1c508    : c_add a5, s1               : IntAlu :  D=0x000000000006f8b8
1148500: system.cpu: T0 : 0x1c50a    : ld s2, 8(a5)               : MemRead :  D=0x000000000006f8a8 A=0x6f8c0
1149500: system.cpu: T0 : 0x1c50e    : addi a3, a5, -16           : IntAlu :  D=0x000000000006f8a8
1150500: system.cpu: T0 : 0x1c512    : beq a3, s2, 748            : IntAlu : 
1151500: system.cpu: T0 : 0x1c7fe    : srli t1, s0, 9             : IntAlu :  D=0x0000000000000001
1152500: system.cpu: T0 : 0x1c802    : addiw a5, t1, 91           : IntAlu :  D=0x000000000000005c
1153500: system.cpu: T0 : 0x1c806    : srli s10, s0, 6            : IntAlu :  D=0x000000000000000a
1154000: system.cpu: T0 : 0x1c80a    : c_sdsp a5, 96(sp)          : MemWrite :  D=0x000000000000005c A=0x7ffffffffffffb40
1154500: system.cpu: T0 : 0x1c80c    : addiw a5, s10, 48          : IntAlu :  D=0x000000000000003a
1155000: system.cpu: T0 : 0x1c810    : c_sdsp a5, 88(sp)          : MemWrite :  D=0x000000000000003a A=0x7ffffffffffffb38
1156000: system.cpu: T0 : 0x1c812    : addi a5, zero, 110         : IntAlu :  D=0x000000000000006e
1156500: system.cpu: T0 : 0x1c816    : c_sdsp a5, 112(sp)         : MemWrite :  D=0x000000000000006e A=0x7ffffffffffffb50
1157000: system.cpu: T0 : 0x1c818    : addi a5, zero, 119         : IntAlu :  D=0x0000000000000077
1157500: system.cpu: T0 : 0x1c81c    : c_sdsp a5, 104(sp)         : MemWrite :  D=0x0000000000000077 A=0x7ffffffffffffb48
1158500: system.cpu: T0 : 0x1c81e    : addi a5, zero, 124         : IntAlu :  D=0x000000000000007c
1159000: system.cpu: T0 : 0x1c822    : c_sdsp s9, 8(sp)           : MemWrite :  D=0x0000000000000029 A=0x7ffffffffffffae8
1159500: system.cpu: T0 : 0x1c824    : c_sdsp a5, 120(sp)         : MemWrite :  D=0x000000000000007c A=0x7ffffffffffffb58
1160000: system.cpu: T0 : 0x1c826    : c_sdsp zero, 128(sp)       : MemWrite :  D=0x0000000000000000 A=0x7ffffffffffffb60
1160500: system.cpu: T0 : 0x1c828    : c_sdsp zero, 136(sp)       : MemWrite :  D=0x0000000000000000 A=0x7ffffffffffffb68
1161500: system.cpu: T0 : 0x1c82a    : ld a5, 40(tp)              : MemRead :  D=0x0000000000000000 A=0x72738
1162500: system.cpu: T0 : 0x1c82e    : addi s6, s0, -17           : IntAlu :  D=0x000000000000027f
1163500: system.cpu: T0 : 0x1c832    : srli s6, s6, 4             : IntAlu :  D=0x0000000000000027
1164000: system.cpu: T0 : 0x1c836    : c_li s5, 0                 : IntAlu :  D=0x0000000000000000
1164500: system.cpu: T0 : 0x1c838    : c_beqz a5, 22              : IntAlu : 
1165500: system.cpu: T0 : 0x1c84e    : lui a5, 111                : IntAlu :  D=0x000000000006f000
1166000: system.cpu: T0 : 0x1c852    : c_lui s11, 1               : IntAlu :  D=0x0000000000001000
1166500: system.cpu: T0 : 0x1c854    : lui s7, 111                : IntAlu :  D=0x000000000006f000
1167000: system.cpu: T0 : 0x1c858    : addi a5, a5, 1480          : IntAlu :  D=0x000000000006f5c8
1167500: system.cpu: T0 : 0x1c85c    : addi s8, s1, 96            : IntAlu :  D=0x000000000006f628
1168000: system.cpu: T0 : 0x1c860    : c_li t5, 0                 : IntAlu :  D=0x0000000000000000
1169000: system.cpu: T0 : 0x1c862    : addi s7, s7, 1368          : IntAlu :  D=0x000000000006f558
1170000: system.cpu: T0 : 0x1c866    : add a7, s1, s11            : IntAlu :  D=0x00000000000705c8
1170500: system.cpu: T0 : 0x1c86a    : c_sdsp a5, 56(sp)          : MemWrite :  D=0x000000000006f5c8 A=0x7ffffffffffffb18
1171000: system.cpu: T0 : 0x1c86c    : c_ld a5, 120(s1)           : MemRead :  D=0x000000000006f628 A=0x6f640
1172000: system.cpu: T0 : 0x1c86e    : beq a5, s8, 532            : IntAlu : 
1173000: system.cpu: T0 : 0x1ca82    : addi a5, zero, 1023        : IntAlu :  D=0x00000000000003ff
1174000: system.cpu: T0 : 0x1ca86    : bgeu a5, s0, 38            : IntAlu : 
1174500: system.cpu: T0 : 0x1caac    : c_ldsp a3, 8(sp)           : MemRead :  D=0x0000000000000029 A=0x7ffffffffffffae8
1175000: system.cpu: T0 : 0x1caae    : c_li a0, 4                 : IntAlu :  D=0x0000000000000004
1175500: system.cpu: T0 : 0x1cab0    : addiw a5, a3, 1            : IntAlu :  D=0x000000000000002a
1176000: system.cpu: T0 : 0x1cab4    : srliw a4, a5, 5            : IntAlu :  D=0x0000000000000001
1176500: system.cpu: T0 : 0x1cab8    : slliw a3, a3, 1            : IntAlu :  D=0x0000000000000052
1177000: system.cpu: T0 : 0x1cabc    : addi a4, a4, 536           : IntAlu :  D=0x0000000000000219
1177500: system.cpu: T0 : 0x1cac0    : c_slli a3, 32              : IntAlu :  D=0x0000005200000000
1178000: system.cpu: T0 : 0x1cac2    : c_slli a4, 2               : IntAlu :  D=0x0000000000000864
1178500: system.cpu: T0 : 0x1cac4    : c_srli a3, 32              : IntAlu :  D=0x0000000000000052
1179000: system.cpu: T0 : 0x1cac6    : c_add a4, s1               : IntAlu :  D=0x000000000006fe2c
1179500: system.cpu: T0 : 0x1cac8    : c_slli a3, 3               : IntAlu :  D=0x0000000000000290
1180000: system.cpu: T0 : 0x1caca    : c_lw a2, 0(a4)             : MemRead :  D=0x0000000000000000 A=0x6fe2c
1180500: system.cpu: T0 : 0x1cacc    : addi a3, a3, 96            : IntAlu :  D=0x00000000000002f0
1181000: system.cpu: T0 : 0x1cad0    : c_li a4, 1                 : IntAlu :  D=0x0000000000000001
1182000: system.cpu: T0 : 0x1cad2    : srliw s2, a5, 5            : IntAlu :  D=0x0000000000000001
1182500: system.cpu: T0 : 0x1cad6    : c_add a3, s1               : IntAlu :  D=0x000000000006f8b8
1183000: system.cpu: T0 : 0x1cad8    : sllw a5, a4, a5            : IntAlu :  D=0x0000000000000400
1183500: system.cpu: T0 : 0x1cadc    : bltu a2, a5, 144           : IntAlu : 
1184000: system.cpu: T0 : 0x1cb6c    : addiw a5, s2, 1            : IntAlu :  D=0x0000000000000002
1184500: system.cpu: T0 : 0x1cb70    : addiw s2, a5, 0            : IntAlu :  D=0x0000000000000002
1185000: system.cpu: T0 : 0x1cb74    : bne s2, a0, -26            : IntAlu : 
1185500: system.cpu: T0 : 0x1cb5a    : c_slli a5, 32              : IntAlu :  D=0x0000000200000000
1186000: system.cpu: T0 : 0x1cb5c    : c_srli a5, 32              : IntAlu :  D=0x0000000000000002
1187000: system.cpu: T0 : 0x1cb5e    : addi a5, a5, 536           : IntAlu :  D=0x000000000000021a
1187500: system.cpu: T0 : 0x1cb62    : c_slli a5, 2               : IntAlu :  D=0x0000000000000868
1188000: system.cpu: T0 : 0x1cb64    : c_add a5, s1               : IntAlu :  D=0x000000000006fe30
1188500: system.cpu: T0 : 0x1cb66    : c_lw a2, 0(a5)             : MemRead :  D=0x0000000000000000 A=0x6fe30
1189000: system.cpu: T0 : 0x1cb68    : bne a2, zero, 384          : IntAlu : 
1189500: system.cpu: T0 : 0x1cb6c    : addiw a5, s2, 1            : IntAlu :  D=0x0000000000000003
1190000: system.cpu: T0 : 0x1cb70    : addiw s2, a5, 0            : IntAlu :  D=0x0000000000000003
1190500: system.cpu: T0 : 0x1cb74    : bne s2, a0, -26            : IntAlu : 
1191000: system.cpu: T0 : 0x1cb5a    : c_slli a5, 32              : IntAlu :  D=0x0000000300000000
1191500: system.cpu: T0 : 0x1cb5c    : c_srli a5, 32              : IntAlu :  D=0x0000000000000003
1192500: system.cpu: T0 : 0x1cb5e    : addi a5, a5, 536           : IntAlu :  D=0x000000000000021b
1193000: system.cpu: T0 : 0x1cb62    : c_slli a5, 2               : IntAlu :  D=0x000000000000086c
1193500: system.cpu: T0 : 0x1cb64    : c_add a5, s1               : IntAlu :  D=0x000000000006fe34
1194000: system.cpu: T0 : 0x1cb66    : c_lw a2, 0(a5)             : MemRead :  D=0x0000000000000000 A=0x6fe34
1194500: system.cpu: T0 : 0x1cb68    : bne a2, zero, 384          : IntAlu : 
1195000: system.cpu: T0 : 0x1cb6c    : addiw a5, s2, 1            : IntAlu :  D=0x0000000000000004
1195500: system.cpu: T0 : 0x1cb70    : addiw s2, a5, 0            : IntAlu :  D=0x0000000000000004
1196000: system.cpu: T0 : 0x1cb74    : bne s2, a0, -26            : IntAlu : 
1196500: system.cpu: T0 : 0x1cb78    : c_ld a4, 96(s1)            : MemRead :  D=0x000000000006f628 A=0x6f628
1197500: system.cpu: T0 : 0x1cb7a    : ld a3, -1912(a7)           : MemRead :  D=0x0000000000000000 A=0x6fe50
1198000: system.cpu: T0 : 0x1cb7e    : c_ld a5, 8(a4)             : MemRead :  D=0x0000000000000000 A=0x6f630
1198500: system.cpu: T0 : 0x1cb80    : c_andi a5, 18446744073709551608 : IntAlu :  D=0x0000000000000000
1199500: system.cpu: T0 : 0x1cb82    : bltu a3, a5, 548           : IntAlu : 
1200500: system.cpu: T0 : 0x1cb86    : addi a3, s0, 32            : IntAlu :  D=0x00000000000002b0
1201500: system.cpu: T0 : 0x1cb8a    : bgeu a5, a3, 640           : IntAlu : 
1202000: system.cpu: T0 : 0x1cb8e    : c_sdsp a7, 32(sp)          : MemWrite :  D=0x00000000000705c8 A=0x7ffffffffffffb00
1202500: system.cpu: T0 : 0x1cb90    : c_sdsp t1, 24(sp)          : MemWrite :  D=0x0000000000000001 A=0x7ffffffffffffaf8
1203000: system.cpu: T0 : 0x1cb92    : c_sdsp t5, 16(sp)          : MemWrite :  D=0x0000000000000000 A=0x7ffffffffffffaf0
1203500: system.cpu: T0 : 0x1cb94    : c_lw a5, 8(s1)             : MemRead :  D=0x0000000000000000 A=0x6f5d0
1204000: system.cpu: T0 : 0x1cb96    : c_addiw a5, 0              : IntAlu :  D=0x0000000000000000
1204500: system.cpu: T0 : 0x1cb98    : c_beqz a5, 180             : IntAlu : 
1205000: system.cpu: T0 : 0x1cc4c    : c_mv a1, s1                : IntAlu :  D=0x000000000006f5c8
1205500: system.cpu: T0 : 0x1cc4e    : c_mv a0, s0                : IntAlu :  D=0x0000000000000290
1206000: system.cpu: T0 : 0x1cc50    : jal ra, -3372              : IntAlu :  D=0x000000000001cc54
1206500: system.cpu: T0 : 0x1bf24    : c_addi16sp sp, -160        : IntAlu :  D=0x7ffffffffffffa40
1207000: system.cpu: T0 : 0x1bf26    : c_sdsp s1, 136(sp)         : MemWrite :  D=0x000000000006f5c8 A=0x7ffffffffffffac8
1207500: system.cpu: T0 : 0x1bf28    : c_sdsp s2, 128(sp)         : MemWrite :  D=0x0000000000000004 A=0x7ffffffffffffac0
1208000: system.cpu: T0 : 0x1bf2a    : c_sdsp s10, 64(sp)         : MemWrite :  D=0x000000000000000a A=0x7ffffffffffffa80
1208500: system.cpu: T0 : 0x1bf2c    : c_sdsp ra, 152(sp)         : MemWrite :  D=0x000000000001cc54 A=0x7ffffffffffffad8
1209000: system.cpu: T0 : 0x1bf2e    : c_sdsp s0, 144(sp)         : MemWrite :  D=0x0000000000000290 A=0x7ffffffffffffad0
1209500: system.cpu: T0 : 0x1bf30    : c_sdsp s3, 120(sp)         : MemWrite :  D=0x0000000000000280 A=0x7ffffffffffffab8
1210000: system.cpu: T0 : 0x1bf32    : c_sdsp s4, 112(sp)         : MemWrite :  D=0x0000000000000000 A=0x7ffffffffffffab0
1210500: system.cpu: T0 : 0x1bf34    : c_sdsp s5, 104(sp)         : MemWrite :  D=0x0000000000000000 A=0x7ffffffffffffaa8
1211000: system.cpu: T0 : 0x1bf36    : c_sdsp s6, 96(sp)          : MemWrite :  D=0x0000000000000027 A=0x7ffffffffffffaa0
1211500: system.cpu: T0 : 0x1bf38    : c_sdsp s7, 88(sp)          : MemWrite :  D=0x000000000006f558 A=0x7ffffffffffffa98
1212000: system.cpu: T0 : 0x1bf3a    : c_sdsp s8, 80(sp)          : MemWrite :  D=0x000000000006f628 A=0x7ffffffffffffa90
1212500: system.cpu: T0 : 0x1bf3c    : c_sdsp s9, 72(sp)          : MemWrite :  D=0x0000000000000029 A=0x7ffffffffffffa88
1213000: system.cpu: T0 : 0x1bf3e    : c_sdsp s11, 56(sp)         : MemWrite :  D=0x0000000000001000 A=0x7ffffffffffffa78
1213500: system.cpu: T0 : 0x1bf40    : ld s2, -1784(gp)           : MemRead :  D=0x0000000000001000 A=0x70930
1214000: system.cpu: T0 : 0x1bf44    : c_mv s1, a0                : IntAlu :  D=0x0000000000000290
1215000: system.cpu: T0 : 0x1bf46    : beq a1, zero, 534          : IntAlu : 
1216000: system.cpu: T0 : 0x1bf4a    : lui s11, 111               : IntAlu :  D=0x000000000006f000
1217000: system.cpu: T0 : 0x1bf4e    : addi s11, s11, 1368        : IntAlu :  D=0x000000000006f558
1218000: system.cpu: T0 : 0x1bf52    : ld a5, 16(s11)             : MemRead :  D=0x0000000000020000 A=0x6f568
1218500: system.cpu: T0 : 0x1bf56    : c_mv s0, a1                : IntAlu :  D=0x000000000006f5c8
1219000: system.cpu: T0 : 0x1bf58    : bgeu a0, a5, 276           : IntAlu : 
1219500: system.cpu: T0 : 0x1bf5c    : c_sdsp zero, 8(sp)         : MemWrite :  D=0x0000000000000000 A=0x7ffffffffffffa48
1220500: system.cpu: T0 : 0x1bf5e    : addi s5, s2, 7             : IntAlu :  D=0x0000000000001007
1221500: system.cpu: T0 : 0x1bf62    : add a5, s5, s1             : IntAlu :  D=0x0000000000001297
1222500: system.cpu: T0 : 0x1bf66    : lui s6, 111                : IntAlu :  D=0x000000000006f000
1223500: system.cpu: T0 : 0x1bf6a    : sub s5, zero, s2           : IntAlu :  D=0xfffffffffffff000
1224500: system.cpu: T0 : 0x1bf6e    : addi a7, s0, 96            : IntAlu :  D=0x000000000006f628
1225500: system.cpu: T0 : 0x1bf72    : addi t1, s2, -1            : IntAlu :  D=0x0000000000000fff
1226500: system.cpu: T0 : 0x1bf76    : addi s8, s1, 32            : IntAlu :  D=0x00000000000002b0
1227500: system.cpu: T0 : 0x1bf7a    : addi s7, s6, 1480          : IntAlu :  D=0x000000000006f5c8
1228500: system.cpu: T0 : 0x1bf7e    : and s5, a5, s5             : IntAlu :  D=0x0000000000001000
1229500: system.cpu: T0 : 0x1bf82    : ld s4, 96(s0)              : MemRead :  D=0x000000000006f628 A=0x6f628
1230500: system.cpu: T0 : 0x1bf86    : ld a5, 8(s4)               : MemRead :  D=0x0000000000000000 A=0x6f630
1231500: system.cpu: T0 : 0x1bf8a    : andi s3, a5, 18446744073709551608 : IntAlu :  D=0x0000000000000000
1232500: system.cpu: T0 : 0x1bf8e    : add s9, s4, s3             : IntAlu :  D=0x000000000006f628
1233500: system.cpu: T0 : 0x1bf92    : beq s4, a7, 506            : IntAlu : 
1234000: system.cpu: T0 : 0x1c18c    : beq s3, zero, -482         : IntAlu : 
1235000: system.cpu: T0 : 0x1bfaa    : bgeu s3, s8, 1112          : IntAlu : 
1236000: system.cpu: T0 : 0x1bfae    : beq s0, s7, 484            : IntAlu : 
1237000: system.cpu: T0 : 0x1c192    : ld s5, 8(s11)              : MemRead :  D=0x0000000000020000 A=0x6f560
1237500: system.cpu: T0 : 0x1c196    : c_lw a5, 4(s0)             : MemRead :  D=0x0000000000000000 A=0x6f5cc
1238000: system.cpu: T0 : 0x1c198    : addi s10, s2, -1           : IntAlu :  D=0x0000000000000fff
1238500: system.cpu: T0 : 0x1c19c    : addi s5, s5, 32            : IntAlu :  D=0x0000000000020020
1239000: system.cpu: T0 : 0x1c1a0    : c_add s5, s10              : IntAlu :  D=0x000000000002101f
1239500: system.cpu: T0 : 0x1c1a2    : c_andi a5, 2               : IntAlu :  D=0x0000000000000000
1240000: system.cpu: T0 : 0x1c1a4    : c_add s5, s1               : IntAlu :  D=0x00000000000212af
1241000: system.cpu: T0 : 0x1c1a6    : sub a6, zero, s2           : IntAlu :  D=0xfffffffffffff000
1241500: system.cpu: T0 : 0x1c1aa    : c_beqz a5, 158             : IntAlu : 
1242000: system.cpu: T0 : 0x1c248    : sub s5, s5, s3             : IntAlu :  D=0x00000000000212af
1242500: system.cpu: T0 : 0x1c24c    : and s5, s5, a6             : IntAlu :  D=0x0000000000021000
1243000: system.cpu: T0 : 0x1c250    : blt zero, s5, -156         : IntAlu : 
1243500: system.cpu: T0 : 0x1c1b4    : ld a5, -1840(gp)           : MemRead :  D=0x000000000001eade A=0x708f8
1244000: system.cpu: T0 : 0x1c1b8    : c_mv a0, s5                : IntAlu :  D=0x0000000000021000
1244500: system.cpu: T0 : 0x1c1ba    : c_sdsp a6, 8(sp)           : MemWrite :  D=0xfffffffffffff000 A=0x7ffffffffffffa48
1245000: system.cpu: T0 : 0x1c1bc    : c_jalr a5                  : IntAlu :  D=0x000000000001c1be
1245500: system.cpu: T0 : 0x1eade    : c_addi sp, -16             : IntAlu :  D=0x7ffffffffffffa30
1246000: system.cpu: T0 : 0x1eae0    : c_sdsp ra, 8(sp)           : MemWrite :  D=0x000000000001c1be A=0x7ffffffffffffa38
1247000: system.cpu: T0 : 0x1eae2    : jal ra, 9318               : IntAlu :  D=0x000000000001eae6
1247500: system.cpu: T0 : 0x20f48    : c_addi sp, -32             : IntAlu :  D=0x7ffffffffffffa10
1248000: system.cpu: T0 : 0x20f4a    : c_sdsp s2, 0(sp)           : MemWrite :  D=0x0000000000001000 A=0x7ffffffffffffa10
1248500: system.cpu: T0 : 0x20f4c    : c_sdsp s1, 8(sp)           : MemWrite :  D=0x0000000000000290 A=0x7ffffffffffffa18
1249500: system.cpu: T0 : 0x20f4e    : ld s1, -1200(gp)           : MemRead :  D=0x0000000000072f80 A=0x70b78
1250000: system.cpu: T0 : 0x20f52    : c_sdsp s0, 16(sp)          : MemWrite :  D=0x000000000006f5c8 A=0x7ffffffffffffa20
1250500: system.cpu: T0 : 0x20f54    : c_sdsp ra, 24(sp)          : MemWrite :  D=0x000000000001eae6 A=0x7ffffffffffffa28
1251000: system.cpu: T0 : 0x20f56    : c_mv s0, a0                : IntAlu :  D=0x0000000000021000
1251500: system.cpu: T0 : 0x20f58    : c_beqz s1, 46              : IntAlu : 
1252500: system.cpu: T0 : 0x20f5a    : lw a5, -1728(gp)           : MemRead :  D=0x0000000000000000 A=0x70968
1253000: system.cpu: T0 : 0x20f5e    : c_bnez a5, 40              : IntAlu : 
1253500: system.cpu: T0 : 0x20f60    : c_beqz s0, 24              : IntAlu : 
1254500: system.cpu: T0 : 0x20f62    : bge zero, s0, 52           : IntAlu : 
1255500: system.cpu: T0 : 0x20f66    : add a5, s0, s1             : IntAlu :  D=0x0000000000093f80
1256500: system.cpu: T0 : 0x20f6a    : sltu a5, a5, s1            : IntAlu :  D=0x0000000000000000
1257000: system.cpu: T0 : 0x20f6e    : c_beqz a5, 50              : IntAlu : 
1257500: system.cpu: T0 : 0x20fa0    : add a0, s1, s0             : IntAlu :  D=0x0000000000093f80
1258000: system.cpu: T0 : 0x20fa4    : jal ra, 98390              : IntAlu :  D=0x0000000000020fa8
1258500: system.cpu: T0 : 0x38ffa    : c_mv a5, a0                : IntAlu :  D=0x0000000000093f80
1259000: system.cpu: T0 : 0x38ffc    : addi a7, zero, 214         : IntAlu :  D=0x00000000000000d6
1259500: system.cpu: T0 : 0x39000    : ecall                      : No_OpClass : 
1260000: system.cpu: T0 : 0x39004    : sd a0, -1200(gp)           : MemWrite :  D=0x0000000000093f80 A=0x70b78
1260500: system.cpu: T0 : 0x39008    : bltu a0, a5, 8             : IntAlu : 
1261000: system.cpu: T0 : 0x3900c    : c_li a0, 0                 : IntAlu :  D=0x0000000000000000
1261500: system.cpu: T0 : 0x3900e    : c_jr ra                    : IntAlu : 
1262000: system.cpu: T0 : 0x20fa8    : blt a0, zero, -50          : IntAlu : 
1262500: system.cpu: T0 : 0x20fac    : c_ldsp ra, 24(sp)          : MemRead :  D=0x000000000001eae6 A=0x7ffffffffffffa28
1263000: system.cpu: T0 : 0x20fae    : c_ldsp s0, 16(sp)          : MemRead :  D=0x000000000006f5c8 A=0x7ffffffffffffa20
1263500: system.cpu: T0 : 0x20fb0    : c_ldsp s2, 0(sp)           : MemRead :  D=0x0000000000001000 A=0x7ffffffffffffa10
1264000: system.cpu: T0 : 0x20fb2    : c_mv a0, s1                : IntAlu :  D=0x0000000000072f80
1264500: system.cpu: T0 : 0x20fb4    : c_ldsp s1, 8(sp)           : MemRead :  D=0x0000000000000290 A=0x7ffffffffffffa18
1265000: system.cpu: T0 : 0x20fb6    : c_addi16sp sp, 32          : IntAlu :  D=0x7ffffffffffffa30
1265500: system.cpu: T0 : 0x20fb8    : c_jr ra                    : IntAlu : 
1266000: system.cpu: T0 : 0x1eae6    : c_li a5, -1                : IntAlu :  D=0xffffffffffffffff
1266500: system.cpu: T0 : 0x1eae8    : beq a0, a5, 10             : IntAlu : 
1267000: system.cpu: T0 : 0x1eaec    : c_ldsp ra, 8(sp)           : MemRead :  D=0x000000000001c1be A=0x7ffffffffffffa38
1267500: system.cpu: T0 : 0x1eaee    : c_addi sp, 16              : IntAlu :  D=0x7ffffffffffffa40
1268000: system.cpu: T0 : 0x1eaf0    : c_jr ra                    : IntAlu : 
1268500: system.cpu: T0 : 0x1c1be    : c_ldsp a6, 8(sp)           : MemRead :  D=0xfffffffffffff000 A=0x7ffffffffffffa48
1269000: system.cpu: T0 : 0x1c1c0    : c_mv s2, a0                : IntAlu :  D=0x0000000000072f80
1270000: system.cpu: T0 : 0x1c1c2    : beq a0, zero, 502          : IntAlu : 
1271000: system.cpu: T0 : 0x1c1c6    : ld a5, -1392(gp)           : MemRead :  D=0x0000000000000000 A=0x70ab8
1271500: system.cpu: T0 : 0x1c1ca    : c_li a4, 0                 : IntAlu :  D=0x0000000000000000
1272000: system.cpu: T0 : 0x1c1cc    : bne a5, zero, 538          : IntAlu : 
1272500: system.cpu: T0 : 0x1c1d0    : ld a5, 72(s11)             : MemRead :  D=0x0000000000000000 A=0x6f5a0
1273000: system.cpu: T0 : 0x1c1d4    : beq a5, zero, 380          : IntAlu : 
1273500: system.cpu: T0 : 0x1c350    : sd s2, 72(s11)             : MemWrite :  D=0x0000000000072f80 A=0x6f5a0
1274000: system.cpu: T0 : 0x1c354    : c_j -380                   : IntAlu : 
1274500: system.cpu: T0 : 0x1c1d8    : c_lui s11, 1               : IntAlu :  D=0x0000000000001000
1275000: system.cpu: T0 : 0x1c1da    : c_add s11, s7              : IntAlu :  D=0x00000000000705c8
1275500: system.cpu: T0 : 0x1c1dc    : ld a5, -1912(s11)          : MemRead :  D=0x0000000000000000 A=0x6fe50
1276000: system.cpu: T0 : 0x1c1e0    : c_add a5, s5               : IntAlu :  D=0x0000000000021000
1277000: system.cpu: T0 : 0x1c1e2    : sd a5, -1912(s11)          : MemWrite :  D=0x0000000000021000 A=0x6fe50
1278000: system.cpu: T0 : 0x1c1e6    : beq s9, s2, 342            : IntAlu : 
1279000: system.cpu: T0 : 0x1c1ea    : lw a3, 4(s7)               : MemRead :  D=0x0000000000000000 A=0x6f5cc
1279500: system.cpu: T0 : 0x1c1ee    : c_andi a3, 2               : IntAlu :  D=0x0000000000000000
1280000: system.cpu: T0 : 0x1c1f0    : bne a3, zero, 242          : IntAlu : 
1280500: system.cpu: T0 : 0x1c1f4    : beq s3, zero, 18           : IntAlu : 
1281500: system.cpu: T0 : 0x1c206    : andi a5, s2, 15            : IntAlu :  D=0x0000000000000000
1282500: system.cpu: T0 : 0x1c20a    : bne a5, zero, 332          : IntAlu : 
1283000: system.cpu: T0 : 0x1c20e    : c_mv a4, s3                : IntAlu :  D=0x0000000000000000
1283500: system.cpu: T0 : 0x1c210    : c_mv s9, s2                : IntAlu :  D=0x0000000000072f80
1284000: system.cpu: T0 : 0x1c212    : c_add s5, a4               : IntAlu :  D=0x0000000000021000
1284500: system.cpu: T0 : 0x1c214    : add a0, s2, s5             : IntAlu :  D=0x0000000000093f80
1285000: system.cpu: T0 : 0x1c218    : c_add s10, a0              : IntAlu :  D=0x0000000000094f7f
1286000: system.cpu: T0 : 0x1c21a    : and a6, s10, a6            : IntAlu :  D=0x0000000000094000
1286500: system.cpu: T0 : 0x1c21e    : c_sub a4, a0               : IntAlu :  D=0xfffffffffff6c080
1287000: system.cpu: T0 : 0x1c220    : add s5, a6, a4             : IntAlu :  D=0x0000000000000080
1287500: system.cpu: T0 : 0x1c224    : blt s5, zero, 626          : IntAlu : 
1288000: system.cpu: T0 : 0x1c228    : ld a5, -1840(gp)           : MemRead :  D=0x000000000001eade A=0x708f8
1288500: system.cpu: T0 : 0x1c22c    : c_mv a0, s5                : IntAlu :  D=0x0000000000000080
1289000: system.cpu: T0 : 0x1c22e    : c_jalr a5                  : IntAlu :  D=0x000000000001c230
1289500: system.cpu: T0 : 0x1eade    : c_addi sp, -16             : IntAlu :  D=0x7ffffffffffffa30
1290000: system.cpu: T0 : 0x1eae0    : c_sdsp ra, 8(sp)           : MemWrite :  D=0x000000000001c230 A=0x7ffffffffffffa38
1291000: system.cpu: T0 : 0x1eae2    : jal ra, 9318               : IntAlu :  D=0x000000000001eae6
1291500: system.cpu: T0 : 0x20f48    : c_addi sp, -32             : IntAlu :  D=0x7ffffffffffffa10
1292000: system.cpu: T0 : 0x20f4a    : c_sdsp s2, 0(sp)           : MemWrite :  D=0x0000000000072f80 A=0x7ffffffffffffa10
1292500: system.cpu: T0 : 0x20f4c    : c_sdsp s1, 8(sp)           : MemWrite :  D=0x0000000000000290 A=0x7ffffffffffffa18
1293500: system.cpu: T0 : 0x20f4e    : ld s1, -1200(gp)           : MemRead :  D=0x0000000000093f80 A=0x70b78
1294000: system.cpu: T0 : 0x20f52    : c_sdsp s0, 16(sp)          : MemWrite :  D=0x000000000006f5c8 A=0x7ffffffffffffa20
1294500: system.cpu: T0 : 0x20f54    : c_sdsp ra, 24(sp)          : MemWrite :  D=0x000000000001eae6 A=0x7ffffffffffffa28
1295000: system.cpu: T0 : 0x20f56    : c_mv s0, a0                : IntAlu :  D=0x0000000000000080
1295500: system.cpu: T0 : 0x20f58    : c_beqz s1, 46              : IntAlu : 
1296500: system.cpu: T0 : 0x20f5a    : lw a5, -1728(gp)           : MemRead :  D=0x0000000000000000 A=0x70968
1297000: system.cpu: T0 : 0x20f5e    : c_bnez a5, 40              : IntAlu : 
1297500: system.cpu: T0 : 0x20f60    : c_beqz s0, 24              : IntAlu : 
1298500: system.cpu: T0 : 0x20f62    : bge zero, s0, 52           : IntAlu : 
1299500: system.cpu: T0 : 0x20f66    : add a5, s0, s1             : IntAlu :  D=0x0000000000094000
1300500: system.cpu: T0 : 0x20f6a    : sltu a5, a5, s1            : IntAlu :  D=0x0000000000000000
1301000: system.cpu: T0 : 0x20f6e    : c_beqz a5, 50              : IntAlu : 
1301500: system.cpu: T0 : 0x20fa0    : add a0, s1, s0             : IntAlu :  D=0x0000000000094000
1302000: system.cpu: T0 : 0x20fa4    : jal ra, 98390              : IntAlu :  D=0x0000000000020fa8
1302500: system.cpu: T0 : 0x38ffa    : c_mv a5, a0                : IntAlu :  D=0x0000000000094000
1303000: system.cpu: T0 : 0x38ffc    : addi a7, zero, 214         : IntAlu :  D=0x00000000000000d6
1303500: system.cpu: T0 : 0x39000    : ecall                      : No_OpClass : 
1304000: system.cpu: T0 : 0x39004    : sd a0, -1200(gp)           : MemWrite :  D=0x0000000000094000 A=0x70b78
1304500: system.cpu: T0 : 0x39008    : bltu a0, a5, 8             : IntAlu : 
1305000: system.cpu: T0 : 0x3900c    : c_li a0, 0                 : IntAlu :  D=0x0000000000000000
1305500: system.cpu: T0 : 0x3900e    : c_jr ra                    : IntAlu : 
1306000: system.cpu: T0 : 0x20fa8    : blt a0, zero, -50          : IntAlu : 
1306500: system.cpu: T0 : 0x20fac    : c_ldsp ra, 24(sp)          : MemRead :  D=0x000000000001eae6 A=0x7ffffffffffffa28
1307000: system.cpu: T0 : 0x20fae    : c_ldsp s0, 16(sp)          : MemRead :  D=0x000000000006f5c8 A=0x7ffffffffffffa20
1307500: system.cpu: T0 : 0x20fb0    : c_ldsp s2, 0(sp)           : MemRead :  D=0x0000000000072f80 A=0x7ffffffffffffa10
1308000: system.cpu: T0 : 0x20fb2    : c_mv a0, s1                : IntAlu :  D=0x0000000000093f80
1308500: system.cpu: T0 : 0x20fb4    : c_ldsp s1, 8(sp)           : MemRead :  D=0x0000000000000290 A=0x7ffffffffffffa18
1309000: system.cpu: T0 : 0x20fb6    : c_addi16sp sp, 32          : IntAlu :  D=0x7ffffffffffffa30
1309500: system.cpu: T0 : 0x20fb8    : c_jr ra                    : IntAlu : 
1310000: system.cpu: T0 : 0x1eae6    : c_li a5, -1                : IntAlu :  D=0xffffffffffffffff
1310500: system.cpu: T0 : 0x1eae8    : beq a0, a5, 10             : IntAlu : 
1311000: system.cpu: T0 : 0x1eaec    : c_ldsp ra, 8(sp)           : MemRead :  D=0x000000000001c230 A=0x7ffffffffffffa38
1311500: system.cpu: T0 : 0x1eaee    : c_addi sp, 16              : IntAlu :  D=0x7ffffffffffffa40
1312000: system.cpu: T0 : 0x1eaf0    : c_jr ra                    : IntAlu : 
1312500: system.cpu: T0 : 0x1c230    : c_mv a4, a0                : IntAlu :  D=0x0000000000093f80
1313500: system.cpu: T0 : 0x1c232    : beq a0, zero, 426          : IntAlu : 
1314500: system.cpu: T0 : 0x1c236    : ld a5, -1392(gp)           : MemRead :  D=0x0000000000000000 A=0x70ab8
1315500: system.cpu: T0 : 0x1c23a    : bne a5, zero, 440          : IntAlu : 
1316500: system.cpu: T0 : 0x1c23e    : ld a5, -1912(s11)          : MemRead :  D=0x0000000000021000 A=0x6fe50
1317000: system.cpu: T0 : 0x1c242    : c_mv s2, s9                : IntAlu :  D=0x0000000000072f80
1317500: system.cpu: T0 : 0x1c244    : c_add a5, s5               : IntAlu :  D=0x0000000000021080
1318000: system.cpu: T0 : 0x1c246    : c_j 168                    : IntAlu : 
1319000: system.cpu: T0 : 0x1c2ee    : sub a4, a4, s2             : IntAlu :  D=0x0000000000021000
1319500: system.cpu: T0 : 0x1c2f2    : c_add a4, s5               : IntAlu :  D=0x0000000000021080
1320000: system.cpu: T0 : 0x1c2f4    : sd s2, 96(s7)              : MemWrite :  D=0x0000000000072f80 A=0x6f628
1320500: system.cpu: T0 : 0x1c2f8    : ori a4, a4, 1              : IntAlu :  D=0x0000000000021081
1321000: system.cpu: T0 : 0x1c2fc    : sd a4, 8(s2)               : MemWrite :  D=0x0000000000021081 A=0x72f88
1321500: system.cpu: T0 : 0x1c300    : sd a5, -1912(s11)          : MemWrite :  D=0x0000000000021080 A=0x6fe50
1322000: system.cpu: T0 : 0x1c304    : beq s3, zero, -754         : IntAlu : 
1322500: system.cpu: T0 : 0x1c012    : c_lui a4, 1                : IntAlu :  D=0x0000000000001000
1323000: system.cpu: T0 : 0x1c014    : c_add a4, s0               : IntAlu :  D=0x00000000000705c8
1324000: system.cpu: T0 : 0x1c016    : ld a3, -1904(a4)           : MemRead :  D=0x0000000000000000 A=0x6fe58
1325000: system.cpu: T0 : 0x1c01a    : bgeu a3, a5, 8             : IntAlu : 
1326000: system.cpu: T0 : 0x1c01e    : sd a5, -1904(a4)           : MemWrite :  D=0x0000000000021080 A=0x6fe58
1327000: system.cpu: T0 : 0x1c022    : ld a5, 8(s2)               : MemRead :  D=0x0000000000021081 A=0x72f88
1327500: system.cpu: T0 : 0x1c026    : c_andi a5, 18446744073709551608 : IntAlu :  D=0x0000000000021080
1328000: system.cpu: T0 : 0x1c028    : bltu a5, s8, 298           : IntAlu : 
1328500: system.cpu: T0 : 0x1c02c    : add a4, s2, s1             : IntAlu :  D=0x0000000000073210
1329000: system.cpu: T0 : 0x1c030    : c_sd a4, 96(s0)            : MemWrite :  D=0x0000000000073210 A=0x6f628
1329500: system.cpu: T0 : 0x1c032    : c_sub a5, s1               : IntAlu :  D=0x0000000000020df0
1330000: system.cpu: T0 : 0x1c034    : beq s0, s7, 8              : IntAlu : 
1330500: system.cpu: T0 : 0x1c03c    : ori s1, s1, 1              : IntAlu :  D=0x0000000000000291
1331000: system.cpu: T0 : 0x1c040    : sd s1, 8(s2)               : MemWrite :  D=0x0000000000000291 A=0x72f88
1331500: system.cpu: T0 : 0x1c044    : ori a5, a5, 1              : IntAlu :  D=0x0000000000020df1
1332000: system.cpu: T0 : 0x1c048    : c_sd a5, 8(a4)             : MemWrite :  D=0x0000000000020df1 A=0x73218
1332500: system.cpu: T0 : 0x1c048    : c_sd a5, 8(a4)             : MemWrite :  D=0x0000000000020df1 A=0x73218
1333500: system.cpu: T0 : 0x1c04a    : addi a0, s2, 16            : IntAlu :  D=0x0000000000072f90
1334000: system.cpu: T0 : 0x1c04e    : c_ldsp ra, 152(sp)         : MemRead :  D=0x000000000001cc54 A=0x7ffffffffffffad8
1334500: system.cpu: T0 : 0x1c050    : c_ldsp s0, 144(sp)         : MemRead :  D=0x0000000000000290 A=0x7ffffffffffffad0
1335000: system.cpu: T0 : 0x1c052    : c_ldsp s1, 136(sp)         : MemRead :  D=0x000000000006f5c8 A=0x7ffffffffffffac8
1335500: system.cpu: T0 : 0x1c054    : c_ldsp s2, 128(sp)         : MemRead :  D=0x0000000000000004 A=0x7ffffffffffffac0
1336000: system.cpu: T0 : 0x1c056    : c_ldsp s3, 120(sp)         : MemRead :  D=0x0000000000000280 A=0x7ffffffffffffab8
1336500: system.cpu: T0 : 0x1c058    : c_ldsp s4, 112(sp)         : MemRead :  D=0x0000000000000000 A=0x7ffffffffffffab0
1337000: system.cpu: T0 : 0x1c05a    : c_ldsp s5, 104(sp)         : MemRead :  D=0x0000000000000000 A=0x7ffffffffffffaa8
1337500: system.cpu: T0 : 0x1c05c    : c_ldsp s6, 96(sp)          : MemRead :  D=0x0000000000000027 A=0x7ffffffffffffaa0
1338000: system.cpu: T0 : 0x1c05e    : c_ldsp s7, 88(sp)          : MemRead :  D=0x000000000006f558 A=0x7ffffffffffffa98
1338500: system.cpu: T0 : 0x1c060    : c_ldsp s8, 80(sp)          : MemRead :  D=0x000000000006f628 A=0x7ffffffffffffa90
1339000: system.cpu: T0 : 0x1c062    : c_ldsp s9, 72(sp)          : MemRead :  D=0x0000000000000029 A=0x7ffffffffffffa88
1339500: system.cpu: T0 : 0x1c064    : c_ldsp s10, 64(sp)         : MemRead :  D=0x000000000000000a A=0x7ffffffffffffa80
1340000: system.cpu: T0 : 0x1c066    : c_ldsp s11, 56(sp)         : MemRead :  D=0x0000000000001000 A=0x7ffffffffffffa78
1340500: system.cpu: T0 : 0x1c068    : c_addi16sp sp, 160         : IntAlu :  D=0x7ffffffffffffae0
1341000: system.cpu: T0 : 0x1c06a    : c_jr ra                    : IntAlu : 
1341500: system.cpu: T0 : 0x1cc54    : c_mv s2, a0                : IntAlu :  D=0x0000000000072f90
1342500: system.cpu: T0 : 0x1cc56    : bne a0, zero, -672         : IntAlu : 
1343500: system.cpu: T0 : 0x1c9b6    : lw a1, -1396(gp)           : MemRead :  D=0x0000000000000000 A=0x70ab4
1344500: system.cpu: T0 : 0x1c9ba    : beq a1, zero, -516         : IntAlu : 
1345000: system.cpu: T0 : 0x1c7b6    : c_ldsp ra, 248(sp)         : MemRead :  D=0x000000000001cff6 A=0x7ffffffffffffbd8
1345500: system.cpu: T0 : 0x1c7b8    : c_ldsp s0, 240(sp)         : MemRead :  D=0x000000000006f5c8 A=0x7ffffffffffffbd0
1346000: system.cpu: T0 : 0x1c7ba    : c_ldsp s1, 232(sp)         : MemRead :  D=0x000000000006f5c8 A=0x7ffffffffffffbc8
1346500: system.cpu: T0 : 0x1c7bc    : c_ldsp s3, 216(sp)         : MemRead :  D=0x0000000000000000 A=0x7ffffffffffffbb8
1347000: system.cpu: T0 : 0x1c7be    : c_ldsp s4, 208(sp)         : MemRead :  D=0x0000000000000000 A=0x7ffffffffffffbb0
1347500: system.cpu: T0 : 0x1c7c0    : c_ldsp s5, 200(sp)         : MemRead :  D=0x0000000000000000 A=0x7ffffffffffffba8
1348000: system.cpu: T0 : 0x1c7c2    : c_ldsp s6, 192(sp)         : MemRead :  D=0x0000000000072000 A=0x7ffffffffffffba0
1348500: system.cpu: T0 : 0x1c7c4    : c_ldsp s7, 184(sp)         : MemRead :  D=0x0000000000000000 A=0x7ffffffffffffb98
1349000: system.cpu: T0 : 0x1c7c6    : c_ldsp s8, 176(sp)         : MemRead :  D=0x0000000000000000 A=0x7ffffffffffffb90
1349500: system.cpu: T0 : 0x1c7c8    : c_ldsp s9, 168(sp)         : MemRead :  D=0x0000000000000003 A=0x7ffffffffffffb88
1350000: system.cpu: T0 : 0x1c7ca    : c_ldsp s10, 160(sp)        : MemRead :  D=0x0000000000000000 A=0x7ffffffffffffb80
1350500: system.cpu: T0 : 0x1c7cc    : c_ldsp s11, 152(sp)        : MemRead :  D=0x0000000000000000 A=0x7ffffffffffffb78
1351000: system.cpu: T0 : 0x1c7ce    : c_mv a0, s2                : IntAlu :  D=0x0000000000072f90
1351500: system.cpu: T0 : 0x1c7d0    : c_ldsp s2, 224(sp)         : MemRead :  D=0x0000000000000002 A=0x7ffffffffffffbc0
1352000: system.cpu: T0 : 0x1c7d2    : c_addi16sp sp, 256         : IntAlu :  D=0x7ffffffffffffbe0
1352500: system.cpu: T0 : 0x1c7d4    : c_jr ra                    : IntAlu : 
1353000: system.cpu: T0 : 0x1cff6    : c_mv a5, a0                : IntAlu :  D=0x0000000000072f90
1353500: system.cpu: T0 : 0x1cff8    : c_beqz a0, 70              : IntAlu : 
1354000: system.cpu: T0 : 0x1cffa    : c_li a4, 0                 : IntAlu :  D=0x0000000000000000
1354500: system.cpu: T0 : 0x1cffc    : fence iorw, ow             : No_OpClass : 
1355000: system.cpu: T0 : 0x1d000    : amoswap_w a4, a4, (s0)    
1355000: system.cpu: T0 : 0x1d000. 0 : amoswap_w[l] a4, a4, (s0)  : MemRead :  D=0x0000000000000001 A=0x6f5c8
1355500: system.cpu: T0 : 0x1d004    : c_addiw a4, 0              : IntAlu :  D=0x0000000000000001
1356000: system.cpu: T0 : 0x1d006    : c_li a3, 1                 : IntAlu :  D=0x0000000000000001
1356500: system.cpu: T0 : 0x1d008    : blt a3, a4, 96             : IntAlu : 
1357000: system.cpu: T0 : 0x1d00c    : c_ldsp s0, 16(sp)          : MemRead :  D=0x0000000000000024 A=0x7ffffffffffffbf0
1357500: system.cpu: T0 : 0x1d00e    : c_ldsp ra, 24(sp)          : MemRead :  D=0x000000000001d97c A=0x7ffffffffffffbf8
1358000: system.cpu: T0 : 0x1d010    : c_ldsp s1, 8(sp)           : MemRead :  D=0x0000000000000001 A=0x7ffffffffffffbe8
1359000: system.cpu: T0 : 0x1d012    : sd a5, 40(tp)              : MemWrite :  D=0x0000000000072f90 A=0x72738
1360000: system.cpu: T0 : 0x1d016    : addi a2, zero, 640         : IntAlu :  D=0x0000000000000280
1360500: system.cpu: T0 : 0x1d01a    : c_li a1, 0                 : IntAlu :  D=0x0000000000000000
1361000: system.cpu: T0 : 0x1d01c    : c_mv a0, a5                : IntAlu :  D=0x0000000000072f90
1361500: system.cpu: T0 : 0x1d01e    : c_addi16sp sp, 32          : IntAlu :  D=0x7ffffffffffffc00
1362000: system.cpu: T0 : 0x1d020    : jal zero, 10394            : IntAlu :  D=0x000000000001d024
1362500: system.cpu: T0 : 0x1f8ba    : c_li a4, 7                 : IntAlu :  D=0x0000000000000007
1363000: system.cpu: T0 : 0x1f8bc    : c_mv a5, a0                : IntAlu :  D=0x0000000000072f90
1364000: system.cpu: T0 : 0x1f8be    : bgeu a4, a2, 140           : IntAlu : 
1365000: system.cpu: T0 : 0x1f8c2    : andi a7, a1, 255           : IntAlu :  D=0x0000000000000000
1366000: system.cpu: T0 : 0x1f8c6    : slli a3, a7, 8             : IntAlu :  D=0x0000000000000000
1367000: system.cpu: T0 : 0x1f8ca    : or a3, a3, a7              : IntAlu :  D=0x0000000000000000
1368000: system.cpu: T0 : 0x1f8ce    : slli a4, a3, 16            : IntAlu :  D=0x0000000000000000
1368500: system.cpu: T0 : 0x1f8d2    : c_or a3, a4                : IntAlu :  D=0x0000000000000000
1369000: system.cpu: T0 : 0x1f8d4    : slli a4, a3, 32            : IntAlu :  D=0x0000000000000000
1369500: system.cpu: T0 : 0x1f8d8    : andi a6, a0, 7             : IntAlu :  D=0x0000000000000000
1370000: system.cpu: T0 : 0x1f8dc    : c_or a4, a3                : IntAlu :  D=0x0000000000000000
1371000: system.cpu: T0 : 0x1f8de    : beq a6, zero, 130          : IntAlu : 
1371500: system.cpu: T0 : 0x1f960    : c_mv a3, a2                : IntAlu :  D=0x0000000000000280
1372000: system.cpu: T0 : 0x1f962    : c_j -108                   : IntAlu : 
1373000: system.cpu: T0 : 0x1f8f6    : srli a6, a3, 6             : IntAlu :  D=0x000000000000000a
1374000: system.cpu: T0 : 0x1f8fa    : beq a6, zero, 42           : IntAlu : 
1375000: system.cpu: T0 : 0x1f8fe    : slli a2, a6, 6             : IntAlu :  D=0x0000000000000280
1375500: system.cpu: T0 : 0x1f902    : c_mv a7, a5                : IntAlu :  D=0x0000000000072f90
1376000: system.cpu: T0 : 0x1f904    : c_add a2, a5               : IntAlu :  D=0x0000000000073210
1376500: system.cpu: T0 : 0x1f906    : c_sd a4, 0(a5)             : MemWrite :  D=0x0000000000000000 A=0x72f90
1377000: system.cpu: T0 : 0x1f908    : c_sd a4, 8(a5)             : MemWrite :  D=0x0000000000000000 A=0x72f98
1377500: system.cpu: T0 : 0x1f90a    : c_sd a4, 16(a5)            : MemWrite :  D=0x0000000000000000 A=0x72fa0
1378000: system.cpu: T0 : 0x1f90c    : c_sd a4, 24(a5)            : MemWrite :  D=0x0000000000000000 A=0x72fa8
1378500: system.cpu: T0 : 0x1f90e    : c_sd a4, 32(a5)            : MemWrite :  D=0x0000000000000000 A=0x72fb0
1379000: system.cpu: T0 : 0x1f910    : c_sd a4, 40(a5)            : MemWrite :  D=0x0000000000000000 A=0x72fb8
1379500: system.cpu: T0 : 0x1f912    : c_sd a4, 48(a5)            : MemWrite :  D=0x0000000000000000 A=0x72fc0
1380000: system.cpu: T0 : 0x1f914    : c_sd a4, 56(a5)            : MemWrite :  D=0x0000000000000000 A=0x72fc8
1381000: system.cpu: T0 : 0x1f916    : addi a5, a5, 64            : IntAlu :  D=0x0000000000072fd0
1382000: system.cpu: T0 : 0x1f91a    : bne a2, a5, -20            : IntAlu : 
1382500: system.cpu: T0 : 0x1f906    : c_sd a4, 0(a5)             : MemWrite :  D=0x0000000000000000 A=0x72fd0
1383000: system.cpu: T0 : 0x1f908    : c_sd a4, 8(a5)             : MemWrite :  D=0x0000000000000000 A=0x72fd8
1383500: system.cpu: T0 : 0x1f90a    : c_sd a4, 16(a5)            : MemWrite :  D=0x0000000000000000 A=0x72fe0
1384000: system.cpu: T0 : 0x1f90c    : c_sd a4, 24(a5)            : MemWrite :  D=0x0000000000000000 A=0x72fe8
1384500: system.cpu: T0 : 0x1f90e    : c_sd a4, 32(a5)            : MemWrite :  D=0x0000000000000000 A=0x72ff0
1385000: system.cpu: T0 : 0x1f910    : c_sd a4, 40(a5)            : MemWrite :  D=0x0000000000000000 A=0x72ff8
1385500: system.cpu: T0 : 0x1f912    : c_sd a4, 48(a5)            : MemWrite :  D=0x0000000000000000 A=0x73000
1386000: system.cpu: T0 : 0x1f914    : c_sd a4, 56(a5)            : MemWrite :  D=0x0000000000000000 A=0x73008
1387000: system.cpu: T0 : 0x1f916    : addi a5, a5, 64            : IntAlu :  D=0x0000000000073010
1388000: system.cpu: T0 : 0x1f91a    : bne a2, a5, -20            : IntAlu : 
1388500: system.cpu: T0 : 0x1f906    : c_sd a4, 0(a5)             : MemWrite :  D=0x0000000000000000 A=0x73010
1389000: system.cpu: T0 : 0x1f908    : c_sd a4, 8(a5)             : MemWrite :  D=0x0000000000000000 A=0x73018
1389500: system.cpu: T0 : 0x1f90a    : c_sd a4, 16(a5)            : MemWrite :  D=0x0000000000000000 A=0x73020
1390000: system.cpu: T0 : 0x1f90c    : c_sd a4, 24(a5)            : MemWrite :  D=0x0000000000000000 A=0x73028
1390500: system.cpu: T0 : 0x1f90e    : c_sd a4, 32(a5)            : MemWrite :  D=0x0000000000000000 A=0x73030
1391000: system.cpu: T0 : 0x1f910    : c_sd a4, 40(a5)            : MemWrite :  D=0x0000000000000000 A=0x73038
1391500: system.cpu: T0 : 0x1f912    : c_sd a4, 48(a5)            : MemWrite :  D=0x0000000000000000 A=0x73040
1392000: system.cpu: T0 : 0x1f914    : c_sd a4, 56(a5)            : MemWrite :  D=0x0000000000000000 A=0x73048
1393000: system.cpu: T0 : 0x1f916    : addi a5, a5, 64            : IntAlu :  D=0x0000000000073050
1394000: system.cpu: T0 : 0x1f91a    : bne a2, a5, -20            : IntAlu : 
1394500: system.cpu: T0 : 0x1f906    : c_sd a4, 0(a5)             : MemWrite :  D=0x0000000000000000 A=0x73050
1395000: system.cpu: T0 : 0x1f908    : c_sd a4, 8(a5)             : MemWrite :  D=0x0000000000000000 A=0x73058
1395500: system.cpu: T0 : 0x1f90a    : c_sd a4, 16(a5)            : MemWrite :  D=0x0000000000000000 A=0x73060
1396000: system.cpu: T0 : 0x1f90c    : c_sd a4, 24(a5)            : MemWrite :  D=0x0000000000000000 A=0x73068
1396500: system.cpu: T0 : 0x1f90e    : c_sd a4, 32(a5)            : MemWrite :  D=0x0000000000000000 A=0x73070
1397000: system.cpu: T0 : 0x1f910    : c_sd a4, 40(a5)            : MemWrite :  D=0x0000000000000000 A=0x73078
1397500: system.cpu: T0 : 0x1f912    : c_sd a4, 48(a5)            : MemWrite :  D=0x0000000000000000 A=0x73080
1398000: system.cpu: T0 : 0x1f914    : c_sd a4, 56(a5)            : MemWrite :  D=0x0000000000000000 A=0x73088
1399000: system.cpu: T0 : 0x1f916    : addi a5, a5, 64            : IntAlu :  D=0x0000000000073090
1400000: system.cpu: T0 : 0x1f91a    : bne a2, a5, -20            : IntAlu : 
1400500: system.cpu: T0 : 0x1f906    : c_sd a4, 0(a5)             : MemWrite :  D=0x0000000000000000 A=0x73090
1401000: system.cpu: T0 : 0x1f908    : c_sd a4, 8(a5)             : MemWrite :  D=0x0000000000000000 A=0x73098
1401500: system.cpu: T0 : 0x1f90a    : c_sd a4, 16(a5)            : MemWrite :  D=0x0000000000000000 A=0x730a0
1402000: system.cpu: T0 : 0x1f90c    : c_sd a4, 24(a5)            : MemWrite :  D=0x0000000000000000 A=0x730a8
1402500: system.cpu: T0 : 0x1f90e    : c_sd a4, 32(a5)            : MemWrite :  D=0x0000000000000000 A=0x730b0
1403000: system.cpu: T0 : 0x1f910    : c_sd a4, 40(a5)            : MemWrite :  D=0x0000000000000000 A=0x730b8
1403500: system.cpu: T0 : 0x1f912    : c_sd a4, 48(a5)            : MemWrite :  D=0x0000000000000000 A=0x730c0
1404000: system.cpu: T0 : 0x1f914    : c_sd a4, 56(a5)            : MemWrite :  D=0x0000000000000000 A=0x730c8
1405000: system.cpu: T0 : 0x1f916    : addi a5, a5, 64            : IntAlu :  D=0x00000000000730d0
1406000: system.cpu: T0 : 0x1f91a    : bne a2, a5, -20            : IntAlu : 
1406500: system.cpu: T0 : 0x1f906    : c_sd a4, 0(a5)             : MemWrite :  D=0x0000000000000000 A=0x730d0
1407000: system.cpu: T0 : 0x1f908    : c_sd a4, 8(a5)             : MemWrite :  D=0x0000000000000000 A=0x730d8
1407500: system.cpu: T0 : 0x1f90a    : c_sd a4, 16(a5)            : MemWrite :  D=0x0000000000000000 A=0x730e0
1408000: system.cpu: T0 : 0x1f90c    : c_sd a4, 24(a5)            : MemWrite :  D=0x0000000000000000 A=0x730e8
1408500: system.cpu: T0 : 0x1f90e    : c_sd a4, 32(a5)            : MemWrite :  D=0x0000000000000000 A=0x730f0
1409000: system.cpu: T0 : 0x1f910    : c_sd a4, 40(a5)            : MemWrite :  D=0x0000000000000000 A=0x730f8
1409500: system.cpu: T0 : 0x1f912    : c_sd a4, 48(a5)            : MemWrite :  D=0x0000000000000000 A=0x73100
1410000: system.cpu: T0 : 0x1f914    : c_sd a4, 56(a5)            : MemWrite :  D=0x0000000000000000 A=0x73108
1411000: system.cpu: T0 : 0x1f916    : addi a5, a5, 64            : IntAlu :  D=0x0000000000073110
1412000: system.cpu: T0 : 0x1f91a    : bne a2, a5, -20            : IntAlu : 
1412500: system.cpu: T0 : 0x1f906    : c_sd a4, 0(a5)             : MemWrite :  D=0x0000000000000000 A=0x73110
1413000: system.cpu: T0 : 0x1f908    : c_sd a4, 8(a5)             : MemWrite :  D=0x0000000000000000 A=0x73118
1413500: system.cpu: T0 : 0x1f90a    : c_sd a4, 16(a5)            : MemWrite :  D=0x0000000000000000 A=0x73120
1414000: system.cpu: T0 : 0x1f90c    : c_sd a4, 24(a5)            : MemWrite :  D=0x0000000000000000 A=0x73128
1414500: system.cpu: T0 : 0x1f90e    : c_sd a4, 32(a5)            : MemWrite :  D=0x0000000000000000 A=0x73130
1415000: system.cpu: T0 : 0x1f910    : c_sd a4, 40(a5)            : MemWrite :  D=0x0000000000000000 A=0x73138
1415500: system.cpu: T0 : 0x1f912    : c_sd a4, 48(a5)            : MemWrite :  D=0x0000000000000000 A=0x73140
1416000: system.cpu: T0 : 0x1f914    : c_sd a4, 56(a5)            : MemWrite :  D=0x0000000000000000 A=0x73148
1417000: system.cpu: T0 : 0x1f916    : addi a5, a5, 64            : IntAlu :  D=0x0000000000073150
1418000: system.cpu: T0 : 0x1f91a    : bne a2, a5, -20            : IntAlu : 
1418500: system.cpu: T0 : 0x1f906    : c_sd a4, 0(a5)             : MemWrite :  D=0x0000000000000000 A=0x73150
1419000: system.cpu: T0 : 0x1f908    : c_sd a4, 8(a5)             : MemWrite :  D=0x0000000000000000 A=0x73158
1419500: system.cpu: T0 : 0x1f90a    : c_sd a4, 16(a5)            : MemWrite :  D=0x0000000000000000 A=0x73160
1420000: system.cpu: T0 : 0x1f90c    : c_sd a4, 24(a5)            : MemWrite :  D=0x0000000000000000 A=0x73168
1420500: system.cpu: T0 : 0x1f90e    : c_sd a4, 32(a5)            : MemWrite :  D=0x0000000000000000 A=0x73170
1421000: system.cpu: T0 : 0x1f910    : c_sd a4, 40(a5)            : MemWrite :  D=0x0000000000000000 A=0x73178
1421500: system.cpu: T0 : 0x1f912    : c_sd a4, 48(a5)            : MemWrite :  D=0x0000000000000000 A=0x73180
1422000: system.cpu: T0 : 0x1f914    : c_sd a4, 56(a5)            : MemWrite :  D=0x0000000000000000 A=0x73188
1423000: system.cpu: T0 : 0x1f916    : addi a5, a5, 64            : IntAlu :  D=0x0000000000073190
1424000: system.cpu: T0 : 0x1f91a    : bne a2, a5, -20            : IntAlu : 
1424500: system.cpu: T0 : 0x1f906    : c_sd a4, 0(a5)             : MemWrite :  D=0x0000000000000000 A=0x73190
1425000: system.cpu: T0 : 0x1f908    : c_sd a4, 8(a5)             : MemWrite :  D=0x0000000000000000 A=0x73198
1425500: system.cpu: T0 : 0x1f90a    : c_sd a4, 16(a5)            : MemWrite :  D=0x0000000000000000 A=0x731a0
1426000: system.cpu: T0 : 0x1f90c    : c_sd a4, 24(a5)            : MemWrite :  D=0x0000000000000000 A=0x731a8
1426500: system.cpu: T0 : 0x1f90e    : c_sd a4, 32(a5)            : MemWrite :  D=0x0000000000000000 A=0x731b0
1427000: system.cpu: T0 : 0x1f910    : c_sd a4, 40(a5)            : MemWrite :  D=0x0000000000000000 A=0x731b8
1427500: system.cpu: T0 : 0x1f912    : c_sd a4, 48(a5)            : MemWrite :  D=0x0000000000000000 A=0x731c0
1428000: system.cpu: T0 : 0x1f914    : c_sd a4, 56(a5)            : MemWrite :  D=0x0000000000000000 A=0x731c8
1429000: system.cpu: T0 : 0x1f916    : addi a5, a5, 64            : IntAlu :  D=0x00000000000731d0
1430000: system.cpu: T0 : 0x1f91a    : bne a2, a5, -20            : IntAlu : 
1430500: system.cpu: T0 : 0x1f906    : c_sd a4, 0(a5)             : MemWrite :  D=0x0000000000000000 A=0x731d0
1431000: system.cpu: T0 : 0x1f908    : c_sd a4, 8(a5)             : MemWrite :  D=0x0000000000000000 A=0x731d8
1431500: system.cpu: T0 : 0x1f90a    : c_sd a4, 16(a5)            : MemWrite :  D=0x0000000000000000 A=0x731e0
1432000: system.cpu: T0 : 0x1f90c    : c_sd a4, 24(a5)            : MemWrite :  D=0x0000000000000000 A=0x731e8
1432500: system.cpu: T0 : 0x1f90e    : c_sd a4, 32(a5)            : MemWrite :  D=0x0000000000000000 A=0x731f0
1433000: system.cpu: T0 : 0x1f910    : c_sd a4, 40(a5)            : MemWrite :  D=0x0000000000000000 A=0x731f8
1433500: system.cpu: T0 : 0x1f912    : c_sd a4, 48(a5)            : MemWrite :  D=0x0000000000000000 A=0x73200
1434000: system.cpu: T0 : 0x1f914    : c_sd a4, 56(a5)            : MemWrite :  D=0x0000000000000000 A=0x73208
1435000: system.cpu: T0 : 0x1f916    : addi a5, a5, 64            : IntAlu :  D=0x0000000000073210
1436000: system.cpu: T0 : 0x1f91a    : bne a2, a5, -20            : IntAlu : 
1437000: system.cpu: T0 : 0x1f91e    : slli a5, a6, 6             : IntAlu :  D=0x0000000000000280
1437500: system.cpu: T0 : 0x1f922    : c_add a5, a7               : IntAlu :  D=0x0000000000073210
1438000: system.cpu: T0 : 0x1f924    : srli a6, a3, 3             : IntAlu :  D=0x0000000000000050
1438500: system.cpu: T0 : 0x1f928    : andi a6, a6, 7             : IntAlu :  D=0x0000000000000000
1439000: system.cpu: T0 : 0x1f92c    : beq a6, zero, 26           : IntAlu : 
1440000: system.cpu: T0 : 0x1f946    : andi a2, a3, 7             : IntAlu :  D=0x0000000000000000
1441000: system.cpu: T0 : 0x1f94a    : andi a1, a1, 255           : IntAlu :  D=0x0000000000000000
1442000: system.cpu: T0 : 0x1f94e    : add a4, a5, a2             : IntAlu :  D=0x0000000000073210
1442500: system.cpu: T0 : 0x1f952    : c_beqz a2, 12              : IntAlu : 
1443000: system.cpu: T0 : 0x1f95e    : c_jr ra                    : IntAlu : 
1443500: system.cpu: T0 : 0x1d97c    : lui a5, 111                : IntAlu :  D=0x000000000006f000
1444000: system.cpu: T0 : 0x1d980    : ld a5, 1448(a5)            : MemRead :  D=0x0000000000000040 A=0x6f5a8
1444500: system.cpu: T0 : 0x1d984    : bgeu s1, a5, -100          : IntAlu : 
1445000: system.cpu: T0 : 0x1d988    : ld a4, 40(tp)              : MemRead :  D=0x0000000000072f90 A=0x72738
1445500: system.cpu: T0 : 0x1d98c    : c_beqz a4, -108            : IntAlu : 
1446500: system.cpu: T0 : 0x1d98e    : slli a3, s1, 1             : IntAlu :  D=0x0000000000000002
1447000: system.cpu: T0 : 0x1d992    : c_add a3, a4               : IntAlu :  D=0x0000000000072f92
1447500: system.cpu: T0 : 0x1d994    : lhu a2, 0(a3)              : MemRead :  D=0x0000000000000000 A=0x72f92
1448000: system.cpu: T0 : 0x1d998    : c_beqz a2, -120            : IntAlu : 
1448500: system.cpu: T0 : 0x1d920    : lw a5, -1808(tp)           : MemRead :  D=0x0000000000000000 A=0x72000
1449000: system.cpu: T0 : 0x1d924    : c_bnez a5, 210             : IntAlu : 
1450000: system.cpu: T0 : 0x1d926    : lui s1, 111                : IntAlu :  D=0x000000000006f000
1450500: system.cpu: T0 : 0x1d92a    : c_mv a1, s0                : IntAlu :  D=0x0000000000000024
1451000: system.cpu: T0 : 0x1d92c    : addi a0, s1, 1480          : IntAlu :  D=0x000000000006f5c8
1451500: system.cpu: T0 : 0x1d930    : jal ra, -5228              : IntAlu :  D=0x000000000001d934
1452000: system.cpu: T0 : 0x1c4c4    : c_addi16sp sp, -256        : IntAlu :  D=0x7ffffffffffffb00
1452500: system.cpu: T0 : 0x1c4c6    : c_sdsp ra, 248(sp)         : MemWrite :  D=0x000000000001d934 A=0x7ffffffffffffbf8
1453000: system.cpu: T0 : 0x1c4c8    : c_sdsp s0, 240(sp)         : MemWrite :  D=0x0000000000000024 A=0x7ffffffffffffbf0
1453500: system.cpu: T0 : 0x1c4ca    : c_sdsp s1, 232(sp)         : MemWrite :  D=0x000000000006f000 A=0x7ffffffffffffbe8
1454000: system.cpu: T0 : 0x1c4cc    : c_sdsp s2, 224(sp)         : MemWrite :  D=0x0000000000000002 A=0x7ffffffffffffbe0
1454500: system.cpu: T0 : 0x1c4ce    : c_sdsp s3, 216(sp)         : MemWrite :  D=0x0000000000000000 A=0x7ffffffffffffbd8
1455000: system.cpu: T0 : 0x1c4d0    : c_sdsp s4, 208(sp)         : MemWrite :  D=0x0000000000000000 A=0x7ffffffffffffbd0
1455500: system.cpu: T0 : 0x1c4d2    : c_sdsp s5, 200(sp)         : MemWrite :  D=0x0000000000000000 A=0x7ffffffffffffbc8
1456000: system.cpu: T0 : 0x1c4d4    : c_sdsp s6, 192(sp)         : MemWrite :  D=0x0000000000072000 A=0x7ffffffffffffbc0
1456500: system.cpu: T0 : 0x1c4d6    : c_sdsp s7, 184(sp)         : MemWrite :  D=0x0000000000000000 A=0x7ffffffffffffbb8
1457000: system.cpu: T0 : 0x1c4d8    : c_sdsp s8, 176(sp)         : MemWrite :  D=0x0000000000000000 A=0x7ffffffffffffbb0
1457500: system.cpu: T0 : 0x1c4da    : c_sdsp s9, 168(sp)         : MemWrite :  D=0x0000000000000003 A=0x7ffffffffffffba8
1458000: system.cpu: T0 : 0x1c4dc    : c_sdsp s10, 160(sp)        : MemWrite :  D=0x0000000000000000 A=0x7ffffffffffffba0
1458500: system.cpu: T0 : 0x1c4de    : c_sdsp s11, 152(sp)        : MemWrite :  D=0x0000000000000000 A=0x7ffffffffffffb98
1459000: system.cpu: T0 : 0x1c4e0    : blt a1, zero, 1198         : IntAlu : 
1459500: system.cpu: T0 : 0x1c4e4    : addi s0, a1, 23            : IntAlu :  D=0x000000000000003b
1460000: system.cpu: T0 : 0x1c4e8    : c_li a5, 31                : IntAlu :  D=0x000000000000001f
1460500: system.cpu: T0 : 0x1c4ea    : c_mv s3, a1                : IntAlu :  D=0x0000000000000024
1461000: system.cpu: T0 : 0x1c4ec    : c_mv s1, a0                : IntAlu :  D=0x000000000006f5c8
1462000: system.cpu: T0 : 0x1c4ee    : bltu a5, s0, 220           : IntAlu : 
1462500: system.cpu: T0 : 0x1c5ca    : c_andi s0, 18446744073709551600 : IntAlu :  D=0x0000000000000030
1463000: system.cpu: T0 : 0x1c5cc    : beq a0, zero, 988          : IntAlu : 
1463500: system.cpu: T0 : 0x1c5d0    : ld a4, -1376(gp)           : MemRead :  D=0x0000000000000080 A=0x70ac8
1464000: system.cpu: T0 : 0x1c5d4    : srliw s9, s0, 4            : IntAlu :  D=0x0000000000000003
1464500: system.cpu: T0 : 0x1c5d8    : srliw a5, s0, 4            : IntAlu :  D=0x0000000000000003
1465000: system.cpu: T0 : 0x1c5dc    : bgeu a4, s0, 506           : IntAlu : 
1465500: system.cpu: T0 : 0x1c7d6    : c_addiw a5, -2             : IntAlu :  D=0x0000000000000001
1466000: system.cpu: T0 : 0x1c7d8    : slli a2, a5, 32            : IntAlu :  D=0x0000000100000000
1466500: system.cpu: T0 : 0x1c7dc    : c_srli a2, 32              : IntAlu :  D=0x0000000000000001
1467000: system.cpu: T0 : 0x1c7de    : c_addi a2, 2               : IntAlu :  D=0x0000000000000003
1467500: system.cpu: T0 : 0x1c7e0    : c_slli a2, 3               : IntAlu :  D=0x0000000000000018
1468000: system.cpu: T0 : 0x1c7e2    : c_j -376                   : IntAlu : 
1468500: system.cpu: T0 : 0x1c66a    : c_slli a5, 32              : IntAlu :  D=0x0000000100000000
1469000: system.cpu: T0 : 0x1c66c    : c_srli a5, 29              : IntAlu :  D=0x0000000000000008
1469500: system.cpu: T0 : 0x1c66e    : c_add a5, s1               : IntAlu :  D=0x000000000006f5d0
1470000: system.cpu: T0 : 0x1c670    : ld s2, 16(a5)              : MemRead :  D=0x0000000000000000 A=0x6f5e0
1470500: system.cpu: T0 : 0x1c674    : beq s2, zero, 170          : IntAlu : 
1471500: system.cpu: T0 : 0x1c71e    : addiw a5, s9, -1           : IntAlu :  D=0x0000000000000002
1472500: system.cpu: T0 : 0x1c722    : slliw a5, a5, 1            : IntAlu :  D=0x0000000000000004
1473000: system.cpu: T0 : 0x1c726    : c_slli a5, 32              : IntAlu :  D=0x0000000400000000
1473500: system.cpu: T0 : 0x1c728    : c_srli a5, 32              : IntAlu :  D=0x0000000000000004
1474000: system.cpu: T0 : 0x1c72a    : c_addi a5, 14              : IntAlu :  D=0x0000000000000012
1474500: system.cpu: T0 : 0x1c72c    : c_slli a5, 3               : IntAlu :  D=0x0000000000000090
1475000: system.cpu: T0 : 0x1c72e    : c_j -550                   : IntAlu : 
1475500: system.cpu: T0 : 0x1c508    : c_add a5, s1               : IntAlu :  D=0x000000000006f658
1476500: system.cpu: T0 : 0x1c50a    : ld s2, 8(a5)               : MemRead :  D=0x000000000006f648 A=0x6f660
1477500: system.cpu: T0 : 0x1c50e    : addi a3, a5, -16           : IntAlu :  D=0x000000000006f648
1478500: system.cpu: T0 : 0x1c512    : beq a3, s2, 748            : IntAlu : 
1479500: system.cpu: T0 : 0x1c7fe    : srli t1, s0, 9             : IntAlu :  D=0x0000000000000000
1480500: system.cpu: T0 : 0x1c802    : addiw a5, t1, 91           : IntAlu :  D=0x000000000000005b
1481500: system.cpu: T0 : 0x1c806    : srli s10, s0, 6            : IntAlu :  D=0x0000000000000000
1482000: system.cpu: T0 : 0x1c80a    : c_sdsp a5, 96(sp)          : MemWrite :  D=0x000000000000005b A=0x7ffffffffffffb60
1482500: system.cpu: T0 : 0x1c80c    : addiw a5, s10, 48          : IntAlu :  D=0x0000000000000030
1483000: system.cpu: T0 : 0x1c810    : c_sdsp a5, 88(sp)          : MemWrite :  D=0x0000000000000030 A=0x7ffffffffffffb58
1484000: system.cpu: T0 : 0x1c812    : addi a5, zero, 110         : IntAlu :  D=0x000000000000006e
1484500: system.cpu: T0 : 0x1c816    : c_sdsp a5, 112(sp)         : MemWrite :  D=0x000000000000006e A=0x7ffffffffffffb70
1485000: system.cpu: T0 : 0x1c818    : addi a5, zero, 119         : IntAlu :  D=0x0000000000000077
1485500: system.cpu: T0 : 0x1c81c    : c_sdsp a5, 104(sp)         : MemWrite :  D=0x0000000000000077 A=0x7ffffffffffffb68
1486500: system.cpu: T0 : 0x1c81e    : addi a5, zero, 124         : IntAlu :  D=0x000000000000007c
1487000: system.cpu: T0 : 0x1c822    : c_sdsp s9, 8(sp)           : MemWrite :  D=0x0000000000000003 A=0x7ffffffffffffb08
1487500: system.cpu: T0 : 0x1c824    : c_sdsp a5, 120(sp)         : MemWrite :  D=0x000000000000007c A=0x7ffffffffffffb78
1488000: system.cpu: T0 : 0x1c826    : c_sdsp zero, 128(sp)       : MemWrite :  D=0x0000000000000000 A=0x7ffffffffffffb80
1488500: system.cpu: T0 : 0x1c828    : c_sdsp zero, 136(sp)       : MemWrite :  D=0x0000000000000000 A=0x7ffffffffffffb88
1489500: system.cpu: T0 : 0x1c82a    : ld a5, 40(tp)              : MemRead :  D=0x0000000000072f90 A=0x72738
1490500: system.cpu: T0 : 0x1c82e    : addi s6, s0, -17           : IntAlu :  D=0x000000000000001f
1491500: system.cpu: T0 : 0x1c832    : srli s6, s6, 4             : IntAlu :  D=0x0000000000000001
1492000: system.cpu: T0 : 0x1c836    : c_li s5, 0                 : IntAlu :  D=0x0000000000000000
1492500: system.cpu: T0 : 0x1c838    : c_beqz a5, 22              : IntAlu : 
1493500: system.cpu: T0 : 0x1c83a    : lui a5, 111                : IntAlu :  D=0x000000000006f000
1494500: system.cpu: T0 : 0x1c83e    : ld s5, 1448(a5)            : MemRead :  D=0x0000000000000040 A=0x6f5a8
1495500: system.cpu: T0 : 0x1c842    : sltu s5, s6, s5            : IntAlu :  D=0x0000000000000001
1496500: system.cpu: T0 : 0x1c846    : sub s5, zero, s5           : IntAlu :  D=0xffffffffffffffff
1497500: system.cpu: T0 : 0x1c84a    : and s5, s0, s5             : IntAlu :  D=0x0000000000000030
1498500: system.cpu: T0 : 0x1c84e    : lui a5, 111                : IntAlu :  D=0x000000000006f000
1499000: system.cpu: T0 : 0x1c852    : c_lui s11, 1               : IntAlu :  D=0x0000000000001000
1499500: system.cpu: T0 : 0x1c854    : lui s7, 111                : IntAlu :  D=0x000000000006f000
1500000: system.cpu: T0 : 0x1c858    : addi a5, a5, 1480          : IntAlu :  D=0x000000000006f5c8
1500500: system.cpu: T0 : 0x1c85c    : addi s8, s1, 96            : IntAlu :  D=0x000000000006f628
1501000: system.cpu: T0 : 0x1c860    : c_li t5, 0                 : IntAlu :  D=0x0000000000000000
1502000: system.cpu: T0 : 0x1c862    : addi s7, s7, 1368          : IntAlu :  D=0x000000000006f558
1503000: system.cpu: T0 : 0x1c866    : add a7, s1, s11            : IntAlu :  D=0x00000000000705c8
1503500: system.cpu: T0 : 0x1c86a    : c_sdsp a5, 56(sp)          : MemWrite :  D=0x000000000006f5c8 A=0x7ffffffffffffb38
1504000: system.cpu: T0 : 0x1c86c    : c_ld a5, 120(s1)           : MemRead :  D=0x000000000006f628 A=0x6f640
1505000: system.cpu: T0 : 0x1c86e    : beq a5, s8, 532            : IntAlu : 
1506000: system.cpu: T0 : 0x1ca82    : addi a5, zero, 1023        : IntAlu :  D=0x00000000000003ff
1507000: system.cpu: T0 : 0x1ca86    : bgeu a5, s0, 38            : IntAlu : 
1507500: system.cpu: T0 : 0x1caac    : c_ldsp a3, 8(sp)           : MemRead :  D=0x0000000000000003 A=0x7ffffffffffffb08
1508000: system.cpu: T0 : 0x1caae    : c_li a0, 4                 : IntAlu :  D=0x0000000000000004
1508500: system.cpu: T0 : 0x1cab0    : addiw a5, a3, 1            : IntAlu :  D=0x0000000000000004
1509000: system.cpu: T0 : 0x1cab4    : srliw a4, a5, 5            : IntAlu :  D=0x0000000000000000
1509500: system.cpu: T0 : 0x1cab8    : slliw a3, a3, 1            : IntAlu :  D=0x0000000000000006
1510000: system.cpu: T0 : 0x1cabc    : addi a4, a4, 536           : IntAlu :  D=0x0000000000000218
1510500: system.cpu: T0 : 0x1cac0    : c_slli a3, 32              : IntAlu :  D=0x0000000600000000
1511000: system.cpu: T0 : 0x1cac2    : c_slli a4, 2               : IntAlu :  D=0x0000000000000860
1511500: system.cpu: T0 : 0x1cac4    : c_srli a3, 32              : IntAlu :  D=0x0000000000000006
1512000: system.cpu: T0 : 0x1cac6    : c_add a4, s1               : IntAlu :  D=0x000000000006fe28
1512500: system.cpu: T0 : 0x1cac8    : c_slli a3, 3               : IntAlu :  D=0x0000000000000030
1513000: system.cpu: T0 : 0x1caca    : c_lw a2, 0(a4)             : MemRead :  D=0x0000000000000000 A=0x6fe28
1513500: system.cpu: T0 : 0x1cacc    : addi a3, a3, 96            : IntAlu :  D=0x0000000000000090
1514000: system.cpu: T0 : 0x1cad0    : c_li a4, 1                 : IntAlu :  D=0x0000000000000001
1515000: system.cpu: T0 : 0x1cad2    : srliw s2, a5, 5            : IntAlu :  D=0x0000000000000000
1515500: system.cpu: T0 : 0x1cad6    : c_add a3, s1               : IntAlu :  D=0x000000000006f658
1516000: system.cpu: T0 : 0x1cad8    : sllw a5, a4, a5            : IntAlu :  D=0x0000000000000010
1516500: system.cpu: T0 : 0x1cadc    : bltu a2, a5, 144           : IntAlu : 
1517000: system.cpu: T0 : 0x1cb6c    : addiw a5, s2, 1            : IntAlu :  D=0x0000000000000001
1517500: system.cpu: T0 : 0x1cb70    : addiw s2, a5, 0            : IntAlu :  D=0x0000000000000001
1518000: system.cpu: T0 : 0x1cb74    : bne s2, a0, -26            : IntAlu : 
1518500: system.cpu: T0 : 0x1cb5a    : c_slli a5, 32              : IntAlu :  D=0x0000000100000000
1519000: system.cpu: T0 : 0x1cb5c    : c_srli a5, 32              : IntAlu :  D=0x0000000000000001
1520000: system.cpu: T0 : 0x1cb5e    : addi a5, a5, 536           : IntAlu :  D=0x0000000000000219
1520500: system.cpu: T0 : 0x1cb62    : c_slli a5, 2               : IntAlu :  D=0x0000000000000864
1521000: system.cpu: T0 : 0x1cb64    : c_add a5, s1               : IntAlu :  D=0x000000000006fe2c
1521500: system.cpu: T0 : 0x1cb66    : c_lw a2, 0(a5)             : MemRead :  D=0x0000000000000000 A=0x6fe2c
1522000: system.cpu: T0 : 0x1cb68    : bne a2, zero, 384          : IntAlu : 
1522500: system.cpu: T0 : 0x1cb6c    : addiw a5, s2, 1            : IntAlu :  D=0x0000000000000002
1523000: system.cpu: T0 : 0x1cb70    : addiw s2, a5, 0            : IntAlu :  D=0x0000000000000002
1523500: system.cpu: T0 : 0x1cb74    : bne s2, a0, -26            : IntAlu : 
1524000: system.cpu: T0 : 0x1cb5a    : c_slli a5, 32              : IntAlu :  D=0x0000000200000000
1524500: system.cpu: T0 : 0x1cb5c    : c_srli a5, 32              : IntAlu :  D=0x0000000000000002
1525500: system.cpu: T0 : 0x1cb5e    : addi a5, a5, 536           : IntAlu :  D=0x000000000000021a
1526000: system.cpu: T0 : 0x1cb62    : c_slli a5, 2               : IntAlu :  D=0x0000000000000868
1526500: system.cpu: T0 : 0x1cb64    : c_add a5, s1               : IntAlu :  D=0x000000000006fe30
1527000: system.cpu: T0 : 0x1cb66    : c_lw a2, 0(a5)             : MemRead :  D=0x0000000000000000 A=0x6fe30
1527500: system.cpu: T0 : 0x1cb68    : bne a2, zero, 384          : IntAlu : 
1528000: system.cpu: T0 : 0x1cb6c    : addiw a5, s2, 1            : IntAlu :  D=0x0000000000000003
1528500: system.cpu: T0 : 0x1cb70    : addiw s2, a5, 0            : IntAlu :  D=0x0000000000000003
1529000: system.cpu: T0 : 0x1cb74    : bne s2, a0, -26            : IntAlu : 
1529500: system.cpu: T0 : 0x1cb5a    : c_slli a5, 32              : IntAlu :  D=0x0000000300000000
1530000: system.cpu: T0 : 0x1cb5c    : c_srli a5, 32              : IntAlu :  D=0x0000000000000003
1531000: system.cpu: T0 : 0x1cb5e    : addi a5, a5, 536           : IntAlu :  D=0x000000000000021b
1531500: system.cpu: T0 : 0x1cb62    : c_slli a5, 2               : IntAlu :  D=0x000000000000086c
1532000: system.cpu: T0 : 0x1cb64    : c_add a5, s1               : IntAlu :  D=0x000000000006fe34
1532500: system.cpu: T0 : 0x1cb66    : c_lw a2, 0(a5)             : MemRead :  D=0x0000000000000000 A=0x6fe34
1533000: system.cpu: T0 : 0x1cb68    : bne a2, zero, 384          : IntAlu : 
1533500: system.cpu: T0 : 0x1cb6c    : addiw a5, s2, 1            : IntAlu :  D=0x0000000000000004
1534000: system.cpu: T0 : 0x1cb70    : addiw s2, a5, 0            : IntAlu :  D=0x0000000000000004
1534500: system.cpu: T0 : 0x1cb74    : bne s2, a0, -26            : IntAlu : 
1535000: system.cpu: T0 : 0x1cb78    : c_ld a4, 96(s1)            : MemRead :  D=0x0000000000073210 A=0x6f628
1536000: system.cpu: T0 : 0x1cb7a    : ld a3, -1912(a7)           : MemRead :  D=0x0000000000021080 A=0x6fe50
1536500: system.cpu: T0 : 0x1cb7e    : c_ld a5, 8(a4)             : MemRead :  D=0x0000000000020df1 A=0x73218
1537000: system.cpu: T0 : 0x1cb80    : c_andi a5, 18446744073709551608 : IntAlu :  D=0x0000000000020df0
1538000: system.cpu: T0 : 0x1cb82    : bltu a3, a5, 548           : IntAlu : 
1539000: system.cpu: T0 : 0x1cb86    : addi a3, s0, 32            : IntAlu :  D=0x0000000000000050
1540000: system.cpu: T0 : 0x1cb8a    : bgeu a5, a3, 640           : IntAlu : 
1541000: system.cpu: T0 : 0x1ce0a    : add a0, a4, s0             : IntAlu :  D=0x0000000000073240
1542000: system.cpu: T0 : 0x1ce0e    : lui a2, 111                : IntAlu :  D=0x000000000006f000
1542500: system.cpu: T0 : 0x1ce12    : c_sd a0, 96(s1)            : MemWrite :  D=0x0000000000073240 A=0x6f628
1543000: system.cpu: T0 : 0x1ce14    : addi a2, a2, 1480          : IntAlu :  D=0x000000000006f5c8
1543500: system.cpu: T0 : 0x1ce18    : c_sub a5, s0               : IntAlu :  D=0x0000000000020dc0
1544000: system.cpu: T0 : 0x1ce1a    : c_li a3, 4                 : IntAlu :  D=0x0000000000000004
1544500: system.cpu: T0 : 0x1ce1c    : beq s1, a2, 116            : IntAlu : 
1545000: system.cpu: T0 : 0x1ce90    : c_li a3, 0                 : IntAlu :  D=0x0000000000000000
1545500: system.cpu: T0 : 0x1ce92    : c_j -114                   : IntAlu : 
1546000: system.cpu: T0 : 0x1ce20    : c_or a3, s0                : IntAlu :  D=0x0000000000000030
1547000: system.cpu: T0 : 0x1ce22    : ori a3, a3, 1              : IntAlu :  D=0x0000000000000031
1548000: system.cpu: T0 : 0x1ce26    : lw a1, -1396(gp)           : MemRead :  D=0x0000000000000000 A=0x70ab4
1548500: system.cpu: T0 : 0x1ce2a    : c_sd a3, 8(a4)             : MemWrite :  D=0x0000000000000031 A=0x73218
1549000: system.cpu: T0 : 0x1ce2c    : ori a5, a5, 1              : IntAlu :  D=0x0000000000020dc1
1549500: system.cpu: T0 : 0x1ce30    : c_sd a5, 8(a0)             : MemWrite :  D=0x0000000000020dc1 A=0x73248
1550500: system.cpu: T0 : 0x1ce32    : addi s2, a4, 16            : IntAlu :  D=0x0000000000073220
1551500: system.cpu: T0 : 0x1ce36    : beq a1, zero, -1664        : IntAlu : 
1552000: system.cpu: T0 : 0x1c7b6    : c_ldsp ra, 248(sp)         : MemRead :  D=0x000000000001d934 A=0x7ffffffffffffbf8
1552500: system.cpu: T0 : 0x1c7b8    : c_ldsp s0, 240(sp)         : MemRead :  D=0x0000000000000024 A=0x7ffffffffffffbf0
1553000: system.cpu: T0 : 0x1c7ba    : c_ldsp s1, 232(sp)         : MemRead :  D=0x000000000006f000 A=0x7ffffffffffffbe8
1553500: system.cpu: T0 : 0x1c7bc    : c_ldsp s3, 216(sp)         : MemRead :  D=0x0000000000000000 A=0x7ffffffffffffbd8
1554000: system.cpu: T0 : 0x1c7be    : c_ldsp s4, 208(sp)         : MemRead :  D=0x0000000000000000 A=0x7ffffffffffffbd0
1554500: system.cpu: T0 : 0x1c7c0    : c_ldsp s5, 200(sp)         : MemRead :  D=0x0000000000000000 A=0x7ffffffffffffbc8
1555000: system.cpu: T0 : 0x1c7c2    : c_ldsp s6, 192(sp)         : MemRead :  D=0x0000000000072000 A=0x7ffffffffffffbc0
1555500: system.cpu: T0 : 0x1c7c4    : c_ldsp s7, 184(sp)         : MemRead :  D=0x0000000000000000 A=0x7ffffffffffffbb8
1556000: system.cpu: T0 : 0x1c7c6    : c_ldsp s8, 176(sp)         : MemRead :  D=0x0000000000000000 A=0x7ffffffffffffbb0
1556500: system.cpu: T0 : 0x1c7c8    : c_ldsp s9, 168(sp)         : MemRead :  D=0x0000000000000003 A=0x7ffffffffffffba8
1557000: system.cpu: T0 : 0x1c7ca    : c_ldsp s10, 160(sp)        : MemRead :  D=0x0000000000000000 A=0x7ffffffffffffba0
1557500: system.cpu: T0 : 0x1c7cc    : c_ldsp s11, 152(sp)        : MemRead :  D=0x0000000000000000 A=0x7ffffffffffffb98
1558000: system.cpu: T0 : 0x1c7ce    : c_mv a0, s2                : IntAlu :  D=0x0000000000073220
1558500: system.cpu: T0 : 0x1c7d0    : c_ldsp s2, 224(sp)         : MemRead :  D=0x0000000000000002 A=0x7ffffffffffffbe0
1559000: system.cpu: T0 : 0x1c7d2    : c_addi16sp sp, 256         : IntAlu :  D=0x7ffffffffffffc00
1559500: system.cpu: T0 : 0x1c7d4    : c_jr ra                    : IntAlu : 
1560000: system.cpu: T0 : 0x1d934    : c_mv a5, a0                : IntAlu :  D=0x0000000000073220
1560500: system.cpu: T0 : 0x1d936    : c_beqz a0, 150             : IntAlu : 
1561000: system.cpu: T0 : 0x1d938    : ld a4, -8(a0)              : MemRead :  D=0x0000000000000031 A=0x73218
1561500: system.cpu: T0 : 0x1d93c    : andi a3, a4, 2             : IntAlu :  D=0x0000000000000000
1562000: system.cpu: T0 : 0x1d940    : c_bnez a3, 26              : IntAlu : 
1562500: system.cpu: T0 : 0x1d942    : c_andi a4, 4               : IntAlu :  D=0x0000000000000000
1563000: system.cpu: T0 : 0x1d944    : c_beqz a4, 22              : IntAlu : 
1563500: system.cpu: T0 : 0x1d95a    : c_ldsp ra, 24(sp)          : MemRead :  D=0x000000000003d9be A=0x7ffffffffffffc18
1564000: system.cpu: T0 : 0x1d95c    : c_ldsp s0, 16(sp)          : MemRead :  D=0x7ffffffffffffcf0 A=0x7ffffffffffffc10
1564500: system.cpu: T0 : 0x1d95e    : c_ldsp s1, 8(sp)           : MemRead :  D=0x7ffffffffffffc20 A=0x7ffffffffffffc08
1565000: system.cpu: T0 : 0x1d960    : c_ldsp s2, 0(sp)           : MemRead :  D=0x0000000000000002 A=0x7ffffffffffffc00
1565500: system.cpu: T0 : 0x1d962    : c_mv a0, a5                : IntAlu :  D=0x0000000000073220
1566000: system.cpu: T0 : 0x1d964    : c_addi16sp sp, 32          : IntAlu :  D=0x7ffffffffffffc20
1566500: system.cpu: T0 : 0x1d966    : c_jr ra                    : IntAlu : 
1567000: system.cpu: T0 : 0x3d9be    : c_mv s6, a0                : IntAlu :  D=0x0000000000073220
1567500: system.cpu: T0 : 0x3d9c0    : addi a5, s9, 1             : IntAlu :  D=0x0000000000000004
1568000: system.cpu: T0 : 0x3d9c4    : c_bnez a0, 64              : IntAlu : 
1568500: system.cpu: T0 : 0x3da04    : c_ld a1, 0(s1)             : MemRead :  D=0x0000000000061da0 A=0x7ffffffffffffc20
1569500: system.cpu: T0 : 0x3da06    : addi a0, a0, 32            : IntAlu :  D=0x0000000000073240
1570500: system.cpu: T0 : 0x3da0a    : sd a5, 8(s6)               : MemWrite :  D=0x0000000000000004 A=0x73228
1571500: system.cpu: T0 : 0x3da0e    : sd a0, 0(s6)               : MemWrite :  D=0x0000000000073240 A=0x73220
1572500: system.cpu: T0 : 0x3da12    : sd a0, 16(s6)              : MemWrite :  D=0x0000000000073240 A=0x73230
1573500: system.cpu: T0 : 0x3da16    : sd zero, 24(s6)            : MemWrite :  D=0x0000000000000000 A=0x73238
1574000: system.cpu: T0 : 0x3da1a    : c_mv a2, s9                : IntAlu :  D=0x0000000000000003
1574500: system.cpu: T0 : 0x3da1c    : jal ra, -123064            : IntAlu :  D=0x000000000003da20
1575000: system.cpu: T0 : 0x1f964    : c_addi sp, -16             : IntAlu :  D=0x7ffffffffffffc10
1575500: system.cpu: T0 : 0x1f966    : c_sdsp s0, 0(sp)           : MemWrite :  D=0x7ffffffffffffcf0 A=0x7ffffffffffffc10
1576000: system.cpu: T0 : 0x1f968    : c_sdsp ra, 8(sp)           : MemWrite :  D=0x000000000003da20 A=0x7ffffffffffffc18
1576500: system.cpu: T0 : 0x1f96a    : c_mv s0, a2                : IntAlu :  D=0x0000000000000003
1577000: system.cpu: T0 : 0x1f96c    : jal ra, 112                : IntAlu :  D=0x000000000001f970
1577500: system.cpu: T0 : 0x1f9dc    : c_addi16sp sp, -48         : IntAlu :  D=0x7ffffffffffffbe0
1578000: system.cpu: T0 : 0x1f9de    : c_sdsp s0, 32(sp)          : MemWrite :  D=0x0000000000000003 A=0x7ffffffffffffc00
1578500: system.cpu: T0 : 0x1f9e0    : c_sdsp s2, 16(sp)          : MemWrite :  D=0x0000000000000002 A=0x7ffffffffffffbf0
1579000: system.cpu: T0 : 0x1f9e2    : c_sdsp ra, 40(sp)          : MemWrite :  D=0x000000000001f970 A=0x7ffffffffffffc08
1579500: system.cpu: T0 : 0x1f9e4    : c_sdsp s1, 24(sp)          : MemWrite :  D=0x7ffffffffffffc20 A=0x7ffffffffffffbf8
1580000: system.cpu: T0 : 0x1f9e6    : c_sdsp s3, 8(sp)           : MemWrite :  D=0x0000000000000000 A=0x7ffffffffffffbe8
1580500: system.cpu: T0 : 0x1f9e8    : c_li a5, 15                : IntAlu :  D=0x000000000000000f
1581000: system.cpu: T0 : 0x1f9ea    : c_mv s2, a0                : IntAlu :  D=0x0000000000073240
1581500: system.cpu: T0 : 0x1f9ec    : c_mv a4, a0                : IntAlu :  D=0x0000000000073240
1582000: system.cpu: T0 : 0x1f9ee    : c_mv s0, a1                : IntAlu :  D=0x0000000000061da0
1582500: system.cpu: T0 : 0x1f9f0    : bgeu a5, a2, 72            : IntAlu : 
1583000: system.cpu: T0 : 0x1fa38    : c_addi a4, -1              : IntAlu :  D=0x000000000007323f
1583500: system.cpu: T0 : 0x1fa3a    : c_mv a5, s0                : IntAlu :  D=0x0000000000061da0
1584000: system.cpu: T0 : 0x1fa3c    : add a1, a2, s0             : IntAlu :  D=0x0000000000061da3
1584500: system.cpu: T0 : 0x1fa40    : c_sub a4, s0               : IntAlu :  D=0x000000000001149f
1585000: system.cpu: T0 : 0x1fa42    : c_beqz a2, 20              : IntAlu : 
1585500: system.cpu: T0 : 0x1fa44    : lbu a2, 0(a5)              : MemRead :  D=0x0000000000000074 A=0x61da0
1586000: system.cpu: T0 : 0x1fa48    : c_addi a5, 1               : IntAlu :  D=0x0000000000061da1
1587000: system.cpu: T0 : 0x1fa4a    : add a3, a4, a5             : IntAlu :  D=0x0000000000073240
1588000: system.cpu: T0 : 0x1fa4e    : sb a2, 0(a3)               : MemWrite :  D=0x0000000000000074 A=0x73240
1589000: system.cpu: T0 : 0x1fa52    : bne a1, a5, -14            : IntAlu : 
1589500: system.cpu: T0 : 0x1fa44    : lbu a2, 0(a5)              : MemRead :  D=0x000000000000006c A=0x61da1
1590000: system.cpu: T0 : 0x1fa48    : c_addi a5, 1               : IntAlu :  D=0x0000000000061da2
1591000: system.cpu: T0 : 0x1fa4a    : add a3, a4, a5             : IntAlu :  D=0x0000000000073241
1592000: system.cpu: T0 : 0x1fa4e    : sb a2, 0(a3)               : MemWrite :  D=0x000000000000006c A=0x73241
1593000: system.cpu: T0 : 0x1fa52    : bne a1, a5, -14            : IntAlu : 
1593500: system.cpu: T0 : 0x1fa44    : lbu a2, 0(a5)              : MemRead :  D=0x0000000000000073 A=0x61da2
1594000: system.cpu: T0 : 0x1fa48    : c_addi a5, 1               : IntAlu :  D=0x0000000000061da3
1595000: system.cpu: T0 : 0x1fa4a    : add a3, a4, a5             : IntAlu :  D=0x0000000000073242
1596000: system.cpu: T0 : 0x1fa4e    : sb a2, 0(a3)               : MemWrite :  D=0x0000000000000073 A=0x73242
1597000: system.cpu: T0 : 0x1fa52    : bne a1, a5, -14            : IntAlu : 
1597500: system.cpu: T0 : 0x1fa56    : c_ldsp ra, 40(sp)          : MemRead :  D=0x000000000001f970 A=0x7ffffffffffffc08
1598000: system.cpu: T0 : 0x1fa58    : c_ldsp s0, 32(sp)          : MemRead :  D=0x0000000000000003 A=0x7ffffffffffffc00
1598500: system.cpu: T0 : 0x1fa5a    : c_ldsp s1, 24(sp)          : MemRead :  D=0x7ffffffffffffc20 A=0x7ffffffffffffbf8
1599000: system.cpu: T0 : 0x1fa5c    : c_ldsp s3, 8(sp)           : MemRead :  D=0x0000000000000000 A=0x7ffffffffffffbe8
1599500: system.cpu: T0 : 0x1fa5e    : c_mv a0, s2                : IntAlu :  D=0x0000000000073240
1600000: system.cpu: T0 : 0x1fa60    : c_ldsp s2, 16(sp)          : MemRead :  D=0x0000000000000002 A=0x7ffffffffffffbf0
1600500: system.cpu: T0 : 0x1fa62    : c_addi16sp sp, 48          : IntAlu :  D=0x7ffffffffffffc10
1601000: system.cpu: T0 : 0x1fa64    : c_jr ra                    : IntAlu : 
1601500: system.cpu: T0 : 0x1f970    : c_ldsp ra, 8(sp)           : MemRead :  D=0x000000000003da20 A=0x7ffffffffffffc18
1602000: system.cpu: T0 : 0x1f972    : c_add a0, s0               : IntAlu :  D=0x0000000000073243
1602500: system.cpu: T0 : 0x1f974    : c_ldsp s0, 0(sp)           : MemRead :  D=0x7ffffffffffffcf0 A=0x7ffffffffffffc10
1603000: system.cpu: T0 : 0x1f976    : c_addi sp, 16              : IntAlu :  D=0x7ffffffffffffc20
1603500: system.cpu: T0 : 0x1f978    : c_jr ra                    : IntAlu : 
1604000: system.cpu: T0 : 0x3da20    : ld a4, -136(s0)            : MemRead :  D=0x000000000006efd0 A=0x7ffffffffffffc68
1604500: system.cpu: T0 : 0x3da24    : addi a5, zero, 47          : IntAlu :  D=0x000000000000002f
1605000: system.cpu: T0 : 0x3da28    : sb a5, 0(a0)               : MemWrite :  D=0x000000000000002f A=0x73243
1605500: system.cpu: T0 : 0x3da2c    : sd s2, 0(a4)               : MemWrite :  D=0x0000000000000002 A=0x6efd0
1606000: system.cpu: T0 : 0x3da30    : ld a5, 8(s6)               : MemRead :  D=0x0000000000000004 A=0x73228
1606500: system.cpu: T0 : 0x3da34    : ld a4, -160(s0)            : MemRead :  D=0x000000000006efc8 A=0x7ffffffffffffc50
1607000: system.cpu: T0 : 0x3da38    : c_sd a5, 0(a4)             : MemWrite :  D=0x0000000000000004 A=0x6efc8
1607500: system.cpu: T0 : 0x3da3a    : c_j -178                   : IntAlu : 
1608000: system.cpu: T0 : 0x3d988    : addi sp, s0, -192          : IntAlu :  D=0x7ffffffffffffc30
1608500: system.cpu: T0 : 0x3d98c    : c_ldsp ra, 184(sp)         : MemRead :  D=0x000000000003aef8 A=0x7ffffffffffffce8
1609000: system.cpu: T0 : 0x3d98e    : c_mv a0, s6                : IntAlu :  D=0x0000000000073220
1609500: system.cpu: T0 : 0x3d990    : c_ldsp s0, 176(sp)         : MemRead :  D=0x7ffffffffffffd30 A=0x7ffffffffffffce0
1610000: system.cpu: T0 : 0x3d992    : c_ldsp s1, 168(sp)         : MemRead :  D=0x000000000006fe60 A=0x7ffffffffffffcd8
1610500: system.cpu: T0 : 0x3d994    : c_ldsp s2, 160(sp)         : MemRead :  D=0x0000000000000000 A=0x7ffffffffffffcd0
1611000: system.cpu: T0 : 0x3d996    : c_ldsp s3, 152(sp)         : MemRead :  D=0x000000000006efc0 A=0x7ffffffffffffcc8
1611500: system.cpu: T0 : 0x3d998    : c_ldsp s4, 144(sp)         : MemRead :  D=0x0000000000070000 A=0x7ffffffffffffcc0
1612000: system.cpu: T0 : 0x3d99a    : c_ldsp s5, 136(sp)         : MemRead :  D=0x0000000000072000 A=0x7ffffffffffffcb8
1612500: system.cpu: T0 : 0x3d99c    : c_ldsp s6, 128(sp)         : MemRead :  D=0x0000000000072000 A=0x7ffffffffffffcb0
1613000: system.cpu: T0 : 0x3d99e    : c_ldsp s7, 120(sp)         : MemRead :  D=0x0000000000000000 A=0x7ffffffffffffca8
1613500: system.cpu: T0 : 0x3d9a0    : c_ldsp s8, 112(sp)         : MemRead :  D=0x0000000000000000 A=0x7ffffffffffffca0
1614000: system.cpu: T0 : 0x3d9a2    : c_ldsp s9, 104(sp)         : MemRead :  D=0x0000000000000000 A=0x7ffffffffffffc98
1614500: system.cpu: T0 : 0x3d9a4    : c_ldsp s10, 96(sp)         : MemRead :  D=0x0000000000000000 A=0x7ffffffffffffc90
1615000: system.cpu: T0 : 0x3d9a6    : c_ldsp s11, 88(sp)         : MemRead :  D=0x0000000000000000 A=0x7ffffffffffffc88
1615500: system.cpu: T0 : 0x3d9a8    : c_addi16sp sp, 192         : IntAlu :  D=0x7ffffffffffffcf0
1616000: system.cpu: T0 : 0x3d9aa    : c_jr ra                    : IntAlu : 
1616500: system.cpu: T0 : 0x3aef8    : c_mv a5, a0                : IntAlu :  D=0x0000000000073220
1617500: system.cpu: T0 : 0x3aefa    : addi a0, zero, 40          : IntAlu :  D=0x0000000000000028
1618500: system.cpu: T0 : 0x3aefe    : sd a5, 24(s3)              : MemWrite :  D=0x0000000000073220 A=0x6efd8
1619500: system.cpu: T0 : 0x3af02    : jal ra, -120344            : IntAlu :  D=0x000000000003af06
1620500: system.cpu: T0 : 0x1d8ea    : ld t1, -1848(gp)           : MemRead :  D=0x0000000000000000 A=0x708f0
1621500: system.cpu: T0 : 0x1d8ee    : bne t1, zero, 260          : IntAlu : 
1622000: system.cpu: T0 : 0x1d8f2    : c_addi sp, -32             : IntAlu :  D=0x7ffffffffffffcd0
1622500: system.cpu: T0 : 0x1d8f4    : c_sdsp s0, 16(sp)          : MemWrite :  D=0x7ffffffffffffd30 A=0x7ffffffffffffce0
1623000: system.cpu: T0 : 0x1d8f6    : c_sdsp ra, 24(sp)          : MemWrite :  D=0x000000000003af06 A=0x7ffffffffffffce8
1623500: system.cpu: T0 : 0x1d8f8    : c_sdsp s1, 8(sp)           : MemWrite :  D=0x000000000006fe60 A=0x7ffffffffffffcd8
1624000: system.cpu: T0 : 0x1d8fa    : c_sdsp s2, 0(sp)           : MemWrite :  D=0x0000000000000000 A=0x7ffffffffffffcd0
1624500: system.cpu: T0 : 0x1d8fc    : c_mv s0, a0                : IntAlu :  D=0x0000000000000028
1625500: system.cpu: T0 : 0x1d8fe    : blt a0, zero, 222          : IntAlu : 
1626500: system.cpu: T0 : 0x1d902    : addi a5, a0, 23            : IntAlu :  D=0x000000000000003f
1627000: system.cpu: T0 : 0x1d906    : c_li a4, 31                : IntAlu :  D=0x000000000000001f
1627500: system.cpu: T0 : 0x1d908    : c_li s1, 0                 : IntAlu :  D=0x0000000000000000
1628500: system.cpu: T0 : 0x1d90a    : bltu a4, a5, 94            : IntAlu : 
1629000: system.cpu: T0 : 0x1d968    : c_andi a5, 18446744073709551600 : IntAlu :  D=0x0000000000000030
1629500: system.cpu: T0 : 0x1d96a    : c_addi a5, -17             : IntAlu :  D=0x000000000000001f
1630000: system.cpu: T0 : 0x1d96c    : srli s1, a5, 4             : IntAlu :  D=0x0000000000000001
1630500: system.cpu: T0 : 0x1d970    : c_j -98                    : IntAlu : 
1631500: system.cpu: T0 : 0x1d90e    : ld a4, 40(tp)              : MemRead :  D=0x0000000000072f90 A=0x72738
1632000: system.cpu: T0 : 0x1d912    : c_beqz a4, 96              : IntAlu : 
1632500: system.cpu: T0 : 0x1d914    : lui a5, 111                : IntAlu :  D=0x000000000006f000
1633000: system.cpu: T0 : 0x1d918    : ld a5, 1448(a5)            : MemRead :  D=0x0000000000000040 A=0x6f5a8
1633500: system.cpu: T0 : 0x1d91c    : bltu s1, a5, 114           : IntAlu : 
1634500: system.cpu: T0 : 0x1d98e    : slli a3, s1, 1             : IntAlu :  D=0x0000000000000002
1635000: system.cpu: T0 : 0x1d992    : c_add a3, a4               : IntAlu :  D=0x0000000000072f92
1635500: system.cpu: T0 : 0x1d994    : lhu a2, 0(a3)              : MemRead :  D=0x0000000000000000 A=0x72f92
1636000: system.cpu: T0 : 0x1d998    : c_beqz a2, -120            : IntAlu : 
1636500: system.cpu: T0 : 0x1d920    : lw a5, -1808(tp)           : MemRead :  D=0x0000000000000000 A=0x72000
1637000: system.cpu: T0 : 0x1d924    : c_bnez a5, 210             : IntAlu : 
1638000: system.cpu: T0 : 0x1d926    : lui s1, 111                : IntAlu :  D=0x000000000006f000
1638500: system.cpu: T0 : 0x1d92a    : c_mv a1, s0                : IntAlu :  D=0x0000000000000028
1639000: system.cpu: T0 : 0x1d92c    : addi a0, s1, 1480          : IntAlu :  D=0x000000000006f5c8
1639500: system.cpu: T0 : 0x1d930    : jal ra, -5228              : IntAlu :  D=0x000000000001d934
1640000: system.cpu: T0 : 0x1c4c4    : c_addi16sp sp, -256        : IntAlu :  D=0x7ffffffffffffbd0
1640500: system.cpu: T0 : 0x1c4c6    : c_sdsp ra, 248(sp)         : MemWrite :  D=0x000000000001d934 A=0x7ffffffffffffcc8
1641000: system.cpu: T0 : 0x1c4c8    : c_sdsp s0, 240(sp)         : MemWrite :  D=0x0000000000000028 A=0x7ffffffffffffcc0
1641500: system.cpu: T0 : 0x1c4ca    : c_sdsp s1, 232(sp)         : MemWrite :  D=0x000000000006f000 A=0x7ffffffffffffcb8
1642000: system.cpu: T0 : 0x1c4cc    : c_sdsp s2, 224(sp)         : MemWrite :  D=0x0000000000000000 A=0x7ffffffffffffcb0
1642500: system.cpu: T0 : 0x1c4ce    : c_sdsp s3, 216(sp)         : MemWrite :  D=0x000000000006efc0 A=0x7ffffffffffffca8
1643000: system.cpu: T0 : 0x1c4d0    : c_sdsp s4, 208(sp)         : MemWrite :  D=0x0000000000070000 A=0x7ffffffffffffca0
1643500: system.cpu: T0 : 0x1c4d2    : c_sdsp s5, 200(sp)         : MemWrite :  D=0x0000000000072000 A=0x7ffffffffffffc98
1644000: system.cpu: T0 : 0x1c4d4    : c_sdsp s6, 192(sp)         : MemWrite :  D=0x0000000000072000 A=0x7ffffffffffffc90
1644500: system.cpu: T0 : 0x1c4d6    : c_sdsp s7, 184(sp)         : MemWrite :  D=0x0000000000000000 A=0x7ffffffffffffc88
1645000: system.cpu: T0 : 0x1c4d8    : c_sdsp s8, 176(sp)         : MemWrite :  D=0x0000000000000000 A=0x7ffffffffffffc80
1645500: system.cpu: T0 : 0x1c4da    : c_sdsp s9, 168(sp)         : MemWrite :  D=0x0000000000000000 A=0x7ffffffffffffc78
1646000: system.cpu: T0 : 0x1c4dc    : c_sdsp s10, 160(sp)        : MemWrite :  D=0x0000000000000000 A=0x7ffffffffffffc70
1646500: system.cpu: T0 : 0x1c4de    : c_sdsp s11, 152(sp)        : MemWrite :  D=0x0000000000000000 A=0x7ffffffffffffc68
1647000: system.cpu: T0 : 0x1c4e0    : blt a1, zero, 1198         : IntAlu : 
1647500: system.cpu: T0 : 0x1c4e4    : addi s0, a1, 23            : IntAlu :  D=0x000000000000003f
1648000: system.cpu: T0 : 0x1c4e8    : c_li a5, 31                : IntAlu :  D=0x000000000000001f
1648500: system.cpu: T0 : 0x1c4ea    : c_mv s3, a1                : IntAlu :  D=0x0000000000000028
1649000: system.cpu: T0 : 0x1c4ec    : c_mv s1, a0                : IntAlu :  D=0x000000000006f5c8
1650000: system.cpu: T0 : 0x1c4ee    : bltu a5, s0, 220           : IntAlu : 
1650500: system.cpu: T0 : 0x1c5ca    : c_andi s0, 18446744073709551600 : IntAlu :  D=0x0000000000000030
1651000: system.cpu: T0 : 0x1c5cc    : beq a0, zero, 988          : IntAlu : 
1651500: system.cpu: T0 : 0x1c5d0    : ld a4, -1376(gp)           : MemRead :  D=0x0000000000000080 A=0x70ac8
1652000: system.cpu: T0 : 0x1c5d4    : srliw s9, s0, 4            : IntAlu :  D=0x0000000000000003
1652500: system.cpu: T0 : 0x1c5d8    : srliw a5, s0, 4            : IntAlu :  D=0x0000000000000003
1653000: system.cpu: T0 : 0x1c5dc    : bgeu a4, s0, 506           : IntAlu : 
1653500: system.cpu: T0 : 0x1c7d6    : c_addiw a5, -2             : IntAlu :  D=0x0000000000000001
1654000: system.cpu: T0 : 0x1c7d8    : slli a2, a5, 32            : IntAlu :  D=0x0000000100000000
1654500: system.cpu: T0 : 0x1c7dc    : c_srli a2, 32              : IntAlu :  D=0x0000000000000001
1655000: system.cpu: T0 : 0x1c7de    : c_addi a2, 2               : IntAlu :  D=0x0000000000000003
1655500: system.cpu: T0 : 0x1c7e0    : c_slli a2, 3               : IntAlu :  D=0x0000000000000018
1656000: system.cpu: T0 : 0x1c7e2    : c_j -376                   : IntAlu : 
1656500: system.cpu: T0 : 0x1c66a    : c_slli a5, 32              : IntAlu :  D=0x0000000100000000
1657000: system.cpu: T0 : 0x1c66c    : c_srli a5, 29              : IntAlu :  D=0x0000000000000008
1657500: system.cpu: T0 : 0x1c66e    : c_add a5, s1               : IntAlu :  D=0x000000000006f5d0
1658000: system.cpu: T0 : 0x1c670    : ld s2, 16(a5)              : MemRead :  D=0x0000000000000000 A=0x6f5e0
1658500: system.cpu: T0 : 0x1c674    : beq s2, zero, 170          : IntAlu : 
1659500: system.cpu: T0 : 0x1c71e    : addiw a5, s9, -1           : IntAlu :  D=0x0000000000000002
1660500: system.cpu: T0 : 0x1c722    : slliw a5, a5, 1            : IntAlu :  D=0x0000000000000004
1661000: system.cpu: T0 : 0x1c726    : c_slli a5, 32              : IntAlu :  D=0x0000000400000000
1661500: system.cpu: T0 : 0x1c728    : c_srli a5, 32              : IntAlu :  D=0x0000000000000004
1662000: system.cpu: T0 : 0x1c72a    : c_addi a5, 14              : IntAlu :  D=0x0000000000000012
1662500: system.cpu: T0 : 0x1c72c    : c_slli a5, 3               : IntAlu :  D=0x0000000000000090
1663000: system.cpu: T0 : 0x1c72e    : c_j -550                   : IntAlu : 
1663500: system.cpu: T0 : 0x1c508    : c_add a5, s1               : IntAlu :  D=0x000000000006f658
1664500: system.cpu: T0 : 0x1c50a    : ld s2, 8(a5)               : MemRead :  D=0x000000000006f648 A=0x6f660
1665500: system.cpu: T0 : 0x1c50e    : addi a3, a5, -16           : IntAlu :  D=0x000000000006f648
1666500: system.cpu: T0 : 0x1c512    : beq a3, s2, 748            : IntAlu : 
1667500: system.cpu: T0 : 0x1c7fe    : srli t1, s0, 9             : IntAlu :  D=0x0000000000000000
1668500: system.cpu: T0 : 0x1c802    : addiw a5, t1, 91           : IntAlu :  D=0x000000000000005b
1669500: system.cpu: T0 : 0x1c806    : srli s10, s0, 6            : IntAlu :  D=0x0000000000000000
1670000: system.cpu: T0 : 0x1c80a    : c_sdsp a5, 96(sp)          : MemWrite :  D=0x000000000000005b A=0x7ffffffffffffc30
1670500: system.cpu: T0 : 0x1c80c    : addiw a5, s10, 48          : IntAlu :  D=0x0000000000000030
1671000: system.cpu: T0 : 0x1c810    : c_sdsp a5, 88(sp)          : MemWrite :  D=0x0000000000000030 A=0x7ffffffffffffc28
1672000: system.cpu: T0 : 0x1c812    : addi a5, zero, 110         : IntAlu :  D=0x000000000000006e
1672500: system.cpu: T0 : 0x1c816    : c_sdsp a5, 112(sp)         : MemWrite :  D=0x000000000000006e A=0x7ffffffffffffc40
1673000: system.cpu: T0 : 0x1c818    : addi a5, zero, 119         : IntAlu :  D=0x0000000000000077
1673500: system.cpu: T0 : 0x1c81c    : c_sdsp a5, 104(sp)         : MemWrite :  D=0x0000000000000077 A=0x7ffffffffffffc38
1674500: system.cpu: T0 : 0x1c81e    : addi a5, zero, 124         : IntAlu :  D=0x000000000000007c
1675000: system.cpu: T0 : 0x1c822    : c_sdsp s9, 8(sp)           : MemWrite :  D=0x0000000000000003 A=0x7ffffffffffffbd8
1675500: system.cpu: T0 : 0x1c824    : c_sdsp a5, 120(sp)         : MemWrite :  D=0x000000000000007c A=0x7ffffffffffffc48
1676000: system.cpu: T0 : 0x1c826    : c_sdsp zero, 128(sp)       : MemWrite :  D=0x0000000000000000 A=0x7ffffffffffffc50
1676500: system.cpu: T0 : 0x1c828    : c_sdsp zero, 136(sp)       : MemWrite :  D=0x0000000000000000 A=0x7ffffffffffffc58
1677500: system.cpu: T0 : 0x1c82a    : ld a5, 40(tp)              : MemRead :  D=0x0000000000072f90 A=0x72738
1678500: system.cpu: T0 : 0x1c82e    : addi s6, s0, -17           : IntAlu :  D=0x000000000000001f
1679500: system.cpu: T0 : 0x1c832    : srli s6, s6, 4             : IntAlu :  D=0x0000000000000001
1680000: system.cpu: T0 : 0x1c836    : c_li s5, 0                 : IntAlu :  D=0x0000000000000000
1680500: system.cpu: T0 : 0x1c838    : c_beqz a5, 22              : IntAlu : 
1681500: system.cpu: T0 : 0x1c83a    : lui a5, 111                : IntAlu :  D=0x000000000006f000
1682500: system.cpu: T0 : 0x1c83e    : ld s5, 1448(a5)            : MemRead :  D=0x0000000000000040 A=0x6f5a8
1683500: system.cpu: T0 : 0x1c842    : sltu s5, s6, s5            : IntAlu :  D=0x0000000000000001
1684500: system.cpu: T0 : 0x1c846    : sub s5, zero, s5           : IntAlu :  D=0xffffffffffffffff
1685500: system.cpu: T0 : 0x1c84a    : and s5, s0, s5             : IntAlu :  D=0x0000000000000030
1686500: system.cpu: T0 : 0x1c84e    : lui a5, 111                : IntAlu :  D=0x000000000006f000
1687000: system.cpu: T0 : 0x1c852    : c_lui s11, 1               : IntAlu :  D=0x0000000000001000
1687500: system.cpu: T0 : 0x1c854    : lui s7, 111                : IntAlu :  D=0x000000000006f000
1688000: system.cpu: T0 : 0x1c858    : addi a5, a5, 1480          : IntAlu :  D=0x000000000006f5c8
1688500: system.cpu: T0 : 0x1c85c    : addi s8, s1, 96            : IntAlu :  D=0x000000000006f628
1689000: system.cpu: T0 : 0x1c860    : c_li t5, 0                 : IntAlu :  D=0x0000000000000000
1690000: system.cpu: T0 : 0x1c862    : addi s7, s7, 1368          : IntAlu :  D=0x000000000006f558
1691000: system.cpu: T0 : 0x1c866    : add a7, s1, s11            : IntAlu :  D=0x00000000000705c8
1691500: system.cpu: T0 : 0x1c86a    : c_sdsp a5, 56(sp)          : MemWrite :  D=0x000000000006f5c8 A=0x7ffffffffffffc08
1692000: system.cpu: T0 : 0x1c86c    : c_ld a5, 120(s1)           : MemRead :  D=0x000000000006f628 A=0x6f640
1693000: system.cpu: T0 : 0x1c86e    : beq a5, s8, 532            : IntAlu : 
1694000: system.cpu: T0 : 0x1ca82    : addi a5, zero, 1023        : IntAlu :  D=0x00000000000003ff
1695000: system.cpu: T0 : 0x1ca86    : bgeu a5, s0, 38            : IntAlu : 
1695500: system.cpu: T0 : 0x1caac    : c_ldsp a3, 8(sp)           : MemRead :  D=0x0000000000000003 A=0x7ffffffffffffbd8
1696000: system.cpu: T0 : 0x1caae    : c_li a0, 4                 : IntAlu :  D=0x0000000000000004
1696500: system.cpu: T0 : 0x1cab0    : addiw a5, a3, 1            : IntAlu :  D=0x0000000000000004
1697000: system.cpu: T0 : 0x1cab4    : srliw a4, a5, 5            : IntAlu :  D=0x0000000000000000
1697500: system.cpu: T0 : 0x1cab8    : slliw a3, a3, 1            : IntAlu :  D=0x0000000000000006
1698000: system.cpu: T0 : 0x1cabc    : addi a4, a4, 536           : IntAlu :  D=0x0000000000000218
1698500: system.cpu: T0 : 0x1cac0    : c_slli a3, 32              : IntAlu :  D=0x0000000600000000
1699000: system.cpu: T0 : 0x1cac2    : c_slli a4, 2               : IntAlu :  D=0x0000000000000860
1699500: system.cpu: T0 : 0x1cac4    : c_srli a3, 32              : IntAlu :  D=0x0000000000000006
1700000: system.cpu: T0 : 0x1cac6    : c_add a4, s1               : IntAlu :  D=0x000000000006fe28
1700500: system.cpu: T0 : 0x1cac8    : c_slli a3, 3               : IntAlu :  D=0x0000000000000030
1701000: system.cpu: T0 : 0x1caca    : c_lw a2, 0(a4)             : MemRead :  D=0x0000000000000000 A=0x6fe28
1701500: system.cpu: T0 : 0x1cacc    : addi a3, a3, 96            : IntAlu :  D=0x0000000000000090
1702000: system.cpu: T0 : 0x1cad0    : c_li a4, 1                 : IntAlu :  D=0x0000000000000001
1703000: system.cpu: T0 : 0x1cad2    : srliw s2, a5, 5            : IntAlu :  D=0x0000000000000000
1703500: system.cpu: T0 : 0x1cad6    : c_add a3, s1               : IntAlu :  D=0x000000000006f658
1704000: system.cpu: T0 : 0x1cad8    : sllw a5, a4, a5            : IntAlu :  D=0x0000000000000010
1704500: system.cpu: T0 : 0x1cadc    : bltu a2, a5, 144           : IntAlu : 
1705000: system.cpu: T0 : 0x1cb6c    : addiw a5, s2, 1            : IntAlu :  D=0x0000000000000001
1705500: system.cpu: T0 : 0x1cb70    : addiw s2, a5, 0            : IntAlu :  D=0x0000000000000001
1706000: system.cpu: T0 : 0x1cb74    : bne s2, a0, -26            : IntAlu : 
1706500: system.cpu: T0 : 0x1cb5a    : c_slli a5, 32              : IntAlu :  D=0x0000000100000000
1707000: system.cpu: T0 : 0x1cb5c    : c_srli a5, 32              : IntAlu :  D=0x0000000000000001
1708000: system.cpu: T0 : 0x1cb5e    : addi a5, a5, 536           : IntAlu :  D=0x0000000000000219
1708500: system.cpu: T0 : 0x1cb62    : c_slli a5, 2               : IntAlu :  D=0x0000000000000864
1709000: system.cpu: T0 : 0x1cb64    : c_add a5, s1               : IntAlu :  D=0x000000000006fe2c
1709500: system.cpu: T0 : 0x1cb66    : c_lw a2, 0(a5)             : MemRead :  D=0x0000000000000000 A=0x6fe2c
1710000: system.cpu: T0 : 0x1cb68    : bne a2, zero, 384          : IntAlu : 
1710500: system.cpu: T0 : 0x1cb6c    : addiw a5, s2, 1            : IntAlu :  D=0x0000000000000002
1711000: system.cpu: T0 : 0x1cb70    : addiw s2, a5, 0            : IntAlu :  D=0x0000000000000002
1711500: system.cpu: T0 : 0x1cb74    : bne s2, a0, -26            : IntAlu : 
1712000: system.cpu: T0 : 0x1cb5a    : c_slli a5, 32              : IntAlu :  D=0x0000000200000000
1712500: system.cpu: T0 : 0x1cb5c    : c_srli a5, 32              : IntAlu :  D=0x0000000000000002
1713500: system.cpu: T0 : 0x1cb5e    : addi a5, a5, 536           : IntAlu :  D=0x000000000000021a
1714000: system.cpu: T0 : 0x1cb62    : c_slli a5, 2               : IntAlu :  D=0x0000000000000868
1714500: system.cpu: T0 : 0x1cb64    : c_add a5, s1               : IntAlu :  D=0x000000000006fe30
1715000: system.cpu: T0 : 0x1cb66    : c_lw a2, 0(a5)             : MemRead :  D=0x0000000000000000 A=0x6fe30
1715500: system.cpu: T0 : 0x1cb68    : bne a2, zero, 384          : IntAlu : 
1716000: system.cpu: T0 : 0x1cb6c    : addiw a5, s2, 1            : IntAlu :  D=0x0000000000000003
1716500: system.cpu: T0 : 0x1cb70    : addiw s2, a5, 0            : IntAlu :  D=0x0000000000000003
1717000: system.cpu: T0 : 0x1cb74    : bne s2, a0, -26            : IntAlu : 
1717500: system.cpu: T0 : 0x1cb5a    : c_slli a5, 32              : IntAlu :  D=0x0000000300000000
1718000: system.cpu: T0 : 0x1cb5c    : c_srli a5, 32              : IntAlu :  D=0x0000000000000003
1719000: system.cpu: T0 : 0x1cb5e    : addi a5, a5, 536           : IntAlu :  D=0x000000000000021b
1719500: system.cpu: T0 : 0x1cb62    : c_slli a5, 2               : IntAlu :  D=0x000000000000086c
1720000: system.cpu: T0 : 0x1cb64    : c_add a5, s1               : IntAlu :  D=0x000000000006fe34
1720500: system.cpu: T0 : 0x1cb66    : c_lw a2, 0(a5)             : MemRead :  D=0x0000000000000000 A=0x6fe34
1721000: system.cpu: T0 : 0x1cb68    : bne a2, zero, 384          : IntAlu : 
1721500: system.cpu: T0 : 0x1cb6c    : addiw a5, s2, 1            : IntAlu :  D=0x0000000000000004
1722000: system.cpu: T0 : 0x1cb70    : addiw s2, a5, 0            : IntAlu :  D=0x0000000000000004
1722500: system.cpu: T0 : 0x1cb74    : bne s2, a0, -26            : IntAlu : 
1723000: system.cpu: T0 : 0x1cb78    : c_ld a4, 96(s1)            : MemRead :  D=0x0000000000073240 A=0x6f628
1724000: system.cpu: T0 : 0x1cb7a    : ld a3, -1912(a7)           : MemRead :  D=0x0000000000021080 A=0x6fe50
1724500: system.cpu: T0 : 0x1cb7e    : c_ld a5, 8(a4)             : MemRead :  D=0x0000000000020dc1 A=0x73248
1725000: system.cpu: T0 : 0x1cb80    : c_andi a5, 18446744073709551608 : IntAlu :  D=0x0000000000020dc0
1726000: system.cpu: T0 : 0x1cb82    : bltu a3, a5, 548           : IntAlu : 
1727000: system.cpu: T0 : 0x1cb86    : addi a3, s0, 32            : IntAlu :  D=0x0000000000000050
1728000: system.cpu: T0 : 0x1cb8a    : bgeu a5, a3, 640           : IntAlu : 
1729000: system.cpu: T0 : 0x1ce0a    : add a0, a4, s0             : IntAlu :  D=0x0000000000073270
1730000: system.cpu: T0 : 0x1ce0e    : lui a2, 111                : IntAlu :  D=0x000000000006f000
1730500: system.cpu: T0 : 0x1ce12    : c_sd a0, 96(s1)            : MemWrite :  D=0x0000000000073270 A=0x6f628
1731000: system.cpu: T0 : 0x1ce14    : addi a2, a2, 1480          : IntAlu :  D=0x000000000006f5c8
1731500: system.cpu: T0 : 0x1ce18    : c_sub a5, s0               : IntAlu :  D=0x0000000000020d90
1732000: system.cpu: T0 : 0x1ce1a    : c_li a3, 4                 : IntAlu :  D=0x0000000000000004
1732500: system.cpu: T0 : 0x1ce1c    : beq s1, a2, 116            : IntAlu : 
1733000: system.cpu: T0 : 0x1ce90    : c_li a3, 0                 : IntAlu :  D=0x0000000000000000
1733500: system.cpu: T0 : 0x1ce92    : c_j -114                   : IntAlu : 
1734000: system.cpu: T0 : 0x1ce20    : c_or a3, s0                : IntAlu :  D=0x0000000000000030
1735000: system.cpu: T0 : 0x1ce22    : ori a3, a3, 1              : IntAlu :  D=0x0000000000000031
1736000: system.cpu: T0 : 0x1ce26    : lw a1, -1396(gp)           : MemRead :  D=0x0000000000000000 A=0x70ab4
1736500: system.cpu: T0 : 0x1ce2a    : c_sd a3, 8(a4)             : MemWrite :  D=0x0000000000000031 A=0x73248
1737000: system.cpu: T0 : 0x1ce2c    : ori a5, a5, 1              : IntAlu :  D=0x0000000000020d91
1737500: system.cpu: T0 : 0x1ce30    : c_sd a5, 8(a0)             : MemWrite :  D=0x0000000000020d91 A=0x73278
1738500: system.cpu: T0 : 0x1ce32    : addi s2, a4, 16            : IntAlu :  D=0x0000000000073250
1739500: system.cpu: T0 : 0x1ce36    : beq a1, zero, -1664        : IntAlu : 
1740000: system.cpu: T0 : 0x1c7b6    : c_ldsp ra, 248(sp)         : MemRead :  D=0x000000000001d934 A=0x7ffffffffffffcc8
1740500: system.cpu: T0 : 0x1c7b8    : c_ldsp s0, 240(sp)         : MemRead :  D=0x0000000000000028 A=0x7ffffffffffffcc0
1741000: system.cpu: T0 : 0x1c7ba    : c_ldsp s1, 232(sp)         : MemRead :  D=0x000000000006f000 A=0x7ffffffffffffcb8
1741500: system.cpu: T0 : 0x1c7bc    : c_ldsp s3, 216(sp)         : MemRead :  D=0x000000000006efc0 A=0x7ffffffffffffca8
1742000: system.cpu: T0 : 0x1c7be    : c_ldsp s4, 208(sp)         : MemRead :  D=0x0000000000070000 A=0x7ffffffffffffca0
1742500: system.cpu: T0 : 0x1c7c0    : c_ldsp s5, 200(sp)         : MemRead :  D=0x0000000000072000 A=0x7ffffffffffffc98
1743000: system.cpu: T0 : 0x1c7c2    : c_ldsp s6, 192(sp)         : MemRead :  D=0x0000000000072000 A=0x7ffffffffffffc90
1743500: system.cpu: T0 : 0x1c7c4    : c_ldsp s7, 184(sp)         : MemRead :  D=0x0000000000000000 A=0x7ffffffffffffc88
1744000: system.cpu: T0 : 0x1c7c6    : c_ldsp s8, 176(sp)         : MemRead :  D=0x0000000000000000 A=0x7ffffffffffffc80
1744500: system.cpu: T0 : 0x1c7c8    : c_ldsp s9, 168(sp)         : MemRead :  D=0x0000000000000000 A=0x7ffffffffffffc78
1745000: system.cpu: T0 : 0x1c7ca    : c_ldsp s10, 160(sp)        : MemRead :  D=0x0000000000000000 A=0x7ffffffffffffc70
1745500: system.cpu: T0 : 0x1c7cc    : c_ldsp s11, 152(sp)        : MemRead :  D=0x0000000000000000 A=0x7ffffffffffffc68
1746000: system.cpu: T0 : 0x1c7ce    : c_mv a0, s2                : IntAlu :  D=0x0000000000073250
1746500: system.cpu: T0 : 0x1c7d0    : c_ldsp s2, 224(sp)         : MemRead :  D=0x0000000000000000 A=0x7ffffffffffffcb0
1747000: system.cpu: T0 : 0x1c7d2    : c_addi16sp sp, 256         : IntAlu :  D=0x7ffffffffffffcd0
1747500: system.cpu: T0 : 0x1c7d4    : c_jr ra                    : IntAlu : 
1748000: system.cpu: T0 : 0x1d934    : c_mv a5, a0                : IntAlu :  D=0x0000000000073250
1748500: system.cpu: T0 : 0x1d936    : c_beqz a0, 150             : IntAlu : 
1749000: system.cpu: T0 : 0x1d938    : ld a4, -8(a0)              : MemRead :  D=0x0000000000000031 A=0x73248
1749500: system.cpu: T0 : 0x1d93c    : andi a3, a4, 2             : IntAlu :  D=0x0000000000000000
1750000: system.cpu: T0 : 0x1d940    : c_bnez a3, 26              : IntAlu : 
1750500: system.cpu: T0 : 0x1d942    : c_andi a4, 4               : IntAlu :  D=0x0000000000000000
1751000: system.cpu: T0 : 0x1d944    : c_beqz a4, 22              : IntAlu : 
1751500: system.cpu: T0 : 0x1d95a    : c_ldsp ra, 24(sp)          : MemRead :  D=0x000000000003af06 A=0x7ffffffffffffce8
1752000: system.cpu: T0 : 0x1d95c    : c_ldsp s0, 16(sp)          : MemRead :  D=0x7ffffffffffffd30 A=0x7ffffffffffffce0
1752500: system.cpu: T0 : 0x1d95e    : c_ldsp s1, 8(sp)           : MemRead :  D=0x000000000006fe60 A=0x7ffffffffffffcd8
1753000: system.cpu: T0 : 0x1d960    : c_ldsp s2, 0(sp)           : MemRead :  D=0x0000000000000000 A=0x7ffffffffffffcd0
1753500: system.cpu: T0 : 0x1d962    : c_mv a0, a5                : IntAlu :  D=0x0000000000073250
1754000: system.cpu: T0 : 0x1d964    : c_addi16sp sp, 32          : IntAlu :  D=0x7ffffffffffffcf0
1754500: system.cpu: T0 : 0x1d966    : c_jr ra                    : IntAlu : 
1755500: system.cpu: T0 : 0x3af06    : sd a0, 32(s3)              : MemWrite :  D=0x0000000000073250 A=0x6efe0
1756500: system.cpu: T0 : 0x3af0a    : beq a0, zero, 382          : IntAlu : 
1757500: system.cpu: T0 : 0x3af0e    : ld s1, 16(s3)              : MemRead :  D=0x0000000000000002 A=0x6efd0
1758500: system.cpu: T0 : 0x3af12    : addi a7, zero, 40          : IntAlu :  D=0x0000000000000028
1759000: system.cpu: T0 : 0x3af16    : c_mv s5, a0                : IntAlu :  D=0x0000000000073250
1759500: system.cpu: T0 : 0x3af18    : slli s4, s1, 2             : IntAlu :  D=0x0000000000000008
1760000: system.cpu: T0 : 0x3af1c    : addi s4, s4, 79            : IntAlu :  D=0x0000000000000057
1760500: system.cpu: T0 : 0x3af20    : divu s4, s4, a7            : IntDiv :  D=0x0000000000000002
1761000: system.cpu: T0 : 0x3af24    : slli a7, s4, 2             : IntAlu :  D=0x0000000000000008
1761500: system.cpu: T0 : 0x3af28    : c_add s4, a7               : IntAlu :  D=0x000000000000000a
1762500: system.cpu: T0 : 0x3af2a    : slli a0, s4, 5             : IntAlu :  D=0x0000000000000140
1763500: system.cpu: T0 : 0x3af2e    : jal ra, -120388            : IntAlu :  D=0x000000000003af32
1764500: system.cpu: T0 : 0x1d8ea    : ld t1, -1848(gp)           : MemRead :  D=0x0000000000000000 A=0x708f0
1765500: system.cpu: T0 : 0x1d8ee    : bne t1, zero, 260          : IntAlu : 
1766000: system.cpu: T0 : 0x1d8f2    : c_addi sp, -32             : IntAlu :  D=0x7ffffffffffffcd0
1766500: system.cpu: T0 : 0x1d8f4    : c_sdsp s0, 16(sp)          : MemWrite :  D=0x7ffffffffffffd30 A=0x7ffffffffffffce0
1767000: system.cpu: T0 : 0x1d8f6    : c_sdsp ra, 24(sp)          : MemWrite :  D=0x000000000003af32 A=0x7ffffffffffffce8
1767500: system.cpu: T0 : 0x1d8f8    : c_sdsp s1, 8(sp)           : MemWrite :  D=0x0000000000000002 A=0x7ffffffffffffcd8
1768000: system.cpu: T0 : 0x1d8fa    : c_sdsp s2, 0(sp)           : MemWrite :  D=0x0000000000000000 A=0x7ffffffffffffcd0
1768500: system.cpu: T0 : 0x1d8fc    : c_mv s0, a0                : IntAlu :  D=0x0000000000000140
1769500: system.cpu: T0 : 0x1d8fe    : blt a0, zero, 222          : IntAlu : 
1770500: system.cpu: T0 : 0x1d902    : addi a5, a0, 23            : IntAlu :  D=0x0000000000000157
1771000: system.cpu: T0 : 0x1d906    : c_li a4, 31                : IntAlu :  D=0x000000000000001f
1771500: system.cpu: T0 : 0x1d908    : c_li s1, 0                 : IntAlu :  D=0x0000000000000000
1772500: system.cpu: T0 : 0x1d90a    : bltu a4, a5, 94            : IntAlu : 
1773000: system.cpu: T0 : 0x1d968    : c_andi a5, 18446744073709551600 : IntAlu :  D=0x0000000000000150
1773500: system.cpu: T0 : 0x1d96a    : c_addi a5, -17             : IntAlu :  D=0x000000000000013f
1774000: system.cpu: T0 : 0x1d96c    : srli s1, a5, 4             : IntAlu :  D=0x0000000000000013
1774500: system.cpu: T0 : 0x1d970    : c_j -98                    : IntAlu : 
1775500: system.cpu: T0 : 0x1d90e    : ld a4, 40(tp)              : MemRead :  D=0x0000000000072f90 A=0x72738
1776000: system.cpu: T0 : 0x1d912    : c_beqz a4, 96              : IntAlu : 
1776500: system.cpu: T0 : 0x1d914    : lui a5, 111                : IntAlu :  D=0x000000000006f000
1777000: system.cpu: T0 : 0x1d918    : ld a5, 1448(a5)            : MemRead :  D=0x0000000000000040 A=0x6f5a8
1777500: system.cpu: T0 : 0x1d91c    : bltu s1, a5, 114           : IntAlu : 
1778500: system.cpu: T0 : 0x1d98e    : slli a3, s1, 1             : IntAlu :  D=0x0000000000000026
1779000: system.cpu: T0 : 0x1d992    : c_add a3, a4               : IntAlu :  D=0x0000000000072fb6
1779500: system.cpu: T0 : 0x1d994    : lhu a2, 0(a3)              : MemRead :  D=0x0000000000000000 A=0x72fb6
1780000: system.cpu: T0 : 0x1d998    : c_beqz a2, -120            : IntAlu : 
1780500: system.cpu: T0 : 0x1d920    : lw a5, -1808(tp)           : MemRead :  D=0x0000000000000000 A=0x72000
1781000: system.cpu: T0 : 0x1d924    : c_bnez a5, 210             : IntAlu : 
1782000: system.cpu: T0 : 0x1d926    : lui s1, 111                : IntAlu :  D=0x000000000006f000
1782500: system.cpu: T0 : 0x1d92a    : c_mv a1, s0                : IntAlu :  D=0x0000000000000140
1783000: system.cpu: T0 : 0x1d92c    : addi a0, s1, 1480          : IntAlu :  D=0x000000000006f5c8
1783500: system.cpu: T0 : 0x1d930    : jal ra, -5228              : IntAlu :  D=0x000000000001d934
1784000: system.cpu: T0 : 0x1c4c4    : c_addi16sp sp, -256        : IntAlu :  D=0x7ffffffffffffbd0
1784500: system.cpu: T0 : 0x1c4c6    : c_sdsp ra, 248(sp)         : MemWrite :  D=0x000000000001d934 A=0x7ffffffffffffcc8
1785000: system.cpu: T0 : 0x1c4c8    : c_sdsp s0, 240(sp)         : MemWrite :  D=0x0000000000000140 A=0x7ffffffffffffcc0
1785500: system.cpu: T0 : 0x1c4ca    : c_sdsp s1, 232(sp)         : MemWrite :  D=0x000000000006f000 A=0x7ffffffffffffcb8
1786000: system.cpu: T0 : 0x1c4cc    : c_sdsp s2, 224(sp)         : MemWrite :  D=0x0000000000000000 A=0x7ffffffffffffcb0
1786500: system.cpu: T0 : 0x1c4ce    : c_sdsp s3, 216(sp)         : MemWrite :  D=0x000000000006efc0 A=0x7ffffffffffffca8
1787000: system.cpu: T0 : 0x1c4d0    : c_sdsp s4, 208(sp)         : MemWrite :  D=0x000000000000000a A=0x7ffffffffffffca0
1787500: system.cpu: T0 : 0x1c4d2    : c_sdsp s5, 200(sp)         : MemWrite :  D=0x0000000000073250 A=0x7ffffffffffffc98
1788000: system.cpu: T0 : 0x1c4d4    : c_sdsp s6, 192(sp)         : MemWrite :  D=0x0000000000072000 A=0x7ffffffffffffc90
1788500: system.cpu: T0 : 0x1c4d6    : c_sdsp s7, 184(sp)         : MemWrite :  D=0x0000000000000000 A=0x7ffffffffffffc88
1789000: system.cpu: T0 : 0x1c4d8    : c_sdsp s8, 176(sp)         : MemWrite :  D=0x0000000000000000 A=0x7ffffffffffffc80
1789500: system.cpu: T0 : 0x1c4da    : c_sdsp s9, 168(sp)         : MemWrite :  D=0x0000000000000000 A=0x7ffffffffffffc78
1790000: system.cpu: T0 : 0x1c4dc    : c_sdsp s10, 160(sp)        : MemWrite :  D=0x0000000000000000 A=0x7ffffffffffffc70
1790500: system.cpu: T0 : 0x1c4de    : c_sdsp s11, 152(sp)        : MemWrite :  D=0x0000000000000000 A=0x7ffffffffffffc68
1791000: system.cpu: T0 : 0x1c4e0    : blt a1, zero, 1198         : IntAlu : 
1791500: system.cpu: T0 : 0x1c4e4    : addi s0, a1, 23            : IntAlu :  D=0x0000000000000157
1792000: system.cpu: T0 : 0x1c4e8    : c_li a5, 31                : IntAlu :  D=0x000000000000001f
1792500: system.cpu: T0 : 0x1c4ea    : c_mv s3, a1                : IntAlu :  D=0x0000000000000140
1793000: system.cpu: T0 : 0x1c4ec    : c_mv s1, a0                : IntAlu :  D=0x000000000006f5c8
1794000: system.cpu: T0 : 0x1c4ee    : bltu a5, s0, 220           : IntAlu : 
1794500: system.cpu: T0 : 0x1c5ca    : c_andi s0, 18446744073709551600 : IntAlu :  D=0x0000000000000150
1795000: system.cpu: T0 : 0x1c5cc    : beq a0, zero, 988          : IntAlu : 
1795500: system.cpu: T0 : 0x1c5d0    : ld a4, -1376(gp)           : MemRead :  D=0x0000000000000080 A=0x70ac8
1796000: system.cpu: T0 : 0x1c5d4    : srliw s9, s0, 4            : IntAlu :  D=0x0000000000000015
1796500: system.cpu: T0 : 0x1c5d8    : srliw a5, s0, 4            : IntAlu :  D=0x0000000000000015
1797000: system.cpu: T0 : 0x1c5dc    : bgeu a4, s0, 506           : IntAlu : 
1797500: system.cpu: T0 : 0x1c5e0    : addi a4, zero, 1023        : IntAlu :  D=0x00000000000003ff
1798000: system.cpu: T0 : 0x1c5e4    : bgeu a4, s0, 1722          : IntAlu : 
1798500: system.cpu: T0 : 0x1cc9e    : c_addiw a5, -1             : IntAlu :  D=0x0000000000000014
1799000: system.cpu: T0 : 0x1cca0    : c_j -1406                  : IntAlu : 
1800000: system.cpu: T0 : 0x1c722    : slliw a5, a5, 1            : IntAlu :  D=0x0000000000000028
1800500: system.cpu: T0 : 0x1c726    : c_slli a5, 32              : IntAlu :  D=0x0000002800000000
1801000: system.cpu: T0 : 0x1c728    : c_srli a5, 32              : IntAlu :  D=0x0000000000000028
1801500: system.cpu: T0 : 0x1c72a    : c_addi a5, 14              : IntAlu :  D=0x0000000000000036
1802000: system.cpu: T0 : 0x1c72c    : c_slli a5, 3               : IntAlu :  D=0x00000000000001b0
1802500: system.cpu: T0 : 0x1c72e    : c_j -550                   : IntAlu : 
1803000: system.cpu: T0 : 0x1c508    : c_add a5, s1               : IntAlu :  D=0x000000000006f778
1804000: system.cpu: T0 : 0x1c50a    : ld s2, 8(a5)               : MemRead :  D=0x000000000006f768 A=0x6f780
1805000: system.cpu: T0 : 0x1c50e    : addi a3, a5, -16           : IntAlu :  D=0x000000000006f768
1806000: system.cpu: T0 : 0x1c512    : beq a3, s2, 748            : IntAlu : 
1807000: system.cpu: T0 : 0x1c7fe    : srli t1, s0, 9             : IntAlu :  D=0x0000000000000000
1808000: system.cpu: T0 : 0x1c802    : addiw a5, t1, 91           : IntAlu :  D=0x000000000000005b
1809000: system.cpu: T0 : 0x1c806    : srli s10, s0, 6            : IntAlu :  D=0x0000000000000005
1809500: system.cpu: T0 : 0x1c80a    : c_sdsp a5, 96(sp)          : MemWrite :  D=0x000000000000005b A=0x7ffffffffffffc30
1810000: system.cpu: T0 : 0x1c80c    : addiw a5, s10, 48          : IntAlu :  D=0x0000000000000035
1810500: system.cpu: T0 : 0x1c810    : c_sdsp a5, 88(sp)          : MemWrite :  D=0x0000000000000035 A=0x7ffffffffffffc28
1811500: system.cpu: T0 : 0x1c812    : addi a5, zero, 110         : IntAlu :  D=0x000000000000006e
1812000: system.cpu: T0 : 0x1c816    : c_sdsp a5, 112(sp)         : MemWrite :  D=0x000000000000006e A=0x7ffffffffffffc40
1812500: system.cpu: T0 : 0x1c818    : addi a5, zero, 119         : IntAlu :  D=0x0000000000000077
1813000: system.cpu: T0 : 0x1c81c    : c_sdsp a5, 104(sp)         : MemWrite :  D=0x0000000000000077 A=0x7ffffffffffffc38
1814000: system.cpu: T0 : 0x1c81e    : addi a5, zero, 124         : IntAlu :  D=0x000000000000007c
1814500: system.cpu: T0 : 0x1c822    : c_sdsp s9, 8(sp)           : MemWrite :  D=0x0000000000000015 A=0x7ffffffffffffbd8
1815000: system.cpu: T0 : 0x1c824    : c_sdsp a5, 120(sp)         : MemWrite :  D=0x000000000000007c A=0x7ffffffffffffc48
1815500: system.cpu: T0 : 0x1c826    : c_sdsp zero, 128(sp)       : MemWrite :  D=0x0000000000000000 A=0x7ffffffffffffc50
1816000: system.cpu: T0 : 0x1c828    : c_sdsp zero, 136(sp)       : MemWrite :  D=0x0000000000000000 A=0x7ffffffffffffc58
1817000: system.cpu: T0 : 0x1c82a    : ld a5, 40(tp)              : MemRead :  D=0x0000000000072f90 A=0x72738
1818000: system.cpu: T0 : 0x1c82e    : addi s6, s0, -17           : IntAlu :  D=0x000000000000013f
1819000: system.cpu: T0 : 0x1c832    : srli s6, s6, 4             : IntAlu :  D=0x0000000000000013
1819500: system.cpu: T0 : 0x1c836    : c_li s5, 0                 : IntAlu :  D=0x0000000000000000
1820000: system.cpu: T0 : 0x1c838    : c_beqz a5, 22              : IntAlu : 
1821000: system.cpu: T0 : 0x1c83a    : lui a5, 111                : IntAlu :  D=0x000000000006f000
1822000: system.cpu: T0 : 0x1c83e    : ld s5, 1448(a5)            : MemRead :  D=0x0000000000000040 A=0x6f5a8
1823000: system.cpu: T0 : 0x1c842    : sltu s5, s6, s5            : IntAlu :  D=0x0000000000000001
1824000: system.cpu: T0 : 0x1c846    : sub s5, zero, s5           : IntAlu :  D=0xffffffffffffffff
1825000: system.cpu: T0 : 0x1c84a    : and s5, s0, s5             : IntAlu :  D=0x0000000000000150
1826000: system.cpu: T0 : 0x1c84e    : lui a5, 111                : IntAlu :  D=0x000000000006f000
1826500: system.cpu: T0 : 0x1c852    : c_lui s11, 1               : IntAlu :  D=0x0000000000001000
1827000: system.cpu: T0 : 0x1c854    : lui s7, 111                : IntAlu :  D=0x000000000006f000
1827500: system.cpu: T0 : 0x1c858    : addi a5, a5, 1480          : IntAlu :  D=0x000000000006f5c8
1828000: system.cpu: T0 : 0x1c85c    : addi s8, s1, 96            : IntAlu :  D=0x000000000006f628
1828500: system.cpu: T0 : 0x1c860    : c_li t5, 0                 : IntAlu :  D=0x0000000000000000
1829500: system.cpu: T0 : 0x1c862    : addi s7, s7, 1368          : IntAlu :  D=0x000000000006f558
1830500: system.cpu: T0 : 0x1c866    : add a7, s1, s11            : IntAlu :  D=0x00000000000705c8
1831000: system.cpu: T0 : 0x1c86a    : c_sdsp a5, 56(sp)          : MemWrite :  D=0x000000000006f5c8 A=0x7ffffffffffffc08
1831500: system.cpu: T0 : 0x1c86c    : c_ld a5, 120(s1)           : MemRead :  D=0x000000000006f628 A=0x6f640
1832500: system.cpu: T0 : 0x1c86e    : beq a5, s8, 532            : IntAlu : 
1833500: system.cpu: T0 : 0x1ca82    : addi a5, zero, 1023        : IntAlu :  D=0x00000000000003ff
1834500: system.cpu: T0 : 0x1ca86    : bgeu a5, s0, 38            : IntAlu : 
1835000: system.cpu: T0 : 0x1caac    : c_ldsp a3, 8(sp)           : MemRead :  D=0x0000000000000015 A=0x7ffffffffffffbd8
1835500: system.cpu: T0 : 0x1caae    : c_li a0, 4                 : IntAlu :  D=0x0000000000000004
1836000: system.cpu: T0 : 0x1cab0    : addiw a5, a3, 1            : IntAlu :  D=0x0000000000000016
1836500: system.cpu: T0 : 0x1cab4    : srliw a4, a5, 5            : IntAlu :  D=0x0000000000000000
1837000: system.cpu: T0 : 0x1cab8    : slliw a3, a3, 1            : IntAlu :  D=0x000000000000002a
1837500: system.cpu: T0 : 0x1cabc    : addi a4, a4, 536           : IntAlu :  D=0x0000000000000218
1838000: system.cpu: T0 : 0x1cac0    : c_slli a3, 32              : IntAlu :  D=0x0000002a00000000
1838500: system.cpu: T0 : 0x1cac2    : c_slli a4, 2               : IntAlu :  D=0x0000000000000860
1839000: system.cpu: T0 : 0x1cac4    : c_srli a3, 32              : IntAlu :  D=0x000000000000002a
1839500: system.cpu: T0 : 0x1cac6    : c_add a4, s1               : IntAlu :  D=0x000000000006fe28
1840000: system.cpu: T0 : 0x1cac8    : c_slli a3, 3               : IntAlu :  D=0x0000000000000150
1840500: system.cpu: T0 : 0x1caca    : c_lw a2, 0(a4)             : MemRead :  D=0x0000000000000000 A=0x6fe28
1841000: system.cpu: T0 : 0x1cacc    : addi a3, a3, 96            : IntAlu :  D=0x00000000000001b0
1841500: system.cpu: T0 : 0x1cad0    : c_li a4, 1                 : IntAlu :  D=0x0000000000000001
1842500: system.cpu: T0 : 0x1cad2    : srliw s2, a5, 5            : IntAlu :  D=0x0000000000000000
1843000: system.cpu: T0 : 0x1cad6    : c_add a3, s1               : IntAlu :  D=0x000000000006f778
1843500: system.cpu: T0 : 0x1cad8    : sllw a5, a4, a5            : IntAlu :  D=0x0000000000400000
1844000: system.cpu: T0 : 0x1cadc    : bltu a2, a5, 144           : IntAlu : 
1844500: system.cpu: T0 : 0x1cb6c    : addiw a5, s2, 1            : IntAlu :  D=0x0000000000000001
1845000: system.cpu: T0 : 0x1cb70    : addiw s2, a5, 0            : IntAlu :  D=0x0000000000000001
1845500: system.cpu: T0 : 0x1cb74    : bne s2, a0, -26            : IntAlu : 
1846000: system.cpu: T0 : 0x1cb5a    : c_slli a5, 32              : IntAlu :  D=0x0000000100000000
1846500: system.cpu: T0 : 0x1cb5c    : c_srli a5, 32              : IntAlu :  D=0x0000000000000001
1847500: system.cpu: T0 : 0x1cb5e    : addi a5, a5, 536           : IntAlu :  D=0x0000000000000219
1848000: system.cpu: T0 : 0x1cb62    : c_slli a5, 2               : IntAlu :  D=0x0000000000000864
1848500: system.cpu: T0 : 0x1cb64    : c_add a5, s1               : IntAlu :  D=0x000000000006fe2c
1849000: system.cpu: T0 : 0x1cb66    : c_lw a2, 0(a5)             : MemRead :  D=0x0000000000000000 A=0x6fe2c
1849500: system.cpu: T0 : 0x1cb68    : bne a2, zero, 384          : IntAlu : 
1850000: system.cpu: T0 : 0x1cb6c    : addiw a5, s2, 1            : IntAlu :  D=0x0000000000000002
1850500: system.cpu: T0 : 0x1cb70    : addiw s2, a5, 0            : IntAlu :  D=0x0000000000000002
1851000: system.cpu: T0 : 0x1cb74    : bne s2, a0, -26            : IntAlu : 
1851500: system.cpu: T0 : 0x1cb5a    : c_slli a5, 32              : IntAlu :  D=0x0000000200000000
1852000: system.cpu: T0 : 0x1cb5c    : c_srli a5, 32              : IntAlu :  D=0x0000000000000002
1853000: system.cpu: T0 : 0x1cb5e    : addi a5, a5, 536           : IntAlu :  D=0x000000000000021a
1853500: system.cpu: T0 : 0x1cb62    : c_slli a5, 2               : IntAlu :  D=0x0000000000000868
1854000: system.cpu: T0 : 0x1cb64    : c_add a5, s1               : IntAlu :  D=0x000000000006fe30
1854500: system.cpu: T0 : 0x1cb66    : c_lw a2, 0(a5)             : MemRead :  D=0x0000000000000000 A=0x6fe30
1855000: system.cpu: T0 : 0x1cb68    : bne a2, zero, 384          : IntAlu : 
1855500: system.cpu: T0 : 0x1cb6c    : addiw a5, s2, 1            : IntAlu :  D=0x0000000000000003
1856000: system.cpu: T0 : 0x1cb70    : addiw s2, a5, 0            : IntAlu :  D=0x0000000000000003
1856500: system.cpu: T0 : 0x1cb74    : bne s2, a0, -26            : IntAlu : 
1857000: system.cpu: T0 : 0x1cb5a    : c_slli a5, 32              : IntAlu :  D=0x0000000300000000
1857500: system.cpu: T0 : 0x1cb5c    : c_srli a5, 32              : IntAlu :  D=0x0000000000000003
1858500: system.cpu: T0 : 0x1cb5e    : addi a5, a5, 536           : IntAlu :  D=0x000000000000021b
1859000: system.cpu: T0 : 0x1cb62    : c_slli a5, 2               : IntAlu :  D=0x000000000000086c
1859500: system.cpu: T0 : 0x1cb64    : c_add a5, s1               : IntAlu :  D=0x000000000006fe34
1860000: system.cpu: T0 : 0x1cb66    : c_lw a2, 0(a5)             : MemRead :  D=0x0000000000000000 A=0x6fe34
1860500: system.cpu: T0 : 0x1cb68    : bne a2, zero, 384          : IntAlu : 
1861000: system.cpu: T0 : 0x1cb6c    : addiw a5, s2, 1            : IntAlu :  D=0x0000000000000004
1861500: system.cpu: T0 : 0x1cb70    : addiw s2, a5, 0            : IntAlu :  D=0x0000000000000004
1862000: system.cpu: T0 : 0x1cb74    : bne s2, a0, -26            : IntAlu : 
1862500: system.cpu: T0 : 0x1cb78    : c_ld a4, 96(s1)            : MemRead :  D=0x0000000000073270 A=0x6f628
1863500: system.cpu: T0 : 0x1cb7a    : ld a3, -1912(a7)           : MemRead :  D=0x0000000000021080 A=0x6fe50
1864000: system.cpu: T0 : 0x1cb7e    : c_ld a5, 8(a4)             : MemRead :  D=0x0000000000020d91 A=0x73278
1864500: system.cpu: T0 : 0x1cb80    : c_andi a5, 18446744073709551608 : IntAlu :  D=0x0000000000020d90
1865500: system.cpu: T0 : 0x1cb82    : bltu a3, a5, 548           : IntAlu : 
1866500: system.cpu: T0 : 0x1cb86    : addi a3, s0, 32            : IntAlu :  D=0x0000000000000170
1867500: system.cpu: T0 : 0x1cb8a    : bgeu a5, a3, 640           : IntAlu : 
1868500: system.cpu: T0 : 0x1ce0a    : add a0, a4, s0             : IntAlu :  D=0x00000000000733c0
1869500: system.cpu: T0 : 0x1ce0e    : lui a2, 111                : IntAlu :  D=0x000000000006f000
1870000: system.cpu: T0 : 0x1ce12    : c_sd a0, 96(s1)            : MemWrite :  D=0x00000000000733c0 A=0x6f628
1870500: system.cpu: T0 : 0x1ce14    : addi a2, a2, 1480          : IntAlu :  D=0x000000000006f5c8
1871000: system.cpu: T0 : 0x1ce18    : c_sub a5, s0               : IntAlu :  D=0x0000000000020c40
1871500: system.cpu: T0 : 0x1ce1a    : c_li a3, 4                 : IntAlu :  D=0x0000000000000004
1872000: system.cpu: T0 : 0x1ce1c    : beq s1, a2, 116            : IntAlu : 
1872500: system.cpu: T0 : 0x1ce90    : c_li a3, 0                 : IntAlu :  D=0x0000000000000000
1873000: system.cpu: T0 : 0x1ce92    : c_j -114                   : IntAlu : 
1873500: system.cpu: T0 : 0x1ce20    : c_or a3, s0                : IntAlu :  D=0x0000000000000150
1874500: system.cpu: T0 : 0x1ce22    : ori a3, a3, 1              : IntAlu :  D=0x0000000000000151
1875500: system.cpu: T0 : 0x1ce26    : lw a1, -1396(gp)           : MemRead :  D=0x0000000000000000 A=0x70ab4
1876000: system.cpu: T0 : 0x1ce2a    : c_sd a3, 8(a4)             : MemWrite :  D=0x0000000000000151 A=0x73278
1876500: system.cpu: T0 : 0x1ce2c    : ori a5, a5, 1              : IntAlu :  D=0x0000000000020c41
1877000: system.cpu: T0 : 0x1ce30    : c_sd a5, 8(a0)             : MemWrite :  D=0x0000000000020c41 A=0x733c8
1878000: system.cpu: T0 : 0x1ce32    : addi s2, a4, 16            : IntAlu :  D=0x0000000000073280
1879000: system.cpu: T0 : 0x1ce36    : beq a1, zero, -1664        : IntAlu : 
1879500: system.cpu: T0 : 0x1c7b6    : c_ldsp ra, 248(sp)         : MemRead :  D=0x000000000001d934 A=0x7ffffffffffffcc8
1880000: system.cpu: T0 : 0x1c7b8    : c_ldsp s0, 240(sp)         : MemRead :  D=0x0000000000000140 A=0x7ffffffffffffcc0
1880500: system.cpu: T0 : 0x1c7ba    : c_ldsp s1, 232(sp)         : MemRead :  D=0x000000000006f000 A=0x7ffffffffffffcb8
1881000: system.cpu: T0 : 0x1c7bc    : c_ldsp s3, 216(sp)         : MemRead :  D=0x000000000006efc0 A=0x7ffffffffffffca8
1881500: system.cpu: T0 : 0x1c7be    : c_ldsp s4, 208(sp)         : MemRead :  D=0x000000000000000a A=0x7ffffffffffffca0
1882000: system.cpu: T0 : 0x1c7c0    : c_ldsp s5, 200(sp)         : MemRead :  D=0x0000000000073250 A=0x7ffffffffffffc98
1882500: system.cpu: T0 : 0x1c7c2    : c_ldsp s6, 192(sp)         : MemRead :  D=0x0000000000072000 A=0x7ffffffffffffc90
1883000: system.cpu: T0 : 0x1c7c4    : c_ldsp s7, 184(sp)         : MemRead :  D=0x0000000000000000 A=0x7ffffffffffffc88
1883500: system.cpu: T0 : 0x1c7c6    : c_ldsp s8, 176(sp)         : MemRead :  D=0x0000000000000000 A=0x7ffffffffffffc80
1884000: system.cpu: T0 : 0x1c7c8    : c_ldsp s9, 168(sp)         : MemRead :  D=0x0000000000000000 A=0x7ffffffffffffc78
1884500: system.cpu: T0 : 0x1c7ca    : c_ldsp s10, 160(sp)        : MemRead :  D=0x0000000000000000 A=0x7ffffffffffffc70
1885000: system.cpu: T0 : 0x1c7cc    : c_ldsp s11, 152(sp)        : MemRead :  D=0x0000000000000000 A=0x7ffffffffffffc68
1885500: system.cpu: T0 : 0x1c7ce    : c_mv a0, s2                : IntAlu :  D=0x0000000000073280
1886000: system.cpu: T0 : 0x1c7d0    : c_ldsp s2, 224(sp)         : MemRead :  D=0x0000000000000000 A=0x7ffffffffffffcb0
1886500: system.cpu: T0 : 0x1c7d2    : c_addi16sp sp, 256         : IntAlu :  D=0x7ffffffffffffcd0
1887000: system.cpu: T0 : 0x1c7d4    : c_jr ra                    : IntAlu : 
1887500: system.cpu: T0 : 0x1d934    : c_mv a5, a0                : IntAlu :  D=0x0000000000073280
1888000: system.cpu: T0 : 0x1d936    : c_beqz a0, 150             : IntAlu : 
1888500: system.cpu: T0 : 0x1d938    : ld a4, -8(a0)              : MemRead :  D=0x0000000000000151 A=0x73278
1889000: system.cpu: T0 : 0x1d93c    : andi a3, a4, 2             : IntAlu :  D=0x0000000000000000
1889500: system.cpu: T0 : 0x1d940    : c_bnez a3, 26              : IntAlu : 
1890000: system.cpu: T0 : 0x1d942    : c_andi a4, 4               : IntAlu :  D=0x0000000000000000
1890500: system.cpu: T0 : 0x1d944    : c_beqz a4, 22              : IntAlu : 
1891000: system.cpu: T0 : 0x1d95a    : c_ldsp ra, 24(sp)          : MemRead :  D=0x000000000003af32 A=0x7ffffffffffffce8
1891500: system.cpu: T0 : 0x1d95c    : c_ldsp s0, 16(sp)          : MemRead :  D=0x7ffffffffffffd30 A=0x7ffffffffffffce0
1892000: system.cpu: T0 : 0x1d95e    : c_ldsp s1, 8(sp)           : MemRead :  D=0x0000000000000002 A=0x7ffffffffffffcd8
1892500: system.cpu: T0 : 0x1d960    : c_ldsp s2, 0(sp)           : MemRead :  D=0x0000000000000000 A=0x7ffffffffffffcd0
1893000: system.cpu: T0 : 0x1d962    : c_mv a0, a5                : IntAlu :  D=0x0000000000073280
1893500: system.cpu: T0 : 0x1d964    : c_addi16sp sp, 32          : IntAlu :  D=0x7ffffffffffffcf0
1894000: system.cpu: T0 : 0x1d966    : c_jr ra                    : IntAlu : 
1895000: system.cpu: T0 : 0x3af32    : sd a0, 0(s5)               : MemWrite :  D=0x0000000000073280 A=0x73250
1895500: system.cpu: T0 : 0x3af36    : c_mv a2, a0                : IntAlu :  D=0x0000000000073280
1896000: system.cpu: T0 : 0x3af38    : beq a0, zero, 386          : IntAlu : 
1896500: system.cpu: T0 : 0x3af3c    : lui a5, 114                : IntAlu :  D=0x0000000000072000
1897000: system.cpu: T0 : 0x3af40    : lui a3, 97                 : IntAlu :  D=0x0000000000061000
1897500: system.cpu: T0 : 0x3af44    : lui a0, 97                 : IntAlu :  D=0x0000000000061000
1898000: system.cpu: T0 : 0x3af48    : addi a3, a3, 2000          : IntAlu :  D=0x00000000000617d0
1898500: system.cpu: T0 : 0x3af4c    : addi a0, a0, 1552          : IntAlu :  D=0x0000000000061610
1899000: system.cpu: T0 : 0x3af50    : sd a2, -384(a5)            : MemWrite :  D=0x0000000000073280 A=0x71e80
1899500: system.cpu: T0 : 0x3af54    : c_li a5, 23                : IntAlu :  D=0x0000000000000017
1900000: system.cpu: T0 : 0x3af56    : c_sd a3, 24(a2)            : MemWrite :  D=0x00000000000617d0 A=0x73298
1900500: system.cpu: T0 : 0x3af58    : addi a6, a3, 72            : IntAlu :  D=0x0000000000061818
1901000: system.cpu: T0 : 0x3af5c    : sw zero, 40(s3)            : MemWrite :  D=0x0000000000000000 A=0x6efe8
1901500: system.cpu: T0 : 0x3af60    : addi a1, s5, 8             : IntAlu :  D=0x0000000000073258
1902000: system.cpu: T0 : 0x3af64    : c_sd a0, 8(a2)             : MemWrite :  D=0x0000000000061610 A=0x73288
1903000: system.cpu: T0 : 0x3af66    : sd zero, 16(a2)            : MemWrite :  D=0x0000000000000000 A=0x73290
1903500: system.cpu: T0 : 0x3af6a    : c_sd a5, 32(a2)            : MemWrite :  D=0x0000000000000017 A=0x732a0
1904000: system.cpu: T0 : 0x3af6c    : slli a7, s4, 3             : IntAlu :  D=0x0000000000000050
1904500: system.cpu: T0 : 0x3af70    : addi t3, s5, 32            : IntAlu :  D=0x0000000000073270
1905000: system.cpu: T0 : 0x3af74    : c_addi a3, 24              : IntAlu :  D=0x00000000000617e8
1906000: system.cpu: T0 : 0x3af76    : addi t4, zero, 47          : IntAlu :  D=0x000000000000002f
1907000: system.cpu: T0 : 0x3af7a    : addi a4, a2, 40            : IntAlu :  D=0x00000000000732a8
1907500: system.cpu: T0 : 0x3af7e    : c_li a5, 0                 : IntAlu :  D=0x0000000000000000
1908000: system.cpu: T0 : 0x3af80    : c_beqz s1, 14              : IntAlu : 
1909000: system.cpu: T0 : 0x3af82    : sw zero, 0(a4)             : MemWrite :  D=0x0000000000000000 A=0x732a8
1909500: system.cpu: T0 : 0x3af86    : c_addi a5, 1               : IntAlu :  D=0x0000000000000001
1910000: system.cpu: T0 : 0x3af88    : c_addi a4, 4               : IntAlu :  D=0x00000000000732ac
1911000: system.cpu: T0 : 0x3af8a    : bne s1, a5, -8             : IntAlu : 
1912000: system.cpu: T0 : 0x3af82    : sw zero, 0(a4)             : MemWrite :  D=0x0000000000000000 A=0x732ac
1912500: system.cpu: T0 : 0x3af86    : c_addi a5, 1               : IntAlu :  D=0x0000000000000002
1913000: system.cpu: T0 : 0x3af88    : c_addi a4, 4               : IntAlu :  D=0x00000000000732b0
1914000: system.cpu: T0 : 0x3af8a    : bne s1, a5, -8             : IntAlu : 
1915000: system.cpu: T0 : 0x3af8e    : beq t3, a1, 48             : IntAlu : 
1916000: system.cpu: T0 : 0x3af92    : ld a4, 8(a6)               : MemRead :  D=0x000000000000001b A=0x61820
1917000: system.cpu: T0 : 0x3af96    : add a5, a2, a7             : IntAlu :  D=0x00000000000732d0
1918000: system.cpu: T0 : 0x3af9a    : lbu t1, 0(a3)              : MemRead :  D=0x000000000000002f A=0x617e8
1918500: system.cpu: T0 : 0x3af9e    : c_sd a5, 0(a2)             : MemWrite :  D=0x00000000000732d0 A=0x73280
1919000: system.cpu: T0 : 0x3afa0    : c_sd a3, 24(a5)            : MemWrite :  D=0x00000000000617e8 A=0x732e8
1920000: system.cpu: T0 : 0x3afa2    : addi a2, a4, 1             : IntAlu :  D=0x000000000000001c
1920500: system.cpu: T0 : 0x3afa6    : c_sd a5, 0(a1)             : MemWrite :  D=0x00000000000732d0 A=0x73258
1921000: system.cpu: T0 : 0x3afa8    : c_sd a0, 8(a5)             : MemWrite :  D=0x0000000000061610 A=0x732d8
1922000: system.cpu: T0 : 0x3afaa    : sd zero, 16(a5)            : MemWrite :  D=0x0000000000000000 A=0x732e0
1922500: system.cpu: T0 : 0x3afae    : c_sd a4, 32(a5)            : MemWrite :  D=0x000000000000001b A=0x732f0
1923000: system.cpu: T0 : 0x3afb0    : c_addi a1, 8               : IntAlu :  D=0x0000000000073260
1923500: system.cpu: T0 : 0x3afb2    : c_add a3, a2               : IntAlu :  D=0x0000000000061804
1924000: system.cpu: T0 : 0x3afb4    : c_addi a6, 8               : IntAlu :  D=0x0000000000061820
1925000: system.cpu: T0 : 0x3afb6    : bne t1, t4, 228            : IntAlu : 
1925500: system.cpu: T0 : 0x3afba    : c_mv a2, a5                : IntAlu :  D=0x00000000000732d0
1926000: system.cpu: T0 : 0x3afbc    : c_j -66                    : IntAlu : 
1927000: system.cpu: T0 : 0x3af7a    : addi a4, a2, 40            : IntAlu :  D=0x00000000000732f8
1927500: system.cpu: T0 : 0x3af7e    : c_li a5, 0                 : IntAlu :  D=0x0000000000000000
1928000: system.cpu: T0 : 0x3af80    : c_beqz s1, 14              : IntAlu : 
1929000: system.cpu: T0 : 0x3af82    : sw zero, 0(a4)             : MemWrite :  D=0x0000000000000000 A=0x732f8
1929500: system.cpu: T0 : 0x3af86    : c_addi a5, 1               : IntAlu :  D=0x0000000000000001
1930000: system.cpu: T0 : 0x3af88    : c_addi a4, 4               : IntAlu :  D=0x00000000000732fc
1931000: system.cpu: T0 : 0x3af8a    : bne s1, a5, -8             : IntAlu : 
1932000: system.cpu: T0 : 0x3af82    : sw zero, 0(a4)             : MemWrite :  D=0x0000000000000000 A=0x732fc
1932500: system.cpu: T0 : 0x3af86    : c_addi a5, 1               : IntAlu :  D=0x0000000000000002
1933000: system.cpu: T0 : 0x3af88    : c_addi a4, 4               : IntAlu :  D=0x0000000000073300
1934000: system.cpu: T0 : 0x3af8a    : bne s1, a5, -8             : IntAlu : 
1935000: system.cpu: T0 : 0x3af8e    : beq t3, a1, 48             : IntAlu : 
1936000: system.cpu: T0 : 0x3af92    : ld a4, 8(a6)               : MemRead :  D=0x0000000000000005 A=0x61828
1937000: system.cpu: T0 : 0x3af96    : add a5, a2, a7             : IntAlu :  D=0x0000000000073320
1938000: system.cpu: T0 : 0x3af9a    : lbu t1, 0(a3)              : MemRead :  D=0x000000000000002f A=0x61804
1938500: system.cpu: T0 : 0x3af9e    : c_sd a5, 0(a2)             : MemWrite :  D=0x0000000000073320 A=0x732d0
1939000: system.cpu: T0 : 0x3afa0    : c_sd a3, 24(a5)            : MemWrite :  D=0x0000000000061804 A=0x73338
1940000: system.cpu: T0 : 0x3afa2    : addi a2, a4, 1             : IntAlu :  D=0x0000000000000006
1940500: system.cpu: T0 : 0x3afa6    : c_sd a5, 0(a1)             : MemWrite :  D=0x0000000000073320 A=0x73260
1941000: system.cpu: T0 : 0x3afa8    : c_sd a0, 8(a5)             : MemWrite :  D=0x0000000000061610 A=0x73328
1942000: system.cpu: T0 : 0x3afaa    : sd zero, 16(a5)            : MemWrite :  D=0x0000000000000000 A=0x73330
1942500: system.cpu: T0 : 0x3afae    : c_sd a4, 32(a5)            : MemWrite :  D=0x0000000000000005 A=0x73340
1943000: system.cpu: T0 : 0x3afb0    : c_addi a1, 8               : IntAlu :  D=0x0000000000073268
1943500: system.cpu: T0 : 0x3afb2    : c_add a3, a2               : IntAlu :  D=0x000000000006180a
1944000: system.cpu: T0 : 0x3afb4    : c_addi a6, 8               : IntAlu :  D=0x0000000000061828
1945000: system.cpu: T0 : 0x3afb6    : bne t1, t4, 228            : IntAlu : 
1945500: system.cpu: T0 : 0x3afba    : c_mv a2, a5                : IntAlu :  D=0x0000000000073320
1946000: system.cpu: T0 : 0x3afbc    : c_j -66                    : IntAlu : 
1947000: system.cpu: T0 : 0x3af7a    : addi a4, a2, 40            : IntAlu :  D=0x0000000000073348
1947500: system.cpu: T0 : 0x3af7e    : c_li a5, 0                 : IntAlu :  D=0x0000000000000000
1948000: system.cpu: T0 : 0x3af80    : c_beqz s1, 14              : IntAlu : 
1949000: system.cpu: T0 : 0x3af82    : sw zero, 0(a4)             : MemWrite :  D=0x0000000000000000 A=0x73348
1949500: system.cpu: T0 : 0x3af86    : c_addi a5, 1               : IntAlu :  D=0x0000000000000001
1950000: system.cpu: T0 : 0x3af88    : c_addi a4, 4               : IntAlu :  D=0x000000000007334c
1951000: system.cpu: T0 : 0x3af8a    : bne s1, a5, -8             : IntAlu : 
1952000: system.cpu: T0 : 0x3af82    : sw zero, 0(a4)             : MemWrite :  D=0x0000000000000000 A=0x7334c
1952500: system.cpu: T0 : 0x3af86    : c_addi a5, 1               : IntAlu :  D=0x0000000000000002
1953000: system.cpu: T0 : 0x3af88    : c_addi a4, 4               : IntAlu :  D=0x0000000000073350
1954000: system.cpu: T0 : 0x3af8a    : bne s1, a5, -8             : IntAlu : 
1955000: system.cpu: T0 : 0x3af8e    : beq t3, a1, 48             : IntAlu : 
1956000: system.cpu: T0 : 0x3af92    : ld a4, 8(a6)               : MemRead :  D=0x0000000000000009 A=0x61830
1957000: system.cpu: T0 : 0x3af96    : add a5, a2, a7             : IntAlu :  D=0x0000000000073370
1958000: system.cpu: T0 : 0x3af9a    : lbu t1, 0(a3)              : MemRead :  D=0x000000000000002f A=0x6180a
1958500: system.cpu: T0 : 0x3af9e    : c_sd a5, 0(a2)             : MemWrite :  D=0x0000000000073370 A=0x73320
1959000: system.cpu: T0 : 0x3afa0    : c_sd a3, 24(a5)            : MemWrite :  D=0x000000000006180a A=0x73388
1960000: system.cpu: T0 : 0x3afa2    : addi a2, a4, 1             : IntAlu :  D=0x000000000000000a
1960500: system.cpu: T0 : 0x3afa6    : c_sd a5, 0(a1)             : MemWrite :  D=0x0000000000073370 A=0x73268
1961000: system.cpu: T0 : 0x3afa8    : c_sd a0, 8(a5)             : MemWrite :  D=0x0000000000061610 A=0x73378
1962000: system.cpu: T0 : 0x3afaa    : sd zero, 16(a5)            : MemWrite :  D=0x0000000000000000 A=0x73380
1962500: system.cpu: T0 : 0x3afae    : c_sd a4, 32(a5)            : MemWrite :  D=0x0000000000000009 A=0x73390
1963000: system.cpu: T0 : 0x3afb0    : c_addi a1, 8               : IntAlu :  D=0x0000000000073270
1963500: system.cpu: T0 : 0x3afb2    : c_add a3, a2               : IntAlu :  D=0x0000000000061814
1964000: system.cpu: T0 : 0x3afb4    : c_addi a6, 8               : IntAlu :  D=0x0000000000061830
1965000: system.cpu: T0 : 0x3afb6    : bne t1, t4, 228            : IntAlu : 
1965500: system.cpu: T0 : 0x3afba    : c_mv a2, a5                : IntAlu :  D=0x0000000000073370
1966000: system.cpu: T0 : 0x3afbc    : c_j -66                    : IntAlu : 
1967000: system.cpu: T0 : 0x3af7a    : addi a4, a2, 40            : IntAlu :  D=0x0000000000073398
1967500: system.cpu: T0 : 0x3af7e    : c_li a5, 0                 : IntAlu :  D=0x0000000000000000
1968000: system.cpu: T0 : 0x3af80    : c_beqz s1, 14              : IntAlu : 
1969000: system.cpu: T0 : 0x3af82    : sw zero, 0(a4)             : MemWrite :  D=0x0000000000000000 A=0x73398
1969500: system.cpu: T0 : 0x3af86    : c_addi a5, 1               : IntAlu :  D=0x0000000000000001
1970000: system.cpu: T0 : 0x3af88    : c_addi a4, 4               : IntAlu :  D=0x000000000007339c
1971000: system.cpu: T0 : 0x3af8a    : bne s1, a5, -8             : IntAlu : 
1972000: system.cpu: T0 : 0x3af82    : sw zero, 0(a4)             : MemWrite :  D=0x0000000000000000 A=0x7339c
1972500: system.cpu: T0 : 0x3af86    : c_addi a5, 1               : IntAlu :  D=0x0000000000000002
1973000: system.cpu: T0 : 0x3af88    : c_addi a4, 4               : IntAlu :  D=0x00000000000733a0
1974000: system.cpu: T0 : 0x3af8a    : bne s1, a5, -8             : IntAlu : 
1975000: system.cpu: T0 : 0x3af8e    : beq t3, a1, 48             : IntAlu : 
1975500: system.cpu: T0 : 0x3afbe    : c_li a4, 27                : IntAlu :  D=0x000000000000001b
1976000: system.cpu: T0 : 0x3afc0    : sd zero, 0(a2)             : MemWrite :  D=0x0000000000000000 A=0x73370
1976500: system.cpu: T0 : 0x3afc4    : sd a4, -1192(gp)           : MemWrite :  D=0x000000000000001b A=0x70b80
1977000: system.cpu: T0 : 0x3afc8    : sd zero, 32(s5)            : MemWrite :  D=0x0000000000000000 A=0x73270
1977500: system.cpu: T0 : 0x3afcc    : beq s2, zero, 10           : IntAlu : 
1978000: system.cpu: T0 : 0x3afd6    : c_li a5, -1                : IntAlu :  D=0xffffffffffffffff
1978500: system.cpu: T0 : 0x3afd8    : sd a5, 48(s3)              : MemWrite :  D=0xffffffffffffffff A=0x6eff0
1979000: system.cpu: T0 : 0x3afdc    : addi sp, s0, -64           : IntAlu :  D=0x7ffffffffffffcf0
1979500: system.cpu: T0 : 0x3afe0    : c_ldsp ra, 56(sp)          : MemRead :  D=0x00000000000228c6 A=0x7ffffffffffffd28
1980000: system.cpu: T0 : 0x3afe2    : c_ldsp s0, 48(sp)          : MemRead :  D=0x000000000006ef80 A=0x7ffffffffffffd20
1980500: system.cpu: T0 : 0x3afe4    : c_ldsp s1, 40(sp)          : MemRead :  D=0x000000000006fe60 A=0x7ffffffffffffd18
1981000: system.cpu: T0 : 0x3afe6    : c_ldsp s2, 32(sp)          : MemRead :  D=0x0000000000072000 A=0x7ffffffffffffd10
1981500: system.cpu: T0 : 0x3afe8    : c_ldsp s3, 24(sp)          : MemRead :  D=0x0000000000072000 A=0x7ffffffffffffd08
1982000: system.cpu: T0 : 0x3afea    : c_ldsp s4, 16(sp)          : MemRead :  D=0x0000000000070000 A=0x7ffffffffffffd00
1982500: system.cpu: T0 : 0x3afec    : c_ldsp s5, 8(sp)           : MemRead :  D=0x0000000000072000 A=0x7ffffffffffffcf8
1983000: system.cpu: T0 : 0x3afee    : c_addi16sp sp, 64          : IntAlu :  D=0x7ffffffffffffd30
1983500: system.cpu: T0 : 0x3aff0    : c_jr ra                    : IntAlu : 
1984500: system.cpu: T0 : 0x228c6    : lui a5, 114                : IntAlu :  D=0x0000000000072000
1985500: system.cpu: T0 : 0x228ca    : ld a4, -384(a5)            : MemRead :  D=0x0000000000073280 A=0x71e80
1986500: system.cpu: T0 : 0x228ce    : lui a0, 80                 : IntAlu :  D=0x0000000000050000
1987500: system.cpu: T0 : 0x228d2    : lui a5, 114                : IntAlu :  D=0x0000000000072000
1988500: system.cpu: T0 : 0x228d6    : addi a0, a0, -320          : IntAlu :  D=0x000000000004fec0
1989500: system.cpu: T0 : 0x228da    : sd a4, -424(a5)            : MemWrite :  D=0x0000000000073280 A=0x71e58
1990500: system.cpu: T0 : 0x228de    : jal ra, -57838             : IntAlu :  D=0x00000000000228e2
1991000: system.cpu: T0 : 0x146f0    : c_addi16sp sp, -64         : IntAlu :  D=0x7ffffffffffffcf0
1991500: system.cpu: T0 : 0x146f2    : c_sdsp s1, 40(sp)          : MemWrite :  D=0x000000000006fe60 A=0x7ffffffffffffd18
1992000: system.cpu: T0 : 0x146f4    : ld s1, -1360(gp)           : MemRead :  D=0x7fffffffffffff48 A=0x70ad8
1992500: system.cpu: T0 : 0x146f8    : c_sdsp ra, 56(sp)          : MemWrite :  D=0x00000000000228e2 A=0x7ffffffffffffd28
1993000: system.cpu: T0 : 0x146fa    : c_sdsp s0, 48(sp)          : MemWrite :  D=0x000000000006ef80 A=0x7ffffffffffffd20
1993500: system.cpu: T0 : 0x146fc    : c_sdsp s2, 32(sp)          : MemWrite :  D=0x0000000000072000 A=0x7ffffffffffffd10
1994000: system.cpu: T0 : 0x146fe    : c_sdsp s3, 24(sp)          : MemWrite :  D=0x0000000000072000 A=0x7ffffffffffffd08
1994500: system.cpu: T0 : 0x14700    : c_sdsp s4, 16(sp)          : MemWrite :  D=0x0000000000070000 A=0x7ffffffffffffd00
1995000: system.cpu: T0 : 0x14702    : c_sdsp s5, 8(sp)           : MemWrite :  D=0x0000000000072000 A=0x7ffffffffffffcf8
1995500: system.cpu: T0 : 0x14704    : c_sdsp s6, 0(sp)           : MemWrite :  D=0x0000000000072000 A=0x7ffffffffffffcf0
1996000: system.cpu: T0 : 0x14706    : c_beqz s1, 210             : IntAlu : 
1996500: system.cpu: T0 : 0x14708    : lbu a5, 0(a0)              : MemRead :  D=0x000000000000004c A=0x4fec0
1997000: system.cpu: T0 : 0x1470c    : c_mv s4, a0                : IntAlu :  D=0x000000000004fec0
1997500: system.cpu: T0 : 0x1470e    : c_beqz a5, 202             : IntAlu : 
1998000: system.cpu: T0 : 0x14710    : lbu s5, 1(a0)              : MemRead :  D=0x0000000000000044 A=0x4fec1
1998500: system.cpu: T0 : 0x14714    : slliw s2, a5, 16           : IntAlu :  D=0x00000000004c0000
1999000: system.cpu: T0 : 0x14718    : c_ld s0, 0(s1)             : MemRead :  D=0x0000000000000000 A=0x7fffffffffffff48
2000000: system.cpu: T0 : 0x1471a    : sraiw s2, s2, 16           : IntAlu :  D=0x000000000000004c
2001000: system.cpu: T0 : 0x1471e    : bne s5, zero, 86           : IntAlu : 
2001500: system.cpu: T0 : 0x14774    : jal ra, 42488              : IntAlu :  D=0x0000000000014778
2002000: system.cpu: T0 : 0x1ed6c    : andi a5, a0, 7             : IntAlu :  D=0x0000000000000000
2002500: system.cpu: T0 : 0x1ed70    : c_beqz a5, 26              : IntAlu : 
2003000: system.cpu: T0 : 0x1ed8a    : c_mv a5, a0                : IntAlu :  D=0x000000000004fec0
2003500: system.cpu: T0 : 0x1ed8c    : ld a6, -2024(gp)           : MemRead :  D=0xfefefefefefefeff A=0x70840
2004000: system.cpu: T0 : 0x1ed90    : ld a1, -2016(gp)           : MemRead :  D=0x8080808080808080 A=0x70848
2004500: system.cpu: T0 : 0x1ed94    : c_ld a2, 0(a5)             : MemRead :  D=0x5f444e49425f444c A=0x4fec0
2005500: system.cpu: T0 : 0x1ed96    : addi a3, a5, 8             : IntAlu :  D=0x000000000004fec8
2006500: system.cpu: T0 : 0x1ed9a    : add a4, a2, a6             : IntAlu :  D=0x5e434d48415e434b
2007500: system.cpu: T0 : 0x1ed9e    : xori a2, a2, 18446744073709551615 : IntAlu :  D=0xa0bbb1b6bda0bbb3
2008000: system.cpu: T0 : 0x1eda2    : c_and a4, a2               : IntAlu :  D=0x0003010001000303
2008500: system.cpu: T0 : 0x1eda4    : c_and a4, a1               : IntAlu :  D=0x0000000000000000
2009000: system.cpu: T0 : 0x1eda6    : c_beqz a4, 50              : IntAlu : 
2009500: system.cpu: T0 : 0x1edd8    : c_mv a5, a3                : IntAlu :  D=0x000000000004fec8
2010000: system.cpu: T0 : 0x1edda    : c_j -70                    : IntAlu : 
2010500: system.cpu: T0 : 0x1ed94    : c_ld a2, 0(a5)             : MemRead :  D=0x0000000000574f4e A=0x4fec8
2011500: system.cpu: T0 : 0x1ed96    : addi a3, a5, 8             : IntAlu :  D=0x000000000004fed0
2012500: system.cpu: T0 : 0x1ed9a    : add a4, a2, a6             : IntAlu :  D=0xfefefefeff564e4d
2013500: system.cpu: T0 : 0x1ed9e    : xori a2, a2, 18446744073709551615 : IntAlu :  D=0xffffffffffa8b0b1
2014000: system.cpu: T0 : 0x1eda2    : c_and a4, a2               : IntAlu :  D=0xfefefefeff000001
2014500: system.cpu: T0 : 0x1eda4    : c_and a4, a1               : IntAlu :  D=0x8080808080000000
2015000: system.cpu: T0 : 0x1eda6    : c_beqz a4, 50              : IntAlu : 
2015500: system.cpu: T0 : 0x1eda8    : lbu a4, -8(a3)             : MemRead :  D=0x000000000000004e A=0x4fec8
2016000: system.cpu: T0 : 0x1edac    : c_beqz a4, -40             : IntAlu : 
2017000: system.cpu: T0 : 0x1edae    : lbu a4, -7(a3)             : MemRead :  D=0x000000000000004f A=0x4fec9
2017500: system.cpu: T0 : 0x1edb2    : c_beqz a4, 50              : IntAlu : 
2018000: system.cpu: T0 : 0x1edb4    : lbu a4, -6(a3)             : MemRead :  D=0x0000000000000057 A=0x4feca
2018500: system.cpu: T0 : 0x1edb8    : c_beqz a4, 52              : IntAlu : 
2019500: system.cpu: T0 : 0x1edba    : lbu a4, -5(a3)             : MemRead :  D=0x0000000000000000 A=0x4fecb
2020000: system.cpu: T0 : 0x1edbe    : c_beqz a4, 54              : IntAlu : 
2020500: system.cpu: T0 : 0x1edf4    : c_sub a5, a0               : IntAlu :  D=0x0000000000000008
2021500: system.cpu: T0 : 0x1edf6    : addi a0, a5, 3             : IntAlu :  D=0x000000000000000b
2022000: system.cpu: T0 : 0x1edfa    : c_jr ra                    : IntAlu : 
2022500: system.cpu: T0 : 0x14778    : slli a5, s5, 8             : IntAlu :  D=0x0000000000004400
2023000: system.cpu: T0 : 0x1477c    : or a5, s2, a5              : IntAlu :  D=0x000000000000444c
2023500: system.cpu: T0 : 0x14780    : slliw s2, a5, 16           : IntAlu :  D=0x00000000444c0000
2024000: system.cpu: T0 : 0x14784    : c_mv s3, a0                : IntAlu :  D=0x000000000000000b
2025000: system.cpu: T0 : 0x14786    : sraiw s2, s2, 16           : IntAlu :  D=0x000000000000444c
2026000: system.cpu: T0 : 0x1478a    : addi s5, a0, -2            : IntAlu :  D=0x0000000000000009
2026500: system.cpu: T0 : 0x1478e    : c_addi s4, 2               : IntAlu :  D=0x000000000004fec2
2027000: system.cpu: T0 : 0x14790    : c_beqz s0, -50             : IntAlu : 
2027500: system.cpu: T0 : 0x1475e    : c_ldsp ra, 56(sp)          : MemRead :  D=0x00000000000228e2 A=0x7ffffffffffffd28
2028000: system.cpu: T0 : 0x14760    : c_mv a0, s0                : IntAlu :  D=0x0000000000000000
2028500: system.cpu: T0 : 0x14762    : c_ldsp s0, 48(sp)          : MemRead :  D=0x000000000006ef80 A=0x7ffffffffffffd20
2029000: system.cpu: T0 : 0x14764    : c_ldsp s1, 40(sp)          : MemRead :  D=0x000000000006fe60 A=0x7ffffffffffffd18
2029500: system.cpu: T0 : 0x14766    : c_ldsp s2, 32(sp)          : MemRead :  D=0x0000000000072000 A=0x7ffffffffffffd10
2030000: system.cpu: T0 : 0x14768    : c_ldsp s3, 24(sp)          : MemRead :  D=0x0000000000072000 A=0x7ffffffffffffd08
2030500: system.cpu: T0 : 0x1476a    : c_ldsp s4, 16(sp)          : MemRead :  D=0x0000000000070000 A=0x7ffffffffffffd00
2031000: system.cpu: T0 : 0x1476c    : c_ldsp s5, 8(sp)           : MemRead :  D=0x0000000000072000 A=0x7ffffffffffffcf8
2031500: system.cpu: T0 : 0x1476e    : c_ldsp s6, 0(sp)           : MemRead :  D=0x0000000000072000 A=0x7ffffffffffffcf0
2032000: system.cpu: T0 : 0x14770    : c_addi16sp sp, 64          : IntAlu :  D=0x7ffffffffffffd30
2032500: system.cpu: T0 : 0x14772    : c_jr ra                    : IntAlu : 
2033000: system.cpu: T0 : 0x228e2    : c_li a5, 1                 : IntAlu :  D=0x0000000000000001
2033500: system.cpu: T0 : 0x228e4    : c_beqz a0, 10              : IntAlu : 
2034500: system.cpu: T0 : 0x228ee    : lui a0, 80                 : IntAlu :  D=0x0000000000050000
2035500: system.cpu: T0 : 0x228f2    : lui a4, 114                : IntAlu :  D=0x0000000000072000
2036500: system.cpu: T0 : 0x228f6    : addi a0, a0, -304          : IntAlu :  D=0x000000000004fed0
2037500: system.cpu: T0 : 0x228fa    : sw a5, -488(a4)            : MemWrite :  D=0x0000000000000001 A=0x71e18
2038500: system.cpu: T0 : 0x228fe    : jal ra, -57870             : IntAlu :  D=0x0000000000022902
2039000: system.cpu: T0 : 0x146f0    : c_addi16sp sp, -64         : IntAlu :  D=0x7ffffffffffffcf0
2039500: system.cpu: T0 : 0x146f2    : c_sdsp s1, 40(sp)          : MemWrite :  D=0x000000000006fe60 A=0x7ffffffffffffd18
2040000: system.cpu: T0 : 0x146f4    : ld s1, -1360(gp)           : MemRead :  D=0x7fffffffffffff48 A=0x70ad8
2040500: system.cpu: T0 : 0x146f8    : c_sdsp ra, 56(sp)          : MemWrite :  D=0x0000000000022902 A=0x7ffffffffffffd28
2041000: system.cpu: T0 : 0x146fa    : c_sdsp s0, 48(sp)          : MemWrite :  D=0x000000000006ef80 A=0x7ffffffffffffd20
2041500: system.cpu: T0 : 0x146fc    : c_sdsp s2, 32(sp)          : MemWrite :  D=0x0000000000072000 A=0x7ffffffffffffd10
2042000: system.cpu: T0 : 0x146fe    : c_sdsp s3, 24(sp)          : MemWrite :  D=0x0000000000072000 A=0x7ffffffffffffd08
2042500: system.cpu: T0 : 0x14700    : c_sdsp s4, 16(sp)          : MemWrite :  D=0x0000000000070000 A=0x7ffffffffffffd00
2043000: system.cpu: T0 : 0x14702    : c_sdsp s5, 8(sp)           : MemWrite :  D=0x0000000000072000 A=0x7ffffffffffffcf8
2043500: system.cpu: T0 : 0x14704    : c_sdsp s6, 0(sp)           : MemWrite :  D=0x0000000000072000 A=0x7ffffffffffffcf0
2044000: system.cpu: T0 : 0x14706    : c_beqz s1, 210             : IntAlu : 
2044500: system.cpu: T0 : 0x14708    : lbu a5, 0(a0)              : MemRead :  D=0x000000000000004c A=0x4fed0
2045000: system.cpu: T0 : 0x1470c    : c_mv s4, a0                : IntAlu :  D=0x000000000004fed0
2045500: system.cpu: T0 : 0x1470e    : c_beqz a5, 202             : IntAlu : 
2046000: system.cpu: T0 : 0x14710    : lbu s5, 1(a0)              : MemRead :  D=0x0000000000000044 A=0x4fed1
2046500: system.cpu: T0 : 0x14714    : slliw s2, a5, 16           : IntAlu :  D=0x00000000004c0000
2047000: system.cpu: T0 : 0x14718    : c_ld s0, 0(s1)             : MemRead :  D=0x0000000000000000 A=0x7fffffffffffff48
2048000: system.cpu: T0 : 0x1471a    : sraiw s2, s2, 16           : IntAlu :  D=0x000000000000004c
2049000: system.cpu: T0 : 0x1471e    : bne s5, zero, 86           : IntAlu : 
2049500: system.cpu: T0 : 0x14774    : jal ra, 42488              : IntAlu :  D=0x0000000000014778
2050000: system.cpu: T0 : 0x1ed6c    : andi a5, a0, 7             : IntAlu :  D=0x0000000000000000
2050500: system.cpu: T0 : 0x1ed70    : c_beqz a5, 26              : IntAlu : 
2051000: system.cpu: T0 : 0x1ed8a    : c_mv a5, a0                : IntAlu :  D=0x000000000004fed0
2051500: system.cpu: T0 : 0x1ed8c    : ld a6, -2024(gp)           : MemRead :  D=0xfefefefefefefeff A=0x70840
2052000: system.cpu: T0 : 0x1ed90    : ld a1, -2016(gp)           : MemRead :  D=0x8080808080808080 A=0x70848
2052500: system.cpu: T0 : 0x1ed94    : c_ld a2, 0(a5)             : MemRead :  D=0x5f444e49425f444c A=0x4fed0
2053500: system.cpu: T0 : 0x1ed96    : addi a3, a5, 8             : IntAlu :  D=0x000000000004fed8
2054500: system.cpu: T0 : 0x1ed9a    : add a4, a2, a6             : IntAlu :  D=0x5e434d48415e434b
2055500: system.cpu: T0 : 0x1ed9e    : xori a2, a2, 18446744073709551615 : IntAlu :  D=0xa0bbb1b6bda0bbb3
2056000: system.cpu: T0 : 0x1eda2    : c_and a4, a2               : IntAlu :  D=0x0003010001000303
2056500: system.cpu: T0 : 0x1eda4    : c_and a4, a1               : IntAlu :  D=0x0000000000000000
2057000: system.cpu: T0 : 0x1eda6    : c_beqz a4, 50              : IntAlu : 
2057500: system.cpu: T0 : 0x1edd8    : c_mv a5, a3                : IntAlu :  D=0x000000000004fed8
2058000: system.cpu: T0 : 0x1edda    : c_j -70                    : IntAlu : 
2058500: system.cpu: T0 : 0x1ed94    : c_ld a2, 0(a5)             : MemRead :  D=0x0000000000544f4e A=0x4fed8
2059500: system.cpu: T0 : 0x1ed96    : addi a3, a5, 8             : IntAlu :  D=0x000000000004fee0
2060500: system.cpu: T0 : 0x1ed9a    : add a4, a2, a6             : IntAlu :  D=0xfefefefeff534e4d
2061500: system.cpu: T0 : 0x1ed9e    : xori a2, a2, 18446744073709551615 : IntAlu :  D=0xffffffffffabb0b1
2062000: system.cpu: T0 : 0x1eda2    : c_and a4, a2               : IntAlu :  D=0xfefefefeff030001
2062500: system.cpu: T0 : 0x1eda4    : c_and a4, a1               : IntAlu :  D=0x8080808080000000
2063000: system.cpu: T0 : 0x1eda6    : c_beqz a4, 50              : IntAlu : 
2063500: system.cpu: T0 : 0x1eda8    : lbu a4, -8(a3)             : MemRead :  D=0x000000000000004e A=0x4fed8
2064000: system.cpu: T0 : 0x1edac    : c_beqz a4, -40             : IntAlu : 
2065000: system.cpu: T0 : 0x1edae    : lbu a4, -7(a3)             : MemRead :  D=0x000000000000004f A=0x4fed9
2065500: system.cpu: T0 : 0x1edb2    : c_beqz a4, 50              : IntAlu : 
2066000: system.cpu: T0 : 0x1edb4    : lbu a4, -6(a3)             : MemRead :  D=0x0000000000000054 A=0x4feda
2066500: system.cpu: T0 : 0x1edb8    : c_beqz a4, 52              : IntAlu : 
2067500: system.cpu: T0 : 0x1edba    : lbu a4, -5(a3)             : MemRead :  D=0x0000000000000000 A=0x4fedb
2068000: system.cpu: T0 : 0x1edbe    : c_beqz a4, 54              : IntAlu : 
2068500: system.cpu: T0 : 0x1edf4    : c_sub a5, a0               : IntAlu :  D=0x0000000000000008
2069500: system.cpu: T0 : 0x1edf6    : addi a0, a5, 3             : IntAlu :  D=0x000000000000000b
2070000: system.cpu: T0 : 0x1edfa    : c_jr ra                    : IntAlu : 
2070500: system.cpu: T0 : 0x14778    : slli a5, s5, 8             : IntAlu :  D=0x0000000000004400
2071000: system.cpu: T0 : 0x1477c    : or a5, s2, a5              : IntAlu :  D=0x000000000000444c
2071500: system.cpu: T0 : 0x14780    : slliw s2, a5, 16           : IntAlu :  D=0x00000000444c0000
2072000: system.cpu: T0 : 0x14784    : c_mv s3, a0                : IntAlu :  D=0x000000000000000b
2073000: system.cpu: T0 : 0x14786    : sraiw s2, s2, 16           : IntAlu :  D=0x000000000000444c
2074000: system.cpu: T0 : 0x1478a    : addi s5, a0, -2            : IntAlu :  D=0x0000000000000009
2074500: system.cpu: T0 : 0x1478e    : c_addi s4, 2               : IntAlu :  D=0x000000000004fed2
2075000: system.cpu: T0 : 0x14790    : c_beqz s0, -50             : IntAlu : 
2075500: system.cpu: T0 : 0x1475e    : c_ldsp ra, 56(sp)          : MemRead :  D=0x0000000000022902 A=0x7ffffffffffffd28
2076000: system.cpu: T0 : 0x14760    : c_mv a0, s0                : IntAlu :  D=0x0000000000000000
2076500: system.cpu: T0 : 0x14762    : c_ldsp s0, 48(sp)          : MemRead :  D=0x000000000006ef80 A=0x7ffffffffffffd20
2077000: system.cpu: T0 : 0x14764    : c_ldsp s1, 40(sp)          : MemRead :  D=0x000000000006fe60 A=0x7ffffffffffffd18
2077500: system.cpu: T0 : 0x14766    : c_ldsp s2, 32(sp)          : MemRead :  D=0x0000000000072000 A=0x7ffffffffffffd10
2078000: system.cpu: T0 : 0x14768    : c_ldsp s3, 24(sp)          : MemRead :  D=0x0000000000072000 A=0x7ffffffffffffd08
2078500: system.cpu: T0 : 0x1476a    : c_ldsp s4, 16(sp)          : MemRead :  D=0x0000000000070000 A=0x7ffffffffffffd00
2079000: system.cpu: T0 : 0x1476c    : c_ldsp s5, 8(sp)           : MemRead :  D=0x0000000000072000 A=0x7ffffffffffffcf8
2079500: system.cpu: T0 : 0x1476e    : c_ldsp s6, 0(sp)           : MemRead :  D=0x0000000000072000 A=0x7ffffffffffffcf0
2080000: system.cpu: T0 : 0x14770    : c_addi16sp sp, 64          : IntAlu :  D=0x7ffffffffffffd30
2080500: system.cpu: T0 : 0x14772    : c_jr ra                    : IntAlu : 
2081000: system.cpu: T0 : 0x22902    : c_li a5, 0                 : IntAlu :  D=0x0000000000000000
2081500: system.cpu: T0 : 0x22904    : c_beqz a0, 10              : IntAlu : 
2082500: system.cpu: T0 : 0x2290e    : lui a0, 80                 : IntAlu :  D=0x0000000000050000
2083500: system.cpu: T0 : 0x22912    : lui a4, 114                : IntAlu :  D=0x0000000000072000
2084500: system.cpu: T0 : 0x22916    : addi a0, a0, -288          : IntAlu :  D=0x000000000004fee0
2085500: system.cpu: T0 : 0x2291a    : sw a5, -512(a4)            : MemWrite :  D=0x0000000000000000 A=0x71e00
2086500: system.cpu: T0 : 0x2291e    : jal ra, -57902             : IntAlu :  D=0x0000000000022922
2087000: system.cpu: T0 : 0x146f0    : c_addi16sp sp, -64         : IntAlu :  D=0x7ffffffffffffcf0
2087500: system.cpu: T0 : 0x146f2    : c_sdsp s1, 40(sp)          : MemWrite :  D=0x000000000006fe60 A=0x7ffffffffffffd18
2088000: system.cpu: T0 : 0x146f4    : ld s1, -1360(gp)           : MemRead :  D=0x7fffffffffffff48 A=0x70ad8
2088500: system.cpu: T0 : 0x146f8    : c_sdsp ra, 56(sp)          : MemWrite :  D=0x0000000000022922 A=0x7ffffffffffffd28
2089000: system.cpu: T0 : 0x146fa    : c_sdsp s0, 48(sp)          : MemWrite :  D=0x000000000006ef80 A=0x7ffffffffffffd20
2089500: system.cpu: T0 : 0x146fc    : c_sdsp s2, 32(sp)          : MemWrite :  D=0x0000000000072000 A=0x7ffffffffffffd10
2090000: system.cpu: T0 : 0x146fe    : c_sdsp s3, 24(sp)          : MemWrite :  D=0x0000000000072000 A=0x7ffffffffffffd08
2090500: system.cpu: T0 : 0x14700    : c_sdsp s4, 16(sp)          : MemWrite :  D=0x0000000000070000 A=0x7ffffffffffffd00
2091000: system.cpu: T0 : 0x14702    : c_sdsp s5, 8(sp)           : MemWrite :  D=0x0000000000072000 A=0x7ffffffffffffcf8
2091500: system.cpu: T0 : 0x14704    : c_sdsp s6, 0(sp)           : MemWrite :  D=0x0000000000072000 A=0x7ffffffffffffcf0
2092000: system.cpu: T0 : 0x14706    : c_beqz s1, 210             : IntAlu : 
2092500: system.cpu: T0 : 0x14708    : lbu a5, 0(a0)              : MemRead :  D=0x000000000000004c A=0x4fee0
2093000: system.cpu: T0 : 0x1470c    : c_mv s4, a0                : IntAlu :  D=0x000000000004fee0
2093500: system.cpu: T0 : 0x1470e    : c_beqz a5, 202             : IntAlu : 
2094000: system.cpu: T0 : 0x14710    : lbu s5, 1(a0)              : MemRead :  D=0x0000000000000044 A=0x4fee1
2094500: system.cpu: T0 : 0x14714    : slliw s2, a5, 16           : IntAlu :  D=0x00000000004c0000
2095000: system.cpu: T0 : 0x14718    : c_ld s0, 0(s1)             : MemRead :  D=0x0000000000000000 A=0x7fffffffffffff48
2096000: system.cpu: T0 : 0x1471a    : sraiw s2, s2, 16           : IntAlu :  D=0x000000000000004c
2097000: system.cpu: T0 : 0x1471e    : bne s5, zero, 86           : IntAlu : 
2097500: system.cpu: T0 : 0x14774    : jal ra, 42488              : IntAlu :  D=0x0000000000014778
2098000: system.cpu: T0 : 0x1ed6c    : andi a5, a0, 7             : IntAlu :  D=0x0000000000000000
2098500: system.cpu: T0 : 0x1ed70    : c_beqz a5, 26              : IntAlu : 
2099000: system.cpu: T0 : 0x1ed8a    : c_mv a5, a0                : IntAlu :  D=0x000000000004fee0
2099500: system.cpu: T0 : 0x1ed8c    : ld a6, -2024(gp)           : MemRead :  D=0xfefefefefefefeff A=0x70840
2100000: system.cpu: T0 : 0x1ed90    : ld a1, -2016(gp)           : MemRead :  D=0x8080808080808080 A=0x70848
2100500: system.cpu: T0 : 0x1ed94    : c_ld a2, 0(a5)             : MemRead :  D=0x4d414e59445f444c A=0x4fee0
2101500: system.cpu: T0 : 0x1ed96    : addi a3, a5, 8             : IntAlu :  D=0x000000000004fee8
2102500: system.cpu: T0 : 0x1ed9a    : add a4, a2, a6             : IntAlu :  D=0x4c404d58435e434b
2103500: system.cpu: T0 : 0x1ed9e    : xori a2, a2, 18446744073709551615 : IntAlu :  D=0xb2beb1a6bba0bbb3
2104000: system.cpu: T0 : 0x1eda2    : c_and a4, a2               : IntAlu :  D=0x0000010003000303
2104500: system.cpu: T0 : 0x1eda4    : c_and a4, a1               : IntAlu :  D=0x0000000000000000
2105000: system.cpu: T0 : 0x1eda6    : c_beqz a4, 50              : IntAlu : 
2105500: system.cpu: T0 : 0x1edd8    : c_mv a5, a3                : IntAlu :  D=0x000000000004fee8
2106000: system.cpu: T0 : 0x1edda    : c_j -70                    : IntAlu : 
2106500: system.cpu: T0 : 0x1ed94    : c_ld a2, 0(a5)             : MemRead :  D=0x004b4145575f4349 A=0x4fee8
2107500: system.cpu: T0 : 0x1ed96    : addi a3, a5, 8             : IntAlu :  D=0x000000000004fef0
2108500: system.cpu: T0 : 0x1ed9a    : add a4, a2, a6             : IntAlu :  D=0xff4a4044565e4248
2109500: system.cpu: T0 : 0x1ed9e    : xori a2, a2, 18446744073709551615 : IntAlu :  D=0xffb4bebaa8a0bcb6
2110000: system.cpu: T0 : 0x1eda2    : c_and a4, a2               : IntAlu :  D=0xff00000000000000
2110500: system.cpu: T0 : 0x1eda4    : c_and a4, a1               : IntAlu :  D=0x8000000000000000
2111000: system.cpu: T0 : 0x1eda6    : c_beqz a4, 50              : IntAlu : 
2111500: system.cpu: T0 : 0x1eda8    : lbu a4, -8(a3)             : MemRead :  D=0x0000000000000049 A=0x4fee8
2112000: system.cpu: T0 : 0x1edac    : c_beqz a4, -40             : IntAlu : 
2113000: system.cpu: T0 : 0x1edae    : lbu a4, -7(a3)             : MemRead :  D=0x0000000000000043 A=0x4fee9
2113500: system.cpu: T0 : 0x1edb2    : c_beqz a4, 50              : IntAlu : 
2114000: system.cpu: T0 : 0x1edb4    : lbu a4, -6(a3)             : MemRead :  D=0x000000000000005f A=0x4feea
2114500: system.cpu: T0 : 0x1edb8    : c_beqz a4, 52              : IntAlu : 
2115500: system.cpu: T0 : 0x1edba    : lbu a4, -5(a3)             : MemRead :  D=0x0000000000000057 A=0x4feeb
2116000: system.cpu: T0 : 0x1edbe    : c_beqz a4, 54              : IntAlu : 
2116500: system.cpu: T0 : 0x1edc0    : lbu a4, -4(a3)             : MemRead :  D=0x0000000000000045 A=0x4feec
2117000: system.cpu: T0 : 0x1edc4    : c_beqz a4, 56              : IntAlu : 
2118000: system.cpu: T0 : 0x1edc6    : lbu a4, -3(a3)             : MemRead :  D=0x0000000000000041 A=0x4feed
2118500: system.cpu: T0 : 0x1edca    : c_beqz a4, 58              : IntAlu : 
2119000: system.cpu: T0 : 0x1edcc    : lbu a4, -2(a3)             : MemRead :  D=0x000000000000004b A=0x4feee
2119500: system.cpu: T0 : 0x1edd0    : c_beqz a4, 60              : IntAlu : 
2120500: system.cpu: T0 : 0x1edd2    : lbu a4, -1(a3)             : MemRead :  D=0x0000000000000000 A=0x4feef
2121000: system.cpu: T0 : 0x1edd6    : c_beqz a4, 6               : IntAlu : 
2121500: system.cpu: T0 : 0x1eddc    : c_sub a5, a0               : IntAlu :  D=0x0000000000000008
2122500: system.cpu: T0 : 0x1edde    : addi a0, a5, 7             : IntAlu :  D=0x000000000000000f
2123000: system.cpu: T0 : 0x1ede2    : c_jr ra                    : IntAlu : 
2123500: system.cpu: T0 : 0x14778    : slli a5, s5, 8             : IntAlu :  D=0x0000000000004400
2124000: system.cpu: T0 : 0x1477c    : or a5, s2, a5              : IntAlu :  D=0x000000000000444c
2124500: system.cpu: T0 : 0x14780    : slliw s2, a5, 16           : IntAlu :  D=0x00000000444c0000
2125000: system.cpu: T0 : 0x14784    : c_mv s3, a0                : IntAlu :  D=0x000000000000000f
2126000: system.cpu: T0 : 0x14786    : sraiw s2, s2, 16           : IntAlu :  D=0x000000000000444c
2127000: system.cpu: T0 : 0x1478a    : addi s5, a0, -2            : IntAlu :  D=0x000000000000000d
2127500: system.cpu: T0 : 0x1478e    : c_addi s4, 2               : IntAlu :  D=0x000000000004fee2
2128000: system.cpu: T0 : 0x14790    : c_beqz s0, -50             : IntAlu : 
2128500: system.cpu: T0 : 0x1475e    : c_ldsp ra, 56(sp)          : MemRead :  D=0x0000000000022922 A=0x7ffffffffffffd28
2129000: system.cpu: T0 : 0x14760    : c_mv a0, s0                : IntAlu :  D=0x0000000000000000
2129500: system.cpu: T0 : 0x14762    : c_ldsp s0, 48(sp)          : MemRead :  D=0x000000000006ef80 A=0x7ffffffffffffd20
2130000: system.cpu: T0 : 0x14764    : c_ldsp s1, 40(sp)          : MemRead :  D=0x000000000006fe60 A=0x7ffffffffffffd18
2130500: system.cpu: T0 : 0x14766    : c_ldsp s2, 32(sp)          : MemRead :  D=0x0000000000072000 A=0x7ffffffffffffd10
2131000: system.cpu: T0 : 0x14768    : c_ldsp s3, 24(sp)          : MemRead :  D=0x0000000000072000 A=0x7ffffffffffffd08
2131500: system.cpu: T0 : 0x1476a    : c_ldsp s4, 16(sp)          : MemRead :  D=0x0000000000070000 A=0x7ffffffffffffd00
2132000: system.cpu: T0 : 0x1476c    : c_ldsp s5, 8(sp)           : MemRead :  D=0x0000000000072000 A=0x7ffffffffffffcf8
2132500: system.cpu: T0 : 0x1476e    : c_ldsp s6, 0(sp)           : MemRead :  D=0x0000000000072000 A=0x7ffffffffffffcf0
2133000: system.cpu: T0 : 0x14770    : c_addi16sp sp, 64          : IntAlu :  D=0x7ffffffffffffd30
2133500: system.cpu: T0 : 0x14772    : c_jr ra                    : IntAlu : 
2134000: system.cpu: T0 : 0x22922    : c_li a5, 1                 : IntAlu :  D=0x0000000000000001
2134500: system.cpu: T0 : 0x22924    : c_beqz a0, 10              : IntAlu : 
2135500: system.cpu: T0 : 0x2292e    : lui a0, 80                 : IntAlu :  D=0x0000000000050000
2136500: system.cpu: T0 : 0x22932    : lui a4, 114                : IntAlu :  D=0x0000000000072000
2137500: system.cpu: T0 : 0x22936    : addi a0, a0, -272          : IntAlu :  D=0x000000000004fef0
2138500: system.cpu: T0 : 0x2293a    : sw a5, -436(a4)            : MemWrite :  D=0x0000000000000001 A=0x71e4c
2139500: system.cpu: T0 : 0x2293e    : jal ra, -57934             : IntAlu :  D=0x0000000000022942
2140000: system.cpu: T0 : 0x146f0    : c_addi16sp sp, -64         : IntAlu :  D=0x7ffffffffffffcf0
2140500: system.cpu: T0 : 0x146f2    : c_sdsp s1, 40(sp)          : MemWrite :  D=0x000000000006fe60 A=0x7ffffffffffffd18
2141000: system.cpu: T0 : 0x146f4    : ld s1, -1360(gp)           : MemRead :  D=0x7fffffffffffff48 A=0x70ad8
2141500: system.cpu: T0 : 0x146f8    : c_sdsp ra, 56(sp)          : MemWrite :  D=0x0000000000022942 A=0x7ffffffffffffd28
2142000: system.cpu: T0 : 0x146fa    : c_sdsp s0, 48(sp)          : MemWrite :  D=0x000000000006ef80 A=0x7ffffffffffffd20
2142500: system.cpu: T0 : 0x146fc    : c_sdsp s2, 32(sp)          : MemWrite :  D=0x0000000000072000 A=0x7ffffffffffffd10
2143000: system.cpu: T0 : 0x146fe    : c_sdsp s3, 24(sp)          : MemWrite :  D=0x0000000000072000 A=0x7ffffffffffffd08
2143500: system.cpu: T0 : 0x14700    : c_sdsp s4, 16(sp)          : MemWrite :  D=0x0000000000070000 A=0x7ffffffffffffd00
2144000: system.cpu: T0 : 0x14702    : c_sdsp s5, 8(sp)           : MemWrite :  D=0x0000000000072000 A=0x7ffffffffffffcf8
2144500: system.cpu: T0 : 0x14704    : c_sdsp s6, 0(sp)           : MemWrite :  D=0x0000000000072000 A=0x7ffffffffffffcf0
2145000: system.cpu: T0 : 0x14706    : c_beqz s1, 210             : IntAlu : 
2145500: system.cpu: T0 : 0x14708    : lbu a5, 0(a0)              : MemRead :  D=0x000000000000004c A=0x4fef0
2146000: system.cpu: T0 : 0x1470c    : c_mv s4, a0                : IntAlu :  D=0x000000000004fef0
2146500: system.cpu: T0 : 0x1470e    : c_beqz a5, 202             : IntAlu : 
2147000: system.cpu: T0 : 0x14710    : lbu s5, 1(a0)              : MemRead :  D=0x0000000000000044 A=0x4fef1
2147500: system.cpu: T0 : 0x14714    : slliw s2, a5, 16           : IntAlu :  D=0x00000000004c0000
2148000: system.cpu: T0 : 0x14718    : c_ld s0, 0(s1)             : MemRead :  D=0x0000000000000000 A=0x7fffffffffffff48
2149000: system.cpu: T0 : 0x1471a    : sraiw s2, s2, 16           : IntAlu :  D=0x000000000000004c
2150000: system.cpu: T0 : 0x1471e    : bne s5, zero, 86           : IntAlu : 
2150500: system.cpu: T0 : 0x14774    : jal ra, 42488              : IntAlu :  D=0x0000000000014778
2151000: system.cpu: T0 : 0x1ed6c    : andi a5, a0, 7             : IntAlu :  D=0x0000000000000000
2151500: system.cpu: T0 : 0x1ed70    : c_beqz a5, 26              : IntAlu : 
2152000: system.cpu: T0 : 0x1ed8a    : c_mv a5, a0                : IntAlu :  D=0x000000000004fef0
2152500: system.cpu: T0 : 0x1ed8c    : ld a6, -2024(gp)           : MemRead :  D=0xfefefefefefefeff A=0x70840
2153000: system.cpu: T0 : 0x1ed90    : ld a1, -2016(gp)           : MemRead :  D=0x8080808080808080 A=0x70848
2153500: system.cpu: T0 : 0x1ed94    : c_ld a2, 0(a5)             : MemRead :  D=0x49464f52505f444c A=0x4fef0
2154500: system.cpu: T0 : 0x1ed96    : addi a3, a5, 8             : IntAlu :  D=0x000000000004fef8
2155500: system.cpu: T0 : 0x1ed9a    : add a4, a2, a6             : IntAlu :  D=0x48454e514f5e434b
2156500: system.cpu: T0 : 0x1ed9e    : xori a2, a2, 18446744073709551615 : IntAlu :  D=0xb6b9b0adafa0bbb3
2157000: system.cpu: T0 : 0x1eda2    : c_and a4, a2               : IntAlu :  D=0x000100010f000303
2157500: system.cpu: T0 : 0x1eda4    : c_and a4, a1               : IntAlu :  D=0x0000000000000000
2158000: system.cpu: T0 : 0x1eda6    : c_beqz a4, 50              : IntAlu : 
2158500: system.cpu: T0 : 0x1edd8    : c_mv a5, a3                : IntAlu :  D=0x000000000004fef8
2159000: system.cpu: T0 : 0x1edda    : c_j -70                    : IntAlu : 
2159500: system.cpu: T0 : 0x1ed94    : c_ld a2, 0(a5)             : MemRead :  D=0x555054554f5f454c A=0x4fef8
2160500: system.cpu: T0 : 0x1ed96    : addi a3, a5, 8             : IntAlu :  D=0x000000000004ff00
2161500: system.cpu: T0 : 0x1ed9a    : add a4, a2, a6             : IntAlu :  D=0x544f53544e5e444b
2162500: system.cpu: T0 : 0x1ed9e    : xori a2, a2, 18446744073709551615 : IntAlu :  D=0xaaafabaab0a0bab3
2163000: system.cpu: T0 : 0x1eda2    : c_and a4, a2               : IntAlu :  D=0x000f030000000003
2163500: system.cpu: T0 : 0x1eda4    : c_and a4, a1               : IntAlu :  D=0x0000000000000000
2164000: system.cpu: T0 : 0x1eda6    : c_beqz a4, 50              : IntAlu : 
2164500: system.cpu: T0 : 0x1edd8    : c_mv a5, a3                : IntAlu :  D=0x000000000004ff00
2165000: system.cpu: T0 : 0x1edda    : c_j -70                    : IntAlu : 
2165500: system.cpu: T0 : 0x1ed94    : c_ld a2, 0(a5)             : MemRead :  D=0x0000000000000054 A=0x4ff00
2166500: system.cpu: T0 : 0x1ed96    : addi a3, a5, 8             : IntAlu :  D=0x000000000004ff08
2167500: system.cpu: T0 : 0x1ed9a    : add a4, a2, a6             : IntAlu :  D=0xfefefefefefeff53
2168500: system.cpu: T0 : 0x1ed9e    : xori a2, a2, 18446744073709551615 : IntAlu :  D=0xffffffffffffffab
2169000: system.cpu: T0 : 0x1eda2    : c_and a4, a2               : IntAlu :  D=0xfefefefefefeff03
2169500: system.cpu: T0 : 0x1eda4    : c_and a4, a1               : IntAlu :  D=0x8080808080808000
2170000: system.cpu: T0 : 0x1eda6    : c_beqz a4, 50              : IntAlu : 
2170500: system.cpu: T0 : 0x1eda8    : lbu a4, -8(a3)             : MemRead :  D=0x0000000000000054 A=0x4ff00
2171000: system.cpu: T0 : 0x1edac    : c_beqz a4, -40             : IntAlu : 
2172000: system.cpu: T0 : 0x1edae    : lbu a4, -7(a3)             : MemRead :  D=0x0000000000000000 A=0x4ff01
2172500: system.cpu: T0 : 0x1edb2    : c_beqz a4, 50              : IntAlu : 
2173000: system.cpu: T0 : 0x1ede4    : c_sub a5, a0               : IntAlu :  D=0x0000000000000010
2174000: system.cpu: T0 : 0x1ede6    : addi a0, a5, 1             : IntAlu :  D=0x0000000000000011
2174500: system.cpu: T0 : 0x1edea    : c_jr ra                    : IntAlu : 
2175000: system.cpu: T0 : 0x14778    : slli a5, s5, 8             : IntAlu :  D=0x0000000000004400
2175500: system.cpu: T0 : 0x1477c    : or a5, s2, a5              : IntAlu :  D=0x000000000000444c
2176000: system.cpu: T0 : 0x14780    : slliw s2, a5, 16           : IntAlu :  D=0x00000000444c0000
2176500: system.cpu: T0 : 0x14784    : c_mv s3, a0                : IntAlu :  D=0x0000000000000011
2177500: system.cpu: T0 : 0x14786    : sraiw s2, s2, 16           : IntAlu :  D=0x000000000000444c
2178500: system.cpu: T0 : 0x1478a    : addi s5, a0, -2            : IntAlu :  D=0x000000000000000f
2179000: system.cpu: T0 : 0x1478e    : c_addi s4, 2               : IntAlu :  D=0x000000000004fef2
2179500: system.cpu: T0 : 0x14790    : c_beqz s0, -50             : IntAlu : 
2180000: system.cpu: T0 : 0x1475e    : c_ldsp ra, 56(sp)          : MemRead :  D=0x0000000000022942 A=0x7ffffffffffffd28
2180500: system.cpu: T0 : 0x14760    : c_mv a0, s0                : IntAlu :  D=0x0000000000000000
2181000: system.cpu: T0 : 0x14762    : c_ldsp s0, 48(sp)          : MemRead :  D=0x000000000006ef80 A=0x7ffffffffffffd20
2181500: system.cpu: T0 : 0x14764    : c_ldsp s1, 40(sp)          : MemRead :  D=0x000000000006fe60 A=0x7ffffffffffffd18
2182000: system.cpu: T0 : 0x14766    : c_ldsp s2, 32(sp)          : MemRead :  D=0x0000000000072000 A=0x7ffffffffffffd10
2182500: system.cpu: T0 : 0x14768    : c_ldsp s3, 24(sp)          : MemRead :  D=0x0000000000072000 A=0x7ffffffffffffd08
2183000: system.cpu: T0 : 0x1476a    : c_ldsp s4, 16(sp)          : MemRead :  D=0x0000000000070000 A=0x7ffffffffffffd00
2183500: system.cpu: T0 : 0x1476c    : c_ldsp s5, 8(sp)           : MemRead :  D=0x0000000000072000 A=0x7ffffffffffffcf8
2184000: system.cpu: T0 : 0x1476e    : c_ldsp s6, 0(sp)           : MemRead :  D=0x0000000000072000 A=0x7ffffffffffffcf0
2184500: system.cpu: T0 : 0x14770    : c_addi16sp sp, 64          : IntAlu :  D=0x7ffffffffffffd30
2185000: system.cpu: T0 : 0x14772    : c_jr ra                    : IntAlu : 
2186000: system.cpu: T0 : 0x22942    : lui a4, 114                : IntAlu :  D=0x0000000000072000
2187000: system.cpu: T0 : 0x22946    : sd a0, -552(a4)            : MemWrite :  D=0x0000000000000000 A=0x71dd8
2188000: system.cpu: T0 : 0x2294a    : beq a0, zero, 550          : IntAlu : 
2188500: system.cpu: T0 : 0x22b70    : lui a5, 111                : IntAlu :  D=0x000000000006f000
2189000: system.cpu: T0 : 0x22b74    : lw a5, -72(a5)             : MemRead :  D=0x0000000000000000 A=0x6efb8
2189500: system.cpu: T0 : 0x22b78    : c_beqz a5, -140            : IntAlu : 
2190000: system.cpu: T0 : 0x22aec    : lui a3, 80                 : IntAlu :  D=0x0000000000050000
2190500: system.cpu: T0 : 0x22af0    : addi a3, a3, -992          : IntAlu :  D=0x000000000004fc20
2191000: system.cpu: T0 : 0x22af4    : c_j -396                   : IntAlu : 
2191500: system.cpu: T0 : 0x22968    : sd a3, -552(a4)            : MemWrite :  D=0x000000000004fc20 A=0x71dd8
2192000: system.cpu: T0 : 0x2296c    : bne a5, zero, 344          : IntAlu : 
2192500: system.cpu: T0 : 0x22970    : lui a0, 80                 : IntAlu :  D=0x0000000000050000
2193000: system.cpu: T0 : 0x22974    : addi a0, a0, -248          : IntAlu :  D=0x000000000004ff08
2193500: system.cpu: T0 : 0x22978    : jal ra, -57992             : IntAlu :  D=0x000000000002297c
2194000: system.cpu: T0 : 0x146f0    : c_addi16sp sp, -64         : IntAlu :  D=0x7ffffffffffffcf0
2194500: system.cpu: T0 : 0x146f2    : c_sdsp s1, 40(sp)          : MemWrite :  D=0x000000000006fe60 A=0x7ffffffffffffd18
2195000: system.cpu: T0 : 0x146f4    : ld s1, -1360(gp)           : MemRead :  D=0x7fffffffffffff48 A=0x70ad8
2195500: system.cpu: T0 : 0x146f8    : c_sdsp ra, 56(sp)          : MemWrite :  D=0x000000000002297c A=0x7ffffffffffffd28
2196000: system.cpu: T0 : 0x146fa    : c_sdsp s0, 48(sp)          : MemWrite :  D=0x000000000006ef80 A=0x7ffffffffffffd20
2196500: system.cpu: T0 : 0x146fc    : c_sdsp s2, 32(sp)          : MemWrite :  D=0x0000000000072000 A=0x7ffffffffffffd10
2197000: system.cpu: T0 : 0x146fe    : c_sdsp s3, 24(sp)          : MemWrite :  D=0x0000000000072000 A=0x7ffffffffffffd08
2197500: system.cpu: T0 : 0x14700    : c_sdsp s4, 16(sp)          : MemWrite :  D=0x0000000000070000 A=0x7ffffffffffffd00
2198000: system.cpu: T0 : 0x14702    : c_sdsp s5, 8(sp)           : MemWrite :  D=0x0000000000072000 A=0x7ffffffffffffcf8
2198500: system.cpu: T0 : 0x14704    : c_sdsp s6, 0(sp)           : MemWrite :  D=0x0000000000072000 A=0x7ffffffffffffcf0
2199000: system.cpu: T0 : 0x14706    : c_beqz s1, 210             : IntAlu : 
2199500: system.cpu: T0 : 0x14708    : lbu a5, 0(a0)              : MemRead :  D=0x000000000000004c A=0x4ff08
2200000: system.cpu: T0 : 0x1470c    : c_mv s4, a0                : IntAlu :  D=0x000000000004ff08
2200500: system.cpu: T0 : 0x1470e    : c_beqz a5, 202             : IntAlu : 
2201000: system.cpu: T0 : 0x14710    : lbu s5, 1(a0)              : MemRead :  D=0x0000000000000044 A=0x4ff09
2201500: system.cpu: T0 : 0x14714    : slliw s2, a5, 16           : IntAlu :  D=0x00000000004c0000
2202000: system.cpu: T0 : 0x14718    : c_ld s0, 0(s1)             : MemRead :  D=0x0000000000000000 A=0x7fffffffffffff48
2203000: system.cpu: T0 : 0x1471a    : sraiw s2, s2, 16           : IntAlu :  D=0x000000000000004c
2204000: system.cpu: T0 : 0x1471e    : bne s5, zero, 86           : IntAlu : 
2204500: system.cpu: T0 : 0x14774    : jal ra, 42488              : IntAlu :  D=0x0000000000014778
2205000: system.cpu: T0 : 0x1ed6c    : andi a5, a0, 7             : IntAlu :  D=0x0000000000000000
2205500: system.cpu: T0 : 0x1ed70    : c_beqz a5, 26              : IntAlu : 
2206000: system.cpu: T0 : 0x1ed8a    : c_mv a5, a0                : IntAlu :  D=0x000000000004ff08
2206500: system.cpu: T0 : 0x1ed8c    : ld a6, -2024(gp)           : MemRead :  D=0xfefefefefefefeff A=0x70840
2207000: system.cpu: T0 : 0x1ed90    : ld a1, -2016(gp)           : MemRead :  D=0x8080808080808080 A=0x70848
2207500: system.cpu: T0 : 0x1ed94    : c_ld a2, 0(a5)             : MemRead :  D=0x4d555353415f444c A=0x4ff08
2208500: system.cpu: T0 : 0x1ed96    : addi a3, a5, 8             : IntAlu :  D=0x000000000004ff10
2209500: system.cpu: T0 : 0x1ed9a    : add a4, a2, a6             : IntAlu :  D=0x4c545252405e434b
2210500: system.cpu: T0 : 0x1ed9e    : xori a2, a2, 18446744073709551615 : IntAlu :  D=0xb2aaacacbea0bbb3
2211000: system.cpu: T0 : 0x1eda2    : c_and a4, a2               : IntAlu :  D=0x0000000000000303
2211500: system.cpu: T0 : 0x1eda4    : c_and a4, a1               : IntAlu :  D=0x0000000000000000
2212000: system.cpu: T0 : 0x1eda6    : c_beqz a4, 50              : IntAlu : 
2212500: system.cpu: T0 : 0x1edd8    : c_mv a5, a3                : IntAlu :  D=0x000000000004ff10
2213000: system.cpu: T0 : 0x1edda    : c_j -70                    : IntAlu : 
2213500: system.cpu: T0 : 0x1ed94    : c_ld a2, 0(a5)             : MemRead :  D=0x4c454e52454b5f45 A=0x4ff10
2214500: system.cpu: T0 : 0x1ed96    : addi a3, a5, 8             : IntAlu :  D=0x000000000004ff18
2215500: system.cpu: T0 : 0x1ed9a    : add a4, a2, a6             : IntAlu :  D=0x4b444d51444a5e44
2216500: system.cpu: T0 : 0x1ed9e    : xori a2, a2, 18446744073709551615 : IntAlu :  D=0xb3bab1adbab4a0ba
2217000: system.cpu: T0 : 0x1eda2    : c_and a4, a2               : IntAlu :  D=0x0300010100000000
2217500: system.cpu: T0 : 0x1eda4    : c_and a4, a1               : IntAlu :  D=0x0000000000000000
2218000: system.cpu: T0 : 0x1eda6    : c_beqz a4, 50              : IntAlu : 
2218500: system.cpu: T0 : 0x1edd8    : c_mv a5, a3                : IntAlu :  D=0x000000000004ff18
2219000: system.cpu: T0 : 0x1edda    : c_j -70                    : IntAlu : 
2219500: system.cpu: T0 : 0x1ed94    : c_ld a2, 0(a5)             : MemRead :  D=0x0000000000000000 A=0x4ff18
2220500: system.cpu: T0 : 0x1ed96    : addi a3, a5, 8             : IntAlu :  D=0x000000000004ff20
2221500: system.cpu: T0 : 0x1ed9a    : add a4, a2, a6             : IntAlu :  D=0xfefefefefefefeff
2222500: system.cpu: T0 : 0x1ed9e    : xori a2, a2, 18446744073709551615 : IntAlu :  D=0xffffffffffffffff
2223000: system.cpu: T0 : 0x1eda2    : c_and a4, a2               : IntAlu :  D=0xfefefefefefefeff
2223500: system.cpu: T0 : 0x1eda4    : c_and a4, a1               : IntAlu :  D=0x8080808080808080
2224000: system.cpu: T0 : 0x1eda6    : c_beqz a4, 50              : IntAlu : 
2224500: system.cpu: T0 : 0x1eda8    : lbu a4, -8(a3)             : MemRead :  D=0x0000000000000000 A=0x4ff18
2225000: system.cpu: T0 : 0x1edac    : c_beqz a4, -40             : IntAlu : 
2225500: system.cpu: T0 : 0x1ed84    : sub a0, a5, a0             : IntAlu :  D=0x0000000000000010
2226000: system.cpu: T0 : 0x1ed88    : c_jr ra                    : IntAlu : 
2226500: system.cpu: T0 : 0x14778    : slli a5, s5, 8             : IntAlu :  D=0x0000000000004400
2227000: system.cpu: T0 : 0x1477c    : or a5, s2, a5              : IntAlu :  D=0x000000000000444c
2227500: system.cpu: T0 : 0x14780    : slliw s2, a5, 16           : IntAlu :  D=0x00000000444c0000
2228000: system.cpu: T0 : 0x14784    : c_mv s3, a0                : IntAlu :  D=0x0000000000000010
2229000: system.cpu: T0 : 0x14786    : sraiw s2, s2, 16           : IntAlu :  D=0x000000000000444c
2230000: system.cpu: T0 : 0x1478a    : addi s5, a0, -2            : IntAlu :  D=0x000000000000000e
2230500: system.cpu: T0 : 0x1478e    : c_addi s4, 2               : IntAlu :  D=0x000000000004ff0a
2231000: system.cpu: T0 : 0x14790    : c_beqz s0, -50             : IntAlu : 
2231500: system.cpu: T0 : 0x1475e    : c_ldsp ra, 56(sp)          : MemRead :  D=0x000000000002297c A=0x7ffffffffffffd28
2232000: system.cpu: T0 : 0x14760    : c_mv a0, s0                : IntAlu :  D=0x0000000000000000
2232500: system.cpu: T0 : 0x14762    : c_ldsp s0, 48(sp)          : MemRead :  D=0x000000000006ef80 A=0x7ffffffffffffd20
2233000: system.cpu: T0 : 0x14764    : c_ldsp s1, 40(sp)          : MemRead :  D=0x000000000006fe60 A=0x7ffffffffffffd18
2233500: system.cpu: T0 : 0x14766    : c_ldsp s2, 32(sp)          : MemRead :  D=0x0000000000072000 A=0x7ffffffffffffd10
2234000: system.cpu: T0 : 0x14768    : c_ldsp s3, 24(sp)          : MemRead :  D=0x0000000000072000 A=0x7ffffffffffffd08
2234500: system.cpu: T0 : 0x1476a    : c_ldsp s4, 16(sp)          : MemRead :  D=0x0000000000070000 A=0x7ffffffffffffd00
2235000: system.cpu: T0 : 0x1476c    : c_ldsp s5, 8(sp)           : MemRead :  D=0x0000000000072000 A=0x7ffffffffffffcf8
2235500: system.cpu: T0 : 0x1476e    : c_ldsp s6, 0(sp)           : MemRead :  D=0x0000000000072000 A=0x7ffffffffffffcf0
2236000: system.cpu: T0 : 0x14770    : c_addi16sp sp, 64          : IntAlu :  D=0x7ffffffffffffd30
2236500: system.cpu: T0 : 0x14772    : c_jr ra                    : IntAlu : 
2237000: system.cpu: T0 : 0x2297c    : c_mv s0, a0                : IntAlu :  D=0x0000000000000000
2237500: system.cpu: T0 : 0x2297e    : c_beqz a0, 76              : IntAlu : 
2238500: system.cpu: T0 : 0x229ca    : lui a5, 114                : IntAlu :  D=0x0000000000072000
2239500: system.cpu: T0 : 0x229ce    : ld a0, -496(a5)            : MemRead :  D=0x0000000000000000 A=0x71e10
2240000: system.cpu: T0 : 0x229d2    : c_beqz a0, 14              : IntAlu : 
2240500: system.cpu: T0 : 0x229e0    : ld a5, -464(s2)            : MemRead :  D=0x0000000000010040 A=0x71e30
2241000: system.cpu: T0 : 0x229e4    : ld t3, 1120(s1)            : MemRead :  D=0x0000000000000000 A=0x702c0
2241500: system.cpu: T0 : 0x229e8    : c_beqz a5, 110             : IntAlu : 
2242500: system.cpu: T0 : 0x229ea    : ld a4, -408(s3)            : MemRead :  D=0x0000000000000006 A=0x71e68
2243500: system.cpu: T0 : 0x229ee    : slli a3, a4, 3             : IntAlu :  D=0x0000000000000030
2244000: system.cpu: T0 : 0x229f2    : c_sub a3, a4               : IntAlu :  D=0x000000000000002a
2244500: system.cpu: T0 : 0x229f4    : c_slli a3, 3               : IntAlu :  D=0x0000000000000150
2245000: system.cpu: T0 : 0x229f6    : c_add a3, a5               : IntAlu :  D=0x0000000000010190
2245500: system.cpu: T0 : 0x229f8    : bgeu a5, a3, 94            : IntAlu : 
2246000: system.cpu: T0 : 0x229fc    : lui a2, 411470             : IntAlu :  D=0x000000006474e000
2246500: system.cpu: T0 : 0x22a00    : addi a1, a2, 1361          : IntAlu :  D=0x000000006474e551
2247000: system.cpu: T0 : 0x22a04    : ld t4, 1112(s1)            : MemRead :  D=0x0000000000000000 A=0x702b8
2247500: system.cpu: T0 : 0x22a08    : lw t1, -1800(gp)           : MemRead :  D=0x0000000000000006 A=0x70920
2248000: system.cpu: T0 : 0x22a0c    : c_mv a6, t3                : IntAlu :  D=0x0000000000000000
2248500: system.cpu: T0 : 0x22a0e    : c_li a7, 0                 : IntAlu :  D=0x0000000000000000
2249000: system.cpu: T0 : 0x22a10    : c_li a0, 0                 : IntAlu :  D=0x0000000000000000
2250000: system.cpu: T0 : 0x22a12    : addi a2, a2, 1362          : IntAlu :  D=0x000000006474e552
2250500: system.cpu: T0 : 0x22a16    : c_j 24                     : IntAlu : 
2251000: system.cpu: T0 : 0x22a2e    : c_lw a4, 0(a5)             : MemRead :  D=0x0000000000000001 A=0x10040
2251500: system.cpu: T0 : 0x22a30    : bne a4, a1, -24            : IntAlu : 
2252000: system.cpu: T0 : 0x22a18    : bne a4, a2, 14             : IntAlu : 
2253000: system.cpu: T0 : 0x22a26    : addi a5, a5, 56            : IntAlu :  D=0x0000000000010078
2254000: system.cpu: T0 : 0x22a2a    : bgeu a5, a3, 24            : IntAlu : 
2254500: system.cpu: T0 : 0x22a2e    : c_lw a4, 0(a5)             : MemRead :  D=0x0000000000000001 A=0x10078
2255000: system.cpu: T0 : 0x22a30    : bne a4, a1, -24            : IntAlu : 
2255500: system.cpu: T0 : 0x22a18    : bne a4, a2, 14             : IntAlu : 
2256500: system.cpu: T0 : 0x22a26    : addi a5, a5, 56            : IntAlu :  D=0x00000000000100b0
2257500: system.cpu: T0 : 0x22a2a    : bgeu a5, a3, 24            : IntAlu : 
2258000: system.cpu: T0 : 0x22a2e    : c_lw a4, 0(a5)             : MemRead :  D=0x0000000000000004 A=0x100b0
2258500: system.cpu: T0 : 0x22a30    : bne a4, a1, -24            : IntAlu : 
2259000: system.cpu: T0 : 0x22a18    : bne a4, a2, 14             : IntAlu : 
2260000: system.cpu: T0 : 0x22a26    : addi a5, a5, 56            : IntAlu :  D=0x00000000000100e8
2261000: system.cpu: T0 : 0x22a2a    : bgeu a5, a3, 24            : IntAlu : 
2261500: system.cpu: T0 : 0x22a2e    : c_lw a4, 0(a5)             : MemRead :  D=0x0000000000000007 A=0x100e8
2262000: system.cpu: T0 : 0x22a30    : bne a4, a1, -24            : IntAlu : 
2262500: system.cpu: T0 : 0x22a18    : bne a4, a2, 14             : IntAlu : 
2263500: system.cpu: T0 : 0x22a26    : addi a5, a5, 56            : IntAlu :  D=0x0000000000010120
2264500: system.cpu: T0 : 0x22a2a    : bgeu a5, a3, 24            : IntAlu : 
2265000: system.cpu: T0 : 0x22a2e    : c_lw a4, 0(a5)             : MemRead :  D=0x000000006474e551 A=0x10120
2265500: system.cpu: T0 : 0x22a30    : bne a4, a1, -24            : IntAlu : 
2266000: system.cpu: T0 : 0x22a34    : lw t1, 4(a5)               : MemRead :  D=0x0000000000000006 A=0x10124
2266500: system.cpu: T0 : 0x22a38    : addi a5, a5, 56            : IntAlu :  D=0x0000000000010158
2267000: system.cpu: T0 : 0x22a3c    : c_li a0, 1                 : IntAlu :  D=0x0000000000000001
2268000: system.cpu: T0 : 0x22a3e    : bltu a5, a3, -16           : IntAlu : 
2268500: system.cpu: T0 : 0x22a2e    : c_lw a4, 0(a5)             : MemRead :  D=0x000000006474e552 A=0x10158
2269000: system.cpu: T0 : 0x22a30    : bne a4, a1, -24            : IntAlu : 
2269500: system.cpu: T0 : 0x22a18    : bne a4, a2, 14             : IntAlu : 
2270000: system.cpu: T0 : 0x22a1c    : ld t4, 16(a5)              : MemRead :  D=0x000000000006ead0 A=0x10168
2270500: system.cpu: T0 : 0x22a20    : ld a6, 40(a5)              : MemRead :  D=0x0000000000000530 A=0x10180
2271000: system.cpu: T0 : 0x22a24    : c_li a7, 1                 : IntAlu :  D=0x0000000000000001
2272000: system.cpu: T0 : 0x22a26    : addi a5, a5, 56            : IntAlu :  D=0x0000000000010190
2273000: system.cpu: T0 : 0x22a2a    : bgeu a5, a3, 24            : IntAlu : 
2273500: system.cpu: T0 : 0x22a42    : c_beqz a0, 6               : IntAlu : 
2274000: system.cpu: T0 : 0x22a44    : sw t1, -1800(gp)           : MemWrite :  D=0x0000000000000006 A=0x70920
2274500: system.cpu: T0 : 0x22a48    : beq a7, zero, 14           : IntAlu : 
2275000: system.cpu: T0 : 0x22a4c    : sd t4, 1112(s1)            : MemWrite :  D=0x000000000006ead0 A=0x702b8
2275500: system.cpu: T0 : 0x22a50    : sd a6, 1120(s1)            : MemWrite :  D=0x0000000000000530 A=0x702c0
2276000: system.cpu: T0 : 0x22a54    : c_mv t3, a6                : IntAlu :  D=0x0000000000000530
2277000: system.cpu: T0 : 0x22a56    : bne t3, zero, 272          : IntAlu : 
2278000: system.cpu: T0 : 0x22b66    : addi a0, s4, -416          : IntAlu :  D=0x000000000006fe60
2279000: system.cpu: T0 : 0x22b6a    : jal ra, 106388             : IntAlu :  D=0x0000000000022b6e
2279500: system.cpu: T0 : 0x3cafe    : c_addi sp, -16             : IntAlu :  D=0x7ffffffffffffd20
2280000: system.cpu: T0 : 0x3cb00    : c_ld a5, 0(a0)             : MemRead :  D=0x0000000000000000 A=0x6fe60
2280500: system.cpu: T0 : 0x3cb02    : c_sdsp s0, 0(sp)           : MemWrite :  D=0x0000000000000000 A=0x7ffffffffffffd20
2281000: system.cpu: T0 : 0x3cb04    : c_mv s0, a0                : IntAlu :  D=0x000000000006fe60
2282000: system.cpu: T0 : 0x3cb06    : ld a0, 1112(a0)            : MemRead :  D=0x000000000006ead0 A=0x702b8
2283000: system.cpu: T0 : 0x3cb0a    : ld a4, -1784(gp)           : MemRead :  D=0x0000000000001000 A=0x70930
2284000: system.cpu: T0 : 0x3cb0e    : ld a1, 1120(s0)            : MemRead :  D=0x0000000000000530 A=0x702c0
2284500: system.cpu: T0 : 0x3cb12    : c_add a5, a0               : IntAlu :  D=0x000000000006ead0
2285000: system.cpu: T0 : 0x3cb14    : sub a4, zero, a4           : IntAlu :  D=0xfffffffffffff000
2285500: system.cpu: T0 : 0x3cb18    : c_add a1, a5               : IntAlu :  D=0x000000000006f000
2286000: system.cpu: T0 : 0x3cb1a    : c_sdsp ra, 8(sp)           : MemWrite :  D=0x0000000000022b6e A=0x7ffffffffffffd28
2286500: system.cpu: T0 : 0x3cb1c    : and a0, a5, a4             : IntAlu :  D=0x000000000006e000
2287000: system.cpu: T0 : 0x3cb20    : c_and a1, a4               : IntAlu :  D=0x000000000006f000
2288000: system.cpu: T0 : 0x3cb22    : bne a0, a1, 12             : IntAlu : 
2288500: system.cpu: T0 : 0x3cb2e    : c_li a2, 1                 : IntAlu :  D=0x0000000000000001
2289000: system.cpu: T0 : 0x3cb30    : c_sub a1, a0               : IntAlu :  D=0x0000000000001000
2290000: system.cpu: T0 : 0x3cb32    : jal ra, -113354            : IntAlu :  D=0x000000000003cb36
2290500: system.cpu: T0 : 0x21068    : addi a7, zero, 226         : IntAlu :  D=0x00000000000000e2
2291000: system.cpu: T0 : 0x2106c    : ecall                      : No_OpClass : 
2291500: system.cpu: T0 : 0x21070    : c_lui a7, 1048575          : IntAlu :  D=0xfffffffffffff000
2292500: system.cpu: T0 : 0x21072    : bltu a7, a0, 6             : IntAlu : 
2293000: system.cpu: T0 : 0x21076    : c_jr ra                    : IntAlu : 
2294000: system.cpu: T0 : 0x3cb36    : bge a0, zero, -16          : IntAlu : 
2294500: system.cpu: T0 : 0x3cb26    : c_ldsp ra, 8(sp)           : MemRead :  D=0x0000000000022b6e A=0x7ffffffffffffd28
2295000: system.cpu: T0 : 0x3cb28    : c_ldsp s0, 0(sp)           : MemRead :  D=0x0000000000000000 A=0x7ffffffffffffd20
2295500: system.cpu: T0 : 0x3cb2a    : c_addi sp, 16              : IntAlu :  D=0x7ffffffffffffd30
2296000: system.cpu: T0 : 0x3cb2c    : c_jr ra                    : IntAlu : 
2296500: system.cpu: T0 : 0x22b6e    : c_j -276                   : IntAlu : 
2297000: system.cpu: T0 : 0x22a5a    : c_ldsp ra, 152(sp)         : MemRead :  D=0x0000000000022dec A=0x7ffffffffffffdc8
2297500: system.cpu: T0 : 0x22a5c    : c_ldsp s0, 144(sp)         : MemRead :  D=0x0000000000000001 A=0x7ffffffffffffdc0
2298000: system.cpu: T0 : 0x22a5e    : c_ldsp s1, 136(sp)         : MemRead :  D=0x7fffffffffffff38 A=0x7ffffffffffffdb8
2298500: system.cpu: T0 : 0x22a60    : c_ldsp s2, 128(sp)         : MemRead :  D=0x7fffffffffffff48 A=0x7ffffffffffffdb0
2299000: system.cpu: T0 : 0x22a62    : c_ldsp s3, 120(sp)         : MemRead :  D=0x0000000000000000 A=0x7ffffffffffffda8
2299500: system.cpu: T0 : 0x22a64    : c_ldsp s4, 112(sp)         : MemRead :  D=0x0000000000000000 A=0x7ffffffffffffda0
2300000: system.cpu: T0 : 0x22a66    : c_ldsp s5, 104(sp)         : MemRead :  D=0x0000000000000000 A=0x7ffffffffffffd98
2300500: system.cpu: T0 : 0x22a68    : c_ldsp s6, 96(sp)          : MemRead :  D=0x0000000000000000 A=0x7ffffffffffffd90
2301000: system.cpu: T0 : 0x22a6a    : c_ldsp s7, 88(sp)          : MemRead :  D=0x0000000000000000 A=0x7ffffffffffffd88
2301500: system.cpu: T0 : 0x22a6c    : c_ldsp s8, 80(sp)          : MemRead :  D=0x0000000000000000 A=0x7ffffffffffffd80
2302000: system.cpu: T0 : 0x22a6e    : c_ldsp s9, 72(sp)          : MemRead :  D=0x0000000000000000 A=0x7ffffffffffffd78
2302500: system.cpu: T0 : 0x22a70    : c_ldsp s10, 64(sp)         : MemRead :  D=0x0000000000000000 A=0x7ffffffffffffd70
2303000: system.cpu: T0 : 0x22a72    : c_addi16sp sp, 160         : IntAlu :  D=0x7ffffffffffffdd0
2303500: system.cpu: T0 : 0x22a74    : c_jr ra                    : IntAlu : 
2304000: system.cpu: T0 : 0x22dec    : c_mv a2, s2                : IntAlu :  D=0x7fffffffffffff48
2304500: system.cpu: T0 : 0x22dee    : c_mv a1, s1                : IntAlu :  D=0x7fffffffffffff38
2305000: system.cpu: T0 : 0x22df0    : c_mv a0, s0                : IntAlu :  D=0x0000000000000001
2306000: system.cpu: T0 : 0x22df2    : jal ra, -4344              : IntAlu :  D=0x0000000000022df6
2306500: system.cpu: T0 : 0x21cfa    : c_beqz a1, 50              : IntAlu : 
2307000: system.cpu: T0 : 0x21cfc    : c_addi sp, -32             : IntAlu :  D=0x7ffffffffffffdb0
2307500: system.cpu: T0 : 0x21cfe    : c_sdsp s1, 8(sp)           : MemWrite :  D=0x7fffffffffffff38 A=0x7ffffffffffffdb8
2308000: system.cpu: T0 : 0x21d00    : c_ld s1, 0(a1)             : MemRead :  D=0x7fffffffffffffd4 A=0x7fffffffffffff38
2308500: system.cpu: T0 : 0x21d02    : c_sdsp s0, 16(sp)          : MemWrite :  D=0x0000000000000001 A=0x7ffffffffffffdc0
2309000: system.cpu: T0 : 0x21d04    : c_sdsp ra, 24(sp)          : MemWrite :  D=0x0000000000022df6 A=0x7ffffffffffffdc8
2309500: system.cpu: T0 : 0x21d06    : c_mv s0, a1                : IntAlu :  D=0x7fffffffffffff38
2310000: system.cpu: T0 : 0x21d08    : c_beqz s1, 26              : IntAlu : 
2311000: system.cpu: T0 : 0x21d0a    : addi a1, zero, 47          : IntAlu :  D=0x000000000000002f
2311500: system.cpu: T0 : 0x21d0e    : c_mv a0, s1                : IntAlu :  D=0x7fffffffffffffd4
2312000: system.cpu: T0 : 0x21d10    : jal ra, 90482              : IntAlu :  D=0x0000000000021d14
2312500: system.cpu: T0 : 0x37e82    : c_addi sp, -32             : IntAlu :  D=0x7ffffffffffffd90
2313000: system.cpu: T0 : 0x37e84    : c_sdsp s0, 16(sp)          : MemWrite :  D=0x7fffffffffffff38 A=0x7ffffffffffffda0
2313500: system.cpu: T0 : 0x37e86    : c_sdsp s1, 8(sp)           : MemWrite :  D=0x7fffffffffffffd4 A=0x7ffffffffffffd98
2314000: system.cpu: T0 : 0x37e88    : c_sdsp s2, 0(sp)           : MemWrite :  D=0x7fffffffffffff48 A=0x7ffffffffffffd90
2314500: system.cpu: T0 : 0x37e8a    : c_sdsp ra, 24(sp)          : MemWrite :  D=0x0000000000021d14 A=0x7ffffffffffffda8
2315000: system.cpu: T0 : 0x37e8c    : andi s1, a1, 255           : IntAlu :  D=0x000000000000002f
2315500: system.cpu: T0 : 0x37e90    : c_mv s0, a0                : IntAlu :  D=0x7fffffffffffffd4
2316000: system.cpu: T0 : 0x37e92    : c_li s2, 0                 : IntAlu :  D=0x0000000000000000
2316500: system.cpu: T0 : 0x37e94    : c_bnez s1, 10              : IntAlu : 
2317000: system.cpu: T0 : 0x37e9e    : c_mv a0, s0                : IntAlu :  D=0x7fffffffffffffd4
2317500: system.cpu: T0 : 0x37ea0    : c_mv a1, s1                : IntAlu :  D=0x000000000000002f
2318500: system.cpu: T0 : 0x37ea2    : jal ra, -103340            : IntAlu :  D=0x0000000000037ea6
2319500: system.cpu: T0 : 0x1eaf6    : andi a5, a0, 7             : IntAlu :  D=0x0000000000000004
2320500: system.cpu: T0 : 0x1eafa    : andi a4, a1, 255           : IntAlu :  D=0x000000000000002f
2321000: system.cpu: T0 : 0x1eafe    : c_bnez a5, 14              : IntAlu : 
2321500: system.cpu: T0 : 0x1eb0c    : lbu a5, 0(a0)              : MemRead :  D=0x000000000000002e A=0x7fffffffffffffd4
2322000: system.cpu: T0 : 0x1eb10    : bne a5, a4, -14            : IntAlu : 
2322500: system.cpu: T0 : 0x1eb02    : c_addi a0, 1               : IntAlu :  D=0x7fffffffffffffd5
2323000: system.cpu: T0 : 0x1eb04    : andi a3, a0, 7             : IntAlu :  D=0x0000000000000005
2323500: system.cpu: T0 : 0x1eb08    : c_beqz a5, 168             : IntAlu : 
2324000: system.cpu: T0 : 0x1eb0a    : c_beqz a3, 12              : IntAlu : 
2324500: system.cpu: T0 : 0x1eb0c    : lbu a5, 0(a0)              : MemRead :  D=0x000000000000002e A=0x7fffffffffffffd5
2325000: system.cpu: T0 : 0x1eb10    : bne a5, a4, -14            : IntAlu : 
2325500: system.cpu: T0 : 0x1eb02    : c_addi a0, 1               : IntAlu :  D=0x7fffffffffffffd6
2326000: system.cpu: T0 : 0x1eb04    : andi a3, a0, 7             : IntAlu :  D=0x0000000000000006
2326500: system.cpu: T0 : 0x1eb08    : c_beqz a5, 168             : IntAlu : 
2327000: system.cpu: T0 : 0x1eb0a    : c_beqz a3, 12              : IntAlu : 
2327500: system.cpu: T0 : 0x1eb0c    : lbu a5, 0(a0)              : MemRead :  D=0x000000000000002f A=0x7fffffffffffffd6
2328000: system.cpu: T0 : 0x1eb10    : bne a5, a4, -14            : IntAlu : 
2328500: system.cpu: T0 : 0x1eb14    : c_jr ra                    : IntAlu : 
2329000: system.cpu: T0 : 0x37ea6    : c_bnez a0, -14             : IntAlu : 
2329500: system.cpu: T0 : 0x37e98    : addi s0, a0, 1             : IntAlu :  D=0x7fffffffffffffd7
2330000: system.cpu: T0 : 0x37e9c    : c_mv s2, a0                : IntAlu :  D=0x7fffffffffffffd6
2330500: system.cpu: T0 : 0x37e9e    : c_mv a0, s0                : IntAlu :  D=0x7fffffffffffffd7
2331000: system.cpu: T0 : 0x37ea0    : c_mv a1, s1                : IntAlu :  D=0x000000000000002f
2332000: system.cpu: T0 : 0x37ea2    : jal ra, -103340            : IntAlu :  D=0x0000000000037ea6
2333000: system.cpu: T0 : 0x1eaf6    : andi a5, a0, 7             : IntAlu :  D=0x0000000000000007
2334000: system.cpu: T0 : 0x1eafa    : andi a4, a1, 255           : IntAlu :  D=0x000000000000002f
2334500: system.cpu: T0 : 0x1eafe    : c_bnez a5, 14              : IntAlu : 
2335000: system.cpu: T0 : 0x1eb0c    : lbu a5, 0(a0)              : MemRead :  D=0x0000000000000044 A=0x7fffffffffffffd7
2335500: system.cpu: T0 : 0x1eb10    : bne a5, a4, -14            : IntAlu : 
2336000: system.cpu: T0 : 0x1eb02    : c_addi a0, 1               : IntAlu :  D=0x7fffffffffffffd8
2336500: system.cpu: T0 : 0x1eb04    : andi a3, a0, 7             : IntAlu :  D=0x0000000000000000
2337000: system.cpu: T0 : 0x1eb08    : c_beqz a5, 168             : IntAlu : 
2337500: system.cpu: T0 : 0x1eb0a    : c_beqz a3, 12              : IntAlu : 
2338000: system.cpu: T0 : 0x1eb16    : c_lui a3, 16               : IntAlu :  D=0x0000000000010000
2338500: system.cpu: T0 : 0x1eb18    : slliw a5, a1, 8            : IntAlu :  D=0x0000000000002f00
2339000: system.cpu: T0 : 0x1eb1c    : c_addi a3, -1              : IntAlu :  D=0x000000000000ffff
2339500: system.cpu: T0 : 0x1eb1e    : c_and a5, a3               : IntAlu :  D=0x0000000000002f00
2340000: system.cpu: T0 : 0x1eb20    : andi a1, a1, 255           : IntAlu :  D=0x000000000000002f
2340500: system.cpu: T0 : 0x1eb24    : c_or a1, a5                : IntAlu :  D=0x0000000000002f2f
2341000: system.cpu: T0 : 0x1eb26    : c_addiw a1, 0              : IntAlu :  D=0x0000000000002f2f
2341500: system.cpu: T0 : 0x1eb28    : slli t1, a1, 16            : IntAlu :  D=0x000000002f2f0000
2342000: system.cpu: T0 : 0x1eb2c    : or a1, t1, a1              : IntAlu :  D=0x000000002f2f2f2f
2342500: system.cpu: T0 : 0x1eb30    : ld a6, -2032(gp)           : MemRead :  D=0x7efefefefefefeff A=0x70838
2343000: system.cpu: T0 : 0x1eb34    : slli t1, a1, 32            : IntAlu :  D=0x2f2f2f2f00000000
2343500: system.cpu: T0 : 0x1eb38    : or t1, t1, a1              : IntAlu :  D=0x2f2f2f2f2f2f2f2f
2344000: system.cpu: T0 : 0x1eb3c    : c_li t3, -1                : IntAlu :  D=0xffffffffffffffff
2344500: system.cpu: T0 : 0x1eb3e    : c_ld a1, 0(a0)             : MemRead :  D=0x7364616f6c6e776f A=0x7fffffffffffffd8
2345000: system.cpu: T0 : 0x1eb40    : addi a5, a0, 8             : IntAlu :  D=0x7fffffffffffffe0
2345500: system.cpu: T0 : 0x1eb44    : xor a7, t1, a1             : IntAlu :  D=0x5c4b4e4043415840
2346000: system.cpu: T0 : 0x1eb48    : add a3, a1, a6             : IntAlu :  D=0xf263606e6b6d766e
2346500: system.cpu: T0 : 0x1eb4c    : add a2, a7, a6             : IntAlu :  D=0xdb4a4d3f4240573f
2347000: system.cpu: T0 : 0x1eb50    : c_xor a3, a1               : IntAlu :  D=0x8107010107030101
2348000: system.cpu: T0 : 0x1eb52    : xor a2, a2, a7             : IntAlu :  D=0x8701037f01010f7f
2348500: system.cpu: T0 : 0x1eb56    : c_and a3, a2               : IntAlu :  D=0x8101010101010101
2349000: system.cpu: T0 : 0x1eb58    : or a3, a3, a6              : IntAlu :  D=0xffffffffffffffff
2349500: system.cpu: T0 : 0x1eb5c    : beq a3, t3, 88             : IntAlu : 
2350000: system.cpu: T0 : 0x1ebb4    : c_mv a0, a5                : IntAlu :  D=0x7fffffffffffffe0
2350500: system.cpu: T0 : 0x1ebb6    : c_j -120                   : IntAlu : 
2351000: system.cpu: T0 : 0x1eb3e    : c_ld a1, 0(a0)             : MemRead :  D=0x635f656e6e616a2f A=0x7fffffffffffffe0
2351500: system.cpu: T0 : 0x1eb40    : addi a5, a0, 8             : IntAlu :  D=0x7fffffffffffffe8
2352000: system.cpu: T0 : 0x1eb44    : xor a7, t1, a1             : IntAlu :  D=0x4c704a41414e4500
2352500: system.cpu: T0 : 0x1eb48    : add a3, a1, a6             : IntAlu :  D=0xe25e646d6d60692e
2353000: system.cpu: T0 : 0x1eb4c    : add a2, a7, a6             : IntAlu :  D=0xcb6f4940404d43ff
2353500: system.cpu: T0 : 0x1eb50    : c_xor a3, a1               : IntAlu :  D=0x8101010303010301
2354500: system.cpu: T0 : 0x1eb52    : xor a2, a2, a7             : IntAlu :  D=0x871f0301010306ff
2355000: system.cpu: T0 : 0x1eb56    : c_and a3, a2               : IntAlu :  D=0x8101010101010201
2355500: system.cpu: T0 : 0x1eb58    : or a3, a3, a6              : IntAlu :  D=0xfffffffffffffeff
2356000: system.cpu: T0 : 0x1eb5c    : beq a3, t3, 88             : IntAlu : 
2356500: system.cpu: T0 : 0x1eb60    : lbu a3, -8(a5)             : MemRead :  D=0x000000000000002f A=0x7fffffffffffffe0
2357000: system.cpu: T0 : 0x1eb64    : beq a3, a4, -80            : IntAlu : 
2357500: system.cpu: T0 : 0x1eb14    : c_jr ra                    : IntAlu : 
2358000: system.cpu: T0 : 0x37ea6    : c_bnez a0, -14             : IntAlu : 
2358500: system.cpu: T0 : 0x37e98    : addi s0, a0, 1             : IntAlu :  D=0x7fffffffffffffe1
2359000: system.cpu: T0 : 0x37e9c    : c_mv s2, a0                : IntAlu :  D=0x7fffffffffffffe0
2359500: system.cpu: T0 : 0x37e9e    : c_mv a0, s0                : IntAlu :  D=0x7fffffffffffffe1
2360000: system.cpu: T0 : 0x37ea0    : c_mv a1, s1                : IntAlu :  D=0x000000000000002f
2361000: system.cpu: T0 : 0x37ea2    : jal ra, -103340            : IntAlu :  D=0x0000000000037ea6
2362000: system.cpu: T0 : 0x1eaf6    : andi a5, a0, 7             : IntAlu :  D=0x0000000000000001
2363000: system.cpu: T0 : 0x1eafa    : andi a4, a1, 255           : IntAlu :  D=0x000000000000002f
2363500: system.cpu: T0 : 0x1eafe    : c_bnez a5, 14              : IntAlu : 
2364000: system.cpu: T0 : 0x1eb0c    : lbu a5, 0(a0)              : MemRead :  D=0x000000000000006a A=0x7fffffffffffffe1
2364500: system.cpu: T0 : 0x1eb10    : bne a5, a4, -14            : IntAlu : 
2365000: system.cpu: T0 : 0x1eb02    : c_addi a0, 1               : IntAlu :  D=0x7fffffffffffffe2
2365500: system.cpu: T0 : 0x1eb04    : andi a3, a0, 7             : IntAlu :  D=0x0000000000000002
2366000: system.cpu: T0 : 0x1eb08    : c_beqz a5, 168             : IntAlu : 
2366500: system.cpu: T0 : 0x1eb0a    : c_beqz a3, 12              : IntAlu : 
2367000: system.cpu: T0 : 0x1eb0c    : lbu a5, 0(a0)              : MemRead :  D=0x0000000000000061 A=0x7fffffffffffffe2
2367500: system.cpu: T0 : 0x1eb10    : bne a5, a4, -14            : IntAlu : 
2368000: system.cpu: T0 : 0x1eb02    : c_addi a0, 1               : IntAlu :  D=0x7fffffffffffffe3
2368500: system.cpu: T0 : 0x1eb04    : andi a3, a0, 7             : IntAlu :  D=0x0000000000000003
2369000: system.cpu: T0 : 0x1eb08    : c_beqz a5, 168             : IntAlu : 
2369500: system.cpu: T0 : 0x1eb0a    : c_beqz a3, 12              : IntAlu : 
2370000: system.cpu: T0 : 0x1eb0c    : lbu a5, 0(a0)              : MemRead :  D=0x000000000000006e A=0x7fffffffffffffe3
2370500: system.cpu: T0 : 0x1eb10    : bne a5, a4, -14            : IntAlu : 
2371000: system.cpu: T0 : 0x1eb02    : c_addi a0, 1               : IntAlu :  D=0x7fffffffffffffe4
2371500: system.cpu: T0 : 0x1eb04    : andi a3, a0, 7             : IntAlu :  D=0x0000000000000004
2372000: system.cpu: T0 : 0x1eb08    : c_beqz a5, 168             : IntAlu : 
2372500: system.cpu: T0 : 0x1eb0a    : c_beqz a3, 12              : IntAlu : 
2373000: system.cpu: T0 : 0x1eb0c    : lbu a5, 0(a0)              : MemRead :  D=0x000000000000006e A=0x7fffffffffffffe4
2373500: system.cpu: T0 : 0x1eb10    : bne a5, a4, -14            : IntAlu : 
2374000: system.cpu: T0 : 0x1eb02    : c_addi a0, 1               : IntAlu :  D=0x7fffffffffffffe5
2374500: system.cpu: T0 : 0x1eb04    : andi a3, a0, 7             : IntAlu :  D=0x0000000000000005
2375000: system.cpu: T0 : 0x1eb08    : c_beqz a5, 168             : IntAlu : 
2375500: system.cpu: T0 : 0x1eb0a    : c_beqz a3, 12              : IntAlu : 
2376000: system.cpu: T0 : 0x1eb0c    : lbu a5, 0(a0)              : MemRead :  D=0x0000000000000065 A=0x7fffffffffffffe5
2376500: system.cpu: T0 : 0x1eb10    : bne a5, a4, -14            : IntAlu : 
2377000: system.cpu: T0 : 0x1eb02    : c_addi a0, 1               : IntAlu :  D=0x7fffffffffffffe6
2377500: system.cpu: T0 : 0x1eb04    : andi a3, a0, 7             : IntAlu :  D=0x0000000000000006
2378000: system.cpu: T0 : 0x1eb08    : c_beqz a5, 168             : IntAlu : 
2378500: system.cpu: T0 : 0x1eb0a    : c_beqz a3, 12              : IntAlu : 
2379000: system.cpu: T0 : 0x1eb0c    : lbu a5, 0(a0)              : MemRead :  D=0x000000000000005f A=0x7fffffffffffffe6
2379500: system.cpu: T0 : 0x1eb10    : bne a5, a4, -14            : IntAlu : 
2380000: system.cpu: T0 : 0x1eb02    : c_addi a0, 1               : IntAlu :  D=0x7fffffffffffffe7
2380500: system.cpu: T0 : 0x1eb04    : andi a3, a0, 7             : IntAlu :  D=0x0000000000000007
2381000: system.cpu: T0 : 0x1eb08    : c_beqz a5, 168             : IntAlu : 
2381500: system.cpu: T0 : 0x1eb0a    : c_beqz a3, 12              : IntAlu : 
2382000: system.cpu: T0 : 0x1eb0c    : lbu a5, 0(a0)              : MemRead :  D=0x0000000000000063 A=0x7fffffffffffffe7
2382500: system.cpu: T0 : 0x1eb10    : bne a5, a4, -14            : IntAlu : 
2383000: system.cpu: T0 : 0x1eb02    : c_addi a0, 1               : IntAlu :  D=0x7fffffffffffffe8
2383500: system.cpu: T0 : 0x1eb04    : andi a3, a0, 7             : IntAlu :  D=0x0000000000000000
2384000: system.cpu: T0 : 0x1eb08    : c_beqz a5, 168             : IntAlu : 
2384500: system.cpu: T0 : 0x1eb0a    : c_beqz a3, 12              : IntAlu : 
2385000: system.cpu: T0 : 0x1eb16    : c_lui a3, 16               : IntAlu :  D=0x0000000000010000
2385500: system.cpu: T0 : 0x1eb18    : slliw a5, a1, 8            : IntAlu :  D=0x0000000000002f00
2386000: system.cpu: T0 : 0x1eb1c    : c_addi a3, -1              : IntAlu :  D=0x000000000000ffff
2386500: system.cpu: T0 : 0x1eb1e    : c_and a5, a3               : IntAlu :  D=0x0000000000002f00
2387000: system.cpu: T0 : 0x1eb20    : andi a1, a1, 255           : IntAlu :  D=0x000000000000002f
2387500: system.cpu: T0 : 0x1eb24    : c_or a1, a5                : IntAlu :  D=0x0000000000002f2f
2388000: system.cpu: T0 : 0x1eb26    : c_addiw a1, 0              : IntAlu :  D=0x0000000000002f2f
2388500: system.cpu: T0 : 0x1eb28    : slli t1, a1, 16            : IntAlu :  D=0x000000002f2f0000
2389000: system.cpu: T0 : 0x1eb2c    : or a1, t1, a1              : IntAlu :  D=0x000000002f2f2f2f
2389500: system.cpu: T0 : 0x1eb30    : ld a6, -2032(gp)           : MemRead :  D=0x7efefefefefefeff A=0x70838
2390000: system.cpu: T0 : 0x1eb34    : slli t1, a1, 32            : IntAlu :  D=0x2f2f2f2f00000000
2390500: system.cpu: T0 : 0x1eb38    : or t1, t1, a1              : IntAlu :  D=0x2f2f2f2f2f2f2f2f
2391000: system.cpu: T0 : 0x1eb3c    : c_li t3, -1                : IntAlu :  D=0xffffffffffffffff
2391500: system.cpu: T0 : 0x1eb3e    : c_ld a1, 0(a0)             : MemRead :  D=0xc90078656c706d6f A=0x7fffffffffffffe8
2392000: system.cpu: T0 : 0x1eb40    : addi a5, a0, 8             : IntAlu :  D=0x7ffffffffffffff0
2392500: system.cpu: T0 : 0x1eb44    : xor a7, t1, a1             : IntAlu :  D=0xe62f574a435f4240
2393000: system.cpu: T0 : 0x1eb48    : add a3, a1, a6             : IntAlu :  D=0x47ff77646b6f6c6e
2393500: system.cpu: T0 : 0x1eb4c    : add a2, a7, a6             : IntAlu :  D=0x652e5649425e413f
2394000: system.cpu: T0 : 0x1eb50    : c_xor a3, a1               : IntAlu :  D=0x8eff0f01071f0101
2395000: system.cpu: T0 : 0x1eb52    : xor a2, a2, a7             : IntAlu :  D=0x830101030101037f
2395500: system.cpu: T0 : 0x1eb56    : c_and a3, a2               : IntAlu :  D=0x8201010101010101
2396000: system.cpu: T0 : 0x1eb58    : or a3, a3, a6              : IntAlu :  D=0xfeffffffffffffff
2396500: system.cpu: T0 : 0x1eb5c    : beq a3, t3, 88             : IntAlu : 
2397000: system.cpu: T0 : 0x1eb60    : lbu a3, -8(a5)             : MemRead :  D=0x000000000000006f A=0x7fffffffffffffe8
2397500: system.cpu: T0 : 0x1eb64    : beq a3, a4, -80            : IntAlu : 
2398000: system.cpu: T0 : 0x1eb68    : c_beqz a3, 72              : IntAlu : 
2399000: system.cpu: T0 : 0x1eb6a    : lbu a3, -7(a5)             : MemRead :  D=0x000000000000006d A=0x7fffffffffffffe9
2400000: system.cpu: T0 : 0x1eb6e    : beq a3, a4, 74             : IntAlu : 
2400500: system.cpu: T0 : 0x1eb72    : c_beqz a3, 62              : IntAlu : 
2401000: system.cpu: T0 : 0x1eb74    : lbu a3, -6(a5)             : MemRead :  D=0x0000000000000070 A=0x7fffffffffffffea
2401500: system.cpu: T0 : 0x1eb78    : beq a3, a4, 68             : IntAlu : 
2402000: system.cpu: T0 : 0x1eb7c    : c_beqz a3, 52              : IntAlu : 
2403000: system.cpu: T0 : 0x1eb7e    : lbu a3, -5(a5)             : MemRead :  D=0x000000000000006c A=0x7fffffffffffffeb
2404000: system.cpu: T0 : 0x1eb82    : beq a3, a4, 62             : IntAlu : 
2404500: system.cpu: T0 : 0x1eb86    : c_beqz a3, 42              : IntAlu : 
2405000: system.cpu: T0 : 0x1eb88    : lbu a3, -4(a5)             : MemRead :  D=0x0000000000000065 A=0x7fffffffffffffec
2405500: system.cpu: T0 : 0x1eb8c    : beq a3, a4, 56             : IntAlu : 
2406000: system.cpu: T0 : 0x1eb90    : c_beqz a3, 32              : IntAlu : 
2407000: system.cpu: T0 : 0x1eb92    : lbu a3, -3(a5)             : MemRead :  D=0x0000000000000078 A=0x7fffffffffffffed
2408000: system.cpu: T0 : 0x1eb96    : beq a3, a4, 50             : IntAlu : 
2408500: system.cpu: T0 : 0x1eb9a    : c_beqz a3, 22              : IntAlu : 
2409000: system.cpu: T0 : 0x1eb9c    : lbu a3, -2(a5)             : MemRead :  D=0x0000000000000000 A=0x7fffffffffffffee
2409500: system.cpu: T0 : 0x1eba0    : beq a3, a4, 44             : IntAlu : 
2410000: system.cpu: T0 : 0x1eba4    : c_beqz a3, 12              : IntAlu : 
2410500: system.cpu: T0 : 0x1ebb0    : c_li a0, 0                 : IntAlu :  D=0x0000000000000000
2411000: system.cpu: T0 : 0x1ebb2    : c_jr ra                    : IntAlu : 
2411500: system.cpu: T0 : 0x37ea6    : c_bnez a0, -14             : IntAlu : 
2412000: system.cpu: T0 : 0x37ea8    : c_ldsp ra, 24(sp)          : MemRead :  D=0x0000000000021d14 A=0x7ffffffffffffda8
2412500: system.cpu: T0 : 0x37eaa    : c_ldsp s0, 16(sp)          : MemRead :  D=0x7fffffffffffff38 A=0x7ffffffffffffda0
2413000: system.cpu: T0 : 0x37eac    : c_ldsp s1, 8(sp)           : MemRead :  D=0x7fffffffffffffd4 A=0x7ffffffffffffd98
2413500: system.cpu: T0 : 0x37eae    : c_mv a0, s2                : IntAlu :  D=0x7fffffffffffffe0
2414000: system.cpu: T0 : 0x37eb0    : c_ldsp s2, 0(sp)           : MemRead :  D=0x7fffffffffffff48 A=0x7ffffffffffffd90
2414500: system.cpu: T0 : 0x37eb2    : c_addi16sp sp, 32          : IntAlu :  D=0x7ffffffffffffdb0
2415000: system.cpu: T0 : 0x37eb4    : c_jr ra                    : IntAlu : 
2415500: system.cpu: T0 : 0x21d14    : c_beqz a0, 26              : IntAlu : 
2416000: system.cpu: T0 : 0x21d16    : c_addi a0, 1               : IntAlu :  D=0x7fffffffffffffe1
2416500: system.cpu: T0 : 0x21d18    : sd a0, -1824(gp)           : MemWrite :  D=0x7fffffffffffffe1 A=0x70908
2417000: system.cpu: T0 : 0x21d1c    : c_ld a4, 0(s0)             : MemRead :  D=0x7fffffffffffffd4 A=0x7fffffffffffff38
2418000: system.cpu: T0 : 0x21d1e    : sd a4, -1816(gp)           : MemWrite :  D=0x7fffffffffffffd4 A=0x70910
2418500: system.cpu: T0 : 0x21d22    : c_ldsp ra, 24(sp)          : MemRead :  D=0x0000000000022df6 A=0x7ffffffffffffdc8
2419000: system.cpu: T0 : 0x21d24    : c_ldsp s0, 16(sp)          : MemRead :  D=0x0000000000000001 A=0x7ffffffffffffdc0
2419500: system.cpu: T0 : 0x21d26    : c_ldsp s1, 8(sp)           : MemRead :  D=0x7fffffffffffff38 A=0x7ffffffffffffdb8
2420000: system.cpu: T0 : 0x21d28    : c_addi16sp sp, 32          : IntAlu :  D=0x7ffffffffffffdd0
2420500: system.cpu: T0 : 0x21d2a    : c_jr ra                    : IntAlu : 
2421000: system.cpu: T0 : 0x22df6    : c_ldsp s0, 16(sp)          : MemRead :  D=0x00000000000109e6 A=0x7ffffffffffffde0
2421500: system.cpu: T0 : 0x22df8    : c_ldsp ra, 24(sp)          : MemRead :  D=0x000000000001065a A=0x7ffffffffffffde8
2422000: system.cpu: T0 : 0x22dfa    : c_ldsp s1, 8(sp)           : MemRead :  D=0x0000000000010a76 A=0x7ffffffffffffdd8
2422500: system.cpu: T0 : 0x22dfc    : c_ldsp s2, 0(sp)           : MemRead :  D=0x0000000000000000 A=0x7ffffffffffffdd0
2423000: system.cpu: T0 : 0x22dfe    : c_addi16sp sp, 32          : IntAlu :  D=0x7ffffffffffffdf0
2423500: system.cpu: T0 : 0x22e00    : jal zero, 35004            : IntAlu :  D=0x0000000000022e04
2424000: system.cpu: T0 : 0x2b6bc    : ld a5, 0(tp)               : MemRead :  D=0x0000000000070678 A=0x72710
2424500: system.cpu: T0 : 0x2b6c0    : c_ld a5, 0(a5)             : MemRead :  D=0x0000000000051890 A=0x70678
2425000: system.cpu: T0 : 0x2b6c2    : c_ld a0, 64(a5)            : MemRead :  D=0x00000000000530c0 A=0x518d0
2425500: system.cpu: T0 : 0x2b6c4    : c_ld a2, 72(a5)            : MemRead :  D=0x00000000000526c0 A=0x518d8
2426000: system.cpu: T0 : 0x2b6c6    : c_ld a4, 88(a5)            : MemRead :  D=0x00000000000520c0 A=0x518e8
2426500: system.cpu: T0 : 0x2b6c8    : addi a0, a0, 256           : IntAlu :  D=0x00000000000531c0
2427000: system.cpu: T0 : 0x2b6cc    : addi a2, a2, 512           : IntAlu :  D=0x00000000000528c0
2427500: system.cpu: T0 : 0x2b6d0    : addi a4, a4, 512           : IntAlu :  D=0x00000000000522c0
2428000: system.cpu: T0 : 0x2b6d4    : sd a0, 80(tp)              : MemWrite :  D=0x00000000000531c0 A=0x72760
2428500: system.cpu: T0 : 0x2b6d8    : sd a2, 72(tp)              : MemWrite :  D=0x00000000000528c0 A=0x72758
2429000: system.cpu: T0 : 0x2b6dc    : sd a4, 64(tp)              : MemWrite :  D=0x00000000000522c0 A=0x72750
2429500: system.cpu: T0 : 0x2b6e0    : c_jr ra                    : IntAlu : 
2430000: system.cpu: T0 : 0x1065a    : c_beqz s1, 12              : IntAlu : 
2430500: system.cpu: T0 : 0x1065c    : c_li a2, 0                 : IntAlu :  D=0x0000000000000000
2431000: system.cpu: T0 : 0x1065e    : c_li a1, 0                 : IntAlu :  D=0x0000000000000000
2431500: system.cpu: T0 : 0x10660    : c_mv a0, s1                : IntAlu :  D=0x0000000000010a76
2432500: system.cpu: T0 : 0x10662    : jal ra, 17628              : IntAlu :  D=0x0000000000010666
2433500: system.cpu: T0 : 0x14b3e    : addi a3, gp, -1936         : IntAlu :  D=0x0000000000070898
2434000: system.cpu: T0 : 0x14b42    : c_j -204                   : IntAlu : 
2434500: system.cpu: T0 : 0x14a76    : c_addi16sp sp, -64         : IntAlu :  D=0x7ffffffffffffdb0
2435000: system.cpu: T0 : 0x14a78    : c_sdsp ra, 56(sp)          : MemWrite :  D=0x0000000000010666 A=0x7ffffffffffffde8
2435500: system.cpu: T0 : 0x14a7a    : c_sdsp s0, 48(sp)          : MemWrite :  D=0x00000000000109e6 A=0x7ffffffffffffde0
2436000: system.cpu: T0 : 0x14a7c    : c_sdsp s1, 40(sp)          : MemWrite :  D=0x0000000000010a76 A=0x7ffffffffffffdd8
2436500: system.cpu: T0 : 0x14a7e    : c_sdsp s2, 32(sp)          : MemWrite :  D=0x0000000000000000 A=0x7ffffffffffffdd0
2437000: system.cpu: T0 : 0x14a80    : c_sdsp s3, 24(sp)          : MemWrite :  D=0x0000000000000000 A=0x7ffffffffffffdc8
2437500: system.cpu: T0 : 0x14a82    : c_beqz a0, 156             : IntAlu : 
2438000: system.cpu: T0 : 0x14a84    : lui s0, 114                : IntAlu :  D=0x0000000000072000
2438500: system.cpu: T0 : 0x14a88    : c_mv s2, a2                : IntAlu :  D=0x0000000000000000
2439000: system.cpu: T0 : 0x14a8a    : c_mv s1, a0                : IntAlu :  D=0x0000000000010a76
2439500: system.cpu: T0 : 0x14a8c    : c_mv s3, a1                : IntAlu :  D=0x0000000000000000
2440000: system.cpu: T0 : 0x14a8e    : c_li a4, 1                 : IntAlu :  D=0x0000000000000001
2440500: system.cpu: T0 : 0x14a90    : addi a2, s0, -608          : IntAlu :  D=0x0000000000071da0
2441000: system.cpu: T0 : 0x14a94    : lr_w a5, (a2)             
2441000: system.cpu: T0 : 0x14a94. 0 : lr_w a5, (a2)              : MemRead :  D=0x0000000000000000 A=0x71da0
2441500: system.cpu: T0 : 0x14a98    : c_bnez a5, 8               : IntAlu : 
2442500: system.cpu: T0 : 0x14a9a    : sc_w_aq a1, a4, (a2)      
2442500: system.cpu: T0 : 0x14a9a. 0 : sc_w a1, a4, (a2)          : MemWrite :  D=0x0000000000000000 A=0x71da0
2443000: system.cpu: T0 : 0x14a9a. 1 : 0x1ce625af fence           : No_OpClass : 
2443500: system.cpu: T0 : 0x14a9e    : c_bnez a1, -10             : IntAlu : 
2444000: system.cpu: T0 : 0x14aa0    : c_addiw a5, 0              : IntAlu :  D=0x0000000000000000
2444500: system.cpu: T0 : 0x14aa2    : c_bnez a5, 64              : IntAlu : 
2445000: system.cpu: T0 : 0x14aa4    : c_mv a0, a3                : IntAlu :  D=0x0000000000070898
2446000: system.cpu: T0 : 0x14aa6    : jal ra, -242               : IntAlu :  D=0x0000000000014aaa
2446500: system.cpu: T0 : 0x149b4    : lbu a5, -1476(gp)          : MemRead :  D=0x0000000000000000 A=0x70a64
2447000: system.cpu: T0 : 0x149b8    : c_bnez a5, 186             : IntAlu : 
2447500: system.cpu: T0 : 0x149ba    : c_addi sp, -32             : IntAlu :  D=0x7ffffffffffffd90
2448000: system.cpu: T0 : 0x149bc    : c_sdsp s1, 8(sp)           : MemWrite :  D=0x0000000000010a76 A=0x7ffffffffffffd98
2448500: system.cpu: T0 : 0x149be    : c_ld s1, 0(a0)             : MemRead :  D=0x0000000000071140 A=0x70898
2449000: system.cpu: T0 : 0x149c0    : c_sdsp s0, 16(sp)          : MemWrite :  D=0x0000000000072000 A=0x7ffffffffffffda0
2449500: system.cpu: T0 : 0x149c2    : c_sdsp ra, 24(sp)          : MemWrite :  D=0x0000000000014aaa A=0x7ffffffffffffda8
2450000: system.cpu: T0 : 0x149c4    : c_mv s0, a0                : IntAlu :  D=0x0000000000070898
2450500: system.cpu: T0 : 0x149c6    : c_beqz s1, 140             : IntAlu : 
2451000: system.cpu: T0 : 0x149c8    : c_mv a1, s1                : IntAlu :  D=0x0000000000071140
2451500: system.cpu: T0 : 0x149ca    : c_li a6, 0                 : IntAlu :  D=0x0000000000000000
2452000: system.cpu: T0 : 0x149cc    : c_ld a4, 8(a1)             : MemRead :  D=0x0000000000000000 A=0x71148
2453000: system.cpu: T0 : 0x149ce    : slli a5, a4, 5             : IntAlu :  D=0x0000000000000000
2453500: system.cpu: T0 : 0x149d2    : c_add a5, a1               : IntAlu :  D=0x0000000000071140
2454000: system.cpu: T0 : 0x149d4    : c_beqz a4, 18              : IntAlu : 
2454500: system.cpu: T0 : 0x149e6    : c_ld a5, 0(a1)             : MemRead :  D=0x0000000000000000 A=0x71140
2455000: system.cpu: T0 : 0x149e8    : sd zero, 8(a1)             : MemWrite :  D=0x0000000000000000 A=0x71148
2455500: system.cpu: T0 : 0x149ec    : c_mv a6, a1                : IntAlu :  D=0x0000000000071140
2456000: system.cpu: T0 : 0x149ee    : c_beqz a5, 78              : IntAlu : 
2456500: system.cpu: T0 : 0x14a3c    : c_li a5, 1                 : IntAlu :  D=0x0000000000000001
2457500: system.cpu: T0 : 0x14a3e    : addi a0, a1, 16            : IntAlu :  D=0x0000000000071150
2458000: system.cpu: T0 : 0x14a42    : c_sd a5, 8(a1)             : MemWrite :  D=0x0000000000000001 A=0x71148
2458500: system.cpu: T0 : 0x14a44    : c_j -60                    : IntAlu : 
2459000: system.cpu: T0 : 0x14a08    : lui a4, 114                : IntAlu :  D=0x0000000000072000
2459500: system.cpu: T0 : 0x14a0c    : ld a5, -600(a4)            : MemRead :  D=0x0000000000000000 A=0x71da8
2460000: system.cpu: T0 : 0x14a10    : c_ldsp ra, 24(sp)          : MemRead :  D=0x0000000000014aaa A=0x7ffffffffffffda8
2460500: system.cpu: T0 : 0x14a12    : c_ldsp s0, 16(sp)          : MemRead :  D=0x0000000000072000 A=0x7ffffffffffffda0
2461000: system.cpu: T0 : 0x14a14    : c_li a3, 1                 : IntAlu :  D=0x0000000000000001
2461500: system.cpu: T0 : 0x14a16    : c_sd a3, 0(a0)             : MemWrite :  D=0x0000000000000001 A=0x71150
2462000: system.cpu: T0 : 0x14a18    : c_addi a5, 1               : IntAlu :  D=0x0000000000000001
2463000: system.cpu: T0 : 0x14a1a    : sd a5, -600(a4)            : MemWrite :  D=0x0000000000000001 A=0x71da8
2463500: system.cpu: T0 : 0x14a1e    : c_ldsp s1, 8(sp)           : MemRead :  D=0x0000000000010a76 A=0x7ffffffffffffd98
2464000: system.cpu: T0 : 0x14a20    : c_addi16sp sp, 32          : IntAlu :  D=0x7ffffffffffffdb0
2464500: system.cpu: T0 : 0x14a22    : c_jr ra                    : IntAlu : 
2465000: system.cpu: T0 : 0x14aaa    : c_beqz a0, 70              : IntAlu : 
2465500: system.cpu: T0 : 0x14aac    : c_li a5, 4                 : IntAlu :  D=0x0000000000000004
2466000: system.cpu: T0 : 0x14aae    : c_sd a5, 0(a0)             : MemWrite :  D=0x0000000000000004 A=0x71150
2466500: system.cpu: T0 : 0x14ab0    : c_sd s1, 8(a0)             : MemWrite :  D=0x0000000000010a76 A=0x71158
2467500: system.cpu: T0 : 0x14ab2    : sd s3, 16(a0)              : MemWrite :  D=0x0000000000000000 A=0x71160
2468500: system.cpu: T0 : 0x14ab6    : sd s2, 24(a0)              : MemWrite :  D=0x0000000000000000 A=0x71168
2469000: system.cpu: T0 : 0x14aba    : c_li a5, 0                 : IntAlu :  D=0x0000000000000000
2469500: system.cpu: T0 : 0x14abc    : addi a4, s0, -608          : IntAlu :  D=0x0000000000071da0
2470000: system.cpu: T0 : 0x14ac0    : fence iorw, ow             : No_OpClass : 
2470500: system.cpu: T0 : 0x14ac4    : amoswap_w a5, a5, (a4)    
2470500: system.cpu: T0 : 0x14ac4. 0 : amoswap_w[l] a5, a5, (a4)  : MemRead :  D=0x0000000000000001 A=0x71da0
2471000: system.cpu: T0 : 0x14ac8    : c_addiw a5, 0              : IntAlu :  D=0x0000000000000001
2471500: system.cpu: T0 : 0x14aca    : c_li a3, 1                 : IntAlu :  D=0x0000000000000001
2472000: system.cpu: T0 : 0x14acc    : c_li a4, 0                 : IntAlu :  D=0x0000000000000000
2473000: system.cpu: T0 : 0x14ace    : blt a3, a5, 58             : IntAlu : 
2473500: system.cpu: T0 : 0x14ad2    : c_ldsp ra, 56(sp)          : MemRead :  D=0x0000000000010666 A=0x7ffffffffffffde8
2474000: system.cpu: T0 : 0x14ad4    : c_ldsp s0, 48(sp)          : MemRead :  D=0x00000000000109e6 A=0x7ffffffffffffde0
2474500: system.cpu: T0 : 0x14ad6    : c_ldsp s1, 40(sp)          : MemRead :  D=0x0000000000010a76 A=0x7ffffffffffffdd8
2475000: system.cpu: T0 : 0x14ad8    : c_ldsp s2, 32(sp)          : MemRead :  D=0x0000000000000000 A=0x7ffffffffffffdd0
2475500: system.cpu: T0 : 0x14ada    : c_ldsp s3, 24(sp)          : MemRead :  D=0x0000000000000000 A=0x7ffffffffffffdc8
2476000: system.cpu: T0 : 0x14adc    : c_mv a0, a4                : IntAlu :  D=0x0000000000000000
2476500: system.cpu: T0 : 0x14ade    : c_addi16sp sp, 64          : IntAlu :  D=0x7ffffffffffffdf0
2477000: system.cpu: T0 : 0x14ae0    : c_jr ra                    : IntAlu : 
2478000: system.cpu: T0 : 0x10666    : lui a5, 111                : IntAlu :  D=0x000000000006f000
2479000: system.cpu: T0 : 0x1066a    : lw a5, -72(a5)             : MemRead :  D=0x0000000000000000 A=0x6efb8
2480000: system.cpu: T0 : 0x1066e    : bne a5, zero, 238          : IntAlu : 
2480500: system.cpu: T0 : 0x10672    : c_beqz s0, 12              : IntAlu : 
2481000: system.cpu: T0 : 0x10674    : ld a2, -1360(gp)           : MemRead :  D=0x7fffffffffffff48 A=0x70ad8
2481500: system.cpu: T0 : 0x10678    : c_ldsp a1, 16(sp)          : MemRead :  D=0x7fffffffffffff38 A=0x7ffffffffffffe00
2482000: system.cpu: T0 : 0x1067a    : c_ldsp a0, 8(sp)           : MemRead :  D=0x0000000000000001 A=0x7ffffffffffffdf8
2482500: system.cpu: T0 : 0x1067c    : c_jalr s0                  : IntAlu :  D=0x000000000001067e
2483000: system.cpu: T0 : 0x109e6    : c_addi16sp sp, -64         : IntAlu :  D=0x7ffffffffffffdb0
2483500: system.cpu: T0 : 0x109e8    : c_sdsp s0, 48(sp)          : MemWrite :  D=0x00000000000109e6 A=0x7ffffffffffffde0
2484000: system.cpu: T0 : 0x109ea    : c_sdsp s5, 8(sp)           : MemWrite :  D=0x0000000000000000 A=0x7ffffffffffffdb8
2484500: system.cpu: T0 : 0x109ec    : lui s0, 111                : IntAlu :  D=0x000000000006f000
2485000: system.cpu: T0 : 0x109f0    : lui s5, 111                : IntAlu :  D=0x000000000006f000
2485500: system.cpu: T0 : 0x109f4    : addi a5, s0, -1296         : IntAlu :  D=0x000000000006eaf0
2486000: system.cpu: T0 : 0x109f8    : addi s5, s5, -1288         : IntAlu :  D=0x000000000006eaf8
2486500: system.cpu: T0 : 0x109fc    : sub s5, s5, a5             : IntAlu :  D=0x0000000000000008
2487000: system.cpu: T0 : 0x10a00    : c_sdsp s2, 32(sp)          : MemWrite :  D=0x0000000000000000 A=0x7ffffffffffffdd0
2487500: system.cpu: T0 : 0x10a02    : c_sdsp s3, 24(sp)          : MemWrite :  D=0x0000000000000000 A=0x7ffffffffffffdc8
2488000: system.cpu: T0 : 0x10a04    : c_sdsp s4, 16(sp)          : MemWrite :  D=0x0000000000000000 A=0x7ffffffffffffdc0
2488500: system.cpu: T0 : 0x10a06    : c_sdsp ra, 56(sp)          : MemWrite :  D=0x000000000001067e A=0x7ffffffffffffde8
2489000: system.cpu: T0 : 0x10a08    : c_sdsp s1, 40(sp)          : MemWrite :  D=0x0000000000010a76 A=0x7ffffffffffffdd8
2490000: system.cpu: T0 : 0x10a0a    : srai s5, s5, 3             : IntAlu :  D=0x0000000000000001
2490500: system.cpu: T0 : 0x10a0e    : c_mv s2, a0                : IntAlu :  D=0x0000000000000001
2491000: system.cpu: T0 : 0x10a10    : c_mv s3, a1                : IntAlu :  D=0x7fffffffffffff38
2491500: system.cpu: T0 : 0x10a12    : c_mv s4, a2                : IntAlu :  D=0x7fffffffffffff48
2492000: system.cpu: T0 : 0x10a14    : beq s5, zero, 28           : IntAlu : 
2492500: system.cpu: T0 : 0x10a18    : addi s0, s0, -1296         : IntAlu :  D=0x000000000006eaf0
2493000: system.cpu: T0 : 0x10a1c    : c_li s1, 0                 : IntAlu :  D=0x0000000000000000
2493500: system.cpu: T0 : 0x10a1e    : c_ld a5, 0(s0)             : MemRead :  D=0x0000000000010376 A=0x6eaf0
2494000: system.cpu: T0 : 0x10a20    : c_mv a2, s4                : IntAlu :  D=0x7fffffffffffff48
2494500: system.cpu: T0 : 0x10a22    : c_mv a1, s3                : IntAlu :  D=0x7fffffffffffff38
2495000: system.cpu: T0 : 0x10a24    : c_mv a0, s2                : IntAlu :  D=0x0000000000000001
2495500: system.cpu: T0 : 0x10a26    : c_addi s1, 1               : IntAlu :  D=0x0000000000000001
2496000: system.cpu: T0 : 0x10a28    : c_jalr a5                  : IntAlu :  D=0x0000000000010a2a
2497000: system.cpu: T0 : 0x10376    : auipc gp, 97               : IntAlu :  D=0x0000000000071376
2498000: system.cpu: T0 : 0x1037a    : addi gp, gp, -846          : IntAlu :  D=0x0000000000071028
2498500: system.cpu: T0 : 0x1037e    : c_jr ra                    : IntAlu : 
2499000: system.cpu: T0 : 0x10a2a    : c_addi s0, 8               : IntAlu :  D=0x000000000006eaf8
2499500: system.cpu: T0 : 0x10a2c    : bne s5, s1, -14            : IntAlu : 
2500000: system.cpu: T0 : 0x10a30    : lui s0, 111                : IntAlu :  D=0x000000000006f000
2500500: system.cpu: T0 : 0x10a34    : lui s5, 111                : IntAlu :  D=0x000000000006f000
2501000: system.cpu: T0 : 0x10a38    : addi a5, s0, -1288         : IntAlu :  D=0x000000000006eaf8
2501500: system.cpu: T0 : 0x10a3c    : addi s5, s5, -1280         : IntAlu :  D=0x000000000006eb00
2502000: system.cpu: T0 : 0x10a40    : sub s5, s5, a5             : IntAlu :  D=0x0000000000000008
2502500: system.cpu: T0 : 0x10a44    : srai s5, s5, 3             : IntAlu :  D=0x0000000000000001
2503000: system.cpu: T0 : 0x10a48    : beq s5, zero, 28           : IntAlu : 
2503500: system.cpu: T0 : 0x10a4c    : addi s0, s0, -1288         : IntAlu :  D=0x000000000006eaf8
2504000: system.cpu: T0 : 0x10a50    : c_li s1, 0                 : IntAlu :  D=0x0000000000000000
2504500: system.cpu: T0 : 0x10a52    : c_ld a5, 0(s0)             : MemRead :  D=0x000000000001040a A=0x6eaf8
2505000: system.cpu: T0 : 0x10a54    : c_mv a2, s4                : IntAlu :  D=0x7fffffffffffff48
2505500: system.cpu: T0 : 0x10a56    : c_mv a1, s3                : IntAlu :  D=0x7fffffffffffff38
2506000: system.cpu: T0 : 0x10a58    : c_mv a0, s2                : IntAlu :  D=0x0000000000000001
2506500: system.cpu: T0 : 0x10a5a    : c_addi s1, 1               : IntAlu :  D=0x0000000000000001
2507000: system.cpu: T0 : 0x10a5c    : c_jalr a5                  : IntAlu :  D=0x0000000000010a5e
2508000: system.cpu: T0 : 0x1040a    : lui a5, 76                 : IntAlu :  D=0x000000000004c000
2509000: system.cpu: T0 : 0x1040e    : addi a5, a5, 1208          : IntAlu :  D=0x000000000004c4b8
2509500: system.cpu: T0 : 0x10412    : c_beqz a5, 28              : IntAlu : 
2510000: system.cpu: T0 : 0x10414    : lui a0, 106                : IntAlu :  D=0x000000000006a000
2510500: system.cpu: T0 : 0x10418    : c_addi sp, -16             : IntAlu :  D=0x7ffffffffffffda0
2511500: system.cpu: T0 : 0x1041a    : addi a1, gp, -1008         : IntAlu :  D=0x0000000000070c38
2512500: system.cpu: T0 : 0x1041e    : addi a0, a0, 464           : IntAlu :  D=0x000000000006a1d0
2513000: system.cpu: T0 : 0x10422    : c_sdsp ra, 8(sp)           : MemWrite :  D=0x0000000000010a5e A=0x7ffffffffffffda8
2513500: system.cpu: T0 : 0x10424    : jal ra, 245908             : IntAlu :  D=0x0000000000010428
2514000: system.cpu: T0 : 0x4c4b8    : c_beqz a0, 12              : IntAlu : 
2514500: system.cpu: T0 : 0x4c4ba    : c_lw a5, 0(a0)             : MemRead :  D=0x000000000000001c A=0x6a1d0
2515000: system.cpu: T0 : 0x4c4bc    : c_beqz a5, 8               : IntAlu : 
2515500: system.cpu: T0 : 0x4c4be    : c_li a3, 0                 : IntAlu :  D=0x0000000000000000
2516000: system.cpu: T0 : 0x4c4c0    : c_li a2, 0                 : IntAlu :  D=0x0000000000000000
2516500: system.cpu: T0 : 0x4c4c2    : c_j -144                   : IntAlu : 
2517000: system.cpu: T0 : 0x4c432    : c_li a5, -1                : IntAlu :  D=0xffffffffffffffff
2517500: system.cpu: T0 : 0x4c434    : c_addi sp, -32             : IntAlu :  D=0x7ffffffffffffd80
2518000: system.cpu: T0 : 0x4c436    : c_sd a5, 0(a1)             : MemWrite :  D=0xffffffffffffffff A=0x70c38
2518500: system.cpu: T0 : 0x4c438    : addi a5, zero, 2040        : IntAlu :  D=0x00000000000007f8
2519000: system.cpu: T0 : 0x4c43c    : c_sdsp s0, 16(sp)          : MemWrite :  D=0x000000000006eaf8 A=0x7ffffffffffffd90
2519500: system.cpu: T0 : 0x4c43e    : c_sdsp s1, 8(sp)           : MemWrite :  D=0x0000000000000001 A=0x7ffffffffffffd88
2520000: system.cpu: T0 : 0x4c440    : c_sdsp ra, 24(sp)          : MemWrite :  D=0x0000000000010428 A=0x7ffffffffffffd98
2520500: system.cpu: T0 : 0x4c442    : c_sd a2, 8(a1)             : MemWrite :  D=0x0000000000000000 A=0x70c40
2521000: system.cpu: T0 : 0x4c444    : c_sd a3, 16(a1)            : MemWrite :  D=0x0000000000000000 A=0x70c48
2521500: system.cpu: T0 : 0x4c446    : c_sd a0, 24(a1)            : MemWrite :  D=0x000000000006a1d0 A=0x70c50
2522000: system.cpu: T0 : 0x4c448    : c_sd a5, 32(a1)            : MemWrite :  D=0x00000000000007f8 A=0x70c58
2523000: system.cpu: T0 : 0x4c44a    : auipc s1, 36               : IntAlu :  D=0x000000000007044a
2524000: system.cpu: T0 : 0x4c44e    : ld s1, 958(s1)             : MemRead :  D=0x0000000000000000 A=0x70808
2524500: system.cpu: T0 : 0x4c452    : c_mv s0, a1                : IntAlu :  D=0x0000000000070c38
2525000: system.cpu: T0 : 0x4c454    : c_beqz s1, 20              : IntAlu : 
2525500: system.cpu: T0 : 0x4c468    : addi a5, gp, 1880          : IntAlu :  D=0x0000000000071780
2526000: system.cpu: T0 : 0x4c46c    : ld a3, 448(a5)             : MemRead :  D=0x0000000000000000 A=0x71940
2526500: system.cpu: T0 : 0x4c470    : lw a4, 456(a5)             : MemRead :  D=0x0000000000000000 A=0x71948
2527000: system.cpu: T0 : 0x4c474    : sd s0, 448(a5)             : MemWrite :  D=0x0000000000070c38 A=0x71940
2527500: system.cpu: T0 : 0x4c478    : c_sd a3, 40(s0)            : MemWrite :  D=0x0000000000000000 A=0x70c60
2528000: system.cpu: T0 : 0x4c47a    : c_beqz a4, 30              : IntAlu : 
2528500: system.cpu: T0 : 0x4c498    : c_li a4, 1                 : IntAlu :  D=0x0000000000000001
2529500: system.cpu: T0 : 0x4c49a    : addi a5, a5, 456           : IntAlu :  D=0x0000000000071948
2530500: system.cpu: T0 : 0x4c49e    : amoswap_w zero, a4, (a5)  
2530500: system.cpu: T0 : 0x4c49e. 0 : amoswap_w[l] zero, a4, (a5) : MemRead :  D=0x0000000000000000 A=0x71948
2531000: system.cpu: T0 : 0x4c4a2    : c_bnez s1, -36             : IntAlu : 
2531500: system.cpu: T0 : 0x4c4a4    : c_ldsp ra, 24(sp)          : MemRead :  D=0x0000000000010428 A=0x7ffffffffffffd98
2532000: system.cpu: T0 : 0x4c4a6    : c_ldsp s0, 16(sp)          : MemRead :  D=0x000000000006eaf8 A=0x7ffffffffffffd90
2532500: system.cpu: T0 : 0x4c4a8    : c_ldsp s1, 8(sp)           : MemRead :  D=0x0000000000000001 A=0x7ffffffffffffd88
2533000: system.cpu: T0 : 0x4c4aa    : c_addi16sp sp, 32          : IntAlu :  D=0x7ffffffffffffda0
2533500: system.cpu: T0 : 0x4c4ac    : c_jr ra                    : IntAlu : 
2534000: system.cpu: T0 : 0x10428    : c_ldsp ra, 8(sp)           : MemRead :  D=0x0000000000010a5e A=0x7ffffffffffffda8
2534500: system.cpu: T0 : 0x1042a    : c_addi sp, 16              : IntAlu :  D=0x7ffffffffffffdb0
2535000: system.cpu: T0 : 0x1042c    : c_j -134                   : IntAlu : 
2536000: system.cpu: T0 : 0x103a6    : lui a0, 112                : IntAlu :  D=0x0000000000070000
2537000: system.cpu: T0 : 0x103aa    : addi a1, a0, 2032          : IntAlu :  D=0x00000000000707f0
2538000: system.cpu: T0 : 0x103ae    : lui a5, 112                : IntAlu :  D=0x0000000000070000
2539000: system.cpu: T0 : 0x103b2    : addi a5, a5, 2032          : IntAlu :  D=0x00000000000707f0
2539500: system.cpu: T0 : 0x103b6    : c_sub a5, a1               : IntAlu :  D=0x0000000000000000
2540000: system.cpu: T0 : 0x103b8    : srai a4, a5, 3             : IntAlu :  D=0x0000000000000000
2540500: system.cpu: T0 : 0x103bc    : srli a1, a5, 63            : IntAlu :  D=0x0000000000000000
2541000: system.cpu: T0 : 0x103c0    : c_add a1, a4               : IntAlu :  D=0x0000000000000000
2541500: system.cpu: T0 : 0x103c2    : c_srai a1, 1               : IntAlu :  D=0x0000000000000000
2542000: system.cpu: T0 : 0x103c4    : c_beqz a1, 16              : IntAlu : 
2542500: system.cpu: T0 : 0x103d4    : c_jr ra                    : IntAlu : 
2543000: system.cpu: T0 : 0x10a5e    : c_addi s0, 8               : IntAlu :  D=0x000000000006eb00
2543500: system.cpu: T0 : 0x10a60    : bne s5, s1, -14            : IntAlu : 
2544000: system.cpu: T0 : 0x10a64    : c_ldsp ra, 56(sp)          : MemRead :  D=0x000000000001067e A=0x7ffffffffffffde8
2544500: system.cpu: T0 : 0x10a66    : c_ldsp s0, 48(sp)          : MemRead :  D=0x00000000000109e6 A=0x7ffffffffffffde0
2545000: system.cpu: T0 : 0x10a68    : c_ldsp s1, 40(sp)          : MemRead :  D=0x0000000000010a76 A=0x7ffffffffffffdd8
2545500: system.cpu: T0 : 0x10a6a    : c_ldsp s2, 32(sp)          : MemRead :  D=0x0000000000000000 A=0x7ffffffffffffdd0
2546000: system.cpu: T0 : 0x10a6c    : c_ldsp s3, 24(sp)          : MemRead :  D=0x0000000000000000 A=0x7ffffffffffffdc8
2546500: system.cpu: T0 : 0x10a6e    : c_ldsp s4, 16(sp)          : MemRead :  D=0x0000000000000000 A=0x7ffffffffffffdc0
2547000: system.cpu: T0 : 0x10a70    : c_ldsp s5, 8(sp)           : MemRead :  D=0x0000000000000000 A=0x7ffffffffffffdb8
2547500: system.cpu: T0 : 0x10a72    : c_addi16sp sp, 64          : IntAlu :  D=0x7ffffffffffffdf0
2548000: system.cpu: T0 : 0x10a74    : c_jr ra                    : IntAlu : 
2548500: system.cpu: T0 : 0x1067e    : c_li a1, 0                 : IntAlu :  D=0x0000000000000000
2549000: system.cpu: T0 : 0x10680    : c_li a0, 0                 : IntAlu :  D=0x0000000000000000
2550000: system.cpu: T0 : 0x10682    : jal ra, 71440              : IntAlu :  D=0x0000000000010686
2550500: system.cpu: T0 : 0x21d92    : c_mv a4, a0                : IntAlu :  D=0x0000000000000000
2551000: system.cpu: T0 : 0x21d94    : c_beqz a1, 70              : IntAlu : 
2552000: system.cpu: T0 : 0x21dda    : lui a5, 114                : IntAlu :  D=0x0000000000072000
2553000: system.cpu: T0 : 0x21dde    : addi a0, a5, -592          : IntAlu :  D=0x0000000000071db0
2553500: system.cpu: T0 : 0x21de2    : c_ld a5, 8(a0)             : MemRead :  D=0x0000000000000000 A=0x71db8
2554000: system.cpu: T0 : 0x21de4    : c_bnez a5, -52             : IntAlu : 
2554500: system.cpu: T0 : 0x21de6    : c_li a5, 1                 : IntAlu :  D=0x0000000000000001
2555000: system.cpu: T0 : 0x21de8    : c_sw a5, 0(a0)             : MemWrite :  D=0x0000000000000001 A=0x71db0
2555500: system.cpu: T0 : 0x21dea    : c_bnez a4, -52             : IntAlu : 
2556000: system.cpu: T0 : 0x21dec    : lui a5, 114                : IntAlu :  D=0x0000000000072000
2556500: system.cpu: T0 : 0x21df0    : ld a4, -560(a5)            : MemRead :  D=0x0000000000000000 A=0x71dd0
2557000: system.cpu: T0 : 0x21df4    : c_j -62                    : IntAlu : 
2558000: system.cpu: T0 : 0x21db6    : slli a5, a1, 3             : IntAlu :  D=0x0000000000000000
2558500: system.cpu: T0 : 0x21dba    : c_add a5, a1               : IntAlu :  D=0x0000000000000000
2559000: system.cpu: T0 : 0x21dbc    : lui a1, 112                : IntAlu :  D=0x0000000000070000
2559500: system.cpu: T0 : 0x21dc0    : c_slli a5, 4               : IntAlu :  D=0x0000000000000000
2560500: system.cpu: T0 : 0x21dc2    : addi a1, a1, 816           : IntAlu :  D=0x0000000000070330
2561000: system.cpu: T0 : 0x21dc6    : c_add a1, a5               : IntAlu :  D=0x0000000000070330
2561500: system.cpu: T0 : 0x21dc8    : c_ld a5, 0(a1)             : MemRead :  D=0x000000000006fe60 A=0x70330
2562000: system.cpu: T0 : 0x21dca    : c_sd a4, 32(a0)            : MemWrite :  D=0x0000000000000000 A=0x71dd0
2562500: system.cpu: T0 : 0x21dcc    : c_sd a5, 8(a0)             : MemWrite :  D=0x000000000006fe60 A=0x71db8
2563500: system.cpu: T0 : 0x21dce    : lui a5, 34                 : IntAlu :  D=0x0000000000022000
2564500: system.cpu: T0 : 0x21dd2    : addi a5, a5, -624          : IntAlu :  D=0x0000000000021d90
2565000: system.cpu: T0 : 0x21dd6    : c_sd a5, 16(a0)            : MemWrite :  D=0x0000000000021d90 A=0x71dc0
2565500: system.cpu: T0 : 0x21dd8    : c_jr ra                    : IntAlu : 
2566000: system.cpu: T0 : 0x10686    : c_addi4spn a0, sp, 40      : IntAlu :  D=0x7ffffffffffffe18
2566500: system.cpu: T0 : 0x10688    : jal ra, 14940              : IntAlu :  D=0x000000000001068c
2567000: system.cpu: T0 : 0x140e4    : c_li a1, 0                 : IntAlu :  D=0x0000000000000000
2567500: system.cpu: T0 : 0x140e6    : c_j 6                      : IntAlu : 
2568000: system.cpu: T0 : 0x140ec    : sd ra, 0(a0)               : MemWrite :  D=0x000000000001068c A=0x7ffffffffffffe18
2568500: system.cpu: T0 : 0x140f0    : c_sd s0, 8(a0)             : MemWrite :  D=0x00000000000109e6 A=0x7ffffffffffffe20
2569000: system.cpu: T0 : 0x140f2    : c_sd s1, 16(a0)            : MemWrite :  D=0x0000000000010a76 A=0x7ffffffffffffe28
2569500: system.cpu: T0 : 0x140f4    : sd s2, 24(a0)              : MemWrite :  D=0x0000000000000000 A=0x7ffffffffffffe30
2570000: system.cpu: T0 : 0x140f8    : sd s3, 32(a0)              : MemWrite :  D=0x0000000000000000 A=0x7ffffffffffffe38
2570500: system.cpu: T0 : 0x140fc    : sd s4, 40(a0)              : MemWrite :  D=0x0000000000000000 A=0x7ffffffffffffe40
2571000: system.cpu: T0 : 0x14100    : sd s5, 48(a0)              : MemWrite :  D=0x0000000000000000 A=0x7ffffffffffffe48
2571500: system.cpu: T0 : 0x14104    : sd s6, 56(a0)              : MemWrite :  D=0x0000000000000000 A=0x7ffffffffffffe50
2572000: system.cpu: T0 : 0x14108    : sd s7, 64(a0)              : MemWrite :  D=0x0000000000000000 A=0x7ffffffffffffe58
2572500: system.cpu: T0 : 0x1410c    : sd s8, 72(a0)              : MemWrite :  D=0x0000000000000000 A=0x7ffffffffffffe60
2573000: system.cpu: T0 : 0x14110    : sd s9, 80(a0)              : MemWrite :  D=0x0000000000000000 A=0x7ffffffffffffe68
2573500: system.cpu: T0 : 0x14114    : sd s10, 88(a0)             : MemWrite :  D=0x0000000000000000 A=0x7ffffffffffffe70
2574000: system.cpu: T0 : 0x14118    : sd s11, 96(a0)             : MemWrite :  D=0x0000000000000000 A=0x7ffffffffffffe78
2574500: system.cpu: T0 : 0x1411c    : sd sp, 104(a0)             : MemWrite :  D=0x7ffffffffffffdf0 A=0x7ffffffffffffe80
2575000: system.cpu: T0 : 0x14120    : c_fsd fs0, 112(a0)         : FloatMemWrite :  D=0x0000000000000000 A=0x7ffffffffffffe88
2575500: system.cpu: T0 : 0x14122    : c_fsd fs1, 120(a0)         : FloatMemWrite :  D=0x0000000000000000 A=0x7ffffffffffffe90
2576000: system.cpu: T0 : 0x14124    : fsd fs2, 128(a0)           : FloatMemWrite :  D=0x0000000000000000 A=0x7ffffffffffffe98
2576500: system.cpu: T0 : 0x14128    : fsd fs3, 136(a0)           : FloatMemWrite :  D=0x0000000000000000 A=0x7ffffffffffffea0
2577000: system.cpu: T0 : 0x1412c    : fsd fs4, 144(a0)           : FloatMemWrite :  D=0x0000000000000000 A=0x7ffffffffffffea8
2577500: system.cpu: T0 : 0x14130    : fsd fs5, 152(a0)           : FloatMemWrite :  D=0x0000000000000000 A=0x7ffffffffffffeb0
2578000: system.cpu: T0 : 0x14134    : fsd fs6, 160(a0)           : FloatMemWrite :  D=0x0000000000000000 A=0x7ffffffffffffeb8
2578500: system.cpu: T0 : 0x14138    : fsd fs7, 168(a0)           : FloatMemWrite :  D=0x0000000000000000 A=0x7ffffffffffffec0
2579000: system.cpu: T0 : 0x1413c    : fsd fs8, 176(a0)           : FloatMemWrite :  D=0x0000000000000000 A=0x7ffffffffffffec8
2579500: system.cpu: T0 : 0x14140    : fsd fs9, 184(a0)           : FloatMemWrite :  D=0x0000000000000000 A=0x7ffffffffffffed0
2580000: system.cpu: T0 : 0x14144    : fsd fs10, 192(a0)          : FloatMemWrite :  D=0x0000000000000000 A=0x7ffffffffffffed8
2580500: system.cpu: T0 : 0x14148    : fsd fs11, 200(a0)          : FloatMemWrite :  D=0x0000000000000000 A=0x7ffffffffffffee0
2581000: system.cpu: T0 : 0x1414c    : jal zero, 4                : IntAlu :  D=0x0000000000014150
2581500: system.cpu: T0 : 0x14150    : c_addi sp, -16             : IntAlu :  D=0x7ffffffffffffde0
2582000: system.cpu: T0 : 0x14152    : c_sdsp s0, 0(sp)           : MemWrite :  D=0x00000000000109e6 A=0x7ffffffffffffde0
2582500: system.cpu: T0 : 0x14154    : c_sdsp ra, 8(sp)           : MemWrite :  D=0x000000000001068c A=0x7ffffffffffffde8
2583000: system.cpu: T0 : 0x14156    : c_mv s0, a0                : IntAlu :  D=0x7ffffffffffffe18
2583500: system.cpu: T0 : 0x14158    : c_bnez a1, 16              : IntAlu : 
2584000: system.cpu: T0 : 0x1415a    : c_ldsp ra, 8(sp)           : MemRead :  D=0x000000000001068c A=0x7ffffffffffffde8
2584500: system.cpu: T0 : 0x1415c    : sw a1, 208(s0)             : MemWrite :  D=0x0000000000000000 A=0x7ffffffffffffee8
2585000: system.cpu: T0 : 0x14160    : c_ldsp s0, 0(sp)           : MemRead :  D=0x00000000000109e6 A=0x7ffffffffffffde0
2585500: system.cpu: T0 : 0x14162    : c_li a0, 0                 : IntAlu :  D=0x0000000000000000
2586000: system.cpu: T0 : 0x14164    : c_addi sp, 16              : IntAlu :  D=0x7ffffffffffffdf0
2586500: system.cpu: T0 : 0x14166    : c_jr ra                    : IntAlu : 
2587000: system.cpu: T0 : 0x1068c    : c_bnez a0, 166             : IntAlu : 
2588000: system.cpu: T0 : 0x1068e    : ld a3, -1552(tp)           : MemRead :  D=0x0000000000000000 A=0x72100
2589000: system.cpu: T0 : 0x10692    : ld a4, -1560(tp)           : MemRead :  D=0x0000000000000000 A=0x720f8
2590000: system.cpu: T0 : 0x10696    : ld a2, -1360(gp)           : MemRead :  D=0x7fffffffffffff48 A=0x70ad8
2590500: system.cpu: T0 : 0x1069a    : c_ldsp a1, 16(sp)          : MemRead :  D=0x7fffffffffffff38 A=0x7ffffffffffffe00
2591000: system.cpu: T0 : 0x1069c    : c_ldsp a0, 8(sp)           : MemRead :  D=0x0000000000000001 A=0x7ffffffffffffdf8
2591500: system.cpu: T0 : 0x1069e    : c_ldsp a5, 24(sp)          : MemRead :  D=0x00000000000104de A=0x7ffffffffffffe08
2592000: system.cpu: T0 : 0x106a0    : c_sdsp a4, 264(sp)         : MemWrite :  D=0x0000000000000000 A=0x7ffffffffffffef8
2592500: system.cpu: T0 : 0x106a2    : c_sdsp a3, 256(sp)         : MemWrite :  D=0x0000000000000000 A=0x7ffffffffffffef0
2593000: system.cpu: T0 : 0x106a4    : c_addi4spn a4, sp, 40      : IntAlu :  D=0x7ffffffffffffe18
2594000: system.cpu: T0 : 0x106a6    : sd a4, -1552(tp)           : MemWrite :  D=0x7ffffffffffffe18 A=0x72100
2594500: system.cpu: T0 : 0x106aa    : c_jalr a5                  : IntAlu :  D=0x00000000000106ac
2595000: system.cpu: T0 : 0x104de    : c_addi sp, -32             : IntAlu :  D=0x7ffffffffffffdd0
2595500: system.cpu: T0 : 0x104e0    : c_sdsp ra, 24(sp)          : MemWrite :  D=0x00000000000106ac A=0x7ffffffffffffde8
2596000: system.cpu: T0 : 0x104e2    : c_sdsp s0, 16(sp)          : MemWrite :  D=0x00000000000109e6 A=0x7ffffffffffffde0
2596500: system.cpu: T0 : 0x104e4    : c_addi4spn s0, sp, 32      : IntAlu :  D=0x7ffffffffffffdf0
2597000: system.cpu: T0 : 0x104e6    : c_li a5, 1                 : IntAlu :  D=0x0000000000000001
2597500: system.cpu: T0 : 0x104e8    : sw a5, -28(s0)             : MemWrite :  D=0x0000000000000001 A=0x7ffffffffffffdd4
2598000: system.cpu: T0 : 0x104ec    : c_li a5, 1                 : IntAlu :  D=0x0000000000000001
2599000: system.cpu: T0 : 0x104ee    : sw a5, -24(s0)             : MemWrite :  D=0x0000000000000001 A=0x7ffffffffffffdd8
2600000: system.cpu: T0 : 0x104f2    : sw zero, -20(s0)           : MemWrite :  D=0x0000000000000000 A=0x7ffffffffffffddc
2601000: system.cpu: T0 : 0x104f6    : lw a4, -24(s0)             : MemRead :  D=0x0000000000000001 A=0x7ffffffffffffdd8
2602000: system.cpu: T0 : 0x104fa    : lw a5, -28(s0)             : MemRead :  D=0x0000000000000001 A=0x7ffffffffffffdd4
2602500: system.cpu: T0 : 0x104fe    : c_mv a1, a4                : IntAlu :  D=0x0000000000000001
2603000: system.cpu: T0 : 0x10500    : c_mv a0, a5                : IntAlu :  D=0x0000000000000001
2604000: system.cpu: T0 : 0x10502    : jal ra, -210               : IntAlu :  D=0x0000000000010506
2604500: system.cpu: T0 : 0x10430    : c_addi sp, -32             : IntAlu :  D=0x7ffffffffffffdb0
2605000: system.cpu: T0 : 0x10432    : c_sdsp s0, 24(sp)          : MemWrite :  D=0x7ffffffffffffdf0 A=0x7ffffffffffffdc8
2605500: system.cpu: T0 : 0x10434    : c_addi4spn s0, sp, 32      : IntAlu :  D=0x7ffffffffffffdd0
2606000: system.cpu: T0 : 0x10436    : c_mv a5, a0                : IntAlu :  D=0x0000000000000001
2606500: system.cpu: T0 : 0x10438    : c_mv a4, a1                : IntAlu :  D=0x0000000000000001
2607500: system.cpu: T0 : 0x1043a    : sw a5, -20(s0)             : MemWrite :  D=0x0000000000000001 A=0x7ffffffffffffdbc
2608000: system.cpu: T0 : 0x1043e    : c_mv a5, a4                : IntAlu :  D=0x0000000000000001
2608500: system.cpu: T0 : 0x10440    : sw a5, -24(s0)             : MemWrite :  D=0x0000000000000001 A=0x7ffffffffffffdb8
2609000: system.cpu: T0 : 0x10444    : c_j 130                    : IntAlu : 
2610000: system.cpu: T0 : 0x104c6    : lw a5, -20(s0)             : MemRead :  D=0x0000000000000001 A=0x7ffffffffffffdbc
2611000: system.cpu: T0 : 0x104ca    : addiw a4, a5, 0            : IntAlu :  D=0x0000000000000001
2611500: system.cpu: T0 : 0x104ce    : c_li a5, 29                : IntAlu :  D=0x000000000000001d
2612000: system.cpu: T0 : 0x104d0    : bge a5, a4, -46            : IntAlu : 
2613000: system.cpu: T0 : 0x104a2    : lw a4, -24(s0)             : MemRead :  D=0x0000000000000001 A=0x7ffffffffffffdb8
2614000: system.cpu: T0 : 0x104a6    : lw a5, -20(s0)             : MemRead :  D=0x0000000000000001 A=0x7ffffffffffffdbc
2614500: system.cpu: T0 : 0x104aa    : c_addiw a4, 0              : IntAlu :  D=0x0000000000000001
2615000: system.cpu: T0 : 0x104ac    : c_addiw a5, 0              : IntAlu :  D=0x0000000000000001
2616000: system.cpu: T0 : 0x104ae    : blt a4, a5, -104           : IntAlu : 
2617000: system.cpu: T0 : 0x104b2    : lw a5, -20(s0)             : MemRead :  D=0x0000000000000001 A=0x7ffffffffffffdbc
2617500: system.cpu: T0 : 0x104b6    : c_addiw a5, 2              : IntAlu :  D=0x0000000000000003
2618000: system.cpu: T0 : 0x104b8    : sw a5, -20(s0)             : MemWrite :  D=0x0000000000000003 A=0x7ffffffffffffdbc
2618500: system.cpu: T0 : 0x104bc    : lw a5, -24(s0)             : MemRead :  D=0x0000000000000001 A=0x7ffffffffffffdb8
2619000: system.cpu: T0 : 0x104c0    : c_addiw a5, -10            : IntAlu :  D=0xfffffffffffffff7
2620000: system.cpu: T0 : 0x104c2    : sw a5, -24(s0)             : MemWrite :  D=0x00000000fffffff7 A=0x7ffffffffffffdb8
2621000: system.cpu: T0 : 0x104c6    : lw a5, -20(s0)             : MemRead :  D=0x0000000000000003 A=0x7ffffffffffffdbc
2622000: system.cpu: T0 : 0x104ca    : addiw a4, a5, 0            : IntAlu :  D=0x0000000000000003
2622500: system.cpu: T0 : 0x104ce    : c_li a5, 29                : IntAlu :  D=0x000000000000001d
2623000: system.cpu: T0 : 0x104d0    : bge a5, a4, -46            : IntAlu : 
2624000: system.cpu: T0 : 0x104a2    : lw a4, -24(s0)             : MemRead :  D=0xfffffffffffffff7 A=0x7ffffffffffffdb8
2625000: system.cpu: T0 : 0x104a6    : lw a5, -20(s0)             : MemRead :  D=0x0000000000000003 A=0x7ffffffffffffdbc
2625500: system.cpu: T0 : 0x104aa    : c_addiw a4, 0              : IntAlu :  D=0xfffffffffffffff7
2626000: system.cpu: T0 : 0x104ac    : c_addiw a5, 0              : IntAlu :  D=0x0000000000000003
2627000: system.cpu: T0 : 0x104ae    : blt a4, a5, -104           : IntAlu : 
2628000: system.cpu: T0 : 0x10446    : lw a5, -24(s0)             : MemRead :  D=0xfffffffffffffff7 A=0x7ffffffffffffdb8
2629000: system.cpu: T0 : 0x1044a    : addiw a4, a5, 0            : IntAlu :  D=0xfffffffffffffff7
2629500: system.cpu: T0 : 0x1044e    : c_li a5, 5                 : IntAlu :  D=0x0000000000000005
2630000: system.cpu: T0 : 0x10450    : bge a5, a4, 22             : IntAlu : 
2631000: system.cpu: T0 : 0x10466    : lw a5, -24(s0)             : MemRead :  D=0xfffffffffffffff7 A=0x7ffffffffffffdb8
2631500: system.cpu: T0 : 0x1046a    : c_addiw a5, 2              : IntAlu :  D=0xfffffffffffffff9
2632000: system.cpu: T0 : 0x1046c    : sw a5, -24(s0)             : MemWrite :  D=0x00000000fffffff9 A=0x7ffffffffffffdb8
2632500: system.cpu: T0 : 0x10470    : lw a5, -24(s0)             : MemRead :  D=0xfffffffffffffff9 A=0x7ffffffffffffdb8
2633000: system.cpu: T0 : 0x10474    : addiw a4, a5, 0            : IntAlu :  D=0xfffffffffffffff9
2633500: system.cpu: T0 : 0x10478    : c_li a5, 9                 : IntAlu :  D=0x0000000000000009
2634500: system.cpu: T0 : 0x1047a    : bge a5, a4, 30             : IntAlu : 
2635000: system.cpu: T0 : 0x10498    : lw a5, -20(s0)             : MemRead :  D=0x0000000000000003 A=0x7ffffffffffffdbc
2635500: system.cpu: T0 : 0x1049c    : c_addiw a5, 1              : IntAlu :  D=0x0000000000000004
2636500: system.cpu: T0 : 0x1049e    : sw a5, -20(s0)             : MemWrite :  D=0x0000000000000004 A=0x7ffffffffffffdbc
2637500: system.cpu: T0 : 0x104a2    : lw a4, -24(s0)             : MemRead :  D=0xfffffffffffffff9 A=0x7ffffffffffffdb8
2638500: system.cpu: T0 : 0x104a6    : lw a5, -20(s0)             : MemRead :  D=0x0000000000000004 A=0x7ffffffffffffdbc
2639000: system.cpu: T0 : 0x104aa    : c_addiw a4, 0              : IntAlu :  D=0xfffffffffffffff9
2639500: system.cpu: T0 : 0x104ac    : c_addiw a5, 0              : IntAlu :  D=0x0000000000000004
2640500: system.cpu: T0 : 0x104ae    : blt a4, a5, -104           : IntAlu : 
2641500: system.cpu: T0 : 0x10446    : lw a5, -24(s0)             : MemRead :  D=0xfffffffffffffff9 A=0x7ffffffffffffdb8
2642500: system.cpu: T0 : 0x1044a    : addiw a4, a5, 0            : IntAlu :  D=0xfffffffffffffff9
2643000: system.cpu: T0 : 0x1044e    : c_li a5, 5                 : IntAlu :  D=0x0000000000000005
2643500: system.cpu: T0 : 0x10450    : bge a5, a4, 22             : IntAlu : 
2644500: system.cpu: T0 : 0x10466    : lw a5, -24(s0)             : MemRead :  D=0xfffffffffffffff9 A=0x7ffffffffffffdb8
2645000: system.cpu: T0 : 0x1046a    : c_addiw a5, 2              : IntAlu :  D=0xfffffffffffffffb
2645500: system.cpu: T0 : 0x1046c    : sw a5, -24(s0)             : MemWrite :  D=0x00000000fffffffb A=0x7ffffffffffffdb8
2646000: system.cpu: T0 : 0x10470    : lw a5, -24(s0)             : MemRead :  D=0xfffffffffffffffb A=0x7ffffffffffffdb8
2646500: system.cpu: T0 : 0x10474    : addiw a4, a5, 0            : IntAlu :  D=0xfffffffffffffffb
2647000: system.cpu: T0 : 0x10478    : c_li a5, 9                 : IntAlu :  D=0x0000000000000009
2648000: system.cpu: T0 : 0x1047a    : bge a5, a4, 30             : IntAlu : 
2648500: system.cpu: T0 : 0x10498    : lw a5, -20(s0)             : MemRead :  D=0x0000000000000004 A=0x7ffffffffffffdbc
2649000: system.cpu: T0 : 0x1049c    : c_addiw a5, 1              : IntAlu :  D=0x0000000000000005
2650000: system.cpu: T0 : 0x1049e    : sw a5, -20(s0)             : MemWrite :  D=0x0000000000000005 A=0x7ffffffffffffdbc
2651000: system.cpu: T0 : 0x104a2    : lw a4, -24(s0)             : MemRead :  D=0xfffffffffffffffb A=0x7ffffffffffffdb8
2652000: system.cpu: T0 : 0x104a6    : lw a5, -20(s0)             : MemRead :  D=0x0000000000000005 A=0x7ffffffffffffdbc
2652500: system.cpu: T0 : 0x104aa    : c_addiw a4, 0              : IntAlu :  D=0xfffffffffffffffb
2653000: system.cpu: T0 : 0x104ac    : c_addiw a5, 0              : IntAlu :  D=0x0000000000000005
2654000: system.cpu: T0 : 0x104ae    : blt a4, a5, -104           : IntAlu : 
2655000: system.cpu: T0 : 0x10446    : lw a5, -24(s0)             : MemRead :  D=0xfffffffffffffffb A=0x7ffffffffffffdb8
2656000: system.cpu: T0 : 0x1044a    : addiw a4, a5, 0            : IntAlu :  D=0xfffffffffffffffb
2656500: system.cpu: T0 : 0x1044e    : c_li a5, 5                 : IntAlu :  D=0x0000000000000005
2657000: system.cpu: T0 : 0x10450    : bge a5, a4, 22             : IntAlu : 
2658000: system.cpu: T0 : 0x10466    : lw a5, -24(s0)             : MemRead :  D=0xfffffffffffffffb A=0x7ffffffffffffdb8
2658500: system.cpu: T0 : 0x1046a    : c_addiw a5, 2              : IntAlu :  D=0xfffffffffffffffd
2659000: system.cpu: T0 : 0x1046c    : sw a5, -24(s0)             : MemWrite :  D=0x00000000fffffffd A=0x7ffffffffffffdb8
2659500: system.cpu: T0 : 0x10470    : lw a5, -24(s0)             : MemRead :  D=0xfffffffffffffffd A=0x7ffffffffffffdb8
2660000: system.cpu: T0 : 0x10474    : addiw a4, a5, 0            : IntAlu :  D=0xfffffffffffffffd
2660500: system.cpu: T0 : 0x10478    : c_li a5, 9                 : IntAlu :  D=0x0000000000000009
2661500: system.cpu: T0 : 0x1047a    : bge a5, a4, 30             : IntAlu : 
2662000: system.cpu: T0 : 0x10498    : lw a5, -20(s0)             : MemRead :  D=0x0000000000000005 A=0x7ffffffffffffdbc
2662500: system.cpu: T0 : 0x1049c    : c_addiw a5, 1              : IntAlu :  D=0x0000000000000006
2663500: system.cpu: T0 : 0x1049e    : sw a5, -20(s0)             : MemWrite :  D=0x0000000000000006 A=0x7ffffffffffffdbc
2664500: system.cpu: T0 : 0x104a2    : lw a4, -24(s0)             : MemRead :  D=0xfffffffffffffffd A=0x7ffffffffffffdb8
2665500: system.cpu: T0 : 0x104a6    : lw a5, -20(s0)             : MemRead :  D=0x0000000000000006 A=0x7ffffffffffffdbc
2666000: system.cpu: T0 : 0x104aa    : c_addiw a4, 0              : IntAlu :  D=0xfffffffffffffffd
2666500: system.cpu: T0 : 0x104ac    : c_addiw a5, 0              : IntAlu :  D=0x0000000000000006
2667500: system.cpu: T0 : 0x104ae    : blt a4, a5, -104           : IntAlu : 
2668500: system.cpu: T0 : 0x10446    : lw a5, -24(s0)             : MemRead :  D=0xfffffffffffffffd A=0x7ffffffffffffdb8
2669500: system.cpu: T0 : 0x1044a    : addiw a4, a5, 0            : IntAlu :  D=0xfffffffffffffffd
2670000: system.cpu: T0 : 0x1044e    : c_li a5, 5                 : IntAlu :  D=0x0000000000000005
2670500: system.cpu: T0 : 0x10450    : bge a5, a4, 22             : IntAlu : 
2671500: system.cpu: T0 : 0x10466    : lw a5, -24(s0)             : MemRead :  D=0xfffffffffffffffd A=0x7ffffffffffffdb8
2672000: system.cpu: T0 : 0x1046a    : c_addiw a5, 2              : IntAlu :  D=0xffffffffffffffff
2672500: system.cpu: T0 : 0x1046c    : sw a5, -24(s0)             : MemWrite :  D=0x00000000ffffffff A=0x7ffffffffffffdb8
2673000: system.cpu: T0 : 0x10470    : lw a5, -24(s0)             : MemRead :  D=0xffffffffffffffff A=0x7ffffffffffffdb8
2673500: system.cpu: T0 : 0x10474    : addiw a4, a5, 0            : IntAlu :  D=0xffffffffffffffff
2674000: system.cpu: T0 : 0x10478    : c_li a5, 9                 : IntAlu :  D=0x0000000000000009
2675000: system.cpu: T0 : 0x1047a    : bge a5, a4, 30             : IntAlu : 
2675500: system.cpu: T0 : 0x10498    : lw a5, -20(s0)             : MemRead :  D=0x0000000000000006 A=0x7ffffffffffffdbc
2676000: system.cpu: T0 : 0x1049c    : c_addiw a5, 1              : IntAlu :  D=0x0000000000000007
2677000: system.cpu: T0 : 0x1049e    : sw a5, -20(s0)             : MemWrite :  D=0x0000000000000007 A=0x7ffffffffffffdbc
2678000: system.cpu: T0 : 0x104a2    : lw a4, -24(s0)             : MemRead :  D=0xffffffffffffffff A=0x7ffffffffffffdb8
2679000: system.cpu: T0 : 0x104a6    : lw a5, -20(s0)             : MemRead :  D=0x0000000000000007 A=0x7ffffffffffffdbc
2679500: system.cpu: T0 : 0x104aa    : c_addiw a4, 0              : IntAlu :  D=0xffffffffffffffff
2680000: system.cpu: T0 : 0x104ac    : c_addiw a5, 0              : IntAlu :  D=0x0000000000000007
2681000: system.cpu: T0 : 0x104ae    : blt a4, a5, -104           : IntAlu : 
2682000: system.cpu: T0 : 0x10446    : lw a5, -24(s0)             : MemRead :  D=0xffffffffffffffff A=0x7ffffffffffffdb8
2683000: system.cpu: T0 : 0x1044a    : addiw a4, a5, 0            : IntAlu :  D=0xffffffffffffffff
2683500: system.cpu: T0 : 0x1044e    : c_li a5, 5                 : IntAlu :  D=0x0000000000000005
2684000: system.cpu: T0 : 0x10450    : bge a5, a4, 22             : IntAlu : 
2685000: system.cpu: T0 : 0x10466    : lw a5, -24(s0)             : MemRead :  D=0xffffffffffffffff A=0x7ffffffffffffdb8
2685500: system.cpu: T0 : 0x1046a    : c_addiw a5, 2              : IntAlu :  D=0x0000000000000001
2686000: system.cpu: T0 : 0x1046c    : sw a5, -24(s0)             : MemWrite :  D=0x0000000000000001 A=0x7ffffffffffffdb8
2686500: system.cpu: T0 : 0x10470    : lw a5, -24(s0)             : MemRead :  D=0x0000000000000001 A=0x7ffffffffffffdb8
2687000: system.cpu: T0 : 0x10474    : addiw a4, a5, 0            : IntAlu :  D=0x0000000000000001
2687500: system.cpu: T0 : 0x10478    : c_li a5, 9                 : IntAlu :  D=0x0000000000000009
2688500: system.cpu: T0 : 0x1047a    : bge a5, a4, 30             : IntAlu : 
2689000: system.cpu: T0 : 0x10498    : lw a5, -20(s0)             : MemRead :  D=0x0000000000000007 A=0x7ffffffffffffdbc
2689500: system.cpu: T0 : 0x1049c    : c_addiw a5, 1              : IntAlu :  D=0x0000000000000008
2690500: system.cpu: T0 : 0x1049e    : sw a5, -20(s0)             : MemWrite :  D=0x0000000000000008 A=0x7ffffffffffffdbc
2691500: system.cpu: T0 : 0x104a2    : lw a4, -24(s0)             : MemRead :  D=0x0000000000000001 A=0x7ffffffffffffdb8
2692500: system.cpu: T0 : 0x104a6    : lw a5, -20(s0)             : MemRead :  D=0x0000000000000008 A=0x7ffffffffffffdbc
2693000: system.cpu: T0 : 0x104aa    : c_addiw a4, 0              : IntAlu :  D=0x0000000000000001
2693500: system.cpu: T0 : 0x104ac    : c_addiw a5, 0              : IntAlu :  D=0x0000000000000008
2694500: system.cpu: T0 : 0x104ae    : blt a4, a5, -104           : IntAlu : 
2695500: system.cpu: T0 : 0x10446    : lw a5, -24(s0)             : MemRead :  D=0x0000000000000001 A=0x7ffffffffffffdb8
2696500: system.cpu: T0 : 0x1044a    : addiw a4, a5, 0            : IntAlu :  D=0x0000000000000001
2697000: system.cpu: T0 : 0x1044e    : c_li a5, 5                 : IntAlu :  D=0x0000000000000005
2697500: system.cpu: T0 : 0x10450    : bge a5, a4, 22             : IntAlu : 
2698500: system.cpu: T0 : 0x10466    : lw a5, -24(s0)             : MemRead :  D=0x0000000000000001 A=0x7ffffffffffffdb8
2699000: system.cpu: T0 : 0x1046a    : c_addiw a5, 2              : IntAlu :  D=0x0000000000000003
2699500: system.cpu: T0 : 0x1046c    : sw a5, -24(s0)             : MemWrite :  D=0x0000000000000003 A=0x7ffffffffffffdb8
2700000: system.cpu: T0 : 0x10470    : lw a5, -24(s0)             : MemRead :  D=0x0000000000000003 A=0x7ffffffffffffdb8
2700500: system.cpu: T0 : 0x10474    : addiw a4, a5, 0            : IntAlu :  D=0x0000000000000003
2701000: system.cpu: T0 : 0x10478    : c_li a5, 9                 : IntAlu :  D=0x0000000000000009
2702000: system.cpu: T0 : 0x1047a    : bge a5, a4, 30             : IntAlu : 
2702500: system.cpu: T0 : 0x10498    : lw a5, -20(s0)             : MemRead :  D=0x0000000000000008 A=0x7ffffffffffffdbc
2703000: system.cpu: T0 : 0x1049c    : c_addiw a5, 1              : IntAlu :  D=0x0000000000000009
2704000: system.cpu: T0 : 0x1049e    : sw a5, -20(s0)             : MemWrite :  D=0x0000000000000009 A=0x7ffffffffffffdbc
2705000: system.cpu: T0 : 0x104a2    : lw a4, -24(s0)             : MemRead :  D=0x0000000000000003 A=0x7ffffffffffffdb8
2706000: system.cpu: T0 : 0x104a6    : lw a5, -20(s0)             : MemRead :  D=0x0000000000000009 A=0x7ffffffffffffdbc
2706500: system.cpu: T0 : 0x104aa    : c_addiw a4, 0              : IntAlu :  D=0x0000000000000003
2707000: system.cpu: T0 : 0x104ac    : c_addiw a5, 0              : IntAlu :  D=0x0000000000000009
2708000: system.cpu: T0 : 0x104ae    : blt a4, a5, -104           : IntAlu : 
2709000: system.cpu: T0 : 0x10446    : lw a5, -24(s0)             : MemRead :  D=0x0000000000000003 A=0x7ffffffffffffdb8
2710000: system.cpu: T0 : 0x1044a    : addiw a4, a5, 0            : IntAlu :  D=0x0000000000000003
2710500: system.cpu: T0 : 0x1044e    : c_li a5, 5                 : IntAlu :  D=0x0000000000000005
2711000: system.cpu: T0 : 0x10450    : bge a5, a4, 22             : IntAlu : 
2712000: system.cpu: T0 : 0x10466    : lw a5, -24(s0)             : MemRead :  D=0x0000000000000003 A=0x7ffffffffffffdb8
2712500: system.cpu: T0 : 0x1046a    : c_addiw a5, 2              : IntAlu :  D=0x0000000000000005
2713000: system.cpu: T0 : 0x1046c    : sw a5, -24(s0)             : MemWrite :  D=0x0000000000000005 A=0x7ffffffffffffdb8
2713500: system.cpu: T0 : 0x10470    : lw a5, -24(s0)             : MemRead :  D=0x0000000000000005 A=0x7ffffffffffffdb8
2714000: system.cpu: T0 : 0x10474    : addiw a4, a5, 0            : IntAlu :  D=0x0000000000000005
2714500: system.cpu: T0 : 0x10478    : c_li a5, 9                 : IntAlu :  D=0x0000000000000009
2715500: system.cpu: T0 : 0x1047a    : bge a5, a4, 30             : IntAlu : 
2716000: system.cpu: T0 : 0x10498    : lw a5, -20(s0)             : MemRead :  D=0x0000000000000009 A=0x7ffffffffffffdbc
2716500: system.cpu: T0 : 0x1049c    : c_addiw a5, 1              : IntAlu :  D=0x000000000000000a
2717500: system.cpu: T0 : 0x1049e    : sw a5, -20(s0)             : MemWrite :  D=0x000000000000000a A=0x7ffffffffffffdbc
2718500: system.cpu: T0 : 0x104a2    : lw a4, -24(s0)             : MemRead :  D=0x0000000000000005 A=0x7ffffffffffffdb8
2719500: system.cpu: T0 : 0x104a6    : lw a5, -20(s0)             : MemRead :  D=0x000000000000000a A=0x7ffffffffffffdbc
2720000: system.cpu: T0 : 0x104aa    : c_addiw a4, 0              : IntAlu :  D=0x0000000000000005
2720500: system.cpu: T0 : 0x104ac    : c_addiw a5, 0              : IntAlu :  D=0x000000000000000a
2721500: system.cpu: T0 : 0x104ae    : blt a4, a5, -104           : IntAlu : 
2722500: system.cpu: T0 : 0x10446    : lw a5, -24(s0)             : MemRead :  D=0x0000000000000005 A=0x7ffffffffffffdb8
2723500: system.cpu: T0 : 0x1044a    : addiw a4, a5, 0            : IntAlu :  D=0x0000000000000005
2724000: system.cpu: T0 : 0x1044e    : c_li a5, 5                 : IntAlu :  D=0x0000000000000005
2724500: system.cpu: T0 : 0x10450    : bge a5, a4, 22             : IntAlu : 
2725500: system.cpu: T0 : 0x10466    : lw a5, -24(s0)             : MemRead :  D=0x0000000000000005 A=0x7ffffffffffffdb8
2726000: system.cpu: T0 : 0x1046a    : c_addiw a5, 2              : IntAlu :  D=0x0000000000000007
2726500: system.cpu: T0 : 0x1046c    : sw a5, -24(s0)             : MemWrite :  D=0x0000000000000007 A=0x7ffffffffffffdb8
2727000: system.cpu: T0 : 0x10470    : lw a5, -24(s0)             : MemRead :  D=0x0000000000000007 A=0x7ffffffffffffdb8
2727500: system.cpu: T0 : 0x10474    : addiw a4, a5, 0            : IntAlu :  D=0x0000000000000007
2728000: system.cpu: T0 : 0x10478    : c_li a5, 9                 : IntAlu :  D=0x0000000000000009
2729000: system.cpu: T0 : 0x1047a    : bge a5, a4, 30             : IntAlu : 
2729500: system.cpu: T0 : 0x10498    : lw a5, -20(s0)             : MemRead :  D=0x000000000000000a A=0x7ffffffffffffdbc
2730000: system.cpu: T0 : 0x1049c    : c_addiw a5, 1              : IntAlu :  D=0x000000000000000b
2731000: system.cpu: T0 : 0x1049e    : sw a5, -20(s0)             : MemWrite :  D=0x000000000000000b A=0x7ffffffffffffdbc
2732000: system.cpu: T0 : 0x104a2    : lw a4, -24(s0)             : MemRead :  D=0x0000000000000007 A=0x7ffffffffffffdb8
2733000: system.cpu: T0 : 0x104a6    : lw a5, -20(s0)             : MemRead :  D=0x000000000000000b A=0x7ffffffffffffdbc
2733500: system.cpu: T0 : 0x104aa    : c_addiw a4, 0              : IntAlu :  D=0x0000000000000007
2734000: system.cpu: T0 : 0x104ac    : c_addiw a5, 0              : IntAlu :  D=0x000000000000000b
2735000: system.cpu: T0 : 0x104ae    : blt a4, a5, -104           : IntAlu : 
2736000: system.cpu: T0 : 0x10446    : lw a5, -24(s0)             : MemRead :  D=0x0000000000000007 A=0x7ffffffffffffdb8
2737000: system.cpu: T0 : 0x1044a    : addiw a4, a5, 0            : IntAlu :  D=0x0000000000000007
2737500: system.cpu: T0 : 0x1044e    : c_li a5, 5                 : IntAlu :  D=0x0000000000000005
2738000: system.cpu: T0 : 0x10450    : bge a5, a4, 22             : IntAlu : 
2738500: system.cpu: T0 : 0x10454    : lw a4, -24(s0)             : MemRead :  D=0x0000000000000007 A=0x7ffffffffffffdb8
2739000: system.cpu: T0 : 0x10458    : c_mv a5, a4                : IntAlu :  D=0x0000000000000007
2740000: system.cpu: T0 : 0x1045a    : slliw a5, a5, 1            : IntAlu :  D=0x000000000000000e
2740500: system.cpu: T0 : 0x1045e    : c_addw a5, a4              : IntAlu :  D=0x0000000000000015
2741000: system.cpu: T0 : 0x10460    : sw a5, -24(s0)             : MemWrite :  D=0x0000000000000015 A=0x7ffffffffffffdb8
2741500: system.cpu: T0 : 0x10464    : c_j 12                     : IntAlu : 
2742000: system.cpu: T0 : 0x10470    : lw a5, -24(s0)             : MemRead :  D=0x0000000000000015 A=0x7ffffffffffffdb8
2742500: system.cpu: T0 : 0x10474    : addiw a4, a5, 0            : IntAlu :  D=0x0000000000000015
2743000: system.cpu: T0 : 0x10478    : c_li a5, 9                 : IntAlu :  D=0x0000000000000009
2744000: system.cpu: T0 : 0x1047a    : bge a5, a4, 30             : IntAlu : 
2745000: system.cpu: T0 : 0x1047e    : lw a5, -24(s0)             : MemRead :  D=0x0000000000000015 A=0x7ffffffffffffdb8
2746000: system.cpu: T0 : 0x10482    : addiw a4, a5, 0            : IntAlu :  D=0x0000000000000015
2746500: system.cpu: T0 : 0x10486    : c_li a5, 12                : IntAlu :  D=0x000000000000000c
2747000: system.cpu: T0 : 0x10488    : blt a5, a4, 16             : IntAlu : 
2747500: system.cpu: T0 : 0x10498    : lw a5, -20(s0)             : MemRead :  D=0x000000000000000b A=0x7ffffffffffffdbc
2748000: system.cpu: T0 : 0x1049c    : c_addiw a5, 1              : IntAlu :  D=0x000000000000000c
2749000: system.cpu: T0 : 0x1049e    : sw a5, -20(s0)             : MemWrite :  D=0x000000000000000c A=0x7ffffffffffffdbc
2750000: system.cpu: T0 : 0x104a2    : lw a4, -24(s0)             : MemRead :  D=0x0000000000000015 A=0x7ffffffffffffdb8
2751000: system.cpu: T0 : 0x104a6    : lw a5, -20(s0)             : MemRead :  D=0x000000000000000c A=0x7ffffffffffffdbc
2751500: system.cpu: T0 : 0x104aa    : c_addiw a4, 0              : IntAlu :  D=0x0000000000000015
2752000: system.cpu: T0 : 0x104ac    : c_addiw a5, 0              : IntAlu :  D=0x000000000000000c
2753000: system.cpu: T0 : 0x104ae    : blt a4, a5, -104           : IntAlu : 
2754000: system.cpu: T0 : 0x104b2    : lw a5, -20(s0)             : MemRead :  D=0x000000000000000c A=0x7ffffffffffffdbc
2754500: system.cpu: T0 : 0x104b6    : c_addiw a5, 2              : IntAlu :  D=0x000000000000000e
2755000: system.cpu: T0 : 0x104b8    : sw a5, -20(s0)             : MemWrite :  D=0x000000000000000e A=0x7ffffffffffffdbc
2755500: system.cpu: T0 : 0x104bc    : lw a5, -24(s0)             : MemRead :  D=0x0000000000000015 A=0x7ffffffffffffdb8
2756000: system.cpu: T0 : 0x104c0    : c_addiw a5, -10            : IntAlu :  D=0x000000000000000b
2757000: system.cpu: T0 : 0x104c2    : sw a5, -24(s0)             : MemWrite :  D=0x000000000000000b A=0x7ffffffffffffdb8
2758000: system.cpu: T0 : 0x104c6    : lw a5, -20(s0)             : MemRead :  D=0x000000000000000e A=0x7ffffffffffffdbc
2759000: system.cpu: T0 : 0x104ca    : addiw a4, a5, 0            : IntAlu :  D=0x000000000000000e
2759500: system.cpu: T0 : 0x104ce    : c_li a5, 29                : IntAlu :  D=0x000000000000001d
2760000: system.cpu: T0 : 0x104d0    : bge a5, a4, -46            : IntAlu : 
2761000: system.cpu: T0 : 0x104a2    : lw a4, -24(s0)             : MemRead :  D=0x000000000000000b A=0x7ffffffffffffdb8
2762000: system.cpu: T0 : 0x104a6    : lw a5, -20(s0)             : MemRead :  D=0x000000000000000e A=0x7ffffffffffffdbc
2762500: system.cpu: T0 : 0x104aa    : c_addiw a4, 0              : IntAlu :  D=0x000000000000000b
2763000: system.cpu: T0 : 0x104ac    : c_addiw a5, 0              : IntAlu :  D=0x000000000000000e
2764000: system.cpu: T0 : 0x104ae    : blt a4, a5, -104           : IntAlu : 
2765000: system.cpu: T0 : 0x10446    : lw a5, -24(s0)             : MemRead :  D=0x000000000000000b A=0x7ffffffffffffdb8
2766000: system.cpu: T0 : 0x1044a    : addiw a4, a5, 0            : IntAlu :  D=0x000000000000000b
2766500: system.cpu: T0 : 0x1044e    : c_li a5, 5                 : IntAlu :  D=0x0000000000000005
2767000: system.cpu: T0 : 0x10450    : bge a5, a4, 22             : IntAlu : 
2767500: system.cpu: T0 : 0x10454    : lw a4, -24(s0)             : MemRead :  D=0x000000000000000b A=0x7ffffffffffffdb8
2768000: system.cpu: T0 : 0x10458    : c_mv a5, a4                : IntAlu :  D=0x000000000000000b
2769000: system.cpu: T0 : 0x1045a    : slliw a5, a5, 1            : IntAlu :  D=0x0000000000000016
2769500: system.cpu: T0 : 0x1045e    : c_addw a5, a4              : IntAlu :  D=0x0000000000000021
2770000: system.cpu: T0 : 0x10460    : sw a5, -24(s0)             : MemWrite :  D=0x0000000000000021 A=0x7ffffffffffffdb8
2770500: system.cpu: T0 : 0x10464    : c_j 12                     : IntAlu : 
2771000: system.cpu: T0 : 0x10470    : lw a5, -24(s0)             : MemRead :  D=0x0000000000000021 A=0x7ffffffffffffdb8
2771500: system.cpu: T0 : 0x10474    : addiw a4, a5, 0            : IntAlu :  D=0x0000000000000021
2772000: system.cpu: T0 : 0x10478    : c_li a5, 9                 : IntAlu :  D=0x0000000000000009
2773000: system.cpu: T0 : 0x1047a    : bge a5, a4, 30             : IntAlu : 
2774000: system.cpu: T0 : 0x1047e    : lw a5, -24(s0)             : MemRead :  D=0x0000000000000021 A=0x7ffffffffffffdb8
2775000: system.cpu: T0 : 0x10482    : addiw a4, a5, 0            : IntAlu :  D=0x0000000000000021
2775500: system.cpu: T0 : 0x10486    : c_li a5, 12                : IntAlu :  D=0x000000000000000c
2776000: system.cpu: T0 : 0x10488    : blt a5, a4, 16             : IntAlu : 
2776500: system.cpu: T0 : 0x10498    : lw a5, -20(s0)             : MemRead :  D=0x000000000000000e A=0x7ffffffffffffdbc
2777000: system.cpu: T0 : 0x1049c    : c_addiw a5, 1              : IntAlu :  D=0x000000000000000f
2778000: system.cpu: T0 : 0x1049e    : sw a5, -20(s0)             : MemWrite :  D=0x000000000000000f A=0x7ffffffffffffdbc
2779000: system.cpu: T0 : 0x104a2    : lw a4, -24(s0)             : MemRead :  D=0x0000000000000021 A=0x7ffffffffffffdb8
2780000: system.cpu: T0 : 0x104a6    : lw a5, -20(s0)             : MemRead :  D=0x000000000000000f A=0x7ffffffffffffdbc
2780500: system.cpu: T0 : 0x104aa    : c_addiw a4, 0              : IntAlu :  D=0x0000000000000021
2781000: system.cpu: T0 : 0x104ac    : c_addiw a5, 0              : IntAlu :  D=0x000000000000000f
2782000: system.cpu: T0 : 0x104ae    : blt a4, a5, -104           : IntAlu : 
2783000: system.cpu: T0 : 0x104b2    : lw a5, -20(s0)             : MemRead :  D=0x000000000000000f A=0x7ffffffffffffdbc
2783500: system.cpu: T0 : 0x104b6    : c_addiw a5, 2              : IntAlu :  D=0x0000000000000011
2784000: system.cpu: T0 : 0x104b8    : sw a5, -20(s0)             : MemWrite :  D=0x0000000000000011 A=0x7ffffffffffffdbc
2784500: system.cpu: T0 : 0x104bc    : lw a5, -24(s0)             : MemRead :  D=0x0000000000000021 A=0x7ffffffffffffdb8
2785000: system.cpu: T0 : 0x104c0    : c_addiw a5, -10            : IntAlu :  D=0x0000000000000017
2786000: system.cpu: T0 : 0x104c2    : sw a5, -24(s0)             : MemWrite :  D=0x0000000000000017 A=0x7ffffffffffffdb8
2787000: system.cpu: T0 : 0x104c6    : lw a5, -20(s0)             : MemRead :  D=0x0000000000000011 A=0x7ffffffffffffdbc
2788000: system.cpu: T0 : 0x104ca    : addiw a4, a5, 0            : IntAlu :  D=0x0000000000000011
2788500: system.cpu: T0 : 0x104ce    : c_li a5, 29                : IntAlu :  D=0x000000000000001d
2789000: system.cpu: T0 : 0x104d0    : bge a5, a4, -46            : IntAlu : 
2790000: system.cpu: T0 : 0x104a2    : lw a4, -24(s0)             : MemRead :  D=0x0000000000000017 A=0x7ffffffffffffdb8
2791000: system.cpu: T0 : 0x104a6    : lw a5, -20(s0)             : MemRead :  D=0x0000000000000011 A=0x7ffffffffffffdbc
2791500: system.cpu: T0 : 0x104aa    : c_addiw a4, 0              : IntAlu :  D=0x0000000000000017
2792000: system.cpu: T0 : 0x104ac    : c_addiw a5, 0              : IntAlu :  D=0x0000000000000011
2793000: system.cpu: T0 : 0x104ae    : blt a4, a5, -104           : IntAlu : 
2794000: system.cpu: T0 : 0x104b2    : lw a5, -20(s0)             : MemRead :  D=0x0000000000000011 A=0x7ffffffffffffdbc
2794500: system.cpu: T0 : 0x104b6    : c_addiw a5, 2              : IntAlu :  D=0x0000000000000013
2795000: system.cpu: T0 : 0x104b8    : sw a5, -20(s0)             : MemWrite :  D=0x0000000000000013 A=0x7ffffffffffffdbc
2795500: system.cpu: T0 : 0x104bc    : lw a5, -24(s0)             : MemRead :  D=0x0000000000000017 A=0x7ffffffffffffdb8
2796000: system.cpu: T0 : 0x104c0    : c_addiw a5, -10            : IntAlu :  D=0x000000000000000d
2797000: system.cpu: T0 : 0x104c2    : sw a5, -24(s0)             : MemWrite :  D=0x000000000000000d A=0x7ffffffffffffdb8
2798000: system.cpu: T0 : 0x104c6    : lw a5, -20(s0)             : MemRead :  D=0x0000000000000013 A=0x7ffffffffffffdbc
2799000: system.cpu: T0 : 0x104ca    : addiw a4, a5, 0            : IntAlu :  D=0x0000000000000013
2799500: system.cpu: T0 : 0x104ce    : c_li a5, 29                : IntAlu :  D=0x000000000000001d
2800000: system.cpu: T0 : 0x104d0    : bge a5, a4, -46            : IntAlu : 
2801000: system.cpu: T0 : 0x104a2    : lw a4, -24(s0)             : MemRead :  D=0x000000000000000d A=0x7ffffffffffffdb8
2802000: system.cpu: T0 : 0x104a6    : lw a5, -20(s0)             : MemRead :  D=0x0000000000000013 A=0x7ffffffffffffdbc
2802500: system.cpu: T0 : 0x104aa    : c_addiw a4, 0              : IntAlu :  D=0x000000000000000d
2803000: system.cpu: T0 : 0x104ac    : c_addiw a5, 0              : IntAlu :  D=0x0000000000000013
2804000: system.cpu: T0 : 0x104ae    : blt a4, a5, -104           : IntAlu : 
2805000: system.cpu: T0 : 0x10446    : lw a5, -24(s0)             : MemRead :  D=0x000000000000000d A=0x7ffffffffffffdb8
2806000: system.cpu: T0 : 0x1044a    : addiw a4, a5, 0            : IntAlu :  D=0x000000000000000d
2806500: system.cpu: T0 : 0x1044e    : c_li a5, 5                 : IntAlu :  D=0x0000000000000005
2807000: system.cpu: T0 : 0x10450    : bge a5, a4, 22             : IntAlu : 
2807500: system.cpu: T0 : 0x10454    : lw a4, -24(s0)             : MemRead :  D=0x000000000000000d A=0x7ffffffffffffdb8
2808000: system.cpu: T0 : 0x10458    : c_mv a5, a4                : IntAlu :  D=0x000000000000000d
2809000: system.cpu: T0 : 0x1045a    : slliw a5, a5, 1            : IntAlu :  D=0x000000000000001a
2809500: system.cpu: T0 : 0x1045e    : c_addw a5, a4              : IntAlu :  D=0x0000000000000027
2810000: system.cpu: T0 : 0x10460    : sw a5, -24(s0)             : MemWrite :  D=0x0000000000000027 A=0x7ffffffffffffdb8
2810500: system.cpu: T0 : 0x10464    : c_j 12                     : IntAlu : 
2811000: system.cpu: T0 : 0x10470    : lw a5, -24(s0)             : MemRead :  D=0x0000000000000027 A=0x7ffffffffffffdb8
2811500: system.cpu: T0 : 0x10474    : addiw a4, a5, 0            : IntAlu :  D=0x0000000000000027
2812000: system.cpu: T0 : 0x10478    : c_li a5, 9                 : IntAlu :  D=0x0000000000000009
2813000: system.cpu: T0 : 0x1047a    : bge a5, a4, 30             : IntAlu : 
2814000: system.cpu: T0 : 0x1047e    : lw a5, -24(s0)             : MemRead :  D=0x0000000000000027 A=0x7ffffffffffffdb8
2815000: system.cpu: T0 : 0x10482    : addiw a4, a5, 0            : IntAlu :  D=0x0000000000000027
2815500: system.cpu: T0 : 0x10486    : c_li a5, 12                : IntAlu :  D=0x000000000000000c
2816000: system.cpu: T0 : 0x10488    : blt a5, a4, 16             : IntAlu : 
2816500: system.cpu: T0 : 0x10498    : lw a5, -20(s0)             : MemRead :  D=0x0000000000000013 A=0x7ffffffffffffdbc
2817000: system.cpu: T0 : 0x1049c    : c_addiw a5, 1              : IntAlu :  D=0x0000000000000014
2818000: system.cpu: T0 : 0x1049e    : sw a5, -20(s0)             : MemWrite :  D=0x0000000000000014 A=0x7ffffffffffffdbc
2819000: system.cpu: T0 : 0x104a2    : lw a4, -24(s0)             : MemRead :  D=0x0000000000000027 A=0x7ffffffffffffdb8
2820000: system.cpu: T0 : 0x104a6    : lw a5, -20(s0)             : MemRead :  D=0x0000000000000014 A=0x7ffffffffffffdbc
2820500: system.cpu: T0 : 0x104aa    : c_addiw a4, 0              : IntAlu :  D=0x0000000000000027
2821000: system.cpu: T0 : 0x104ac    : c_addiw a5, 0              : IntAlu :  D=0x0000000000000014
2822000: system.cpu: T0 : 0x104ae    : blt a4, a5, -104           : IntAlu : 
2823000: system.cpu: T0 : 0x104b2    : lw a5, -20(s0)             : MemRead :  D=0x0000000000000014 A=0x7ffffffffffffdbc
2823500: system.cpu: T0 : 0x104b6    : c_addiw a5, 2              : IntAlu :  D=0x0000000000000016
2824000: system.cpu: T0 : 0x104b8    : sw a5, -20(s0)             : MemWrite :  D=0x0000000000000016 A=0x7ffffffffffffdbc
2824500: system.cpu: T0 : 0x104bc    : lw a5, -24(s0)             : MemRead :  D=0x0000000000000027 A=0x7ffffffffffffdb8
2825000: system.cpu: T0 : 0x104c0    : c_addiw a5, -10            : IntAlu :  D=0x000000000000001d
2826000: system.cpu: T0 : 0x104c2    : sw a5, -24(s0)             : MemWrite :  D=0x000000000000001d A=0x7ffffffffffffdb8
2827000: system.cpu: T0 : 0x104c6    : lw a5, -20(s0)             : MemRead :  D=0x0000000000000016 A=0x7ffffffffffffdbc
2828000: system.cpu: T0 : 0x104ca    : addiw a4, a5, 0            : IntAlu :  D=0x0000000000000016
2828500: system.cpu: T0 : 0x104ce    : c_li a5, 29                : IntAlu :  D=0x000000000000001d
2829000: system.cpu: T0 : 0x104d0    : bge a5, a4, -46            : IntAlu : 
2830000: system.cpu: T0 : 0x104a2    : lw a4, -24(s0)             : MemRead :  D=0x000000000000001d A=0x7ffffffffffffdb8
2831000: system.cpu: T0 : 0x104a6    : lw a5, -20(s0)             : MemRead :  D=0x0000000000000016 A=0x7ffffffffffffdbc
2831500: system.cpu: T0 : 0x104aa    : c_addiw a4, 0              : IntAlu :  D=0x000000000000001d
2832000: system.cpu: T0 : 0x104ac    : c_addiw a5, 0              : IntAlu :  D=0x0000000000000016
2833000: system.cpu: T0 : 0x104ae    : blt a4, a5, -104           : IntAlu : 
2834000: system.cpu: T0 : 0x104b2    : lw a5, -20(s0)             : MemRead :  D=0x0000000000000016 A=0x7ffffffffffffdbc
2834500: system.cpu: T0 : 0x104b6    : c_addiw a5, 2              : IntAlu :  D=0x0000000000000018
2835000: system.cpu: T0 : 0x104b8    : sw a5, -20(s0)             : MemWrite :  D=0x0000000000000018 A=0x7ffffffffffffdbc
2835500: system.cpu: T0 : 0x104bc    : lw a5, -24(s0)             : MemRead :  D=0x000000000000001d A=0x7ffffffffffffdb8
2836000: system.cpu: T0 : 0x104c0    : c_addiw a5, -10            : IntAlu :  D=0x0000000000000013
2837000: system.cpu: T0 : 0x104c2    : sw a5, -24(s0)             : MemWrite :  D=0x0000000000000013 A=0x7ffffffffffffdb8
2838000: system.cpu: T0 : 0x104c6    : lw a5, -20(s0)             : MemRead :  D=0x0000000000000018 A=0x7ffffffffffffdbc
2839000: system.cpu: T0 : 0x104ca    : addiw a4, a5, 0            : IntAlu :  D=0x0000000000000018
2839500: system.cpu: T0 : 0x104ce    : c_li a5, 29                : IntAlu :  D=0x000000000000001d
2840000: system.cpu: T0 : 0x104d0    : bge a5, a4, -46            : IntAlu : 
2841000: system.cpu: T0 : 0x104a2    : lw a4, -24(s0)             : MemRead :  D=0x0000000000000013 A=0x7ffffffffffffdb8
2842000: system.cpu: T0 : 0x104a6    : lw a5, -20(s0)             : MemRead :  D=0x0000000000000018 A=0x7ffffffffffffdbc
2842500: system.cpu: T0 : 0x104aa    : c_addiw a4, 0              : IntAlu :  D=0x0000000000000013
2843000: system.cpu: T0 : 0x104ac    : c_addiw a5, 0              : IntAlu :  D=0x0000000000000018
2844000: system.cpu: T0 : 0x104ae    : blt a4, a5, -104           : IntAlu : 
2845000: system.cpu: T0 : 0x10446    : lw a5, -24(s0)             : MemRead :  D=0x0000000000000013 A=0x7ffffffffffffdb8
2846000: system.cpu: T0 : 0x1044a    : addiw a4, a5, 0            : IntAlu :  D=0x0000000000000013
2846500: system.cpu: T0 : 0x1044e    : c_li a5, 5                 : IntAlu :  D=0x0000000000000005
2847000: system.cpu: T0 : 0x10450    : bge a5, a4, 22             : IntAlu : 
2847500: system.cpu: T0 : 0x10454    : lw a4, -24(s0)             : MemRead :  D=0x0000000000000013 A=0x7ffffffffffffdb8
2848000: system.cpu: T0 : 0x10458    : c_mv a5, a4                : IntAlu :  D=0x0000000000000013
2849000: system.cpu: T0 : 0x1045a    : slliw a5, a5, 1            : IntAlu :  D=0x0000000000000026
2849500: system.cpu: T0 : 0x1045e    : c_addw a5, a4              : IntAlu :  D=0x0000000000000039
2850000: system.cpu: T0 : 0x10460    : sw a5, -24(s0)             : MemWrite :  D=0x0000000000000039 A=0x7ffffffffffffdb8
2850500: system.cpu: T0 : 0x10464    : c_j 12                     : IntAlu : 
2851000: system.cpu: T0 : 0x10470    : lw a5, -24(s0)             : MemRead :  D=0x0000000000000039 A=0x7ffffffffffffdb8
2851500: system.cpu: T0 : 0x10474    : addiw a4, a5, 0            : IntAlu :  D=0x0000000000000039
2852000: system.cpu: T0 : 0x10478    : c_li a5, 9                 : IntAlu :  D=0x0000000000000009
2853000: system.cpu: T0 : 0x1047a    : bge a5, a4, 30             : IntAlu : 
2854000: system.cpu: T0 : 0x1047e    : lw a5, -24(s0)             : MemRead :  D=0x0000000000000039 A=0x7ffffffffffffdb8
2855000: system.cpu: T0 : 0x10482    : addiw a4, a5, 0            : IntAlu :  D=0x0000000000000039
2855500: system.cpu: T0 : 0x10486    : c_li a5, 12                : IntAlu :  D=0x000000000000000c
2856000: system.cpu: T0 : 0x10488    : blt a5, a4, 16             : IntAlu : 
2856500: system.cpu: T0 : 0x10498    : lw a5, -20(s0)             : MemRead :  D=0x0000000000000018 A=0x7ffffffffffffdbc
2857000: system.cpu: T0 : 0x1049c    : c_addiw a5, 1              : IntAlu :  D=0x0000000000000019
2858000: system.cpu: T0 : 0x1049e    : sw a5, -20(s0)             : MemWrite :  D=0x0000000000000019 A=0x7ffffffffffffdbc
2859000: system.cpu: T0 : 0x104a2    : lw a4, -24(s0)             : MemRead :  D=0x0000000000000039 A=0x7ffffffffffffdb8
2860000: system.cpu: T0 : 0x104a6    : lw a5, -20(s0)             : MemRead :  D=0x0000000000000019 A=0x7ffffffffffffdbc
2860500: system.cpu: T0 : 0x104aa    : c_addiw a4, 0              : IntAlu :  D=0x0000000000000039
2861000: system.cpu: T0 : 0x104ac    : c_addiw a5, 0              : IntAlu :  D=0x0000000000000019
2862000: system.cpu: T0 : 0x104ae    : blt a4, a5, -104           : IntAlu : 
2863000: system.cpu: T0 : 0x104b2    : lw a5, -20(s0)             : MemRead :  D=0x0000000000000019 A=0x7ffffffffffffdbc
2863500: system.cpu: T0 : 0x104b6    : c_addiw a5, 2              : IntAlu :  D=0x000000000000001b
2864000: system.cpu: T0 : 0x104b8    : sw a5, -20(s0)             : MemWrite :  D=0x000000000000001b A=0x7ffffffffffffdbc
2864500: system.cpu: T0 : 0x104bc    : lw a5, -24(s0)             : MemRead :  D=0x0000000000000039 A=0x7ffffffffffffdb8
2865000: system.cpu: T0 : 0x104c0    : c_addiw a5, -10            : IntAlu :  D=0x000000000000002f
2866000: system.cpu: T0 : 0x104c2    : sw a5, -24(s0)             : MemWrite :  D=0x000000000000002f A=0x7ffffffffffffdb8
2867000: system.cpu: T0 : 0x104c6    : lw a5, -20(s0)             : MemRead :  D=0x000000000000001b A=0x7ffffffffffffdbc
2868000: system.cpu: T0 : 0x104ca    : addiw a4, a5, 0            : IntAlu :  D=0x000000000000001b
2868500: system.cpu: T0 : 0x104ce    : c_li a5, 29                : IntAlu :  D=0x000000000000001d
2869000: system.cpu: T0 : 0x104d0    : bge a5, a4, -46            : IntAlu : 
2870000: system.cpu: T0 : 0x104a2    : lw a4, -24(s0)             : MemRead :  D=0x000000000000002f A=0x7ffffffffffffdb8
2871000: system.cpu: T0 : 0x104a6    : lw a5, -20(s0)             : MemRead :  D=0x000000000000001b A=0x7ffffffffffffdbc
2871500: system.cpu: T0 : 0x104aa    : c_addiw a4, 0              : IntAlu :  D=0x000000000000002f
2872000: system.cpu: T0 : 0x104ac    : c_addiw a5, 0              : IntAlu :  D=0x000000000000001b
2873000: system.cpu: T0 : 0x104ae    : blt a4, a5, -104           : IntAlu : 
2874000: system.cpu: T0 : 0x104b2    : lw a5, -20(s0)             : MemRead :  D=0x000000000000001b A=0x7ffffffffffffdbc
2874500: system.cpu: T0 : 0x104b6    : c_addiw a5, 2              : IntAlu :  D=0x000000000000001d
2875000: system.cpu: T0 : 0x104b8    : sw a5, -20(s0)             : MemWrite :  D=0x000000000000001d A=0x7ffffffffffffdbc
2875500: system.cpu: T0 : 0x104bc    : lw a5, -24(s0)             : MemRead :  D=0x000000000000002f A=0x7ffffffffffffdb8
2876000: system.cpu: T0 : 0x104c0    : c_addiw a5, -10            : IntAlu :  D=0x0000000000000025
2877000: system.cpu: T0 : 0x104c2    : sw a5, -24(s0)             : MemWrite :  D=0x0000000000000025 A=0x7ffffffffffffdb8
2878000: system.cpu: T0 : 0x104c6    : lw a5, -20(s0)             : MemRead :  D=0x000000000000001d A=0x7ffffffffffffdbc
2879000: system.cpu: T0 : 0x104ca    : addiw a4, a5, 0            : IntAlu :  D=0x000000000000001d
2879500: system.cpu: T0 : 0x104ce    : c_li a5, 29                : IntAlu :  D=0x000000000000001d
2880000: system.cpu: T0 : 0x104d0    : bge a5, a4, -46            : IntAlu : 
2881000: system.cpu: T0 : 0x104a2    : lw a4, -24(s0)             : MemRead :  D=0x0000000000000025 A=0x7ffffffffffffdb8
2882000: system.cpu: T0 : 0x104a6    : lw a5, -20(s0)             : MemRead :  D=0x000000000000001d A=0x7ffffffffffffdbc
2882500: system.cpu: T0 : 0x104aa    : c_addiw a4, 0              : IntAlu :  D=0x0000000000000025
2883000: system.cpu: T0 : 0x104ac    : c_addiw a5, 0              : IntAlu :  D=0x000000000000001d
2884000: system.cpu: T0 : 0x104ae    : blt a4, a5, -104           : IntAlu : 
2885000: system.cpu: T0 : 0x104b2    : lw a5, -20(s0)             : MemRead :  D=0x000000000000001d A=0x7ffffffffffffdbc
2885500: system.cpu: T0 : 0x104b6    : c_addiw a5, 2              : IntAlu :  D=0x000000000000001f
2886000: system.cpu: T0 : 0x104b8    : sw a5, -20(s0)             : MemWrite :  D=0x000000000000001f A=0x7ffffffffffffdbc
2886500: system.cpu: T0 : 0x104bc    : lw a5, -24(s0)             : MemRead :  D=0x0000000000000025 A=0x7ffffffffffffdb8
2887000: system.cpu: T0 : 0x104c0    : c_addiw a5, -10            : IntAlu :  D=0x000000000000001b
2888000: system.cpu: T0 : 0x104c2    : sw a5, -24(s0)             : MemWrite :  D=0x000000000000001b A=0x7ffffffffffffdb8
2889000: system.cpu: T0 : 0x104c6    : lw a5, -20(s0)             : MemRead :  D=0x000000000000001f A=0x7ffffffffffffdbc
2890000: system.cpu: T0 : 0x104ca    : addiw a4, a5, 0            : IntAlu :  D=0x000000000000001f
2890500: system.cpu: T0 : 0x104ce    : c_li a5, 29                : IntAlu :  D=0x000000000000001d
2891000: system.cpu: T0 : 0x104d0    : bge a5, a4, -46            : IntAlu : 
2891500: system.cpu: T0 : 0x104d4    : c_li a5, 1                 : IntAlu :  D=0x0000000000000001
2892000: system.cpu: T0 : 0x104d6    : c_mv a0, a5                : IntAlu :  D=0x0000000000000001
2892500: system.cpu: T0 : 0x104d8    : c_ldsp s0, 24(sp)          : MemRead :  D=0x7ffffffffffffdf0 A=0x7ffffffffffffdc8
2893000: system.cpu: T0 : 0x104da    : c_addi16sp sp, 32          : IntAlu :  D=0x7ffffffffffffdd0
2893500: system.cpu: T0 : 0x104dc    : c_jr ra                    : IntAlu : 
2894000: system.cpu: T0 : 0x10506    : c_mv a5, a0                : IntAlu :  D=0x0000000000000001
2894500: system.cpu: T0 : 0x10508    : sw a5, -20(s0)             : MemWrite :  D=0x0000000000000001 A=0x7ffffffffffffddc
2895000: system.cpu: T0 : 0x1050c    : lw a5, -20(s0)             : MemRead :  D=0x0000000000000001 A=0x7ffffffffffffddc
2895500: system.cpu: T0 : 0x10510    : c_mv a0, a5                : IntAlu :  D=0x0000000000000001
2896000: system.cpu: T0 : 0x10512    : c_ldsp ra, 24(sp)          : MemRead :  D=0x00000000000106ac A=0x7ffffffffffffde8
2896500: system.cpu: T0 : 0x10514    : c_ldsp s0, 16(sp)          : MemRead :  D=0x00000000000109e6 A=0x7ffffffffffffde0
2897000: system.cpu: T0 : 0x10516    : c_addi16sp sp, 32          : IntAlu :  D=0x7ffffffffffffdf0
2897500: system.cpu: T0 : 0x10518    : c_jr ra                    : IntAlu : 
2898000: system.cpu: T0 : 0x106ac    : jal ra, 17144              : IntAlu :  D=0x00000000000106b0
2898500: system.cpu: T0 : 0x149a4    : c_addi sp, -16             : IntAlu :  D=0x7ffffffffffffde0
2899000: system.cpu: T0 : 0x149a6    : c_li a3, 1                 : IntAlu :  D=0x0000000000000001
2899500: system.cpu: T0 : 0x149a8    : c_li a2, 1                 : IntAlu :  D=0x0000000000000001
2900500: system.cpu: T0 : 0x149aa    : addi a1, gp, -1936         : IntAlu :  D=0x0000000000070898
2901000: system.cpu: T0 : 0x149ae    : c_sdsp ra, 8(sp)           : MemWrite :  D=0x00000000000106b0 A=0x7ffffffffffffde8
2901500: system.cpu: T0 : 0x149b0    : jal ra, -468               : IntAlu :  D=0x00000000000149b4
2902000: system.cpu: T0 : 0x147dc    : c_addi16sp sp, -128        : IntAlu :  D=0x7ffffffffffffd60
2902500: system.cpu: T0 : 0x147de    : c_sdsp s6, 64(sp)          : MemWrite :  D=0x0000000000000000 A=0x7ffffffffffffda0
2903000: system.cpu: T0 : 0x147e0    : c_sdsp s7, 56(sp)          : MemWrite :  D=0x0000000000000000 A=0x7ffffffffffffd98
2903500: system.cpu: T0 : 0x147e2    : c_sdsp ra, 120(sp)         : MemWrite :  D=0x00000000000149b4 A=0x7ffffffffffffdd8
2904000: system.cpu: T0 : 0x147e4    : c_sdsp s0, 112(sp)         : MemWrite :  D=0x00000000000109e6 A=0x7ffffffffffffdd0
2904500: system.cpu: T0 : 0x147e6    : c_sdsp s1, 104(sp)         : MemWrite :  D=0x0000000000010a76 A=0x7ffffffffffffdc8
2905000: system.cpu: T0 : 0x147e8    : c_sdsp s2, 96(sp)          : MemWrite :  D=0x0000000000000000 A=0x7ffffffffffffdc0
2905500: system.cpu: T0 : 0x147ea    : c_sdsp s3, 88(sp)          : MemWrite :  D=0x0000000000000000 A=0x7ffffffffffffdb8
2906000: system.cpu: T0 : 0x147ec    : c_sdsp s4, 80(sp)          : MemWrite :  D=0x0000000000000000 A=0x7ffffffffffffdb0
2906500: system.cpu: T0 : 0x147ee    : c_sdsp s5, 72(sp)          : MemWrite :  D=0x0000000000000000 A=0x7ffffffffffffda8
2907000: system.cpu: T0 : 0x147f0    : c_sdsp s8, 48(sp)          : MemWrite :  D=0x0000000000000000 A=0x7ffffffffffffd90
2907500: system.cpu: T0 : 0x147f2    : c_sdsp s9, 40(sp)          : MemWrite :  D=0x0000000000000000 A=0x7ffffffffffffd88
2908000: system.cpu: T0 : 0x147f4    : c_sdsp s10, 32(sp)         : MemWrite :  D=0x0000000000000000 A=0x7ffffffffffffd80
2908500: system.cpu: T0 : 0x147f6    : c_sdsp s11, 24(sp)         : MemWrite :  D=0x0000000000000000 A=0x7ffffffffffffd78
2909000: system.cpu: T0 : 0x147f8    : addi a5, zero, 0           : IntAlu :  D=0x0000000000000000
2909500: system.cpu: T0 : 0x147fc    : c_sdsp a2, 8(sp)           : MemWrite :  D=0x0000000000000001 A=0x7ffffffffffffd68
2910000: system.cpu: T0 : 0x147fe    : c_mv s6, a0                : IntAlu :  D=0x0000000000000001
2910500: system.cpu: T0 : 0x14800    : c_mv s7, a1                : IntAlu :  D=0x0000000000070898
2911000: system.cpu: T0 : 0x14802    : c_beqz a5, 6               : IntAlu : 
2911500: system.cpu: T0 : 0x14808    : lui s9, 114                : IntAlu :  D=0x0000000000072000
2912000: system.cpu: T0 : 0x1480c    : lui s11, 114               : IntAlu :  D=0x0000000000072000
2912500: system.cpu: T0 : 0x14810    : c_li s4, 0                 : IntAlu :  D=0x0000000000000000
2913000: system.cpu: T0 : 0x14812    : c_li s3, 1                 : IntAlu :  D=0x0000000000000001
2913500: system.cpu: T0 : 0x14814    : c_li a4, 1                 : IntAlu :  D=0x0000000000000001
2914500: system.cpu: T0 : 0x14816    : addi a3, s9, -608          : IntAlu :  D=0x0000000000071da0
2915500: system.cpu: T0 : 0x1481a    : lr_w a5, (a3)             
2915500: system.cpu: T0 : 0x1481a. 0 : lr_w a5, (a3)              : MemRead :  D=0x0000000000000000 A=0x71da0
2916000: system.cpu: T0 : 0x1481e    : c_bnez a5, 8               : IntAlu : 
2916500: system.cpu: T0 : 0x14820    : sc_w_aq a2, a4, (a3)      
2916500: system.cpu: T0 : 0x14820. 0 : sc_w a2, a4, (a3)          : MemWrite :  D=0x0000000000000000 A=0x71da0
2917000: system.cpu: T0 : 0x14820. 1 : 0x1ce6a62f fence           : No_OpClass : 
2917500: system.cpu: T0 : 0x14824    : c_bnez a2, -10             : IntAlu : 
2918000: system.cpu: T0 : 0x14826    : c_addiw a5, 0              : IntAlu :  D=0x0000000000000000
2918500: system.cpu: T0 : 0x14828    : bne a5, zero, 338          : IntAlu : 
2919000: system.cpu: T0 : 0x1482c    : ld s10, 0(s7)              : MemRead :  D=0x0000000000071140 A=0x70898
2919500: system.cpu: T0 : 0x14830    : beq s10, zero, 152         : IntAlu : 
2920000: system.cpu: T0 : 0x14834    : c_li s5, 3                 : IntAlu :  D=0x0000000000000003
2920500: system.cpu: T0 : 0x14836    : c_li s2, 4                 : IntAlu :  D=0x0000000000000004
2921000: system.cpu: T0 : 0x14838    : c_li s1, 2                 : IntAlu :  D=0x0000000000000002
2921500: system.cpu: T0 : 0x1483a    : c_li s0, 1                 : IntAlu :  D=0x0000000000000001
2922000: system.cpu: T0 : 0x1483c    : c_j 34                     : IntAlu : 
2923000: system.cpu: T0 : 0x1485e    : ld a5, 8(s10)              : MemRead :  D=0x0000000000000001 A=0x71148
2923500: system.cpu: T0 : 0x14862    : c_beqz a5, 222             : IntAlu : 
2924000: system.cpu: T0 : 0x14864    : ld s8, -600(s11)           : MemRead :  D=0x0000000000000001 A=0x71da8
2924500: system.cpu: T0 : 0x14868    : c_addi a5, -1              : IntAlu :  D=0x0000000000000000
2925500: system.cpu: T0 : 0x1486a    : sd a5, 8(s10)              : MemWrite :  D=0x0000000000000000 A=0x71148
2926000: system.cpu: T0 : 0x1486e    : c_mv a4, s4                : IntAlu :  D=0x0000000000000000
2926500: system.cpu: T0 : 0x14870    : addi a3, s9, -608          : IntAlu :  D=0x0000000000071da0
2927000: system.cpu: T0 : 0x14874    : fence iorw, ow             : No_OpClass : 
2927500: system.cpu: T0 : 0x14878    : amoswap_w a4, a4, (a3)    
2927500: system.cpu: T0 : 0x14878. 0 : amoswap_w[l] a4, a4, (a3)  : MemRead :  D=0x0000000000000001 A=0x71da0
2928000: system.cpu: T0 : 0x1487c    : c_addiw a4, 0              : IntAlu :  D=0x0000000000000001
2929000: system.cpu: T0 : 0x1487e    : blt s3, a4, 172            : IntAlu : 
2929500: system.cpu: T0 : 0x14882    : c_slli a5, 5               : IntAlu :  D=0x0000000000000000
2930000: system.cpu: T0 : 0x14884    : c_add a5, s10              : IntAlu :  D=0x0000000000071140
2930500: system.cpu: T0 : 0x14886    : c_ld a4, 16(a5)            : MemRead :  D=0x0000000000000004 A=0x71150
2931000: system.cpu: T0 : 0x14888    : beq a4, s5, 146            : IntAlu : 
2931500: system.cpu: T0 : 0x1488c    : bne a4, s2, -78            : IntAlu : 
2932000: system.cpu: T0 : 0x14890    : c_ld a4, 24(a5)            : MemRead :  D=0x0000000000010a76 A=0x71158
2932500: system.cpu: T0 : 0x14892    : c_ld a0, 32(a5)            : MemRead :  D=0x0000000000000000 A=0x71160
2933000: system.cpu: T0 : 0x14894    : sd zero, 16(a5)            : MemWrite :  D=0x0000000000000000 A=0x71150
2933500: system.cpu: T0 : 0x14898    : c_mv a1, s6                : IntAlu :  D=0x0000000000000001
2934000: system.cpu: T0 : 0x1489a    : c_jalr a4                  : IntAlu :  D=0x000000000001489c
2934500: system.cpu: T0 : 0x10a76    : c_addi sp, -32             : IntAlu :  D=0x7ffffffffffffd40
2935000: system.cpu: T0 : 0x10a78    : c_sdsp s0, 16(sp)          : MemWrite :  D=0x0000000000000001 A=0x7ffffffffffffd50
2936000: system.cpu: T0 : 0x10a7a    : lui a5, 111                : IntAlu :  D=0x000000000006f000
2937000: system.cpu: T0 : 0x10a7e    : lui s0, 111                : IntAlu :  D=0x000000000006f000
2938000: system.cpu: T0 : 0x10a82    : addi s0, s0, -1280         : IntAlu :  D=0x000000000006eb00
2939000: system.cpu: T0 : 0x10a86    : addi a5, a5, -1264         : IntAlu :  D=0x000000000006eb10
2939500: system.cpu: T0 : 0x10a8a    : c_sub a5, s0               : IntAlu :  D=0x0000000000000010
2940000: system.cpu: T0 : 0x10a8c    : c_sdsp ra, 24(sp)          : MemWrite :  D=0x000000000001489c A=0x7ffffffffffffd58
2940500: system.cpu: T0 : 0x10a8e    : c_sdsp s1, 8(sp)           : MemWrite :  D=0x0000000000000002 A=0x7ffffffffffffd48
2941000: system.cpu: T0 : 0x10a90    : c_sdsp s2, 0(sp)           : MemWrite :  D=0x0000000000000004 A=0x7ffffffffffffd40
2942000: system.cpu: T0 : 0x10a92    : srai a4, a5, 3             : IntAlu :  D=0x0000000000000002
2942500: system.cpu: T0 : 0x10a96    : c_beqz a4, 24              : IntAlu : 
2943000: system.cpu: T0 : 0x10a98    : c_addi a5, -8              : IntAlu :  D=0x0000000000000008
2944000: system.cpu: T0 : 0x10a9a    : addi s1, a4, -1            : IntAlu :  D=0x0000000000000001
2944500: system.cpu: T0 : 0x10a9e    : c_add s0, a5               : IntAlu :  D=0x000000000006eb08
2945000: system.cpu: T0 : 0x10aa0    : c_li s2, -1                : IntAlu :  D=0xffffffffffffffff
2945500: system.cpu: T0 : 0x10aa2    : c_ld a5, 0(s0)             : MemRead :  D=0x0000000000010340 A=0x6eb08
2946000: system.cpu: T0 : 0x10aa4    : c_addi s1, -1              : IntAlu :  D=0x0000000000000000
2946500: system.cpu: T0 : 0x10aa6    : c_addi s0, -8              : IntAlu :  D=0x000000000006eb00
2947000: system.cpu: T0 : 0x10aa8    : c_jalr a5                  : IntAlu :  D=0x0000000000010aaa
2947500: system.cpu: T0 : 0x10340    : addi a0, gp, 1616          : IntAlu :  D=0x0000000000071678
2948000: system.cpu: T0 : 0x10344    : jal zero, 209086           : IntAlu :  D=0x0000000000010348
2948500: system.cpu: T0 : 0x43402    : c_addi sp, -32             : IntAlu :  D=0x7ffffffffffffd20
2949000: system.cpu: T0 : 0x43404    : c_sdsp s1, 8(sp)           : MemWrite :  D=0x0000000000000000 A=0x7ffffffffffffd28
2949500: system.cpu: T0 : 0x43406    : c_ld s1, 0(a0)             : MemRead :  D=0x0000000000000000 A=0x71678
2950000: system.cpu: T0 : 0x43408    : c_sdsp ra, 24(sp)          : MemWrite :  D=0x0000000000010aaa A=0x7ffffffffffffd38
2950500: system.cpu: T0 : 0x4340a    : c_sdsp s0, 16(sp)          : MemWrite :  D=0x000000000006eb00 A=0x7ffffffffffffd30
2951000: system.cpu: T0 : 0x4340c    : c_beqz s1, 20              : IntAlu : 
2951500: system.cpu: T0 : 0x43420    : c_ldsp ra, 24(sp)          : MemRead :  D=0x0000000000010aaa A=0x7ffffffffffffd38
2952000: system.cpu: T0 : 0x43422    : c_ldsp s0, 16(sp)          : MemRead :  D=0x000000000006eb00 A=0x7ffffffffffffd30
2952500: system.cpu: T0 : 0x43424    : c_ldsp s1, 8(sp)           : MemRead :  D=0x0000000000000000 A=0x7ffffffffffffd28
2953000: system.cpu: T0 : 0x43426    : c_addi16sp sp, 32          : IntAlu :  D=0x7ffffffffffffd40
2953500: system.cpu: T0 : 0x43428    : c_jr ra                    : IntAlu : 
2954500: system.cpu: T0 : 0x10aaa    : bne s1, s2, -8             : IntAlu : 
2955000: system.cpu: T0 : 0x10aa2    : c_ld a5, 0(s0)             : MemRead :  D=0x00000000000103d6 A=0x6eb00
2955500: system.cpu: T0 : 0x10aa4    : c_addi s1, -1              : IntAlu :  D=0xffffffffffffffff
2956000: system.cpu: T0 : 0x10aa6    : c_addi s0, -8              : IntAlu :  D=0x000000000006eaf8
2956500: system.cpu: T0 : 0x10aa8    : c_jalr a5                  : IntAlu :  D=0x0000000000010aaa
2957000: system.cpu: T0 : 0x103d6    : c_addi sp, -16             : IntAlu :  D=0x7ffffffffffffd30
2957500: system.cpu: T0 : 0x103d8    : c_sdsp s0, 0(sp)           : MemWrite :  D=0x000000000006eaf8 A=0x7ffffffffffffd30
2958500: system.cpu: T0 : 0x103da    : lbu a5, -1016(gp)          : MemRead :  D=0x0000000000000000 A=0x70c30
2959000: system.cpu: T0 : 0x103de    : c_sdsp ra, 8(sp)           : MemWrite :  D=0x0000000000010aaa A=0x7ffffffffffffd38
2959500: system.cpu: T0 : 0x103e0    : c_bnez a5, 34              : IntAlu : 
2960500: system.cpu: T0 : 0x103e2    : jal ra, -96                : IntAlu :  D=0x00000000000103e6
2961500: system.cpu: T0 : 0x10382    : lui a0, 112                : IntAlu :  D=0x0000000000070000
2962500: system.cpu: T0 : 0x10386    : lui a4, 112                : IntAlu :  D=0x0000000000070000
2963500: system.cpu: T0 : 0x1038a    : addi a5, a0, 2032          : IntAlu :  D=0x00000000000707f0
2964500: system.cpu: T0 : 0x1038e    : addi a4, a4, 2032          : IntAlu :  D=0x00000000000707f0
2965500: system.cpu: T0 : 0x10392    : beq a4, a5, 18             : IntAlu : 
2966000: system.cpu: T0 : 0x103a4    : c_jr ra                    : IntAlu : 
2967000: system.cpu: T0 : 0x103e6    : lui a5, 76                 : IntAlu :  D=0x000000000004c000
2968000: system.cpu: T0 : 0x103ea    : addi a5, a5, 1644          : IntAlu :  D=0x000000000004c66c
2968500: system.cpu: T0 : 0x103ee    : c_beqz a5, 14              : IntAlu : 
2969000: system.cpu: T0 : 0x103f0    : lui a0, 106                : IntAlu :  D=0x000000000006a000
2969500: system.cpu: T0 : 0x103f4    : addi a0, a0, 464           : IntAlu :  D=0x000000000006a1d0
2970000: system.cpu: T0 : 0x103f8    : jal ra, 246388             : IntAlu :  D=0x00000000000103fc
2970500: system.cpu: T0 : 0x4c66c    : c_j -222                   : IntAlu : 
2971000: system.cpu: T0 : 0x4c58e    : c_addi sp, -32             : IntAlu :  D=0x7ffffffffffffd10
2971500: system.cpu: T0 : 0x4c590    : c_sdsp ra, 24(sp)          : MemWrite :  D=0x00000000000103fc A=0x7ffffffffffffd28
2972000: system.cpu: T0 : 0x4c592    : c_sdsp s0, 16(sp)          : MemWrite :  D=0x000000000006eaf8 A=0x7ffffffffffffd20
2972500: system.cpu: T0 : 0x4c594    : c_sdsp s1, 8(sp)           : MemWrite :  D=0xffffffffffffffff A=0x7ffffffffffffd18
2973000: system.cpu: T0 : 0x4c596    : c_sdsp s2, 0(sp)           : MemWrite :  D=0xffffffffffffffff A=0x7ffffffffffffd10
2973500: system.cpu: T0 : 0x4c598    : c_beqz a0, 160             : IntAlu : 
2974000: system.cpu: T0 : 0x4c59a    : c_lw a5, 0(a0)             : MemRead :  D=0x000000000000001c A=0x6a1d0
2974500: system.cpu: T0 : 0x4c59c    : c_mv s1, a0                : IntAlu :  D=0x000000000006a1d0
2975000: system.cpu: T0 : 0x4c59e    : c_beqz a5, 154             : IntAlu : 
2975500: system.cpu: T0 : 0x4c5a0    : auipc s2, 36               : IntAlu :  D=0x00000000000705a0
2976000: system.cpu: T0 : 0x4c5a4    : ld s2, 616(s2)             : MemRead :  D=0x0000000000000000 A=0x70808
2976500: system.cpu: T0 : 0x4c5a8    : beq s2, zero, 22           : IntAlu : 
2977500: system.cpu: T0 : 0x4c5be    : addi a2, gp, 1880          : IntAlu :  D=0x0000000000071780
2978500: system.cpu: T0 : 0x4c5c2    : ld a5, 448(a2)             : MemRead :  D=0x0000000000070c38 A=0x71940
2979000: system.cpu: T0 : 0x4c5c6    : c_beqz a5, 66              : IntAlu : 
2979500: system.cpu: T0 : 0x4c5c8    : auipc a3, 37               : IntAlu :  D=0x00000000000715c8
2980000: system.cpu: T0 : 0x4c5cc    : addi a3, a3, 888           : IntAlu :  D=0x0000000000071940
2980500: system.cpu: T0 : 0x4c5d0    : c_j 8                      : IntAlu : 
2981000: system.cpu: T0 : 0x4c5d8    : c_ld a4, 24(a5)            : MemRead :  D=0x000000000006a1d0 A=0x70c50
2981500: system.cpu: T0 : 0x4c5da    : c_mv s0, a5                : IntAlu :  D=0x0000000000070c38
2982000: system.cpu: T0 : 0x4c5dc    : c_ld a5, 40(a5)            : MemRead :  D=0x0000000000000000 A=0x70c60
2983000: system.cpu: T0 : 0x4c5de    : bne s1, a4, -12            : IntAlu : 
2983500: system.cpu: T0 : 0x4c5e2    : c_sd a5, 0(a3)             : MemWrite :  D=0x0000000000000000 A=0x71940
2984000: system.cpu: T0 : 0x4c5e4    : beq s2, zero, 22           : IntAlu : 
2984500: system.cpu: T0 : 0x4c5fa    : c_ldsp ra, 24(sp)          : MemRead :  D=0x00000000000103fc A=0x7ffffffffffffd28
2985000: system.cpu: T0 : 0x4c5fc    : c_mv a0, s0                : IntAlu :  D=0x0000000000070c38
2985500: system.cpu: T0 : 0x4c5fe    : c_ldsp s0, 16(sp)          : MemRead :  D=0x000000000006eaf8 A=0x7ffffffffffffd20
2986000: system.cpu: T0 : 0x4c600    : c_ldsp s1, 8(sp)           : MemRead :  D=0xffffffffffffffff A=0x7ffffffffffffd18
2986500: system.cpu: T0 : 0x4c602    : c_ldsp s2, 0(sp)           : MemRead :  D=0xffffffffffffffff A=0x7ffffffffffffd10
2987000: system.cpu: T0 : 0x4c604    : c_addi16sp sp, 32          : IntAlu :  D=0x7ffffffffffffd30
2987500: system.cpu: T0 : 0x4c606    : c_jr ra                    : IntAlu : 
2988000: system.cpu: T0 : 0x103fc    : c_li a5, 1                 : IntAlu :  D=0x0000000000000001
2989000: system.cpu: T0 : 0x103fe    : sb a5, -1016(gp)           : MemWrite :  D=0x0000000000000001 A=0x70c30
2989500: system.cpu: T0 : 0x10402    : c_ldsp ra, 8(sp)           : MemRead :  D=0x0000000000010aaa A=0x7ffffffffffffd38
2990000: system.cpu: T0 : 0x10404    : c_ldsp s0, 0(sp)           : MemRead :  D=0x000000000006eaf8 A=0x7ffffffffffffd30
2990500: system.cpu: T0 : 0x10406    : c_addi sp, 16              : IntAlu :  D=0x7ffffffffffffd40
2991000: system.cpu: T0 : 0x10408    : c_jr ra                    : IntAlu : 
2992000: system.cpu: T0 : 0x10aaa    : bne s1, s2, -8             : IntAlu : 
2992500: system.cpu: T0 : 0x10aae    : c_ldsp ra, 24(sp)          : MemRead :  D=0x000000000001489c A=0x7ffffffffffffd58
2993000: system.cpu: T0 : 0x10ab0    : c_ldsp s0, 16(sp)          : MemRead :  D=0x0000000000000001 A=0x7ffffffffffffd50
2993500: system.cpu: T0 : 0x10ab2    : c_ldsp s1, 8(sp)           : MemRead :  D=0x0000000000000002 A=0x7ffffffffffffd48
2994000: system.cpu: T0 : 0x10ab4    : c_ldsp s2, 0(sp)           : MemRead :  D=0x0000000000000004 A=0x7ffffffffffffd40
2994500: system.cpu: T0 : 0x10ab6    : c_addi16sp sp, 32          : IntAlu :  D=0x7ffffffffffffd60
2995000: system.cpu: T0 : 0x10ab8    : c_jr ra                    : IntAlu : 
2995500: system.cpu: T0 : 0x1489c    : addi a4, s9, -608          : IntAlu :  D=0x0000000000071da0
2996000: system.cpu: T0 : 0x148a0    : lr_w a5, (a4)             
2996000: system.cpu: T0 : 0x148a0. 0 : lr_w a5, (a4)              : MemRead :  D=0x0000000000000000 A=0x71da0
2996500: system.cpu: T0 : 0x148a4    : c_bnez a5, 8               : IntAlu : 
2997500: system.cpu: T0 : 0x148a6    : sc_w_aq a3, s0, (a4)      
2997500: system.cpu: T0 : 0x148a6. 0 : sc_w a3, s0, (a4)          : MemWrite :  D=0x0000000000000000 A=0x71da0
2998000: system.cpu: T0 : 0x148a6. 1 : 0x1c8726af fence           : No_OpClass : 
2998500: system.cpu: T0 : 0x148aa    : c_bnez a3, -10             : IntAlu : 
2999000: system.cpu: T0 : 0x148ac    : c_addiw a5, 0              : IntAlu :  D=0x0000000000000000
2999500: system.cpu: T0 : 0x148ae    : c_beqz a5, -88             : IntAlu : 
3000500: system.cpu: T0 : 0x14856    : ld a5, -600(s11)           : MemRead :  D=0x0000000000000001 A=0x71da8
3001500: system.cpu: T0 : 0x1485a    : bne a5, s8, 102            : IntAlu : 
3002500: system.cpu: T0 : 0x1485e    : ld a5, 8(s10)              : MemRead :  D=0x0000000000000000 A=0x71148
3003000: system.cpu: T0 : 0x14862    : c_beqz a5, 222             : IntAlu : 
3003500: system.cpu: T0 : 0x14940    : ld a5, 0(s10)              : MemRead :  D=0x0000000000000000 A=0x71140
3004000: system.cpu: T0 : 0x14944    : sd a5, 0(s7)               : MemWrite :  D=0x0000000000000000 A=0x70898
3004500: system.cpu: T0 : 0x14948    : c_beqz a5, 8               : IntAlu : 
3005000: system.cpu: T0 : 0x14950    : c_mv a5, s4                : IntAlu :  D=0x0000000000000000
3006000: system.cpu: T0 : 0x14952    : addi a4, s9, -608          : IntAlu :  D=0x0000000000071da0
3007000: system.cpu: T0 : 0x14956    : fence iorw, ow             : No_OpClass : 
3008000: system.cpu: T0 : 0x1495a    : amoswap_w a5, a5, (a4)    
3008000: system.cpu: T0 : 0x1495a. 0 : amoswap_w[l] a5, a5, (a4)  : MemRead :  D=0x0000000000000001 A=0x71da0
3008500: system.cpu: T0 : 0x1495e    : c_addiw a5, 0              : IntAlu :  D=0x0000000000000001
3009000: system.cpu: T0 : 0x14960    : bge s3, a5, -332           : IntAlu : 
3009500: system.cpu: T0 : 0x14814    : c_li a4, 1                 : IntAlu :  D=0x0000000000000001
3010500: system.cpu: T0 : 0x14816    : addi a3, s9, -608          : IntAlu :  D=0x0000000000071da0
3011500: system.cpu: T0 : 0x1481a    : lr_w a5, (a3)             
3011500: system.cpu: T0 : 0x1481a. 0 : lr_w a5, (a3)              : MemRead :  D=0x0000000000000000 A=0x71da0
3012000: system.cpu: T0 : 0x1481e    : c_bnez a5, 8               : IntAlu : 
3012500: system.cpu: T0 : 0x14820    : sc_w_aq a2, a4, (a3)      
3012500: system.cpu: T0 : 0x14820. 0 : sc_w a2, a4, (a3)          : MemWrite :  D=0x0000000000000000 A=0x71da0
3013000: system.cpu: T0 : 0x14820. 1 : 0x1ce6a62f fence           : No_OpClass : 
3013500: system.cpu: T0 : 0x14824    : c_bnez a2, -10             : IntAlu : 
3014000: system.cpu: T0 : 0x14826    : c_addiw a5, 0              : IntAlu :  D=0x0000000000000000
3014500: system.cpu: T0 : 0x14828    : bne a5, zero, 338          : IntAlu : 
3015000: system.cpu: T0 : 0x1482c    : ld s10, 0(s7)              : MemRead :  D=0x0000000000000000 A=0x70898
3015500: system.cpu: T0 : 0x14830    : beq s10, zero, 152         : IntAlu : 
3016000: system.cpu: T0 : 0x148c8    : c_li a4, 1                 : IntAlu :  D=0x0000000000000001
3017000: system.cpu: T0 : 0x148ca    : sb a4, -1476(gp)           : MemWrite :  D=0x0000000000000001 A=0x70a64
3017500: system.cpu: T0 : 0x148ce    : c_li a5, 0                 : IntAlu :  D=0x0000000000000000
3018000: system.cpu: T0 : 0x148d0    : addi a4, s9, -608          : IntAlu :  D=0x0000000000071da0
3018500: system.cpu: T0 : 0x148d4    : fence iorw, ow             : No_OpClass : 
3019000: system.cpu: T0 : 0x148d8    : amoswap_w a5, a5, (a4)    
3019000: system.cpu: T0 : 0x148d8. 0 : amoswap_w[l] a5, a5, (a4)  : MemRead :  D=0x0000000000000001 A=0x71da0
3019500: system.cpu: T0 : 0x148dc    : c_addiw a5, 0              : IntAlu :  D=0x0000000000000001
3020000: system.cpu: T0 : 0x148de    : c_li a4, 1                 : IntAlu :  D=0x0000000000000001
3020500: system.cpu: T0 : 0x148e0    : blt a4, a5, 174            : IntAlu : 
3021000: system.cpu: T0 : 0x148e4    : c_ldsp a5, 8(sp)           : MemRead :  D=0x0000000000000001 A=0x7ffffffffffffd68
3021500: system.cpu: T0 : 0x148e6    : c_beqz a5, 46              : IntAlu : 
3022000: system.cpu: T0 : 0x148e8    : lui s0, 106                : IntAlu :  D=0x000000000006a000
3022500: system.cpu: T0 : 0x148ec    : lui a5, 106                : IntAlu :  D=0x000000000006a000
3023000: system.cpu: T0 : 0x148f0    : addi s1, s0, 416           : IntAlu :  D=0x000000000006a1a0
3023500: system.cpu: T0 : 0x148f4    : addi a5, a5, 424           : IntAlu :  D=0x000000000006a1a8
3024000: system.cpu: T0 : 0x148f8    : bgeu s1, a5, 28            : IntAlu : 
3024500: system.cpu: T0 : 0x148fc    : c_addi a5, -1              : IntAlu :  D=0x000000000006a1a7
3025000: system.cpu: T0 : 0x148fe    : c_sub a5, s1               : IntAlu :  D=0x0000000000000007
3025500: system.cpu: T0 : 0x14900    : c_andi a5, 18446744073709551608 : IntAlu :  D=0x0000000000000000
3026000: system.cpu: T0 : 0x14902    : c_addi a5, 8               : IntAlu :  D=0x0000000000000008
3026500: system.cpu: T0 : 0x14904    : c_add s1, a5               : IntAlu :  D=0x000000000006a1a8
3027500: system.cpu: T0 : 0x14906    : addi s0, s0, 416           : IntAlu :  D=0x000000000006a1a0
3028000: system.cpu: T0 : 0x1490a    : c_ld a5, 0(s0)             : MemRead :  D=0x0000000000019836 A=0x6a1a0
3028500: system.cpu: T0 : 0x1490c    : c_addi s0, 8               : IntAlu :  D=0x000000000006a1a8
3029000: system.cpu: T0 : 0x1490e    : c_jalr a5                  : IntAlu :  D=0x0000000000014910
3029500: system.cpu: T0 : 0x19836    : c_addi16sp sp, -176        : IntAlu :  D=0x7ffffffffffffcb0
3030000: system.cpu: T0 : 0x19838    : c_sdsp s6, 112(sp)         : MemWrite :  D=0x0000000000000001 A=0x7ffffffffffffd20
3031000: system.cpu: T0 : 0x1983a    : lui s6, 111                : IntAlu :  D=0x000000000006f000
3032000: system.cpu: T0 : 0x1983e    : ld a5, -1264(s6)           : MemRead :  D=0x442f2e2e00000000 A=0x6eb10
3032500: system.cpu: T0 : 0x19842    : c_sdsp s3, 136(sp)         : MemWrite :  D=0x0000000000000001 A=0x7ffffffffffffd38
3033000: system.cpu: T0 : 0x19844    : c_li a0, 0                 : IntAlu :  D=0x0000000000000000
3033500: system.cpu: T0 : 0x19846    : c_sdsp s5, 120(sp)         : MemWrite :  D=0x0000000000000003 A=0x7ffffffffffffd28
3034000: system.cpu: T0 : 0x19848    : c_sdsp ra, 168(sp)         : MemWrite :  D=0x0000000000014910 A=0x7ffffffffffffd58
3034500: system.cpu: T0 : 0x1984a    : c_sdsp s0, 160(sp)         : MemWrite :  D=0x000000000006a1a8 A=0x7ffffffffffffd50
3035000: system.cpu: T0 : 0x1984c    : c_sdsp s1, 152(sp)         : MemWrite :  D=0x000000000006a1a8 A=0x7ffffffffffffd48
3035500: system.cpu: T0 : 0x1984e    : c_sdsp s2, 144(sp)         : MemWrite :  D=0x0000000000000004 A=0x7ffffffffffffd40
3036000: system.cpu: T0 : 0x19850    : c_sdsp s4, 128(sp)         : MemWrite :  D=0x0000000000000000 A=0x7ffffffffffffd30
3036500: system.cpu: T0 : 0x19852    : c_sdsp s7, 104(sp)         : MemWrite :  D=0x0000000000070898 A=0x7ffffffffffffd18
3037000: system.cpu: T0 : 0x19854    : c_sdsp s8, 96(sp)          : MemWrite :  D=0x0000000000000001 A=0x7ffffffffffffd10
3037500: system.cpu: T0 : 0x19856    : c_sdsp s9, 88(sp)          : MemWrite :  D=0x0000000000072000 A=0x7ffffffffffffd08
3038000: system.cpu: T0 : 0x19858    : c_sdsp s10, 80(sp)         : MemWrite :  D=0x0000000000000000 A=0x7ffffffffffffd00
3038500: system.cpu: T0 : 0x1985a    : c_sdsp s11, 72(sp)         : MemWrite :  D=0x0000000000072000 A=0x7ffffffffffffcf8
3039000: system.cpu: T0 : 0x1985c    : c_sdsp a5, 56(sp)          : MemWrite :  D=0x442f2e2e00000000 A=0x7ffffffffffffce8
3040000: system.cpu: T0 : 0x1985e    : addi s3, zero, 0           : IntAlu :  D=0x0000000000000000
3041000: system.cpu: T0 : 0x19862    : jal ra, -556               : IntAlu :  D=0x0000000000019866
3041500: system.cpu: T0 : 0x19636    : c_addi16sp sp, -176        : IntAlu :  D=0x7ffffffffffffc00
3042000: system.cpu: T0 : 0x19638    : c_sdsp s5, 120(sp)         : MemWrite :  D=0x0000000000000003 A=0x7ffffffffffffc78
3043000: system.cpu: T0 : 0x1963a    : lui s5, 111                : IntAlu :  D=0x000000000006f000
3044000: system.cpu: T0 : 0x1963e    : ld a5, -1264(s5)           : MemRead :  D=0x442f2e2e00000000 A=0x6eb10
3044500: system.cpu: T0 : 0x19642    : c_sdsp s3, 136(sp)         : MemWrite :  D=0x0000000000000000 A=0x7ffffffffffffc88
3045000: system.cpu: T0 : 0x19644    : c_sdsp s9, 88(sp)          : MemWrite :  D=0x0000000000072000 A=0x7ffffffffffffc58
3045500: system.cpu: T0 : 0x19646    : c_sdsp ra, 168(sp)         : MemWrite :  D=0x0000000000019866 A=0x7ffffffffffffca8
3046000: system.cpu: T0 : 0x19648    : c_sdsp s0, 160(sp)         : MemWrite :  D=0x000000000006a1a8 A=0x7ffffffffffffca0
3046500: system.cpu: T0 : 0x1964a    : c_sdsp s1, 152(sp)         : MemWrite :  D=0x000000000006a1a8 A=0x7ffffffffffffc98
3047000: system.cpu: T0 : 0x1964c    : c_sdsp s2, 144(sp)         : MemWrite :  D=0x0000000000000004 A=0x7ffffffffffffc90
3047500: system.cpu: T0 : 0x1964e    : c_sdsp s4, 128(sp)         : MemWrite :  D=0x0000000000000000 A=0x7ffffffffffffc80
3048000: system.cpu: T0 : 0x19650    : c_sdsp s6, 112(sp)         : MemWrite :  D=0x000000000006f000 A=0x7ffffffffffffc70
3048500: system.cpu: T0 : 0x19652    : c_sdsp s7, 104(sp)         : MemWrite :  D=0x0000000000070898 A=0x7ffffffffffffc68
3049000: system.cpu: T0 : 0x19654    : c_sdsp s8, 96(sp)          : MemWrite :  D=0x0000000000000001 A=0x7ffffffffffffc60
3049500: system.cpu: T0 : 0x19656    : c_sdsp s10, 80(sp)         : MemWrite :  D=0x0000000000000000 A=0x7ffffffffffffc50
3050000: system.cpu: T0 : 0x19658    : c_sdsp s11, 72(sp)         : MemWrite :  D=0x0000000000072000 A=0x7ffffffffffffc48
3050500: system.cpu: T0 : 0x1965a    : c_sdsp a5, 56(sp)          : MemWrite :  D=0x442f2e2e00000000 A=0x7ffffffffffffc38
3051000: system.cpu: T0 : 0x1965c    : addi s3, zero, 0           : IntAlu :  D=0x0000000000000000
3051500: system.cpu: T0 : 0x19660    : c_mv s9, a0                : IntAlu :  D=0x0000000000000000
3052500: system.cpu: T0 : 0x19662    : beq s3, zero, 428          : IntAlu : 
3053000: system.cpu: T0 : 0x1980e    : c_lui a5, 25               : IntAlu :  D=0x0000000000019000
3053500: system.cpu: T0 : 0x19810    : addi a5, a5, -1908         : IntAlu :  D=0x000000000001888c
3054000: system.cpu: T0 : 0x19814    : c_sdsp a5, 24(sp)          : MemWrite :  D=0x000000000001888c A=0x7ffffffffffffc18
3054500: system.cpu: T0 : 0x19816    : c_sdsp zero, 32(sp)        : MemWrite :  D=0x0000000000000000 A=0x7ffffffffffffc20
3055000: system.cpu: T0 : 0x19818    : c_j -416                   : IntAlu : 
3055500: system.cpu: T0 : 0x19678    : addi s8, gp, 1320          : IntAlu :  D=0x0000000000071550
3056000: system.cpu: T0 : 0x1967c    : ld a5, 8(s8)               : MemRead :  D=0x0000000000000000 A=0x71558
3056500: system.cpu: T0 : 0x19680    : addi s0, tp, -1808         : IntAlu :  D=0x0000000000072000
3057000: system.cpu: T0 : 0x19684    : beq a5, s0, 28             : IntAlu : 
3057500: system.cpu: T0 : 0x19688    : c_li a3, 1                 : IntAlu :  D=0x0000000000000001
3058500: system.cpu: T0 : 0x1968a    : lr_w a5, (s8)             
3058500: system.cpu: T0 : 0x1968a. 0 : lr_w a5, (s8)              : MemRead :  D=0x0000000000000000 A=0x71550
3059000: system.cpu: T0 : 0x1968e    : c_bnez a5, 8               : IntAlu : 
3059500: system.cpu: T0 : 0x19690    : sc_w_aq a4, a3, (s8)      
3059500: system.cpu: T0 : 0x19690. 0 : sc_w a4, a3, (s8)          : MemWrite :  D=0x0000000000000000 A=0x71550
3060000: system.cpu: T0 : 0x19690. 1 : 0x1cdc272f fence           : No_OpClass : 
3060500: system.cpu: T0 : 0x19694    : c_bnez a4, -10             : IntAlu : 
3061000: system.cpu: T0 : 0x19696    : c_addiw a5, 0              : IntAlu :  D=0x0000000000000000
3061500: system.cpu: T0 : 0x19698    : bne a5, zero, 386          : IntAlu : 
3062000: system.cpu: T0 : 0x1969c    : sd s0, 8(s8)               : MemWrite :  D=0x0000000000072000 A=0x71558
3062500: system.cpu: T0 : 0x196a0    : lw a4, 4(s8)               : MemRead :  D=0x0000000000000000 A=0x71554
3063000: system.cpu: T0 : 0x196a4    : ld s0, -1920(gp)           : MemRead :  D=0x000000000006f000 A=0x708a8
3063500: system.cpu: T0 : 0x196a8    : addiw a3, a4, 1            : IntAlu :  D=0x0000000000000001
3064000: system.cpu: T0 : 0x196ac    : sw a3, 4(s8)               : MemWrite :  D=0x0000000000000001 A=0x71554
3064500: system.cpu: T0 : 0x196b0    : beq s0, zero, 382          : IntAlu : 
3065000: system.cpu: T0 : 0x196b4    : lui s1, 106                : IntAlu :  D=0x000000000006a000
3065500: system.cpu: T0 : 0x196b8    : lui s2, 106                : IntAlu :  D=0x000000000006a000
3066000: system.cpu: T0 : 0x196bc    : addi s2, s2, -1096         : IntAlu :  D=0x0000000000069bb8
3066500: system.cpu: T0 : 0x196c0    : addi s1, s1, 416           : IntAlu :  D=0x000000000006a1a0
3067000: system.cpu: T0 : 0x196c4    : c_li s4, 0                 : IntAlu :  D=0x0000000000000000
3067500: system.cpu: T0 : 0x196c6    : c_lui s11, 8               : IntAlu :  D=0x0000000000008000
3068000: system.cpu: T0 : 0x196c8    : c_li s6, 1                 : IntAlu :  D=0x0000000000000001
3069000: system.cpu: T0 : 0x196ca    : sub s1, s1, s2             : IntAlu :  D=0x00000000000005e8
3070000: system.cpu: T0 : 0x196ce    : sd s0, -1456(gp)           : MemWrite :  D=0x000000000006f000 A=0x70a78
3071000: system.cpu: T0 : 0x196d2    : beq s9, zero, 54           : IntAlu : 
3071500: system.cpu: T0 : 0x19708    : lw a5, 192(s0)             : MemRead :  D=0x0000000000000000 A=0x6f0c0
3072000: system.cpu: T0 : 0x1970c    : bge zero, a5, 150          : IntAlu : 
3072500: system.cpu: T0 : 0x197a2    : c_ld a3, 40(s0)            : MemRead :  D=0x0000000000000000 A=0x6f028
3073000: system.cpu: T0 : 0x197a4    : c_ld a5, 32(s0)            : MemRead :  D=0x0000000000000000 A=0x6f020
3074000: system.cpu: T0 : 0x197a6    : bgeu a5, a3, -116          : IntAlu : 
3075000: system.cpu: T0 : 0x19732    : beq s9, zero, 28           : IntAlu : 
3075500: system.cpu: T0 : 0x1974e    : c_ld s0, 104(s0)           : MemRead :  D=0x000000000006f1c8 A=0x6f068
3076000: system.cpu: T0 : 0x19750    : sd zero, -1456(gp)         : MemWrite :  D=0x0000000000000000 A=0x70a78
3076500: system.cpu: T0 : 0x19754    : c_bnez s0, -134            : IntAlu : 
3077500: system.cpu: T0 : 0x196ce    : sd s0, -1456(gp)           : MemWrite :  D=0x000000000006f1c8 A=0x70a78
3078500: system.cpu: T0 : 0x196d2    : beq s9, zero, 54           : IntAlu : 
3079000: system.cpu: T0 : 0x19708    : lw a5, 192(s0)             : MemRead :  D=0x0000000000000000 A=0x6f288
3079500: system.cpu: T0 : 0x1970c    : bge zero, a5, 150          : IntAlu : 
3080000: system.cpu: T0 : 0x197a2    : c_ld a3, 40(s0)            : MemRead :  D=0x0000000000000000 A=0x6f1f0
3080500: system.cpu: T0 : 0x197a4    : c_ld a5, 32(s0)            : MemRead :  D=0x0000000000000000 A=0x6f1e8
3081500: system.cpu: T0 : 0x197a6    : bgeu a5, a3, -116          : IntAlu : 
3082500: system.cpu: T0 : 0x19732    : beq s9, zero, 28           : IntAlu : 
3083000: system.cpu: T0 : 0x1974e    : c_ld s0, 104(s0)           : MemRead :  D=0x000000000006f390 A=0x6f230
3083500: system.cpu: T0 : 0x19750    : sd zero, -1456(gp)         : MemWrite :  D=0x0000000000000000 A=0x70a78
3084000: system.cpu: T0 : 0x19754    : c_bnez s0, -134            : IntAlu : 
3085000: system.cpu: T0 : 0x196ce    : sd s0, -1456(gp)           : MemWrite :  D=0x000000000006f390 A=0x70a78
3086000: system.cpu: T0 : 0x196d2    : beq s9, zero, 54           : IntAlu : 
3086500: system.cpu: T0 : 0x19708    : lw a5, 192(s0)             : MemRead :  D=0x0000000000000000 A=0x6f450
3087000: system.cpu: T0 : 0x1970c    : bge zero, a5, 150          : IntAlu : 
3087500: system.cpu: T0 : 0x197a2    : c_ld a3, 40(s0)            : MemRead :  D=0x0000000000000000 A=0x6f3b8
3088000: system.cpu: T0 : 0x197a4    : c_ld a5, 32(s0)            : MemRead :  D=0x0000000000000000 A=0x6f3b0
3089000: system.cpu: T0 : 0x197a6    : bgeu a5, a3, -116          : IntAlu : 
3090000: system.cpu: T0 : 0x19732    : beq s9, zero, 28           : IntAlu : 
3090500: system.cpu: T0 : 0x1974e    : c_ld s0, 104(s0)           : MemRead :  D=0x0000000000000000 A=0x6f3f8
3091000: system.cpu: T0 : 0x19750    : sd zero, -1456(gp)         : MemWrite :  D=0x0000000000000000 A=0x70a78
3091500: system.cpu: T0 : 0x19754    : c_bnez s0, -134            : IntAlu : 
3092500: system.cpu: T0 : 0x19756    : lw a5, 4(s8)               : MemRead :  D=0x0000000000000001 A=0x71554
3093500: system.cpu: T0 : 0x1975a    : addiw a4, a5, -1           : IntAlu :  D=0x0000000000000000
3094500: system.cpu: T0 : 0x1975e    : sw a4, 4(s8)               : MemWrite :  D=0x0000000000000000 A=0x71554
3095000: system.cpu: T0 : 0x19762    : c_beqz a4, 128             : IntAlu : 
3096000: system.cpu: T0 : 0x197e2    : sd zero, 8(s8)             : MemWrite :  D=0x0000000000000000 A=0x71558
3096500: system.cpu: T0 : 0x197e6    : c_mv a5, a4                : IntAlu :  D=0x0000000000000000
3097000: system.cpu: T0 : 0x197e8    : fence iorw, ow             : No_OpClass : 
3097500: system.cpu: T0 : 0x197ec    : amoswap_w a5, a5, (s8)    
3097500: system.cpu: T0 : 0x197ec. 0 : amoswap_w[l] a5, a5, (s8)  : MemRead :  D=0x0000000000000001 A=0x71550
3098000: system.cpu: T0 : 0x197f0    : c_addiw a5, 0              : IntAlu :  D=0x0000000000000001
3098500: system.cpu: T0 : 0x197f2    : c_li a4, 1                 : IntAlu :  D=0x0000000000000001
3099000: system.cpu: T0 : 0x197f4    : bge a4, a5, -144           : IntAlu : 
3099500: system.cpu: T0 : 0x19764    : beq s3, zero, 16           : IntAlu : 
3100000: system.cpu: T0 : 0x19774    : c_ldsp a4, 56(sp)          : MemRead :  D=0x442f2e2e00000000 A=0x7ffffffffffffc38
3101000: system.cpu: T0 : 0x19776    : ld a5, -1264(s5)           : MemRead :  D=0x442f2e2e00000000 A=0x6eb10
3102000: system.cpu: T0 : 0x1977a    : bne a4, a5, 184            : IntAlu : 
3102500: system.cpu: T0 : 0x1977e    : c_ldsp ra, 168(sp)         : MemRead :  D=0x0000000000019866 A=0x7ffffffffffffca8
3103000: system.cpu: T0 : 0x19780    : c_ldsp s0, 160(sp)         : MemRead :  D=0x000000000006a1a8 A=0x7ffffffffffffca0
3103500: system.cpu: T0 : 0x19782    : c_ldsp s1, 152(sp)         : MemRead :  D=0x000000000006a1a8 A=0x7ffffffffffffc98
3104000: system.cpu: T0 : 0x19784    : c_ldsp s2, 144(sp)         : MemRead :  D=0x0000000000000004 A=0x7ffffffffffffc90
3104500: system.cpu: T0 : 0x19786    : c_ldsp s3, 136(sp)         : MemRead :  D=0x0000000000000000 A=0x7ffffffffffffc88
3105000: system.cpu: T0 : 0x19788    : c_ldsp s5, 120(sp)         : MemRead :  D=0x0000000000000003 A=0x7ffffffffffffc78
3105500: system.cpu: T0 : 0x1978a    : c_ldsp s6, 112(sp)         : MemRead :  D=0x000000000006f000 A=0x7ffffffffffffc70
3106000: system.cpu: T0 : 0x1978c    : c_ldsp s7, 104(sp)         : MemRead :  D=0x0000000000070898 A=0x7ffffffffffffc68
3106500: system.cpu: T0 : 0x1978e    : c_ldsp s8, 96(sp)          : MemRead :  D=0x0000000000000001 A=0x7ffffffffffffc60
3107000: system.cpu: T0 : 0x19790    : c_ldsp s9, 88(sp)          : MemRead :  D=0x0000000000072000 A=0x7ffffffffffffc58
3107500: system.cpu: T0 : 0x19792    : c_ldsp s10, 80(sp)         : MemRead :  D=0x0000000000000000 A=0x7ffffffffffffc50
3108000: system.cpu: T0 : 0x19794    : c_ldsp s11, 72(sp)         : MemRead :  D=0x0000000000072000 A=0x7ffffffffffffc48
3108500: system.cpu: T0 : 0x19796    : c_mv a0, s4                : IntAlu :  D=0x0000000000000000
3109000: system.cpu: T0 : 0x19798    : c_ldsp s4, 128(sp)         : MemRead :  D=0x0000000000000000 A=0x7ffffffffffffc80
3109500: system.cpu: T0 : 0x1979a    : c_addi16sp sp, 176         : IntAlu :  D=0x7ffffffffffffcb0
3110000: system.cpu: T0 : 0x1979c    : c_jr ra                    : IntAlu : 
3110500: system.cpu: T0 : 0x19866    : c_mv s5, a0                : IntAlu :  D=0x0000000000000000
3111000: system.cpu: T0 : 0x19868    : beq s3, zero, 482          : IntAlu : 
3111500: system.cpu: T0 : 0x19a4a    : c_lui a5, 25               : IntAlu :  D=0x0000000000019000
3112000: system.cpu: T0 : 0x19a4c    : addi a5, a5, -1908         : IntAlu :  D=0x000000000001888c
3112500: system.cpu: T0 : 0x19a50    : c_sdsp a5, 24(sp)          : MemWrite :  D=0x000000000001888c A=0x7ffffffffffffcc8
3113000: system.cpu: T0 : 0x19a52    : c_sdsp zero, 32(sp)        : MemWrite :  D=0x0000000000000000 A=0x7ffffffffffffcd0
3113500: system.cpu: T0 : 0x19a54    : c_j -470                   : IntAlu : 
3114500: system.cpu: T0 : 0x1987e    : addi s1, gp, 1320          : IntAlu :  D=0x0000000000071550
3115000: system.cpu: T0 : 0x19882    : c_ld a5, 8(s1)             : MemRead :  D=0x0000000000000000 A=0x71558
3115500: system.cpu: T0 : 0x19884    : addi s0, tp, -1808         : IntAlu :  D=0x0000000000072000
3116000: system.cpu: T0 : 0x19888    : beq s0, a5, 26             : IntAlu : 
3116500: system.cpu: T0 : 0x1988c    : c_li a4, 1                 : IntAlu :  D=0x0000000000000001
3117500: system.cpu: T0 : 0x1988e    : lr_w a5, (s1)             
3117500: system.cpu: T0 : 0x1988e. 0 : lr_w a5, (s1)              : MemRead :  D=0x0000000000000000 A=0x71550
3118000: system.cpu: T0 : 0x19892    : c_bnez a5, 8               : IntAlu : 
3118500: system.cpu: T0 : 0x19894    : sc_w_aq a3, a4, (s1)      
3118500: system.cpu: T0 : 0x19894. 0 : sc_w a3, a4, (s1)          : MemWrite :  D=0x0000000000000000 A=0x71550
3119000: system.cpu: T0 : 0x19894. 1 : 0x1ce4a6af fence           : No_OpClass : 
3119500: system.cpu: T0 : 0x19898    : c_bnez a3, -10             : IntAlu : 
3120000: system.cpu: T0 : 0x1989a    : c_addiw a5, 0              : IntAlu :  D=0x0000000000000000
3120500: system.cpu: T0 : 0x1989c    : bne a5, zero, 442          : IntAlu : 
3121000: system.cpu: T0 : 0x198a0    : c_sd s0, 8(s1)             : MemWrite :  D=0x0000000000072000 A=0x71558
3121500: system.cpu: T0 : 0x198a2    : c_lw a3, 4(s1)             : MemRead :  D=0x0000000000000000 A=0x71554
3122000: system.cpu: T0 : 0x198a4    : ld s0, -1920(gp)           : MemRead :  D=0x000000000006f000 A=0x708a8
3122500: system.cpu: T0 : 0x198a8    : addiw a4, a3, 1            : IntAlu :  D=0x0000000000000001
3123000: system.cpu: T0 : 0x198ac    : c_sw a4, 4(s1)             : MemWrite :  D=0x0000000000000001 A=0x71554
3123500: system.cpu: T0 : 0x198ae    : c_beqz s0, 202             : IntAlu : 
3124000: system.cpu: T0 : 0x198b0    : lui s2, 106                : IntAlu :  D=0x000000000006a000
3124500: system.cpu: T0 : 0x198b4    : lui s4, 106                : IntAlu :  D=0x000000000006a000
3125000: system.cpu: T0 : 0x198b8    : addi s4, s4, -1096         : IntAlu :  D=0x0000000000069bb8
3125500: system.cpu: T0 : 0x198bc    : addi s2, s2, 416           : IntAlu :  D=0x000000000006a1a0
3126000: system.cpu: T0 : 0x198c0    : sub s2, s2, s4             : IntAlu :  D=0x00000000000005e8
3126500: system.cpu: T0 : 0x198c4    : c_li s9, 2                 : IntAlu :  D=0x0000000000000002
3127000: system.cpu: T0 : 0x198c6    : c_j 12                     : IntAlu : 
3127500: system.cpu: T0 : 0x198d2    : c_lw a5, 0(s0)             : MemRead :  D=0xfffffffffbad2086 A=0x6f000
3128000: system.cpu: T0 : 0x198d4    : c_andi a5, 2               : IntAlu :  D=0x0000000000000002
3129000: system.cpu: T0 : 0x198d6    : addiw s8, a5, 0            : IntAlu :  D=0x0000000000000002
3129500: system.cpu: T0 : 0x198da    : c_bnez a5, -18             : IntAlu : 
3130000: system.cpu: T0 : 0x198c8    : c_li a5, -1                : IntAlu :  D=0xffffffffffffffff
3131000: system.cpu: T0 : 0x198ca    : sw a5, 192(s0)             : MemWrite :  D=0x00000000ffffffff A=0x6f0c0
3131500: system.cpu: T0 : 0x198ce    : c_ld s0, 104(s0)           : MemRead :  D=0x000000000006f1c8 A=0x6f068
3132000: system.cpu: T0 : 0x198d0    : c_beqz s0, 162             : IntAlu : 
3132500: system.cpu: T0 : 0x198d2    : c_lw a5, 0(s0)             : MemRead :  D=0xfffffffffbad2084 A=0x6f1c8
3133000: system.cpu: T0 : 0x198d4    : c_andi a5, 2               : IntAlu :  D=0x0000000000000000
3134000: system.cpu: T0 : 0x198d6    : addiw s8, a5, 0            : IntAlu :  D=0x0000000000000000
3134500: system.cpu: T0 : 0x198da    : c_bnez a5, -18             : IntAlu : 
3135000: system.cpu: T0 : 0x198dc    : lw a5, 192(s0)             : MemRead :  D=0x0000000000000000 A=0x6f288
3135500: system.cpu: T0 : 0x198e0    : c_beqz a5, -24             : IntAlu : 
3136000: system.cpu: T0 : 0x198c8    : c_li a5, -1                : IntAlu :  D=0xffffffffffffffff
3137000: system.cpu: T0 : 0x198ca    : sw a5, 192(s0)             : MemWrite :  D=0x00000000ffffffff A=0x6f288
3137500: system.cpu: T0 : 0x198ce    : c_ld s0, 104(s0)           : MemRead :  D=0x000000000006f390 A=0x6f230
3138000: system.cpu: T0 : 0x198d0    : c_beqz s0, 162             : IntAlu : 
3138500: system.cpu: T0 : 0x198d2    : c_lw a5, 0(s0)             : MemRead :  D=0xfffffffffbad2088 A=0x6f390
3139000: system.cpu: T0 : 0x198d4    : c_andi a5, 2               : IntAlu :  D=0x0000000000000000
3140000: system.cpu: T0 : 0x198d6    : addiw s8, a5, 0            : IntAlu :  D=0x0000000000000000
3140500: system.cpu: T0 : 0x198da    : c_bnez a5, -18             : IntAlu : 
3141000: system.cpu: T0 : 0x198dc    : lw a5, 192(s0)             : MemRead :  D=0x0000000000000000 A=0x6f450
3141500: system.cpu: T0 : 0x198e0    : c_beqz a5, -24             : IntAlu : 
3142000: system.cpu: T0 : 0x198c8    : c_li a5, -1                : IntAlu :  D=0xffffffffffffffff
3143000: system.cpu: T0 : 0x198ca    : sw a5, 192(s0)             : MemWrite :  D=0x00000000ffffffff A=0x6f450
3143500: system.cpu: T0 : 0x198ce    : c_ld s0, 104(s0)           : MemRead :  D=0x0000000000000000 A=0x6f3f8
3144000: system.cpu: T0 : 0x198d0    : c_beqz s0, 162             : IntAlu : 
3144500: system.cpu: T0 : 0x19972    : c_lw a5, 4(s1)             : MemRead :  D=0x0000000000000001 A=0x71554
3145000: system.cpu: T0 : 0x19974    : addiw a3, a5, -1           : IntAlu :  D=0x0000000000000000
3145500: system.cpu: T0 : 0x19978    : c_sw a3, 4(s1)             : MemWrite :  D=0x0000000000000000 A=0x71554
3146000: system.cpu: T0 : 0x1997a    : c_beqz a3, 126             : IntAlu : 
3146500: system.cpu: T0 : 0x199f8    : sd zero, 8(s1)             : MemWrite :  D=0x0000000000000000 A=0x71558
3147000: system.cpu: T0 : 0x199fc    : c_mv a5, a3                : IntAlu :  D=0x0000000000000000
3148000: system.cpu: T0 : 0x199fe    : fence iorw, ow             : No_OpClass : 
3149000: system.cpu: T0 : 0x19a02    : amoswap_w a5, a5, (s1)    
3149000: system.cpu: T0 : 0x19a02. 0 : amoswap_w[l] a5, a5, (s1)  : MemRead :  D=0x0000000000000001 A=0x71550
3149500: system.cpu: T0 : 0x19a06    : c_addiw a5, 0              : IntAlu :  D=0x0000000000000001
3150000: system.cpu: T0 : 0x19a08    : c_li a4, 1                 : IntAlu :  D=0x0000000000000001
3151000: system.cpu: T0 : 0x19a0a    : bge a4, a5, -142           : IntAlu : 
3151500: system.cpu: T0 : 0x1997c    : beq s3, zero, 16           : IntAlu : 
3152000: system.cpu: T0 : 0x1998c    : c_ldsp a4, 56(sp)          : MemRead :  D=0x442f2e2e00000000 A=0x7ffffffffffffce8
3153000: system.cpu: T0 : 0x1998e    : ld a5, -1264(s6)           : MemRead :  D=0x442f2e2e00000000 A=0x6eb10
3154000: system.cpu: T0 : 0x19992    : bne a4, a5, 216            : IntAlu : 
3154500: system.cpu: T0 : 0x19996    : c_ldsp ra, 168(sp)         : MemRead :  D=0x0000000000014910 A=0x7ffffffffffffd58
3155000: system.cpu: T0 : 0x19998    : c_ldsp s0, 160(sp)         : MemRead :  D=0x000000000006a1a8 A=0x7ffffffffffffd50
3155500: system.cpu: T0 : 0x1999a    : c_ldsp s1, 152(sp)         : MemRead :  D=0x000000000006a1a8 A=0x7ffffffffffffd48
3156000: system.cpu: T0 : 0x1999c    : c_ldsp s2, 144(sp)         : MemRead :  D=0x0000000000000004 A=0x7ffffffffffffd40
3156500: system.cpu: T0 : 0x1999e    : c_ldsp s3, 136(sp)         : MemRead :  D=0x0000000000000001 A=0x7ffffffffffffd38
3157000: system.cpu: T0 : 0x199a0    : c_ldsp s4, 128(sp)         : MemRead :  D=0x0000000000000000 A=0x7ffffffffffffd30
3157500: system.cpu: T0 : 0x199a2    : c_ldsp s6, 112(sp)         : MemRead :  D=0x0000000000000001 A=0x7ffffffffffffd20
3158000: system.cpu: T0 : 0x199a4    : c_ldsp s7, 104(sp)         : MemRead :  D=0x0000000000070898 A=0x7ffffffffffffd18
3158500: system.cpu: T0 : 0x199a6    : c_ldsp s8, 96(sp)          : MemRead :  D=0x0000000000000001 A=0x7ffffffffffffd10
3159000: system.cpu: T0 : 0x199a8    : c_ldsp s9, 88(sp)          : MemRead :  D=0x0000000000072000 A=0x7ffffffffffffd08
3159500: system.cpu: T0 : 0x199aa    : c_ldsp s10, 80(sp)         : MemRead :  D=0x0000000000000000 A=0x7ffffffffffffd00
3160000: system.cpu: T0 : 0x199ac    : c_ldsp s11, 72(sp)         : MemRead :  D=0x0000000000072000 A=0x7ffffffffffffcf8
3160500: system.cpu: T0 : 0x199ae    : c_mv a0, s5                : IntAlu :  D=0x0000000000000000
3161000: system.cpu: T0 : 0x199b0    : c_ldsp s5, 120(sp)         : MemRead :  D=0x0000000000000003 A=0x7ffffffffffffd28
3161500: system.cpu: T0 : 0x199b2    : c_addi16sp sp, 176         : IntAlu :  D=0x7ffffffffffffd60
3162000: system.cpu: T0 : 0x199b4    : c_jr ra                    : IntAlu : 
3162500: system.cpu: T0 : 0x14910    : bne s1, s0, -6             : IntAlu : 
3163000: system.cpu: T0 : 0x14914    : c_mv a0, s6                : IntAlu :  D=0x0000000000000001
3164000: system.cpu: T0 : 0x14916    : jal ra, 47996              : IntAlu :  D=0x000000000001491a
3164500: system.cpu: T0 : 0x20492    : c_mv a4, a0                : IntAlu :  D=0x0000000000000001
3165000: system.cpu: T0 : 0x20494    : addi a7, zero, 94          : IntAlu :  D=0x000000000000005e
3165500: system.cpu: T0 : 0x20498    : ecall                      : No_OpClass : 
