      0: system.cpu T0 : 0x100b0    : auipc gp, 8192             : IntAlu :  D=0x00000000000120b0
    500: system.cpu T0 : 0x100b4    : addi gp, gp, 904           : IntAlu :  D=0x0000000000012438
   1000: system.cpu T0 : 0x100b8    : addi a0, gp, -2024         : IntAlu :  D=0x0000000000011c50
   1500: system.cpu T0 : 0x100bc    : addi a2, gp, -1968         : IntAlu :  D=0x0000000000011c88
   2000: system.cpu T0 : 0x100c0    : c_sub a2, a2, a0           : IntAlu :  D=0x0000000000000038
   2500: system.cpu T0 : 0x100c2    : c_li a1, zero, 0           : IntAlu :  D=0x0000000000000000
   3000: system.cpu T0 : 0x100c4    : jal ra, 546                : IntAlu :  D=0x00000000000100c8
   3500: system.cpu T0 : 0x102e6    : c_li t1, zero, 15          : IntAlu :  D=0x000000000000000f
   4000: system.cpu T0 : 0x102e8    : c_mv a4, a0                : IntAlu :  D=0x0000000000011c50
   5000: system.cpu T0 : 0x102ea    : bgeu t1, a2, 34            : IntAlu : 
   6000: system.cpu T0 : 0x102ee    : andi a5, a4, 15            : IntAlu :  D=0x0000000000000000
   6500: system.cpu T0 : 0x102f2    : c_bnez a5, zero, 2054      : IntAlu : 
   7000: system.cpu T0 : 0x102f4    : c_bnez a1, zero, 2050      : IntAlu : 
   8000: system.cpu T0 : 0x102f6    : andi a3, a2, -16           : IntAlu :  D=0x0000000000000030
   8500: system.cpu T0 : 0x102fa    : c_andi a2, a2, 15          : IntAlu :  D=0x0000000000000008
   9000: system.cpu T0 : 0x102fc    : c_add a3, a3, a4           : IntAlu :  D=0x0000000000011c80
   9500: system.cpu T0 : 0x102fe    : c_sd a1, 0(a4)             : MemWrite :  D=0x0000000000000000 A=0x11c50
  10000: system.cpu T0 : 0x10300    : c_sd a1, 8(a4)             : MemWrite :  D=0x0000000000000000 A=0x11c58
  10500: system.cpu T0 : 0x10302    : c_addi a4, a4, 16          : IntAlu :  D=0x0000000000011c60
  11000: system.cpu T0 : 0x10304    : bltu a4, a3, -6            : IntAlu : 
  11500: system.cpu T0 : 0x102fe    : c_sd a1, 0(a4)             : MemWrite :  D=0x0000000000000000 A=0x11c60
  12000: system.cpu T0 : 0x10300    : c_sd a1, 8(a4)             : MemWrite :  D=0x0000000000000000 A=0x11c68
  12500: system.cpu T0 : 0x10302    : c_addi a4, a4, 16          : IntAlu :  D=0x0000000000011c70
  13000: system.cpu T0 : 0x10304    : bltu a4, a3, -6            : IntAlu : 
  13500: system.cpu T0 : 0x102fe    : c_sd a1, 0(a4)             : MemWrite :  D=0x0000000000000000 A=0x11c70
  14000: system.cpu T0 : 0x10300    : c_sd a1, 8(a4)             : MemWrite :  D=0x0000000000000000 A=0x11c78
  14500: system.cpu T0 : 0x10302    : c_addi a4, a4, 16          : IntAlu :  D=0x0000000000011c80
  15000: system.cpu T0 : 0x10304    : bltu a4, a3, -6            : IntAlu : 
  15500: system.cpu T0 : 0x10308    : c_bnez a2, zero, 4         : IntAlu : 
  16000: system.cpu T0 : 0x1030c    : sub a3, t1, a2             : IntAlu :  D=0x0000000000000007
  16500: system.cpu T0 : 0x10310    : c_slli a3, a3, 2           : IntAlu :  D=0x000000000000001c
  17500: system.cpu T0 : 0x10312    : auipc t0, 0                : IntAlu :  D=0x0000000000010312
  18000: system.cpu T0 : 0x10316    : c_add a3, a3, t0           : IntAlu :  D=0x000000000001032e
  18500: system.cpu T0 : 0x10318    : jalr zero, a3, 10          : IntAlu :  D=0x000000000001031c
  19000: system.cpu T0 : 0x10338    : sb a1, 7(a4)               : MemWrite :  D=0x0000000000000000 A=0x11c87
  19500: system.cpu T0 : 0x1033c    : sb a1, 6(a4)               : MemWrite :  D=0x0000000000000000 A=0x11c86
  20000: system.cpu T0 : 0x10340    : sb a1, 5(a4)               : MemWrite :  D=0x0000000000000000 A=0x11c85
  20500: system.cpu T0 : 0x10344    : sb a1, 4(a4)               : MemWrite :  D=0x0000000000000000 A=0x11c84
  21000: system.cpu T0 : 0x10348    : sb a1, 3(a4)               : MemWrite :  D=0x0000000000000000 A=0x11c83
  21500: system.cpu T0 : 0x1034c    : sb a1, 2(a4)               : MemWrite :  D=0x0000000000000000 A=0x11c82
  22000: system.cpu T0 : 0x10350    : sb a1, 1(a4)               : MemWrite :  D=0x0000000000000000 A=0x11c81
  22500: system.cpu T0 : 0x10354    : sb a1, 0(a4)               : MemWrite :  D=0x0000000000000000 A=0x11c80
  23000: system.cpu T0 : 0x10358    : c_jr zero, ra, 0           : IntAlu : 
  23500: system.cpu T0 : 0x100c8    : auipc a0, 0                : IntAlu :  D=0x00000000000100c8
  24000: system.cpu T0 : 0x100cc    : addi a0, a0, 372           : IntAlu :  D=0x000000000001023c
  24500: system.cpu T0 : 0x100d0    : jal ra, 320                : IntAlu :  D=0x00000000000100d4
  25000: system.cpu T0 : 0x10210    : c_mv a1, a0                : IntAlu :  D=0x000000000001023c
  25500: system.cpu T0 : 0x10212    : c_li a3, zero, 0           : IntAlu :  D=0x0000000000000000
  26000: system.cpu T0 : 0x10214    : c_li a2, zero, 0           : IntAlu :  D=0x0000000000000000
  26500: system.cpu T0 : 0x10216    : c_li a0, zero, 0           : IntAlu :  D=0x0000000000000000
  27000: system.cpu T0 : 0x10218    : jal zero, 376              : IntAlu :  D=0x000000000001021c
  27500: system.cpu T0 : 0x10390    : c_lui a5, zero, 73728      : IntAlu :  D=0x0000000000012000
  28500: system.cpu T0 : 0x10392    : ld a4, -960(a5)            : MemRead :  D=0x00000000000114f0 A=0x11c40
  29000: system.cpu T0 : 0x10396    : c_mv t1, a0                : IntAlu :  D=0x0000000000000000
  29500: system.cpu T0 : 0x10398    : ld a5, 504(a4)             : MemRead :  D=0x0000000000000000 A=0x116e8
  30000: system.cpu T0 : 0x1039c    : c_bnez a5, zero, 2062      : IntAlu : 
  31000: system.cpu T0 : 0x1039e    : addi a5, a4, 512           : IntAlu :  D=0x00000000000116f0
  32000: system.cpu T0 : 0x103a2    : sd a5, 504(a4)             : MemWrite :  D=0x00000000000116f0 A=0x116e8
  32500: system.cpu T0 : 0x103a6    : c_lw a4, 8(a5)             : MemRead :  D=0x0000000000000000 A=0x116f8
  33000: system.cpu T0 : 0x103a8    : c_li a6, zero, 31          : IntAlu :  D=0x000000000000001f
  33500: system.cpu T0 : 0x103aa    : c_li a0, zero, -1          : IntAlu :  D=0xffffffffffffffff
  34000: system.cpu T0 : 0x103ac    : blt a6, a4, 72             : IntAlu : 
  34500: system.cpu T0 : 0x103b0    : beq t1, zero, 52           : IntAlu : 
  35000: system.cpu T0 : 0x103e4    : addiw a3, a4, 1            : IntAlu :  D=0x0000000000000001
  35500: system.cpu T0 : 0x103e8    : c_addi a4, a4, 2           : IntAlu :  D=0x0000000000000002
  36000: system.cpu T0 : 0x103ea    : c_slli a4, a4, 3           : IntAlu :  D=0x0000000000000010
  36500: system.cpu T0 : 0x103ec    : c_sw a3, 8(a5)             : MemWrite :  D=0x0000000000000001 A=0x116f8
  37000: system.cpu T0 : 0x103ee    : c_add a5, a5, a4           : IntAlu :  D=0x0000000000011700
  37500: system.cpu T0 : 0x103f0    : c_sd a1, 0(a5)             : MemWrite :  D=0x000000000001023c A=0x11700
  38000: system.cpu T0 : 0x103f2    : c_li a0, zero, 0           : IntAlu :  D=0x0000000000000000
  38500: system.cpu T0 : 0x103f4    : c_jr zero, ra, 0           : IntAlu : 
  39000: system.cpu T0 : 0x100d4    : jal ra, 432                : IntAlu :  D=0x00000000000100d8
  39500: system.cpu T0 : 0x10284    : c_addi sp, sp, -32         : IntAlu :  D=0x7ffffffffffffed0
  40000: system.cpu T0 : 0x10286    : c_sdsp s0, 16(sp)          : MemWrite :  D=0x0000000000000000 A=0x7ffffffffffffee0
  40500: system.cpu T0 : 0x10288    : c_sdsp s1, 8(sp)           : MemWrite :  D=0x0000000000000000 A=0x7ffffffffffffed8
  41000: system.cpu T0 : 0x1028a    : c_lui s0, zero, 69632      : IntAlu :  D=0x0000000000011000
  41500: system.cpu T0 : 0x1028c    : c_lui s1, zero, 69632      : IntAlu :  D=0x0000000000011000
  42500: system.cpu T0 : 0x1028e    : addi a5, s1, 1244          : IntAlu :  D=0x00000000000114dc
  43500: system.cpu T0 : 0x10292    : addi s0, s0, 1244          : IntAlu :  D=0x00000000000114dc
  44000: system.cpu T0 : 0x10296    : c_sub s0, s0, a5           : IntAlu :  D=0x0000000000000000
  44500: system.cpu T0 : 0x10298    : c_sdsp s2, 0(sp)           : MemWrite :  D=0x0000000000000000 A=0x7ffffffffffffed0
  45000: system.cpu T0 : 0x1029a    : c_sdsp ra, 24(sp)          : MemWrite :  D=0x00000000000100d8 A=0x7ffffffffffffee8
  45500: system.cpu T0 : 0x1029c    : c_srai s0, s0, 3           : IntAlu :  D=0x0000000000000000
  46500: system.cpu T0 : 0x1029e    : addi s1, s1, 1244          : IntAlu :  D=0x00000000000114dc
  47000: system.cpu T0 : 0x102a2    : c_li s2, zero, 0           : IntAlu :  D=0x0000000000000000
  47500: system.cpu T0 : 0x102a4    : bne s2, s0, 46             : IntAlu : 
  48000: system.cpu T0 : 0x102a8    : c_lui s1, zero, 69632      : IntAlu :  D=0x0000000000011000
  49000: system.cpu T0 : 0x102aa    : jal ra, -452               : IntAlu :  D=0x00000000000102ae
  49500: system.cpu T0 : 0x100e6    : c_jr zero, ra, 0           : IntAlu : 
  50000: system.cpu T0 : 0x102ae    : c_lui s0, zero, 69632      : IntAlu :  D=0x0000000000011000
  50500: system.cpu T0 : 0x102b0    : addi a5, s1, 1248          : IntAlu :  D=0x00000000000114e0
  51000: system.cpu T0 : 0x102b4    : addi s0, s0, 1256          : IntAlu :  D=0x00000000000114e8
  51500: system.cpu T0 : 0x102b8    : c_sub s0, s0, a5           : IntAlu :  D=0x0000000000000008
  52000: system.cpu T0 : 0x102ba    : c_srai s0, s0, 3           : IntAlu :  D=0x0000000000000001
  52500: system.cpu T0 : 0x102bc    : addi s1, s1, 1248          : IntAlu :  D=0x00000000000114e0
  53000: system.cpu T0 : 0x102c0    : c_li s2, zero, 0           : IntAlu :  D=0x0000000000000000
  54000: system.cpu T0 : 0x102c2    : bne s2, s0, 26             : IntAlu : 
  54500: system.cpu T0 : 0x102dc    : c_ld a5, 0(s1)             : MemRead :  D=0x0000000000010172 A=0x114e0
  55000: system.cpu T0 : 0x102de    : c_addi s2, s2, 1           : IntAlu :  D=0x0000000000000001
  55500: system.cpu T0 : 0x102e0    : c_addi s1, s1, 8           : IntAlu :  D=0x00000000000114e8
  56000: system.cpu T0 : 0x102e2    : c_jalr ra, a5, 0           : IntAlu :  D=0x00000000000102e4
  57000: system.cpu T0 : 0x10172    : lui a5, 0                  : IntAlu :  D=0x0000000000000000
  58000: system.cpu T0 : 0x10176    : addi a5, a5, 0             : IntAlu :  D=0x0000000000000000
  58500: system.cpu T0 : 0x1017a    : c_beqz a5, zero, 2078      : IntAlu : 
  59000: system.cpu T0 : 0x10198    : jal zero, -140             : IntAlu :  D=0x000000000001019c
  59500: system.cpu T0 : 0x1010c    : c_lui a5, zero, 73728      : IntAlu :  D=0x0000000000012000
  60000: system.cpu T0 : 0x1010e    : c_lui a0, zero, 73728      : IntAlu :  D=0x0000000000012000
  60500: system.cpu T0 : 0x10110    : addi a1, a5, -968          : IntAlu :  D=0x0000000000011c38
  61000: system.cpu T0 : 0x10114    : addi a5, a0, -968          : IntAlu :  D=0x0000000000011c38
  61500: system.cpu T0 : 0x10118    : c_sub a1, a1, a5           : IntAlu :  D=0x0000000000000000
  62000: system.cpu T0 : 0x1011a    : c_srai a1, a1, 3           : IntAlu :  D=0x0000000000000000
  62500: system.cpu T0 : 0x1011c    : c_li a5, zero, 2           : IntAlu :  D=0x0000000000000002
  63500: system.cpu T0 : 0x1011e    : div a1, a1, a5             : IntDiv :  D=0x0000000000000000
  64000: system.cpu T0 : 0x10122    : c_beqz a1, zero, 2066      : IntAlu : 
  64500: system.cpu T0 : 0x10136    : c_jr zero, ra, 0           : IntAlu : 
  65000: system.cpu T0 : 0x102e4    : c_j zero, 45056            : IntAlu : 
  66000: system.cpu T0 : 0x102c2    : bne s2, s0, 26             : IntAlu : 
  66500: system.cpu T0 : 0x102c6    : c_ldsp ra, 24(sp)          : MemRead :  D=0x00000000000100d8 A=0x7ffffffffffffee8
  67000: system.cpu T0 : 0x102c8    : c_ldsp s0, 16(sp)          : MemRead :  D=0x0000000000000000 A=0x7ffffffffffffee0
  67500: system.cpu T0 : 0x102ca    : c_ldsp s1, 8(sp)           : MemRead :  D=0x0000000000000000 A=0x7ffffffffffffed8
  68000: system.cpu T0 : 0x102cc    : c_ldsp s2, 0(sp)           : MemRead :  D=0x0000000000000000 A=0x7ffffffffffffed0
  68500: system.cpu T0 : 0x102ce    : c_addi16sp sp, sp, 32      : IntAlu :  D=0x7ffffffffffffef0
  69000: system.cpu T0 : 0x102d0    : c_jr zero, ra, 0           : IntAlu : 
  69500: system.cpu T0 : 0x100d8    : c_lwsp a0, 0(sp)           : MemRead :  D=0x0000000000000001 A=0x7ffffffffffffef0
  70000: system.cpu T0 : 0x100da    : c_addi4spn a1, sp, 8       : IntAlu :  D=0x7ffffffffffffef8
  70500: system.cpu T0 : 0x100dc    : c_li a2, zero, 0           : IntAlu :  D=0x0000000000000000
  71500: system.cpu T0 : 0x100de    : jal ra, 230                : IntAlu :  D=0x00000000000100e2
  72000: system.cpu T0 : 0x101c4    : c_addi sp, sp, -32         : IntAlu :  D=0x7ffffffffffffed0
  72500: system.cpu T0 : 0x101c6    : c_sdsp ra, 24(sp)          : MemWrite :  D=0x00000000000100e2 A=0x7ffffffffffffee8
  73000: system.cpu T0 : 0x101c8    : c_sdsp s0, 16(sp)          : MemWrite :  D=0x0000000000000000 A=0x7ffffffffffffee0
  73500: system.cpu T0 : 0x101ca    : c_addi4spn s0, sp, 32      : IntAlu :  D=0x7ffffffffffffef0
  74000: system.cpu T0 : 0x101cc    : c_li a1, zero, 7           : IntAlu :  D=0x0000000000000007
  74500: system.cpu T0 : 0x101ce    : c_li a0, zero, 5           : IntAlu :  D=0x0000000000000005
  75000: system.cpu T0 : 0x101d0    : jal ra, -52                : IntAlu :  D=0x00000000000101d4
  75500: system.cpu T0 : 0x1019c    : c_addi sp, sp, -32         : IntAlu :  D=0x7ffffffffffffeb0
  76000: system.cpu T0 : 0x1019e    : c_sdsp s0, 24(sp)          : MemWrite :  D=0x7ffffffffffffef0 A=0x7ffffffffffffec8
  76500: system.cpu T0 : 0x101a0    : c_addi4spn s0, sp, 32      : IntAlu :  D=0x7ffffffffffffed0
  77000: system.cpu T0 : 0x101a2    : c_mv a5, a0                : IntAlu :  D=0x0000000000000005
  77500: system.cpu T0 : 0x101a4    : c_mv a4, a1                : IntAlu :  D=0x0000000000000007
  78500: system.cpu T0 : 0x101a6    : sw a5, -20(s0)             : MemWrite :  D=0x0000000000000005 A=0x7ffffffffffffebc
  79000: system.cpu T0 : 0x101aa    : c_mv a5, a4                : IntAlu :  D=0x0000000000000007
  79500: system.cpu T0 : 0x101ac    : sw a5, -24(s0)             : MemWrite :  D=0x0000000000000007 A=0x7ffffffffffffeb8
  80000: system.cpu T0 : 0x101b0    : lw a4, -20(s0)             : MemRead :  D=0x0000000000000005 A=0x7ffffffffffffebc
  80500: system.cpu T0 : 0x101b4    : lw a5, -24(s0)             : MemRead :  D=0x0000000000000007 A=0x7ffffffffffffeb8
  81000: system.cpu T0 : 0x101b8    : c_addw a5, a5, a4          : IntAlu :  D=0x000000000000000c
  81500: system.cpu T0 : 0x101ba    : c_addiw a5, a5, 0          : IntAlu :  D=0x000000000000000c
  82000: system.cpu T0 : 0x101bc    : c_mv a0, a5                : IntAlu :  D=0x000000000000000c
  82500: system.cpu T0 : 0x101be    : c_ldsp s0, 24(sp)          : MemRead :  D=0x7ffffffffffffef0 A=0x7ffffffffffffec8
  83000: system.cpu T0 : 0x101c0    : c_addi16sp sp, sp, 32      : IntAlu :  D=0x7ffffffffffffed0
  83500: system.cpu T0 : 0x101c2    : c_jr zero, ra, 0           : IntAlu : 
  84000: system.cpu T0 : 0x101d4    : c_mv a5, a0                : IntAlu :  D=0x000000000000000c
  85000: system.cpu T0 : 0x101d6    : sw a5, -20(s0)             : MemWrite :  D=0x000000000000000c A=0x7ffffffffffffedc
  86000: system.cpu T0 : 0x101da    : lw a5, -20(s0)             : MemRead :  D=0x000000000000000c A=0x7ffffffffffffedc
  87000: system.cpu T0 : 0x101de    : addiw a4, a5, 0            : IntAlu :  D=0x000000000000000c
  87500: system.cpu T0 : 0x101e2    : c_li a5, zero, 1           : IntAlu :  D=0x0000000000000001
  88000: system.cpu T0 : 0x101e4    : bne a4, a5, 12             : IntAlu : 
  88500: system.cpu T0 : 0x101f0    : lw a5, -20(s0)             : MemRead :  D=0x000000000000000c A=0x7ffffffffffffedc
  89000: system.cpu T0 : 0x101f4    : addiw a4, a5, 0            : IntAlu :  D=0x000000000000000c
  89500: system.cpu T0 : 0x101f8    : c_li a5, zero, 3           : IntAlu :  D=0x0000000000000003
  90500: system.cpu T0 : 0x101fa    : bne a4, a5, 10             : IntAlu : 
  91000: system.cpu T0 : 0x10204    : c_li a5, zero, 0           : IntAlu :  D=0x0000000000000000
  91500: system.cpu T0 : 0x10206    : c_mv a0, a5                : IntAlu :  D=0x0000000000000000
  92000: system.cpu T0 : 0x10208    : c_ldsp ra, 24(sp)          : MemRead :  D=0x00000000000100e2 A=0x7ffffffffffffee8
  92500: system.cpu T0 : 0x1020a    : c_ldsp s0, 16(sp)          : MemRead :  D=0x0000000000000000 A=0x7ffffffffffffee0
  93000: system.cpu T0 : 0x1020c    : c_addi16sp sp, sp, 32      : IntAlu :  D=0x7ffffffffffffef0
  93500: system.cpu T0 : 0x1020e    : c_jr zero, ra, 0           : IntAlu : 
  94500: system.cpu T0 : 0x100e2    : jal zero, 314              : IntAlu :  D=0x00000000000100e6
  95000: system.cpu T0 : 0x1021c    : c_addi sp, sp, -16         : IntAlu :  D=0x7ffffffffffffee0
  95500: system.cpu T0 : 0x1021e    : c_li a1, zero, 0           : IntAlu :  D=0x0000000000000000
  96000: system.cpu T0 : 0x10220    : c_sdsp s0, 0(sp)           : MemWrite :  D=0x0000000000000000 A=0x7ffffffffffffee0
  96500: system.cpu T0 : 0x10222    : c_sdsp ra, 8(sp)           : MemWrite :  D=0x00000000000100e2 A=0x7ffffffffffffee8
  97000: system.cpu T0 : 0x10224    : c_mv s0, a0                : IntAlu :  D=0x0000000000000000
  98000: system.cpu T0 : 0x10226    : jal ra, 464                : IntAlu :  D=0x000000000001022a
  98500: system.cpu T0 : 0x103f6    : c_addi16sp sp, sp, -80     : IntAlu :  D=0x7ffffffffffffe90
  99000: system.cpu T0 : 0x103f8    : c_lui a5, zero, 73728      : IntAlu :  D=0x0000000000012000
  99500: system.cpu T0 : 0x103fa    : c_sdsp s3, 40(sp)          : MemWrite :  D=0x0000000000000000 A=0x7ffffffffffffeb8
 100000: system.cpu T0 : 0x103fc    : ld s3, -960(a5)            : MemRead :  D=0x00000000000114f0 A=0x11c40
 100500: system.cpu T0 : 0x10400    : c_sdsp s4, 32(sp)          : MemWrite :  D=0x0000000000000000 A=0x7ffffffffffffeb0
 101000: system.cpu T0 : 0x10402    : c_sdsp s5, 24(sp)          : MemWrite :  D=0x0000000000000000 A=0x7ffffffffffffea8
 101500: system.cpu T0 : 0x10404    : c_sdsp s6, 16(sp)          : MemWrite :  D=0x0000000000000000 A=0x7ffffffffffffea0
 102000: system.cpu T0 : 0x10406    : c_sdsp ra, 72(sp)          : MemWrite :  D=0x000000000001022a A=0x7ffffffffffffed8
 102500: system.cpu T0 : 0x10408    : c_sdsp s0, 64(sp)          : MemWrite :  D=0x0000000000000000 A=0x7ffffffffffffed0
 103000: system.cpu T0 : 0x1040a    : c_sdsp s1, 56(sp)          : MemWrite :  D=0x0000000000000000 A=0x7ffffffffffffec8
 103500: system.cpu T0 : 0x1040c    : c_sdsp s2, 48(sp)          : MemWrite :  D=0x0000000000000000 A=0x7ffffffffffffec0
 104000: system.cpu T0 : 0x1040e    : c_sdsp s7, 8(sp)           : MemWrite :  D=0x0000000000000000 A=0x7ffffffffffffe98
 104500: system.cpu T0 : 0x10410    : c_mv s5, a0                : IntAlu :  D=0x0000000000000000
 105000: system.cpu T0 : 0x10412    : c_mv s4, a1                : IntAlu :  D=0x0000000000000000
 105500: system.cpu T0 : 0x10414    : c_li s6, zero, 1           : IntAlu :  D=0x0000000000000001
 106500: system.cpu T0 : 0x10416    : ld s0, 504(s3)             : MemRead :  D=0x00000000000116f0 A=0x116e8
 107000: system.cpu T0 : 0x1041a    : c_beqz s0, zero, 16        : IntAlu : 
 107500: system.cpu T0 : 0x1041c    : c_lw s1, 8(s0)             : MemRead :  D=0x0000000000000001 A=0x116f8
 108000: system.cpu T0 : 0x1041e    : c_addiw s1, s1, -1         : IntAlu :  D=0x0000000000000000
 108500: system.cpu T0 : 0x10420    : slli s2, s1, 3             : IntAlu :  D=0x0000000000000000
 109000: system.cpu T0 : 0x10424    : c_add s2, s2, s0           : IntAlu :  D=0x00000000000116f0
 110000: system.cpu T0 : 0x10426    : bge s1, zero, 26           : IntAlu : 
 110500: system.cpu T0 : 0x10440    : beq s4, zero, 18           : IntAlu : 
 111000: system.cpu T0 : 0x10452    : c_lw a5, 8(s0)             : MemRead :  D=0x0000000000000001 A=0x116f8
 111500: system.cpu T0 : 0x10454    : ld a3, 16(s2)              : MemRead :  D=0x000000000001023c A=0x11700
 112000: system.cpu T0 : 0x10458    : c_addiw a5, a5, -1         : IntAlu :  D=0x0000000000000000
 113000: system.cpu T0 : 0x1045a    : bne a5, s1, 44             : IntAlu : 
 113500: system.cpu T0 : 0x1045e    : c_sw s1, 8(s0)             : MemWrite :  D=0x0000000000000000 A=0x116f8
 114000: system.cpu T0 : 0x10460    : c_beqz a3, zero, 2060      : IntAlu : 
 115000: system.cpu T0 : 0x10462    : lw a4, 784(s0)             : MemRead :  D=0x0000000000000000 A=0x11a00
 116000: system.cpu T0 : 0x10466    : sllw a2, s6, s1            : IntAlu :  D=0x0000000000000001
 117000: system.cpu T0 : 0x1046a    : lw s7, 8(s0)               : MemRead :  D=0x0000000000000000 A=0x116f8
 117500: system.cpu T0 : 0x1046e    : c_and a4, a4, a2           : IntAlu :  D=0x0000000000000000
 118000: system.cpu T0 : 0x10470    : c_addiw a4, a4, 0          : IntAlu :  D=0x0000000000000000
 118500: system.cpu T0 : 0x10472    : c_bnez a4, zero, 30        : IntAlu : 
 119000: system.cpu T0 : 0x10474    : c_jalr ra, a3, 0           : IntAlu :  D=0x0000000000010476
 119500: system.cpu T0 : 0x1023c    : c_addi16sp sp, sp, -48     : IntAlu :  D=0x7ffffffffffffe60
 120000: system.cpu T0 : 0x1023e    : c_lui a5, zero, 69632      : IntAlu :  D=0x0000000000011000
 120500: system.cpu T0 : 0x10240    : c_lui a4, zero, 69632      : IntAlu :  D=0x0000000000011000
 121000: system.cpu T0 : 0x10242    : c_sdsp s0, 32(sp)          : MemWrite :  D=0x00000000000116f0 A=0x7ffffffffffffe80
 121500: system.cpu T0 : 0x10244    : addi a4, a4, 1256          : IntAlu :  D=0x00000000000114e8
 122000: system.cpu T0 : 0x10248    : addi s0, a5, 1264          : IntAlu :  D=0x00000000000114f0
 122500: system.cpu T0 : 0x1024c    : c_sub s0, s0, a4           : IntAlu :  D=0x0000000000000008
 123000: system.cpu T0 : 0x1024e    : c_sdsp s1, 24(sp)          : MemWrite :  D=0x0000000000000000 A=0x7ffffffffffffe78
 123500: system.cpu T0 : 0x10250    : c_sdsp s2, 16(sp)          : MemWrite :  D=0x00000000000116f0 A=0x7ffffffffffffe70
 124000: system.cpu T0 : 0x10252    : c_sdsp s3, 8(sp)           : MemWrite :  D=0x00000000000114f0 A=0x7ffffffffffffe68
 124500: system.cpu T0 : 0x10254    : c_sdsp ra, 40(sp)          : MemWrite :  D=0x0000000000010476 A=0x7ffffffffffffe88
 125000: system.cpu T0 : 0x10256    : c_srai s0, s0, 3           : IntAlu :  D=0x0000000000000001
 125500: system.cpu T0 : 0x10258    : c_li s1, zero, 0           : IntAlu :  D=0x0000000000000000
 126500: system.cpu T0 : 0x1025a    : addi s2, a5, 1264          : IntAlu :  D=0x00000000000114f0
 127000: system.cpu T0 : 0x1025e    : c_li s3, zero, -8          : IntAlu :  D=0xfffffffffffffff8
 127500: system.cpu T0 : 0x10260    : bne s0, s1, 20             : IntAlu : 
 128000: system.cpu T0 : 0x10274    : mul a5, s1, s3             : IntMult :  D=0x0000000000000000
 128500: system.cpu T0 : 0x10278    : c_addi s1, s1, 1           : IntAlu :  D=0x0000000000000001
 129000: system.cpu T0 : 0x1027a    : c_add a5, a5, s2           : IntAlu :  D=0x00000000000114f0
 129500: system.cpu T0 : 0x1027c    : ld a5, -8(a5)              : MemRead :  D=0x0000000000010138 A=0x114e8
 130000: system.cpu T0 : 0x10280    : c_jalr ra, a5, 0           : IntAlu :  D=0x0000000000010282
 130500: system.cpu T0 : 0x10138    : lbu a4, -2024(gp)          : MemRead :  D=0x0000000000000000 A=0x11c50
 131000: system.cpu T0 : 0x1013c    : c_bnez a4, zero, 22        : IntAlu : 
 131500: system.cpu T0 : 0x1013e    : c_addi sp, sp, -16         : IntAlu :  D=0x7ffffffffffffe50
 132000: system.cpu T0 : 0x10140    : c_sdsp s0, 0(sp)           : MemWrite :  D=0x0000000000000001 A=0x7ffffffffffffe50
 132500: system.cpu T0 : 0x10142    : c_sdsp ra, 8(sp)           : MemWrite :  D=0x0000000000010282 A=0x7ffffffffffffe58
 133000: system.cpu T0 : 0x10144    : c_mv s0, a5                : IntAlu :  D=0x0000000000010138
 134000: system.cpu T0 : 0x10146    : jal ra, -94                : IntAlu :  D=0x000000000001014a
 134500: system.cpu T0 : 0x100e8    : c_lui a0, zero, 73728      : IntAlu :  D=0x0000000000012000
 135000: system.cpu T0 : 0x100ea    : c_lui a5, zero, 73728      : IntAlu :  D=0x0000000000012000
 135500: system.cpu T0 : 0x100ec    : addi a4, a0, -968          : IntAlu :  D=0x0000000000011c38
 136000: system.cpu T0 : 0x100f0    : addi a5, a5, -968          : IntAlu :  D=0x0000000000011c38
 136500: system.cpu T0 : 0x100f4    : beq a5, a4, 22             : IntAlu : 
 137000: system.cpu T0 : 0x1010a    : c_jr zero, ra, 0           : IntAlu : 
 138000: system.cpu T0 : 0x1014a    : lui a5, 0                  : IntAlu :  D=0x0000000000000000
 139000: system.cpu T0 : 0x1014e    : addi a5, a5, 0             : IntAlu :  D=0x0000000000000000
 139500: system.cpu T0 : 0x10152    : c_beqz a5, zero, 2070      : IntAlu : 
 140000: system.cpu T0 : 0x10162    : c_li a5, zero, 1           : IntAlu :  D=0x0000000000000001
 140500: system.cpu T0 : 0x10164    : sb a5, -2024(gp)           : MemWrite :  D=0x0000000000000001 A=0x11c50
 141000: system.cpu T0 : 0x10168    : c_ldsp ra, 8(sp)           : MemRead :  D=0x0000000000010282 A=0x7ffffffffffffe58
 141500: system.cpu T0 : 0x1016a    : c_ldsp s0, 0(sp)           : MemRead :  D=0x0000000000000001 A=0x7ffffffffffffe50
 142000: system.cpu T0 : 0x1016c    : c_addi sp, sp, 16          : IntAlu :  D=0x7ffffffffffffe60
 142500: system.cpu T0 : 0x1016e    : c_jr zero, ra, 0           : IntAlu : 
 143000: system.cpu T0 : 0x10282    : c_j zero, 45056            : IntAlu : 
 143500: system.cpu T0 : 0x10260    : bne s0, s1, 20             : IntAlu : 
 144000: system.cpu T0 : 0x10264    : c_ldsp s0, 32(sp)          : MemRead :  D=0x00000000000116f0 A=0x7ffffffffffffe80
 144500: system.cpu T0 : 0x10266    : c_ldsp ra, 40(sp)          : MemRead :  D=0x0000000000010476 A=0x7ffffffffffffe88
 145000: system.cpu T0 : 0x10268    : c_ldsp s1, 24(sp)          : MemRead :  D=0x0000000000000000 A=0x7ffffffffffffe78
 145500: system.cpu T0 : 0x1026a    : c_ldsp s2, 16(sp)          : MemRead :  D=0x00000000000116f0 A=0x7ffffffffffffe70
 146000: system.cpu T0 : 0x1026c    : c_ldsp s3, 8(sp)           : MemRead :  D=0x00000000000114f0 A=0x7ffffffffffffe68
 146500: system.cpu T0 : 0x1026e    : c_addi16sp sp, sp, 48      : IntAlu :  D=0x7ffffffffffffe90
 147000: system.cpu T0 : 0x10270    : jal zero, -394             : IntAlu :  D=0x0000000000010274
 147500: system.cpu T0 : 0x100e6    : c_jr zero, ra, 0           : IntAlu : 
 148000: system.cpu T0 : 0x10476    : c_lw a4, 8(s0)             : MemRead :  D=0x0000000000000000 A=0x116f8
 148500: system.cpu T0 : 0x10478    : ld a5, 504(s3)             : MemRead :  D=0x00000000000116f0 A=0x116e8
 149000: system.cpu T0 : 0x1047c    : bne a4, s7, -102           : IntAlu : 
 149500: system.cpu T0 : 0x10480    : beq s0, a5, -52            : IntAlu : 
 150000: system.cpu T0 : 0x1044c    : c_addiw s1, s1, -1         : IntAlu :  D=0xffffffffffffffff
 150500: system.cpu T0 : 0x1044e    : c_addi s2, s2, -8          : IntAlu :  D=0x00000000000116e8
 151000: system.cpu T0 : 0x10450    : c_j zero, 45056            : IntAlu : 
 152000: system.cpu T0 : 0x10426    : bge s1, zero, 26           : IntAlu : 
 152500: system.cpu T0 : 0x1042a    : c_ldsp ra, 72(sp)          : MemRead :  D=0x000000000001022a A=0x7ffffffffffffed8
 153000: system.cpu T0 : 0x1042c    : c_ldsp s0, 64(sp)          : MemRead :  D=0x0000000000000000 A=0x7ffffffffffffed0
 153500: system.cpu T0 : 0x1042e    : c_ldsp s1, 56(sp)          : MemRead :  D=0x0000000000000000 A=0x7ffffffffffffec8
 154000: system.cpu T0 : 0x10430    : c_ldsp s2, 48(sp)          : MemRead :  D=0x0000000000000000 A=0x7ffffffffffffec0
 154500: system.cpu T0 : 0x10432    : c_ldsp s3, 40(sp)          : MemRead :  D=0x0000000000000000 A=0x7ffffffffffffeb8
 155000: system.cpu T0 : 0x10434    : c_ldsp s4, 32(sp)          : MemRead :  D=0x0000000000000000 A=0x7ffffffffffffeb0
 155500: system.cpu T0 : 0x10436    : c_ldsp s5, 24(sp)          : MemRead :  D=0x0000000000000000 A=0x7ffffffffffffea8
 156000: system.cpu T0 : 0x10438    : c_ldsp s6, 16(sp)          : MemRead :  D=0x0000000000000000 A=0x7ffffffffffffea0
 156500: system.cpu T0 : 0x1043a    : c_ldsp s7, 8(sp)           : MemRead :  D=0x0000000000000000 A=0x7ffffffffffffe98
 157000: system.cpu T0 : 0x1043c    : c_addi16sp sp, sp, 80      : IntAlu :  D=0x7ffffffffffffee0
 157500: system.cpu T0 : 0x1043e    : c_jr zero, ra, 0           : IntAlu : 
 158000: system.cpu T0 : 0x1022a    : c_lui a5, zero, 73728      : IntAlu :  D=0x0000000000012000
 158500: system.cpu T0 : 0x1022c    : ld a0, -960(a5)            : MemRead :  D=0x00000000000114f0 A=0x11c40
 159000: system.cpu T0 : 0x10230    : c_ld a5, 88(a0)            : MemRead :  D=0x0000000000000000 A=0x11548
 159500: system.cpu T0 : 0x10232    : c_beqz a5, zero, 2054      : IntAlu : 
 160000: system.cpu T0 : 0x10236    : c_mv a0, s0                : IntAlu :  D=0x0000000000000000
 160500: system.cpu T0 : 0x10238    : jal ra, 622                : IntAlu :  D=0x000000000001023c
 161000: system.cpu T0 : 0x104a6    : c_li a1, zero, 0           : IntAlu :  D=0x0000000000000000
 161500: system.cpu T0 : 0x104a8    : c_li a2, zero, 0           : IntAlu :  D=0x0000000000000000
 162000: system.cpu T0 : 0x104aa    : c_li a3, zero, 0           : IntAlu :  D=0x0000000000000000
 162500: system.cpu T0 : 0x104ac    : c_li a4, zero, 0           : IntAlu :  D=0x0000000000000000
 163000: system.cpu T0 : 0x104ae    : c_li a5, zero, 0           : IntAlu :  D=0x0000000000000000
 163500: system.cpu T0 : 0x104b0    : addi a7, zero, 93          : IntAlu :  D=0x000000000000005d
 164000: system.cpu T0 : 0x104b4    : ecall                      : No_OpClass : 
