      0: system.cpu: T0 : 0x10348    : jal ra, 46                 : IntAlu :  D=0x000000000001034c
   1000: system.cpu: T0 : 0x10376    : auipc gp, 97               : IntAlu :  D=0x0000000000071376
   2000: system.cpu: T0 : 0x1037a    : addi gp, gp, -838          : IntAlu :  D=0x0000000000071030
   2500: system.cpu: T0 : 0x1037e    : c_jr ra                    : IntAlu : 
   3000: system.cpu: T0 : 0x1034c    : c_mv a5, a0                : IntAlu :  D=0x0000000000000000
   4000: system.cpu: T0 : 0x1034e    : auipc a0, 1                : IntAlu :  D=0x000000000001134e
   5000: system.cpu: T0 : 0x10352    : addi a0, a0, -2014         : IntAlu :  D=0x0000000000010b70
   5500: system.cpu: T0 : 0x10356    : c_ldsp a1, 0(sp)           : MemRead :  D=0x0000000000000001 A=0x7fffffffffffff30
   6000: system.cpu: T0 : 0x10358    : c_addi4spn a2, sp, 8       : IntAlu :  D=0x7fffffffffffff38
   7000: system.cpu: T0 : 0x1035a    : andi sp, sp, 18446744073709551600 : IntAlu :  D=0x7fffffffffffff30
   8000: system.cpu: T0 : 0x1035e    : auipc a3, 1                : IntAlu :  D=0x000000000001135e
   9000: system.cpu: T0 : 0x10362    : addi a3, a3, -678          : IntAlu :  D=0x00000000000110b8
  10000: system.cpu: T0 : 0x10366    : auipc a4, 1                : IntAlu :  D=0x0000000000011366
  11000: system.cpu: T0 : 0x1036a    : addi a4, a4, -542          : IntAlu :  D=0x0000000000011148
  11500: system.cpu: T0 : 0x1036e    : c_mv a6, sp                : IntAlu :  D=0x7fffffffffffff30
  12000: system.cpu: T0 : 0x10370    : jal ra, 2172               : IntAlu :  D=0x0000000000010374
  12500: system.cpu: T0 : 0x10bec    : c_addi16sp sp, -320        : IntAlu :  D=0x7ffffffffffffdf0
  13000: system.cpu: T0 : 0x10bee    : c_sdsp s0, 304(sp)         : MemWrite :  D=0x0000000000000000 A=0x7fffffffffffff20
  13500: system.cpu: T0 : 0x10bf0    : c_sdsp s1, 296(sp)         : MemWrite :  D=0x0000000000000000 A=0x7fffffffffffff18
  14000: system.cpu: T0 : 0x10bf2    : c_sdsp s2, 288(sp)         : MemWrite :  D=0x0000000000000000 A=0x7fffffffffffff10
  14500: system.cpu: T0 : 0x10bf4    : c_sdsp a2, 16(sp)          : MemWrite :  D=0x7fffffffffffff38 A=0x7ffffffffffffe00
  15000: system.cpu: T0 : 0x10bf6    : c_sdsp ra, 312(sp)         : MemWrite :  D=0x0000000000010374 A=0x7fffffffffffff28
  15500: system.cpu: T0 : 0x10bf8    : addi t1, zero, 0           : IntAlu :  D=0x0000000000000000
  16000: system.cpu: T0 : 0x10bfc    : c_sdsp a0, 24(sp)          : MemWrite :  D=0x0000000000010b70 A=0x7ffffffffffffe08
  16500: system.cpu: T0 : 0x10bfe    : c_sdsp a1, 8(sp)           : MemWrite :  D=0x0000000000000001 A=0x7ffffffffffffdf8
  17000: system.cpu: T0 : 0x10c00    : c_mv s0, a3                : IntAlu :  D=0x00000000000110b8
  17500: system.cpu: T0 : 0x10c02    : c_mv s1, a4                : IntAlu :  D=0x0000000000011148
  18000: system.cpu: T0 : 0x10c04    : c_mv s2, a5                : IntAlu :  D=0x0000000000000000
  18500: system.cpu: T0 : 0x10c06    : c_li a2, 0                 : IntAlu :  D=0x0000000000000000
  19000: system.cpu: T0 : 0x10c08    : beq t1, zero, 12           : IntAlu : 
  19500: system.cpu: T0 : 0x10c14    : c_ldsp a5, 8(sp)           : MemRead :  D=0x0000000000000001 A=0x7ffffffffffffdf8
  20500: system.cpu: T0 : 0x10c16    : addi a0, a5, 1             : IntAlu :  D=0x0000000000000002
  21000: system.cpu: T0 : 0x10c1a    : c_ldsp a5, 16(sp)          : MemRead :  D=0x7fffffffffffff38 A=0x7ffffffffffffe00
  21500: system.cpu: T0 : 0x10c1c    : c_slli a0, 3               : IntAlu :  D=0x0000000000000010
  22000: system.cpu: T0 : 0x10c1e    : c_add a0, a5               : IntAlu :  D=0x7fffffffffffff48
  22500: system.cpu: T0 : 0x10c20    : sw a2, -1728(gp)           : MemWrite :  D=0x0000000000000000 A=0x70970
  23000: system.cpu: T0 : 0x10c24    : sd a0, -1360(gp)           : MemWrite :  D=0x7fffffffffffff48 A=0x70ae0
  23500: system.cpu: T0 : 0x10c28    : lui a5, 111                : IntAlu :  D=0x000000000006f000
  24000: system.cpu: T0 : 0x10c2c    : sd a6, -80(a5)             : MemWrite :  D=0x7fffffffffffff30 A=0x6efb0
  24500: system.cpu: T0 : 0x10c30    : c_ld a2, 0(a0)             : MemRead :  D=0x0000000000000000 A=0x7fffffffffffff48
  25000: system.cpu: T0 : 0x10c32    : c_addi a0, 8               : IntAlu :  D=0x7fffffffffffff50
  25500: system.cpu: T0 : 0x10c34    : c_bnez a2, -4              : IntAlu : 
  26500: system.cpu: T0 : 0x10c36    : jal ra, 72974              : IntAlu :  D=0x0000000000010c3a
  27000: system.cpu: T0 : 0x22944    : c_ld a5, 0(a0)             : MemRead :  D=0x0000000000000009 A=0x7fffffffffffff50
  28000: system.cpu: T0 : 0x22946    : lui a4, 114                : IntAlu :  D=0x0000000000072000
  29000: system.cpu: T0 : 0x2294a    : sd a0, -240(a4)            : MemWrite :  D=0x7fffffffffffff50 A=0x71f10
  30000: system.cpu: T0 : 0x2294e    : beq a5, zero, 618          : IntAlu : 
  30500: system.cpu: T0 : 0x22952    : c_addi16sp sp, -224        : IntAlu :  D=0x7ffffffffffffd10
  31000: system.cpu: T0 : 0x22954    : c_sdsp s1, 208(sp)         : MemWrite :  D=0x0000000000011148 A=0x7ffffffffffffde0
  32000: system.cpu: T0 : 0x22956    : lui s1, 114                : IntAlu :  D=0x0000000000072000
  33000: system.cpu: T0 : 0x2295a    : ld a4, -168(s1)            : MemRead :  D=0x0000000000000000 A=0x71f58
  33500: system.cpu: T0 : 0x2295e    : c_sdsp s3, 192(sp)         : MemWrite :  D=0x0000000000000000 A=0x7ffffffffffffdd0
  34000: system.cpu: T0 : 0x22960    : c_sdsp a4, 64(sp)          : MemWrite :  D=0x0000000000000000 A=0x7ffffffffffffd50
  35000: system.cpu: T0 : 0x22962    : ld a4, -1336(gp)           : MemRead :  D=0x0000000000000000 A=0x70af8
  36000: system.cpu: T0 : 0x22966    : lui a6, 111                : IntAlu :  D=0x000000000006f000
  37000: system.cpu: T0 : 0x2296a    : addi a6, a6, -128          : IntAlu :  D=0x000000000006ef80
  37500: system.cpu: T0 : 0x2296e    : c_sdsp a4, 32(sp)          : MemWrite :  D=0x0000000000000000 A=0x7ffffffffffffd30
  38000: system.cpu: T0 : 0x22970    : ld a4, 0(a6)               : MemRead :  D=0x0000000000000000 A=0x6ef80
  38500: system.cpu: T0 : 0x22974    : lui t3, 111                : IntAlu :  D=0x000000000006f000
  39000: system.cpu: T0 : 0x22978    : lui t1, 114                : IntAlu :  D=0x0000000000072000
  39500: system.cpu: T0 : 0x2297c    : c_sdsp a4, 104(sp)         : MemWrite :  D=0x0000000000000000 A=0x7ffffffffffffd78
  40500: system.cpu: T0 : 0x2297e    : lw a4, -72(t3)             : MemRead :  D=0x0000000000000001 A=0x6efb8
  41000: system.cpu: T0 : 0x22982    : c_sdsp s2, 200(sp)         : MemWrite :  D=0x0000000000000000 A=0x7ffffffffffffdd8
  41500: system.cpu: T0 : 0x22984    : c_sdsp a4, 80(sp)          : MemWrite :  D=0x0000000000000001 A=0x7ffffffffffffd60
  42500: system.cpu: T0 : 0x22986    : lw a4, -96(t1)             : MemRead :  D=0x0000000000000000 A=0x71fa0
  43000: system.cpu: T0 : 0x2298a    : c_sdsp s4, 184(sp)         : MemWrite :  D=0x0000000000000000 A=0x7ffffffffffffdc8
  43500: system.cpu: T0 : 0x2298c    : c_sdsp a4, 96(sp)          : MemWrite :  D=0x0000000000000000 A=0x7ffffffffffffd70
  44500: system.cpu: T0 : 0x2298e    : lw a4, -1344(gp)           : MemRead :  D=0x0000000000000000 A=0x70af0
  45000: system.cpu: T0 : 0x22992    : c_sdsp s0, 216(sp)         : MemWrite :  D=0x00000000000110b8 A=0x7ffffffffffffde8
  45500: system.cpu: T0 : 0x22994    : lui s0, 114                : IntAlu :  D=0x0000000000072000
  46000: system.cpu: T0 : 0x22998    : c_sdsp a4, 48(sp)          : MemWrite :  D=0x0000000000000000 A=0x7ffffffffffffd40
  47000: system.cpu: T0 : 0x2299a    : ld a4, -1328(gp)           : MemRead :  D=0x0000000000000000 A=0x70b00
  48000: system.cpu: T0 : 0x2299e    : lui t6, 114                : IntAlu :  D=0x0000000000072000
  48500: system.cpu: T0 : 0x229a2    : c_sdsp a4, 24(sp)          : MemWrite :  D=0x0000000000000000 A=0x7ffffffffffffd28
  49000: system.cpu: T0 : 0x229a4    : ld a4, -232(s0)            : MemRead :  D=0x0000000000000000 A=0x71f18
  49500: system.cpu: T0 : 0x229a8    : lui t2, 114                : IntAlu :  D=0x0000000000072000
  50000: system.cpu: T0 : 0x229ac    : lui t0, 114                : IntAlu :  D=0x0000000000072000
  50500: system.cpu: T0 : 0x229b0    : c_sdsp a4, 8(sp)           : MemWrite :  D=0x0000000000000000 A=0x7ffffffffffffd18
  51500: system.cpu: T0 : 0x229b2    : ld a4, -1784(gp)           : MemRead :  D=0x0000000000001000 A=0x70938
  52500: system.cpu: T0 : 0x229b6    : lui a3, 80                 : IntAlu :  D=0x0000000000050000
  53000: system.cpu: T0 : 0x229ba    : c_sdsp s5, 176(sp)         : MemWrite :  D=0x0000000000000000 A=0x7ffffffffffffdc0
  53500: system.cpu: T0 : 0x229bc    : c_sdsp s6, 168(sp)         : MemWrite :  D=0x0000000000000000 A=0x7ffffffffffffdb8
  54000: system.cpu: T0 : 0x229be    : c_sdsp s7, 160(sp)         : MemWrite :  D=0x0000000000000000 A=0x7ffffffffffffdb0
  54500: system.cpu: T0 : 0x229c0    : c_sdsp s8, 152(sp)         : MemWrite :  D=0x0000000000000000 A=0x7ffffffffffffda8
  55000: system.cpu: T0 : 0x229c2    : c_sdsp s10, 136(sp)        : MemWrite :  D=0x0000000000000000 A=0x7ffffffffffffd98
  55500: system.cpu: T0 : 0x229c4    : c_sdsp s11, 128(sp)        : MemWrite :  D=0x0000000000000000 A=0x7ffffffffffffd90
  56000: system.cpu: T0 : 0x229c6    : c_sdsp a4, 120(sp)         : MemWrite :  D=0x0000000000001000 A=0x7ffffffffffffd88
  56500: system.cpu: T0 : 0x229c8    : lw s7, -176(t6)            : MemRead :  D=0x0000000000000000 A=0x71f50
  57000: system.cpu: T0 : 0x229cc    : ld s11, -144(t2)           : MemRead :  D=0x0000000000000000 A=0x71f70
  57500: system.cpu: T0 : 0x229d0    : c_sdsp s9, 144(sp)         : MemWrite :  D=0x0000000000000000 A=0x7ffffffffffffda0
  58000: system.cpu: T0 : 0x229d2    : c_li s10, 0                : IntAlu :  D=0x0000000000000000
  58500: system.cpu: T0 : 0x229d4    : ld s9, -200(t0)            : MemRead :  D=0x0000000000000000 A=0x71f38
  59000: system.cpu: T0 : 0x229d8    : c_li s8, 0                 : IntAlu :  D=0x0000000000000000
  59500: system.cpu: T0 : 0x229da    : c_sdsp zero, 112(sp)       : MemWrite :  D=0x0000000000000000 A=0x7ffffffffffffd80
  60000: system.cpu: T0 : 0x229dc    : c_sdsp zero, 88(sp)        : MemWrite :  D=0x0000000000000000 A=0x7ffffffffffffd68
  60500: system.cpu: T0 : 0x229de    : c_sdsp zero, 72(sp)        : MemWrite :  D=0x0000000000000000 A=0x7ffffffffffffd58
  61000: system.cpu: T0 : 0x229e0    : c_sdsp zero, 56(sp)        : MemWrite :  D=0x0000000000000000 A=0x7ffffffffffffd48
  61500: system.cpu: T0 : 0x229e2    : c_sdsp zero, 40(sp)        : MemWrite :  D=0x0000000000000000 A=0x7ffffffffffffd38
  62000: system.cpu: T0 : 0x229e4    : c_sdsp zero, 16(sp)        : MemWrite :  D=0x0000000000000000 A=0x7ffffffffffffd20
  62500: system.cpu: T0 : 0x229e6    : c_li s6, 0                 : IntAlu :  D=0x0000000000000000
  63000: system.cpu: T0 : 0x229e8    : c_li s5, 0                 : IntAlu :  D=0x0000000000000000
  63500: system.cpu: T0 : 0x229ea    : c_li t5, 0                 : IntAlu :  D=0x0000000000000000
  64000: system.cpu: T0 : 0x229ec    : c_li a7, 0                 : IntAlu :  D=0x0000000000000000
  64500: system.cpu: T0 : 0x229ee    : c_li a1, 0                 : IntAlu :  D=0x0000000000000000
  65000: system.cpu: T0 : 0x229f0    : c_li a2, 0                 : IntAlu :  D=0x0000000000000000
  65500: system.cpu: T0 : 0x229f2    : c_li a4, 30                : IntAlu :  D=0x000000000000001e
  66000: system.cpu: T0 : 0x229f4    : addi a3, a3, 640           : IntAlu :  D=0x0000000000050280
  66500: system.cpu: T0 : 0x229f8    : c_addi a5, -3              : IntAlu :  D=0x0000000000000006
  67500: system.cpu: T0 : 0x229fa    : bltu a4, a5, 20            : IntAlu : 
  68000: system.cpu: T0 : 0x229fe    : c_slli a5, 2               : IntAlu :  D=0x0000000000000018
  68500: system.cpu: T0 : 0x22a00    : c_add a5, a3               : IntAlu :  D=0x0000000000050298
  69000: system.cpu: T0 : 0x22a02    : c_lw a5, 0(a5)             : MemRead :  D=0x0000000000022a0e A=0x50298
  69500: system.cpu: T0 : 0x22a04    : c_jr a5                    : IntAlu : 
  70000: system.cpu: T0 : 0x22a0e    : c_ld a5, 16(a0)            : MemRead :  D=0x0000000000000005 A=0x7fffffffffffff60
  70500: system.cpu: T0 : 0x22a10    : c_addi a0, 16              : IntAlu :  D=0x7fffffffffffff60
  71000: system.cpu: T0 : 0x22a12    : c_bnez a5, -26             : IntAlu : 
  71500: system.cpu: T0 : 0x229f8    : c_addi a5, -3              : IntAlu :  D=0x0000000000000002
  72500: system.cpu: T0 : 0x229fa    : bltu a4, a5, 20            : IntAlu : 
  73000: system.cpu: T0 : 0x229fe    : c_slli a5, 2               : IntAlu :  D=0x0000000000000008
  73500: system.cpu: T0 : 0x22a00    : c_add a5, a3               : IntAlu :  D=0x0000000000050288
  74000: system.cpu: T0 : 0x22a02    : c_lw a5, 0(a5)             : MemRead :  D=0x0000000000022b8c A=0x50288
  74500: system.cpu: T0 : 0x22a04    : c_jr a5                    : IntAlu : 
  75000: system.cpu: T0 : 0x22b8c    : c_ld a5, 16(a0)            : MemRead :  D=0x0000000000000004 A=0x7fffffffffffff70
  76000: system.cpu: T0 : 0x22b8e    : ld s11, 8(a0)              : MemRead :  D=0x0000000000000006 A=0x7fffffffffffff68
  76500: system.cpu: T0 : 0x22b92    : c_li s8, 1                 : IntAlu :  D=0x0000000000000001
  77000: system.cpu: T0 : 0x22b94    : c_addi a0, 16              : IntAlu :  D=0x7fffffffffffff70
  78000: system.cpu: T0 : 0x22b96    : bne a5, zero, -414         : IntAlu : 
  78500: system.cpu: T0 : 0x229f8    : c_addi a5, -3              : IntAlu :  D=0x0000000000000001
  79500: system.cpu: T0 : 0x229fa    : bltu a4, a5, 20            : IntAlu : 
  80000: system.cpu: T0 : 0x229fe    : c_slli a5, 2               : IntAlu :  D=0x0000000000000004
  80500: system.cpu: T0 : 0x22a00    : c_add a5, a3               : IntAlu :  D=0x0000000000050284
  81000: system.cpu: T0 : 0x22a02    : c_lw a5, 0(a5)             : MemRead :  D=0x0000000000022a0e A=0x50284
  81500: system.cpu: T0 : 0x22a04    : c_jr a5                    : IntAlu : 
  82000: system.cpu: T0 : 0x22a0e    : c_ld a5, 16(a0)            : MemRead :  D=0x0000000000000003 A=0x7fffffffffffff80
  82500: system.cpu: T0 : 0x22a10    : c_addi a0, 16              : IntAlu :  D=0x7fffffffffffff80
  83000: system.cpu: T0 : 0x22a12    : c_bnez a5, -26             : IntAlu : 
  83500: system.cpu: T0 : 0x229f8    : c_addi a5, -3              : IntAlu :  D=0x0000000000000000
  84500: system.cpu: T0 : 0x229fa    : bltu a4, a5, 20            : IntAlu : 
  85000: system.cpu: T0 : 0x229fe    : c_slli a5, 2               : IntAlu :  D=0x0000000000000000
  85500: system.cpu: T0 : 0x22a00    : c_add a5, a3               : IntAlu :  D=0x0000000000050280
  86000: system.cpu: T0 : 0x22a02    : c_lw a5, 0(a5)             : MemRead :  D=0x0000000000022b9c A=0x50280
  86500: system.cpu: T0 : 0x22a04    : c_jr a5                    : IntAlu : 
  87000: system.cpu: T0 : 0x22b9c    : c_ld a5, 16(a0)            : MemRead :  D=0x0000000000000006 A=0x7fffffffffffff90
  88000: system.cpu: T0 : 0x22b9e    : ld s9, 8(a0)               : MemRead :  D=0x0000000000010040 A=0x7fffffffffffff88
  88500: system.cpu: T0 : 0x22ba2    : c_li s6, 1                 : IntAlu :  D=0x0000000000000001
  89000: system.cpu: T0 : 0x22ba4    : c_addi a0, 16              : IntAlu :  D=0x7fffffffffffff90
  90000: system.cpu: T0 : 0x22ba6    : bne a5, zero, -430         : IntAlu : 
  90500: system.cpu: T0 : 0x229f8    : c_addi a5, -3              : IntAlu :  D=0x0000000000000003
  91500: system.cpu: T0 : 0x229fa    : bltu a4, a5, 20            : IntAlu : 
  92000: system.cpu: T0 : 0x229fe    : c_slli a5, 2               : IntAlu :  D=0x000000000000000c
  92500: system.cpu: T0 : 0x22a00    : c_add a5, a3               : IntAlu :  D=0x000000000005028c
  93000: system.cpu: T0 : 0x22a02    : c_lw a5, 0(a5)             : MemRead :  D=0x0000000000022a06 A=0x5028c
  93500: system.cpu: T0 : 0x22a04    : c_jr a5                    : IntAlu : 
  94000: system.cpu: T0 : 0x22a06    : c_ld a5, 8(a0)             : MemRead :  D=0x0000000000001000 A=0x7fffffffffffff98
  94500: system.cpu: T0 : 0x22a08    : c_beqz a5, 6               : IntAlu : 
  95000: system.cpu: T0 : 0x22a0a    : c_sdsp a5, 120(sp)         : MemWrite :  D=0x0000000000001000 A=0x7ffffffffffffd88
  95500: system.cpu: T0 : 0x22a0c    : c_li t5, 1                 : IntAlu :  D=0x0000000000000001
  96000: system.cpu: T0 : 0x22a0e    : c_ld a5, 16(a0)            : MemRead :  D=0x0000000000000017 A=0x7fffffffffffffa0
  96500: system.cpu: T0 : 0x22a10    : c_addi a0, 16              : IntAlu :  D=0x7fffffffffffffa0
  97000: system.cpu: T0 : 0x22a12    : c_bnez a5, -26             : IntAlu : 
  97500: system.cpu: T0 : 0x229f8    : c_addi a5, -3              : IntAlu :  D=0x0000000000000014
  98500: system.cpu: T0 : 0x229fa    : bltu a4, a5, 20            : IntAlu : 
  99000: system.cpu: T0 : 0x229fe    : c_slli a5, 2               : IntAlu :  D=0x0000000000000050
  99500: system.cpu: T0 : 0x22a00    : c_add a5, a3               : IntAlu :  D=0x00000000000502d0
 100000: system.cpu: T0 : 0x22a02    : c_lw a5, 0(a5)             : MemRead :  D=0x0000000000022ae0 A=0x502d0
 100500: system.cpu: T0 : 0x22a04    : c_jr a5                    : IntAlu : 
 101000: system.cpu: T0 : 0x22ae0    : c_lw a5, 8(a0)             : MemRead :  D=0x0000000000000000 A=0x7fffffffffffffa8
 101500: system.cpu: T0 : 0x22ae2    : c_li a2, -1                : IntAlu :  D=0xffffffffffffffff
 102000: system.cpu: T0 : 0x22ae4    : c_addi a0, 16              : IntAlu :  D=0x7fffffffffffffb0
 102500: system.cpu: T0 : 0x22ae6    : c_sdsp a5, 80(sp)          : MemWrite :  D=0x0000000000000000 A=0x7ffffffffffffd60
 103000: system.cpu: T0 : 0x22ae8    : c_li a5, 1                 : IntAlu :  D=0x0000000000000001
 103500: system.cpu: T0 : 0x22aea    : c_sdsp a5, 96(sp)          : MemWrite :  D=0x0000000000000001 A=0x7ffffffffffffd70
 104000: system.cpu: T0 : 0x22aec    : c_sdsp a5, 88(sp)          : MemWrite :  D=0x0000000000000001 A=0x7ffffffffffffd68
 104500: system.cpu: T0 : 0x22aee    : c_ld a5, 0(a0)             : MemRead :  D=0x0000000000000019 A=0x7fffffffffffffb0
 105000: system.cpu: T0 : 0x22af0    : c_bnez a5, -248            : IntAlu : 
 105500: system.cpu: T0 : 0x229f8    : c_addi a5, -3              : IntAlu :  D=0x0000000000000016
 106500: system.cpu: T0 : 0x229fa    : bltu a4, a5, 20            : IntAlu : 
 107000: system.cpu: T0 : 0x229fe    : c_slli a5, 2               : IntAlu :  D=0x0000000000000058
 107500: system.cpu: T0 : 0x22a00    : c_add a5, a3               : IntAlu :  D=0x00000000000502d8
 108000: system.cpu: T0 : 0x22a02    : c_lw a5, 0(a5)             : MemRead :  D=0x0000000000022ad0 A=0x502d8
 108500: system.cpu: T0 : 0x22a04    : c_jr a5                    : IntAlu : 
 109000: system.cpu: T0 : 0x22ad0    : c_ld a5, 8(a0)             : MemRead :  D=0x7fffffffffffffd8 A=0x7fffffffffffffb8
 109500: system.cpu: T0 : 0x22ad2    : c_addi a0, 16              : IntAlu :  D=0x7fffffffffffffc0
 110000: system.cpu: T0 : 0x22ad4    : c_sdsp a5, 104(sp)         : MemWrite :  D=0x7fffffffffffffd8 A=0x7ffffffffffffd78
 110500: system.cpu: T0 : 0x22ad6    : c_li a5, 1                 : IntAlu :  D=0x0000000000000001
 111000: system.cpu: T0 : 0x22ad8    : c_sdsp a5, 112(sp)         : MemWrite :  D=0x0000000000000001 A=0x7ffffffffffffd80
 111500: system.cpu: T0 : 0x22ada    : c_ld a5, 0(a0)             : MemRead :  D=0x0000000000000000 A=0x7fffffffffffffc0
 112000: system.cpu: T0 : 0x22adc    : c_bnez a5, -228            : IntAlu : 
 112500: system.cpu: T0 : 0x22ade    : c_j -202                   : IntAlu : 
 113000: system.cpu: T0 : 0x22a14    : bne t5, zero, 408          : IntAlu : 
 113500: system.cpu: T0 : 0x22bac    : c_ldsp a5, 120(sp)         : MemRead :  D=0x0000000000001000 A=0x7ffffffffffffd88
 114500: system.cpu: T0 : 0x22bae    : sd a5, -1784(gp)           : MemWrite :  D=0x0000000000001000 A=0x70938
 115500: system.cpu: T0 : 0x22bb2    : bne s5, zero, -406         : IntAlu : 
 116000: system.cpu: T0 : 0x22bb6    : c_j -406                   : IntAlu : 
 116500: system.cpu: T0 : 0x22a20    : beq s6, zero, 8            : IntAlu : 
 117000: system.cpu: T0 : 0x22a24    : sd s9, -200(t0)            : MemWrite :  D=0x0000000000010040 A=0x71f38
 117500: system.cpu: T0 : 0x22a28    : beq s8, zero, 8            : IntAlu : 
 118000: system.cpu: T0 : 0x22a2c    : sd s11, -144(t2)           : MemWrite :  D=0x0000000000000006 A=0x71f70
 118500: system.cpu: T0 : 0x22a30    : beq s10, zero, 10          : IntAlu : 
 119000: system.cpu: T0 : 0x22a3a    : c_ldsp a5, 16(sp)          : MemRead :  D=0x0000000000000000 A=0x7ffffffffffffd20
 119500: system.cpu: T0 : 0x22a3c    : c_beqz a5, 8               : IntAlu : 
 120000: system.cpu: T0 : 0x22a44    : c_ldsp a5, 40(sp)          : MemRead :  D=0x0000000000000000 A=0x7ffffffffffffd38
 120500: system.cpu: T0 : 0x22a46    : c_beqz a5, 8               : IntAlu : 
 121000: system.cpu: T0 : 0x22a4e    : c_ldsp a5, 56(sp)          : MemRead :  D=0x0000000000000000 A=0x7ffffffffffffd48
 121500: system.cpu: T0 : 0x22a50    : c_beqz a5, 8               : IntAlu : 
 122000: system.cpu: T0 : 0x22a58    : c_ldsp a5, 72(sp)          : MemRead :  D=0x0000000000000000 A=0x7ffffffffffffd58
 122500: system.cpu: T0 : 0x22a5a    : c_beqz a5, 8               : IntAlu : 
 123000: system.cpu: T0 : 0x22a62    : c_ldsp a5, 88(sp)          : MemRead :  D=0x0000000000000001 A=0x7ffffffffffffd68
 123500: system.cpu: T0 : 0x22a64    : c_beqz a5, 14              : IntAlu : 
 124000: system.cpu: T0 : 0x22a66    : c_ldsp a5, 80(sp)          : MemRead :  D=0x0000000000000000 A=0x7ffffffffffffd60
 124500: system.cpu: T0 : 0x22a68    : sw a5, -72(t3)             : MemWrite :  D=0x0000000000000000 A=0x6efb8
 125000: system.cpu: T0 : 0x22a6c    : c_ldsp a5, 96(sp)          : MemRead :  D=0x0000000000000001 A=0x7ffffffffffffd70
 126000: system.cpu: T0 : 0x22a6e    : sw a5, -96(t1)             : MemWrite :  D=0x0000000000000001 A=0x71fa0
 126500: system.cpu: T0 : 0x22a72    : c_ldsp a5, 112(sp)         : MemRead :  D=0x0000000000000001 A=0x7ffffffffffffd80
 127000: system.cpu: T0 : 0x22a74    : c_beqz a5, 8               : IntAlu : 
 127500: system.cpu: T0 : 0x22a76    : c_ldsp a5, 104(sp)         : MemRead :  D=0x7fffffffffffffd8 A=0x7ffffffffffffd78
 128000: system.cpu: T0 : 0x22a78    : sd a5, 0(a6)               : MemWrite :  D=0x7fffffffffffffd8 A=0x6ef80
 128500: system.cpu: T0 : 0x22a7c    : c_li a5, 15                : IntAlu :  D=0x000000000000000f
 129500: system.cpu: T0 : 0x22a7e    : bne a2, a5, 22             : IntAlu : 
 130000: system.cpu: T0 : 0x22a94    : c_ldsp s0, 216(sp)         : MemRead :  D=0x00000000000110b8 A=0x7ffffffffffffde8
 130500: system.cpu: T0 : 0x22a96    : c_ldsp s1, 208(sp)         : MemRead :  D=0x0000000000011148 A=0x7ffffffffffffde0
 131000: system.cpu: T0 : 0x22a98    : c_ldsp s2, 200(sp)         : MemRead :  D=0x0000000000000000 A=0x7ffffffffffffdd8
 131500: system.cpu: T0 : 0x22a9a    : c_ldsp s3, 192(sp)         : MemRead :  D=0x0000000000000000 A=0x7ffffffffffffdd0
 132000: system.cpu: T0 : 0x22a9c    : c_ldsp s4, 184(sp)         : MemRead :  D=0x0000000000000000 A=0x7ffffffffffffdc8
 132500: system.cpu: T0 : 0x22a9e    : c_ldsp s5, 176(sp)         : MemRead :  D=0x0000000000000000 A=0x7ffffffffffffdc0
 133000: system.cpu: T0 : 0x22aa0    : c_ldsp s6, 168(sp)         : MemRead :  D=0x0000000000000000 A=0x7ffffffffffffdb8
 133500: system.cpu: T0 : 0x22aa2    : c_ldsp s7, 160(sp)         : MemRead :  D=0x0000000000000000 A=0x7ffffffffffffdb0
 134000: system.cpu: T0 : 0x22aa4    : c_ldsp s8, 152(sp)         : MemRead :  D=0x0000000000000000 A=0x7ffffffffffffda8
 134500: system.cpu: T0 : 0x22aa6    : c_ldsp s9, 144(sp)         : MemRead :  D=0x0000000000000000 A=0x7ffffffffffffda0
 135000: system.cpu: T0 : 0x22aa8    : c_ldsp s10, 136(sp)        : MemRead :  D=0x0000000000000000 A=0x7ffffffffffffd98
 135500: system.cpu: T0 : 0x22aaa    : c_ldsp s11, 128(sp)        : MemRead :  D=0x0000000000000000 A=0x7ffffffffffffd90
 136000: system.cpu: T0 : 0x22aac    : c_addi16sp sp, 224         : IntAlu :  D=0x7ffffffffffffdf0
 136500: system.cpu: T0 : 0x22aae    : c_jr ra                    : IntAlu : 
 137500: system.cpu: T0 : 0x10c3a    : lui a5, 114                : IntAlu :  D=0x0000000000072000
 138500: system.cpu: T0 : 0x10c3e    : ld a4, -200(a5)            : MemRead :  D=0x0000000000010040 A=0x71f38
 139500: system.cpu: T0 : 0x10c42    : beq a4, zero, 320          : IntAlu : 
 140500: system.cpu: T0 : 0x10c46    : jal ra, 75480              : IntAlu :  D=0x0000000000010c4a
 141500: system.cpu: T0 : 0x2331e    : lui a5, 114                : IntAlu :  D=0x0000000000072000
 142500: system.cpu: T0 : 0x23322    : lw a5, -96(a5)             : MemRead :  D=0x0000000000000001 A=0x71fa0
 143000: system.cpu: T0 : 0x23326    : c_beqz a5, 4               : IntAlu : 
 143500: system.cpu: T0 : 0x23328    : c_jr ra                    : IntAlu : 
 144500: system.cpu: T0 : 0x10c4a    : ld a0, -1360(gp)           : MemRead :  D=0x7fffffffffffff48 A=0x70ae0
 145500: system.cpu: T0 : 0x10c4e    : jal ra, 71978              : IntAlu :  D=0x0000000000010c52
 146000: system.cpu: T0 : 0x22578    : c_addi16sp sp, -128        : IntAlu :  D=0x7ffffffffffffd70
 146500: system.cpu: T0 : 0x2257a    : c_sdsp s4, 80(sp)          : MemWrite :  D=0x0000000000000000 A=0x7ffffffffffffdc0
 147000: system.cpu: T0 : 0x2257c    : lui s4, 111                : IntAlu :  D=0x000000000006f000
 147500: system.cpu: T0 : 0x22580    : lw a5, -72(s4)             : MemRead :  D=0x0000000000000000 A=0x6efb8
 148000: system.cpu: T0 : 0x22584    : c_sdsp s7, 56(sp)          : MemWrite :  D=0x0000000000000000 A=0x7ffffffffffffda8
 148500: system.cpu: T0 : 0x22586    : c_sdsp ra, 120(sp)         : MemWrite :  D=0x0000000000010c52 A=0x7ffffffffffffde8
 149000: system.cpu: T0 : 0x22588    : c_sdsp s0, 112(sp)         : MemWrite :  D=0x00000000000110b8 A=0x7ffffffffffffde0
 149500: system.cpu: T0 : 0x2258a    : c_sdsp s1, 104(sp)         : MemWrite :  D=0x0000000000011148 A=0x7ffffffffffffdd8
 150000: system.cpu: T0 : 0x2258c    : c_sdsp s2, 96(sp)          : MemWrite :  D=0x0000000000000000 A=0x7ffffffffffffdd0
 150500: system.cpu: T0 : 0x2258e    : c_sdsp s3, 88(sp)          : MemWrite :  D=0x0000000000000000 A=0x7ffffffffffffdc8
 151000: system.cpu: T0 : 0x22590    : c_sdsp s5, 72(sp)          : MemWrite :  D=0x0000000000000000 A=0x7ffffffffffffdb8
 151500: system.cpu: T0 : 0x22592    : c_sdsp s6, 64(sp)          : MemWrite :  D=0x0000000000000000 A=0x7ffffffffffffdb0
 152000: system.cpu: T0 : 0x22594    : c_sdsp s8, 48(sp)          : MemWrite :  D=0x0000000000000000 A=0x7ffffffffffffda0
 152500: system.cpu: T0 : 0x22596    : c_sdsp s9, 40(sp)          : MemWrite :  D=0x0000000000000000 A=0x7ffffffffffffd98
 153000: system.cpu: T0 : 0x22598    : c_sdsp s10, 32(sp)         : MemWrite :  D=0x0000000000000000 A=0x7ffffffffffffd90
 153500: system.cpu: T0 : 0x2259a    : c_sdsp s11, 24(sp)         : MemWrite :  D=0x0000000000000000 A=0x7ffffffffffffd88
 154000: system.cpu: T0 : 0x2259c    : c_mv s7, a0                : IntAlu :  D=0x7fffffffffffff48
 155000: system.cpu: T0 : 0x2259e    : bne a5, zero, 750          : IntAlu : 
 156000: system.cpu: T0 : 0x225a2    : lui s0, 111                : IntAlu :  D=0x000000000006f000
 157000: system.cpu: T0 : 0x225a6    : addi s3, zero, 61          : IntAlu :  D=0x000000000000003d
 158000: system.cpu: T0 : 0x225aa    : lui s1, 80                 : IntAlu :  D=0x0000000000050000
 159000: system.cpu: T0 : 0x225ae    : addi s6, s0, -1248         : IntAlu :  D=0x000000000006eb20
 160000: system.cpu: T0 : 0x225b2    : beq s7, zero, 166          : IntAlu : 
 160500: system.cpu: T0 : 0x225b6    : c_mv a3, s7                : IntAlu :  D=0x7fffffffffffff48
 161000: system.cpu: T0 : 0x225b8    : ld s9, 0(a3)               : MemRead :  D=0x0000000000000000 A=0x7fffffffffffff48
 161500: system.cpu: T0 : 0x225bc    : c_mv s5, a3                : IntAlu :  D=0x7fffffffffffff48
 162500: system.cpu: T0 : 0x225be    : beq s9, zero, 154          : IntAlu : 
 163000: system.cpu: T0 : 0x22658    : c_ldsp ra, 120(sp)         : MemRead :  D=0x0000000000010c52 A=0x7ffffffffffffde8
 163500: system.cpu: T0 : 0x2265a    : c_ldsp s0, 112(sp)         : MemRead :  D=0x00000000000110b8 A=0x7ffffffffffffde0
 164000: system.cpu: T0 : 0x2265c    : c_ldsp s1, 104(sp)         : MemRead :  D=0x0000000000011148 A=0x7ffffffffffffdd8
 164500: system.cpu: T0 : 0x2265e    : c_ldsp s2, 96(sp)          : MemRead :  D=0x0000000000000000 A=0x7ffffffffffffdd0
 165000: system.cpu: T0 : 0x22660    : c_ldsp s3, 88(sp)          : MemRead :  D=0x0000000000000000 A=0x7ffffffffffffdc8
 165500: system.cpu: T0 : 0x22662    : c_ldsp s4, 80(sp)          : MemRead :  D=0x0000000000000000 A=0x7ffffffffffffdc0
 166000: system.cpu: T0 : 0x22664    : c_ldsp s5, 72(sp)          : MemRead :  D=0x0000000000000000 A=0x7ffffffffffffdb8
 166500: system.cpu: T0 : 0x22666    : c_ldsp s6, 64(sp)          : MemRead :  D=0x0000000000000000 A=0x7ffffffffffffdb0
 167000: system.cpu: T0 : 0x22668    : c_ldsp s7, 56(sp)          : MemRead :  D=0x0000000000000000 A=0x7ffffffffffffda8
 167500: system.cpu: T0 : 0x2266a    : c_ldsp s8, 48(sp)          : MemRead :  D=0x0000000000000000 A=0x7ffffffffffffda0
 168000: system.cpu: T0 : 0x2266c    : c_ldsp s9, 40(sp)          : MemRead :  D=0x0000000000000000 A=0x7ffffffffffffd98
 168500: system.cpu: T0 : 0x2266e    : c_ldsp s10, 32(sp)         : MemRead :  D=0x0000000000000000 A=0x7ffffffffffffd90
 169000: system.cpu: T0 : 0x22670    : c_ldsp s11, 24(sp)         : MemRead :  D=0x0000000000000000 A=0x7ffffffffffffd88
 169500: system.cpu: T0 : 0x22672    : c_addi16sp sp, 128         : IntAlu :  D=0x7ffffffffffffdf0
 170000: system.cpu: T0 : 0x22674    : c_jr ra                    : IntAlu : 
 171000: system.cpu: T0 : 0x10c52    : jal ra, 664                : IntAlu :  D=0x0000000000010c56
 171500: system.cpu: T0 : 0x10eea    : c_addi16sp sp, -128        : IntAlu :  D=0x7ffffffffffffd70
 172000: system.cpu: T0 : 0x10eec    : lui a5, 114                : IntAlu :  D=0x0000000000072000
 172500: system.cpu: T0 : 0x10ef0    : c_sdsp s0, 112(sp)         : MemWrite :  D=0x00000000000110b8 A=0x7ffffffffffffde0
 173500: system.cpu: T0 : 0x10ef2    : ld s0, -200(a5)            : MemRead :  D=0x0000000000010040 A=0x71f38
 174000: system.cpu: T0 : 0x10ef6    : c_sdsp s3, 88(sp)          : MemWrite :  D=0x0000000000000000 A=0x7ffffffffffffdc8
 174500: system.cpu: T0 : 0x10ef8    : lui a5, 112                : IntAlu :  D=0x0000000000070000
 175000: system.cpu: T0 : 0x10efc    : c_sdsp ra, 120(sp)         : MemWrite :  D=0x0000000000010c56 A=0x7ffffffffffffde8
 175500: system.cpu: T0 : 0x10efe    : c_sdsp s1, 104(sp)         : MemWrite :  D=0x0000000000011148 A=0x7ffffffffffffdd8
 176000: system.cpu: T0 : 0x10f00    : c_sdsp s2, 96(sp)          : MemWrite :  D=0x0000000000000000 A=0x7ffffffffffffdd0
 176500: system.cpu: T0 : 0x10f02    : c_sdsp s4, 80(sp)          : MemWrite :  D=0x0000000000000000 A=0x7ffffffffffffdc0
 177000: system.cpu: T0 : 0x10f04    : c_sdsp s5, 72(sp)          : MemWrite :  D=0x0000000000000000 A=0x7ffffffffffffdb8
 177500: system.cpu: T0 : 0x10f06    : c_sdsp s6, 64(sp)          : MemWrite :  D=0x0000000000000000 A=0x7ffffffffffffdb0
 178000: system.cpu: T0 : 0x10f08    : c_sdsp s7, 56(sp)          : MemWrite :  D=0x0000000000000000 A=0x7ffffffffffffda8
 178500: system.cpu: T0 : 0x10f0a    : c_sdsp s8, 48(sp)          : MemWrite :  D=0x0000000000000000 A=0x7ffffffffffffda0
 179000: system.cpu: T0 : 0x10f0c    : c_sdsp s9, 40(sp)          : MemWrite :  D=0x0000000000000000 A=0x7ffffffffffffd98
 179500: system.cpu: T0 : 0x10f0e    : c_sdsp s10, 32(sp)         : MemWrite :  D=0x0000000000000000 A=0x7ffffffffffffd90
 180000: system.cpu: T0 : 0x10f10    : c_sdsp s11, 24(sp)         : MemWrite :  D=0x0000000000000000 A=0x7ffffffffffffd88
 181000: system.cpu: T0 : 0x10f12    : ld s3, 816(a5)             : MemRead :  D=0x000000000006fe60 A=0x70330
 182000: system.cpu: T0 : 0x10f16    : beq s0, zero, 368          : IntAlu : 
 183000: system.cpu: T0 : 0x10f1a    : lui a5, 114                : IntAlu :  D=0x0000000000072000
 184000: system.cpu: T0 : 0x10f1e    : ld a5, -144(a5)            : MemRead :  D=0x0000000000000006 A=0x71f70
 185000: system.cpu: T0 : 0x10f22    : slli a4, a5, 3             : IntAlu :  D=0x0000000000000030
 185500: system.cpu: T0 : 0x10f26    : c_sub a4, a5               : IntAlu :  D=0x000000000000002a
 186000: system.cpu: T0 : 0x10f28    : c_slli a4, 3               : IntAlu :  D=0x0000000000000150
 186500: system.cpu: T0 : 0x10f2a    : c_add a4, s0               : IntAlu :  D=0x0000000000010190
 187000: system.cpu: T0 : 0x10f2c    : bgeu s0, a4, 322           : IntAlu : 
 187500: system.cpu: T0 : 0x10f30    : c_li a3, 7                 : IntAlu :  D=0x0000000000000007
 188000: system.cpu: T0 : 0x10f32    : c_j 10                     : IntAlu : 
 188500: system.cpu: T0 : 0x10f3c    : c_lw a5, 0(s0)             : MemRead :  D=0x0000000000000001 A=0x10040
 189500: system.cpu: T0 : 0x10f3e    : bne a5, a3, -10            : IntAlu : 
 190000: system.cpu: T0 : 0x10f34    : addi s0, s0, 56            : IntAlu :  D=0x0000000000010078
 190500: system.cpu: T0 : 0x10f38    : bgeu s0, a4, 310           : IntAlu : 
 191000: system.cpu: T0 : 0x10f3c    : c_lw a5, 0(s0)             : MemRead :  D=0x0000000000000001 A=0x10078
 192000: system.cpu: T0 : 0x10f3e    : bne a5, a3, -10            : IntAlu : 
 192500: system.cpu: T0 : 0x10f34    : addi s0, s0, 56            : IntAlu :  D=0x00000000000100b0
 193000: system.cpu: T0 : 0x10f38    : bgeu s0, a4, 310           : IntAlu : 
 193500: system.cpu: T0 : 0x10f3c    : c_lw a5, 0(s0)             : MemRead :  D=0x0000000000000004 A=0x100b0
 194500: system.cpu: T0 : 0x10f3e    : bne a5, a3, -10            : IntAlu : 
 195000: system.cpu: T0 : 0x10f34    : addi s0, s0, 56            : IntAlu :  D=0x00000000000100e8
 195500: system.cpu: T0 : 0x10f38    : bgeu s0, a4, 310           : IntAlu : 
 196000: system.cpu: T0 : 0x10f3c    : c_lw a5, 0(s0)             : MemRead :  D=0x0000000000000007 A=0x100e8
 197000: system.cpu: T0 : 0x10f3e    : bne a5, a3, -10            : IntAlu : 
 198000: system.cpu: T0 : 0x10f42    : ld s5, 48(s0)              : MemRead :  D=0x0000000000000008 A=0x10118
 199000: system.cpu: T0 : 0x10f46    : ld a1, 0(s3)               : MemRead :  D=0x0000000000000000 A=0x6fe60
 199500: system.cpu: T0 : 0x10f4a    : c_ld a4, 16(s0)            : MemRead :  D=0x000000000006ead0 A=0x100f8
 200000: system.cpu: T0 : 0x10f4c    : c_li a5, 16                : IntAlu :  D=0x0000000000000010
 201000: system.cpu: T0 : 0x10f4e    : ld s10, 40(s0)             : MemRead :  D=0x0000000000000060 A=0x10110
 202000: system.cpu: T0 : 0x10f52    : ld s4, 32(s0)              : MemRead :  D=0x0000000000000020 A=0x10108
 202500: system.cpu: T0 : 0x10f56    : c_mv s8, s5                : IntAlu :  D=0x0000000000000008
 203000: system.cpu: T0 : 0x10f58    : add s0, a1, a4             : IntAlu :  D=0x000000000006ead0
 203500: system.cpu: T0 : 0x10f5c    : bltu s5, a5, 260           : IntAlu : 
 204000: system.cpu: T0 : 0x11060    : c_li s8, 16                : IntAlu :  D=0x0000000000000010
 205000: system.cpu: T0 : 0x11062    : addi a4, s8, -1            : IntAlu :  D=0x000000000000000f
 205500: system.cpu: T0 : 0x11066    : c_mv s9, s5                : IntAlu :  D=0x0000000000000008
 206000: system.cpu: T0 : 0x11068    : bne s5, zero, -254         : IntAlu : 
 207000: system.cpu: T0 : 0x10f6a    : sub s11, zero, s8          : IntAlu :  D=0xfffffffffffffff0
 208000: system.cpu: T0 : 0x10f6e    : beq s5, zero, 302          : IntAlu : 
 209000: system.cpu: T0 : 0x10f72    : addi s2, s5, -1            : IntAlu :  D=0x0000000000000007
 210000: system.cpu: T0 : 0x10f76    : divu a5, s2, s9            : IntDiv :  D=0x0000000000000000
 210500: system.cpu: T0 : 0x10f7a    : c_add s2, s10              : IntAlu :  D=0x0000000000000067
 211000: system.cpu: T0 : 0x10f7c    : mul s7, a5, s9             : IntMult :  D=0x0000000000000000
 211500: system.cpu: T0 : 0x10f80    : c_mv a5, s7                : IntAlu :  D=0x0000000000000000
 212500: system.cpu: T0 : 0x10f82    : ld a0, -1968(gp)           : MemRead :  D=0x0000000000000800 A=0x70880
 213000: system.cpu: T0 : 0x10f86    : c_sdsp a5, 8(sp)           : MemWrite :  D=0x0000000000000000 A=0x7ffffffffffffd78
 213500: system.cpu: T0 : 0x10f88    : c_sdsp a4, 0(sp)           : MemWrite :  D=0x000000000000000f A=0x7ffffffffffffd70
 214500: system.cpu: T0 : 0x10f8a    : addi a0, a0, 1808          : IntAlu :  D=0x0000000000000f10
 215000: system.cpu: T0 : 0x10f8e    : c_add a0, s10              : IntAlu :  D=0x0000000000000f70
 215500: system.cpu: T0 : 0x10f90    : c_add a0, s8               : IntAlu :  D=0x0000000000000f80
 216000: system.cpu: T0 : 0x10f92    : c_add a0, s7               : IntAlu :  D=0x0000000000000f80
 216500: system.cpu: T0 : 0x10f94    : jal ra, 67216              : IntAlu :  D=0x0000000000010f98
 217000: system.cpu: T0 : 0x21624    : c_addi sp, -32             : IntAlu :  D=0x7ffffffffffffd50
 217500: system.cpu: T0 : 0x21626    : c_sdsp s2, 0(sp)           : MemWrite :  D=0x0000000000000067 A=0x7ffffffffffffd50
 218000: system.cpu: T0 : 0x21628    : c_sdsp s1, 8(sp)           : MemWrite :  D=0x0000000000011148 A=0x7ffffffffffffd58
 219000: system.cpu: T0 : 0x2162a    : ld s1, -1200(gp)           : MemRead :  D=0x0000000000000000 A=0x70b80
 219500: system.cpu: T0 : 0x2162e    : c_sdsp s0, 16(sp)          : MemWrite :  D=0x000000000006ead0 A=0x7ffffffffffffd60
 220000: system.cpu: T0 : 0x21630    : c_sdsp ra, 24(sp)          : MemWrite :  D=0x0000000000010f98 A=0x7ffffffffffffd68
 220500: system.cpu: T0 : 0x21632    : c_mv s0, a0                : IntAlu :  D=0x0000000000000f80
 221000: system.cpu: T0 : 0x21634    : c_beqz s1, 46              : IntAlu : 
 221500: system.cpu: T0 : 0x21662    : c_li a0, 0                 : IntAlu :  D=0x0000000000000000
 222000: system.cpu: T0 : 0x21664    : jal ra, 98418              : IntAlu :  D=0x0000000000021668
 222500: system.cpu: T0 : 0x396d6    : c_mv a5, a0                : IntAlu :  D=0x0000000000000000
 223000: system.cpu: T0 : 0x396d8    : addi a7, zero, 214         : IntAlu :  D=0x00000000000000d6
 223500: system.cpu: T0 : 0x396dc    : ecall                      : No_OpClass : 
 224000: system.cpu: T0 : 0x396e0    : sd a0, -1200(gp)           : MemWrite :  D=0x0000000000073000 A=0x70b80
 224500: system.cpu: T0 : 0x396e4    : bltu a0, a5, 8             : IntAlu : 
 225000: system.cpu: T0 : 0x396e8    : c_li a0, 0                 : IntAlu :  D=0x0000000000000000
 225500: system.cpu: T0 : 0x396ea    : c_jr ra                    : IntAlu : 
 226000: system.cpu: T0 : 0x21668    : blt a0, zero, -22          : IntAlu : 
 226500: system.cpu: T0 : 0x2166c    : ld s1, -1200(gp)           : MemRead :  D=0x0000000000073000 A=0x70b80
 227000: system.cpu: T0 : 0x21670    : c_j -52                    : IntAlu : 
 227500: system.cpu: T0 : 0x2163c    : c_beqz s0, 24              : IntAlu : 
 228500: system.cpu: T0 : 0x2163e    : bge zero, s0, 52           : IntAlu : 
 229500: system.cpu: T0 : 0x21642    : add a5, s0, s1             : IntAlu :  D=0x0000000000073f80
 230500: system.cpu: T0 : 0x21646    : sltu a5, a5, s1            : IntAlu :  D=0x0000000000000000
 231000: system.cpu: T0 : 0x2164a    : c_beqz a5, 50              : IntAlu : 
 231500: system.cpu: T0 : 0x2167c    : add a0, s1, s0             : IntAlu :  D=0x0000000000073f80
 232000: system.cpu: T0 : 0x21680    : jal ra, 98390              : IntAlu :  D=0x0000000000021684
 232500: system.cpu: T0 : 0x396d6    : c_mv a5, a0                : IntAlu :  D=0x0000000000073f80
 233000: system.cpu: T0 : 0x396d8    : addi a7, zero, 214         : IntAlu :  D=0x00000000000000d6
 233500: system.cpu: T0 : 0x396dc    : ecall                      : No_OpClass : 
 234000: system.cpu: T0 : 0x396e0    : sd a0, -1200(gp)           : MemWrite :  D=0x0000000000073f80 A=0x70b80
 234500: system.cpu: T0 : 0x396e4    : bltu a0, a5, 8             : IntAlu : 
 235000: system.cpu: T0 : 0x396e8    : c_li a0, 0                 : IntAlu :  D=0x0000000000000000
 235500: system.cpu: T0 : 0x396ea    : c_jr ra                    : IntAlu : 
 236000: system.cpu: T0 : 0x21684    : blt a0, zero, -50          : IntAlu : 
 236500: system.cpu: T0 : 0x21688    : c_ldsp ra, 24(sp)          : MemRead :  D=0x0000000000010f98 A=0x7ffffffffffffd68
 237000: system.cpu: T0 : 0x2168a    : c_ldsp s0, 16(sp)          : MemRead :  D=0x000000000006ead0 A=0x7ffffffffffffd60
 237500: system.cpu: T0 : 0x2168c    : c_ldsp s2, 0(sp)           : MemRead :  D=0x0000000000000067 A=0x7ffffffffffffd50
 238000: system.cpu: T0 : 0x2168e    : c_mv a0, s1                : IntAlu :  D=0x0000000000073000
 238500: system.cpu: T0 : 0x21690    : c_ldsp s1, 8(sp)           : MemRead :  D=0x0000000000011148 A=0x7ffffffffffffd58
 239000: system.cpu: T0 : 0x21692    : c_addi16sp sp, 32          : IntAlu :  D=0x7ffffffffffffd70
 239500: system.cpu: T0 : 0x21694    : c_jr ra                    : IntAlu : 
 240000: system.cpu: T0 : 0x10f98    : divu s2, s2, s9            : IntDiv :  D=0x000000000000000c
 240500: system.cpu: T0 : 0x10f9c    : c_ldsp a4, 0(sp)           : MemRead :  D=0x000000000000000f A=0x7ffffffffffffd70
 241000: system.cpu: T0 : 0x10f9e    : c_ldsp a5, 8(sp)           : MemRead :  D=0x0000000000000000 A=0x7ffffffffffffd78
 241500: system.cpu: T0 : 0x10fa0    : addi s1, a0, 1808          : IntAlu :  D=0x0000000000073710
 242000: system.cpu: T0 : 0x10fa4    : c_add s1, a4               : IntAlu :  D=0x000000000007371f
 243000: system.cpu: T0 : 0x10fa6    : and s1, s1, s11            : IntAlu :  D=0x0000000000073710
 244000: system.cpu: T0 : 0x10faa    : lui a4, 114                : IntAlu :  D=0x0000000000072000
 245000: system.cpu: T0 : 0x10fae    : addi a4, a4, -1416         : IntAlu :  D=0x0000000000071a78
 246000: system.cpu: T0 : 0x10fb2    : add a0, s1, s7             : IntAlu :  D=0x0000000000073710
 247000: system.cpu: T0 : 0x10fb6    : sd a5, 1088(s3)            : MemWrite :  D=0x0000000000000000 A=0x702a0
 248000: system.cpu: T0 : 0x10fba    : addi a5, zero, 62          : IntAlu :  D=0x000000000000003e
 248500: system.cpu: T0 : 0x10fbe    : c_mv a2, s4                : IntAlu :  D=0x0000000000000020
 249000: system.cpu: T0 : 0x10fc0    : c_sd a5, 0(a4)             : MemWrite :  D=0x000000000000003e A=0x71a78
 249500: system.cpu: T0 : 0x10fc2    : c_mv a1, s0                : IntAlu :  D=0x000000000006ead0
 250000: system.cpu: T0 : 0x10fc4    : c_sd a0, 32(a4)            : MemWrite :  D=0x0000000000073710 A=0x71a98
 251000: system.cpu: T0 : 0x10fc6    : sd zero, 40(a4)            : MemWrite :  D=0x0000000000000000 A=0x71aa0
 252000: system.cpu: T0 : 0x10fca    : jal ra, 61678              : IntAlu :  D=0x0000000000010fce
 252500: system.cpu: T0 : 0x200b8    : c_addi16sp sp, -48         : IntAlu :  D=0x7ffffffffffffd40
 253000: system.cpu: T0 : 0x200ba    : c_sdsp s0, 32(sp)          : MemWrite :  D=0x000000000006ead0 A=0x7ffffffffffffd60
 253500: system.cpu: T0 : 0x200bc    : c_sdsp s2, 16(sp)          : MemWrite :  D=0x000000000000000c A=0x7ffffffffffffd50
 254000: system.cpu: T0 : 0x200be    : c_sdsp ra, 40(sp)          : MemWrite :  D=0x0000000000010fce A=0x7ffffffffffffd68
 254500: system.cpu: T0 : 0x200c0    : c_sdsp s1, 24(sp)          : MemWrite :  D=0x0000000000073710 A=0x7ffffffffffffd58
 255000: system.cpu: T0 : 0x200c2    : c_sdsp s3, 8(sp)           : MemWrite :  D=0x000000000006fe60 A=0x7ffffffffffffd48
 255500: system.cpu: T0 : 0x200c4    : c_li a5, 15                : IntAlu :  D=0x000000000000000f
 256000: system.cpu: T0 : 0x200c6    : c_mv s2, a0                : IntAlu :  D=0x0000000000073710
 256500: system.cpu: T0 : 0x200c8    : c_mv a4, a0                : IntAlu :  D=0x0000000000073710
 257000: system.cpu: T0 : 0x200ca    : c_mv s0, a1                : IntAlu :  D=0x000000000006ead0
 257500: system.cpu: T0 : 0x200cc    : bgeu a5, a2, 72            : IntAlu : 
 258000: system.cpu: T0 : 0x200d0    : sub a0, zero, a0           : IntAlu :  D=0xfffffffffff8c8f0
 258500: system.cpu: T0 : 0x200d4    : c_andi a0, 7               : IntAlu :  D=0x0000000000000000
 259500: system.cpu: T0 : 0x200d6    : sub s1, a2, a0             : IntAlu :  D=0x0000000000000020
 260000: system.cpu: T0 : 0x200da    : c_beqz a0, 110             : IntAlu : 
 260500: system.cpu: T0 : 0x20148    : c_mv s3, s2                : IntAlu :  D=0x0000000000073710
 261000: system.cpu: T0 : 0x2014a    : c_j -84                    : IntAlu : 
 262000: system.cpu: T0 : 0x200f6    : andi a5, s0, 7             : IntAlu :  D=0x0000000000000000
 263000: system.cpu: T0 : 0x200fa    : srli a2, s1, 3             : IntAlu :  D=0x0000000000000004
 263500: system.cpu: T0 : 0x200fe    : c_mv a1, s0                : IntAlu :  D=0x000000000006ead0
 264000: system.cpu: T0 : 0x20100    : c_mv a0, s3                : IntAlu :  D=0x0000000000073710
 264500: system.cpu: T0 : 0x20102    : c_bnez a5, 64              : IntAlu : 
 265000: system.cpu: T0 : 0x20104    : jal ra, 72                 : IntAlu :  D=0x0000000000020108
 265500: system.cpu: T0 : 0x2014c    : andi a5, a2, 7             : IntAlu :  D=0x0000000000000004
 266000: system.cpu: T0 : 0x20150    : lui a4, 79                 : IntAlu :  D=0x000000000004f000
 266500: system.cpu: T0 : 0x20154    : c_slli a5, 2               : IntAlu :  D=0x0000000000000010
 267500: system.cpu: T0 : 0x20156    : addi a4, a4, 1688          : IntAlu :  D=0x000000000004f698
 268000: system.cpu: T0 : 0x2015a    : c_add a5, a4               : IntAlu :  D=0x000000000004f6a8
 268500: system.cpu: T0 : 0x2015c    : c_lw a5, 0(a5)             : MemRead :  D=0x00000000000201f6 A=0x4f6a8
 269000: system.cpu: T0 : 0x2015e    : c_jr a5                    : IntAlu : 
 270000: system.cpu: T0 : 0x201f6    : ld a6, 0(a1)               : MemRead :  D=0x0000000000070678 A=0x6ead0
 270500: system.cpu: T0 : 0x201fa    : c_mv a3, a0                : IntAlu :  D=0x0000000000073710
 271000: system.cpu: T0 : 0x201fc    : c_addi a1, -32             : IntAlu :  D=0x000000000006eab0
 272000: system.cpu: T0 : 0x201fe    : addi a5, a0, -40           : IntAlu :  D=0x00000000000736e8
 272500: system.cpu: T0 : 0x20202    : c_addi a2, 4               : IntAlu :  D=0x0000000000000008
 273000: system.cpu: T0 : 0x20204    : c_j -124                   : IntAlu : 
 273500: system.cpu: T0 : 0x20188    : c_ld a4, 40(a1)            : MemRead :  D=0x0000000000070678 A=0x6ead8
 274500: system.cpu: T0 : 0x2018a    : addi a0, a5, 48            : IntAlu :  D=0x0000000000073718
 275500: system.cpu: T0 : 0x2018e    : sd a6, 0(a3)               : MemWrite :  D=0x0000000000070678 A=0x73710
 276500: system.cpu: T0 : 0x2018e    : sd a6, 0(a3)               : MemWrite :  D=0x0000000000070678 A=0x73710
 277500: system.cpu: T0 : 0x20192    : ld a6, 48(a1)              : MemRead :  D=0x0000000000070680 A=0x6eae0
 278500: system.cpu: T0 : 0x20196    : addi a3, a5, 56            : IntAlu :  D=0x0000000000073720
 279000: system.cpu: T0 : 0x2019a    : c_sd a4, 0(a0)             : MemWrite :  D=0x0000000000070678 A=0x73718
 279500: system.cpu: T0 : 0x2019c    : c_ld a4, 56(a1)            : MemRead :  D=0x0000000000070698 A=0x6eae8
 280500: system.cpu: T0 : 0x2019e    : addi a5, a5, 64            : IntAlu :  D=0x0000000000073728
 281500: system.cpu: T0 : 0x201a2    : sd a6, 0(a3)               : MemWrite :  D=0x0000000000070680 A=0x73720
 282000: system.cpu: T0 : 0x201a6    : c_addi a2, -8              : IntAlu :  D=0x0000000000000000
 282500: system.cpu: T0 : 0x201a8    : c_mv a0, a5                : IntAlu :  D=0x0000000000073728
 283500: system.cpu: T0 : 0x201aa    : addi a1, a1, 64            : IntAlu :  D=0x000000000006eaf0
 284000: system.cpu: T0 : 0x201ae    : c_beqz a2, 24              : IntAlu : 
 284500: system.cpu: T0 : 0x201c6    : c_sd a4, 0(a0)             : MemWrite :  D=0x0000000000070698 A=0x73728
 285000: system.cpu: T0 : 0x201c8    : c_jr ra                    : IntAlu : 
 285500: system.cpu: T0 : 0x20108    : andi a4, s1, 18446744073709551608 : IntAlu :  D=0x0000000000000020
 286000: system.cpu: T0 : 0x2010c    : c_add s0, a4               : IntAlu :  D=0x000000000006eaf0
 287000: system.cpu: T0 : 0x2010e    : andi a2, s1, 7             : IntAlu :  D=0x0000000000000000
 287500: system.cpu: T0 : 0x20112    : c_add a4, s3               : IntAlu :  D=0x0000000000073730
 288000: system.cpu: T0 : 0x20114    : c_addi a4, -1              : IntAlu :  D=0x000000000007372f
 288500: system.cpu: T0 : 0x20116    : c_mv a5, s0                : IntAlu :  D=0x000000000006eaf0
 289000: system.cpu: T0 : 0x20118    : add a1, a2, s0             : IntAlu :  D=0x000000000006eaf0
 289500: system.cpu: T0 : 0x2011c    : c_sub a4, s0               : IntAlu :  D=0x0000000000004c3f
 290000: system.cpu: T0 : 0x2011e    : c_beqz a2, 20              : IntAlu : 
 290500: system.cpu: T0 : 0x20132    : c_ldsp ra, 40(sp)          : MemRead :  D=0x0000000000010fce A=0x7ffffffffffffd68
 291000: system.cpu: T0 : 0x20134    : c_ldsp s0, 32(sp)          : MemRead :  D=0x000000000006ead0 A=0x7ffffffffffffd60
 291500: system.cpu: T0 : 0x20136    : c_ldsp s1, 24(sp)          : MemRead :  D=0x0000000000073710 A=0x7ffffffffffffd58
 292000: system.cpu: T0 : 0x20138    : c_ldsp s3, 8(sp)           : MemRead :  D=0x000000000006fe60 A=0x7ffffffffffffd48
 292500: system.cpu: T0 : 0x2013a    : c_mv a0, s2                : IntAlu :  D=0x0000000000073710
 293000: system.cpu: T0 : 0x2013c    : c_ldsp s2, 16(sp)          : MemRead :  D=0x000000000000000c A=0x7ffffffffffffd50
 293500: system.cpu: T0 : 0x2013e    : c_addi16sp sp, 48          : IntAlu :  D=0x7ffffffffffffd70
 294000: system.cpu: T0 : 0x20140    : c_jr ra                    : IntAlu : 
 295000: system.cpu: T0 : 0x10fce    : lui a5, 114                : IntAlu :  D=0x0000000000072000
 296000: system.cpu: T0 : 0x10fd2    : addi a5, a5, -1400         : IntAlu :  D=0x0000000000071a88
 297000: system.cpu: T0 : 0x10fd6    : ld a4, -1968(gp)           : MemRead :  D=0x0000000000000800 A=0x70880
 298000: system.cpu: T0 : 0x10fda    : addi a3, gp, -960          : IntAlu :  D=0x0000000000070c70
 299000: system.cpu: T0 : 0x10fde    : sd a5, -16(s1)             : MemWrite :  D=0x0000000000071a88 A=0x73700
 300000: system.cpu: T0 : 0x10fe2    : addi a2, zero, 64          : IntAlu :  D=0x0000000000000040
 300500: system.cpu: T0 : 0x10fe6    : c_li a5, 1                 : IntAlu :  D=0x0000000000000001
 301000: system.cpu: T0 : 0x10fe8    : c_sd a2, 0(a3)             : MemWrite :  D=0x0000000000000040 A=0x70c70
 302000: system.cpu: T0 : 0x10fea    : lui a2, 114                : IntAlu :  D=0x0000000000072000
 303000: system.cpu: T0 : 0x10fee    : sd a5, -1424(a2)           : MemWrite :  D=0x0000000000000001 A=0x71a70
 304000: system.cpu: T0 : 0x10ff2    : lui a2, 114                : IntAlu :  D=0x0000000000072000
 305000: system.cpu: T0 : 0x10ff6    : sd s3, 40(a3)              : MemWrite :  D=0x000000000006fe60 A=0x70c98
 306000: system.cpu: T0 : 0x10ffa    : sd a3, -392(a2)            : MemWrite :  D=0x0000000000070c70 A=0x71e78
 307000: system.cpu: T0 : 0x10ffe    : lui a3, 114                : IntAlu :  D=0x0000000000072000
 308000: system.cpu: T0 : 0x11002    : sd s8, -1432(a3)           : MemWrite :  D=0x0000000000000010 A=0x71a68
 309000: system.cpu: T0 : 0x11006    : lui a3, 114                : IntAlu :  D=0x0000000000072000
 310000: system.cpu: T0 : 0x1100a    : sd a5, 1096(s3)            : MemWrite :  D=0x0000000000000001 A=0x702a8
 311000: system.cpu: T0 : 0x1100e    : sd a5, -368(a3)            : MemWrite :  D=0x0000000000000001 A=0x71e90
 311500: system.cpu: T0 : 0x11012    : c_addi a4, 15              : IntAlu :  D=0x000000000000080f
 312000: system.cpu: T0 : 0x11014    : sd s0, 1048(s3)            : MemWrite :  D=0x000000000006ead0 A=0x70278
 312500: system.cpu: T0 : 0x11018    : c_ldsp ra, 120(sp)         : MemRead :  D=0x0000000000010c56 A=0x7ffffffffffffde8
 313000: system.cpu: T0 : 0x1101a    : c_ldsp s0, 112(sp)         : MemRead :  D=0x00000000000110b8 A=0x7ffffffffffffde0
 313500: system.cpu: T0 : 0x1101c    : sd s5, 1072(s3)            : MemWrite :  D=0x0000000000000008 A=0x70290
 314000: system.cpu: T0 : 0x11020    : sd s10, 1064(s3)           : MemWrite :  D=0x0000000000000060 A=0x70288
 314500: system.cpu: T0 : 0x11024    : sd s4, 1056(s3)            : MemWrite :  D=0x0000000000000020 A=0x70280
 315000: system.cpu: T0 : 0x11028    : c_ldsp s5, 72(sp)          : MemRead :  D=0x0000000000000000 A=0x7ffffffffffffdb8
 315500: system.cpu: T0 : 0x1102a    : c_ldsp s3, 88(sp)          : MemRead :  D=0x0000000000000000 A=0x7ffffffffffffdc8
 316000: system.cpu: T0 : 0x1102c    : c_ldsp s4, 80(sp)          : MemRead :  D=0x0000000000000000 A=0x7ffffffffffffdc0
 316500: system.cpu: T0 : 0x1102e    : c_ldsp s8, 48(sp)          : MemRead :  D=0x0000000000000000 A=0x7ffffffffffffda0
 317000: system.cpu: T0 : 0x11030    : c_ldsp s10, 32(sp)         : MemRead :  D=0x0000000000000000 A=0x7ffffffffffffd90
 317500: system.cpu: T0 : 0x11032    : c_ldsp s11, 24(sp)         : MemRead :  D=0x0000000000000000 A=0x7ffffffffffffd88
 318000: system.cpu: T0 : 0x11034    : c_mv tp, s1                : IntAlu :  D=0x0000000000073710
 318500: system.cpu: T0 : 0x11036    : c_ldsp s1, 104(sp)         : MemRead :  D=0x0000000000011148 A=0x7ffffffffffffdd8
 319000: system.cpu: T0 : 0x11038    : mul s2, s2, s9             : IntMult :  D=0x0000000000000060
 319500: system.cpu: T0 : 0x1103c    : c_ldsp s9, 40(sp)          : MemRead :  D=0x0000000000000000 A=0x7ffffffffffffd98
 320500: system.cpu: T0 : 0x1103e    : add a5, s2, s7             : IntAlu :  D=0x0000000000000060
 321000: system.cpu: T0 : 0x11042    : c_add a4, a5               : IntAlu :  D=0x000000000000086f
 321500: system.cpu: T0 : 0x11044    : c_andi a4, 18446744073709551600 : IntAlu :  D=0x0000000000000860
 322500: system.cpu: T0 : 0x11046    : sd a4, -1968(gp)           : MemWrite :  D=0x0000000000000860 A=0x70880
 323500: system.cpu: T0 : 0x1104a    : lui a4, 114                : IntAlu :  D=0x0000000000072000
 324500: system.cpu: T0 : 0x1104e    : sd a5, -1440(a4)           : MemWrite :  D=0x0000000000000060 A=0x71a60
 325000: system.cpu: T0 : 0x11052    : c_ldsp s2, 96(sp)          : MemRead :  D=0x0000000000000000 A=0x7ffffffffffffdd0
 325500: system.cpu: T0 : 0x11054    : c_ldsp s6, 64(sp)          : MemRead :  D=0x0000000000000000 A=0x7ffffffffffffdb0
 326000: system.cpu: T0 : 0x11056    : c_ldsp s7, 56(sp)          : MemRead :  D=0x0000000000000000 A=0x7ffffffffffffda8
 326500: system.cpu: T0 : 0x11058    : c_addi16sp sp, 128         : IntAlu :  D=0x7ffffffffffffdf0
 327000: system.cpu: T0 : 0x1105a    : c_jr ra                    : IntAlu : 
 328000: system.cpu: T0 : 0x10c56    : lui a5, 111                : IntAlu :  D=0x000000000006f000
 329000: system.cpu: T0 : 0x10c5a    : ld a5, -128(a5)            : MemRead :  D=0x7fffffffffffffd8 A=0x6ef80
 330000: system.cpu: T0 : 0x10c5e    : lw a7, -1728(gp)           : MemRead :  D=0x0000000000000000 A=0x70970
 331000: system.cpu: T0 : 0x10c62    : lbu a6, 1(a5)              : MemRead :  D=0x000000000000002e A=0x7fffffffffffffd9
 332000: system.cpu: T0 : 0x10c66    : lbu a4, 0(a5)              : MemRead :  D=0x0000000000000000 A=0x7fffffffffffffd8
 333000: system.cpu: T0 : 0x10c6a    : lbu a0, 2(a5)              : MemRead :  D=0x000000000000002e A=0x7fffffffffffffda
 334000: system.cpu: T0 : 0x10c6e    : lbu a1, 3(a5)              : MemRead :  D=0x000000000000002f A=0x7fffffffffffffdb
 335000: system.cpu: T0 : 0x10c72    : lbu a2, 4(a5)              : MemRead :  D=0x0000000000000044 A=0x7fffffffffffffdc
 335500: system.cpu: T0 : 0x10c76    : c_slli a6, 8               : IntAlu :  D=0x0000000000002e00
 336000: system.cpu: T0 : 0x10c78    : lbu a3, 5(a5)              : MemRead :  D=0x000000000000006f A=0x7fffffffffffffdd
 336500: system.cpu: T0 : 0x10c7c    : or a6, a6, a4              : IntAlu :  D=0x0000000000002e00
 337000: system.cpu: T0 : 0x10c80    : c_slli a0, 16              : IntAlu :  D=0x00000000002e0000
 338000: system.cpu: T0 : 0x10c82    : lbu a4, 6(a5)              : MemRead :  D=0x0000000000000077 A=0x7fffffffffffffde
 339000: system.cpu: T0 : 0x10c86    : or a0, a0, a6              : IntAlu :  D=0x00000000002e2e00
 339500: system.cpu: T0 : 0x10c8a    : c_slli a1, 24              : IntAlu :  D=0x000000002f000000
 340000: system.cpu: T0 : 0x10c8c    : lbu a5, 7(a5)              : MemRead :  D=0x000000000000006e A=0x7fffffffffffffdf
 340500: system.cpu: T0 : 0x10c90    : c_or a1, a0                : IntAlu :  D=0x000000002f2e2e00
 341000: system.cpu: T0 : 0x10c92    : c_slli a2, 32              : IntAlu :  D=0x0000004400000000
 341500: system.cpu: T0 : 0x10c94    : c_or a2, a1                : IntAlu :  D=0x000000442f2e2e00
 342000: system.cpu: T0 : 0x10c96    : c_slli a3, 40              : IntAlu :  D=0x00006f0000000000
 342500: system.cpu: T0 : 0x10c98    : c_or a3, a2                : IntAlu :  D=0x00006f442f2e2e00
 343000: system.cpu: T0 : 0x10c9a    : c_slli a4, 48              : IntAlu :  D=0x0077000000000000
 343500: system.cpu: T0 : 0x10c9c    : c_or a4, a3                : IntAlu :  D=0x00776f442f2e2e00
 344000: system.cpu: T0 : 0x10c9e    : c_slli a5, 56              : IntAlu :  D=0x6e00000000000000
 344500: system.cpu: T0 : 0x10ca0    : c_or a5, a4                : IntAlu :  D=0x6e776f442f2e2e00
 345500: system.cpu: T0 : 0x10ca2    : andi a5, a5, 18446744073709551360 : IntAlu :  D=0x6e776f442f2e2e00
 346500: system.cpu: T0 : 0x10ca6    : lui a4, 111                : IntAlu :  D=0x000000000006f000
 347500: system.cpu: T0 : 0x10caa    : sd a5, -1264(a4)           : MemWrite :  D=0x6e776f442f2e2e00 A=0x6eb10
 348500: system.cpu: T0 : 0x10cae    : beq a7, zero, 286          : IntAlu : 
 349000: system.cpu: T0 : 0x10dcc    : jal ra, 75218              : IntAlu :  D=0x0000000000010dd0
 349500: system.cpu: T0 : 0x2339e    : c_addi16sp sp, -496        : IntAlu :  D=0x7ffffffffffffc00
 350000: system.cpu: T0 : 0x233a0    : c_addi4spn a0, sp, 72      : IntAlu :  D=0x7ffffffffffffc48
 350500: system.cpu: T0 : 0x233a2    : c_sdsp ra, 488(sp)         : MemWrite :  D=0x0000000000010dd0 A=0x7ffffffffffffde8
 351000: system.cpu: T0 : 0x233a4    : c_sdsp s0, 480(sp)         : MemWrite :  D=0x00000000000110b8 A=0x7ffffffffffffde0
 351500: system.cpu: T0 : 0x233a6    : c_sdsp s1, 472(sp)         : MemWrite :  D=0x0000000000011148 A=0x7ffffffffffffdd8
 352000: system.cpu: T0 : 0x233a8    : jal ra, 90520              : IntAlu :  D=0x00000000000233ac
 352500: system.cpu: T0 : 0x39540    : addi a7, zero, 160         : IntAlu :  D=0x00000000000000a0
 353000: system.cpu: T0 : 0x39544    : ecall                      : No_OpClass : 
 353500: system.cpu: T0 : 0x39548    : c_lui a7, 1048575          : IntAlu :  D=0xfffffffffffff000
 354500: system.cpu: T0 : 0x3954a    : bltu a7, a0, 6             : IntAlu : 
 355000: system.cpu: T0 : 0x3954e    : c_jr ra                    : IntAlu : 
 355500: system.cpu: T0 : 0x233ac    : addi a3, sp, 202           : IntAlu :  D=0x7ffffffffffffcca
 356000: system.cpu: T0 : 0x233b0    : c_bnez a0, 140             : IntAlu : 
 356500: system.cpu: T0 : 0x233b2    : c_li t1, 0                 : IntAlu :  D=0x0000000000000000
 357000: system.cpu: T0 : 0x233b4    : c_li a0, 0                 : IntAlu :  D=0x0000000000000000
 357500: system.cpu: T0 : 0x233b6    : c_li a7, 9                 : IntAlu :  D=0x0000000000000009
 358000: system.cpu: T0 : 0x233b8    : addi t3, zero, 46          : IntAlu :  D=0x000000000000002e
 358500: system.cpu: T0 : 0x233bc    : c_li t4, 3                 : IntAlu :  D=0x0000000000000003
 359500: system.cpu: T0 : 0x233be    : lbu a5, 0(a3)              : MemRead :  D=0x0000000000000035 A=0x7ffffffffffffcca
 360500: system.cpu: T0 : 0x233c2    : addiw a5, a5, -48          : IntAlu :  D=0x0000000000000005
 361500: system.cpu: T0 : 0x233c6    : andi a4, a5, 255           : IntAlu :  D=0x0000000000000005
 362500: system.cpu: T0 : 0x233ca    : bltu a7, a4, 98            : IntAlu : 
 363500: system.cpu: T0 : 0x233ce    : lbu a1, 1(a3)              : MemRead :  D=0x000000000000002e A=0x7ffffffffffffccb
 364500: system.cpu: T0 : 0x233d2    : addiw a4, a5, 0            : IntAlu :  D=0x0000000000000005
 365000: system.cpu: T0 : 0x233d6    : c_addi a3, 1               : IntAlu :  D=0x7ffffffffffffccb
 365500: system.cpu: T0 : 0x233d8    : addiw a2, a1, -48          : IntAlu :  D=0xfffffffffffffffe
 366000: system.cpu: T0 : 0x233dc    : andi a5, a2, 255           : IntAlu :  D=0x00000000000000fe
 366500: system.cpu: T0 : 0x233e0    : bltu a7, a5, 36            : IntAlu : 
 367000: system.cpu: T0 : 0x23404    : slliw a5, a0, 8            : IntAlu :  D=0x0000000000000000
 367500: system.cpu: T0 : 0x23408    : c_or a5, a4                : IntAlu :  D=0x0000000000000005
 368000: system.cpu: T0 : 0x2340a    : c_addiw t1, 1              : IntAlu :  D=0x0000000000000001
 368500: system.cpu: T0 : 0x2340c    : addiw a0, a5, 0            : IntAlu :  D=0x0000000000000005
 369000: system.cpu: T0 : 0x23410    : c_addi a3, 1               : IntAlu :  D=0x7ffffffffffffccc
 370000: system.cpu: T0 : 0x23412    : bne a1, t3, 20             : IntAlu : 
 371000: system.cpu: T0 : 0x23416    : bne t1, t4, -88            : IntAlu : 
 372000: system.cpu: T0 : 0x233be    : lbu a5, 0(a3)              : MemRead :  D=0x0000000000000031 A=0x7ffffffffffffccc
 373000: system.cpu: T0 : 0x233c2    : addiw a5, a5, -48          : IntAlu :  D=0x0000000000000001
 374000: system.cpu: T0 : 0x233c6    : andi a4, a5, 255           : IntAlu :  D=0x0000000000000001
 375000: system.cpu: T0 : 0x233ca    : bltu a7, a4, 98            : IntAlu : 
 376000: system.cpu: T0 : 0x233ce    : lbu a1, 1(a3)              : MemRead :  D=0x000000000000002e A=0x7ffffffffffffccd
 377000: system.cpu: T0 : 0x233d2    : addiw a4, a5, 0            : IntAlu :  D=0x0000000000000001
 377500: system.cpu: T0 : 0x233d6    : c_addi a3, 1               : IntAlu :  D=0x7ffffffffffffccd
 378000: system.cpu: T0 : 0x233d8    : addiw a2, a1, -48          : IntAlu :  D=0xfffffffffffffffe
 378500: system.cpu: T0 : 0x233dc    : andi a5, a2, 255           : IntAlu :  D=0x00000000000000fe
 379000: system.cpu: T0 : 0x233e0    : bltu a7, a5, 36            : IntAlu : 
 379500: system.cpu: T0 : 0x23404    : slliw a5, a0, 8            : IntAlu :  D=0x0000000000000500
 380000: system.cpu: T0 : 0x23408    : c_or a5, a4                : IntAlu :  D=0x0000000000000501
 380500: system.cpu: T0 : 0x2340a    : c_addiw t1, 1              : IntAlu :  D=0x0000000000000002
 381000: system.cpu: T0 : 0x2340c    : addiw a0, a5, 0            : IntAlu :  D=0x0000000000000501
 381500: system.cpu: T0 : 0x23410    : c_addi a3, 1               : IntAlu :  D=0x7ffffffffffffcce
 382500: system.cpu: T0 : 0x23412    : bne a1, t3, 20             : IntAlu : 
 383500: system.cpu: T0 : 0x23416    : bne t1, t4, -88            : IntAlu : 
 384500: system.cpu: T0 : 0x233be    : lbu a5, 0(a3)              : MemRead :  D=0x0000000000000030 A=0x7ffffffffffffcce
 385500: system.cpu: T0 : 0x233c2    : addiw a5, a5, -48          : IntAlu :  D=0x0000000000000000
 386500: system.cpu: T0 : 0x233c6    : andi a4, a5, 255           : IntAlu :  D=0x0000000000000000
 387500: system.cpu: T0 : 0x233ca    : bltu a7, a4, 98            : IntAlu : 
 388500: system.cpu: T0 : 0x233ce    : lbu a1, 1(a3)              : MemRead :  D=0x0000000000000000 A=0x7ffffffffffffccf
 389500: system.cpu: T0 : 0x233d2    : addiw a4, a5, 0            : IntAlu :  D=0x0000000000000000
 390000: system.cpu: T0 : 0x233d6    : c_addi a3, 1               : IntAlu :  D=0x7ffffffffffffccf
 390500: system.cpu: T0 : 0x233d8    : addiw a2, a1, -48          : IntAlu :  D=0xffffffffffffffd0
 391000: system.cpu: T0 : 0x233dc    : andi a5, a2, 255           : IntAlu :  D=0x00000000000000d0
 391500: system.cpu: T0 : 0x233e0    : bltu a7, a5, 36            : IntAlu : 
 392000: system.cpu: T0 : 0x23404    : slliw a5, a0, 8            : IntAlu :  D=0x0000000000050100
 392500: system.cpu: T0 : 0x23408    : c_or a5, a4                : IntAlu :  D=0x0000000000050100
 393000: system.cpu: T0 : 0x2340a    : c_addiw t1, 1              : IntAlu :  D=0x0000000000000003
 393500: system.cpu: T0 : 0x2340c    : addiw a0, a5, 0            : IntAlu :  D=0x0000000000050100
 394000: system.cpu: T0 : 0x23410    : c_addi a3, 1               : IntAlu :  D=0x7ffffffffffffcd0
 395000: system.cpu: T0 : 0x23412    : bne a1, t3, 20             : IntAlu : 
 395500: system.cpu: T0 : 0x23426    : c_li a5, 3                 : IntAlu :  D=0x0000000000000003
 396000: system.cpu: T0 : 0x23428    : beq t1, a5, -14            : IntAlu : 
 396500: system.cpu: T0 : 0x2341a    : c_addiw a0, 0              : IntAlu :  D=0x0000000000050100
 397000: system.cpu: T0 : 0x2341c    : c_ldsp ra, 488(sp)         : MemRead :  D=0x0000000000010dd0 A=0x7ffffffffffffde8
 397500: system.cpu: T0 : 0x2341e    : c_ldsp s0, 480(sp)         : MemRead :  D=0x00000000000110b8 A=0x7ffffffffffffde0
 398000: system.cpu: T0 : 0x23420    : c_ldsp s1, 472(sp)         : MemRead :  D=0x0000000000011148 A=0x7ffffffffffffdd8
 398500: system.cpu: T0 : 0x23422    : c_addi16sp sp, 496         : IntAlu :  D=0x7ffffffffffffdf0
 399000: system.cpu: T0 : 0x23424    : c_jr ra                    : IntAlu : 
 399500: system.cpu: T0 : 0x10dd0    : c_mv a5, a0                : IntAlu :  D=0x0000000000050100
 400500: system.cpu: T0 : 0x10dd2    : blt a0, zero, 104          : IntAlu : 
 401500: system.cpu: T0 : 0x10dd6    : lui a4, 114                : IntAlu :  D=0x0000000000072000
 402500: system.cpu: T0 : 0x10dda    : lw a3, -112(a4)            : MemRead :  D=0x0000000000000000 A=0x71f90
 403500: system.cpu: T0 : 0x10dde    : addiw a4, a0, 0            : IntAlu :  D=0x0000000000050100
 404000: system.cpu: T0 : 0x10de2    : c_bnez a3, 82              : IntAlu : 
 404500: system.cpu: T0 : 0x10de4    : lui a3, 114                : IntAlu :  D=0x0000000000072000
 405000: system.cpu: T0 : 0x10de8    : sw a4, -112(a3)            : MemWrite :  D=0x0000000000050100 A=0x71f90
 405500: system.cpu: T0 : 0x10dec    : lui a4, 65                 : IntAlu :  D=0x0000000000041000
 406000: system.cpu: T0 : 0x10df0    : addi a4, a4, -257          : IntAlu :  D=0x0000000000040eff
 406500: system.cpu: T0 : 0x10df4    : blt a4, a5, -322           : IntAlu : 
 407500: system.cpu: T0 : 0x10cb2    : addi a5, zero, 0           : IntAlu :  D=0x0000000000000000
 408000: system.cpu: T0 : 0x10cb6    : c_beqz a5, 10              : IntAlu : 
 408500: system.cpu: T0 : 0x10cc0    : lui a5, 111                : IntAlu :  D=0x000000000006f000
 409000: system.cpu: T0 : 0x10cc4    : ld a5, -128(a5)            : MemRead :  D=0x7fffffffffffffd8 A=0x6ef80
 409500: system.cpu: T0 : 0x10cc8    : lbu a4, 14(a5)             : MemRead :  D=0x000000000000006a A=0x7fffffffffffffe6
 410000: system.cpu: T0 : 0x10ccc    : lbu a7, 8(a5)              : MemRead :  D=0x000000000000006c A=0x7fffffffffffffe0
 410500: system.cpu: T0 : 0x10cd0    : lbu a6, 9(a5)              : MemRead :  D=0x000000000000006f A=0x7fffffffffffffe1
 411000: system.cpu: T0 : 0x10cd4    : lbu a0, 10(a5)             : MemRead :  D=0x0000000000000061 A=0x7fffffffffffffe2
 411500: system.cpu: T0 : 0x10cd8    : lbu a1, 11(a5)             : MemRead :  D=0x0000000000000064 A=0x7fffffffffffffe3
 412000: system.cpu: T0 : 0x10cdc    : lbu a2, 12(a5)             : MemRead :  D=0x0000000000000073 A=0x7fffffffffffffe4
 412500: system.cpu: T0 : 0x10ce0    : lbu a3, 13(a5)             : MemRead :  D=0x000000000000002f A=0x7fffffffffffffe5
 413000: system.cpu: T0 : 0x10ce4    : lbu a5, 15(a5)             : MemRead :  D=0x0000000000000066 A=0x7fffffffffffffe7
 413500: system.cpu: T0 : 0x10ce8    : sb a7, 40(sp)              : MemWrite :  D=0x000000000000006c A=0x7ffffffffffffe18
 414000: system.cpu: T0 : 0x10cec    : sb a6, 41(sp)              : MemWrite :  D=0x000000000000006f A=0x7ffffffffffffe19
 414500: system.cpu: T0 : 0x10cf0    : sb a5, 47(sp)              : MemWrite :  D=0x0000000000000066 A=0x7ffffffffffffe1f
 415000: system.cpu: T0 : 0x10cf4    : sb a0, 42(sp)              : MemWrite :  D=0x0000000000000061 A=0x7ffffffffffffe1a
 415500: system.cpu: T0 : 0x10cf8    : sb a1, 43(sp)              : MemWrite :  D=0x0000000000000064 A=0x7ffffffffffffe1b
 416000: system.cpu: T0 : 0x10cfc    : sb a2, 44(sp)              : MemWrite :  D=0x0000000000000073 A=0x7ffffffffffffe1c
 416500: system.cpu: T0 : 0x10d00    : sb a3, 45(sp)              : MemWrite :  D=0x000000000000002f A=0x7ffffffffffffe1d
 417000: system.cpu: T0 : 0x10d04    : sb a4, 46(sp)              : MemWrite :  D=0x000000000000006a A=0x7ffffffffffffe1e
 417500: system.cpu: T0 : 0x10d08    : c_ldsp a4, 40(sp)          : MemRead :  D=0x666a2f7364616f6c A=0x7ffffffffffffe18
 418500: system.cpu: T0 : 0x10d0a    : lui a5, 111                : IntAlu :  D=0x000000000006f000
 419500: system.cpu: T0 : 0x10d0e    : sd a4, -1256(a5)           : MemWrite :  D=0x666a2f7364616f6c A=0x6eb18
 420500: system.cpu: T0 : 0x10d12    : beq s2, zero, 14           : IntAlu : 
 421000: system.cpu: T0 : 0x10d20    : ld a2, -1360(gp)           : MemRead :  D=0x7fffffffffffff48 A=0x70ae0
 421500: system.cpu: T0 : 0x10d24    : c_ldsp a1, 16(sp)          : MemRead :  D=0x7fffffffffffff38 A=0x7ffffffffffffe00
 422000: system.cpu: T0 : 0x10d26    : c_ldsp a0, 8(sp)           : MemRead :  D=0x0000000000000001 A=0x7ffffffffffffdf8
 422500: system.cpu: T0 : 0x10d28    : jal ra, 75622              : IntAlu :  D=0x0000000000010d2c
 423000: system.cpu: T0 : 0x2348e    : c_addi sp, -32             : IntAlu :  D=0x7ffffffffffffdd0
 423500: system.cpu: T0 : 0x23490    : c_sdsp s0, 16(sp)          : MemWrite :  D=0x00000000000110b8 A=0x7ffffffffffffde0
 424000: system.cpu: T0 : 0x23492    : c_sdsp s1, 8(sp)           : MemWrite :  D=0x0000000000011148 A=0x7ffffffffffffdd8
 424500: system.cpu: T0 : 0x23494    : c_sdsp s2, 0(sp)           : MemWrite :  D=0x0000000000000000 A=0x7ffffffffffffdd0
 425000: system.cpu: T0 : 0x23496    : c_sdsp ra, 24(sp)          : MemWrite :  D=0x0000000000010d2c A=0x7ffffffffffffde8
 425500: system.cpu: T0 : 0x23498    : addi a4, zero, 0           : IntAlu :  D=0x0000000000000000
 426000: system.cpu: T0 : 0x2349c    : c_mv s0, a0                : IntAlu :  D=0x0000000000000001
 426500: system.cpu: T0 : 0x2349e    : c_mv s1, a1                : IntAlu :  D=0x7fffffffffffff38
 427000: system.cpu: T0 : 0x234a0    : c_mv s2, a2                : IntAlu :  D=0x7fffffffffffff48
 427500: system.cpu: T0 : 0x234a2    : c_beqz a4, 62              : IntAlu : 
 428000: system.cpu: T0 : 0x234e0    : lw a0, -1248(gp)           : MemRead :  D=0x0000000000000000 A=0x70b50
 428500: system.cpu: T0 : 0x234e4    : lw a5, -1344(gp)           : MemRead :  D=0x0000000000000000 A=0x70af0
 429000: system.cpu: T0 : 0x234e8    : sw zero, -1728(gp)         : MemWrite :  D=0x0000000000000000 A=0x70970
 429500: system.cpu: T0 : 0x234ec    : beq a5, a0, -60            : IntAlu : 
 430000: system.cpu: T0 : 0x234b0    : lui a5, 114                : IntAlu :  D=0x0000000000072000
 430500: system.cpu: T0 : 0x234b4    : sw s0, -88(a5)             : MemWrite :  D=0x0000000000000001 A=0x71fa8
 431000: system.cpu: T0 : 0x234b8    : lui a5, 114                : IntAlu :  D=0x0000000000072000
 431500: system.cpu: T0 : 0x234bc    : sd s1, -80(a5)             : MemWrite :  D=0x7fffffffffffff38 A=0x71fb0
 432000: system.cpu: T0 : 0x234c0    : sd s2, -1360(gp)           : MemWrite :  D=0x7fffffffffffff48 A=0x70ae0
 432500: system.cpu: T0 : 0x234c4    : jal ra, -2314              : IntAlu :  D=0x00000000000234c8
 433000: system.cpu: T0 : 0x22bba    : c_addi16sp sp, -160        : IntAlu :  D=0x7ffffffffffffd30
 433500: system.cpu: T0 : 0x22bbc    : c_sdsp ra, 152(sp)         : MemWrite :  D=0x00000000000234c8 A=0x7ffffffffffffdc8
 434000: system.cpu: T0 : 0x22bbe    : c_sdsp s1, 136(sp)         : MemWrite :  D=0x7fffffffffffff38 A=0x7ffffffffffffdb8
 434500: system.cpu: T0 : 0x22bc0    : c_sdsp s2, 128(sp)         : MemWrite :  D=0x7fffffffffffff48 A=0x7ffffffffffffdb0
 435000: system.cpu: T0 : 0x22bc2    : c_sdsp s3, 120(sp)         : MemWrite :  D=0x0000000000000000 A=0x7ffffffffffffda8
 435500: system.cpu: T0 : 0x22bc4    : c_sdsp s4, 112(sp)         : MemWrite :  D=0x0000000000000000 A=0x7ffffffffffffda0
 436000: system.cpu: T0 : 0x22bc6    : c_sdsp s0, 144(sp)         : MemWrite :  D=0x0000000000000001 A=0x7ffffffffffffdc0
 436500: system.cpu: T0 : 0x22bc8    : c_sdsp s5, 104(sp)         : MemWrite :  D=0x0000000000000000 A=0x7ffffffffffffd98
 437000: system.cpu: T0 : 0x22bca    : c_sdsp s6, 96(sp)          : MemWrite :  D=0x0000000000000000 A=0x7ffffffffffffd90
 437500: system.cpu: T0 : 0x22bcc    : c_sdsp s7, 88(sp)          : MemWrite :  D=0x0000000000000000 A=0x7ffffffffffffd88
 438000: system.cpu: T0 : 0x22bce    : c_sdsp s8, 80(sp)          : MemWrite :  D=0x0000000000000000 A=0x7ffffffffffffd80
 438500: system.cpu: T0 : 0x22bd0    : c_sdsp s9, 72(sp)          : MemWrite :  D=0x0000000000000000 A=0x7ffffffffffffd78
 439000: system.cpu: T0 : 0x22bd2    : c_sdsp s10, 64(sp)         : MemWrite :  D=0x0000000000000000 A=0x7ffffffffffffd70
 439500: system.cpu: T0 : 0x22bd4    : lui s2, 114                : IntAlu :  D=0x0000000000072000
 440000: system.cpu: T0 : 0x22bd8    : jal ra, 116914             : IntAlu :  D=0x0000000000022bdc
 440500: system.cpu: T0 : 0x3f48a    : c_lui t1, 1048575          : IntAlu :  D=0xfffffffffffff000
 441000: system.cpu: T0 : 0x3f48c    : c_addi16sp sp, -48         : IntAlu :  D=0x7ffffffffffffd00
 441500: system.cpu: T0 : 0x3f48e    : c_addi t1, 16              : IntAlu :  D=0xfffffffffffff010
 442000: system.cpu: T0 : 0x3f490    : c_sdsp ra, 40(sp)          : MemWrite :  D=0x0000000000022bdc A=0x7ffffffffffffd28
 442500: system.cpu: T0 : 0x3f492    : c_sdsp s0, 32(sp)          : MemWrite :  D=0x0000000000000001 A=0x7ffffffffffffd20
 443000: system.cpu: T0 : 0x3f494    : c_sdsp s1, 24(sp)          : MemWrite :  D=0x7fffffffffffff38 A=0x7ffffffffffffd18
 443500: system.cpu: T0 : 0x3f496    : c_sdsp s2, 16(sp)          : MemWrite :  D=0x0000000000072000 A=0x7ffffffffffffd10
 444000: system.cpu: T0 : 0x3f498    : lui a1, 99                 : IntAlu :  D=0x0000000000063000
 444500: system.cpu: T0 : 0x3f49c    : c_add sp, t1               : IntAlu :  D=0x7fffffffffffed10
 445000: system.cpu: T0 : 0x3f49e    : c_lui a5, 1048575          : IntAlu :  D=0xfffffffffffff000
 445500: system.cpu: T0 : 0x3f4a0    : addi a7, zero, 78          : IntAlu :  D=0x000000000000004e
 446000: system.cpu: T0 : 0x3f4a4    : addi a0, zero, -100        : IntAlu :  D=0xffffffffffffff9c
 446500: system.cpu: T0 : 0x3f4a8    : addi a1, a1, -1904         : IntAlu :  D=0x0000000000062890
 447000: system.cpu: T0 : 0x3f4ac    : c_mv a2, sp                : IntAlu :  D=0x7fffffffffffed10
 447500: system.cpu: T0 : 0x3f4ae    : c_lui a3, 1                : IntAlu :  D=0x0000000000001000
 448000: system.cpu: T0 : 0x3f4b0    : ecall                      : No_OpClass : 
 448500: system.cpu: T0 : 0x3f4b4    : c_addiw a0, 0              : IntAlu :  D=0xfffffffffffffffe
 449500: system.cpu: T0 : 0x3f4b6    : bltu a5, a0, 84            : IntAlu : 
 450500: system.cpu: T0 : 0x3f50a    : lui a5, 114                : IntAlu :  D=0x0000000000072000
 451500: system.cpu: T0 : 0x3f50e    : ld s1, -184(a5)            : MemRead :  D=0x0000000000000000 A=0x71f48
 452000: system.cpu: T0 : 0x3f512    : c_beqz s1, 62              : IntAlu : 
 452500: system.cpu: T0 : 0x3f550    : c_li s0, -1                : IntAlu :  D=0xffffffffffffffff
 453000: system.cpu: T0 : 0x3f552    : c_lui t1, 1                : IntAlu :  D=0x0000000000001000
 453500: system.cpu: T0 : 0x3f554    : c_addi t1, -16             : IntAlu :  D=0x0000000000000ff0
 454000: system.cpu: T0 : 0x3f556    : c_add sp, t1               : IntAlu :  D=0x7ffffffffffffd00
 454500: system.cpu: T0 : 0x3f558    : c_ldsp ra, 40(sp)          : MemRead :  D=0x0000000000022bdc A=0x7ffffffffffffd28
 455000: system.cpu: T0 : 0x3f55a    : c_mv a0, s0                : IntAlu :  D=0xffffffffffffffff
 455500: system.cpu: T0 : 0x3f55c    : c_ldsp s1, 24(sp)          : MemRead :  D=0x7fffffffffffff38 A=0x7ffffffffffffd18
 456000: system.cpu: T0 : 0x3f55e    : c_ldsp s0, 32(sp)          : MemRead :  D=0x0000000000000001 A=0x7ffffffffffffd20
 456500: system.cpu: T0 : 0x3f560    : c_ldsp s2, 16(sp)          : MemRead :  D=0x0000000000072000 A=0x7ffffffffffffd10
 457000: system.cpu: T0 : 0x3f562    : c_addi16sp sp, 48          : IntAlu :  D=0x7ffffffffffffd30
 457500: system.cpu: T0 : 0x3f564    : c_jr ra                    : IntAlu : 
 458000: system.cpu: T0 : 0x22bdc    : lui s3, 114                : IntAlu :  D=0x0000000000072000
 458500: system.cpu: T0 : 0x22be0    : ld a5, -144(s3)            : MemRead :  D=0x0000000000000006 A=0x71f70
 459000: system.cpu: T0 : 0x22be4    : ld a4, -200(s2)            : MemRead :  D=0x0000000000010040 A=0x71f38
 459500: system.cpu: T0 : 0x22be8    : c_mv a3, a0                : IntAlu :  D=0xffffffffffffffff
 460500: system.cpu: T0 : 0x22bea    : lui s4, 112                : IntAlu :  D=0x0000000000070000
 461500: system.cpu: T0 : 0x22bee    : lui a0, 80                 : IntAlu :  D=0x0000000000050000
 462500: system.cpu: T0 : 0x22bf2    : addi s1, s4, -416          : IntAlu :  D=0x000000000006fe60
 463500: system.cpu: T0 : 0x22bf6    : addi a0, a0, 1072          : IntAlu :  D=0x0000000000050430
 464500: system.cpu: T0 : 0x22bfa    : sh a5, 696(s1)             : MemWrite :  D=0x0000000000000006 A=0x70118
 465500: system.cpu: T0 : 0x22bfe    : sd a3, 840(s1)             : MemWrite :  D=0xffffffffffffffff A=0x701a8
 466500: system.cpu: T0 : 0x22c02    : sd a4, 680(s1)             : MemWrite :  D=0x0000000000010040 A=0x70108
 467500: system.cpu: T0 : 0x22c06    : jal ra, -56902             : IntAlu :  D=0x0000000000022c0a
 468000: system.cpu: T0 : 0x14dc0    : c_addi16sp sp, -64         : IntAlu :  D=0x7ffffffffffffcf0
 468500: system.cpu: T0 : 0x14dc2    : c_sdsp s1, 40(sp)          : MemWrite :  D=0x000000000006fe60 A=0x7ffffffffffffd18
 469000: system.cpu: T0 : 0x14dc4    : ld s1, -1360(gp)           : MemRead :  D=0x7fffffffffffff48 A=0x70ae0
 469500: system.cpu: T0 : 0x14dc8    : c_sdsp ra, 56(sp)          : MemWrite :  D=0x0000000000022c0a A=0x7ffffffffffffd28
 470000: system.cpu: T0 : 0x14dca    : c_sdsp s0, 48(sp)          : MemWrite :  D=0x0000000000000001 A=0x7ffffffffffffd20
 470500: system.cpu: T0 : 0x14dcc    : c_sdsp s2, 32(sp)          : MemWrite :  D=0x0000000000072000 A=0x7ffffffffffffd10
 471000: system.cpu: T0 : 0x14dce    : c_sdsp s3, 24(sp)          : MemWrite :  D=0x0000000000072000 A=0x7ffffffffffffd08
 471500: system.cpu: T0 : 0x14dd0    : c_sdsp s4, 16(sp)          : MemWrite :  D=0x0000000000070000 A=0x7ffffffffffffd00
 472000: system.cpu: T0 : 0x14dd2    : c_sdsp s5, 8(sp)           : MemWrite :  D=0x0000000000000000 A=0x7ffffffffffffcf8
 472500: system.cpu: T0 : 0x14dd4    : c_sdsp s6, 0(sp)           : MemWrite :  D=0x0000000000000000 A=0x7ffffffffffffcf0
 473000: system.cpu: T0 : 0x14dd6    : c_beqz s1, 210             : IntAlu : 
 473500: system.cpu: T0 : 0x14dd8    : lbu a5, 0(a0)              : MemRead :  D=0x000000000000004c A=0x50430
 474000: system.cpu: T0 : 0x14ddc    : c_mv s4, a0                : IntAlu :  D=0x0000000000050430
 474500: system.cpu: T0 : 0x14dde    : c_beqz a5, 202             : IntAlu : 
 475000: system.cpu: T0 : 0x14de0    : lbu s5, 1(a0)              : MemRead :  D=0x0000000000000044 A=0x50431
 475500: system.cpu: T0 : 0x14de4    : slliw s2, a5, 16           : IntAlu :  D=0x00000000004c0000
 476000: system.cpu: T0 : 0x14de8    : c_ld s0, 0(s1)             : MemRead :  D=0x0000000000000000 A=0x7fffffffffffff48
 477000: system.cpu: T0 : 0x14dea    : sraiw s2, s2, 16           : IntAlu :  D=0x000000000000004c
 478000: system.cpu: T0 : 0x14dee    : bne s5, zero, 86           : IntAlu : 
 478500: system.cpu: T0 : 0x14e44    : jal ra, 42500              : IntAlu :  D=0x0000000000014e48
 479000: system.cpu: T0 : 0x1f448    : andi a5, a0, 7             : IntAlu :  D=0x0000000000000000
 479500: system.cpu: T0 : 0x1f44c    : c_beqz a5, 26              : IntAlu : 
 480000: system.cpu: T0 : 0x1f466    : c_mv a5, a0                : IntAlu :  D=0x0000000000050430
 480500: system.cpu: T0 : 0x1f468    : ld a6, -2024(gp)           : MemRead :  D=0xfefefefefefefeff A=0x70848
 481000: system.cpu: T0 : 0x1f46c    : ld a1, -2016(gp)           : MemRead :  D=0x8080808080808080 A=0x70850
 481500: system.cpu: T0 : 0x1f470    : c_ld a2, 0(a5)             : MemRead :  D=0x004e5241575f444c A=0x50430
 482500: system.cpu: T0 : 0x1f472    : addi a3, a5, 8             : IntAlu :  D=0x0000000000050438
 483500: system.cpu: T0 : 0x1f476    : add a4, a2, a6             : IntAlu :  D=0xff4d5140565e434b
 484500: system.cpu: T0 : 0x1f47a    : xori a2, a2, 18446744073709551615 : IntAlu :  D=0xffb1adbea8a0bbb3
 485000: system.cpu: T0 : 0x1f47e    : c_and a4, a2               : IntAlu :  D=0xff01010000000303
 485500: system.cpu: T0 : 0x1f480    : c_and a4, a1               : IntAlu :  D=0x8000000000000000
 486000: system.cpu: T0 : 0x1f482    : c_beqz a4, 50              : IntAlu : 
 486500: system.cpu: T0 : 0x1f484    : lbu a4, -8(a3)             : MemRead :  D=0x000000000000004c A=0x50430
 487000: system.cpu: T0 : 0x1f488    : c_beqz a4, -40             : IntAlu : 
 488000: system.cpu: T0 : 0x1f48a    : lbu a4, -7(a3)             : MemRead :  D=0x0000000000000044 A=0x50431
 488500: system.cpu: T0 : 0x1f48e    : c_beqz a4, 50              : IntAlu : 
 489000: system.cpu: T0 : 0x1f490    : lbu a4, -6(a3)             : MemRead :  D=0x000000000000005f A=0x50432
 489500: system.cpu: T0 : 0x1f494    : c_beqz a4, 52              : IntAlu : 
 490500: system.cpu: T0 : 0x1f496    : lbu a4, -5(a3)             : MemRead :  D=0x0000000000000057 A=0x50433
 491000: system.cpu: T0 : 0x1f49a    : c_beqz a4, 54              : IntAlu : 
 491500: system.cpu: T0 : 0x1f49c    : lbu a4, -4(a3)             : MemRead :  D=0x0000000000000041 A=0x50434
 492000: system.cpu: T0 : 0x1f4a0    : c_beqz a4, 56              : IntAlu : 
 493000: system.cpu: T0 : 0x1f4a2    : lbu a4, -3(a3)             : MemRead :  D=0x0000000000000052 A=0x50435
 493500: system.cpu: T0 : 0x1f4a6    : c_beqz a4, 58              : IntAlu : 
 494000: system.cpu: T0 : 0x1f4a8    : lbu a4, -2(a3)             : MemRead :  D=0x000000000000004e A=0x50436
 494500: system.cpu: T0 : 0x1f4ac    : c_beqz a4, 60              : IntAlu : 
 495500: system.cpu: T0 : 0x1f4ae    : lbu a4, -1(a3)             : MemRead :  D=0x0000000000000000 A=0x50437
 496000: system.cpu: T0 : 0x1f4b2    : c_beqz a4, 6               : IntAlu : 
 496500: system.cpu: T0 : 0x1f4b8    : c_sub a5, a0               : IntAlu :  D=0x0000000000000000
 497500: system.cpu: T0 : 0x1f4ba    : addi a0, a5, 7             : IntAlu :  D=0x0000000000000007
 498000: system.cpu: T0 : 0x1f4be    : c_jr ra                    : IntAlu : 
 498500: system.cpu: T0 : 0x14e48    : slli a5, s5, 8             : IntAlu :  D=0x0000000000004400
 499000: system.cpu: T0 : 0x14e4c    : or a5, s2, a5              : IntAlu :  D=0x000000000000444c
 499500: system.cpu: T0 : 0x14e50    : slliw s2, a5, 16           : IntAlu :  D=0x00000000444c0000
 500000: system.cpu: T0 : 0x14e54    : c_mv s3, a0                : IntAlu :  D=0x0000000000000007
 501000: system.cpu: T0 : 0x14e56    : sraiw s2, s2, 16           : IntAlu :  D=0x000000000000444c
 502000: system.cpu: T0 : 0x14e5a    : addi s5, a0, -2            : IntAlu :  D=0x0000000000000005
 502500: system.cpu: T0 : 0x14e5e    : c_addi s4, 2               : IntAlu :  D=0x0000000000050432
 503000: system.cpu: T0 : 0x14e60    : c_beqz s0, -50             : IntAlu : 
 503500: system.cpu: T0 : 0x14e2e    : c_ldsp ra, 56(sp)          : MemRead :  D=0x0000000000022c0a A=0x7ffffffffffffd28
 504000: system.cpu: T0 : 0x14e30    : c_mv a0, s0                : IntAlu :  D=0x0000000000000000
 504500: system.cpu: T0 : 0x14e32    : c_ldsp s0, 48(sp)          : MemRead :  D=0x0000000000000001 A=0x7ffffffffffffd20
 505000: system.cpu: T0 : 0x14e34    : c_ldsp s1, 40(sp)          : MemRead :  D=0x000000000006fe60 A=0x7ffffffffffffd18
 505500: system.cpu: T0 : 0x14e36    : c_ldsp s2, 32(sp)          : MemRead :  D=0x0000000000072000 A=0x7ffffffffffffd10
 506000: system.cpu: T0 : 0x14e38    : c_ldsp s3, 24(sp)          : MemRead :  D=0x0000000000072000 A=0x7ffffffffffffd08
 506500: system.cpu: T0 : 0x14e3a    : c_ldsp s4, 16(sp)          : MemRead :  D=0x0000000000070000 A=0x7ffffffffffffd00
 507000: system.cpu: T0 : 0x14e3c    : c_ldsp s5, 8(sp)           : MemRead :  D=0x0000000000000000 A=0x7ffffffffffffcf8
 507500: system.cpu: T0 : 0x14e3e    : c_ldsp s6, 0(sp)           : MemRead :  D=0x0000000000000000 A=0x7ffffffffffffcf0
 508000: system.cpu: T0 : 0x14e40    : c_addi16sp sp, 64          : IntAlu :  D=0x7ffffffffffffd30
 508500: system.cpu: T0 : 0x14e42    : c_jr ra                    : IntAlu : 
 509000: system.cpu: T0 : 0x22c0a    : c_li a5, 0                 : IntAlu :  D=0x0000000000000000
 509500: system.cpu: T0 : 0x22c0c    : c_beqz a0, 10              : IntAlu : 
 510500: system.cpu: T0 : 0x22c16    : lui s5, 114                : IntAlu :  D=0x0000000000072000
 511500: system.cpu: T0 : 0x22c1a    : ld a4, -168(s5)            : MemRead :  D=0x0000000000000000 A=0x71f58
 512500: system.cpu: T0 : 0x22c1e    : lui a3, 114                : IntAlu :  D=0x0000000000072000
 513500: system.cpu: T0 : 0x22c22    : sw a5, -152(a3)            : MemWrite :  D=0x0000000000000000 A=0x71f68
 514500: system.cpu: T0 : 0x22c26    : beq a4, zero, 1518         : IntAlu : 
 515000: system.cpu: T0 : 0x23214    : lui s6, 114                : IntAlu :  D=0x0000000000072000
 515500: system.cpu: T0 : 0x23218    : ld s0, -216(s6)            : MemRead :  D=0x0000000000000000 A=0x71f28
 516000: system.cpu: T0 : 0x2321c    : bne s0, zero, -1062        : IntAlu : 
 516500: system.cpu: T0 : 0x23220    : lui s0, 111                : IntAlu :  D=0x000000000006f000
 517000: system.cpu: T0 : 0x23224    : addi s0, s0, -128          : IntAlu :  D=0x000000000006ef80
 517500: system.cpu: T0 : 0x23228    : sd zero, 8(s0)             : MemWrite :  D=0x0000000000000000 A=0x6ef88
 518000: system.cpu: T0 : 0x2322c    : sd zero, 16(s0)            : MemWrite :  D=0x0000000000000000 A=0x6ef90
 518500: system.cpu: T0 : 0x23230    : sd zero, 24(s0)            : MemWrite :  D=0x0000000000000000 A=0x6ef98
 519000: system.cpu: T0 : 0x23234    : c_li a5, 0                 : IntAlu :  D=0x0000000000000000
 519500: system.cpu: T0 : 0x23236    : c_j -678                   : IntAlu : 
 520000: system.cpu: T0 : 0x22f90    : lui a0, 80                 : IntAlu :  D=0x0000000000050000
 520500: system.cpu: T0 : 0x22f94    : addi a0, a0, 1424          : IntAlu :  D=0x0000000000050590
 521000: system.cpu: T0 : 0x22f98    : c_sd a5, 32(s0)            : MemWrite :  D=0x0000000000000000 A=0x6efa0
 522000: system.cpu: T0 : 0x22f9a    : jal ra, -57818             : IntAlu :  D=0x0000000000022f9e
 522500: system.cpu: T0 : 0x14dc0    : c_addi16sp sp, -64         : IntAlu :  D=0x7ffffffffffffcf0
 523000: system.cpu: T0 : 0x14dc2    : c_sdsp s1, 40(sp)          : MemWrite :  D=0x000000000006fe60 A=0x7ffffffffffffd18
 523500: system.cpu: T0 : 0x14dc4    : ld s1, -1360(gp)           : MemRead :  D=0x7fffffffffffff48 A=0x70ae0
 524000: system.cpu: T0 : 0x14dc8    : c_sdsp ra, 56(sp)          : MemWrite :  D=0x0000000000022f9e A=0x7ffffffffffffd28
 524500: system.cpu: T0 : 0x14dca    : c_sdsp s0, 48(sp)          : MemWrite :  D=0x000000000006ef80 A=0x7ffffffffffffd20
 525000: system.cpu: T0 : 0x14dcc    : c_sdsp s2, 32(sp)          : MemWrite :  D=0x0000000000072000 A=0x7ffffffffffffd10
 525500: system.cpu: T0 : 0x14dce    : c_sdsp s3, 24(sp)          : MemWrite :  D=0x0000000000072000 A=0x7ffffffffffffd08
 526000: system.cpu: T0 : 0x14dd0    : c_sdsp s4, 16(sp)          : MemWrite :  D=0x0000000000070000 A=0x7ffffffffffffd00
 526500: system.cpu: T0 : 0x14dd2    : c_sdsp s5, 8(sp)           : MemWrite :  D=0x0000000000072000 A=0x7ffffffffffffcf8
 527000: system.cpu: T0 : 0x14dd4    : c_sdsp s6, 0(sp)           : MemWrite :  D=0x0000000000072000 A=0x7ffffffffffffcf0
 527500: system.cpu: T0 : 0x14dd6    : c_beqz s1, 210             : IntAlu : 
 528000: system.cpu: T0 : 0x14dd8    : lbu a5, 0(a0)              : MemRead :  D=0x000000000000004c A=0x50590
 528500: system.cpu: T0 : 0x14ddc    : c_mv s4, a0                : IntAlu :  D=0x0000000000050590
 529000: system.cpu: T0 : 0x14dde    : c_beqz a5, 202             : IntAlu : 
 529500: system.cpu: T0 : 0x14de0    : lbu s5, 1(a0)              : MemRead :  D=0x0000000000000044 A=0x50591
 530000: system.cpu: T0 : 0x14de4    : slliw s2, a5, 16           : IntAlu :  D=0x00000000004c0000
 530500: system.cpu: T0 : 0x14de8    : c_ld s0, 0(s1)             : MemRead :  D=0x0000000000000000 A=0x7fffffffffffff48
 531500: system.cpu: T0 : 0x14dea    : sraiw s2, s2, 16           : IntAlu :  D=0x000000000000004c
 532500: system.cpu: T0 : 0x14dee    : bne s5, zero, 86           : IntAlu : 
 533000: system.cpu: T0 : 0x14e44    : jal ra, 42500              : IntAlu :  D=0x0000000000014e48
 533500: system.cpu: T0 : 0x1f448    : andi a5, a0, 7             : IntAlu :  D=0x0000000000000000
 534000: system.cpu: T0 : 0x1f44c    : c_beqz a5, 26              : IntAlu : 
 534500: system.cpu: T0 : 0x1f466    : c_mv a5, a0                : IntAlu :  D=0x0000000000050590
 535000: system.cpu: T0 : 0x1f468    : ld a6, -2024(gp)           : MemRead :  D=0xfefefefefefefeff A=0x70848
 535500: system.cpu: T0 : 0x1f46c    : ld a1, -2016(gp)           : MemRead :  D=0x8080808080808080 A=0x70850
 536000: system.cpu: T0 : 0x1f470    : c_ld a2, 0(a5)             : MemRead :  D=0x415242494c5f444c A=0x50590
 537000: system.cpu: T0 : 0x1f472    : addi a3, a5, 8             : IntAlu :  D=0x0000000000050598
 538000: system.cpu: T0 : 0x1f476    : add a4, a2, a6             : IntAlu :  D=0x405141484b5e434b
 539000: system.cpu: T0 : 0x1f47a    : xori a2, a2, 18446744073709551615 : IntAlu :  D=0xbeadbdb6b3a0bbb3
 539500: system.cpu: T0 : 0x1f47e    : c_and a4, a2               : IntAlu :  D=0x0001010003000303
 540000: system.cpu: T0 : 0x1f480    : c_and a4, a1               : IntAlu :  D=0x0000000000000000
 540500: system.cpu: T0 : 0x1f482    : c_beqz a4, 50              : IntAlu : 
 541000: system.cpu: T0 : 0x1f4b4    : c_mv a5, a3                : IntAlu :  D=0x0000000000050598
 541500: system.cpu: T0 : 0x1f4b6    : c_j -70                    : IntAlu : 
 542000: system.cpu: T0 : 0x1f470    : c_ld a2, 0(a5)             : MemRead :  D=0x00485441505f5952 A=0x50598
 543000: system.cpu: T0 : 0x1f472    : addi a3, a5, 8             : IntAlu :  D=0x00000000000505a0
 544000: system.cpu: T0 : 0x1f476    : add a4, a2, a6             : IntAlu :  D=0xff4753404f5e5851
 545000: system.cpu: T0 : 0x1f47a    : xori a2, a2, 18446744073709551615 : IntAlu :  D=0xffb7abbeafa0a6ad
 545500: system.cpu: T0 : 0x1f47e    : c_and a4, a2               : IntAlu :  D=0xff0703000f000001
 546000: system.cpu: T0 : 0x1f480    : c_and a4, a1               : IntAlu :  D=0x8000000000000000
 546500: system.cpu: T0 : 0x1f482    : c_beqz a4, 50              : IntAlu : 
 547000: system.cpu: T0 : 0x1f484    : lbu a4, -8(a3)             : MemRead :  D=0x0000000000000052 A=0x50598
 547500: system.cpu: T0 : 0x1f488    : c_beqz a4, -40             : IntAlu : 
 548500: system.cpu: T0 : 0x1f48a    : lbu a4, -7(a3)             : MemRead :  D=0x0000000000000059 A=0x50599
 549000: system.cpu: T0 : 0x1f48e    : c_beqz a4, 50              : IntAlu : 
 549500: system.cpu: T0 : 0x1f490    : lbu a4, -6(a3)             : MemRead :  D=0x000000000000005f A=0x5059a
 550000: system.cpu: T0 : 0x1f494    : c_beqz a4, 52              : IntAlu : 
 551000: system.cpu: T0 : 0x1f496    : lbu a4, -5(a3)             : MemRead :  D=0x0000000000000050 A=0x5059b
 551500: system.cpu: T0 : 0x1f49a    : c_beqz a4, 54              : IntAlu : 
 552000: system.cpu: T0 : 0x1f49c    : lbu a4, -4(a3)             : MemRead :  D=0x0000000000000041 A=0x5059c
 552500: system.cpu: T0 : 0x1f4a0    : c_beqz a4, 56              : IntAlu : 
 553500: system.cpu: T0 : 0x1f4a2    : lbu a4, -3(a3)             : MemRead :  D=0x0000000000000054 A=0x5059d
 554000: system.cpu: T0 : 0x1f4a6    : c_beqz a4, 58              : IntAlu : 
 554500: system.cpu: T0 : 0x1f4a8    : lbu a4, -2(a3)             : MemRead :  D=0x0000000000000048 A=0x5059e
 555000: system.cpu: T0 : 0x1f4ac    : c_beqz a4, 60              : IntAlu : 
 556000: system.cpu: T0 : 0x1f4ae    : lbu a4, -1(a3)             : MemRead :  D=0x0000000000000000 A=0x5059f
 556500: system.cpu: T0 : 0x1f4b2    : c_beqz a4, 6               : IntAlu : 
 557000: system.cpu: T0 : 0x1f4b8    : c_sub a5, a0               : IntAlu :  D=0x0000000000000008
 558000: system.cpu: T0 : 0x1f4ba    : addi a0, a5, 7             : IntAlu :  D=0x000000000000000f
 558500: system.cpu: T0 : 0x1f4be    : c_jr ra                    : IntAlu : 
 559000: system.cpu: T0 : 0x14e48    : slli a5, s5, 8             : IntAlu :  D=0x0000000000004400
 559500: system.cpu: T0 : 0x14e4c    : or a5, s2, a5              : IntAlu :  D=0x000000000000444c
 560000: system.cpu: T0 : 0x14e50    : slliw s2, a5, 16           : IntAlu :  D=0x00000000444c0000
 560500: system.cpu: T0 : 0x14e54    : c_mv s3, a0                : IntAlu :  D=0x000000000000000f
 561500: system.cpu: T0 : 0x14e56    : sraiw s2, s2, 16           : IntAlu :  D=0x000000000000444c
 562500: system.cpu: T0 : 0x14e5a    : addi s5, a0, -2            : IntAlu :  D=0x000000000000000d
 563000: system.cpu: T0 : 0x14e5e    : c_addi s4, 2               : IntAlu :  D=0x0000000000050592
 563500: system.cpu: T0 : 0x14e60    : c_beqz s0, -50             : IntAlu : 
 564000: system.cpu: T0 : 0x14e2e    : c_ldsp ra, 56(sp)          : MemRead :  D=0x0000000000022f9e A=0x7ffffffffffffd28
 564500: system.cpu: T0 : 0x14e30    : c_mv a0, s0                : IntAlu :  D=0x0000000000000000
 565000: system.cpu: T0 : 0x14e32    : c_ldsp s0, 48(sp)          : MemRead :  D=0x000000000006ef80 A=0x7ffffffffffffd20
 565500: system.cpu: T0 : 0x14e34    : c_ldsp s1, 40(sp)          : MemRead :  D=0x000000000006fe60 A=0x7ffffffffffffd18
 566000: system.cpu: T0 : 0x14e36    : c_ldsp s2, 32(sp)          : MemRead :  D=0x0000000000072000 A=0x7ffffffffffffd10
 566500: system.cpu: T0 : 0x14e38    : c_ldsp s3, 24(sp)          : MemRead :  D=0x0000000000072000 A=0x7ffffffffffffd08
 567000: system.cpu: T0 : 0x14e3a    : c_ldsp s4, 16(sp)          : MemRead :  D=0x0000000000070000 A=0x7ffffffffffffd00
 567500: system.cpu: T0 : 0x14e3c    : c_ldsp s5, 8(sp)           : MemRead :  D=0x0000000000072000 A=0x7ffffffffffffcf8
 568000: system.cpu: T0 : 0x14e3e    : c_ldsp s6, 0(sp)           : MemRead :  D=0x0000000000072000 A=0x7ffffffffffffcf0
 568500: system.cpu: T0 : 0x14e40    : c_addi16sp sp, 64          : IntAlu :  D=0x7ffffffffffffd30
 569000: system.cpu: T0 : 0x14e42    : c_jr ra                    : IntAlu : 
 570000: system.cpu: T0 : 0x22f9e    : jal ra, 99838              : IntAlu :  D=0x0000000000022fa2
 570500: system.cpu: T0 : 0x3b59c    : c_addi16sp sp, -64         : IntAlu :  D=0x7ffffffffffffcf0
 571000: system.cpu: T0 : 0x3b59e    : c_sdsp ra, 56(sp)          : MemWrite :  D=0x0000000000022fa2 A=0x7ffffffffffffd28
 571500: system.cpu: T0 : 0x3b5a0    : c_sdsp s0, 48(sp)          : MemWrite :  D=0x000000000006ef80 A=0x7ffffffffffffd20
 572000: system.cpu: T0 : 0x3b5a2    : c_sdsp s2, 32(sp)          : MemWrite :  D=0x0000000000072000 A=0x7ffffffffffffd10
 572500: system.cpu: T0 : 0x3b5a4    : c_sdsp s3, 24(sp)          : MemWrite :  D=0x0000000000072000 A=0x7ffffffffffffd08
 573000: system.cpu: T0 : 0x3b5a6    : c_addi4spn s0, sp, 64      : IntAlu :  D=0x7ffffffffffffd30
 573500: system.cpu: T0 : 0x3b5a8    : c_sdsp s1, 40(sp)          : MemWrite :  D=0x000000000006fe60 A=0x7ffffffffffffd18
 574000: system.cpu: T0 : 0x3b5aa    : c_sdsp s4, 16(sp)          : MemWrite :  D=0x0000000000070000 A=0x7ffffffffffffd00
 574500: system.cpu: T0 : 0x3b5ac    : c_sdsp s5, 8(sp)           : MemWrite :  D=0x0000000000072000 A=0x7ffffffffffffcf8
 575500: system.cpu: T0 : 0x3b5ae    : lui a5, 114                : IntAlu :  D=0x0000000000072000
 576500: system.cpu: T0 : 0x3b5b2    : ld a1, -280(a5)            : MemRead :  D=0x0000000000000000 A=0x71ee8
 577500: system.cpu: T0 : 0x3b5b6    : lui a5, 114                : IntAlu :  D=0x0000000000072000
 578000: system.cpu: T0 : 0x3b5ba    : c_mv s2, a0                : IntAlu :  D=0x0000000000000000
 578500: system.cpu: T0 : 0x3b5bc    : lui s3, 111                : IntAlu :  D=0x000000000006f000
 579000: system.cpu: T0 : 0x3b5c0    : ld a0, -232(a5)            : MemRead :  D=0x0000000000000000 A=0x71f18
 579500: system.cpu: T0 : 0x3b5c4    : addi s3, s3, -64           : IntAlu :  D=0x000000000006efc0
 580000: system.cpu: T0 : 0x3b5c8    : addi a3, s3, 8             : IntAlu :  D=0x000000000006efc8
 580500: system.cpu: T0 : 0x3b5cc    : addi a2, s3, 16            : IntAlu :  D=0x000000000006efd0
 581000: system.cpu: T0 : 0x3b5d0    : jal ra, 9754               : IntAlu :  D=0x000000000003b5d4
 581500: system.cpu: T0 : 0x3dbea    : c_addi16sp sp, -192        : IntAlu :  D=0x7ffffffffffffc30
 582000: system.cpu: T0 : 0x3dbec    : c_sdsp s0, 176(sp)         : MemWrite :  D=0x7ffffffffffffd30 A=0x7ffffffffffffce0
 582500: system.cpu: T0 : 0x3dbee    : c_sdsp s3, 152(sp)         : MemWrite :  D=0x000000000006efc0 A=0x7ffffffffffffcc8
 583000: system.cpu: T0 : 0x3dbf0    : c_addi4spn s0, sp, 192     : IntAlu :  D=0x7ffffffffffffcf0
 583500: system.cpu: T0 : 0x3dbf2    : c_sdsp s4, 144(sp)         : MemWrite :  D=0x0000000000070000 A=0x7ffffffffffffcc0
 584000: system.cpu: T0 : 0x3dbf4    : c_sdsp s9, 104(sp)         : MemWrite :  D=0x0000000000000000 A=0x7ffffffffffffc98
 584500: system.cpu: T0 : 0x3dbf6    : c_sdsp s11, 88(sp)         : MemWrite :  D=0x0000000000000000 A=0x7ffffffffffffc88
 585000: system.cpu: T0 : 0x3dbf8    : c_sdsp ra, 184(sp)         : MemWrite :  D=0x000000000003b5d4 A=0x7ffffffffffffce8
 585500: system.cpu: T0 : 0x3dbfa    : c_sdsp s1, 168(sp)         : MemWrite :  D=0x000000000006fe60 A=0x7ffffffffffffcd8
 586000: system.cpu: T0 : 0x3dbfc    : c_sdsp s2, 160(sp)         : MemWrite :  D=0x0000000000000000 A=0x7ffffffffffffcd0
 586500: system.cpu: T0 : 0x3dbfe    : c_sdsp s5, 136(sp)         : MemWrite :  D=0x0000000000072000 A=0x7ffffffffffffcb8
 587000: system.cpu: T0 : 0x3dc00    : c_sdsp s6, 128(sp)         : MemWrite :  D=0x0000000000072000 A=0x7ffffffffffffcb0
 587500: system.cpu: T0 : 0x3dc02    : c_sdsp s7, 120(sp)         : MemWrite :  D=0x0000000000000000 A=0x7ffffffffffffca8
 588000: system.cpu: T0 : 0x3dc04    : c_sdsp s8, 112(sp)         : MemWrite :  D=0x0000000000000000 A=0x7ffffffffffffca0
 588500: system.cpu: T0 : 0x3dc06    : c_sdsp s10, 96(sp)         : MemWrite :  D=0x0000000000000000 A=0x7ffffffffffffc90
 589000: system.cpu: T0 : 0x3dc08    : c_mv a5, a2                : IntAlu :  D=0x000000000006efd0
 589500: system.cpu: T0 : 0x3dc0a    : c_mv a4, a1                : IntAlu :  D=0x0000000000000000
 590000: system.cpu: T0 : 0x3dc0c    : c_mv s4, a0                : IntAlu :  D=0x0000000000000000
 590500: system.cpu: T0 : 0x3dc0e    : c_li a2, 0                 : IntAlu :  D=0x0000000000000000
 591000: system.cpu: T0 : 0x3dc10    : addi a1, s0, -120          : IntAlu :  D=0x7ffffffffffffc78
 591500: system.cpu: T0 : 0x3dc14    : c_li a0, 8                 : IntAlu :  D=0x0000000000000008
 592500: system.cpu: T0 : 0x3dc16    : sd a5, -136(s0)            : MemWrite :  D=0x000000000006efd0 A=0x7ffffffffffffc68
 593500: system.cpu: T0 : 0x3dc1a    : sd a3, -160(s0)            : MemWrite :  D=0x000000000006efc8 A=0x7ffffffffffffc50
 594500: system.cpu: T0 : 0x3dc1e    : sd a4, -144(s0)            : MemWrite :  D=0x0000000000000000 A=0x7ffffffffffffc60
 595500: system.cpu: T0 : 0x3dc22    : jal ra, -111428            : IntAlu :  D=0x000000000003dc26
 596000: system.cpu: T0 : 0x228de    : c_slli a0, 32              : IntAlu :  D=0x0000000800000000
 596500: system.cpu: T0 : 0x228e0    : c_srli a0, 32              : IntAlu :  D=0x0000000000000008
 597500: system.cpu: T0 : 0x228e2    : slli a5, a0, 3             : IntAlu :  D=0x0000000000000040
 598000: system.cpu: T0 : 0x228e6    : c_sub a5, a0               : IntAlu :  D=0x0000000000000038
 598500: system.cpu: T0 : 0x228e8    : lui a4, 111                : IntAlu :  D=0x000000000006f000
 599000: system.cpu: T0 : 0x228ec    : addi a4, a4, -1248         : IntAlu :  D=0x000000000006eb20
 599500: system.cpu: T0 : 0x228f0    : c_slli a5, 3               : IntAlu :  D=0x00000000000001c0
 600000: system.cpu: T0 : 0x228f2    : c_add a5, a4               : IntAlu :  D=0x000000000006ece0
 600500: system.cpu: T0 : 0x228f4    : c_lw a3, 8(a5)             : MemRead :  D=0x0000000000000001 A=0x6ece8
 601000: system.cpu: T0 : 0x228f6    : c_li a6, 2                 : IntAlu :  D=0x0000000000000002
 601500: system.cpu: T0 : 0x228f8    : c_ld a5, 32(a5)            : MemRead :  D=0x0000000000000000 A=0x6ed00
 602500: system.cpu: T0 : 0x228fa    : bltu a6, a3, 42            : IntAlu : 
 603000: system.cpu: T0 : 0x228fe    : c_bnez a3, 38              : IntAlu : 
 603500: system.cpu: T0 : 0x22924    : c_sd a5, 0(a1)             : MemWrite :  D=0x0000000000000000 A=0x7ffffffffffffc78
 604000: system.cpu: T0 : 0x22926    : c_j -36                    : IntAlu : 
 605000: system.cpu: T0 : 0x22902    : slli a5, a0, 3             : IntAlu :  D=0x0000000000000040
 605500: system.cpu: T0 : 0x22906    : c_sub a5, a0               : IntAlu :  D=0x0000000000000038
 606000: system.cpu: T0 : 0x22908    : c_slli a5, 3               : IntAlu :  D=0x00000000000001c0
 607000: system.cpu: T0 : 0x2290a    : add a3, a4, a5             : IntAlu :  D=0x000000000006ece0
 608000: system.cpu: T0 : 0x2290e    : lbu a3, 40(a3)             : MemRead :  D=0x0000000000000000 A=0x6ed08
 608500: system.cpu: T0 : 0x22912    : c_beqz a3, 16              : IntAlu : 
 609000: system.cpu: T0 : 0x22922    : c_jr ra                    : IntAlu : 
 610000: system.cpu: T0 : 0x3dc26    : ld s11, -120(s0)           : MemRead :  D=0x0000000000000000 A=0x7ffffffffffffc78
 611000: system.cpu: T0 : 0x3dc2a    : ld s9, -1328(gp)           : MemRead :  D=0x0000000000000000 A=0x70b00
 612000: system.cpu: T0 : 0x3dc2e    : sltu a3, zero, s4          : IntAlu :  D=0x0000000000000000
 613000: system.cpu: T0 : 0x3dc32    : and s3, s9, s11            : IntAlu :  D=0x0000000000000000
 614000: system.cpu: T0 : 0x3dc36    : beq s3, zero, 1250         : IntAlu : 
 614500: system.cpu: T0 : 0x3e118    : addi s2, a3, 1             : IntAlu :  D=0x0000000000000001
 615000: system.cpu: T0 : 0x3e11c    : c_j -1210                  : IntAlu : 
 616000: system.cpu: T0 : 0x3dc62    : lui a5, 114                : IntAlu :  D=0x0000000000072000
 617000: system.cpu: T0 : 0x3dc66    : ld s5, -216(a5)            : MemRead :  D=0x0000000000000000 A=0x71f28
 618000: system.cpu: T0 : 0x3dc6a    : beq s5, zero, 444          : IntAlu : 
 619000: system.cpu: T0 : 0x3de26    : slli a5, s2, 4             : IntAlu :  D=0x0000000000000010
 620000: system.cpu: T0 : 0x3de2a    : sub sp, sp, a5             : IntAlu :  D=0x7ffffffffffffc20
 620500: system.cpu: T0 : 0x3de2e    : c_mv a3, sp                : IntAlu :  D=0x7ffffffffffffc20
 621000: system.cpu: T0 : 0x3de30    : c_mv s1, a3                : IntAlu :  D=0x7ffffffffffffc20
 621500: system.cpu: T0 : 0x3de32    : c_li a1, 1                 : IntAlu :  D=0x0000000000000001
 622000: system.cpu: T0 : 0x3de34    : c_li s9, 0                 : IntAlu :  D=0x0000000000000000
 623000: system.cpu: T0 : 0x3de36    : bne s3, zero, -118         : IntAlu : 
 624000: system.cpu: T0 : 0x3de3a    : beq s4, zero, 24           : IntAlu : 
 625000: system.cpu: T0 : 0x3de52    : lui a5, 98                 : IntAlu :  D=0x0000000000062000
 626000: system.cpu: T0 : 0x3de56    : addi a5, a5, 1152          : IntAlu :  D=0x0000000000062480
 626500: system.cpu: T0 : 0x3de5a    : c_sd a5, 0(a3)             : MemWrite :  D=0x0000000000062480 A=0x7ffffffffffffc20
 627000: system.cpu: T0 : 0x3de5c    : c_li a5, 3                 : IntAlu :  D=0x0000000000000003
 627500: system.cpu: T0 : 0x3de5e    : c_sd a5, 8(a3)             : MemWrite :  D=0x0000000000000003 A=0x7ffffffffffffc28
 628000: system.cpu: T0 : 0x3de60    : bne s2, a1, 706            : IntAlu : 
 628500: system.cpu: T0 : 0x3de64    : c_li a5, 1                 : IntAlu :  D=0x0000000000000001
 629500: system.cpu: T0 : 0x3de66    : ld s9, 8(s1)               : MemRead :  D=0x0000000000000003 A=0x7ffffffffffffc28
 630500: system.cpu: T0 : 0x3de6a    : beq s2, a5, 542            : IntAlu : 
 631000: system.cpu: T0 : 0x3e088    : ld a5, -136(s0)            : MemRead :  D=0x000000000006efd0 A=0x7ffffffffffffc68
 631500: system.cpu: T0 : 0x3e08c    : c_li s2, 2                 : IntAlu :  D=0x0000000000000002
 632500: system.cpu: T0 : 0x3e08e    : addi a0, s9, 33            : IntAlu :  D=0x0000000000000024
 633500: system.cpu: T0 : 0x3e092    : sd s2, 0(a5)               : MemWrite :  D=0x0000000000000002 A=0x6efd0
 634500: system.cpu: T0 : 0x3e096    : jal ra, -131280            : IntAlu :  D=0x000000000003e09a
 635500: system.cpu: T0 : 0x1dfc6    : ld t1, -1848(gp)           : MemRead :  D=0x000000000001e1c4 A=0x708f8
 636500: system.cpu: T0 : 0x1dfca    : bne t1, zero, 260          : IntAlu : 
 637000: system.cpu: T0 : 0x1e0ce    : c_mv a1, ra                : IntAlu :  D=0x000000000003e09a
 637500: system.cpu: T0 : 0x1e0d0    : c_jr t1                    : IntAlu : 
 638000: system.cpu: T0 : 0x1e1c4    : lw a5, -1876(gp)           : MemRead :  D=0xffffffffffffffff A=0x708dc
 638500: system.cpu: T0 : 0x1e1c8    : sd zero, -1848(gp)         : MemWrite :  D=0x0000000000000000 A=0x708f8
 639000: system.cpu: T0 : 0x1e1cc    : blt a5, zero, 6            : IntAlu : 
 639500: system.cpu: T0 : 0x1e1d2    : c_addi sp, -32             : IntAlu :  D=0x7ffffffffffffc00
 640000: system.cpu: T0 : 0x1e1d4    : c_sdsp ra, 24(sp)          : MemWrite :  D=0x000000000003e09a A=0x7ffffffffffffc18
 640500: system.cpu: T0 : 0x1e1d6    : c_sdsp a0, 8(sp)           : MemWrite :  D=0x0000000000000024 A=0x7ffffffffffffc08
 641000: system.cpu: T0 : 0x1e1d8    : jal ra, -11960             : IntAlu :  D=0x000000000001e1dc
 641500: system.cpu: T0 : 0x1b320    : c_addi16sp sp, -48         : IntAlu :  D=0x7ffffffffffffbd0
 642000: system.cpu: T0 : 0x1b322    : c_sdsp s1, 24(sp)          : MemWrite :  D=0x7ffffffffffffc20 A=0x7ffffffffffffbe8
 642500: system.cpu: T0 : 0x1b324    : lui s1, 111                : IntAlu :  D=0x000000000006f000
 643000: system.cpu: T0 : 0x1b328    : ld a3, -1264(s1)           : MemRead :  D=0x6e776f442f2e2e00 A=0x6eb10
 643500: system.cpu: T0 : 0x1b32c    : lui a0, 111                : IntAlu :  D=0x000000000006f000
 644000: system.cpu: T0 : 0x1b330    : addi a4, a0, 1480          : IntAlu :  D=0x000000000006f5c8
 644500: system.cpu: T0 : 0x1b334    : c_sdsp ra, 40(sp)          : MemWrite :  D=0x000000000001e1dc A=0x7ffffffffffffbf8
 645000: system.cpu: T0 : 0x1b336    : c_sdsp s0, 32(sp)          : MemWrite :  D=0x7ffffffffffffcf0 A=0x7ffffffffffffbf0
 645500: system.cpu: T0 : 0x1b338    : addi a0, a0, 1480          : IntAlu :  D=0x000000000006f5c8
 646000: system.cpu: T0 : 0x1b33c    : sd a4, 56(tp)              : MemWrite :  D=0x000000000006f5c8 A=0x73748
 646500: system.cpu: T0 : 0x1b340    : c_sdsp a3, 8(sp)           : MemWrite :  D=0x6e776f442f2e2e00 A=0x7ffffffffffffbd8
 647500: system.cpu: T0 : 0x1b342    : sw zero, -1876(gp)         : MemWrite :  D=0x0000000000000000 A=0x708dc
 648500: system.cpu: T0 : 0x1b346    : jal ra, -1026              : IntAlu :  D=0x000000000001b34a
 649000: system.cpu: T0 : 0x1af44    : c_lui a4, 1                : IntAlu :  D=0x0000000000001000
 650000: system.cpu: T0 : 0x1af46    : addi a3, a0, 96            : IntAlu :  D=0x000000000006f628
 651000: system.cpu: T0 : 0x1af4a    : addi a4, a4, -1968         : IntAlu :  D=0x0000000000000850
 651500: system.cpu: T0 : 0x1af4e    : c_mv a5, a3                : IntAlu :  D=0x000000000006f628
 652000: system.cpu: T0 : 0x1af50    : c_add a4, a0               : IntAlu :  D=0x000000000006fe18
 652500: system.cpu: T0 : 0x1af52    : c_sd a5, 24(a5)            : MemWrite :  D=0x000000000006f628 A=0x6f640
 653000: system.cpu: T0 : 0x1af54    : c_sd a5, 16(a5)            : MemWrite :  D=0x000000000006f628 A=0x6f638
 653500: system.cpu: T0 : 0x1af56    : c_addi a5, 16              : IntAlu :  D=0x000000000006f638
 654000: system.cpu: T0 : 0x1af58    : bne a4, a5, -6             : IntAlu : 
 654500: system.cpu: T0 : 0x1af52    : c_sd a5, 24(a5)            : MemWrite :  D=0x000000000006f638 A=0x6f650
 655000: system.cpu: T0 : 0x1af54    : c_sd a5, 16(a5)            : MemWrite :  D=0x000000000006f638 A=0x6f648
 655500: system.cpu: T0 : 0x1af56    : c_addi a5, 16              : IntAlu :  D=0x000000000006f648
 656000: system.cpu: T0 : 0x1af58    : bne a4, a5, -6             : IntAlu : 
 656500: system.cpu: T0 : 0x1af52    : c_sd a5, 24(a5)            : MemWrite :  D=0x000000000006f648 A=0x6f660
 657000: system.cpu: T0 : 0x1af54    : c_sd a5, 16(a5)            : MemWrite :  D=0x000000000006f648 A=0x6f658
 657500: system.cpu: T0 : 0x1af56    : c_addi a5, 16              : IntAlu :  D=0x000000000006f658
 658000: system.cpu: T0 : 0x1af58    : bne a4, a5, -6             : IntAlu : 
 658500: system.cpu: T0 : 0x1af52    : c_sd a5, 24(a5)            : MemWrite :  D=0x000000000006f658 A=0x6f670
 659000: system.cpu: T0 : 0x1af54    : c_sd a5, 16(a5)            : MemWrite :  D=0x000000000006f658 A=0x6f668
 659500: system.cpu: T0 : 0x1af56    : c_addi a5, 16              : IntAlu :  D=0x000000000006f668
 660000: system.cpu: T0 : 0x1af58    : bne a4, a5, -6             : IntAlu : 
 660500: system.cpu: T0 : 0x1af52    : c_sd a5, 24(a5)            : MemWrite :  D=0x000000000006f668 A=0x6f680
 661000: system.cpu: T0 : 0x1af54    : c_sd a5, 16(a5)            : MemWrite :  D=0x000000000006f668 A=0x6f678
 661500: system.cpu: T0 : 0x1af56    : c_addi a5, 16              : IntAlu :  D=0x000000000006f678
 662000: system.cpu: T0 : 0x1af58    : bne a4, a5, -6             : IntAlu : 
 662500: system.cpu: T0 : 0x1af52    : c_sd a5, 24(a5)            : MemWrite :  D=0x000000000006f678 A=0x6f690
 663000: system.cpu: T0 : 0x1af54    : c_sd a5, 16(a5)            : MemWrite :  D=0x000000000006f678 A=0x6f688
 663500: system.cpu: T0 : 0x1af56    : c_addi a5, 16              : IntAlu :  D=0x000000000006f688
 664000: system.cpu: T0 : 0x1af58    : bne a4, a5, -6             : IntAlu : 
 664500: system.cpu: T0 : 0x1af52    : c_sd a5, 24(a5)            : MemWrite :  D=0x000000000006f688 A=0x6f6a0
 665000: system.cpu: T0 : 0x1af54    : c_sd a5, 16(a5)            : MemWrite :  D=0x000000000006f688 A=0x6f698
 665500: system.cpu: T0 : 0x1af56    : c_addi a5, 16              : IntAlu :  D=0x000000000006f698
 666000: system.cpu: T0 : 0x1af58    : bne a4, a5, -6             : IntAlu : 
 666500: system.cpu: T0 : 0x1af52    : c_sd a5, 24(a5)            : MemWrite :  D=0x000000000006f698 A=0x6f6b0
 667000: system.cpu: T0 : 0x1af54    : c_sd a5, 16(a5)            : MemWrite :  D=0x000000000006f698 A=0x6f6a8
 667500: system.cpu: T0 : 0x1af56    : c_addi a5, 16              : IntAlu :  D=0x000000000006f6a8
 668000: system.cpu: T0 : 0x1af58    : bne a4, a5, -6             : IntAlu : 
 668500: system.cpu: T0 : 0x1af52    : c_sd a5, 24(a5)            : MemWrite :  D=0x000000000006f6a8 A=0x6f6c0
 669000: system.cpu: T0 : 0x1af54    : c_sd a5, 16(a5)            : MemWrite :  D=0x000000000006f6a8 A=0x6f6b8
 669500: system.cpu: T0 : 0x1af56    : c_addi a5, 16              : IntAlu :  D=0x000000000006f6b8
 670000: system.cpu: T0 : 0x1af58    : bne a4, a5, -6             : IntAlu : 
 670500: system.cpu: T0 : 0x1af52    : c_sd a5, 24(a5)            : MemWrite :  D=0x000000000006f6b8 A=0x6f6d0
 671000: system.cpu: T0 : 0x1af54    : c_sd a5, 16(a5)            : MemWrite :  D=0x000000000006f6b8 A=0x6f6c8
 671500: system.cpu: T0 : 0x1af56    : c_addi a5, 16              : IntAlu :  D=0x000000000006f6c8
 672000: system.cpu: T0 : 0x1af58    : bne a4, a5, -6             : IntAlu : 
 672500: system.cpu: T0 : 0x1af52    : c_sd a5, 24(a5)            : MemWrite :  D=0x000000000006f6c8 A=0x6f6e0
 673000: system.cpu: T0 : 0x1af54    : c_sd a5, 16(a5)            : MemWrite :  D=0x000000000006f6c8 A=0x6f6d8
 673500: system.cpu: T0 : 0x1af56    : c_addi a5, 16              : IntAlu :  D=0x000000000006f6d8
 674000: system.cpu: T0 : 0x1af58    : bne a4, a5, -6             : IntAlu : 
 674500: system.cpu: T0 : 0x1af52    : c_sd a5, 24(a5)            : MemWrite :  D=0x000000000006f6d8 A=0x6f6f0
 675000: system.cpu: T0 : 0x1af54    : c_sd a5, 16(a5)            : MemWrite :  D=0x000000000006f6d8 A=0x6f6e8
 675500: system.cpu: T0 : 0x1af56    : c_addi a5, 16              : IntAlu :  D=0x000000000006f6e8
 676000: system.cpu: T0 : 0x1af58    : bne a4, a5, -6             : IntAlu : 
 676500: system.cpu: T0 : 0x1af52    : c_sd a5, 24(a5)            : MemWrite :  D=0x000000000006f6e8 A=0x6f700
 677000: system.cpu: T0 : 0x1af54    : c_sd a5, 16(a5)            : MemWrite :  D=0x000000000006f6e8 A=0x6f6f8
 677500: system.cpu: T0 : 0x1af56    : c_addi a5, 16              : IntAlu :  D=0x000000000006f6f8
 678000: system.cpu: T0 : 0x1af58    : bne a4, a5, -6             : IntAlu : 
 678500: system.cpu: T0 : 0x1af52    : c_sd a5, 24(a5)            : MemWrite :  D=0x000000000006f6f8 A=0x6f710
 679000: system.cpu: T0 : 0x1af54    : c_sd a5, 16(a5)            : MemWrite :  D=0x000000000006f6f8 A=0x6f708
 679500: system.cpu: T0 : 0x1af56    : c_addi a5, 16              : IntAlu :  D=0x000000000006f708
 680000: system.cpu: T0 : 0x1af58    : bne a4, a5, -6             : IntAlu : 
 680500: system.cpu: T0 : 0x1af52    : c_sd a5, 24(a5)            : MemWrite :  D=0x000000000006f708 A=0x6f720
 681000: system.cpu: T0 : 0x1af54    : c_sd a5, 16(a5)            : MemWrite :  D=0x000000000006f708 A=0x6f718
 681500: system.cpu: T0 : 0x1af56    : c_addi a5, 16              : IntAlu :  D=0x000000000006f718
 682000: system.cpu: T0 : 0x1af58    : bne a4, a5, -6             : IntAlu : 
 682500: system.cpu: T0 : 0x1af52    : c_sd a5, 24(a5)            : MemWrite :  D=0x000000000006f718 A=0x6f730
 683000: system.cpu: T0 : 0x1af54    : c_sd a5, 16(a5)            : MemWrite :  D=0x000000000006f718 A=0x6f728
 683500: system.cpu: T0 : 0x1af56    : c_addi a5, 16              : IntAlu :  D=0x000000000006f728
 684000: system.cpu: T0 : 0x1af58    : bne a4, a5, -6             : IntAlu : 
 684500: system.cpu: T0 : 0x1af52    : c_sd a5, 24(a5)            : MemWrite :  D=0x000000000006f728 A=0x6f740
 685000: system.cpu: T0 : 0x1af54    : c_sd a5, 16(a5)            : MemWrite :  D=0x000000000006f728 A=0x6f738
 685500: system.cpu: T0 : 0x1af56    : c_addi a5, 16              : IntAlu :  D=0x000000000006f738
 686000: system.cpu: T0 : 0x1af58    : bne a4, a5, -6             : IntAlu : 
 686500: system.cpu: T0 : 0x1af52    : c_sd a5, 24(a5)            : MemWrite :  D=0x000000000006f738 A=0x6f750
 687000: system.cpu: T0 : 0x1af54    : c_sd a5, 16(a5)            : MemWrite :  D=0x000000000006f738 A=0x6f748
 687500: system.cpu: T0 : 0x1af56    : c_addi a5, 16              : IntAlu :  D=0x000000000006f748
 688000: system.cpu: T0 : 0x1af58    : bne a4, a5, -6             : IntAlu : 
 688500: system.cpu: T0 : 0x1af52    : c_sd a5, 24(a5)            : MemWrite :  D=0x000000000006f748 A=0x6f760
 689000: system.cpu: T0 : 0x1af54    : c_sd a5, 16(a5)            : MemWrite :  D=0x000000000006f748 A=0x6f758
 689500: system.cpu: T0 : 0x1af56    : c_addi a5, 16              : IntAlu :  D=0x000000000006f758
 690000: system.cpu: T0 : 0x1af58    : bne a4, a5, -6             : IntAlu : 
 690500: system.cpu: T0 : 0x1af52    : c_sd a5, 24(a5)            : MemWrite :  D=0x000000000006f758 A=0x6f770
 691000: system.cpu: T0 : 0x1af54    : c_sd a5, 16(a5)            : MemWrite :  D=0x000000000006f758 A=0x6f768
 691500: system.cpu: T0 : 0x1af56    : c_addi a5, 16              : IntAlu :  D=0x000000000006f768
 692000: system.cpu: T0 : 0x1af58    : bne a4, a5, -6             : IntAlu : 
 692500: system.cpu: T0 : 0x1af52    : c_sd a5, 24(a5)            : MemWrite :  D=0x000000000006f768 A=0x6f780
 693000: system.cpu: T0 : 0x1af54    : c_sd a5, 16(a5)            : MemWrite :  D=0x000000000006f768 A=0x6f778
 693500: system.cpu: T0 : 0x1af56    : c_addi a5, 16              : IntAlu :  D=0x000000000006f778
 694000: system.cpu: T0 : 0x1af58    : bne a4, a5, -6             : IntAlu : 
 694500: system.cpu: T0 : 0x1af52    : c_sd a5, 24(a5)            : MemWrite :  D=0x000000000006f778 A=0x6f790
 695000: system.cpu: T0 : 0x1af54    : c_sd a5, 16(a5)            : MemWrite :  D=0x000000000006f778 A=0x6f788
 695500: system.cpu: T0 : 0x1af56    : c_addi a5, 16              : IntAlu :  D=0x000000000006f788
 696000: system.cpu: T0 : 0x1af58    : bne a4, a5, -6             : IntAlu : 
 696500: system.cpu: T0 : 0x1af52    : c_sd a5, 24(a5)            : MemWrite :  D=0x000000000006f788 A=0x6f7a0
 697000: system.cpu: T0 : 0x1af54    : c_sd a5, 16(a5)            : MemWrite :  D=0x000000000006f788 A=0x6f798
 697500: system.cpu: T0 : 0x1af56    : c_addi a5, 16              : IntAlu :  D=0x000000000006f798
 698000: system.cpu: T0 : 0x1af58    : bne a4, a5, -6             : IntAlu : 
 698500: system.cpu: T0 : 0x1af52    : c_sd a5, 24(a5)            : MemWrite :  D=0x000000000006f798 A=0x6f7b0
 699000: system.cpu: T0 : 0x1af54    : c_sd a5, 16(a5)            : MemWrite :  D=0x000000000006f798 A=0x6f7a8
 699500: system.cpu: T0 : 0x1af56    : c_addi a5, 16              : IntAlu :  D=0x000000000006f7a8
 700000: system.cpu: T0 : 0x1af58    : bne a4, a5, -6             : IntAlu : 
 700500: system.cpu: T0 : 0x1af52    : c_sd a5, 24(a5)            : MemWrite :  D=0x000000000006f7a8 A=0x6f7c0
 701000: system.cpu: T0 : 0x1af54    : c_sd a5, 16(a5)            : MemWrite :  D=0x000000000006f7a8 A=0x6f7b8
 701500: system.cpu: T0 : 0x1af56    : c_addi a5, 16              : IntAlu :  D=0x000000000006f7b8
 702000: system.cpu: T0 : 0x1af58    : bne a4, a5, -6             : IntAlu : 
 702500: system.cpu: T0 : 0x1af52    : c_sd a5, 24(a5)            : MemWrite :  D=0x000000000006f7b8 A=0x6f7d0
 703000: system.cpu: T0 : 0x1af54    : c_sd a5, 16(a5)            : MemWrite :  D=0x000000000006f7b8 A=0x6f7c8
 703500: system.cpu: T0 : 0x1af56    : c_addi a5, 16              : IntAlu :  D=0x000000000006f7c8
 704000: system.cpu: T0 : 0x1af58    : bne a4, a5, -6             : IntAlu : 
 704500: system.cpu: T0 : 0x1af52    : c_sd a5, 24(a5)            : MemWrite :  D=0x000000000006f7c8 A=0x6f7e0
 705000: system.cpu: T0 : 0x1af54    : c_sd a5, 16(a5)            : MemWrite :  D=0x000000000006f7c8 A=0x6f7d8
 705500: system.cpu: T0 : 0x1af56    : c_addi a5, 16              : IntAlu :  D=0x000000000006f7d8
 706000: system.cpu: T0 : 0x1af58    : bne a4, a5, -6             : IntAlu : 
 706500: system.cpu: T0 : 0x1af52    : c_sd a5, 24(a5)            : MemWrite :  D=0x000000000006f7d8 A=0x6f7f0
 707000: system.cpu: T0 : 0x1af54    : c_sd a5, 16(a5)            : MemWrite :  D=0x000000000006f7d8 A=0x6f7e8
 707500: system.cpu: T0 : 0x1af56    : c_addi a5, 16              : IntAlu :  D=0x000000000006f7e8
 708000: system.cpu: T0 : 0x1af58    : bne a4, a5, -6             : IntAlu : 
 708500: system.cpu: T0 : 0x1af52    : c_sd a5, 24(a5)            : MemWrite :  D=0x000000000006f7e8 A=0x6f800
 709000: system.cpu: T0 : 0x1af54    : c_sd a5, 16(a5)            : MemWrite :  D=0x000000000006f7e8 A=0x6f7f8
 709500: system.cpu: T0 : 0x1af56    : c_addi a5, 16              : IntAlu :  D=0x000000000006f7f8
 710000: system.cpu: T0 : 0x1af58    : bne a4, a5, -6             : IntAlu : 
 710500: system.cpu: T0 : 0x1af52    : c_sd a5, 24(a5)            : MemWrite :  D=0x000000000006f7f8 A=0x6f810
 711000: system.cpu: T0 : 0x1af54    : c_sd a5, 16(a5)            : MemWrite :  D=0x000000000006f7f8 A=0x6f808
 711500: system.cpu: T0 : 0x1af56    : c_addi a5, 16              : IntAlu :  D=0x000000000006f808
 712000: system.cpu: T0 : 0x1af58    : bne a4, a5, -6             : IntAlu : 
 712500: system.cpu: T0 : 0x1af52    : c_sd a5, 24(a5)            : MemWrite :  D=0x000000000006f808 A=0x6f820
 713000: system.cpu: T0 : 0x1af54    : c_sd a5, 16(a5)            : MemWrite :  D=0x000000000006f808 A=0x6f818
 713500: system.cpu: T0 : 0x1af56    : c_addi a5, 16              : IntAlu :  D=0x000000000006f818
 714000: system.cpu: T0 : 0x1af58    : bne a4, a5, -6             : IntAlu : 
 714500: system.cpu: T0 : 0x1af52    : c_sd a5, 24(a5)            : MemWrite :  D=0x000000000006f818 A=0x6f830
 715000: system.cpu: T0 : 0x1af54    : c_sd a5, 16(a5)            : MemWrite :  D=0x000000000006f818 A=0x6f828
 715500: system.cpu: T0 : 0x1af56    : c_addi a5, 16              : IntAlu :  D=0x000000000006f828
 716000: system.cpu: T0 : 0x1af58    : bne a4, a5, -6             : IntAlu : 
 716500: system.cpu: T0 : 0x1af52    : c_sd a5, 24(a5)            : MemWrite :  D=0x000000000006f828 A=0x6f840
 717000: system.cpu: T0 : 0x1af54    : c_sd a5, 16(a5)            : MemWrite :  D=0x000000000006f828 A=0x6f838
 717500: system.cpu: T0 : 0x1af56    : c_addi a5, 16              : IntAlu :  D=0x000000000006f838
 718000: system.cpu: T0 : 0x1af58    : bne a4, a5, -6             : IntAlu : 
 718500: system.cpu: T0 : 0x1af52    : c_sd a5, 24(a5)            : MemWrite :  D=0x000000000006f838 A=0x6f850
 719000: system.cpu: T0 : 0x1af54    : c_sd a5, 16(a5)            : MemWrite :  D=0x000000000006f838 A=0x6f848
 719500: system.cpu: T0 : 0x1af56    : c_addi a5, 16              : IntAlu :  D=0x000000000006f848
 720000: system.cpu: T0 : 0x1af58    : bne a4, a5, -6             : IntAlu : 
 720500: system.cpu: T0 : 0x1af52    : c_sd a5, 24(a5)            : MemWrite :  D=0x000000000006f848 A=0x6f860
 721000: system.cpu: T0 : 0x1af54    : c_sd a5, 16(a5)            : MemWrite :  D=0x000000000006f848 A=0x6f858
 721500: system.cpu: T0 : 0x1af56    : c_addi a5, 16              : IntAlu :  D=0x000000000006f858
 722000: system.cpu: T0 : 0x1af58    : bne a4, a5, -6             : IntAlu : 
 722500: system.cpu: T0 : 0x1af52    : c_sd a5, 24(a5)            : MemWrite :  D=0x000000000006f858 A=0x6f870
 723000: system.cpu: T0 : 0x1af54    : c_sd a5, 16(a5)            : MemWrite :  D=0x000000000006f858 A=0x6f868
 723500: system.cpu: T0 : 0x1af56    : c_addi a5, 16              : IntAlu :  D=0x000000000006f868
 724000: system.cpu: T0 : 0x1af58    : bne a4, a5, -6             : IntAlu : 
 724500: system.cpu: T0 : 0x1af52    : c_sd a5, 24(a5)            : MemWrite :  D=0x000000000006f868 A=0x6f880
 725000: system.cpu: T0 : 0x1af54    : c_sd a5, 16(a5)            : MemWrite :  D=0x000000000006f868 A=0x6f878
 725500: system.cpu: T0 : 0x1af56    : c_addi a5, 16              : IntAlu :  D=0x000000000006f878
 726000: system.cpu: T0 : 0x1af58    : bne a4, a5, -6             : IntAlu : 
 726500: system.cpu: T0 : 0x1af52    : c_sd a5, 24(a5)            : MemWrite :  D=0x000000000006f878 A=0x6f890
 727000: system.cpu: T0 : 0x1af54    : c_sd a5, 16(a5)            : MemWrite :  D=0x000000000006f878 A=0x6f888
 727500: system.cpu: T0 : 0x1af56    : c_addi a5, 16              : IntAlu :  D=0x000000000006f888
 728000: system.cpu: T0 : 0x1af58    : bne a4, a5, -6             : IntAlu : 
 728500: system.cpu: T0 : 0x1af52    : c_sd a5, 24(a5)            : MemWrite :  D=0x000000000006f888 A=0x6f8a0
 729000: system.cpu: T0 : 0x1af54    : c_sd a5, 16(a5)            : MemWrite :  D=0x000000000006f888 A=0x6f898
 729500: system.cpu: T0 : 0x1af56    : c_addi a5, 16              : IntAlu :  D=0x000000000006f898
 730000: system.cpu: T0 : 0x1af58    : bne a4, a5, -6             : IntAlu : 
 730500: system.cpu: T0 : 0x1af52    : c_sd a5, 24(a5)            : MemWrite :  D=0x000000000006f898 A=0x6f8b0
 731000: system.cpu: T0 : 0x1af54    : c_sd a5, 16(a5)            : MemWrite :  D=0x000000000006f898 A=0x6f8a8
 731500: system.cpu: T0 : 0x1af56    : c_addi a5, 16              : IntAlu :  D=0x000000000006f8a8
 732000: system.cpu: T0 : 0x1af58    : bne a4, a5, -6             : IntAlu : 
 732500: system.cpu: T0 : 0x1af52    : c_sd a5, 24(a5)            : MemWrite :  D=0x000000000006f8a8 A=0x6f8c0
 733000: system.cpu: T0 : 0x1af54    : c_sd a5, 16(a5)            : MemWrite :  D=0x000000000006f8a8 A=0x6f8b8
 733500: system.cpu: T0 : 0x1af56    : c_addi a5, 16              : IntAlu :  D=0x000000000006f8b8
 734000: system.cpu: T0 : 0x1af58    : bne a4, a5, -6             : IntAlu : 
 734500: system.cpu: T0 : 0x1af52    : c_sd a5, 24(a5)            : MemWrite :  D=0x000000000006f8b8 A=0x6f8d0
 735000: system.cpu: T0 : 0x1af54    : c_sd a5, 16(a5)            : MemWrite :  D=0x000000000006f8b8 A=0x6f8c8
 735500: system.cpu: T0 : 0x1af56    : c_addi a5, 16              : IntAlu :  D=0x000000000006f8c8
 736000: system.cpu: T0 : 0x1af58    : bne a4, a5, -6             : IntAlu : 
 736500: system.cpu: T0 : 0x1af52    : c_sd a5, 24(a5)            : MemWrite :  D=0x000000000006f8c8 A=0x6f8e0
 737000: system.cpu: T0 : 0x1af54    : c_sd a5, 16(a5)            : MemWrite :  D=0x000000000006f8c8 A=0x6f8d8
 737500: system.cpu: T0 : 0x1af56    : c_addi a5, 16              : IntAlu :  D=0x000000000006f8d8
 738000: system.cpu: T0 : 0x1af58    : bne a4, a5, -6             : IntAlu : 
 738500: system.cpu: T0 : 0x1af52    : c_sd a5, 24(a5)            : MemWrite :  D=0x000000000006f8d8 A=0x6f8f0
 739000: system.cpu: T0 : 0x1af54    : c_sd a5, 16(a5)            : MemWrite :  D=0x000000000006f8d8 A=0x6f8e8
 739500: system.cpu: T0 : 0x1af56    : c_addi a5, 16              : IntAlu :  D=0x000000000006f8e8
 740000: system.cpu: T0 : 0x1af58    : bne a4, a5, -6             : IntAlu : 
 740500: system.cpu: T0 : 0x1af52    : c_sd a5, 24(a5)            : MemWrite :  D=0x000000000006f8e8 A=0x6f900
 741000: system.cpu: T0 : 0x1af54    : c_sd a5, 16(a5)            : MemWrite :  D=0x000000000006f8e8 A=0x6f8f8
 741500: system.cpu: T0 : 0x1af56    : c_addi a5, 16              : IntAlu :  D=0x000000000006f8f8
 742000: system.cpu: T0 : 0x1af58    : bne a4, a5, -6             : IntAlu : 
 742500: system.cpu: T0 : 0x1af52    : c_sd a5, 24(a5)            : MemWrite :  D=0x000000000006f8f8 A=0x6f910
 743000: system.cpu: T0 : 0x1af54    : c_sd a5, 16(a5)            : MemWrite :  D=0x000000000006f8f8 A=0x6f908
 743500: system.cpu: T0 : 0x1af56    : c_addi a5, 16              : IntAlu :  D=0x000000000006f908
 744000: system.cpu: T0 : 0x1af58    : bne a4, a5, -6             : IntAlu : 
 744500: system.cpu: T0 : 0x1af52    : c_sd a5, 24(a5)            : MemWrite :  D=0x000000000006f908 A=0x6f920
 745000: system.cpu: T0 : 0x1af54    : c_sd a5, 16(a5)            : MemWrite :  D=0x000000000006f908 A=0x6f918
 745500: system.cpu: T0 : 0x1af56    : c_addi a5, 16              : IntAlu :  D=0x000000000006f918
 746000: system.cpu: T0 : 0x1af58    : bne a4, a5, -6             : IntAlu : 
 746500: system.cpu: T0 : 0x1af52    : c_sd a5, 24(a5)            : MemWrite :  D=0x000000000006f918 A=0x6f930
 747000: system.cpu: T0 : 0x1af54    : c_sd a5, 16(a5)            : MemWrite :  D=0x000000000006f918 A=0x6f928
 747500: system.cpu: T0 : 0x1af56    : c_addi a5, 16              : IntAlu :  D=0x000000000006f928
 748000: system.cpu: T0 : 0x1af58    : bne a4, a5, -6             : IntAlu : 
 748500: system.cpu: T0 : 0x1af52    : c_sd a5, 24(a5)            : MemWrite :  D=0x000000000006f928 A=0x6f940
 749000: system.cpu: T0 : 0x1af54    : c_sd a5, 16(a5)            : MemWrite :  D=0x000000000006f928 A=0x6f938
 749500: system.cpu: T0 : 0x1af56    : c_addi a5, 16              : IntAlu :  D=0x000000000006f938
 750000: system.cpu: T0 : 0x1af58    : bne a4, a5, -6             : IntAlu : 
 750500: system.cpu: T0 : 0x1af52    : c_sd a5, 24(a5)            : MemWrite :  D=0x000000000006f938 A=0x6f950
 751000: system.cpu: T0 : 0x1af54    : c_sd a5, 16(a5)            : MemWrite :  D=0x000000000006f938 A=0x6f948
 751500: system.cpu: T0 : 0x1af56    : c_addi a5, 16              : IntAlu :  D=0x000000000006f948
 752000: system.cpu: T0 : 0x1af58    : bne a4, a5, -6             : IntAlu : 
 752500: system.cpu: T0 : 0x1af52    : c_sd a5, 24(a5)            : MemWrite :  D=0x000000000006f948 A=0x6f960
 753000: system.cpu: T0 : 0x1af54    : c_sd a5, 16(a5)            : MemWrite :  D=0x000000000006f948 A=0x6f958
 753500: system.cpu: T0 : 0x1af56    : c_addi a5, 16              : IntAlu :  D=0x000000000006f958
 754000: system.cpu: T0 : 0x1af58    : bne a4, a5, -6             : IntAlu : 
 754500: system.cpu: T0 : 0x1af52    : c_sd a5, 24(a5)            : MemWrite :  D=0x000000000006f958 A=0x6f970
 755000: system.cpu: T0 : 0x1af54    : c_sd a5, 16(a5)            : MemWrite :  D=0x000000000006f958 A=0x6f968
 755500: system.cpu: T0 : 0x1af56    : c_addi a5, 16              : IntAlu :  D=0x000000000006f968
 756000: system.cpu: T0 : 0x1af58    : bne a4, a5, -6             : IntAlu : 
 756500: system.cpu: T0 : 0x1af52    : c_sd a5, 24(a5)            : MemWrite :  D=0x000000000006f968 A=0x6f980
 757000: system.cpu: T0 : 0x1af54    : c_sd a5, 16(a5)            : MemWrite :  D=0x000000000006f968 A=0x6f978
 757500: system.cpu: T0 : 0x1af56    : c_addi a5, 16              : IntAlu :  D=0x000000000006f978
 758000: system.cpu: T0 : 0x1af58    : bne a4, a5, -6             : IntAlu : 
 758500: system.cpu: T0 : 0x1af52    : c_sd a5, 24(a5)            : MemWrite :  D=0x000000000006f978 A=0x6f990
 759000: system.cpu: T0 : 0x1af54    : c_sd a5, 16(a5)            : MemWrite :  D=0x000000000006f978 A=0x6f988
 759500: system.cpu: T0 : 0x1af56    : c_addi a5, 16              : IntAlu :  D=0x000000000006f988
 760000: system.cpu: T0 : 0x1af58    : bne a4, a5, -6             : IntAlu : 
 760500: system.cpu: T0 : 0x1af52    : c_sd a5, 24(a5)            : MemWrite :  D=0x000000000006f988 A=0x6f9a0
 761000: system.cpu: T0 : 0x1af54    : c_sd a5, 16(a5)            : MemWrite :  D=0x000000000006f988 A=0x6f998
 761500: system.cpu: T0 : 0x1af56    : c_addi a5, 16              : IntAlu :  D=0x000000000006f998
 762000: system.cpu: T0 : 0x1af58    : bne a4, a5, -6             : IntAlu : 
 762500: system.cpu: T0 : 0x1af52    : c_sd a5, 24(a5)            : MemWrite :  D=0x000000000006f998 A=0x6f9b0
 763000: system.cpu: T0 : 0x1af54    : c_sd a5, 16(a5)            : MemWrite :  D=0x000000000006f998 A=0x6f9a8
 763500: system.cpu: T0 : 0x1af56    : c_addi a5, 16              : IntAlu :  D=0x000000000006f9a8
 764000: system.cpu: T0 : 0x1af58    : bne a4, a5, -6             : IntAlu : 
 764500: system.cpu: T0 : 0x1af52    : c_sd a5, 24(a5)            : MemWrite :  D=0x000000000006f9a8 A=0x6f9c0
 765000: system.cpu: T0 : 0x1af54    : c_sd a5, 16(a5)            : MemWrite :  D=0x000000000006f9a8 A=0x6f9b8
 765500: system.cpu: T0 : 0x1af56    : c_addi a5, 16              : IntAlu :  D=0x000000000006f9b8
 766000: system.cpu: T0 : 0x1af58    : bne a4, a5, -6             : IntAlu : 
 766500: system.cpu: T0 : 0x1af52    : c_sd a5, 24(a5)            : MemWrite :  D=0x000000000006f9b8 A=0x6f9d0
 767000: system.cpu: T0 : 0x1af54    : c_sd a5, 16(a5)            : MemWrite :  D=0x000000000006f9b8 A=0x6f9c8
 767500: system.cpu: T0 : 0x1af56    : c_addi a5, 16              : IntAlu :  D=0x000000000006f9c8
 768000: system.cpu: T0 : 0x1af58    : bne a4, a5, -6             : IntAlu : 
 768500: system.cpu: T0 : 0x1af52    : c_sd a5, 24(a5)            : MemWrite :  D=0x000000000006f9c8 A=0x6f9e0
 769000: system.cpu: T0 : 0x1af54    : c_sd a5, 16(a5)            : MemWrite :  D=0x000000000006f9c8 A=0x6f9d8
 769500: system.cpu: T0 : 0x1af56    : c_addi a5, 16              : IntAlu :  D=0x000000000006f9d8
 770000: system.cpu: T0 : 0x1af58    : bne a4, a5, -6             : IntAlu : 
 770500: system.cpu: T0 : 0x1af52    : c_sd a5, 24(a5)            : MemWrite :  D=0x000000000006f9d8 A=0x6f9f0
 771000: system.cpu: T0 : 0x1af54    : c_sd a5, 16(a5)            : MemWrite :  D=0x000000000006f9d8 A=0x6f9e8
 771500: system.cpu: T0 : 0x1af56    : c_addi a5, 16              : IntAlu :  D=0x000000000006f9e8
 772000: system.cpu: T0 : 0x1af58    : bne a4, a5, -6             : IntAlu : 
 772500: system.cpu: T0 : 0x1af52    : c_sd a5, 24(a5)            : MemWrite :  D=0x000000000006f9e8 A=0x6fa00
 773000: system.cpu: T0 : 0x1af54    : c_sd a5, 16(a5)            : MemWrite :  D=0x000000000006f9e8 A=0x6f9f8
 773500: system.cpu: T0 : 0x1af56    : c_addi a5, 16              : IntAlu :  D=0x000000000006f9f8
 774000: system.cpu: T0 : 0x1af58    : bne a4, a5, -6             : IntAlu : 
 774500: system.cpu: T0 : 0x1af52    : c_sd a5, 24(a5)            : MemWrite :  D=0x000000000006f9f8 A=0x6fa10
 775000: system.cpu: T0 : 0x1af54    : c_sd a5, 16(a5)            : MemWrite :  D=0x000000000006f9f8 A=0x6fa08
 775500: system.cpu: T0 : 0x1af56    : c_addi a5, 16              : IntAlu :  D=0x000000000006fa08
 776000: system.cpu: T0 : 0x1af58    : bne a4, a5, -6             : IntAlu : 
 776500: system.cpu: T0 : 0x1af52    : c_sd a5, 24(a5)            : MemWrite :  D=0x000000000006fa08 A=0x6fa20
 777000: system.cpu: T0 : 0x1af54    : c_sd a5, 16(a5)            : MemWrite :  D=0x000000000006fa08 A=0x6fa18
 777500: system.cpu: T0 : 0x1af56    : c_addi a5, 16              : IntAlu :  D=0x000000000006fa18
 778000: system.cpu: T0 : 0x1af58    : bne a4, a5, -6             : IntAlu : 
 778500: system.cpu: T0 : 0x1af52    : c_sd a5, 24(a5)            : MemWrite :  D=0x000000000006fa18 A=0x6fa30
 779000: system.cpu: T0 : 0x1af54    : c_sd a5, 16(a5)            : MemWrite :  D=0x000000000006fa18 A=0x6fa28
 779500: system.cpu: T0 : 0x1af56    : c_addi a5, 16              : IntAlu :  D=0x000000000006fa28
 780000: system.cpu: T0 : 0x1af58    : bne a4, a5, -6             : IntAlu : 
 780500: system.cpu: T0 : 0x1af52    : c_sd a5, 24(a5)            : MemWrite :  D=0x000000000006fa28 A=0x6fa40
 781000: system.cpu: T0 : 0x1af54    : c_sd a5, 16(a5)            : MemWrite :  D=0x000000000006fa28 A=0x6fa38
 781500: system.cpu: T0 : 0x1af56    : c_addi a5, 16              : IntAlu :  D=0x000000000006fa38
 782000: system.cpu: T0 : 0x1af58    : bne a4, a5, -6             : IntAlu : 
 782500: system.cpu: T0 : 0x1af52    : c_sd a5, 24(a5)            : MemWrite :  D=0x000000000006fa38 A=0x6fa50
 783000: system.cpu: T0 : 0x1af54    : c_sd a5, 16(a5)            : MemWrite :  D=0x000000000006fa38 A=0x6fa48
 783500: system.cpu: T0 : 0x1af56    : c_addi a5, 16              : IntAlu :  D=0x000000000006fa48
 784000: system.cpu: T0 : 0x1af58    : bne a4, a5, -6             : IntAlu : 
 784500: system.cpu: T0 : 0x1af52    : c_sd a5, 24(a5)            : MemWrite :  D=0x000000000006fa48 A=0x6fa60
 785000: system.cpu: T0 : 0x1af54    : c_sd a5, 16(a5)            : MemWrite :  D=0x000000000006fa48 A=0x6fa58
 785500: system.cpu: T0 : 0x1af56    : c_addi a5, 16              : IntAlu :  D=0x000000000006fa58
 786000: system.cpu: T0 : 0x1af58    : bne a4, a5, -6             : IntAlu : 
 786500: system.cpu: T0 : 0x1af52    : c_sd a5, 24(a5)            : MemWrite :  D=0x000000000006fa58 A=0x6fa70
 787000: system.cpu: T0 : 0x1af54    : c_sd a5, 16(a5)            : MemWrite :  D=0x000000000006fa58 A=0x6fa68
 787500: system.cpu: T0 : 0x1af56    : c_addi a5, 16              : IntAlu :  D=0x000000000006fa68
 788000: system.cpu: T0 : 0x1af58    : bne a4, a5, -6             : IntAlu : 
 788500: system.cpu: T0 : 0x1af52    : c_sd a5, 24(a5)            : MemWrite :  D=0x000000000006fa68 A=0x6fa80
 789000: system.cpu: T0 : 0x1af54    : c_sd a5, 16(a5)            : MemWrite :  D=0x000000000006fa68 A=0x6fa78
 789500: system.cpu: T0 : 0x1af56    : c_addi a5, 16              : IntAlu :  D=0x000000000006fa78
 790000: system.cpu: T0 : 0x1af58    : bne a4, a5, -6             : IntAlu : 
 790500: system.cpu: T0 : 0x1af52    : c_sd a5, 24(a5)            : MemWrite :  D=0x000000000006fa78 A=0x6fa90
 791000: system.cpu: T0 : 0x1af54    : c_sd a5, 16(a5)            : MemWrite :  D=0x000000000006fa78 A=0x6fa88
 791500: system.cpu: T0 : 0x1af56    : c_addi a5, 16              : IntAlu :  D=0x000000000006fa88
 792000: system.cpu: T0 : 0x1af58    : bne a4, a5, -6             : IntAlu : 
 792500: system.cpu: T0 : 0x1af52    : c_sd a5, 24(a5)            : MemWrite :  D=0x000000000006fa88 A=0x6faa0
 793000: system.cpu: T0 : 0x1af54    : c_sd a5, 16(a5)            : MemWrite :  D=0x000000000006fa88 A=0x6fa98
 793500: system.cpu: T0 : 0x1af56    : c_addi a5, 16              : IntAlu :  D=0x000000000006fa98
 794000: system.cpu: T0 : 0x1af58    : bne a4, a5, -6             : IntAlu : 
 794500: system.cpu: T0 : 0x1af52    : c_sd a5, 24(a5)            : MemWrite :  D=0x000000000006fa98 A=0x6fab0
 795000: system.cpu: T0 : 0x1af54    : c_sd a5, 16(a5)            : MemWrite :  D=0x000000000006fa98 A=0x6faa8
 795500: system.cpu: T0 : 0x1af56    : c_addi a5, 16              : IntAlu :  D=0x000000000006faa8
 796000: system.cpu: T0 : 0x1af58    : bne a4, a5, -6             : IntAlu : 
 796500: system.cpu: T0 : 0x1af52    : c_sd a5, 24(a5)            : MemWrite :  D=0x000000000006faa8 A=0x6fac0
 797000: system.cpu: T0 : 0x1af54    : c_sd a5, 16(a5)            : MemWrite :  D=0x000000000006faa8 A=0x6fab8
 797500: system.cpu: T0 : 0x1af56    : c_addi a5, 16              : IntAlu :  D=0x000000000006fab8
 798000: system.cpu: T0 : 0x1af58    : bne a4, a5, -6             : IntAlu : 
 798500: system.cpu: T0 : 0x1af52    : c_sd a5, 24(a5)            : MemWrite :  D=0x000000000006fab8 A=0x6fad0
 799000: system.cpu: T0 : 0x1af54    : c_sd a5, 16(a5)            : MemWrite :  D=0x000000000006fab8 A=0x6fac8
 799500: system.cpu: T0 : 0x1af56    : c_addi a5, 16              : IntAlu :  D=0x000000000006fac8
 800000: system.cpu: T0 : 0x1af58    : bne a4, a5, -6             : IntAlu : 
 800500: system.cpu: T0 : 0x1af52    : c_sd a5, 24(a5)            : MemWrite :  D=0x000000000006fac8 A=0x6fae0
 801000: system.cpu: T0 : 0x1af54    : c_sd a5, 16(a5)            : MemWrite :  D=0x000000000006fac8 A=0x6fad8
 801500: system.cpu: T0 : 0x1af56    : c_addi a5, 16              : IntAlu :  D=0x000000000006fad8
 802000: system.cpu: T0 : 0x1af58    : bne a4, a5, -6             : IntAlu : 
 802500: system.cpu: T0 : 0x1af52    : c_sd a5, 24(a5)            : MemWrite :  D=0x000000000006fad8 A=0x6faf0
 803000: system.cpu: T0 : 0x1af54    : c_sd a5, 16(a5)            : MemWrite :  D=0x000000000006fad8 A=0x6fae8
 803500: system.cpu: T0 : 0x1af56    : c_addi a5, 16              : IntAlu :  D=0x000000000006fae8
 804000: system.cpu: T0 : 0x1af58    : bne a4, a5, -6             : IntAlu : 
 804500: system.cpu: T0 : 0x1af52    : c_sd a5, 24(a5)            : MemWrite :  D=0x000000000006fae8 A=0x6fb00
 805000: system.cpu: T0 : 0x1af54    : c_sd a5, 16(a5)            : MemWrite :  D=0x000000000006fae8 A=0x6faf8
 805500: system.cpu: T0 : 0x1af56    : c_addi a5, 16              : IntAlu :  D=0x000000000006faf8
 806000: system.cpu: T0 : 0x1af58    : bne a4, a5, -6             : IntAlu : 
 806500: system.cpu: T0 : 0x1af52    : c_sd a5, 24(a5)            : MemWrite :  D=0x000000000006faf8 A=0x6fb10
 807000: system.cpu: T0 : 0x1af54    : c_sd a5, 16(a5)            : MemWrite :  D=0x000000000006faf8 A=0x6fb08
 807500: system.cpu: T0 : 0x1af56    : c_addi a5, 16              : IntAlu :  D=0x000000000006fb08
 808000: system.cpu: T0 : 0x1af58    : bne a4, a5, -6             : IntAlu : 
 808500: system.cpu: T0 : 0x1af52    : c_sd a5, 24(a5)            : MemWrite :  D=0x000000000006fb08 A=0x6fb20
 809000: system.cpu: T0 : 0x1af54    : c_sd a5, 16(a5)            : MemWrite :  D=0x000000000006fb08 A=0x6fb18
 809500: system.cpu: T0 : 0x1af56    : c_addi a5, 16              : IntAlu :  D=0x000000000006fb18
 810000: system.cpu: T0 : 0x1af58    : bne a4, a5, -6             : IntAlu : 
 810500: system.cpu: T0 : 0x1af52    : c_sd a5, 24(a5)            : MemWrite :  D=0x000000000006fb18 A=0x6fb30
 811000: system.cpu: T0 : 0x1af54    : c_sd a5, 16(a5)            : MemWrite :  D=0x000000000006fb18 A=0x6fb28
 811500: system.cpu: T0 : 0x1af56    : c_addi a5, 16              : IntAlu :  D=0x000000000006fb28
 812000: system.cpu: T0 : 0x1af58    : bne a4, a5, -6             : IntAlu : 
 812500: system.cpu: T0 : 0x1af52    : c_sd a5, 24(a5)            : MemWrite :  D=0x000000000006fb28 A=0x6fb40
 813000: system.cpu: T0 : 0x1af54    : c_sd a5, 16(a5)            : MemWrite :  D=0x000000000006fb28 A=0x6fb38
 813500: system.cpu: T0 : 0x1af56    : c_addi a5, 16              : IntAlu :  D=0x000000000006fb38
 814000: system.cpu: T0 : 0x1af58    : bne a4, a5, -6             : IntAlu : 
 814500: system.cpu: T0 : 0x1af52    : c_sd a5, 24(a5)            : MemWrite :  D=0x000000000006fb38 A=0x6fb50
 815000: system.cpu: T0 : 0x1af54    : c_sd a5, 16(a5)            : MemWrite :  D=0x000000000006fb38 A=0x6fb48
 815500: system.cpu: T0 : 0x1af56    : c_addi a5, 16              : IntAlu :  D=0x000000000006fb48
 816000: system.cpu: T0 : 0x1af58    : bne a4, a5, -6             : IntAlu : 
 816500: system.cpu: T0 : 0x1af52    : c_sd a5, 24(a5)            : MemWrite :  D=0x000000000006fb48 A=0x6fb60
 817000: system.cpu: T0 : 0x1af54    : c_sd a5, 16(a5)            : MemWrite :  D=0x000000000006fb48 A=0x6fb58
 817500: system.cpu: T0 : 0x1af56    : c_addi a5, 16              : IntAlu :  D=0x000000000006fb58
 818000: system.cpu: T0 : 0x1af58    : bne a4, a5, -6             : IntAlu : 
 818500: system.cpu: T0 : 0x1af52    : c_sd a5, 24(a5)            : MemWrite :  D=0x000000000006fb58 A=0x6fb70
 819000: system.cpu: T0 : 0x1af54    : c_sd a5, 16(a5)            : MemWrite :  D=0x000000000006fb58 A=0x6fb68
 819500: system.cpu: T0 : 0x1af56    : c_addi a5, 16              : IntAlu :  D=0x000000000006fb68
 820000: system.cpu: T0 : 0x1af58    : bne a4, a5, -6             : IntAlu : 
 820500: system.cpu: T0 : 0x1af52    : c_sd a5, 24(a5)            : MemWrite :  D=0x000000000006fb68 A=0x6fb80
 821000: system.cpu: T0 : 0x1af54    : c_sd a5, 16(a5)            : MemWrite :  D=0x000000000006fb68 A=0x6fb78
 821500: system.cpu: T0 : 0x1af56    : c_addi a5, 16              : IntAlu :  D=0x000000000006fb78
 822000: system.cpu: T0 : 0x1af58    : bne a4, a5, -6             : IntAlu : 
 822500: system.cpu: T0 : 0x1af52    : c_sd a5, 24(a5)            : MemWrite :  D=0x000000000006fb78 A=0x6fb90
 823000: system.cpu: T0 : 0x1af54    : c_sd a5, 16(a5)            : MemWrite :  D=0x000000000006fb78 A=0x6fb88
 823500: system.cpu: T0 : 0x1af56    : c_addi a5, 16              : IntAlu :  D=0x000000000006fb88
 824000: system.cpu: T0 : 0x1af58    : bne a4, a5, -6             : IntAlu : 
 824500: system.cpu: T0 : 0x1af52    : c_sd a5, 24(a5)            : MemWrite :  D=0x000000000006fb88 A=0x6fba0
 825000: system.cpu: T0 : 0x1af54    : c_sd a5, 16(a5)            : MemWrite :  D=0x000000000006fb88 A=0x6fb98
 825500: system.cpu: T0 : 0x1af56    : c_addi a5, 16              : IntAlu :  D=0x000000000006fb98
 826000: system.cpu: T0 : 0x1af58    : bne a4, a5, -6             : IntAlu : 
 826500: system.cpu: T0 : 0x1af52    : c_sd a5, 24(a5)            : MemWrite :  D=0x000000000006fb98 A=0x6fbb0
 827000: system.cpu: T0 : 0x1af54    : c_sd a5, 16(a5)            : MemWrite :  D=0x000000000006fb98 A=0x6fba8
 827500: system.cpu: T0 : 0x1af56    : c_addi a5, 16              : IntAlu :  D=0x000000000006fba8
 828000: system.cpu: T0 : 0x1af58    : bne a4, a5, -6             : IntAlu : 
 828500: system.cpu: T0 : 0x1af52    : c_sd a5, 24(a5)            : MemWrite :  D=0x000000000006fba8 A=0x6fbc0
 829000: system.cpu: T0 : 0x1af54    : c_sd a5, 16(a5)            : MemWrite :  D=0x000000000006fba8 A=0x6fbb8
 829500: system.cpu: T0 : 0x1af56    : c_addi a5, 16              : IntAlu :  D=0x000000000006fbb8
 830000: system.cpu: T0 : 0x1af58    : bne a4, a5, -6             : IntAlu : 
 830500: system.cpu: T0 : 0x1af52    : c_sd a5, 24(a5)            : MemWrite :  D=0x000000000006fbb8 A=0x6fbd0
 831000: system.cpu: T0 : 0x1af54    : c_sd a5, 16(a5)            : MemWrite :  D=0x000000000006fbb8 A=0x6fbc8
 831500: system.cpu: T0 : 0x1af56    : c_addi a5, 16              : IntAlu :  D=0x000000000006fbc8
 832000: system.cpu: T0 : 0x1af58    : bne a4, a5, -6             : IntAlu : 
 832500: system.cpu: T0 : 0x1af52    : c_sd a5, 24(a5)            : MemWrite :  D=0x000000000006fbc8 A=0x6fbe0
 833000: system.cpu: T0 : 0x1af54    : c_sd a5, 16(a5)            : MemWrite :  D=0x000000000006fbc8 A=0x6fbd8
 833500: system.cpu: T0 : 0x1af56    : c_addi a5, 16              : IntAlu :  D=0x000000000006fbd8
 834000: system.cpu: T0 : 0x1af58    : bne a4, a5, -6             : IntAlu : 
 834500: system.cpu: T0 : 0x1af52    : c_sd a5, 24(a5)            : MemWrite :  D=0x000000000006fbd8 A=0x6fbf0
 835000: system.cpu: T0 : 0x1af54    : c_sd a5, 16(a5)            : MemWrite :  D=0x000000000006fbd8 A=0x6fbe8
 835500: system.cpu: T0 : 0x1af56    : c_addi a5, 16              : IntAlu :  D=0x000000000006fbe8
 836000: system.cpu: T0 : 0x1af58    : bne a4, a5, -6             : IntAlu : 
 836500: system.cpu: T0 : 0x1af52    : c_sd a5, 24(a5)            : MemWrite :  D=0x000000000006fbe8 A=0x6fc00
 837000: system.cpu: T0 : 0x1af54    : c_sd a5, 16(a5)            : MemWrite :  D=0x000000000006fbe8 A=0x6fbf8
 837500: system.cpu: T0 : 0x1af56    : c_addi a5, 16              : IntAlu :  D=0x000000000006fbf8
 838000: system.cpu: T0 : 0x1af58    : bne a4, a5, -6             : IntAlu : 
 838500: system.cpu: T0 : 0x1af52    : c_sd a5, 24(a5)            : MemWrite :  D=0x000000000006fbf8 A=0x6fc10
 839000: system.cpu: T0 : 0x1af54    : c_sd a5, 16(a5)            : MemWrite :  D=0x000000000006fbf8 A=0x6fc08
 839500: system.cpu: T0 : 0x1af56    : c_addi a5, 16              : IntAlu :  D=0x000000000006fc08
 840000: system.cpu: T0 : 0x1af58    : bne a4, a5, -6             : IntAlu : 
 840500: system.cpu: T0 : 0x1af52    : c_sd a5, 24(a5)            : MemWrite :  D=0x000000000006fc08 A=0x6fc20
 841000: system.cpu: T0 : 0x1af54    : c_sd a5, 16(a5)            : MemWrite :  D=0x000000000006fc08 A=0x6fc18
 841500: system.cpu: T0 : 0x1af56    : c_addi a5, 16              : IntAlu :  D=0x000000000006fc18
 842000: system.cpu: T0 : 0x1af58    : bne a4, a5, -6             : IntAlu : 
 842500: system.cpu: T0 : 0x1af52    : c_sd a5, 24(a5)            : MemWrite :  D=0x000000000006fc18 A=0x6fc30
 843000: system.cpu: T0 : 0x1af54    : c_sd a5, 16(a5)            : MemWrite :  D=0x000000000006fc18 A=0x6fc28
 843500: system.cpu: T0 : 0x1af56    : c_addi a5, 16              : IntAlu :  D=0x000000000006fc28
 844000: system.cpu: T0 : 0x1af58    : bne a4, a5, -6             : IntAlu : 
 844500: system.cpu: T0 : 0x1af52    : c_sd a5, 24(a5)            : MemWrite :  D=0x000000000006fc28 A=0x6fc40
 845000: system.cpu: T0 : 0x1af54    : c_sd a5, 16(a5)            : MemWrite :  D=0x000000000006fc28 A=0x6fc38
 845500: system.cpu: T0 : 0x1af56    : c_addi a5, 16              : IntAlu :  D=0x000000000006fc38
 846000: system.cpu: T0 : 0x1af58    : bne a4, a5, -6             : IntAlu : 
 846500: system.cpu: T0 : 0x1af52    : c_sd a5, 24(a5)            : MemWrite :  D=0x000000000006fc38 A=0x6fc50
 847000: system.cpu: T0 : 0x1af54    : c_sd a5, 16(a5)            : MemWrite :  D=0x000000000006fc38 A=0x6fc48
 847500: system.cpu: T0 : 0x1af56    : c_addi a5, 16              : IntAlu :  D=0x000000000006fc48
 848000: system.cpu: T0 : 0x1af58    : bne a4, a5, -6             : IntAlu : 
 848500: system.cpu: T0 : 0x1af52    : c_sd a5, 24(a5)            : MemWrite :  D=0x000000000006fc48 A=0x6fc60
 849000: system.cpu: T0 : 0x1af54    : c_sd a5, 16(a5)            : MemWrite :  D=0x000000000006fc48 A=0x6fc58
 849500: system.cpu: T0 : 0x1af56    : c_addi a5, 16              : IntAlu :  D=0x000000000006fc58
 850000: system.cpu: T0 : 0x1af58    : bne a4, a5, -6             : IntAlu : 
 850500: system.cpu: T0 : 0x1af52    : c_sd a5, 24(a5)            : MemWrite :  D=0x000000000006fc58 A=0x6fc70
 851000: system.cpu: T0 : 0x1af54    : c_sd a5, 16(a5)            : MemWrite :  D=0x000000000006fc58 A=0x6fc68
 851500: system.cpu: T0 : 0x1af56    : c_addi a5, 16              : IntAlu :  D=0x000000000006fc68
 852000: system.cpu: T0 : 0x1af58    : bne a4, a5, -6             : IntAlu : 
 852500: system.cpu: T0 : 0x1af52    : c_sd a5, 24(a5)            : MemWrite :  D=0x000000000006fc68 A=0x6fc80
 853000: system.cpu: T0 : 0x1af54    : c_sd a5, 16(a5)            : MemWrite :  D=0x000000000006fc68 A=0x6fc78
 853500: system.cpu: T0 : 0x1af56    : c_addi a5, 16              : IntAlu :  D=0x000000000006fc78
 854000: system.cpu: T0 : 0x1af58    : bne a4, a5, -6             : IntAlu : 
 854500: system.cpu: T0 : 0x1af52    : c_sd a5, 24(a5)            : MemWrite :  D=0x000000000006fc78 A=0x6fc90
 855000: system.cpu: T0 : 0x1af54    : c_sd a5, 16(a5)            : MemWrite :  D=0x000000000006fc78 A=0x6fc88
 855500: system.cpu: T0 : 0x1af56    : c_addi a5, 16              : IntAlu :  D=0x000000000006fc88
 856000: system.cpu: T0 : 0x1af58    : bne a4, a5, -6             : IntAlu : 
 856500: system.cpu: T0 : 0x1af52    : c_sd a5, 24(a5)            : MemWrite :  D=0x000000000006fc88 A=0x6fca0
 857000: system.cpu: T0 : 0x1af54    : c_sd a5, 16(a5)            : MemWrite :  D=0x000000000006fc88 A=0x6fc98
 857500: system.cpu: T0 : 0x1af56    : c_addi a5, 16              : IntAlu :  D=0x000000000006fc98
 858000: system.cpu: T0 : 0x1af58    : bne a4, a5, -6             : IntAlu : 
 858500: system.cpu: T0 : 0x1af52    : c_sd a5, 24(a5)            : MemWrite :  D=0x000000000006fc98 A=0x6fcb0
 859000: system.cpu: T0 : 0x1af54    : c_sd a5, 16(a5)            : MemWrite :  D=0x000000000006fc98 A=0x6fca8
 859500: system.cpu: T0 : 0x1af56    : c_addi a5, 16              : IntAlu :  D=0x000000000006fca8
 860000: system.cpu: T0 : 0x1af58    : bne a4, a5, -6             : IntAlu : 
 860500: system.cpu: T0 : 0x1af52    : c_sd a5, 24(a5)            : MemWrite :  D=0x000000000006fca8 A=0x6fcc0
 861000: system.cpu: T0 : 0x1af54    : c_sd a5, 16(a5)            : MemWrite :  D=0x000000000006fca8 A=0x6fcb8
 861500: system.cpu: T0 : 0x1af56    : c_addi a5, 16              : IntAlu :  D=0x000000000006fcb8
 862000: system.cpu: T0 : 0x1af58    : bne a4, a5, -6             : IntAlu : 
 862500: system.cpu: T0 : 0x1af52    : c_sd a5, 24(a5)            : MemWrite :  D=0x000000000006fcb8 A=0x6fcd0
 863000: system.cpu: T0 : 0x1af54    : c_sd a5, 16(a5)            : MemWrite :  D=0x000000000006fcb8 A=0x6fcc8
 863500: system.cpu: T0 : 0x1af56    : c_addi a5, 16              : IntAlu :  D=0x000000000006fcc8
 864000: system.cpu: T0 : 0x1af58    : bne a4, a5, -6             : IntAlu : 
 864500: system.cpu: T0 : 0x1af52    : c_sd a5, 24(a5)            : MemWrite :  D=0x000000000006fcc8 A=0x6fce0
 865000: system.cpu: T0 : 0x1af54    : c_sd a5, 16(a5)            : MemWrite :  D=0x000000000006fcc8 A=0x6fcd8
 865500: system.cpu: T0 : 0x1af56    : c_addi a5, 16              : IntAlu :  D=0x000000000006fcd8
 866000: system.cpu: T0 : 0x1af58    : bne a4, a5, -6             : IntAlu : 
 866500: system.cpu: T0 : 0x1af52    : c_sd a5, 24(a5)            : MemWrite :  D=0x000000000006fcd8 A=0x6fcf0
 867000: system.cpu: T0 : 0x1af54    : c_sd a5, 16(a5)            : MemWrite :  D=0x000000000006fcd8 A=0x6fce8
 867500: system.cpu: T0 : 0x1af56    : c_addi a5, 16              : IntAlu :  D=0x000000000006fce8
 868000: system.cpu: T0 : 0x1af58    : bne a4, a5, -6             : IntAlu : 
 868500: system.cpu: T0 : 0x1af52    : c_sd a5, 24(a5)            : MemWrite :  D=0x000000000006fce8 A=0x6fd00
 869000: system.cpu: T0 : 0x1af54    : c_sd a5, 16(a5)            : MemWrite :  D=0x000000000006fce8 A=0x6fcf8
 869500: system.cpu: T0 : 0x1af56    : c_addi a5, 16              : IntAlu :  D=0x000000000006fcf8
 870000: system.cpu: T0 : 0x1af58    : bne a4, a5, -6             : IntAlu : 
 870500: system.cpu: T0 : 0x1af52    : c_sd a5, 24(a5)            : MemWrite :  D=0x000000000006fcf8 A=0x6fd10
 871000: system.cpu: T0 : 0x1af54    : c_sd a5, 16(a5)            : MemWrite :  D=0x000000000006fcf8 A=0x6fd08
 871500: system.cpu: T0 : 0x1af56    : c_addi a5, 16              : IntAlu :  D=0x000000000006fd08
 872000: system.cpu: T0 : 0x1af58    : bne a4, a5, -6             : IntAlu : 
 872500: system.cpu: T0 : 0x1af52    : c_sd a5, 24(a5)            : MemWrite :  D=0x000000000006fd08 A=0x6fd20
 873000: system.cpu: T0 : 0x1af54    : c_sd a5, 16(a5)            : MemWrite :  D=0x000000000006fd08 A=0x6fd18
 873500: system.cpu: T0 : 0x1af56    : c_addi a5, 16              : IntAlu :  D=0x000000000006fd18
 874000: system.cpu: T0 : 0x1af58    : bne a4, a5, -6             : IntAlu : 
 874500: system.cpu: T0 : 0x1af52    : c_sd a5, 24(a5)            : MemWrite :  D=0x000000000006fd18 A=0x6fd30
 875000: system.cpu: T0 : 0x1af54    : c_sd a5, 16(a5)            : MemWrite :  D=0x000000000006fd18 A=0x6fd28
 875500: system.cpu: T0 : 0x1af56    : c_addi a5, 16              : IntAlu :  D=0x000000000006fd28
 876000: system.cpu: T0 : 0x1af58    : bne a4, a5, -6             : IntAlu : 
 876500: system.cpu: T0 : 0x1af52    : c_sd a5, 24(a5)            : MemWrite :  D=0x000000000006fd28 A=0x6fd40
 877000: system.cpu: T0 : 0x1af54    : c_sd a5, 16(a5)            : MemWrite :  D=0x000000000006fd28 A=0x6fd38
 877500: system.cpu: T0 : 0x1af56    : c_addi a5, 16              : IntAlu :  D=0x000000000006fd38
 878000: system.cpu: T0 : 0x1af58    : bne a4, a5, -6             : IntAlu : 
 878500: system.cpu: T0 : 0x1af52    : c_sd a5, 24(a5)            : MemWrite :  D=0x000000000006fd38 A=0x6fd50
 879000: system.cpu: T0 : 0x1af54    : c_sd a5, 16(a5)            : MemWrite :  D=0x000000000006fd38 A=0x6fd48
 879500: system.cpu: T0 : 0x1af56    : c_addi a5, 16              : IntAlu :  D=0x000000000006fd48
 880000: system.cpu: T0 : 0x1af58    : bne a4, a5, -6             : IntAlu : 
 880500: system.cpu: T0 : 0x1af52    : c_sd a5, 24(a5)            : MemWrite :  D=0x000000000006fd48 A=0x6fd60
 881000: system.cpu: T0 : 0x1af54    : c_sd a5, 16(a5)            : MemWrite :  D=0x000000000006fd48 A=0x6fd58
 881500: system.cpu: T0 : 0x1af56    : c_addi a5, 16              : IntAlu :  D=0x000000000006fd58
 882000: system.cpu: T0 : 0x1af58    : bne a4, a5, -6             : IntAlu : 
 882500: system.cpu: T0 : 0x1af52    : c_sd a5, 24(a5)            : MemWrite :  D=0x000000000006fd58 A=0x6fd70
 883000: system.cpu: T0 : 0x1af54    : c_sd a5, 16(a5)            : MemWrite :  D=0x000000000006fd58 A=0x6fd68
 883500: system.cpu: T0 : 0x1af56    : c_addi a5, 16              : IntAlu :  D=0x000000000006fd68
 884000: system.cpu: T0 : 0x1af58    : bne a4, a5, -6             : IntAlu : 
 884500: system.cpu: T0 : 0x1af52    : c_sd a5, 24(a5)            : MemWrite :  D=0x000000000006fd68 A=0x6fd80
 885000: system.cpu: T0 : 0x1af54    : c_sd a5, 16(a5)            : MemWrite :  D=0x000000000006fd68 A=0x6fd78
 885500: system.cpu: T0 : 0x1af56    : c_addi a5, 16              : IntAlu :  D=0x000000000006fd78
 886000: system.cpu: T0 : 0x1af58    : bne a4, a5, -6             : IntAlu : 
 886500: system.cpu: T0 : 0x1af52    : c_sd a5, 24(a5)            : MemWrite :  D=0x000000000006fd78 A=0x6fd90
 887000: system.cpu: T0 : 0x1af54    : c_sd a5, 16(a5)            : MemWrite :  D=0x000000000006fd78 A=0x6fd88
 887500: system.cpu: T0 : 0x1af56    : c_addi a5, 16              : IntAlu :  D=0x000000000006fd88
 888000: system.cpu: T0 : 0x1af58    : bne a4, a5, -6             : IntAlu : 
 888500: system.cpu: T0 : 0x1af52    : c_sd a5, 24(a5)            : MemWrite :  D=0x000000000006fd88 A=0x6fda0
 889000: system.cpu: T0 : 0x1af54    : c_sd a5, 16(a5)            : MemWrite :  D=0x000000000006fd88 A=0x6fd98
 889500: system.cpu: T0 : 0x1af56    : c_addi a5, 16              : IntAlu :  D=0x000000000006fd98
 890000: system.cpu: T0 : 0x1af58    : bne a4, a5, -6             : IntAlu : 
 890500: system.cpu: T0 : 0x1af52    : c_sd a5, 24(a5)            : MemWrite :  D=0x000000000006fd98 A=0x6fdb0
 891000: system.cpu: T0 : 0x1af54    : c_sd a5, 16(a5)            : MemWrite :  D=0x000000000006fd98 A=0x6fda8
 891500: system.cpu: T0 : 0x1af56    : c_addi a5, 16              : IntAlu :  D=0x000000000006fda8
 892000: system.cpu: T0 : 0x1af58    : bne a4, a5, -6             : IntAlu : 
 892500: system.cpu: T0 : 0x1af52    : c_sd a5, 24(a5)            : MemWrite :  D=0x000000000006fda8 A=0x6fdc0
 893000: system.cpu: T0 : 0x1af54    : c_sd a5, 16(a5)            : MemWrite :  D=0x000000000006fda8 A=0x6fdb8
 893500: system.cpu: T0 : 0x1af56    : c_addi a5, 16              : IntAlu :  D=0x000000000006fdb8
 894000: system.cpu: T0 : 0x1af58    : bne a4, a5, -6             : IntAlu : 
 894500: system.cpu: T0 : 0x1af52    : c_sd a5, 24(a5)            : MemWrite :  D=0x000000000006fdb8 A=0x6fdd0
 895000: system.cpu: T0 : 0x1af54    : c_sd a5, 16(a5)            : MemWrite :  D=0x000000000006fdb8 A=0x6fdc8
 895500: system.cpu: T0 : 0x1af56    : c_addi a5, 16              : IntAlu :  D=0x000000000006fdc8
 896000: system.cpu: T0 : 0x1af58    : bne a4, a5, -6             : IntAlu : 
 896500: system.cpu: T0 : 0x1af52    : c_sd a5, 24(a5)            : MemWrite :  D=0x000000000006fdc8 A=0x6fde0
 897000: system.cpu: T0 : 0x1af54    : c_sd a5, 16(a5)            : MemWrite :  D=0x000000000006fdc8 A=0x6fdd8
 897500: system.cpu: T0 : 0x1af56    : c_addi a5, 16              : IntAlu :  D=0x000000000006fdd8
 898000: system.cpu: T0 : 0x1af58    : bne a4, a5, -6             : IntAlu : 
 898500: system.cpu: T0 : 0x1af52    : c_sd a5, 24(a5)            : MemWrite :  D=0x000000000006fdd8 A=0x6fdf0
 899000: system.cpu: T0 : 0x1af54    : c_sd a5, 16(a5)            : MemWrite :  D=0x000000000006fdd8 A=0x6fde8
 899500: system.cpu: T0 : 0x1af56    : c_addi a5, 16              : IntAlu :  D=0x000000000006fde8
 900000: system.cpu: T0 : 0x1af58    : bne a4, a5, -6             : IntAlu : 
 900500: system.cpu: T0 : 0x1af52    : c_sd a5, 24(a5)            : MemWrite :  D=0x000000000006fde8 A=0x6fe00
 901000: system.cpu: T0 : 0x1af54    : c_sd a5, 16(a5)            : MemWrite :  D=0x000000000006fde8 A=0x6fdf8
 901500: system.cpu: T0 : 0x1af56    : c_addi a5, 16              : IntAlu :  D=0x000000000006fdf8
 902000: system.cpu: T0 : 0x1af58    : bne a4, a5, -6             : IntAlu : 
 902500: system.cpu: T0 : 0x1af52    : c_sd a5, 24(a5)            : MemWrite :  D=0x000000000006fdf8 A=0x6fe10
 903000: system.cpu: T0 : 0x1af54    : c_sd a5, 16(a5)            : MemWrite :  D=0x000000000006fdf8 A=0x6fe08
 903500: system.cpu: T0 : 0x1af56    : c_addi a5, 16              : IntAlu :  D=0x000000000006fe08
 904000: system.cpu: T0 : 0x1af58    : bne a4, a5, -6             : IntAlu : 
 904500: system.cpu: T0 : 0x1af52    : c_sd a5, 24(a5)            : MemWrite :  D=0x000000000006fe08 A=0x6fe20
 905000: system.cpu: T0 : 0x1af54    : c_sd a5, 16(a5)            : MemWrite :  D=0x000000000006fe08 A=0x6fe18
 905500: system.cpu: T0 : 0x1af56    : c_addi a5, 16              : IntAlu :  D=0x000000000006fe18
 906000: system.cpu: T0 : 0x1af58    : bne a4, a5, -6             : IntAlu : 
 906500: system.cpu: T0 : 0x1af5c    : lui a5, 111                : IntAlu :  D=0x000000000006f000
 907000: system.cpu: T0 : 0x1af60    : addi a5, a5, 1480          : IntAlu :  D=0x000000000006f5c8
 907500: system.cpu: T0 : 0x1af64    : beq a0, a5, 24             : IntAlu : 
 908000: system.cpu: T0 : 0x1af7c    : addi a4, zero, 128         : IntAlu :  D=0x0000000000000080
 908500: system.cpu: T0 : 0x1af80    : sd a4, -1376(gp)           : MemWrite :  D=0x0000000000000080 A=0x70ad0
 909000: system.cpu: T0 : 0x1af84    : addi a5, a0, 8             : IntAlu :  D=0x000000000006f5d0
 909500: system.cpu: T0 : 0x1af88    : amoswap_w zero, zero, (a5)
 909500: system.cpu: T0 : 0x1af88. 0 : amoswap_w[l] zero, zero, (a5) : MemRead :  D=0x0000000000000000 A=0x6f5d0
 910000: system.cpu: T0 : 0x1af8c    : c_sd a3, 96(a0)            : MemWrite :  D=0x000000000006f628 A=0x6f628
 910500: system.cpu: T0 : 0x1af8e    : c_jr ra                    : IntAlu : 
 911000: system.cpu: T0 : 0x1b34a    : c_lui a2, 28               : IntAlu :  D=0x000000000001c000
 911500: system.cpu: T0 : 0x1b34c    : addi a2, a2, -1384         : IntAlu :  D=0x000000000001ba98
 912000: system.cpu: T0 : 0x1b350    : c_mv a1, sp                : IntAlu :  D=0x7ffffffffffffbd0
 912500: system.cpu: T0 : 0x1b352    : c_li a0, 19                : IntAlu :  D=0x0000000000000013
 913000: system.cpu: T0 : 0x1b354    : jal ra, 30090              : IntAlu :  D=0x000000000001b358
 913500: system.cpu: T0 : 0x228de    : c_slli a0, 32              : IntAlu :  D=0x0000001300000000
 914000: system.cpu: T0 : 0x228e0    : c_srli a0, 32              : IntAlu :  D=0x0000000000000013
 915000: system.cpu: T0 : 0x228e2    : slli a5, a0, 3             : IntAlu :  D=0x0000000000000098
 915500: system.cpu: T0 : 0x228e6    : c_sub a5, a0               : IntAlu :  D=0x0000000000000085
 916000: system.cpu: T0 : 0x228e8    : lui a4, 111                : IntAlu :  D=0x000000000006f000
 916500: system.cpu: T0 : 0x228ec    : addi a4, a4, -1248         : IntAlu :  D=0x000000000006eb20
 917000: system.cpu: T0 : 0x228f0    : c_slli a5, 3               : IntAlu :  D=0x0000000000000428
 917500: system.cpu: T0 : 0x228f2    : c_add a5, a4               : IntAlu :  D=0x000000000006ef48
 918000: system.cpu: T0 : 0x228f4    : c_lw a3, 8(a5)             : MemRead :  D=0x0000000000000000 A=0x6ef50
 918500: system.cpu: T0 : 0x228f6    : c_li a6, 2                 : IntAlu :  D=0x0000000000000002
 919000: system.cpu: T0 : 0x228f8    : c_ld a5, 32(a5)            : MemRead :  D=0x0000000000000000 A=0x6ef68
 920000: system.cpu: T0 : 0x228fa    : bltu a6, a3, 42            : IntAlu : 
 920500: system.cpu: T0 : 0x228fe    : c_bnez a3, 38              : IntAlu : 
 921000: system.cpu: T0 : 0x22900    : c_sw a5, 0(a1)             : MemWrite :  D=0x0000000000000000 A=0x7ffffffffffffbd0
 922000: system.cpu: T0 : 0x22902    : slli a5, a0, 3             : IntAlu :  D=0x0000000000000098
 922500: system.cpu: T0 : 0x22906    : c_sub a5, a0               : IntAlu :  D=0x0000000000000085
 923000: system.cpu: T0 : 0x22908    : c_slli a5, 3               : IntAlu :  D=0x0000000000000428
 924000: system.cpu: T0 : 0x2290a    : add a3, a4, a5             : IntAlu :  D=0x000000000006ef48
 925000: system.cpu: T0 : 0x2290e    : lbu a3, 40(a3)             : MemRead :  D=0x0000000000000000 A=0x6ef70
 925500: system.cpu: T0 : 0x22912    : c_beqz a3, 16              : IntAlu : 
 926000: system.cpu: T0 : 0x22922    : c_jr ra                    : IntAlu : 
 926500: system.cpu: T0 : 0x1b358    : c_lui a2, 27               : IntAlu :  D=0x000000000001b000
 927500: system.cpu: T0 : 0x1b35a    : addi a2, a2, -1060         : IntAlu :  D=0x000000000001abdc
 928000: system.cpu: T0 : 0x1b35e    : c_mv a1, sp                : IntAlu :  D=0x7ffffffffffffbd0
 928500: system.cpu: T0 : 0x1b360    : c_li a0, 7                 : IntAlu :  D=0x0000000000000007
 929500: system.cpu: T0 : 0x1b362    : jal ra, 30076              : IntAlu :  D=0x000000000001b366
 930000: system.cpu: T0 : 0x228de    : c_slli a0, 32              : IntAlu :  D=0x0000000700000000
 930500: system.cpu: T0 : 0x228e0    : c_srli a0, 32              : IntAlu :  D=0x0000000000000007
 931500: system.cpu: T0 : 0x228e2    : slli a5, a0, 3             : IntAlu :  D=0x0000000000000038
 932000: system.cpu: T0 : 0x228e6    : c_sub a5, a0               : IntAlu :  D=0x0000000000000031
 932500: system.cpu: T0 : 0x228e8    : lui a4, 111                : IntAlu :  D=0x000000000006f000
 933000: system.cpu: T0 : 0x228ec    : addi a4, a4, -1248         : IntAlu :  D=0x000000000006eb20
 933500: system.cpu: T0 : 0x228f0    : c_slli a5, 3               : IntAlu :  D=0x0000000000000188
 934000: system.cpu: T0 : 0x228f2    : c_add a5, a4               : IntAlu :  D=0x000000000006eca8
 934500: system.cpu: T0 : 0x228f4    : c_lw a3, 8(a5)             : MemRead :  D=0x0000000000000002 A=0x6ecb0
 935000: system.cpu: T0 : 0x228f6    : c_li a6, 2                 : IntAlu :  D=0x0000000000000002
 935500: system.cpu: T0 : 0x228f8    : c_ld a5, 32(a5)            : MemRead :  D=0x0000000000000000 A=0x6ecc8
 936500: system.cpu: T0 : 0x228fa    : bltu a6, a3, 42            : IntAlu : 
 937000: system.cpu: T0 : 0x228fe    : c_bnez a3, 38              : IntAlu : 
 937500: system.cpu: T0 : 0x22924    : c_sd a5, 0(a1)             : MemWrite :  D=0x0000000000000000 A=0x7ffffffffffffbd0
 938000: system.cpu: T0 : 0x22926    : c_j -36                    : IntAlu : 
 939000: system.cpu: T0 : 0x22902    : slli a5, a0, 3             : IntAlu :  D=0x0000000000000038
 939500: system.cpu: T0 : 0x22906    : c_sub a5, a0               : IntAlu :  D=0x0000000000000031
 940000: system.cpu: T0 : 0x22908    : c_slli a5, 3               : IntAlu :  D=0x0000000000000188
 941000: system.cpu: T0 : 0x2290a    : add a3, a4, a5             : IntAlu :  D=0x000000000006eca8
 942000: system.cpu: T0 : 0x2290e    : lbu a3, 40(a3)             : MemRead :  D=0x0000000000000000 A=0x6ecd0
 942500: system.cpu: T0 : 0x22912    : c_beqz a3, 16              : IntAlu : 
 943000: system.cpu: T0 : 0x22922    : c_jr ra                    : IntAlu : 
 943500: system.cpu: T0 : 0x1b366    : c_lui a2, 27               : IntAlu :  D=0x000000000001b000
 944000: system.cpu: T0 : 0x1b368    : addi a2, a2, -1042         : IntAlu :  D=0x000000000001abee
 944500: system.cpu: T0 : 0x1b36c    : c_mv a1, sp                : IntAlu :  D=0x7ffffffffffffbd0
 945000: system.cpu: T0 : 0x1b36e    : c_li a0, 2                 : IntAlu :  D=0x0000000000000002
 945500: system.cpu: T0 : 0x1b370    : jal ra, 30062              : IntAlu :  D=0x000000000001b374
 946000: system.cpu: T0 : 0x228de    : c_slli a0, 32              : IntAlu :  D=0x0000000200000000
 946500: system.cpu: T0 : 0x228e0    : c_srli a0, 32              : IntAlu :  D=0x0000000000000002
 947500: system.cpu: T0 : 0x228e2    : slli a5, a0, 3             : IntAlu :  D=0x0000000000000010
 948000: system.cpu: T0 : 0x228e6    : c_sub a5, a0               : IntAlu :  D=0x000000000000000e
 948500: system.cpu: T0 : 0x228e8    : lui a4, 111                : IntAlu :  D=0x000000000006f000
 949000: system.cpu: T0 : 0x228ec    : addi a4, a4, -1248         : IntAlu :  D=0x000000000006eb20
 949500: system.cpu: T0 : 0x228f0    : c_slli a5, 3               : IntAlu :  D=0x0000000000000070
 950000: system.cpu: T0 : 0x228f2    : c_add a5, a4               : IntAlu :  D=0x000000000006eb90
 950500: system.cpu: T0 : 0x228f4    : c_lw a3, 8(a5)             : MemRead :  D=0x0000000000000000 A=0x6eb98
 951000: system.cpu: T0 : 0x228f6    : c_li a6, 2                 : IntAlu :  D=0x0000000000000002
 951500: system.cpu: T0 : 0x228f8    : c_ld a5, 32(a5)            : MemRead :  D=0x0000000000000000 A=0x6ebb0
 952500: system.cpu: T0 : 0x228fa    : bltu a6, a3, 42            : IntAlu : 
 953000: system.cpu: T0 : 0x228fe    : c_bnez a3, 38              : IntAlu : 
 953500: system.cpu: T0 : 0x22900    : c_sw a5, 0(a1)             : MemWrite :  D=0x0000000000000000 A=0x7ffffffffffffbd0
 954500: system.cpu: T0 : 0x22902    : slli a5, a0, 3             : IntAlu :  D=0x0000000000000010
 955000: system.cpu: T0 : 0x22906    : c_sub a5, a0               : IntAlu :  D=0x000000000000000e
 955500: system.cpu: T0 : 0x22908    : c_slli a5, 3               : IntAlu :  D=0x0000000000000070
 956500: system.cpu: T0 : 0x2290a    : add a3, a4, a5             : IntAlu :  D=0x000000000006eb90
 957500: system.cpu: T0 : 0x2290e    : lbu a3, 40(a3)             : MemRead :  D=0x0000000000000000 A=0x6ebb8
 958000: system.cpu: T0 : 0x22912    : c_beqz a3, 16              : IntAlu : 
 958500: system.cpu: T0 : 0x22922    : c_jr ra                    : IntAlu : 
 959000: system.cpu: T0 : 0x1b374    : c_lui a2, 27               : IntAlu :  D=0x000000000001b000
 960000: system.cpu: T0 : 0x1b376    : addi a2, a2, -1106         : IntAlu :  D=0x000000000001abae
 960500: system.cpu: T0 : 0x1b37a    : c_mv a1, sp                : IntAlu :  D=0x7ffffffffffffbd0
 961000: system.cpu: T0 : 0x1b37c    : c_li a0, 14                : IntAlu :  D=0x000000000000000e
 962000: system.cpu: T0 : 0x1b37e    : jal ra, 30048              : IntAlu :  D=0x000000000001b382
 962500: system.cpu: T0 : 0x228de    : c_slli a0, 32              : IntAlu :  D=0x0000000e00000000
 963000: system.cpu: T0 : 0x228e0    : c_srli a0, 32              : IntAlu :  D=0x000000000000000e
 964000: system.cpu: T0 : 0x228e2    : slli a5, a0, 3             : IntAlu :  D=0x0000000000000070
 964500: system.cpu: T0 : 0x228e6    : c_sub a5, a0               : IntAlu :  D=0x0000000000000062
 965000: system.cpu: T0 : 0x228e8    : lui a4, 111                : IntAlu :  D=0x000000000006f000
 965500: system.cpu: T0 : 0x228ec    : addi a4, a4, -1248         : IntAlu :  D=0x000000000006eb20
 966000: system.cpu: T0 : 0x228f0    : c_slli a5, 3               : IntAlu :  D=0x0000000000000310
 966500: system.cpu: T0 : 0x228f2    : c_add a5, a4               : IntAlu :  D=0x000000000006ee30
 967000: system.cpu: T0 : 0x228f4    : c_lw a3, 8(a5)             : MemRead :  D=0x0000000000000002 A=0x6ee38
 967500: system.cpu: T0 : 0x228f6    : c_li a6, 2                 : IntAlu :  D=0x0000000000000002
 968000: system.cpu: T0 : 0x228f8    : c_ld a5, 32(a5)            : MemRead :  D=0x0000000000000000 A=0x6ee50
 969000: system.cpu: T0 : 0x228fa    : bltu a6, a3, 42            : IntAlu : 
 969500: system.cpu: T0 : 0x228fe    : c_bnez a3, 38              : IntAlu : 
 970000: system.cpu: T0 : 0x22924    : c_sd a5, 0(a1)             : MemWrite :  D=0x0000000000000000 A=0x7ffffffffffffbd0
 970500: system.cpu: T0 : 0x22926    : c_j -36                    : IntAlu : 
 971500: system.cpu: T0 : 0x22902    : slli a5, a0, 3             : IntAlu :  D=0x0000000000000070
 972000: system.cpu: T0 : 0x22906    : c_sub a5, a0               : IntAlu :  D=0x0000000000000062
 972500: system.cpu: T0 : 0x22908    : c_slli a5, 3               : IntAlu :  D=0x0000000000000310
 973500: system.cpu: T0 : 0x2290a    : add a3, a4, a5             : IntAlu :  D=0x000000000006ee30
 974500: system.cpu: T0 : 0x2290e    : lbu a3, 40(a3)             : MemRead :  D=0x0000000000000000 A=0x6ee58
 975000: system.cpu: T0 : 0x22912    : c_beqz a3, 16              : IntAlu : 
 975500: system.cpu: T0 : 0x22922    : c_jr ra                    : IntAlu : 
 976000: system.cpu: T0 : 0x1b382    : c_lui a2, 27               : IntAlu :  D=0x000000000001b000
 976500: system.cpu: T0 : 0x1b384    : addi a2, a2, -1034         : IntAlu :  D=0x000000000001abf6
 977000: system.cpu: T0 : 0x1b388    : c_mv a1, sp                : IntAlu :  D=0x7ffffffffffffbd0
 977500: system.cpu: T0 : 0x1b38a    : c_li a0, 1                 : IntAlu :  D=0x0000000000000001
 978000: system.cpu: T0 : 0x1b38c    : jal ra, 30034              : IntAlu :  D=0x000000000001b390
 978500: system.cpu: T0 : 0x228de    : c_slli a0, 32              : IntAlu :  D=0x0000000100000000
 979000: system.cpu: T0 : 0x228e0    : c_srli a0, 32              : IntAlu :  D=0x0000000000000001
 980000: system.cpu: T0 : 0x228e2    : slli a5, a0, 3             : IntAlu :  D=0x0000000000000008
 980500: system.cpu: T0 : 0x228e6    : c_sub a5, a0               : IntAlu :  D=0x0000000000000007
 981000: system.cpu: T0 : 0x228e8    : lui a4, 111                : IntAlu :  D=0x000000000006f000
 981500: system.cpu: T0 : 0x228ec    : addi a4, a4, -1248         : IntAlu :  D=0x000000000006eb20
 982000: system.cpu: T0 : 0x228f0    : c_slli a5, 3               : IntAlu :  D=0x0000000000000038
 982500: system.cpu: T0 : 0x228f2    : c_add a5, a4               : IntAlu :  D=0x000000000006eb58
 983000: system.cpu: T0 : 0x228f4    : c_lw a3, 8(a5)             : MemRead :  D=0x0000000000000002 A=0x6eb60
 983500: system.cpu: T0 : 0x228f6    : c_li a6, 2                 : IntAlu :  D=0x0000000000000002
 984000: system.cpu: T0 : 0x228f8    : c_ld a5, 32(a5)            : MemRead :  D=0x0000000000000000 A=0x6eb78
 985000: system.cpu: T0 : 0x228fa    : bltu a6, a3, 42            : IntAlu : 
 985500: system.cpu: T0 : 0x228fe    : c_bnez a3, 38              : IntAlu : 
 986000: system.cpu: T0 : 0x22924    : c_sd a5, 0(a1)             : MemWrite :  D=0x0000000000000000 A=0x7ffffffffffffbd0
 986500: system.cpu: T0 : 0x22926    : c_j -36                    : IntAlu : 
 987500: system.cpu: T0 : 0x22902    : slli a5, a0, 3             : IntAlu :  D=0x0000000000000008
 988000: system.cpu: T0 : 0x22906    : c_sub a5, a0               : IntAlu :  D=0x0000000000000007
 988500: system.cpu: T0 : 0x22908    : c_slli a5, 3               : IntAlu :  D=0x0000000000000038
 989500: system.cpu: T0 : 0x2290a    : add a3, a4, a5             : IntAlu :  D=0x000000000006eb58
 990500: system.cpu: T0 : 0x2290e    : lbu a3, 40(a3)             : MemRead :  D=0x0000000000000000 A=0x6eb80
 991000: system.cpu: T0 : 0x22912    : c_beqz a3, 16              : IntAlu : 
 991500: system.cpu: T0 : 0x22922    : c_jr ra                    : IntAlu : 
 992000: system.cpu: T0 : 0x1b390    : c_lui a2, 27               : IntAlu :  D=0x000000000001b000
 993000: system.cpu: T0 : 0x1b392    : addi a2, a2, -1078         : IntAlu :  D=0x000000000001abca
 993500: system.cpu: T0 : 0x1b396    : c_mv a1, sp                : IntAlu :  D=0x7ffffffffffffbd0
 994000: system.cpu: T0 : 0x1b398    : c_li a0, 9                 : IntAlu :  D=0x0000000000000009
 995000: system.cpu: T0 : 0x1b39a    : jal ra, 30020              : IntAlu :  D=0x000000000001b39e
 995500: system.cpu: T0 : 0x228de    : c_slli a0, 32              : IntAlu :  D=0x0000000900000000
 996000: system.cpu: T0 : 0x228e0    : c_srli a0, 32              : IntAlu :  D=0x0000000000000009
 997000: system.cpu: T0 : 0x228e2    : slli a5, a0, 3             : IntAlu :  D=0x0000000000000048
 997500: system.cpu: T0 : 0x228e6    : c_sub a5, a0               : IntAlu :  D=0x000000000000003f
 998000: system.cpu: T0 : 0x228e8    : lui a4, 111                : IntAlu :  D=0x000000000006f000
 998500: system.cpu: T0 : 0x228ec    : addi a4, a4, -1248         : IntAlu :  D=0x000000000006eb20
 999000: system.cpu: T0 : 0x228f0    : c_slli a5, 3               : IntAlu :  D=0x00000000000001f8
 999500: system.cpu: T0 : 0x228f2    : c_add a5, a4               : IntAlu :  D=0x000000000006ed18
1000000: system.cpu: T0 : 0x228f4    : c_lw a3, 8(a5)             : MemRead :  D=0x0000000000000000 A=0x6ed20
1000500: system.cpu: T0 : 0x228f6    : c_li a6, 2                 : IntAlu :  D=0x0000000000000002
1001000: system.cpu: T0 : 0x228f8    : c_ld a5, 32(a5)            : MemRead :  D=0x0000000000000000 A=0x6ed38
1002000: system.cpu: T0 : 0x228fa    : bltu a6, a3, 42            : IntAlu : 
1002500: system.cpu: T0 : 0x228fe    : c_bnez a3, 38              : IntAlu : 
1003000: system.cpu: T0 : 0x22900    : c_sw a5, 0(a1)             : MemWrite :  D=0x0000000000000000 A=0x7ffffffffffffbd0
1004000: system.cpu: T0 : 0x22902    : slli a5, a0, 3             : IntAlu :  D=0x0000000000000048
1004500: system.cpu: T0 : 0x22906    : c_sub a5, a0               : IntAlu :  D=0x000000000000003f
1005000: system.cpu: T0 : 0x22908    : c_slli a5, 3               : IntAlu :  D=0x00000000000001f8
1006000: system.cpu: T0 : 0x2290a    : add a3, a4, a5             : IntAlu :  D=0x000000000006ed18
1007000: system.cpu: T0 : 0x2290e    : lbu a3, 40(a3)             : MemRead :  D=0x0000000000000000 A=0x6ed40
1007500: system.cpu: T0 : 0x22912    : c_beqz a3, 16              : IntAlu : 
1008000: system.cpu: T0 : 0x22922    : c_jr ra                    : IntAlu : 
1008500: system.cpu: T0 : 0x1b39e    : c_lui a2, 27               : IntAlu :  D=0x000000000001b000
1009000: system.cpu: T0 : 0x1b3a0    : addi a2, a2, -1016         : IntAlu :  D=0x000000000001ac08
1009500: system.cpu: T0 : 0x1b3a4    : c_mv a1, sp                : IntAlu :  D=0x7ffffffffffffbd0
1010000: system.cpu: T0 : 0x1b3a6    : c_li a0, 13                : IntAlu :  D=0x000000000000000d
1010500: system.cpu: T0 : 0x1b3a8    : jal ra, 30006              : IntAlu :  D=0x000000000001b3ac
1011000: system.cpu: T0 : 0x228de    : c_slli a0, 32              : IntAlu :  D=0x0000000d00000000
1011500: system.cpu: T0 : 0x228e0    : c_srli a0, 32              : IntAlu :  D=0x000000000000000d
1012500: system.cpu: T0 : 0x228e2    : slli a5, a0, 3             : IntAlu :  D=0x0000000000000068
1013000: system.cpu: T0 : 0x228e6    : c_sub a5, a0               : IntAlu :  D=0x000000000000005b
1013500: system.cpu: T0 : 0x228e8    : lui a4, 111                : IntAlu :  D=0x000000000006f000
1014000: system.cpu: T0 : 0x228ec    : addi a4, a4, -1248         : IntAlu :  D=0x000000000006eb20
1014500: system.cpu: T0 : 0x228f0    : c_slli a5, 3               : IntAlu :  D=0x00000000000002d8
1015000: system.cpu: T0 : 0x228f2    : c_add a5, a4               : IntAlu :  D=0x000000000006edf8
1015500: system.cpu: T0 : 0x228f4    : c_lw a3, 8(a5)             : MemRead :  D=0x0000000000000002 A=0x6ee00
1016000: system.cpu: T0 : 0x228f6    : c_li a6, 2                 : IntAlu :  D=0x0000000000000002
1016500: system.cpu: T0 : 0x228f8    : c_ld a5, 32(a5)            : MemRead :  D=0x0000000000000000 A=0x6ee18
1017500: system.cpu: T0 : 0x228fa    : bltu a6, a3, 42            : IntAlu : 
1018000: system.cpu: T0 : 0x228fe    : c_bnez a3, 38              : IntAlu : 
1018500: system.cpu: T0 : 0x22924    : c_sd a5, 0(a1)             : MemWrite :  D=0x0000000000000000 A=0x7ffffffffffffbd0
1019000: system.cpu: T0 : 0x22926    : c_j -36                    : IntAlu : 
1020000: system.cpu: T0 : 0x22902    : slli a5, a0, 3             : IntAlu :  D=0x0000000000000068
1020500: system.cpu: T0 : 0x22906    : c_sub a5, a0               : IntAlu :  D=0x000000000000005b
1021000: system.cpu: T0 : 0x22908    : c_slli a5, 3               : IntAlu :  D=0x00000000000002d8
1022000: system.cpu: T0 : 0x2290a    : add a3, a4, a5             : IntAlu :  D=0x000000000006edf8
1023000: system.cpu: T0 : 0x2290e    : lbu a3, 40(a3)             : MemRead :  D=0x0000000000000000 A=0x6ee20
1023500: system.cpu: T0 : 0x22912    : c_beqz a3, 16              : IntAlu : 
1024000: system.cpu: T0 : 0x22922    : c_jr ra                    : IntAlu : 
1024500: system.cpu: T0 : 0x1b3ac    : c_lui a2, 27               : IntAlu :  D=0x000000000001b000
1025500: system.cpu: T0 : 0x1b3ae    : addi a2, a2, -1004         : IntAlu :  D=0x000000000001ac14
1026000: system.cpu: T0 : 0x1b3b2    : c_mv a1, sp                : IntAlu :  D=0x7ffffffffffffbd0
1026500: system.cpu: T0 : 0x1b3b4    : c_li a0, 16                : IntAlu :  D=0x0000000000000010
1027500: system.cpu: T0 : 0x1b3b6    : jal ra, 29992              : IntAlu :  D=0x000000000001b3ba
1028000: system.cpu: T0 : 0x228de    : c_slli a0, 32              : IntAlu :  D=0x0000001000000000
1028500: system.cpu: T0 : 0x228e0    : c_srli a0, 32              : IntAlu :  D=0x0000000000000010
1029500: system.cpu: T0 : 0x228e2    : slli a5, a0, 3             : IntAlu :  D=0x0000000000000080
1030000: system.cpu: T0 : 0x228e6    : c_sub a5, a0               : IntAlu :  D=0x0000000000000070
1030500: system.cpu: T0 : 0x228e8    : lui a4, 111                : IntAlu :  D=0x000000000006f000
1031000: system.cpu: T0 : 0x228ec    : addi a4, a4, -1248         : IntAlu :  D=0x000000000006eb20
1031500: system.cpu: T0 : 0x228f0    : c_slli a5, 3               : IntAlu :  D=0x0000000000000380
1032000: system.cpu: T0 : 0x228f2    : c_add a5, a4               : IntAlu :  D=0x000000000006eea0
1032500: system.cpu: T0 : 0x228f4    : c_lw a3, 8(a5)             : MemRead :  D=0x0000000000000002 A=0x6eea8
1033000: system.cpu: T0 : 0x228f6    : c_li a6, 2                 : IntAlu :  D=0x0000000000000002
1033500: system.cpu: T0 : 0x228f8    : c_ld a5, 32(a5)            : MemRead :  D=0x0000000000000000 A=0x6eec0
1034500: system.cpu: T0 : 0x228fa    : bltu a6, a3, 42            : IntAlu : 
1035000: system.cpu: T0 : 0x228fe    : c_bnez a3, 38              : IntAlu : 
1035500: system.cpu: T0 : 0x22924    : c_sd a5, 0(a1)             : MemWrite :  D=0x0000000000000000 A=0x7ffffffffffffbd0
1036000: system.cpu: T0 : 0x22926    : c_j -36                    : IntAlu : 
1037000: system.cpu: T0 : 0x22902    : slli a5, a0, 3             : IntAlu :  D=0x0000000000000080
1037500: system.cpu: T0 : 0x22906    : c_sub a5, a0               : IntAlu :  D=0x0000000000000070
1038000: system.cpu: T0 : 0x22908    : c_slli a5, 3               : IntAlu :  D=0x0000000000000380
1039000: system.cpu: T0 : 0x2290a    : add a3, a4, a5             : IntAlu :  D=0x000000000006eea0
1040000: system.cpu: T0 : 0x2290e    : lbu a3, 40(a3)             : MemRead :  D=0x0000000000000000 A=0x6eec8
1040500: system.cpu: T0 : 0x22912    : c_beqz a3, 16              : IntAlu : 
1041000: system.cpu: T0 : 0x22922    : c_jr ra                    : IntAlu : 
1041500: system.cpu: T0 : 0x1b3ba    : c_lui a2, 27               : IntAlu :  D=0x000000000001b000
1042000: system.cpu: T0 : 0x1b3bc    : addi a2, a2, -992          : IntAlu :  D=0x000000000001ac20
1042500: system.cpu: T0 : 0x1b3c0    : c_mv a1, sp                : IntAlu :  D=0x7ffffffffffffbd0
1043000: system.cpu: T0 : 0x1b3c2    : c_li a0, 18                : IntAlu :  D=0x0000000000000012
1043500: system.cpu: T0 : 0x1b3c4    : jal ra, 29978              : IntAlu :  D=0x000000000001b3c8
1044000: system.cpu: T0 : 0x228de    : c_slli a0, 32              : IntAlu :  D=0x0000001200000000
1044500: system.cpu: T0 : 0x228e0    : c_srli a0, 32              : IntAlu :  D=0x0000000000000012
1045500: system.cpu: T0 : 0x228e2    : slli a5, a0, 3             : IntAlu :  D=0x0000000000000090
1046000: system.cpu: T0 : 0x228e6    : c_sub a5, a0               : IntAlu :  D=0x000000000000007e
1046500: system.cpu: T0 : 0x228e8    : lui a4, 111                : IntAlu :  D=0x000000000006f000
1047000: system.cpu: T0 : 0x228ec    : addi a4, a4, -1248         : IntAlu :  D=0x000000000006eb20
1047500: system.cpu: T0 : 0x228f0    : c_slli a5, 3               : IntAlu :  D=0x00000000000003f0
1048000: system.cpu: T0 : 0x228f2    : c_add a5, a4               : IntAlu :  D=0x000000000006ef10
1048500: system.cpu: T0 : 0x228f4    : c_lw a3, 8(a5)             : MemRead :  D=0x0000000000000002 A=0x6ef18
1049000: system.cpu: T0 : 0x228f6    : c_li a6, 2                 : IntAlu :  D=0x0000000000000002
1049500: system.cpu: T0 : 0x228f8    : c_ld a5, 32(a5)            : MemRead :  D=0x0000000000000000 A=0x6ef30
1050500: system.cpu: T0 : 0x228fa    : bltu a6, a3, 42            : IntAlu : 
1051000: system.cpu: T0 : 0x228fe    : c_bnez a3, 38              : IntAlu : 
1051500: system.cpu: T0 : 0x22924    : c_sd a5, 0(a1)             : MemWrite :  D=0x0000000000000000 A=0x7ffffffffffffbd0
1052000: system.cpu: T0 : 0x22926    : c_j -36                    : IntAlu : 
1053000: system.cpu: T0 : 0x22902    : slli a5, a0, 3             : IntAlu :  D=0x0000000000000090
1053500: system.cpu: T0 : 0x22906    : c_sub a5, a0               : IntAlu :  D=0x000000000000007e
1054000: system.cpu: T0 : 0x22908    : c_slli a5, 3               : IntAlu :  D=0x00000000000003f0
1055000: system.cpu: T0 : 0x2290a    : add a3, a4, a5             : IntAlu :  D=0x000000000006ef10
1056000: system.cpu: T0 : 0x2290e    : lbu a3, 40(a3)             : MemRead :  D=0x0000000000000000 A=0x6ef38
1056500: system.cpu: T0 : 0x22912    : c_beqz a3, 16              : IntAlu : 
1057000: system.cpu: T0 : 0x22922    : c_jr ra                    : IntAlu : 
1057500: system.cpu: T0 : 0x1b3c8    : c_lui a2, 27               : IntAlu :  D=0x000000000001b000
1058500: system.cpu: T0 : 0x1b3ca    : addi a2, a2, -946          : IntAlu :  D=0x000000000001ac4e
1059000: system.cpu: T0 : 0x1b3ce    : c_mv a1, sp                : IntAlu :  D=0x7ffffffffffffbd0
1059500: system.cpu: T0 : 0x1b3d0    : c_li a0, 15                : IntAlu :  D=0x000000000000000f
1060500: system.cpu: T0 : 0x1b3d2    : jal ra, 29964              : IntAlu :  D=0x000000000001b3d6
1061000: system.cpu: T0 : 0x228de    : c_slli a0, 32              : IntAlu :  D=0x0000000f00000000
1061500: system.cpu: T0 : 0x228e0    : c_srli a0, 32              : IntAlu :  D=0x000000000000000f
1062500: system.cpu: T0 : 0x228e2    : slli a5, a0, 3             : IntAlu :  D=0x0000000000000078
1063000: system.cpu: T0 : 0x228e6    : c_sub a5, a0               : IntAlu :  D=0x0000000000000069
1063500: system.cpu: T0 : 0x228e8    : lui a4, 111                : IntAlu :  D=0x000000000006f000
1064000: system.cpu: T0 : 0x228ec    : addi a4, a4, -1248         : IntAlu :  D=0x000000000006eb20
1064500: system.cpu: T0 : 0x228f0    : c_slli a5, 3               : IntAlu :  D=0x0000000000000348
1065000: system.cpu: T0 : 0x228f2    : c_add a5, a4               : IntAlu :  D=0x000000000006ee68
1065500: system.cpu: T0 : 0x228f4    : c_lw a3, 8(a5)             : MemRead :  D=0x0000000000000002 A=0x6ee70
1066000: system.cpu: T0 : 0x228f6    : c_li a6, 2                 : IntAlu :  D=0x0000000000000002
1066500: system.cpu: T0 : 0x228f8    : c_ld a5, 32(a5)            : MemRead :  D=0x0000000000000000 A=0x6ee88
1067500: system.cpu: T0 : 0x228fa    : bltu a6, a3, 42            : IntAlu : 
1068000: system.cpu: T0 : 0x228fe    : c_bnez a3, 38              : IntAlu : 
1068500: system.cpu: T0 : 0x22924    : c_sd a5, 0(a1)             : MemWrite :  D=0x0000000000000000 A=0x7ffffffffffffbd0
1069000: system.cpu: T0 : 0x22926    : c_j -36                    : IntAlu : 
1070000: system.cpu: T0 : 0x22902    : slli a5, a0, 3             : IntAlu :  D=0x0000000000000078
1070500: system.cpu: T0 : 0x22906    : c_sub a5, a0               : IntAlu :  D=0x0000000000000069
1071000: system.cpu: T0 : 0x22908    : c_slli a5, 3               : IntAlu :  D=0x0000000000000348
1072000: system.cpu: T0 : 0x2290a    : add a3, a4, a5             : IntAlu :  D=0x000000000006ee68
1073000: system.cpu: T0 : 0x2290e    : lbu a3, 40(a3)             : MemRead :  D=0x0000000000000000 A=0x6ee90
1073500: system.cpu: T0 : 0x22912    : c_beqz a3, 16              : IntAlu : 
1074000: system.cpu: T0 : 0x22922    : c_jr ra                    : IntAlu : 
1074500: system.cpu: T0 : 0x1b3d6    : c_lui a2, 27               : IntAlu :  D=0x000000000001b000
1075000: system.cpu: T0 : 0x1b3d8    : addi a2, a2, -926          : IntAlu :  D=0x000000000001ac62
1075500: system.cpu: T0 : 0x1b3dc    : c_mv a1, sp                : IntAlu :  D=0x7ffffffffffffbd0
1076000: system.cpu: T0 : 0x1b3de    : c_li a0, 11                : IntAlu :  D=0x000000000000000b
1076500: system.cpu: T0 : 0x1b3e0    : jal ra, 29950              : IntAlu :  D=0x000000000001b3e4
1077000: system.cpu: T0 : 0x228de    : c_slli a0, 32              : IntAlu :  D=0x0000000b00000000
1077500: system.cpu: T0 : 0x228e0    : c_srli a0, 32              : IntAlu :  D=0x000000000000000b
1078500: system.cpu: T0 : 0x228e2    : slli a5, a0, 3             : IntAlu :  D=0x0000000000000058
1079000: system.cpu: T0 : 0x228e6    : c_sub a5, a0               : IntAlu :  D=0x000000000000004d
1079500: system.cpu: T0 : 0x228e8    : lui a4, 111                : IntAlu :  D=0x000000000006f000
1080000: system.cpu: T0 : 0x228ec    : addi a4, a4, -1248         : IntAlu :  D=0x000000000006eb20
1080500: system.cpu: T0 : 0x228f0    : c_slli a5, 3               : IntAlu :  D=0x0000000000000268
1081000: system.cpu: T0 : 0x228f2    : c_add a5, a4               : IntAlu :  D=0x000000000006ed88
1081500: system.cpu: T0 : 0x228f4    : c_lw a3, 8(a5)             : MemRead :  D=0x0000000000000002 A=0x6ed90
1082000: system.cpu: T0 : 0x228f6    : c_li a6, 2                 : IntAlu :  D=0x0000000000000002
1082500: system.cpu: T0 : 0x228f8    : c_ld a5, 32(a5)            : MemRead :  D=0x0000000000000000 A=0x6eda8
1083500: system.cpu: T0 : 0x228fa    : bltu a6, a3, 42            : IntAlu : 
1084000: system.cpu: T0 : 0x228fe    : c_bnez a3, 38              : IntAlu : 
1084500: system.cpu: T0 : 0x22924    : c_sd a5, 0(a1)             : MemWrite :  D=0x0000000000000000 A=0x7ffffffffffffbd0
1085000: system.cpu: T0 : 0x22926    : c_j -36                    : IntAlu : 
1086000: system.cpu: T0 : 0x22902    : slli a5, a0, 3             : IntAlu :  D=0x0000000000000058
1086500: system.cpu: T0 : 0x22906    : c_sub a5, a0               : IntAlu :  D=0x000000000000004d
1087000: system.cpu: T0 : 0x22908    : c_slli a5, 3               : IntAlu :  D=0x0000000000000268
1088000: system.cpu: T0 : 0x2290a    : add a3, a4, a5             : IntAlu :  D=0x000000000006ed88
1089000: system.cpu: T0 : 0x2290e    : lbu a3, 40(a3)             : MemRead :  D=0x0000000000000000 A=0x6edb0
1089500: system.cpu: T0 : 0x22912    : c_beqz a3, 16              : IntAlu : 
1090000: system.cpu: T0 : 0x22922    : c_jr ra                    : IntAlu : 
1090500: system.cpu: T0 : 0x1b3e4    : c_lui a2, 27               : IntAlu :  D=0x000000000001b000
1091500: system.cpu: T0 : 0x1b3e6    : addi a2, a2, -914          : IntAlu :  D=0x000000000001ac6e
1092000: system.cpu: T0 : 0x1b3ea    : c_mv a1, sp                : IntAlu :  D=0x7ffffffffffffbd0
1092500: system.cpu: T0 : 0x1b3ec    : c_li a0, 5                 : IntAlu :  D=0x0000000000000005
1093500: system.cpu: T0 : 0x1b3ee    : jal ra, 29936              : IntAlu :  D=0x000000000001b3f2
1094000: system.cpu: T0 : 0x228de    : c_slli a0, 32              : IntAlu :  D=0x0000000500000000
1094500: system.cpu: T0 : 0x228e0    : c_srli a0, 32              : IntAlu :  D=0x0000000000000005
1095500: system.cpu: T0 : 0x228e2    : slli a5, a0, 3             : IntAlu :  D=0x0000000000000028
1096000: system.cpu: T0 : 0x228e6    : c_sub a5, a0               : IntAlu :  D=0x0000000000000023
1096500: system.cpu: T0 : 0x228e8    : lui a4, 111                : IntAlu :  D=0x000000000006f000
1097000: system.cpu: T0 : 0x228ec    : addi a4, a4, -1248         : IntAlu :  D=0x000000000006eb20
1097500: system.cpu: T0 : 0x228f0    : c_slli a5, 3               : IntAlu :  D=0x0000000000000118
1098000: system.cpu: T0 : 0x228f2    : c_add a5, a4               : IntAlu :  D=0x000000000006ec38
1098500: system.cpu: T0 : 0x228f4    : c_lw a3, 8(a5)             : MemRead :  D=0x0000000000000002 A=0x6ec40
1099000: system.cpu: T0 : 0x228f6    : c_li a6, 2                 : IntAlu :  D=0x0000000000000002
1099500: system.cpu: T0 : 0x228f8    : c_ld a5, 32(a5)            : MemRead :  D=0x0000000000000000 A=0x6ec58
1100500: system.cpu: T0 : 0x228fa    : bltu a6, a3, 42            : IntAlu : 
1101000: system.cpu: T0 : 0x228fe    : c_bnez a3, 38              : IntAlu : 
1101500: system.cpu: T0 : 0x22924    : c_sd a5, 0(a1)             : MemWrite :  D=0x0000000000000000 A=0x7ffffffffffffbd0
1102000: system.cpu: T0 : 0x22926    : c_j -36                    : IntAlu : 
1103000: system.cpu: T0 : 0x22902    : slli a5, a0, 3             : IntAlu :  D=0x0000000000000028
1103500: system.cpu: T0 : 0x22906    : c_sub a5, a0               : IntAlu :  D=0x0000000000000023
1104000: system.cpu: T0 : 0x22908    : c_slli a5, 3               : IntAlu :  D=0x0000000000000118
1105000: system.cpu: T0 : 0x2290a    : add a3, a4, a5             : IntAlu :  D=0x000000000006ec38
1106000: system.cpu: T0 : 0x2290e    : lbu a3, 40(a3)             : MemRead :  D=0x0000000000000000 A=0x6ec60
1106500: system.cpu: T0 : 0x22912    : c_beqz a3, 16              : IntAlu : 
1107000: system.cpu: T0 : 0x22922    : c_jr ra                    : IntAlu : 
1107500: system.cpu: T0 : 0x1b3f2    : c_ldsp a4, 8(sp)           : MemRead :  D=0x6e776f442f2e2e00 A=0x7ffffffffffffbd8
1108000: system.cpu: T0 : 0x1b3f4    : ld a5, -1264(s1)           : MemRead :  D=0x6e776f442f2e2e00 A=0x6eb10
1108500: system.cpu: T0 : 0x1b3f8    : c_li a3, 1                 : IntAlu :  D=0x0000000000000001
1109500: system.cpu: T0 : 0x1b3fa    : sw a3, -1876(gp)           : MemWrite :  D=0x0000000000000001 A=0x708dc
1110500: system.cpu: T0 : 0x1b3fe    : bne a4, a5, 14             : IntAlu : 
1111000: system.cpu: T0 : 0x1b402    : c_ldsp ra, 40(sp)          : MemRead :  D=0x000000000001e1dc A=0x7ffffffffffffbf8
1111500: system.cpu: T0 : 0x1b404    : c_ldsp s0, 32(sp)          : MemRead :  D=0x7ffffffffffffcf0 A=0x7ffffffffffffbf0
1112000: system.cpu: T0 : 0x1b406    : c_ldsp s1, 24(sp)          : MemRead :  D=0x7ffffffffffffc20 A=0x7ffffffffffffbe8
1112500: system.cpu: T0 : 0x1b408    : c_addi16sp sp, 48          : IntAlu :  D=0x7ffffffffffffc00
1113000: system.cpu: T0 : 0x1b40a    : c_jr ra                    : IntAlu : 
1113500: system.cpu: T0 : 0x1e1dc    : c_ldsp a0, 8(sp)           : MemRead :  D=0x0000000000000024 A=0x7ffffffffffffc08
1114000: system.cpu: T0 : 0x1e1de    : c_ldsp ra, 24(sp)          : MemRead :  D=0x000000000003e09a A=0x7ffffffffffffc18
1114500: system.cpu: T0 : 0x1e1e0    : c_addi16sp sp, 32          : IntAlu :  D=0x7ffffffffffffc20
1115000: system.cpu: T0 : 0x1e1e2    : c_j -540                   : IntAlu : 
1116000: system.cpu: T0 : 0x1dfc6    : ld t1, -1848(gp)           : MemRead :  D=0x0000000000000000 A=0x708f8
1117000: system.cpu: T0 : 0x1dfca    : bne t1, zero, 260          : IntAlu : 
1117500: system.cpu: T0 : 0x1dfce    : c_addi sp, -32             : IntAlu :  D=0x7ffffffffffffc00
1118000: system.cpu: T0 : 0x1dfd0    : c_sdsp s0, 16(sp)          : MemWrite :  D=0x7ffffffffffffcf0 A=0x7ffffffffffffc10
1118500: system.cpu: T0 : 0x1dfd2    : c_sdsp ra, 24(sp)          : MemWrite :  D=0x000000000003e09a A=0x7ffffffffffffc18
1119000: system.cpu: T0 : 0x1dfd4    : c_sdsp s1, 8(sp)           : MemWrite :  D=0x7ffffffffffffc20 A=0x7ffffffffffffc08
1119500: system.cpu: T0 : 0x1dfd6    : c_sdsp s2, 0(sp)           : MemWrite :  D=0x0000000000000002 A=0x7ffffffffffffc00
1120000: system.cpu: T0 : 0x1dfd8    : c_mv s0, a0                : IntAlu :  D=0x0000000000000024
1121000: system.cpu: T0 : 0x1dfda    : blt a0, zero, 222          : IntAlu : 
1122000: system.cpu: T0 : 0x1dfde    : addi a5, a0, 23            : IntAlu :  D=0x000000000000003b
1122500: system.cpu: T0 : 0x1dfe2    : c_li a4, 31                : IntAlu :  D=0x000000000000001f
1123000: system.cpu: T0 : 0x1dfe4    : c_li s1, 0                 : IntAlu :  D=0x0000000000000000
1124000: system.cpu: T0 : 0x1dfe6    : bltu a4, a5, 94            : IntAlu : 
1124500: system.cpu: T0 : 0x1e044    : c_andi a5, 18446744073709551600 : IntAlu :  D=0x0000000000000030
1125000: system.cpu: T0 : 0x1e046    : c_addi a5, -17             : IntAlu :  D=0x000000000000001f
1125500: system.cpu: T0 : 0x1e048    : srli s1, a5, 4             : IntAlu :  D=0x0000000000000001
1126000: system.cpu: T0 : 0x1e04c    : c_j -98                    : IntAlu : 
1127000: system.cpu: T0 : 0x1dfea    : ld a4, 40(tp)              : MemRead :  D=0x0000000000000000 A=0x73738
1127500: system.cpu: T0 : 0x1dfee    : c_beqz a4, 96              : IntAlu : 
1128500: system.cpu: T0 : 0x1e04e    : lbu a5, 48(tp)             : MemRead :  D=0x0000000000000000 A=0x73740
1129000: system.cpu: T0 : 0x1e052    : c_bnez a5, -86             : IntAlu : 
1129500: system.cpu: T0 : 0x1e054    : jal ra, -2484              : IntAlu :  D=0x000000000001e058
1130000: system.cpu: T0 : 0x1d6a0    : c_addi sp, -32             : IntAlu :  D=0x7ffffffffffffbe0
1130500: system.cpu: T0 : 0x1d6a2    : c_sdsp s0, 16(sp)          : MemWrite :  D=0x0000000000000024 A=0x7ffffffffffffbf0
1131000: system.cpu: T0 : 0x1d6a4    : ld s0, 56(tp)              : MemRead :  D=0x000000000006f5c8 A=0x73748
1131500: system.cpu: T0 : 0x1d6a8    : c_sdsp ra, 24(sp)          : MemWrite :  D=0x000000000001e058 A=0x7ffffffffffffbf8
1132000: system.cpu: T0 : 0x1d6aa    : c_sdsp s1, 8(sp)           : MemWrite :  D=0x0000000000000001 A=0x7ffffffffffffbe8
1132500: system.cpu: T0 : 0x1d6ac    : c_beqz s0, 78              : IntAlu : 
1133000: system.cpu: T0 : 0x1d6ae    : c_mv s1, s0                : IntAlu :  D=0x000000000006f5c8
1133500: system.cpu: T0 : 0x1d6b0    : c_li a4, 1                 : IntAlu :  D=0x0000000000000001
1134500: system.cpu: T0 : 0x1d6b2    : lr_w a5, (s0)             
1134500: system.cpu: T0 : 0x1d6b2. 0 : lr_w a5, (s0)              : MemRead :  D=0x0000000000000000 A=0x6f5c8
1135000: system.cpu: T0 : 0x1d6b6    : c_bnez a5, 8               : IntAlu : 
1135500: system.cpu: T0 : 0x1d6b8    : sc_w_aq a3, a4, (s0)      
1135500: system.cpu: T0 : 0x1d6b8. 0 : sc_w a3, a4, (s0)          : MemWrite :  D=0x0000000000000000 A=0x6f5c8
1136000: system.cpu: T0 : 0x1d6b8. 1 : 0x1ce426af fence           : No_OpClass : 
1136500: system.cpu: T0 : 0x1d6bc    : c_bnez a3, -10             : IntAlu : 
1137000: system.cpu: T0 : 0x1d6be    : c_addiw a5, 0              : IntAlu :  D=0x0000000000000000
1137500: system.cpu: T0 : 0x1d6c0    : c_bnez a5, 162             : IntAlu : 
1138500: system.cpu: T0 : 0x1d6c2    : addi a1, zero, 640         : IntAlu :  D=0x0000000000000280
1139000: system.cpu: T0 : 0x1d6c6    : c_mv a0, s0                : IntAlu :  D=0x000000000006f5c8
1139500: system.cpu: T0 : 0x1d6c8    : jal ra, -2862              : IntAlu :  D=0x000000000001d6cc
1140000: system.cpu: T0 : 0x1cb9a    : c_addi16sp sp, -256        : IntAlu :  D=0x7ffffffffffffae0
1140500: system.cpu: T0 : 0x1cb9c    : c_sdsp ra, 248(sp)         : MemWrite :  D=0x000000000001d6cc A=0x7ffffffffffffbd8
1141000: system.cpu: T0 : 0x1cb9e    : c_sdsp s0, 240(sp)         : MemWrite :  D=0x000000000006f5c8 A=0x7ffffffffffffbd0
1141500: system.cpu: T0 : 0x1cba0    : c_sdsp s1, 232(sp)         : MemWrite :  D=0x000000000006f5c8 A=0x7ffffffffffffbc8
1142000: system.cpu: T0 : 0x1cba2    : c_sdsp s2, 224(sp)         : MemWrite :  D=0x0000000000000002 A=0x7ffffffffffffbc0
1142500: system.cpu: T0 : 0x1cba4    : c_sdsp s3, 216(sp)         : MemWrite :  D=0x0000000000000000 A=0x7ffffffffffffbb8
1143000: system.cpu: T0 : 0x1cba6    : c_sdsp s4, 208(sp)         : MemWrite :  D=0x0000000000000000 A=0x7ffffffffffffbb0
1143500: system.cpu: T0 : 0x1cba8    : c_sdsp s5, 200(sp)         : MemWrite :  D=0x0000000000000000 A=0x7ffffffffffffba8
1144000: system.cpu: T0 : 0x1cbaa    : c_sdsp s6, 192(sp)         : MemWrite :  D=0x0000000000072000 A=0x7ffffffffffffba0
1144500: system.cpu: T0 : 0x1cbac    : c_sdsp s7, 184(sp)         : MemWrite :  D=0x0000000000000000 A=0x7ffffffffffffb98
1145000: system.cpu: T0 : 0x1cbae    : c_sdsp s8, 176(sp)         : MemWrite :  D=0x0000000000000000 A=0x7ffffffffffffb90
1145500: system.cpu: T0 : 0x1cbb0    : c_sdsp s9, 168(sp)         : MemWrite :  D=0x0000000000000003 A=0x7ffffffffffffb88
1146000: system.cpu: T0 : 0x1cbb2    : c_sdsp s10, 160(sp)        : MemWrite :  D=0x0000000000000000 A=0x7ffffffffffffb80
1146500: system.cpu: T0 : 0x1cbb4    : c_sdsp s11, 152(sp)        : MemWrite :  D=0x0000000000000000 A=0x7ffffffffffffb78
1147500: system.cpu: T0 : 0x1cbb6    : blt a1, zero, 1198         : IntAlu : 
1148500: system.cpu: T0 : 0x1cbba    : addi s0, a1, 23            : IntAlu :  D=0x0000000000000297
1149000: system.cpu: T0 : 0x1cbbe    : c_li a5, 31                : IntAlu :  D=0x000000000000001f
1149500: system.cpu: T0 : 0x1cbc0    : c_mv s3, a1                : IntAlu :  D=0x0000000000000280
1150000: system.cpu: T0 : 0x1cbc2    : c_mv s1, a0                : IntAlu :  D=0x000000000006f5c8
1150500: system.cpu: T0 : 0x1cbc4    : bltu a5, s0, 220           : IntAlu : 
1151000: system.cpu: T0 : 0x1cca0    : c_andi s0, 18446744073709551600 : IntAlu :  D=0x0000000000000290
1152000: system.cpu: T0 : 0x1cca2    : beq a0, zero, 988          : IntAlu : 
1153000: system.cpu: T0 : 0x1cca6    : ld a4, -1376(gp)           : MemRead :  D=0x0000000000000080 A=0x70ad0
1154000: system.cpu: T0 : 0x1ccaa    : srliw s9, s0, 4            : IntAlu :  D=0x0000000000000029
1155000: system.cpu: T0 : 0x1ccae    : srliw a5, s0, 4            : IntAlu :  D=0x0000000000000029
1156000: system.cpu: T0 : 0x1ccb2    : bgeu a4, s0, 506           : IntAlu : 
1157000: system.cpu: T0 : 0x1ccb6    : addi a4, zero, 1023        : IntAlu :  D=0x00000000000003ff
1158000: system.cpu: T0 : 0x1ccba    : bgeu a4, s0, 1722          : IntAlu : 
1158500: system.cpu: T0 : 0x1d374    : c_addiw a5, -1             : IntAlu :  D=0x0000000000000028
1159000: system.cpu: T0 : 0x1d376    : c_j -1406                  : IntAlu : 
1159500: system.cpu: T0 : 0x1cdf8    : slliw a5, a5, 1            : IntAlu :  D=0x0000000000000050
1160000: system.cpu: T0 : 0x1cdfc    : c_slli a5, 32              : IntAlu :  D=0x0000005000000000
1160500: system.cpu: T0 : 0x1cdfe    : c_srli a5, 32              : IntAlu :  D=0x0000000000000050
1161000: system.cpu: T0 : 0x1ce00    : c_addi a5, 14              : IntAlu :  D=0x000000000000005e
1161500: system.cpu: T0 : 0x1ce02    : c_slli a5, 3               : IntAlu :  D=0x00000000000002f0
1162000: system.cpu: T0 : 0x1ce04    : c_j -550                   : IntAlu : 
1162500: system.cpu: T0 : 0x1cbde    : c_add a5, s1               : IntAlu :  D=0x000000000006f8b8
1163000: system.cpu: T0 : 0x1cbe0    : ld s2, 8(a5)               : MemRead :  D=0x000000000006f8a8 A=0x6f8c0
1163500: system.cpu: T0 : 0x1cbe4    : addi a3, a5, -16           : IntAlu :  D=0x000000000006f8a8
1164000: system.cpu: T0 : 0x1cbe8    : beq a3, s2, 748            : IntAlu : 
1164500: system.cpu: T0 : 0x1ced4    : srli t1, s0, 9             : IntAlu :  D=0x0000000000000001
1165000: system.cpu: T0 : 0x1ced8    : addiw a5, t1, 91           : IntAlu :  D=0x000000000000005c
1165500: system.cpu: T0 : 0x1cedc    : srli s10, s0, 6            : IntAlu :  D=0x000000000000000a
1166000: system.cpu: T0 : 0x1cee0    : c_sdsp a5, 96(sp)          : MemWrite :  D=0x000000000000005c A=0x7ffffffffffffb40
1167000: system.cpu: T0 : 0x1cee2    : addiw a5, s10, 48          : IntAlu :  D=0x000000000000003a
1167500: system.cpu: T0 : 0x1cee6    : c_sdsp a5, 88(sp)          : MemWrite :  D=0x000000000000003a A=0x7ffffffffffffb38
1168000: system.cpu: T0 : 0x1cee8    : addi a5, zero, 110         : IntAlu :  D=0x000000000000006e
1168500: system.cpu: T0 : 0x1ceec    : c_sdsp a5, 112(sp)         : MemWrite :  D=0x000000000000006e A=0x7ffffffffffffb50
1169500: system.cpu: T0 : 0x1ceee    : addi a5, zero, 119         : IntAlu :  D=0x0000000000000077
1170000: system.cpu: T0 : 0x1cef2    : c_sdsp a5, 104(sp)         : MemWrite :  D=0x0000000000000077 A=0x7ffffffffffffb48
1170500: system.cpu: T0 : 0x1cef4    : addi a5, zero, 124         : IntAlu :  D=0x000000000000007c
1171000: system.cpu: T0 : 0x1cef8    : c_sdsp s9, 8(sp)           : MemWrite :  D=0x0000000000000029 A=0x7ffffffffffffae8
1171500: system.cpu: T0 : 0x1cefa    : c_sdsp a5, 120(sp)         : MemWrite :  D=0x000000000000007c A=0x7ffffffffffffb58
1172000: system.cpu: T0 : 0x1cefc    : c_sdsp zero, 128(sp)       : MemWrite :  D=0x0000000000000000 A=0x7ffffffffffffb60
1172500: system.cpu: T0 : 0x1cefe    : c_sdsp zero, 136(sp)       : MemWrite :  D=0x0000000000000000 A=0x7ffffffffffffb68
1173000: system.cpu: T0 : 0x1cf00    : ld a5, 40(tp)              : MemRead :  D=0x0000000000000000 A=0x73738
1173500: system.cpu: T0 : 0x1cf04    : addi s6, s0, -17           : IntAlu :  D=0x000000000000027f
1174000: system.cpu: T0 : 0x1cf08    : srli s6, s6, 4             : IntAlu :  D=0x0000000000000027
1174500: system.cpu: T0 : 0x1cf0c    : c_li s5, 0                 : IntAlu :  D=0x0000000000000000
1175000: system.cpu: T0 : 0x1cf0e    : c_beqz a5, 22              : IntAlu : 
1175500: system.cpu: T0 : 0x1cf24    : lui a5, 111                : IntAlu :  D=0x000000000006f000
1176000: system.cpu: T0 : 0x1cf28    : c_lui s11, 1               : IntAlu :  D=0x0000000000001000
1177000: system.cpu: T0 : 0x1cf2a    : lui s7, 111                : IntAlu :  D=0x000000000006f000
1178000: system.cpu: T0 : 0x1cf2e    : addi a5, a5, 1480          : IntAlu :  D=0x000000000006f5c8
1179000: system.cpu: T0 : 0x1cf32    : addi s8, s1, 96            : IntAlu :  D=0x000000000006f628
1179500: system.cpu: T0 : 0x1cf36    : c_li t5, 0                 : IntAlu :  D=0x0000000000000000
1180000: system.cpu: T0 : 0x1cf38    : addi s7, s7, 1368          : IntAlu :  D=0x000000000006f558
1180500: system.cpu: T0 : 0x1cf3c    : add a7, s1, s11            : IntAlu :  D=0x00000000000705c8
1181000: system.cpu: T0 : 0x1cf40    : c_sdsp a5, 56(sp)          : MemWrite :  D=0x000000000006f5c8 A=0x7ffffffffffffb18
1181500: system.cpu: T0 : 0x1cf42    : c_ld a5, 120(s1)           : MemRead :  D=0x000000000006f628 A=0x6f640
1182000: system.cpu: T0 : 0x1cf44    : beq a5, s8, 532            : IntAlu : 
1182500: system.cpu: T0 : 0x1d158    : addi a5, zero, 1023        : IntAlu :  D=0x00000000000003ff
1183000: system.cpu: T0 : 0x1d15c    : bgeu a5, s0, 38            : IntAlu : 
1183500: system.cpu: T0 : 0x1d182    : c_ldsp a3, 8(sp)           : MemRead :  D=0x0000000000000029 A=0x7ffffffffffffae8
1184000: system.cpu: T0 : 0x1d184    : c_li a0, 4                 : IntAlu :  D=0x0000000000000004
1185000: system.cpu: T0 : 0x1d186    : addiw a5, a3, 1            : IntAlu :  D=0x000000000000002a
1186000: system.cpu: T0 : 0x1d18a    : srliw a4, a5, 5            : IntAlu :  D=0x0000000000000001
1187000: system.cpu: T0 : 0x1d18e    : slliw a3, a3, 1            : IntAlu :  D=0x0000000000000052
1188000: system.cpu: T0 : 0x1d192    : addi a4, a4, 536           : IntAlu :  D=0x0000000000000219
1188500: system.cpu: T0 : 0x1d196    : c_slli a3, 32              : IntAlu :  D=0x0000005200000000
1189000: system.cpu: T0 : 0x1d198    : c_slli a4, 2               : IntAlu :  D=0x0000000000000864
1189500: system.cpu: T0 : 0x1d19a    : c_srli a3, 32              : IntAlu :  D=0x0000000000000052
1190000: system.cpu: T0 : 0x1d19c    : c_add a4, s1               : IntAlu :  D=0x000000000006fe2c
1190500: system.cpu: T0 : 0x1d19e    : c_slli a3, 3               : IntAlu :  D=0x0000000000000290
1191000: system.cpu: T0 : 0x1d1a0    : c_lw a2, 0(a4)             : MemRead :  D=0x0000000000000000 A=0x6fe2c
1192000: system.cpu: T0 : 0x1d1a2    : addi a3, a3, 96            : IntAlu :  D=0x00000000000002f0
1192500: system.cpu: T0 : 0x1d1a6    : c_li a4, 1                 : IntAlu :  D=0x0000000000000001
1193000: system.cpu: T0 : 0x1d1a8    : srliw s2, a5, 5            : IntAlu :  D=0x0000000000000001
1193500: system.cpu: T0 : 0x1d1ac    : c_add a3, s1               : IntAlu :  D=0x000000000006f8b8
1194500: system.cpu: T0 : 0x1d1ae    : sllw a5, a4, a5            : IntAlu :  D=0x0000000000000400
1195500: system.cpu: T0 : 0x1d1b2    : bltu a2, a5, 144           : IntAlu : 
1196500: system.cpu: T0 : 0x1d242    : addiw a5, s2, 1            : IntAlu :  D=0x0000000000000002
1197500: system.cpu: T0 : 0x1d246    : addiw s2, a5, 0            : IntAlu :  D=0x0000000000000002
1198500: system.cpu: T0 : 0x1d24a    : bne s2, a0, -26            : IntAlu : 
1199000: system.cpu: T0 : 0x1d230    : c_slli a5, 32              : IntAlu :  D=0x0000000200000000
1199500: system.cpu: T0 : 0x1d232    : c_srli a5, 32              : IntAlu :  D=0x0000000000000002
1200000: system.cpu: T0 : 0x1d234    : addi a5, a5, 536           : IntAlu :  D=0x000000000000021a
1200500: system.cpu: T0 : 0x1d238    : c_slli a5, 2               : IntAlu :  D=0x0000000000000868
1201000: system.cpu: T0 : 0x1d23a    : c_add a5, s1               : IntAlu :  D=0x000000000006fe30
1201500: system.cpu: T0 : 0x1d23c    : c_lw a2, 0(a5)             : MemRead :  D=0x0000000000000000 A=0x6fe30
1202500: system.cpu: T0 : 0x1d23e    : bne a2, zero, 384          : IntAlu : 
1203500: system.cpu: T0 : 0x1d242    : addiw a5, s2, 1            : IntAlu :  D=0x0000000000000003
1204500: system.cpu: T0 : 0x1d246    : addiw s2, a5, 0            : IntAlu :  D=0x0000000000000003
1205500: system.cpu: T0 : 0x1d24a    : bne s2, a0, -26            : IntAlu : 
1206000: system.cpu: T0 : 0x1d230    : c_slli a5, 32              : IntAlu :  D=0x0000000300000000
1206500: system.cpu: T0 : 0x1d232    : c_srli a5, 32              : IntAlu :  D=0x0000000000000003
1207000: system.cpu: T0 : 0x1d234    : addi a5, a5, 536           : IntAlu :  D=0x000000000000021b
1207500: system.cpu: T0 : 0x1d238    : c_slli a5, 2               : IntAlu :  D=0x000000000000086c
1208000: system.cpu: T0 : 0x1d23a    : c_add a5, s1               : IntAlu :  D=0x000000000006fe34
1208500: system.cpu: T0 : 0x1d23c    : c_lw a2, 0(a5)             : MemRead :  D=0x0000000000000000 A=0x6fe34
1209500: system.cpu: T0 : 0x1d23e    : bne a2, zero, 384          : IntAlu : 
1210500: system.cpu: T0 : 0x1d242    : addiw a5, s2, 1            : IntAlu :  D=0x0000000000000004
1211500: system.cpu: T0 : 0x1d246    : addiw s2, a5, 0            : IntAlu :  D=0x0000000000000004
1212500: system.cpu: T0 : 0x1d24a    : bne s2, a0, -26            : IntAlu : 
1213000: system.cpu: T0 : 0x1d24e    : c_ld a4, 96(s1)            : MemRead :  D=0x000000000006f628 A=0x6f628
1213500: system.cpu: T0 : 0x1d250    : ld a3, -1912(a7)           : MemRead :  D=0x0000000000000000 A=0x6fe50
1214000: system.cpu: T0 : 0x1d254    : c_ld a5, 8(a4)             : MemRead :  D=0x0000000000000000 A=0x6f630
1214500: system.cpu: T0 : 0x1d256    : c_andi a5, 18446744073709551608 : IntAlu :  D=0x0000000000000000
1215000: system.cpu: T0 : 0x1d258    : bltu a3, a5, 548           : IntAlu : 
1215500: system.cpu: T0 : 0x1d25c    : addi a3, s0, 32            : IntAlu :  D=0x00000000000002b0
1216000: system.cpu: T0 : 0x1d260    : bgeu a5, a3, 640           : IntAlu : 
1216500: system.cpu: T0 : 0x1d264    : c_sdsp a7, 32(sp)          : MemWrite :  D=0x00000000000705c8 A=0x7ffffffffffffb00
1217000: system.cpu: T0 : 0x1d266    : c_sdsp t1, 24(sp)          : MemWrite :  D=0x0000000000000001 A=0x7ffffffffffffaf8
1217500: system.cpu: T0 : 0x1d268    : c_sdsp t5, 16(sp)          : MemWrite :  D=0x0000000000000000 A=0x7ffffffffffffaf0
1218000: system.cpu: T0 : 0x1d26a    : c_lw a5, 8(s1)             : MemRead :  D=0x0000000000000000 A=0x6f5d0
1218500: system.cpu: T0 : 0x1d26c    : c_addiw a5, 0              : IntAlu :  D=0x0000000000000000
1219000: system.cpu: T0 : 0x1d26e    : c_beqz a5, 180             : IntAlu : 
1219500: system.cpu: T0 : 0x1d322    : c_mv a1, s1                : IntAlu :  D=0x000000000006f5c8
1220000: system.cpu: T0 : 0x1d324    : c_mv a0, s0                : IntAlu :  D=0x0000000000000290
1221000: system.cpu: T0 : 0x1d326    : jal ra, -3372              : IntAlu :  D=0x000000000001d32a
1221500: system.cpu: T0 : 0x1c5fa    : c_addi16sp sp, -160        : IntAlu :  D=0x7ffffffffffffa40
1222000: system.cpu: T0 : 0x1c5fc    : c_sdsp s1, 136(sp)         : MemWrite :  D=0x000000000006f5c8 A=0x7ffffffffffffac8
1222500: system.cpu: T0 : 0x1c5fe    : c_sdsp s2, 128(sp)         : MemWrite :  D=0x0000000000000004 A=0x7ffffffffffffac0
1223000: system.cpu: T0 : 0x1c600    : c_sdsp s10, 64(sp)         : MemWrite :  D=0x000000000000000a A=0x7ffffffffffffa80
1223500: system.cpu: T0 : 0x1c602    : c_sdsp ra, 152(sp)         : MemWrite :  D=0x000000000001d32a A=0x7ffffffffffffad8
1224000: system.cpu: T0 : 0x1c604    : c_sdsp s0, 144(sp)         : MemWrite :  D=0x0000000000000290 A=0x7ffffffffffffad0
1224500: system.cpu: T0 : 0x1c606    : c_sdsp s3, 120(sp)         : MemWrite :  D=0x0000000000000280 A=0x7ffffffffffffab8
1225000: system.cpu: T0 : 0x1c608    : c_sdsp s4, 112(sp)         : MemWrite :  D=0x0000000000000000 A=0x7ffffffffffffab0
1225500: system.cpu: T0 : 0x1c60a    : c_sdsp s5, 104(sp)         : MemWrite :  D=0x0000000000000000 A=0x7ffffffffffffaa8
1226000: system.cpu: T0 : 0x1c60c    : c_sdsp s6, 96(sp)          : MemWrite :  D=0x0000000000000027 A=0x7ffffffffffffaa0
1226500: system.cpu: T0 : 0x1c60e    : c_sdsp s7, 88(sp)          : MemWrite :  D=0x000000000006f558 A=0x7ffffffffffffa98
1227000: system.cpu: T0 : 0x1c610    : c_sdsp s8, 80(sp)          : MemWrite :  D=0x000000000006f628 A=0x7ffffffffffffa90
1227500: system.cpu: T0 : 0x1c612    : c_sdsp s9, 72(sp)          : MemWrite :  D=0x0000000000000029 A=0x7ffffffffffffa88
1228000: system.cpu: T0 : 0x1c614    : c_sdsp s11, 56(sp)         : MemWrite :  D=0x0000000000001000 A=0x7ffffffffffffa78
1229000: system.cpu: T0 : 0x1c616    : ld s2, -1784(gp)           : MemRead :  D=0x0000000000001000 A=0x70938
1229500: system.cpu: T0 : 0x1c61a    : c_mv s1, a0                : IntAlu :  D=0x0000000000000290
1230000: system.cpu: T0 : 0x1c61c    : beq a1, zero, 534          : IntAlu : 
1230500: system.cpu: T0 : 0x1c620    : lui s11, 111               : IntAlu :  D=0x000000000006f000
1231000: system.cpu: T0 : 0x1c624    : addi s11, s11, 1368        : IntAlu :  D=0x000000000006f558
1231500: system.cpu: T0 : 0x1c628    : ld a5, 16(s11)             : MemRead :  D=0x0000000000020000 A=0x6f568
1232000: system.cpu: T0 : 0x1c62c    : c_mv s0, a1                : IntAlu :  D=0x000000000006f5c8
1233000: system.cpu: T0 : 0x1c62e    : bgeu a0, a5, 276           : IntAlu : 
1233500: system.cpu: T0 : 0x1c632    : c_sdsp zero, 8(sp)         : MemWrite :  D=0x0000000000000000 A=0x7ffffffffffffa48
1234000: system.cpu: T0 : 0x1c634    : addi s5, s2, 7             : IntAlu :  D=0x0000000000001007
1234500: system.cpu: T0 : 0x1c638    : add a5, s5, s1             : IntAlu :  D=0x0000000000001297
1235000: system.cpu: T0 : 0x1c63c    : lui s6, 111                : IntAlu :  D=0x000000000006f000
1235500: system.cpu: T0 : 0x1c640    : sub s5, zero, s2           : IntAlu :  D=0xfffffffffffff000
1236000: system.cpu: T0 : 0x1c644    : addi a7, s0, 96            : IntAlu :  D=0x000000000006f628
1236500: system.cpu: T0 : 0x1c648    : addi t1, s2, -1            : IntAlu :  D=0x0000000000000fff
1237000: system.cpu: T0 : 0x1c64c    : addi s8, s1, 32            : IntAlu :  D=0x00000000000002b0
1237500: system.cpu: T0 : 0x1c650    : addi s7, s6, 1480          : IntAlu :  D=0x000000000006f5c8
1238000: system.cpu: T0 : 0x1c654    : and s5, a5, s5             : IntAlu :  D=0x0000000000001000
1238500: system.cpu: T0 : 0x1c658    : ld s4, 96(s0)              : MemRead :  D=0x000000000006f628 A=0x6f628
1239000: system.cpu: T0 : 0x1c65c    : ld a5, 8(s4)               : MemRead :  D=0x0000000000000000 A=0x6f630
1239500: system.cpu: T0 : 0x1c660    : andi s3, a5, 18446744073709551608 : IntAlu :  D=0x0000000000000000
1240000: system.cpu: T0 : 0x1c664    : add s9, s4, s3             : IntAlu :  D=0x000000000006f628
1240500: system.cpu: T0 : 0x1c668    : beq s4, a7, 506            : IntAlu : 
1241500: system.cpu: T0 : 0x1c862    : beq s3, zero, -482         : IntAlu : 
1242000: system.cpu: T0 : 0x1c680    : bgeu s3, s8, 1112          : IntAlu : 
1242500: system.cpu: T0 : 0x1c684    : beq s0, s7, 484            : IntAlu : 
1243000: system.cpu: T0 : 0x1c868    : ld s5, 8(s11)              : MemRead :  D=0x0000000000020000 A=0x6f560
1243500: system.cpu: T0 : 0x1c86c    : c_lw a5, 4(s0)             : MemRead :  D=0x0000000000000000 A=0x6f5cc
1244500: system.cpu: T0 : 0x1c86e    : addi s10, s2, -1           : IntAlu :  D=0x0000000000000fff
1245500: system.cpu: T0 : 0x1c872    : addi s5, s5, 32            : IntAlu :  D=0x0000000000020020
1246000: system.cpu: T0 : 0x1c876    : c_add s5, s10              : IntAlu :  D=0x000000000002101f
1246500: system.cpu: T0 : 0x1c878    : c_andi a5, 2               : IntAlu :  D=0x0000000000000000
1247000: system.cpu: T0 : 0x1c87a    : c_add s5, s1               : IntAlu :  D=0x00000000000212af
1247500: system.cpu: T0 : 0x1c87c    : sub a6, zero, s2           : IntAlu :  D=0xfffffffffffff000
1248000: system.cpu: T0 : 0x1c880    : c_beqz a5, 158             : IntAlu : 
1249000: system.cpu: T0 : 0x1c91e    : sub s5, s5, s3             : IntAlu :  D=0x00000000000212af
1250000: system.cpu: T0 : 0x1c922    : and s5, s5, a6             : IntAlu :  D=0x0000000000021000
1251000: system.cpu: T0 : 0x1c926    : blt zero, s5, -156         : IntAlu : 
1252000: system.cpu: T0 : 0x1c88a    : ld a5, -1840(gp)           : MemRead :  D=0x000000000001f1ba A=0x70900
1252500: system.cpu: T0 : 0x1c88e    : c_mv a0, s5                : IntAlu :  D=0x0000000000021000
1253000: system.cpu: T0 : 0x1c890    : c_sdsp a6, 8(sp)           : MemWrite :  D=0xfffffffffffff000 A=0x7ffffffffffffa48
1253500: system.cpu: T0 : 0x1c892    : c_jalr a5                  : IntAlu :  D=0x000000000001c894
1254000: system.cpu: T0 : 0x1f1ba    : c_addi sp, -16             : IntAlu :  D=0x7ffffffffffffa30
1254500: system.cpu: T0 : 0x1f1bc    : c_sdsp ra, 8(sp)           : MemWrite :  D=0x000000000001c894 A=0x7ffffffffffffa38
1255500: system.cpu: T0 : 0x1f1be    : jal ra, 9318               : IntAlu :  D=0x000000000001f1c2
1256000: system.cpu: T0 : 0x21624    : c_addi sp, -32             : IntAlu :  D=0x7ffffffffffffa10
1256500: system.cpu: T0 : 0x21626    : c_sdsp s2, 0(sp)           : MemWrite :  D=0x0000000000001000 A=0x7ffffffffffffa10
1257000: system.cpu: T0 : 0x21628    : c_sdsp s1, 8(sp)           : MemWrite :  D=0x0000000000000290 A=0x7ffffffffffffa18
1258000: system.cpu: T0 : 0x2162a    : ld s1, -1200(gp)           : MemRead :  D=0x0000000000073f80 A=0x70b80
1258500: system.cpu: T0 : 0x2162e    : c_sdsp s0, 16(sp)          : MemWrite :  D=0x000000000006f5c8 A=0x7ffffffffffffa20
1259000: system.cpu: T0 : 0x21630    : c_sdsp ra, 24(sp)          : MemWrite :  D=0x000000000001f1c2 A=0x7ffffffffffffa28
1259500: system.cpu: T0 : 0x21632    : c_mv s0, a0                : IntAlu :  D=0x0000000000021000
1260000: system.cpu: T0 : 0x21634    : c_beqz s1, 46              : IntAlu : 
1261000: system.cpu: T0 : 0x21636    : lw a5, -1728(gp)           : MemRead :  D=0x0000000000000000 A=0x70970
1261500: system.cpu: T0 : 0x2163a    : c_bnez a5, 40              : IntAlu : 
1262000: system.cpu: T0 : 0x2163c    : c_beqz s0, 24              : IntAlu : 
1263000: system.cpu: T0 : 0x2163e    : bge zero, s0, 52           : IntAlu : 
1264000: system.cpu: T0 : 0x21642    : add a5, s0, s1             : IntAlu :  D=0x0000000000094f80
1265000: system.cpu: T0 : 0x21646    : sltu a5, a5, s1            : IntAlu :  D=0x0000000000000000
1265500: system.cpu: T0 : 0x2164a    : c_beqz a5, 50              : IntAlu : 
1266000: system.cpu: T0 : 0x2167c    : add a0, s1, s0             : IntAlu :  D=0x0000000000094f80
1266500: system.cpu: T0 : 0x21680    : jal ra, 98390              : IntAlu :  D=0x0000000000021684
1267000: system.cpu: T0 : 0x396d6    : c_mv a5, a0                : IntAlu :  D=0x0000000000094f80
1267500: system.cpu: T0 : 0x396d8    : addi a7, zero, 214         : IntAlu :  D=0x00000000000000d6
1268000: system.cpu: T0 : 0x396dc    : ecall                      : No_OpClass : 
1268500: system.cpu: T0 : 0x396e0    : sd a0, -1200(gp)           : MemWrite :  D=0x0000000000094f80 A=0x70b80
1269000: system.cpu: T0 : 0x396e4    : bltu a0, a5, 8             : IntAlu : 
1269500: system.cpu: T0 : 0x396e8    : c_li a0, 0                 : IntAlu :  D=0x0000000000000000
1270000: system.cpu: T0 : 0x396ea    : c_jr ra                    : IntAlu : 
1270500: system.cpu: T0 : 0x21684    : blt a0, zero, -50          : IntAlu : 
1271000: system.cpu: T0 : 0x21688    : c_ldsp ra, 24(sp)          : MemRead :  D=0x000000000001f1c2 A=0x7ffffffffffffa28
1271500: system.cpu: T0 : 0x2168a    : c_ldsp s0, 16(sp)          : MemRead :  D=0x000000000006f5c8 A=0x7ffffffffffffa20
1272000: system.cpu: T0 : 0x2168c    : c_ldsp s2, 0(sp)           : MemRead :  D=0x0000000000001000 A=0x7ffffffffffffa10
1272500: system.cpu: T0 : 0x2168e    : c_mv a0, s1                : IntAlu :  D=0x0000000000073f80
1273000: system.cpu: T0 : 0x21690    : c_ldsp s1, 8(sp)           : MemRead :  D=0x0000000000000290 A=0x7ffffffffffffa18
1273500: system.cpu: T0 : 0x21692    : c_addi16sp sp, 32          : IntAlu :  D=0x7ffffffffffffa30
1274000: system.cpu: T0 : 0x21694    : c_jr ra                    : IntAlu : 
1274500: system.cpu: T0 : 0x1f1c2    : c_li a5, -1                : IntAlu :  D=0xffffffffffffffff
1275000: system.cpu: T0 : 0x1f1c4    : beq a0, a5, 10             : IntAlu : 
1275500: system.cpu: T0 : 0x1f1c8    : c_ldsp ra, 8(sp)           : MemRead :  D=0x000000000001c894 A=0x7ffffffffffffa38
1276000: system.cpu: T0 : 0x1f1ca    : c_addi sp, 16              : IntAlu :  D=0x7ffffffffffffa40
1276500: system.cpu: T0 : 0x1f1cc    : c_jr ra                    : IntAlu : 
1277000: system.cpu: T0 : 0x1c894    : c_ldsp a6, 8(sp)           : MemRead :  D=0xfffffffffffff000 A=0x7ffffffffffffa48
1277500: system.cpu: T0 : 0x1c896    : c_mv s2, a0                : IntAlu :  D=0x0000000000073f80
1278000: system.cpu: T0 : 0x1c898    : beq a0, zero, 502          : IntAlu : 
1278500: system.cpu: T0 : 0x1c89c    : ld a5, -1392(gp)           : MemRead :  D=0x0000000000000000 A=0x70ac0
1279000: system.cpu: T0 : 0x1c8a0    : c_li a4, 0                 : IntAlu :  D=0x0000000000000000
1280000: system.cpu: T0 : 0x1c8a2    : bne a5, zero, 538          : IntAlu : 
1281000: system.cpu: T0 : 0x1c8a6    : ld a5, 72(s11)             : MemRead :  D=0x0000000000000000 A=0x6f5a0
1282000: system.cpu: T0 : 0x1c8aa    : beq a5, zero, 380          : IntAlu : 
1283000: system.cpu: T0 : 0x1ca26    : sd s2, 72(s11)             : MemWrite :  D=0x0000000000073f80 A=0x6f5a0
1283500: system.cpu: T0 : 0x1ca2a    : c_j -380                   : IntAlu : 
1284000: system.cpu: T0 : 0x1c8ae    : c_lui s11, 1               : IntAlu :  D=0x0000000000001000
1284500: system.cpu: T0 : 0x1c8b0    : c_add s11, s7              : IntAlu :  D=0x00000000000705c8
1285500: system.cpu: T0 : 0x1c8b2    : ld a5, -1912(s11)          : MemRead :  D=0x0000000000000000 A=0x6fe50
1286000: system.cpu: T0 : 0x1c8b6    : c_add a5, s5               : IntAlu :  D=0x0000000000021000
1286500: system.cpu: T0 : 0x1c8b8    : sd a5, -1912(s11)          : MemWrite :  D=0x0000000000021000 A=0x6fe50
1287000: system.cpu: T0 : 0x1c8bc    : beq s9, s2, 342            : IntAlu : 
1287500: system.cpu: T0 : 0x1c8c0    : lw a3, 4(s7)               : MemRead :  D=0x0000000000000000 A=0x6f5cc
1288000: system.cpu: T0 : 0x1c8c4    : c_andi a3, 2               : IntAlu :  D=0x0000000000000000
1289000: system.cpu: T0 : 0x1c8c6    : bne a3, zero, 242          : IntAlu : 
1290000: system.cpu: T0 : 0x1c8ca    : beq s3, zero, 18           : IntAlu : 
1290500: system.cpu: T0 : 0x1c8dc    : andi a5, s2, 15            : IntAlu :  D=0x0000000000000000
1291000: system.cpu: T0 : 0x1c8e0    : bne a5, zero, 332          : IntAlu : 
1291500: system.cpu: T0 : 0x1c8e4    : c_mv a4, s3                : IntAlu :  D=0x0000000000000000
1292000: system.cpu: T0 : 0x1c8e6    : c_mv s9, s2                : IntAlu :  D=0x0000000000073f80
1292500: system.cpu: T0 : 0x1c8e8    : c_add s5, a4               : IntAlu :  D=0x0000000000021000
1293500: system.cpu: T0 : 0x1c8ea    : add a0, s2, s5             : IntAlu :  D=0x0000000000094f80
1294000: system.cpu: T0 : 0x1c8ee    : c_add s10, a0              : IntAlu :  D=0x0000000000095f7f
1294500: system.cpu: T0 : 0x1c8f0    : and a6, s10, a6            : IntAlu :  D=0x0000000000095000
1295000: system.cpu: T0 : 0x1c8f4    : c_sub a4, a0               : IntAlu :  D=0xfffffffffff6b080
1296000: system.cpu: T0 : 0x1c8f6    : add s5, a6, a4             : IntAlu :  D=0x0000000000000080
1297000: system.cpu: T0 : 0x1c8fa    : blt s5, zero, 626          : IntAlu : 
1298000: system.cpu: T0 : 0x1c8fe    : ld a5, -1840(gp)           : MemRead :  D=0x000000000001f1ba A=0x70900
1298500: system.cpu: T0 : 0x1c902    : c_mv a0, s5                : IntAlu :  D=0x0000000000000080
1299000: system.cpu: T0 : 0x1c904    : c_jalr a5                  : IntAlu :  D=0x000000000001c906
1299500: system.cpu: T0 : 0x1f1ba    : c_addi sp, -16             : IntAlu :  D=0x7ffffffffffffa30
1300000: system.cpu: T0 : 0x1f1bc    : c_sdsp ra, 8(sp)           : MemWrite :  D=0x000000000001c906 A=0x7ffffffffffffa38
1301000: system.cpu: T0 : 0x1f1be    : jal ra, 9318               : IntAlu :  D=0x000000000001f1c2
1301500: system.cpu: T0 : 0x21624    : c_addi sp, -32             : IntAlu :  D=0x7ffffffffffffa10
1302000: system.cpu: T0 : 0x21626    : c_sdsp s2, 0(sp)           : MemWrite :  D=0x0000000000073f80 A=0x7ffffffffffffa10
1302500: system.cpu: T0 : 0x21628    : c_sdsp s1, 8(sp)           : MemWrite :  D=0x0000000000000290 A=0x7ffffffffffffa18
1303500: system.cpu: T0 : 0x2162a    : ld s1, -1200(gp)           : MemRead :  D=0x0000000000094f80 A=0x70b80
1304000: system.cpu: T0 : 0x2162e    : c_sdsp s0, 16(sp)          : MemWrite :  D=0x000000000006f5c8 A=0x7ffffffffffffa20
1304500: system.cpu: T0 : 0x21630    : c_sdsp ra, 24(sp)          : MemWrite :  D=0x000000000001f1c2 A=0x7ffffffffffffa28
1305000: system.cpu: T0 : 0x21632    : c_mv s0, a0                : IntAlu :  D=0x0000000000000080
1305500: system.cpu: T0 : 0x21634    : c_beqz s1, 46              : IntAlu : 
1306500: system.cpu: T0 : 0x21636    : lw a5, -1728(gp)           : MemRead :  D=0x0000000000000000 A=0x70970
1307000: system.cpu: T0 : 0x2163a    : c_bnez a5, 40              : IntAlu : 
1307500: system.cpu: T0 : 0x2163c    : c_beqz s0, 24              : IntAlu : 
1308500: system.cpu: T0 : 0x2163e    : bge zero, s0, 52           : IntAlu : 
1309500: system.cpu: T0 : 0x21642    : add a5, s0, s1             : IntAlu :  D=0x0000000000095000
1310500: system.cpu: T0 : 0x21646    : sltu a5, a5, s1            : IntAlu :  D=0x0000000000000000
1311000: system.cpu: T0 : 0x2164a    : c_beqz a5, 50              : IntAlu : 
1311500: system.cpu: T0 : 0x2167c    : add a0, s1, s0             : IntAlu :  D=0x0000000000095000
1312000: system.cpu: T0 : 0x21680    : jal ra, 98390              : IntAlu :  D=0x0000000000021684
1312500: system.cpu: T0 : 0x396d6    : c_mv a5, a0                : IntAlu :  D=0x0000000000095000
1313000: system.cpu: T0 : 0x396d8    : addi a7, zero, 214         : IntAlu :  D=0x00000000000000d6
1313500: system.cpu: T0 : 0x396dc    : ecall                      : No_OpClass : 
1314000: system.cpu: T0 : 0x396e0    : sd a0, -1200(gp)           : MemWrite :  D=0x0000000000095000 A=0x70b80
1314500: system.cpu: T0 : 0x396e4    : bltu a0, a5, 8             : IntAlu : 
1315000: system.cpu: T0 : 0x396e8    : c_li a0, 0                 : IntAlu :  D=0x0000000000000000
1315500: system.cpu: T0 : 0x396ea    : c_jr ra                    : IntAlu : 
1316000: system.cpu: T0 : 0x21684    : blt a0, zero, -50          : IntAlu : 
1316500: system.cpu: T0 : 0x21688    : c_ldsp ra, 24(sp)          : MemRead :  D=0x000000000001f1c2 A=0x7ffffffffffffa28
1317000: system.cpu: T0 : 0x2168a    : c_ldsp s0, 16(sp)          : MemRead :  D=0x000000000006f5c8 A=0x7ffffffffffffa20
1317500: system.cpu: T0 : 0x2168c    : c_ldsp s2, 0(sp)           : MemRead :  D=0x0000000000073f80 A=0x7ffffffffffffa10
1318000: system.cpu: T0 : 0x2168e    : c_mv a0, s1                : IntAlu :  D=0x0000000000094f80
1318500: system.cpu: T0 : 0x21690    : c_ldsp s1, 8(sp)           : MemRead :  D=0x0000000000000290 A=0x7ffffffffffffa18
1319000: system.cpu: T0 : 0x21692    : c_addi16sp sp, 32          : IntAlu :  D=0x7ffffffffffffa30
1319500: system.cpu: T0 : 0x21694    : c_jr ra                    : IntAlu : 
1320000: system.cpu: T0 : 0x1f1c2    : c_li a5, -1                : IntAlu :  D=0xffffffffffffffff
1320500: system.cpu: T0 : 0x1f1c4    : beq a0, a5, 10             : IntAlu : 
1321000: system.cpu: T0 : 0x1f1c8    : c_ldsp ra, 8(sp)           : MemRead :  D=0x000000000001c906 A=0x7ffffffffffffa38
1321500: system.cpu: T0 : 0x1f1ca    : c_addi sp, 16              : IntAlu :  D=0x7ffffffffffffa40
1322000: system.cpu: T0 : 0x1f1cc    : c_jr ra                    : IntAlu : 
1322500: system.cpu: T0 : 0x1c906    : c_mv a4, a0                : IntAlu :  D=0x0000000000094f80
1323000: system.cpu: T0 : 0x1c908    : beq a0, zero, 426          : IntAlu : 
1323500: system.cpu: T0 : 0x1c90c    : ld a5, -1392(gp)           : MemRead :  D=0x0000000000000000 A=0x70ac0
1324000: system.cpu: T0 : 0x1c910    : bne a5, zero, 440          : IntAlu : 
1324500: system.cpu: T0 : 0x1c914    : ld a5, -1912(s11)          : MemRead :  D=0x0000000000021000 A=0x6fe50
1325000: system.cpu: T0 : 0x1c918    : c_mv s2, s9                : IntAlu :  D=0x0000000000073f80
1325500: system.cpu: T0 : 0x1c91a    : c_add a5, s5               : IntAlu :  D=0x0000000000021080
1326000: system.cpu: T0 : 0x1c91c    : c_j 168                    : IntAlu : 
1326500: system.cpu: T0 : 0x1c9c4    : sub a4, a4, s2             : IntAlu :  D=0x0000000000021000
1327000: system.cpu: T0 : 0x1c9c8    : c_add a4, s5               : IntAlu :  D=0x0000000000021080
1328000: system.cpu: T0 : 0x1c9ca    : sd s2, 96(s7)              : MemWrite :  D=0x0000000000073f80 A=0x6f628
1329000: system.cpu: T0 : 0x1c9ce    : ori a4, a4, 1              : IntAlu :  D=0x0000000000021081
1330000: system.cpu: T0 : 0x1c9d2    : sd a4, 8(s2)               : MemWrite :  D=0x0000000000021081 A=0x73f88
1331000: system.cpu: T0 : 0x1c9d6    : sd a5, -1912(s11)          : MemWrite :  D=0x0000000000021080 A=0x6fe50
1332000: system.cpu: T0 : 0x1c9da    : beq s3, zero, -754         : IntAlu : 
1332500: system.cpu: T0 : 0x1c6e8    : c_lui a4, 1                : IntAlu :  D=0x0000000000001000
1333000: system.cpu: T0 : 0x1c6ea    : c_add a4, s0               : IntAlu :  D=0x00000000000705c8
1333500: system.cpu: T0 : 0x1c6ec    : ld a3, -1904(a4)           : MemRead :  D=0x0000000000000000 A=0x6fe58
1334000: system.cpu: T0 : 0x1c6f0    : bgeu a3, a5, 8             : IntAlu : 
1334500: system.cpu: T0 : 0x1c6f4    : sd a5, -1904(a4)           : MemWrite :  D=0x0000000000021080 A=0x6fe58
1335000: system.cpu: T0 : 0x1c6f8    : ld a5, 8(s2)               : MemRead :  D=0x0000000000021081 A=0x73f88
1335500: system.cpu: T0 : 0x1c6fc    : c_andi a5, 18446744073709551608 : IntAlu :  D=0x0000000000021080
1336500: system.cpu: T0 : 0x1c6fe    : bltu a5, s8, 298           : IntAlu : 
1337500: system.cpu: T0 : 0x1c702    : add a4, s2, s1             : IntAlu :  D=0x0000000000074210
1338000: system.cpu: T0 : 0x1c706    : c_sd a4, 96(s0)            : MemWrite :  D=0x0000000000074210 A=0x6f628
1338500: system.cpu: T0 : 0x1c708    : c_sub a5, s1               : IntAlu :  D=0x0000000000020df0
1339500: system.cpu: T0 : 0x1c70a    : beq s0, s7, 8              : IntAlu : 
1340500: system.cpu: T0 : 0x1c712    : ori s1, s1, 1              : IntAlu :  D=0x0000000000000291
1341500: system.cpu: T0 : 0x1c716    : sd s1, 8(s2)               : MemWrite :  D=0x0000000000000291 A=0x73f88
1342500: system.cpu: T0 : 0x1c71a    : ori a5, a5, 1              : IntAlu :  D=0x0000000000020df1
1343000: system.cpu: T0 : 0x1c71e    : c_sd a5, 8(a4)             : MemWrite :  D=0x0000000000020df1 A=0x74218
1343500: system.cpu: T0 : 0x1c71e    : c_sd a5, 8(a4)             : MemWrite :  D=0x0000000000020df1 A=0x74218
1344000: system.cpu: T0 : 0x1c720    : addi a0, s2, 16            : IntAlu :  D=0x0000000000073f90
1344500: system.cpu: T0 : 0x1c724    : c_ldsp ra, 152(sp)         : MemRead :  D=0x000000000001d32a A=0x7ffffffffffffad8
1345000: system.cpu: T0 : 0x1c726    : c_ldsp s0, 144(sp)         : MemRead :  D=0x0000000000000290 A=0x7ffffffffffffad0
1345500: system.cpu: T0 : 0x1c728    : c_ldsp s1, 136(sp)         : MemRead :  D=0x000000000006f5c8 A=0x7ffffffffffffac8
1346000: system.cpu: T0 : 0x1c72a    : c_ldsp s2, 128(sp)         : MemRead :  D=0x0000000000000004 A=0x7ffffffffffffac0
1346500: system.cpu: T0 : 0x1c72c    : c_ldsp s3, 120(sp)         : MemRead :  D=0x0000000000000280 A=0x7ffffffffffffab8
1347000: system.cpu: T0 : 0x1c72e    : c_ldsp s4, 112(sp)         : MemRead :  D=0x0000000000000000 A=0x7ffffffffffffab0
1347500: system.cpu: T0 : 0x1c730    : c_ldsp s5, 104(sp)         : MemRead :  D=0x0000000000000000 A=0x7ffffffffffffaa8
1348000: system.cpu: T0 : 0x1c732    : c_ldsp s6, 96(sp)          : MemRead :  D=0x0000000000000027 A=0x7ffffffffffffaa0
1348500: system.cpu: T0 : 0x1c734    : c_ldsp s7, 88(sp)          : MemRead :  D=0x000000000006f558 A=0x7ffffffffffffa98
1349000: system.cpu: T0 : 0x1c736    : c_ldsp s8, 80(sp)          : MemRead :  D=0x000000000006f628 A=0x7ffffffffffffa90
1349500: system.cpu: T0 : 0x1c738    : c_ldsp s9, 72(sp)          : MemRead :  D=0x0000000000000029 A=0x7ffffffffffffa88
1350000: system.cpu: T0 : 0x1c73a    : c_ldsp s10, 64(sp)         : MemRead :  D=0x000000000000000a A=0x7ffffffffffffa80
1350500: system.cpu: T0 : 0x1c73c    : c_ldsp s11, 56(sp)         : MemRead :  D=0x0000000000001000 A=0x7ffffffffffffa78
1351000: system.cpu: T0 : 0x1c73e    : c_addi16sp sp, 160         : IntAlu :  D=0x7ffffffffffffae0
1351500: system.cpu: T0 : 0x1c740    : c_jr ra                    : IntAlu : 
1352000: system.cpu: T0 : 0x1d32a    : c_mv s2, a0                : IntAlu :  D=0x0000000000073f90
1352500: system.cpu: T0 : 0x1d32c    : bne a0, zero, -672         : IntAlu : 
1353000: system.cpu: T0 : 0x1d08c    : lw a1, -1396(gp)           : MemRead :  D=0x0000000000000000 A=0x70abc
1353500: system.cpu: T0 : 0x1d090    : beq a1, zero, -516         : IntAlu : 
1354000: system.cpu: T0 : 0x1ce8c    : c_ldsp ra, 248(sp)         : MemRead :  D=0x000000000001d6cc A=0x7ffffffffffffbd8
1354500: system.cpu: T0 : 0x1ce8e    : c_ldsp s0, 240(sp)         : MemRead :  D=0x000000000006f5c8 A=0x7ffffffffffffbd0
1355000: system.cpu: T0 : 0x1ce90    : c_ldsp s1, 232(sp)         : MemRead :  D=0x000000000006f5c8 A=0x7ffffffffffffbc8
1355500: system.cpu: T0 : 0x1ce92    : c_ldsp s3, 216(sp)         : MemRead :  D=0x0000000000000000 A=0x7ffffffffffffbb8
1356000: system.cpu: T0 : 0x1ce94    : c_ldsp s4, 208(sp)         : MemRead :  D=0x0000000000000000 A=0x7ffffffffffffbb0
1356500: system.cpu: T0 : 0x1ce96    : c_ldsp s5, 200(sp)         : MemRead :  D=0x0000000000000000 A=0x7ffffffffffffba8
1357000: system.cpu: T0 : 0x1ce98    : c_ldsp s6, 192(sp)         : MemRead :  D=0x0000000000072000 A=0x7ffffffffffffba0
1357500: system.cpu: T0 : 0x1ce9a    : c_ldsp s7, 184(sp)         : MemRead :  D=0x0000000000000000 A=0x7ffffffffffffb98
1358000: system.cpu: T0 : 0x1ce9c    : c_ldsp s8, 176(sp)         : MemRead :  D=0x0000000000000000 A=0x7ffffffffffffb90
1358500: system.cpu: T0 : 0x1ce9e    : c_ldsp s9, 168(sp)         : MemRead :  D=0x0000000000000003 A=0x7ffffffffffffb88
1359000: system.cpu: T0 : 0x1cea0    : c_ldsp s10, 160(sp)        : MemRead :  D=0x0000000000000000 A=0x7ffffffffffffb80
1359500: system.cpu: T0 : 0x1cea2    : c_ldsp s11, 152(sp)        : MemRead :  D=0x0000000000000000 A=0x7ffffffffffffb78
1360000: system.cpu: T0 : 0x1cea4    : c_mv a0, s2                : IntAlu :  D=0x0000000000073f90
1360500: system.cpu: T0 : 0x1cea6    : c_ldsp s2, 224(sp)         : MemRead :  D=0x0000000000000002 A=0x7ffffffffffffbc0
1361000: system.cpu: T0 : 0x1cea8    : c_addi16sp sp, 256         : IntAlu :  D=0x7ffffffffffffbe0
1361500: system.cpu: T0 : 0x1ceaa    : c_jr ra                    : IntAlu : 
1362000: system.cpu: T0 : 0x1d6cc    : c_mv a5, a0                : IntAlu :  D=0x0000000000073f90
1362500: system.cpu: T0 : 0x1d6ce    : c_beqz a0, 70              : IntAlu : 
1363000: system.cpu: T0 : 0x1d6d0    : c_li a4, 0                 : IntAlu :  D=0x0000000000000000
1364000: system.cpu: T0 : 0x1d6d2    : fence iorw, ow             : No_OpClass : 
1365000: system.cpu: T0 : 0x1d6d6    : amoswap_w a4, a4, (s0)    
1365000: system.cpu: T0 : 0x1d6d6. 0 : amoswap_w[l] a4, a4, (s0)  : MemRead :  D=0x0000000000000001 A=0x6f5c8
1365500: system.cpu: T0 : 0x1d6da    : c_addiw a4, 0              : IntAlu :  D=0x0000000000000001
1366000: system.cpu: T0 : 0x1d6dc    : c_li a3, 1                 : IntAlu :  D=0x0000000000000001
1367000: system.cpu: T0 : 0x1d6de    : blt a3, a4, 96             : IntAlu : 
1367500: system.cpu: T0 : 0x1d6e2    : c_ldsp s0, 16(sp)          : MemRead :  D=0x0000000000000024 A=0x7ffffffffffffbf0
1368000: system.cpu: T0 : 0x1d6e4    : c_ldsp ra, 24(sp)          : MemRead :  D=0x000000000001e058 A=0x7ffffffffffffbf8
1368500: system.cpu: T0 : 0x1d6e6    : c_ldsp s1, 8(sp)           : MemRead :  D=0x0000000000000001 A=0x7ffffffffffffbe8
1369000: system.cpu: T0 : 0x1d6e8    : sd a5, 40(tp)              : MemWrite :  D=0x0000000000073f90 A=0x73738
1369500: system.cpu: T0 : 0x1d6ec    : addi a2, zero, 640         : IntAlu :  D=0x0000000000000280
1370000: system.cpu: T0 : 0x1d6f0    : c_li a1, 0                 : IntAlu :  D=0x0000000000000000
1370500: system.cpu: T0 : 0x1d6f2    : c_mv a0, a5                : IntAlu :  D=0x0000000000073f90
1371000: system.cpu: T0 : 0x1d6f4    : c_addi16sp sp, 32          : IntAlu :  D=0x7ffffffffffffc00
1372000: system.cpu: T0 : 0x1d6f6    : jal zero, 10400            : IntAlu :  D=0x000000000001d6fa
1372500: system.cpu: T0 : 0x1ff96    : c_li a4, 7                 : IntAlu :  D=0x0000000000000007
1373000: system.cpu: T0 : 0x1ff98    : c_mv a5, a0                : IntAlu :  D=0x0000000000073f90
1374000: system.cpu: T0 : 0x1ff9a    : bgeu a4, a2, 140           : IntAlu : 
1375000: system.cpu: T0 : 0x1ff9e    : andi a7, a1, 255           : IntAlu :  D=0x0000000000000000
1376000: system.cpu: T0 : 0x1ffa2    : slli a3, a7, 8             : IntAlu :  D=0x0000000000000000
1377000: system.cpu: T0 : 0x1ffa6    : or a3, a3, a7              : IntAlu :  D=0x0000000000000000
1378000: system.cpu: T0 : 0x1ffaa    : slli a4, a3, 16            : IntAlu :  D=0x0000000000000000
1378500: system.cpu: T0 : 0x1ffae    : c_or a3, a4                : IntAlu :  D=0x0000000000000000
1379000: system.cpu: T0 : 0x1ffb0    : slli a4, a3, 32            : IntAlu :  D=0x0000000000000000
1379500: system.cpu: T0 : 0x1ffb4    : andi a6, a0, 7             : IntAlu :  D=0x0000000000000000
1380000: system.cpu: T0 : 0x1ffb8    : c_or a4, a3                : IntAlu :  D=0x0000000000000000
1381000: system.cpu: T0 : 0x1ffba    : beq a6, zero, 130          : IntAlu : 
1381500: system.cpu: T0 : 0x2003c    : c_mv a3, a2                : IntAlu :  D=0x0000000000000280
1382000: system.cpu: T0 : 0x2003e    : c_j -108                   : IntAlu : 
1383000: system.cpu: T0 : 0x1ffd2    : srli a6, a3, 6             : IntAlu :  D=0x000000000000000a
1384000: system.cpu: T0 : 0x1ffd6    : beq a6, zero, 42           : IntAlu : 
1385000: system.cpu: T0 : 0x1ffda    : slli a2, a6, 6             : IntAlu :  D=0x0000000000000280
1385500: system.cpu: T0 : 0x1ffde    : c_mv a7, a5                : IntAlu :  D=0x0000000000073f90
1386000: system.cpu: T0 : 0x1ffe0    : c_add a2, a5               : IntAlu :  D=0x0000000000074210
1386500: system.cpu: T0 : 0x1ffe2    : c_sd a4, 0(a5)             : MemWrite :  D=0x0000000000000000 A=0x73f90
1387000: system.cpu: T0 : 0x1ffe4    : c_sd a4, 8(a5)             : MemWrite :  D=0x0000000000000000 A=0x73f98
1387500: system.cpu: T0 : 0x1ffe6    : c_sd a4, 16(a5)            : MemWrite :  D=0x0000000000000000 A=0x73fa0
1388000: system.cpu: T0 : 0x1ffe8    : c_sd a4, 24(a5)            : MemWrite :  D=0x0000000000000000 A=0x73fa8
1388500: system.cpu: T0 : 0x1ffea    : c_sd a4, 32(a5)            : MemWrite :  D=0x0000000000000000 A=0x73fb0
1389000: system.cpu: T0 : 0x1ffec    : c_sd a4, 40(a5)            : MemWrite :  D=0x0000000000000000 A=0x73fb8
1389500: system.cpu: T0 : 0x1ffee    : c_sd a4, 48(a5)            : MemWrite :  D=0x0000000000000000 A=0x73fc0
1390000: system.cpu: T0 : 0x1fff0    : c_sd a4, 56(a5)            : MemWrite :  D=0x0000000000000000 A=0x73fc8
1391000: system.cpu: T0 : 0x1fff2    : addi a5, a5, 64            : IntAlu :  D=0x0000000000073fd0
1392000: system.cpu: T0 : 0x1fff6    : bne a2, a5, -20            : IntAlu : 
1392500: system.cpu: T0 : 0x1ffe2    : c_sd a4, 0(a5)             : MemWrite :  D=0x0000000000000000 A=0x73fd0
1393000: system.cpu: T0 : 0x1ffe4    : c_sd a4, 8(a5)             : MemWrite :  D=0x0000000000000000 A=0x73fd8
1393500: system.cpu: T0 : 0x1ffe6    : c_sd a4, 16(a5)            : MemWrite :  D=0x0000000000000000 A=0x73fe0
1394000: system.cpu: T0 : 0x1ffe8    : c_sd a4, 24(a5)            : MemWrite :  D=0x0000000000000000 A=0x73fe8
1394500: system.cpu: T0 : 0x1ffea    : c_sd a4, 32(a5)            : MemWrite :  D=0x0000000000000000 A=0x73ff0
1395000: system.cpu: T0 : 0x1ffec    : c_sd a4, 40(a5)            : MemWrite :  D=0x0000000000000000 A=0x73ff8
1395500: system.cpu: T0 : 0x1ffee    : c_sd a4, 48(a5)            : MemWrite :  D=0x0000000000000000 A=0x74000
1396000: system.cpu: T0 : 0x1fff0    : c_sd a4, 56(a5)            : MemWrite :  D=0x0000000000000000 A=0x74008
1397000: system.cpu: T0 : 0x1fff2    : addi a5, a5, 64            : IntAlu :  D=0x0000000000074010
1398000: system.cpu: T0 : 0x1fff6    : bne a2, a5, -20            : IntAlu : 
1398500: system.cpu: T0 : 0x1ffe2    : c_sd a4, 0(a5)             : MemWrite :  D=0x0000000000000000 A=0x74010
1399000: system.cpu: T0 : 0x1ffe4    : c_sd a4, 8(a5)             : MemWrite :  D=0x0000000000000000 A=0x74018
1399500: system.cpu: T0 : 0x1ffe6    : c_sd a4, 16(a5)            : MemWrite :  D=0x0000000000000000 A=0x74020
1400000: system.cpu: T0 : 0x1ffe8    : c_sd a4, 24(a5)            : MemWrite :  D=0x0000000000000000 A=0x74028
1400500: system.cpu: T0 : 0x1ffea    : c_sd a4, 32(a5)            : MemWrite :  D=0x0000000000000000 A=0x74030
1401000: system.cpu: T0 : 0x1ffec    : c_sd a4, 40(a5)            : MemWrite :  D=0x0000000000000000 A=0x74038
1401500: system.cpu: T0 : 0x1ffee    : c_sd a4, 48(a5)            : MemWrite :  D=0x0000000000000000 A=0x74040
1402000: system.cpu: T0 : 0x1fff0    : c_sd a4, 56(a5)            : MemWrite :  D=0x0000000000000000 A=0x74048
1403000: system.cpu: T0 : 0x1fff2    : addi a5, a5, 64            : IntAlu :  D=0x0000000000074050
1404000: system.cpu: T0 : 0x1fff6    : bne a2, a5, -20            : IntAlu : 
1404500: system.cpu: T0 : 0x1ffe2    : c_sd a4, 0(a5)             : MemWrite :  D=0x0000000000000000 A=0x74050
1405000: system.cpu: T0 : 0x1ffe4    : c_sd a4, 8(a5)             : MemWrite :  D=0x0000000000000000 A=0x74058
1405500: system.cpu: T0 : 0x1ffe6    : c_sd a4, 16(a5)            : MemWrite :  D=0x0000000000000000 A=0x74060
1406000: system.cpu: T0 : 0x1ffe8    : c_sd a4, 24(a5)            : MemWrite :  D=0x0000000000000000 A=0x74068
1406500: system.cpu: T0 : 0x1ffea    : c_sd a4, 32(a5)            : MemWrite :  D=0x0000000000000000 A=0x74070
1407000: system.cpu: T0 : 0x1ffec    : c_sd a4, 40(a5)            : MemWrite :  D=0x0000000000000000 A=0x74078
1407500: system.cpu: T0 : 0x1ffee    : c_sd a4, 48(a5)            : MemWrite :  D=0x0000000000000000 A=0x74080
1408000: system.cpu: T0 : 0x1fff0    : c_sd a4, 56(a5)            : MemWrite :  D=0x0000000000000000 A=0x74088
1409000: system.cpu: T0 : 0x1fff2    : addi a5, a5, 64            : IntAlu :  D=0x0000000000074090
1410000: system.cpu: T0 : 0x1fff6    : bne a2, a5, -20            : IntAlu : 
1410500: system.cpu: T0 : 0x1ffe2    : c_sd a4, 0(a5)             : MemWrite :  D=0x0000000000000000 A=0x74090
1411000: system.cpu: T0 : 0x1ffe4    : c_sd a4, 8(a5)             : MemWrite :  D=0x0000000000000000 A=0x74098
1411500: system.cpu: T0 : 0x1ffe6    : c_sd a4, 16(a5)            : MemWrite :  D=0x0000000000000000 A=0x740a0
1412000: system.cpu: T0 : 0x1ffe8    : c_sd a4, 24(a5)            : MemWrite :  D=0x0000000000000000 A=0x740a8
1412500: system.cpu: T0 : 0x1ffea    : c_sd a4, 32(a5)            : MemWrite :  D=0x0000000000000000 A=0x740b0
1413000: system.cpu: T0 : 0x1ffec    : c_sd a4, 40(a5)            : MemWrite :  D=0x0000000000000000 A=0x740b8
1413500: system.cpu: T0 : 0x1ffee    : c_sd a4, 48(a5)            : MemWrite :  D=0x0000000000000000 A=0x740c0
1414000: system.cpu: T0 : 0x1fff0    : c_sd a4, 56(a5)            : MemWrite :  D=0x0000000000000000 A=0x740c8
1415000: system.cpu: T0 : 0x1fff2    : addi a5, a5, 64            : IntAlu :  D=0x00000000000740d0
1416000: system.cpu: T0 : 0x1fff6    : bne a2, a5, -20            : IntAlu : 
1416500: system.cpu: T0 : 0x1ffe2    : c_sd a4, 0(a5)             : MemWrite :  D=0x0000000000000000 A=0x740d0
1417000: system.cpu: T0 : 0x1ffe4    : c_sd a4, 8(a5)             : MemWrite :  D=0x0000000000000000 A=0x740d8
1417500: system.cpu: T0 : 0x1ffe6    : c_sd a4, 16(a5)            : MemWrite :  D=0x0000000000000000 A=0x740e0
1418000: system.cpu: T0 : 0x1ffe8    : c_sd a4, 24(a5)            : MemWrite :  D=0x0000000000000000 A=0x740e8
1418500: system.cpu: T0 : 0x1ffea    : c_sd a4, 32(a5)            : MemWrite :  D=0x0000000000000000 A=0x740f0
1419000: system.cpu: T0 : 0x1ffec    : c_sd a4, 40(a5)            : MemWrite :  D=0x0000000000000000 A=0x740f8
1419500: system.cpu: T0 : 0x1ffee    : c_sd a4, 48(a5)            : MemWrite :  D=0x0000000000000000 A=0x74100
1420000: system.cpu: T0 : 0x1fff0    : c_sd a4, 56(a5)            : MemWrite :  D=0x0000000000000000 A=0x74108
1421000: system.cpu: T0 : 0x1fff2    : addi a5, a5, 64            : IntAlu :  D=0x0000000000074110
1422000: system.cpu: T0 : 0x1fff6    : bne a2, a5, -20            : IntAlu : 
1422500: system.cpu: T0 : 0x1ffe2    : c_sd a4, 0(a5)             : MemWrite :  D=0x0000000000000000 A=0x74110
1423000: system.cpu: T0 : 0x1ffe4    : c_sd a4, 8(a5)             : MemWrite :  D=0x0000000000000000 A=0x74118
1423500: system.cpu: T0 : 0x1ffe6    : c_sd a4, 16(a5)            : MemWrite :  D=0x0000000000000000 A=0x74120
1424000: system.cpu: T0 : 0x1ffe8    : c_sd a4, 24(a5)            : MemWrite :  D=0x0000000000000000 A=0x74128
1424500: system.cpu: T0 : 0x1ffea    : c_sd a4, 32(a5)            : MemWrite :  D=0x0000000000000000 A=0x74130
1425000: system.cpu: T0 : 0x1ffec    : c_sd a4, 40(a5)            : MemWrite :  D=0x0000000000000000 A=0x74138
1425500: system.cpu: T0 : 0x1ffee    : c_sd a4, 48(a5)            : MemWrite :  D=0x0000000000000000 A=0x74140
1426000: system.cpu: T0 : 0x1fff0    : c_sd a4, 56(a5)            : MemWrite :  D=0x0000000000000000 A=0x74148
1427000: system.cpu: T0 : 0x1fff2    : addi a5, a5, 64            : IntAlu :  D=0x0000000000074150
1428000: system.cpu: T0 : 0x1fff6    : bne a2, a5, -20            : IntAlu : 
1428500: system.cpu: T0 : 0x1ffe2    : c_sd a4, 0(a5)             : MemWrite :  D=0x0000000000000000 A=0x74150
1429000: system.cpu: T0 : 0x1ffe4    : c_sd a4, 8(a5)             : MemWrite :  D=0x0000000000000000 A=0x74158
1429500: system.cpu: T0 : 0x1ffe6    : c_sd a4, 16(a5)            : MemWrite :  D=0x0000000000000000 A=0x74160
1430000: system.cpu: T0 : 0x1ffe8    : c_sd a4, 24(a5)            : MemWrite :  D=0x0000000000000000 A=0x74168
1430500: system.cpu: T0 : 0x1ffea    : c_sd a4, 32(a5)            : MemWrite :  D=0x0000000000000000 A=0x74170
1431000: system.cpu: T0 : 0x1ffec    : c_sd a4, 40(a5)            : MemWrite :  D=0x0000000000000000 A=0x74178
1431500: system.cpu: T0 : 0x1ffee    : c_sd a4, 48(a5)            : MemWrite :  D=0x0000000000000000 A=0x74180
1432000: system.cpu: T0 : 0x1fff0    : c_sd a4, 56(a5)            : MemWrite :  D=0x0000000000000000 A=0x74188
1433000: system.cpu: T0 : 0x1fff2    : addi a5, a5, 64            : IntAlu :  D=0x0000000000074190
1434000: system.cpu: T0 : 0x1fff6    : bne a2, a5, -20            : IntAlu : 
1434500: system.cpu: T0 : 0x1ffe2    : c_sd a4, 0(a5)             : MemWrite :  D=0x0000000000000000 A=0x74190
1435000: system.cpu: T0 : 0x1ffe4    : c_sd a4, 8(a5)             : MemWrite :  D=0x0000000000000000 A=0x74198
1435500: system.cpu: T0 : 0x1ffe6    : c_sd a4, 16(a5)            : MemWrite :  D=0x0000000000000000 A=0x741a0
1436000: system.cpu: T0 : 0x1ffe8    : c_sd a4, 24(a5)            : MemWrite :  D=0x0000000000000000 A=0x741a8
1436500: system.cpu: T0 : 0x1ffea    : c_sd a4, 32(a5)            : MemWrite :  D=0x0000000000000000 A=0x741b0
1437000: system.cpu: T0 : 0x1ffec    : c_sd a4, 40(a5)            : MemWrite :  D=0x0000000000000000 A=0x741b8
1437500: system.cpu: T0 : 0x1ffee    : c_sd a4, 48(a5)            : MemWrite :  D=0x0000000000000000 A=0x741c0
1438000: system.cpu: T0 : 0x1fff0    : c_sd a4, 56(a5)            : MemWrite :  D=0x0000000000000000 A=0x741c8
1439000: system.cpu: T0 : 0x1fff2    : addi a5, a5, 64            : IntAlu :  D=0x00000000000741d0
1440000: system.cpu: T0 : 0x1fff6    : bne a2, a5, -20            : IntAlu : 
1440500: system.cpu: T0 : 0x1ffe2    : c_sd a4, 0(a5)             : MemWrite :  D=0x0000000000000000 A=0x741d0
1441000: system.cpu: T0 : 0x1ffe4    : c_sd a4, 8(a5)             : MemWrite :  D=0x0000000000000000 A=0x741d8
1441500: system.cpu: T0 : 0x1ffe6    : c_sd a4, 16(a5)            : MemWrite :  D=0x0000000000000000 A=0x741e0
1442000: system.cpu: T0 : 0x1ffe8    : c_sd a4, 24(a5)            : MemWrite :  D=0x0000000000000000 A=0x741e8
1442500: system.cpu: T0 : 0x1ffea    : c_sd a4, 32(a5)            : MemWrite :  D=0x0000000000000000 A=0x741f0
1443000: system.cpu: T0 : 0x1ffec    : c_sd a4, 40(a5)            : MemWrite :  D=0x0000000000000000 A=0x741f8
1443500: system.cpu: T0 : 0x1ffee    : c_sd a4, 48(a5)            : MemWrite :  D=0x0000000000000000 A=0x74200
1444000: system.cpu: T0 : 0x1fff0    : c_sd a4, 56(a5)            : MemWrite :  D=0x0000000000000000 A=0x74208
1445000: system.cpu: T0 : 0x1fff2    : addi a5, a5, 64            : IntAlu :  D=0x0000000000074210
1446000: system.cpu: T0 : 0x1fff6    : bne a2, a5, -20            : IntAlu : 
1447000: system.cpu: T0 : 0x1fffa    : slli a5, a6, 6             : IntAlu :  D=0x0000000000000280
1447500: system.cpu: T0 : 0x1fffe    : c_add a5, a7               : IntAlu :  D=0x0000000000074210
1448000: system.cpu: T0 : 0x20000    : srli a6, a3, 3             : IntAlu :  D=0x0000000000000050
1448500: system.cpu: T0 : 0x20004    : andi a6, a6, 7             : IntAlu :  D=0x0000000000000000
1449000: system.cpu: T0 : 0x20008    : beq a6, zero, 26           : IntAlu : 
1450000: system.cpu: T0 : 0x20022    : andi a2, a3, 7             : IntAlu :  D=0x0000000000000000
1451000: system.cpu: T0 : 0x20026    : andi a1, a1, 255           : IntAlu :  D=0x0000000000000000
1452000: system.cpu: T0 : 0x2002a    : add a4, a5, a2             : IntAlu :  D=0x0000000000074210
1452500: system.cpu: T0 : 0x2002e    : c_beqz a2, 12              : IntAlu : 
1453000: system.cpu: T0 : 0x2003a    : c_jr ra                    : IntAlu : 
1453500: system.cpu: T0 : 0x1e058    : lui a5, 111                : IntAlu :  D=0x000000000006f000
1454000: system.cpu: T0 : 0x1e05c    : ld a5, 1448(a5)            : MemRead :  D=0x0000000000000040 A=0x6f5a8
1454500: system.cpu: T0 : 0x1e060    : bgeu s1, a5, -100          : IntAlu : 
1455000: system.cpu: T0 : 0x1e064    : ld a4, 40(tp)              : MemRead :  D=0x0000000000073f90 A=0x73738
1455500: system.cpu: T0 : 0x1e068    : c_beqz a4, -108            : IntAlu : 
1456500: system.cpu: T0 : 0x1e06a    : slli a3, s1, 1             : IntAlu :  D=0x0000000000000002
1457000: system.cpu: T0 : 0x1e06e    : c_add a3, a4               : IntAlu :  D=0x0000000000073f92
1457500: system.cpu: T0 : 0x1e070    : lhu a2, 0(a3)              : MemRead :  D=0x0000000000000000 A=0x73f92
1458000: system.cpu: T0 : 0x1e074    : c_beqz a2, -120            : IntAlu : 
1458500: system.cpu: T0 : 0x1dffc    : lw a5, -1808(tp)           : MemRead :  D=0x0000000000000000 A=0x73000
1459000: system.cpu: T0 : 0x1e000    : c_bnez a5, 210             : IntAlu : 
1460000: system.cpu: T0 : 0x1e002    : lui s1, 111                : IntAlu :  D=0x000000000006f000
1460500: system.cpu: T0 : 0x1e006    : c_mv a1, s0                : IntAlu :  D=0x0000000000000024
1461000: system.cpu: T0 : 0x1e008    : addi a0, s1, 1480          : IntAlu :  D=0x000000000006f5c8
1461500: system.cpu: T0 : 0x1e00c    : jal ra, -5234              : IntAlu :  D=0x000000000001e010
1462000: system.cpu: T0 : 0x1cb9a    : c_addi16sp sp, -256        : IntAlu :  D=0x7ffffffffffffb00
1462500: system.cpu: T0 : 0x1cb9c    : c_sdsp ra, 248(sp)         : MemWrite :  D=0x000000000001e010 A=0x7ffffffffffffbf8
1463000: system.cpu: T0 : 0x1cb9e    : c_sdsp s0, 240(sp)         : MemWrite :  D=0x0000000000000024 A=0x7ffffffffffffbf0
1463500: system.cpu: T0 : 0x1cba0    : c_sdsp s1, 232(sp)         : MemWrite :  D=0x000000000006f000 A=0x7ffffffffffffbe8
1464000: system.cpu: T0 : 0x1cba2    : c_sdsp s2, 224(sp)         : MemWrite :  D=0x0000000000000002 A=0x7ffffffffffffbe0
1464500: system.cpu: T0 : 0x1cba4    : c_sdsp s3, 216(sp)         : MemWrite :  D=0x0000000000000000 A=0x7ffffffffffffbd8
1465000: system.cpu: T0 : 0x1cba6    : c_sdsp s4, 208(sp)         : MemWrite :  D=0x0000000000000000 A=0x7ffffffffffffbd0
1465500: system.cpu: T0 : 0x1cba8    : c_sdsp s5, 200(sp)         : MemWrite :  D=0x0000000000000000 A=0x7ffffffffffffbc8
1466000: system.cpu: T0 : 0x1cbaa    : c_sdsp s6, 192(sp)         : MemWrite :  D=0x0000000000072000 A=0x7ffffffffffffbc0
1466500: system.cpu: T0 : 0x1cbac    : c_sdsp s7, 184(sp)         : MemWrite :  D=0x0000000000000000 A=0x7ffffffffffffbb8
1467000: system.cpu: T0 : 0x1cbae    : c_sdsp s8, 176(sp)         : MemWrite :  D=0x0000000000000000 A=0x7ffffffffffffbb0
1467500: system.cpu: T0 : 0x1cbb0    : c_sdsp s9, 168(sp)         : MemWrite :  D=0x0000000000000003 A=0x7ffffffffffffba8
1468000: system.cpu: T0 : 0x1cbb2    : c_sdsp s10, 160(sp)        : MemWrite :  D=0x0000000000000000 A=0x7ffffffffffffba0
1468500: system.cpu: T0 : 0x1cbb4    : c_sdsp s11, 152(sp)        : MemWrite :  D=0x0000000000000000 A=0x7ffffffffffffb98
1469500: system.cpu: T0 : 0x1cbb6    : blt a1, zero, 1198         : IntAlu : 
1470500: system.cpu: T0 : 0x1cbba    : addi s0, a1, 23            : IntAlu :  D=0x000000000000003b
1471000: system.cpu: T0 : 0x1cbbe    : c_li a5, 31                : IntAlu :  D=0x000000000000001f
1471500: system.cpu: T0 : 0x1cbc0    : c_mv s3, a1                : IntAlu :  D=0x0000000000000024
1472000: system.cpu: T0 : 0x1cbc2    : c_mv s1, a0                : IntAlu :  D=0x000000000006f5c8
1472500: system.cpu: T0 : 0x1cbc4    : bltu a5, s0, 220           : IntAlu : 
1473000: system.cpu: T0 : 0x1cca0    : c_andi s0, 18446744073709551600 : IntAlu :  D=0x0000000000000030
1474000: system.cpu: T0 : 0x1cca2    : beq a0, zero, 988          : IntAlu : 
1475000: system.cpu: T0 : 0x1cca6    : ld a4, -1376(gp)           : MemRead :  D=0x0000000000000080 A=0x70ad0
1476000: system.cpu: T0 : 0x1ccaa    : srliw s9, s0, 4            : IntAlu :  D=0x0000000000000003
1477000: system.cpu: T0 : 0x1ccae    : srliw a5, s0, 4            : IntAlu :  D=0x0000000000000003
1478000: system.cpu: T0 : 0x1ccb2    : bgeu a4, s0, 506           : IntAlu : 
1478500: system.cpu: T0 : 0x1ceac    : c_addiw a5, -2             : IntAlu :  D=0x0000000000000001
1479500: system.cpu: T0 : 0x1ceae    : slli a2, a5, 32            : IntAlu :  D=0x0000000100000000
1480000: system.cpu: T0 : 0x1ceb2    : c_srli a2, 32              : IntAlu :  D=0x0000000000000001
1480500: system.cpu: T0 : 0x1ceb4    : c_addi a2, 2               : IntAlu :  D=0x0000000000000003
1481000: system.cpu: T0 : 0x1ceb6    : c_slli a2, 3               : IntAlu :  D=0x0000000000000018
1481500: system.cpu: T0 : 0x1ceb8    : c_j -376                   : IntAlu : 
1482000: system.cpu: T0 : 0x1cd40    : c_slli a5, 32              : IntAlu :  D=0x0000000100000000
1482500: system.cpu: T0 : 0x1cd42    : c_srli a5, 29              : IntAlu :  D=0x0000000000000008
1483000: system.cpu: T0 : 0x1cd44    : c_add a5, s1               : IntAlu :  D=0x000000000006f5d0
1484000: system.cpu: T0 : 0x1cd46    : ld s2, 16(a5)              : MemRead :  D=0x0000000000000000 A=0x6f5e0
1485000: system.cpu: T0 : 0x1cd4a    : beq s2, zero, 170          : IntAlu : 
1485500: system.cpu: T0 : 0x1cdf4    : addiw a5, s9, -1           : IntAlu :  D=0x0000000000000002
1486000: system.cpu: T0 : 0x1cdf8    : slliw a5, a5, 1            : IntAlu :  D=0x0000000000000004
1486500: system.cpu: T0 : 0x1cdfc    : c_slli a5, 32              : IntAlu :  D=0x0000000400000000
1487000: system.cpu: T0 : 0x1cdfe    : c_srli a5, 32              : IntAlu :  D=0x0000000000000004
1487500: system.cpu: T0 : 0x1ce00    : c_addi a5, 14              : IntAlu :  D=0x0000000000000012
1488000: system.cpu: T0 : 0x1ce02    : c_slli a5, 3               : IntAlu :  D=0x0000000000000090
1488500: system.cpu: T0 : 0x1ce04    : c_j -550                   : IntAlu : 
1489000: system.cpu: T0 : 0x1cbde    : c_add a5, s1               : IntAlu :  D=0x000000000006f658
1489500: system.cpu: T0 : 0x1cbe0    : ld s2, 8(a5)               : MemRead :  D=0x000000000006f648 A=0x6f660
1490000: system.cpu: T0 : 0x1cbe4    : addi a3, a5, -16           : IntAlu :  D=0x000000000006f648
1490500: system.cpu: T0 : 0x1cbe8    : beq a3, s2, 748            : IntAlu : 
1491000: system.cpu: T0 : 0x1ced4    : srli t1, s0, 9             : IntAlu :  D=0x0000000000000000
1491500: system.cpu: T0 : 0x1ced8    : addiw a5, t1, 91           : IntAlu :  D=0x000000000000005b
1492000: system.cpu: T0 : 0x1cedc    : srli s10, s0, 6            : IntAlu :  D=0x0000000000000000
1492500: system.cpu: T0 : 0x1cee0    : c_sdsp a5, 96(sp)          : MemWrite :  D=0x000000000000005b A=0x7ffffffffffffb60
1493500: system.cpu: T0 : 0x1cee2    : addiw a5, s10, 48          : IntAlu :  D=0x0000000000000030
1494000: system.cpu: T0 : 0x1cee6    : c_sdsp a5, 88(sp)          : MemWrite :  D=0x0000000000000030 A=0x7ffffffffffffb58
1494500: system.cpu: T0 : 0x1cee8    : addi a5, zero, 110         : IntAlu :  D=0x000000000000006e
1495000: system.cpu: T0 : 0x1ceec    : c_sdsp a5, 112(sp)         : MemWrite :  D=0x000000000000006e A=0x7ffffffffffffb70
1496000: system.cpu: T0 : 0x1ceee    : addi a5, zero, 119         : IntAlu :  D=0x0000000000000077
1496500: system.cpu: T0 : 0x1cef2    : c_sdsp a5, 104(sp)         : MemWrite :  D=0x0000000000000077 A=0x7ffffffffffffb68
1497000: system.cpu: T0 : 0x1cef4    : addi a5, zero, 124         : IntAlu :  D=0x000000000000007c
1497500: system.cpu: T0 : 0x1cef8    : c_sdsp s9, 8(sp)           : MemWrite :  D=0x0000000000000003 A=0x7ffffffffffffb08
1498000: system.cpu: T0 : 0x1cefa    : c_sdsp a5, 120(sp)         : MemWrite :  D=0x000000000000007c A=0x7ffffffffffffb78
1498500: system.cpu: T0 : 0x1cefc    : c_sdsp zero, 128(sp)       : MemWrite :  D=0x0000000000000000 A=0x7ffffffffffffb80
1499000: system.cpu: T0 : 0x1cefe    : c_sdsp zero, 136(sp)       : MemWrite :  D=0x0000000000000000 A=0x7ffffffffffffb88
1499500: system.cpu: T0 : 0x1cf00    : ld a5, 40(tp)              : MemRead :  D=0x0000000000073f90 A=0x73738
1500000: system.cpu: T0 : 0x1cf04    : addi s6, s0, -17           : IntAlu :  D=0x000000000000001f
1500500: system.cpu: T0 : 0x1cf08    : srli s6, s6, 4             : IntAlu :  D=0x0000000000000001
1501000: system.cpu: T0 : 0x1cf0c    : c_li s5, 0                 : IntAlu :  D=0x0000000000000000
1501500: system.cpu: T0 : 0x1cf0e    : c_beqz a5, 22              : IntAlu : 
1502000: system.cpu: T0 : 0x1cf10    : lui a5, 111                : IntAlu :  D=0x000000000006f000
1502500: system.cpu: T0 : 0x1cf14    : ld s5, 1448(a5)            : MemRead :  D=0x0000000000000040 A=0x6f5a8
1503000: system.cpu: T0 : 0x1cf18    : sltu s5, s6, s5            : IntAlu :  D=0x0000000000000001
1503500: system.cpu: T0 : 0x1cf1c    : sub s5, zero, s5           : IntAlu :  D=0xffffffffffffffff
1504000: system.cpu: T0 : 0x1cf20    : and s5, s0, s5             : IntAlu :  D=0x0000000000000030
1504500: system.cpu: T0 : 0x1cf24    : lui a5, 111                : IntAlu :  D=0x000000000006f000
1505000: system.cpu: T0 : 0x1cf28    : c_lui s11, 1               : IntAlu :  D=0x0000000000001000
1506000: system.cpu: T0 : 0x1cf2a    : lui s7, 111                : IntAlu :  D=0x000000000006f000
1507000: system.cpu: T0 : 0x1cf2e    : addi a5, a5, 1480          : IntAlu :  D=0x000000000006f5c8
1508000: system.cpu: T0 : 0x1cf32    : addi s8, s1, 96            : IntAlu :  D=0x000000000006f628
1508500: system.cpu: T0 : 0x1cf36    : c_li t5, 0                 : IntAlu :  D=0x0000000000000000
1509000: system.cpu: T0 : 0x1cf38    : addi s7, s7, 1368          : IntAlu :  D=0x000000000006f558
1509500: system.cpu: T0 : 0x1cf3c    : add a7, s1, s11            : IntAlu :  D=0x00000000000705c8
1510000: system.cpu: T0 : 0x1cf40    : c_sdsp a5, 56(sp)          : MemWrite :  D=0x000000000006f5c8 A=0x7ffffffffffffb38
1510500: system.cpu: T0 : 0x1cf42    : c_ld a5, 120(s1)           : MemRead :  D=0x000000000006f628 A=0x6f640
1511000: system.cpu: T0 : 0x1cf44    : beq a5, s8, 532            : IntAlu : 
1511500: system.cpu: T0 : 0x1d158    : addi a5, zero, 1023        : IntAlu :  D=0x00000000000003ff
1512000: system.cpu: T0 : 0x1d15c    : bgeu a5, s0, 38            : IntAlu : 
1512500: system.cpu: T0 : 0x1d182    : c_ldsp a3, 8(sp)           : MemRead :  D=0x0000000000000003 A=0x7ffffffffffffb08
1513000: system.cpu: T0 : 0x1d184    : c_li a0, 4                 : IntAlu :  D=0x0000000000000004
1514000: system.cpu: T0 : 0x1d186    : addiw a5, a3, 1            : IntAlu :  D=0x0000000000000004
1515000: system.cpu: T0 : 0x1d18a    : srliw a4, a5, 5            : IntAlu :  D=0x0000000000000000
1516000: system.cpu: T0 : 0x1d18e    : slliw a3, a3, 1            : IntAlu :  D=0x0000000000000006
1517000: system.cpu: T0 : 0x1d192    : addi a4, a4, 536           : IntAlu :  D=0x0000000000000218
1517500: system.cpu: T0 : 0x1d196    : c_slli a3, 32              : IntAlu :  D=0x0000000600000000
1518000: system.cpu: T0 : 0x1d198    : c_slli a4, 2               : IntAlu :  D=0x0000000000000860
1518500: system.cpu: T0 : 0x1d19a    : c_srli a3, 32              : IntAlu :  D=0x0000000000000006
1519000: system.cpu: T0 : 0x1d19c    : c_add a4, s1               : IntAlu :  D=0x000000000006fe28
1519500: system.cpu: T0 : 0x1d19e    : c_slli a3, 3               : IntAlu :  D=0x0000000000000030
1520000: system.cpu: T0 : 0x1d1a0    : c_lw a2, 0(a4)             : MemRead :  D=0x0000000000000000 A=0x6fe28
1521000: system.cpu: T0 : 0x1d1a2    : addi a3, a3, 96            : IntAlu :  D=0x0000000000000090
1521500: system.cpu: T0 : 0x1d1a6    : c_li a4, 1                 : IntAlu :  D=0x0000000000000001
1522000: system.cpu: T0 : 0x1d1a8    : srliw s2, a5, 5            : IntAlu :  D=0x0000000000000000
1522500: system.cpu: T0 : 0x1d1ac    : c_add a3, s1               : IntAlu :  D=0x000000000006f658
1523500: system.cpu: T0 : 0x1d1ae    : sllw a5, a4, a5            : IntAlu :  D=0x0000000000000010
1524500: system.cpu: T0 : 0x1d1b2    : bltu a2, a5, 144           : IntAlu : 
1525500: system.cpu: T0 : 0x1d242    : addiw a5, s2, 1            : IntAlu :  D=0x0000000000000001
1526500: system.cpu: T0 : 0x1d246    : addiw s2, a5, 0            : IntAlu :  D=0x0000000000000001
1527500: system.cpu: T0 : 0x1d24a    : bne s2, a0, -26            : IntAlu : 
1528000: system.cpu: T0 : 0x1d230    : c_slli a5, 32              : IntAlu :  D=0x0000000100000000
1528500: system.cpu: T0 : 0x1d232    : c_srli a5, 32              : IntAlu :  D=0x0000000000000001
1529000: system.cpu: T0 : 0x1d234    : addi a5, a5, 536           : IntAlu :  D=0x0000000000000219
1529500: system.cpu: T0 : 0x1d238    : c_slli a5, 2               : IntAlu :  D=0x0000000000000864
1530000: system.cpu: T0 : 0x1d23a    : c_add a5, s1               : IntAlu :  D=0x000000000006fe2c
1530500: system.cpu: T0 : 0x1d23c    : c_lw a2, 0(a5)             : MemRead :  D=0x0000000000000000 A=0x6fe2c
1531500: system.cpu: T0 : 0x1d23e    : bne a2, zero, 384          : IntAlu : 
1532500: system.cpu: T0 : 0x1d242    : addiw a5, s2, 1            : IntAlu :  D=0x0000000000000002
1533500: system.cpu: T0 : 0x1d246    : addiw s2, a5, 0            : IntAlu :  D=0x0000000000000002
1534500: system.cpu: T0 : 0x1d24a    : bne s2, a0, -26            : IntAlu : 
1535000: system.cpu: T0 : 0x1d230    : c_slli a5, 32              : IntAlu :  D=0x0000000200000000
1535500: system.cpu: T0 : 0x1d232    : c_srli a5, 32              : IntAlu :  D=0x0000000000000002
1536000: system.cpu: T0 : 0x1d234    : addi a5, a5, 536           : IntAlu :  D=0x000000000000021a
1536500: system.cpu: T0 : 0x1d238    : c_slli a5, 2               : IntAlu :  D=0x0000000000000868
1537000: system.cpu: T0 : 0x1d23a    : c_add a5, s1               : IntAlu :  D=0x000000000006fe30
1537500: system.cpu: T0 : 0x1d23c    : c_lw a2, 0(a5)             : MemRead :  D=0x0000000000000000 A=0x6fe30
1538500: system.cpu: T0 : 0x1d23e    : bne a2, zero, 384          : IntAlu : 
1539500: system.cpu: T0 : 0x1d242    : addiw a5, s2, 1            : IntAlu :  D=0x0000000000000003
1540500: system.cpu: T0 : 0x1d246    : addiw s2, a5, 0            : IntAlu :  D=0x0000000000000003
1541500: system.cpu: T0 : 0x1d24a    : bne s2, a0, -26            : IntAlu : 
1542000: system.cpu: T0 : 0x1d230    : c_slli a5, 32              : IntAlu :  D=0x0000000300000000
1542500: system.cpu: T0 : 0x1d232    : c_srli a5, 32              : IntAlu :  D=0x0000000000000003
1543000: system.cpu: T0 : 0x1d234    : addi a5, a5, 536           : IntAlu :  D=0x000000000000021b
1543500: system.cpu: T0 : 0x1d238    : c_slli a5, 2               : IntAlu :  D=0x000000000000086c
1544000: system.cpu: T0 : 0x1d23a    : c_add a5, s1               : IntAlu :  D=0x000000000006fe34
1544500: system.cpu: T0 : 0x1d23c    : c_lw a2, 0(a5)             : MemRead :  D=0x0000000000000000 A=0x6fe34
1545500: system.cpu: T0 : 0x1d23e    : bne a2, zero, 384          : IntAlu : 
1546500: system.cpu: T0 : 0x1d242    : addiw a5, s2, 1            : IntAlu :  D=0x0000000000000004
1547500: system.cpu: T0 : 0x1d246    : addiw s2, a5, 0            : IntAlu :  D=0x0000000000000004
1548500: system.cpu: T0 : 0x1d24a    : bne s2, a0, -26            : IntAlu : 
1549000: system.cpu: T0 : 0x1d24e    : c_ld a4, 96(s1)            : MemRead :  D=0x0000000000074210 A=0x6f628
1549500: system.cpu: T0 : 0x1d250    : ld a3, -1912(a7)           : MemRead :  D=0x0000000000021080 A=0x6fe50
1550000: system.cpu: T0 : 0x1d254    : c_ld a5, 8(a4)             : MemRead :  D=0x0000000000020df1 A=0x74218
1550500: system.cpu: T0 : 0x1d256    : c_andi a5, 18446744073709551608 : IntAlu :  D=0x0000000000020df0
1551000: system.cpu: T0 : 0x1d258    : bltu a3, a5, 548           : IntAlu : 
1551500: system.cpu: T0 : 0x1d25c    : addi a3, s0, 32            : IntAlu :  D=0x0000000000000050
1552000: system.cpu: T0 : 0x1d260    : bgeu a5, a3, 640           : IntAlu : 
1552500: system.cpu: T0 : 0x1d4e0    : add a0, a4, s0             : IntAlu :  D=0x0000000000074240
1553000: system.cpu: T0 : 0x1d4e4    : lui a2, 111                : IntAlu :  D=0x000000000006f000
1553500: system.cpu: T0 : 0x1d4e8    : c_sd a0, 96(s1)            : MemWrite :  D=0x0000000000074240 A=0x6f628
1554500: system.cpu: T0 : 0x1d4ea    : addi a2, a2, 1480          : IntAlu :  D=0x000000000006f5c8
1555000: system.cpu: T0 : 0x1d4ee    : c_sub a5, s0               : IntAlu :  D=0x0000000000020dc0
1555500: system.cpu: T0 : 0x1d4f0    : c_li a3, 4                 : IntAlu :  D=0x0000000000000004
1556500: system.cpu: T0 : 0x1d4f2    : beq s1, a2, 116            : IntAlu : 
1557000: system.cpu: T0 : 0x1d566    : c_li a3, 0                 : IntAlu :  D=0x0000000000000000
1557500: system.cpu: T0 : 0x1d568    : c_j -114                   : IntAlu : 
1558000: system.cpu: T0 : 0x1d4f6    : c_or a3, s0                : IntAlu :  D=0x0000000000000030
1558500: system.cpu: T0 : 0x1d4f8    : ori a3, a3, 1              : IntAlu :  D=0x0000000000000031
1559000: system.cpu: T0 : 0x1d4fc    : lw a1, -1396(gp)           : MemRead :  D=0x0000000000000000 A=0x70abc
1559500: system.cpu: T0 : 0x1d500    : c_sd a3, 8(a4)             : MemWrite :  D=0x0000000000000031 A=0x74218
1560500: system.cpu: T0 : 0x1d502    : ori a5, a5, 1              : IntAlu :  D=0x0000000000020dc1
1561000: system.cpu: T0 : 0x1d506    : c_sd a5, 8(a0)             : MemWrite :  D=0x0000000000020dc1 A=0x74248
1561500: system.cpu: T0 : 0x1d508    : addi s2, a4, 16            : IntAlu :  D=0x0000000000074220
1562000: system.cpu: T0 : 0x1d50c    : beq a1, zero, -1664        : IntAlu : 
1562500: system.cpu: T0 : 0x1ce8c    : c_ldsp ra, 248(sp)         : MemRead :  D=0x000000000001e010 A=0x7ffffffffffffbf8
1563000: system.cpu: T0 : 0x1ce8e    : c_ldsp s0, 240(sp)         : MemRead :  D=0x0000000000000024 A=0x7ffffffffffffbf0
1563500: system.cpu: T0 : 0x1ce90    : c_ldsp s1, 232(sp)         : MemRead :  D=0x000000000006f000 A=0x7ffffffffffffbe8
1564000: system.cpu: T0 : 0x1ce92    : c_ldsp s3, 216(sp)         : MemRead :  D=0x0000000000000000 A=0x7ffffffffffffbd8
1564500: system.cpu: T0 : 0x1ce94    : c_ldsp s4, 208(sp)         : MemRead :  D=0x0000000000000000 A=0x7ffffffffffffbd0
1565000: system.cpu: T0 : 0x1ce96    : c_ldsp s5, 200(sp)         : MemRead :  D=0x0000000000000000 A=0x7ffffffffffffbc8
1565500: system.cpu: T0 : 0x1ce98    : c_ldsp s6, 192(sp)         : MemRead :  D=0x0000000000072000 A=0x7ffffffffffffbc0
1566000: system.cpu: T0 : 0x1ce9a    : c_ldsp s7, 184(sp)         : MemRead :  D=0x0000000000000000 A=0x7ffffffffffffbb8
1566500: system.cpu: T0 : 0x1ce9c    : c_ldsp s8, 176(sp)         : MemRead :  D=0x0000000000000000 A=0x7ffffffffffffbb0
1567000: system.cpu: T0 : 0x1ce9e    : c_ldsp s9, 168(sp)         : MemRead :  D=0x0000000000000003 A=0x7ffffffffffffba8
1567500: system.cpu: T0 : 0x1cea0    : c_ldsp s10, 160(sp)        : MemRead :  D=0x0000000000000000 A=0x7ffffffffffffba0
1568000: system.cpu: T0 : 0x1cea2    : c_ldsp s11, 152(sp)        : MemRead :  D=0x0000000000000000 A=0x7ffffffffffffb98
1568500: system.cpu: T0 : 0x1cea4    : c_mv a0, s2                : IntAlu :  D=0x0000000000074220
1569000: system.cpu: T0 : 0x1cea6    : c_ldsp s2, 224(sp)         : MemRead :  D=0x0000000000000002 A=0x7ffffffffffffbe0
1569500: system.cpu: T0 : 0x1cea8    : c_addi16sp sp, 256         : IntAlu :  D=0x7ffffffffffffc00
1570000: system.cpu: T0 : 0x1ceaa    : c_jr ra                    : IntAlu : 
1570500: system.cpu: T0 : 0x1e010    : c_mv a5, a0                : IntAlu :  D=0x0000000000074220
1571000: system.cpu: T0 : 0x1e012    : c_beqz a0, 150             : IntAlu : 
1571500: system.cpu: T0 : 0x1e014    : ld a4, -8(a0)              : MemRead :  D=0x0000000000000031 A=0x74218
1572000: system.cpu: T0 : 0x1e018    : andi a3, a4, 2             : IntAlu :  D=0x0000000000000000
1572500: system.cpu: T0 : 0x1e01c    : c_bnez a3, 26              : IntAlu : 
1573000: system.cpu: T0 : 0x1e01e    : c_andi a4, 4               : IntAlu :  D=0x0000000000000000
1573500: system.cpu: T0 : 0x1e020    : c_beqz a4, 22              : IntAlu : 
1574000: system.cpu: T0 : 0x1e036    : c_ldsp ra, 24(sp)          : MemRead :  D=0x000000000003e09a A=0x7ffffffffffffc18
1574500: system.cpu: T0 : 0x1e038    : c_ldsp s0, 16(sp)          : MemRead :  D=0x7ffffffffffffcf0 A=0x7ffffffffffffc10
1575000: system.cpu: T0 : 0x1e03a    : c_ldsp s1, 8(sp)           : MemRead :  D=0x7ffffffffffffc20 A=0x7ffffffffffffc08
1575500: system.cpu: T0 : 0x1e03c    : c_ldsp s2, 0(sp)           : MemRead :  D=0x0000000000000002 A=0x7ffffffffffffc00
1576000: system.cpu: T0 : 0x1e03e    : c_mv a0, a5                : IntAlu :  D=0x0000000000074220
1576500: system.cpu: T0 : 0x1e040    : c_addi16sp sp, 32          : IntAlu :  D=0x7ffffffffffffc20
1577000: system.cpu: T0 : 0x1e042    : c_jr ra                    : IntAlu : 
1577500: system.cpu: T0 : 0x3e09a    : c_mv s6, a0                : IntAlu :  D=0x0000000000074220
1578000: system.cpu: T0 : 0x3e09c    : addi a5, s9, 1             : IntAlu :  D=0x0000000000000004
1578500: system.cpu: T0 : 0x3e0a0    : c_bnez a0, 64              : IntAlu : 
1579000: system.cpu: T0 : 0x3e0e0    : c_ld a1, 0(s1)             : MemRead :  D=0x0000000000062480 A=0x7ffffffffffffc20
1580000: system.cpu: T0 : 0x3e0e2    : addi a0, a0, 32            : IntAlu :  D=0x0000000000074240
1581000: system.cpu: T0 : 0x3e0e6    : sd a5, 8(s6)               : MemWrite :  D=0x0000000000000004 A=0x74228
1582000: system.cpu: T0 : 0x3e0ea    : sd a0, 0(s6)               : MemWrite :  D=0x0000000000074240 A=0x74220
1583000: system.cpu: T0 : 0x3e0ee    : sd a0, 16(s6)              : MemWrite :  D=0x0000000000074240 A=0x74230
1584000: system.cpu: T0 : 0x3e0f2    : sd zero, 24(s6)            : MemWrite :  D=0x0000000000000000 A=0x74238
1584500: system.cpu: T0 : 0x3e0f6    : c_mv a2, s9                : IntAlu :  D=0x0000000000000003
1585000: system.cpu: T0 : 0x3e0f8    : jal ra, -123064            : IntAlu :  D=0x000000000003e0fc
1585500: system.cpu: T0 : 0x20040    : c_addi sp, -16             : IntAlu :  D=0x7ffffffffffffc10
1586000: system.cpu: T0 : 0x20042    : c_sdsp s0, 0(sp)           : MemWrite :  D=0x7ffffffffffffcf0 A=0x7ffffffffffffc10
1586500: system.cpu: T0 : 0x20044    : c_sdsp ra, 8(sp)           : MemWrite :  D=0x000000000003e0fc A=0x7ffffffffffffc18
1587000: system.cpu: T0 : 0x20046    : c_mv s0, a2                : IntAlu :  D=0x0000000000000003
1587500: system.cpu: T0 : 0x20048    : jal ra, 112                : IntAlu :  D=0x000000000002004c
1588000: system.cpu: T0 : 0x200b8    : c_addi16sp sp, -48         : IntAlu :  D=0x7ffffffffffffbe0
1588500: system.cpu: T0 : 0x200ba    : c_sdsp s0, 32(sp)          : MemWrite :  D=0x0000000000000003 A=0x7ffffffffffffc00
1589000: system.cpu: T0 : 0x200bc    : c_sdsp s2, 16(sp)          : MemWrite :  D=0x0000000000000002 A=0x7ffffffffffffbf0
1589500: system.cpu: T0 : 0x200be    : c_sdsp ra, 40(sp)          : MemWrite :  D=0x000000000002004c A=0x7ffffffffffffc08
1590000: system.cpu: T0 : 0x200c0    : c_sdsp s1, 24(sp)          : MemWrite :  D=0x7ffffffffffffc20 A=0x7ffffffffffffbf8
1590500: system.cpu: T0 : 0x200c2    : c_sdsp s3, 8(sp)           : MemWrite :  D=0x0000000000000000 A=0x7ffffffffffffbe8
1591000: system.cpu: T0 : 0x200c4    : c_li a5, 15                : IntAlu :  D=0x000000000000000f
1591500: system.cpu: T0 : 0x200c6    : c_mv s2, a0                : IntAlu :  D=0x0000000000074240
1592000: system.cpu: T0 : 0x200c8    : c_mv a4, a0                : IntAlu :  D=0x0000000000074240
1592500: system.cpu: T0 : 0x200ca    : c_mv s0, a1                : IntAlu :  D=0x0000000000062480
1593000: system.cpu: T0 : 0x200cc    : bgeu a5, a2, 72            : IntAlu : 
1593500: system.cpu: T0 : 0x20114    : c_addi a4, -1              : IntAlu :  D=0x000000000007423f
1594000: system.cpu: T0 : 0x20116    : c_mv a5, s0                : IntAlu :  D=0x0000000000062480
1594500: system.cpu: T0 : 0x20118    : add a1, a2, s0             : IntAlu :  D=0x0000000000062483
1595000: system.cpu: T0 : 0x2011c    : c_sub a4, s0               : IntAlu :  D=0x0000000000011dbf
1595500: system.cpu: T0 : 0x2011e    : c_beqz a2, 20              : IntAlu : 
1596000: system.cpu: T0 : 0x20120    : lbu a2, 0(a5)              : MemRead :  D=0x0000000000000074 A=0x62480
1596500: system.cpu: T0 : 0x20124    : c_addi a5, 1               : IntAlu :  D=0x0000000000062481
1597500: system.cpu: T0 : 0x20126    : add a3, a4, a5             : IntAlu :  D=0x0000000000074240
1598500: system.cpu: T0 : 0x2012a    : sb a2, 0(a3)               : MemWrite :  D=0x0000000000000074 A=0x74240
1599500: system.cpu: T0 : 0x2012e    : bne a1, a5, -14            : IntAlu : 
1600000: system.cpu: T0 : 0x20120    : lbu a2, 0(a5)              : MemRead :  D=0x000000000000006c A=0x62481
1600500: system.cpu: T0 : 0x20124    : c_addi a5, 1               : IntAlu :  D=0x0000000000062482
1601500: system.cpu: T0 : 0x20126    : add a3, a4, a5             : IntAlu :  D=0x0000000000074241
1602500: system.cpu: T0 : 0x2012a    : sb a2, 0(a3)               : MemWrite :  D=0x000000000000006c A=0x74241
1603500: system.cpu: T0 : 0x2012e    : bne a1, a5, -14            : IntAlu : 
1604000: system.cpu: T0 : 0x20120    : lbu a2, 0(a5)              : MemRead :  D=0x0000000000000073 A=0x62482
1604500: system.cpu: T0 : 0x20124    : c_addi a5, 1               : IntAlu :  D=0x0000000000062483
1605500: system.cpu: T0 : 0x20126    : add a3, a4, a5             : IntAlu :  D=0x0000000000074242
1606500: system.cpu: T0 : 0x2012a    : sb a2, 0(a3)               : MemWrite :  D=0x0000000000000073 A=0x74242
1607500: system.cpu: T0 : 0x2012e    : bne a1, a5, -14            : IntAlu : 
1608000: system.cpu: T0 : 0x20132    : c_ldsp ra, 40(sp)          : MemRead :  D=0x000000000002004c A=0x7ffffffffffffc08
1608500: system.cpu: T0 : 0x20134    : c_ldsp s0, 32(sp)          : MemRead :  D=0x0000000000000003 A=0x7ffffffffffffc00
1609000: system.cpu: T0 : 0x20136    : c_ldsp s1, 24(sp)          : MemRead :  D=0x7ffffffffffffc20 A=0x7ffffffffffffbf8
1609500: system.cpu: T0 : 0x20138    : c_ldsp s3, 8(sp)           : MemRead :  D=0x0000000000000000 A=0x7ffffffffffffbe8
1610000: system.cpu: T0 : 0x2013a    : c_mv a0, s2                : IntAlu :  D=0x0000000000074240
1610500: system.cpu: T0 : 0x2013c    : c_ldsp s2, 16(sp)          : MemRead :  D=0x0000000000000002 A=0x7ffffffffffffbf0
1611000: system.cpu: T0 : 0x2013e    : c_addi16sp sp, 48          : IntAlu :  D=0x7ffffffffffffc10
1611500: system.cpu: T0 : 0x20140    : c_jr ra                    : IntAlu : 
1612000: system.cpu: T0 : 0x2004c    : c_ldsp ra, 8(sp)           : MemRead :  D=0x000000000003e0fc A=0x7ffffffffffffc18
1612500: system.cpu: T0 : 0x2004e    : c_add a0, s0               : IntAlu :  D=0x0000000000074243
1613000: system.cpu: T0 : 0x20050    : c_ldsp s0, 0(sp)           : MemRead :  D=0x7ffffffffffffcf0 A=0x7ffffffffffffc10
1613500: system.cpu: T0 : 0x20052    : c_addi sp, 16              : IntAlu :  D=0x7ffffffffffffc20
1614000: system.cpu: T0 : 0x20054    : c_jr ra                    : IntAlu : 
1614500: system.cpu: T0 : 0x3e0fc    : ld a4, -136(s0)            : MemRead :  D=0x000000000006efd0 A=0x7ffffffffffffc68
1615000: system.cpu: T0 : 0x3e100    : addi a5, zero, 47          : IntAlu :  D=0x000000000000002f
1615500: system.cpu: T0 : 0x3e104    : sb a5, 0(a0)               : MemWrite :  D=0x000000000000002f A=0x74243
1616000: system.cpu: T0 : 0x3e108    : sd s2, 0(a4)               : MemWrite :  D=0x0000000000000002 A=0x6efd0
1616500: system.cpu: T0 : 0x3e10c    : ld a5, 8(s6)               : MemRead :  D=0x0000000000000004 A=0x74228
1617000: system.cpu: T0 : 0x3e110    : ld a4, -160(s0)            : MemRead :  D=0x000000000006efc8 A=0x7ffffffffffffc50
1617500: system.cpu: T0 : 0x3e114    : c_sd a5, 0(a4)             : MemWrite :  D=0x0000000000000004 A=0x6efc8
1618000: system.cpu: T0 : 0x3e116    : c_j -178                   : IntAlu : 
1618500: system.cpu: T0 : 0x3e064    : addi sp, s0, -192          : IntAlu :  D=0x7ffffffffffffc30
1619000: system.cpu: T0 : 0x3e068    : c_ldsp ra, 184(sp)         : MemRead :  D=0x000000000003b5d4 A=0x7ffffffffffffce8
1619500: system.cpu: T0 : 0x3e06a    : c_mv a0, s6                : IntAlu :  D=0x0000000000074220
1620000: system.cpu: T0 : 0x3e06c    : c_ldsp s0, 176(sp)         : MemRead :  D=0x7ffffffffffffd30 A=0x7ffffffffffffce0
1620500: system.cpu: T0 : 0x3e06e    : c_ldsp s1, 168(sp)         : MemRead :  D=0x000000000006fe60 A=0x7ffffffffffffcd8
1621000: system.cpu: T0 : 0x3e070    : c_ldsp s2, 160(sp)         : MemRead :  D=0x0000000000000000 A=0x7ffffffffffffcd0
1621500: system.cpu: T0 : 0x3e072    : c_ldsp s3, 152(sp)         : MemRead :  D=0x000000000006efc0 A=0x7ffffffffffffcc8
1622000: system.cpu: T0 : 0x3e074    : c_ldsp s4, 144(sp)         : MemRead :  D=0x0000000000070000 A=0x7ffffffffffffcc0
1622500: system.cpu: T0 : 0x3e076    : c_ldsp s5, 136(sp)         : MemRead :  D=0x0000000000072000 A=0x7ffffffffffffcb8
1623000: system.cpu: T0 : 0x3e078    : c_ldsp s6, 128(sp)         : MemRead :  D=0x0000000000072000 A=0x7ffffffffffffcb0
1623500: system.cpu: T0 : 0x3e07a    : c_ldsp s7, 120(sp)         : MemRead :  D=0x0000000000000000 A=0x7ffffffffffffca8
1624000: system.cpu: T0 : 0x3e07c    : c_ldsp s8, 112(sp)         : MemRead :  D=0x0000000000000000 A=0x7ffffffffffffca0
1624500: system.cpu: T0 : 0x3e07e    : c_ldsp s9, 104(sp)         : MemRead :  D=0x0000000000000000 A=0x7ffffffffffffc98
1625000: system.cpu: T0 : 0x3e080    : c_ldsp s10, 96(sp)         : MemRead :  D=0x0000000000000000 A=0x7ffffffffffffc90
1625500: system.cpu: T0 : 0x3e082    : c_ldsp s11, 88(sp)         : MemRead :  D=0x0000000000000000 A=0x7ffffffffffffc88
1626000: system.cpu: T0 : 0x3e084    : c_addi16sp sp, 192         : IntAlu :  D=0x7ffffffffffffcf0
1626500: system.cpu: T0 : 0x3e086    : c_jr ra                    : IntAlu : 
1627000: system.cpu: T0 : 0x3b5d4    : c_mv a5, a0                : IntAlu :  D=0x0000000000074220
1628000: system.cpu: T0 : 0x3b5d6    : addi a0, zero, 40          : IntAlu :  D=0x0000000000000028
1629000: system.cpu: T0 : 0x3b5da    : sd a5, 24(s3)              : MemWrite :  D=0x0000000000074220 A=0x6efd8
1630000: system.cpu: T0 : 0x3b5de    : jal ra, -120344            : IntAlu :  D=0x000000000003b5e2
1631000: system.cpu: T0 : 0x1dfc6    : ld t1, -1848(gp)           : MemRead :  D=0x0000000000000000 A=0x708f8
1632000: system.cpu: T0 : 0x1dfca    : bne t1, zero, 260          : IntAlu : 
1632500: system.cpu: T0 : 0x1dfce    : c_addi sp, -32             : IntAlu :  D=0x7ffffffffffffcd0
1633000: system.cpu: T0 : 0x1dfd0    : c_sdsp s0, 16(sp)          : MemWrite :  D=0x7ffffffffffffd30 A=0x7ffffffffffffce0
1633500: system.cpu: T0 : 0x1dfd2    : c_sdsp ra, 24(sp)          : MemWrite :  D=0x000000000003b5e2 A=0x7ffffffffffffce8
1634000: system.cpu: T0 : 0x1dfd4    : c_sdsp s1, 8(sp)           : MemWrite :  D=0x000000000006fe60 A=0x7ffffffffffffcd8
1634500: system.cpu: T0 : 0x1dfd6    : c_sdsp s2, 0(sp)           : MemWrite :  D=0x0000000000000000 A=0x7ffffffffffffcd0
1635000: system.cpu: T0 : 0x1dfd8    : c_mv s0, a0                : IntAlu :  D=0x0000000000000028
1636000: system.cpu: T0 : 0x1dfda    : blt a0, zero, 222          : IntAlu : 
1637000: system.cpu: T0 : 0x1dfde    : addi a5, a0, 23            : IntAlu :  D=0x000000000000003f
1637500: system.cpu: T0 : 0x1dfe2    : c_li a4, 31                : IntAlu :  D=0x000000000000001f
1638000: system.cpu: T0 : 0x1dfe4    : c_li s1, 0                 : IntAlu :  D=0x0000000000000000
1639000: system.cpu: T0 : 0x1dfe6    : bltu a4, a5, 94            : IntAlu : 
1639500: system.cpu: T0 : 0x1e044    : c_andi a5, 18446744073709551600 : IntAlu :  D=0x0000000000000030
1640000: system.cpu: T0 : 0x1e046    : c_addi a5, -17             : IntAlu :  D=0x000000000000001f
1640500: system.cpu: T0 : 0x1e048    : srli s1, a5, 4             : IntAlu :  D=0x0000000000000001
1641000: system.cpu: T0 : 0x1e04c    : c_j -98                    : IntAlu : 
1642000: system.cpu: T0 : 0x1dfea    : ld a4, 40(tp)              : MemRead :  D=0x0000000000073f90 A=0x73738
1642500: system.cpu: T0 : 0x1dfee    : c_beqz a4, 96              : IntAlu : 
1643000: system.cpu: T0 : 0x1dff0    : lui a5, 111                : IntAlu :  D=0x000000000006f000
1643500: system.cpu: T0 : 0x1dff4    : ld a5, 1448(a5)            : MemRead :  D=0x0000000000000040 A=0x6f5a8
1644000: system.cpu: T0 : 0x1dff8    : bltu s1, a5, 114           : IntAlu : 
1645000: system.cpu: T0 : 0x1e06a    : slli a3, s1, 1             : IntAlu :  D=0x0000000000000002
1645500: system.cpu: T0 : 0x1e06e    : c_add a3, a4               : IntAlu :  D=0x0000000000073f92
1646000: system.cpu: T0 : 0x1e070    : lhu a2, 0(a3)              : MemRead :  D=0x0000000000000000 A=0x73f92
1646500: system.cpu: T0 : 0x1e074    : c_beqz a2, -120            : IntAlu : 
1647000: system.cpu: T0 : 0x1dffc    : lw a5, -1808(tp)           : MemRead :  D=0x0000000000000000 A=0x73000
1647500: system.cpu: T0 : 0x1e000    : c_bnez a5, 210             : IntAlu : 
1648500: system.cpu: T0 : 0x1e002    : lui s1, 111                : IntAlu :  D=0x000000000006f000
1649000: system.cpu: T0 : 0x1e006    : c_mv a1, s0                : IntAlu :  D=0x0000000000000028
1649500: system.cpu: T0 : 0x1e008    : addi a0, s1, 1480          : IntAlu :  D=0x000000000006f5c8
1650000: system.cpu: T0 : 0x1e00c    : jal ra, -5234              : IntAlu :  D=0x000000000001e010
1650500: system.cpu: T0 : 0x1cb9a    : c_addi16sp sp, -256        : IntAlu :  D=0x7ffffffffffffbd0
1651000: system.cpu: T0 : 0x1cb9c    : c_sdsp ra, 248(sp)         : MemWrite :  D=0x000000000001e010 A=0x7ffffffffffffcc8
1651500: system.cpu: T0 : 0x1cb9e    : c_sdsp s0, 240(sp)         : MemWrite :  D=0x0000000000000028 A=0x7ffffffffffffcc0
1652000: system.cpu: T0 : 0x1cba0    : c_sdsp s1, 232(sp)         : MemWrite :  D=0x000000000006f000 A=0x7ffffffffffffcb8
1652500: system.cpu: T0 : 0x1cba2    : c_sdsp s2, 224(sp)         : MemWrite :  D=0x0000000000000000 A=0x7ffffffffffffcb0
1653000: system.cpu: T0 : 0x1cba4    : c_sdsp s3, 216(sp)         : MemWrite :  D=0x000000000006efc0 A=0x7ffffffffffffca8
1653500: system.cpu: T0 : 0x1cba6    : c_sdsp s4, 208(sp)         : MemWrite :  D=0x0000000000070000 A=0x7ffffffffffffca0
1654000: system.cpu: T0 : 0x1cba8    : c_sdsp s5, 200(sp)         : MemWrite :  D=0x0000000000072000 A=0x7ffffffffffffc98
1654500: system.cpu: T0 : 0x1cbaa    : c_sdsp s6, 192(sp)         : MemWrite :  D=0x0000000000072000 A=0x7ffffffffffffc90
1655000: system.cpu: T0 : 0x1cbac    : c_sdsp s7, 184(sp)         : MemWrite :  D=0x0000000000000000 A=0x7ffffffffffffc88
1655500: system.cpu: T0 : 0x1cbae    : c_sdsp s8, 176(sp)         : MemWrite :  D=0x0000000000000000 A=0x7ffffffffffffc80
1656000: system.cpu: T0 : 0x1cbb0    : c_sdsp s9, 168(sp)         : MemWrite :  D=0x0000000000000000 A=0x7ffffffffffffc78
1656500: system.cpu: T0 : 0x1cbb2    : c_sdsp s10, 160(sp)        : MemWrite :  D=0x0000000000000000 A=0x7ffffffffffffc70
1657000: system.cpu: T0 : 0x1cbb4    : c_sdsp s11, 152(sp)        : MemWrite :  D=0x0000000000000000 A=0x7ffffffffffffc68
1658000: system.cpu: T0 : 0x1cbb6    : blt a1, zero, 1198         : IntAlu : 
1659000: system.cpu: T0 : 0x1cbba    : addi s0, a1, 23            : IntAlu :  D=0x000000000000003f
1659500: system.cpu: T0 : 0x1cbbe    : c_li a5, 31                : IntAlu :  D=0x000000000000001f
1660000: system.cpu: T0 : 0x1cbc0    : c_mv s3, a1                : IntAlu :  D=0x0000000000000028
1660500: system.cpu: T0 : 0x1cbc2    : c_mv s1, a0                : IntAlu :  D=0x000000000006f5c8
1661000: system.cpu: T0 : 0x1cbc4    : bltu a5, s0, 220           : IntAlu : 
1661500: system.cpu: T0 : 0x1cca0    : c_andi s0, 18446744073709551600 : IntAlu :  D=0x0000000000000030
1662500: system.cpu: T0 : 0x1cca2    : beq a0, zero, 988          : IntAlu : 
1663500: system.cpu: T0 : 0x1cca6    : ld a4, -1376(gp)           : MemRead :  D=0x0000000000000080 A=0x70ad0
1664500: system.cpu: T0 : 0x1ccaa    : srliw s9, s0, 4            : IntAlu :  D=0x0000000000000003
1665500: system.cpu: T0 : 0x1ccae    : srliw a5, s0, 4            : IntAlu :  D=0x0000000000000003
1666500: system.cpu: T0 : 0x1ccb2    : bgeu a4, s0, 506           : IntAlu : 
1667000: system.cpu: T0 : 0x1ceac    : c_addiw a5, -2             : IntAlu :  D=0x0000000000000001
1668000: system.cpu: T0 : 0x1ceae    : slli a2, a5, 32            : IntAlu :  D=0x0000000100000000
1668500: system.cpu: T0 : 0x1ceb2    : c_srli a2, 32              : IntAlu :  D=0x0000000000000001
1669000: system.cpu: T0 : 0x1ceb4    : c_addi a2, 2               : IntAlu :  D=0x0000000000000003
1669500: system.cpu: T0 : 0x1ceb6    : c_slli a2, 3               : IntAlu :  D=0x0000000000000018
1670000: system.cpu: T0 : 0x1ceb8    : c_j -376                   : IntAlu : 
1670500: system.cpu: T0 : 0x1cd40    : c_slli a5, 32              : IntAlu :  D=0x0000000100000000
1671000: system.cpu: T0 : 0x1cd42    : c_srli a5, 29              : IntAlu :  D=0x0000000000000008
1671500: system.cpu: T0 : 0x1cd44    : c_add a5, s1               : IntAlu :  D=0x000000000006f5d0
1672500: system.cpu: T0 : 0x1cd46    : ld s2, 16(a5)              : MemRead :  D=0x0000000000000000 A=0x6f5e0
1673500: system.cpu: T0 : 0x1cd4a    : beq s2, zero, 170          : IntAlu : 
1674000: system.cpu: T0 : 0x1cdf4    : addiw a5, s9, -1           : IntAlu :  D=0x0000000000000002
1674500: system.cpu: T0 : 0x1cdf8    : slliw a5, a5, 1            : IntAlu :  D=0x0000000000000004
1675000: system.cpu: T0 : 0x1cdfc    : c_slli a5, 32              : IntAlu :  D=0x0000000400000000
1675500: system.cpu: T0 : 0x1cdfe    : c_srli a5, 32              : IntAlu :  D=0x0000000000000004
1676000: system.cpu: T0 : 0x1ce00    : c_addi a5, 14              : IntAlu :  D=0x0000000000000012
1676500: system.cpu: T0 : 0x1ce02    : c_slli a5, 3               : IntAlu :  D=0x0000000000000090
1677000: system.cpu: T0 : 0x1ce04    : c_j -550                   : IntAlu : 
1677500: system.cpu: T0 : 0x1cbde    : c_add a5, s1               : IntAlu :  D=0x000000000006f658
1678000: system.cpu: T0 : 0x1cbe0    : ld s2, 8(a5)               : MemRead :  D=0x000000000006f648 A=0x6f660
1678500: system.cpu: T0 : 0x1cbe4    : addi a3, a5, -16           : IntAlu :  D=0x000000000006f648
1679000: system.cpu: T0 : 0x1cbe8    : beq a3, s2, 748            : IntAlu : 
1679500: system.cpu: T0 : 0x1ced4    : srli t1, s0, 9             : IntAlu :  D=0x0000000000000000
1680000: system.cpu: T0 : 0x1ced8    : addiw a5, t1, 91           : IntAlu :  D=0x000000000000005b
1680500: system.cpu: T0 : 0x1cedc    : srli s10, s0, 6            : IntAlu :  D=0x0000000000000000
1681000: system.cpu: T0 : 0x1cee0    : c_sdsp a5, 96(sp)          : MemWrite :  D=0x000000000000005b A=0x7ffffffffffffc30
1682000: system.cpu: T0 : 0x1cee2    : addiw a5, s10, 48          : IntAlu :  D=0x0000000000000030
1682500: system.cpu: T0 : 0x1cee6    : c_sdsp a5, 88(sp)          : MemWrite :  D=0x0000000000000030 A=0x7ffffffffffffc28
1683000: system.cpu: T0 : 0x1cee8    : addi a5, zero, 110         : IntAlu :  D=0x000000000000006e
1683500: system.cpu: T0 : 0x1ceec    : c_sdsp a5, 112(sp)         : MemWrite :  D=0x000000000000006e A=0x7ffffffffffffc40
1684500: system.cpu: T0 : 0x1ceee    : addi a5, zero, 119         : IntAlu :  D=0x0000000000000077
1685000: system.cpu: T0 : 0x1cef2    : c_sdsp a5, 104(sp)         : MemWrite :  D=0x0000000000000077 A=0x7ffffffffffffc38
1685500: system.cpu: T0 : 0x1cef4    : addi a5, zero, 124         : IntAlu :  D=0x000000000000007c
1686000: system.cpu: T0 : 0x1cef8    : c_sdsp s9, 8(sp)           : MemWrite :  D=0x0000000000000003 A=0x7ffffffffffffbd8
1686500: system.cpu: T0 : 0x1cefa    : c_sdsp a5, 120(sp)         : MemWrite :  D=0x000000000000007c A=0x7ffffffffffffc48
1687000: system.cpu: T0 : 0x1cefc    : c_sdsp zero, 128(sp)       : MemWrite :  D=0x0000000000000000 A=0x7ffffffffffffc50
1687500: system.cpu: T0 : 0x1cefe    : c_sdsp zero, 136(sp)       : MemWrite :  D=0x0000000000000000 A=0x7ffffffffffffc58
1688000: system.cpu: T0 : 0x1cf00    : ld a5, 40(tp)              : MemRead :  D=0x0000000000073f90 A=0x73738
1688500: system.cpu: T0 : 0x1cf04    : addi s6, s0, -17           : IntAlu :  D=0x000000000000001f
1689000: system.cpu: T0 : 0x1cf08    : srli s6, s6, 4             : IntAlu :  D=0x0000000000000001
1689500: system.cpu: T0 : 0x1cf0c    : c_li s5, 0                 : IntAlu :  D=0x0000000000000000
1690000: system.cpu: T0 : 0x1cf0e    : c_beqz a5, 22              : IntAlu : 
1690500: system.cpu: T0 : 0x1cf10    : lui a5, 111                : IntAlu :  D=0x000000000006f000
1691000: system.cpu: T0 : 0x1cf14    : ld s5, 1448(a5)            : MemRead :  D=0x0000000000000040 A=0x6f5a8
1691500: system.cpu: T0 : 0x1cf18    : sltu s5, s6, s5            : IntAlu :  D=0x0000000000000001
1692000: system.cpu: T0 : 0x1cf1c    : sub s5, zero, s5           : IntAlu :  D=0xffffffffffffffff
1692500: system.cpu: T0 : 0x1cf20    : and s5, s0, s5             : IntAlu :  D=0x0000000000000030
1693000: system.cpu: T0 : 0x1cf24    : lui a5, 111                : IntAlu :  D=0x000000000006f000
1693500: system.cpu: T0 : 0x1cf28    : c_lui s11, 1               : IntAlu :  D=0x0000000000001000
1694500: system.cpu: T0 : 0x1cf2a    : lui s7, 111                : IntAlu :  D=0x000000000006f000
1695500: system.cpu: T0 : 0x1cf2e    : addi a5, a5, 1480          : IntAlu :  D=0x000000000006f5c8
1696500: system.cpu: T0 : 0x1cf32    : addi s8, s1, 96            : IntAlu :  D=0x000000000006f628
1697000: system.cpu: T0 : 0x1cf36    : c_li t5, 0                 : IntAlu :  D=0x0000000000000000
1697500: system.cpu: T0 : 0x1cf38    : addi s7, s7, 1368          : IntAlu :  D=0x000000000006f558
1698000: system.cpu: T0 : 0x1cf3c    : add a7, s1, s11            : IntAlu :  D=0x00000000000705c8
1698500: system.cpu: T0 : 0x1cf40    : c_sdsp a5, 56(sp)          : MemWrite :  D=0x000000000006f5c8 A=0x7ffffffffffffc08
1699000: system.cpu: T0 : 0x1cf42    : c_ld a5, 120(s1)           : MemRead :  D=0x000000000006f628 A=0x6f640
1699500: system.cpu: T0 : 0x1cf44    : beq a5, s8, 532            : IntAlu : 
1700000: system.cpu: T0 : 0x1d158    : addi a5, zero, 1023        : IntAlu :  D=0x00000000000003ff
1700500: system.cpu: T0 : 0x1d15c    : bgeu a5, s0, 38            : IntAlu : 
1701000: system.cpu: T0 : 0x1d182    : c_ldsp a3, 8(sp)           : MemRead :  D=0x0000000000000003 A=0x7ffffffffffffbd8
1701500: system.cpu: T0 : 0x1d184    : c_li a0, 4                 : IntAlu :  D=0x0000000000000004
1702500: system.cpu: T0 : 0x1d186    : addiw a5, a3, 1            : IntAlu :  D=0x0000000000000004
1703500: system.cpu: T0 : 0x1d18a    : srliw a4, a5, 5            : IntAlu :  D=0x0000000000000000
1704500: system.cpu: T0 : 0x1d18e    : slliw a3, a3, 1            : IntAlu :  D=0x0000000000000006
1705500: system.cpu: T0 : 0x1d192    : addi a4, a4, 536           : IntAlu :  D=0x0000000000000218
1706000: system.cpu: T0 : 0x1d196    : c_slli a3, 32              : IntAlu :  D=0x0000000600000000
1706500: system.cpu: T0 : 0x1d198    : c_slli a4, 2               : IntAlu :  D=0x0000000000000860
1707000: system.cpu: T0 : 0x1d19a    : c_srli a3, 32              : IntAlu :  D=0x0000000000000006
1707500: system.cpu: T0 : 0x1d19c    : c_add a4, s1               : IntAlu :  D=0x000000000006fe28
1708000: system.cpu: T0 : 0x1d19e    : c_slli a3, 3               : IntAlu :  D=0x0000000000000030
1708500: system.cpu: T0 : 0x1d1a0    : c_lw a2, 0(a4)             : MemRead :  D=0x0000000000000000 A=0x6fe28
1709500: system.cpu: T0 : 0x1d1a2    : addi a3, a3, 96            : IntAlu :  D=0x0000000000000090
1710000: system.cpu: T0 : 0x1d1a6    : c_li a4, 1                 : IntAlu :  D=0x0000000000000001
1710500: system.cpu: T0 : 0x1d1a8    : srliw s2, a5, 5            : IntAlu :  D=0x0000000000000000
1711000: system.cpu: T0 : 0x1d1ac    : c_add a3, s1               : IntAlu :  D=0x000000000006f658
1712000: system.cpu: T0 : 0x1d1ae    : sllw a5, a4, a5            : IntAlu :  D=0x0000000000000010
1713000: system.cpu: T0 : 0x1d1b2    : bltu a2, a5, 144           : IntAlu : 
1714000: system.cpu: T0 : 0x1d242    : addiw a5, s2, 1            : IntAlu :  D=0x0000000000000001
1715000: system.cpu: T0 : 0x1d246    : addiw s2, a5, 0            : IntAlu :  D=0x0000000000000001
1716000: system.cpu: T0 : 0x1d24a    : bne s2, a0, -26            : IntAlu : 
1716500: system.cpu: T0 : 0x1d230    : c_slli a5, 32              : IntAlu :  D=0x0000000100000000
1717000: system.cpu: T0 : 0x1d232    : c_srli a5, 32              : IntAlu :  D=0x0000000000000001
1717500: system.cpu: T0 : 0x1d234    : addi a5, a5, 536           : IntAlu :  D=0x0000000000000219
1718000: system.cpu: T0 : 0x1d238    : c_slli a5, 2               : IntAlu :  D=0x0000000000000864
1718500: system.cpu: T0 : 0x1d23a    : c_add a5, s1               : IntAlu :  D=0x000000000006fe2c
1719000: system.cpu: T0 : 0x1d23c    : c_lw a2, 0(a5)             : MemRead :  D=0x0000000000000000 A=0x6fe2c
1720000: system.cpu: T0 : 0x1d23e    : bne a2, zero, 384          : IntAlu : 
1721000: system.cpu: T0 : 0x1d242    : addiw a5, s2, 1            : IntAlu :  D=0x0000000000000002
1722000: system.cpu: T0 : 0x1d246    : addiw s2, a5, 0            : IntAlu :  D=0x0000000000000002
1723000: system.cpu: T0 : 0x1d24a    : bne s2, a0, -26            : IntAlu : 
1723500: system.cpu: T0 : 0x1d230    : c_slli a5, 32              : IntAlu :  D=0x0000000200000000
1724000: system.cpu: T0 : 0x1d232    : c_srli a5, 32              : IntAlu :  D=0x0000000000000002
1724500: system.cpu: T0 : 0x1d234    : addi a5, a5, 536           : IntAlu :  D=0x000000000000021a
1725000: system.cpu: T0 : 0x1d238    : c_slli a5, 2               : IntAlu :  D=0x0000000000000868
1725500: system.cpu: T0 : 0x1d23a    : c_add a5, s1               : IntAlu :  D=0x000000000006fe30
1726000: system.cpu: T0 : 0x1d23c    : c_lw a2, 0(a5)             : MemRead :  D=0x0000000000000000 A=0x6fe30
1727000: system.cpu: T0 : 0x1d23e    : bne a2, zero, 384          : IntAlu : 
1728000: system.cpu: T0 : 0x1d242    : addiw a5, s2, 1            : IntAlu :  D=0x0000000000000003
1729000: system.cpu: T0 : 0x1d246    : addiw s2, a5, 0            : IntAlu :  D=0x0000000000000003
1730000: system.cpu: T0 : 0x1d24a    : bne s2, a0, -26            : IntAlu : 
1730500: system.cpu: T0 : 0x1d230    : c_slli a5, 32              : IntAlu :  D=0x0000000300000000
1731000: system.cpu: T0 : 0x1d232    : c_srli a5, 32              : IntAlu :  D=0x0000000000000003
1731500: system.cpu: T0 : 0x1d234    : addi a5, a5, 536           : IntAlu :  D=0x000000000000021b
1732000: system.cpu: T0 : 0x1d238    : c_slli a5, 2               : IntAlu :  D=0x000000000000086c
1732500: system.cpu: T0 : 0x1d23a    : c_add a5, s1               : IntAlu :  D=0x000000000006fe34
1733000: system.cpu: T0 : 0x1d23c    : c_lw a2, 0(a5)             : MemRead :  D=0x0000000000000000 A=0x6fe34
1734000: system.cpu: T0 : 0x1d23e    : bne a2, zero, 384          : IntAlu : 
1735000: system.cpu: T0 : 0x1d242    : addiw a5, s2, 1            : IntAlu :  D=0x0000000000000004
1736000: system.cpu: T0 : 0x1d246    : addiw s2, a5, 0            : IntAlu :  D=0x0000000000000004
1737000: system.cpu: T0 : 0x1d24a    : bne s2, a0, -26            : IntAlu : 
1737500: system.cpu: T0 : 0x1d24e    : c_ld a4, 96(s1)            : MemRead :  D=0x0000000000074240 A=0x6f628
1738000: system.cpu: T0 : 0x1d250    : ld a3, -1912(a7)           : MemRead :  D=0x0000000000021080 A=0x6fe50
1738500: system.cpu: T0 : 0x1d254    : c_ld a5, 8(a4)             : MemRead :  D=0x0000000000020dc1 A=0x74248
1739000: system.cpu: T0 : 0x1d256    : c_andi a5, 18446744073709551608 : IntAlu :  D=0x0000000000020dc0
1739500: system.cpu: T0 : 0x1d258    : bltu a3, a5, 548           : IntAlu : 
1740000: system.cpu: T0 : 0x1d25c    : addi a3, s0, 32            : IntAlu :  D=0x0000000000000050
1740500: system.cpu: T0 : 0x1d260    : bgeu a5, a3, 640           : IntAlu : 
1741000: system.cpu: T0 : 0x1d4e0    : add a0, a4, s0             : IntAlu :  D=0x0000000000074270
1741500: system.cpu: T0 : 0x1d4e4    : lui a2, 111                : IntAlu :  D=0x000000000006f000
1742000: system.cpu: T0 : 0x1d4e8    : c_sd a0, 96(s1)            : MemWrite :  D=0x0000000000074270 A=0x6f628
1743000: system.cpu: T0 : 0x1d4ea    : addi a2, a2, 1480          : IntAlu :  D=0x000000000006f5c8
1743500: system.cpu: T0 : 0x1d4ee    : c_sub a5, s0               : IntAlu :  D=0x0000000000020d90
1744000: system.cpu: T0 : 0x1d4f0    : c_li a3, 4                 : IntAlu :  D=0x0000000000000004
1745000: system.cpu: T0 : 0x1d4f2    : beq s1, a2, 116            : IntAlu : 
1745500: system.cpu: T0 : 0x1d566    : c_li a3, 0                 : IntAlu :  D=0x0000000000000000
1746000: system.cpu: T0 : 0x1d568    : c_j -114                   : IntAlu : 
1746500: system.cpu: T0 : 0x1d4f6    : c_or a3, s0                : IntAlu :  D=0x0000000000000030
1747000: system.cpu: T0 : 0x1d4f8    : ori a3, a3, 1              : IntAlu :  D=0x0000000000000031
1747500: system.cpu: T0 : 0x1d4fc    : lw a1, -1396(gp)           : MemRead :  D=0x0000000000000000 A=0x70abc
1748000: system.cpu: T0 : 0x1d500    : c_sd a3, 8(a4)             : MemWrite :  D=0x0000000000000031 A=0x74248
1749000: system.cpu: T0 : 0x1d502    : ori a5, a5, 1              : IntAlu :  D=0x0000000000020d91
1749500: system.cpu: T0 : 0x1d506    : c_sd a5, 8(a0)             : MemWrite :  D=0x0000000000020d91 A=0x74278
1750000: system.cpu: T0 : 0x1d508    : addi s2, a4, 16            : IntAlu :  D=0x0000000000074250
1750500: system.cpu: T0 : 0x1d50c    : beq a1, zero, -1664        : IntAlu : 
1751000: system.cpu: T0 : 0x1ce8c    : c_ldsp ra, 248(sp)         : MemRead :  D=0x000000000001e010 A=0x7ffffffffffffcc8
1751500: system.cpu: T0 : 0x1ce8e    : c_ldsp s0, 240(sp)         : MemRead :  D=0x0000000000000028 A=0x7ffffffffffffcc0
1752000: system.cpu: T0 : 0x1ce90    : c_ldsp s1, 232(sp)         : MemRead :  D=0x000000000006f000 A=0x7ffffffffffffcb8
1752500: system.cpu: T0 : 0x1ce92    : c_ldsp s3, 216(sp)         : MemRead :  D=0x000000000006efc0 A=0x7ffffffffffffca8
1753000: system.cpu: T0 : 0x1ce94    : c_ldsp s4, 208(sp)         : MemRead :  D=0x0000000000070000 A=0x7ffffffffffffca0
1753500: system.cpu: T0 : 0x1ce96    : c_ldsp s5, 200(sp)         : MemRead :  D=0x0000000000072000 A=0x7ffffffffffffc98
1754000: system.cpu: T0 : 0x1ce98    : c_ldsp s6, 192(sp)         : MemRead :  D=0x0000000000072000 A=0x7ffffffffffffc90
1754500: system.cpu: T0 : 0x1ce9a    : c_ldsp s7, 184(sp)         : MemRead :  D=0x0000000000000000 A=0x7ffffffffffffc88
1755000: system.cpu: T0 : 0x1ce9c    : c_ldsp s8, 176(sp)         : MemRead :  D=0x0000000000000000 A=0x7ffffffffffffc80
1755500: system.cpu: T0 : 0x1ce9e    : c_ldsp s9, 168(sp)         : MemRead :  D=0x0000000000000000 A=0x7ffffffffffffc78
1756000: system.cpu: T0 : 0x1cea0    : c_ldsp s10, 160(sp)        : MemRead :  D=0x0000000000000000 A=0x7ffffffffffffc70
1756500: system.cpu: T0 : 0x1cea2    : c_ldsp s11, 152(sp)        : MemRead :  D=0x0000000000000000 A=0x7ffffffffffffc68
1757000: system.cpu: T0 : 0x1cea4    : c_mv a0, s2                : IntAlu :  D=0x0000000000074250
1757500: system.cpu: T0 : 0x1cea6    : c_ldsp s2, 224(sp)         : MemRead :  D=0x0000000000000000 A=0x7ffffffffffffcb0
1758000: system.cpu: T0 : 0x1cea8    : c_addi16sp sp, 256         : IntAlu :  D=0x7ffffffffffffcd0
1758500: system.cpu: T0 : 0x1ceaa    : c_jr ra                    : IntAlu : 
1759000: system.cpu: T0 : 0x1e010    : c_mv a5, a0                : IntAlu :  D=0x0000000000074250
1759500: system.cpu: T0 : 0x1e012    : c_beqz a0, 150             : IntAlu : 
1760000: system.cpu: T0 : 0x1e014    : ld a4, -8(a0)              : MemRead :  D=0x0000000000000031 A=0x74248
1760500: system.cpu: T0 : 0x1e018    : andi a3, a4, 2             : IntAlu :  D=0x0000000000000000
1761000: system.cpu: T0 : 0x1e01c    : c_bnez a3, 26              : IntAlu : 
1761500: system.cpu: T0 : 0x1e01e    : c_andi a4, 4               : IntAlu :  D=0x0000000000000000
1762000: system.cpu: T0 : 0x1e020    : c_beqz a4, 22              : IntAlu : 
1762500: system.cpu: T0 : 0x1e036    : c_ldsp ra, 24(sp)          : MemRead :  D=0x000000000003b5e2 A=0x7ffffffffffffce8
1763000: system.cpu: T0 : 0x1e038    : c_ldsp s0, 16(sp)          : MemRead :  D=0x7ffffffffffffd30 A=0x7ffffffffffffce0
1763500: system.cpu: T0 : 0x1e03a    : c_ldsp s1, 8(sp)           : MemRead :  D=0x000000000006fe60 A=0x7ffffffffffffcd8
1764000: system.cpu: T0 : 0x1e03c    : c_ldsp s2, 0(sp)           : MemRead :  D=0x0000000000000000 A=0x7ffffffffffffcd0
1764500: system.cpu: T0 : 0x1e03e    : c_mv a0, a5                : IntAlu :  D=0x0000000000074250
1765000: system.cpu: T0 : 0x1e040    : c_addi16sp sp, 32          : IntAlu :  D=0x7ffffffffffffcf0
1765500: system.cpu: T0 : 0x1e042    : c_jr ra                    : IntAlu : 
1766500: system.cpu: T0 : 0x3b5e2    : sd a0, 32(s3)              : MemWrite :  D=0x0000000000074250 A=0x6efe0
1767500: system.cpu: T0 : 0x3b5e6    : beq a0, zero, 382          : IntAlu : 
1768500: system.cpu: T0 : 0x3b5ea    : ld s1, 16(s3)              : MemRead :  D=0x0000000000000002 A=0x6efd0
1769500: system.cpu: T0 : 0x3b5ee    : addi a7, zero, 40          : IntAlu :  D=0x0000000000000028
1770000: system.cpu: T0 : 0x3b5f2    : c_mv s5, a0                : IntAlu :  D=0x0000000000074250
1770500: system.cpu: T0 : 0x3b5f4    : slli s4, s1, 2             : IntAlu :  D=0x0000000000000008
1771000: system.cpu: T0 : 0x3b5f8    : addi s4, s4, 79            : IntAlu :  D=0x0000000000000057
1771500: system.cpu: T0 : 0x3b5fc    : divu s4, s4, a7            : IntDiv :  D=0x0000000000000002
1772000: system.cpu: T0 : 0x3b600    : slli a7, s4, 2             : IntAlu :  D=0x0000000000000008
1772500: system.cpu: T0 : 0x3b604    : c_add s4, a7               : IntAlu :  D=0x000000000000000a
1773500: system.cpu: T0 : 0x3b606    : slli a0, s4, 5             : IntAlu :  D=0x0000000000000140
1774500: system.cpu: T0 : 0x3b60a    : jal ra, -120388            : IntAlu :  D=0x000000000003b60e
1775500: system.cpu: T0 : 0x1dfc6    : ld t1, -1848(gp)           : MemRead :  D=0x0000000000000000 A=0x708f8
1776500: system.cpu: T0 : 0x1dfca    : bne t1, zero, 260          : IntAlu : 
1777000: system.cpu: T0 : 0x1dfce    : c_addi sp, -32             : IntAlu :  D=0x7ffffffffffffcd0
1777500: system.cpu: T0 : 0x1dfd0    : c_sdsp s0, 16(sp)          : MemWrite :  D=0x7ffffffffffffd30 A=0x7ffffffffffffce0
1778000: system.cpu: T0 : 0x1dfd2    : c_sdsp ra, 24(sp)          : MemWrite :  D=0x000000000003b60e A=0x7ffffffffffffce8
1778500: system.cpu: T0 : 0x1dfd4    : c_sdsp s1, 8(sp)           : MemWrite :  D=0x0000000000000002 A=0x7ffffffffffffcd8
1779000: system.cpu: T0 : 0x1dfd6    : c_sdsp s2, 0(sp)           : MemWrite :  D=0x0000000000000000 A=0x7ffffffffffffcd0
1779500: system.cpu: T0 : 0x1dfd8    : c_mv s0, a0                : IntAlu :  D=0x0000000000000140
1780500: system.cpu: T0 : 0x1dfda    : blt a0, zero, 222          : IntAlu : 
1781500: system.cpu: T0 : 0x1dfde    : addi a5, a0, 23            : IntAlu :  D=0x0000000000000157
1782000: system.cpu: T0 : 0x1dfe2    : c_li a4, 31                : IntAlu :  D=0x000000000000001f
1782500: system.cpu: T0 : 0x1dfe4    : c_li s1, 0                 : IntAlu :  D=0x0000000000000000
1783500: system.cpu: T0 : 0x1dfe6    : bltu a4, a5, 94            : IntAlu : 
1784000: system.cpu: T0 : 0x1e044    : c_andi a5, 18446744073709551600 : IntAlu :  D=0x0000000000000150
1784500: system.cpu: T0 : 0x1e046    : c_addi a5, -17             : IntAlu :  D=0x000000000000013f
1785000: system.cpu: T0 : 0x1e048    : srli s1, a5, 4             : IntAlu :  D=0x0000000000000013
1785500: system.cpu: T0 : 0x1e04c    : c_j -98                    : IntAlu : 
1786500: system.cpu: T0 : 0x1dfea    : ld a4, 40(tp)              : MemRead :  D=0x0000000000073f90 A=0x73738
1787000: system.cpu: T0 : 0x1dfee    : c_beqz a4, 96              : IntAlu : 
1787500: system.cpu: T0 : 0x1dff0    : lui a5, 111                : IntAlu :  D=0x000000000006f000
1788000: system.cpu: T0 : 0x1dff4    : ld a5, 1448(a5)            : MemRead :  D=0x0000000000000040 A=0x6f5a8
1788500: system.cpu: T0 : 0x1dff8    : bltu s1, a5, 114           : IntAlu : 
1789500: system.cpu: T0 : 0x1e06a    : slli a3, s1, 1             : IntAlu :  D=0x0000000000000026
1790000: system.cpu: T0 : 0x1e06e    : c_add a3, a4               : IntAlu :  D=0x0000000000073fb6
1790500: system.cpu: T0 : 0x1e070    : lhu a2, 0(a3)              : MemRead :  D=0x0000000000000000 A=0x73fb6
1791000: system.cpu: T0 : 0x1e074    : c_beqz a2, -120            : IntAlu : 
1791500: system.cpu: T0 : 0x1dffc    : lw a5, -1808(tp)           : MemRead :  D=0x0000000000000000 A=0x73000
1792000: system.cpu: T0 : 0x1e000    : c_bnez a5, 210             : IntAlu : 
1793000: system.cpu: T0 : 0x1e002    : lui s1, 111                : IntAlu :  D=0x000000000006f000
1793500: system.cpu: T0 : 0x1e006    : c_mv a1, s0                : IntAlu :  D=0x0000000000000140
1794000: system.cpu: T0 : 0x1e008    : addi a0, s1, 1480          : IntAlu :  D=0x000000000006f5c8
1794500: system.cpu: T0 : 0x1e00c    : jal ra, -5234              : IntAlu :  D=0x000000000001e010
1795000: system.cpu: T0 : 0x1cb9a    : c_addi16sp sp, -256        : IntAlu :  D=0x7ffffffffffffbd0
1795500: system.cpu: T0 : 0x1cb9c    : c_sdsp ra, 248(sp)         : MemWrite :  D=0x000000000001e010 A=0x7ffffffffffffcc8
1796000: system.cpu: T0 : 0x1cb9e    : c_sdsp s0, 240(sp)         : MemWrite :  D=0x0000000000000140 A=0x7ffffffffffffcc0
1796500: system.cpu: T0 : 0x1cba0    : c_sdsp s1, 232(sp)         : MemWrite :  D=0x000000000006f000 A=0x7ffffffffffffcb8
1797000: system.cpu: T0 : 0x1cba2    : c_sdsp s2, 224(sp)         : MemWrite :  D=0x0000000000000000 A=0x7ffffffffffffcb0
1797500: system.cpu: T0 : 0x1cba4    : c_sdsp s3, 216(sp)         : MemWrite :  D=0x000000000006efc0 A=0x7ffffffffffffca8
1798000: system.cpu: T0 : 0x1cba6    : c_sdsp s4, 208(sp)         : MemWrite :  D=0x000000000000000a A=0x7ffffffffffffca0
1798500: system.cpu: T0 : 0x1cba8    : c_sdsp s5, 200(sp)         : MemWrite :  D=0x0000000000074250 A=0x7ffffffffffffc98
1799000: system.cpu: T0 : 0x1cbaa    : c_sdsp s6, 192(sp)         : MemWrite :  D=0x0000000000072000 A=0x7ffffffffffffc90
1799500: system.cpu: T0 : 0x1cbac    : c_sdsp s7, 184(sp)         : MemWrite :  D=0x0000000000000000 A=0x7ffffffffffffc88
1800000: system.cpu: T0 : 0x1cbae    : c_sdsp s8, 176(sp)         : MemWrite :  D=0x0000000000000000 A=0x7ffffffffffffc80
1800500: system.cpu: T0 : 0x1cbb0    : c_sdsp s9, 168(sp)         : MemWrite :  D=0x0000000000000000 A=0x7ffffffffffffc78
1801000: system.cpu: T0 : 0x1cbb2    : c_sdsp s10, 160(sp)        : MemWrite :  D=0x0000000000000000 A=0x7ffffffffffffc70
1801500: system.cpu: T0 : 0x1cbb4    : c_sdsp s11, 152(sp)        : MemWrite :  D=0x0000000000000000 A=0x7ffffffffffffc68
1802500: system.cpu: T0 : 0x1cbb6    : blt a1, zero, 1198         : IntAlu : 
1803500: system.cpu: T0 : 0x1cbba    : addi s0, a1, 23            : IntAlu :  D=0x0000000000000157
1804000: system.cpu: T0 : 0x1cbbe    : c_li a5, 31                : IntAlu :  D=0x000000000000001f
1804500: system.cpu: T0 : 0x1cbc0    : c_mv s3, a1                : IntAlu :  D=0x0000000000000140
1805000: system.cpu: T0 : 0x1cbc2    : c_mv s1, a0                : IntAlu :  D=0x000000000006f5c8
1805500: system.cpu: T0 : 0x1cbc4    : bltu a5, s0, 220           : IntAlu : 
1806000: system.cpu: T0 : 0x1cca0    : c_andi s0, 18446744073709551600 : IntAlu :  D=0x0000000000000150
1807000: system.cpu: T0 : 0x1cca2    : beq a0, zero, 988          : IntAlu : 
1808000: system.cpu: T0 : 0x1cca6    : ld a4, -1376(gp)           : MemRead :  D=0x0000000000000080 A=0x70ad0
1809000: system.cpu: T0 : 0x1ccaa    : srliw s9, s0, 4            : IntAlu :  D=0x0000000000000015
1810000: system.cpu: T0 : 0x1ccae    : srliw a5, s0, 4            : IntAlu :  D=0x0000000000000015
1811000: system.cpu: T0 : 0x1ccb2    : bgeu a4, s0, 506           : IntAlu : 
1812000: system.cpu: T0 : 0x1ccb6    : addi a4, zero, 1023        : IntAlu :  D=0x00000000000003ff
1813000: system.cpu: T0 : 0x1ccba    : bgeu a4, s0, 1722          : IntAlu : 
1813500: system.cpu: T0 : 0x1d374    : c_addiw a5, -1             : IntAlu :  D=0x0000000000000014
1814000: system.cpu: T0 : 0x1d376    : c_j -1406                  : IntAlu : 
1814500: system.cpu: T0 : 0x1cdf8    : slliw a5, a5, 1            : IntAlu :  D=0x0000000000000028
1815000: system.cpu: T0 : 0x1cdfc    : c_slli a5, 32              : IntAlu :  D=0x0000002800000000
1815500: system.cpu: T0 : 0x1cdfe    : c_srli a5, 32              : IntAlu :  D=0x0000000000000028
1816000: system.cpu: T0 : 0x1ce00    : c_addi a5, 14              : IntAlu :  D=0x0000000000000036
1816500: system.cpu: T0 : 0x1ce02    : c_slli a5, 3               : IntAlu :  D=0x00000000000001b0
1817000: system.cpu: T0 : 0x1ce04    : c_j -550                   : IntAlu : 
1817500: system.cpu: T0 : 0x1cbde    : c_add a5, s1               : IntAlu :  D=0x000000000006f778
1818000: system.cpu: T0 : 0x1cbe0    : ld s2, 8(a5)               : MemRead :  D=0x000000000006f768 A=0x6f780
1818500: system.cpu: T0 : 0x1cbe4    : addi a3, a5, -16           : IntAlu :  D=0x000000000006f768
1819000: system.cpu: T0 : 0x1cbe8    : beq a3, s2, 748            : IntAlu : 
1819500: system.cpu: T0 : 0x1ced4    : srli t1, s0, 9             : IntAlu :  D=0x0000000000000000
1820000: system.cpu: T0 : 0x1ced8    : addiw a5, t1, 91           : IntAlu :  D=0x000000000000005b
1820500: system.cpu: T0 : 0x1cedc    : srli s10, s0, 6            : IntAlu :  D=0x0000000000000005
1821000: system.cpu: T0 : 0x1cee0    : c_sdsp a5, 96(sp)          : MemWrite :  D=0x000000000000005b A=0x7ffffffffffffc30
1822000: system.cpu: T0 : 0x1cee2    : addiw a5, s10, 48          : IntAlu :  D=0x0000000000000035
1822500: system.cpu: T0 : 0x1cee6    : c_sdsp a5, 88(sp)          : MemWrite :  D=0x0000000000000035 A=0x7ffffffffffffc28
1823000: system.cpu: T0 : 0x1cee8    : addi a5, zero, 110         : IntAlu :  D=0x000000000000006e
1823500: system.cpu: T0 : 0x1ceec    : c_sdsp a5, 112(sp)         : MemWrite :  D=0x000000000000006e A=0x7ffffffffffffc40
1824500: system.cpu: T0 : 0x1ceee    : addi a5, zero, 119         : IntAlu :  D=0x0000000000000077
1825000: system.cpu: T0 : 0x1cef2    : c_sdsp a5, 104(sp)         : MemWrite :  D=0x0000000000000077 A=0x7ffffffffffffc38
1825500: system.cpu: T0 : 0x1cef4    : addi a5, zero, 124         : IntAlu :  D=0x000000000000007c
1826000: system.cpu: T0 : 0x1cef8    : c_sdsp s9, 8(sp)           : MemWrite :  D=0x0000000000000015 A=0x7ffffffffffffbd8
1826500: system.cpu: T0 : 0x1cefa    : c_sdsp a5, 120(sp)         : MemWrite :  D=0x000000000000007c A=0x7ffffffffffffc48
1827000: system.cpu: T0 : 0x1cefc    : c_sdsp zero, 128(sp)       : MemWrite :  D=0x0000000000000000 A=0x7ffffffffffffc50
1827500: system.cpu: T0 : 0x1cefe    : c_sdsp zero, 136(sp)       : MemWrite :  D=0x0000000000000000 A=0x7ffffffffffffc58
1828000: system.cpu: T0 : 0x1cf00    : ld a5, 40(tp)              : MemRead :  D=0x0000000000073f90 A=0x73738
1828500: system.cpu: T0 : 0x1cf04    : addi s6, s0, -17           : IntAlu :  D=0x000000000000013f
1829000: system.cpu: T0 : 0x1cf08    : srli s6, s6, 4             : IntAlu :  D=0x0000000000000013
1829500: system.cpu: T0 : 0x1cf0c    : c_li s5, 0                 : IntAlu :  D=0x0000000000000000
1830000: system.cpu: T0 : 0x1cf0e    : c_beqz a5, 22              : IntAlu : 
1830500: system.cpu: T0 : 0x1cf10    : lui a5, 111                : IntAlu :  D=0x000000000006f000
1831000: system.cpu: T0 : 0x1cf14    : ld s5, 1448(a5)            : MemRead :  D=0x0000000000000040 A=0x6f5a8
1831500: system.cpu: T0 : 0x1cf18    : sltu s5, s6, s5            : IntAlu :  D=0x0000000000000001
1832000: system.cpu: T0 : 0x1cf1c    : sub s5, zero, s5           : IntAlu :  D=0xffffffffffffffff
1832500: system.cpu: T0 : 0x1cf20    : and s5, s0, s5             : IntAlu :  D=0x0000000000000150
1833000: system.cpu: T0 : 0x1cf24    : lui a5, 111                : IntAlu :  D=0x000000000006f000
1833500: system.cpu: T0 : 0x1cf28    : c_lui s11, 1               : IntAlu :  D=0x0000000000001000
1834500: system.cpu: T0 : 0x1cf2a    : lui s7, 111                : IntAlu :  D=0x000000000006f000
1835500: system.cpu: T0 : 0x1cf2e    : addi a5, a5, 1480          : IntAlu :  D=0x000000000006f5c8
1836500: system.cpu: T0 : 0x1cf32    : addi s8, s1, 96            : IntAlu :  D=0x000000000006f628
1837000: system.cpu: T0 : 0x1cf36    : c_li t5, 0                 : IntAlu :  D=0x0000000000000000
1837500: system.cpu: T0 : 0x1cf38    : addi s7, s7, 1368          : IntAlu :  D=0x000000000006f558
1838000: system.cpu: T0 : 0x1cf3c    : add a7, s1, s11            : IntAlu :  D=0x00000000000705c8
1838500: system.cpu: T0 : 0x1cf40    : c_sdsp a5, 56(sp)          : MemWrite :  D=0x000000000006f5c8 A=0x7ffffffffffffc08
1839000: system.cpu: T0 : 0x1cf42    : c_ld a5, 120(s1)           : MemRead :  D=0x000000000006f628 A=0x6f640
1839500: system.cpu: T0 : 0x1cf44    : beq a5, s8, 532            : IntAlu : 
1840000: system.cpu: T0 : 0x1d158    : addi a5, zero, 1023        : IntAlu :  D=0x00000000000003ff
1840500: system.cpu: T0 : 0x1d15c    : bgeu a5, s0, 38            : IntAlu : 
1841000: system.cpu: T0 : 0x1d182    : c_ldsp a3, 8(sp)           : MemRead :  D=0x0000000000000015 A=0x7ffffffffffffbd8
1841500: system.cpu: T0 : 0x1d184    : c_li a0, 4                 : IntAlu :  D=0x0000000000000004
1842500: system.cpu: T0 : 0x1d186    : addiw a5, a3, 1            : IntAlu :  D=0x0000000000000016
1843500: system.cpu: T0 : 0x1d18a    : srliw a4, a5, 5            : IntAlu :  D=0x0000000000000000
1844500: system.cpu: T0 : 0x1d18e    : slliw a3, a3, 1            : IntAlu :  D=0x000000000000002a
1845500: system.cpu: T0 : 0x1d192    : addi a4, a4, 536           : IntAlu :  D=0x0000000000000218
1846000: system.cpu: T0 : 0x1d196    : c_slli a3, 32              : IntAlu :  D=0x0000002a00000000
1846500: system.cpu: T0 : 0x1d198    : c_slli a4, 2               : IntAlu :  D=0x0000000000000860
1847000: system.cpu: T0 : 0x1d19a    : c_srli a3, 32              : IntAlu :  D=0x000000000000002a
1847500: system.cpu: T0 : 0x1d19c    : c_add a4, s1               : IntAlu :  D=0x000000000006fe28
1848000: system.cpu: T0 : 0x1d19e    : c_slli a3, 3               : IntAlu :  D=0x0000000000000150
1848500: system.cpu: T0 : 0x1d1a0    : c_lw a2, 0(a4)             : MemRead :  D=0x0000000000000000 A=0x6fe28
1849500: system.cpu: T0 : 0x1d1a2    : addi a3, a3, 96            : IntAlu :  D=0x00000000000001b0
1850000: system.cpu: T0 : 0x1d1a6    : c_li a4, 1                 : IntAlu :  D=0x0000000000000001
1850500: system.cpu: T0 : 0x1d1a8    : srliw s2, a5, 5            : IntAlu :  D=0x0000000000000000
1851000: system.cpu: T0 : 0x1d1ac    : c_add a3, s1               : IntAlu :  D=0x000000000006f778
1852000: system.cpu: T0 : 0x1d1ae    : sllw a5, a4, a5            : IntAlu :  D=0x0000000000400000
1853000: system.cpu: T0 : 0x1d1b2    : bltu a2, a5, 144           : IntAlu : 
1854000: system.cpu: T0 : 0x1d242    : addiw a5, s2, 1            : IntAlu :  D=0x0000000000000001
1855000: system.cpu: T0 : 0x1d246    : addiw s2, a5, 0            : IntAlu :  D=0x0000000000000001
1856000: system.cpu: T0 : 0x1d24a    : bne s2, a0, -26            : IntAlu : 
1856500: system.cpu: T0 : 0x1d230    : c_slli a5, 32              : IntAlu :  D=0x0000000100000000
1857000: system.cpu: T0 : 0x1d232    : c_srli a5, 32              : IntAlu :  D=0x0000000000000001
1857500: system.cpu: T0 : 0x1d234    : addi a5, a5, 536           : IntAlu :  D=0x0000000000000219
1858000: system.cpu: T0 : 0x1d238    : c_slli a5, 2               : IntAlu :  D=0x0000000000000864
1858500: system.cpu: T0 : 0x1d23a    : c_add a5, s1               : IntAlu :  D=0x000000000006fe2c
1859000: system.cpu: T0 : 0x1d23c    : c_lw a2, 0(a5)             : MemRead :  D=0x0000000000000000 A=0x6fe2c
1860000: system.cpu: T0 : 0x1d23e    : bne a2, zero, 384          : IntAlu : 
1861000: system.cpu: T0 : 0x1d242    : addiw a5, s2, 1            : IntAlu :  D=0x0000000000000002
1862000: system.cpu: T0 : 0x1d246    : addiw s2, a5, 0            : IntAlu :  D=0x0000000000000002
1863000: system.cpu: T0 : 0x1d24a    : bne s2, a0, -26            : IntAlu : 
1863500: system.cpu: T0 : 0x1d230    : c_slli a5, 32              : IntAlu :  D=0x0000000200000000
1864000: system.cpu: T0 : 0x1d232    : c_srli a5, 32              : IntAlu :  D=0x0000000000000002
1864500: system.cpu: T0 : 0x1d234    : addi a5, a5, 536           : IntAlu :  D=0x000000000000021a
1865000: system.cpu: T0 : 0x1d238    : c_slli a5, 2               : IntAlu :  D=0x0000000000000868
1865500: system.cpu: T0 : 0x1d23a    : c_add a5, s1               : IntAlu :  D=0x000000000006fe30
1866000: system.cpu: T0 : 0x1d23c    : c_lw a2, 0(a5)             : MemRead :  D=0x0000000000000000 A=0x6fe30
1867000: system.cpu: T0 : 0x1d23e    : bne a2, zero, 384          : IntAlu : 
1868000: system.cpu: T0 : 0x1d242    : addiw a5, s2, 1            : IntAlu :  D=0x0000000000000003
1869000: system.cpu: T0 : 0x1d246    : addiw s2, a5, 0            : IntAlu :  D=0x0000000000000003
1870000: system.cpu: T0 : 0x1d24a    : bne s2, a0, -26            : IntAlu : 
1870500: system.cpu: T0 : 0x1d230    : c_slli a5, 32              : IntAlu :  D=0x0000000300000000
1871000: system.cpu: T0 : 0x1d232    : c_srli a5, 32              : IntAlu :  D=0x0000000000000003
1871500: system.cpu: T0 : 0x1d234    : addi a5, a5, 536           : IntAlu :  D=0x000000000000021b
1872000: system.cpu: T0 : 0x1d238    : c_slli a5, 2               : IntAlu :  D=0x000000000000086c
1872500: system.cpu: T0 : 0x1d23a    : c_add a5, s1               : IntAlu :  D=0x000000000006fe34
1873000: system.cpu: T0 : 0x1d23c    : c_lw a2, 0(a5)             : MemRead :  D=0x0000000000000000 A=0x6fe34
1874000: system.cpu: T0 : 0x1d23e    : bne a2, zero, 384          : IntAlu : 
1875000: system.cpu: T0 : 0x1d242    : addiw a5, s2, 1            : IntAlu :  D=0x0000000000000004
1876000: system.cpu: T0 : 0x1d246    : addiw s2, a5, 0            : IntAlu :  D=0x0000000000000004
1877000: system.cpu: T0 : 0x1d24a    : bne s2, a0, -26            : IntAlu : 
1877500: system.cpu: T0 : 0x1d24e    : c_ld a4, 96(s1)            : MemRead :  D=0x0000000000074270 A=0x6f628
1878000: system.cpu: T0 : 0x1d250    : ld a3, -1912(a7)           : MemRead :  D=0x0000000000021080 A=0x6fe50
1878500: system.cpu: T0 : 0x1d254    : c_ld a5, 8(a4)             : MemRead :  D=0x0000000000020d91 A=0x74278
1879000: system.cpu: T0 : 0x1d256    : c_andi a5, 18446744073709551608 : IntAlu :  D=0x0000000000020d90
1879500: system.cpu: T0 : 0x1d258    : bltu a3, a5, 548           : IntAlu : 
1880000: system.cpu: T0 : 0x1d25c    : addi a3, s0, 32            : IntAlu :  D=0x0000000000000170
1880500: system.cpu: T0 : 0x1d260    : bgeu a5, a3, 640           : IntAlu : 
1881000: system.cpu: T0 : 0x1d4e0    : add a0, a4, s0             : IntAlu :  D=0x00000000000743c0
1881500: system.cpu: T0 : 0x1d4e4    : lui a2, 111                : IntAlu :  D=0x000000000006f000
1882000: system.cpu: T0 : 0x1d4e8    : c_sd a0, 96(s1)            : MemWrite :  D=0x00000000000743c0 A=0x6f628
1883000: system.cpu: T0 : 0x1d4ea    : addi a2, a2, 1480          : IntAlu :  D=0x000000000006f5c8
1883500: system.cpu: T0 : 0x1d4ee    : c_sub a5, s0               : IntAlu :  D=0x0000000000020c40
1884000: system.cpu: T0 : 0x1d4f0    : c_li a3, 4                 : IntAlu :  D=0x0000000000000004
1885000: system.cpu: T0 : 0x1d4f2    : beq s1, a2, 116            : IntAlu : 
1885500: system.cpu: T0 : 0x1d566    : c_li a3, 0                 : IntAlu :  D=0x0000000000000000
1886000: system.cpu: T0 : 0x1d568    : c_j -114                   : IntAlu : 
1886500: system.cpu: T0 : 0x1d4f6    : c_or a3, s0                : IntAlu :  D=0x0000000000000150
1887000: system.cpu: T0 : 0x1d4f8    : ori a3, a3, 1              : IntAlu :  D=0x0000000000000151
1887500: system.cpu: T0 : 0x1d4fc    : lw a1, -1396(gp)           : MemRead :  D=0x0000000000000000 A=0x70abc
1888000: system.cpu: T0 : 0x1d500    : c_sd a3, 8(a4)             : MemWrite :  D=0x0000000000000151 A=0x74278
1889000: system.cpu: T0 : 0x1d502    : ori a5, a5, 1              : IntAlu :  D=0x0000000000020c41
1889500: system.cpu: T0 : 0x1d506    : c_sd a5, 8(a0)             : MemWrite :  D=0x0000000000020c41 A=0x743c8
1890000: system.cpu: T0 : 0x1d508    : addi s2, a4, 16            : IntAlu :  D=0x0000000000074280
1890500: system.cpu: T0 : 0x1d50c    : beq a1, zero, -1664        : IntAlu : 
1891000: system.cpu: T0 : 0x1ce8c    : c_ldsp ra, 248(sp)         : MemRead :  D=0x000000000001e010 A=0x7ffffffffffffcc8
1891500: system.cpu: T0 : 0x1ce8e    : c_ldsp s0, 240(sp)         : MemRead :  D=0x0000000000000140 A=0x7ffffffffffffcc0
1892000: system.cpu: T0 : 0x1ce90    : c_ldsp s1, 232(sp)         : MemRead :  D=0x000000000006f000 A=0x7ffffffffffffcb8
1892500: system.cpu: T0 : 0x1ce92    : c_ldsp s3, 216(sp)         : MemRead :  D=0x000000000006efc0 A=0x7ffffffffffffca8
1893000: system.cpu: T0 : 0x1ce94    : c_ldsp s4, 208(sp)         : MemRead :  D=0x000000000000000a A=0x7ffffffffffffca0
1893500: system.cpu: T0 : 0x1ce96    : c_ldsp s5, 200(sp)         : MemRead :  D=0x0000000000074250 A=0x7ffffffffffffc98
1894000: system.cpu: T0 : 0x1ce98    : c_ldsp s6, 192(sp)         : MemRead :  D=0x0000000000072000 A=0x7ffffffffffffc90
1894500: system.cpu: T0 : 0x1ce9a    : c_ldsp s7, 184(sp)         : MemRead :  D=0x0000000000000000 A=0x7ffffffffffffc88
1895000: system.cpu: T0 : 0x1ce9c    : c_ldsp s8, 176(sp)         : MemRead :  D=0x0000000000000000 A=0x7ffffffffffffc80
1895500: system.cpu: T0 : 0x1ce9e    : c_ldsp s9, 168(sp)         : MemRead :  D=0x0000000000000000 A=0x7ffffffffffffc78
1896000: system.cpu: T0 : 0x1cea0    : c_ldsp s10, 160(sp)        : MemRead :  D=0x0000000000000000 A=0x7ffffffffffffc70
1896500: system.cpu: T0 : 0x1cea2    : c_ldsp s11, 152(sp)        : MemRead :  D=0x0000000000000000 A=0x7ffffffffffffc68
1897000: system.cpu: T0 : 0x1cea4    : c_mv a0, s2                : IntAlu :  D=0x0000000000074280
1897500: system.cpu: T0 : 0x1cea6    : c_ldsp s2, 224(sp)         : MemRead :  D=0x0000000000000000 A=0x7ffffffffffffcb0
1898000: system.cpu: T0 : 0x1cea8    : c_addi16sp sp, 256         : IntAlu :  D=0x7ffffffffffffcd0
1898500: system.cpu: T0 : 0x1ceaa    : c_jr ra                    : IntAlu : 
1899000: system.cpu: T0 : 0x1e010    : c_mv a5, a0                : IntAlu :  D=0x0000000000074280
1899500: system.cpu: T0 : 0x1e012    : c_beqz a0, 150             : IntAlu : 
1900000: system.cpu: T0 : 0x1e014    : ld a4, -8(a0)              : MemRead :  D=0x0000000000000151 A=0x74278
1900500: system.cpu: T0 : 0x1e018    : andi a3, a4, 2             : IntAlu :  D=0x0000000000000000
1901000: system.cpu: T0 : 0x1e01c    : c_bnez a3, 26              : IntAlu : 
1901500: system.cpu: T0 : 0x1e01e    : c_andi a4, 4               : IntAlu :  D=0x0000000000000000
1902000: system.cpu: T0 : 0x1e020    : c_beqz a4, 22              : IntAlu : 
1902500: system.cpu: T0 : 0x1e036    : c_ldsp ra, 24(sp)          : MemRead :  D=0x000000000003b60e A=0x7ffffffffffffce8
1903000: system.cpu: T0 : 0x1e038    : c_ldsp s0, 16(sp)          : MemRead :  D=0x7ffffffffffffd30 A=0x7ffffffffffffce0
1903500: system.cpu: T0 : 0x1e03a    : c_ldsp s1, 8(sp)           : MemRead :  D=0x0000000000000002 A=0x7ffffffffffffcd8
1904000: system.cpu: T0 : 0x1e03c    : c_ldsp s2, 0(sp)           : MemRead :  D=0x0000000000000000 A=0x7ffffffffffffcd0
1904500: system.cpu: T0 : 0x1e03e    : c_mv a0, a5                : IntAlu :  D=0x0000000000074280
1905000: system.cpu: T0 : 0x1e040    : c_addi16sp sp, 32          : IntAlu :  D=0x7ffffffffffffcf0
1905500: system.cpu: T0 : 0x1e042    : c_jr ra                    : IntAlu : 
1906500: system.cpu: T0 : 0x3b60e    : sd a0, 0(s5)               : MemWrite :  D=0x0000000000074280 A=0x74250
1907000: system.cpu: T0 : 0x3b612    : c_mv a2, a0                : IntAlu :  D=0x0000000000074280
1907500: system.cpu: T0 : 0x3b614    : beq a0, zero, 386          : IntAlu : 
1908000: system.cpu: T0 : 0x3b618    : lui a5, 114                : IntAlu :  D=0x0000000000072000
1908500: system.cpu: T0 : 0x3b61c    : lui a3, 98                 : IntAlu :  D=0x0000000000062000
1909000: system.cpu: T0 : 0x3b620    : lui a0, 98                 : IntAlu :  D=0x0000000000062000
1909500: system.cpu: T0 : 0x3b624    : addi a3, a3, -336          : IntAlu :  D=0x0000000000061eb0
1910000: system.cpu: T0 : 0x3b628    : addi a0, a0, -784          : IntAlu :  D=0x0000000000061cf0
1910500: system.cpu: T0 : 0x3b62c    : sd a2, -120(a5)            : MemWrite :  D=0x0000000000074280 A=0x71f88
1911000: system.cpu: T0 : 0x3b630    : c_li a5, 23                : IntAlu :  D=0x0000000000000017
1911500: system.cpu: T0 : 0x3b632    : c_sd a3, 24(a2)            : MemWrite :  D=0x0000000000061eb0 A=0x74298
1912000: system.cpu: T0 : 0x3b634    : addi a6, a3, 72            : IntAlu :  D=0x0000000000061ef8
1912500: system.cpu: T0 : 0x3b638    : sw zero, 40(s3)            : MemWrite :  D=0x0000000000000000 A=0x6efe8
1913000: system.cpu: T0 : 0x3b63c    : addi a1, s5, 8             : IntAlu :  D=0x0000000000074258
1913500: system.cpu: T0 : 0x3b640    : c_sd a0, 8(a2)             : MemWrite :  D=0x0000000000061cf0 A=0x74288
1914500: system.cpu: T0 : 0x3b642    : sd zero, 16(a2)            : MemWrite :  D=0x0000000000000000 A=0x74290
1915000: system.cpu: T0 : 0x3b646    : c_sd a5, 32(a2)            : MemWrite :  D=0x0000000000000017 A=0x742a0
1915500: system.cpu: T0 : 0x3b648    : slli a7, s4, 3             : IntAlu :  D=0x0000000000000050
1916000: system.cpu: T0 : 0x3b64c    : addi t3, s5, 32            : IntAlu :  D=0x0000000000074270
1916500: system.cpu: T0 : 0x3b650    : c_addi a3, 24              : IntAlu :  D=0x0000000000061ec8
1917500: system.cpu: T0 : 0x3b652    : addi t4, zero, 47          : IntAlu :  D=0x000000000000002f
1918500: system.cpu: T0 : 0x3b656    : addi a4, a2, 40            : IntAlu :  D=0x00000000000742a8
1919000: system.cpu: T0 : 0x3b65a    : c_li a5, 0                 : IntAlu :  D=0x0000000000000000
1919500: system.cpu: T0 : 0x3b65c    : c_beqz s1, 14              : IntAlu : 
1920500: system.cpu: T0 : 0x3b65e    : sw zero, 0(a4)             : MemWrite :  D=0x0000000000000000 A=0x742a8
1921000: system.cpu: T0 : 0x3b662    : c_addi a5, 1               : IntAlu :  D=0x0000000000000001
1921500: system.cpu: T0 : 0x3b664    : c_addi a4, 4               : IntAlu :  D=0x00000000000742ac
1922500: system.cpu: T0 : 0x3b666    : bne s1, a5, -8             : IntAlu : 
1923500: system.cpu: T0 : 0x3b65e    : sw zero, 0(a4)             : MemWrite :  D=0x0000000000000000 A=0x742ac
1924000: system.cpu: T0 : 0x3b662    : c_addi a5, 1               : IntAlu :  D=0x0000000000000002
1924500: system.cpu: T0 : 0x3b664    : c_addi a4, 4               : IntAlu :  D=0x00000000000742b0
1925500: system.cpu: T0 : 0x3b666    : bne s1, a5, -8             : IntAlu : 
1926500: system.cpu: T0 : 0x3b66a    : beq t3, a1, 48             : IntAlu : 
1927500: system.cpu: T0 : 0x3b66e    : ld a4, 8(a6)               : MemRead :  D=0x000000000000001b A=0x61f00
1928500: system.cpu: T0 : 0x3b672    : add a5, a2, a7             : IntAlu :  D=0x00000000000742d0
1929500: system.cpu: T0 : 0x3b676    : lbu t1, 0(a3)              : MemRead :  D=0x000000000000002f A=0x61ec8
1930000: system.cpu: T0 : 0x3b67a    : c_sd a5, 0(a2)             : MemWrite :  D=0x00000000000742d0 A=0x74280
1930500: system.cpu: T0 : 0x3b67c    : c_sd a3, 24(a5)            : MemWrite :  D=0x0000000000061ec8 A=0x742e8
1931500: system.cpu: T0 : 0x3b67e    : addi a2, a4, 1             : IntAlu :  D=0x000000000000001c
1932000: system.cpu: T0 : 0x3b682    : c_sd a5, 0(a1)             : MemWrite :  D=0x00000000000742d0 A=0x74258
1932500: system.cpu: T0 : 0x3b684    : c_sd a0, 8(a5)             : MemWrite :  D=0x0000000000061cf0 A=0x742d8
1933500: system.cpu: T0 : 0x3b686    : sd zero, 16(a5)            : MemWrite :  D=0x0000000000000000 A=0x742e0
1934000: system.cpu: T0 : 0x3b68a    : c_sd a4, 32(a5)            : MemWrite :  D=0x000000000000001b A=0x742f0
1934500: system.cpu: T0 : 0x3b68c    : c_addi a1, 8               : IntAlu :  D=0x0000000000074260
1935000: system.cpu: T0 : 0x3b68e    : c_add a3, a2               : IntAlu :  D=0x0000000000061ee4
1935500: system.cpu: T0 : 0x3b690    : c_addi a6, 8               : IntAlu :  D=0x0000000000061f00
1936500: system.cpu: T0 : 0x3b692    : bne t1, t4, 228            : IntAlu : 
1937000: system.cpu: T0 : 0x3b696    : c_mv a2, a5                : IntAlu :  D=0x00000000000742d0
1937500: system.cpu: T0 : 0x3b698    : c_j -66                    : IntAlu : 
1938500: system.cpu: T0 : 0x3b656    : addi a4, a2, 40            : IntAlu :  D=0x00000000000742f8
1939000: system.cpu: T0 : 0x3b65a    : c_li a5, 0                 : IntAlu :  D=0x0000000000000000
1939500: system.cpu: T0 : 0x3b65c    : c_beqz s1, 14              : IntAlu : 
1940500: system.cpu: T0 : 0x3b65e    : sw zero, 0(a4)             : MemWrite :  D=0x0000000000000000 A=0x742f8
1941000: system.cpu: T0 : 0x3b662    : c_addi a5, 1               : IntAlu :  D=0x0000000000000001
1941500: system.cpu: T0 : 0x3b664    : c_addi a4, 4               : IntAlu :  D=0x00000000000742fc
1942500: system.cpu: T0 : 0x3b666    : bne s1, a5, -8             : IntAlu : 
1943500: system.cpu: T0 : 0x3b65e    : sw zero, 0(a4)             : MemWrite :  D=0x0000000000000000 A=0x742fc
1944000: system.cpu: T0 : 0x3b662    : c_addi a5, 1               : IntAlu :  D=0x0000000000000002
1944500: system.cpu: T0 : 0x3b664    : c_addi a4, 4               : IntAlu :  D=0x0000000000074300
1945500: system.cpu: T0 : 0x3b666    : bne s1, a5, -8             : IntAlu : 
1946500: system.cpu: T0 : 0x3b66a    : beq t3, a1, 48             : IntAlu : 
1947500: system.cpu: T0 : 0x3b66e    : ld a4, 8(a6)               : MemRead :  D=0x0000000000000005 A=0x61f08
1948500: system.cpu: T0 : 0x3b672    : add a5, a2, a7             : IntAlu :  D=0x0000000000074320
1949500: system.cpu: T0 : 0x3b676    : lbu t1, 0(a3)              : MemRead :  D=0x000000000000002f A=0x61ee4
1950000: system.cpu: T0 : 0x3b67a    : c_sd a5, 0(a2)             : MemWrite :  D=0x0000000000074320 A=0x742d0
1950500: system.cpu: T0 : 0x3b67c    : c_sd a3, 24(a5)            : MemWrite :  D=0x0000000000061ee4 A=0x74338
1951500: system.cpu: T0 : 0x3b67e    : addi a2, a4, 1             : IntAlu :  D=0x0000000000000006
1952000: system.cpu: T0 : 0x3b682    : c_sd a5, 0(a1)             : MemWrite :  D=0x0000000000074320 A=0x74260
1952500: system.cpu: T0 : 0x3b684    : c_sd a0, 8(a5)             : MemWrite :  D=0x0000000000061cf0 A=0x74328
1953500: system.cpu: T0 : 0x3b686    : sd zero, 16(a5)            : MemWrite :  D=0x0000000000000000 A=0x74330
1954000: system.cpu: T0 : 0x3b68a    : c_sd a4, 32(a5)            : MemWrite :  D=0x0000000000000005 A=0x74340
1954500: system.cpu: T0 : 0x3b68c    : c_addi a1, 8               : IntAlu :  D=0x0000000000074268
1955000: system.cpu: T0 : 0x3b68e    : c_add a3, a2               : IntAlu :  D=0x0000000000061eea
1955500: system.cpu: T0 : 0x3b690    : c_addi a6, 8               : IntAlu :  D=0x0000000000061f08
1956500: system.cpu: T0 : 0x3b692    : bne t1, t4, 228            : IntAlu : 
1957000: system.cpu: T0 : 0x3b696    : c_mv a2, a5                : IntAlu :  D=0x0000000000074320
1957500: system.cpu: T0 : 0x3b698    : c_j -66                    : IntAlu : 
1958500: system.cpu: T0 : 0x3b656    : addi a4, a2, 40            : IntAlu :  D=0x0000000000074348
1959000: system.cpu: T0 : 0x3b65a    : c_li a5, 0                 : IntAlu :  D=0x0000000000000000
1959500: system.cpu: T0 : 0x3b65c    : c_beqz s1, 14              : IntAlu : 
1960500: system.cpu: T0 : 0x3b65e    : sw zero, 0(a4)             : MemWrite :  D=0x0000000000000000 A=0x74348
1961000: system.cpu: T0 : 0x3b662    : c_addi a5, 1               : IntAlu :  D=0x0000000000000001
1961500: system.cpu: T0 : 0x3b664    : c_addi a4, 4               : IntAlu :  D=0x000000000007434c
1962500: system.cpu: T0 : 0x3b666    : bne s1, a5, -8             : IntAlu : 
1963500: system.cpu: T0 : 0x3b65e    : sw zero, 0(a4)             : MemWrite :  D=0x0000000000000000 A=0x7434c
1964000: system.cpu: T0 : 0x3b662    : c_addi a5, 1               : IntAlu :  D=0x0000000000000002
1964500: system.cpu: T0 : 0x3b664    : c_addi a4, 4               : IntAlu :  D=0x0000000000074350
1965500: system.cpu: T0 : 0x3b666    : bne s1, a5, -8             : IntAlu : 
1966500: system.cpu: T0 : 0x3b66a    : beq t3, a1, 48             : IntAlu : 
1967500: system.cpu: T0 : 0x3b66e    : ld a4, 8(a6)               : MemRead :  D=0x0000000000000009 A=0x61f10
1968500: system.cpu: T0 : 0x3b672    : add a5, a2, a7             : IntAlu :  D=0x0000000000074370
1969500: system.cpu: T0 : 0x3b676    : lbu t1, 0(a3)              : MemRead :  D=0x000000000000002f A=0x61eea
1970000: system.cpu: T0 : 0x3b67a    : c_sd a5, 0(a2)             : MemWrite :  D=0x0000000000074370 A=0x74320
1970500: system.cpu: T0 : 0x3b67c    : c_sd a3, 24(a5)            : MemWrite :  D=0x0000000000061eea A=0x74388
1971500: system.cpu: T0 : 0x3b67e    : addi a2, a4, 1             : IntAlu :  D=0x000000000000000a
1972000: system.cpu: T0 : 0x3b682    : c_sd a5, 0(a1)             : MemWrite :  D=0x0000000000074370 A=0x74268
1972500: system.cpu: T0 : 0x3b684    : c_sd a0, 8(a5)             : MemWrite :  D=0x0000000000061cf0 A=0x74378
1973500: system.cpu: T0 : 0x3b686    : sd zero, 16(a5)            : MemWrite :  D=0x0000000000000000 A=0x74380
1974000: system.cpu: T0 : 0x3b68a    : c_sd a4, 32(a5)            : MemWrite :  D=0x0000000000000009 A=0x74390
1974500: system.cpu: T0 : 0x3b68c    : c_addi a1, 8               : IntAlu :  D=0x0000000000074270
1975000: system.cpu: T0 : 0x3b68e    : c_add a3, a2               : IntAlu :  D=0x0000000000061ef4
1975500: system.cpu: T0 : 0x3b690    : c_addi a6, 8               : IntAlu :  D=0x0000000000061f10
1976500: system.cpu: T0 : 0x3b692    : bne t1, t4, 228            : IntAlu : 
1977000: system.cpu: T0 : 0x3b696    : c_mv a2, a5                : IntAlu :  D=0x0000000000074370
1977500: system.cpu: T0 : 0x3b698    : c_j -66                    : IntAlu : 
1978500: system.cpu: T0 : 0x3b656    : addi a4, a2, 40            : IntAlu :  D=0x0000000000074398
1979000: system.cpu: T0 : 0x3b65a    : c_li a5, 0                 : IntAlu :  D=0x0000000000000000
1979500: system.cpu: T0 : 0x3b65c    : c_beqz s1, 14              : IntAlu : 
1980500: system.cpu: T0 : 0x3b65e    : sw zero, 0(a4)             : MemWrite :  D=0x0000000000000000 A=0x74398
1981000: system.cpu: T0 : 0x3b662    : c_addi a5, 1               : IntAlu :  D=0x0000000000000001
1981500: system.cpu: T0 : 0x3b664    : c_addi a4, 4               : IntAlu :  D=0x000000000007439c
1982500: system.cpu: T0 : 0x3b666    : bne s1, a5, -8             : IntAlu : 
1983500: system.cpu: T0 : 0x3b65e    : sw zero, 0(a4)             : MemWrite :  D=0x0000000000000000 A=0x7439c
1984000: system.cpu: T0 : 0x3b662    : c_addi a5, 1               : IntAlu :  D=0x0000000000000002
1984500: system.cpu: T0 : 0x3b664    : c_addi a4, 4               : IntAlu :  D=0x00000000000743a0
1985500: system.cpu: T0 : 0x3b666    : bne s1, a5, -8             : IntAlu : 
1986500: system.cpu: T0 : 0x3b66a    : beq t3, a1, 48             : IntAlu : 
1987000: system.cpu: T0 : 0x3b69a    : c_li a4, 27                : IntAlu :  D=0x000000000000001b
1987500: system.cpu: T0 : 0x3b69c    : sd zero, 0(a2)             : MemWrite :  D=0x0000000000000000 A=0x74370
1988000: system.cpu: T0 : 0x3b6a0    : sd a4, -1192(gp)           : MemWrite :  D=0x000000000000001b A=0x70b88
1988500: system.cpu: T0 : 0x3b6a4    : sd zero, 32(s5)            : MemWrite :  D=0x0000000000000000 A=0x74270
1989000: system.cpu: T0 : 0x3b6a8    : beq s2, zero, 10           : IntAlu : 
1989500: system.cpu: T0 : 0x3b6b2    : c_li a5, -1                : IntAlu :  D=0xffffffffffffffff
1990000: system.cpu: T0 : 0x3b6b4    : sd a5, 48(s3)              : MemWrite :  D=0xffffffffffffffff A=0x6eff0
1990500: system.cpu: T0 : 0x3b6b8    : addi sp, s0, -64           : IntAlu :  D=0x7ffffffffffffcf0
1991000: system.cpu: T0 : 0x3b6bc    : c_ldsp ra, 56(sp)          : MemRead :  D=0x0000000000022fa2 A=0x7ffffffffffffd28
1991500: system.cpu: T0 : 0x3b6be    : c_ldsp s0, 48(sp)          : MemRead :  D=0x000000000006ef80 A=0x7ffffffffffffd20
1992000: system.cpu: T0 : 0x3b6c0    : c_ldsp s1, 40(sp)          : MemRead :  D=0x000000000006fe60 A=0x7ffffffffffffd18
1992500: system.cpu: T0 : 0x3b6c2    : c_ldsp s2, 32(sp)          : MemRead :  D=0x0000000000072000 A=0x7ffffffffffffd10
1993000: system.cpu: T0 : 0x3b6c4    : c_ldsp s3, 24(sp)          : MemRead :  D=0x0000000000072000 A=0x7ffffffffffffd08
1993500: system.cpu: T0 : 0x3b6c6    : c_ldsp s4, 16(sp)          : MemRead :  D=0x0000000000070000 A=0x7ffffffffffffd00
1994000: system.cpu: T0 : 0x3b6c8    : c_ldsp s5, 8(sp)           : MemRead :  D=0x0000000000072000 A=0x7ffffffffffffcf8
1994500: system.cpu: T0 : 0x3b6ca    : c_addi16sp sp, 64          : IntAlu :  D=0x7ffffffffffffd30
1995000: system.cpu: T0 : 0x3b6cc    : c_jr ra                    : IntAlu : 
1996000: system.cpu: T0 : 0x22fa2    : lui a5, 114                : IntAlu :  D=0x0000000000072000
1997000: system.cpu: T0 : 0x22fa6    : ld a4, -120(a5)            : MemRead :  D=0x0000000000074280 A=0x71f88
1998000: system.cpu: T0 : 0x22faa    : lui a0, 80                 : IntAlu :  D=0x0000000000050000
1999000: system.cpu: T0 : 0x22fae    : lui a5, 114                : IntAlu :  D=0x0000000000072000
2000000: system.cpu: T0 : 0x22fb2    : addi a0, a0, 1440          : IntAlu :  D=0x00000000000505a0
2001000: system.cpu: T0 : 0x22fb6    : sd a4, -160(a5)            : MemWrite :  D=0x0000000000074280 A=0x71f60
2002000: system.cpu: T0 : 0x22fba    : jal ra, -57850             : IntAlu :  D=0x0000000000022fbe
2002500: system.cpu: T0 : 0x14dc0    : c_addi16sp sp, -64         : IntAlu :  D=0x7ffffffffffffcf0
2003000: system.cpu: T0 : 0x14dc2    : c_sdsp s1, 40(sp)          : MemWrite :  D=0x000000000006fe60 A=0x7ffffffffffffd18
2003500: system.cpu: T0 : 0x14dc4    : ld s1, -1360(gp)           : MemRead :  D=0x7fffffffffffff48 A=0x70ae0
2004000: system.cpu: T0 : 0x14dc8    : c_sdsp ra, 56(sp)          : MemWrite :  D=0x0000000000022fbe A=0x7ffffffffffffd28
2004500: system.cpu: T0 : 0x14dca    : c_sdsp s0, 48(sp)          : MemWrite :  D=0x000000000006ef80 A=0x7ffffffffffffd20
2005000: system.cpu: T0 : 0x14dcc    : c_sdsp s2, 32(sp)          : MemWrite :  D=0x0000000000072000 A=0x7ffffffffffffd10
2005500: system.cpu: T0 : 0x14dce    : c_sdsp s3, 24(sp)          : MemWrite :  D=0x0000000000072000 A=0x7ffffffffffffd08
2006000: system.cpu: T0 : 0x14dd0    : c_sdsp s4, 16(sp)          : MemWrite :  D=0x0000000000070000 A=0x7ffffffffffffd00
2006500: system.cpu: T0 : 0x14dd2    : c_sdsp s5, 8(sp)           : MemWrite :  D=0x0000000000072000 A=0x7ffffffffffffcf8
2007000: system.cpu: T0 : 0x14dd4    : c_sdsp s6, 0(sp)           : MemWrite :  D=0x0000000000072000 A=0x7ffffffffffffcf0
2007500: system.cpu: T0 : 0x14dd6    : c_beqz s1, 210             : IntAlu : 
2008000: system.cpu: T0 : 0x14dd8    : lbu a5, 0(a0)              : MemRead :  D=0x000000000000004c A=0x505a0
2008500: system.cpu: T0 : 0x14ddc    : c_mv s4, a0                : IntAlu :  D=0x00000000000505a0
2009000: system.cpu: T0 : 0x14dde    : c_beqz a5, 202             : IntAlu : 
2009500: system.cpu: T0 : 0x14de0    : lbu s5, 1(a0)              : MemRead :  D=0x0000000000000044 A=0x505a1
2010000: system.cpu: T0 : 0x14de4    : slliw s2, a5, 16           : IntAlu :  D=0x00000000004c0000
2010500: system.cpu: T0 : 0x14de8    : c_ld s0, 0(s1)             : MemRead :  D=0x0000000000000000 A=0x7fffffffffffff48
2011500: system.cpu: T0 : 0x14dea    : sraiw s2, s2, 16           : IntAlu :  D=0x000000000000004c
2012500: system.cpu: T0 : 0x14dee    : bne s5, zero, 86           : IntAlu : 
2013000: system.cpu: T0 : 0x14e44    : jal ra, 42500              : IntAlu :  D=0x0000000000014e48
2013500: system.cpu: T0 : 0x1f448    : andi a5, a0, 7             : IntAlu :  D=0x0000000000000000
2014000: system.cpu: T0 : 0x1f44c    : c_beqz a5, 26              : IntAlu : 
2014500: system.cpu: T0 : 0x1f466    : c_mv a5, a0                : IntAlu :  D=0x00000000000505a0
2015000: system.cpu: T0 : 0x1f468    : ld a6, -2024(gp)           : MemRead :  D=0xfefefefefefefeff A=0x70848
2015500: system.cpu: T0 : 0x1f46c    : ld a1, -2016(gp)           : MemRead :  D=0x8080808080808080 A=0x70850
2016000: system.cpu: T0 : 0x1f470    : c_ld a2, 0(a5)             : MemRead :  D=0x5f444e49425f444c A=0x505a0
2017000: system.cpu: T0 : 0x1f472    : addi a3, a5, 8             : IntAlu :  D=0x00000000000505a8
2018000: system.cpu: T0 : 0x1f476    : add a4, a2, a6             : IntAlu :  D=0x5e434d48415e434b
2019000: system.cpu: T0 : 0x1f47a    : xori a2, a2, 18446744073709551615 : IntAlu :  D=0xa0bbb1b6bda0bbb3
2019500: system.cpu: T0 : 0x1f47e    : c_and a4, a2               : IntAlu :  D=0x0003010001000303
2020000: system.cpu: T0 : 0x1f480    : c_and a4, a1               : IntAlu :  D=0x0000000000000000
2020500: system.cpu: T0 : 0x1f482    : c_beqz a4, 50              : IntAlu : 
2021000: system.cpu: T0 : 0x1f4b4    : c_mv a5, a3                : IntAlu :  D=0x00000000000505a8
2021500: system.cpu: T0 : 0x1f4b6    : c_j -70                    : IntAlu : 
2022000: system.cpu: T0 : 0x1f470    : c_ld a2, 0(a5)             : MemRead :  D=0x0000000000574f4e A=0x505a8
2023000: system.cpu: T0 : 0x1f472    : addi a3, a5, 8             : IntAlu :  D=0x00000000000505b0
2024000: system.cpu: T0 : 0x1f476    : add a4, a2, a6             : IntAlu :  D=0xfefefefeff564e4d
2025000: system.cpu: T0 : 0x1f47a    : xori a2, a2, 18446744073709551615 : IntAlu :  D=0xffffffffffa8b0b1
2025500: system.cpu: T0 : 0x1f47e    : c_and a4, a2               : IntAlu :  D=0xfefefefeff000001
2026000: system.cpu: T0 : 0x1f480    : c_and a4, a1               : IntAlu :  D=0x8080808080000000
2026500: system.cpu: T0 : 0x1f482    : c_beqz a4, 50              : IntAlu : 
2027000: system.cpu: T0 : 0x1f484    : lbu a4, -8(a3)             : MemRead :  D=0x000000000000004e A=0x505a8
2027500: system.cpu: T0 : 0x1f488    : c_beqz a4, -40             : IntAlu : 
2028500: system.cpu: T0 : 0x1f48a    : lbu a4, -7(a3)             : MemRead :  D=0x000000000000004f A=0x505a9
2029000: system.cpu: T0 : 0x1f48e    : c_beqz a4, 50              : IntAlu : 
2029500: system.cpu: T0 : 0x1f490    : lbu a4, -6(a3)             : MemRead :  D=0x0000000000000057 A=0x505aa
2030000: system.cpu: T0 : 0x1f494    : c_beqz a4, 52              : IntAlu : 
2031000: system.cpu: T0 : 0x1f496    : lbu a4, -5(a3)             : MemRead :  D=0x0000000000000000 A=0x505ab
2031500: system.cpu: T0 : 0x1f49a    : c_beqz a4, 54              : IntAlu : 
2032000: system.cpu: T0 : 0x1f4d0    : c_sub a5, a0               : IntAlu :  D=0x0000000000000008
2033000: system.cpu: T0 : 0x1f4d2    : addi a0, a5, 3             : IntAlu :  D=0x000000000000000b
2033500: system.cpu: T0 : 0x1f4d6    : c_jr ra                    : IntAlu : 
2034000: system.cpu: T0 : 0x14e48    : slli a5, s5, 8             : IntAlu :  D=0x0000000000004400
2034500: system.cpu: T0 : 0x14e4c    : or a5, s2, a5              : IntAlu :  D=0x000000000000444c
2035000: system.cpu: T0 : 0x14e50    : slliw s2, a5, 16           : IntAlu :  D=0x00000000444c0000
2035500: system.cpu: T0 : 0x14e54    : c_mv s3, a0                : IntAlu :  D=0x000000000000000b
2036500: system.cpu: T0 : 0x14e56    : sraiw s2, s2, 16           : IntAlu :  D=0x000000000000444c
2037500: system.cpu: T0 : 0x14e5a    : addi s5, a0, -2            : IntAlu :  D=0x0000000000000009
2038000: system.cpu: T0 : 0x14e5e    : c_addi s4, 2               : IntAlu :  D=0x00000000000505a2
2038500: system.cpu: T0 : 0x14e60    : c_beqz s0, -50             : IntAlu : 
2039000: system.cpu: T0 : 0x14e2e    : c_ldsp ra, 56(sp)          : MemRead :  D=0x0000000000022fbe A=0x7ffffffffffffd28
2039500: system.cpu: T0 : 0x14e30    : c_mv a0, s0                : IntAlu :  D=0x0000000000000000
2040000: system.cpu: T0 : 0x14e32    : c_ldsp s0, 48(sp)          : MemRead :  D=0x000000000006ef80 A=0x7ffffffffffffd20
2040500: system.cpu: T0 : 0x14e34    : c_ldsp s1, 40(sp)          : MemRead :  D=0x000000000006fe60 A=0x7ffffffffffffd18
2041000: system.cpu: T0 : 0x14e36    : c_ldsp s2, 32(sp)          : MemRead :  D=0x0000000000072000 A=0x7ffffffffffffd10
2041500: system.cpu: T0 : 0x14e38    : c_ldsp s3, 24(sp)          : MemRead :  D=0x0000000000072000 A=0x7ffffffffffffd08
2042000: system.cpu: T0 : 0x14e3a    : c_ldsp s4, 16(sp)          : MemRead :  D=0x0000000000070000 A=0x7ffffffffffffd00
2042500: system.cpu: T0 : 0x14e3c    : c_ldsp s5, 8(sp)           : MemRead :  D=0x0000000000072000 A=0x7ffffffffffffcf8
2043000: system.cpu: T0 : 0x14e3e    : c_ldsp s6, 0(sp)           : MemRead :  D=0x0000000000072000 A=0x7ffffffffffffcf0
2043500: system.cpu: T0 : 0x14e40    : c_addi16sp sp, 64          : IntAlu :  D=0x7ffffffffffffd30
2044000: system.cpu: T0 : 0x14e42    : c_jr ra                    : IntAlu : 
2044500: system.cpu: T0 : 0x22fbe    : c_li a5, 1                 : IntAlu :  D=0x0000000000000001
2045000: system.cpu: T0 : 0x22fc0    : c_beqz a0, 10              : IntAlu : 
2046000: system.cpu: T0 : 0x22fca    : lui a0, 80                 : IntAlu :  D=0x0000000000050000
2047000: system.cpu: T0 : 0x22fce    : lui a4, 114                : IntAlu :  D=0x0000000000072000
2048000: system.cpu: T0 : 0x22fd2    : addi a0, a0, 1456          : IntAlu :  D=0x00000000000505b0
2049000: system.cpu: T0 : 0x22fd6    : sw a5, -224(a4)            : MemWrite :  D=0x0000000000000001 A=0x71f20
2050000: system.cpu: T0 : 0x22fda    : jal ra, -57882             : IntAlu :  D=0x0000000000022fde
2050500: system.cpu: T0 : 0x14dc0    : c_addi16sp sp, -64         : IntAlu :  D=0x7ffffffffffffcf0
2051000: system.cpu: T0 : 0x14dc2    : c_sdsp s1, 40(sp)          : MemWrite :  D=0x000000000006fe60 A=0x7ffffffffffffd18
2051500: system.cpu: T0 : 0x14dc4    : ld s1, -1360(gp)           : MemRead :  D=0x7fffffffffffff48 A=0x70ae0
2052000: system.cpu: T0 : 0x14dc8    : c_sdsp ra, 56(sp)          : MemWrite :  D=0x0000000000022fde A=0x7ffffffffffffd28
2052500: system.cpu: T0 : 0x14dca    : c_sdsp s0, 48(sp)          : MemWrite :  D=0x000000000006ef80 A=0x7ffffffffffffd20
2053000: system.cpu: T0 : 0x14dcc    : c_sdsp s2, 32(sp)          : MemWrite :  D=0x0000000000072000 A=0x7ffffffffffffd10
2053500: system.cpu: T0 : 0x14dce    : c_sdsp s3, 24(sp)          : MemWrite :  D=0x0000000000072000 A=0x7ffffffffffffd08
2054000: system.cpu: T0 : 0x14dd0    : c_sdsp s4, 16(sp)          : MemWrite :  D=0x0000000000070000 A=0x7ffffffffffffd00
2054500: system.cpu: T0 : 0x14dd2    : c_sdsp s5, 8(sp)           : MemWrite :  D=0x0000000000072000 A=0x7ffffffffffffcf8
2055000: system.cpu: T0 : 0x14dd4    : c_sdsp s6, 0(sp)           : MemWrite :  D=0x0000000000072000 A=0x7ffffffffffffcf0
2055500: system.cpu: T0 : 0x14dd6    : c_beqz s1, 210             : IntAlu : 
2056000: system.cpu: T0 : 0x14dd8    : lbu a5, 0(a0)              : MemRead :  D=0x000000000000004c A=0x505b0
2056500: system.cpu: T0 : 0x14ddc    : c_mv s4, a0                : IntAlu :  D=0x00000000000505b0
2057000: system.cpu: T0 : 0x14dde    : c_beqz a5, 202             : IntAlu : 
2057500: system.cpu: T0 : 0x14de0    : lbu s5, 1(a0)              : MemRead :  D=0x0000000000000044 A=0x505b1
2058000: system.cpu: T0 : 0x14de4    : slliw s2, a5, 16           : IntAlu :  D=0x00000000004c0000
2058500: system.cpu: T0 : 0x14de8    : c_ld s0, 0(s1)             : MemRead :  D=0x0000000000000000 A=0x7fffffffffffff48
2059500: system.cpu: T0 : 0x14dea    : sraiw s2, s2, 16           : IntAlu :  D=0x000000000000004c
2060500: system.cpu: T0 : 0x14dee    : bne s5, zero, 86           : IntAlu : 
2061000: system.cpu: T0 : 0x14e44    : jal ra, 42500              : IntAlu :  D=0x0000000000014e48
2061500: system.cpu: T0 : 0x1f448    : andi a5, a0, 7             : IntAlu :  D=0x0000000000000000
2062000: system.cpu: T0 : 0x1f44c    : c_beqz a5, 26              : IntAlu : 
2062500: system.cpu: T0 : 0x1f466    : c_mv a5, a0                : IntAlu :  D=0x00000000000505b0
2063000: system.cpu: T0 : 0x1f468    : ld a6, -2024(gp)           : MemRead :  D=0xfefefefefefefeff A=0x70848
2063500: system.cpu: T0 : 0x1f46c    : ld a1, -2016(gp)           : MemRead :  D=0x8080808080808080 A=0x70850
2064000: system.cpu: T0 : 0x1f470    : c_ld a2, 0(a5)             : MemRead :  D=0x5f444e49425f444c A=0x505b0
2065000: system.cpu: T0 : 0x1f472    : addi a3, a5, 8             : IntAlu :  D=0x00000000000505b8
2066000: system.cpu: T0 : 0x1f476    : add a4, a2, a6             : IntAlu :  D=0x5e434d48415e434b
2067000: system.cpu: T0 : 0x1f47a    : xori a2, a2, 18446744073709551615 : IntAlu :  D=0xa0bbb1b6bda0bbb3
2067500: system.cpu: T0 : 0x1f47e    : c_and a4, a2               : IntAlu :  D=0x0003010001000303
2068000: system.cpu: T0 : 0x1f480    : c_and a4, a1               : IntAlu :  D=0x0000000000000000
2068500: system.cpu: T0 : 0x1f482    : c_beqz a4, 50              : IntAlu : 
2069000: system.cpu: T0 : 0x1f4b4    : c_mv a5, a3                : IntAlu :  D=0x00000000000505b8
2069500: system.cpu: T0 : 0x1f4b6    : c_j -70                    : IntAlu : 
2070000: system.cpu: T0 : 0x1f470    : c_ld a2, 0(a5)             : MemRead :  D=0x0000000000544f4e A=0x505b8
2071000: system.cpu: T0 : 0x1f472    : addi a3, a5, 8             : IntAlu :  D=0x00000000000505c0
2072000: system.cpu: T0 : 0x1f476    : add a4, a2, a6             : IntAlu :  D=0xfefefefeff534e4d
2073000: system.cpu: T0 : 0x1f47a    : xori a2, a2, 18446744073709551615 : IntAlu :  D=0xffffffffffabb0b1
2073500: system.cpu: T0 : 0x1f47e    : c_and a4, a2               : IntAlu :  D=0xfefefefeff030001
2074000: system.cpu: T0 : 0x1f480    : c_and a4, a1               : IntAlu :  D=0x8080808080000000
2074500: system.cpu: T0 : 0x1f482    : c_beqz a4, 50              : IntAlu : 
2075000: system.cpu: T0 : 0x1f484    : lbu a4, -8(a3)             : MemRead :  D=0x000000000000004e A=0x505b8
2075500: system.cpu: T0 : 0x1f488    : c_beqz a4, -40             : IntAlu : 
2076500: system.cpu: T0 : 0x1f48a    : lbu a4, -7(a3)             : MemRead :  D=0x000000000000004f A=0x505b9
2077000: system.cpu: T0 : 0x1f48e    : c_beqz a4, 50              : IntAlu : 
2077500: system.cpu: T0 : 0x1f490    : lbu a4, -6(a3)             : MemRead :  D=0x0000000000000054 A=0x505ba
2078000: system.cpu: T0 : 0x1f494    : c_beqz a4, 52              : IntAlu : 
2079000: system.cpu: T0 : 0x1f496    : lbu a4, -5(a3)             : MemRead :  D=0x0000000000000000 A=0x505bb
2079500: system.cpu: T0 : 0x1f49a    : c_beqz a4, 54              : IntAlu : 
2080000: system.cpu: T0 : 0x1f4d0    : c_sub a5, a0               : IntAlu :  D=0x0000000000000008
2081000: system.cpu: T0 : 0x1f4d2    : addi a0, a5, 3             : IntAlu :  D=0x000000000000000b
2081500: system.cpu: T0 : 0x1f4d6    : c_jr ra                    : IntAlu : 
2082000: system.cpu: T0 : 0x14e48    : slli a5, s5, 8             : IntAlu :  D=0x0000000000004400
2082500: system.cpu: T0 : 0x14e4c    : or a5, s2, a5              : IntAlu :  D=0x000000000000444c
2083000: system.cpu: T0 : 0x14e50    : slliw s2, a5, 16           : IntAlu :  D=0x00000000444c0000
2083500: system.cpu: T0 : 0x14e54    : c_mv s3, a0                : IntAlu :  D=0x000000000000000b
2084500: system.cpu: T0 : 0x14e56    : sraiw s2, s2, 16           : IntAlu :  D=0x000000000000444c
2085500: system.cpu: T0 : 0x14e5a    : addi s5, a0, -2            : IntAlu :  D=0x0000000000000009
2086000: system.cpu: T0 : 0x14e5e    : c_addi s4, 2               : IntAlu :  D=0x00000000000505b2
2086500: system.cpu: T0 : 0x14e60    : c_beqz s0, -50             : IntAlu : 
2087000: system.cpu: T0 : 0x14e2e    : c_ldsp ra, 56(sp)          : MemRead :  D=0x0000000000022fde A=0x7ffffffffffffd28
2087500: system.cpu: T0 : 0x14e30    : c_mv a0, s0                : IntAlu :  D=0x0000000000000000
2088000: system.cpu: T0 : 0x14e32    : c_ldsp s0, 48(sp)          : MemRead :  D=0x000000000006ef80 A=0x7ffffffffffffd20
2088500: system.cpu: T0 : 0x14e34    : c_ldsp s1, 40(sp)          : MemRead :  D=0x000000000006fe60 A=0x7ffffffffffffd18
2089000: system.cpu: T0 : 0x14e36    : c_ldsp s2, 32(sp)          : MemRead :  D=0x0000000000072000 A=0x7ffffffffffffd10
2089500: system.cpu: T0 : 0x14e38    : c_ldsp s3, 24(sp)          : MemRead :  D=0x0000000000072000 A=0x7ffffffffffffd08
2090000: system.cpu: T0 : 0x14e3a    : c_ldsp s4, 16(sp)          : MemRead :  D=0x0000000000070000 A=0x7ffffffffffffd00
2090500: system.cpu: T0 : 0x14e3c    : c_ldsp s5, 8(sp)           : MemRead :  D=0x0000000000072000 A=0x7ffffffffffffcf8
2091000: system.cpu: T0 : 0x14e3e    : c_ldsp s6, 0(sp)           : MemRead :  D=0x0000000000072000 A=0x7ffffffffffffcf0
2091500: system.cpu: T0 : 0x14e40    : c_addi16sp sp, 64          : IntAlu :  D=0x7ffffffffffffd30
2092000: system.cpu: T0 : 0x14e42    : c_jr ra                    : IntAlu : 
2092500: system.cpu: T0 : 0x22fde    : c_li a5, 0                 : IntAlu :  D=0x0000000000000000
2093000: system.cpu: T0 : 0x22fe0    : c_beqz a0, 10              : IntAlu : 
2094000: system.cpu: T0 : 0x22fea    : lui a0, 80                 : IntAlu :  D=0x0000000000050000
2095000: system.cpu: T0 : 0x22fee    : lui a4, 114                : IntAlu :  D=0x0000000000072000
2096000: system.cpu: T0 : 0x22ff2    : addi a0, a0, 1472          : IntAlu :  D=0x00000000000505c0
2097000: system.cpu: T0 : 0x22ff6    : sw a5, -248(a4)            : MemWrite :  D=0x0000000000000000 A=0x71f08
2098000: system.cpu: T0 : 0x22ffa    : jal ra, -57914             : IntAlu :  D=0x0000000000022ffe
2098500: system.cpu: T0 : 0x14dc0    : c_addi16sp sp, -64         : IntAlu :  D=0x7ffffffffffffcf0
2099000: system.cpu: T0 : 0x14dc2    : c_sdsp s1, 40(sp)          : MemWrite :  D=0x000000000006fe60 A=0x7ffffffffffffd18
2099500: system.cpu: T0 : 0x14dc4    : ld s1, -1360(gp)           : MemRead :  D=0x7fffffffffffff48 A=0x70ae0
2100000: system.cpu: T0 : 0x14dc8    : c_sdsp ra, 56(sp)          : MemWrite :  D=0x0000000000022ffe A=0x7ffffffffffffd28
2100500: system.cpu: T0 : 0x14dca    : c_sdsp s0, 48(sp)          : MemWrite :  D=0x000000000006ef80 A=0x7ffffffffffffd20
2101000: system.cpu: T0 : 0x14dcc    : c_sdsp s2, 32(sp)          : MemWrite :  D=0x0000000000072000 A=0x7ffffffffffffd10
2101500: system.cpu: T0 : 0x14dce    : c_sdsp s3, 24(sp)          : MemWrite :  D=0x0000000000072000 A=0x7ffffffffffffd08
2102000: system.cpu: T0 : 0x14dd0    : c_sdsp s4, 16(sp)          : MemWrite :  D=0x0000000000070000 A=0x7ffffffffffffd00
2102500: system.cpu: T0 : 0x14dd2    : c_sdsp s5, 8(sp)           : MemWrite :  D=0x0000000000072000 A=0x7ffffffffffffcf8
2103000: system.cpu: T0 : 0x14dd4    : c_sdsp s6, 0(sp)           : MemWrite :  D=0x0000000000072000 A=0x7ffffffffffffcf0
2103500: system.cpu: T0 : 0x14dd6    : c_beqz s1, 210             : IntAlu : 
2104000: system.cpu: T0 : 0x14dd8    : lbu a5, 0(a0)              : MemRead :  D=0x000000000000004c A=0x505c0
2104500: system.cpu: T0 : 0x14ddc    : c_mv s4, a0                : IntAlu :  D=0x00000000000505c0
2105000: system.cpu: T0 : 0x14dde    : c_beqz a5, 202             : IntAlu : 
2105500: system.cpu: T0 : 0x14de0    : lbu s5, 1(a0)              : MemRead :  D=0x0000000000000044 A=0x505c1
2106000: system.cpu: T0 : 0x14de4    : slliw s2, a5, 16           : IntAlu :  D=0x00000000004c0000
2106500: system.cpu: T0 : 0x14de8    : c_ld s0, 0(s1)             : MemRead :  D=0x0000000000000000 A=0x7fffffffffffff48
2107500: system.cpu: T0 : 0x14dea    : sraiw s2, s2, 16           : IntAlu :  D=0x000000000000004c
2108500: system.cpu: T0 : 0x14dee    : bne s5, zero, 86           : IntAlu : 
2109000: system.cpu: T0 : 0x14e44    : jal ra, 42500              : IntAlu :  D=0x0000000000014e48
2109500: system.cpu: T0 : 0x1f448    : andi a5, a0, 7             : IntAlu :  D=0x0000000000000000
2110000: system.cpu: T0 : 0x1f44c    : c_beqz a5, 26              : IntAlu : 
2110500: system.cpu: T0 : 0x1f466    : c_mv a5, a0                : IntAlu :  D=0x00000000000505c0
2111000: system.cpu: T0 : 0x1f468    : ld a6, -2024(gp)           : MemRead :  D=0xfefefefefefefeff A=0x70848
2111500: system.cpu: T0 : 0x1f46c    : ld a1, -2016(gp)           : MemRead :  D=0x8080808080808080 A=0x70850
2112000: system.cpu: T0 : 0x1f470    : c_ld a2, 0(a5)             : MemRead :  D=0x4d414e59445f444c A=0x505c0
2113000: system.cpu: T0 : 0x1f472    : addi a3, a5, 8             : IntAlu :  D=0x00000000000505c8
2114000: system.cpu: T0 : 0x1f476    : add a4, a2, a6             : IntAlu :  D=0x4c404d58435e434b
2115000: system.cpu: T0 : 0x1f47a    : xori a2, a2, 18446744073709551615 : IntAlu :  D=0xb2beb1a6bba0bbb3
2115500: system.cpu: T0 : 0x1f47e    : c_and a4, a2               : IntAlu :  D=0x0000010003000303
2116000: system.cpu: T0 : 0x1f480    : c_and a4, a1               : IntAlu :  D=0x0000000000000000
2116500: system.cpu: T0 : 0x1f482    : c_beqz a4, 50              : IntAlu : 
2117000: system.cpu: T0 : 0x1f4b4    : c_mv a5, a3                : IntAlu :  D=0x00000000000505c8
2117500: system.cpu: T0 : 0x1f4b6    : c_j -70                    : IntAlu : 
2118000: system.cpu: T0 : 0x1f470    : c_ld a2, 0(a5)             : MemRead :  D=0x004b4145575f4349 A=0x505c8
2119000: system.cpu: T0 : 0x1f472    : addi a3, a5, 8             : IntAlu :  D=0x00000000000505d0
2120000: system.cpu: T0 : 0x1f476    : add a4, a2, a6             : IntAlu :  D=0xff4a4044565e4248
2121000: system.cpu: T0 : 0x1f47a    : xori a2, a2, 18446744073709551615 : IntAlu :  D=0xffb4bebaa8a0bcb6
2121500: system.cpu: T0 : 0x1f47e    : c_and a4, a2               : IntAlu :  D=0xff00000000000000
2122000: system.cpu: T0 : 0x1f480    : c_and a4, a1               : IntAlu :  D=0x8000000000000000
2122500: system.cpu: T0 : 0x1f482    : c_beqz a4, 50              : IntAlu : 
2123000: system.cpu: T0 : 0x1f484    : lbu a4, -8(a3)             : MemRead :  D=0x0000000000000049 A=0x505c8
2123500: system.cpu: T0 : 0x1f488    : c_beqz a4, -40             : IntAlu : 
2124500: system.cpu: T0 : 0x1f48a    : lbu a4, -7(a3)             : MemRead :  D=0x0000000000000043 A=0x505c9
2125000: system.cpu: T0 : 0x1f48e    : c_beqz a4, 50              : IntAlu : 
2125500: system.cpu: T0 : 0x1f490    : lbu a4, -6(a3)             : MemRead :  D=0x000000000000005f A=0x505ca
2126000: system.cpu: T0 : 0x1f494    : c_beqz a4, 52              : IntAlu : 
2127000: system.cpu: T0 : 0x1f496    : lbu a4, -5(a3)             : MemRead :  D=0x0000000000000057 A=0x505cb
2127500: system.cpu: T0 : 0x1f49a    : c_beqz a4, 54              : IntAlu : 
2128000: system.cpu: T0 : 0x1f49c    : lbu a4, -4(a3)             : MemRead :  D=0x0000000000000045 A=0x505cc
2128500: system.cpu: T0 : 0x1f4a0    : c_beqz a4, 56              : IntAlu : 
2129500: system.cpu: T0 : 0x1f4a2    : lbu a4, -3(a3)             : MemRead :  D=0x0000000000000041 A=0x505cd
2130000: system.cpu: T0 : 0x1f4a6    : c_beqz a4, 58              : IntAlu : 
2130500: system.cpu: T0 : 0x1f4a8    : lbu a4, -2(a3)             : MemRead :  D=0x000000000000004b A=0x505ce
2131000: system.cpu: T0 : 0x1f4ac    : c_beqz a4, 60              : IntAlu : 
2132000: system.cpu: T0 : 0x1f4ae    : lbu a4, -1(a3)             : MemRead :  D=0x0000000000000000 A=0x505cf
2132500: system.cpu: T0 : 0x1f4b2    : c_beqz a4, 6               : IntAlu : 
2133000: system.cpu: T0 : 0x1f4b8    : c_sub a5, a0               : IntAlu :  D=0x0000000000000008
2134000: system.cpu: T0 : 0x1f4ba    : addi a0, a5, 7             : IntAlu :  D=0x000000000000000f
2134500: system.cpu: T0 : 0x1f4be    : c_jr ra                    : IntAlu : 
2135000: system.cpu: T0 : 0x14e48    : slli a5, s5, 8             : IntAlu :  D=0x0000000000004400
2135500: system.cpu: T0 : 0x14e4c    : or a5, s2, a5              : IntAlu :  D=0x000000000000444c
2136000: system.cpu: T0 : 0x14e50    : slliw s2, a5, 16           : IntAlu :  D=0x00000000444c0000
2136500: system.cpu: T0 : 0x14e54    : c_mv s3, a0                : IntAlu :  D=0x000000000000000f
2137500: system.cpu: T0 : 0x14e56    : sraiw s2, s2, 16           : IntAlu :  D=0x000000000000444c
2138500: system.cpu: T0 : 0x14e5a    : addi s5, a0, -2            : IntAlu :  D=0x000000000000000d
2139000: system.cpu: T0 : 0x14e5e    : c_addi s4, 2               : IntAlu :  D=0x00000000000505c2
2139500: system.cpu: T0 : 0x14e60    : c_beqz s0, -50             : IntAlu : 
2140000: system.cpu: T0 : 0x14e2e    : c_ldsp ra, 56(sp)          : MemRead :  D=0x0000000000022ffe A=0x7ffffffffffffd28
2140500: system.cpu: T0 : 0x14e30    : c_mv a0, s0                : IntAlu :  D=0x0000000000000000
2141000: system.cpu: T0 : 0x14e32    : c_ldsp s0, 48(sp)          : MemRead :  D=0x000000000006ef80 A=0x7ffffffffffffd20
2141500: system.cpu: T0 : 0x14e34    : c_ldsp s1, 40(sp)          : MemRead :  D=0x000000000006fe60 A=0x7ffffffffffffd18
2142000: system.cpu: T0 : 0x14e36    : c_ldsp s2, 32(sp)          : MemRead :  D=0x0000000000072000 A=0x7ffffffffffffd10
2142500: system.cpu: T0 : 0x14e38    : c_ldsp s3, 24(sp)          : MemRead :  D=0x0000000000072000 A=0x7ffffffffffffd08
2143000: system.cpu: T0 : 0x14e3a    : c_ldsp s4, 16(sp)          : MemRead :  D=0x0000000000070000 A=0x7ffffffffffffd00
2143500: system.cpu: T0 : 0x14e3c    : c_ldsp s5, 8(sp)           : MemRead :  D=0x0000000000072000 A=0x7ffffffffffffcf8
2144000: system.cpu: T0 : 0x14e3e    : c_ldsp s6, 0(sp)           : MemRead :  D=0x0000000000072000 A=0x7ffffffffffffcf0
2144500: system.cpu: T0 : 0x14e40    : c_addi16sp sp, 64          : IntAlu :  D=0x7ffffffffffffd30
2145000: system.cpu: T0 : 0x14e42    : c_jr ra                    : IntAlu : 
2145500: system.cpu: T0 : 0x22ffe    : c_li a5, 1                 : IntAlu :  D=0x0000000000000001
2146000: system.cpu: T0 : 0x23000    : c_beqz a0, 10              : IntAlu : 
2147000: system.cpu: T0 : 0x2300a    : lui a0, 80                 : IntAlu :  D=0x0000000000050000
2148000: system.cpu: T0 : 0x2300e    : lui a4, 114                : IntAlu :  D=0x0000000000072000
2149000: system.cpu: T0 : 0x23012    : addi a0, a0, 1488          : IntAlu :  D=0x00000000000505d0
2150000: system.cpu: T0 : 0x23016    : sw a5, -172(a4)            : MemWrite :  D=0x0000000000000001 A=0x71f54
2151000: system.cpu: T0 : 0x2301a    : jal ra, -57946             : IntAlu :  D=0x000000000002301e
2151500: system.cpu: T0 : 0x14dc0    : c_addi16sp sp, -64         : IntAlu :  D=0x7ffffffffffffcf0
2152000: system.cpu: T0 : 0x14dc2    : c_sdsp s1, 40(sp)          : MemWrite :  D=0x000000000006fe60 A=0x7ffffffffffffd18
2152500: system.cpu: T0 : 0x14dc4    : ld s1, -1360(gp)           : MemRead :  D=0x7fffffffffffff48 A=0x70ae0
2153000: system.cpu: T0 : 0x14dc8    : c_sdsp ra, 56(sp)          : MemWrite :  D=0x000000000002301e A=0x7ffffffffffffd28
2153500: system.cpu: T0 : 0x14dca    : c_sdsp s0, 48(sp)          : MemWrite :  D=0x000000000006ef80 A=0x7ffffffffffffd20
2154000: system.cpu: T0 : 0x14dcc    : c_sdsp s2, 32(sp)          : MemWrite :  D=0x0000000000072000 A=0x7ffffffffffffd10
2154500: system.cpu: T0 : 0x14dce    : c_sdsp s3, 24(sp)          : MemWrite :  D=0x0000000000072000 A=0x7ffffffffffffd08
2155000: system.cpu: T0 : 0x14dd0    : c_sdsp s4, 16(sp)          : MemWrite :  D=0x0000000000070000 A=0x7ffffffffffffd00
2155500: system.cpu: T0 : 0x14dd2    : c_sdsp s5, 8(sp)           : MemWrite :  D=0x0000000000072000 A=0x7ffffffffffffcf8
2156000: system.cpu: T0 : 0x14dd4    : c_sdsp s6, 0(sp)           : MemWrite :  D=0x0000000000072000 A=0x7ffffffffffffcf0
2156500: system.cpu: T0 : 0x14dd6    : c_beqz s1, 210             : IntAlu : 
2157000: system.cpu: T0 : 0x14dd8    : lbu a5, 0(a0)              : MemRead :  D=0x000000000000004c A=0x505d0
2157500: system.cpu: T0 : 0x14ddc    : c_mv s4, a0                : IntAlu :  D=0x00000000000505d0
2158000: system.cpu: T0 : 0x14dde    : c_beqz a5, 202             : IntAlu : 
2158500: system.cpu: T0 : 0x14de0    : lbu s5, 1(a0)              : MemRead :  D=0x0000000000000044 A=0x505d1
2159000: system.cpu: T0 : 0x14de4    : slliw s2, a5, 16           : IntAlu :  D=0x00000000004c0000
2159500: system.cpu: T0 : 0x14de8    : c_ld s0, 0(s1)             : MemRead :  D=0x0000000000000000 A=0x7fffffffffffff48
2160500: system.cpu: T0 : 0x14dea    : sraiw s2, s2, 16           : IntAlu :  D=0x000000000000004c
2161500: system.cpu: T0 : 0x14dee    : bne s5, zero, 86           : IntAlu : 
2162000: system.cpu: T0 : 0x14e44    : jal ra, 42500              : IntAlu :  D=0x0000000000014e48
2162500: system.cpu: T0 : 0x1f448    : andi a5, a0, 7             : IntAlu :  D=0x0000000000000000
2163000: system.cpu: T0 : 0x1f44c    : c_beqz a5, 26              : IntAlu : 
2163500: system.cpu: T0 : 0x1f466    : c_mv a5, a0                : IntAlu :  D=0x00000000000505d0
2164000: system.cpu: T0 : 0x1f468    : ld a6, -2024(gp)           : MemRead :  D=0xfefefefefefefeff A=0x70848
2164500: system.cpu: T0 : 0x1f46c    : ld a1, -2016(gp)           : MemRead :  D=0x8080808080808080 A=0x70850
2165000: system.cpu: T0 : 0x1f470    : c_ld a2, 0(a5)             : MemRead :  D=0x49464f52505f444c A=0x505d0
2166000: system.cpu: T0 : 0x1f472    : addi a3, a5, 8             : IntAlu :  D=0x00000000000505d8
2167000: system.cpu: T0 : 0x1f476    : add a4, a2, a6             : IntAlu :  D=0x48454e514f5e434b
2168000: system.cpu: T0 : 0x1f47a    : xori a2, a2, 18446744073709551615 : IntAlu :  D=0xb6b9b0adafa0bbb3
2168500: system.cpu: T0 : 0x1f47e    : c_and a4, a2               : IntAlu :  D=0x000100010f000303
2169000: system.cpu: T0 : 0x1f480    : c_and a4, a1               : IntAlu :  D=0x0000000000000000
2169500: system.cpu: T0 : 0x1f482    : c_beqz a4, 50              : IntAlu : 
2170000: system.cpu: T0 : 0x1f4b4    : c_mv a5, a3                : IntAlu :  D=0x00000000000505d8
2170500: system.cpu: T0 : 0x1f4b6    : c_j -70                    : IntAlu : 
2171000: system.cpu: T0 : 0x1f470    : c_ld a2, 0(a5)             : MemRead :  D=0x555054554f5f454c A=0x505d8
2172000: system.cpu: T0 : 0x1f472    : addi a3, a5, 8             : IntAlu :  D=0x00000000000505e0
2173000: system.cpu: T0 : 0x1f476    : add a4, a2, a6             : IntAlu :  D=0x544f53544e5e444b
2174000: system.cpu: T0 : 0x1f47a    : xori a2, a2, 18446744073709551615 : IntAlu :  D=0xaaafabaab0a0bab3
2174500: system.cpu: T0 : 0x1f47e    : c_and a4, a2               : IntAlu :  D=0x000f030000000003
2175000: system.cpu: T0 : 0x1f480    : c_and a4, a1               : IntAlu :  D=0x0000000000000000
2175500: system.cpu: T0 : 0x1f482    : c_beqz a4, 50              : IntAlu : 
2176000: system.cpu: T0 : 0x1f4b4    : c_mv a5, a3                : IntAlu :  D=0x00000000000505e0
2176500: system.cpu: T0 : 0x1f4b6    : c_j -70                    : IntAlu : 
2177000: system.cpu: T0 : 0x1f470    : c_ld a2, 0(a5)             : MemRead :  D=0x0000000000000054 A=0x505e0
2178000: system.cpu: T0 : 0x1f472    : addi a3, a5, 8             : IntAlu :  D=0x00000000000505e8
2179000: system.cpu: T0 : 0x1f476    : add a4, a2, a6             : IntAlu :  D=0xfefefefefefeff53
2180000: system.cpu: T0 : 0x1f47a    : xori a2, a2, 18446744073709551615 : IntAlu :  D=0xffffffffffffffab
2180500: system.cpu: T0 : 0x1f47e    : c_and a4, a2               : IntAlu :  D=0xfefefefefefeff03
2181000: system.cpu: T0 : 0x1f480    : c_and a4, a1               : IntAlu :  D=0x8080808080808000
2181500: system.cpu: T0 : 0x1f482    : c_beqz a4, 50              : IntAlu : 
2182000: system.cpu: T0 : 0x1f484    : lbu a4, -8(a3)             : MemRead :  D=0x0000000000000054 A=0x505e0
2182500: system.cpu: T0 : 0x1f488    : c_beqz a4, -40             : IntAlu : 
2183500: system.cpu: T0 : 0x1f48a    : lbu a4, -7(a3)             : MemRead :  D=0x0000000000000000 A=0x505e1
2184000: system.cpu: T0 : 0x1f48e    : c_beqz a4, 50              : IntAlu : 
2184500: system.cpu: T0 : 0x1f4c0    : c_sub a5, a0               : IntAlu :  D=0x0000000000000010
2185500: system.cpu: T0 : 0x1f4c2    : addi a0, a5, 1             : IntAlu :  D=0x0000000000000011
2186000: system.cpu: T0 : 0x1f4c6    : c_jr ra                    : IntAlu : 
2186500: system.cpu: T0 : 0x14e48    : slli a5, s5, 8             : IntAlu :  D=0x0000000000004400
2187000: system.cpu: T0 : 0x14e4c    : or a5, s2, a5              : IntAlu :  D=0x000000000000444c
2187500: system.cpu: T0 : 0x14e50    : slliw s2, a5, 16           : IntAlu :  D=0x00000000444c0000
2188000: system.cpu: T0 : 0x14e54    : c_mv s3, a0                : IntAlu :  D=0x0000000000000011
2189000: system.cpu: T0 : 0x14e56    : sraiw s2, s2, 16           : IntAlu :  D=0x000000000000444c
2190000: system.cpu: T0 : 0x14e5a    : addi s5, a0, -2            : IntAlu :  D=0x000000000000000f
2190500: system.cpu: T0 : 0x14e5e    : c_addi s4, 2               : IntAlu :  D=0x00000000000505d2
2191000: system.cpu: T0 : 0x14e60    : c_beqz s0, -50             : IntAlu : 
2191500: system.cpu: T0 : 0x14e2e    : c_ldsp ra, 56(sp)          : MemRead :  D=0x000000000002301e A=0x7ffffffffffffd28
2192000: system.cpu: T0 : 0x14e30    : c_mv a0, s0                : IntAlu :  D=0x0000000000000000
2192500: system.cpu: T0 : 0x14e32    : c_ldsp s0, 48(sp)          : MemRead :  D=0x000000000006ef80 A=0x7ffffffffffffd20
2193000: system.cpu: T0 : 0x14e34    : c_ldsp s1, 40(sp)          : MemRead :  D=0x000000000006fe60 A=0x7ffffffffffffd18
2193500: system.cpu: T0 : 0x14e36    : c_ldsp s2, 32(sp)          : MemRead :  D=0x0000000000072000 A=0x7ffffffffffffd10
2194000: system.cpu: T0 : 0x14e38    : c_ldsp s3, 24(sp)          : MemRead :  D=0x0000000000072000 A=0x7ffffffffffffd08
2194500: system.cpu: T0 : 0x14e3a    : c_ldsp s4, 16(sp)          : MemRead :  D=0x0000000000070000 A=0x7ffffffffffffd00
2195000: system.cpu: T0 : 0x14e3c    : c_ldsp s5, 8(sp)           : MemRead :  D=0x0000000000072000 A=0x7ffffffffffffcf8
2195500: system.cpu: T0 : 0x14e3e    : c_ldsp s6, 0(sp)           : MemRead :  D=0x0000000000072000 A=0x7ffffffffffffcf0
2196000: system.cpu: T0 : 0x14e40    : c_addi16sp sp, 64          : IntAlu :  D=0x7ffffffffffffd30
2196500: system.cpu: T0 : 0x14e42    : c_jr ra                    : IntAlu : 
2197500: system.cpu: T0 : 0x2301e    : lui a4, 114                : IntAlu :  D=0x0000000000072000
2198500: system.cpu: T0 : 0x23022    : sd a0, -288(a4)            : MemWrite :  D=0x0000000000000000 A=0x71ee0
2199500: system.cpu: T0 : 0x23026    : beq a0, zero, 550          : IntAlu : 
2200000: system.cpu: T0 : 0x2324c    : lui a5, 111                : IntAlu :  D=0x000000000006f000
2200500: system.cpu: T0 : 0x23250    : lw a5, -72(a5)             : MemRead :  D=0x0000000000000000 A=0x6efb8
2201000: system.cpu: T0 : 0x23254    : c_beqz a5, -140            : IntAlu : 
2201500: system.cpu: T0 : 0x231c8    : lui a3, 80                 : IntAlu :  D=0x0000000000050000
2202000: system.cpu: T0 : 0x231cc    : addi a3, a3, 768           : IntAlu :  D=0x0000000000050300
2202500: system.cpu: T0 : 0x231d0    : c_j -396                   : IntAlu : 
2203000: system.cpu: T0 : 0x23044    : sd a3, -288(a4)            : MemWrite :  D=0x0000000000050300 A=0x71ee0
2203500: system.cpu: T0 : 0x23048    : bne a5, zero, 344          : IntAlu : 
2204000: system.cpu: T0 : 0x2304c    : lui a0, 80                 : IntAlu :  D=0x0000000000050000
2204500: system.cpu: T0 : 0x23050    : addi a0, a0, 1512          : IntAlu :  D=0x00000000000505e8
2205000: system.cpu: T0 : 0x23054    : jal ra, -58004             : IntAlu :  D=0x0000000000023058
2205500: system.cpu: T0 : 0x14dc0    : c_addi16sp sp, -64         : IntAlu :  D=0x7ffffffffffffcf0
2206000: system.cpu: T0 : 0x14dc2    : c_sdsp s1, 40(sp)          : MemWrite :  D=0x000000000006fe60 A=0x7ffffffffffffd18
2206500: system.cpu: T0 : 0x14dc4    : ld s1, -1360(gp)           : MemRead :  D=0x7fffffffffffff48 A=0x70ae0
2207000: system.cpu: T0 : 0x14dc8    : c_sdsp ra, 56(sp)          : MemWrite :  D=0x0000000000023058 A=0x7ffffffffffffd28
2207500: system.cpu: T0 : 0x14dca    : c_sdsp s0, 48(sp)          : MemWrite :  D=0x000000000006ef80 A=0x7ffffffffffffd20
2208000: system.cpu: T0 : 0x14dcc    : c_sdsp s2, 32(sp)          : MemWrite :  D=0x0000000000072000 A=0x7ffffffffffffd10
2208500: system.cpu: T0 : 0x14dce    : c_sdsp s3, 24(sp)          : MemWrite :  D=0x0000000000072000 A=0x7ffffffffffffd08
2209000: system.cpu: T0 : 0x14dd0    : c_sdsp s4, 16(sp)          : MemWrite :  D=0x0000000000070000 A=0x7ffffffffffffd00
2209500: system.cpu: T0 : 0x14dd2    : c_sdsp s5, 8(sp)           : MemWrite :  D=0x0000000000072000 A=0x7ffffffffffffcf8
2210000: system.cpu: T0 : 0x14dd4    : c_sdsp s6, 0(sp)           : MemWrite :  D=0x0000000000072000 A=0x7ffffffffffffcf0
2210500: system.cpu: T0 : 0x14dd6    : c_beqz s1, 210             : IntAlu : 
2211000: system.cpu: T0 : 0x14dd8    : lbu a5, 0(a0)              : MemRead :  D=0x000000000000004c A=0x505e8
2211500: system.cpu: T0 : 0x14ddc    : c_mv s4, a0                : IntAlu :  D=0x00000000000505e8
2212000: system.cpu: T0 : 0x14dde    : c_beqz a5, 202             : IntAlu : 
2212500: system.cpu: T0 : 0x14de0    : lbu s5, 1(a0)              : MemRead :  D=0x0000000000000044 A=0x505e9
2213000: system.cpu: T0 : 0x14de4    : slliw s2, a5, 16           : IntAlu :  D=0x00000000004c0000
2213500: system.cpu: T0 : 0x14de8    : c_ld s0, 0(s1)             : MemRead :  D=0x0000000000000000 A=0x7fffffffffffff48
2214500: system.cpu: T0 : 0x14dea    : sraiw s2, s2, 16           : IntAlu :  D=0x000000000000004c
2215500: system.cpu: T0 : 0x14dee    : bne s5, zero, 86           : IntAlu : 
2216000: system.cpu: T0 : 0x14e44    : jal ra, 42500              : IntAlu :  D=0x0000000000014e48
2216500: system.cpu: T0 : 0x1f448    : andi a5, a0, 7             : IntAlu :  D=0x0000000000000000
2217000: system.cpu: T0 : 0x1f44c    : c_beqz a5, 26              : IntAlu : 
2217500: system.cpu: T0 : 0x1f466    : c_mv a5, a0                : IntAlu :  D=0x00000000000505e8
2218000: system.cpu: T0 : 0x1f468    : ld a6, -2024(gp)           : MemRead :  D=0xfefefefefefefeff A=0x70848
2218500: system.cpu: T0 : 0x1f46c    : ld a1, -2016(gp)           : MemRead :  D=0x8080808080808080 A=0x70850
2219000: system.cpu: T0 : 0x1f470    : c_ld a2, 0(a5)             : MemRead :  D=0x4d555353415f444c A=0x505e8
2220000: system.cpu: T0 : 0x1f472    : addi a3, a5, 8             : IntAlu :  D=0x00000000000505f0
2221000: system.cpu: T0 : 0x1f476    : add a4, a2, a6             : IntAlu :  D=0x4c545252405e434b
2222000: system.cpu: T0 : 0x1f47a    : xori a2, a2, 18446744073709551615 : IntAlu :  D=0xb2aaacacbea0bbb3
2222500: system.cpu: T0 : 0x1f47e    : c_and a4, a2               : IntAlu :  D=0x0000000000000303
2223000: system.cpu: T0 : 0x1f480    : c_and a4, a1               : IntAlu :  D=0x0000000000000000
2223500: system.cpu: T0 : 0x1f482    : c_beqz a4, 50              : IntAlu : 
2224000: system.cpu: T0 : 0x1f4b4    : c_mv a5, a3                : IntAlu :  D=0x00000000000505f0
2224500: system.cpu: T0 : 0x1f4b6    : c_j -70                    : IntAlu : 
2225000: system.cpu: T0 : 0x1f470    : c_ld a2, 0(a5)             : MemRead :  D=0x4c454e52454b5f45 A=0x505f0
2226000: system.cpu: T0 : 0x1f472    : addi a3, a5, 8             : IntAlu :  D=0x00000000000505f8
2227000: system.cpu: T0 : 0x1f476    : add a4, a2, a6             : IntAlu :  D=0x4b444d51444a5e44
2228000: system.cpu: T0 : 0x1f47a    : xori a2, a2, 18446744073709551615 : IntAlu :  D=0xb3bab1adbab4a0ba
2228500: system.cpu: T0 : 0x1f47e    : c_and a4, a2               : IntAlu :  D=0x0300010100000000
2229000: system.cpu: T0 : 0x1f480    : c_and a4, a1               : IntAlu :  D=0x0000000000000000
2229500: system.cpu: T0 : 0x1f482    : c_beqz a4, 50              : IntAlu : 
2230000: system.cpu: T0 : 0x1f4b4    : c_mv a5, a3                : IntAlu :  D=0x00000000000505f8
2230500: system.cpu: T0 : 0x1f4b6    : c_j -70                    : IntAlu : 
2231000: system.cpu: T0 : 0x1f470    : c_ld a2, 0(a5)             : MemRead :  D=0x0000000000000000 A=0x505f8
2232000: system.cpu: T0 : 0x1f472    : addi a3, a5, 8             : IntAlu :  D=0x0000000000050600
2233000: system.cpu: T0 : 0x1f476    : add a4, a2, a6             : IntAlu :  D=0xfefefefefefefeff
2234000: system.cpu: T0 : 0x1f47a    : xori a2, a2, 18446744073709551615 : IntAlu :  D=0xffffffffffffffff
2234500: system.cpu: T0 : 0x1f47e    : c_and a4, a2               : IntAlu :  D=0xfefefefefefefeff
2235000: system.cpu: T0 : 0x1f480    : c_and a4, a1               : IntAlu :  D=0x8080808080808080
2235500: system.cpu: T0 : 0x1f482    : c_beqz a4, 50              : IntAlu : 
2236000: system.cpu: T0 : 0x1f484    : lbu a4, -8(a3)             : MemRead :  D=0x0000000000000000 A=0x505f8
2236500: system.cpu: T0 : 0x1f488    : c_beqz a4, -40             : IntAlu : 
2237000: system.cpu: T0 : 0x1f460    : sub a0, a5, a0             : IntAlu :  D=0x0000000000000010
2237500: system.cpu: T0 : 0x1f464    : c_jr ra                    : IntAlu : 
2238000: system.cpu: T0 : 0x14e48    : slli a5, s5, 8             : IntAlu :  D=0x0000000000004400
2238500: system.cpu: T0 : 0x14e4c    : or a5, s2, a5              : IntAlu :  D=0x000000000000444c
2239000: system.cpu: T0 : 0x14e50    : slliw s2, a5, 16           : IntAlu :  D=0x00000000444c0000
2239500: system.cpu: T0 : 0x14e54    : c_mv s3, a0                : IntAlu :  D=0x0000000000000010
2240500: system.cpu: T0 : 0x14e56    : sraiw s2, s2, 16           : IntAlu :  D=0x000000000000444c
2241500: system.cpu: T0 : 0x14e5a    : addi s5, a0, -2            : IntAlu :  D=0x000000000000000e
2242000: system.cpu: T0 : 0x14e5e    : c_addi s4, 2               : IntAlu :  D=0x00000000000505ea
2242500: system.cpu: T0 : 0x14e60    : c_beqz s0, -50             : IntAlu : 
2243000: system.cpu: T0 : 0x14e2e    : c_ldsp ra, 56(sp)          : MemRead :  D=0x0000000000023058 A=0x7ffffffffffffd28
2243500: system.cpu: T0 : 0x14e30    : c_mv a0, s0                : IntAlu :  D=0x0000000000000000
2244000: system.cpu: T0 : 0x14e32    : c_ldsp s0, 48(sp)          : MemRead :  D=0x000000000006ef80 A=0x7ffffffffffffd20
2244500: system.cpu: T0 : 0x14e34    : c_ldsp s1, 40(sp)          : MemRead :  D=0x000000000006fe60 A=0x7ffffffffffffd18
2245000: system.cpu: T0 : 0x14e36    : c_ldsp s2, 32(sp)          : MemRead :  D=0x0000000000072000 A=0x7ffffffffffffd10
2245500: system.cpu: T0 : 0x14e38    : c_ldsp s3, 24(sp)          : MemRead :  D=0x0000000000072000 A=0x7ffffffffffffd08
2246000: system.cpu: T0 : 0x14e3a    : c_ldsp s4, 16(sp)          : MemRead :  D=0x0000000000070000 A=0x7ffffffffffffd00
2246500: system.cpu: T0 : 0x14e3c    : c_ldsp s5, 8(sp)           : MemRead :  D=0x0000000000072000 A=0x7ffffffffffffcf8
2247000: system.cpu: T0 : 0x14e3e    : c_ldsp s6, 0(sp)           : MemRead :  D=0x0000000000072000 A=0x7ffffffffffffcf0
2247500: system.cpu: T0 : 0x14e40    : c_addi16sp sp, 64          : IntAlu :  D=0x7ffffffffffffd30
2248000: system.cpu: T0 : 0x14e42    : c_jr ra                    : IntAlu : 
2248500: system.cpu: T0 : 0x23058    : c_mv s0, a0                : IntAlu :  D=0x0000000000000000
2249000: system.cpu: T0 : 0x2305a    : c_beqz a0, 76              : IntAlu : 
2250000: system.cpu: T0 : 0x230a6    : lui a5, 114                : IntAlu :  D=0x0000000000072000
2251000: system.cpu: T0 : 0x230aa    : ld a0, -232(a5)            : MemRead :  D=0x0000000000000000 A=0x71f18
2251500: system.cpu: T0 : 0x230ae    : c_beqz a0, 14              : IntAlu : 
2252000: system.cpu: T0 : 0x230bc    : ld a5, -200(s2)            : MemRead :  D=0x0000000000010040 A=0x71f38
2252500: system.cpu: T0 : 0x230c0    : ld t3, 1120(s1)            : MemRead :  D=0x0000000000000000 A=0x702c0
2253000: system.cpu: T0 : 0x230c4    : c_beqz a5, 110             : IntAlu : 
2254000: system.cpu: T0 : 0x230c6    : ld a4, -144(s3)            : MemRead :  D=0x0000000000000006 A=0x71f70
2255000: system.cpu: T0 : 0x230ca    : slli a3, a4, 3             : IntAlu :  D=0x0000000000000030
2255500: system.cpu: T0 : 0x230ce    : c_sub a3, a4               : IntAlu :  D=0x000000000000002a
2256000: system.cpu: T0 : 0x230d0    : c_slli a3, 3               : IntAlu :  D=0x0000000000000150
2256500: system.cpu: T0 : 0x230d2    : c_add a3, a5               : IntAlu :  D=0x0000000000010190
2257000: system.cpu: T0 : 0x230d4    : bgeu a5, a3, 94            : IntAlu : 
2257500: system.cpu: T0 : 0x230d8    : lui a2, 411470             : IntAlu :  D=0x000000006474e000
2258000: system.cpu: T0 : 0x230dc    : addi a1, a2, 1361          : IntAlu :  D=0x000000006474e551
2258500: system.cpu: T0 : 0x230e0    : ld t4, 1112(s1)            : MemRead :  D=0x0000000000000000 A=0x702b8
2259000: system.cpu: T0 : 0x230e4    : lw t1, -1800(gp)           : MemRead :  D=0x0000000000000006 A=0x70928
2259500: system.cpu: T0 : 0x230e8    : c_mv a6, t3                : IntAlu :  D=0x0000000000000000
2260000: system.cpu: T0 : 0x230ea    : c_li a7, 0                 : IntAlu :  D=0x0000000000000000
2260500: system.cpu: T0 : 0x230ec    : c_li a0, 0                 : IntAlu :  D=0x0000000000000000
2261500: system.cpu: T0 : 0x230ee    : addi a2, a2, 1362          : IntAlu :  D=0x000000006474e552
2262000: system.cpu: T0 : 0x230f2    : c_j 24                     : IntAlu : 
2262500: system.cpu: T0 : 0x2310a    : c_lw a4, 0(a5)             : MemRead :  D=0x0000000000000001 A=0x10040
2263000: system.cpu: T0 : 0x2310c    : bne a4, a1, -24            : IntAlu : 
2263500: system.cpu: T0 : 0x230f4    : bne a4, a2, 14             : IntAlu : 
2264500: system.cpu: T0 : 0x23102    : addi a5, a5, 56            : IntAlu :  D=0x0000000000010078
2265500: system.cpu: T0 : 0x23106    : bgeu a5, a3, 24            : IntAlu : 
2266000: system.cpu: T0 : 0x2310a    : c_lw a4, 0(a5)             : MemRead :  D=0x0000000000000001 A=0x10078
2266500: system.cpu: T0 : 0x2310c    : bne a4, a1, -24            : IntAlu : 
2267000: system.cpu: T0 : 0x230f4    : bne a4, a2, 14             : IntAlu : 
2268000: system.cpu: T0 : 0x23102    : addi a5, a5, 56            : IntAlu :  D=0x00000000000100b0
2269000: system.cpu: T0 : 0x23106    : bgeu a5, a3, 24            : IntAlu : 
2269500: system.cpu: T0 : 0x2310a    : c_lw a4, 0(a5)             : MemRead :  D=0x0000000000000004 A=0x100b0
2270000: system.cpu: T0 : 0x2310c    : bne a4, a1, -24            : IntAlu : 
2270500: system.cpu: T0 : 0x230f4    : bne a4, a2, 14             : IntAlu : 
2271500: system.cpu: T0 : 0x23102    : addi a5, a5, 56            : IntAlu :  D=0x00000000000100e8
2272500: system.cpu: T0 : 0x23106    : bgeu a5, a3, 24            : IntAlu : 
2273000: system.cpu: T0 : 0x2310a    : c_lw a4, 0(a5)             : MemRead :  D=0x0000000000000007 A=0x100e8
2273500: system.cpu: T0 : 0x2310c    : bne a4, a1, -24            : IntAlu : 
2274000: system.cpu: T0 : 0x230f4    : bne a4, a2, 14             : IntAlu : 
2275000: system.cpu: T0 : 0x23102    : addi a5, a5, 56            : IntAlu :  D=0x0000000000010120
2276000: system.cpu: T0 : 0x23106    : bgeu a5, a3, 24            : IntAlu : 
2276500: system.cpu: T0 : 0x2310a    : c_lw a4, 0(a5)             : MemRead :  D=0x000000006474e551 A=0x10120
2277000: system.cpu: T0 : 0x2310c    : bne a4, a1, -24            : IntAlu : 
2277500: system.cpu: T0 : 0x23110    : lw t1, 4(a5)               : MemRead :  D=0x0000000000000006 A=0x10124
2278000: system.cpu: T0 : 0x23114    : addi a5, a5, 56            : IntAlu :  D=0x0000000000010158
2278500: system.cpu: T0 : 0x23118    : c_li a0, 1                 : IntAlu :  D=0x0000000000000001
2279500: system.cpu: T0 : 0x2311a    : bltu a5, a3, -16           : IntAlu : 
2280000: system.cpu: T0 : 0x2310a    : c_lw a4, 0(a5)             : MemRead :  D=0x000000006474e552 A=0x10158
2280500: system.cpu: T0 : 0x2310c    : bne a4, a1, -24            : IntAlu : 
2281000: system.cpu: T0 : 0x230f4    : bne a4, a2, 14             : IntAlu : 
2281500: system.cpu: T0 : 0x230f8    : ld t4, 16(a5)              : MemRead :  D=0x000000000006ead0 A=0x10168
2282000: system.cpu: T0 : 0x230fc    : ld a6, 40(a5)              : MemRead :  D=0x0000000000000530 A=0x10180
2282500: system.cpu: T0 : 0x23100    : c_li a7, 1                 : IntAlu :  D=0x0000000000000001
2283500: system.cpu: T0 : 0x23102    : addi a5, a5, 56            : IntAlu :  D=0x0000000000010190
2284500: system.cpu: T0 : 0x23106    : bgeu a5, a3, 24            : IntAlu : 
2285000: system.cpu: T0 : 0x2311e    : c_beqz a0, 6               : IntAlu : 
2285500: system.cpu: T0 : 0x23120    : sw t1, -1800(gp)           : MemWrite :  D=0x0000000000000006 A=0x70928
2286000: system.cpu: T0 : 0x23124    : beq a7, zero, 14           : IntAlu : 
2286500: system.cpu: T0 : 0x23128    : sd t4, 1112(s1)            : MemWrite :  D=0x000000000006ead0 A=0x702b8
2287000: system.cpu: T0 : 0x2312c    : sd a6, 1120(s1)            : MemWrite :  D=0x0000000000000530 A=0x702c0
2287500: system.cpu: T0 : 0x23130    : c_mv t3, a6                : IntAlu :  D=0x0000000000000530
2288500: system.cpu: T0 : 0x23132    : bne t3, zero, 272          : IntAlu : 
2289500: system.cpu: T0 : 0x23242    : addi a0, s4, -416          : IntAlu :  D=0x000000000006fe60
2290500: system.cpu: T0 : 0x23246    : jal ra, 106388             : IntAlu :  D=0x000000000002324a
2291000: system.cpu: T0 : 0x3d1da    : c_addi sp, -16             : IntAlu :  D=0x7ffffffffffffd20
2291500: system.cpu: T0 : 0x3d1dc    : c_ld a5, 0(a0)             : MemRead :  D=0x0000000000000000 A=0x6fe60
2292000: system.cpu: T0 : 0x3d1de    : c_sdsp s0, 0(sp)           : MemWrite :  D=0x0000000000000000 A=0x7ffffffffffffd20
2292500: system.cpu: T0 : 0x3d1e0    : c_mv s0, a0                : IntAlu :  D=0x000000000006fe60
2293500: system.cpu: T0 : 0x3d1e2    : ld a0, 1112(a0)            : MemRead :  D=0x000000000006ead0 A=0x702b8
2294500: system.cpu: T0 : 0x3d1e6    : ld a4, -1784(gp)           : MemRead :  D=0x0000000000001000 A=0x70938
2295500: system.cpu: T0 : 0x3d1ea    : ld a1, 1120(s0)            : MemRead :  D=0x0000000000000530 A=0x702c0
2296000: system.cpu: T0 : 0x3d1ee    : c_add a5, a0               : IntAlu :  D=0x000000000006ead0
2296500: system.cpu: T0 : 0x3d1f0    : sub a4, zero, a4           : IntAlu :  D=0xfffffffffffff000
2297000: system.cpu: T0 : 0x3d1f4    : c_add a1, a5               : IntAlu :  D=0x000000000006f000
2297500: system.cpu: T0 : 0x3d1f6    : c_sdsp ra, 8(sp)           : MemWrite :  D=0x000000000002324a A=0x7ffffffffffffd28
2298000: system.cpu: T0 : 0x3d1f8    : and a0, a5, a4             : IntAlu :  D=0x000000000006e000
2298500: system.cpu: T0 : 0x3d1fc    : c_and a1, a4               : IntAlu :  D=0x000000000006f000
2299500: system.cpu: T0 : 0x3d1fe    : bne a0, a1, 12             : IntAlu : 
2300000: system.cpu: T0 : 0x3d20a    : c_li a2, 1                 : IntAlu :  D=0x0000000000000001
2300500: system.cpu: T0 : 0x3d20c    : c_sub a1, a0               : IntAlu :  D=0x0000000000001000
2301500: system.cpu: T0 : 0x3d20e    : jal ra, -113354            : IntAlu :  D=0x000000000003d212
2302000: system.cpu: T0 : 0x21744    : addi a7, zero, 226         : IntAlu :  D=0x00000000000000e2
2302500: system.cpu: T0 : 0x21748    : ecall                      : No_OpClass : 
2303000: system.cpu: T0 : 0x2174c    : c_lui a7, 1048575          : IntAlu :  D=0xfffffffffffff000
2304000: system.cpu: T0 : 0x2174e    : bltu a7, a0, 6             : IntAlu : 
2304500: system.cpu: T0 : 0x21752    : c_jr ra                    : IntAlu : 
2305500: system.cpu: T0 : 0x3d212    : bge a0, zero, -16          : IntAlu : 
2306000: system.cpu: T0 : 0x3d202    : c_ldsp ra, 8(sp)           : MemRead :  D=0x000000000002324a A=0x7ffffffffffffd28
2306500: system.cpu: T0 : 0x3d204    : c_ldsp s0, 0(sp)           : MemRead :  D=0x0000000000000000 A=0x7ffffffffffffd20
2307000: system.cpu: T0 : 0x3d206    : c_addi sp, 16              : IntAlu :  D=0x7ffffffffffffd30
2307500: system.cpu: T0 : 0x3d208    : c_jr ra                    : IntAlu : 
2308000: system.cpu: T0 : 0x2324a    : c_j -276                   : IntAlu : 
2308500: system.cpu: T0 : 0x23136    : c_ldsp ra, 152(sp)         : MemRead :  D=0x00000000000234c8 A=0x7ffffffffffffdc8
2309000: system.cpu: T0 : 0x23138    : c_ldsp s0, 144(sp)         : MemRead :  D=0x0000000000000001 A=0x7ffffffffffffdc0
2309500: system.cpu: T0 : 0x2313a    : c_ldsp s1, 136(sp)         : MemRead :  D=0x7fffffffffffff38 A=0x7ffffffffffffdb8
2310000: system.cpu: T0 : 0x2313c    : c_ldsp s2, 128(sp)         : MemRead :  D=0x7fffffffffffff48 A=0x7ffffffffffffdb0
2310500: system.cpu: T0 : 0x2313e    : c_ldsp s3, 120(sp)         : MemRead :  D=0x0000000000000000 A=0x7ffffffffffffda8
2311000: system.cpu: T0 : 0x23140    : c_ldsp s4, 112(sp)         : MemRead :  D=0x0000000000000000 A=0x7ffffffffffffda0
2311500: system.cpu: T0 : 0x23142    : c_ldsp s5, 104(sp)         : MemRead :  D=0x0000000000000000 A=0x7ffffffffffffd98
2312000: system.cpu: T0 : 0x23144    : c_ldsp s6, 96(sp)          : MemRead :  D=0x0000000000000000 A=0x7ffffffffffffd90
2312500: system.cpu: T0 : 0x23146    : c_ldsp s7, 88(sp)          : MemRead :  D=0x0000000000000000 A=0x7ffffffffffffd88
2313000: system.cpu: T0 : 0x23148    : c_ldsp s8, 80(sp)          : MemRead :  D=0x0000000000000000 A=0x7ffffffffffffd80
2313500: system.cpu: T0 : 0x2314a    : c_ldsp s9, 72(sp)          : MemRead :  D=0x0000000000000000 A=0x7ffffffffffffd78
2314000: system.cpu: T0 : 0x2314c    : c_ldsp s10, 64(sp)         : MemRead :  D=0x0000000000000000 A=0x7ffffffffffffd70
2314500: system.cpu: T0 : 0x2314e    : c_addi16sp sp, 160         : IntAlu :  D=0x7ffffffffffffdd0
2315000: system.cpu: T0 : 0x23150    : c_jr ra                    : IntAlu : 
2315500: system.cpu: T0 : 0x234c8    : c_mv a2, s2                : IntAlu :  D=0x7fffffffffffff48
2316000: system.cpu: T0 : 0x234ca    : c_mv a1, s1                : IntAlu :  D=0x7fffffffffffff38
2316500: system.cpu: T0 : 0x234cc    : c_mv a0, s0                : IntAlu :  D=0x0000000000000001
2317500: system.cpu: T0 : 0x234ce    : jal ra, -4344              : IntAlu :  D=0x00000000000234d2
2318000: system.cpu: T0 : 0x223d6    : c_beqz a1, 50              : IntAlu : 
2318500: system.cpu: T0 : 0x223d8    : c_addi sp, -32             : IntAlu :  D=0x7ffffffffffffdb0
2319000: system.cpu: T0 : 0x223da    : c_sdsp s1, 8(sp)           : MemWrite :  D=0x7fffffffffffff38 A=0x7ffffffffffffdb8
2319500: system.cpu: T0 : 0x223dc    : c_ld s1, 0(a1)             : MemRead :  D=0x7fffffffffffffd9 A=0x7fffffffffffff38
2320000: system.cpu: T0 : 0x223de    : c_sdsp s0, 16(sp)          : MemWrite :  D=0x0000000000000001 A=0x7ffffffffffffdc0
2320500: system.cpu: T0 : 0x223e0    : c_sdsp ra, 24(sp)          : MemWrite :  D=0x00000000000234d2 A=0x7ffffffffffffdc8
2321000: system.cpu: T0 : 0x223e2    : c_mv s0, a1                : IntAlu :  D=0x7fffffffffffff38
2321500: system.cpu: T0 : 0x223e4    : c_beqz s1, 26              : IntAlu : 
2322500: system.cpu: T0 : 0x223e6    : addi a1, zero, 47          : IntAlu :  D=0x000000000000002f
2323000: system.cpu: T0 : 0x223ea    : c_mv a0, s1                : IntAlu :  D=0x7fffffffffffffd9
2323500: system.cpu: T0 : 0x223ec    : jal ra, 90482              : IntAlu :  D=0x00000000000223f0
2324000: system.cpu: T0 : 0x3855e    : c_addi sp, -32             : IntAlu :  D=0x7ffffffffffffd90
2324500: system.cpu: T0 : 0x38560    : c_sdsp s0, 16(sp)          : MemWrite :  D=0x7fffffffffffff38 A=0x7ffffffffffffda0
2325000: system.cpu: T0 : 0x38562    : c_sdsp s1, 8(sp)           : MemWrite :  D=0x7fffffffffffffd9 A=0x7ffffffffffffd98
2325500: system.cpu: T0 : 0x38564    : c_sdsp s2, 0(sp)           : MemWrite :  D=0x7fffffffffffff48 A=0x7ffffffffffffd90
2326000: system.cpu: T0 : 0x38566    : c_sdsp ra, 24(sp)          : MemWrite :  D=0x00000000000223f0 A=0x7ffffffffffffda8
2326500: system.cpu: T0 : 0x38568    : andi s1, a1, 255           : IntAlu :  D=0x000000000000002f
2327000: system.cpu: T0 : 0x3856c    : c_mv s0, a0                : IntAlu :  D=0x7fffffffffffffd9
2327500: system.cpu: T0 : 0x3856e    : c_li s2, 0                 : IntAlu :  D=0x0000000000000000
2328000: system.cpu: T0 : 0x38570    : c_bnez s1, 10              : IntAlu : 
2328500: system.cpu: T0 : 0x3857a    : c_mv a0, s0                : IntAlu :  D=0x7fffffffffffffd9
2329000: system.cpu: T0 : 0x3857c    : c_mv a1, s1                : IntAlu :  D=0x000000000000002f
2330000: system.cpu: T0 : 0x3857e    : jal ra, -103340            : IntAlu :  D=0x0000000000038582
2331000: system.cpu: T0 : 0x1f1d2    : andi a5, a0, 7             : IntAlu :  D=0x0000000000000001
2332000: system.cpu: T0 : 0x1f1d6    : andi a4, a1, 255           : IntAlu :  D=0x000000000000002f
2332500: system.cpu: T0 : 0x1f1da    : c_bnez a5, 14              : IntAlu : 
2333000: system.cpu: T0 : 0x1f1e8    : lbu a5, 0(a0)              : MemRead :  D=0x000000000000002e A=0x7fffffffffffffd9
2333500: system.cpu: T0 : 0x1f1ec    : bne a5, a4, -14            : IntAlu : 
2334000: system.cpu: T0 : 0x1f1de    : c_addi a0, 1               : IntAlu :  D=0x7fffffffffffffda
2334500: system.cpu: T0 : 0x1f1e0    : andi a3, a0, 7             : IntAlu :  D=0x0000000000000002
2335000: system.cpu: T0 : 0x1f1e4    : c_beqz a5, 168             : IntAlu : 
2335500: system.cpu: T0 : 0x1f1e6    : c_beqz a3, 12              : IntAlu : 
2336000: system.cpu: T0 : 0x1f1e8    : lbu a5, 0(a0)              : MemRead :  D=0x000000000000002e A=0x7fffffffffffffda
2336500: system.cpu: T0 : 0x1f1ec    : bne a5, a4, -14            : IntAlu : 
2337000: system.cpu: T0 : 0x1f1de    : c_addi a0, 1               : IntAlu :  D=0x7fffffffffffffdb
2337500: system.cpu: T0 : 0x1f1e0    : andi a3, a0, 7             : IntAlu :  D=0x0000000000000003
2338000: system.cpu: T0 : 0x1f1e4    : c_beqz a5, 168             : IntAlu : 
2338500: system.cpu: T0 : 0x1f1e6    : c_beqz a3, 12              : IntAlu : 
2339000: system.cpu: T0 : 0x1f1e8    : lbu a5, 0(a0)              : MemRead :  D=0x000000000000002f A=0x7fffffffffffffdb
2339500: system.cpu: T0 : 0x1f1ec    : bne a5, a4, -14            : IntAlu : 
2340000: system.cpu: T0 : 0x1f1f0    : c_jr ra                    : IntAlu : 
2340500: system.cpu: T0 : 0x38582    : c_bnez a0, -14             : IntAlu : 
2341000: system.cpu: T0 : 0x38574    : addi s0, a0, 1             : IntAlu :  D=0x7fffffffffffffdc
2341500: system.cpu: T0 : 0x38578    : c_mv s2, a0                : IntAlu :  D=0x7fffffffffffffdb
2342000: system.cpu: T0 : 0x3857a    : c_mv a0, s0                : IntAlu :  D=0x7fffffffffffffdc
2342500: system.cpu: T0 : 0x3857c    : c_mv a1, s1                : IntAlu :  D=0x000000000000002f
2343500: system.cpu: T0 : 0x3857e    : jal ra, -103340            : IntAlu :  D=0x0000000000038582
2344500: system.cpu: T0 : 0x1f1d2    : andi a5, a0, 7             : IntAlu :  D=0x0000000000000004
2345500: system.cpu: T0 : 0x1f1d6    : andi a4, a1, 255           : IntAlu :  D=0x000000000000002f
2346000: system.cpu: T0 : 0x1f1da    : c_bnez a5, 14              : IntAlu : 
2346500: system.cpu: T0 : 0x1f1e8    : lbu a5, 0(a0)              : MemRead :  D=0x0000000000000044 A=0x7fffffffffffffdc
2347000: system.cpu: T0 : 0x1f1ec    : bne a5, a4, -14            : IntAlu : 
2347500: system.cpu: T0 : 0x1f1de    : c_addi a0, 1               : IntAlu :  D=0x7fffffffffffffdd
2348000: system.cpu: T0 : 0x1f1e0    : andi a3, a0, 7             : IntAlu :  D=0x0000000000000005
2348500: system.cpu: T0 : 0x1f1e4    : c_beqz a5, 168             : IntAlu : 
2349000: system.cpu: T0 : 0x1f1e6    : c_beqz a3, 12              : IntAlu : 
2349500: system.cpu: T0 : 0x1f1e8    : lbu a5, 0(a0)              : MemRead :  D=0x000000000000006f A=0x7fffffffffffffdd
2350000: system.cpu: T0 : 0x1f1ec    : bne a5, a4, -14            : IntAlu : 
2350500: system.cpu: T0 : 0x1f1de    : c_addi a0, 1               : IntAlu :  D=0x7fffffffffffffde
2351000: system.cpu: T0 : 0x1f1e0    : andi a3, a0, 7             : IntAlu :  D=0x0000000000000006
2351500: system.cpu: T0 : 0x1f1e4    : c_beqz a5, 168             : IntAlu : 
2352000: system.cpu: T0 : 0x1f1e6    : c_beqz a3, 12              : IntAlu : 
2352500: system.cpu: T0 : 0x1f1e8    : lbu a5, 0(a0)              : MemRead :  D=0x0000000000000077 A=0x7fffffffffffffde
2353000: system.cpu: T0 : 0x1f1ec    : bne a5, a4, -14            : IntAlu : 
2353500: system.cpu: T0 : 0x1f1de    : c_addi a0, 1               : IntAlu :  D=0x7fffffffffffffdf
2354000: system.cpu: T0 : 0x1f1e0    : andi a3, a0, 7             : IntAlu :  D=0x0000000000000007
2354500: system.cpu: T0 : 0x1f1e4    : c_beqz a5, 168             : IntAlu : 
2355000: system.cpu: T0 : 0x1f1e6    : c_beqz a3, 12              : IntAlu : 
2355500: system.cpu: T0 : 0x1f1e8    : lbu a5, 0(a0)              : MemRead :  D=0x000000000000006e A=0x7fffffffffffffdf
2356000: system.cpu: T0 : 0x1f1ec    : bne a5, a4, -14            : IntAlu : 
2356500: system.cpu: T0 : 0x1f1de    : c_addi a0, 1               : IntAlu :  D=0x7fffffffffffffe0
2357000: system.cpu: T0 : 0x1f1e0    : andi a3, a0, 7             : IntAlu :  D=0x0000000000000000
2357500: system.cpu: T0 : 0x1f1e4    : c_beqz a5, 168             : IntAlu : 
2358000: system.cpu: T0 : 0x1f1e6    : c_beqz a3, 12              : IntAlu : 
2358500: system.cpu: T0 : 0x1f1f2    : c_lui a3, 16               : IntAlu :  D=0x0000000000010000
2359000: system.cpu: T0 : 0x1f1f4    : slliw a5, a1, 8            : IntAlu :  D=0x0000000000002f00
2359500: system.cpu: T0 : 0x1f1f8    : c_addi a3, -1              : IntAlu :  D=0x000000000000ffff
2360000: system.cpu: T0 : 0x1f1fa    : c_and a5, a3               : IntAlu :  D=0x0000000000002f00
2360500: system.cpu: T0 : 0x1f1fc    : andi a1, a1, 255           : IntAlu :  D=0x000000000000002f
2361000: system.cpu: T0 : 0x1f200    : c_or a1, a5                : IntAlu :  D=0x0000000000002f2f
2361500: system.cpu: T0 : 0x1f202    : c_addiw a1, 0              : IntAlu :  D=0x0000000000002f2f
2362000: system.cpu: T0 : 0x1f204    : slli t1, a1, 16            : IntAlu :  D=0x000000002f2f0000
2362500: system.cpu: T0 : 0x1f208    : or a1, t1, a1              : IntAlu :  D=0x000000002f2f2f2f
2363000: system.cpu: T0 : 0x1f20c    : ld a6, -2032(gp)           : MemRead :  D=0x7efefefefefefeff A=0x70840
2363500: system.cpu: T0 : 0x1f210    : slli t1, a1, 32            : IntAlu :  D=0x2f2f2f2f00000000
2364000: system.cpu: T0 : 0x1f214    : or t1, t1, a1              : IntAlu :  D=0x2f2f2f2f2f2f2f2f
2364500: system.cpu: T0 : 0x1f218    : c_li t3, -1                : IntAlu :  D=0xffffffffffffffff
2365000: system.cpu: T0 : 0x1f21a    : c_ld a1, 0(a0)             : MemRead :  D=0x666a2f7364616f6c A=0x7fffffffffffffe0
2365500: system.cpu: T0 : 0x1f21c    : addi a5, a0, 8             : IntAlu :  D=0x7fffffffffffffe8
2366000: system.cpu: T0 : 0x1f220    : xor a7, t1, a1             : IntAlu :  D=0x4945005c4b4e4043
2366500: system.cpu: T0 : 0x1f224    : add a3, a1, a6             : IntAlu :  D=0xe5692e7263606e6b
2367000: system.cpu: T0 : 0x1f228    : add a2, a7, a6             : IntAlu :  D=0xc843ff5b4a4d3f42
2367500: system.cpu: T0 : 0x1f22c    : c_xor a3, a1               : IntAlu :  D=0x8303010107010107
2368500: system.cpu: T0 : 0x1f22e    : xor a2, a2, a7             : IntAlu :  D=0x8106ff0701037f01
2369000: system.cpu: T0 : 0x1f232    : c_and a3, a2               : IntAlu :  D=0x8102010101010101
2369500: system.cpu: T0 : 0x1f234    : or a3, a3, a6              : IntAlu :  D=0xfffeffffffffffff
2370000: system.cpu: T0 : 0x1f238    : beq a3, t3, 88             : IntAlu : 
2370500: system.cpu: T0 : 0x1f23c    : lbu a3, -8(a5)             : MemRead :  D=0x000000000000006c A=0x7fffffffffffffe0
2371000: system.cpu: T0 : 0x1f240    : beq a3, a4, -80            : IntAlu : 
2371500: system.cpu: T0 : 0x1f244    : c_beqz a3, 72              : IntAlu : 
2372500: system.cpu: T0 : 0x1f246    : lbu a3, -7(a5)             : MemRead :  D=0x000000000000006f A=0x7fffffffffffffe1
2373500: system.cpu: T0 : 0x1f24a    : beq a3, a4, 74             : IntAlu : 
2374000: system.cpu: T0 : 0x1f24e    : c_beqz a3, 62              : IntAlu : 
2374500: system.cpu: T0 : 0x1f250    : lbu a3, -6(a5)             : MemRead :  D=0x0000000000000061 A=0x7fffffffffffffe2
2375000: system.cpu: T0 : 0x1f254    : beq a3, a4, 68             : IntAlu : 
2375500: system.cpu: T0 : 0x1f258    : c_beqz a3, 52              : IntAlu : 
2376500: system.cpu: T0 : 0x1f25a    : lbu a3, -5(a5)             : MemRead :  D=0x0000000000000064 A=0x7fffffffffffffe3
2377500: system.cpu: T0 : 0x1f25e    : beq a3, a4, 62             : IntAlu : 
2378000: system.cpu: T0 : 0x1f262    : c_beqz a3, 42              : IntAlu : 
2378500: system.cpu: T0 : 0x1f264    : lbu a3, -4(a5)             : MemRead :  D=0x0000000000000073 A=0x7fffffffffffffe4
2379000: system.cpu: T0 : 0x1f268    : beq a3, a4, 56             : IntAlu : 
2379500: system.cpu: T0 : 0x1f26c    : c_beqz a3, 32              : IntAlu : 
2380500: system.cpu: T0 : 0x1f26e    : lbu a3, -3(a5)             : MemRead :  D=0x000000000000002f A=0x7fffffffffffffe5
2381500: system.cpu: T0 : 0x1f272    : beq a3, a4, 50             : IntAlu : 
2382000: system.cpu: T0 : 0x1f2a4    : c_addi a0, 5               : IntAlu :  D=0x7fffffffffffffe5
2382500: system.cpu: T0 : 0x1f2a6    : c_jr ra                    : IntAlu : 
2383000: system.cpu: T0 : 0x38582    : c_bnez a0, -14             : IntAlu : 
2383500: system.cpu: T0 : 0x38574    : addi s0, a0, 1             : IntAlu :  D=0x7fffffffffffffe6
2384000: system.cpu: T0 : 0x38578    : c_mv s2, a0                : IntAlu :  D=0x7fffffffffffffe5
2384500: system.cpu: T0 : 0x3857a    : c_mv a0, s0                : IntAlu :  D=0x7fffffffffffffe6
2385000: system.cpu: T0 : 0x3857c    : c_mv a1, s1                : IntAlu :  D=0x000000000000002f
2386000: system.cpu: T0 : 0x3857e    : jal ra, -103340            : IntAlu :  D=0x0000000000038582
2387000: system.cpu: T0 : 0x1f1d2    : andi a5, a0, 7             : IntAlu :  D=0x0000000000000006
2388000: system.cpu: T0 : 0x1f1d6    : andi a4, a1, 255           : IntAlu :  D=0x000000000000002f
2388500: system.cpu: T0 : 0x1f1da    : c_bnez a5, 14              : IntAlu : 
2389000: system.cpu: T0 : 0x1f1e8    : lbu a5, 0(a0)              : MemRead :  D=0x000000000000006a A=0x7fffffffffffffe6
2389500: system.cpu: T0 : 0x1f1ec    : bne a5, a4, -14            : IntAlu : 
2390000: system.cpu: T0 : 0x1f1de    : c_addi a0, 1               : IntAlu :  D=0x7fffffffffffffe7
2390500: system.cpu: T0 : 0x1f1e0    : andi a3, a0, 7             : IntAlu :  D=0x0000000000000007
2391000: system.cpu: T0 : 0x1f1e4    : c_beqz a5, 168             : IntAlu : 
2391500: system.cpu: T0 : 0x1f1e6    : c_beqz a3, 12              : IntAlu : 
2392000: system.cpu: T0 : 0x1f1e8    : lbu a5, 0(a0)              : MemRead :  D=0x0000000000000066 A=0x7fffffffffffffe7
2392500: system.cpu: T0 : 0x1f1ec    : bne a5, a4, -14            : IntAlu : 
2393000: system.cpu: T0 : 0x1f1de    : c_addi a0, 1               : IntAlu :  D=0x7fffffffffffffe8
2393500: system.cpu: T0 : 0x1f1e0    : andi a3, a0, 7             : IntAlu :  D=0x0000000000000000
2394000: system.cpu: T0 : 0x1f1e4    : c_beqz a5, 168             : IntAlu : 
2394500: system.cpu: T0 : 0x1f1e6    : c_beqz a3, 12              : IntAlu : 
2395000: system.cpu: T0 : 0x1f1f2    : c_lui a3, 16               : IntAlu :  D=0x0000000000010000
2395500: system.cpu: T0 : 0x1f1f4    : slliw a5, a1, 8            : IntAlu :  D=0x0000000000002f00
2396000: system.cpu: T0 : 0x1f1f8    : c_addi a3, -1              : IntAlu :  D=0x000000000000ffff
2396500: system.cpu: T0 : 0x1f1fa    : c_and a5, a3               : IntAlu :  D=0x0000000000002f00
2397000: system.cpu: T0 : 0x1f1fc    : andi a1, a1, 255           : IntAlu :  D=0x000000000000002f
2397500: system.cpu: T0 : 0x1f200    : c_or a1, a5                : IntAlu :  D=0x0000000000002f2f
2398000: system.cpu: T0 : 0x1f202    : c_addiw a1, 0              : IntAlu :  D=0x0000000000002f2f
2398500: system.cpu: T0 : 0x1f204    : slli t1, a1, 16            : IntAlu :  D=0x000000002f2f0000
2399000: system.cpu: T0 : 0x1f208    : or a1, t1, a1              : IntAlu :  D=0x000000002f2f2f2f
2399500: system.cpu: T0 : 0x1f20c    : ld a6, -2032(gp)           : MemRead :  D=0x7efefefefefefeff A=0x70840
2400000: system.cpu: T0 : 0x1f210    : slli t1, a1, 32            : IntAlu :  D=0x2f2f2f2f00000000
2400500: system.cpu: T0 : 0x1f214    : or t1, t1, a1              : IntAlu :  D=0x2f2f2f2f2f2f2f2f
2401000: system.cpu: T0 : 0x1f218    : c_li t3, -1                : IntAlu :  D=0xffffffffffffffff
2401500: system.cpu: T0 : 0x1f21a    : c_ld a1, 0(a0)             : MemRead :  D=0xc900746e69746364 A=0x7fffffffffffffe8
2402000: system.cpu: T0 : 0x1f21c    : addi a5, a0, 8             : IntAlu :  D=0x7ffffffffffffff0
2402500: system.cpu: T0 : 0x1f220    : xor a7, t1, a1             : IntAlu :  D=0xe62f5b41465b4c4b
2403000: system.cpu: T0 : 0x1f224    : add a3, a1, a6             : IntAlu :  D=0x47ff736d68736263
2403500: system.cpu: T0 : 0x1f228    : add a2, a7, a6             : IntAlu :  D=0x652e5a40455a4b4a
2404000: system.cpu: T0 : 0x1f22c    : c_xor a3, a1               : IntAlu :  D=0x8eff070301070107
2405000: system.cpu: T0 : 0x1f22e    : xor a2, a2, a7             : IntAlu :  D=0x8301010103010701
2405500: system.cpu: T0 : 0x1f232    : c_and a3, a2               : IntAlu :  D=0x8201010101010101
2406000: system.cpu: T0 : 0x1f234    : or a3, a3, a6              : IntAlu :  D=0xfeffffffffffffff
2406500: system.cpu: T0 : 0x1f238    : beq a3, t3, 88             : IntAlu : 
2407000: system.cpu: T0 : 0x1f23c    : lbu a3, -8(a5)             : MemRead :  D=0x0000000000000064 A=0x7fffffffffffffe8
2407500: system.cpu: T0 : 0x1f240    : beq a3, a4, -80            : IntAlu : 
2408000: system.cpu: T0 : 0x1f244    : c_beqz a3, 72              : IntAlu : 
2409000: system.cpu: T0 : 0x1f246    : lbu a3, -7(a5)             : MemRead :  D=0x0000000000000063 A=0x7fffffffffffffe9
2410000: system.cpu: T0 : 0x1f24a    : beq a3, a4, 74             : IntAlu : 
2410500: system.cpu: T0 : 0x1f24e    : c_beqz a3, 62              : IntAlu : 
2411000: system.cpu: T0 : 0x1f250    : lbu a3, -6(a5)             : MemRead :  D=0x0000000000000074 A=0x7fffffffffffffea
2411500: system.cpu: T0 : 0x1f254    : beq a3, a4, 68             : IntAlu : 
2412000: system.cpu: T0 : 0x1f258    : c_beqz a3, 52              : IntAlu : 
2413000: system.cpu: T0 : 0x1f25a    : lbu a3, -5(a5)             : MemRead :  D=0x0000000000000069 A=0x7fffffffffffffeb
2414000: system.cpu: T0 : 0x1f25e    : beq a3, a4, 62             : IntAlu : 
2414500: system.cpu: T0 : 0x1f262    : c_beqz a3, 42              : IntAlu : 
2415000: system.cpu: T0 : 0x1f264    : lbu a3, -4(a5)             : MemRead :  D=0x000000000000006e A=0x7fffffffffffffec
2415500: system.cpu: T0 : 0x1f268    : beq a3, a4, 56             : IntAlu : 
2416000: system.cpu: T0 : 0x1f26c    : c_beqz a3, 32              : IntAlu : 
2417000: system.cpu: T0 : 0x1f26e    : lbu a3, -3(a5)             : MemRead :  D=0x0000000000000074 A=0x7fffffffffffffed
2418000: system.cpu: T0 : 0x1f272    : beq a3, a4, 50             : IntAlu : 
2418500: system.cpu: T0 : 0x1f276    : c_beqz a3, 22              : IntAlu : 
2419000: system.cpu: T0 : 0x1f278    : lbu a3, -2(a5)             : MemRead :  D=0x0000000000000000 A=0x7fffffffffffffee
2419500: system.cpu: T0 : 0x1f27c    : beq a3, a4, 44             : IntAlu : 
2420000: system.cpu: T0 : 0x1f280    : c_beqz a3, 12              : IntAlu : 
2420500: system.cpu: T0 : 0x1f28c    : c_li a0, 0                 : IntAlu :  D=0x0000000000000000
2421000: system.cpu: T0 : 0x1f28e    : c_jr ra                    : IntAlu : 
2421500: system.cpu: T0 : 0x38582    : c_bnez a0, -14             : IntAlu : 
2422000: system.cpu: T0 : 0x38584    : c_ldsp ra, 24(sp)          : MemRead :  D=0x00000000000223f0 A=0x7ffffffffffffda8
2422500: system.cpu: T0 : 0x38586    : c_ldsp s0, 16(sp)          : MemRead :  D=0x7fffffffffffff38 A=0x7ffffffffffffda0
2423000: system.cpu: T0 : 0x38588    : c_ldsp s1, 8(sp)           : MemRead :  D=0x7fffffffffffffd9 A=0x7ffffffffffffd98
2423500: system.cpu: T0 : 0x3858a    : c_mv a0, s2                : IntAlu :  D=0x7fffffffffffffe5
2424000: system.cpu: T0 : 0x3858c    : c_ldsp s2, 0(sp)           : MemRead :  D=0x7fffffffffffff48 A=0x7ffffffffffffd90
2424500: system.cpu: T0 : 0x3858e    : c_addi16sp sp, 32          : IntAlu :  D=0x7ffffffffffffdb0
2425000: system.cpu: T0 : 0x38590    : c_jr ra                    : IntAlu : 
2425500: system.cpu: T0 : 0x223f0    : c_beqz a0, 26              : IntAlu : 
2426000: system.cpu: T0 : 0x223f2    : c_addi a0, 1               : IntAlu :  D=0x7fffffffffffffe6
2426500: system.cpu: T0 : 0x223f4    : sd a0, -1824(gp)           : MemWrite :  D=0x7fffffffffffffe6 A=0x70910
2427000: system.cpu: T0 : 0x223f8    : c_ld a4, 0(s0)             : MemRead :  D=0x7fffffffffffffd9 A=0x7fffffffffffff38
2428000: system.cpu: T0 : 0x223fa    : sd a4, -1816(gp)           : MemWrite :  D=0x7fffffffffffffd9 A=0x70918
2428500: system.cpu: T0 : 0x223fe    : c_ldsp ra, 24(sp)          : MemRead :  D=0x00000000000234d2 A=0x7ffffffffffffdc8
2429000: system.cpu: T0 : 0x22400    : c_ldsp s0, 16(sp)          : MemRead :  D=0x0000000000000001 A=0x7ffffffffffffdc0
2429500: system.cpu: T0 : 0x22402    : c_ldsp s1, 8(sp)           : MemRead :  D=0x7fffffffffffff38 A=0x7ffffffffffffdb8
2430000: system.cpu: T0 : 0x22404    : c_addi16sp sp, 32          : IntAlu :  D=0x7ffffffffffffdd0
2430500: system.cpu: T0 : 0x22406    : c_jr ra                    : IntAlu : 
2431000: system.cpu: T0 : 0x234d2    : c_ldsp s0, 16(sp)          : MemRead :  D=0x00000000000110b8 A=0x7ffffffffffffde0
2431500: system.cpu: T0 : 0x234d4    : c_ldsp ra, 24(sp)          : MemRead :  D=0x0000000000010d2c A=0x7ffffffffffffde8
2432000: system.cpu: T0 : 0x234d6    : c_ldsp s1, 8(sp)           : MemRead :  D=0x0000000000011148 A=0x7ffffffffffffdd8
2432500: system.cpu: T0 : 0x234d8    : c_ldsp s2, 0(sp)           : MemRead :  D=0x0000000000000000 A=0x7ffffffffffffdd0
2433000: system.cpu: T0 : 0x234da    : c_addi16sp sp, 32          : IntAlu :  D=0x7ffffffffffffdf0
2433500: system.cpu: T0 : 0x234dc    : jal zero, 35004            : IntAlu :  D=0x00000000000234e0
2434000: system.cpu: T0 : 0x2bd98    : ld a5, 0(tp)               : MemRead :  D=0x0000000000070678 A=0x73710
2434500: system.cpu: T0 : 0x2bd9c    : c_ld a5, 0(a5)             : MemRead :  D=0x0000000000051f70 A=0x70678
2435000: system.cpu: T0 : 0x2bd9e    : c_ld a0, 64(a5)            : MemRead :  D=0x00000000000537a0 A=0x51fb0
2435500: system.cpu: T0 : 0x2bda0    : c_ld a2, 72(a5)            : MemRead :  D=0x0000000000052da0 A=0x51fb8
2436000: system.cpu: T0 : 0x2bda2    : c_ld a4, 88(a5)            : MemRead :  D=0x00000000000527a0 A=0x51fc8
2436500: system.cpu: T0 : 0x2bda4    : addi a0, a0, 256           : IntAlu :  D=0x00000000000538a0
2437000: system.cpu: T0 : 0x2bda8    : addi a2, a2, 512           : IntAlu :  D=0x0000000000052fa0
2437500: system.cpu: T0 : 0x2bdac    : addi a4, a4, 512           : IntAlu :  D=0x00000000000529a0
2438000: system.cpu: T0 : 0x2bdb0    : sd a0, 80(tp)              : MemWrite :  D=0x00000000000538a0 A=0x73760
2438500: system.cpu: T0 : 0x2bdb4    : sd a2, 72(tp)              : MemWrite :  D=0x0000000000052fa0 A=0x73758
2439000: system.cpu: T0 : 0x2bdb8    : sd a4, 64(tp)              : MemWrite :  D=0x00000000000529a0 A=0x73750
2439500: system.cpu: T0 : 0x2bdbc    : c_jr ra                    : IntAlu : 
2440000: system.cpu: T0 : 0x10d2c    : c_beqz s1, 12              : IntAlu : 
2440500: system.cpu: T0 : 0x10d2e    : c_li a2, 0                 : IntAlu :  D=0x0000000000000000
2441000: system.cpu: T0 : 0x10d30    : c_li a1, 0                 : IntAlu :  D=0x0000000000000000
2441500: system.cpu: T0 : 0x10d32    : c_mv a0, s1                : IntAlu :  D=0x0000000000011148
2442000: system.cpu: T0 : 0x10d34    : jal ra, 17626              : IntAlu :  D=0x0000000000010d38
2443000: system.cpu: T0 : 0x1520e    : addi a3, gp, -1936         : IntAlu :  D=0x00000000000708a0
2443500: system.cpu: T0 : 0x15212    : c_j -204                   : IntAlu : 
2444000: system.cpu: T0 : 0x15146    : c_addi16sp sp, -64         : IntAlu :  D=0x7ffffffffffffdb0
2444500: system.cpu: T0 : 0x15148    : c_sdsp ra, 56(sp)          : MemWrite :  D=0x0000000000010d38 A=0x7ffffffffffffde8
2445000: system.cpu: T0 : 0x1514a    : c_sdsp s0, 48(sp)          : MemWrite :  D=0x00000000000110b8 A=0x7ffffffffffffde0
2445500: system.cpu: T0 : 0x1514c    : c_sdsp s1, 40(sp)          : MemWrite :  D=0x0000000000011148 A=0x7ffffffffffffdd8
2446000: system.cpu: T0 : 0x1514e    : c_sdsp s2, 32(sp)          : MemWrite :  D=0x0000000000000000 A=0x7ffffffffffffdd0
2446500: system.cpu: T0 : 0x15150    : c_sdsp s3, 24(sp)          : MemWrite :  D=0x0000000000000000 A=0x7ffffffffffffdc8
2447000: system.cpu: T0 : 0x15152    : c_beqz a0, 156             : IntAlu : 
2447500: system.cpu: T0 : 0x15154    : lui s0, 114                : IntAlu :  D=0x0000000000072000
2448000: system.cpu: T0 : 0x15158    : c_mv s2, a2                : IntAlu :  D=0x0000000000000000
2448500: system.cpu: T0 : 0x1515a    : c_mv s1, a0                : IntAlu :  D=0x0000000000011148
2449000: system.cpu: T0 : 0x1515c    : c_mv s3, a1                : IntAlu :  D=0x0000000000000000
2449500: system.cpu: T0 : 0x1515e    : c_li a4, 1                 : IntAlu :  D=0x0000000000000001
2450000: system.cpu: T0 : 0x15160    : addi a2, s0, -344          : IntAlu :  D=0x0000000000071ea8
2450500: system.cpu: T0 : 0x15164    : lr_w a5, (a2)             
2450500: system.cpu: T0 : 0x15164. 0 : lr_w a5, (a2)              : MemRead :  D=0x0000000000000000 A=0x71ea8
2451000: system.cpu: T0 : 0x15168    : c_bnez a5, 8               : IntAlu : 
2452000: system.cpu: T0 : 0x1516a    : sc_w_aq a1, a4, (a2)      
2452000: system.cpu: T0 : 0x1516a. 0 : sc_w a1, a4, (a2)          : MemWrite :  D=0x0000000000000000 A=0x71ea8
2452500: system.cpu: T0 : 0x1516a. 1 : 0x1ce625af fence           : No_OpClass : 
2453000: system.cpu: T0 : 0x1516e    : c_bnez a1, -10             : IntAlu : 
2453500: system.cpu: T0 : 0x15170    : c_addiw a5, 0              : IntAlu :  D=0x0000000000000000
2454000: system.cpu: T0 : 0x15172    : c_bnez a5, 64              : IntAlu : 
2454500: system.cpu: T0 : 0x15174    : c_mv a0, a3                : IntAlu :  D=0x00000000000708a0
2455500: system.cpu: T0 : 0x15176    : jal ra, -242               : IntAlu :  D=0x000000000001517a
2456000: system.cpu: T0 : 0x15084    : lbu a5, -1476(gp)          : MemRead :  D=0x0000000000000000 A=0x70a6c
2456500: system.cpu: T0 : 0x15088    : c_bnez a5, 186             : IntAlu : 
2457000: system.cpu: T0 : 0x1508a    : c_addi sp, -32             : IntAlu :  D=0x7ffffffffffffd90
2457500: system.cpu: T0 : 0x1508c    : c_sdsp s1, 8(sp)           : MemWrite :  D=0x0000000000011148 A=0x7ffffffffffffd98
2458000: system.cpu: T0 : 0x1508e    : c_ld s1, 0(a0)             : MemRead :  D=0x0000000000071148 A=0x708a0
2458500: system.cpu: T0 : 0x15090    : c_sdsp s0, 16(sp)          : MemWrite :  D=0x0000000000072000 A=0x7ffffffffffffda0
2459000: system.cpu: T0 : 0x15092    : c_sdsp ra, 24(sp)          : MemWrite :  D=0x000000000001517a A=0x7ffffffffffffda8
2459500: system.cpu: T0 : 0x15094    : c_mv s0, a0                : IntAlu :  D=0x00000000000708a0
2460000: system.cpu: T0 : 0x15096    : c_beqz s1, 140             : IntAlu : 
2460500: system.cpu: T0 : 0x15098    : c_mv a1, s1                : IntAlu :  D=0x0000000000071148
2461000: system.cpu: T0 : 0x1509a    : c_li a6, 0                 : IntAlu :  D=0x0000000000000000
2461500: system.cpu: T0 : 0x1509c    : c_ld a4, 8(a1)             : MemRead :  D=0x0000000000000000 A=0x71150
2462500: system.cpu: T0 : 0x1509e    : slli a5, a4, 5             : IntAlu :  D=0x0000000000000000
2463000: system.cpu: T0 : 0x150a2    : c_add a5, a1               : IntAlu :  D=0x0000000000071148
2463500: system.cpu: T0 : 0x150a4    : c_beqz a4, 18              : IntAlu : 
2464000: system.cpu: T0 : 0x150b6    : c_ld a5, 0(a1)             : MemRead :  D=0x0000000000000000 A=0x71148
2464500: system.cpu: T0 : 0x150b8    : sd zero, 8(a1)             : MemWrite :  D=0x0000000000000000 A=0x71150
2465000: system.cpu: T0 : 0x150bc    : c_mv a6, a1                : IntAlu :  D=0x0000000000071148
2465500: system.cpu: T0 : 0x150be    : c_beqz a5, 78              : IntAlu : 
2466000: system.cpu: T0 : 0x1510c    : c_li a5, 1                 : IntAlu :  D=0x0000000000000001
2467000: system.cpu: T0 : 0x1510e    : addi a0, a1, 16            : IntAlu :  D=0x0000000000071158
2467500: system.cpu: T0 : 0x15112    : c_sd a5, 8(a1)             : MemWrite :  D=0x0000000000000001 A=0x71150
2468000: system.cpu: T0 : 0x15114    : c_j -60                    : IntAlu : 
2468500: system.cpu: T0 : 0x150d8    : lui a4, 114                : IntAlu :  D=0x0000000000072000
2469000: system.cpu: T0 : 0x150dc    : ld a5, -336(a4)            : MemRead :  D=0x0000000000000000 A=0x71eb0
2469500: system.cpu: T0 : 0x150e0    : c_ldsp ra, 24(sp)          : MemRead :  D=0x000000000001517a A=0x7ffffffffffffda8
2470000: system.cpu: T0 : 0x150e2    : c_ldsp s0, 16(sp)          : MemRead :  D=0x0000000000072000 A=0x7ffffffffffffda0
2470500: system.cpu: T0 : 0x150e4    : c_li a3, 1                 : IntAlu :  D=0x0000000000000001
2471000: system.cpu: T0 : 0x150e6    : c_sd a3, 0(a0)             : MemWrite :  D=0x0000000000000001 A=0x71158
2471500: system.cpu: T0 : 0x150e8    : c_addi a5, 1               : IntAlu :  D=0x0000000000000001
2472500: system.cpu: T0 : 0x150ea    : sd a5, -336(a4)            : MemWrite :  D=0x0000000000000001 A=0x71eb0
2473000: system.cpu: T0 : 0x150ee    : c_ldsp s1, 8(sp)           : MemRead :  D=0x0000000000011148 A=0x7ffffffffffffd98
2473500: system.cpu: T0 : 0x150f0    : c_addi16sp sp, 32          : IntAlu :  D=0x7ffffffffffffdb0
2474000: system.cpu: T0 : 0x150f2    : c_jr ra                    : IntAlu : 
2474500: system.cpu: T0 : 0x1517a    : c_beqz a0, 70              : IntAlu : 
2475000: system.cpu: T0 : 0x1517c    : c_li a5, 4                 : IntAlu :  D=0x0000000000000004
2475500: system.cpu: T0 : 0x1517e    : c_sd a5, 0(a0)             : MemWrite :  D=0x0000000000000004 A=0x71158
2476000: system.cpu: T0 : 0x15180    : c_sd s1, 8(a0)             : MemWrite :  D=0x0000000000011148 A=0x71160
2477000: system.cpu: T0 : 0x15182    : sd s3, 16(a0)              : MemWrite :  D=0x0000000000000000 A=0x71168
2478000: system.cpu: T0 : 0x15186    : sd s2, 24(a0)              : MemWrite :  D=0x0000000000000000 A=0x71170
2478500: system.cpu: T0 : 0x1518a    : c_li a5, 0                 : IntAlu :  D=0x0000000000000000
2479000: system.cpu: T0 : 0x1518c    : addi a4, s0, -344          : IntAlu :  D=0x0000000000071ea8
2479500: system.cpu: T0 : 0x15190    : fence iorw, ow             : No_OpClass : 
2480000: system.cpu: T0 : 0x15194    : amoswap_w a5, a5, (a4)    
2480000: system.cpu: T0 : 0x15194. 0 : amoswap_w[l] a5, a5, (a4)  : MemRead :  D=0x0000000000000001 A=0x71ea8
2480500: system.cpu: T0 : 0x15198    : c_addiw a5, 0              : IntAlu :  D=0x0000000000000001
2481000: system.cpu: T0 : 0x1519a    : c_li a3, 1                 : IntAlu :  D=0x0000000000000001
2481500: system.cpu: T0 : 0x1519c    : c_li a4, 0                 : IntAlu :  D=0x0000000000000000
2482500: system.cpu: T0 : 0x1519e    : blt a3, a5, 58             : IntAlu : 
2483000: system.cpu: T0 : 0x151a2    : c_ldsp ra, 56(sp)          : MemRead :  D=0x0000000000010d38 A=0x7ffffffffffffde8
2483500: system.cpu: T0 : 0x151a4    : c_ldsp s0, 48(sp)          : MemRead :  D=0x00000000000110b8 A=0x7ffffffffffffde0
2484000: system.cpu: T0 : 0x151a6    : c_ldsp s1, 40(sp)          : MemRead :  D=0x0000000000011148 A=0x7ffffffffffffdd8
2484500: system.cpu: T0 : 0x151a8    : c_ldsp s2, 32(sp)          : MemRead :  D=0x0000000000000000 A=0x7ffffffffffffdd0
2485000: system.cpu: T0 : 0x151aa    : c_ldsp s3, 24(sp)          : MemRead :  D=0x0000000000000000 A=0x7ffffffffffffdc8
2485500: system.cpu: T0 : 0x151ac    : c_mv a0, a4                : IntAlu :  D=0x0000000000000000
2486000: system.cpu: T0 : 0x151ae    : c_addi16sp sp, 64          : IntAlu :  D=0x7ffffffffffffdf0
2486500: system.cpu: T0 : 0x151b0    : c_jr ra                    : IntAlu : 
2487000: system.cpu: T0 : 0x10d38    : lui a5, 111                : IntAlu :  D=0x000000000006f000
2487500: system.cpu: T0 : 0x10d3c    : lw a5, -72(a5)             : MemRead :  D=0x0000000000000000 A=0x6efb8
2488000: system.cpu: T0 : 0x10d40    : bne a5, zero, 238          : IntAlu : 
2488500: system.cpu: T0 : 0x10d44    : c_beqz s0, 12              : IntAlu : 
2489500: system.cpu: T0 : 0x10d46    : ld a2, -1360(gp)           : MemRead :  D=0x7fffffffffffff48 A=0x70ae0
2490000: system.cpu: T0 : 0x10d4a    : c_ldsp a1, 16(sp)          : MemRead :  D=0x7fffffffffffff38 A=0x7ffffffffffffe00
2490500: system.cpu: T0 : 0x10d4c    : c_ldsp a0, 8(sp)           : MemRead :  D=0x0000000000000001 A=0x7ffffffffffffdf8
2491000: system.cpu: T0 : 0x10d4e    : c_jalr s0                  : IntAlu :  D=0x0000000000010d50
2491500: system.cpu: T0 : 0x110b8    : c_addi16sp sp, -64         : IntAlu :  D=0x7ffffffffffffdb0
2492000: system.cpu: T0 : 0x110ba    : c_sdsp s0, 48(sp)          : MemWrite :  D=0x00000000000110b8 A=0x7ffffffffffffde0
2492500: system.cpu: T0 : 0x110bc    : c_sdsp s5, 8(sp)           : MemWrite :  D=0x0000000000000000 A=0x7ffffffffffffdb8
2493500: system.cpu: T0 : 0x110be    : lui s0, 111                : IntAlu :  D=0x000000000006f000
2494500: system.cpu: T0 : 0x110c2    : lui s5, 111                : IntAlu :  D=0x000000000006f000
2495500: system.cpu: T0 : 0x110c6    : addi a5, s0, -1296         : IntAlu :  D=0x000000000006eaf0
2496500: system.cpu: T0 : 0x110ca    : addi s5, s5, -1288         : IntAlu :  D=0x000000000006eaf8
2497500: system.cpu: T0 : 0x110ce    : sub s5, s5, a5             : IntAlu :  D=0x0000000000000008
2498000: system.cpu: T0 : 0x110d2    : c_sdsp s2, 32(sp)          : MemWrite :  D=0x0000000000000000 A=0x7ffffffffffffdd0
2498500: system.cpu: T0 : 0x110d4    : c_sdsp s3, 24(sp)          : MemWrite :  D=0x0000000000000000 A=0x7ffffffffffffdc8
2499000: system.cpu: T0 : 0x110d6    : c_sdsp s4, 16(sp)          : MemWrite :  D=0x0000000000000000 A=0x7ffffffffffffdc0
2499500: system.cpu: T0 : 0x110d8    : c_sdsp ra, 56(sp)          : MemWrite :  D=0x0000000000010d50 A=0x7ffffffffffffde8
2500000: system.cpu: T0 : 0x110da    : c_sdsp s1, 40(sp)          : MemWrite :  D=0x0000000000011148 A=0x7ffffffffffffdd8
2500500: system.cpu: T0 : 0x110dc    : srai s5, s5, 3             : IntAlu :  D=0x0000000000000001
2501000: system.cpu: T0 : 0x110e0    : c_mv s2, a0                : IntAlu :  D=0x0000000000000001
2501500: system.cpu: T0 : 0x110e2    : c_mv s3, a1                : IntAlu :  D=0x7fffffffffffff38
2502000: system.cpu: T0 : 0x110e4    : c_mv s4, a2                : IntAlu :  D=0x7fffffffffffff48
2503000: system.cpu: T0 : 0x110e6    : beq s5, zero, 28           : IntAlu : 
2504000: system.cpu: T0 : 0x110ea    : addi s0, s0, -1296         : IntAlu :  D=0x000000000006eaf0
2504500: system.cpu: T0 : 0x110ee    : c_li s1, 0                 : IntAlu :  D=0x0000000000000000
2505000: system.cpu: T0 : 0x110f0    : c_ld a5, 0(s0)             : MemRead :  D=0x0000000000010376 A=0x6eaf0
2505500: system.cpu: T0 : 0x110f2    : c_mv a2, s4                : IntAlu :  D=0x7fffffffffffff48
2506000: system.cpu: T0 : 0x110f4    : c_mv a1, s3                : IntAlu :  D=0x7fffffffffffff38
2506500: system.cpu: T0 : 0x110f6    : c_mv a0, s2                : IntAlu :  D=0x0000000000000001
2507000: system.cpu: T0 : 0x110f8    : c_addi s1, 1               : IntAlu :  D=0x0000000000000001
2507500: system.cpu: T0 : 0x110fa    : c_jalr a5                  : IntAlu :  D=0x00000000000110fc
2508500: system.cpu: T0 : 0x10376    : auipc gp, 97               : IntAlu :  D=0x0000000000071376
2509500: system.cpu: T0 : 0x1037a    : addi gp, gp, -838          : IntAlu :  D=0x0000000000071030
2510000: system.cpu: T0 : 0x1037e    : c_jr ra                    : IntAlu : 
2510500: system.cpu: T0 : 0x110fc    : c_addi s0, 8               : IntAlu :  D=0x000000000006eaf8
2511500: system.cpu: T0 : 0x110fe    : bne s5, s1, -14            : IntAlu : 
2512500: system.cpu: T0 : 0x11102    : lui s0, 111                : IntAlu :  D=0x000000000006f000
2513500: system.cpu: T0 : 0x11106    : lui s5, 111                : IntAlu :  D=0x000000000006f000
2514500: system.cpu: T0 : 0x1110a    : addi a5, s0, -1288         : IntAlu :  D=0x000000000006eaf8
2515500: system.cpu: T0 : 0x1110e    : addi s5, s5, -1280         : IntAlu :  D=0x000000000006eb00
2516500: system.cpu: T0 : 0x11112    : sub s5, s5, a5             : IntAlu :  D=0x0000000000000008
2517500: system.cpu: T0 : 0x11116    : srai s5, s5, 3             : IntAlu :  D=0x0000000000000001
2518500: system.cpu: T0 : 0x1111a    : beq s5, zero, 28           : IntAlu : 
2519500: system.cpu: T0 : 0x1111e    : addi s0, s0, -1288         : IntAlu :  D=0x000000000006eaf8
2520000: system.cpu: T0 : 0x11122    : c_li s1, 0                 : IntAlu :  D=0x0000000000000000
2520500: system.cpu: T0 : 0x11124    : c_ld a5, 0(s0)             : MemRead :  D=0x000000000001040a A=0x6eaf8
2521000: system.cpu: T0 : 0x11126    : c_mv a2, s4                : IntAlu :  D=0x7fffffffffffff48
2521500: system.cpu: T0 : 0x11128    : c_mv a1, s3                : IntAlu :  D=0x7fffffffffffff38
2522000: system.cpu: T0 : 0x1112a    : c_mv a0, s2                : IntAlu :  D=0x0000000000000001
2522500: system.cpu: T0 : 0x1112c    : c_addi s1, 1               : IntAlu :  D=0x0000000000000001
2523000: system.cpu: T0 : 0x1112e    : c_jalr a5                  : IntAlu :  D=0x0000000000011130
2524000: system.cpu: T0 : 0x1040a    : lui a5, 77                 : IntAlu :  D=0x000000000004d000
2525000: system.cpu: T0 : 0x1040e    : addi a5, a5, -1132         : IntAlu :  D=0x000000000004cb94
2525500: system.cpu: T0 : 0x10412    : c_beqz a5, 28              : IntAlu : 
2526000: system.cpu: T0 : 0x10414    : lui a0, 107                : IntAlu :  D=0x000000000006b000
2526500: system.cpu: T0 : 0x10418    : c_addi sp, -16             : IntAlu :  D=0x7ffffffffffffda0
2527500: system.cpu: T0 : 0x1041a    : addi a1, gp, -1008         : IntAlu :  D=0x0000000000070c40
2528500: system.cpu: T0 : 0x1041e    : addi a0, a0, -1872         : IntAlu :  D=0x000000000006a8b0
2529000: system.cpu: T0 : 0x10422    : c_sdsp ra, 8(sp)           : MemWrite :  D=0x0000000000011130 A=0x7ffffffffffffda8
2529500: system.cpu: T0 : 0x10424    : jal ra, 247664             : IntAlu :  D=0x0000000000010428
2530000: system.cpu: T0 : 0x4cb94    : c_beqz a0, 12              : IntAlu : 
2530500: system.cpu: T0 : 0x4cb96    : c_lw a5, 0(a0)             : MemRead :  D=0x000000000000001c A=0x6a8b0
2531000: system.cpu: T0 : 0x4cb98    : c_beqz a5, 8               : IntAlu : 
2531500: system.cpu: T0 : 0x4cb9a    : c_li a3, 0                 : IntAlu :  D=0x0000000000000000
2532000: system.cpu: T0 : 0x4cb9c    : c_li a2, 0                 : IntAlu :  D=0x0000000000000000
2532500: system.cpu: T0 : 0x4cb9e    : c_j -144                   : IntAlu : 
2533000: system.cpu: T0 : 0x4cb0e    : c_li a5, -1                : IntAlu :  D=0xffffffffffffffff
2533500: system.cpu: T0 : 0x4cb10    : c_addi sp, -32             : IntAlu :  D=0x7ffffffffffffd80
2534000: system.cpu: T0 : 0x4cb12    : c_sd a5, 0(a1)             : MemWrite :  D=0xffffffffffffffff A=0x70c40
2534500: system.cpu: T0 : 0x4cb14    : addi a5, zero, 2040        : IntAlu :  D=0x00000000000007f8
2535000: system.cpu: T0 : 0x4cb18    : c_sdsp s0, 16(sp)          : MemWrite :  D=0x000000000006eaf8 A=0x7ffffffffffffd90
2535500: system.cpu: T0 : 0x4cb1a    : c_sdsp s1, 8(sp)           : MemWrite :  D=0x0000000000000001 A=0x7ffffffffffffd88
2536000: system.cpu: T0 : 0x4cb1c    : c_sdsp ra, 24(sp)          : MemWrite :  D=0x0000000000010428 A=0x7ffffffffffffd98
2536500: system.cpu: T0 : 0x4cb1e    : c_sd a2, 8(a1)             : MemWrite :  D=0x0000000000000000 A=0x70c48
2537000: system.cpu: T0 : 0x4cb20    : c_sd a3, 16(a1)            : MemWrite :  D=0x0000000000000000 A=0x70c50
2537500: system.cpu: T0 : 0x4cb22    : c_sd a0, 24(a1)            : MemWrite :  D=0x000000000006a8b0 A=0x70c58
2538000: system.cpu: T0 : 0x4cb24    : c_sd a5, 32(a1)            : MemWrite :  D=0x00000000000007f8 A=0x70c60
2539000: system.cpu: T0 : 0x4cb26    : auipc s1, 36               : IntAlu :  D=0x0000000000070b26
2540000: system.cpu: T0 : 0x4cb2a    : ld s1, -798(s1)            : MemRead :  D=0x0000000000000000 A=0x70808
2540500: system.cpu: T0 : 0x4cb2e    : c_mv s0, a1                : IntAlu :  D=0x0000000000070c40
2541000: system.cpu: T0 : 0x4cb30    : c_beqz s1, 20              : IntAlu : 
2541500: system.cpu: T0 : 0x4cb44    : addi a5, gp, 1880          : IntAlu :  D=0x0000000000071788
2542000: system.cpu: T0 : 0x4cb48    : ld a3, 448(a5)             : MemRead :  D=0x0000000000000000 A=0x71948
2542500: system.cpu: T0 : 0x4cb4c    : lw a4, 456(a5)             : MemRead :  D=0x0000000000000000 A=0x71950
2543000: system.cpu: T0 : 0x4cb50    : sd s0, 448(a5)             : MemWrite :  D=0x0000000000070c40 A=0x71948
2543500: system.cpu: T0 : 0x4cb54    : c_sd a3, 40(s0)            : MemWrite :  D=0x0000000000000000 A=0x70c68
2544000: system.cpu: T0 : 0x4cb56    : c_beqz a4, 30              : IntAlu : 
2544500: system.cpu: T0 : 0x4cb74    : c_li a4, 1                 : IntAlu :  D=0x0000000000000001
2545500: system.cpu: T0 : 0x4cb76    : addi a5, a5, 456           : IntAlu :  D=0x0000000000071950
2546500: system.cpu: T0 : 0x4cb7a    : amoswap_w zero, a4, (a5)  
2546500: system.cpu: T0 : 0x4cb7a. 0 : amoswap_w[l] zero, a4, (a5) : MemRead :  D=0x0000000000000000 A=0x71950
2547000: system.cpu: T0 : 0x4cb7e    : c_bnez s1, -36             : IntAlu : 
2547500: system.cpu: T0 : 0x4cb80    : c_ldsp ra, 24(sp)          : MemRead :  D=0x0000000000010428 A=0x7ffffffffffffd98
2548000: system.cpu: T0 : 0x4cb82    : c_ldsp s0, 16(sp)          : MemRead :  D=0x000000000006eaf8 A=0x7ffffffffffffd90
2548500: system.cpu: T0 : 0x4cb84    : c_ldsp s1, 8(sp)           : MemRead :  D=0x0000000000000001 A=0x7ffffffffffffd88
2549000: system.cpu: T0 : 0x4cb86    : c_addi16sp sp, 32          : IntAlu :  D=0x7ffffffffffffda0
2549500: system.cpu: T0 : 0x4cb88    : c_jr ra                    : IntAlu : 
2550000: system.cpu: T0 : 0x10428    : c_ldsp ra, 8(sp)           : MemRead :  D=0x0000000000011130 A=0x7ffffffffffffda8
2550500: system.cpu: T0 : 0x1042a    : c_addi sp, 16              : IntAlu :  D=0x7ffffffffffffdb0
2551000: system.cpu: T0 : 0x1042c    : c_j -134                   : IntAlu : 
2552000: system.cpu: T0 : 0x103a6    : lui a0, 112                : IntAlu :  D=0x0000000000070000
2553000: system.cpu: T0 : 0x103aa    : addi a1, a0, 2032          : IntAlu :  D=0x00000000000707f0
2554000: system.cpu: T0 : 0x103ae    : lui a5, 112                : IntAlu :  D=0x0000000000070000
2555000: system.cpu: T0 : 0x103b2    : addi a5, a5, 2032          : IntAlu :  D=0x00000000000707f0
2555500: system.cpu: T0 : 0x103b6    : c_sub a5, a1               : IntAlu :  D=0x0000000000000000
2556000: system.cpu: T0 : 0x103b8    : srai a4, a5, 3             : IntAlu :  D=0x0000000000000000
2556500: system.cpu: T0 : 0x103bc    : srli a1, a5, 63            : IntAlu :  D=0x0000000000000000
2557000: system.cpu: T0 : 0x103c0    : c_add a1, a4               : IntAlu :  D=0x0000000000000000
2557500: system.cpu: T0 : 0x103c2    : c_srai a1, 1               : IntAlu :  D=0x0000000000000000
2558000: system.cpu: T0 : 0x103c4    : c_beqz a1, 16              : IntAlu : 
2558500: system.cpu: T0 : 0x103d4    : c_jr ra                    : IntAlu : 
2559000: system.cpu: T0 : 0x11130    : c_addi s0, 8               : IntAlu :  D=0x000000000006eb00
2560000: system.cpu: T0 : 0x11132    : bne s5, s1, -14            : IntAlu : 
2560500: system.cpu: T0 : 0x11136    : c_ldsp ra, 56(sp)          : MemRead :  D=0x0000000000010d50 A=0x7ffffffffffffde8
2561000: system.cpu: T0 : 0x11138    : c_ldsp s0, 48(sp)          : MemRead :  D=0x00000000000110b8 A=0x7ffffffffffffde0
2561500: system.cpu: T0 : 0x1113a    : c_ldsp s1, 40(sp)          : MemRead :  D=0x0000000000011148 A=0x7ffffffffffffdd8
2562000: system.cpu: T0 : 0x1113c    : c_ldsp s2, 32(sp)          : MemRead :  D=0x0000000000000000 A=0x7ffffffffffffdd0
2562500: system.cpu: T0 : 0x1113e    : c_ldsp s3, 24(sp)          : MemRead :  D=0x0000000000000000 A=0x7ffffffffffffdc8
2563000: system.cpu: T0 : 0x11140    : c_ldsp s4, 16(sp)          : MemRead :  D=0x0000000000000000 A=0x7ffffffffffffdc0
2563500: system.cpu: T0 : 0x11142    : c_ldsp s5, 8(sp)           : MemRead :  D=0x0000000000000000 A=0x7ffffffffffffdb8
2564000: system.cpu: T0 : 0x11144    : c_addi16sp sp, 64          : IntAlu :  D=0x7ffffffffffffdf0
2564500: system.cpu: T0 : 0x11146    : c_jr ra                    : IntAlu : 
2565000: system.cpu: T0 : 0x10d50    : c_li a1, 0                 : IntAlu :  D=0x0000000000000000
2565500: system.cpu: T0 : 0x10d52    : c_li a0, 0                 : IntAlu :  D=0x0000000000000000
2566000: system.cpu: T0 : 0x10d54    : jal ra, 71450              : IntAlu :  D=0x0000000000010d58
2566500: system.cpu: T0 : 0x2246e    : c_mv a4, a0                : IntAlu :  D=0x0000000000000000
2567000: system.cpu: T0 : 0x22470    : c_beqz a1, 70              : IntAlu : 
2568000: system.cpu: T0 : 0x224b6    : lui a5, 114                : IntAlu :  D=0x0000000000072000
2569000: system.cpu: T0 : 0x224ba    : addi a0, a5, -328          : IntAlu :  D=0x0000000000071eb8
2569500: system.cpu: T0 : 0x224be    : c_ld a5, 8(a0)             : MemRead :  D=0x0000000000000000 A=0x71ec0
2570000: system.cpu: T0 : 0x224c0    : c_bnez a5, -52             : IntAlu : 
2570500: system.cpu: T0 : 0x224c2    : c_li a5, 1                 : IntAlu :  D=0x0000000000000001
2571000: system.cpu: T0 : 0x224c4    : c_sw a5, 0(a0)             : MemWrite :  D=0x0000000000000001 A=0x71eb8
2571500: system.cpu: T0 : 0x224c6    : c_bnez a4, -52             : IntAlu : 
2572000: system.cpu: T0 : 0x224c8    : lui a5, 114                : IntAlu :  D=0x0000000000072000
2572500: system.cpu: T0 : 0x224cc    : ld a4, -296(a5)            : MemRead :  D=0x0000000000000000 A=0x71ed8
2573000: system.cpu: T0 : 0x224d0    : c_j -62                    : IntAlu : 
2574000: system.cpu: T0 : 0x22492    : slli a5, a1, 3             : IntAlu :  D=0x0000000000000000
2574500: system.cpu: T0 : 0x22496    : c_add a5, a1               : IntAlu :  D=0x0000000000000000
2575000: system.cpu: T0 : 0x22498    : lui a1, 112                : IntAlu :  D=0x0000000000070000
2575500: system.cpu: T0 : 0x2249c    : c_slli a5, 4               : IntAlu :  D=0x0000000000000000
2576500: system.cpu: T0 : 0x2249e    : addi a1, a1, 816           : IntAlu :  D=0x0000000000070330
2577000: system.cpu: T0 : 0x224a2    : c_add a1, a5               : IntAlu :  D=0x0000000000070330
2577500: system.cpu: T0 : 0x224a4    : c_ld a5, 0(a1)             : MemRead :  D=0x000000000006fe60 A=0x70330
2578000: system.cpu: T0 : 0x224a6    : c_sd a4, 32(a0)            : MemWrite :  D=0x0000000000000000 A=0x71ed8
2578500: system.cpu: T0 : 0x224a8    : c_sd a5, 8(a0)             : MemWrite :  D=0x000000000006fe60 A=0x71ec0
2579500: system.cpu: T0 : 0x224aa    : lui a5, 34                 : IntAlu :  D=0x0000000000022000
2580500: system.cpu: T0 : 0x224ae    : addi a5, a5, 1132          : IntAlu :  D=0x000000000002246c
2581000: system.cpu: T0 : 0x224b2    : c_sd a5, 16(a0)            : MemWrite :  D=0x000000000002246c A=0x71ec8
2581500: system.cpu: T0 : 0x224b4    : c_jr ra                    : IntAlu : 
2582000: system.cpu: T0 : 0x10d58    : c_addi4spn a0, sp, 40      : IntAlu :  D=0x7ffffffffffffe18
2583000: system.cpu: T0 : 0x10d5a    : jal ra, 14938              : IntAlu :  D=0x0000000000010d5e
2583500: system.cpu: T0 : 0x147b4    : c_li a1, 0                 : IntAlu :  D=0x0000000000000000
2584000: system.cpu: T0 : 0x147b6    : c_j 6                      : IntAlu : 
2584500: system.cpu: T0 : 0x147bc    : sd ra, 0(a0)               : MemWrite :  D=0x0000000000010d5e A=0x7ffffffffffffe18
2585000: system.cpu: T0 : 0x147c0    : c_sd s0, 8(a0)             : MemWrite :  D=0x00000000000110b8 A=0x7ffffffffffffe20
2585500: system.cpu: T0 : 0x147c2    : c_sd s1, 16(a0)            : MemWrite :  D=0x0000000000011148 A=0x7ffffffffffffe28
2586000: system.cpu: T0 : 0x147c4    : sd s2, 24(a0)              : MemWrite :  D=0x0000000000000000 A=0x7ffffffffffffe30
2586500: system.cpu: T0 : 0x147c8    : sd s3, 32(a0)              : MemWrite :  D=0x0000000000000000 A=0x7ffffffffffffe38
2587000: system.cpu: T0 : 0x147cc    : sd s4, 40(a0)              : MemWrite :  D=0x0000000000000000 A=0x7ffffffffffffe40
2587500: system.cpu: T0 : 0x147d0    : sd s5, 48(a0)              : MemWrite :  D=0x0000000000000000 A=0x7ffffffffffffe48
2588000: system.cpu: T0 : 0x147d4    : sd s6, 56(a0)              : MemWrite :  D=0x0000000000000000 A=0x7ffffffffffffe50
2588500: system.cpu: T0 : 0x147d8    : sd s7, 64(a0)              : MemWrite :  D=0x0000000000000000 A=0x7ffffffffffffe58
2589000: system.cpu: T0 : 0x147dc    : sd s8, 72(a0)              : MemWrite :  D=0x0000000000000000 A=0x7ffffffffffffe60
2589500: system.cpu: T0 : 0x147e0    : sd s9, 80(a0)              : MemWrite :  D=0x0000000000000000 A=0x7ffffffffffffe68
2590000: system.cpu: T0 : 0x147e4    : sd s10, 88(a0)             : MemWrite :  D=0x0000000000000000 A=0x7ffffffffffffe70
2590500: system.cpu: T0 : 0x147e8    : sd s11, 96(a0)             : MemWrite :  D=0x0000000000000000 A=0x7ffffffffffffe78
2591000: system.cpu: T0 : 0x147ec    : sd sp, 104(a0)             : MemWrite :  D=0x7ffffffffffffdf0 A=0x7ffffffffffffe80
2591500: system.cpu: T0 : 0x147f0    : c_fsd fs0, 112(a0)         : FloatMemWrite :  D=0x0000000000000000 A=0x7ffffffffffffe88
2592000: system.cpu: T0 : 0x147f2    : c_fsd fs1, 120(a0)         : FloatMemWrite :  D=0x0000000000000000 A=0x7ffffffffffffe90
2592500: system.cpu: T0 : 0x147f4    : fsd fs2, 128(a0)           : FloatMemWrite :  D=0x0000000000000000 A=0x7ffffffffffffe98
2593000: system.cpu: T0 : 0x147f8    : fsd fs3, 136(a0)           : FloatMemWrite :  D=0x0000000000000000 A=0x7ffffffffffffea0
2593500: system.cpu: T0 : 0x147fc    : fsd fs4, 144(a0)           : FloatMemWrite :  D=0x0000000000000000 A=0x7ffffffffffffea8
2594000: system.cpu: T0 : 0x14800    : fsd fs5, 152(a0)           : FloatMemWrite :  D=0x0000000000000000 A=0x7ffffffffffffeb0
2594500: system.cpu: T0 : 0x14804    : fsd fs6, 160(a0)           : FloatMemWrite :  D=0x0000000000000000 A=0x7ffffffffffffeb8
2595000: system.cpu: T0 : 0x14808    : fsd fs7, 168(a0)           : FloatMemWrite :  D=0x0000000000000000 A=0x7ffffffffffffec0
2595500: system.cpu: T0 : 0x1480c    : fsd fs8, 176(a0)           : FloatMemWrite :  D=0x0000000000000000 A=0x7ffffffffffffec8
2596000: system.cpu: T0 : 0x14810    : fsd fs9, 184(a0)           : FloatMemWrite :  D=0x0000000000000000 A=0x7ffffffffffffed0
2596500: system.cpu: T0 : 0x14814    : fsd fs10, 192(a0)          : FloatMemWrite :  D=0x0000000000000000 A=0x7ffffffffffffed8
2597000: system.cpu: T0 : 0x14818    : fsd fs11, 200(a0)          : FloatMemWrite :  D=0x0000000000000000 A=0x7ffffffffffffee0
2597500: system.cpu: T0 : 0x1481c    : jal zero, 4                : IntAlu :  D=0x0000000000014820
2598000: system.cpu: T0 : 0x14820    : c_addi sp, -16             : IntAlu :  D=0x7ffffffffffffde0
2598500: system.cpu: T0 : 0x14822    : c_sdsp s0, 0(sp)           : MemWrite :  D=0x00000000000110b8 A=0x7ffffffffffffde0
2599000: system.cpu: T0 : 0x14824    : c_sdsp ra, 8(sp)           : MemWrite :  D=0x0000000000010d5e A=0x7ffffffffffffde8
2599500: system.cpu: T0 : 0x14826    : c_mv s0, a0                : IntAlu :  D=0x7ffffffffffffe18
2600000: system.cpu: T0 : 0x14828    : c_bnez a1, 16              : IntAlu : 
2600500: system.cpu: T0 : 0x1482a    : c_ldsp ra, 8(sp)           : MemRead :  D=0x0000000000010d5e A=0x7ffffffffffffde8
2601000: system.cpu: T0 : 0x1482c    : sw a1, 208(s0)             : MemWrite :  D=0x0000000000000000 A=0x7ffffffffffffee8
2601500: system.cpu: T0 : 0x14830    : c_ldsp s0, 0(sp)           : MemRead :  D=0x00000000000110b8 A=0x7ffffffffffffde0
2602000: system.cpu: T0 : 0x14832    : c_li a0, 0                 : IntAlu :  D=0x0000000000000000
2602500: system.cpu: T0 : 0x14834    : c_addi sp, 16              : IntAlu :  D=0x7ffffffffffffdf0
2603000: system.cpu: T0 : 0x14836    : c_jr ra                    : IntAlu : 
2603500: system.cpu: T0 : 0x10d5e    : c_bnez a0, 166             : IntAlu : 
2604000: system.cpu: T0 : 0x10d60    : ld a3, -1552(tp)           : MemRead :  D=0x0000000000000000 A=0x73100
2604500: system.cpu: T0 : 0x10d64    : ld a4, -1560(tp)           : MemRead :  D=0x0000000000000000 A=0x730f8
2605000: system.cpu: T0 : 0x10d68    : ld a2, -1360(gp)           : MemRead :  D=0x7fffffffffffff48 A=0x70ae0
2605500: system.cpu: T0 : 0x10d6c    : c_ldsp a1, 16(sp)          : MemRead :  D=0x7fffffffffffff38 A=0x7ffffffffffffe00
2606000: system.cpu: T0 : 0x10d6e    : c_ldsp a0, 8(sp)           : MemRead :  D=0x0000000000000001 A=0x7ffffffffffffdf8
2606500: system.cpu: T0 : 0x10d70    : c_ldsp a5, 24(sp)          : MemRead :  D=0x0000000000010b70 A=0x7ffffffffffffe08
2607000: system.cpu: T0 : 0x10d72    : c_sdsp a4, 264(sp)         : MemWrite :  D=0x0000000000000000 A=0x7ffffffffffffef8
2607500: system.cpu: T0 : 0x10d74    : c_sdsp a3, 256(sp)         : MemWrite :  D=0x0000000000000000 A=0x7ffffffffffffef0
2608000: system.cpu: T0 : 0x10d76    : c_addi4spn a4, sp, 40      : IntAlu :  D=0x7ffffffffffffe18
2608500: system.cpu: T0 : 0x10d78    : sd a4, -1552(tp)           : MemWrite :  D=0x7ffffffffffffe18 A=0x73100
2609000: system.cpu: T0 : 0x10d7c    : c_jalr a5                  : IntAlu :  D=0x0000000000010d7e
2609500: system.cpu: T0 : 0x10b70    : c_addi sp, -32             : IntAlu :  D=0x7ffffffffffffdd0
2610000: system.cpu: T0 : 0x10b72    : c_sdsp ra, 24(sp)          : MemWrite :  D=0x0000000000010d7e A=0x7ffffffffffffde8
2610500: system.cpu: T0 : 0x10b74    : c_sdsp s0, 16(sp)          : MemWrite :  D=0x00000000000110b8 A=0x7ffffffffffffde0
2611000: system.cpu: T0 : 0x10b76    : c_addi4spn s0, sp, 32      : IntAlu :  D=0x7ffffffffffffdf0
2611500: system.cpu: T0 : 0x10b78    : c_li a5, 1                 : IntAlu :  D=0x0000000000000001
2612500: system.cpu: T0 : 0x10b7a    : sw a5, -20(s0)             : MemWrite :  D=0x0000000000000001 A=0x7ffffffffffffddc
2613500: system.cpu: T0 : 0x10b7e    : sw zero, -24(s0)           : MemWrite :  D=0x0000000000000000 A=0x7ffffffffffffdd8
2614000: system.cpu: T0 : 0x10b82    : c_j 74                     : IntAlu : 
2614500: system.cpu: T0 : 0x10bcc    : lw a5, -24(s0)             : MemRead :  D=0x0000000000000000 A=0x7ffffffffffffdd8
2615000: system.cpu: T0 : 0x10bd0    : addiw a4, a5, 0            : IntAlu :  D=0x0000000000000000
2615500: system.cpu: T0 : 0x10bd4    : addi a5, zero, 63          : IntAlu :  D=0x000000000000003f
2616000: system.cpu: T0 : 0x10bd8    : bge a5, a4, -84            : IntAlu : 
2616500: system.cpu: T0 : 0x10b84    : lw a4, -20(s0)             : MemRead :  D=0x0000000000000001 A=0x7ffffffffffffddc
2617000: system.cpu: T0 : 0x10b88    : c_mv a5, a4                : IntAlu :  D=0x0000000000000001
2618000: system.cpu: T0 : 0x10b8a    : slliw a5, a5, 5            : IntAlu :  D=0x0000000000000020
2618500: system.cpu: T0 : 0x10b8e    : c_addw a5, a4              : IntAlu :  D=0x0000000000000021
2619000: system.cpu: T0 : 0x10b90    : slliw a5, a5, 2            : IntAlu :  D=0x0000000000000084
2619500: system.cpu: T0 : 0x10b94    : c_addw a5, a4              : IntAlu :  D=0x0000000000000085
2620000: system.cpu: T0 : 0x10b96    : c_addiw a5, 0              : IntAlu :  D=0x0000000000000085
2620500: system.cpu: T0 : 0x10b98    : addiw a5, a5, 81           : IntAlu :  D=0x00000000000000d6
2621000: system.cpu: T0 : 0x10b9c    : c_addiw a5, 0              : IntAlu :  D=0x00000000000000d6
2621500: system.cpu: T0 : 0x10b9e    : c_mv a4, a5                : IntAlu :  D=0x00000000000000d6
2622000: system.cpu: T0 : 0x10ba0    : c_lui a5, 16               : IntAlu :  D=0x0000000000010000
2622500: system.cpu: T0 : 0x10ba2    : c_addiw a5, -1             : IntAlu :  D=0x000000000000ffff
2623000: system.cpu: T0 : 0x10ba4    : remw a5, a4, a5            : IntDiv :  D=0x00000000000000d6
2623500: system.cpu: T0 : 0x10ba8    : sw a5, -20(s0)             : MemWrite :  D=0x00000000000000d6 A=0x7ffffffffffffddc
2624000: system.cpu: T0 : 0x10bac    : auipc a4, 96               : IntAlu :  D=0x0000000000070bac
2624500: system.cpu: T0 : 0x10bb0    : ld a4, -916(a4)            : MemRead :  D=0x0000000000071960 A=0x70818
2625000: system.cpu: T0 : 0x10bb4    : lw a5, -24(s0)             : MemRead :  D=0x0000000000000000 A=0x7ffffffffffffdd8
2625500: system.cpu: T0 : 0x10bb8    : c_slli a5, 2               : IntAlu :  D=0x0000000000000000
2626000: system.cpu: T0 : 0x10bba    : c_add a5, a4               : IntAlu :  D=0x0000000000071960
2626500: system.cpu: T0 : 0x10bbc    : lw a4, -20(s0)             : MemRead :  D=0x00000000000000d6 A=0x7ffffffffffffddc
2627000: system.cpu: T0 : 0x10bc0    : c_sw a4, 0(a5)             : MemWrite :  D=0x00000000000000d6 A=0x71960
2628000: system.cpu: T0 : 0x10bc2    : lw a5, -24(s0)             : MemRead :  D=0x0000000000000000 A=0x7ffffffffffffdd8
2628500: system.cpu: T0 : 0x10bc6    : c_addiw a5, 1              : IntAlu :  D=0x0000000000000001
2629000: system.cpu: T0 : 0x10bc8    : sw a5, -24(s0)             : MemWrite :  D=0x0000000000000001 A=0x7ffffffffffffdd8
2629500: system.cpu: T0 : 0x10bcc    : lw a5, -24(s0)             : MemRead :  D=0x0000000000000001 A=0x7ffffffffffffdd8
2630000: system.cpu: T0 : 0x10bd0    : addiw a4, a5, 0            : IntAlu :  D=0x0000000000000001
2630500: system.cpu: T0 : 0x10bd4    : addi a5, zero, 63          : IntAlu :  D=0x000000000000003f
2631000: system.cpu: T0 : 0x10bd8    : bge a5, a4, -84            : IntAlu : 
2631500: system.cpu: T0 : 0x10b84    : lw a4, -20(s0)             : MemRead :  D=0x00000000000000d6 A=0x7ffffffffffffddc
2632000: system.cpu: T0 : 0x10b88    : c_mv a5, a4                : IntAlu :  D=0x00000000000000d6
2633000: system.cpu: T0 : 0x10b8a    : slliw a5, a5, 5            : IntAlu :  D=0x0000000000001ac0
2633500: system.cpu: T0 : 0x10b8e    : c_addw a5, a4              : IntAlu :  D=0x0000000000001b96
2634000: system.cpu: T0 : 0x10b90    : slliw a5, a5, 2            : IntAlu :  D=0x0000000000006e58
2634500: system.cpu: T0 : 0x10b94    : c_addw a5, a4              : IntAlu :  D=0x0000000000006f2e
2635000: system.cpu: T0 : 0x10b96    : c_addiw a5, 0              : IntAlu :  D=0x0000000000006f2e
2635500: system.cpu: T0 : 0x10b98    : addiw a5, a5, 81           : IntAlu :  D=0x0000000000006f7f
2636000: system.cpu: T0 : 0x10b9c    : c_addiw a5, 0              : IntAlu :  D=0x0000000000006f7f
2636500: system.cpu: T0 : 0x10b9e    : c_mv a4, a5                : IntAlu :  D=0x0000000000006f7f
2637000: system.cpu: T0 : 0x10ba0    : c_lui a5, 16               : IntAlu :  D=0x0000000000010000
2637500: system.cpu: T0 : 0x10ba2    : c_addiw a5, -1             : IntAlu :  D=0x000000000000ffff
2638000: system.cpu: T0 : 0x10ba4    : remw a5, a4, a5            : IntDiv :  D=0x0000000000006f7f
2638500: system.cpu: T0 : 0x10ba8    : sw a5, -20(s0)             : MemWrite :  D=0x0000000000006f7f A=0x7ffffffffffffddc
2639000: system.cpu: T0 : 0x10bac    : auipc a4, 96               : IntAlu :  D=0x0000000000070bac
2639500: system.cpu: T0 : 0x10bb0    : ld a4, -916(a4)            : MemRead :  D=0x0000000000071960 A=0x70818
2640000: system.cpu: T0 : 0x10bb4    : lw a5, -24(s0)             : MemRead :  D=0x0000000000000001 A=0x7ffffffffffffdd8
2640500: system.cpu: T0 : 0x10bb8    : c_slli a5, 2               : IntAlu :  D=0x0000000000000004
2641000: system.cpu: T0 : 0x10bba    : c_add a5, a4               : IntAlu :  D=0x0000000000071964
2641500: system.cpu: T0 : 0x10bbc    : lw a4, -20(s0)             : MemRead :  D=0x0000000000006f7f A=0x7ffffffffffffddc
2642000: system.cpu: T0 : 0x10bc0    : c_sw a4, 0(a5)             : MemWrite :  D=0x0000000000006f7f A=0x71964
2643000: system.cpu: T0 : 0x10bc2    : lw a5, -24(s0)             : MemRead :  D=0x0000000000000001 A=0x7ffffffffffffdd8
2643500: system.cpu: T0 : 0x10bc6    : c_addiw a5, 1              : IntAlu :  D=0x0000000000000002
2644000: system.cpu: T0 : 0x10bc8    : sw a5, -24(s0)             : MemWrite :  D=0x0000000000000002 A=0x7ffffffffffffdd8
2644500: system.cpu: T0 : 0x10bcc    : lw a5, -24(s0)             : MemRead :  D=0x0000000000000002 A=0x7ffffffffffffdd8
2645000: system.cpu: T0 : 0x10bd0    : addiw a4, a5, 0            : IntAlu :  D=0x0000000000000002
2645500: system.cpu: T0 : 0x10bd4    : addi a5, zero, 63          : IntAlu :  D=0x000000000000003f
2646000: system.cpu: T0 : 0x10bd8    : bge a5, a4, -84            : IntAlu : 
2646500: system.cpu: T0 : 0x10b84    : lw a4, -20(s0)             : MemRead :  D=0x0000000000006f7f A=0x7ffffffffffffddc
2647000: system.cpu: T0 : 0x10b88    : c_mv a5, a4                : IntAlu :  D=0x0000000000006f7f
2648000: system.cpu: T0 : 0x10b8a    : slliw a5, a5, 5            : IntAlu :  D=0x00000000000defe0
2648500: system.cpu: T0 : 0x10b8e    : c_addw a5, a4              : IntAlu :  D=0x00000000000e5f5f
2649000: system.cpu: T0 : 0x10b90    : slliw a5, a5, 2            : IntAlu :  D=0x0000000000397d7c
2649500: system.cpu: T0 : 0x10b94    : c_addw a5, a4              : IntAlu :  D=0x000000000039ecfb
2650000: system.cpu: T0 : 0x10b96    : c_addiw a5, 0              : IntAlu :  D=0x000000000039ecfb
2650500: system.cpu: T0 : 0x10b98    : addiw a5, a5, 81           : IntAlu :  D=0x000000000039ed4c
2651000: system.cpu: T0 : 0x10b9c    : c_addiw a5, 0              : IntAlu :  D=0x000000000039ed4c
2651500: system.cpu: T0 : 0x10b9e    : c_mv a4, a5                : IntAlu :  D=0x000000000039ed4c
2652000: system.cpu: T0 : 0x10ba0    : c_lui a5, 16               : IntAlu :  D=0x0000000000010000
2652500: system.cpu: T0 : 0x10ba2    : c_addiw a5, -1             : IntAlu :  D=0x000000000000ffff
2653000: system.cpu: T0 : 0x10ba4    : remw a5, a4, a5            : IntDiv :  D=0x000000000000ed85
2653500: system.cpu: T0 : 0x10ba8    : sw a5, -20(s0)             : MemWrite :  D=0x000000000000ed85 A=0x7ffffffffffffddc
2654000: system.cpu: T0 : 0x10bac    : auipc a4, 96               : IntAlu :  D=0x0000000000070bac
2654500: system.cpu: T0 : 0x10bb0    : ld a4, -916(a4)            : MemRead :  D=0x0000000000071960 A=0x70818
2655000: system.cpu: T0 : 0x10bb4    : lw a5, -24(s0)             : MemRead :  D=0x0000000000000002 A=0x7ffffffffffffdd8
2655500: system.cpu: T0 : 0x10bb8    : c_slli a5, 2               : IntAlu :  D=0x0000000000000008
2656000: system.cpu: T0 : 0x10bba    : c_add a5, a4               : IntAlu :  D=0x0000000000071968
2656500: system.cpu: T0 : 0x10bbc    : lw a4, -20(s0)             : MemRead :  D=0x000000000000ed85 A=0x7ffffffffffffddc
2657000: system.cpu: T0 : 0x10bc0    : c_sw a4, 0(a5)             : MemWrite :  D=0x000000000000ed85 A=0x71968
2658000: system.cpu: T0 : 0x10bc2    : lw a5, -24(s0)             : MemRead :  D=0x0000000000000002 A=0x7ffffffffffffdd8
2658500: system.cpu: T0 : 0x10bc6    : c_addiw a5, 1              : IntAlu :  D=0x0000000000000003
2659000: system.cpu: T0 : 0x10bc8    : sw a5, -24(s0)             : MemWrite :  D=0x0000000000000003 A=0x7ffffffffffffdd8
2659500: system.cpu: T0 : 0x10bcc    : lw a5, -24(s0)             : MemRead :  D=0x0000000000000003 A=0x7ffffffffffffdd8
2660000: system.cpu: T0 : 0x10bd0    : addiw a4, a5, 0            : IntAlu :  D=0x0000000000000003
2660500: system.cpu: T0 : 0x10bd4    : addi a5, zero, 63          : IntAlu :  D=0x000000000000003f
2661000: system.cpu: T0 : 0x10bd8    : bge a5, a4, -84            : IntAlu : 
2661500: system.cpu: T0 : 0x10b84    : lw a4, -20(s0)             : MemRead :  D=0x000000000000ed85 A=0x7ffffffffffffddc
2662000: system.cpu: T0 : 0x10b88    : c_mv a5, a4                : IntAlu :  D=0x000000000000ed85
2663000: system.cpu: T0 : 0x10b8a    : slliw a5, a5, 5            : IntAlu :  D=0x00000000001db0a0
2663500: system.cpu: T0 : 0x10b8e    : c_addw a5, a4              : IntAlu :  D=0x00000000001e9e25
2664000: system.cpu: T0 : 0x10b90    : slliw a5, a5, 2            : IntAlu :  D=0x00000000007a7894
2664500: system.cpu: T0 : 0x10b94    : c_addw a5, a4              : IntAlu :  D=0x00000000007b6619
2665000: system.cpu: T0 : 0x10b96    : c_addiw a5, 0              : IntAlu :  D=0x00000000007b6619
2665500: system.cpu: T0 : 0x10b98    : addiw a5, a5, 81           : IntAlu :  D=0x00000000007b666a
2666000: system.cpu: T0 : 0x10b9c    : c_addiw a5, 0              : IntAlu :  D=0x00000000007b666a
2666500: system.cpu: T0 : 0x10b9e    : c_mv a4, a5                : IntAlu :  D=0x00000000007b666a
2667000: system.cpu: T0 : 0x10ba0    : c_lui a5, 16               : IntAlu :  D=0x0000000000010000
2667500: system.cpu: T0 : 0x10ba2    : c_addiw a5, -1             : IntAlu :  D=0x000000000000ffff
2668000: system.cpu: T0 : 0x10ba4    : remw a5, a4, a5            : IntDiv :  D=0x00000000000066e5
2668500: system.cpu: T0 : 0x10ba8    : sw a5, -20(s0)             : MemWrite :  D=0x00000000000066e5 A=0x7ffffffffffffddc
2669000: system.cpu: T0 : 0x10bac    : auipc a4, 96               : IntAlu :  D=0x0000000000070bac
2669500: system.cpu: T0 : 0x10bb0    : ld a4, -916(a4)            : MemRead :  D=0x0000000000071960 A=0x70818
2670000: system.cpu: T0 : 0x10bb4    : lw a5, -24(s0)             : MemRead :  D=0x0000000000000003 A=0x7ffffffffffffdd8
2670500: system.cpu: T0 : 0x10bb8    : c_slli a5, 2               : IntAlu :  D=0x000000000000000c
2671000: system.cpu: T0 : 0x10bba    : c_add a5, a4               : IntAlu :  D=0x000000000007196c
2671500: system.cpu: T0 : 0x10bbc    : lw a4, -20(s0)             : MemRead :  D=0x00000000000066e5 A=0x7ffffffffffffddc
2672000: system.cpu: T0 : 0x10bc0    : c_sw a4, 0(a5)             : MemWrite :  D=0x00000000000066e5 A=0x7196c
2673000: system.cpu: T0 : 0x10bc2    : lw a5, -24(s0)             : MemRead :  D=0x0000000000000003 A=0x7ffffffffffffdd8
2673500: system.cpu: T0 : 0x10bc6    : c_addiw a5, 1              : IntAlu :  D=0x0000000000000004
2674000: system.cpu: T0 : 0x10bc8    : sw a5, -24(s0)             : MemWrite :  D=0x0000000000000004 A=0x7ffffffffffffdd8
2674500: system.cpu: T0 : 0x10bcc    : lw a5, -24(s0)             : MemRead :  D=0x0000000000000004 A=0x7ffffffffffffdd8
2675000: system.cpu: T0 : 0x10bd0    : addiw a4, a5, 0            : IntAlu :  D=0x0000000000000004
2675500: system.cpu: T0 : 0x10bd4    : addi a5, zero, 63          : IntAlu :  D=0x000000000000003f
2676000: system.cpu: T0 : 0x10bd8    : bge a5, a4, -84            : IntAlu : 
2676500: system.cpu: T0 : 0x10b84    : lw a4, -20(s0)             : MemRead :  D=0x00000000000066e5 A=0x7ffffffffffffddc
2677000: system.cpu: T0 : 0x10b88    : c_mv a5, a4                : IntAlu :  D=0x00000000000066e5
2678000: system.cpu: T0 : 0x10b8a    : slliw a5, a5, 5            : IntAlu :  D=0x00000000000cdca0
2678500: system.cpu: T0 : 0x10b8e    : c_addw a5, a4              : IntAlu :  D=0x00000000000d4385
2679000: system.cpu: T0 : 0x10b90    : slliw a5, a5, 2            : IntAlu :  D=0x0000000000350e14
2679500: system.cpu: T0 : 0x10b94    : c_addw a5, a4              : IntAlu :  D=0x00000000003574f9
2680000: system.cpu: T0 : 0x10b96    : c_addiw a5, 0              : IntAlu :  D=0x00000000003574f9
2680500: system.cpu: T0 : 0x10b98    : addiw a5, a5, 81           : IntAlu :  D=0x000000000035754a
2681000: system.cpu: T0 : 0x10b9c    : c_addiw a5, 0              : IntAlu :  D=0x000000000035754a
2681500: system.cpu: T0 : 0x10b9e    : c_mv a4, a5                : IntAlu :  D=0x000000000035754a
2682000: system.cpu: T0 : 0x10ba0    : c_lui a5, 16               : IntAlu :  D=0x0000000000010000
2682500: system.cpu: T0 : 0x10ba2    : c_addiw a5, -1             : IntAlu :  D=0x000000000000ffff
2683000: system.cpu: T0 : 0x10ba4    : remw a5, a4, a5            : IntDiv :  D=0x000000000000757f
2683500: system.cpu: T0 : 0x10ba8    : sw a5, -20(s0)             : MemWrite :  D=0x000000000000757f A=0x7ffffffffffffddc
2684000: system.cpu: T0 : 0x10bac    : auipc a4, 96               : IntAlu :  D=0x0000000000070bac
2684500: system.cpu: T0 : 0x10bb0    : ld a4, -916(a4)            : MemRead :  D=0x0000000000071960 A=0x70818
2685000: system.cpu: T0 : 0x10bb4    : lw a5, -24(s0)             : MemRead :  D=0x0000000000000004 A=0x7ffffffffffffdd8
2685500: system.cpu: T0 : 0x10bb8    : c_slli a5, 2               : IntAlu :  D=0x0000000000000010
2686000: system.cpu: T0 : 0x10bba    : c_add a5, a4               : IntAlu :  D=0x0000000000071970
2686500: system.cpu: T0 : 0x10bbc    : lw a4, -20(s0)             : MemRead :  D=0x000000000000757f A=0x7ffffffffffffddc
2687000: system.cpu: T0 : 0x10bc0    : c_sw a4, 0(a5)             : MemWrite :  D=0x000000000000757f A=0x71970
2688000: system.cpu: T0 : 0x10bc2    : lw a5, -24(s0)             : MemRead :  D=0x0000000000000004 A=0x7ffffffffffffdd8
2688500: system.cpu: T0 : 0x10bc6    : c_addiw a5, 1              : IntAlu :  D=0x0000000000000005
2689000: system.cpu: T0 : 0x10bc8    : sw a5, -24(s0)             : MemWrite :  D=0x0000000000000005 A=0x7ffffffffffffdd8
2689500: system.cpu: T0 : 0x10bcc    : lw a5, -24(s0)             : MemRead :  D=0x0000000000000005 A=0x7ffffffffffffdd8
2690000: system.cpu: T0 : 0x10bd0    : addiw a4, a5, 0            : IntAlu :  D=0x0000000000000005
2690500: system.cpu: T0 : 0x10bd4    : addi a5, zero, 63          : IntAlu :  D=0x000000000000003f
2691000: system.cpu: T0 : 0x10bd8    : bge a5, a4, -84            : IntAlu : 
2691500: system.cpu: T0 : 0x10b84    : lw a4, -20(s0)             : MemRead :  D=0x000000000000757f A=0x7ffffffffffffddc
2692000: system.cpu: T0 : 0x10b88    : c_mv a5, a4                : IntAlu :  D=0x000000000000757f
2693000: system.cpu: T0 : 0x10b8a    : slliw a5, a5, 5            : IntAlu :  D=0x00000000000eafe0
2693500: system.cpu: T0 : 0x10b8e    : c_addw a5, a4              : IntAlu :  D=0x00000000000f255f
2694000: system.cpu: T0 : 0x10b90    : slliw a5, a5, 2            : IntAlu :  D=0x00000000003c957c
2694500: system.cpu: T0 : 0x10b94    : c_addw a5, a4              : IntAlu :  D=0x00000000003d0afb
2695000: system.cpu: T0 : 0x10b96    : c_addiw a5, 0              : IntAlu :  D=0x00000000003d0afb
2695500: system.cpu: T0 : 0x10b98    : addiw a5, a5, 81           : IntAlu :  D=0x00000000003d0b4c
2696000: system.cpu: T0 : 0x10b9c    : c_addiw a5, 0              : IntAlu :  D=0x00000000003d0b4c
2696500: system.cpu: T0 : 0x10b9e    : c_mv a4, a5                : IntAlu :  D=0x00000000003d0b4c
2697000: system.cpu: T0 : 0x10ba0    : c_lui a5, 16               : IntAlu :  D=0x0000000000010000
2697500: system.cpu: T0 : 0x10ba2    : c_addiw a5, -1             : IntAlu :  D=0x000000000000ffff
2698000: system.cpu: T0 : 0x10ba4    : remw a5, a4, a5            : IntDiv :  D=0x0000000000000b89
2698500: system.cpu: T0 : 0x10ba8    : sw a5, -20(s0)             : MemWrite :  D=0x0000000000000b89 A=0x7ffffffffffffddc
2699000: system.cpu: T0 : 0x10bac    : auipc a4, 96               : IntAlu :  D=0x0000000000070bac
2699500: system.cpu: T0 : 0x10bb0    : ld a4, -916(a4)            : MemRead :  D=0x0000000000071960 A=0x70818
2700000: system.cpu: T0 : 0x10bb4    : lw a5, -24(s0)             : MemRead :  D=0x0000000000000005 A=0x7ffffffffffffdd8
2700500: system.cpu: T0 : 0x10bb8    : c_slli a5, 2               : IntAlu :  D=0x0000000000000014
2701000: system.cpu: T0 : 0x10bba    : c_add a5, a4               : IntAlu :  D=0x0000000000071974
2701500: system.cpu: T0 : 0x10bbc    : lw a4, -20(s0)             : MemRead :  D=0x0000000000000b89 A=0x7ffffffffffffddc
2702000: system.cpu: T0 : 0x10bc0    : c_sw a4, 0(a5)             : MemWrite :  D=0x0000000000000b89 A=0x71974
2703000: system.cpu: T0 : 0x10bc2    : lw a5, -24(s0)             : MemRead :  D=0x0000000000000005 A=0x7ffffffffffffdd8
2703500: system.cpu: T0 : 0x10bc6    : c_addiw a5, 1              : IntAlu :  D=0x0000000000000006
2704000: system.cpu: T0 : 0x10bc8    : sw a5, -24(s0)             : MemWrite :  D=0x0000000000000006 A=0x7ffffffffffffdd8
2704500: system.cpu: T0 : 0x10bcc    : lw a5, -24(s0)             : MemRead :  D=0x0000000000000006 A=0x7ffffffffffffdd8
2705000: system.cpu: T0 : 0x10bd0    : addiw a4, a5, 0            : IntAlu :  D=0x0000000000000006
2705500: system.cpu: T0 : 0x10bd4    : addi a5, zero, 63          : IntAlu :  D=0x000000000000003f
2706000: system.cpu: T0 : 0x10bd8    : bge a5, a4, -84            : IntAlu : 
2706500: system.cpu: T0 : 0x10b84    : lw a4, -20(s0)             : MemRead :  D=0x0000000000000b89 A=0x7ffffffffffffddc
2707000: system.cpu: T0 : 0x10b88    : c_mv a5, a4                : IntAlu :  D=0x0000000000000b89
2708000: system.cpu: T0 : 0x10b8a    : slliw a5, a5, 5            : IntAlu :  D=0x0000000000017120
2708500: system.cpu: T0 : 0x10b8e    : c_addw a5, a4              : IntAlu :  D=0x0000000000017ca9
2709000: system.cpu: T0 : 0x10b90    : slliw a5, a5, 2            : IntAlu :  D=0x000000000005f2a4
2709500: system.cpu: T0 : 0x10b94    : c_addw a5, a4              : IntAlu :  D=0x000000000005fe2d
2710000: system.cpu: T0 : 0x10b96    : c_addiw a5, 0              : IntAlu :  D=0x000000000005fe2d
2710500: system.cpu: T0 : 0x10b98    : addiw a5, a5, 81           : IntAlu :  D=0x000000000005fe7e
2711000: system.cpu: T0 : 0x10b9c    : c_addiw a5, 0              : IntAlu :  D=0x000000000005fe7e
2711500: system.cpu: T0 : 0x10b9e    : c_mv a4, a5                : IntAlu :  D=0x000000000005fe7e
2712000: system.cpu: T0 : 0x10ba0    : c_lui a5, 16               : IntAlu :  D=0x0000000000010000
2712500: system.cpu: T0 : 0x10ba2    : c_addiw a5, -1             : IntAlu :  D=0x000000000000ffff
2713000: system.cpu: T0 : 0x10ba4    : remw a5, a4, a5            : IntDiv :  D=0x000000000000fe83
2713500: system.cpu: T0 : 0x10ba8    : sw a5, -20(s0)             : MemWrite :  D=0x000000000000fe83 A=0x7ffffffffffffddc
2714000: system.cpu: T0 : 0x10bac    : auipc a4, 96               : IntAlu :  D=0x0000000000070bac
2714500: system.cpu: T0 : 0x10bb0    : ld a4, -916(a4)            : MemRead :  D=0x0000000000071960 A=0x70818
2715000: system.cpu: T0 : 0x10bb4    : lw a5, -24(s0)             : MemRead :  D=0x0000000000000006 A=0x7ffffffffffffdd8
2715500: system.cpu: T0 : 0x10bb8    : c_slli a5, 2               : IntAlu :  D=0x0000000000000018
2716000: system.cpu: T0 : 0x10bba    : c_add a5, a4               : IntAlu :  D=0x0000000000071978
2716500: system.cpu: T0 : 0x10bbc    : lw a4, -20(s0)             : MemRead :  D=0x000000000000fe83 A=0x7ffffffffffffddc
2717000: system.cpu: T0 : 0x10bc0    : c_sw a4, 0(a5)             : MemWrite :  D=0x000000000000fe83 A=0x71978
2718000: system.cpu: T0 : 0x10bc2    : lw a5, -24(s0)             : MemRead :  D=0x0000000000000006 A=0x7ffffffffffffdd8
2718500: system.cpu: T0 : 0x10bc6    : c_addiw a5, 1              : IntAlu :  D=0x0000000000000007
2719000: system.cpu: T0 : 0x10bc8    : sw a5, -24(s0)             : MemWrite :  D=0x0000000000000007 A=0x7ffffffffffffdd8
2719500: system.cpu: T0 : 0x10bcc    : lw a5, -24(s0)             : MemRead :  D=0x0000000000000007 A=0x7ffffffffffffdd8
2720000: system.cpu: T0 : 0x10bd0    : addiw a4, a5, 0            : IntAlu :  D=0x0000000000000007
2720500: system.cpu: T0 : 0x10bd4    : addi a5, zero, 63          : IntAlu :  D=0x000000000000003f
2721000: system.cpu: T0 : 0x10bd8    : bge a5, a4, -84            : IntAlu : 
2721500: system.cpu: T0 : 0x10b84    : lw a4, -20(s0)             : MemRead :  D=0x000000000000fe83 A=0x7ffffffffffffddc
2722000: system.cpu: T0 : 0x10b88    : c_mv a5, a4                : IntAlu :  D=0x000000000000fe83
2723000: system.cpu: T0 : 0x10b8a    : slliw a5, a5, 5            : IntAlu :  D=0x00000000001fd060
2723500: system.cpu: T0 : 0x10b8e    : c_addw a5, a4              : IntAlu :  D=0x000000000020cee3
2724000: system.cpu: T0 : 0x10b90    : slliw a5, a5, 2            : IntAlu :  D=0x0000000000833b8c
2724500: system.cpu: T0 : 0x10b94    : c_addw a5, a4              : IntAlu :  D=0x0000000000843a0f
2725000: system.cpu: T0 : 0x10b96    : c_addiw a5, 0              : IntAlu :  D=0x0000000000843a0f
2725500: system.cpu: T0 : 0x10b98    : addiw a5, a5, 81           : IntAlu :  D=0x0000000000843a60
2726000: system.cpu: T0 : 0x10b9c    : c_addiw a5, 0              : IntAlu :  D=0x0000000000843a60
2726500: system.cpu: T0 : 0x10b9e    : c_mv a4, a5                : IntAlu :  D=0x0000000000843a60
2727000: system.cpu: T0 : 0x10ba0    : c_lui a5, 16               : IntAlu :  D=0x0000000000010000
2727500: system.cpu: T0 : 0x10ba2    : c_addiw a5, -1             : IntAlu :  D=0x000000000000ffff
2728000: system.cpu: T0 : 0x10ba4    : remw a5, a4, a5            : IntDiv :  D=0x0000000000003ae4
2728500: system.cpu: T0 : 0x10ba8    : sw a5, -20(s0)             : MemWrite :  D=0x0000000000003ae4 A=0x7ffffffffffffddc
2729000: system.cpu: T0 : 0x10bac    : auipc a4, 96               : IntAlu :  D=0x0000000000070bac
2729500: system.cpu: T0 : 0x10bb0    : ld a4, -916(a4)            : MemRead :  D=0x0000000000071960 A=0x70818
2730000: system.cpu: T0 : 0x10bb4    : lw a5, -24(s0)             : MemRead :  D=0x0000000000000007 A=0x7ffffffffffffdd8
2730500: system.cpu: T0 : 0x10bb8    : c_slli a5, 2               : IntAlu :  D=0x000000000000001c
2731000: system.cpu: T0 : 0x10bba    : c_add a5, a4               : IntAlu :  D=0x000000000007197c
2731500: system.cpu: T0 : 0x10bbc    : lw a4, -20(s0)             : MemRead :  D=0x0000000000003ae4 A=0x7ffffffffffffddc
2732000: system.cpu: T0 : 0x10bc0    : c_sw a4, 0(a5)             : MemWrite :  D=0x0000000000003ae4 A=0x7197c
2733000: system.cpu: T0 : 0x10bc2    : lw a5, -24(s0)             : MemRead :  D=0x0000000000000007 A=0x7ffffffffffffdd8
2733500: system.cpu: T0 : 0x10bc6    : c_addiw a5, 1              : IntAlu :  D=0x0000000000000008
2734000: system.cpu: T0 : 0x10bc8    : sw a5, -24(s0)             : MemWrite :  D=0x0000000000000008 A=0x7ffffffffffffdd8
2734500: system.cpu: T0 : 0x10bcc    : lw a5, -24(s0)             : MemRead :  D=0x0000000000000008 A=0x7ffffffffffffdd8
2735000: system.cpu: T0 : 0x10bd0    : addiw a4, a5, 0            : IntAlu :  D=0x0000000000000008
2735500: system.cpu: T0 : 0x10bd4    : addi a5, zero, 63          : IntAlu :  D=0x000000000000003f
2736000: system.cpu: T0 : 0x10bd8    : bge a5, a4, -84            : IntAlu : 
2736500: system.cpu: T0 : 0x10b84    : lw a4, -20(s0)             : MemRead :  D=0x0000000000003ae4 A=0x7ffffffffffffddc
2737000: system.cpu: T0 : 0x10b88    : c_mv a5, a4                : IntAlu :  D=0x0000000000003ae4
2738000: system.cpu: T0 : 0x10b8a    : slliw a5, a5, 5            : IntAlu :  D=0x0000000000075c80
2738500: system.cpu: T0 : 0x10b8e    : c_addw a5, a4              : IntAlu :  D=0x0000000000079764
2739000: system.cpu: T0 : 0x10b90    : slliw a5, a5, 2            : IntAlu :  D=0x00000000001e5d90
2739500: system.cpu: T0 : 0x10b94    : c_addw a5, a4              : IntAlu :  D=0x00000000001e9874
2740000: system.cpu: T0 : 0x10b96    : c_addiw a5, 0              : IntAlu :  D=0x00000000001e9874
2740500: system.cpu: T0 : 0x10b98    : addiw a5, a5, 81           : IntAlu :  D=0x00000000001e98c5
2741000: system.cpu: T0 : 0x10b9c    : c_addiw a5, 0              : IntAlu :  D=0x00000000001e98c5
2741500: system.cpu: T0 : 0x10b9e    : c_mv a4, a5                : IntAlu :  D=0x00000000001e98c5
2742000: system.cpu: T0 : 0x10ba0    : c_lui a5, 16               : IntAlu :  D=0x0000000000010000
2742500: system.cpu: T0 : 0x10ba2    : c_addiw a5, -1             : IntAlu :  D=0x000000000000ffff
2743000: system.cpu: T0 : 0x10ba4    : remw a5, a4, a5            : IntDiv :  D=0x00000000000098e3
2743500: system.cpu: T0 : 0x10ba8    : sw a5, -20(s0)             : MemWrite :  D=0x00000000000098e3 A=0x7ffffffffffffddc
2744000: system.cpu: T0 : 0x10bac    : auipc a4, 96               : IntAlu :  D=0x0000000000070bac
2744500: system.cpu: T0 : 0x10bb0    : ld a4, -916(a4)            : MemRead :  D=0x0000000000071960 A=0x70818
2745000: system.cpu: T0 : 0x10bb4    : lw a5, -24(s0)             : MemRead :  D=0x0000000000000008 A=0x7ffffffffffffdd8
2745500: system.cpu: T0 : 0x10bb8    : c_slli a5, 2               : IntAlu :  D=0x0000000000000020
2746000: system.cpu: T0 : 0x10bba    : c_add a5, a4               : IntAlu :  D=0x0000000000071980
2746500: system.cpu: T0 : 0x10bbc    : lw a4, -20(s0)             : MemRead :  D=0x00000000000098e3 A=0x7ffffffffffffddc
2747000: system.cpu: T0 : 0x10bc0    : c_sw a4, 0(a5)             : MemWrite :  D=0x00000000000098e3 A=0x71980
2748000: system.cpu: T0 : 0x10bc2    : lw a5, -24(s0)             : MemRead :  D=0x0000000000000008 A=0x7ffffffffffffdd8
2748500: system.cpu: T0 : 0x10bc6    : c_addiw a5, 1              : IntAlu :  D=0x0000000000000009
2749000: system.cpu: T0 : 0x10bc8    : sw a5, -24(s0)             : MemWrite :  D=0x0000000000000009 A=0x7ffffffffffffdd8
2749500: system.cpu: T0 : 0x10bcc    : lw a5, -24(s0)             : MemRead :  D=0x0000000000000009 A=0x7ffffffffffffdd8
2750000: system.cpu: T0 : 0x10bd0    : addiw a4, a5, 0            : IntAlu :  D=0x0000000000000009
2750500: system.cpu: T0 : 0x10bd4    : addi a5, zero, 63          : IntAlu :  D=0x000000000000003f
2751000: system.cpu: T0 : 0x10bd8    : bge a5, a4, -84            : IntAlu : 
2751500: system.cpu: T0 : 0x10b84    : lw a4, -20(s0)             : MemRead :  D=0x00000000000098e3 A=0x7ffffffffffffddc
2752000: system.cpu: T0 : 0x10b88    : c_mv a5, a4                : IntAlu :  D=0x00000000000098e3
2753000: system.cpu: T0 : 0x10b8a    : slliw a5, a5, 5            : IntAlu :  D=0x0000000000131c60
2753500: system.cpu: T0 : 0x10b8e    : c_addw a5, a4              : IntAlu :  D=0x000000000013b543
2754000: system.cpu: T0 : 0x10b90    : slliw a5, a5, 2            : IntAlu :  D=0x00000000004ed50c
2754500: system.cpu: T0 : 0x10b94    : c_addw a5, a4              : IntAlu :  D=0x00000000004f6def
2755000: system.cpu: T0 : 0x10b96    : c_addiw a5, 0              : IntAlu :  D=0x00000000004f6def
2755500: system.cpu: T0 : 0x10b98    : addiw a5, a5, 81           : IntAlu :  D=0x00000000004f6e40
2756000: system.cpu: T0 : 0x10b9c    : c_addiw a5, 0              : IntAlu :  D=0x00000000004f6e40
2756500: system.cpu: T0 : 0x10b9e    : c_mv a4, a5                : IntAlu :  D=0x00000000004f6e40
2757000: system.cpu: T0 : 0x10ba0    : c_lui a5, 16               : IntAlu :  D=0x0000000000010000
2757500: system.cpu: T0 : 0x10ba2    : c_addiw a5, -1             : IntAlu :  D=0x000000000000ffff
2758000: system.cpu: T0 : 0x10ba4    : remw a5, a4, a5            : IntDiv :  D=0x0000000000006e8f
2758500: system.cpu: T0 : 0x10ba8    : sw a5, -20(s0)             : MemWrite :  D=0x0000000000006e8f A=0x7ffffffffffffddc
2759000: system.cpu: T0 : 0x10bac    : auipc a4, 96               : IntAlu :  D=0x0000000000070bac
2759500: system.cpu: T0 : 0x10bb0    : ld a4, -916(a4)            : MemRead :  D=0x0000000000071960 A=0x70818
2760000: system.cpu: T0 : 0x10bb4    : lw a5, -24(s0)             : MemRead :  D=0x0000000000000009 A=0x7ffffffffffffdd8
2760500: system.cpu: T0 : 0x10bb8    : c_slli a5, 2               : IntAlu :  D=0x0000000000000024
2761000: system.cpu: T0 : 0x10bba    : c_add a5, a4               : IntAlu :  D=0x0000000000071984
2761500: system.cpu: T0 : 0x10bbc    : lw a4, -20(s0)             : MemRead :  D=0x0000000000006e8f A=0x7ffffffffffffddc
2762000: system.cpu: T0 : 0x10bc0    : c_sw a4, 0(a5)             : MemWrite :  D=0x0000000000006e8f A=0x71984
2763000: system.cpu: T0 : 0x10bc2    : lw a5, -24(s0)             : MemRead :  D=0x0000000000000009 A=0x7ffffffffffffdd8
2763500: system.cpu: T0 : 0x10bc6    : c_addiw a5, 1              : IntAlu :  D=0x000000000000000a
2764000: system.cpu: T0 : 0x10bc8    : sw a5, -24(s0)             : MemWrite :  D=0x000000000000000a A=0x7ffffffffffffdd8
2764500: system.cpu: T0 : 0x10bcc    : lw a5, -24(s0)             : MemRead :  D=0x000000000000000a A=0x7ffffffffffffdd8
2765000: system.cpu: T0 : 0x10bd0    : addiw a4, a5, 0            : IntAlu :  D=0x000000000000000a
2765500: system.cpu: T0 : 0x10bd4    : addi a5, zero, 63          : IntAlu :  D=0x000000000000003f
2766000: system.cpu: T0 : 0x10bd8    : bge a5, a4, -84            : IntAlu : 
2766500: system.cpu: T0 : 0x10b84    : lw a4, -20(s0)             : MemRead :  D=0x0000000000006e8f A=0x7ffffffffffffddc
2767000: system.cpu: T0 : 0x10b88    : c_mv a5, a4                : IntAlu :  D=0x0000000000006e8f
2768000: system.cpu: T0 : 0x10b8a    : slliw a5, a5, 5            : IntAlu :  D=0x00000000000dd1e0
2768500: system.cpu: T0 : 0x10b8e    : c_addw a5, a4              : IntAlu :  D=0x00000000000e406f
2769000: system.cpu: T0 : 0x10b90    : slliw a5, a5, 2            : IntAlu :  D=0x00000000003901bc
2769500: system.cpu: T0 : 0x10b94    : c_addw a5, a4              : IntAlu :  D=0x000000000039704b
2770000: system.cpu: T0 : 0x10b96    : c_addiw a5, 0              : IntAlu :  D=0x000000000039704b
2770500: system.cpu: T0 : 0x10b98    : addiw a5, a5, 81           : IntAlu :  D=0x000000000039709c
2771000: system.cpu: T0 : 0x10b9c    : c_addiw a5, 0              : IntAlu :  D=0x000000000039709c
2771500: system.cpu: T0 : 0x10b9e    : c_mv a4, a5                : IntAlu :  D=0x000000000039709c
2772000: system.cpu: T0 : 0x10ba0    : c_lui a5, 16               : IntAlu :  D=0x0000000000010000
2772500: system.cpu: T0 : 0x10ba2    : c_addiw a5, -1             : IntAlu :  D=0x000000000000ffff
2773000: system.cpu: T0 : 0x10ba4    : remw a5, a4, a5            : IntDiv :  D=0x00000000000070d5
2773500: system.cpu: T0 : 0x10ba8    : sw a5, -20(s0)             : MemWrite :  D=0x00000000000070d5 A=0x7ffffffffffffddc
2774000: system.cpu: T0 : 0x10bac    : auipc a4, 96               : IntAlu :  D=0x0000000000070bac
2774500: system.cpu: T0 : 0x10bb0    : ld a4, -916(a4)            : MemRead :  D=0x0000000000071960 A=0x70818
2775000: system.cpu: T0 : 0x10bb4    : lw a5, -24(s0)             : MemRead :  D=0x000000000000000a A=0x7ffffffffffffdd8
2775500: system.cpu: T0 : 0x10bb8    : c_slli a5, 2               : IntAlu :  D=0x0000000000000028
2776000: system.cpu: T0 : 0x10bba    : c_add a5, a4               : IntAlu :  D=0x0000000000071988
2776500: system.cpu: T0 : 0x10bbc    : lw a4, -20(s0)             : MemRead :  D=0x00000000000070d5 A=0x7ffffffffffffddc
2777000: system.cpu: T0 : 0x10bc0    : c_sw a4, 0(a5)             : MemWrite :  D=0x00000000000070d5 A=0x71988
2778000: system.cpu: T0 : 0x10bc2    : lw a5, -24(s0)             : MemRead :  D=0x000000000000000a A=0x7ffffffffffffdd8
2778500: system.cpu: T0 : 0x10bc6    : c_addiw a5, 1              : IntAlu :  D=0x000000000000000b
2779000: system.cpu: T0 : 0x10bc8    : sw a5, -24(s0)             : MemWrite :  D=0x000000000000000b A=0x7ffffffffffffdd8
2779500: system.cpu: T0 : 0x10bcc    : lw a5, -24(s0)             : MemRead :  D=0x000000000000000b A=0x7ffffffffffffdd8
2780000: system.cpu: T0 : 0x10bd0    : addiw a4, a5, 0            : IntAlu :  D=0x000000000000000b
2780500: system.cpu: T0 : 0x10bd4    : addi a5, zero, 63          : IntAlu :  D=0x000000000000003f
2781000: system.cpu: T0 : 0x10bd8    : bge a5, a4, -84            : IntAlu : 
2781500: system.cpu: T0 : 0x10b84    : lw a4, -20(s0)             : MemRead :  D=0x00000000000070d5 A=0x7ffffffffffffddc
2782000: system.cpu: T0 : 0x10b88    : c_mv a5, a4                : IntAlu :  D=0x00000000000070d5
2783000: system.cpu: T0 : 0x10b8a    : slliw a5, a5, 5            : IntAlu :  D=0x00000000000e1aa0
2783500: system.cpu: T0 : 0x10b8e    : c_addw a5, a4              : IntAlu :  D=0x00000000000e8b75
2784000: system.cpu: T0 : 0x10b90    : slliw a5, a5, 2            : IntAlu :  D=0x00000000003a2dd4
2784500: system.cpu: T0 : 0x10b94    : c_addw a5, a4              : IntAlu :  D=0x00000000003a9ea9
2785000: system.cpu: T0 : 0x10b96    : c_addiw a5, 0              : IntAlu :  D=0x00000000003a9ea9
2785500: system.cpu: T0 : 0x10b98    : addiw a5, a5, 81           : IntAlu :  D=0x00000000003a9efa
2786000: system.cpu: T0 : 0x10b9c    : c_addiw a5, 0              : IntAlu :  D=0x00000000003a9efa
2786500: system.cpu: T0 : 0x10b9e    : c_mv a4, a5                : IntAlu :  D=0x00000000003a9efa
2787000: system.cpu: T0 : 0x10ba0    : c_lui a5, 16               : IntAlu :  D=0x0000000000010000
2787500: system.cpu: T0 : 0x10ba2    : c_addiw a5, -1             : IntAlu :  D=0x000000000000ffff
2788000: system.cpu: T0 : 0x10ba4    : remw a5, a4, a5            : IntDiv :  D=0x0000000000009f34
2788500: system.cpu: T0 : 0x10ba8    : sw a5, -20(s0)             : MemWrite :  D=0x0000000000009f34 A=0x7ffffffffffffddc
2789000: system.cpu: T0 : 0x10bac    : auipc a4, 96               : IntAlu :  D=0x0000000000070bac
2789500: system.cpu: T0 : 0x10bb0    : ld a4, -916(a4)            : MemRead :  D=0x0000000000071960 A=0x70818
2790000: system.cpu: T0 : 0x10bb4    : lw a5, -24(s0)             : MemRead :  D=0x000000000000000b A=0x7ffffffffffffdd8
2790500: system.cpu: T0 : 0x10bb8    : c_slli a5, 2               : IntAlu :  D=0x000000000000002c
2791000: system.cpu: T0 : 0x10bba    : c_add a5, a4               : IntAlu :  D=0x000000000007198c
2791500: system.cpu: T0 : 0x10bbc    : lw a4, -20(s0)             : MemRead :  D=0x0000000000009f34 A=0x7ffffffffffffddc
2792000: system.cpu: T0 : 0x10bc0    : c_sw a4, 0(a5)             : MemWrite :  D=0x0000000000009f34 A=0x7198c
2793000: system.cpu: T0 : 0x10bc2    : lw a5, -24(s0)             : MemRead :  D=0x000000000000000b A=0x7ffffffffffffdd8
2793500: system.cpu: T0 : 0x10bc6    : c_addiw a5, 1              : IntAlu :  D=0x000000000000000c
2794000: system.cpu: T0 : 0x10bc8    : sw a5, -24(s0)             : MemWrite :  D=0x000000000000000c A=0x7ffffffffffffdd8
2794500: system.cpu: T0 : 0x10bcc    : lw a5, -24(s0)             : MemRead :  D=0x000000000000000c A=0x7ffffffffffffdd8
2795000: system.cpu: T0 : 0x10bd0    : addiw a4, a5, 0            : IntAlu :  D=0x000000000000000c
2795500: system.cpu: T0 : 0x10bd4    : addi a5, zero, 63          : IntAlu :  D=0x000000000000003f
2796000: system.cpu: T0 : 0x10bd8    : bge a5, a4, -84            : IntAlu : 
2796500: system.cpu: T0 : 0x10b84    : lw a4, -20(s0)             : MemRead :  D=0x0000000000009f34 A=0x7ffffffffffffddc
2797000: system.cpu: T0 : 0x10b88    : c_mv a5, a4                : IntAlu :  D=0x0000000000009f34
2798000: system.cpu: T0 : 0x10b8a    : slliw a5, a5, 5            : IntAlu :  D=0x000000000013e680
2798500: system.cpu: T0 : 0x10b8e    : c_addw a5, a4              : IntAlu :  D=0x00000000001485b4
2799000: system.cpu: T0 : 0x10b90    : slliw a5, a5, 2            : IntAlu :  D=0x00000000005216d0
2799500: system.cpu: T0 : 0x10b94    : c_addw a5, a4              : IntAlu :  D=0x000000000052b604
2800000: system.cpu: T0 : 0x10b96    : c_addiw a5, 0              : IntAlu :  D=0x000000000052b604
2800500: system.cpu: T0 : 0x10b98    : addiw a5, a5, 81           : IntAlu :  D=0x000000000052b655
2801000: system.cpu: T0 : 0x10b9c    : c_addiw a5, 0              : IntAlu :  D=0x000000000052b655
2801500: system.cpu: T0 : 0x10b9e    : c_mv a4, a5                : IntAlu :  D=0x000000000052b655
2802000: system.cpu: T0 : 0x10ba0    : c_lui a5, 16               : IntAlu :  D=0x0000000000010000
2802500: system.cpu: T0 : 0x10ba2    : c_addiw a5, -1             : IntAlu :  D=0x000000000000ffff
2803000: system.cpu: T0 : 0x10ba4    : remw a5, a4, a5            : IntDiv :  D=0x000000000000b6a7
2803500: system.cpu: T0 : 0x10ba8    : sw a5, -20(s0)             : MemWrite :  D=0x000000000000b6a7 A=0x7ffffffffffffddc
2804000: system.cpu: T0 : 0x10bac    : auipc a4, 96               : IntAlu :  D=0x0000000000070bac
2804500: system.cpu: T0 : 0x10bb0    : ld a4, -916(a4)            : MemRead :  D=0x0000000000071960 A=0x70818
2805000: system.cpu: T0 : 0x10bb4    : lw a5, -24(s0)             : MemRead :  D=0x000000000000000c A=0x7ffffffffffffdd8
2805500: system.cpu: T0 : 0x10bb8    : c_slli a5, 2               : IntAlu :  D=0x0000000000000030
2806000: system.cpu: T0 : 0x10bba    : c_add a5, a4               : IntAlu :  D=0x0000000000071990
2806500: system.cpu: T0 : 0x10bbc    : lw a4, -20(s0)             : MemRead :  D=0x000000000000b6a7 A=0x7ffffffffffffddc
2807000: system.cpu: T0 : 0x10bc0    : c_sw a4, 0(a5)             : MemWrite :  D=0x000000000000b6a7 A=0x71990
2808000: system.cpu: T0 : 0x10bc2    : lw a5, -24(s0)             : MemRead :  D=0x000000000000000c A=0x7ffffffffffffdd8
2808500: system.cpu: T0 : 0x10bc6    : c_addiw a5, 1              : IntAlu :  D=0x000000000000000d
2809000: system.cpu: T0 : 0x10bc8    : sw a5, -24(s0)             : MemWrite :  D=0x000000000000000d A=0x7ffffffffffffdd8
2809500: system.cpu: T0 : 0x10bcc    : lw a5, -24(s0)             : MemRead :  D=0x000000000000000d A=0x7ffffffffffffdd8
2810000: system.cpu: T0 : 0x10bd0    : addiw a4, a5, 0            : IntAlu :  D=0x000000000000000d
2810500: system.cpu: T0 : 0x10bd4    : addi a5, zero, 63          : IntAlu :  D=0x000000000000003f
2811000: system.cpu: T0 : 0x10bd8    : bge a5, a4, -84            : IntAlu : 
2811500: system.cpu: T0 : 0x10b84    : lw a4, -20(s0)             : MemRead :  D=0x000000000000b6a7 A=0x7ffffffffffffddc
2812000: system.cpu: T0 : 0x10b88    : c_mv a5, a4                : IntAlu :  D=0x000000000000b6a7
2813000: system.cpu: T0 : 0x10b8a    : slliw a5, a5, 5            : IntAlu :  D=0x000000000016d4e0
2813500: system.cpu: T0 : 0x10b8e    : c_addw a5, a4              : IntAlu :  D=0x0000000000178b87
2814000: system.cpu: T0 : 0x10b90    : slliw a5, a5, 2            : IntAlu :  D=0x00000000005e2e1c
2814500: system.cpu: T0 : 0x10b94    : c_addw a5, a4              : IntAlu :  D=0x00000000005ee4c3
2815000: system.cpu: T0 : 0x10b96    : c_addiw a5, 0              : IntAlu :  D=0x00000000005ee4c3
2815500: system.cpu: T0 : 0x10b98    : addiw a5, a5, 81           : IntAlu :  D=0x00000000005ee514
2816000: system.cpu: T0 : 0x10b9c    : c_addiw a5, 0              : IntAlu :  D=0x00000000005ee514
2816500: system.cpu: T0 : 0x10b9e    : c_mv a4, a5                : IntAlu :  D=0x00000000005ee514
2817000: system.cpu: T0 : 0x10ba0    : c_lui a5, 16               : IntAlu :  D=0x0000000000010000
2817500: system.cpu: T0 : 0x10ba2    : c_addiw a5, -1             : IntAlu :  D=0x000000000000ffff
2818000: system.cpu: T0 : 0x10ba4    : remw a5, a4, a5            : IntDiv :  D=0x000000000000e572
2818500: system.cpu: T0 : 0x10ba8    : sw a5, -20(s0)             : MemWrite :  D=0x000000000000e572 A=0x7ffffffffffffddc
2819000: system.cpu: T0 : 0x10bac    : auipc a4, 96               : IntAlu :  D=0x0000000000070bac
2819500: system.cpu: T0 : 0x10bb0    : ld a4, -916(a4)            : MemRead :  D=0x0000000000071960 A=0x70818
2820000: system.cpu: T0 : 0x10bb4    : lw a5, -24(s0)             : MemRead :  D=0x000000000000000d A=0x7ffffffffffffdd8
2820500: system.cpu: T0 : 0x10bb8    : c_slli a5, 2               : IntAlu :  D=0x0000000000000034
2821000: system.cpu: T0 : 0x10bba    : c_add a5, a4               : IntAlu :  D=0x0000000000071994
2821500: system.cpu: T0 : 0x10bbc    : lw a4, -20(s0)             : MemRead :  D=0x000000000000e572 A=0x7ffffffffffffddc
2822000: system.cpu: T0 : 0x10bc0    : c_sw a4, 0(a5)             : MemWrite :  D=0x000000000000e572 A=0x71994
2823000: system.cpu: T0 : 0x10bc2    : lw a5, -24(s0)             : MemRead :  D=0x000000000000000d A=0x7ffffffffffffdd8
2823500: system.cpu: T0 : 0x10bc6    : c_addiw a5, 1              : IntAlu :  D=0x000000000000000e
2824000: system.cpu: T0 : 0x10bc8    : sw a5, -24(s0)             : MemWrite :  D=0x000000000000000e A=0x7ffffffffffffdd8
2824500: system.cpu: T0 : 0x10bcc    : lw a5, -24(s0)             : MemRead :  D=0x000000000000000e A=0x7ffffffffffffdd8
2825000: system.cpu: T0 : 0x10bd0    : addiw a4, a5, 0            : IntAlu :  D=0x000000000000000e
2825500: system.cpu: T0 : 0x10bd4    : addi a5, zero, 63          : IntAlu :  D=0x000000000000003f
2826000: system.cpu: T0 : 0x10bd8    : bge a5, a4, -84            : IntAlu : 
2826500: system.cpu: T0 : 0x10b84    : lw a4, -20(s0)             : MemRead :  D=0x000000000000e572 A=0x7ffffffffffffddc
2827000: system.cpu: T0 : 0x10b88    : c_mv a5, a4                : IntAlu :  D=0x000000000000e572
2828000: system.cpu: T0 : 0x10b8a    : slliw a5, a5, 5            : IntAlu :  D=0x00000000001cae40
2828500: system.cpu: T0 : 0x10b8e    : c_addw a5, a4              : IntAlu :  D=0x00000000001d93b2
2829000: system.cpu: T0 : 0x10b90    : slliw a5, a5, 2            : IntAlu :  D=0x0000000000764ec8
2829500: system.cpu: T0 : 0x10b94    : c_addw a5, a4              : IntAlu :  D=0x000000000077343a
2830000: system.cpu: T0 : 0x10b96    : c_addiw a5, 0              : IntAlu :  D=0x000000000077343a
2830500: system.cpu: T0 : 0x10b98    : addiw a5, a5, 81           : IntAlu :  D=0x000000000077348b
2831000: system.cpu: T0 : 0x10b9c    : c_addiw a5, 0              : IntAlu :  D=0x000000000077348b
2831500: system.cpu: T0 : 0x10b9e    : c_mv a4, a5                : IntAlu :  D=0x000000000077348b
2832000: system.cpu: T0 : 0x10ba0    : c_lui a5, 16               : IntAlu :  D=0x0000000000010000
2832500: system.cpu: T0 : 0x10ba2    : c_addiw a5, -1             : IntAlu :  D=0x000000000000ffff
2833000: system.cpu: T0 : 0x10ba4    : remw a5, a4, a5            : IntDiv :  D=0x0000000000003502
2833500: system.cpu: T0 : 0x10ba8    : sw a5, -20(s0)             : MemWrite :  D=0x0000000000003502 A=0x7ffffffffffffddc
2834000: system.cpu: T0 : 0x10bac    : auipc a4, 96               : IntAlu :  D=0x0000000000070bac
2834500: system.cpu: T0 : 0x10bb0    : ld a4, -916(a4)            : MemRead :  D=0x0000000000071960 A=0x70818
2835000: system.cpu: T0 : 0x10bb4    : lw a5, -24(s0)             : MemRead :  D=0x000000000000000e A=0x7ffffffffffffdd8
2835500: system.cpu: T0 : 0x10bb8    : c_slli a5, 2               : IntAlu :  D=0x0000000000000038
2836000: system.cpu: T0 : 0x10bba    : c_add a5, a4               : IntAlu :  D=0x0000000000071998
2836500: system.cpu: T0 : 0x10bbc    : lw a4, -20(s0)             : MemRead :  D=0x0000000000003502 A=0x7ffffffffffffddc
2837000: system.cpu: T0 : 0x10bc0    : c_sw a4, 0(a5)             : MemWrite :  D=0x0000000000003502 A=0x71998
2838000: system.cpu: T0 : 0x10bc2    : lw a5, -24(s0)             : MemRead :  D=0x000000000000000e A=0x7ffffffffffffdd8
2838500: system.cpu: T0 : 0x10bc6    : c_addiw a5, 1              : IntAlu :  D=0x000000000000000f
2839000: system.cpu: T0 : 0x10bc8    : sw a5, -24(s0)             : MemWrite :  D=0x000000000000000f A=0x7ffffffffffffdd8
2839500: system.cpu: T0 : 0x10bcc    : lw a5, -24(s0)             : MemRead :  D=0x000000000000000f A=0x7ffffffffffffdd8
2840000: system.cpu: T0 : 0x10bd0    : addiw a4, a5, 0            : IntAlu :  D=0x000000000000000f
2840500: system.cpu: T0 : 0x10bd4    : addi a5, zero, 63          : IntAlu :  D=0x000000000000003f
2841000: system.cpu: T0 : 0x10bd8    : bge a5, a4, -84            : IntAlu : 
2841500: system.cpu: T0 : 0x10b84    : lw a4, -20(s0)             : MemRead :  D=0x0000000000003502 A=0x7ffffffffffffddc
2842000: system.cpu: T0 : 0x10b88    : c_mv a5, a4                : IntAlu :  D=0x0000000000003502
2843000: system.cpu: T0 : 0x10b8a    : slliw a5, a5, 5            : IntAlu :  D=0x000000000006a040
2843500: system.cpu: T0 : 0x10b8e    : c_addw a5, a4              : IntAlu :  D=0x000000000006d542
2844000: system.cpu: T0 : 0x10b90    : slliw a5, a5, 2            : IntAlu :  D=0x00000000001b5508
2844500: system.cpu: T0 : 0x10b94    : c_addw a5, a4              : IntAlu :  D=0x00000000001b8a0a
2845000: system.cpu: T0 : 0x10b96    : c_addiw a5, 0              : IntAlu :  D=0x00000000001b8a0a
2845500: system.cpu: T0 : 0x10b98    : addiw a5, a5, 81           : IntAlu :  D=0x00000000001b8a5b
2846000: system.cpu: T0 : 0x10b9c    : c_addiw a5, 0              : IntAlu :  D=0x00000000001b8a5b
2846500: system.cpu: T0 : 0x10b9e    : c_mv a4, a5                : IntAlu :  D=0x00000000001b8a5b
2847000: system.cpu: T0 : 0x10ba0    : c_lui a5, 16               : IntAlu :  D=0x0000000000010000
2847500: system.cpu: T0 : 0x10ba2    : c_addiw a5, -1             : IntAlu :  D=0x000000000000ffff
2848000: system.cpu: T0 : 0x10ba4    : remw a5, a4, a5            : IntDiv :  D=0x0000000000008a76
2848500: system.cpu: T0 : 0x10ba8    : sw a5, -20(s0)             : MemWrite :  D=0x0000000000008a76 A=0x7ffffffffffffddc
2849000: system.cpu: T0 : 0x10bac    : auipc a4, 96               : IntAlu :  D=0x0000000000070bac
2849500: system.cpu: T0 : 0x10bb0    : ld a4, -916(a4)            : MemRead :  D=0x0000000000071960 A=0x70818
2850000: system.cpu: T0 : 0x10bb4    : lw a5, -24(s0)             : MemRead :  D=0x000000000000000f A=0x7ffffffffffffdd8
2850500: system.cpu: T0 : 0x10bb8    : c_slli a5, 2               : IntAlu :  D=0x000000000000003c
2851000: system.cpu: T0 : 0x10bba    : c_add a5, a4               : IntAlu :  D=0x000000000007199c
2851500: system.cpu: T0 : 0x10bbc    : lw a4, -20(s0)             : MemRead :  D=0x0000000000008a76 A=0x7ffffffffffffddc
2852000: system.cpu: T0 : 0x10bc0    : c_sw a4, 0(a5)             : MemWrite :  D=0x0000000000008a76 A=0x7199c
2853000: system.cpu: T0 : 0x10bc2    : lw a5, -24(s0)             : MemRead :  D=0x000000000000000f A=0x7ffffffffffffdd8
2853500: system.cpu: T0 : 0x10bc6    : c_addiw a5, 1              : IntAlu :  D=0x0000000000000010
2854000: system.cpu: T0 : 0x10bc8    : sw a5, -24(s0)             : MemWrite :  D=0x0000000000000010 A=0x7ffffffffffffdd8
2854500: system.cpu: T0 : 0x10bcc    : lw a5, -24(s0)             : MemRead :  D=0x0000000000000010 A=0x7ffffffffffffdd8
2855000: system.cpu: T0 : 0x10bd0    : addiw a4, a5, 0            : IntAlu :  D=0x0000000000000010
2855500: system.cpu: T0 : 0x10bd4    : addi a5, zero, 63          : IntAlu :  D=0x000000000000003f
2856000: system.cpu: T0 : 0x10bd8    : bge a5, a4, -84            : IntAlu : 
2856500: system.cpu: T0 : 0x10b84    : lw a4, -20(s0)             : MemRead :  D=0x0000000000008a76 A=0x7ffffffffffffddc
2857000: system.cpu: T0 : 0x10b88    : c_mv a5, a4                : IntAlu :  D=0x0000000000008a76
2858000: system.cpu: T0 : 0x10b8a    : slliw a5, a5, 5            : IntAlu :  D=0x0000000000114ec0
2858500: system.cpu: T0 : 0x10b8e    : c_addw a5, a4              : IntAlu :  D=0x000000000011d936
2859000: system.cpu: T0 : 0x10b90    : slliw a5, a5, 2            : IntAlu :  D=0x00000000004764d8
2859500: system.cpu: T0 : 0x10b94    : c_addw a5, a4              : IntAlu :  D=0x000000000047ef4e
2860000: system.cpu: T0 : 0x10b96    : c_addiw a5, 0              : IntAlu :  D=0x000000000047ef4e
2860500: system.cpu: T0 : 0x10b98    : addiw a5, a5, 81           : IntAlu :  D=0x000000000047ef9f
2861000: system.cpu: T0 : 0x10b9c    : c_addiw a5, 0              : IntAlu :  D=0x000000000047ef9f
2861500: system.cpu: T0 : 0x10b9e    : c_mv a4, a5                : IntAlu :  D=0x000000000047ef9f
2862000: system.cpu: T0 : 0x10ba0    : c_lui a5, 16               : IntAlu :  D=0x0000000000010000
2862500: system.cpu: T0 : 0x10ba2    : c_addiw a5, -1             : IntAlu :  D=0x000000000000ffff
2863000: system.cpu: T0 : 0x10ba4    : remw a5, a4, a5            : IntDiv :  D=0x000000000000efe6
2863500: system.cpu: T0 : 0x10ba8    : sw a5, -20(s0)             : MemWrite :  D=0x000000000000efe6 A=0x7ffffffffffffddc
2864000: system.cpu: T0 : 0x10bac    : auipc a4, 96               : IntAlu :  D=0x0000000000070bac
2864500: system.cpu: T0 : 0x10bb0    : ld a4, -916(a4)            : MemRead :  D=0x0000000000071960 A=0x70818
2865000: system.cpu: T0 : 0x10bb4    : lw a5, -24(s0)             : MemRead :  D=0x0000000000000010 A=0x7ffffffffffffdd8
2865500: system.cpu: T0 : 0x10bb8    : c_slli a5, 2               : IntAlu :  D=0x0000000000000040
2866000: system.cpu: T0 : 0x10bba    : c_add a5, a4               : IntAlu :  D=0x00000000000719a0
2866500: system.cpu: T0 : 0x10bbc    : lw a4, -20(s0)             : MemRead :  D=0x000000000000efe6 A=0x7ffffffffffffddc
2867000: system.cpu: T0 : 0x10bc0    : c_sw a4, 0(a5)             : MemWrite :  D=0x000000000000efe6 A=0x719a0
2868000: system.cpu: T0 : 0x10bc2    : lw a5, -24(s0)             : MemRead :  D=0x0000000000000010 A=0x7ffffffffffffdd8
2868500: system.cpu: T0 : 0x10bc6    : c_addiw a5, 1              : IntAlu :  D=0x0000000000000011
2869000: system.cpu: T0 : 0x10bc8    : sw a5, -24(s0)             : MemWrite :  D=0x0000000000000011 A=0x7ffffffffffffdd8
2869500: system.cpu: T0 : 0x10bcc    : lw a5, -24(s0)             : MemRead :  D=0x0000000000000011 A=0x7ffffffffffffdd8
2870000: system.cpu: T0 : 0x10bd0    : addiw a4, a5, 0            : IntAlu :  D=0x0000000000000011
2870500: system.cpu: T0 : 0x10bd4    : addi a5, zero, 63          : IntAlu :  D=0x000000000000003f
2871000: system.cpu: T0 : 0x10bd8    : bge a5, a4, -84            : IntAlu : 
2871500: system.cpu: T0 : 0x10b84    : lw a4, -20(s0)             : MemRead :  D=0x000000000000efe6 A=0x7ffffffffffffddc
2872000: system.cpu: T0 : 0x10b88    : c_mv a5, a4                : IntAlu :  D=0x000000000000efe6
2873000: system.cpu: T0 : 0x10b8a    : slliw a5, a5, 5            : IntAlu :  D=0x00000000001dfcc0
2873500: system.cpu: T0 : 0x10b8e    : c_addw a5, a4              : IntAlu :  D=0x00000000001eeca6
2874000: system.cpu: T0 : 0x10b90    : slliw a5, a5, 2            : IntAlu :  D=0x00000000007bb298
2874500: system.cpu: T0 : 0x10b94    : c_addw a5, a4              : IntAlu :  D=0x00000000007ca27e
2875000: system.cpu: T0 : 0x10b96    : c_addiw a5, 0              : IntAlu :  D=0x00000000007ca27e
2875500: system.cpu: T0 : 0x10b98    : addiw a5, a5, 81           : IntAlu :  D=0x00000000007ca2cf
2876000: system.cpu: T0 : 0x10b9c    : c_addiw a5, 0              : IntAlu :  D=0x00000000007ca2cf
2876500: system.cpu: T0 : 0x10b9e    : c_mv a4, a5                : IntAlu :  D=0x00000000007ca2cf
2877000: system.cpu: T0 : 0x10ba0    : c_lui a5, 16               : IntAlu :  D=0x0000000000010000
2877500: system.cpu: T0 : 0x10ba2    : c_addiw a5, -1             : IntAlu :  D=0x000000000000ffff
2878000: system.cpu: T0 : 0x10ba4    : remw a5, a4, a5            : IntDiv :  D=0x000000000000a34b
2878500: system.cpu: T0 : 0x10ba8    : sw a5, -20(s0)             : MemWrite :  D=0x000000000000a34b A=0x7ffffffffffffddc
2879000: system.cpu: T0 : 0x10bac    : auipc a4, 96               : IntAlu :  D=0x0000000000070bac
2879500: system.cpu: T0 : 0x10bb0    : ld a4, -916(a4)            : MemRead :  D=0x0000000000071960 A=0x70818
2880000: system.cpu: T0 : 0x10bb4    : lw a5, -24(s0)             : MemRead :  D=0x0000000000000011 A=0x7ffffffffffffdd8
2880500: system.cpu: T0 : 0x10bb8    : c_slli a5, 2               : IntAlu :  D=0x0000000000000044
2881000: system.cpu: T0 : 0x10bba    : c_add a5, a4               : IntAlu :  D=0x00000000000719a4
2881500: system.cpu: T0 : 0x10bbc    : lw a4, -20(s0)             : MemRead :  D=0x000000000000a34b A=0x7ffffffffffffddc
2882000: system.cpu: T0 : 0x10bc0    : c_sw a4, 0(a5)             : MemWrite :  D=0x000000000000a34b A=0x719a4
2883000: system.cpu: T0 : 0x10bc2    : lw a5, -24(s0)             : MemRead :  D=0x0000000000000011 A=0x7ffffffffffffdd8
2883500: system.cpu: T0 : 0x10bc6    : c_addiw a5, 1              : IntAlu :  D=0x0000000000000012
2884000: system.cpu: T0 : 0x10bc8    : sw a5, -24(s0)             : MemWrite :  D=0x0000000000000012 A=0x7ffffffffffffdd8
2884500: system.cpu: T0 : 0x10bcc    : lw a5, -24(s0)             : MemRead :  D=0x0000000000000012 A=0x7ffffffffffffdd8
2885000: system.cpu: T0 : 0x10bd0    : addiw a4, a5, 0            : IntAlu :  D=0x0000000000000012
2885500: system.cpu: T0 : 0x10bd4    : addi a5, zero, 63          : IntAlu :  D=0x000000000000003f
2886000: system.cpu: T0 : 0x10bd8    : bge a5, a4, -84            : IntAlu : 
2886500: system.cpu: T0 : 0x10b84    : lw a4, -20(s0)             : MemRead :  D=0x000000000000a34b A=0x7ffffffffffffddc
2887000: system.cpu: T0 : 0x10b88    : c_mv a5, a4                : IntAlu :  D=0x000000000000a34b
2888000: system.cpu: T0 : 0x10b8a    : slliw a5, a5, 5            : IntAlu :  D=0x0000000000146960
2888500: system.cpu: T0 : 0x10b8e    : c_addw a5, a4              : IntAlu :  D=0x0000000000150cab
2889000: system.cpu: T0 : 0x10b90    : slliw a5, a5, 2            : IntAlu :  D=0x00000000005432ac
2889500: system.cpu: T0 : 0x10b94    : c_addw a5, a4              : IntAlu :  D=0x000000000054d5f7
2890000: system.cpu: T0 : 0x10b96    : c_addiw a5, 0              : IntAlu :  D=0x000000000054d5f7
2890500: system.cpu: T0 : 0x10b98    : addiw a5, a5, 81           : IntAlu :  D=0x000000000054d648
2891000: system.cpu: T0 : 0x10b9c    : c_addiw a5, 0              : IntAlu :  D=0x000000000054d648
2891500: system.cpu: T0 : 0x10b9e    : c_mv a4, a5                : IntAlu :  D=0x000000000054d648
2892000: system.cpu: T0 : 0x10ba0    : c_lui a5, 16               : IntAlu :  D=0x0000000000010000
2892500: system.cpu: T0 : 0x10ba2    : c_addiw a5, -1             : IntAlu :  D=0x000000000000ffff
2893000: system.cpu: T0 : 0x10ba4    : remw a5, a4, a5            : IntDiv :  D=0x000000000000d69c
2893500: system.cpu: T0 : 0x10ba8    : sw a5, -20(s0)             : MemWrite :  D=0x000000000000d69c A=0x7ffffffffffffddc
2894000: system.cpu: T0 : 0x10bac    : auipc a4, 96               : IntAlu :  D=0x0000000000070bac
2894500: system.cpu: T0 : 0x10bb0    : ld a4, -916(a4)            : MemRead :  D=0x0000000000071960 A=0x70818
2895000: system.cpu: T0 : 0x10bb4    : lw a5, -24(s0)             : MemRead :  D=0x0000000000000012 A=0x7ffffffffffffdd8
2895500: system.cpu: T0 : 0x10bb8    : c_slli a5, 2               : IntAlu :  D=0x0000000000000048
2896000: system.cpu: T0 : 0x10bba    : c_add a5, a4               : IntAlu :  D=0x00000000000719a8
2896500: system.cpu: T0 : 0x10bbc    : lw a4, -20(s0)             : MemRead :  D=0x000000000000d69c A=0x7ffffffffffffddc
2897000: system.cpu: T0 : 0x10bc0    : c_sw a4, 0(a5)             : MemWrite :  D=0x000000000000d69c A=0x719a8
2898000: system.cpu: T0 : 0x10bc2    : lw a5, -24(s0)             : MemRead :  D=0x0000000000000012 A=0x7ffffffffffffdd8
2898500: system.cpu: T0 : 0x10bc6    : c_addiw a5, 1              : IntAlu :  D=0x0000000000000013
2899000: system.cpu: T0 : 0x10bc8    : sw a5, -24(s0)             : MemWrite :  D=0x0000000000000013 A=0x7ffffffffffffdd8
2899500: system.cpu: T0 : 0x10bcc    : lw a5, -24(s0)             : MemRead :  D=0x0000000000000013 A=0x7ffffffffffffdd8
2900000: system.cpu: T0 : 0x10bd0    : addiw a4, a5, 0            : IntAlu :  D=0x0000000000000013
2900500: system.cpu: T0 : 0x10bd4    : addi a5, zero, 63          : IntAlu :  D=0x000000000000003f
2901000: system.cpu: T0 : 0x10bd8    : bge a5, a4, -84            : IntAlu : 
2901500: system.cpu: T0 : 0x10b84    : lw a4, -20(s0)             : MemRead :  D=0x000000000000d69c A=0x7ffffffffffffddc
2902000: system.cpu: T0 : 0x10b88    : c_mv a5, a4                : IntAlu :  D=0x000000000000d69c
2903000: system.cpu: T0 : 0x10b8a    : slliw a5, a5, 5            : IntAlu :  D=0x00000000001ad380
2903500: system.cpu: T0 : 0x10b8e    : c_addw a5, a4              : IntAlu :  D=0x00000000001baa1c
2904000: system.cpu: T0 : 0x10b90    : slliw a5, a5, 2            : IntAlu :  D=0x00000000006ea870
2904500: system.cpu: T0 : 0x10b94    : c_addw a5, a4              : IntAlu :  D=0x00000000006f7f0c
2905000: system.cpu: T0 : 0x10b96    : c_addiw a5, 0              : IntAlu :  D=0x00000000006f7f0c
2905500: system.cpu: T0 : 0x10b98    : addiw a5, a5, 81           : IntAlu :  D=0x00000000006f7f5d
2906000: system.cpu: T0 : 0x10b9c    : c_addiw a5, 0              : IntAlu :  D=0x00000000006f7f5d
2906500: system.cpu: T0 : 0x10b9e    : c_mv a4, a5                : IntAlu :  D=0x00000000006f7f5d
2907000: system.cpu: T0 : 0x10ba0    : c_lui a5, 16               : IntAlu :  D=0x0000000000010000
2907500: system.cpu: T0 : 0x10ba2    : c_addiw a5, -1             : IntAlu :  D=0x000000000000ffff
2908000: system.cpu: T0 : 0x10ba4    : remw a5, a4, a5            : IntDiv :  D=0x0000000000007fcc
2908500: system.cpu: T0 : 0x10ba8    : sw a5, -20(s0)             : MemWrite :  D=0x0000000000007fcc A=0x7ffffffffffffddc
2909000: system.cpu: T0 : 0x10bac    : auipc a4, 96               : IntAlu :  D=0x0000000000070bac
2909500: system.cpu: T0 : 0x10bb0    : ld a4, -916(a4)            : MemRead :  D=0x0000000000071960 A=0x70818
2910000: system.cpu: T0 : 0x10bb4    : lw a5, -24(s0)             : MemRead :  D=0x0000000000000013 A=0x7ffffffffffffdd8
2910500: system.cpu: T0 : 0x10bb8    : c_slli a5, 2               : IntAlu :  D=0x000000000000004c
2911000: system.cpu: T0 : 0x10bba    : c_add a5, a4               : IntAlu :  D=0x00000000000719ac
2911500: system.cpu: T0 : 0x10bbc    : lw a4, -20(s0)             : MemRead :  D=0x0000000000007fcc A=0x7ffffffffffffddc
2912000: system.cpu: T0 : 0x10bc0    : c_sw a4, 0(a5)             : MemWrite :  D=0x0000000000007fcc A=0x719ac
2913000: system.cpu: T0 : 0x10bc2    : lw a5, -24(s0)             : MemRead :  D=0x0000000000000013 A=0x7ffffffffffffdd8
2913500: system.cpu: T0 : 0x10bc6    : c_addiw a5, 1              : IntAlu :  D=0x0000000000000014
2914000: system.cpu: T0 : 0x10bc8    : sw a5, -24(s0)             : MemWrite :  D=0x0000000000000014 A=0x7ffffffffffffdd8
2914500: system.cpu: T0 : 0x10bcc    : lw a5, -24(s0)             : MemRead :  D=0x0000000000000014 A=0x7ffffffffffffdd8
2915000: system.cpu: T0 : 0x10bd0    : addiw a4, a5, 0            : IntAlu :  D=0x0000000000000014
2915500: system.cpu: T0 : 0x10bd4    : addi a5, zero, 63          : IntAlu :  D=0x000000000000003f
2916000: system.cpu: T0 : 0x10bd8    : bge a5, a4, -84            : IntAlu : 
2916500: system.cpu: T0 : 0x10b84    : lw a4, -20(s0)             : MemRead :  D=0x0000000000007fcc A=0x7ffffffffffffddc
2917000: system.cpu: T0 : 0x10b88    : c_mv a5, a4                : IntAlu :  D=0x0000000000007fcc
2918000: system.cpu: T0 : 0x10b8a    : slliw a5, a5, 5            : IntAlu :  D=0x00000000000ff980
2918500: system.cpu: T0 : 0x10b8e    : c_addw a5, a4              : IntAlu :  D=0x000000000010794c
2919000: system.cpu: T0 : 0x10b90    : slliw a5, a5, 2            : IntAlu :  D=0x000000000041e530
2919500: system.cpu: T0 : 0x10b94    : c_addw a5, a4              : IntAlu :  D=0x00000000004264fc
2920000: system.cpu: T0 : 0x10b96    : c_addiw a5, 0              : IntAlu :  D=0x00000000004264fc
2920500: system.cpu: T0 : 0x10b98    : addiw a5, a5, 81           : IntAlu :  D=0x000000000042654d
2921000: system.cpu: T0 : 0x10b9c    : c_addiw a5, 0              : IntAlu :  D=0x000000000042654d
2921500: system.cpu: T0 : 0x10b9e    : c_mv a4, a5                : IntAlu :  D=0x000000000042654d
2922000: system.cpu: T0 : 0x10ba0    : c_lui a5, 16               : IntAlu :  D=0x0000000000010000
2922500: system.cpu: T0 : 0x10ba2    : c_addiw a5, -1             : IntAlu :  D=0x000000000000ffff
2923000: system.cpu: T0 : 0x10ba4    : remw a5, a4, a5            : IntDiv :  D=0x000000000000658f
2923500: system.cpu: T0 : 0x10ba8    : sw a5, -20(s0)             : MemWrite :  D=0x000000000000658f A=0x7ffffffffffffddc
2924000: system.cpu: T0 : 0x10bac    : auipc a4, 96               : IntAlu :  D=0x0000000000070bac
2924500: system.cpu: T0 : 0x10bb0    : ld a4, -916(a4)            : MemRead :  D=0x0000000000071960 A=0x70818
2925000: system.cpu: T0 : 0x10bb4    : lw a5, -24(s0)             : MemRead :  D=0x0000000000000014 A=0x7ffffffffffffdd8
2925500: system.cpu: T0 : 0x10bb8    : c_slli a5, 2               : IntAlu :  D=0x0000000000000050
2926000: system.cpu: T0 : 0x10bba    : c_add a5, a4               : IntAlu :  D=0x00000000000719b0
2926500: system.cpu: T0 : 0x10bbc    : lw a4, -20(s0)             : MemRead :  D=0x000000000000658f A=0x7ffffffffffffddc
2927000: system.cpu: T0 : 0x10bc0    : c_sw a4, 0(a5)             : MemWrite :  D=0x000000000000658f A=0x719b0
2928000: system.cpu: T0 : 0x10bc2    : lw a5, -24(s0)             : MemRead :  D=0x0000000000000014 A=0x7ffffffffffffdd8
2928500: system.cpu: T0 : 0x10bc6    : c_addiw a5, 1              : IntAlu :  D=0x0000000000000015
2929000: system.cpu: T0 : 0x10bc8    : sw a5, -24(s0)             : MemWrite :  D=0x0000000000000015 A=0x7ffffffffffffdd8
2929500: system.cpu: T0 : 0x10bcc    : lw a5, -24(s0)             : MemRead :  D=0x0000000000000015 A=0x7ffffffffffffdd8
2930000: system.cpu: T0 : 0x10bd0    : addiw a4, a5, 0            : IntAlu :  D=0x0000000000000015
2930500: system.cpu: T0 : 0x10bd4    : addi a5, zero, 63          : IntAlu :  D=0x000000000000003f
2931000: system.cpu: T0 : 0x10bd8    : bge a5, a4, -84            : IntAlu : 
2931500: system.cpu: T0 : 0x10b84    : lw a4, -20(s0)             : MemRead :  D=0x000000000000658f A=0x7ffffffffffffddc
2932000: system.cpu: T0 : 0x10b88    : c_mv a5, a4                : IntAlu :  D=0x000000000000658f
2933000: system.cpu: T0 : 0x10b8a    : slliw a5, a5, 5            : IntAlu :  D=0x00000000000cb1e0
2933500: system.cpu: T0 : 0x10b8e    : c_addw a5, a4              : IntAlu :  D=0x00000000000d176f
2934000: system.cpu: T0 : 0x10b90    : slliw a5, a5, 2            : IntAlu :  D=0x0000000000345dbc
2934500: system.cpu: T0 : 0x10b94    : c_addw a5, a4              : IntAlu :  D=0x000000000034c34b
2935000: system.cpu: T0 : 0x10b96    : c_addiw a5, 0              : IntAlu :  D=0x000000000034c34b
2935500: system.cpu: T0 : 0x10b98    : addiw a5, a5, 81           : IntAlu :  D=0x000000000034c39c
2936000: system.cpu: T0 : 0x10b9c    : c_addiw a5, 0              : IntAlu :  D=0x000000000034c39c
2936500: system.cpu: T0 : 0x10b9e    : c_mv a4, a5                : IntAlu :  D=0x000000000034c39c
2937000: system.cpu: T0 : 0x10ba0    : c_lui a5, 16               : IntAlu :  D=0x0000000000010000
2937500: system.cpu: T0 : 0x10ba2    : c_addiw a5, -1             : IntAlu :  D=0x000000000000ffff
2938000: system.cpu: T0 : 0x10ba4    : remw a5, a4, a5            : IntDiv :  D=0x000000000000c3d0
2938500: system.cpu: T0 : 0x10ba8    : sw a5, -20(s0)             : MemWrite :  D=0x000000000000c3d0 A=0x7ffffffffffffddc
2939000: system.cpu: T0 : 0x10bac    : auipc a4, 96               : IntAlu :  D=0x0000000000070bac
2939500: system.cpu: T0 : 0x10bb0    : ld a4, -916(a4)            : MemRead :  D=0x0000000000071960 A=0x70818
2940000: system.cpu: T0 : 0x10bb4    : lw a5, -24(s0)             : MemRead :  D=0x0000000000000015 A=0x7ffffffffffffdd8
2940500: system.cpu: T0 : 0x10bb8    : c_slli a5, 2               : IntAlu :  D=0x0000000000000054
2941000: system.cpu: T0 : 0x10bba    : c_add a5, a4               : IntAlu :  D=0x00000000000719b4
2941500: system.cpu: T0 : 0x10bbc    : lw a4, -20(s0)             : MemRead :  D=0x000000000000c3d0 A=0x7ffffffffffffddc
2942000: system.cpu: T0 : 0x10bc0    : c_sw a4, 0(a5)             : MemWrite :  D=0x000000000000c3d0 A=0x719b4
2943000: system.cpu: T0 : 0x10bc2    : lw a5, -24(s0)             : MemRead :  D=0x0000000000000015 A=0x7ffffffffffffdd8
2943500: system.cpu: T0 : 0x10bc6    : c_addiw a5, 1              : IntAlu :  D=0x0000000000000016
2944000: system.cpu: T0 : 0x10bc8    : sw a5, -24(s0)             : MemWrite :  D=0x0000000000000016 A=0x7ffffffffffffdd8
2944500: system.cpu: T0 : 0x10bcc    : lw a5, -24(s0)             : MemRead :  D=0x0000000000000016 A=0x7ffffffffffffdd8
2945000: system.cpu: T0 : 0x10bd0    : addiw a4, a5, 0            : IntAlu :  D=0x0000000000000016
2945500: system.cpu: T0 : 0x10bd4    : addi a5, zero, 63          : IntAlu :  D=0x000000000000003f
2946000: system.cpu: T0 : 0x10bd8    : bge a5, a4, -84            : IntAlu : 
2946500: system.cpu: T0 : 0x10b84    : lw a4, -20(s0)             : MemRead :  D=0x000000000000c3d0 A=0x7ffffffffffffddc
2947000: system.cpu: T0 : 0x10b88    : c_mv a5, a4                : IntAlu :  D=0x000000000000c3d0
2948000: system.cpu: T0 : 0x10b8a    : slliw a5, a5, 5            : IntAlu :  D=0x0000000000187a00
2948500: system.cpu: T0 : 0x10b8e    : c_addw a5, a4              : IntAlu :  D=0x0000000000193dd0
2949000: system.cpu: T0 : 0x10b90    : slliw a5, a5, 2            : IntAlu :  D=0x000000000064f740
2949500: system.cpu: T0 : 0x10b94    : c_addw a5, a4              : IntAlu :  D=0x000000000065bb10
2950000: system.cpu: T0 : 0x10b96    : c_addiw a5, 0              : IntAlu :  D=0x000000000065bb10
2950500: system.cpu: T0 : 0x10b98    : addiw a5, a5, 81           : IntAlu :  D=0x000000000065bb61
2951000: system.cpu: T0 : 0x10b9c    : c_addiw a5, 0              : IntAlu :  D=0x000000000065bb61
2951500: system.cpu: T0 : 0x10b9e    : c_mv a4, a5                : IntAlu :  D=0x000000000065bb61
2952000: system.cpu: T0 : 0x10ba0    : c_lui a5, 16               : IntAlu :  D=0x0000000000010000
2952500: system.cpu: T0 : 0x10ba2    : c_addiw a5, -1             : IntAlu :  D=0x000000000000ffff
2953000: system.cpu: T0 : 0x10ba4    : remw a5, a4, a5            : IntDiv :  D=0x000000000000bbc6
2953500: system.cpu: T0 : 0x10ba8    : sw a5, -20(s0)             : MemWrite :  D=0x000000000000bbc6 A=0x7ffffffffffffddc
2954000: system.cpu: T0 : 0x10bac    : auipc a4, 96               : IntAlu :  D=0x0000000000070bac
2954500: system.cpu: T0 : 0x10bb0    : ld a4, -916(a4)            : MemRead :  D=0x0000000000071960 A=0x70818
2955000: system.cpu: T0 : 0x10bb4    : lw a5, -24(s0)             : MemRead :  D=0x0000000000000016 A=0x7ffffffffffffdd8
2955500: system.cpu: T0 : 0x10bb8    : c_slli a5, 2               : IntAlu :  D=0x0000000000000058
2956000: system.cpu: T0 : 0x10bba    : c_add a5, a4               : IntAlu :  D=0x00000000000719b8
2956500: system.cpu: T0 : 0x10bbc    : lw a4, -20(s0)             : MemRead :  D=0x000000000000bbc6 A=0x7ffffffffffffddc
2957000: system.cpu: T0 : 0x10bc0    : c_sw a4, 0(a5)             : MemWrite :  D=0x000000000000bbc6 A=0x719b8
2958000: system.cpu: T0 : 0x10bc2    : lw a5, -24(s0)             : MemRead :  D=0x0000000000000016 A=0x7ffffffffffffdd8
2958500: system.cpu: T0 : 0x10bc6    : c_addiw a5, 1              : IntAlu :  D=0x0000000000000017
2959000: system.cpu: T0 : 0x10bc8    : sw a5, -24(s0)             : MemWrite :  D=0x0000000000000017 A=0x7ffffffffffffdd8
2959500: system.cpu: T0 : 0x10bcc    : lw a5, -24(s0)             : MemRead :  D=0x0000000000000017 A=0x7ffffffffffffdd8
2960000: system.cpu: T0 : 0x10bd0    : addiw a4, a5, 0            : IntAlu :  D=0x0000000000000017
2960500: system.cpu: T0 : 0x10bd4    : addi a5, zero, 63          : IntAlu :  D=0x000000000000003f
2961000: system.cpu: T0 : 0x10bd8    : bge a5, a4, -84            : IntAlu : 
2961500: system.cpu: T0 : 0x10b84    : lw a4, -20(s0)             : MemRead :  D=0x000000000000bbc6 A=0x7ffffffffffffddc
2962000: system.cpu: T0 : 0x10b88    : c_mv a5, a4                : IntAlu :  D=0x000000000000bbc6
2963000: system.cpu: T0 : 0x10b8a    : slliw a5, a5, 5            : IntAlu :  D=0x00000000001778c0
2963500: system.cpu: T0 : 0x10b8e    : c_addw a5, a4              : IntAlu :  D=0x0000000000183486
2964000: system.cpu: T0 : 0x10b90    : slliw a5, a5, 2            : IntAlu :  D=0x000000000060d218
2964500: system.cpu: T0 : 0x10b94    : c_addw a5, a4              : IntAlu :  D=0x0000000000618dde
2965000: system.cpu: T0 : 0x10b96    : c_addiw a5, 0              : IntAlu :  D=0x0000000000618dde
2965500: system.cpu: T0 : 0x10b98    : addiw a5, a5, 81           : IntAlu :  D=0x0000000000618e2f
2966000: system.cpu: T0 : 0x10b9c    : c_addiw a5, 0              : IntAlu :  D=0x0000000000618e2f
2966500: system.cpu: T0 : 0x10b9e    : c_mv a4, a5                : IntAlu :  D=0x0000000000618e2f
2967000: system.cpu: T0 : 0x10ba0    : c_lui a5, 16               : IntAlu :  D=0x0000000000010000
2967500: system.cpu: T0 : 0x10ba2    : c_addiw a5, -1             : IntAlu :  D=0x000000000000ffff
2968000: system.cpu: T0 : 0x10ba4    : remw a5, a4, a5            : IntDiv :  D=0x0000000000008e90
2968500: system.cpu: T0 : 0x10ba8    : sw a5, -20(s0)             : MemWrite :  D=0x0000000000008e90 A=0x7ffffffffffffddc
2969000: system.cpu: T0 : 0x10bac    : auipc a4, 96               : IntAlu :  D=0x0000000000070bac
2969500: system.cpu: T0 : 0x10bb0    : ld a4, -916(a4)            : MemRead :  D=0x0000000000071960 A=0x70818
2970000: system.cpu: T0 : 0x10bb4    : lw a5, -24(s0)             : MemRead :  D=0x0000000000000017 A=0x7ffffffffffffdd8
2970500: system.cpu: T0 : 0x10bb8    : c_slli a5, 2               : IntAlu :  D=0x000000000000005c
2971000: system.cpu: T0 : 0x10bba    : c_add a5, a4               : IntAlu :  D=0x00000000000719bc
2971500: system.cpu: T0 : 0x10bbc    : lw a4, -20(s0)             : MemRead :  D=0x0000000000008e90 A=0x7ffffffffffffddc
2972000: system.cpu: T0 : 0x10bc0    : c_sw a4, 0(a5)             : MemWrite :  D=0x0000000000008e90 A=0x719bc
2973000: system.cpu: T0 : 0x10bc2    : lw a5, -24(s0)             : MemRead :  D=0x0000000000000017 A=0x7ffffffffffffdd8
2973500: system.cpu: T0 : 0x10bc6    : c_addiw a5, 1              : IntAlu :  D=0x0000000000000018
2974000: system.cpu: T0 : 0x10bc8    : sw a5, -24(s0)             : MemWrite :  D=0x0000000000000018 A=0x7ffffffffffffdd8
2974500: system.cpu: T0 : 0x10bcc    : lw a5, -24(s0)             : MemRead :  D=0x0000000000000018 A=0x7ffffffffffffdd8
2975000: system.cpu: T0 : 0x10bd0    : addiw a4, a5, 0            : IntAlu :  D=0x0000000000000018
2975500: system.cpu: T0 : 0x10bd4    : addi a5, zero, 63          : IntAlu :  D=0x000000000000003f
2976000: system.cpu: T0 : 0x10bd8    : bge a5, a4, -84            : IntAlu : 
2976500: system.cpu: T0 : 0x10b84    : lw a4, -20(s0)             : MemRead :  D=0x0000000000008e90 A=0x7ffffffffffffddc
2977000: system.cpu: T0 : 0x10b88    : c_mv a5, a4                : IntAlu :  D=0x0000000000008e90
2978000: system.cpu: T0 : 0x10b8a    : slliw a5, a5, 5            : IntAlu :  D=0x000000000011d200
2978500: system.cpu: T0 : 0x10b8e    : c_addw a5, a4              : IntAlu :  D=0x0000000000126090
2979000: system.cpu: T0 : 0x10b90    : slliw a5, a5, 2            : IntAlu :  D=0x0000000000498240
2979500: system.cpu: T0 : 0x10b94    : c_addw a5, a4              : IntAlu :  D=0x00000000004a10d0
2980000: system.cpu: T0 : 0x10b96    : c_addiw a5, 0              : IntAlu :  D=0x00000000004a10d0
2980500: system.cpu: T0 : 0x10b98    : addiw a5, a5, 81           : IntAlu :  D=0x00000000004a1121
2981000: system.cpu: T0 : 0x10b9c    : c_addiw a5, 0              : IntAlu :  D=0x00000000004a1121
2981500: system.cpu: T0 : 0x10b9e    : c_mv a4, a5                : IntAlu :  D=0x00000000004a1121
2982000: system.cpu: T0 : 0x10ba0    : c_lui a5, 16               : IntAlu :  D=0x0000000000010000
2982500: system.cpu: T0 : 0x10ba2    : c_addiw a5, -1             : IntAlu :  D=0x000000000000ffff
2983000: system.cpu: T0 : 0x10ba4    : remw a5, a4, a5            : IntDiv :  D=0x000000000000116b
2983500: system.cpu: T0 : 0x10ba8    : sw a5, -20(s0)             : MemWrite :  D=0x000000000000116b A=0x7ffffffffffffddc
2984000: system.cpu: T0 : 0x10bac    : auipc a4, 96               : IntAlu :  D=0x0000000000070bac
2984500: system.cpu: T0 : 0x10bb0    : ld a4, -916(a4)            : MemRead :  D=0x0000000000071960 A=0x70818
2985000: system.cpu: T0 : 0x10bb4    : lw a5, -24(s0)             : MemRead :  D=0x0000000000000018 A=0x7ffffffffffffdd8
2985500: system.cpu: T0 : 0x10bb8    : c_slli a5, 2               : IntAlu :  D=0x0000000000000060
2986000: system.cpu: T0 : 0x10bba    : c_add a5, a4               : IntAlu :  D=0x00000000000719c0
2986500: system.cpu: T0 : 0x10bbc    : lw a4, -20(s0)             : MemRead :  D=0x000000000000116b A=0x7ffffffffffffddc
2987000: system.cpu: T0 : 0x10bc0    : c_sw a4, 0(a5)             : MemWrite :  D=0x000000000000116b A=0x719c0
2988000: system.cpu: T0 : 0x10bc2    : lw a5, -24(s0)             : MemRead :  D=0x0000000000000018 A=0x7ffffffffffffdd8
2988500: system.cpu: T0 : 0x10bc6    : c_addiw a5, 1              : IntAlu :  D=0x0000000000000019
2989000: system.cpu: T0 : 0x10bc8    : sw a5, -24(s0)             : MemWrite :  D=0x0000000000000019 A=0x7ffffffffffffdd8
2989500: system.cpu: T0 : 0x10bcc    : lw a5, -24(s0)             : MemRead :  D=0x0000000000000019 A=0x7ffffffffffffdd8
2990000: system.cpu: T0 : 0x10bd0    : addiw a4, a5, 0            : IntAlu :  D=0x0000000000000019
2990500: system.cpu: T0 : 0x10bd4    : addi a5, zero, 63          : IntAlu :  D=0x000000000000003f
2991000: system.cpu: T0 : 0x10bd8    : bge a5, a4, -84            : IntAlu : 
2991500: system.cpu: T0 : 0x10b84    : lw a4, -20(s0)             : MemRead :  D=0x000000000000116b A=0x7ffffffffffffddc
2992000: system.cpu: T0 : 0x10b88    : c_mv a5, a4                : IntAlu :  D=0x000000000000116b
2993000: system.cpu: T0 : 0x10b8a    : slliw a5, a5, 5            : IntAlu :  D=0x0000000000022d60
2993500: system.cpu: T0 : 0x10b8e    : c_addw a5, a4              : IntAlu :  D=0x0000000000023ecb
2994000: system.cpu: T0 : 0x10b90    : slliw a5, a5, 2            : IntAlu :  D=0x000000000008fb2c
2994500: system.cpu: T0 : 0x10b94    : c_addw a5, a4              : IntAlu :  D=0x0000000000090c97
2995000: system.cpu: T0 : 0x10b96    : c_addiw a5, 0              : IntAlu :  D=0x0000000000090c97
2995500: system.cpu: T0 : 0x10b98    : addiw a5, a5, 81           : IntAlu :  D=0x0000000000090ce8
2996000: system.cpu: T0 : 0x10b9c    : c_addiw a5, 0              : IntAlu :  D=0x0000000000090ce8
2996500: system.cpu: T0 : 0x10b9e    : c_mv a4, a5                : IntAlu :  D=0x0000000000090ce8
2997000: system.cpu: T0 : 0x10ba0    : c_lui a5, 16               : IntAlu :  D=0x0000000000010000
2997500: system.cpu: T0 : 0x10ba2    : c_addiw a5, -1             : IntAlu :  D=0x000000000000ffff
2998000: system.cpu: T0 : 0x10ba4    : remw a5, a4, a5            : IntDiv :  D=0x0000000000000cf1
2998500: system.cpu: T0 : 0x10ba8    : sw a5, -20(s0)             : MemWrite :  D=0x0000000000000cf1 A=0x7ffffffffffffddc
2999000: system.cpu: T0 : 0x10bac    : auipc a4, 96               : IntAlu :  D=0x0000000000070bac
2999500: system.cpu: T0 : 0x10bb0    : ld a4, -916(a4)            : MemRead :  D=0x0000000000071960 A=0x70818
3000000: system.cpu: T0 : 0x10bb4    : lw a5, -24(s0)             : MemRead :  D=0x0000000000000019 A=0x7ffffffffffffdd8
3000500: system.cpu: T0 : 0x10bb8    : c_slli a5, 2               : IntAlu :  D=0x0000000000000064
3001000: system.cpu: T0 : 0x10bba    : c_add a5, a4               : IntAlu :  D=0x00000000000719c4
3001500: system.cpu: T0 : 0x10bbc    : lw a4, -20(s0)             : MemRead :  D=0x0000000000000cf1 A=0x7ffffffffffffddc
3002000: system.cpu: T0 : 0x10bc0    : c_sw a4, 0(a5)             : MemWrite :  D=0x0000000000000cf1 A=0x719c4
3003000: system.cpu: T0 : 0x10bc2    : lw a5, -24(s0)             : MemRead :  D=0x0000000000000019 A=0x7ffffffffffffdd8
3003500: system.cpu: T0 : 0x10bc6    : c_addiw a5, 1              : IntAlu :  D=0x000000000000001a
3004000: system.cpu: T0 : 0x10bc8    : sw a5, -24(s0)             : MemWrite :  D=0x000000000000001a A=0x7ffffffffffffdd8
3004500: system.cpu: T0 : 0x10bcc    : lw a5, -24(s0)             : MemRead :  D=0x000000000000001a A=0x7ffffffffffffdd8
3005000: system.cpu: T0 : 0x10bd0    : addiw a4, a5, 0            : IntAlu :  D=0x000000000000001a
3005500: system.cpu: T0 : 0x10bd4    : addi a5, zero, 63          : IntAlu :  D=0x000000000000003f
3006000: system.cpu: T0 : 0x10bd8    : bge a5, a4, -84            : IntAlu : 
3006500: system.cpu: T0 : 0x10b84    : lw a4, -20(s0)             : MemRead :  D=0x0000000000000cf1 A=0x7ffffffffffffddc
3007000: system.cpu: T0 : 0x10b88    : c_mv a5, a4                : IntAlu :  D=0x0000000000000cf1
3008000: system.cpu: T0 : 0x10b8a    : slliw a5, a5, 5            : IntAlu :  D=0x0000000000019e20
3008500: system.cpu: T0 : 0x10b8e    : c_addw a5, a4              : IntAlu :  D=0x000000000001ab11
3009000: system.cpu: T0 : 0x10b90    : slliw a5, a5, 2            : IntAlu :  D=0x000000000006ac44
3009500: system.cpu: T0 : 0x10b94    : c_addw a5, a4              : IntAlu :  D=0x000000000006b935
3010000: system.cpu: T0 : 0x10b96    : c_addiw a5, 0              : IntAlu :  D=0x000000000006b935
3010500: system.cpu: T0 : 0x10b98    : addiw a5, a5, 81           : IntAlu :  D=0x000000000006b986
3011000: system.cpu: T0 : 0x10b9c    : c_addiw a5, 0              : IntAlu :  D=0x000000000006b986
3011500: system.cpu: T0 : 0x10b9e    : c_mv a4, a5                : IntAlu :  D=0x000000000006b986
3012000: system.cpu: T0 : 0x10ba0    : c_lui a5, 16               : IntAlu :  D=0x0000000000010000
3012500: system.cpu: T0 : 0x10ba2    : c_addiw a5, -1             : IntAlu :  D=0x000000000000ffff
3013000: system.cpu: T0 : 0x10ba4    : remw a5, a4, a5            : IntDiv :  D=0x000000000000b98c
3013500: system.cpu: T0 : 0x10ba8    : sw a5, -20(s0)             : MemWrite :  D=0x000000000000b98c A=0x7ffffffffffffddc
3014000: system.cpu: T0 : 0x10bac    : auipc a4, 96               : IntAlu :  D=0x0000000000070bac
3014500: system.cpu: T0 : 0x10bb0    : ld a4, -916(a4)            : MemRead :  D=0x0000000000071960 A=0x70818
3015000: system.cpu: T0 : 0x10bb4    : lw a5, -24(s0)             : MemRead :  D=0x000000000000001a A=0x7ffffffffffffdd8
3015500: system.cpu: T0 : 0x10bb8    : c_slli a5, 2               : IntAlu :  D=0x0000000000000068
3016000: system.cpu: T0 : 0x10bba    : c_add a5, a4               : IntAlu :  D=0x00000000000719c8
3016500: system.cpu: T0 : 0x10bbc    : lw a4, -20(s0)             : MemRead :  D=0x000000000000b98c A=0x7ffffffffffffddc
3017000: system.cpu: T0 : 0x10bc0    : c_sw a4, 0(a5)             : MemWrite :  D=0x000000000000b98c A=0x719c8
3018000: system.cpu: T0 : 0x10bc2    : lw a5, -24(s0)             : MemRead :  D=0x000000000000001a A=0x7ffffffffffffdd8
3018500: system.cpu: T0 : 0x10bc6    : c_addiw a5, 1              : IntAlu :  D=0x000000000000001b
3019000: system.cpu: T0 : 0x10bc8    : sw a5, -24(s0)             : MemWrite :  D=0x000000000000001b A=0x7ffffffffffffdd8
3019500: system.cpu: T0 : 0x10bcc    : lw a5, -24(s0)             : MemRead :  D=0x000000000000001b A=0x7ffffffffffffdd8
3020000: system.cpu: T0 : 0x10bd0    : addiw a4, a5, 0            : IntAlu :  D=0x000000000000001b
3020500: system.cpu: T0 : 0x10bd4    : addi a5, zero, 63          : IntAlu :  D=0x000000000000003f
3021000: system.cpu: T0 : 0x10bd8    : bge a5, a4, -84            : IntAlu : 
3021500: system.cpu: T0 : 0x10b84    : lw a4, -20(s0)             : MemRead :  D=0x000000000000b98c A=0x7ffffffffffffddc
3022000: system.cpu: T0 : 0x10b88    : c_mv a5, a4                : IntAlu :  D=0x000000000000b98c
3023000: system.cpu: T0 : 0x10b8a    : slliw a5, a5, 5            : IntAlu :  D=0x0000000000173180
3023500: system.cpu: T0 : 0x10b8e    : c_addw a5, a4              : IntAlu :  D=0x000000000017eb0c
3024000: system.cpu: T0 : 0x10b90    : slliw a5, a5, 2            : IntAlu :  D=0x00000000005fac30
3024500: system.cpu: T0 : 0x10b94    : c_addw a5, a4              : IntAlu :  D=0x00000000006065bc
3025000: system.cpu: T0 : 0x10b96    : c_addiw a5, 0              : IntAlu :  D=0x00000000006065bc
3025500: system.cpu: T0 : 0x10b98    : addiw a5, a5, 81           : IntAlu :  D=0x000000000060660d
3026000: system.cpu: T0 : 0x10b9c    : c_addiw a5, 0              : IntAlu :  D=0x000000000060660d
3026500: system.cpu: T0 : 0x10b9e    : c_mv a4, a5                : IntAlu :  D=0x000000000060660d
3027000: system.cpu: T0 : 0x10ba0    : c_lui a5, 16               : IntAlu :  D=0x0000000000010000
3027500: system.cpu: T0 : 0x10ba2    : c_addiw a5, -1             : IntAlu :  D=0x000000000000ffff
3028000: system.cpu: T0 : 0x10ba4    : remw a5, a4, a5            : IntDiv :  D=0x000000000000666d
3028500: system.cpu: T0 : 0x10ba8    : sw a5, -20(s0)             : MemWrite :  D=0x000000000000666d A=0x7ffffffffffffddc
3029000: system.cpu: T0 : 0x10bac    : auipc a4, 96               : IntAlu :  D=0x0000000000070bac
3029500: system.cpu: T0 : 0x10bb0    : ld a4, -916(a4)            : MemRead :  D=0x0000000000071960 A=0x70818
3030000: system.cpu: T0 : 0x10bb4    : lw a5, -24(s0)             : MemRead :  D=0x000000000000001b A=0x7ffffffffffffdd8
3030500: system.cpu: T0 : 0x10bb8    : c_slli a5, 2               : IntAlu :  D=0x000000000000006c
3031000: system.cpu: T0 : 0x10bba    : c_add a5, a4               : IntAlu :  D=0x00000000000719cc
3031500: system.cpu: T0 : 0x10bbc    : lw a4, -20(s0)             : MemRead :  D=0x000000000000666d A=0x7ffffffffffffddc
3032000: system.cpu: T0 : 0x10bc0    : c_sw a4, 0(a5)             : MemWrite :  D=0x000000000000666d A=0x719cc
3033000: system.cpu: T0 : 0x10bc2    : lw a5, -24(s0)             : MemRead :  D=0x000000000000001b A=0x7ffffffffffffdd8
3033500: system.cpu: T0 : 0x10bc6    : c_addiw a5, 1              : IntAlu :  D=0x000000000000001c
3034000: system.cpu: T0 : 0x10bc8    : sw a5, -24(s0)             : MemWrite :  D=0x000000000000001c A=0x7ffffffffffffdd8
3034500: system.cpu: T0 : 0x10bcc    : lw a5, -24(s0)             : MemRead :  D=0x000000000000001c A=0x7ffffffffffffdd8
3035000: system.cpu: T0 : 0x10bd0    : addiw a4, a5, 0            : IntAlu :  D=0x000000000000001c
3035500: system.cpu: T0 : 0x10bd4    : addi a5, zero, 63          : IntAlu :  D=0x000000000000003f
3036000: system.cpu: T0 : 0x10bd8    : bge a5, a4, -84            : IntAlu : 
3036500: system.cpu: T0 : 0x10b84    : lw a4, -20(s0)             : MemRead :  D=0x000000000000666d A=0x7ffffffffffffddc
3037000: system.cpu: T0 : 0x10b88    : c_mv a5, a4                : IntAlu :  D=0x000000000000666d
3038000: system.cpu: T0 : 0x10b8a    : slliw a5, a5, 5            : IntAlu :  D=0x00000000000ccda0
3038500: system.cpu: T0 : 0x10b8e    : c_addw a5, a4              : IntAlu :  D=0x00000000000d340d
3039000: system.cpu: T0 : 0x10b90    : slliw a5, a5, 2            : IntAlu :  D=0x000000000034d034
3039500: system.cpu: T0 : 0x10b94    : c_addw a5, a4              : IntAlu :  D=0x00000000003536a1
3040000: system.cpu: T0 : 0x10b96    : c_addiw a5, 0              : IntAlu :  D=0x00000000003536a1
3040500: system.cpu: T0 : 0x10b98    : addiw a5, a5, 81           : IntAlu :  D=0x00000000003536f2
3041000: system.cpu: T0 : 0x10b9c    : c_addiw a5, 0              : IntAlu :  D=0x00000000003536f2
3041500: system.cpu: T0 : 0x10b9e    : c_mv a4, a5                : IntAlu :  D=0x00000000003536f2
3042000: system.cpu: T0 : 0x10ba0    : c_lui a5, 16               : IntAlu :  D=0x0000000000010000
3042500: system.cpu: T0 : 0x10ba2    : c_addiw a5, -1             : IntAlu :  D=0x000000000000ffff
3043000: system.cpu: T0 : 0x10ba4    : remw a5, a4, a5            : IntDiv :  D=0x0000000000003727
3043500: system.cpu: T0 : 0x10ba8    : sw a5, -20(s0)             : MemWrite :  D=0x0000000000003727 A=0x7ffffffffffffddc
3044000: system.cpu: T0 : 0x10bac    : auipc a4, 96               : IntAlu :  D=0x0000000000070bac
3044500: system.cpu: T0 : 0x10bb0    : ld a4, -916(a4)            : MemRead :  D=0x0000000000071960 A=0x70818
3045000: system.cpu: T0 : 0x10bb4    : lw a5, -24(s0)             : MemRead :  D=0x000000000000001c A=0x7ffffffffffffdd8
3045500: system.cpu: T0 : 0x10bb8    : c_slli a5, 2               : IntAlu :  D=0x0000000000000070
3046000: system.cpu: T0 : 0x10bba    : c_add a5, a4               : IntAlu :  D=0x00000000000719d0
3046500: system.cpu: T0 : 0x10bbc    : lw a4, -20(s0)             : MemRead :  D=0x0000000000003727 A=0x7ffffffffffffddc
3047000: system.cpu: T0 : 0x10bc0    : c_sw a4, 0(a5)             : MemWrite :  D=0x0000000000003727 A=0x719d0
3048000: system.cpu: T0 : 0x10bc2    : lw a5, -24(s0)             : MemRead :  D=0x000000000000001c A=0x7ffffffffffffdd8
3048500: system.cpu: T0 : 0x10bc6    : c_addiw a5, 1              : IntAlu :  D=0x000000000000001d
3049000: system.cpu: T0 : 0x10bc8    : sw a5, -24(s0)             : MemWrite :  D=0x000000000000001d A=0x7ffffffffffffdd8
3049500: system.cpu: T0 : 0x10bcc    : lw a5, -24(s0)             : MemRead :  D=0x000000000000001d A=0x7ffffffffffffdd8
3050000: system.cpu: T0 : 0x10bd0    : addiw a4, a5, 0            : IntAlu :  D=0x000000000000001d
3050500: system.cpu: T0 : 0x10bd4    : addi a5, zero, 63          : IntAlu :  D=0x000000000000003f
3051000: system.cpu: T0 : 0x10bd8    : bge a5, a4, -84            : IntAlu : 
3051500: system.cpu: T0 : 0x10b84    : lw a4, -20(s0)             : MemRead :  D=0x0000000000003727 A=0x7ffffffffffffddc
3052000: system.cpu: T0 : 0x10b88    : c_mv a5, a4                : IntAlu :  D=0x0000000000003727
3053000: system.cpu: T0 : 0x10b8a    : slliw a5, a5, 5            : IntAlu :  D=0x000000000006e4e0
3053500: system.cpu: T0 : 0x10b8e    : c_addw a5, a4              : IntAlu :  D=0x0000000000071c07
3054000: system.cpu: T0 : 0x10b90    : slliw a5, a5, 2            : IntAlu :  D=0x00000000001c701c
3054500: system.cpu: T0 : 0x10b94    : c_addw a5, a4              : IntAlu :  D=0x00000000001ca743
3055000: system.cpu: T0 : 0x10b96    : c_addiw a5, 0              : IntAlu :  D=0x00000000001ca743
3055500: system.cpu: T0 : 0x10b98    : addiw a5, a5, 81           : IntAlu :  D=0x00000000001ca794
3056000: system.cpu: T0 : 0x10b9c    : c_addiw a5, 0              : IntAlu :  D=0x00000000001ca794
3056500: system.cpu: T0 : 0x10b9e    : c_mv a4, a5                : IntAlu :  D=0x00000000001ca794
3057000: system.cpu: T0 : 0x10ba0    : c_lui a5, 16               : IntAlu :  D=0x0000000000010000
3057500: system.cpu: T0 : 0x10ba2    : c_addiw a5, -1             : IntAlu :  D=0x000000000000ffff
3058000: system.cpu: T0 : 0x10ba4    : remw a5, a4, a5            : IntDiv :  D=0x000000000000a7b0
3058500: system.cpu: T0 : 0x10ba8    : sw a5, -20(s0)             : MemWrite :  D=0x000000000000a7b0 A=0x7ffffffffffffddc
3059000: system.cpu: T0 : 0x10bac    : auipc a4, 96               : IntAlu :  D=0x0000000000070bac
3059500: system.cpu: T0 : 0x10bb0    : ld a4, -916(a4)            : MemRead :  D=0x0000000000071960 A=0x70818
3060000: system.cpu: T0 : 0x10bb4    : lw a5, -24(s0)             : MemRead :  D=0x000000000000001d A=0x7ffffffffffffdd8
3060500: system.cpu: T0 : 0x10bb8    : c_slli a5, 2               : IntAlu :  D=0x0000000000000074
3061000: system.cpu: T0 : 0x10bba    : c_add a5, a4               : IntAlu :  D=0x00000000000719d4
3061500: system.cpu: T0 : 0x10bbc    : lw a4, -20(s0)             : MemRead :  D=0x000000000000a7b0 A=0x7ffffffffffffddc
3062000: system.cpu: T0 : 0x10bc0    : c_sw a4, 0(a5)             : MemWrite :  D=0x000000000000a7b0 A=0x719d4
3063000: system.cpu: T0 : 0x10bc2    : lw a5, -24(s0)             : MemRead :  D=0x000000000000001d A=0x7ffffffffffffdd8
3063500: system.cpu: T0 : 0x10bc6    : c_addiw a5, 1              : IntAlu :  D=0x000000000000001e
3064000: system.cpu: T0 : 0x10bc8    : sw a5, -24(s0)             : MemWrite :  D=0x000000000000001e A=0x7ffffffffffffdd8
3064500: system.cpu: T0 : 0x10bcc    : lw a5, -24(s0)             : MemRead :  D=0x000000000000001e A=0x7ffffffffffffdd8
3065000: system.cpu: T0 : 0x10bd0    : addiw a4, a5, 0            : IntAlu :  D=0x000000000000001e
3065500: system.cpu: T0 : 0x10bd4    : addi a5, zero, 63          : IntAlu :  D=0x000000000000003f
3066000: system.cpu: T0 : 0x10bd8    : bge a5, a4, -84            : IntAlu : 
3066500: system.cpu: T0 : 0x10b84    : lw a4, -20(s0)             : MemRead :  D=0x000000000000a7b0 A=0x7ffffffffffffddc
3067000: system.cpu: T0 : 0x10b88    : c_mv a5, a4                : IntAlu :  D=0x000000000000a7b0
3068000: system.cpu: T0 : 0x10b8a    : slliw a5, a5, 5            : IntAlu :  D=0x000000000014f600
3068500: system.cpu: T0 : 0x10b8e    : c_addw a5, a4              : IntAlu :  D=0x0000000000159db0
3069000: system.cpu: T0 : 0x10b90    : slliw a5, a5, 2            : IntAlu :  D=0x00000000005676c0
3069500: system.cpu: T0 : 0x10b94    : c_addw a5, a4              : IntAlu :  D=0x0000000000571e70
3070000: system.cpu: T0 : 0x10b96    : c_addiw a5, 0              : IntAlu :  D=0x0000000000571e70
3070500: system.cpu: T0 : 0x10b98    : addiw a5, a5, 81           : IntAlu :  D=0x0000000000571ec1
3071000: system.cpu: T0 : 0x10b9c    : c_addiw a5, 0              : IntAlu :  D=0x0000000000571ec1
3071500: system.cpu: T0 : 0x10b9e    : c_mv a4, a5                : IntAlu :  D=0x0000000000571ec1
3072000: system.cpu: T0 : 0x10ba0    : c_lui a5, 16               : IntAlu :  D=0x0000000000010000
3072500: system.cpu: T0 : 0x10ba2    : c_addiw a5, -1             : IntAlu :  D=0x000000000000ffff
3073000: system.cpu: T0 : 0x10ba4    : remw a5, a4, a5            : IntDiv :  D=0x0000000000001f18
3073500: system.cpu: T0 : 0x10ba8    : sw a5, -20(s0)             : MemWrite :  D=0x0000000000001f18 A=0x7ffffffffffffddc
3074000: system.cpu: T0 : 0x10bac    : auipc a4, 96               : IntAlu :  D=0x0000000000070bac
3074500: system.cpu: T0 : 0x10bb0    : ld a4, -916(a4)            : MemRead :  D=0x0000000000071960 A=0x70818
3075000: system.cpu: T0 : 0x10bb4    : lw a5, -24(s0)             : MemRead :  D=0x000000000000001e A=0x7ffffffffffffdd8
3075500: system.cpu: T0 : 0x10bb8    : c_slli a5, 2               : IntAlu :  D=0x0000000000000078
3076000: system.cpu: T0 : 0x10bba    : c_add a5, a4               : IntAlu :  D=0x00000000000719d8
3076500: system.cpu: T0 : 0x10bbc    : lw a4, -20(s0)             : MemRead :  D=0x0000000000001f18 A=0x7ffffffffffffddc
3077000: system.cpu: T0 : 0x10bc0    : c_sw a4, 0(a5)             : MemWrite :  D=0x0000000000001f18 A=0x719d8
3078000: system.cpu: T0 : 0x10bc2    : lw a5, -24(s0)             : MemRead :  D=0x000000000000001e A=0x7ffffffffffffdd8
3078500: system.cpu: T0 : 0x10bc6    : c_addiw a5, 1              : IntAlu :  D=0x000000000000001f
3079000: system.cpu: T0 : 0x10bc8    : sw a5, -24(s0)             : MemWrite :  D=0x000000000000001f A=0x7ffffffffffffdd8
3079500: system.cpu: T0 : 0x10bcc    : lw a5, -24(s0)             : MemRead :  D=0x000000000000001f A=0x7ffffffffffffdd8
3080000: system.cpu: T0 : 0x10bd0    : addiw a4, a5, 0            : IntAlu :  D=0x000000000000001f
3080500: system.cpu: T0 : 0x10bd4    : addi a5, zero, 63          : IntAlu :  D=0x000000000000003f
3081000: system.cpu: T0 : 0x10bd8    : bge a5, a4, -84            : IntAlu : 
3081500: system.cpu: T0 : 0x10b84    : lw a4, -20(s0)             : MemRead :  D=0x0000000000001f18 A=0x7ffffffffffffddc
3082000: system.cpu: T0 : 0x10b88    : c_mv a5, a4                : IntAlu :  D=0x0000000000001f18
3083000: system.cpu: T0 : 0x10b8a    : slliw a5, a5, 5            : IntAlu :  D=0x000000000003e300
3083500: system.cpu: T0 : 0x10b8e    : c_addw a5, a4              : IntAlu :  D=0x0000000000040218
3084000: system.cpu: T0 : 0x10b90    : slliw a5, a5, 2            : IntAlu :  D=0x0000000000100860
3084500: system.cpu: T0 : 0x10b94    : c_addw a5, a4              : IntAlu :  D=0x0000000000102778
3085000: system.cpu: T0 : 0x10b96    : c_addiw a5, 0              : IntAlu :  D=0x0000000000102778
3085500: system.cpu: T0 : 0x10b98    : addiw a5, a5, 81           : IntAlu :  D=0x00000000001027c9
3086000: system.cpu: T0 : 0x10b9c    : c_addiw a5, 0              : IntAlu :  D=0x00000000001027c9
3086500: system.cpu: T0 : 0x10b9e    : c_mv a4, a5                : IntAlu :  D=0x00000000001027c9
3087000: system.cpu: T0 : 0x10ba0    : c_lui a5, 16               : IntAlu :  D=0x0000000000010000
3087500: system.cpu: T0 : 0x10ba2    : c_addiw a5, -1             : IntAlu :  D=0x000000000000ffff
3088000: system.cpu: T0 : 0x10ba4    : remw a5, a4, a5            : IntDiv :  D=0x00000000000027d9
3088500: system.cpu: T0 : 0x10ba8    : sw a5, -20(s0)             : MemWrite :  D=0x00000000000027d9 A=0x7ffffffffffffddc
3089000: system.cpu: T0 : 0x10bac    : auipc a4, 96               : IntAlu :  D=0x0000000000070bac
3089500: system.cpu: T0 : 0x10bb0    : ld a4, -916(a4)            : MemRead :  D=0x0000000000071960 A=0x70818
3090000: system.cpu: T0 : 0x10bb4    : lw a5, -24(s0)             : MemRead :  D=0x000000000000001f A=0x7ffffffffffffdd8
3090500: system.cpu: T0 : 0x10bb8    : c_slli a5, 2               : IntAlu :  D=0x000000000000007c
3091000: system.cpu: T0 : 0x10bba    : c_add a5, a4               : IntAlu :  D=0x00000000000719dc
3091500: system.cpu: T0 : 0x10bbc    : lw a4, -20(s0)             : MemRead :  D=0x00000000000027d9 A=0x7ffffffffffffddc
3092000: system.cpu: T0 : 0x10bc0    : c_sw a4, 0(a5)             : MemWrite :  D=0x00000000000027d9 A=0x719dc
3093000: system.cpu: T0 : 0x10bc2    : lw a5, -24(s0)             : MemRead :  D=0x000000000000001f A=0x7ffffffffffffdd8
3093500: system.cpu: T0 : 0x10bc6    : c_addiw a5, 1              : IntAlu :  D=0x0000000000000020
3094000: system.cpu: T0 : 0x10bc8    : sw a5, -24(s0)             : MemWrite :  D=0x0000000000000020 A=0x7ffffffffffffdd8
3094500: system.cpu: T0 : 0x10bcc    : lw a5, -24(s0)             : MemRead :  D=0x0000000000000020 A=0x7ffffffffffffdd8
3095000: system.cpu: T0 : 0x10bd0    : addiw a4, a5, 0            : IntAlu :  D=0x0000000000000020
3095500: system.cpu: T0 : 0x10bd4    : addi a5, zero, 63          : IntAlu :  D=0x000000000000003f
3096000: system.cpu: T0 : 0x10bd8    : bge a5, a4, -84            : IntAlu : 
3096500: system.cpu: T0 : 0x10b84    : lw a4, -20(s0)             : MemRead :  D=0x00000000000027d9 A=0x7ffffffffffffddc
3097000: system.cpu: T0 : 0x10b88    : c_mv a5, a4                : IntAlu :  D=0x00000000000027d9
3098000: system.cpu: T0 : 0x10b8a    : slliw a5, a5, 5            : IntAlu :  D=0x000000000004fb20
3098500: system.cpu: T0 : 0x10b8e    : c_addw a5, a4              : IntAlu :  D=0x00000000000522f9
3099000: system.cpu: T0 : 0x10b90    : slliw a5, a5, 2            : IntAlu :  D=0x0000000000148be4
3099500: system.cpu: T0 : 0x10b94    : c_addw a5, a4              : IntAlu :  D=0x000000000014b3bd
3100000: system.cpu: T0 : 0x10b96    : c_addiw a5, 0              : IntAlu :  D=0x000000000014b3bd
3100500: system.cpu: T0 : 0x10b98    : addiw a5, a5, 81           : IntAlu :  D=0x000000000014b40e
3101000: system.cpu: T0 : 0x10b9c    : c_addiw a5, 0              : IntAlu :  D=0x000000000014b40e
3101500: system.cpu: T0 : 0x10b9e    : c_mv a4, a5                : IntAlu :  D=0x000000000014b40e
3102000: system.cpu: T0 : 0x10ba0    : c_lui a5, 16               : IntAlu :  D=0x0000000000010000
3102500: system.cpu: T0 : 0x10ba2    : c_addiw a5, -1             : IntAlu :  D=0x000000000000ffff
3103000: system.cpu: T0 : 0x10ba4    : remw a5, a4, a5            : IntDiv :  D=0x000000000000b422
3103500: system.cpu: T0 : 0x10ba8    : sw a5, -20(s0)             : MemWrite :  D=0x000000000000b422 A=0x7ffffffffffffddc
3104000: system.cpu: T0 : 0x10bac    : auipc a4, 96               : IntAlu :  D=0x0000000000070bac
3104500: system.cpu: T0 : 0x10bb0    : ld a4, -916(a4)            : MemRead :  D=0x0000000000071960 A=0x70818
3105000: system.cpu: T0 : 0x10bb4    : lw a5, -24(s0)             : MemRead :  D=0x0000000000000020 A=0x7ffffffffffffdd8
3105500: system.cpu: T0 : 0x10bb8    : c_slli a5, 2               : IntAlu :  D=0x0000000000000080
3106000: system.cpu: T0 : 0x10bba    : c_add a5, a4               : IntAlu :  D=0x00000000000719e0
3106500: system.cpu: T0 : 0x10bbc    : lw a4, -20(s0)             : MemRead :  D=0x000000000000b422 A=0x7ffffffffffffddc
3107000: system.cpu: T0 : 0x10bc0    : c_sw a4, 0(a5)             : MemWrite :  D=0x000000000000b422 A=0x719e0
3108000: system.cpu: T0 : 0x10bc2    : lw a5, -24(s0)             : MemRead :  D=0x0000000000000020 A=0x7ffffffffffffdd8
3108500: system.cpu: T0 : 0x10bc6    : c_addiw a5, 1              : IntAlu :  D=0x0000000000000021
3109000: system.cpu: T0 : 0x10bc8    : sw a5, -24(s0)             : MemWrite :  D=0x0000000000000021 A=0x7ffffffffffffdd8
3109500: system.cpu: T0 : 0x10bcc    : lw a5, -24(s0)             : MemRead :  D=0x0000000000000021 A=0x7ffffffffffffdd8
3110000: system.cpu: T0 : 0x10bd0    : addiw a4, a5, 0            : IntAlu :  D=0x0000000000000021
3110500: system.cpu: T0 : 0x10bd4    : addi a5, zero, 63          : IntAlu :  D=0x000000000000003f
3111000: system.cpu: T0 : 0x10bd8    : bge a5, a4, -84            : IntAlu : 
3111500: system.cpu: T0 : 0x10b84    : lw a4, -20(s0)             : MemRead :  D=0x000000000000b422 A=0x7ffffffffffffddc
3112000: system.cpu: T0 : 0x10b88    : c_mv a5, a4                : IntAlu :  D=0x000000000000b422
3113000: system.cpu: T0 : 0x10b8a    : slliw a5, a5, 5            : IntAlu :  D=0x0000000000168440
3113500: system.cpu: T0 : 0x10b8e    : c_addw a5, a4              : IntAlu :  D=0x0000000000173862
3114000: system.cpu: T0 : 0x10b90    : slliw a5, a5, 2            : IntAlu :  D=0x00000000005ce188
3114500: system.cpu: T0 : 0x10b94    : c_addw a5, a4              : IntAlu :  D=0x00000000005d95aa
3115000: system.cpu: T0 : 0x10b96    : c_addiw a5, 0              : IntAlu :  D=0x00000000005d95aa
3115500: system.cpu: T0 : 0x10b98    : addiw a5, a5, 81           : IntAlu :  D=0x00000000005d95fb
3116000: system.cpu: T0 : 0x10b9c    : c_addiw a5, 0              : IntAlu :  D=0x00000000005d95fb
3116500: system.cpu: T0 : 0x10b9e    : c_mv a4, a5                : IntAlu :  D=0x00000000005d95fb
3117000: system.cpu: T0 : 0x10ba0    : c_lui a5, 16               : IntAlu :  D=0x0000000000010000
3117500: system.cpu: T0 : 0x10ba2    : c_addiw a5, -1             : IntAlu :  D=0x000000000000ffff
3118000: system.cpu: T0 : 0x10ba4    : remw a5, a4, a5            : IntDiv :  D=0x0000000000009658
3118500: system.cpu: T0 : 0x10ba8    : sw a5, -20(s0)             : MemWrite :  D=0x0000000000009658 A=0x7ffffffffffffddc
3119000: system.cpu: T0 : 0x10bac    : auipc a4, 96               : IntAlu :  D=0x0000000000070bac
3119500: system.cpu: T0 : 0x10bb0    : ld a4, -916(a4)            : MemRead :  D=0x0000000000071960 A=0x70818
3120000: system.cpu: T0 : 0x10bb4    : lw a5, -24(s0)             : MemRead :  D=0x0000000000000021 A=0x7ffffffffffffdd8
3120500: system.cpu: T0 : 0x10bb8    : c_slli a5, 2               : IntAlu :  D=0x0000000000000084
3121000: system.cpu: T0 : 0x10bba    : c_add a5, a4               : IntAlu :  D=0x00000000000719e4
3121500: system.cpu: T0 : 0x10bbc    : lw a4, -20(s0)             : MemRead :  D=0x0000000000009658 A=0x7ffffffffffffddc
3122000: system.cpu: T0 : 0x10bc0    : c_sw a4, 0(a5)             : MemWrite :  D=0x0000000000009658 A=0x719e4
3123000: system.cpu: T0 : 0x10bc2    : lw a5, -24(s0)             : MemRead :  D=0x0000000000000021 A=0x7ffffffffffffdd8
3123500: system.cpu: T0 : 0x10bc6    : c_addiw a5, 1              : IntAlu :  D=0x0000000000000022
3124000: system.cpu: T0 : 0x10bc8    : sw a5, -24(s0)             : MemWrite :  D=0x0000000000000022 A=0x7ffffffffffffdd8
3124500: system.cpu: T0 : 0x10bcc    : lw a5, -24(s0)             : MemRead :  D=0x0000000000000022 A=0x7ffffffffffffdd8
3125000: system.cpu: T0 : 0x10bd0    : addiw a4, a5, 0            : IntAlu :  D=0x0000000000000022
3125500: system.cpu: T0 : 0x10bd4    : addi a5, zero, 63          : IntAlu :  D=0x000000000000003f
3126000: system.cpu: T0 : 0x10bd8    : bge a5, a4, -84            : IntAlu : 
3126500: system.cpu: T0 : 0x10b84    : lw a4, -20(s0)             : MemRead :  D=0x0000000000009658 A=0x7ffffffffffffddc
3127000: system.cpu: T0 : 0x10b88    : c_mv a5, a4                : IntAlu :  D=0x0000000000009658
3128000: system.cpu: T0 : 0x10b8a    : slliw a5, a5, 5            : IntAlu :  D=0x000000000012cb00
3128500: system.cpu: T0 : 0x10b8e    : c_addw a5, a4              : IntAlu :  D=0x0000000000136158
3129000: system.cpu: T0 : 0x10b90    : slliw a5, a5, 2            : IntAlu :  D=0x00000000004d8560
3129500: system.cpu: T0 : 0x10b94    : c_addw a5, a4              : IntAlu :  D=0x00000000004e1bb8
3130000: system.cpu: T0 : 0x10b96    : c_addiw a5, 0              : IntAlu :  D=0x00000000004e1bb8
3130500: system.cpu: T0 : 0x10b98    : addiw a5, a5, 81           : IntAlu :  D=0x00000000004e1c09
3131000: system.cpu: T0 : 0x10b9c    : c_addiw a5, 0              : IntAlu :  D=0x00000000004e1c09
3131500: system.cpu: T0 : 0x10b9e    : c_mv a4, a5                : IntAlu :  D=0x00000000004e1c09
3132000: system.cpu: T0 : 0x10ba0    : c_lui a5, 16               : IntAlu :  D=0x0000000000010000
3132500: system.cpu: T0 : 0x10ba2    : c_addiw a5, -1             : IntAlu :  D=0x000000000000ffff
3133000: system.cpu: T0 : 0x10ba4    : remw a5, a4, a5            : IntDiv :  D=0x0000000000001c57
3133500: system.cpu: T0 : 0x10ba8    : sw a5, -20(s0)             : MemWrite :  D=0x0000000000001c57 A=0x7ffffffffffffddc
3134000: system.cpu: T0 : 0x10bac    : auipc a4, 96               : IntAlu :  D=0x0000000000070bac
3134500: system.cpu: T0 : 0x10bb0    : ld a4, -916(a4)            : MemRead :  D=0x0000000000071960 A=0x70818
3135000: system.cpu: T0 : 0x10bb4    : lw a5, -24(s0)             : MemRead :  D=0x0000000000000022 A=0x7ffffffffffffdd8
3135500: system.cpu: T0 : 0x10bb8    : c_slli a5, 2               : IntAlu :  D=0x0000000000000088
3136000: system.cpu: T0 : 0x10bba    : c_add a5, a4               : IntAlu :  D=0x00000000000719e8
3136500: system.cpu: T0 : 0x10bbc    : lw a4, -20(s0)             : MemRead :  D=0x0000000000001c57 A=0x7ffffffffffffddc
3137000: system.cpu: T0 : 0x10bc0    : c_sw a4, 0(a5)             : MemWrite :  D=0x0000000000001c57 A=0x719e8
3138000: system.cpu: T0 : 0x10bc2    : lw a5, -24(s0)             : MemRead :  D=0x0000000000000022 A=0x7ffffffffffffdd8
3138500: system.cpu: T0 : 0x10bc6    : c_addiw a5, 1              : IntAlu :  D=0x0000000000000023
3139000: system.cpu: T0 : 0x10bc8    : sw a5, -24(s0)             : MemWrite :  D=0x0000000000000023 A=0x7ffffffffffffdd8
3139500: system.cpu: T0 : 0x10bcc    : lw a5, -24(s0)             : MemRead :  D=0x0000000000000023 A=0x7ffffffffffffdd8
3140000: system.cpu: T0 : 0x10bd0    : addiw a4, a5, 0            : IntAlu :  D=0x0000000000000023
3140500: system.cpu: T0 : 0x10bd4    : addi a5, zero, 63          : IntAlu :  D=0x000000000000003f
3141000: system.cpu: T0 : 0x10bd8    : bge a5, a4, -84            : IntAlu : 
3141500: system.cpu: T0 : 0x10b84    : lw a4, -20(s0)             : MemRead :  D=0x0000000000001c57 A=0x7ffffffffffffddc
3142000: system.cpu: T0 : 0x10b88    : c_mv a5, a4                : IntAlu :  D=0x0000000000001c57
3143000: system.cpu: T0 : 0x10b8a    : slliw a5, a5, 5            : IntAlu :  D=0x0000000000038ae0
3143500: system.cpu: T0 : 0x10b8e    : c_addw a5, a4              : IntAlu :  D=0x000000000003a737
3144000: system.cpu: T0 : 0x10b90    : slliw a5, a5, 2            : IntAlu :  D=0x00000000000e9cdc
3144500: system.cpu: T0 : 0x10b94    : c_addw a5, a4              : IntAlu :  D=0x00000000000eb933
3145000: system.cpu: T0 : 0x10b96    : c_addiw a5, 0              : IntAlu :  D=0x00000000000eb933
3145500: system.cpu: T0 : 0x10b98    : addiw a5, a5, 81           : IntAlu :  D=0x00000000000eb984
3146000: system.cpu: T0 : 0x10b9c    : c_addiw a5, 0              : IntAlu :  D=0x00000000000eb984
3146500: system.cpu: T0 : 0x10b9e    : c_mv a4, a5                : IntAlu :  D=0x00000000000eb984
3147000: system.cpu: T0 : 0x10ba0    : c_lui a5, 16               : IntAlu :  D=0x0000000000010000
3147500: system.cpu: T0 : 0x10ba2    : c_addiw a5, -1             : IntAlu :  D=0x000000000000ffff
3148000: system.cpu: T0 : 0x10ba4    : remw a5, a4, a5            : IntDiv :  D=0x000000000000b992
3148500: system.cpu: T0 : 0x10ba8    : sw a5, -20(s0)             : MemWrite :  D=0x000000000000b992 A=0x7ffffffffffffddc
3149000: system.cpu: T0 : 0x10bac    : auipc a4, 96               : IntAlu :  D=0x0000000000070bac
3149500: system.cpu: T0 : 0x10bb0    : ld a4, -916(a4)            : MemRead :  D=0x0000000000071960 A=0x70818
3150000: system.cpu: T0 : 0x10bb4    : lw a5, -24(s0)             : MemRead :  D=0x0000000000000023 A=0x7ffffffffffffdd8
3150500: system.cpu: T0 : 0x10bb8    : c_slli a5, 2               : IntAlu :  D=0x000000000000008c
3151000: system.cpu: T0 : 0x10bba    : c_add a5, a4               : IntAlu :  D=0x00000000000719ec
3151500: system.cpu: T0 : 0x10bbc    : lw a4, -20(s0)             : MemRead :  D=0x000000000000b992 A=0x7ffffffffffffddc
3152000: system.cpu: T0 : 0x10bc0    : c_sw a4, 0(a5)             : MemWrite :  D=0x000000000000b992 A=0x719ec
3153000: system.cpu: T0 : 0x10bc2    : lw a5, -24(s0)             : MemRead :  D=0x0000000000000023 A=0x7ffffffffffffdd8
3153500: system.cpu: T0 : 0x10bc6    : c_addiw a5, 1              : IntAlu :  D=0x0000000000000024
3154000: system.cpu: T0 : 0x10bc8    : sw a5, -24(s0)             : MemWrite :  D=0x0000000000000024 A=0x7ffffffffffffdd8
3154500: system.cpu: T0 : 0x10bcc    : lw a5, -24(s0)             : MemRead :  D=0x0000000000000024 A=0x7ffffffffffffdd8
3155000: system.cpu: T0 : 0x10bd0    : addiw a4, a5, 0            : IntAlu :  D=0x0000000000000024
3155500: system.cpu: T0 : 0x10bd4    : addi a5, zero, 63          : IntAlu :  D=0x000000000000003f
3156000: system.cpu: T0 : 0x10bd8    : bge a5, a4, -84            : IntAlu : 
3156500: system.cpu: T0 : 0x10b84    : lw a4, -20(s0)             : MemRead :  D=0x000000000000b992 A=0x7ffffffffffffddc
3157000: system.cpu: T0 : 0x10b88    : c_mv a5, a4                : IntAlu :  D=0x000000000000b992
3158000: system.cpu: T0 : 0x10b8a    : slliw a5, a5, 5            : IntAlu :  D=0x0000000000173240
3158500: system.cpu: T0 : 0x10b8e    : c_addw a5, a4              : IntAlu :  D=0x000000000017ebd2
3159000: system.cpu: T0 : 0x10b90    : slliw a5, a5, 2            : IntAlu :  D=0x00000000005faf48
3159500: system.cpu: T0 : 0x10b94    : c_addw a5, a4              : IntAlu :  D=0x00000000006068da
3160000: system.cpu: T0 : 0x10b96    : c_addiw a5, 0              : IntAlu :  D=0x00000000006068da
3160500: system.cpu: T0 : 0x10b98    : addiw a5, a5, 81           : IntAlu :  D=0x000000000060692b
3161000: system.cpu: T0 : 0x10b9c    : c_addiw a5, 0              : IntAlu :  D=0x000000000060692b
3161500: system.cpu: T0 : 0x10b9e    : c_mv a4, a5                : IntAlu :  D=0x000000000060692b
3162000: system.cpu: T0 : 0x10ba0    : c_lui a5, 16               : IntAlu :  D=0x0000000000010000
3162500: system.cpu: T0 : 0x10ba2    : c_addiw a5, -1             : IntAlu :  D=0x000000000000ffff
3163000: system.cpu: T0 : 0x10ba4    : remw a5, a4, a5            : IntDiv :  D=0x000000000000698b
3163500: system.cpu: T0 : 0x10ba8    : sw a5, -20(s0)             : MemWrite :  D=0x000000000000698b A=0x7ffffffffffffddc
3164000: system.cpu: T0 : 0x10bac    : auipc a4, 96               : IntAlu :  D=0x0000000000070bac
3164500: system.cpu: T0 : 0x10bb0    : ld a4, -916(a4)            : MemRead :  D=0x0000000000071960 A=0x70818
3165000: system.cpu: T0 : 0x10bb4    : lw a5, -24(s0)             : MemRead :  D=0x0000000000000024 A=0x7ffffffffffffdd8
3165500: system.cpu: T0 : 0x10bb8    : c_slli a5, 2               : IntAlu :  D=0x0000000000000090
3166000: system.cpu: T0 : 0x10bba    : c_add a5, a4               : IntAlu :  D=0x00000000000719f0
3166500: system.cpu: T0 : 0x10bbc    : lw a4, -20(s0)             : MemRead :  D=0x000000000000698b A=0x7ffffffffffffddc
3167000: system.cpu: T0 : 0x10bc0    : c_sw a4, 0(a5)             : MemWrite :  D=0x000000000000698b A=0x719f0
3168000: system.cpu: T0 : 0x10bc2    : lw a5, -24(s0)             : MemRead :  D=0x0000000000000024 A=0x7ffffffffffffdd8
3168500: system.cpu: T0 : 0x10bc6    : c_addiw a5, 1              : IntAlu :  D=0x0000000000000025
3169000: system.cpu: T0 : 0x10bc8    : sw a5, -24(s0)             : MemWrite :  D=0x0000000000000025 A=0x7ffffffffffffdd8
3169500: system.cpu: T0 : 0x10bcc    : lw a5, -24(s0)             : MemRead :  D=0x0000000000000025 A=0x7ffffffffffffdd8
3170000: system.cpu: T0 : 0x10bd0    : addiw a4, a5, 0            : IntAlu :  D=0x0000000000000025
3170500: system.cpu: T0 : 0x10bd4    : addi a5, zero, 63          : IntAlu :  D=0x000000000000003f
3171000: system.cpu: T0 : 0x10bd8    : bge a5, a4, -84            : IntAlu : 
3171500: system.cpu: T0 : 0x10b84    : lw a4, -20(s0)             : MemRead :  D=0x000000000000698b A=0x7ffffffffffffddc
3172000: system.cpu: T0 : 0x10b88    : c_mv a5, a4                : IntAlu :  D=0x000000000000698b
3173000: system.cpu: T0 : 0x10b8a    : slliw a5, a5, 5            : IntAlu :  D=0x00000000000d3160
3173500: system.cpu: T0 : 0x10b8e    : c_addw a5, a4              : IntAlu :  D=0x00000000000d9aeb
3174000: system.cpu: T0 : 0x10b90    : slliw a5, a5, 2            : IntAlu :  D=0x0000000000366bac
3174500: system.cpu: T0 : 0x10b94    : c_addw a5, a4              : IntAlu :  D=0x000000000036d537
3175000: system.cpu: T0 : 0x10b96    : c_addiw a5, 0              : IntAlu :  D=0x000000000036d537
3175500: system.cpu: T0 : 0x10b98    : addiw a5, a5, 81           : IntAlu :  D=0x000000000036d588
3176000: system.cpu: T0 : 0x10b9c    : c_addiw a5, 0              : IntAlu :  D=0x000000000036d588
3176500: system.cpu: T0 : 0x10b9e    : c_mv a4, a5                : IntAlu :  D=0x000000000036d588
3177000: system.cpu: T0 : 0x10ba0    : c_lui a5, 16               : IntAlu :  D=0x0000000000010000
3177500: system.cpu: T0 : 0x10ba2    : c_addiw a5, -1             : IntAlu :  D=0x000000000000ffff
3178000: system.cpu: T0 : 0x10ba4    : remw a5, a4, a5            : IntDiv :  D=0x000000000000d5be
3178500: system.cpu: T0 : 0x10ba8    : sw a5, -20(s0)             : MemWrite :  D=0x000000000000d5be A=0x7ffffffffffffddc
3179000: system.cpu: T0 : 0x10bac    : auipc a4, 96               : IntAlu :  D=0x0000000000070bac
3179500: system.cpu: T0 : 0x10bb0    : ld a4, -916(a4)            : MemRead :  D=0x0000000000071960 A=0x70818
3180000: system.cpu: T0 : 0x10bb4    : lw a5, -24(s0)             : MemRead :  D=0x0000000000000025 A=0x7ffffffffffffdd8
3180500: system.cpu: T0 : 0x10bb8    : c_slli a5, 2               : IntAlu :  D=0x0000000000000094
3181000: system.cpu: T0 : 0x10bba    : c_add a5, a4               : IntAlu :  D=0x00000000000719f4
3181500: system.cpu: T0 : 0x10bbc    : lw a4, -20(s0)             : MemRead :  D=0x000000000000d5be A=0x7ffffffffffffddc
3182000: system.cpu: T0 : 0x10bc0    : c_sw a4, 0(a5)             : MemWrite :  D=0x000000000000d5be A=0x719f4
3183000: system.cpu: T0 : 0x10bc2    : lw a5, -24(s0)             : MemRead :  D=0x0000000000000025 A=0x7ffffffffffffdd8
3183500: system.cpu: T0 : 0x10bc6    : c_addiw a5, 1              : IntAlu :  D=0x0000000000000026
3184000: system.cpu: T0 : 0x10bc8    : sw a5, -24(s0)             : MemWrite :  D=0x0000000000000026 A=0x7ffffffffffffdd8
3184500: system.cpu: T0 : 0x10bcc    : lw a5, -24(s0)             : MemRead :  D=0x0000000000000026 A=0x7ffffffffffffdd8
3185000: system.cpu: T0 : 0x10bd0    : addiw a4, a5, 0            : IntAlu :  D=0x0000000000000026
3185500: system.cpu: T0 : 0x10bd4    : addi a5, zero, 63          : IntAlu :  D=0x000000000000003f
3186000: system.cpu: T0 : 0x10bd8    : bge a5, a4, -84            : IntAlu : 
3186500: system.cpu: T0 : 0x10b84    : lw a4, -20(s0)             : MemRead :  D=0x000000000000d5be A=0x7ffffffffffffddc
3187000: system.cpu: T0 : 0x10b88    : c_mv a5, a4                : IntAlu :  D=0x000000000000d5be
3188000: system.cpu: T0 : 0x10b8a    : slliw a5, a5, 5            : IntAlu :  D=0x00000000001ab7c0
3188500: system.cpu: T0 : 0x10b8e    : c_addw a5, a4              : IntAlu :  D=0x00000000001b8d7e
3189000: system.cpu: T0 : 0x10b90    : slliw a5, a5, 2            : IntAlu :  D=0x00000000006e35f8
3189500: system.cpu: T0 : 0x10b94    : c_addw a5, a4              : IntAlu :  D=0x00000000006f0bb6
3190000: system.cpu: T0 : 0x10b96    : c_addiw a5, 0              : IntAlu :  D=0x00000000006f0bb6
3190500: system.cpu: T0 : 0x10b98    : addiw a5, a5, 81           : IntAlu :  D=0x00000000006f0c07
3191000: system.cpu: T0 : 0x10b9c    : c_addiw a5, 0              : IntAlu :  D=0x00000000006f0c07
3191500: system.cpu: T0 : 0x10b9e    : c_mv a4, a5                : IntAlu :  D=0x00000000006f0c07
3192000: system.cpu: T0 : 0x10ba0    : c_lui a5, 16               : IntAlu :  D=0x0000000000010000
3192500: system.cpu: T0 : 0x10ba2    : c_addiw a5, -1             : IntAlu :  D=0x000000000000ffff
3193000: system.cpu: T0 : 0x10ba4    : remw a5, a4, a5            : IntDiv :  D=0x0000000000000c76
3193500: system.cpu: T0 : 0x10ba8    : sw a5, -20(s0)             : MemWrite :  D=0x0000000000000c76 A=0x7ffffffffffffddc
3194000: system.cpu: T0 : 0x10bac    : auipc a4, 96               : IntAlu :  D=0x0000000000070bac
3194500: system.cpu: T0 : 0x10bb0    : ld a4, -916(a4)            : MemRead :  D=0x0000000000071960 A=0x70818
3195000: system.cpu: T0 : 0x10bb4    : lw a5, -24(s0)             : MemRead :  D=0x0000000000000026 A=0x7ffffffffffffdd8
3195500: system.cpu: T0 : 0x10bb8    : c_slli a5, 2               : IntAlu :  D=0x0000000000000098
3196000: system.cpu: T0 : 0x10bba    : c_add a5, a4               : IntAlu :  D=0x00000000000719f8
3196500: system.cpu: T0 : 0x10bbc    : lw a4, -20(s0)             : MemRead :  D=0x0000000000000c76 A=0x7ffffffffffffddc
3197000: system.cpu: T0 : 0x10bc0    : c_sw a4, 0(a5)             : MemWrite :  D=0x0000000000000c76 A=0x719f8
3198000: system.cpu: T0 : 0x10bc2    : lw a5, -24(s0)             : MemRead :  D=0x0000000000000026 A=0x7ffffffffffffdd8
3198500: system.cpu: T0 : 0x10bc6    : c_addiw a5, 1              : IntAlu :  D=0x0000000000000027
3199000: system.cpu: T0 : 0x10bc8    : sw a5, -24(s0)             : MemWrite :  D=0x0000000000000027 A=0x7ffffffffffffdd8
3199500: system.cpu: T0 : 0x10bcc    : lw a5, -24(s0)             : MemRead :  D=0x0000000000000027 A=0x7ffffffffffffdd8
3200000: system.cpu: T0 : 0x10bd0    : addiw a4, a5, 0            : IntAlu :  D=0x0000000000000027
3200500: system.cpu: T0 : 0x10bd4    : addi a5, zero, 63          : IntAlu :  D=0x000000000000003f
3201000: system.cpu: T0 : 0x10bd8    : bge a5, a4, -84            : IntAlu : 
3201500: system.cpu: T0 : 0x10b84    : lw a4, -20(s0)             : MemRead :  D=0x0000000000000c76 A=0x7ffffffffffffddc
3202000: system.cpu: T0 : 0x10b88    : c_mv a5, a4                : IntAlu :  D=0x0000000000000c76
3203000: system.cpu: T0 : 0x10b8a    : slliw a5, a5, 5            : IntAlu :  D=0x0000000000018ec0
3203500: system.cpu: T0 : 0x10b8e    : c_addw a5, a4              : IntAlu :  D=0x0000000000019b36
3204000: system.cpu: T0 : 0x10b90    : slliw a5, a5, 2            : IntAlu :  D=0x0000000000066cd8
3204500: system.cpu: T0 : 0x10b94    : c_addw a5, a4              : IntAlu :  D=0x000000000006794e
3205000: system.cpu: T0 : 0x10b96    : c_addiw a5, 0              : IntAlu :  D=0x000000000006794e
3205500: system.cpu: T0 : 0x10b98    : addiw a5, a5, 81           : IntAlu :  D=0x000000000006799f
3206000: system.cpu: T0 : 0x10b9c    : c_addiw a5, 0              : IntAlu :  D=0x000000000006799f
3206500: system.cpu: T0 : 0x10b9e    : c_mv a4, a5                : IntAlu :  D=0x000000000006799f
3207000: system.cpu: T0 : 0x10ba0    : c_lui a5, 16               : IntAlu :  D=0x0000000000010000
3207500: system.cpu: T0 : 0x10ba2    : c_addiw a5, -1             : IntAlu :  D=0x000000000000ffff
3208000: system.cpu: T0 : 0x10ba4    : remw a5, a4, a5            : IntDiv :  D=0x00000000000079a5
3208500: system.cpu: T0 : 0x10ba8    : sw a5, -20(s0)             : MemWrite :  D=0x00000000000079a5 A=0x7ffffffffffffddc
3209000: system.cpu: T0 : 0x10bac    : auipc a4, 96               : IntAlu :  D=0x0000000000070bac
3209500: system.cpu: T0 : 0x10bb0    : ld a4, -916(a4)            : MemRead :  D=0x0000000000071960 A=0x70818
3210000: system.cpu: T0 : 0x10bb4    : lw a5, -24(s0)             : MemRead :  D=0x0000000000000027 A=0x7ffffffffffffdd8
3210500: system.cpu: T0 : 0x10bb8    : c_slli a5, 2               : IntAlu :  D=0x000000000000009c
3211000: system.cpu: T0 : 0x10bba    : c_add a5, a4               : IntAlu :  D=0x00000000000719fc
3211500: system.cpu: T0 : 0x10bbc    : lw a4, -20(s0)             : MemRead :  D=0x00000000000079a5 A=0x7ffffffffffffddc
3212000: system.cpu: T0 : 0x10bc0    : c_sw a4, 0(a5)             : MemWrite :  D=0x00000000000079a5 A=0x719fc
3213000: system.cpu: T0 : 0x10bc2    : lw a5, -24(s0)             : MemRead :  D=0x0000000000000027 A=0x7ffffffffffffdd8
3213500: system.cpu: T0 : 0x10bc6    : c_addiw a5, 1              : IntAlu :  D=0x0000000000000028
3214000: system.cpu: T0 : 0x10bc8    : sw a5, -24(s0)             : MemWrite :  D=0x0000000000000028 A=0x7ffffffffffffdd8
3214500: system.cpu: T0 : 0x10bcc    : lw a5, -24(s0)             : MemRead :  D=0x0000000000000028 A=0x7ffffffffffffdd8
3215000: system.cpu: T0 : 0x10bd0    : addiw a4, a5, 0            : IntAlu :  D=0x0000000000000028
3215500: system.cpu: T0 : 0x10bd4    : addi a5, zero, 63          : IntAlu :  D=0x000000000000003f
3216000: system.cpu: T0 : 0x10bd8    : bge a5, a4, -84            : IntAlu : 
3216500: system.cpu: T0 : 0x10b84    : lw a4, -20(s0)             : MemRead :  D=0x00000000000079a5 A=0x7ffffffffffffddc
3217000: system.cpu: T0 : 0x10b88    : c_mv a5, a4                : IntAlu :  D=0x00000000000079a5
3218000: system.cpu: T0 : 0x10b8a    : slliw a5, a5, 5            : IntAlu :  D=0x00000000000f34a0
3218500: system.cpu: T0 : 0x10b8e    : c_addw a5, a4              : IntAlu :  D=0x00000000000fae45
3219000: system.cpu: T0 : 0x10b90    : slliw a5, a5, 2            : IntAlu :  D=0x00000000003eb914
3219500: system.cpu: T0 : 0x10b94    : c_addw a5, a4              : IntAlu :  D=0x00000000003f32b9
3220000: system.cpu: T0 : 0x10b96    : c_addiw a5, 0              : IntAlu :  D=0x00000000003f32b9
3220500: system.cpu: T0 : 0x10b98    : addiw a5, a5, 81           : IntAlu :  D=0x00000000003f330a
3221000: system.cpu: T0 : 0x10b9c    : c_addiw a5, 0              : IntAlu :  D=0x00000000003f330a
3221500: system.cpu: T0 : 0x10b9e    : c_mv a4, a5                : IntAlu :  D=0x00000000003f330a
3222000: system.cpu: T0 : 0x10ba0    : c_lui a5, 16               : IntAlu :  D=0x0000000000010000
3222500: system.cpu: T0 : 0x10ba2    : c_addiw a5, -1             : IntAlu :  D=0x000000000000ffff
3223000: system.cpu: T0 : 0x10ba4    : remw a5, a4, a5            : IntDiv :  D=0x0000000000003349
3223500: system.cpu: T0 : 0x10ba8    : sw a5, -20(s0)             : MemWrite :  D=0x0000000000003349 A=0x7ffffffffffffddc
3224000: system.cpu: T0 : 0x10bac    : auipc a4, 96               : IntAlu :  D=0x0000000000070bac
3224500: system.cpu: T0 : 0x10bb0    : ld a4, -916(a4)            : MemRead :  D=0x0000000000071960 A=0x70818
3225000: system.cpu: T0 : 0x10bb4    : lw a5, -24(s0)             : MemRead :  D=0x0000000000000028 A=0x7ffffffffffffdd8
3225500: system.cpu: T0 : 0x10bb8    : c_slli a5, 2               : IntAlu :  D=0x00000000000000a0
3226000: system.cpu: T0 : 0x10bba    : c_add a5, a4               : IntAlu :  D=0x0000000000071a00
3226500: system.cpu: T0 : 0x10bbc    : lw a4, -20(s0)             : MemRead :  D=0x0000000000003349 A=0x7ffffffffffffddc
3227000: system.cpu: T0 : 0x10bc0    : c_sw a4, 0(a5)             : MemWrite :  D=0x0000000000003349 A=0x71a00
3228000: system.cpu: T0 : 0x10bc2    : lw a5, -24(s0)             : MemRead :  D=0x0000000000000028 A=0x7ffffffffffffdd8
3228500: system.cpu: T0 : 0x10bc6    : c_addiw a5, 1              : IntAlu :  D=0x0000000000000029
3229000: system.cpu: T0 : 0x10bc8    : sw a5, -24(s0)             : MemWrite :  D=0x0000000000000029 A=0x7ffffffffffffdd8
3229500: system.cpu: T0 : 0x10bcc    : lw a5, -24(s0)             : MemRead :  D=0x0000000000000029 A=0x7ffffffffffffdd8
3230000: system.cpu: T0 : 0x10bd0    : addiw a4, a5, 0            : IntAlu :  D=0x0000000000000029
3230500: system.cpu: T0 : 0x10bd4    : addi a5, zero, 63          : IntAlu :  D=0x000000000000003f
3231000: system.cpu: T0 : 0x10bd8    : bge a5, a4, -84            : IntAlu : 
3231500: system.cpu: T0 : 0x10b84    : lw a4, -20(s0)             : MemRead :  D=0x0000000000003349 A=0x7ffffffffffffddc
3232000: system.cpu: T0 : 0x10b88    : c_mv a5, a4                : IntAlu :  D=0x0000000000003349
3233000: system.cpu: T0 : 0x10b8a    : slliw a5, a5, 5            : IntAlu :  D=0x0000000000066920
3233500: system.cpu: T0 : 0x10b8e    : c_addw a5, a4              : IntAlu :  D=0x0000000000069c69
3234000: system.cpu: T0 : 0x10b90    : slliw a5, a5, 2            : IntAlu :  D=0x00000000001a71a4
3234500: system.cpu: T0 : 0x10b94    : c_addw a5, a4              : IntAlu :  D=0x00000000001aa4ed
3235000: system.cpu: T0 : 0x10b96    : c_addiw a5, 0              : IntAlu :  D=0x00000000001aa4ed
3235500: system.cpu: T0 : 0x10b98    : addiw a5, a5, 81           : IntAlu :  D=0x00000000001aa53e
3236000: system.cpu: T0 : 0x10b9c    : c_addiw a5, 0              : IntAlu :  D=0x00000000001aa53e
3236500: system.cpu: T0 : 0x10b9e    : c_mv a4, a5                : IntAlu :  D=0x00000000001aa53e
3237000: system.cpu: T0 : 0x10ba0    : c_lui a5, 16               : IntAlu :  D=0x0000000000010000
3237500: system.cpu: T0 : 0x10ba2    : c_addiw a5, -1             : IntAlu :  D=0x000000000000ffff
3238000: system.cpu: T0 : 0x10ba4    : remw a5, a4, a5            : IntDiv :  D=0x000000000000a558
3238500: system.cpu: T0 : 0x10ba8    : sw a5, -20(s0)             : MemWrite :  D=0x000000000000a558 A=0x7ffffffffffffddc
3239000: system.cpu: T0 : 0x10bac    : auipc a4, 96               : IntAlu :  D=0x0000000000070bac
3239500: system.cpu: T0 : 0x10bb0    : ld a4, -916(a4)            : MemRead :  D=0x0000000000071960 A=0x70818
3240000: system.cpu: T0 : 0x10bb4    : lw a5, -24(s0)             : MemRead :  D=0x0000000000000029 A=0x7ffffffffffffdd8
3240500: system.cpu: T0 : 0x10bb8    : c_slli a5, 2               : IntAlu :  D=0x00000000000000a4
3241000: system.cpu: T0 : 0x10bba    : c_add a5, a4               : IntAlu :  D=0x0000000000071a04
3241500: system.cpu: T0 : 0x10bbc    : lw a4, -20(s0)             : MemRead :  D=0x000000000000a558 A=0x7ffffffffffffddc
3242000: system.cpu: T0 : 0x10bc0    : c_sw a4, 0(a5)             : MemWrite :  D=0x000000000000a558 A=0x71a04
3243000: system.cpu: T0 : 0x10bc2    : lw a5, -24(s0)             : MemRead :  D=0x0000000000000029 A=0x7ffffffffffffdd8
3243500: system.cpu: T0 : 0x10bc6    : c_addiw a5, 1              : IntAlu :  D=0x000000000000002a
3244000: system.cpu: T0 : 0x10bc8    : sw a5, -24(s0)             : MemWrite :  D=0x000000000000002a A=0x7ffffffffffffdd8
3244500: system.cpu: T0 : 0x10bcc    : lw a5, -24(s0)             : MemRead :  D=0x000000000000002a A=0x7ffffffffffffdd8
3245000: system.cpu: T0 : 0x10bd0    : addiw a4, a5, 0            : IntAlu :  D=0x000000000000002a
3245500: system.cpu: T0 : 0x10bd4    : addi a5, zero, 63          : IntAlu :  D=0x000000000000003f
3246000: system.cpu: T0 : 0x10bd8    : bge a5, a4, -84            : IntAlu : 
3246500: system.cpu: T0 : 0x10b84    : lw a4, -20(s0)             : MemRead :  D=0x000000000000a558 A=0x7ffffffffffffddc
3247000: system.cpu: T0 : 0x10b88    : c_mv a5, a4                : IntAlu :  D=0x000000000000a558
3248000: system.cpu: T0 : 0x10b8a    : slliw a5, a5, 5            : IntAlu :  D=0x000000000014ab00
3248500: system.cpu: T0 : 0x10b8e    : c_addw a5, a4              : IntAlu :  D=0x0000000000155058
3249000: system.cpu: T0 : 0x10b90    : slliw a5, a5, 2            : IntAlu :  D=0x0000000000554160
3249500: system.cpu: T0 : 0x10b94    : c_addw a5, a4              : IntAlu :  D=0x000000000055e6b8
3250000: system.cpu: T0 : 0x10b96    : c_addiw a5, 0              : IntAlu :  D=0x000000000055e6b8
3250500: system.cpu: T0 : 0x10b98    : addiw a5, a5, 81           : IntAlu :  D=0x000000000055e709
3251000: system.cpu: T0 : 0x10b9c    : c_addiw a5, 0              : IntAlu :  D=0x000000000055e709
3251500: system.cpu: T0 : 0x10b9e    : c_mv a4, a5                : IntAlu :  D=0x000000000055e709
3252000: system.cpu: T0 : 0x10ba0    : c_lui a5, 16               : IntAlu :  D=0x0000000000010000
3252500: system.cpu: T0 : 0x10ba2    : c_addiw a5, -1             : IntAlu :  D=0x000000000000ffff
3253000: system.cpu: T0 : 0x10ba4    : remw a5, a4, a5            : IntDiv :  D=0x000000000000e75e
3253500: system.cpu: T0 : 0x10ba8    : sw a5, -20(s0)             : MemWrite :  D=0x000000000000e75e A=0x7ffffffffffffddc
3254000: system.cpu: T0 : 0x10bac    : auipc a4, 96               : IntAlu :  D=0x0000000000070bac
3254500: system.cpu: T0 : 0x10bb0    : ld a4, -916(a4)            : MemRead :  D=0x0000000000071960 A=0x70818
3255000: system.cpu: T0 : 0x10bb4    : lw a5, -24(s0)             : MemRead :  D=0x000000000000002a A=0x7ffffffffffffdd8
3255500: system.cpu: T0 : 0x10bb8    : c_slli a5, 2               : IntAlu :  D=0x00000000000000a8
3256000: system.cpu: T0 : 0x10bba    : c_add a5, a4               : IntAlu :  D=0x0000000000071a08
3256500: system.cpu: T0 : 0x10bbc    : lw a4, -20(s0)             : MemRead :  D=0x000000000000e75e A=0x7ffffffffffffddc
3257000: system.cpu: T0 : 0x10bc0    : c_sw a4, 0(a5)             : MemWrite :  D=0x000000000000e75e A=0x71a08
3258000: system.cpu: T0 : 0x10bc2    : lw a5, -24(s0)             : MemRead :  D=0x000000000000002a A=0x7ffffffffffffdd8
3258500: system.cpu: T0 : 0x10bc6    : c_addiw a5, 1              : IntAlu :  D=0x000000000000002b
3259000: system.cpu: T0 : 0x10bc8    : sw a5, -24(s0)             : MemWrite :  D=0x000000000000002b A=0x7ffffffffffffdd8
3259500: system.cpu: T0 : 0x10bcc    : lw a5, -24(s0)             : MemRead :  D=0x000000000000002b A=0x7ffffffffffffdd8
3260000: system.cpu: T0 : 0x10bd0    : addiw a4, a5, 0            : IntAlu :  D=0x000000000000002b
3260500: system.cpu: T0 : 0x10bd4    : addi a5, zero, 63          : IntAlu :  D=0x000000000000003f
3261000: system.cpu: T0 : 0x10bd8    : bge a5, a4, -84            : IntAlu : 
3261500: system.cpu: T0 : 0x10b84    : lw a4, -20(s0)             : MemRead :  D=0x000000000000e75e A=0x7ffffffffffffddc
3262000: system.cpu: T0 : 0x10b88    : c_mv a5, a4                : IntAlu :  D=0x000000000000e75e
3263000: system.cpu: T0 : 0x10b8a    : slliw a5, a5, 5            : IntAlu :  D=0x00000000001cebc0
3263500: system.cpu: T0 : 0x10b8e    : c_addw a5, a4              : IntAlu :  D=0x00000000001dd31e
3264000: system.cpu: T0 : 0x10b90    : slliw a5, a5, 2            : IntAlu :  D=0x0000000000774c78
3264500: system.cpu: T0 : 0x10b94    : c_addw a5, a4              : IntAlu :  D=0x00000000007833d6
3265000: system.cpu: T0 : 0x10b96    : c_addiw a5, 0              : IntAlu :  D=0x00000000007833d6
3265500: system.cpu: T0 : 0x10b98    : addiw a5, a5, 81           : IntAlu :  D=0x0000000000783427
3266000: system.cpu: T0 : 0x10b9c    : c_addiw a5, 0              : IntAlu :  D=0x0000000000783427
3266500: system.cpu: T0 : 0x10b9e    : c_mv a4, a5                : IntAlu :  D=0x0000000000783427
3267000: system.cpu: T0 : 0x10ba0    : c_lui a5, 16               : IntAlu :  D=0x0000000000010000
3267500: system.cpu: T0 : 0x10ba2    : c_addiw a5, -1             : IntAlu :  D=0x000000000000ffff
3268000: system.cpu: T0 : 0x10ba4    : remw a5, a4, a5            : IntDiv :  D=0x000000000000349f
3268500: system.cpu: T0 : 0x10ba8    : sw a5, -20(s0)             : MemWrite :  D=0x000000000000349f A=0x7ffffffffffffddc
3269000: system.cpu: T0 : 0x10bac    : auipc a4, 96               : IntAlu :  D=0x0000000000070bac
3269500: system.cpu: T0 : 0x10bb0    : ld a4, -916(a4)            : MemRead :  D=0x0000000000071960 A=0x70818
3270000: system.cpu: T0 : 0x10bb4    : lw a5, -24(s0)             : MemRead :  D=0x000000000000002b A=0x7ffffffffffffdd8
3270500: system.cpu: T0 : 0x10bb8    : c_slli a5, 2               : IntAlu :  D=0x00000000000000ac
3271000: system.cpu: T0 : 0x10bba    : c_add a5, a4               : IntAlu :  D=0x0000000000071a0c
3271500: system.cpu: T0 : 0x10bbc    : lw a4, -20(s0)             : MemRead :  D=0x000000000000349f A=0x7ffffffffffffddc
3272000: system.cpu: T0 : 0x10bc0    : c_sw a4, 0(a5)             : MemWrite :  D=0x000000000000349f A=0x71a0c
3273000: system.cpu: T0 : 0x10bc2    : lw a5, -24(s0)             : MemRead :  D=0x000000000000002b A=0x7ffffffffffffdd8
3273500: system.cpu: T0 : 0x10bc6    : c_addiw a5, 1              : IntAlu :  D=0x000000000000002c
3274000: system.cpu: T0 : 0x10bc8    : sw a5, -24(s0)             : MemWrite :  D=0x000000000000002c A=0x7ffffffffffffdd8
3274500: system.cpu: T0 : 0x10bcc    : lw a5, -24(s0)             : MemRead :  D=0x000000000000002c A=0x7ffffffffffffdd8
3275000: system.cpu: T0 : 0x10bd0    : addiw a4, a5, 0            : IntAlu :  D=0x000000000000002c
3275500: system.cpu: T0 : 0x10bd4    : addi a5, zero, 63          : IntAlu :  D=0x000000000000003f
3276000: system.cpu: T0 : 0x10bd8    : bge a5, a4, -84            : IntAlu : 
3276500: system.cpu: T0 : 0x10b84    : lw a4, -20(s0)             : MemRead :  D=0x000000000000349f A=0x7ffffffffffffddc
3277000: system.cpu: T0 : 0x10b88    : c_mv a5, a4                : IntAlu :  D=0x000000000000349f
3278000: system.cpu: T0 : 0x10b8a    : slliw a5, a5, 5            : IntAlu :  D=0x00000000000693e0
3278500: system.cpu: T0 : 0x10b8e    : c_addw a5, a4              : IntAlu :  D=0x000000000006c87f
3279000: system.cpu: T0 : 0x10b90    : slliw a5, a5, 2            : IntAlu :  D=0x00000000001b21fc
3279500: system.cpu: T0 : 0x10b94    : c_addw a5, a4              : IntAlu :  D=0x00000000001b569b
3280000: system.cpu: T0 : 0x10b96    : c_addiw a5, 0              : IntAlu :  D=0x00000000001b569b
3280500: system.cpu: T0 : 0x10b98    : addiw a5, a5, 81           : IntAlu :  D=0x00000000001b56ec
3281000: system.cpu: T0 : 0x10b9c    : c_addiw a5, 0              : IntAlu :  D=0x00000000001b56ec
3281500: system.cpu: T0 : 0x10b9e    : c_mv a4, a5                : IntAlu :  D=0x00000000001b56ec
3282000: system.cpu: T0 : 0x10ba0    : c_lui a5, 16               : IntAlu :  D=0x0000000000010000
3282500: system.cpu: T0 : 0x10ba2    : c_addiw a5, -1             : IntAlu :  D=0x000000000000ffff
3283000: system.cpu: T0 : 0x10ba4    : remw a5, a4, a5            : IntDiv :  D=0x0000000000005707
3283500: system.cpu: T0 : 0x10ba8    : sw a5, -20(s0)             : MemWrite :  D=0x0000000000005707 A=0x7ffffffffffffddc
3284000: system.cpu: T0 : 0x10bac    : auipc a4, 96               : IntAlu :  D=0x0000000000070bac
3284500: system.cpu: T0 : 0x10bb0    : ld a4, -916(a4)            : MemRead :  D=0x0000000000071960 A=0x70818
3285000: system.cpu: T0 : 0x10bb4    : lw a5, -24(s0)             : MemRead :  D=0x000000000000002c A=0x7ffffffffffffdd8
3285500: system.cpu: T0 : 0x10bb8    : c_slli a5, 2               : IntAlu :  D=0x00000000000000b0
3286000: system.cpu: T0 : 0x10bba    : c_add a5, a4               : IntAlu :  D=0x0000000000071a10
3286500: system.cpu: T0 : 0x10bbc    : lw a4, -20(s0)             : MemRead :  D=0x0000000000005707 A=0x7ffffffffffffddc
3287000: system.cpu: T0 : 0x10bc0    : c_sw a4, 0(a5)             : MemWrite :  D=0x0000000000005707 A=0x71a10
3288000: system.cpu: T0 : 0x10bc2    : lw a5, -24(s0)             : MemRead :  D=0x000000000000002c A=0x7ffffffffffffdd8
3288500: system.cpu: T0 : 0x10bc6    : c_addiw a5, 1              : IntAlu :  D=0x000000000000002d
3289000: system.cpu: T0 : 0x10bc8    : sw a5, -24(s0)             : MemWrite :  D=0x000000000000002d A=0x7ffffffffffffdd8
3289500: system.cpu: T0 : 0x10bcc    : lw a5, -24(s0)             : MemRead :  D=0x000000000000002d A=0x7ffffffffffffdd8
3290000: system.cpu: T0 : 0x10bd0    : addiw a4, a5, 0            : IntAlu :  D=0x000000000000002d
3290500: system.cpu: T0 : 0x10bd4    : addi a5, zero, 63          : IntAlu :  D=0x000000000000003f
3291000: system.cpu: T0 : 0x10bd8    : bge a5, a4, -84            : IntAlu : 
3291500: system.cpu: T0 : 0x10b84    : lw a4, -20(s0)             : MemRead :  D=0x0000000000005707 A=0x7ffffffffffffddc
3292000: system.cpu: T0 : 0x10b88    : c_mv a5, a4                : IntAlu :  D=0x0000000000005707
3293000: system.cpu: T0 : 0x10b8a    : slliw a5, a5, 5            : IntAlu :  D=0x00000000000ae0e0
3293500: system.cpu: T0 : 0x10b8e    : c_addw a5, a4              : IntAlu :  D=0x00000000000b37e7
3294000: system.cpu: T0 : 0x10b90    : slliw a5, a5, 2            : IntAlu :  D=0x00000000002cdf9c
3294500: system.cpu: T0 : 0x10b94    : c_addw a5, a4              : IntAlu :  D=0x00000000002d36a3
3295000: system.cpu: T0 : 0x10b96    : c_addiw a5, 0              : IntAlu :  D=0x00000000002d36a3
3295500: system.cpu: T0 : 0x10b98    : addiw a5, a5, 81           : IntAlu :  D=0x00000000002d36f4
3296000: system.cpu: T0 : 0x10b9c    : c_addiw a5, 0              : IntAlu :  D=0x00000000002d36f4
3296500: system.cpu: T0 : 0x10b9e    : c_mv a4, a5                : IntAlu :  D=0x00000000002d36f4
3297000: system.cpu: T0 : 0x10ba0    : c_lui a5, 16               : IntAlu :  D=0x0000000000010000
3297500: system.cpu: T0 : 0x10ba2    : c_addiw a5, -1             : IntAlu :  D=0x000000000000ffff
3298000: system.cpu: T0 : 0x10ba4    : remw a5, a4, a5            : IntDiv :  D=0x0000000000003721
3298500: system.cpu: T0 : 0x10ba8    : sw a5, -20(s0)             : MemWrite :  D=0x0000000000003721 A=0x7ffffffffffffddc
3299000: system.cpu: T0 : 0x10bac    : auipc a4, 96               : IntAlu :  D=0x0000000000070bac
3299500: system.cpu: T0 : 0x10bb0    : ld a4, -916(a4)            : MemRead :  D=0x0000000000071960 A=0x70818
3300000: system.cpu: T0 : 0x10bb4    : lw a5, -24(s0)             : MemRead :  D=0x000000000000002d A=0x7ffffffffffffdd8
3300500: system.cpu: T0 : 0x10bb8    : c_slli a5, 2               : IntAlu :  D=0x00000000000000b4
3301000: system.cpu: T0 : 0x10bba    : c_add a5, a4               : IntAlu :  D=0x0000000000071a14
3301500: system.cpu: T0 : 0x10bbc    : lw a4, -20(s0)             : MemRead :  D=0x0000000000003721 A=0x7ffffffffffffddc
3302000: system.cpu: T0 : 0x10bc0    : c_sw a4, 0(a5)             : MemWrite :  D=0x0000000000003721 A=0x71a14
3303000: system.cpu: T0 : 0x10bc2    : lw a5, -24(s0)             : MemRead :  D=0x000000000000002d A=0x7ffffffffffffdd8
3303500: system.cpu: T0 : 0x10bc6    : c_addiw a5, 1              : IntAlu :  D=0x000000000000002e
3304000: system.cpu: T0 : 0x10bc8    : sw a5, -24(s0)             : MemWrite :  D=0x000000000000002e A=0x7ffffffffffffdd8
3304500: system.cpu: T0 : 0x10bcc    : lw a5, -24(s0)             : MemRead :  D=0x000000000000002e A=0x7ffffffffffffdd8
3305000: system.cpu: T0 : 0x10bd0    : addiw a4, a5, 0            : IntAlu :  D=0x000000000000002e
3305500: system.cpu: T0 : 0x10bd4    : addi a5, zero, 63          : IntAlu :  D=0x000000000000003f
3306000: system.cpu: T0 : 0x10bd8    : bge a5, a4, -84            : IntAlu : 
3306500: system.cpu: T0 : 0x10b84    : lw a4, -20(s0)             : MemRead :  D=0x0000000000003721 A=0x7ffffffffffffddc
3307000: system.cpu: T0 : 0x10b88    : c_mv a5, a4                : IntAlu :  D=0x0000000000003721
3308000: system.cpu: T0 : 0x10b8a    : slliw a5, a5, 5            : IntAlu :  D=0x000000000006e420
3308500: system.cpu: T0 : 0x10b8e    : c_addw a5, a4              : IntAlu :  D=0x0000000000071b41
3309000: system.cpu: T0 : 0x10b90    : slliw a5, a5, 2            : IntAlu :  D=0x00000000001c6d04
3309500: system.cpu: T0 : 0x10b94    : c_addw a5, a4              : IntAlu :  D=0x00000000001ca425
3310000: system.cpu: T0 : 0x10b96    : c_addiw a5, 0              : IntAlu :  D=0x00000000001ca425
3310500: system.cpu: T0 : 0x10b98    : addiw a5, a5, 81           : IntAlu :  D=0x00000000001ca476
3311000: system.cpu: T0 : 0x10b9c    : c_addiw a5, 0              : IntAlu :  D=0x00000000001ca476
3311500: system.cpu: T0 : 0x10b9e    : c_mv a4, a5                : IntAlu :  D=0x00000000001ca476
3312000: system.cpu: T0 : 0x10ba0    : c_lui a5, 16               : IntAlu :  D=0x0000000000010000
3312500: system.cpu: T0 : 0x10ba2    : c_addiw a5, -1             : IntAlu :  D=0x000000000000ffff
3313000: system.cpu: T0 : 0x10ba4    : remw a5, a4, a5            : IntDiv :  D=0x000000000000a492
3313500: system.cpu: T0 : 0x10ba8    : sw a5, -20(s0)             : MemWrite :  D=0x000000000000a492 A=0x7ffffffffffffddc
3314000: system.cpu: T0 : 0x10bac    : auipc a4, 96               : IntAlu :  D=0x0000000000070bac
3314500: system.cpu: T0 : 0x10bb0    : ld a4, -916(a4)            : MemRead :  D=0x0000000000071960 A=0x70818
3315000: system.cpu: T0 : 0x10bb4    : lw a5, -24(s0)             : MemRead :  D=0x000000000000002e A=0x7ffffffffffffdd8
3315500: system.cpu: T0 : 0x10bb8    : c_slli a5, 2               : IntAlu :  D=0x00000000000000b8
3316000: system.cpu: T0 : 0x10bba    : c_add a5, a4               : IntAlu :  D=0x0000000000071a18
3316500: system.cpu: T0 : 0x10bbc    : lw a4, -20(s0)             : MemRead :  D=0x000000000000a492 A=0x7ffffffffffffddc
3317000: system.cpu: T0 : 0x10bc0    : c_sw a4, 0(a5)             : MemWrite :  D=0x000000000000a492 A=0x71a18
3318000: system.cpu: T0 : 0x10bc2    : lw a5, -24(s0)             : MemRead :  D=0x000000000000002e A=0x7ffffffffffffdd8
3318500: system.cpu: T0 : 0x10bc6    : c_addiw a5, 1              : IntAlu :  D=0x000000000000002f
3319000: system.cpu: T0 : 0x10bc8    : sw a5, -24(s0)             : MemWrite :  D=0x000000000000002f A=0x7ffffffffffffdd8
3319500: system.cpu: T0 : 0x10bcc    : lw a5, -24(s0)             : MemRead :  D=0x000000000000002f A=0x7ffffffffffffdd8
3320000: system.cpu: T0 : 0x10bd0    : addiw a4, a5, 0            : IntAlu :  D=0x000000000000002f
3320500: system.cpu: T0 : 0x10bd4    : addi a5, zero, 63          : IntAlu :  D=0x000000000000003f
3321000: system.cpu: T0 : 0x10bd8    : bge a5, a4, -84            : IntAlu : 
3321500: system.cpu: T0 : 0x10b84    : lw a4, -20(s0)             : MemRead :  D=0x000000000000a492 A=0x7ffffffffffffddc
3322000: system.cpu: T0 : 0x10b88    : c_mv a5, a4                : IntAlu :  D=0x000000000000a492
3323000: system.cpu: T0 : 0x10b8a    : slliw a5, a5, 5            : IntAlu :  D=0x0000000000149240
3323500: system.cpu: T0 : 0x10b8e    : c_addw a5, a4              : IntAlu :  D=0x00000000001536d2
3324000: system.cpu: T0 : 0x10b90    : slliw a5, a5, 2            : IntAlu :  D=0x000000000054db48
3324500: system.cpu: T0 : 0x10b94    : c_addw a5, a4              : IntAlu :  D=0x0000000000557fda
3325000: system.cpu: T0 : 0x10b96    : c_addiw a5, 0              : IntAlu :  D=0x0000000000557fda
3325500: system.cpu: T0 : 0x10b98    : addiw a5, a5, 81           : IntAlu :  D=0x000000000055802b
3326000: system.cpu: T0 : 0x10b9c    : c_addiw a5, 0              : IntAlu :  D=0x000000000055802b
3326500: system.cpu: T0 : 0x10b9e    : c_mv a4, a5                : IntAlu :  D=0x000000000055802b
3327000: system.cpu: T0 : 0x10ba0    : c_lui a5, 16               : IntAlu :  D=0x0000000000010000
3327500: system.cpu: T0 : 0x10ba2    : c_addiw a5, -1             : IntAlu :  D=0x000000000000ffff
3328000: system.cpu: T0 : 0x10ba4    : remw a5, a4, a5            : IntDiv :  D=0x0000000000008080
3328500: system.cpu: T0 : 0x10ba8    : sw a5, -20(s0)             : MemWrite :  D=0x0000000000008080 A=0x7ffffffffffffddc
3329000: system.cpu: T0 : 0x10bac    : auipc a4, 96               : IntAlu :  D=0x0000000000070bac
3329500: system.cpu: T0 : 0x10bb0    : ld a4, -916(a4)            : MemRead :  D=0x0000000000071960 A=0x70818
3330000: system.cpu: T0 : 0x10bb4    : lw a5, -24(s0)             : MemRead :  D=0x000000000000002f A=0x7ffffffffffffdd8
3330500: system.cpu: T0 : 0x10bb8    : c_slli a5, 2               : IntAlu :  D=0x00000000000000bc
3331000: system.cpu: T0 : 0x10bba    : c_add a5, a4               : IntAlu :  D=0x0000000000071a1c
3331500: system.cpu: T0 : 0x10bbc    : lw a4, -20(s0)             : MemRead :  D=0x0000000000008080 A=0x7ffffffffffffddc
3332000: system.cpu: T0 : 0x10bc0    : c_sw a4, 0(a5)             : MemWrite :  D=0x0000000000008080 A=0x71a1c
3333000: system.cpu: T0 : 0x10bc2    : lw a5, -24(s0)             : MemRead :  D=0x000000000000002f A=0x7ffffffffffffdd8
3333500: system.cpu: T0 : 0x10bc6    : c_addiw a5, 1              : IntAlu :  D=0x0000000000000030
3334000: system.cpu: T0 : 0x10bc8    : sw a5, -24(s0)             : MemWrite :  D=0x0000000000000030 A=0x7ffffffffffffdd8
3334500: system.cpu: T0 : 0x10bcc    : lw a5, -24(s0)             : MemRead :  D=0x0000000000000030 A=0x7ffffffffffffdd8
3335000: system.cpu: T0 : 0x10bd0    : addiw a4, a5, 0            : IntAlu :  D=0x0000000000000030
3335500: system.cpu: T0 : 0x10bd4    : addi a5, zero, 63          : IntAlu :  D=0x000000000000003f
3336000: system.cpu: T0 : 0x10bd8    : bge a5, a4, -84            : IntAlu : 
3336500: system.cpu: T0 : 0x10b84    : lw a4, -20(s0)             : MemRead :  D=0x0000000000008080 A=0x7ffffffffffffddc
3337000: system.cpu: T0 : 0x10b88    : c_mv a5, a4                : IntAlu :  D=0x0000000000008080
3338000: system.cpu: T0 : 0x10b8a    : slliw a5, a5, 5            : IntAlu :  D=0x0000000000101000
3338500: system.cpu: T0 : 0x10b8e    : c_addw a5, a4              : IntAlu :  D=0x0000000000109080
3339000: system.cpu: T0 : 0x10b90    : slliw a5, a5, 2            : IntAlu :  D=0x0000000000424200
3339500: system.cpu: T0 : 0x10b94    : c_addw a5, a4              : IntAlu :  D=0x000000000042c280
3340000: system.cpu: T0 : 0x10b96    : c_addiw a5, 0              : IntAlu :  D=0x000000000042c280
3340500: system.cpu: T0 : 0x10b98    : addiw a5, a5, 81           : IntAlu :  D=0x000000000042c2d1
3341000: system.cpu: T0 : 0x10b9c    : c_addiw a5, 0              : IntAlu :  D=0x000000000042c2d1
3341500: system.cpu: T0 : 0x10b9e    : c_mv a4, a5                : IntAlu :  D=0x000000000042c2d1
3342000: system.cpu: T0 : 0x10ba0    : c_lui a5, 16               : IntAlu :  D=0x0000000000010000
3342500: system.cpu: T0 : 0x10ba2    : c_addiw a5, -1             : IntAlu :  D=0x000000000000ffff
3343000: system.cpu: T0 : 0x10ba4    : remw a5, a4, a5            : IntDiv :  D=0x000000000000c313
3343500: system.cpu: T0 : 0x10ba8    : sw a5, -20(s0)             : MemWrite :  D=0x000000000000c313 A=0x7ffffffffffffddc
3344000: system.cpu: T0 : 0x10bac    : auipc a4, 96               : IntAlu :  D=0x0000000000070bac
3344500: system.cpu: T0 : 0x10bb0    : ld a4, -916(a4)            : MemRead :  D=0x0000000000071960 A=0x70818
3345000: system.cpu: T0 : 0x10bb4    : lw a5, -24(s0)             : MemRead :  D=0x0000000000000030 A=0x7ffffffffffffdd8
3345500: system.cpu: T0 : 0x10bb8    : c_slli a5, 2               : IntAlu :  D=0x00000000000000c0
3346000: system.cpu: T0 : 0x10bba    : c_add a5, a4               : IntAlu :  D=0x0000000000071a20
3346500: system.cpu: T0 : 0x10bbc    : lw a4, -20(s0)             : MemRead :  D=0x000000000000c313 A=0x7ffffffffffffddc
3347000: system.cpu: T0 : 0x10bc0    : c_sw a4, 0(a5)             : MemWrite :  D=0x000000000000c313 A=0x71a20
3348000: system.cpu: T0 : 0x10bc2    : lw a5, -24(s0)             : MemRead :  D=0x0000000000000030 A=0x7ffffffffffffdd8
3348500: system.cpu: T0 : 0x10bc6    : c_addiw a5, 1              : IntAlu :  D=0x0000000000000031
3349000: system.cpu: T0 : 0x10bc8    : sw a5, -24(s0)             : MemWrite :  D=0x0000000000000031 A=0x7ffffffffffffdd8
3349500: system.cpu: T0 : 0x10bcc    : lw a5, -24(s0)             : MemRead :  D=0x0000000000000031 A=0x7ffffffffffffdd8
3350000: system.cpu: T0 : 0x10bd0    : addiw a4, a5, 0            : IntAlu :  D=0x0000000000000031
3350500: system.cpu: T0 : 0x10bd4    : addi a5, zero, 63          : IntAlu :  D=0x000000000000003f
3351000: system.cpu: T0 : 0x10bd8    : bge a5, a4, -84            : IntAlu : 
3351500: system.cpu: T0 : 0x10b84    : lw a4, -20(s0)             : MemRead :  D=0x000000000000c313 A=0x7ffffffffffffddc
3352000: system.cpu: T0 : 0x10b88    : c_mv a5, a4                : IntAlu :  D=0x000000000000c313
3353000: system.cpu: T0 : 0x10b8a    : slliw a5, a5, 5            : IntAlu :  D=0x0000000000186260
3353500: system.cpu: T0 : 0x10b8e    : c_addw a5, a4              : IntAlu :  D=0x0000000000192573
3354000: system.cpu: T0 : 0x10b90    : slliw a5, a5, 2            : IntAlu :  D=0x00000000006495cc
3354500: system.cpu: T0 : 0x10b94    : c_addw a5, a4              : IntAlu :  D=0x00000000006558df
3355000: system.cpu: T0 : 0x10b96    : c_addiw a5, 0              : IntAlu :  D=0x00000000006558df
3355500: system.cpu: T0 : 0x10b98    : addiw a5, a5, 81           : IntAlu :  D=0x0000000000655930
3356000: system.cpu: T0 : 0x10b9c    : c_addiw a5, 0              : IntAlu :  D=0x0000000000655930
3356500: system.cpu: T0 : 0x10b9e    : c_mv a4, a5                : IntAlu :  D=0x0000000000655930
3357000: system.cpu: T0 : 0x10ba0    : c_lui a5, 16               : IntAlu :  D=0x0000000000010000
3357500: system.cpu: T0 : 0x10ba2    : c_addiw a5, -1             : IntAlu :  D=0x000000000000ffff
3358000: system.cpu: T0 : 0x10ba4    : remw a5, a4, a5            : IntDiv :  D=0x0000000000005995
3358500: system.cpu: T0 : 0x10ba8    : sw a5, -20(s0)             : MemWrite :  D=0x0000000000005995 A=0x7ffffffffffffddc
3359000: system.cpu: T0 : 0x10bac    : auipc a4, 96               : IntAlu :  D=0x0000000000070bac
3359500: system.cpu: T0 : 0x10bb0    : ld a4, -916(a4)            : MemRead :  D=0x0000000000071960 A=0x70818
3360000: system.cpu: T0 : 0x10bb4    : lw a5, -24(s0)             : MemRead :  D=0x0000000000000031 A=0x7ffffffffffffdd8
3360500: system.cpu: T0 : 0x10bb8    : c_slli a5, 2               : IntAlu :  D=0x00000000000000c4
3361000: system.cpu: T0 : 0x10bba    : c_add a5, a4               : IntAlu :  D=0x0000000000071a24
3361500: system.cpu: T0 : 0x10bbc    : lw a4, -20(s0)             : MemRead :  D=0x0000000000005995 A=0x7ffffffffffffddc
3362000: system.cpu: T0 : 0x10bc0    : c_sw a4, 0(a5)             : MemWrite :  D=0x0000000000005995 A=0x71a24
3363000: system.cpu: T0 : 0x10bc2    : lw a5, -24(s0)             : MemRead :  D=0x0000000000000031 A=0x7ffffffffffffdd8
3363500: system.cpu: T0 : 0x10bc6    : c_addiw a5, 1              : IntAlu :  D=0x0000000000000032
3364000: system.cpu: T0 : 0x10bc8    : sw a5, -24(s0)             : MemWrite :  D=0x0000000000000032 A=0x7ffffffffffffdd8
3364500: system.cpu: T0 : 0x10bcc    : lw a5, -24(s0)             : MemRead :  D=0x0000000000000032 A=0x7ffffffffffffdd8
3365000: system.cpu: T0 : 0x10bd0    : addiw a4, a5, 0            : IntAlu :  D=0x0000000000000032
3365500: system.cpu: T0 : 0x10bd4    : addi a5, zero, 63          : IntAlu :  D=0x000000000000003f
3366000: system.cpu: T0 : 0x10bd8    : bge a5, a4, -84            : IntAlu : 
3366500: system.cpu: T0 : 0x10b84    : lw a4, -20(s0)             : MemRead :  D=0x0000000000005995 A=0x7ffffffffffffddc
3367000: system.cpu: T0 : 0x10b88    : c_mv a5, a4                : IntAlu :  D=0x0000000000005995
3368000: system.cpu: T0 : 0x10b8a    : slliw a5, a5, 5            : IntAlu :  D=0x00000000000b32a0
3368500: system.cpu: T0 : 0x10b8e    : c_addw a5, a4              : IntAlu :  D=0x00000000000b8c35
3369000: system.cpu: T0 : 0x10b90    : slliw a5, a5, 2            : IntAlu :  D=0x00000000002e30d4
3369500: system.cpu: T0 : 0x10b94    : c_addw a5, a4              : IntAlu :  D=0x00000000002e8a69
3370000: system.cpu: T0 : 0x10b96    : c_addiw a5, 0              : IntAlu :  D=0x00000000002e8a69
3370500: system.cpu: T0 : 0x10b98    : addiw a5, a5, 81           : IntAlu :  D=0x00000000002e8aba
3371000: system.cpu: T0 : 0x10b9c    : c_addiw a5, 0              : IntAlu :  D=0x00000000002e8aba
3371500: system.cpu: T0 : 0x10b9e    : c_mv a4, a5                : IntAlu :  D=0x00000000002e8aba
3372000: system.cpu: T0 : 0x10ba0    : c_lui a5, 16               : IntAlu :  D=0x0000000000010000
3372500: system.cpu: T0 : 0x10ba2    : c_addiw a5, -1             : IntAlu :  D=0x000000000000ffff
3373000: system.cpu: T0 : 0x10ba4    : remw a5, a4, a5            : IntDiv :  D=0x0000000000008ae8
3373500: system.cpu: T0 : 0x10ba8    : sw a5, -20(s0)             : MemWrite :  D=0x0000000000008ae8 A=0x7ffffffffffffddc
3374000: system.cpu: T0 : 0x10bac    : auipc a4, 96               : IntAlu :  D=0x0000000000070bac
3374500: system.cpu: T0 : 0x10bb0    : ld a4, -916(a4)            : MemRead :  D=0x0000000000071960 A=0x70818
3375000: system.cpu: T0 : 0x10bb4    : lw a5, -24(s0)             : MemRead :  D=0x0000000000000032 A=0x7ffffffffffffdd8
3375500: system.cpu: T0 : 0x10bb8    : c_slli a5, 2               : IntAlu :  D=0x00000000000000c8
3376000: system.cpu: T0 : 0x10bba    : c_add a5, a4               : IntAlu :  D=0x0000000000071a28
3376500: system.cpu: T0 : 0x10bbc    : lw a4, -20(s0)             : MemRead :  D=0x0000000000008ae8 A=0x7ffffffffffffddc
3377000: system.cpu: T0 : 0x10bc0    : c_sw a4, 0(a5)             : MemWrite :  D=0x0000000000008ae8 A=0x71a28
3378000: system.cpu: T0 : 0x10bc2    : lw a5, -24(s0)             : MemRead :  D=0x0000000000000032 A=0x7ffffffffffffdd8
3378500: system.cpu: T0 : 0x10bc6    : c_addiw a5, 1              : IntAlu :  D=0x0000000000000033
3379000: system.cpu: T0 : 0x10bc8    : sw a5, -24(s0)             : MemWrite :  D=0x0000000000000033 A=0x7ffffffffffffdd8
3379500: system.cpu: T0 : 0x10bcc    : lw a5, -24(s0)             : MemRead :  D=0x0000000000000033 A=0x7ffffffffffffdd8
3380000: system.cpu: T0 : 0x10bd0    : addiw a4, a5, 0            : IntAlu :  D=0x0000000000000033
3380500: system.cpu: T0 : 0x10bd4    : addi a5, zero, 63          : IntAlu :  D=0x000000000000003f
3381000: system.cpu: T0 : 0x10bd8    : bge a5, a4, -84            : IntAlu : 
3381500: system.cpu: T0 : 0x10b84    : lw a4, -20(s0)             : MemRead :  D=0x0000000000008ae8 A=0x7ffffffffffffddc
3382000: system.cpu: T0 : 0x10b88    : c_mv a5, a4                : IntAlu :  D=0x0000000000008ae8
3383000: system.cpu: T0 : 0x10b8a    : slliw a5, a5, 5            : IntAlu :  D=0x0000000000115d00
3383500: system.cpu: T0 : 0x10b8e    : c_addw a5, a4              : IntAlu :  D=0x000000000011e7e8
3384000: system.cpu: T0 : 0x10b90    : slliw a5, a5, 2            : IntAlu :  D=0x0000000000479fa0
3384500: system.cpu: T0 : 0x10b94    : c_addw a5, a4              : IntAlu :  D=0x0000000000482a88
3385000: system.cpu: T0 : 0x10b96    : c_addiw a5, 0              : IntAlu :  D=0x0000000000482a88
3385500: system.cpu: T0 : 0x10b98    : addiw a5, a5, 81           : IntAlu :  D=0x0000000000482ad9
3386000: system.cpu: T0 : 0x10b9c    : c_addiw a5, 0              : IntAlu :  D=0x0000000000482ad9
3386500: system.cpu: T0 : 0x10b9e    : c_mv a4, a5                : IntAlu :  D=0x0000000000482ad9
3387000: system.cpu: T0 : 0x10ba0    : c_lui a5, 16               : IntAlu :  D=0x0000000000010000
3387500: system.cpu: T0 : 0x10ba2    : c_addiw a5, -1             : IntAlu :  D=0x000000000000ffff
3388000: system.cpu: T0 : 0x10ba4    : remw a5, a4, a5            : IntDiv :  D=0x0000000000002b21
3388500: system.cpu: T0 : 0x10ba8    : sw a5, -20(s0)             : MemWrite :  D=0x0000000000002b21 A=0x7ffffffffffffddc
3389000: system.cpu: T0 : 0x10bac    : auipc a4, 96               : IntAlu :  D=0x0000000000070bac
3389500: system.cpu: T0 : 0x10bb0    : ld a4, -916(a4)            : MemRead :  D=0x0000000000071960 A=0x70818
3390000: system.cpu: T0 : 0x10bb4    : lw a5, -24(s0)             : MemRead :  D=0x0000000000000033 A=0x7ffffffffffffdd8
3390500: system.cpu: T0 : 0x10bb8    : c_slli a5, 2               : IntAlu :  D=0x00000000000000cc
3391000: system.cpu: T0 : 0x10bba    : c_add a5, a4               : IntAlu :  D=0x0000000000071a2c
3391500: system.cpu: T0 : 0x10bbc    : lw a4, -20(s0)             : MemRead :  D=0x0000000000002b21 A=0x7ffffffffffffddc
3392000: system.cpu: T0 : 0x10bc0    : c_sw a4, 0(a5)             : MemWrite :  D=0x0000000000002b21 A=0x71a2c
3393000: system.cpu: T0 : 0x10bc2    : lw a5, -24(s0)             : MemRead :  D=0x0000000000000033 A=0x7ffffffffffffdd8
3393500: system.cpu: T0 : 0x10bc6    : c_addiw a5, 1              : IntAlu :  D=0x0000000000000034
3394000: system.cpu: T0 : 0x10bc8    : sw a5, -24(s0)             : MemWrite :  D=0x0000000000000034 A=0x7ffffffffffffdd8
3394500: system.cpu: T0 : 0x10bcc    : lw a5, -24(s0)             : MemRead :  D=0x0000000000000034 A=0x7ffffffffffffdd8
3395000: system.cpu: T0 : 0x10bd0    : addiw a4, a5, 0            : IntAlu :  D=0x0000000000000034
3395500: system.cpu: T0 : 0x10bd4    : addi a5, zero, 63          : IntAlu :  D=0x000000000000003f
3396000: system.cpu: T0 : 0x10bd8    : bge a5, a4, -84            : IntAlu : 
3396500: system.cpu: T0 : 0x10b84    : lw a4, -20(s0)             : MemRead :  D=0x0000000000002b21 A=0x7ffffffffffffddc
3397000: system.cpu: T0 : 0x10b88    : c_mv a5, a4                : IntAlu :  D=0x0000000000002b21
3398000: system.cpu: T0 : 0x10b8a    : slliw a5, a5, 5            : IntAlu :  D=0x0000000000056420
3398500: system.cpu: T0 : 0x10b8e    : c_addw a5, a4              : IntAlu :  D=0x0000000000058f41
3399000: system.cpu: T0 : 0x10b90    : slliw a5, a5, 2            : IntAlu :  D=0x0000000000163d04
3399500: system.cpu: T0 : 0x10b94    : c_addw a5, a4              : IntAlu :  D=0x0000000000166825
3400000: system.cpu: T0 : 0x10b96    : c_addiw a5, 0              : IntAlu :  D=0x0000000000166825
3400500: system.cpu: T0 : 0x10b98    : addiw a5, a5, 81           : IntAlu :  D=0x0000000000166876
3401000: system.cpu: T0 : 0x10b9c    : c_addiw a5, 0              : IntAlu :  D=0x0000000000166876
3401500: system.cpu: T0 : 0x10b9e    : c_mv a4, a5                : IntAlu :  D=0x0000000000166876
3402000: system.cpu: T0 : 0x10ba0    : c_lui a5, 16               : IntAlu :  D=0x0000000000010000
3402500: system.cpu: T0 : 0x10ba2    : c_addiw a5, -1             : IntAlu :  D=0x000000000000ffff
3403000: system.cpu: T0 : 0x10ba4    : remw a5, a4, a5            : IntDiv :  D=0x000000000000688c
3403500: system.cpu: T0 : 0x10ba8    : sw a5, -20(s0)             : MemWrite :  D=0x000000000000688c A=0x7ffffffffffffddc
3404000: system.cpu: T0 : 0x10bac    : auipc a4, 96               : IntAlu :  D=0x0000000000070bac
3404500: system.cpu: T0 : 0x10bb0    : ld a4, -916(a4)            : MemRead :  D=0x0000000000071960 A=0x70818
3405000: system.cpu: T0 : 0x10bb4    : lw a5, -24(s0)             : MemRead :  D=0x0000000000000034 A=0x7ffffffffffffdd8
3405500: system.cpu: T0 : 0x10bb8    : c_slli a5, 2               : IntAlu :  D=0x00000000000000d0
3406000: system.cpu: T0 : 0x10bba    : c_add a5, a4               : IntAlu :  D=0x0000000000071a30
3406500: system.cpu: T0 : 0x10bbc    : lw a4, -20(s0)             : MemRead :  D=0x000000000000688c A=0x7ffffffffffffddc
3407000: system.cpu: T0 : 0x10bc0    : c_sw a4, 0(a5)             : MemWrite :  D=0x000000000000688c A=0x71a30
3408000: system.cpu: T0 : 0x10bc2    : lw a5, -24(s0)             : MemRead :  D=0x0000000000000034 A=0x7ffffffffffffdd8
3408500: system.cpu: T0 : 0x10bc6    : c_addiw a5, 1              : IntAlu :  D=0x0000000000000035
3409000: system.cpu: T0 : 0x10bc8    : sw a5, -24(s0)             : MemWrite :  D=0x0000000000000035 A=0x7ffffffffffffdd8
3409500: system.cpu: T0 : 0x10bcc    : lw a5, -24(s0)             : MemRead :  D=0x0000000000000035 A=0x7ffffffffffffdd8
3410000: system.cpu: T0 : 0x10bd0    : addiw a4, a5, 0            : IntAlu :  D=0x0000000000000035
3410500: system.cpu: T0 : 0x10bd4    : addi a5, zero, 63          : IntAlu :  D=0x000000000000003f
3411000: system.cpu: T0 : 0x10bd8    : bge a5, a4, -84            : IntAlu : 
3411500: system.cpu: T0 : 0x10b84    : lw a4, -20(s0)             : MemRead :  D=0x000000000000688c A=0x7ffffffffffffddc
3412000: system.cpu: T0 : 0x10b88    : c_mv a5, a4                : IntAlu :  D=0x000000000000688c
3413000: system.cpu: T0 : 0x10b8a    : slliw a5, a5, 5            : IntAlu :  D=0x00000000000d1180
3413500: system.cpu: T0 : 0x10b8e    : c_addw a5, a4              : IntAlu :  D=0x00000000000d7a0c
3414000: system.cpu: T0 : 0x10b90    : slliw a5, a5, 2            : IntAlu :  D=0x000000000035e830
3414500: system.cpu: T0 : 0x10b94    : c_addw a5, a4              : IntAlu :  D=0x00000000003650bc
3415000: system.cpu: T0 : 0x10b96    : c_addiw a5, 0              : IntAlu :  D=0x00000000003650bc
3415500: system.cpu: T0 : 0x10b98    : addiw a5, a5, 81           : IntAlu :  D=0x000000000036510d
3416000: system.cpu: T0 : 0x10b9c    : c_addiw a5, 0              : IntAlu :  D=0x000000000036510d
3416500: system.cpu: T0 : 0x10b9e    : c_mv a4, a5                : IntAlu :  D=0x000000000036510d
3417000: system.cpu: T0 : 0x10ba0    : c_lui a5, 16               : IntAlu :  D=0x0000000000010000
3417500: system.cpu: T0 : 0x10ba2    : c_addiw a5, -1             : IntAlu :  D=0x000000000000ffff
3418000: system.cpu: T0 : 0x10ba4    : remw a5, a4, a5            : IntDiv :  D=0x0000000000005143
3418500: system.cpu: T0 : 0x10ba8    : sw a5, -20(s0)             : MemWrite :  D=0x0000000000005143 A=0x7ffffffffffffddc
3419000: system.cpu: T0 : 0x10bac    : auipc a4, 96               : IntAlu :  D=0x0000000000070bac
3419500: system.cpu: T0 : 0x10bb0    : ld a4, -916(a4)            : MemRead :  D=0x0000000000071960 A=0x70818
3420000: system.cpu: T0 : 0x10bb4    : lw a5, -24(s0)             : MemRead :  D=0x0000000000000035 A=0x7ffffffffffffdd8
3420500: system.cpu: T0 : 0x10bb8    : c_slli a5, 2               : IntAlu :  D=0x00000000000000d4
3421000: system.cpu: T0 : 0x10bba    : c_add a5, a4               : IntAlu :  D=0x0000000000071a34
3421500: system.cpu: T0 : 0x10bbc    : lw a4, -20(s0)             : MemRead :  D=0x0000000000005143 A=0x7ffffffffffffddc
3422000: system.cpu: T0 : 0x10bc0    : c_sw a4, 0(a5)             : MemWrite :  D=0x0000000000005143 A=0x71a34
3423000: system.cpu: T0 : 0x10bc2    : lw a5, -24(s0)             : MemRead :  D=0x0000000000000035 A=0x7ffffffffffffdd8
3423500: system.cpu: T0 : 0x10bc6    : c_addiw a5, 1              : IntAlu :  D=0x0000000000000036
3424000: system.cpu: T0 : 0x10bc8    : sw a5, -24(s0)             : MemWrite :  D=0x0000000000000036 A=0x7ffffffffffffdd8
3424500: system.cpu: T0 : 0x10bcc    : lw a5, -24(s0)             : MemRead :  D=0x0000000000000036 A=0x7ffffffffffffdd8
3425000: system.cpu: T0 : 0x10bd0    : addiw a4, a5, 0            : IntAlu :  D=0x0000000000000036
3425500: system.cpu: T0 : 0x10bd4    : addi a5, zero, 63          : IntAlu :  D=0x000000000000003f
3426000: system.cpu: T0 : 0x10bd8    : bge a5, a4, -84            : IntAlu : 
3426500: system.cpu: T0 : 0x10b84    : lw a4, -20(s0)             : MemRead :  D=0x0000000000005143 A=0x7ffffffffffffddc
3427000: system.cpu: T0 : 0x10b88    : c_mv a5, a4                : IntAlu :  D=0x0000000000005143
3428000: system.cpu: T0 : 0x10b8a    : slliw a5, a5, 5            : IntAlu :  D=0x00000000000a2860
3428500: system.cpu: T0 : 0x10b8e    : c_addw a5, a4              : IntAlu :  D=0x00000000000a79a3
3429000: system.cpu: T0 : 0x10b90    : slliw a5, a5, 2            : IntAlu :  D=0x000000000029e68c
3429500: system.cpu: T0 : 0x10b94    : c_addw a5, a4              : IntAlu :  D=0x00000000002a37cf
3430000: system.cpu: T0 : 0x10b96    : c_addiw a5, 0              : IntAlu :  D=0x00000000002a37cf
3430500: system.cpu: T0 : 0x10b98    : addiw a5, a5, 81           : IntAlu :  D=0x00000000002a3820
3431000: system.cpu: T0 : 0x10b9c    : c_addiw a5, 0              : IntAlu :  D=0x00000000002a3820
3431500: system.cpu: T0 : 0x10b9e    : c_mv a4, a5                : IntAlu :  D=0x00000000002a3820
3432000: system.cpu: T0 : 0x10ba0    : c_lui a5, 16               : IntAlu :  D=0x0000000000010000
3432500: system.cpu: T0 : 0x10ba2    : c_addiw a5, -1             : IntAlu :  D=0x000000000000ffff
3433000: system.cpu: T0 : 0x10ba4    : remw a5, a4, a5            : IntDiv :  D=0x000000000000384a
3433500: system.cpu: T0 : 0x10ba8    : sw a5, -20(s0)             : MemWrite :  D=0x000000000000384a A=0x7ffffffffffffddc
3434000: system.cpu: T0 : 0x10bac    : auipc a4, 96               : IntAlu :  D=0x0000000000070bac
3434500: system.cpu: T0 : 0x10bb0    : ld a4, -916(a4)            : MemRead :  D=0x0000000000071960 A=0x70818
3435000: system.cpu: T0 : 0x10bb4    : lw a5, -24(s0)             : MemRead :  D=0x0000000000000036 A=0x7ffffffffffffdd8
3435500: system.cpu: T0 : 0x10bb8    : c_slli a5, 2               : IntAlu :  D=0x00000000000000d8
3436000: system.cpu: T0 : 0x10bba    : c_add a5, a4               : IntAlu :  D=0x0000000000071a38
3436500: system.cpu: T0 : 0x10bbc    : lw a4, -20(s0)             : MemRead :  D=0x000000000000384a A=0x7ffffffffffffddc
3437000: system.cpu: T0 : 0x10bc0    : c_sw a4, 0(a5)             : MemWrite :  D=0x000000000000384a A=0x71a38
3438000: system.cpu: T0 : 0x10bc2    : lw a5, -24(s0)             : MemRead :  D=0x0000000000000036 A=0x7ffffffffffffdd8
3438500: system.cpu: T0 : 0x10bc6    : c_addiw a5, 1              : IntAlu :  D=0x0000000000000037
3439000: system.cpu: T0 : 0x10bc8    : sw a5, -24(s0)             : MemWrite :  D=0x0000000000000037 A=0x7ffffffffffffdd8
3439500: system.cpu: T0 : 0x10bcc    : lw a5, -24(s0)             : MemRead :  D=0x0000000000000037 A=0x7ffffffffffffdd8
3440000: system.cpu: T0 : 0x10bd0    : addiw a4, a5, 0            : IntAlu :  D=0x0000000000000037
3440500: system.cpu: T0 : 0x10bd4    : addi a5, zero, 63          : IntAlu :  D=0x000000000000003f
3441000: system.cpu: T0 : 0x10bd8    : bge a5, a4, -84            : IntAlu : 
3441500: system.cpu: T0 : 0x10b84    : lw a4, -20(s0)             : MemRead :  D=0x000000000000384a A=0x7ffffffffffffddc
3442000: system.cpu: T0 : 0x10b88    : c_mv a5, a4                : IntAlu :  D=0x000000000000384a
3443000: system.cpu: T0 : 0x10b8a    : slliw a5, a5, 5            : IntAlu :  D=0x0000000000070940
3443500: system.cpu: T0 : 0x10b8e    : c_addw a5, a4              : IntAlu :  D=0x000000000007418a
3444000: system.cpu: T0 : 0x10b90    : slliw a5, a5, 2            : IntAlu :  D=0x00000000001d0628
3444500: system.cpu: T0 : 0x10b94    : c_addw a5, a4              : IntAlu :  D=0x00000000001d3e72
3445000: system.cpu: T0 : 0x10b96    : c_addiw a5, 0              : IntAlu :  D=0x00000000001d3e72
3445500: system.cpu: T0 : 0x10b98    : addiw a5, a5, 81           : IntAlu :  D=0x00000000001d3ec3
3446000: system.cpu: T0 : 0x10b9c    : c_addiw a5, 0              : IntAlu :  D=0x00000000001d3ec3
3446500: system.cpu: T0 : 0x10b9e    : c_mv a4, a5                : IntAlu :  D=0x00000000001d3ec3
3447000: system.cpu: T0 : 0x10ba0    : c_lui a5, 16               : IntAlu :  D=0x0000000000010000
3447500: system.cpu: T0 : 0x10ba2    : c_addiw a5, -1             : IntAlu :  D=0x000000000000ffff
3448000: system.cpu: T0 : 0x10ba4    : remw a5, a4, a5            : IntDiv :  D=0x0000000000003ee0
3448500: system.cpu: T0 : 0x10ba8    : sw a5, -20(s0)             : MemWrite :  D=0x0000000000003ee0 A=0x7ffffffffffffddc
3449000: system.cpu: T0 : 0x10bac    : auipc a4, 96               : IntAlu :  D=0x0000000000070bac
3449500: system.cpu: T0 : 0x10bb0    : ld a4, -916(a4)            : MemRead :  D=0x0000000000071960 A=0x70818
3450000: system.cpu: T0 : 0x10bb4    : lw a5, -24(s0)             : MemRead :  D=0x0000000000000037 A=0x7ffffffffffffdd8
3450500: system.cpu: T0 : 0x10bb8    : c_slli a5, 2               : IntAlu :  D=0x00000000000000dc
3451000: system.cpu: T0 : 0x10bba    : c_add a5, a4               : IntAlu :  D=0x0000000000071a3c
3451500: system.cpu: T0 : 0x10bbc    : lw a4, -20(s0)             : MemRead :  D=0x0000000000003ee0 A=0x7ffffffffffffddc
3452000: system.cpu: T0 : 0x10bc0    : c_sw a4, 0(a5)             : MemWrite :  D=0x0000000000003ee0 A=0x71a3c
3453000: system.cpu: T0 : 0x10bc2    : lw a5, -24(s0)             : MemRead :  D=0x0000000000000037 A=0x7ffffffffffffdd8
3453500: system.cpu: T0 : 0x10bc6    : c_addiw a5, 1              : IntAlu :  D=0x0000000000000038
3454000: system.cpu: T0 : 0x10bc8    : sw a5, -24(s0)             : MemWrite :  D=0x0000000000000038 A=0x7ffffffffffffdd8
3454500: system.cpu: T0 : 0x10bcc    : lw a5, -24(s0)             : MemRead :  D=0x0000000000000038 A=0x7ffffffffffffdd8
3455000: system.cpu: T0 : 0x10bd0    : addiw a4, a5, 0            : IntAlu :  D=0x0000000000000038
3455500: system.cpu: T0 : 0x10bd4    : addi a5, zero, 63          : IntAlu :  D=0x000000000000003f
3456000: system.cpu: T0 : 0x10bd8    : bge a5, a4, -84            : IntAlu : 
3456500: system.cpu: T0 : 0x10b84    : lw a4, -20(s0)             : MemRead :  D=0x0000000000003ee0 A=0x7ffffffffffffddc
3457000: system.cpu: T0 : 0x10b88    : c_mv a5, a4                : IntAlu :  D=0x0000000000003ee0
3458000: system.cpu: T0 : 0x10b8a    : slliw a5, a5, 5            : IntAlu :  D=0x000000000007dc00
3458500: system.cpu: T0 : 0x10b8e    : c_addw a5, a4              : IntAlu :  D=0x0000000000081ae0
3459000: system.cpu: T0 : 0x10b90    : slliw a5, a5, 2            : IntAlu :  D=0x0000000000206b80
3459500: system.cpu: T0 : 0x10b94    : c_addw a5, a4              : IntAlu :  D=0x000000000020aa60
3460000: system.cpu: T0 : 0x10b96    : c_addiw a5, 0              : IntAlu :  D=0x000000000020aa60
3460500: system.cpu: T0 : 0x10b98    : addiw a5, a5, 81           : IntAlu :  D=0x000000000020aab1
3461000: system.cpu: T0 : 0x10b9c    : c_addiw a5, 0              : IntAlu :  D=0x000000000020aab1
3461500: system.cpu: T0 : 0x10b9e    : c_mv a4, a5                : IntAlu :  D=0x000000000020aab1
3462000: system.cpu: T0 : 0x10ba0    : c_lui a5, 16               : IntAlu :  D=0x0000000000010000
3462500: system.cpu: T0 : 0x10ba2    : c_addiw a5, -1             : IntAlu :  D=0x000000000000ffff
3463000: system.cpu: T0 : 0x10ba4    : remw a5, a4, a5            : IntDiv :  D=0x000000000000aad1
3463500: system.cpu: T0 : 0x10ba8    : sw a5, -20(s0)             : MemWrite :  D=0x000000000000aad1 A=0x7ffffffffffffddc
3464000: system.cpu: T0 : 0x10bac    : auipc a4, 96               : IntAlu :  D=0x0000000000070bac
3464500: system.cpu: T0 : 0x10bb0    : ld a4, -916(a4)            : MemRead :  D=0x0000000000071960 A=0x70818
3465000: system.cpu: T0 : 0x10bb4    : lw a5, -24(s0)             : MemRead :  D=0x0000000000000038 A=0x7ffffffffffffdd8
3465500: system.cpu: T0 : 0x10bb8    : c_slli a5, 2               : IntAlu :  D=0x00000000000000e0
3466000: system.cpu: T0 : 0x10bba    : c_add a5, a4               : IntAlu :  D=0x0000000000071a40
3466500: system.cpu: T0 : 0x10bbc    : lw a4, -20(s0)             : MemRead :  D=0x000000000000aad1 A=0x7ffffffffffffddc
3467000: system.cpu: T0 : 0x10bc0    : c_sw a4, 0(a5)             : MemWrite :  D=0x000000000000aad1 A=0x71a40
3468000: system.cpu: T0 : 0x10bc2    : lw a5, -24(s0)             : MemRead :  D=0x0000000000000038 A=0x7ffffffffffffdd8
3468500: system.cpu: T0 : 0x10bc6    : c_addiw a5, 1              : IntAlu :  D=0x0000000000000039
3469000: system.cpu: T0 : 0x10bc8    : sw a5, -24(s0)             : MemWrite :  D=0x0000000000000039 A=0x7ffffffffffffdd8
3469500: system.cpu: T0 : 0x10bcc    : lw a5, -24(s0)             : MemRead :  D=0x0000000000000039 A=0x7ffffffffffffdd8
3470000: system.cpu: T0 : 0x10bd0    : addiw a4, a5, 0            : IntAlu :  D=0x0000000000000039
3470500: system.cpu: T0 : 0x10bd4    : addi a5, zero, 63          : IntAlu :  D=0x000000000000003f
3471000: system.cpu: T0 : 0x10bd8    : bge a5, a4, -84            : IntAlu : 
3471500: system.cpu: T0 : 0x10b84    : lw a4, -20(s0)             : MemRead :  D=0x000000000000aad1 A=0x7ffffffffffffddc
3472000: system.cpu: T0 : 0x10b88    : c_mv a5, a4                : IntAlu :  D=0x000000000000aad1
3473000: system.cpu: T0 : 0x10b8a    : slliw a5, a5, 5            : IntAlu :  D=0x0000000000155a20
3473500: system.cpu: T0 : 0x10b8e    : c_addw a5, a4              : IntAlu :  D=0x00000000001604f1
3474000: system.cpu: T0 : 0x10b90    : slliw a5, a5, 2            : IntAlu :  D=0x00000000005813c4
3474500: system.cpu: T0 : 0x10b94    : c_addw a5, a4              : IntAlu :  D=0x000000000058be95
3475000: system.cpu: T0 : 0x10b96    : c_addiw a5, 0              : IntAlu :  D=0x000000000058be95
3475500: system.cpu: T0 : 0x10b98    : addiw a5, a5, 81           : IntAlu :  D=0x000000000058bee6
3476000: system.cpu: T0 : 0x10b9c    : c_addiw a5, 0              : IntAlu :  D=0x000000000058bee6
3476500: system.cpu: T0 : 0x10b9e    : c_mv a4, a5                : IntAlu :  D=0x000000000058bee6
3477000: system.cpu: T0 : 0x10ba0    : c_lui a5, 16               : IntAlu :  D=0x0000000000010000
3477500: system.cpu: T0 : 0x10ba2    : c_addiw a5, -1             : IntAlu :  D=0x000000000000ffff
3478000: system.cpu: T0 : 0x10ba4    : remw a5, a4, a5            : IntDiv :  D=0x000000000000bf3e
3478500: system.cpu: T0 : 0x10ba8    : sw a5, -20(s0)             : MemWrite :  D=0x000000000000bf3e A=0x7ffffffffffffddc
3479000: system.cpu: T0 : 0x10bac    : auipc a4, 96               : IntAlu :  D=0x0000000000070bac
3479500: system.cpu: T0 : 0x10bb0    : ld a4, -916(a4)            : MemRead :  D=0x0000000000071960 A=0x70818
3480000: system.cpu: T0 : 0x10bb4    : lw a5, -24(s0)             : MemRead :  D=0x0000000000000039 A=0x7ffffffffffffdd8
3480500: system.cpu: T0 : 0x10bb8    : c_slli a5, 2               : IntAlu :  D=0x00000000000000e4
3481000: system.cpu: T0 : 0x10bba    : c_add a5, a4               : IntAlu :  D=0x0000000000071a44
3481500: system.cpu: T0 : 0x10bbc    : lw a4, -20(s0)             : MemRead :  D=0x000000000000bf3e A=0x7ffffffffffffddc
3482000: system.cpu: T0 : 0x10bc0    : c_sw a4, 0(a5)             : MemWrite :  D=0x000000000000bf3e A=0x71a44
3483000: system.cpu: T0 : 0x10bc2    : lw a5, -24(s0)             : MemRead :  D=0x0000000000000039 A=0x7ffffffffffffdd8
3483500: system.cpu: T0 : 0x10bc6    : c_addiw a5, 1              : IntAlu :  D=0x000000000000003a
3484000: system.cpu: T0 : 0x10bc8    : sw a5, -24(s0)             : MemWrite :  D=0x000000000000003a A=0x7ffffffffffffdd8
3484500: system.cpu: T0 : 0x10bcc    : lw a5, -24(s0)             : MemRead :  D=0x000000000000003a A=0x7ffffffffffffdd8
3485000: system.cpu: T0 : 0x10bd0    : addiw a4, a5, 0            : IntAlu :  D=0x000000000000003a
3485500: system.cpu: T0 : 0x10bd4    : addi a5, zero, 63          : IntAlu :  D=0x000000000000003f
3486000: system.cpu: T0 : 0x10bd8    : bge a5, a4, -84            : IntAlu : 
3486500: system.cpu: T0 : 0x10b84    : lw a4, -20(s0)             : MemRead :  D=0x000000000000bf3e A=0x7ffffffffffffddc
3487000: system.cpu: T0 : 0x10b88    : c_mv a5, a4                : IntAlu :  D=0x000000000000bf3e
3488000: system.cpu: T0 : 0x10b8a    : slliw a5, a5, 5            : IntAlu :  D=0x000000000017e7c0
3488500: system.cpu: T0 : 0x10b8e    : c_addw a5, a4              : IntAlu :  D=0x000000000018a6fe
3489000: system.cpu: T0 : 0x10b90    : slliw a5, a5, 2            : IntAlu :  D=0x0000000000629bf8
3489500: system.cpu: T0 : 0x10b94    : c_addw a5, a4              : IntAlu :  D=0x0000000000635b36
3490000: system.cpu: T0 : 0x10b96    : c_addiw a5, 0              : IntAlu :  D=0x0000000000635b36
3490500: system.cpu: T0 : 0x10b98    : addiw a5, a5, 81           : IntAlu :  D=0x0000000000635b87
3491000: system.cpu: T0 : 0x10b9c    : c_addiw a5, 0              : IntAlu :  D=0x0000000000635b87
3491500: system.cpu: T0 : 0x10b9e    : c_mv a4, a5                : IntAlu :  D=0x0000000000635b87
3492000: system.cpu: T0 : 0x10ba0    : c_lui a5, 16               : IntAlu :  D=0x0000000000010000
3492500: system.cpu: T0 : 0x10ba2    : c_addiw a5, -1             : IntAlu :  D=0x000000000000ffff
3493000: system.cpu: T0 : 0x10ba4    : remw a5, a4, a5            : IntDiv :  D=0x0000000000005bea
3493500: system.cpu: T0 : 0x10ba8    : sw a5, -20(s0)             : MemWrite :  D=0x0000000000005bea A=0x7ffffffffffffddc
3494000: system.cpu: T0 : 0x10bac    : auipc a4, 96               : IntAlu :  D=0x0000000000070bac
3494500: system.cpu: T0 : 0x10bb0    : ld a4, -916(a4)            : MemRead :  D=0x0000000000071960 A=0x70818
3495000: system.cpu: T0 : 0x10bb4    : lw a5, -24(s0)             : MemRead :  D=0x000000000000003a A=0x7ffffffffffffdd8
3495500: system.cpu: T0 : 0x10bb8    : c_slli a5, 2               : IntAlu :  D=0x00000000000000e8
3496000: system.cpu: T0 : 0x10bba    : c_add a5, a4               : IntAlu :  D=0x0000000000071a48
3496500: system.cpu: T0 : 0x10bbc    : lw a4, -20(s0)             : MemRead :  D=0x0000000000005bea A=0x7ffffffffffffddc
3497000: system.cpu: T0 : 0x10bc0    : c_sw a4, 0(a5)             : MemWrite :  D=0x0000000000005bea A=0x71a48
3498000: system.cpu: T0 : 0x10bc2    : lw a5, -24(s0)             : MemRead :  D=0x000000000000003a A=0x7ffffffffffffdd8
3498500: system.cpu: T0 : 0x10bc6    : c_addiw a5, 1              : IntAlu :  D=0x000000000000003b
3499000: system.cpu: T0 : 0x10bc8    : sw a5, -24(s0)             : MemWrite :  D=0x000000000000003b A=0x7ffffffffffffdd8
3499500: system.cpu: T0 : 0x10bcc    : lw a5, -24(s0)             : MemRead :  D=0x000000000000003b A=0x7ffffffffffffdd8
3500000: system.cpu: T0 : 0x10bd0    : addiw a4, a5, 0            : IntAlu :  D=0x000000000000003b
3500500: system.cpu: T0 : 0x10bd4    : addi a5, zero, 63          : IntAlu :  D=0x000000000000003f
3501000: system.cpu: T0 : 0x10bd8    : bge a5, a4, -84            : IntAlu : 
3501500: system.cpu: T0 : 0x10b84    : lw a4, -20(s0)             : MemRead :  D=0x0000000000005bea A=0x7ffffffffffffddc
3502000: system.cpu: T0 : 0x10b88    : c_mv a5, a4                : IntAlu :  D=0x0000000000005bea
3503000: system.cpu: T0 : 0x10b8a    : slliw a5, a5, 5            : IntAlu :  D=0x00000000000b7d40
3503500: system.cpu: T0 : 0x10b8e    : c_addw a5, a4              : IntAlu :  D=0x00000000000bd92a
3504000: system.cpu: T0 : 0x10b90    : slliw a5, a5, 2            : IntAlu :  D=0x00000000002f64a8
3504500: system.cpu: T0 : 0x10b94    : c_addw a5, a4              : IntAlu :  D=0x00000000002fc092
3505000: system.cpu: T0 : 0x10b96    : c_addiw a5, 0              : IntAlu :  D=0x00000000002fc092
3505500: system.cpu: T0 : 0x10b98    : addiw a5, a5, 81           : IntAlu :  D=0x00000000002fc0e3
3506000: system.cpu: T0 : 0x10b9c    : c_addiw a5, 0              : IntAlu :  D=0x00000000002fc0e3
3506500: system.cpu: T0 : 0x10b9e    : c_mv a4, a5                : IntAlu :  D=0x00000000002fc0e3
3507000: system.cpu: T0 : 0x10ba0    : c_lui a5, 16               : IntAlu :  D=0x0000000000010000
3507500: system.cpu: T0 : 0x10ba2    : c_addiw a5, -1             : IntAlu :  D=0x000000000000ffff
3508000: system.cpu: T0 : 0x10ba4    : remw a5, a4, a5            : IntDiv :  D=0x000000000000c112
3508500: system.cpu: T0 : 0x10ba8    : sw a5, -20(s0)             : MemWrite :  D=0x000000000000c112 A=0x7ffffffffffffddc
3509000: system.cpu: T0 : 0x10bac    : auipc a4, 96               : IntAlu :  D=0x0000000000070bac
3509500: system.cpu: T0 : 0x10bb0    : ld a4, -916(a4)            : MemRead :  D=0x0000000000071960 A=0x70818
3510000: system.cpu: T0 : 0x10bb4    : lw a5, -24(s0)             : MemRead :  D=0x000000000000003b A=0x7ffffffffffffdd8
3510500: system.cpu: T0 : 0x10bb8    : c_slli a5, 2               : IntAlu :  D=0x00000000000000ec
3511000: system.cpu: T0 : 0x10bba    : c_add a5, a4               : IntAlu :  D=0x0000000000071a4c
3511500: system.cpu: T0 : 0x10bbc    : lw a4, -20(s0)             : MemRead :  D=0x000000000000c112 A=0x7ffffffffffffddc
3512000: system.cpu: T0 : 0x10bc0    : c_sw a4, 0(a5)             : MemWrite :  D=0x000000000000c112 A=0x71a4c
3513000: system.cpu: T0 : 0x10bc2    : lw a5, -24(s0)             : MemRead :  D=0x000000000000003b A=0x7ffffffffffffdd8
3513500: system.cpu: T0 : 0x10bc6    : c_addiw a5, 1              : IntAlu :  D=0x000000000000003c
3514000: system.cpu: T0 : 0x10bc8    : sw a5, -24(s0)             : MemWrite :  D=0x000000000000003c A=0x7ffffffffffffdd8
3514500: system.cpu: T0 : 0x10bcc    : lw a5, -24(s0)             : MemRead :  D=0x000000000000003c A=0x7ffffffffffffdd8
3515000: system.cpu: T0 : 0x10bd0    : addiw a4, a5, 0            : IntAlu :  D=0x000000000000003c
3515500: system.cpu: T0 : 0x10bd4    : addi a5, zero, 63          : IntAlu :  D=0x000000000000003f
3516000: system.cpu: T0 : 0x10bd8    : bge a5, a4, -84            : IntAlu : 
3516500: system.cpu: T0 : 0x10b84    : lw a4, -20(s0)             : MemRead :  D=0x000000000000c112 A=0x7ffffffffffffddc
3517000: system.cpu: T0 : 0x10b88    : c_mv a5, a4                : IntAlu :  D=0x000000000000c112
3518000: system.cpu: T0 : 0x10b8a    : slliw a5, a5, 5            : IntAlu :  D=0x0000000000182240
3518500: system.cpu: T0 : 0x10b8e    : c_addw a5, a4              : IntAlu :  D=0x000000000018e352
3519000: system.cpu: T0 : 0x10b90    : slliw a5, a5, 2            : IntAlu :  D=0x0000000000638d48
3519500: system.cpu: T0 : 0x10b94    : c_addw a5, a4              : IntAlu :  D=0x0000000000644e5a
3520000: system.cpu: T0 : 0x10b96    : c_addiw a5, 0              : IntAlu :  D=0x0000000000644e5a
3520500: system.cpu: T0 : 0x10b98    : addiw a5, a5, 81           : IntAlu :  D=0x0000000000644eab
3521000: system.cpu: T0 : 0x10b9c    : c_addiw a5, 0              : IntAlu :  D=0x0000000000644eab
3521500: system.cpu: T0 : 0x10b9e    : c_mv a4, a5                : IntAlu :  D=0x0000000000644eab
3522000: system.cpu: T0 : 0x10ba0    : c_lui a5, 16               : IntAlu :  D=0x0000000000010000
3522500: system.cpu: T0 : 0x10ba2    : c_addiw a5, -1             : IntAlu :  D=0x000000000000ffff
3523000: system.cpu: T0 : 0x10ba4    : remw a5, a4, a5            : IntDiv :  D=0x0000000000004f0f
3523500: system.cpu: T0 : 0x10ba8    : sw a5, -20(s0)             : MemWrite :  D=0x0000000000004f0f A=0x7ffffffffffffddc
3524000: system.cpu: T0 : 0x10bac    : auipc a4, 96               : IntAlu :  D=0x0000000000070bac
3524500: system.cpu: T0 : 0x10bb0    : ld a4, -916(a4)            : MemRead :  D=0x0000000000071960 A=0x70818
3525000: system.cpu: T0 : 0x10bb4    : lw a5, -24(s0)             : MemRead :  D=0x000000000000003c A=0x7ffffffffffffdd8
3525500: system.cpu: T0 : 0x10bb8    : c_slli a5, 2               : IntAlu :  D=0x00000000000000f0
3526000: system.cpu: T0 : 0x10bba    : c_add a5, a4               : IntAlu :  D=0x0000000000071a50
3526500: system.cpu: T0 : 0x10bbc    : lw a4, -20(s0)             : MemRead :  D=0x0000000000004f0f A=0x7ffffffffffffddc
3527000: system.cpu: T0 : 0x10bc0    : c_sw a4, 0(a5)             : MemWrite :  D=0x0000000000004f0f A=0x71a50
3528000: system.cpu: T0 : 0x10bc2    : lw a5, -24(s0)             : MemRead :  D=0x000000000000003c A=0x7ffffffffffffdd8
3528500: system.cpu: T0 : 0x10bc6    : c_addiw a5, 1              : IntAlu :  D=0x000000000000003d
3529000: system.cpu: T0 : 0x10bc8    : sw a5, -24(s0)             : MemWrite :  D=0x000000000000003d A=0x7ffffffffffffdd8
3529500: system.cpu: T0 : 0x10bcc    : lw a5, -24(s0)             : MemRead :  D=0x000000000000003d A=0x7ffffffffffffdd8
3530000: system.cpu: T0 : 0x10bd0    : addiw a4, a5, 0            : IntAlu :  D=0x000000000000003d
3530500: system.cpu: T0 : 0x10bd4    : addi a5, zero, 63          : IntAlu :  D=0x000000000000003f
3531000: system.cpu: T0 : 0x10bd8    : bge a5, a4, -84            : IntAlu : 
3531500: system.cpu: T0 : 0x10b84    : lw a4, -20(s0)             : MemRead :  D=0x0000000000004f0f A=0x7ffffffffffffddc
3532000: system.cpu: T0 : 0x10b88    : c_mv a5, a4                : IntAlu :  D=0x0000000000004f0f
3533000: system.cpu: T0 : 0x10b8a    : slliw a5, a5, 5            : IntAlu :  D=0x000000000009e1e0
3533500: system.cpu: T0 : 0x10b8e    : c_addw a5, a4              : IntAlu :  D=0x00000000000a30ef
3534000: system.cpu: T0 : 0x10b90    : slliw a5, a5, 2            : IntAlu :  D=0x000000000028c3bc
3534500: system.cpu: T0 : 0x10b94    : c_addw a5, a4              : IntAlu :  D=0x00000000002912cb
3535000: system.cpu: T0 : 0x10b96    : c_addiw a5, 0              : IntAlu :  D=0x00000000002912cb
3535500: system.cpu: T0 : 0x10b98    : addiw a5, a5, 81           : IntAlu :  D=0x000000000029131c
3536000: system.cpu: T0 : 0x10b9c    : c_addiw a5, 0              : IntAlu :  D=0x000000000029131c
3536500: system.cpu: T0 : 0x10b9e    : c_mv a4, a5                : IntAlu :  D=0x000000000029131c
3537000: system.cpu: T0 : 0x10ba0    : c_lui a5, 16               : IntAlu :  D=0x0000000000010000
3537500: system.cpu: T0 : 0x10ba2    : c_addiw a5, -1             : IntAlu :  D=0x000000000000ffff
3538000: system.cpu: T0 : 0x10ba4    : remw a5, a4, a5            : IntDiv :  D=0x0000000000001345
3538500: system.cpu: T0 : 0x10ba8    : sw a5, -20(s0)             : MemWrite :  D=0x0000000000001345 A=0x7ffffffffffffddc
3539000: system.cpu: T0 : 0x10bac    : auipc a4, 96               : IntAlu :  D=0x0000000000070bac
3539500: system.cpu: T0 : 0x10bb0    : ld a4, -916(a4)            : MemRead :  D=0x0000000000071960 A=0x70818
3540000: system.cpu: T0 : 0x10bb4    : lw a5, -24(s0)             : MemRead :  D=0x000000000000003d A=0x7ffffffffffffdd8
3540500: system.cpu: T0 : 0x10bb8    : c_slli a5, 2               : IntAlu :  D=0x00000000000000f4
3541000: system.cpu: T0 : 0x10bba    : c_add a5, a4               : IntAlu :  D=0x0000000000071a54
3541500: system.cpu: T0 : 0x10bbc    : lw a4, -20(s0)             : MemRead :  D=0x0000000000001345 A=0x7ffffffffffffddc
3542000: system.cpu: T0 : 0x10bc0    : c_sw a4, 0(a5)             : MemWrite :  D=0x0000000000001345 A=0x71a54
3543000: system.cpu: T0 : 0x10bc2    : lw a5, -24(s0)             : MemRead :  D=0x000000000000003d A=0x7ffffffffffffdd8
3543500: system.cpu: T0 : 0x10bc6    : c_addiw a5, 1              : IntAlu :  D=0x000000000000003e
3544000: system.cpu: T0 : 0x10bc8    : sw a5, -24(s0)             : MemWrite :  D=0x000000000000003e A=0x7ffffffffffffdd8
3544500: system.cpu: T0 : 0x10bcc    : lw a5, -24(s0)             : MemRead :  D=0x000000000000003e A=0x7ffffffffffffdd8
3545000: system.cpu: T0 : 0x10bd0    : addiw a4, a5, 0            : IntAlu :  D=0x000000000000003e
3545500: system.cpu: T0 : 0x10bd4    : addi a5, zero, 63          : IntAlu :  D=0x000000000000003f
3546000: system.cpu: T0 : 0x10bd8    : bge a5, a4, -84            : IntAlu : 
3546500: system.cpu: T0 : 0x10b84    : lw a4, -20(s0)             : MemRead :  D=0x0000000000001345 A=0x7ffffffffffffddc
3547000: system.cpu: T0 : 0x10b88    : c_mv a5, a4                : IntAlu :  D=0x0000000000001345
3548000: system.cpu: T0 : 0x10b8a    : slliw a5, a5, 5            : IntAlu :  D=0x00000000000268a0
3548500: system.cpu: T0 : 0x10b8e    : c_addw a5, a4              : IntAlu :  D=0x0000000000027be5
3549000: system.cpu: T0 : 0x10b90    : slliw a5, a5, 2            : IntAlu :  D=0x000000000009ef94
3549500: system.cpu: T0 : 0x10b94    : c_addw a5, a4              : IntAlu :  D=0x00000000000a02d9
3550000: system.cpu: T0 : 0x10b96    : c_addiw a5, 0              : IntAlu :  D=0x00000000000a02d9
3550500: system.cpu: T0 : 0x10b98    : addiw a5, a5, 81           : IntAlu :  D=0x00000000000a032a
3551000: system.cpu: T0 : 0x10b9c    : c_addiw a5, 0              : IntAlu :  D=0x00000000000a032a
3551500: system.cpu: T0 : 0x10b9e    : c_mv a4, a5                : IntAlu :  D=0x00000000000a032a
3552000: system.cpu: T0 : 0x10ba0    : c_lui a5, 16               : IntAlu :  D=0x0000000000010000
3552500: system.cpu: T0 : 0x10ba2    : c_addiw a5, -1             : IntAlu :  D=0x000000000000ffff
3553000: system.cpu: T0 : 0x10ba4    : remw a5, a4, a5            : IntDiv :  D=0x0000000000000334
3553500: system.cpu: T0 : 0x10ba8    : sw a5, -20(s0)             : MemWrite :  D=0x0000000000000334 A=0x7ffffffffffffddc
3554000: system.cpu: T0 : 0x10bac    : auipc a4, 96               : IntAlu :  D=0x0000000000070bac
3554500: system.cpu: T0 : 0x10bb0    : ld a4, -916(a4)            : MemRead :  D=0x0000000000071960 A=0x70818
3555000: system.cpu: T0 : 0x10bb4    : lw a5, -24(s0)             : MemRead :  D=0x000000000000003e A=0x7ffffffffffffdd8
3555500: system.cpu: T0 : 0x10bb8    : c_slli a5, 2               : IntAlu :  D=0x00000000000000f8
3556000: system.cpu: T0 : 0x10bba    : c_add a5, a4               : IntAlu :  D=0x0000000000071a58
3556500: system.cpu: T0 : 0x10bbc    : lw a4, -20(s0)             : MemRead :  D=0x0000000000000334 A=0x7ffffffffffffddc
3557000: system.cpu: T0 : 0x10bc0    : c_sw a4, 0(a5)             : MemWrite :  D=0x0000000000000334 A=0x71a58
3558000: system.cpu: T0 : 0x10bc2    : lw a5, -24(s0)             : MemRead :  D=0x000000000000003e A=0x7ffffffffffffdd8
3558500: system.cpu: T0 : 0x10bc6    : c_addiw a5, 1              : IntAlu :  D=0x000000000000003f
3559000: system.cpu: T0 : 0x10bc8    : sw a5, -24(s0)             : MemWrite :  D=0x000000000000003f A=0x7ffffffffffffdd8
3559500: system.cpu: T0 : 0x10bcc    : lw a5, -24(s0)             : MemRead :  D=0x000000000000003f A=0x7ffffffffffffdd8
3560000: system.cpu: T0 : 0x10bd0    : addiw a4, a5, 0            : IntAlu :  D=0x000000000000003f
3560500: system.cpu: T0 : 0x10bd4    : addi a5, zero, 63          : IntAlu :  D=0x000000000000003f
3561000: system.cpu: T0 : 0x10bd8    : bge a5, a4, -84            : IntAlu : 
3561500: system.cpu: T0 : 0x10b84    : lw a4, -20(s0)             : MemRead :  D=0x0000000000000334 A=0x7ffffffffffffddc
3562000: system.cpu: T0 : 0x10b88    : c_mv a5, a4                : IntAlu :  D=0x0000000000000334
3563000: system.cpu: T0 : 0x10b8a    : slliw a5, a5, 5            : IntAlu :  D=0x0000000000006680
3563500: system.cpu: T0 : 0x10b8e    : c_addw a5, a4              : IntAlu :  D=0x00000000000069b4
3564000: system.cpu: T0 : 0x10b90    : slliw a5, a5, 2            : IntAlu :  D=0x000000000001a6d0
3564500: system.cpu: T0 : 0x10b94    : c_addw a5, a4              : IntAlu :  D=0x000000000001aa04
3565000: system.cpu: T0 : 0x10b96    : c_addiw a5, 0              : IntAlu :  D=0x000000000001aa04
3565500: system.cpu: T0 : 0x10b98    : addiw a5, a5, 81           : IntAlu :  D=0x000000000001aa55
3566000: system.cpu: T0 : 0x10b9c    : c_addiw a5, 0              : IntAlu :  D=0x000000000001aa55
3566500: system.cpu: T0 : 0x10b9e    : c_mv a4, a5                : IntAlu :  D=0x000000000001aa55
3567000: system.cpu: T0 : 0x10ba0    : c_lui a5, 16               : IntAlu :  D=0x0000000000010000
3567500: system.cpu: T0 : 0x10ba2    : c_addiw a5, -1             : IntAlu :  D=0x000000000000ffff
3568000: system.cpu: T0 : 0x10ba4    : remw a5, a4, a5            : IntDiv :  D=0x000000000000aa56
3568500: system.cpu: T0 : 0x10ba8    : sw a5, -20(s0)             : MemWrite :  D=0x000000000000aa56 A=0x7ffffffffffffddc
3569000: system.cpu: T0 : 0x10bac    : auipc a4, 96               : IntAlu :  D=0x0000000000070bac
3569500: system.cpu: T0 : 0x10bb0    : ld a4, -916(a4)            : MemRead :  D=0x0000000000071960 A=0x70818
3570000: system.cpu: T0 : 0x10bb4    : lw a5, -24(s0)             : MemRead :  D=0x000000000000003f A=0x7ffffffffffffdd8
3570500: system.cpu: T0 : 0x10bb8    : c_slli a5, 2               : IntAlu :  D=0x00000000000000fc
3571000: system.cpu: T0 : 0x10bba    : c_add a5, a4               : IntAlu :  D=0x0000000000071a5c
3571500: system.cpu: T0 : 0x10bbc    : lw a4, -20(s0)             : MemRead :  D=0x000000000000aa56 A=0x7ffffffffffffddc
3572000: system.cpu: T0 : 0x10bc0    : c_sw a4, 0(a5)             : MemWrite :  D=0x000000000000aa56 A=0x71a5c
3573000: system.cpu: T0 : 0x10bc2    : lw a5, -24(s0)             : MemRead :  D=0x000000000000003f A=0x7ffffffffffffdd8
3573500: system.cpu: T0 : 0x10bc6    : c_addiw a5, 1              : IntAlu :  D=0x0000000000000040
3574000: system.cpu: T0 : 0x10bc8    : sw a5, -24(s0)             : MemWrite :  D=0x0000000000000040 A=0x7ffffffffffffdd8
3574500: system.cpu: T0 : 0x10bcc    : lw a5, -24(s0)             : MemRead :  D=0x0000000000000040 A=0x7ffffffffffffdd8
3575000: system.cpu: T0 : 0x10bd0    : addiw a4, a5, 0            : IntAlu :  D=0x0000000000000040
3575500: system.cpu: T0 : 0x10bd4    : addi a5, zero, 63          : IntAlu :  D=0x000000000000003f
3576000: system.cpu: T0 : 0x10bd8    : bge a5, a4, -84            : IntAlu : 
3576500: system.cpu: T0 : 0x10bdc    : jal ra, -1964              : IntAlu :  D=0x0000000000010be0
3577000: system.cpu: T0 : 0x10430    : c_addi16sp sp, -96         : IntAlu :  D=0x7ffffffffffffd70
3577500: system.cpu: T0 : 0x10432    : c_sdsp s0, 88(sp)          : MemWrite :  D=0x7ffffffffffffdf0 A=0x7ffffffffffffdc8
3578000: system.cpu: T0 : 0x10434    : c_addi4spn s0, sp, 96      : IntAlu :  D=0x7ffffffffffffdd0
3579000: system.cpu: T0 : 0x10436    : auipc a5, 96               : IntAlu :  D=0x0000000000070436
3580000: system.cpu: T0 : 0x1043a    : ld a5, 994(a5)             : MemRead :  D=0x0000000000071960 A=0x70818
3581000: system.cpu: T0 : 0x1043e    : sd a5, -24(s0)             : MemWrite :  D=0x0000000000071960 A=0x7ffffffffffffdb8
3581500: system.cpu: T0 : 0x10442    : c_li a5, 7                 : IntAlu :  D=0x0000000000000007
3582000: system.cpu: T0 : 0x10444    : sw a5, -96(s0)             : MemWrite :  D=0x0000000000000007 A=0x7ffffffffffffd70
3582500: system.cpu: T0 : 0x10448    : c_j 862                    : IntAlu : 
3583500: system.cpu: T0 : 0x107a6    : lw a5, -96(s0)             : MemRead :  D=0x0000000000000007 A=0x7ffffffffffffd70
3584000: system.cpu: T0 : 0x107aa    : c_addiw a5, 0              : IntAlu :  D=0x0000000000000007
3584500: system.cpu: T0 : 0x107ac    : bge a5, zero, -866         : IntAlu : 
3585500: system.cpu: T0 : 0x1044a    : ld a5, -24(s0)             : MemRead :  D=0x0000000000071960 A=0x7ffffffffffffdb8
3586000: system.cpu: T0 : 0x1044e    : c_lw a4, 0(a5)             : MemRead :  D=0x00000000000000d6 A=0x71960
3586500: system.cpu: T0 : 0x10450    : ld a5, -24(s0)             : MemRead :  D=0x0000000000071960 A=0x7ffffffffffffdb8
3587000: system.cpu: T0 : 0x10454    : c_addi a5, 28              : IntAlu :  D=0x000000000007197c
3587500: system.cpu: T0 : 0x10456    : c_lw a5, 0(a5)             : MemRead :  D=0x0000000000003ae4 A=0x7197c
3588000: system.cpu: T0 : 0x10458    : c_addw a5, a4              : IntAlu :  D=0x0000000000003bba
3589000: system.cpu: T0 : 0x1045a    : sw a5, -92(s0)             : MemWrite :  D=0x0000000000003bba A=0x7ffffffffffffd74
3590000: system.cpu: T0 : 0x1045e    : ld a5, -24(s0)             : MemRead :  D=0x0000000000071960 A=0x7ffffffffffffdb8
3590500: system.cpu: T0 : 0x10462    : c_lw a4, 0(a5)             : MemRead :  D=0x00000000000000d6 A=0x71960
3591000: system.cpu: T0 : 0x10464    : ld a5, -24(s0)             : MemRead :  D=0x0000000000071960 A=0x7ffffffffffffdb8
3591500: system.cpu: T0 : 0x10468    : c_addi a5, 28              : IntAlu :  D=0x000000000007197c
3592000: system.cpu: T0 : 0x1046a    : c_lw a5, 0(a5)             : MemRead :  D=0x0000000000003ae4 A=0x7197c
3592500: system.cpu: T0 : 0x1046c    : subw a5, a4, a5            : IntAlu :  D=0xffffffffffffc5f2
3593000: system.cpu: T0 : 0x10470    : sw a5, -88(s0)             : MemWrite :  D=0x00000000ffffc5f2 A=0x7ffffffffffffd78
3593500: system.cpu: T0 : 0x10474    : ld a5, -24(s0)             : MemRead :  D=0x0000000000071960 A=0x7ffffffffffffdb8
3594000: system.cpu: T0 : 0x10478    : c_addi a5, 4               : IntAlu :  D=0x0000000000071964
3594500: system.cpu: T0 : 0x1047a    : c_lw a4, 0(a5)             : MemRead :  D=0x0000000000006f7f A=0x71964
3595000: system.cpu: T0 : 0x1047c    : ld a5, -24(s0)             : MemRead :  D=0x0000000000071960 A=0x7ffffffffffffdb8
3595500: system.cpu: T0 : 0x10480    : c_addi a5, 24              : IntAlu :  D=0x0000000000071978
3596000: system.cpu: T0 : 0x10482    : c_lw a5, 0(a5)             : MemRead :  D=0x000000000000fe83 A=0x71978
3596500: system.cpu: T0 : 0x10484    : c_addw a5, a4              : IntAlu :  D=0x0000000000016e02
3597500: system.cpu: T0 : 0x10486    : sw a5, -84(s0)             : MemWrite :  D=0x0000000000016e02 A=0x7ffffffffffffd7c
3598500: system.cpu: T0 : 0x1048a    : ld a5, -24(s0)             : MemRead :  D=0x0000000000071960 A=0x7ffffffffffffdb8
3599000: system.cpu: T0 : 0x1048e    : c_addi a5, 4               : IntAlu :  D=0x0000000000071964
3599500: system.cpu: T0 : 0x10490    : c_lw a4, 0(a5)             : MemRead :  D=0x0000000000006f7f A=0x71964
3600500: system.cpu: T0 : 0x10492    : ld a5, -24(s0)             : MemRead :  D=0x0000000000071960 A=0x7ffffffffffffdb8
3601000: system.cpu: T0 : 0x10496    : c_addi a5, 24              : IntAlu :  D=0x0000000000071978
3601500: system.cpu: T0 : 0x10498    : c_lw a5, 0(a5)             : MemRead :  D=0x000000000000fe83 A=0x71978
3602500: system.cpu: T0 : 0x1049a    : subw a5, a4, a5            : IntAlu :  D=0xffffffffffff70fc
3603500: system.cpu: T0 : 0x1049e    : sw a5, -80(s0)             : MemWrite :  D=0x00000000ffff70fc A=0x7ffffffffffffd80
3604500: system.cpu: T0 : 0x104a2    : ld a5, -24(s0)             : MemRead :  D=0x0000000000071960 A=0x7ffffffffffffdb8
3605000: system.cpu: T0 : 0x104a6    : c_addi a5, 8               : IntAlu :  D=0x0000000000071968
3605500: system.cpu: T0 : 0x104a8    : c_lw a4, 0(a5)             : MemRead :  D=0x000000000000ed85 A=0x71968
3606500: system.cpu: T0 : 0x104aa    : ld a5, -24(s0)             : MemRead :  D=0x0000000000071960 A=0x7ffffffffffffdb8
3607000: system.cpu: T0 : 0x104ae    : c_addi a5, 20              : IntAlu :  D=0x0000000000071974
3607500: system.cpu: T0 : 0x104b0    : c_lw a5, 0(a5)             : MemRead :  D=0x0000000000000b89 A=0x71974
3608000: system.cpu: T0 : 0x104b2    : c_addw a5, a4              : IntAlu :  D=0x000000000000f90e
3608500: system.cpu: T0 : 0x104b4    : sw a5, -76(s0)             : MemWrite :  D=0x000000000000f90e A=0x7ffffffffffffd84
3609000: system.cpu: T0 : 0x104b8    : ld a5, -24(s0)             : MemRead :  D=0x0000000000071960 A=0x7ffffffffffffdb8
3609500: system.cpu: T0 : 0x104bc    : c_addi a5, 8               : IntAlu :  D=0x0000000000071968
3610000: system.cpu: T0 : 0x104be    : c_lw a4, 0(a5)             : MemRead :  D=0x000000000000ed85 A=0x71968
3610500: system.cpu: T0 : 0x104c0    : ld a5, -24(s0)             : MemRead :  D=0x0000000000071960 A=0x7ffffffffffffdb8
3611000: system.cpu: T0 : 0x104c4    : c_addi a5, 20              : IntAlu :  D=0x0000000000071974
3611500: system.cpu: T0 : 0x104c6    : c_lw a5, 0(a5)             : MemRead :  D=0x0000000000000b89 A=0x71974
3612000: system.cpu: T0 : 0x104c8    : subw a5, a4, a5            : IntAlu :  D=0x000000000000e1fc
3612500: system.cpu: T0 : 0x104cc    : sw a5, -72(s0)             : MemWrite :  D=0x000000000000e1fc A=0x7ffffffffffffd88
3613000: system.cpu: T0 : 0x104d0    : ld a5, -24(s0)             : MemRead :  D=0x0000000000071960 A=0x7ffffffffffffdb8
3613500: system.cpu: T0 : 0x104d4    : c_addi a5, 12              : IntAlu :  D=0x000000000007196c
3614000: system.cpu: T0 : 0x104d6    : c_lw a4, 0(a5)             : MemRead :  D=0x00000000000066e5 A=0x7196c
3614500: system.cpu: T0 : 0x104d8    : ld a5, -24(s0)             : MemRead :  D=0x0000000000071960 A=0x7ffffffffffffdb8
3615000: system.cpu: T0 : 0x104dc    : c_addi a5, 16              : IntAlu :  D=0x0000000000071970
3615500: system.cpu: T0 : 0x104de    : c_lw a5, 0(a5)             : MemRead :  D=0x000000000000757f A=0x71970
3616000: system.cpu: T0 : 0x104e0    : c_addw a5, a4              : IntAlu :  D=0x000000000000dc64
3617000: system.cpu: T0 : 0x104e2    : sw a5, -68(s0)             : MemWrite :  D=0x000000000000dc64 A=0x7ffffffffffffd8c
3618000: system.cpu: T0 : 0x104e6    : ld a5, -24(s0)             : MemRead :  D=0x0000000000071960 A=0x7ffffffffffffdb8
3618500: system.cpu: T0 : 0x104ea    : c_addi a5, 12              : IntAlu :  D=0x000000000007196c
3619000: system.cpu: T0 : 0x104ec    : c_lw a4, 0(a5)             : MemRead :  D=0x00000000000066e5 A=0x7196c
3620000: system.cpu: T0 : 0x104ee    : ld a5, -24(s0)             : MemRead :  D=0x0000000000071960 A=0x7ffffffffffffdb8
3620500: system.cpu: T0 : 0x104f2    : c_addi a5, 16              : IntAlu :  D=0x0000000000071970
3621000: system.cpu: T0 : 0x104f4    : c_lw a5, 0(a5)             : MemRead :  D=0x000000000000757f A=0x71970
3622000: system.cpu: T0 : 0x104f6    : subw a5, a4, a5            : IntAlu :  D=0xfffffffffffff166
3623000: system.cpu: T0 : 0x104fa    : sw a5, -64(s0)             : MemWrite :  D=0x00000000fffff166 A=0x7ffffffffffffd90
3624000: system.cpu: T0 : 0x104fe    : lw a4, -92(s0)             : MemRead :  D=0x0000000000003bba A=0x7ffffffffffffd74
3625000: system.cpu: T0 : 0x10502    : lw a5, -68(s0)             : MemRead :  D=0x000000000000dc64 A=0x7ffffffffffffd8c
3625500: system.cpu: T0 : 0x10506    : c_addw a5, a4              : IntAlu :  D=0x000000000001181e
3626000: system.cpu: T0 : 0x10508    : sw a5, -60(s0)             : MemWrite :  D=0x000000000001181e A=0x7ffffffffffffd94
3626500: system.cpu: T0 : 0x1050c    : lw a4, -92(s0)             : MemRead :  D=0x0000000000003bba A=0x7ffffffffffffd74
3627000: system.cpu: T0 : 0x10510    : lw a5, -68(s0)             : MemRead :  D=0x000000000000dc64 A=0x7ffffffffffffd8c
3627500: system.cpu: T0 : 0x10514    : subw a5, a4, a5            : IntAlu :  D=0xffffffffffff5f56
3628000: system.cpu: T0 : 0x10518    : sw a5, -56(s0)             : MemWrite :  D=0x00000000ffff5f56 A=0x7ffffffffffffd98
3628500: system.cpu: T0 : 0x1051c    : lw a4, -84(s0)             : MemRead :  D=0x0000000000016e02 A=0x7ffffffffffffd7c
3629000: system.cpu: T0 : 0x10520    : lw a5, -76(s0)             : MemRead :  D=0x000000000000f90e A=0x7ffffffffffffd84
3629500: system.cpu: T0 : 0x10524    : c_addw a5, a4              : IntAlu :  D=0x0000000000026710
3630500: system.cpu: T0 : 0x10526    : sw a5, -52(s0)             : MemWrite :  D=0x0000000000026710 A=0x7ffffffffffffd9c
3631500: system.cpu: T0 : 0x1052a    : lw a4, -84(s0)             : MemRead :  D=0x0000000000016e02 A=0x7ffffffffffffd7c
3632500: system.cpu: T0 : 0x1052e    : lw a5, -76(s0)             : MemRead :  D=0x000000000000f90e A=0x7ffffffffffffd84
3633500: system.cpu: T0 : 0x10532    : subw a5, a4, a5            : IntAlu :  D=0x00000000000074f4
3634500: system.cpu: T0 : 0x10536    : sw a5, -48(s0)             : MemWrite :  D=0x00000000000074f4 A=0x7ffffffffffffda0
3635500: system.cpu: T0 : 0x1053a    : lw a4, -60(s0)             : MemRead :  D=0x000000000001181e A=0x7ffffffffffffd94
3636500: system.cpu: T0 : 0x1053e    : lw a5, -52(s0)             : MemRead :  D=0x0000000000026710 A=0x7ffffffffffffd9c
3637000: system.cpu: T0 : 0x10542    : c_addw a5, a4              : IntAlu :  D=0x0000000000037f2e
3637500: system.cpu: T0 : 0x10544    : c_addiw a5, 0              : IntAlu :  D=0x0000000000037f2e
3638500: system.cpu: T0 : 0x10546    : slliw a5, a5, 2            : IntAlu :  D=0x00000000000dfcb8
3639500: system.cpu: T0 : 0x1054a    : addiw a4, a5, 0            : IntAlu :  D=0x00000000000dfcb8
3640500: system.cpu: T0 : 0x1054e    : ld a5, -24(s0)             : MemRead :  D=0x0000000000071960 A=0x7ffffffffffffdb8
3641000: system.cpu: T0 : 0x10552    : c_sw a4, 0(a5)             : MemWrite :  D=0x00000000000dfcb8 A=0x71960
3641500: system.cpu: T0 : 0x10554    : lw a4, -60(s0)             : MemRead :  D=0x000000000001181e A=0x7ffffffffffffd94
3642000: system.cpu: T0 : 0x10558    : lw a5, -52(s0)             : MemRead :  D=0x0000000000026710 A=0x7ffffffffffffd9c
3642500: system.cpu: T0 : 0x1055c    : subw a5, a4, a5            : IntAlu :  D=0xfffffffffffeb10e
3643000: system.cpu: T0 : 0x10560    : addiw a4, a5, 0            : IntAlu :  D=0xfffffffffffeb10e
3643500: system.cpu: T0 : 0x10564    : ld a5, -24(s0)             : MemRead :  D=0x0000000000071960 A=0x7ffffffffffffdb8
3644000: system.cpu: T0 : 0x10568    : c_addi a5, 16              : IntAlu :  D=0x0000000000071970
3645000: system.cpu: T0 : 0x1056a    : slliw a4, a4, 2            : IntAlu :  D=0xfffffffffffac438
3645500: system.cpu: T0 : 0x1056e    : c_addiw a4, 0              : IntAlu :  D=0xfffffffffffac438
3646000: system.cpu: T0 : 0x10570    : c_sw a4, 0(a5)             : MemWrite :  D=0x00000000fffac438 A=0x71970
3647000: system.cpu: T0 : 0x10572    : lw a4, -48(s0)             : MemRead :  D=0x00000000000074f4 A=0x7ffffffffffffda0
3648000: system.cpu: T0 : 0x10576    : lw a5, -56(s0)             : MemRead :  D=0xffffffffffff5f56 A=0x7ffffffffffffd98
3648500: system.cpu: T0 : 0x1057a    : c_addw a5, a4              : IntAlu :  D=0xffffffffffffd44a
3649000: system.cpu: T0 : 0x1057c    : addiw a4, a5, 0            : IntAlu :  D=0xffffffffffffd44a
3649500: system.cpu: T0 : 0x10580    : c_lui a5, 1                : IntAlu :  D=0x0000000000001000
3650500: system.cpu: T0 : 0x10582    : addiw a5, a5, 337          : IntAlu :  D=0x0000000000001151
3651500: system.cpu: T0 : 0x10586    : mulw a5, a4, a5            : IntMult :  D=0xfffffffffd0b156a
3652500: system.cpu: T0 : 0x1058a    : sw a5, -44(s0)             : MemWrite :  D=0x00000000fd0b156a A=0x7ffffffffffffda4
3653500: system.cpu: T0 : 0x1058e    : lw a4, -56(s0)             : MemRead :  D=0xffffffffffff5f56 A=0x7ffffffffffffd98
3654000: system.cpu: T0 : 0x10592    : c_lui a5, 2                : IntAlu :  D=0x0000000000002000
3654500: system.cpu: T0 : 0x10594    : addiw a5, a5, -1922        : IntAlu :  D=0x000000000000187e
3655000: system.cpu: T0 : 0x10598    : mulw a5, a4, a5            : IntMult :  D=0xfffffffff0a0fc54
3655500: system.cpu: T0 : 0x1059c    : c_addiw a5, 0              : IntAlu :  D=0xfffffffff0a0fc54
3656500: system.cpu: T0 : 0x1059e    : lw a4, -44(s0)             : MemRead :  D=0xfffffffffd0b156a A=0x7ffffffffffffda4
3657000: system.cpu: T0 : 0x105a2    : c_addw a5, a4              : IntAlu :  D=0xffffffffedac11be
3657500: system.cpu: T0 : 0x105a4    : c_addiw a5, 0              : IntAlu :  D=0xffffffffedac11be
3658500: system.cpu: T0 : 0x105a6    : addiw a5, a5, 1024         : IntAlu :  D=0xffffffffedac15be
3659500: system.cpu: T0 : 0x105aa    : addiw a4, a5, 0            : IntAlu :  D=0xffffffffedac15be
3660500: system.cpu: T0 : 0x105ae    : ld a5, -24(s0)             : MemRead :  D=0x0000000000071960 A=0x7ffffffffffffdb8
3661000: system.cpu: T0 : 0x105b2    : c_addi a5, 8               : IntAlu :  D=0x0000000000071968
3661500: system.cpu: T0 : 0x105b4    : sraiw a4, a4, 11           : IntAlu :  D=0xfffffffffffdb582
3662000: system.cpu: T0 : 0x105b8    : c_addiw a4, 0              : IntAlu :  D=0xfffffffffffdb582
3662500: system.cpu: T0 : 0x105ba    : c_sw a4, 0(a5)             : MemWrite :  D=0x00000000fffdb582 A=0x71968
3663000: system.cpu: T0 : 0x105bc    : lw a4, -48(s0)             : MemRead :  D=0x00000000000074f4 A=0x7ffffffffffffda0
3663500: system.cpu: T0 : 0x105c0    : c_lui a5, 1048572          : IntAlu :  D=0xffffffffffffc000
3664500: system.cpu: T0 : 0x105c2    : addiw a5, a5, 1247         : IntAlu :  D=0xffffffffffffc4df
3665500: system.cpu: T0 : 0x105c6    : mulw a5, a4, a5            : IntMult :  D=0xffffffffe4fcb08c
3666000: system.cpu: T0 : 0x105ca    : c_addiw a5, 0              : IntAlu :  D=0xffffffffe4fcb08c
3666500: system.cpu: T0 : 0x105cc    : lw a4, -44(s0)             : MemRead :  D=0xfffffffffd0b156a A=0x7ffffffffffffda4
3667000: system.cpu: T0 : 0x105d0    : c_addw a5, a4              : IntAlu :  D=0xffffffffe207c5f6
3667500: system.cpu: T0 : 0x105d2    : c_addiw a5, 0              : IntAlu :  D=0xffffffffe207c5f6
3668000: system.cpu: T0 : 0x105d4    : addiw a5, a5, 1024         : IntAlu :  D=0xffffffffe207c9f6
3668500: system.cpu: T0 : 0x105d8    : addiw a4, a5, 0            : IntAlu :  D=0xffffffffe207c9f6
3669000: system.cpu: T0 : 0x105dc    : ld a5, -24(s0)             : MemRead :  D=0x0000000000071960 A=0x7ffffffffffffdb8
3669500: system.cpu: T0 : 0x105e0    : c_addi a5, 24              : IntAlu :  D=0x0000000000071978
3670500: system.cpu: T0 : 0x105e2    : sraiw a4, a4, 11           : IntAlu :  D=0xfffffffffffc40f9
3671000: system.cpu: T0 : 0x105e6    : c_addiw a4, 0              : IntAlu :  D=0xfffffffffffc40f9
3671500: system.cpu: T0 : 0x105e8    : c_sw a4, 0(a5)             : MemWrite :  D=0x00000000fffc40f9 A=0x71978
3672500: system.cpu: T0 : 0x105ea    : lw a4, -64(s0)             : MemRead :  D=0xfffffffffffff166 A=0x7ffffffffffffd90
3673500: system.cpu: T0 : 0x105ee    : lw a5, -88(s0)             : MemRead :  D=0xffffffffffffc5f2 A=0x7ffffffffffffd78
3674000: system.cpu: T0 : 0x105f2    : c_addw a5, a4              : IntAlu :  D=0xffffffffffffb758
3674500: system.cpu: T0 : 0x105f4    : sw a5, -44(s0)             : MemWrite :  D=0x00000000ffffb758 A=0x7ffffffffffffda4
3675000: system.cpu: T0 : 0x105f8    : lw a4, -72(s0)             : MemRead :  D=0x000000000000e1fc A=0x7ffffffffffffd88
3675500: system.cpu: T0 : 0x105fc    : lw a5, -80(s0)             : MemRead :  D=0xffffffffffff70fc A=0x7ffffffffffffd80
3676000: system.cpu: T0 : 0x10600    : c_addw a5, a4              : IntAlu :  D=0x00000000000052f8
3677000: system.cpu: T0 : 0x10602    : sw a5, -40(s0)             : MemWrite :  D=0x00000000000052f8 A=0x7ffffffffffffda8
3678000: system.cpu: T0 : 0x10606    : lw a4, -64(s0)             : MemRead :  D=0xfffffffffffff166 A=0x7ffffffffffffd90
3679000: system.cpu: T0 : 0x1060a    : lw a5, -80(s0)             : MemRead :  D=0xffffffffffff70fc A=0x7ffffffffffffd80
3679500: system.cpu: T0 : 0x1060e    : c_addw a5, a4              : IntAlu :  D=0xffffffffffff6262
3680000: system.cpu: T0 : 0x10610    : sw a5, -36(s0)             : MemWrite :  D=0x00000000ffff6262 A=0x7ffffffffffffdac
3680500: system.cpu: T0 : 0x10614    : lw a4, -72(s0)             : MemRead :  D=0x000000000000e1fc A=0x7ffffffffffffd88
3681000: system.cpu: T0 : 0x10618    : lw a5, -88(s0)             : MemRead :  D=0xffffffffffffc5f2 A=0x7ffffffffffffd78
3681500: system.cpu: T0 : 0x1061c    : c_addw a5, a4              : IntAlu :  D=0x000000000000a7ee
3682500: system.cpu: T0 : 0x1061e    : sw a5, -32(s0)             : MemWrite :  D=0x000000000000a7ee A=0x7ffffffffffffdb0
3683500: system.cpu: T0 : 0x10622    : lw a4, -36(s0)             : MemRead :  D=0xffffffffffff6262 A=0x7ffffffffffffdac
3684500: system.cpu: T0 : 0x10626    : lw a5, -32(s0)             : MemRead :  D=0x000000000000a7ee A=0x7ffffffffffffdb0
3685000: system.cpu: T0 : 0x1062a    : c_addw a5, a4              : IntAlu :  D=0x0000000000000a50
3685500: system.cpu: T0 : 0x1062c    : addiw a4, a5, 0            : IntAlu :  D=0x0000000000000a50
3686000: system.cpu: T0 : 0x10630    : c_lui a5, 2                : IntAlu :  D=0x0000000000002000
3687000: system.cpu: T0 : 0x10632    : addiw a5, a5, 1441         : IntAlu :  D=0x00000000000025a1
3688000: system.cpu: T0 : 0x10636    : mulw a5, a4, a5            : IntMult :  D=0x0000000001840c50
3689000: system.cpu: T0 : 0x1063a    : sw a5, -28(s0)             : MemWrite :  D=0x0000000001840c50 A=0x7ffffffffffffdb4
3690000: system.cpu: T0 : 0x1063e    : lw a4, -64(s0)             : MemRead :  D=0xfffffffffffff166 A=0x7ffffffffffffd90
3690500: system.cpu: T0 : 0x10642    : c_lui a5, 1                : IntAlu :  D=0x0000000000001000
3691000: system.cpu: T0 : 0x10644    : addiw a5, a5, -1650        : IntAlu :  D=0x000000000000098e
3691500: system.cpu: T0 : 0x10648    : mulw a5, a4, a5            : IntMult :  D=0xffffffffff747c94
3692000: system.cpu: T0 : 0x1064c    : sw a5, -64(s0)             : MemWrite :  D=0x00000000ff747c94 A=0x7ffffffffffffd90
3692500: system.cpu: T0 : 0x10650    : lw a4, -72(s0)             : MemRead :  D=0x000000000000e1fc A=0x7ffffffffffffd88
3693000: system.cpu: T0 : 0x10654    : c_lui a5, 4                : IntAlu :  D=0x0000000000004000
3694000: system.cpu: T0 : 0x10656    : addiw a5, a5, 435          : IntAlu :  D=0x00000000000041b3
3695000: system.cpu: T0 : 0x1065a    : mulw a5, a4, a5            : IntMult :  D=0x0000000039feff34
3696000: system.cpu: T0 : 0x1065e    : sw a5, -72(s0)             : MemWrite :  D=0x0000000039feff34 A=0x7ffffffffffffd88
3697000: system.cpu: T0 : 0x10662    : lw a4, -80(s0)             : MemRead :  D=0xffffffffffff70fc A=0x7ffffffffffffd80
3697500: system.cpu: T0 : 0x10666    : c_lui a5, 6                : IntAlu :  D=0x0000000000006000
3698000: system.cpu: T0 : 0x10668    : addiw a5, a5, 596          : IntAlu :  D=0x0000000000006254
3698500: system.cpu: T0 : 0x1066c    : mulw a5, a4, a5            : IntMult :  D=0xffffffffc9118ab0
3699000: system.cpu: T0 : 0x10670    : sw a5, -80(s0)             : MemWrite :  D=0x00000000c9118ab0 A=0x7ffffffffffffd80
3699500: system.cpu: T0 : 0x10674    : lw a4, -88(s0)             : MemRead :  D=0xffffffffffffc5f2 A=0x7ffffffffffffd78
3700000: system.cpu: T0 : 0x10678    : c_lui a5, 3                : IntAlu :  D=0x0000000000003000
3700500: system.cpu: T0 : 0x1067a    : c_addiw a5, 11             : IntAlu :  D=0x000000000000300b
3701000: system.cpu: T0 : 0x1067c    : mulw a5, a4, a5            : IntMult :  D=0xfffffffff51ae166
3701500: system.cpu: T0 : 0x10680    : sw a5, -88(s0)             : MemWrite :  D=0x00000000f51ae166 A=0x7ffffffffffffd78
3702000: system.cpu: T0 : 0x10684    : lw a4, -44(s0)             : MemRead :  D=0xffffffffffffb758 A=0x7ffffffffffffda4
3702500: system.cpu: T0 : 0x10688    : c_lui a5, 1048574          : IntAlu :  D=0xffffffffffffe000
3703500: system.cpu: T0 : 0x1068a    : addiw a5, a5, 819          : IntAlu :  D=0xffffffffffffe333
3704500: system.cpu: T0 : 0x1068e    : mulw a5, a4, a5            : IntMult :  D=0x00000000082c8e88
3705500: system.cpu: T0 : 0x10692    : sw a5, -44(s0)             : MemWrite :  D=0x00000000082c8e88 A=0x7ffffffffffffda4
3706500: system.cpu: T0 : 0x10696    : lw a4, -40(s0)             : MemRead :  D=0x00000000000052f8 A=0x7ffffffffffffda8
3707000: system.cpu: T0 : 0x1069a    : c_lui a5, 1048571          : IntAlu :  D=0xffffffffffffb000
3707500: system.cpu: T0 : 0x1069c    : addiw a5, a5, -515         : IntAlu :  D=0xffffffffffffadfd
3708000: system.cpu: T0 : 0x106a0    : mulw a5, a4, a5            : IntMult :  D=0xffffffffe56b9718
3708500: system.cpu: T0 : 0x106a4    : sw a5, -40(s0)             : MemWrite :  D=0x00000000e56b9718 A=0x7ffffffffffffda8
3709000: system.cpu: T0 : 0x106a8    : lw a4, -36(s0)             : MemRead :  D=0xffffffffffff6262 A=0x7ffffffffffffdac
3709500: system.cpu: T0 : 0x106ac    : c_lui a5, 1048572          : IntAlu :  D=0xffffffffffffc000
3710500: system.cpu: T0 : 0x106ae    : addiw a5, a5, 315          : IntAlu :  D=0xffffffffffffc13b
3711500: system.cpu: T0 : 0x106b2    : mulw a5, a4, a5            : IntMult :  D=0x0000000026a58e96
3712500: system.cpu: T0 : 0x106b6    : sw a5, -36(s0)             : MemWrite :  D=0x0000000026a58e96 A=0x7ffffffffffffdac
3713500: system.cpu: T0 : 0x106ba    : lw a4, -32(s0)             : MemRead :  D=0x000000000000a7ee A=0x7ffffffffffffdb0
3714000: system.cpu: T0 : 0x106be    : c_lui a5, 1048575          : IntAlu :  D=0xfffffffffffff000
3714500: system.cpu: T0 : 0x106c0    : addiw a5, a5, 900          : IntAlu :  D=0xfffffffffffff384
3715000: system.cpu: T0 : 0x106c4    : mulw a5, a4, a5            : IntMult :  D=0xfffffffff7cf80b8
3715500: system.cpu: T0 : 0x106c8    : sw a5, -32(s0)             : MemWrite :  D=0x00000000f7cf80b8 A=0x7ffffffffffffdb0
3716000: system.cpu: T0 : 0x106cc    : lw a4, -36(s0)             : MemRead :  D=0x0000000026a58e96 A=0x7ffffffffffffdac
3716500: system.cpu: T0 : 0x106d0    : lw a5, -28(s0)             : MemRead :  D=0x0000000001840c50 A=0x7ffffffffffffdb4
3717000: system.cpu: T0 : 0x106d4    : c_addw a5, a4              : IntAlu :  D=0x0000000028299ae6
3718000: system.cpu: T0 : 0x106d6    : sw a5, -36(s0)             : MemWrite :  D=0x0000000028299ae6 A=0x7ffffffffffffdac
3719000: system.cpu: T0 : 0x106da    : lw a4, -32(s0)             : MemRead :  D=0xfffffffff7cf80b8 A=0x7ffffffffffffdb0
3720000: system.cpu: T0 : 0x106de    : lw a5, -28(s0)             : MemRead :  D=0x0000000001840c50 A=0x7ffffffffffffdb4
3720500: system.cpu: T0 : 0x106e2    : c_addw a5, a4              : IntAlu :  D=0xfffffffff9538d08
3721000: system.cpu: T0 : 0x106e4    : sw a5, -32(s0)             : MemWrite :  D=0x00000000f9538d08 A=0x7ffffffffffffdb0
3721500: system.cpu: T0 : 0x106e8    : lw a4, -64(s0)             : MemRead :  D=0xffffffffff747c94 A=0x7ffffffffffffd90
3722000: system.cpu: T0 : 0x106ec    : lw a5, -44(s0)             : MemRead :  D=0x00000000082c8e88 A=0x7ffffffffffffda4
3722500: system.cpu: T0 : 0x106f0    : c_addw a5, a4              : IntAlu :  D=0x0000000007a10b1c
3723000: system.cpu: T0 : 0x106f2    : c_addiw a5, 0              : IntAlu :  D=0x0000000007a10b1c
3723500: system.cpu: T0 : 0x106f4    : lw a4, -36(s0)             : MemRead :  D=0x0000000028299ae6 A=0x7ffffffffffffdac
3724000: system.cpu: T0 : 0x106f8    : c_addw a5, a4              : IntAlu :  D=0x000000002fcaa602
3724500: system.cpu: T0 : 0x106fa    : c_addiw a5, 0              : IntAlu :  D=0x000000002fcaa602
3725000: system.cpu: T0 : 0x106fc    : addiw a5, a5, 1024         : IntAlu :  D=0x000000002fcaaa02
3725500: system.cpu: T0 : 0x10700    : addiw a4, a5, 0            : IntAlu :  D=0x000000002fcaaa02
3726000: system.cpu: T0 : 0x10704    : ld a5, -24(s0)             : MemRead :  D=0x0000000000071960 A=0x7ffffffffffffdb8
3726500: system.cpu: T0 : 0x10708    : c_addi a5, 28              : IntAlu :  D=0x000000000007197c
3727500: system.cpu: T0 : 0x1070a    : sraiw a4, a4, 11           : IntAlu :  D=0x000000000005f955
3728000: system.cpu: T0 : 0x1070e    : c_addiw a4, 0              : IntAlu :  D=0x000000000005f955
3728500: system.cpu: T0 : 0x10710    : c_sw a4, 0(a5)             : MemWrite :  D=0x000000000005f955 A=0x7197c
3729500: system.cpu: T0 : 0x10712    : lw a4, -72(s0)             : MemRead :  D=0x0000000039feff34 A=0x7ffffffffffffd88
3730500: system.cpu: T0 : 0x10716    : lw a5, -40(s0)             : MemRead :  D=0xffffffffe56b9718 A=0x7ffffffffffffda8
3731000: system.cpu: T0 : 0x1071a    : c_addw a5, a4              : IntAlu :  D=0x000000001f6a964c
3731500: system.cpu: T0 : 0x1071c    : c_addiw a5, 0              : IntAlu :  D=0x000000001f6a964c
3732500: system.cpu: T0 : 0x1071e    : lw a4, -32(s0)             : MemRead :  D=0xfffffffff9538d08 A=0x7ffffffffffffdb0
3733000: system.cpu: T0 : 0x10722    : c_addw a5, a4              : IntAlu :  D=0x0000000018be2354
3733500: system.cpu: T0 : 0x10724    : c_addiw a5, 0              : IntAlu :  D=0x0000000018be2354
3734500: system.cpu: T0 : 0x10726    : addiw a5, a5, 1024         : IntAlu :  D=0x0000000018be2754
3735500: system.cpu: T0 : 0x1072a    : addiw a4, a5, 0            : IntAlu :  D=0x0000000018be2754
3736500: system.cpu: T0 : 0x1072e    : ld a5, -24(s0)             : MemRead :  D=0x0000000000071960 A=0x7ffffffffffffdb8
3737000: system.cpu: T0 : 0x10732    : c_addi a5, 20              : IntAlu :  D=0x0000000000071974
3737500: system.cpu: T0 : 0x10734    : sraiw a4, a4, 11           : IntAlu :  D=0x00000000000317c4
3738000: system.cpu: T0 : 0x10738    : c_addiw a4, 0              : IntAlu :  D=0x00000000000317c4
3738500: system.cpu: T0 : 0x1073a    : c_sw a4, 0(a5)             : MemWrite :  D=0x00000000000317c4 A=0x71974
3739000: system.cpu: T0 : 0x1073c    : lw a4, -80(s0)             : MemRead :  D=0xffffffffc9118ab0 A=0x7ffffffffffffd80
3739500: system.cpu: T0 : 0x10740    : lw a5, -40(s0)             : MemRead :  D=0xffffffffe56b9718 A=0x7ffffffffffffda8
3740000: system.cpu: T0 : 0x10744    : c_addw a5, a4              : IntAlu :  D=0xffffffffae7d21c8
3740500: system.cpu: T0 : 0x10746    : c_addiw a5, 0              : IntAlu :  D=0xffffffffae7d21c8
3741000: system.cpu: T0 : 0x10748    : lw a4, -36(s0)             : MemRead :  D=0x0000000028299ae6 A=0x7ffffffffffffdac
3741500: system.cpu: T0 : 0x1074c    : c_addw a5, a4              : IntAlu :  D=0xffffffffd6a6bcae
3742000: system.cpu: T0 : 0x1074e    : c_addiw a5, 0              : IntAlu :  D=0xffffffffd6a6bcae
3742500: system.cpu: T0 : 0x10750    : addiw a5, a5, 1024         : IntAlu :  D=0xffffffffd6a6c0ae
3743000: system.cpu: T0 : 0x10754    : addiw a4, a5, 0            : IntAlu :  D=0xffffffffd6a6c0ae
3743500: system.cpu: T0 : 0x10758    : ld a5, -24(s0)             : MemRead :  D=0x0000000000071960 A=0x7ffffffffffffdb8
3744000: system.cpu: T0 : 0x1075c    : c_addi a5, 12              : IntAlu :  D=0x000000000007196c
3745000: system.cpu: T0 : 0x1075e    : sraiw a4, a4, 11           : IntAlu :  D=0xfffffffffffad4d8
3745500: system.cpu: T0 : 0x10762    : c_addiw a4, 0              : IntAlu :  D=0xfffffffffffad4d8
3746000: system.cpu: T0 : 0x10764    : c_sw a4, 0(a5)             : MemWrite :  D=0x00000000fffad4d8 A=0x7196c
3747000: system.cpu: T0 : 0x10766    : lw a4, -88(s0)             : MemRead :  D=0xfffffffff51ae166 A=0x7ffffffffffffd78
3748000: system.cpu: T0 : 0x1076a    : lw a5, -44(s0)             : MemRead :  D=0x00000000082c8e88 A=0x7ffffffffffffda4
3748500: system.cpu: T0 : 0x1076e    : c_addw a5, a4              : IntAlu :  D=0xfffffffffd476fee
3749000: system.cpu: T0 : 0x10770    : c_addiw a5, 0              : IntAlu :  D=0xfffffffffd476fee
3750000: system.cpu: T0 : 0x10772    : lw a4, -32(s0)             : MemRead :  D=0xfffffffff9538d08 A=0x7ffffffffffffdb0
3750500: system.cpu: T0 : 0x10776    : c_addw a5, a4              : IntAlu :  D=0xfffffffff69afcf6
3751000: system.cpu: T0 : 0x10778    : c_addiw a5, 0              : IntAlu :  D=0xfffffffff69afcf6
3752000: system.cpu: T0 : 0x1077a    : addiw a5, a5, 1024         : IntAlu :  D=0xfffffffff69b00f6
3753000: system.cpu: T0 : 0x1077e    : addiw a4, a5, 0            : IntAlu :  D=0xfffffffff69b00f6
3754000: system.cpu: T0 : 0x10782    : ld a5, -24(s0)             : MemRead :  D=0x0000000000071960 A=0x7ffffffffffffdb8
3754500: system.cpu: T0 : 0x10786    : c_addi a5, 4               : IntAlu :  D=0x0000000000071964
3755000: system.cpu: T0 : 0x10788    : sraiw a4, a4, 11           : IntAlu :  D=0xfffffffffffed360
3755500: system.cpu: T0 : 0x1078c    : c_addiw a4, 0              : IntAlu :  D=0xfffffffffffed360
3756000: system.cpu: T0 : 0x1078e    : c_sw a4, 0(a5)             : MemWrite :  D=0x00000000fffed360 A=0x71964
3756500: system.cpu: T0 : 0x10790    : ld a5, -24(s0)             : MemRead :  D=0x0000000000071960 A=0x7ffffffffffffdb8
3757000: system.cpu: T0 : 0x10794    : addi a5, a5, 32            : IntAlu :  D=0x0000000000071980
3757500: system.cpu: T0 : 0x10798    : sd a5, -24(s0)             : MemWrite :  D=0x0000000000071980 A=0x7ffffffffffffdb8
3758000: system.cpu: T0 : 0x1079c    : lw a5, -96(s0)             : MemRead :  D=0x0000000000000007 A=0x7ffffffffffffd70
3758500: system.cpu: T0 : 0x107a0    : c_addiw a5, -1             : IntAlu :  D=0x0000000000000006
3759500: system.cpu: T0 : 0x107a2    : sw a5, -96(s0)             : MemWrite :  D=0x0000000000000006 A=0x7ffffffffffffd70
3760500: system.cpu: T0 : 0x107a6    : lw a5, -96(s0)             : MemRead :  D=0x0000000000000006 A=0x7ffffffffffffd70
3761000: system.cpu: T0 : 0x107aa    : c_addiw a5, 0              : IntAlu :  D=0x0000000000000006
3761500: system.cpu: T0 : 0x107ac    : bge a5, zero, -866         : IntAlu : 
3762500: system.cpu: T0 : 0x1044a    : ld a5, -24(s0)             : MemRead :  D=0x0000000000071980 A=0x7ffffffffffffdb8
3763000: system.cpu: T0 : 0x1044e    : c_lw a4, 0(a5)             : MemRead :  D=0x00000000000098e3 A=0x71980
3763500: system.cpu: T0 : 0x10450    : ld a5, -24(s0)             : MemRead :  D=0x0000000000071980 A=0x7ffffffffffffdb8
3764000: system.cpu: T0 : 0x10454    : c_addi a5, 28              : IntAlu :  D=0x000000000007199c
3764500: system.cpu: T0 : 0x10456    : c_lw a5, 0(a5)             : MemRead :  D=0x0000000000008a76 A=0x7199c
3765000: system.cpu: T0 : 0x10458    : c_addw a5, a4              : IntAlu :  D=0x0000000000012359
3766000: system.cpu: T0 : 0x1045a    : sw a5, -92(s0)             : MemWrite :  D=0x0000000000012359 A=0x7ffffffffffffd74
3767000: system.cpu: T0 : 0x1045e    : ld a5, -24(s0)             : MemRead :  D=0x0000000000071980 A=0x7ffffffffffffdb8
3767500: system.cpu: T0 : 0x10462    : c_lw a4, 0(a5)             : MemRead :  D=0x00000000000098e3 A=0x71980
3768000: system.cpu: T0 : 0x10464    : ld a5, -24(s0)             : MemRead :  D=0x0000000000071980 A=0x7ffffffffffffdb8
3768500: system.cpu: T0 : 0x10468    : c_addi a5, 28              : IntAlu :  D=0x000000000007199c
3769000: system.cpu: T0 : 0x1046a    : c_lw a5, 0(a5)             : MemRead :  D=0x0000000000008a76 A=0x7199c
3769500: system.cpu: T0 : 0x1046c    : subw a5, a4, a5            : IntAlu :  D=0x0000000000000e6d
3770000: system.cpu: T0 : 0x10470    : sw a5, -88(s0)             : MemWrite :  D=0x0000000000000e6d A=0x7ffffffffffffd78
3770500: system.cpu: T0 : 0x10474    : ld a5, -24(s0)             : MemRead :  D=0x0000000000071980 A=0x7ffffffffffffdb8
3771000: system.cpu: T0 : 0x10478    : c_addi a5, 4               : IntAlu :  D=0x0000000000071984
3771500: system.cpu: T0 : 0x1047a    : c_lw a4, 0(a5)             : MemRead :  D=0x0000000000006e8f A=0x71984
3772000: system.cpu: T0 : 0x1047c    : ld a5, -24(s0)             : MemRead :  D=0x0000000000071980 A=0x7ffffffffffffdb8
3772500: system.cpu: T0 : 0x10480    : c_addi a5, 24              : IntAlu :  D=0x0000000000071998
3773000: system.cpu: T0 : 0x10482    : c_lw a5, 0(a5)             : MemRead :  D=0x0000000000003502 A=0x71998
3773500: system.cpu: T0 : 0x10484    : c_addw a5, a4              : IntAlu :  D=0x000000000000a391
3774500: system.cpu: T0 : 0x10486    : sw a5, -84(s0)             : MemWrite :  D=0x000000000000a391 A=0x7ffffffffffffd7c
3775500: system.cpu: T0 : 0x1048a    : ld a5, -24(s0)             : MemRead :  D=0x0000000000071980 A=0x7ffffffffffffdb8
3776000: system.cpu: T0 : 0x1048e    : c_addi a5, 4               : IntAlu :  D=0x0000000000071984
3776500: system.cpu: T0 : 0x10490    : c_lw a4, 0(a5)             : MemRead :  D=0x0000000000006e8f A=0x71984
3777500: system.cpu: T0 : 0x10492    : ld a5, -24(s0)             : MemRead :  D=0x0000000000071980 A=0x7ffffffffffffdb8
3778000: system.cpu: T0 : 0x10496    : c_addi a5, 24              : IntAlu :  D=0x0000000000071998
3778500: system.cpu: T0 : 0x10498    : c_lw a5, 0(a5)             : MemRead :  D=0x0000000000003502 A=0x71998
3779500: system.cpu: T0 : 0x1049a    : subw a5, a4, a5            : IntAlu :  D=0x000000000000398d
3780500: system.cpu: T0 : 0x1049e    : sw a5, -80(s0)             : MemWrite :  D=0x000000000000398d A=0x7ffffffffffffd80
3781500: system.cpu: T0 : 0x104a2    : ld a5, -24(s0)             : MemRead :  D=0x0000000000071980 A=0x7ffffffffffffdb8
3782000: system.cpu: T0 : 0x104a6    : c_addi a5, 8               : IntAlu :  D=0x0000000000071988
3782500: system.cpu: T0 : 0x104a8    : c_lw a4, 0(a5)             : MemRead :  D=0x00000000000070d5 A=0x71988
3783500: system.cpu: T0 : 0x104aa    : ld a5, -24(s0)             : MemRead :  D=0x0000000000071980 A=0x7ffffffffffffdb8
3784000: system.cpu: T0 : 0x104ae    : c_addi a5, 20              : IntAlu :  D=0x0000000000071994
3784500: system.cpu: T0 : 0x104b0    : c_lw a5, 0(a5)             : MemRead :  D=0x000000000000e572 A=0x71994
3785000: system.cpu: T0 : 0x104b2    : c_addw a5, a4              : IntAlu :  D=0x0000000000015647
3785500: system.cpu: T0 : 0x104b4    : sw a5, -76(s0)             : MemWrite :  D=0x0000000000015647 A=0x7ffffffffffffd84
3786000: system.cpu: T0 : 0x104b8    : ld a5, -24(s0)             : MemRead :  D=0x0000000000071980 A=0x7ffffffffffffdb8
3786500: system.cpu: T0 : 0x104bc    : c_addi a5, 8               : IntAlu :  D=0x0000000000071988
3787000: system.cpu: T0 : 0x104be    : c_lw a4, 0(a5)             : MemRead :  D=0x00000000000070d5 A=0x71988
3787500: system.cpu: T0 : 0x104c0    : ld a5, -24(s0)             : MemRead :  D=0x0000000000071980 A=0x7ffffffffffffdb8
3788000: system.cpu: T0 : 0x104c4    : c_addi a5, 20              : IntAlu :  D=0x0000000000071994
3788500: system.cpu: T0 : 0x104c6    : c_lw a5, 0(a5)             : MemRead :  D=0x000000000000e572 A=0x71994
3789000: system.cpu: T0 : 0x104c8    : subw a5, a4, a5            : IntAlu :  D=0xffffffffffff8b63
3789500: system.cpu: T0 : 0x104cc    : sw a5, -72(s0)             : MemWrite :  D=0x00000000ffff8b63 A=0x7ffffffffffffd88
3790000: system.cpu: T0 : 0x104d0    : ld a5, -24(s0)             : MemRead :  D=0x0000000000071980 A=0x7ffffffffffffdb8
3790500: system.cpu: T0 : 0x104d4    : c_addi a5, 12              : IntAlu :  D=0x000000000007198c
3791000: system.cpu: T0 : 0x104d6    : c_lw a4, 0(a5)             : MemRead :  D=0x0000000000009f34 A=0x7198c
3791500: system.cpu: T0 : 0x104d8    : ld a5, -24(s0)             : MemRead :  D=0x0000000000071980 A=0x7ffffffffffffdb8
3792000: system.cpu: T0 : 0x104dc    : c_addi a5, 16              : IntAlu :  D=0x0000000000071990
3792500: system.cpu: T0 : 0x104de    : c_lw a5, 0(a5)             : MemRead :  D=0x000000000000b6a7 A=0x71990
3793000: system.cpu: T0 : 0x104e0    : c_addw a5, a4              : IntAlu :  D=0x00000000000155db
3794000: system.cpu: T0 : 0x104e2    : sw a5, -68(s0)             : MemWrite :  D=0x00000000000155db A=0x7ffffffffffffd8c
3795000: system.cpu: T0 : 0x104e6    : ld a5, -24(s0)             : MemRead :  D=0x0000000000071980 A=0x7ffffffffffffdb8
3795500: system.cpu: T0 : 0x104ea    : c_addi a5, 12              : IntAlu :  D=0x000000000007198c
3796000: system.cpu: T0 : 0x104ec    : c_lw a4, 0(a5)             : MemRead :  D=0x0000000000009f34 A=0x7198c
3797000: system.cpu: T0 : 0x104ee    : ld a5, -24(s0)             : MemRead :  D=0x0000000000071980 A=0x7ffffffffffffdb8
3797500: system.cpu: T0 : 0x104f2    : c_addi a5, 16              : IntAlu :  D=0x0000000000071990
3798000: system.cpu: T0 : 0x104f4    : c_lw a5, 0(a5)             : MemRead :  D=0x000000000000b6a7 A=0x71990
3799000: system.cpu: T0 : 0x104f6    : subw a5, a4, a5            : IntAlu :  D=0xffffffffffffe88d
3800000: system.cpu: T0 : 0x104fa    : sw a5, -64(s0)             : MemWrite :  D=0x00000000ffffe88d A=0x7ffffffffffffd90
3801000: system.cpu: T0 : 0x104fe    : lw a4, -92(s0)             : MemRead :  D=0x0000000000012359 A=0x7ffffffffffffd74
3802000: system.cpu: T0 : 0x10502    : lw a5, -68(s0)             : MemRead :  D=0x00000000000155db A=0x7ffffffffffffd8c
3802500: system.cpu: T0 : 0x10506    : c_addw a5, a4              : IntAlu :  D=0x0000000000027934
3803000: system.cpu: T0 : 0x10508    : sw a5, -60(s0)             : MemWrite :  D=0x0000000000027934 A=0x7ffffffffffffd94
3803500: system.cpu: T0 : 0x1050c    : lw a4, -92(s0)             : MemRead :  D=0x0000000000012359 A=0x7ffffffffffffd74
3804000: system.cpu: T0 : 0x10510    : lw a5, -68(s0)             : MemRead :  D=0x00000000000155db A=0x7ffffffffffffd8c
3804500: system.cpu: T0 : 0x10514    : subw a5, a4, a5            : IntAlu :  D=0xffffffffffffcd7e
3805000: system.cpu: T0 : 0x10518    : sw a5, -56(s0)             : MemWrite :  D=0x00000000ffffcd7e A=0x7ffffffffffffd98
3805500: system.cpu: T0 : 0x1051c    : lw a4, -84(s0)             : MemRead :  D=0x000000000000a391 A=0x7ffffffffffffd7c
3806000: system.cpu: T0 : 0x10520    : lw a5, -76(s0)             : MemRead :  D=0x0000000000015647 A=0x7ffffffffffffd84
3806500: system.cpu: T0 : 0x10524    : c_addw a5, a4              : IntAlu :  D=0x000000000001f9d8
3807500: system.cpu: T0 : 0x10526    : sw a5, -52(s0)             : MemWrite :  D=0x000000000001f9d8 A=0x7ffffffffffffd9c
3808500: system.cpu: T0 : 0x1052a    : lw a4, -84(s0)             : MemRead :  D=0x000000000000a391 A=0x7ffffffffffffd7c
3809500: system.cpu: T0 : 0x1052e    : lw a5, -76(s0)             : MemRead :  D=0x0000000000015647 A=0x7ffffffffffffd84
3810500: system.cpu: T0 : 0x10532    : subw a5, a4, a5            : IntAlu :  D=0xffffffffffff4d4a
3811500: system.cpu: T0 : 0x10536    : sw a5, -48(s0)             : MemWrite :  D=0x00000000ffff4d4a A=0x7ffffffffffffda0
3812500: system.cpu: T0 : 0x1053a    : lw a4, -60(s0)             : MemRead :  D=0x0000000000027934 A=0x7ffffffffffffd94
3813500: system.cpu: T0 : 0x1053e    : lw a5, -52(s0)             : MemRead :  D=0x000000000001f9d8 A=0x7ffffffffffffd9c
3814000: system.cpu: T0 : 0x10542    : c_addw a5, a4              : IntAlu :  D=0x000000000004730c
3814500: system.cpu: T0 : 0x10544    : c_addiw a5, 0              : IntAlu :  D=0x000000000004730c
3815500: system.cpu: T0 : 0x10546    : slliw a5, a5, 2            : IntAlu :  D=0x000000000011cc30
3816500: system.cpu: T0 : 0x1054a    : addiw a4, a5, 0            : IntAlu :  D=0x000000000011cc30
3817500: system.cpu: T0 : 0x1054e    : ld a5, -24(s0)             : MemRead :  D=0x0000000000071980 A=0x7ffffffffffffdb8
3818000: system.cpu: T0 : 0x10552    : c_sw a4, 0(a5)             : MemWrite :  D=0x000000000011cc30 A=0x71980
3818500: system.cpu: T0 : 0x10554    : lw a4, -60(s0)             : MemRead :  D=0x0000000000027934 A=0x7ffffffffffffd94
3819000: system.cpu: T0 : 0x10558    : lw a5, -52(s0)             : MemRead :  D=0x000000000001f9d8 A=0x7ffffffffffffd9c
3819500: system.cpu: T0 : 0x1055c    : subw a5, a4, a5            : IntAlu :  D=0x0000000000007f5c
3820000: system.cpu: T0 : 0x10560    : addiw a4, a5, 0            : IntAlu :  D=0x0000000000007f5c
3820500: system.cpu: T0 : 0x10564    : ld a5, -24(s0)             : MemRead :  D=0x0000000000071980 A=0x7ffffffffffffdb8
3821000: system.cpu: T0 : 0x10568    : c_addi a5, 16              : IntAlu :  D=0x0000000000071990
3822000: system.cpu: T0 : 0x1056a    : slliw a4, a4, 2            : IntAlu :  D=0x000000000001fd70
3822500: system.cpu: T0 : 0x1056e    : c_addiw a4, 0              : IntAlu :  D=0x000000000001fd70
3823000: system.cpu: T0 : 0x10570    : c_sw a4, 0(a5)             : MemWrite :  D=0x000000000001fd70 A=0x71990
3824000: system.cpu: T0 : 0x10572    : lw a4, -48(s0)             : MemRead :  D=0xffffffffffff4d4a A=0x7ffffffffffffda0
3825000: system.cpu: T0 : 0x10576    : lw a5, -56(s0)             : MemRead :  D=0xffffffffffffcd7e A=0x7ffffffffffffd98
3825500: system.cpu: T0 : 0x1057a    : c_addw a5, a4              : IntAlu :  D=0xffffffffffff1ac8
3826000: system.cpu: T0 : 0x1057c    : addiw a4, a5, 0            : IntAlu :  D=0xffffffffffff1ac8
3826500: system.cpu: T0 : 0x10580    : c_lui a5, 1                : IntAlu :  D=0x0000000000001000
3827500: system.cpu: T0 : 0x10582    : addiw a5, a5, 337          : IntAlu :  D=0x0000000000001151
3828500: system.cpu: T0 : 0x10586    : mulw a5, a4, a5            : IntMult :  D=0xfffffffff07ec148
3829500: system.cpu: T0 : 0x1058a    : sw a5, -44(s0)             : MemWrite :  D=0x00000000f07ec148 A=0x7ffffffffffffda4
3830500: system.cpu: T0 : 0x1058e    : lw a4, -56(s0)             : MemRead :  D=0xffffffffffffcd7e A=0x7ffffffffffffd98
3831000: system.cpu: T0 : 0x10592    : c_lui a5, 2                : IntAlu :  D=0x0000000000002000
3831500: system.cpu: T0 : 0x10594    : addiw a5, a5, -1922        : IntAlu :  D=0x000000000000187e
3832000: system.cpu: T0 : 0x10598    : mulw a5, a4, a5            : IntMult :  D=0xfffffffffb2af404
3832500: system.cpu: T0 : 0x1059c    : c_addiw a5, 0              : IntAlu :  D=0xfffffffffb2af404
3833500: system.cpu: T0 : 0x1059e    : lw a4, -44(s0)             : MemRead :  D=0xfffffffff07ec148 A=0x7ffffffffffffda4
3834000: system.cpu: T0 : 0x105a2    : c_addw a5, a4              : IntAlu :  D=0xffffffffeba9b54c
3834500: system.cpu: T0 : 0x105a4    : c_addiw a5, 0              : IntAlu :  D=0xffffffffeba9b54c
3835500: system.cpu: T0 : 0x105a6    : addiw a5, a5, 1024         : IntAlu :  D=0xffffffffeba9b94c
3836500: system.cpu: T0 : 0x105aa    : addiw a4, a5, 0            : IntAlu :  D=0xffffffffeba9b94c
3837500: system.cpu: T0 : 0x105ae    : ld a5, -24(s0)             : MemRead :  D=0x0000000000071980 A=0x7ffffffffffffdb8
3838000: system.cpu: T0 : 0x105b2    : c_addi a5, 8               : IntAlu :  D=0x0000000000071988
3838500: system.cpu: T0 : 0x105b4    : sraiw a4, a4, 11           : IntAlu :  D=0xfffffffffffd7537
3839000: system.cpu: T0 : 0x105b8    : c_addiw a4, 0              : IntAlu :  D=0xfffffffffffd7537
3839500: system.cpu: T0 : 0x105ba    : c_sw a4, 0(a5)             : MemWrite :  D=0x00000000fffd7537 A=0x71988
3840000: system.cpu: T0 : 0x105bc    : lw a4, -48(s0)             : MemRead :  D=0xffffffffffff4d4a A=0x7ffffffffffffda0
3840500: system.cpu: T0 : 0x105c0    : c_lui a5, 1048572          : IntAlu :  D=0xffffffffffffc000
3841500: system.cpu: T0 : 0x105c2    : addiw a5, a5, 1247         : IntAlu :  D=0xffffffffffffc4df
3842500: system.cpu: T0 : 0x105c6    : mulw a5, a4, a5            : IntMult :  D=0x000000002946fb76
3843000: system.cpu: T0 : 0x105ca    : c_addiw a5, 0              : IntAlu :  D=0x000000002946fb76
3843500: system.cpu: T0 : 0x105cc    : lw a4, -44(s0)             : MemRead :  D=0xfffffffff07ec148 A=0x7ffffffffffffda4
3844000: system.cpu: T0 : 0x105d0    : c_addw a5, a4              : IntAlu :  D=0x0000000019c5bcbe
3844500: system.cpu: T0 : 0x105d2    : c_addiw a5, 0              : IntAlu :  D=0x0000000019c5bcbe
3845000: system.cpu: T0 : 0x105d4    : addiw a5, a5, 1024         : IntAlu :  D=0x0000000019c5c0be
3845500: system.cpu: T0 : 0x105d8    : addiw a4, a5, 0            : IntAlu :  D=0x0000000019c5c0be
3846000: system.cpu: T0 : 0x105dc    : ld a5, -24(s0)             : MemRead :  D=0x0000000000071980 A=0x7ffffffffffffdb8
3846500: system.cpu: T0 : 0x105e0    : c_addi a5, 24              : IntAlu :  D=0x0000000000071998
3847500: system.cpu: T0 : 0x105e2    : sraiw a4, a4, 11           : IntAlu :  D=0x00000000000338b8
3848000: system.cpu: T0 : 0x105e6    : c_addiw a4, 0              : IntAlu :  D=0x00000000000338b8
3848500: system.cpu: T0 : 0x105e8    : c_sw a4, 0(a5)             : MemWrite :  D=0x00000000000338b8 A=0x71998
3849500: system.cpu: T0 : 0x105ea    : lw a4, -64(s0)             : MemRead :  D=0xffffffffffffe88d A=0x7ffffffffffffd90
3850500: system.cpu: T0 : 0x105ee    : lw a5, -88(s0)             : MemRead :  D=0x0000000000000e6d A=0x7ffffffffffffd78
3851000: system.cpu: T0 : 0x105f2    : c_addw a5, a4              : IntAlu :  D=0xfffffffffffff6fa
3851500: system.cpu: T0 : 0x105f4    : sw a5, -44(s0)             : MemWrite :  D=0x00000000fffff6fa A=0x7ffffffffffffda4
3852000: system.cpu: T0 : 0x105f8    : lw a4, -72(s0)             : MemRead :  D=0xffffffffffff8b63 A=0x7ffffffffffffd88
3852500: system.cpu: T0 : 0x105fc    : lw a5, -80(s0)             : MemRead :  D=0x000000000000398d A=0x7ffffffffffffd80
3853000: system.cpu: T0 : 0x10600    : c_addw a5, a4              : IntAlu :  D=0xffffffffffffc4f0
3854000: system.cpu: T0 : 0x10602    : sw a5, -40(s0)             : MemWrite :  D=0x00000000ffffc4f0 A=0x7ffffffffffffda8
3855000: system.cpu: T0 : 0x10606    : lw a4, -64(s0)             : MemRead :  D=0xffffffffffffe88d A=0x7ffffffffffffd90
3856000: system.cpu: T0 : 0x1060a    : lw a5, -80(s0)             : MemRead :  D=0x000000000000398d A=0x7ffffffffffffd80
3856500: system.cpu: T0 : 0x1060e    : c_addw a5, a4              : IntAlu :  D=0x000000000000221a
3857000: system.cpu: T0 : 0x10610    : sw a5, -36(s0)             : MemWrite :  D=0x000000000000221a A=0x7ffffffffffffdac
3857500: system.cpu: T0 : 0x10614    : lw a4, -72(s0)             : MemRead :  D=0xffffffffffff8b63 A=0x7ffffffffffffd88
3858000: system.cpu: T0 : 0x10618    : lw a5, -88(s0)             : MemRead :  D=0x0000000000000e6d A=0x7ffffffffffffd78
3858500: system.cpu: T0 : 0x1061c    : c_addw a5, a4              : IntAlu :  D=0xffffffffffff99d0
3859500: system.cpu: T0 : 0x1061e    : sw a5, -32(s0)             : MemWrite :  D=0x00000000ffff99d0 A=0x7ffffffffffffdb0
3860500: system.cpu: T0 : 0x10622    : lw a4, -36(s0)             : MemRead :  D=0x000000000000221a A=0x7ffffffffffffdac
3861500: system.cpu: T0 : 0x10626    : lw a5, -32(s0)             : MemRead :  D=0xffffffffffff99d0 A=0x7ffffffffffffdb0
3862000: system.cpu: T0 : 0x1062a    : c_addw a5, a4              : IntAlu :  D=0xffffffffffffbbea
3862500: system.cpu: T0 : 0x1062c    : addiw a4, a5, 0            : IntAlu :  D=0xffffffffffffbbea
3863000: system.cpu: T0 : 0x10630    : c_lui a5, 2                : IntAlu :  D=0x0000000000002000
3864000: system.cpu: T0 : 0x10632    : addiw a5, a5, 1441         : IntAlu :  D=0x00000000000025a1
3865000: system.cpu: T0 : 0x10636    : mulw a5, a4, a5            : IntMult :  D=0xfffffffff5fe002a
3866000: system.cpu: T0 : 0x1063a    : sw a5, -28(s0)             : MemWrite :  D=0x00000000f5fe002a A=0x7ffffffffffffdb4
3867000: system.cpu: T0 : 0x1063e    : lw a4, -64(s0)             : MemRead :  D=0xffffffffffffe88d A=0x7ffffffffffffd90
3867500: system.cpu: T0 : 0x10642    : c_lui a5, 1                : IntAlu :  D=0x0000000000001000
3868000: system.cpu: T0 : 0x10644    : addiw a5, a5, -1650        : IntAlu :  D=0x000000000000098e
3868500: system.cpu: T0 : 0x10648    : mulw a5, a4, a5            : IntMult :  D=0xffffffffff1ff336
3869000: system.cpu: T0 : 0x1064c    : sw a5, -64(s0)             : MemWrite :  D=0x00000000ff1ff336 A=0x7ffffffffffffd90
3869500: system.cpu: T0 : 0x10650    : lw a4, -72(s0)             : MemRead :  D=0xffffffffffff8b63 A=0x7ffffffffffffd88
3870000: system.cpu: T0 : 0x10654    : c_lui a5, 4                : IntAlu :  D=0x0000000000004000
3871000: system.cpu: T0 : 0x10656    : addiw a5, a5, 435          : IntAlu :  D=0x00000000000041b3
3872000: system.cpu: T0 : 0x1065a    : mulw a5, a4, a5            : IntMult :  D=0xffffffffe2129939
3873000: system.cpu: T0 : 0x1065e    : sw a5, -72(s0)             : MemWrite :  D=0x00000000e2129939 A=0x7ffffffffffffd88
3874000: system.cpu: T0 : 0x10662    : lw a4, -80(s0)             : MemRead :  D=0x000000000000398d A=0x7ffffffffffffd80
3874500: system.cpu: T0 : 0x10666    : c_lui a5, 6                : IntAlu :  D=0x0000000000006000
3875000: system.cpu: T0 : 0x10668    : addiw a5, a5, 596          : IntAlu :  D=0x0000000000006254
3875500: system.cpu: T0 : 0x1066c    : mulw a5, a4, a5            : IntMult :  D=0x00000000161adc44
3876000: system.cpu: T0 : 0x10670    : sw a5, -80(s0)             : MemWrite :  D=0x00000000161adc44 A=0x7ffffffffffffd80
3876500: system.cpu: T0 : 0x10674    : lw a4, -88(s0)             : MemRead :  D=0x0000000000000e6d A=0x7ffffffffffffd78
3877000: system.cpu: T0 : 0x10678    : c_lui a5, 3                : IntAlu :  D=0x0000000000003000
3877500: system.cpu: T0 : 0x1067a    : c_addiw a5, 11             : IntAlu :  D=0x000000000000300b
3878000: system.cpu: T0 : 0x1067c    : mulw a5, a4, a5            : IntMult :  D=0x0000000002b50eaf
3878500: system.cpu: T0 : 0x10680    : sw a5, -88(s0)             : MemWrite :  D=0x0000000002b50eaf A=0x7ffffffffffffd78
3879000: system.cpu: T0 : 0x10684    : lw a4, -44(s0)             : MemRead :  D=0xfffffffffffff6fa A=0x7ffffffffffffda4
3879500: system.cpu: T0 : 0x10688    : c_lui a5, 1048574          : IntAlu :  D=0xffffffffffffe000
3880500: system.cpu: T0 : 0x1068a    : addiw a5, a5, 819          : IntAlu :  D=0xffffffffffffe333
3881500: system.cpu: T0 : 0x1068e    : mulw a5, a4, a5            : IntMult :  D=0x000000000103e1ce
3882500: system.cpu: T0 : 0x10692    : sw a5, -44(s0)             : MemWrite :  D=0x000000000103e1ce A=0x7ffffffffffffda4
3883500: system.cpu: T0 : 0x10696    : lw a4, -40(s0)             : MemRead :  D=0xffffffffffffc4f0 A=0x7ffffffffffffda8
3884000: system.cpu: T0 : 0x1069a    : c_lui a5, 1048571          : IntAlu :  D=0xffffffffffffb000
3884500: system.cpu: T0 : 0x1069c    : addiw a5, a5, -515         : IntAlu :  D=0xffffffffffffadfd
3885000: system.cpu: T0 : 0x106a0    : mulw a5, a4, a5            : IntMult :  D=0x0000000012ebd130
3885500: system.cpu: T0 : 0x106a4    : sw a5, -40(s0)             : MemWrite :  D=0x0000000012ebd130 A=0x7ffffffffffffda8
3886000: system.cpu: T0 : 0x106a8    : lw a4, -36(s0)             : MemRead :  D=0x000000000000221a A=0x7ffffffffffffdac
3886500: system.cpu: T0 : 0x106ac    : c_lui a5, 1048572          : IntAlu :  D=0xffffffffffffc000
3887500: system.cpu: T0 : 0x106ae    : addiw a5, a5, 315          : IntAlu :  D=0xffffffffffffc13b
3888500: system.cpu: T0 : 0x106b2    : mulw a5, a4, a5            : IntMult :  D=0xfffffffff7a375fe
3889500: system.cpu: T0 : 0x106b6    : sw a5, -36(s0)             : MemWrite :  D=0x00000000f7a375fe A=0x7ffffffffffffdac
3890500: system.cpu: T0 : 0x106ba    : lw a4, -32(s0)             : MemRead :  D=0xffffffffffff99d0 A=0x7ffffffffffffdb0
3891000: system.cpu: T0 : 0x106be    : c_lui a5, 1048575          : IntAlu :  D=0xfffffffffffff000
3891500: system.cpu: T0 : 0x106c0    : addiw a5, a5, 900          : IntAlu :  D=0xfffffffffffff384
3892000: system.cpu: T0 : 0x106c4    : mulw a5, a4, a5            : IntMult :  D=0x0000000004fbbf40
3892500: system.cpu: T0 : 0x106c8    : sw a5, -32(s0)             : MemWrite :  D=0x0000000004fbbf40 A=0x7ffffffffffffdb0
3893000: system.cpu: T0 : 0x106cc    : lw a4, -36(s0)             : MemRead :  D=0xfffffffff7a375fe A=0x7ffffffffffffdac
3893500: system.cpu: T0 : 0x106d0    : lw a5, -28(s0)             : MemRead :  D=0xfffffffff5fe002a A=0x7ffffffffffffdb4
3894000: system.cpu: T0 : 0x106d4    : c_addw a5, a4              : IntAlu :  D=0xffffffffeda17628
3895000: system.cpu: T0 : 0x106d6    : sw a5, -36(s0)             : MemWrite :  D=0x00000000eda17628 A=0x7ffffffffffffdac
3896000: system.cpu: T0 : 0x106da    : lw a4, -32(s0)             : MemRead :  D=0x0000000004fbbf40 A=0x7ffffffffffffdb0
3897000: system.cpu: T0 : 0x106de    : lw a5, -28(s0)             : MemRead :  D=0xfffffffff5fe002a A=0x7ffffffffffffdb4
3897500: system.cpu: T0 : 0x106e2    : c_addw a5, a4              : IntAlu :  D=0xfffffffffaf9bf6a
3898000: system.cpu: T0 : 0x106e4    : sw a5, -32(s0)             : MemWrite :  D=0x00000000faf9bf6a A=0x7ffffffffffffdb0
3898500: system.cpu: T0 : 0x106e8    : lw a4, -64(s0)             : MemRead :  D=0xffffffffff1ff336 A=0x7ffffffffffffd90
3899000: system.cpu: T0 : 0x106ec    : lw a5, -44(s0)             : MemRead :  D=0x000000000103e1ce A=0x7ffffffffffffda4
3899500: system.cpu: T0 : 0x106f0    : c_addw a5, a4              : IntAlu :  D=0x000000000023d504
3900000: system.cpu: T0 : 0x106f2    : c_addiw a5, 0              : IntAlu :  D=0x000000000023d504
3900500: system.cpu: T0 : 0x106f4    : lw a4, -36(s0)             : MemRead :  D=0xffffffffeda17628 A=0x7ffffffffffffdac
3901000: system.cpu: T0 : 0x106f8    : c_addw a5, a4              : IntAlu :  D=0xffffffffedc54b2c
3901500: system.cpu: T0 : 0x106fa    : c_addiw a5, 0              : IntAlu :  D=0xffffffffedc54b2c
3902000: system.cpu: T0 : 0x106fc    : addiw a5, a5, 1024         : IntAlu :  D=0xffffffffedc54f2c
3902500: system.cpu: T0 : 0x10700    : addiw a4, a5, 0            : IntAlu :  D=0xffffffffedc54f2c
3903000: system.cpu: T0 : 0x10704    : ld a5, -24(s0)             : MemRead :  D=0x0000000000071980 A=0x7ffffffffffffdb8
3903500: system.cpu: T0 : 0x10708    : c_addi a5, 28              : IntAlu :  D=0x000000000007199c
3904500: system.cpu: T0 : 0x1070a    : sraiw a4, a4, 11           : IntAlu :  D=0xfffffffffffdb8a9
3905000: system.cpu: T0 : 0x1070e    : c_addiw a4, 0              : IntAlu :  D=0xfffffffffffdb8a9
3905500: system.cpu: T0 : 0x10710    : c_sw a4, 0(a5)             : MemWrite :  D=0x00000000fffdb8a9 A=0x7199c
3906500: system.cpu: T0 : 0x10712    : lw a4, -72(s0)             : MemRead :  D=0xffffffffe2129939 A=0x7ffffffffffffd88
3907500: system.cpu: T0 : 0x10716    : lw a5, -40(s0)             : MemRead :  D=0x0000000012ebd130 A=0x7ffffffffffffda8
3908000: system.cpu: T0 : 0x1071a    : c_addw a5, a4              : IntAlu :  D=0xfffffffff4fe6a69
3908500: system.cpu: T0 : 0x1071c    : c_addiw a5, 0              : IntAlu :  D=0xfffffffff4fe6a69
3909500: system.cpu: T0 : 0x1071e    : lw a4, -32(s0)             : MemRead :  D=0xfffffffffaf9bf6a A=0x7ffffffffffffdb0
3910000: system.cpu: T0 : 0x10722    : c_addw a5, a4              : IntAlu :  D=0xffffffffeff829d3
3910500: system.cpu: T0 : 0x10724    : c_addiw a5, 0              : IntAlu :  D=0xffffffffeff829d3
3911500: system.cpu: T0 : 0x10726    : addiw a5, a5, 1024         : IntAlu :  D=0xffffffffeff82dd3
3912500: system.cpu: T0 : 0x1072a    : addiw a4, a5, 0            : IntAlu :  D=0xffffffffeff82dd3
3913500: system.cpu: T0 : 0x1072e    : ld a5, -24(s0)             : MemRead :  D=0x0000000000071980 A=0x7ffffffffffffdb8
3914000: system.cpu: T0 : 0x10732    : c_addi a5, 20              : IntAlu :  D=0x0000000000071994
3914500: system.cpu: T0 : 0x10734    : sraiw a4, a4, 11           : IntAlu :  D=0xfffffffffffdff05
3915000: system.cpu: T0 : 0x10738    : c_addiw a4, 0              : IntAlu :  D=0xfffffffffffdff05
3915500: system.cpu: T0 : 0x1073a    : c_sw a4, 0(a5)             : MemWrite :  D=0x00000000fffdff05 A=0x71994
3916000: system.cpu: T0 : 0x1073c    : lw a4, -80(s0)             : MemRead :  D=0x00000000161adc44 A=0x7ffffffffffffd80
3916500: system.cpu: T0 : 0x10740    : lw a5, -40(s0)             : MemRead :  D=0x0000000012ebd130 A=0x7ffffffffffffda8
3917000: system.cpu: T0 : 0x10744    : c_addw a5, a4              : IntAlu :  D=0x000000002906ad74
3917500: system.cpu: T0 : 0x10746    : c_addiw a5, 0              : IntAlu :  D=0x000000002906ad74
3918000: system.cpu: T0 : 0x10748    : lw a4, -36(s0)             : MemRead :  D=0xffffffffeda17628 A=0x7ffffffffffffdac
3918500: system.cpu: T0 : 0x1074c    : c_addw a5, a4              : IntAlu :  D=0x0000000016a8239c
3919000: system.cpu: T0 : 0x1074e    : c_addiw a5, 0              : IntAlu :  D=0x0000000016a8239c
3919500: system.cpu: T0 : 0x10750    : addiw a5, a5, 1024         : IntAlu :  D=0x0000000016a8279c
3920000: system.cpu: T0 : 0x10754    : addiw a4, a5, 0            : IntAlu :  D=0x0000000016a8279c
3920500: system.cpu: T0 : 0x10758    : ld a5, -24(s0)             : MemRead :  D=0x0000000000071980 A=0x7ffffffffffffdb8
3921000: system.cpu: T0 : 0x1075c    : c_addi a5, 12              : IntAlu :  D=0x000000000007198c
3922000: system.cpu: T0 : 0x1075e    : sraiw a4, a4, 11           : IntAlu :  D=0x000000000002d504
3922500: system.cpu: T0 : 0x10762    : c_addiw a4, 0              : IntAlu :  D=0x000000000002d504
3923000: system.cpu: T0 : 0x10764    : c_sw a4, 0(a5)             : MemWrite :  D=0x000000000002d504 A=0x7198c
3924000: system.cpu: T0 : 0x10766    : lw a4, -88(s0)             : MemRead :  D=0x0000000002b50eaf A=0x7ffffffffffffd78
3925000: system.cpu: T0 : 0x1076a    : lw a5, -44(s0)             : MemRead :  D=0x000000000103e1ce A=0x7ffffffffffffda4
3925500: system.cpu: T0 : 0x1076e    : c_addw a5, a4              : IntAlu :  D=0x0000000003b8f07d
3926000: system.cpu: T0 : 0x10770    : c_addiw a5, 0              : IntAlu :  D=0x0000000003b8f07d
3927000: system.cpu: T0 : 0x10772    : lw a4, -32(s0)             : MemRead :  D=0xfffffffffaf9bf6a A=0x7ffffffffffffdb0
3927500: system.cpu: T0 : 0x10776    : c_addw a5, a4              : IntAlu :  D=0xfffffffffeb2afe7
3928000: system.cpu: T0 : 0x10778    : c_addiw a5, 0              : IntAlu :  D=0xfffffffffeb2afe7
3929000: system.cpu: T0 : 0x1077a    : addiw a5, a5, 1024         : IntAlu :  D=0xfffffffffeb2b3e7
3930000: system.cpu: T0 : 0x1077e    : addiw a4, a5, 0            : IntAlu :  D=0xfffffffffeb2b3e7
3931000: system.cpu: T0 : 0x10782    : ld a5, -24(s0)             : MemRead :  D=0x0000000000071980 A=0x7ffffffffffffdb8
3931500: system.cpu: T0 : 0x10786    : c_addi a5, 4               : IntAlu :  D=0x0000000000071984
3932000: system.cpu: T0 : 0x10788    : sraiw a4, a4, 11           : IntAlu :  D=0xffffffffffffd656
3932500: system.cpu: T0 : 0x1078c    : c_addiw a4, 0              : IntAlu :  D=0xffffffffffffd656
3933000: system.cpu: T0 : 0x1078e    : c_sw a4, 0(a5)             : MemWrite :  D=0x00000000ffffd656 A=0x71984
3933500: system.cpu: T0 : 0x10790    : ld a5, -24(s0)             : MemRead :  D=0x0000000000071980 A=0x7ffffffffffffdb8
3934000: system.cpu: T0 : 0x10794    : addi a5, a5, 32            : IntAlu :  D=0x00000000000719a0
3934500: system.cpu: T0 : 0x10798    : sd a5, -24(s0)             : MemWrite :  D=0x00000000000719a0 A=0x7ffffffffffffdb8
3935000: system.cpu: T0 : 0x1079c    : lw a5, -96(s0)             : MemRead :  D=0x0000000000000006 A=0x7ffffffffffffd70
3935500: system.cpu: T0 : 0x107a0    : c_addiw a5, -1             : IntAlu :  D=0x0000000000000005
3936500: system.cpu: T0 : 0x107a2    : sw a5, -96(s0)             : MemWrite :  D=0x0000000000000005 A=0x7ffffffffffffd70
3937500: system.cpu: T0 : 0x107a6    : lw a5, -96(s0)             : MemRead :  D=0x0000000000000005 A=0x7ffffffffffffd70
3938000: system.cpu: T0 : 0x107aa    : c_addiw a5, 0              : IntAlu :  D=0x0000000000000005
3938500: system.cpu: T0 : 0x107ac    : bge a5, zero, -866         : IntAlu : 
3939500: system.cpu: T0 : 0x1044a    : ld a5, -24(s0)             : MemRead :  D=0x00000000000719a0 A=0x7ffffffffffffdb8
3940000: system.cpu: T0 : 0x1044e    : c_lw a4, 0(a5)             : MemRead :  D=0x000000000000efe6 A=0x719a0
3940500: system.cpu: T0 : 0x10450    : ld a5, -24(s0)             : MemRead :  D=0x00000000000719a0 A=0x7ffffffffffffdb8
3941000: system.cpu: T0 : 0x10454    : c_addi a5, 28              : IntAlu :  D=0x00000000000719bc
3941500: system.cpu: T0 : 0x10456    : c_lw a5, 0(a5)             : MemRead :  D=0x0000000000008e90 A=0x719bc
3942000: system.cpu: T0 : 0x10458    : c_addw a5, a4              : IntAlu :  D=0x0000000000017e76
3943000: system.cpu: T0 : 0x1045a    : sw a5, -92(s0)             : MemWrite :  D=0x0000000000017e76 A=0x7ffffffffffffd74
3944000: system.cpu: T0 : 0x1045e    : ld a5, -24(s0)             : MemRead :  D=0x00000000000719a0 A=0x7ffffffffffffdb8
3944500: system.cpu: T0 : 0x10462    : c_lw a4, 0(a5)             : MemRead :  D=0x000000000000efe6 A=0x719a0
3945000: system.cpu: T0 : 0x10464    : ld a5, -24(s0)             : MemRead :  D=0x00000000000719a0 A=0x7ffffffffffffdb8
3945500: system.cpu: T0 : 0x10468    : c_addi a5, 28              : IntAlu :  D=0x00000000000719bc
3946000: system.cpu: T0 : 0x1046a    : c_lw a5, 0(a5)             : MemRead :  D=0x0000000000008e90 A=0x719bc
3946500: system.cpu: T0 : 0x1046c    : subw a5, a4, a5            : IntAlu :  D=0x0000000000006156
3947000: system.cpu: T0 : 0x10470    : sw a5, -88(s0)             : MemWrite :  D=0x0000000000006156 A=0x7ffffffffffffd78
3947500: system.cpu: T0 : 0x10474    : ld a5, -24(s0)             : MemRead :  D=0x00000000000719a0 A=0x7ffffffffffffdb8
3948000: system.cpu: T0 : 0x10478    : c_addi a5, 4               : IntAlu :  D=0x00000000000719a4
3948500: system.cpu: T0 : 0x1047a    : c_lw a4, 0(a5)             : MemRead :  D=0x000000000000a34b A=0x719a4
3949000: system.cpu: T0 : 0x1047c    : ld a5, -24(s0)             : MemRead :  D=0x00000000000719a0 A=0x7ffffffffffffdb8
3949500: system.cpu: T0 : 0x10480    : c_addi a5, 24              : IntAlu :  D=0x00000000000719b8
3950000: system.cpu: T0 : 0x10482    : c_lw a5, 0(a5)             : MemRead :  D=0x000000000000bbc6 A=0x719b8
3950500: system.cpu: T0 : 0x10484    : c_addw a5, a4              : IntAlu :  D=0x0000000000015f11
3951500: system.cpu: T0 : 0x10486    : sw a5, -84(s0)             : MemWrite :  D=0x0000000000015f11 A=0x7ffffffffffffd7c
3952500: system.cpu: T0 : 0x1048a    : ld a5, -24(s0)             : MemRead :  D=0x00000000000719a0 A=0x7ffffffffffffdb8
3953000: system.cpu: T0 : 0x1048e    : c_addi a5, 4               : IntAlu :  D=0x00000000000719a4
3953500: system.cpu: T0 : 0x10490    : c_lw a4, 0(a5)             : MemRead :  D=0x000000000000a34b A=0x719a4
3954500: system.cpu: T0 : 0x10492    : ld a5, -24(s0)             : MemRead :  D=0x00000000000719a0 A=0x7ffffffffffffdb8
3955000: system.cpu: T0 : 0x10496    : c_addi a5, 24              : IntAlu :  D=0x00000000000719b8
3955500: system.cpu: T0 : 0x10498    : c_lw a5, 0(a5)             : MemRead :  D=0x000000000000bbc6 A=0x719b8
3956500: system.cpu: T0 : 0x1049a    : subw a5, a4, a5            : IntAlu :  D=0xffffffffffffe785
3957500: system.cpu: T0 : 0x1049e    : sw a5, -80(s0)             : MemWrite :  D=0x00000000ffffe785 A=0x7ffffffffffffd80
3958500: system.cpu: T0 : 0x104a2    : ld a5, -24(s0)             : MemRead :  D=0x00000000000719a0 A=0x7ffffffffffffdb8
3959000: system.cpu: T0 : 0x104a6    : c_addi a5, 8               : IntAlu :  D=0x00000000000719a8
3959500: system.cpu: T0 : 0x104a8    : c_lw a4, 0(a5)             : MemRead :  D=0x000000000000d69c A=0x719a8
3960500: system.cpu: T0 : 0x104aa    : ld a5, -24(s0)             : MemRead :  D=0x00000000000719a0 A=0x7ffffffffffffdb8
3961000: system.cpu: T0 : 0x104ae    : c_addi a5, 20              : IntAlu :  D=0x00000000000719b4
3961500: system.cpu: T0 : 0x104b0    : c_lw a5, 0(a5)             : MemRead :  D=0x000000000000c3d0 A=0x719b4
3962000: system.cpu: T0 : 0x104b2    : c_addw a5, a4              : IntAlu :  D=0x0000000000019a6c
3962500: system.cpu: T0 : 0x104b4    : sw a5, -76(s0)             : MemWrite :  D=0x0000000000019a6c A=0x7ffffffffffffd84
3963000: system.cpu: T0 : 0x104b8    : ld a5, -24(s0)             : MemRead :  D=0x00000000000719a0 A=0x7ffffffffffffdb8
3963500: system.cpu: T0 : 0x104bc    : c_addi a5, 8               : IntAlu :  D=0x00000000000719a8
3964000: system.cpu: T0 : 0x104be    : c_lw a4, 0(a5)             : MemRead :  D=0x000000000000d69c A=0x719a8
3964500: system.cpu: T0 : 0x104c0    : ld a5, -24(s0)             : MemRead :  D=0x00000000000719a0 A=0x7ffffffffffffdb8
3965000: system.cpu: T0 : 0x104c4    : c_addi a5, 20              : IntAlu :  D=0x00000000000719b4
3965500: system.cpu: T0 : 0x104c6    : c_lw a5, 0(a5)             : MemRead :  D=0x000000000000c3d0 A=0x719b4
3966000: system.cpu: T0 : 0x104c8    : subw a5, a4, a5            : IntAlu :  D=0x00000000000012cc
3966500: system.cpu: T0 : 0x104cc    : sw a5, -72(s0)             : MemWrite :  D=0x00000000000012cc A=0x7ffffffffffffd88
3967000: system.cpu: T0 : 0x104d0    : ld a5, -24(s0)             : MemRead :  D=0x00000000000719a0 A=0x7ffffffffffffdb8
3967500: system.cpu: T0 : 0x104d4    : c_addi a5, 12              : IntAlu :  D=0x00000000000719ac
3968000: system.cpu: T0 : 0x104d6    : c_lw a4, 0(a5)             : MemRead :  D=0x0000000000007fcc A=0x719ac
3968500: system.cpu: T0 : 0x104d8    : ld a5, -24(s0)             : MemRead :  D=0x00000000000719a0 A=0x7ffffffffffffdb8
3969000: system.cpu: T0 : 0x104dc    : c_addi a5, 16              : IntAlu :  D=0x00000000000719b0
3969500: system.cpu: T0 : 0x104de    : c_lw a5, 0(a5)             : MemRead :  D=0x000000000000658f A=0x719b0
3970000: system.cpu: T0 : 0x104e0    : c_addw a5, a4              : IntAlu :  D=0x000000000000e55b
3971000: system.cpu: T0 : 0x104e2    : sw a5, -68(s0)             : MemWrite :  D=0x000000000000e55b A=0x7ffffffffffffd8c
3972000: system.cpu: T0 : 0x104e6    : ld a5, -24(s0)             : MemRead :  D=0x00000000000719a0 A=0x7ffffffffffffdb8
3972500: system.cpu: T0 : 0x104ea    : c_addi a5, 12              : IntAlu :  D=0x00000000000719ac
3973000: system.cpu: T0 : 0x104ec    : c_lw a4, 0(a5)             : MemRead :  D=0x0000000000007fcc A=0x719ac
3974000: system.cpu: T0 : 0x104ee    : ld a5, -24(s0)             : MemRead :  D=0x00000000000719a0 A=0x7ffffffffffffdb8
3974500: system.cpu: T0 : 0x104f2    : c_addi a5, 16              : IntAlu :  D=0x00000000000719b0
3975000: system.cpu: T0 : 0x104f4    : c_lw a5, 0(a5)             : MemRead :  D=0x000000000000658f A=0x719b0
3976000: system.cpu: T0 : 0x104f6    : subw a5, a4, a5            : IntAlu :  D=0x0000000000001a3d
3977000: system.cpu: T0 : 0x104fa    : sw a5, -64(s0)             : MemWrite :  D=0x0000000000001a3d A=0x7ffffffffffffd90
3978000: system.cpu: T0 : 0x104fe    : lw a4, -92(s0)             : MemRead :  D=0x0000000000017e76 A=0x7ffffffffffffd74
3979000: system.cpu: T0 : 0x10502    : lw a5, -68(s0)             : MemRead :  D=0x000000000000e55b A=0x7ffffffffffffd8c
3979500: system.cpu: T0 : 0x10506    : c_addw a5, a4              : IntAlu :  D=0x00000000000263d1
3980000: system.cpu: T0 : 0x10508    : sw a5, -60(s0)             : MemWrite :  D=0x00000000000263d1 A=0x7ffffffffffffd94
3980500: system.cpu: T0 : 0x1050c    : lw a4, -92(s0)             : MemRead :  D=0x0000000000017e76 A=0x7ffffffffffffd74
3981000: system.cpu: T0 : 0x10510    : lw a5, -68(s0)             : MemRead :  D=0x000000000000e55b A=0x7ffffffffffffd8c
3981500: system.cpu: T0 : 0x10514    : subw a5, a4, a5            : IntAlu :  D=0x000000000000991b
3982000: system.cpu: T0 : 0x10518    : sw a5, -56(s0)             : MemWrite :  D=0x000000000000991b A=0x7ffffffffffffd98
3982500: system.cpu: T0 : 0x1051c    : lw a4, -84(s0)             : MemRead :  D=0x0000000000015f11 A=0x7ffffffffffffd7c
3983000: system.cpu: T0 : 0x10520    : lw a5, -76(s0)             : MemRead :  D=0x0000000000019a6c A=0x7ffffffffffffd84
3983500: system.cpu: T0 : 0x10524    : c_addw a5, a4              : IntAlu :  D=0x000000000002f97d
3984500: system.cpu: T0 : 0x10526    : sw a5, -52(s0)             : MemWrite :  D=0x000000000002f97d A=0x7ffffffffffffd9c
3985500: system.cpu: T0 : 0x1052a    : lw a4, -84(s0)             : MemRead :  D=0x0000000000015f11 A=0x7ffffffffffffd7c
3986500: system.cpu: T0 : 0x1052e    : lw a5, -76(s0)             : MemRead :  D=0x0000000000019a6c A=0x7ffffffffffffd84
3987500: system.cpu: T0 : 0x10532    : subw a5, a4, a5            : IntAlu :  D=0xffffffffffffc4a5
3988500: system.cpu: T0 : 0x10536    : sw a5, -48(s0)             : MemWrite :  D=0x00000000ffffc4a5 A=0x7ffffffffffffda0
3989500: system.cpu: T0 : 0x1053a    : lw a4, -60(s0)             : MemRead :  D=0x00000000000263d1 A=0x7ffffffffffffd94
3990500: system.cpu: T0 : 0x1053e    : lw a5, -52(s0)             : MemRead :  D=0x000000000002f97d A=0x7ffffffffffffd9c
3991000: system.cpu: T0 : 0x10542    : c_addw a5, a4              : IntAlu :  D=0x0000000000055d4e
3991500: system.cpu: T0 : 0x10544    : c_addiw a5, 0              : IntAlu :  D=0x0000000000055d4e
3992500: system.cpu: T0 : 0x10546    : slliw a5, a5, 2            : IntAlu :  D=0x0000000000157538
3993500: system.cpu: T0 : 0x1054a    : addiw a4, a5, 0            : IntAlu :  D=0x0000000000157538
3994500: system.cpu: T0 : 0x1054e    : ld a5, -24(s0)             : MemRead :  D=0x00000000000719a0 A=0x7ffffffffffffdb8
3995000: system.cpu: T0 : 0x10552    : c_sw a4, 0(a5)             : MemWrite :  D=0x0000000000157538 A=0x719a0
3995500: system.cpu: T0 : 0x10554    : lw a4, -60(s0)             : MemRead :  D=0x00000000000263d1 A=0x7ffffffffffffd94
3996000: system.cpu: T0 : 0x10558    : lw a5, -52(s0)             : MemRead :  D=0x000000000002f97d A=0x7ffffffffffffd9c
3996500: system.cpu: T0 : 0x1055c    : subw a5, a4, a5            : IntAlu :  D=0xffffffffffff6a54
3997000: system.cpu: T0 : 0x10560    : addiw a4, a5, 0            : IntAlu :  D=0xffffffffffff6a54
3997500: system.cpu: T0 : 0x10564    : ld a5, -24(s0)             : MemRead :  D=0x00000000000719a0 A=0x7ffffffffffffdb8
3998000: system.cpu: T0 : 0x10568    : c_addi a5, 16              : IntAlu :  D=0x00000000000719b0
3999000: system.cpu: T0 : 0x1056a    : slliw a4, a4, 2            : IntAlu :  D=0xfffffffffffda950
3999500: system.cpu: T0 : 0x1056e    : c_addiw a4, 0              : IntAlu :  D=0xfffffffffffda950
4000000: system.cpu: T0 : 0x10570    : c_sw a4, 0(a5)             : MemWrite :  D=0x00000000fffda950 A=0x719b0
4001000: system.cpu: T0 : 0x10572    : lw a4, -48(s0)             : MemRead :  D=0xffffffffffffc4a5 A=0x7ffffffffffffda0
4002000: system.cpu: T0 : 0x10576    : lw a5, -56(s0)             : MemRead :  D=0x000000000000991b A=0x7ffffffffffffd98
4002500: system.cpu: T0 : 0x1057a    : c_addw a5, a4              : IntAlu :  D=0x0000000000005dc0
4003000: system.cpu: T0 : 0x1057c    : addiw a4, a5, 0            : IntAlu :  D=0x0000000000005dc0
4003500: system.cpu: T0 : 0x10580    : c_lui a5, 1                : IntAlu :  D=0x0000000000001000
4004500: system.cpu: T0 : 0x10582    : addiw a5, a5, 337          : IntAlu :  D=0x0000000000001151
4005500: system.cpu: T0 : 0x10586    : mulw a5, a4, a5            : IntMult :  D=0x00000000065769c0
4006500: system.cpu: T0 : 0x1058a    : sw a5, -44(s0)             : MemWrite :  D=0x00000000065769c0 A=0x7ffffffffffffda4
4007500: system.cpu: T0 : 0x1058e    : lw a4, -56(s0)             : MemRead :  D=0x000000000000991b A=0x7ffffffffffffd98
4008000: system.cpu: T0 : 0x10592    : c_lui a5, 2                : IntAlu :  D=0x0000000000002000
4008500: system.cpu: T0 : 0x10594    : addiw a5, a5, -1922        : IntAlu :  D=0x000000000000187e
4009000: system.cpu: T0 : 0x10598    : mulw a5, a4, a5            : IntMult :  D=0x000000000ea5e34a
4009500: system.cpu: T0 : 0x1059c    : c_addiw a5, 0              : IntAlu :  D=0x000000000ea5e34a
4010500: system.cpu: T0 : 0x1059e    : lw a4, -44(s0)             : MemRead :  D=0x00000000065769c0 A=0x7ffffffffffffda4
4011000: system.cpu: T0 : 0x105a2    : c_addw a5, a4              : IntAlu :  D=0x0000000014fd4d0a
4011500: system.cpu: T0 : 0x105a4    : c_addiw a5, 0              : IntAlu :  D=0x0000000014fd4d0a
4012500: system.cpu: T0 : 0x105a6    : addiw a5, a5, 1024         : IntAlu :  D=0x0000000014fd510a
4013500: system.cpu: T0 : 0x105aa    : addiw a4, a5, 0            : IntAlu :  D=0x0000000014fd510a
4014500: system.cpu: T0 : 0x105ae    : ld a5, -24(s0)             : MemRead :  D=0x00000000000719a0 A=0x7ffffffffffffdb8
4015000: system.cpu: T0 : 0x105b2    : c_addi a5, 8               : IntAlu :  D=0x00000000000719a8
4015500: system.cpu: T0 : 0x105b4    : sraiw a4, a4, 11           : IntAlu :  D=0x0000000000029faa
4016000: system.cpu: T0 : 0x105b8    : c_addiw a4, 0              : IntAlu :  D=0x0000000000029faa
4016500: system.cpu: T0 : 0x105ba    : c_sw a4, 0(a5)             : MemWrite :  D=0x0000000000029faa A=0x719a8
4017000: system.cpu: T0 : 0x105bc    : lw a4, -48(s0)             : MemRead :  D=0xffffffffffffc4a5 A=0x7ffffffffffffda0
4017500: system.cpu: T0 : 0x105c0    : c_lui a5, 1048572          : IntAlu :  D=0xffffffffffffc000
4018500: system.cpu: T0 : 0x105c2    : addiw a5, a5, 1247         : IntAlu :  D=0xffffffffffffc4df
4019500: system.cpu: T0 : 0x105c6    : mulw a5, a4, a5            : IntMult :  D=0x000000000db59fbb
4020000: system.cpu: T0 : 0x105ca    : c_addiw a5, 0              : IntAlu :  D=0x000000000db59fbb
4020500: system.cpu: T0 : 0x105cc    : lw a4, -44(s0)             : MemRead :  D=0x00000000065769c0 A=0x7ffffffffffffda4
4021000: system.cpu: T0 : 0x105d0    : c_addw a5, a4              : IntAlu :  D=0x00000000140d097b
4021500: system.cpu: T0 : 0x105d2    : c_addiw a5, 0              : IntAlu :  D=0x00000000140d097b
4022000: system.cpu: T0 : 0x105d4    : addiw a5, a5, 1024         : IntAlu :  D=0x00000000140d0d7b
4022500: system.cpu: T0 : 0x105d8    : addiw a4, a5, 0            : IntAlu :  D=0x00000000140d0d7b
4023000: system.cpu: T0 : 0x105dc    : ld a5, -24(s0)             : MemRead :  D=0x00000000000719a0 A=0x7ffffffffffffdb8
4023500: system.cpu: T0 : 0x105e0    : c_addi a5, 24              : IntAlu :  D=0x00000000000719b8
4024500: system.cpu: T0 : 0x105e2    : sraiw a4, a4, 11           : IntAlu :  D=0x00000000000281a1
4025000: system.cpu: T0 : 0x105e6    : c_addiw a4, 0              : IntAlu :  D=0x00000000000281a1
4025500: system.cpu: T0 : 0x105e8    : c_sw a4, 0(a5)             : MemWrite :  D=0x00000000000281a1 A=0x719b8
4026500: system.cpu: T0 : 0x105ea    : lw a4, -64(s0)             : MemRead :  D=0x0000000000001a3d A=0x7ffffffffffffd90
4027500: system.cpu: T0 : 0x105ee    : lw a5, -88(s0)             : MemRead :  D=0x0000000000006156 A=0x7ffffffffffffd78
4028000: system.cpu: T0 : 0x105f2    : c_addw a5, a4              : IntAlu :  D=0x0000000000007b93
4028500: system.cpu: T0 : 0x105f4    : sw a5, -44(s0)             : MemWrite :  D=0x0000000000007b93 A=0x7ffffffffffffda4
4029000: system.cpu: T0 : 0x105f8    : lw a4, -72(s0)             : MemRead :  D=0x00000000000012cc A=0x7ffffffffffffd88
4029500: system.cpu: T0 : 0x105fc    : lw a5, -80(s0)             : MemRead :  D=0xffffffffffffe785 A=0x7ffffffffffffd80
4030000: system.cpu: T0 : 0x10600    : c_addw a5, a4              : IntAlu :  D=0xfffffffffffffa51
4031000: system.cpu: T0 : 0x10602    : sw a5, -40(s0)             : MemWrite :  D=0x00000000fffffa51 A=0x7ffffffffffffda8
4032000: system.cpu: T0 : 0x10606    : lw a4, -64(s0)             : MemRead :  D=0x0000000000001a3d A=0x7ffffffffffffd90
4033000: system.cpu: T0 : 0x1060a    : lw a5, -80(s0)             : MemRead :  D=0xffffffffffffe785 A=0x7ffffffffffffd80
4033500: system.cpu: T0 : 0x1060e    : c_addw a5, a4              : IntAlu :  D=0x00000000000001c2
4034000: system.cpu: T0 : 0x10610    : sw a5, -36(s0)             : MemWrite :  D=0x00000000000001c2 A=0x7ffffffffffffdac
4034500: system.cpu: T0 : 0x10614    : lw a4, -72(s0)             : MemRead :  D=0x00000000000012cc A=0x7ffffffffffffd88
4035000: system.cpu: T0 : 0x10618    : lw a5, -88(s0)             : MemRead :  D=0x0000000000006156 A=0x7ffffffffffffd78
4035500: system.cpu: T0 : 0x1061c    : c_addw a5, a4              : IntAlu :  D=0x0000000000007422
4036500: system.cpu: T0 : 0x1061e    : sw a5, -32(s0)             : MemWrite :  D=0x0000000000007422 A=0x7ffffffffffffdb0
4037500: system.cpu: T0 : 0x10622    : lw a4, -36(s0)             : MemRead :  D=0x00000000000001c2 A=0x7ffffffffffffdac
4038500: system.cpu: T0 : 0x10626    : lw a5, -32(s0)             : MemRead :  D=0x0000000000007422 A=0x7ffffffffffffdb0
4039000: system.cpu: T0 : 0x1062a    : c_addw a5, a4              : IntAlu :  D=0x00000000000075e4
4039500: system.cpu: T0 : 0x1062c    : addiw a4, a5, 0            : IntAlu :  D=0x00000000000075e4
4040000: system.cpu: T0 : 0x10630    : c_lui a5, 2                : IntAlu :  D=0x0000000000002000
4041000: system.cpu: T0 : 0x10632    : addiw a5, a5, 1441         : IntAlu :  D=0x00000000000025a1
4042000: system.cpu: T0 : 0x10636    : mulw a5, a4, a5            : IntMult :  D=0x0000000011541864
4043000: system.cpu: T0 : 0x1063a    : sw a5, -28(s0)             : MemWrite :  D=0x0000000011541864 A=0x7ffffffffffffdb4
4044000: system.cpu: T0 : 0x1063e    : lw a4, -64(s0)             : MemRead :  D=0x0000000000001a3d A=0x7ffffffffffffd90
4044500: system.cpu: T0 : 0x10642    : c_lui a5, 1                : IntAlu :  D=0x0000000000001000
4045000: system.cpu: T0 : 0x10644    : addiw a5, a5, -1650        : IntAlu :  D=0x000000000000098e
4045500: system.cpu: T0 : 0x10648    : mulw a5, a4, a5            : IntMult :  D=0x0000000000fab2d6
4046000: system.cpu: T0 : 0x1064c    : sw a5, -64(s0)             : MemWrite :  D=0x0000000000fab2d6 A=0x7ffffffffffffd90
4046500: system.cpu: T0 : 0x10650    : lw a4, -72(s0)             : MemRead :  D=0x00000000000012cc A=0x7ffffffffffffd88
4047000: system.cpu: T0 : 0x10654    : c_lui a5, 4                : IntAlu :  D=0x0000000000004000
4048000: system.cpu: T0 : 0x10656    : addiw a5, a5, 435          : IntAlu :  D=0x00000000000041b3
4049000: system.cpu: T0 : 0x1065a    : mulw a5, a4, a5            : IntMult :  D=0x0000000004d2f0a4
4050000: system.cpu: T0 : 0x1065e    : sw a5, -72(s0)             : MemWrite :  D=0x0000000004d2f0a4 A=0x7ffffffffffffd88
4051000: system.cpu: T0 : 0x10662    : lw a4, -80(s0)             : MemRead :  D=0xffffffffffffe785 A=0x7ffffffffffffd80
4051500: system.cpu: T0 : 0x10666    : c_lui a5, 6                : IntAlu :  D=0x0000000000006000
4052000: system.cpu: T0 : 0x10668    : addiw a5, a5, 596          : IntAlu :  D=0x0000000000006254
4052500: system.cpu: T0 : 0x1066c    : mulw a5, a4, a5            : IntMult :  D=0xfffffffff698e1a4
4053000: system.cpu: T0 : 0x10670    : sw a5, -80(s0)             : MemWrite :  D=0x00000000f698e1a4 A=0x7ffffffffffffd80
4053500: system.cpu: T0 : 0x10674    : lw a4, -88(s0)             : MemRead :  D=0x0000000000006156 A=0x7ffffffffffffd78
4054000: system.cpu: T0 : 0x10678    : c_lui a5, 3                : IntAlu :  D=0x0000000000003000
4054500: system.cpu: T0 : 0x1067a    : c_addiw a5, 11             : IntAlu :  D=0x000000000000300b
4055000: system.cpu: T0 : 0x1067c    : mulw a5, a4, a5            : IntMult :  D=0x0000000012444eb2
4055500: system.cpu: T0 : 0x10680    : sw a5, -88(s0)             : MemWrite :  D=0x0000000012444eb2 A=0x7ffffffffffffd78
4056000: system.cpu: T0 : 0x10684    : lw a4, -44(s0)             : MemRead :  D=0x0000000000007b93 A=0x7ffffffffffffda4
4056500: system.cpu: T0 : 0x10688    : c_lui a5, 1048574          : IntAlu :  D=0xffffffffffffe000
4057500: system.cpu: T0 : 0x1068a    : addiw a5, a5, 819          : IntAlu :  D=0xffffffffffffe333
4058500: system.cpu: T0 : 0x1068e    : mulw a5, a4, a5            : IntMult :  D=0xfffffffff218f749
4059500: system.cpu: T0 : 0x10692    : sw a5, -44(s0)             : MemWrite :  D=0x00000000f218f749 A=0x7ffffffffffffda4
4060500: system.cpu: T0 : 0x10696    : lw a4, -40(s0)             : MemRead :  D=0xfffffffffffffa51 A=0x7ffffffffffffda8
4061000: system.cpu: T0 : 0x1069a    : c_lui a5, 1048571          : IntAlu :  D=0xffffffffffffb000
4061500: system.cpu: T0 : 0x1069c    : addiw a5, a5, -515         : IntAlu :  D=0xffffffffffffadfd
4062000: system.cpu: T0 : 0x106a0    : mulw a5, a4, a5            : IntMult :  D=0x0000000001d21f0d
4062500: system.cpu: T0 : 0x106a4    : sw a5, -40(s0)             : MemWrite :  D=0x0000000001d21f0d A=0x7ffffffffffffda8
4063000: system.cpu: T0 : 0x106a8    : lw a4, -36(s0)             : MemRead :  D=0x00000000000001c2 A=0x7ffffffffffffdac
4063500: system.cpu: T0 : 0x106ac    : c_lui a5, 1048572          : IntAlu :  D=0xffffffffffffc000
4064500: system.cpu: T0 : 0x106ae    : addiw a5, a5, 315          : IntAlu :  D=0xffffffffffffc13b
4065500: system.cpu: T0 : 0x106b2    : mulw a5, a4, a5            : IntMult :  D=0xffffffffff91a9b6
4066500: system.cpu: T0 : 0x106b6    : sw a5, -36(s0)             : MemWrite :  D=0x00000000ff91a9b6 A=0x7ffffffffffffdac
4067500: system.cpu: T0 : 0x106ba    : lw a4, -32(s0)             : MemRead :  D=0x0000000000007422 A=0x7ffffffffffffdb0
4068000: system.cpu: T0 : 0x106be    : c_lui a5, 1048575          : IntAlu :  D=0xfffffffffffff000
4068500: system.cpu: T0 : 0x106c0    : addiw a5, a5, 900          : IntAlu :  D=0xfffffffffffff384
4069000: system.cpu: T0 : 0x106c4    : mulw a5, a4, a5            : IntMult :  D=0xfffffffffa562788
4069500: system.cpu: T0 : 0x106c8    : sw a5, -32(s0)             : MemWrite :  D=0x00000000fa562788 A=0x7ffffffffffffdb0
4070000: system.cpu: T0 : 0x106cc    : lw a4, -36(s0)             : MemRead :  D=0xffffffffff91a9b6 A=0x7ffffffffffffdac
4070500: system.cpu: T0 : 0x106d0    : lw a5, -28(s0)             : MemRead :  D=0x0000000011541864 A=0x7ffffffffffffdb4
4071000: system.cpu: T0 : 0x106d4    : c_addw a5, a4              : IntAlu :  D=0x0000000010e5c21a
4072000: system.cpu: T0 : 0x106d6    : sw a5, -36(s0)             : MemWrite :  D=0x0000000010e5c21a A=0x7ffffffffffffdac
4073000: system.cpu: T0 : 0x106da    : lw a4, -32(s0)             : MemRead :  D=0xfffffffffa562788 A=0x7ffffffffffffdb0
4074000: system.cpu: T0 : 0x106de    : lw a5, -28(s0)             : MemRead :  D=0x0000000011541864 A=0x7ffffffffffffdb4
4074500: system.cpu: T0 : 0x106e2    : c_addw a5, a4              : IntAlu :  D=0x000000000baa3fec
4075000: system.cpu: T0 : 0x106e4    : sw a5, -32(s0)             : MemWrite :  D=0x000000000baa3fec A=0x7ffffffffffffdb0
4075500: system.cpu: T0 : 0x106e8    : lw a4, -64(s0)             : MemRead :  D=0x0000000000fab2d6 A=0x7ffffffffffffd90
4076000: system.cpu: T0 : 0x106ec    : lw a5, -44(s0)             : MemRead :  D=0xfffffffff218f749 A=0x7ffffffffffffda4
4076500: system.cpu: T0 : 0x106f0    : c_addw a5, a4              : IntAlu :  D=0xfffffffff313aa1f
4077000: system.cpu: T0 : 0x106f2    : c_addiw a5, 0              : IntAlu :  D=0xfffffffff313aa1f
4077500: system.cpu: T0 : 0x106f4    : lw a4, -36(s0)             : MemRead :  D=0x0000000010e5c21a A=0x7ffffffffffffdac
4078000: system.cpu: T0 : 0x106f8    : c_addw a5, a4              : IntAlu :  D=0x0000000003f96c39
4078500: system.cpu: T0 : 0x106fa    : c_addiw a5, 0              : IntAlu :  D=0x0000000003f96c39
4079000: system.cpu: T0 : 0x106fc    : addiw a5, a5, 1024         : IntAlu :  D=0x0000000003f97039
4079500: system.cpu: T0 : 0x10700    : addiw a4, a5, 0            : IntAlu :  D=0x0000000003f97039
4080000: system.cpu: T0 : 0x10704    : ld a5, -24(s0)             : MemRead :  D=0x00000000000719a0 A=0x7ffffffffffffdb8
4080500: system.cpu: T0 : 0x10708    : c_addi a5, 28              : IntAlu :  D=0x00000000000719bc
4081500: system.cpu: T0 : 0x1070a    : sraiw a4, a4, 11           : IntAlu :  D=0x0000000000007f2e
4082000: system.cpu: T0 : 0x1070e    : c_addiw a4, 0              : IntAlu :  D=0x0000000000007f2e
4082500: system.cpu: T0 : 0x10710    : c_sw a4, 0(a5)             : MemWrite :  D=0x0000000000007f2e A=0x719bc
4083500: system.cpu: T0 : 0x10712    : lw a4, -72(s0)             : MemRead :  D=0x0000000004d2f0a4 A=0x7ffffffffffffd88
4084500: system.cpu: T0 : 0x10716    : lw a5, -40(s0)             : MemRead :  D=0x0000000001d21f0d A=0x7ffffffffffffda8
4085000: system.cpu: T0 : 0x1071a    : c_addw a5, a4              : IntAlu :  D=0x0000000006a50fb1
4085500: system.cpu: T0 : 0x1071c    : c_addiw a5, 0              : IntAlu :  D=0x0000000006a50fb1
4086500: system.cpu: T0 : 0x1071e    : lw a4, -32(s0)             : MemRead :  D=0x000000000baa3fec A=0x7ffffffffffffdb0
4087000: system.cpu: T0 : 0x10722    : c_addw a5, a4              : IntAlu :  D=0x00000000124f4f9d
4087500: system.cpu: T0 : 0x10724    : c_addiw a5, 0              : IntAlu :  D=0x00000000124f4f9d
4088500: system.cpu: T0 : 0x10726    : addiw a5, a5, 1024         : IntAlu :  D=0x00000000124f539d
4089500: system.cpu: T0 : 0x1072a    : addiw a4, a5, 0            : IntAlu :  D=0x00000000124f539d
4090500: system.cpu: T0 : 0x1072e    : ld a5, -24(s0)             : MemRead :  D=0x00000000000719a0 A=0x7ffffffffffffdb8
4091000: system.cpu: T0 : 0x10732    : c_addi a5, 20              : IntAlu :  D=0x00000000000719b4
4091500: system.cpu: T0 : 0x10734    : sraiw a4, a4, 11           : IntAlu :  D=0x00000000000249ea
4092000: system.cpu: T0 : 0x10738    : c_addiw a4, 0              : IntAlu :  D=0x00000000000249ea
4092500: system.cpu: T0 : 0x1073a    : c_sw a4, 0(a5)             : MemWrite :  D=0x00000000000249ea A=0x719b4
4093000: system.cpu: T0 : 0x1073c    : lw a4, -80(s0)             : MemRead :  D=0xfffffffff698e1a4 A=0x7ffffffffffffd80
4093500: system.cpu: T0 : 0x10740    : lw a5, -40(s0)             : MemRead :  D=0x0000000001d21f0d A=0x7ffffffffffffda8
4094000: system.cpu: T0 : 0x10744    : c_addw a5, a4              : IntAlu :  D=0xfffffffff86b00b1
4094500: system.cpu: T0 : 0x10746    : c_addiw a5, 0              : IntAlu :  D=0xfffffffff86b00b1
4095000: system.cpu: T0 : 0x10748    : lw a4, -36(s0)             : MemRead :  D=0x0000000010e5c21a A=0x7ffffffffffffdac
4095500: system.cpu: T0 : 0x1074c    : c_addw a5, a4              : IntAlu :  D=0x000000000950c2cb
4096000: system.cpu: T0 : 0x1074e    : c_addiw a5, 0              : IntAlu :  D=0x000000000950c2cb
4096500: system.cpu: T0 : 0x10750    : addiw a5, a5, 1024         : IntAlu :  D=0x000000000950c6cb
4097000: system.cpu: T0 : 0x10754    : addiw a4, a5, 0            : IntAlu :  D=0x000000000950c6cb
4097500: system.cpu: T0 : 0x10758    : ld a5, -24(s0)             : MemRead :  D=0x00000000000719a0 A=0x7ffffffffffffdb8
4098000: system.cpu: T0 : 0x1075c    : c_addi a5, 12              : IntAlu :  D=0x00000000000719ac
4099000: system.cpu: T0 : 0x1075e    : sraiw a4, a4, 11           : IntAlu :  D=0x0000000000012a18
4099500: system.cpu: T0 : 0x10762    : c_addiw a4, 0              : IntAlu :  D=0x0000000000012a18
4100000: system.cpu: T0 : 0x10764    : c_sw a4, 0(a5)             : MemWrite :  D=0x0000000000012a18 A=0x719ac
4101000: system.cpu: T0 : 0x10766    : lw a4, -88(s0)             : MemRead :  D=0x0000000012444eb2 A=0x7ffffffffffffd78
4102000: system.cpu: T0 : 0x1076a    : lw a5, -44(s0)             : MemRead :  D=0xfffffffff218f749 A=0x7ffffffffffffda4
4102500: system.cpu: T0 : 0x1076e    : c_addw a5, a4              : IntAlu :  D=0x00000000045d45fb
4103000: system.cpu: T0 : 0x10770    : c_addiw a5, 0              : IntAlu :  D=0x00000000045d45fb
4104000: system.cpu: T0 : 0x10772    : lw a4, -32(s0)             : MemRead :  D=0x000000000baa3fec A=0x7ffffffffffffdb0
4104500: system.cpu: T0 : 0x10776    : c_addw a5, a4              : IntAlu :  D=0x00000000100785e7
4105000: system.cpu: T0 : 0x10778    : c_addiw a5, 0              : IntAlu :  D=0x00000000100785e7
4106000: system.cpu: T0 : 0x1077a    : addiw a5, a5, 1024         : IntAlu :  D=0x00000000100789e7
4107000: system.cpu: T0 : 0x1077e    : addiw a4, a5, 0            : IntAlu :  D=0x00000000100789e7
4108000: system.cpu: T0 : 0x10782    : ld a5, -24(s0)             : MemRead :  D=0x00000000000719a0 A=0x7ffffffffffffdb8
4108500: system.cpu: T0 : 0x10786    : c_addi a5, 4               : IntAlu :  D=0x00000000000719a4
4109000: system.cpu: T0 : 0x10788    : sraiw a4, a4, 11           : IntAlu :  D=0x00000000000200f1
4109500: system.cpu: T0 : 0x1078c    : c_addiw a4, 0              : IntAlu :  D=0x00000000000200f1
4110000: system.cpu: T0 : 0x1078e    : c_sw a4, 0(a5)             : MemWrite :  D=0x00000000000200f1 A=0x719a4
4110500: system.cpu: T0 : 0x10790    : ld a5, -24(s0)             : MemRead :  D=0x00000000000719a0 A=0x7ffffffffffffdb8
4111000: system.cpu: T0 : 0x10794    : addi a5, a5, 32            : IntAlu :  D=0x00000000000719c0
4111500: system.cpu: T0 : 0x10798    : sd a5, -24(s0)             : MemWrite :  D=0x00000000000719c0 A=0x7ffffffffffffdb8
4112000: system.cpu: T0 : 0x1079c    : lw a5, -96(s0)             : MemRead :  D=0x0000000000000005 A=0x7ffffffffffffd70
4112500: system.cpu: T0 : 0x107a0    : c_addiw a5, -1             : IntAlu :  D=0x0000000000000004
4113500: system.cpu: T0 : 0x107a2    : sw a5, -96(s0)             : MemWrite :  D=0x0000000000000004 A=0x7ffffffffffffd70
4114500: system.cpu: T0 : 0x107a6    : lw a5, -96(s0)             : MemRead :  D=0x0000000000000004 A=0x7ffffffffffffd70
4115000: system.cpu: T0 : 0x107aa    : c_addiw a5, 0              : IntAlu :  D=0x0000000000000004
4115500: system.cpu: T0 : 0x107ac    : bge a5, zero, -866         : IntAlu : 
4116500: system.cpu: T0 : 0x1044a    : ld a5, -24(s0)             : MemRead :  D=0x00000000000719c0 A=0x7ffffffffffffdb8
4117000: system.cpu: T0 : 0x1044e    : c_lw a4, 0(a5)             : MemRead :  D=0x000000000000116b A=0x719c0
4117500: system.cpu: T0 : 0x10450    : ld a5, -24(s0)             : MemRead :  D=0x00000000000719c0 A=0x7ffffffffffffdb8
4118000: system.cpu: T0 : 0x10454    : c_addi a5, 28              : IntAlu :  D=0x00000000000719dc
4118500: system.cpu: T0 : 0x10456    : c_lw a5, 0(a5)             : MemRead :  D=0x00000000000027d9 A=0x719dc
4119000: system.cpu: T0 : 0x10458    : c_addw a5, a4              : IntAlu :  D=0x0000000000003944
4120000: system.cpu: T0 : 0x1045a    : sw a5, -92(s0)             : MemWrite :  D=0x0000000000003944 A=0x7ffffffffffffd74
4121000: system.cpu: T0 : 0x1045e    : ld a5, -24(s0)             : MemRead :  D=0x00000000000719c0 A=0x7ffffffffffffdb8
4121500: system.cpu: T0 : 0x10462    : c_lw a4, 0(a5)             : MemRead :  D=0x000000000000116b A=0x719c0
4122000: system.cpu: T0 : 0x10464    : ld a5, -24(s0)             : MemRead :  D=0x00000000000719c0 A=0x7ffffffffffffdb8
4122500: system.cpu: T0 : 0x10468    : c_addi a5, 28              : IntAlu :  D=0x00000000000719dc
4123000: system.cpu: T0 : 0x1046a    : c_lw a5, 0(a5)             : MemRead :  D=0x00000000000027d9 A=0x719dc
4123500: system.cpu: T0 : 0x1046c    : subw a5, a4, a5            : IntAlu :  D=0xffffffffffffe992
4124000: system.cpu: T0 : 0x10470    : sw a5, -88(s0)             : MemWrite :  D=0x00000000ffffe992 A=0x7ffffffffffffd78
4124500: system.cpu: T0 : 0x10474    : ld a5, -24(s0)             : MemRead :  D=0x00000000000719c0 A=0x7ffffffffffffdb8
4125000: system.cpu: T0 : 0x10478    : c_addi a5, 4               : IntAlu :  D=0x00000000000719c4
4125500: system.cpu: T0 : 0x1047a    : c_lw a4, 0(a5)             : MemRead :  D=0x0000000000000cf1 A=0x719c4
4126000: system.cpu: T0 : 0x1047c    : ld a5, -24(s0)             : MemRead :  D=0x00000000000719c0 A=0x7ffffffffffffdb8
4126500: system.cpu: T0 : 0x10480    : c_addi a5, 24              : IntAlu :  D=0x00000000000719d8
4127000: system.cpu: T0 : 0x10482    : c_lw a5, 0(a5)             : MemRead :  D=0x0000000000001f18 A=0x719d8
4127500: system.cpu: T0 : 0x10484    : c_addw a5, a4              : IntAlu :  D=0x0000000000002c09
4128500: system.cpu: T0 : 0x10486    : sw a5, -84(s0)             : MemWrite :  D=0x0000000000002c09 A=0x7ffffffffffffd7c
4129500: system.cpu: T0 : 0x1048a    : ld a5, -24(s0)             : MemRead :  D=0x00000000000719c0 A=0x7ffffffffffffdb8
4130000: system.cpu: T0 : 0x1048e    : c_addi a5, 4               : IntAlu :  D=0x00000000000719c4
4130500: system.cpu: T0 : 0x10490    : c_lw a4, 0(a5)             : MemRead :  D=0x0000000000000cf1 A=0x719c4
4131500: system.cpu: T0 : 0x10492    : ld a5, -24(s0)             : MemRead :  D=0x00000000000719c0 A=0x7ffffffffffffdb8
4132000: system.cpu: T0 : 0x10496    : c_addi a5, 24              : IntAlu :  D=0x00000000000719d8
4132500: system.cpu: T0 : 0x10498    : c_lw a5, 0(a5)             : MemRead :  D=0x0000000000001f18 A=0x719d8
4133500: system.cpu: T0 : 0x1049a    : subw a5, a4, a5            : IntAlu :  D=0xffffffffffffedd9
4134500: system.cpu: T0 : 0x1049e    : sw a5, -80(s0)             : MemWrite :  D=0x00000000ffffedd9 A=0x7ffffffffffffd80
4135500: system.cpu: T0 : 0x104a2    : ld a5, -24(s0)             : MemRead :  D=0x00000000000719c0 A=0x7ffffffffffffdb8
4136000: system.cpu: T0 : 0x104a6    : c_addi a5, 8               : IntAlu :  D=0x00000000000719c8
4136500: system.cpu: T0 : 0x104a8    : c_lw a4, 0(a5)             : MemRead :  D=0x000000000000b98c A=0x719c8
4137500: system.cpu: T0 : 0x104aa    : ld a5, -24(s0)             : MemRead :  D=0x00000000000719c0 A=0x7ffffffffffffdb8
4138000: system.cpu: T0 : 0x104ae    : c_addi a5, 20              : IntAlu :  D=0x00000000000719d4
4138500: system.cpu: T0 : 0x104b0    : c_lw a5, 0(a5)             : MemRead :  D=0x000000000000a7b0 A=0x719d4
4139000: system.cpu: T0 : 0x104b2    : c_addw a5, a4              : IntAlu :  D=0x000000000001613c
4139500: system.cpu: T0 : 0x104b4    : sw a5, -76(s0)             : MemWrite :  D=0x000000000001613c A=0x7ffffffffffffd84
4140000: system.cpu: T0 : 0x104b8    : ld a5, -24(s0)             : MemRead :  D=0x00000000000719c0 A=0x7ffffffffffffdb8
4140500: system.cpu: T0 : 0x104bc    : c_addi a5, 8               : IntAlu :  D=0x00000000000719c8
4141000: system.cpu: T0 : 0x104be    : c_lw a4, 0(a5)             : MemRead :  D=0x000000000000b98c A=0x719c8
4141500: system.cpu: T0 : 0x104c0    : ld a5, -24(s0)             : MemRead :  D=0x00000000000719c0 A=0x7ffffffffffffdb8
4142000: system.cpu: T0 : 0x104c4    : c_addi a5, 20              : IntAlu :  D=0x00000000000719d4
4142500: system.cpu: T0 : 0x104c6    : c_lw a5, 0(a5)             : MemRead :  D=0x000000000000a7b0 A=0x719d4
4143000: system.cpu: T0 : 0x104c8    : subw a5, a4, a5            : IntAlu :  D=0x00000000000011dc
4143500: system.cpu: T0 : 0x104cc    : sw a5, -72(s0)             : MemWrite :  D=0x00000000000011dc A=0x7ffffffffffffd88
4144000: system.cpu: T0 : 0x104d0    : ld a5, -24(s0)             : MemRead :  D=0x00000000000719c0 A=0x7ffffffffffffdb8
4144500: system.cpu: T0 : 0x104d4    : c_addi a5, 12              : IntAlu :  D=0x00000000000719cc
4145000: system.cpu: T0 : 0x104d6    : c_lw a4, 0(a5)             : MemRead :  D=0x000000000000666d A=0x719cc
4145500: system.cpu: T0 : 0x104d8    : ld a5, -24(s0)             : MemRead :  D=0x00000000000719c0 A=0x7ffffffffffffdb8
4146000: system.cpu: T0 : 0x104dc    : c_addi a5, 16              : IntAlu :  D=0x00000000000719d0
4146500: system.cpu: T0 : 0x104de    : c_lw a5, 0(a5)             : MemRead :  D=0x0000000000003727 A=0x719d0
4147000: system.cpu: T0 : 0x104e0    : c_addw a5, a4              : IntAlu :  D=0x0000000000009d94
4148000: system.cpu: T0 : 0x104e2    : sw a5, -68(s0)             : MemWrite :  D=0x0000000000009d94 A=0x7ffffffffffffd8c
4149000: system.cpu: T0 : 0x104e6    : ld a5, -24(s0)             : MemRead :  D=0x00000000000719c0 A=0x7ffffffffffffdb8
4149500: system.cpu: T0 : 0x104ea    : c_addi a5, 12              : IntAlu :  D=0x00000000000719cc
4150000: system.cpu: T0 : 0x104ec    : c_lw a4, 0(a5)             : MemRead :  D=0x000000000000666d A=0x719cc
4151000: system.cpu: T0 : 0x104ee    : ld a5, -24(s0)             : MemRead :  D=0x00000000000719c0 A=0x7ffffffffffffdb8
4151500: system.cpu: T0 : 0x104f2    : c_addi a5, 16              : IntAlu :  D=0x00000000000719d0
4152000: system.cpu: T0 : 0x104f4    : c_lw a5, 0(a5)             : MemRead :  D=0x0000000000003727 A=0x719d0
4153000: system.cpu: T0 : 0x104f6    : subw a5, a4, a5            : IntAlu :  D=0x0000000000002f46
4154000: system.cpu: T0 : 0x104fa    : sw a5, -64(s0)             : MemWrite :  D=0x0000000000002f46 A=0x7ffffffffffffd90
4155000: system.cpu: T0 : 0x104fe    : lw a4, -92(s0)             : MemRead :  D=0x0000000000003944 A=0x7ffffffffffffd74
4156000: system.cpu: T0 : 0x10502    : lw a5, -68(s0)             : MemRead :  D=0x0000000000009d94 A=0x7ffffffffffffd8c
4156500: system.cpu: T0 : 0x10506    : c_addw a5, a4              : IntAlu :  D=0x000000000000d6d8
4157000: system.cpu: T0 : 0x10508    : sw a5, -60(s0)             : MemWrite :  D=0x000000000000d6d8 A=0x7ffffffffffffd94
4157500: system.cpu: T0 : 0x1050c    : lw a4, -92(s0)             : MemRead :  D=0x0000000000003944 A=0x7ffffffffffffd74
4158000: system.cpu: T0 : 0x10510    : lw a5, -68(s0)             : MemRead :  D=0x0000000000009d94 A=0x7ffffffffffffd8c
4158500: system.cpu: T0 : 0x10514    : subw a5, a4, a5            : IntAlu :  D=0xffffffffffff9bb0
4159000: system.cpu: T0 : 0x10518    : sw a5, -56(s0)             : MemWrite :  D=0x00000000ffff9bb0 A=0x7ffffffffffffd98
4159500: system.cpu: T0 : 0x1051c    : lw a4, -84(s0)             : MemRead :  D=0x0000000000002c09 A=0x7ffffffffffffd7c
4160000: system.cpu: T0 : 0x10520    : lw a5, -76(s0)             : MemRead :  D=0x000000000001613c A=0x7ffffffffffffd84
4160500: system.cpu: T0 : 0x10524    : c_addw a5, a4              : IntAlu :  D=0x0000000000018d45
4161500: system.cpu: T0 : 0x10526    : sw a5, -52(s0)             : MemWrite :  D=0x0000000000018d45 A=0x7ffffffffffffd9c
4162500: system.cpu: T0 : 0x1052a    : lw a4, -84(s0)             : MemRead :  D=0x0000000000002c09 A=0x7ffffffffffffd7c
4163500: system.cpu: T0 : 0x1052e    : lw a5, -76(s0)             : MemRead :  D=0x000000000001613c A=0x7ffffffffffffd84
4164500: system.cpu: T0 : 0x10532    : subw a5, a4, a5            : IntAlu :  D=0xfffffffffffecacd
4165500: system.cpu: T0 : 0x10536    : sw a5, -48(s0)             : MemWrite :  D=0x00000000fffecacd A=0x7ffffffffffffda0
4166500: system.cpu: T0 : 0x1053a    : lw a4, -60(s0)             : MemRead :  D=0x000000000000d6d8 A=0x7ffffffffffffd94
4167500: system.cpu: T0 : 0x1053e    : lw a5, -52(s0)             : MemRead :  D=0x0000000000018d45 A=0x7ffffffffffffd9c
4168000: system.cpu: T0 : 0x10542    : c_addw a5, a4              : IntAlu :  D=0x000000000002641d
4168500: system.cpu: T0 : 0x10544    : c_addiw a5, 0              : IntAlu :  D=0x000000000002641d
4169500: system.cpu: T0 : 0x10546    : slliw a5, a5, 2            : IntAlu :  D=0x0000000000099074
4170500: system.cpu: T0 : 0x1054a    : addiw a4, a5, 0            : IntAlu :  D=0x0000000000099074
4171500: system.cpu: T0 : 0x1054e    : ld a5, -24(s0)             : MemRead :  D=0x00000000000719c0 A=0x7ffffffffffffdb8
4172000: system.cpu: T0 : 0x10552    : c_sw a4, 0(a5)             : MemWrite :  D=0x0000000000099074 A=0x719c0
4172500: system.cpu: T0 : 0x10554    : lw a4, -60(s0)             : MemRead :  D=0x000000000000d6d8 A=0x7ffffffffffffd94
4173000: system.cpu: T0 : 0x10558    : lw a5, -52(s0)             : MemRead :  D=0x0000000000018d45 A=0x7ffffffffffffd9c
4173500: system.cpu: T0 : 0x1055c    : subw a5, a4, a5            : IntAlu :  D=0xffffffffffff4993
4174000: system.cpu: T0 : 0x10560    : addiw a4, a5, 0            : IntAlu :  D=0xffffffffffff4993
4174500: system.cpu: T0 : 0x10564    : ld a5, -24(s0)             : MemRead :  D=0x00000000000719c0 A=0x7ffffffffffffdb8
4175000: system.cpu: T0 : 0x10568    : c_addi a5, 16              : IntAlu :  D=0x00000000000719d0
4176000: system.cpu: T0 : 0x1056a    : slliw a4, a4, 2            : IntAlu :  D=0xfffffffffffd264c
4176500: system.cpu: T0 : 0x1056e    : c_addiw a4, 0              : IntAlu :  D=0xfffffffffffd264c
4177000: system.cpu: T0 : 0x10570    : c_sw a4, 0(a5)             : MemWrite :  D=0x00000000fffd264c A=0x719d0
4178000: system.cpu: T0 : 0x10572    : lw a4, -48(s0)             : MemRead :  D=0xfffffffffffecacd A=0x7ffffffffffffda0
4179000: system.cpu: T0 : 0x10576    : lw a5, -56(s0)             : MemRead :  D=0xffffffffffff9bb0 A=0x7ffffffffffffd98
4179500: system.cpu: T0 : 0x1057a    : c_addw a5, a4              : IntAlu :  D=0xfffffffffffe667d
4180000: system.cpu: T0 : 0x1057c    : addiw a4, a5, 0            : IntAlu :  D=0xfffffffffffe667d
4180500: system.cpu: T0 : 0x10580    : c_lui a5, 1                : IntAlu :  D=0x0000000000001000
4181500: system.cpu: T0 : 0x10582    : addiw a5, a5, 337          : IntAlu :  D=0x0000000000001151
4182500: system.cpu: T0 : 0x10586    : mulw a5, a4, a5            : IntMult :  D=0xffffffffe44cba8d
4183500: system.cpu: T0 : 0x1058a    : sw a5, -44(s0)             : MemWrite :  D=0x00000000e44cba8d A=0x7ffffffffffffda4
4184500: system.cpu: T0 : 0x1058e    : lw a4, -56(s0)             : MemRead :  D=0xffffffffffff9bb0 A=0x7ffffffffffffd98
4185000: system.cpu: T0 : 0x10592    : c_lui a5, 2                : IntAlu :  D=0x0000000000002000
4185500: system.cpu: T0 : 0x10594    : addiw a5, a5, -1922        : IntAlu :  D=0x000000000000187e
4186000: system.cpu: T0 : 0x10598    : mulw a5, a4, a5            : IntMult :  D=0xfffffffff66720a0
4186500: system.cpu: T0 : 0x1059c    : c_addiw a5, 0              : IntAlu :  D=0xfffffffff66720a0
4187500: system.cpu: T0 : 0x1059e    : lw a4, -44(s0)             : MemRead :  D=0xffffffffe44cba8d A=0x7ffffffffffffda4
4188000: system.cpu: T0 : 0x105a2    : c_addw a5, a4              : IntAlu :  D=0xffffffffdab3db2d
4188500: system.cpu: T0 : 0x105a4    : c_addiw a5, 0              : IntAlu :  D=0xffffffffdab3db2d
4189500: system.cpu: T0 : 0x105a6    : addiw a5, a5, 1024         : IntAlu :  D=0xffffffffdab3df2d
4190500: system.cpu: T0 : 0x105aa    : addiw a4, a5, 0            : IntAlu :  D=0xffffffffdab3df2d
4191500: system.cpu: T0 : 0x105ae    : ld a5, -24(s0)             : MemRead :  D=0x00000000000719c0 A=0x7ffffffffffffdb8
4192000: system.cpu: T0 : 0x105b2    : c_addi a5, 8               : IntAlu :  D=0x00000000000719c8
4192500: system.cpu: T0 : 0x105b4    : sraiw a4, a4, 11           : IntAlu :  D=0xfffffffffffb567b
4193000: system.cpu: T0 : 0x105b8    : c_addiw a4, 0              : IntAlu :  D=0xfffffffffffb567b
4193500: system.cpu: T0 : 0x105ba    : c_sw a4, 0(a5)             : MemWrite :  D=0x00000000fffb567b A=0x719c8
4194000: system.cpu: T0 : 0x105bc    : lw a4, -48(s0)             : MemRead :  D=0xfffffffffffecacd A=0x7ffffffffffffda0
4194500: system.cpu: T0 : 0x105c0    : c_lui a5, 1048572          : IntAlu :  D=0xffffffffffffc000
4195500: system.cpu: T0 : 0x105c2    : addiw a5, a5, 1247         : IntAlu :  D=0xffffffffffffc4df
4196500: system.cpu: T0 : 0x105c6    : mulw a5, a4, a5            : IntMult :  D=0x00000000476a9c93
4197000: system.cpu: T0 : 0x105ca    : c_addiw a5, 0              : IntAlu :  D=0x00000000476a9c93
4197500: system.cpu: T0 : 0x105cc    : lw a4, -44(s0)             : MemRead :  D=0xffffffffe44cba8d A=0x7ffffffffffffda4
4198000: system.cpu: T0 : 0x105d0    : c_addw a5, a4              : IntAlu :  D=0x000000002bb75720
4198500: system.cpu: T0 : 0x105d2    : c_addiw a5, 0              : IntAlu :  D=0x000000002bb75720
4199000: system.cpu: T0 : 0x105d4    : addiw a5, a5, 1024         : IntAlu :  D=0x000000002bb75b20
4199500: system.cpu: T0 : 0x105d8    : addiw a4, a5, 0            : IntAlu :  D=0x000000002bb75b20
4200000: system.cpu: T0 : 0x105dc    : ld a5, -24(s0)             : MemRead :  D=0x00000000000719c0 A=0x7ffffffffffffdb8
4200500: system.cpu: T0 : 0x105e0    : c_addi a5, 24              : IntAlu :  D=0x00000000000719d8
4201500: system.cpu: T0 : 0x105e2    : sraiw a4, a4, 11           : IntAlu :  D=0x00000000000576eb
4202000: system.cpu: T0 : 0x105e6    : c_addiw a4, 0              : IntAlu :  D=0x00000000000576eb
4202500: system.cpu: T0 : 0x105e8    : c_sw a4, 0(a5)             : MemWrite :  D=0x00000000000576eb A=0x719d8
4203500: system.cpu: T0 : 0x105ea    : lw a4, -64(s0)             : MemRead :  D=0x0000000000002f46 A=0x7ffffffffffffd90
4204500: system.cpu: T0 : 0x105ee    : lw a5, -88(s0)             : MemRead :  D=0xffffffffffffe992 A=0x7ffffffffffffd78
4205000: system.cpu: T0 : 0x105f2    : c_addw a5, a4              : IntAlu :  D=0x00000000000018d8
4205500: system.cpu: T0 : 0x105f4    : sw a5, -44(s0)             : MemWrite :  D=0x00000000000018d8 A=0x7ffffffffffffda4
4206000: system.cpu: T0 : 0x105f8    : lw a4, -72(s0)             : MemRead :  D=0x00000000000011dc A=0x7ffffffffffffd88
4206500: system.cpu: T0 : 0x105fc    : lw a5, -80(s0)             : MemRead :  D=0xffffffffffffedd9 A=0x7ffffffffffffd80
4207000: system.cpu: T0 : 0x10600    : c_addw a5, a4              : IntAlu :  D=0xffffffffffffffb5
4208000: system.cpu: T0 : 0x10602    : sw a5, -40(s0)             : MemWrite :  D=0x00000000ffffffb5 A=0x7ffffffffffffda8
4209000: system.cpu: T0 : 0x10606    : lw a4, -64(s0)             : MemRead :  D=0x0000000000002f46 A=0x7ffffffffffffd90
4210000: system.cpu: T0 : 0x1060a    : lw a5, -80(s0)             : MemRead :  D=0xffffffffffffedd9 A=0x7ffffffffffffd80
4210500: system.cpu: T0 : 0x1060e    : c_addw a5, a4              : IntAlu :  D=0x0000000000001d1f
4211000: system.cpu: T0 : 0x10610    : sw a5, -36(s0)             : MemWrite :  D=0x0000000000001d1f A=0x7ffffffffffffdac
4211500: system.cpu: T0 : 0x10614    : lw a4, -72(s0)             : MemRead :  D=0x00000000000011dc A=0x7ffffffffffffd88
4212000: system.cpu: T0 : 0x10618    : lw a5, -88(s0)             : MemRead :  D=0xffffffffffffe992 A=0x7ffffffffffffd78
4212500: system.cpu: T0 : 0x1061c    : c_addw a5, a4              : IntAlu :  D=0xfffffffffffffb6e
4213500: system.cpu: T0 : 0x1061e    : sw a5, -32(s0)             : MemWrite :  D=0x00000000fffffb6e A=0x7ffffffffffffdb0
4214500: system.cpu: T0 : 0x10622    : lw a4, -36(s0)             : MemRead :  D=0x0000000000001d1f A=0x7ffffffffffffdac
4215500: system.cpu: T0 : 0x10626    : lw a5, -32(s0)             : MemRead :  D=0xfffffffffffffb6e A=0x7ffffffffffffdb0
4216000: system.cpu: T0 : 0x1062a    : c_addw a5, a4              : IntAlu :  D=0x000000000000188d
4216500: system.cpu: T0 : 0x1062c    : addiw a4, a5, 0            : IntAlu :  D=0x000000000000188d
4217000: system.cpu: T0 : 0x10630    : c_lui a5, 2                : IntAlu :  D=0x0000000000002000
4218000: system.cpu: T0 : 0x10632    : addiw a5, a5, 1441         : IntAlu :  D=0x00000000000025a1
4219000: system.cpu: T0 : 0x10636    : mulw a5, a4, a5            : IntMult :  D=0x00000000039bd1ad
4220000: system.cpu: T0 : 0x1063a    : sw a5, -28(s0)             : MemWrite :  D=0x00000000039bd1ad A=0x7ffffffffffffdb4
4221000: system.cpu: T0 : 0x1063e    : lw a4, -64(s0)             : MemRead :  D=0x0000000000002f46 A=0x7ffffffffffffd90
4221500: system.cpu: T0 : 0x10642    : c_lui a5, 1                : IntAlu :  D=0x0000000000001000
4222000: system.cpu: T0 : 0x10644    : addiw a5, a5, -1650        : IntAlu :  D=0x000000000000098e
4222500: system.cpu: T0 : 0x10648    : mulw a5, a4, a5            : IntMult :  D=0x0000000001c3aed4
4223000: system.cpu: T0 : 0x1064c    : sw a5, -64(s0)             : MemWrite :  D=0x0000000001c3aed4 A=0x7ffffffffffffd90
4223500: system.cpu: T0 : 0x10650    : lw a4, -72(s0)             : MemRead :  D=0x00000000000011dc A=0x7ffffffffffffd88
4224000: system.cpu: T0 : 0x10654    : c_lui a5, 4                : IntAlu :  D=0x0000000000004000
4225000: system.cpu: T0 : 0x10656    : addiw a5, a5, 435          : IntAlu :  D=0x00000000000041b3
4226000: system.cpu: T0 : 0x1065a    : mulw a5, a4, a5            : IntMult :  D=0x00000000049558d4
4227000: system.cpu: T0 : 0x1065e    : sw a5, -72(s0)             : MemWrite :  D=0x00000000049558d4 A=0x7ffffffffffffd88
4228000: system.cpu: T0 : 0x10662    : lw a4, -80(s0)             : MemRead :  D=0xffffffffffffedd9 A=0x7ffffffffffffd80
4228500: system.cpu: T0 : 0x10666    : c_lui a5, 6                : IntAlu :  D=0x0000000000006000
4229000: system.cpu: T0 : 0x10668    : addiw a5, a5, 596          : IntAlu :  D=0x0000000000006254
4229500: system.cpu: T0 : 0x1066c    : mulw a5, a4, a5            : IntMult :  D=0xfffffffff9071d34
4230000: system.cpu: T0 : 0x10670    : sw a5, -80(s0)             : MemWrite :  D=0x00000000f9071d34 A=0x7ffffffffffffd80
4230500: system.cpu: T0 : 0x10674    : lw a4, -88(s0)             : MemRead :  D=0xffffffffffffe992 A=0x7ffffffffffffd78
4231000: system.cpu: T0 : 0x10678    : c_lui a5, 3                : IntAlu :  D=0x0000000000003000
4231500: system.cpu: T0 : 0x1067a    : c_addiw a5, 11             : IntAlu :  D=0x000000000000300b
4232000: system.cpu: T0 : 0x1067c    : mulw a5, a4, a5            : IntMult :  D=0xfffffffffbca6946
4232500: system.cpu: T0 : 0x10680    : sw a5, -88(s0)             : MemWrite :  D=0x00000000fbca6946 A=0x7ffffffffffffd78
4233000: system.cpu: T0 : 0x10684    : lw a4, -44(s0)             : MemRead :  D=0x00000000000018d8 A=0x7ffffffffffffda4
4233500: system.cpu: T0 : 0x10688    : c_lui a5, 1048574          : IntAlu :  D=0xffffffffffffe000
4234500: system.cpu: T0 : 0x1068a    : addiw a5, a5, 819          : IntAlu :  D=0xffffffffffffe333
4235500: system.cpu: T0 : 0x1068e    : mulw a5, a4, a5            : IntMult :  D=0xfffffffffd347b08
4236500: system.cpu: T0 : 0x10692    : sw a5, -44(s0)             : MemWrite :  D=0x00000000fd347b08 A=0x7ffffffffffffda4
4237500: system.cpu: T0 : 0x10696    : lw a4, -40(s0)             : MemRead :  D=0xffffffffffffffb5 A=0x7ffffffffffffda8
4238000: system.cpu: T0 : 0x1069a    : c_lui a5, 1048571          : IntAlu :  D=0xffffffffffffb000
4238500: system.cpu: T0 : 0x1069c    : addiw a5, a5, -515         : IntAlu :  D=0xffffffffffffadfd
4239000: system.cpu: T0 : 0x106a0    : mulw a5, a4, a5            : IntMult :  D=0x00000000001806e1
4239500: system.cpu: T0 : 0x106a4    : sw a5, -40(s0)             : MemWrite :  D=0x00000000001806e1 A=0x7ffffffffffffda8
4240000: system.cpu: T0 : 0x106a8    : lw a4, -36(s0)             : MemRead :  D=0x0000000000001d1f A=0x7ffffffffffffdac
4240500: system.cpu: T0 : 0x106ac    : c_lui a5, 1048572          : IntAlu :  D=0xffffffffffffc000
4241500: system.cpu: T0 : 0x106ae    : addiw a5, a5, 315          : IntAlu :  D=0xffffffffffffc13b
4242500: system.cpu: T0 : 0x106b2    : mulw a5, a4, a5            : IntMult :  D=0xfffffffff8dc1525
4243500: system.cpu: T0 : 0x106b6    : sw a5, -36(s0)             : MemWrite :  D=0x00000000f8dc1525 A=0x7ffffffffffffdac
4244500: system.cpu: T0 : 0x106ba    : lw a4, -32(s0)             : MemRead :  D=0xfffffffffffffb6e A=0x7ffffffffffffdb0
4245000: system.cpu: T0 : 0x106be    : c_lui a5, 1048575          : IntAlu :  D=0xfffffffffffff000
4245500: system.cpu: T0 : 0x106c0    : addiw a5, a5, 900          : IntAlu :  D=0xfffffffffffff384
4246000: system.cpu: T0 : 0x106c4    : mulw a5, a4, a5            : IntMult :  D=0x0000000000390eb8
4246500: system.cpu: T0 : 0x106c8    : sw a5, -32(s0)             : MemWrite :  D=0x0000000000390eb8 A=0x7ffffffffffffdb0
4247000: system.cpu: T0 : 0x106cc    : lw a4, -36(s0)             : MemRead :  D=0xfffffffff8dc1525 A=0x7ffffffffffffdac
4247500: system.cpu: T0 : 0x106d0    : lw a5, -28(s0)             : MemRead :  D=0x00000000039bd1ad A=0x7ffffffffffffdb4
4248000: system.cpu: T0 : 0x106d4    : c_addw a5, a4              : IntAlu :  D=0xfffffffffc77e6d2
4249000: system.cpu: T0 : 0x106d6    : sw a5, -36(s0)             : MemWrite :  D=0x00000000fc77e6d2 A=0x7ffffffffffffdac
4250000: system.cpu: T0 : 0x106da    : lw a4, -32(s0)             : MemRead :  D=0x0000000000390eb8 A=0x7ffffffffffffdb0
4251000: system.cpu: T0 : 0x106de    : lw a5, -28(s0)             : MemRead :  D=0x00000000039bd1ad A=0x7ffffffffffffdb4
4251500: system.cpu: T0 : 0x106e2    : c_addw a5, a4              : IntAlu :  D=0x0000000003d4e065
4252000: system.cpu: T0 : 0x106e4    : sw a5, -32(s0)             : MemWrite :  D=0x0000000003d4e065 A=0x7ffffffffffffdb0
4252500: system.cpu: T0 : 0x106e8    : lw a4, -64(s0)             : MemRead :  D=0x0000000001c3aed4 A=0x7ffffffffffffd90
4253000: system.cpu: T0 : 0x106ec    : lw a5, -44(s0)             : MemRead :  D=0xfffffffffd347b08 A=0x7ffffffffffffda4
4253500: system.cpu: T0 : 0x106f0    : c_addw a5, a4              : IntAlu :  D=0xfffffffffef829dc
4254000: system.cpu: T0 : 0x106f2    : c_addiw a5, 0              : IntAlu :  D=0xfffffffffef829dc
4254500: system.cpu: T0 : 0x106f4    : lw a4, -36(s0)             : MemRead :  D=0xfffffffffc77e6d2 A=0x7ffffffffffffdac
4255000: system.cpu: T0 : 0x106f8    : c_addw a5, a4              : IntAlu :  D=0xfffffffffb7010ae
4255500: system.cpu: T0 : 0x106fa    : c_addiw a5, 0              : IntAlu :  D=0xfffffffffb7010ae
4256000: system.cpu: T0 : 0x106fc    : addiw a5, a5, 1024         : IntAlu :  D=0xfffffffffb7014ae
4256500: system.cpu: T0 : 0x10700    : addiw a4, a5, 0            : IntAlu :  D=0xfffffffffb7014ae
4257000: system.cpu: T0 : 0x10704    : ld a5, -24(s0)             : MemRead :  D=0x00000000000719c0 A=0x7ffffffffffffdb8
4257500: system.cpu: T0 : 0x10708    : c_addi a5, 28              : IntAlu :  D=0x00000000000719dc
4258500: system.cpu: T0 : 0x1070a    : sraiw a4, a4, 11           : IntAlu :  D=0xffffffffffff6e02
4259000: system.cpu: T0 : 0x1070e    : c_addiw a4, 0              : IntAlu :  D=0xffffffffffff6e02
4259500: system.cpu: T0 : 0x10710    : c_sw a4, 0(a5)             : MemWrite :  D=0x00000000ffff6e02 A=0x719dc
4260500: system.cpu: T0 : 0x10712    : lw a4, -72(s0)             : MemRead :  D=0x00000000049558d4 A=0x7ffffffffffffd88
4261500: system.cpu: T0 : 0x10716    : lw a5, -40(s0)             : MemRead :  D=0x00000000001806e1 A=0x7ffffffffffffda8
4262000: system.cpu: T0 : 0x1071a    : c_addw a5, a4              : IntAlu :  D=0x0000000004ad5fb5
4262500: system.cpu: T0 : 0x1071c    : c_addiw a5, 0              : IntAlu :  D=0x0000000004ad5fb5
4263500: system.cpu: T0 : 0x1071e    : lw a4, -32(s0)             : MemRead :  D=0x0000000003d4e065 A=0x7ffffffffffffdb0
4264000: system.cpu: T0 : 0x10722    : c_addw a5, a4              : IntAlu :  D=0x000000000882401a
4264500: system.cpu: T0 : 0x10724    : c_addiw a5, 0              : IntAlu :  D=0x000000000882401a
4265500: system.cpu: T0 : 0x10726    : addiw a5, a5, 1024         : IntAlu :  D=0x000000000882441a
4266500: system.cpu: T0 : 0x1072a    : addiw a4, a5, 0            : IntAlu :  D=0x000000000882441a
4267500: system.cpu: T0 : 0x1072e    : ld a5, -24(s0)             : MemRead :  D=0x00000000000719c0 A=0x7ffffffffffffdb8
4268000: system.cpu: T0 : 0x10732    : c_addi a5, 20              : IntAlu :  D=0x00000000000719d4
4268500: system.cpu: T0 : 0x10734    : sraiw a4, a4, 11           : IntAlu :  D=0x0000000000011048
4269000: system.cpu: T0 : 0x10738    : c_addiw a4, 0              : IntAlu :  D=0x0000000000011048
4269500: system.cpu: T0 : 0x1073a    : c_sw a4, 0(a5)             : MemWrite :  D=0x0000000000011048 A=0x719d4
4270000: system.cpu: T0 : 0x1073c    : lw a4, -80(s0)             : MemRead :  D=0xfffffffff9071d34 A=0x7ffffffffffffd80
4270500: system.cpu: T0 : 0x10740    : lw a5, -40(s0)             : MemRead :  D=0x00000000001806e1 A=0x7ffffffffffffda8
4271000: system.cpu: T0 : 0x10744    : c_addw a5, a4              : IntAlu :  D=0xfffffffff91f2415
4271500: system.cpu: T0 : 0x10746    : c_addiw a5, 0              : IntAlu :  D=0xfffffffff91f2415
4272000: system.cpu: T0 : 0x10748    : lw a4, -36(s0)             : MemRead :  D=0xfffffffffc77e6d2 A=0x7ffffffffffffdac
4272500: system.cpu: T0 : 0x1074c    : c_addw a5, a4              : IntAlu :  D=0xfffffffff5970ae7
4273000: system.cpu: T0 : 0x1074e    : c_addiw a5, 0              : IntAlu :  D=0xfffffffff5970ae7
4273500: system.cpu: T0 : 0x10750    : addiw a5, a5, 1024         : IntAlu :  D=0xfffffffff5970ee7
4274000: system.cpu: T0 : 0x10754    : addiw a4, a5, 0            : IntAlu :  D=0xfffffffff5970ee7
4274500: system.cpu: T0 : 0x10758    : ld a5, -24(s0)             : MemRead :  D=0x00000000000719c0 A=0x7ffffffffffffdb8
4275000: system.cpu: T0 : 0x1075c    : c_addi a5, 12              : IntAlu :  D=0x00000000000719cc
4276000: system.cpu: T0 : 0x1075e    : sraiw a4, a4, 11           : IntAlu :  D=0xfffffffffffeb2e1
4276500: system.cpu: T0 : 0x10762    : c_addiw a4, 0              : IntAlu :  D=0xfffffffffffeb2e1
4277000: system.cpu: T0 : 0x10764    : c_sw a4, 0(a5)             : MemWrite :  D=0x00000000fffeb2e1 A=0x719cc
4278000: system.cpu: T0 : 0x10766    : lw a4, -88(s0)             : MemRead :  D=0xfffffffffbca6946 A=0x7ffffffffffffd78
4279000: system.cpu: T0 : 0x1076a    : lw a5, -44(s0)             : MemRead :  D=0xfffffffffd347b08 A=0x7ffffffffffffda4
4279500: system.cpu: T0 : 0x1076e    : c_addw a5, a4              : IntAlu :  D=0xfffffffff8fee44e
4280000: system.cpu: T0 : 0x10770    : c_addiw a5, 0              : IntAlu :  D=0xfffffffff8fee44e
4281000: system.cpu: T0 : 0x10772    : lw a4, -32(s0)             : MemRead :  D=0x0000000003d4e065 A=0x7ffffffffffffdb0
4281500: system.cpu: T0 : 0x10776    : c_addw a5, a4              : IntAlu :  D=0xfffffffffcd3c4b3
4282000: system.cpu: T0 : 0x10778    : c_addiw a5, 0              : IntAlu :  D=0xfffffffffcd3c4b3
4283000: system.cpu: T0 : 0x1077a    : addiw a5, a5, 1024         : IntAlu :  D=0xfffffffffcd3c8b3
4284000: system.cpu: T0 : 0x1077e    : addiw a4, a5, 0            : IntAlu :  D=0xfffffffffcd3c8b3
4285000: system.cpu: T0 : 0x10782    : ld a5, -24(s0)             : MemRead :  D=0x00000000000719c0 A=0x7ffffffffffffdb8
4285500: system.cpu: T0 : 0x10786    : c_addi a5, 4               : IntAlu :  D=0x00000000000719c4
4286000: system.cpu: T0 : 0x10788    : sraiw a4, a4, 11           : IntAlu :  D=0xffffffffffff9a79
4286500: system.cpu: T0 : 0x1078c    : c_addiw a4, 0              : IntAlu :  D=0xffffffffffff9a79
4287000: system.cpu: T0 : 0x1078e    : c_sw a4, 0(a5)             : MemWrite :  D=0x00000000ffff9a79 A=0x719c4
4287500: system.cpu: T0 : 0x10790    : ld a5, -24(s0)             : MemRead :  D=0x00000000000719c0 A=0x7ffffffffffffdb8
4288000: system.cpu: T0 : 0x10794    : addi a5, a5, 32            : IntAlu :  D=0x00000000000719e0
4288500: system.cpu: T0 : 0x10798    : sd a5, -24(s0)             : MemWrite :  D=0x00000000000719e0 A=0x7ffffffffffffdb8
4289000: system.cpu: T0 : 0x1079c    : lw a5, -96(s0)             : MemRead :  D=0x0000000000000004 A=0x7ffffffffffffd70
4289500: system.cpu: T0 : 0x107a0    : c_addiw a5, -1             : IntAlu :  D=0x0000000000000003
4290500: system.cpu: T0 : 0x107a2    : sw a5, -96(s0)             : MemWrite :  D=0x0000000000000003 A=0x7ffffffffffffd70
4291500: system.cpu: T0 : 0x107a6    : lw a5, -96(s0)             : MemRead :  D=0x0000000000000003 A=0x7ffffffffffffd70
4292000: system.cpu: T0 : 0x107aa    : c_addiw a5, 0              : IntAlu :  D=0x0000000000000003
4292500: system.cpu: T0 : 0x107ac    : bge a5, zero, -866         : IntAlu : 
4293500: system.cpu: T0 : 0x1044a    : ld a5, -24(s0)             : MemRead :  D=0x00000000000719e0 A=0x7ffffffffffffdb8
4294000: system.cpu: T0 : 0x1044e    : c_lw a4, 0(a5)             : MemRead :  D=0x000000000000b422 A=0x719e0
4294500: system.cpu: T0 : 0x10450    : ld a5, -24(s0)             : MemRead :  D=0x00000000000719e0 A=0x7ffffffffffffdb8
4295000: system.cpu: T0 : 0x10454    : c_addi a5, 28              : IntAlu :  D=0x00000000000719fc
4295500: system.cpu: T0 : 0x10456    : c_lw a5, 0(a5)             : MemRead :  D=0x00000000000079a5 A=0x719fc
4296000: system.cpu: T0 : 0x10458    : c_addw a5, a4              : IntAlu :  D=0x0000000000012dc7
4297000: system.cpu: T0 : 0x1045a    : sw a5, -92(s0)             : MemWrite :  D=0x0000000000012dc7 A=0x7ffffffffffffd74
4298000: system.cpu: T0 : 0x1045e    : ld a5, -24(s0)             : MemRead :  D=0x00000000000719e0 A=0x7ffffffffffffdb8
4298500: system.cpu: T0 : 0x10462    : c_lw a4, 0(a5)             : MemRead :  D=0x000000000000b422 A=0x719e0
4299000: system.cpu: T0 : 0x10464    : ld a5, -24(s0)             : MemRead :  D=0x00000000000719e0 A=0x7ffffffffffffdb8
4299500: system.cpu: T0 : 0x10468    : c_addi a5, 28              : IntAlu :  D=0x00000000000719fc
4300000: system.cpu: T0 : 0x1046a    : c_lw a5, 0(a5)             : MemRead :  D=0x00000000000079a5 A=0x719fc
4300500: system.cpu: T0 : 0x1046c    : subw a5, a4, a5            : IntAlu :  D=0x0000000000003a7d
4301000: system.cpu: T0 : 0x10470    : sw a5, -88(s0)             : MemWrite :  D=0x0000000000003a7d A=0x7ffffffffffffd78
4301500: system.cpu: T0 : 0x10474    : ld a5, -24(s0)             : MemRead :  D=0x00000000000719e0 A=0x7ffffffffffffdb8
4302000: system.cpu: T0 : 0x10478    : c_addi a5, 4               : IntAlu :  D=0x00000000000719e4
4302500: system.cpu: T0 : 0x1047a    : c_lw a4, 0(a5)             : MemRead :  D=0x0000000000009658 A=0x719e4
4303000: system.cpu: T0 : 0x1047c    : ld a5, -24(s0)             : MemRead :  D=0x00000000000719e0 A=0x7ffffffffffffdb8
4303500: system.cpu: T0 : 0x10480    : c_addi a5, 24              : IntAlu :  D=0x00000000000719f8
4304000: system.cpu: T0 : 0x10482    : c_lw a5, 0(a5)             : MemRead :  D=0x0000000000000c76 A=0x719f8
4304500: system.cpu: T0 : 0x10484    : c_addw a5, a4              : IntAlu :  D=0x000000000000a2ce
4305500: system.cpu: T0 : 0x10486    : sw a5, -84(s0)             : MemWrite :  D=0x000000000000a2ce A=0x7ffffffffffffd7c
4306500: system.cpu: T0 : 0x1048a    : ld a5, -24(s0)             : MemRead :  D=0x00000000000719e0 A=0x7ffffffffffffdb8
4307000: system.cpu: T0 : 0x1048e    : c_addi a5, 4               : IntAlu :  D=0x00000000000719e4
4307500: system.cpu: T0 : 0x10490    : c_lw a4, 0(a5)             : MemRead :  D=0x0000000000009658 A=0x719e4
4308500: system.cpu: T0 : 0x10492    : ld a5, -24(s0)             : MemRead :  D=0x00000000000719e0 A=0x7ffffffffffffdb8
4309000: system.cpu: T0 : 0x10496    : c_addi a5, 24              : IntAlu :  D=0x00000000000719f8
4309500: system.cpu: T0 : 0x10498    : c_lw a5, 0(a5)             : MemRead :  D=0x0000000000000c76 A=0x719f8
4310500: system.cpu: T0 : 0x1049a    : subw a5, a4, a5            : IntAlu :  D=0x00000000000089e2
4311500: system.cpu: T0 : 0x1049e    : sw a5, -80(s0)             : MemWrite :  D=0x00000000000089e2 A=0x7ffffffffffffd80
4312500: system.cpu: T0 : 0x104a2    : ld a5, -24(s0)             : MemRead :  D=0x00000000000719e0 A=0x7ffffffffffffdb8
4313000: system.cpu: T0 : 0x104a6    : c_addi a5, 8               : IntAlu :  D=0x00000000000719e8
4313500: system.cpu: T0 : 0x104a8    : c_lw a4, 0(a5)             : MemRead :  D=0x0000000000001c57 A=0x719e8
4314500: system.cpu: T0 : 0x104aa    : ld a5, -24(s0)             : MemRead :  D=0x00000000000719e0 A=0x7ffffffffffffdb8
4315000: system.cpu: T0 : 0x104ae    : c_addi a5, 20              : IntAlu :  D=0x00000000000719f4
4315500: system.cpu: T0 : 0x104b0    : c_lw a5, 0(a5)             : MemRead :  D=0x000000000000d5be A=0x719f4
4316000: system.cpu: T0 : 0x104b2    : c_addw a5, a4              : IntAlu :  D=0x000000000000f215
4316500: system.cpu: T0 : 0x104b4    : sw a5, -76(s0)             : MemWrite :  D=0x000000000000f215 A=0x7ffffffffffffd84
4317000: system.cpu: T0 : 0x104b8    : ld a5, -24(s0)             : MemRead :  D=0x00000000000719e0 A=0x7ffffffffffffdb8
4317500: system.cpu: T0 : 0x104bc    : c_addi a5, 8               : IntAlu :  D=0x00000000000719e8
4318000: system.cpu: T0 : 0x104be    : c_lw a4, 0(a5)             : MemRead :  D=0x0000000000001c57 A=0x719e8
4318500: system.cpu: T0 : 0x104c0    : ld a5, -24(s0)             : MemRead :  D=0x00000000000719e0 A=0x7ffffffffffffdb8
4319000: system.cpu: T0 : 0x104c4    : c_addi a5, 20              : IntAlu :  D=0x00000000000719f4
4319500: system.cpu: T0 : 0x104c6    : c_lw a5, 0(a5)             : MemRead :  D=0x000000000000d5be A=0x719f4
4320000: system.cpu: T0 : 0x104c8    : subw a5, a4, a5            : IntAlu :  D=0xffffffffffff4699
4320500: system.cpu: T0 : 0x104cc    : sw a5, -72(s0)             : MemWrite :  D=0x00000000ffff4699 A=0x7ffffffffffffd88
4321000: system.cpu: T0 : 0x104d0    : ld a5, -24(s0)             : MemRead :  D=0x00000000000719e0 A=0x7ffffffffffffdb8
4321500: system.cpu: T0 : 0x104d4    : c_addi a5, 12              : IntAlu :  D=0x00000000000719ec
4322000: system.cpu: T0 : 0x104d6    : c_lw a4, 0(a5)             : MemRead :  D=0x000000000000b992 A=0x719ec
4322500: system.cpu: T0 : 0x104d8    : ld a5, -24(s0)             : MemRead :  D=0x00000000000719e0 A=0x7ffffffffffffdb8
4323000: system.cpu: T0 : 0x104dc    : c_addi a5, 16              : IntAlu :  D=0x00000000000719f0
4323500: system.cpu: T0 : 0x104de    : c_lw a5, 0(a5)             : MemRead :  D=0x000000000000698b A=0x719f0
4324000: system.cpu: T0 : 0x104e0    : c_addw a5, a4              : IntAlu :  D=0x000000000001231d
4325000: system.cpu: T0 : 0x104e2    : sw a5, -68(s0)             : MemWrite :  D=0x000000000001231d A=0x7ffffffffffffd8c
4326000: system.cpu: T0 : 0x104e6    : ld a5, -24(s0)             : MemRead :  D=0x00000000000719e0 A=0x7ffffffffffffdb8
4326500: system.cpu: T0 : 0x104ea    : c_addi a5, 12              : IntAlu :  D=0x00000000000719ec
4327000: system.cpu: T0 : 0x104ec    : c_lw a4, 0(a5)             : MemRead :  D=0x000000000000b992 A=0x719ec
4328000: system.cpu: T0 : 0x104ee    : ld a5, -24(s0)             : MemRead :  D=0x00000000000719e0 A=0x7ffffffffffffdb8
4328500: system.cpu: T0 : 0x104f2    : c_addi a5, 16              : IntAlu :  D=0x00000000000719f0
4329000: system.cpu: T0 : 0x104f4    : c_lw a5, 0(a5)             : MemRead :  D=0x000000000000698b A=0x719f0
4330000: system.cpu: T0 : 0x104f6    : subw a5, a4, a5            : IntAlu :  D=0x0000000000005007
4331000: system.cpu: T0 : 0x104fa    : sw a5, -64(s0)             : MemWrite :  D=0x0000000000005007 A=0x7ffffffffffffd90
4332000: system.cpu: T0 : 0x104fe    : lw a4, -92(s0)             : MemRead :  D=0x0000000000012dc7 A=0x7ffffffffffffd74
4333000: system.cpu: T0 : 0x10502    : lw a5, -68(s0)             : MemRead :  D=0x000000000001231d A=0x7ffffffffffffd8c
4333500: system.cpu: T0 : 0x10506    : c_addw a5, a4              : IntAlu :  D=0x00000000000250e4
4334000: system.cpu: T0 : 0x10508    : sw a5, -60(s0)             : MemWrite :  D=0x00000000000250e4 A=0x7ffffffffffffd94
4334500: system.cpu: T0 : 0x1050c    : lw a4, -92(s0)             : MemRead :  D=0x0000000000012dc7 A=0x7ffffffffffffd74
4335000: system.cpu: T0 : 0x10510    : lw a5, -68(s0)             : MemRead :  D=0x000000000001231d A=0x7ffffffffffffd8c
4335500: system.cpu: T0 : 0x10514    : subw a5, a4, a5            : IntAlu :  D=0x0000000000000aaa
4336000: system.cpu: T0 : 0x10518    : sw a5, -56(s0)             : MemWrite :  D=0x0000000000000aaa A=0x7ffffffffffffd98
4336500: system.cpu: T0 : 0x1051c    : lw a4, -84(s0)             : MemRead :  D=0x000000000000a2ce A=0x7ffffffffffffd7c
4337000: system.cpu: T0 : 0x10520    : lw a5, -76(s0)             : MemRead :  D=0x000000000000f215 A=0x7ffffffffffffd84
4337500: system.cpu: T0 : 0x10524    : c_addw a5, a4              : IntAlu :  D=0x00000000000194e3
4338500: system.cpu: T0 : 0x10526    : sw a5, -52(s0)             : MemWrite :  D=0x00000000000194e3 A=0x7ffffffffffffd9c
4339500: system.cpu: T0 : 0x1052a    : lw a4, -84(s0)             : MemRead :  D=0x000000000000a2ce A=0x7ffffffffffffd7c
4340500: system.cpu: T0 : 0x1052e    : lw a5, -76(s0)             : MemRead :  D=0x000000000000f215 A=0x7ffffffffffffd84
4341500: system.cpu: T0 : 0x10532    : subw a5, a4, a5            : IntAlu :  D=0xffffffffffffb0b9
4342500: system.cpu: T0 : 0x10536    : sw a5, -48(s0)             : MemWrite :  D=0x00000000ffffb0b9 A=0x7ffffffffffffda0
4343500: system.cpu: T0 : 0x1053a    : lw a4, -60(s0)             : MemRead :  D=0x00000000000250e4 A=0x7ffffffffffffd94
4344500: system.cpu: T0 : 0x1053e    : lw a5, -52(s0)             : MemRead :  D=0x00000000000194e3 A=0x7ffffffffffffd9c
4345000: system.cpu: T0 : 0x10542    : c_addw a5, a4              : IntAlu :  D=0x000000000003e5c7
4345500: system.cpu: T0 : 0x10544    : c_addiw a5, 0              : IntAlu :  D=0x000000000003e5c7
4346500: system.cpu: T0 : 0x10546    : slliw a5, a5, 2            : IntAlu :  D=0x00000000000f971c
4347500: system.cpu: T0 : 0x1054a    : addiw a4, a5, 0            : IntAlu :  D=0x00000000000f971c
4348500: system.cpu: T0 : 0x1054e    : ld a5, -24(s0)             : MemRead :  D=0x00000000000719e0 A=0x7ffffffffffffdb8
4349000: system.cpu: T0 : 0x10552    : c_sw a4, 0(a5)             : MemWrite :  D=0x00000000000f971c A=0x719e0
4349500: system.cpu: T0 : 0x10554    : lw a4, -60(s0)             : MemRead :  D=0x00000000000250e4 A=0x7ffffffffffffd94
4350000: system.cpu: T0 : 0x10558    : lw a5, -52(s0)             : MemRead :  D=0x00000000000194e3 A=0x7ffffffffffffd9c
4350500: system.cpu: T0 : 0x1055c    : subw a5, a4, a5            : IntAlu :  D=0x000000000000bc01
4351000: system.cpu: T0 : 0x10560    : addiw a4, a5, 0            : IntAlu :  D=0x000000000000bc01
4351500: system.cpu: T0 : 0x10564    : ld a5, -24(s0)             : MemRead :  D=0x00000000000719e0 A=0x7ffffffffffffdb8
4352000: system.cpu: T0 : 0x10568    : c_addi a5, 16              : IntAlu :  D=0x00000000000719f0
4353000: system.cpu: T0 : 0x1056a    : slliw a4, a4, 2            : IntAlu :  D=0x000000000002f004
4353500: system.cpu: T0 : 0x1056e    : c_addiw a4, 0              : IntAlu :  D=0x000000000002f004
4354000: system.cpu: T0 : 0x10570    : c_sw a4, 0(a5)             : MemWrite :  D=0x000000000002f004 A=0x719f0
4355000: system.cpu: T0 : 0x10572    : lw a4, -48(s0)             : MemRead :  D=0xffffffffffffb0b9 A=0x7ffffffffffffda0
4356000: system.cpu: T0 : 0x10576    : lw a5, -56(s0)             : MemRead :  D=0x0000000000000aaa A=0x7ffffffffffffd98
4356500: system.cpu: T0 : 0x1057a    : c_addw a5, a4              : IntAlu :  D=0xffffffffffffbb63
4357000: system.cpu: T0 : 0x1057c    : addiw a4, a5, 0            : IntAlu :  D=0xffffffffffffbb63
4357500: system.cpu: T0 : 0x10580    : c_lui a5, 1                : IntAlu :  D=0x0000000000001000
4358500: system.cpu: T0 : 0x10582    : addiw a5, a5, 337          : IntAlu :  D=0x0000000000001151
4359500: system.cpu: T0 : 0x10586    : mulw a5, a4, a5            : IntMult :  D=0xfffffffffb5bdd53
4360500: system.cpu: T0 : 0x1058a    : sw a5, -44(s0)             : MemWrite :  D=0x00000000fb5bdd53 A=0x7ffffffffffffda4
4361500: system.cpu: T0 : 0x1058e    : lw a4, -56(s0)             : MemRead :  D=0x0000000000000aaa A=0x7ffffffffffffd98
4362000: system.cpu: T0 : 0x10592    : c_lui a5, 2                : IntAlu :  D=0x0000000000002000
4362500: system.cpu: T0 : 0x10594    : addiw a5, a5, -1922        : IntAlu :  D=0x000000000000187e
4363000: system.cpu: T0 : 0x10598    : mulw a5, a4, a5            : IntMult :  D=0x0000000001052fac
4363500: system.cpu: T0 : 0x1059c    : c_addiw a5, 0              : IntAlu :  D=0x0000000001052fac
4364500: system.cpu: T0 : 0x1059e    : lw a4, -44(s0)             : MemRead :  D=0xfffffffffb5bdd53 A=0x7ffffffffffffda4
4365000: system.cpu: T0 : 0x105a2    : c_addw a5, a4              : IntAlu :  D=0xfffffffffc610cff
4365500: system.cpu: T0 : 0x105a4    : c_addiw a5, 0              : IntAlu :  D=0xfffffffffc610cff
4366500: system.cpu: T0 : 0x105a6    : addiw a5, a5, 1024         : IntAlu :  D=0xfffffffffc6110ff
4367500: system.cpu: T0 : 0x105aa    : addiw a4, a5, 0            : IntAlu :  D=0xfffffffffc6110ff
4368500: system.cpu: T0 : 0x105ae    : ld a5, -24(s0)             : MemRead :  D=0x00000000000719e0 A=0x7ffffffffffffdb8
4369000: system.cpu: T0 : 0x105b2    : c_addi a5, 8               : IntAlu :  D=0x00000000000719e8
4369500: system.cpu: T0 : 0x105b4    : sraiw a4, a4, 11           : IntAlu :  D=0xffffffffffff8c22
4370000: system.cpu: T0 : 0x105b8    : c_addiw a4, 0              : IntAlu :  D=0xffffffffffff8c22
4370500: system.cpu: T0 : 0x105ba    : c_sw a4, 0(a5)             : MemWrite :  D=0x00000000ffff8c22 A=0x719e8
4371000: system.cpu: T0 : 0x105bc    : lw a4, -48(s0)             : MemRead :  D=0xffffffffffffb0b9 A=0x7ffffffffffffda0
4371500: system.cpu: T0 : 0x105c0    : c_lui a5, 1048572          : IntAlu :  D=0xffffffffffffc000
4372500: system.cpu: T0 : 0x105c2    : addiw a5, a5, 1247         : IntAlu :  D=0xffffffffffffc4df
4373500: system.cpu: T0 : 0x105c6    : mulw a5, a4, a5            : IntMult :  D=0x00000000124f9527
4374000: system.cpu: T0 : 0x105ca    : c_addiw a5, 0              : IntAlu :  D=0x00000000124f9527
4374500: system.cpu: T0 : 0x105cc    : lw a4, -44(s0)             : MemRead :  D=0xfffffffffb5bdd53 A=0x7ffffffffffffda4
4375000: system.cpu: T0 : 0x105d0    : c_addw a5, a4              : IntAlu :  D=0x000000000dab727a
4375500: system.cpu: T0 : 0x105d2    : c_addiw a5, 0              : IntAlu :  D=0x000000000dab727a
4376000: system.cpu: T0 : 0x105d4    : addiw a5, a5, 1024         : IntAlu :  D=0x000000000dab767a
4376500: system.cpu: T0 : 0x105d8    : addiw a4, a5, 0            : IntAlu :  D=0x000000000dab767a
4377000: system.cpu: T0 : 0x105dc    : ld a5, -24(s0)             : MemRead :  D=0x00000000000719e0 A=0x7ffffffffffffdb8
4377500: system.cpu: T0 : 0x105e0    : c_addi a5, 24              : IntAlu :  D=0x00000000000719f8
4378500: system.cpu: T0 : 0x105e2    : sraiw a4, a4, 11           : IntAlu :  D=0x000000000001b56e
4379000: system.cpu: T0 : 0x105e6    : c_addiw a4, 0              : IntAlu :  D=0x000000000001b56e
4379500: system.cpu: T0 : 0x105e8    : c_sw a4, 0(a5)             : MemWrite :  D=0x000000000001b56e A=0x719f8
4380500: system.cpu: T0 : 0x105ea    : lw a4, -64(s0)             : MemRead :  D=0x0000000000005007 A=0x7ffffffffffffd90
4381500: system.cpu: T0 : 0x105ee    : lw a5, -88(s0)             : MemRead :  D=0x0000000000003a7d A=0x7ffffffffffffd78
4382000: system.cpu: T0 : 0x105f2    : c_addw a5, a4              : IntAlu :  D=0x0000000000008a84
4382500: system.cpu: T0 : 0x105f4    : sw a5, -44(s0)             : MemWrite :  D=0x0000000000008a84 A=0x7ffffffffffffda4
4383000: system.cpu: T0 : 0x105f8    : lw a4, -72(s0)             : MemRead :  D=0xffffffffffff4699 A=0x7ffffffffffffd88
4383500: system.cpu: T0 : 0x105fc    : lw a5, -80(s0)             : MemRead :  D=0x00000000000089e2 A=0x7ffffffffffffd80
4384000: system.cpu: T0 : 0x10600    : c_addw a5, a4              : IntAlu :  D=0xffffffffffffd07b
4385000: system.cpu: T0 : 0x10602    : sw a5, -40(s0)             : MemWrite :  D=0x00000000ffffd07b A=0x7ffffffffffffda8
4386000: system.cpu: T0 : 0x10606    : lw a4, -64(s0)             : MemRead :  D=0x0000000000005007 A=0x7ffffffffffffd90
4387000: system.cpu: T0 : 0x1060a    : lw a5, -80(s0)             : MemRead :  D=0x00000000000089e2 A=0x7ffffffffffffd80
4387500: system.cpu: T0 : 0x1060e    : c_addw a5, a4              : IntAlu :  D=0x000000000000d9e9
4388000: system.cpu: T0 : 0x10610    : sw a5, -36(s0)             : MemWrite :  D=0x000000000000d9e9 A=0x7ffffffffffffdac
4388500: system.cpu: T0 : 0x10614    : lw a4, -72(s0)             : MemRead :  D=0xffffffffffff4699 A=0x7ffffffffffffd88
4389000: system.cpu: T0 : 0x10618    : lw a5, -88(s0)             : MemRead :  D=0x0000000000003a7d A=0x7ffffffffffffd78
4389500: system.cpu: T0 : 0x1061c    : c_addw a5, a4              : IntAlu :  D=0xffffffffffff8116
4390500: system.cpu: T0 : 0x1061e    : sw a5, -32(s0)             : MemWrite :  D=0x00000000ffff8116 A=0x7ffffffffffffdb0
4391500: system.cpu: T0 : 0x10622    : lw a4, -36(s0)             : MemRead :  D=0x000000000000d9e9 A=0x7ffffffffffffdac
4392500: system.cpu: T0 : 0x10626    : lw a5, -32(s0)             : MemRead :  D=0xffffffffffff8116 A=0x7ffffffffffffdb0
4393000: system.cpu: T0 : 0x1062a    : c_addw a5, a4              : IntAlu :  D=0x0000000000005aff
4393500: system.cpu: T0 : 0x1062c    : addiw a4, a5, 0            : IntAlu :  D=0x0000000000005aff
4394000: system.cpu: T0 : 0x10630    : c_lui a5, 2                : IntAlu :  D=0x0000000000002000
4395000: system.cpu: T0 : 0x10632    : addiw a5, a5, 1441         : IntAlu :  D=0x00000000000025a1
4396000: system.cpu: T0 : 0x10636    : mulw a5, a4, a5            : IntMult :  D=0x000000000d60155f
4397000: system.cpu: T0 : 0x1063a    : sw a5, -28(s0)             : MemWrite :  D=0x000000000d60155f A=0x7ffffffffffffdb4
4398000: system.cpu: T0 : 0x1063e    : lw a4, -64(s0)             : MemRead :  D=0x0000000000005007 A=0x7ffffffffffffd90
4398500: system.cpu: T0 : 0x10642    : c_lui a5, 1                : IntAlu :  D=0x0000000000001000
4399000: system.cpu: T0 : 0x10644    : addiw a5, a5, -1650        : IntAlu :  D=0x000000000000098e
4399500: system.cpu: T0 : 0x10648    : mulw a5, a4, a5            : IntMult :  D=0x0000000002fca2e2
4400000: system.cpu: T0 : 0x1064c    : sw a5, -64(s0)             : MemWrite :  D=0x0000000002fca2e2 A=0x7ffffffffffffd90
4400500: system.cpu: T0 : 0x10650    : lw a4, -72(s0)             : MemRead :  D=0xffffffffffff4699 A=0x7ffffffffffffd88
4401000: system.cpu: T0 : 0x10654    : c_lui a5, 4                : IntAlu :  D=0x0000000000004000
4402000: system.cpu: T0 : 0x10656    : addiw a5, a5, 435          : IntAlu :  D=0x00000000000041b3
4403000: system.cpu: T0 : 0x1065a    : mulw a5, a4, a5            : IntMult :  D=0xffffffffd06b35fb
4404000: system.cpu: T0 : 0x1065e    : sw a5, -72(s0)             : MemWrite :  D=0x00000000d06b35fb A=0x7ffffffffffffd88
4405000: system.cpu: T0 : 0x10662    : lw a4, -80(s0)             : MemRead :  D=0x00000000000089e2 A=0x7ffffffffffffd80
4405500: system.cpu: T0 : 0x10666    : c_lui a5, 6                : IntAlu :  D=0x0000000000006000
4406000: system.cpu: T0 : 0x10668    : addiw a5, a5, 596          : IntAlu :  D=0x0000000000006254
4406500: system.cpu: T0 : 0x1066c    : mulw a5, a4, a5            : IntMult :  D=0x0000000034f5c228
4407000: system.cpu: T0 : 0x10670    : sw a5, -80(s0)             : MemWrite :  D=0x0000000034f5c228 A=0x7ffffffffffffd80
4407500: system.cpu: T0 : 0x10674    : lw a4, -88(s0)             : MemRead :  D=0x0000000000003a7d A=0x7ffffffffffffd78
4408000: system.cpu: T0 : 0x10678    : c_lui a5, 3                : IntAlu :  D=0x0000000000003000
4408500: system.cpu: T0 : 0x1067a    : c_addiw a5, 11             : IntAlu :  D=0x000000000000300b
4409000: system.cpu: T0 : 0x1067c    : mulw a5, a4, a5            : IntMult :  D=0x000000000af9f35f
4409500: system.cpu: T0 : 0x10680    : sw a5, -88(s0)             : MemWrite :  D=0x000000000af9f35f A=0x7ffffffffffffd78
4410000: system.cpu: T0 : 0x10684    : lw a4, -44(s0)             : MemRead :  D=0x0000000000008a84 A=0x7ffffffffffffda4
4410500: system.cpu: T0 : 0x10688    : c_lui a5, 1048574          : IntAlu :  D=0xffffffffffffe000
4411500: system.cpu: T0 : 0x1068a    : addiw a5, a5, 819          : IntAlu :  D=0xffffffffffffe333
4412500: system.cpu: T0 : 0x1068e    : mulw a5, a4, a5            : IntMult :  D=0xfffffffff06aa44c
4413500: system.cpu: T0 : 0x10692    : sw a5, -44(s0)             : MemWrite :  D=0x00000000f06aa44c A=0x7ffffffffffffda4
4414500: system.cpu: T0 : 0x10696    : lw a4, -40(s0)             : MemRead :  D=0xffffffffffffd07b A=0x7ffffffffffffda8
4415000: system.cpu: T0 : 0x1069a    : c_lui a5, 1048571          : IntAlu :  D=0xffffffffffffb000
4415500: system.cpu: T0 : 0x1069c    : addiw a5, a5, -515         : IntAlu :  D=0xffffffffffffadfd
4416000: system.cpu: T0 : 0x106a0    : mulw a5, a4, a5            : IntMult :  D=0x000000000f39288f
4416500: system.cpu: T0 : 0x106a4    : sw a5, -40(s0)             : MemWrite :  D=0x000000000f39288f A=0x7ffffffffffffda8
4417000: system.cpu: T0 : 0x106a8    : lw a4, -36(s0)             : MemRead :  D=0x000000000000d9e9 A=0x7ffffffffffffdac
4417500: system.cpu: T0 : 0x106ac    : c_lui a5, 1048572          : IntAlu :  D=0xffffffffffffc000
4418500: system.cpu: T0 : 0x106ae    : addiw a5, a5, 315          : IntAlu :  D=0xffffffffffffc13b
4419500: system.cpu: T0 : 0x106b2    : mulw a5, a4, a5            : IntMult :  D=0xffffffffca91e1b3
4420500: system.cpu: T0 : 0x106b6    : sw a5, -36(s0)             : MemWrite :  D=0x00000000ca91e1b3 A=0x7ffffffffffffdac
4421500: system.cpu: T0 : 0x106ba    : lw a4, -32(s0)             : MemRead :  D=0xffffffffffff8116 A=0x7ffffffffffffdb0
4422000: system.cpu: T0 : 0x106be    : c_lui a5, 1048575          : IntAlu :  D=0xfffffffffffff000
4422500: system.cpu: T0 : 0x106c0    : addiw a5, a5, 900          : IntAlu :  D=0xfffffffffffff384
4423000: system.cpu: T0 : 0x106c4    : mulw a5, a4, a5            : IntMult :  D=0x0000000006307158
4423500: system.cpu: T0 : 0x106c8    : sw a5, -32(s0)             : MemWrite :  D=0x0000000006307158 A=0x7ffffffffffffdb0
4424000: system.cpu: T0 : 0x106cc    : lw a4, -36(s0)             : MemRead :  D=0xffffffffca91e1b3 A=0x7ffffffffffffdac
4424500: system.cpu: T0 : 0x106d0    : lw a5, -28(s0)             : MemRead :  D=0x000000000d60155f A=0x7ffffffffffffdb4
4425000: system.cpu: T0 : 0x106d4    : c_addw a5, a4              : IntAlu :  D=0xffffffffd7f1f712
4426000: system.cpu: T0 : 0x106d6    : sw a5, -36(s0)             : MemWrite :  D=0x00000000d7f1f712 A=0x7ffffffffffffdac
4427000: system.cpu: T0 : 0x106da    : lw a4, -32(s0)             : MemRead :  D=0x0000000006307158 A=0x7ffffffffffffdb0
4428000: system.cpu: T0 : 0x106de    : lw a5, -28(s0)             : MemRead :  D=0x000000000d60155f A=0x7ffffffffffffdb4
4428500: system.cpu: T0 : 0x106e2    : c_addw a5, a4              : IntAlu :  D=0x00000000139086b7
4429000: system.cpu: T0 : 0x106e4    : sw a5, -32(s0)             : MemWrite :  D=0x00000000139086b7 A=0x7ffffffffffffdb0
4429500: system.cpu: T0 : 0x106e8    : lw a4, -64(s0)             : MemRead :  D=0x0000000002fca2e2 A=0x7ffffffffffffd90
4430000: system.cpu: T0 : 0x106ec    : lw a5, -44(s0)             : MemRead :  D=0xfffffffff06aa44c A=0x7ffffffffffffda4
4430500: system.cpu: T0 : 0x106f0    : c_addw a5, a4              : IntAlu :  D=0xfffffffff367472e
4431000: system.cpu: T0 : 0x106f2    : c_addiw a5, 0              : IntAlu :  D=0xfffffffff367472e
4431500: system.cpu: T0 : 0x106f4    : lw a4, -36(s0)             : MemRead :  D=0xffffffffd7f1f712 A=0x7ffffffffffffdac
4432000: system.cpu: T0 : 0x106f8    : c_addw a5, a4              : IntAlu :  D=0xffffffffcb593e40
4432500: system.cpu: T0 : 0x106fa    : c_addiw a5, 0              : IntAlu :  D=0xffffffffcb593e40
4433000: system.cpu: T0 : 0x106fc    : addiw a5, a5, 1024         : IntAlu :  D=0xffffffffcb594240
4433500: system.cpu: T0 : 0x10700    : addiw a4, a5, 0            : IntAlu :  D=0xffffffffcb594240
4434000: system.cpu: T0 : 0x10704    : ld a5, -24(s0)             : MemRead :  D=0x00000000000719e0 A=0x7ffffffffffffdb8
4434500: system.cpu: T0 : 0x10708    : c_addi a5, 28              : IntAlu :  D=0x00000000000719fc
4435500: system.cpu: T0 : 0x1070a    : sraiw a4, a4, 11           : IntAlu :  D=0xfffffffffff96b28
4436000: system.cpu: T0 : 0x1070e    : c_addiw a4, 0              : IntAlu :  D=0xfffffffffff96b28
4436500: system.cpu: T0 : 0x10710    : c_sw a4, 0(a5)             : MemWrite :  D=0x00000000fff96b28 A=0x719fc
4437500: system.cpu: T0 : 0x10712    : lw a4, -72(s0)             : MemRead :  D=0xffffffffd06b35fb A=0x7ffffffffffffd88
4438500: system.cpu: T0 : 0x10716    : lw a5, -40(s0)             : MemRead :  D=0x000000000f39288f A=0x7ffffffffffffda8
4439000: system.cpu: T0 : 0x1071a    : c_addw a5, a4              : IntAlu :  D=0xffffffffdfa45e8a
4439500: system.cpu: T0 : 0x1071c    : c_addiw a5, 0              : IntAlu :  D=0xffffffffdfa45e8a
4440500: system.cpu: T0 : 0x1071e    : lw a4, -32(s0)             : MemRead :  D=0x00000000139086b7 A=0x7ffffffffffffdb0
4441000: system.cpu: T0 : 0x10722    : c_addw a5, a4              : IntAlu :  D=0xfffffffff334e541
4441500: system.cpu: T0 : 0x10724    : c_addiw a5, 0              : IntAlu :  D=0xfffffffff334e541
4442500: system.cpu: T0 : 0x10726    : addiw a5, a5, 1024         : IntAlu :  D=0xfffffffff334e941
4443500: system.cpu: T0 : 0x1072a    : addiw a4, a5, 0            : IntAlu :  D=0xfffffffff334e941
4444500: system.cpu: T0 : 0x1072e    : ld a5, -24(s0)             : MemRead :  D=0x00000000000719e0 A=0x7ffffffffffffdb8
4445000: system.cpu: T0 : 0x10732    : c_addi a5, 20              : IntAlu :  D=0x00000000000719f4
4445500: system.cpu: T0 : 0x10734    : sraiw a4, a4, 11           : IntAlu :  D=0xfffffffffffe669d
4446000: system.cpu: T0 : 0x10738    : c_addiw a4, 0              : IntAlu :  D=0xfffffffffffe669d
4446500: system.cpu: T0 : 0x1073a    : c_sw a4, 0(a5)             : MemWrite :  D=0x00000000fffe669d A=0x719f4
4447000: system.cpu: T0 : 0x1073c    : lw a4, -80(s0)             : MemRead :  D=0x0000000034f5c228 A=0x7ffffffffffffd80
4447500: system.cpu: T0 : 0x10740    : lw a5, -40(s0)             : MemRead :  D=0x000000000f39288f A=0x7ffffffffffffda8
4448000: system.cpu: T0 : 0x10744    : c_addw a5, a4              : IntAlu :  D=0x00000000442eeab7
4448500: system.cpu: T0 : 0x10746    : c_addiw a5, 0              : IntAlu :  D=0x00000000442eeab7
4449000: system.cpu: T0 : 0x10748    : lw a4, -36(s0)             : MemRead :  D=0xffffffffd7f1f712 A=0x7ffffffffffffdac
4449500: system.cpu: T0 : 0x1074c    : c_addw a5, a4              : IntAlu :  D=0x000000001c20e1c9
4450000: system.cpu: T0 : 0x1074e    : c_addiw a5, 0              : IntAlu :  D=0x000000001c20e1c9
4450500: system.cpu: T0 : 0x10750    : addiw a5, a5, 1024         : IntAlu :  D=0x000000001c20e5c9
4451000: system.cpu: T0 : 0x10754    : addiw a4, a5, 0            : IntAlu :  D=0x000000001c20e5c9
4451500: system.cpu: T0 : 0x10758    : ld a5, -24(s0)             : MemRead :  D=0x00000000000719e0 A=0x7ffffffffffffdb8
4452000: system.cpu: T0 : 0x1075c    : c_addi a5, 12              : IntAlu :  D=0x00000000000719ec
4453000: system.cpu: T0 : 0x1075e    : sraiw a4, a4, 11           : IntAlu :  D=0x000000000003841c
4453500: system.cpu: T0 : 0x10762    : c_addiw a4, 0              : IntAlu :  D=0x000000000003841c
4454000: system.cpu: T0 : 0x10764    : c_sw a4, 0(a5)             : MemWrite :  D=0x000000000003841c A=0x719ec
4455000: system.cpu: T0 : 0x10766    : lw a4, -88(s0)             : MemRead :  D=0x000000000af9f35f A=0x7ffffffffffffd78
4456000: system.cpu: T0 : 0x1076a    : lw a5, -44(s0)             : MemRead :  D=0xfffffffff06aa44c A=0x7ffffffffffffda4
4456500: system.cpu: T0 : 0x1076e    : c_addw a5, a4              : IntAlu :  D=0xfffffffffb6497ab
4457000: system.cpu: T0 : 0x10770    : c_addiw a5, 0              : IntAlu :  D=0xfffffffffb6497ab
4458000: system.cpu: T0 : 0x10772    : lw a4, -32(s0)             : MemRead :  D=0x00000000139086b7 A=0x7ffffffffffffdb0
4458500: system.cpu: T0 : 0x10776    : c_addw a5, a4              : IntAlu :  D=0x000000000ef51e62
4459000: system.cpu: T0 : 0x10778    : c_addiw a5, 0              : IntAlu :  D=0x000000000ef51e62
4460000: system.cpu: T0 : 0x1077a    : addiw a5, a5, 1024         : IntAlu :  D=0x000000000ef52262
4461000: system.cpu: T0 : 0x1077e    : addiw a4, a5, 0            : IntAlu :  D=0x000000000ef52262
4462000: system.cpu: T0 : 0x10782    : ld a5, -24(s0)             : MemRead :  D=0x00000000000719e0 A=0x7ffffffffffffdb8
4462500: system.cpu: T0 : 0x10786    : c_addi a5, 4               : IntAlu :  D=0x00000000000719e4
4463000: system.cpu: T0 : 0x10788    : sraiw a4, a4, 11           : IntAlu :  D=0x000000000001dea4
4463500: system.cpu: T0 : 0x1078c    : c_addiw a4, 0              : IntAlu :  D=0x000000000001dea4
4464000: system.cpu: T0 : 0x1078e    : c_sw a4, 0(a5)             : MemWrite :  D=0x000000000001dea4 A=0x719e4
4464500: system.cpu: T0 : 0x10790    : ld a5, -24(s0)             : MemRead :  D=0x00000000000719e0 A=0x7ffffffffffffdb8
4465000: system.cpu: T0 : 0x10794    : addi a5, a5, 32            : IntAlu :  D=0x0000000000071a00
4465500: system.cpu: T0 : 0x10798    : sd a5, -24(s0)             : MemWrite :  D=0x0000000000071a00 A=0x7ffffffffffffdb8
4466000: system.cpu: T0 : 0x1079c    : lw a5, -96(s0)             : MemRead :  D=0x0000000000000003 A=0x7ffffffffffffd70
4466500: system.cpu: T0 : 0x107a0    : c_addiw a5, -1             : IntAlu :  D=0x0000000000000002
4467500: system.cpu: T0 : 0x107a2    : sw a5, -96(s0)             : MemWrite :  D=0x0000000000000002 A=0x7ffffffffffffd70
4468500: system.cpu: T0 : 0x107a6    : lw a5, -96(s0)             : MemRead :  D=0x0000000000000002 A=0x7ffffffffffffd70
4469000: system.cpu: T0 : 0x107aa    : c_addiw a5, 0              : IntAlu :  D=0x0000000000000002
4469500: system.cpu: T0 : 0x107ac    : bge a5, zero, -866         : IntAlu : 
4470500: system.cpu: T0 : 0x1044a    : ld a5, -24(s0)             : MemRead :  D=0x0000000000071a00 A=0x7ffffffffffffdb8
4471000: system.cpu: T0 : 0x1044e    : c_lw a4, 0(a5)             : MemRead :  D=0x0000000000003349 A=0x71a00
4471500: system.cpu: T0 : 0x10450    : ld a5, -24(s0)             : MemRead :  D=0x0000000000071a00 A=0x7ffffffffffffdb8
4472000: system.cpu: T0 : 0x10454    : c_addi a5, 28              : IntAlu :  D=0x0000000000071a1c
4472500: system.cpu: T0 : 0x10456    : c_lw a5, 0(a5)             : MemRead :  D=0x0000000000008080 A=0x71a1c
4473000: system.cpu: T0 : 0x10458    : c_addw a5, a4              : IntAlu :  D=0x000000000000b3c9
4474000: system.cpu: T0 : 0x1045a    : sw a5, -92(s0)             : MemWrite :  D=0x000000000000b3c9 A=0x7ffffffffffffd74
4475000: system.cpu: T0 : 0x1045e    : ld a5, -24(s0)             : MemRead :  D=0x0000000000071a00 A=0x7ffffffffffffdb8
4475500: system.cpu: T0 : 0x10462    : c_lw a4, 0(a5)             : MemRead :  D=0x0000000000003349 A=0x71a00
4476000: system.cpu: T0 : 0x10464    : ld a5, -24(s0)             : MemRead :  D=0x0000000000071a00 A=0x7ffffffffffffdb8
4476500: system.cpu: T0 : 0x10468    : c_addi a5, 28              : IntAlu :  D=0x0000000000071a1c
4477000: system.cpu: T0 : 0x1046a    : c_lw a5, 0(a5)             : MemRead :  D=0x0000000000008080 A=0x71a1c
4477500: system.cpu: T0 : 0x1046c    : subw a5, a4, a5            : IntAlu :  D=0xffffffffffffb2c9
4478000: system.cpu: T0 : 0x10470    : sw a5, -88(s0)             : MemWrite :  D=0x00000000ffffb2c9 A=0x7ffffffffffffd78
4478500: system.cpu: T0 : 0x10474    : ld a5, -24(s0)             : MemRead :  D=0x0000000000071a00 A=0x7ffffffffffffdb8
4479000: system.cpu: T0 : 0x10478    : c_addi a5, 4               : IntAlu :  D=0x0000000000071a04
4479500: system.cpu: T0 : 0x1047a    : c_lw a4, 0(a5)             : MemRead :  D=0x000000000000a558 A=0x71a04
4480000: system.cpu: T0 : 0x1047c    : ld a5, -24(s0)             : MemRead :  D=0x0000000000071a00 A=0x7ffffffffffffdb8
4480500: system.cpu: T0 : 0x10480    : c_addi a5, 24              : IntAlu :  D=0x0000000000071a18
4481000: system.cpu: T0 : 0x10482    : c_lw a5, 0(a5)             : MemRead :  D=0x000000000000a492 A=0x71a18
4481500: system.cpu: T0 : 0x10484    : c_addw a5, a4              : IntAlu :  D=0x00000000000149ea
4482500: system.cpu: T0 : 0x10486    : sw a5, -84(s0)             : MemWrite :  D=0x00000000000149ea A=0x7ffffffffffffd7c
4483500: system.cpu: T0 : 0x1048a    : ld a5, -24(s0)             : MemRead :  D=0x0000000000071a00 A=0x7ffffffffffffdb8
4484000: system.cpu: T0 : 0x1048e    : c_addi a5, 4               : IntAlu :  D=0x0000000000071a04
4484500: system.cpu: T0 : 0x10490    : c_lw a4, 0(a5)             : MemRead :  D=0x000000000000a558 A=0x71a04
4485500: system.cpu: T0 : 0x10492    : ld a5, -24(s0)             : MemRead :  D=0x0000000000071a00 A=0x7ffffffffffffdb8
4486000: system.cpu: T0 : 0x10496    : c_addi a5, 24              : IntAlu :  D=0x0000000000071a18
4486500: system.cpu: T0 : 0x10498    : c_lw a5, 0(a5)             : MemRead :  D=0x000000000000a492 A=0x71a18
4487500: system.cpu: T0 : 0x1049a    : subw a5, a4, a5            : IntAlu :  D=0x00000000000000c6
4488500: system.cpu: T0 : 0x1049e    : sw a5, -80(s0)             : MemWrite :  D=0x00000000000000c6 A=0x7ffffffffffffd80
4489500: system.cpu: T0 : 0x104a2    : ld a5, -24(s0)             : MemRead :  D=0x0000000000071a00 A=0x7ffffffffffffdb8
4490000: system.cpu: T0 : 0x104a6    : c_addi a5, 8               : IntAlu :  D=0x0000000000071a08
4490500: system.cpu: T0 : 0x104a8    : c_lw a4, 0(a5)             : MemRead :  D=0x000000000000e75e A=0x71a08
4491500: system.cpu: T0 : 0x104aa    : ld a5, -24(s0)             : MemRead :  D=0x0000000000071a00 A=0x7ffffffffffffdb8
4492000: system.cpu: T0 : 0x104ae    : c_addi a5, 20              : IntAlu :  D=0x0000000000071a14
4492500: system.cpu: T0 : 0x104b0    : c_lw a5, 0(a5)             : MemRead :  D=0x0000000000003721 A=0x71a14
4493000: system.cpu: T0 : 0x104b2    : c_addw a5, a4              : IntAlu :  D=0x0000000000011e7f
4493500: system.cpu: T0 : 0x104b4    : sw a5, -76(s0)             : MemWrite :  D=0x0000000000011e7f A=0x7ffffffffffffd84
4494000: system.cpu: T0 : 0x104b8    : ld a5, -24(s0)             : MemRead :  D=0x0000000000071a00 A=0x7ffffffffffffdb8
4494500: system.cpu: T0 : 0x104bc    : c_addi a5, 8               : IntAlu :  D=0x0000000000071a08
4495000: system.cpu: T0 : 0x104be    : c_lw a4, 0(a5)             : MemRead :  D=0x000000000000e75e A=0x71a08
4495500: system.cpu: T0 : 0x104c0    : ld a5, -24(s0)             : MemRead :  D=0x0000000000071a00 A=0x7ffffffffffffdb8
4496000: system.cpu: T0 : 0x104c4    : c_addi a5, 20              : IntAlu :  D=0x0000000000071a14
4496500: system.cpu: T0 : 0x104c6    : c_lw a5, 0(a5)             : MemRead :  D=0x0000000000003721 A=0x71a14
4497000: system.cpu: T0 : 0x104c8    : subw a5, a4, a5            : IntAlu :  D=0x000000000000b03d
4497500: system.cpu: T0 : 0x104cc    : sw a5, -72(s0)             : MemWrite :  D=0x000000000000b03d A=0x7ffffffffffffd88
4498000: system.cpu: T0 : 0x104d0    : ld a5, -24(s0)             : MemRead :  D=0x0000000000071a00 A=0x7ffffffffffffdb8
4498500: system.cpu: T0 : 0x104d4    : c_addi a5, 12              : IntAlu :  D=0x0000000000071a0c
4499000: system.cpu: T0 : 0x104d6    : c_lw a4, 0(a5)             : MemRead :  D=0x000000000000349f A=0x71a0c
4499500: system.cpu: T0 : 0x104d8    : ld a5, -24(s0)             : MemRead :  D=0x0000000000071a00 A=0x7ffffffffffffdb8
4500000: system.cpu: T0 : 0x104dc    : c_addi a5, 16              : IntAlu :  D=0x0000000000071a10
4500500: system.cpu: T0 : 0x104de    : c_lw a5, 0(a5)             : MemRead :  D=0x0000000000005707 A=0x71a10
4501000: system.cpu: T0 : 0x104e0    : c_addw a5, a4              : IntAlu :  D=0x0000000000008ba6
4502000: system.cpu: T0 : 0x104e2    : sw a5, -68(s0)             : MemWrite :  D=0x0000000000008ba6 A=0x7ffffffffffffd8c
4503000: system.cpu: T0 : 0x104e6    : ld a5, -24(s0)             : MemRead :  D=0x0000000000071a00 A=0x7ffffffffffffdb8
4503500: system.cpu: T0 : 0x104ea    : c_addi a5, 12              : IntAlu :  D=0x0000000000071a0c
4504000: system.cpu: T0 : 0x104ec    : c_lw a4, 0(a5)             : MemRead :  D=0x000000000000349f A=0x71a0c
4505000: system.cpu: T0 : 0x104ee    : ld a5, -24(s0)             : MemRead :  D=0x0000000000071a00 A=0x7ffffffffffffdb8
4505500: system.cpu: T0 : 0x104f2    : c_addi a5, 16              : IntAlu :  D=0x0000000000071a10
4506000: system.cpu: T0 : 0x104f4    : c_lw a5, 0(a5)             : MemRead :  D=0x0000000000005707 A=0x71a10
4507000: system.cpu: T0 : 0x104f6    : subw a5, a4, a5            : IntAlu :  D=0xffffffffffffdd98
4508000: system.cpu: T0 : 0x104fa    : sw a5, -64(s0)             : MemWrite :  D=0x00000000ffffdd98 A=0x7ffffffffffffd90
4509000: system.cpu: T0 : 0x104fe    : lw a4, -92(s0)             : MemRead :  D=0x000000000000b3c9 A=0x7ffffffffffffd74
4510000: system.cpu: T0 : 0x10502    : lw a5, -68(s0)             : MemRead :  D=0x0000000000008ba6 A=0x7ffffffffffffd8c
4510500: system.cpu: T0 : 0x10506    : c_addw a5, a4              : IntAlu :  D=0x0000000000013f6f
4511000: system.cpu: T0 : 0x10508    : sw a5, -60(s0)             : MemWrite :  D=0x0000000000013f6f A=0x7ffffffffffffd94
4511500: system.cpu: T0 : 0x1050c    : lw a4, -92(s0)             : MemRead :  D=0x000000000000b3c9 A=0x7ffffffffffffd74
4512000: system.cpu: T0 : 0x10510    : lw a5, -68(s0)             : MemRead :  D=0x0000000000008ba6 A=0x7ffffffffffffd8c
4512500: system.cpu: T0 : 0x10514    : subw a5, a4, a5            : IntAlu :  D=0x0000000000002823
4513000: system.cpu: T0 : 0x10518    : sw a5, -56(s0)             : MemWrite :  D=0x0000000000002823 A=0x7ffffffffffffd98
4513500: system.cpu: T0 : 0x1051c    : lw a4, -84(s0)             : MemRead :  D=0x00000000000149ea A=0x7ffffffffffffd7c
4514000: system.cpu: T0 : 0x10520    : lw a5, -76(s0)             : MemRead :  D=0x0000000000011e7f A=0x7ffffffffffffd84
4514500: system.cpu: T0 : 0x10524    : c_addw a5, a4              : IntAlu :  D=0x0000000000026869
4515500: system.cpu: T0 : 0x10526    : sw a5, -52(s0)             : MemWrite :  D=0x0000000000026869 A=0x7ffffffffffffd9c
4516500: system.cpu: T0 : 0x1052a    : lw a4, -84(s0)             : MemRead :  D=0x00000000000149ea A=0x7ffffffffffffd7c
4517500: system.cpu: T0 : 0x1052e    : lw a5, -76(s0)             : MemRead :  D=0x0000000000011e7f A=0x7ffffffffffffd84
4518500: system.cpu: T0 : 0x10532    : subw a5, a4, a5            : IntAlu :  D=0x0000000000002b6b
4519500: system.cpu: T0 : 0x10536    : sw a5, -48(s0)             : MemWrite :  D=0x0000000000002b6b A=0x7ffffffffffffda0
4520500: system.cpu: T0 : 0x1053a    : lw a4, -60(s0)             : MemRead :  D=0x0000000000013f6f A=0x7ffffffffffffd94
4521500: system.cpu: T0 : 0x1053e    : lw a5, -52(s0)             : MemRead :  D=0x0000000000026869 A=0x7ffffffffffffd9c
4522000: system.cpu: T0 : 0x10542    : c_addw a5, a4              : IntAlu :  D=0x000000000003a7d8
4522500: system.cpu: T0 : 0x10544    : c_addiw a5, 0              : IntAlu :  D=0x000000000003a7d8
4523500: system.cpu: T0 : 0x10546    : slliw a5, a5, 2            : IntAlu :  D=0x00000000000e9f60
4524500: system.cpu: T0 : 0x1054a    : addiw a4, a5, 0            : IntAlu :  D=0x00000000000e9f60
4525500: system.cpu: T0 : 0x1054e    : ld a5, -24(s0)             : MemRead :  D=0x0000000000071a00 A=0x7ffffffffffffdb8
4526000: system.cpu: T0 : 0x10552    : c_sw a4, 0(a5)             : MemWrite :  D=0x00000000000e9f60 A=0x71a00
4526500: system.cpu: T0 : 0x10554    : lw a4, -60(s0)             : MemRead :  D=0x0000000000013f6f A=0x7ffffffffffffd94
4527000: system.cpu: T0 : 0x10558    : lw a5, -52(s0)             : MemRead :  D=0x0000000000026869 A=0x7ffffffffffffd9c
4527500: system.cpu: T0 : 0x1055c    : subw a5, a4, a5            : IntAlu :  D=0xfffffffffffed706
4528000: system.cpu: T0 : 0x10560    : addiw a4, a5, 0            : IntAlu :  D=0xfffffffffffed706
4528500: system.cpu: T0 : 0x10564    : ld a5, -24(s0)             : MemRead :  D=0x0000000000071a00 A=0x7ffffffffffffdb8
4529000: system.cpu: T0 : 0x10568    : c_addi a5, 16              : IntAlu :  D=0x0000000000071a10
4530000: system.cpu: T0 : 0x1056a    : slliw a4, a4, 2            : IntAlu :  D=0xfffffffffffb5c18
4530500: system.cpu: T0 : 0x1056e    : c_addiw a4, 0              : IntAlu :  D=0xfffffffffffb5c18
4531000: system.cpu: T0 : 0x10570    : c_sw a4, 0(a5)             : MemWrite :  D=0x00000000fffb5c18 A=0x71a10
4532000: system.cpu: T0 : 0x10572    : lw a4, -48(s0)             : MemRead :  D=0x0000000000002b6b A=0x7ffffffffffffda0
4533000: system.cpu: T0 : 0x10576    : lw a5, -56(s0)             : MemRead :  D=0x0000000000002823 A=0x7ffffffffffffd98
4533500: system.cpu: T0 : 0x1057a    : c_addw a5, a4              : IntAlu :  D=0x000000000000538e
4534000: system.cpu: T0 : 0x1057c    : addiw a4, a5, 0            : IntAlu :  D=0x000000000000538e
4534500: system.cpu: T0 : 0x10580    : c_lui a5, 1                : IntAlu :  D=0x0000000000001000
4535500: system.cpu: T0 : 0x10582    : addiw a5, a5, 337          : IntAlu :  D=0x0000000000001151
4536500: system.cpu: T0 : 0x10586    : mulw a5, a4, a5            : IntMult :  D=0x0000000005a6ddee
4537500: system.cpu: T0 : 0x1058a    : sw a5, -44(s0)             : MemWrite :  D=0x0000000005a6ddee A=0x7ffffffffffffda4
4538500: system.cpu: T0 : 0x1058e    : lw a4, -56(s0)             : MemRead :  D=0x0000000000002823 A=0x7ffffffffffffd98
4539000: system.cpu: T0 : 0x10592    : c_lui a5, 2                : IntAlu :  D=0x0000000000002000
4539500: system.cpu: T0 : 0x10594    : addiw a5, a5, -1922        : IntAlu :  D=0x000000000000187e
4540000: system.cpu: T0 : 0x10598    : mulw a5, a4, a5            : IntMult :  D=0x0000000003d7093a
4540500: system.cpu: T0 : 0x1059c    : c_addiw a5, 0              : IntAlu :  D=0x0000000003d7093a
4541500: system.cpu: T0 : 0x1059e    : lw a4, -44(s0)             : MemRead :  D=0x0000000005a6ddee A=0x7ffffffffffffda4
4542000: system.cpu: T0 : 0x105a2    : c_addw a5, a4              : IntAlu :  D=0x00000000097de728
4542500: system.cpu: T0 : 0x105a4    : c_addiw a5, 0              : IntAlu :  D=0x00000000097de728
4543500: system.cpu: T0 : 0x105a6    : addiw a5, a5, 1024         : IntAlu :  D=0x00000000097deb28
4544500: system.cpu: T0 : 0x105aa    : addiw a4, a5, 0            : IntAlu :  D=0x00000000097deb28
4545500: system.cpu: T0 : 0x105ae    : ld a5, -24(s0)             : MemRead :  D=0x0000000000071a00 A=0x7ffffffffffffdb8
4546000: system.cpu: T0 : 0x105b2    : c_addi a5, 8               : IntAlu :  D=0x0000000000071a08
4546500: system.cpu: T0 : 0x105b4    : sraiw a4, a4, 11           : IntAlu :  D=0x0000000000012fbd
4547000: system.cpu: T0 : 0x105b8    : c_addiw a4, 0              : IntAlu :  D=0x0000000000012fbd
4547500: system.cpu: T0 : 0x105ba    : c_sw a4, 0(a5)             : MemWrite :  D=0x0000000000012fbd A=0x71a08
4548000: system.cpu: T0 : 0x105bc    : lw a4, -48(s0)             : MemRead :  D=0x0000000000002b6b A=0x7ffffffffffffda0
4548500: system.cpu: T0 : 0x105c0    : c_lui a5, 1048572          : IntAlu :  D=0xffffffffffffc000
4549500: system.cpu: T0 : 0x105c2    : addiw a5, a5, 1247         : IntAlu :  D=0xffffffffffffc4df
4550500: system.cpu: T0 : 0x105c6    : mulw a5, a4, a5            : IntMult :  D=0xfffffffff5f8be35
4551000: system.cpu: T0 : 0x105ca    : c_addiw a5, 0              : IntAlu :  D=0xfffffffff5f8be35
4551500: system.cpu: T0 : 0x105cc    : lw a4, -44(s0)             : MemRead :  D=0x0000000005a6ddee A=0x7ffffffffffffda4
4552000: system.cpu: T0 : 0x105d0    : c_addw a5, a4              : IntAlu :  D=0xfffffffffb9f9c23
4552500: system.cpu: T0 : 0x105d2    : c_addiw a5, 0              : IntAlu :  D=0xfffffffffb9f9c23
4553000: system.cpu: T0 : 0x105d4    : addiw a5, a5, 1024         : IntAlu :  D=0xfffffffffb9fa023
4553500: system.cpu: T0 : 0x105d8    : addiw a4, a5, 0            : IntAlu :  D=0xfffffffffb9fa023
4554000: system.cpu: T0 : 0x105dc    : ld a5, -24(s0)             : MemRead :  D=0x0000000000071a00 A=0x7ffffffffffffdb8
4554500: system.cpu: T0 : 0x105e0    : c_addi a5, 24              : IntAlu :  D=0x0000000000071a18
4555500: system.cpu: T0 : 0x105e2    : sraiw a4, a4, 11           : IntAlu :  D=0xffffffffffff73f4
4556000: system.cpu: T0 : 0x105e6    : c_addiw a4, 0              : IntAlu :  D=0xffffffffffff73f4
4556500: system.cpu: T0 : 0x105e8    : c_sw a4, 0(a5)             : MemWrite :  D=0x00000000ffff73f4 A=0x71a18
4557500: system.cpu: T0 : 0x105ea    : lw a4, -64(s0)             : MemRead :  D=0xffffffffffffdd98 A=0x7ffffffffffffd90
4558500: system.cpu: T0 : 0x105ee    : lw a5, -88(s0)             : MemRead :  D=0xffffffffffffb2c9 A=0x7ffffffffffffd78
4559000: system.cpu: T0 : 0x105f2    : c_addw a5, a4              : IntAlu :  D=0xffffffffffff9061
4559500: system.cpu: T0 : 0x105f4    : sw a5, -44(s0)             : MemWrite :  D=0x00000000ffff9061 A=0x7ffffffffffffda4
4560000: system.cpu: T0 : 0x105f8    : lw a4, -72(s0)             : MemRead :  D=0x000000000000b03d A=0x7ffffffffffffd88
4560500: system.cpu: T0 : 0x105fc    : lw a5, -80(s0)             : MemRead :  D=0x00000000000000c6 A=0x7ffffffffffffd80
4561000: system.cpu: T0 : 0x10600    : c_addw a5, a4              : IntAlu :  D=0x000000000000b103
4562000: system.cpu: T0 : 0x10602    : sw a5, -40(s0)             : MemWrite :  D=0x000000000000b103 A=0x7ffffffffffffda8
4563000: system.cpu: T0 : 0x10606    : lw a4, -64(s0)             : MemRead :  D=0xffffffffffffdd98 A=0x7ffffffffffffd90
4564000: system.cpu: T0 : 0x1060a    : lw a5, -80(s0)             : MemRead :  D=0x00000000000000c6 A=0x7ffffffffffffd80
4564500: system.cpu: T0 : 0x1060e    : c_addw a5, a4              : IntAlu :  D=0xffffffffffffde5e
4565000: system.cpu: T0 : 0x10610    : sw a5, -36(s0)             : MemWrite :  D=0x00000000ffffde5e A=0x7ffffffffffffdac
4565500: system.cpu: T0 : 0x10614    : lw a4, -72(s0)             : MemRead :  D=0x000000000000b03d A=0x7ffffffffffffd88
4566000: system.cpu: T0 : 0x10618    : lw a5, -88(s0)             : MemRead :  D=0xffffffffffffb2c9 A=0x7ffffffffffffd78
4566500: system.cpu: T0 : 0x1061c    : c_addw a5, a4              : IntAlu :  D=0x0000000000006306
4567500: system.cpu: T0 : 0x1061e    : sw a5, -32(s0)             : MemWrite :  D=0x0000000000006306 A=0x7ffffffffffffdb0
4568500: system.cpu: T0 : 0x10622    : lw a4, -36(s0)             : MemRead :  D=0xffffffffffffde5e A=0x7ffffffffffffdac
4569500: system.cpu: T0 : 0x10626    : lw a5, -32(s0)             : MemRead :  D=0x0000000000006306 A=0x7ffffffffffffdb0
4570000: system.cpu: T0 : 0x1062a    : c_addw a5, a4              : IntAlu :  D=0x0000000000004164
4570500: system.cpu: T0 : 0x1062c    : addiw a4, a5, 0            : IntAlu :  D=0x0000000000004164
4571000: system.cpu: T0 : 0x10630    : c_lui a5, 2                : IntAlu :  D=0x0000000000002000
4572000: system.cpu: T0 : 0x10632    : addiw a5, a5, 1441         : IntAlu :  D=0x00000000000025a1
4573000: system.cpu: T0 : 0x10636    : mulw a5, a4, a5            : IntMult :  D=0x00000000099c93e4
4574000: system.cpu: T0 : 0x1063a    : sw a5, -28(s0)             : MemWrite :  D=0x00000000099c93e4 A=0x7ffffffffffffdb4
4575000: system.cpu: T0 : 0x1063e    : lw a4, -64(s0)             : MemRead :  D=0xffffffffffffdd98 A=0x7ffffffffffffd90
4575500: system.cpu: T0 : 0x10642    : c_lui a5, 1                : IntAlu :  D=0x0000000000001000
4576000: system.cpu: T0 : 0x10644    : addiw a5, a5, -1650        : IntAlu :  D=0x000000000000098e
4576500: system.cpu: T0 : 0x10648    : mulw a5, a4, a5            : IntMult :  D=0xfffffffffeb74250
4577000: system.cpu: T0 : 0x1064c    : sw a5, -64(s0)             : MemWrite :  D=0x00000000feb74250 A=0x7ffffffffffffd90
4577500: system.cpu: T0 : 0x10650    : lw a4, -72(s0)             : MemRead :  D=0x000000000000b03d A=0x7ffffffffffffd88
4578000: system.cpu: T0 : 0x10654    : c_lui a5, 4                : IntAlu :  D=0x0000000000004000
4579000: system.cpu: T0 : 0x10656    : addiw a5, a5, 435          : IntAlu :  D=0x00000000000041b3
4580000: system.cpu: T0 : 0x1065a    : mulw a5, a4, a5            : IntMult :  D=0x000000002d3ab7a7
4581000: system.cpu: T0 : 0x1065e    : sw a5, -72(s0)             : MemWrite :  D=0x000000002d3ab7a7 A=0x7ffffffffffffd88
4582000: system.cpu: T0 : 0x10662    : lw a4, -80(s0)             : MemRead :  D=0x00000000000000c6 A=0x7ffffffffffffd80
4582500: system.cpu: T0 : 0x10666    : c_lui a5, 6                : IntAlu :  D=0x0000000000006000
4583000: system.cpu: T0 : 0x10668    : addiw a5, a5, 596          : IntAlu :  D=0x0000000000006254
4583500: system.cpu: T0 : 0x1066c    : mulw a5, a4, a5            : IntMult :  D=0x00000000004c0cf8
4584000: system.cpu: T0 : 0x10670    : sw a5, -80(s0)             : MemWrite :  D=0x00000000004c0cf8 A=0x7ffffffffffffd80
4584500: system.cpu: T0 : 0x10674    : lw a4, -88(s0)             : MemRead :  D=0xffffffffffffb2c9 A=0x7ffffffffffffd78
4585000: system.cpu: T0 : 0x10678    : c_lui a5, 3                : IntAlu :  D=0x0000000000003000
4585500: system.cpu: T0 : 0x1067a    : c_addiw a5, 11             : IntAlu :  D=0x000000000000300b
4586000: system.cpu: T0 : 0x1067c    : mulw a5, a4, a5            : IntMult :  D=0xfffffffff1825ea3
4586500: system.cpu: T0 : 0x10680    : sw a5, -88(s0)             : MemWrite :  D=0x00000000f1825ea3 A=0x7ffffffffffffd78
4587000: system.cpu: T0 : 0x10684    : lw a4, -44(s0)             : MemRead :  D=0xffffffffffff9061 A=0x7ffffffffffffda4
4587500: system.cpu: T0 : 0x10688    : c_lui a5, 1048574          : IntAlu :  D=0xffffffffffffe000
4588500: system.cpu: T0 : 0x1068a    : addiw a5, a5, 819          : IntAlu :  D=0xffffffffffffe333
4589500: system.cpu: T0 : 0x1068e    : mulw a5, a4, a5            : IntMult :  D=0x000000000c8ec653
4590500: system.cpu: T0 : 0x10692    : sw a5, -44(s0)             : MemWrite :  D=0x000000000c8ec653 A=0x7ffffffffffffda4
4591500: system.cpu: T0 : 0x10696    : lw a4, -40(s0)             : MemRead :  D=0x000000000000b103 A=0x7ffffffffffffda8
4592000: system.cpu: T0 : 0x1069a    : c_lui a5, 1048571          : IntAlu :  D=0xffffffffffffb000
4592500: system.cpu: T0 : 0x1069c    : addiw a5, a5, -515         : IntAlu :  D=0xffffffffffffadfd
4593000: system.cpu: T0 : 0x106a0    : mulw a5, a4, a5            : IntMult :  D=0xffffffffc74af6f7
4593500: system.cpu: T0 : 0x106a4    : sw a5, -40(s0)             : MemWrite :  D=0x00000000c74af6f7 A=0x7ffffffffffffda8
4594000: system.cpu: T0 : 0x106a8    : lw a4, -36(s0)             : MemRead :  D=0xffffffffffffde5e A=0x7ffffffffffffdac
4594500: system.cpu: T0 : 0x106ac    : c_lui a5, 1048572          : IntAlu :  D=0xffffffffffffc000
4595500: system.cpu: T0 : 0x106ae    : addiw a5, a5, 315          : IntAlu :  D=0xffffffffffffc13b
4596500: system.cpu: T0 : 0x106b2    : mulw a5, a4, a5            : IntMult :  D=0x00000000083f1daa
4597500: system.cpu: T0 : 0x106b6    : sw a5, -36(s0)             : MemWrite :  D=0x00000000083f1daa A=0x7ffffffffffffdac
4598500: system.cpu: T0 : 0x106ba    : lw a4, -32(s0)             : MemRead :  D=0x0000000000006306 A=0x7ffffffffffffdb0
4599000: system.cpu: T0 : 0x106be    : c_lui a5, 1048575          : IntAlu :  D=0xfffffffffffff000
4599500: system.cpu: T0 : 0x106c0    : addiw a5, a5, 900          : IntAlu :  D=0xfffffffffffff384
4600000: system.cpu: T0 : 0x106c4    : mulw a5, a4, a5            : IntMult :  D=0xfffffffffb2bc118
4600500: system.cpu: T0 : 0x106c8    : sw a5, -32(s0)             : MemWrite :  D=0x00000000fb2bc118 A=0x7ffffffffffffdb0
4601000: system.cpu: T0 : 0x106cc    : lw a4, -36(s0)             : MemRead :  D=0x00000000083f1daa A=0x7ffffffffffffdac
4601500: system.cpu: T0 : 0x106d0    : lw a5, -28(s0)             : MemRead :  D=0x00000000099c93e4 A=0x7ffffffffffffdb4
4602000: system.cpu: T0 : 0x106d4    : c_addw a5, a4              : IntAlu :  D=0x0000000011dbb18e
4603000: system.cpu: T0 : 0x106d6    : sw a5, -36(s0)             : MemWrite :  D=0x0000000011dbb18e A=0x7ffffffffffffdac
4604000: system.cpu: T0 : 0x106da    : lw a4, -32(s0)             : MemRead :  D=0xfffffffffb2bc118 A=0x7ffffffffffffdb0
4605000: system.cpu: T0 : 0x106de    : lw a5, -28(s0)             : MemRead :  D=0x00000000099c93e4 A=0x7ffffffffffffdb4
4605500: system.cpu: T0 : 0x106e2    : c_addw a5, a4              : IntAlu :  D=0x0000000004c854fc
4606000: system.cpu: T0 : 0x106e4    : sw a5, -32(s0)             : MemWrite :  D=0x0000000004c854fc A=0x7ffffffffffffdb0
4606500: system.cpu: T0 : 0x106e8    : lw a4, -64(s0)             : MemRead :  D=0xfffffffffeb74250 A=0x7ffffffffffffd90
4607000: system.cpu: T0 : 0x106ec    : lw a5, -44(s0)             : MemRead :  D=0x000000000c8ec653 A=0x7ffffffffffffda4
4607500: system.cpu: T0 : 0x106f0    : c_addw a5, a4              : IntAlu :  D=0x000000000b4608a3
4608000: system.cpu: T0 : 0x106f2    : c_addiw a5, 0              : IntAlu :  D=0x000000000b4608a3
4608500: system.cpu: T0 : 0x106f4    : lw a4, -36(s0)             : MemRead :  D=0x0000000011dbb18e A=0x7ffffffffffffdac
4609000: system.cpu: T0 : 0x106f8    : c_addw a5, a4              : IntAlu :  D=0x000000001d21ba31
4609500: system.cpu: T0 : 0x106fa    : c_addiw a5, 0              : IntAlu :  D=0x000000001d21ba31
4610000: system.cpu: T0 : 0x106fc    : addiw a5, a5, 1024         : IntAlu :  D=0x000000001d21be31
4610500: system.cpu: T0 : 0x10700    : addiw a4, a5, 0            : IntAlu :  D=0x000000001d21be31
4611000: system.cpu: T0 : 0x10704    : ld a5, -24(s0)             : MemRead :  D=0x0000000000071a00 A=0x7ffffffffffffdb8
4611500: system.cpu: T0 : 0x10708    : c_addi a5, 28              : IntAlu :  D=0x0000000000071a1c
4612500: system.cpu: T0 : 0x1070a    : sraiw a4, a4, 11           : IntAlu :  D=0x000000000003a437
4613000: system.cpu: T0 : 0x1070e    : c_addiw a4, 0              : IntAlu :  D=0x000000000003a437
4613500: system.cpu: T0 : 0x10710    : c_sw a4, 0(a5)             : MemWrite :  D=0x000000000003a437 A=0x71a1c
4614500: system.cpu: T0 : 0x10712    : lw a4, -72(s0)             : MemRead :  D=0x000000002d3ab7a7 A=0x7ffffffffffffd88
4615500: system.cpu: T0 : 0x10716    : lw a5, -40(s0)             : MemRead :  D=0xffffffffc74af6f7 A=0x7ffffffffffffda8
4616000: system.cpu: T0 : 0x1071a    : c_addw a5, a4              : IntAlu :  D=0xfffffffff485ae9e
4616500: system.cpu: T0 : 0x1071c    : c_addiw a5, 0              : IntAlu :  D=0xfffffffff485ae9e
4617500: system.cpu: T0 : 0x1071e    : lw a4, -32(s0)             : MemRead :  D=0x0000000004c854fc A=0x7ffffffffffffdb0
4618000: system.cpu: T0 : 0x10722    : c_addw a5, a4              : IntAlu :  D=0xfffffffff94e039a
4618500: system.cpu: T0 : 0x10724    : c_addiw a5, 0              : IntAlu :  D=0xfffffffff94e039a
4619500: system.cpu: T0 : 0x10726    : addiw a5, a5, 1024         : IntAlu :  D=0xfffffffff94e079a
4620500: system.cpu: T0 : 0x1072a    : addiw a4, a5, 0            : IntAlu :  D=0xfffffffff94e079a
4621500: system.cpu: T0 : 0x1072e    : ld a5, -24(s0)             : MemRead :  D=0x0000000000071a00 A=0x7ffffffffffffdb8
4622000: system.cpu: T0 : 0x10732    : c_addi a5, 20              : IntAlu :  D=0x0000000000071a14
4622500: system.cpu: T0 : 0x10734    : sraiw a4, a4, 11           : IntAlu :  D=0xffffffffffff29c0
4623000: system.cpu: T0 : 0x10738    : c_addiw a4, 0              : IntAlu :  D=0xffffffffffff29c0
4623500: system.cpu: T0 : 0x1073a    : c_sw a4, 0(a5)             : MemWrite :  D=0x00000000ffff29c0 A=0x71a14
4624000: system.cpu: T0 : 0x1073c    : lw a4, -80(s0)             : MemRead :  D=0x00000000004c0cf8 A=0x7ffffffffffffd80
4624500: system.cpu: T0 : 0x10740    : lw a5, -40(s0)             : MemRead :  D=0xffffffffc74af6f7 A=0x7ffffffffffffda8
4625000: system.cpu: T0 : 0x10744    : c_addw a5, a4              : IntAlu :  D=0xffffffffc79703ef
4625500: system.cpu: T0 : 0x10746    : c_addiw a5, 0              : IntAlu :  D=0xffffffffc79703ef
4626000: system.cpu: T0 : 0x10748    : lw a4, -36(s0)             : MemRead :  D=0x0000000011dbb18e A=0x7ffffffffffffdac
4626500: system.cpu: T0 : 0x1074c    : c_addw a5, a4              : IntAlu :  D=0xffffffffd972b57d
4627000: system.cpu: T0 : 0x1074e    : c_addiw a5, 0              : IntAlu :  D=0xffffffffd972b57d
4627500: system.cpu: T0 : 0x10750    : addiw a5, a5, 1024         : IntAlu :  D=0xffffffffd972b97d
4628000: system.cpu: T0 : 0x10754    : addiw a4, a5, 0            : IntAlu :  D=0xffffffffd972b97d
4628500: system.cpu: T0 : 0x10758    : ld a5, -24(s0)             : MemRead :  D=0x0000000000071a00 A=0x7ffffffffffffdb8
4629000: system.cpu: T0 : 0x1075c    : c_addi a5, 12              : IntAlu :  D=0x0000000000071a0c
4630000: system.cpu: T0 : 0x1075e    : sraiw a4, a4, 11           : IntAlu :  D=0xfffffffffffb2e57
4630500: system.cpu: T0 : 0x10762    : c_addiw a4, 0              : IntAlu :  D=0xfffffffffffb2e57
4631000: system.cpu: T0 : 0x10764    : c_sw a4, 0(a5)             : MemWrite :  D=0x00000000fffb2e57 A=0x71a0c
4632000: system.cpu: T0 : 0x10766    : lw a4, -88(s0)             : MemRead :  D=0xfffffffff1825ea3 A=0x7ffffffffffffd78
4633000: system.cpu: T0 : 0x1076a    : lw a5, -44(s0)             : MemRead :  D=0x000000000c8ec653 A=0x7ffffffffffffda4
4633500: system.cpu: T0 : 0x1076e    : c_addw a5, a4              : IntAlu :  D=0xfffffffffe1124f6
4634000: system.cpu: T0 : 0x10770    : c_addiw a5, 0              : IntAlu :  D=0xfffffffffe1124f6
4635000: system.cpu: T0 : 0x10772    : lw a4, -32(s0)             : MemRead :  D=0x0000000004c854fc A=0x7ffffffffffffdb0
4635500: system.cpu: T0 : 0x10776    : c_addw a5, a4              : IntAlu :  D=0x0000000002d979f2
4636000: system.cpu: T0 : 0x10778    : c_addiw a5, 0              : IntAlu :  D=0x0000000002d979f2
4637000: system.cpu: T0 : 0x1077a    : addiw a5, a5, 1024         : IntAlu :  D=0x0000000002d97df2
4638000: system.cpu: T0 : 0x1077e    : addiw a4, a5, 0            : IntAlu :  D=0x0000000002d97df2
4639000: system.cpu: T0 : 0x10782    : ld a5, -24(s0)             : MemRead :  D=0x0000000000071a00 A=0x7ffffffffffffdb8
4639500: system.cpu: T0 : 0x10786    : c_addi a5, 4               : IntAlu :  D=0x0000000000071a04
4640000: system.cpu: T0 : 0x10788    : sraiw a4, a4, 11           : IntAlu :  D=0x0000000000005b2f
4640500: system.cpu: T0 : 0x1078c    : c_addiw a4, 0              : IntAlu :  D=0x0000000000005b2f
4641000: system.cpu: T0 : 0x1078e    : c_sw a4, 0(a5)             : MemWrite :  D=0x0000000000005b2f A=0x71a04
4641500: system.cpu: T0 : 0x10790    : ld a5, -24(s0)             : MemRead :  D=0x0000000000071a00 A=0x7ffffffffffffdb8
4642000: system.cpu: T0 : 0x10794    : addi a5, a5, 32            : IntAlu :  D=0x0000000000071a20
4642500: system.cpu: T0 : 0x10798    : sd a5, -24(s0)             : MemWrite :  D=0x0000000000071a20 A=0x7ffffffffffffdb8
4643000: system.cpu: T0 : 0x1079c    : lw a5, -96(s0)             : MemRead :  D=0x0000000000000002 A=0x7ffffffffffffd70
4643500: system.cpu: T0 : 0x107a0    : c_addiw a5, -1             : IntAlu :  D=0x0000000000000001
4644500: system.cpu: T0 : 0x107a2    : sw a5, -96(s0)             : MemWrite :  D=0x0000000000000001 A=0x7ffffffffffffd70
4645500: system.cpu: T0 : 0x107a6    : lw a5, -96(s0)             : MemRead :  D=0x0000000000000001 A=0x7ffffffffffffd70
4646000: system.cpu: T0 : 0x107aa    : c_addiw a5, 0              : IntAlu :  D=0x0000000000000001
4646500: system.cpu: T0 : 0x107ac    : bge a5, zero, -866         : IntAlu : 
4647500: system.cpu: T0 : 0x1044a    : ld a5, -24(s0)             : MemRead :  D=0x0000000000071a20 A=0x7ffffffffffffdb8
4648000: system.cpu: T0 : 0x1044e    : c_lw a4, 0(a5)             : MemRead :  D=0x000000000000c313 A=0x71a20
4648500: system.cpu: T0 : 0x10450    : ld a5, -24(s0)             : MemRead :  D=0x0000000000071a20 A=0x7ffffffffffffdb8
4649000: system.cpu: T0 : 0x10454    : c_addi a5, 28              : IntAlu :  D=0x0000000000071a3c
4649500: system.cpu: T0 : 0x10456    : c_lw a5, 0(a5)             : MemRead :  D=0x0000000000003ee0 A=0x71a3c
4650000: system.cpu: T0 : 0x10458    : c_addw a5, a4              : IntAlu :  D=0x00000000000101f3
4651000: system.cpu: T0 : 0x1045a    : sw a5, -92(s0)             : MemWrite :  D=0x00000000000101f3 A=0x7ffffffffffffd74
4652000: system.cpu: T0 : 0x1045e    : ld a5, -24(s0)             : MemRead :  D=0x0000000000071a20 A=0x7ffffffffffffdb8
4652500: system.cpu: T0 : 0x10462    : c_lw a4, 0(a5)             : MemRead :  D=0x000000000000c313 A=0x71a20
4653000: system.cpu: T0 : 0x10464    : ld a5, -24(s0)             : MemRead :  D=0x0000000000071a20 A=0x7ffffffffffffdb8
4653500: system.cpu: T0 : 0x10468    : c_addi a5, 28              : IntAlu :  D=0x0000000000071a3c
4654000: system.cpu: T0 : 0x1046a    : c_lw a5, 0(a5)             : MemRead :  D=0x0000000000003ee0 A=0x71a3c
4654500: system.cpu: T0 : 0x1046c    : subw a5, a4, a5            : IntAlu :  D=0x0000000000008433
4655000: system.cpu: T0 : 0x10470    : sw a5, -88(s0)             : MemWrite :  D=0x0000000000008433 A=0x7ffffffffffffd78
4655500: system.cpu: T0 : 0x10474    : ld a5, -24(s0)             : MemRead :  D=0x0000000000071a20 A=0x7ffffffffffffdb8
4656000: system.cpu: T0 : 0x10478    : c_addi a5, 4               : IntAlu :  D=0x0000000000071a24
4656500: system.cpu: T0 : 0x1047a    : c_lw a4, 0(a5)             : MemRead :  D=0x0000000000005995 A=0x71a24
4657000: system.cpu: T0 : 0x1047c    : ld a5, -24(s0)             : MemRead :  D=0x0000000000071a20 A=0x7ffffffffffffdb8
4657500: system.cpu: T0 : 0x10480    : c_addi a5, 24              : IntAlu :  D=0x0000000000071a38
4658000: system.cpu: T0 : 0x10482    : c_lw a5, 0(a5)             : MemRead :  D=0x000000000000384a A=0x71a38
4658500: system.cpu: T0 : 0x10484    : c_addw a5, a4              : IntAlu :  D=0x00000000000091df
4659500: system.cpu: T0 : 0x10486    : sw a5, -84(s0)             : MemWrite :  D=0x00000000000091df A=0x7ffffffffffffd7c
4660500: system.cpu: T0 : 0x1048a    : ld a5, -24(s0)             : MemRead :  D=0x0000000000071a20 A=0x7ffffffffffffdb8
4661000: system.cpu: T0 : 0x1048e    : c_addi a5, 4               : IntAlu :  D=0x0000000000071a24
4661500: system.cpu: T0 : 0x10490    : c_lw a4, 0(a5)             : MemRead :  D=0x0000000000005995 A=0x71a24
4662500: system.cpu: T0 : 0x10492    : ld a5, -24(s0)             : MemRead :  D=0x0000000000071a20 A=0x7ffffffffffffdb8
4663000: system.cpu: T0 : 0x10496    : c_addi a5, 24              : IntAlu :  D=0x0000000000071a38
4663500: system.cpu: T0 : 0x10498    : c_lw a5, 0(a5)             : MemRead :  D=0x000000000000384a A=0x71a38
4664500: system.cpu: T0 : 0x1049a    : subw a5, a4, a5            : IntAlu :  D=0x000000000000214b
4665500: system.cpu: T0 : 0x1049e    : sw a5, -80(s0)             : MemWrite :  D=0x000000000000214b A=0x7ffffffffffffd80
4666500: system.cpu: T0 : 0x104a2    : ld a5, -24(s0)             : MemRead :  D=0x0000000000071a20 A=0x7ffffffffffffdb8
4667000: system.cpu: T0 : 0x104a6    : c_addi a5, 8               : IntAlu :  D=0x0000000000071a28
4667500: system.cpu: T0 : 0x104a8    : c_lw a4, 0(a5)             : MemRead :  D=0x0000000000008ae8 A=0x71a28
4668500: system.cpu: T0 : 0x104aa    : ld a5, -24(s0)             : MemRead :  D=0x0000000000071a20 A=0x7ffffffffffffdb8
4669000: system.cpu: T0 : 0x104ae    : c_addi a5, 20              : IntAlu :  D=0x0000000000071a34
4669500: system.cpu: T0 : 0x104b0    : c_lw a5, 0(a5)             : MemRead :  D=0x0000000000005143 A=0x71a34
4670000: system.cpu: T0 : 0x104b2    : c_addw a5, a4              : IntAlu :  D=0x000000000000dc2b
4670500: system.cpu: T0 : 0x104b4    : sw a5, -76(s0)             : MemWrite :  D=0x000000000000dc2b A=0x7ffffffffffffd84
4671000: system.cpu: T0 : 0x104b8    : ld a5, -24(s0)             : MemRead :  D=0x0000000000071a20 A=0x7ffffffffffffdb8
4671500: system.cpu: T0 : 0x104bc    : c_addi a5, 8               : IntAlu :  D=0x0000000000071a28
4672000: system.cpu: T0 : 0x104be    : c_lw a4, 0(a5)             : MemRead :  D=0x0000000000008ae8 A=0x71a28
4672500: system.cpu: T0 : 0x104c0    : ld a5, -24(s0)             : MemRead :  D=0x0000000000071a20 A=0x7ffffffffffffdb8
4673000: system.cpu: T0 : 0x104c4    : c_addi a5, 20              : IntAlu :  D=0x0000000000071a34
4673500: system.cpu: T0 : 0x104c6    : c_lw a5, 0(a5)             : MemRead :  D=0x0000000000005143 A=0x71a34
4674000: system.cpu: T0 : 0x104c8    : subw a5, a4, a5            : IntAlu :  D=0x00000000000039a5
4674500: system.cpu: T0 : 0x104cc    : sw a5, -72(s0)             : MemWrite :  D=0x00000000000039a5 A=0x7ffffffffffffd88
4675000: system.cpu: T0 : 0x104d0    : ld a5, -24(s0)             : MemRead :  D=0x0000000000071a20 A=0x7ffffffffffffdb8
4675500: system.cpu: T0 : 0x104d4    : c_addi a5, 12              : IntAlu :  D=0x0000000000071a2c
4676000: system.cpu: T0 : 0x104d6    : c_lw a4, 0(a5)             : MemRead :  D=0x0000000000002b21 A=0x71a2c
4676500: system.cpu: T0 : 0x104d8    : ld a5, -24(s0)             : MemRead :  D=0x0000000000071a20 A=0x7ffffffffffffdb8
4677000: system.cpu: T0 : 0x104dc    : c_addi a5, 16              : IntAlu :  D=0x0000000000071a30
4677500: system.cpu: T0 : 0x104de    : c_lw a5, 0(a5)             : MemRead :  D=0x000000000000688c A=0x71a30
4678000: system.cpu: T0 : 0x104e0    : c_addw a5, a4              : IntAlu :  D=0x00000000000093ad
4679000: system.cpu: T0 : 0x104e2    : sw a5, -68(s0)             : MemWrite :  D=0x00000000000093ad A=0x7ffffffffffffd8c
4680000: system.cpu: T0 : 0x104e6    : ld a5, -24(s0)             : MemRead :  D=0x0000000000071a20 A=0x7ffffffffffffdb8
4680500: system.cpu: T0 : 0x104ea    : c_addi a5, 12              : IntAlu :  D=0x0000000000071a2c
4681000: system.cpu: T0 : 0x104ec    : c_lw a4, 0(a5)             : MemRead :  D=0x0000000000002b21 A=0x71a2c
4682000: system.cpu: T0 : 0x104ee    : ld a5, -24(s0)             : MemRead :  D=0x0000000000071a20 A=0x7ffffffffffffdb8
4682500: system.cpu: T0 : 0x104f2    : c_addi a5, 16              : IntAlu :  D=0x0000000000071a30
4683000: system.cpu: T0 : 0x104f4    : c_lw a5, 0(a5)             : MemRead :  D=0x000000000000688c A=0x71a30
4684000: system.cpu: T0 : 0x104f6    : subw a5, a4, a5            : IntAlu :  D=0xffffffffffffc295
4685000: system.cpu: T0 : 0x104fa    : sw a5, -64(s0)             : MemWrite :  D=0x00000000ffffc295 A=0x7ffffffffffffd90
4686000: system.cpu: T0 : 0x104fe    : lw a4, -92(s0)             : MemRead :  D=0x00000000000101f3 A=0x7ffffffffffffd74
4687000: system.cpu: T0 : 0x10502    : lw a5, -68(s0)             : MemRead :  D=0x00000000000093ad A=0x7ffffffffffffd8c
4687500: system.cpu: T0 : 0x10506    : c_addw a5, a4              : IntAlu :  D=0x00000000000195a0
4688000: system.cpu: T0 : 0x10508    : sw a5, -60(s0)             : MemWrite :  D=0x00000000000195a0 A=0x7ffffffffffffd94
4688500: system.cpu: T0 : 0x1050c    : lw a4, -92(s0)             : MemRead :  D=0x00000000000101f3 A=0x7ffffffffffffd74
4689000: system.cpu: T0 : 0x10510    : lw a5, -68(s0)             : MemRead :  D=0x00000000000093ad A=0x7ffffffffffffd8c
4689500: system.cpu: T0 : 0x10514    : subw a5, a4, a5            : IntAlu :  D=0x0000000000006e46
4690000: system.cpu: T0 : 0x10518    : sw a5, -56(s0)             : MemWrite :  D=0x0000000000006e46 A=0x7ffffffffffffd98
4690500: system.cpu: T0 : 0x1051c    : lw a4, -84(s0)             : MemRead :  D=0x00000000000091df A=0x7ffffffffffffd7c
4691000: system.cpu: T0 : 0x10520    : lw a5, -76(s0)             : MemRead :  D=0x000000000000dc2b A=0x7ffffffffffffd84
4691500: system.cpu: T0 : 0x10524    : c_addw a5, a4              : IntAlu :  D=0x0000000000016e0a
4692500: system.cpu: T0 : 0x10526    : sw a5, -52(s0)             : MemWrite :  D=0x0000000000016e0a A=0x7ffffffffffffd9c
4693500: system.cpu: T0 : 0x1052a    : lw a4, -84(s0)             : MemRead :  D=0x00000000000091df A=0x7ffffffffffffd7c
4694500: system.cpu: T0 : 0x1052e    : lw a5, -76(s0)             : MemRead :  D=0x000000000000dc2b A=0x7ffffffffffffd84
4695500: system.cpu: T0 : 0x10532    : subw a5, a4, a5            : IntAlu :  D=0xffffffffffffb5b4
4696500: system.cpu: T0 : 0x10536    : sw a5, -48(s0)             : MemWrite :  D=0x00000000ffffb5b4 A=0x7ffffffffffffda0
4697500: system.cpu: T0 : 0x1053a    : lw a4, -60(s0)             : MemRead :  D=0x00000000000195a0 A=0x7ffffffffffffd94
4698500: system.cpu: T0 : 0x1053e    : lw a5, -52(s0)             : MemRead :  D=0x0000000000016e0a A=0x7ffffffffffffd9c
4699000: system.cpu: T0 : 0x10542    : c_addw a5, a4              : IntAlu :  D=0x00000000000303aa
4699500: system.cpu: T0 : 0x10544    : c_addiw a5, 0              : IntAlu :  D=0x00000000000303aa
4700500: system.cpu: T0 : 0x10546    : slliw a5, a5, 2            : IntAlu :  D=0x00000000000c0ea8
4701500: system.cpu: T0 : 0x1054a    : addiw a4, a5, 0            : IntAlu :  D=0x00000000000c0ea8
4702500: system.cpu: T0 : 0x1054e    : ld a5, -24(s0)             : MemRead :  D=0x0000000000071a20 A=0x7ffffffffffffdb8
4703000: system.cpu: T0 : 0x10552    : c_sw a4, 0(a5)             : MemWrite :  D=0x00000000000c0ea8 A=0x71a20
4703500: system.cpu: T0 : 0x10554    : lw a4, -60(s0)             : MemRead :  D=0x00000000000195a0 A=0x7ffffffffffffd94
4704000: system.cpu: T0 : 0x10558    : lw a5, -52(s0)             : MemRead :  D=0x0000000000016e0a A=0x7ffffffffffffd9c
4704500: system.cpu: T0 : 0x1055c    : subw a5, a4, a5            : IntAlu :  D=0x0000000000002796
4705000: system.cpu: T0 : 0x10560    : addiw a4, a5, 0            : IntAlu :  D=0x0000000000002796
4705500: system.cpu: T0 : 0x10564    : ld a5, -24(s0)             : MemRead :  D=0x0000000000071a20 A=0x7ffffffffffffdb8
4706000: system.cpu: T0 : 0x10568    : c_addi a5, 16              : IntAlu :  D=0x0000000000071a30
4707000: system.cpu: T0 : 0x1056a    : slliw a4, a4, 2            : IntAlu :  D=0x0000000000009e58
4707500: system.cpu: T0 : 0x1056e    : c_addiw a4, 0              : IntAlu :  D=0x0000000000009e58
4708000: system.cpu: T0 : 0x10570    : c_sw a4, 0(a5)             : MemWrite :  D=0x0000000000009e58 A=0x71a30
4709000: system.cpu: T0 : 0x10572    : lw a4, -48(s0)             : MemRead :  D=0xffffffffffffb5b4 A=0x7ffffffffffffda0
4710000: system.cpu: T0 : 0x10576    : lw a5, -56(s0)             : MemRead :  D=0x0000000000006e46 A=0x7ffffffffffffd98
4710500: system.cpu: T0 : 0x1057a    : c_addw a5, a4              : IntAlu :  D=0x00000000000023fa
4711000: system.cpu: T0 : 0x1057c    : addiw a4, a5, 0            : IntAlu :  D=0x00000000000023fa
4711500: system.cpu: T0 : 0x10580    : c_lui a5, 1                : IntAlu :  D=0x0000000000001000
4712500: system.cpu: T0 : 0x10582    : addiw a5, a5, 337          : IntAlu :  D=0x0000000000001151
4713500: system.cpu: T0 : 0x10586    : mulw a5, a4, a5            : IntMult :  D=0x00000000026efc1a
4714500: system.cpu: T0 : 0x1058a    : sw a5, -44(s0)             : MemWrite :  D=0x00000000026efc1a A=0x7ffffffffffffda4
4715500: system.cpu: T0 : 0x1058e    : lw a4, -56(s0)             : MemRead :  D=0x0000000000006e46 A=0x7ffffffffffffd98
4716000: system.cpu: T0 : 0x10592    : c_lui a5, 2                : IntAlu :  D=0x0000000000002000
4716500: system.cpu: T0 : 0x10594    : addiw a5, a5, -1922        : IntAlu :  D=0x000000000000187e
4717000: system.cpu: T0 : 0x10598    : mulw a5, a4, a5            : IntMult :  D=0x000000000a8cd674
4717500: system.cpu: T0 : 0x1059c    : c_addiw a5, 0              : IntAlu :  D=0x000000000a8cd674
4718500: system.cpu: T0 : 0x1059e    : lw a4, -44(s0)             : MemRead :  D=0x00000000026efc1a A=0x7ffffffffffffda4
4719000: system.cpu: T0 : 0x105a2    : c_addw a5, a4              : IntAlu :  D=0x000000000cfbd28e
4719500: system.cpu: T0 : 0x105a4    : c_addiw a5, 0              : IntAlu :  D=0x000000000cfbd28e
4720500: system.cpu: T0 : 0x105a6    : addiw a5, a5, 1024         : IntAlu :  D=0x000000000cfbd68e
4721500: system.cpu: T0 : 0x105aa    : addiw a4, a5, 0            : IntAlu :  D=0x000000000cfbd68e
4722500: system.cpu: T0 : 0x105ae    : ld a5, -24(s0)             : MemRead :  D=0x0000000000071a20 A=0x7ffffffffffffdb8
4723000: system.cpu: T0 : 0x105b2    : c_addi a5, 8               : IntAlu :  D=0x0000000000071a28
4723500: system.cpu: T0 : 0x105b4    : sraiw a4, a4, 11           : IntAlu :  D=0x0000000000019f7a
4724000: system.cpu: T0 : 0x105b8    : c_addiw a4, 0              : IntAlu :  D=0x0000000000019f7a
4724500: system.cpu: T0 : 0x105ba    : c_sw a4, 0(a5)             : MemWrite :  D=0x0000000000019f7a A=0x71a28
4725000: system.cpu: T0 : 0x105bc    : lw a4, -48(s0)             : MemRead :  D=0xffffffffffffb5b4 A=0x7ffffffffffffda0
4725500: system.cpu: T0 : 0x105c0    : c_lui a5, 1048572          : IntAlu :  D=0xffffffffffffc000
4726500: system.cpu: T0 : 0x105c2    : addiw a5, a5, 1247         : IntAlu :  D=0xffffffffffffc4df
4727500: system.cpu: T0 : 0x105c6    : mulw a5, a4, a5            : IntMult :  D=0x00000000112917cc
4728000: system.cpu: T0 : 0x105ca    : c_addiw a5, 0              : IntAlu :  D=0x00000000112917cc
4728500: system.cpu: T0 : 0x105cc    : lw a4, -44(s0)             : MemRead :  D=0x00000000026efc1a A=0x7ffffffffffffda4
4729000: system.cpu: T0 : 0x105d0    : c_addw a5, a4              : IntAlu :  D=0x00000000139813e6
4729500: system.cpu: T0 : 0x105d2    : c_addiw a5, 0              : IntAlu :  D=0x00000000139813e6
4730000: system.cpu: T0 : 0x105d4    : addiw a5, a5, 1024         : IntAlu :  D=0x00000000139817e6
4730500: system.cpu: T0 : 0x105d8    : addiw a4, a5, 0            : IntAlu :  D=0x00000000139817e6
4731000: system.cpu: T0 : 0x105dc    : ld a5, -24(s0)             : MemRead :  D=0x0000000000071a20 A=0x7ffffffffffffdb8
4731500: system.cpu: T0 : 0x105e0    : c_addi a5, 24              : IntAlu :  D=0x0000000000071a38
4732500: system.cpu: T0 : 0x105e2    : sraiw a4, a4, 11           : IntAlu :  D=0x0000000000027302
4733000: system.cpu: T0 : 0x105e6    : c_addiw a4, 0              : IntAlu :  D=0x0000000000027302
4733500: system.cpu: T0 : 0x105e8    : c_sw a4, 0(a5)             : MemWrite :  D=0x0000000000027302 A=0x71a38
4734500: system.cpu: T0 : 0x105ea    : lw a4, -64(s0)             : MemRead :  D=0xffffffffffffc295 A=0x7ffffffffffffd90
4735500: system.cpu: T0 : 0x105ee    : lw a5, -88(s0)             : MemRead :  D=0x0000000000008433 A=0x7ffffffffffffd78
4736000: system.cpu: T0 : 0x105f2    : c_addw a5, a4              : IntAlu :  D=0x00000000000046c8
4736500: system.cpu: T0 : 0x105f4    : sw a5, -44(s0)             : MemWrite :  D=0x00000000000046c8 A=0x7ffffffffffffda4
4737000: system.cpu: T0 : 0x105f8    : lw a4, -72(s0)             : MemRead :  D=0x00000000000039a5 A=0x7ffffffffffffd88
4737500: system.cpu: T0 : 0x105fc    : lw a5, -80(s0)             : MemRead :  D=0x000000000000214b A=0x7ffffffffffffd80
4738000: system.cpu: T0 : 0x10600    : c_addw a5, a4              : IntAlu :  D=0x0000000000005af0
4739000: system.cpu: T0 : 0x10602    : sw a5, -40(s0)             : MemWrite :  D=0x0000000000005af0 A=0x7ffffffffffffda8
4740000: system.cpu: T0 : 0x10606    : lw a4, -64(s0)             : MemRead :  D=0xffffffffffffc295 A=0x7ffffffffffffd90
4741000: system.cpu: T0 : 0x1060a    : lw a5, -80(s0)             : MemRead :  D=0x000000000000214b A=0x7ffffffffffffd80
4741500: system.cpu: T0 : 0x1060e    : c_addw a5, a4              : IntAlu :  D=0xffffffffffffe3e0
4742000: system.cpu: T0 : 0x10610    : sw a5, -36(s0)             : MemWrite :  D=0x00000000ffffe3e0 A=0x7ffffffffffffdac
4742500: system.cpu: T0 : 0x10614    : lw a4, -72(s0)             : MemRead :  D=0x00000000000039a5 A=0x7ffffffffffffd88
4743000: system.cpu: T0 : 0x10618    : lw a5, -88(s0)             : MemRead :  D=0x0000000000008433 A=0x7ffffffffffffd78
4743500: system.cpu: T0 : 0x1061c    : c_addw a5, a4              : IntAlu :  D=0x000000000000bdd8
4744500: system.cpu: T0 : 0x1061e    : sw a5, -32(s0)             : MemWrite :  D=0x000000000000bdd8 A=0x7ffffffffffffdb0
4745500: system.cpu: T0 : 0x10622    : lw a4, -36(s0)             : MemRead :  D=0xffffffffffffe3e0 A=0x7ffffffffffffdac
4746500: system.cpu: T0 : 0x10626    : lw a5, -32(s0)             : MemRead :  D=0x000000000000bdd8 A=0x7ffffffffffffdb0
4747000: system.cpu: T0 : 0x1062a    : c_addw a5, a4              : IntAlu :  D=0x000000000000a1b8
4747500: system.cpu: T0 : 0x1062c    : addiw a4, a5, 0            : IntAlu :  D=0x000000000000a1b8
4748000: system.cpu: T0 : 0x10630    : c_lui a5, 2                : IntAlu :  D=0x0000000000002000
4749000: system.cpu: T0 : 0x10632    : addiw a5, a5, 1441         : IntAlu :  D=0x00000000000025a1
4750000: system.cpu: T0 : 0x10636    : mulw a5, a4, a5            : IntMult :  D=0x0000000017c54cb8
4751000: system.cpu: T0 : 0x1063a    : sw a5, -28(s0)             : MemWrite :  D=0x0000000017c54cb8 A=0x7ffffffffffffdb4
4752000: system.cpu: T0 : 0x1063e    : lw a4, -64(s0)             : MemRead :  D=0xffffffffffffc295 A=0x7ffffffffffffd90
4752500: system.cpu: T0 : 0x10642    : c_lui a5, 1                : IntAlu :  D=0x0000000000001000
4753000: system.cpu: T0 : 0x10644    : addiw a5, a5, -1650        : IntAlu :  D=0x000000000000098e
4753500: system.cpu: T0 : 0x10648    : mulw a5, a4, a5            : IntMult :  D=0xfffffffffdb52ba6
4754000: system.cpu: T0 : 0x1064c    : sw a5, -64(s0)             : MemWrite :  D=0x00000000fdb52ba6 A=0x7ffffffffffffd90
4754500: system.cpu: T0 : 0x10650    : lw a4, -72(s0)             : MemRead :  D=0x00000000000039a5 A=0x7ffffffffffffd88
4755000: system.cpu: T0 : 0x10654    : c_lui a5, 4                : IntAlu :  D=0x0000000000004000
4756000: system.cpu: T0 : 0x10656    : addiw a5, a5, 435          : IntAlu :  D=0x00000000000041b3
4757000: system.cpu: T0 : 0x1065a    : mulw a5, a4, a5            : IntMult :  D=0x000000000ecb335f
4758000: system.cpu: T0 : 0x1065e    : sw a5, -72(s0)             : MemWrite :  D=0x000000000ecb335f A=0x7ffffffffffffd88
4759000: system.cpu: T0 : 0x10662    : lw a4, -80(s0)             : MemRead :  D=0x000000000000214b A=0x7ffffffffffffd80
4759500: system.cpu: T0 : 0x10666    : c_lui a5, 6                : IntAlu :  D=0x0000000000006000
4760000: system.cpu: T0 : 0x10668    : addiw a5, a5, 596          : IntAlu :  D=0x0000000000006254
4760500: system.cpu: T0 : 0x1066c    : mulw a5, a4, a5            : IntMult :  D=0x000000000cc9a29c
4761000: system.cpu: T0 : 0x10670    : sw a5, -80(s0)             : MemWrite :  D=0x000000000cc9a29c A=0x7ffffffffffffd80
4761500: system.cpu: T0 : 0x10674    : lw a4, -88(s0)             : MemRead :  D=0x0000000000008433 A=0x7ffffffffffffd78
4762000: system.cpu: T0 : 0x10678    : c_lui a5, 3                : IntAlu :  D=0x0000000000003000
4762500: system.cpu: T0 : 0x1067a    : c_addiw a5, 11             : IntAlu :  D=0x000000000000300b
4763000: system.cpu: T0 : 0x1067c    : mulw a5, a4, a5            : IntMult :  D=0x0000000018cf3e31
4763500: system.cpu: T0 : 0x10680    : sw a5, -88(s0)             : MemWrite :  D=0x0000000018cf3e31 A=0x7ffffffffffffd78
4764000: system.cpu: T0 : 0x10684    : lw a4, -44(s0)             : MemRead :  D=0x00000000000046c8 A=0x7ffffffffffffda4
4764500: system.cpu: T0 : 0x10688    : c_lui a5, 1048574          : IntAlu :  D=0xffffffffffffe000
4765500: system.cpu: T0 : 0x1068a    : addiw a5, a5, 819          : IntAlu :  D=0xffffffffffffe333
4766500: system.cpu: T0 : 0x1068e    : mulw a5, a4, a5            : IntMult :  D=0xfffffffff80971d8
4767500: system.cpu: T0 : 0x10692    : sw a5, -44(s0)             : MemWrite :  D=0x00000000f80971d8 A=0x7ffffffffffffda4
4768500: system.cpu: T0 : 0x10696    : lw a4, -40(s0)             : MemRead :  D=0x0000000000005af0 A=0x7ffffffffffffda8
4769000: system.cpu: T0 : 0x1069a    : c_lui a5, 1048571          : IntAlu :  D=0xffffffffffffb000
4769500: system.cpu: T0 : 0x1069c    : addiw a5, a5, -515         : IntAlu :  D=0xffffffffffffadfd
4770000: system.cpu: T0 : 0x106a0    : mulw a5, a4, a5            : IntMult :  D=0xffffffffe2de0f30
4770500: system.cpu: T0 : 0x106a4    : sw a5, -40(s0)             : MemWrite :  D=0x00000000e2de0f30 A=0x7ffffffffffffda8
4771000: system.cpu: T0 : 0x106a8    : lw a4, -36(s0)             : MemRead :  D=0xffffffffffffe3e0 A=0x7ffffffffffffdac
4771500: system.cpu: T0 : 0x106ac    : c_lui a5, 1048572          : IntAlu :  D=0xffffffffffffc000
4772500: system.cpu: T0 : 0x106ae    : addiw a5, a5, 315          : IntAlu :  D=0xffffffffffffc13b
4773500: system.cpu: T0 : 0x106b2    : mulw a5, a4, a5            : IntMult :  D=0x0000000006e564a0
4774500: system.cpu: T0 : 0x106b6    : sw a5, -36(s0)             : MemWrite :  D=0x0000000006e564a0 A=0x7ffffffffffffdac
4775500: system.cpu: T0 : 0x106ba    : lw a4, -32(s0)             : MemRead :  D=0x000000000000bdd8 A=0x7ffffffffffffdb0
4776000: system.cpu: T0 : 0x106be    : c_lui a5, 1048575          : IntAlu :  D=0xfffffffffffff000
4776500: system.cpu: T0 : 0x106c0    : addiw a5, a5, 900          : IntAlu :  D=0xfffffffffffff384
4777000: system.cpu: T0 : 0x106c4    : mulw a5, a4, a5            : IntMult :  D=0xfffffffff6bdeb60
4777500: system.cpu: T0 : 0x106c8    : sw a5, -32(s0)             : MemWrite :  D=0x00000000f6bdeb60 A=0x7ffffffffffffdb0
4778000: system.cpu: T0 : 0x106cc    : lw a4, -36(s0)             : MemRead :  D=0x0000000006e564a0 A=0x7ffffffffffffdac
4778500: system.cpu: T0 : 0x106d0    : lw a5, -28(s0)             : MemRead :  D=0x0000000017c54cb8 A=0x7ffffffffffffdb4
4779000: system.cpu: T0 : 0x106d4    : c_addw a5, a4              : IntAlu :  D=0x000000001eaab158
4780000: system.cpu: T0 : 0x106d6    : sw a5, -36(s0)             : MemWrite :  D=0x000000001eaab158 A=0x7ffffffffffffdac
4781000: system.cpu: T0 : 0x106da    : lw a4, -32(s0)             : MemRead :  D=0xfffffffff6bdeb60 A=0x7ffffffffffffdb0
4782000: system.cpu: T0 : 0x106de    : lw a5, -28(s0)             : MemRead :  D=0x0000000017c54cb8 A=0x7ffffffffffffdb4
4782500: system.cpu: T0 : 0x106e2    : c_addw a5, a4              : IntAlu :  D=0x000000000e833818
4783000: system.cpu: T0 : 0x106e4    : sw a5, -32(s0)             : MemWrite :  D=0x000000000e833818 A=0x7ffffffffffffdb0
4783500: system.cpu: T0 : 0x106e8    : lw a4, -64(s0)             : MemRead :  D=0xfffffffffdb52ba6 A=0x7ffffffffffffd90
4784000: system.cpu: T0 : 0x106ec    : lw a5, -44(s0)             : MemRead :  D=0xfffffffff80971d8 A=0x7ffffffffffffda4
4784500: system.cpu: T0 : 0x106f0    : c_addw a5, a4              : IntAlu :  D=0xfffffffff5be9d7e
4785000: system.cpu: T0 : 0x106f2    : c_addiw a5, 0              : IntAlu :  D=0xfffffffff5be9d7e
4785500: system.cpu: T0 : 0x106f4    : lw a4, -36(s0)             : MemRead :  D=0x000000001eaab158 A=0x7ffffffffffffdac
4786000: system.cpu: T0 : 0x106f8    : c_addw a5, a4              : IntAlu :  D=0x0000000014694ed6
4786500: system.cpu: T0 : 0x106fa    : c_addiw a5, 0              : IntAlu :  D=0x0000000014694ed6
4787000: system.cpu: T0 : 0x106fc    : addiw a5, a5, 1024         : IntAlu :  D=0x00000000146952d6
4787500: system.cpu: T0 : 0x10700    : addiw a4, a5, 0            : IntAlu :  D=0x00000000146952d6
4788000: system.cpu: T0 : 0x10704    : ld a5, -24(s0)             : MemRead :  D=0x0000000000071a20 A=0x7ffffffffffffdb8
4788500: system.cpu: T0 : 0x10708    : c_addi a5, 28              : IntAlu :  D=0x0000000000071a3c
4789500: system.cpu: T0 : 0x1070a    : sraiw a4, a4, 11           : IntAlu :  D=0x0000000000028d2a
4790000: system.cpu: T0 : 0x1070e    : c_addiw a4, 0              : IntAlu :  D=0x0000000000028d2a
4790500: system.cpu: T0 : 0x10710    : c_sw a4, 0(a5)             : MemWrite :  D=0x0000000000028d2a A=0x71a3c
4791500: system.cpu: T0 : 0x10712    : lw a4, -72(s0)             : MemRead :  D=0x000000000ecb335f A=0x7ffffffffffffd88
4792500: system.cpu: T0 : 0x10716    : lw a5, -40(s0)             : MemRead :  D=0xffffffffe2de0f30 A=0x7ffffffffffffda8
4793000: system.cpu: T0 : 0x1071a    : c_addw a5, a4              : IntAlu :  D=0xfffffffff1a9428f
4793500: system.cpu: T0 : 0x1071c    : c_addiw a5, 0              : IntAlu :  D=0xfffffffff1a9428f
4794500: system.cpu: T0 : 0x1071e    : lw a4, -32(s0)             : MemRead :  D=0x000000000e833818 A=0x7ffffffffffffdb0
4795000: system.cpu: T0 : 0x10722    : c_addw a5, a4              : IntAlu :  D=0x00000000002c7aa7
4795500: system.cpu: T0 : 0x10724    : c_addiw a5, 0              : IntAlu :  D=0x00000000002c7aa7
4796500: system.cpu: T0 : 0x10726    : addiw a5, a5, 1024         : IntAlu :  D=0x00000000002c7ea7
4797500: system.cpu: T0 : 0x1072a    : addiw a4, a5, 0            : IntAlu :  D=0x00000000002c7ea7
4798500: system.cpu: T0 : 0x1072e    : ld a5, -24(s0)             : MemRead :  D=0x0000000000071a20 A=0x7ffffffffffffdb8
4799000: system.cpu: T0 : 0x10732    : c_addi a5, 20              : IntAlu :  D=0x0000000000071a34
4799500: system.cpu: T0 : 0x10734    : sraiw a4, a4, 11           : IntAlu :  D=0x000000000000058f
4800000: system.cpu: T0 : 0x10738    : c_addiw a4, 0              : IntAlu :  D=0x000000000000058f
4800500: system.cpu: T0 : 0x1073a    : c_sw a4, 0(a5)             : MemWrite :  D=0x000000000000058f A=0x71a34
4801000: system.cpu: T0 : 0x1073c    : lw a4, -80(s0)             : MemRead :  D=0x000000000cc9a29c A=0x7ffffffffffffd80
4801500: system.cpu: T0 : 0x10740    : lw a5, -40(s0)             : MemRead :  D=0xffffffffe2de0f30 A=0x7ffffffffffffda8
4802000: system.cpu: T0 : 0x10744    : c_addw a5, a4              : IntAlu :  D=0xffffffffefa7b1cc
4802500: system.cpu: T0 : 0x10746    : c_addiw a5, 0              : IntAlu :  D=0xffffffffefa7b1cc
4803000: system.cpu: T0 : 0x10748    : lw a4, -36(s0)             : MemRead :  D=0x000000001eaab158 A=0x7ffffffffffffdac
4803500: system.cpu: T0 : 0x1074c    : c_addw a5, a4              : IntAlu :  D=0x000000000e526324
4804000: system.cpu: T0 : 0x1074e    : c_addiw a5, 0              : IntAlu :  D=0x000000000e526324
4804500: system.cpu: T0 : 0x10750    : addiw a5, a5, 1024         : IntAlu :  D=0x000000000e526724
4805000: system.cpu: T0 : 0x10754    : addiw a4, a5, 0            : IntAlu :  D=0x000000000e526724
4805500: system.cpu: T0 : 0x10758    : ld a5, -24(s0)             : MemRead :  D=0x0000000000071a20 A=0x7ffffffffffffdb8
4806000: system.cpu: T0 : 0x1075c    : c_addi a5, 12              : IntAlu :  D=0x0000000000071a2c
4807000: system.cpu: T0 : 0x1075e    : sraiw a4, a4, 11           : IntAlu :  D=0x000000000001ca4c
4807500: system.cpu: T0 : 0x10762    : c_addiw a4, 0              : IntAlu :  D=0x000000000001ca4c
4808000: system.cpu: T0 : 0x10764    : c_sw a4, 0(a5)             : MemWrite :  D=0x000000000001ca4c A=0x71a2c
4809000: system.cpu: T0 : 0x10766    : lw a4, -88(s0)             : MemRead :  D=0x0000000018cf3e31 A=0x7ffffffffffffd78
4810000: system.cpu: T0 : 0x1076a    : lw a5, -44(s0)             : MemRead :  D=0xfffffffff80971d8 A=0x7ffffffffffffda4
4810500: system.cpu: T0 : 0x1076e    : c_addw a5, a4              : IntAlu :  D=0x0000000010d8b009
4811000: system.cpu: T0 : 0x10770    : c_addiw a5, 0              : IntAlu :  D=0x0000000010d8b009
4812000: system.cpu: T0 : 0x10772    : lw a4, -32(s0)             : MemRead :  D=0x000000000e833818 A=0x7ffffffffffffdb0
4812500: system.cpu: T0 : 0x10776    : c_addw a5, a4              : IntAlu :  D=0x000000001f5be821
4813000: system.cpu: T0 : 0x10778    : c_addiw a5, 0              : IntAlu :  D=0x000000001f5be821
4814000: system.cpu: T0 : 0x1077a    : addiw a5, a5, 1024         : IntAlu :  D=0x000000001f5bec21
4815000: system.cpu: T0 : 0x1077e    : addiw a4, a5, 0            : IntAlu :  D=0x000000001f5bec21
4816000: system.cpu: T0 : 0x10782    : ld a5, -24(s0)             : MemRead :  D=0x0000000000071a20 A=0x7ffffffffffffdb8
4816500: system.cpu: T0 : 0x10786    : c_addi a5, 4               : IntAlu :  D=0x0000000000071a24
4817000: system.cpu: T0 : 0x10788    : sraiw a4, a4, 11           : IntAlu :  D=0x000000000003eb7d
4817500: system.cpu: T0 : 0x1078c    : c_addiw a4, 0              : IntAlu :  D=0x000000000003eb7d
4818000: system.cpu: T0 : 0x1078e    : c_sw a4, 0(a5)             : MemWrite :  D=0x000000000003eb7d A=0x71a24
4818500: system.cpu: T0 : 0x10790    : ld a5, -24(s0)             : MemRead :  D=0x0000000000071a20 A=0x7ffffffffffffdb8
4819000: system.cpu: T0 : 0x10794    : addi a5, a5, 32            : IntAlu :  D=0x0000000000071a40
4819500: system.cpu: T0 : 0x10798    : sd a5, -24(s0)             : MemWrite :  D=0x0000000000071a40 A=0x7ffffffffffffdb8
4820000: system.cpu: T0 : 0x1079c    : lw a5, -96(s0)             : MemRead :  D=0x0000000000000001 A=0x7ffffffffffffd70
4820500: system.cpu: T0 : 0x107a0    : c_addiw a5, -1             : IntAlu :  D=0x0000000000000000
4821500: system.cpu: T0 : 0x107a2    : sw a5, -96(s0)             : MemWrite :  D=0x0000000000000000 A=0x7ffffffffffffd70
4822500: system.cpu: T0 : 0x107a6    : lw a5, -96(s0)             : MemRead :  D=0x0000000000000000 A=0x7ffffffffffffd70
4823000: system.cpu: T0 : 0x107aa    : c_addiw a5, 0              : IntAlu :  D=0x0000000000000000
4823500: system.cpu: T0 : 0x107ac    : bge a5, zero, -866         : IntAlu : 
4824500: system.cpu: T0 : 0x1044a    : ld a5, -24(s0)             : MemRead :  D=0x0000000000071a40 A=0x7ffffffffffffdb8
4825000: system.cpu: T0 : 0x1044e    : c_lw a4, 0(a5)             : MemRead :  D=0x000000000000aad1 A=0x71a40
4825500: system.cpu: T0 : 0x10450    : ld a5, -24(s0)             : MemRead :  D=0x0000000000071a40 A=0x7ffffffffffffdb8
4826000: system.cpu: T0 : 0x10454    : c_addi a5, 28              : IntAlu :  D=0x0000000000071a5c
4826500: system.cpu: T0 : 0x10456    : c_lw a5, 0(a5)             : MemRead :  D=0x000000000000aa56 A=0x71a5c
4827000: system.cpu: T0 : 0x10458    : c_addw a5, a4              : IntAlu :  D=0x0000000000015527
4828000: system.cpu: T0 : 0x1045a    : sw a5, -92(s0)             : MemWrite :  D=0x0000000000015527 A=0x7ffffffffffffd74
4829000: system.cpu: T0 : 0x1045e    : ld a5, -24(s0)             : MemRead :  D=0x0000000000071a40 A=0x7ffffffffffffdb8
4829500: system.cpu: T0 : 0x10462    : c_lw a4, 0(a5)             : MemRead :  D=0x000000000000aad1 A=0x71a40
4830000: system.cpu: T0 : 0x10464    : ld a5, -24(s0)             : MemRead :  D=0x0000000000071a40 A=0x7ffffffffffffdb8
4830500: system.cpu: T0 : 0x10468    : c_addi a5, 28              : IntAlu :  D=0x0000000000071a5c
4831000: system.cpu: T0 : 0x1046a    : c_lw a5, 0(a5)             : MemRead :  D=0x000000000000aa56 A=0x71a5c
4831500: system.cpu: T0 : 0x1046c    : subw a5, a4, a5            : IntAlu :  D=0x000000000000007b
4832000: system.cpu: T0 : 0x10470    : sw a5, -88(s0)             : MemWrite :  D=0x000000000000007b A=0x7ffffffffffffd78
4832500: system.cpu: T0 : 0x10474    : ld a5, -24(s0)             : MemRead :  D=0x0000000000071a40 A=0x7ffffffffffffdb8
4833000: system.cpu: T0 : 0x10478    : c_addi a5, 4               : IntAlu :  D=0x0000000000071a44
4833500: system.cpu: T0 : 0x1047a    : c_lw a4, 0(a5)             : MemRead :  D=0x000000000000bf3e A=0x71a44
4834000: system.cpu: T0 : 0x1047c    : ld a5, -24(s0)             : MemRead :  D=0x0000000000071a40 A=0x7ffffffffffffdb8
4834500: system.cpu: T0 : 0x10480    : c_addi a5, 24              : IntAlu :  D=0x0000000000071a58
4835000: system.cpu: T0 : 0x10482    : c_lw a5, 0(a5)             : MemRead :  D=0x0000000000000334 A=0x71a58
4835500: system.cpu: T0 : 0x10484    : c_addw a5, a4              : IntAlu :  D=0x000000000000c272
4836500: system.cpu: T0 : 0x10486    : sw a5, -84(s0)             : MemWrite :  D=0x000000000000c272 A=0x7ffffffffffffd7c
4837500: system.cpu: T0 : 0x1048a    : ld a5, -24(s0)             : MemRead :  D=0x0000000000071a40 A=0x7ffffffffffffdb8
4838000: system.cpu: T0 : 0x1048e    : c_addi a5, 4               : IntAlu :  D=0x0000000000071a44
4838500: system.cpu: T0 : 0x10490    : c_lw a4, 0(a5)             : MemRead :  D=0x000000000000bf3e A=0x71a44
4839500: system.cpu: T0 : 0x10492    : ld a5, -24(s0)             : MemRead :  D=0x0000000000071a40 A=0x7ffffffffffffdb8
4840000: system.cpu: T0 : 0x10496    : c_addi a5, 24              : IntAlu :  D=0x0000000000071a58
4840500: system.cpu: T0 : 0x10498    : c_lw a5, 0(a5)             : MemRead :  D=0x0000000000000334 A=0x71a58
4841500: system.cpu: T0 : 0x1049a    : subw a5, a4, a5            : IntAlu :  D=0x000000000000bc0a
4842500: system.cpu: T0 : 0x1049e    : sw a5, -80(s0)             : MemWrite :  D=0x000000000000bc0a A=0x7ffffffffffffd80
4843500: system.cpu: T0 : 0x104a2    : ld a5, -24(s0)             : MemRead :  D=0x0000000000071a40 A=0x7ffffffffffffdb8
4844000: system.cpu: T0 : 0x104a6    : c_addi a5, 8               : IntAlu :  D=0x0000000000071a48
4844500: system.cpu: T0 : 0x104a8    : c_lw a4, 0(a5)             : MemRead :  D=0x0000000000005bea A=0x71a48
4845500: system.cpu: T0 : 0x104aa    : ld a5, -24(s0)             : MemRead :  D=0x0000000000071a40 A=0x7ffffffffffffdb8
4846000: system.cpu: T0 : 0x104ae    : c_addi a5, 20              : IntAlu :  D=0x0000000000071a54
4846500: system.cpu: T0 : 0x104b0    : c_lw a5, 0(a5)             : MemRead :  D=0x0000000000001345 A=0x71a54
4847000: system.cpu: T0 : 0x104b2    : c_addw a5, a4              : IntAlu :  D=0x0000000000006f2f
4847500: system.cpu: T0 : 0x104b4    : sw a5, -76(s0)             : MemWrite :  D=0x0000000000006f2f A=0x7ffffffffffffd84
4848000: system.cpu: T0 : 0x104b8    : ld a5, -24(s0)             : MemRead :  D=0x0000000000071a40 A=0x7ffffffffffffdb8
4848500: system.cpu: T0 : 0x104bc    : c_addi a5, 8               : IntAlu :  D=0x0000000000071a48
4849000: system.cpu: T0 : 0x104be    : c_lw a4, 0(a5)             : MemRead :  D=0x0000000000005bea A=0x71a48
4849500: system.cpu: T0 : 0x104c0    : ld a5, -24(s0)             : MemRead :  D=0x0000000000071a40 A=0x7ffffffffffffdb8
4850000: system.cpu: T0 : 0x104c4    : c_addi a5, 20              : IntAlu :  D=0x0000000000071a54
4850500: system.cpu: T0 : 0x104c6    : c_lw a5, 0(a5)             : MemRead :  D=0x0000000000001345 A=0x71a54
4851000: system.cpu: T0 : 0x104c8    : subw a5, a4, a5            : IntAlu :  D=0x00000000000048a5
4851500: system.cpu: T0 : 0x104cc    : sw a5, -72(s0)             : MemWrite :  D=0x00000000000048a5 A=0x7ffffffffffffd88
4852000: system.cpu: T0 : 0x104d0    : ld a5, -24(s0)             : MemRead :  D=0x0000000000071a40 A=0x7ffffffffffffdb8
4852500: system.cpu: T0 : 0x104d4    : c_addi a5, 12              : IntAlu :  D=0x0000000000071a4c
4853000: system.cpu: T0 : 0x104d6    : c_lw a4, 0(a5)             : MemRead :  D=0x000000000000c112 A=0x71a4c
4853500: system.cpu: T0 : 0x104d8    : ld a5, -24(s0)             : MemRead :  D=0x0000000000071a40 A=0x7ffffffffffffdb8
4854000: system.cpu: T0 : 0x104dc    : c_addi a5, 16              : IntAlu :  D=0x0000000000071a50
4854500: system.cpu: T0 : 0x104de    : c_lw a5, 0(a5)             : MemRead :  D=0x0000000000004f0f A=0x71a50
4855000: system.cpu: T0 : 0x104e0    : c_addw a5, a4              : IntAlu :  D=0x0000000000011021
4856000: system.cpu: T0 : 0x104e2    : sw a5, -68(s0)             : MemWrite :  D=0x0000000000011021 A=0x7ffffffffffffd8c
4857000: system.cpu: T0 : 0x104e6    : ld a5, -24(s0)             : MemRead :  D=0x0000000000071a40 A=0x7ffffffffffffdb8
4857500: system.cpu: T0 : 0x104ea    : c_addi a5, 12              : IntAlu :  D=0x0000000000071a4c
4858000: system.cpu: T0 : 0x104ec    : c_lw a4, 0(a5)             : MemRead :  D=0x000000000000c112 A=0x71a4c
4859000: system.cpu: T0 : 0x104ee    : ld a5, -24(s0)             : MemRead :  D=0x0000000000071a40 A=0x7ffffffffffffdb8
4859500: system.cpu: T0 : 0x104f2    : c_addi a5, 16              : IntAlu :  D=0x0000000000071a50
4860000: system.cpu: T0 : 0x104f4    : c_lw a5, 0(a5)             : MemRead :  D=0x0000000000004f0f A=0x71a50
4861000: system.cpu: T0 : 0x104f6    : subw a5, a4, a5            : IntAlu :  D=0x0000000000007203
4862000: system.cpu: T0 : 0x104fa    : sw a5, -64(s0)             : MemWrite :  D=0x0000000000007203 A=0x7ffffffffffffd90
4863000: system.cpu: T0 : 0x104fe    : lw a4, -92(s0)             : MemRead :  D=0x0000000000015527 A=0x7ffffffffffffd74
4864000: system.cpu: T0 : 0x10502    : lw a5, -68(s0)             : MemRead :  D=0x0000000000011021 A=0x7ffffffffffffd8c
4864500: system.cpu: T0 : 0x10506    : c_addw a5, a4              : IntAlu :  D=0x0000000000026548
4865000: system.cpu: T0 : 0x10508    : sw a5, -60(s0)             : MemWrite :  D=0x0000000000026548 A=0x7ffffffffffffd94
4865500: system.cpu: T0 : 0x1050c    : lw a4, -92(s0)             : MemRead :  D=0x0000000000015527 A=0x7ffffffffffffd74
4866000: system.cpu: T0 : 0x10510    : lw a5, -68(s0)             : MemRead :  D=0x0000000000011021 A=0x7ffffffffffffd8c
4866500: system.cpu: T0 : 0x10514    : subw a5, a4, a5            : IntAlu :  D=0x0000000000004506
4867000: system.cpu: T0 : 0x10518    : sw a5, -56(s0)             : MemWrite :  D=0x0000000000004506 A=0x7ffffffffffffd98
4867500: system.cpu: T0 : 0x1051c    : lw a4, -84(s0)             : MemRead :  D=0x000000000000c272 A=0x7ffffffffffffd7c
4868000: system.cpu: T0 : 0x10520    : lw a5, -76(s0)             : MemRead :  D=0x0000000000006f2f A=0x7ffffffffffffd84
4868500: system.cpu: T0 : 0x10524    : c_addw a5, a4              : IntAlu :  D=0x00000000000131a1
4869500: system.cpu: T0 : 0x10526    : sw a5, -52(s0)             : MemWrite :  D=0x00000000000131a1 A=0x7ffffffffffffd9c
4870500: system.cpu: T0 : 0x1052a    : lw a4, -84(s0)             : MemRead :  D=0x000000000000c272 A=0x7ffffffffffffd7c
4871500: system.cpu: T0 : 0x1052e    : lw a5, -76(s0)             : MemRead :  D=0x0000000000006f2f A=0x7ffffffffffffd84
4872500: system.cpu: T0 : 0x10532    : subw a5, a4, a5            : IntAlu :  D=0x0000000000005343
4873500: system.cpu: T0 : 0x10536    : sw a5, -48(s0)             : MemWrite :  D=0x0000000000005343 A=0x7ffffffffffffda0
4874500: system.cpu: T0 : 0x1053a    : lw a4, -60(s0)             : MemRead :  D=0x0000000000026548 A=0x7ffffffffffffd94
4875500: system.cpu: T0 : 0x1053e    : lw a5, -52(s0)             : MemRead :  D=0x00000000000131a1 A=0x7ffffffffffffd9c
4876000: system.cpu: T0 : 0x10542    : c_addw a5, a4              : IntAlu :  D=0x00000000000396e9
4876500: system.cpu: T0 : 0x10544    : c_addiw a5, 0              : IntAlu :  D=0x00000000000396e9
4877500: system.cpu: T0 : 0x10546    : slliw a5, a5, 2            : IntAlu :  D=0x00000000000e5ba4
4878500: system.cpu: T0 : 0x1054a    : addiw a4, a5, 0            : IntAlu :  D=0x00000000000e5ba4
4879500: system.cpu: T0 : 0x1054e    : ld a5, -24(s0)             : MemRead :  D=0x0000000000071a40 A=0x7ffffffffffffdb8
4880000: system.cpu: T0 : 0x10552    : c_sw a4, 0(a5)             : MemWrite :  D=0x00000000000e5ba4 A=0x71a40
4880500: system.cpu: T0 : 0x10554    : lw a4, -60(s0)             : MemRead :  D=0x0000000000026548 A=0x7ffffffffffffd94
4881000: system.cpu: T0 : 0x10558    : lw a5, -52(s0)             : MemRead :  D=0x00000000000131a1 A=0x7ffffffffffffd9c
4881500: system.cpu: T0 : 0x1055c    : subw a5, a4, a5            : IntAlu :  D=0x00000000000133a7
4882000: system.cpu: T0 : 0x10560    : addiw a4, a5, 0            : IntAlu :  D=0x00000000000133a7
4882500: system.cpu: T0 : 0x10564    : ld a5, -24(s0)             : MemRead :  D=0x0000000000071a40 A=0x7ffffffffffffdb8
4883000: system.cpu: T0 : 0x10568    : c_addi a5, 16              : IntAlu :  D=0x0000000000071a50
4884000: system.cpu: T0 : 0x1056a    : slliw a4, a4, 2            : IntAlu :  D=0x000000000004ce9c
4884500: system.cpu: T0 : 0x1056e    : c_addiw a4, 0              : IntAlu :  D=0x000000000004ce9c
4885000: system.cpu: T0 : 0x10570    : c_sw a4, 0(a5)             : MemWrite :  D=0x000000000004ce9c A=0x71a50
4886000: system.cpu: T0 : 0x10572    : lw a4, -48(s0)             : MemRead :  D=0x0000000000005343 A=0x7ffffffffffffda0
4887000: system.cpu: T0 : 0x10576    : lw a5, -56(s0)             : MemRead :  D=0x0000000000004506 A=0x7ffffffffffffd98
4887500: system.cpu: T0 : 0x1057a    : c_addw a5, a4              : IntAlu :  D=0x0000000000009849
4888000: system.cpu: T0 : 0x1057c    : addiw a4, a5, 0            : IntAlu :  D=0x0000000000009849
4888500: system.cpu: T0 : 0x10580    : c_lui a5, 1                : IntAlu :  D=0x0000000000001000
4889500: system.cpu: T0 : 0x10582    : addiw a5, a5, 337          : IntAlu :  D=0x0000000000001151
4890500: system.cpu: T0 : 0x10586    : mulw a5, a4, a5            : IntMult :  D=0x000000000a4d0819
4891500: system.cpu: T0 : 0x1058a    : sw a5, -44(s0)             : MemWrite :  D=0x000000000a4d0819 A=0x7ffffffffffffda4
4892500: system.cpu: T0 : 0x1058e    : lw a4, -56(s0)             : MemRead :  D=0x0000000000004506 A=0x7ffffffffffffd98
4893000: system.cpu: T0 : 0x10592    : c_lui a5, 2                : IntAlu :  D=0x0000000000002000
4893500: system.cpu: T0 : 0x10594    : addiw a5, a5, -1922        : IntAlu :  D=0x000000000000187e
4894000: system.cpu: T0 : 0x10598    : mulw a5, a4, a5            : IntMult :  D=0x00000000069a88f4
4894500: system.cpu: T0 : 0x1059c    : c_addiw a5, 0              : IntAlu :  D=0x00000000069a88f4
4895500: system.cpu: T0 : 0x1059e    : lw a4, -44(s0)             : MemRead :  D=0x000000000a4d0819 A=0x7ffffffffffffda4
4896000: system.cpu: T0 : 0x105a2    : c_addw a5, a4              : IntAlu :  D=0x0000000010e7910d
4896500: system.cpu: T0 : 0x105a4    : c_addiw a5, 0              : IntAlu :  D=0x0000000010e7910d
4897500: system.cpu: T0 : 0x105a6    : addiw a5, a5, 1024         : IntAlu :  D=0x0000000010e7950d
4898500: system.cpu: T0 : 0x105aa    : addiw a4, a5, 0            : IntAlu :  D=0x0000000010e7950d
4899500: system.cpu: T0 : 0x105ae    : ld a5, -24(s0)             : MemRead :  D=0x0000000000071a40 A=0x7ffffffffffffdb8
4900000: system.cpu: T0 : 0x105b2    : c_addi a5, 8               : IntAlu :  D=0x0000000000071a48
4900500: system.cpu: T0 : 0x105b4    : sraiw a4, a4, 11           : IntAlu :  D=0x0000000000021cf2
4901000: system.cpu: T0 : 0x105b8    : c_addiw a4, 0              : IntAlu :  D=0x0000000000021cf2
4901500: system.cpu: T0 : 0x105ba    : c_sw a4, 0(a5)             : MemWrite :  D=0x0000000000021cf2 A=0x71a48
4902000: system.cpu: T0 : 0x105bc    : lw a4, -48(s0)             : MemRead :  D=0x0000000000005343 A=0x7ffffffffffffda0
4902500: system.cpu: T0 : 0x105c0    : c_lui a5, 1048572          : IntAlu :  D=0xffffffffffffc000
4903500: system.cpu: T0 : 0x105c2    : addiw a5, a5, 1247         : IntAlu :  D=0xffffffffffffc4df
4904500: system.cpu: T0 : 0x105c6    : mulw a5, a4, a5            : IntMult :  D=0xffffffffecc4d35d
4905000: system.cpu: T0 : 0x105ca    : c_addiw a5, 0              : IntAlu :  D=0xffffffffecc4d35d
4905500: system.cpu: T0 : 0x105cc    : lw a4, -44(s0)             : MemRead :  D=0x000000000a4d0819 A=0x7ffffffffffffda4
4906000: system.cpu: T0 : 0x105d0    : c_addw a5, a4              : IntAlu :  D=0xfffffffff711db76
4906500: system.cpu: T0 : 0x105d2    : c_addiw a5, 0              : IntAlu :  D=0xfffffffff711db76
4907000: system.cpu: T0 : 0x105d4    : addiw a5, a5, 1024         : IntAlu :  D=0xfffffffff711df76
4907500: system.cpu: T0 : 0x105d8    : addiw a4, a5, 0            : IntAlu :  D=0xfffffffff711df76
4908000: system.cpu: T0 : 0x105dc    : ld a5, -24(s0)             : MemRead :  D=0x0000000000071a40 A=0x7ffffffffffffdb8
4908500: system.cpu: T0 : 0x105e0    : c_addi a5, 24              : IntAlu :  D=0x0000000000071a58
4909500: system.cpu: T0 : 0x105e2    : sraiw a4, a4, 11           : IntAlu :  D=0xfffffffffffee23b
4910000: system.cpu: T0 : 0x105e6    : c_addiw a4, 0              : IntAlu :  D=0xfffffffffffee23b
4910500: system.cpu: T0 : 0x105e8    : c_sw a4, 0(a5)             : MemWrite :  D=0x00000000fffee23b A=0x71a58
4911500: system.cpu: T0 : 0x105ea    : lw a4, -64(s0)             : MemRead :  D=0x0000000000007203 A=0x7ffffffffffffd90
4912500: system.cpu: T0 : 0x105ee    : lw a5, -88(s0)             : MemRead :  D=0x000000000000007b A=0x7ffffffffffffd78
4913000: system.cpu: T0 : 0x105f2    : c_addw a5, a4              : IntAlu :  D=0x000000000000727e
4913500: system.cpu: T0 : 0x105f4    : sw a5, -44(s0)             : MemWrite :  D=0x000000000000727e A=0x7ffffffffffffda4
4914000: system.cpu: T0 : 0x105f8    : lw a4, -72(s0)             : MemRead :  D=0x00000000000048a5 A=0x7ffffffffffffd88
4914500: system.cpu: T0 : 0x105fc    : lw a5, -80(s0)             : MemRead :  D=0x000000000000bc0a A=0x7ffffffffffffd80
4915000: system.cpu: T0 : 0x10600    : c_addw a5, a4              : IntAlu :  D=0x00000000000104af
4916000: system.cpu: T0 : 0x10602    : sw a5, -40(s0)             : MemWrite :  D=0x00000000000104af A=0x7ffffffffffffda8
4917000: system.cpu: T0 : 0x10606    : lw a4, -64(s0)             : MemRead :  D=0x0000000000007203 A=0x7ffffffffffffd90
4918000: system.cpu: T0 : 0x1060a    : lw a5, -80(s0)             : MemRead :  D=0x000000000000bc0a A=0x7ffffffffffffd80
4918500: system.cpu: T0 : 0x1060e    : c_addw a5, a4              : IntAlu :  D=0x0000000000012e0d
4919000: system.cpu: T0 : 0x10610    : sw a5, -36(s0)             : MemWrite :  D=0x0000000000012e0d A=0x7ffffffffffffdac
4919500: system.cpu: T0 : 0x10614    : lw a4, -72(s0)             : MemRead :  D=0x00000000000048a5 A=0x7ffffffffffffd88
4920000: system.cpu: T0 : 0x10618    : lw a5, -88(s0)             : MemRead :  D=0x000000000000007b A=0x7ffffffffffffd78
4920500: system.cpu: T0 : 0x1061c    : c_addw a5, a4              : IntAlu :  D=0x0000000000004920
4921500: system.cpu: T0 : 0x1061e    : sw a5, -32(s0)             : MemWrite :  D=0x0000000000004920 A=0x7ffffffffffffdb0
4922500: system.cpu: T0 : 0x10622    : lw a4, -36(s0)             : MemRead :  D=0x0000000000012e0d A=0x7ffffffffffffdac
4923500: system.cpu: T0 : 0x10626    : lw a5, -32(s0)             : MemRead :  D=0x0000000000004920 A=0x7ffffffffffffdb0
4924000: system.cpu: T0 : 0x1062a    : c_addw a5, a4              : IntAlu :  D=0x000000000001772d
4924500: system.cpu: T0 : 0x1062c    : addiw a4, a5, 0            : IntAlu :  D=0x000000000001772d
4925000: system.cpu: T0 : 0x10630    : c_lui a5, 2                : IntAlu :  D=0x0000000000002000
4926000: system.cpu: T0 : 0x10632    : addiw a5, a5, 1441         : IntAlu :  D=0x00000000000025a1
4927000: system.cpu: T0 : 0x10636    : mulw a5, a4, a5            : IntMult :  D=0x000000003725744d
4928000: system.cpu: T0 : 0x1063a    : sw a5, -28(s0)             : MemWrite :  D=0x000000003725744d A=0x7ffffffffffffdb4
4929000: system.cpu: T0 : 0x1063e    : lw a4, -64(s0)             : MemRead :  D=0x0000000000007203 A=0x7ffffffffffffd90
4929500: system.cpu: T0 : 0x10642    : c_lui a5, 1                : IntAlu :  D=0x0000000000001000
4930000: system.cpu: T0 : 0x10644    : addiw a5, a5, -1650        : IntAlu :  D=0x000000000000098e
4930500: system.cpu: T0 : 0x10648    : mulw a5, a4, a5            : IntMult :  D=0x00000000044158aa
4931000: system.cpu: T0 : 0x1064c    : sw a5, -64(s0)             : MemWrite :  D=0x00000000044158aa A=0x7ffffffffffffd90
4931500: system.cpu: T0 : 0x10650    : lw a4, -72(s0)             : MemRead :  D=0x00000000000048a5 A=0x7ffffffffffffd88
4932000: system.cpu: T0 : 0x10654    : c_lui a5, 4                : IntAlu :  D=0x0000000000004000
4933000: system.cpu: T0 : 0x10656    : addiw a5, a5, 435          : IntAlu :  D=0x00000000000041b3
4934000: system.cpu: T0 : 0x1065a    : mulw a5, a4, a5            : IntMult :  D=0x0000000012a4b05f
4935000: system.cpu: T0 : 0x1065e    : sw a5, -72(s0)             : MemWrite :  D=0x0000000012a4b05f A=0x7ffffffffffffd88
4936000: system.cpu: T0 : 0x10662    : lw a4, -80(s0)             : MemRead :  D=0x000000000000bc0a A=0x7ffffffffffffd80
4936500: system.cpu: T0 : 0x10666    : c_lui a5, 6                : IntAlu :  D=0x0000000000006000
4937000: system.cpu: T0 : 0x10668    : addiw a5, a5, 596          : IntAlu :  D=0x0000000000006254
4937500: system.cpu: T0 : 0x1066c    : mulw a5, a4, a5            : IntMult :  D=0x0000000048398748
4938000: system.cpu: T0 : 0x10670    : sw a5, -80(s0)             : MemWrite :  D=0x0000000048398748 A=0x7ffffffffffffd80
4938500: system.cpu: T0 : 0x10674    : lw a4, -88(s0)             : MemRead :  D=0x000000000000007b A=0x7ffffffffffffd78
4939000: system.cpu: T0 : 0x10678    : c_lui a5, 3                : IntAlu :  D=0x0000000000003000
4939500: system.cpu: T0 : 0x1067a    : c_addiw a5, 11             : IntAlu :  D=0x000000000000300b
4940000: system.cpu: T0 : 0x1067c    : mulw a5, a4, a5            : IntMult :  D=0x0000000000171549
4940500: system.cpu: T0 : 0x10680    : sw a5, -88(s0)             : MemWrite :  D=0x0000000000171549 A=0x7ffffffffffffd78
4941000: system.cpu: T0 : 0x10684    : lw a4, -44(s0)             : MemRead :  D=0x000000000000727e A=0x7ffffffffffffda4
4941500: system.cpu: T0 : 0x10688    : c_lui a5, 1048574          : IntAlu :  D=0xffffffffffffe000
4942500: system.cpu: T0 : 0x1068a    : addiw a5, a5, 819          : IntAlu :  D=0xffffffffffffe333
4943500: system.cpu: T0 : 0x1068e    : mulw a5, a4, a5            : IntMult :  D=0xfffffffff31e891a
4944500: system.cpu: T0 : 0x10692    : sw a5, -44(s0)             : MemWrite :  D=0x00000000f31e891a A=0x7ffffffffffffda4
4945500: system.cpu: T0 : 0x10696    : lw a4, -40(s0)             : MemRead :  D=0x00000000000104af A=0x7ffffffffffffda8
4946000: system.cpu: T0 : 0x1069a    : c_lui a5, 1048571          : IntAlu :  D=0xffffffffffffb000
4946500: system.cpu: T0 : 0x1069c    : addiw a5, a5, -515         : IntAlu :  D=0xffffffffffffadfd
4947000: system.cpu: T0 : 0x106a0    : mulw a5, a4, a5            : IntMult :  D=0xffffffffac7ce3f3
4947500: system.cpu: T0 : 0x106a4    : sw a5, -40(s0)             : MemWrite :  D=0x00000000ac7ce3f3 A=0x7ffffffffffffda8
4948000: system.cpu: T0 : 0x106a8    : lw a4, -36(s0)             : MemRead :  D=0x0000000000012e0d A=0x7ffffffffffffdac
4948500: system.cpu: T0 : 0x106ac    : c_lui a5, 1048572          : IntAlu :  D=0xffffffffffffc000
4949500: system.cpu: T0 : 0x106ae    : addiw a5, a5, 315          : IntAlu :  D=0xffffffffffffc13b
4950500: system.cpu: T0 : 0x106b2    : mulw a5, a4, a5            : IntMult :  D=0xffffffffb5f069ff
4951500: system.cpu: T0 : 0x106b6    : sw a5, -36(s0)             : MemWrite :  D=0x00000000b5f069ff A=0x7ffffffffffffdac
4952500: system.cpu: T0 : 0x106ba    : lw a4, -32(s0)             : MemRead :  D=0x0000000000004920 A=0x7ffffffffffffdb0
4953000: system.cpu: T0 : 0x106be    : c_lui a5, 1048575          : IntAlu :  D=0xfffffffffffff000
4953500: system.cpu: T0 : 0x106c0    : addiw a5, a5, 900          : IntAlu :  D=0xfffffffffffff384
4954000: system.cpu: T0 : 0x106c4    : mulw a5, a4, a5            : IntMult :  D=0xfffffffffc6f1480
4954500: system.cpu: T0 : 0x106c8    : sw a5, -32(s0)             : MemWrite :  D=0x00000000fc6f1480 A=0x7ffffffffffffdb0
4955000: system.cpu: T0 : 0x106cc    : lw a4, -36(s0)             : MemRead :  D=0xffffffffb5f069ff A=0x7ffffffffffffdac
4955500: system.cpu: T0 : 0x106d0    : lw a5, -28(s0)             : MemRead :  D=0x000000003725744d A=0x7ffffffffffffdb4
4956000: system.cpu: T0 : 0x106d4    : c_addw a5, a4              : IntAlu :  D=0xffffffffed15de4c
4957000: system.cpu: T0 : 0x106d6    : sw a5, -36(s0)             : MemWrite :  D=0x00000000ed15de4c A=0x7ffffffffffffdac
4958000: system.cpu: T0 : 0x106da    : lw a4, -32(s0)             : MemRead :  D=0xfffffffffc6f1480 A=0x7ffffffffffffdb0
4959000: system.cpu: T0 : 0x106de    : lw a5, -28(s0)             : MemRead :  D=0x000000003725744d A=0x7ffffffffffffdb4
4959500: system.cpu: T0 : 0x106e2    : c_addw a5, a4              : IntAlu :  D=0x00000000339488cd
4960000: system.cpu: T0 : 0x106e4    : sw a5, -32(s0)             : MemWrite :  D=0x00000000339488cd A=0x7ffffffffffffdb0
4960500: system.cpu: T0 : 0x106e8    : lw a4, -64(s0)             : MemRead :  D=0x00000000044158aa A=0x7ffffffffffffd90
4961000: system.cpu: T0 : 0x106ec    : lw a5, -44(s0)             : MemRead :  D=0xfffffffff31e891a A=0x7ffffffffffffda4
4961500: system.cpu: T0 : 0x106f0    : c_addw a5, a4              : IntAlu :  D=0xfffffffff75fe1c4
4962000: system.cpu: T0 : 0x106f2    : c_addiw a5, 0              : IntAlu :  D=0xfffffffff75fe1c4
4962500: system.cpu: T0 : 0x106f4    : lw a4, -36(s0)             : MemRead :  D=0xffffffffed15de4c A=0x7ffffffffffffdac
4963000: system.cpu: T0 : 0x106f8    : c_addw a5, a4              : IntAlu :  D=0xffffffffe475c010
4963500: system.cpu: T0 : 0x106fa    : c_addiw a5, 0              : IntAlu :  D=0xffffffffe475c010
4964000: system.cpu: T0 : 0x106fc    : addiw a5, a5, 1024         : IntAlu :  D=0xffffffffe475c410
4964500: system.cpu: T0 : 0x10700    : addiw a4, a5, 0            : IntAlu :  D=0xffffffffe475c410
4965000: system.cpu: T0 : 0x10704    : ld a5, -24(s0)             : MemRead :  D=0x0000000000071a40 A=0x7ffffffffffffdb8
4965500: system.cpu: T0 : 0x10708    : c_addi a5, 28              : IntAlu :  D=0x0000000000071a5c
4966500: system.cpu: T0 : 0x1070a    : sraiw a4, a4, 11           : IntAlu :  D=0xfffffffffffc8eb8
4967000: system.cpu: T0 : 0x1070e    : c_addiw a4, 0              : IntAlu :  D=0xfffffffffffc8eb8
4967500: system.cpu: T0 : 0x10710    : c_sw a4, 0(a5)             : MemWrite :  D=0x00000000fffc8eb8 A=0x71a5c
4968500: system.cpu: T0 : 0x10712    : lw a4, -72(s0)             : MemRead :  D=0x0000000012a4b05f A=0x7ffffffffffffd88
4969500: system.cpu: T0 : 0x10716    : lw a5, -40(s0)             : MemRead :  D=0xffffffffac7ce3f3 A=0x7ffffffffffffda8
4970000: system.cpu: T0 : 0x1071a    : c_addw a5, a4              : IntAlu :  D=0xffffffffbf219452
4970500: system.cpu: T0 : 0x1071c    : c_addiw a5, 0              : IntAlu :  D=0xffffffffbf219452
4971500: system.cpu: T0 : 0x1071e    : lw a4, -32(s0)             : MemRead :  D=0x00000000339488cd A=0x7ffffffffffffdb0
4972000: system.cpu: T0 : 0x10722    : c_addw a5, a4              : IntAlu :  D=0xfffffffff2b61d1f
4972500: system.cpu: T0 : 0x10724    : c_addiw a5, 0              : IntAlu :  D=0xfffffffff2b61d1f
4973500: system.cpu: T0 : 0x10726    : addiw a5, a5, 1024         : IntAlu :  D=0xfffffffff2b6211f
4974500: system.cpu: T0 : 0x1072a    : addiw a4, a5, 0            : IntAlu :  D=0xfffffffff2b6211f
4975500: system.cpu: T0 : 0x1072e    : ld a5, -24(s0)             : MemRead :  D=0x0000000000071a40 A=0x7ffffffffffffdb8
4976000: system.cpu: T0 : 0x10732    : c_addi a5, 20              : IntAlu :  D=0x0000000000071a54
4976500: system.cpu: T0 : 0x10734    : sraiw a4, a4, 11           : IntAlu :  D=0xfffffffffffe56c4
4977000: system.cpu: T0 : 0x10738    : c_addiw a4, 0              : IntAlu :  D=0xfffffffffffe56c4
4977500: system.cpu: T0 : 0x1073a    : c_sw a4, 0(a5)             : MemWrite :  D=0x00000000fffe56c4 A=0x71a54
4978000: system.cpu: T0 : 0x1073c    : lw a4, -80(s0)             : MemRead :  D=0x0000000048398748 A=0x7ffffffffffffd80
4978500: system.cpu: T0 : 0x10740    : lw a5, -40(s0)             : MemRead :  D=0xffffffffac7ce3f3 A=0x7ffffffffffffda8
4979000: system.cpu: T0 : 0x10744    : c_addw a5, a4              : IntAlu :  D=0xfffffffff4b66b3b
4979500: system.cpu: T0 : 0x10746    : c_addiw a5, 0              : IntAlu :  D=0xfffffffff4b66b3b
4980000: system.cpu: T0 : 0x10748    : lw a4, -36(s0)             : MemRead :  D=0xffffffffed15de4c A=0x7ffffffffffffdac
4980500: system.cpu: T0 : 0x1074c    : c_addw a5, a4              : IntAlu :  D=0xffffffffe1cc4987
4981000: system.cpu: T0 : 0x1074e    : c_addiw a5, 0              : IntAlu :  D=0xffffffffe1cc4987
4981500: system.cpu: T0 : 0x10750    : addiw a5, a5, 1024         : IntAlu :  D=0xffffffffe1cc4d87
4982000: system.cpu: T0 : 0x10754    : addiw a4, a5, 0            : IntAlu :  D=0xffffffffe1cc4d87
4982500: system.cpu: T0 : 0x10758    : ld a5, -24(s0)             : MemRead :  D=0x0000000000071a40 A=0x7ffffffffffffdb8
4983000: system.cpu: T0 : 0x1075c    : c_addi a5, 12              : IntAlu :  D=0x0000000000071a4c
4984000: system.cpu: T0 : 0x1075e    : sraiw a4, a4, 11           : IntAlu :  D=0xfffffffffffc3989
4984500: system.cpu: T0 : 0x10762    : c_addiw a4, 0              : IntAlu :  D=0xfffffffffffc3989
4985000: system.cpu: T0 : 0x10764    : c_sw a4, 0(a5)             : MemWrite :  D=0x00000000fffc3989 A=0x71a4c
4986000: system.cpu: T0 : 0x10766    : lw a4, -88(s0)             : MemRead :  D=0x0000000000171549 A=0x7ffffffffffffd78
4987000: system.cpu: T0 : 0x1076a    : lw a5, -44(s0)             : MemRead :  D=0xfffffffff31e891a A=0x7ffffffffffffda4
4987500: system.cpu: T0 : 0x1076e    : c_addw a5, a4              : IntAlu :  D=0xfffffffff3359e63
4988000: system.cpu: T0 : 0x10770    : c_addiw a5, 0              : IntAlu :  D=0xfffffffff3359e63
4989000: system.cpu: T0 : 0x10772    : lw a4, -32(s0)             : MemRead :  D=0x00000000339488cd A=0x7ffffffffffffdb0
4989500: system.cpu: T0 : 0x10776    : c_addw a5, a4              : IntAlu :  D=0x0000000026ca2730
4990000: system.cpu: T0 : 0x10778    : c_addiw a5, 0              : IntAlu :  D=0x0000000026ca2730
4991000: system.cpu: T0 : 0x1077a    : addiw a5, a5, 1024         : IntAlu :  D=0x0000000026ca2b30
4992000: system.cpu: T0 : 0x1077e    : addiw a4, a5, 0            : IntAlu :  D=0x0000000026ca2b30
4993000: system.cpu: T0 : 0x10782    : ld a5, -24(s0)             : MemRead :  D=0x0000000000071a40 A=0x7ffffffffffffdb8
4993500: system.cpu: T0 : 0x10786    : c_addi a5, 4               : IntAlu :  D=0x0000000000071a44
4994000: system.cpu: T0 : 0x10788    : sraiw a4, a4, 11           : IntAlu :  D=0x000000000004d945
4994500: system.cpu: T0 : 0x1078c    : c_addiw a4, 0              : IntAlu :  D=0x000000000004d945
4995000: system.cpu: T0 : 0x1078e    : c_sw a4, 0(a5)             : MemWrite :  D=0x000000000004d945 A=0x71a44
4995500: system.cpu: T0 : 0x10790    : ld a5, -24(s0)             : MemRead :  D=0x0000000000071a40 A=0x7ffffffffffffdb8
4996000: system.cpu: T0 : 0x10794    : addi a5, a5, 32            : IntAlu :  D=0x0000000000071a60
4996500: system.cpu: T0 : 0x10798    : sd a5, -24(s0)             : MemWrite :  D=0x0000000000071a60 A=0x7ffffffffffffdb8
4997000: system.cpu: T0 : 0x1079c    : lw a5, -96(s0)             : MemRead :  D=0x0000000000000000 A=0x7ffffffffffffd70
4997500: system.cpu: T0 : 0x107a0    : c_addiw a5, -1             : IntAlu :  D=0xffffffffffffffff
4998500: system.cpu: T0 : 0x107a2    : sw a5, -96(s0)             : MemWrite :  D=0x00000000ffffffff A=0x7ffffffffffffd70
4999500: system.cpu: T0 : 0x107a6    : lw a5, -96(s0)             : MemRead :  D=0xffffffffffffffff A=0x7ffffffffffffd70
5000000: system.cpu: T0 : 0x107aa    : c_addiw a5, 0              : IntAlu :  D=0xffffffffffffffff
5000500: system.cpu: T0 : 0x107ac    : bge a5, zero, -866         : IntAlu : 
5001000: system.cpu: T0 : 0x107b0    : auipc a5, 96               : IntAlu :  D=0x00000000000707b0
5001500: system.cpu: T0 : 0x107b4    : ld a5, 104(a5)             : MemRead :  D=0x0000000000071960 A=0x70818
5002000: system.cpu: T0 : 0x107b8    : sd a5, -24(s0)             : MemWrite :  D=0x0000000000071960 A=0x7ffffffffffffdb8
5002500: system.cpu: T0 : 0x107bc    : c_li a5, 7                 : IntAlu :  D=0x0000000000000007
5003500: system.cpu: T0 : 0x107be    : sw a5, -96(s0)             : MemWrite :  D=0x0000000000000007 A=0x7ffffffffffffd70
5004000: system.cpu: T0 : 0x107c2    : c_j 922                    : IntAlu : 
5004500: system.cpu: T0 : 0x10b5c    : lw a5, -96(s0)             : MemRead :  D=0x0000000000000007 A=0x7ffffffffffffd70
5005000: system.cpu: T0 : 0x10b60    : c_addiw a5, 0              : IntAlu :  D=0x0000000000000007
5006000: system.cpu: T0 : 0x10b62    : bge a5, zero, -926         : IntAlu : 
5006500: system.cpu: T0 : 0x107c4    : ld a5, -24(s0)             : MemRead :  D=0x0000000000071960 A=0x7ffffffffffffdb8
5007000: system.cpu: T0 : 0x107c8    : c_lw a4, 0(a5)             : MemRead :  D=0x00000000000dfcb8 A=0x71960
5008000: system.cpu: T0 : 0x107ca    : ld a5, -24(s0)             : MemRead :  D=0x0000000000071960 A=0x7ffffffffffffdb8
5009000: system.cpu: T0 : 0x107ce    : addi a5, a5, 224           : IntAlu :  D=0x0000000000071a40
5009500: system.cpu: T0 : 0x107d2    : c_lw a5, 0(a5)             : MemRead :  D=0x00000000000e5ba4 A=0x71a40
5010000: system.cpu: T0 : 0x107d4    : c_addw a5, a4              : IntAlu :  D=0x00000000001c585c
5011000: system.cpu: T0 : 0x107d6    : sw a5, -92(s0)             : MemWrite :  D=0x00000000001c585c A=0x7ffffffffffffd74
5012000: system.cpu: T0 : 0x107da    : ld a5, -24(s0)             : MemRead :  D=0x0000000000071960 A=0x7ffffffffffffdb8
5012500: system.cpu: T0 : 0x107de    : c_lw a4, 0(a5)             : MemRead :  D=0x00000000000dfcb8 A=0x71960
5013000: system.cpu: T0 : 0x107e0    : ld a5, -24(s0)             : MemRead :  D=0x0000000000071960 A=0x7ffffffffffffdb8
5013500: system.cpu: T0 : 0x107e4    : addi a5, a5, 224           : IntAlu :  D=0x0000000000071a40
5014000: system.cpu: T0 : 0x107e8    : c_lw a5, 0(a5)             : MemRead :  D=0x00000000000e5ba4 A=0x71a40
5015000: system.cpu: T0 : 0x107ea    : subw a5, a4, a5            : IntAlu :  D=0xffffffffffffa114
5016000: system.cpu: T0 : 0x107ee    : sw a5, -88(s0)             : MemWrite :  D=0x00000000ffffa114 A=0x7ffffffffffffd78
5017000: system.cpu: T0 : 0x107f2    : ld a5, -24(s0)             : MemRead :  D=0x0000000000071960 A=0x7ffffffffffffdb8
5018000: system.cpu: T0 : 0x107f6    : addi a5, a5, 32            : IntAlu :  D=0x0000000000071980
5018500: system.cpu: T0 : 0x107fa    : c_lw a4, 0(a5)             : MemRead :  D=0x000000000011cc30 A=0x71980
5019000: system.cpu: T0 : 0x107fc    : ld a5, -24(s0)             : MemRead :  D=0x0000000000071960 A=0x7ffffffffffffdb8
5019500: system.cpu: T0 : 0x10800    : addi a5, a5, 192           : IntAlu :  D=0x0000000000071a20
5020000: system.cpu: T0 : 0x10804    : c_lw a5, 0(a5)             : MemRead :  D=0x00000000000c0ea8 A=0x71a20
5020500: system.cpu: T0 : 0x10806    : c_addw a5, a4              : IntAlu :  D=0x00000000001ddad8
5021000: system.cpu: T0 : 0x10808    : sw a5, -84(s0)             : MemWrite :  D=0x00000000001ddad8 A=0x7ffffffffffffd7c
5021500: system.cpu: T0 : 0x1080c    : ld a5, -24(s0)             : MemRead :  D=0x0000000000071960 A=0x7ffffffffffffdb8
5022000: system.cpu: T0 : 0x10810    : addi a5, a5, 32            : IntAlu :  D=0x0000000000071980
5022500: system.cpu: T0 : 0x10814    : c_lw a4, 0(a5)             : MemRead :  D=0x000000000011cc30 A=0x71980
5023500: system.cpu: T0 : 0x10816    : ld a5, -24(s0)             : MemRead :  D=0x0000000000071960 A=0x7ffffffffffffdb8
5024500: system.cpu: T0 : 0x1081a    : addi a5, a5, 192           : IntAlu :  D=0x0000000000071a20
5025000: system.cpu: T0 : 0x1081e    : c_lw a5, 0(a5)             : MemRead :  D=0x00000000000c0ea8 A=0x71a20
5025500: system.cpu: T0 : 0x10820    : subw a5, a4, a5            : IntAlu :  D=0x000000000005bd88
5026000: system.cpu: T0 : 0x10824    : sw a5, -80(s0)             : MemWrite :  D=0x000000000005bd88 A=0x7ffffffffffffd80
5026500: system.cpu: T0 : 0x10828    : ld a5, -24(s0)             : MemRead :  D=0x0000000000071960 A=0x7ffffffffffffdb8
5027000: system.cpu: T0 : 0x1082c    : addi a5, a5, 64            : IntAlu :  D=0x00000000000719a0
5027500: system.cpu: T0 : 0x10830    : c_lw a4, 0(a5)             : MemRead :  D=0x0000000000157538 A=0x719a0
5028500: system.cpu: T0 : 0x10832    : ld a5, -24(s0)             : MemRead :  D=0x0000000000071960 A=0x7ffffffffffffdb8
5029500: system.cpu: T0 : 0x10836    : addi a5, a5, 160           : IntAlu :  D=0x0000000000071a00
5030000: system.cpu: T0 : 0x1083a    : c_lw a5, 0(a5)             : MemRead :  D=0x00000000000e9f60 A=0x71a00
5030500: system.cpu: T0 : 0x1083c    : c_addw a5, a4              : IntAlu :  D=0x0000000000241498
5031500: system.cpu: T0 : 0x1083e    : sw a5, -76(s0)             : MemWrite :  D=0x0000000000241498 A=0x7ffffffffffffd84
5032500: system.cpu: T0 : 0x10842    : ld a5, -24(s0)             : MemRead :  D=0x0000000000071960 A=0x7ffffffffffffdb8
5033500: system.cpu: T0 : 0x10846    : addi a5, a5, 64            : IntAlu :  D=0x00000000000719a0
5034000: system.cpu: T0 : 0x1084a    : c_lw a4, 0(a5)             : MemRead :  D=0x0000000000157538 A=0x719a0
5034500: system.cpu: T0 : 0x1084c    : ld a5, -24(s0)             : MemRead :  D=0x0000000000071960 A=0x7ffffffffffffdb8
5035000: system.cpu: T0 : 0x10850    : addi a5, a5, 160           : IntAlu :  D=0x0000000000071a00
5035500: system.cpu: T0 : 0x10854    : c_lw a5, 0(a5)             : MemRead :  D=0x00000000000e9f60 A=0x71a00
5036500: system.cpu: T0 : 0x10856    : subw a5, a4, a5            : IntAlu :  D=0x000000000006d5d8
5037500: system.cpu: T0 : 0x1085a    : sw a5, -72(s0)             : MemWrite :  D=0x000000000006d5d8 A=0x7ffffffffffffd88
5038500: system.cpu: T0 : 0x1085e    : ld a5, -24(s0)             : MemRead :  D=0x0000000000071960 A=0x7ffffffffffffdb8
5039500: system.cpu: T0 : 0x10862    : addi a5, a5, 96            : IntAlu :  D=0x00000000000719c0
5040000: system.cpu: T0 : 0x10866    : c_lw a4, 0(a5)             : MemRead :  D=0x0000000000099074 A=0x719c0
5040500: system.cpu: T0 : 0x10868    : ld a5, -24(s0)             : MemRead :  D=0x0000000000071960 A=0x7ffffffffffffdb8
5041000: system.cpu: T0 : 0x1086c    : addi a5, a5, 128           : IntAlu :  D=0x00000000000719e0
5041500: system.cpu: T0 : 0x10870    : c_lw a5, 0(a5)             : MemRead :  D=0x00000000000f971c A=0x719e0
5042000: system.cpu: T0 : 0x10872    : c_addw a5, a4              : IntAlu :  D=0x0000000000192790
5042500: system.cpu: T0 : 0x10874    : sw a5, -68(s0)             : MemWrite :  D=0x0000000000192790 A=0x7ffffffffffffd8c
5043000: system.cpu: T0 : 0x10878    : ld a5, -24(s0)             : MemRead :  D=0x0000000000071960 A=0x7ffffffffffffdb8
5043500: system.cpu: T0 : 0x1087c    : addi a5, a5, 96            : IntAlu :  D=0x00000000000719c0
5044000: system.cpu: T0 : 0x10880    : c_lw a4, 0(a5)             : MemRead :  D=0x0000000000099074 A=0x719c0
5045000: system.cpu: T0 : 0x10882    : ld a5, -24(s0)             : MemRead :  D=0x0000000000071960 A=0x7ffffffffffffdb8
5046000: system.cpu: T0 : 0x10886    : addi a5, a5, 128           : IntAlu :  D=0x00000000000719e0
5046500: system.cpu: T0 : 0x1088a    : c_lw a5, 0(a5)             : MemRead :  D=0x00000000000f971c A=0x719e0
5047000: system.cpu: T0 : 0x1088c    : subw a5, a4, a5            : IntAlu :  D=0xfffffffffff9f958
5047500: system.cpu: T0 : 0x10890    : sw a5, -64(s0)             : MemWrite :  D=0x00000000fff9f958 A=0x7ffffffffffffd90
5048000: system.cpu: T0 : 0x10894    : lw a4, -92(s0)             : MemRead :  D=0x00000000001c585c A=0x7ffffffffffffd74
5048500: system.cpu: T0 : 0x10898    : lw a5, -68(s0)             : MemRead :  D=0x0000000000192790 A=0x7ffffffffffffd8c
5049000: system.cpu: T0 : 0x1089c    : c_addw a5, a4              : IntAlu :  D=0x0000000000357fec
5050000: system.cpu: T0 : 0x1089e    : sw a5, -60(s0)             : MemWrite :  D=0x0000000000357fec A=0x7ffffffffffffd94
5051000: system.cpu: T0 : 0x108a2    : lw a4, -92(s0)             : MemRead :  D=0x00000000001c585c A=0x7ffffffffffffd74
5052000: system.cpu: T0 : 0x108a6    : lw a5, -68(s0)             : MemRead :  D=0x0000000000192790 A=0x7ffffffffffffd8c
5053000: system.cpu: T0 : 0x108aa    : subw a5, a4, a5            : IntAlu :  D=0x00000000000330cc
5054000: system.cpu: T0 : 0x108ae    : sw a5, -56(s0)             : MemWrite :  D=0x00000000000330cc A=0x7ffffffffffffd98
5055000: system.cpu: T0 : 0x108b2    : lw a4, -84(s0)             : MemRead :  D=0x00000000001ddad8 A=0x7ffffffffffffd7c
5056000: system.cpu: T0 : 0x108b6    : lw a5, -76(s0)             : MemRead :  D=0x0000000000241498 A=0x7ffffffffffffd84
5056500: system.cpu: T0 : 0x108ba    : c_addw a5, a4              : IntAlu :  D=0x000000000041ef70
5057000: system.cpu: T0 : 0x108bc    : sw a5, -52(s0)             : MemWrite :  D=0x000000000041ef70 A=0x7ffffffffffffd9c
5057500: system.cpu: T0 : 0x108c0    : lw a4, -84(s0)             : MemRead :  D=0x00000000001ddad8 A=0x7ffffffffffffd7c
5058000: system.cpu: T0 : 0x108c4    : lw a5, -76(s0)             : MemRead :  D=0x0000000000241498 A=0x7ffffffffffffd84
5058500: system.cpu: T0 : 0x108c8    : subw a5, a4, a5            : IntAlu :  D=0xfffffffffff9c640
5059000: system.cpu: T0 : 0x108cc    : sw a5, -48(s0)             : MemWrite :  D=0x00000000fff9c640 A=0x7ffffffffffffda0
5059500: system.cpu: T0 : 0x108d0    : lw a4, -60(s0)             : MemRead :  D=0x0000000000357fec A=0x7ffffffffffffd94
5060000: system.cpu: T0 : 0x108d4    : lw a5, -52(s0)             : MemRead :  D=0x000000000041ef70 A=0x7ffffffffffffd9c
5060500: system.cpu: T0 : 0x108d8    : c_addw a5, a4              : IntAlu :  D=0x0000000000776f5c
5061000: system.cpu: T0 : 0x108da    : c_addiw a5, 0              : IntAlu :  D=0x0000000000776f5c
5061500: system.cpu: T0 : 0x108dc    : c_addiw a5, 2              : IntAlu :  D=0x0000000000776f5e
5062000: system.cpu: T0 : 0x108de    : c_addiw a5, 0              : IntAlu :  D=0x0000000000776f5e
5062500: system.cpu: T0 : 0x108e0    : sraiw a5, a5, 2            : IntAlu :  D=0x00000000001ddbd7
5063000: system.cpu: T0 : 0x108e4    : addiw a4, a5, 0            : IntAlu :  D=0x00000000001ddbd7
5063500: system.cpu: T0 : 0x108e8    : ld a5, -24(s0)             : MemRead :  D=0x0000000000071960 A=0x7ffffffffffffdb8
5064000: system.cpu: T0 : 0x108ec    : c_sw a4, 0(a5)             : MemWrite :  D=0x00000000001ddbd7 A=0x71960
5065000: system.cpu: T0 : 0x108ee    : lw a4, -60(s0)             : MemRead :  D=0x0000000000357fec A=0x7ffffffffffffd94
5066000: system.cpu: T0 : 0x108f2    : lw a5, -52(s0)             : MemRead :  D=0x000000000041ef70 A=0x7ffffffffffffd9c
5067000: system.cpu: T0 : 0x108f6    : subw a5, a4, a5            : IntAlu :  D=0xfffffffffff3907c
5067500: system.cpu: T0 : 0x108fa    : c_addiw a5, 0              : IntAlu :  D=0xfffffffffff3907c
5068000: system.cpu: T0 : 0x108fc    : c_addiw a5, 2              : IntAlu :  D=0xfffffffffff3907e
5069000: system.cpu: T0 : 0x108fe    : addiw a4, a5, 0            : IntAlu :  D=0xfffffffffff3907e
5070000: system.cpu: T0 : 0x10902    : ld a5, -24(s0)             : MemRead :  D=0x0000000000071960 A=0x7ffffffffffffdb8
5071000: system.cpu: T0 : 0x10906    : addi a5, a5, 128           : IntAlu :  D=0x00000000000719e0
5072000: system.cpu: T0 : 0x1090a    : sraiw a4, a4, 2            : IntAlu :  D=0xfffffffffffce41f
5072500: system.cpu: T0 : 0x1090e    : c_addiw a4, 0              : IntAlu :  D=0xfffffffffffce41f
5073000: system.cpu: T0 : 0x10910    : c_sw a4, 0(a5)             : MemWrite :  D=0x00000000fffce41f A=0x719e0
5074000: system.cpu: T0 : 0x10912    : lw a4, -48(s0)             : MemRead :  D=0xfffffffffff9c640 A=0x7ffffffffffffda0
5075000: system.cpu: T0 : 0x10916    : lw a5, -56(s0)             : MemRead :  D=0x00000000000330cc A=0x7ffffffffffffd98
5075500: system.cpu: T0 : 0x1091a    : c_addw a5, a4              : IntAlu :  D=0xfffffffffffcf70c
5076000: system.cpu: T0 : 0x1091c    : addiw a4, a5, 0            : IntAlu :  D=0xfffffffffffcf70c
5076500: system.cpu: T0 : 0x10920    : c_lui a5, 1                : IntAlu :  D=0x0000000000001000
5077500: system.cpu: T0 : 0x10922    : addiw a5, a5, 337          : IntAlu :  D=0x0000000000001151
5078500: system.cpu: T0 : 0x10926    : mulw a5, a4, a5            : IntMult :  D=0xffffffffcb71f6cc
5079500: system.cpu: T0 : 0x1092a    : sw a5, -44(s0)             : MemWrite :  D=0x00000000cb71f6cc A=0x7ffffffffffffda4
5080500: system.cpu: T0 : 0x1092e    : lw a4, -56(s0)             : MemRead :  D=0x00000000000330cc A=0x7ffffffffffffd98
5081000: system.cpu: T0 : 0x10932    : c_lui a5, 2                : IntAlu :  D=0x0000000000002000
5081500: system.cpu: T0 : 0x10934    : addiw a5, a5, -1922        : IntAlu :  D=0x000000000000187e
5082000: system.cpu: T0 : 0x10938    : mulw a5, a4, a5            : IntMult :  D=0x000000004e252468
5082500: system.cpu: T0 : 0x1093c    : c_addiw a5, 0              : IntAlu :  D=0x000000004e252468
5083500: system.cpu: T0 : 0x1093e    : lw a4, -44(s0)             : MemRead :  D=0xffffffffcb71f6cc A=0x7ffffffffffffda4
5084000: system.cpu: T0 : 0x10942    : c_addw a5, a4              : IntAlu :  D=0x0000000019971b34
5084500: system.cpu: T0 : 0x10944    : addiw a4, a5, 0            : IntAlu :  D=0x0000000019971b34
5085000: system.cpu: T0 : 0x10948    : c_lui a5, 4                : IntAlu :  D=0x0000000000004000
5085500: system.cpu: T0 : 0x1094a    : c_addw a5, a4              : IntAlu :  D=0x0000000019975b34
5086000: system.cpu: T0 : 0x1094c    : addiw a4, a5, 0            : IntAlu :  D=0x0000000019975b34
5086500: system.cpu: T0 : 0x10950    : ld a5, -24(s0)             : MemRead :  D=0x0000000000071960 A=0x7ffffffffffffdb8
5087000: system.cpu: T0 : 0x10954    : addi a5, a5, 64            : IntAlu :  D=0x00000000000719a0
5087500: system.cpu: T0 : 0x10958    : sraiw a4, a4, 15           : IntAlu :  D=0x000000000000332e
5088000: system.cpu: T0 : 0x1095c    : c_addiw a4, 0              : IntAlu :  D=0x000000000000332e
5088500: system.cpu: T0 : 0x1095e    : c_sw a4, 0(a5)             : MemWrite :  D=0x000000000000332e A=0x719a0
5089000: system.cpu: T0 : 0x10960    : lw a4, -48(s0)             : MemRead :  D=0xfffffffffff9c640 A=0x7ffffffffffffda0
5089500: system.cpu: T0 : 0x10964    : c_lui a5, 1048572          : IntAlu :  D=0xffffffffffffc000
5090500: system.cpu: T0 : 0x10966    : addiw a5, a5, 1247         : IntAlu :  D=0xffffffffffffc4df
5091500: system.cpu: T0 : 0x1096a    : mulw a5, a4, a5            : IntMult :  D=0x00000000701cb1c0
5092000: system.cpu: T0 : 0x1096e    : c_addiw a5, 0              : IntAlu :  D=0x00000000701cb1c0
5092500: system.cpu: T0 : 0x10970    : lw a4, -44(s0)             : MemRead :  D=0xffffffffcb71f6cc A=0x7ffffffffffffda4
5093000: system.cpu: T0 : 0x10974    : c_addw a5, a4              : IntAlu :  D=0x000000003b8ea88c
5094000: system.cpu: T0 : 0x10976    : addiw a4, a5, 0            : IntAlu :  D=0x000000003b8ea88c
5094500: system.cpu: T0 : 0x1097a    : c_lui a5, 4                : IntAlu :  D=0x0000000000004000
5095000: system.cpu: T0 : 0x1097c    : c_addw a5, a4              : IntAlu :  D=0x000000003b8ee88c
5096000: system.cpu: T0 : 0x1097e    : addiw a4, a5, 0            : IntAlu :  D=0x000000003b8ee88c
5097000: system.cpu: T0 : 0x10982    : ld a5, -24(s0)             : MemRead :  D=0x0000000000071960 A=0x7ffffffffffffdb8
5098000: system.cpu: T0 : 0x10986    : addi a5, a5, 192           : IntAlu :  D=0x0000000000071a20
5099000: system.cpu: T0 : 0x1098a    : sraiw a4, a4, 15           : IntAlu :  D=0x000000000000771d
5099500: system.cpu: T0 : 0x1098e    : c_addiw a4, 0              : IntAlu :  D=0x000000000000771d
5100000: system.cpu: T0 : 0x10990    : c_sw a4, 0(a5)             : MemWrite :  D=0x000000000000771d A=0x71a20
5101000: system.cpu: T0 : 0x10992    : lw a4, -64(s0)             : MemRead :  D=0xfffffffffff9f958 A=0x7ffffffffffffd90
5102000: system.cpu: T0 : 0x10996    : lw a5, -88(s0)             : MemRead :  D=0xffffffffffffa114 A=0x7ffffffffffffd78
5102500: system.cpu: T0 : 0x1099a    : c_addw a5, a4              : IntAlu :  D=0xfffffffffff99a6c
5103000: system.cpu: T0 : 0x1099c    : sw a5, -44(s0)             : MemWrite :  D=0x00000000fff99a6c A=0x7ffffffffffffda4
5103500: system.cpu: T0 : 0x109a0    : lw a4, -72(s0)             : MemRead :  D=0x000000000006d5d8 A=0x7ffffffffffffd88
5104000: system.cpu: T0 : 0x109a4    : lw a5, -80(s0)             : MemRead :  D=0x000000000005bd88 A=0x7ffffffffffffd80
5104500: system.cpu: T0 : 0x109a8    : c_addw a5, a4              : IntAlu :  D=0x00000000000c9360
5105500: system.cpu: T0 : 0x109aa    : sw a5, -40(s0)             : MemWrite :  D=0x00000000000c9360 A=0x7ffffffffffffda8
5106500: system.cpu: T0 : 0x109ae    : lw a4, -64(s0)             : MemRead :  D=0xfffffffffff9f958 A=0x7ffffffffffffd90
5107500: system.cpu: T0 : 0x109b2    : lw a5, -80(s0)             : MemRead :  D=0x000000000005bd88 A=0x7ffffffffffffd80
5108000: system.cpu: T0 : 0x109b6    : c_addw a5, a4              : IntAlu :  D=0xffffffffffffb6e0
5108500: system.cpu: T0 : 0x109b8    : sw a5, -36(s0)             : MemWrite :  D=0x00000000ffffb6e0 A=0x7ffffffffffffdac
5109000: system.cpu: T0 : 0x109bc    : lw a4, -72(s0)             : MemRead :  D=0x000000000006d5d8 A=0x7ffffffffffffd88
5109500: system.cpu: T0 : 0x109c0    : lw a5, -88(s0)             : MemRead :  D=0xffffffffffffa114 A=0x7ffffffffffffd78
5110000: system.cpu: T0 : 0x109c4    : c_addw a5, a4              : IntAlu :  D=0x00000000000676ec
5111000: system.cpu: T0 : 0x109c6    : sw a5, -32(s0)             : MemWrite :  D=0x00000000000676ec A=0x7ffffffffffffdb0
5112000: system.cpu: T0 : 0x109ca    : lw a4, -36(s0)             : MemRead :  D=0xffffffffffffb6e0 A=0x7ffffffffffffdac
5113000: system.cpu: T0 : 0x109ce    : lw a5, -32(s0)             : MemRead :  D=0x00000000000676ec A=0x7ffffffffffffdb0
5113500: system.cpu: T0 : 0x109d2    : c_addw a5, a4              : IntAlu :  D=0x0000000000062dcc
5114000: system.cpu: T0 : 0x109d4    : addiw a4, a5, 0            : IntAlu :  D=0x0000000000062dcc
5114500: system.cpu: T0 : 0x109d8    : c_lui a5, 2                : IntAlu :  D=0x0000000000002000
5115500: system.cpu: T0 : 0x109da    : addiw a5, a5, 1441         : IntAlu :  D=0x00000000000025a1
5116500: system.cpu: T0 : 0x109de    : mulw a5, a4, a5            : IntMult :  D=0xffffffffe881494c
5117500: system.cpu: T0 : 0x109e2    : sw a5, -28(s0)             : MemWrite :  D=0x00000000e881494c A=0x7ffffffffffffdb4
5118500: system.cpu: T0 : 0x109e6    : lw a4, -64(s0)             : MemRead :  D=0xfffffffffff9f958 A=0x7ffffffffffffd90
5119000: system.cpu: T0 : 0x109ea    : c_lui a5, 1                : IntAlu :  D=0x0000000000001000
5119500: system.cpu: T0 : 0x109ec    : addiw a5, a5, -1650        : IntAlu :  D=0x000000000000098e
5120000: system.cpu: T0 : 0x109f0    : mulw a5, a4, a5            : IntMult :  D=0xffffffffc66c66d0
5120500: system.cpu: T0 : 0x109f4    : sw a5, -64(s0)             : MemWrite :  D=0x00000000c66c66d0 A=0x7ffffffffffffd90
5121000: system.cpu: T0 : 0x109f8    : lw a4, -72(s0)             : MemRead :  D=0x000000000006d5d8 A=0x7ffffffffffffd88
5121500: system.cpu: T0 : 0x109fc    : c_lui a5, 4                : IntAlu :  D=0x0000000000004000
5122500: system.cpu: T0 : 0x109fe    : addiw a5, a5, 435          : IntAlu :  D=0x00000000000041b3
5123500: system.cpu: T0 : 0x10a02    : mulw a5, a4, a5            : IntMult :  D=0xffffffffc1135e08
5124500: system.cpu: T0 : 0x10a06    : sw a5, -72(s0)             : MemWrite :  D=0x00000000c1135e08 A=0x7ffffffffffffd88
5125500: system.cpu: T0 : 0x10a0a    : lw a4, -80(s0)             : MemRead :  D=0x000000000005bd88 A=0x7ffffffffffffd80
5126000: system.cpu: T0 : 0x10a0e    : c_lui a5, 6                : IntAlu :  D=0x0000000000006000
5126500: system.cpu: T0 : 0x10a10    : addiw a5, a5, 596          : IntAlu :  D=0x0000000000006254
5127000: system.cpu: T0 : 0x10a14    : mulw a5, a4, a5            : IntMult :  D=0x00000000347040a0
5127500: system.cpu: T0 : 0x10a18    : sw a5, -80(s0)             : MemWrite :  D=0x00000000347040a0 A=0x7ffffffffffffd80
5128000: system.cpu: T0 : 0x10a1c    : lw a4, -88(s0)             : MemRead :  D=0xffffffffffffa114 A=0x7ffffffffffffd78
5128500: system.cpu: T0 : 0x10a20    : c_lui a5, 3                : IntAlu :  D=0x0000000000003000
5129000: system.cpu: T0 : 0x10a22    : c_addiw a5, 11             : IntAlu :  D=0x000000000000300b
5129500: system.cpu: T0 : 0x10a24    : mulw a5, a4, a5            : IntMult :  D=0xffffffffee2fabdc
5130000: system.cpu: T0 : 0x10a28    : sw a5, -88(s0)             : MemWrite :  D=0x00000000ee2fabdc A=0x7ffffffffffffd78
5130500: system.cpu: T0 : 0x10a2c    : lw a4, -44(s0)             : MemRead :  D=0xfffffffffff99a6c A=0x7ffffffffffffda4
5131000: system.cpu: T0 : 0x10a30    : c_lui a5, 1048574          : IntAlu :  D=0xffffffffffffe000
5132000: system.cpu: T0 : 0x10a32    : addiw a5, a5, 819          : IntAlu :  D=0xffffffffffffe333
5133000: system.cpu: T0 : 0x10a36    : mulw a5, a4, a5            : IntMult :  D=0xffffffffb83b8784
5134000: system.cpu: T0 : 0x10a3a    : sw a5, -44(s0)             : MemWrite :  D=0x00000000b83b8784 A=0x7ffffffffffffda4
5135000: system.cpu: T0 : 0x10a3e    : lw a4, -40(s0)             : MemRead :  D=0x00000000000c9360 A=0x7ffffffffffffda8
5135500: system.cpu: T0 : 0x10a42    : c_lui a5, 1048571          : IntAlu :  D=0xffffffffffffb000
5136000: system.cpu: T0 : 0x10a44    : addiw a5, a5, -515         : IntAlu :  D=0xffffffffffffadfd
5136500: system.cpu: T0 : 0x10a48    : mulw a5, a4, a5            : IntMult :  D=0xfffffffff8a585e0
5137000: system.cpu: T0 : 0x10a4c    : sw a5, -40(s0)             : MemWrite :  D=0x00000000f8a585e0 A=0x7ffffffffffffda8
5137500: system.cpu: T0 : 0x10a50    : lw a4, -36(s0)             : MemRead :  D=0xffffffffffffb6e0 A=0x7ffffffffffffdac
5138000: system.cpu: T0 : 0x10a54    : c_lui a5, 1048572          : IntAlu :  D=0xffffffffffffc000
5139000: system.cpu: T0 : 0x10a56    : addiw a5, a5, 315          : IntAlu :  D=0xffffffffffffc13b
5140000: system.cpu: T0 : 0x10a5a    : mulw a5, a4, a5            : IntMult :  D=0x0000000011ee05a0
5141000: system.cpu: T0 : 0x10a5e    : sw a5, -36(s0)             : MemWrite :  D=0x0000000011ee05a0 A=0x7ffffffffffffdac
5142000: system.cpu: T0 : 0x10a62    : lw a4, -32(s0)             : MemRead :  D=0x00000000000676ec A=0x7ffffffffffffdb0
5142500: system.cpu: T0 : 0x10a66    : c_lui a5, 1048575          : IntAlu :  D=0xfffffffffffff000
5143000: system.cpu: T0 : 0x10a68    : addiw a5, a5, 900          : IntAlu :  D=0xfffffffffffff384
5143500: system.cpu: T0 : 0x10a6c    : mulw a5, a4, a5            : IntMult :  D=0xffffffffaf4b55b0
5144000: system.cpu: T0 : 0x10a70    : sw a5, -32(s0)             : MemWrite :  D=0x00000000af4b55b0 A=0x7ffffffffffffdb0
5144500: system.cpu: T0 : 0x10a74    : lw a4, -36(s0)             : MemRead :  D=0x0000000011ee05a0 A=0x7ffffffffffffdac
5145000: system.cpu: T0 : 0x10a78    : lw a5, -28(s0)             : MemRead :  D=0xffffffffe881494c A=0x7ffffffffffffdb4
5145500: system.cpu: T0 : 0x10a7c    : c_addw a5, a4              : IntAlu :  D=0xfffffffffa6f4eec
5146500: system.cpu: T0 : 0x10a7e    : sw a5, -36(s0)             : MemWrite :  D=0x00000000fa6f4eec A=0x7ffffffffffffdac
5147500: system.cpu: T0 : 0x10a82    : lw a4, -32(s0)             : MemRead :  D=0xffffffffaf4b55b0 A=0x7ffffffffffffdb0
5148500: system.cpu: T0 : 0x10a86    : lw a5, -28(s0)             : MemRead :  D=0xffffffffe881494c A=0x7ffffffffffffdb4
5149000: system.cpu: T0 : 0x10a8a    : c_addw a5, a4              : IntAlu :  D=0xffffffff97cc9efc
5149500: system.cpu: T0 : 0x10a8c    : sw a5, -32(s0)             : MemWrite :  D=0x0000000097cc9efc A=0x7ffffffffffffdb0
5150000: system.cpu: T0 : 0x10a90    : lw a4, -64(s0)             : MemRead :  D=0xffffffffc66c66d0 A=0x7ffffffffffffd90
5150500: system.cpu: T0 : 0x10a94    : lw a5, -44(s0)             : MemRead :  D=0xffffffffb83b8784 A=0x7ffffffffffffda4
5151000: system.cpu: T0 : 0x10a98    : c_addw a5, a4              : IntAlu :  D=0x000000007ea7ee54
5151500: system.cpu: T0 : 0x10a9a    : c_addiw a5, 0              : IntAlu :  D=0x000000007ea7ee54
5152000: system.cpu: T0 : 0x10a9c    : lw a4, -36(s0)             : MemRead :  D=0xfffffffffa6f4eec A=0x7ffffffffffffdac
5152500: system.cpu: T0 : 0x10aa0    : c_addw a5, a4              : IntAlu :  D=0x0000000079173d40
5153500: system.cpu: T0 : 0x10aa2    : addiw a4, a5, 0            : IntAlu :  D=0x0000000079173d40
5154000: system.cpu: T0 : 0x10aa6    : c_lui a5, 4                : IntAlu :  D=0x0000000000004000
5154500: system.cpu: T0 : 0x10aa8    : c_addw a5, a4              : IntAlu :  D=0x0000000079177d40
5155500: system.cpu: T0 : 0x10aaa    : addiw a4, a5, 0            : IntAlu :  D=0x0000000079177d40
5156500: system.cpu: T0 : 0x10aae    : ld a5, -24(s0)             : MemRead :  D=0x0000000000071960 A=0x7ffffffffffffdb8
5157500: system.cpu: T0 : 0x10ab2    : addi a5, a5, 224           : IntAlu :  D=0x0000000000071a40
5158500: system.cpu: T0 : 0x10ab6    : sraiw a4, a4, 15           : IntAlu :  D=0x000000000000f22e
5159000: system.cpu: T0 : 0x10aba    : c_addiw a4, 0              : IntAlu :  D=0x000000000000f22e
5159500: system.cpu: T0 : 0x10abc    : c_sw a4, 0(a5)             : MemWrite :  D=0x000000000000f22e A=0x71a40
5160500: system.cpu: T0 : 0x10abe    : lw a4, -72(s0)             : MemRead :  D=0xffffffffc1135e08 A=0x7ffffffffffffd88
5161500: system.cpu: T0 : 0x10ac2    : lw a5, -40(s0)             : MemRead :  D=0xfffffffff8a585e0 A=0x7ffffffffffffda8
5162000: system.cpu: T0 : 0x10ac6    : c_addw a5, a4              : IntAlu :  D=0xffffffffb9b8e3e8
5162500: system.cpu: T0 : 0x10ac8    : c_addiw a5, 0              : IntAlu :  D=0xffffffffb9b8e3e8
5163500: system.cpu: T0 : 0x10aca    : lw a4, -32(s0)             : MemRead :  D=0xffffffff97cc9efc A=0x7ffffffffffffdb0
5164000: system.cpu: T0 : 0x10ace    : c_addw a5, a4              : IntAlu :  D=0x00000000518582e4
5164500: system.cpu: T0 : 0x10ad0    : addiw a4, a5, 0            : IntAlu :  D=0x00000000518582e4
5165000: system.cpu: T0 : 0x10ad4    : c_lui a5, 4                : IntAlu :  D=0x0000000000004000
5165500: system.cpu: T0 : 0x10ad6    : c_addw a5, a4              : IntAlu :  D=0x000000005185c2e4
5166000: system.cpu: T0 : 0x10ad8    : addiw a4, a5, 0            : IntAlu :  D=0x000000005185c2e4
5166500: system.cpu: T0 : 0x10adc    : ld a5, -24(s0)             : MemRead :  D=0x0000000000071960 A=0x7ffffffffffffdb8
5167000: system.cpu: T0 : 0x10ae0    : addi a5, a5, 160           : IntAlu :  D=0x0000000000071a00
5167500: system.cpu: T0 : 0x10ae4    : sraiw a4, a4, 15           : IntAlu :  D=0x000000000000a30b
5168000: system.cpu: T0 : 0x10ae8    : c_addiw a4, 0              : IntAlu :  D=0x000000000000a30b
5168500: system.cpu: T0 : 0x10aea    : c_sw a4, 0(a5)             : MemWrite :  D=0x000000000000a30b A=0x71a00
5169000: system.cpu: T0 : 0x10aec    : lw a4, -80(s0)             : MemRead :  D=0x00000000347040a0 A=0x7ffffffffffffd80
5169500: system.cpu: T0 : 0x10af0    : lw a5, -40(s0)             : MemRead :  D=0xfffffffff8a585e0 A=0x7ffffffffffffda8
5170000: system.cpu: T0 : 0x10af4    : c_addw a5, a4              : IntAlu :  D=0x000000002d15c680
5170500: system.cpu: T0 : 0x10af6    : c_addiw a5, 0              : IntAlu :  D=0x000000002d15c680
5171000: system.cpu: T0 : 0x10af8    : lw a4, -36(s0)             : MemRead :  D=0xfffffffffa6f4eec A=0x7ffffffffffffdac
5171500: system.cpu: T0 : 0x10afc    : c_addw a5, a4              : IntAlu :  D=0x000000002785156c
5172500: system.cpu: T0 : 0x10afe    : addiw a4, a5, 0            : IntAlu :  D=0x000000002785156c
5173000: system.cpu: T0 : 0x10b02    : c_lui a5, 4                : IntAlu :  D=0x0000000000004000
5173500: system.cpu: T0 : 0x10b04    : c_addw a5, a4              : IntAlu :  D=0x000000002785556c
5174500: system.cpu: T0 : 0x10b06    : addiw a4, a5, 0            : IntAlu :  D=0x000000002785556c
5175500: system.cpu: T0 : 0x10b0a    : ld a5, -24(s0)             : MemRead :  D=0x0000000000071960 A=0x7ffffffffffffdb8
5176500: system.cpu: T0 : 0x10b0e    : addi a5, a5, 96            : IntAlu :  D=0x00000000000719c0
5177500: system.cpu: T0 : 0x10b12    : sraiw a4, a4, 15           : IntAlu :  D=0x0000000000004f0a
5178000: system.cpu: T0 : 0x10b16    : c_addiw a4, 0              : IntAlu :  D=0x0000000000004f0a
5178500: system.cpu: T0 : 0x10b18    : c_sw a4, 0(a5)             : MemWrite :  D=0x0000000000004f0a A=0x719c0
5179500: system.cpu: T0 : 0x10b1a    : lw a4, -88(s0)             : MemRead :  D=0xffffffffee2fabdc A=0x7ffffffffffffd78
5180500: system.cpu: T0 : 0x10b1e    : lw a5, -44(s0)             : MemRead :  D=0xffffffffb83b8784 A=0x7ffffffffffffda4
5181000: system.cpu: T0 : 0x10b22    : c_addw a5, a4              : IntAlu :  D=0xffffffffa66b3360
5181500: system.cpu: T0 : 0x10b24    : c_addiw a5, 0              : IntAlu :  D=0xffffffffa66b3360
5182500: system.cpu: T0 : 0x10b26    : lw a4, -32(s0)             : MemRead :  D=0xffffffff97cc9efc A=0x7ffffffffffffdb0
5183000: system.cpu: T0 : 0x10b2a    : c_addw a5, a4              : IntAlu :  D=0x000000003e37d25c
5183500: system.cpu: T0 : 0x10b2c    : addiw a4, a5, 0            : IntAlu :  D=0x000000003e37d25c
5184000: system.cpu: T0 : 0x10b30    : c_lui a5, 4                : IntAlu :  D=0x0000000000004000
5184500: system.cpu: T0 : 0x10b32    : c_addw a5, a4              : IntAlu :  D=0x000000003e38125c
5185000: system.cpu: T0 : 0x10b34    : addiw a4, a5, 0            : IntAlu :  D=0x000000003e38125c
5185500: system.cpu: T0 : 0x10b38    : ld a5, -24(s0)             : MemRead :  D=0x0000000000071960 A=0x7ffffffffffffdb8
5186000: system.cpu: T0 : 0x10b3c    : addi a5, a5, 32            : IntAlu :  D=0x0000000000071980
5186500: system.cpu: T0 : 0x10b40    : sraiw a4, a4, 15           : IntAlu :  D=0x0000000000007c70
5187000: system.cpu: T0 : 0x10b44    : c_addiw a4, 0              : IntAlu :  D=0x0000000000007c70
5187500: system.cpu: T0 : 0x10b46    : c_sw a4, 0(a5)             : MemWrite :  D=0x0000000000007c70 A=0x71980
5188000: system.cpu: T0 : 0x10b48    : ld a5, -24(s0)             : MemRead :  D=0x0000000000071960 A=0x7ffffffffffffdb8
5188500: system.cpu: T0 : 0x10b4c    : c_addi a5, 4               : IntAlu :  D=0x0000000000071964
5189500: system.cpu: T0 : 0x10b4e    : sd a5, -24(s0)             : MemWrite :  D=0x0000000000071964 A=0x7ffffffffffffdb8
5190500: system.cpu: T0 : 0x10b52    : lw a5, -96(s0)             : MemRead :  D=0x0000000000000007 A=0x7ffffffffffffd70
5191000: system.cpu: T0 : 0x10b56    : c_addiw a5, -1             : IntAlu :  D=0x0000000000000006
5191500: system.cpu: T0 : 0x10b58    : sw a5, -96(s0)             : MemWrite :  D=0x0000000000000006 A=0x7ffffffffffffd70
5192000: system.cpu: T0 : 0x10b5c    : lw a5, -96(s0)             : MemRead :  D=0x0000000000000006 A=0x7ffffffffffffd70
5192500: system.cpu: T0 : 0x10b60    : c_addiw a5, 0              : IntAlu :  D=0x0000000000000006
5193500: system.cpu: T0 : 0x10b62    : bge a5, zero, -926         : IntAlu : 
5194000: system.cpu: T0 : 0x107c4    : ld a5, -24(s0)             : MemRead :  D=0x0000000000071964 A=0x7ffffffffffffdb8
5194500: system.cpu: T0 : 0x107c8    : c_lw a4, 0(a5)             : MemRead :  D=0xfffffffffffed360 A=0x71964
5195500: system.cpu: T0 : 0x107ca    : ld a5, -24(s0)             : MemRead :  D=0x0000000000071964 A=0x7ffffffffffffdb8
5196500: system.cpu: T0 : 0x107ce    : addi a5, a5, 224           : IntAlu :  D=0x0000000000071a44
5197000: system.cpu: T0 : 0x107d2    : c_lw a5, 0(a5)             : MemRead :  D=0x000000000004d945 A=0x71a44
5197500: system.cpu: T0 : 0x107d4    : c_addw a5, a4              : IntAlu :  D=0x000000000003aca5
5198500: system.cpu: T0 : 0x107d6    : sw a5, -92(s0)             : MemWrite :  D=0x000000000003aca5 A=0x7ffffffffffffd74
5199500: system.cpu: T0 : 0x107da    : ld a5, -24(s0)             : MemRead :  D=0x0000000000071964 A=0x7ffffffffffffdb8
5200000: system.cpu: T0 : 0x107de    : c_lw a4, 0(a5)             : MemRead :  D=0xfffffffffffed360 A=0x71964
5200500: system.cpu: T0 : 0x107e0    : ld a5, -24(s0)             : MemRead :  D=0x0000000000071964 A=0x7ffffffffffffdb8
5201000: system.cpu: T0 : 0x107e4    : addi a5, a5, 224           : IntAlu :  D=0x0000000000071a44
5201500: system.cpu: T0 : 0x107e8    : c_lw a5, 0(a5)             : MemRead :  D=0x000000000004d945 A=0x71a44
5202500: system.cpu: T0 : 0x107ea    : subw a5, a4, a5            : IntAlu :  D=0xfffffffffff9fa1b
5203500: system.cpu: T0 : 0x107ee    : sw a5, -88(s0)             : MemWrite :  D=0x00000000fff9fa1b A=0x7ffffffffffffd78
5204500: system.cpu: T0 : 0x107f2    : ld a5, -24(s0)             : MemRead :  D=0x0000000000071964 A=0x7ffffffffffffdb8
5205500: system.cpu: T0 : 0x107f6    : addi a5, a5, 32            : IntAlu :  D=0x0000000000071984
5206000: system.cpu: T0 : 0x107fa    : c_lw a4, 0(a5)             : MemRead :  D=0xffffffffffffd656 A=0x71984
5206500: system.cpu: T0 : 0x107fc    : ld a5, -24(s0)             : MemRead :  D=0x0000000000071964 A=0x7ffffffffffffdb8
5207000: system.cpu: T0 : 0x10800    : addi a5, a5, 192           : IntAlu :  D=0x0000000000071a24
5207500: system.cpu: T0 : 0x10804    : c_lw a5, 0(a5)             : MemRead :  D=0x000000000003eb7d A=0x71a24
5208000: system.cpu: T0 : 0x10806    : c_addw a5, a4              : IntAlu :  D=0x000000000003c1d3
5208500: system.cpu: T0 : 0x10808    : sw a5, -84(s0)             : MemWrite :  D=0x000000000003c1d3 A=0x7ffffffffffffd7c
5209000: system.cpu: T0 : 0x1080c    : ld a5, -24(s0)             : MemRead :  D=0x0000000000071964 A=0x7ffffffffffffdb8
5209500: system.cpu: T0 : 0x10810    : addi a5, a5, 32            : IntAlu :  D=0x0000000000071984
5210000: system.cpu: T0 : 0x10814    : c_lw a4, 0(a5)             : MemRead :  D=0xffffffffffffd656 A=0x71984
5211000: system.cpu: T0 : 0x10816    : ld a5, -24(s0)             : MemRead :  D=0x0000000000071964 A=0x7ffffffffffffdb8
5212000: system.cpu: T0 : 0x1081a    : addi a5, a5, 192           : IntAlu :  D=0x0000000000071a24
5212500: system.cpu: T0 : 0x1081e    : c_lw a5, 0(a5)             : MemRead :  D=0x000000000003eb7d A=0x71a24
5213000: system.cpu: T0 : 0x10820    : subw a5, a4, a5            : IntAlu :  D=0xfffffffffffbead9
5213500: system.cpu: T0 : 0x10824    : sw a5, -80(s0)             : MemWrite :  D=0x00000000fffbead9 A=0x7ffffffffffffd80
5214000: system.cpu: T0 : 0x10828    : ld a5, -24(s0)             : MemRead :  D=0x0000000000071964 A=0x7ffffffffffffdb8
5214500: system.cpu: T0 : 0x1082c    : addi a5, a5, 64            : IntAlu :  D=0x00000000000719a4
5215000: system.cpu: T0 : 0x10830    : c_lw a4, 0(a5)             : MemRead :  D=0x00000000000200f1 A=0x719a4
5216000: system.cpu: T0 : 0x10832    : ld a5, -24(s0)             : MemRead :  D=0x0000000000071964 A=0x7ffffffffffffdb8
5217000: system.cpu: T0 : 0x10836    : addi a5, a5, 160           : IntAlu :  D=0x0000000000071a04
5217500: system.cpu: T0 : 0x1083a    : c_lw a5, 0(a5)             : MemRead :  D=0x0000000000005b2f A=0x71a04
5218000: system.cpu: T0 : 0x1083c    : c_addw a5, a4              : IntAlu :  D=0x0000000000025c20
5219000: system.cpu: T0 : 0x1083e    : sw a5, -76(s0)             : MemWrite :  D=0x0000000000025c20 A=0x7ffffffffffffd84
5220000: system.cpu: T0 : 0x10842    : ld a5, -24(s0)             : MemRead :  D=0x0000000000071964 A=0x7ffffffffffffdb8
5221000: system.cpu: T0 : 0x10846    : addi a5, a5, 64            : IntAlu :  D=0x00000000000719a4
5221500: system.cpu: T0 : 0x1084a    : c_lw a4, 0(a5)             : MemRead :  D=0x00000000000200f1 A=0x719a4
5222000: system.cpu: T0 : 0x1084c    : ld a5, -24(s0)             : MemRead :  D=0x0000000000071964 A=0x7ffffffffffffdb8
5222500: system.cpu: T0 : 0x10850    : addi a5, a5, 160           : IntAlu :  D=0x0000000000071a04
5223000: system.cpu: T0 : 0x10854    : c_lw a5, 0(a5)             : MemRead :  D=0x0000000000005b2f A=0x71a04
5224000: system.cpu: T0 : 0x10856    : subw a5, a4, a5            : IntAlu :  D=0x000000000001a5c2
5225000: system.cpu: T0 : 0x1085a    : sw a5, -72(s0)             : MemWrite :  D=0x000000000001a5c2 A=0x7ffffffffffffd88
5226000: system.cpu: T0 : 0x1085e    : ld a5, -24(s0)             : MemRead :  D=0x0000000000071964 A=0x7ffffffffffffdb8
5227000: system.cpu: T0 : 0x10862    : addi a5, a5, 96            : IntAlu :  D=0x00000000000719c4
5227500: system.cpu: T0 : 0x10866    : c_lw a4, 0(a5)             : MemRead :  D=0xffffffffffff9a79 A=0x719c4
5228000: system.cpu: T0 : 0x10868    : ld a5, -24(s0)             : MemRead :  D=0x0000000000071964 A=0x7ffffffffffffdb8
5228500: system.cpu: T0 : 0x1086c    : addi a5, a5, 128           : IntAlu :  D=0x00000000000719e4
5229000: system.cpu: T0 : 0x10870    : c_lw a5, 0(a5)             : MemRead :  D=0x000000000001dea4 A=0x719e4
5229500: system.cpu: T0 : 0x10872    : c_addw a5, a4              : IntAlu :  D=0x000000000001791d
5230000: system.cpu: T0 : 0x10874    : sw a5, -68(s0)             : MemWrite :  D=0x000000000001791d A=0x7ffffffffffffd8c
5230500: system.cpu: T0 : 0x10878    : ld a5, -24(s0)             : MemRead :  D=0x0000000000071964 A=0x7ffffffffffffdb8
5231000: system.cpu: T0 : 0x1087c    : addi a5, a5, 96            : IntAlu :  D=0x00000000000719c4
5231500: system.cpu: T0 : 0x10880    : c_lw a4, 0(a5)             : MemRead :  D=0xffffffffffff9a79 A=0x719c4
5232500: system.cpu: T0 : 0x10882    : ld a5, -24(s0)             : MemRead :  D=0x0000000000071964 A=0x7ffffffffffffdb8
5233500: system.cpu: T0 : 0x10886    : addi a5, a5, 128           : IntAlu :  D=0x00000000000719e4
5234000: system.cpu: T0 : 0x1088a    : c_lw a5, 0(a5)             : MemRead :  D=0x000000000001dea4 A=0x719e4
5234500: system.cpu: T0 : 0x1088c    : subw a5, a4, a5            : IntAlu :  D=0xfffffffffffdbbd5
5235000: system.cpu: T0 : 0x10890    : sw a5, -64(s0)             : MemWrite :  D=0x00000000fffdbbd5 A=0x7ffffffffffffd90
5235500: system.cpu: T0 : 0x10894    : lw a4, -92(s0)             : MemRead :  D=0x000000000003aca5 A=0x7ffffffffffffd74
5236000: system.cpu: T0 : 0x10898    : lw a5, -68(s0)             : MemRead :  D=0x000000000001791d A=0x7ffffffffffffd8c
5236500: system.cpu: T0 : 0x1089c    : c_addw a5, a4              : IntAlu :  D=0x00000000000525c2
5237500: system.cpu: T0 : 0x1089e    : sw a5, -60(s0)             : MemWrite :  D=0x00000000000525c2 A=0x7ffffffffffffd94
5238500: system.cpu: T0 : 0x108a2    : lw a4, -92(s0)             : MemRead :  D=0x000000000003aca5 A=0x7ffffffffffffd74
5239500: system.cpu: T0 : 0x108a6    : lw a5, -68(s0)             : MemRead :  D=0x000000000001791d A=0x7ffffffffffffd8c
5240500: system.cpu: T0 : 0x108aa    : subw a5, a4, a5            : IntAlu :  D=0x0000000000023388
5241500: system.cpu: T0 : 0x108ae    : sw a5, -56(s0)             : MemWrite :  D=0x0000000000023388 A=0x7ffffffffffffd98
5242500: system.cpu: T0 : 0x108b2    : lw a4, -84(s0)             : MemRead :  D=0x000000000003c1d3 A=0x7ffffffffffffd7c
5243500: system.cpu: T0 : 0x108b6    : lw a5, -76(s0)             : MemRead :  D=0x0000000000025c20 A=0x7ffffffffffffd84
5244000: system.cpu: T0 : 0x108ba    : c_addw a5, a4              : IntAlu :  D=0x0000000000061df3
5244500: system.cpu: T0 : 0x108bc    : sw a5, -52(s0)             : MemWrite :  D=0x0000000000061df3 A=0x7ffffffffffffd9c
5245000: system.cpu: T0 : 0x108c0    : lw a4, -84(s0)             : MemRead :  D=0x000000000003c1d3 A=0x7ffffffffffffd7c
5245500: system.cpu: T0 : 0x108c4    : lw a5, -76(s0)             : MemRead :  D=0x0000000000025c20 A=0x7ffffffffffffd84
5246000: system.cpu: T0 : 0x108c8    : subw a5, a4, a5            : IntAlu :  D=0x00000000000165b3
5246500: system.cpu: T0 : 0x108cc    : sw a5, -48(s0)             : MemWrite :  D=0x00000000000165b3 A=0x7ffffffffffffda0
5247000: system.cpu: T0 : 0x108d0    : lw a4, -60(s0)             : MemRead :  D=0x00000000000525c2 A=0x7ffffffffffffd94
5247500: system.cpu: T0 : 0x108d4    : lw a5, -52(s0)             : MemRead :  D=0x0000000000061df3 A=0x7ffffffffffffd9c
5248000: system.cpu: T0 : 0x108d8    : c_addw a5, a4              : IntAlu :  D=0x00000000000b43b5
5248500: system.cpu: T0 : 0x108da    : c_addiw a5, 0              : IntAlu :  D=0x00000000000b43b5
5249000: system.cpu: T0 : 0x108dc    : c_addiw a5, 2              : IntAlu :  D=0x00000000000b43b7
5249500: system.cpu: T0 : 0x108de    : c_addiw a5, 0              : IntAlu :  D=0x00000000000b43b7
5250000: system.cpu: T0 : 0x108e0    : sraiw a5, a5, 2            : IntAlu :  D=0x000000000002d0ed
5250500: system.cpu: T0 : 0x108e4    : addiw a4, a5, 0            : IntAlu :  D=0x000000000002d0ed
5251000: system.cpu: T0 : 0x108e8    : ld a5, -24(s0)             : MemRead :  D=0x0000000000071964 A=0x7ffffffffffffdb8
5251500: system.cpu: T0 : 0x108ec    : c_sw a4, 0(a5)             : MemWrite :  D=0x000000000002d0ed A=0x71964
5252500: system.cpu: T0 : 0x108ee    : lw a4, -60(s0)             : MemRead :  D=0x00000000000525c2 A=0x7ffffffffffffd94
5253500: system.cpu: T0 : 0x108f2    : lw a5, -52(s0)             : MemRead :  D=0x0000000000061df3 A=0x7ffffffffffffd9c
5254500: system.cpu: T0 : 0x108f6    : subw a5, a4, a5            : IntAlu :  D=0xffffffffffff07cf
5255000: system.cpu: T0 : 0x108fa    : c_addiw a5, 0              : IntAlu :  D=0xffffffffffff07cf
5255500: system.cpu: T0 : 0x108fc    : c_addiw a5, 2              : IntAlu :  D=0xffffffffffff07d1
5256500: system.cpu: T0 : 0x108fe    : addiw a4, a5, 0            : IntAlu :  D=0xffffffffffff07d1
5257500: system.cpu: T0 : 0x10902    : ld a5, -24(s0)             : MemRead :  D=0x0000000000071964 A=0x7ffffffffffffdb8
5258500: system.cpu: T0 : 0x10906    : addi a5, a5, 128           : IntAlu :  D=0x00000000000719e4
5259500: system.cpu: T0 : 0x1090a    : sraiw a4, a4, 2            : IntAlu :  D=0xffffffffffffc1f4
5260000: system.cpu: T0 : 0x1090e    : c_addiw a4, 0              : IntAlu :  D=0xffffffffffffc1f4
5260500: system.cpu: T0 : 0x10910    : c_sw a4, 0(a5)             : MemWrite :  D=0x00000000ffffc1f4 A=0x719e4
5261500: system.cpu: T0 : 0x10912    : lw a4, -48(s0)             : MemRead :  D=0x00000000000165b3 A=0x7ffffffffffffda0
5262500: system.cpu: T0 : 0x10916    : lw a5, -56(s0)             : MemRead :  D=0x0000000000023388 A=0x7ffffffffffffd98
5263000: system.cpu: T0 : 0x1091a    : c_addw a5, a4              : IntAlu :  D=0x000000000003993b
5263500: system.cpu: T0 : 0x1091c    : addiw a4, a5, 0            : IntAlu :  D=0x000000000003993b
5264000: system.cpu: T0 : 0x10920    : c_lui a5, 1                : IntAlu :  D=0x0000000000001000
5265000: system.cpu: T0 : 0x10922    : addiw a5, a5, 337          : IntAlu :  D=0x0000000000001151
5266000: system.cpu: T0 : 0x10926    : mulw a5, a4, a5            : IntMult :  D=0x000000003e5066ab
5267000: system.cpu: T0 : 0x1092a    : sw a5, -44(s0)             : MemWrite :  D=0x000000003e5066ab A=0x7ffffffffffffda4
5268000: system.cpu: T0 : 0x1092e    : lw a4, -56(s0)             : MemRead :  D=0x0000000000023388 A=0x7ffffffffffffd98
5268500: system.cpu: T0 : 0x10932    : c_lui a5, 2                : IntAlu :  D=0x0000000000002000
5269000: system.cpu: T0 : 0x10934    : addiw a5, a5, -1922        : IntAlu :  D=0x000000000000187e
5269500: system.cpu: T0 : 0x10938    : mulw a5, a4, a5            : IntMult :  D=0x0000000035ea1cf0
5270000: system.cpu: T0 : 0x1093c    : c_addiw a5, 0              : IntAlu :  D=0x0000000035ea1cf0
5271000: system.cpu: T0 : 0x1093e    : lw a4, -44(s0)             : MemRead :  D=0x000000003e5066ab A=0x7ffffffffffffda4
5271500: system.cpu: T0 : 0x10942    : c_addw a5, a4              : IntAlu :  D=0x00000000743a839b
5272000: system.cpu: T0 : 0x10944    : addiw a4, a5, 0            : IntAlu :  D=0x00000000743a839b
5272500: system.cpu: T0 : 0x10948    : c_lui a5, 4                : IntAlu :  D=0x0000000000004000
5273000: system.cpu: T0 : 0x1094a    : c_addw a5, a4              : IntAlu :  D=0x00000000743ac39b
5273500: system.cpu: T0 : 0x1094c    : addiw a4, a5, 0            : IntAlu :  D=0x00000000743ac39b
5274000: system.cpu: T0 : 0x10950    : ld a5, -24(s0)             : MemRead :  D=0x0000000000071964 A=0x7ffffffffffffdb8
5274500: system.cpu: T0 : 0x10954    : addi a5, a5, 64            : IntAlu :  D=0x00000000000719a4
5275000: system.cpu: T0 : 0x10958    : sraiw a4, a4, 15           : IntAlu :  D=0x000000000000e875
5275500: system.cpu: T0 : 0x1095c    : c_addiw a4, 0              : IntAlu :  D=0x000000000000e875
5276000: system.cpu: T0 : 0x1095e    : c_sw a4, 0(a5)             : MemWrite :  D=0x000000000000e875 A=0x719a4
5276500: system.cpu: T0 : 0x10960    : lw a4, -48(s0)             : MemRead :  D=0x00000000000165b3 A=0x7ffffffffffffda0
5277000: system.cpu: T0 : 0x10964    : c_lui a5, 1048572          : IntAlu :  D=0xffffffffffffc000
5278000: system.cpu: T0 : 0x10966    : addiw a5, a5, 1247         : IntAlu :  D=0xffffffffffffc4df
5279000: system.cpu: T0 : 0x1096a    : mulw a5, a4, a5            : IntMult :  D=0xffffffffad61a2ed
5279500: system.cpu: T0 : 0x1096e    : c_addiw a5, 0              : IntAlu :  D=0xffffffffad61a2ed
5280000: system.cpu: T0 : 0x10970    : lw a4, -44(s0)             : MemRead :  D=0x000000003e5066ab A=0x7ffffffffffffda4
5280500: system.cpu: T0 : 0x10974    : c_addw a5, a4              : IntAlu :  D=0xffffffffebb20998
5281500: system.cpu: T0 : 0x10976    : addiw a4, a5, 0            : IntAlu :  D=0xffffffffebb20998
5282000: system.cpu: T0 : 0x1097a    : c_lui a5, 4                : IntAlu :  D=0x0000000000004000
5282500: system.cpu: T0 : 0x1097c    : c_addw a5, a4              : IntAlu :  D=0xffffffffebb24998
5283500: system.cpu: T0 : 0x1097e    : addiw a4, a5, 0            : IntAlu :  D=0xffffffffebb24998
5284500: system.cpu: T0 : 0x10982    : ld a5, -24(s0)             : MemRead :  D=0x0000000000071964 A=0x7ffffffffffffdb8
5285500: system.cpu: T0 : 0x10986    : addi a5, a5, 192           : IntAlu :  D=0x0000000000071a24
5286500: system.cpu: T0 : 0x1098a    : sraiw a4, a4, 15           : IntAlu :  D=0xffffffffffffd764
5287000: system.cpu: T0 : 0x1098e    : c_addiw a4, 0              : IntAlu :  D=0xffffffffffffd764
5287500: system.cpu: T0 : 0x10990    : c_sw a4, 0(a5)             : MemWrite :  D=0x00000000ffffd764 A=0x71a24
5288500: system.cpu: T0 : 0x10992    : lw a4, -64(s0)             : MemRead :  D=0xfffffffffffdbbd5 A=0x7ffffffffffffd90
5289500: system.cpu: T0 : 0x10996    : lw a5, -88(s0)             : MemRead :  D=0xfffffffffff9fa1b A=0x7ffffffffffffd78
5290000: system.cpu: T0 : 0x1099a    : c_addw a5, a4              : IntAlu :  D=0xfffffffffff7b5f0
5290500: system.cpu: T0 : 0x1099c    : sw a5, -44(s0)             : MemWrite :  D=0x00000000fff7b5f0 A=0x7ffffffffffffda4
5291000: system.cpu: T0 : 0x109a0    : lw a4, -72(s0)             : MemRead :  D=0x000000000001a5c2 A=0x7ffffffffffffd88
5291500: system.cpu: T0 : 0x109a4    : lw a5, -80(s0)             : MemRead :  D=0xfffffffffffbead9 A=0x7ffffffffffffd80
5292000: system.cpu: T0 : 0x109a8    : c_addw a5, a4              : IntAlu :  D=0xfffffffffffd909b
5293000: system.cpu: T0 : 0x109aa    : sw a5, -40(s0)             : MemWrite :  D=0x00000000fffd909b A=0x7ffffffffffffda8
5294000: system.cpu: T0 : 0x109ae    : lw a4, -64(s0)             : MemRead :  D=0xfffffffffffdbbd5 A=0x7ffffffffffffd90
5295000: system.cpu: T0 : 0x109b2    : lw a5, -80(s0)             : MemRead :  D=0xfffffffffffbead9 A=0x7ffffffffffffd80
5295500: system.cpu: T0 : 0x109b6    : c_addw a5, a4              : IntAlu :  D=0xfffffffffff9a6ae
5296000: system.cpu: T0 : 0x109b8    : sw a5, -36(s0)             : MemWrite :  D=0x00000000fff9a6ae A=0x7ffffffffffffdac
5296500: system.cpu: T0 : 0x109bc    : lw a4, -72(s0)             : MemRead :  D=0x000000000001a5c2 A=0x7ffffffffffffd88
5297000: system.cpu: T0 : 0x109c0    : lw a5, -88(s0)             : MemRead :  D=0xfffffffffff9fa1b A=0x7ffffffffffffd78
5297500: system.cpu: T0 : 0x109c4    : c_addw a5, a4              : IntAlu :  D=0xfffffffffffb9fdd
5298500: system.cpu: T0 : 0x109c6    : sw a5, -32(s0)             : MemWrite :  D=0x00000000fffb9fdd A=0x7ffffffffffffdb0
5299500: system.cpu: T0 : 0x109ca    : lw a4, -36(s0)             : MemRead :  D=0xfffffffffff9a6ae A=0x7ffffffffffffdac
5300500: system.cpu: T0 : 0x109ce    : lw a5, -32(s0)             : MemRead :  D=0xfffffffffffb9fdd A=0x7ffffffffffffdb0
5301000: system.cpu: T0 : 0x109d2    : c_addw a5, a4              : IntAlu :  D=0xfffffffffff5468b
5301500: system.cpu: T0 : 0x109d4    : addiw a4, a5, 0            : IntAlu :  D=0xfffffffffff5468b
5302000: system.cpu: T0 : 0x109d8    : c_lui a5, 2                : IntAlu :  D=0x0000000000002000
5303000: system.cpu: T0 : 0x109da    : addiw a5, a5, 1441         : IntAlu :  D=0x00000000000025a1
5304000: system.cpu: T0 : 0x109de    : mulw a5, a4, a5            : IntMult :  D=0x000000006c73746b
5305000: system.cpu: T0 : 0x109e2    : sw a5, -28(s0)             : MemWrite :  D=0x000000006c73746b A=0x7ffffffffffffdb4
5306000: system.cpu: T0 : 0x109e6    : lw a4, -64(s0)             : MemRead :  D=0xfffffffffffdbbd5 A=0x7ffffffffffffd90
5306500: system.cpu: T0 : 0x109ea    : c_lui a5, 1                : IntAlu :  D=0x0000000000001000
5307000: system.cpu: T0 : 0x109ec    : addiw a5, a5, -1650        : IntAlu :  D=0x000000000000098e
5307500: system.cpu: T0 : 0x109f0    : mulw a5, a4, a5            : IntMult :  D=0xffffffffea58ad26
5308000: system.cpu: T0 : 0x109f4    : sw a5, -64(s0)             : MemWrite :  D=0x00000000ea58ad26 A=0x7ffffffffffffd90
5308500: system.cpu: T0 : 0x109f8    : lw a4, -72(s0)             : MemRead :  D=0x000000000001a5c2 A=0x7ffffffffffffd88
5309000: system.cpu: T0 : 0x109fc    : c_lui a5, 4                : IntAlu :  D=0x0000000000004000
5310000: system.cpu: T0 : 0x109fe    : addiw a5, a5, 435          : IntAlu :  D=0x00000000000041b3
5311000: system.cpu: T0 : 0x10a02    : mulw a5, a4, a5            : IntMult :  D=0x000000006c3d28a6
5312000: system.cpu: T0 : 0x10a06    : sw a5, -72(s0)             : MemWrite :  D=0x000000006c3d28a6 A=0x7ffffffffffffd88
5313000: system.cpu: T0 : 0x10a0a    : lw a4, -80(s0)             : MemRead :  D=0xfffffffffffbead9 A=0x7ffffffffffffd80
5313500: system.cpu: T0 : 0x10a0e    : c_lui a5, 6                : IntAlu :  D=0x0000000000006000
5314000: system.cpu: T0 : 0x10a10    : addiw a5, a5, 596          : IntAlu :  D=0x0000000000006254
5314500: system.cpu: T0 : 0x10a14    : mulw a5, a4, a5            : IntMult :  D=0x000000006e902134
5315000: system.cpu: T0 : 0x10a18    : sw a5, -80(s0)             : MemWrite :  D=0x000000006e902134 A=0x7ffffffffffffd80
5315500: system.cpu: T0 : 0x10a1c    : lw a4, -88(s0)             : MemRead :  D=0xfffffffffff9fa1b A=0x7ffffffffffffd78
5316000: system.cpu: T0 : 0x10a20    : c_lui a5, 3                : IntAlu :  D=0x0000000000003000
5316500: system.cpu: T0 : 0x10a22    : c_addiw a5, 11             : IntAlu :  D=0x000000000000300b
5317000: system.cpu: T0 : 0x10a24    : mulw a5, a4, a5            : IntMult :  D=0xffffffffdea2cf29
5317500: system.cpu: T0 : 0x10a28    : sw a5, -88(s0)             : MemWrite :  D=0x00000000dea2cf29 A=0x7ffffffffffffd78
5318000: system.cpu: T0 : 0x10a2c    : lw a4, -44(s0)             : MemRead :  D=0xfffffffffff7b5f0 A=0x7ffffffffffffda4
5318500: system.cpu: T0 : 0x10a30    : c_lui a5, 1048574          : IntAlu :  D=0xffffffffffffe000
5319500: system.cpu: T0 : 0x10a32    : addiw a5, a5, 819          : IntAlu :  D=0xffffffffffffe333
5320500: system.cpu: T0 : 0x10a36    : mulw a5, a4, a5            : IntMult :  D=0xffffffffeebd0ed0
5321500: system.cpu: T0 : 0x10a3a    : sw a5, -44(s0)             : MemWrite :  D=0x00000000eebd0ed0 A=0x7ffffffffffffda4
5322500: system.cpu: T0 : 0x10a3e    : lw a4, -40(s0)             : MemRead :  D=0xfffffffffffd909b A=0x7ffffffffffffda8
5323000: system.cpu: T0 : 0x10a42    : c_lui a5, 1048571          : IntAlu :  D=0xffffffffffffb000
5323500: system.cpu: T0 : 0x10a44    : addiw a5, a5, -515         : IntAlu :  D=0xffffffffffffadfd
5324000: system.cpu: T0 : 0x10a48    : mulw a5, a4, a5            : IntMult :  D=0xffffffffc7b5a82f
5324500: system.cpu: T0 : 0x10a4c    : sw a5, -40(s0)             : MemWrite :  D=0x00000000c7b5a82f A=0x7ffffffffffffda8
5325000: system.cpu: T0 : 0x10a50    : lw a4, -36(s0)             : MemRead :  D=0xfffffffffff9a6ae A=0x7ffffffffffffdac
5325500: system.cpu: T0 : 0x10a54    : c_lui a5, 1048572          : IntAlu :  D=0xffffffffffffc000
5326500: system.cpu: T0 : 0x10a56    : addiw a5, a5, 315          : IntAlu :  D=0xffffffffffffc13b
5327500: system.cpu: T0 : 0x10a5a    : mulw a5, a4, a5            : IntMult :  D=0xffffffff8e84981a
5328500: system.cpu: T0 : 0x10a5e    : sw a5, -36(s0)             : MemWrite :  D=0x000000008e84981a A=0x7ffffffffffffdac
5329500: system.cpu: T0 : 0x10a62    : lw a4, -32(s0)             : MemRead :  D=0xfffffffffffb9fdd A=0x7ffffffffffffdb0
5330000: system.cpu: T0 : 0x10a66    : c_lui a5, 1048575          : IntAlu :  D=0xfffffffffffff000
5330500: system.cpu: T0 : 0x10a68    : addiw a5, a5, 900          : IntAlu :  D=0xfffffffffffff384
5331000: system.cpu: T0 : 0x10a6c    : mulw a5, a4, a5            : IntMult :  D=0x0000000036a034f4
5331500: system.cpu: T0 : 0x10a70    : sw a5, -32(s0)             : MemWrite :  D=0x0000000036a034f4 A=0x7ffffffffffffdb0
5332000: system.cpu: T0 : 0x10a74    : lw a4, -36(s0)             : MemRead :  D=0xffffffff8e84981a A=0x7ffffffffffffdac
5332500: system.cpu: T0 : 0x10a78    : lw a5, -28(s0)             : MemRead :  D=0x000000006c73746b A=0x7ffffffffffffdb4
5333000: system.cpu: T0 : 0x10a7c    : c_addw a5, a4              : IntAlu :  D=0xfffffffffaf80c85
5334000: system.cpu: T0 : 0x10a7e    : sw a5, -36(s0)             : MemWrite :  D=0x00000000faf80c85 A=0x7ffffffffffffdac
5335000: system.cpu: T0 : 0x10a82    : lw a4, -32(s0)             : MemRead :  D=0x0000000036a034f4 A=0x7ffffffffffffdb0
5336000: system.cpu: T0 : 0x10a86    : lw a5, -28(s0)             : MemRead :  D=0x000000006c73746b A=0x7ffffffffffffdb4
5336500: system.cpu: T0 : 0x10a8a    : c_addw a5, a4              : IntAlu :  D=0xffffffffa313a95f
5337000: system.cpu: T0 : 0x10a8c    : sw a5, -32(s0)             : MemWrite :  D=0x00000000a313a95f A=0x7ffffffffffffdb0
5337500: system.cpu: T0 : 0x10a90    : lw a4, -64(s0)             : MemRead :  D=0xffffffffea58ad26 A=0x7ffffffffffffd90
5338000: system.cpu: T0 : 0x10a94    : lw a5, -44(s0)             : MemRead :  D=0xffffffffeebd0ed0 A=0x7ffffffffffffda4
5338500: system.cpu: T0 : 0x10a98    : c_addw a5, a4              : IntAlu :  D=0xffffffffd915bbf6
5339000: system.cpu: T0 : 0x10a9a    : c_addiw a5, 0              : IntAlu :  D=0xffffffffd915bbf6
5339500: system.cpu: T0 : 0x10a9c    : lw a4, -36(s0)             : MemRead :  D=0xfffffffffaf80c85 A=0x7ffffffffffffdac
5340000: system.cpu: T0 : 0x10aa0    : c_addw a5, a4              : IntAlu :  D=0xffffffffd40dc87b
5341000: system.cpu: T0 : 0x10aa2    : addiw a4, a5, 0            : IntAlu :  D=0xffffffffd40dc87b
5341500: system.cpu: T0 : 0x10aa6    : c_lui a5, 4                : IntAlu :  D=0x0000000000004000
5342000: system.cpu: T0 : 0x10aa8    : c_addw a5, a4              : IntAlu :  D=0xffffffffd40e087b
5343000: system.cpu: T0 : 0x10aaa    : addiw a4, a5, 0            : IntAlu :  D=0xffffffffd40e087b
5344000: system.cpu: T0 : 0x10aae    : ld a5, -24(s0)             : MemRead :  D=0x0000000000071964 A=0x7ffffffffffffdb8
5345000: system.cpu: T0 : 0x10ab2    : addi a5, a5, 224           : IntAlu :  D=0x0000000000071a44
5346000: system.cpu: T0 : 0x10ab6    : sraiw a4, a4, 15           : IntAlu :  D=0xffffffffffffa81c
5346500: system.cpu: T0 : 0x10aba    : c_addiw a4, 0              : IntAlu :  D=0xffffffffffffa81c
5347000: system.cpu: T0 : 0x10abc    : c_sw a4, 0(a5)             : MemWrite :  D=0x00000000ffffa81c A=0x71a44
5348000: system.cpu: T0 : 0x10abe    : lw a4, -72(s0)             : MemRead :  D=0x000000006c3d28a6 A=0x7ffffffffffffd88
5349000: system.cpu: T0 : 0x10ac2    : lw a5, -40(s0)             : MemRead :  D=0xffffffffc7b5a82f A=0x7ffffffffffffda8
5349500: system.cpu: T0 : 0x10ac6    : c_addw a5, a4              : IntAlu :  D=0x0000000033f2d0d5
5350000: system.cpu: T0 : 0x10ac8    : c_addiw a5, 0              : IntAlu :  D=0x0000000033f2d0d5
5351000: system.cpu: T0 : 0x10aca    : lw a4, -32(s0)             : MemRead :  D=0xffffffffa313a95f A=0x7ffffffffffffdb0
5351500: system.cpu: T0 : 0x10ace    : c_addw a5, a4              : IntAlu :  D=0xffffffffd7067a34
5352000: system.cpu: T0 : 0x10ad0    : addiw a4, a5, 0            : IntAlu :  D=0xffffffffd7067a34
5352500: system.cpu: T0 : 0x10ad4    : c_lui a5, 4                : IntAlu :  D=0x0000000000004000
5353000: system.cpu: T0 : 0x10ad6    : c_addw a5, a4              : IntAlu :  D=0xffffffffd706ba34
5353500: system.cpu: T0 : 0x10ad8    : addiw a4, a5, 0            : IntAlu :  D=0xffffffffd706ba34
5354000: system.cpu: T0 : 0x10adc    : ld a5, -24(s0)             : MemRead :  D=0x0000000000071964 A=0x7ffffffffffffdb8
5354500: system.cpu: T0 : 0x10ae0    : addi a5, a5, 160           : IntAlu :  D=0x0000000000071a04
5355000: system.cpu: T0 : 0x10ae4    : sraiw a4, a4, 15           : IntAlu :  D=0xffffffffffffae0d
5355500: system.cpu: T0 : 0x10ae8    : c_addiw a4, 0              : IntAlu :  D=0xffffffffffffae0d
5356000: system.cpu: T0 : 0x10aea    : c_sw a4, 0(a5)             : MemWrite :  D=0x00000000ffffae0d A=0x71a04
5356500: system.cpu: T0 : 0x10aec    : lw a4, -80(s0)             : MemRead :  D=0x000000006e902134 A=0x7ffffffffffffd80
5357000: system.cpu: T0 : 0x10af0    : lw a5, -40(s0)             : MemRead :  D=0xffffffffc7b5a82f A=0x7ffffffffffffda8
5357500: system.cpu: T0 : 0x10af4    : c_addw a5, a4              : IntAlu :  D=0x000000003645c963
5358000: system.cpu: T0 : 0x10af6    : c_addiw a5, 0              : IntAlu :  D=0x000000003645c963
5358500: system.cpu: T0 : 0x10af8    : lw a4, -36(s0)             : MemRead :  D=0xfffffffffaf80c85 A=0x7ffffffffffffdac
5359000: system.cpu: T0 : 0x10afc    : c_addw a5, a4              : IntAlu :  D=0x00000000313dd5e8
5360000: system.cpu: T0 : 0x10afe    : addiw a4, a5, 0            : IntAlu :  D=0x00000000313dd5e8
5360500: system.cpu: T0 : 0x10b02    : c_lui a5, 4                : IntAlu :  D=0x0000000000004000
5361000: system.cpu: T0 : 0x10b04    : c_addw a5, a4              : IntAlu :  D=0x00000000313e15e8
5362000: system.cpu: T0 : 0x10b06    : addiw a4, a5, 0            : IntAlu :  D=0x00000000313e15e8
5363000: system.cpu: T0 : 0x10b0a    : ld a5, -24(s0)             : MemRead :  D=0x0000000000071964 A=0x7ffffffffffffdb8
5364000: system.cpu: T0 : 0x10b0e    : addi a5, a5, 96            : IntAlu :  D=0x00000000000719c4
5365000: system.cpu: T0 : 0x10b12    : sraiw a4, a4, 15           : IntAlu :  D=0x000000000000627c
5365500: system.cpu: T0 : 0x10b16    : c_addiw a4, 0              : IntAlu :  D=0x000000000000627c
5366000: system.cpu: T0 : 0x10b18    : c_sw a4, 0(a5)             : MemWrite :  D=0x000000000000627c A=0x719c4
5367000: system.cpu: T0 : 0x10b1a    : lw a4, -88(s0)             : MemRead :  D=0xffffffffdea2cf29 A=0x7ffffffffffffd78
5368000: system.cpu: T0 : 0x10b1e    : lw a5, -44(s0)             : MemRead :  D=0xffffffffeebd0ed0 A=0x7ffffffffffffda4
5368500: system.cpu: T0 : 0x10b22    : c_addw a5, a4              : IntAlu :  D=0xffffffffcd5fddf9
5369000: system.cpu: T0 : 0x10b24    : c_addiw a5, 0              : IntAlu :  D=0xffffffffcd5fddf9
5370000: system.cpu: T0 : 0x10b26    : lw a4, -32(s0)             : MemRead :  D=0xffffffffa313a95f A=0x7ffffffffffffdb0
5370500: system.cpu: T0 : 0x10b2a    : c_addw a5, a4              : IntAlu :  D=0x0000000070738758
5371000: system.cpu: T0 : 0x10b2c    : addiw a4, a5, 0            : IntAlu :  D=0x0000000070738758
5371500: system.cpu: T0 : 0x10b30    : c_lui a5, 4                : IntAlu :  D=0x0000000000004000
5372000: system.cpu: T0 : 0x10b32    : c_addw a5, a4              : IntAlu :  D=0x000000007073c758
5372500: system.cpu: T0 : 0x10b34    : addiw a4, a5, 0            : IntAlu :  D=0x000000007073c758
5373000: system.cpu: T0 : 0x10b38    : ld a5, -24(s0)             : MemRead :  D=0x0000000000071964 A=0x7ffffffffffffdb8
5373500: system.cpu: T0 : 0x10b3c    : addi a5, a5, 32            : IntAlu :  D=0x0000000000071984
5374000: system.cpu: T0 : 0x10b40    : sraiw a4, a4, 15           : IntAlu :  D=0x000000000000e0e7
5374500: system.cpu: T0 : 0x10b44    : c_addiw a4, 0              : IntAlu :  D=0x000000000000e0e7
5375000: system.cpu: T0 : 0x10b46    : c_sw a4, 0(a5)             : MemWrite :  D=0x000000000000e0e7 A=0x71984
5375500: system.cpu: T0 : 0x10b48    : ld a5, -24(s0)             : MemRead :  D=0x0000000000071964 A=0x7ffffffffffffdb8
5376000: system.cpu: T0 : 0x10b4c    : c_addi a5, 4               : IntAlu :  D=0x0000000000071968
5377000: system.cpu: T0 : 0x10b4e    : sd a5, -24(s0)             : MemWrite :  D=0x0000000000071968 A=0x7ffffffffffffdb8
5378000: system.cpu: T0 : 0x10b52    : lw a5, -96(s0)             : MemRead :  D=0x0000000000000006 A=0x7ffffffffffffd70
5378500: system.cpu: T0 : 0x10b56    : c_addiw a5, -1             : IntAlu :  D=0x0000000000000005
5379000: system.cpu: T0 : 0x10b58    : sw a5, -96(s0)             : MemWrite :  D=0x0000000000000005 A=0x7ffffffffffffd70
5379500: system.cpu: T0 : 0x10b5c    : lw a5, -96(s0)             : MemRead :  D=0x0000000000000005 A=0x7ffffffffffffd70
5380000: system.cpu: T0 : 0x10b60    : c_addiw a5, 0              : IntAlu :  D=0x0000000000000005
5381000: system.cpu: T0 : 0x10b62    : bge a5, zero, -926         : IntAlu : 
5381500: system.cpu: T0 : 0x107c4    : ld a5, -24(s0)             : MemRead :  D=0x0000000000071968 A=0x7ffffffffffffdb8
5382000: system.cpu: T0 : 0x107c8    : c_lw a4, 0(a5)             : MemRead :  D=0xfffffffffffdb582 A=0x71968
5383000: system.cpu: T0 : 0x107ca    : ld a5, -24(s0)             : MemRead :  D=0x0000000000071968 A=0x7ffffffffffffdb8
5384000: system.cpu: T0 : 0x107ce    : addi a5, a5, 224           : IntAlu :  D=0x0000000000071a48
5384500: system.cpu: T0 : 0x107d2    : c_lw a5, 0(a5)             : MemRead :  D=0x0000000000021cf2 A=0x71a48
5385000: system.cpu: T0 : 0x107d4    : c_addw a5, a4              : IntAlu :  D=0xffffffffffffd274
5386000: system.cpu: T0 : 0x107d6    : sw a5, -92(s0)             : MemWrite :  D=0x00000000ffffd274 A=0x7ffffffffffffd74
5387000: system.cpu: T0 : 0x107da    : ld a5, -24(s0)             : MemRead :  D=0x0000000000071968 A=0x7ffffffffffffdb8
5387500: system.cpu: T0 : 0x107de    : c_lw a4, 0(a5)             : MemRead :  D=0xfffffffffffdb582 A=0x71968
5388000: system.cpu: T0 : 0x107e0    : ld a5, -24(s0)             : MemRead :  D=0x0000000000071968 A=0x7ffffffffffffdb8
5388500: system.cpu: T0 : 0x107e4    : addi a5, a5, 224           : IntAlu :  D=0x0000000000071a48
5389000: system.cpu: T0 : 0x107e8    : c_lw a5, 0(a5)             : MemRead :  D=0x0000000000021cf2 A=0x71a48
5390000: system.cpu: T0 : 0x107ea    : subw a5, a4, a5            : IntAlu :  D=0xfffffffffffb9890
5391000: system.cpu: T0 : 0x107ee    : sw a5, -88(s0)             : MemWrite :  D=0x00000000fffb9890 A=0x7ffffffffffffd78
5392000: system.cpu: T0 : 0x107f2    : ld a5, -24(s0)             : MemRead :  D=0x0000000000071968 A=0x7ffffffffffffdb8
5393000: system.cpu: T0 : 0x107f6    : addi a5, a5, 32            : IntAlu :  D=0x0000000000071988
5393500: system.cpu: T0 : 0x107fa    : c_lw a4, 0(a5)             : MemRead :  D=0xfffffffffffd7537 A=0x71988
5394000: system.cpu: T0 : 0x107fc    : ld a5, -24(s0)             : MemRead :  D=0x0000000000071968 A=0x7ffffffffffffdb8
5394500: system.cpu: T0 : 0x10800    : addi a5, a5, 192           : IntAlu :  D=0x0000000000071a28
5395000: system.cpu: T0 : 0x10804    : c_lw a5, 0(a5)             : MemRead :  D=0x0000000000019f7a A=0x71a28
5395500: system.cpu: T0 : 0x10806    : c_addw a5, a4              : IntAlu :  D=0xffffffffffff14b1
5396000: system.cpu: T0 : 0x10808    : sw a5, -84(s0)             : MemWrite :  D=0x00000000ffff14b1 A=0x7ffffffffffffd7c
5396500: system.cpu: T0 : 0x1080c    : ld a5, -24(s0)             : MemRead :  D=0x0000000000071968 A=0x7ffffffffffffdb8
5397000: system.cpu: T0 : 0x10810    : addi a5, a5, 32            : IntAlu :  D=0x0000000000071988
5397500: system.cpu: T0 : 0x10814    : c_lw a4, 0(a5)             : MemRead :  D=0xfffffffffffd7537 A=0x71988
5398500: system.cpu: T0 : 0x10816    : ld a5, -24(s0)             : MemRead :  D=0x0000000000071968 A=0x7ffffffffffffdb8
5399500: system.cpu: T0 : 0x1081a    : addi a5, a5, 192           : IntAlu :  D=0x0000000000071a28
5400000: system.cpu: T0 : 0x1081e    : c_lw a5, 0(a5)             : MemRead :  D=0x0000000000019f7a A=0x71a28
5400500: system.cpu: T0 : 0x10820    : subw a5, a4, a5            : IntAlu :  D=0xfffffffffffbd5bd
5401000: system.cpu: T0 : 0x10824    : sw a5, -80(s0)             : MemWrite :  D=0x00000000fffbd5bd A=0x7ffffffffffffd80
5401500: system.cpu: T0 : 0x10828    : ld a5, -24(s0)             : MemRead :  D=0x0000000000071968 A=0x7ffffffffffffdb8
5402000: system.cpu: T0 : 0x1082c    : addi a5, a5, 64            : IntAlu :  D=0x00000000000719a8
5402500: system.cpu: T0 : 0x10830    : c_lw a4, 0(a5)             : MemRead :  D=0x0000000000029faa A=0x719a8
5403500: system.cpu: T0 : 0x10832    : ld a5, -24(s0)             : MemRead :  D=0x0000000000071968 A=0x7ffffffffffffdb8
5404500: system.cpu: T0 : 0x10836    : addi a5, a5, 160           : IntAlu :  D=0x0000000000071a08
5405000: system.cpu: T0 : 0x1083a    : c_lw a5, 0(a5)             : MemRead :  D=0x0000000000012fbd A=0x71a08
5405500: system.cpu: T0 : 0x1083c    : c_addw a5, a4              : IntAlu :  D=0x000000000003cf67
5406500: system.cpu: T0 : 0x1083e    : sw a5, -76(s0)             : MemWrite :  D=0x000000000003cf67 A=0x7ffffffffffffd84
5407500: system.cpu: T0 : 0x10842    : ld a5, -24(s0)             : MemRead :  D=0x0000000000071968 A=0x7ffffffffffffdb8
5408500: system.cpu: T0 : 0x10846    : addi a5, a5, 64            : IntAlu :  D=0x00000000000719a8
5409000: system.cpu: T0 : 0x1084a    : c_lw a4, 0(a5)             : MemRead :  D=0x0000000000029faa A=0x719a8
5409500: system.cpu: T0 : 0x1084c    : ld a5, -24(s0)             : MemRead :  D=0x0000000000071968 A=0x7ffffffffffffdb8
5410000: system.cpu: T0 : 0x10850    : addi a5, a5, 160           : IntAlu :  D=0x0000000000071a08
5410500: system.cpu: T0 : 0x10854    : c_lw a5, 0(a5)             : MemRead :  D=0x0000000000012fbd A=0x71a08
5411500: system.cpu: T0 : 0x10856    : subw a5, a4, a5            : IntAlu :  D=0x0000000000016fed
5412500: system.cpu: T0 : 0x1085a    : sw a5, -72(s0)             : MemWrite :  D=0x0000000000016fed A=0x7ffffffffffffd88
5413500: system.cpu: T0 : 0x1085e    : ld a5, -24(s0)             : MemRead :  D=0x0000000000071968 A=0x7ffffffffffffdb8
5414500: system.cpu: T0 : 0x10862    : addi a5, a5, 96            : IntAlu :  D=0x00000000000719c8
5415000: system.cpu: T0 : 0x10866    : c_lw a4, 0(a5)             : MemRead :  D=0xfffffffffffb567b A=0x719c8
5415500: system.cpu: T0 : 0x10868    : ld a5, -24(s0)             : MemRead :  D=0x0000000000071968 A=0x7ffffffffffffdb8
5416000: system.cpu: T0 : 0x1086c    : addi a5, a5, 128           : IntAlu :  D=0x00000000000719e8
5416500: system.cpu: T0 : 0x10870    : c_lw a5, 0(a5)             : MemRead :  D=0xffffffffffff8c22 A=0x719e8
5417000: system.cpu: T0 : 0x10872    : c_addw a5, a4              : IntAlu :  D=0xfffffffffffae29d
5417500: system.cpu: T0 : 0x10874    : sw a5, -68(s0)             : MemWrite :  D=0x00000000fffae29d A=0x7ffffffffffffd8c
5418000: system.cpu: T0 : 0x10878    : ld a5, -24(s0)             : MemRead :  D=0x0000000000071968 A=0x7ffffffffffffdb8
5418500: system.cpu: T0 : 0x1087c    : addi a5, a5, 96            : IntAlu :  D=0x00000000000719c8
5419000: system.cpu: T0 : 0x10880    : c_lw a4, 0(a5)             : MemRead :  D=0xfffffffffffb567b A=0x719c8
5420000: system.cpu: T0 : 0x10882    : ld a5, -24(s0)             : MemRead :  D=0x0000000000071968 A=0x7ffffffffffffdb8
5421000: system.cpu: T0 : 0x10886    : addi a5, a5, 128           : IntAlu :  D=0x00000000000719e8
5421500: system.cpu: T0 : 0x1088a    : c_lw a5, 0(a5)             : MemRead :  D=0xffffffffffff8c22 A=0x719e8
5422000: system.cpu: T0 : 0x1088c    : subw a5, a4, a5            : IntAlu :  D=0xfffffffffffbca59
5422500: system.cpu: T0 : 0x10890    : sw a5, -64(s0)             : MemWrite :  D=0x00000000fffbca59 A=0x7ffffffffffffd90
5423000: system.cpu: T0 : 0x10894    : lw a4, -92(s0)             : MemRead :  D=0xffffffffffffd274 A=0x7ffffffffffffd74
5423500: system.cpu: T0 : 0x10898    : lw a5, -68(s0)             : MemRead :  D=0xfffffffffffae29d A=0x7ffffffffffffd8c
5424000: system.cpu: T0 : 0x1089c    : c_addw a5, a4              : IntAlu :  D=0xfffffffffffab511
5425000: system.cpu: T0 : 0x1089e    : sw a5, -60(s0)             : MemWrite :  D=0x00000000fffab511 A=0x7ffffffffffffd94
5426000: system.cpu: T0 : 0x108a2    : lw a4, -92(s0)             : MemRead :  D=0xffffffffffffd274 A=0x7ffffffffffffd74
5427000: system.cpu: T0 : 0x108a6    : lw a5, -68(s0)             : MemRead :  D=0xfffffffffffae29d A=0x7ffffffffffffd8c
5428000: system.cpu: T0 : 0x108aa    : subw a5, a4, a5            : IntAlu :  D=0x000000000004efd7
5429000: system.cpu: T0 : 0x108ae    : sw a5, -56(s0)             : MemWrite :  D=0x000000000004efd7 A=0x7ffffffffffffd98
5430000: system.cpu: T0 : 0x108b2    : lw a4, -84(s0)             : MemRead :  D=0xffffffffffff14b1 A=0x7ffffffffffffd7c
5431000: system.cpu: T0 : 0x108b6    : lw a5, -76(s0)             : MemRead :  D=0x000000000003cf67 A=0x7ffffffffffffd84
5431500: system.cpu: T0 : 0x108ba    : c_addw a5, a4              : IntAlu :  D=0x000000000002e418
5432000: system.cpu: T0 : 0x108bc    : sw a5, -52(s0)             : MemWrite :  D=0x000000000002e418 A=0x7ffffffffffffd9c
5432500: system.cpu: T0 : 0x108c0    : lw a4, -84(s0)             : MemRead :  D=0xffffffffffff14b1 A=0x7ffffffffffffd7c
5433000: system.cpu: T0 : 0x108c4    : lw a5, -76(s0)             : MemRead :  D=0x000000000003cf67 A=0x7ffffffffffffd84
5433500: system.cpu: T0 : 0x108c8    : subw a5, a4, a5            : IntAlu :  D=0xfffffffffffb454a
5434000: system.cpu: T0 : 0x108cc    : sw a5, -48(s0)             : MemWrite :  D=0x00000000fffb454a A=0x7ffffffffffffda0
5434500: system.cpu: T0 : 0x108d0    : lw a4, -60(s0)             : MemRead :  D=0xfffffffffffab511 A=0x7ffffffffffffd94
5435000: system.cpu: T0 : 0x108d4    : lw a5, -52(s0)             : MemRead :  D=0x000000000002e418 A=0x7ffffffffffffd9c
5435500: system.cpu: T0 : 0x108d8    : c_addw a5, a4              : IntAlu :  D=0xfffffffffffd9929
5436000: system.cpu: T0 : 0x108da    : c_addiw a5, 0              : IntAlu :  D=0xfffffffffffd9929
5436500: system.cpu: T0 : 0x108dc    : c_addiw a5, 2              : IntAlu :  D=0xfffffffffffd992b
5437000: system.cpu: T0 : 0x108de    : c_addiw a5, 0              : IntAlu :  D=0xfffffffffffd992b
5437500: system.cpu: T0 : 0x108e0    : sraiw a5, a5, 2            : IntAlu :  D=0xffffffffffff664a
5438000: system.cpu: T0 : 0x108e4    : addiw a4, a5, 0            : IntAlu :  D=0xffffffffffff664a
5438500: system.cpu: T0 : 0x108e8    : ld a5, -24(s0)             : MemRead :  D=0x0000000000071968 A=0x7ffffffffffffdb8
5439000: system.cpu: T0 : 0x108ec    : c_sw a4, 0(a5)             : MemWrite :  D=0x00000000ffff664a A=0x71968
5440000: system.cpu: T0 : 0x108ee    : lw a4, -60(s0)             : MemRead :  D=0xfffffffffffab511 A=0x7ffffffffffffd94
5441000: system.cpu: T0 : 0x108f2    : lw a5, -52(s0)             : MemRead :  D=0x000000000002e418 A=0x7ffffffffffffd9c
5442000: system.cpu: T0 : 0x108f6    : subw a5, a4, a5            : IntAlu :  D=0xfffffffffff7d0f9
5442500: system.cpu: T0 : 0x108fa    : c_addiw a5, 0              : IntAlu :  D=0xfffffffffff7d0f9
5443000: system.cpu: T0 : 0x108fc    : c_addiw a5, 2              : IntAlu :  D=0xfffffffffff7d0fb
5444000: system.cpu: T0 : 0x108fe    : addiw a4, a5, 0            : IntAlu :  D=0xfffffffffff7d0fb
5445000: system.cpu: T0 : 0x10902    : ld a5, -24(s0)             : MemRead :  D=0x0000000000071968 A=0x7ffffffffffffdb8
5446000: system.cpu: T0 : 0x10906    : addi a5, a5, 128           : IntAlu :  D=0x00000000000719e8
5447000: system.cpu: T0 : 0x1090a    : sraiw a4, a4, 2            : IntAlu :  D=0xfffffffffffdf43e
5447500: system.cpu: T0 : 0x1090e    : c_addiw a4, 0              : IntAlu :  D=0xfffffffffffdf43e
5448000: system.cpu: T0 : 0x10910    : c_sw a4, 0(a5)             : MemWrite :  D=0x00000000fffdf43e A=0x719e8
5449000: system.cpu: T0 : 0x10912    : lw a4, -48(s0)             : MemRead :  D=0xfffffffffffb454a A=0x7ffffffffffffda0
5450000: system.cpu: T0 : 0x10916    : lw a5, -56(s0)             : MemRead :  D=0x000000000004efd7 A=0x7ffffffffffffd98
5450500: system.cpu: T0 : 0x1091a    : c_addw a5, a4              : IntAlu :  D=0x0000000000003521
5451000: system.cpu: T0 : 0x1091c    : addiw a4, a5, 0            : IntAlu :  D=0x0000000000003521
5451500: system.cpu: T0 : 0x10920    : c_lui a5, 1                : IntAlu :  D=0x0000000000001000
5452500: system.cpu: T0 : 0x10922    : addiw a5, a5, 337          : IntAlu :  D=0x0000000000001151
5453500: system.cpu: T0 : 0x10926    : mulw a5, a4, a5            : IntMult :  D=0x0000000003980071
5454500: system.cpu: T0 : 0x1092a    : sw a5, -44(s0)             : MemWrite :  D=0x0000000003980071 A=0x7ffffffffffffda4
5455500: system.cpu: T0 : 0x1092e    : lw a4, -56(s0)             : MemRead :  D=0x000000000004efd7 A=0x7ffffffffffffd98
5456000: system.cpu: T0 : 0x10932    : c_lui a5, 2                : IntAlu :  D=0x0000000000002000
5456500: system.cpu: T0 : 0x10934    : addiw a5, a5, -1922        : IntAlu :  D=0x000000000000187e
5457000: system.cpu: T0 : 0x10938    : mulw a5, a4, a5            : IntMult :  D=0x0000000078ea33d2
5457500: system.cpu: T0 : 0x1093c    : c_addiw a5, 0              : IntAlu :  D=0x0000000078ea33d2
5458500: system.cpu: T0 : 0x1093e    : lw a4, -44(s0)             : MemRead :  D=0x0000000003980071 A=0x7ffffffffffffda4
5459000: system.cpu: T0 : 0x10942    : c_addw a5, a4              : IntAlu :  D=0x000000007c823443
5459500: system.cpu: T0 : 0x10944    : addiw a4, a5, 0            : IntAlu :  D=0x000000007c823443
5460000: system.cpu: T0 : 0x10948    : c_lui a5, 4                : IntAlu :  D=0x0000000000004000
5460500: system.cpu: T0 : 0x1094a    : c_addw a5, a4              : IntAlu :  D=0x000000007c827443
5461000: system.cpu: T0 : 0x1094c    : addiw a4, a5, 0            : IntAlu :  D=0x000000007c827443
5461500: system.cpu: T0 : 0x10950    : ld a5, -24(s0)             : MemRead :  D=0x0000000000071968 A=0x7ffffffffffffdb8
5462000: system.cpu: T0 : 0x10954    : addi a5, a5, 64            : IntAlu :  D=0x00000000000719a8
5462500: system.cpu: T0 : 0x10958    : sraiw a4, a4, 15           : IntAlu :  D=0x000000000000f904
5463000: system.cpu: T0 : 0x1095c    : c_addiw a4, 0              : IntAlu :  D=0x000000000000f904
5463500: system.cpu: T0 : 0x1095e    : c_sw a4, 0(a5)             : MemWrite :  D=0x000000000000f904 A=0x719a8
5464000: system.cpu: T0 : 0x10960    : lw a4, -48(s0)             : MemRead :  D=0xfffffffffffb454a A=0x7ffffffffffffda0
5464500: system.cpu: T0 : 0x10964    : c_lui a5, 1048572          : IntAlu :  D=0xffffffffffffc000
5465500: system.cpu: T0 : 0x10966    : addiw a5, a5, 1247         : IntAlu :  D=0xffffffffffffc4df
5466500: system.cpu: T0 : 0x1096a    : mulw a5, a4, a5            : IntMult :  D=0x0000000017a40376
5467000: system.cpu: T0 : 0x1096e    : c_addiw a5, 0              : IntAlu :  D=0x0000000017a40376
5467500: system.cpu: T0 : 0x10970    : lw a4, -44(s0)             : MemRead :  D=0x0000000003980071 A=0x7ffffffffffffda4
5468000: system.cpu: T0 : 0x10974    : c_addw a5, a4              : IntAlu :  D=0x000000001b3c03e7
5469000: system.cpu: T0 : 0x10976    : addiw a4, a5, 0            : IntAlu :  D=0x000000001b3c03e7
5469500: system.cpu: T0 : 0x1097a    : c_lui a5, 4                : IntAlu :  D=0x0000000000004000
5470000: system.cpu: T0 : 0x1097c    : c_addw a5, a4              : IntAlu :  D=0x000000001b3c43e7
5471000: system.cpu: T0 : 0x1097e    : addiw a4, a5, 0            : IntAlu :  D=0x000000001b3c43e7
5472000: system.cpu: T0 : 0x10982    : ld a5, -24(s0)             : MemRead :  D=0x0000000000071968 A=0x7ffffffffffffdb8
5473000: system.cpu: T0 : 0x10986    : addi a5, a5, 192           : IntAlu :  D=0x0000000000071a28
5474000: system.cpu: T0 : 0x1098a    : sraiw a4, a4, 15           : IntAlu :  D=0x0000000000003678
5474500: system.cpu: T0 : 0x1098e    : c_addiw a4, 0              : IntAlu :  D=0x0000000000003678
5475000: system.cpu: T0 : 0x10990    : c_sw a4, 0(a5)             : MemWrite :  D=0x0000000000003678 A=0x71a28
5476000: system.cpu: T0 : 0x10992    : lw a4, -64(s0)             : MemRead :  D=0xfffffffffffbca59 A=0x7ffffffffffffd90
5477000: system.cpu: T0 : 0x10996    : lw a5, -88(s0)             : MemRead :  D=0xfffffffffffb9890 A=0x7ffffffffffffd78
5477500: system.cpu: T0 : 0x1099a    : c_addw a5, a4              : IntAlu :  D=0xfffffffffff762e9
5478000: system.cpu: T0 : 0x1099c    : sw a5, -44(s0)             : MemWrite :  D=0x00000000fff762e9 A=0x7ffffffffffffda4
5478500: system.cpu: T0 : 0x109a0    : lw a4, -72(s0)             : MemRead :  D=0x0000000000016fed A=0x7ffffffffffffd88
5479000: system.cpu: T0 : 0x109a4    : lw a5, -80(s0)             : MemRead :  D=0xfffffffffffbd5bd A=0x7ffffffffffffd80
5479500: system.cpu: T0 : 0x109a8    : c_addw a5, a4              : IntAlu :  D=0xfffffffffffd45aa
5480500: system.cpu: T0 : 0x109aa    : sw a5, -40(s0)             : MemWrite :  D=0x00000000fffd45aa A=0x7ffffffffffffda8
5481500: system.cpu: T0 : 0x109ae    : lw a4, -64(s0)             : MemRead :  D=0xfffffffffffbca59 A=0x7ffffffffffffd90
5482500: system.cpu: T0 : 0x109b2    : lw a5, -80(s0)             : MemRead :  D=0xfffffffffffbd5bd A=0x7ffffffffffffd80
5483000: system.cpu: T0 : 0x109b6    : c_addw a5, a4              : IntAlu :  D=0xfffffffffff7a016
5483500: system.cpu: T0 : 0x109b8    : sw a5, -36(s0)             : MemWrite :  D=0x00000000fff7a016 A=0x7ffffffffffffdac
5484000: system.cpu: T0 : 0x109bc    : lw a4, -72(s0)             : MemRead :  D=0x0000000000016fed A=0x7ffffffffffffd88
5484500: system.cpu: T0 : 0x109c0    : lw a5, -88(s0)             : MemRead :  D=0xfffffffffffb9890 A=0x7ffffffffffffd78
5485000: system.cpu: T0 : 0x109c4    : c_addw a5, a4              : IntAlu :  D=0xfffffffffffd087d
5486000: system.cpu: T0 : 0x109c6    : sw a5, -32(s0)             : MemWrite :  D=0x00000000fffd087d A=0x7ffffffffffffdb0
5487000: system.cpu: T0 : 0x109ca    : lw a4, -36(s0)             : MemRead :  D=0xfffffffffff7a016 A=0x7ffffffffffffdac
5488000: system.cpu: T0 : 0x109ce    : lw a5, -32(s0)             : MemRead :  D=0xfffffffffffd087d A=0x7ffffffffffffdb0
5488500: system.cpu: T0 : 0x109d2    : c_addw a5, a4              : IntAlu :  D=0xfffffffffff4a893
5489000: system.cpu: T0 : 0x109d4    : addiw a4, a5, 0            : IntAlu :  D=0xfffffffffff4a893
5489500: system.cpu: T0 : 0x109d8    : c_lui a5, 2                : IntAlu :  D=0x0000000000002000
5490500: system.cpu: T0 : 0x109da    : addiw a5, a5, 1441         : IntAlu :  D=0x00000000000025a1
5491500: system.cpu: T0 : 0x109de    : mulw a5, a4, a5            : IntMult :  D=0x00000000553b4373
5492500: system.cpu: T0 : 0x109e2    : sw a5, -28(s0)             : MemWrite :  D=0x00000000553b4373 A=0x7ffffffffffffdb4
5493500: system.cpu: T0 : 0x109e6    : lw a4, -64(s0)             : MemRead :  D=0xfffffffffffbca59 A=0x7ffffffffffffd90
5494000: system.cpu: T0 : 0x109ea    : c_lui a5, 1                : IntAlu :  D=0x0000000000001000
5494500: system.cpu: T0 : 0x109ec    : addiw a5, a5, -1650        : IntAlu :  D=0x000000000000098e
5495000: system.cpu: T0 : 0x109f0    : mulw a5, a4, a5            : IntMult :  D=0xffffffffd7c75e5e
5495500: system.cpu: T0 : 0x109f4    : sw a5, -64(s0)             : MemWrite :  D=0x00000000d7c75e5e A=0x7ffffffffffffd90
5496000: system.cpu: T0 : 0x109f8    : lw a4, -72(s0)             : MemRead :  D=0x0000000000016fed A=0x7ffffffffffffd88
5496500: system.cpu: T0 : 0x109fc    : c_lui a5, 4                : IntAlu :  D=0x0000000000004000
5497500: system.cpu: T0 : 0x109fe    : addiw a5, a5, 435          : IntAlu :  D=0x00000000000041b3
5498500: system.cpu: T0 : 0x10a02    : mulw a5, a4, a5            : IntMult :  D=0x000000005e6c6fb7
5499500: system.cpu: T0 : 0x10a06    : sw a5, -72(s0)             : MemWrite :  D=0x000000005e6c6fb7 A=0x7ffffffffffffd88
5500500: system.cpu: T0 : 0x10a0a    : lw a4, -80(s0)             : MemRead :  D=0xfffffffffffbd5bd A=0x7ffffffffffffd80
5501000: system.cpu: T0 : 0x10a0e    : c_lui a5, 6                : IntAlu :  D=0x0000000000006000
5501500: system.cpu: T0 : 0x10a10    : addiw a5, a5, 596          : IntAlu :  D=0x0000000000006254
5502000: system.cpu: T0 : 0x10a14    : mulw a5, a4, a5            : IntMult :  D=0x0000000066747c04
5502500: system.cpu: T0 : 0x10a18    : sw a5, -80(s0)             : MemWrite :  D=0x0000000066747c04 A=0x7ffffffffffffd80
5503000: system.cpu: T0 : 0x10a1c    : lw a4, -88(s0)             : MemRead :  D=0xfffffffffffb9890 A=0x7ffffffffffffd78
5503500: system.cpu: T0 : 0x10a20    : c_lui a5, 3                : IntAlu :  D=0x0000000000003000
5504000: system.cpu: T0 : 0x10a22    : c_addiw a5, 11             : IntAlu :  D=0x000000000000300b
5504500: system.cpu: T0 : 0x10a24    : mulw a5, a4, a5            : IntMult :  D=0x000000002c6a8e30
5505000: system.cpu: T0 : 0x10a28    : sw a5, -88(s0)             : MemWrite :  D=0x000000002c6a8e30 A=0x7ffffffffffffd78
5505500: system.cpu: T0 : 0x10a2c    : lw a4, -44(s0)             : MemRead :  D=0xfffffffffff762e9 A=0x7ffffffffffffda4
5506000: system.cpu: T0 : 0x10a30    : c_lui a5, 1048574          : IntAlu :  D=0xffffffffffffe000
5507000: system.cpu: T0 : 0x10a32    : addiw a5, a5, 819          : IntAlu :  D=0xffffffffffffe333
5508000: system.cpu: T0 : 0x10a36    : mulw a5, a4, a5            : IntMult :  D=0xfffffffff8144f6b
5509000: system.cpu: T0 : 0x10a3a    : sw a5, -44(s0)             : MemWrite :  D=0x00000000f8144f6b A=0x7ffffffffffffda4
5510000: system.cpu: T0 : 0x10a3e    : lw a4, -40(s0)             : MemRead :  D=0xfffffffffffd45aa A=0x7ffffffffffffda8
5510500: system.cpu: T0 : 0x10a42    : c_lui a5, 1048571          : IntAlu :  D=0xffffffffffffb000
5511000: system.cpu: T0 : 0x10a44    : addiw a5, a5, -515         : IntAlu :  D=0xffffffffffffadfd
5511500: system.cpu: T0 : 0x10a48    : mulw a5, a4, a5            : IntMult :  D=0xffffffffdfb7bb02
5512000: system.cpu: T0 : 0x10a4c    : sw a5, -40(s0)             : MemWrite :  D=0x00000000dfb7bb02 A=0x7ffffffffffffda8
5512500: system.cpu: T0 : 0x10a50    : lw a4, -36(s0)             : MemRead :  D=0xfffffffffff7a016 A=0x7ffffffffffffdac
5513000: system.cpu: T0 : 0x10a54    : c_lui a5, 1048572          : IntAlu :  D=0xffffffffffffc000
5514000: system.cpu: T0 : 0x10a56    : addiw a5, a5, 315          : IntAlu :  D=0xffffffffffffc13b
5515000: system.cpu: T0 : 0x10a5a    : mulw a5, a4, a5            : IntMult :  D=0x000000000dac7b12
5516000: system.cpu: T0 : 0x10a5e    : sw a5, -36(s0)             : MemWrite :  D=0x000000000dac7b12 A=0x7ffffffffffffdac
5517000: system.cpu: T0 : 0x10a62    : lw a4, -32(s0)             : MemRead :  D=0xfffffffffffd087d A=0x7ffffffffffffdb0
5517500: system.cpu: T0 : 0x10a66    : c_lui a5, 1048575          : IntAlu :  D=0xfffffffffffff000
5518000: system.cpu: T0 : 0x10a68    : addiw a5, a5, 900          : IntAlu :  D=0xfffffffffffff384
5518500: system.cpu: T0 : 0x10a6c    : mulw a5, a4, a5            : IntMult :  D=0x00000000250a0774
5519000: system.cpu: T0 : 0x10a70    : sw a5, -32(s0)             : MemWrite :  D=0x00000000250a0774 A=0x7ffffffffffffdb0
5519500: system.cpu: T0 : 0x10a74    : lw a4, -36(s0)             : MemRead :  D=0x000000000dac7b12 A=0x7ffffffffffffdac
5520000: system.cpu: T0 : 0x10a78    : lw a5, -28(s0)             : MemRead :  D=0x00000000553b4373 A=0x7ffffffffffffdb4
5520500: system.cpu: T0 : 0x10a7c    : c_addw a5, a4              : IntAlu :  D=0x0000000062e7be85
5521500: system.cpu: T0 : 0x10a7e    : sw a5, -36(s0)             : MemWrite :  D=0x0000000062e7be85 A=0x7ffffffffffffdac
5522500: system.cpu: T0 : 0x10a82    : lw a4, -32(s0)             : MemRead :  D=0x00000000250a0774 A=0x7ffffffffffffdb0
5523500: system.cpu: T0 : 0x10a86    : lw a5, -28(s0)             : MemRead :  D=0x00000000553b4373 A=0x7ffffffffffffdb4
5524000: system.cpu: T0 : 0x10a8a    : c_addw a5, a4              : IntAlu :  D=0x000000007a454ae7
5524500: system.cpu: T0 : 0x10a8c    : sw a5, -32(s0)             : MemWrite :  D=0x000000007a454ae7 A=0x7ffffffffffffdb0
5525000: system.cpu: T0 : 0x10a90    : lw a4, -64(s0)             : MemRead :  D=0xffffffffd7c75e5e A=0x7ffffffffffffd90
5525500: system.cpu: T0 : 0x10a94    : lw a5, -44(s0)             : MemRead :  D=0xfffffffff8144f6b A=0x7ffffffffffffda4
5526000: system.cpu: T0 : 0x10a98    : c_addw a5, a4              : IntAlu :  D=0xffffffffcfdbadc9
5526500: system.cpu: T0 : 0x10a9a    : c_addiw a5, 0              : IntAlu :  D=0xffffffffcfdbadc9
5527000: system.cpu: T0 : 0x10a9c    : lw a4, -36(s0)             : MemRead :  D=0x0000000062e7be85 A=0x7ffffffffffffdac
5527500: system.cpu: T0 : 0x10aa0    : c_addw a5, a4              : IntAlu :  D=0x0000000032c36c4e
5528500: system.cpu: T0 : 0x10aa2    : addiw a4, a5, 0            : IntAlu :  D=0x0000000032c36c4e
5529000: system.cpu: T0 : 0x10aa6    : c_lui a5, 4                : IntAlu :  D=0x0000000000004000
5529500: system.cpu: T0 : 0x10aa8    : c_addw a5, a4              : IntAlu :  D=0x0000000032c3ac4e
5530500: system.cpu: T0 : 0x10aaa    : addiw a4, a5, 0            : IntAlu :  D=0x0000000032c3ac4e
5531500: system.cpu: T0 : 0x10aae    : ld a5, -24(s0)             : MemRead :  D=0x0000000000071968 A=0x7ffffffffffffdb8
5532500: system.cpu: T0 : 0x10ab2    : addi a5, a5, 224           : IntAlu :  D=0x0000000000071a48
5533500: system.cpu: T0 : 0x10ab6    : sraiw a4, a4, 15           : IntAlu :  D=0x0000000000006587
5534000: system.cpu: T0 : 0x10aba    : c_addiw a4, 0              : IntAlu :  D=0x0000000000006587
5534500: system.cpu: T0 : 0x10abc    : c_sw a4, 0(a5)             : MemWrite :  D=0x0000000000006587 A=0x71a48
5535500: system.cpu: T0 : 0x10abe    : lw a4, -72(s0)             : MemRead :  D=0x000000005e6c6fb7 A=0x7ffffffffffffd88
5536500: system.cpu: T0 : 0x10ac2    : lw a5, -40(s0)             : MemRead :  D=0xffffffffdfb7bb02 A=0x7ffffffffffffda8
5537000: system.cpu: T0 : 0x10ac6    : c_addw a5, a4              : IntAlu :  D=0x000000003e242ab9
5537500: system.cpu: T0 : 0x10ac8    : c_addiw a5, 0              : IntAlu :  D=0x000000003e242ab9
5538500: system.cpu: T0 : 0x10aca    : lw a4, -32(s0)             : MemRead :  D=0x000000007a454ae7 A=0x7ffffffffffffdb0
5539000: system.cpu: T0 : 0x10ace    : c_addw a5, a4              : IntAlu :  D=0xffffffffb86975a0
5539500: system.cpu: T0 : 0x10ad0    : addiw a4, a5, 0            : IntAlu :  D=0xffffffffb86975a0
5540000: system.cpu: T0 : 0x10ad4    : c_lui a5, 4                : IntAlu :  D=0x0000000000004000
5540500: system.cpu: T0 : 0x10ad6    : c_addw a5, a4              : IntAlu :  D=0xffffffffb869b5a0
5541000: system.cpu: T0 : 0x10ad8    : addiw a4, a5, 0            : IntAlu :  D=0xffffffffb869b5a0
5541500: system.cpu: T0 : 0x10adc    : ld a5, -24(s0)             : MemRead :  D=0x0000000000071968 A=0x7ffffffffffffdb8
5542000: system.cpu: T0 : 0x10ae0    : addi a5, a5, 160           : IntAlu :  D=0x0000000000071a08
5542500: system.cpu: T0 : 0x10ae4    : sraiw a4, a4, 15           : IntAlu :  D=0xffffffffffff70d3
5543000: system.cpu: T0 : 0x10ae8    : c_addiw a4, 0              : IntAlu :  D=0xffffffffffff70d3
5543500: system.cpu: T0 : 0x10aea    : c_sw a4, 0(a5)             : MemWrite :  D=0x00000000ffff70d3 A=0x71a08
5544000: system.cpu: T0 : 0x10aec    : lw a4, -80(s0)             : MemRead :  D=0x0000000066747c04 A=0x7ffffffffffffd80
5544500: system.cpu: T0 : 0x10af0    : lw a5, -40(s0)             : MemRead :  D=0xffffffffdfb7bb02 A=0x7ffffffffffffda8
5545000: system.cpu: T0 : 0x10af4    : c_addw a5, a4              : IntAlu :  D=0x00000000462c3706
5545500: system.cpu: T0 : 0x10af6    : c_addiw a5, 0              : IntAlu :  D=0x00000000462c3706
5546000: system.cpu: T0 : 0x10af8    : lw a4, -36(s0)             : MemRead :  D=0x0000000062e7be85 A=0x7ffffffffffffdac
5546500: system.cpu: T0 : 0x10afc    : c_addw a5, a4              : IntAlu :  D=0xffffffffa913f58b
5547500: system.cpu: T0 : 0x10afe    : addiw a4, a5, 0            : IntAlu :  D=0xffffffffa913f58b
5548000: system.cpu: T0 : 0x10b02    : c_lui a5, 4                : IntAlu :  D=0x0000000000004000
5548500: system.cpu: T0 : 0x10b04    : c_addw a5, a4              : IntAlu :  D=0xffffffffa914358b
5549500: system.cpu: T0 : 0x10b06    : addiw a4, a5, 0            : IntAlu :  D=0xffffffffa914358b
5550500: system.cpu: T0 : 0x10b0a    : ld a5, -24(s0)             : MemRead :  D=0x0000000000071968 A=0x7ffffffffffffdb8
5551500: system.cpu: T0 : 0x10b0e    : addi a5, a5, 96            : IntAlu :  D=0x00000000000719c8
5552500: system.cpu: T0 : 0x10b12    : sraiw a4, a4, 15           : IntAlu :  D=0xffffffffffff5228
5553000: system.cpu: T0 : 0x10b16    : c_addiw a4, 0              : IntAlu :  D=0xffffffffffff5228
5553500: system.cpu: T0 : 0x10b18    : c_sw a4, 0(a5)             : MemWrite :  D=0x00000000ffff5228 A=0x719c8
5554500: system.cpu: T0 : 0x10b1a    : lw a4, -88(s0)             : MemRead :  D=0x000000002c6a8e30 A=0x7ffffffffffffd78
5555500: system.cpu: T0 : 0x10b1e    : lw a5, -44(s0)             : MemRead :  D=0xfffffffff8144f6b A=0x7ffffffffffffda4
5556000: system.cpu: T0 : 0x10b22    : c_addw a5, a4              : IntAlu :  D=0x00000000247edd9b
5556500: system.cpu: T0 : 0x10b24    : c_addiw a5, 0              : IntAlu :  D=0x00000000247edd9b
5557500: system.cpu: T0 : 0x10b26    : lw a4, -32(s0)             : MemRead :  D=0x000000007a454ae7 A=0x7ffffffffffffdb0
5558000: system.cpu: T0 : 0x10b2a    : c_addw a5, a4              : IntAlu :  D=0xffffffff9ec42882
5558500: system.cpu: T0 : 0x10b2c    : addiw a4, a5, 0            : IntAlu :  D=0xffffffff9ec42882
5559000: system.cpu: T0 : 0x10b30    : c_lui a5, 4                : IntAlu :  D=0x0000000000004000
5559500: system.cpu: T0 : 0x10b32    : c_addw a5, a4              : IntAlu :  D=0xffffffff9ec46882
5560000: system.cpu: T0 : 0x10b34    : addiw a4, a5, 0            : IntAlu :  D=0xffffffff9ec46882
5560500: system.cpu: T0 : 0x10b38    : ld a5, -24(s0)             : MemRead :  D=0x0000000000071968 A=0x7ffffffffffffdb8
5561000: system.cpu: T0 : 0x10b3c    : addi a5, a5, 32            : IntAlu :  D=0x0000000000071988
5561500: system.cpu: T0 : 0x10b40    : sraiw a4, a4, 15           : IntAlu :  D=0xffffffffffff3d88
5562000: system.cpu: T0 : 0x10b44    : c_addiw a4, 0              : IntAlu :  D=0xffffffffffff3d88
5562500: system.cpu: T0 : 0x10b46    : c_sw a4, 0(a5)             : MemWrite :  D=0x00000000ffff3d88 A=0x71988
5563000: system.cpu: T0 : 0x10b48    : ld a5, -24(s0)             : MemRead :  D=0x0000000000071968 A=0x7ffffffffffffdb8
5563500: system.cpu: T0 : 0x10b4c    : c_addi a5, 4               : IntAlu :  D=0x000000000007196c
5564500: system.cpu: T0 : 0x10b4e    : sd a5, -24(s0)             : MemWrite :  D=0x000000000007196c A=0x7ffffffffffffdb8
5565500: system.cpu: T0 : 0x10b52    : lw a5, -96(s0)             : MemRead :  D=0x0000000000000005 A=0x7ffffffffffffd70
5566000: system.cpu: T0 : 0x10b56    : c_addiw a5, -1             : IntAlu :  D=0x0000000000000004
5566500: system.cpu: T0 : 0x10b58    : sw a5, -96(s0)             : MemWrite :  D=0x0000000000000004 A=0x7ffffffffffffd70
5567000: system.cpu: T0 : 0x10b5c    : lw a5, -96(s0)             : MemRead :  D=0x0000000000000004 A=0x7ffffffffffffd70
5567500: system.cpu: T0 : 0x10b60    : c_addiw a5, 0              : IntAlu :  D=0x0000000000000004
5568500: system.cpu: T0 : 0x10b62    : bge a5, zero, -926         : IntAlu : 
5569000: system.cpu: T0 : 0x107c4    : ld a5, -24(s0)             : MemRead :  D=0x000000000007196c A=0x7ffffffffffffdb8
5569500: system.cpu: T0 : 0x107c8    : c_lw a4, 0(a5)             : MemRead :  D=0xfffffffffffad4d8 A=0x7196c
5570500: system.cpu: T0 : 0x107ca    : ld a5, -24(s0)             : MemRead :  D=0x000000000007196c A=0x7ffffffffffffdb8
5571500: system.cpu: T0 : 0x107ce    : addi a5, a5, 224           : IntAlu :  D=0x0000000000071a4c
5572000: system.cpu: T0 : 0x107d2    : c_lw a5, 0(a5)             : MemRead :  D=0xfffffffffffc3989 A=0x71a4c
5572500: system.cpu: T0 : 0x107d4    : c_addw a5, a4              : IntAlu :  D=0xfffffffffff70e61
5573500: system.cpu: T0 : 0x107d6    : sw a5, -92(s0)             : MemWrite :  D=0x00000000fff70e61 A=0x7ffffffffffffd74
5574500: system.cpu: T0 : 0x107da    : ld a5, -24(s0)             : MemRead :  D=0x000000000007196c A=0x7ffffffffffffdb8
5575000: system.cpu: T0 : 0x107de    : c_lw a4, 0(a5)             : MemRead :  D=0xfffffffffffad4d8 A=0x7196c
5575500: system.cpu: T0 : 0x107e0    : ld a5, -24(s0)             : MemRead :  D=0x000000000007196c A=0x7ffffffffffffdb8
5576000: system.cpu: T0 : 0x107e4    : addi a5, a5, 224           : IntAlu :  D=0x0000000000071a4c
5576500: system.cpu: T0 : 0x107e8    : c_lw a5, 0(a5)             : MemRead :  D=0xfffffffffffc3989 A=0x71a4c
5577500: system.cpu: T0 : 0x107ea    : subw a5, a4, a5            : IntAlu :  D=0xfffffffffffe9b4f
5578500: system.cpu: T0 : 0x107ee    : sw a5, -88(s0)             : MemWrite :  D=0x00000000fffe9b4f A=0x7ffffffffffffd78
5579500: system.cpu: T0 : 0x107f2    : ld a5, -24(s0)             : MemRead :  D=0x000000000007196c A=0x7ffffffffffffdb8
5580500: system.cpu: T0 : 0x107f6    : addi a5, a5, 32            : IntAlu :  D=0x000000000007198c
5581000: system.cpu: T0 : 0x107fa    : c_lw a4, 0(a5)             : MemRead :  D=0x000000000002d504 A=0x7198c
5581500: system.cpu: T0 : 0x107fc    : ld a5, -24(s0)             : MemRead :  D=0x000000000007196c A=0x7ffffffffffffdb8
5582000: system.cpu: T0 : 0x10800    : addi a5, a5, 192           : IntAlu :  D=0x0000000000071a2c
5582500: system.cpu: T0 : 0x10804    : c_lw a5, 0(a5)             : MemRead :  D=0x000000000001ca4c A=0x71a2c
5583000: system.cpu: T0 : 0x10806    : c_addw a5, a4              : IntAlu :  D=0x0000000000049f50
5583500: system.cpu: T0 : 0x10808    : sw a5, -84(s0)             : MemWrite :  D=0x0000000000049f50 A=0x7ffffffffffffd7c
5584000: system.cpu: T0 : 0x1080c    : ld a5, -24(s0)             : MemRead :  D=0x000000000007196c A=0x7ffffffffffffdb8
5584500: system.cpu: T0 : 0x10810    : addi a5, a5, 32            : IntAlu :  D=0x000000000007198c
5585000: system.cpu: T0 : 0x10814    : c_lw a4, 0(a5)             : MemRead :  D=0x000000000002d504 A=0x7198c
5586000: system.cpu: T0 : 0x10816    : ld a5, -24(s0)             : MemRead :  D=0x000000000007196c A=0x7ffffffffffffdb8
5587000: system.cpu: T0 : 0x1081a    : addi a5, a5, 192           : IntAlu :  D=0x0000000000071a2c
5587500: system.cpu: T0 : 0x1081e    : c_lw a5, 0(a5)             : MemRead :  D=0x000000000001ca4c A=0x71a2c
5588000: system.cpu: T0 : 0x10820    : subw a5, a4, a5            : IntAlu :  D=0x0000000000010ab8
5588500: system.cpu: T0 : 0x10824    : sw a5, -80(s0)             : MemWrite :  D=0x0000000000010ab8 A=0x7ffffffffffffd80
5589000: system.cpu: T0 : 0x10828    : ld a5, -24(s0)             : MemRead :  D=0x000000000007196c A=0x7ffffffffffffdb8
5589500: system.cpu: T0 : 0x1082c    : addi a5, a5, 64            : IntAlu :  D=0x00000000000719ac
5590000: system.cpu: T0 : 0x10830    : c_lw a4, 0(a5)             : MemRead :  D=0x0000000000012a18 A=0x719ac
5591000: system.cpu: T0 : 0x10832    : ld a5, -24(s0)             : MemRead :  D=0x000000000007196c A=0x7ffffffffffffdb8
5592000: system.cpu: T0 : 0x10836    : addi a5, a5, 160           : IntAlu :  D=0x0000000000071a0c
5592500: system.cpu: T0 : 0x1083a    : c_lw a5, 0(a5)             : MemRead :  D=0xfffffffffffb2e57 A=0x71a0c
5593000: system.cpu: T0 : 0x1083c    : c_addw a5, a4              : IntAlu :  D=0xfffffffffffc586f
5594000: system.cpu: T0 : 0x1083e    : sw a5, -76(s0)             : MemWrite :  D=0x00000000fffc586f A=0x7ffffffffffffd84
5595000: system.cpu: T0 : 0x10842    : ld a5, -24(s0)             : MemRead :  D=0x000000000007196c A=0x7ffffffffffffdb8
5596000: system.cpu: T0 : 0x10846    : addi a5, a5, 64            : IntAlu :  D=0x00000000000719ac
5596500: system.cpu: T0 : 0x1084a    : c_lw a4, 0(a5)             : MemRead :  D=0x0000000000012a18 A=0x719ac
5597000: system.cpu: T0 : 0x1084c    : ld a5, -24(s0)             : MemRead :  D=0x000000000007196c A=0x7ffffffffffffdb8
5597500: system.cpu: T0 : 0x10850    : addi a5, a5, 160           : IntAlu :  D=0x0000000000071a0c
5598000: system.cpu: T0 : 0x10854    : c_lw a5, 0(a5)             : MemRead :  D=0xfffffffffffb2e57 A=0x71a0c
5599000: system.cpu: T0 : 0x10856    : subw a5, a4, a5            : IntAlu :  D=0x000000000005fbc1
5600000: system.cpu: T0 : 0x1085a    : sw a5, -72(s0)             : MemWrite :  D=0x000000000005fbc1 A=0x7ffffffffffffd88
5601000: system.cpu: T0 : 0x1085e    : ld a5, -24(s0)             : MemRead :  D=0x000000000007196c A=0x7ffffffffffffdb8
5602000: system.cpu: T0 : 0x10862    : addi a5, a5, 96            : IntAlu :  D=0x00000000000719cc
5602500: system.cpu: T0 : 0x10866    : c_lw a4, 0(a5)             : MemRead :  D=0xfffffffffffeb2e1 A=0x719cc
5603000: system.cpu: T0 : 0x10868    : ld a5, -24(s0)             : MemRead :  D=0x000000000007196c A=0x7ffffffffffffdb8
5603500: system.cpu: T0 : 0x1086c    : addi a5, a5, 128           : IntAlu :  D=0x00000000000719ec
5604000: system.cpu: T0 : 0x10870    : c_lw a5, 0(a5)             : MemRead :  D=0x000000000003841c A=0x719ec
5604500: system.cpu: T0 : 0x10872    : c_addw a5, a4              : IntAlu :  D=0x00000000000236fd
5605000: system.cpu: T0 : 0x10874    : sw a5, -68(s0)             : MemWrite :  D=0x00000000000236fd A=0x7ffffffffffffd8c
5605500: system.cpu: T0 : 0x10878    : ld a5, -24(s0)             : MemRead :  D=0x000000000007196c A=0x7ffffffffffffdb8
5606000: system.cpu: T0 : 0x1087c    : addi a5, a5, 96            : IntAlu :  D=0x00000000000719cc
5606500: system.cpu: T0 : 0x10880    : c_lw a4, 0(a5)             : MemRead :  D=0xfffffffffffeb2e1 A=0x719cc
5607500: system.cpu: T0 : 0x10882    : ld a5, -24(s0)             : MemRead :  D=0x000000000007196c A=0x7ffffffffffffdb8
5608500: system.cpu: T0 : 0x10886    : addi a5, a5, 128           : IntAlu :  D=0x00000000000719ec
5609000: system.cpu: T0 : 0x1088a    : c_lw a5, 0(a5)             : MemRead :  D=0x000000000003841c A=0x719ec
5609500: system.cpu: T0 : 0x1088c    : subw a5, a4, a5            : IntAlu :  D=0xfffffffffffb2ec5
5610000: system.cpu: T0 : 0x10890    : sw a5, -64(s0)             : MemWrite :  D=0x00000000fffb2ec5 A=0x7ffffffffffffd90
5610500: system.cpu: T0 : 0x10894    : lw a4, -92(s0)             : MemRead :  D=0xfffffffffff70e61 A=0x7ffffffffffffd74
5611000: system.cpu: T0 : 0x10898    : lw a5, -68(s0)             : MemRead :  D=0x00000000000236fd A=0x7ffffffffffffd8c
5611500: system.cpu: T0 : 0x1089c    : c_addw a5, a4              : IntAlu :  D=0xfffffffffff9455e
5612500: system.cpu: T0 : 0x1089e    : sw a5, -60(s0)             : MemWrite :  D=0x00000000fff9455e A=0x7ffffffffffffd94
5613500: system.cpu: T0 : 0x108a2    : lw a4, -92(s0)             : MemRead :  D=0xfffffffffff70e61 A=0x7ffffffffffffd74
5614500: system.cpu: T0 : 0x108a6    : lw a5, -68(s0)             : MemRead :  D=0x00000000000236fd A=0x7ffffffffffffd8c
5615500: system.cpu: T0 : 0x108aa    : subw a5, a4, a5            : IntAlu :  D=0xfffffffffff4d764
5616500: system.cpu: T0 : 0x108ae    : sw a5, -56(s0)             : MemWrite :  D=0x00000000fff4d764 A=0x7ffffffffffffd98
5617500: system.cpu: T0 : 0x108b2    : lw a4, -84(s0)             : MemRead :  D=0x0000000000049f50 A=0x7ffffffffffffd7c
5618500: system.cpu: T0 : 0x108b6    : lw a5, -76(s0)             : MemRead :  D=0xfffffffffffc586f A=0x7ffffffffffffd84
5619000: system.cpu: T0 : 0x108ba    : c_addw a5, a4              : IntAlu :  D=0x000000000000f7bf
5619500: system.cpu: T0 : 0x108bc    : sw a5, -52(s0)             : MemWrite :  D=0x000000000000f7bf A=0x7ffffffffffffd9c
5620000: system.cpu: T0 : 0x108c0    : lw a4, -84(s0)             : MemRead :  D=0x0000000000049f50 A=0x7ffffffffffffd7c
5620500: system.cpu: T0 : 0x108c4    : lw a5, -76(s0)             : MemRead :  D=0xfffffffffffc586f A=0x7ffffffffffffd84
5621000: system.cpu: T0 : 0x108c8    : subw a5, a4, a5            : IntAlu :  D=0x00000000000846e1
5621500: system.cpu: T0 : 0x108cc    : sw a5, -48(s0)             : MemWrite :  D=0x00000000000846e1 A=0x7ffffffffffffda0
5622000: system.cpu: T0 : 0x108d0    : lw a4, -60(s0)             : MemRead :  D=0xfffffffffff9455e A=0x7ffffffffffffd94
5622500: system.cpu: T0 : 0x108d4    : lw a5, -52(s0)             : MemRead :  D=0x000000000000f7bf A=0x7ffffffffffffd9c
5623000: system.cpu: T0 : 0x108d8    : c_addw a5, a4              : IntAlu :  D=0xfffffffffffa3d1d
5623500: system.cpu: T0 : 0x108da    : c_addiw a5, 0              : IntAlu :  D=0xfffffffffffa3d1d
5624000: system.cpu: T0 : 0x108dc    : c_addiw a5, 2              : IntAlu :  D=0xfffffffffffa3d1f
5624500: system.cpu: T0 : 0x108de    : c_addiw a5, 0              : IntAlu :  D=0xfffffffffffa3d1f
5625000: system.cpu: T0 : 0x108e0    : sraiw a5, a5, 2            : IntAlu :  D=0xfffffffffffe8f47
5625500: system.cpu: T0 : 0x108e4    : addiw a4, a5, 0            : IntAlu :  D=0xfffffffffffe8f47
5626000: system.cpu: T0 : 0x108e8    : ld a5, -24(s0)             : MemRead :  D=0x000000000007196c A=0x7ffffffffffffdb8
5626500: system.cpu: T0 : 0x108ec    : c_sw a4, 0(a5)             : MemWrite :  D=0x00000000fffe8f47 A=0x7196c
5627500: system.cpu: T0 : 0x108ee    : lw a4, -60(s0)             : MemRead :  D=0xfffffffffff9455e A=0x7ffffffffffffd94
5628500: system.cpu: T0 : 0x108f2    : lw a5, -52(s0)             : MemRead :  D=0x000000000000f7bf A=0x7ffffffffffffd9c
5629500: system.cpu: T0 : 0x108f6    : subw a5, a4, a5            : IntAlu :  D=0xfffffffffff84d9f
5630000: system.cpu: T0 : 0x108fa    : c_addiw a5, 0              : IntAlu :  D=0xfffffffffff84d9f
5630500: system.cpu: T0 : 0x108fc    : c_addiw a5, 2              : IntAlu :  D=0xfffffffffff84da1
5631500: system.cpu: T0 : 0x108fe    : addiw a4, a5, 0            : IntAlu :  D=0xfffffffffff84da1
5632500: system.cpu: T0 : 0x10902    : ld a5, -24(s0)             : MemRead :  D=0x000000000007196c A=0x7ffffffffffffdb8
5633500: system.cpu: T0 : 0x10906    : addi a5, a5, 128           : IntAlu :  D=0x00000000000719ec
5634500: system.cpu: T0 : 0x1090a    : sraiw a4, a4, 2            : IntAlu :  D=0xfffffffffffe1368
5635000: system.cpu: T0 : 0x1090e    : c_addiw a4, 0              : IntAlu :  D=0xfffffffffffe1368
5635500: system.cpu: T0 : 0x10910    : c_sw a4, 0(a5)             : MemWrite :  D=0x00000000fffe1368 A=0x719ec
5636500: system.cpu: T0 : 0x10912    : lw a4, -48(s0)             : MemRead :  D=0x00000000000846e1 A=0x7ffffffffffffda0
5637500: system.cpu: T0 : 0x10916    : lw a5, -56(s0)             : MemRead :  D=0xfffffffffff4d764 A=0x7ffffffffffffd98
5638000: system.cpu: T0 : 0x1091a    : c_addw a5, a4              : IntAlu :  D=0xfffffffffffd1e45
5638500: system.cpu: T0 : 0x1091c    : addiw a4, a5, 0            : IntAlu :  D=0xfffffffffffd1e45
5639000: system.cpu: T0 : 0x10920    : c_lui a5, 1                : IntAlu :  D=0x0000000000001000
5640000: system.cpu: T0 : 0x10922    : addiw a5, a5, 337          : IntAlu :  D=0x0000000000001151
5641000: system.cpu: T0 : 0x10926    : mulw a5, a4, a5            : IntMult :  D=0xffffffffce1928d5
5642000: system.cpu: T0 : 0x1092a    : sw a5, -44(s0)             : MemWrite :  D=0x00000000ce1928d5 A=0x7ffffffffffffda4
5643000: system.cpu: T0 : 0x1092e    : lw a4, -56(s0)             : MemRead :  D=0xfffffffffff4d764 A=0x7ffffffffffffd98
5643500: system.cpu: T0 : 0x10932    : c_lui a5, 2                : IntAlu :  D=0x0000000000002000
5644000: system.cpu: T0 : 0x10934    : addiw a5, a5, -1922        : IntAlu :  D=0x000000000000187e
5644500: system.cpu: T0 : 0x10938    : mulw a5, a4, a5            : IntMult :  D=0xffffffffeeb36338
5645000: system.cpu: T0 : 0x1093c    : c_addiw a5, 0              : IntAlu :  D=0xffffffffeeb36338
5646000: system.cpu: T0 : 0x1093e    : lw a4, -44(s0)             : MemRead :  D=0xffffffffce1928d5 A=0x7ffffffffffffda4
5646500: system.cpu: T0 : 0x10942    : c_addw a5, a4              : IntAlu :  D=0xffffffffbccc8c0d
5647000: system.cpu: T0 : 0x10944    : addiw a4, a5, 0            : IntAlu :  D=0xffffffffbccc8c0d
5647500: system.cpu: T0 : 0x10948    : c_lui a5, 4                : IntAlu :  D=0x0000000000004000
5648000: system.cpu: T0 : 0x1094a    : c_addw a5, a4              : IntAlu :  D=0xffffffffbccccc0d
5648500: system.cpu: T0 : 0x1094c    : addiw a4, a5, 0            : IntAlu :  D=0xffffffffbccccc0d
5649000: system.cpu: T0 : 0x10950    : ld a5, -24(s0)             : MemRead :  D=0x000000000007196c A=0x7ffffffffffffdb8
5649500: system.cpu: T0 : 0x10954    : addi a5, a5, 64            : IntAlu :  D=0x00000000000719ac
5650000: system.cpu: T0 : 0x10958    : sraiw a4, a4, 15           : IntAlu :  D=0xffffffffffff7999
5650500: system.cpu: T0 : 0x1095c    : c_addiw a4, 0              : IntAlu :  D=0xffffffffffff7999
5651000: system.cpu: T0 : 0x1095e    : c_sw a4, 0(a5)             : MemWrite :  D=0x00000000ffff7999 A=0x719ac
5651500: system.cpu: T0 : 0x10960    : lw a4, -48(s0)             : MemRead :  D=0x00000000000846e1 A=0x7ffffffffffffda0
5652000: system.cpu: T0 : 0x10964    : c_lui a5, 1048572          : IntAlu :  D=0xffffffffffffc000
5653000: system.cpu: T0 : 0x10966    : addiw a5, a5, 1247         : IntAlu :  D=0xffffffffffffc4df
5654000: system.cpu: T0 : 0x1096a    : mulw a5, a4, a5            : IntMult :  D=0x00000000169901ff
5654500: system.cpu: T0 : 0x1096e    : c_addiw a5, 0              : IntAlu :  D=0x00000000169901ff
5655000: system.cpu: T0 : 0x10970    : lw a4, -44(s0)             : MemRead :  D=0xffffffffce1928d5 A=0x7ffffffffffffda4
5655500: system.cpu: T0 : 0x10974    : c_addw a5, a4              : IntAlu :  D=0xffffffffe4b22ad4
5656500: system.cpu: T0 : 0x10976    : addiw a4, a5, 0            : IntAlu :  D=0xffffffffe4b22ad4
5657000: system.cpu: T0 : 0x1097a    : c_lui a5, 4                : IntAlu :  D=0x0000000000004000
5657500: system.cpu: T0 : 0x1097c    : c_addw a5, a4              : IntAlu :  D=0xffffffffe4b26ad4
5658500: system.cpu: T0 : 0x1097e    : addiw a4, a5, 0            : IntAlu :  D=0xffffffffe4b26ad4
5659500: system.cpu: T0 : 0x10982    : ld a5, -24(s0)             : MemRead :  D=0x000000000007196c A=0x7ffffffffffffdb8
5660500: system.cpu: T0 : 0x10986    : addi a5, a5, 192           : IntAlu :  D=0x0000000000071a2c
5661500: system.cpu: T0 : 0x1098a    : sraiw a4, a4, 15           : IntAlu :  D=0xffffffffffffc964
5662000: system.cpu: T0 : 0x1098e    : c_addiw a4, 0              : IntAlu :  D=0xffffffffffffc964
5662500: system.cpu: T0 : 0x10990    : c_sw a4, 0(a5)             : MemWrite :  D=0x00000000ffffc964 A=0x71a2c
5663500: system.cpu: T0 : 0x10992    : lw a4, -64(s0)             : MemRead :  D=0xfffffffffffb2ec5 A=0x7ffffffffffffd90
5664500: system.cpu: T0 : 0x10996    : lw a5, -88(s0)             : MemRead :  D=0xfffffffffffe9b4f A=0x7ffffffffffffd78
5665000: system.cpu: T0 : 0x1099a    : c_addw a5, a4              : IntAlu :  D=0xfffffffffff9ca14
5665500: system.cpu: T0 : 0x1099c    : sw a5, -44(s0)             : MemWrite :  D=0x00000000fff9ca14 A=0x7ffffffffffffda4
5666000: system.cpu: T0 : 0x109a0    : lw a4, -72(s0)             : MemRead :  D=0x000000000005fbc1 A=0x7ffffffffffffd88
5666500: system.cpu: T0 : 0x109a4    : lw a5, -80(s0)             : MemRead :  D=0x0000000000010ab8 A=0x7ffffffffffffd80
5667000: system.cpu: T0 : 0x109a8    : c_addw a5, a4              : IntAlu :  D=0x0000000000070679
5668000: system.cpu: T0 : 0x109aa    : sw a5, -40(s0)             : MemWrite :  D=0x0000000000070679 A=0x7ffffffffffffda8
5669000: system.cpu: T0 : 0x109ae    : lw a4, -64(s0)             : MemRead :  D=0xfffffffffffb2ec5 A=0x7ffffffffffffd90
5670000: system.cpu: T0 : 0x109b2    : lw a5, -80(s0)             : MemRead :  D=0x0000000000010ab8 A=0x7ffffffffffffd80
5670500: system.cpu: T0 : 0x109b6    : c_addw a5, a4              : IntAlu :  D=0xfffffffffffc397d
5671000: system.cpu: T0 : 0x109b8    : sw a5, -36(s0)             : MemWrite :  D=0x00000000fffc397d A=0x7ffffffffffffdac
5671500: system.cpu: T0 : 0x109bc    : lw a4, -72(s0)             : MemRead :  D=0x000000000005fbc1 A=0x7ffffffffffffd88
5672000: system.cpu: T0 : 0x109c0    : lw a5, -88(s0)             : MemRead :  D=0xfffffffffffe9b4f A=0x7ffffffffffffd78
5672500: system.cpu: T0 : 0x109c4    : c_addw a5, a4              : IntAlu :  D=0x0000000000049710
5673500: system.cpu: T0 : 0x109c6    : sw a5, -32(s0)             : MemWrite :  D=0x0000000000049710 A=0x7ffffffffffffdb0
5674500: system.cpu: T0 : 0x109ca    : lw a4, -36(s0)             : MemRead :  D=0xfffffffffffc397d A=0x7ffffffffffffdac
5675500: system.cpu: T0 : 0x109ce    : lw a5, -32(s0)             : MemRead :  D=0x0000000000049710 A=0x7ffffffffffffdb0
5676000: system.cpu: T0 : 0x109d2    : c_addw a5, a4              : IntAlu :  D=0x000000000000d08d
5676500: system.cpu: T0 : 0x109d4    : addiw a4, a5, 0            : IntAlu :  D=0x000000000000d08d
5677000: system.cpu: T0 : 0x109d8    : c_lui a5, 2                : IntAlu :  D=0x0000000000002000
5678000: system.cpu: T0 : 0x109da    : addiw a5, a5, 1441         : IntAlu :  D=0x00000000000025a1
5679000: system.cpu: T0 : 0x109de    : mulw a5, a4, a5            : IntMult :  D=0x000000001ea789ad
5680000: system.cpu: T0 : 0x109e2    : sw a5, -28(s0)             : MemWrite :  D=0x000000001ea789ad A=0x7ffffffffffffdb4
5681000: system.cpu: T0 : 0x109e6    : lw a4, -64(s0)             : MemRead :  D=0xfffffffffffb2ec5 A=0x7ffffffffffffd90
5681500: system.cpu: T0 : 0x109ea    : c_lui a5, 1                : IntAlu :  D=0x0000000000001000
5682000: system.cpu: T0 : 0x109ec    : addiw a5, a5, -1650        : IntAlu :  D=0x000000000000098e
5682500: system.cpu: T0 : 0x109f0    : mulw a5, a4, a5            : IntMult :  D=0xffffffffd1f8de46
5683000: system.cpu: T0 : 0x109f4    : sw a5, -64(s0)             : MemWrite :  D=0x00000000d1f8de46 A=0x7ffffffffffffd90
5683500: system.cpu: T0 : 0x109f8    : lw a4, -72(s0)             : MemRead :  D=0x000000000005fbc1 A=0x7ffffffffffffd88
5684000: system.cpu: T0 : 0x109fc    : c_lui a5, 4                : IntAlu :  D=0x0000000000004000
5685000: system.cpu: T0 : 0x109fe    : addiw a5, a5, 435          : IntAlu :  D=0x00000000000041b3
5686000: system.cpu: T0 : 0x10a02    : mulw a5, a4, a5            : IntMult :  D=0xffffffff891b08f3
5687000: system.cpu: T0 : 0x10a06    : sw a5, -72(s0)             : MemWrite :  D=0x00000000891b08f3 A=0x7ffffffffffffd88
5688000: system.cpu: T0 : 0x10a0a    : lw a4, -80(s0)             : MemRead :  D=0x0000000000010ab8 A=0x7ffffffffffffd80
5688500: system.cpu: T0 : 0x10a0e    : c_lui a5, 6                : IntAlu :  D=0x0000000000006000
5689000: system.cpu: T0 : 0x10a10    : addiw a5, a5, 596          : IntAlu :  D=0x0000000000006254
5689500: system.cpu: T0 : 0x10a14    : mulw a5, a4, a5            : IntMult :  D=0x000000006671f460
5690000: system.cpu: T0 : 0x10a18    : sw a5, -80(s0)             : MemWrite :  D=0x000000006671f460 A=0x7ffffffffffffd80
5690500: system.cpu: T0 : 0x10a1c    : lw a4, -88(s0)             : MemRead :  D=0xfffffffffffe9b4f A=0x7ffffffffffffd78
5691000: system.cpu: T0 : 0x10a20    : c_lui a5, 3                : IntAlu :  D=0x0000000000003000
5691500: system.cpu: T0 : 0x10a22    : c_addiw a5, 11             : IntAlu :  D=0x000000000000300b
5692000: system.cpu: T0 : 0x10a24    : mulw a5, a4, a5            : IntMult :  D=0xffffffffbd0f7c65
5692500: system.cpu: T0 : 0x10a28    : sw a5, -88(s0)             : MemWrite :  D=0x00000000bd0f7c65 A=0x7ffffffffffffd78
5693000: system.cpu: T0 : 0x10a2c    : lw a4, -44(s0)             : MemRead :  D=0xfffffffffff9ca14 A=0x7ffffffffffffda4
5693500: system.cpu: T0 : 0x10a30    : c_lui a5, 1048574          : IntAlu :  D=0xffffffffffffe000
5694500: system.cpu: T0 : 0x10a32    : addiw a5, a5, 819          : IntAlu :  D=0xffffffffffffe333
5695500: system.cpu: T0 : 0x10a36    : mulw a5, a4, a5            : IntMult :  D=0xffffffffb2defdfc
5696500: system.cpu: T0 : 0x10a3a    : sw a5, -44(s0)             : MemWrite :  D=0x00000000b2defdfc A=0x7ffffffffffffda4
5697500: system.cpu: T0 : 0x10a3e    : lw a4, -40(s0)             : MemRead :  D=0x0000000000070679 A=0x7ffffffffffffda8
5698000: system.cpu: T0 : 0x10a42    : c_lui a5, 1048571          : IntAlu :  D=0xffffffffffffb000
5698500: system.cpu: T0 : 0x10a44    : addiw a5, a5, -515         : IntAlu :  D=0xffffffffffffadfd
5699000: system.cpu: T0 : 0x10a48    : mulw a5, a4, a5            : IntMult :  D=0xffffffffbfd82a95
5699500: system.cpu: T0 : 0x10a4c    : sw a5, -40(s0)             : MemWrite :  D=0x00000000bfd82a95 A=0x7ffffffffffffda8
5700000: system.cpu: T0 : 0x10a50    : lw a4, -36(s0)             : MemRead :  D=0xfffffffffffc397d A=0x7ffffffffffffdac
5700500: system.cpu: T0 : 0x10a54    : c_lui a5, 1048572          : IntAlu :  D=0xffffffffffffc000
5701500: system.cpu: T0 : 0x10a56    : addiw a5, a5, 315          : IntAlu :  D=0xffffffffffffc13b
5702500: system.cpu: T0 : 0x10a5a    : mulw a5, a4, a5            : IntMult :  D=0xffffffffecfb7ccf
5703500: system.cpu: T0 : 0x10a5e    : sw a5, -36(s0)             : MemWrite :  D=0x00000000ecfb7ccf A=0x7ffffffffffffdac
5704500: system.cpu: T0 : 0x10a62    : lw a4, -32(s0)             : MemRead :  D=0x0000000000049710 A=0x7ffffffffffffdb0
5705000: system.cpu: T0 : 0x10a66    : c_lui a5, 1048575          : IntAlu :  D=0xfffffffffffff000
5705500: system.cpu: T0 : 0x10a68    : addiw a5, a5, 900          : IntAlu :  D=0xfffffffffffff384
5706000: system.cpu: T0 : 0x10a6c    : mulw a5, a4, a5            : IntMult :  D=0xffffffffc6b21440
5706500: system.cpu: T0 : 0x10a70    : sw a5, -32(s0)             : MemWrite :  D=0x00000000c6b21440 A=0x7ffffffffffffdb0
5707000: system.cpu: T0 : 0x10a74    : lw a4, -36(s0)             : MemRead :  D=0xffffffffecfb7ccf A=0x7ffffffffffffdac
5707500: system.cpu: T0 : 0x10a78    : lw a5, -28(s0)             : MemRead :  D=0x000000001ea789ad A=0x7ffffffffffffdb4
5708000: system.cpu: T0 : 0x10a7c    : c_addw a5, a4              : IntAlu :  D=0x000000000ba3067c
5709000: system.cpu: T0 : 0x10a7e    : sw a5, -36(s0)             : MemWrite :  D=0x000000000ba3067c A=0x7ffffffffffffdac
5710000: system.cpu: T0 : 0x10a82    : lw a4, -32(s0)             : MemRead :  D=0xffffffffc6b21440 A=0x7ffffffffffffdb0
5711000: system.cpu: T0 : 0x10a86    : lw a5, -28(s0)             : MemRead :  D=0x000000001ea789ad A=0x7ffffffffffffdb4
5711500: system.cpu: T0 : 0x10a8a    : c_addw a5, a4              : IntAlu :  D=0xffffffffe5599ded
5712000: system.cpu: T0 : 0x10a8c    : sw a5, -32(s0)             : MemWrite :  D=0x00000000e5599ded A=0x7ffffffffffffdb0
5712500: system.cpu: T0 : 0x10a90    : lw a4, -64(s0)             : MemRead :  D=0xffffffffd1f8de46 A=0x7ffffffffffffd90
5713000: system.cpu: T0 : 0x10a94    : lw a5, -44(s0)             : MemRead :  D=0xffffffffb2defdfc A=0x7ffffffffffffda4
5713500: system.cpu: T0 : 0x10a98    : c_addw a5, a4              : IntAlu :  D=0xffffffff84d7dc42
5714000: system.cpu: T0 : 0x10a9a    : c_addiw a5, 0              : IntAlu :  D=0xffffffff84d7dc42
5714500: system.cpu: T0 : 0x10a9c    : lw a4, -36(s0)             : MemRead :  D=0x000000000ba3067c A=0x7ffffffffffffdac
5715000: system.cpu: T0 : 0x10aa0    : c_addw a5, a4              : IntAlu :  D=0xffffffff907ae2be
5716000: system.cpu: T0 : 0x10aa2    : addiw a4, a5, 0            : IntAlu :  D=0xffffffff907ae2be
5716500: system.cpu: T0 : 0x10aa6    : c_lui a5, 4                : IntAlu :  D=0x0000000000004000
5717000: system.cpu: T0 : 0x10aa8    : c_addw a5, a4              : IntAlu :  D=0xffffffff907b22be
5718000: system.cpu: T0 : 0x10aaa    : addiw a4, a5, 0            : IntAlu :  D=0xffffffff907b22be
5719000: system.cpu: T0 : 0x10aae    : ld a5, -24(s0)             : MemRead :  D=0x000000000007196c A=0x7ffffffffffffdb8
5720000: system.cpu: T0 : 0x10ab2    : addi a5, a5, 224           : IntAlu :  D=0x0000000000071a4c
5721000: system.cpu: T0 : 0x10ab6    : sraiw a4, a4, 15           : IntAlu :  D=0xffffffffffff20f6
5721500: system.cpu: T0 : 0x10aba    : c_addiw a4, 0              : IntAlu :  D=0xffffffffffff20f6
5722000: system.cpu: T0 : 0x10abc    : c_sw a4, 0(a5)             : MemWrite :  D=0x00000000ffff20f6 A=0x71a4c
5723000: system.cpu: T0 : 0x10abe    : lw a4, -72(s0)             : MemRead :  D=0xffffffff891b08f3 A=0x7ffffffffffffd88
5724000: system.cpu: T0 : 0x10ac2    : lw a5, -40(s0)             : MemRead :  D=0xffffffffbfd82a95 A=0x7ffffffffffffda8
5724500: system.cpu: T0 : 0x10ac6    : c_addw a5, a4              : IntAlu :  D=0x0000000048f33388
5725000: system.cpu: T0 : 0x10ac8    : c_addiw a5, 0              : IntAlu :  D=0x0000000048f33388
5726000: system.cpu: T0 : 0x10aca    : lw a4, -32(s0)             : MemRead :  D=0xffffffffe5599ded A=0x7ffffffffffffdb0
5726500: system.cpu: T0 : 0x10ace    : c_addw a5, a4              : IntAlu :  D=0x000000002e4cd175
5727000: system.cpu: T0 : 0x10ad0    : addiw a4, a5, 0            : IntAlu :  D=0x000000002e4cd175
5727500: system.cpu: T0 : 0x10ad4    : c_lui a5, 4                : IntAlu :  D=0x0000000000004000
5728000: system.cpu: T0 : 0x10ad6    : c_addw a5, a4              : IntAlu :  D=0x000000002e4d1175
5728500: system.cpu: T0 : 0x10ad8    : addiw a4, a5, 0            : IntAlu :  D=0x000000002e4d1175
5729000: system.cpu: T0 : 0x10adc    : ld a5, -24(s0)             : MemRead :  D=0x000000000007196c A=0x7ffffffffffffdb8
5729500: system.cpu: T0 : 0x10ae0    : addi a5, a5, 160           : IntAlu :  D=0x0000000000071a0c
5730000: system.cpu: T0 : 0x10ae4    : sraiw a4, a4, 15           : IntAlu :  D=0x0000000000005c9a
5730500: system.cpu: T0 : 0x10ae8    : c_addiw a4, 0              : IntAlu :  D=0x0000000000005c9a
5731000: system.cpu: T0 : 0x10aea    : c_sw a4, 0(a5)             : MemWrite :  D=0x0000000000005c9a A=0x71a0c
5731500: system.cpu: T0 : 0x10aec    : lw a4, -80(s0)             : MemRead :  D=0x000000006671f460 A=0x7ffffffffffffd80
5732000: system.cpu: T0 : 0x10af0    : lw a5, -40(s0)             : MemRead :  D=0xffffffffbfd82a95 A=0x7ffffffffffffda8
5732500: system.cpu: T0 : 0x10af4    : c_addw a5, a4              : IntAlu :  D=0x00000000264a1ef5
5733000: system.cpu: T0 : 0x10af6    : c_addiw a5, 0              : IntAlu :  D=0x00000000264a1ef5
5733500: system.cpu: T0 : 0x10af8    : lw a4, -36(s0)             : MemRead :  D=0x000000000ba3067c A=0x7ffffffffffffdac
5734000: system.cpu: T0 : 0x10afc    : c_addw a5, a4              : IntAlu :  D=0x0000000031ed2571
5735000: system.cpu: T0 : 0x10afe    : addiw a4, a5, 0            : IntAlu :  D=0x0000000031ed2571
5735500: system.cpu: T0 : 0x10b02    : c_lui a5, 4                : IntAlu :  D=0x0000000000004000
5736000: system.cpu: T0 : 0x10b04    : c_addw a5, a4              : IntAlu :  D=0x0000000031ed6571
5737000: system.cpu: T0 : 0x10b06    : addiw a4, a5, 0            : IntAlu :  D=0x0000000031ed6571
5738000: system.cpu: T0 : 0x10b0a    : ld a5, -24(s0)             : MemRead :  D=0x000000000007196c A=0x7ffffffffffffdb8
5739000: system.cpu: T0 : 0x10b0e    : addi a5, a5, 96            : IntAlu :  D=0x00000000000719cc
5740000: system.cpu: T0 : 0x10b12    : sraiw a4, a4, 15           : IntAlu :  D=0x00000000000063da
5740500: system.cpu: T0 : 0x10b16    : c_addiw a4, 0              : IntAlu :  D=0x00000000000063da
5741000: system.cpu: T0 : 0x10b18    : c_sw a4, 0(a5)             : MemWrite :  D=0x00000000000063da A=0x719cc
5742000: system.cpu: T0 : 0x10b1a    : lw a4, -88(s0)             : MemRead :  D=0xffffffffbd0f7c65 A=0x7ffffffffffffd78
5743000: system.cpu: T0 : 0x10b1e    : lw a5, -44(s0)             : MemRead :  D=0xffffffffb2defdfc A=0x7ffffffffffffda4
5743500: system.cpu: T0 : 0x10b22    : c_addw a5, a4              : IntAlu :  D=0x000000006fee7a61
5744000: system.cpu: T0 : 0x10b24    : c_addiw a5, 0              : IntAlu :  D=0x000000006fee7a61
5745000: system.cpu: T0 : 0x10b26    : lw a4, -32(s0)             : MemRead :  D=0xffffffffe5599ded A=0x7ffffffffffffdb0
5745500: system.cpu: T0 : 0x10b2a    : c_addw a5, a4              : IntAlu :  D=0x000000005548184e
5746000: system.cpu: T0 : 0x10b2c    : addiw a4, a5, 0            : IntAlu :  D=0x000000005548184e
5746500: system.cpu: T0 : 0x10b30    : c_lui a5, 4                : IntAlu :  D=0x0000000000004000
5747000: system.cpu: T0 : 0x10b32    : c_addw a5, a4              : IntAlu :  D=0x000000005548584e
5747500: system.cpu: T0 : 0x10b34    : addiw a4, a5, 0            : IntAlu :  D=0x000000005548584e
5748000: system.cpu: T0 : 0x10b38    : ld a5, -24(s0)             : MemRead :  D=0x000000000007196c A=0x7ffffffffffffdb8
5748500: system.cpu: T0 : 0x10b3c    : addi a5, a5, 32            : IntAlu :  D=0x000000000007198c
5749000: system.cpu: T0 : 0x10b40    : sraiw a4, a4, 15           : IntAlu :  D=0x000000000000aa90
5749500: system.cpu: T0 : 0x10b44    : c_addiw a4, 0              : IntAlu :  D=0x000000000000aa90
5750000: system.cpu: T0 : 0x10b46    : c_sw a4, 0(a5)             : MemWrite :  D=0x000000000000aa90 A=0x7198c
5750500: system.cpu: T0 : 0x10b48    : ld a5, -24(s0)             : MemRead :  D=0x000000000007196c A=0x7ffffffffffffdb8
5751000: system.cpu: T0 : 0x10b4c    : c_addi a5, 4               : IntAlu :  D=0x0000000000071970
5752000: system.cpu: T0 : 0x10b4e    : sd a5, -24(s0)             : MemWrite :  D=0x0000000000071970 A=0x7ffffffffffffdb8
5753000: system.cpu: T0 : 0x10b52    : lw a5, -96(s0)             : MemRead :  D=0x0000000000000004 A=0x7ffffffffffffd70
5753500: system.cpu: T0 : 0x10b56    : c_addiw a5, -1             : IntAlu :  D=0x0000000000000003
5754000: system.cpu: T0 : 0x10b58    : sw a5, -96(s0)             : MemWrite :  D=0x0000000000000003 A=0x7ffffffffffffd70
5754500: system.cpu: T0 : 0x10b5c    : lw a5, -96(s0)             : MemRead :  D=0x0000000000000003 A=0x7ffffffffffffd70
5755000: system.cpu: T0 : 0x10b60    : c_addiw a5, 0              : IntAlu :  D=0x0000000000000003
5756000: system.cpu: T0 : 0x10b62    : bge a5, zero, -926         : IntAlu : 
5756500: system.cpu: T0 : 0x107c4    : ld a5, -24(s0)             : MemRead :  D=0x0000000000071970 A=0x7ffffffffffffdb8
5757000: system.cpu: T0 : 0x107c8    : c_lw a4, 0(a5)             : MemRead :  D=0xfffffffffffac438 A=0x71970
5758000: system.cpu: T0 : 0x107ca    : ld a5, -24(s0)             : MemRead :  D=0x0000000000071970 A=0x7ffffffffffffdb8
5759000: system.cpu: T0 : 0x107ce    : addi a5, a5, 224           : IntAlu :  D=0x0000000000071a50
5759500: system.cpu: T0 : 0x107d2    : c_lw a5, 0(a5)             : MemRead :  D=0x000000000004ce9c A=0x71a50
5760000: system.cpu: T0 : 0x107d4    : c_addw a5, a4              : IntAlu :  D=0xffffffffffff92d4
5761000: system.cpu: T0 : 0x107d6    : sw a5, -92(s0)             : MemWrite :  D=0x00000000ffff92d4 A=0x7ffffffffffffd74
5762000: system.cpu: T0 : 0x107da    : ld a5, -24(s0)             : MemRead :  D=0x0000000000071970 A=0x7ffffffffffffdb8
5762500: system.cpu: T0 : 0x107de    : c_lw a4, 0(a5)             : MemRead :  D=0xfffffffffffac438 A=0x71970
5763000: system.cpu: T0 : 0x107e0    : ld a5, -24(s0)             : MemRead :  D=0x0000000000071970 A=0x7ffffffffffffdb8
5763500: system.cpu: T0 : 0x107e4    : addi a5, a5, 224           : IntAlu :  D=0x0000000000071a50
5764000: system.cpu: T0 : 0x107e8    : c_lw a5, 0(a5)             : MemRead :  D=0x000000000004ce9c A=0x71a50
5765000: system.cpu: T0 : 0x107ea    : subw a5, a4, a5            : IntAlu :  D=0xfffffffffff5f59c
5766000: system.cpu: T0 : 0x107ee    : sw a5, -88(s0)             : MemWrite :  D=0x00000000fff5f59c A=0x7ffffffffffffd78
5767000: system.cpu: T0 : 0x107f2    : ld a5, -24(s0)             : MemRead :  D=0x0000000000071970 A=0x7ffffffffffffdb8
5768000: system.cpu: T0 : 0x107f6    : addi a5, a5, 32            : IntAlu :  D=0x0000000000071990
5768500: system.cpu: T0 : 0x107fa    : c_lw a4, 0(a5)             : MemRead :  D=0x000000000001fd70 A=0x71990
5769000: system.cpu: T0 : 0x107fc    : ld a5, -24(s0)             : MemRead :  D=0x0000000000071970 A=0x7ffffffffffffdb8
5769500: system.cpu: T0 : 0x10800    : addi a5, a5, 192           : IntAlu :  D=0x0000000000071a30
5770000: system.cpu: T0 : 0x10804    : c_lw a5, 0(a5)             : MemRead :  D=0x0000000000009e58 A=0x71a30
5770500: system.cpu: T0 : 0x10806    : c_addw a5, a4              : IntAlu :  D=0x0000000000029bc8
5771000: system.cpu: T0 : 0x10808    : sw a5, -84(s0)             : MemWrite :  D=0x0000000000029bc8 A=0x7ffffffffffffd7c
5771500: system.cpu: T0 : 0x1080c    : ld a5, -24(s0)             : MemRead :  D=0x0000000000071970 A=0x7ffffffffffffdb8
5772000: system.cpu: T0 : 0x10810    : addi a5, a5, 32            : IntAlu :  D=0x0000000000071990
5772500: system.cpu: T0 : 0x10814    : c_lw a4, 0(a5)             : MemRead :  D=0x000000000001fd70 A=0x71990
5773500: system.cpu: T0 : 0x10816    : ld a5, -24(s0)             : MemRead :  D=0x0000000000071970 A=0x7ffffffffffffdb8
5774500: system.cpu: T0 : 0x1081a    : addi a5, a5, 192           : IntAlu :  D=0x0000000000071a30
5775000: system.cpu: T0 : 0x1081e    : c_lw a5, 0(a5)             : MemRead :  D=0x0000000000009e58 A=0x71a30
5775500: system.cpu: T0 : 0x10820    : subw a5, a4, a5            : IntAlu :  D=0x0000000000015f18
5776000: system.cpu: T0 : 0x10824    : sw a5, -80(s0)             : MemWrite :  D=0x0000000000015f18 A=0x7ffffffffffffd80
5776500: system.cpu: T0 : 0x10828    : ld a5, -24(s0)             : MemRead :  D=0x0000000000071970 A=0x7ffffffffffffdb8
5777000: system.cpu: T0 : 0x1082c    : addi a5, a5, 64            : IntAlu :  D=0x00000000000719b0
5777500: system.cpu: T0 : 0x10830    : c_lw a4, 0(a5)             : MemRead :  D=0xfffffffffffda950 A=0x719b0
5778500: system.cpu: T0 : 0x10832    : ld a5, -24(s0)             : MemRead :  D=0x0000000000071970 A=0x7ffffffffffffdb8
5779500: system.cpu: T0 : 0x10836    : addi a5, a5, 160           : IntAlu :  D=0x0000000000071a10
5780000: system.cpu: T0 : 0x1083a    : c_lw a5, 0(a5)             : MemRead :  D=0xfffffffffffb5c18 A=0x71a10
5780500: system.cpu: T0 : 0x1083c    : c_addw a5, a4              : IntAlu :  D=0xfffffffffff90568
5781500: system.cpu: T0 : 0x1083e    : sw a5, -76(s0)             : MemWrite :  D=0x00000000fff90568 A=0x7ffffffffffffd84
5782500: system.cpu: T0 : 0x10842    : ld a5, -24(s0)             : MemRead :  D=0x0000000000071970 A=0x7ffffffffffffdb8
5783500: system.cpu: T0 : 0x10846    : addi a5, a5, 64            : IntAlu :  D=0x00000000000719b0
5784000: system.cpu: T0 : 0x1084a    : c_lw a4, 0(a5)             : MemRead :  D=0xfffffffffffda950 A=0x719b0
5784500: system.cpu: T0 : 0x1084c    : ld a5, -24(s0)             : MemRead :  D=0x0000000000071970 A=0x7ffffffffffffdb8
5785000: system.cpu: T0 : 0x10850    : addi a5, a5, 160           : IntAlu :  D=0x0000000000071a10
5785500: system.cpu: T0 : 0x10854    : c_lw a5, 0(a5)             : MemRead :  D=0xfffffffffffb5c18 A=0x71a10
5786500: system.cpu: T0 : 0x10856    : subw a5, a4, a5            : IntAlu :  D=0x0000000000024d38
5787500: system.cpu: T0 : 0x1085a    : sw a5, -72(s0)             : MemWrite :  D=0x0000000000024d38 A=0x7ffffffffffffd88
5788500: system.cpu: T0 : 0x1085e    : ld a5, -24(s0)             : MemRead :  D=0x0000000000071970 A=0x7ffffffffffffdb8
5789500: system.cpu: T0 : 0x10862    : addi a5, a5, 96            : IntAlu :  D=0x00000000000719d0
5790000: system.cpu: T0 : 0x10866    : c_lw a4, 0(a5)             : MemRead :  D=0xfffffffffffd264c A=0x719d0
5790500: system.cpu: T0 : 0x10868    : ld a5, -24(s0)             : MemRead :  D=0x0000000000071970 A=0x7ffffffffffffdb8
5791000: system.cpu: T0 : 0x1086c    : addi a5, a5, 128           : IntAlu :  D=0x00000000000719f0
5791500: system.cpu: T0 : 0x10870    : c_lw a5, 0(a5)             : MemRead :  D=0x000000000002f004 A=0x719f0
5792000: system.cpu: T0 : 0x10872    : c_addw a5, a4              : IntAlu :  D=0x0000000000001650
5792500: system.cpu: T0 : 0x10874    : sw a5, -68(s0)             : MemWrite :  D=0x0000000000001650 A=0x7ffffffffffffd8c
5793000: system.cpu: T0 : 0x10878    : ld a5, -24(s0)             : MemRead :  D=0x0000000000071970 A=0x7ffffffffffffdb8
5793500: system.cpu: T0 : 0x1087c    : addi a5, a5, 96            : IntAlu :  D=0x00000000000719d0
5794000: system.cpu: T0 : 0x10880    : c_lw a4, 0(a5)             : MemRead :  D=0xfffffffffffd264c A=0x719d0
5795000: system.cpu: T0 : 0x10882    : ld a5, -24(s0)             : MemRead :  D=0x0000000000071970 A=0x7ffffffffffffdb8
5796000: system.cpu: T0 : 0x10886    : addi a5, a5, 128           : IntAlu :  D=0x00000000000719f0
5796500: system.cpu: T0 : 0x1088a    : c_lw a5, 0(a5)             : MemRead :  D=0x000000000002f004 A=0x719f0
5797000: system.cpu: T0 : 0x1088c    : subw a5, a4, a5            : IntAlu :  D=0xfffffffffffa3648
5797500: system.cpu: T0 : 0x10890    : sw a5, -64(s0)             : MemWrite :  D=0x00000000fffa3648 A=0x7ffffffffffffd90
5798000: system.cpu: T0 : 0x10894    : lw a4, -92(s0)             : MemRead :  D=0xffffffffffff92d4 A=0x7ffffffffffffd74
5798500: system.cpu: T0 : 0x10898    : lw a5, -68(s0)             : MemRead :  D=0x0000000000001650 A=0x7ffffffffffffd8c
5799000: system.cpu: T0 : 0x1089c    : c_addw a5, a4              : IntAlu :  D=0xffffffffffffa924
5800000: system.cpu: T0 : 0x1089e    : sw a5, -60(s0)             : MemWrite :  D=0x00000000ffffa924 A=0x7ffffffffffffd94
5801000: system.cpu: T0 : 0x108a2    : lw a4, -92(s0)             : MemRead :  D=0xffffffffffff92d4 A=0x7ffffffffffffd74
5802000: system.cpu: T0 : 0x108a6    : lw a5, -68(s0)             : MemRead :  D=0x0000000000001650 A=0x7ffffffffffffd8c
5803000: system.cpu: T0 : 0x108aa    : subw a5, a4, a5            : IntAlu :  D=0xffffffffffff7c84
5804000: system.cpu: T0 : 0x108ae    : sw a5, -56(s0)             : MemWrite :  D=0x00000000ffff7c84 A=0x7ffffffffffffd98
5805000: system.cpu: T0 : 0x108b2    : lw a4, -84(s0)             : MemRead :  D=0x0000000000029bc8 A=0x7ffffffffffffd7c
5806000: system.cpu: T0 : 0x108b6    : lw a5, -76(s0)             : MemRead :  D=0xfffffffffff90568 A=0x7ffffffffffffd84
5806500: system.cpu: T0 : 0x108ba    : c_addw a5, a4              : IntAlu :  D=0xfffffffffffba130
5807000: system.cpu: T0 : 0x108bc    : sw a5, -52(s0)             : MemWrite :  D=0x00000000fffba130 A=0x7ffffffffffffd9c
5807500: system.cpu: T0 : 0x108c0    : lw a4, -84(s0)             : MemRead :  D=0x0000000000029bc8 A=0x7ffffffffffffd7c
5808000: system.cpu: T0 : 0x108c4    : lw a5, -76(s0)             : MemRead :  D=0xfffffffffff90568 A=0x7ffffffffffffd84
5808500: system.cpu: T0 : 0x108c8    : subw a5, a4, a5            : IntAlu :  D=0x0000000000099660
5809000: system.cpu: T0 : 0x108cc    : sw a5, -48(s0)             : MemWrite :  D=0x0000000000099660 A=0x7ffffffffffffda0
5809500: system.cpu: T0 : 0x108d0    : lw a4, -60(s0)             : MemRead :  D=0xffffffffffffa924 A=0x7ffffffffffffd94
5810000: system.cpu: T0 : 0x108d4    : lw a5, -52(s0)             : MemRead :  D=0xfffffffffffba130 A=0x7ffffffffffffd9c
5810500: system.cpu: T0 : 0x108d8    : c_addw a5, a4              : IntAlu :  D=0xfffffffffffb4a54
5811000: system.cpu: T0 : 0x108da    : c_addiw a5, 0              : IntAlu :  D=0xfffffffffffb4a54
5811500: system.cpu: T0 : 0x108dc    : c_addiw a5, 2              : IntAlu :  D=0xfffffffffffb4a56
5812000: system.cpu: T0 : 0x108de    : c_addiw a5, 0              : IntAlu :  D=0xfffffffffffb4a56
5812500: system.cpu: T0 : 0x108e0    : sraiw a5, a5, 2            : IntAlu :  D=0xfffffffffffed295
5813000: system.cpu: T0 : 0x108e4    : addiw a4, a5, 0            : IntAlu :  D=0xfffffffffffed295
5813500: system.cpu: T0 : 0x108e8    : ld a5, -24(s0)             : MemRead :  D=0x0000000000071970 A=0x7ffffffffffffdb8
5814000: system.cpu: T0 : 0x108ec    : c_sw a4, 0(a5)             : MemWrite :  D=0x00000000fffed295 A=0x71970
5815000: system.cpu: T0 : 0x108ee    : lw a4, -60(s0)             : MemRead :  D=0xffffffffffffa924 A=0x7ffffffffffffd94
5816000: system.cpu: T0 : 0x108f2    : lw a5, -52(s0)             : MemRead :  D=0xfffffffffffba130 A=0x7ffffffffffffd9c
5817000: system.cpu: T0 : 0x108f6    : subw a5, a4, a5            : IntAlu :  D=0x00000000000407f4
5817500: system.cpu: T0 : 0x108fa    : c_addiw a5, 0              : IntAlu :  D=0x00000000000407f4
5818000: system.cpu: T0 : 0x108fc    : c_addiw a5, 2              : IntAlu :  D=0x00000000000407f6
5819000: system.cpu: T0 : 0x108fe    : addiw a4, a5, 0            : IntAlu :  D=0x00000000000407f6
5820000: system.cpu: T0 : 0x10902    : ld a5, -24(s0)             : MemRead :  D=0x0000000000071970 A=0x7ffffffffffffdb8
5821000: system.cpu: T0 : 0x10906    : addi a5, a5, 128           : IntAlu :  D=0x00000000000719f0
5822000: system.cpu: T0 : 0x1090a    : sraiw a4, a4, 2            : IntAlu :  D=0x00000000000101fd
5822500: system.cpu: T0 : 0x1090e    : c_addiw a4, 0              : IntAlu :  D=0x00000000000101fd
5823000: system.cpu: T0 : 0x10910    : c_sw a4, 0(a5)             : MemWrite :  D=0x00000000000101fd A=0x719f0
5824000: system.cpu: T0 : 0x10912    : lw a4, -48(s0)             : MemRead :  D=0x0000000000099660 A=0x7ffffffffffffda0
5825000: system.cpu: T0 : 0x10916    : lw a5, -56(s0)             : MemRead :  D=0xffffffffffff7c84 A=0x7ffffffffffffd98
5825500: system.cpu: T0 : 0x1091a    : c_addw a5, a4              : IntAlu :  D=0x00000000000912e4
5826000: system.cpu: T0 : 0x1091c    : addiw a4, a5, 0            : IntAlu :  D=0x00000000000912e4
5826500: system.cpu: T0 : 0x10920    : c_lui a5, 1                : IntAlu :  D=0x0000000000001000
5827500: system.cpu: T0 : 0x10922    : addiw a5, a5, 337          : IntAlu :  D=0x0000000000001151
5828500: system.cpu: T0 : 0x10926    : mulw a5, a4, a5            : IntMult :  D=0xffffffff9d201e24
5829500: system.cpu: T0 : 0x1092a    : sw a5, -44(s0)             : MemWrite :  D=0x000000009d201e24 A=0x7ffffffffffffda4
5830500: system.cpu: T0 : 0x1092e    : lw a4, -56(s0)             : MemRead :  D=0xffffffffffff7c84 A=0x7ffffffffffffd98
5831000: system.cpu: T0 : 0x10932    : c_lui a5, 2                : IntAlu :  D=0x0000000000002000
5831500: system.cpu: T0 : 0x10934    : addiw a5, a5, -1922        : IntAlu :  D=0x000000000000187e
5832000: system.cpu: T0 : 0x10938    : mulw a5, a4, a5            : IntMult :  D=0xfffffffff36ba8f8
5832500: system.cpu: T0 : 0x1093c    : c_addiw a5, 0              : IntAlu :  D=0xfffffffff36ba8f8
5833500: system.cpu: T0 : 0x1093e    : lw a4, -44(s0)             : MemRead :  D=0xffffffff9d201e24 A=0x7ffffffffffffda4
5834000: system.cpu: T0 : 0x10942    : c_addw a5, a4              : IntAlu :  D=0xffffffff908bc71c
5834500: system.cpu: T0 : 0x10944    : addiw a4, a5, 0            : IntAlu :  D=0xffffffff908bc71c
5835000: system.cpu: T0 : 0x10948    : c_lui a5, 4                : IntAlu :  D=0x0000000000004000
5835500: system.cpu: T0 : 0x1094a    : c_addw a5, a4              : IntAlu :  D=0xffffffff908c071c
5836000: system.cpu: T0 : 0x1094c    : addiw a4, a5, 0            : IntAlu :  D=0xffffffff908c071c
5836500: system.cpu: T0 : 0x10950    : ld a5, -24(s0)             : MemRead :  D=0x0000000000071970 A=0x7ffffffffffffdb8
5837000: system.cpu: T0 : 0x10954    : addi a5, a5, 64            : IntAlu :  D=0x00000000000719b0
5837500: system.cpu: T0 : 0x10958    : sraiw a4, a4, 15           : IntAlu :  D=0xffffffffffff2118
5838000: system.cpu: T0 : 0x1095c    : c_addiw a4, 0              : IntAlu :  D=0xffffffffffff2118
5838500: system.cpu: T0 : 0x1095e    : c_sw a4, 0(a5)             : MemWrite :  D=0x00000000ffff2118 A=0x719b0
5839000: system.cpu: T0 : 0x10960    : lw a4, -48(s0)             : MemRead :  D=0x0000000000099660 A=0x7ffffffffffffda0
5839500: system.cpu: T0 : 0x10964    : c_lui a5, 1048572          : IntAlu :  D=0xffffffffffffc000
5840500: system.cpu: T0 : 0x10966    : addiw a5, a5, 1247         : IntAlu :  D=0xffffffffffffc4df
5841500: system.cpu: T0 : 0x1096a    : mulw a5, a4, a5            : IntMult :  D=0xffffffffc91b7da0
5842000: system.cpu: T0 : 0x1096e    : c_addiw a5, 0              : IntAlu :  D=0xffffffffc91b7da0
5842500: system.cpu: T0 : 0x10970    : lw a4, -44(s0)             : MemRead :  D=0xffffffff9d201e24 A=0x7ffffffffffffda4
5843000: system.cpu: T0 : 0x10974    : c_addw a5, a4              : IntAlu :  D=0x00000000663b9bc4
5844000: system.cpu: T0 : 0x10976    : addiw a4, a5, 0            : IntAlu :  D=0x00000000663b9bc4
5844500: system.cpu: T0 : 0x1097a    : c_lui a5, 4                : IntAlu :  D=0x0000000000004000
5845000: system.cpu: T0 : 0x1097c    : c_addw a5, a4              : IntAlu :  D=0x00000000663bdbc4
5846000: system.cpu: T0 : 0x1097e    : addiw a4, a5, 0            : IntAlu :  D=0x00000000663bdbc4
5847000: system.cpu: T0 : 0x10982    : ld a5, -24(s0)             : MemRead :  D=0x0000000000071970 A=0x7ffffffffffffdb8
5848000: system.cpu: T0 : 0x10986    : addi a5, a5, 192           : IntAlu :  D=0x0000000000071a30
5849000: system.cpu: T0 : 0x1098a    : sraiw a4, a4, 15           : IntAlu :  D=0x000000000000cc77
5849500: system.cpu: T0 : 0x1098e    : c_addiw a4, 0              : IntAlu :  D=0x000000000000cc77
5850000: system.cpu: T0 : 0x10990    : c_sw a4, 0(a5)             : MemWrite :  D=0x000000000000cc77 A=0x71a30
5851000: system.cpu: T0 : 0x10992    : lw a4, -64(s0)             : MemRead :  D=0xfffffffffffa3648 A=0x7ffffffffffffd90
5852000: system.cpu: T0 : 0x10996    : lw a5, -88(s0)             : MemRead :  D=0xfffffffffff5f59c A=0x7ffffffffffffd78
5852500: system.cpu: T0 : 0x1099a    : c_addw a5, a4              : IntAlu :  D=0xfffffffffff02be4
5853000: system.cpu: T0 : 0x1099c    : sw a5, -44(s0)             : MemWrite :  D=0x00000000fff02be4 A=0x7ffffffffffffda4
5853500: system.cpu: T0 : 0x109a0    : lw a4, -72(s0)             : MemRead :  D=0x0000000000024d38 A=0x7ffffffffffffd88
5854000: system.cpu: T0 : 0x109a4    : lw a5, -80(s0)             : MemRead :  D=0x0000000000015f18 A=0x7ffffffffffffd80
5854500: system.cpu: T0 : 0x109a8    : c_addw a5, a4              : IntAlu :  D=0x000000000003ac50
5855500: system.cpu: T0 : 0x109aa    : sw a5, -40(s0)             : MemWrite :  D=0x000000000003ac50 A=0x7ffffffffffffda8
5856500: system.cpu: T0 : 0x109ae    : lw a4, -64(s0)             : MemRead :  D=0xfffffffffffa3648 A=0x7ffffffffffffd90
5857500: system.cpu: T0 : 0x109b2    : lw a5, -80(s0)             : MemRead :  D=0x0000000000015f18 A=0x7ffffffffffffd80
5858000: system.cpu: T0 : 0x109b6    : c_addw a5, a4              : IntAlu :  D=0xfffffffffffb9560
5858500: system.cpu: T0 : 0x109b8    : sw a5, -36(s0)             : MemWrite :  D=0x00000000fffb9560 A=0x7ffffffffffffdac
5859000: system.cpu: T0 : 0x109bc    : lw a4, -72(s0)             : MemRead :  D=0x0000000000024d38 A=0x7ffffffffffffd88
5859500: system.cpu: T0 : 0x109c0    : lw a5, -88(s0)             : MemRead :  D=0xfffffffffff5f59c A=0x7ffffffffffffd78
5860000: system.cpu: T0 : 0x109c4    : c_addw a5, a4              : IntAlu :  D=0xfffffffffff842d4
5861000: system.cpu: T0 : 0x109c6    : sw a5, -32(s0)             : MemWrite :  D=0x00000000fff842d4 A=0x7ffffffffffffdb0
5862000: system.cpu: T0 : 0x109ca    : lw a4, -36(s0)             : MemRead :  D=0xfffffffffffb9560 A=0x7ffffffffffffdac
5863000: system.cpu: T0 : 0x109ce    : lw a5, -32(s0)             : MemRead :  D=0xfffffffffff842d4 A=0x7ffffffffffffdb0
5863500: system.cpu: T0 : 0x109d2    : c_addw a5, a4              : IntAlu :  D=0xfffffffffff3d834
5864000: system.cpu: T0 : 0x109d4    : addiw a4, a5, 0            : IntAlu :  D=0xfffffffffff3d834
5864500: system.cpu: T0 : 0x109d8    : c_lui a5, 2                : IntAlu :  D=0x0000000000002000
5865500: system.cpu: T0 : 0x109da    : addiw a5, a5, 1441         : IntAlu :  D=0x00000000000025a1
5866500: system.cpu: T0 : 0x109de    : mulw a5, a4, a5            : IntMult :  D=0x00000000369a7cb4
5867500: system.cpu: T0 : 0x109e2    : sw a5, -28(s0)             : MemWrite :  D=0x00000000369a7cb4 A=0x7ffffffffffffdb4
5868500: system.cpu: T0 : 0x109e6    : lw a4, -64(s0)             : MemRead :  D=0xfffffffffffa3648 A=0x7ffffffffffffd90
5869000: system.cpu: T0 : 0x109ea    : c_lui a5, 1                : IntAlu :  D=0x0000000000001000
5869500: system.cpu: T0 : 0x109ec    : addiw a5, a5, -1650        : IntAlu :  D=0x000000000000098e
5870000: system.cpu: T0 : 0x109f0    : mulw a5, a4, a5            : IntMult :  D=0xffffffffc8b2a3f0
5870500: system.cpu: T0 : 0x109f4    : sw a5, -64(s0)             : MemWrite :  D=0x00000000c8b2a3f0 A=0x7ffffffffffffd90
5871000: system.cpu: T0 : 0x109f8    : lw a4, -72(s0)             : MemRead :  D=0x0000000000024d38 A=0x7ffffffffffffd88
5871500: system.cpu: T0 : 0x109fc    : c_lui a5, 4                : IntAlu :  D=0x0000000000004000
5872500: system.cpu: T0 : 0x109fe    : addiw a5, a5, 435          : IntAlu :  D=0x00000000000041b3
5873500: system.cpu: T0 : 0x10a02    : mulw a5, a4, a5            : IntMult :  D=0xffffffff97373628
5874500: system.cpu: T0 : 0x10a06    : sw a5, -72(s0)             : MemWrite :  D=0x0000000097373628 A=0x7ffffffffffffd88
5875500: system.cpu: T0 : 0x10a0a    : lw a4, -80(s0)             : MemRead :  D=0x0000000000015f18 A=0x7ffffffffffffd80
5876000: system.cpu: T0 : 0x10a0e    : c_lui a5, 6                : IntAlu :  D=0x0000000000006000
5876500: system.cpu: T0 : 0x10a10    : addiw a5, a5, 596          : IntAlu :  D=0x0000000000006254
5877000: system.cpu: T0 : 0x10a14    : mulw a5, a4, a5            : IntMult :  D=0xffffffff86da63e0
5877500: system.cpu: T0 : 0x10a18    : sw a5, -80(s0)             : MemWrite :  D=0x0000000086da63e0 A=0x7ffffffffffffd80
5878000: system.cpu: T0 : 0x10a1c    : lw a4, -88(s0)             : MemRead :  D=0xfffffffffff5f59c A=0x7ffffffffffffd78
5878500: system.cpu: T0 : 0x10a20    : c_lui a5, 3                : IntAlu :  D=0x0000000000003000
5879000: system.cpu: T0 : 0x10a22    : c_addiw a5, 11             : IntAlu :  D=0x000000000000300b
5879500: system.cpu: T0 : 0x10a24    : mulw a5, a4, a5            : IntMult :  D=0x000000001d9ecdb4
5880000: system.cpu: T0 : 0x10a28    : sw a5, -88(s0)             : MemWrite :  D=0x000000001d9ecdb4 A=0x7ffffffffffffd78
5880500: system.cpu: T0 : 0x10a2c    : lw a4, -44(s0)             : MemRead :  D=0xfffffffffff02be4 A=0x7ffffffffffffda4
5881000: system.cpu: T0 : 0x10a30    : c_lui a5, 1048574          : IntAlu :  D=0xffffffffffffe000
5882000: system.cpu: T0 : 0x10a32    : addiw a5, a5, 819          : IntAlu :  D=0xffffffffffffe333
5883000: system.cpu: T0 : 0x10a36    : mulw a5, a4, a5            : IntMult :  D=0xffffffffc7dfea6c
5884000: system.cpu: T0 : 0x10a3a    : sw a5, -44(s0)             : MemWrite :  D=0x00000000c7dfea6c A=0x7ffffffffffffda4
5885000: system.cpu: T0 : 0x10a3e    : lw a4, -40(s0)             : MemRead :  D=0x000000000003ac50 A=0x7ffffffffffffda8
5885500: system.cpu: T0 : 0x10a42    : c_lui a5, 1048571          : IntAlu :  D=0xffffffffffffb000
5886000: system.cpu: T0 : 0x10a44    : addiw a5, a5, -515         : IntAlu :  D=0xffffffffffffadfd
5886500: system.cpu: T0 : 0x10a48    : mulw a5, a4, a5            : IntMult :  D=0xffffffffd2c35b10
5887000: system.cpu: T0 : 0x10a4c    : sw a5, -40(s0)             : MemWrite :  D=0x00000000d2c35b10 A=0x7ffffffffffffda8
5887500: system.cpu: T0 : 0x10a50    : lw a4, -36(s0)             : MemRead :  D=0xfffffffffffb9560 A=0x7ffffffffffffdac
5888000: system.cpu: T0 : 0x10a54    : c_lui a5, 1048572          : IntAlu :  D=0xffffffffffffc000
5889000: system.cpu: T0 : 0x10a56    : addiw a5, a5, 315          : IntAlu :  D=0xffffffffffffc13b
5890000: system.cpu: T0 : 0x10a5a    : mulw a5, a4, a5            : IntMult :  D=0x000000001538cd20
5891000: system.cpu: T0 : 0x10a5e    : sw a5, -36(s0)             : MemWrite :  D=0x000000001538cd20 A=0x7ffffffffffffdac
5892000: system.cpu: T0 : 0x10a62    : lw a4, -32(s0)             : MemRead :  D=0xfffffffffff842d4 A=0x7ffffffffffffdb0
5892500: system.cpu: T0 : 0x10a66    : c_lui a5, 1048575          : IntAlu :  D=0xfffffffffffff000
5893000: system.cpu: T0 : 0x10a68    : addiw a5, a5, 900          : IntAlu :  D=0xfffffffffffff384
5893500: system.cpu: T0 : 0x10a6c    : mulw a5, a4, a5            : IntMult :  D=0x00000000609db150
5894000: system.cpu: T0 : 0x10a70    : sw a5, -32(s0)             : MemWrite :  D=0x00000000609db150 A=0x7ffffffffffffdb0
5894500: system.cpu: T0 : 0x10a74    : lw a4, -36(s0)             : MemRead :  D=0x000000001538cd20 A=0x7ffffffffffffdac
5895000: system.cpu: T0 : 0x10a78    : lw a5, -28(s0)             : MemRead :  D=0x00000000369a7cb4 A=0x7ffffffffffffdb4
5895500: system.cpu: T0 : 0x10a7c    : c_addw a5, a4              : IntAlu :  D=0x000000004bd349d4
5896500: system.cpu: T0 : 0x10a7e    : sw a5, -36(s0)             : MemWrite :  D=0x000000004bd349d4 A=0x7ffffffffffffdac
5897500: system.cpu: T0 : 0x10a82    : lw a4, -32(s0)             : MemRead :  D=0x00000000609db150 A=0x7ffffffffffffdb0
5898500: system.cpu: T0 : 0x10a86    : lw a5, -28(s0)             : MemRead :  D=0x00000000369a7cb4 A=0x7ffffffffffffdb4
5899000: system.cpu: T0 : 0x10a8a    : c_addw a5, a4              : IntAlu :  D=0xffffffff97382e04
5899500: system.cpu: T0 : 0x10a8c    : sw a5, -32(s0)             : MemWrite :  D=0x0000000097382e04 A=0x7ffffffffffffdb0
5900000: system.cpu: T0 : 0x10a90    : lw a4, -64(s0)             : MemRead :  D=0xffffffffc8b2a3f0 A=0x7ffffffffffffd90
5900500: system.cpu: T0 : 0x10a94    : lw a5, -44(s0)             : MemRead :  D=0xffffffffc7dfea6c A=0x7ffffffffffffda4
5901000: system.cpu: T0 : 0x10a98    : c_addw a5, a4              : IntAlu :  D=0xffffffff90928e5c
5901500: system.cpu: T0 : 0x10a9a    : c_addiw a5, 0              : IntAlu :  D=0xffffffff90928e5c
5902000: system.cpu: T0 : 0x10a9c    : lw a4, -36(s0)             : MemRead :  D=0x000000004bd349d4 A=0x7ffffffffffffdac
5902500: system.cpu: T0 : 0x10aa0    : c_addw a5, a4              : IntAlu :  D=0xffffffffdc65d830
5903500: system.cpu: T0 : 0x10aa2    : addiw a4, a5, 0            : IntAlu :  D=0xffffffffdc65d830
5904000: system.cpu: T0 : 0x10aa6    : c_lui a5, 4                : IntAlu :  D=0x0000000000004000
5904500: system.cpu: T0 : 0x10aa8    : c_addw a5, a4              : IntAlu :  D=0xffffffffdc661830
5905500: system.cpu: T0 : 0x10aaa    : addiw a4, a5, 0            : IntAlu :  D=0xffffffffdc661830
5906500: system.cpu: T0 : 0x10aae    : ld a5, -24(s0)             : MemRead :  D=0x0000000000071970 A=0x7ffffffffffffdb8
5907500: system.cpu: T0 : 0x10ab2    : addi a5, a5, 224           : IntAlu :  D=0x0000000000071a50
5908500: system.cpu: T0 : 0x10ab6    : sraiw a4, a4, 15           : IntAlu :  D=0xffffffffffffb8cc
5909000: system.cpu: T0 : 0x10aba    : c_addiw a4, 0              : IntAlu :  D=0xffffffffffffb8cc
5909500: system.cpu: T0 : 0x10abc    : c_sw a4, 0(a5)             : MemWrite :  D=0x00000000ffffb8cc A=0x71a50
5910500: system.cpu: T0 : 0x10abe    : lw a4, -72(s0)             : MemRead :  D=0xffffffff97373628 A=0x7ffffffffffffd88
5911500: system.cpu: T0 : 0x10ac2    : lw a5, -40(s0)             : MemRead :  D=0xffffffffd2c35b10 A=0x7ffffffffffffda8
5912000: system.cpu: T0 : 0x10ac6    : c_addw a5, a4              : IntAlu :  D=0x0000000069fa9138
5912500: system.cpu: T0 : 0x10ac8    : c_addiw a5, 0              : IntAlu :  D=0x0000000069fa9138
5913500: system.cpu: T0 : 0x10aca    : lw a4, -32(s0)             : MemRead :  D=0xffffffff97382e04 A=0x7ffffffffffffdb0
5914000: system.cpu: T0 : 0x10ace    : c_addw a5, a4              : IntAlu :  D=0x000000000132bf3c
5914500: system.cpu: T0 : 0x10ad0    : addiw a4, a5, 0            : IntAlu :  D=0x000000000132bf3c
5915000: system.cpu: T0 : 0x10ad4    : c_lui a5, 4                : IntAlu :  D=0x0000000000004000
5915500: system.cpu: T0 : 0x10ad6    : c_addw a5, a4              : IntAlu :  D=0x000000000132ff3c
5916000: system.cpu: T0 : 0x10ad8    : addiw a4, a5, 0            : IntAlu :  D=0x000000000132ff3c
5916500: system.cpu: T0 : 0x10adc    : ld a5, -24(s0)             : MemRead :  D=0x0000000000071970 A=0x7ffffffffffffdb8
5917000: system.cpu: T0 : 0x10ae0    : addi a5, a5, 160           : IntAlu :  D=0x0000000000071a10
5917500: system.cpu: T0 : 0x10ae4    : sraiw a4, a4, 15           : IntAlu :  D=0x0000000000000265
5918000: system.cpu: T0 : 0x10ae8    : c_addiw a4, 0              : IntAlu :  D=0x0000000000000265
5918500: system.cpu: T0 : 0x10aea    : c_sw a4, 0(a5)             : MemWrite :  D=0x0000000000000265 A=0x71a10
5919000: system.cpu: T0 : 0x10aec    : lw a4, -80(s0)             : MemRead :  D=0xffffffff86da63e0 A=0x7ffffffffffffd80
5919500: system.cpu: T0 : 0x10af0    : lw a5, -40(s0)             : MemRead :  D=0xffffffffd2c35b10 A=0x7ffffffffffffda8
5920000: system.cpu: T0 : 0x10af4    : c_addw a5, a4              : IntAlu :  D=0x00000000599dbef0
5920500: system.cpu: T0 : 0x10af6    : c_addiw a5, 0              : IntAlu :  D=0x00000000599dbef0
5921000: system.cpu: T0 : 0x10af8    : lw a4, -36(s0)             : MemRead :  D=0x000000004bd349d4 A=0x7ffffffffffffdac
5921500: system.cpu: T0 : 0x10afc    : c_addw a5, a4              : IntAlu :  D=0xffffffffa57108c4
5922500: system.cpu: T0 : 0x10afe    : addiw a4, a5, 0            : IntAlu :  D=0xffffffffa57108c4
5923000: system.cpu: T0 : 0x10b02    : c_lui a5, 4                : IntAlu :  D=0x0000000000004000
5923500: system.cpu: T0 : 0x10b04    : c_addw a5, a4              : IntAlu :  D=0xffffffffa57148c4
5924500: system.cpu: T0 : 0x10b06    : addiw a4, a5, 0            : IntAlu :  D=0xffffffffa57148c4
5925500: system.cpu: T0 : 0x10b0a    : ld a5, -24(s0)             : MemRead :  D=0x0000000000071970 A=0x7ffffffffffffdb8
5926500: system.cpu: T0 : 0x10b0e    : addi a5, a5, 96            : IntAlu :  D=0x00000000000719d0
5927500: system.cpu: T0 : 0x10b12    : sraiw a4, a4, 15           : IntAlu :  D=0xffffffffffff4ae2
5928000: system.cpu: T0 : 0x10b16    : c_addiw a4, 0              : IntAlu :  D=0xffffffffffff4ae2
5928500: system.cpu: T0 : 0x10b18    : c_sw a4, 0(a5)             : MemWrite :  D=0x00000000ffff4ae2 A=0x719d0
5929500: system.cpu: T0 : 0x10b1a    : lw a4, -88(s0)             : MemRead :  D=0x000000001d9ecdb4 A=0x7ffffffffffffd78
5930500: system.cpu: T0 : 0x10b1e    : lw a5, -44(s0)             : MemRead :  D=0xffffffffc7dfea6c A=0x7ffffffffffffda4
5931000: system.cpu: T0 : 0x10b22    : c_addw a5, a4              : IntAlu :  D=0xffffffffe57eb820
5931500: system.cpu: T0 : 0x10b24    : c_addiw a5, 0              : IntAlu :  D=0xffffffffe57eb820
5932500: system.cpu: T0 : 0x10b26    : lw a4, -32(s0)             : MemRead :  D=0xffffffff97382e04 A=0x7ffffffffffffdb0
5933000: system.cpu: T0 : 0x10b2a    : c_addw a5, a4              : IntAlu :  D=0x000000007cb6e624
5933500: system.cpu: T0 : 0x10b2c    : addiw a4, a5, 0            : IntAlu :  D=0x000000007cb6e624
5934000: system.cpu: T0 : 0x10b30    : c_lui a5, 4                : IntAlu :  D=0x0000000000004000
5934500: system.cpu: T0 : 0x10b32    : c_addw a5, a4              : IntAlu :  D=0x000000007cb72624
5935000: system.cpu: T0 : 0x10b34    : addiw a4, a5, 0            : IntAlu :  D=0x000000007cb72624
5935500: system.cpu: T0 : 0x10b38    : ld a5, -24(s0)             : MemRead :  D=0x0000000000071970 A=0x7ffffffffffffdb8
5936000: system.cpu: T0 : 0x10b3c    : addi a5, a5, 32            : IntAlu :  D=0x0000000000071990
5936500: system.cpu: T0 : 0x10b40    : sraiw a4, a4, 15           : IntAlu :  D=0x000000000000f96e
5937000: system.cpu: T0 : 0x10b44    : c_addiw a4, 0              : IntAlu :  D=0x000000000000f96e
5937500: system.cpu: T0 : 0x10b46    : c_sw a4, 0(a5)             : MemWrite :  D=0x000000000000f96e A=0x71990
5938000: system.cpu: T0 : 0x10b48    : ld a5, -24(s0)             : MemRead :  D=0x0000000000071970 A=0x7ffffffffffffdb8
5938500: system.cpu: T0 : 0x10b4c    : c_addi a5, 4               : IntAlu :  D=0x0000000000071974
5939500: system.cpu: T0 : 0x10b4e    : sd a5, -24(s0)             : MemWrite :  D=0x0000000000071974 A=0x7ffffffffffffdb8
5940500: system.cpu: T0 : 0x10b52    : lw a5, -96(s0)             : MemRead :  D=0x0000000000000003 A=0x7ffffffffffffd70
5941000: system.cpu: T0 : 0x10b56    : c_addiw a5, -1             : IntAlu :  D=0x0000000000000002
5941500: system.cpu: T0 : 0x10b58    : sw a5, -96(s0)             : MemWrite :  D=0x0000000000000002 A=0x7ffffffffffffd70
5942000: system.cpu: T0 : 0x10b5c    : lw a5, -96(s0)             : MemRead :  D=0x0000000000000002 A=0x7ffffffffffffd70
5942500: system.cpu: T0 : 0x10b60    : c_addiw a5, 0              : IntAlu :  D=0x0000000000000002
5943500: system.cpu: T0 : 0x10b62    : bge a5, zero, -926         : IntAlu : 
5944000: system.cpu: T0 : 0x107c4    : ld a5, -24(s0)             : MemRead :  D=0x0000000000071974 A=0x7ffffffffffffdb8
5944500: system.cpu: T0 : 0x107c8    : c_lw a4, 0(a5)             : MemRead :  D=0x00000000000317c4 A=0x71974
5945500: system.cpu: T0 : 0x107ca    : ld a5, -24(s0)             : MemRead :  D=0x0000000000071974 A=0x7ffffffffffffdb8
5946500: system.cpu: T0 : 0x107ce    : addi a5, a5, 224           : IntAlu :  D=0x0000000000071a54
5947000: system.cpu: T0 : 0x107d2    : c_lw a5, 0(a5)             : MemRead :  D=0xfffffffffffe56c4 A=0x71a54
5947500: system.cpu: T0 : 0x107d4    : c_addw a5, a4              : IntAlu :  D=0x0000000000016e88
5948500: system.cpu: T0 : 0x107d6    : sw a5, -92(s0)             : MemWrite :  D=0x0000000000016e88 A=0x7ffffffffffffd74
5949500: system.cpu: T0 : 0x107da    : ld a5, -24(s0)             : MemRead :  D=0x0000000000071974 A=0x7ffffffffffffdb8
5950000: system.cpu: T0 : 0x107de    : c_lw a4, 0(a5)             : MemRead :  D=0x00000000000317c4 A=0x71974
5950500: system.cpu: T0 : 0x107e0    : ld a5, -24(s0)             : MemRead :  D=0x0000000000071974 A=0x7ffffffffffffdb8
5951000: system.cpu: T0 : 0x107e4    : addi a5, a5, 224           : IntAlu :  D=0x0000000000071a54
5951500: system.cpu: T0 : 0x107e8    : c_lw a5, 0(a5)             : MemRead :  D=0xfffffffffffe56c4 A=0x71a54
5952500: system.cpu: T0 : 0x107ea    : subw a5, a4, a5            : IntAlu :  D=0x000000000004c100
5953500: system.cpu: T0 : 0x107ee    : sw a5, -88(s0)             : MemWrite :  D=0x000000000004c100 A=0x7ffffffffffffd78
5954500: system.cpu: T0 : 0x107f2    : ld a5, -24(s0)             : MemRead :  D=0x0000000000071974 A=0x7ffffffffffffdb8
5955500: system.cpu: T0 : 0x107f6    : addi a5, a5, 32            : IntAlu :  D=0x0000000000071994
5956000: system.cpu: T0 : 0x107fa    : c_lw a4, 0(a5)             : MemRead :  D=0xfffffffffffdff05 A=0x71994
5956500: system.cpu: T0 : 0x107fc    : ld a5, -24(s0)             : MemRead :  D=0x0000000000071974 A=0x7ffffffffffffdb8
5957000: system.cpu: T0 : 0x10800    : addi a5, a5, 192           : IntAlu :  D=0x0000000000071a34
5957500: system.cpu: T0 : 0x10804    : c_lw a5, 0(a5)             : MemRead :  D=0x000000000000058f A=0x71a34
5958000: system.cpu: T0 : 0x10806    : c_addw a5, a4              : IntAlu :  D=0xfffffffffffe0494
5958500: system.cpu: T0 : 0x10808    : sw a5, -84(s0)             : MemWrite :  D=0x00000000fffe0494 A=0x7ffffffffffffd7c
5959000: system.cpu: T0 : 0x1080c    : ld a5, -24(s0)             : MemRead :  D=0x0000000000071974 A=0x7ffffffffffffdb8
5959500: system.cpu: T0 : 0x10810    : addi a5, a5, 32            : IntAlu :  D=0x0000000000071994
5960000: system.cpu: T0 : 0x10814    : c_lw a4, 0(a5)             : MemRead :  D=0xfffffffffffdff05 A=0x71994
5961000: system.cpu: T0 : 0x10816    : ld a5, -24(s0)             : MemRead :  D=0x0000000000071974 A=0x7ffffffffffffdb8
5962000: system.cpu: T0 : 0x1081a    : addi a5, a5, 192           : IntAlu :  D=0x0000000000071a34
5962500: system.cpu: T0 : 0x1081e    : c_lw a5, 0(a5)             : MemRead :  D=0x000000000000058f A=0x71a34
5963000: system.cpu: T0 : 0x10820    : subw a5, a4, a5            : IntAlu :  D=0xfffffffffffdf976
5963500: system.cpu: T0 : 0x10824    : sw a5, -80(s0)             : MemWrite :  D=0x00000000fffdf976 A=0x7ffffffffffffd80
5964000: system.cpu: T0 : 0x10828    : ld a5, -24(s0)             : MemRead :  D=0x0000000000071974 A=0x7ffffffffffffdb8
5964500: system.cpu: T0 : 0x1082c    : addi a5, a5, 64            : IntAlu :  D=0x00000000000719b4
5965000: system.cpu: T0 : 0x10830    : c_lw a4, 0(a5)             : MemRead :  D=0x00000000000249ea A=0x719b4
5966000: system.cpu: T0 : 0x10832    : ld a5, -24(s0)             : MemRead :  D=0x0000000000071974 A=0x7ffffffffffffdb8
5967000: system.cpu: T0 : 0x10836    : addi a5, a5, 160           : IntAlu :  D=0x0000000000071a14
5967500: system.cpu: T0 : 0x1083a    : c_lw a5, 0(a5)             : MemRead :  D=0xffffffffffff29c0 A=0x71a14
5968000: system.cpu: T0 : 0x1083c    : c_addw a5, a4              : IntAlu :  D=0x00000000000173aa
5969000: system.cpu: T0 : 0x1083e    : sw a5, -76(s0)             : MemWrite :  D=0x00000000000173aa A=0x7ffffffffffffd84
5970000: system.cpu: T0 : 0x10842    : ld a5, -24(s0)             : MemRead :  D=0x0000000000071974 A=0x7ffffffffffffdb8
5971000: system.cpu: T0 : 0x10846    : addi a5, a5, 64            : IntAlu :  D=0x00000000000719b4
5971500: system.cpu: T0 : 0x1084a    : c_lw a4, 0(a5)             : MemRead :  D=0x00000000000249ea A=0x719b4
5972000: system.cpu: T0 : 0x1084c    : ld a5, -24(s0)             : MemRead :  D=0x0000000000071974 A=0x7ffffffffffffdb8
5972500: system.cpu: T0 : 0x10850    : addi a5, a5, 160           : IntAlu :  D=0x0000000000071a14
5973000: system.cpu: T0 : 0x10854    : c_lw a5, 0(a5)             : MemRead :  D=0xffffffffffff29c0 A=0x71a14
5974000: system.cpu: T0 : 0x10856    : subw a5, a4, a5            : IntAlu :  D=0x000000000003202a
5975000: system.cpu: T0 : 0x1085a    : sw a5, -72(s0)             : MemWrite :  D=0x000000000003202a A=0x7ffffffffffffd88
5976000: system.cpu: T0 : 0x1085e    : ld a5, -24(s0)             : MemRead :  D=0x0000000000071974 A=0x7ffffffffffffdb8
5977000: system.cpu: T0 : 0x10862    : addi a5, a5, 96            : IntAlu :  D=0x00000000000719d4
5977500: system.cpu: T0 : 0x10866    : c_lw a4, 0(a5)             : MemRead :  D=0x0000000000011048 A=0x719d4
5978000: system.cpu: T0 : 0x10868    : ld a5, -24(s0)             : MemRead :  D=0x0000000000071974 A=0x7ffffffffffffdb8
5978500: system.cpu: T0 : 0x1086c    : addi a5, a5, 128           : IntAlu :  D=0x00000000000719f4
5979000: system.cpu: T0 : 0x10870    : c_lw a5, 0(a5)             : MemRead :  D=0xfffffffffffe669d A=0x719f4
5979500: system.cpu: T0 : 0x10872    : c_addw a5, a4              : IntAlu :  D=0xffffffffffff76e5
5980000: system.cpu: T0 : 0x10874    : sw a5, -68(s0)             : MemWrite :  D=0x00000000ffff76e5 A=0x7ffffffffffffd8c
5980500: system.cpu: T0 : 0x10878    : ld a5, -24(s0)             : MemRead :  D=0x0000000000071974 A=0x7ffffffffffffdb8
5981000: system.cpu: T0 : 0x1087c    : addi a5, a5, 96            : IntAlu :  D=0x00000000000719d4
5981500: system.cpu: T0 : 0x10880    : c_lw a4, 0(a5)             : MemRead :  D=0x0000000000011048 A=0x719d4
5982500: system.cpu: T0 : 0x10882    : ld a5, -24(s0)             : MemRead :  D=0x0000000000071974 A=0x7ffffffffffffdb8
5983500: system.cpu: T0 : 0x10886    : addi a5, a5, 128           : IntAlu :  D=0x00000000000719f4
5984000: system.cpu: T0 : 0x1088a    : c_lw a5, 0(a5)             : MemRead :  D=0xfffffffffffe669d A=0x719f4
5984500: system.cpu: T0 : 0x1088c    : subw a5, a4, a5            : IntAlu :  D=0x000000000002a9ab
5985000: system.cpu: T0 : 0x10890    : sw a5, -64(s0)             : MemWrite :  D=0x000000000002a9ab A=0x7ffffffffffffd90
5985500: system.cpu: T0 : 0x10894    : lw a4, -92(s0)             : MemRead :  D=0x0000000000016e88 A=0x7ffffffffffffd74
5986000: system.cpu: T0 : 0x10898    : lw a5, -68(s0)             : MemRead :  D=0xffffffffffff76e5 A=0x7ffffffffffffd8c
5986500: system.cpu: T0 : 0x1089c    : c_addw a5, a4              : IntAlu :  D=0x000000000000e56d
5987500: system.cpu: T0 : 0x1089e    : sw a5, -60(s0)             : MemWrite :  D=0x000000000000e56d A=0x7ffffffffffffd94
5988500: system.cpu: T0 : 0x108a2    : lw a4, -92(s0)             : MemRead :  D=0x0000000000016e88 A=0x7ffffffffffffd74
5989500: system.cpu: T0 : 0x108a6    : lw a5, -68(s0)             : MemRead :  D=0xffffffffffff76e5 A=0x7ffffffffffffd8c
5990500: system.cpu: T0 : 0x108aa    : subw a5, a4, a5            : IntAlu :  D=0x000000000001f7a3
5991500: system.cpu: T0 : 0x108ae    : sw a5, -56(s0)             : MemWrite :  D=0x000000000001f7a3 A=0x7ffffffffffffd98
5992500: system.cpu: T0 : 0x108b2    : lw a4, -84(s0)             : MemRead :  D=0xfffffffffffe0494 A=0x7ffffffffffffd7c
5993500: system.cpu: T0 : 0x108b6    : lw a5, -76(s0)             : MemRead :  D=0x00000000000173aa A=0x7ffffffffffffd84
5994000: system.cpu: T0 : 0x108ba    : c_addw a5, a4              : IntAlu :  D=0xffffffffffff783e
5994500: system.cpu: T0 : 0x108bc    : sw a5, -52(s0)             : MemWrite :  D=0x00000000ffff783e A=0x7ffffffffffffd9c
5995000: system.cpu: T0 : 0x108c0    : lw a4, -84(s0)             : MemRead :  D=0xfffffffffffe0494 A=0x7ffffffffffffd7c
5995500: system.cpu: T0 : 0x108c4    : lw a5, -76(s0)             : MemRead :  D=0x00000000000173aa A=0x7ffffffffffffd84
5996000: system.cpu: T0 : 0x108c8    : subw a5, a4, a5            : IntAlu :  D=0xfffffffffffc90ea
5996500: system.cpu: T0 : 0x108cc    : sw a5, -48(s0)             : MemWrite :  D=0x00000000fffc90ea A=0x7ffffffffffffda0
5997000: system.cpu: T0 : 0x108d0    : lw a4, -60(s0)             : MemRead :  D=0x000000000000e56d A=0x7ffffffffffffd94
5997500: system.cpu: T0 : 0x108d4    : lw a5, -52(s0)             : MemRead :  D=0xffffffffffff783e A=0x7ffffffffffffd9c
5998000: system.cpu: T0 : 0x108d8    : c_addw a5, a4              : IntAlu :  D=0x0000000000005dab
5998500: system.cpu: T0 : 0x108da    : c_addiw a5, 0              : IntAlu :  D=0x0000000000005dab
5999000: system.cpu: T0 : 0x108dc    : c_addiw a5, 2              : IntAlu :  D=0x0000000000005dad
5999500: system.cpu: T0 : 0x108de    : c_addiw a5, 0              : IntAlu :  D=0x0000000000005dad
6000000: system.cpu: T0 : 0x108e0    : sraiw a5, a5, 2            : IntAlu :  D=0x000000000000176b
6000500: system.cpu: T0 : 0x108e4    : addiw a4, a5, 0            : IntAlu :  D=0x000000000000176b
6001000: system.cpu: T0 : 0x108e8    : ld a5, -24(s0)             : MemRead :  D=0x0000000000071974 A=0x7ffffffffffffdb8
6001500: system.cpu: T0 : 0x108ec    : c_sw a4, 0(a5)             : MemWrite :  D=0x000000000000176b A=0x71974
6002500: system.cpu: T0 : 0x108ee    : lw a4, -60(s0)             : MemRead :  D=0x000000000000e56d A=0x7ffffffffffffd94
6003500: system.cpu: T0 : 0x108f2    : lw a5, -52(s0)             : MemRead :  D=0xffffffffffff783e A=0x7ffffffffffffd9c
6004500: system.cpu: T0 : 0x108f6    : subw a5, a4, a5            : IntAlu :  D=0x0000000000016d2f
6005000: system.cpu: T0 : 0x108fa    : c_addiw a5, 0              : IntAlu :  D=0x0000000000016d2f
6005500: system.cpu: T0 : 0x108fc    : c_addiw a5, 2              : IntAlu :  D=0x0000000000016d31
6006500: system.cpu: T0 : 0x108fe    : addiw a4, a5, 0            : IntAlu :  D=0x0000000000016d31
6007500: system.cpu: T0 : 0x10902    : ld a5, -24(s0)             : MemRead :  D=0x0000000000071974 A=0x7ffffffffffffdb8
6008500: system.cpu: T0 : 0x10906    : addi a5, a5, 128           : IntAlu :  D=0x00000000000719f4
6009500: system.cpu: T0 : 0x1090a    : sraiw a4, a4, 2            : IntAlu :  D=0x0000000000005b4c
6010000: system.cpu: T0 : 0x1090e    : c_addiw a4, 0              : IntAlu :  D=0x0000000000005b4c
6010500: system.cpu: T0 : 0x10910    : c_sw a4, 0(a5)             : MemWrite :  D=0x0000000000005b4c A=0x719f4
6011500: system.cpu: T0 : 0x10912    : lw a4, -48(s0)             : MemRead :  D=0xfffffffffffc90ea A=0x7ffffffffffffda0
6012500: system.cpu: T0 : 0x10916    : lw a5, -56(s0)             : MemRead :  D=0x000000000001f7a3 A=0x7ffffffffffffd98
6013000: system.cpu: T0 : 0x1091a    : c_addw a5, a4              : IntAlu :  D=0xfffffffffffe888d
6013500: system.cpu: T0 : 0x1091c    : addiw a4, a5, 0            : IntAlu :  D=0xfffffffffffe888d
6014000: system.cpu: T0 : 0x10920    : c_lui a5, 1                : IntAlu :  D=0x0000000000001000
6015000: system.cpu: T0 : 0x10922    : addiw a5, a5, 337          : IntAlu :  D=0x0000000000001151
6016000: system.cpu: T0 : 0x10926    : mulw a5, a4, a5            : IntMult :  D=0xffffffffe69a919d
6017000: system.cpu: T0 : 0x1092a    : sw a5, -44(s0)             : MemWrite :  D=0x00000000e69a919d A=0x7ffffffffffffda4
6018000: system.cpu: T0 : 0x1092e    : lw a4, -56(s0)             : MemRead :  D=0x000000000001f7a3 A=0x7ffffffffffffd98
6018500: system.cpu: T0 : 0x10932    : c_lui a5, 2                : IntAlu :  D=0x0000000000002000
6019000: system.cpu: T0 : 0x10934    : addiw a5, a5, -1922        : IntAlu :  D=0x000000000000187e
6019500: system.cpu: T0 : 0x10938    : mulw a5, a4, a5            : IntMult :  D=0x00000000302f2a3a
6020000: system.cpu: T0 : 0x1093c    : c_addiw a5, 0              : IntAlu :  D=0x00000000302f2a3a
6021000: system.cpu: T0 : 0x1093e    : lw a4, -44(s0)             : MemRead :  D=0xffffffffe69a919d A=0x7ffffffffffffda4
6021500: system.cpu: T0 : 0x10942    : c_addw a5, a4              : IntAlu :  D=0x0000000016c9bbd7
6022000: system.cpu: T0 : 0x10944    : addiw a4, a5, 0            : IntAlu :  D=0x0000000016c9bbd7
6022500: system.cpu: T0 : 0x10948    : c_lui a5, 4                : IntAlu :  D=0x0000000000004000
6023000: system.cpu: T0 : 0x1094a    : c_addw a5, a4              : IntAlu :  D=0x0000000016c9fbd7
6023500: system.cpu: T0 : 0x1094c    : addiw a4, a5, 0            : IntAlu :  D=0x0000000016c9fbd7
6024000: system.cpu: T0 : 0x10950    : ld a5, -24(s0)             : MemRead :  D=0x0000000000071974 A=0x7ffffffffffffdb8
6024500: system.cpu: T0 : 0x10954    : addi a5, a5, 64            : IntAlu :  D=0x00000000000719b4
6025000: system.cpu: T0 : 0x10958    : sraiw a4, a4, 15           : IntAlu :  D=0x0000000000002d93
6025500: system.cpu: T0 : 0x1095c    : c_addiw a4, 0              : IntAlu :  D=0x0000000000002d93
6026000: system.cpu: T0 : 0x1095e    : c_sw a4, 0(a5)             : MemWrite :  D=0x0000000000002d93 A=0x719b4
6026500: system.cpu: T0 : 0x10960    : lw a4, -48(s0)             : MemRead :  D=0xfffffffffffc90ea A=0x7ffffffffffffda0
6027000: system.cpu: T0 : 0x10964    : c_lui a5, 1048572          : IntAlu :  D=0xffffffffffffc000
6028000: system.cpu: T0 : 0x10966    : addiw a5, a5, 1247         : IntAlu :  D=0xffffffffffffc4df
6029000: system.cpu: T0 : 0x1096a    : mulw a5, a4, a5            : IntMult :  D=0xffffffffcb0b63d6
6029500: system.cpu: T0 : 0x1096e    : c_addiw a5, 0              : IntAlu :  D=0xffffffffcb0b63d6
6030000: system.cpu: T0 : 0x10970    : lw a4, -44(s0)             : MemRead :  D=0xffffffffe69a919d A=0x7ffffffffffffda4
6030500: system.cpu: T0 : 0x10974    : c_addw a5, a4              : IntAlu :  D=0xffffffffb1a5f573
6031500: system.cpu: T0 : 0x10976    : addiw a4, a5, 0            : IntAlu :  D=0xffffffffb1a5f573
6032000: system.cpu: T0 : 0x1097a    : c_lui a5, 4                : IntAlu :  D=0x0000000000004000
6032500: system.cpu: T0 : 0x1097c    : c_addw a5, a4              : IntAlu :  D=0xffffffffb1a63573
6033500: system.cpu: T0 : 0x1097e    : addiw a4, a5, 0            : IntAlu :  D=0xffffffffb1a63573
6034500: system.cpu: T0 : 0x10982    : ld a5, -24(s0)             : MemRead :  D=0x0000000000071974 A=0x7ffffffffffffdb8
6035500: system.cpu: T0 : 0x10986    : addi a5, a5, 192           : IntAlu :  D=0x0000000000071a34
6036500: system.cpu: T0 : 0x1098a    : sraiw a4, a4, 15           : IntAlu :  D=0xffffffffffff634c
6037000: system.cpu: T0 : 0x1098e    : c_addiw a4, 0              : IntAlu :  D=0xffffffffffff634c
6037500: system.cpu: T0 : 0x10990    : c_sw a4, 0(a5)             : MemWrite :  D=0x00000000ffff634c A=0x71a34
6038500: system.cpu: T0 : 0x10992    : lw a4, -64(s0)             : MemRead :  D=0x000000000002a9ab A=0x7ffffffffffffd90
6039500: system.cpu: T0 : 0x10996    : lw a5, -88(s0)             : MemRead :  D=0x000000000004c100 A=0x7ffffffffffffd78
6040000: system.cpu: T0 : 0x1099a    : c_addw a5, a4              : IntAlu :  D=0x0000000000076aab
6040500: system.cpu: T0 : 0x1099c    : sw a5, -44(s0)             : MemWrite :  D=0x0000000000076aab A=0x7ffffffffffffda4
6041000: system.cpu: T0 : 0x109a0    : lw a4, -72(s0)             : MemRead :  D=0x000000000003202a A=0x7ffffffffffffd88
6041500: system.cpu: T0 : 0x109a4    : lw a5, -80(s0)             : MemRead :  D=0xfffffffffffdf976 A=0x7ffffffffffffd80
6042000: system.cpu: T0 : 0x109a8    : c_addw a5, a4              : IntAlu :  D=0x00000000000119a0
6043000: system.cpu: T0 : 0x109aa    : sw a5, -40(s0)             : MemWrite :  D=0x00000000000119a0 A=0x7ffffffffffffda8
6044000: system.cpu: T0 : 0x109ae    : lw a4, -64(s0)             : MemRead :  D=0x000000000002a9ab A=0x7ffffffffffffd90
6045000: system.cpu: T0 : 0x109b2    : lw a5, -80(s0)             : MemRead :  D=0xfffffffffffdf976 A=0x7ffffffffffffd80
6045500: system.cpu: T0 : 0x109b6    : c_addw a5, a4              : IntAlu :  D=0x000000000000a321
6046000: system.cpu: T0 : 0x109b8    : sw a5, -36(s0)             : MemWrite :  D=0x000000000000a321 A=0x7ffffffffffffdac
6046500: system.cpu: T0 : 0x109bc    : lw a4, -72(s0)             : MemRead :  D=0x000000000003202a A=0x7ffffffffffffd88
6047000: system.cpu: T0 : 0x109c0    : lw a5, -88(s0)             : MemRead :  D=0x000000000004c100 A=0x7ffffffffffffd78
6047500: system.cpu: T0 : 0x109c4    : c_addw a5, a4              : IntAlu :  D=0x000000000007e12a
6048500: system.cpu: T0 : 0x109c6    : sw a5, -32(s0)             : MemWrite :  D=0x000000000007e12a A=0x7ffffffffffffdb0
6049500: system.cpu: T0 : 0x109ca    : lw a4, -36(s0)             : MemRead :  D=0x000000000000a321 A=0x7ffffffffffffdac
6050500: system.cpu: T0 : 0x109ce    : lw a5, -32(s0)             : MemRead :  D=0x000000000007e12a A=0x7ffffffffffffdb0
6051000: system.cpu: T0 : 0x109d2    : c_addw a5, a4              : IntAlu :  D=0x000000000008844b
6051500: system.cpu: T0 : 0x109d4    : addiw a4, a5, 0            : IntAlu :  D=0x000000000008844b
6052000: system.cpu: T0 : 0x109d8    : c_lui a5, 2                : IntAlu :  D=0x0000000000002000
6053000: system.cpu: T0 : 0x109da    : addiw a5, a5, 1441         : IntAlu :  D=0x00000000000025a1
6054000: system.cpu: T0 : 0x109de    : mulw a5, a4, a5            : IntMult :  D=0x00000000407a0a2b
6055000: system.cpu: T0 : 0x109e2    : sw a5, -28(s0)             : MemWrite :  D=0x00000000407a0a2b A=0x7ffffffffffffdb4
6056000: system.cpu: T0 : 0x109e6    : lw a4, -64(s0)             : MemRead :  D=0x000000000002a9ab A=0x7ffffffffffffd90
6056500: system.cpu: T0 : 0x109ea    : c_lui a5, 1                : IntAlu :  D=0x0000000000001000
6057000: system.cpu: T0 : 0x109ec    : addiw a5, a5, -1650        : IntAlu :  D=0x000000000000098e
6057500: system.cpu: T0 : 0x109f0    : mulw a5, a4, a5            : IntMult :  D=0x0000000019711fda
6058000: system.cpu: T0 : 0x109f4    : sw a5, -64(s0)             : MemWrite :  D=0x0000000019711fda A=0x7ffffffffffffd90
6058500: system.cpu: T0 : 0x109f8    : lw a4, -72(s0)             : MemRead :  D=0x000000000003202a A=0x7ffffffffffffd88
6059000: system.cpu: T0 : 0x109fc    : c_lui a5, 4                : IntAlu :  D=0x0000000000004000
6060000: system.cpu: T0 : 0x109fe    : addiw a5, a5, 435          : IntAlu :  D=0x00000000000041b3
6061000: system.cpu: T0 : 0x10a02    : mulw a5, a4, a5            : IntMult :  D=0xffffffffcd5a275e
6062000: system.cpu: T0 : 0x10a06    : sw a5, -72(s0)             : MemWrite :  D=0x00000000cd5a275e A=0x7ffffffffffffd88
6063000: system.cpu: T0 : 0x10a0a    : lw a4, -80(s0)             : MemRead :  D=0xfffffffffffdf976 A=0x7ffffffffffffd80
6063500: system.cpu: T0 : 0x10a0e    : c_lui a5, 6                : IntAlu :  D=0x0000000000006000
6064000: system.cpu: T0 : 0x10a10    : addiw a5, a5, 596          : IntAlu :  D=0x0000000000006254
6064500: system.cpu: T0 : 0x10a14    : mulw a5, a4, a5            : IntMult :  D=0x0000000038d506b8
6065000: system.cpu: T0 : 0x10a18    : sw a5, -80(s0)             : MemWrite :  D=0x0000000038d506b8 A=0x7ffffffffffffd80
6065500: system.cpu: T0 : 0x10a1c    : lw a4, -88(s0)             : MemRead :  D=0x000000000004c100 A=0x7ffffffffffffd78
6066000: system.cpu: T0 : 0x10a20    : c_lui a5, 3                : IntAlu :  D=0x0000000000003000
6066500: system.cpu: T0 : 0x10a22    : c_addiw a5, 11             : IntAlu :  D=0x000000000000300b
6067000: system.cpu: T0 : 0x10a24    : mulw a5, a4, a5            : IntMult :  D=0xffffffffe4644b00
6067500: system.cpu: T0 : 0x10a28    : sw a5, -88(s0)             : MemWrite :  D=0x00000000e4644b00 A=0x7ffffffffffffd78
6068000: system.cpu: T0 : 0x10a2c    : lw a4, -44(s0)             : MemRead :  D=0x0000000000076aab A=0x7ffffffffffffda4
6068500: system.cpu: T0 : 0x10a30    : c_lui a5, 1048574          : IntAlu :  D=0xffffffffffffe000
6069500: system.cpu: T0 : 0x10a32    : addiw a5, a5, 819          : IntAlu :  D=0xffffffffffffe333
6070500: system.cpu: T0 : 0x10a36    : mulw a5, a4, a5            : IntMult :  D=0x000000002a64e111
6071500: system.cpu: T0 : 0x10a3a    : sw a5, -44(s0)             : MemWrite :  D=0x000000002a64e111 A=0x7ffffffffffffda4
6072500: system.cpu: T0 : 0x10a3e    : lw a4, -40(s0)             : MemRead :  D=0x00000000000119a0 A=0x7ffffffffffffda8
6073000: system.cpu: T0 : 0x10a42    : c_lui a5, 1048571          : IntAlu :  D=0xffffffffffffb000
6073500: system.cpu: T0 : 0x10a44    : addiw a5, a5, -515         : IntAlu :  D=0xffffffffffffadfd
6074000: system.cpu: T0 : 0x10a48    : mulw a5, a4, a5            : IntMult :  D=0xffffffffa5c77320
6074500: system.cpu: T0 : 0x10a4c    : sw a5, -40(s0)             : MemWrite :  D=0x00000000a5c77320 A=0x7ffffffffffffda8
6075000: system.cpu: T0 : 0x10a50    : lw a4, -36(s0)             : MemRead :  D=0x000000000000a321 A=0x7ffffffffffffdac
6075500: system.cpu: T0 : 0x10a54    : c_lui a5, 1048572          : IntAlu :  D=0xffffffffffffc000
6076500: system.cpu: T0 : 0x10a56    : addiw a5, a5, 315          : IntAlu :  D=0xffffffffffffc13b
6077500: system.cpu: T0 : 0x10a5a    : mulw a5, a4, a5            : IntMult :  D=0xffffffffd800799b
6078500: system.cpu: T0 : 0x10a5e    : sw a5, -36(s0)             : MemWrite :  D=0x00000000d800799b A=0x7ffffffffffffdac
6079500: system.cpu: T0 : 0x10a62    : lw a4, -32(s0)             : MemRead :  D=0x000000000007e12a A=0x7ffffffffffffdb0
6080000: system.cpu: T0 : 0x10a66    : c_lui a5, 1048575          : IntAlu :  D=0xfffffffffffff000
6080500: system.cpu: T0 : 0x10a68    : addiw a5, a5, 900          : IntAlu :  D=0xfffffffffffff384
6081000: system.cpu: T0 : 0x10a6c    : mulw a5, a4, a5            : IntMult :  D=0xffffffff9da0f7a8
6081500: system.cpu: T0 : 0x10a70    : sw a5, -32(s0)             : MemWrite :  D=0x000000009da0f7a8 A=0x7ffffffffffffdb0
6082000: system.cpu: T0 : 0x10a74    : lw a4, -36(s0)             : MemRead :  D=0xffffffffd800799b A=0x7ffffffffffffdac
6082500: system.cpu: T0 : 0x10a78    : lw a5, -28(s0)             : MemRead :  D=0x00000000407a0a2b A=0x7ffffffffffffdb4
6083000: system.cpu: T0 : 0x10a7c    : c_addw a5, a4              : IntAlu :  D=0x00000000187a83c6
6084000: system.cpu: T0 : 0x10a7e    : sw a5, -36(s0)             : MemWrite :  D=0x00000000187a83c6 A=0x7ffffffffffffdac
6085000: system.cpu: T0 : 0x10a82    : lw a4, -32(s0)             : MemRead :  D=0xffffffff9da0f7a8 A=0x7ffffffffffffdb0
6086000: system.cpu: T0 : 0x10a86    : lw a5, -28(s0)             : MemRead :  D=0x00000000407a0a2b A=0x7ffffffffffffdb4
6086500: system.cpu: T0 : 0x10a8a    : c_addw a5, a4              : IntAlu :  D=0xffffffffde1b01d3
6087000: system.cpu: T0 : 0x10a8c    : sw a5, -32(s0)             : MemWrite :  D=0x00000000de1b01d3 A=0x7ffffffffffffdb0
6087500: system.cpu: T0 : 0x10a90    : lw a4, -64(s0)             : MemRead :  D=0x0000000019711fda A=0x7ffffffffffffd90
6088000: system.cpu: T0 : 0x10a94    : lw a5, -44(s0)             : MemRead :  D=0x000000002a64e111 A=0x7ffffffffffffda4
6088500: system.cpu: T0 : 0x10a98    : c_addw a5, a4              : IntAlu :  D=0x0000000043d600eb
6089000: system.cpu: T0 : 0x10a9a    : c_addiw a5, 0              : IntAlu :  D=0x0000000043d600eb
6089500: system.cpu: T0 : 0x10a9c    : lw a4, -36(s0)             : MemRead :  D=0x00000000187a83c6 A=0x7ffffffffffffdac
6090000: system.cpu: T0 : 0x10aa0    : c_addw a5, a4              : IntAlu :  D=0x000000005c5084b1
6091000: system.cpu: T0 : 0x10aa2    : addiw a4, a5, 0            : IntAlu :  D=0x000000005c5084b1
6091500: system.cpu: T0 : 0x10aa6    : c_lui a5, 4                : IntAlu :  D=0x0000000000004000
6092000: system.cpu: T0 : 0x10aa8    : c_addw a5, a4              : IntAlu :  D=0x000000005c50c4b1
6093000: system.cpu: T0 : 0x10aaa    : addiw a4, a5, 0            : IntAlu :  D=0x000000005c50c4b1
6094000: system.cpu: T0 : 0x10aae    : ld a5, -24(s0)             : MemRead :  D=0x0000000000071974 A=0x7ffffffffffffdb8
6095000: system.cpu: T0 : 0x10ab2    : addi a5, a5, 224           : IntAlu :  D=0x0000000000071a54
6096000: system.cpu: T0 : 0x10ab6    : sraiw a4, a4, 15           : IntAlu :  D=0x000000000000b8a1
6096500: system.cpu: T0 : 0x10aba    : c_addiw a4, 0              : IntAlu :  D=0x000000000000b8a1
6097000: system.cpu: T0 : 0x10abc    : c_sw a4, 0(a5)             : MemWrite :  D=0x000000000000b8a1 A=0x71a54
6098000: system.cpu: T0 : 0x10abe    : lw a4, -72(s0)             : MemRead :  D=0xffffffffcd5a275e A=0x7ffffffffffffd88
6099000: system.cpu: T0 : 0x10ac2    : lw a5, -40(s0)             : MemRead :  D=0xffffffffa5c77320 A=0x7ffffffffffffda8
6099500: system.cpu: T0 : 0x10ac6    : c_addw a5, a4              : IntAlu :  D=0x0000000073219a7e
6100000: system.cpu: T0 : 0x10ac8    : c_addiw a5, 0              : IntAlu :  D=0x0000000073219a7e
6101000: system.cpu: T0 : 0x10aca    : lw a4, -32(s0)             : MemRead :  D=0xffffffffde1b01d3 A=0x7ffffffffffffdb0
6101500: system.cpu: T0 : 0x10ace    : c_addw a5, a4              : IntAlu :  D=0x00000000513c9c51
6102000: system.cpu: T0 : 0x10ad0    : addiw a4, a5, 0            : IntAlu :  D=0x00000000513c9c51
6102500: system.cpu: T0 : 0x10ad4    : c_lui a5, 4                : IntAlu :  D=0x0000000000004000
6103000: system.cpu: T0 : 0x10ad6    : c_addw a5, a4              : IntAlu :  D=0x00000000513cdc51
6103500: system.cpu: T0 : 0x10ad8    : addiw a4, a5, 0            : IntAlu :  D=0x00000000513cdc51
6104000: system.cpu: T0 : 0x10adc    : ld a5, -24(s0)             : MemRead :  D=0x0000000000071974 A=0x7ffffffffffffdb8
6104500: system.cpu: T0 : 0x10ae0    : addi a5, a5, 160           : IntAlu :  D=0x0000000000071a14
6105000: system.cpu: T0 : 0x10ae4    : sraiw a4, a4, 15           : IntAlu :  D=0x000000000000a279
6105500: system.cpu: T0 : 0x10ae8    : c_addiw a4, 0              : IntAlu :  D=0x000000000000a279
6106000: system.cpu: T0 : 0x10aea    : c_sw a4, 0(a5)             : MemWrite :  D=0x000000000000a279 A=0x71a14
6106500: system.cpu: T0 : 0x10aec    : lw a4, -80(s0)             : MemRead :  D=0x0000000038d506b8 A=0x7ffffffffffffd80
6107000: system.cpu: T0 : 0x10af0    : lw a5, -40(s0)             : MemRead :  D=0xffffffffa5c77320 A=0x7ffffffffffffda8
6107500: system.cpu: T0 : 0x10af4    : c_addw a5, a4              : IntAlu :  D=0xffffffffde9c79d8
6108000: system.cpu: T0 : 0x10af6    : c_addiw a5, 0              : IntAlu :  D=0xffffffffde9c79d8
6108500: system.cpu: T0 : 0x10af8    : lw a4, -36(s0)             : MemRead :  D=0x00000000187a83c6 A=0x7ffffffffffffdac
6109000: system.cpu: T0 : 0x10afc    : c_addw a5, a4              : IntAlu :  D=0xfffffffff716fd9e
6110000: system.cpu: T0 : 0x10afe    : addiw a4, a5, 0            : IntAlu :  D=0xfffffffff716fd9e
6110500: system.cpu: T0 : 0x10b02    : c_lui a5, 4                : IntAlu :  D=0x0000000000004000
6111000: system.cpu: T0 : 0x10b04    : c_addw a5, a4              : IntAlu :  D=0xfffffffff7173d9e
6112000: system.cpu: T0 : 0x10b06    : addiw a4, a5, 0            : IntAlu :  D=0xfffffffff7173d9e
6113000: system.cpu: T0 : 0x10b0a    : ld a5, -24(s0)             : MemRead :  D=0x0000000000071974 A=0x7ffffffffffffdb8
6114000: system.cpu: T0 : 0x10b0e    : addi a5, a5, 96            : IntAlu :  D=0x00000000000719d4
6115000: system.cpu: T0 : 0x10b12    : sraiw a4, a4, 15           : IntAlu :  D=0xffffffffffffee2e
6115500: system.cpu: T0 : 0x10b16    : c_addiw a4, 0              : IntAlu :  D=0xffffffffffffee2e
6116000: system.cpu: T0 : 0x10b18    : c_sw a4, 0(a5)             : MemWrite :  D=0x00000000ffffee2e A=0x719d4
6117000: system.cpu: T0 : 0x10b1a    : lw a4, -88(s0)             : MemRead :  D=0xffffffffe4644b00 A=0x7ffffffffffffd78
6118000: system.cpu: T0 : 0x10b1e    : lw a5, -44(s0)             : MemRead :  D=0x000000002a64e111 A=0x7ffffffffffffda4
6118500: system.cpu: T0 : 0x10b22    : c_addw a5, a4              : IntAlu :  D=0x000000000ec92c11
6119000: system.cpu: T0 : 0x10b24    : c_addiw a5, 0              : IntAlu :  D=0x000000000ec92c11
6120000: system.cpu: T0 : 0x10b26    : lw a4, -32(s0)             : MemRead :  D=0xffffffffde1b01d3 A=0x7ffffffffffffdb0
6120500: system.cpu: T0 : 0x10b2a    : c_addw a5, a4              : IntAlu :  D=0xffffffffece42de4
6121000: system.cpu: T0 : 0x10b2c    : addiw a4, a5, 0            : IntAlu :  D=0xffffffffece42de4
6121500: system.cpu: T0 : 0x10b30    : c_lui a5, 4                : IntAlu :  D=0x0000000000004000
6122000: system.cpu: T0 : 0x10b32    : c_addw a5, a4              : IntAlu :  D=0xffffffffece46de4
6122500: system.cpu: T0 : 0x10b34    : addiw a4, a5, 0            : IntAlu :  D=0xffffffffece46de4
6123000: system.cpu: T0 : 0x10b38    : ld a5, -24(s0)             : MemRead :  D=0x0000000000071974 A=0x7ffffffffffffdb8
6123500: system.cpu: T0 : 0x10b3c    : addi a5, a5, 32            : IntAlu :  D=0x0000000000071994
6124000: system.cpu: T0 : 0x10b40    : sraiw a4, a4, 15           : IntAlu :  D=0xffffffffffffd9c8
6124500: system.cpu: T0 : 0x10b44    : c_addiw a4, 0              : IntAlu :  D=0xffffffffffffd9c8
6125000: system.cpu: T0 : 0x10b46    : c_sw a4, 0(a5)             : MemWrite :  D=0x00000000ffffd9c8 A=0x71994
6125500: system.cpu: T0 : 0x10b48    : ld a5, -24(s0)             : MemRead :  D=0x0000000000071974 A=0x7ffffffffffffdb8
6126000: system.cpu: T0 : 0x10b4c    : c_addi a5, 4               : IntAlu :  D=0x0000000000071978
6127000: system.cpu: T0 : 0x10b4e    : sd a5, -24(s0)             : MemWrite :  D=0x0000000000071978 A=0x7ffffffffffffdb8
6128000: system.cpu: T0 : 0x10b52    : lw a5, -96(s0)             : MemRead :  D=0x0000000000000002 A=0x7ffffffffffffd70
6128500: system.cpu: T0 : 0x10b56    : c_addiw a5, -1             : IntAlu :  D=0x0000000000000001
6129000: system.cpu: T0 : 0x10b58    : sw a5, -96(s0)             : MemWrite :  D=0x0000000000000001 A=0x7ffffffffffffd70
6129500: system.cpu: T0 : 0x10b5c    : lw a5, -96(s0)             : MemRead :  D=0x0000000000000001 A=0x7ffffffffffffd70
6130000: system.cpu: T0 : 0x10b60    : c_addiw a5, 0              : IntAlu :  D=0x0000000000000001
6131000: system.cpu: T0 : 0x10b62    : bge a5, zero, -926         : IntAlu : 
6131500: system.cpu: T0 : 0x107c4    : ld a5, -24(s0)             : MemRead :  D=0x0000000000071978 A=0x7ffffffffffffdb8
6132000: system.cpu: T0 : 0x107c8    : c_lw a4, 0(a5)             : MemRead :  D=0xfffffffffffc40f9 A=0x71978
6133000: system.cpu: T0 : 0x107ca    : ld a5, -24(s0)             : MemRead :  D=0x0000000000071978 A=0x7ffffffffffffdb8
6134000: system.cpu: T0 : 0x107ce    : addi a5, a5, 224           : IntAlu :  D=0x0000000000071a58
6134500: system.cpu: T0 : 0x107d2    : c_lw a5, 0(a5)             : MemRead :  D=0xfffffffffffee23b A=0x71a58
6135000: system.cpu: T0 : 0x107d4    : c_addw a5, a4              : IntAlu :  D=0xfffffffffffb2334
6136000: system.cpu: T0 : 0x107d6    : sw a5, -92(s0)             : MemWrite :  D=0x00000000fffb2334 A=0x7ffffffffffffd74
6137000: system.cpu: T0 : 0x107da    : ld a5, -24(s0)             : MemRead :  D=0x0000000000071978 A=0x7ffffffffffffdb8
6137500: system.cpu: T0 : 0x107de    : c_lw a4, 0(a5)             : MemRead :  D=0xfffffffffffc40f9 A=0x71978
6138000: system.cpu: T0 : 0x107e0    : ld a5, -24(s0)             : MemRead :  D=0x0000000000071978 A=0x7ffffffffffffdb8
6138500: system.cpu: T0 : 0x107e4    : addi a5, a5, 224           : IntAlu :  D=0x0000000000071a58
6139000: system.cpu: T0 : 0x107e8    : c_lw a5, 0(a5)             : MemRead :  D=0xfffffffffffee23b A=0x71a58
6140000: system.cpu: T0 : 0x107ea    : subw a5, a4, a5            : IntAlu :  D=0xfffffffffffd5ebe
6141000: system.cpu: T0 : 0x107ee    : sw a5, -88(s0)             : MemWrite :  D=0x00000000fffd5ebe A=0x7ffffffffffffd78
6142000: system.cpu: T0 : 0x107f2    : ld a5, -24(s0)             : MemRead :  D=0x0000000000071978 A=0x7ffffffffffffdb8
6143000: system.cpu: T0 : 0x107f6    : addi a5, a5, 32            : IntAlu :  D=0x0000000000071998
6143500: system.cpu: T0 : 0x107fa    : c_lw a4, 0(a5)             : MemRead :  D=0x00000000000338b8 A=0x71998
6144000: system.cpu: T0 : 0x107fc    : ld a5, -24(s0)             : MemRead :  D=0x0000000000071978 A=0x7ffffffffffffdb8
6144500: system.cpu: T0 : 0x10800    : addi a5, a5, 192           : IntAlu :  D=0x0000000000071a38
6145000: system.cpu: T0 : 0x10804    : c_lw a5, 0(a5)             : MemRead :  D=0x0000000000027302 A=0x71a38
6145500: system.cpu: T0 : 0x10806    : c_addw a5, a4              : IntAlu :  D=0x000000000005abba
6146000: system.cpu: T0 : 0x10808    : sw a5, -84(s0)             : MemWrite :  D=0x000000000005abba A=0x7ffffffffffffd7c
6146500: system.cpu: T0 : 0x1080c    : ld a5, -24(s0)             : MemRead :  D=0x0000000000071978 A=0x7ffffffffffffdb8
6147000: system.cpu: T0 : 0x10810    : addi a5, a5, 32            : IntAlu :  D=0x0000000000071998
6147500: system.cpu: T0 : 0x10814    : c_lw a4, 0(a5)             : MemRead :  D=0x00000000000338b8 A=0x71998
6148500: system.cpu: T0 : 0x10816    : ld a5, -24(s0)             : MemRead :  D=0x0000000000071978 A=0x7ffffffffffffdb8
6149500: system.cpu: T0 : 0x1081a    : addi a5, a5, 192           : IntAlu :  D=0x0000000000071a38
6150000: system.cpu: T0 : 0x1081e    : c_lw a5, 0(a5)             : MemRead :  D=0x0000000000027302 A=0x71a38
6150500: system.cpu: T0 : 0x10820    : subw a5, a4, a5            : IntAlu :  D=0x000000000000c5b6
6151000: system.cpu: T0 : 0x10824    : sw a5, -80(s0)             : MemWrite :  D=0x000000000000c5b6 A=0x7ffffffffffffd80
6151500: system.cpu: T0 : 0x10828    : ld a5, -24(s0)             : MemRead :  D=0x0000000000071978 A=0x7ffffffffffffdb8
6152000: system.cpu: T0 : 0x1082c    : addi a5, a5, 64            : IntAlu :  D=0x00000000000719b8
6152500: system.cpu: T0 : 0x10830    : c_lw a4, 0(a5)             : MemRead :  D=0x00000000000281a1 A=0x719b8
6153500: system.cpu: T0 : 0x10832    : ld a5, -24(s0)             : MemRead :  D=0x0000000000071978 A=0x7ffffffffffffdb8
6154500: system.cpu: T0 : 0x10836    : addi a5, a5, 160           : IntAlu :  D=0x0000000000071a18
6155000: system.cpu: T0 : 0x1083a    : c_lw a5, 0(a5)             : MemRead :  D=0xffffffffffff73f4 A=0x71a18
6155500: system.cpu: T0 : 0x1083c    : c_addw a5, a4              : IntAlu :  D=0x000000000001f595
6156500: system.cpu: T0 : 0x1083e    : sw a5, -76(s0)             : MemWrite :  D=0x000000000001f595 A=0x7ffffffffffffd84
6157500: system.cpu: T0 : 0x10842    : ld a5, -24(s0)             : MemRead :  D=0x0000000000071978 A=0x7ffffffffffffdb8
6158500: system.cpu: T0 : 0x10846    : addi a5, a5, 64            : IntAlu :  D=0x00000000000719b8
6159000: system.cpu: T0 : 0x1084a    : c_lw a4, 0(a5)             : MemRead :  D=0x00000000000281a1 A=0x719b8
6159500: system.cpu: T0 : 0x1084c    : ld a5, -24(s0)             : MemRead :  D=0x0000000000071978 A=0x7ffffffffffffdb8
6160000: system.cpu: T0 : 0x10850    : addi a5, a5, 160           : IntAlu :  D=0x0000000000071a18
6160500: system.cpu: T0 : 0x10854    : c_lw a5, 0(a5)             : MemRead :  D=0xffffffffffff73f4 A=0x71a18
6161500: system.cpu: T0 : 0x10856    : subw a5, a4, a5            : IntAlu :  D=0x0000000000030dad
6162500: system.cpu: T0 : 0x1085a    : sw a5, -72(s0)             : MemWrite :  D=0x0000000000030dad A=0x7ffffffffffffd88
6163500: system.cpu: T0 : 0x1085e    : ld a5, -24(s0)             : MemRead :  D=0x0000000000071978 A=0x7ffffffffffffdb8
6164500: system.cpu: T0 : 0x10862    : addi a5, a5, 96            : IntAlu :  D=0x00000000000719d8
6165000: system.cpu: T0 : 0x10866    : c_lw a4, 0(a5)             : MemRead :  D=0x00000000000576eb A=0x719d8
6165500: system.cpu: T0 : 0x10868    : ld a5, -24(s0)             : MemRead :  D=0x0000000000071978 A=0x7ffffffffffffdb8
6166000: system.cpu: T0 : 0x1086c    : addi a5, a5, 128           : IntAlu :  D=0x00000000000719f8
6166500: system.cpu: T0 : 0x10870    : c_lw a5, 0(a5)             : MemRead :  D=0x000000000001b56e A=0x719f8
6167000: system.cpu: T0 : 0x10872    : c_addw a5, a4              : IntAlu :  D=0x0000000000072c59
6167500: system.cpu: T0 : 0x10874    : sw a5, -68(s0)             : MemWrite :  D=0x0000000000072c59 A=0x7ffffffffffffd8c
6168000: system.cpu: T0 : 0x10878    : ld a5, -24(s0)             : MemRead :  D=0x0000000000071978 A=0x7ffffffffffffdb8
6168500: system.cpu: T0 : 0x1087c    : addi a5, a5, 96            : IntAlu :  D=0x00000000000719d8
6169000: system.cpu: T0 : 0x10880    : c_lw a4, 0(a5)             : MemRead :  D=0x00000000000576eb A=0x719d8
6170000: system.cpu: T0 : 0x10882    : ld a5, -24(s0)             : MemRead :  D=0x0000000000071978 A=0x7ffffffffffffdb8
6171000: system.cpu: T0 : 0x10886    : addi a5, a5, 128           : IntAlu :  D=0x00000000000719f8
6171500: system.cpu: T0 : 0x1088a    : c_lw a5, 0(a5)             : MemRead :  D=0x000000000001b56e A=0x719f8
6172000: system.cpu: T0 : 0x1088c    : subw a5, a4, a5            : IntAlu :  D=0x000000000003c17d
6172500: system.cpu: T0 : 0x10890    : sw a5, -64(s0)             : MemWrite :  D=0x000000000003c17d A=0x7ffffffffffffd90
6173000: system.cpu: T0 : 0x10894    : lw a4, -92(s0)             : MemRead :  D=0xfffffffffffb2334 A=0x7ffffffffffffd74
6173500: system.cpu: T0 : 0x10898    : lw a5, -68(s0)             : MemRead :  D=0x0000000000072c59 A=0x7ffffffffffffd8c
6174000: system.cpu: T0 : 0x1089c    : c_addw a5, a4              : IntAlu :  D=0x0000000000024f8d
6175000: system.cpu: T0 : 0x1089e    : sw a5, -60(s0)             : MemWrite :  D=0x0000000000024f8d A=0x7ffffffffffffd94
6176000: system.cpu: T0 : 0x108a2    : lw a4, -92(s0)             : MemRead :  D=0xfffffffffffb2334 A=0x7ffffffffffffd74
6177000: system.cpu: T0 : 0x108a6    : lw a5, -68(s0)             : MemRead :  D=0x0000000000072c59 A=0x7ffffffffffffd8c
6178000: system.cpu: T0 : 0x108aa    : subw a5, a4, a5            : IntAlu :  D=0xfffffffffff3f6db
6179000: system.cpu: T0 : 0x108ae    : sw a5, -56(s0)             : MemWrite :  D=0x00000000fff3f6db A=0x7ffffffffffffd98
6180000: system.cpu: T0 : 0x108b2    : lw a4, -84(s0)             : MemRead :  D=0x000000000005abba A=0x7ffffffffffffd7c
6181000: system.cpu: T0 : 0x108b6    : lw a5, -76(s0)             : MemRead :  D=0x000000000001f595 A=0x7ffffffffffffd84
6181500: system.cpu: T0 : 0x108ba    : c_addw a5, a4              : IntAlu :  D=0x000000000007a14f
6182000: system.cpu: T0 : 0x108bc    : sw a5, -52(s0)             : MemWrite :  D=0x000000000007a14f A=0x7ffffffffffffd9c
6182500: system.cpu: T0 : 0x108c0    : lw a4, -84(s0)             : MemRead :  D=0x000000000005abba A=0x7ffffffffffffd7c
6183000: system.cpu: T0 : 0x108c4    : lw a5, -76(s0)             : MemRead :  D=0x000000000001f595 A=0x7ffffffffffffd84
6183500: system.cpu: T0 : 0x108c8    : subw a5, a4, a5            : IntAlu :  D=0x000000000003b625
6184000: system.cpu: T0 : 0x108cc    : sw a5, -48(s0)             : MemWrite :  D=0x000000000003b625 A=0x7ffffffffffffda0
6184500: system.cpu: T0 : 0x108d0    : lw a4, -60(s0)             : MemRead :  D=0x0000000000024f8d A=0x7ffffffffffffd94
6185000: system.cpu: T0 : 0x108d4    : lw a5, -52(s0)             : MemRead :  D=0x000000000007a14f A=0x7ffffffffffffd9c
6185500: system.cpu: T0 : 0x108d8    : c_addw a5, a4              : IntAlu :  D=0x000000000009f0dc
6186000: system.cpu: T0 : 0x108da    : c_addiw a5, 0              : IntAlu :  D=0x000000000009f0dc
6186500: system.cpu: T0 : 0x108dc    : c_addiw a5, 2              : IntAlu :  D=0x000000000009f0de
6187000: system.cpu: T0 : 0x108de    : c_addiw a5, 0              : IntAlu :  D=0x000000000009f0de
6187500: system.cpu: T0 : 0x108e0    : sraiw a5, a5, 2            : IntAlu :  D=0x0000000000027c37
6188000: system.cpu: T0 : 0x108e4    : addiw a4, a5, 0            : IntAlu :  D=0x0000000000027c37
6188500: system.cpu: T0 : 0x108e8    : ld a5, -24(s0)             : MemRead :  D=0x0000000000071978 A=0x7ffffffffffffdb8
6189000: system.cpu: T0 : 0x108ec    : c_sw a4, 0(a5)             : MemWrite :  D=0x0000000000027c37 A=0x71978
6190000: system.cpu: T0 : 0x108ee    : lw a4, -60(s0)             : MemRead :  D=0x0000000000024f8d A=0x7ffffffffffffd94
6191000: system.cpu: T0 : 0x108f2    : lw a5, -52(s0)             : MemRead :  D=0x000000000007a14f A=0x7ffffffffffffd9c
6192000: system.cpu: T0 : 0x108f6    : subw a5, a4, a5            : IntAlu :  D=0xfffffffffffaae3e
6192500: system.cpu: T0 : 0x108fa    : c_addiw a5, 0              : IntAlu :  D=0xfffffffffffaae3e
6193000: system.cpu: T0 : 0x108fc    : c_addiw a5, 2              : IntAlu :  D=0xfffffffffffaae40
6194000: system.cpu: T0 : 0x108fe    : addiw a4, a5, 0            : IntAlu :  D=0xfffffffffffaae40
6195000: system.cpu: T0 : 0x10902    : ld a5, -24(s0)             : MemRead :  D=0x0000000000071978 A=0x7ffffffffffffdb8
6196000: system.cpu: T0 : 0x10906    : addi a5, a5, 128           : IntAlu :  D=0x00000000000719f8
6197000: system.cpu: T0 : 0x1090a    : sraiw a4, a4, 2            : IntAlu :  D=0xfffffffffffeab90
6197500: system.cpu: T0 : 0x1090e    : c_addiw a4, 0              : IntAlu :  D=0xfffffffffffeab90
6198000: system.cpu: T0 : 0x10910    : c_sw a4, 0(a5)             : MemWrite :  D=0x00000000fffeab90 A=0x719f8
6199000: system.cpu: T0 : 0x10912    : lw a4, -48(s0)             : MemRead :  D=0x000000000003b625 A=0x7ffffffffffffda0
6200000: system.cpu: T0 : 0x10916    : lw a5, -56(s0)             : MemRead :  D=0xfffffffffff3f6db A=0x7ffffffffffffd98
6200500: system.cpu: T0 : 0x1091a    : c_addw a5, a4              : IntAlu :  D=0xfffffffffff7ad00
6201000: system.cpu: T0 : 0x1091c    : addiw a4, a5, 0            : IntAlu :  D=0xfffffffffff7ad00
6201500: system.cpu: T0 : 0x10920    : c_lui a5, 1                : IntAlu :  D=0x0000000000001000
6202500: system.cpu: T0 : 0x10922    : addiw a5, a5, 337          : IntAlu :  D=0x0000000000001151
6203500: system.cpu: T0 : 0x10926    : mulw a5, a4, a5            : IntMult :  D=0x000000006fdabd00
6204500: system.cpu: T0 : 0x1092a    : sw a5, -44(s0)             : MemWrite :  D=0x000000006fdabd00 A=0x7ffffffffffffda4
6205500: system.cpu: T0 : 0x1092e    : lw a4, -56(s0)             : MemRead :  D=0xfffffffffff3f6db A=0x7ffffffffffffd98
6206000: system.cpu: T0 : 0x10932    : c_lui a5, 2                : IntAlu :  D=0x0000000000002000
6206500: system.cpu: T0 : 0x10934    : addiw a5, a5, -1922        : IntAlu :  D=0x000000000000187e
6207000: system.cpu: T0 : 0x10938    : mulw a5, a4, a5            : IntMult :  D=0xffffffffd93807ca
6207500: system.cpu: T0 : 0x1093c    : c_addiw a5, 0              : IntAlu :  D=0xffffffffd93807ca
6208500: system.cpu: T0 : 0x1093e    : lw a4, -44(s0)             : MemRead :  D=0x000000006fdabd00 A=0x7ffffffffffffda4
6209000: system.cpu: T0 : 0x10942    : c_addw a5, a4              : IntAlu :  D=0x000000004912c4ca
6209500: system.cpu: T0 : 0x10944    : addiw a4, a5, 0            : IntAlu :  D=0x000000004912c4ca
6210000: system.cpu: T0 : 0x10948    : c_lui a5, 4                : IntAlu :  D=0x0000000000004000
6210500: system.cpu: T0 : 0x1094a    : c_addw a5, a4              : IntAlu :  D=0x00000000491304ca
6211000: system.cpu: T0 : 0x1094c    : addiw a4, a5, 0            : IntAlu :  D=0x00000000491304ca
6211500: system.cpu: T0 : 0x10950    : ld a5, -24(s0)             : MemRead :  D=0x0000000000071978 A=0x7ffffffffffffdb8
6212000: system.cpu: T0 : 0x10954    : addi a5, a5, 64            : IntAlu :  D=0x00000000000719b8
6212500: system.cpu: T0 : 0x10958    : sraiw a4, a4, 15           : IntAlu :  D=0x0000000000009226
6213000: system.cpu: T0 : 0x1095c    : c_addiw a4, 0              : IntAlu :  D=0x0000000000009226
6213500: system.cpu: T0 : 0x1095e    : c_sw a4, 0(a5)             : MemWrite :  D=0x0000000000009226 A=0x719b8
6214000: system.cpu: T0 : 0x10960    : lw a4, -48(s0)             : MemRead :  D=0x000000000003b625 A=0x7ffffffffffffda0
6214500: system.cpu: T0 : 0x10964    : c_lui a5, 1048572          : IntAlu :  D=0xffffffffffffc000
6215500: system.cpu: T0 : 0x10966    : addiw a5, a5, 1247         : IntAlu :  D=0xffffffffffffc4df
6216500: system.cpu: T0 : 0x1096a    : mulw a5, a4, a5            : IntMult :  D=0x00000000248afe3b
6217000: system.cpu: T0 : 0x1096e    : c_addiw a5, 0              : IntAlu :  D=0x00000000248afe3b
6217500: system.cpu: T0 : 0x10970    : lw a4, -44(s0)             : MemRead :  D=0x000000006fdabd00 A=0x7ffffffffffffda4
6218000: system.cpu: T0 : 0x10974    : c_addw a5, a4              : IntAlu :  D=0xffffffff9465bb3b
6219000: system.cpu: T0 : 0x10976    : addiw a4, a5, 0            : IntAlu :  D=0xffffffff9465bb3b
6219500: system.cpu: T0 : 0x1097a    : c_lui a5, 4                : IntAlu :  D=0x0000000000004000
6220000: system.cpu: T0 : 0x1097c    : c_addw a5, a4              : IntAlu :  D=0xffffffff9465fb3b
6221000: system.cpu: T0 : 0x1097e    : addiw a4, a5, 0            : IntAlu :  D=0xffffffff9465fb3b
6222000: system.cpu: T0 : 0x10982    : ld a5, -24(s0)             : MemRead :  D=0x0000000000071978 A=0x7ffffffffffffdb8
6223000: system.cpu: T0 : 0x10986    : addi a5, a5, 192           : IntAlu :  D=0x0000000000071a38
6224000: system.cpu: T0 : 0x1098a    : sraiw a4, a4, 15           : IntAlu :  D=0xffffffffffff28cb
6224500: system.cpu: T0 : 0x1098e    : c_addiw a4, 0              : IntAlu :  D=0xffffffffffff28cb
6225000: system.cpu: T0 : 0x10990    : c_sw a4, 0(a5)             : MemWrite :  D=0x00000000ffff28cb A=0x71a38
6226000: system.cpu: T0 : 0x10992    : lw a4, -64(s0)             : MemRead :  D=0x000000000003c17d A=0x7ffffffffffffd90
6227000: system.cpu: T0 : 0x10996    : lw a5, -88(s0)             : MemRead :  D=0xfffffffffffd5ebe A=0x7ffffffffffffd78
6227500: system.cpu: T0 : 0x1099a    : c_addw a5, a4              : IntAlu :  D=0x000000000001203b
6228000: system.cpu: T0 : 0x1099c    : sw a5, -44(s0)             : MemWrite :  D=0x000000000001203b A=0x7ffffffffffffda4
6228500: system.cpu: T0 : 0x109a0    : lw a4, -72(s0)             : MemRead :  D=0x0000000000030dad A=0x7ffffffffffffd88
6229000: system.cpu: T0 : 0x109a4    : lw a5, -80(s0)             : MemRead :  D=0x000000000000c5b6 A=0x7ffffffffffffd80
6229500: system.cpu: T0 : 0x109a8    : c_addw a5, a4              : IntAlu :  D=0x000000000003d363
6230500: system.cpu: T0 : 0x109aa    : sw a5, -40(s0)             : MemWrite :  D=0x000000000003d363 A=0x7ffffffffffffda8
6231500: system.cpu: T0 : 0x109ae    : lw a4, -64(s0)             : MemRead :  D=0x000000000003c17d A=0x7ffffffffffffd90
6232500: system.cpu: T0 : 0x109b2    : lw a5, -80(s0)             : MemRead :  D=0x000000000000c5b6 A=0x7ffffffffffffd80
6233000: system.cpu: T0 : 0x109b6    : c_addw a5, a4              : IntAlu :  D=0x0000000000048733
6233500: system.cpu: T0 : 0x109b8    : sw a5, -36(s0)             : MemWrite :  D=0x0000000000048733 A=0x7ffffffffffffdac
6234000: system.cpu: T0 : 0x109bc    : lw a4, -72(s0)             : MemRead :  D=0x0000000000030dad A=0x7ffffffffffffd88
6234500: system.cpu: T0 : 0x109c0    : lw a5, -88(s0)             : MemRead :  D=0xfffffffffffd5ebe A=0x7ffffffffffffd78
6235000: system.cpu: T0 : 0x109c4    : c_addw a5, a4              : IntAlu :  D=0x0000000000006c6b
6236000: system.cpu: T0 : 0x109c6    : sw a5, -32(s0)             : MemWrite :  D=0x0000000000006c6b A=0x7ffffffffffffdb0
6237000: system.cpu: T0 : 0x109ca    : lw a4, -36(s0)             : MemRead :  D=0x0000000000048733 A=0x7ffffffffffffdac
6238000: system.cpu: T0 : 0x109ce    : lw a5, -32(s0)             : MemRead :  D=0x0000000000006c6b A=0x7ffffffffffffdb0
6238500: system.cpu: T0 : 0x109d2    : c_addw a5, a4              : IntAlu :  D=0x000000000004f39e
6239000: system.cpu: T0 : 0x109d4    : addiw a4, a5, 0            : IntAlu :  D=0x000000000004f39e
6239500: system.cpu: T0 : 0x109d8    : c_lui a5, 2                : IntAlu :  D=0x0000000000002000
6240500: system.cpu: T0 : 0x109da    : addiw a5, a5, 1441         : IntAlu :  D=0x00000000000025a1
6241500: system.cpu: T0 : 0x109de    : mulw a5, a4, a5            : IntMult :  D=0xffffffffba530c5e
6242500: system.cpu: T0 : 0x109e2    : sw a5, -28(s0)             : MemWrite :  D=0x00000000ba530c5e A=0x7ffffffffffffdb4
6243500: system.cpu: T0 : 0x109e6    : lw a4, -64(s0)             : MemRead :  D=0x000000000003c17d A=0x7ffffffffffffd90
6244000: system.cpu: T0 : 0x109ea    : c_lui a5, 1                : IntAlu :  D=0x0000000000001000
6244500: system.cpu: T0 : 0x109ec    : addiw a5, a5, -1650        : IntAlu :  D=0x000000000000098e
6245000: system.cpu: T0 : 0x109f0    : mulw a5, a4, a5            : IntMult :  D=0x0000000023e2b856
6245500: system.cpu: T0 : 0x109f4    : sw a5, -64(s0)             : MemWrite :  D=0x0000000023e2b856 A=0x7ffffffffffffd90
6246000: system.cpu: T0 : 0x109f8    : lw a4, -72(s0)             : MemRead :  D=0x0000000000030dad A=0x7ffffffffffffd88
6246500: system.cpu: T0 : 0x109fc    : c_lui a5, 4                : IntAlu :  D=0x0000000000004000
6247500: system.cpu: T0 : 0x109fe    : addiw a5, a5, 435          : IntAlu :  D=0x00000000000041b3
6248500: system.cpu: T0 : 0x10a02    : mulw a5, a4, a5            : IntMult :  D=0xffffffffc89b7cf7
6249500: system.cpu: T0 : 0x10a06    : sw a5, -72(s0)             : MemWrite :  D=0x00000000c89b7cf7 A=0x7ffffffffffffd88
6250500: system.cpu: T0 : 0x10a0a    : lw a4, -80(s0)             : MemRead :  D=0x000000000000c5b6 A=0x7ffffffffffffd80
6251000: system.cpu: T0 : 0x10a0e    : c_lui a5, 6                : IntAlu :  D=0x0000000000006000
6251500: system.cpu: T0 : 0x10a10    : addiw a5, a5, 596          : IntAlu :  D=0x0000000000006254
6252000: system.cpu: T0 : 0x10a14    : mulw a5, a4, a5            : IntMult :  D=0x000000004bf08bb8
6252500: system.cpu: T0 : 0x10a18    : sw a5, -80(s0)             : MemWrite :  D=0x000000004bf08bb8 A=0x7ffffffffffffd80
6253000: system.cpu: T0 : 0x10a1c    : lw a4, -88(s0)             : MemRead :  D=0xfffffffffffd5ebe A=0x7ffffffffffffd78
6253500: system.cpu: T0 : 0x10a20    : c_lui a5, 3                : IntAlu :  D=0x0000000000003000
6254000: system.cpu: T0 : 0x10a22    : c_addiw a5, 11             : IntAlu :  D=0x000000000000300b
6254500: system.cpu: T0 : 0x10a24    : mulw a5, a4, a5            : IntMult :  D=0xffffffff81a6b22a
6255000: system.cpu: T0 : 0x10a28    : sw a5, -88(s0)             : MemWrite :  D=0x0000000081a6b22a A=0x7ffffffffffffd78
6255500: system.cpu: T0 : 0x10a2c    : lw a4, -44(s0)             : MemRead :  D=0x000000000001203b A=0x7ffffffffffffda4
6256000: system.cpu: T0 : 0x10a30    : c_lui a5, 1048574          : IntAlu :  D=0xffffffffffffe000
6257000: system.cpu: T0 : 0x10a32    : addiw a5, a5, 819          : IntAlu :  D=0xffffffffffffe333
6258000: system.cpu: T0 : 0x10a36    : mulw a5, a4, a5            : IntMult :  D=0xffffffffdf92bcc1
6259000: system.cpu: T0 : 0x10a3a    : sw a5, -44(s0)             : MemWrite :  D=0x00000000df92bcc1 A=0x7ffffffffffffda4
6260000: system.cpu: T0 : 0x10a3e    : lw a4, -40(s0)             : MemRead :  D=0x000000000003d363 A=0x7ffffffffffffda8
6260500: system.cpu: T0 : 0x10a42    : c_lui a5, 1048571          : IntAlu :  D=0xffffffffffffb000
6261000: system.cpu: T0 : 0x10a44    : addiw a5, a5, -515         : IntAlu :  D=0xffffffffffffadfd
6261500: system.cpu: T0 : 0x10a48    : mulw a5, a4, a5            : IntMult :  D=0xffffffffc63ecfd7
6262000: system.cpu: T0 : 0x10a4c    : sw a5, -40(s0)             : MemWrite :  D=0x00000000c63ecfd7 A=0x7ffffffffffffda8
6262500: system.cpu: T0 : 0x10a50    : lw a4, -36(s0)             : MemRead :  D=0x0000000000048733 A=0x7ffffffffffffdac
6263000: system.cpu: T0 : 0x10a54    : c_lui a5, 1048572          : IntAlu :  D=0xffffffffffffc000
6264000: system.cpu: T0 : 0x10a56    : addiw a5, a5, 315          : IntAlu :  D=0xffffffffffffc13b
6265000: system.cpu: T0 : 0x10a5a    : mulw a5, a4, a5            : IntMult :  D=0xffffffffe3c59bc1
6266000: system.cpu: T0 : 0x10a5e    : sw a5, -36(s0)             : MemWrite :  D=0x00000000e3c59bc1 A=0x7ffffffffffffdac
6267000: system.cpu: T0 : 0x10a62    : lw a4, -32(s0)             : MemRead :  D=0x0000000000006c6b A=0x7ffffffffffffdb0
6267500: system.cpu: T0 : 0x10a66    : c_lui a5, 1048575          : IntAlu :  D=0xfffffffffffff000
6268000: system.cpu: T0 : 0x10a68    : addiw a5, a5, 900          : IntAlu :  D=0xfffffffffffff384
6268500: system.cpu: T0 : 0x10a6c    : mulw a5, a4, a5            : IntMult :  D=0xfffffffffab6782c
6269000: system.cpu: T0 : 0x10a70    : sw a5, -32(s0)             : MemWrite :  D=0x00000000fab6782c A=0x7ffffffffffffdb0
6269500: system.cpu: T0 : 0x10a74    : lw a4, -36(s0)             : MemRead :  D=0xffffffffe3c59bc1 A=0x7ffffffffffffdac
6270000: system.cpu: T0 : 0x10a78    : lw a5, -28(s0)             : MemRead :  D=0xffffffffba530c5e A=0x7ffffffffffffdb4
6270500: system.cpu: T0 : 0x10a7c    : c_addw a5, a4              : IntAlu :  D=0xffffffff9e18a81f
6271500: system.cpu: T0 : 0x10a7e    : sw a5, -36(s0)             : MemWrite :  D=0x000000009e18a81f A=0x7ffffffffffffdac
6272500: system.cpu: T0 : 0x10a82    : lw a4, -32(s0)             : MemRead :  D=0xfffffffffab6782c A=0x7ffffffffffffdb0
6273500: system.cpu: T0 : 0x10a86    : lw a5, -28(s0)             : MemRead :  D=0xffffffffba530c5e A=0x7ffffffffffffdb4
6274000: system.cpu: T0 : 0x10a8a    : c_addw a5, a4              : IntAlu :  D=0xffffffffb509848a
6274500: system.cpu: T0 : 0x10a8c    : sw a5, -32(s0)             : MemWrite :  D=0x00000000b509848a A=0x7ffffffffffffdb0
6275000: system.cpu: T0 : 0x10a90    : lw a4, -64(s0)             : MemRead :  D=0x0000000023e2b856 A=0x7ffffffffffffd90
6275500: system.cpu: T0 : 0x10a94    : lw a5, -44(s0)             : MemRead :  D=0xffffffffdf92bcc1 A=0x7ffffffffffffda4
6276000: system.cpu: T0 : 0x10a98    : c_addw a5, a4              : IntAlu :  D=0x0000000003757517
6276500: system.cpu: T0 : 0x10a9a    : c_addiw a5, 0              : IntAlu :  D=0x0000000003757517
6277000: system.cpu: T0 : 0x10a9c    : lw a4, -36(s0)             : MemRead :  D=0xffffffff9e18a81f A=0x7ffffffffffffdac
6277500: system.cpu: T0 : 0x10aa0    : c_addw a5, a4              : IntAlu :  D=0xffffffffa18e1d36
6278500: system.cpu: T0 : 0x10aa2    : addiw a4, a5, 0            : IntAlu :  D=0xffffffffa18e1d36
6279000: system.cpu: T0 : 0x10aa6    : c_lui a5, 4                : IntAlu :  D=0x0000000000004000
6279500: system.cpu: T0 : 0x10aa8    : c_addw a5, a4              : IntAlu :  D=0xffffffffa18e5d36
6280500: system.cpu: T0 : 0x10aaa    : addiw a4, a5, 0            : IntAlu :  D=0xffffffffa18e5d36
6281500: system.cpu: T0 : 0x10aae    : ld a5, -24(s0)             : MemRead :  D=0x0000000000071978 A=0x7ffffffffffffdb8
6282500: system.cpu: T0 : 0x10ab2    : addi a5, a5, 224           : IntAlu :  D=0x0000000000071a58
6283500: system.cpu: T0 : 0x10ab6    : sraiw a4, a4, 15           : IntAlu :  D=0xffffffffffff431c
6284000: system.cpu: T0 : 0x10aba    : c_addiw a4, 0              : IntAlu :  D=0xffffffffffff431c
6284500: system.cpu: T0 : 0x10abc    : c_sw a4, 0(a5)             : MemWrite :  D=0x00000000ffff431c A=0x71a58
6285500: system.cpu: T0 : 0x10abe    : lw a4, -72(s0)             : MemRead :  D=0xffffffffc89b7cf7 A=0x7ffffffffffffd88
6286500: system.cpu: T0 : 0x10ac2    : lw a5, -40(s0)             : MemRead :  D=0xffffffffc63ecfd7 A=0x7ffffffffffffda8
6287000: system.cpu: T0 : 0x10ac6    : c_addw a5, a4              : IntAlu :  D=0xffffffff8eda4cce
6287500: system.cpu: T0 : 0x10ac8    : c_addiw a5, 0              : IntAlu :  D=0xffffffff8eda4cce
6288500: system.cpu: T0 : 0x10aca    : lw a4, -32(s0)             : MemRead :  D=0xffffffffb509848a A=0x7ffffffffffffdb0
6289000: system.cpu: T0 : 0x10ace    : c_addw a5, a4              : IntAlu :  D=0x0000000043e3d158
6289500: system.cpu: T0 : 0x10ad0    : addiw a4, a5, 0            : IntAlu :  D=0x0000000043e3d158
6290000: system.cpu: T0 : 0x10ad4    : c_lui a5, 4                : IntAlu :  D=0x0000000000004000
6290500: system.cpu: T0 : 0x10ad6    : c_addw a5, a4              : IntAlu :  D=0x0000000043e41158
6291000: system.cpu: T0 : 0x10ad8    : addiw a4, a5, 0            : IntAlu :  D=0x0000000043e41158
6291500: system.cpu: T0 : 0x10adc    : ld a5, -24(s0)             : MemRead :  D=0x0000000000071978 A=0x7ffffffffffffdb8
6292000: system.cpu: T0 : 0x10ae0    : addi a5, a5, 160           : IntAlu :  D=0x0000000000071a18
6292500: system.cpu: T0 : 0x10ae4    : sraiw a4, a4, 15           : IntAlu :  D=0x00000000000087c8
6293000: system.cpu: T0 : 0x10ae8    : c_addiw a4, 0              : IntAlu :  D=0x00000000000087c8
6293500: system.cpu: T0 : 0x10aea    : c_sw a4, 0(a5)             : MemWrite :  D=0x00000000000087c8 A=0x71a18
6294000: system.cpu: T0 : 0x10aec    : lw a4, -80(s0)             : MemRead :  D=0x000000004bf08bb8 A=0x7ffffffffffffd80
6294500: system.cpu: T0 : 0x10af0    : lw a5, -40(s0)             : MemRead :  D=0xffffffffc63ecfd7 A=0x7ffffffffffffda8
6295000: system.cpu: T0 : 0x10af4    : c_addw a5, a4              : IntAlu :  D=0x00000000122f5b8f
6295500: system.cpu: T0 : 0x10af6    : c_addiw a5, 0              : IntAlu :  D=0x00000000122f5b8f
6296000: system.cpu: T0 : 0x10af8    : lw a4, -36(s0)             : MemRead :  D=0xffffffff9e18a81f A=0x7ffffffffffffdac
6296500: system.cpu: T0 : 0x10afc    : c_addw a5, a4              : IntAlu :  D=0xffffffffb04803ae
6297500: system.cpu: T0 : 0x10afe    : addiw a4, a5, 0            : IntAlu :  D=0xffffffffb04803ae
6298000: system.cpu: T0 : 0x10b02    : c_lui a5, 4                : IntAlu :  D=0x0000000000004000
6298500: system.cpu: T0 : 0x10b04    : c_addw a5, a4              : IntAlu :  D=0xffffffffb04843ae
6299500: system.cpu: T0 : 0x10b06    : addiw a4, a5, 0            : IntAlu :  D=0xffffffffb04843ae
6300500: system.cpu: T0 : 0x10b0a    : ld a5, -24(s0)             : MemRead :  D=0x0000000000071978 A=0x7ffffffffffffdb8
6301500: system.cpu: T0 : 0x10b0e    : addi a5, a5, 96            : IntAlu :  D=0x00000000000719d8
6302500: system.cpu: T0 : 0x10b12    : sraiw a4, a4, 15           : IntAlu :  D=0xffffffffffff6090
6303000: system.cpu: T0 : 0x10b16    : c_addiw a4, 0              : IntAlu :  D=0xffffffffffff6090
6303500: system.cpu: T0 : 0x10b18    : c_sw a4, 0(a5)             : MemWrite :  D=0x00000000ffff6090 A=0x719d8
6304500: system.cpu: T0 : 0x10b1a    : lw a4, -88(s0)             : MemRead :  D=0xffffffff81a6b22a A=0x7ffffffffffffd78
6305500: system.cpu: T0 : 0x10b1e    : lw a5, -44(s0)             : MemRead :  D=0xffffffffdf92bcc1 A=0x7ffffffffffffda4
6306000: system.cpu: T0 : 0x10b22    : c_addw a5, a4              : IntAlu :  D=0x0000000061396eeb
6306500: system.cpu: T0 : 0x10b24    : c_addiw a5, 0              : IntAlu :  D=0x0000000061396eeb
6307500: system.cpu: T0 : 0x10b26    : lw a4, -32(s0)             : MemRead :  D=0xffffffffb509848a A=0x7ffffffffffffdb0
6308000: system.cpu: T0 : 0x10b2a    : c_addw a5, a4              : IntAlu :  D=0x000000001642f375
6308500: system.cpu: T0 : 0x10b2c    : addiw a4, a5, 0            : IntAlu :  D=0x000000001642f375
6309000: system.cpu: T0 : 0x10b30    : c_lui a5, 4                : IntAlu :  D=0x0000000000004000
6309500: system.cpu: T0 : 0x10b32    : c_addw a5, a4              : IntAlu :  D=0x0000000016433375
6310000: system.cpu: T0 : 0x10b34    : addiw a4, a5, 0            : IntAlu :  D=0x0000000016433375
6310500: system.cpu: T0 : 0x10b38    : ld a5, -24(s0)             : MemRead :  D=0x0000000000071978 A=0x7ffffffffffffdb8
6311000: system.cpu: T0 : 0x10b3c    : addi a5, a5, 32            : IntAlu :  D=0x0000000000071998
6311500: system.cpu: T0 : 0x10b40    : sraiw a4, a4, 15           : IntAlu :  D=0x0000000000002c86
6312000: system.cpu: T0 : 0x10b44    : c_addiw a4, 0              : IntAlu :  D=0x0000000000002c86
6312500: system.cpu: T0 : 0x10b46    : c_sw a4, 0(a5)             : MemWrite :  D=0x0000000000002c86 A=0x71998
6313000: system.cpu: T0 : 0x10b48    : ld a5, -24(s0)             : MemRead :  D=0x0000000000071978 A=0x7ffffffffffffdb8
6313500: system.cpu: T0 : 0x10b4c    : c_addi a5, 4               : IntAlu :  D=0x000000000007197c
6314500: system.cpu: T0 : 0x10b4e    : sd a5, -24(s0)             : MemWrite :  D=0x000000000007197c A=0x7ffffffffffffdb8
6315500: system.cpu: T0 : 0x10b52    : lw a5, -96(s0)             : MemRead :  D=0x0000000000000001 A=0x7ffffffffffffd70
6316000: system.cpu: T0 : 0x10b56    : c_addiw a5, -1             : IntAlu :  D=0x0000000000000000
6316500: system.cpu: T0 : 0x10b58    : sw a5, -96(s0)             : MemWrite :  D=0x0000000000000000 A=0x7ffffffffffffd70
6317000: system.cpu: T0 : 0x10b5c    : lw a5, -96(s0)             : MemRead :  D=0x0000000000000000 A=0x7ffffffffffffd70
6317500: system.cpu: T0 : 0x10b60    : c_addiw a5, 0              : IntAlu :  D=0x0000000000000000
6318500: system.cpu: T0 : 0x10b62    : bge a5, zero, -926         : IntAlu : 
6319000: system.cpu: T0 : 0x107c4    : ld a5, -24(s0)             : MemRead :  D=0x000000000007197c A=0x7ffffffffffffdb8
6319500: system.cpu: T0 : 0x107c8    : c_lw a4, 0(a5)             : MemRead :  D=0x000000000005f955 A=0x7197c
6320500: system.cpu: T0 : 0x107ca    : ld a5, -24(s0)             : MemRead :  D=0x000000000007197c A=0x7ffffffffffffdb8
6321500: system.cpu: T0 : 0x107ce    : addi a5, a5, 224           : IntAlu :  D=0x0000000000071a5c
6322000: system.cpu: T0 : 0x107d2    : c_lw a5, 0(a5)             : MemRead :  D=0xfffffffffffc8eb8 A=0x71a5c
6322500: system.cpu: T0 : 0x107d4    : c_addw a5, a4              : IntAlu :  D=0x000000000002880d
6323500: system.cpu: T0 : 0x107d6    : sw a5, -92(s0)             : MemWrite :  D=0x000000000002880d A=0x7ffffffffffffd74
6324500: system.cpu: T0 : 0x107da    : ld a5, -24(s0)             : MemRead :  D=0x000000000007197c A=0x7ffffffffffffdb8
6325000: system.cpu: T0 : 0x107de    : c_lw a4, 0(a5)             : MemRead :  D=0x000000000005f955 A=0x7197c
6325500: system.cpu: T0 : 0x107e0    : ld a5, -24(s0)             : MemRead :  D=0x000000000007197c A=0x7ffffffffffffdb8
6326000: system.cpu: T0 : 0x107e4    : addi a5, a5, 224           : IntAlu :  D=0x0000000000071a5c
6326500: system.cpu: T0 : 0x107e8    : c_lw a5, 0(a5)             : MemRead :  D=0xfffffffffffc8eb8 A=0x71a5c
6327500: system.cpu: T0 : 0x107ea    : subw a5, a4, a5            : IntAlu :  D=0x0000000000096a9d
6328500: system.cpu: T0 : 0x107ee    : sw a5, -88(s0)             : MemWrite :  D=0x0000000000096a9d A=0x7ffffffffffffd78
6329500: system.cpu: T0 : 0x107f2    : ld a5, -24(s0)             : MemRead :  D=0x000000000007197c A=0x7ffffffffffffdb8
6330500: system.cpu: T0 : 0x107f6    : addi a5, a5, 32            : IntAlu :  D=0x000000000007199c
6331000: system.cpu: T0 : 0x107fa    : c_lw a4, 0(a5)             : MemRead :  D=0xfffffffffffdb8a9 A=0x7199c
6331500: system.cpu: T0 : 0x107fc    : ld a5, -24(s0)             : MemRead :  D=0x000000000007197c A=0x7ffffffffffffdb8
6332000: system.cpu: T0 : 0x10800    : addi a5, a5, 192           : IntAlu :  D=0x0000000000071a3c
6332500: system.cpu: T0 : 0x10804    : c_lw a5, 0(a5)             : MemRead :  D=0x0000000000028d2a A=0x71a3c
6333000: system.cpu: T0 : 0x10806    : c_addw a5, a4              : IntAlu :  D=0x00000000000045d3
6333500: system.cpu: T0 : 0x10808    : sw a5, -84(s0)             : MemWrite :  D=0x00000000000045d3 A=0x7ffffffffffffd7c
6334000: system.cpu: T0 : 0x1080c    : ld a5, -24(s0)             : MemRead :  D=0x000000000007197c A=0x7ffffffffffffdb8
6334500: system.cpu: T0 : 0x10810    : addi a5, a5, 32            : IntAlu :  D=0x000000000007199c
6335000: system.cpu: T0 : 0x10814    : c_lw a4, 0(a5)             : MemRead :  D=0xfffffffffffdb8a9 A=0x7199c
6336000: system.cpu: T0 : 0x10816    : ld a5, -24(s0)             : MemRead :  D=0x000000000007197c A=0x7ffffffffffffdb8
6337000: system.cpu: T0 : 0x1081a    : addi a5, a5, 192           : IntAlu :  D=0x0000000000071a3c
6337500: system.cpu: T0 : 0x1081e    : c_lw a5, 0(a5)             : MemRead :  D=0x0000000000028d2a A=0x71a3c
6338000: system.cpu: T0 : 0x10820    : subw a5, a4, a5            : IntAlu :  D=0xfffffffffffb2b7f
6338500: system.cpu: T0 : 0x10824    : sw a5, -80(s0)             : MemWrite :  D=0x00000000fffb2b7f A=0x7ffffffffffffd80
6339000: system.cpu: T0 : 0x10828    : ld a5, -24(s0)             : MemRead :  D=0x000000000007197c A=0x7ffffffffffffdb8
6339500: system.cpu: T0 : 0x1082c    : addi a5, a5, 64            : IntAlu :  D=0x00000000000719bc
6340000: system.cpu: T0 : 0x10830    : c_lw a4, 0(a5)             : MemRead :  D=0x0000000000007f2e A=0x719bc
6341000: system.cpu: T0 : 0x10832    : ld a5, -24(s0)             : MemRead :  D=0x000000000007197c A=0x7ffffffffffffdb8
6342000: system.cpu: T0 : 0x10836    : addi a5, a5, 160           : IntAlu :  D=0x0000000000071a1c
6342500: system.cpu: T0 : 0x1083a    : c_lw a5, 0(a5)             : MemRead :  D=0x000000000003a437 A=0x71a1c
6343000: system.cpu: T0 : 0x1083c    : c_addw a5, a4              : IntAlu :  D=0x0000000000042365
6344000: system.cpu: T0 : 0x1083e    : sw a5, -76(s0)             : MemWrite :  D=0x0000000000042365 A=0x7ffffffffffffd84
6345000: system.cpu: T0 : 0x10842    : ld a5, -24(s0)             : MemRead :  D=0x000000000007197c A=0x7ffffffffffffdb8
6346000: system.cpu: T0 : 0x10846    : addi a5, a5, 64            : IntAlu :  D=0x00000000000719bc
6346500: system.cpu: T0 : 0x1084a    : c_lw a4, 0(a5)             : MemRead :  D=0x0000000000007f2e A=0x719bc
6347000: system.cpu: T0 : 0x1084c    : ld a5, -24(s0)             : MemRead :  D=0x000000000007197c A=0x7ffffffffffffdb8
6347500: system.cpu: T0 : 0x10850    : addi a5, a5, 160           : IntAlu :  D=0x0000000000071a1c
6348000: system.cpu: T0 : 0x10854    : c_lw a5, 0(a5)             : MemRead :  D=0x000000000003a437 A=0x71a1c
6349000: system.cpu: T0 : 0x10856    : subw a5, a4, a5            : IntAlu :  D=0xfffffffffffcdaf7
6350000: system.cpu: T0 : 0x1085a    : sw a5, -72(s0)             : MemWrite :  D=0x00000000fffcdaf7 A=0x7ffffffffffffd88
6351000: system.cpu: T0 : 0x1085e    : ld a5, -24(s0)             : MemRead :  D=0x000000000007197c A=0x7ffffffffffffdb8
6352000: system.cpu: T0 : 0x10862    : addi a5, a5, 96            : IntAlu :  D=0x00000000000719dc
6352500: system.cpu: T0 : 0x10866    : c_lw a4, 0(a5)             : MemRead :  D=0xffffffffffff6e02 A=0x719dc
6353000: system.cpu: T0 : 0x10868    : ld a5, -24(s0)             : MemRead :  D=0x000000000007197c A=0x7ffffffffffffdb8
6353500: system.cpu: T0 : 0x1086c    : addi a5, a5, 128           : IntAlu :  D=0x00000000000719fc
6354000: system.cpu: T0 : 0x10870    : c_lw a5, 0(a5)             : MemRead :  D=0xfffffffffff96b28 A=0x719fc
6354500: system.cpu: T0 : 0x10872    : c_addw a5, a4              : IntAlu :  D=0xfffffffffff8d92a
6355000: system.cpu: T0 : 0x10874    : sw a5, -68(s0)             : MemWrite :  D=0x00000000fff8d92a A=0x7ffffffffffffd8c
6355500: system.cpu: T0 : 0x10878    : ld a5, -24(s0)             : MemRead :  D=0x000000000007197c A=0x7ffffffffffffdb8
6356000: system.cpu: T0 : 0x1087c    : addi a5, a5, 96            : IntAlu :  D=0x00000000000719dc
6356500: system.cpu: T0 : 0x10880    : c_lw a4, 0(a5)             : MemRead :  D=0xffffffffffff6e02 A=0x719dc
6357500: system.cpu: T0 : 0x10882    : ld a5, -24(s0)             : MemRead :  D=0x000000000007197c A=0x7ffffffffffffdb8
6358500: system.cpu: T0 : 0x10886    : addi a5, a5, 128           : IntAlu :  D=0x00000000000719fc
6359000: system.cpu: T0 : 0x1088a    : c_lw a5, 0(a5)             : MemRead :  D=0xfffffffffff96b28 A=0x719fc
6359500: system.cpu: T0 : 0x1088c    : subw a5, a4, a5            : IntAlu :  D=0x00000000000602da
6360000: system.cpu: T0 : 0x10890    : sw a5, -64(s0)             : MemWrite :  D=0x00000000000602da A=0x7ffffffffffffd90
6360500: system.cpu: T0 : 0x10894    : lw a4, -92(s0)             : MemRead :  D=0x000000000002880d A=0x7ffffffffffffd74
6361000: system.cpu: T0 : 0x10898    : lw a5, -68(s0)             : MemRead :  D=0xfffffffffff8d92a A=0x7ffffffffffffd8c
6361500: system.cpu: T0 : 0x1089c    : c_addw a5, a4              : IntAlu :  D=0xfffffffffffb6137
6362500: system.cpu: T0 : 0x1089e    : sw a5, -60(s0)             : MemWrite :  D=0x00000000fffb6137 A=0x7ffffffffffffd94
6363500: system.cpu: T0 : 0x108a2    : lw a4, -92(s0)             : MemRead :  D=0x000000000002880d A=0x7ffffffffffffd74
6364500: system.cpu: T0 : 0x108a6    : lw a5, -68(s0)             : MemRead :  D=0xfffffffffff8d92a A=0x7ffffffffffffd8c
6365500: system.cpu: T0 : 0x108aa    : subw a5, a4, a5            : IntAlu :  D=0x000000000009aee3
6366500: system.cpu: T0 : 0x108ae    : sw a5, -56(s0)             : MemWrite :  D=0x000000000009aee3 A=0x7ffffffffffffd98
6367500: system.cpu: T0 : 0x108b2    : lw a4, -84(s0)             : MemRead :  D=0x00000000000045d3 A=0x7ffffffffffffd7c
6368500: system.cpu: T0 : 0x108b6    : lw a5, -76(s0)             : MemRead :  D=0x0000000000042365 A=0x7ffffffffffffd84
6369000: system.cpu: T0 : 0x108ba    : c_addw a5, a4              : IntAlu :  D=0x0000000000046938
6369500: system.cpu: T0 : 0x108bc    : sw a5, -52(s0)             : MemWrite :  D=0x0000000000046938 A=0x7ffffffffffffd9c
6370000: system.cpu: T0 : 0x108c0    : lw a4, -84(s0)             : MemRead :  D=0x00000000000045d3 A=0x7ffffffffffffd7c
6370500: system.cpu: T0 : 0x108c4    : lw a5, -76(s0)             : MemRead :  D=0x0000000000042365 A=0x7ffffffffffffd84
6371000: system.cpu: T0 : 0x108c8    : subw a5, a4, a5            : IntAlu :  D=0xfffffffffffc226e
6371500: system.cpu: T0 : 0x108cc    : sw a5, -48(s0)             : MemWrite :  D=0x00000000fffc226e A=0x7ffffffffffffda0
6372000: system.cpu: T0 : 0x108d0    : lw a4, -60(s0)             : MemRead :  D=0xfffffffffffb6137 A=0x7ffffffffffffd94
6372500: system.cpu: T0 : 0x108d4    : lw a5, -52(s0)             : MemRead :  D=0x0000000000046938 A=0x7ffffffffffffd9c
6373000: system.cpu: T0 : 0x108d8    : c_addw a5, a4              : IntAlu :  D=0xffffffffffffca6f
6373500: system.cpu: T0 : 0x108da    : c_addiw a5, 0              : IntAlu :  D=0xffffffffffffca6f
6374000: system.cpu: T0 : 0x108dc    : c_addiw a5, 2              : IntAlu :  D=0xffffffffffffca71
6374500: system.cpu: T0 : 0x108de    : c_addiw a5, 0              : IntAlu :  D=0xffffffffffffca71
6375000: system.cpu: T0 : 0x108e0    : sraiw a5, a5, 2            : IntAlu :  D=0xfffffffffffff29c
6375500: system.cpu: T0 : 0x108e4    : addiw a4, a5, 0            : IntAlu :  D=0xfffffffffffff29c
6376000: system.cpu: T0 : 0x108e8    : ld a5, -24(s0)             : MemRead :  D=0x000000000007197c A=0x7ffffffffffffdb8
6376500: system.cpu: T0 : 0x108ec    : c_sw a4, 0(a5)             : MemWrite :  D=0x00000000fffff29c A=0x7197c
6377500: system.cpu: T0 : 0x108ee    : lw a4, -60(s0)             : MemRead :  D=0xfffffffffffb6137 A=0x7ffffffffffffd94
6378500: system.cpu: T0 : 0x108f2    : lw a5, -52(s0)             : MemRead :  D=0x0000000000046938 A=0x7ffffffffffffd9c
6379500: system.cpu: T0 : 0x108f6    : subw a5, a4, a5            : IntAlu :  D=0xfffffffffff6f7ff
6380000: system.cpu: T0 : 0x108fa    : c_addiw a5, 0              : IntAlu :  D=0xfffffffffff6f7ff
6380500: system.cpu: T0 : 0x108fc    : c_addiw a5, 2              : IntAlu :  D=0xfffffffffff6f801
6381500: system.cpu: T0 : 0x108fe    : addiw a4, a5, 0            : IntAlu :  D=0xfffffffffff6f801
6382500: system.cpu: T0 : 0x10902    : ld a5, -24(s0)             : MemRead :  D=0x000000000007197c A=0x7ffffffffffffdb8
6383500: system.cpu: T0 : 0x10906    : addi a5, a5, 128           : IntAlu :  D=0x00000000000719fc
6384500: system.cpu: T0 : 0x1090a    : sraiw a4, a4, 2            : IntAlu :  D=0xfffffffffffdbe00
6385000: system.cpu: T0 : 0x1090e    : c_addiw a4, 0              : IntAlu :  D=0xfffffffffffdbe00
6385500: system.cpu: T0 : 0x10910    : c_sw a4, 0(a5)             : MemWrite :  D=0x00000000fffdbe00 A=0x719fc
6386500: system.cpu: T0 : 0x10912    : lw a4, -48(s0)             : MemRead :  D=0xfffffffffffc226e A=0x7ffffffffffffda0
6387500: system.cpu: T0 : 0x10916    : lw a5, -56(s0)             : MemRead :  D=0x000000000009aee3 A=0x7ffffffffffffd98
6388000: system.cpu: T0 : 0x1091a    : c_addw a5, a4              : IntAlu :  D=0x000000000005d151
6388500: system.cpu: T0 : 0x1091c    : addiw a4, a5, 0            : IntAlu :  D=0x000000000005d151
6389000: system.cpu: T0 : 0x10920    : c_lui a5, 1                : IntAlu :  D=0x0000000000001000
6390000: system.cpu: T0 : 0x10922    : addiw a5, a5, 337          : IntAlu :  D=0x0000000000001151
6391000: system.cpu: T0 : 0x10926    : mulw a5, a4, a5            : IntMult :  D=0x0000000064bd9ba1
6392000: system.cpu: T0 : 0x1092a    : sw a5, -44(s0)             : MemWrite :  D=0x0000000064bd9ba1 A=0x7ffffffffffffda4
6393000: system.cpu: T0 : 0x1092e    : lw a4, -56(s0)             : MemRead :  D=0x000000000009aee3 A=0x7ffffffffffffd98
6393500: system.cpu: T0 : 0x10932    : c_lui a5, 2                : IntAlu :  D=0x0000000000002000
6394000: system.cpu: T0 : 0x10934    : addiw a5, a5, -1922        : IntAlu :  D=0x000000000000187e
6394500: system.cpu: T0 : 0x10938    : mulw a5, a4, a5            : IntMult :  D=0xffffffffed295bba
6395000: system.cpu: T0 : 0x1093c    : c_addiw a5, 0              : IntAlu :  D=0xffffffffed295bba
6396000: system.cpu: T0 : 0x1093e    : lw a4, -44(s0)             : MemRead :  D=0x0000000064bd9ba1 A=0x7ffffffffffffda4
6396500: system.cpu: T0 : 0x10942    : c_addw a5, a4              : IntAlu :  D=0x0000000051e6f75b
6397000: system.cpu: T0 : 0x10944    : addiw a4, a5, 0            : IntAlu :  D=0x0000000051e6f75b
6397500: system.cpu: T0 : 0x10948    : c_lui a5, 4                : IntAlu :  D=0x0000000000004000
6398000: system.cpu: T0 : 0x1094a    : c_addw a5, a4              : IntAlu :  D=0x0000000051e7375b
6398500: system.cpu: T0 : 0x1094c    : addiw a4, a5, 0            : IntAlu :  D=0x0000000051e7375b
6399000: system.cpu: T0 : 0x10950    : ld a5, -24(s0)             : MemRead :  D=0x000000000007197c A=0x7ffffffffffffdb8
6399500: system.cpu: T0 : 0x10954    : addi a5, a5, 64            : IntAlu :  D=0x00000000000719bc
6400000: system.cpu: T0 : 0x10958    : sraiw a4, a4, 15           : IntAlu :  D=0x000000000000a3ce
6400500: system.cpu: T0 : 0x1095c    : c_addiw a4, 0              : IntAlu :  D=0x000000000000a3ce
6401000: system.cpu: T0 : 0x1095e    : c_sw a4, 0(a5)             : MemWrite :  D=0x000000000000a3ce A=0x719bc
6401500: system.cpu: T0 : 0x10960    : lw a4, -48(s0)             : MemRead :  D=0xfffffffffffc226e A=0x7ffffffffffffda0
6402000: system.cpu: T0 : 0x10964    : c_lui a5, 1048572          : IntAlu :  D=0xffffffffffffc000
6403000: system.cpu: T0 : 0x10966    : addiw a5, a5, 1247         : IntAlu :  D=0xffffffffffffc4df
6404000: system.cpu: T0 : 0x1096a    : mulw a5, a4, a5            : IntMult :  D=0xffffffffe49035d2
6404500: system.cpu: T0 : 0x1096e    : c_addiw a5, 0              : IntAlu :  D=0xffffffffe49035d2
6405000: system.cpu: T0 : 0x10970    : lw a4, -44(s0)             : MemRead :  D=0x0000000064bd9ba1 A=0x7ffffffffffffda4
6405500: system.cpu: T0 : 0x10974    : c_addw a5, a4              : IntAlu :  D=0x00000000494dd173
6406500: system.cpu: T0 : 0x10976    : addiw a4, a5, 0            : IntAlu :  D=0x00000000494dd173
6407000: system.cpu: T0 : 0x1097a    : c_lui a5, 4                : IntAlu :  D=0x0000000000004000
6407500: system.cpu: T0 : 0x1097c    : c_addw a5, a4              : IntAlu :  D=0x00000000494e1173
6408500: system.cpu: T0 : 0x1097e    : addiw a4, a5, 0            : IntAlu :  D=0x00000000494e1173
6409500: system.cpu: T0 : 0x10982    : ld a5, -24(s0)             : MemRead :  D=0x000000000007197c A=0x7ffffffffffffdb8
6410500: system.cpu: T0 : 0x10986    : addi a5, a5, 192           : IntAlu :  D=0x0000000000071a3c
6411500: system.cpu: T0 : 0x1098a    : sraiw a4, a4, 15           : IntAlu :  D=0x000000000000929c
6412000: system.cpu: T0 : 0x1098e    : c_addiw a4, 0              : IntAlu :  D=0x000000000000929c
6412500: system.cpu: T0 : 0x10990    : c_sw a4, 0(a5)             : MemWrite :  D=0x000000000000929c A=0x71a3c
6413500: system.cpu: T0 : 0x10992    : lw a4, -64(s0)             : MemRead :  D=0x00000000000602da A=0x7ffffffffffffd90
6414500: system.cpu: T0 : 0x10996    : lw a5, -88(s0)             : MemRead :  D=0x0000000000096a9d A=0x7ffffffffffffd78
6415000: system.cpu: T0 : 0x1099a    : c_addw a5, a4              : IntAlu :  D=0x00000000000f6d77
6415500: system.cpu: T0 : 0x1099c    : sw a5, -44(s0)             : MemWrite :  D=0x00000000000f6d77 A=0x7ffffffffffffda4
6416000: system.cpu: T0 : 0x109a0    : lw a4, -72(s0)             : MemRead :  D=0xfffffffffffcdaf7 A=0x7ffffffffffffd88
6416500: system.cpu: T0 : 0x109a4    : lw a5, -80(s0)             : MemRead :  D=0xfffffffffffb2b7f A=0x7ffffffffffffd80
6417000: system.cpu: T0 : 0x109a8    : c_addw a5, a4              : IntAlu :  D=0xfffffffffff80676
6418000: system.cpu: T0 : 0x109aa    : sw a5, -40(s0)             : MemWrite :  D=0x00000000fff80676 A=0x7ffffffffffffda8
6419000: system.cpu: T0 : 0x109ae    : lw a4, -64(s0)             : MemRead :  D=0x00000000000602da A=0x7ffffffffffffd90
6420000: system.cpu: T0 : 0x109b2    : lw a5, -80(s0)             : MemRead :  D=0xfffffffffffb2b7f A=0x7ffffffffffffd80
6420500: system.cpu: T0 : 0x109b6    : c_addw a5, a4              : IntAlu :  D=0x0000000000012e59
6421000: system.cpu: T0 : 0x109b8    : sw a5, -36(s0)             : MemWrite :  D=0x0000000000012e59 A=0x7ffffffffffffdac
6421500: system.cpu: T0 : 0x109bc    : lw a4, -72(s0)             : MemRead :  D=0xfffffffffffcdaf7 A=0x7ffffffffffffd88
6422000: system.cpu: T0 : 0x109c0    : lw a5, -88(s0)             : MemRead :  D=0x0000000000096a9d A=0x7ffffffffffffd78
6422500: system.cpu: T0 : 0x109c4    : c_addw a5, a4              : IntAlu :  D=0x0000000000064594
6423500: system.cpu: T0 : 0x109c6    : sw a5, -32(s0)             : MemWrite :  D=0x0000000000064594 A=0x7ffffffffffffdb0
6424500: system.cpu: T0 : 0x109ca    : lw a4, -36(s0)             : MemRead :  D=0x0000000000012e59 A=0x7ffffffffffffdac
6425500: system.cpu: T0 : 0x109ce    : lw a5, -32(s0)             : MemRead :  D=0x0000000000064594 A=0x7ffffffffffffdb0
6426000: system.cpu: T0 : 0x109d2    : c_addw a5, a4              : IntAlu :  D=0x00000000000773ed
6426500: system.cpu: T0 : 0x109d4    : addiw a4, a5, 0            : IntAlu :  D=0x00000000000773ed
6427000: system.cpu: T0 : 0x109d8    : c_lui a5, 2                : IntAlu :  D=0x0000000000002000
6428000: system.cpu: T0 : 0x109da    : addiw a5, a5, 1441         : IntAlu :  D=0x00000000000025a1
6429000: system.cpu: T0 : 0x109de    : mulw a5, a4, a5            : IntMult :  D=0x000000001871290d
6430000: system.cpu: T0 : 0x109e2    : sw a5, -28(s0)             : MemWrite :  D=0x000000001871290d A=0x7ffffffffffffdb4
6431000: system.cpu: T0 : 0x109e6    : lw a4, -64(s0)             : MemRead :  D=0x00000000000602da A=0x7ffffffffffffd90
6431500: system.cpu: T0 : 0x109ea    : c_lui a5, 1                : IntAlu :  D=0x0000000000001000
6432000: system.cpu: T0 : 0x109ec    : addiw a5, a5, -1650        : IntAlu :  D=0x000000000000098e
6432500: system.cpu: T0 : 0x109f0    : mulw a5, a4, a5            : IntMult :  D=0x00000000396f3eec
6433000: system.cpu: T0 : 0x109f4    : sw a5, -64(s0)             : MemWrite :  D=0x00000000396f3eec A=0x7ffffffffffffd90
6433500: system.cpu: T0 : 0x109f8    : lw a4, -72(s0)             : MemRead :  D=0xfffffffffffcdaf7 A=0x7ffffffffffffd88
6434000: system.cpu: T0 : 0x109fc    : c_lui a5, 4                : IntAlu :  D=0x0000000000004000
6435000: system.cpu: T0 : 0x109fe    : addiw a5, a5, 435          : IntAlu :  D=0x00000000000041b3
6436000: system.cpu: T0 : 0x10a02    : mulw a5, a4, a5            : IntMult :  D=0x000000003165d1b5
6437000: system.cpu: T0 : 0x10a06    : sw a5, -72(s0)             : MemWrite :  D=0x000000003165d1b5 A=0x7ffffffffffffd88
6438000: system.cpu: T0 : 0x10a0a    : lw a4, -80(s0)             : MemRead :  D=0xfffffffffffb2b7f A=0x7ffffffffffffd80
6438500: system.cpu: T0 : 0x10a0e    : c_lui a5, 6                : IntAlu :  D=0x0000000000006000
6439000: system.cpu: T0 : 0x10a10    : addiw a5, a5, 596          : IntAlu :  D=0x0000000000006254
6439500: system.cpu: T0 : 0x10a14    : mulw a5, a4, a5            : IntMult :  D=0x000000002510e3ac
6440000: system.cpu: T0 : 0x10a18    : sw a5, -80(s0)             : MemWrite :  D=0x000000002510e3ac A=0x7ffffffffffffd80
6440500: system.cpu: T0 : 0x10a1c    : lw a4, -88(s0)             : MemRead :  D=0x0000000000096a9d A=0x7ffffffffffffd78
6441000: system.cpu: T0 : 0x10a20    : c_lui a5, 3                : IntAlu :  D=0x0000000000003000
6441500: system.cpu: T0 : 0x10a22    : c_addiw a5, 11             : IntAlu :  D=0x000000000000300b
6442000: system.cpu: T0 : 0x10a24    : mulw a5, a4, a5            : IntMult :  D=0xffffffffc46504bf
6442500: system.cpu: T0 : 0x10a28    : sw a5, -88(s0)             : MemWrite :  D=0x00000000c46504bf A=0x7ffffffffffffd78
6443000: system.cpu: T0 : 0x10a2c    : lw a4, -44(s0)             : MemRead :  D=0x00000000000f6d77 A=0x7ffffffffffffda4
6443500: system.cpu: T0 : 0x10a30    : c_lui a5, 1048574          : IntAlu :  D=0xffffffffffffe000
6444500: system.cpu: T0 : 0x10a32    : addiw a5, a5, 819          : IntAlu :  D=0xffffffffffffe333
6445500: system.cpu: T0 : 0x10a36    : mulw a5, a4, a5            : IntMult :  D=0x0000000043ac53b5
6446500: system.cpu: T0 : 0x10a3a    : sw a5, -44(s0)             : MemWrite :  D=0x0000000043ac53b5 A=0x7ffffffffffffda4
6447500: system.cpu: T0 : 0x10a3e    : lw a4, -40(s0)             : MemRead :  D=0xfffffffffff80676 A=0x7ffffffffffffda8
6448000: system.cpu: T0 : 0x10a42    : c_lui a5, 1048571          : IntAlu :  D=0xffffffffffffb000
6448500: system.cpu: T0 : 0x10a44    : addiw a5, a5, -515         : IntAlu :  D=0xffffffffffffadfd
6449000: system.cpu: T0 : 0x10a48    : mulw a5, a4, a5            : IntMult :  D=0xffffffff8e06209e
6449500: system.cpu: T0 : 0x10a4c    : sw a5, -40(s0)             : MemWrite :  D=0x000000008e06209e A=0x7ffffffffffffda8
6450000: system.cpu: T0 : 0x10a50    : lw a4, -36(s0)             : MemRead :  D=0x0000000000012e59 A=0x7ffffffffffffdac
6450500: system.cpu: T0 : 0x10a54    : c_lui a5, 1048572          : IntAlu :  D=0xffffffffffffc000
6451500: system.cpu: T0 : 0x10a56    : addiw a5, a5, 315          : IntAlu :  D=0xffffffffffffc13b
6452500: system.cpu: T0 : 0x10a5a    : mulw a5, a4, a5            : IntMult :  D=0xffffffffb5ddc783
6453500: system.cpu: T0 : 0x10a5e    : sw a5, -36(s0)             : MemWrite :  D=0x00000000b5ddc783 A=0x7ffffffffffffdac
6454500: system.cpu: T0 : 0x10a62    : lw a4, -32(s0)             : MemRead :  D=0x0000000000064594 A=0x7ffffffffffffdb0
6455000: system.cpu: T0 : 0x10a66    : c_lui a5, 1048575          : IntAlu :  D=0xfffffffffffff000
6455500: system.cpu: T0 : 0x10a68    : addiw a5, a5, 900          : IntAlu :  D=0xfffffffffffff384
6456000: system.cpu: T0 : 0x10a6c    : mulw a5, a4, a5            : IntMult :  D=0xffffffffb1b35c50
6456500: system.cpu: T0 : 0x10a70    : sw a5, -32(s0)             : MemWrite :  D=0x00000000b1b35c50 A=0x7ffffffffffffdb0
6457000: system.cpu: T0 : 0x10a74    : lw a4, -36(s0)             : MemRead :  D=0xffffffffb5ddc783 A=0x7ffffffffffffdac
6457500: system.cpu: T0 : 0x10a78    : lw a5, -28(s0)             : MemRead :  D=0x000000001871290d A=0x7ffffffffffffdb4
6458000: system.cpu: T0 : 0x10a7c    : c_addw a5, a4              : IntAlu :  D=0xffffffffce4ef090
6459000: system.cpu: T0 : 0x10a7e    : sw a5, -36(s0)             : MemWrite :  D=0x00000000ce4ef090 A=0x7ffffffffffffdac
6460000: system.cpu: T0 : 0x10a82    : lw a4, -32(s0)             : MemRead :  D=0xffffffffb1b35c50 A=0x7ffffffffffffdb0
6461000: system.cpu: T0 : 0x10a86    : lw a5, -28(s0)             : MemRead :  D=0x000000001871290d A=0x7ffffffffffffdb4
6461500: system.cpu: T0 : 0x10a8a    : c_addw a5, a4              : IntAlu :  D=0xffffffffca24855d
6462000: system.cpu: T0 : 0x10a8c    : sw a5, -32(s0)             : MemWrite :  D=0x00000000ca24855d A=0x7ffffffffffffdb0
6462500: system.cpu: T0 : 0x10a90    : lw a4, -64(s0)             : MemRead :  D=0x00000000396f3eec A=0x7ffffffffffffd90
6463000: system.cpu: T0 : 0x10a94    : lw a5, -44(s0)             : MemRead :  D=0x0000000043ac53b5 A=0x7ffffffffffffda4
6463500: system.cpu: T0 : 0x10a98    : c_addw a5, a4              : IntAlu :  D=0x000000007d1b92a1
6464000: system.cpu: T0 : 0x10a9a    : c_addiw a5, 0              : IntAlu :  D=0x000000007d1b92a1
6464500: system.cpu: T0 : 0x10a9c    : lw a4, -36(s0)             : MemRead :  D=0xffffffffce4ef090 A=0x7ffffffffffffdac
6465000: system.cpu: T0 : 0x10aa0    : c_addw a5, a4              : IntAlu :  D=0x000000004b6a8331
6466000: system.cpu: T0 : 0x10aa2    : addiw a4, a5, 0            : IntAlu :  D=0x000000004b6a8331
6466500: system.cpu: T0 : 0x10aa6    : c_lui a5, 4                : IntAlu :  D=0x0000000000004000
6467000: system.cpu: T0 : 0x10aa8    : c_addw a5, a4              : IntAlu :  D=0x000000004b6ac331
6468000: system.cpu: T0 : 0x10aaa    : addiw a4, a5, 0            : IntAlu :  D=0x000000004b6ac331
6469000: system.cpu: T0 : 0x10aae    : ld a5, -24(s0)             : MemRead :  D=0x000000000007197c A=0x7ffffffffffffdb8
6470000: system.cpu: T0 : 0x10ab2    : addi a5, a5, 224           : IntAlu :  D=0x0000000000071a5c
6471000: system.cpu: T0 : 0x10ab6    : sraiw a4, a4, 15           : IntAlu :  D=0x00000000000096d5
6471500: system.cpu: T0 : 0x10aba    : c_addiw a4, 0              : IntAlu :  D=0x00000000000096d5
6472000: system.cpu: T0 : 0x10abc    : c_sw a4, 0(a5)             : MemWrite :  D=0x00000000000096d5 A=0x71a5c
6473000: system.cpu: T0 : 0x10abe    : lw a4, -72(s0)             : MemRead :  D=0x000000003165d1b5 A=0x7ffffffffffffd88
6474000: system.cpu: T0 : 0x10ac2    : lw a5, -40(s0)             : MemRead :  D=0xffffffff8e06209e A=0x7ffffffffffffda8
6474500: system.cpu: T0 : 0x10ac6    : c_addw a5, a4              : IntAlu :  D=0xffffffffbf6bf253
6475000: system.cpu: T0 : 0x10ac8    : c_addiw a5, 0              : IntAlu :  D=0xffffffffbf6bf253
6476000: system.cpu: T0 : 0x10aca    : lw a4, -32(s0)             : MemRead :  D=0xffffffffca24855d A=0x7ffffffffffffdb0
6476500: system.cpu: T0 : 0x10ace    : c_addw a5, a4              : IntAlu :  D=0xffffffff899077b0
6477000: system.cpu: T0 : 0x10ad0    : addiw a4, a5, 0            : IntAlu :  D=0xffffffff899077b0
6477500: system.cpu: T0 : 0x10ad4    : c_lui a5, 4                : IntAlu :  D=0x0000000000004000
6478000: system.cpu: T0 : 0x10ad6    : c_addw a5, a4              : IntAlu :  D=0xffffffff8990b7b0
6478500: system.cpu: T0 : 0x10ad8    : addiw a4, a5, 0            : IntAlu :  D=0xffffffff8990b7b0
6479000: system.cpu: T0 : 0x10adc    : ld a5, -24(s0)             : MemRead :  D=0x000000000007197c A=0x7ffffffffffffdb8
6479500: system.cpu: T0 : 0x10ae0    : addi a5, a5, 160           : IntAlu :  D=0x0000000000071a1c
6480000: system.cpu: T0 : 0x10ae4    : sraiw a4, a4, 15           : IntAlu :  D=0xffffffffffff1321
6480500: system.cpu: T0 : 0x10ae8    : c_addiw a4, 0              : IntAlu :  D=0xffffffffffff1321
6481000: system.cpu: T0 : 0x10aea    : c_sw a4, 0(a5)             : MemWrite :  D=0x00000000ffff1321 A=0x71a1c
6481500: system.cpu: T0 : 0x10aec    : lw a4, -80(s0)             : MemRead :  D=0x000000002510e3ac A=0x7ffffffffffffd80
6482000: system.cpu: T0 : 0x10af0    : lw a5, -40(s0)             : MemRead :  D=0xffffffff8e06209e A=0x7ffffffffffffda8
6482500: system.cpu: T0 : 0x10af4    : c_addw a5, a4              : IntAlu :  D=0xffffffffb317044a
6483000: system.cpu: T0 : 0x10af6    : c_addiw a5, 0              : IntAlu :  D=0xffffffffb317044a
6483500: system.cpu: T0 : 0x10af8    : lw a4, -36(s0)             : MemRead :  D=0xffffffffce4ef090 A=0x7ffffffffffffdac
6484000: system.cpu: T0 : 0x10afc    : c_addw a5, a4              : IntAlu :  D=0xffffffff8165f4da
6485000: system.cpu: T0 : 0x10afe    : addiw a4, a5, 0            : IntAlu :  D=0xffffffff8165f4da
6485500: system.cpu: T0 : 0x10b02    : c_lui a5, 4                : IntAlu :  D=0x0000000000004000
6486000: system.cpu: T0 : 0x10b04    : c_addw a5, a4              : IntAlu :  D=0xffffffff816634da
6487000: system.cpu: T0 : 0x10b06    : addiw a4, a5, 0            : IntAlu :  D=0xffffffff816634da
6488000: system.cpu: T0 : 0x10b0a    : ld a5, -24(s0)             : MemRead :  D=0x000000000007197c A=0x7ffffffffffffdb8
6489000: system.cpu: T0 : 0x10b0e    : addi a5, a5, 96            : IntAlu :  D=0x00000000000719dc
6490000: system.cpu: T0 : 0x10b12    : sraiw a4, a4, 15           : IntAlu :  D=0xffffffffffff02cc
6490500: system.cpu: T0 : 0x10b16    : c_addiw a4, 0              : IntAlu :  D=0xffffffffffff02cc
6491000: system.cpu: T0 : 0x10b18    : c_sw a4, 0(a5)             : MemWrite :  D=0x00000000ffff02cc A=0x719dc
6492000: system.cpu: T0 : 0x10b1a    : lw a4, -88(s0)             : MemRead :  D=0xffffffffc46504bf A=0x7ffffffffffffd78
6493000: system.cpu: T0 : 0x10b1e    : lw a5, -44(s0)             : MemRead :  D=0x0000000043ac53b5 A=0x7ffffffffffffda4
6493500: system.cpu: T0 : 0x10b22    : c_addw a5, a4              : IntAlu :  D=0x0000000008115874
6494000: system.cpu: T0 : 0x10b24    : c_addiw a5, 0              : IntAlu :  D=0x0000000008115874
6495000: system.cpu: T0 : 0x10b26    : lw a4, -32(s0)             : MemRead :  D=0xffffffffca24855d A=0x7ffffffffffffdb0
6495500: system.cpu: T0 : 0x10b2a    : c_addw a5, a4              : IntAlu :  D=0xffffffffd235ddd1
6496000: system.cpu: T0 : 0x10b2c    : addiw a4, a5, 0            : IntAlu :  D=0xffffffffd235ddd1
6496500: system.cpu: T0 : 0x10b30    : c_lui a5, 4                : IntAlu :  D=0x0000000000004000
6497000: system.cpu: T0 : 0x10b32    : c_addw a5, a4              : IntAlu :  D=0xffffffffd2361dd1
6497500: system.cpu: T0 : 0x10b34    : addiw a4, a5, 0            : IntAlu :  D=0xffffffffd2361dd1
6498000: system.cpu: T0 : 0x10b38    : ld a5, -24(s0)             : MemRead :  D=0x000000000007197c A=0x7ffffffffffffdb8
6498500: system.cpu: T0 : 0x10b3c    : addi a5, a5, 32            : IntAlu :  D=0x000000000007199c
6499000: system.cpu: T0 : 0x10b40    : sraiw a4, a4, 15           : IntAlu :  D=0xffffffffffffa46c
6499500: system.cpu: T0 : 0x10b44    : c_addiw a4, 0              : IntAlu :  D=0xffffffffffffa46c
6500000: system.cpu: T0 : 0x10b46    : c_sw a4, 0(a5)             : MemWrite :  D=0x00000000ffffa46c A=0x7199c
6500500: system.cpu: T0 : 0x10b48    : ld a5, -24(s0)             : MemRead :  D=0x000000000007197c A=0x7ffffffffffffdb8
6501000: system.cpu: T0 : 0x10b4c    : c_addi a5, 4               : IntAlu :  D=0x0000000000071980
6502000: system.cpu: T0 : 0x10b4e    : sd a5, -24(s0)             : MemWrite :  D=0x0000000000071980 A=0x7ffffffffffffdb8
6503000: system.cpu: T0 : 0x10b52    : lw a5, -96(s0)             : MemRead :  D=0x0000000000000000 A=0x7ffffffffffffd70
6503500: system.cpu: T0 : 0x10b56    : c_addiw a5, -1             : IntAlu :  D=0xffffffffffffffff
6504000: system.cpu: T0 : 0x10b58    : sw a5, -96(s0)             : MemWrite :  D=0x00000000ffffffff A=0x7ffffffffffffd70
6504500: system.cpu: T0 : 0x10b5c    : lw a5, -96(s0)             : MemRead :  D=0xffffffffffffffff A=0x7ffffffffffffd70
6505000: system.cpu: T0 : 0x10b60    : c_addiw a5, 0              : IntAlu :  D=0xffffffffffffffff
6506000: system.cpu: T0 : 0x10b62    : bge a5, zero, -926         : IntAlu : 
6506500: system.cpu: T0 : 0x10b66    : c_addi zero, 0             : IntAlu :  D=0x0000000000000000
6507000: system.cpu: T0 : 0x10b68    : c_addi zero, 0             : IntAlu :  D=0x0000000000000000
6507500: system.cpu: T0 : 0x10b6a    : c_ldsp s0, 88(sp)          : MemRead :  D=0x7ffffffffffffdf0 A=0x7ffffffffffffdc8
6508000: system.cpu: T0 : 0x10b6c    : c_addi16sp sp, 96          : IntAlu :  D=0x7ffffffffffffdd0
6508500: system.cpu: T0 : 0x10b6e    : c_jr ra                    : IntAlu : 
6509000: system.cpu: T0 : 0x10be0    : c_li a5, 0                 : IntAlu :  D=0x0000000000000000
6509500: system.cpu: T0 : 0x10be2    : c_mv a0, a5                : IntAlu :  D=0x0000000000000000
6510000: system.cpu: T0 : 0x10be4    : c_ldsp ra, 24(sp)          : MemRead :  D=0x0000000000010d7e A=0x7ffffffffffffde8
6510500: system.cpu: T0 : 0x10be6    : c_ldsp s0, 16(sp)          : MemRead :  D=0x00000000000110b8 A=0x7ffffffffffffde0
6511000: system.cpu: T0 : 0x10be8    : c_addi16sp sp, 32          : IntAlu :  D=0x7ffffffffffffdf0
6511500: system.cpu: T0 : 0x10bea    : c_jr ra                    : IntAlu : 
6512500: system.cpu: T0 : 0x10d7e    : jal ra, 17142              : IntAlu :  D=0x0000000000010d82
6513000: system.cpu: T0 : 0x15074    : c_addi sp, -16             : IntAlu :  D=0x7ffffffffffffde0
6513500: system.cpu: T0 : 0x15076    : c_li a3, 1                 : IntAlu :  D=0x0000000000000001
6514000: system.cpu: T0 : 0x15078    : c_li a2, 1                 : IntAlu :  D=0x0000000000000001
6515000: system.cpu: T0 : 0x1507a    : addi a1, gp, -1936         : IntAlu :  D=0x00000000000708a0
6515500: system.cpu: T0 : 0x1507e    : c_sdsp ra, 8(sp)           : MemWrite :  D=0x0000000000010d82 A=0x7ffffffffffffde8
6516000: system.cpu: T0 : 0x15080    : jal ra, -468               : IntAlu :  D=0x0000000000015084
6516500: system.cpu: T0 : 0x14eac    : c_addi16sp sp, -128        : IntAlu :  D=0x7ffffffffffffd60
6517000: system.cpu: T0 : 0x14eae    : c_sdsp s6, 64(sp)          : MemWrite :  D=0x0000000000000000 A=0x7ffffffffffffda0
6517500: system.cpu: T0 : 0x14eb0    : c_sdsp s7, 56(sp)          : MemWrite :  D=0x0000000000000000 A=0x7ffffffffffffd98
6518000: system.cpu: T0 : 0x14eb2    : c_sdsp ra, 120(sp)         : MemWrite :  D=0x0000000000015084 A=0x7ffffffffffffdd8
6518500: system.cpu: T0 : 0x14eb4    : c_sdsp s0, 112(sp)         : MemWrite :  D=0x00000000000110b8 A=0x7ffffffffffffdd0
6519000: system.cpu: T0 : 0x14eb6    : c_sdsp s1, 104(sp)         : MemWrite :  D=0x0000000000011148 A=0x7ffffffffffffdc8
6519500: system.cpu: T0 : 0x14eb8    : c_sdsp s2, 96(sp)          : MemWrite :  D=0x0000000000000000 A=0x7ffffffffffffdc0
6520000: system.cpu: T0 : 0x14eba    : c_sdsp s3, 88(sp)          : MemWrite :  D=0x0000000000000000 A=0x7ffffffffffffdb8
6520500: system.cpu: T0 : 0x14ebc    : c_sdsp s4, 80(sp)          : MemWrite :  D=0x0000000000000000 A=0x7ffffffffffffdb0
6521000: system.cpu: T0 : 0x14ebe    : c_sdsp s5, 72(sp)          : MemWrite :  D=0x0000000000000000 A=0x7ffffffffffffda8
6521500: system.cpu: T0 : 0x14ec0    : c_sdsp s8, 48(sp)          : MemWrite :  D=0x0000000000000000 A=0x7ffffffffffffd90
6522000: system.cpu: T0 : 0x14ec2    : c_sdsp s9, 40(sp)          : MemWrite :  D=0x0000000000000000 A=0x7ffffffffffffd88
6522500: system.cpu: T0 : 0x14ec4    : c_sdsp s10, 32(sp)         : MemWrite :  D=0x0000000000000000 A=0x7ffffffffffffd80
6523000: system.cpu: T0 : 0x14ec6    : c_sdsp s11, 24(sp)         : MemWrite :  D=0x0000000000000000 A=0x7ffffffffffffd78
6523500: system.cpu: T0 : 0x14ec8    : addi a5, zero, 0           : IntAlu :  D=0x0000000000000000
6524000: system.cpu: T0 : 0x14ecc    : c_sdsp a2, 8(sp)           : MemWrite :  D=0x0000000000000001 A=0x7ffffffffffffd68
6524500: system.cpu: T0 : 0x14ece    : c_mv s6, a0                : IntAlu :  D=0x0000000000000000
6525000: system.cpu: T0 : 0x14ed0    : c_mv s7, a1                : IntAlu :  D=0x00000000000708a0
6525500: system.cpu: T0 : 0x14ed2    : c_beqz a5, 6               : IntAlu : 
6526000: system.cpu: T0 : 0x14ed8    : lui s9, 114                : IntAlu :  D=0x0000000000072000
6526500: system.cpu: T0 : 0x14edc    : lui s11, 114               : IntAlu :  D=0x0000000000072000
6527000: system.cpu: T0 : 0x14ee0    : c_li s4, 0                 : IntAlu :  D=0x0000000000000000
6527500: system.cpu: T0 : 0x14ee2    : c_li s3, 1                 : IntAlu :  D=0x0000000000000001
6528000: system.cpu: T0 : 0x14ee4    : c_li a4, 1                 : IntAlu :  D=0x0000000000000001
6529000: system.cpu: T0 : 0x14ee6    : addi a3, s9, -344          : IntAlu :  D=0x0000000000071ea8
6530000: system.cpu: T0 : 0x14eea    : lr_w a5, (a3)             
6530000: system.cpu: T0 : 0x14eea. 0 : lr_w a5, (a3)              : MemRead :  D=0x0000000000000000 A=0x71ea8
6530500: system.cpu: T0 : 0x14eee    : c_bnez a5, 8               : IntAlu : 
6531000: system.cpu: T0 : 0x14ef0    : sc_w_aq a2, a4, (a3)      
6531000: system.cpu: T0 : 0x14ef0. 0 : sc_w a2, a4, (a3)          : MemWrite :  D=0x0000000000000000 A=0x71ea8
6531500: system.cpu: T0 : 0x14ef0. 1 : 0x1ce6a62f fence           : No_OpClass : 
6532000: system.cpu: T0 : 0x14ef4    : c_bnez a2, -10             : IntAlu : 
6532500: system.cpu: T0 : 0x14ef6    : c_addiw a5, 0              : IntAlu :  D=0x0000000000000000
6533000: system.cpu: T0 : 0x14ef8    : bne a5, zero, 338          : IntAlu : 
6533500: system.cpu: T0 : 0x14efc    : ld s10, 0(s7)              : MemRead :  D=0x0000000000071148 A=0x708a0
6534000: system.cpu: T0 : 0x14f00    : beq s10, zero, 152         : IntAlu : 
6534500: system.cpu: T0 : 0x14f04    : c_li s5, 3                 : IntAlu :  D=0x0000000000000003
6535000: system.cpu: T0 : 0x14f06    : c_li s2, 4                 : IntAlu :  D=0x0000000000000004
6535500: system.cpu: T0 : 0x14f08    : c_li s1, 2                 : IntAlu :  D=0x0000000000000002
6536000: system.cpu: T0 : 0x14f0a    : c_li s0, 1                 : IntAlu :  D=0x0000000000000001
6536500: system.cpu: T0 : 0x14f0c    : c_j 34                     : IntAlu : 
6537500: system.cpu: T0 : 0x14f2e    : ld a5, 8(s10)              : MemRead :  D=0x0000000000000001 A=0x71150
6538000: system.cpu: T0 : 0x14f32    : c_beqz a5, 222             : IntAlu : 
6538500: system.cpu: T0 : 0x14f34    : ld s8, -336(s11)           : MemRead :  D=0x0000000000000001 A=0x71eb0
6539000: system.cpu: T0 : 0x14f38    : c_addi a5, -1              : IntAlu :  D=0x0000000000000000
6540000: system.cpu: T0 : 0x14f3a    : sd a5, 8(s10)              : MemWrite :  D=0x0000000000000000 A=0x71150
6540500: system.cpu: T0 : 0x14f3e    : c_mv a4, s4                : IntAlu :  D=0x0000000000000000
6541000: system.cpu: T0 : 0x14f40    : addi a3, s9, -344          : IntAlu :  D=0x0000000000071ea8
6541500: system.cpu: T0 : 0x14f44    : fence iorw, ow             : No_OpClass : 
6542000: system.cpu: T0 : 0x14f48    : amoswap_w a4, a4, (a3)    
6542000: system.cpu: T0 : 0x14f48. 0 : amoswap_w[l] a4, a4, (a3)  : MemRead :  D=0x0000000000000001 A=0x71ea8
6542500: system.cpu: T0 : 0x14f4c    : c_addiw a4, 0              : IntAlu :  D=0x0000000000000001
6543500: system.cpu: T0 : 0x14f4e    : blt s3, a4, 172            : IntAlu : 
6544000: system.cpu: T0 : 0x14f52    : c_slli a5, 5               : IntAlu :  D=0x0000000000000000
6544500: system.cpu: T0 : 0x14f54    : c_add a5, s10              : IntAlu :  D=0x0000000000071148
6545000: system.cpu: T0 : 0x14f56    : c_ld a4, 16(a5)            : MemRead :  D=0x0000000000000004 A=0x71158
6545500: system.cpu: T0 : 0x14f58    : beq a4, s5, 146            : IntAlu : 
6546000: system.cpu: T0 : 0x14f5c    : bne a4, s2, -78            : IntAlu : 
6546500: system.cpu: T0 : 0x14f60    : c_ld a4, 24(a5)            : MemRead :  D=0x0000000000011148 A=0x71160
6547000: system.cpu: T0 : 0x14f62    : c_ld a0, 32(a5)            : MemRead :  D=0x0000000000000000 A=0x71168
6547500: system.cpu: T0 : 0x14f64    : sd zero, 16(a5)            : MemWrite :  D=0x0000000000000000 A=0x71158
6548000: system.cpu: T0 : 0x14f68    : c_mv a1, s6                : IntAlu :  D=0x0000000000000000
6548500: system.cpu: T0 : 0x14f6a    : c_jalr a4                  : IntAlu :  D=0x0000000000014f6c
6549000: system.cpu: T0 : 0x11148    : c_addi sp, -32             : IntAlu :  D=0x7ffffffffffffd40
6549500: system.cpu: T0 : 0x1114a    : c_sdsp s0, 16(sp)          : MemWrite :  D=0x0000000000000001 A=0x7ffffffffffffd50
6550000: system.cpu: T0 : 0x1114c    : lui a5, 111                : IntAlu :  D=0x000000000006f000
6550500: system.cpu: T0 : 0x11150    : lui s0, 111                : IntAlu :  D=0x000000000006f000
6551000: system.cpu: T0 : 0x11154    : addi s0, s0, -1280         : IntAlu :  D=0x000000000006eb00
6551500: system.cpu: T0 : 0x11158    : addi a5, a5, -1264         : IntAlu :  D=0x000000000006eb10
6552000: system.cpu: T0 : 0x1115c    : c_sub a5, s0               : IntAlu :  D=0x0000000000000010
6552500: system.cpu: T0 : 0x1115e    : c_sdsp ra, 24(sp)          : MemWrite :  D=0x0000000000014f6c A=0x7ffffffffffffd58
6553000: system.cpu: T0 : 0x11160    : c_sdsp s1, 8(sp)           : MemWrite :  D=0x0000000000000002 A=0x7ffffffffffffd48
6553500: system.cpu: T0 : 0x11162    : c_sdsp s2, 0(sp)           : MemWrite :  D=0x0000000000000004 A=0x7ffffffffffffd40
6554000: system.cpu: T0 : 0x11164    : srai a4, a5, 3             : IntAlu :  D=0x0000000000000002
6554500: system.cpu: T0 : 0x11168    : c_beqz a4, 24              : IntAlu : 
6555000: system.cpu: T0 : 0x1116a    : c_addi a5, -8              : IntAlu :  D=0x0000000000000008
6555500: system.cpu: T0 : 0x1116c    : addi s1, a4, -1            : IntAlu :  D=0x0000000000000001
6556000: system.cpu: T0 : 0x11170    : c_add s0, a5               : IntAlu :  D=0x000000000006eb08
6556500: system.cpu: T0 : 0x11172    : c_li s2, -1                : IntAlu :  D=0xffffffffffffffff
6557000: system.cpu: T0 : 0x11174    : c_ld a5, 0(s0)             : MemRead :  D=0x0000000000010340 A=0x6eb08
6557500: system.cpu: T0 : 0x11176    : c_addi s1, -1              : IntAlu :  D=0x0000000000000000
6558000: system.cpu: T0 : 0x11178    : c_addi s0, -8              : IntAlu :  D=0x000000000006eb00
6558500: system.cpu: T0 : 0x1117a    : c_jalr a5                  : IntAlu :  D=0x000000000001117c
6559000: system.cpu: T0 : 0x10340    : addi a0, gp, 1616          : IntAlu :  D=0x0000000000071680
6559500: system.cpu: T0 : 0x10344    : jal zero, 210842           : IntAlu :  D=0x0000000000010348
6560000: system.cpu: T0 : 0x43ade    : c_addi sp, -32             : IntAlu :  D=0x7ffffffffffffd20
6560500: system.cpu: T0 : 0x43ae0    : c_sdsp s1, 8(sp)           : MemWrite :  D=0x0000000000000000 A=0x7ffffffffffffd28
6561000: system.cpu: T0 : 0x43ae2    : c_ld s1, 0(a0)             : MemRead :  D=0x0000000000000000 A=0x71680
6561500: system.cpu: T0 : 0x43ae4    : c_sdsp ra, 24(sp)          : MemWrite :  D=0x000000000001117c A=0x7ffffffffffffd38
6562000: system.cpu: T0 : 0x43ae6    : c_sdsp s0, 16(sp)          : MemWrite :  D=0x000000000006eb00 A=0x7ffffffffffffd30
6562500: system.cpu: T0 : 0x43ae8    : c_beqz s1, 20              : IntAlu : 
6563000: system.cpu: T0 : 0x43afc    : c_ldsp ra, 24(sp)          : MemRead :  D=0x000000000001117c A=0x7ffffffffffffd38
6563500: system.cpu: T0 : 0x43afe    : c_ldsp s0, 16(sp)          : MemRead :  D=0x000000000006eb00 A=0x7ffffffffffffd30
6564000: system.cpu: T0 : 0x43b00    : c_ldsp s1, 8(sp)           : MemRead :  D=0x0000000000000000 A=0x7ffffffffffffd28
6564500: system.cpu: T0 : 0x43b02    : c_addi16sp sp, 32          : IntAlu :  D=0x7ffffffffffffd40
6565000: system.cpu: T0 : 0x43b04    : c_jr ra                    : IntAlu : 
6565500: system.cpu: T0 : 0x1117c    : bne s1, s2, -8             : IntAlu : 
6566000: system.cpu: T0 : 0x11174    : c_ld a5, 0(s0)             : MemRead :  D=0x00000000000103d6 A=0x6eb00
6566500: system.cpu: T0 : 0x11176    : c_addi s1, -1              : IntAlu :  D=0xffffffffffffffff
6567000: system.cpu: T0 : 0x11178    : c_addi s0, -8              : IntAlu :  D=0x000000000006eaf8
6567500: system.cpu: T0 : 0x1117a    : c_jalr a5                  : IntAlu :  D=0x000000000001117c
6568000: system.cpu: T0 : 0x103d6    : c_addi sp, -16             : IntAlu :  D=0x7ffffffffffffd30
6568500: system.cpu: T0 : 0x103d8    : c_sdsp s0, 0(sp)           : MemWrite :  D=0x000000000006eaf8 A=0x7ffffffffffffd30
6569500: system.cpu: T0 : 0x103da    : lbu a5, -1016(gp)          : MemRead :  D=0x0000000000000000 A=0x70c38
6570000: system.cpu: T0 : 0x103de    : c_sdsp ra, 8(sp)           : MemWrite :  D=0x000000000001117c A=0x7ffffffffffffd38
6570500: system.cpu: T0 : 0x103e0    : c_bnez a5, 34              : IntAlu : 
6571500: system.cpu: T0 : 0x103e2    : jal ra, -96                : IntAlu :  D=0x00000000000103e6
6572500: system.cpu: T0 : 0x10382    : lui a0, 112                : IntAlu :  D=0x0000000000070000
6573500: system.cpu: T0 : 0x10386    : lui a4, 112                : IntAlu :  D=0x0000000000070000
6574500: system.cpu: T0 : 0x1038a    : addi a5, a0, 2032          : IntAlu :  D=0x00000000000707f0
6575500: system.cpu: T0 : 0x1038e    : addi a4, a4, 2032          : IntAlu :  D=0x00000000000707f0
6576500: system.cpu: T0 : 0x10392    : beq a4, a5, 18             : IntAlu : 
6577000: system.cpu: T0 : 0x103a4    : c_jr ra                    : IntAlu : 
6578000: system.cpu: T0 : 0x103e6    : lui a5, 77                 : IntAlu :  D=0x000000000004d000
6579000: system.cpu: T0 : 0x103ea    : addi a5, a5, -696          : IntAlu :  D=0x000000000004cd48
6579500: system.cpu: T0 : 0x103ee    : c_beqz a5, 14              : IntAlu : 
6580000: system.cpu: T0 : 0x103f0    : lui a0, 107                : IntAlu :  D=0x000000000006b000
6580500: system.cpu: T0 : 0x103f4    : addi a0, a0, -1872         : IntAlu :  D=0x000000000006a8b0
6581000: system.cpu: T0 : 0x103f8    : jal ra, 248144             : IntAlu :  D=0x00000000000103fc
6581500: system.cpu: T0 : 0x4cd48    : c_j -222                   : IntAlu : 
6582000: system.cpu: T0 : 0x4cc6a    : c_addi sp, -32             : IntAlu :  D=0x7ffffffffffffd10
6582500: system.cpu: T0 : 0x4cc6c    : c_sdsp ra, 24(sp)          : MemWrite :  D=0x00000000000103fc A=0x7ffffffffffffd28
6583000: system.cpu: T0 : 0x4cc6e    : c_sdsp s0, 16(sp)          : MemWrite :  D=0x000000000006eaf8 A=0x7ffffffffffffd20
6583500: system.cpu: T0 : 0x4cc70    : c_sdsp s1, 8(sp)           : MemWrite :  D=0xffffffffffffffff A=0x7ffffffffffffd18
6584000: system.cpu: T0 : 0x4cc72    : c_sdsp s2, 0(sp)           : MemWrite :  D=0xffffffffffffffff A=0x7ffffffffffffd10
6584500: system.cpu: T0 : 0x4cc74    : c_beqz a0, 160             : IntAlu : 
6585000: system.cpu: T0 : 0x4cc76    : c_lw a5, 0(a0)             : MemRead :  D=0x000000000000001c A=0x6a8b0
6585500: system.cpu: T0 : 0x4cc78    : c_mv s1, a0                : IntAlu :  D=0x000000000006a8b0
6586000: system.cpu: T0 : 0x4cc7a    : c_beqz a5, 154             : IntAlu : 
6586500: system.cpu: T0 : 0x4cc7c    : auipc s2, 36               : IntAlu :  D=0x0000000000070c7c
6587000: system.cpu: T0 : 0x4cc80    : ld s2, -1140(s2)           : MemRead :  D=0x0000000000000000 A=0x70808
6587500: system.cpu: T0 : 0x4cc84    : beq s2, zero, 22           : IntAlu : 
6588500: system.cpu: T0 : 0x4cc9a    : addi a2, gp, 1880          : IntAlu :  D=0x0000000000071788
6589500: system.cpu: T0 : 0x4cc9e    : ld a5, 448(a2)             : MemRead :  D=0x0000000000070c40 A=0x71948
6590000: system.cpu: T0 : 0x4cca2    : c_beqz a5, 66              : IntAlu : 
6590500: system.cpu: T0 : 0x4cca4    : auipc a3, 37               : IntAlu :  D=0x0000000000071ca4
6591000: system.cpu: T0 : 0x4cca8    : addi a3, a3, -860          : IntAlu :  D=0x0000000000071948
6591500: system.cpu: T0 : 0x4ccac    : c_j 8                      : IntAlu : 
6592000: system.cpu: T0 : 0x4ccb4    : c_ld a4, 24(a5)            : MemRead :  D=0x000000000006a8b0 A=0x70c58
6592500: system.cpu: T0 : 0x4ccb6    : c_mv s0, a5                : IntAlu :  D=0x0000000000070c40
6593000: system.cpu: T0 : 0x4ccb8    : c_ld a5, 40(a5)            : MemRead :  D=0x0000000000000000 A=0x70c68
6594000: system.cpu: T0 : 0x4ccba    : bne s1, a4, -12            : IntAlu : 
6594500: system.cpu: T0 : 0x4ccbe    : c_sd a5, 0(a3)             : MemWrite :  D=0x0000000000000000 A=0x71948
6595000: system.cpu: T0 : 0x4ccc0    : beq s2, zero, 22           : IntAlu : 
6595500: system.cpu: T0 : 0x4ccd6    : c_ldsp ra, 24(sp)          : MemRead :  D=0x00000000000103fc A=0x7ffffffffffffd28
6596000: system.cpu: T0 : 0x4ccd8    : c_mv a0, s0                : IntAlu :  D=0x0000000000070c40
6596500: system.cpu: T0 : 0x4ccda    : c_ldsp s0, 16(sp)          : MemRead :  D=0x000000000006eaf8 A=0x7ffffffffffffd20
6597000: system.cpu: T0 : 0x4ccdc    : c_ldsp s1, 8(sp)           : MemRead :  D=0xffffffffffffffff A=0x7ffffffffffffd18
6597500: system.cpu: T0 : 0x4ccde    : c_ldsp s2, 0(sp)           : MemRead :  D=0xffffffffffffffff A=0x7ffffffffffffd10
6598000: system.cpu: T0 : 0x4cce0    : c_addi16sp sp, 32          : IntAlu :  D=0x7ffffffffffffd30
6598500: system.cpu: T0 : 0x4cce2    : c_jr ra                    : IntAlu : 
6599000: system.cpu: T0 : 0x103fc    : c_li a5, 1                 : IntAlu :  D=0x0000000000000001
6600000: system.cpu: T0 : 0x103fe    : sb a5, -1016(gp)           : MemWrite :  D=0x0000000000000001 A=0x70c38
6600500: system.cpu: T0 : 0x10402    : c_ldsp ra, 8(sp)           : MemRead :  D=0x000000000001117c A=0x7ffffffffffffd38
6601000: system.cpu: T0 : 0x10404    : c_ldsp s0, 0(sp)           : MemRead :  D=0x000000000006eaf8 A=0x7ffffffffffffd30
6601500: system.cpu: T0 : 0x10406    : c_addi sp, 16              : IntAlu :  D=0x7ffffffffffffd40
6602000: system.cpu: T0 : 0x10408    : c_jr ra                    : IntAlu : 
6602500: system.cpu: T0 : 0x1117c    : bne s1, s2, -8             : IntAlu : 
6603000: system.cpu: T0 : 0x11180    : c_ldsp ra, 24(sp)          : MemRead :  D=0x0000000000014f6c A=0x7ffffffffffffd58
6603500: system.cpu: T0 : 0x11182    : c_ldsp s0, 16(sp)          : MemRead :  D=0x0000000000000001 A=0x7ffffffffffffd50
6604000: system.cpu: T0 : 0x11184    : c_ldsp s1, 8(sp)           : MemRead :  D=0x0000000000000002 A=0x7ffffffffffffd48
6604500: system.cpu: T0 : 0x11186    : c_ldsp s2, 0(sp)           : MemRead :  D=0x0000000000000004 A=0x7ffffffffffffd40
6605000: system.cpu: T0 : 0x11188    : c_addi16sp sp, 32          : IntAlu :  D=0x7ffffffffffffd60
6605500: system.cpu: T0 : 0x1118a    : c_jr ra                    : IntAlu : 
6606000: system.cpu: T0 : 0x14f6c    : addi a4, s9, -344          : IntAlu :  D=0x0000000000071ea8
6606500: system.cpu: T0 : 0x14f70    : lr_w a5, (a4)             
6606500: system.cpu: T0 : 0x14f70. 0 : lr_w a5, (a4)              : MemRead :  D=0x0000000000000000 A=0x71ea8
6607000: system.cpu: T0 : 0x14f74    : c_bnez a5, 8               : IntAlu : 
6608000: system.cpu: T0 : 0x14f76    : sc_w_aq a3, s0, (a4)      
6608000: system.cpu: T0 : 0x14f76. 0 : sc_w a3, s0, (a4)          : MemWrite :  D=0x0000000000000000 A=0x71ea8
6608500: system.cpu: T0 : 0x14f76. 1 : 0x1c8726af fence           : No_OpClass : 
6609000: system.cpu: T0 : 0x14f7a    : c_bnez a3, -10             : IntAlu : 
6609500: system.cpu: T0 : 0x14f7c    : c_addiw a5, 0              : IntAlu :  D=0x0000000000000000
6610000: system.cpu: T0 : 0x14f7e    : c_beqz a5, -88             : IntAlu : 
6611000: system.cpu: T0 : 0x14f26    : ld a5, -336(s11)           : MemRead :  D=0x0000000000000001 A=0x71eb0
6612000: system.cpu: T0 : 0x14f2a    : bne a5, s8, 102            : IntAlu : 
6613000: system.cpu: T0 : 0x14f2e    : ld a5, 8(s10)              : MemRead :  D=0x0000000000000000 A=0x71150
6613500: system.cpu: T0 : 0x14f32    : c_beqz a5, 222             : IntAlu : 
6614000: system.cpu: T0 : 0x15010    : ld a5, 0(s10)              : MemRead :  D=0x0000000000000000 A=0x71148
6614500: system.cpu: T0 : 0x15014    : sd a5, 0(s7)               : MemWrite :  D=0x0000000000000000 A=0x708a0
6615000: system.cpu: T0 : 0x15018    : c_beqz a5, 8               : IntAlu : 
6615500: system.cpu: T0 : 0x15020    : c_mv a5, s4                : IntAlu :  D=0x0000000000000000
6616500: system.cpu: T0 : 0x15022    : addi a4, s9, -344          : IntAlu :  D=0x0000000000071ea8
6617500: system.cpu: T0 : 0x15026    : fence iorw, ow             : No_OpClass : 
6618500: system.cpu: T0 : 0x1502a    : amoswap_w a5, a5, (a4)    
6618500: system.cpu: T0 : 0x1502a. 0 : amoswap_w[l] a5, a5, (a4)  : MemRead :  D=0x0000000000000001 A=0x71ea8
6619000: system.cpu: T0 : 0x1502e    : c_addiw a5, 0              : IntAlu :  D=0x0000000000000001
6619500: system.cpu: T0 : 0x15030    : bge s3, a5, -332           : IntAlu : 
6620000: system.cpu: T0 : 0x14ee4    : c_li a4, 1                 : IntAlu :  D=0x0000000000000001
6621000: system.cpu: T0 : 0x14ee6    : addi a3, s9, -344          : IntAlu :  D=0x0000000000071ea8
6622000: system.cpu: T0 : 0x14eea    : lr_w a5, (a3)             
6622000: system.cpu: T0 : 0x14eea. 0 : lr_w a5, (a3)              : MemRead :  D=0x0000000000000000 A=0x71ea8
6622500: system.cpu: T0 : 0x14eee    : c_bnez a5, 8               : IntAlu : 
6623000: system.cpu: T0 : 0x14ef0    : sc_w_aq a2, a4, (a3)      
6623000: system.cpu: T0 : 0x14ef0. 0 : sc_w a2, a4, (a3)          : MemWrite :  D=0x0000000000000000 A=0x71ea8
6623500: system.cpu: T0 : 0x14ef0. 1 : 0x1ce6a62f fence           : No_OpClass : 
6624000: system.cpu: T0 : 0x14ef4    : c_bnez a2, -10             : IntAlu : 
6624500: system.cpu: T0 : 0x14ef6    : c_addiw a5, 0              : IntAlu :  D=0x0000000000000000
6625000: system.cpu: T0 : 0x14ef8    : bne a5, zero, 338          : IntAlu : 
6625500: system.cpu: T0 : 0x14efc    : ld s10, 0(s7)              : MemRead :  D=0x0000000000000000 A=0x708a0
6626000: system.cpu: T0 : 0x14f00    : beq s10, zero, 152         : IntAlu : 
6626500: system.cpu: T0 : 0x14f98    : c_li a4, 1                 : IntAlu :  D=0x0000000000000001
6627500: system.cpu: T0 : 0x14f9a    : sb a4, -1476(gp)           : MemWrite :  D=0x0000000000000001 A=0x70a6c
6628000: system.cpu: T0 : 0x14f9e    : c_li a5, 0                 : IntAlu :  D=0x0000000000000000
6628500: system.cpu: T0 : 0x14fa0    : addi a4, s9, -344          : IntAlu :  D=0x0000000000071ea8
6629000: system.cpu: T0 : 0x14fa4    : fence iorw, ow             : No_OpClass : 
6629500: system.cpu: T0 : 0x14fa8    : amoswap_w a5, a5, (a4)    
6629500: system.cpu: T0 : 0x14fa8. 0 : amoswap_w[l] a5, a5, (a4)  : MemRead :  D=0x0000000000000001 A=0x71ea8
6630000: system.cpu: T0 : 0x14fac    : c_addiw a5, 0              : IntAlu :  D=0x0000000000000001
6630500: system.cpu: T0 : 0x14fae    : c_li a4, 1                 : IntAlu :  D=0x0000000000000001
6631000: system.cpu: T0 : 0x14fb0    : blt a4, a5, 174            : IntAlu : 
6631500: system.cpu: T0 : 0x14fb4    : c_ldsp a5, 8(sp)           : MemRead :  D=0x0000000000000001 A=0x7ffffffffffffd68
6632000: system.cpu: T0 : 0x14fb6    : c_beqz a5, 46              : IntAlu : 
6632500: system.cpu: T0 : 0x14fb8    : lui s0, 107                : IntAlu :  D=0x000000000006b000
6633000: system.cpu: T0 : 0x14fbc    : lui a5, 107                : IntAlu :  D=0x000000000006b000
6633500: system.cpu: T0 : 0x14fc0    : addi s1, s0, -1920         : IntAlu :  D=0x000000000006a880
6634000: system.cpu: T0 : 0x14fc4    : addi a5, a5, -1912         : IntAlu :  D=0x000000000006a888
6634500: system.cpu: T0 : 0x14fc8    : bgeu s1, a5, 28            : IntAlu : 
6635000: system.cpu: T0 : 0x14fcc    : c_addi a5, -1              : IntAlu :  D=0x000000000006a887
6635500: system.cpu: T0 : 0x14fce    : c_sub a5, s1               : IntAlu :  D=0x0000000000000007
6636000: system.cpu: T0 : 0x14fd0    : c_andi a5, 18446744073709551608 : IntAlu :  D=0x0000000000000000
6636500: system.cpu: T0 : 0x14fd2    : c_addi a5, 8               : IntAlu :  D=0x0000000000000008
6637000: system.cpu: T0 : 0x14fd4    : c_add s1, a5               : IntAlu :  D=0x000000000006a888
6638000: system.cpu: T0 : 0x14fd6    : addi s0, s0, -1920         : IntAlu :  D=0x000000000006a880
6638500: system.cpu: T0 : 0x14fda    : c_ld a5, 0(s0)             : MemRead :  D=0x0000000000019f06 A=0x6a880
6639000: system.cpu: T0 : 0x14fdc    : c_addi s0, 8               : IntAlu :  D=0x000000000006a888
6639500: system.cpu: T0 : 0x14fde    : c_jalr a5                  : IntAlu :  D=0x0000000000014fe0
6640000: system.cpu: T0 : 0x19f06    : c_addi16sp sp, -176        : IntAlu :  D=0x7ffffffffffffcb0
6640500: system.cpu: T0 : 0x19f08    : c_sdsp s6, 112(sp)         : MemWrite :  D=0x0000000000000000 A=0x7ffffffffffffd20
6641500: system.cpu: T0 : 0x19f0a    : lui s6, 111                : IntAlu :  D=0x000000000006f000
6642500: system.cpu: T0 : 0x19f0e    : ld a5, -1264(s6)           : MemRead :  D=0x6e776f442f2e2e00 A=0x6eb10
6643000: system.cpu: T0 : 0x19f12    : c_sdsp s3, 136(sp)         : MemWrite :  D=0x0000000000000001 A=0x7ffffffffffffd38
6643500: system.cpu: T0 : 0x19f14    : c_li a0, 0                 : IntAlu :  D=0x0000000000000000
6644000: system.cpu: T0 : 0x19f16    : c_sdsp s5, 120(sp)         : MemWrite :  D=0x0000000000000003 A=0x7ffffffffffffd28
6644500: system.cpu: T0 : 0x19f18    : c_sdsp ra, 168(sp)         : MemWrite :  D=0x0000000000014fe0 A=0x7ffffffffffffd58
6645000: system.cpu: T0 : 0x19f1a    : c_sdsp s0, 160(sp)         : MemWrite :  D=0x000000000006a888 A=0x7ffffffffffffd50
6645500: system.cpu: T0 : 0x19f1c    : c_sdsp s1, 152(sp)         : MemWrite :  D=0x000000000006a888 A=0x7ffffffffffffd48
6646000: system.cpu: T0 : 0x19f1e    : c_sdsp s2, 144(sp)         : MemWrite :  D=0x0000000000000004 A=0x7ffffffffffffd40
6646500: system.cpu: T0 : 0x19f20    : c_sdsp s4, 128(sp)         : MemWrite :  D=0x0000000000000000 A=0x7ffffffffffffd30
6647000: system.cpu: T0 : 0x19f22    : c_sdsp s7, 104(sp)         : MemWrite :  D=0x00000000000708a0 A=0x7ffffffffffffd18
6647500: system.cpu: T0 : 0x19f24    : c_sdsp s8, 96(sp)          : MemWrite :  D=0x0000000000000001 A=0x7ffffffffffffd10
6648000: system.cpu: T0 : 0x19f26    : c_sdsp s9, 88(sp)          : MemWrite :  D=0x0000000000072000 A=0x7ffffffffffffd08
6648500: system.cpu: T0 : 0x19f28    : c_sdsp s10, 80(sp)         : MemWrite :  D=0x0000000000000000 A=0x7ffffffffffffd00
6649000: system.cpu: T0 : 0x19f2a    : c_sdsp s11, 72(sp)         : MemWrite :  D=0x0000000000072000 A=0x7ffffffffffffcf8
6649500: system.cpu: T0 : 0x19f2c    : c_sdsp a5, 56(sp)          : MemWrite :  D=0x6e776f442f2e2e00 A=0x7ffffffffffffce8
6650500: system.cpu: T0 : 0x19f2e    : addi s3, zero, 0           : IntAlu :  D=0x0000000000000000
6651500: system.cpu: T0 : 0x19f32    : jal ra, -556               : IntAlu :  D=0x0000000000019f36
6652000: system.cpu: T0 : 0x19d06    : c_addi16sp sp, -176        : IntAlu :  D=0x7ffffffffffffc00
6652500: system.cpu: T0 : 0x19d08    : c_sdsp s5, 120(sp)         : MemWrite :  D=0x0000000000000003 A=0x7ffffffffffffc78
6653500: system.cpu: T0 : 0x19d0a    : lui s5, 111                : IntAlu :  D=0x000000000006f000
6654500: system.cpu: T0 : 0x19d0e    : ld a5, -1264(s5)           : MemRead :  D=0x6e776f442f2e2e00 A=0x6eb10
6655000: system.cpu: T0 : 0x19d12    : c_sdsp s3, 136(sp)         : MemWrite :  D=0x0000000000000000 A=0x7ffffffffffffc88
6655500: system.cpu: T0 : 0x19d14    : c_sdsp s9, 88(sp)          : MemWrite :  D=0x0000000000072000 A=0x7ffffffffffffc58
6656000: system.cpu: T0 : 0x19d16    : c_sdsp ra, 168(sp)         : MemWrite :  D=0x0000000000019f36 A=0x7ffffffffffffca8
6656500: system.cpu: T0 : 0x19d18    : c_sdsp s0, 160(sp)         : MemWrite :  D=0x000000000006a888 A=0x7ffffffffffffca0
6657000: system.cpu: T0 : 0x19d1a    : c_sdsp s1, 152(sp)         : MemWrite :  D=0x000000000006a888 A=0x7ffffffffffffc98
6657500: system.cpu: T0 : 0x19d1c    : c_sdsp s2, 144(sp)         : MemWrite :  D=0x0000000000000004 A=0x7ffffffffffffc90
6658000: system.cpu: T0 : 0x19d1e    : c_sdsp s4, 128(sp)         : MemWrite :  D=0x0000000000000000 A=0x7ffffffffffffc80
6658500: system.cpu: T0 : 0x19d20    : c_sdsp s6, 112(sp)         : MemWrite :  D=0x000000000006f000 A=0x7ffffffffffffc70
6659000: system.cpu: T0 : 0x19d22    : c_sdsp s7, 104(sp)         : MemWrite :  D=0x00000000000708a0 A=0x7ffffffffffffc68
6659500: system.cpu: T0 : 0x19d24    : c_sdsp s8, 96(sp)          : MemWrite :  D=0x0000000000000001 A=0x7ffffffffffffc60
6660000: system.cpu: T0 : 0x19d26    : c_sdsp s10, 80(sp)         : MemWrite :  D=0x0000000000000000 A=0x7ffffffffffffc50
6660500: system.cpu: T0 : 0x19d28    : c_sdsp s11, 72(sp)         : MemWrite :  D=0x0000000000072000 A=0x7ffffffffffffc48
6661000: system.cpu: T0 : 0x19d2a    : c_sdsp a5, 56(sp)          : MemWrite :  D=0x6e776f442f2e2e00 A=0x7ffffffffffffc38
6661500: system.cpu: T0 : 0x19d2c    : addi s3, zero, 0           : IntAlu :  D=0x0000000000000000
6662000: system.cpu: T0 : 0x19d30    : c_mv s9, a0                : IntAlu :  D=0x0000000000000000
6663000: system.cpu: T0 : 0x19d32    : beq s3, zero, 428          : IntAlu : 
6663500: system.cpu: T0 : 0x19ede    : c_lui a5, 25               : IntAlu :  D=0x0000000000019000
6664000: system.cpu: T0 : 0x19ee0    : addi a5, a5, -164          : IntAlu :  D=0x0000000000018f5c
6664500: system.cpu: T0 : 0x19ee4    : c_sdsp a5, 24(sp)          : MemWrite :  D=0x0000000000018f5c A=0x7ffffffffffffc18
6665000: system.cpu: T0 : 0x19ee6    : c_sdsp zero, 32(sp)        : MemWrite :  D=0x0000000000000000 A=0x7ffffffffffffc20
6665500: system.cpu: T0 : 0x19ee8    : c_j -416                   : IntAlu : 
6666000: system.cpu: T0 : 0x19d48    : addi s8, gp, 1320          : IntAlu :  D=0x0000000000071558
6666500: system.cpu: T0 : 0x19d4c    : ld a5, 8(s8)               : MemRead :  D=0x0000000000000000 A=0x71560
6667000: system.cpu: T0 : 0x19d50    : addi s0, tp, -1808         : IntAlu :  D=0x0000000000073000
6667500: system.cpu: T0 : 0x19d54    : beq a5, s0, 28             : IntAlu : 
6668000: system.cpu: T0 : 0x19d58    : c_li a3, 1                 : IntAlu :  D=0x0000000000000001
6669000: system.cpu: T0 : 0x19d5a    : lr_w a5, (s8)             
6669000: system.cpu: T0 : 0x19d5a. 0 : lr_w a5, (s8)              : MemRead :  D=0x0000000000000000 A=0x71558
6669500: system.cpu: T0 : 0x19d5e    : c_bnez a5, 8               : IntAlu : 
6670000: system.cpu: T0 : 0x19d60    : sc_w_aq a4, a3, (s8)      
6670000: system.cpu: T0 : 0x19d60. 0 : sc_w a4, a3, (s8)          : MemWrite :  D=0x0000000000000000 A=0x71558
6670500: system.cpu: T0 : 0x19d60. 1 : 0x1cdc272f fence           : No_OpClass : 
6671000: system.cpu: T0 : 0x19d64    : c_bnez a4, -10             : IntAlu : 
6671500: system.cpu: T0 : 0x19d66    : c_addiw a5, 0              : IntAlu :  D=0x0000000000000000
6672000: system.cpu: T0 : 0x19d68    : bne a5, zero, 386          : IntAlu : 
6672500: system.cpu: T0 : 0x19d6c    : sd s0, 8(s8)               : MemWrite :  D=0x0000000000073000 A=0x71560
6673000: system.cpu: T0 : 0x19d70    : lw a4, 4(s8)               : MemRead :  D=0x0000000000000000 A=0x7155c
6673500: system.cpu: T0 : 0x19d74    : ld s0, -1920(gp)           : MemRead :  D=0x000000000006f000 A=0x708b0
6674000: system.cpu: T0 : 0x19d78    : addiw a3, a4, 1            : IntAlu :  D=0x0000000000000001
6674500: system.cpu: T0 : 0x19d7c    : sw a3, 4(s8)               : MemWrite :  D=0x0000000000000001 A=0x7155c
6675000: system.cpu: T0 : 0x19d80    : beq s0, zero, 382          : IntAlu : 
6675500: system.cpu: T0 : 0x19d84    : lui s1, 107                : IntAlu :  D=0x000000000006b000
6676000: system.cpu: T0 : 0x19d88    : lui s2, 106                : IntAlu :  D=0x000000000006a000
6676500: system.cpu: T0 : 0x19d8c    : addi s2, s2, 664           : IntAlu :  D=0x000000000006a298
6677000: system.cpu: T0 : 0x19d90    : addi s1, s1, -1920         : IntAlu :  D=0x000000000006a880
6677500: system.cpu: T0 : 0x19d94    : c_li s4, 0                 : IntAlu :  D=0x0000000000000000
6678000: system.cpu: T0 : 0x19d96    : c_lui s11, 8               : IntAlu :  D=0x0000000000008000
6678500: system.cpu: T0 : 0x19d98    : c_li s6, 1                 : IntAlu :  D=0x0000000000000001
6679500: system.cpu: T0 : 0x19d9a    : sub s1, s1, s2             : IntAlu :  D=0x00000000000005e8
6680500: system.cpu: T0 : 0x19d9e    : sd s0, -1456(gp)           : MemWrite :  D=0x000000000006f000 A=0x70a80
6681500: system.cpu: T0 : 0x19da2    : beq s9, zero, 54           : IntAlu : 
6682000: system.cpu: T0 : 0x19dd8    : lw a5, 192(s0)             : MemRead :  D=0x0000000000000000 A=0x6f0c0
6682500: system.cpu: T0 : 0x19ddc    : bge zero, a5, 150          : IntAlu : 
6683000: system.cpu: T0 : 0x19e72    : c_ld a3, 40(s0)            : MemRead :  D=0x0000000000000000 A=0x6f028
6683500: system.cpu: T0 : 0x19e74    : c_ld a5, 32(s0)            : MemRead :  D=0x0000000000000000 A=0x6f020
6684500: system.cpu: T0 : 0x19e76    : bgeu a5, a3, -116          : IntAlu : 
6685500: system.cpu: T0 : 0x19e02    : beq s9, zero, 28           : IntAlu : 
6686000: system.cpu: T0 : 0x19e1e    : c_ld s0, 104(s0)           : MemRead :  D=0x000000000006f1c8 A=0x6f068
6686500: system.cpu: T0 : 0x19e20    : sd zero, -1456(gp)         : MemWrite :  D=0x0000000000000000 A=0x70a80
6687000: system.cpu: T0 : 0x19e24    : c_bnez s0, -134            : IntAlu : 
6688000: system.cpu: T0 : 0x19d9e    : sd s0, -1456(gp)           : MemWrite :  D=0x000000000006f1c8 A=0x70a80
6689000: system.cpu: T0 : 0x19da2    : beq s9, zero, 54           : IntAlu : 
6689500: system.cpu: T0 : 0x19dd8    : lw a5, 192(s0)             : MemRead :  D=0x0000000000000000 A=0x6f288
6690000: system.cpu: T0 : 0x19ddc    : bge zero, a5, 150          : IntAlu : 
6690500: system.cpu: T0 : 0x19e72    : c_ld a3, 40(s0)            : MemRead :  D=0x0000000000000000 A=0x6f1f0
6691000: system.cpu: T0 : 0x19e74    : c_ld a5, 32(s0)            : MemRead :  D=0x0000000000000000 A=0x6f1e8
6692000: system.cpu: T0 : 0x19e76    : bgeu a5, a3, -116          : IntAlu : 
6693000: system.cpu: T0 : 0x19e02    : beq s9, zero, 28           : IntAlu : 
6693500: system.cpu: T0 : 0x19e1e    : c_ld s0, 104(s0)           : MemRead :  D=0x000000000006f390 A=0x6f230
6694000: system.cpu: T0 : 0x19e20    : sd zero, -1456(gp)         : MemWrite :  D=0x0000000000000000 A=0x70a80
6694500: system.cpu: T0 : 0x19e24    : c_bnez s0, -134            : IntAlu : 
6695500: system.cpu: T0 : 0x19d9e    : sd s0, -1456(gp)           : MemWrite :  D=0x000000000006f390 A=0x70a80
6696500: system.cpu: T0 : 0x19da2    : beq s9, zero, 54           : IntAlu : 
6697000: system.cpu: T0 : 0x19dd8    : lw a5, 192(s0)             : MemRead :  D=0x0000000000000000 A=0x6f450
6697500: system.cpu: T0 : 0x19ddc    : bge zero, a5, 150          : IntAlu : 
6698000: system.cpu: T0 : 0x19e72    : c_ld a3, 40(s0)            : MemRead :  D=0x0000000000000000 A=0x6f3b8
6698500: system.cpu: T0 : 0x19e74    : c_ld a5, 32(s0)            : MemRead :  D=0x0000000000000000 A=0x6f3b0
6699500: system.cpu: T0 : 0x19e76    : bgeu a5, a3, -116          : IntAlu : 
6700500: system.cpu: T0 : 0x19e02    : beq s9, zero, 28           : IntAlu : 
6701000: system.cpu: T0 : 0x19e1e    : c_ld s0, 104(s0)           : MemRead :  D=0x0000000000000000 A=0x6f3f8
6701500: system.cpu: T0 : 0x19e20    : sd zero, -1456(gp)         : MemWrite :  D=0x0000000000000000 A=0x70a80
6702000: system.cpu: T0 : 0x19e24    : c_bnez s0, -134            : IntAlu : 
6703000: system.cpu: T0 : 0x19e26    : lw a5, 4(s8)               : MemRead :  D=0x0000000000000001 A=0x7155c
6704000: system.cpu: T0 : 0x19e2a    : addiw a4, a5, -1           : IntAlu :  D=0x0000000000000000
6705000: system.cpu: T0 : 0x19e2e    : sw a4, 4(s8)               : MemWrite :  D=0x0000000000000000 A=0x7155c
6705500: system.cpu: T0 : 0x19e32    : c_beqz a4, 128             : IntAlu : 
6706500: system.cpu: T0 : 0x19eb2    : sd zero, 8(s8)             : MemWrite :  D=0x0000000000000000 A=0x71560
6707000: system.cpu: T0 : 0x19eb6    : c_mv a5, a4                : IntAlu :  D=0x0000000000000000
6707500: system.cpu: T0 : 0x19eb8    : fence iorw, ow             : No_OpClass : 
6708000: system.cpu: T0 : 0x19ebc    : amoswap_w a5, a5, (s8)    
6708000: system.cpu: T0 : 0x19ebc. 0 : amoswap_w[l] a5, a5, (s8)  : MemRead :  D=0x0000000000000001 A=0x71558
6708500: system.cpu: T0 : 0x19ec0    : c_addiw a5, 0              : IntAlu :  D=0x0000000000000001
6709000: system.cpu: T0 : 0x19ec2    : c_li a4, 1                 : IntAlu :  D=0x0000000000000001
6709500: system.cpu: T0 : 0x19ec4    : bge a4, a5, -144           : IntAlu : 
6710000: system.cpu: T0 : 0x19e34    : beq s3, zero, 16           : IntAlu : 
6710500: system.cpu: T0 : 0x19e44    : c_ldsp a4, 56(sp)          : MemRead :  D=0x6e776f442f2e2e00 A=0x7ffffffffffffc38
6711500: system.cpu: T0 : 0x19e46    : ld a5, -1264(s5)           : MemRead :  D=0x6e776f442f2e2e00 A=0x6eb10
6712500: system.cpu: T0 : 0x19e4a    : bne a4, a5, 184            : IntAlu : 
6713000: system.cpu: T0 : 0x19e4e    : c_ldsp ra, 168(sp)         : MemRead :  D=0x0000000000019f36 A=0x7ffffffffffffca8
6713500: system.cpu: T0 : 0x19e50    : c_ldsp s0, 160(sp)         : MemRead :  D=0x000000000006a888 A=0x7ffffffffffffca0
6714000: system.cpu: T0 : 0x19e52    : c_ldsp s1, 152(sp)         : MemRead :  D=0x000000000006a888 A=0x7ffffffffffffc98
6714500: system.cpu: T0 : 0x19e54    : c_ldsp s2, 144(sp)         : MemRead :  D=0x0000000000000004 A=0x7ffffffffffffc90
6715000: system.cpu: T0 : 0x19e56    : c_ldsp s3, 136(sp)         : MemRead :  D=0x0000000000000000 A=0x7ffffffffffffc88
6715500: system.cpu: T0 : 0x19e58    : c_ldsp s5, 120(sp)         : MemRead :  D=0x0000000000000003 A=0x7ffffffffffffc78
6716000: system.cpu: T0 : 0x19e5a    : c_ldsp s6, 112(sp)         : MemRead :  D=0x000000000006f000 A=0x7ffffffffffffc70
6716500: system.cpu: T0 : 0x19e5c    : c_ldsp s7, 104(sp)         : MemRead :  D=0x00000000000708a0 A=0x7ffffffffffffc68
6717000: system.cpu: T0 : 0x19e5e    : c_ldsp s8, 96(sp)          : MemRead :  D=0x0000000000000001 A=0x7ffffffffffffc60
6717500: system.cpu: T0 : 0x19e60    : c_ldsp s9, 88(sp)          : MemRead :  D=0x0000000000072000 A=0x7ffffffffffffc58
6718000: system.cpu: T0 : 0x19e62    : c_ldsp s10, 80(sp)         : MemRead :  D=0x0000000000000000 A=0x7ffffffffffffc50
6718500: system.cpu: T0 : 0x19e64    : c_ldsp s11, 72(sp)         : MemRead :  D=0x0000000000072000 A=0x7ffffffffffffc48
6719000: system.cpu: T0 : 0x19e66    : c_mv a0, s4                : IntAlu :  D=0x0000000000000000
6719500: system.cpu: T0 : 0x19e68    : c_ldsp s4, 128(sp)         : MemRead :  D=0x0000000000000000 A=0x7ffffffffffffc80
6720000: system.cpu: T0 : 0x19e6a    : c_addi16sp sp, 176         : IntAlu :  D=0x7ffffffffffffcb0
6720500: system.cpu: T0 : 0x19e6c    : c_jr ra                    : IntAlu : 
6721000: system.cpu: T0 : 0x19f36    : c_mv s5, a0                : IntAlu :  D=0x0000000000000000
6721500: system.cpu: T0 : 0x19f38    : beq s3, zero, 482          : IntAlu : 
6722000: system.cpu: T0 : 0x1a11a    : c_lui a5, 25               : IntAlu :  D=0x0000000000019000
6722500: system.cpu: T0 : 0x1a11c    : addi a5, a5, -164          : IntAlu :  D=0x0000000000018f5c
6723000: system.cpu: T0 : 0x1a120    : c_sdsp a5, 24(sp)          : MemWrite :  D=0x0000000000018f5c A=0x7ffffffffffffcc8
6723500: system.cpu: T0 : 0x1a122    : c_sdsp zero, 32(sp)        : MemWrite :  D=0x0000000000000000 A=0x7ffffffffffffcd0
6724000: system.cpu: T0 : 0x1a124    : c_j -470                   : IntAlu : 
6725000: system.cpu: T0 : 0x19f4e    : addi s1, gp, 1320          : IntAlu :  D=0x0000000000071558
6725500: system.cpu: T0 : 0x19f52    : c_ld a5, 8(s1)             : MemRead :  D=0x0000000000000000 A=0x71560
6726000: system.cpu: T0 : 0x19f54    : addi s0, tp, -1808         : IntAlu :  D=0x0000000000073000
6726500: system.cpu: T0 : 0x19f58    : beq s0, a5, 26             : IntAlu : 
6727000: system.cpu: T0 : 0x19f5c    : c_li a4, 1                 : IntAlu :  D=0x0000000000000001
6728000: system.cpu: T0 : 0x19f5e    : lr_w a5, (s1)             
6728000: system.cpu: T0 : 0x19f5e. 0 : lr_w a5, (s1)              : MemRead :  D=0x0000000000000000 A=0x71558
6728500: system.cpu: T0 : 0x19f62    : c_bnez a5, 8               : IntAlu : 
6729000: system.cpu: T0 : 0x19f64    : sc_w_aq a3, a4, (s1)      
6729000: system.cpu: T0 : 0x19f64. 0 : sc_w a3, a4, (s1)          : MemWrite :  D=0x0000000000000000 A=0x71558
6729500: system.cpu: T0 : 0x19f64. 1 : 0x1ce4a6af fence           : No_OpClass : 
6730000: system.cpu: T0 : 0x19f68    : c_bnez a3, -10             : IntAlu : 
6730500: system.cpu: T0 : 0x19f6a    : c_addiw a5, 0              : IntAlu :  D=0x0000000000000000
6731000: system.cpu: T0 : 0x19f6c    : bne a5, zero, 442          : IntAlu : 
6731500: system.cpu: T0 : 0x19f70    : c_sd s0, 8(s1)             : MemWrite :  D=0x0000000000073000 A=0x71560
6732000: system.cpu: T0 : 0x19f72    : c_lw a3, 4(s1)             : MemRead :  D=0x0000000000000000 A=0x7155c
6732500: system.cpu: T0 : 0x19f74    : ld s0, -1920(gp)           : MemRead :  D=0x000000000006f000 A=0x708b0
6733000: system.cpu: T0 : 0x19f78    : addiw a4, a3, 1            : IntAlu :  D=0x0000000000000001
6733500: system.cpu: T0 : 0x19f7c    : c_sw a4, 4(s1)             : MemWrite :  D=0x0000000000000001 A=0x7155c
6734000: system.cpu: T0 : 0x19f7e    : c_beqz s0, 202             : IntAlu : 
6734500: system.cpu: T0 : 0x19f80    : lui s2, 107                : IntAlu :  D=0x000000000006b000
6735000: system.cpu: T0 : 0x19f84    : lui s4, 106                : IntAlu :  D=0x000000000006a000
6735500: system.cpu: T0 : 0x19f88    : addi s4, s4, 664           : IntAlu :  D=0x000000000006a298
6736000: system.cpu: T0 : 0x19f8c    : addi s2, s2, -1920         : IntAlu :  D=0x000000000006a880
6736500: system.cpu: T0 : 0x19f90    : sub s2, s2, s4             : IntAlu :  D=0x00000000000005e8
6737000: system.cpu: T0 : 0x19f94    : c_li s9, 2                 : IntAlu :  D=0x0000000000000002
6737500: system.cpu: T0 : 0x19f96    : c_j 12                     : IntAlu : 
6738000: system.cpu: T0 : 0x19fa2    : c_lw a5, 0(s0)             : MemRead :  D=0xfffffffffbad2086 A=0x6f000
6738500: system.cpu: T0 : 0x19fa4    : c_andi a5, 2               : IntAlu :  D=0x0000000000000002
6739500: system.cpu: T0 : 0x19fa6    : addiw s8, a5, 0            : IntAlu :  D=0x0000000000000002
6740000: system.cpu: T0 : 0x19faa    : c_bnez a5, -18             : IntAlu : 
6740500: system.cpu: T0 : 0x19f98    : c_li a5, -1                : IntAlu :  D=0xffffffffffffffff
6741500: system.cpu: T0 : 0x19f9a    : sw a5, 192(s0)             : MemWrite :  D=0x00000000ffffffff A=0x6f0c0
6742000: system.cpu: T0 : 0x19f9e    : c_ld s0, 104(s0)           : MemRead :  D=0x000000000006f1c8 A=0x6f068
6742500: system.cpu: T0 : 0x19fa0    : c_beqz s0, 162             : IntAlu : 
6743000: system.cpu: T0 : 0x19fa2    : c_lw a5, 0(s0)             : MemRead :  D=0xfffffffffbad2084 A=0x6f1c8
6743500: system.cpu: T0 : 0x19fa4    : c_andi a5, 2               : IntAlu :  D=0x0000000000000000
6744500: system.cpu: T0 : 0x19fa6    : addiw s8, a5, 0            : IntAlu :  D=0x0000000000000000
6745000: system.cpu: T0 : 0x19faa    : c_bnez a5, -18             : IntAlu : 
6745500: system.cpu: T0 : 0x19fac    : lw a5, 192(s0)             : MemRead :  D=0x0000000000000000 A=0x6f288
6746000: system.cpu: T0 : 0x19fb0    : c_beqz a5, -24             : IntAlu : 
6746500: system.cpu: T0 : 0x19f98    : c_li a5, -1                : IntAlu :  D=0xffffffffffffffff
6747500: system.cpu: T0 : 0x19f9a    : sw a5, 192(s0)             : MemWrite :  D=0x00000000ffffffff A=0x6f288
6748000: system.cpu: T0 : 0x19f9e    : c_ld s0, 104(s0)           : MemRead :  D=0x000000000006f390 A=0x6f230
6748500: system.cpu: T0 : 0x19fa0    : c_beqz s0, 162             : IntAlu : 
6749000: system.cpu: T0 : 0x19fa2    : c_lw a5, 0(s0)             : MemRead :  D=0xfffffffffbad2088 A=0x6f390
6749500: system.cpu: T0 : 0x19fa4    : c_andi a5, 2               : IntAlu :  D=0x0000000000000000
6750500: system.cpu: T0 : 0x19fa6    : addiw s8, a5, 0            : IntAlu :  D=0x0000000000000000
6751000: system.cpu: T0 : 0x19faa    : c_bnez a5, -18             : IntAlu : 
6751500: system.cpu: T0 : 0x19fac    : lw a5, 192(s0)             : MemRead :  D=0x0000000000000000 A=0x6f450
6752000: system.cpu: T0 : 0x19fb0    : c_beqz a5, -24             : IntAlu : 
6752500: system.cpu: T0 : 0x19f98    : c_li a5, -1                : IntAlu :  D=0xffffffffffffffff
6753500: system.cpu: T0 : 0x19f9a    : sw a5, 192(s0)             : MemWrite :  D=0x00000000ffffffff A=0x6f450
6754000: system.cpu: T0 : 0x19f9e    : c_ld s0, 104(s0)           : MemRead :  D=0x0000000000000000 A=0x6f3f8
6754500: system.cpu: T0 : 0x19fa0    : c_beqz s0, 162             : IntAlu : 
6755000: system.cpu: T0 : 0x1a042    : c_lw a5, 4(s1)             : MemRead :  D=0x0000000000000001 A=0x7155c
6755500: system.cpu: T0 : 0x1a044    : addiw a3, a5, -1           : IntAlu :  D=0x0000000000000000
6756000: system.cpu: T0 : 0x1a048    : c_sw a3, 4(s1)             : MemWrite :  D=0x0000000000000000 A=0x7155c
6756500: system.cpu: T0 : 0x1a04a    : c_beqz a3, 126             : IntAlu : 
6757000: system.cpu: T0 : 0x1a0c8    : sd zero, 8(s1)             : MemWrite :  D=0x0000000000000000 A=0x71560
6757500: system.cpu: T0 : 0x1a0cc    : c_mv a5, a3                : IntAlu :  D=0x0000000000000000
6758500: system.cpu: T0 : 0x1a0ce    : fence iorw, ow             : No_OpClass : 
6759500: system.cpu: T0 : 0x1a0d2    : amoswap_w a5, a5, (s1)    
6759500: system.cpu: T0 : 0x1a0d2. 0 : amoswap_w[l] a5, a5, (s1)  : MemRead :  D=0x0000000000000001 A=0x71558
6760000: system.cpu: T0 : 0x1a0d6    : c_addiw a5, 0              : IntAlu :  D=0x0000000000000001
6760500: system.cpu: T0 : 0x1a0d8    : c_li a4, 1                 : IntAlu :  D=0x0000000000000001
6761500: system.cpu: T0 : 0x1a0da    : bge a4, a5, -142           : IntAlu : 
6762000: system.cpu: T0 : 0x1a04c    : beq s3, zero, 16           : IntAlu : 
6762500: system.cpu: T0 : 0x1a05c    : c_ldsp a4, 56(sp)          : MemRead :  D=0x6e776f442f2e2e00 A=0x7ffffffffffffce8
6763500: system.cpu: T0 : 0x1a05e    : ld a5, -1264(s6)           : MemRead :  D=0x6e776f442f2e2e00 A=0x6eb10
6764500: system.cpu: T0 : 0x1a062    : bne a4, a5, 216            : IntAlu : 
6765000: system.cpu: T0 : 0x1a066    : c_ldsp ra, 168(sp)         : MemRead :  D=0x0000000000014fe0 A=0x7ffffffffffffd58
6765500: system.cpu: T0 : 0x1a068    : c_ldsp s0, 160(sp)         : MemRead :  D=0x000000000006a888 A=0x7ffffffffffffd50
6766000: system.cpu: T0 : 0x1a06a    : c_ldsp s1, 152(sp)         : MemRead :  D=0x000000000006a888 A=0x7ffffffffffffd48
6766500: system.cpu: T0 : 0x1a06c    : c_ldsp s2, 144(sp)         : MemRead :  D=0x0000000000000004 A=0x7ffffffffffffd40
6767000: system.cpu: T0 : 0x1a06e    : c_ldsp s3, 136(sp)         : MemRead :  D=0x0000000000000001 A=0x7ffffffffffffd38
6767500: system.cpu: T0 : 0x1a070    : c_ldsp s4, 128(sp)         : MemRead :  D=0x0000000000000000 A=0x7ffffffffffffd30
6768000: system.cpu: T0 : 0x1a072    : c_ldsp s6, 112(sp)         : MemRead :  D=0x0000000000000000 A=0x7ffffffffffffd20
6768500: system.cpu: T0 : 0x1a074    : c_ldsp s7, 104(sp)         : MemRead :  D=0x00000000000708a0 A=0x7ffffffffffffd18
6769000: system.cpu: T0 : 0x1a076    : c_ldsp s8, 96(sp)          : MemRead :  D=0x0000000000000001 A=0x7ffffffffffffd10
6769500: system.cpu: T0 : 0x1a078    : c_ldsp s9, 88(sp)          : MemRead :  D=0x0000000000072000 A=0x7ffffffffffffd08
6770000: system.cpu: T0 : 0x1a07a    : c_ldsp s10, 80(sp)         : MemRead :  D=0x0000000000000000 A=0x7ffffffffffffd00
6770500: system.cpu: T0 : 0x1a07c    : c_ldsp s11, 72(sp)         : MemRead :  D=0x0000000000072000 A=0x7ffffffffffffcf8
6771000: system.cpu: T0 : 0x1a07e    : c_mv a0, s5                : IntAlu :  D=0x0000000000000000
6771500: system.cpu: T0 : 0x1a080    : c_ldsp s5, 120(sp)         : MemRead :  D=0x0000000000000003 A=0x7ffffffffffffd28
6772000: system.cpu: T0 : 0x1a082    : c_addi16sp sp, 176         : IntAlu :  D=0x7ffffffffffffd60
6772500: system.cpu: T0 : 0x1a084    : c_jr ra                    : IntAlu : 
6773000: system.cpu: T0 : 0x14fe0    : bne s1, s0, -6             : IntAlu : 
6773500: system.cpu: T0 : 0x14fe4    : c_mv a0, s6                : IntAlu :  D=0x0000000000000000
6774500: system.cpu: T0 : 0x14fe6    : jal ra, 48008              : IntAlu :  D=0x0000000000014fea
6775000: system.cpu: T0 : 0x20b6e    : c_mv a4, a0                : IntAlu :  D=0x0000000000000000
6775500: system.cpu: T0 : 0x20b70    : addi a7, zero, 94          : IntAlu :  D=0x000000000000005e
6776000: system.cpu: T0 : 0x20b74    : ecall                      : No_OpClass : 
