      0: system.cpu: T0 : 0x10348    : jal ra, 46                 : IntAlu :  D=0x000000000001034c
   1000: system.cpu: T0 : 0x10376    : auipc gp, 97               : IntAlu :  D=0x0000000000071376
   2000: system.cpu: T0 : 0x1037a    : addi gp, gp, -830          : IntAlu :  D=0x0000000000071038
   2500: system.cpu: T0 : 0x1037e    : c_jr ra                    : IntAlu : 
   3000: system.cpu: T0 : 0x1034c    : c_mv a5, a0                : IntAlu :  D=0x0000000000000000
   4000: system.cpu: T0 : 0x1034e    : auipc a0, 0                : IntAlu :  D=0x000000000001034e
   5000: system.cpu: T0 : 0x10352    : addi a0, a0, 716           : IntAlu :  D=0x000000000001061a
   5500: system.cpu: T0 : 0x10356    : c_ldsp a1, 0(sp)           : MemRead :  D=0x0000000000000001 A=0x7fffffffffffff30
   6000: system.cpu: T0 : 0x10358    : c_addi4spn a2, sp, 8       : IntAlu :  D=0x7fffffffffffff38
   7000: system.cpu: T0 : 0x1035a    : andi sp, sp, 18446744073709551600 : IntAlu :  D=0x7fffffffffffff30
   8000: system.cpu: T0 : 0x1035e    : auipc a3, 0                : IntAlu :  D=0x000000000001035e
   9000: system.cpu: T0 : 0x10362    : addi a3, a3, 1988          : IntAlu :  D=0x0000000000010b22
  10000: system.cpu: T0 : 0x10366    : auipc a4, 1                : IntAlu :  D=0x0000000000011366
  11000: system.cpu: T0 : 0x1036a    : addi a4, a4, -1972         : IntAlu :  D=0x0000000000010bb2
  11500: system.cpu: T0 : 0x1036e    : c_mv a6, sp                : IntAlu :  D=0x7fffffffffffff30
  12000: system.cpu: T0 : 0x10370    : jal ra, 742                : IntAlu :  D=0x0000000000010374
  12500: system.cpu: T0 : 0x10656    : c_addi16sp sp, -320        : IntAlu :  D=0x7ffffffffffffdf0
  13000: system.cpu: T0 : 0x10658    : c_sdsp s0, 304(sp)         : MemWrite :  D=0x0000000000000000 A=0x7fffffffffffff20
  13500: system.cpu: T0 : 0x1065a    : c_sdsp s1, 296(sp)         : MemWrite :  D=0x0000000000000000 A=0x7fffffffffffff18
  14000: system.cpu: T0 : 0x1065c    : c_sdsp s2, 288(sp)         : MemWrite :  D=0x0000000000000000 A=0x7fffffffffffff10
  14500: system.cpu: T0 : 0x1065e    : c_sdsp a2, 16(sp)          : MemWrite :  D=0x7fffffffffffff38 A=0x7ffffffffffffe00
  15000: system.cpu: T0 : 0x10660    : c_sdsp ra, 312(sp)         : MemWrite :  D=0x0000000000010374 A=0x7fffffffffffff28
  16000: system.cpu: T0 : 0x10662    : addi t1, zero, 0           : IntAlu :  D=0x0000000000000000
  16500: system.cpu: T0 : 0x10666    : c_sdsp a0, 24(sp)          : MemWrite :  D=0x000000000001061a A=0x7ffffffffffffe08
  17000: system.cpu: T0 : 0x10668    : c_sdsp a1, 8(sp)           : MemWrite :  D=0x0000000000000001 A=0x7ffffffffffffdf8
  17500: system.cpu: T0 : 0x1066a    : c_mv s0, a3                : IntAlu :  D=0x0000000000010b22
  18000: system.cpu: T0 : 0x1066c    : c_mv s1, a4                : IntAlu :  D=0x0000000000010bb2
  18500: system.cpu: T0 : 0x1066e    : c_mv s2, a5                : IntAlu :  D=0x0000000000000000
  19000: system.cpu: T0 : 0x10670    : c_li a2, 0                 : IntAlu :  D=0x0000000000000000
  20000: system.cpu: T0 : 0x10672    : beq t1, zero, 12           : IntAlu : 
  20500: system.cpu: T0 : 0x1067e    : c_ldsp a5, 8(sp)           : MemRead :  D=0x0000000000000001 A=0x7ffffffffffffdf8
  21000: system.cpu: T0 : 0x10680    : addi a0, a5, 1             : IntAlu :  D=0x0000000000000002
  21500: system.cpu: T0 : 0x10684    : c_ldsp a5, 16(sp)          : MemRead :  D=0x7fffffffffffff38 A=0x7ffffffffffffe00
  22000: system.cpu: T0 : 0x10686    : c_slli a0, 3               : IntAlu :  D=0x0000000000000010
  22500: system.cpu: T0 : 0x10688    : c_add a0, a5               : IntAlu :  D=0x7fffffffffffff48
  23500: system.cpu: T0 : 0x1068a    : sw a2, -1728(gp)           : MemWrite :  D=0x0000000000000000 A=0x70978
  24500: system.cpu: T0 : 0x1068e    : sd a0, -1360(gp)           : MemWrite :  D=0x7fffffffffffff48 A=0x70ae8
  25500: system.cpu: T0 : 0x10692    : lui a5, 111                : IntAlu :  D=0x000000000006f000
  26500: system.cpu: T0 : 0x10696    : sd a6, -80(a5)             : MemWrite :  D=0x7fffffffffffff30 A=0x6efb0
  27000: system.cpu: T0 : 0x1069a    : c_ld a2, 0(a0)             : MemRead :  D=0x0000000000000000 A=0x7fffffffffffff48
  27500: system.cpu: T0 : 0x1069c    : c_addi a0, 8               : IntAlu :  D=0x7fffffffffffff50
  28000: system.cpu: T0 : 0x1069e    : c_bnez a2, -4              : IntAlu : 
  28500: system.cpu: T0 : 0x106a0    : jal ra, 72964              : IntAlu :  D=0x00000000000106a4
  29000: system.cpu: T0 : 0x223a4    : c_ld a5, 0(a0)             : MemRead :  D=0x0000000000000009 A=0x7fffffffffffff50
  30000: system.cpu: T0 : 0x223a6    : lui a4, 114                : IntAlu :  D=0x0000000000072000
  31000: system.cpu: T0 : 0x223aa    : sd a0, -280(a4)            : MemWrite :  D=0x7fffffffffffff50 A=0x71ee8
  32000: system.cpu: T0 : 0x223ae    : beq a5, zero, 618          : IntAlu : 
  32500: system.cpu: T0 : 0x223b2    : c_addi16sp sp, -224        : IntAlu :  D=0x7ffffffffffffd10
  33000: system.cpu: T0 : 0x223b4    : c_sdsp s1, 208(sp)         : MemWrite :  D=0x0000000000010bb2 A=0x7ffffffffffffde0
  34000: system.cpu: T0 : 0x223b6    : lui s1, 114                : IntAlu :  D=0x0000000000072000
  35000: system.cpu: T0 : 0x223ba    : ld a4, -208(s1)            : MemRead :  D=0x0000000000000000 A=0x71f30
  35500: system.cpu: T0 : 0x223be    : c_sdsp s3, 192(sp)         : MemWrite :  D=0x0000000000000000 A=0x7ffffffffffffdd0
  36000: system.cpu: T0 : 0x223c0    : c_sdsp a4, 64(sp)          : MemWrite :  D=0x0000000000000000 A=0x7ffffffffffffd50
  37000: system.cpu: T0 : 0x223c2    : ld a4, -1336(gp)           : MemRead :  D=0x0000000000000000 A=0x70b00
  38000: system.cpu: T0 : 0x223c6    : lui a6, 111                : IntAlu :  D=0x000000000006f000
  39000: system.cpu: T0 : 0x223ca    : addi a6, a6, -128          : IntAlu :  D=0x000000000006ef80
  39500: system.cpu: T0 : 0x223ce    : c_sdsp a4, 32(sp)          : MemWrite :  D=0x0000000000000000 A=0x7ffffffffffffd30
  40000: system.cpu: T0 : 0x223d0    : ld a4, 0(a6)               : MemRead :  D=0x0000000000000000 A=0x6ef80
  40500: system.cpu: T0 : 0x223d4    : lui t3, 111                : IntAlu :  D=0x000000000006f000
  41000: system.cpu: T0 : 0x223d8    : lui t1, 114                : IntAlu :  D=0x0000000000072000
  41500: system.cpu: T0 : 0x223dc    : c_sdsp a4, 104(sp)         : MemWrite :  D=0x0000000000000000 A=0x7ffffffffffffd78
  42500: system.cpu: T0 : 0x223de    : lw a4, -72(t3)             : MemRead :  D=0x0000000000000001 A=0x6efb8
  43000: system.cpu: T0 : 0x223e2    : c_sdsp s2, 200(sp)         : MemWrite :  D=0x0000000000000000 A=0x7ffffffffffffdd8
  43500: system.cpu: T0 : 0x223e4    : c_sdsp a4, 80(sp)          : MemWrite :  D=0x0000000000000001 A=0x7ffffffffffffd60
  44500: system.cpu: T0 : 0x223e6    : lw a4, -136(t1)            : MemRead :  D=0x0000000000000000 A=0x71f78
  45000: system.cpu: T0 : 0x223ea    : c_sdsp s4, 184(sp)         : MemWrite :  D=0x0000000000000000 A=0x7ffffffffffffdc8
  45500: system.cpu: T0 : 0x223ec    : c_sdsp a4, 96(sp)          : MemWrite :  D=0x0000000000000000 A=0x7ffffffffffffd70
  46500: system.cpu: T0 : 0x223ee    : lw a4, -1344(gp)           : MemRead :  D=0x0000000000000000 A=0x70af8
  47000: system.cpu: T0 : 0x223f2    : c_sdsp s0, 216(sp)         : MemWrite :  D=0x0000000000010b22 A=0x7ffffffffffffde8
  47500: system.cpu: T0 : 0x223f4    : lui s0, 114                : IntAlu :  D=0x0000000000072000
  48000: system.cpu: T0 : 0x223f8    : c_sdsp a4, 48(sp)          : MemWrite :  D=0x0000000000000000 A=0x7ffffffffffffd40
  49000: system.cpu: T0 : 0x223fa    : ld a4, -1328(gp)           : MemRead :  D=0x0000000000000000 A=0x70b08
  50000: system.cpu: T0 : 0x223fe    : lui t6, 114                : IntAlu :  D=0x0000000000072000
  50500: system.cpu: T0 : 0x22402    : c_sdsp a4, 24(sp)          : MemWrite :  D=0x0000000000000000 A=0x7ffffffffffffd28
  51000: system.cpu: T0 : 0x22404    : ld a4, -272(s0)            : MemRead :  D=0x0000000000000000 A=0x71ef0
  51500: system.cpu: T0 : 0x22408    : lui t2, 114                : IntAlu :  D=0x0000000000072000
  52000: system.cpu: T0 : 0x2240c    : lui t0, 114                : IntAlu :  D=0x0000000000072000
  52500: system.cpu: T0 : 0x22410    : c_sdsp a4, 8(sp)           : MemWrite :  D=0x0000000000000000 A=0x7ffffffffffffd18
  53500: system.cpu: T0 : 0x22412    : ld a4, -1784(gp)           : MemRead :  D=0x0000000000001000 A=0x70940
  54500: system.cpu: T0 : 0x22416    : lui a3, 80                 : IntAlu :  D=0x0000000000050000
  55000: system.cpu: T0 : 0x2241a    : c_sdsp s5, 176(sp)         : MemWrite :  D=0x0000000000000000 A=0x7ffffffffffffdc0
  55500: system.cpu: T0 : 0x2241c    : c_sdsp s6, 168(sp)         : MemWrite :  D=0x0000000000000000 A=0x7ffffffffffffdb8
  56000: system.cpu: T0 : 0x2241e    : c_sdsp s7, 160(sp)         : MemWrite :  D=0x0000000000000000 A=0x7ffffffffffffdb0
  56500: system.cpu: T0 : 0x22420    : c_sdsp s8, 152(sp)         : MemWrite :  D=0x0000000000000000 A=0x7ffffffffffffda8
  57000: system.cpu: T0 : 0x22422    : c_sdsp s10, 136(sp)        : MemWrite :  D=0x0000000000000000 A=0x7ffffffffffffd98
  57500: system.cpu: T0 : 0x22424    : c_sdsp s11, 128(sp)        : MemWrite :  D=0x0000000000000000 A=0x7ffffffffffffd90
  58000: system.cpu: T0 : 0x22426    : c_sdsp a4, 120(sp)         : MemWrite :  D=0x0000000000001000 A=0x7ffffffffffffd88
  58500: system.cpu: T0 : 0x22428    : lw s7, -216(t6)            : MemRead :  D=0x0000000000000000 A=0x71f28
  59000: system.cpu: T0 : 0x2242c    : ld s11, -184(t2)           : MemRead :  D=0x0000000000000000 A=0x71f48
  59500: system.cpu: T0 : 0x22430    : c_sdsp s9, 144(sp)         : MemWrite :  D=0x0000000000000000 A=0x7ffffffffffffda0
  60000: system.cpu: T0 : 0x22432    : c_li s10, 0                : IntAlu :  D=0x0000000000000000
  60500: system.cpu: T0 : 0x22434    : ld s9, -240(t0)            : MemRead :  D=0x0000000000000000 A=0x71f10
  61000: system.cpu: T0 : 0x22438    : c_li s8, 0                 : IntAlu :  D=0x0000000000000000
  61500: system.cpu: T0 : 0x2243a    : c_sdsp zero, 112(sp)       : MemWrite :  D=0x0000000000000000 A=0x7ffffffffffffd80
  62000: system.cpu: T0 : 0x2243c    : c_sdsp zero, 88(sp)        : MemWrite :  D=0x0000000000000000 A=0x7ffffffffffffd68
  62500: system.cpu: T0 : 0x2243e    : c_sdsp zero, 72(sp)        : MemWrite :  D=0x0000000000000000 A=0x7ffffffffffffd58
  63000: system.cpu: T0 : 0x22440    : c_sdsp zero, 56(sp)        : MemWrite :  D=0x0000000000000000 A=0x7ffffffffffffd48
  63500: system.cpu: T0 : 0x22442    : c_sdsp zero, 40(sp)        : MemWrite :  D=0x0000000000000000 A=0x7ffffffffffffd38
  64000: system.cpu: T0 : 0x22444    : c_sdsp zero, 16(sp)        : MemWrite :  D=0x0000000000000000 A=0x7ffffffffffffd20
  64500: system.cpu: T0 : 0x22446    : c_li s6, 0                 : IntAlu :  D=0x0000000000000000
  65000: system.cpu: T0 : 0x22448    : c_li s5, 0                 : IntAlu :  D=0x0000000000000000
  65500: system.cpu: T0 : 0x2244a    : c_li t5, 0                 : IntAlu :  D=0x0000000000000000
  66000: system.cpu: T0 : 0x2244c    : c_li a7, 0                 : IntAlu :  D=0x0000000000000000
  66500: system.cpu: T0 : 0x2244e    : c_li a1, 0                 : IntAlu :  D=0x0000000000000000
  67000: system.cpu: T0 : 0x22450    : c_li a2, 0                 : IntAlu :  D=0x0000000000000000
  67500: system.cpu: T0 : 0x22452    : c_li a4, 30                : IntAlu :  D=0x000000000000001e
  68000: system.cpu: T0 : 0x22454    : addi a3, a3, -768          : IntAlu :  D=0x000000000004fd00
  68500: system.cpu: T0 : 0x22458    : c_addi a5, -3              : IntAlu :  D=0x0000000000000006
  69500: system.cpu: T0 : 0x2245a    : bltu a4, a5, 20            : IntAlu : 
  70000: system.cpu: T0 : 0x2245e    : c_slli a5, 2               : IntAlu :  D=0x0000000000000018
  70500: system.cpu: T0 : 0x22460    : c_add a5, a3               : IntAlu :  D=0x000000000004fd18
  71000: system.cpu: T0 : 0x22462    : c_lw a5, 0(a5)             : MemRead :  D=0x000000000002246e A=0x4fd18
  71500: system.cpu: T0 : 0x22464    : c_jr a5                    : IntAlu : 
  72000: system.cpu: T0 : 0x2246e    : c_ld a5, 16(a0)            : MemRead :  D=0x0000000000000005 A=0x7fffffffffffff60
  72500: system.cpu: T0 : 0x22470    : c_addi a0, 16              : IntAlu :  D=0x7fffffffffffff60
  73000: system.cpu: T0 : 0x22472    : c_bnez a5, -26             : IntAlu : 
  73500: system.cpu: T0 : 0x22458    : c_addi a5, -3              : IntAlu :  D=0x0000000000000002
  74500: system.cpu: T0 : 0x2245a    : bltu a4, a5, 20            : IntAlu : 
  75000: system.cpu: T0 : 0x2245e    : c_slli a5, 2               : IntAlu :  D=0x0000000000000008
  75500: system.cpu: T0 : 0x22460    : c_add a5, a3               : IntAlu :  D=0x000000000004fd08
  76000: system.cpu: T0 : 0x22462    : c_lw a5, 0(a5)             : MemRead :  D=0x00000000000225ec A=0x4fd08
  76500: system.cpu: T0 : 0x22464    : c_jr a5                    : IntAlu : 
  77000: system.cpu: T0 : 0x225ec    : c_ld a5, 16(a0)            : MemRead :  D=0x0000000000000004 A=0x7fffffffffffff70
  78000: system.cpu: T0 : 0x225ee    : ld s11, 8(a0)              : MemRead :  D=0x0000000000000006 A=0x7fffffffffffff68
  78500: system.cpu: T0 : 0x225f2    : c_li s8, 1                 : IntAlu :  D=0x0000000000000001
  79000: system.cpu: T0 : 0x225f4    : c_addi a0, 16              : IntAlu :  D=0x7fffffffffffff70
  80000: system.cpu: T0 : 0x225f6    : bne a5, zero, -414         : IntAlu : 
  80500: system.cpu: T0 : 0x22458    : c_addi a5, -3              : IntAlu :  D=0x0000000000000001
  81500: system.cpu: T0 : 0x2245a    : bltu a4, a5, 20            : IntAlu : 
  82000: system.cpu: T0 : 0x2245e    : c_slli a5, 2               : IntAlu :  D=0x0000000000000004
  82500: system.cpu: T0 : 0x22460    : c_add a5, a3               : IntAlu :  D=0x000000000004fd04
  83000: system.cpu: T0 : 0x22462    : c_lw a5, 0(a5)             : MemRead :  D=0x000000000002246e A=0x4fd04
  83500: system.cpu: T0 : 0x22464    : c_jr a5                    : IntAlu : 
  84000: system.cpu: T0 : 0x2246e    : c_ld a5, 16(a0)            : MemRead :  D=0x0000000000000003 A=0x7fffffffffffff80
  84500: system.cpu: T0 : 0x22470    : c_addi a0, 16              : IntAlu :  D=0x7fffffffffffff80
  85000: system.cpu: T0 : 0x22472    : c_bnez a5, -26             : IntAlu : 
  85500: system.cpu: T0 : 0x22458    : c_addi a5, -3              : IntAlu :  D=0x0000000000000000
  86500: system.cpu: T0 : 0x2245a    : bltu a4, a5, 20            : IntAlu : 
  87000: system.cpu: T0 : 0x2245e    : c_slli a5, 2               : IntAlu :  D=0x0000000000000000
  87500: system.cpu: T0 : 0x22460    : c_add a5, a3               : IntAlu :  D=0x000000000004fd00
  88000: system.cpu: T0 : 0x22462    : c_lw a5, 0(a5)             : MemRead :  D=0x00000000000225fc A=0x4fd00
  88500: system.cpu: T0 : 0x22464    : c_jr a5                    : IntAlu : 
  89000: system.cpu: T0 : 0x225fc    : c_ld a5, 16(a0)            : MemRead :  D=0x0000000000000006 A=0x7fffffffffffff90
  90000: system.cpu: T0 : 0x225fe    : ld s9, 8(a0)               : MemRead :  D=0x0000000000010040 A=0x7fffffffffffff88
  90500: system.cpu: T0 : 0x22602    : c_li s6, 1                 : IntAlu :  D=0x0000000000000001
  91000: system.cpu: T0 : 0x22604    : c_addi a0, 16              : IntAlu :  D=0x7fffffffffffff90
  92000: system.cpu: T0 : 0x22606    : bne a5, zero, -430         : IntAlu : 
  92500: system.cpu: T0 : 0x22458    : c_addi a5, -3              : IntAlu :  D=0x0000000000000003
  93500: system.cpu: T0 : 0x2245a    : bltu a4, a5, 20            : IntAlu : 
  94000: system.cpu: T0 : 0x2245e    : c_slli a5, 2               : IntAlu :  D=0x000000000000000c
  94500: system.cpu: T0 : 0x22460    : c_add a5, a3               : IntAlu :  D=0x000000000004fd0c
  95000: system.cpu: T0 : 0x22462    : c_lw a5, 0(a5)             : MemRead :  D=0x0000000000022466 A=0x4fd0c
  95500: system.cpu: T0 : 0x22464    : c_jr a5                    : IntAlu : 
  96000: system.cpu: T0 : 0x22466    : c_ld a5, 8(a0)             : MemRead :  D=0x0000000000001000 A=0x7fffffffffffff98
  96500: system.cpu: T0 : 0x22468    : c_beqz a5, 6               : IntAlu : 
  97000: system.cpu: T0 : 0x2246a    : c_sdsp a5, 120(sp)         : MemWrite :  D=0x0000000000001000 A=0x7ffffffffffffd88
  97500: system.cpu: T0 : 0x2246c    : c_li t5, 1                 : IntAlu :  D=0x0000000000000001
  98000: system.cpu: T0 : 0x2246e    : c_ld a5, 16(a0)            : MemRead :  D=0x0000000000000017 A=0x7fffffffffffffa0
  98500: system.cpu: T0 : 0x22470    : c_addi a0, 16              : IntAlu :  D=0x7fffffffffffffa0
  99000: system.cpu: T0 : 0x22472    : c_bnez a5, -26             : IntAlu : 
  99500: system.cpu: T0 : 0x22458    : c_addi a5, -3              : IntAlu :  D=0x0000000000000014
 100500: system.cpu: T0 : 0x2245a    : bltu a4, a5, 20            : IntAlu : 
 101000: system.cpu: T0 : 0x2245e    : c_slli a5, 2               : IntAlu :  D=0x0000000000000050
 101500: system.cpu: T0 : 0x22460    : c_add a5, a3               : IntAlu :  D=0x000000000004fd50
 102000: system.cpu: T0 : 0x22462    : c_lw a5, 0(a5)             : MemRead :  D=0x0000000000022540 A=0x4fd50
 102500: system.cpu: T0 : 0x22464    : c_jr a5                    : IntAlu : 
 103000: system.cpu: T0 : 0x22540    : c_lw a5, 8(a0)             : MemRead :  D=0x0000000000000000 A=0x7fffffffffffffa8
 103500: system.cpu: T0 : 0x22542    : c_li a2, -1                : IntAlu :  D=0xffffffffffffffff
 104000: system.cpu: T0 : 0x22544    : c_addi a0, 16              : IntAlu :  D=0x7fffffffffffffb0
 104500: system.cpu: T0 : 0x22546    : c_sdsp a5, 80(sp)          : MemWrite :  D=0x0000000000000000 A=0x7ffffffffffffd60
 105000: system.cpu: T0 : 0x22548    : c_li a5, 1                 : IntAlu :  D=0x0000000000000001
 105500: system.cpu: T0 : 0x2254a    : c_sdsp a5, 96(sp)          : MemWrite :  D=0x0000000000000001 A=0x7ffffffffffffd70
 106000: system.cpu: T0 : 0x2254c    : c_sdsp a5, 88(sp)          : MemWrite :  D=0x0000000000000001 A=0x7ffffffffffffd68
 106500: system.cpu: T0 : 0x2254e    : c_ld a5, 0(a0)             : MemRead :  D=0x0000000000000019 A=0x7fffffffffffffb0
 107000: system.cpu: T0 : 0x22550    : c_bnez a5, -248            : IntAlu : 
 107500: system.cpu: T0 : 0x22458    : c_addi a5, -3              : IntAlu :  D=0x0000000000000016
 108500: system.cpu: T0 : 0x2245a    : bltu a4, a5, 20            : IntAlu : 
 109000: system.cpu: T0 : 0x2245e    : c_slli a5, 2               : IntAlu :  D=0x0000000000000058
 109500: system.cpu: T0 : 0x22460    : c_add a5, a3               : IntAlu :  D=0x000000000004fd58
 110000: system.cpu: T0 : 0x22462    : c_lw a5, 0(a5)             : MemRead :  D=0x0000000000022530 A=0x4fd58
 110500: system.cpu: T0 : 0x22464    : c_jr a5                    : IntAlu : 
 111000: system.cpu: T0 : 0x22530    : c_ld a5, 8(a0)             : MemRead :  D=0x7fffffffffffffd8 A=0x7fffffffffffffb8
 111500: system.cpu: T0 : 0x22532    : c_addi a0, 16              : IntAlu :  D=0x7fffffffffffffc0
 112000: system.cpu: T0 : 0x22534    : c_sdsp a5, 104(sp)         : MemWrite :  D=0x7fffffffffffffd8 A=0x7ffffffffffffd78
 112500: system.cpu: T0 : 0x22536    : c_li a5, 1                 : IntAlu :  D=0x0000000000000001
 113000: system.cpu: T0 : 0x22538    : c_sdsp a5, 112(sp)         : MemWrite :  D=0x0000000000000001 A=0x7ffffffffffffd80
 113500: system.cpu: T0 : 0x2253a    : c_ld a5, 0(a0)             : MemRead :  D=0x0000000000000000 A=0x7fffffffffffffc0
 114000: system.cpu: T0 : 0x2253c    : c_bnez a5, -228            : IntAlu : 
 114500: system.cpu: T0 : 0x2253e    : c_j -202                   : IntAlu : 
 115000: system.cpu: T0 : 0x22474    : bne t5, zero, 408          : IntAlu : 
 115500: system.cpu: T0 : 0x2260c    : c_ldsp a5, 120(sp)         : MemRead :  D=0x0000000000001000 A=0x7ffffffffffffd88
 116500: system.cpu: T0 : 0x2260e    : sd a5, -1784(gp)           : MemWrite :  D=0x0000000000001000 A=0x70940
 117500: system.cpu: T0 : 0x22612    : bne s5, zero, -406         : IntAlu : 
 118000: system.cpu: T0 : 0x22616    : c_j -406                   : IntAlu : 
 118500: system.cpu: T0 : 0x22480    : beq s6, zero, 8            : IntAlu : 
 119000: system.cpu: T0 : 0x22484    : sd s9, -240(t0)            : MemWrite :  D=0x0000000000010040 A=0x71f10
 119500: system.cpu: T0 : 0x22488    : beq s8, zero, 8            : IntAlu : 
 120000: system.cpu: T0 : 0x2248c    : sd s11, -184(t2)           : MemWrite :  D=0x0000000000000006 A=0x71f48
 120500: system.cpu: T0 : 0x22490    : beq s10, zero, 10          : IntAlu : 
 121000: system.cpu: T0 : 0x2249a    : c_ldsp a5, 16(sp)          : MemRead :  D=0x0000000000000000 A=0x7ffffffffffffd20
 121500: system.cpu: T0 : 0x2249c    : c_beqz a5, 8               : IntAlu : 
 122000: system.cpu: T0 : 0x224a4    : c_ldsp a5, 40(sp)          : MemRead :  D=0x0000000000000000 A=0x7ffffffffffffd38
 122500: system.cpu: T0 : 0x224a6    : c_beqz a5, 8               : IntAlu : 
 123000: system.cpu: T0 : 0x224ae    : c_ldsp a5, 56(sp)          : MemRead :  D=0x0000000000000000 A=0x7ffffffffffffd48
 123500: system.cpu: T0 : 0x224b0    : c_beqz a5, 8               : IntAlu : 
 124000: system.cpu: T0 : 0x224b8    : c_ldsp a5, 72(sp)          : MemRead :  D=0x0000000000000000 A=0x7ffffffffffffd58
 124500: system.cpu: T0 : 0x224ba    : c_beqz a5, 8               : IntAlu : 
 125000: system.cpu: T0 : 0x224c2    : c_ldsp a5, 88(sp)          : MemRead :  D=0x0000000000000001 A=0x7ffffffffffffd68
 125500: system.cpu: T0 : 0x224c4    : c_beqz a5, 14              : IntAlu : 
 126000: system.cpu: T0 : 0x224c6    : c_ldsp a5, 80(sp)          : MemRead :  D=0x0000000000000000 A=0x7ffffffffffffd60
 126500: system.cpu: T0 : 0x224c8    : sw a5, -72(t3)             : MemWrite :  D=0x0000000000000000 A=0x6efb8
 127000: system.cpu: T0 : 0x224cc    : c_ldsp a5, 96(sp)          : MemRead :  D=0x0000000000000001 A=0x7ffffffffffffd70
 128000: system.cpu: T0 : 0x224ce    : sw a5, -136(t1)            : MemWrite :  D=0x0000000000000001 A=0x71f78
 128500: system.cpu: T0 : 0x224d2    : c_ldsp a5, 112(sp)         : MemRead :  D=0x0000000000000001 A=0x7ffffffffffffd80
 129000: system.cpu: T0 : 0x224d4    : c_beqz a5, 8               : IntAlu : 
 129500: system.cpu: T0 : 0x224d6    : c_ldsp a5, 104(sp)         : MemRead :  D=0x7fffffffffffffd8 A=0x7ffffffffffffd78
 130000: system.cpu: T0 : 0x224d8    : sd a5, 0(a6)               : MemWrite :  D=0x7fffffffffffffd8 A=0x6ef80
 130500: system.cpu: T0 : 0x224dc    : c_li a5, 15                : IntAlu :  D=0x000000000000000f
 131500: system.cpu: T0 : 0x224de    : bne a2, a5, 22             : IntAlu : 
 132000: system.cpu: T0 : 0x224f4    : c_ldsp s0, 216(sp)         : MemRead :  D=0x0000000000010b22 A=0x7ffffffffffffde8
 132500: system.cpu: T0 : 0x224f6    : c_ldsp s1, 208(sp)         : MemRead :  D=0x0000000000010bb2 A=0x7ffffffffffffde0
 133000: system.cpu: T0 : 0x224f8    : c_ldsp s2, 200(sp)         : MemRead :  D=0x0000000000000000 A=0x7ffffffffffffdd8
 133500: system.cpu: T0 : 0x224fa    : c_ldsp s3, 192(sp)         : MemRead :  D=0x0000000000000000 A=0x7ffffffffffffdd0
 134000: system.cpu: T0 : 0x224fc    : c_ldsp s4, 184(sp)         : MemRead :  D=0x0000000000000000 A=0x7ffffffffffffdc8
 134500: system.cpu: T0 : 0x224fe    : c_ldsp s5, 176(sp)         : MemRead :  D=0x0000000000000000 A=0x7ffffffffffffdc0
 135000: system.cpu: T0 : 0x22500    : c_ldsp s6, 168(sp)         : MemRead :  D=0x0000000000000000 A=0x7ffffffffffffdb8
 135500: system.cpu: T0 : 0x22502    : c_ldsp s7, 160(sp)         : MemRead :  D=0x0000000000000000 A=0x7ffffffffffffdb0
 136000: system.cpu: T0 : 0x22504    : c_ldsp s8, 152(sp)         : MemRead :  D=0x0000000000000000 A=0x7ffffffffffffda8
 136500: system.cpu: T0 : 0x22506    : c_ldsp s9, 144(sp)         : MemRead :  D=0x0000000000000000 A=0x7ffffffffffffda0
 137000: system.cpu: T0 : 0x22508    : c_ldsp s10, 136(sp)        : MemRead :  D=0x0000000000000000 A=0x7ffffffffffffd98
 137500: system.cpu: T0 : 0x2250a    : c_ldsp s11, 128(sp)        : MemRead :  D=0x0000000000000000 A=0x7ffffffffffffd90
 138000: system.cpu: T0 : 0x2250c    : c_addi16sp sp, 224         : IntAlu :  D=0x7ffffffffffffdf0
 138500: system.cpu: T0 : 0x2250e    : c_jr ra                    : IntAlu : 
 139000: system.cpu: T0 : 0x106a4    : lui a5, 114                : IntAlu :  D=0x0000000000072000
 139500: system.cpu: T0 : 0x106a8    : ld a4, -240(a5)            : MemRead :  D=0x0000000000010040 A=0x71f10
 140000: system.cpu: T0 : 0x106ac    : beq a4, zero, 320          : IntAlu : 
 140500: system.cpu: T0 : 0x106b0    : jal ra, 75470              : IntAlu :  D=0x00000000000106b4
 141500: system.cpu: T0 : 0x22d7e    : lui a5, 114                : IntAlu :  D=0x0000000000072000
 142500: system.cpu: T0 : 0x22d82    : lw a5, -136(a5)            : MemRead :  D=0x0000000000000001 A=0x71f78
 143000: system.cpu: T0 : 0x22d86    : c_beqz a5, 4               : IntAlu : 
 143500: system.cpu: T0 : 0x22d88    : c_jr ra                    : IntAlu : 
 144000: system.cpu: T0 : 0x106b4    : ld a0, -1360(gp)           : MemRead :  D=0x7fffffffffffff48 A=0x70ae8
 144500: system.cpu: T0 : 0x106b8    : jal ra, 71968              : IntAlu :  D=0x00000000000106bc
 145000: system.cpu: T0 : 0x21fd8    : c_addi16sp sp, -128        : IntAlu :  D=0x7ffffffffffffd70
 145500: system.cpu: T0 : 0x21fda    : c_sdsp s4, 80(sp)          : MemWrite :  D=0x0000000000000000 A=0x7ffffffffffffdc0
 146000: system.cpu: T0 : 0x21fdc    : lui s4, 111                : IntAlu :  D=0x000000000006f000
 146500: system.cpu: T0 : 0x21fe0    : lw a5, -72(s4)             : MemRead :  D=0x0000000000000000 A=0x6efb8
 147000: system.cpu: T0 : 0x21fe4    : c_sdsp s7, 56(sp)          : MemWrite :  D=0x0000000000000000 A=0x7ffffffffffffda8
 147500: system.cpu: T0 : 0x21fe6    : c_sdsp ra, 120(sp)         : MemWrite :  D=0x00000000000106bc A=0x7ffffffffffffde8
 148000: system.cpu: T0 : 0x21fe8    : c_sdsp s0, 112(sp)         : MemWrite :  D=0x0000000000010b22 A=0x7ffffffffffffde0
 148500: system.cpu: T0 : 0x21fea    : c_sdsp s1, 104(sp)         : MemWrite :  D=0x0000000000010bb2 A=0x7ffffffffffffdd8
 149000: system.cpu: T0 : 0x21fec    : c_sdsp s2, 96(sp)          : MemWrite :  D=0x0000000000000000 A=0x7ffffffffffffdd0
 149500: system.cpu: T0 : 0x21fee    : c_sdsp s3, 88(sp)          : MemWrite :  D=0x0000000000000000 A=0x7ffffffffffffdc8
 150000: system.cpu: T0 : 0x21ff0    : c_sdsp s5, 72(sp)          : MemWrite :  D=0x0000000000000000 A=0x7ffffffffffffdb8
 150500: system.cpu: T0 : 0x21ff2    : c_sdsp s6, 64(sp)          : MemWrite :  D=0x0000000000000000 A=0x7ffffffffffffdb0
 151000: system.cpu: T0 : 0x21ff4    : c_sdsp s8, 48(sp)          : MemWrite :  D=0x0000000000000000 A=0x7ffffffffffffda0
 151500: system.cpu: T0 : 0x21ff6    : c_sdsp s9, 40(sp)          : MemWrite :  D=0x0000000000000000 A=0x7ffffffffffffd98
 152000: system.cpu: T0 : 0x21ff8    : c_sdsp s10, 32(sp)         : MemWrite :  D=0x0000000000000000 A=0x7ffffffffffffd90
 152500: system.cpu: T0 : 0x21ffa    : c_sdsp s11, 24(sp)         : MemWrite :  D=0x0000000000000000 A=0x7ffffffffffffd88
 153000: system.cpu: T0 : 0x21ffc    : c_mv s7, a0                : IntAlu :  D=0x7fffffffffffff48
 154000: system.cpu: T0 : 0x21ffe    : bne a5, zero, 750          : IntAlu : 
 155000: system.cpu: T0 : 0x22002    : lui s0, 111                : IntAlu :  D=0x000000000006f000
 156000: system.cpu: T0 : 0x22006    : addi s3, zero, 61          : IntAlu :  D=0x000000000000003d
 157000: system.cpu: T0 : 0x2200a    : lui s1, 80                 : IntAlu :  D=0x0000000000050000
 158000: system.cpu: T0 : 0x2200e    : addi s6, s0, -1248         : IntAlu :  D=0x000000000006eb20
 159000: system.cpu: T0 : 0x22012    : beq s7, zero, 166          : IntAlu : 
 159500: system.cpu: T0 : 0x22016    : c_mv a3, s7                : IntAlu :  D=0x7fffffffffffff48
 160000: system.cpu: T0 : 0x22018    : ld s9, 0(a3)               : MemRead :  D=0x0000000000000000 A=0x7fffffffffffff48
 160500: system.cpu: T0 : 0x2201c    : c_mv s5, a3                : IntAlu :  D=0x7fffffffffffff48
 161500: system.cpu: T0 : 0x2201e    : beq s9, zero, 154          : IntAlu : 
 162000: system.cpu: T0 : 0x220b8    : c_ldsp ra, 120(sp)         : MemRead :  D=0x00000000000106bc A=0x7ffffffffffffde8
 162500: system.cpu: T0 : 0x220ba    : c_ldsp s0, 112(sp)         : MemRead :  D=0x0000000000010b22 A=0x7ffffffffffffde0
 163000: system.cpu: T0 : 0x220bc    : c_ldsp s1, 104(sp)         : MemRead :  D=0x0000000000010bb2 A=0x7ffffffffffffdd8
 163500: system.cpu: T0 : 0x220be    : c_ldsp s2, 96(sp)          : MemRead :  D=0x0000000000000000 A=0x7ffffffffffffdd0
 164000: system.cpu: T0 : 0x220c0    : c_ldsp s3, 88(sp)          : MemRead :  D=0x0000000000000000 A=0x7ffffffffffffdc8
 164500: system.cpu: T0 : 0x220c2    : c_ldsp s4, 80(sp)          : MemRead :  D=0x0000000000000000 A=0x7ffffffffffffdc0
 165000: system.cpu: T0 : 0x220c4    : c_ldsp s5, 72(sp)          : MemRead :  D=0x0000000000000000 A=0x7ffffffffffffdb8
 165500: system.cpu: T0 : 0x220c6    : c_ldsp s6, 64(sp)          : MemRead :  D=0x0000000000000000 A=0x7ffffffffffffdb0
 166000: system.cpu: T0 : 0x220c8    : c_ldsp s7, 56(sp)          : MemRead :  D=0x0000000000000000 A=0x7ffffffffffffda8
 166500: system.cpu: T0 : 0x220ca    : c_ldsp s8, 48(sp)          : MemRead :  D=0x0000000000000000 A=0x7ffffffffffffda0
 167000: system.cpu: T0 : 0x220cc    : c_ldsp s9, 40(sp)          : MemRead :  D=0x0000000000000000 A=0x7ffffffffffffd98
 167500: system.cpu: T0 : 0x220ce    : c_ldsp s10, 32(sp)         : MemRead :  D=0x0000000000000000 A=0x7ffffffffffffd90
 168000: system.cpu: T0 : 0x220d0    : c_ldsp s11, 24(sp)         : MemRead :  D=0x0000000000000000 A=0x7ffffffffffffd88
 168500: system.cpu: T0 : 0x220d2    : c_addi16sp sp, 128         : IntAlu :  D=0x7ffffffffffffdf0
 169000: system.cpu: T0 : 0x220d4    : c_jr ra                    : IntAlu : 
 169500: system.cpu: T0 : 0x106bc    : jal ra, 664                : IntAlu :  D=0x00000000000106c0
 170000: system.cpu: T0 : 0x10954    : c_addi16sp sp, -128        : IntAlu :  D=0x7ffffffffffffd70
 171000: system.cpu: T0 : 0x10956    : lui a5, 114                : IntAlu :  D=0x0000000000072000
 171500: system.cpu: T0 : 0x1095a    : c_sdsp s0, 112(sp)         : MemWrite :  D=0x0000000000010b22 A=0x7ffffffffffffde0
 172000: system.cpu: T0 : 0x1095c    : ld s0, -240(a5)            : MemRead :  D=0x0000000000010040 A=0x71f10
 172500: system.cpu: T0 : 0x10960    : c_sdsp s3, 88(sp)          : MemWrite :  D=0x0000000000000000 A=0x7ffffffffffffdc8
 173500: system.cpu: T0 : 0x10962    : lui a5, 112                : IntAlu :  D=0x0000000000070000
 174000: system.cpu: T0 : 0x10966    : c_sdsp ra, 120(sp)         : MemWrite :  D=0x00000000000106c0 A=0x7ffffffffffffde8
 174500: system.cpu: T0 : 0x10968    : c_sdsp s1, 104(sp)         : MemWrite :  D=0x0000000000010bb2 A=0x7ffffffffffffdd8
 175000: system.cpu: T0 : 0x1096a    : c_sdsp s2, 96(sp)          : MemWrite :  D=0x0000000000000000 A=0x7ffffffffffffdd0
 175500: system.cpu: T0 : 0x1096c    : c_sdsp s4, 80(sp)          : MemWrite :  D=0x0000000000000000 A=0x7ffffffffffffdc0
 176000: system.cpu: T0 : 0x1096e    : c_sdsp s5, 72(sp)          : MemWrite :  D=0x0000000000000000 A=0x7ffffffffffffdb8
 176500: system.cpu: T0 : 0x10970    : c_sdsp s6, 64(sp)          : MemWrite :  D=0x0000000000000000 A=0x7ffffffffffffdb0
 177000: system.cpu: T0 : 0x10972    : c_sdsp s7, 56(sp)          : MemWrite :  D=0x0000000000000000 A=0x7ffffffffffffda8
 177500: system.cpu: T0 : 0x10974    : c_sdsp s8, 48(sp)          : MemWrite :  D=0x0000000000000000 A=0x7ffffffffffffda0
 178000: system.cpu: T0 : 0x10976    : c_sdsp s9, 40(sp)          : MemWrite :  D=0x0000000000000000 A=0x7ffffffffffffd98
 178500: system.cpu: T0 : 0x10978    : c_sdsp s10, 32(sp)         : MemWrite :  D=0x0000000000000000 A=0x7ffffffffffffd90
 179000: system.cpu: T0 : 0x1097a    : c_sdsp s11, 24(sp)         : MemWrite :  D=0x0000000000000000 A=0x7ffffffffffffd88
 179500: system.cpu: T0 : 0x1097c    : ld s3, 816(a5)             : MemRead :  D=0x000000000006fe60 A=0x70330
 180000: system.cpu: T0 : 0x10980    : beq s0, zero, 368          : IntAlu : 
 180500: system.cpu: T0 : 0x10984    : lui a5, 114                : IntAlu :  D=0x0000000000072000
 181000: system.cpu: T0 : 0x10988    : ld a5, -184(a5)            : MemRead :  D=0x0000000000000006 A=0x71f48
 181500: system.cpu: T0 : 0x1098c    : slli a4, a5, 3             : IntAlu :  D=0x0000000000000030
 182000: system.cpu: T0 : 0x10990    : c_sub a4, a5               : IntAlu :  D=0x000000000000002a
 182500: system.cpu: T0 : 0x10992    : c_slli a4, 3               : IntAlu :  D=0x0000000000000150
 183000: system.cpu: T0 : 0x10994    : c_add a4, s0               : IntAlu :  D=0x0000000000010190
 184000: system.cpu: T0 : 0x10996    : bgeu s0, a4, 322           : IntAlu : 
 184500: system.cpu: T0 : 0x1099a    : c_li a3, 7                 : IntAlu :  D=0x0000000000000007
 185000: system.cpu: T0 : 0x1099c    : c_j 10                     : IntAlu : 
 185500: system.cpu: T0 : 0x109a6    : c_lw a5, 0(s0)             : MemRead :  D=0x0000000000000001 A=0x10040
 186000: system.cpu: T0 : 0x109a8    : bne a5, a3, -10            : IntAlu : 
 187000: system.cpu: T0 : 0x1099e    : addi s0, s0, 56            : IntAlu :  D=0x0000000000010078
 188000: system.cpu: T0 : 0x109a2    : bgeu s0, a4, 310           : IntAlu : 
 188500: system.cpu: T0 : 0x109a6    : c_lw a5, 0(s0)             : MemRead :  D=0x0000000000000001 A=0x10078
 189000: system.cpu: T0 : 0x109a8    : bne a5, a3, -10            : IntAlu : 
 190000: system.cpu: T0 : 0x1099e    : addi s0, s0, 56            : IntAlu :  D=0x00000000000100b0
 191000: system.cpu: T0 : 0x109a2    : bgeu s0, a4, 310           : IntAlu : 
 191500: system.cpu: T0 : 0x109a6    : c_lw a5, 0(s0)             : MemRead :  D=0x0000000000000004 A=0x100b0
 192000: system.cpu: T0 : 0x109a8    : bne a5, a3, -10            : IntAlu : 
 193000: system.cpu: T0 : 0x1099e    : addi s0, s0, 56            : IntAlu :  D=0x00000000000100e8
 194000: system.cpu: T0 : 0x109a2    : bgeu s0, a4, 310           : IntAlu : 
 194500: system.cpu: T0 : 0x109a6    : c_lw a5, 0(s0)             : MemRead :  D=0x0000000000000007 A=0x100e8
 195000: system.cpu: T0 : 0x109a8    : bne a5, a3, -10            : IntAlu : 
 195500: system.cpu: T0 : 0x109ac    : ld s5, 48(s0)              : MemRead :  D=0x0000000000000008 A=0x10118
 196000: system.cpu: T0 : 0x109b0    : ld a1, 0(s3)               : MemRead :  D=0x0000000000000000 A=0x6fe60
 196500: system.cpu: T0 : 0x109b4    : c_ld a4, 16(s0)            : MemRead :  D=0x000000000006ead0 A=0x100f8
 197000: system.cpu: T0 : 0x109b6    : c_li a5, 16                : IntAlu :  D=0x0000000000000010
 197500: system.cpu: T0 : 0x109b8    : ld s10, 40(s0)             : MemRead :  D=0x0000000000000060 A=0x10110
 198000: system.cpu: T0 : 0x109bc    : ld s4, 32(s0)              : MemRead :  D=0x0000000000000020 A=0x10108
 198500: system.cpu: T0 : 0x109c0    : c_mv s8, s5                : IntAlu :  D=0x0000000000000008
 199500: system.cpu: T0 : 0x109c2    : add s0, a1, a4             : IntAlu :  D=0x000000000006ead0
 200500: system.cpu: T0 : 0x109c6    : bltu s5, a5, 260           : IntAlu : 
 201000: system.cpu: T0 : 0x10aca    : c_li s8, 16                : IntAlu :  D=0x0000000000000010
 201500: system.cpu: T0 : 0x10acc    : addi a4, s8, -1            : IntAlu :  D=0x000000000000000f
 202000: system.cpu: T0 : 0x10ad0    : c_mv s9, s5                : IntAlu :  D=0x0000000000000008
 203000: system.cpu: T0 : 0x10ad2    : bne s5, zero, -254         : IntAlu : 
 203500: system.cpu: T0 : 0x109d4    : sub s11, zero, s8          : IntAlu :  D=0xfffffffffffffff0
 204000: system.cpu: T0 : 0x109d8    : beq s5, zero, 302          : IntAlu : 
 204500: system.cpu: T0 : 0x109dc    : addi s2, s5, -1            : IntAlu :  D=0x0000000000000007
 205000: system.cpu: T0 : 0x109e0    : divu a5, s2, s9            : IntDiv :  D=0x0000000000000000
 205500: system.cpu: T0 : 0x109e4    : c_add s2, s10              : IntAlu :  D=0x0000000000000067
 206500: system.cpu: T0 : 0x109e6    : mul s7, a5, s9             : IntMult :  D=0x0000000000000000
 207000: system.cpu: T0 : 0x109ea    : c_mv a5, s7                : IntAlu :  D=0x0000000000000000
 207500: system.cpu: T0 : 0x109ec    : ld a0, -1968(gp)           : MemRead :  D=0x0000000000000800 A=0x70888
 208000: system.cpu: T0 : 0x109f0    : c_sdsp a5, 8(sp)           : MemWrite :  D=0x0000000000000000 A=0x7ffffffffffffd78
 208500: system.cpu: T0 : 0x109f2    : c_sdsp a4, 0(sp)           : MemWrite :  D=0x000000000000000f A=0x7ffffffffffffd70
 209000: system.cpu: T0 : 0x109f4    : addi a0, a0, 1808          : IntAlu :  D=0x0000000000000f10
 209500: system.cpu: T0 : 0x109f8    : c_add a0, s10              : IntAlu :  D=0x0000000000000f70
 210000: system.cpu: T0 : 0x109fa    : c_add a0, s8               : IntAlu :  D=0x0000000000000f80
 210500: system.cpu: T0 : 0x109fc    : c_add a0, s7               : IntAlu :  D=0x0000000000000f80
 211500: system.cpu: T0 : 0x109fe    : jal ra, 67206              : IntAlu :  D=0x0000000000010a02
 212000: system.cpu: T0 : 0x21084    : c_addi sp, -32             : IntAlu :  D=0x7ffffffffffffd50
 212500: system.cpu: T0 : 0x21086    : c_sdsp s2, 0(sp)           : MemWrite :  D=0x0000000000000067 A=0x7ffffffffffffd50
 213000: system.cpu: T0 : 0x21088    : c_sdsp s1, 8(sp)           : MemWrite :  D=0x0000000000010bb2 A=0x7ffffffffffffd58
 214000: system.cpu: T0 : 0x2108a    : ld s1, -1200(gp)           : MemRead :  D=0x0000000000000000 A=0x70b88
 214500: system.cpu: T0 : 0x2108e    : c_sdsp s0, 16(sp)          : MemWrite :  D=0x000000000006ead0 A=0x7ffffffffffffd60
 215000: system.cpu: T0 : 0x21090    : c_sdsp ra, 24(sp)          : MemWrite :  D=0x0000000000010a02 A=0x7ffffffffffffd68
 215500: system.cpu: T0 : 0x21092    : c_mv s0, a0                : IntAlu :  D=0x0000000000000f80
 216000: system.cpu: T0 : 0x21094    : c_beqz s1, 46              : IntAlu : 
 216500: system.cpu: T0 : 0x210c2    : c_li a0, 0                 : IntAlu :  D=0x0000000000000000
 217000: system.cpu: T0 : 0x210c4    : jal ra, 98418              : IntAlu :  D=0x00000000000210c8
 217500: system.cpu: T0 : 0x39136    : c_mv a5, a0                : IntAlu :  D=0x0000000000000000
 218000: system.cpu: T0 : 0x39138    : addi a7, zero, 214         : IntAlu :  D=0x00000000000000d6
 218500: system.cpu: T0 : 0x3913c    : ecall                      : No_OpClass : 
 219000: system.cpu: T0 : 0x39140    : sd a0, -1200(gp)           : MemWrite :  D=0x0000000000073000 A=0x70b88
 219500: system.cpu: T0 : 0x39144    : bltu a0, a5, 8             : IntAlu : 
 220000: system.cpu: T0 : 0x39148    : c_li a0, 0                 : IntAlu :  D=0x0000000000000000
 220500: system.cpu: T0 : 0x3914a    : c_jr ra                    : IntAlu : 
 221000: system.cpu: T0 : 0x210c8    : blt a0, zero, -22          : IntAlu : 
 221500: system.cpu: T0 : 0x210cc    : ld s1, -1200(gp)           : MemRead :  D=0x0000000000073000 A=0x70b88
 222000: system.cpu: T0 : 0x210d0    : c_j -52                    : IntAlu : 
 222500: system.cpu: T0 : 0x2109c    : c_beqz s0, 24              : IntAlu : 
 223500: system.cpu: T0 : 0x2109e    : bge zero, s0, 52           : IntAlu : 
 224500: system.cpu: T0 : 0x210a2    : add a5, s0, s1             : IntAlu :  D=0x0000000000073f80
 225500: system.cpu: T0 : 0x210a6    : sltu a5, a5, s1            : IntAlu :  D=0x0000000000000000
 226000: system.cpu: T0 : 0x210aa    : c_beqz a5, 50              : IntAlu : 
 226500: system.cpu: T0 : 0x210dc    : add a0, s1, s0             : IntAlu :  D=0x0000000000073f80
 227000: system.cpu: T0 : 0x210e0    : jal ra, 98390              : IntAlu :  D=0x00000000000210e4
 227500: system.cpu: T0 : 0x39136    : c_mv a5, a0                : IntAlu :  D=0x0000000000073f80
 228000: system.cpu: T0 : 0x39138    : addi a7, zero, 214         : IntAlu :  D=0x00000000000000d6
 228500: system.cpu: T0 : 0x3913c    : ecall                      : No_OpClass : 
 229000: system.cpu: T0 : 0x39140    : sd a0, -1200(gp)           : MemWrite :  D=0x0000000000073f80 A=0x70b88
 229500: system.cpu: T0 : 0x39144    : bltu a0, a5, 8             : IntAlu : 
 230000: system.cpu: T0 : 0x39148    : c_li a0, 0                 : IntAlu :  D=0x0000000000000000
 230500: system.cpu: T0 : 0x3914a    : c_jr ra                    : IntAlu : 
 231000: system.cpu: T0 : 0x210e4    : blt a0, zero, -50          : IntAlu : 
 231500: system.cpu: T0 : 0x210e8    : c_ldsp ra, 24(sp)          : MemRead :  D=0x0000000000010a02 A=0x7ffffffffffffd68
 232000: system.cpu: T0 : 0x210ea    : c_ldsp s0, 16(sp)          : MemRead :  D=0x000000000006ead0 A=0x7ffffffffffffd60
 232500: system.cpu: T0 : 0x210ec    : c_ldsp s2, 0(sp)           : MemRead :  D=0x0000000000000067 A=0x7ffffffffffffd50
 233000: system.cpu: T0 : 0x210ee    : c_mv a0, s1                : IntAlu :  D=0x0000000000073000
 233500: system.cpu: T0 : 0x210f0    : c_ldsp s1, 8(sp)           : MemRead :  D=0x0000000000010bb2 A=0x7ffffffffffffd58
 234000: system.cpu: T0 : 0x210f2    : c_addi16sp sp, 32          : IntAlu :  D=0x7ffffffffffffd70
 234500: system.cpu: T0 : 0x210f4    : c_jr ra                    : IntAlu : 
 235500: system.cpu: T0 : 0x10a02    : divu s2, s2, s9            : IntDiv :  D=0x000000000000000c
 236000: system.cpu: T0 : 0x10a06    : c_ldsp a4, 0(sp)           : MemRead :  D=0x000000000000000f A=0x7ffffffffffffd70
 236500: system.cpu: T0 : 0x10a08    : c_ldsp a5, 8(sp)           : MemRead :  D=0x0000000000000000 A=0x7ffffffffffffd78
 237500: system.cpu: T0 : 0x10a0a    : addi s1, a0, 1808          : IntAlu :  D=0x0000000000073710
 238000: system.cpu: T0 : 0x10a0e    : c_add s1, a4               : IntAlu :  D=0x000000000007371f
 238500: system.cpu: T0 : 0x10a10    : and s1, s1, s11            : IntAlu :  D=0x0000000000073710
 239000: system.cpu: T0 : 0x10a14    : lui a4, 114                : IntAlu :  D=0x0000000000072000
 239500: system.cpu: T0 : 0x10a18    : addi a4, a4, -1456         : IntAlu :  D=0x0000000000071a50
 240000: system.cpu: T0 : 0x10a1c    : add a0, s1, s7             : IntAlu :  D=0x0000000000073710
 240500: system.cpu: T0 : 0x10a20    : sd a5, 1088(s3)            : MemWrite :  D=0x0000000000000000 A=0x702a0
 241000: system.cpu: T0 : 0x10a24    : addi a5, zero, 62          : IntAlu :  D=0x000000000000003e
 241500: system.cpu: T0 : 0x10a28    : c_mv a2, s4                : IntAlu :  D=0x0000000000000020
 242000: system.cpu: T0 : 0x10a2a    : c_sd a5, 0(a4)             : MemWrite :  D=0x000000000000003e A=0x71a50
 242500: system.cpu: T0 : 0x10a2c    : c_mv a1, s0                : IntAlu :  D=0x000000000006ead0
 243000: system.cpu: T0 : 0x10a2e    : c_sd a0, 32(a4)            : MemWrite :  D=0x0000000000073710 A=0x71a70
 243500: system.cpu: T0 : 0x10a30    : sd zero, 40(a4)            : MemWrite :  D=0x0000000000000000 A=0x71a78
 244000: system.cpu: T0 : 0x10a34    : jal ra, 61668              : IntAlu :  D=0x0000000000010a38
 244500: system.cpu: T0 : 0x1fb18    : c_addi16sp sp, -48         : IntAlu :  D=0x7ffffffffffffd40
 245000: system.cpu: T0 : 0x1fb1a    : c_sdsp s0, 32(sp)          : MemWrite :  D=0x000000000006ead0 A=0x7ffffffffffffd60
 245500: system.cpu: T0 : 0x1fb1c    : c_sdsp s2, 16(sp)          : MemWrite :  D=0x000000000000000c A=0x7ffffffffffffd50
 246000: system.cpu: T0 : 0x1fb1e    : c_sdsp ra, 40(sp)          : MemWrite :  D=0x0000000000010a38 A=0x7ffffffffffffd68
 246500: system.cpu: T0 : 0x1fb20    : c_sdsp s1, 24(sp)          : MemWrite :  D=0x0000000000073710 A=0x7ffffffffffffd58
 247000: system.cpu: T0 : 0x1fb22    : c_sdsp s3, 8(sp)           : MemWrite :  D=0x000000000006fe60 A=0x7ffffffffffffd48
 247500: system.cpu: T0 : 0x1fb24    : c_li a5, 15                : IntAlu :  D=0x000000000000000f
 248000: system.cpu: T0 : 0x1fb26    : c_mv s2, a0                : IntAlu :  D=0x0000000000073710
 248500: system.cpu: T0 : 0x1fb28    : c_mv a4, a0                : IntAlu :  D=0x0000000000073710
 249000: system.cpu: T0 : 0x1fb2a    : c_mv s0, a1                : IntAlu :  D=0x000000000006ead0
 249500: system.cpu: T0 : 0x1fb2c    : bgeu a5, a2, 72            : IntAlu : 
 250000: system.cpu: T0 : 0x1fb30    : sub a0, zero, a0           : IntAlu :  D=0xfffffffffff8c8f0
 250500: system.cpu: T0 : 0x1fb34    : c_andi a0, 7               : IntAlu :  D=0x0000000000000000
 251500: system.cpu: T0 : 0x1fb36    : sub s1, a2, a0             : IntAlu :  D=0x0000000000000020
 252000: system.cpu: T0 : 0x1fb3a    : c_beqz a0, 110             : IntAlu : 
 252500: system.cpu: T0 : 0x1fba8    : c_mv s3, s2                : IntAlu :  D=0x0000000000073710
 253000: system.cpu: T0 : 0x1fbaa    : c_j -84                    : IntAlu : 
 254000: system.cpu: T0 : 0x1fb56    : andi a5, s0, 7             : IntAlu :  D=0x0000000000000000
 255000: system.cpu: T0 : 0x1fb5a    : srli a2, s1, 3             : IntAlu :  D=0x0000000000000004
 255500: system.cpu: T0 : 0x1fb5e    : c_mv a1, s0                : IntAlu :  D=0x000000000006ead0
 256000: system.cpu: T0 : 0x1fb60    : c_mv a0, s3                : IntAlu :  D=0x0000000000073710
 256500: system.cpu: T0 : 0x1fb62    : c_bnez a5, 64              : IntAlu : 
 257000: system.cpu: T0 : 0x1fb64    : jal ra, 72                 : IntAlu :  D=0x000000000001fb68
 257500: system.cpu: T0 : 0x1fbac    : andi a5, a2, 7             : IntAlu :  D=0x0000000000000004
 258000: system.cpu: T0 : 0x1fbb0    : lui a4, 79                 : IntAlu :  D=0x000000000004f000
 258500: system.cpu: T0 : 0x1fbb4    : c_slli a5, 2               : IntAlu :  D=0x0000000000000010
 259500: system.cpu: T0 : 0x1fbb6    : addi a4, a4, 280           : IntAlu :  D=0x000000000004f118
 260000: system.cpu: T0 : 0x1fbba    : c_add a5, a4               : IntAlu :  D=0x000000000004f128
 260500: system.cpu: T0 : 0x1fbbc    : c_lw a5, 0(a5)             : MemRead :  D=0x000000000001fc56 A=0x4f128
 261000: system.cpu: T0 : 0x1fbbe    : c_jr a5                    : IntAlu : 
 262000: system.cpu: T0 : 0x1fc56    : ld a6, 0(a1)               : MemRead :  D=0x0000000000070678 A=0x6ead0
 262500: system.cpu: T0 : 0x1fc5a    : c_mv a3, a0                : IntAlu :  D=0x0000000000073710
 263000: system.cpu: T0 : 0x1fc5c    : c_addi a1, -32             : IntAlu :  D=0x000000000006eab0
 264000: system.cpu: T0 : 0x1fc5e    : addi a5, a0, -40           : IntAlu :  D=0x00000000000736e8
 264500: system.cpu: T0 : 0x1fc62    : c_addi a2, 4               : IntAlu :  D=0x0000000000000008
 265000: system.cpu: T0 : 0x1fc64    : c_j -124                   : IntAlu : 
 265500: system.cpu: T0 : 0x1fbe8    : c_ld a4, 40(a1)            : MemRead :  D=0x0000000000070678 A=0x6ead8
 266500: system.cpu: T0 : 0x1fbea    : addi a0, a5, 48            : IntAlu :  D=0x0000000000073718
 267500: system.cpu: T0 : 0x1fbee    : sd a6, 0(a3)               : MemWrite :  D=0x0000000000070678 A=0x73710
 268500: system.cpu: T0 : 0x1fbee    : sd a6, 0(a3)               : MemWrite :  D=0x0000000000070678 A=0x73710
 269500: system.cpu: T0 : 0x1fbf2    : ld a6, 48(a1)              : MemRead :  D=0x0000000000070680 A=0x6eae0
 270500: system.cpu: T0 : 0x1fbf6    : addi a3, a5, 56            : IntAlu :  D=0x0000000000073720
 271000: system.cpu: T0 : 0x1fbfa    : c_sd a4, 0(a0)             : MemWrite :  D=0x0000000000070678 A=0x73718
 271500: system.cpu: T0 : 0x1fbfc    : c_ld a4, 56(a1)            : MemRead :  D=0x0000000000070698 A=0x6eae8
 272500: system.cpu: T0 : 0x1fbfe    : addi a5, a5, 64            : IntAlu :  D=0x0000000000073728
 273500: system.cpu: T0 : 0x1fc02    : sd a6, 0(a3)               : MemWrite :  D=0x0000000000070680 A=0x73720
 274000: system.cpu: T0 : 0x1fc06    : c_addi a2, -8              : IntAlu :  D=0x0000000000000000
 274500: system.cpu: T0 : 0x1fc08    : c_mv a0, a5                : IntAlu :  D=0x0000000000073728
 275500: system.cpu: T0 : 0x1fc0a    : addi a1, a1, 64            : IntAlu :  D=0x000000000006eaf0
 276000: system.cpu: T0 : 0x1fc0e    : c_beqz a2, 24              : IntAlu : 
 276500: system.cpu: T0 : 0x1fc26    : c_sd a4, 0(a0)             : MemWrite :  D=0x0000000000070698 A=0x73728
 277000: system.cpu: T0 : 0x1fc28    : c_jr ra                    : IntAlu : 
 277500: system.cpu: T0 : 0x1fb68    : andi a4, s1, 18446744073709551608 : IntAlu :  D=0x0000000000000020
 278000: system.cpu: T0 : 0x1fb6c    : c_add s0, a4               : IntAlu :  D=0x000000000006eaf0
 279000: system.cpu: T0 : 0x1fb6e    : andi a2, s1, 7             : IntAlu :  D=0x0000000000000000
 279500: system.cpu: T0 : 0x1fb72    : c_add a4, s3               : IntAlu :  D=0x0000000000073730
 280000: system.cpu: T0 : 0x1fb74    : c_addi a4, -1              : IntAlu :  D=0x000000000007372f
 280500: system.cpu: T0 : 0x1fb76    : c_mv a5, s0                : IntAlu :  D=0x000000000006eaf0
 281000: system.cpu: T0 : 0x1fb78    : add a1, a2, s0             : IntAlu :  D=0x000000000006eaf0
 281500: system.cpu: T0 : 0x1fb7c    : c_sub a4, s0               : IntAlu :  D=0x0000000000004c3f
 282000: system.cpu: T0 : 0x1fb7e    : c_beqz a2, 20              : IntAlu : 
 282500: system.cpu: T0 : 0x1fb92    : c_ldsp ra, 40(sp)          : MemRead :  D=0x0000000000010a38 A=0x7ffffffffffffd68
 283000: system.cpu: T0 : 0x1fb94    : c_ldsp s0, 32(sp)          : MemRead :  D=0x000000000006ead0 A=0x7ffffffffffffd60
 283500: system.cpu: T0 : 0x1fb96    : c_ldsp s1, 24(sp)          : MemRead :  D=0x0000000000073710 A=0x7ffffffffffffd58
 284000: system.cpu: T0 : 0x1fb98    : c_ldsp s3, 8(sp)           : MemRead :  D=0x000000000006fe60 A=0x7ffffffffffffd48
 284500: system.cpu: T0 : 0x1fb9a    : c_mv a0, s2                : IntAlu :  D=0x0000000000073710
 285000: system.cpu: T0 : 0x1fb9c    : c_ldsp s2, 16(sp)          : MemRead :  D=0x000000000000000c A=0x7ffffffffffffd50
 285500: system.cpu: T0 : 0x1fb9e    : c_addi16sp sp, 48          : IntAlu :  D=0x7ffffffffffffd70
 286000: system.cpu: T0 : 0x1fba0    : c_jr ra                    : IntAlu : 
 286500: system.cpu: T0 : 0x10a38    : lui a5, 114                : IntAlu :  D=0x0000000000072000
 287000: system.cpu: T0 : 0x10a3c    : addi a5, a5, -1440         : IntAlu :  D=0x0000000000071a60
 287500: system.cpu: T0 : 0x10a40    : ld a4, -1968(gp)           : MemRead :  D=0x0000000000000800 A=0x70888
 288000: system.cpu: T0 : 0x10a44    : addi a3, gp, -960          : IntAlu :  D=0x0000000000070c78
 288500: system.cpu: T0 : 0x10a48    : sd a5, -16(s1)             : MemWrite :  D=0x0000000000071a60 A=0x73700
 289000: system.cpu: T0 : 0x10a4c    : addi a2, zero, 64          : IntAlu :  D=0x0000000000000040
 289500: system.cpu: T0 : 0x10a50    : c_li a5, 1                 : IntAlu :  D=0x0000000000000001
 290000: system.cpu: T0 : 0x10a52    : c_sd a2, 0(a3)             : MemWrite :  D=0x0000000000000040 A=0x70c78
 290500: system.cpu: T0 : 0x10a54    : lui a2, 114                : IntAlu :  D=0x0000000000072000
 291000: system.cpu: T0 : 0x10a58    : sd a5, -1464(a2)           : MemWrite :  D=0x0000000000000001 A=0x71a48
 291500: system.cpu: T0 : 0x10a5c    : lui a2, 114                : IntAlu :  D=0x0000000000072000
 292000: system.cpu: T0 : 0x10a60    : sd s3, 40(a3)              : MemWrite :  D=0x000000000006fe60 A=0x70ca0
 292500: system.cpu: T0 : 0x10a64    : sd a3, -432(a2)            : MemWrite :  D=0x0000000000070c78 A=0x71e50
 293000: system.cpu: T0 : 0x10a68    : lui a3, 114                : IntAlu :  D=0x0000000000072000
 293500: system.cpu: T0 : 0x10a6c    : sd s8, -1472(a3)           : MemWrite :  D=0x0000000000000010 A=0x71a40
 294000: system.cpu: T0 : 0x10a70    : lui a3, 114                : IntAlu :  D=0x0000000000072000
 294500: system.cpu: T0 : 0x10a74    : sd a5, 1096(s3)            : MemWrite :  D=0x0000000000000001 A=0x702a8
 295000: system.cpu: T0 : 0x10a78    : sd a5, -408(a3)            : MemWrite :  D=0x0000000000000001 A=0x71e68
 295500: system.cpu: T0 : 0x10a7c    : c_addi a4, 15              : IntAlu :  D=0x000000000000080f
 296500: system.cpu: T0 : 0x10a7e    : sd s0, 1048(s3)            : MemWrite :  D=0x000000000006ead0 A=0x70278
 297000: system.cpu: T0 : 0x10a82    : c_ldsp ra, 120(sp)         : MemRead :  D=0x00000000000106c0 A=0x7ffffffffffffde8
 297500: system.cpu: T0 : 0x10a84    : c_ldsp s0, 112(sp)         : MemRead :  D=0x0000000000010b22 A=0x7ffffffffffffde0
 298500: system.cpu: T0 : 0x10a86    : sd s5, 1072(s3)            : MemWrite :  D=0x0000000000000008 A=0x70290
 299500: system.cpu: T0 : 0x10a8a    : sd s10, 1064(s3)           : MemWrite :  D=0x0000000000000060 A=0x70288
 300500: system.cpu: T0 : 0x10a8e    : sd s4, 1056(s3)            : MemWrite :  D=0x0000000000000020 A=0x70280
 301000: system.cpu: T0 : 0x10a92    : c_ldsp s5, 72(sp)          : MemRead :  D=0x0000000000000000 A=0x7ffffffffffffdb8
 301500: system.cpu: T0 : 0x10a94    : c_ldsp s3, 88(sp)          : MemRead :  D=0x0000000000000000 A=0x7ffffffffffffdc8
 302000: system.cpu: T0 : 0x10a96    : c_ldsp s4, 80(sp)          : MemRead :  D=0x0000000000000000 A=0x7ffffffffffffdc0
 302500: system.cpu: T0 : 0x10a98    : c_ldsp s8, 48(sp)          : MemRead :  D=0x0000000000000000 A=0x7ffffffffffffda0
 303000: system.cpu: T0 : 0x10a9a    : c_ldsp s10, 32(sp)         : MemRead :  D=0x0000000000000000 A=0x7ffffffffffffd90
 303500: system.cpu: T0 : 0x10a9c    : c_ldsp s11, 24(sp)         : MemRead :  D=0x0000000000000000 A=0x7ffffffffffffd88
 304000: system.cpu: T0 : 0x10a9e    : c_mv tp, s1                : IntAlu :  D=0x0000000000073710
 304500: system.cpu: T0 : 0x10aa0    : c_ldsp s1, 104(sp)         : MemRead :  D=0x0000000000010bb2 A=0x7ffffffffffffdd8
 305500: system.cpu: T0 : 0x10aa2    : mul s2, s2, s9             : IntMult :  D=0x0000000000000060
 306000: system.cpu: T0 : 0x10aa6    : c_ldsp s9, 40(sp)          : MemRead :  D=0x0000000000000000 A=0x7ffffffffffffd98
 306500: system.cpu: T0 : 0x10aa8    : add a5, s2, s7             : IntAlu :  D=0x0000000000000060
 307000: system.cpu: T0 : 0x10aac    : c_add a4, a5               : IntAlu :  D=0x000000000000086f
 307500: system.cpu: T0 : 0x10aae    : c_andi a4, 18446744073709551600 : IntAlu :  D=0x0000000000000860
 308000: system.cpu: T0 : 0x10ab0    : sd a4, -1968(gp)           : MemWrite :  D=0x0000000000000860 A=0x70888
 308500: system.cpu: T0 : 0x10ab4    : lui a4, 114                : IntAlu :  D=0x0000000000072000
 309000: system.cpu: T0 : 0x10ab8    : sd a5, -1480(a4)           : MemWrite :  D=0x0000000000000060 A=0x71a38
 309500: system.cpu: T0 : 0x10abc    : c_ldsp s2, 96(sp)          : MemRead :  D=0x0000000000000000 A=0x7ffffffffffffdd0
 310000: system.cpu: T0 : 0x10abe    : c_ldsp s6, 64(sp)          : MemRead :  D=0x0000000000000000 A=0x7ffffffffffffdb0
 310500: system.cpu: T0 : 0x10ac0    : c_ldsp s7, 56(sp)          : MemRead :  D=0x0000000000000000 A=0x7ffffffffffffda8
 311000: system.cpu: T0 : 0x10ac2    : c_addi16sp sp, 128         : IntAlu :  D=0x7ffffffffffffdf0
 311500: system.cpu: T0 : 0x10ac4    : c_jr ra                    : IntAlu : 
 312000: system.cpu: T0 : 0x106c0    : lui a5, 111                : IntAlu :  D=0x000000000006f000
 312500: system.cpu: T0 : 0x106c4    : ld a5, -128(a5)            : MemRead :  D=0x7fffffffffffffd8 A=0x6ef80
 313000: system.cpu: T0 : 0x106c8    : lw a7, -1728(gp)           : MemRead :  D=0x0000000000000000 A=0x70978
 313500: system.cpu: T0 : 0x106cc    : lbu a6, 1(a5)              : MemRead :  D=0x0000000000000000 A=0x7fffffffffffffd9
 314000: system.cpu: T0 : 0x106d0    : lbu a4, 0(a5)              : MemRead :  D=0x0000000000000000 A=0x7fffffffffffffd8
 314500: system.cpu: T0 : 0x106d4    : lbu a0, 2(a5)              : MemRead :  D=0x0000000000000000 A=0x7fffffffffffffda
 315000: system.cpu: T0 : 0x106d8    : lbu a1, 3(a5)              : MemRead :  D=0x0000000000000000 A=0x7fffffffffffffdb
 315500: system.cpu: T0 : 0x106dc    : lbu a2, 4(a5)              : MemRead :  D=0x0000000000000000 A=0x7fffffffffffffdc
 316000: system.cpu: T0 : 0x106e0    : c_slli a6, 8               : IntAlu :  D=0x0000000000000000
 317000: system.cpu: T0 : 0x106e2    : lbu a3, 5(a5)              : MemRead :  D=0x000000000000002e A=0x7fffffffffffffdd
 318000: system.cpu: T0 : 0x106e6    : or a6, a6, a4              : IntAlu :  D=0x0000000000000000
 318500: system.cpu: T0 : 0x106ea    : c_slli a0, 16              : IntAlu :  D=0x0000000000000000
 319000: system.cpu: T0 : 0x106ec    : lbu a4, 6(a5)              : MemRead :  D=0x000000000000002e A=0x7fffffffffffffde
 319500: system.cpu: T0 : 0x106f0    : or a0, a0, a6              : IntAlu :  D=0x0000000000000000
 320000: system.cpu: T0 : 0x106f4    : c_slli a1, 24              : IntAlu :  D=0x0000000000000000
 321000: system.cpu: T0 : 0x106f6    : lbu a5, 7(a5)              : MemRead :  D=0x000000000000002f A=0x7fffffffffffffdf
 321500: system.cpu: T0 : 0x106fa    : c_or a1, a0                : IntAlu :  D=0x0000000000000000
 322000: system.cpu: T0 : 0x106fc    : c_slli a2, 32              : IntAlu :  D=0x0000000000000000
 322500: system.cpu: T0 : 0x106fe    : c_or a2, a1                : IntAlu :  D=0x0000000000000000
 323000: system.cpu: T0 : 0x10700    : c_slli a3, 40              : IntAlu :  D=0x00002e0000000000
 323500: system.cpu: T0 : 0x10702    : c_or a3, a2                : IntAlu :  D=0x00002e0000000000
 324000: system.cpu: T0 : 0x10704    : c_slli a4, 48              : IntAlu :  D=0x002e000000000000
 324500: system.cpu: T0 : 0x10706    : c_or a4, a3                : IntAlu :  D=0x002e2e0000000000
 325000: system.cpu: T0 : 0x10708    : c_slli a5, 56              : IntAlu :  D=0x2f00000000000000
 325500: system.cpu: T0 : 0x1070a    : c_or a5, a4                : IntAlu :  D=0x2f2e2e0000000000
 326000: system.cpu: T0 : 0x1070c    : andi a5, a5, 18446744073709551360 : IntAlu :  D=0x2f2e2e0000000000
 326500: system.cpu: T0 : 0x10710    : lui a4, 111                : IntAlu :  D=0x000000000006f000
 327000: system.cpu: T0 : 0x10714    : sd a5, -1264(a4)           : MemWrite :  D=0x2f2e2e0000000000 A=0x6eb10
 327500: system.cpu: T0 : 0x10718    : beq a7, zero, 286          : IntAlu : 
 328500: system.cpu: T0 : 0x10836    : jal ra, 75208              : IntAlu :  D=0x000000000001083a
 329000: system.cpu: T0 : 0x22dfe    : c_addi16sp sp, -496        : IntAlu :  D=0x7ffffffffffffc00
 329500: system.cpu: T0 : 0x22e00    : c_addi4spn a0, sp, 72      : IntAlu :  D=0x7ffffffffffffc48
 330000: system.cpu: T0 : 0x22e02    : c_sdsp ra, 488(sp)         : MemWrite :  D=0x000000000001083a A=0x7ffffffffffffde8
 330500: system.cpu: T0 : 0x22e04    : c_sdsp s0, 480(sp)         : MemWrite :  D=0x0000000000010b22 A=0x7ffffffffffffde0
 331000: system.cpu: T0 : 0x22e06    : c_sdsp s1, 472(sp)         : MemWrite :  D=0x0000000000010bb2 A=0x7ffffffffffffdd8
 331500: system.cpu: T0 : 0x22e08    : jal ra, 90520              : IntAlu :  D=0x0000000000022e0c
 332000: system.cpu: T0 : 0x38fa0    : addi a7, zero, 160         : IntAlu :  D=0x00000000000000a0
 332500: system.cpu: T0 : 0x38fa4    : ecall                      : No_OpClass : 
 333000: system.cpu: T0 : 0x38fa8    : c_lui a7, 1048575          : IntAlu :  D=0xfffffffffffff000
 334000: system.cpu: T0 : 0x38faa    : bltu a7, a0, 6             : IntAlu : 
 334500: system.cpu: T0 : 0x38fae    : c_jr ra                    : IntAlu : 
 335000: system.cpu: T0 : 0x22e0c    : addi a3, sp, 202           : IntAlu :  D=0x7ffffffffffffcca
 335500: system.cpu: T0 : 0x22e10    : c_bnez a0, 140             : IntAlu : 
 336000: system.cpu: T0 : 0x22e12    : c_li t1, 0                 : IntAlu :  D=0x0000000000000000
 336500: system.cpu: T0 : 0x22e14    : c_li a0, 0                 : IntAlu :  D=0x0000000000000000
 337000: system.cpu: T0 : 0x22e16    : c_li a7, 9                 : IntAlu :  D=0x0000000000000009
 337500: system.cpu: T0 : 0x22e18    : addi t3, zero, 46          : IntAlu :  D=0x000000000000002e
 338000: system.cpu: T0 : 0x22e1c    : c_li t4, 3                 : IntAlu :  D=0x0000000000000003
 339000: system.cpu: T0 : 0x22e1e    : lbu a5, 0(a3)              : MemRead :  D=0x0000000000000035 A=0x7ffffffffffffcca
 340000: system.cpu: T0 : 0x22e22    : addiw a5, a5, -48          : IntAlu :  D=0x0000000000000005
 341000: system.cpu: T0 : 0x22e26    : andi a4, a5, 255           : IntAlu :  D=0x0000000000000005
 342000: system.cpu: T0 : 0x22e2a    : bltu a7, a4, 98            : IntAlu : 
 343000: system.cpu: T0 : 0x22e2e    : lbu a1, 1(a3)              : MemRead :  D=0x000000000000002e A=0x7ffffffffffffccb
 344000: system.cpu: T0 : 0x22e32    : addiw a4, a5, 0            : IntAlu :  D=0x0000000000000005
 344500: system.cpu: T0 : 0x22e36    : c_addi a3, 1               : IntAlu :  D=0x7ffffffffffffccb
 345000: system.cpu: T0 : 0x22e38    : addiw a2, a1, -48          : IntAlu :  D=0xfffffffffffffffe
 345500: system.cpu: T0 : 0x22e3c    : andi a5, a2, 255           : IntAlu :  D=0x00000000000000fe
 346000: system.cpu: T0 : 0x22e40    : bltu a7, a5, 36            : IntAlu : 
 346500: system.cpu: T0 : 0x22e64    : slliw a5, a0, 8            : IntAlu :  D=0x0000000000000000
 347000: system.cpu: T0 : 0x22e68    : c_or a5, a4                : IntAlu :  D=0x0000000000000005
 347500: system.cpu: T0 : 0x22e6a    : c_addiw t1, 1              : IntAlu :  D=0x0000000000000001
 348000: system.cpu: T0 : 0x22e6c    : addiw a0, a5, 0            : IntAlu :  D=0x0000000000000005
 348500: system.cpu: T0 : 0x22e70    : c_addi a3, 1               : IntAlu :  D=0x7ffffffffffffccc
 349500: system.cpu: T0 : 0x22e72    : bne a1, t3, 20             : IntAlu : 
 350500: system.cpu: T0 : 0x22e76    : bne t1, t4, -88            : IntAlu : 
 351500: system.cpu: T0 : 0x22e1e    : lbu a5, 0(a3)              : MemRead :  D=0x0000000000000031 A=0x7ffffffffffffccc
 352500: system.cpu: T0 : 0x22e22    : addiw a5, a5, -48          : IntAlu :  D=0x0000000000000001
 353500: system.cpu: T0 : 0x22e26    : andi a4, a5, 255           : IntAlu :  D=0x0000000000000001
 354500: system.cpu: T0 : 0x22e2a    : bltu a7, a4, 98            : IntAlu : 
 355500: system.cpu: T0 : 0x22e2e    : lbu a1, 1(a3)              : MemRead :  D=0x000000000000002e A=0x7ffffffffffffccd
 356500: system.cpu: T0 : 0x22e32    : addiw a4, a5, 0            : IntAlu :  D=0x0000000000000001
 357000: system.cpu: T0 : 0x22e36    : c_addi a3, 1               : IntAlu :  D=0x7ffffffffffffccd
 357500: system.cpu: T0 : 0x22e38    : addiw a2, a1, -48          : IntAlu :  D=0xfffffffffffffffe
 358000: system.cpu: T0 : 0x22e3c    : andi a5, a2, 255           : IntAlu :  D=0x00000000000000fe
 358500: system.cpu: T0 : 0x22e40    : bltu a7, a5, 36            : IntAlu : 
 359000: system.cpu: T0 : 0x22e64    : slliw a5, a0, 8            : IntAlu :  D=0x0000000000000500
 359500: system.cpu: T0 : 0x22e68    : c_or a5, a4                : IntAlu :  D=0x0000000000000501
 360000: system.cpu: T0 : 0x22e6a    : c_addiw t1, 1              : IntAlu :  D=0x0000000000000002
 360500: system.cpu: T0 : 0x22e6c    : addiw a0, a5, 0            : IntAlu :  D=0x0000000000000501
 361000: system.cpu: T0 : 0x22e70    : c_addi a3, 1               : IntAlu :  D=0x7ffffffffffffcce
 362000: system.cpu: T0 : 0x22e72    : bne a1, t3, 20             : IntAlu : 
 363000: system.cpu: T0 : 0x22e76    : bne t1, t4, -88            : IntAlu : 
 364000: system.cpu: T0 : 0x22e1e    : lbu a5, 0(a3)              : MemRead :  D=0x0000000000000030 A=0x7ffffffffffffcce
 365000: system.cpu: T0 : 0x22e22    : addiw a5, a5, -48          : IntAlu :  D=0x0000000000000000
 366000: system.cpu: T0 : 0x22e26    : andi a4, a5, 255           : IntAlu :  D=0x0000000000000000
 367000: system.cpu: T0 : 0x22e2a    : bltu a7, a4, 98            : IntAlu : 
 368000: system.cpu: T0 : 0x22e2e    : lbu a1, 1(a3)              : MemRead :  D=0x0000000000000000 A=0x7ffffffffffffccf
 369000: system.cpu: T0 : 0x22e32    : addiw a4, a5, 0            : IntAlu :  D=0x0000000000000000
 369500: system.cpu: T0 : 0x22e36    : c_addi a3, 1               : IntAlu :  D=0x7ffffffffffffccf
 370000: system.cpu: T0 : 0x22e38    : addiw a2, a1, -48          : IntAlu :  D=0xffffffffffffffd0
 370500: system.cpu: T0 : 0x22e3c    : andi a5, a2, 255           : IntAlu :  D=0x00000000000000d0
 371000: system.cpu: T0 : 0x22e40    : bltu a7, a5, 36            : IntAlu : 
 371500: system.cpu: T0 : 0x22e64    : slliw a5, a0, 8            : IntAlu :  D=0x0000000000050100
 372000: system.cpu: T0 : 0x22e68    : c_or a5, a4                : IntAlu :  D=0x0000000000050100
 372500: system.cpu: T0 : 0x22e6a    : c_addiw t1, 1              : IntAlu :  D=0x0000000000000003
 373000: system.cpu: T0 : 0x22e6c    : addiw a0, a5, 0            : IntAlu :  D=0x0000000000050100
 373500: system.cpu: T0 : 0x22e70    : c_addi a3, 1               : IntAlu :  D=0x7ffffffffffffcd0
 374500: system.cpu: T0 : 0x22e72    : bne a1, t3, 20             : IntAlu : 
 375000: system.cpu: T0 : 0x22e86    : c_li a5, 3                 : IntAlu :  D=0x0000000000000003
 375500: system.cpu: T0 : 0x22e88    : beq t1, a5, -14            : IntAlu : 
 376000: system.cpu: T0 : 0x22e7a    : c_addiw a0, 0              : IntAlu :  D=0x0000000000050100
 376500: system.cpu: T0 : 0x22e7c    : c_ldsp ra, 488(sp)         : MemRead :  D=0x000000000001083a A=0x7ffffffffffffde8
 377000: system.cpu: T0 : 0x22e7e    : c_ldsp s0, 480(sp)         : MemRead :  D=0x0000000000010b22 A=0x7ffffffffffffde0
 377500: system.cpu: T0 : 0x22e80    : c_ldsp s1, 472(sp)         : MemRead :  D=0x0000000000010bb2 A=0x7ffffffffffffdd8
 378000: system.cpu: T0 : 0x22e82    : c_addi16sp sp, 496         : IntAlu :  D=0x7ffffffffffffdf0
 378500: system.cpu: T0 : 0x22e84    : c_jr ra                    : IntAlu : 
 379000: system.cpu: T0 : 0x1083a    : c_mv a5, a0                : IntAlu :  D=0x0000000000050100
 379500: system.cpu: T0 : 0x1083c    : blt a0, zero, 104          : IntAlu : 
 380000: system.cpu: T0 : 0x10840    : lui a4, 114                : IntAlu :  D=0x0000000000072000
 380500: system.cpu: T0 : 0x10844    : lw a3, -152(a4)            : MemRead :  D=0x0000000000000000 A=0x71f68
 381000: system.cpu: T0 : 0x10848    : addiw a4, a0, 0            : IntAlu :  D=0x0000000000050100
 381500: system.cpu: T0 : 0x1084c    : c_bnez a3, 82              : IntAlu : 
 382500: system.cpu: T0 : 0x1084e    : lui a3, 114                : IntAlu :  D=0x0000000000072000
 383500: system.cpu: T0 : 0x10852    : sw a4, -152(a3)            : MemWrite :  D=0x0000000000050100 A=0x71f68
 384500: system.cpu: T0 : 0x10856    : lui a4, 65                 : IntAlu :  D=0x0000000000041000
 385500: system.cpu: T0 : 0x1085a    : addi a4, a4, -257          : IntAlu :  D=0x0000000000040eff
 386500: system.cpu: T0 : 0x1085e    : blt a4, a5, -322           : IntAlu : 
 387000: system.cpu: T0 : 0x1071c    : addi a5, zero, 0           : IntAlu :  D=0x0000000000000000
 387500: system.cpu: T0 : 0x10720    : c_beqz a5, 10              : IntAlu : 
 388500: system.cpu: T0 : 0x1072a    : lui a5, 111                : IntAlu :  D=0x000000000006f000
 389500: system.cpu: T0 : 0x1072e    : ld a5, -128(a5)            : MemRead :  D=0x7fffffffffffffd8 A=0x6ef80
 390500: system.cpu: T0 : 0x10732    : lbu a4, 14(a5)             : MemRead :  D=0x0000000000000061 A=0x7fffffffffffffe6
 391500: system.cpu: T0 : 0x10736    : lbu a7, 8(a5)              : MemRead :  D=0x0000000000000044 A=0x7fffffffffffffe0
 392500: system.cpu: T0 : 0x1073a    : lbu a6, 9(a5)              : MemRead :  D=0x000000000000006f A=0x7fffffffffffffe1
 393500: system.cpu: T0 : 0x1073e    : lbu a0, 10(a5)             : MemRead :  D=0x0000000000000077 A=0x7fffffffffffffe2
 394500: system.cpu: T0 : 0x10742    : lbu a1, 11(a5)             : MemRead :  D=0x000000000000006e A=0x7fffffffffffffe3
 395500: system.cpu: T0 : 0x10746    : lbu a2, 12(a5)             : MemRead :  D=0x000000000000006c A=0x7fffffffffffffe4
 396500: system.cpu: T0 : 0x1074a    : lbu a3, 13(a5)             : MemRead :  D=0x000000000000006f A=0x7fffffffffffffe5
 397500: system.cpu: T0 : 0x1074e    : lbu a5, 15(a5)             : MemRead :  D=0x0000000000000064 A=0x7fffffffffffffe7
 398500: system.cpu: T0 : 0x10752    : sb a7, 40(sp)              : MemWrite :  D=0x0000000000000044 A=0x7ffffffffffffe18
 399500: system.cpu: T0 : 0x10756    : sb a6, 41(sp)              : MemWrite :  D=0x000000000000006f A=0x7ffffffffffffe19
 400500: system.cpu: T0 : 0x1075a    : sb a5, 47(sp)              : MemWrite :  D=0x0000000000000064 A=0x7ffffffffffffe1f
 401500: system.cpu: T0 : 0x1075e    : sb a0, 42(sp)              : MemWrite :  D=0x0000000000000077 A=0x7ffffffffffffe1a
 402500: system.cpu: T0 : 0x10762    : sb a1, 43(sp)              : MemWrite :  D=0x000000000000006e A=0x7ffffffffffffe1b
 403500: system.cpu: T0 : 0x10766    : sb a2, 44(sp)              : MemWrite :  D=0x000000000000006c A=0x7ffffffffffffe1c
 404500: system.cpu: T0 : 0x1076a    : sb a3, 45(sp)              : MemWrite :  D=0x000000000000006f A=0x7ffffffffffffe1d
 405500: system.cpu: T0 : 0x1076e    : sb a4, 46(sp)              : MemWrite :  D=0x0000000000000061 A=0x7ffffffffffffe1e
 406000: system.cpu: T0 : 0x10772    : c_ldsp a4, 40(sp)          : MemRead :  D=0x64616f6c6e776f44 A=0x7ffffffffffffe18
 406500: system.cpu: T0 : 0x10774    : lui a5, 111                : IntAlu :  D=0x000000000006f000
 407000: system.cpu: T0 : 0x10778    : sd a4, -1256(a5)           : MemWrite :  D=0x64616f6c6e776f44 A=0x6eb18
 407500: system.cpu: T0 : 0x1077c    : beq s2, zero, 14           : IntAlu : 
 408500: system.cpu: T0 : 0x1078a    : ld a2, -1360(gp)           : MemRead :  D=0x7fffffffffffff48 A=0x70ae8
 409000: system.cpu: T0 : 0x1078e    : c_ldsp a1, 16(sp)          : MemRead :  D=0x7fffffffffffff38 A=0x7ffffffffffffe00
 409500: system.cpu: T0 : 0x10790    : c_ldsp a0, 8(sp)           : MemRead :  D=0x0000000000000001 A=0x7ffffffffffffdf8
 410500: system.cpu: T0 : 0x10792    : jal ra, 75612              : IntAlu :  D=0x0000000000010796
 411000: system.cpu: T0 : 0x22eee    : c_addi sp, -32             : IntAlu :  D=0x7ffffffffffffdd0
 411500: system.cpu: T0 : 0x22ef0    : c_sdsp s0, 16(sp)          : MemWrite :  D=0x0000000000010b22 A=0x7ffffffffffffde0
 412000: system.cpu: T0 : 0x22ef2    : c_sdsp s1, 8(sp)           : MemWrite :  D=0x0000000000010bb2 A=0x7ffffffffffffdd8
 412500: system.cpu: T0 : 0x22ef4    : c_sdsp s2, 0(sp)           : MemWrite :  D=0x0000000000000000 A=0x7ffffffffffffdd0
 413000: system.cpu: T0 : 0x22ef6    : c_sdsp ra, 24(sp)          : MemWrite :  D=0x0000000000010796 A=0x7ffffffffffffde8
 413500: system.cpu: T0 : 0x22ef8    : addi a4, zero, 0           : IntAlu :  D=0x0000000000000000
 414000: system.cpu: T0 : 0x22efc    : c_mv s0, a0                : IntAlu :  D=0x0000000000000001
 414500: system.cpu: T0 : 0x22efe    : c_mv s1, a1                : IntAlu :  D=0x7fffffffffffff38
 415000: system.cpu: T0 : 0x22f00    : c_mv s2, a2                : IntAlu :  D=0x7fffffffffffff48
 415500: system.cpu: T0 : 0x22f02    : c_beqz a4, 62              : IntAlu : 
 416000: system.cpu: T0 : 0x22f40    : lw a0, -1248(gp)           : MemRead :  D=0x0000000000000000 A=0x70b58
 416500: system.cpu: T0 : 0x22f44    : lw a5, -1344(gp)           : MemRead :  D=0x0000000000000000 A=0x70af8
 417000: system.cpu: T0 : 0x22f48    : sw zero, -1728(gp)         : MemWrite :  D=0x0000000000000000 A=0x70978
 417500: system.cpu: T0 : 0x22f4c    : beq a5, a0, -60            : IntAlu : 
 418000: system.cpu: T0 : 0x22f10    : lui a5, 114                : IntAlu :  D=0x0000000000072000
 418500: system.cpu: T0 : 0x22f14    : sw s0, -128(a5)            : MemWrite :  D=0x0000000000000001 A=0x71f80
 419000: system.cpu: T0 : 0x22f18    : lui a5, 114                : IntAlu :  D=0x0000000000072000
 419500: system.cpu: T0 : 0x22f1c    : sd s1, -120(a5)            : MemWrite :  D=0x7fffffffffffff38 A=0x71f88
 420000: system.cpu: T0 : 0x22f20    : sd s2, -1360(gp)           : MemWrite :  D=0x7fffffffffffff48 A=0x70ae8
 420500: system.cpu: T0 : 0x22f24    : jal ra, -2314              : IntAlu :  D=0x0000000000022f28
 421000: system.cpu: T0 : 0x2261a    : c_addi16sp sp, -160        : IntAlu :  D=0x7ffffffffffffd30
 421500: system.cpu: T0 : 0x2261c    : c_sdsp ra, 152(sp)         : MemWrite :  D=0x0000000000022f28 A=0x7ffffffffffffdc8
 422000: system.cpu: T0 : 0x2261e    : c_sdsp s1, 136(sp)         : MemWrite :  D=0x7fffffffffffff38 A=0x7ffffffffffffdb8
 422500: system.cpu: T0 : 0x22620    : c_sdsp s2, 128(sp)         : MemWrite :  D=0x7fffffffffffff48 A=0x7ffffffffffffdb0
 423000: system.cpu: T0 : 0x22622    : c_sdsp s3, 120(sp)         : MemWrite :  D=0x0000000000000000 A=0x7ffffffffffffda8
 423500: system.cpu: T0 : 0x22624    : c_sdsp s4, 112(sp)         : MemWrite :  D=0x0000000000000000 A=0x7ffffffffffffda0
 424000: system.cpu: T0 : 0x22626    : c_sdsp s0, 144(sp)         : MemWrite :  D=0x0000000000000001 A=0x7ffffffffffffdc0
 424500: system.cpu: T0 : 0x22628    : c_sdsp s5, 104(sp)         : MemWrite :  D=0x0000000000000000 A=0x7ffffffffffffd98
 425000: system.cpu: T0 : 0x2262a    : c_sdsp s6, 96(sp)          : MemWrite :  D=0x0000000000000000 A=0x7ffffffffffffd90
 425500: system.cpu: T0 : 0x2262c    : c_sdsp s7, 88(sp)          : MemWrite :  D=0x0000000000000000 A=0x7ffffffffffffd88
 426000: system.cpu: T0 : 0x2262e    : c_sdsp s8, 80(sp)          : MemWrite :  D=0x0000000000000000 A=0x7ffffffffffffd80
 426500: system.cpu: T0 : 0x22630    : c_sdsp s9, 72(sp)          : MemWrite :  D=0x0000000000000000 A=0x7ffffffffffffd78
 427000: system.cpu: T0 : 0x22632    : c_sdsp s10, 64(sp)         : MemWrite :  D=0x0000000000000000 A=0x7ffffffffffffd70
 427500: system.cpu: T0 : 0x22634    : lui s2, 114                : IntAlu :  D=0x0000000000072000
 428000: system.cpu: T0 : 0x22638    : jal ra, 116914             : IntAlu :  D=0x000000000002263c
 428500: system.cpu: T0 : 0x3eeea    : c_lui t1, 1048575          : IntAlu :  D=0xfffffffffffff000
 429000: system.cpu: T0 : 0x3eeec    : c_addi16sp sp, -48         : IntAlu :  D=0x7ffffffffffffd00
 429500: system.cpu: T0 : 0x3eeee    : c_addi t1, 16              : IntAlu :  D=0xfffffffffffff010
 430000: system.cpu: T0 : 0x3eef0    : c_sdsp ra, 40(sp)          : MemWrite :  D=0x000000000002263c A=0x7ffffffffffffd28
 430500: system.cpu: T0 : 0x3eef2    : c_sdsp s0, 32(sp)          : MemWrite :  D=0x0000000000000001 A=0x7ffffffffffffd20
 431000: system.cpu: T0 : 0x3eef4    : c_sdsp s1, 24(sp)          : MemWrite :  D=0x7fffffffffffff38 A=0x7ffffffffffffd18
 431500: system.cpu: T0 : 0x3eef6    : c_sdsp s2, 16(sp)          : MemWrite :  D=0x0000000000072000 A=0x7ffffffffffffd10
 432000: system.cpu: T0 : 0x3eef8    : lui a1, 98                 : IntAlu :  D=0x0000000000062000
 432500: system.cpu: T0 : 0x3eefc    : c_add sp, t1               : IntAlu :  D=0x7fffffffffffed10
 433000: system.cpu: T0 : 0x3eefe    : c_lui a5, 1048575          : IntAlu :  D=0xfffffffffffff000
 433500: system.cpu: T0 : 0x3ef00    : addi a7, zero, 78          : IntAlu :  D=0x000000000000004e
 434000: system.cpu: T0 : 0x3ef04    : addi a0, zero, -100        : IntAlu :  D=0xffffffffffffff9c
 434500: system.cpu: T0 : 0x3ef08    : addi a1, a1, 784           : IntAlu :  D=0x0000000000062310
 435000: system.cpu: T0 : 0x3ef0c    : c_mv a2, sp                : IntAlu :  D=0x7fffffffffffed10
 435500: system.cpu: T0 : 0x3ef0e    : c_lui a3, 1                : IntAlu :  D=0x0000000000001000
 436000: system.cpu: T0 : 0x3ef10    : ecall                      : No_OpClass : 
 436500: system.cpu: T0 : 0x3ef14    : c_addiw a0, 0              : IntAlu :  D=0xfffffffffffffffe
 437500: system.cpu: T0 : 0x3ef16    : bltu a5, a0, 84            : IntAlu : 
 438500: system.cpu: T0 : 0x3ef6a    : lui a5, 114                : IntAlu :  D=0x0000000000072000
 439500: system.cpu: T0 : 0x3ef6e    : ld s1, -224(a5)            : MemRead :  D=0x0000000000000000 A=0x71f20
 440000: system.cpu: T0 : 0x3ef72    : c_beqz s1, 62              : IntAlu : 
 440500: system.cpu: T0 : 0x3efb0    : c_li s0, -1                : IntAlu :  D=0xffffffffffffffff
 441000: system.cpu: T0 : 0x3efb2    : c_lui t1, 1                : IntAlu :  D=0x0000000000001000
 441500: system.cpu: T0 : 0x3efb4    : c_addi t1, -16             : IntAlu :  D=0x0000000000000ff0
 442000: system.cpu: T0 : 0x3efb6    : c_add sp, t1               : IntAlu :  D=0x7ffffffffffffd00
 442500: system.cpu: T0 : 0x3efb8    : c_ldsp ra, 40(sp)          : MemRead :  D=0x000000000002263c A=0x7ffffffffffffd28
 443000: system.cpu: T0 : 0x3efba    : c_mv a0, s0                : IntAlu :  D=0xffffffffffffffff
 443500: system.cpu: T0 : 0x3efbc    : c_ldsp s1, 24(sp)          : MemRead :  D=0x7fffffffffffff38 A=0x7ffffffffffffd18
 444000: system.cpu: T0 : 0x3efbe    : c_ldsp s0, 32(sp)          : MemRead :  D=0x0000000000000001 A=0x7ffffffffffffd20
 444500: system.cpu: T0 : 0x3efc0    : c_ldsp s2, 16(sp)          : MemRead :  D=0x0000000000072000 A=0x7ffffffffffffd10
 445000: system.cpu: T0 : 0x3efc2    : c_addi16sp sp, 48          : IntAlu :  D=0x7ffffffffffffd30
 445500: system.cpu: T0 : 0x3efc4    : c_jr ra                    : IntAlu : 
 446000: system.cpu: T0 : 0x2263c    : lui s3, 114                : IntAlu :  D=0x0000000000072000
 446500: system.cpu: T0 : 0x22640    : ld a5, -184(s3)            : MemRead :  D=0x0000000000000006 A=0x71f48
 447000: system.cpu: T0 : 0x22644    : ld a4, -240(s2)            : MemRead :  D=0x0000000000010040 A=0x71f10
 447500: system.cpu: T0 : 0x22648    : c_mv a3, a0                : IntAlu :  D=0xffffffffffffffff
 448500: system.cpu: T0 : 0x2264a    : lui s4, 112                : IntAlu :  D=0x0000000000070000
 449500: system.cpu: T0 : 0x2264e    : lui a0, 80                 : IntAlu :  D=0x0000000000050000
 450500: system.cpu: T0 : 0x22652    : addi s1, s4, -416          : IntAlu :  D=0x000000000006fe60
 451500: system.cpu: T0 : 0x22656    : addi a0, a0, -336          : IntAlu :  D=0x000000000004feb0
 452500: system.cpu: T0 : 0x2265a    : sh a5, 696(s1)             : MemWrite :  D=0x0000000000000006 A=0x70118
 453500: system.cpu: T0 : 0x2265e    : sd a3, 840(s1)             : MemWrite :  D=0xffffffffffffffff A=0x701a8
 454500: system.cpu: T0 : 0x22662    : sd a4, 680(s1)             : MemWrite :  D=0x0000000000010040 A=0x70108
 455500: system.cpu: T0 : 0x22666    : jal ra, -56890             : IntAlu :  D=0x000000000002266a
 456000: system.cpu: T0 : 0x1482c    : c_addi16sp sp, -64         : IntAlu :  D=0x7ffffffffffffcf0
 456500: system.cpu: T0 : 0x1482e    : c_sdsp s1, 40(sp)          : MemWrite :  D=0x000000000006fe60 A=0x7ffffffffffffd18
 457000: system.cpu: T0 : 0x14830    : ld s1, -1360(gp)           : MemRead :  D=0x7fffffffffffff48 A=0x70ae8
 457500: system.cpu: T0 : 0x14834    : c_sdsp ra, 56(sp)          : MemWrite :  D=0x000000000002266a A=0x7ffffffffffffd28
 458000: system.cpu: T0 : 0x14836    : c_sdsp s0, 48(sp)          : MemWrite :  D=0x0000000000000001 A=0x7ffffffffffffd20
 458500: system.cpu: T0 : 0x14838    : c_sdsp s2, 32(sp)          : MemWrite :  D=0x0000000000072000 A=0x7ffffffffffffd10
 459000: system.cpu: T0 : 0x1483a    : c_sdsp s3, 24(sp)          : MemWrite :  D=0x0000000000072000 A=0x7ffffffffffffd08
 459500: system.cpu: T0 : 0x1483c    : c_sdsp s4, 16(sp)          : MemWrite :  D=0x0000000000070000 A=0x7ffffffffffffd00
 460000: system.cpu: T0 : 0x1483e    : c_sdsp s5, 8(sp)           : MemWrite :  D=0x0000000000000000 A=0x7ffffffffffffcf8
 460500: system.cpu: T0 : 0x14840    : c_sdsp s6, 0(sp)           : MemWrite :  D=0x0000000000000000 A=0x7ffffffffffffcf0
 461000: system.cpu: T0 : 0x14842    : c_beqz s1, 210             : IntAlu : 
 461500: system.cpu: T0 : 0x14844    : lbu a5, 0(a0)              : MemRead :  D=0x000000000000004c A=0x4feb0
 462000: system.cpu: T0 : 0x14848    : c_mv s4, a0                : IntAlu :  D=0x000000000004feb0
 462500: system.cpu: T0 : 0x1484a    : c_beqz a5, 202             : IntAlu : 
 463000: system.cpu: T0 : 0x1484c    : lbu s5, 1(a0)              : MemRead :  D=0x0000000000000044 A=0x4feb1
 463500: system.cpu: T0 : 0x14850    : slliw s2, a5, 16           : IntAlu :  D=0x00000000004c0000
 464000: system.cpu: T0 : 0x14854    : c_ld s0, 0(s1)             : MemRead :  D=0x0000000000000000 A=0x7fffffffffffff48
 465000: system.cpu: T0 : 0x14856    : sraiw s2, s2, 16           : IntAlu :  D=0x000000000000004c
 466000: system.cpu: T0 : 0x1485a    : bne s5, zero, 86           : IntAlu : 
 466500: system.cpu: T0 : 0x148b0    : jal ra, 42488              : IntAlu :  D=0x00000000000148b4
 467000: system.cpu: T0 : 0x1eea8    : andi a5, a0, 7             : IntAlu :  D=0x0000000000000000
 467500: system.cpu: T0 : 0x1eeac    : c_beqz a5, 26              : IntAlu : 
 468000: system.cpu: T0 : 0x1eec6    : c_mv a5, a0                : IntAlu :  D=0x000000000004feb0
 468500: system.cpu: T0 : 0x1eec8    : ld a6, -2024(gp)           : MemRead :  D=0xfefefefefefefeff A=0x70850
 469000: system.cpu: T0 : 0x1eecc    : ld a1, -2016(gp)           : MemRead :  D=0x8080808080808080 A=0x70858
 469500: system.cpu: T0 : 0x1eed0    : c_ld a2, 0(a5)             : MemRead :  D=0x004e5241575f444c A=0x4feb0
 470500: system.cpu: T0 : 0x1eed2    : addi a3, a5, 8             : IntAlu :  D=0x000000000004feb8
 471500: system.cpu: T0 : 0x1eed6    : add a4, a2, a6             : IntAlu :  D=0xff4d5140565e434b
 472500: system.cpu: T0 : 0x1eeda    : xori a2, a2, 18446744073709551615 : IntAlu :  D=0xffb1adbea8a0bbb3
 473000: system.cpu: T0 : 0x1eede    : c_and a4, a2               : IntAlu :  D=0xff01010000000303
 473500: system.cpu: T0 : 0x1eee0    : c_and a4, a1               : IntAlu :  D=0x8000000000000000
 474000: system.cpu: T0 : 0x1eee2    : c_beqz a4, 50              : IntAlu : 
 474500: system.cpu: T0 : 0x1eee4    : lbu a4, -8(a3)             : MemRead :  D=0x000000000000004c A=0x4feb0
 475000: system.cpu: T0 : 0x1eee8    : c_beqz a4, -40             : IntAlu : 
 476000: system.cpu: T0 : 0x1eeea    : lbu a4, -7(a3)             : MemRead :  D=0x0000000000000044 A=0x4feb1
 476500: system.cpu: T0 : 0x1eeee    : c_beqz a4, 50              : IntAlu : 
 477000: system.cpu: T0 : 0x1eef0    : lbu a4, -6(a3)             : MemRead :  D=0x000000000000005f A=0x4feb2
 477500: system.cpu: T0 : 0x1eef4    : c_beqz a4, 52              : IntAlu : 
 478500: system.cpu: T0 : 0x1eef6    : lbu a4, -5(a3)             : MemRead :  D=0x0000000000000057 A=0x4feb3
 479000: system.cpu: T0 : 0x1eefa    : c_beqz a4, 54              : IntAlu : 
 479500: system.cpu: T0 : 0x1eefc    : lbu a4, -4(a3)             : MemRead :  D=0x0000000000000041 A=0x4feb4
 480000: system.cpu: T0 : 0x1ef00    : c_beqz a4, 56              : IntAlu : 
 481000: system.cpu: T0 : 0x1ef02    : lbu a4, -3(a3)             : MemRead :  D=0x0000000000000052 A=0x4feb5
 481500: system.cpu: T0 : 0x1ef06    : c_beqz a4, 58              : IntAlu : 
 482000: system.cpu: T0 : 0x1ef08    : lbu a4, -2(a3)             : MemRead :  D=0x000000000000004e A=0x4feb6
 482500: system.cpu: T0 : 0x1ef0c    : c_beqz a4, 60              : IntAlu : 
 483500: system.cpu: T0 : 0x1ef0e    : lbu a4, -1(a3)             : MemRead :  D=0x0000000000000000 A=0x4feb7
 484000: system.cpu: T0 : 0x1ef12    : c_beqz a4, 6               : IntAlu : 
 484500: system.cpu: T0 : 0x1ef18    : c_sub a5, a0               : IntAlu :  D=0x0000000000000000
 485500: system.cpu: T0 : 0x1ef1a    : addi a0, a5, 7             : IntAlu :  D=0x0000000000000007
 486000: system.cpu: T0 : 0x1ef1e    : c_jr ra                    : IntAlu : 
 486500: system.cpu: T0 : 0x148b4    : slli a5, s5, 8             : IntAlu :  D=0x0000000000004400
 487000: system.cpu: T0 : 0x148b8    : or a5, s2, a5              : IntAlu :  D=0x000000000000444c
 487500: system.cpu: T0 : 0x148bc    : slliw s2, a5, 16           : IntAlu :  D=0x00000000444c0000
 488000: system.cpu: T0 : 0x148c0    : c_mv s3, a0                : IntAlu :  D=0x0000000000000007
 489000: system.cpu: T0 : 0x148c2    : sraiw s2, s2, 16           : IntAlu :  D=0x000000000000444c
 490000: system.cpu: T0 : 0x148c6    : addi s5, a0, -2            : IntAlu :  D=0x0000000000000005
 490500: system.cpu: T0 : 0x148ca    : c_addi s4, 2               : IntAlu :  D=0x000000000004feb2
 491000: system.cpu: T0 : 0x148cc    : c_beqz s0, -50             : IntAlu : 
 491500: system.cpu: T0 : 0x1489a    : c_ldsp ra, 56(sp)          : MemRead :  D=0x000000000002266a A=0x7ffffffffffffd28
 492000: system.cpu: T0 : 0x1489c    : c_mv a0, s0                : IntAlu :  D=0x0000000000000000
 492500: system.cpu: T0 : 0x1489e    : c_ldsp s0, 48(sp)          : MemRead :  D=0x0000000000000001 A=0x7ffffffffffffd20
 493000: system.cpu: T0 : 0x148a0    : c_ldsp s1, 40(sp)          : MemRead :  D=0x000000000006fe60 A=0x7ffffffffffffd18
 493500: system.cpu: T0 : 0x148a2    : c_ldsp s2, 32(sp)          : MemRead :  D=0x0000000000072000 A=0x7ffffffffffffd10
 494000: system.cpu: T0 : 0x148a4    : c_ldsp s3, 24(sp)          : MemRead :  D=0x0000000000072000 A=0x7ffffffffffffd08
 494500: system.cpu: T0 : 0x148a6    : c_ldsp s4, 16(sp)          : MemRead :  D=0x0000000000070000 A=0x7ffffffffffffd00
 495000: system.cpu: T0 : 0x148a8    : c_ldsp s5, 8(sp)           : MemRead :  D=0x0000000000000000 A=0x7ffffffffffffcf8
 495500: system.cpu: T0 : 0x148aa    : c_ldsp s6, 0(sp)           : MemRead :  D=0x0000000000000000 A=0x7ffffffffffffcf0
 496000: system.cpu: T0 : 0x148ac    : c_addi16sp sp, 64          : IntAlu :  D=0x7ffffffffffffd30
 496500: system.cpu: T0 : 0x148ae    : c_jr ra                    : IntAlu : 
 497000: system.cpu: T0 : 0x2266a    : c_li a5, 0                 : IntAlu :  D=0x0000000000000000
 497500: system.cpu: T0 : 0x2266c    : c_beqz a0, 10              : IntAlu : 
 498500: system.cpu: T0 : 0x22676    : lui s5, 114                : IntAlu :  D=0x0000000000072000
 499500: system.cpu: T0 : 0x2267a    : ld a4, -208(s5)            : MemRead :  D=0x0000000000000000 A=0x71f30
 500500: system.cpu: T0 : 0x2267e    : lui a3, 114                : IntAlu :  D=0x0000000000072000
 501500: system.cpu: T0 : 0x22682    : sw a5, -192(a3)            : MemWrite :  D=0x0000000000000000 A=0x71f40
 502500: system.cpu: T0 : 0x22686    : beq a4, zero, 1518         : IntAlu : 
 503000: system.cpu: T0 : 0x22c74    : lui s6, 114                : IntAlu :  D=0x0000000000072000
 503500: system.cpu: T0 : 0x22c78    : ld s0, -256(s6)            : MemRead :  D=0x0000000000000000 A=0x71f00
 504000: system.cpu: T0 : 0x22c7c    : bne s0, zero, -1062        : IntAlu : 
 504500: system.cpu: T0 : 0x22c80    : lui s0, 111                : IntAlu :  D=0x000000000006f000
 505000: system.cpu: T0 : 0x22c84    : addi s0, s0, -128          : IntAlu :  D=0x000000000006ef80
 505500: system.cpu: T0 : 0x22c88    : sd zero, 8(s0)             : MemWrite :  D=0x0000000000000000 A=0x6ef88
 506000: system.cpu: T0 : 0x22c8c    : sd zero, 16(s0)            : MemWrite :  D=0x0000000000000000 A=0x6ef90
 506500: system.cpu: T0 : 0x22c90    : sd zero, 24(s0)            : MemWrite :  D=0x0000000000000000 A=0x6ef98
 507000: system.cpu: T0 : 0x22c94    : c_li a5, 0                 : IntAlu :  D=0x0000000000000000
 507500: system.cpu: T0 : 0x22c96    : c_j -678                   : IntAlu : 
 508000: system.cpu: T0 : 0x229f0    : lui a0, 80                 : IntAlu :  D=0x0000000000050000
 508500: system.cpu: T0 : 0x229f4    : addi a0, a0, 16            : IntAlu :  D=0x0000000000050010
 509000: system.cpu: T0 : 0x229f8    : c_sd a5, 32(s0)            : MemWrite :  D=0x0000000000000000 A=0x6efa0
 510000: system.cpu: T0 : 0x229fa    : jal ra, -57806             : IntAlu :  D=0x00000000000229fe
 510500: system.cpu: T0 : 0x1482c    : c_addi16sp sp, -64         : IntAlu :  D=0x7ffffffffffffcf0
 511000: system.cpu: T0 : 0x1482e    : c_sdsp s1, 40(sp)          : MemWrite :  D=0x000000000006fe60 A=0x7ffffffffffffd18
 511500: system.cpu: T0 : 0x14830    : ld s1, -1360(gp)           : MemRead :  D=0x7fffffffffffff48 A=0x70ae8
 512000: system.cpu: T0 : 0x14834    : c_sdsp ra, 56(sp)          : MemWrite :  D=0x00000000000229fe A=0x7ffffffffffffd28
 512500: system.cpu: T0 : 0x14836    : c_sdsp s0, 48(sp)          : MemWrite :  D=0x000000000006ef80 A=0x7ffffffffffffd20
 513000: system.cpu: T0 : 0x14838    : c_sdsp s2, 32(sp)          : MemWrite :  D=0x0000000000072000 A=0x7ffffffffffffd10
 513500: system.cpu: T0 : 0x1483a    : c_sdsp s3, 24(sp)          : MemWrite :  D=0x0000000000072000 A=0x7ffffffffffffd08
 514000: system.cpu: T0 : 0x1483c    : c_sdsp s4, 16(sp)          : MemWrite :  D=0x0000000000070000 A=0x7ffffffffffffd00
 514500: system.cpu: T0 : 0x1483e    : c_sdsp s5, 8(sp)           : MemWrite :  D=0x0000000000072000 A=0x7ffffffffffffcf8
 515000: system.cpu: T0 : 0x14840    : c_sdsp s6, 0(sp)           : MemWrite :  D=0x0000000000072000 A=0x7ffffffffffffcf0
 515500: system.cpu: T0 : 0x14842    : c_beqz s1, 210             : IntAlu : 
 516000: system.cpu: T0 : 0x14844    : lbu a5, 0(a0)              : MemRead :  D=0x000000000000004c A=0x50010
 516500: system.cpu: T0 : 0x14848    : c_mv s4, a0                : IntAlu :  D=0x0000000000050010
 517000: system.cpu: T0 : 0x1484a    : c_beqz a5, 202             : IntAlu : 
 517500: system.cpu: T0 : 0x1484c    : lbu s5, 1(a0)              : MemRead :  D=0x0000000000000044 A=0x50011
 518000: system.cpu: T0 : 0x14850    : slliw s2, a5, 16           : IntAlu :  D=0x00000000004c0000
 518500: system.cpu: T0 : 0x14854    : c_ld s0, 0(s1)             : MemRead :  D=0x0000000000000000 A=0x7fffffffffffff48
 519500: system.cpu: T0 : 0x14856    : sraiw s2, s2, 16           : IntAlu :  D=0x000000000000004c
 520500: system.cpu: T0 : 0x1485a    : bne s5, zero, 86           : IntAlu : 
 521000: system.cpu: T0 : 0x148b0    : jal ra, 42488              : IntAlu :  D=0x00000000000148b4
 521500: system.cpu: T0 : 0x1eea8    : andi a5, a0, 7             : IntAlu :  D=0x0000000000000000
 522000: system.cpu: T0 : 0x1eeac    : c_beqz a5, 26              : IntAlu : 
 522500: system.cpu: T0 : 0x1eec6    : c_mv a5, a0                : IntAlu :  D=0x0000000000050010
 523000: system.cpu: T0 : 0x1eec8    : ld a6, -2024(gp)           : MemRead :  D=0xfefefefefefefeff A=0x70850
 523500: system.cpu: T0 : 0x1eecc    : ld a1, -2016(gp)           : MemRead :  D=0x8080808080808080 A=0x70858
 524000: system.cpu: T0 : 0x1eed0    : c_ld a2, 0(a5)             : MemRead :  D=0x415242494c5f444c A=0x50010
 525000: system.cpu: T0 : 0x1eed2    : addi a3, a5, 8             : IntAlu :  D=0x0000000000050018
 526000: system.cpu: T0 : 0x1eed6    : add a4, a2, a6             : IntAlu :  D=0x405141484b5e434b
 527000: system.cpu: T0 : 0x1eeda    : xori a2, a2, 18446744073709551615 : IntAlu :  D=0xbeadbdb6b3a0bbb3
 527500: system.cpu: T0 : 0x1eede    : c_and a4, a2               : IntAlu :  D=0x0001010003000303
 528000: system.cpu: T0 : 0x1eee0    : c_and a4, a1               : IntAlu :  D=0x0000000000000000
 528500: system.cpu: T0 : 0x1eee2    : c_beqz a4, 50              : IntAlu : 
 529000: system.cpu: T0 : 0x1ef14    : c_mv a5, a3                : IntAlu :  D=0x0000000000050018
 529500: system.cpu: T0 : 0x1ef16    : c_j -70                    : IntAlu : 
 530000: system.cpu: T0 : 0x1eed0    : c_ld a2, 0(a5)             : MemRead :  D=0x00485441505f5952 A=0x50018
 531000: system.cpu: T0 : 0x1eed2    : addi a3, a5, 8             : IntAlu :  D=0x0000000000050020
 532000: system.cpu: T0 : 0x1eed6    : add a4, a2, a6             : IntAlu :  D=0xff4753404f5e5851
 533000: system.cpu: T0 : 0x1eeda    : xori a2, a2, 18446744073709551615 : IntAlu :  D=0xffb7abbeafa0a6ad
 533500: system.cpu: T0 : 0x1eede    : c_and a4, a2               : IntAlu :  D=0xff0703000f000001
 534000: system.cpu: T0 : 0x1eee0    : c_and a4, a1               : IntAlu :  D=0x8000000000000000
 534500: system.cpu: T0 : 0x1eee2    : c_beqz a4, 50              : IntAlu : 
 535000: system.cpu: T0 : 0x1eee4    : lbu a4, -8(a3)             : MemRead :  D=0x0000000000000052 A=0x50018
 535500: system.cpu: T0 : 0x1eee8    : c_beqz a4, -40             : IntAlu : 
 536500: system.cpu: T0 : 0x1eeea    : lbu a4, -7(a3)             : MemRead :  D=0x0000000000000059 A=0x50019
 537000: system.cpu: T0 : 0x1eeee    : c_beqz a4, 50              : IntAlu : 
 537500: system.cpu: T0 : 0x1eef0    : lbu a4, -6(a3)             : MemRead :  D=0x000000000000005f A=0x5001a
 538000: system.cpu: T0 : 0x1eef4    : c_beqz a4, 52              : IntAlu : 
 539000: system.cpu: T0 : 0x1eef6    : lbu a4, -5(a3)             : MemRead :  D=0x0000000000000050 A=0x5001b
 539500: system.cpu: T0 : 0x1eefa    : c_beqz a4, 54              : IntAlu : 
 540000: system.cpu: T0 : 0x1eefc    : lbu a4, -4(a3)             : MemRead :  D=0x0000000000000041 A=0x5001c
 540500: system.cpu: T0 : 0x1ef00    : c_beqz a4, 56              : IntAlu : 
 541500: system.cpu: T0 : 0x1ef02    : lbu a4, -3(a3)             : MemRead :  D=0x0000000000000054 A=0x5001d
 542000: system.cpu: T0 : 0x1ef06    : c_beqz a4, 58              : IntAlu : 
 542500: system.cpu: T0 : 0x1ef08    : lbu a4, -2(a3)             : MemRead :  D=0x0000000000000048 A=0x5001e
 543000: system.cpu: T0 : 0x1ef0c    : c_beqz a4, 60              : IntAlu : 
 544000: system.cpu: T0 : 0x1ef0e    : lbu a4, -1(a3)             : MemRead :  D=0x0000000000000000 A=0x5001f
 544500: system.cpu: T0 : 0x1ef12    : c_beqz a4, 6               : IntAlu : 
 545000: system.cpu: T0 : 0x1ef18    : c_sub a5, a0               : IntAlu :  D=0x0000000000000008
 546000: system.cpu: T0 : 0x1ef1a    : addi a0, a5, 7             : IntAlu :  D=0x000000000000000f
 546500: system.cpu: T0 : 0x1ef1e    : c_jr ra                    : IntAlu : 
 547000: system.cpu: T0 : 0x148b4    : slli a5, s5, 8             : IntAlu :  D=0x0000000000004400
 547500: system.cpu: T0 : 0x148b8    : or a5, s2, a5              : IntAlu :  D=0x000000000000444c
 548000: system.cpu: T0 : 0x148bc    : slliw s2, a5, 16           : IntAlu :  D=0x00000000444c0000
 548500: system.cpu: T0 : 0x148c0    : c_mv s3, a0                : IntAlu :  D=0x000000000000000f
 549500: system.cpu: T0 : 0x148c2    : sraiw s2, s2, 16           : IntAlu :  D=0x000000000000444c
 550500: system.cpu: T0 : 0x148c6    : addi s5, a0, -2            : IntAlu :  D=0x000000000000000d
 551000: system.cpu: T0 : 0x148ca    : c_addi s4, 2               : IntAlu :  D=0x0000000000050012
 551500: system.cpu: T0 : 0x148cc    : c_beqz s0, -50             : IntAlu : 
 552000: system.cpu: T0 : 0x1489a    : c_ldsp ra, 56(sp)          : MemRead :  D=0x00000000000229fe A=0x7ffffffffffffd28
 552500: system.cpu: T0 : 0x1489c    : c_mv a0, s0                : IntAlu :  D=0x0000000000000000
 553000: system.cpu: T0 : 0x1489e    : c_ldsp s0, 48(sp)          : MemRead :  D=0x000000000006ef80 A=0x7ffffffffffffd20
 553500: system.cpu: T0 : 0x148a0    : c_ldsp s1, 40(sp)          : MemRead :  D=0x000000000006fe60 A=0x7ffffffffffffd18
 554000: system.cpu: T0 : 0x148a2    : c_ldsp s2, 32(sp)          : MemRead :  D=0x0000000000072000 A=0x7ffffffffffffd10
 554500: system.cpu: T0 : 0x148a4    : c_ldsp s3, 24(sp)          : MemRead :  D=0x0000000000072000 A=0x7ffffffffffffd08
 555000: system.cpu: T0 : 0x148a6    : c_ldsp s4, 16(sp)          : MemRead :  D=0x0000000000070000 A=0x7ffffffffffffd00
 555500: system.cpu: T0 : 0x148a8    : c_ldsp s5, 8(sp)           : MemRead :  D=0x0000000000072000 A=0x7ffffffffffffcf8
 556000: system.cpu: T0 : 0x148aa    : c_ldsp s6, 0(sp)           : MemRead :  D=0x0000000000072000 A=0x7ffffffffffffcf0
 556500: system.cpu: T0 : 0x148ac    : c_addi16sp sp, 64          : IntAlu :  D=0x7ffffffffffffd30
 557000: system.cpu: T0 : 0x148ae    : c_jr ra                    : IntAlu : 
 558000: system.cpu: T0 : 0x229fe    : jal ra, 99838              : IntAlu :  D=0x0000000000022a02
 558500: system.cpu: T0 : 0x3affc    : c_addi16sp sp, -64         : IntAlu :  D=0x7ffffffffffffcf0
 559000: system.cpu: T0 : 0x3affe    : c_sdsp ra, 56(sp)          : MemWrite :  D=0x0000000000022a02 A=0x7ffffffffffffd28
 559500: system.cpu: T0 : 0x3b000    : c_sdsp s0, 48(sp)          : MemWrite :  D=0x000000000006ef80 A=0x7ffffffffffffd20
 560000: system.cpu: T0 : 0x3b002    : c_sdsp s2, 32(sp)          : MemWrite :  D=0x0000000000072000 A=0x7ffffffffffffd10
 560500: system.cpu: T0 : 0x3b004    : c_sdsp s3, 24(sp)          : MemWrite :  D=0x0000000000072000 A=0x7ffffffffffffd08
 561000: system.cpu: T0 : 0x3b006    : c_addi4spn s0, sp, 64      : IntAlu :  D=0x7ffffffffffffd30
 561500: system.cpu: T0 : 0x3b008    : c_sdsp s1, 40(sp)          : MemWrite :  D=0x000000000006fe60 A=0x7ffffffffffffd18
 562000: system.cpu: T0 : 0x3b00a    : c_sdsp s4, 16(sp)          : MemWrite :  D=0x0000000000070000 A=0x7ffffffffffffd00
 562500: system.cpu: T0 : 0x3b00c    : c_sdsp s5, 8(sp)           : MemWrite :  D=0x0000000000072000 A=0x7ffffffffffffcf8
 563500: system.cpu: T0 : 0x3b00e    : lui a5, 114                : IntAlu :  D=0x0000000000072000
 564500: system.cpu: T0 : 0x3b012    : ld a1, -320(a5)            : MemRead :  D=0x0000000000000000 A=0x71ec0
 565500: system.cpu: T0 : 0x3b016    : lui a5, 114                : IntAlu :  D=0x0000000000072000
 566000: system.cpu: T0 : 0x3b01a    : c_mv s2, a0                : IntAlu :  D=0x0000000000000000
 566500: system.cpu: T0 : 0x3b01c    : lui s3, 111                : IntAlu :  D=0x000000000006f000
 567000: system.cpu: T0 : 0x3b020    : ld a0, -272(a5)            : MemRead :  D=0x0000000000000000 A=0x71ef0
 567500: system.cpu: T0 : 0x3b024    : addi s3, s3, -64           : IntAlu :  D=0x000000000006efc0
 568000: system.cpu: T0 : 0x3b028    : addi a3, s3, 8             : IntAlu :  D=0x000000000006efc8
 568500: system.cpu: T0 : 0x3b02c    : addi a2, s3, 16            : IntAlu :  D=0x000000000006efd0
 569000: system.cpu: T0 : 0x3b030    : jal ra, 9754               : IntAlu :  D=0x000000000003b034
 569500: system.cpu: T0 : 0x3d64a    : c_addi16sp sp, -192        : IntAlu :  D=0x7ffffffffffffc30
 570000: system.cpu: T0 : 0x3d64c    : c_sdsp s0, 176(sp)         : MemWrite :  D=0x7ffffffffffffd30 A=0x7ffffffffffffce0
 570500: system.cpu: T0 : 0x3d64e    : c_sdsp s3, 152(sp)         : MemWrite :  D=0x000000000006efc0 A=0x7ffffffffffffcc8
 571000: system.cpu: T0 : 0x3d650    : c_addi4spn s0, sp, 192     : IntAlu :  D=0x7ffffffffffffcf0
 571500: system.cpu: T0 : 0x3d652    : c_sdsp s4, 144(sp)         : MemWrite :  D=0x0000000000070000 A=0x7ffffffffffffcc0
 572000: system.cpu: T0 : 0x3d654    : c_sdsp s9, 104(sp)         : MemWrite :  D=0x0000000000000000 A=0x7ffffffffffffc98
 572500: system.cpu: T0 : 0x3d656    : c_sdsp s11, 88(sp)         : MemWrite :  D=0x0000000000000000 A=0x7ffffffffffffc88
 573000: system.cpu: T0 : 0x3d658    : c_sdsp ra, 184(sp)         : MemWrite :  D=0x000000000003b034 A=0x7ffffffffffffce8
 573500: system.cpu: T0 : 0x3d65a    : c_sdsp s1, 168(sp)         : MemWrite :  D=0x000000000006fe60 A=0x7ffffffffffffcd8
 574000: system.cpu: T0 : 0x3d65c    : c_sdsp s2, 160(sp)         : MemWrite :  D=0x0000000000000000 A=0x7ffffffffffffcd0
 574500: system.cpu: T0 : 0x3d65e    : c_sdsp s5, 136(sp)         : MemWrite :  D=0x0000000000072000 A=0x7ffffffffffffcb8
 575000: system.cpu: T0 : 0x3d660    : c_sdsp s6, 128(sp)         : MemWrite :  D=0x0000000000072000 A=0x7ffffffffffffcb0
 575500: system.cpu: T0 : 0x3d662    : c_sdsp s7, 120(sp)         : MemWrite :  D=0x0000000000000000 A=0x7ffffffffffffca8
 576000: system.cpu: T0 : 0x3d664    : c_sdsp s8, 112(sp)         : MemWrite :  D=0x0000000000000000 A=0x7ffffffffffffca0
 576500: system.cpu: T0 : 0x3d666    : c_sdsp s10, 96(sp)         : MemWrite :  D=0x0000000000000000 A=0x7ffffffffffffc90
 577000: system.cpu: T0 : 0x3d668    : c_mv a5, a2                : IntAlu :  D=0x000000000006efd0
 577500: system.cpu: T0 : 0x3d66a    : c_mv a4, a1                : IntAlu :  D=0x0000000000000000
 578000: system.cpu: T0 : 0x3d66c    : c_mv s4, a0                : IntAlu :  D=0x0000000000000000
 578500: system.cpu: T0 : 0x3d66e    : c_li a2, 0                 : IntAlu :  D=0x0000000000000000
 579000: system.cpu: T0 : 0x3d670    : addi a1, s0, -120          : IntAlu :  D=0x7ffffffffffffc78
 579500: system.cpu: T0 : 0x3d674    : c_li a0, 8                 : IntAlu :  D=0x0000000000000008
 580500: system.cpu: T0 : 0x3d676    : sd a5, -136(s0)            : MemWrite :  D=0x000000000006efd0 A=0x7ffffffffffffc68
 581500: system.cpu: T0 : 0x3d67a    : sd a3, -160(s0)            : MemWrite :  D=0x000000000006efc8 A=0x7ffffffffffffc50
 582500: system.cpu: T0 : 0x3d67e    : sd a4, -144(s0)            : MemWrite :  D=0x0000000000000000 A=0x7ffffffffffffc60
 583500: system.cpu: T0 : 0x3d682    : jal ra, -111428            : IntAlu :  D=0x000000000003d686
 584000: system.cpu: T0 : 0x2233e    : c_slli a0, 32              : IntAlu :  D=0x0000000800000000
 584500: system.cpu: T0 : 0x22340    : c_srli a0, 32              : IntAlu :  D=0x0000000000000008
 585500: system.cpu: T0 : 0x22342    : slli a5, a0, 3             : IntAlu :  D=0x0000000000000040
 586000: system.cpu: T0 : 0x22346    : c_sub a5, a0               : IntAlu :  D=0x0000000000000038
 586500: system.cpu: T0 : 0x22348    : lui a4, 111                : IntAlu :  D=0x000000000006f000
 587000: system.cpu: T0 : 0x2234c    : addi a4, a4, -1248         : IntAlu :  D=0x000000000006eb20
 587500: system.cpu: T0 : 0x22350    : c_slli a5, 3               : IntAlu :  D=0x00000000000001c0
 588000: system.cpu: T0 : 0x22352    : c_add a5, a4               : IntAlu :  D=0x000000000006ece0
 588500: system.cpu: T0 : 0x22354    : c_lw a3, 8(a5)             : MemRead :  D=0x0000000000000001 A=0x6ece8
 589000: system.cpu: T0 : 0x22356    : c_li a6, 2                 : IntAlu :  D=0x0000000000000002
 589500: system.cpu: T0 : 0x22358    : c_ld a5, 32(a5)            : MemRead :  D=0x0000000000000000 A=0x6ed00
 590500: system.cpu: T0 : 0x2235a    : bltu a6, a3, 42            : IntAlu : 
 591000: system.cpu: T0 : 0x2235e    : c_bnez a3, 38              : IntAlu : 
 591500: system.cpu: T0 : 0x22384    : c_sd a5, 0(a1)             : MemWrite :  D=0x0000000000000000 A=0x7ffffffffffffc78
 592000: system.cpu: T0 : 0x22386    : c_j -36                    : IntAlu : 
 593000: system.cpu: T0 : 0x22362    : slli a5, a0, 3             : IntAlu :  D=0x0000000000000040
 593500: system.cpu: T0 : 0x22366    : c_sub a5, a0               : IntAlu :  D=0x0000000000000038
 594000: system.cpu: T0 : 0x22368    : c_slli a5, 3               : IntAlu :  D=0x00000000000001c0
 595000: system.cpu: T0 : 0x2236a    : add a3, a4, a5             : IntAlu :  D=0x000000000006ece0
 596000: system.cpu: T0 : 0x2236e    : lbu a3, 40(a3)             : MemRead :  D=0x0000000000000000 A=0x6ed08
 596500: system.cpu: T0 : 0x22372    : c_beqz a3, 16              : IntAlu : 
 597000: system.cpu: T0 : 0x22382    : c_jr ra                    : IntAlu : 
 598000: system.cpu: T0 : 0x3d686    : ld s11, -120(s0)           : MemRead :  D=0x0000000000000000 A=0x7ffffffffffffc78
 599000: system.cpu: T0 : 0x3d68a    : ld s9, -1328(gp)           : MemRead :  D=0x0000000000000000 A=0x70b08
 600000: system.cpu: T0 : 0x3d68e    : sltu a3, zero, s4          : IntAlu :  D=0x0000000000000000
 601000: system.cpu: T0 : 0x3d692    : and s3, s9, s11            : IntAlu :  D=0x0000000000000000
 602000: system.cpu: T0 : 0x3d696    : beq s3, zero, 1250         : IntAlu : 
 602500: system.cpu: T0 : 0x3db78    : addi s2, a3, 1             : IntAlu :  D=0x0000000000000001
 603000: system.cpu: T0 : 0x3db7c    : c_j -1210                  : IntAlu : 
 604000: system.cpu: T0 : 0x3d6c2    : lui a5, 114                : IntAlu :  D=0x0000000000072000
 605000: system.cpu: T0 : 0x3d6c6    : ld s5, -256(a5)            : MemRead :  D=0x0000000000000000 A=0x71f00
 606000: system.cpu: T0 : 0x3d6ca    : beq s5, zero, 444          : IntAlu : 
 607000: system.cpu: T0 : 0x3d886    : slli a5, s2, 4             : IntAlu :  D=0x0000000000000010
 608000: system.cpu: T0 : 0x3d88a    : sub sp, sp, a5             : IntAlu :  D=0x7ffffffffffffc20
 608500: system.cpu: T0 : 0x3d88e    : c_mv a3, sp                : IntAlu :  D=0x7ffffffffffffc20
 609000: system.cpu: T0 : 0x3d890    : c_mv s1, a3                : IntAlu :  D=0x7ffffffffffffc20
 609500: system.cpu: T0 : 0x3d892    : c_li a1, 1                 : IntAlu :  D=0x0000000000000001
 610000: system.cpu: T0 : 0x3d894    : c_li s9, 0                 : IntAlu :  D=0x0000000000000000
 611000: system.cpu: T0 : 0x3d896    : bne s3, zero, -118         : IntAlu : 
 612000: system.cpu: T0 : 0x3d89a    : beq s4, zero, 24           : IntAlu : 
 613000: system.cpu: T0 : 0x3d8b2    : lui a5, 98                 : IntAlu :  D=0x0000000000062000
 614000: system.cpu: T0 : 0x3d8b6    : addi a5, a5, -256          : IntAlu :  D=0x0000000000061f00
 614500: system.cpu: T0 : 0x3d8ba    : c_sd a5, 0(a3)             : MemWrite :  D=0x0000000000061f00 A=0x7ffffffffffffc20
 615000: system.cpu: T0 : 0x3d8bc    : c_li a5, 3                 : IntAlu :  D=0x0000000000000003
 615500: system.cpu: T0 : 0x3d8be    : c_sd a5, 8(a3)             : MemWrite :  D=0x0000000000000003 A=0x7ffffffffffffc28
 616000: system.cpu: T0 : 0x3d8c0    : bne s2, a1, 706            : IntAlu : 
 616500: system.cpu: T0 : 0x3d8c4    : c_li a5, 1                 : IntAlu :  D=0x0000000000000001
 617500: system.cpu: T0 : 0x3d8c6    : ld s9, 8(s1)               : MemRead :  D=0x0000000000000003 A=0x7ffffffffffffc28
 618500: system.cpu: T0 : 0x3d8ca    : beq s2, a5, 542            : IntAlu : 
 619000: system.cpu: T0 : 0x3dae8    : ld a5, -136(s0)            : MemRead :  D=0x000000000006efd0 A=0x7ffffffffffffc68
 619500: system.cpu: T0 : 0x3daec    : c_li s2, 2                 : IntAlu :  D=0x0000000000000002
 620500: system.cpu: T0 : 0x3daee    : addi a0, s9, 33            : IntAlu :  D=0x0000000000000024
 621500: system.cpu: T0 : 0x3daf2    : sd s2, 0(a5)               : MemWrite :  D=0x0000000000000002 A=0x6efd0
 622500: system.cpu: T0 : 0x3daf6    : jal ra, -131280            : IntAlu :  D=0x000000000003dafa
 623500: system.cpu: T0 : 0x1da26    : ld t1, -1848(gp)           : MemRead :  D=0x000000000001dc24 A=0x70900
 624500: system.cpu: T0 : 0x1da2a    : bne t1, zero, 260          : IntAlu : 
 625000: system.cpu: T0 : 0x1db2e    : c_mv a1, ra                : IntAlu :  D=0x000000000003dafa
 625500: system.cpu: T0 : 0x1db30    : c_jr t1                    : IntAlu : 
 626000: system.cpu: T0 : 0x1dc24    : lw a5, -1876(gp)           : MemRead :  D=0xffffffffffffffff A=0x708e4
 626500: system.cpu: T0 : 0x1dc28    : sd zero, -1848(gp)         : MemWrite :  D=0x0000000000000000 A=0x70900
 627000: system.cpu: T0 : 0x1dc2c    : blt a5, zero, 6            : IntAlu : 
 627500: system.cpu: T0 : 0x1dc32    : c_addi sp, -32             : IntAlu :  D=0x7ffffffffffffc00
 628000: system.cpu: T0 : 0x1dc34    : c_sdsp ra, 24(sp)          : MemWrite :  D=0x000000000003dafa A=0x7ffffffffffffc18
 628500: system.cpu: T0 : 0x1dc36    : c_sdsp a0, 8(sp)           : MemWrite :  D=0x0000000000000024 A=0x7ffffffffffffc08
 629000: system.cpu: T0 : 0x1dc38    : jal ra, -11948             : IntAlu :  D=0x000000000001dc3c
 629500: system.cpu: T0 : 0x1ad8c    : c_addi16sp sp, -48         : IntAlu :  D=0x7ffffffffffffbd0
 630000: system.cpu: T0 : 0x1ad8e    : c_sdsp s1, 24(sp)          : MemWrite :  D=0x7ffffffffffffc20 A=0x7ffffffffffffbe8
 630500: system.cpu: T0 : 0x1ad90    : lui s1, 111                : IntAlu :  D=0x000000000006f000
 631000: system.cpu: T0 : 0x1ad94    : ld a3, -1264(s1)           : MemRead :  D=0x2f2e2e0000000000 A=0x6eb10
 631500: system.cpu: T0 : 0x1ad98    : lui a0, 111                : IntAlu :  D=0x000000000006f000
 632000: system.cpu: T0 : 0x1ad9c    : addi a4, a0, 1480          : IntAlu :  D=0x000000000006f5c8
 632500: system.cpu: T0 : 0x1ada0    : c_sdsp ra, 40(sp)          : MemWrite :  D=0x000000000001dc3c A=0x7ffffffffffffbf8
 633000: system.cpu: T0 : 0x1ada2    : c_sdsp s0, 32(sp)          : MemWrite :  D=0x7ffffffffffffcf0 A=0x7ffffffffffffbf0
 633500: system.cpu: T0 : 0x1ada4    : addi a0, a0, 1480          : IntAlu :  D=0x000000000006f5c8
 634000: system.cpu: T0 : 0x1ada8    : sd a4, 56(tp)              : MemWrite :  D=0x000000000006f5c8 A=0x73748
 634500: system.cpu: T0 : 0x1adac    : c_sdsp a3, 8(sp)           : MemWrite :  D=0x2f2e2e0000000000 A=0x7ffffffffffffbd8
 635500: system.cpu: T0 : 0x1adae    : sw zero, -1876(gp)         : MemWrite :  D=0x0000000000000000 A=0x708e4
 636500: system.cpu: T0 : 0x1adb2    : jal ra, -1026              : IntAlu :  D=0x000000000001adb6
 637000: system.cpu: T0 : 0x1a9b0    : c_lui a4, 1                : IntAlu :  D=0x0000000000001000
 638000: system.cpu: T0 : 0x1a9b2    : addi a3, a0, 96            : IntAlu :  D=0x000000000006f628
 639000: system.cpu: T0 : 0x1a9b6    : addi a4, a4, -1968         : IntAlu :  D=0x0000000000000850
 639500: system.cpu: T0 : 0x1a9ba    : c_mv a5, a3                : IntAlu :  D=0x000000000006f628
 640000: system.cpu: T0 : 0x1a9bc    : c_add a4, a0               : IntAlu :  D=0x000000000006fe18
 640500: system.cpu: T0 : 0x1a9be    : c_sd a5, 24(a5)            : MemWrite :  D=0x000000000006f628 A=0x6f640
 641000: system.cpu: T0 : 0x1a9c0    : c_sd a5, 16(a5)            : MemWrite :  D=0x000000000006f628 A=0x6f638
 641500: system.cpu: T0 : 0x1a9c2    : c_addi a5, 16              : IntAlu :  D=0x000000000006f638
 642000: system.cpu: T0 : 0x1a9c4    : bne a4, a5, -6             : IntAlu : 
 642500: system.cpu: T0 : 0x1a9be    : c_sd a5, 24(a5)            : MemWrite :  D=0x000000000006f638 A=0x6f650
 643000: system.cpu: T0 : 0x1a9c0    : c_sd a5, 16(a5)            : MemWrite :  D=0x000000000006f638 A=0x6f648
 643500: system.cpu: T0 : 0x1a9c2    : c_addi a5, 16              : IntAlu :  D=0x000000000006f648
 644000: system.cpu: T0 : 0x1a9c4    : bne a4, a5, -6             : IntAlu : 
 644500: system.cpu: T0 : 0x1a9be    : c_sd a5, 24(a5)            : MemWrite :  D=0x000000000006f648 A=0x6f660
 645000: system.cpu: T0 : 0x1a9c0    : c_sd a5, 16(a5)            : MemWrite :  D=0x000000000006f648 A=0x6f658
 645500: system.cpu: T0 : 0x1a9c2    : c_addi a5, 16              : IntAlu :  D=0x000000000006f658
 646000: system.cpu: T0 : 0x1a9c4    : bne a4, a5, -6             : IntAlu : 
 646500: system.cpu: T0 : 0x1a9be    : c_sd a5, 24(a5)            : MemWrite :  D=0x000000000006f658 A=0x6f670
 647000: system.cpu: T0 : 0x1a9c0    : c_sd a5, 16(a5)            : MemWrite :  D=0x000000000006f658 A=0x6f668
 647500: system.cpu: T0 : 0x1a9c2    : c_addi a5, 16              : IntAlu :  D=0x000000000006f668
 648000: system.cpu: T0 : 0x1a9c4    : bne a4, a5, -6             : IntAlu : 
 648500: system.cpu: T0 : 0x1a9be    : c_sd a5, 24(a5)            : MemWrite :  D=0x000000000006f668 A=0x6f680
 649000: system.cpu: T0 : 0x1a9c0    : c_sd a5, 16(a5)            : MemWrite :  D=0x000000000006f668 A=0x6f678
 649500: system.cpu: T0 : 0x1a9c2    : c_addi a5, 16              : IntAlu :  D=0x000000000006f678
 650000: system.cpu: T0 : 0x1a9c4    : bne a4, a5, -6             : IntAlu : 
 650500: system.cpu: T0 : 0x1a9be    : c_sd a5, 24(a5)            : MemWrite :  D=0x000000000006f678 A=0x6f690
 651000: system.cpu: T0 : 0x1a9c0    : c_sd a5, 16(a5)            : MemWrite :  D=0x000000000006f678 A=0x6f688
 651500: system.cpu: T0 : 0x1a9c2    : c_addi a5, 16              : IntAlu :  D=0x000000000006f688
 652000: system.cpu: T0 : 0x1a9c4    : bne a4, a5, -6             : IntAlu : 
 652500: system.cpu: T0 : 0x1a9be    : c_sd a5, 24(a5)            : MemWrite :  D=0x000000000006f688 A=0x6f6a0
 653000: system.cpu: T0 : 0x1a9c0    : c_sd a5, 16(a5)            : MemWrite :  D=0x000000000006f688 A=0x6f698
 653500: system.cpu: T0 : 0x1a9c2    : c_addi a5, 16              : IntAlu :  D=0x000000000006f698
 654000: system.cpu: T0 : 0x1a9c4    : bne a4, a5, -6             : IntAlu : 
 654500: system.cpu: T0 : 0x1a9be    : c_sd a5, 24(a5)            : MemWrite :  D=0x000000000006f698 A=0x6f6b0
 655000: system.cpu: T0 : 0x1a9c0    : c_sd a5, 16(a5)            : MemWrite :  D=0x000000000006f698 A=0x6f6a8
 655500: system.cpu: T0 : 0x1a9c2    : c_addi a5, 16              : IntAlu :  D=0x000000000006f6a8
 656000: system.cpu: T0 : 0x1a9c4    : bne a4, a5, -6             : IntAlu : 
 656500: system.cpu: T0 : 0x1a9be    : c_sd a5, 24(a5)            : MemWrite :  D=0x000000000006f6a8 A=0x6f6c0
 657000: system.cpu: T0 : 0x1a9c0    : c_sd a5, 16(a5)            : MemWrite :  D=0x000000000006f6a8 A=0x6f6b8
 657500: system.cpu: T0 : 0x1a9c2    : c_addi a5, 16              : IntAlu :  D=0x000000000006f6b8
 658000: system.cpu: T0 : 0x1a9c4    : bne a4, a5, -6             : IntAlu : 
 658500: system.cpu: T0 : 0x1a9be    : c_sd a5, 24(a5)            : MemWrite :  D=0x000000000006f6b8 A=0x6f6d0
 659000: system.cpu: T0 : 0x1a9c0    : c_sd a5, 16(a5)            : MemWrite :  D=0x000000000006f6b8 A=0x6f6c8
 659500: system.cpu: T0 : 0x1a9c2    : c_addi a5, 16              : IntAlu :  D=0x000000000006f6c8
 660000: system.cpu: T0 : 0x1a9c4    : bne a4, a5, -6             : IntAlu : 
 660500: system.cpu: T0 : 0x1a9be    : c_sd a5, 24(a5)            : MemWrite :  D=0x000000000006f6c8 A=0x6f6e0
 661000: system.cpu: T0 : 0x1a9c0    : c_sd a5, 16(a5)            : MemWrite :  D=0x000000000006f6c8 A=0x6f6d8
 661500: system.cpu: T0 : 0x1a9c2    : c_addi a5, 16              : IntAlu :  D=0x000000000006f6d8
 662000: system.cpu: T0 : 0x1a9c4    : bne a4, a5, -6             : IntAlu : 
 662500: system.cpu: T0 : 0x1a9be    : c_sd a5, 24(a5)            : MemWrite :  D=0x000000000006f6d8 A=0x6f6f0
 663000: system.cpu: T0 : 0x1a9c0    : c_sd a5, 16(a5)            : MemWrite :  D=0x000000000006f6d8 A=0x6f6e8
 663500: system.cpu: T0 : 0x1a9c2    : c_addi a5, 16              : IntAlu :  D=0x000000000006f6e8
 664000: system.cpu: T0 : 0x1a9c4    : bne a4, a5, -6             : IntAlu : 
 664500: system.cpu: T0 : 0x1a9be    : c_sd a5, 24(a5)            : MemWrite :  D=0x000000000006f6e8 A=0x6f700
 665000: system.cpu: T0 : 0x1a9c0    : c_sd a5, 16(a5)            : MemWrite :  D=0x000000000006f6e8 A=0x6f6f8
 665500: system.cpu: T0 : 0x1a9c2    : c_addi a5, 16              : IntAlu :  D=0x000000000006f6f8
 666000: system.cpu: T0 : 0x1a9c4    : bne a4, a5, -6             : IntAlu : 
 666500: system.cpu: T0 : 0x1a9be    : c_sd a5, 24(a5)            : MemWrite :  D=0x000000000006f6f8 A=0x6f710
 667000: system.cpu: T0 : 0x1a9c0    : c_sd a5, 16(a5)            : MemWrite :  D=0x000000000006f6f8 A=0x6f708
 667500: system.cpu: T0 : 0x1a9c2    : c_addi a5, 16              : IntAlu :  D=0x000000000006f708
 668000: system.cpu: T0 : 0x1a9c4    : bne a4, a5, -6             : IntAlu : 
 668500: system.cpu: T0 : 0x1a9be    : c_sd a5, 24(a5)            : MemWrite :  D=0x000000000006f708 A=0x6f720
 669000: system.cpu: T0 : 0x1a9c0    : c_sd a5, 16(a5)            : MemWrite :  D=0x000000000006f708 A=0x6f718
 669500: system.cpu: T0 : 0x1a9c2    : c_addi a5, 16              : IntAlu :  D=0x000000000006f718
 670000: system.cpu: T0 : 0x1a9c4    : bne a4, a5, -6             : IntAlu : 
 670500: system.cpu: T0 : 0x1a9be    : c_sd a5, 24(a5)            : MemWrite :  D=0x000000000006f718 A=0x6f730
 671000: system.cpu: T0 : 0x1a9c0    : c_sd a5, 16(a5)            : MemWrite :  D=0x000000000006f718 A=0x6f728
 671500: system.cpu: T0 : 0x1a9c2    : c_addi a5, 16              : IntAlu :  D=0x000000000006f728
 672000: system.cpu: T0 : 0x1a9c4    : bne a4, a5, -6             : IntAlu : 
 672500: system.cpu: T0 : 0x1a9be    : c_sd a5, 24(a5)            : MemWrite :  D=0x000000000006f728 A=0x6f740
 673000: system.cpu: T0 : 0x1a9c0    : c_sd a5, 16(a5)            : MemWrite :  D=0x000000000006f728 A=0x6f738
 673500: system.cpu: T0 : 0x1a9c2    : c_addi a5, 16              : IntAlu :  D=0x000000000006f738
 674000: system.cpu: T0 : 0x1a9c4    : bne a4, a5, -6             : IntAlu : 
 674500: system.cpu: T0 : 0x1a9be    : c_sd a5, 24(a5)            : MemWrite :  D=0x000000000006f738 A=0x6f750
 675000: system.cpu: T0 : 0x1a9c0    : c_sd a5, 16(a5)            : MemWrite :  D=0x000000000006f738 A=0x6f748
 675500: system.cpu: T0 : 0x1a9c2    : c_addi a5, 16              : IntAlu :  D=0x000000000006f748
 676000: system.cpu: T0 : 0x1a9c4    : bne a4, a5, -6             : IntAlu : 
 676500: system.cpu: T0 : 0x1a9be    : c_sd a5, 24(a5)            : MemWrite :  D=0x000000000006f748 A=0x6f760
 677000: system.cpu: T0 : 0x1a9c0    : c_sd a5, 16(a5)            : MemWrite :  D=0x000000000006f748 A=0x6f758
 677500: system.cpu: T0 : 0x1a9c2    : c_addi a5, 16              : IntAlu :  D=0x000000000006f758
 678000: system.cpu: T0 : 0x1a9c4    : bne a4, a5, -6             : IntAlu : 
 678500: system.cpu: T0 : 0x1a9be    : c_sd a5, 24(a5)            : MemWrite :  D=0x000000000006f758 A=0x6f770
 679000: system.cpu: T0 : 0x1a9c0    : c_sd a5, 16(a5)            : MemWrite :  D=0x000000000006f758 A=0x6f768
 679500: system.cpu: T0 : 0x1a9c2    : c_addi a5, 16              : IntAlu :  D=0x000000000006f768
 680000: system.cpu: T0 : 0x1a9c4    : bne a4, a5, -6             : IntAlu : 
 680500: system.cpu: T0 : 0x1a9be    : c_sd a5, 24(a5)            : MemWrite :  D=0x000000000006f768 A=0x6f780
 681000: system.cpu: T0 : 0x1a9c0    : c_sd a5, 16(a5)            : MemWrite :  D=0x000000000006f768 A=0x6f778
 681500: system.cpu: T0 : 0x1a9c2    : c_addi a5, 16              : IntAlu :  D=0x000000000006f778
 682000: system.cpu: T0 : 0x1a9c4    : bne a4, a5, -6             : IntAlu : 
 682500: system.cpu: T0 : 0x1a9be    : c_sd a5, 24(a5)            : MemWrite :  D=0x000000000006f778 A=0x6f790
 683000: system.cpu: T0 : 0x1a9c0    : c_sd a5, 16(a5)            : MemWrite :  D=0x000000000006f778 A=0x6f788
 683500: system.cpu: T0 : 0x1a9c2    : c_addi a5, 16              : IntAlu :  D=0x000000000006f788
 684000: system.cpu: T0 : 0x1a9c4    : bne a4, a5, -6             : IntAlu : 
 684500: system.cpu: T0 : 0x1a9be    : c_sd a5, 24(a5)            : MemWrite :  D=0x000000000006f788 A=0x6f7a0
 685000: system.cpu: T0 : 0x1a9c0    : c_sd a5, 16(a5)            : MemWrite :  D=0x000000000006f788 A=0x6f798
 685500: system.cpu: T0 : 0x1a9c2    : c_addi a5, 16              : IntAlu :  D=0x000000000006f798
 686000: system.cpu: T0 : 0x1a9c4    : bne a4, a5, -6             : IntAlu : 
 686500: system.cpu: T0 : 0x1a9be    : c_sd a5, 24(a5)            : MemWrite :  D=0x000000000006f798 A=0x6f7b0
 687000: system.cpu: T0 : 0x1a9c0    : c_sd a5, 16(a5)            : MemWrite :  D=0x000000000006f798 A=0x6f7a8
 687500: system.cpu: T0 : 0x1a9c2    : c_addi a5, 16              : IntAlu :  D=0x000000000006f7a8
 688000: system.cpu: T0 : 0x1a9c4    : bne a4, a5, -6             : IntAlu : 
 688500: system.cpu: T0 : 0x1a9be    : c_sd a5, 24(a5)            : MemWrite :  D=0x000000000006f7a8 A=0x6f7c0
 689000: system.cpu: T0 : 0x1a9c0    : c_sd a5, 16(a5)            : MemWrite :  D=0x000000000006f7a8 A=0x6f7b8
 689500: system.cpu: T0 : 0x1a9c2    : c_addi a5, 16              : IntAlu :  D=0x000000000006f7b8
 690000: system.cpu: T0 : 0x1a9c4    : bne a4, a5, -6             : IntAlu : 
 690500: system.cpu: T0 : 0x1a9be    : c_sd a5, 24(a5)            : MemWrite :  D=0x000000000006f7b8 A=0x6f7d0
 691000: system.cpu: T0 : 0x1a9c0    : c_sd a5, 16(a5)            : MemWrite :  D=0x000000000006f7b8 A=0x6f7c8
 691500: system.cpu: T0 : 0x1a9c2    : c_addi a5, 16              : IntAlu :  D=0x000000000006f7c8
 692000: system.cpu: T0 : 0x1a9c4    : bne a4, a5, -6             : IntAlu : 
 692500: system.cpu: T0 : 0x1a9be    : c_sd a5, 24(a5)            : MemWrite :  D=0x000000000006f7c8 A=0x6f7e0
 693000: system.cpu: T0 : 0x1a9c0    : c_sd a5, 16(a5)            : MemWrite :  D=0x000000000006f7c8 A=0x6f7d8
 693500: system.cpu: T0 : 0x1a9c2    : c_addi a5, 16              : IntAlu :  D=0x000000000006f7d8
 694000: system.cpu: T0 : 0x1a9c4    : bne a4, a5, -6             : IntAlu : 
 694500: system.cpu: T0 : 0x1a9be    : c_sd a5, 24(a5)            : MemWrite :  D=0x000000000006f7d8 A=0x6f7f0
 695000: system.cpu: T0 : 0x1a9c0    : c_sd a5, 16(a5)            : MemWrite :  D=0x000000000006f7d8 A=0x6f7e8
 695500: system.cpu: T0 : 0x1a9c2    : c_addi a5, 16              : IntAlu :  D=0x000000000006f7e8
 696000: system.cpu: T0 : 0x1a9c4    : bne a4, a5, -6             : IntAlu : 
 696500: system.cpu: T0 : 0x1a9be    : c_sd a5, 24(a5)            : MemWrite :  D=0x000000000006f7e8 A=0x6f800
 697000: system.cpu: T0 : 0x1a9c0    : c_sd a5, 16(a5)            : MemWrite :  D=0x000000000006f7e8 A=0x6f7f8
 697500: system.cpu: T0 : 0x1a9c2    : c_addi a5, 16              : IntAlu :  D=0x000000000006f7f8
 698000: system.cpu: T0 : 0x1a9c4    : bne a4, a5, -6             : IntAlu : 
 698500: system.cpu: T0 : 0x1a9be    : c_sd a5, 24(a5)            : MemWrite :  D=0x000000000006f7f8 A=0x6f810
 699000: system.cpu: T0 : 0x1a9c0    : c_sd a5, 16(a5)            : MemWrite :  D=0x000000000006f7f8 A=0x6f808
 699500: system.cpu: T0 : 0x1a9c2    : c_addi a5, 16              : IntAlu :  D=0x000000000006f808
 700000: system.cpu: T0 : 0x1a9c4    : bne a4, a5, -6             : IntAlu : 
 700500: system.cpu: T0 : 0x1a9be    : c_sd a5, 24(a5)            : MemWrite :  D=0x000000000006f808 A=0x6f820
 701000: system.cpu: T0 : 0x1a9c0    : c_sd a5, 16(a5)            : MemWrite :  D=0x000000000006f808 A=0x6f818
 701500: system.cpu: T0 : 0x1a9c2    : c_addi a5, 16              : IntAlu :  D=0x000000000006f818
 702000: system.cpu: T0 : 0x1a9c4    : bne a4, a5, -6             : IntAlu : 
 702500: system.cpu: T0 : 0x1a9be    : c_sd a5, 24(a5)            : MemWrite :  D=0x000000000006f818 A=0x6f830
 703000: system.cpu: T0 : 0x1a9c0    : c_sd a5, 16(a5)            : MemWrite :  D=0x000000000006f818 A=0x6f828
 703500: system.cpu: T0 : 0x1a9c2    : c_addi a5, 16              : IntAlu :  D=0x000000000006f828
 704000: system.cpu: T0 : 0x1a9c4    : bne a4, a5, -6             : IntAlu : 
 704500: system.cpu: T0 : 0x1a9be    : c_sd a5, 24(a5)            : MemWrite :  D=0x000000000006f828 A=0x6f840
 705000: system.cpu: T0 : 0x1a9c0    : c_sd a5, 16(a5)            : MemWrite :  D=0x000000000006f828 A=0x6f838
 705500: system.cpu: T0 : 0x1a9c2    : c_addi a5, 16              : IntAlu :  D=0x000000000006f838
 706000: system.cpu: T0 : 0x1a9c4    : bne a4, a5, -6             : IntAlu : 
 706500: system.cpu: T0 : 0x1a9be    : c_sd a5, 24(a5)            : MemWrite :  D=0x000000000006f838 A=0x6f850
 707000: system.cpu: T0 : 0x1a9c0    : c_sd a5, 16(a5)            : MemWrite :  D=0x000000000006f838 A=0x6f848
 707500: system.cpu: T0 : 0x1a9c2    : c_addi a5, 16              : IntAlu :  D=0x000000000006f848
 708000: system.cpu: T0 : 0x1a9c4    : bne a4, a5, -6             : IntAlu : 
 708500: system.cpu: T0 : 0x1a9be    : c_sd a5, 24(a5)            : MemWrite :  D=0x000000000006f848 A=0x6f860
 709000: system.cpu: T0 : 0x1a9c0    : c_sd a5, 16(a5)            : MemWrite :  D=0x000000000006f848 A=0x6f858
 709500: system.cpu: T0 : 0x1a9c2    : c_addi a5, 16              : IntAlu :  D=0x000000000006f858
 710000: system.cpu: T0 : 0x1a9c4    : bne a4, a5, -6             : IntAlu : 
 710500: system.cpu: T0 : 0x1a9be    : c_sd a5, 24(a5)            : MemWrite :  D=0x000000000006f858 A=0x6f870
 711000: system.cpu: T0 : 0x1a9c0    : c_sd a5, 16(a5)            : MemWrite :  D=0x000000000006f858 A=0x6f868
 711500: system.cpu: T0 : 0x1a9c2    : c_addi a5, 16              : IntAlu :  D=0x000000000006f868
 712000: system.cpu: T0 : 0x1a9c4    : bne a4, a5, -6             : IntAlu : 
 712500: system.cpu: T0 : 0x1a9be    : c_sd a5, 24(a5)            : MemWrite :  D=0x000000000006f868 A=0x6f880
 713000: system.cpu: T0 : 0x1a9c0    : c_sd a5, 16(a5)            : MemWrite :  D=0x000000000006f868 A=0x6f878
 713500: system.cpu: T0 : 0x1a9c2    : c_addi a5, 16              : IntAlu :  D=0x000000000006f878
 714000: system.cpu: T0 : 0x1a9c4    : bne a4, a5, -6             : IntAlu : 
 714500: system.cpu: T0 : 0x1a9be    : c_sd a5, 24(a5)            : MemWrite :  D=0x000000000006f878 A=0x6f890
 715000: system.cpu: T0 : 0x1a9c0    : c_sd a5, 16(a5)            : MemWrite :  D=0x000000000006f878 A=0x6f888
 715500: system.cpu: T0 : 0x1a9c2    : c_addi a5, 16              : IntAlu :  D=0x000000000006f888
 716000: system.cpu: T0 : 0x1a9c4    : bne a4, a5, -6             : IntAlu : 
 716500: system.cpu: T0 : 0x1a9be    : c_sd a5, 24(a5)            : MemWrite :  D=0x000000000006f888 A=0x6f8a0
 717000: system.cpu: T0 : 0x1a9c0    : c_sd a5, 16(a5)            : MemWrite :  D=0x000000000006f888 A=0x6f898
 717500: system.cpu: T0 : 0x1a9c2    : c_addi a5, 16              : IntAlu :  D=0x000000000006f898
 718000: system.cpu: T0 : 0x1a9c4    : bne a4, a5, -6             : IntAlu : 
 718500: system.cpu: T0 : 0x1a9be    : c_sd a5, 24(a5)            : MemWrite :  D=0x000000000006f898 A=0x6f8b0
 719000: system.cpu: T0 : 0x1a9c0    : c_sd a5, 16(a5)            : MemWrite :  D=0x000000000006f898 A=0x6f8a8
 719500: system.cpu: T0 : 0x1a9c2    : c_addi a5, 16              : IntAlu :  D=0x000000000006f8a8
 720000: system.cpu: T0 : 0x1a9c4    : bne a4, a5, -6             : IntAlu : 
 720500: system.cpu: T0 : 0x1a9be    : c_sd a5, 24(a5)            : MemWrite :  D=0x000000000006f8a8 A=0x6f8c0
 721000: system.cpu: T0 : 0x1a9c0    : c_sd a5, 16(a5)            : MemWrite :  D=0x000000000006f8a8 A=0x6f8b8
 721500: system.cpu: T0 : 0x1a9c2    : c_addi a5, 16              : IntAlu :  D=0x000000000006f8b8
 722000: system.cpu: T0 : 0x1a9c4    : bne a4, a5, -6             : IntAlu : 
 722500: system.cpu: T0 : 0x1a9be    : c_sd a5, 24(a5)            : MemWrite :  D=0x000000000006f8b8 A=0x6f8d0
 723000: system.cpu: T0 : 0x1a9c0    : c_sd a5, 16(a5)            : MemWrite :  D=0x000000000006f8b8 A=0x6f8c8
 723500: system.cpu: T0 : 0x1a9c2    : c_addi a5, 16              : IntAlu :  D=0x000000000006f8c8
 724000: system.cpu: T0 : 0x1a9c4    : bne a4, a5, -6             : IntAlu : 
 724500: system.cpu: T0 : 0x1a9be    : c_sd a5, 24(a5)            : MemWrite :  D=0x000000000006f8c8 A=0x6f8e0
 725000: system.cpu: T0 : 0x1a9c0    : c_sd a5, 16(a5)            : MemWrite :  D=0x000000000006f8c8 A=0x6f8d8
 725500: system.cpu: T0 : 0x1a9c2    : c_addi a5, 16              : IntAlu :  D=0x000000000006f8d8
 726000: system.cpu: T0 : 0x1a9c4    : bne a4, a5, -6             : IntAlu : 
 726500: system.cpu: T0 : 0x1a9be    : c_sd a5, 24(a5)            : MemWrite :  D=0x000000000006f8d8 A=0x6f8f0
 727000: system.cpu: T0 : 0x1a9c0    : c_sd a5, 16(a5)            : MemWrite :  D=0x000000000006f8d8 A=0x6f8e8
 727500: system.cpu: T0 : 0x1a9c2    : c_addi a5, 16              : IntAlu :  D=0x000000000006f8e8
 728000: system.cpu: T0 : 0x1a9c4    : bne a4, a5, -6             : IntAlu : 
 728500: system.cpu: T0 : 0x1a9be    : c_sd a5, 24(a5)            : MemWrite :  D=0x000000000006f8e8 A=0x6f900
 729000: system.cpu: T0 : 0x1a9c0    : c_sd a5, 16(a5)            : MemWrite :  D=0x000000000006f8e8 A=0x6f8f8
 729500: system.cpu: T0 : 0x1a9c2    : c_addi a5, 16              : IntAlu :  D=0x000000000006f8f8
 730000: system.cpu: T0 : 0x1a9c4    : bne a4, a5, -6             : IntAlu : 
 730500: system.cpu: T0 : 0x1a9be    : c_sd a5, 24(a5)            : MemWrite :  D=0x000000000006f8f8 A=0x6f910
 731000: system.cpu: T0 : 0x1a9c0    : c_sd a5, 16(a5)            : MemWrite :  D=0x000000000006f8f8 A=0x6f908
 731500: system.cpu: T0 : 0x1a9c2    : c_addi a5, 16              : IntAlu :  D=0x000000000006f908
 732000: system.cpu: T0 : 0x1a9c4    : bne a4, a5, -6             : IntAlu : 
 732500: system.cpu: T0 : 0x1a9be    : c_sd a5, 24(a5)            : MemWrite :  D=0x000000000006f908 A=0x6f920
 733000: system.cpu: T0 : 0x1a9c0    : c_sd a5, 16(a5)            : MemWrite :  D=0x000000000006f908 A=0x6f918
 733500: system.cpu: T0 : 0x1a9c2    : c_addi a5, 16              : IntAlu :  D=0x000000000006f918
 734000: system.cpu: T0 : 0x1a9c4    : bne a4, a5, -6             : IntAlu : 
 734500: system.cpu: T0 : 0x1a9be    : c_sd a5, 24(a5)            : MemWrite :  D=0x000000000006f918 A=0x6f930
 735000: system.cpu: T0 : 0x1a9c0    : c_sd a5, 16(a5)            : MemWrite :  D=0x000000000006f918 A=0x6f928
 735500: system.cpu: T0 : 0x1a9c2    : c_addi a5, 16              : IntAlu :  D=0x000000000006f928
 736000: system.cpu: T0 : 0x1a9c4    : bne a4, a5, -6             : IntAlu : 
 736500: system.cpu: T0 : 0x1a9be    : c_sd a5, 24(a5)            : MemWrite :  D=0x000000000006f928 A=0x6f940
 737000: system.cpu: T0 : 0x1a9c0    : c_sd a5, 16(a5)            : MemWrite :  D=0x000000000006f928 A=0x6f938
 737500: system.cpu: T0 : 0x1a9c2    : c_addi a5, 16              : IntAlu :  D=0x000000000006f938
 738000: system.cpu: T0 : 0x1a9c4    : bne a4, a5, -6             : IntAlu : 
 738500: system.cpu: T0 : 0x1a9be    : c_sd a5, 24(a5)            : MemWrite :  D=0x000000000006f938 A=0x6f950
 739000: system.cpu: T0 : 0x1a9c0    : c_sd a5, 16(a5)            : MemWrite :  D=0x000000000006f938 A=0x6f948
 739500: system.cpu: T0 : 0x1a9c2    : c_addi a5, 16              : IntAlu :  D=0x000000000006f948
 740000: system.cpu: T0 : 0x1a9c4    : bne a4, a5, -6             : IntAlu : 
 740500: system.cpu: T0 : 0x1a9be    : c_sd a5, 24(a5)            : MemWrite :  D=0x000000000006f948 A=0x6f960
 741000: system.cpu: T0 : 0x1a9c0    : c_sd a5, 16(a5)            : MemWrite :  D=0x000000000006f948 A=0x6f958
 741500: system.cpu: T0 : 0x1a9c2    : c_addi a5, 16              : IntAlu :  D=0x000000000006f958
 742000: system.cpu: T0 : 0x1a9c4    : bne a4, a5, -6             : IntAlu : 
 742500: system.cpu: T0 : 0x1a9be    : c_sd a5, 24(a5)            : MemWrite :  D=0x000000000006f958 A=0x6f970
 743000: system.cpu: T0 : 0x1a9c0    : c_sd a5, 16(a5)            : MemWrite :  D=0x000000000006f958 A=0x6f968
 743500: system.cpu: T0 : 0x1a9c2    : c_addi a5, 16              : IntAlu :  D=0x000000000006f968
 744000: system.cpu: T0 : 0x1a9c4    : bne a4, a5, -6             : IntAlu : 
 744500: system.cpu: T0 : 0x1a9be    : c_sd a5, 24(a5)            : MemWrite :  D=0x000000000006f968 A=0x6f980
 745000: system.cpu: T0 : 0x1a9c0    : c_sd a5, 16(a5)            : MemWrite :  D=0x000000000006f968 A=0x6f978
 745500: system.cpu: T0 : 0x1a9c2    : c_addi a5, 16              : IntAlu :  D=0x000000000006f978
 746000: system.cpu: T0 : 0x1a9c4    : bne a4, a5, -6             : IntAlu : 
 746500: system.cpu: T0 : 0x1a9be    : c_sd a5, 24(a5)            : MemWrite :  D=0x000000000006f978 A=0x6f990
 747000: system.cpu: T0 : 0x1a9c0    : c_sd a5, 16(a5)            : MemWrite :  D=0x000000000006f978 A=0x6f988
 747500: system.cpu: T0 : 0x1a9c2    : c_addi a5, 16              : IntAlu :  D=0x000000000006f988
 748000: system.cpu: T0 : 0x1a9c4    : bne a4, a5, -6             : IntAlu : 
 748500: system.cpu: T0 : 0x1a9be    : c_sd a5, 24(a5)            : MemWrite :  D=0x000000000006f988 A=0x6f9a0
 749000: system.cpu: T0 : 0x1a9c0    : c_sd a5, 16(a5)            : MemWrite :  D=0x000000000006f988 A=0x6f998
 749500: system.cpu: T0 : 0x1a9c2    : c_addi a5, 16              : IntAlu :  D=0x000000000006f998
 750000: system.cpu: T0 : 0x1a9c4    : bne a4, a5, -6             : IntAlu : 
 750500: system.cpu: T0 : 0x1a9be    : c_sd a5, 24(a5)            : MemWrite :  D=0x000000000006f998 A=0x6f9b0
 751000: system.cpu: T0 : 0x1a9c0    : c_sd a5, 16(a5)            : MemWrite :  D=0x000000000006f998 A=0x6f9a8
 751500: system.cpu: T0 : 0x1a9c2    : c_addi a5, 16              : IntAlu :  D=0x000000000006f9a8
 752000: system.cpu: T0 : 0x1a9c4    : bne a4, a5, -6             : IntAlu : 
 752500: system.cpu: T0 : 0x1a9be    : c_sd a5, 24(a5)            : MemWrite :  D=0x000000000006f9a8 A=0x6f9c0
 753000: system.cpu: T0 : 0x1a9c0    : c_sd a5, 16(a5)            : MemWrite :  D=0x000000000006f9a8 A=0x6f9b8
 753500: system.cpu: T0 : 0x1a9c2    : c_addi a5, 16              : IntAlu :  D=0x000000000006f9b8
 754000: system.cpu: T0 : 0x1a9c4    : bne a4, a5, -6             : IntAlu : 
 754500: system.cpu: T0 : 0x1a9be    : c_sd a5, 24(a5)            : MemWrite :  D=0x000000000006f9b8 A=0x6f9d0
 755000: system.cpu: T0 : 0x1a9c0    : c_sd a5, 16(a5)            : MemWrite :  D=0x000000000006f9b8 A=0x6f9c8
 755500: system.cpu: T0 : 0x1a9c2    : c_addi a5, 16              : IntAlu :  D=0x000000000006f9c8
 756000: system.cpu: T0 : 0x1a9c4    : bne a4, a5, -6             : IntAlu : 
 756500: system.cpu: T0 : 0x1a9be    : c_sd a5, 24(a5)            : MemWrite :  D=0x000000000006f9c8 A=0x6f9e0
 757000: system.cpu: T0 : 0x1a9c0    : c_sd a5, 16(a5)            : MemWrite :  D=0x000000000006f9c8 A=0x6f9d8
 757500: system.cpu: T0 : 0x1a9c2    : c_addi a5, 16              : IntAlu :  D=0x000000000006f9d8
 758000: system.cpu: T0 : 0x1a9c4    : bne a4, a5, -6             : IntAlu : 
 758500: system.cpu: T0 : 0x1a9be    : c_sd a5, 24(a5)            : MemWrite :  D=0x000000000006f9d8 A=0x6f9f0
 759000: system.cpu: T0 : 0x1a9c0    : c_sd a5, 16(a5)            : MemWrite :  D=0x000000000006f9d8 A=0x6f9e8
 759500: system.cpu: T0 : 0x1a9c2    : c_addi a5, 16              : IntAlu :  D=0x000000000006f9e8
 760000: system.cpu: T0 : 0x1a9c4    : bne a4, a5, -6             : IntAlu : 
 760500: system.cpu: T0 : 0x1a9be    : c_sd a5, 24(a5)            : MemWrite :  D=0x000000000006f9e8 A=0x6fa00
 761000: system.cpu: T0 : 0x1a9c0    : c_sd a5, 16(a5)            : MemWrite :  D=0x000000000006f9e8 A=0x6f9f8
 761500: system.cpu: T0 : 0x1a9c2    : c_addi a5, 16              : IntAlu :  D=0x000000000006f9f8
 762000: system.cpu: T0 : 0x1a9c4    : bne a4, a5, -6             : IntAlu : 
 762500: system.cpu: T0 : 0x1a9be    : c_sd a5, 24(a5)            : MemWrite :  D=0x000000000006f9f8 A=0x6fa10
 763000: system.cpu: T0 : 0x1a9c0    : c_sd a5, 16(a5)            : MemWrite :  D=0x000000000006f9f8 A=0x6fa08
 763500: system.cpu: T0 : 0x1a9c2    : c_addi a5, 16              : IntAlu :  D=0x000000000006fa08
 764000: system.cpu: T0 : 0x1a9c4    : bne a4, a5, -6             : IntAlu : 
 764500: system.cpu: T0 : 0x1a9be    : c_sd a5, 24(a5)            : MemWrite :  D=0x000000000006fa08 A=0x6fa20
 765000: system.cpu: T0 : 0x1a9c0    : c_sd a5, 16(a5)            : MemWrite :  D=0x000000000006fa08 A=0x6fa18
 765500: system.cpu: T0 : 0x1a9c2    : c_addi a5, 16              : IntAlu :  D=0x000000000006fa18
 766000: system.cpu: T0 : 0x1a9c4    : bne a4, a5, -6             : IntAlu : 
 766500: system.cpu: T0 : 0x1a9be    : c_sd a5, 24(a5)            : MemWrite :  D=0x000000000006fa18 A=0x6fa30
 767000: system.cpu: T0 : 0x1a9c0    : c_sd a5, 16(a5)            : MemWrite :  D=0x000000000006fa18 A=0x6fa28
 767500: system.cpu: T0 : 0x1a9c2    : c_addi a5, 16              : IntAlu :  D=0x000000000006fa28
 768000: system.cpu: T0 : 0x1a9c4    : bne a4, a5, -6             : IntAlu : 
 768500: system.cpu: T0 : 0x1a9be    : c_sd a5, 24(a5)            : MemWrite :  D=0x000000000006fa28 A=0x6fa40
 769000: system.cpu: T0 : 0x1a9c0    : c_sd a5, 16(a5)            : MemWrite :  D=0x000000000006fa28 A=0x6fa38
 769500: system.cpu: T0 : 0x1a9c2    : c_addi a5, 16              : IntAlu :  D=0x000000000006fa38
 770000: system.cpu: T0 : 0x1a9c4    : bne a4, a5, -6             : IntAlu : 
 770500: system.cpu: T0 : 0x1a9be    : c_sd a5, 24(a5)            : MemWrite :  D=0x000000000006fa38 A=0x6fa50
 771000: system.cpu: T0 : 0x1a9c0    : c_sd a5, 16(a5)            : MemWrite :  D=0x000000000006fa38 A=0x6fa48
 771500: system.cpu: T0 : 0x1a9c2    : c_addi a5, 16              : IntAlu :  D=0x000000000006fa48
 772000: system.cpu: T0 : 0x1a9c4    : bne a4, a5, -6             : IntAlu : 
 772500: system.cpu: T0 : 0x1a9be    : c_sd a5, 24(a5)            : MemWrite :  D=0x000000000006fa48 A=0x6fa60
 773000: system.cpu: T0 : 0x1a9c0    : c_sd a5, 16(a5)            : MemWrite :  D=0x000000000006fa48 A=0x6fa58
 773500: system.cpu: T0 : 0x1a9c2    : c_addi a5, 16              : IntAlu :  D=0x000000000006fa58
 774000: system.cpu: T0 : 0x1a9c4    : bne a4, a5, -6             : IntAlu : 
 774500: system.cpu: T0 : 0x1a9be    : c_sd a5, 24(a5)            : MemWrite :  D=0x000000000006fa58 A=0x6fa70
 775000: system.cpu: T0 : 0x1a9c0    : c_sd a5, 16(a5)            : MemWrite :  D=0x000000000006fa58 A=0x6fa68
 775500: system.cpu: T0 : 0x1a9c2    : c_addi a5, 16              : IntAlu :  D=0x000000000006fa68
 776000: system.cpu: T0 : 0x1a9c4    : bne a4, a5, -6             : IntAlu : 
 776500: system.cpu: T0 : 0x1a9be    : c_sd a5, 24(a5)            : MemWrite :  D=0x000000000006fa68 A=0x6fa80
 777000: system.cpu: T0 : 0x1a9c0    : c_sd a5, 16(a5)            : MemWrite :  D=0x000000000006fa68 A=0x6fa78
 777500: system.cpu: T0 : 0x1a9c2    : c_addi a5, 16              : IntAlu :  D=0x000000000006fa78
 778000: system.cpu: T0 : 0x1a9c4    : bne a4, a5, -6             : IntAlu : 
 778500: system.cpu: T0 : 0x1a9be    : c_sd a5, 24(a5)            : MemWrite :  D=0x000000000006fa78 A=0x6fa90
 779000: system.cpu: T0 : 0x1a9c0    : c_sd a5, 16(a5)            : MemWrite :  D=0x000000000006fa78 A=0x6fa88
 779500: system.cpu: T0 : 0x1a9c2    : c_addi a5, 16              : IntAlu :  D=0x000000000006fa88
 780000: system.cpu: T0 : 0x1a9c4    : bne a4, a5, -6             : IntAlu : 
 780500: system.cpu: T0 : 0x1a9be    : c_sd a5, 24(a5)            : MemWrite :  D=0x000000000006fa88 A=0x6faa0
 781000: system.cpu: T0 : 0x1a9c0    : c_sd a5, 16(a5)            : MemWrite :  D=0x000000000006fa88 A=0x6fa98
 781500: system.cpu: T0 : 0x1a9c2    : c_addi a5, 16              : IntAlu :  D=0x000000000006fa98
 782000: system.cpu: T0 : 0x1a9c4    : bne a4, a5, -6             : IntAlu : 
 782500: system.cpu: T0 : 0x1a9be    : c_sd a5, 24(a5)            : MemWrite :  D=0x000000000006fa98 A=0x6fab0
 783000: system.cpu: T0 : 0x1a9c0    : c_sd a5, 16(a5)            : MemWrite :  D=0x000000000006fa98 A=0x6faa8
 783500: system.cpu: T0 : 0x1a9c2    : c_addi a5, 16              : IntAlu :  D=0x000000000006faa8
 784000: system.cpu: T0 : 0x1a9c4    : bne a4, a5, -6             : IntAlu : 
 784500: system.cpu: T0 : 0x1a9be    : c_sd a5, 24(a5)            : MemWrite :  D=0x000000000006faa8 A=0x6fac0
 785000: system.cpu: T0 : 0x1a9c0    : c_sd a5, 16(a5)            : MemWrite :  D=0x000000000006faa8 A=0x6fab8
 785500: system.cpu: T0 : 0x1a9c2    : c_addi a5, 16              : IntAlu :  D=0x000000000006fab8
 786000: system.cpu: T0 : 0x1a9c4    : bne a4, a5, -6             : IntAlu : 
 786500: system.cpu: T0 : 0x1a9be    : c_sd a5, 24(a5)            : MemWrite :  D=0x000000000006fab8 A=0x6fad0
 787000: system.cpu: T0 : 0x1a9c0    : c_sd a5, 16(a5)            : MemWrite :  D=0x000000000006fab8 A=0x6fac8
 787500: system.cpu: T0 : 0x1a9c2    : c_addi a5, 16              : IntAlu :  D=0x000000000006fac8
 788000: system.cpu: T0 : 0x1a9c4    : bne a4, a5, -6             : IntAlu : 
 788500: system.cpu: T0 : 0x1a9be    : c_sd a5, 24(a5)            : MemWrite :  D=0x000000000006fac8 A=0x6fae0
 789000: system.cpu: T0 : 0x1a9c0    : c_sd a5, 16(a5)            : MemWrite :  D=0x000000000006fac8 A=0x6fad8
 789500: system.cpu: T0 : 0x1a9c2    : c_addi a5, 16              : IntAlu :  D=0x000000000006fad8
 790000: system.cpu: T0 : 0x1a9c4    : bne a4, a5, -6             : IntAlu : 
 790500: system.cpu: T0 : 0x1a9be    : c_sd a5, 24(a5)            : MemWrite :  D=0x000000000006fad8 A=0x6faf0
 791000: system.cpu: T0 : 0x1a9c0    : c_sd a5, 16(a5)            : MemWrite :  D=0x000000000006fad8 A=0x6fae8
 791500: system.cpu: T0 : 0x1a9c2    : c_addi a5, 16              : IntAlu :  D=0x000000000006fae8
 792000: system.cpu: T0 : 0x1a9c4    : bne a4, a5, -6             : IntAlu : 
 792500: system.cpu: T0 : 0x1a9be    : c_sd a5, 24(a5)            : MemWrite :  D=0x000000000006fae8 A=0x6fb00
 793000: system.cpu: T0 : 0x1a9c0    : c_sd a5, 16(a5)            : MemWrite :  D=0x000000000006fae8 A=0x6faf8
 793500: system.cpu: T0 : 0x1a9c2    : c_addi a5, 16              : IntAlu :  D=0x000000000006faf8
 794000: system.cpu: T0 : 0x1a9c4    : bne a4, a5, -6             : IntAlu : 
 794500: system.cpu: T0 : 0x1a9be    : c_sd a5, 24(a5)            : MemWrite :  D=0x000000000006faf8 A=0x6fb10
 795000: system.cpu: T0 : 0x1a9c0    : c_sd a5, 16(a5)            : MemWrite :  D=0x000000000006faf8 A=0x6fb08
 795500: system.cpu: T0 : 0x1a9c2    : c_addi a5, 16              : IntAlu :  D=0x000000000006fb08
 796000: system.cpu: T0 : 0x1a9c4    : bne a4, a5, -6             : IntAlu : 
 796500: system.cpu: T0 : 0x1a9be    : c_sd a5, 24(a5)            : MemWrite :  D=0x000000000006fb08 A=0x6fb20
 797000: system.cpu: T0 : 0x1a9c0    : c_sd a5, 16(a5)            : MemWrite :  D=0x000000000006fb08 A=0x6fb18
 797500: system.cpu: T0 : 0x1a9c2    : c_addi a5, 16              : IntAlu :  D=0x000000000006fb18
 798000: system.cpu: T0 : 0x1a9c4    : bne a4, a5, -6             : IntAlu : 
 798500: system.cpu: T0 : 0x1a9be    : c_sd a5, 24(a5)            : MemWrite :  D=0x000000000006fb18 A=0x6fb30
 799000: system.cpu: T0 : 0x1a9c0    : c_sd a5, 16(a5)            : MemWrite :  D=0x000000000006fb18 A=0x6fb28
 799500: system.cpu: T0 : 0x1a9c2    : c_addi a5, 16              : IntAlu :  D=0x000000000006fb28
 800000: system.cpu: T0 : 0x1a9c4    : bne a4, a5, -6             : IntAlu : 
 800500: system.cpu: T0 : 0x1a9be    : c_sd a5, 24(a5)            : MemWrite :  D=0x000000000006fb28 A=0x6fb40
 801000: system.cpu: T0 : 0x1a9c0    : c_sd a5, 16(a5)            : MemWrite :  D=0x000000000006fb28 A=0x6fb38
 801500: system.cpu: T0 : 0x1a9c2    : c_addi a5, 16              : IntAlu :  D=0x000000000006fb38
 802000: system.cpu: T0 : 0x1a9c4    : bne a4, a5, -6             : IntAlu : 
 802500: system.cpu: T0 : 0x1a9be    : c_sd a5, 24(a5)            : MemWrite :  D=0x000000000006fb38 A=0x6fb50
 803000: system.cpu: T0 : 0x1a9c0    : c_sd a5, 16(a5)            : MemWrite :  D=0x000000000006fb38 A=0x6fb48
 803500: system.cpu: T0 : 0x1a9c2    : c_addi a5, 16              : IntAlu :  D=0x000000000006fb48
 804000: system.cpu: T0 : 0x1a9c4    : bne a4, a5, -6             : IntAlu : 
 804500: system.cpu: T0 : 0x1a9be    : c_sd a5, 24(a5)            : MemWrite :  D=0x000000000006fb48 A=0x6fb60
 805000: system.cpu: T0 : 0x1a9c0    : c_sd a5, 16(a5)            : MemWrite :  D=0x000000000006fb48 A=0x6fb58
 805500: system.cpu: T0 : 0x1a9c2    : c_addi a5, 16              : IntAlu :  D=0x000000000006fb58
 806000: system.cpu: T0 : 0x1a9c4    : bne a4, a5, -6             : IntAlu : 
 806500: system.cpu: T0 : 0x1a9be    : c_sd a5, 24(a5)            : MemWrite :  D=0x000000000006fb58 A=0x6fb70
 807000: system.cpu: T0 : 0x1a9c0    : c_sd a5, 16(a5)            : MemWrite :  D=0x000000000006fb58 A=0x6fb68
 807500: system.cpu: T0 : 0x1a9c2    : c_addi a5, 16              : IntAlu :  D=0x000000000006fb68
 808000: system.cpu: T0 : 0x1a9c4    : bne a4, a5, -6             : IntAlu : 
 808500: system.cpu: T0 : 0x1a9be    : c_sd a5, 24(a5)            : MemWrite :  D=0x000000000006fb68 A=0x6fb80
 809000: system.cpu: T0 : 0x1a9c0    : c_sd a5, 16(a5)            : MemWrite :  D=0x000000000006fb68 A=0x6fb78
 809500: system.cpu: T0 : 0x1a9c2    : c_addi a5, 16              : IntAlu :  D=0x000000000006fb78
 810000: system.cpu: T0 : 0x1a9c4    : bne a4, a5, -6             : IntAlu : 
 810500: system.cpu: T0 : 0x1a9be    : c_sd a5, 24(a5)            : MemWrite :  D=0x000000000006fb78 A=0x6fb90
 811000: system.cpu: T0 : 0x1a9c0    : c_sd a5, 16(a5)            : MemWrite :  D=0x000000000006fb78 A=0x6fb88
 811500: system.cpu: T0 : 0x1a9c2    : c_addi a5, 16              : IntAlu :  D=0x000000000006fb88
 812000: system.cpu: T0 : 0x1a9c4    : bne a4, a5, -6             : IntAlu : 
 812500: system.cpu: T0 : 0x1a9be    : c_sd a5, 24(a5)            : MemWrite :  D=0x000000000006fb88 A=0x6fba0
 813000: system.cpu: T0 : 0x1a9c0    : c_sd a5, 16(a5)            : MemWrite :  D=0x000000000006fb88 A=0x6fb98
 813500: system.cpu: T0 : 0x1a9c2    : c_addi a5, 16              : IntAlu :  D=0x000000000006fb98
 814000: system.cpu: T0 : 0x1a9c4    : bne a4, a5, -6             : IntAlu : 
 814500: system.cpu: T0 : 0x1a9be    : c_sd a5, 24(a5)            : MemWrite :  D=0x000000000006fb98 A=0x6fbb0
 815000: system.cpu: T0 : 0x1a9c0    : c_sd a5, 16(a5)            : MemWrite :  D=0x000000000006fb98 A=0x6fba8
 815500: system.cpu: T0 : 0x1a9c2    : c_addi a5, 16              : IntAlu :  D=0x000000000006fba8
 816000: system.cpu: T0 : 0x1a9c4    : bne a4, a5, -6             : IntAlu : 
 816500: system.cpu: T0 : 0x1a9be    : c_sd a5, 24(a5)            : MemWrite :  D=0x000000000006fba8 A=0x6fbc0
 817000: system.cpu: T0 : 0x1a9c0    : c_sd a5, 16(a5)            : MemWrite :  D=0x000000000006fba8 A=0x6fbb8
 817500: system.cpu: T0 : 0x1a9c2    : c_addi a5, 16              : IntAlu :  D=0x000000000006fbb8
 818000: system.cpu: T0 : 0x1a9c4    : bne a4, a5, -6             : IntAlu : 
 818500: system.cpu: T0 : 0x1a9be    : c_sd a5, 24(a5)            : MemWrite :  D=0x000000000006fbb8 A=0x6fbd0
 819000: system.cpu: T0 : 0x1a9c0    : c_sd a5, 16(a5)            : MemWrite :  D=0x000000000006fbb8 A=0x6fbc8
 819500: system.cpu: T0 : 0x1a9c2    : c_addi a5, 16              : IntAlu :  D=0x000000000006fbc8
 820000: system.cpu: T0 : 0x1a9c4    : bne a4, a5, -6             : IntAlu : 
 820500: system.cpu: T0 : 0x1a9be    : c_sd a5, 24(a5)            : MemWrite :  D=0x000000000006fbc8 A=0x6fbe0
 821000: system.cpu: T0 : 0x1a9c0    : c_sd a5, 16(a5)            : MemWrite :  D=0x000000000006fbc8 A=0x6fbd8
 821500: system.cpu: T0 : 0x1a9c2    : c_addi a5, 16              : IntAlu :  D=0x000000000006fbd8
 822000: system.cpu: T0 : 0x1a9c4    : bne a4, a5, -6             : IntAlu : 
 822500: system.cpu: T0 : 0x1a9be    : c_sd a5, 24(a5)            : MemWrite :  D=0x000000000006fbd8 A=0x6fbf0
 823000: system.cpu: T0 : 0x1a9c0    : c_sd a5, 16(a5)            : MemWrite :  D=0x000000000006fbd8 A=0x6fbe8
 823500: system.cpu: T0 : 0x1a9c2    : c_addi a5, 16              : IntAlu :  D=0x000000000006fbe8
 824000: system.cpu: T0 : 0x1a9c4    : bne a4, a5, -6             : IntAlu : 
 824500: system.cpu: T0 : 0x1a9be    : c_sd a5, 24(a5)            : MemWrite :  D=0x000000000006fbe8 A=0x6fc00
 825000: system.cpu: T0 : 0x1a9c0    : c_sd a5, 16(a5)            : MemWrite :  D=0x000000000006fbe8 A=0x6fbf8
 825500: system.cpu: T0 : 0x1a9c2    : c_addi a5, 16              : IntAlu :  D=0x000000000006fbf8
 826000: system.cpu: T0 : 0x1a9c4    : bne a4, a5, -6             : IntAlu : 
 826500: system.cpu: T0 : 0x1a9be    : c_sd a5, 24(a5)            : MemWrite :  D=0x000000000006fbf8 A=0x6fc10
 827000: system.cpu: T0 : 0x1a9c0    : c_sd a5, 16(a5)            : MemWrite :  D=0x000000000006fbf8 A=0x6fc08
 827500: system.cpu: T0 : 0x1a9c2    : c_addi a5, 16              : IntAlu :  D=0x000000000006fc08
 828000: system.cpu: T0 : 0x1a9c4    : bne a4, a5, -6             : IntAlu : 
 828500: system.cpu: T0 : 0x1a9be    : c_sd a5, 24(a5)            : MemWrite :  D=0x000000000006fc08 A=0x6fc20
 829000: system.cpu: T0 : 0x1a9c0    : c_sd a5, 16(a5)            : MemWrite :  D=0x000000000006fc08 A=0x6fc18
 829500: system.cpu: T0 : 0x1a9c2    : c_addi a5, 16              : IntAlu :  D=0x000000000006fc18
 830000: system.cpu: T0 : 0x1a9c4    : bne a4, a5, -6             : IntAlu : 
 830500: system.cpu: T0 : 0x1a9be    : c_sd a5, 24(a5)            : MemWrite :  D=0x000000000006fc18 A=0x6fc30
 831000: system.cpu: T0 : 0x1a9c0    : c_sd a5, 16(a5)            : MemWrite :  D=0x000000000006fc18 A=0x6fc28
 831500: system.cpu: T0 : 0x1a9c2    : c_addi a5, 16              : IntAlu :  D=0x000000000006fc28
 832000: system.cpu: T0 : 0x1a9c4    : bne a4, a5, -6             : IntAlu : 
 832500: system.cpu: T0 : 0x1a9be    : c_sd a5, 24(a5)            : MemWrite :  D=0x000000000006fc28 A=0x6fc40
 833000: system.cpu: T0 : 0x1a9c0    : c_sd a5, 16(a5)            : MemWrite :  D=0x000000000006fc28 A=0x6fc38
 833500: system.cpu: T0 : 0x1a9c2    : c_addi a5, 16              : IntAlu :  D=0x000000000006fc38
 834000: system.cpu: T0 : 0x1a9c4    : bne a4, a5, -6             : IntAlu : 
 834500: system.cpu: T0 : 0x1a9be    : c_sd a5, 24(a5)            : MemWrite :  D=0x000000000006fc38 A=0x6fc50
 835000: system.cpu: T0 : 0x1a9c0    : c_sd a5, 16(a5)            : MemWrite :  D=0x000000000006fc38 A=0x6fc48
 835500: system.cpu: T0 : 0x1a9c2    : c_addi a5, 16              : IntAlu :  D=0x000000000006fc48
 836000: system.cpu: T0 : 0x1a9c4    : bne a4, a5, -6             : IntAlu : 
 836500: system.cpu: T0 : 0x1a9be    : c_sd a5, 24(a5)            : MemWrite :  D=0x000000000006fc48 A=0x6fc60
 837000: system.cpu: T0 : 0x1a9c0    : c_sd a5, 16(a5)            : MemWrite :  D=0x000000000006fc48 A=0x6fc58
 837500: system.cpu: T0 : 0x1a9c2    : c_addi a5, 16              : IntAlu :  D=0x000000000006fc58
 838000: system.cpu: T0 : 0x1a9c4    : bne a4, a5, -6             : IntAlu : 
 838500: system.cpu: T0 : 0x1a9be    : c_sd a5, 24(a5)            : MemWrite :  D=0x000000000006fc58 A=0x6fc70
 839000: system.cpu: T0 : 0x1a9c0    : c_sd a5, 16(a5)            : MemWrite :  D=0x000000000006fc58 A=0x6fc68
 839500: system.cpu: T0 : 0x1a9c2    : c_addi a5, 16              : IntAlu :  D=0x000000000006fc68
 840000: system.cpu: T0 : 0x1a9c4    : bne a4, a5, -6             : IntAlu : 
 840500: system.cpu: T0 : 0x1a9be    : c_sd a5, 24(a5)            : MemWrite :  D=0x000000000006fc68 A=0x6fc80
 841000: system.cpu: T0 : 0x1a9c0    : c_sd a5, 16(a5)            : MemWrite :  D=0x000000000006fc68 A=0x6fc78
 841500: system.cpu: T0 : 0x1a9c2    : c_addi a5, 16              : IntAlu :  D=0x000000000006fc78
 842000: system.cpu: T0 : 0x1a9c4    : bne a4, a5, -6             : IntAlu : 
 842500: system.cpu: T0 : 0x1a9be    : c_sd a5, 24(a5)            : MemWrite :  D=0x000000000006fc78 A=0x6fc90
 843000: system.cpu: T0 : 0x1a9c0    : c_sd a5, 16(a5)            : MemWrite :  D=0x000000000006fc78 A=0x6fc88
 843500: system.cpu: T0 : 0x1a9c2    : c_addi a5, 16              : IntAlu :  D=0x000000000006fc88
 844000: system.cpu: T0 : 0x1a9c4    : bne a4, a5, -6             : IntAlu : 
 844500: system.cpu: T0 : 0x1a9be    : c_sd a5, 24(a5)            : MemWrite :  D=0x000000000006fc88 A=0x6fca0
 845000: system.cpu: T0 : 0x1a9c0    : c_sd a5, 16(a5)            : MemWrite :  D=0x000000000006fc88 A=0x6fc98
 845500: system.cpu: T0 : 0x1a9c2    : c_addi a5, 16              : IntAlu :  D=0x000000000006fc98
 846000: system.cpu: T0 : 0x1a9c4    : bne a4, a5, -6             : IntAlu : 
 846500: system.cpu: T0 : 0x1a9be    : c_sd a5, 24(a5)            : MemWrite :  D=0x000000000006fc98 A=0x6fcb0
 847000: system.cpu: T0 : 0x1a9c0    : c_sd a5, 16(a5)            : MemWrite :  D=0x000000000006fc98 A=0x6fca8
 847500: system.cpu: T0 : 0x1a9c2    : c_addi a5, 16              : IntAlu :  D=0x000000000006fca8
 848000: system.cpu: T0 : 0x1a9c4    : bne a4, a5, -6             : IntAlu : 
 848500: system.cpu: T0 : 0x1a9be    : c_sd a5, 24(a5)            : MemWrite :  D=0x000000000006fca8 A=0x6fcc0
 849000: system.cpu: T0 : 0x1a9c0    : c_sd a5, 16(a5)            : MemWrite :  D=0x000000000006fca8 A=0x6fcb8
 849500: system.cpu: T0 : 0x1a9c2    : c_addi a5, 16              : IntAlu :  D=0x000000000006fcb8
 850000: system.cpu: T0 : 0x1a9c4    : bne a4, a5, -6             : IntAlu : 
 850500: system.cpu: T0 : 0x1a9be    : c_sd a5, 24(a5)            : MemWrite :  D=0x000000000006fcb8 A=0x6fcd0
 851000: system.cpu: T0 : 0x1a9c0    : c_sd a5, 16(a5)            : MemWrite :  D=0x000000000006fcb8 A=0x6fcc8
 851500: system.cpu: T0 : 0x1a9c2    : c_addi a5, 16              : IntAlu :  D=0x000000000006fcc8
 852000: system.cpu: T0 : 0x1a9c4    : bne a4, a5, -6             : IntAlu : 
 852500: system.cpu: T0 : 0x1a9be    : c_sd a5, 24(a5)            : MemWrite :  D=0x000000000006fcc8 A=0x6fce0
 853000: system.cpu: T0 : 0x1a9c0    : c_sd a5, 16(a5)            : MemWrite :  D=0x000000000006fcc8 A=0x6fcd8
 853500: system.cpu: T0 : 0x1a9c2    : c_addi a5, 16              : IntAlu :  D=0x000000000006fcd8
 854000: system.cpu: T0 : 0x1a9c4    : bne a4, a5, -6             : IntAlu : 
 854500: system.cpu: T0 : 0x1a9be    : c_sd a5, 24(a5)            : MemWrite :  D=0x000000000006fcd8 A=0x6fcf0
 855000: system.cpu: T0 : 0x1a9c0    : c_sd a5, 16(a5)            : MemWrite :  D=0x000000000006fcd8 A=0x6fce8
 855500: system.cpu: T0 : 0x1a9c2    : c_addi a5, 16              : IntAlu :  D=0x000000000006fce8
 856000: system.cpu: T0 : 0x1a9c4    : bne a4, a5, -6             : IntAlu : 
 856500: system.cpu: T0 : 0x1a9be    : c_sd a5, 24(a5)            : MemWrite :  D=0x000000000006fce8 A=0x6fd00
 857000: system.cpu: T0 : 0x1a9c0    : c_sd a5, 16(a5)            : MemWrite :  D=0x000000000006fce8 A=0x6fcf8
 857500: system.cpu: T0 : 0x1a9c2    : c_addi a5, 16              : IntAlu :  D=0x000000000006fcf8
 858000: system.cpu: T0 : 0x1a9c4    : bne a4, a5, -6             : IntAlu : 
 858500: system.cpu: T0 : 0x1a9be    : c_sd a5, 24(a5)            : MemWrite :  D=0x000000000006fcf8 A=0x6fd10
 859000: system.cpu: T0 : 0x1a9c0    : c_sd a5, 16(a5)            : MemWrite :  D=0x000000000006fcf8 A=0x6fd08
 859500: system.cpu: T0 : 0x1a9c2    : c_addi a5, 16              : IntAlu :  D=0x000000000006fd08
 860000: system.cpu: T0 : 0x1a9c4    : bne a4, a5, -6             : IntAlu : 
 860500: system.cpu: T0 : 0x1a9be    : c_sd a5, 24(a5)            : MemWrite :  D=0x000000000006fd08 A=0x6fd20
 861000: system.cpu: T0 : 0x1a9c0    : c_sd a5, 16(a5)            : MemWrite :  D=0x000000000006fd08 A=0x6fd18
 861500: system.cpu: T0 : 0x1a9c2    : c_addi a5, 16              : IntAlu :  D=0x000000000006fd18
 862000: system.cpu: T0 : 0x1a9c4    : bne a4, a5, -6             : IntAlu : 
 862500: system.cpu: T0 : 0x1a9be    : c_sd a5, 24(a5)            : MemWrite :  D=0x000000000006fd18 A=0x6fd30
 863000: system.cpu: T0 : 0x1a9c0    : c_sd a5, 16(a5)            : MemWrite :  D=0x000000000006fd18 A=0x6fd28
 863500: system.cpu: T0 : 0x1a9c2    : c_addi a5, 16              : IntAlu :  D=0x000000000006fd28
 864000: system.cpu: T0 : 0x1a9c4    : bne a4, a5, -6             : IntAlu : 
 864500: system.cpu: T0 : 0x1a9be    : c_sd a5, 24(a5)            : MemWrite :  D=0x000000000006fd28 A=0x6fd40
 865000: system.cpu: T0 : 0x1a9c0    : c_sd a5, 16(a5)            : MemWrite :  D=0x000000000006fd28 A=0x6fd38
 865500: system.cpu: T0 : 0x1a9c2    : c_addi a5, 16              : IntAlu :  D=0x000000000006fd38
 866000: system.cpu: T0 : 0x1a9c4    : bne a4, a5, -6             : IntAlu : 
 866500: system.cpu: T0 : 0x1a9be    : c_sd a5, 24(a5)            : MemWrite :  D=0x000000000006fd38 A=0x6fd50
 867000: system.cpu: T0 : 0x1a9c0    : c_sd a5, 16(a5)            : MemWrite :  D=0x000000000006fd38 A=0x6fd48
 867500: system.cpu: T0 : 0x1a9c2    : c_addi a5, 16              : IntAlu :  D=0x000000000006fd48
 868000: system.cpu: T0 : 0x1a9c4    : bne a4, a5, -6             : IntAlu : 
 868500: system.cpu: T0 : 0x1a9be    : c_sd a5, 24(a5)            : MemWrite :  D=0x000000000006fd48 A=0x6fd60
 869000: system.cpu: T0 : 0x1a9c0    : c_sd a5, 16(a5)            : MemWrite :  D=0x000000000006fd48 A=0x6fd58
 869500: system.cpu: T0 : 0x1a9c2    : c_addi a5, 16              : IntAlu :  D=0x000000000006fd58
 870000: system.cpu: T0 : 0x1a9c4    : bne a4, a5, -6             : IntAlu : 
 870500: system.cpu: T0 : 0x1a9be    : c_sd a5, 24(a5)            : MemWrite :  D=0x000000000006fd58 A=0x6fd70
 871000: system.cpu: T0 : 0x1a9c0    : c_sd a5, 16(a5)            : MemWrite :  D=0x000000000006fd58 A=0x6fd68
 871500: system.cpu: T0 : 0x1a9c2    : c_addi a5, 16              : IntAlu :  D=0x000000000006fd68
 872000: system.cpu: T0 : 0x1a9c4    : bne a4, a5, -6             : IntAlu : 
 872500: system.cpu: T0 : 0x1a9be    : c_sd a5, 24(a5)            : MemWrite :  D=0x000000000006fd68 A=0x6fd80
 873000: system.cpu: T0 : 0x1a9c0    : c_sd a5, 16(a5)            : MemWrite :  D=0x000000000006fd68 A=0x6fd78
 873500: system.cpu: T0 : 0x1a9c2    : c_addi a5, 16              : IntAlu :  D=0x000000000006fd78
 874000: system.cpu: T0 : 0x1a9c4    : bne a4, a5, -6             : IntAlu : 
 874500: system.cpu: T0 : 0x1a9be    : c_sd a5, 24(a5)            : MemWrite :  D=0x000000000006fd78 A=0x6fd90
 875000: system.cpu: T0 : 0x1a9c0    : c_sd a5, 16(a5)            : MemWrite :  D=0x000000000006fd78 A=0x6fd88
 875500: system.cpu: T0 : 0x1a9c2    : c_addi a5, 16              : IntAlu :  D=0x000000000006fd88
 876000: system.cpu: T0 : 0x1a9c4    : bne a4, a5, -6             : IntAlu : 
 876500: system.cpu: T0 : 0x1a9be    : c_sd a5, 24(a5)            : MemWrite :  D=0x000000000006fd88 A=0x6fda0
 877000: system.cpu: T0 : 0x1a9c0    : c_sd a5, 16(a5)            : MemWrite :  D=0x000000000006fd88 A=0x6fd98
 877500: system.cpu: T0 : 0x1a9c2    : c_addi a5, 16              : IntAlu :  D=0x000000000006fd98
 878000: system.cpu: T0 : 0x1a9c4    : bne a4, a5, -6             : IntAlu : 
 878500: system.cpu: T0 : 0x1a9be    : c_sd a5, 24(a5)            : MemWrite :  D=0x000000000006fd98 A=0x6fdb0
 879000: system.cpu: T0 : 0x1a9c0    : c_sd a5, 16(a5)            : MemWrite :  D=0x000000000006fd98 A=0x6fda8
 879500: system.cpu: T0 : 0x1a9c2    : c_addi a5, 16              : IntAlu :  D=0x000000000006fda8
 880000: system.cpu: T0 : 0x1a9c4    : bne a4, a5, -6             : IntAlu : 
 880500: system.cpu: T0 : 0x1a9be    : c_sd a5, 24(a5)            : MemWrite :  D=0x000000000006fda8 A=0x6fdc0
 881000: system.cpu: T0 : 0x1a9c0    : c_sd a5, 16(a5)            : MemWrite :  D=0x000000000006fda8 A=0x6fdb8
 881500: system.cpu: T0 : 0x1a9c2    : c_addi a5, 16              : IntAlu :  D=0x000000000006fdb8
 882000: system.cpu: T0 : 0x1a9c4    : bne a4, a5, -6             : IntAlu : 
 882500: system.cpu: T0 : 0x1a9be    : c_sd a5, 24(a5)            : MemWrite :  D=0x000000000006fdb8 A=0x6fdd0
 883000: system.cpu: T0 : 0x1a9c0    : c_sd a5, 16(a5)            : MemWrite :  D=0x000000000006fdb8 A=0x6fdc8
 883500: system.cpu: T0 : 0x1a9c2    : c_addi a5, 16              : IntAlu :  D=0x000000000006fdc8
 884000: system.cpu: T0 : 0x1a9c4    : bne a4, a5, -6             : IntAlu : 
 884500: system.cpu: T0 : 0x1a9be    : c_sd a5, 24(a5)            : MemWrite :  D=0x000000000006fdc8 A=0x6fde0
 885000: system.cpu: T0 : 0x1a9c0    : c_sd a5, 16(a5)            : MemWrite :  D=0x000000000006fdc8 A=0x6fdd8
 885500: system.cpu: T0 : 0x1a9c2    : c_addi a5, 16              : IntAlu :  D=0x000000000006fdd8
 886000: system.cpu: T0 : 0x1a9c4    : bne a4, a5, -6             : IntAlu : 
 886500: system.cpu: T0 : 0x1a9be    : c_sd a5, 24(a5)            : MemWrite :  D=0x000000000006fdd8 A=0x6fdf0
 887000: system.cpu: T0 : 0x1a9c0    : c_sd a5, 16(a5)            : MemWrite :  D=0x000000000006fdd8 A=0x6fde8
 887500: system.cpu: T0 : 0x1a9c2    : c_addi a5, 16              : IntAlu :  D=0x000000000006fde8
 888000: system.cpu: T0 : 0x1a9c4    : bne a4, a5, -6             : IntAlu : 
 888500: system.cpu: T0 : 0x1a9be    : c_sd a5, 24(a5)            : MemWrite :  D=0x000000000006fde8 A=0x6fe00
 889000: system.cpu: T0 : 0x1a9c0    : c_sd a5, 16(a5)            : MemWrite :  D=0x000000000006fde8 A=0x6fdf8
 889500: system.cpu: T0 : 0x1a9c2    : c_addi a5, 16              : IntAlu :  D=0x000000000006fdf8
 890000: system.cpu: T0 : 0x1a9c4    : bne a4, a5, -6             : IntAlu : 
 890500: system.cpu: T0 : 0x1a9be    : c_sd a5, 24(a5)            : MemWrite :  D=0x000000000006fdf8 A=0x6fe10
 891000: system.cpu: T0 : 0x1a9c0    : c_sd a5, 16(a5)            : MemWrite :  D=0x000000000006fdf8 A=0x6fe08
 891500: system.cpu: T0 : 0x1a9c2    : c_addi a5, 16              : IntAlu :  D=0x000000000006fe08
 892000: system.cpu: T0 : 0x1a9c4    : bne a4, a5, -6             : IntAlu : 
 892500: system.cpu: T0 : 0x1a9be    : c_sd a5, 24(a5)            : MemWrite :  D=0x000000000006fe08 A=0x6fe20
 893000: system.cpu: T0 : 0x1a9c0    : c_sd a5, 16(a5)            : MemWrite :  D=0x000000000006fe08 A=0x6fe18
 893500: system.cpu: T0 : 0x1a9c2    : c_addi a5, 16              : IntAlu :  D=0x000000000006fe18
 894000: system.cpu: T0 : 0x1a9c4    : bne a4, a5, -6             : IntAlu : 
 894500: system.cpu: T0 : 0x1a9c8    : lui a5, 111                : IntAlu :  D=0x000000000006f000
 895000: system.cpu: T0 : 0x1a9cc    : addi a5, a5, 1480          : IntAlu :  D=0x000000000006f5c8
 895500: system.cpu: T0 : 0x1a9d0    : beq a0, a5, 24             : IntAlu : 
 896000: system.cpu: T0 : 0x1a9e8    : addi a4, zero, 128         : IntAlu :  D=0x0000000000000080
 896500: system.cpu: T0 : 0x1a9ec    : sd a4, -1376(gp)           : MemWrite :  D=0x0000000000000080 A=0x70ad8
 897000: system.cpu: T0 : 0x1a9f0    : addi a5, a0, 8             : IntAlu :  D=0x000000000006f5d0
 897500: system.cpu: T0 : 0x1a9f4    : amoswap_w zero, zero, (a5)
 897500: system.cpu: T0 : 0x1a9f4. 0 : amoswap_w[l] zero, zero, (a5) : MemRead :  D=0x0000000000000000 A=0x6f5d0
 898000: system.cpu: T0 : 0x1a9f8    : c_sd a3, 96(a0)            : MemWrite :  D=0x000000000006f628 A=0x6f628
 898500: system.cpu: T0 : 0x1a9fa    : c_jr ra                    : IntAlu : 
 899000: system.cpu: T0 : 0x1adb6    : c_lui a2, 27               : IntAlu :  D=0x000000000001b000
 899500: system.cpu: T0 : 0x1adb8    : addi a2, a2, 1284          : IntAlu :  D=0x000000000001b504
 900000: system.cpu: T0 : 0x1adbc    : c_mv a1, sp                : IntAlu :  D=0x7ffffffffffffbd0
 900500: system.cpu: T0 : 0x1adbe    : c_li a0, 19                : IntAlu :  D=0x0000000000000013
 901000: system.cpu: T0 : 0x1adc0    : jal ra, 30078              : IntAlu :  D=0x000000000001adc4
 901500: system.cpu: T0 : 0x2233e    : c_slli a0, 32              : IntAlu :  D=0x0000001300000000
 902000: system.cpu: T0 : 0x22340    : c_srli a0, 32              : IntAlu :  D=0x0000000000000013
 903000: system.cpu: T0 : 0x22342    : slli a5, a0, 3             : IntAlu :  D=0x0000000000000098
 903500: system.cpu: T0 : 0x22346    : c_sub a5, a0               : IntAlu :  D=0x0000000000000085
 904000: system.cpu: T0 : 0x22348    : lui a4, 111                : IntAlu :  D=0x000000000006f000
 904500: system.cpu: T0 : 0x2234c    : addi a4, a4, -1248         : IntAlu :  D=0x000000000006eb20
 905000: system.cpu: T0 : 0x22350    : c_slli a5, 3               : IntAlu :  D=0x0000000000000428
 905500: system.cpu: T0 : 0x22352    : c_add a5, a4               : IntAlu :  D=0x000000000006ef48
 906000: system.cpu: T0 : 0x22354    : c_lw a3, 8(a5)             : MemRead :  D=0x0000000000000000 A=0x6ef50
 906500: system.cpu: T0 : 0x22356    : c_li a6, 2                 : IntAlu :  D=0x0000000000000002
 907000: system.cpu: T0 : 0x22358    : c_ld a5, 32(a5)            : MemRead :  D=0x0000000000000000 A=0x6ef68
 908000: system.cpu: T0 : 0x2235a    : bltu a6, a3, 42            : IntAlu : 
 908500: system.cpu: T0 : 0x2235e    : c_bnez a3, 38              : IntAlu : 
 909000: system.cpu: T0 : 0x22360    : c_sw a5, 0(a1)             : MemWrite :  D=0x0000000000000000 A=0x7ffffffffffffbd0
 910000: system.cpu: T0 : 0x22362    : slli a5, a0, 3             : IntAlu :  D=0x0000000000000098
 910500: system.cpu: T0 : 0x22366    : c_sub a5, a0               : IntAlu :  D=0x0000000000000085
 911000: system.cpu: T0 : 0x22368    : c_slli a5, 3               : IntAlu :  D=0x0000000000000428
 912000: system.cpu: T0 : 0x2236a    : add a3, a4, a5             : IntAlu :  D=0x000000000006ef48
 913000: system.cpu: T0 : 0x2236e    : lbu a3, 40(a3)             : MemRead :  D=0x0000000000000000 A=0x6ef70
 913500: system.cpu: T0 : 0x22372    : c_beqz a3, 16              : IntAlu : 
 914000: system.cpu: T0 : 0x22382    : c_jr ra                    : IntAlu : 
 914500: system.cpu: T0 : 0x1adc4    : c_lui a2, 26               : IntAlu :  D=0x000000000001a000
 915500: system.cpu: T0 : 0x1adc6    : addi a2, a2, 1608          : IntAlu :  D=0x000000000001a648
 916000: system.cpu: T0 : 0x1adca    : c_mv a1, sp                : IntAlu :  D=0x7ffffffffffffbd0
 916500: system.cpu: T0 : 0x1adcc    : c_li a0, 7                 : IntAlu :  D=0x0000000000000007
 917500: system.cpu: T0 : 0x1adce    : jal ra, 30064              : IntAlu :  D=0x000000000001add2
 918000: system.cpu: T0 : 0x2233e    : c_slli a0, 32              : IntAlu :  D=0x0000000700000000
 918500: system.cpu: T0 : 0x22340    : c_srli a0, 32              : IntAlu :  D=0x0000000000000007
 919500: system.cpu: T0 : 0x22342    : slli a5, a0, 3             : IntAlu :  D=0x0000000000000038
 920000: system.cpu: T0 : 0x22346    : c_sub a5, a0               : IntAlu :  D=0x0000000000000031
 920500: system.cpu: T0 : 0x22348    : lui a4, 111                : IntAlu :  D=0x000000000006f000
 921000: system.cpu: T0 : 0x2234c    : addi a4, a4, -1248         : IntAlu :  D=0x000000000006eb20
 921500: system.cpu: T0 : 0x22350    : c_slli a5, 3               : IntAlu :  D=0x0000000000000188
 922000: system.cpu: T0 : 0x22352    : c_add a5, a4               : IntAlu :  D=0x000000000006eca8
 922500: system.cpu: T0 : 0x22354    : c_lw a3, 8(a5)             : MemRead :  D=0x0000000000000002 A=0x6ecb0
 923000: system.cpu: T0 : 0x22356    : c_li a6, 2                 : IntAlu :  D=0x0000000000000002
 923500: system.cpu: T0 : 0x22358    : c_ld a5, 32(a5)            : MemRead :  D=0x0000000000000000 A=0x6ecc8
 924500: system.cpu: T0 : 0x2235a    : bltu a6, a3, 42            : IntAlu : 
 925000: system.cpu: T0 : 0x2235e    : c_bnez a3, 38              : IntAlu : 
 925500: system.cpu: T0 : 0x22384    : c_sd a5, 0(a1)             : MemWrite :  D=0x0000000000000000 A=0x7ffffffffffffbd0
 926000: system.cpu: T0 : 0x22386    : c_j -36                    : IntAlu : 
 927000: system.cpu: T0 : 0x22362    : slli a5, a0, 3             : IntAlu :  D=0x0000000000000038
 927500: system.cpu: T0 : 0x22366    : c_sub a5, a0               : IntAlu :  D=0x0000000000000031
 928000: system.cpu: T0 : 0x22368    : c_slli a5, 3               : IntAlu :  D=0x0000000000000188
 929000: system.cpu: T0 : 0x2236a    : add a3, a4, a5             : IntAlu :  D=0x000000000006eca8
 930000: system.cpu: T0 : 0x2236e    : lbu a3, 40(a3)             : MemRead :  D=0x0000000000000000 A=0x6ecd0
 930500: system.cpu: T0 : 0x22372    : c_beqz a3, 16              : IntAlu : 
 931000: system.cpu: T0 : 0x22382    : c_jr ra                    : IntAlu : 
 931500: system.cpu: T0 : 0x1add2    : c_lui a2, 26               : IntAlu :  D=0x000000000001a000
 932000: system.cpu: T0 : 0x1add4    : addi a2, a2, 1626          : IntAlu :  D=0x000000000001a65a
 932500: system.cpu: T0 : 0x1add8    : c_mv a1, sp                : IntAlu :  D=0x7ffffffffffffbd0
 933000: system.cpu: T0 : 0x1adda    : c_li a0, 2                 : IntAlu :  D=0x0000000000000002
 933500: system.cpu: T0 : 0x1addc    : jal ra, 30050              : IntAlu :  D=0x000000000001ade0
 934000: system.cpu: T0 : 0x2233e    : c_slli a0, 32              : IntAlu :  D=0x0000000200000000
 934500: system.cpu: T0 : 0x22340    : c_srli a0, 32              : IntAlu :  D=0x0000000000000002
 935500: system.cpu: T0 : 0x22342    : slli a5, a0, 3             : IntAlu :  D=0x0000000000000010
 936000: system.cpu: T0 : 0x22346    : c_sub a5, a0               : IntAlu :  D=0x000000000000000e
 936500: system.cpu: T0 : 0x22348    : lui a4, 111                : IntAlu :  D=0x000000000006f000
 937000: system.cpu: T0 : 0x2234c    : addi a4, a4, -1248         : IntAlu :  D=0x000000000006eb20
 937500: system.cpu: T0 : 0x22350    : c_slli a5, 3               : IntAlu :  D=0x0000000000000070
 938000: system.cpu: T0 : 0x22352    : c_add a5, a4               : IntAlu :  D=0x000000000006eb90
 938500: system.cpu: T0 : 0x22354    : c_lw a3, 8(a5)             : MemRead :  D=0x0000000000000000 A=0x6eb98
 939000: system.cpu: T0 : 0x22356    : c_li a6, 2                 : IntAlu :  D=0x0000000000000002
 939500: system.cpu: T0 : 0x22358    : c_ld a5, 32(a5)            : MemRead :  D=0x0000000000000000 A=0x6ebb0
 940500: system.cpu: T0 : 0x2235a    : bltu a6, a3, 42            : IntAlu : 
 941000: system.cpu: T0 : 0x2235e    : c_bnez a3, 38              : IntAlu : 
 941500: system.cpu: T0 : 0x22360    : c_sw a5, 0(a1)             : MemWrite :  D=0x0000000000000000 A=0x7ffffffffffffbd0
 942500: system.cpu: T0 : 0x22362    : slli a5, a0, 3             : IntAlu :  D=0x0000000000000010
 943000: system.cpu: T0 : 0x22366    : c_sub a5, a0               : IntAlu :  D=0x000000000000000e
 943500: system.cpu: T0 : 0x22368    : c_slli a5, 3               : IntAlu :  D=0x0000000000000070
 944500: system.cpu: T0 : 0x2236a    : add a3, a4, a5             : IntAlu :  D=0x000000000006eb90
 945500: system.cpu: T0 : 0x2236e    : lbu a3, 40(a3)             : MemRead :  D=0x0000000000000000 A=0x6ebb8
 946000: system.cpu: T0 : 0x22372    : c_beqz a3, 16              : IntAlu : 
 946500: system.cpu: T0 : 0x22382    : c_jr ra                    : IntAlu : 
 947000: system.cpu: T0 : 0x1ade0    : c_lui a2, 26               : IntAlu :  D=0x000000000001a000
 948000: system.cpu: T0 : 0x1ade2    : addi a2, a2, 1562          : IntAlu :  D=0x000000000001a61a
 948500: system.cpu: T0 : 0x1ade6    : c_mv a1, sp                : IntAlu :  D=0x7ffffffffffffbd0
 949000: system.cpu: T0 : 0x1ade8    : c_li a0, 14                : IntAlu :  D=0x000000000000000e
 950000: system.cpu: T0 : 0x1adea    : jal ra, 30036              : IntAlu :  D=0x000000000001adee
 950500: system.cpu: T0 : 0x2233e    : c_slli a0, 32              : IntAlu :  D=0x0000000e00000000
 951000: system.cpu: T0 : 0x22340    : c_srli a0, 32              : IntAlu :  D=0x000000000000000e
 952000: system.cpu: T0 : 0x22342    : slli a5, a0, 3             : IntAlu :  D=0x0000000000000070
 952500: system.cpu: T0 : 0x22346    : c_sub a5, a0               : IntAlu :  D=0x0000000000000062
 953000: system.cpu: T0 : 0x22348    : lui a4, 111                : IntAlu :  D=0x000000000006f000
 953500: system.cpu: T0 : 0x2234c    : addi a4, a4, -1248         : IntAlu :  D=0x000000000006eb20
 954000: system.cpu: T0 : 0x22350    : c_slli a5, 3               : IntAlu :  D=0x0000000000000310
 954500: system.cpu: T0 : 0x22352    : c_add a5, a4               : IntAlu :  D=0x000000000006ee30
 955000: system.cpu: T0 : 0x22354    : c_lw a3, 8(a5)             : MemRead :  D=0x0000000000000002 A=0x6ee38
 955500: system.cpu: T0 : 0x22356    : c_li a6, 2                 : IntAlu :  D=0x0000000000000002
 956000: system.cpu: T0 : 0x22358    : c_ld a5, 32(a5)            : MemRead :  D=0x0000000000000000 A=0x6ee50
 957000: system.cpu: T0 : 0x2235a    : bltu a6, a3, 42            : IntAlu : 
 957500: system.cpu: T0 : 0x2235e    : c_bnez a3, 38              : IntAlu : 
 958000: system.cpu: T0 : 0x22384    : c_sd a5, 0(a1)             : MemWrite :  D=0x0000000000000000 A=0x7ffffffffffffbd0
 958500: system.cpu: T0 : 0x22386    : c_j -36                    : IntAlu : 
 959500: system.cpu: T0 : 0x22362    : slli a5, a0, 3             : IntAlu :  D=0x0000000000000070
 960000: system.cpu: T0 : 0x22366    : c_sub a5, a0               : IntAlu :  D=0x0000000000000062
 960500: system.cpu: T0 : 0x22368    : c_slli a5, 3               : IntAlu :  D=0x0000000000000310
 961500: system.cpu: T0 : 0x2236a    : add a3, a4, a5             : IntAlu :  D=0x000000000006ee30
 962500: system.cpu: T0 : 0x2236e    : lbu a3, 40(a3)             : MemRead :  D=0x0000000000000000 A=0x6ee58
 963000: system.cpu: T0 : 0x22372    : c_beqz a3, 16              : IntAlu : 
 963500: system.cpu: T0 : 0x22382    : c_jr ra                    : IntAlu : 
 964000: system.cpu: T0 : 0x1adee    : c_lui a2, 26               : IntAlu :  D=0x000000000001a000
 964500: system.cpu: T0 : 0x1adf0    : addi a2, a2, 1634          : IntAlu :  D=0x000000000001a662
 965000: system.cpu: T0 : 0x1adf4    : c_mv a1, sp                : IntAlu :  D=0x7ffffffffffffbd0
 965500: system.cpu: T0 : 0x1adf6    : c_li a0, 1                 : IntAlu :  D=0x0000000000000001
 966000: system.cpu: T0 : 0x1adf8    : jal ra, 30022              : IntAlu :  D=0x000000000001adfc
 966500: system.cpu: T0 : 0x2233e    : c_slli a0, 32              : IntAlu :  D=0x0000000100000000
 967000: system.cpu: T0 : 0x22340    : c_srli a0, 32              : IntAlu :  D=0x0000000000000001
 968000: system.cpu: T0 : 0x22342    : slli a5, a0, 3             : IntAlu :  D=0x0000000000000008
 968500: system.cpu: T0 : 0x22346    : c_sub a5, a0               : IntAlu :  D=0x0000000000000007
 969000: system.cpu: T0 : 0x22348    : lui a4, 111                : IntAlu :  D=0x000000000006f000
 969500: system.cpu: T0 : 0x2234c    : addi a4, a4, -1248         : IntAlu :  D=0x000000000006eb20
 970000: system.cpu: T0 : 0x22350    : c_slli a5, 3               : IntAlu :  D=0x0000000000000038
 970500: system.cpu: T0 : 0x22352    : c_add a5, a4               : IntAlu :  D=0x000000000006eb58
 971000: system.cpu: T0 : 0x22354    : c_lw a3, 8(a5)             : MemRead :  D=0x0000000000000002 A=0x6eb60
 971500: system.cpu: T0 : 0x22356    : c_li a6, 2                 : IntAlu :  D=0x0000000000000002
 972000: system.cpu: T0 : 0x22358    : c_ld a5, 32(a5)            : MemRead :  D=0x0000000000000000 A=0x6eb78
 973000: system.cpu: T0 : 0x2235a    : bltu a6, a3, 42            : IntAlu : 
 973500: system.cpu: T0 : 0x2235e    : c_bnez a3, 38              : IntAlu : 
 974000: system.cpu: T0 : 0x22384    : c_sd a5, 0(a1)             : MemWrite :  D=0x0000000000000000 A=0x7ffffffffffffbd0
 974500: system.cpu: T0 : 0x22386    : c_j -36                    : IntAlu : 
 975500: system.cpu: T0 : 0x22362    : slli a5, a0, 3             : IntAlu :  D=0x0000000000000008
 976000: system.cpu: T0 : 0x22366    : c_sub a5, a0               : IntAlu :  D=0x0000000000000007
 976500: system.cpu: T0 : 0x22368    : c_slli a5, 3               : IntAlu :  D=0x0000000000000038
 977500: system.cpu: T0 : 0x2236a    : add a3, a4, a5             : IntAlu :  D=0x000000000006eb58
 978500: system.cpu: T0 : 0x2236e    : lbu a3, 40(a3)             : MemRead :  D=0x0000000000000000 A=0x6eb80
 979000: system.cpu: T0 : 0x22372    : c_beqz a3, 16              : IntAlu : 
 979500: system.cpu: T0 : 0x22382    : c_jr ra                    : IntAlu : 
 980000: system.cpu: T0 : 0x1adfc    : c_lui a2, 26               : IntAlu :  D=0x000000000001a000
 981000: system.cpu: T0 : 0x1adfe    : addi a2, a2, 1590          : IntAlu :  D=0x000000000001a636
 981500: system.cpu: T0 : 0x1ae02    : c_mv a1, sp                : IntAlu :  D=0x7ffffffffffffbd0
 982000: system.cpu: T0 : 0x1ae04    : c_li a0, 9                 : IntAlu :  D=0x0000000000000009
 983000: system.cpu: T0 : 0x1ae06    : jal ra, 30008              : IntAlu :  D=0x000000000001ae0a
 983500: system.cpu: T0 : 0x2233e    : c_slli a0, 32              : IntAlu :  D=0x0000000900000000
 984000: system.cpu: T0 : 0x22340    : c_srli a0, 32              : IntAlu :  D=0x0000000000000009
 985000: system.cpu: T0 : 0x22342    : slli a5, a0, 3             : IntAlu :  D=0x0000000000000048
 985500: system.cpu: T0 : 0x22346    : c_sub a5, a0               : IntAlu :  D=0x000000000000003f
 986000: system.cpu: T0 : 0x22348    : lui a4, 111                : IntAlu :  D=0x000000000006f000
 986500: system.cpu: T0 : 0x2234c    : addi a4, a4, -1248         : IntAlu :  D=0x000000000006eb20
 987000: system.cpu: T0 : 0x22350    : c_slli a5, 3               : IntAlu :  D=0x00000000000001f8
 987500: system.cpu: T0 : 0x22352    : c_add a5, a4               : IntAlu :  D=0x000000000006ed18
 988000: system.cpu: T0 : 0x22354    : c_lw a3, 8(a5)             : MemRead :  D=0x0000000000000000 A=0x6ed20
 988500: system.cpu: T0 : 0x22356    : c_li a6, 2                 : IntAlu :  D=0x0000000000000002
 989000: system.cpu: T0 : 0x22358    : c_ld a5, 32(a5)            : MemRead :  D=0x0000000000000000 A=0x6ed38
 990000: system.cpu: T0 : 0x2235a    : bltu a6, a3, 42            : IntAlu : 
 990500: system.cpu: T0 : 0x2235e    : c_bnez a3, 38              : IntAlu : 
 991000: system.cpu: T0 : 0x22360    : c_sw a5, 0(a1)             : MemWrite :  D=0x0000000000000000 A=0x7ffffffffffffbd0
 992000: system.cpu: T0 : 0x22362    : slli a5, a0, 3             : IntAlu :  D=0x0000000000000048
 992500: system.cpu: T0 : 0x22366    : c_sub a5, a0               : IntAlu :  D=0x000000000000003f
 993000: system.cpu: T0 : 0x22368    : c_slli a5, 3               : IntAlu :  D=0x00000000000001f8
 994000: system.cpu: T0 : 0x2236a    : add a3, a4, a5             : IntAlu :  D=0x000000000006ed18
 995000: system.cpu: T0 : 0x2236e    : lbu a3, 40(a3)             : MemRead :  D=0x0000000000000000 A=0x6ed40
 995500: system.cpu: T0 : 0x22372    : c_beqz a3, 16              : IntAlu : 
 996000: system.cpu: T0 : 0x22382    : c_jr ra                    : IntAlu : 
 996500: system.cpu: T0 : 0x1ae0a    : c_lui a2, 26               : IntAlu :  D=0x000000000001a000
 997000: system.cpu: T0 : 0x1ae0c    : addi a2, a2, 1652          : IntAlu :  D=0x000000000001a674
 997500: system.cpu: T0 : 0x1ae10    : c_mv a1, sp                : IntAlu :  D=0x7ffffffffffffbd0
 998000: system.cpu: T0 : 0x1ae12    : c_li a0, 13                : IntAlu :  D=0x000000000000000d
 998500: system.cpu: T0 : 0x1ae14    : jal ra, 29994              : IntAlu :  D=0x000000000001ae18
 999000: system.cpu: T0 : 0x2233e    : c_slli a0, 32              : IntAlu :  D=0x0000000d00000000
 999500: system.cpu: T0 : 0x22340    : c_srli a0, 32              : IntAlu :  D=0x000000000000000d
1000500: system.cpu: T0 : 0x22342    : slli a5, a0, 3             : IntAlu :  D=0x0000000000000068
1001000: system.cpu: T0 : 0x22346    : c_sub a5, a0               : IntAlu :  D=0x000000000000005b
1001500: system.cpu: T0 : 0x22348    : lui a4, 111                : IntAlu :  D=0x000000000006f000
1002000: system.cpu: T0 : 0x2234c    : addi a4, a4, -1248         : IntAlu :  D=0x000000000006eb20
1002500: system.cpu: T0 : 0x22350    : c_slli a5, 3               : IntAlu :  D=0x00000000000002d8
1003000: system.cpu: T0 : 0x22352    : c_add a5, a4               : IntAlu :  D=0x000000000006edf8
1003500: system.cpu: T0 : 0x22354    : c_lw a3, 8(a5)             : MemRead :  D=0x0000000000000002 A=0x6ee00
1004000: system.cpu: T0 : 0x22356    : c_li a6, 2                 : IntAlu :  D=0x0000000000000002
1004500: system.cpu: T0 : 0x22358    : c_ld a5, 32(a5)            : MemRead :  D=0x0000000000000000 A=0x6ee18
1005500: system.cpu: T0 : 0x2235a    : bltu a6, a3, 42            : IntAlu : 
1006000: system.cpu: T0 : 0x2235e    : c_bnez a3, 38              : IntAlu : 
1006500: system.cpu: T0 : 0x22384    : c_sd a5, 0(a1)             : MemWrite :  D=0x0000000000000000 A=0x7ffffffffffffbd0
1007000: system.cpu: T0 : 0x22386    : c_j -36                    : IntAlu : 
1008000: system.cpu: T0 : 0x22362    : slli a5, a0, 3             : IntAlu :  D=0x0000000000000068
1008500: system.cpu: T0 : 0x22366    : c_sub a5, a0               : IntAlu :  D=0x000000000000005b
1009000: system.cpu: T0 : 0x22368    : c_slli a5, 3               : IntAlu :  D=0x00000000000002d8
1010000: system.cpu: T0 : 0x2236a    : add a3, a4, a5             : IntAlu :  D=0x000000000006edf8
1011000: system.cpu: T0 : 0x2236e    : lbu a3, 40(a3)             : MemRead :  D=0x0000000000000000 A=0x6ee20
1011500: system.cpu: T0 : 0x22372    : c_beqz a3, 16              : IntAlu : 
1012000: system.cpu: T0 : 0x22382    : c_jr ra                    : IntAlu : 
1012500: system.cpu: T0 : 0x1ae18    : c_lui a2, 26               : IntAlu :  D=0x000000000001a000
1013500: system.cpu: T0 : 0x1ae1a    : addi a2, a2, 1664          : IntAlu :  D=0x000000000001a680
1014000: system.cpu: T0 : 0x1ae1e    : c_mv a1, sp                : IntAlu :  D=0x7ffffffffffffbd0
1014500: system.cpu: T0 : 0x1ae20    : c_li a0, 16                : IntAlu :  D=0x0000000000000010
1015500: system.cpu: T0 : 0x1ae22    : jal ra, 29980              : IntAlu :  D=0x000000000001ae26
1016000: system.cpu: T0 : 0x2233e    : c_slli a0, 32              : IntAlu :  D=0x0000001000000000
1016500: system.cpu: T0 : 0x22340    : c_srli a0, 32              : IntAlu :  D=0x0000000000000010
1017500: system.cpu: T0 : 0x22342    : slli a5, a0, 3             : IntAlu :  D=0x0000000000000080
1018000: system.cpu: T0 : 0x22346    : c_sub a5, a0               : IntAlu :  D=0x0000000000000070
1018500: system.cpu: T0 : 0x22348    : lui a4, 111                : IntAlu :  D=0x000000000006f000
1019000: system.cpu: T0 : 0x2234c    : addi a4, a4, -1248         : IntAlu :  D=0x000000000006eb20
1019500: system.cpu: T0 : 0x22350    : c_slli a5, 3               : IntAlu :  D=0x0000000000000380
1020000: system.cpu: T0 : 0x22352    : c_add a5, a4               : IntAlu :  D=0x000000000006eea0
1020500: system.cpu: T0 : 0x22354    : c_lw a3, 8(a5)             : MemRead :  D=0x0000000000000002 A=0x6eea8
1021000: system.cpu: T0 : 0x22356    : c_li a6, 2                 : IntAlu :  D=0x0000000000000002
1021500: system.cpu: T0 : 0x22358    : c_ld a5, 32(a5)            : MemRead :  D=0x0000000000000000 A=0x6eec0
1022500: system.cpu: T0 : 0x2235a    : bltu a6, a3, 42            : IntAlu : 
1023000: system.cpu: T0 : 0x2235e    : c_bnez a3, 38              : IntAlu : 
1023500: system.cpu: T0 : 0x22384    : c_sd a5, 0(a1)             : MemWrite :  D=0x0000000000000000 A=0x7ffffffffffffbd0
1024000: system.cpu: T0 : 0x22386    : c_j -36                    : IntAlu : 
1025000: system.cpu: T0 : 0x22362    : slli a5, a0, 3             : IntAlu :  D=0x0000000000000080
1025500: system.cpu: T0 : 0x22366    : c_sub a5, a0               : IntAlu :  D=0x0000000000000070
1026000: system.cpu: T0 : 0x22368    : c_slli a5, 3               : IntAlu :  D=0x0000000000000380
1027000: system.cpu: T0 : 0x2236a    : add a3, a4, a5             : IntAlu :  D=0x000000000006eea0
1028000: system.cpu: T0 : 0x2236e    : lbu a3, 40(a3)             : MemRead :  D=0x0000000000000000 A=0x6eec8
1028500: system.cpu: T0 : 0x22372    : c_beqz a3, 16              : IntAlu : 
1029000: system.cpu: T0 : 0x22382    : c_jr ra                    : IntAlu : 
1029500: system.cpu: T0 : 0x1ae26    : c_lui a2, 26               : IntAlu :  D=0x000000000001a000
1030000: system.cpu: T0 : 0x1ae28    : addi a2, a2, 1676          : IntAlu :  D=0x000000000001a68c
1030500: system.cpu: T0 : 0x1ae2c    : c_mv a1, sp                : IntAlu :  D=0x7ffffffffffffbd0
1031000: system.cpu: T0 : 0x1ae2e    : c_li a0, 18                : IntAlu :  D=0x0000000000000012
1031500: system.cpu: T0 : 0x1ae30    : jal ra, 29966              : IntAlu :  D=0x000000000001ae34
1032000: system.cpu: T0 : 0x2233e    : c_slli a0, 32              : IntAlu :  D=0x0000001200000000
1032500: system.cpu: T0 : 0x22340    : c_srli a0, 32              : IntAlu :  D=0x0000000000000012
1033500: system.cpu: T0 : 0x22342    : slli a5, a0, 3             : IntAlu :  D=0x0000000000000090
1034000: system.cpu: T0 : 0x22346    : c_sub a5, a0               : IntAlu :  D=0x000000000000007e
1034500: system.cpu: T0 : 0x22348    : lui a4, 111                : IntAlu :  D=0x000000000006f000
1035000: system.cpu: T0 : 0x2234c    : addi a4, a4, -1248         : IntAlu :  D=0x000000000006eb20
1035500: system.cpu: T0 : 0x22350    : c_slli a5, 3               : IntAlu :  D=0x00000000000003f0
1036000: system.cpu: T0 : 0x22352    : c_add a5, a4               : IntAlu :  D=0x000000000006ef10
1036500: system.cpu: T0 : 0x22354    : c_lw a3, 8(a5)             : MemRead :  D=0x0000000000000002 A=0x6ef18
1037000: system.cpu: T0 : 0x22356    : c_li a6, 2                 : IntAlu :  D=0x0000000000000002
1037500: system.cpu: T0 : 0x22358    : c_ld a5, 32(a5)            : MemRead :  D=0x0000000000000000 A=0x6ef30
1038500: system.cpu: T0 : 0x2235a    : bltu a6, a3, 42            : IntAlu : 
1039000: system.cpu: T0 : 0x2235e    : c_bnez a3, 38              : IntAlu : 
1039500: system.cpu: T0 : 0x22384    : c_sd a5, 0(a1)             : MemWrite :  D=0x0000000000000000 A=0x7ffffffffffffbd0
1040000: system.cpu: T0 : 0x22386    : c_j -36                    : IntAlu : 
1041000: system.cpu: T0 : 0x22362    : slli a5, a0, 3             : IntAlu :  D=0x0000000000000090
1041500: system.cpu: T0 : 0x22366    : c_sub a5, a0               : IntAlu :  D=0x000000000000007e
1042000: system.cpu: T0 : 0x22368    : c_slli a5, 3               : IntAlu :  D=0x00000000000003f0
1043000: system.cpu: T0 : 0x2236a    : add a3, a4, a5             : IntAlu :  D=0x000000000006ef10
1044000: system.cpu: T0 : 0x2236e    : lbu a3, 40(a3)             : MemRead :  D=0x0000000000000000 A=0x6ef38
1044500: system.cpu: T0 : 0x22372    : c_beqz a3, 16              : IntAlu : 
1045000: system.cpu: T0 : 0x22382    : c_jr ra                    : IntAlu : 
1045500: system.cpu: T0 : 0x1ae34    : c_lui a2, 26               : IntAlu :  D=0x000000000001a000
1046500: system.cpu: T0 : 0x1ae36    : addi a2, a2, 1722          : IntAlu :  D=0x000000000001a6ba
1047000: system.cpu: T0 : 0x1ae3a    : c_mv a1, sp                : IntAlu :  D=0x7ffffffffffffbd0
1047500: system.cpu: T0 : 0x1ae3c    : c_li a0, 15                : IntAlu :  D=0x000000000000000f
1048500: system.cpu: T0 : 0x1ae3e    : jal ra, 29952              : IntAlu :  D=0x000000000001ae42
1049000: system.cpu: T0 : 0x2233e    : c_slli a0, 32              : IntAlu :  D=0x0000000f00000000
1049500: system.cpu: T0 : 0x22340    : c_srli a0, 32              : IntAlu :  D=0x000000000000000f
1050500: system.cpu: T0 : 0x22342    : slli a5, a0, 3             : IntAlu :  D=0x0000000000000078
1051000: system.cpu: T0 : 0x22346    : c_sub a5, a0               : IntAlu :  D=0x0000000000000069
1051500: system.cpu: T0 : 0x22348    : lui a4, 111                : IntAlu :  D=0x000000000006f000
1052000: system.cpu: T0 : 0x2234c    : addi a4, a4, -1248         : IntAlu :  D=0x000000000006eb20
1052500: system.cpu: T0 : 0x22350    : c_slli a5, 3               : IntAlu :  D=0x0000000000000348
1053000: system.cpu: T0 : 0x22352    : c_add a5, a4               : IntAlu :  D=0x000000000006ee68
1053500: system.cpu: T0 : 0x22354    : c_lw a3, 8(a5)             : MemRead :  D=0x0000000000000002 A=0x6ee70
1054000: system.cpu: T0 : 0x22356    : c_li a6, 2                 : IntAlu :  D=0x0000000000000002
1054500: system.cpu: T0 : 0x22358    : c_ld a5, 32(a5)            : MemRead :  D=0x0000000000000000 A=0x6ee88
1055500: system.cpu: T0 : 0x2235a    : bltu a6, a3, 42            : IntAlu : 
1056000: system.cpu: T0 : 0x2235e    : c_bnez a3, 38              : IntAlu : 
1056500: system.cpu: T0 : 0x22384    : c_sd a5, 0(a1)             : MemWrite :  D=0x0000000000000000 A=0x7ffffffffffffbd0
1057000: system.cpu: T0 : 0x22386    : c_j -36                    : IntAlu : 
1058000: system.cpu: T0 : 0x22362    : slli a5, a0, 3             : IntAlu :  D=0x0000000000000078
1058500: system.cpu: T0 : 0x22366    : c_sub a5, a0               : IntAlu :  D=0x0000000000000069
1059000: system.cpu: T0 : 0x22368    : c_slli a5, 3               : IntAlu :  D=0x0000000000000348
1060000: system.cpu: T0 : 0x2236a    : add a3, a4, a5             : IntAlu :  D=0x000000000006ee68
1061000: system.cpu: T0 : 0x2236e    : lbu a3, 40(a3)             : MemRead :  D=0x0000000000000000 A=0x6ee90
1061500: system.cpu: T0 : 0x22372    : c_beqz a3, 16              : IntAlu : 
1062000: system.cpu: T0 : 0x22382    : c_jr ra                    : IntAlu : 
1062500: system.cpu: T0 : 0x1ae42    : c_lui a2, 26               : IntAlu :  D=0x000000000001a000
1063000: system.cpu: T0 : 0x1ae44    : addi a2, a2, 1742          : IntAlu :  D=0x000000000001a6ce
1063500: system.cpu: T0 : 0x1ae48    : c_mv a1, sp                : IntAlu :  D=0x7ffffffffffffbd0
1064000: system.cpu: T0 : 0x1ae4a    : c_li a0, 11                : IntAlu :  D=0x000000000000000b
1064500: system.cpu: T0 : 0x1ae4c    : jal ra, 29938              : IntAlu :  D=0x000000000001ae50
1065000: system.cpu: T0 : 0x2233e    : c_slli a0, 32              : IntAlu :  D=0x0000000b00000000
1065500: system.cpu: T0 : 0x22340    : c_srli a0, 32              : IntAlu :  D=0x000000000000000b
1066500: system.cpu: T0 : 0x22342    : slli a5, a0, 3             : IntAlu :  D=0x0000000000000058
1067000: system.cpu: T0 : 0x22346    : c_sub a5, a0               : IntAlu :  D=0x000000000000004d
1067500: system.cpu: T0 : 0x22348    : lui a4, 111                : IntAlu :  D=0x000000000006f000
1068000: system.cpu: T0 : 0x2234c    : addi a4, a4, -1248         : IntAlu :  D=0x000000000006eb20
1068500: system.cpu: T0 : 0x22350    : c_slli a5, 3               : IntAlu :  D=0x0000000000000268
1069000: system.cpu: T0 : 0x22352    : c_add a5, a4               : IntAlu :  D=0x000000000006ed88
1069500: system.cpu: T0 : 0x22354    : c_lw a3, 8(a5)             : MemRead :  D=0x0000000000000002 A=0x6ed90
1070000: system.cpu: T0 : 0x22356    : c_li a6, 2                 : IntAlu :  D=0x0000000000000002
1070500: system.cpu: T0 : 0x22358    : c_ld a5, 32(a5)            : MemRead :  D=0x0000000000000000 A=0x6eda8
1071500: system.cpu: T0 : 0x2235a    : bltu a6, a3, 42            : IntAlu : 
1072000: system.cpu: T0 : 0x2235e    : c_bnez a3, 38              : IntAlu : 
1072500: system.cpu: T0 : 0x22384    : c_sd a5, 0(a1)             : MemWrite :  D=0x0000000000000000 A=0x7ffffffffffffbd0
1073000: system.cpu: T0 : 0x22386    : c_j -36                    : IntAlu : 
1074000: system.cpu: T0 : 0x22362    : slli a5, a0, 3             : IntAlu :  D=0x0000000000000058
1074500: system.cpu: T0 : 0x22366    : c_sub a5, a0               : IntAlu :  D=0x000000000000004d
1075000: system.cpu: T0 : 0x22368    : c_slli a5, 3               : IntAlu :  D=0x0000000000000268
1076000: system.cpu: T0 : 0x2236a    : add a3, a4, a5             : IntAlu :  D=0x000000000006ed88
1077000: system.cpu: T0 : 0x2236e    : lbu a3, 40(a3)             : MemRead :  D=0x0000000000000000 A=0x6edb0
1077500: system.cpu: T0 : 0x22372    : c_beqz a3, 16              : IntAlu : 
1078000: system.cpu: T0 : 0x22382    : c_jr ra                    : IntAlu : 
1078500: system.cpu: T0 : 0x1ae50    : c_lui a2, 26               : IntAlu :  D=0x000000000001a000
1079500: system.cpu: T0 : 0x1ae52    : addi a2, a2, 1754          : IntAlu :  D=0x000000000001a6da
1080000: system.cpu: T0 : 0x1ae56    : c_mv a1, sp                : IntAlu :  D=0x7ffffffffffffbd0
1080500: system.cpu: T0 : 0x1ae58    : c_li a0, 5                 : IntAlu :  D=0x0000000000000005
1081500: system.cpu: T0 : 0x1ae5a    : jal ra, 29924              : IntAlu :  D=0x000000000001ae5e
1082000: system.cpu: T0 : 0x2233e    : c_slli a0, 32              : IntAlu :  D=0x0000000500000000
1082500: system.cpu: T0 : 0x22340    : c_srli a0, 32              : IntAlu :  D=0x0000000000000005
1083500: system.cpu: T0 : 0x22342    : slli a5, a0, 3             : IntAlu :  D=0x0000000000000028
1084000: system.cpu: T0 : 0x22346    : c_sub a5, a0               : IntAlu :  D=0x0000000000000023
1084500: system.cpu: T0 : 0x22348    : lui a4, 111                : IntAlu :  D=0x000000000006f000
1085000: system.cpu: T0 : 0x2234c    : addi a4, a4, -1248         : IntAlu :  D=0x000000000006eb20
1085500: system.cpu: T0 : 0x22350    : c_slli a5, 3               : IntAlu :  D=0x0000000000000118
1086000: system.cpu: T0 : 0x22352    : c_add a5, a4               : IntAlu :  D=0x000000000006ec38
1086500: system.cpu: T0 : 0x22354    : c_lw a3, 8(a5)             : MemRead :  D=0x0000000000000002 A=0x6ec40
1087000: system.cpu: T0 : 0x22356    : c_li a6, 2                 : IntAlu :  D=0x0000000000000002
1087500: system.cpu: T0 : 0x22358    : c_ld a5, 32(a5)            : MemRead :  D=0x0000000000000000 A=0x6ec58
1088500: system.cpu: T0 : 0x2235a    : bltu a6, a3, 42            : IntAlu : 
1089000: system.cpu: T0 : 0x2235e    : c_bnez a3, 38              : IntAlu : 
1089500: system.cpu: T0 : 0x22384    : c_sd a5, 0(a1)             : MemWrite :  D=0x0000000000000000 A=0x7ffffffffffffbd0
1090000: system.cpu: T0 : 0x22386    : c_j -36                    : IntAlu : 
1091000: system.cpu: T0 : 0x22362    : slli a5, a0, 3             : IntAlu :  D=0x0000000000000028
1091500: system.cpu: T0 : 0x22366    : c_sub a5, a0               : IntAlu :  D=0x0000000000000023
1092000: system.cpu: T0 : 0x22368    : c_slli a5, 3               : IntAlu :  D=0x0000000000000118
1093000: system.cpu: T0 : 0x2236a    : add a3, a4, a5             : IntAlu :  D=0x000000000006ec38
1094000: system.cpu: T0 : 0x2236e    : lbu a3, 40(a3)             : MemRead :  D=0x0000000000000000 A=0x6ec60
1094500: system.cpu: T0 : 0x22372    : c_beqz a3, 16              : IntAlu : 
1095000: system.cpu: T0 : 0x22382    : c_jr ra                    : IntAlu : 
1095500: system.cpu: T0 : 0x1ae5e    : c_ldsp a4, 8(sp)           : MemRead :  D=0x2f2e2e0000000000 A=0x7ffffffffffffbd8
1096000: system.cpu: T0 : 0x1ae60    : ld a5, -1264(s1)           : MemRead :  D=0x2f2e2e0000000000 A=0x6eb10
1096500: system.cpu: T0 : 0x1ae64    : c_li a3, 1                 : IntAlu :  D=0x0000000000000001
1097500: system.cpu: T0 : 0x1ae66    : sw a3, -1876(gp)           : MemWrite :  D=0x0000000000000001 A=0x708e4
1098500: system.cpu: T0 : 0x1ae6a    : bne a4, a5, 14             : IntAlu : 
1099000: system.cpu: T0 : 0x1ae6e    : c_ldsp ra, 40(sp)          : MemRead :  D=0x000000000001dc3c A=0x7ffffffffffffbf8
1099500: system.cpu: T0 : 0x1ae70    : c_ldsp s0, 32(sp)          : MemRead :  D=0x7ffffffffffffcf0 A=0x7ffffffffffffbf0
1100000: system.cpu: T0 : 0x1ae72    : c_ldsp s1, 24(sp)          : MemRead :  D=0x7ffffffffffffc20 A=0x7ffffffffffffbe8
1100500: system.cpu: T0 : 0x1ae74    : c_addi16sp sp, 48          : IntAlu :  D=0x7ffffffffffffc00
1101000: system.cpu: T0 : 0x1ae76    : c_jr ra                    : IntAlu : 
1101500: system.cpu: T0 : 0x1dc3c    : c_ldsp a0, 8(sp)           : MemRead :  D=0x0000000000000024 A=0x7ffffffffffffc08
1102000: system.cpu: T0 : 0x1dc3e    : c_ldsp ra, 24(sp)          : MemRead :  D=0x000000000003dafa A=0x7ffffffffffffc18
1102500: system.cpu: T0 : 0x1dc40    : c_addi16sp sp, 32          : IntAlu :  D=0x7ffffffffffffc20
1103000: system.cpu: T0 : 0x1dc42    : c_j -540                   : IntAlu : 
1104000: system.cpu: T0 : 0x1da26    : ld t1, -1848(gp)           : MemRead :  D=0x0000000000000000 A=0x70900
1105000: system.cpu: T0 : 0x1da2a    : bne t1, zero, 260          : IntAlu : 
1105500: system.cpu: T0 : 0x1da2e    : c_addi sp, -32             : IntAlu :  D=0x7ffffffffffffc00
1106000: system.cpu: T0 : 0x1da30    : c_sdsp s0, 16(sp)          : MemWrite :  D=0x7ffffffffffffcf0 A=0x7ffffffffffffc10
1106500: system.cpu: T0 : 0x1da32    : c_sdsp ra, 24(sp)          : MemWrite :  D=0x000000000003dafa A=0x7ffffffffffffc18
1107000: system.cpu: T0 : 0x1da34    : c_sdsp s1, 8(sp)           : MemWrite :  D=0x7ffffffffffffc20 A=0x7ffffffffffffc08
1107500: system.cpu: T0 : 0x1da36    : c_sdsp s2, 0(sp)           : MemWrite :  D=0x0000000000000002 A=0x7ffffffffffffc00
1108000: system.cpu: T0 : 0x1da38    : c_mv s0, a0                : IntAlu :  D=0x0000000000000024
1109000: system.cpu: T0 : 0x1da3a    : blt a0, zero, 222          : IntAlu : 
1110000: system.cpu: T0 : 0x1da3e    : addi a5, a0, 23            : IntAlu :  D=0x000000000000003b
1110500: system.cpu: T0 : 0x1da42    : c_li a4, 31                : IntAlu :  D=0x000000000000001f
1111000: system.cpu: T0 : 0x1da44    : c_li s1, 0                 : IntAlu :  D=0x0000000000000000
1112000: system.cpu: T0 : 0x1da46    : bltu a4, a5, 94            : IntAlu : 
1112500: system.cpu: T0 : 0x1daa4    : c_andi a5, 18446744073709551600 : IntAlu :  D=0x0000000000000030
1113000: system.cpu: T0 : 0x1daa6    : c_addi a5, -17             : IntAlu :  D=0x000000000000001f
1113500: system.cpu: T0 : 0x1daa8    : srli s1, a5, 4             : IntAlu :  D=0x0000000000000001
1114000: system.cpu: T0 : 0x1daac    : c_j -98                    : IntAlu : 
1115000: system.cpu: T0 : 0x1da4a    : ld a4, 40(tp)              : MemRead :  D=0x0000000000000000 A=0x73738
1115500: system.cpu: T0 : 0x1da4e    : c_beqz a4, 96              : IntAlu : 
1116500: system.cpu: T0 : 0x1daae    : lbu a5, 48(tp)             : MemRead :  D=0x0000000000000000 A=0x73740
1117000: system.cpu: T0 : 0x1dab2    : c_bnez a5, -86             : IntAlu : 
1117500: system.cpu: T0 : 0x1dab4    : jal ra, -2478              : IntAlu :  D=0x000000000001dab8
1118000: system.cpu: T0 : 0x1d106    : c_addi sp, -32             : IntAlu :  D=0x7ffffffffffffbe0
1118500: system.cpu: T0 : 0x1d108    : c_sdsp s0, 16(sp)          : MemWrite :  D=0x0000000000000024 A=0x7ffffffffffffbf0
1119500: system.cpu: T0 : 0x1d10a    : ld s0, 56(tp)              : MemRead :  D=0x000000000006f5c8 A=0x73748
1120000: system.cpu: T0 : 0x1d10e    : c_sdsp ra, 24(sp)          : MemWrite :  D=0x000000000001dab8 A=0x7ffffffffffffbf8
1120500: system.cpu: T0 : 0x1d110    : c_sdsp s1, 8(sp)           : MemWrite :  D=0x0000000000000001 A=0x7ffffffffffffbe8
1121000: system.cpu: T0 : 0x1d112    : c_beqz s0, 78              : IntAlu : 
1121500: system.cpu: T0 : 0x1d114    : c_mv s1, s0                : IntAlu :  D=0x000000000006f5c8
1122000: system.cpu: T0 : 0x1d116    : c_li a4, 1                 : IntAlu :  D=0x0000000000000001
1122500: system.cpu: T0 : 0x1d118    : lr_w a5, (s0)             
1122500: system.cpu: T0 : 0x1d118. 0 : lr_w a5, (s0)              : MemRead :  D=0x0000000000000000 A=0x6f5c8
1123000: system.cpu: T0 : 0x1d11c    : c_bnez a5, 8               : IntAlu : 
1124000: system.cpu: T0 : 0x1d11e    : sc_w_aq a3, a4, (s0)      
1124000: system.cpu: T0 : 0x1d11e. 0 : sc_w a3, a4, (s0)          : MemWrite :  D=0x0000000000000000 A=0x6f5c8
1124500: system.cpu: T0 : 0x1d11e. 1 : 0x1ce426af fence           : No_OpClass : 
1125000: system.cpu: T0 : 0x1d122    : c_bnez a3, -10             : IntAlu : 
1125500: system.cpu: T0 : 0x1d124    : c_addiw a5, 0              : IntAlu :  D=0x0000000000000000
1126000: system.cpu: T0 : 0x1d126    : c_bnez a5, 162             : IntAlu : 
1126500: system.cpu: T0 : 0x1d128    : addi a1, zero, 640         : IntAlu :  D=0x0000000000000280
1127000: system.cpu: T0 : 0x1d12c    : c_mv a0, s0                : IntAlu :  D=0x000000000006f5c8
1128000: system.cpu: T0 : 0x1d12e    : jal ra, -2862              : IntAlu :  D=0x000000000001d132
1128500: system.cpu: T0 : 0x1c600    : c_addi16sp sp, -256        : IntAlu :  D=0x7ffffffffffffae0
1129000: system.cpu: T0 : 0x1c602    : c_sdsp ra, 248(sp)         : MemWrite :  D=0x000000000001d132 A=0x7ffffffffffffbd8
1129500: system.cpu: T0 : 0x1c604    : c_sdsp s0, 240(sp)         : MemWrite :  D=0x000000000006f5c8 A=0x7ffffffffffffbd0
1130000: system.cpu: T0 : 0x1c606    : c_sdsp s1, 232(sp)         : MemWrite :  D=0x000000000006f5c8 A=0x7ffffffffffffbc8
1130500: system.cpu: T0 : 0x1c608    : c_sdsp s2, 224(sp)         : MemWrite :  D=0x0000000000000002 A=0x7ffffffffffffbc0
1131000: system.cpu: T0 : 0x1c60a    : c_sdsp s3, 216(sp)         : MemWrite :  D=0x0000000000000000 A=0x7ffffffffffffbb8
1131500: system.cpu: T0 : 0x1c60c    : c_sdsp s4, 208(sp)         : MemWrite :  D=0x0000000000000000 A=0x7ffffffffffffbb0
1132000: system.cpu: T0 : 0x1c60e    : c_sdsp s5, 200(sp)         : MemWrite :  D=0x0000000000000000 A=0x7ffffffffffffba8
1132500: system.cpu: T0 : 0x1c610    : c_sdsp s6, 192(sp)         : MemWrite :  D=0x0000000000072000 A=0x7ffffffffffffba0
1133000: system.cpu: T0 : 0x1c612    : c_sdsp s7, 184(sp)         : MemWrite :  D=0x0000000000000000 A=0x7ffffffffffffb98
1133500: system.cpu: T0 : 0x1c614    : c_sdsp s8, 176(sp)         : MemWrite :  D=0x0000000000000000 A=0x7ffffffffffffb90
1134000: system.cpu: T0 : 0x1c616    : c_sdsp s9, 168(sp)         : MemWrite :  D=0x0000000000000003 A=0x7ffffffffffffb88
1134500: system.cpu: T0 : 0x1c618    : c_sdsp s10, 160(sp)        : MemWrite :  D=0x0000000000000000 A=0x7ffffffffffffb80
1135000: system.cpu: T0 : 0x1c61a    : c_sdsp s11, 152(sp)        : MemWrite :  D=0x0000000000000000 A=0x7ffffffffffffb78
1135500: system.cpu: T0 : 0x1c61c    : blt a1, zero, 1198         : IntAlu : 
1136000: system.cpu: T0 : 0x1c620    : addi s0, a1, 23            : IntAlu :  D=0x0000000000000297
1136500: system.cpu: T0 : 0x1c624    : c_li a5, 31                : IntAlu :  D=0x000000000000001f
1137000: system.cpu: T0 : 0x1c626    : c_mv s3, a1                : IntAlu :  D=0x0000000000000280
1137500: system.cpu: T0 : 0x1c628    : c_mv s1, a0                : IntAlu :  D=0x000000000006f5c8
1138500: system.cpu: T0 : 0x1c62a    : bltu a5, s0, 220           : IntAlu : 
1139000: system.cpu: T0 : 0x1c706    : c_andi s0, 18446744073709551600 : IntAlu :  D=0x0000000000000290
1139500: system.cpu: T0 : 0x1c708    : beq a0, zero, 988          : IntAlu : 
1140000: system.cpu: T0 : 0x1c70c    : ld a4, -1376(gp)           : MemRead :  D=0x0000000000000080 A=0x70ad8
1140500: system.cpu: T0 : 0x1c710    : srliw s9, s0, 4            : IntAlu :  D=0x0000000000000029
1141000: system.cpu: T0 : 0x1c714    : srliw a5, s0, 4            : IntAlu :  D=0x0000000000000029
1141500: system.cpu: T0 : 0x1c718    : bgeu a4, s0, 506           : IntAlu : 
1142000: system.cpu: T0 : 0x1c71c    : addi a4, zero, 1023        : IntAlu :  D=0x00000000000003ff
1142500: system.cpu: T0 : 0x1c720    : bgeu a4, s0, 1722          : IntAlu : 
1143000: system.cpu: T0 : 0x1cdda    : c_addiw a5, -1             : IntAlu :  D=0x0000000000000028
1143500: system.cpu: T0 : 0x1cddc    : c_j -1406                  : IntAlu : 
1144500: system.cpu: T0 : 0x1c85e    : slliw a5, a5, 1            : IntAlu :  D=0x0000000000000050
1145000: system.cpu: T0 : 0x1c862    : c_slli a5, 32              : IntAlu :  D=0x0000005000000000
1145500: system.cpu: T0 : 0x1c864    : c_srli a5, 32              : IntAlu :  D=0x0000000000000050
1146000: system.cpu: T0 : 0x1c866    : c_addi a5, 14              : IntAlu :  D=0x000000000000005e
1146500: system.cpu: T0 : 0x1c868    : c_slli a5, 3               : IntAlu :  D=0x00000000000002f0
1147000: system.cpu: T0 : 0x1c86a    : c_j -550                   : IntAlu : 
1147500: system.cpu: T0 : 0x1c644    : c_add a5, s1               : IntAlu :  D=0x000000000006f8b8
1148500: system.cpu: T0 : 0x1c646    : ld s2, 8(a5)               : MemRead :  D=0x000000000006f8a8 A=0x6f8c0
1149500: system.cpu: T0 : 0x1c64a    : addi a3, a5, -16           : IntAlu :  D=0x000000000006f8a8
1150500: system.cpu: T0 : 0x1c64e    : beq a3, s2, 748            : IntAlu : 
1151500: system.cpu: T0 : 0x1c93a    : srli t1, s0, 9             : IntAlu :  D=0x0000000000000001
1152500: system.cpu: T0 : 0x1c93e    : addiw a5, t1, 91           : IntAlu :  D=0x000000000000005c
1153500: system.cpu: T0 : 0x1c942    : srli s10, s0, 6            : IntAlu :  D=0x000000000000000a
1154000: system.cpu: T0 : 0x1c946    : c_sdsp a5, 96(sp)          : MemWrite :  D=0x000000000000005c A=0x7ffffffffffffb40
1154500: system.cpu: T0 : 0x1c948    : addiw a5, s10, 48          : IntAlu :  D=0x000000000000003a
1155000: system.cpu: T0 : 0x1c94c    : c_sdsp a5, 88(sp)          : MemWrite :  D=0x000000000000003a A=0x7ffffffffffffb38
1156000: system.cpu: T0 : 0x1c94e    : addi a5, zero, 110         : IntAlu :  D=0x000000000000006e
1156500: system.cpu: T0 : 0x1c952    : c_sdsp a5, 112(sp)         : MemWrite :  D=0x000000000000006e A=0x7ffffffffffffb50
1157000: system.cpu: T0 : 0x1c954    : addi a5, zero, 119         : IntAlu :  D=0x0000000000000077
1157500: system.cpu: T0 : 0x1c958    : c_sdsp a5, 104(sp)         : MemWrite :  D=0x0000000000000077 A=0x7ffffffffffffb48
1158500: system.cpu: T0 : 0x1c95a    : addi a5, zero, 124         : IntAlu :  D=0x000000000000007c
1159000: system.cpu: T0 : 0x1c95e    : c_sdsp s9, 8(sp)           : MemWrite :  D=0x0000000000000029 A=0x7ffffffffffffae8
1159500: system.cpu: T0 : 0x1c960    : c_sdsp a5, 120(sp)         : MemWrite :  D=0x000000000000007c A=0x7ffffffffffffb58
1160000: system.cpu: T0 : 0x1c962    : c_sdsp zero, 128(sp)       : MemWrite :  D=0x0000000000000000 A=0x7ffffffffffffb60
1160500: system.cpu: T0 : 0x1c964    : c_sdsp zero, 136(sp)       : MemWrite :  D=0x0000000000000000 A=0x7ffffffffffffb68
1161500: system.cpu: T0 : 0x1c966    : ld a5, 40(tp)              : MemRead :  D=0x0000000000000000 A=0x73738
1162500: system.cpu: T0 : 0x1c96a    : addi s6, s0, -17           : IntAlu :  D=0x000000000000027f
1163500: system.cpu: T0 : 0x1c96e    : srli s6, s6, 4             : IntAlu :  D=0x0000000000000027
1164000: system.cpu: T0 : 0x1c972    : c_li s5, 0                 : IntAlu :  D=0x0000000000000000
1164500: system.cpu: T0 : 0x1c974    : c_beqz a5, 22              : IntAlu : 
1165500: system.cpu: T0 : 0x1c98a    : lui a5, 111                : IntAlu :  D=0x000000000006f000
1166000: system.cpu: T0 : 0x1c98e    : c_lui s11, 1               : IntAlu :  D=0x0000000000001000
1166500: system.cpu: T0 : 0x1c990    : lui s7, 111                : IntAlu :  D=0x000000000006f000
1167000: system.cpu: T0 : 0x1c994    : addi a5, a5, 1480          : IntAlu :  D=0x000000000006f5c8
1167500: system.cpu: T0 : 0x1c998    : addi s8, s1, 96            : IntAlu :  D=0x000000000006f628
1168000: system.cpu: T0 : 0x1c99c    : c_li t5, 0                 : IntAlu :  D=0x0000000000000000
1169000: system.cpu: T0 : 0x1c99e    : addi s7, s7, 1368          : IntAlu :  D=0x000000000006f558
1170000: system.cpu: T0 : 0x1c9a2    : add a7, s1, s11            : IntAlu :  D=0x00000000000705c8
1170500: system.cpu: T0 : 0x1c9a6    : c_sdsp a5, 56(sp)          : MemWrite :  D=0x000000000006f5c8 A=0x7ffffffffffffb18
1171000: system.cpu: T0 : 0x1c9a8    : c_ld a5, 120(s1)           : MemRead :  D=0x000000000006f628 A=0x6f640
1172000: system.cpu: T0 : 0x1c9aa    : beq a5, s8, 532            : IntAlu : 
1173000: system.cpu: T0 : 0x1cbbe    : addi a5, zero, 1023        : IntAlu :  D=0x00000000000003ff
1174000: system.cpu: T0 : 0x1cbc2    : bgeu a5, s0, 38            : IntAlu : 
1174500: system.cpu: T0 : 0x1cbe8    : c_ldsp a3, 8(sp)           : MemRead :  D=0x0000000000000029 A=0x7ffffffffffffae8
1175000: system.cpu: T0 : 0x1cbea    : c_li a0, 4                 : IntAlu :  D=0x0000000000000004
1175500: system.cpu: T0 : 0x1cbec    : addiw a5, a3, 1            : IntAlu :  D=0x000000000000002a
1176000: system.cpu: T0 : 0x1cbf0    : srliw a4, a5, 5            : IntAlu :  D=0x0000000000000001
1176500: system.cpu: T0 : 0x1cbf4    : slliw a3, a3, 1            : IntAlu :  D=0x0000000000000052
1177000: system.cpu: T0 : 0x1cbf8    : addi a4, a4, 536           : IntAlu :  D=0x0000000000000219
1177500: system.cpu: T0 : 0x1cbfc    : c_slli a3, 32              : IntAlu :  D=0x0000005200000000
1178000: system.cpu: T0 : 0x1cbfe    : c_slli a4, 2               : IntAlu :  D=0x0000000000000864
1178500: system.cpu: T0 : 0x1cc00    : c_srli a3, 32              : IntAlu :  D=0x0000000000000052
1179000: system.cpu: T0 : 0x1cc02    : c_add a4, s1               : IntAlu :  D=0x000000000006fe2c
1179500: system.cpu: T0 : 0x1cc04    : c_slli a3, 3               : IntAlu :  D=0x0000000000000290
1180000: system.cpu: T0 : 0x1cc06    : c_lw a2, 0(a4)             : MemRead :  D=0x0000000000000000 A=0x6fe2c
1180500: system.cpu: T0 : 0x1cc08    : addi a3, a3, 96            : IntAlu :  D=0x00000000000002f0
1181000: system.cpu: T0 : 0x1cc0c    : c_li a4, 1                 : IntAlu :  D=0x0000000000000001
1182000: system.cpu: T0 : 0x1cc0e    : srliw s2, a5, 5            : IntAlu :  D=0x0000000000000001
1182500: system.cpu: T0 : 0x1cc12    : c_add a3, s1               : IntAlu :  D=0x000000000006f8b8
1183000: system.cpu: T0 : 0x1cc14    : sllw a5, a4, a5            : IntAlu :  D=0x0000000000000400
1183500: system.cpu: T0 : 0x1cc18    : bltu a2, a5, 144           : IntAlu : 
1184000: system.cpu: T0 : 0x1cca8    : addiw a5, s2, 1            : IntAlu :  D=0x0000000000000002
1184500: system.cpu: T0 : 0x1ccac    : addiw s2, a5, 0            : IntAlu :  D=0x0000000000000002
1185000: system.cpu: T0 : 0x1ccb0    : bne s2, a0, -26            : IntAlu : 
1185500: system.cpu: T0 : 0x1cc96    : c_slli a5, 32              : IntAlu :  D=0x0000000200000000
1186000: system.cpu: T0 : 0x1cc98    : c_srli a5, 32              : IntAlu :  D=0x0000000000000002
1187000: system.cpu: T0 : 0x1cc9a    : addi a5, a5, 536           : IntAlu :  D=0x000000000000021a
1187500: system.cpu: T0 : 0x1cc9e    : c_slli a5, 2               : IntAlu :  D=0x0000000000000868
1188000: system.cpu: T0 : 0x1cca0    : c_add a5, s1               : IntAlu :  D=0x000000000006fe30
1188500: system.cpu: T0 : 0x1cca2    : c_lw a2, 0(a5)             : MemRead :  D=0x0000000000000000 A=0x6fe30
1189000: system.cpu: T0 : 0x1cca4    : bne a2, zero, 384          : IntAlu : 
1189500: system.cpu: T0 : 0x1cca8    : addiw a5, s2, 1            : IntAlu :  D=0x0000000000000003
1190000: system.cpu: T0 : 0x1ccac    : addiw s2, a5, 0            : IntAlu :  D=0x0000000000000003
1190500: system.cpu: T0 : 0x1ccb0    : bne s2, a0, -26            : IntAlu : 
1191000: system.cpu: T0 : 0x1cc96    : c_slli a5, 32              : IntAlu :  D=0x0000000300000000
1191500: system.cpu: T0 : 0x1cc98    : c_srli a5, 32              : IntAlu :  D=0x0000000000000003
1192500: system.cpu: T0 : 0x1cc9a    : addi a5, a5, 536           : IntAlu :  D=0x000000000000021b
1193000: system.cpu: T0 : 0x1cc9e    : c_slli a5, 2               : IntAlu :  D=0x000000000000086c
1193500: system.cpu: T0 : 0x1cca0    : c_add a5, s1               : IntAlu :  D=0x000000000006fe34
1194000: system.cpu: T0 : 0x1cca2    : c_lw a2, 0(a5)             : MemRead :  D=0x0000000000000000 A=0x6fe34
1194500: system.cpu: T0 : 0x1cca4    : bne a2, zero, 384          : IntAlu : 
1195000: system.cpu: T0 : 0x1cca8    : addiw a5, s2, 1            : IntAlu :  D=0x0000000000000004
1195500: system.cpu: T0 : 0x1ccac    : addiw s2, a5, 0            : IntAlu :  D=0x0000000000000004
1196000: system.cpu: T0 : 0x1ccb0    : bne s2, a0, -26            : IntAlu : 
1196500: system.cpu: T0 : 0x1ccb4    : c_ld a4, 96(s1)            : MemRead :  D=0x000000000006f628 A=0x6f628
1197500: system.cpu: T0 : 0x1ccb6    : ld a3, -1912(a7)           : MemRead :  D=0x0000000000000000 A=0x6fe50
1198000: system.cpu: T0 : 0x1ccba    : c_ld a5, 8(a4)             : MemRead :  D=0x0000000000000000 A=0x6f630
1198500: system.cpu: T0 : 0x1ccbc    : c_andi a5, 18446744073709551608 : IntAlu :  D=0x0000000000000000
1199500: system.cpu: T0 : 0x1ccbe    : bltu a3, a5, 548           : IntAlu : 
1200500: system.cpu: T0 : 0x1ccc2    : addi a3, s0, 32            : IntAlu :  D=0x00000000000002b0
1201500: system.cpu: T0 : 0x1ccc6    : bgeu a5, a3, 640           : IntAlu : 
1202000: system.cpu: T0 : 0x1ccca    : c_sdsp a7, 32(sp)          : MemWrite :  D=0x00000000000705c8 A=0x7ffffffffffffb00
1202500: system.cpu: T0 : 0x1cccc    : c_sdsp t1, 24(sp)          : MemWrite :  D=0x0000000000000001 A=0x7ffffffffffffaf8
1203000: system.cpu: T0 : 0x1ccce    : c_sdsp t5, 16(sp)          : MemWrite :  D=0x0000000000000000 A=0x7ffffffffffffaf0
1203500: system.cpu: T0 : 0x1ccd0    : c_lw a5, 8(s1)             : MemRead :  D=0x0000000000000000 A=0x6f5d0
1204000: system.cpu: T0 : 0x1ccd2    : c_addiw a5, 0              : IntAlu :  D=0x0000000000000000
1204500: system.cpu: T0 : 0x1ccd4    : c_beqz a5, 180             : IntAlu : 
1205000: system.cpu: T0 : 0x1cd88    : c_mv a1, s1                : IntAlu :  D=0x000000000006f5c8
1205500: system.cpu: T0 : 0x1cd8a    : c_mv a0, s0                : IntAlu :  D=0x0000000000000290
1206000: system.cpu: T0 : 0x1cd8c    : jal ra, -3372              : IntAlu :  D=0x000000000001cd90
1206500: system.cpu: T0 : 0x1c060    : c_addi16sp sp, -160        : IntAlu :  D=0x7ffffffffffffa40
1207000: system.cpu: T0 : 0x1c062    : c_sdsp s1, 136(sp)         : MemWrite :  D=0x000000000006f5c8 A=0x7ffffffffffffac8
1207500: system.cpu: T0 : 0x1c064    : c_sdsp s2, 128(sp)         : MemWrite :  D=0x0000000000000004 A=0x7ffffffffffffac0
1208000: system.cpu: T0 : 0x1c066    : c_sdsp s10, 64(sp)         : MemWrite :  D=0x000000000000000a A=0x7ffffffffffffa80
1208500: system.cpu: T0 : 0x1c068    : c_sdsp ra, 152(sp)         : MemWrite :  D=0x000000000001cd90 A=0x7ffffffffffffad8
1209000: system.cpu: T0 : 0x1c06a    : c_sdsp s0, 144(sp)         : MemWrite :  D=0x0000000000000290 A=0x7ffffffffffffad0
1209500: system.cpu: T0 : 0x1c06c    : c_sdsp s3, 120(sp)         : MemWrite :  D=0x0000000000000280 A=0x7ffffffffffffab8
1210000: system.cpu: T0 : 0x1c06e    : c_sdsp s4, 112(sp)         : MemWrite :  D=0x0000000000000000 A=0x7ffffffffffffab0
1210500: system.cpu: T0 : 0x1c070    : c_sdsp s5, 104(sp)         : MemWrite :  D=0x0000000000000000 A=0x7ffffffffffffaa8
1211000: system.cpu: T0 : 0x1c072    : c_sdsp s6, 96(sp)          : MemWrite :  D=0x0000000000000027 A=0x7ffffffffffffaa0
1211500: system.cpu: T0 : 0x1c074    : c_sdsp s7, 88(sp)          : MemWrite :  D=0x000000000006f558 A=0x7ffffffffffffa98
1212000: system.cpu: T0 : 0x1c076    : c_sdsp s8, 80(sp)          : MemWrite :  D=0x000000000006f628 A=0x7ffffffffffffa90
1212500: system.cpu: T0 : 0x1c078    : c_sdsp s9, 72(sp)          : MemWrite :  D=0x0000000000000029 A=0x7ffffffffffffa88
1213000: system.cpu: T0 : 0x1c07a    : c_sdsp s11, 56(sp)         : MemWrite :  D=0x0000000000001000 A=0x7ffffffffffffa78
1213500: system.cpu: T0 : 0x1c07c    : ld s2, -1784(gp)           : MemRead :  D=0x0000000000001000 A=0x70940
1214000: system.cpu: T0 : 0x1c080    : c_mv s1, a0                : IntAlu :  D=0x0000000000000290
1215000: system.cpu: T0 : 0x1c082    : beq a1, zero, 534          : IntAlu : 
1216000: system.cpu: T0 : 0x1c086    : lui s11, 111               : IntAlu :  D=0x000000000006f000
1217000: system.cpu: T0 : 0x1c08a    : addi s11, s11, 1368        : IntAlu :  D=0x000000000006f558
1218000: system.cpu: T0 : 0x1c08e    : ld a5, 16(s11)             : MemRead :  D=0x0000000000020000 A=0x6f568
1218500: system.cpu: T0 : 0x1c092    : c_mv s0, a1                : IntAlu :  D=0x000000000006f5c8
1219000: system.cpu: T0 : 0x1c094    : bgeu a0, a5, 276           : IntAlu : 
1219500: system.cpu: T0 : 0x1c098    : c_sdsp zero, 8(sp)         : MemWrite :  D=0x0000000000000000 A=0x7ffffffffffffa48
1220500: system.cpu: T0 : 0x1c09a    : addi s5, s2, 7             : IntAlu :  D=0x0000000000001007
1221500: system.cpu: T0 : 0x1c09e    : add a5, s5, s1             : IntAlu :  D=0x0000000000001297
1222500: system.cpu: T0 : 0x1c0a2    : lui s6, 111                : IntAlu :  D=0x000000000006f000
1223500: system.cpu: T0 : 0x1c0a6    : sub s5, zero, s2           : IntAlu :  D=0xfffffffffffff000
1224500: system.cpu: T0 : 0x1c0aa    : addi a7, s0, 96            : IntAlu :  D=0x000000000006f628
1225500: system.cpu: T0 : 0x1c0ae    : addi t1, s2, -1            : IntAlu :  D=0x0000000000000fff
1226500: system.cpu: T0 : 0x1c0b2    : addi s8, s1, 32            : IntAlu :  D=0x00000000000002b0
1227500: system.cpu: T0 : 0x1c0b6    : addi s7, s6, 1480          : IntAlu :  D=0x000000000006f5c8
1228500: system.cpu: T0 : 0x1c0ba    : and s5, a5, s5             : IntAlu :  D=0x0000000000001000
1229500: system.cpu: T0 : 0x1c0be    : ld s4, 96(s0)              : MemRead :  D=0x000000000006f628 A=0x6f628
1230500: system.cpu: T0 : 0x1c0c2    : ld a5, 8(s4)               : MemRead :  D=0x0000000000000000 A=0x6f630
1231500: system.cpu: T0 : 0x1c0c6    : andi s3, a5, 18446744073709551608 : IntAlu :  D=0x0000000000000000
1232500: system.cpu: T0 : 0x1c0ca    : add s9, s4, s3             : IntAlu :  D=0x000000000006f628
1233500: system.cpu: T0 : 0x1c0ce    : beq s4, a7, 506            : IntAlu : 
1234000: system.cpu: T0 : 0x1c2c8    : beq s3, zero, -482         : IntAlu : 
1235000: system.cpu: T0 : 0x1c0e6    : bgeu s3, s8, 1112          : IntAlu : 
1236000: system.cpu: T0 : 0x1c0ea    : beq s0, s7, 484            : IntAlu : 
1237000: system.cpu: T0 : 0x1c2ce    : ld s5, 8(s11)              : MemRead :  D=0x0000000000020000 A=0x6f560
1237500: system.cpu: T0 : 0x1c2d2    : c_lw a5, 4(s0)             : MemRead :  D=0x0000000000000000 A=0x6f5cc
1238000: system.cpu: T0 : 0x1c2d4    : addi s10, s2, -1           : IntAlu :  D=0x0000000000000fff
1238500: system.cpu: T0 : 0x1c2d8    : addi s5, s5, 32            : IntAlu :  D=0x0000000000020020
1239000: system.cpu: T0 : 0x1c2dc    : c_add s5, s10              : IntAlu :  D=0x000000000002101f
1239500: system.cpu: T0 : 0x1c2de    : c_andi a5, 2               : IntAlu :  D=0x0000000000000000
1240000: system.cpu: T0 : 0x1c2e0    : c_add s5, s1               : IntAlu :  D=0x00000000000212af
1241000: system.cpu: T0 : 0x1c2e2    : sub a6, zero, s2           : IntAlu :  D=0xfffffffffffff000
1241500: system.cpu: T0 : 0x1c2e6    : c_beqz a5, 158             : IntAlu : 
1242000: system.cpu: T0 : 0x1c384    : sub s5, s5, s3             : IntAlu :  D=0x00000000000212af
1242500: system.cpu: T0 : 0x1c388    : and s5, s5, a6             : IntAlu :  D=0x0000000000021000
1243000: system.cpu: T0 : 0x1c38c    : blt zero, s5, -156         : IntAlu : 
1243500: system.cpu: T0 : 0x1c2f0    : ld a5, -1840(gp)           : MemRead :  D=0x000000000001ec1a A=0x70908
1244000: system.cpu: T0 : 0x1c2f4    : c_mv a0, s5                : IntAlu :  D=0x0000000000021000
1244500: system.cpu: T0 : 0x1c2f6    : c_sdsp a6, 8(sp)           : MemWrite :  D=0xfffffffffffff000 A=0x7ffffffffffffa48
1245000: system.cpu: T0 : 0x1c2f8    : c_jalr a5                  : IntAlu :  D=0x000000000001c2fa
1245500: system.cpu: T0 : 0x1ec1a    : c_addi sp, -16             : IntAlu :  D=0x7ffffffffffffa30
1246000: system.cpu: T0 : 0x1ec1c    : c_sdsp ra, 8(sp)           : MemWrite :  D=0x000000000001c2fa A=0x7ffffffffffffa38
1247000: system.cpu: T0 : 0x1ec1e    : jal ra, 9318               : IntAlu :  D=0x000000000001ec22
1247500: system.cpu: T0 : 0x21084    : c_addi sp, -32             : IntAlu :  D=0x7ffffffffffffa10
1248000: system.cpu: T0 : 0x21086    : c_sdsp s2, 0(sp)           : MemWrite :  D=0x0000000000001000 A=0x7ffffffffffffa10
1248500: system.cpu: T0 : 0x21088    : c_sdsp s1, 8(sp)           : MemWrite :  D=0x0000000000000290 A=0x7ffffffffffffa18
1249500: system.cpu: T0 : 0x2108a    : ld s1, -1200(gp)           : MemRead :  D=0x0000000000073f80 A=0x70b88
1250000: system.cpu: T0 : 0x2108e    : c_sdsp s0, 16(sp)          : MemWrite :  D=0x000000000006f5c8 A=0x7ffffffffffffa20
1250500: system.cpu: T0 : 0x21090    : c_sdsp ra, 24(sp)          : MemWrite :  D=0x000000000001ec22 A=0x7ffffffffffffa28
1251000: system.cpu: T0 : 0x21092    : c_mv s0, a0                : IntAlu :  D=0x0000000000021000
1251500: system.cpu: T0 : 0x21094    : c_beqz s1, 46              : IntAlu : 
1252500: system.cpu: T0 : 0x21096    : lw a5, -1728(gp)           : MemRead :  D=0x0000000000000000 A=0x70978
1253000: system.cpu: T0 : 0x2109a    : c_bnez a5, 40              : IntAlu : 
1253500: system.cpu: T0 : 0x2109c    : c_beqz s0, 24              : IntAlu : 
1254500: system.cpu: T0 : 0x2109e    : bge zero, s0, 52           : IntAlu : 
1255500: system.cpu: T0 : 0x210a2    : add a5, s0, s1             : IntAlu :  D=0x0000000000094f80
1256500: system.cpu: T0 : 0x210a6    : sltu a5, a5, s1            : IntAlu :  D=0x0000000000000000
1257000: system.cpu: T0 : 0x210aa    : c_beqz a5, 50              : IntAlu : 
1257500: system.cpu: T0 : 0x210dc    : add a0, s1, s0             : IntAlu :  D=0x0000000000094f80
1258000: system.cpu: T0 : 0x210e0    : jal ra, 98390              : IntAlu :  D=0x00000000000210e4
1258500: system.cpu: T0 : 0x39136    : c_mv a5, a0                : IntAlu :  D=0x0000000000094f80
1259000: system.cpu: T0 : 0x39138    : addi a7, zero, 214         : IntAlu :  D=0x00000000000000d6
1259500: system.cpu: T0 : 0x3913c    : ecall                      : No_OpClass : 
1260000: system.cpu: T0 : 0x39140    : sd a0, -1200(gp)           : MemWrite :  D=0x0000000000094f80 A=0x70b88
1260500: system.cpu: T0 : 0x39144    : bltu a0, a5, 8             : IntAlu : 
1261000: system.cpu: T0 : 0x39148    : c_li a0, 0                 : IntAlu :  D=0x0000000000000000
1261500: system.cpu: T0 : 0x3914a    : c_jr ra                    : IntAlu : 
1262000: system.cpu: T0 : 0x210e4    : blt a0, zero, -50          : IntAlu : 
1262500: system.cpu: T0 : 0x210e8    : c_ldsp ra, 24(sp)          : MemRead :  D=0x000000000001ec22 A=0x7ffffffffffffa28
1263000: system.cpu: T0 : 0x210ea    : c_ldsp s0, 16(sp)          : MemRead :  D=0x000000000006f5c8 A=0x7ffffffffffffa20
1263500: system.cpu: T0 : 0x210ec    : c_ldsp s2, 0(sp)           : MemRead :  D=0x0000000000001000 A=0x7ffffffffffffa10
1264000: system.cpu: T0 : 0x210ee    : c_mv a0, s1                : IntAlu :  D=0x0000000000073f80
1264500: system.cpu: T0 : 0x210f0    : c_ldsp s1, 8(sp)           : MemRead :  D=0x0000000000000290 A=0x7ffffffffffffa18
1265000: system.cpu: T0 : 0x210f2    : c_addi16sp sp, 32          : IntAlu :  D=0x7ffffffffffffa30
1265500: system.cpu: T0 : 0x210f4    : c_jr ra                    : IntAlu : 
1266000: system.cpu: T0 : 0x1ec22    : c_li a5, -1                : IntAlu :  D=0xffffffffffffffff
1266500: system.cpu: T0 : 0x1ec24    : beq a0, a5, 10             : IntAlu : 
1267000: system.cpu: T0 : 0x1ec28    : c_ldsp ra, 8(sp)           : MemRead :  D=0x000000000001c2fa A=0x7ffffffffffffa38
1267500: system.cpu: T0 : 0x1ec2a    : c_addi sp, 16              : IntAlu :  D=0x7ffffffffffffa40
1268000: system.cpu: T0 : 0x1ec2c    : c_jr ra                    : IntAlu : 
1268500: system.cpu: T0 : 0x1c2fa    : c_ldsp a6, 8(sp)           : MemRead :  D=0xfffffffffffff000 A=0x7ffffffffffffa48
1269000: system.cpu: T0 : 0x1c2fc    : c_mv s2, a0                : IntAlu :  D=0x0000000000073f80
1270000: system.cpu: T0 : 0x1c2fe    : beq a0, zero, 502          : IntAlu : 
1271000: system.cpu: T0 : 0x1c302    : ld a5, -1392(gp)           : MemRead :  D=0x0000000000000000 A=0x70ac8
1271500: system.cpu: T0 : 0x1c306    : c_li a4, 0                 : IntAlu :  D=0x0000000000000000
1272000: system.cpu: T0 : 0x1c308    : bne a5, zero, 538          : IntAlu : 
1272500: system.cpu: T0 : 0x1c30c    : ld a5, 72(s11)             : MemRead :  D=0x0000000000000000 A=0x6f5a0
1273000: system.cpu: T0 : 0x1c310    : beq a5, zero, 380          : IntAlu : 
1273500: system.cpu: T0 : 0x1c48c    : sd s2, 72(s11)             : MemWrite :  D=0x0000000000073f80 A=0x6f5a0
1274000: system.cpu: T0 : 0x1c490    : c_j -380                   : IntAlu : 
1274500: system.cpu: T0 : 0x1c314    : c_lui s11, 1               : IntAlu :  D=0x0000000000001000
1275000: system.cpu: T0 : 0x1c316    : c_add s11, s7              : IntAlu :  D=0x00000000000705c8
1275500: system.cpu: T0 : 0x1c318    : ld a5, -1912(s11)          : MemRead :  D=0x0000000000000000 A=0x6fe50
1276000: system.cpu: T0 : 0x1c31c    : c_add a5, s5               : IntAlu :  D=0x0000000000021000
1277000: system.cpu: T0 : 0x1c31e    : sd a5, -1912(s11)          : MemWrite :  D=0x0000000000021000 A=0x6fe50
1278000: system.cpu: T0 : 0x1c322    : beq s9, s2, 342            : IntAlu : 
1279000: system.cpu: T0 : 0x1c326    : lw a3, 4(s7)               : MemRead :  D=0x0000000000000000 A=0x6f5cc
1279500: system.cpu: T0 : 0x1c32a    : c_andi a3, 2               : IntAlu :  D=0x0000000000000000
1280000: system.cpu: T0 : 0x1c32c    : bne a3, zero, 242          : IntAlu : 
1280500: system.cpu: T0 : 0x1c330    : beq s3, zero, 18           : IntAlu : 
1281500: system.cpu: T0 : 0x1c342    : andi a5, s2, 15            : IntAlu :  D=0x0000000000000000
1282500: system.cpu: T0 : 0x1c346    : bne a5, zero, 332          : IntAlu : 
1283000: system.cpu: T0 : 0x1c34a    : c_mv a4, s3                : IntAlu :  D=0x0000000000000000
1283500: system.cpu: T0 : 0x1c34c    : c_mv s9, s2                : IntAlu :  D=0x0000000000073f80
1284000: system.cpu: T0 : 0x1c34e    : c_add s5, a4               : IntAlu :  D=0x0000000000021000
1284500: system.cpu: T0 : 0x1c350    : add a0, s2, s5             : IntAlu :  D=0x0000000000094f80
1285000: system.cpu: T0 : 0x1c354    : c_add s10, a0              : IntAlu :  D=0x0000000000095f7f
1286000: system.cpu: T0 : 0x1c356    : and a6, s10, a6            : IntAlu :  D=0x0000000000095000
1286500: system.cpu: T0 : 0x1c35a    : c_sub a4, a0               : IntAlu :  D=0xfffffffffff6b080
1287000: system.cpu: T0 : 0x1c35c    : add s5, a6, a4             : IntAlu :  D=0x0000000000000080
1287500: system.cpu: T0 : 0x1c360    : blt s5, zero, 626          : IntAlu : 
1288000: system.cpu: T0 : 0x1c364    : ld a5, -1840(gp)           : MemRead :  D=0x000000000001ec1a A=0x70908
1288500: system.cpu: T0 : 0x1c368    : c_mv a0, s5                : IntAlu :  D=0x0000000000000080
1289000: system.cpu: T0 : 0x1c36a    : c_jalr a5                  : IntAlu :  D=0x000000000001c36c
1289500: system.cpu: T0 : 0x1ec1a    : c_addi sp, -16             : IntAlu :  D=0x7ffffffffffffa30
1290000: system.cpu: T0 : 0x1ec1c    : c_sdsp ra, 8(sp)           : MemWrite :  D=0x000000000001c36c A=0x7ffffffffffffa38
1291000: system.cpu: T0 : 0x1ec1e    : jal ra, 9318               : IntAlu :  D=0x000000000001ec22
1291500: system.cpu: T0 : 0x21084    : c_addi sp, -32             : IntAlu :  D=0x7ffffffffffffa10
1292000: system.cpu: T0 : 0x21086    : c_sdsp s2, 0(sp)           : MemWrite :  D=0x0000000000073f80 A=0x7ffffffffffffa10
1292500: system.cpu: T0 : 0x21088    : c_sdsp s1, 8(sp)           : MemWrite :  D=0x0000000000000290 A=0x7ffffffffffffa18
1293500: system.cpu: T0 : 0x2108a    : ld s1, -1200(gp)           : MemRead :  D=0x0000000000094f80 A=0x70b88
1294000: system.cpu: T0 : 0x2108e    : c_sdsp s0, 16(sp)          : MemWrite :  D=0x000000000006f5c8 A=0x7ffffffffffffa20
1294500: system.cpu: T0 : 0x21090    : c_sdsp ra, 24(sp)          : MemWrite :  D=0x000000000001ec22 A=0x7ffffffffffffa28
1295000: system.cpu: T0 : 0x21092    : c_mv s0, a0                : IntAlu :  D=0x0000000000000080
1295500: system.cpu: T0 : 0x21094    : c_beqz s1, 46              : IntAlu : 
1296500: system.cpu: T0 : 0x21096    : lw a5, -1728(gp)           : MemRead :  D=0x0000000000000000 A=0x70978
1297000: system.cpu: T0 : 0x2109a    : c_bnez a5, 40              : IntAlu : 
1297500: system.cpu: T0 : 0x2109c    : c_beqz s0, 24              : IntAlu : 
1298500: system.cpu: T0 : 0x2109e    : bge zero, s0, 52           : IntAlu : 
1299500: system.cpu: T0 : 0x210a2    : add a5, s0, s1             : IntAlu :  D=0x0000000000095000
1300500: system.cpu: T0 : 0x210a6    : sltu a5, a5, s1            : IntAlu :  D=0x0000000000000000
1301000: system.cpu: T0 : 0x210aa    : c_beqz a5, 50              : IntAlu : 
1301500: system.cpu: T0 : 0x210dc    : add a0, s1, s0             : IntAlu :  D=0x0000000000095000
1302000: system.cpu: T0 : 0x210e0    : jal ra, 98390              : IntAlu :  D=0x00000000000210e4
1302500: system.cpu: T0 : 0x39136    : c_mv a5, a0                : IntAlu :  D=0x0000000000095000
1303000: system.cpu: T0 : 0x39138    : addi a7, zero, 214         : IntAlu :  D=0x00000000000000d6
1303500: system.cpu: T0 : 0x3913c    : ecall                      : No_OpClass : 
1304000: system.cpu: T0 : 0x39140    : sd a0, -1200(gp)           : MemWrite :  D=0x0000000000095000 A=0x70b88
1304500: system.cpu: T0 : 0x39144    : bltu a0, a5, 8             : IntAlu : 
1305000: system.cpu: T0 : 0x39148    : c_li a0, 0                 : IntAlu :  D=0x0000000000000000
1305500: system.cpu: T0 : 0x3914a    : c_jr ra                    : IntAlu : 
1306000: system.cpu: T0 : 0x210e4    : blt a0, zero, -50          : IntAlu : 
1306500: system.cpu: T0 : 0x210e8    : c_ldsp ra, 24(sp)          : MemRead :  D=0x000000000001ec22 A=0x7ffffffffffffa28
1307000: system.cpu: T0 : 0x210ea    : c_ldsp s0, 16(sp)          : MemRead :  D=0x000000000006f5c8 A=0x7ffffffffffffa20
1307500: system.cpu: T0 : 0x210ec    : c_ldsp s2, 0(sp)           : MemRead :  D=0x0000000000073f80 A=0x7ffffffffffffa10
1308000: system.cpu: T0 : 0x210ee    : c_mv a0, s1                : IntAlu :  D=0x0000000000094f80
1308500: system.cpu: T0 : 0x210f0    : c_ldsp s1, 8(sp)           : MemRead :  D=0x0000000000000290 A=0x7ffffffffffffa18
1309000: system.cpu: T0 : 0x210f2    : c_addi16sp sp, 32          : IntAlu :  D=0x7ffffffffffffa30
1309500: system.cpu: T0 : 0x210f4    : c_jr ra                    : IntAlu : 
1310000: system.cpu: T0 : 0x1ec22    : c_li a5, -1                : IntAlu :  D=0xffffffffffffffff
1310500: system.cpu: T0 : 0x1ec24    : beq a0, a5, 10             : IntAlu : 
1311000: system.cpu: T0 : 0x1ec28    : c_ldsp ra, 8(sp)           : MemRead :  D=0x000000000001c36c A=0x7ffffffffffffa38
1311500: system.cpu: T0 : 0x1ec2a    : c_addi sp, 16              : IntAlu :  D=0x7ffffffffffffa40
1312000: system.cpu: T0 : 0x1ec2c    : c_jr ra                    : IntAlu : 
1312500: system.cpu: T0 : 0x1c36c    : c_mv a4, a0                : IntAlu :  D=0x0000000000094f80
1313500: system.cpu: T0 : 0x1c36e    : beq a0, zero, 426          : IntAlu : 
1314500: system.cpu: T0 : 0x1c372    : ld a5, -1392(gp)           : MemRead :  D=0x0000000000000000 A=0x70ac8
1315500: system.cpu: T0 : 0x1c376    : bne a5, zero, 440          : IntAlu : 
1316500: system.cpu: T0 : 0x1c37a    : ld a5, -1912(s11)          : MemRead :  D=0x0000000000021000 A=0x6fe50
1317000: system.cpu: T0 : 0x1c37e    : c_mv s2, s9                : IntAlu :  D=0x0000000000073f80
1317500: system.cpu: T0 : 0x1c380    : c_add a5, s5               : IntAlu :  D=0x0000000000021080
1318000: system.cpu: T0 : 0x1c382    : c_j 168                    : IntAlu : 
1319000: system.cpu: T0 : 0x1c42a    : sub a4, a4, s2             : IntAlu :  D=0x0000000000021000
1319500: system.cpu: T0 : 0x1c42e    : c_add a4, s5               : IntAlu :  D=0x0000000000021080
1320000: system.cpu: T0 : 0x1c430    : sd s2, 96(s7)              : MemWrite :  D=0x0000000000073f80 A=0x6f628
1320500: system.cpu: T0 : 0x1c434    : ori a4, a4, 1              : IntAlu :  D=0x0000000000021081
1321000: system.cpu: T0 : 0x1c438    : sd a4, 8(s2)               : MemWrite :  D=0x0000000000021081 A=0x73f88
1321500: system.cpu: T0 : 0x1c43c    : sd a5, -1912(s11)          : MemWrite :  D=0x0000000000021080 A=0x6fe50
1322000: system.cpu: T0 : 0x1c440    : beq s3, zero, -754         : IntAlu : 
1322500: system.cpu: T0 : 0x1c14e    : c_lui a4, 1                : IntAlu :  D=0x0000000000001000
1323000: system.cpu: T0 : 0x1c150    : c_add a4, s0               : IntAlu :  D=0x00000000000705c8
1324000: system.cpu: T0 : 0x1c152    : ld a3, -1904(a4)           : MemRead :  D=0x0000000000000000 A=0x6fe58
1325000: system.cpu: T0 : 0x1c156    : bgeu a3, a5, 8             : IntAlu : 
1326000: system.cpu: T0 : 0x1c15a    : sd a5, -1904(a4)           : MemWrite :  D=0x0000000000021080 A=0x6fe58
1327000: system.cpu: T0 : 0x1c15e    : ld a5, 8(s2)               : MemRead :  D=0x0000000000021081 A=0x73f88
1327500: system.cpu: T0 : 0x1c162    : c_andi a5, 18446744073709551608 : IntAlu :  D=0x0000000000021080
1328000: system.cpu: T0 : 0x1c164    : bltu a5, s8, 298           : IntAlu : 
1328500: system.cpu: T0 : 0x1c168    : add a4, s2, s1             : IntAlu :  D=0x0000000000074210
1329000: system.cpu: T0 : 0x1c16c    : c_sd a4, 96(s0)            : MemWrite :  D=0x0000000000074210 A=0x6f628
1329500: system.cpu: T0 : 0x1c16e    : c_sub a5, s1               : IntAlu :  D=0x0000000000020df0
1330000: system.cpu: T0 : 0x1c170    : beq s0, s7, 8              : IntAlu : 
1330500: system.cpu: T0 : 0x1c178    : ori s1, s1, 1              : IntAlu :  D=0x0000000000000291
1331000: system.cpu: T0 : 0x1c17c    : sd s1, 8(s2)               : MemWrite :  D=0x0000000000000291 A=0x73f88
1331500: system.cpu: T0 : 0x1c180    : ori a5, a5, 1              : IntAlu :  D=0x0000000000020df1
1332000: system.cpu: T0 : 0x1c184    : c_sd a5, 8(a4)             : MemWrite :  D=0x0000000000020df1 A=0x74218
1332500: system.cpu: T0 : 0x1c184    : c_sd a5, 8(a4)             : MemWrite :  D=0x0000000000020df1 A=0x74218
1333500: system.cpu: T0 : 0x1c186    : addi a0, s2, 16            : IntAlu :  D=0x0000000000073f90
1334000: system.cpu: T0 : 0x1c18a    : c_ldsp ra, 152(sp)         : MemRead :  D=0x000000000001cd90 A=0x7ffffffffffffad8
1334500: system.cpu: T0 : 0x1c18c    : c_ldsp s0, 144(sp)         : MemRead :  D=0x0000000000000290 A=0x7ffffffffffffad0
1335000: system.cpu: T0 : 0x1c18e    : c_ldsp s1, 136(sp)         : MemRead :  D=0x000000000006f5c8 A=0x7ffffffffffffac8
1335500: system.cpu: T0 : 0x1c190    : c_ldsp s2, 128(sp)         : MemRead :  D=0x0000000000000004 A=0x7ffffffffffffac0
1336000: system.cpu: T0 : 0x1c192    : c_ldsp s3, 120(sp)         : MemRead :  D=0x0000000000000280 A=0x7ffffffffffffab8
1336500: system.cpu: T0 : 0x1c194    : c_ldsp s4, 112(sp)         : MemRead :  D=0x0000000000000000 A=0x7ffffffffffffab0
1337000: system.cpu: T0 : 0x1c196    : c_ldsp s5, 104(sp)         : MemRead :  D=0x0000000000000000 A=0x7ffffffffffffaa8
1337500: system.cpu: T0 : 0x1c198    : c_ldsp s6, 96(sp)          : MemRead :  D=0x0000000000000027 A=0x7ffffffffffffaa0
1338000: system.cpu: T0 : 0x1c19a    : c_ldsp s7, 88(sp)          : MemRead :  D=0x000000000006f558 A=0x7ffffffffffffa98
1338500: system.cpu: T0 : 0x1c19c    : c_ldsp s8, 80(sp)          : MemRead :  D=0x000000000006f628 A=0x7ffffffffffffa90
1339000: system.cpu: T0 : 0x1c19e    : c_ldsp s9, 72(sp)          : MemRead :  D=0x0000000000000029 A=0x7ffffffffffffa88
1339500: system.cpu: T0 : 0x1c1a0    : c_ldsp s10, 64(sp)         : MemRead :  D=0x000000000000000a A=0x7ffffffffffffa80
1340000: system.cpu: T0 : 0x1c1a2    : c_ldsp s11, 56(sp)         : MemRead :  D=0x0000000000001000 A=0x7ffffffffffffa78
1340500: system.cpu: T0 : 0x1c1a4    : c_addi16sp sp, 160         : IntAlu :  D=0x7ffffffffffffae0
1341000: system.cpu: T0 : 0x1c1a6    : c_jr ra                    : IntAlu : 
1341500: system.cpu: T0 : 0x1cd90    : c_mv s2, a0                : IntAlu :  D=0x0000000000073f90
1342500: system.cpu: T0 : 0x1cd92    : bne a0, zero, -672         : IntAlu : 
1343500: system.cpu: T0 : 0x1caf2    : lw a1, -1396(gp)           : MemRead :  D=0x0000000000000000 A=0x70ac4
1344500: system.cpu: T0 : 0x1caf6    : beq a1, zero, -516         : IntAlu : 
1345000: system.cpu: T0 : 0x1c8f2    : c_ldsp ra, 248(sp)         : MemRead :  D=0x000000000001d132 A=0x7ffffffffffffbd8
1345500: system.cpu: T0 : 0x1c8f4    : c_ldsp s0, 240(sp)         : MemRead :  D=0x000000000006f5c8 A=0x7ffffffffffffbd0
1346000: system.cpu: T0 : 0x1c8f6    : c_ldsp s1, 232(sp)         : MemRead :  D=0x000000000006f5c8 A=0x7ffffffffffffbc8
1346500: system.cpu: T0 : 0x1c8f8    : c_ldsp s3, 216(sp)         : MemRead :  D=0x0000000000000000 A=0x7ffffffffffffbb8
1347000: system.cpu: T0 : 0x1c8fa    : c_ldsp s4, 208(sp)         : MemRead :  D=0x0000000000000000 A=0x7ffffffffffffbb0
1347500: system.cpu: T0 : 0x1c8fc    : c_ldsp s5, 200(sp)         : MemRead :  D=0x0000000000000000 A=0x7ffffffffffffba8
1348000: system.cpu: T0 : 0x1c8fe    : c_ldsp s6, 192(sp)         : MemRead :  D=0x0000000000072000 A=0x7ffffffffffffba0
1348500: system.cpu: T0 : 0x1c900    : c_ldsp s7, 184(sp)         : MemRead :  D=0x0000000000000000 A=0x7ffffffffffffb98
1349000: system.cpu: T0 : 0x1c902    : c_ldsp s8, 176(sp)         : MemRead :  D=0x0000000000000000 A=0x7ffffffffffffb90
1349500: system.cpu: T0 : 0x1c904    : c_ldsp s9, 168(sp)         : MemRead :  D=0x0000000000000003 A=0x7ffffffffffffb88
1350000: system.cpu: T0 : 0x1c906    : c_ldsp s10, 160(sp)        : MemRead :  D=0x0000000000000000 A=0x7ffffffffffffb80
1350500: system.cpu: T0 : 0x1c908    : c_ldsp s11, 152(sp)        : MemRead :  D=0x0000000000000000 A=0x7ffffffffffffb78
1351000: system.cpu: T0 : 0x1c90a    : c_mv a0, s2                : IntAlu :  D=0x0000000000073f90
1351500: system.cpu: T0 : 0x1c90c    : c_ldsp s2, 224(sp)         : MemRead :  D=0x0000000000000002 A=0x7ffffffffffffbc0
1352000: system.cpu: T0 : 0x1c90e    : c_addi16sp sp, 256         : IntAlu :  D=0x7ffffffffffffbe0
1352500: system.cpu: T0 : 0x1c910    : c_jr ra                    : IntAlu : 
1353000: system.cpu: T0 : 0x1d132    : c_mv a5, a0                : IntAlu :  D=0x0000000000073f90
1353500: system.cpu: T0 : 0x1d134    : c_beqz a0, 70              : IntAlu : 
1354000: system.cpu: T0 : 0x1d136    : c_li a4, 0                 : IntAlu :  D=0x0000000000000000
1354500: system.cpu: T0 : 0x1d138    : fence iorw, ow             : No_OpClass : 
1355000: system.cpu: T0 : 0x1d13c    : amoswap_w a4, a4, (s0)    
1355000: system.cpu: T0 : 0x1d13c. 0 : amoswap_w[l] a4, a4, (s0)  : MemRead :  D=0x0000000000000001 A=0x6f5c8
1355500: system.cpu: T0 : 0x1d140    : c_addiw a4, 0              : IntAlu :  D=0x0000000000000001
1356000: system.cpu: T0 : 0x1d142    : c_li a3, 1                 : IntAlu :  D=0x0000000000000001
1356500: system.cpu: T0 : 0x1d144    : blt a3, a4, 96             : IntAlu : 
1357000: system.cpu: T0 : 0x1d148    : c_ldsp s0, 16(sp)          : MemRead :  D=0x0000000000000024 A=0x7ffffffffffffbf0
1357500: system.cpu: T0 : 0x1d14a    : c_ldsp ra, 24(sp)          : MemRead :  D=0x000000000001dab8 A=0x7ffffffffffffbf8
1358000: system.cpu: T0 : 0x1d14c    : c_ldsp s1, 8(sp)           : MemRead :  D=0x0000000000000001 A=0x7ffffffffffffbe8
1359000: system.cpu: T0 : 0x1d14e    : sd a5, 40(tp)              : MemWrite :  D=0x0000000000073f90 A=0x73738
1360000: system.cpu: T0 : 0x1d152    : addi a2, zero, 640         : IntAlu :  D=0x0000000000000280
1360500: system.cpu: T0 : 0x1d156    : c_li a1, 0                 : IntAlu :  D=0x0000000000000000
1361000: system.cpu: T0 : 0x1d158    : c_mv a0, a5                : IntAlu :  D=0x0000000000073f90
1361500: system.cpu: T0 : 0x1d15a    : c_addi16sp sp, 32          : IntAlu :  D=0x7ffffffffffffc00
1362000: system.cpu: T0 : 0x1d15c    : jal zero, 10394            : IntAlu :  D=0x000000000001d160
1362500: system.cpu: T0 : 0x1f9f6    : c_li a4, 7                 : IntAlu :  D=0x0000000000000007
1363000: system.cpu: T0 : 0x1f9f8    : c_mv a5, a0                : IntAlu :  D=0x0000000000073f90
1364000: system.cpu: T0 : 0x1f9fa    : bgeu a4, a2, 140           : IntAlu : 
1365000: system.cpu: T0 : 0x1f9fe    : andi a7, a1, 255           : IntAlu :  D=0x0000000000000000
1366000: system.cpu: T0 : 0x1fa02    : slli a3, a7, 8             : IntAlu :  D=0x0000000000000000
1367000: system.cpu: T0 : 0x1fa06    : or a3, a3, a7              : IntAlu :  D=0x0000000000000000
1368000: system.cpu: T0 : 0x1fa0a    : slli a4, a3, 16            : IntAlu :  D=0x0000000000000000
1368500: system.cpu: T0 : 0x1fa0e    : c_or a3, a4                : IntAlu :  D=0x0000000000000000
1369000: system.cpu: T0 : 0x1fa10    : slli a4, a3, 32            : IntAlu :  D=0x0000000000000000
1369500: system.cpu: T0 : 0x1fa14    : andi a6, a0, 7             : IntAlu :  D=0x0000000000000000
1370000: system.cpu: T0 : 0x1fa18    : c_or a4, a3                : IntAlu :  D=0x0000000000000000
1371000: system.cpu: T0 : 0x1fa1a    : beq a6, zero, 130          : IntAlu : 
1371500: system.cpu: T0 : 0x1fa9c    : c_mv a3, a2                : IntAlu :  D=0x0000000000000280
1372000: system.cpu: T0 : 0x1fa9e    : c_j -108                   : IntAlu : 
1373000: system.cpu: T0 : 0x1fa32    : srli a6, a3, 6             : IntAlu :  D=0x000000000000000a
1374000: system.cpu: T0 : 0x1fa36    : beq a6, zero, 42           : IntAlu : 
1375000: system.cpu: T0 : 0x1fa3a    : slli a2, a6, 6             : IntAlu :  D=0x0000000000000280
1375500: system.cpu: T0 : 0x1fa3e    : c_mv a7, a5                : IntAlu :  D=0x0000000000073f90
1376000: system.cpu: T0 : 0x1fa40    : c_add a2, a5               : IntAlu :  D=0x0000000000074210
1376500: system.cpu: T0 : 0x1fa42    : c_sd a4, 0(a5)             : MemWrite :  D=0x0000000000000000 A=0x73f90
1377000: system.cpu: T0 : 0x1fa44    : c_sd a4, 8(a5)             : MemWrite :  D=0x0000000000000000 A=0x73f98
1377500: system.cpu: T0 : 0x1fa46    : c_sd a4, 16(a5)            : MemWrite :  D=0x0000000000000000 A=0x73fa0
1378000: system.cpu: T0 : 0x1fa48    : c_sd a4, 24(a5)            : MemWrite :  D=0x0000000000000000 A=0x73fa8
1378500: system.cpu: T0 : 0x1fa4a    : c_sd a4, 32(a5)            : MemWrite :  D=0x0000000000000000 A=0x73fb0
1379000: system.cpu: T0 : 0x1fa4c    : c_sd a4, 40(a5)            : MemWrite :  D=0x0000000000000000 A=0x73fb8
1379500: system.cpu: T0 : 0x1fa4e    : c_sd a4, 48(a5)            : MemWrite :  D=0x0000000000000000 A=0x73fc0
1380000: system.cpu: T0 : 0x1fa50    : c_sd a4, 56(a5)            : MemWrite :  D=0x0000000000000000 A=0x73fc8
1381000: system.cpu: T0 : 0x1fa52    : addi a5, a5, 64            : IntAlu :  D=0x0000000000073fd0
1382000: system.cpu: T0 : 0x1fa56    : bne a2, a5, -20            : IntAlu : 
1382500: system.cpu: T0 : 0x1fa42    : c_sd a4, 0(a5)             : MemWrite :  D=0x0000000000000000 A=0x73fd0
1383000: system.cpu: T0 : 0x1fa44    : c_sd a4, 8(a5)             : MemWrite :  D=0x0000000000000000 A=0x73fd8
1383500: system.cpu: T0 : 0x1fa46    : c_sd a4, 16(a5)            : MemWrite :  D=0x0000000000000000 A=0x73fe0
1384000: system.cpu: T0 : 0x1fa48    : c_sd a4, 24(a5)            : MemWrite :  D=0x0000000000000000 A=0x73fe8
1384500: system.cpu: T0 : 0x1fa4a    : c_sd a4, 32(a5)            : MemWrite :  D=0x0000000000000000 A=0x73ff0
1385000: system.cpu: T0 : 0x1fa4c    : c_sd a4, 40(a5)            : MemWrite :  D=0x0000000000000000 A=0x73ff8
1385500: system.cpu: T0 : 0x1fa4e    : c_sd a4, 48(a5)            : MemWrite :  D=0x0000000000000000 A=0x74000
1386000: system.cpu: T0 : 0x1fa50    : c_sd a4, 56(a5)            : MemWrite :  D=0x0000000000000000 A=0x74008
1387000: system.cpu: T0 : 0x1fa52    : addi a5, a5, 64            : IntAlu :  D=0x0000000000074010
1388000: system.cpu: T0 : 0x1fa56    : bne a2, a5, -20            : IntAlu : 
1388500: system.cpu: T0 : 0x1fa42    : c_sd a4, 0(a5)             : MemWrite :  D=0x0000000000000000 A=0x74010
1389000: system.cpu: T0 : 0x1fa44    : c_sd a4, 8(a5)             : MemWrite :  D=0x0000000000000000 A=0x74018
1389500: system.cpu: T0 : 0x1fa46    : c_sd a4, 16(a5)            : MemWrite :  D=0x0000000000000000 A=0x74020
1390000: system.cpu: T0 : 0x1fa48    : c_sd a4, 24(a5)            : MemWrite :  D=0x0000000000000000 A=0x74028
1390500: system.cpu: T0 : 0x1fa4a    : c_sd a4, 32(a5)            : MemWrite :  D=0x0000000000000000 A=0x74030
1391000: system.cpu: T0 : 0x1fa4c    : c_sd a4, 40(a5)            : MemWrite :  D=0x0000000000000000 A=0x74038
1391500: system.cpu: T0 : 0x1fa4e    : c_sd a4, 48(a5)            : MemWrite :  D=0x0000000000000000 A=0x74040
1392000: system.cpu: T0 : 0x1fa50    : c_sd a4, 56(a5)            : MemWrite :  D=0x0000000000000000 A=0x74048
1393000: system.cpu: T0 : 0x1fa52    : addi a5, a5, 64            : IntAlu :  D=0x0000000000074050
1394000: system.cpu: T0 : 0x1fa56    : bne a2, a5, -20            : IntAlu : 
1394500: system.cpu: T0 : 0x1fa42    : c_sd a4, 0(a5)             : MemWrite :  D=0x0000000000000000 A=0x74050
1395000: system.cpu: T0 : 0x1fa44    : c_sd a4, 8(a5)             : MemWrite :  D=0x0000000000000000 A=0x74058
1395500: system.cpu: T0 : 0x1fa46    : c_sd a4, 16(a5)            : MemWrite :  D=0x0000000000000000 A=0x74060
1396000: system.cpu: T0 : 0x1fa48    : c_sd a4, 24(a5)            : MemWrite :  D=0x0000000000000000 A=0x74068
1396500: system.cpu: T0 : 0x1fa4a    : c_sd a4, 32(a5)            : MemWrite :  D=0x0000000000000000 A=0x74070
1397000: system.cpu: T0 : 0x1fa4c    : c_sd a4, 40(a5)            : MemWrite :  D=0x0000000000000000 A=0x74078
1397500: system.cpu: T0 : 0x1fa4e    : c_sd a4, 48(a5)            : MemWrite :  D=0x0000000000000000 A=0x74080
1398000: system.cpu: T0 : 0x1fa50    : c_sd a4, 56(a5)            : MemWrite :  D=0x0000000000000000 A=0x74088
1399000: system.cpu: T0 : 0x1fa52    : addi a5, a5, 64            : IntAlu :  D=0x0000000000074090
1400000: system.cpu: T0 : 0x1fa56    : bne a2, a5, -20            : IntAlu : 
1400500: system.cpu: T0 : 0x1fa42    : c_sd a4, 0(a5)             : MemWrite :  D=0x0000000000000000 A=0x74090
1401000: system.cpu: T0 : 0x1fa44    : c_sd a4, 8(a5)             : MemWrite :  D=0x0000000000000000 A=0x74098
1401500: system.cpu: T0 : 0x1fa46    : c_sd a4, 16(a5)            : MemWrite :  D=0x0000000000000000 A=0x740a0
1402000: system.cpu: T0 : 0x1fa48    : c_sd a4, 24(a5)            : MemWrite :  D=0x0000000000000000 A=0x740a8
1402500: system.cpu: T0 : 0x1fa4a    : c_sd a4, 32(a5)            : MemWrite :  D=0x0000000000000000 A=0x740b0
1403000: system.cpu: T0 : 0x1fa4c    : c_sd a4, 40(a5)            : MemWrite :  D=0x0000000000000000 A=0x740b8
1403500: system.cpu: T0 : 0x1fa4e    : c_sd a4, 48(a5)            : MemWrite :  D=0x0000000000000000 A=0x740c0
1404000: system.cpu: T0 : 0x1fa50    : c_sd a4, 56(a5)            : MemWrite :  D=0x0000000000000000 A=0x740c8
1405000: system.cpu: T0 : 0x1fa52    : addi a5, a5, 64            : IntAlu :  D=0x00000000000740d0
1406000: system.cpu: T0 : 0x1fa56    : bne a2, a5, -20            : IntAlu : 
1406500: system.cpu: T0 : 0x1fa42    : c_sd a4, 0(a5)             : MemWrite :  D=0x0000000000000000 A=0x740d0
1407000: system.cpu: T0 : 0x1fa44    : c_sd a4, 8(a5)             : MemWrite :  D=0x0000000000000000 A=0x740d8
1407500: system.cpu: T0 : 0x1fa46    : c_sd a4, 16(a5)            : MemWrite :  D=0x0000000000000000 A=0x740e0
1408000: system.cpu: T0 : 0x1fa48    : c_sd a4, 24(a5)            : MemWrite :  D=0x0000000000000000 A=0x740e8
1408500: system.cpu: T0 : 0x1fa4a    : c_sd a4, 32(a5)            : MemWrite :  D=0x0000000000000000 A=0x740f0
1409000: system.cpu: T0 : 0x1fa4c    : c_sd a4, 40(a5)            : MemWrite :  D=0x0000000000000000 A=0x740f8
1409500: system.cpu: T0 : 0x1fa4e    : c_sd a4, 48(a5)            : MemWrite :  D=0x0000000000000000 A=0x74100
1410000: system.cpu: T0 : 0x1fa50    : c_sd a4, 56(a5)            : MemWrite :  D=0x0000000000000000 A=0x74108
1411000: system.cpu: T0 : 0x1fa52    : addi a5, a5, 64            : IntAlu :  D=0x0000000000074110
1412000: system.cpu: T0 : 0x1fa56    : bne a2, a5, -20            : IntAlu : 
1412500: system.cpu: T0 : 0x1fa42    : c_sd a4, 0(a5)             : MemWrite :  D=0x0000000000000000 A=0x74110
1413000: system.cpu: T0 : 0x1fa44    : c_sd a4, 8(a5)             : MemWrite :  D=0x0000000000000000 A=0x74118
1413500: system.cpu: T0 : 0x1fa46    : c_sd a4, 16(a5)            : MemWrite :  D=0x0000000000000000 A=0x74120
1414000: system.cpu: T0 : 0x1fa48    : c_sd a4, 24(a5)            : MemWrite :  D=0x0000000000000000 A=0x74128
1414500: system.cpu: T0 : 0x1fa4a    : c_sd a4, 32(a5)            : MemWrite :  D=0x0000000000000000 A=0x74130
1415000: system.cpu: T0 : 0x1fa4c    : c_sd a4, 40(a5)            : MemWrite :  D=0x0000000000000000 A=0x74138
1415500: system.cpu: T0 : 0x1fa4e    : c_sd a4, 48(a5)            : MemWrite :  D=0x0000000000000000 A=0x74140
1416000: system.cpu: T0 : 0x1fa50    : c_sd a4, 56(a5)            : MemWrite :  D=0x0000000000000000 A=0x74148
1417000: system.cpu: T0 : 0x1fa52    : addi a5, a5, 64            : IntAlu :  D=0x0000000000074150
1418000: system.cpu: T0 : 0x1fa56    : bne a2, a5, -20            : IntAlu : 
1418500: system.cpu: T0 : 0x1fa42    : c_sd a4, 0(a5)             : MemWrite :  D=0x0000000000000000 A=0x74150
1419000: system.cpu: T0 : 0x1fa44    : c_sd a4, 8(a5)             : MemWrite :  D=0x0000000000000000 A=0x74158
1419500: system.cpu: T0 : 0x1fa46    : c_sd a4, 16(a5)            : MemWrite :  D=0x0000000000000000 A=0x74160
1420000: system.cpu: T0 : 0x1fa48    : c_sd a4, 24(a5)            : MemWrite :  D=0x0000000000000000 A=0x74168
1420500: system.cpu: T0 : 0x1fa4a    : c_sd a4, 32(a5)            : MemWrite :  D=0x0000000000000000 A=0x74170
1421000: system.cpu: T0 : 0x1fa4c    : c_sd a4, 40(a5)            : MemWrite :  D=0x0000000000000000 A=0x74178
1421500: system.cpu: T0 : 0x1fa4e    : c_sd a4, 48(a5)            : MemWrite :  D=0x0000000000000000 A=0x74180
1422000: system.cpu: T0 : 0x1fa50    : c_sd a4, 56(a5)            : MemWrite :  D=0x0000000000000000 A=0x74188
1423000: system.cpu: T0 : 0x1fa52    : addi a5, a5, 64            : IntAlu :  D=0x0000000000074190
1424000: system.cpu: T0 : 0x1fa56    : bne a2, a5, -20            : IntAlu : 
1424500: system.cpu: T0 : 0x1fa42    : c_sd a4, 0(a5)             : MemWrite :  D=0x0000000000000000 A=0x74190
1425000: system.cpu: T0 : 0x1fa44    : c_sd a4, 8(a5)             : MemWrite :  D=0x0000000000000000 A=0x74198
1425500: system.cpu: T0 : 0x1fa46    : c_sd a4, 16(a5)            : MemWrite :  D=0x0000000000000000 A=0x741a0
1426000: system.cpu: T0 : 0x1fa48    : c_sd a4, 24(a5)            : MemWrite :  D=0x0000000000000000 A=0x741a8
1426500: system.cpu: T0 : 0x1fa4a    : c_sd a4, 32(a5)            : MemWrite :  D=0x0000000000000000 A=0x741b0
1427000: system.cpu: T0 : 0x1fa4c    : c_sd a4, 40(a5)            : MemWrite :  D=0x0000000000000000 A=0x741b8
1427500: system.cpu: T0 : 0x1fa4e    : c_sd a4, 48(a5)            : MemWrite :  D=0x0000000000000000 A=0x741c0
1428000: system.cpu: T0 : 0x1fa50    : c_sd a4, 56(a5)            : MemWrite :  D=0x0000000000000000 A=0x741c8
1429000: system.cpu: T0 : 0x1fa52    : addi a5, a5, 64            : IntAlu :  D=0x00000000000741d0
1430000: system.cpu: T0 : 0x1fa56    : bne a2, a5, -20            : IntAlu : 
1430500: system.cpu: T0 : 0x1fa42    : c_sd a4, 0(a5)             : MemWrite :  D=0x0000000000000000 A=0x741d0
1431000: system.cpu: T0 : 0x1fa44    : c_sd a4, 8(a5)             : MemWrite :  D=0x0000000000000000 A=0x741d8
1431500: system.cpu: T0 : 0x1fa46    : c_sd a4, 16(a5)            : MemWrite :  D=0x0000000000000000 A=0x741e0
1432000: system.cpu: T0 : 0x1fa48    : c_sd a4, 24(a5)            : MemWrite :  D=0x0000000000000000 A=0x741e8
1432500: system.cpu: T0 : 0x1fa4a    : c_sd a4, 32(a5)            : MemWrite :  D=0x0000000000000000 A=0x741f0
1433000: system.cpu: T0 : 0x1fa4c    : c_sd a4, 40(a5)            : MemWrite :  D=0x0000000000000000 A=0x741f8
1433500: system.cpu: T0 : 0x1fa4e    : c_sd a4, 48(a5)            : MemWrite :  D=0x0000000000000000 A=0x74200
1434000: system.cpu: T0 : 0x1fa50    : c_sd a4, 56(a5)            : MemWrite :  D=0x0000000000000000 A=0x74208
1435000: system.cpu: T0 : 0x1fa52    : addi a5, a5, 64            : IntAlu :  D=0x0000000000074210
1436000: system.cpu: T0 : 0x1fa56    : bne a2, a5, -20            : IntAlu : 
1437000: system.cpu: T0 : 0x1fa5a    : slli a5, a6, 6             : IntAlu :  D=0x0000000000000280
1437500: system.cpu: T0 : 0x1fa5e    : c_add a5, a7               : IntAlu :  D=0x0000000000074210
1438000: system.cpu: T0 : 0x1fa60    : srli a6, a3, 3             : IntAlu :  D=0x0000000000000050
1438500: system.cpu: T0 : 0x1fa64    : andi a6, a6, 7             : IntAlu :  D=0x0000000000000000
1439000: system.cpu: T0 : 0x1fa68    : beq a6, zero, 26           : IntAlu : 
1440000: system.cpu: T0 : 0x1fa82    : andi a2, a3, 7             : IntAlu :  D=0x0000000000000000
1441000: system.cpu: T0 : 0x1fa86    : andi a1, a1, 255           : IntAlu :  D=0x0000000000000000
1442000: system.cpu: T0 : 0x1fa8a    : add a4, a5, a2             : IntAlu :  D=0x0000000000074210
1442500: system.cpu: T0 : 0x1fa8e    : c_beqz a2, 12              : IntAlu : 
1443000: system.cpu: T0 : 0x1fa9a    : c_jr ra                    : IntAlu : 
1443500: system.cpu: T0 : 0x1dab8    : lui a5, 111                : IntAlu :  D=0x000000000006f000
1444000: system.cpu: T0 : 0x1dabc    : ld a5, 1448(a5)            : MemRead :  D=0x0000000000000040 A=0x6f5a8
1444500: system.cpu: T0 : 0x1dac0    : bgeu s1, a5, -100          : IntAlu : 
1445000: system.cpu: T0 : 0x1dac4    : ld a4, 40(tp)              : MemRead :  D=0x0000000000073f90 A=0x73738
1445500: system.cpu: T0 : 0x1dac8    : c_beqz a4, -108            : IntAlu : 
1446500: system.cpu: T0 : 0x1daca    : slli a3, s1, 1             : IntAlu :  D=0x0000000000000002
1447000: system.cpu: T0 : 0x1dace    : c_add a3, a4               : IntAlu :  D=0x0000000000073f92
1447500: system.cpu: T0 : 0x1dad0    : lhu a2, 0(a3)              : MemRead :  D=0x0000000000000000 A=0x73f92
1448000: system.cpu: T0 : 0x1dad4    : c_beqz a2, -120            : IntAlu : 
1448500: system.cpu: T0 : 0x1da5c    : lw a5, -1808(tp)           : MemRead :  D=0x0000000000000000 A=0x73000
1449000: system.cpu: T0 : 0x1da60    : c_bnez a5, 210             : IntAlu : 
1450000: system.cpu: T0 : 0x1da62    : lui s1, 111                : IntAlu :  D=0x000000000006f000
1450500: system.cpu: T0 : 0x1da66    : c_mv a1, s0                : IntAlu :  D=0x0000000000000024
1451000: system.cpu: T0 : 0x1da68    : addi a0, s1, 1480          : IntAlu :  D=0x000000000006f5c8
1451500: system.cpu: T0 : 0x1da6c    : jal ra, -5228              : IntAlu :  D=0x000000000001da70
1452000: system.cpu: T0 : 0x1c600    : c_addi16sp sp, -256        : IntAlu :  D=0x7ffffffffffffb00
1452500: system.cpu: T0 : 0x1c602    : c_sdsp ra, 248(sp)         : MemWrite :  D=0x000000000001da70 A=0x7ffffffffffffbf8
1453000: system.cpu: T0 : 0x1c604    : c_sdsp s0, 240(sp)         : MemWrite :  D=0x0000000000000024 A=0x7ffffffffffffbf0
1453500: system.cpu: T0 : 0x1c606    : c_sdsp s1, 232(sp)         : MemWrite :  D=0x000000000006f000 A=0x7ffffffffffffbe8
1454000: system.cpu: T0 : 0x1c608    : c_sdsp s2, 224(sp)         : MemWrite :  D=0x0000000000000002 A=0x7ffffffffffffbe0
1454500: system.cpu: T0 : 0x1c60a    : c_sdsp s3, 216(sp)         : MemWrite :  D=0x0000000000000000 A=0x7ffffffffffffbd8
1455000: system.cpu: T0 : 0x1c60c    : c_sdsp s4, 208(sp)         : MemWrite :  D=0x0000000000000000 A=0x7ffffffffffffbd0
1455500: system.cpu: T0 : 0x1c60e    : c_sdsp s5, 200(sp)         : MemWrite :  D=0x0000000000000000 A=0x7ffffffffffffbc8
1456000: system.cpu: T0 : 0x1c610    : c_sdsp s6, 192(sp)         : MemWrite :  D=0x0000000000072000 A=0x7ffffffffffffbc0
1456500: system.cpu: T0 : 0x1c612    : c_sdsp s7, 184(sp)         : MemWrite :  D=0x0000000000000000 A=0x7ffffffffffffbb8
1457000: system.cpu: T0 : 0x1c614    : c_sdsp s8, 176(sp)         : MemWrite :  D=0x0000000000000000 A=0x7ffffffffffffbb0
1457500: system.cpu: T0 : 0x1c616    : c_sdsp s9, 168(sp)         : MemWrite :  D=0x0000000000000003 A=0x7ffffffffffffba8
1458000: system.cpu: T0 : 0x1c618    : c_sdsp s10, 160(sp)        : MemWrite :  D=0x0000000000000000 A=0x7ffffffffffffba0
1458500: system.cpu: T0 : 0x1c61a    : c_sdsp s11, 152(sp)        : MemWrite :  D=0x0000000000000000 A=0x7ffffffffffffb98
1459000: system.cpu: T0 : 0x1c61c    : blt a1, zero, 1198         : IntAlu : 
1459500: system.cpu: T0 : 0x1c620    : addi s0, a1, 23            : IntAlu :  D=0x000000000000003b
1460000: system.cpu: T0 : 0x1c624    : c_li a5, 31                : IntAlu :  D=0x000000000000001f
1460500: system.cpu: T0 : 0x1c626    : c_mv s3, a1                : IntAlu :  D=0x0000000000000024
1461000: system.cpu: T0 : 0x1c628    : c_mv s1, a0                : IntAlu :  D=0x000000000006f5c8
1462000: system.cpu: T0 : 0x1c62a    : bltu a5, s0, 220           : IntAlu : 
1462500: system.cpu: T0 : 0x1c706    : c_andi s0, 18446744073709551600 : IntAlu :  D=0x0000000000000030
1463000: system.cpu: T0 : 0x1c708    : beq a0, zero, 988          : IntAlu : 
1463500: system.cpu: T0 : 0x1c70c    : ld a4, -1376(gp)           : MemRead :  D=0x0000000000000080 A=0x70ad8
1464000: system.cpu: T0 : 0x1c710    : srliw s9, s0, 4            : IntAlu :  D=0x0000000000000003
1464500: system.cpu: T0 : 0x1c714    : srliw a5, s0, 4            : IntAlu :  D=0x0000000000000003
1465000: system.cpu: T0 : 0x1c718    : bgeu a4, s0, 506           : IntAlu : 
1465500: system.cpu: T0 : 0x1c912    : c_addiw a5, -2             : IntAlu :  D=0x0000000000000001
1466000: system.cpu: T0 : 0x1c914    : slli a2, a5, 32            : IntAlu :  D=0x0000000100000000
1466500: system.cpu: T0 : 0x1c918    : c_srli a2, 32              : IntAlu :  D=0x0000000000000001
1467000: system.cpu: T0 : 0x1c91a    : c_addi a2, 2               : IntAlu :  D=0x0000000000000003
1467500: system.cpu: T0 : 0x1c91c    : c_slli a2, 3               : IntAlu :  D=0x0000000000000018
1468000: system.cpu: T0 : 0x1c91e    : c_j -376                   : IntAlu : 
1468500: system.cpu: T0 : 0x1c7a6    : c_slli a5, 32              : IntAlu :  D=0x0000000100000000
1469000: system.cpu: T0 : 0x1c7a8    : c_srli a5, 29              : IntAlu :  D=0x0000000000000008
1469500: system.cpu: T0 : 0x1c7aa    : c_add a5, s1               : IntAlu :  D=0x000000000006f5d0
1470000: system.cpu: T0 : 0x1c7ac    : ld s2, 16(a5)              : MemRead :  D=0x0000000000000000 A=0x6f5e0
1470500: system.cpu: T0 : 0x1c7b0    : beq s2, zero, 170          : IntAlu : 
1471500: system.cpu: T0 : 0x1c85a    : addiw a5, s9, -1           : IntAlu :  D=0x0000000000000002
1472500: system.cpu: T0 : 0x1c85e    : slliw a5, a5, 1            : IntAlu :  D=0x0000000000000004
1473000: system.cpu: T0 : 0x1c862    : c_slli a5, 32              : IntAlu :  D=0x0000000400000000
1473500: system.cpu: T0 : 0x1c864    : c_srli a5, 32              : IntAlu :  D=0x0000000000000004
1474000: system.cpu: T0 : 0x1c866    : c_addi a5, 14              : IntAlu :  D=0x0000000000000012
1474500: system.cpu: T0 : 0x1c868    : c_slli a5, 3               : IntAlu :  D=0x0000000000000090
1475000: system.cpu: T0 : 0x1c86a    : c_j -550                   : IntAlu : 
1475500: system.cpu: T0 : 0x1c644    : c_add a5, s1               : IntAlu :  D=0x000000000006f658
1476500: system.cpu: T0 : 0x1c646    : ld s2, 8(a5)               : MemRead :  D=0x000000000006f648 A=0x6f660
1477500: system.cpu: T0 : 0x1c64a    : addi a3, a5, -16           : IntAlu :  D=0x000000000006f648
1478500: system.cpu: T0 : 0x1c64e    : beq a3, s2, 748            : IntAlu : 
1479500: system.cpu: T0 : 0x1c93a    : srli t1, s0, 9             : IntAlu :  D=0x0000000000000000
1480500: system.cpu: T0 : 0x1c93e    : addiw a5, t1, 91           : IntAlu :  D=0x000000000000005b
1481500: system.cpu: T0 : 0x1c942    : srli s10, s0, 6            : IntAlu :  D=0x0000000000000000
1482000: system.cpu: T0 : 0x1c946    : c_sdsp a5, 96(sp)          : MemWrite :  D=0x000000000000005b A=0x7ffffffffffffb60
1482500: system.cpu: T0 : 0x1c948    : addiw a5, s10, 48          : IntAlu :  D=0x0000000000000030
1483000: system.cpu: T0 : 0x1c94c    : c_sdsp a5, 88(sp)          : MemWrite :  D=0x0000000000000030 A=0x7ffffffffffffb58
1484000: system.cpu: T0 : 0x1c94e    : addi a5, zero, 110         : IntAlu :  D=0x000000000000006e
1484500: system.cpu: T0 : 0x1c952    : c_sdsp a5, 112(sp)         : MemWrite :  D=0x000000000000006e A=0x7ffffffffffffb70
1485000: system.cpu: T0 : 0x1c954    : addi a5, zero, 119         : IntAlu :  D=0x0000000000000077
1485500: system.cpu: T0 : 0x1c958    : c_sdsp a5, 104(sp)         : MemWrite :  D=0x0000000000000077 A=0x7ffffffffffffb68
1486500: system.cpu: T0 : 0x1c95a    : addi a5, zero, 124         : IntAlu :  D=0x000000000000007c
1487000: system.cpu: T0 : 0x1c95e    : c_sdsp s9, 8(sp)           : MemWrite :  D=0x0000000000000003 A=0x7ffffffffffffb08
1487500: system.cpu: T0 : 0x1c960    : c_sdsp a5, 120(sp)         : MemWrite :  D=0x000000000000007c A=0x7ffffffffffffb78
1488000: system.cpu: T0 : 0x1c962    : c_sdsp zero, 128(sp)       : MemWrite :  D=0x0000000000000000 A=0x7ffffffffffffb80
1488500: system.cpu: T0 : 0x1c964    : c_sdsp zero, 136(sp)       : MemWrite :  D=0x0000000000000000 A=0x7ffffffffffffb88
1489500: system.cpu: T0 : 0x1c966    : ld a5, 40(tp)              : MemRead :  D=0x0000000000073f90 A=0x73738
1490500: system.cpu: T0 : 0x1c96a    : addi s6, s0, -17           : IntAlu :  D=0x000000000000001f
1491500: system.cpu: T0 : 0x1c96e    : srli s6, s6, 4             : IntAlu :  D=0x0000000000000001
1492000: system.cpu: T0 : 0x1c972    : c_li s5, 0                 : IntAlu :  D=0x0000000000000000
1492500: system.cpu: T0 : 0x1c974    : c_beqz a5, 22              : IntAlu : 
1493500: system.cpu: T0 : 0x1c976    : lui a5, 111                : IntAlu :  D=0x000000000006f000
1494500: system.cpu: T0 : 0x1c97a    : ld s5, 1448(a5)            : MemRead :  D=0x0000000000000040 A=0x6f5a8
1495500: system.cpu: T0 : 0x1c97e    : sltu s5, s6, s5            : IntAlu :  D=0x0000000000000001
1496500: system.cpu: T0 : 0x1c982    : sub s5, zero, s5           : IntAlu :  D=0xffffffffffffffff
1497500: system.cpu: T0 : 0x1c986    : and s5, s0, s5             : IntAlu :  D=0x0000000000000030
1498500: system.cpu: T0 : 0x1c98a    : lui a5, 111                : IntAlu :  D=0x000000000006f000
1499000: system.cpu: T0 : 0x1c98e    : c_lui s11, 1               : IntAlu :  D=0x0000000000001000
1499500: system.cpu: T0 : 0x1c990    : lui s7, 111                : IntAlu :  D=0x000000000006f000
1500000: system.cpu: T0 : 0x1c994    : addi a5, a5, 1480          : IntAlu :  D=0x000000000006f5c8
1500500: system.cpu: T0 : 0x1c998    : addi s8, s1, 96            : IntAlu :  D=0x000000000006f628
1501000: system.cpu: T0 : 0x1c99c    : c_li t5, 0                 : IntAlu :  D=0x0000000000000000
1502000: system.cpu: T0 : 0x1c99e    : addi s7, s7, 1368          : IntAlu :  D=0x000000000006f558
1503000: system.cpu: T0 : 0x1c9a2    : add a7, s1, s11            : IntAlu :  D=0x00000000000705c8
1503500: system.cpu: T0 : 0x1c9a6    : c_sdsp a5, 56(sp)          : MemWrite :  D=0x000000000006f5c8 A=0x7ffffffffffffb38
1504000: system.cpu: T0 : 0x1c9a8    : c_ld a5, 120(s1)           : MemRead :  D=0x000000000006f628 A=0x6f640
1505000: system.cpu: T0 : 0x1c9aa    : beq a5, s8, 532            : IntAlu : 
1506000: system.cpu: T0 : 0x1cbbe    : addi a5, zero, 1023        : IntAlu :  D=0x00000000000003ff
1507000: system.cpu: T0 : 0x1cbc2    : bgeu a5, s0, 38            : IntAlu : 
1507500: system.cpu: T0 : 0x1cbe8    : c_ldsp a3, 8(sp)           : MemRead :  D=0x0000000000000003 A=0x7ffffffffffffb08
1508000: system.cpu: T0 : 0x1cbea    : c_li a0, 4                 : IntAlu :  D=0x0000000000000004
1508500: system.cpu: T0 : 0x1cbec    : addiw a5, a3, 1            : IntAlu :  D=0x0000000000000004
1509000: system.cpu: T0 : 0x1cbf0    : srliw a4, a5, 5            : IntAlu :  D=0x0000000000000000
1509500: system.cpu: T0 : 0x1cbf4    : slliw a3, a3, 1            : IntAlu :  D=0x0000000000000006
1510000: system.cpu: T0 : 0x1cbf8    : addi a4, a4, 536           : IntAlu :  D=0x0000000000000218
1510500: system.cpu: T0 : 0x1cbfc    : c_slli a3, 32              : IntAlu :  D=0x0000000600000000
1511000: system.cpu: T0 : 0x1cbfe    : c_slli a4, 2               : IntAlu :  D=0x0000000000000860
1511500: system.cpu: T0 : 0x1cc00    : c_srli a3, 32              : IntAlu :  D=0x0000000000000006
1512000: system.cpu: T0 : 0x1cc02    : c_add a4, s1               : IntAlu :  D=0x000000000006fe28
1512500: system.cpu: T0 : 0x1cc04    : c_slli a3, 3               : IntAlu :  D=0x0000000000000030
1513000: system.cpu: T0 : 0x1cc06    : c_lw a2, 0(a4)             : MemRead :  D=0x0000000000000000 A=0x6fe28
1513500: system.cpu: T0 : 0x1cc08    : addi a3, a3, 96            : IntAlu :  D=0x0000000000000090
1514000: system.cpu: T0 : 0x1cc0c    : c_li a4, 1                 : IntAlu :  D=0x0000000000000001
1515000: system.cpu: T0 : 0x1cc0e    : srliw s2, a5, 5            : IntAlu :  D=0x0000000000000000
1515500: system.cpu: T0 : 0x1cc12    : c_add a3, s1               : IntAlu :  D=0x000000000006f658
1516000: system.cpu: T0 : 0x1cc14    : sllw a5, a4, a5            : IntAlu :  D=0x0000000000000010
1516500: system.cpu: T0 : 0x1cc18    : bltu a2, a5, 144           : IntAlu : 
1517000: system.cpu: T0 : 0x1cca8    : addiw a5, s2, 1            : IntAlu :  D=0x0000000000000001
1517500: system.cpu: T0 : 0x1ccac    : addiw s2, a5, 0            : IntAlu :  D=0x0000000000000001
1518000: system.cpu: T0 : 0x1ccb0    : bne s2, a0, -26            : IntAlu : 
1518500: system.cpu: T0 : 0x1cc96    : c_slli a5, 32              : IntAlu :  D=0x0000000100000000
1519000: system.cpu: T0 : 0x1cc98    : c_srli a5, 32              : IntAlu :  D=0x0000000000000001
1520000: system.cpu: T0 : 0x1cc9a    : addi a5, a5, 536           : IntAlu :  D=0x0000000000000219
1520500: system.cpu: T0 : 0x1cc9e    : c_slli a5, 2               : IntAlu :  D=0x0000000000000864
1521000: system.cpu: T0 : 0x1cca0    : c_add a5, s1               : IntAlu :  D=0x000000000006fe2c
1521500: system.cpu: T0 : 0x1cca2    : c_lw a2, 0(a5)             : MemRead :  D=0x0000000000000000 A=0x6fe2c
1522000: system.cpu: T0 : 0x1cca4    : bne a2, zero, 384          : IntAlu : 
1522500: system.cpu: T0 : 0x1cca8    : addiw a5, s2, 1            : IntAlu :  D=0x0000000000000002
1523000: system.cpu: T0 : 0x1ccac    : addiw s2, a5, 0            : IntAlu :  D=0x0000000000000002
1523500: system.cpu: T0 : 0x1ccb0    : bne s2, a0, -26            : IntAlu : 
1524000: system.cpu: T0 : 0x1cc96    : c_slli a5, 32              : IntAlu :  D=0x0000000200000000
1524500: system.cpu: T0 : 0x1cc98    : c_srli a5, 32              : IntAlu :  D=0x0000000000000002
1525500: system.cpu: T0 : 0x1cc9a    : addi a5, a5, 536           : IntAlu :  D=0x000000000000021a
1526000: system.cpu: T0 : 0x1cc9e    : c_slli a5, 2               : IntAlu :  D=0x0000000000000868
1526500: system.cpu: T0 : 0x1cca0    : c_add a5, s1               : IntAlu :  D=0x000000000006fe30
1527000: system.cpu: T0 : 0x1cca2    : c_lw a2, 0(a5)             : MemRead :  D=0x0000000000000000 A=0x6fe30
1527500: system.cpu: T0 : 0x1cca4    : bne a2, zero, 384          : IntAlu : 
1528000: system.cpu: T0 : 0x1cca8    : addiw a5, s2, 1            : IntAlu :  D=0x0000000000000003
1528500: system.cpu: T0 : 0x1ccac    : addiw s2, a5, 0            : IntAlu :  D=0x0000000000000003
1529000: system.cpu: T0 : 0x1ccb0    : bne s2, a0, -26            : IntAlu : 
1529500: system.cpu: T0 : 0x1cc96    : c_slli a5, 32              : IntAlu :  D=0x0000000300000000
1530000: system.cpu: T0 : 0x1cc98    : c_srli a5, 32              : IntAlu :  D=0x0000000000000003
1531000: system.cpu: T0 : 0x1cc9a    : addi a5, a5, 536           : IntAlu :  D=0x000000000000021b
1531500: system.cpu: T0 : 0x1cc9e    : c_slli a5, 2               : IntAlu :  D=0x000000000000086c
1532000: system.cpu: T0 : 0x1cca0    : c_add a5, s1               : IntAlu :  D=0x000000000006fe34
1532500: system.cpu: T0 : 0x1cca2    : c_lw a2, 0(a5)             : MemRead :  D=0x0000000000000000 A=0x6fe34
1533000: system.cpu: T0 : 0x1cca4    : bne a2, zero, 384          : IntAlu : 
1533500: system.cpu: T0 : 0x1cca8    : addiw a5, s2, 1            : IntAlu :  D=0x0000000000000004
1534000: system.cpu: T0 : 0x1ccac    : addiw s2, a5, 0            : IntAlu :  D=0x0000000000000004
1534500: system.cpu: T0 : 0x1ccb0    : bne s2, a0, -26            : IntAlu : 
1535000: system.cpu: T0 : 0x1ccb4    : c_ld a4, 96(s1)            : MemRead :  D=0x0000000000074210 A=0x6f628
1536000: system.cpu: T0 : 0x1ccb6    : ld a3, -1912(a7)           : MemRead :  D=0x0000000000021080 A=0x6fe50
1536500: system.cpu: T0 : 0x1ccba    : c_ld a5, 8(a4)             : MemRead :  D=0x0000000000020df1 A=0x74218
1537000: system.cpu: T0 : 0x1ccbc    : c_andi a5, 18446744073709551608 : IntAlu :  D=0x0000000000020df0
1538000: system.cpu: T0 : 0x1ccbe    : bltu a3, a5, 548           : IntAlu : 
1539000: system.cpu: T0 : 0x1ccc2    : addi a3, s0, 32            : IntAlu :  D=0x0000000000000050
1540000: system.cpu: T0 : 0x1ccc6    : bgeu a5, a3, 640           : IntAlu : 
1541000: system.cpu: T0 : 0x1cf46    : add a0, a4, s0             : IntAlu :  D=0x0000000000074240
1542000: system.cpu: T0 : 0x1cf4a    : lui a2, 111                : IntAlu :  D=0x000000000006f000
1542500: system.cpu: T0 : 0x1cf4e    : c_sd a0, 96(s1)            : MemWrite :  D=0x0000000000074240 A=0x6f628
1543000: system.cpu: T0 : 0x1cf50    : addi a2, a2, 1480          : IntAlu :  D=0x000000000006f5c8
1543500: system.cpu: T0 : 0x1cf54    : c_sub a5, s0               : IntAlu :  D=0x0000000000020dc0
1544000: system.cpu: T0 : 0x1cf56    : c_li a3, 4                 : IntAlu :  D=0x0000000000000004
1544500: system.cpu: T0 : 0x1cf58    : beq s1, a2, 116            : IntAlu : 
1545000: system.cpu: T0 : 0x1cfcc    : c_li a3, 0                 : IntAlu :  D=0x0000000000000000
1545500: system.cpu: T0 : 0x1cfce    : c_j -114                   : IntAlu : 
1546000: system.cpu: T0 : 0x1cf5c    : c_or a3, s0                : IntAlu :  D=0x0000000000000030
1547000: system.cpu: T0 : 0x1cf5e    : ori a3, a3, 1              : IntAlu :  D=0x0000000000000031
1548000: system.cpu: T0 : 0x1cf62    : lw a1, -1396(gp)           : MemRead :  D=0x0000000000000000 A=0x70ac4
1548500: system.cpu: T0 : 0x1cf66    : c_sd a3, 8(a4)             : MemWrite :  D=0x0000000000000031 A=0x74218
1549000: system.cpu: T0 : 0x1cf68    : ori a5, a5, 1              : IntAlu :  D=0x0000000000020dc1
1549500: system.cpu: T0 : 0x1cf6c    : c_sd a5, 8(a0)             : MemWrite :  D=0x0000000000020dc1 A=0x74248
1550500: system.cpu: T0 : 0x1cf6e    : addi s2, a4, 16            : IntAlu :  D=0x0000000000074220
1551500: system.cpu: T0 : 0x1cf72    : beq a1, zero, -1664        : IntAlu : 
1552000: system.cpu: T0 : 0x1c8f2    : c_ldsp ra, 248(sp)         : MemRead :  D=0x000000000001da70 A=0x7ffffffffffffbf8
1552500: system.cpu: T0 : 0x1c8f4    : c_ldsp s0, 240(sp)         : MemRead :  D=0x0000000000000024 A=0x7ffffffffffffbf0
1553000: system.cpu: T0 : 0x1c8f6    : c_ldsp s1, 232(sp)         : MemRead :  D=0x000000000006f000 A=0x7ffffffffffffbe8
1553500: system.cpu: T0 : 0x1c8f8    : c_ldsp s3, 216(sp)         : MemRead :  D=0x0000000000000000 A=0x7ffffffffffffbd8
1554000: system.cpu: T0 : 0x1c8fa    : c_ldsp s4, 208(sp)         : MemRead :  D=0x0000000000000000 A=0x7ffffffffffffbd0
1554500: system.cpu: T0 : 0x1c8fc    : c_ldsp s5, 200(sp)         : MemRead :  D=0x0000000000000000 A=0x7ffffffffffffbc8
1555000: system.cpu: T0 : 0x1c8fe    : c_ldsp s6, 192(sp)         : MemRead :  D=0x0000000000072000 A=0x7ffffffffffffbc0
1555500: system.cpu: T0 : 0x1c900    : c_ldsp s7, 184(sp)         : MemRead :  D=0x0000000000000000 A=0x7ffffffffffffbb8
1556000: system.cpu: T0 : 0x1c902    : c_ldsp s8, 176(sp)         : MemRead :  D=0x0000000000000000 A=0x7ffffffffffffbb0
1556500: system.cpu: T0 : 0x1c904    : c_ldsp s9, 168(sp)         : MemRead :  D=0x0000000000000003 A=0x7ffffffffffffba8
1557000: system.cpu: T0 : 0x1c906    : c_ldsp s10, 160(sp)        : MemRead :  D=0x0000000000000000 A=0x7ffffffffffffba0
1557500: system.cpu: T0 : 0x1c908    : c_ldsp s11, 152(sp)        : MemRead :  D=0x0000000000000000 A=0x7ffffffffffffb98
1558000: system.cpu: T0 : 0x1c90a    : c_mv a0, s2                : IntAlu :  D=0x0000000000074220
1558500: system.cpu: T0 : 0x1c90c    : c_ldsp s2, 224(sp)         : MemRead :  D=0x0000000000000002 A=0x7ffffffffffffbe0
1559000: system.cpu: T0 : 0x1c90e    : c_addi16sp sp, 256         : IntAlu :  D=0x7ffffffffffffc00
1559500: system.cpu: T0 : 0x1c910    : c_jr ra                    : IntAlu : 
1560000: system.cpu: T0 : 0x1da70    : c_mv a5, a0                : IntAlu :  D=0x0000000000074220
1560500: system.cpu: T0 : 0x1da72    : c_beqz a0, 150             : IntAlu : 
1561000: system.cpu: T0 : 0x1da74    : ld a4, -8(a0)              : MemRead :  D=0x0000000000000031 A=0x74218
1561500: system.cpu: T0 : 0x1da78    : andi a3, a4, 2             : IntAlu :  D=0x0000000000000000
1562000: system.cpu: T0 : 0x1da7c    : c_bnez a3, 26              : IntAlu : 
1562500: system.cpu: T0 : 0x1da7e    : c_andi a4, 4               : IntAlu :  D=0x0000000000000000
1563000: system.cpu: T0 : 0x1da80    : c_beqz a4, 22              : IntAlu : 
1563500: system.cpu: T0 : 0x1da96    : c_ldsp ra, 24(sp)          : MemRead :  D=0x000000000003dafa A=0x7ffffffffffffc18
1564000: system.cpu: T0 : 0x1da98    : c_ldsp s0, 16(sp)          : MemRead :  D=0x7ffffffffffffcf0 A=0x7ffffffffffffc10
1564500: system.cpu: T0 : 0x1da9a    : c_ldsp s1, 8(sp)           : MemRead :  D=0x7ffffffffffffc20 A=0x7ffffffffffffc08
1565000: system.cpu: T0 : 0x1da9c    : c_ldsp s2, 0(sp)           : MemRead :  D=0x0000000000000002 A=0x7ffffffffffffc00
1565500: system.cpu: T0 : 0x1da9e    : c_mv a0, a5                : IntAlu :  D=0x0000000000074220
1566000: system.cpu: T0 : 0x1daa0    : c_addi16sp sp, 32          : IntAlu :  D=0x7ffffffffffffc20
1566500: system.cpu: T0 : 0x1daa2    : c_jr ra                    : IntAlu : 
1567000: system.cpu: T0 : 0x3dafa    : c_mv s6, a0                : IntAlu :  D=0x0000000000074220
1567500: system.cpu: T0 : 0x3dafc    : addi a5, s9, 1             : IntAlu :  D=0x0000000000000004
1568000: system.cpu: T0 : 0x3db00    : c_bnez a0, 64              : IntAlu : 
1568500: system.cpu: T0 : 0x3db40    : c_ld a1, 0(s1)             : MemRead :  D=0x0000000000061f00 A=0x7ffffffffffffc20
1569500: system.cpu: T0 : 0x3db42    : addi a0, a0, 32            : IntAlu :  D=0x0000000000074240
1570500: system.cpu: T0 : 0x3db46    : sd a5, 8(s6)               : MemWrite :  D=0x0000000000000004 A=0x74228
1571500: system.cpu: T0 : 0x3db4a    : sd a0, 0(s6)               : MemWrite :  D=0x0000000000074240 A=0x74220
1572500: system.cpu: T0 : 0x3db4e    : sd a0, 16(s6)              : MemWrite :  D=0x0000000000074240 A=0x74230
1573500: system.cpu: T0 : 0x3db52    : sd zero, 24(s6)            : MemWrite :  D=0x0000000000000000 A=0x74238
1574000: system.cpu: T0 : 0x3db56    : c_mv a2, s9                : IntAlu :  D=0x0000000000000003
1574500: system.cpu: T0 : 0x3db58    : jal ra, -123064            : IntAlu :  D=0x000000000003db5c
1575000: system.cpu: T0 : 0x1faa0    : c_addi sp, -16             : IntAlu :  D=0x7ffffffffffffc10
1575500: system.cpu: T0 : 0x1faa2    : c_sdsp s0, 0(sp)           : MemWrite :  D=0x7ffffffffffffcf0 A=0x7ffffffffffffc10
1576000: system.cpu: T0 : 0x1faa4    : c_sdsp ra, 8(sp)           : MemWrite :  D=0x000000000003db5c A=0x7ffffffffffffc18
1576500: system.cpu: T0 : 0x1faa6    : c_mv s0, a2                : IntAlu :  D=0x0000000000000003
1577000: system.cpu: T0 : 0x1faa8    : jal ra, 112                : IntAlu :  D=0x000000000001faac
1577500: system.cpu: T0 : 0x1fb18    : c_addi16sp sp, -48         : IntAlu :  D=0x7ffffffffffffbe0
1578000: system.cpu: T0 : 0x1fb1a    : c_sdsp s0, 32(sp)          : MemWrite :  D=0x0000000000000003 A=0x7ffffffffffffc00
1578500: system.cpu: T0 : 0x1fb1c    : c_sdsp s2, 16(sp)          : MemWrite :  D=0x0000000000000002 A=0x7ffffffffffffbf0
1579000: system.cpu: T0 : 0x1fb1e    : c_sdsp ra, 40(sp)          : MemWrite :  D=0x000000000001faac A=0x7ffffffffffffc08
1579500: system.cpu: T0 : 0x1fb20    : c_sdsp s1, 24(sp)          : MemWrite :  D=0x7ffffffffffffc20 A=0x7ffffffffffffbf8
1580000: system.cpu: T0 : 0x1fb22    : c_sdsp s3, 8(sp)           : MemWrite :  D=0x0000000000000000 A=0x7ffffffffffffbe8
1580500: system.cpu: T0 : 0x1fb24    : c_li a5, 15                : IntAlu :  D=0x000000000000000f
1581000: system.cpu: T0 : 0x1fb26    : c_mv s2, a0                : IntAlu :  D=0x0000000000074240
1581500: system.cpu: T0 : 0x1fb28    : c_mv a4, a0                : IntAlu :  D=0x0000000000074240
1582000: system.cpu: T0 : 0x1fb2a    : c_mv s0, a1                : IntAlu :  D=0x0000000000061f00
1582500: system.cpu: T0 : 0x1fb2c    : bgeu a5, a2, 72            : IntAlu : 
1583000: system.cpu: T0 : 0x1fb74    : c_addi a4, -1              : IntAlu :  D=0x000000000007423f
1583500: system.cpu: T0 : 0x1fb76    : c_mv a5, s0                : IntAlu :  D=0x0000000000061f00
1584000: system.cpu: T0 : 0x1fb78    : add a1, a2, s0             : IntAlu :  D=0x0000000000061f03
1584500: system.cpu: T0 : 0x1fb7c    : c_sub a4, s0               : IntAlu :  D=0x000000000001233f
1585000: system.cpu: T0 : 0x1fb7e    : c_beqz a2, 20              : IntAlu : 
1585500: system.cpu: T0 : 0x1fb80    : lbu a2, 0(a5)              : MemRead :  D=0x0000000000000074 A=0x61f00
1586000: system.cpu: T0 : 0x1fb84    : c_addi a5, 1               : IntAlu :  D=0x0000000000061f01
1587000: system.cpu: T0 : 0x1fb86    : add a3, a4, a5             : IntAlu :  D=0x0000000000074240
1588000: system.cpu: T0 : 0x1fb8a    : sb a2, 0(a3)               : MemWrite :  D=0x0000000000000074 A=0x74240
1589000: system.cpu: T0 : 0x1fb8e    : bne a1, a5, -14            : IntAlu : 
1589500: system.cpu: T0 : 0x1fb80    : lbu a2, 0(a5)              : MemRead :  D=0x000000000000006c A=0x61f01
1590000: system.cpu: T0 : 0x1fb84    : c_addi a5, 1               : IntAlu :  D=0x0000000000061f02
1591000: system.cpu: T0 : 0x1fb86    : add a3, a4, a5             : IntAlu :  D=0x0000000000074241
1592000: system.cpu: T0 : 0x1fb8a    : sb a2, 0(a3)               : MemWrite :  D=0x000000000000006c A=0x74241
1593000: system.cpu: T0 : 0x1fb8e    : bne a1, a5, -14            : IntAlu : 
1593500: system.cpu: T0 : 0x1fb80    : lbu a2, 0(a5)              : MemRead :  D=0x0000000000000073 A=0x61f02
1594000: system.cpu: T0 : 0x1fb84    : c_addi a5, 1               : IntAlu :  D=0x0000000000061f03
1595000: system.cpu: T0 : 0x1fb86    : add a3, a4, a5             : IntAlu :  D=0x0000000000074242
1596000: system.cpu: T0 : 0x1fb8a    : sb a2, 0(a3)               : MemWrite :  D=0x0000000000000073 A=0x74242
1597000: system.cpu: T0 : 0x1fb8e    : bne a1, a5, -14            : IntAlu : 
1597500: system.cpu: T0 : 0x1fb92    : c_ldsp ra, 40(sp)          : MemRead :  D=0x000000000001faac A=0x7ffffffffffffc08
1598000: system.cpu: T0 : 0x1fb94    : c_ldsp s0, 32(sp)          : MemRead :  D=0x0000000000000003 A=0x7ffffffffffffc00
1598500: system.cpu: T0 : 0x1fb96    : c_ldsp s1, 24(sp)          : MemRead :  D=0x7ffffffffffffc20 A=0x7ffffffffffffbf8
1599000: system.cpu: T0 : 0x1fb98    : c_ldsp s3, 8(sp)           : MemRead :  D=0x0000000000000000 A=0x7ffffffffffffbe8
1599500: system.cpu: T0 : 0x1fb9a    : c_mv a0, s2                : IntAlu :  D=0x0000000000074240
1600000: system.cpu: T0 : 0x1fb9c    : c_ldsp s2, 16(sp)          : MemRead :  D=0x0000000000000002 A=0x7ffffffffffffbf0
1600500: system.cpu: T0 : 0x1fb9e    : c_addi16sp sp, 48          : IntAlu :  D=0x7ffffffffffffc10
1601000: system.cpu: T0 : 0x1fba0    : c_jr ra                    : IntAlu : 
1601500: system.cpu: T0 : 0x1faac    : c_ldsp ra, 8(sp)           : MemRead :  D=0x000000000003db5c A=0x7ffffffffffffc18
1602000: system.cpu: T0 : 0x1faae    : c_add a0, s0               : IntAlu :  D=0x0000000000074243
1602500: system.cpu: T0 : 0x1fab0    : c_ldsp s0, 0(sp)           : MemRead :  D=0x7ffffffffffffcf0 A=0x7ffffffffffffc10
1603000: system.cpu: T0 : 0x1fab2    : c_addi sp, 16              : IntAlu :  D=0x7ffffffffffffc20
1603500: system.cpu: T0 : 0x1fab4    : c_jr ra                    : IntAlu : 
1604000: system.cpu: T0 : 0x3db5c    : ld a4, -136(s0)            : MemRead :  D=0x000000000006efd0 A=0x7ffffffffffffc68
1604500: system.cpu: T0 : 0x3db60    : addi a5, zero, 47          : IntAlu :  D=0x000000000000002f
1605000: system.cpu: T0 : 0x3db64    : sb a5, 0(a0)               : MemWrite :  D=0x000000000000002f A=0x74243
1605500: system.cpu: T0 : 0x3db68    : sd s2, 0(a4)               : MemWrite :  D=0x0000000000000002 A=0x6efd0
1606000: system.cpu: T0 : 0x3db6c    : ld a5, 8(s6)               : MemRead :  D=0x0000000000000004 A=0x74228
1606500: system.cpu: T0 : 0x3db70    : ld a4, -160(s0)            : MemRead :  D=0x000000000006efc8 A=0x7ffffffffffffc50
1607000: system.cpu: T0 : 0x3db74    : c_sd a5, 0(a4)             : MemWrite :  D=0x0000000000000004 A=0x6efc8
1607500: system.cpu: T0 : 0x3db76    : c_j -178                   : IntAlu : 
1608000: system.cpu: T0 : 0x3dac4    : addi sp, s0, -192          : IntAlu :  D=0x7ffffffffffffc30
1608500: system.cpu: T0 : 0x3dac8    : c_ldsp ra, 184(sp)         : MemRead :  D=0x000000000003b034 A=0x7ffffffffffffce8
1609000: system.cpu: T0 : 0x3daca    : c_mv a0, s6                : IntAlu :  D=0x0000000000074220
1609500: system.cpu: T0 : 0x3dacc    : c_ldsp s0, 176(sp)         : MemRead :  D=0x7ffffffffffffd30 A=0x7ffffffffffffce0
1610000: system.cpu: T0 : 0x3dace    : c_ldsp s1, 168(sp)         : MemRead :  D=0x000000000006fe60 A=0x7ffffffffffffcd8
1610500: system.cpu: T0 : 0x3dad0    : c_ldsp s2, 160(sp)         : MemRead :  D=0x0000000000000000 A=0x7ffffffffffffcd0
1611000: system.cpu: T0 : 0x3dad2    : c_ldsp s3, 152(sp)         : MemRead :  D=0x000000000006efc0 A=0x7ffffffffffffcc8
1611500: system.cpu: T0 : 0x3dad4    : c_ldsp s4, 144(sp)         : MemRead :  D=0x0000000000070000 A=0x7ffffffffffffcc0
1612000: system.cpu: T0 : 0x3dad6    : c_ldsp s5, 136(sp)         : MemRead :  D=0x0000000000072000 A=0x7ffffffffffffcb8
1612500: system.cpu: T0 : 0x3dad8    : c_ldsp s6, 128(sp)         : MemRead :  D=0x0000000000072000 A=0x7ffffffffffffcb0
1613000: system.cpu: T0 : 0x3dada    : c_ldsp s7, 120(sp)         : MemRead :  D=0x0000000000000000 A=0x7ffffffffffffca8
1613500: system.cpu: T0 : 0x3dadc    : c_ldsp s8, 112(sp)         : MemRead :  D=0x0000000000000000 A=0x7ffffffffffffca0
1614000: system.cpu: T0 : 0x3dade    : c_ldsp s9, 104(sp)         : MemRead :  D=0x0000000000000000 A=0x7ffffffffffffc98
1614500: system.cpu: T0 : 0x3dae0    : c_ldsp s10, 96(sp)         : MemRead :  D=0x0000000000000000 A=0x7ffffffffffffc90
1615000: system.cpu: T0 : 0x3dae2    : c_ldsp s11, 88(sp)         : MemRead :  D=0x0000000000000000 A=0x7ffffffffffffc88
1615500: system.cpu: T0 : 0x3dae4    : c_addi16sp sp, 192         : IntAlu :  D=0x7ffffffffffffcf0
1616000: system.cpu: T0 : 0x3dae6    : c_jr ra                    : IntAlu : 
1616500: system.cpu: T0 : 0x3b034    : c_mv a5, a0                : IntAlu :  D=0x0000000000074220
1617500: system.cpu: T0 : 0x3b036    : addi a0, zero, 40          : IntAlu :  D=0x0000000000000028
1618500: system.cpu: T0 : 0x3b03a    : sd a5, 24(s3)              : MemWrite :  D=0x0000000000074220 A=0x6efd8
1619500: system.cpu: T0 : 0x3b03e    : jal ra, -120344            : IntAlu :  D=0x000000000003b042
1620500: system.cpu: T0 : 0x1da26    : ld t1, -1848(gp)           : MemRead :  D=0x0000000000000000 A=0x70900
1621500: system.cpu: T0 : 0x1da2a    : bne t1, zero, 260          : IntAlu : 
1622000: system.cpu: T0 : 0x1da2e    : c_addi sp, -32             : IntAlu :  D=0x7ffffffffffffcd0
1622500: system.cpu: T0 : 0x1da30    : c_sdsp s0, 16(sp)          : MemWrite :  D=0x7ffffffffffffd30 A=0x7ffffffffffffce0
1623000: system.cpu: T0 : 0x1da32    : c_sdsp ra, 24(sp)          : MemWrite :  D=0x000000000003b042 A=0x7ffffffffffffce8
1623500: system.cpu: T0 : 0x1da34    : c_sdsp s1, 8(sp)           : MemWrite :  D=0x000000000006fe60 A=0x7ffffffffffffcd8
1624000: system.cpu: T0 : 0x1da36    : c_sdsp s2, 0(sp)           : MemWrite :  D=0x0000000000000000 A=0x7ffffffffffffcd0
1624500: system.cpu: T0 : 0x1da38    : c_mv s0, a0                : IntAlu :  D=0x0000000000000028
1625500: system.cpu: T0 : 0x1da3a    : blt a0, zero, 222          : IntAlu : 
1626500: system.cpu: T0 : 0x1da3e    : addi a5, a0, 23            : IntAlu :  D=0x000000000000003f
1627000: system.cpu: T0 : 0x1da42    : c_li a4, 31                : IntAlu :  D=0x000000000000001f
1627500: system.cpu: T0 : 0x1da44    : c_li s1, 0                 : IntAlu :  D=0x0000000000000000
1628500: system.cpu: T0 : 0x1da46    : bltu a4, a5, 94            : IntAlu : 
1629000: system.cpu: T0 : 0x1daa4    : c_andi a5, 18446744073709551600 : IntAlu :  D=0x0000000000000030
1629500: system.cpu: T0 : 0x1daa6    : c_addi a5, -17             : IntAlu :  D=0x000000000000001f
1630000: system.cpu: T0 : 0x1daa8    : srli s1, a5, 4             : IntAlu :  D=0x0000000000000001
1630500: system.cpu: T0 : 0x1daac    : c_j -98                    : IntAlu : 
1631500: system.cpu: T0 : 0x1da4a    : ld a4, 40(tp)              : MemRead :  D=0x0000000000073f90 A=0x73738
1632000: system.cpu: T0 : 0x1da4e    : c_beqz a4, 96              : IntAlu : 
1632500: system.cpu: T0 : 0x1da50    : lui a5, 111                : IntAlu :  D=0x000000000006f000
1633000: system.cpu: T0 : 0x1da54    : ld a5, 1448(a5)            : MemRead :  D=0x0000000000000040 A=0x6f5a8
1633500: system.cpu: T0 : 0x1da58    : bltu s1, a5, 114           : IntAlu : 
1634500: system.cpu: T0 : 0x1daca    : slli a3, s1, 1             : IntAlu :  D=0x0000000000000002
1635000: system.cpu: T0 : 0x1dace    : c_add a3, a4               : IntAlu :  D=0x0000000000073f92
1635500: system.cpu: T0 : 0x1dad0    : lhu a2, 0(a3)              : MemRead :  D=0x0000000000000000 A=0x73f92
1636000: system.cpu: T0 : 0x1dad4    : c_beqz a2, -120            : IntAlu : 
1636500: system.cpu: T0 : 0x1da5c    : lw a5, -1808(tp)           : MemRead :  D=0x0000000000000000 A=0x73000
1637000: system.cpu: T0 : 0x1da60    : c_bnez a5, 210             : IntAlu : 
1638000: system.cpu: T0 : 0x1da62    : lui s1, 111                : IntAlu :  D=0x000000000006f000
1638500: system.cpu: T0 : 0x1da66    : c_mv a1, s0                : IntAlu :  D=0x0000000000000028
1639000: system.cpu: T0 : 0x1da68    : addi a0, s1, 1480          : IntAlu :  D=0x000000000006f5c8
1639500: system.cpu: T0 : 0x1da6c    : jal ra, -5228              : IntAlu :  D=0x000000000001da70
1640000: system.cpu: T0 : 0x1c600    : c_addi16sp sp, -256        : IntAlu :  D=0x7ffffffffffffbd0
1640500: system.cpu: T0 : 0x1c602    : c_sdsp ra, 248(sp)         : MemWrite :  D=0x000000000001da70 A=0x7ffffffffffffcc8
1641000: system.cpu: T0 : 0x1c604    : c_sdsp s0, 240(sp)         : MemWrite :  D=0x0000000000000028 A=0x7ffffffffffffcc0
1641500: system.cpu: T0 : 0x1c606    : c_sdsp s1, 232(sp)         : MemWrite :  D=0x000000000006f000 A=0x7ffffffffffffcb8
1642000: system.cpu: T0 : 0x1c608    : c_sdsp s2, 224(sp)         : MemWrite :  D=0x0000000000000000 A=0x7ffffffffffffcb0
1642500: system.cpu: T0 : 0x1c60a    : c_sdsp s3, 216(sp)         : MemWrite :  D=0x000000000006efc0 A=0x7ffffffffffffca8
1643000: system.cpu: T0 : 0x1c60c    : c_sdsp s4, 208(sp)         : MemWrite :  D=0x0000000000070000 A=0x7ffffffffffffca0
1643500: system.cpu: T0 : 0x1c60e    : c_sdsp s5, 200(sp)         : MemWrite :  D=0x0000000000072000 A=0x7ffffffffffffc98
1644000: system.cpu: T0 : 0x1c610    : c_sdsp s6, 192(sp)         : MemWrite :  D=0x0000000000072000 A=0x7ffffffffffffc90
1644500: system.cpu: T0 : 0x1c612    : c_sdsp s7, 184(sp)         : MemWrite :  D=0x0000000000000000 A=0x7ffffffffffffc88
1645000: system.cpu: T0 : 0x1c614    : c_sdsp s8, 176(sp)         : MemWrite :  D=0x0000000000000000 A=0x7ffffffffffffc80
1645500: system.cpu: T0 : 0x1c616    : c_sdsp s9, 168(sp)         : MemWrite :  D=0x0000000000000000 A=0x7ffffffffffffc78
1646000: system.cpu: T0 : 0x1c618    : c_sdsp s10, 160(sp)        : MemWrite :  D=0x0000000000000000 A=0x7ffffffffffffc70
1646500: system.cpu: T0 : 0x1c61a    : c_sdsp s11, 152(sp)        : MemWrite :  D=0x0000000000000000 A=0x7ffffffffffffc68
1647000: system.cpu: T0 : 0x1c61c    : blt a1, zero, 1198         : IntAlu : 
1647500: system.cpu: T0 : 0x1c620    : addi s0, a1, 23            : IntAlu :  D=0x000000000000003f
1648000: system.cpu: T0 : 0x1c624    : c_li a5, 31                : IntAlu :  D=0x000000000000001f
1648500: system.cpu: T0 : 0x1c626    : c_mv s3, a1                : IntAlu :  D=0x0000000000000028
1649000: system.cpu: T0 : 0x1c628    : c_mv s1, a0                : IntAlu :  D=0x000000000006f5c8
1650000: system.cpu: T0 : 0x1c62a    : bltu a5, s0, 220           : IntAlu : 
1650500: system.cpu: T0 : 0x1c706    : c_andi s0, 18446744073709551600 : IntAlu :  D=0x0000000000000030
1651000: system.cpu: T0 : 0x1c708    : beq a0, zero, 988          : IntAlu : 
1651500: system.cpu: T0 : 0x1c70c    : ld a4, -1376(gp)           : MemRead :  D=0x0000000000000080 A=0x70ad8
1652000: system.cpu: T0 : 0x1c710    : srliw s9, s0, 4            : IntAlu :  D=0x0000000000000003
1652500: system.cpu: T0 : 0x1c714    : srliw a5, s0, 4            : IntAlu :  D=0x0000000000000003
1653000: system.cpu: T0 : 0x1c718    : bgeu a4, s0, 506           : IntAlu : 
1653500: system.cpu: T0 : 0x1c912    : c_addiw a5, -2             : IntAlu :  D=0x0000000000000001
1654000: system.cpu: T0 : 0x1c914    : slli a2, a5, 32            : IntAlu :  D=0x0000000100000000
1654500: system.cpu: T0 : 0x1c918    : c_srli a2, 32              : IntAlu :  D=0x0000000000000001
1655000: system.cpu: T0 : 0x1c91a    : c_addi a2, 2               : IntAlu :  D=0x0000000000000003
1655500: system.cpu: T0 : 0x1c91c    : c_slli a2, 3               : IntAlu :  D=0x0000000000000018
1656000: system.cpu: T0 : 0x1c91e    : c_j -376                   : IntAlu : 
1656500: system.cpu: T0 : 0x1c7a6    : c_slli a5, 32              : IntAlu :  D=0x0000000100000000
1657000: system.cpu: T0 : 0x1c7a8    : c_srli a5, 29              : IntAlu :  D=0x0000000000000008
1657500: system.cpu: T0 : 0x1c7aa    : c_add a5, s1               : IntAlu :  D=0x000000000006f5d0
1658000: system.cpu: T0 : 0x1c7ac    : ld s2, 16(a5)              : MemRead :  D=0x0000000000000000 A=0x6f5e0
1658500: system.cpu: T0 : 0x1c7b0    : beq s2, zero, 170          : IntAlu : 
1659500: system.cpu: T0 : 0x1c85a    : addiw a5, s9, -1           : IntAlu :  D=0x0000000000000002
1660500: system.cpu: T0 : 0x1c85e    : slliw a5, a5, 1            : IntAlu :  D=0x0000000000000004
1661000: system.cpu: T0 : 0x1c862    : c_slli a5, 32              : IntAlu :  D=0x0000000400000000
1661500: system.cpu: T0 : 0x1c864    : c_srli a5, 32              : IntAlu :  D=0x0000000000000004
1662000: system.cpu: T0 : 0x1c866    : c_addi a5, 14              : IntAlu :  D=0x0000000000000012
1662500: system.cpu: T0 : 0x1c868    : c_slli a5, 3               : IntAlu :  D=0x0000000000000090
1663000: system.cpu: T0 : 0x1c86a    : c_j -550                   : IntAlu : 
1663500: system.cpu: T0 : 0x1c644    : c_add a5, s1               : IntAlu :  D=0x000000000006f658
1664500: system.cpu: T0 : 0x1c646    : ld s2, 8(a5)               : MemRead :  D=0x000000000006f648 A=0x6f660
1665500: system.cpu: T0 : 0x1c64a    : addi a3, a5, -16           : IntAlu :  D=0x000000000006f648
1666500: system.cpu: T0 : 0x1c64e    : beq a3, s2, 748            : IntAlu : 
1667500: system.cpu: T0 : 0x1c93a    : srli t1, s0, 9             : IntAlu :  D=0x0000000000000000
1668500: system.cpu: T0 : 0x1c93e    : addiw a5, t1, 91           : IntAlu :  D=0x000000000000005b
1669500: system.cpu: T0 : 0x1c942    : srli s10, s0, 6            : IntAlu :  D=0x0000000000000000
1670000: system.cpu: T0 : 0x1c946    : c_sdsp a5, 96(sp)          : MemWrite :  D=0x000000000000005b A=0x7ffffffffffffc30
1670500: system.cpu: T0 : 0x1c948    : addiw a5, s10, 48          : IntAlu :  D=0x0000000000000030
1671000: system.cpu: T0 : 0x1c94c    : c_sdsp a5, 88(sp)          : MemWrite :  D=0x0000000000000030 A=0x7ffffffffffffc28
1672000: system.cpu: T0 : 0x1c94e    : addi a5, zero, 110         : IntAlu :  D=0x000000000000006e
1672500: system.cpu: T0 : 0x1c952    : c_sdsp a5, 112(sp)         : MemWrite :  D=0x000000000000006e A=0x7ffffffffffffc40
1673000: system.cpu: T0 : 0x1c954    : addi a5, zero, 119         : IntAlu :  D=0x0000000000000077
1673500: system.cpu: T0 : 0x1c958    : c_sdsp a5, 104(sp)         : MemWrite :  D=0x0000000000000077 A=0x7ffffffffffffc38
1674500: system.cpu: T0 : 0x1c95a    : addi a5, zero, 124         : IntAlu :  D=0x000000000000007c
1675000: system.cpu: T0 : 0x1c95e    : c_sdsp s9, 8(sp)           : MemWrite :  D=0x0000000000000003 A=0x7ffffffffffffbd8
1675500: system.cpu: T0 : 0x1c960    : c_sdsp a5, 120(sp)         : MemWrite :  D=0x000000000000007c A=0x7ffffffffffffc48
1676000: system.cpu: T0 : 0x1c962    : c_sdsp zero, 128(sp)       : MemWrite :  D=0x0000000000000000 A=0x7ffffffffffffc50
1676500: system.cpu: T0 : 0x1c964    : c_sdsp zero, 136(sp)       : MemWrite :  D=0x0000000000000000 A=0x7ffffffffffffc58
1677500: system.cpu: T0 : 0x1c966    : ld a5, 40(tp)              : MemRead :  D=0x0000000000073f90 A=0x73738
1678500: system.cpu: T0 : 0x1c96a    : addi s6, s0, -17           : IntAlu :  D=0x000000000000001f
1679500: system.cpu: T0 : 0x1c96e    : srli s6, s6, 4             : IntAlu :  D=0x0000000000000001
1680000: system.cpu: T0 : 0x1c972    : c_li s5, 0                 : IntAlu :  D=0x0000000000000000
1680500: system.cpu: T0 : 0x1c974    : c_beqz a5, 22              : IntAlu : 
1681500: system.cpu: T0 : 0x1c976    : lui a5, 111                : IntAlu :  D=0x000000000006f000
1682500: system.cpu: T0 : 0x1c97a    : ld s5, 1448(a5)            : MemRead :  D=0x0000000000000040 A=0x6f5a8
1683500: system.cpu: T0 : 0x1c97e    : sltu s5, s6, s5            : IntAlu :  D=0x0000000000000001
1684500: system.cpu: T0 : 0x1c982    : sub s5, zero, s5           : IntAlu :  D=0xffffffffffffffff
1685500: system.cpu: T0 : 0x1c986    : and s5, s0, s5             : IntAlu :  D=0x0000000000000030
1686500: system.cpu: T0 : 0x1c98a    : lui a5, 111                : IntAlu :  D=0x000000000006f000
1687000: system.cpu: T0 : 0x1c98e    : c_lui s11, 1               : IntAlu :  D=0x0000000000001000
1687500: system.cpu: T0 : 0x1c990    : lui s7, 111                : IntAlu :  D=0x000000000006f000
1688000: system.cpu: T0 : 0x1c994    : addi a5, a5, 1480          : IntAlu :  D=0x000000000006f5c8
1688500: system.cpu: T0 : 0x1c998    : addi s8, s1, 96            : IntAlu :  D=0x000000000006f628
1689000: system.cpu: T0 : 0x1c99c    : c_li t5, 0                 : IntAlu :  D=0x0000000000000000
1690000: system.cpu: T0 : 0x1c99e    : addi s7, s7, 1368          : IntAlu :  D=0x000000000006f558
1691000: system.cpu: T0 : 0x1c9a2    : add a7, s1, s11            : IntAlu :  D=0x00000000000705c8
1691500: system.cpu: T0 : 0x1c9a6    : c_sdsp a5, 56(sp)          : MemWrite :  D=0x000000000006f5c8 A=0x7ffffffffffffc08
1692000: system.cpu: T0 : 0x1c9a8    : c_ld a5, 120(s1)           : MemRead :  D=0x000000000006f628 A=0x6f640
1693000: system.cpu: T0 : 0x1c9aa    : beq a5, s8, 532            : IntAlu : 
1694000: system.cpu: T0 : 0x1cbbe    : addi a5, zero, 1023        : IntAlu :  D=0x00000000000003ff
1695000: system.cpu: T0 : 0x1cbc2    : bgeu a5, s0, 38            : IntAlu : 
1695500: system.cpu: T0 : 0x1cbe8    : c_ldsp a3, 8(sp)           : MemRead :  D=0x0000000000000003 A=0x7ffffffffffffbd8
1696000: system.cpu: T0 : 0x1cbea    : c_li a0, 4                 : IntAlu :  D=0x0000000000000004
1696500: system.cpu: T0 : 0x1cbec    : addiw a5, a3, 1            : IntAlu :  D=0x0000000000000004
1697000: system.cpu: T0 : 0x1cbf0    : srliw a4, a5, 5            : IntAlu :  D=0x0000000000000000
1697500: system.cpu: T0 : 0x1cbf4    : slliw a3, a3, 1            : IntAlu :  D=0x0000000000000006
1698000: system.cpu: T0 : 0x1cbf8    : addi a4, a4, 536           : IntAlu :  D=0x0000000000000218
1698500: system.cpu: T0 : 0x1cbfc    : c_slli a3, 32              : IntAlu :  D=0x0000000600000000
1699000: system.cpu: T0 : 0x1cbfe    : c_slli a4, 2               : IntAlu :  D=0x0000000000000860
1699500: system.cpu: T0 : 0x1cc00    : c_srli a3, 32              : IntAlu :  D=0x0000000000000006
1700000: system.cpu: T0 : 0x1cc02    : c_add a4, s1               : IntAlu :  D=0x000000000006fe28
1700500: system.cpu: T0 : 0x1cc04    : c_slli a3, 3               : IntAlu :  D=0x0000000000000030
1701000: system.cpu: T0 : 0x1cc06    : c_lw a2, 0(a4)             : MemRead :  D=0x0000000000000000 A=0x6fe28
1701500: system.cpu: T0 : 0x1cc08    : addi a3, a3, 96            : IntAlu :  D=0x0000000000000090
1702000: system.cpu: T0 : 0x1cc0c    : c_li a4, 1                 : IntAlu :  D=0x0000000000000001
1703000: system.cpu: T0 : 0x1cc0e    : srliw s2, a5, 5            : IntAlu :  D=0x0000000000000000
1703500: system.cpu: T0 : 0x1cc12    : c_add a3, s1               : IntAlu :  D=0x000000000006f658
1704000: system.cpu: T0 : 0x1cc14    : sllw a5, a4, a5            : IntAlu :  D=0x0000000000000010
1704500: system.cpu: T0 : 0x1cc18    : bltu a2, a5, 144           : IntAlu : 
1705000: system.cpu: T0 : 0x1cca8    : addiw a5, s2, 1            : IntAlu :  D=0x0000000000000001
1705500: system.cpu: T0 : 0x1ccac    : addiw s2, a5, 0            : IntAlu :  D=0x0000000000000001
1706000: system.cpu: T0 : 0x1ccb0    : bne s2, a0, -26            : IntAlu : 
1706500: system.cpu: T0 : 0x1cc96    : c_slli a5, 32              : IntAlu :  D=0x0000000100000000
1707000: system.cpu: T0 : 0x1cc98    : c_srli a5, 32              : IntAlu :  D=0x0000000000000001
1708000: system.cpu: T0 : 0x1cc9a    : addi a5, a5, 536           : IntAlu :  D=0x0000000000000219
1708500: system.cpu: T0 : 0x1cc9e    : c_slli a5, 2               : IntAlu :  D=0x0000000000000864
1709000: system.cpu: T0 : 0x1cca0    : c_add a5, s1               : IntAlu :  D=0x000000000006fe2c
1709500: system.cpu: T0 : 0x1cca2    : c_lw a2, 0(a5)             : MemRead :  D=0x0000000000000000 A=0x6fe2c
1710000: system.cpu: T0 : 0x1cca4    : bne a2, zero, 384          : IntAlu : 
1710500: system.cpu: T0 : 0x1cca8    : addiw a5, s2, 1            : IntAlu :  D=0x0000000000000002
1711000: system.cpu: T0 : 0x1ccac    : addiw s2, a5, 0            : IntAlu :  D=0x0000000000000002
1711500: system.cpu: T0 : 0x1ccb0    : bne s2, a0, -26            : IntAlu : 
1712000: system.cpu: T0 : 0x1cc96    : c_slli a5, 32              : IntAlu :  D=0x0000000200000000
1712500: system.cpu: T0 : 0x1cc98    : c_srli a5, 32              : IntAlu :  D=0x0000000000000002
1713500: system.cpu: T0 : 0x1cc9a    : addi a5, a5, 536           : IntAlu :  D=0x000000000000021a
1714000: system.cpu: T0 : 0x1cc9e    : c_slli a5, 2               : IntAlu :  D=0x0000000000000868
1714500: system.cpu: T0 : 0x1cca0    : c_add a5, s1               : IntAlu :  D=0x000000000006fe30
1715000: system.cpu: T0 : 0x1cca2    : c_lw a2, 0(a5)             : MemRead :  D=0x0000000000000000 A=0x6fe30
1715500: system.cpu: T0 : 0x1cca4    : bne a2, zero, 384          : IntAlu : 
1716000: system.cpu: T0 : 0x1cca8    : addiw a5, s2, 1            : IntAlu :  D=0x0000000000000003
1716500: system.cpu: T0 : 0x1ccac    : addiw s2, a5, 0            : IntAlu :  D=0x0000000000000003
1717000: system.cpu: T0 : 0x1ccb0    : bne s2, a0, -26            : IntAlu : 
1717500: system.cpu: T0 : 0x1cc96    : c_slli a5, 32              : IntAlu :  D=0x0000000300000000
1718000: system.cpu: T0 : 0x1cc98    : c_srli a5, 32              : IntAlu :  D=0x0000000000000003
1719000: system.cpu: T0 : 0x1cc9a    : addi a5, a5, 536           : IntAlu :  D=0x000000000000021b
1719500: system.cpu: T0 : 0x1cc9e    : c_slli a5, 2               : IntAlu :  D=0x000000000000086c
1720000: system.cpu: T0 : 0x1cca0    : c_add a5, s1               : IntAlu :  D=0x000000000006fe34
1720500: system.cpu: T0 : 0x1cca2    : c_lw a2, 0(a5)             : MemRead :  D=0x0000000000000000 A=0x6fe34
1721000: system.cpu: T0 : 0x1cca4    : bne a2, zero, 384          : IntAlu : 
1721500: system.cpu: T0 : 0x1cca8    : addiw a5, s2, 1            : IntAlu :  D=0x0000000000000004
1722000: system.cpu: T0 : 0x1ccac    : addiw s2, a5, 0            : IntAlu :  D=0x0000000000000004
1722500: system.cpu: T0 : 0x1ccb0    : bne s2, a0, -26            : IntAlu : 
1723000: system.cpu: T0 : 0x1ccb4    : c_ld a4, 96(s1)            : MemRead :  D=0x0000000000074240 A=0x6f628
1724000: system.cpu: T0 : 0x1ccb6    : ld a3, -1912(a7)           : MemRead :  D=0x0000000000021080 A=0x6fe50
1724500: system.cpu: T0 : 0x1ccba    : c_ld a5, 8(a4)             : MemRead :  D=0x0000000000020dc1 A=0x74248
1725000: system.cpu: T0 : 0x1ccbc    : c_andi a5, 18446744073709551608 : IntAlu :  D=0x0000000000020dc0
1726000: system.cpu: T0 : 0x1ccbe    : bltu a3, a5, 548           : IntAlu : 
1727000: system.cpu: T0 : 0x1ccc2    : addi a3, s0, 32            : IntAlu :  D=0x0000000000000050
1728000: system.cpu: T0 : 0x1ccc6    : bgeu a5, a3, 640           : IntAlu : 
1729000: system.cpu: T0 : 0x1cf46    : add a0, a4, s0             : IntAlu :  D=0x0000000000074270
1730000: system.cpu: T0 : 0x1cf4a    : lui a2, 111                : IntAlu :  D=0x000000000006f000
1730500: system.cpu: T0 : 0x1cf4e    : c_sd a0, 96(s1)            : MemWrite :  D=0x0000000000074270 A=0x6f628
1731000: system.cpu: T0 : 0x1cf50    : addi a2, a2, 1480          : IntAlu :  D=0x000000000006f5c8
1731500: system.cpu: T0 : 0x1cf54    : c_sub a5, s0               : IntAlu :  D=0x0000000000020d90
1732000: system.cpu: T0 : 0x1cf56    : c_li a3, 4                 : IntAlu :  D=0x0000000000000004
1732500: system.cpu: T0 : 0x1cf58    : beq s1, a2, 116            : IntAlu : 
1733000: system.cpu: T0 : 0x1cfcc    : c_li a3, 0                 : IntAlu :  D=0x0000000000000000
1733500: system.cpu: T0 : 0x1cfce    : c_j -114                   : IntAlu : 
1734000: system.cpu: T0 : 0x1cf5c    : c_or a3, s0                : IntAlu :  D=0x0000000000000030
1735000: system.cpu: T0 : 0x1cf5e    : ori a3, a3, 1              : IntAlu :  D=0x0000000000000031
1736000: system.cpu: T0 : 0x1cf62    : lw a1, -1396(gp)           : MemRead :  D=0x0000000000000000 A=0x70ac4
1736500: system.cpu: T0 : 0x1cf66    : c_sd a3, 8(a4)             : MemWrite :  D=0x0000000000000031 A=0x74248
1737000: system.cpu: T0 : 0x1cf68    : ori a5, a5, 1              : IntAlu :  D=0x0000000000020d91
1737500: system.cpu: T0 : 0x1cf6c    : c_sd a5, 8(a0)             : MemWrite :  D=0x0000000000020d91 A=0x74278
1738500: system.cpu: T0 : 0x1cf6e    : addi s2, a4, 16            : IntAlu :  D=0x0000000000074250
1739500: system.cpu: T0 : 0x1cf72    : beq a1, zero, -1664        : IntAlu : 
1740000: system.cpu: T0 : 0x1c8f2    : c_ldsp ra, 248(sp)         : MemRead :  D=0x000000000001da70 A=0x7ffffffffffffcc8
1740500: system.cpu: T0 : 0x1c8f4    : c_ldsp s0, 240(sp)         : MemRead :  D=0x0000000000000028 A=0x7ffffffffffffcc0
1741000: system.cpu: T0 : 0x1c8f6    : c_ldsp s1, 232(sp)         : MemRead :  D=0x000000000006f000 A=0x7ffffffffffffcb8
1741500: system.cpu: T0 : 0x1c8f8    : c_ldsp s3, 216(sp)         : MemRead :  D=0x000000000006efc0 A=0x7ffffffffffffca8
1742000: system.cpu: T0 : 0x1c8fa    : c_ldsp s4, 208(sp)         : MemRead :  D=0x0000000000070000 A=0x7ffffffffffffca0
1742500: system.cpu: T0 : 0x1c8fc    : c_ldsp s5, 200(sp)         : MemRead :  D=0x0000000000072000 A=0x7ffffffffffffc98
1743000: system.cpu: T0 : 0x1c8fe    : c_ldsp s6, 192(sp)         : MemRead :  D=0x0000000000072000 A=0x7ffffffffffffc90
1743500: system.cpu: T0 : 0x1c900    : c_ldsp s7, 184(sp)         : MemRead :  D=0x0000000000000000 A=0x7ffffffffffffc88
1744000: system.cpu: T0 : 0x1c902    : c_ldsp s8, 176(sp)         : MemRead :  D=0x0000000000000000 A=0x7ffffffffffffc80
1744500: system.cpu: T0 : 0x1c904    : c_ldsp s9, 168(sp)         : MemRead :  D=0x0000000000000000 A=0x7ffffffffffffc78
1745000: system.cpu: T0 : 0x1c906    : c_ldsp s10, 160(sp)        : MemRead :  D=0x0000000000000000 A=0x7ffffffffffffc70
1745500: system.cpu: T0 : 0x1c908    : c_ldsp s11, 152(sp)        : MemRead :  D=0x0000000000000000 A=0x7ffffffffffffc68
1746000: system.cpu: T0 : 0x1c90a    : c_mv a0, s2                : IntAlu :  D=0x0000000000074250
1746500: system.cpu: T0 : 0x1c90c    : c_ldsp s2, 224(sp)         : MemRead :  D=0x0000000000000000 A=0x7ffffffffffffcb0
1747000: system.cpu: T0 : 0x1c90e    : c_addi16sp sp, 256         : IntAlu :  D=0x7ffffffffffffcd0
1747500: system.cpu: T0 : 0x1c910    : c_jr ra                    : IntAlu : 
1748000: system.cpu: T0 : 0x1da70    : c_mv a5, a0                : IntAlu :  D=0x0000000000074250
1748500: system.cpu: T0 : 0x1da72    : c_beqz a0, 150             : IntAlu : 
1749000: system.cpu: T0 : 0x1da74    : ld a4, -8(a0)              : MemRead :  D=0x0000000000000031 A=0x74248
1749500: system.cpu: T0 : 0x1da78    : andi a3, a4, 2             : IntAlu :  D=0x0000000000000000
1750000: system.cpu: T0 : 0x1da7c    : c_bnez a3, 26              : IntAlu : 
1750500: system.cpu: T0 : 0x1da7e    : c_andi a4, 4               : IntAlu :  D=0x0000000000000000
1751000: system.cpu: T0 : 0x1da80    : c_beqz a4, 22              : IntAlu : 
1751500: system.cpu: T0 : 0x1da96    : c_ldsp ra, 24(sp)          : MemRead :  D=0x000000000003b042 A=0x7ffffffffffffce8
1752000: system.cpu: T0 : 0x1da98    : c_ldsp s0, 16(sp)          : MemRead :  D=0x7ffffffffffffd30 A=0x7ffffffffffffce0
1752500: system.cpu: T0 : 0x1da9a    : c_ldsp s1, 8(sp)           : MemRead :  D=0x000000000006fe60 A=0x7ffffffffffffcd8
1753000: system.cpu: T0 : 0x1da9c    : c_ldsp s2, 0(sp)           : MemRead :  D=0x0000000000000000 A=0x7ffffffffffffcd0
1753500: system.cpu: T0 : 0x1da9e    : c_mv a0, a5                : IntAlu :  D=0x0000000000074250
1754000: system.cpu: T0 : 0x1daa0    : c_addi16sp sp, 32          : IntAlu :  D=0x7ffffffffffffcf0
1754500: system.cpu: T0 : 0x1daa2    : c_jr ra                    : IntAlu : 
1755500: system.cpu: T0 : 0x3b042    : sd a0, 32(s3)              : MemWrite :  D=0x0000000000074250 A=0x6efe0
1756500: system.cpu: T0 : 0x3b046    : beq a0, zero, 382          : IntAlu : 
1757500: system.cpu: T0 : 0x3b04a    : ld s1, 16(s3)              : MemRead :  D=0x0000000000000002 A=0x6efd0
1758500: system.cpu: T0 : 0x3b04e    : addi a7, zero, 40          : IntAlu :  D=0x0000000000000028
1759000: system.cpu: T0 : 0x3b052    : c_mv s5, a0                : IntAlu :  D=0x0000000000074250
1759500: system.cpu: T0 : 0x3b054    : slli s4, s1, 2             : IntAlu :  D=0x0000000000000008
1760000: system.cpu: T0 : 0x3b058    : addi s4, s4, 79            : IntAlu :  D=0x0000000000000057
1760500: system.cpu: T0 : 0x3b05c    : divu s4, s4, a7            : IntDiv :  D=0x0000000000000002
1761000: system.cpu: T0 : 0x3b060    : slli a7, s4, 2             : IntAlu :  D=0x0000000000000008
1761500: system.cpu: T0 : 0x3b064    : c_add s4, a7               : IntAlu :  D=0x000000000000000a
1762500: system.cpu: T0 : 0x3b066    : slli a0, s4, 5             : IntAlu :  D=0x0000000000000140
1763500: system.cpu: T0 : 0x3b06a    : jal ra, -120388            : IntAlu :  D=0x000000000003b06e
1764500: system.cpu: T0 : 0x1da26    : ld t1, -1848(gp)           : MemRead :  D=0x0000000000000000 A=0x70900
1765500: system.cpu: T0 : 0x1da2a    : bne t1, zero, 260          : IntAlu : 
1766000: system.cpu: T0 : 0x1da2e    : c_addi sp, -32             : IntAlu :  D=0x7ffffffffffffcd0
1766500: system.cpu: T0 : 0x1da30    : c_sdsp s0, 16(sp)          : MemWrite :  D=0x7ffffffffffffd30 A=0x7ffffffffffffce0
1767000: system.cpu: T0 : 0x1da32    : c_sdsp ra, 24(sp)          : MemWrite :  D=0x000000000003b06e A=0x7ffffffffffffce8
1767500: system.cpu: T0 : 0x1da34    : c_sdsp s1, 8(sp)           : MemWrite :  D=0x0000000000000002 A=0x7ffffffffffffcd8
1768000: system.cpu: T0 : 0x1da36    : c_sdsp s2, 0(sp)           : MemWrite :  D=0x0000000000000000 A=0x7ffffffffffffcd0
1768500: system.cpu: T0 : 0x1da38    : c_mv s0, a0                : IntAlu :  D=0x0000000000000140
1769500: system.cpu: T0 : 0x1da3a    : blt a0, zero, 222          : IntAlu : 
1770500: system.cpu: T0 : 0x1da3e    : addi a5, a0, 23            : IntAlu :  D=0x0000000000000157
1771000: system.cpu: T0 : 0x1da42    : c_li a4, 31                : IntAlu :  D=0x000000000000001f
1771500: system.cpu: T0 : 0x1da44    : c_li s1, 0                 : IntAlu :  D=0x0000000000000000
1772500: system.cpu: T0 : 0x1da46    : bltu a4, a5, 94            : IntAlu : 
1773000: system.cpu: T0 : 0x1daa4    : c_andi a5, 18446744073709551600 : IntAlu :  D=0x0000000000000150
1773500: system.cpu: T0 : 0x1daa6    : c_addi a5, -17             : IntAlu :  D=0x000000000000013f
1774000: system.cpu: T0 : 0x1daa8    : srli s1, a5, 4             : IntAlu :  D=0x0000000000000013
1774500: system.cpu: T0 : 0x1daac    : c_j -98                    : IntAlu : 
1775500: system.cpu: T0 : 0x1da4a    : ld a4, 40(tp)              : MemRead :  D=0x0000000000073f90 A=0x73738
1776000: system.cpu: T0 : 0x1da4e    : c_beqz a4, 96              : IntAlu : 
1776500: system.cpu: T0 : 0x1da50    : lui a5, 111                : IntAlu :  D=0x000000000006f000
1777000: system.cpu: T0 : 0x1da54    : ld a5, 1448(a5)            : MemRead :  D=0x0000000000000040 A=0x6f5a8
1777500: system.cpu: T0 : 0x1da58    : bltu s1, a5, 114           : IntAlu : 
1778500: system.cpu: T0 : 0x1daca    : slli a3, s1, 1             : IntAlu :  D=0x0000000000000026
1779000: system.cpu: T0 : 0x1dace    : c_add a3, a4               : IntAlu :  D=0x0000000000073fb6
1779500: system.cpu: T0 : 0x1dad0    : lhu a2, 0(a3)              : MemRead :  D=0x0000000000000000 A=0x73fb6
1780000: system.cpu: T0 : 0x1dad4    : c_beqz a2, -120            : IntAlu : 
1780500: system.cpu: T0 : 0x1da5c    : lw a5, -1808(tp)           : MemRead :  D=0x0000000000000000 A=0x73000
1781000: system.cpu: T0 : 0x1da60    : c_bnez a5, 210             : IntAlu : 
1782000: system.cpu: T0 : 0x1da62    : lui s1, 111                : IntAlu :  D=0x000000000006f000
1782500: system.cpu: T0 : 0x1da66    : c_mv a1, s0                : IntAlu :  D=0x0000000000000140
1783000: system.cpu: T0 : 0x1da68    : addi a0, s1, 1480          : IntAlu :  D=0x000000000006f5c8
1783500: system.cpu: T0 : 0x1da6c    : jal ra, -5228              : IntAlu :  D=0x000000000001da70
1784000: system.cpu: T0 : 0x1c600    : c_addi16sp sp, -256        : IntAlu :  D=0x7ffffffffffffbd0
1784500: system.cpu: T0 : 0x1c602    : c_sdsp ra, 248(sp)         : MemWrite :  D=0x000000000001da70 A=0x7ffffffffffffcc8
1785000: system.cpu: T0 : 0x1c604    : c_sdsp s0, 240(sp)         : MemWrite :  D=0x0000000000000140 A=0x7ffffffffffffcc0
1785500: system.cpu: T0 : 0x1c606    : c_sdsp s1, 232(sp)         : MemWrite :  D=0x000000000006f000 A=0x7ffffffffffffcb8
1786000: system.cpu: T0 : 0x1c608    : c_sdsp s2, 224(sp)         : MemWrite :  D=0x0000000000000000 A=0x7ffffffffffffcb0
1786500: system.cpu: T0 : 0x1c60a    : c_sdsp s3, 216(sp)         : MemWrite :  D=0x000000000006efc0 A=0x7ffffffffffffca8
1787000: system.cpu: T0 : 0x1c60c    : c_sdsp s4, 208(sp)         : MemWrite :  D=0x000000000000000a A=0x7ffffffffffffca0
1787500: system.cpu: T0 : 0x1c60e    : c_sdsp s5, 200(sp)         : MemWrite :  D=0x0000000000074250 A=0x7ffffffffffffc98
1788000: system.cpu: T0 : 0x1c610    : c_sdsp s6, 192(sp)         : MemWrite :  D=0x0000000000072000 A=0x7ffffffffffffc90
1788500: system.cpu: T0 : 0x1c612    : c_sdsp s7, 184(sp)         : MemWrite :  D=0x0000000000000000 A=0x7ffffffffffffc88
1789000: system.cpu: T0 : 0x1c614    : c_sdsp s8, 176(sp)         : MemWrite :  D=0x0000000000000000 A=0x7ffffffffffffc80
1789500: system.cpu: T0 : 0x1c616    : c_sdsp s9, 168(sp)         : MemWrite :  D=0x0000000000000000 A=0x7ffffffffffffc78
1790000: system.cpu: T0 : 0x1c618    : c_sdsp s10, 160(sp)        : MemWrite :  D=0x0000000000000000 A=0x7ffffffffffffc70
1790500: system.cpu: T0 : 0x1c61a    : c_sdsp s11, 152(sp)        : MemWrite :  D=0x0000000000000000 A=0x7ffffffffffffc68
1791000: system.cpu: T0 : 0x1c61c    : blt a1, zero, 1198         : IntAlu : 
1791500: system.cpu: T0 : 0x1c620    : addi s0, a1, 23            : IntAlu :  D=0x0000000000000157
1792000: system.cpu: T0 : 0x1c624    : c_li a5, 31                : IntAlu :  D=0x000000000000001f
1792500: system.cpu: T0 : 0x1c626    : c_mv s3, a1                : IntAlu :  D=0x0000000000000140
1793000: system.cpu: T0 : 0x1c628    : c_mv s1, a0                : IntAlu :  D=0x000000000006f5c8
1794000: system.cpu: T0 : 0x1c62a    : bltu a5, s0, 220           : IntAlu : 
1794500: system.cpu: T0 : 0x1c706    : c_andi s0, 18446744073709551600 : IntAlu :  D=0x0000000000000150
1795000: system.cpu: T0 : 0x1c708    : beq a0, zero, 988          : IntAlu : 
1795500: system.cpu: T0 : 0x1c70c    : ld a4, -1376(gp)           : MemRead :  D=0x0000000000000080 A=0x70ad8
1796000: system.cpu: T0 : 0x1c710    : srliw s9, s0, 4            : IntAlu :  D=0x0000000000000015
1796500: system.cpu: T0 : 0x1c714    : srliw a5, s0, 4            : IntAlu :  D=0x0000000000000015
1797000: system.cpu: T0 : 0x1c718    : bgeu a4, s0, 506           : IntAlu : 
1797500: system.cpu: T0 : 0x1c71c    : addi a4, zero, 1023        : IntAlu :  D=0x00000000000003ff
1798000: system.cpu: T0 : 0x1c720    : bgeu a4, s0, 1722          : IntAlu : 
1798500: system.cpu: T0 : 0x1cdda    : c_addiw a5, -1             : IntAlu :  D=0x0000000000000014
1799000: system.cpu: T0 : 0x1cddc    : c_j -1406                  : IntAlu : 
1800000: system.cpu: T0 : 0x1c85e    : slliw a5, a5, 1            : IntAlu :  D=0x0000000000000028
1800500: system.cpu: T0 : 0x1c862    : c_slli a5, 32              : IntAlu :  D=0x0000002800000000
1801000: system.cpu: T0 : 0x1c864    : c_srli a5, 32              : IntAlu :  D=0x0000000000000028
1801500: system.cpu: T0 : 0x1c866    : c_addi a5, 14              : IntAlu :  D=0x0000000000000036
1802000: system.cpu: T0 : 0x1c868    : c_slli a5, 3               : IntAlu :  D=0x00000000000001b0
1802500: system.cpu: T0 : 0x1c86a    : c_j -550                   : IntAlu : 
1803000: system.cpu: T0 : 0x1c644    : c_add a5, s1               : IntAlu :  D=0x000000000006f778
1804000: system.cpu: T0 : 0x1c646    : ld s2, 8(a5)               : MemRead :  D=0x000000000006f768 A=0x6f780
1805000: system.cpu: T0 : 0x1c64a    : addi a3, a5, -16           : IntAlu :  D=0x000000000006f768
1806000: system.cpu: T0 : 0x1c64e    : beq a3, s2, 748            : IntAlu : 
1807000: system.cpu: T0 : 0x1c93a    : srli t1, s0, 9             : IntAlu :  D=0x0000000000000000
1808000: system.cpu: T0 : 0x1c93e    : addiw a5, t1, 91           : IntAlu :  D=0x000000000000005b
1809000: system.cpu: T0 : 0x1c942    : srli s10, s0, 6            : IntAlu :  D=0x0000000000000005
1809500: system.cpu: T0 : 0x1c946    : c_sdsp a5, 96(sp)          : MemWrite :  D=0x000000000000005b A=0x7ffffffffffffc30
1810000: system.cpu: T0 : 0x1c948    : addiw a5, s10, 48          : IntAlu :  D=0x0000000000000035
1810500: system.cpu: T0 : 0x1c94c    : c_sdsp a5, 88(sp)          : MemWrite :  D=0x0000000000000035 A=0x7ffffffffffffc28
1811500: system.cpu: T0 : 0x1c94e    : addi a5, zero, 110         : IntAlu :  D=0x000000000000006e
1812000: system.cpu: T0 : 0x1c952    : c_sdsp a5, 112(sp)         : MemWrite :  D=0x000000000000006e A=0x7ffffffffffffc40
1812500: system.cpu: T0 : 0x1c954    : addi a5, zero, 119         : IntAlu :  D=0x0000000000000077
1813000: system.cpu: T0 : 0x1c958    : c_sdsp a5, 104(sp)         : MemWrite :  D=0x0000000000000077 A=0x7ffffffffffffc38
1814000: system.cpu: T0 : 0x1c95a    : addi a5, zero, 124         : IntAlu :  D=0x000000000000007c
1814500: system.cpu: T0 : 0x1c95e    : c_sdsp s9, 8(sp)           : MemWrite :  D=0x0000000000000015 A=0x7ffffffffffffbd8
1815000: system.cpu: T0 : 0x1c960    : c_sdsp a5, 120(sp)         : MemWrite :  D=0x000000000000007c A=0x7ffffffffffffc48
1815500: system.cpu: T0 : 0x1c962    : c_sdsp zero, 128(sp)       : MemWrite :  D=0x0000000000000000 A=0x7ffffffffffffc50
1816000: system.cpu: T0 : 0x1c964    : c_sdsp zero, 136(sp)       : MemWrite :  D=0x0000000000000000 A=0x7ffffffffffffc58
1817000: system.cpu: T0 : 0x1c966    : ld a5, 40(tp)              : MemRead :  D=0x0000000000073f90 A=0x73738
1818000: system.cpu: T0 : 0x1c96a    : addi s6, s0, -17           : IntAlu :  D=0x000000000000013f
1819000: system.cpu: T0 : 0x1c96e    : srli s6, s6, 4             : IntAlu :  D=0x0000000000000013
1819500: system.cpu: T0 : 0x1c972    : c_li s5, 0                 : IntAlu :  D=0x0000000000000000
1820000: system.cpu: T0 : 0x1c974    : c_beqz a5, 22              : IntAlu : 
1821000: system.cpu: T0 : 0x1c976    : lui a5, 111                : IntAlu :  D=0x000000000006f000
1822000: system.cpu: T0 : 0x1c97a    : ld s5, 1448(a5)            : MemRead :  D=0x0000000000000040 A=0x6f5a8
1823000: system.cpu: T0 : 0x1c97e    : sltu s5, s6, s5            : IntAlu :  D=0x0000000000000001
1824000: system.cpu: T0 : 0x1c982    : sub s5, zero, s5           : IntAlu :  D=0xffffffffffffffff
1825000: system.cpu: T0 : 0x1c986    : and s5, s0, s5             : IntAlu :  D=0x0000000000000150
1826000: system.cpu: T0 : 0x1c98a    : lui a5, 111                : IntAlu :  D=0x000000000006f000
1826500: system.cpu: T0 : 0x1c98e    : c_lui s11, 1               : IntAlu :  D=0x0000000000001000
1827000: system.cpu: T0 : 0x1c990    : lui s7, 111                : IntAlu :  D=0x000000000006f000
1827500: system.cpu: T0 : 0x1c994    : addi a5, a5, 1480          : IntAlu :  D=0x000000000006f5c8
1828000: system.cpu: T0 : 0x1c998    : addi s8, s1, 96            : IntAlu :  D=0x000000000006f628
1828500: system.cpu: T0 : 0x1c99c    : c_li t5, 0                 : IntAlu :  D=0x0000000000000000
1829500: system.cpu: T0 : 0x1c99e    : addi s7, s7, 1368          : IntAlu :  D=0x000000000006f558
1830500: system.cpu: T0 : 0x1c9a2    : add a7, s1, s11            : IntAlu :  D=0x00000000000705c8
1831000: system.cpu: T0 : 0x1c9a6    : c_sdsp a5, 56(sp)          : MemWrite :  D=0x000000000006f5c8 A=0x7ffffffffffffc08
1831500: system.cpu: T0 : 0x1c9a8    : c_ld a5, 120(s1)           : MemRead :  D=0x000000000006f628 A=0x6f640
1832500: system.cpu: T0 : 0x1c9aa    : beq a5, s8, 532            : IntAlu : 
1833500: system.cpu: T0 : 0x1cbbe    : addi a5, zero, 1023        : IntAlu :  D=0x00000000000003ff
1834500: system.cpu: T0 : 0x1cbc2    : bgeu a5, s0, 38            : IntAlu : 
1835000: system.cpu: T0 : 0x1cbe8    : c_ldsp a3, 8(sp)           : MemRead :  D=0x0000000000000015 A=0x7ffffffffffffbd8
1835500: system.cpu: T0 : 0x1cbea    : c_li a0, 4                 : IntAlu :  D=0x0000000000000004
1836000: system.cpu: T0 : 0x1cbec    : addiw a5, a3, 1            : IntAlu :  D=0x0000000000000016
1836500: system.cpu: T0 : 0x1cbf0    : srliw a4, a5, 5            : IntAlu :  D=0x0000000000000000
1837000: system.cpu: T0 : 0x1cbf4    : slliw a3, a3, 1            : IntAlu :  D=0x000000000000002a
1837500: system.cpu: T0 : 0x1cbf8    : addi a4, a4, 536           : IntAlu :  D=0x0000000000000218
1838000: system.cpu: T0 : 0x1cbfc    : c_slli a3, 32              : IntAlu :  D=0x0000002a00000000
1838500: system.cpu: T0 : 0x1cbfe    : c_slli a4, 2               : IntAlu :  D=0x0000000000000860
1839000: system.cpu: T0 : 0x1cc00    : c_srli a3, 32              : IntAlu :  D=0x000000000000002a
1839500: system.cpu: T0 : 0x1cc02    : c_add a4, s1               : IntAlu :  D=0x000000000006fe28
1840000: system.cpu: T0 : 0x1cc04    : c_slli a3, 3               : IntAlu :  D=0x0000000000000150
1840500: system.cpu: T0 : 0x1cc06    : c_lw a2, 0(a4)             : MemRead :  D=0x0000000000000000 A=0x6fe28
1841000: system.cpu: T0 : 0x1cc08    : addi a3, a3, 96            : IntAlu :  D=0x00000000000001b0
1841500: system.cpu: T0 : 0x1cc0c    : c_li a4, 1                 : IntAlu :  D=0x0000000000000001
1842500: system.cpu: T0 : 0x1cc0e    : srliw s2, a5, 5            : IntAlu :  D=0x0000000000000000
1843000: system.cpu: T0 : 0x1cc12    : c_add a3, s1               : IntAlu :  D=0x000000000006f778
1843500: system.cpu: T0 : 0x1cc14    : sllw a5, a4, a5            : IntAlu :  D=0x0000000000400000
1844000: system.cpu: T0 : 0x1cc18    : bltu a2, a5, 144           : IntAlu : 
1844500: system.cpu: T0 : 0x1cca8    : addiw a5, s2, 1            : IntAlu :  D=0x0000000000000001
1845000: system.cpu: T0 : 0x1ccac    : addiw s2, a5, 0            : IntAlu :  D=0x0000000000000001
1845500: system.cpu: T0 : 0x1ccb0    : bne s2, a0, -26            : IntAlu : 
1846000: system.cpu: T0 : 0x1cc96    : c_slli a5, 32              : IntAlu :  D=0x0000000100000000
1846500: system.cpu: T0 : 0x1cc98    : c_srli a5, 32              : IntAlu :  D=0x0000000000000001
1847500: system.cpu: T0 : 0x1cc9a    : addi a5, a5, 536           : IntAlu :  D=0x0000000000000219
1848000: system.cpu: T0 : 0x1cc9e    : c_slli a5, 2               : IntAlu :  D=0x0000000000000864
1848500: system.cpu: T0 : 0x1cca0    : c_add a5, s1               : IntAlu :  D=0x000000000006fe2c
1849000: system.cpu: T0 : 0x1cca2    : c_lw a2, 0(a5)             : MemRead :  D=0x0000000000000000 A=0x6fe2c
1849500: system.cpu: T0 : 0x1cca4    : bne a2, zero, 384          : IntAlu : 
1850000: system.cpu: T0 : 0x1cca8    : addiw a5, s2, 1            : IntAlu :  D=0x0000000000000002
1850500: system.cpu: T0 : 0x1ccac    : addiw s2, a5, 0            : IntAlu :  D=0x0000000000000002
1851000: system.cpu: T0 : 0x1ccb0    : bne s2, a0, -26            : IntAlu : 
1851500: system.cpu: T0 : 0x1cc96    : c_slli a5, 32              : IntAlu :  D=0x0000000200000000
1852000: system.cpu: T0 : 0x1cc98    : c_srli a5, 32              : IntAlu :  D=0x0000000000000002
1853000: system.cpu: T0 : 0x1cc9a    : addi a5, a5, 536           : IntAlu :  D=0x000000000000021a
1853500: system.cpu: T0 : 0x1cc9e    : c_slli a5, 2               : IntAlu :  D=0x0000000000000868
1854000: system.cpu: T0 : 0x1cca0    : c_add a5, s1               : IntAlu :  D=0x000000000006fe30
1854500: system.cpu: T0 : 0x1cca2    : c_lw a2, 0(a5)             : MemRead :  D=0x0000000000000000 A=0x6fe30
1855000: system.cpu: T0 : 0x1cca4    : bne a2, zero, 384          : IntAlu : 
1855500: system.cpu: T0 : 0x1cca8    : addiw a5, s2, 1            : IntAlu :  D=0x0000000000000003
1856000: system.cpu: T0 : 0x1ccac    : addiw s2, a5, 0            : IntAlu :  D=0x0000000000000003
1856500: system.cpu: T0 : 0x1ccb0    : bne s2, a0, -26            : IntAlu : 
1857000: system.cpu: T0 : 0x1cc96    : c_slli a5, 32              : IntAlu :  D=0x0000000300000000
1857500: system.cpu: T0 : 0x1cc98    : c_srli a5, 32              : IntAlu :  D=0x0000000000000003
1858500: system.cpu: T0 : 0x1cc9a    : addi a5, a5, 536           : IntAlu :  D=0x000000000000021b
1859000: system.cpu: T0 : 0x1cc9e    : c_slli a5, 2               : IntAlu :  D=0x000000000000086c
1859500: system.cpu: T0 : 0x1cca0    : c_add a5, s1               : IntAlu :  D=0x000000000006fe34
1860000: system.cpu: T0 : 0x1cca2    : c_lw a2, 0(a5)             : MemRead :  D=0x0000000000000000 A=0x6fe34
1860500: system.cpu: T0 : 0x1cca4    : bne a2, zero, 384          : IntAlu : 
1861000: system.cpu: T0 : 0x1cca8    : addiw a5, s2, 1            : IntAlu :  D=0x0000000000000004
1861500: system.cpu: T0 : 0x1ccac    : addiw s2, a5, 0            : IntAlu :  D=0x0000000000000004
1862000: system.cpu: T0 : 0x1ccb0    : bne s2, a0, -26            : IntAlu : 
1862500: system.cpu: T0 : 0x1ccb4    : c_ld a4, 96(s1)            : MemRead :  D=0x0000000000074270 A=0x6f628
1863500: system.cpu: T0 : 0x1ccb6    : ld a3, -1912(a7)           : MemRead :  D=0x0000000000021080 A=0x6fe50
1864000: system.cpu: T0 : 0x1ccba    : c_ld a5, 8(a4)             : MemRead :  D=0x0000000000020d91 A=0x74278
1864500: system.cpu: T0 : 0x1ccbc    : c_andi a5, 18446744073709551608 : IntAlu :  D=0x0000000000020d90
1865500: system.cpu: T0 : 0x1ccbe    : bltu a3, a5, 548           : IntAlu : 
1866500: system.cpu: T0 : 0x1ccc2    : addi a3, s0, 32            : IntAlu :  D=0x0000000000000170
1867500: system.cpu: T0 : 0x1ccc6    : bgeu a5, a3, 640           : IntAlu : 
1868500: system.cpu: T0 : 0x1cf46    : add a0, a4, s0             : IntAlu :  D=0x00000000000743c0
1869500: system.cpu: T0 : 0x1cf4a    : lui a2, 111                : IntAlu :  D=0x000000000006f000
1870000: system.cpu: T0 : 0x1cf4e    : c_sd a0, 96(s1)            : MemWrite :  D=0x00000000000743c0 A=0x6f628
1870500: system.cpu: T0 : 0x1cf50    : addi a2, a2, 1480          : IntAlu :  D=0x000000000006f5c8
1871000: system.cpu: T0 : 0x1cf54    : c_sub a5, s0               : IntAlu :  D=0x0000000000020c40
1871500: system.cpu: T0 : 0x1cf56    : c_li a3, 4                 : IntAlu :  D=0x0000000000000004
1872000: system.cpu: T0 : 0x1cf58    : beq s1, a2, 116            : IntAlu : 
1872500: system.cpu: T0 : 0x1cfcc    : c_li a3, 0                 : IntAlu :  D=0x0000000000000000
1873000: system.cpu: T0 : 0x1cfce    : c_j -114                   : IntAlu : 
1873500: system.cpu: T0 : 0x1cf5c    : c_or a3, s0                : IntAlu :  D=0x0000000000000150
1874500: system.cpu: T0 : 0x1cf5e    : ori a3, a3, 1              : IntAlu :  D=0x0000000000000151
1875500: system.cpu: T0 : 0x1cf62    : lw a1, -1396(gp)           : MemRead :  D=0x0000000000000000 A=0x70ac4
1876000: system.cpu: T0 : 0x1cf66    : c_sd a3, 8(a4)             : MemWrite :  D=0x0000000000000151 A=0x74278
1876500: system.cpu: T0 : 0x1cf68    : ori a5, a5, 1              : IntAlu :  D=0x0000000000020c41
1877000: system.cpu: T0 : 0x1cf6c    : c_sd a5, 8(a0)             : MemWrite :  D=0x0000000000020c41 A=0x743c8
1878000: system.cpu: T0 : 0x1cf6e    : addi s2, a4, 16            : IntAlu :  D=0x0000000000074280
1879000: system.cpu: T0 : 0x1cf72    : beq a1, zero, -1664        : IntAlu : 
1879500: system.cpu: T0 : 0x1c8f2    : c_ldsp ra, 248(sp)         : MemRead :  D=0x000000000001da70 A=0x7ffffffffffffcc8
1880000: system.cpu: T0 : 0x1c8f4    : c_ldsp s0, 240(sp)         : MemRead :  D=0x0000000000000140 A=0x7ffffffffffffcc0
1880500: system.cpu: T0 : 0x1c8f6    : c_ldsp s1, 232(sp)         : MemRead :  D=0x000000000006f000 A=0x7ffffffffffffcb8
1881000: system.cpu: T0 : 0x1c8f8    : c_ldsp s3, 216(sp)         : MemRead :  D=0x000000000006efc0 A=0x7ffffffffffffca8
1881500: system.cpu: T0 : 0x1c8fa    : c_ldsp s4, 208(sp)         : MemRead :  D=0x000000000000000a A=0x7ffffffffffffca0
1882000: system.cpu: T0 : 0x1c8fc    : c_ldsp s5, 200(sp)         : MemRead :  D=0x0000000000074250 A=0x7ffffffffffffc98
1882500: system.cpu: T0 : 0x1c8fe    : c_ldsp s6, 192(sp)         : MemRead :  D=0x0000000000072000 A=0x7ffffffffffffc90
1883000: system.cpu: T0 : 0x1c900    : c_ldsp s7, 184(sp)         : MemRead :  D=0x0000000000000000 A=0x7ffffffffffffc88
1883500: system.cpu: T0 : 0x1c902    : c_ldsp s8, 176(sp)         : MemRead :  D=0x0000000000000000 A=0x7ffffffffffffc80
1884000: system.cpu: T0 : 0x1c904    : c_ldsp s9, 168(sp)         : MemRead :  D=0x0000000000000000 A=0x7ffffffffffffc78
1884500: system.cpu: T0 : 0x1c906    : c_ldsp s10, 160(sp)        : MemRead :  D=0x0000000000000000 A=0x7ffffffffffffc70
1885000: system.cpu: T0 : 0x1c908    : c_ldsp s11, 152(sp)        : MemRead :  D=0x0000000000000000 A=0x7ffffffffffffc68
1885500: system.cpu: T0 : 0x1c90a    : c_mv a0, s2                : IntAlu :  D=0x0000000000074280
1886000: system.cpu: T0 : 0x1c90c    : c_ldsp s2, 224(sp)         : MemRead :  D=0x0000000000000000 A=0x7ffffffffffffcb0
1886500: system.cpu: T0 : 0x1c90e    : c_addi16sp sp, 256         : IntAlu :  D=0x7ffffffffffffcd0
1887000: system.cpu: T0 : 0x1c910    : c_jr ra                    : IntAlu : 
1887500: system.cpu: T0 : 0x1da70    : c_mv a5, a0                : IntAlu :  D=0x0000000000074280
1888000: system.cpu: T0 : 0x1da72    : c_beqz a0, 150             : IntAlu : 
1888500: system.cpu: T0 : 0x1da74    : ld a4, -8(a0)              : MemRead :  D=0x0000000000000151 A=0x74278
1889000: system.cpu: T0 : 0x1da78    : andi a3, a4, 2             : IntAlu :  D=0x0000000000000000
1889500: system.cpu: T0 : 0x1da7c    : c_bnez a3, 26              : IntAlu : 
1890000: system.cpu: T0 : 0x1da7e    : c_andi a4, 4               : IntAlu :  D=0x0000000000000000
1890500: system.cpu: T0 : 0x1da80    : c_beqz a4, 22              : IntAlu : 
1891000: system.cpu: T0 : 0x1da96    : c_ldsp ra, 24(sp)          : MemRead :  D=0x000000000003b06e A=0x7ffffffffffffce8
1891500: system.cpu: T0 : 0x1da98    : c_ldsp s0, 16(sp)          : MemRead :  D=0x7ffffffffffffd30 A=0x7ffffffffffffce0
1892000: system.cpu: T0 : 0x1da9a    : c_ldsp s1, 8(sp)           : MemRead :  D=0x0000000000000002 A=0x7ffffffffffffcd8
1892500: system.cpu: T0 : 0x1da9c    : c_ldsp s2, 0(sp)           : MemRead :  D=0x0000000000000000 A=0x7ffffffffffffcd0
1893000: system.cpu: T0 : 0x1da9e    : c_mv a0, a5                : IntAlu :  D=0x0000000000074280
1893500: system.cpu: T0 : 0x1daa0    : c_addi16sp sp, 32          : IntAlu :  D=0x7ffffffffffffcf0
1894000: system.cpu: T0 : 0x1daa2    : c_jr ra                    : IntAlu : 
1895000: system.cpu: T0 : 0x3b06e    : sd a0, 0(s5)               : MemWrite :  D=0x0000000000074280 A=0x74250
1895500: system.cpu: T0 : 0x3b072    : c_mv a2, a0                : IntAlu :  D=0x0000000000074280
1896000: system.cpu: T0 : 0x3b074    : beq a0, zero, 386          : IntAlu : 
1896500: system.cpu: T0 : 0x3b078    : lui a5, 114                : IntAlu :  D=0x0000000000072000
1897000: system.cpu: T0 : 0x3b07c    : lui a3, 98                 : IntAlu :  D=0x0000000000062000
1897500: system.cpu: T0 : 0x3b080    : lui a0, 97                 : IntAlu :  D=0x0000000000061000
1898000: system.cpu: T0 : 0x3b084    : addi a3, a3, -1744         : IntAlu :  D=0x0000000000061930
1898500: system.cpu: T0 : 0x3b088    : addi a0, a0, 1904          : IntAlu :  D=0x0000000000061770
1899000: system.cpu: T0 : 0x3b08c    : sd a2, -160(a5)            : MemWrite :  D=0x0000000000074280 A=0x71f60
1899500: system.cpu: T0 : 0x3b090    : c_li a5, 23                : IntAlu :  D=0x0000000000000017
1900000: system.cpu: T0 : 0x3b092    : c_sd a3, 24(a2)            : MemWrite :  D=0x0000000000061930 A=0x74298
1900500: system.cpu: T0 : 0x3b094    : addi a6, a3, 72            : IntAlu :  D=0x0000000000061978
1901000: system.cpu: T0 : 0x3b098    : sw zero, 40(s3)            : MemWrite :  D=0x0000000000000000 A=0x6efe8
1901500: system.cpu: T0 : 0x3b09c    : addi a1, s5, 8             : IntAlu :  D=0x0000000000074258
1902000: system.cpu: T0 : 0x3b0a0    : c_sd a0, 8(a2)             : MemWrite :  D=0x0000000000061770 A=0x74288
1903000: system.cpu: T0 : 0x3b0a2    : sd zero, 16(a2)            : MemWrite :  D=0x0000000000000000 A=0x74290
1903500: system.cpu: T0 : 0x3b0a6    : c_sd a5, 32(a2)            : MemWrite :  D=0x0000000000000017 A=0x742a0
1904000: system.cpu: T0 : 0x3b0a8    : slli a7, s4, 3             : IntAlu :  D=0x0000000000000050
1904500: system.cpu: T0 : 0x3b0ac    : addi t3, s5, 32            : IntAlu :  D=0x0000000000074270
1905000: system.cpu: T0 : 0x3b0b0    : c_addi a3, 24              : IntAlu :  D=0x0000000000061948
1906000: system.cpu: T0 : 0x3b0b2    : addi t4, zero, 47          : IntAlu :  D=0x000000000000002f
1907000: system.cpu: T0 : 0x3b0b6    : addi a4, a2, 40            : IntAlu :  D=0x00000000000742a8
1907500: system.cpu: T0 : 0x3b0ba    : c_li a5, 0                 : IntAlu :  D=0x0000000000000000
1908000: system.cpu: T0 : 0x3b0bc    : c_beqz s1, 14              : IntAlu : 
1909000: system.cpu: T0 : 0x3b0be    : sw zero, 0(a4)             : MemWrite :  D=0x0000000000000000 A=0x742a8
1909500: system.cpu: T0 : 0x3b0c2    : c_addi a5, 1               : IntAlu :  D=0x0000000000000001
1910000: system.cpu: T0 : 0x3b0c4    : c_addi a4, 4               : IntAlu :  D=0x00000000000742ac
1911000: system.cpu: T0 : 0x3b0c6    : bne s1, a5, -8             : IntAlu : 
1912000: system.cpu: T0 : 0x3b0be    : sw zero, 0(a4)             : MemWrite :  D=0x0000000000000000 A=0x742ac
1912500: system.cpu: T0 : 0x3b0c2    : c_addi a5, 1               : IntAlu :  D=0x0000000000000002
1913000: system.cpu: T0 : 0x3b0c4    : c_addi a4, 4               : IntAlu :  D=0x00000000000742b0
1914000: system.cpu: T0 : 0x3b0c6    : bne s1, a5, -8             : IntAlu : 
1915000: system.cpu: T0 : 0x3b0ca    : beq t3, a1, 48             : IntAlu : 
1916000: system.cpu: T0 : 0x3b0ce    : ld a4, 8(a6)               : MemRead :  D=0x000000000000001b A=0x61980
1917000: system.cpu: T0 : 0x3b0d2    : add a5, a2, a7             : IntAlu :  D=0x00000000000742d0
1918000: system.cpu: T0 : 0x3b0d6    : lbu t1, 0(a3)              : MemRead :  D=0x000000000000002f A=0x61948
1918500: system.cpu: T0 : 0x3b0da    : c_sd a5, 0(a2)             : MemWrite :  D=0x00000000000742d0 A=0x74280
1919000: system.cpu: T0 : 0x3b0dc    : c_sd a3, 24(a5)            : MemWrite :  D=0x0000000000061948 A=0x742e8
1920000: system.cpu: T0 : 0x3b0de    : addi a2, a4, 1             : IntAlu :  D=0x000000000000001c
1920500: system.cpu: T0 : 0x3b0e2    : c_sd a5, 0(a1)             : MemWrite :  D=0x00000000000742d0 A=0x74258
1921000: system.cpu: T0 : 0x3b0e4    : c_sd a0, 8(a5)             : MemWrite :  D=0x0000000000061770 A=0x742d8
1922000: system.cpu: T0 : 0x3b0e6    : sd zero, 16(a5)            : MemWrite :  D=0x0000000000000000 A=0x742e0
1922500: system.cpu: T0 : 0x3b0ea    : c_sd a4, 32(a5)            : MemWrite :  D=0x000000000000001b A=0x742f0
1923000: system.cpu: T0 : 0x3b0ec    : c_addi a1, 8               : IntAlu :  D=0x0000000000074260
1923500: system.cpu: T0 : 0x3b0ee    : c_add a3, a2               : IntAlu :  D=0x0000000000061964
1924000: system.cpu: T0 : 0x3b0f0    : c_addi a6, 8               : IntAlu :  D=0x0000000000061980
1925000: system.cpu: T0 : 0x3b0f2    : bne t1, t4, 228            : IntAlu : 
1925500: system.cpu: T0 : 0x3b0f6    : c_mv a2, a5                : IntAlu :  D=0x00000000000742d0
1926000: system.cpu: T0 : 0x3b0f8    : c_j -66                    : IntAlu : 
1927000: system.cpu: T0 : 0x3b0b6    : addi a4, a2, 40            : IntAlu :  D=0x00000000000742f8
1927500: system.cpu: T0 : 0x3b0ba    : c_li a5, 0                 : IntAlu :  D=0x0000000000000000
1928000: system.cpu: T0 : 0x3b0bc    : c_beqz s1, 14              : IntAlu : 
1929000: system.cpu: T0 : 0x3b0be    : sw zero, 0(a4)             : MemWrite :  D=0x0000000000000000 A=0x742f8
1929500: system.cpu: T0 : 0x3b0c2    : c_addi a5, 1               : IntAlu :  D=0x0000000000000001
1930000: system.cpu: T0 : 0x3b0c4    : c_addi a4, 4               : IntAlu :  D=0x00000000000742fc
1931000: system.cpu: T0 : 0x3b0c6    : bne s1, a5, -8             : IntAlu : 
1932000: system.cpu: T0 : 0x3b0be    : sw zero, 0(a4)             : MemWrite :  D=0x0000000000000000 A=0x742fc
1932500: system.cpu: T0 : 0x3b0c2    : c_addi a5, 1               : IntAlu :  D=0x0000000000000002
1933000: system.cpu: T0 : 0x3b0c4    : c_addi a4, 4               : IntAlu :  D=0x0000000000074300
1934000: system.cpu: T0 : 0x3b0c6    : bne s1, a5, -8             : IntAlu : 
1935000: system.cpu: T0 : 0x3b0ca    : beq t3, a1, 48             : IntAlu : 
1936000: system.cpu: T0 : 0x3b0ce    : ld a4, 8(a6)               : MemRead :  D=0x0000000000000005 A=0x61988
1937000: system.cpu: T0 : 0x3b0d2    : add a5, a2, a7             : IntAlu :  D=0x0000000000074320
1938000: system.cpu: T0 : 0x3b0d6    : lbu t1, 0(a3)              : MemRead :  D=0x000000000000002f A=0x61964
1938500: system.cpu: T0 : 0x3b0da    : c_sd a5, 0(a2)             : MemWrite :  D=0x0000000000074320 A=0x742d0
1939000: system.cpu: T0 : 0x3b0dc    : c_sd a3, 24(a5)            : MemWrite :  D=0x0000000000061964 A=0x74338
1940000: system.cpu: T0 : 0x3b0de    : addi a2, a4, 1             : IntAlu :  D=0x0000000000000006
1940500: system.cpu: T0 : 0x3b0e2    : c_sd a5, 0(a1)             : MemWrite :  D=0x0000000000074320 A=0x74260
1941000: system.cpu: T0 : 0x3b0e4    : c_sd a0, 8(a5)             : MemWrite :  D=0x0000000000061770 A=0x74328
1942000: system.cpu: T0 : 0x3b0e6    : sd zero, 16(a5)            : MemWrite :  D=0x0000000000000000 A=0x74330
1942500: system.cpu: T0 : 0x3b0ea    : c_sd a4, 32(a5)            : MemWrite :  D=0x0000000000000005 A=0x74340
1943000: system.cpu: T0 : 0x3b0ec    : c_addi a1, 8               : IntAlu :  D=0x0000000000074268
1943500: system.cpu: T0 : 0x3b0ee    : c_add a3, a2               : IntAlu :  D=0x000000000006196a
1944000: system.cpu: T0 : 0x3b0f0    : c_addi a6, 8               : IntAlu :  D=0x0000000000061988
1945000: system.cpu: T0 : 0x3b0f2    : bne t1, t4, 228            : IntAlu : 
1945500: system.cpu: T0 : 0x3b0f6    : c_mv a2, a5                : IntAlu :  D=0x0000000000074320
1946000: system.cpu: T0 : 0x3b0f8    : c_j -66                    : IntAlu : 
1947000: system.cpu: T0 : 0x3b0b6    : addi a4, a2, 40            : IntAlu :  D=0x0000000000074348
1947500: system.cpu: T0 : 0x3b0ba    : c_li a5, 0                 : IntAlu :  D=0x0000000000000000
1948000: system.cpu: T0 : 0x3b0bc    : c_beqz s1, 14              : IntAlu : 
1949000: system.cpu: T0 : 0x3b0be    : sw zero, 0(a4)             : MemWrite :  D=0x0000000000000000 A=0x74348
1949500: system.cpu: T0 : 0x3b0c2    : c_addi a5, 1               : IntAlu :  D=0x0000000000000001
1950000: system.cpu: T0 : 0x3b0c4    : c_addi a4, 4               : IntAlu :  D=0x000000000007434c
1951000: system.cpu: T0 : 0x3b0c6    : bne s1, a5, -8             : IntAlu : 
1952000: system.cpu: T0 : 0x3b0be    : sw zero, 0(a4)             : MemWrite :  D=0x0000000000000000 A=0x7434c
1952500: system.cpu: T0 : 0x3b0c2    : c_addi a5, 1               : IntAlu :  D=0x0000000000000002
1953000: system.cpu: T0 : 0x3b0c4    : c_addi a4, 4               : IntAlu :  D=0x0000000000074350
1954000: system.cpu: T0 : 0x3b0c6    : bne s1, a5, -8             : IntAlu : 
1955000: system.cpu: T0 : 0x3b0ca    : beq t3, a1, 48             : IntAlu : 
1956000: system.cpu: T0 : 0x3b0ce    : ld a4, 8(a6)               : MemRead :  D=0x0000000000000009 A=0x61990
1957000: system.cpu: T0 : 0x3b0d2    : add a5, a2, a7             : IntAlu :  D=0x0000000000074370
1958000: system.cpu: T0 : 0x3b0d6    : lbu t1, 0(a3)              : MemRead :  D=0x000000000000002f A=0x6196a
1958500: system.cpu: T0 : 0x3b0da    : c_sd a5, 0(a2)             : MemWrite :  D=0x0000000000074370 A=0x74320
1959000: system.cpu: T0 : 0x3b0dc    : c_sd a3, 24(a5)            : MemWrite :  D=0x000000000006196a A=0x74388
1960000: system.cpu: T0 : 0x3b0de    : addi a2, a4, 1             : IntAlu :  D=0x000000000000000a
1960500: system.cpu: T0 : 0x3b0e2    : c_sd a5, 0(a1)             : MemWrite :  D=0x0000000000074370 A=0x74268
1961000: system.cpu: T0 : 0x3b0e4    : c_sd a0, 8(a5)             : MemWrite :  D=0x0000000000061770 A=0x74378
1962000: system.cpu: T0 : 0x3b0e6    : sd zero, 16(a5)            : MemWrite :  D=0x0000000000000000 A=0x74380
1962500: system.cpu: T0 : 0x3b0ea    : c_sd a4, 32(a5)            : MemWrite :  D=0x0000000000000009 A=0x74390
1963000: system.cpu: T0 : 0x3b0ec    : c_addi a1, 8               : IntAlu :  D=0x0000000000074270
1963500: system.cpu: T0 : 0x3b0ee    : c_add a3, a2               : IntAlu :  D=0x0000000000061974
1964000: system.cpu: T0 : 0x3b0f0    : c_addi a6, 8               : IntAlu :  D=0x0000000000061990
1965000: system.cpu: T0 : 0x3b0f2    : bne t1, t4, 228            : IntAlu : 
1965500: system.cpu: T0 : 0x3b0f6    : c_mv a2, a5                : IntAlu :  D=0x0000000000074370
1966000: system.cpu: T0 : 0x3b0f8    : c_j -66                    : IntAlu : 
1967000: system.cpu: T0 : 0x3b0b6    : addi a4, a2, 40            : IntAlu :  D=0x0000000000074398
1967500: system.cpu: T0 : 0x3b0ba    : c_li a5, 0                 : IntAlu :  D=0x0000000000000000
1968000: system.cpu: T0 : 0x3b0bc    : c_beqz s1, 14              : IntAlu : 
1969000: system.cpu: T0 : 0x3b0be    : sw zero, 0(a4)             : MemWrite :  D=0x0000000000000000 A=0x74398
1969500: system.cpu: T0 : 0x3b0c2    : c_addi a5, 1               : IntAlu :  D=0x0000000000000001
1970000: system.cpu: T0 : 0x3b0c4    : c_addi a4, 4               : IntAlu :  D=0x000000000007439c
1971000: system.cpu: T0 : 0x3b0c6    : bne s1, a5, -8             : IntAlu : 
1972000: system.cpu: T0 : 0x3b0be    : sw zero, 0(a4)             : MemWrite :  D=0x0000000000000000 A=0x7439c
1972500: system.cpu: T0 : 0x3b0c2    : c_addi a5, 1               : IntAlu :  D=0x0000000000000002
1973000: system.cpu: T0 : 0x3b0c4    : c_addi a4, 4               : IntAlu :  D=0x00000000000743a0
1974000: system.cpu: T0 : 0x3b0c6    : bne s1, a5, -8             : IntAlu : 
1975000: system.cpu: T0 : 0x3b0ca    : beq t3, a1, 48             : IntAlu : 
1975500: system.cpu: T0 : 0x3b0fa    : c_li a4, 27                : IntAlu :  D=0x000000000000001b
1976000: system.cpu: T0 : 0x3b0fc    : sd zero, 0(a2)             : MemWrite :  D=0x0000000000000000 A=0x74370
1976500: system.cpu: T0 : 0x3b100    : sd a4, -1192(gp)           : MemWrite :  D=0x000000000000001b A=0x70b90
1977000: system.cpu: T0 : 0x3b104    : sd zero, 32(s5)            : MemWrite :  D=0x0000000000000000 A=0x74270
1977500: system.cpu: T0 : 0x3b108    : beq s2, zero, 10           : IntAlu : 
1978000: system.cpu: T0 : 0x3b112    : c_li a5, -1                : IntAlu :  D=0xffffffffffffffff
1978500: system.cpu: T0 : 0x3b114    : sd a5, 48(s3)              : MemWrite :  D=0xffffffffffffffff A=0x6eff0
1979000: system.cpu: T0 : 0x3b118    : addi sp, s0, -64           : IntAlu :  D=0x7ffffffffffffcf0
1979500: system.cpu: T0 : 0x3b11c    : c_ldsp ra, 56(sp)          : MemRead :  D=0x0000000000022a02 A=0x7ffffffffffffd28
1980000: system.cpu: T0 : 0x3b11e    : c_ldsp s0, 48(sp)          : MemRead :  D=0x000000000006ef80 A=0x7ffffffffffffd20
1980500: system.cpu: T0 : 0x3b120    : c_ldsp s1, 40(sp)          : MemRead :  D=0x000000000006fe60 A=0x7ffffffffffffd18
1981000: system.cpu: T0 : 0x3b122    : c_ldsp s2, 32(sp)          : MemRead :  D=0x0000000000072000 A=0x7ffffffffffffd10
1981500: system.cpu: T0 : 0x3b124    : c_ldsp s3, 24(sp)          : MemRead :  D=0x0000000000072000 A=0x7ffffffffffffd08
1982000: system.cpu: T0 : 0x3b126    : c_ldsp s4, 16(sp)          : MemRead :  D=0x0000000000070000 A=0x7ffffffffffffd00
1982500: system.cpu: T0 : 0x3b128    : c_ldsp s5, 8(sp)           : MemRead :  D=0x0000000000072000 A=0x7ffffffffffffcf8
1983000: system.cpu: T0 : 0x3b12a    : c_addi16sp sp, 64          : IntAlu :  D=0x7ffffffffffffd30
1983500: system.cpu: T0 : 0x3b12c    : c_jr ra                    : IntAlu : 
1984500: system.cpu: T0 : 0x22a02    : lui a5, 114                : IntAlu :  D=0x0000000000072000
1985500: system.cpu: T0 : 0x22a06    : ld a4, -160(a5)            : MemRead :  D=0x0000000000074280 A=0x71f60
1986500: system.cpu: T0 : 0x22a0a    : lui a0, 80                 : IntAlu :  D=0x0000000000050000
1987500: system.cpu: T0 : 0x22a0e    : lui a5, 114                : IntAlu :  D=0x0000000000072000
1988500: system.cpu: T0 : 0x22a12    : addi a0, a0, 32            : IntAlu :  D=0x0000000000050020
1989500: system.cpu: T0 : 0x22a16    : sd a4, -200(a5)            : MemWrite :  D=0x0000000000074280 A=0x71f38
1990500: system.cpu: T0 : 0x22a1a    : jal ra, -57838             : IntAlu :  D=0x0000000000022a1e
1991000: system.cpu: T0 : 0x1482c    : c_addi16sp sp, -64         : IntAlu :  D=0x7ffffffffffffcf0
1991500: system.cpu: T0 : 0x1482e    : c_sdsp s1, 40(sp)          : MemWrite :  D=0x000000000006fe60 A=0x7ffffffffffffd18
1992000: system.cpu: T0 : 0x14830    : ld s1, -1360(gp)           : MemRead :  D=0x7fffffffffffff48 A=0x70ae8
1992500: system.cpu: T0 : 0x14834    : c_sdsp ra, 56(sp)          : MemWrite :  D=0x0000000000022a1e A=0x7ffffffffffffd28
1993000: system.cpu: T0 : 0x14836    : c_sdsp s0, 48(sp)          : MemWrite :  D=0x000000000006ef80 A=0x7ffffffffffffd20
1993500: system.cpu: T0 : 0x14838    : c_sdsp s2, 32(sp)          : MemWrite :  D=0x0000000000072000 A=0x7ffffffffffffd10
1994000: system.cpu: T0 : 0x1483a    : c_sdsp s3, 24(sp)          : MemWrite :  D=0x0000000000072000 A=0x7ffffffffffffd08
1994500: system.cpu: T0 : 0x1483c    : c_sdsp s4, 16(sp)          : MemWrite :  D=0x0000000000070000 A=0x7ffffffffffffd00
1995000: system.cpu: T0 : 0x1483e    : c_sdsp s5, 8(sp)           : MemWrite :  D=0x0000000000072000 A=0x7ffffffffffffcf8
1995500: system.cpu: T0 : 0x14840    : c_sdsp s6, 0(sp)           : MemWrite :  D=0x0000000000072000 A=0x7ffffffffffffcf0
1996000: system.cpu: T0 : 0x14842    : c_beqz s1, 210             : IntAlu : 
1996500: system.cpu: T0 : 0x14844    : lbu a5, 0(a0)              : MemRead :  D=0x000000000000004c A=0x50020
1997000: system.cpu: T0 : 0x14848    : c_mv s4, a0                : IntAlu :  D=0x0000000000050020
1997500: system.cpu: T0 : 0x1484a    : c_beqz a5, 202             : IntAlu : 
1998000: system.cpu: T0 : 0x1484c    : lbu s5, 1(a0)              : MemRead :  D=0x0000000000000044 A=0x50021
1998500: system.cpu: T0 : 0x14850    : slliw s2, a5, 16           : IntAlu :  D=0x00000000004c0000
1999000: system.cpu: T0 : 0x14854    : c_ld s0, 0(s1)             : MemRead :  D=0x0000000000000000 A=0x7fffffffffffff48
2000000: system.cpu: T0 : 0x14856    : sraiw s2, s2, 16           : IntAlu :  D=0x000000000000004c
2001000: system.cpu: T0 : 0x1485a    : bne s5, zero, 86           : IntAlu : 
2001500: system.cpu: T0 : 0x148b0    : jal ra, 42488              : IntAlu :  D=0x00000000000148b4
2002000: system.cpu: T0 : 0x1eea8    : andi a5, a0, 7             : IntAlu :  D=0x0000000000000000
2002500: system.cpu: T0 : 0x1eeac    : c_beqz a5, 26              : IntAlu : 
2003000: system.cpu: T0 : 0x1eec6    : c_mv a5, a0                : IntAlu :  D=0x0000000000050020
2003500: system.cpu: T0 : 0x1eec8    : ld a6, -2024(gp)           : MemRead :  D=0xfefefefefefefeff A=0x70850
2004000: system.cpu: T0 : 0x1eecc    : ld a1, -2016(gp)           : MemRead :  D=0x8080808080808080 A=0x70858
2004500: system.cpu: T0 : 0x1eed0    : c_ld a2, 0(a5)             : MemRead :  D=0x5f444e49425f444c A=0x50020
2005500: system.cpu: T0 : 0x1eed2    : addi a3, a5, 8             : IntAlu :  D=0x0000000000050028
2006500: system.cpu: T0 : 0x1eed6    : add a4, a2, a6             : IntAlu :  D=0x5e434d48415e434b
2007500: system.cpu: T0 : 0x1eeda    : xori a2, a2, 18446744073709551615 : IntAlu :  D=0xa0bbb1b6bda0bbb3
2008000: system.cpu: T0 : 0x1eede    : c_and a4, a2               : IntAlu :  D=0x0003010001000303
2008500: system.cpu: T0 : 0x1eee0    : c_and a4, a1               : IntAlu :  D=0x0000000000000000
2009000: system.cpu: T0 : 0x1eee2    : c_beqz a4, 50              : IntAlu : 
2009500: system.cpu: T0 : 0x1ef14    : c_mv a5, a3                : IntAlu :  D=0x0000000000050028
2010000: system.cpu: T0 : 0x1ef16    : c_j -70                    : IntAlu : 
2010500: system.cpu: T0 : 0x1eed0    : c_ld a2, 0(a5)             : MemRead :  D=0x0000000000574f4e A=0x50028
2011500: system.cpu: T0 : 0x1eed2    : addi a3, a5, 8             : IntAlu :  D=0x0000000000050030
2012500: system.cpu: T0 : 0x1eed6    : add a4, a2, a6             : IntAlu :  D=0xfefefefeff564e4d
2013500: system.cpu: T0 : 0x1eeda    : xori a2, a2, 18446744073709551615 : IntAlu :  D=0xffffffffffa8b0b1
2014000: system.cpu: T0 : 0x1eede    : c_and a4, a2               : IntAlu :  D=0xfefefefeff000001
2014500: system.cpu: T0 : 0x1eee0    : c_and a4, a1               : IntAlu :  D=0x8080808080000000
2015000: system.cpu: T0 : 0x1eee2    : c_beqz a4, 50              : IntAlu : 
2015500: system.cpu: T0 : 0x1eee4    : lbu a4, -8(a3)             : MemRead :  D=0x000000000000004e A=0x50028
2016000: system.cpu: T0 : 0x1eee8    : c_beqz a4, -40             : IntAlu : 
2017000: system.cpu: T0 : 0x1eeea    : lbu a4, -7(a3)             : MemRead :  D=0x000000000000004f A=0x50029
2017500: system.cpu: T0 : 0x1eeee    : c_beqz a4, 50              : IntAlu : 
2018000: system.cpu: T0 : 0x1eef0    : lbu a4, -6(a3)             : MemRead :  D=0x0000000000000057 A=0x5002a
2018500: system.cpu: T0 : 0x1eef4    : c_beqz a4, 52              : IntAlu : 
2019500: system.cpu: T0 : 0x1eef6    : lbu a4, -5(a3)             : MemRead :  D=0x0000000000000000 A=0x5002b
2020000: system.cpu: T0 : 0x1eefa    : c_beqz a4, 54              : IntAlu : 
2020500: system.cpu: T0 : 0x1ef30    : c_sub a5, a0               : IntAlu :  D=0x0000000000000008
2021500: system.cpu: T0 : 0x1ef32    : addi a0, a5, 3             : IntAlu :  D=0x000000000000000b
2022000: system.cpu: T0 : 0x1ef36    : c_jr ra                    : IntAlu : 
2022500: system.cpu: T0 : 0x148b4    : slli a5, s5, 8             : IntAlu :  D=0x0000000000004400
2023000: system.cpu: T0 : 0x148b8    : or a5, s2, a5              : IntAlu :  D=0x000000000000444c
2023500: system.cpu: T0 : 0x148bc    : slliw s2, a5, 16           : IntAlu :  D=0x00000000444c0000
2024000: system.cpu: T0 : 0x148c0    : c_mv s3, a0                : IntAlu :  D=0x000000000000000b
2025000: system.cpu: T0 : 0x148c2    : sraiw s2, s2, 16           : IntAlu :  D=0x000000000000444c
2026000: system.cpu: T0 : 0x148c6    : addi s5, a0, -2            : IntAlu :  D=0x0000000000000009
2026500: system.cpu: T0 : 0x148ca    : c_addi s4, 2               : IntAlu :  D=0x0000000000050022
2027000: system.cpu: T0 : 0x148cc    : c_beqz s0, -50             : IntAlu : 
2027500: system.cpu: T0 : 0x1489a    : c_ldsp ra, 56(sp)          : MemRead :  D=0x0000000000022a1e A=0x7ffffffffffffd28
2028000: system.cpu: T0 : 0x1489c    : c_mv a0, s0                : IntAlu :  D=0x0000000000000000
2028500: system.cpu: T0 : 0x1489e    : c_ldsp s0, 48(sp)          : MemRead :  D=0x000000000006ef80 A=0x7ffffffffffffd20
2029000: system.cpu: T0 : 0x148a0    : c_ldsp s1, 40(sp)          : MemRead :  D=0x000000000006fe60 A=0x7ffffffffffffd18
2029500: system.cpu: T0 : 0x148a2    : c_ldsp s2, 32(sp)          : MemRead :  D=0x0000000000072000 A=0x7ffffffffffffd10
2030000: system.cpu: T0 : 0x148a4    : c_ldsp s3, 24(sp)          : MemRead :  D=0x0000000000072000 A=0x7ffffffffffffd08
2030500: system.cpu: T0 : 0x148a6    : c_ldsp s4, 16(sp)          : MemRead :  D=0x0000000000070000 A=0x7ffffffffffffd00
2031000: system.cpu: T0 : 0x148a8    : c_ldsp s5, 8(sp)           : MemRead :  D=0x0000000000072000 A=0x7ffffffffffffcf8
2031500: system.cpu: T0 : 0x148aa    : c_ldsp s6, 0(sp)           : MemRead :  D=0x0000000000072000 A=0x7ffffffffffffcf0
2032000: system.cpu: T0 : 0x148ac    : c_addi16sp sp, 64          : IntAlu :  D=0x7ffffffffffffd30
2032500: system.cpu: T0 : 0x148ae    : c_jr ra                    : IntAlu : 
2033000: system.cpu: T0 : 0x22a1e    : c_li a5, 1                 : IntAlu :  D=0x0000000000000001
2033500: system.cpu: T0 : 0x22a20    : c_beqz a0, 10              : IntAlu : 
2034500: system.cpu: T0 : 0x22a2a    : lui a0, 80                 : IntAlu :  D=0x0000000000050000
2035500: system.cpu: T0 : 0x22a2e    : lui a4, 114                : IntAlu :  D=0x0000000000072000
2036500: system.cpu: T0 : 0x22a32    : addi a0, a0, 48            : IntAlu :  D=0x0000000000050030
2037500: system.cpu: T0 : 0x22a36    : sw a5, -264(a4)            : MemWrite :  D=0x0000000000000001 A=0x71ef8
2038500: system.cpu: T0 : 0x22a3a    : jal ra, -57870             : IntAlu :  D=0x0000000000022a3e
2039000: system.cpu: T0 : 0x1482c    : c_addi16sp sp, -64         : IntAlu :  D=0x7ffffffffffffcf0
2039500: system.cpu: T0 : 0x1482e    : c_sdsp s1, 40(sp)          : MemWrite :  D=0x000000000006fe60 A=0x7ffffffffffffd18
2040000: system.cpu: T0 : 0x14830    : ld s1, -1360(gp)           : MemRead :  D=0x7fffffffffffff48 A=0x70ae8
2040500: system.cpu: T0 : 0x14834    : c_sdsp ra, 56(sp)          : MemWrite :  D=0x0000000000022a3e A=0x7ffffffffffffd28
2041000: system.cpu: T0 : 0x14836    : c_sdsp s0, 48(sp)          : MemWrite :  D=0x000000000006ef80 A=0x7ffffffffffffd20
2041500: system.cpu: T0 : 0x14838    : c_sdsp s2, 32(sp)          : MemWrite :  D=0x0000000000072000 A=0x7ffffffffffffd10
2042000: system.cpu: T0 : 0x1483a    : c_sdsp s3, 24(sp)          : MemWrite :  D=0x0000000000072000 A=0x7ffffffffffffd08
2042500: system.cpu: T0 : 0x1483c    : c_sdsp s4, 16(sp)          : MemWrite :  D=0x0000000000070000 A=0x7ffffffffffffd00
2043000: system.cpu: T0 : 0x1483e    : c_sdsp s5, 8(sp)           : MemWrite :  D=0x0000000000072000 A=0x7ffffffffffffcf8
2043500: system.cpu: T0 : 0x14840    : c_sdsp s6, 0(sp)           : MemWrite :  D=0x0000000000072000 A=0x7ffffffffffffcf0
2044000: system.cpu: T0 : 0x14842    : c_beqz s1, 210             : IntAlu : 
2044500: system.cpu: T0 : 0x14844    : lbu a5, 0(a0)              : MemRead :  D=0x000000000000004c A=0x50030
2045000: system.cpu: T0 : 0x14848    : c_mv s4, a0                : IntAlu :  D=0x0000000000050030
2045500: system.cpu: T0 : 0x1484a    : c_beqz a5, 202             : IntAlu : 
2046000: system.cpu: T0 : 0x1484c    : lbu s5, 1(a0)              : MemRead :  D=0x0000000000000044 A=0x50031
2046500: system.cpu: T0 : 0x14850    : slliw s2, a5, 16           : IntAlu :  D=0x00000000004c0000
2047000: system.cpu: T0 : 0x14854    : c_ld s0, 0(s1)             : MemRead :  D=0x0000000000000000 A=0x7fffffffffffff48
2048000: system.cpu: T0 : 0x14856    : sraiw s2, s2, 16           : IntAlu :  D=0x000000000000004c
2049000: system.cpu: T0 : 0x1485a    : bne s5, zero, 86           : IntAlu : 
2049500: system.cpu: T0 : 0x148b0    : jal ra, 42488              : IntAlu :  D=0x00000000000148b4
2050000: system.cpu: T0 : 0x1eea8    : andi a5, a0, 7             : IntAlu :  D=0x0000000000000000
2050500: system.cpu: T0 : 0x1eeac    : c_beqz a5, 26              : IntAlu : 
2051000: system.cpu: T0 : 0x1eec6    : c_mv a5, a0                : IntAlu :  D=0x0000000000050030
2051500: system.cpu: T0 : 0x1eec8    : ld a6, -2024(gp)           : MemRead :  D=0xfefefefefefefeff A=0x70850
2052000: system.cpu: T0 : 0x1eecc    : ld a1, -2016(gp)           : MemRead :  D=0x8080808080808080 A=0x70858
2052500: system.cpu: T0 : 0x1eed0    : c_ld a2, 0(a5)             : MemRead :  D=0x5f444e49425f444c A=0x50030
2053500: system.cpu: T0 : 0x1eed2    : addi a3, a5, 8             : IntAlu :  D=0x0000000000050038
2054500: system.cpu: T0 : 0x1eed6    : add a4, a2, a6             : IntAlu :  D=0x5e434d48415e434b
2055500: system.cpu: T0 : 0x1eeda    : xori a2, a2, 18446744073709551615 : IntAlu :  D=0xa0bbb1b6bda0bbb3
2056000: system.cpu: T0 : 0x1eede    : c_and a4, a2               : IntAlu :  D=0x0003010001000303
2056500: system.cpu: T0 : 0x1eee0    : c_and a4, a1               : IntAlu :  D=0x0000000000000000
2057000: system.cpu: T0 : 0x1eee2    : c_beqz a4, 50              : IntAlu : 
2057500: system.cpu: T0 : 0x1ef14    : c_mv a5, a3                : IntAlu :  D=0x0000000000050038
2058000: system.cpu: T0 : 0x1ef16    : c_j -70                    : IntAlu : 
2058500: system.cpu: T0 : 0x1eed0    : c_ld a2, 0(a5)             : MemRead :  D=0x0000000000544f4e A=0x50038
2059500: system.cpu: T0 : 0x1eed2    : addi a3, a5, 8             : IntAlu :  D=0x0000000000050040
2060500: system.cpu: T0 : 0x1eed6    : add a4, a2, a6             : IntAlu :  D=0xfefefefeff534e4d
2061500: system.cpu: T0 : 0x1eeda    : xori a2, a2, 18446744073709551615 : IntAlu :  D=0xffffffffffabb0b1
2062000: system.cpu: T0 : 0x1eede    : c_and a4, a2               : IntAlu :  D=0xfefefefeff030001
2062500: system.cpu: T0 : 0x1eee0    : c_and a4, a1               : IntAlu :  D=0x8080808080000000
2063000: system.cpu: T0 : 0x1eee2    : c_beqz a4, 50              : IntAlu : 
2063500: system.cpu: T0 : 0x1eee4    : lbu a4, -8(a3)             : MemRead :  D=0x000000000000004e A=0x50038
2064000: system.cpu: T0 : 0x1eee8    : c_beqz a4, -40             : IntAlu : 
2065000: system.cpu: T0 : 0x1eeea    : lbu a4, -7(a3)             : MemRead :  D=0x000000000000004f A=0x50039
2065500: system.cpu: T0 : 0x1eeee    : c_beqz a4, 50              : IntAlu : 
2066000: system.cpu: T0 : 0x1eef0    : lbu a4, -6(a3)             : MemRead :  D=0x0000000000000054 A=0x5003a
2066500: system.cpu: T0 : 0x1eef4    : c_beqz a4, 52              : IntAlu : 
2067500: system.cpu: T0 : 0x1eef6    : lbu a4, -5(a3)             : MemRead :  D=0x0000000000000000 A=0x5003b
2068000: system.cpu: T0 : 0x1eefa    : c_beqz a4, 54              : IntAlu : 
2068500: system.cpu: T0 : 0x1ef30    : c_sub a5, a0               : IntAlu :  D=0x0000000000000008
2069500: system.cpu: T0 : 0x1ef32    : addi a0, a5, 3             : IntAlu :  D=0x000000000000000b
2070000: system.cpu: T0 : 0x1ef36    : c_jr ra                    : IntAlu : 
2070500: system.cpu: T0 : 0x148b4    : slli a5, s5, 8             : IntAlu :  D=0x0000000000004400
2071000: system.cpu: T0 : 0x148b8    : or a5, s2, a5              : IntAlu :  D=0x000000000000444c
2071500: system.cpu: T0 : 0x148bc    : slliw s2, a5, 16           : IntAlu :  D=0x00000000444c0000
2072000: system.cpu: T0 : 0x148c0    : c_mv s3, a0                : IntAlu :  D=0x000000000000000b
2073000: system.cpu: T0 : 0x148c2    : sraiw s2, s2, 16           : IntAlu :  D=0x000000000000444c
2074000: system.cpu: T0 : 0x148c6    : addi s5, a0, -2            : IntAlu :  D=0x0000000000000009
2074500: system.cpu: T0 : 0x148ca    : c_addi s4, 2               : IntAlu :  D=0x0000000000050032
2075000: system.cpu: T0 : 0x148cc    : c_beqz s0, -50             : IntAlu : 
2075500: system.cpu: T0 : 0x1489a    : c_ldsp ra, 56(sp)          : MemRead :  D=0x0000000000022a3e A=0x7ffffffffffffd28
2076000: system.cpu: T0 : 0x1489c    : c_mv a0, s0                : IntAlu :  D=0x0000000000000000
2076500: system.cpu: T0 : 0x1489e    : c_ldsp s0, 48(sp)          : MemRead :  D=0x000000000006ef80 A=0x7ffffffffffffd20
2077000: system.cpu: T0 : 0x148a0    : c_ldsp s1, 40(sp)          : MemRead :  D=0x000000000006fe60 A=0x7ffffffffffffd18
2077500: system.cpu: T0 : 0x148a2    : c_ldsp s2, 32(sp)          : MemRead :  D=0x0000000000072000 A=0x7ffffffffffffd10
2078000: system.cpu: T0 : 0x148a4    : c_ldsp s3, 24(sp)          : MemRead :  D=0x0000000000072000 A=0x7ffffffffffffd08
2078500: system.cpu: T0 : 0x148a6    : c_ldsp s4, 16(sp)          : MemRead :  D=0x0000000000070000 A=0x7ffffffffffffd00
2079000: system.cpu: T0 : 0x148a8    : c_ldsp s5, 8(sp)           : MemRead :  D=0x0000000000072000 A=0x7ffffffffffffcf8
2079500: system.cpu: T0 : 0x148aa    : c_ldsp s6, 0(sp)           : MemRead :  D=0x0000000000072000 A=0x7ffffffffffffcf0
2080000: system.cpu: T0 : 0x148ac    : c_addi16sp sp, 64          : IntAlu :  D=0x7ffffffffffffd30
2080500: system.cpu: T0 : 0x148ae    : c_jr ra                    : IntAlu : 
2081000: system.cpu: T0 : 0x22a3e    : c_li a5, 0                 : IntAlu :  D=0x0000000000000000
2081500: system.cpu: T0 : 0x22a40    : c_beqz a0, 10              : IntAlu : 
2082500: system.cpu: T0 : 0x22a4a    : lui a0, 80                 : IntAlu :  D=0x0000000000050000
2083500: system.cpu: T0 : 0x22a4e    : lui a4, 114                : IntAlu :  D=0x0000000000072000
2084500: system.cpu: T0 : 0x22a52    : addi a0, a0, 64            : IntAlu :  D=0x0000000000050040
2085500: system.cpu: T0 : 0x22a56    : sw a5, -288(a4)            : MemWrite :  D=0x0000000000000000 A=0x71ee0
2086500: system.cpu: T0 : 0x22a5a    : jal ra, -57902             : IntAlu :  D=0x0000000000022a5e
2087000: system.cpu: T0 : 0x1482c    : c_addi16sp sp, -64         : IntAlu :  D=0x7ffffffffffffcf0
2087500: system.cpu: T0 : 0x1482e    : c_sdsp s1, 40(sp)          : MemWrite :  D=0x000000000006fe60 A=0x7ffffffffffffd18
2088000: system.cpu: T0 : 0x14830    : ld s1, -1360(gp)           : MemRead :  D=0x7fffffffffffff48 A=0x70ae8
2088500: system.cpu: T0 : 0x14834    : c_sdsp ra, 56(sp)          : MemWrite :  D=0x0000000000022a5e A=0x7ffffffffffffd28
2089000: system.cpu: T0 : 0x14836    : c_sdsp s0, 48(sp)          : MemWrite :  D=0x000000000006ef80 A=0x7ffffffffffffd20
2089500: system.cpu: T0 : 0x14838    : c_sdsp s2, 32(sp)          : MemWrite :  D=0x0000000000072000 A=0x7ffffffffffffd10
2090000: system.cpu: T0 : 0x1483a    : c_sdsp s3, 24(sp)          : MemWrite :  D=0x0000000000072000 A=0x7ffffffffffffd08
2090500: system.cpu: T0 : 0x1483c    : c_sdsp s4, 16(sp)          : MemWrite :  D=0x0000000000070000 A=0x7ffffffffffffd00
2091000: system.cpu: T0 : 0x1483e    : c_sdsp s5, 8(sp)           : MemWrite :  D=0x0000000000072000 A=0x7ffffffffffffcf8
2091500: system.cpu: T0 : 0x14840    : c_sdsp s6, 0(sp)           : MemWrite :  D=0x0000000000072000 A=0x7ffffffffffffcf0
2092000: system.cpu: T0 : 0x14842    : c_beqz s1, 210             : IntAlu : 
2092500: system.cpu: T0 : 0x14844    : lbu a5, 0(a0)              : MemRead :  D=0x000000000000004c A=0x50040
2093000: system.cpu: T0 : 0x14848    : c_mv s4, a0                : IntAlu :  D=0x0000000000050040
2093500: system.cpu: T0 : 0x1484a    : c_beqz a5, 202             : IntAlu : 
2094000: system.cpu: T0 : 0x1484c    : lbu s5, 1(a0)              : MemRead :  D=0x0000000000000044 A=0x50041
2094500: system.cpu: T0 : 0x14850    : slliw s2, a5, 16           : IntAlu :  D=0x00000000004c0000
2095000: system.cpu: T0 : 0x14854    : c_ld s0, 0(s1)             : MemRead :  D=0x0000000000000000 A=0x7fffffffffffff48
2096000: system.cpu: T0 : 0x14856    : sraiw s2, s2, 16           : IntAlu :  D=0x000000000000004c
2097000: system.cpu: T0 : 0x1485a    : bne s5, zero, 86           : IntAlu : 
2097500: system.cpu: T0 : 0x148b0    : jal ra, 42488              : IntAlu :  D=0x00000000000148b4
2098000: system.cpu: T0 : 0x1eea8    : andi a5, a0, 7             : IntAlu :  D=0x0000000000000000
2098500: system.cpu: T0 : 0x1eeac    : c_beqz a5, 26              : IntAlu : 
2099000: system.cpu: T0 : 0x1eec6    : c_mv a5, a0                : IntAlu :  D=0x0000000000050040
2099500: system.cpu: T0 : 0x1eec8    : ld a6, -2024(gp)           : MemRead :  D=0xfefefefefefefeff A=0x70850
2100000: system.cpu: T0 : 0x1eecc    : ld a1, -2016(gp)           : MemRead :  D=0x8080808080808080 A=0x70858
2100500: system.cpu: T0 : 0x1eed0    : c_ld a2, 0(a5)             : MemRead :  D=0x4d414e59445f444c A=0x50040
2101500: system.cpu: T0 : 0x1eed2    : addi a3, a5, 8             : IntAlu :  D=0x0000000000050048
2102500: system.cpu: T0 : 0x1eed6    : add a4, a2, a6             : IntAlu :  D=0x4c404d58435e434b
2103500: system.cpu: T0 : 0x1eeda    : xori a2, a2, 18446744073709551615 : IntAlu :  D=0xb2beb1a6bba0bbb3
2104000: system.cpu: T0 : 0x1eede    : c_and a4, a2               : IntAlu :  D=0x0000010003000303
2104500: system.cpu: T0 : 0x1eee0    : c_and a4, a1               : IntAlu :  D=0x0000000000000000
2105000: system.cpu: T0 : 0x1eee2    : c_beqz a4, 50              : IntAlu : 
2105500: system.cpu: T0 : 0x1ef14    : c_mv a5, a3                : IntAlu :  D=0x0000000000050048
2106000: system.cpu: T0 : 0x1ef16    : c_j -70                    : IntAlu : 
2106500: system.cpu: T0 : 0x1eed0    : c_ld a2, 0(a5)             : MemRead :  D=0x004b4145575f4349 A=0x50048
2107500: system.cpu: T0 : 0x1eed2    : addi a3, a5, 8             : IntAlu :  D=0x0000000000050050
2108500: system.cpu: T0 : 0x1eed6    : add a4, a2, a6             : IntAlu :  D=0xff4a4044565e4248
2109500: system.cpu: T0 : 0x1eeda    : xori a2, a2, 18446744073709551615 : IntAlu :  D=0xffb4bebaa8a0bcb6
2110000: system.cpu: T0 : 0x1eede    : c_and a4, a2               : IntAlu :  D=0xff00000000000000
2110500: system.cpu: T0 : 0x1eee0    : c_and a4, a1               : IntAlu :  D=0x8000000000000000
2111000: system.cpu: T0 : 0x1eee2    : c_beqz a4, 50              : IntAlu : 
2111500: system.cpu: T0 : 0x1eee4    : lbu a4, -8(a3)             : MemRead :  D=0x0000000000000049 A=0x50048
2112000: system.cpu: T0 : 0x1eee8    : c_beqz a4, -40             : IntAlu : 
2113000: system.cpu: T0 : 0x1eeea    : lbu a4, -7(a3)             : MemRead :  D=0x0000000000000043 A=0x50049
2113500: system.cpu: T0 : 0x1eeee    : c_beqz a4, 50              : IntAlu : 
2114000: system.cpu: T0 : 0x1eef0    : lbu a4, -6(a3)             : MemRead :  D=0x000000000000005f A=0x5004a
2114500: system.cpu: T0 : 0x1eef4    : c_beqz a4, 52              : IntAlu : 
2115500: system.cpu: T0 : 0x1eef6    : lbu a4, -5(a3)             : MemRead :  D=0x0000000000000057 A=0x5004b
2116000: system.cpu: T0 : 0x1eefa    : c_beqz a4, 54              : IntAlu : 
2116500: system.cpu: T0 : 0x1eefc    : lbu a4, -4(a3)             : MemRead :  D=0x0000000000000045 A=0x5004c
2117000: system.cpu: T0 : 0x1ef00    : c_beqz a4, 56              : IntAlu : 
2118000: system.cpu: T0 : 0x1ef02    : lbu a4, -3(a3)             : MemRead :  D=0x0000000000000041 A=0x5004d
2118500: system.cpu: T0 : 0x1ef06    : c_beqz a4, 58              : IntAlu : 
2119000: system.cpu: T0 : 0x1ef08    : lbu a4, -2(a3)             : MemRead :  D=0x000000000000004b A=0x5004e
2119500: system.cpu: T0 : 0x1ef0c    : c_beqz a4, 60              : IntAlu : 
2120500: system.cpu: T0 : 0x1ef0e    : lbu a4, -1(a3)             : MemRead :  D=0x0000000000000000 A=0x5004f
2121000: system.cpu: T0 : 0x1ef12    : c_beqz a4, 6               : IntAlu : 
2121500: system.cpu: T0 : 0x1ef18    : c_sub a5, a0               : IntAlu :  D=0x0000000000000008
2122500: system.cpu: T0 : 0x1ef1a    : addi a0, a5, 7             : IntAlu :  D=0x000000000000000f
2123000: system.cpu: T0 : 0x1ef1e    : c_jr ra                    : IntAlu : 
2123500: system.cpu: T0 : 0x148b4    : slli a5, s5, 8             : IntAlu :  D=0x0000000000004400
2124000: system.cpu: T0 : 0x148b8    : or a5, s2, a5              : IntAlu :  D=0x000000000000444c
2124500: system.cpu: T0 : 0x148bc    : slliw s2, a5, 16           : IntAlu :  D=0x00000000444c0000
2125000: system.cpu: T0 : 0x148c0    : c_mv s3, a0                : IntAlu :  D=0x000000000000000f
2126000: system.cpu: T0 : 0x148c2    : sraiw s2, s2, 16           : IntAlu :  D=0x000000000000444c
2127000: system.cpu: T0 : 0x148c6    : addi s5, a0, -2            : IntAlu :  D=0x000000000000000d
2127500: system.cpu: T0 : 0x148ca    : c_addi s4, 2               : IntAlu :  D=0x0000000000050042
2128000: system.cpu: T0 : 0x148cc    : c_beqz s0, -50             : IntAlu : 
2128500: system.cpu: T0 : 0x1489a    : c_ldsp ra, 56(sp)          : MemRead :  D=0x0000000000022a5e A=0x7ffffffffffffd28
2129000: system.cpu: T0 : 0x1489c    : c_mv a0, s0                : IntAlu :  D=0x0000000000000000
2129500: system.cpu: T0 : 0x1489e    : c_ldsp s0, 48(sp)          : MemRead :  D=0x000000000006ef80 A=0x7ffffffffffffd20
2130000: system.cpu: T0 : 0x148a0    : c_ldsp s1, 40(sp)          : MemRead :  D=0x000000000006fe60 A=0x7ffffffffffffd18
2130500: system.cpu: T0 : 0x148a2    : c_ldsp s2, 32(sp)          : MemRead :  D=0x0000000000072000 A=0x7ffffffffffffd10
2131000: system.cpu: T0 : 0x148a4    : c_ldsp s3, 24(sp)          : MemRead :  D=0x0000000000072000 A=0x7ffffffffffffd08
2131500: system.cpu: T0 : 0x148a6    : c_ldsp s4, 16(sp)          : MemRead :  D=0x0000000000070000 A=0x7ffffffffffffd00
2132000: system.cpu: T0 : 0x148a8    : c_ldsp s5, 8(sp)           : MemRead :  D=0x0000000000072000 A=0x7ffffffffffffcf8
2132500: system.cpu: T0 : 0x148aa    : c_ldsp s6, 0(sp)           : MemRead :  D=0x0000000000072000 A=0x7ffffffffffffcf0
2133000: system.cpu: T0 : 0x148ac    : c_addi16sp sp, 64          : IntAlu :  D=0x7ffffffffffffd30
2133500: system.cpu: T0 : 0x148ae    : c_jr ra                    : IntAlu : 
2134000: system.cpu: T0 : 0x22a5e    : c_li a5, 1                 : IntAlu :  D=0x0000000000000001
2134500: system.cpu: T0 : 0x22a60    : c_beqz a0, 10              : IntAlu : 
2135500: system.cpu: T0 : 0x22a6a    : lui a0, 80                 : IntAlu :  D=0x0000000000050000
2136500: system.cpu: T0 : 0x22a6e    : lui a4, 114                : IntAlu :  D=0x0000000000072000
2137500: system.cpu: T0 : 0x22a72    : addi a0, a0, 80            : IntAlu :  D=0x0000000000050050
2138500: system.cpu: T0 : 0x22a76    : sw a5, -212(a4)            : MemWrite :  D=0x0000000000000001 A=0x71f2c
2139500: system.cpu: T0 : 0x22a7a    : jal ra, -57934             : IntAlu :  D=0x0000000000022a7e
2140000: system.cpu: T0 : 0x1482c    : c_addi16sp sp, -64         : IntAlu :  D=0x7ffffffffffffcf0
2140500: system.cpu: T0 : 0x1482e    : c_sdsp s1, 40(sp)          : MemWrite :  D=0x000000000006fe60 A=0x7ffffffffffffd18
2141000: system.cpu: T0 : 0x14830    : ld s1, -1360(gp)           : MemRead :  D=0x7fffffffffffff48 A=0x70ae8
2141500: system.cpu: T0 : 0x14834    : c_sdsp ra, 56(sp)          : MemWrite :  D=0x0000000000022a7e A=0x7ffffffffffffd28
2142000: system.cpu: T0 : 0x14836    : c_sdsp s0, 48(sp)          : MemWrite :  D=0x000000000006ef80 A=0x7ffffffffffffd20
2142500: system.cpu: T0 : 0x14838    : c_sdsp s2, 32(sp)          : MemWrite :  D=0x0000000000072000 A=0x7ffffffffffffd10
2143000: system.cpu: T0 : 0x1483a    : c_sdsp s3, 24(sp)          : MemWrite :  D=0x0000000000072000 A=0x7ffffffffffffd08
2143500: system.cpu: T0 : 0x1483c    : c_sdsp s4, 16(sp)          : MemWrite :  D=0x0000000000070000 A=0x7ffffffffffffd00
2144000: system.cpu: T0 : 0x1483e    : c_sdsp s5, 8(sp)           : MemWrite :  D=0x0000000000072000 A=0x7ffffffffffffcf8
2144500: system.cpu: T0 : 0x14840    : c_sdsp s6, 0(sp)           : MemWrite :  D=0x0000000000072000 A=0x7ffffffffffffcf0
2145000: system.cpu: T0 : 0x14842    : c_beqz s1, 210             : IntAlu : 
2145500: system.cpu: T0 : 0x14844    : lbu a5, 0(a0)              : MemRead :  D=0x000000000000004c A=0x50050
2146000: system.cpu: T0 : 0x14848    : c_mv s4, a0                : IntAlu :  D=0x0000000000050050
2146500: system.cpu: T0 : 0x1484a    : c_beqz a5, 202             : IntAlu : 
2147000: system.cpu: T0 : 0x1484c    : lbu s5, 1(a0)              : MemRead :  D=0x0000000000000044 A=0x50051
2147500: system.cpu: T0 : 0x14850    : slliw s2, a5, 16           : IntAlu :  D=0x00000000004c0000
2148000: system.cpu: T0 : 0x14854    : c_ld s0, 0(s1)             : MemRead :  D=0x0000000000000000 A=0x7fffffffffffff48
2149000: system.cpu: T0 : 0x14856    : sraiw s2, s2, 16           : IntAlu :  D=0x000000000000004c
2150000: system.cpu: T0 : 0x1485a    : bne s5, zero, 86           : IntAlu : 
2150500: system.cpu: T0 : 0x148b0    : jal ra, 42488              : IntAlu :  D=0x00000000000148b4
2151000: system.cpu: T0 : 0x1eea8    : andi a5, a0, 7             : IntAlu :  D=0x0000000000000000
2151500: system.cpu: T0 : 0x1eeac    : c_beqz a5, 26              : IntAlu : 
2152000: system.cpu: T0 : 0x1eec6    : c_mv a5, a0                : IntAlu :  D=0x0000000000050050
2152500: system.cpu: T0 : 0x1eec8    : ld a6, -2024(gp)           : MemRead :  D=0xfefefefefefefeff A=0x70850
2153000: system.cpu: T0 : 0x1eecc    : ld a1, -2016(gp)           : MemRead :  D=0x8080808080808080 A=0x70858
2153500: system.cpu: T0 : 0x1eed0    : c_ld a2, 0(a5)             : MemRead :  D=0x49464f52505f444c A=0x50050
2154500: system.cpu: T0 : 0x1eed2    : addi a3, a5, 8             : IntAlu :  D=0x0000000000050058
2155500: system.cpu: T0 : 0x1eed6    : add a4, a2, a6             : IntAlu :  D=0x48454e514f5e434b
2156500: system.cpu: T0 : 0x1eeda    : xori a2, a2, 18446744073709551615 : IntAlu :  D=0xb6b9b0adafa0bbb3
2157000: system.cpu: T0 : 0x1eede    : c_and a4, a2               : IntAlu :  D=0x000100010f000303
2157500: system.cpu: T0 : 0x1eee0    : c_and a4, a1               : IntAlu :  D=0x0000000000000000
2158000: system.cpu: T0 : 0x1eee2    : c_beqz a4, 50              : IntAlu : 
2158500: system.cpu: T0 : 0x1ef14    : c_mv a5, a3                : IntAlu :  D=0x0000000000050058
2159000: system.cpu: T0 : 0x1ef16    : c_j -70                    : IntAlu : 
2159500: system.cpu: T0 : 0x1eed0    : c_ld a2, 0(a5)             : MemRead :  D=0x555054554f5f454c A=0x50058
2160500: system.cpu: T0 : 0x1eed2    : addi a3, a5, 8             : IntAlu :  D=0x0000000000050060
2161500: system.cpu: T0 : 0x1eed6    : add a4, a2, a6             : IntAlu :  D=0x544f53544e5e444b
2162500: system.cpu: T0 : 0x1eeda    : xori a2, a2, 18446744073709551615 : IntAlu :  D=0xaaafabaab0a0bab3
2163000: system.cpu: T0 : 0x1eede    : c_and a4, a2               : IntAlu :  D=0x000f030000000003
2163500: system.cpu: T0 : 0x1eee0    : c_and a4, a1               : IntAlu :  D=0x0000000000000000
2164000: system.cpu: T0 : 0x1eee2    : c_beqz a4, 50              : IntAlu : 
2164500: system.cpu: T0 : 0x1ef14    : c_mv a5, a3                : IntAlu :  D=0x0000000000050060
2165000: system.cpu: T0 : 0x1ef16    : c_j -70                    : IntAlu : 
2165500: system.cpu: T0 : 0x1eed0    : c_ld a2, 0(a5)             : MemRead :  D=0x0000000000000054 A=0x50060
2166500: system.cpu: T0 : 0x1eed2    : addi a3, a5, 8             : IntAlu :  D=0x0000000000050068
2167500: system.cpu: T0 : 0x1eed6    : add a4, a2, a6             : IntAlu :  D=0xfefefefefefeff53
2168500: system.cpu: T0 : 0x1eeda    : xori a2, a2, 18446744073709551615 : IntAlu :  D=0xffffffffffffffab
2169000: system.cpu: T0 : 0x1eede    : c_and a4, a2               : IntAlu :  D=0xfefefefefefeff03
2169500: system.cpu: T0 : 0x1eee0    : c_and a4, a1               : IntAlu :  D=0x8080808080808000
2170000: system.cpu: T0 : 0x1eee2    : c_beqz a4, 50              : IntAlu : 
2170500: system.cpu: T0 : 0x1eee4    : lbu a4, -8(a3)             : MemRead :  D=0x0000000000000054 A=0x50060
2171000: system.cpu: T0 : 0x1eee8    : c_beqz a4, -40             : IntAlu : 
2172000: system.cpu: T0 : 0x1eeea    : lbu a4, -7(a3)             : MemRead :  D=0x0000000000000000 A=0x50061
2172500: system.cpu: T0 : 0x1eeee    : c_beqz a4, 50              : IntAlu : 
2173000: system.cpu: T0 : 0x1ef20    : c_sub a5, a0               : IntAlu :  D=0x0000000000000010
2174000: system.cpu: T0 : 0x1ef22    : addi a0, a5, 1             : IntAlu :  D=0x0000000000000011
2174500: system.cpu: T0 : 0x1ef26    : c_jr ra                    : IntAlu : 
2175000: system.cpu: T0 : 0x148b4    : slli a5, s5, 8             : IntAlu :  D=0x0000000000004400
2175500: system.cpu: T0 : 0x148b8    : or a5, s2, a5              : IntAlu :  D=0x000000000000444c
2176000: system.cpu: T0 : 0x148bc    : slliw s2, a5, 16           : IntAlu :  D=0x00000000444c0000
2176500: system.cpu: T0 : 0x148c0    : c_mv s3, a0                : IntAlu :  D=0x0000000000000011
2177500: system.cpu: T0 : 0x148c2    : sraiw s2, s2, 16           : IntAlu :  D=0x000000000000444c
2178500: system.cpu: T0 : 0x148c6    : addi s5, a0, -2            : IntAlu :  D=0x000000000000000f
2179000: system.cpu: T0 : 0x148ca    : c_addi s4, 2               : IntAlu :  D=0x0000000000050052
2179500: system.cpu: T0 : 0x148cc    : c_beqz s0, -50             : IntAlu : 
2180000: system.cpu: T0 : 0x1489a    : c_ldsp ra, 56(sp)          : MemRead :  D=0x0000000000022a7e A=0x7ffffffffffffd28
2180500: system.cpu: T0 : 0x1489c    : c_mv a0, s0                : IntAlu :  D=0x0000000000000000
2181000: system.cpu: T0 : 0x1489e    : c_ldsp s0, 48(sp)          : MemRead :  D=0x000000000006ef80 A=0x7ffffffffffffd20
2181500: system.cpu: T0 : 0x148a0    : c_ldsp s1, 40(sp)          : MemRead :  D=0x000000000006fe60 A=0x7ffffffffffffd18
2182000: system.cpu: T0 : 0x148a2    : c_ldsp s2, 32(sp)          : MemRead :  D=0x0000000000072000 A=0x7ffffffffffffd10
2182500: system.cpu: T0 : 0x148a4    : c_ldsp s3, 24(sp)          : MemRead :  D=0x0000000000072000 A=0x7ffffffffffffd08
2183000: system.cpu: T0 : 0x148a6    : c_ldsp s4, 16(sp)          : MemRead :  D=0x0000000000070000 A=0x7ffffffffffffd00
2183500: system.cpu: T0 : 0x148a8    : c_ldsp s5, 8(sp)           : MemRead :  D=0x0000000000072000 A=0x7ffffffffffffcf8
2184000: system.cpu: T0 : 0x148aa    : c_ldsp s6, 0(sp)           : MemRead :  D=0x0000000000072000 A=0x7ffffffffffffcf0
2184500: system.cpu: T0 : 0x148ac    : c_addi16sp sp, 64          : IntAlu :  D=0x7ffffffffffffd30
2185000: system.cpu: T0 : 0x148ae    : c_jr ra                    : IntAlu : 
2186000: system.cpu: T0 : 0x22a7e    : lui a4, 114                : IntAlu :  D=0x0000000000072000
2187000: system.cpu: T0 : 0x22a82    : sd a0, -328(a4)            : MemWrite :  D=0x0000000000000000 A=0x71eb8
2188000: system.cpu: T0 : 0x22a86    : beq a0, zero, 550          : IntAlu : 
2188500: system.cpu: T0 : 0x22cac    : lui a5, 111                : IntAlu :  D=0x000000000006f000
2189000: system.cpu: T0 : 0x22cb0    : lw a5, -72(a5)             : MemRead :  D=0x0000000000000000 A=0x6efb8
2189500: system.cpu: T0 : 0x22cb4    : c_beqz a5, -140            : IntAlu : 
2190000: system.cpu: T0 : 0x22c28    : lui a3, 80                 : IntAlu :  D=0x0000000000050000
2190500: system.cpu: T0 : 0x22c2c    : addi a3, a3, -640          : IntAlu :  D=0x000000000004fd80
2191000: system.cpu: T0 : 0x22c30    : c_j -396                   : IntAlu : 
2191500: system.cpu: T0 : 0x22aa4    : sd a3, -328(a4)            : MemWrite :  D=0x000000000004fd80 A=0x71eb8
2192000: system.cpu: T0 : 0x22aa8    : bne a5, zero, 344          : IntAlu : 
2192500: system.cpu: T0 : 0x22aac    : lui a0, 80                 : IntAlu :  D=0x0000000000050000
2193000: system.cpu: T0 : 0x22ab0    : addi a0, a0, 104           : IntAlu :  D=0x0000000000050068
2193500: system.cpu: T0 : 0x22ab4    : jal ra, -57992             : IntAlu :  D=0x0000000000022ab8
2194000: system.cpu: T0 : 0x1482c    : c_addi16sp sp, -64         : IntAlu :  D=0x7ffffffffffffcf0
2194500: system.cpu: T0 : 0x1482e    : c_sdsp s1, 40(sp)          : MemWrite :  D=0x000000000006fe60 A=0x7ffffffffffffd18
2195000: system.cpu: T0 : 0x14830    : ld s1, -1360(gp)           : MemRead :  D=0x7fffffffffffff48 A=0x70ae8
2195500: system.cpu: T0 : 0x14834    : c_sdsp ra, 56(sp)          : MemWrite :  D=0x0000000000022ab8 A=0x7ffffffffffffd28
2196000: system.cpu: T0 : 0x14836    : c_sdsp s0, 48(sp)          : MemWrite :  D=0x000000000006ef80 A=0x7ffffffffffffd20
2196500: system.cpu: T0 : 0x14838    : c_sdsp s2, 32(sp)          : MemWrite :  D=0x0000000000072000 A=0x7ffffffffffffd10
2197000: system.cpu: T0 : 0x1483a    : c_sdsp s3, 24(sp)          : MemWrite :  D=0x0000000000072000 A=0x7ffffffffffffd08
2197500: system.cpu: T0 : 0x1483c    : c_sdsp s4, 16(sp)          : MemWrite :  D=0x0000000000070000 A=0x7ffffffffffffd00
2198000: system.cpu: T0 : 0x1483e    : c_sdsp s5, 8(sp)           : MemWrite :  D=0x0000000000072000 A=0x7ffffffffffffcf8
2198500: system.cpu: T0 : 0x14840    : c_sdsp s6, 0(sp)           : MemWrite :  D=0x0000000000072000 A=0x7ffffffffffffcf0
2199000: system.cpu: T0 : 0x14842    : c_beqz s1, 210             : IntAlu : 
2199500: system.cpu: T0 : 0x14844    : lbu a5, 0(a0)              : MemRead :  D=0x000000000000004c A=0x50068
2200000: system.cpu: T0 : 0x14848    : c_mv s4, a0                : IntAlu :  D=0x0000000000050068
2200500: system.cpu: T0 : 0x1484a    : c_beqz a5, 202             : IntAlu : 
2201000: system.cpu: T0 : 0x1484c    : lbu s5, 1(a0)              : MemRead :  D=0x0000000000000044 A=0x50069
2201500: system.cpu: T0 : 0x14850    : slliw s2, a5, 16           : IntAlu :  D=0x00000000004c0000
2202000: system.cpu: T0 : 0x14854    : c_ld s0, 0(s1)             : MemRead :  D=0x0000000000000000 A=0x7fffffffffffff48
2203000: system.cpu: T0 : 0x14856    : sraiw s2, s2, 16           : IntAlu :  D=0x000000000000004c
2204000: system.cpu: T0 : 0x1485a    : bne s5, zero, 86           : IntAlu : 
2204500: system.cpu: T0 : 0x148b0    : jal ra, 42488              : IntAlu :  D=0x00000000000148b4
2205000: system.cpu: T0 : 0x1eea8    : andi a5, a0, 7             : IntAlu :  D=0x0000000000000000
2205500: system.cpu: T0 : 0x1eeac    : c_beqz a5, 26              : IntAlu : 
2206000: system.cpu: T0 : 0x1eec6    : c_mv a5, a0                : IntAlu :  D=0x0000000000050068
2206500: system.cpu: T0 : 0x1eec8    : ld a6, -2024(gp)           : MemRead :  D=0xfefefefefefefeff A=0x70850
2207000: system.cpu: T0 : 0x1eecc    : ld a1, -2016(gp)           : MemRead :  D=0x8080808080808080 A=0x70858
2207500: system.cpu: T0 : 0x1eed0    : c_ld a2, 0(a5)             : MemRead :  D=0x4d555353415f444c A=0x50068
2208500: system.cpu: T0 : 0x1eed2    : addi a3, a5, 8             : IntAlu :  D=0x0000000000050070
2209500: system.cpu: T0 : 0x1eed6    : add a4, a2, a6             : IntAlu :  D=0x4c545252405e434b
2210500: system.cpu: T0 : 0x1eeda    : xori a2, a2, 18446744073709551615 : IntAlu :  D=0xb2aaacacbea0bbb3
2211000: system.cpu: T0 : 0x1eede    : c_and a4, a2               : IntAlu :  D=0x0000000000000303
2211500: system.cpu: T0 : 0x1eee0    : c_and a4, a1               : IntAlu :  D=0x0000000000000000
2212000: system.cpu: T0 : 0x1eee2    : c_beqz a4, 50              : IntAlu : 
2212500: system.cpu: T0 : 0x1ef14    : c_mv a5, a3                : IntAlu :  D=0x0000000000050070
2213000: system.cpu: T0 : 0x1ef16    : c_j -70                    : IntAlu : 
2213500: system.cpu: T0 : 0x1eed0    : c_ld a2, 0(a5)             : MemRead :  D=0x4c454e52454b5f45 A=0x50070
2214500: system.cpu: T0 : 0x1eed2    : addi a3, a5, 8             : IntAlu :  D=0x0000000000050078
2215500: system.cpu: T0 : 0x1eed6    : add a4, a2, a6             : IntAlu :  D=0x4b444d51444a5e44
2216500: system.cpu: T0 : 0x1eeda    : xori a2, a2, 18446744073709551615 : IntAlu :  D=0xb3bab1adbab4a0ba
2217000: system.cpu: T0 : 0x1eede    : c_and a4, a2               : IntAlu :  D=0x0300010100000000
2217500: system.cpu: T0 : 0x1eee0    : c_and a4, a1               : IntAlu :  D=0x0000000000000000
2218000: system.cpu: T0 : 0x1eee2    : c_beqz a4, 50              : IntAlu : 
2218500: system.cpu: T0 : 0x1ef14    : c_mv a5, a3                : IntAlu :  D=0x0000000000050078
2219000: system.cpu: T0 : 0x1ef16    : c_j -70                    : IntAlu : 
2219500: system.cpu: T0 : 0x1eed0    : c_ld a2, 0(a5)             : MemRead :  D=0x0000000000000000 A=0x50078
2220500: system.cpu: T0 : 0x1eed2    : addi a3, a5, 8             : IntAlu :  D=0x0000000000050080
2221500: system.cpu: T0 : 0x1eed6    : add a4, a2, a6             : IntAlu :  D=0xfefefefefefefeff
2222500: system.cpu: T0 : 0x1eeda    : xori a2, a2, 18446744073709551615 : IntAlu :  D=0xffffffffffffffff
2223000: system.cpu: T0 : 0x1eede    : c_and a4, a2               : IntAlu :  D=0xfefefefefefefeff
2223500: system.cpu: T0 : 0x1eee0    : c_and a4, a1               : IntAlu :  D=0x8080808080808080
2224000: system.cpu: T0 : 0x1eee2    : c_beqz a4, 50              : IntAlu : 
2224500: system.cpu: T0 : 0x1eee4    : lbu a4, -8(a3)             : MemRead :  D=0x0000000000000000 A=0x50078
2225000: system.cpu: T0 : 0x1eee8    : c_beqz a4, -40             : IntAlu : 
2225500: system.cpu: T0 : 0x1eec0    : sub a0, a5, a0             : IntAlu :  D=0x0000000000000010
2226000: system.cpu: T0 : 0x1eec4    : c_jr ra                    : IntAlu : 
2226500: system.cpu: T0 : 0x148b4    : slli a5, s5, 8             : IntAlu :  D=0x0000000000004400
2227000: system.cpu: T0 : 0x148b8    : or a5, s2, a5              : IntAlu :  D=0x000000000000444c
2227500: system.cpu: T0 : 0x148bc    : slliw s2, a5, 16           : IntAlu :  D=0x00000000444c0000
2228000: system.cpu: T0 : 0x148c0    : c_mv s3, a0                : IntAlu :  D=0x0000000000000010
2229000: system.cpu: T0 : 0x148c2    : sraiw s2, s2, 16           : IntAlu :  D=0x000000000000444c
2230000: system.cpu: T0 : 0x148c6    : addi s5, a0, -2            : IntAlu :  D=0x000000000000000e
2230500: system.cpu: T0 : 0x148ca    : c_addi s4, 2               : IntAlu :  D=0x000000000005006a
2231000: system.cpu: T0 : 0x148cc    : c_beqz s0, -50             : IntAlu : 
2231500: system.cpu: T0 : 0x1489a    : c_ldsp ra, 56(sp)          : MemRead :  D=0x0000000000022ab8 A=0x7ffffffffffffd28
2232000: system.cpu: T0 : 0x1489c    : c_mv a0, s0                : IntAlu :  D=0x0000000000000000
2232500: system.cpu: T0 : 0x1489e    : c_ldsp s0, 48(sp)          : MemRead :  D=0x000000000006ef80 A=0x7ffffffffffffd20
2233000: system.cpu: T0 : 0x148a0    : c_ldsp s1, 40(sp)          : MemRead :  D=0x000000000006fe60 A=0x7ffffffffffffd18
2233500: system.cpu: T0 : 0x148a2    : c_ldsp s2, 32(sp)          : MemRead :  D=0x0000000000072000 A=0x7ffffffffffffd10
2234000: system.cpu: T0 : 0x148a4    : c_ldsp s3, 24(sp)          : MemRead :  D=0x0000000000072000 A=0x7ffffffffffffd08
2234500: system.cpu: T0 : 0x148a6    : c_ldsp s4, 16(sp)          : MemRead :  D=0x0000000000070000 A=0x7ffffffffffffd00
2235000: system.cpu: T0 : 0x148a8    : c_ldsp s5, 8(sp)           : MemRead :  D=0x0000000000072000 A=0x7ffffffffffffcf8
2235500: system.cpu: T0 : 0x148aa    : c_ldsp s6, 0(sp)           : MemRead :  D=0x0000000000072000 A=0x7ffffffffffffcf0
2236000: system.cpu: T0 : 0x148ac    : c_addi16sp sp, 64          : IntAlu :  D=0x7ffffffffffffd30
2236500: system.cpu: T0 : 0x148ae    : c_jr ra                    : IntAlu : 
2237000: system.cpu: T0 : 0x22ab8    : c_mv s0, a0                : IntAlu :  D=0x0000000000000000
2237500: system.cpu: T0 : 0x22aba    : c_beqz a0, 76              : IntAlu : 
2238500: system.cpu: T0 : 0x22b06    : lui a5, 114                : IntAlu :  D=0x0000000000072000
2239500: system.cpu: T0 : 0x22b0a    : ld a0, -272(a5)            : MemRead :  D=0x0000000000000000 A=0x71ef0
2240000: system.cpu: T0 : 0x22b0e    : c_beqz a0, 14              : IntAlu : 
2240500: system.cpu: T0 : 0x22b1c    : ld a5, -240(s2)            : MemRead :  D=0x0000000000010040 A=0x71f10
2241000: system.cpu: T0 : 0x22b20    : ld t3, 1120(s1)            : MemRead :  D=0x0000000000000000 A=0x702c0
2241500: system.cpu: T0 : 0x22b24    : c_beqz a5, 110             : IntAlu : 
2242500: system.cpu: T0 : 0x22b26    : ld a4, -184(s3)            : MemRead :  D=0x0000000000000006 A=0x71f48
2243500: system.cpu: T0 : 0x22b2a    : slli a3, a4, 3             : IntAlu :  D=0x0000000000000030
2244000: system.cpu: T0 : 0x22b2e    : c_sub a3, a4               : IntAlu :  D=0x000000000000002a
2244500: system.cpu: T0 : 0x22b30    : c_slli a3, 3               : IntAlu :  D=0x0000000000000150
2245000: system.cpu: T0 : 0x22b32    : c_add a3, a5               : IntAlu :  D=0x0000000000010190
2245500: system.cpu: T0 : 0x22b34    : bgeu a5, a3, 94            : IntAlu : 
2246000: system.cpu: T0 : 0x22b38    : lui a2, 411470             : IntAlu :  D=0x000000006474e000
2246500: system.cpu: T0 : 0x22b3c    : addi a1, a2, 1361          : IntAlu :  D=0x000000006474e551
2247000: system.cpu: T0 : 0x22b40    : ld t4, 1112(s1)            : MemRead :  D=0x0000000000000000 A=0x702b8
2247500: system.cpu: T0 : 0x22b44    : lw t1, -1800(gp)           : MemRead :  D=0x0000000000000006 A=0x70930
2248000: system.cpu: T0 : 0x22b48    : c_mv a6, t3                : IntAlu :  D=0x0000000000000000
2248500: system.cpu: T0 : 0x22b4a    : c_li a7, 0                 : IntAlu :  D=0x0000000000000000
2249000: system.cpu: T0 : 0x22b4c    : c_li a0, 0                 : IntAlu :  D=0x0000000000000000
2250000: system.cpu: T0 : 0x22b4e    : addi a2, a2, 1362          : IntAlu :  D=0x000000006474e552
2250500: system.cpu: T0 : 0x22b52    : c_j 24                     : IntAlu : 
2251000: system.cpu: T0 : 0x22b6a    : c_lw a4, 0(a5)             : MemRead :  D=0x0000000000000001 A=0x10040
2251500: system.cpu: T0 : 0x22b6c    : bne a4, a1, -24            : IntAlu : 
2252000: system.cpu: T0 : 0x22b54    : bne a4, a2, 14             : IntAlu : 
2253000: system.cpu: T0 : 0x22b62    : addi a5, a5, 56            : IntAlu :  D=0x0000000000010078
2254000: system.cpu: T0 : 0x22b66    : bgeu a5, a3, 24            : IntAlu : 
2254500: system.cpu: T0 : 0x22b6a    : c_lw a4, 0(a5)             : MemRead :  D=0x0000000000000001 A=0x10078
2255000: system.cpu: T0 : 0x22b6c    : bne a4, a1, -24            : IntAlu : 
2255500: system.cpu: T0 : 0x22b54    : bne a4, a2, 14             : IntAlu : 
2256500: system.cpu: T0 : 0x22b62    : addi a5, a5, 56            : IntAlu :  D=0x00000000000100b0
2257500: system.cpu: T0 : 0x22b66    : bgeu a5, a3, 24            : IntAlu : 
2258000: system.cpu: T0 : 0x22b6a    : c_lw a4, 0(a5)             : MemRead :  D=0x0000000000000004 A=0x100b0
2258500: system.cpu: T0 : 0x22b6c    : bne a4, a1, -24            : IntAlu : 
2259000: system.cpu: T0 : 0x22b54    : bne a4, a2, 14             : IntAlu : 
2260000: system.cpu: T0 : 0x22b62    : addi a5, a5, 56            : IntAlu :  D=0x00000000000100e8
2261000: system.cpu: T0 : 0x22b66    : bgeu a5, a3, 24            : IntAlu : 
2261500: system.cpu: T0 : 0x22b6a    : c_lw a4, 0(a5)             : MemRead :  D=0x0000000000000007 A=0x100e8
2262000: system.cpu: T0 : 0x22b6c    : bne a4, a1, -24            : IntAlu : 
2262500: system.cpu: T0 : 0x22b54    : bne a4, a2, 14             : IntAlu : 
2263500: system.cpu: T0 : 0x22b62    : addi a5, a5, 56            : IntAlu :  D=0x0000000000010120
2264500: system.cpu: T0 : 0x22b66    : bgeu a5, a3, 24            : IntAlu : 
2265000: system.cpu: T0 : 0x22b6a    : c_lw a4, 0(a5)             : MemRead :  D=0x000000006474e551 A=0x10120
2265500: system.cpu: T0 : 0x22b6c    : bne a4, a1, -24            : IntAlu : 
2266000: system.cpu: T0 : 0x22b70    : lw t1, 4(a5)               : MemRead :  D=0x0000000000000006 A=0x10124
2266500: system.cpu: T0 : 0x22b74    : addi a5, a5, 56            : IntAlu :  D=0x0000000000010158
2267000: system.cpu: T0 : 0x22b78    : c_li a0, 1                 : IntAlu :  D=0x0000000000000001
2268000: system.cpu: T0 : 0x22b7a    : bltu a5, a3, -16           : IntAlu : 
2268500: system.cpu: T0 : 0x22b6a    : c_lw a4, 0(a5)             : MemRead :  D=0x000000006474e552 A=0x10158
2269000: system.cpu: T0 : 0x22b6c    : bne a4, a1, -24            : IntAlu : 
2269500: system.cpu: T0 : 0x22b54    : bne a4, a2, 14             : IntAlu : 
2270000: system.cpu: T0 : 0x22b58    : ld t4, 16(a5)              : MemRead :  D=0x000000000006ead0 A=0x10168
2270500: system.cpu: T0 : 0x22b5c    : ld a6, 40(a5)              : MemRead :  D=0x0000000000000530 A=0x10180
2271000: system.cpu: T0 : 0x22b60    : c_li a7, 1                 : IntAlu :  D=0x0000000000000001
2272000: system.cpu: T0 : 0x22b62    : addi a5, a5, 56            : IntAlu :  D=0x0000000000010190
2273000: system.cpu: T0 : 0x22b66    : bgeu a5, a3, 24            : IntAlu : 
2273500: system.cpu: T0 : 0x22b7e    : c_beqz a0, 6               : IntAlu : 
2274000: system.cpu: T0 : 0x22b80    : sw t1, -1800(gp)           : MemWrite :  D=0x0000000000000006 A=0x70930
2274500: system.cpu: T0 : 0x22b84    : beq a7, zero, 14           : IntAlu : 
2275000: system.cpu: T0 : 0x22b88    : sd t4, 1112(s1)            : MemWrite :  D=0x000000000006ead0 A=0x702b8
2275500: system.cpu: T0 : 0x22b8c    : sd a6, 1120(s1)            : MemWrite :  D=0x0000000000000530 A=0x702c0
2276000: system.cpu: T0 : 0x22b90    : c_mv t3, a6                : IntAlu :  D=0x0000000000000530
2277000: system.cpu: T0 : 0x22b92    : bne t3, zero, 272          : IntAlu : 
2278000: system.cpu: T0 : 0x22ca2    : addi a0, s4, -416          : IntAlu :  D=0x000000000006fe60
2279000: system.cpu: T0 : 0x22ca6    : jal ra, 106388             : IntAlu :  D=0x0000000000022caa
2279500: system.cpu: T0 : 0x3cc3a    : c_addi sp, -16             : IntAlu :  D=0x7ffffffffffffd20
2280000: system.cpu: T0 : 0x3cc3c    : c_ld a5, 0(a0)             : MemRead :  D=0x0000000000000000 A=0x6fe60
2280500: system.cpu: T0 : 0x3cc3e    : c_sdsp s0, 0(sp)           : MemWrite :  D=0x0000000000000000 A=0x7ffffffffffffd20
2281000: system.cpu: T0 : 0x3cc40    : c_mv s0, a0                : IntAlu :  D=0x000000000006fe60
2282000: system.cpu: T0 : 0x3cc42    : ld a0, 1112(a0)            : MemRead :  D=0x000000000006ead0 A=0x702b8
2283000: system.cpu: T0 : 0x3cc46    : ld a4, -1784(gp)           : MemRead :  D=0x0000000000001000 A=0x70940
2284000: system.cpu: T0 : 0x3cc4a    : ld a1, 1120(s0)            : MemRead :  D=0x0000000000000530 A=0x702c0
2284500: system.cpu: T0 : 0x3cc4e    : c_add a5, a0               : IntAlu :  D=0x000000000006ead0
2285000: system.cpu: T0 : 0x3cc50    : sub a4, zero, a4           : IntAlu :  D=0xfffffffffffff000
2285500: system.cpu: T0 : 0x3cc54    : c_add a1, a5               : IntAlu :  D=0x000000000006f000
2286000: system.cpu: T0 : 0x3cc56    : c_sdsp ra, 8(sp)           : MemWrite :  D=0x0000000000022caa A=0x7ffffffffffffd28
2286500: system.cpu: T0 : 0x3cc58    : and a0, a5, a4             : IntAlu :  D=0x000000000006e000
2287000: system.cpu: T0 : 0x3cc5c    : c_and a1, a4               : IntAlu :  D=0x000000000006f000
2288000: system.cpu: T0 : 0x3cc5e    : bne a0, a1, 12             : IntAlu : 
2288500: system.cpu: T0 : 0x3cc6a    : c_li a2, 1                 : IntAlu :  D=0x0000000000000001
2289000: system.cpu: T0 : 0x3cc6c    : c_sub a1, a0               : IntAlu :  D=0x0000000000001000
2290000: system.cpu: T0 : 0x3cc6e    : jal ra, -113354            : IntAlu :  D=0x000000000003cc72
2290500: system.cpu: T0 : 0x211a4    : addi a7, zero, 226         : IntAlu :  D=0x00000000000000e2
2291000: system.cpu: T0 : 0x211a8    : ecall                      : No_OpClass : 
2291500: system.cpu: T0 : 0x211ac    : c_lui a7, 1048575          : IntAlu :  D=0xfffffffffffff000
2292500: system.cpu: T0 : 0x211ae    : bltu a7, a0, 6             : IntAlu : 
2293000: system.cpu: T0 : 0x211b2    : c_jr ra                    : IntAlu : 
2294000: system.cpu: T0 : 0x3cc72    : bge a0, zero, -16          : IntAlu : 
2294500: system.cpu: T0 : 0x3cc62    : c_ldsp ra, 8(sp)           : MemRead :  D=0x0000000000022caa A=0x7ffffffffffffd28
2295000: system.cpu: T0 : 0x3cc64    : c_ldsp s0, 0(sp)           : MemRead :  D=0x0000000000000000 A=0x7ffffffffffffd20
2295500: system.cpu: T0 : 0x3cc66    : c_addi sp, 16              : IntAlu :  D=0x7ffffffffffffd30
2296000: system.cpu: T0 : 0x3cc68    : c_jr ra                    : IntAlu : 
2296500: system.cpu: T0 : 0x22caa    : c_j -276                   : IntAlu : 
2297000: system.cpu: T0 : 0x22b96    : c_ldsp ra, 152(sp)         : MemRead :  D=0x0000000000022f28 A=0x7ffffffffffffdc8
2297500: system.cpu: T0 : 0x22b98    : c_ldsp s0, 144(sp)         : MemRead :  D=0x0000000000000001 A=0x7ffffffffffffdc0
2298000: system.cpu: T0 : 0x22b9a    : c_ldsp s1, 136(sp)         : MemRead :  D=0x7fffffffffffff38 A=0x7ffffffffffffdb8
2298500: system.cpu: T0 : 0x22b9c    : c_ldsp s2, 128(sp)         : MemRead :  D=0x7fffffffffffff48 A=0x7ffffffffffffdb0
2299000: system.cpu: T0 : 0x22b9e    : c_ldsp s3, 120(sp)         : MemRead :  D=0x0000000000000000 A=0x7ffffffffffffda8
2299500: system.cpu: T0 : 0x22ba0    : c_ldsp s4, 112(sp)         : MemRead :  D=0x0000000000000000 A=0x7ffffffffffffda0
2300000: system.cpu: T0 : 0x22ba2    : c_ldsp s5, 104(sp)         : MemRead :  D=0x0000000000000000 A=0x7ffffffffffffd98
2300500: system.cpu: T0 : 0x22ba4    : c_ldsp s6, 96(sp)          : MemRead :  D=0x0000000000000000 A=0x7ffffffffffffd90
2301000: system.cpu: T0 : 0x22ba6    : c_ldsp s7, 88(sp)          : MemRead :  D=0x0000000000000000 A=0x7ffffffffffffd88
2301500: system.cpu: T0 : 0x22ba8    : c_ldsp s8, 80(sp)          : MemRead :  D=0x0000000000000000 A=0x7ffffffffffffd80
2302000: system.cpu: T0 : 0x22baa    : c_ldsp s9, 72(sp)          : MemRead :  D=0x0000000000000000 A=0x7ffffffffffffd78
2302500: system.cpu: T0 : 0x22bac    : c_ldsp s10, 64(sp)         : MemRead :  D=0x0000000000000000 A=0x7ffffffffffffd70
2303000: system.cpu: T0 : 0x22bae    : c_addi16sp sp, 160         : IntAlu :  D=0x7ffffffffffffdd0
2303500: system.cpu: T0 : 0x22bb0    : c_jr ra                    : IntAlu : 
2304000: system.cpu: T0 : 0x22f28    : c_mv a2, s2                : IntAlu :  D=0x7fffffffffffff48
2304500: system.cpu: T0 : 0x22f2a    : c_mv a1, s1                : IntAlu :  D=0x7fffffffffffff38
2305000: system.cpu: T0 : 0x22f2c    : c_mv a0, s0                : IntAlu :  D=0x0000000000000001
2306000: system.cpu: T0 : 0x22f2e    : jal ra, -4344              : IntAlu :  D=0x0000000000022f32
2306500: system.cpu: T0 : 0x21e36    : c_beqz a1, 50              : IntAlu : 
2307000: system.cpu: T0 : 0x21e38    : c_addi sp, -32             : IntAlu :  D=0x7ffffffffffffdb0
2307500: system.cpu: T0 : 0x21e3a    : c_sdsp s1, 8(sp)           : MemWrite :  D=0x7fffffffffffff38 A=0x7ffffffffffffdb8
2308000: system.cpu: T0 : 0x21e3c    : c_ld s1, 0(a1)             : MemRead :  D=0x7fffffffffffffdd A=0x7fffffffffffff38
2308500: system.cpu: T0 : 0x21e3e    : c_sdsp s0, 16(sp)          : MemWrite :  D=0x0000000000000001 A=0x7ffffffffffffdc0
2309000: system.cpu: T0 : 0x21e40    : c_sdsp ra, 24(sp)          : MemWrite :  D=0x0000000000022f32 A=0x7ffffffffffffdc8
2309500: system.cpu: T0 : 0x21e42    : c_mv s0, a1                : IntAlu :  D=0x7fffffffffffff38
2310000: system.cpu: T0 : 0x21e44    : c_beqz s1, 26              : IntAlu : 
2311000: system.cpu: T0 : 0x21e46    : addi a1, zero, 47          : IntAlu :  D=0x000000000000002f
2311500: system.cpu: T0 : 0x21e4a    : c_mv a0, s1                : IntAlu :  D=0x7fffffffffffffdd
2312000: system.cpu: T0 : 0x21e4c    : jal ra, 90482              : IntAlu :  D=0x0000000000021e50
2312500: system.cpu: T0 : 0x37fbe    : c_addi sp, -32             : IntAlu :  D=0x7ffffffffffffd90
2313000: system.cpu: T0 : 0x37fc0    : c_sdsp s0, 16(sp)          : MemWrite :  D=0x7fffffffffffff38 A=0x7ffffffffffffda0
2313500: system.cpu: T0 : 0x37fc2    : c_sdsp s1, 8(sp)           : MemWrite :  D=0x7fffffffffffffdd A=0x7ffffffffffffd98
2314000: system.cpu: T0 : 0x37fc4    : c_sdsp s2, 0(sp)           : MemWrite :  D=0x7fffffffffffff48 A=0x7ffffffffffffd90
2314500: system.cpu: T0 : 0x37fc6    : c_sdsp ra, 24(sp)          : MemWrite :  D=0x0000000000021e50 A=0x7ffffffffffffda8
2315000: system.cpu: T0 : 0x37fc8    : andi s1, a1, 255           : IntAlu :  D=0x000000000000002f
2315500: system.cpu: T0 : 0x37fcc    : c_mv s0, a0                : IntAlu :  D=0x7fffffffffffffdd
2316000: system.cpu: T0 : 0x37fce    : c_li s2, 0                 : IntAlu :  D=0x0000000000000000
2316500: system.cpu: T0 : 0x37fd0    : c_bnez s1, 10              : IntAlu : 
2317000: system.cpu: T0 : 0x37fda    : c_mv a0, s0                : IntAlu :  D=0x7fffffffffffffdd
2317500: system.cpu: T0 : 0x37fdc    : c_mv a1, s1                : IntAlu :  D=0x000000000000002f
2318500: system.cpu: T0 : 0x37fde    : jal ra, -103340            : IntAlu :  D=0x0000000000037fe2
2319500: system.cpu: T0 : 0x1ec32    : andi a5, a0, 7             : IntAlu :  D=0x0000000000000005
2320500: system.cpu: T0 : 0x1ec36    : andi a4, a1, 255           : IntAlu :  D=0x000000000000002f
2321000: system.cpu: T0 : 0x1ec3a    : c_bnez a5, 14              : IntAlu : 
2321500: system.cpu: T0 : 0x1ec48    : lbu a5, 0(a0)              : MemRead :  D=0x000000000000002e A=0x7fffffffffffffdd
2322000: system.cpu: T0 : 0x1ec4c    : bne a5, a4, -14            : IntAlu : 
2322500: system.cpu: T0 : 0x1ec3e    : c_addi a0, 1               : IntAlu :  D=0x7fffffffffffffde
2323000: system.cpu: T0 : 0x1ec40    : andi a3, a0, 7             : IntAlu :  D=0x0000000000000006
2323500: system.cpu: T0 : 0x1ec44    : c_beqz a5, 168             : IntAlu : 
2324000: system.cpu: T0 : 0x1ec46    : c_beqz a3, 12              : IntAlu : 
2324500: system.cpu: T0 : 0x1ec48    : lbu a5, 0(a0)              : MemRead :  D=0x000000000000002e A=0x7fffffffffffffde
2325000: system.cpu: T0 : 0x1ec4c    : bne a5, a4, -14            : IntAlu : 
2325500: system.cpu: T0 : 0x1ec3e    : c_addi a0, 1               : IntAlu :  D=0x7fffffffffffffdf
2326000: system.cpu: T0 : 0x1ec40    : andi a3, a0, 7             : IntAlu :  D=0x0000000000000007
2326500: system.cpu: T0 : 0x1ec44    : c_beqz a5, 168             : IntAlu : 
2327000: system.cpu: T0 : 0x1ec46    : c_beqz a3, 12              : IntAlu : 
2327500: system.cpu: T0 : 0x1ec48    : lbu a5, 0(a0)              : MemRead :  D=0x000000000000002f A=0x7fffffffffffffdf
2328000: system.cpu: T0 : 0x1ec4c    : bne a5, a4, -14            : IntAlu : 
2328500: system.cpu: T0 : 0x1ec50    : c_jr ra                    : IntAlu : 
2329000: system.cpu: T0 : 0x37fe2    : c_bnez a0, -14             : IntAlu : 
2329500: system.cpu: T0 : 0x37fd4    : addi s0, a0, 1             : IntAlu :  D=0x7fffffffffffffe0
2330000: system.cpu: T0 : 0x37fd8    : c_mv s2, a0                : IntAlu :  D=0x7fffffffffffffdf
2330500: system.cpu: T0 : 0x37fda    : c_mv a0, s0                : IntAlu :  D=0x7fffffffffffffe0
2331000: system.cpu: T0 : 0x37fdc    : c_mv a1, s1                : IntAlu :  D=0x000000000000002f
2332000: system.cpu: T0 : 0x37fde    : jal ra, -103340            : IntAlu :  D=0x0000000000037fe2
2333000: system.cpu: T0 : 0x1ec32    : andi a5, a0, 7             : IntAlu :  D=0x0000000000000000
2334000: system.cpu: T0 : 0x1ec36    : andi a4, a1, 255           : IntAlu :  D=0x000000000000002f
2334500: system.cpu: T0 : 0x1ec3a    : c_bnez a5, 14              : IntAlu : 
2335000: system.cpu: T0 : 0x1ec3c    : c_j 22                     : IntAlu : 
2335500: system.cpu: T0 : 0x1ec52    : c_lui a3, 16               : IntAlu :  D=0x0000000000010000
2336000: system.cpu: T0 : 0x1ec54    : slliw a5, a1, 8            : IntAlu :  D=0x0000000000002f00
2336500: system.cpu: T0 : 0x1ec58    : c_addi a3, -1              : IntAlu :  D=0x000000000000ffff
2337000: system.cpu: T0 : 0x1ec5a    : c_and a5, a3               : IntAlu :  D=0x0000000000002f00
2337500: system.cpu: T0 : 0x1ec5c    : andi a1, a1, 255           : IntAlu :  D=0x000000000000002f
2338000: system.cpu: T0 : 0x1ec60    : c_or a1, a5                : IntAlu :  D=0x0000000000002f2f
2338500: system.cpu: T0 : 0x1ec62    : c_addiw a1, 0              : IntAlu :  D=0x0000000000002f2f
2339000: system.cpu: T0 : 0x1ec64    : slli t1, a1, 16            : IntAlu :  D=0x000000002f2f0000
2339500: system.cpu: T0 : 0x1ec68    : or a1, t1, a1              : IntAlu :  D=0x000000002f2f2f2f
2340000: system.cpu: T0 : 0x1ec6c    : ld a6, -2032(gp)           : MemRead :  D=0x7efefefefefefeff A=0x70848
2340500: system.cpu: T0 : 0x1ec70    : slli t1, a1, 32            : IntAlu :  D=0x2f2f2f2f00000000
2341000: system.cpu: T0 : 0x1ec74    : or t1, t1, a1              : IntAlu :  D=0x2f2f2f2f2f2f2f2f
2341500: system.cpu: T0 : 0x1ec78    : c_li t3, -1                : IntAlu :  D=0xffffffffffffffff
2342000: system.cpu: T0 : 0x1ec7a    : c_ld a1, 0(a0)             : MemRead :  D=0x64616f6c6e776f44 A=0x7fffffffffffffe0
2342500: system.cpu: T0 : 0x1ec7c    : addi a5, a0, 8             : IntAlu :  D=0x7fffffffffffffe8
2343000: system.cpu: T0 : 0x1ec80    : xor a7, t1, a1             : IntAlu :  D=0x4b4e40434158406b
2343500: system.cpu: T0 : 0x1ec84    : add a3, a1, a6             : IntAlu :  D=0xe3606e6b6d766e43
2344000: system.cpu: T0 : 0x1ec88    : add a2, a7, a6             : IntAlu :  D=0xca4d3f4240573f6a
2344500: system.cpu: T0 : 0x1ec8c    : c_xor a3, a1               : IntAlu :  D=0x8701010703010107
2345500: system.cpu: T0 : 0x1ec8e    : xor a2, a2, a7             : IntAlu :  D=0x81037f01010f7f01
2346000: system.cpu: T0 : 0x1ec92    : c_and a3, a2               : IntAlu :  D=0x8101010101010101
2346500: system.cpu: T0 : 0x1ec94    : or a3, a3, a6              : IntAlu :  D=0xffffffffffffffff
2347000: system.cpu: T0 : 0x1ec98    : beq a3, t3, 88             : IntAlu : 
2347500: system.cpu: T0 : 0x1ecf0    : c_mv a0, a5                : IntAlu :  D=0x7fffffffffffffe8
2348000: system.cpu: T0 : 0x1ecf2    : c_j -120                   : IntAlu : 
2348500: system.cpu: T0 : 0x1ec7a    : c_ld a1, 0(a0)             : MemRead :  D=0xc900666675642f73 A=0x7fffffffffffffe8
2349000: system.cpu: T0 : 0x1ec7c    : addi a5, a0, 8             : IntAlu :  D=0x7ffffffffffffff0
2349500: system.cpu: T0 : 0x1ec80    : xor a7, t1, a1             : IntAlu :  D=0xe62f49495a4b005c
2350000: system.cpu: T0 : 0x1ec84    : add a3, a1, a6             : IntAlu :  D=0x47ff656574632e72
2350500: system.cpu: T0 : 0x1ec88    : add a2, a7, a6             : IntAlu :  D=0x652e48485949ff5b
2351000: system.cpu: T0 : 0x1ec8c    : c_xor a3, a1               : IntAlu :  D=0x8eff030301070101
2352000: system.cpu: T0 : 0x1ec8e    : xor a2, a2, a7             : IntAlu :  D=0x830101010302ff07
2352500: system.cpu: T0 : 0x1ec92    : c_and a3, a2               : IntAlu :  D=0x8201010101020101
2353000: system.cpu: T0 : 0x1ec94    : or a3, a3, a6              : IntAlu :  D=0xfefffffffffeffff
2353500: system.cpu: T0 : 0x1ec98    : beq a3, t3, 88             : IntAlu : 
2354000: system.cpu: T0 : 0x1ec9c    : lbu a3, -8(a5)             : MemRead :  D=0x0000000000000073 A=0x7fffffffffffffe8
2354500: system.cpu: T0 : 0x1eca0    : beq a3, a4, -80            : IntAlu : 
2355000: system.cpu: T0 : 0x1eca4    : c_beqz a3, 72              : IntAlu : 
2356000: system.cpu: T0 : 0x1eca6    : lbu a3, -7(a5)             : MemRead :  D=0x000000000000002f A=0x7fffffffffffffe9
2357000: system.cpu: T0 : 0x1ecaa    : beq a3, a4, 74             : IntAlu : 
2357500: system.cpu: T0 : 0x1ecf4    : c_addi a0, 1               : IntAlu :  D=0x7fffffffffffffe9
2358000: system.cpu: T0 : 0x1ecf6    : c_jr ra                    : IntAlu : 
2358500: system.cpu: T0 : 0x37fe2    : c_bnez a0, -14             : IntAlu : 
2359000: system.cpu: T0 : 0x37fd4    : addi s0, a0, 1             : IntAlu :  D=0x7fffffffffffffea
2359500: system.cpu: T0 : 0x37fd8    : c_mv s2, a0                : IntAlu :  D=0x7fffffffffffffe9
2360000: system.cpu: T0 : 0x37fda    : c_mv a0, s0                : IntAlu :  D=0x7fffffffffffffea
2360500: system.cpu: T0 : 0x37fdc    : c_mv a1, s1                : IntAlu :  D=0x000000000000002f
2361500: system.cpu: T0 : 0x37fde    : jal ra, -103340            : IntAlu :  D=0x0000000000037fe2
2362500: system.cpu: T0 : 0x1ec32    : andi a5, a0, 7             : IntAlu :  D=0x0000000000000002
2363500: system.cpu: T0 : 0x1ec36    : andi a4, a1, 255           : IntAlu :  D=0x000000000000002f
2364000: system.cpu: T0 : 0x1ec3a    : c_bnez a5, 14              : IntAlu : 
2364500: system.cpu: T0 : 0x1ec48    : lbu a5, 0(a0)              : MemRead :  D=0x0000000000000064 A=0x7fffffffffffffea
2365000: system.cpu: T0 : 0x1ec4c    : bne a5, a4, -14            : IntAlu : 
2365500: system.cpu: T0 : 0x1ec3e    : c_addi a0, 1               : IntAlu :  D=0x7fffffffffffffeb
2366000: system.cpu: T0 : 0x1ec40    : andi a3, a0, 7             : IntAlu :  D=0x0000000000000003
2366500: system.cpu: T0 : 0x1ec44    : c_beqz a5, 168             : IntAlu : 
2367000: system.cpu: T0 : 0x1ec46    : c_beqz a3, 12              : IntAlu : 
2367500: system.cpu: T0 : 0x1ec48    : lbu a5, 0(a0)              : MemRead :  D=0x0000000000000075 A=0x7fffffffffffffeb
2368000: system.cpu: T0 : 0x1ec4c    : bne a5, a4, -14            : IntAlu : 
2368500: system.cpu: T0 : 0x1ec3e    : c_addi a0, 1               : IntAlu :  D=0x7fffffffffffffec
2369000: system.cpu: T0 : 0x1ec40    : andi a3, a0, 7             : IntAlu :  D=0x0000000000000004
2369500: system.cpu: T0 : 0x1ec44    : c_beqz a5, 168             : IntAlu : 
2370000: system.cpu: T0 : 0x1ec46    : c_beqz a3, 12              : IntAlu : 
2370500: system.cpu: T0 : 0x1ec48    : lbu a5, 0(a0)              : MemRead :  D=0x0000000000000066 A=0x7fffffffffffffec
2371000: system.cpu: T0 : 0x1ec4c    : bne a5, a4, -14            : IntAlu : 
2371500: system.cpu: T0 : 0x1ec3e    : c_addi a0, 1               : IntAlu :  D=0x7fffffffffffffed
2372000: system.cpu: T0 : 0x1ec40    : andi a3, a0, 7             : IntAlu :  D=0x0000000000000005
2372500: system.cpu: T0 : 0x1ec44    : c_beqz a5, 168             : IntAlu : 
2373000: system.cpu: T0 : 0x1ec46    : c_beqz a3, 12              : IntAlu : 
2373500: system.cpu: T0 : 0x1ec48    : lbu a5, 0(a0)              : MemRead :  D=0x0000000000000066 A=0x7fffffffffffffed
2374000: system.cpu: T0 : 0x1ec4c    : bne a5, a4, -14            : IntAlu : 
2374500: system.cpu: T0 : 0x1ec3e    : c_addi a0, 1               : IntAlu :  D=0x7fffffffffffffee
2375000: system.cpu: T0 : 0x1ec40    : andi a3, a0, 7             : IntAlu :  D=0x0000000000000006
2375500: system.cpu: T0 : 0x1ec44    : c_beqz a5, 168             : IntAlu : 
2376000: system.cpu: T0 : 0x1ec46    : c_beqz a3, 12              : IntAlu : 
2376500: system.cpu: T0 : 0x1ec48    : lbu a5, 0(a0)              : MemRead :  D=0x0000000000000000 A=0x7fffffffffffffee
2377000: system.cpu: T0 : 0x1ec4c    : bne a5, a4, -14            : IntAlu : 
2377500: system.cpu: T0 : 0x1ec3e    : c_addi a0, 1               : IntAlu :  D=0x7fffffffffffffef
2378000: system.cpu: T0 : 0x1ec40    : andi a3, a0, 7             : IntAlu :  D=0x0000000000000007
2378500: system.cpu: T0 : 0x1ec44    : c_beqz a5, 168             : IntAlu : 
2379000: system.cpu: T0 : 0x1ecec    : c_li a0, 0                 : IntAlu :  D=0x0000000000000000
2379500: system.cpu: T0 : 0x1ecee    : c_jr ra                    : IntAlu : 
2380000: system.cpu: T0 : 0x37fe2    : c_bnez a0, -14             : IntAlu : 
2380500: system.cpu: T0 : 0x37fe4    : c_ldsp ra, 24(sp)          : MemRead :  D=0x0000000000021e50 A=0x7ffffffffffffda8
2381000: system.cpu: T0 : 0x37fe6    : c_ldsp s0, 16(sp)          : MemRead :  D=0x7fffffffffffff38 A=0x7ffffffffffffda0
2381500: system.cpu: T0 : 0x37fe8    : c_ldsp s1, 8(sp)           : MemRead :  D=0x7fffffffffffffdd A=0x7ffffffffffffd98
2382000: system.cpu: T0 : 0x37fea    : c_mv a0, s2                : IntAlu :  D=0x7fffffffffffffe9
2382500: system.cpu: T0 : 0x37fec    : c_ldsp s2, 0(sp)           : MemRead :  D=0x7fffffffffffff48 A=0x7ffffffffffffd90
2383000: system.cpu: T0 : 0x37fee    : c_addi16sp sp, 32          : IntAlu :  D=0x7ffffffffffffdb0
2383500: system.cpu: T0 : 0x37ff0    : c_jr ra                    : IntAlu : 
2384000: system.cpu: T0 : 0x21e50    : c_beqz a0, 26              : IntAlu : 
2384500: system.cpu: T0 : 0x21e52    : c_addi a0, 1               : IntAlu :  D=0x7fffffffffffffea
2385000: system.cpu: T0 : 0x21e54    : sd a0, -1824(gp)           : MemWrite :  D=0x7fffffffffffffea A=0x70918
2385500: system.cpu: T0 : 0x21e58    : c_ld a4, 0(s0)             : MemRead :  D=0x7fffffffffffffdd A=0x7fffffffffffff38
2386500: system.cpu: T0 : 0x21e5a    : sd a4, -1816(gp)           : MemWrite :  D=0x7fffffffffffffdd A=0x70920
2387000: system.cpu: T0 : 0x21e5e    : c_ldsp ra, 24(sp)          : MemRead :  D=0x0000000000022f32 A=0x7ffffffffffffdc8
2387500: system.cpu: T0 : 0x21e60    : c_ldsp s0, 16(sp)          : MemRead :  D=0x0000000000000001 A=0x7ffffffffffffdc0
2388000: system.cpu: T0 : 0x21e62    : c_ldsp s1, 8(sp)           : MemRead :  D=0x7fffffffffffff38 A=0x7ffffffffffffdb8
2388500: system.cpu: T0 : 0x21e64    : c_addi16sp sp, 32          : IntAlu :  D=0x7ffffffffffffdd0
2389000: system.cpu: T0 : 0x21e66    : c_jr ra                    : IntAlu : 
2389500: system.cpu: T0 : 0x22f32    : c_ldsp s0, 16(sp)          : MemRead :  D=0x0000000000010b22 A=0x7ffffffffffffde0
2390000: system.cpu: T0 : 0x22f34    : c_ldsp ra, 24(sp)          : MemRead :  D=0x0000000000010796 A=0x7ffffffffffffde8
2390500: system.cpu: T0 : 0x22f36    : c_ldsp s1, 8(sp)           : MemRead :  D=0x0000000000010bb2 A=0x7ffffffffffffdd8
2391000: system.cpu: T0 : 0x22f38    : c_ldsp s2, 0(sp)           : MemRead :  D=0x0000000000000000 A=0x7ffffffffffffdd0
2391500: system.cpu: T0 : 0x22f3a    : c_addi16sp sp, 32          : IntAlu :  D=0x7ffffffffffffdf0
2392000: system.cpu: T0 : 0x22f3c    : jal zero, 35004            : IntAlu :  D=0x0000000000022f40
2392500: system.cpu: T0 : 0x2b7f8    : ld a5, 0(tp)               : MemRead :  D=0x0000000000070678 A=0x73710
2393000: system.cpu: T0 : 0x2b7fc    : c_ld a5, 0(a5)             : MemRead :  D=0x00000000000519f0 A=0x70678
2393500: system.cpu: T0 : 0x2b7fe    : c_ld a0, 64(a5)            : MemRead :  D=0x0000000000053220 A=0x51a30
2394000: system.cpu: T0 : 0x2b800    : c_ld a2, 72(a5)            : MemRead :  D=0x0000000000052820 A=0x51a38
2394500: system.cpu: T0 : 0x2b802    : c_ld a4, 88(a5)            : MemRead :  D=0x0000000000052220 A=0x51a48
2395000: system.cpu: T0 : 0x2b804    : addi a0, a0, 256           : IntAlu :  D=0x0000000000053320
2395500: system.cpu: T0 : 0x2b808    : addi a2, a2, 512           : IntAlu :  D=0x0000000000052a20
2396000: system.cpu: T0 : 0x2b80c    : addi a4, a4, 512           : IntAlu :  D=0x0000000000052420
2396500: system.cpu: T0 : 0x2b810    : sd a0, 80(tp)              : MemWrite :  D=0x0000000000053320 A=0x73760
2397000: system.cpu: T0 : 0x2b814    : sd a2, 72(tp)              : MemWrite :  D=0x0000000000052a20 A=0x73758
2397500: system.cpu: T0 : 0x2b818    : sd a4, 64(tp)              : MemWrite :  D=0x0000000000052420 A=0x73750
2398000: system.cpu: T0 : 0x2b81c    : c_jr ra                    : IntAlu : 
2398500: system.cpu: T0 : 0x10796    : c_beqz s1, 12              : IntAlu : 
2399000: system.cpu: T0 : 0x10798    : c_li a2, 0                 : IntAlu :  D=0x0000000000000000
2399500: system.cpu: T0 : 0x1079a    : c_li a1, 0                 : IntAlu :  D=0x0000000000000000
2400000: system.cpu: T0 : 0x1079c    : c_mv a0, s1                : IntAlu :  D=0x0000000000010bb2
2401000: system.cpu: T0 : 0x1079e    : jal ra, 17628              : IntAlu :  D=0x00000000000107a2
2402000: system.cpu: T0 : 0x14c7a    : addi a3, gp, -1936         : IntAlu :  D=0x00000000000708a8
2402500: system.cpu: T0 : 0x14c7e    : c_j -204                   : IntAlu : 
2403000: system.cpu: T0 : 0x14bb2    : c_addi16sp sp, -64         : IntAlu :  D=0x7ffffffffffffdb0
2403500: system.cpu: T0 : 0x14bb4    : c_sdsp ra, 56(sp)          : MemWrite :  D=0x00000000000107a2 A=0x7ffffffffffffde8
2404000: system.cpu: T0 : 0x14bb6    : c_sdsp s0, 48(sp)          : MemWrite :  D=0x0000000000010b22 A=0x7ffffffffffffde0
2404500: system.cpu: T0 : 0x14bb8    : c_sdsp s1, 40(sp)          : MemWrite :  D=0x0000000000010bb2 A=0x7ffffffffffffdd8
2405000: system.cpu: T0 : 0x14bba    : c_sdsp s2, 32(sp)          : MemWrite :  D=0x0000000000000000 A=0x7ffffffffffffdd0
2405500: system.cpu: T0 : 0x14bbc    : c_sdsp s3, 24(sp)          : MemWrite :  D=0x0000000000000000 A=0x7ffffffffffffdc8
2406000: system.cpu: T0 : 0x14bbe    : c_beqz a0, 156             : IntAlu : 
2406500: system.cpu: T0 : 0x14bc0    : lui s0, 114                : IntAlu :  D=0x0000000000072000
2407000: system.cpu: T0 : 0x14bc4    : c_mv s2, a2                : IntAlu :  D=0x0000000000000000
2407500: system.cpu: T0 : 0x14bc6    : c_mv s1, a0                : IntAlu :  D=0x0000000000010bb2
2408000: system.cpu: T0 : 0x14bc8    : c_mv s3, a1                : IntAlu :  D=0x0000000000000000
2408500: system.cpu: T0 : 0x14bca    : c_li a4, 1                 : IntAlu :  D=0x0000000000000001
2409000: system.cpu: T0 : 0x14bcc    : addi a2, s0, -384          : IntAlu :  D=0x0000000000071e80
2409500: system.cpu: T0 : 0x14bd0    : lr_w a5, (a2)             
2409500: system.cpu: T0 : 0x14bd0. 0 : lr_w a5, (a2)              : MemRead :  D=0x0000000000000000 A=0x71e80
2410000: system.cpu: T0 : 0x14bd4    : c_bnez a5, 8               : IntAlu : 
2411000: system.cpu: T0 : 0x14bd6    : sc_w_aq a1, a4, (a2)      
2411000: system.cpu: T0 : 0x14bd6. 0 : sc_w a1, a4, (a2)          : MemWrite :  D=0x0000000000000000 A=0x71e80
2411500: system.cpu: T0 : 0x14bd6. 1 : 0x1ce625af fence           : No_OpClass : 
2412000: system.cpu: T0 : 0x14bda    : c_bnez a1, -10             : IntAlu : 
2412500: system.cpu: T0 : 0x14bdc    : c_addiw a5, 0              : IntAlu :  D=0x0000000000000000
2413000: system.cpu: T0 : 0x14bde    : c_bnez a5, 64              : IntAlu : 
2413500: system.cpu: T0 : 0x14be0    : c_mv a0, a3                : IntAlu :  D=0x00000000000708a8
2414500: system.cpu: T0 : 0x14be2    : jal ra, -242               : IntAlu :  D=0x0000000000014be6
2415000: system.cpu: T0 : 0x14af0    : lbu a5, -1476(gp)          : MemRead :  D=0x0000000000000000 A=0x70a74
2415500: system.cpu: T0 : 0x14af4    : c_bnez a5, 186             : IntAlu : 
2416000: system.cpu: T0 : 0x14af6    : c_addi sp, -32             : IntAlu :  D=0x7ffffffffffffd90
2416500: system.cpu: T0 : 0x14af8    : c_sdsp s1, 8(sp)           : MemWrite :  D=0x0000000000010bb2 A=0x7ffffffffffffd98
2417000: system.cpu: T0 : 0x14afa    : c_ld s1, 0(a0)             : MemRead :  D=0x0000000000071150 A=0x708a8
2417500: system.cpu: T0 : 0x14afc    : c_sdsp s0, 16(sp)          : MemWrite :  D=0x0000000000072000 A=0x7ffffffffffffda0
2418000: system.cpu: T0 : 0x14afe    : c_sdsp ra, 24(sp)          : MemWrite :  D=0x0000000000014be6 A=0x7ffffffffffffda8
2418500: system.cpu: T0 : 0x14b00    : c_mv s0, a0                : IntAlu :  D=0x00000000000708a8
2419000: system.cpu: T0 : 0x14b02    : c_beqz s1, 140             : IntAlu : 
2419500: system.cpu: T0 : 0x14b04    : c_mv a1, s1                : IntAlu :  D=0x0000000000071150
2420000: system.cpu: T0 : 0x14b06    : c_li a6, 0                 : IntAlu :  D=0x0000000000000000
2420500: system.cpu: T0 : 0x14b08    : c_ld a4, 8(a1)             : MemRead :  D=0x0000000000000000 A=0x71158
2421500: system.cpu: T0 : 0x14b0a    : slli a5, a4, 5             : IntAlu :  D=0x0000000000000000
2422000: system.cpu: T0 : 0x14b0e    : c_add a5, a1               : IntAlu :  D=0x0000000000071150
2422500: system.cpu: T0 : 0x14b10    : c_beqz a4, 18              : IntAlu : 
2423000: system.cpu: T0 : 0x14b22    : c_ld a5, 0(a1)             : MemRead :  D=0x0000000000000000 A=0x71150
2423500: system.cpu: T0 : 0x14b24    : sd zero, 8(a1)             : MemWrite :  D=0x0000000000000000 A=0x71158
2424000: system.cpu: T0 : 0x14b28    : c_mv a6, a1                : IntAlu :  D=0x0000000000071150
2424500: system.cpu: T0 : 0x14b2a    : c_beqz a5, 78              : IntAlu : 
2425000: system.cpu: T0 : 0x14b78    : c_li a5, 1                 : IntAlu :  D=0x0000000000000001
2426000: system.cpu: T0 : 0x14b7a    : addi a0, a1, 16            : IntAlu :  D=0x0000000000071160
2426500: system.cpu: T0 : 0x14b7e    : c_sd a5, 8(a1)             : MemWrite :  D=0x0000000000000001 A=0x71158
2427000: system.cpu: T0 : 0x14b80    : c_j -60                    : IntAlu : 
2427500: system.cpu: T0 : 0x14b44    : lui a4, 114                : IntAlu :  D=0x0000000000072000
2428000: system.cpu: T0 : 0x14b48    : ld a5, -376(a4)            : MemRead :  D=0x0000000000000000 A=0x71e88
2428500: system.cpu: T0 : 0x14b4c    : c_ldsp ra, 24(sp)          : MemRead :  D=0x0000000000014be6 A=0x7ffffffffffffda8
2429000: system.cpu: T0 : 0x14b4e    : c_ldsp s0, 16(sp)          : MemRead :  D=0x0000000000072000 A=0x7ffffffffffffda0
2429500: system.cpu: T0 : 0x14b50    : c_li a3, 1                 : IntAlu :  D=0x0000000000000001
2430000: system.cpu: T0 : 0x14b52    : c_sd a3, 0(a0)             : MemWrite :  D=0x0000000000000001 A=0x71160
2430500: system.cpu: T0 : 0x14b54    : c_addi a5, 1               : IntAlu :  D=0x0000000000000001
2431500: system.cpu: T0 : 0x14b56    : sd a5, -376(a4)            : MemWrite :  D=0x0000000000000001 A=0x71e88
2432000: system.cpu: T0 : 0x14b5a    : c_ldsp s1, 8(sp)           : MemRead :  D=0x0000000000010bb2 A=0x7ffffffffffffd98
2432500: system.cpu: T0 : 0x14b5c    : c_addi16sp sp, 32          : IntAlu :  D=0x7ffffffffffffdb0
2433000: system.cpu: T0 : 0x14b5e    : c_jr ra                    : IntAlu : 
2433500: system.cpu: T0 : 0x14be6    : c_beqz a0, 70              : IntAlu : 
2434000: system.cpu: T0 : 0x14be8    : c_li a5, 4                 : IntAlu :  D=0x0000000000000004
2434500: system.cpu: T0 : 0x14bea    : c_sd a5, 0(a0)             : MemWrite :  D=0x0000000000000004 A=0x71160
2435000: system.cpu: T0 : 0x14bec    : c_sd s1, 8(a0)             : MemWrite :  D=0x0000000000010bb2 A=0x71168
2436000: system.cpu: T0 : 0x14bee    : sd s3, 16(a0)              : MemWrite :  D=0x0000000000000000 A=0x71170
2437000: system.cpu: T0 : 0x14bf2    : sd s2, 24(a0)              : MemWrite :  D=0x0000000000000000 A=0x71178
2437500: system.cpu: T0 : 0x14bf6    : c_li a5, 0                 : IntAlu :  D=0x0000000000000000
2438000: system.cpu: T0 : 0x14bf8    : addi a4, s0, -384          : IntAlu :  D=0x0000000000071e80
2438500: system.cpu: T0 : 0x14bfc    : fence iorw, ow             : No_OpClass : 
2439000: system.cpu: T0 : 0x14c00    : amoswap_w a5, a5, (a4)    
2439000: system.cpu: T0 : 0x14c00. 0 : amoswap_w[l] a5, a5, (a4)  : MemRead :  D=0x0000000000000001 A=0x71e80
2439500: system.cpu: T0 : 0x14c04    : c_addiw a5, 0              : IntAlu :  D=0x0000000000000001
2440000: system.cpu: T0 : 0x14c06    : c_li a3, 1                 : IntAlu :  D=0x0000000000000001
2440500: system.cpu: T0 : 0x14c08    : c_li a4, 0                 : IntAlu :  D=0x0000000000000000
2441500: system.cpu: T0 : 0x14c0a    : blt a3, a5, 58             : IntAlu : 
2442000: system.cpu: T0 : 0x14c0e    : c_ldsp ra, 56(sp)          : MemRead :  D=0x00000000000107a2 A=0x7ffffffffffffde8
2442500: system.cpu: T0 : 0x14c10    : c_ldsp s0, 48(sp)          : MemRead :  D=0x0000000000010b22 A=0x7ffffffffffffde0
2443000: system.cpu: T0 : 0x14c12    : c_ldsp s1, 40(sp)          : MemRead :  D=0x0000000000010bb2 A=0x7ffffffffffffdd8
2443500: system.cpu: T0 : 0x14c14    : c_ldsp s2, 32(sp)          : MemRead :  D=0x0000000000000000 A=0x7ffffffffffffdd0
2444000: system.cpu: T0 : 0x14c16    : c_ldsp s3, 24(sp)          : MemRead :  D=0x0000000000000000 A=0x7ffffffffffffdc8
2444500: system.cpu: T0 : 0x14c18    : c_mv a0, a4                : IntAlu :  D=0x0000000000000000
2445000: system.cpu: T0 : 0x14c1a    : c_addi16sp sp, 64          : IntAlu :  D=0x7ffffffffffffdf0
2445500: system.cpu: T0 : 0x14c1c    : c_jr ra                    : IntAlu : 
2446500: system.cpu: T0 : 0x107a2    : lui a5, 111                : IntAlu :  D=0x000000000006f000
2447500: system.cpu: T0 : 0x107a6    : lw a5, -72(a5)             : MemRead :  D=0x0000000000000000 A=0x6efb8
2448500: system.cpu: T0 : 0x107aa    : bne a5, zero, 238          : IntAlu : 
2449000: system.cpu: T0 : 0x107ae    : c_beqz s0, 12              : IntAlu : 
2449500: system.cpu: T0 : 0x107b0    : ld a2, -1360(gp)           : MemRead :  D=0x7fffffffffffff48 A=0x70ae8
2450000: system.cpu: T0 : 0x107b4    : c_ldsp a1, 16(sp)          : MemRead :  D=0x7fffffffffffff38 A=0x7ffffffffffffe00
2450500: system.cpu: T0 : 0x107b6    : c_ldsp a0, 8(sp)           : MemRead :  D=0x0000000000000001 A=0x7ffffffffffffdf8
2451000: system.cpu: T0 : 0x107b8    : c_jalr s0                  : IntAlu :  D=0x00000000000107ba
2451500: system.cpu: T0 : 0x10b22    : c_addi16sp sp, -64         : IntAlu :  D=0x7ffffffffffffdb0
2452000: system.cpu: T0 : 0x10b24    : c_sdsp s0, 48(sp)          : MemWrite :  D=0x0000000000010b22 A=0x7ffffffffffffde0
2452500: system.cpu: T0 : 0x10b26    : c_sdsp s5, 8(sp)           : MemWrite :  D=0x0000000000000000 A=0x7ffffffffffffdb8
2453000: system.cpu: T0 : 0x10b28    : lui s0, 111                : IntAlu :  D=0x000000000006f000
2453500: system.cpu: T0 : 0x10b2c    : lui s5, 111                : IntAlu :  D=0x000000000006f000
2454000: system.cpu: T0 : 0x10b30    : addi a5, s0, -1296         : IntAlu :  D=0x000000000006eaf0
2454500: system.cpu: T0 : 0x10b34    : addi s5, s5, -1288         : IntAlu :  D=0x000000000006eaf8
2455000: system.cpu: T0 : 0x10b38    : sub s5, s5, a5             : IntAlu :  D=0x0000000000000008
2455500: system.cpu: T0 : 0x10b3c    : c_sdsp s2, 32(sp)          : MemWrite :  D=0x0000000000000000 A=0x7ffffffffffffdd0
2456000: system.cpu: T0 : 0x10b3e    : c_sdsp s3, 24(sp)          : MemWrite :  D=0x0000000000000000 A=0x7ffffffffffffdc8
2456500: system.cpu: T0 : 0x10b40    : c_sdsp s4, 16(sp)          : MemWrite :  D=0x0000000000000000 A=0x7ffffffffffffdc0
2457000: system.cpu: T0 : 0x10b42    : c_sdsp ra, 56(sp)          : MemWrite :  D=0x00000000000107ba A=0x7ffffffffffffde8
2457500: system.cpu: T0 : 0x10b44    : c_sdsp s1, 40(sp)          : MemWrite :  D=0x0000000000010bb2 A=0x7ffffffffffffdd8
2458500: system.cpu: T0 : 0x10b46    : srai s5, s5, 3             : IntAlu :  D=0x0000000000000001
2459000: system.cpu: T0 : 0x10b4a    : c_mv s2, a0                : IntAlu :  D=0x0000000000000001
2459500: system.cpu: T0 : 0x10b4c    : c_mv s3, a1                : IntAlu :  D=0x7fffffffffffff38
2460000: system.cpu: T0 : 0x10b4e    : c_mv s4, a2                : IntAlu :  D=0x7fffffffffffff48
2460500: system.cpu: T0 : 0x10b50    : beq s5, zero, 28           : IntAlu : 
2461000: system.cpu: T0 : 0x10b54    : addi s0, s0, -1296         : IntAlu :  D=0x000000000006eaf0
2461500: system.cpu: T0 : 0x10b58    : c_li s1, 0                 : IntAlu :  D=0x0000000000000000
2462000: system.cpu: T0 : 0x10b5a    : c_ld a5, 0(s0)             : MemRead :  D=0x0000000000010376 A=0x6eaf0
2462500: system.cpu: T0 : 0x10b5c    : c_mv a2, s4                : IntAlu :  D=0x7fffffffffffff48
2463000: system.cpu: T0 : 0x10b5e    : c_mv a1, s3                : IntAlu :  D=0x7fffffffffffff38
2463500: system.cpu: T0 : 0x10b60    : c_mv a0, s2                : IntAlu :  D=0x0000000000000001
2464000: system.cpu: T0 : 0x10b62    : c_addi s1, 1               : IntAlu :  D=0x0000000000000001
2464500: system.cpu: T0 : 0x10b64    : c_jalr a5                  : IntAlu :  D=0x0000000000010b66
2465500: system.cpu: T0 : 0x10376    : auipc gp, 97               : IntAlu :  D=0x0000000000071376
2466500: system.cpu: T0 : 0x1037a    : addi gp, gp, -830          : IntAlu :  D=0x0000000000071038
2467000: system.cpu: T0 : 0x1037e    : c_jr ra                    : IntAlu : 
2467500: system.cpu: T0 : 0x10b66    : c_addi s0, 8               : IntAlu :  D=0x000000000006eaf8
2468000: system.cpu: T0 : 0x10b68    : bne s5, s1, -14            : IntAlu : 
2468500: system.cpu: T0 : 0x10b6c    : lui s0, 111                : IntAlu :  D=0x000000000006f000
2469000: system.cpu: T0 : 0x10b70    : lui s5, 111                : IntAlu :  D=0x000000000006f000
2469500: system.cpu: T0 : 0x10b74    : addi a5, s0, -1288         : IntAlu :  D=0x000000000006eaf8
2470000: system.cpu: T0 : 0x10b78    : addi s5, s5, -1280         : IntAlu :  D=0x000000000006eb00
2470500: system.cpu: T0 : 0x10b7c    : sub s5, s5, a5             : IntAlu :  D=0x0000000000000008
2471000: system.cpu: T0 : 0x10b80    : srai s5, s5, 3             : IntAlu :  D=0x0000000000000001
2471500: system.cpu: T0 : 0x10b84    : beq s5, zero, 28           : IntAlu : 
2472000: system.cpu: T0 : 0x10b88    : addi s0, s0, -1288         : IntAlu :  D=0x000000000006eaf8
2472500: system.cpu: T0 : 0x10b8c    : c_li s1, 0                 : IntAlu :  D=0x0000000000000000
2473000: system.cpu: T0 : 0x10b8e    : c_ld a5, 0(s0)             : MemRead :  D=0x000000000001040a A=0x6eaf8
2473500: system.cpu: T0 : 0x10b90    : c_mv a2, s4                : IntAlu :  D=0x7fffffffffffff48
2474000: system.cpu: T0 : 0x10b92    : c_mv a1, s3                : IntAlu :  D=0x7fffffffffffff38
2474500: system.cpu: T0 : 0x10b94    : c_mv a0, s2                : IntAlu :  D=0x0000000000000001
2475000: system.cpu: T0 : 0x10b96    : c_addi s1, 1               : IntAlu :  D=0x0000000000000001
2475500: system.cpu: T0 : 0x10b98    : c_jalr a5                  : IntAlu :  D=0x0000000000010b9a
2476500: system.cpu: T0 : 0x1040a    : lui a5, 76                 : IntAlu :  D=0x000000000004c000
2477500: system.cpu: T0 : 0x1040e    : addi a5, a5, 1524          : IntAlu :  D=0x000000000004c5f4
2478000: system.cpu: T0 : 0x10412    : c_beqz a5, 28              : IntAlu : 
2478500: system.cpu: T0 : 0x10414    : lui a0, 106                : IntAlu :  D=0x000000000006a000
2479000: system.cpu: T0 : 0x10418    : c_addi sp, -16             : IntAlu :  D=0x7ffffffffffffda0
2480000: system.cpu: T0 : 0x1041a    : addi a1, gp, -1008         : IntAlu :  D=0x0000000000070c48
2481000: system.cpu: T0 : 0x1041e    : addi a0, a0, 816           : IntAlu :  D=0x000000000006a330
2481500: system.cpu: T0 : 0x10422    : c_sdsp ra, 8(sp)           : MemWrite :  D=0x0000000000010b9a A=0x7ffffffffffffda8
2482000: system.cpu: T0 : 0x10424    : jal ra, 246224             : IntAlu :  D=0x0000000000010428
2482500: system.cpu: T0 : 0x4c5f4    : c_beqz a0, 12              : IntAlu : 
2483000: system.cpu: T0 : 0x4c5f6    : c_lw a5, 0(a0)             : MemRead :  D=0x000000000000001c A=0x6a330
2483500: system.cpu: T0 : 0x4c5f8    : c_beqz a5, 8               : IntAlu : 
2484000: system.cpu: T0 : 0x4c5fa    : c_li a3, 0                 : IntAlu :  D=0x0000000000000000
2484500: system.cpu: T0 : 0x4c5fc    : c_li a2, 0                 : IntAlu :  D=0x0000000000000000
2485000: system.cpu: T0 : 0x4c5fe    : c_j -144                   : IntAlu : 
2485500: system.cpu: T0 : 0x4c56e    : c_li a5, -1                : IntAlu :  D=0xffffffffffffffff
2486000: system.cpu: T0 : 0x4c570    : c_addi sp, -32             : IntAlu :  D=0x7ffffffffffffd80
2486500: system.cpu: T0 : 0x4c572    : c_sd a5, 0(a1)             : MemWrite :  D=0xffffffffffffffff A=0x70c48
2487000: system.cpu: T0 : 0x4c574    : addi a5, zero, 2040        : IntAlu :  D=0x00000000000007f8
2487500: system.cpu: T0 : 0x4c578    : c_sdsp s0, 16(sp)          : MemWrite :  D=0x000000000006eaf8 A=0x7ffffffffffffd90
2488000: system.cpu: T0 : 0x4c57a    : c_sdsp s1, 8(sp)           : MemWrite :  D=0x0000000000000001 A=0x7ffffffffffffd88
2488500: system.cpu: T0 : 0x4c57c    : c_sdsp ra, 24(sp)          : MemWrite :  D=0x0000000000010428 A=0x7ffffffffffffd98
2489000: system.cpu: T0 : 0x4c57e    : c_sd a2, 8(a1)             : MemWrite :  D=0x0000000000000000 A=0x70c50
2489500: system.cpu: T0 : 0x4c580    : c_sd a3, 16(a1)            : MemWrite :  D=0x0000000000000000 A=0x70c58
2490000: system.cpu: T0 : 0x4c582    : c_sd a0, 24(a1)            : MemWrite :  D=0x000000000006a330 A=0x70c60
2490500: system.cpu: T0 : 0x4c584    : c_sd a5, 32(a1)            : MemWrite :  D=0x00000000000007f8 A=0x70c68
2491500: system.cpu: T0 : 0x4c586    : auipc s1, 36               : IntAlu :  D=0x0000000000070586
2492500: system.cpu: T0 : 0x4c58a    : ld s1, 642(s1)             : MemRead :  D=0x0000000000000000 A=0x70808
2493000: system.cpu: T0 : 0x4c58e    : c_mv s0, a1                : IntAlu :  D=0x0000000000070c48
2493500: system.cpu: T0 : 0x4c590    : c_beqz s1, 20              : IntAlu : 
2494000: system.cpu: T0 : 0x4c5a4    : addi a5, gp, 1880          : IntAlu :  D=0x0000000000071790
2494500: system.cpu: T0 : 0x4c5a8    : ld a3, 448(a5)             : MemRead :  D=0x0000000000000000 A=0x71950
2495000: system.cpu: T0 : 0x4c5ac    : lw a4, 456(a5)             : MemRead :  D=0x0000000000000000 A=0x71958
2495500: system.cpu: T0 : 0x4c5b0    : sd s0, 448(a5)             : MemWrite :  D=0x0000000000070c48 A=0x71950
2496000: system.cpu: T0 : 0x4c5b4    : c_sd a3, 40(s0)            : MemWrite :  D=0x0000000000000000 A=0x70c70
2496500: system.cpu: T0 : 0x4c5b6    : c_beqz a4, 30              : IntAlu : 
2497000: system.cpu: T0 : 0x4c5d4    : c_li a4, 1                 : IntAlu :  D=0x0000000000000001
2498000: system.cpu: T0 : 0x4c5d6    : addi a5, a5, 456           : IntAlu :  D=0x0000000000071958
2499000: system.cpu: T0 : 0x4c5da    : amoswap_w zero, a4, (a5)  
2499000: system.cpu: T0 : 0x4c5da. 0 : amoswap_w[l] zero, a4, (a5) : MemRead :  D=0x0000000000000000 A=0x71958
2499500: system.cpu: T0 : 0x4c5de    : c_bnez s1, -36             : IntAlu : 
2500000: system.cpu: T0 : 0x4c5e0    : c_ldsp ra, 24(sp)          : MemRead :  D=0x0000000000010428 A=0x7ffffffffffffd98
2500500: system.cpu: T0 : 0x4c5e2    : c_ldsp s0, 16(sp)          : MemRead :  D=0x000000000006eaf8 A=0x7ffffffffffffd90
2501000: system.cpu: T0 : 0x4c5e4    : c_ldsp s1, 8(sp)           : MemRead :  D=0x0000000000000001 A=0x7ffffffffffffd88
2501500: system.cpu: T0 : 0x4c5e6    : c_addi16sp sp, 32          : IntAlu :  D=0x7ffffffffffffda0
2502000: system.cpu: T0 : 0x4c5e8    : c_jr ra                    : IntAlu : 
2502500: system.cpu: T0 : 0x10428    : c_ldsp ra, 8(sp)           : MemRead :  D=0x0000000000010b9a A=0x7ffffffffffffda8
2503000: system.cpu: T0 : 0x1042a    : c_addi sp, 16              : IntAlu :  D=0x7ffffffffffffdb0
2503500: system.cpu: T0 : 0x1042c    : c_j -134                   : IntAlu : 
2504500: system.cpu: T0 : 0x103a6    : lui a0, 112                : IntAlu :  D=0x0000000000070000
2505500: system.cpu: T0 : 0x103aa    : addi a1, a0, 2032          : IntAlu :  D=0x00000000000707f0
2506500: system.cpu: T0 : 0x103ae    : lui a5, 112                : IntAlu :  D=0x0000000000070000
2507500: system.cpu: T0 : 0x103b2    : addi a5, a5, 2032          : IntAlu :  D=0x00000000000707f0
2508000: system.cpu: T0 : 0x103b6    : c_sub a5, a1               : IntAlu :  D=0x0000000000000000
2508500: system.cpu: T0 : 0x103b8    : srai a4, a5, 3             : IntAlu :  D=0x0000000000000000
2509000: system.cpu: T0 : 0x103bc    : srli a1, a5, 63            : IntAlu :  D=0x0000000000000000
2509500: system.cpu: T0 : 0x103c0    : c_add a1, a4               : IntAlu :  D=0x0000000000000000
2510000: system.cpu: T0 : 0x103c2    : c_srai a1, 1               : IntAlu :  D=0x0000000000000000
2510500: system.cpu: T0 : 0x103c4    : c_beqz a1, 16              : IntAlu : 
2511000: system.cpu: T0 : 0x103d4    : c_jr ra                    : IntAlu : 
2511500: system.cpu: T0 : 0x10b9a    : c_addi s0, 8               : IntAlu :  D=0x000000000006eb00
2512000: system.cpu: T0 : 0x10b9c    : bne s5, s1, -14            : IntAlu : 
2512500: system.cpu: T0 : 0x10ba0    : c_ldsp ra, 56(sp)          : MemRead :  D=0x00000000000107ba A=0x7ffffffffffffde8
2513000: system.cpu: T0 : 0x10ba2    : c_ldsp s0, 48(sp)          : MemRead :  D=0x0000000000010b22 A=0x7ffffffffffffde0
2513500: system.cpu: T0 : 0x10ba4    : c_ldsp s1, 40(sp)          : MemRead :  D=0x0000000000010bb2 A=0x7ffffffffffffdd8
2514000: system.cpu: T0 : 0x10ba6    : c_ldsp s2, 32(sp)          : MemRead :  D=0x0000000000000000 A=0x7ffffffffffffdd0
2514500: system.cpu: T0 : 0x10ba8    : c_ldsp s3, 24(sp)          : MemRead :  D=0x0000000000000000 A=0x7ffffffffffffdc8
2515000: system.cpu: T0 : 0x10baa    : c_ldsp s4, 16(sp)          : MemRead :  D=0x0000000000000000 A=0x7ffffffffffffdc0
2515500: system.cpu: T0 : 0x10bac    : c_ldsp s5, 8(sp)           : MemRead :  D=0x0000000000000000 A=0x7ffffffffffffdb8
2516000: system.cpu: T0 : 0x10bae    : c_addi16sp sp, 64          : IntAlu :  D=0x7ffffffffffffdf0
2516500: system.cpu: T0 : 0x10bb0    : c_jr ra                    : IntAlu : 
2517000: system.cpu: T0 : 0x107ba    : c_li a1, 0                 : IntAlu :  D=0x0000000000000000
2517500: system.cpu: T0 : 0x107bc    : c_li a0, 0                 : IntAlu :  D=0x0000000000000000
2518500: system.cpu: T0 : 0x107be    : jal ra, 71440              : IntAlu :  D=0x00000000000107c2
2519000: system.cpu: T0 : 0x21ece    : c_mv a4, a0                : IntAlu :  D=0x0000000000000000
2519500: system.cpu: T0 : 0x21ed0    : c_beqz a1, 70              : IntAlu : 
2520500: system.cpu: T0 : 0x21f16    : lui a5, 114                : IntAlu :  D=0x0000000000072000
2521500: system.cpu: T0 : 0x21f1a    : addi a0, a5, -368          : IntAlu :  D=0x0000000000071e90
2522000: system.cpu: T0 : 0x21f1e    : c_ld a5, 8(a0)             : MemRead :  D=0x0000000000000000 A=0x71e98
2522500: system.cpu: T0 : 0x21f20    : c_bnez a5, -52             : IntAlu : 
2523000: system.cpu: T0 : 0x21f22    : c_li a5, 1                 : IntAlu :  D=0x0000000000000001
2523500: system.cpu: T0 : 0x21f24    : c_sw a5, 0(a0)             : MemWrite :  D=0x0000000000000001 A=0x71e90
2524000: system.cpu: T0 : 0x21f26    : c_bnez a4, -52             : IntAlu : 
2524500: system.cpu: T0 : 0x21f28    : lui a5, 114                : IntAlu :  D=0x0000000000072000
2525000: system.cpu: T0 : 0x21f2c    : ld a4, -336(a5)            : MemRead :  D=0x0000000000000000 A=0x71eb0
2525500: system.cpu: T0 : 0x21f30    : c_j -62                    : IntAlu : 
2526500: system.cpu: T0 : 0x21ef2    : slli a5, a1, 3             : IntAlu :  D=0x0000000000000000
2527000: system.cpu: T0 : 0x21ef6    : c_add a5, a1               : IntAlu :  D=0x0000000000000000
2527500: system.cpu: T0 : 0x21ef8    : lui a1, 112                : IntAlu :  D=0x0000000000070000
2528000: system.cpu: T0 : 0x21efc    : c_slli a5, 4               : IntAlu :  D=0x0000000000000000
2529000: system.cpu: T0 : 0x21efe    : addi a1, a1, 816           : IntAlu :  D=0x0000000000070330
2529500: system.cpu: T0 : 0x21f02    : c_add a1, a5               : IntAlu :  D=0x0000000000070330
2530000: system.cpu: T0 : 0x21f04    : c_ld a5, 0(a1)             : MemRead :  D=0x000000000006fe60 A=0x70330
2530500: system.cpu: T0 : 0x21f06    : c_sd a4, 32(a0)            : MemWrite :  D=0x0000000000000000 A=0x71eb0
2531000: system.cpu: T0 : 0x21f08    : c_sd a5, 8(a0)             : MemWrite :  D=0x000000000006fe60 A=0x71e98
2532000: system.cpu: T0 : 0x21f0a    : lui a5, 34                 : IntAlu :  D=0x0000000000022000
2533000: system.cpu: T0 : 0x21f0e    : addi a5, a5, -308          : IntAlu :  D=0x0000000000021ecc
2533500: system.cpu: T0 : 0x21f12    : c_sd a5, 16(a0)            : MemWrite :  D=0x0000000000021ecc A=0x71ea0
2534000: system.cpu: T0 : 0x21f14    : c_jr ra                    : IntAlu : 
2534500: system.cpu: T0 : 0x107c2    : c_addi4spn a0, sp, 40      : IntAlu :  D=0x7ffffffffffffe18
2535000: system.cpu: T0 : 0x107c4    : jal ra, 14940              : IntAlu :  D=0x00000000000107c8
2535500: system.cpu: T0 : 0x14220    : c_li a1, 0                 : IntAlu :  D=0x0000000000000000
2536000: system.cpu: T0 : 0x14222    : c_j 6                      : IntAlu : 
2536500: system.cpu: T0 : 0x14228    : sd ra, 0(a0)               : MemWrite :  D=0x00000000000107c8 A=0x7ffffffffffffe18
2537000: system.cpu: T0 : 0x1422c    : c_sd s0, 8(a0)             : MemWrite :  D=0x0000000000010b22 A=0x7ffffffffffffe20
2537500: system.cpu: T0 : 0x1422e    : c_sd s1, 16(a0)            : MemWrite :  D=0x0000000000010bb2 A=0x7ffffffffffffe28
2538000: system.cpu: T0 : 0x14230    : sd s2, 24(a0)              : MemWrite :  D=0x0000000000000000 A=0x7ffffffffffffe30
2538500: system.cpu: T0 : 0x14234    : sd s3, 32(a0)              : MemWrite :  D=0x0000000000000000 A=0x7ffffffffffffe38
2539000: system.cpu: T0 : 0x14238    : sd s4, 40(a0)              : MemWrite :  D=0x0000000000000000 A=0x7ffffffffffffe40
2539500: system.cpu: T0 : 0x1423c    : sd s5, 48(a0)              : MemWrite :  D=0x0000000000000000 A=0x7ffffffffffffe48
2540000: system.cpu: T0 : 0x14240    : sd s6, 56(a0)              : MemWrite :  D=0x0000000000000000 A=0x7ffffffffffffe50
2540500: system.cpu: T0 : 0x14244    : sd s7, 64(a0)              : MemWrite :  D=0x0000000000000000 A=0x7ffffffffffffe58
2541000: system.cpu: T0 : 0x14248    : sd s8, 72(a0)              : MemWrite :  D=0x0000000000000000 A=0x7ffffffffffffe60
2541500: system.cpu: T0 : 0x1424c    : sd s9, 80(a0)              : MemWrite :  D=0x0000000000000000 A=0x7ffffffffffffe68
2542000: system.cpu: T0 : 0x14250    : sd s10, 88(a0)             : MemWrite :  D=0x0000000000000000 A=0x7ffffffffffffe70
2542500: system.cpu: T0 : 0x14254    : sd s11, 96(a0)             : MemWrite :  D=0x0000000000000000 A=0x7ffffffffffffe78
2543000: system.cpu: T0 : 0x14258    : sd sp, 104(a0)             : MemWrite :  D=0x7ffffffffffffdf0 A=0x7ffffffffffffe80
2543500: system.cpu: T0 : 0x1425c    : c_fsd fs0, 112(a0)         : FloatMemWrite :  D=0x0000000000000000 A=0x7ffffffffffffe88
2544000: system.cpu: T0 : 0x1425e    : c_fsd fs1, 120(a0)         : FloatMemWrite :  D=0x0000000000000000 A=0x7ffffffffffffe90
2544500: system.cpu: T0 : 0x14260    : fsd fs2, 128(a0)           : FloatMemWrite :  D=0x0000000000000000 A=0x7ffffffffffffe98
2545000: system.cpu: T0 : 0x14264    : fsd fs3, 136(a0)           : FloatMemWrite :  D=0x0000000000000000 A=0x7ffffffffffffea0
2545500: system.cpu: T0 : 0x14268    : fsd fs4, 144(a0)           : FloatMemWrite :  D=0x0000000000000000 A=0x7ffffffffffffea8
2546000: system.cpu: T0 : 0x1426c    : fsd fs5, 152(a0)           : FloatMemWrite :  D=0x0000000000000000 A=0x7ffffffffffffeb0
2546500: system.cpu: T0 : 0x14270    : fsd fs6, 160(a0)           : FloatMemWrite :  D=0x0000000000000000 A=0x7ffffffffffffeb8
2547000: system.cpu: T0 : 0x14274    : fsd fs7, 168(a0)           : FloatMemWrite :  D=0x0000000000000000 A=0x7ffffffffffffec0
2547500: system.cpu: T0 : 0x14278    : fsd fs8, 176(a0)           : FloatMemWrite :  D=0x0000000000000000 A=0x7ffffffffffffec8
2548000: system.cpu: T0 : 0x1427c    : fsd fs9, 184(a0)           : FloatMemWrite :  D=0x0000000000000000 A=0x7ffffffffffffed0
2548500: system.cpu: T0 : 0x14280    : fsd fs10, 192(a0)          : FloatMemWrite :  D=0x0000000000000000 A=0x7ffffffffffffed8
2549000: system.cpu: T0 : 0x14284    : fsd fs11, 200(a0)          : FloatMemWrite :  D=0x0000000000000000 A=0x7ffffffffffffee0
2549500: system.cpu: T0 : 0x14288    : jal zero, 4                : IntAlu :  D=0x000000000001428c
2550000: system.cpu: T0 : 0x1428c    : c_addi sp, -16             : IntAlu :  D=0x7ffffffffffffde0
2550500: system.cpu: T0 : 0x1428e    : c_sdsp s0, 0(sp)           : MemWrite :  D=0x0000000000010b22 A=0x7ffffffffffffde0
2551000: system.cpu: T0 : 0x14290    : c_sdsp ra, 8(sp)           : MemWrite :  D=0x00000000000107c8 A=0x7ffffffffffffde8
2551500: system.cpu: T0 : 0x14292    : c_mv s0, a0                : IntAlu :  D=0x7ffffffffffffe18
2552000: system.cpu: T0 : 0x14294    : c_bnez a1, 16              : IntAlu : 
2552500: system.cpu: T0 : 0x14296    : c_ldsp ra, 8(sp)           : MemRead :  D=0x00000000000107c8 A=0x7ffffffffffffde8
2553000: system.cpu: T0 : 0x14298    : sw a1, 208(s0)             : MemWrite :  D=0x0000000000000000 A=0x7ffffffffffffee8
2553500: system.cpu: T0 : 0x1429c    : c_ldsp s0, 0(sp)           : MemRead :  D=0x0000000000010b22 A=0x7ffffffffffffde0
2554000: system.cpu: T0 : 0x1429e    : c_li a0, 0                 : IntAlu :  D=0x0000000000000000
2554500: system.cpu: T0 : 0x142a0    : c_addi sp, 16              : IntAlu :  D=0x7ffffffffffffdf0
2555000: system.cpu: T0 : 0x142a2    : c_jr ra                    : IntAlu : 
2555500: system.cpu: T0 : 0x107c8    : c_bnez a0, 166             : IntAlu : 
2556500: system.cpu: T0 : 0x107ca    : ld a3, -1552(tp)           : MemRead :  D=0x0000000000000000 A=0x73100
2557500: system.cpu: T0 : 0x107ce    : ld a4, -1560(tp)           : MemRead :  D=0x0000000000000000 A=0x730f8
2558500: system.cpu: T0 : 0x107d2    : ld a2, -1360(gp)           : MemRead :  D=0x7fffffffffffff48 A=0x70ae8
2559000: system.cpu: T0 : 0x107d6    : c_ldsp a1, 16(sp)          : MemRead :  D=0x7fffffffffffff38 A=0x7ffffffffffffe00
2559500: system.cpu: T0 : 0x107d8    : c_ldsp a0, 8(sp)           : MemRead :  D=0x0000000000000001 A=0x7ffffffffffffdf8
2560000: system.cpu: T0 : 0x107da    : c_ldsp a5, 24(sp)          : MemRead :  D=0x000000000001061a A=0x7ffffffffffffe08
2560500: system.cpu: T0 : 0x107dc    : c_sdsp a4, 264(sp)         : MemWrite :  D=0x0000000000000000 A=0x7ffffffffffffef8
2561000: system.cpu: T0 : 0x107de    : c_sdsp a3, 256(sp)         : MemWrite :  D=0x0000000000000000 A=0x7ffffffffffffef0
2561500: system.cpu: T0 : 0x107e0    : c_addi4spn a4, sp, 40      : IntAlu :  D=0x7ffffffffffffe18
2562500: system.cpu: T0 : 0x107e2    : sd a4, -1552(tp)           : MemWrite :  D=0x7ffffffffffffe18 A=0x73100
2563000: system.cpu: T0 : 0x107e6    : c_jalr a5                  : IntAlu :  D=0x00000000000107e8
2563500: system.cpu: T0 : 0x1061a    : c_addi sp, -16             : IntAlu :  D=0x7ffffffffffffde0
2564000: system.cpu: T0 : 0x1061c    : c_sdsp ra, 8(sp)           : MemWrite :  D=0x00000000000107e8 A=0x7ffffffffffffde8
2564500: system.cpu: T0 : 0x1061e    : c_sdsp s0, 0(sp)           : MemWrite :  D=0x0000000000010b22 A=0x7ffffffffffffde0
2565000: system.cpu: T0 : 0x10620    : c_addi4spn s0, sp, 16      : IntAlu :  D=0x7ffffffffffffdf0
2566000: system.cpu: T0 : 0x10622    : addi a1, zero, 100         : IntAlu :  D=0x0000000000000064
2567000: system.cpu: T0 : 0x10626    : auipc a0, 96               : IntAlu :  D=0x0000000000070626
2568000: system.cpu: T0 : 0x1062a    : ld a0, 498(a0)             : MemRead :  D=0x0000000000071968 A=0x70818
2569000: system.cpu: T0 : 0x1062e    : jal ra, -116               : IntAlu :  D=0x0000000000010632
2569500: system.cpu: T0 : 0x105ba    : c_addi16sp sp, -48         : IntAlu :  D=0x7ffffffffffffdb0
2570000: system.cpu: T0 : 0x105bc    : c_sdsp s0, 40(sp)          : MemWrite :  D=0x7ffffffffffffdf0 A=0x7ffffffffffffdd8
2570500: system.cpu: T0 : 0x105be    : c_addi4spn s0, sp, 48      : IntAlu :  D=0x7ffffffffffffde0
2571000: system.cpu: T0 : 0x105c0    : sd a0, -40(s0)             : MemWrite :  D=0x0000000000071968 A=0x7ffffffffffffdb8
2571500: system.cpu: T0 : 0x105c4    : c_mv a5, a1                : IntAlu :  D=0x0000000000000064
2572500: system.cpu: T0 : 0x105c6    : sw a5, -44(s0)             : MemWrite :  D=0x0000000000000064 A=0x7ffffffffffffdb4
2573500: system.cpu: T0 : 0x105ca    : sw zero, -20(s0)           : MemWrite :  D=0x0000000000000000 A=0x7ffffffffffffdcc
2574000: system.cpu: T0 : 0x105ce    : c_j 50                     : IntAlu : 
2574500: system.cpu: T0 : 0x10600    : lw a4, -20(s0)             : MemRead :  D=0x0000000000000000 A=0x7ffffffffffffdcc
2575000: system.cpu: T0 : 0x10604    : lw a5, -44(s0)             : MemRead :  D=0x0000000000000064 A=0x7ffffffffffffdb4
2575500: system.cpu: T0 : 0x10608    : c_addiw a4, 0              : IntAlu :  D=0x0000000000000000
2576000: system.cpu: T0 : 0x1060a    : c_addiw a5, 0              : IntAlu :  D=0x0000000000000064
2576500: system.cpu: T0 : 0x1060c    : blt a4, a5, -60            : IntAlu : 
2577000: system.cpu: T0 : 0x105d0    : lw a5, -44(s0)             : MemRead :  D=0x0000000000000064 A=0x7ffffffffffffdb4
2577500: system.cpu: T0 : 0x105d4    : andi a3, a5, 255           : IntAlu :  D=0x0000000000000064
2578000: system.cpu: T0 : 0x105d8    : lw a5, -20(s0)             : MemRead :  D=0x0000000000000000 A=0x7ffffffffffffdcc
2578500: system.cpu: T0 : 0x105dc    : andi a4, a5, 255           : IntAlu :  D=0x0000000000000000
2579000: system.cpu: T0 : 0x105e0    : lw a5, -20(s0)             : MemRead :  D=0x0000000000000000 A=0x7ffffffffffffdcc
2579500: system.cpu: T0 : 0x105e4    : ld a2, -40(s0)             : MemRead :  D=0x0000000000071968 A=0x7ffffffffffffdb8
2580000: system.cpu: T0 : 0x105e8    : c_add a5, a2               : IntAlu :  D=0x0000000000071968
2581000: system.cpu: T0 : 0x105ea    : subw a4, a3, a4            : IntAlu :  D=0x0000000000000064
2582000: system.cpu: T0 : 0x105ee    : andi a4, a4, 255           : IntAlu :  D=0x0000000000000064
2583000: system.cpu: T0 : 0x105f2    : sb a4, 0(a5)               : MemWrite :  D=0x0000000000000064 A=0x71968
2584000: system.cpu: T0 : 0x105f6    : lw a5, -20(s0)             : MemRead :  D=0x0000000000000000 A=0x7ffffffffffffdcc
2584500: system.cpu: T0 : 0x105fa    : c_addiw a5, 1              : IntAlu :  D=0x0000000000000001
2585000: system.cpu: T0 : 0x105fc    : sw a5, -20(s0)             : MemWrite :  D=0x0000000000000001 A=0x7ffffffffffffdcc
2585500: system.cpu: T0 : 0x10600    : lw a4, -20(s0)             : MemRead :  D=0x0000000000000001 A=0x7ffffffffffffdcc
2586000: system.cpu: T0 : 0x10604    : lw a5, -44(s0)             : MemRead :  D=0x0000000000000064 A=0x7ffffffffffffdb4
2586500: system.cpu: T0 : 0x10608    : c_addiw a4, 0              : IntAlu :  D=0x0000000000000001
2587000: system.cpu: T0 : 0x1060a    : c_addiw a5, 0              : IntAlu :  D=0x0000000000000064
2587500: system.cpu: T0 : 0x1060c    : blt a4, a5, -60            : IntAlu : 
2588000: system.cpu: T0 : 0x105d0    : lw a5, -44(s0)             : MemRead :  D=0x0000000000000064 A=0x7ffffffffffffdb4
2588500: system.cpu: T0 : 0x105d4    : andi a3, a5, 255           : IntAlu :  D=0x0000000000000064
2589000: system.cpu: T0 : 0x105d8    : lw a5, -20(s0)             : MemRead :  D=0x0000000000000001 A=0x7ffffffffffffdcc
2589500: system.cpu: T0 : 0x105dc    : andi a4, a5, 255           : IntAlu :  D=0x0000000000000001
2590000: system.cpu: T0 : 0x105e0    : lw a5, -20(s0)             : MemRead :  D=0x0000000000000001 A=0x7ffffffffffffdcc
2590500: system.cpu: T0 : 0x105e4    : ld a2, -40(s0)             : MemRead :  D=0x0000000000071968 A=0x7ffffffffffffdb8
2591000: system.cpu: T0 : 0x105e8    : c_add a5, a2               : IntAlu :  D=0x0000000000071969
2592000: system.cpu: T0 : 0x105ea    : subw a4, a3, a4            : IntAlu :  D=0x0000000000000063
2593000: system.cpu: T0 : 0x105ee    : andi a4, a4, 255           : IntAlu :  D=0x0000000000000063
2594000: system.cpu: T0 : 0x105f2    : sb a4, 0(a5)               : MemWrite :  D=0x0000000000000063 A=0x71969
2595000: system.cpu: T0 : 0x105f6    : lw a5, -20(s0)             : MemRead :  D=0x0000000000000001 A=0x7ffffffffffffdcc
2595500: system.cpu: T0 : 0x105fa    : c_addiw a5, 1              : IntAlu :  D=0x0000000000000002
2596000: system.cpu: T0 : 0x105fc    : sw a5, -20(s0)             : MemWrite :  D=0x0000000000000002 A=0x7ffffffffffffdcc
2596500: system.cpu: T0 : 0x10600    : lw a4, -20(s0)             : MemRead :  D=0x0000000000000002 A=0x7ffffffffffffdcc
2597000: system.cpu: T0 : 0x10604    : lw a5, -44(s0)             : MemRead :  D=0x0000000000000064 A=0x7ffffffffffffdb4
2597500: system.cpu: T0 : 0x10608    : c_addiw a4, 0              : IntAlu :  D=0x0000000000000002
2598000: system.cpu: T0 : 0x1060a    : c_addiw a5, 0              : IntAlu :  D=0x0000000000000064
2598500: system.cpu: T0 : 0x1060c    : blt a4, a5, -60            : IntAlu : 
2599000: system.cpu: T0 : 0x105d0    : lw a5, -44(s0)             : MemRead :  D=0x0000000000000064 A=0x7ffffffffffffdb4
2599500: system.cpu: T0 : 0x105d4    : andi a3, a5, 255           : IntAlu :  D=0x0000000000000064
2600000: system.cpu: T0 : 0x105d8    : lw a5, -20(s0)             : MemRead :  D=0x0000000000000002 A=0x7ffffffffffffdcc
2600500: system.cpu: T0 : 0x105dc    : andi a4, a5, 255           : IntAlu :  D=0x0000000000000002
2601000: system.cpu: T0 : 0x105e0    : lw a5, -20(s0)             : MemRead :  D=0x0000000000000002 A=0x7ffffffffffffdcc
2601500: system.cpu: T0 : 0x105e4    : ld a2, -40(s0)             : MemRead :  D=0x0000000000071968 A=0x7ffffffffffffdb8
2602000: system.cpu: T0 : 0x105e8    : c_add a5, a2               : IntAlu :  D=0x000000000007196a
2603000: system.cpu: T0 : 0x105ea    : subw a4, a3, a4            : IntAlu :  D=0x0000000000000062
2604000: system.cpu: T0 : 0x105ee    : andi a4, a4, 255           : IntAlu :  D=0x0000000000000062
2605000: system.cpu: T0 : 0x105f2    : sb a4, 0(a5)               : MemWrite :  D=0x0000000000000062 A=0x7196a
2606000: system.cpu: T0 : 0x105f6    : lw a5, -20(s0)             : MemRead :  D=0x0000000000000002 A=0x7ffffffffffffdcc
2606500: system.cpu: T0 : 0x105fa    : c_addiw a5, 1              : IntAlu :  D=0x0000000000000003
2607000: system.cpu: T0 : 0x105fc    : sw a5, -20(s0)             : MemWrite :  D=0x0000000000000003 A=0x7ffffffffffffdcc
2607500: system.cpu: T0 : 0x10600    : lw a4, -20(s0)             : MemRead :  D=0x0000000000000003 A=0x7ffffffffffffdcc
2608000: system.cpu: T0 : 0x10604    : lw a5, -44(s0)             : MemRead :  D=0x0000000000000064 A=0x7ffffffffffffdb4
2608500: system.cpu: T0 : 0x10608    : c_addiw a4, 0              : IntAlu :  D=0x0000000000000003
2609000: system.cpu: T0 : 0x1060a    : c_addiw a5, 0              : IntAlu :  D=0x0000000000000064
2609500: system.cpu: T0 : 0x1060c    : blt a4, a5, -60            : IntAlu : 
2610000: system.cpu: T0 : 0x105d0    : lw a5, -44(s0)             : MemRead :  D=0x0000000000000064 A=0x7ffffffffffffdb4
2610500: system.cpu: T0 : 0x105d4    : andi a3, a5, 255           : IntAlu :  D=0x0000000000000064
2611000: system.cpu: T0 : 0x105d8    : lw a5, -20(s0)             : MemRead :  D=0x0000000000000003 A=0x7ffffffffffffdcc
2611500: system.cpu: T0 : 0x105dc    : andi a4, a5, 255           : IntAlu :  D=0x0000000000000003
2612000: system.cpu: T0 : 0x105e0    : lw a5, -20(s0)             : MemRead :  D=0x0000000000000003 A=0x7ffffffffffffdcc
2612500: system.cpu: T0 : 0x105e4    : ld a2, -40(s0)             : MemRead :  D=0x0000000000071968 A=0x7ffffffffffffdb8
2613000: system.cpu: T0 : 0x105e8    : c_add a5, a2               : IntAlu :  D=0x000000000007196b
2614000: system.cpu: T0 : 0x105ea    : subw a4, a3, a4            : IntAlu :  D=0x0000000000000061
2615000: system.cpu: T0 : 0x105ee    : andi a4, a4, 255           : IntAlu :  D=0x0000000000000061
2616000: system.cpu: T0 : 0x105f2    : sb a4, 0(a5)               : MemWrite :  D=0x0000000000000061 A=0x7196b
2617000: system.cpu: T0 : 0x105f6    : lw a5, -20(s0)             : MemRead :  D=0x0000000000000003 A=0x7ffffffffffffdcc
2617500: system.cpu: T0 : 0x105fa    : c_addiw a5, 1              : IntAlu :  D=0x0000000000000004
2618000: system.cpu: T0 : 0x105fc    : sw a5, -20(s0)             : MemWrite :  D=0x0000000000000004 A=0x7ffffffffffffdcc
2618500: system.cpu: T0 : 0x10600    : lw a4, -20(s0)             : MemRead :  D=0x0000000000000004 A=0x7ffffffffffffdcc
2619000: system.cpu: T0 : 0x10604    : lw a5, -44(s0)             : MemRead :  D=0x0000000000000064 A=0x7ffffffffffffdb4
2619500: system.cpu: T0 : 0x10608    : c_addiw a4, 0              : IntAlu :  D=0x0000000000000004
2620000: system.cpu: T0 : 0x1060a    : c_addiw a5, 0              : IntAlu :  D=0x0000000000000064
2620500: system.cpu: T0 : 0x1060c    : blt a4, a5, -60            : IntAlu : 
2621000: system.cpu: T0 : 0x105d0    : lw a5, -44(s0)             : MemRead :  D=0x0000000000000064 A=0x7ffffffffffffdb4
2621500: system.cpu: T0 : 0x105d4    : andi a3, a5, 255           : IntAlu :  D=0x0000000000000064
2622000: system.cpu: T0 : 0x105d8    : lw a5, -20(s0)             : MemRead :  D=0x0000000000000004 A=0x7ffffffffffffdcc
2622500: system.cpu: T0 : 0x105dc    : andi a4, a5, 255           : IntAlu :  D=0x0000000000000004
2623000: system.cpu: T0 : 0x105e0    : lw a5, -20(s0)             : MemRead :  D=0x0000000000000004 A=0x7ffffffffffffdcc
2623500: system.cpu: T0 : 0x105e4    : ld a2, -40(s0)             : MemRead :  D=0x0000000000071968 A=0x7ffffffffffffdb8
2624000: system.cpu: T0 : 0x105e8    : c_add a5, a2               : IntAlu :  D=0x000000000007196c
2625000: system.cpu: T0 : 0x105ea    : subw a4, a3, a4            : IntAlu :  D=0x0000000000000060
2626000: system.cpu: T0 : 0x105ee    : andi a4, a4, 255           : IntAlu :  D=0x0000000000000060
2627000: system.cpu: T0 : 0x105f2    : sb a4, 0(a5)               : MemWrite :  D=0x0000000000000060 A=0x7196c
2628000: system.cpu: T0 : 0x105f6    : lw a5, -20(s0)             : MemRead :  D=0x0000000000000004 A=0x7ffffffffffffdcc
2628500: system.cpu: T0 : 0x105fa    : c_addiw a5, 1              : IntAlu :  D=0x0000000000000005
2629000: system.cpu: T0 : 0x105fc    : sw a5, -20(s0)             : MemWrite :  D=0x0000000000000005 A=0x7ffffffffffffdcc
2629500: system.cpu: T0 : 0x10600    : lw a4, -20(s0)             : MemRead :  D=0x0000000000000005 A=0x7ffffffffffffdcc
2630000: system.cpu: T0 : 0x10604    : lw a5, -44(s0)             : MemRead :  D=0x0000000000000064 A=0x7ffffffffffffdb4
2630500: system.cpu: T0 : 0x10608    : c_addiw a4, 0              : IntAlu :  D=0x0000000000000005
2631000: system.cpu: T0 : 0x1060a    : c_addiw a5, 0              : IntAlu :  D=0x0000000000000064
2631500: system.cpu: T0 : 0x1060c    : blt a4, a5, -60            : IntAlu : 
2632000: system.cpu: T0 : 0x105d0    : lw a5, -44(s0)             : MemRead :  D=0x0000000000000064 A=0x7ffffffffffffdb4
2632500: system.cpu: T0 : 0x105d4    : andi a3, a5, 255           : IntAlu :  D=0x0000000000000064
2633000: system.cpu: T0 : 0x105d8    : lw a5, -20(s0)             : MemRead :  D=0x0000000000000005 A=0x7ffffffffffffdcc
2633500: system.cpu: T0 : 0x105dc    : andi a4, a5, 255           : IntAlu :  D=0x0000000000000005
2634000: system.cpu: T0 : 0x105e0    : lw a5, -20(s0)             : MemRead :  D=0x0000000000000005 A=0x7ffffffffffffdcc
2634500: system.cpu: T0 : 0x105e4    : ld a2, -40(s0)             : MemRead :  D=0x0000000000071968 A=0x7ffffffffffffdb8
2635000: system.cpu: T0 : 0x105e8    : c_add a5, a2               : IntAlu :  D=0x000000000007196d
2636000: system.cpu: T0 : 0x105ea    : subw a4, a3, a4            : IntAlu :  D=0x000000000000005f
2637000: system.cpu: T0 : 0x105ee    : andi a4, a4, 255           : IntAlu :  D=0x000000000000005f
2638000: system.cpu: T0 : 0x105f2    : sb a4, 0(a5)               : MemWrite :  D=0x000000000000005f A=0x7196d
2639000: system.cpu: T0 : 0x105f6    : lw a5, -20(s0)             : MemRead :  D=0x0000000000000005 A=0x7ffffffffffffdcc
2639500: system.cpu: T0 : 0x105fa    : c_addiw a5, 1              : IntAlu :  D=0x0000000000000006
2640000: system.cpu: T0 : 0x105fc    : sw a5, -20(s0)             : MemWrite :  D=0x0000000000000006 A=0x7ffffffffffffdcc
2640500: system.cpu: T0 : 0x10600    : lw a4, -20(s0)             : MemRead :  D=0x0000000000000006 A=0x7ffffffffffffdcc
2641000: system.cpu: T0 : 0x10604    : lw a5, -44(s0)             : MemRead :  D=0x0000000000000064 A=0x7ffffffffffffdb4
2641500: system.cpu: T0 : 0x10608    : c_addiw a4, 0              : IntAlu :  D=0x0000000000000006
2642000: system.cpu: T0 : 0x1060a    : c_addiw a5, 0              : IntAlu :  D=0x0000000000000064
2642500: system.cpu: T0 : 0x1060c    : blt a4, a5, -60            : IntAlu : 
2643000: system.cpu: T0 : 0x105d0    : lw a5, -44(s0)             : MemRead :  D=0x0000000000000064 A=0x7ffffffffffffdb4
2643500: system.cpu: T0 : 0x105d4    : andi a3, a5, 255           : IntAlu :  D=0x0000000000000064
2644000: system.cpu: T0 : 0x105d8    : lw a5, -20(s0)             : MemRead :  D=0x0000000000000006 A=0x7ffffffffffffdcc
2644500: system.cpu: T0 : 0x105dc    : andi a4, a5, 255           : IntAlu :  D=0x0000000000000006
2645000: system.cpu: T0 : 0x105e0    : lw a5, -20(s0)             : MemRead :  D=0x0000000000000006 A=0x7ffffffffffffdcc
2645500: system.cpu: T0 : 0x105e4    : ld a2, -40(s0)             : MemRead :  D=0x0000000000071968 A=0x7ffffffffffffdb8
2646000: system.cpu: T0 : 0x105e8    : c_add a5, a2               : IntAlu :  D=0x000000000007196e
2647000: system.cpu: T0 : 0x105ea    : subw a4, a3, a4            : IntAlu :  D=0x000000000000005e
2648000: system.cpu: T0 : 0x105ee    : andi a4, a4, 255           : IntAlu :  D=0x000000000000005e
2649000: system.cpu: T0 : 0x105f2    : sb a4, 0(a5)               : MemWrite :  D=0x000000000000005e A=0x7196e
2650000: system.cpu: T0 : 0x105f6    : lw a5, -20(s0)             : MemRead :  D=0x0000000000000006 A=0x7ffffffffffffdcc
2650500: system.cpu: T0 : 0x105fa    : c_addiw a5, 1              : IntAlu :  D=0x0000000000000007
2651000: system.cpu: T0 : 0x105fc    : sw a5, -20(s0)             : MemWrite :  D=0x0000000000000007 A=0x7ffffffffffffdcc
2651500: system.cpu: T0 : 0x10600    : lw a4, -20(s0)             : MemRead :  D=0x0000000000000007 A=0x7ffffffffffffdcc
2652000: system.cpu: T0 : 0x10604    : lw a5, -44(s0)             : MemRead :  D=0x0000000000000064 A=0x7ffffffffffffdb4
2652500: system.cpu: T0 : 0x10608    : c_addiw a4, 0              : IntAlu :  D=0x0000000000000007
2653000: system.cpu: T0 : 0x1060a    : c_addiw a5, 0              : IntAlu :  D=0x0000000000000064
2653500: system.cpu: T0 : 0x1060c    : blt a4, a5, -60            : IntAlu : 
2654000: system.cpu: T0 : 0x105d0    : lw a5, -44(s0)             : MemRead :  D=0x0000000000000064 A=0x7ffffffffffffdb4
2654500: system.cpu: T0 : 0x105d4    : andi a3, a5, 255           : IntAlu :  D=0x0000000000000064
2655000: system.cpu: T0 : 0x105d8    : lw a5, -20(s0)             : MemRead :  D=0x0000000000000007 A=0x7ffffffffffffdcc
2655500: system.cpu: T0 : 0x105dc    : andi a4, a5, 255           : IntAlu :  D=0x0000000000000007
2656000: system.cpu: T0 : 0x105e0    : lw a5, -20(s0)             : MemRead :  D=0x0000000000000007 A=0x7ffffffffffffdcc
2656500: system.cpu: T0 : 0x105e4    : ld a2, -40(s0)             : MemRead :  D=0x0000000000071968 A=0x7ffffffffffffdb8
2657000: system.cpu: T0 : 0x105e8    : c_add a5, a2               : IntAlu :  D=0x000000000007196f
2658000: system.cpu: T0 : 0x105ea    : subw a4, a3, a4            : IntAlu :  D=0x000000000000005d
2659000: system.cpu: T0 : 0x105ee    : andi a4, a4, 255           : IntAlu :  D=0x000000000000005d
2660000: system.cpu: T0 : 0x105f2    : sb a4, 0(a5)               : MemWrite :  D=0x000000000000005d A=0x7196f
2661000: system.cpu: T0 : 0x105f6    : lw a5, -20(s0)             : MemRead :  D=0x0000000000000007 A=0x7ffffffffffffdcc
2661500: system.cpu: T0 : 0x105fa    : c_addiw a5, 1              : IntAlu :  D=0x0000000000000008
2662000: system.cpu: T0 : 0x105fc    : sw a5, -20(s0)             : MemWrite :  D=0x0000000000000008 A=0x7ffffffffffffdcc
2662500: system.cpu: T0 : 0x10600    : lw a4, -20(s0)             : MemRead :  D=0x0000000000000008 A=0x7ffffffffffffdcc
2663000: system.cpu: T0 : 0x10604    : lw a5, -44(s0)             : MemRead :  D=0x0000000000000064 A=0x7ffffffffffffdb4
2663500: system.cpu: T0 : 0x10608    : c_addiw a4, 0              : IntAlu :  D=0x0000000000000008
2664000: system.cpu: T0 : 0x1060a    : c_addiw a5, 0              : IntAlu :  D=0x0000000000000064
2664500: system.cpu: T0 : 0x1060c    : blt a4, a5, -60            : IntAlu : 
2665000: system.cpu: T0 : 0x105d0    : lw a5, -44(s0)             : MemRead :  D=0x0000000000000064 A=0x7ffffffffffffdb4
2665500: system.cpu: T0 : 0x105d4    : andi a3, a5, 255           : IntAlu :  D=0x0000000000000064
2666000: system.cpu: T0 : 0x105d8    : lw a5, -20(s0)             : MemRead :  D=0x0000000000000008 A=0x7ffffffffffffdcc
2666500: system.cpu: T0 : 0x105dc    : andi a4, a5, 255           : IntAlu :  D=0x0000000000000008
2667000: system.cpu: T0 : 0x105e0    : lw a5, -20(s0)             : MemRead :  D=0x0000000000000008 A=0x7ffffffffffffdcc
2667500: system.cpu: T0 : 0x105e4    : ld a2, -40(s0)             : MemRead :  D=0x0000000000071968 A=0x7ffffffffffffdb8
2668000: system.cpu: T0 : 0x105e8    : c_add a5, a2               : IntAlu :  D=0x0000000000071970
2669000: system.cpu: T0 : 0x105ea    : subw a4, a3, a4            : IntAlu :  D=0x000000000000005c
2670000: system.cpu: T0 : 0x105ee    : andi a4, a4, 255           : IntAlu :  D=0x000000000000005c
2671000: system.cpu: T0 : 0x105f2    : sb a4, 0(a5)               : MemWrite :  D=0x000000000000005c A=0x71970
2672000: system.cpu: T0 : 0x105f6    : lw a5, -20(s0)             : MemRead :  D=0x0000000000000008 A=0x7ffffffffffffdcc
2672500: system.cpu: T0 : 0x105fa    : c_addiw a5, 1              : IntAlu :  D=0x0000000000000009
2673000: system.cpu: T0 : 0x105fc    : sw a5, -20(s0)             : MemWrite :  D=0x0000000000000009 A=0x7ffffffffffffdcc
2673500: system.cpu: T0 : 0x10600    : lw a4, -20(s0)             : MemRead :  D=0x0000000000000009 A=0x7ffffffffffffdcc
2674000: system.cpu: T0 : 0x10604    : lw a5, -44(s0)             : MemRead :  D=0x0000000000000064 A=0x7ffffffffffffdb4
2674500: system.cpu: T0 : 0x10608    : c_addiw a4, 0              : IntAlu :  D=0x0000000000000009
2675000: system.cpu: T0 : 0x1060a    : c_addiw a5, 0              : IntAlu :  D=0x0000000000000064
2675500: system.cpu: T0 : 0x1060c    : blt a4, a5, -60            : IntAlu : 
2676000: system.cpu: T0 : 0x105d0    : lw a5, -44(s0)             : MemRead :  D=0x0000000000000064 A=0x7ffffffffffffdb4
2676500: system.cpu: T0 : 0x105d4    : andi a3, a5, 255           : IntAlu :  D=0x0000000000000064
2677000: system.cpu: T0 : 0x105d8    : lw a5, -20(s0)             : MemRead :  D=0x0000000000000009 A=0x7ffffffffffffdcc
2677500: system.cpu: T0 : 0x105dc    : andi a4, a5, 255           : IntAlu :  D=0x0000000000000009
2678000: system.cpu: T0 : 0x105e0    : lw a5, -20(s0)             : MemRead :  D=0x0000000000000009 A=0x7ffffffffffffdcc
2678500: system.cpu: T0 : 0x105e4    : ld a2, -40(s0)             : MemRead :  D=0x0000000000071968 A=0x7ffffffffffffdb8
2679000: system.cpu: T0 : 0x105e8    : c_add a5, a2               : IntAlu :  D=0x0000000000071971
2680000: system.cpu: T0 : 0x105ea    : subw a4, a3, a4            : IntAlu :  D=0x000000000000005b
2681000: system.cpu: T0 : 0x105ee    : andi a4, a4, 255           : IntAlu :  D=0x000000000000005b
2682000: system.cpu: T0 : 0x105f2    : sb a4, 0(a5)               : MemWrite :  D=0x000000000000005b A=0x71971
2683000: system.cpu: T0 : 0x105f6    : lw a5, -20(s0)             : MemRead :  D=0x0000000000000009 A=0x7ffffffffffffdcc
2683500: system.cpu: T0 : 0x105fa    : c_addiw a5, 1              : IntAlu :  D=0x000000000000000a
2684000: system.cpu: T0 : 0x105fc    : sw a5, -20(s0)             : MemWrite :  D=0x000000000000000a A=0x7ffffffffffffdcc
2684500: system.cpu: T0 : 0x10600    : lw a4, -20(s0)             : MemRead :  D=0x000000000000000a A=0x7ffffffffffffdcc
2685000: system.cpu: T0 : 0x10604    : lw a5, -44(s0)             : MemRead :  D=0x0000000000000064 A=0x7ffffffffffffdb4
2685500: system.cpu: T0 : 0x10608    : c_addiw a4, 0              : IntAlu :  D=0x000000000000000a
2686000: system.cpu: T0 : 0x1060a    : c_addiw a5, 0              : IntAlu :  D=0x0000000000000064
2686500: system.cpu: T0 : 0x1060c    : blt a4, a5, -60            : IntAlu : 
2687000: system.cpu: T0 : 0x105d0    : lw a5, -44(s0)             : MemRead :  D=0x0000000000000064 A=0x7ffffffffffffdb4
2687500: system.cpu: T0 : 0x105d4    : andi a3, a5, 255           : IntAlu :  D=0x0000000000000064
2688000: system.cpu: T0 : 0x105d8    : lw a5, -20(s0)             : MemRead :  D=0x000000000000000a A=0x7ffffffffffffdcc
2688500: system.cpu: T0 : 0x105dc    : andi a4, a5, 255           : IntAlu :  D=0x000000000000000a
2689000: system.cpu: T0 : 0x105e0    : lw a5, -20(s0)             : MemRead :  D=0x000000000000000a A=0x7ffffffffffffdcc
2689500: system.cpu: T0 : 0x105e4    : ld a2, -40(s0)             : MemRead :  D=0x0000000000071968 A=0x7ffffffffffffdb8
2690000: system.cpu: T0 : 0x105e8    : c_add a5, a2               : IntAlu :  D=0x0000000000071972
2691000: system.cpu: T0 : 0x105ea    : subw a4, a3, a4            : IntAlu :  D=0x000000000000005a
2692000: system.cpu: T0 : 0x105ee    : andi a4, a4, 255           : IntAlu :  D=0x000000000000005a
2693000: system.cpu: T0 : 0x105f2    : sb a4, 0(a5)               : MemWrite :  D=0x000000000000005a A=0x71972
2694000: system.cpu: T0 : 0x105f6    : lw a5, -20(s0)             : MemRead :  D=0x000000000000000a A=0x7ffffffffffffdcc
2694500: system.cpu: T0 : 0x105fa    : c_addiw a5, 1              : IntAlu :  D=0x000000000000000b
2695000: system.cpu: T0 : 0x105fc    : sw a5, -20(s0)             : MemWrite :  D=0x000000000000000b A=0x7ffffffffffffdcc
2695500: system.cpu: T0 : 0x10600    : lw a4, -20(s0)             : MemRead :  D=0x000000000000000b A=0x7ffffffffffffdcc
2696000: system.cpu: T0 : 0x10604    : lw a5, -44(s0)             : MemRead :  D=0x0000000000000064 A=0x7ffffffffffffdb4
2696500: system.cpu: T0 : 0x10608    : c_addiw a4, 0              : IntAlu :  D=0x000000000000000b
2697000: system.cpu: T0 : 0x1060a    : c_addiw a5, 0              : IntAlu :  D=0x0000000000000064
2697500: system.cpu: T0 : 0x1060c    : blt a4, a5, -60            : IntAlu : 
2698000: system.cpu: T0 : 0x105d0    : lw a5, -44(s0)             : MemRead :  D=0x0000000000000064 A=0x7ffffffffffffdb4
2698500: system.cpu: T0 : 0x105d4    : andi a3, a5, 255           : IntAlu :  D=0x0000000000000064
2699000: system.cpu: T0 : 0x105d8    : lw a5, -20(s0)             : MemRead :  D=0x000000000000000b A=0x7ffffffffffffdcc
2699500: system.cpu: T0 : 0x105dc    : andi a4, a5, 255           : IntAlu :  D=0x000000000000000b
2700000: system.cpu: T0 : 0x105e0    : lw a5, -20(s0)             : MemRead :  D=0x000000000000000b A=0x7ffffffffffffdcc
2700500: system.cpu: T0 : 0x105e4    : ld a2, -40(s0)             : MemRead :  D=0x0000000000071968 A=0x7ffffffffffffdb8
2701000: system.cpu: T0 : 0x105e8    : c_add a5, a2               : IntAlu :  D=0x0000000000071973
2702000: system.cpu: T0 : 0x105ea    : subw a4, a3, a4            : IntAlu :  D=0x0000000000000059
2703000: system.cpu: T0 : 0x105ee    : andi a4, a4, 255           : IntAlu :  D=0x0000000000000059
2704000: system.cpu: T0 : 0x105f2    : sb a4, 0(a5)               : MemWrite :  D=0x0000000000000059 A=0x71973
2705000: system.cpu: T0 : 0x105f6    : lw a5, -20(s0)             : MemRead :  D=0x000000000000000b A=0x7ffffffffffffdcc
2705500: system.cpu: T0 : 0x105fa    : c_addiw a5, 1              : IntAlu :  D=0x000000000000000c
2706000: system.cpu: T0 : 0x105fc    : sw a5, -20(s0)             : MemWrite :  D=0x000000000000000c A=0x7ffffffffffffdcc
2706500: system.cpu: T0 : 0x10600    : lw a4, -20(s0)             : MemRead :  D=0x000000000000000c A=0x7ffffffffffffdcc
2707000: system.cpu: T0 : 0x10604    : lw a5, -44(s0)             : MemRead :  D=0x0000000000000064 A=0x7ffffffffffffdb4
2707500: system.cpu: T0 : 0x10608    : c_addiw a4, 0              : IntAlu :  D=0x000000000000000c
2708000: system.cpu: T0 : 0x1060a    : c_addiw a5, 0              : IntAlu :  D=0x0000000000000064
2708500: system.cpu: T0 : 0x1060c    : blt a4, a5, -60            : IntAlu : 
2709000: system.cpu: T0 : 0x105d0    : lw a5, -44(s0)             : MemRead :  D=0x0000000000000064 A=0x7ffffffffffffdb4
2709500: system.cpu: T0 : 0x105d4    : andi a3, a5, 255           : IntAlu :  D=0x0000000000000064
2710000: system.cpu: T0 : 0x105d8    : lw a5, -20(s0)             : MemRead :  D=0x000000000000000c A=0x7ffffffffffffdcc
2710500: system.cpu: T0 : 0x105dc    : andi a4, a5, 255           : IntAlu :  D=0x000000000000000c
2711000: system.cpu: T0 : 0x105e0    : lw a5, -20(s0)             : MemRead :  D=0x000000000000000c A=0x7ffffffffffffdcc
2711500: system.cpu: T0 : 0x105e4    : ld a2, -40(s0)             : MemRead :  D=0x0000000000071968 A=0x7ffffffffffffdb8
2712000: system.cpu: T0 : 0x105e8    : c_add a5, a2               : IntAlu :  D=0x0000000000071974
2713000: system.cpu: T0 : 0x105ea    : subw a4, a3, a4            : IntAlu :  D=0x0000000000000058
2714000: system.cpu: T0 : 0x105ee    : andi a4, a4, 255           : IntAlu :  D=0x0000000000000058
2715000: system.cpu: T0 : 0x105f2    : sb a4, 0(a5)               : MemWrite :  D=0x0000000000000058 A=0x71974
2716000: system.cpu: T0 : 0x105f6    : lw a5, -20(s0)             : MemRead :  D=0x000000000000000c A=0x7ffffffffffffdcc
2716500: system.cpu: T0 : 0x105fa    : c_addiw a5, 1              : IntAlu :  D=0x000000000000000d
2717000: system.cpu: T0 : 0x105fc    : sw a5, -20(s0)             : MemWrite :  D=0x000000000000000d A=0x7ffffffffffffdcc
2717500: system.cpu: T0 : 0x10600    : lw a4, -20(s0)             : MemRead :  D=0x000000000000000d A=0x7ffffffffffffdcc
2718000: system.cpu: T0 : 0x10604    : lw a5, -44(s0)             : MemRead :  D=0x0000000000000064 A=0x7ffffffffffffdb4
2718500: system.cpu: T0 : 0x10608    : c_addiw a4, 0              : IntAlu :  D=0x000000000000000d
2719000: system.cpu: T0 : 0x1060a    : c_addiw a5, 0              : IntAlu :  D=0x0000000000000064
2719500: system.cpu: T0 : 0x1060c    : blt a4, a5, -60            : IntAlu : 
2720000: system.cpu: T0 : 0x105d0    : lw a5, -44(s0)             : MemRead :  D=0x0000000000000064 A=0x7ffffffffffffdb4
2720500: system.cpu: T0 : 0x105d4    : andi a3, a5, 255           : IntAlu :  D=0x0000000000000064
2721000: system.cpu: T0 : 0x105d8    : lw a5, -20(s0)             : MemRead :  D=0x000000000000000d A=0x7ffffffffffffdcc
2721500: system.cpu: T0 : 0x105dc    : andi a4, a5, 255           : IntAlu :  D=0x000000000000000d
2722000: system.cpu: T0 : 0x105e0    : lw a5, -20(s0)             : MemRead :  D=0x000000000000000d A=0x7ffffffffffffdcc
2722500: system.cpu: T0 : 0x105e4    : ld a2, -40(s0)             : MemRead :  D=0x0000000000071968 A=0x7ffffffffffffdb8
2723000: system.cpu: T0 : 0x105e8    : c_add a5, a2               : IntAlu :  D=0x0000000000071975
2724000: system.cpu: T0 : 0x105ea    : subw a4, a3, a4            : IntAlu :  D=0x0000000000000057
2725000: system.cpu: T0 : 0x105ee    : andi a4, a4, 255           : IntAlu :  D=0x0000000000000057
2726000: system.cpu: T0 : 0x105f2    : sb a4, 0(a5)               : MemWrite :  D=0x0000000000000057 A=0x71975
2727000: system.cpu: T0 : 0x105f6    : lw a5, -20(s0)             : MemRead :  D=0x000000000000000d A=0x7ffffffffffffdcc
2727500: system.cpu: T0 : 0x105fa    : c_addiw a5, 1              : IntAlu :  D=0x000000000000000e
2728000: system.cpu: T0 : 0x105fc    : sw a5, -20(s0)             : MemWrite :  D=0x000000000000000e A=0x7ffffffffffffdcc
2728500: system.cpu: T0 : 0x10600    : lw a4, -20(s0)             : MemRead :  D=0x000000000000000e A=0x7ffffffffffffdcc
2729000: system.cpu: T0 : 0x10604    : lw a5, -44(s0)             : MemRead :  D=0x0000000000000064 A=0x7ffffffffffffdb4
2729500: system.cpu: T0 : 0x10608    : c_addiw a4, 0              : IntAlu :  D=0x000000000000000e
2730000: system.cpu: T0 : 0x1060a    : c_addiw a5, 0              : IntAlu :  D=0x0000000000000064
2730500: system.cpu: T0 : 0x1060c    : blt a4, a5, -60            : IntAlu : 
2731000: system.cpu: T0 : 0x105d0    : lw a5, -44(s0)             : MemRead :  D=0x0000000000000064 A=0x7ffffffffffffdb4
2731500: system.cpu: T0 : 0x105d4    : andi a3, a5, 255           : IntAlu :  D=0x0000000000000064
2732000: system.cpu: T0 : 0x105d8    : lw a5, -20(s0)             : MemRead :  D=0x000000000000000e A=0x7ffffffffffffdcc
2732500: system.cpu: T0 : 0x105dc    : andi a4, a5, 255           : IntAlu :  D=0x000000000000000e
2733000: system.cpu: T0 : 0x105e0    : lw a5, -20(s0)             : MemRead :  D=0x000000000000000e A=0x7ffffffffffffdcc
2733500: system.cpu: T0 : 0x105e4    : ld a2, -40(s0)             : MemRead :  D=0x0000000000071968 A=0x7ffffffffffffdb8
2734000: system.cpu: T0 : 0x105e8    : c_add a5, a2               : IntAlu :  D=0x0000000000071976
2735000: system.cpu: T0 : 0x105ea    : subw a4, a3, a4            : IntAlu :  D=0x0000000000000056
2736000: system.cpu: T0 : 0x105ee    : andi a4, a4, 255           : IntAlu :  D=0x0000000000000056
2737000: system.cpu: T0 : 0x105f2    : sb a4, 0(a5)               : MemWrite :  D=0x0000000000000056 A=0x71976
2738000: system.cpu: T0 : 0x105f6    : lw a5, -20(s0)             : MemRead :  D=0x000000000000000e A=0x7ffffffffffffdcc
2738500: system.cpu: T0 : 0x105fa    : c_addiw a5, 1              : IntAlu :  D=0x000000000000000f
2739000: system.cpu: T0 : 0x105fc    : sw a5, -20(s0)             : MemWrite :  D=0x000000000000000f A=0x7ffffffffffffdcc
2739500: system.cpu: T0 : 0x10600    : lw a4, -20(s0)             : MemRead :  D=0x000000000000000f A=0x7ffffffffffffdcc
2740000: system.cpu: T0 : 0x10604    : lw a5, -44(s0)             : MemRead :  D=0x0000000000000064 A=0x7ffffffffffffdb4
2740500: system.cpu: T0 : 0x10608    : c_addiw a4, 0              : IntAlu :  D=0x000000000000000f
2741000: system.cpu: T0 : 0x1060a    : c_addiw a5, 0              : IntAlu :  D=0x0000000000000064
2741500: system.cpu: T0 : 0x1060c    : blt a4, a5, -60            : IntAlu : 
2742000: system.cpu: T0 : 0x105d0    : lw a5, -44(s0)             : MemRead :  D=0x0000000000000064 A=0x7ffffffffffffdb4
2742500: system.cpu: T0 : 0x105d4    : andi a3, a5, 255           : IntAlu :  D=0x0000000000000064
2743000: system.cpu: T0 : 0x105d8    : lw a5, -20(s0)             : MemRead :  D=0x000000000000000f A=0x7ffffffffffffdcc
2743500: system.cpu: T0 : 0x105dc    : andi a4, a5, 255           : IntAlu :  D=0x000000000000000f
2744000: system.cpu: T0 : 0x105e0    : lw a5, -20(s0)             : MemRead :  D=0x000000000000000f A=0x7ffffffffffffdcc
2744500: system.cpu: T0 : 0x105e4    : ld a2, -40(s0)             : MemRead :  D=0x0000000000071968 A=0x7ffffffffffffdb8
2745000: system.cpu: T0 : 0x105e8    : c_add a5, a2               : IntAlu :  D=0x0000000000071977
2746000: system.cpu: T0 : 0x105ea    : subw a4, a3, a4            : IntAlu :  D=0x0000000000000055
2747000: system.cpu: T0 : 0x105ee    : andi a4, a4, 255           : IntAlu :  D=0x0000000000000055
2748000: system.cpu: T0 : 0x105f2    : sb a4, 0(a5)               : MemWrite :  D=0x0000000000000055 A=0x71977
2749000: system.cpu: T0 : 0x105f6    : lw a5, -20(s0)             : MemRead :  D=0x000000000000000f A=0x7ffffffffffffdcc
2749500: system.cpu: T0 : 0x105fa    : c_addiw a5, 1              : IntAlu :  D=0x0000000000000010
2750000: system.cpu: T0 : 0x105fc    : sw a5, -20(s0)             : MemWrite :  D=0x0000000000000010 A=0x7ffffffffffffdcc
2750500: system.cpu: T0 : 0x10600    : lw a4, -20(s0)             : MemRead :  D=0x0000000000000010 A=0x7ffffffffffffdcc
2751000: system.cpu: T0 : 0x10604    : lw a5, -44(s0)             : MemRead :  D=0x0000000000000064 A=0x7ffffffffffffdb4
2751500: system.cpu: T0 : 0x10608    : c_addiw a4, 0              : IntAlu :  D=0x0000000000000010
2752000: system.cpu: T0 : 0x1060a    : c_addiw a5, 0              : IntAlu :  D=0x0000000000000064
2752500: system.cpu: T0 : 0x1060c    : blt a4, a5, -60            : IntAlu : 
2753000: system.cpu: T0 : 0x105d0    : lw a5, -44(s0)             : MemRead :  D=0x0000000000000064 A=0x7ffffffffffffdb4
2753500: system.cpu: T0 : 0x105d4    : andi a3, a5, 255           : IntAlu :  D=0x0000000000000064
2754000: system.cpu: T0 : 0x105d8    : lw a5, -20(s0)             : MemRead :  D=0x0000000000000010 A=0x7ffffffffffffdcc
2754500: system.cpu: T0 : 0x105dc    : andi a4, a5, 255           : IntAlu :  D=0x0000000000000010
2755000: system.cpu: T0 : 0x105e0    : lw a5, -20(s0)             : MemRead :  D=0x0000000000000010 A=0x7ffffffffffffdcc
2755500: system.cpu: T0 : 0x105e4    : ld a2, -40(s0)             : MemRead :  D=0x0000000000071968 A=0x7ffffffffffffdb8
2756000: system.cpu: T0 : 0x105e8    : c_add a5, a2               : IntAlu :  D=0x0000000000071978
2757000: system.cpu: T0 : 0x105ea    : subw a4, a3, a4            : IntAlu :  D=0x0000000000000054
2758000: system.cpu: T0 : 0x105ee    : andi a4, a4, 255           : IntAlu :  D=0x0000000000000054
2759000: system.cpu: T0 : 0x105f2    : sb a4, 0(a5)               : MemWrite :  D=0x0000000000000054 A=0x71978
2760000: system.cpu: T0 : 0x105f6    : lw a5, -20(s0)             : MemRead :  D=0x0000000000000010 A=0x7ffffffffffffdcc
2760500: system.cpu: T0 : 0x105fa    : c_addiw a5, 1              : IntAlu :  D=0x0000000000000011
2761000: system.cpu: T0 : 0x105fc    : sw a5, -20(s0)             : MemWrite :  D=0x0000000000000011 A=0x7ffffffffffffdcc
2761500: system.cpu: T0 : 0x10600    : lw a4, -20(s0)             : MemRead :  D=0x0000000000000011 A=0x7ffffffffffffdcc
2762000: system.cpu: T0 : 0x10604    : lw a5, -44(s0)             : MemRead :  D=0x0000000000000064 A=0x7ffffffffffffdb4
2762500: system.cpu: T0 : 0x10608    : c_addiw a4, 0              : IntAlu :  D=0x0000000000000011
2763000: system.cpu: T0 : 0x1060a    : c_addiw a5, 0              : IntAlu :  D=0x0000000000000064
2763500: system.cpu: T0 : 0x1060c    : blt a4, a5, -60            : IntAlu : 
2764000: system.cpu: T0 : 0x105d0    : lw a5, -44(s0)             : MemRead :  D=0x0000000000000064 A=0x7ffffffffffffdb4
2764500: system.cpu: T0 : 0x105d4    : andi a3, a5, 255           : IntAlu :  D=0x0000000000000064
2765000: system.cpu: T0 : 0x105d8    : lw a5, -20(s0)             : MemRead :  D=0x0000000000000011 A=0x7ffffffffffffdcc
2765500: system.cpu: T0 : 0x105dc    : andi a4, a5, 255           : IntAlu :  D=0x0000000000000011
2766000: system.cpu: T0 : 0x105e0    : lw a5, -20(s0)             : MemRead :  D=0x0000000000000011 A=0x7ffffffffffffdcc
2766500: system.cpu: T0 : 0x105e4    : ld a2, -40(s0)             : MemRead :  D=0x0000000000071968 A=0x7ffffffffffffdb8
2767000: system.cpu: T0 : 0x105e8    : c_add a5, a2               : IntAlu :  D=0x0000000000071979
2768000: system.cpu: T0 : 0x105ea    : subw a4, a3, a4            : IntAlu :  D=0x0000000000000053
2769000: system.cpu: T0 : 0x105ee    : andi a4, a4, 255           : IntAlu :  D=0x0000000000000053
2770000: system.cpu: T0 : 0x105f2    : sb a4, 0(a5)               : MemWrite :  D=0x0000000000000053 A=0x71979
2771000: system.cpu: T0 : 0x105f6    : lw a5, -20(s0)             : MemRead :  D=0x0000000000000011 A=0x7ffffffffffffdcc
2771500: system.cpu: T0 : 0x105fa    : c_addiw a5, 1              : IntAlu :  D=0x0000000000000012
2772000: system.cpu: T0 : 0x105fc    : sw a5, -20(s0)             : MemWrite :  D=0x0000000000000012 A=0x7ffffffffffffdcc
2772500: system.cpu: T0 : 0x10600    : lw a4, -20(s0)             : MemRead :  D=0x0000000000000012 A=0x7ffffffffffffdcc
2773000: system.cpu: T0 : 0x10604    : lw a5, -44(s0)             : MemRead :  D=0x0000000000000064 A=0x7ffffffffffffdb4
2773500: system.cpu: T0 : 0x10608    : c_addiw a4, 0              : IntAlu :  D=0x0000000000000012
2774000: system.cpu: T0 : 0x1060a    : c_addiw a5, 0              : IntAlu :  D=0x0000000000000064
2774500: system.cpu: T0 : 0x1060c    : blt a4, a5, -60            : IntAlu : 
2775000: system.cpu: T0 : 0x105d0    : lw a5, -44(s0)             : MemRead :  D=0x0000000000000064 A=0x7ffffffffffffdb4
2775500: system.cpu: T0 : 0x105d4    : andi a3, a5, 255           : IntAlu :  D=0x0000000000000064
2776000: system.cpu: T0 : 0x105d8    : lw a5, -20(s0)             : MemRead :  D=0x0000000000000012 A=0x7ffffffffffffdcc
2776500: system.cpu: T0 : 0x105dc    : andi a4, a5, 255           : IntAlu :  D=0x0000000000000012
2777000: system.cpu: T0 : 0x105e0    : lw a5, -20(s0)             : MemRead :  D=0x0000000000000012 A=0x7ffffffffffffdcc
2777500: system.cpu: T0 : 0x105e4    : ld a2, -40(s0)             : MemRead :  D=0x0000000000071968 A=0x7ffffffffffffdb8
2778000: system.cpu: T0 : 0x105e8    : c_add a5, a2               : IntAlu :  D=0x000000000007197a
2779000: system.cpu: T0 : 0x105ea    : subw a4, a3, a4            : IntAlu :  D=0x0000000000000052
2780000: system.cpu: T0 : 0x105ee    : andi a4, a4, 255           : IntAlu :  D=0x0000000000000052
2781000: system.cpu: T0 : 0x105f2    : sb a4, 0(a5)               : MemWrite :  D=0x0000000000000052 A=0x7197a
2782000: system.cpu: T0 : 0x105f6    : lw a5, -20(s0)             : MemRead :  D=0x0000000000000012 A=0x7ffffffffffffdcc
2782500: system.cpu: T0 : 0x105fa    : c_addiw a5, 1              : IntAlu :  D=0x0000000000000013
2783000: system.cpu: T0 : 0x105fc    : sw a5, -20(s0)             : MemWrite :  D=0x0000000000000013 A=0x7ffffffffffffdcc
2783500: system.cpu: T0 : 0x10600    : lw a4, -20(s0)             : MemRead :  D=0x0000000000000013 A=0x7ffffffffffffdcc
2784000: system.cpu: T0 : 0x10604    : lw a5, -44(s0)             : MemRead :  D=0x0000000000000064 A=0x7ffffffffffffdb4
2784500: system.cpu: T0 : 0x10608    : c_addiw a4, 0              : IntAlu :  D=0x0000000000000013
2785000: system.cpu: T0 : 0x1060a    : c_addiw a5, 0              : IntAlu :  D=0x0000000000000064
2785500: system.cpu: T0 : 0x1060c    : blt a4, a5, -60            : IntAlu : 
2786000: system.cpu: T0 : 0x105d0    : lw a5, -44(s0)             : MemRead :  D=0x0000000000000064 A=0x7ffffffffffffdb4
2786500: system.cpu: T0 : 0x105d4    : andi a3, a5, 255           : IntAlu :  D=0x0000000000000064
2787000: system.cpu: T0 : 0x105d8    : lw a5, -20(s0)             : MemRead :  D=0x0000000000000013 A=0x7ffffffffffffdcc
2787500: system.cpu: T0 : 0x105dc    : andi a4, a5, 255           : IntAlu :  D=0x0000000000000013
2788000: system.cpu: T0 : 0x105e0    : lw a5, -20(s0)             : MemRead :  D=0x0000000000000013 A=0x7ffffffffffffdcc
2788500: system.cpu: T0 : 0x105e4    : ld a2, -40(s0)             : MemRead :  D=0x0000000000071968 A=0x7ffffffffffffdb8
2789000: system.cpu: T0 : 0x105e8    : c_add a5, a2               : IntAlu :  D=0x000000000007197b
2790000: system.cpu: T0 : 0x105ea    : subw a4, a3, a4            : IntAlu :  D=0x0000000000000051
2791000: system.cpu: T0 : 0x105ee    : andi a4, a4, 255           : IntAlu :  D=0x0000000000000051
2792000: system.cpu: T0 : 0x105f2    : sb a4, 0(a5)               : MemWrite :  D=0x0000000000000051 A=0x7197b
2793000: system.cpu: T0 : 0x105f6    : lw a5, -20(s0)             : MemRead :  D=0x0000000000000013 A=0x7ffffffffffffdcc
2793500: system.cpu: T0 : 0x105fa    : c_addiw a5, 1              : IntAlu :  D=0x0000000000000014
2794000: system.cpu: T0 : 0x105fc    : sw a5, -20(s0)             : MemWrite :  D=0x0000000000000014 A=0x7ffffffffffffdcc
2794500: system.cpu: T0 : 0x10600    : lw a4, -20(s0)             : MemRead :  D=0x0000000000000014 A=0x7ffffffffffffdcc
2795000: system.cpu: T0 : 0x10604    : lw a5, -44(s0)             : MemRead :  D=0x0000000000000064 A=0x7ffffffffffffdb4
2795500: system.cpu: T0 : 0x10608    : c_addiw a4, 0              : IntAlu :  D=0x0000000000000014
2796000: system.cpu: T0 : 0x1060a    : c_addiw a5, 0              : IntAlu :  D=0x0000000000000064
2796500: system.cpu: T0 : 0x1060c    : blt a4, a5, -60            : IntAlu : 
2797000: system.cpu: T0 : 0x105d0    : lw a5, -44(s0)             : MemRead :  D=0x0000000000000064 A=0x7ffffffffffffdb4
2797500: system.cpu: T0 : 0x105d4    : andi a3, a5, 255           : IntAlu :  D=0x0000000000000064
2798000: system.cpu: T0 : 0x105d8    : lw a5, -20(s0)             : MemRead :  D=0x0000000000000014 A=0x7ffffffffffffdcc
2798500: system.cpu: T0 : 0x105dc    : andi a4, a5, 255           : IntAlu :  D=0x0000000000000014
2799000: system.cpu: T0 : 0x105e0    : lw a5, -20(s0)             : MemRead :  D=0x0000000000000014 A=0x7ffffffffffffdcc
2799500: system.cpu: T0 : 0x105e4    : ld a2, -40(s0)             : MemRead :  D=0x0000000000071968 A=0x7ffffffffffffdb8
2800000: system.cpu: T0 : 0x105e8    : c_add a5, a2               : IntAlu :  D=0x000000000007197c
2801000: system.cpu: T0 : 0x105ea    : subw a4, a3, a4            : IntAlu :  D=0x0000000000000050
2802000: system.cpu: T0 : 0x105ee    : andi a4, a4, 255           : IntAlu :  D=0x0000000000000050
2803000: system.cpu: T0 : 0x105f2    : sb a4, 0(a5)               : MemWrite :  D=0x0000000000000050 A=0x7197c
2804000: system.cpu: T0 : 0x105f6    : lw a5, -20(s0)             : MemRead :  D=0x0000000000000014 A=0x7ffffffffffffdcc
2804500: system.cpu: T0 : 0x105fa    : c_addiw a5, 1              : IntAlu :  D=0x0000000000000015
2805000: system.cpu: T0 : 0x105fc    : sw a5, -20(s0)             : MemWrite :  D=0x0000000000000015 A=0x7ffffffffffffdcc
2805500: system.cpu: T0 : 0x10600    : lw a4, -20(s0)             : MemRead :  D=0x0000000000000015 A=0x7ffffffffffffdcc
2806000: system.cpu: T0 : 0x10604    : lw a5, -44(s0)             : MemRead :  D=0x0000000000000064 A=0x7ffffffffffffdb4
2806500: system.cpu: T0 : 0x10608    : c_addiw a4, 0              : IntAlu :  D=0x0000000000000015
2807000: system.cpu: T0 : 0x1060a    : c_addiw a5, 0              : IntAlu :  D=0x0000000000000064
2807500: system.cpu: T0 : 0x1060c    : blt a4, a5, -60            : IntAlu : 
2808000: system.cpu: T0 : 0x105d0    : lw a5, -44(s0)             : MemRead :  D=0x0000000000000064 A=0x7ffffffffffffdb4
2808500: system.cpu: T0 : 0x105d4    : andi a3, a5, 255           : IntAlu :  D=0x0000000000000064
2809000: system.cpu: T0 : 0x105d8    : lw a5, -20(s0)             : MemRead :  D=0x0000000000000015 A=0x7ffffffffffffdcc
2809500: system.cpu: T0 : 0x105dc    : andi a4, a5, 255           : IntAlu :  D=0x0000000000000015
2810000: system.cpu: T0 : 0x105e0    : lw a5, -20(s0)             : MemRead :  D=0x0000000000000015 A=0x7ffffffffffffdcc
2810500: system.cpu: T0 : 0x105e4    : ld a2, -40(s0)             : MemRead :  D=0x0000000000071968 A=0x7ffffffffffffdb8
2811000: system.cpu: T0 : 0x105e8    : c_add a5, a2               : IntAlu :  D=0x000000000007197d
2812000: system.cpu: T0 : 0x105ea    : subw a4, a3, a4            : IntAlu :  D=0x000000000000004f
2813000: system.cpu: T0 : 0x105ee    : andi a4, a4, 255           : IntAlu :  D=0x000000000000004f
2814000: system.cpu: T0 : 0x105f2    : sb a4, 0(a5)               : MemWrite :  D=0x000000000000004f A=0x7197d
2815000: system.cpu: T0 : 0x105f6    : lw a5, -20(s0)             : MemRead :  D=0x0000000000000015 A=0x7ffffffffffffdcc
2815500: system.cpu: T0 : 0x105fa    : c_addiw a5, 1              : IntAlu :  D=0x0000000000000016
2816000: system.cpu: T0 : 0x105fc    : sw a5, -20(s0)             : MemWrite :  D=0x0000000000000016 A=0x7ffffffffffffdcc
2816500: system.cpu: T0 : 0x10600    : lw a4, -20(s0)             : MemRead :  D=0x0000000000000016 A=0x7ffffffffffffdcc
2817000: system.cpu: T0 : 0x10604    : lw a5, -44(s0)             : MemRead :  D=0x0000000000000064 A=0x7ffffffffffffdb4
2817500: system.cpu: T0 : 0x10608    : c_addiw a4, 0              : IntAlu :  D=0x0000000000000016
2818000: system.cpu: T0 : 0x1060a    : c_addiw a5, 0              : IntAlu :  D=0x0000000000000064
2818500: system.cpu: T0 : 0x1060c    : blt a4, a5, -60            : IntAlu : 
2819000: system.cpu: T0 : 0x105d0    : lw a5, -44(s0)             : MemRead :  D=0x0000000000000064 A=0x7ffffffffffffdb4
2819500: system.cpu: T0 : 0x105d4    : andi a3, a5, 255           : IntAlu :  D=0x0000000000000064
2820000: system.cpu: T0 : 0x105d8    : lw a5, -20(s0)             : MemRead :  D=0x0000000000000016 A=0x7ffffffffffffdcc
2820500: system.cpu: T0 : 0x105dc    : andi a4, a5, 255           : IntAlu :  D=0x0000000000000016
2821000: system.cpu: T0 : 0x105e0    : lw a5, -20(s0)             : MemRead :  D=0x0000000000000016 A=0x7ffffffffffffdcc
2821500: system.cpu: T0 : 0x105e4    : ld a2, -40(s0)             : MemRead :  D=0x0000000000071968 A=0x7ffffffffffffdb8
2822000: system.cpu: T0 : 0x105e8    : c_add a5, a2               : IntAlu :  D=0x000000000007197e
2823000: system.cpu: T0 : 0x105ea    : subw a4, a3, a4            : IntAlu :  D=0x000000000000004e
2824000: system.cpu: T0 : 0x105ee    : andi a4, a4, 255           : IntAlu :  D=0x000000000000004e
2825000: system.cpu: T0 : 0x105f2    : sb a4, 0(a5)               : MemWrite :  D=0x000000000000004e A=0x7197e
2826000: system.cpu: T0 : 0x105f6    : lw a5, -20(s0)             : MemRead :  D=0x0000000000000016 A=0x7ffffffffffffdcc
2826500: system.cpu: T0 : 0x105fa    : c_addiw a5, 1              : IntAlu :  D=0x0000000000000017
2827000: system.cpu: T0 : 0x105fc    : sw a5, -20(s0)             : MemWrite :  D=0x0000000000000017 A=0x7ffffffffffffdcc
2827500: system.cpu: T0 : 0x10600    : lw a4, -20(s0)             : MemRead :  D=0x0000000000000017 A=0x7ffffffffffffdcc
2828000: system.cpu: T0 : 0x10604    : lw a5, -44(s0)             : MemRead :  D=0x0000000000000064 A=0x7ffffffffffffdb4
2828500: system.cpu: T0 : 0x10608    : c_addiw a4, 0              : IntAlu :  D=0x0000000000000017
2829000: system.cpu: T0 : 0x1060a    : c_addiw a5, 0              : IntAlu :  D=0x0000000000000064
2829500: system.cpu: T0 : 0x1060c    : blt a4, a5, -60            : IntAlu : 
2830000: system.cpu: T0 : 0x105d0    : lw a5, -44(s0)             : MemRead :  D=0x0000000000000064 A=0x7ffffffffffffdb4
2830500: system.cpu: T0 : 0x105d4    : andi a3, a5, 255           : IntAlu :  D=0x0000000000000064
2831000: system.cpu: T0 : 0x105d8    : lw a5, -20(s0)             : MemRead :  D=0x0000000000000017 A=0x7ffffffffffffdcc
2831500: system.cpu: T0 : 0x105dc    : andi a4, a5, 255           : IntAlu :  D=0x0000000000000017
2832000: system.cpu: T0 : 0x105e0    : lw a5, -20(s0)             : MemRead :  D=0x0000000000000017 A=0x7ffffffffffffdcc
2832500: system.cpu: T0 : 0x105e4    : ld a2, -40(s0)             : MemRead :  D=0x0000000000071968 A=0x7ffffffffffffdb8
2833000: system.cpu: T0 : 0x105e8    : c_add a5, a2               : IntAlu :  D=0x000000000007197f
2834000: system.cpu: T0 : 0x105ea    : subw a4, a3, a4            : IntAlu :  D=0x000000000000004d
2835000: system.cpu: T0 : 0x105ee    : andi a4, a4, 255           : IntAlu :  D=0x000000000000004d
2836000: system.cpu: T0 : 0x105f2    : sb a4, 0(a5)               : MemWrite :  D=0x000000000000004d A=0x7197f
2837000: system.cpu: T0 : 0x105f6    : lw a5, -20(s0)             : MemRead :  D=0x0000000000000017 A=0x7ffffffffffffdcc
2837500: system.cpu: T0 : 0x105fa    : c_addiw a5, 1              : IntAlu :  D=0x0000000000000018
2838000: system.cpu: T0 : 0x105fc    : sw a5, -20(s0)             : MemWrite :  D=0x0000000000000018 A=0x7ffffffffffffdcc
2838500: system.cpu: T0 : 0x10600    : lw a4, -20(s0)             : MemRead :  D=0x0000000000000018 A=0x7ffffffffffffdcc
2839000: system.cpu: T0 : 0x10604    : lw a5, -44(s0)             : MemRead :  D=0x0000000000000064 A=0x7ffffffffffffdb4
2839500: system.cpu: T0 : 0x10608    : c_addiw a4, 0              : IntAlu :  D=0x0000000000000018
2840000: system.cpu: T0 : 0x1060a    : c_addiw a5, 0              : IntAlu :  D=0x0000000000000064
2840500: system.cpu: T0 : 0x1060c    : blt a4, a5, -60            : IntAlu : 
2841000: system.cpu: T0 : 0x105d0    : lw a5, -44(s0)             : MemRead :  D=0x0000000000000064 A=0x7ffffffffffffdb4
2841500: system.cpu: T0 : 0x105d4    : andi a3, a5, 255           : IntAlu :  D=0x0000000000000064
2842000: system.cpu: T0 : 0x105d8    : lw a5, -20(s0)             : MemRead :  D=0x0000000000000018 A=0x7ffffffffffffdcc
2842500: system.cpu: T0 : 0x105dc    : andi a4, a5, 255           : IntAlu :  D=0x0000000000000018
2843000: system.cpu: T0 : 0x105e0    : lw a5, -20(s0)             : MemRead :  D=0x0000000000000018 A=0x7ffffffffffffdcc
2843500: system.cpu: T0 : 0x105e4    : ld a2, -40(s0)             : MemRead :  D=0x0000000000071968 A=0x7ffffffffffffdb8
2844000: system.cpu: T0 : 0x105e8    : c_add a5, a2               : IntAlu :  D=0x0000000000071980
2845000: system.cpu: T0 : 0x105ea    : subw a4, a3, a4            : IntAlu :  D=0x000000000000004c
2846000: system.cpu: T0 : 0x105ee    : andi a4, a4, 255           : IntAlu :  D=0x000000000000004c
2847000: system.cpu: T0 : 0x105f2    : sb a4, 0(a5)               : MemWrite :  D=0x000000000000004c A=0x71980
2848000: system.cpu: T0 : 0x105f6    : lw a5, -20(s0)             : MemRead :  D=0x0000000000000018 A=0x7ffffffffffffdcc
2848500: system.cpu: T0 : 0x105fa    : c_addiw a5, 1              : IntAlu :  D=0x0000000000000019
2849000: system.cpu: T0 : 0x105fc    : sw a5, -20(s0)             : MemWrite :  D=0x0000000000000019 A=0x7ffffffffffffdcc
2849500: system.cpu: T0 : 0x10600    : lw a4, -20(s0)             : MemRead :  D=0x0000000000000019 A=0x7ffffffffffffdcc
2850000: system.cpu: T0 : 0x10604    : lw a5, -44(s0)             : MemRead :  D=0x0000000000000064 A=0x7ffffffffffffdb4
2850500: system.cpu: T0 : 0x10608    : c_addiw a4, 0              : IntAlu :  D=0x0000000000000019
2851000: system.cpu: T0 : 0x1060a    : c_addiw a5, 0              : IntAlu :  D=0x0000000000000064
2851500: system.cpu: T0 : 0x1060c    : blt a4, a5, -60            : IntAlu : 
2852000: system.cpu: T0 : 0x105d0    : lw a5, -44(s0)             : MemRead :  D=0x0000000000000064 A=0x7ffffffffffffdb4
2852500: system.cpu: T0 : 0x105d4    : andi a3, a5, 255           : IntAlu :  D=0x0000000000000064
2853000: system.cpu: T0 : 0x105d8    : lw a5, -20(s0)             : MemRead :  D=0x0000000000000019 A=0x7ffffffffffffdcc
2853500: system.cpu: T0 : 0x105dc    : andi a4, a5, 255           : IntAlu :  D=0x0000000000000019
2854000: system.cpu: T0 : 0x105e0    : lw a5, -20(s0)             : MemRead :  D=0x0000000000000019 A=0x7ffffffffffffdcc
2854500: system.cpu: T0 : 0x105e4    : ld a2, -40(s0)             : MemRead :  D=0x0000000000071968 A=0x7ffffffffffffdb8
2855000: system.cpu: T0 : 0x105e8    : c_add a5, a2               : IntAlu :  D=0x0000000000071981
2856000: system.cpu: T0 : 0x105ea    : subw a4, a3, a4            : IntAlu :  D=0x000000000000004b
2857000: system.cpu: T0 : 0x105ee    : andi a4, a4, 255           : IntAlu :  D=0x000000000000004b
2858000: system.cpu: T0 : 0x105f2    : sb a4, 0(a5)               : MemWrite :  D=0x000000000000004b A=0x71981
2859000: system.cpu: T0 : 0x105f6    : lw a5, -20(s0)             : MemRead :  D=0x0000000000000019 A=0x7ffffffffffffdcc
2859500: system.cpu: T0 : 0x105fa    : c_addiw a5, 1              : IntAlu :  D=0x000000000000001a
2860000: system.cpu: T0 : 0x105fc    : sw a5, -20(s0)             : MemWrite :  D=0x000000000000001a A=0x7ffffffffffffdcc
2860500: system.cpu: T0 : 0x10600    : lw a4, -20(s0)             : MemRead :  D=0x000000000000001a A=0x7ffffffffffffdcc
2861000: system.cpu: T0 : 0x10604    : lw a5, -44(s0)             : MemRead :  D=0x0000000000000064 A=0x7ffffffffffffdb4
2861500: system.cpu: T0 : 0x10608    : c_addiw a4, 0              : IntAlu :  D=0x000000000000001a
2862000: system.cpu: T0 : 0x1060a    : c_addiw a5, 0              : IntAlu :  D=0x0000000000000064
2862500: system.cpu: T0 : 0x1060c    : blt a4, a5, -60            : IntAlu : 
2863000: system.cpu: T0 : 0x105d0    : lw a5, -44(s0)             : MemRead :  D=0x0000000000000064 A=0x7ffffffffffffdb4
2863500: system.cpu: T0 : 0x105d4    : andi a3, a5, 255           : IntAlu :  D=0x0000000000000064
2864000: system.cpu: T0 : 0x105d8    : lw a5, -20(s0)             : MemRead :  D=0x000000000000001a A=0x7ffffffffffffdcc
2864500: system.cpu: T0 : 0x105dc    : andi a4, a5, 255           : IntAlu :  D=0x000000000000001a
2865000: system.cpu: T0 : 0x105e0    : lw a5, -20(s0)             : MemRead :  D=0x000000000000001a A=0x7ffffffffffffdcc
2865500: system.cpu: T0 : 0x105e4    : ld a2, -40(s0)             : MemRead :  D=0x0000000000071968 A=0x7ffffffffffffdb8
2866000: system.cpu: T0 : 0x105e8    : c_add a5, a2               : IntAlu :  D=0x0000000000071982
2867000: system.cpu: T0 : 0x105ea    : subw a4, a3, a4            : IntAlu :  D=0x000000000000004a
2868000: system.cpu: T0 : 0x105ee    : andi a4, a4, 255           : IntAlu :  D=0x000000000000004a
2869000: system.cpu: T0 : 0x105f2    : sb a4, 0(a5)               : MemWrite :  D=0x000000000000004a A=0x71982
2870000: system.cpu: T0 : 0x105f6    : lw a5, -20(s0)             : MemRead :  D=0x000000000000001a A=0x7ffffffffffffdcc
2870500: system.cpu: T0 : 0x105fa    : c_addiw a5, 1              : IntAlu :  D=0x000000000000001b
2871000: system.cpu: T0 : 0x105fc    : sw a5, -20(s0)             : MemWrite :  D=0x000000000000001b A=0x7ffffffffffffdcc
2871500: system.cpu: T0 : 0x10600    : lw a4, -20(s0)             : MemRead :  D=0x000000000000001b A=0x7ffffffffffffdcc
2872000: system.cpu: T0 : 0x10604    : lw a5, -44(s0)             : MemRead :  D=0x0000000000000064 A=0x7ffffffffffffdb4
2872500: system.cpu: T0 : 0x10608    : c_addiw a4, 0              : IntAlu :  D=0x000000000000001b
2873000: system.cpu: T0 : 0x1060a    : c_addiw a5, 0              : IntAlu :  D=0x0000000000000064
2873500: system.cpu: T0 : 0x1060c    : blt a4, a5, -60            : IntAlu : 
2874000: system.cpu: T0 : 0x105d0    : lw a5, -44(s0)             : MemRead :  D=0x0000000000000064 A=0x7ffffffffffffdb4
2874500: system.cpu: T0 : 0x105d4    : andi a3, a5, 255           : IntAlu :  D=0x0000000000000064
2875000: system.cpu: T0 : 0x105d8    : lw a5, -20(s0)             : MemRead :  D=0x000000000000001b A=0x7ffffffffffffdcc
2875500: system.cpu: T0 : 0x105dc    : andi a4, a5, 255           : IntAlu :  D=0x000000000000001b
2876000: system.cpu: T0 : 0x105e0    : lw a5, -20(s0)             : MemRead :  D=0x000000000000001b A=0x7ffffffffffffdcc
2876500: system.cpu: T0 : 0x105e4    : ld a2, -40(s0)             : MemRead :  D=0x0000000000071968 A=0x7ffffffffffffdb8
2877000: system.cpu: T0 : 0x105e8    : c_add a5, a2               : IntAlu :  D=0x0000000000071983
2878000: system.cpu: T0 : 0x105ea    : subw a4, a3, a4            : IntAlu :  D=0x0000000000000049
2879000: system.cpu: T0 : 0x105ee    : andi a4, a4, 255           : IntAlu :  D=0x0000000000000049
2880000: system.cpu: T0 : 0x105f2    : sb a4, 0(a5)               : MemWrite :  D=0x0000000000000049 A=0x71983
2881000: system.cpu: T0 : 0x105f6    : lw a5, -20(s0)             : MemRead :  D=0x000000000000001b A=0x7ffffffffffffdcc
2881500: system.cpu: T0 : 0x105fa    : c_addiw a5, 1              : IntAlu :  D=0x000000000000001c
2882000: system.cpu: T0 : 0x105fc    : sw a5, -20(s0)             : MemWrite :  D=0x000000000000001c A=0x7ffffffffffffdcc
2882500: system.cpu: T0 : 0x10600    : lw a4, -20(s0)             : MemRead :  D=0x000000000000001c A=0x7ffffffffffffdcc
2883000: system.cpu: T0 : 0x10604    : lw a5, -44(s0)             : MemRead :  D=0x0000000000000064 A=0x7ffffffffffffdb4
2883500: system.cpu: T0 : 0x10608    : c_addiw a4, 0              : IntAlu :  D=0x000000000000001c
2884000: system.cpu: T0 : 0x1060a    : c_addiw a5, 0              : IntAlu :  D=0x0000000000000064
2884500: system.cpu: T0 : 0x1060c    : blt a4, a5, -60            : IntAlu : 
2885000: system.cpu: T0 : 0x105d0    : lw a5, -44(s0)             : MemRead :  D=0x0000000000000064 A=0x7ffffffffffffdb4
2885500: system.cpu: T0 : 0x105d4    : andi a3, a5, 255           : IntAlu :  D=0x0000000000000064
2886000: system.cpu: T0 : 0x105d8    : lw a5, -20(s0)             : MemRead :  D=0x000000000000001c A=0x7ffffffffffffdcc
2886500: system.cpu: T0 : 0x105dc    : andi a4, a5, 255           : IntAlu :  D=0x000000000000001c
2887000: system.cpu: T0 : 0x105e0    : lw a5, -20(s0)             : MemRead :  D=0x000000000000001c A=0x7ffffffffffffdcc
2887500: system.cpu: T0 : 0x105e4    : ld a2, -40(s0)             : MemRead :  D=0x0000000000071968 A=0x7ffffffffffffdb8
2888000: system.cpu: T0 : 0x105e8    : c_add a5, a2               : IntAlu :  D=0x0000000000071984
2889000: system.cpu: T0 : 0x105ea    : subw a4, a3, a4            : IntAlu :  D=0x0000000000000048
2890000: system.cpu: T0 : 0x105ee    : andi a4, a4, 255           : IntAlu :  D=0x0000000000000048
2891000: system.cpu: T0 : 0x105f2    : sb a4, 0(a5)               : MemWrite :  D=0x0000000000000048 A=0x71984
2892000: system.cpu: T0 : 0x105f6    : lw a5, -20(s0)             : MemRead :  D=0x000000000000001c A=0x7ffffffffffffdcc
2892500: system.cpu: T0 : 0x105fa    : c_addiw a5, 1              : IntAlu :  D=0x000000000000001d
2893000: system.cpu: T0 : 0x105fc    : sw a5, -20(s0)             : MemWrite :  D=0x000000000000001d A=0x7ffffffffffffdcc
2893500: system.cpu: T0 : 0x10600    : lw a4, -20(s0)             : MemRead :  D=0x000000000000001d A=0x7ffffffffffffdcc
2894000: system.cpu: T0 : 0x10604    : lw a5, -44(s0)             : MemRead :  D=0x0000000000000064 A=0x7ffffffffffffdb4
2894500: system.cpu: T0 : 0x10608    : c_addiw a4, 0              : IntAlu :  D=0x000000000000001d
2895000: system.cpu: T0 : 0x1060a    : c_addiw a5, 0              : IntAlu :  D=0x0000000000000064
2895500: system.cpu: T0 : 0x1060c    : blt a4, a5, -60            : IntAlu : 
2896000: system.cpu: T0 : 0x105d0    : lw a5, -44(s0)             : MemRead :  D=0x0000000000000064 A=0x7ffffffffffffdb4
2896500: system.cpu: T0 : 0x105d4    : andi a3, a5, 255           : IntAlu :  D=0x0000000000000064
2897000: system.cpu: T0 : 0x105d8    : lw a5, -20(s0)             : MemRead :  D=0x000000000000001d A=0x7ffffffffffffdcc
2897500: system.cpu: T0 : 0x105dc    : andi a4, a5, 255           : IntAlu :  D=0x000000000000001d
2898000: system.cpu: T0 : 0x105e0    : lw a5, -20(s0)             : MemRead :  D=0x000000000000001d A=0x7ffffffffffffdcc
2898500: system.cpu: T0 : 0x105e4    : ld a2, -40(s0)             : MemRead :  D=0x0000000000071968 A=0x7ffffffffffffdb8
2899000: system.cpu: T0 : 0x105e8    : c_add a5, a2               : IntAlu :  D=0x0000000000071985
2900000: system.cpu: T0 : 0x105ea    : subw a4, a3, a4            : IntAlu :  D=0x0000000000000047
2901000: system.cpu: T0 : 0x105ee    : andi a4, a4, 255           : IntAlu :  D=0x0000000000000047
2902000: system.cpu: T0 : 0x105f2    : sb a4, 0(a5)               : MemWrite :  D=0x0000000000000047 A=0x71985
2903000: system.cpu: T0 : 0x105f6    : lw a5, -20(s0)             : MemRead :  D=0x000000000000001d A=0x7ffffffffffffdcc
2903500: system.cpu: T0 : 0x105fa    : c_addiw a5, 1              : IntAlu :  D=0x000000000000001e
2904000: system.cpu: T0 : 0x105fc    : sw a5, -20(s0)             : MemWrite :  D=0x000000000000001e A=0x7ffffffffffffdcc
2904500: system.cpu: T0 : 0x10600    : lw a4, -20(s0)             : MemRead :  D=0x000000000000001e A=0x7ffffffffffffdcc
2905000: system.cpu: T0 : 0x10604    : lw a5, -44(s0)             : MemRead :  D=0x0000000000000064 A=0x7ffffffffffffdb4
2905500: system.cpu: T0 : 0x10608    : c_addiw a4, 0              : IntAlu :  D=0x000000000000001e
2906000: system.cpu: T0 : 0x1060a    : c_addiw a5, 0              : IntAlu :  D=0x0000000000000064
2906500: system.cpu: T0 : 0x1060c    : blt a4, a5, -60            : IntAlu : 
2907000: system.cpu: T0 : 0x105d0    : lw a5, -44(s0)             : MemRead :  D=0x0000000000000064 A=0x7ffffffffffffdb4
2907500: system.cpu: T0 : 0x105d4    : andi a3, a5, 255           : IntAlu :  D=0x0000000000000064
2908000: system.cpu: T0 : 0x105d8    : lw a5, -20(s0)             : MemRead :  D=0x000000000000001e A=0x7ffffffffffffdcc
2908500: system.cpu: T0 : 0x105dc    : andi a4, a5, 255           : IntAlu :  D=0x000000000000001e
2909000: system.cpu: T0 : 0x105e0    : lw a5, -20(s0)             : MemRead :  D=0x000000000000001e A=0x7ffffffffffffdcc
2909500: system.cpu: T0 : 0x105e4    : ld a2, -40(s0)             : MemRead :  D=0x0000000000071968 A=0x7ffffffffffffdb8
2910000: system.cpu: T0 : 0x105e8    : c_add a5, a2               : IntAlu :  D=0x0000000000071986
2911000: system.cpu: T0 : 0x105ea    : subw a4, a3, a4            : IntAlu :  D=0x0000000000000046
2912000: system.cpu: T0 : 0x105ee    : andi a4, a4, 255           : IntAlu :  D=0x0000000000000046
2913000: system.cpu: T0 : 0x105f2    : sb a4, 0(a5)               : MemWrite :  D=0x0000000000000046 A=0x71986
2914000: system.cpu: T0 : 0x105f6    : lw a5, -20(s0)             : MemRead :  D=0x000000000000001e A=0x7ffffffffffffdcc
2914500: system.cpu: T0 : 0x105fa    : c_addiw a5, 1              : IntAlu :  D=0x000000000000001f
2915000: system.cpu: T0 : 0x105fc    : sw a5, -20(s0)             : MemWrite :  D=0x000000000000001f A=0x7ffffffffffffdcc
2915500: system.cpu: T0 : 0x10600    : lw a4, -20(s0)             : MemRead :  D=0x000000000000001f A=0x7ffffffffffffdcc
2916000: system.cpu: T0 : 0x10604    : lw a5, -44(s0)             : MemRead :  D=0x0000000000000064 A=0x7ffffffffffffdb4
2916500: system.cpu: T0 : 0x10608    : c_addiw a4, 0              : IntAlu :  D=0x000000000000001f
2917000: system.cpu: T0 : 0x1060a    : c_addiw a5, 0              : IntAlu :  D=0x0000000000000064
2917500: system.cpu: T0 : 0x1060c    : blt a4, a5, -60            : IntAlu : 
2918000: system.cpu: T0 : 0x105d0    : lw a5, -44(s0)             : MemRead :  D=0x0000000000000064 A=0x7ffffffffffffdb4
2918500: system.cpu: T0 : 0x105d4    : andi a3, a5, 255           : IntAlu :  D=0x0000000000000064
2919000: system.cpu: T0 : 0x105d8    : lw a5, -20(s0)             : MemRead :  D=0x000000000000001f A=0x7ffffffffffffdcc
2919500: system.cpu: T0 : 0x105dc    : andi a4, a5, 255           : IntAlu :  D=0x000000000000001f
2920000: system.cpu: T0 : 0x105e0    : lw a5, -20(s0)             : MemRead :  D=0x000000000000001f A=0x7ffffffffffffdcc
2920500: system.cpu: T0 : 0x105e4    : ld a2, -40(s0)             : MemRead :  D=0x0000000000071968 A=0x7ffffffffffffdb8
2921000: system.cpu: T0 : 0x105e8    : c_add a5, a2               : IntAlu :  D=0x0000000000071987
2922000: system.cpu: T0 : 0x105ea    : subw a4, a3, a4            : IntAlu :  D=0x0000000000000045
2923000: system.cpu: T0 : 0x105ee    : andi a4, a4, 255           : IntAlu :  D=0x0000000000000045
2924000: system.cpu: T0 : 0x105f2    : sb a4, 0(a5)               : MemWrite :  D=0x0000000000000045 A=0x71987
2925000: system.cpu: T0 : 0x105f6    : lw a5, -20(s0)             : MemRead :  D=0x000000000000001f A=0x7ffffffffffffdcc
2925500: system.cpu: T0 : 0x105fa    : c_addiw a5, 1              : IntAlu :  D=0x0000000000000020
2926000: system.cpu: T0 : 0x105fc    : sw a5, -20(s0)             : MemWrite :  D=0x0000000000000020 A=0x7ffffffffffffdcc
2926500: system.cpu: T0 : 0x10600    : lw a4, -20(s0)             : MemRead :  D=0x0000000000000020 A=0x7ffffffffffffdcc
2927000: system.cpu: T0 : 0x10604    : lw a5, -44(s0)             : MemRead :  D=0x0000000000000064 A=0x7ffffffffffffdb4
2927500: system.cpu: T0 : 0x10608    : c_addiw a4, 0              : IntAlu :  D=0x0000000000000020
2928000: system.cpu: T0 : 0x1060a    : c_addiw a5, 0              : IntAlu :  D=0x0000000000000064
2928500: system.cpu: T0 : 0x1060c    : blt a4, a5, -60            : IntAlu : 
2929000: system.cpu: T0 : 0x105d0    : lw a5, -44(s0)             : MemRead :  D=0x0000000000000064 A=0x7ffffffffffffdb4
2929500: system.cpu: T0 : 0x105d4    : andi a3, a5, 255           : IntAlu :  D=0x0000000000000064
2930000: system.cpu: T0 : 0x105d8    : lw a5, -20(s0)             : MemRead :  D=0x0000000000000020 A=0x7ffffffffffffdcc
2930500: system.cpu: T0 : 0x105dc    : andi a4, a5, 255           : IntAlu :  D=0x0000000000000020
2931000: system.cpu: T0 : 0x105e0    : lw a5, -20(s0)             : MemRead :  D=0x0000000000000020 A=0x7ffffffffffffdcc
2931500: system.cpu: T0 : 0x105e4    : ld a2, -40(s0)             : MemRead :  D=0x0000000000071968 A=0x7ffffffffffffdb8
2932000: system.cpu: T0 : 0x105e8    : c_add a5, a2               : IntAlu :  D=0x0000000000071988
2933000: system.cpu: T0 : 0x105ea    : subw a4, a3, a4            : IntAlu :  D=0x0000000000000044
2934000: system.cpu: T0 : 0x105ee    : andi a4, a4, 255           : IntAlu :  D=0x0000000000000044
2935000: system.cpu: T0 : 0x105f2    : sb a4, 0(a5)               : MemWrite :  D=0x0000000000000044 A=0x71988
2936000: system.cpu: T0 : 0x105f6    : lw a5, -20(s0)             : MemRead :  D=0x0000000000000020 A=0x7ffffffffffffdcc
2936500: system.cpu: T0 : 0x105fa    : c_addiw a5, 1              : IntAlu :  D=0x0000000000000021
2937000: system.cpu: T0 : 0x105fc    : sw a5, -20(s0)             : MemWrite :  D=0x0000000000000021 A=0x7ffffffffffffdcc
2937500: system.cpu: T0 : 0x10600    : lw a4, -20(s0)             : MemRead :  D=0x0000000000000021 A=0x7ffffffffffffdcc
2938000: system.cpu: T0 : 0x10604    : lw a5, -44(s0)             : MemRead :  D=0x0000000000000064 A=0x7ffffffffffffdb4
2938500: system.cpu: T0 : 0x10608    : c_addiw a4, 0              : IntAlu :  D=0x0000000000000021
2939000: system.cpu: T0 : 0x1060a    : c_addiw a5, 0              : IntAlu :  D=0x0000000000000064
2939500: system.cpu: T0 : 0x1060c    : blt a4, a5, -60            : IntAlu : 
2940000: system.cpu: T0 : 0x105d0    : lw a5, -44(s0)             : MemRead :  D=0x0000000000000064 A=0x7ffffffffffffdb4
2940500: system.cpu: T0 : 0x105d4    : andi a3, a5, 255           : IntAlu :  D=0x0000000000000064
2941000: system.cpu: T0 : 0x105d8    : lw a5, -20(s0)             : MemRead :  D=0x0000000000000021 A=0x7ffffffffffffdcc
2941500: system.cpu: T0 : 0x105dc    : andi a4, a5, 255           : IntAlu :  D=0x0000000000000021
2942000: system.cpu: T0 : 0x105e0    : lw a5, -20(s0)             : MemRead :  D=0x0000000000000021 A=0x7ffffffffffffdcc
2942500: system.cpu: T0 : 0x105e4    : ld a2, -40(s0)             : MemRead :  D=0x0000000000071968 A=0x7ffffffffffffdb8
2943000: system.cpu: T0 : 0x105e8    : c_add a5, a2               : IntAlu :  D=0x0000000000071989
2944000: system.cpu: T0 : 0x105ea    : subw a4, a3, a4            : IntAlu :  D=0x0000000000000043
2945000: system.cpu: T0 : 0x105ee    : andi a4, a4, 255           : IntAlu :  D=0x0000000000000043
2946000: system.cpu: T0 : 0x105f2    : sb a4, 0(a5)               : MemWrite :  D=0x0000000000000043 A=0x71989
2947000: system.cpu: T0 : 0x105f6    : lw a5, -20(s0)             : MemRead :  D=0x0000000000000021 A=0x7ffffffffffffdcc
2947500: system.cpu: T0 : 0x105fa    : c_addiw a5, 1              : IntAlu :  D=0x0000000000000022
2948000: system.cpu: T0 : 0x105fc    : sw a5, -20(s0)             : MemWrite :  D=0x0000000000000022 A=0x7ffffffffffffdcc
2948500: system.cpu: T0 : 0x10600    : lw a4, -20(s0)             : MemRead :  D=0x0000000000000022 A=0x7ffffffffffffdcc
2949000: system.cpu: T0 : 0x10604    : lw a5, -44(s0)             : MemRead :  D=0x0000000000000064 A=0x7ffffffffffffdb4
2949500: system.cpu: T0 : 0x10608    : c_addiw a4, 0              : IntAlu :  D=0x0000000000000022
2950000: system.cpu: T0 : 0x1060a    : c_addiw a5, 0              : IntAlu :  D=0x0000000000000064
2950500: system.cpu: T0 : 0x1060c    : blt a4, a5, -60            : IntAlu : 
2951000: system.cpu: T0 : 0x105d0    : lw a5, -44(s0)             : MemRead :  D=0x0000000000000064 A=0x7ffffffffffffdb4
2951500: system.cpu: T0 : 0x105d4    : andi a3, a5, 255           : IntAlu :  D=0x0000000000000064
2952000: system.cpu: T0 : 0x105d8    : lw a5, -20(s0)             : MemRead :  D=0x0000000000000022 A=0x7ffffffffffffdcc
2952500: system.cpu: T0 : 0x105dc    : andi a4, a5, 255           : IntAlu :  D=0x0000000000000022
2953000: system.cpu: T0 : 0x105e0    : lw a5, -20(s0)             : MemRead :  D=0x0000000000000022 A=0x7ffffffffffffdcc
2953500: system.cpu: T0 : 0x105e4    : ld a2, -40(s0)             : MemRead :  D=0x0000000000071968 A=0x7ffffffffffffdb8
2954000: system.cpu: T0 : 0x105e8    : c_add a5, a2               : IntAlu :  D=0x000000000007198a
2955000: system.cpu: T0 : 0x105ea    : subw a4, a3, a4            : IntAlu :  D=0x0000000000000042
2956000: system.cpu: T0 : 0x105ee    : andi a4, a4, 255           : IntAlu :  D=0x0000000000000042
2957000: system.cpu: T0 : 0x105f2    : sb a4, 0(a5)               : MemWrite :  D=0x0000000000000042 A=0x7198a
2958000: system.cpu: T0 : 0x105f6    : lw a5, -20(s0)             : MemRead :  D=0x0000000000000022 A=0x7ffffffffffffdcc
2958500: system.cpu: T0 : 0x105fa    : c_addiw a5, 1              : IntAlu :  D=0x0000000000000023
2959000: system.cpu: T0 : 0x105fc    : sw a5, -20(s0)             : MemWrite :  D=0x0000000000000023 A=0x7ffffffffffffdcc
2959500: system.cpu: T0 : 0x10600    : lw a4, -20(s0)             : MemRead :  D=0x0000000000000023 A=0x7ffffffffffffdcc
2960000: system.cpu: T0 : 0x10604    : lw a5, -44(s0)             : MemRead :  D=0x0000000000000064 A=0x7ffffffffffffdb4
2960500: system.cpu: T0 : 0x10608    : c_addiw a4, 0              : IntAlu :  D=0x0000000000000023
2961000: system.cpu: T0 : 0x1060a    : c_addiw a5, 0              : IntAlu :  D=0x0000000000000064
2961500: system.cpu: T0 : 0x1060c    : blt a4, a5, -60            : IntAlu : 
2962000: system.cpu: T0 : 0x105d0    : lw a5, -44(s0)             : MemRead :  D=0x0000000000000064 A=0x7ffffffffffffdb4
2962500: system.cpu: T0 : 0x105d4    : andi a3, a5, 255           : IntAlu :  D=0x0000000000000064
2963000: system.cpu: T0 : 0x105d8    : lw a5, -20(s0)             : MemRead :  D=0x0000000000000023 A=0x7ffffffffffffdcc
2963500: system.cpu: T0 : 0x105dc    : andi a4, a5, 255           : IntAlu :  D=0x0000000000000023
2964000: system.cpu: T0 : 0x105e0    : lw a5, -20(s0)             : MemRead :  D=0x0000000000000023 A=0x7ffffffffffffdcc
2964500: system.cpu: T0 : 0x105e4    : ld a2, -40(s0)             : MemRead :  D=0x0000000000071968 A=0x7ffffffffffffdb8
2965000: system.cpu: T0 : 0x105e8    : c_add a5, a2               : IntAlu :  D=0x000000000007198b
2966000: system.cpu: T0 : 0x105ea    : subw a4, a3, a4            : IntAlu :  D=0x0000000000000041
2967000: system.cpu: T0 : 0x105ee    : andi a4, a4, 255           : IntAlu :  D=0x0000000000000041
2968000: system.cpu: T0 : 0x105f2    : sb a4, 0(a5)               : MemWrite :  D=0x0000000000000041 A=0x7198b
2969000: system.cpu: T0 : 0x105f6    : lw a5, -20(s0)             : MemRead :  D=0x0000000000000023 A=0x7ffffffffffffdcc
2969500: system.cpu: T0 : 0x105fa    : c_addiw a5, 1              : IntAlu :  D=0x0000000000000024
2970000: system.cpu: T0 : 0x105fc    : sw a5, -20(s0)             : MemWrite :  D=0x0000000000000024 A=0x7ffffffffffffdcc
2970500: system.cpu: T0 : 0x10600    : lw a4, -20(s0)             : MemRead :  D=0x0000000000000024 A=0x7ffffffffffffdcc
2971000: system.cpu: T0 : 0x10604    : lw a5, -44(s0)             : MemRead :  D=0x0000000000000064 A=0x7ffffffffffffdb4
2971500: system.cpu: T0 : 0x10608    : c_addiw a4, 0              : IntAlu :  D=0x0000000000000024
2972000: system.cpu: T0 : 0x1060a    : c_addiw a5, 0              : IntAlu :  D=0x0000000000000064
2972500: system.cpu: T0 : 0x1060c    : blt a4, a5, -60            : IntAlu : 
2973000: system.cpu: T0 : 0x105d0    : lw a5, -44(s0)             : MemRead :  D=0x0000000000000064 A=0x7ffffffffffffdb4
2973500: system.cpu: T0 : 0x105d4    : andi a3, a5, 255           : IntAlu :  D=0x0000000000000064
2974000: system.cpu: T0 : 0x105d8    : lw a5, -20(s0)             : MemRead :  D=0x0000000000000024 A=0x7ffffffffffffdcc
2974500: system.cpu: T0 : 0x105dc    : andi a4, a5, 255           : IntAlu :  D=0x0000000000000024
2975000: system.cpu: T0 : 0x105e0    : lw a5, -20(s0)             : MemRead :  D=0x0000000000000024 A=0x7ffffffffffffdcc
2975500: system.cpu: T0 : 0x105e4    : ld a2, -40(s0)             : MemRead :  D=0x0000000000071968 A=0x7ffffffffffffdb8
2976000: system.cpu: T0 : 0x105e8    : c_add a5, a2               : IntAlu :  D=0x000000000007198c
2977000: system.cpu: T0 : 0x105ea    : subw a4, a3, a4            : IntAlu :  D=0x0000000000000040
2978000: system.cpu: T0 : 0x105ee    : andi a4, a4, 255           : IntAlu :  D=0x0000000000000040
2979000: system.cpu: T0 : 0x105f2    : sb a4, 0(a5)               : MemWrite :  D=0x0000000000000040 A=0x7198c
2980000: system.cpu: T0 : 0x105f6    : lw a5, -20(s0)             : MemRead :  D=0x0000000000000024 A=0x7ffffffffffffdcc
2980500: system.cpu: T0 : 0x105fa    : c_addiw a5, 1              : IntAlu :  D=0x0000000000000025
2981000: system.cpu: T0 : 0x105fc    : sw a5, -20(s0)             : MemWrite :  D=0x0000000000000025 A=0x7ffffffffffffdcc
2981500: system.cpu: T0 : 0x10600    : lw a4, -20(s0)             : MemRead :  D=0x0000000000000025 A=0x7ffffffffffffdcc
2982000: system.cpu: T0 : 0x10604    : lw a5, -44(s0)             : MemRead :  D=0x0000000000000064 A=0x7ffffffffffffdb4
2982500: system.cpu: T0 : 0x10608    : c_addiw a4, 0              : IntAlu :  D=0x0000000000000025
2983000: system.cpu: T0 : 0x1060a    : c_addiw a5, 0              : IntAlu :  D=0x0000000000000064
2983500: system.cpu: T0 : 0x1060c    : blt a4, a5, -60            : IntAlu : 
2984000: system.cpu: T0 : 0x105d0    : lw a5, -44(s0)             : MemRead :  D=0x0000000000000064 A=0x7ffffffffffffdb4
2984500: system.cpu: T0 : 0x105d4    : andi a3, a5, 255           : IntAlu :  D=0x0000000000000064
2985000: system.cpu: T0 : 0x105d8    : lw a5, -20(s0)             : MemRead :  D=0x0000000000000025 A=0x7ffffffffffffdcc
2985500: system.cpu: T0 : 0x105dc    : andi a4, a5, 255           : IntAlu :  D=0x0000000000000025
2986000: system.cpu: T0 : 0x105e0    : lw a5, -20(s0)             : MemRead :  D=0x0000000000000025 A=0x7ffffffffffffdcc
2986500: system.cpu: T0 : 0x105e4    : ld a2, -40(s0)             : MemRead :  D=0x0000000000071968 A=0x7ffffffffffffdb8
2987000: system.cpu: T0 : 0x105e8    : c_add a5, a2               : IntAlu :  D=0x000000000007198d
2988000: system.cpu: T0 : 0x105ea    : subw a4, a3, a4            : IntAlu :  D=0x000000000000003f
2989000: system.cpu: T0 : 0x105ee    : andi a4, a4, 255           : IntAlu :  D=0x000000000000003f
2990000: system.cpu: T0 : 0x105f2    : sb a4, 0(a5)               : MemWrite :  D=0x000000000000003f A=0x7198d
2991000: system.cpu: T0 : 0x105f6    : lw a5, -20(s0)             : MemRead :  D=0x0000000000000025 A=0x7ffffffffffffdcc
2991500: system.cpu: T0 : 0x105fa    : c_addiw a5, 1              : IntAlu :  D=0x0000000000000026
2992000: system.cpu: T0 : 0x105fc    : sw a5, -20(s0)             : MemWrite :  D=0x0000000000000026 A=0x7ffffffffffffdcc
2992500: system.cpu: T0 : 0x10600    : lw a4, -20(s0)             : MemRead :  D=0x0000000000000026 A=0x7ffffffffffffdcc
2993000: system.cpu: T0 : 0x10604    : lw a5, -44(s0)             : MemRead :  D=0x0000000000000064 A=0x7ffffffffffffdb4
2993500: system.cpu: T0 : 0x10608    : c_addiw a4, 0              : IntAlu :  D=0x0000000000000026
2994000: system.cpu: T0 : 0x1060a    : c_addiw a5, 0              : IntAlu :  D=0x0000000000000064
2994500: system.cpu: T0 : 0x1060c    : blt a4, a5, -60            : IntAlu : 
2995000: system.cpu: T0 : 0x105d0    : lw a5, -44(s0)             : MemRead :  D=0x0000000000000064 A=0x7ffffffffffffdb4
2995500: system.cpu: T0 : 0x105d4    : andi a3, a5, 255           : IntAlu :  D=0x0000000000000064
2996000: system.cpu: T0 : 0x105d8    : lw a5, -20(s0)             : MemRead :  D=0x0000000000000026 A=0x7ffffffffffffdcc
2996500: system.cpu: T0 : 0x105dc    : andi a4, a5, 255           : IntAlu :  D=0x0000000000000026
2997000: system.cpu: T0 : 0x105e0    : lw a5, -20(s0)             : MemRead :  D=0x0000000000000026 A=0x7ffffffffffffdcc
2997500: system.cpu: T0 : 0x105e4    : ld a2, -40(s0)             : MemRead :  D=0x0000000000071968 A=0x7ffffffffffffdb8
2998000: system.cpu: T0 : 0x105e8    : c_add a5, a2               : IntAlu :  D=0x000000000007198e
2999000: system.cpu: T0 : 0x105ea    : subw a4, a3, a4            : IntAlu :  D=0x000000000000003e
3000000: system.cpu: T0 : 0x105ee    : andi a4, a4, 255           : IntAlu :  D=0x000000000000003e
3001000: system.cpu: T0 : 0x105f2    : sb a4, 0(a5)               : MemWrite :  D=0x000000000000003e A=0x7198e
3002000: system.cpu: T0 : 0x105f6    : lw a5, -20(s0)             : MemRead :  D=0x0000000000000026 A=0x7ffffffffffffdcc
3002500: system.cpu: T0 : 0x105fa    : c_addiw a5, 1              : IntAlu :  D=0x0000000000000027
3003000: system.cpu: T0 : 0x105fc    : sw a5, -20(s0)             : MemWrite :  D=0x0000000000000027 A=0x7ffffffffffffdcc
3003500: system.cpu: T0 : 0x10600    : lw a4, -20(s0)             : MemRead :  D=0x0000000000000027 A=0x7ffffffffffffdcc
3004000: system.cpu: T0 : 0x10604    : lw a5, -44(s0)             : MemRead :  D=0x0000000000000064 A=0x7ffffffffffffdb4
3004500: system.cpu: T0 : 0x10608    : c_addiw a4, 0              : IntAlu :  D=0x0000000000000027
3005000: system.cpu: T0 : 0x1060a    : c_addiw a5, 0              : IntAlu :  D=0x0000000000000064
3005500: system.cpu: T0 : 0x1060c    : blt a4, a5, -60            : IntAlu : 
3006000: system.cpu: T0 : 0x105d0    : lw a5, -44(s0)             : MemRead :  D=0x0000000000000064 A=0x7ffffffffffffdb4
3006500: system.cpu: T0 : 0x105d4    : andi a3, a5, 255           : IntAlu :  D=0x0000000000000064
3007000: system.cpu: T0 : 0x105d8    : lw a5, -20(s0)             : MemRead :  D=0x0000000000000027 A=0x7ffffffffffffdcc
3007500: system.cpu: T0 : 0x105dc    : andi a4, a5, 255           : IntAlu :  D=0x0000000000000027
3008000: system.cpu: T0 : 0x105e0    : lw a5, -20(s0)             : MemRead :  D=0x0000000000000027 A=0x7ffffffffffffdcc
3008500: system.cpu: T0 : 0x105e4    : ld a2, -40(s0)             : MemRead :  D=0x0000000000071968 A=0x7ffffffffffffdb8
3009000: system.cpu: T0 : 0x105e8    : c_add a5, a2               : IntAlu :  D=0x000000000007198f
3010000: system.cpu: T0 : 0x105ea    : subw a4, a3, a4            : IntAlu :  D=0x000000000000003d
3011000: system.cpu: T0 : 0x105ee    : andi a4, a4, 255           : IntAlu :  D=0x000000000000003d
3012000: system.cpu: T0 : 0x105f2    : sb a4, 0(a5)               : MemWrite :  D=0x000000000000003d A=0x7198f
3013000: system.cpu: T0 : 0x105f6    : lw a5, -20(s0)             : MemRead :  D=0x0000000000000027 A=0x7ffffffffffffdcc
3013500: system.cpu: T0 : 0x105fa    : c_addiw a5, 1              : IntAlu :  D=0x0000000000000028
3014000: system.cpu: T0 : 0x105fc    : sw a5, -20(s0)             : MemWrite :  D=0x0000000000000028 A=0x7ffffffffffffdcc
3014500: system.cpu: T0 : 0x10600    : lw a4, -20(s0)             : MemRead :  D=0x0000000000000028 A=0x7ffffffffffffdcc
3015000: system.cpu: T0 : 0x10604    : lw a5, -44(s0)             : MemRead :  D=0x0000000000000064 A=0x7ffffffffffffdb4
3015500: system.cpu: T0 : 0x10608    : c_addiw a4, 0              : IntAlu :  D=0x0000000000000028
3016000: system.cpu: T0 : 0x1060a    : c_addiw a5, 0              : IntAlu :  D=0x0000000000000064
3016500: system.cpu: T0 : 0x1060c    : blt a4, a5, -60            : IntAlu : 
3017000: system.cpu: T0 : 0x105d0    : lw a5, -44(s0)             : MemRead :  D=0x0000000000000064 A=0x7ffffffffffffdb4
3017500: system.cpu: T0 : 0x105d4    : andi a3, a5, 255           : IntAlu :  D=0x0000000000000064
3018000: system.cpu: T0 : 0x105d8    : lw a5, -20(s0)             : MemRead :  D=0x0000000000000028 A=0x7ffffffffffffdcc
3018500: system.cpu: T0 : 0x105dc    : andi a4, a5, 255           : IntAlu :  D=0x0000000000000028
3019000: system.cpu: T0 : 0x105e0    : lw a5, -20(s0)             : MemRead :  D=0x0000000000000028 A=0x7ffffffffffffdcc
3019500: system.cpu: T0 : 0x105e4    : ld a2, -40(s0)             : MemRead :  D=0x0000000000071968 A=0x7ffffffffffffdb8
3020000: system.cpu: T0 : 0x105e8    : c_add a5, a2               : IntAlu :  D=0x0000000000071990
3021000: system.cpu: T0 : 0x105ea    : subw a4, a3, a4            : IntAlu :  D=0x000000000000003c
3022000: system.cpu: T0 : 0x105ee    : andi a4, a4, 255           : IntAlu :  D=0x000000000000003c
3023000: system.cpu: T0 : 0x105f2    : sb a4, 0(a5)               : MemWrite :  D=0x000000000000003c A=0x71990
3024000: system.cpu: T0 : 0x105f6    : lw a5, -20(s0)             : MemRead :  D=0x0000000000000028 A=0x7ffffffffffffdcc
3024500: system.cpu: T0 : 0x105fa    : c_addiw a5, 1              : IntAlu :  D=0x0000000000000029
3025000: system.cpu: T0 : 0x105fc    : sw a5, -20(s0)             : MemWrite :  D=0x0000000000000029 A=0x7ffffffffffffdcc
3025500: system.cpu: T0 : 0x10600    : lw a4, -20(s0)             : MemRead :  D=0x0000000000000029 A=0x7ffffffffffffdcc
3026000: system.cpu: T0 : 0x10604    : lw a5, -44(s0)             : MemRead :  D=0x0000000000000064 A=0x7ffffffffffffdb4
3026500: system.cpu: T0 : 0x10608    : c_addiw a4, 0              : IntAlu :  D=0x0000000000000029
3027000: system.cpu: T0 : 0x1060a    : c_addiw a5, 0              : IntAlu :  D=0x0000000000000064
3027500: system.cpu: T0 : 0x1060c    : blt a4, a5, -60            : IntAlu : 
3028000: system.cpu: T0 : 0x105d0    : lw a5, -44(s0)             : MemRead :  D=0x0000000000000064 A=0x7ffffffffffffdb4
3028500: system.cpu: T0 : 0x105d4    : andi a3, a5, 255           : IntAlu :  D=0x0000000000000064
3029000: system.cpu: T0 : 0x105d8    : lw a5, -20(s0)             : MemRead :  D=0x0000000000000029 A=0x7ffffffffffffdcc
3029500: system.cpu: T0 : 0x105dc    : andi a4, a5, 255           : IntAlu :  D=0x0000000000000029
3030000: system.cpu: T0 : 0x105e0    : lw a5, -20(s0)             : MemRead :  D=0x0000000000000029 A=0x7ffffffffffffdcc
3030500: system.cpu: T0 : 0x105e4    : ld a2, -40(s0)             : MemRead :  D=0x0000000000071968 A=0x7ffffffffffffdb8
3031000: system.cpu: T0 : 0x105e8    : c_add a5, a2               : IntAlu :  D=0x0000000000071991
3032000: system.cpu: T0 : 0x105ea    : subw a4, a3, a4            : IntAlu :  D=0x000000000000003b
3033000: system.cpu: T0 : 0x105ee    : andi a4, a4, 255           : IntAlu :  D=0x000000000000003b
3034000: system.cpu: T0 : 0x105f2    : sb a4, 0(a5)               : MemWrite :  D=0x000000000000003b A=0x71991
3035000: system.cpu: T0 : 0x105f6    : lw a5, -20(s0)             : MemRead :  D=0x0000000000000029 A=0x7ffffffffffffdcc
3035500: system.cpu: T0 : 0x105fa    : c_addiw a5, 1              : IntAlu :  D=0x000000000000002a
3036000: system.cpu: T0 : 0x105fc    : sw a5, -20(s0)             : MemWrite :  D=0x000000000000002a A=0x7ffffffffffffdcc
3036500: system.cpu: T0 : 0x10600    : lw a4, -20(s0)             : MemRead :  D=0x000000000000002a A=0x7ffffffffffffdcc
3037000: system.cpu: T0 : 0x10604    : lw a5, -44(s0)             : MemRead :  D=0x0000000000000064 A=0x7ffffffffffffdb4
3037500: system.cpu: T0 : 0x10608    : c_addiw a4, 0              : IntAlu :  D=0x000000000000002a
3038000: system.cpu: T0 : 0x1060a    : c_addiw a5, 0              : IntAlu :  D=0x0000000000000064
3038500: system.cpu: T0 : 0x1060c    : blt a4, a5, -60            : IntAlu : 
3039000: system.cpu: T0 : 0x105d0    : lw a5, -44(s0)             : MemRead :  D=0x0000000000000064 A=0x7ffffffffffffdb4
3039500: system.cpu: T0 : 0x105d4    : andi a3, a5, 255           : IntAlu :  D=0x0000000000000064
3040000: system.cpu: T0 : 0x105d8    : lw a5, -20(s0)             : MemRead :  D=0x000000000000002a A=0x7ffffffffffffdcc
3040500: system.cpu: T0 : 0x105dc    : andi a4, a5, 255           : IntAlu :  D=0x000000000000002a
3041000: system.cpu: T0 : 0x105e0    : lw a5, -20(s0)             : MemRead :  D=0x000000000000002a A=0x7ffffffffffffdcc
3041500: system.cpu: T0 : 0x105e4    : ld a2, -40(s0)             : MemRead :  D=0x0000000000071968 A=0x7ffffffffffffdb8
3042000: system.cpu: T0 : 0x105e8    : c_add a5, a2               : IntAlu :  D=0x0000000000071992
3043000: system.cpu: T0 : 0x105ea    : subw a4, a3, a4            : IntAlu :  D=0x000000000000003a
3044000: system.cpu: T0 : 0x105ee    : andi a4, a4, 255           : IntAlu :  D=0x000000000000003a
3045000: system.cpu: T0 : 0x105f2    : sb a4, 0(a5)               : MemWrite :  D=0x000000000000003a A=0x71992
3046000: system.cpu: T0 : 0x105f6    : lw a5, -20(s0)             : MemRead :  D=0x000000000000002a A=0x7ffffffffffffdcc
3046500: system.cpu: T0 : 0x105fa    : c_addiw a5, 1              : IntAlu :  D=0x000000000000002b
3047000: system.cpu: T0 : 0x105fc    : sw a5, -20(s0)             : MemWrite :  D=0x000000000000002b A=0x7ffffffffffffdcc
3047500: system.cpu: T0 : 0x10600    : lw a4, -20(s0)             : MemRead :  D=0x000000000000002b A=0x7ffffffffffffdcc
3048000: system.cpu: T0 : 0x10604    : lw a5, -44(s0)             : MemRead :  D=0x0000000000000064 A=0x7ffffffffffffdb4
3048500: system.cpu: T0 : 0x10608    : c_addiw a4, 0              : IntAlu :  D=0x000000000000002b
3049000: system.cpu: T0 : 0x1060a    : c_addiw a5, 0              : IntAlu :  D=0x0000000000000064
3049500: system.cpu: T0 : 0x1060c    : blt a4, a5, -60            : IntAlu : 
3050000: system.cpu: T0 : 0x105d0    : lw a5, -44(s0)             : MemRead :  D=0x0000000000000064 A=0x7ffffffffffffdb4
3050500: system.cpu: T0 : 0x105d4    : andi a3, a5, 255           : IntAlu :  D=0x0000000000000064
3051000: system.cpu: T0 : 0x105d8    : lw a5, -20(s0)             : MemRead :  D=0x000000000000002b A=0x7ffffffffffffdcc
3051500: system.cpu: T0 : 0x105dc    : andi a4, a5, 255           : IntAlu :  D=0x000000000000002b
3052000: system.cpu: T0 : 0x105e0    : lw a5, -20(s0)             : MemRead :  D=0x000000000000002b A=0x7ffffffffffffdcc
3052500: system.cpu: T0 : 0x105e4    : ld a2, -40(s0)             : MemRead :  D=0x0000000000071968 A=0x7ffffffffffffdb8
3053000: system.cpu: T0 : 0x105e8    : c_add a5, a2               : IntAlu :  D=0x0000000000071993
3054000: system.cpu: T0 : 0x105ea    : subw a4, a3, a4            : IntAlu :  D=0x0000000000000039
3055000: system.cpu: T0 : 0x105ee    : andi a4, a4, 255           : IntAlu :  D=0x0000000000000039
3056000: system.cpu: T0 : 0x105f2    : sb a4, 0(a5)               : MemWrite :  D=0x0000000000000039 A=0x71993
3057000: system.cpu: T0 : 0x105f6    : lw a5, -20(s0)             : MemRead :  D=0x000000000000002b A=0x7ffffffffffffdcc
3057500: system.cpu: T0 : 0x105fa    : c_addiw a5, 1              : IntAlu :  D=0x000000000000002c
3058000: system.cpu: T0 : 0x105fc    : sw a5, -20(s0)             : MemWrite :  D=0x000000000000002c A=0x7ffffffffffffdcc
3058500: system.cpu: T0 : 0x10600    : lw a4, -20(s0)             : MemRead :  D=0x000000000000002c A=0x7ffffffffffffdcc
3059000: system.cpu: T0 : 0x10604    : lw a5, -44(s0)             : MemRead :  D=0x0000000000000064 A=0x7ffffffffffffdb4
3059500: system.cpu: T0 : 0x10608    : c_addiw a4, 0              : IntAlu :  D=0x000000000000002c
3060000: system.cpu: T0 : 0x1060a    : c_addiw a5, 0              : IntAlu :  D=0x0000000000000064
3060500: system.cpu: T0 : 0x1060c    : blt a4, a5, -60            : IntAlu : 
3061000: system.cpu: T0 : 0x105d0    : lw a5, -44(s0)             : MemRead :  D=0x0000000000000064 A=0x7ffffffffffffdb4
3061500: system.cpu: T0 : 0x105d4    : andi a3, a5, 255           : IntAlu :  D=0x0000000000000064
3062000: system.cpu: T0 : 0x105d8    : lw a5, -20(s0)             : MemRead :  D=0x000000000000002c A=0x7ffffffffffffdcc
3062500: system.cpu: T0 : 0x105dc    : andi a4, a5, 255           : IntAlu :  D=0x000000000000002c
3063000: system.cpu: T0 : 0x105e0    : lw a5, -20(s0)             : MemRead :  D=0x000000000000002c A=0x7ffffffffffffdcc
3063500: system.cpu: T0 : 0x105e4    : ld a2, -40(s0)             : MemRead :  D=0x0000000000071968 A=0x7ffffffffffffdb8
3064000: system.cpu: T0 : 0x105e8    : c_add a5, a2               : IntAlu :  D=0x0000000000071994
3065000: system.cpu: T0 : 0x105ea    : subw a4, a3, a4            : IntAlu :  D=0x0000000000000038
3066000: system.cpu: T0 : 0x105ee    : andi a4, a4, 255           : IntAlu :  D=0x0000000000000038
3067000: system.cpu: T0 : 0x105f2    : sb a4, 0(a5)               : MemWrite :  D=0x0000000000000038 A=0x71994
3068000: system.cpu: T0 : 0x105f6    : lw a5, -20(s0)             : MemRead :  D=0x000000000000002c A=0x7ffffffffffffdcc
3068500: system.cpu: T0 : 0x105fa    : c_addiw a5, 1              : IntAlu :  D=0x000000000000002d
3069000: system.cpu: T0 : 0x105fc    : sw a5, -20(s0)             : MemWrite :  D=0x000000000000002d A=0x7ffffffffffffdcc
3069500: system.cpu: T0 : 0x10600    : lw a4, -20(s0)             : MemRead :  D=0x000000000000002d A=0x7ffffffffffffdcc
3070000: system.cpu: T0 : 0x10604    : lw a5, -44(s0)             : MemRead :  D=0x0000000000000064 A=0x7ffffffffffffdb4
3070500: system.cpu: T0 : 0x10608    : c_addiw a4, 0              : IntAlu :  D=0x000000000000002d
3071000: system.cpu: T0 : 0x1060a    : c_addiw a5, 0              : IntAlu :  D=0x0000000000000064
3071500: system.cpu: T0 : 0x1060c    : blt a4, a5, -60            : IntAlu : 
3072000: system.cpu: T0 : 0x105d0    : lw a5, -44(s0)             : MemRead :  D=0x0000000000000064 A=0x7ffffffffffffdb4
3072500: system.cpu: T0 : 0x105d4    : andi a3, a5, 255           : IntAlu :  D=0x0000000000000064
3073000: system.cpu: T0 : 0x105d8    : lw a5, -20(s0)             : MemRead :  D=0x000000000000002d A=0x7ffffffffffffdcc
3073500: system.cpu: T0 : 0x105dc    : andi a4, a5, 255           : IntAlu :  D=0x000000000000002d
3074000: system.cpu: T0 : 0x105e0    : lw a5, -20(s0)             : MemRead :  D=0x000000000000002d A=0x7ffffffffffffdcc
3074500: system.cpu: T0 : 0x105e4    : ld a2, -40(s0)             : MemRead :  D=0x0000000000071968 A=0x7ffffffffffffdb8
3075000: system.cpu: T0 : 0x105e8    : c_add a5, a2               : IntAlu :  D=0x0000000000071995
3076000: system.cpu: T0 : 0x105ea    : subw a4, a3, a4            : IntAlu :  D=0x0000000000000037
3077000: system.cpu: T0 : 0x105ee    : andi a4, a4, 255           : IntAlu :  D=0x0000000000000037
3078000: system.cpu: T0 : 0x105f2    : sb a4, 0(a5)               : MemWrite :  D=0x0000000000000037 A=0x71995
3079000: system.cpu: T0 : 0x105f6    : lw a5, -20(s0)             : MemRead :  D=0x000000000000002d A=0x7ffffffffffffdcc
3079500: system.cpu: T0 : 0x105fa    : c_addiw a5, 1              : IntAlu :  D=0x000000000000002e
3080000: system.cpu: T0 : 0x105fc    : sw a5, -20(s0)             : MemWrite :  D=0x000000000000002e A=0x7ffffffffffffdcc
3080500: system.cpu: T0 : 0x10600    : lw a4, -20(s0)             : MemRead :  D=0x000000000000002e A=0x7ffffffffffffdcc
3081000: system.cpu: T0 : 0x10604    : lw a5, -44(s0)             : MemRead :  D=0x0000000000000064 A=0x7ffffffffffffdb4
3081500: system.cpu: T0 : 0x10608    : c_addiw a4, 0              : IntAlu :  D=0x000000000000002e
3082000: system.cpu: T0 : 0x1060a    : c_addiw a5, 0              : IntAlu :  D=0x0000000000000064
3082500: system.cpu: T0 : 0x1060c    : blt a4, a5, -60            : IntAlu : 
3083000: system.cpu: T0 : 0x105d0    : lw a5, -44(s0)             : MemRead :  D=0x0000000000000064 A=0x7ffffffffffffdb4
3083500: system.cpu: T0 : 0x105d4    : andi a3, a5, 255           : IntAlu :  D=0x0000000000000064
3084000: system.cpu: T0 : 0x105d8    : lw a5, -20(s0)             : MemRead :  D=0x000000000000002e A=0x7ffffffffffffdcc
3084500: system.cpu: T0 : 0x105dc    : andi a4, a5, 255           : IntAlu :  D=0x000000000000002e
3085000: system.cpu: T0 : 0x105e0    : lw a5, -20(s0)             : MemRead :  D=0x000000000000002e A=0x7ffffffffffffdcc
3085500: system.cpu: T0 : 0x105e4    : ld a2, -40(s0)             : MemRead :  D=0x0000000000071968 A=0x7ffffffffffffdb8
3086000: system.cpu: T0 : 0x105e8    : c_add a5, a2               : IntAlu :  D=0x0000000000071996
3087000: system.cpu: T0 : 0x105ea    : subw a4, a3, a4            : IntAlu :  D=0x0000000000000036
3088000: system.cpu: T0 : 0x105ee    : andi a4, a4, 255           : IntAlu :  D=0x0000000000000036
3089000: system.cpu: T0 : 0x105f2    : sb a4, 0(a5)               : MemWrite :  D=0x0000000000000036 A=0x71996
3090000: system.cpu: T0 : 0x105f6    : lw a5, -20(s0)             : MemRead :  D=0x000000000000002e A=0x7ffffffffffffdcc
3090500: system.cpu: T0 : 0x105fa    : c_addiw a5, 1              : IntAlu :  D=0x000000000000002f
3091000: system.cpu: T0 : 0x105fc    : sw a5, -20(s0)             : MemWrite :  D=0x000000000000002f A=0x7ffffffffffffdcc
3091500: system.cpu: T0 : 0x10600    : lw a4, -20(s0)             : MemRead :  D=0x000000000000002f A=0x7ffffffffffffdcc
3092000: system.cpu: T0 : 0x10604    : lw a5, -44(s0)             : MemRead :  D=0x0000000000000064 A=0x7ffffffffffffdb4
3092500: system.cpu: T0 : 0x10608    : c_addiw a4, 0              : IntAlu :  D=0x000000000000002f
3093000: system.cpu: T0 : 0x1060a    : c_addiw a5, 0              : IntAlu :  D=0x0000000000000064
3093500: system.cpu: T0 : 0x1060c    : blt a4, a5, -60            : IntAlu : 
3094000: system.cpu: T0 : 0x105d0    : lw a5, -44(s0)             : MemRead :  D=0x0000000000000064 A=0x7ffffffffffffdb4
3094500: system.cpu: T0 : 0x105d4    : andi a3, a5, 255           : IntAlu :  D=0x0000000000000064
3095000: system.cpu: T0 : 0x105d8    : lw a5, -20(s0)             : MemRead :  D=0x000000000000002f A=0x7ffffffffffffdcc
3095500: system.cpu: T0 : 0x105dc    : andi a4, a5, 255           : IntAlu :  D=0x000000000000002f
3096000: system.cpu: T0 : 0x105e0    : lw a5, -20(s0)             : MemRead :  D=0x000000000000002f A=0x7ffffffffffffdcc
3096500: system.cpu: T0 : 0x105e4    : ld a2, -40(s0)             : MemRead :  D=0x0000000000071968 A=0x7ffffffffffffdb8
3097000: system.cpu: T0 : 0x105e8    : c_add a5, a2               : IntAlu :  D=0x0000000000071997
3098000: system.cpu: T0 : 0x105ea    : subw a4, a3, a4            : IntAlu :  D=0x0000000000000035
3099000: system.cpu: T0 : 0x105ee    : andi a4, a4, 255           : IntAlu :  D=0x0000000000000035
3100000: system.cpu: T0 : 0x105f2    : sb a4, 0(a5)               : MemWrite :  D=0x0000000000000035 A=0x71997
3101000: system.cpu: T0 : 0x105f6    : lw a5, -20(s0)             : MemRead :  D=0x000000000000002f A=0x7ffffffffffffdcc
3101500: system.cpu: T0 : 0x105fa    : c_addiw a5, 1              : IntAlu :  D=0x0000000000000030
3102000: system.cpu: T0 : 0x105fc    : sw a5, -20(s0)             : MemWrite :  D=0x0000000000000030 A=0x7ffffffffffffdcc
3102500: system.cpu: T0 : 0x10600    : lw a4, -20(s0)             : MemRead :  D=0x0000000000000030 A=0x7ffffffffffffdcc
3103000: system.cpu: T0 : 0x10604    : lw a5, -44(s0)             : MemRead :  D=0x0000000000000064 A=0x7ffffffffffffdb4
3103500: system.cpu: T0 : 0x10608    : c_addiw a4, 0              : IntAlu :  D=0x0000000000000030
3104000: system.cpu: T0 : 0x1060a    : c_addiw a5, 0              : IntAlu :  D=0x0000000000000064
3104500: system.cpu: T0 : 0x1060c    : blt a4, a5, -60            : IntAlu : 
3105000: system.cpu: T0 : 0x105d0    : lw a5, -44(s0)             : MemRead :  D=0x0000000000000064 A=0x7ffffffffffffdb4
3105500: system.cpu: T0 : 0x105d4    : andi a3, a5, 255           : IntAlu :  D=0x0000000000000064
3106000: system.cpu: T0 : 0x105d8    : lw a5, -20(s0)             : MemRead :  D=0x0000000000000030 A=0x7ffffffffffffdcc
3106500: system.cpu: T0 : 0x105dc    : andi a4, a5, 255           : IntAlu :  D=0x0000000000000030
3107000: system.cpu: T0 : 0x105e0    : lw a5, -20(s0)             : MemRead :  D=0x0000000000000030 A=0x7ffffffffffffdcc
3107500: system.cpu: T0 : 0x105e4    : ld a2, -40(s0)             : MemRead :  D=0x0000000000071968 A=0x7ffffffffffffdb8
3108000: system.cpu: T0 : 0x105e8    : c_add a5, a2               : IntAlu :  D=0x0000000000071998
3109000: system.cpu: T0 : 0x105ea    : subw a4, a3, a4            : IntAlu :  D=0x0000000000000034
3110000: system.cpu: T0 : 0x105ee    : andi a4, a4, 255           : IntAlu :  D=0x0000000000000034
3111000: system.cpu: T0 : 0x105f2    : sb a4, 0(a5)               : MemWrite :  D=0x0000000000000034 A=0x71998
3112000: system.cpu: T0 : 0x105f6    : lw a5, -20(s0)             : MemRead :  D=0x0000000000000030 A=0x7ffffffffffffdcc
3112500: system.cpu: T0 : 0x105fa    : c_addiw a5, 1              : IntAlu :  D=0x0000000000000031
3113000: system.cpu: T0 : 0x105fc    : sw a5, -20(s0)             : MemWrite :  D=0x0000000000000031 A=0x7ffffffffffffdcc
3113500: system.cpu: T0 : 0x10600    : lw a4, -20(s0)             : MemRead :  D=0x0000000000000031 A=0x7ffffffffffffdcc
3114000: system.cpu: T0 : 0x10604    : lw a5, -44(s0)             : MemRead :  D=0x0000000000000064 A=0x7ffffffffffffdb4
3114500: system.cpu: T0 : 0x10608    : c_addiw a4, 0              : IntAlu :  D=0x0000000000000031
3115000: system.cpu: T0 : 0x1060a    : c_addiw a5, 0              : IntAlu :  D=0x0000000000000064
3115500: system.cpu: T0 : 0x1060c    : blt a4, a5, -60            : IntAlu : 
3116000: system.cpu: T0 : 0x105d0    : lw a5, -44(s0)             : MemRead :  D=0x0000000000000064 A=0x7ffffffffffffdb4
3116500: system.cpu: T0 : 0x105d4    : andi a3, a5, 255           : IntAlu :  D=0x0000000000000064
3117000: system.cpu: T0 : 0x105d8    : lw a5, -20(s0)             : MemRead :  D=0x0000000000000031 A=0x7ffffffffffffdcc
3117500: system.cpu: T0 : 0x105dc    : andi a4, a5, 255           : IntAlu :  D=0x0000000000000031
3118000: system.cpu: T0 : 0x105e0    : lw a5, -20(s0)             : MemRead :  D=0x0000000000000031 A=0x7ffffffffffffdcc
3118500: system.cpu: T0 : 0x105e4    : ld a2, -40(s0)             : MemRead :  D=0x0000000000071968 A=0x7ffffffffffffdb8
3119000: system.cpu: T0 : 0x105e8    : c_add a5, a2               : IntAlu :  D=0x0000000000071999
3120000: system.cpu: T0 : 0x105ea    : subw a4, a3, a4            : IntAlu :  D=0x0000000000000033
3121000: system.cpu: T0 : 0x105ee    : andi a4, a4, 255           : IntAlu :  D=0x0000000000000033
3122000: system.cpu: T0 : 0x105f2    : sb a4, 0(a5)               : MemWrite :  D=0x0000000000000033 A=0x71999
3123000: system.cpu: T0 : 0x105f6    : lw a5, -20(s0)             : MemRead :  D=0x0000000000000031 A=0x7ffffffffffffdcc
3123500: system.cpu: T0 : 0x105fa    : c_addiw a5, 1              : IntAlu :  D=0x0000000000000032
3124000: system.cpu: T0 : 0x105fc    : sw a5, -20(s0)             : MemWrite :  D=0x0000000000000032 A=0x7ffffffffffffdcc
3124500: system.cpu: T0 : 0x10600    : lw a4, -20(s0)             : MemRead :  D=0x0000000000000032 A=0x7ffffffffffffdcc
3125000: system.cpu: T0 : 0x10604    : lw a5, -44(s0)             : MemRead :  D=0x0000000000000064 A=0x7ffffffffffffdb4
3125500: system.cpu: T0 : 0x10608    : c_addiw a4, 0              : IntAlu :  D=0x0000000000000032
3126000: system.cpu: T0 : 0x1060a    : c_addiw a5, 0              : IntAlu :  D=0x0000000000000064
3126500: system.cpu: T0 : 0x1060c    : blt a4, a5, -60            : IntAlu : 
3127000: system.cpu: T0 : 0x105d0    : lw a5, -44(s0)             : MemRead :  D=0x0000000000000064 A=0x7ffffffffffffdb4
3127500: system.cpu: T0 : 0x105d4    : andi a3, a5, 255           : IntAlu :  D=0x0000000000000064
3128000: system.cpu: T0 : 0x105d8    : lw a5, -20(s0)             : MemRead :  D=0x0000000000000032 A=0x7ffffffffffffdcc
3128500: system.cpu: T0 : 0x105dc    : andi a4, a5, 255           : IntAlu :  D=0x0000000000000032
3129000: system.cpu: T0 : 0x105e0    : lw a5, -20(s0)             : MemRead :  D=0x0000000000000032 A=0x7ffffffffffffdcc
3129500: system.cpu: T0 : 0x105e4    : ld a2, -40(s0)             : MemRead :  D=0x0000000000071968 A=0x7ffffffffffffdb8
3130000: system.cpu: T0 : 0x105e8    : c_add a5, a2               : IntAlu :  D=0x000000000007199a
3131000: system.cpu: T0 : 0x105ea    : subw a4, a3, a4            : IntAlu :  D=0x0000000000000032
3132000: system.cpu: T0 : 0x105ee    : andi a4, a4, 255           : IntAlu :  D=0x0000000000000032
3133000: system.cpu: T0 : 0x105f2    : sb a4, 0(a5)               : MemWrite :  D=0x0000000000000032 A=0x7199a
3134000: system.cpu: T0 : 0x105f6    : lw a5, -20(s0)             : MemRead :  D=0x0000000000000032 A=0x7ffffffffffffdcc
3134500: system.cpu: T0 : 0x105fa    : c_addiw a5, 1              : IntAlu :  D=0x0000000000000033
3135000: system.cpu: T0 : 0x105fc    : sw a5, -20(s0)             : MemWrite :  D=0x0000000000000033 A=0x7ffffffffffffdcc
3135500: system.cpu: T0 : 0x10600    : lw a4, -20(s0)             : MemRead :  D=0x0000000000000033 A=0x7ffffffffffffdcc
3136000: system.cpu: T0 : 0x10604    : lw a5, -44(s0)             : MemRead :  D=0x0000000000000064 A=0x7ffffffffffffdb4
3136500: system.cpu: T0 : 0x10608    : c_addiw a4, 0              : IntAlu :  D=0x0000000000000033
3137000: system.cpu: T0 : 0x1060a    : c_addiw a5, 0              : IntAlu :  D=0x0000000000000064
3137500: system.cpu: T0 : 0x1060c    : blt a4, a5, -60            : IntAlu : 
3138000: system.cpu: T0 : 0x105d0    : lw a5, -44(s0)             : MemRead :  D=0x0000000000000064 A=0x7ffffffffffffdb4
3138500: system.cpu: T0 : 0x105d4    : andi a3, a5, 255           : IntAlu :  D=0x0000000000000064
3139000: system.cpu: T0 : 0x105d8    : lw a5, -20(s0)             : MemRead :  D=0x0000000000000033 A=0x7ffffffffffffdcc
3139500: system.cpu: T0 : 0x105dc    : andi a4, a5, 255           : IntAlu :  D=0x0000000000000033
3140000: system.cpu: T0 : 0x105e0    : lw a5, -20(s0)             : MemRead :  D=0x0000000000000033 A=0x7ffffffffffffdcc
3140500: system.cpu: T0 : 0x105e4    : ld a2, -40(s0)             : MemRead :  D=0x0000000000071968 A=0x7ffffffffffffdb8
3141000: system.cpu: T0 : 0x105e8    : c_add a5, a2               : IntAlu :  D=0x000000000007199b
3142000: system.cpu: T0 : 0x105ea    : subw a4, a3, a4            : IntAlu :  D=0x0000000000000031
3143000: system.cpu: T0 : 0x105ee    : andi a4, a4, 255           : IntAlu :  D=0x0000000000000031
3144000: system.cpu: T0 : 0x105f2    : sb a4, 0(a5)               : MemWrite :  D=0x0000000000000031 A=0x7199b
3145000: system.cpu: T0 : 0x105f6    : lw a5, -20(s0)             : MemRead :  D=0x0000000000000033 A=0x7ffffffffffffdcc
3145500: system.cpu: T0 : 0x105fa    : c_addiw a5, 1              : IntAlu :  D=0x0000000000000034
3146000: system.cpu: T0 : 0x105fc    : sw a5, -20(s0)             : MemWrite :  D=0x0000000000000034 A=0x7ffffffffffffdcc
3146500: system.cpu: T0 : 0x10600    : lw a4, -20(s0)             : MemRead :  D=0x0000000000000034 A=0x7ffffffffffffdcc
3147000: system.cpu: T0 : 0x10604    : lw a5, -44(s0)             : MemRead :  D=0x0000000000000064 A=0x7ffffffffffffdb4
3147500: system.cpu: T0 : 0x10608    : c_addiw a4, 0              : IntAlu :  D=0x0000000000000034
3148000: system.cpu: T0 : 0x1060a    : c_addiw a5, 0              : IntAlu :  D=0x0000000000000064
3148500: system.cpu: T0 : 0x1060c    : blt a4, a5, -60            : IntAlu : 
3149000: system.cpu: T0 : 0x105d0    : lw a5, -44(s0)             : MemRead :  D=0x0000000000000064 A=0x7ffffffffffffdb4
3149500: system.cpu: T0 : 0x105d4    : andi a3, a5, 255           : IntAlu :  D=0x0000000000000064
3150000: system.cpu: T0 : 0x105d8    : lw a5, -20(s0)             : MemRead :  D=0x0000000000000034 A=0x7ffffffffffffdcc
3150500: system.cpu: T0 : 0x105dc    : andi a4, a5, 255           : IntAlu :  D=0x0000000000000034
3151000: system.cpu: T0 : 0x105e0    : lw a5, -20(s0)             : MemRead :  D=0x0000000000000034 A=0x7ffffffffffffdcc
3151500: system.cpu: T0 : 0x105e4    : ld a2, -40(s0)             : MemRead :  D=0x0000000000071968 A=0x7ffffffffffffdb8
3152000: system.cpu: T0 : 0x105e8    : c_add a5, a2               : IntAlu :  D=0x000000000007199c
3153000: system.cpu: T0 : 0x105ea    : subw a4, a3, a4            : IntAlu :  D=0x0000000000000030
3154000: system.cpu: T0 : 0x105ee    : andi a4, a4, 255           : IntAlu :  D=0x0000000000000030
3155000: system.cpu: T0 : 0x105f2    : sb a4, 0(a5)               : MemWrite :  D=0x0000000000000030 A=0x7199c
3156000: system.cpu: T0 : 0x105f6    : lw a5, -20(s0)             : MemRead :  D=0x0000000000000034 A=0x7ffffffffffffdcc
3156500: system.cpu: T0 : 0x105fa    : c_addiw a5, 1              : IntAlu :  D=0x0000000000000035
3157000: system.cpu: T0 : 0x105fc    : sw a5, -20(s0)             : MemWrite :  D=0x0000000000000035 A=0x7ffffffffffffdcc
3157500: system.cpu: T0 : 0x10600    : lw a4, -20(s0)             : MemRead :  D=0x0000000000000035 A=0x7ffffffffffffdcc
3158000: system.cpu: T0 : 0x10604    : lw a5, -44(s0)             : MemRead :  D=0x0000000000000064 A=0x7ffffffffffffdb4
3158500: system.cpu: T0 : 0x10608    : c_addiw a4, 0              : IntAlu :  D=0x0000000000000035
3159000: system.cpu: T0 : 0x1060a    : c_addiw a5, 0              : IntAlu :  D=0x0000000000000064
3159500: system.cpu: T0 : 0x1060c    : blt a4, a5, -60            : IntAlu : 
3160000: system.cpu: T0 : 0x105d0    : lw a5, -44(s0)             : MemRead :  D=0x0000000000000064 A=0x7ffffffffffffdb4
3160500: system.cpu: T0 : 0x105d4    : andi a3, a5, 255           : IntAlu :  D=0x0000000000000064
3161000: system.cpu: T0 : 0x105d8    : lw a5, -20(s0)             : MemRead :  D=0x0000000000000035 A=0x7ffffffffffffdcc
3161500: system.cpu: T0 : 0x105dc    : andi a4, a5, 255           : IntAlu :  D=0x0000000000000035
3162000: system.cpu: T0 : 0x105e0    : lw a5, -20(s0)             : MemRead :  D=0x0000000000000035 A=0x7ffffffffffffdcc
3162500: system.cpu: T0 : 0x105e4    : ld a2, -40(s0)             : MemRead :  D=0x0000000000071968 A=0x7ffffffffffffdb8
3163000: system.cpu: T0 : 0x105e8    : c_add a5, a2               : IntAlu :  D=0x000000000007199d
3164000: system.cpu: T0 : 0x105ea    : subw a4, a3, a4            : IntAlu :  D=0x000000000000002f
3165000: system.cpu: T0 : 0x105ee    : andi a4, a4, 255           : IntAlu :  D=0x000000000000002f
3166000: system.cpu: T0 : 0x105f2    : sb a4, 0(a5)               : MemWrite :  D=0x000000000000002f A=0x7199d
3167000: system.cpu: T0 : 0x105f6    : lw a5, -20(s0)             : MemRead :  D=0x0000000000000035 A=0x7ffffffffffffdcc
3167500: system.cpu: T0 : 0x105fa    : c_addiw a5, 1              : IntAlu :  D=0x0000000000000036
3168000: system.cpu: T0 : 0x105fc    : sw a5, -20(s0)             : MemWrite :  D=0x0000000000000036 A=0x7ffffffffffffdcc
3168500: system.cpu: T0 : 0x10600    : lw a4, -20(s0)             : MemRead :  D=0x0000000000000036 A=0x7ffffffffffffdcc
3169000: system.cpu: T0 : 0x10604    : lw a5, -44(s0)             : MemRead :  D=0x0000000000000064 A=0x7ffffffffffffdb4
3169500: system.cpu: T0 : 0x10608    : c_addiw a4, 0              : IntAlu :  D=0x0000000000000036
3170000: system.cpu: T0 : 0x1060a    : c_addiw a5, 0              : IntAlu :  D=0x0000000000000064
3170500: system.cpu: T0 : 0x1060c    : blt a4, a5, -60            : IntAlu : 
3171000: system.cpu: T0 : 0x105d0    : lw a5, -44(s0)             : MemRead :  D=0x0000000000000064 A=0x7ffffffffffffdb4
3171500: system.cpu: T0 : 0x105d4    : andi a3, a5, 255           : IntAlu :  D=0x0000000000000064
3172000: system.cpu: T0 : 0x105d8    : lw a5, -20(s0)             : MemRead :  D=0x0000000000000036 A=0x7ffffffffffffdcc
3172500: system.cpu: T0 : 0x105dc    : andi a4, a5, 255           : IntAlu :  D=0x0000000000000036
3173000: system.cpu: T0 : 0x105e0    : lw a5, -20(s0)             : MemRead :  D=0x0000000000000036 A=0x7ffffffffffffdcc
3173500: system.cpu: T0 : 0x105e4    : ld a2, -40(s0)             : MemRead :  D=0x0000000000071968 A=0x7ffffffffffffdb8
3174000: system.cpu: T0 : 0x105e8    : c_add a5, a2               : IntAlu :  D=0x000000000007199e
3175000: system.cpu: T0 : 0x105ea    : subw a4, a3, a4            : IntAlu :  D=0x000000000000002e
3176000: system.cpu: T0 : 0x105ee    : andi a4, a4, 255           : IntAlu :  D=0x000000000000002e
3177000: system.cpu: T0 : 0x105f2    : sb a4, 0(a5)               : MemWrite :  D=0x000000000000002e A=0x7199e
3178000: system.cpu: T0 : 0x105f6    : lw a5, -20(s0)             : MemRead :  D=0x0000000000000036 A=0x7ffffffffffffdcc
3178500: system.cpu: T0 : 0x105fa    : c_addiw a5, 1              : IntAlu :  D=0x0000000000000037
3179000: system.cpu: T0 : 0x105fc    : sw a5, -20(s0)             : MemWrite :  D=0x0000000000000037 A=0x7ffffffffffffdcc
3179500: system.cpu: T0 : 0x10600    : lw a4, -20(s0)             : MemRead :  D=0x0000000000000037 A=0x7ffffffffffffdcc
3180000: system.cpu: T0 : 0x10604    : lw a5, -44(s0)             : MemRead :  D=0x0000000000000064 A=0x7ffffffffffffdb4
3180500: system.cpu: T0 : 0x10608    : c_addiw a4, 0              : IntAlu :  D=0x0000000000000037
3181000: system.cpu: T0 : 0x1060a    : c_addiw a5, 0              : IntAlu :  D=0x0000000000000064
3181500: system.cpu: T0 : 0x1060c    : blt a4, a5, -60            : IntAlu : 
3182000: system.cpu: T0 : 0x105d0    : lw a5, -44(s0)             : MemRead :  D=0x0000000000000064 A=0x7ffffffffffffdb4
3182500: system.cpu: T0 : 0x105d4    : andi a3, a5, 255           : IntAlu :  D=0x0000000000000064
3183000: system.cpu: T0 : 0x105d8    : lw a5, -20(s0)             : MemRead :  D=0x0000000000000037 A=0x7ffffffffffffdcc
3183500: system.cpu: T0 : 0x105dc    : andi a4, a5, 255           : IntAlu :  D=0x0000000000000037
3184000: system.cpu: T0 : 0x105e0    : lw a5, -20(s0)             : MemRead :  D=0x0000000000000037 A=0x7ffffffffffffdcc
3184500: system.cpu: T0 : 0x105e4    : ld a2, -40(s0)             : MemRead :  D=0x0000000000071968 A=0x7ffffffffffffdb8
3185000: system.cpu: T0 : 0x105e8    : c_add a5, a2               : IntAlu :  D=0x000000000007199f
3186000: system.cpu: T0 : 0x105ea    : subw a4, a3, a4            : IntAlu :  D=0x000000000000002d
3187000: system.cpu: T0 : 0x105ee    : andi a4, a4, 255           : IntAlu :  D=0x000000000000002d
3188000: system.cpu: T0 : 0x105f2    : sb a4, 0(a5)               : MemWrite :  D=0x000000000000002d A=0x7199f
3189000: system.cpu: T0 : 0x105f6    : lw a5, -20(s0)             : MemRead :  D=0x0000000000000037 A=0x7ffffffffffffdcc
3189500: system.cpu: T0 : 0x105fa    : c_addiw a5, 1              : IntAlu :  D=0x0000000000000038
3190000: system.cpu: T0 : 0x105fc    : sw a5, -20(s0)             : MemWrite :  D=0x0000000000000038 A=0x7ffffffffffffdcc
3190500: system.cpu: T0 : 0x10600    : lw a4, -20(s0)             : MemRead :  D=0x0000000000000038 A=0x7ffffffffffffdcc
3191000: system.cpu: T0 : 0x10604    : lw a5, -44(s0)             : MemRead :  D=0x0000000000000064 A=0x7ffffffffffffdb4
3191500: system.cpu: T0 : 0x10608    : c_addiw a4, 0              : IntAlu :  D=0x0000000000000038
3192000: system.cpu: T0 : 0x1060a    : c_addiw a5, 0              : IntAlu :  D=0x0000000000000064
3192500: system.cpu: T0 : 0x1060c    : blt a4, a5, -60            : IntAlu : 
3193000: system.cpu: T0 : 0x105d0    : lw a5, -44(s0)             : MemRead :  D=0x0000000000000064 A=0x7ffffffffffffdb4
3193500: system.cpu: T0 : 0x105d4    : andi a3, a5, 255           : IntAlu :  D=0x0000000000000064
3194000: system.cpu: T0 : 0x105d8    : lw a5, -20(s0)             : MemRead :  D=0x0000000000000038 A=0x7ffffffffffffdcc
3194500: system.cpu: T0 : 0x105dc    : andi a4, a5, 255           : IntAlu :  D=0x0000000000000038
3195000: system.cpu: T0 : 0x105e0    : lw a5, -20(s0)             : MemRead :  D=0x0000000000000038 A=0x7ffffffffffffdcc
3195500: system.cpu: T0 : 0x105e4    : ld a2, -40(s0)             : MemRead :  D=0x0000000000071968 A=0x7ffffffffffffdb8
3196000: system.cpu: T0 : 0x105e8    : c_add a5, a2               : IntAlu :  D=0x00000000000719a0
3197000: system.cpu: T0 : 0x105ea    : subw a4, a3, a4            : IntAlu :  D=0x000000000000002c
3198000: system.cpu: T0 : 0x105ee    : andi a4, a4, 255           : IntAlu :  D=0x000000000000002c
3199000: system.cpu: T0 : 0x105f2    : sb a4, 0(a5)               : MemWrite :  D=0x000000000000002c A=0x719a0
3200000: system.cpu: T0 : 0x105f6    : lw a5, -20(s0)             : MemRead :  D=0x0000000000000038 A=0x7ffffffffffffdcc
3200500: system.cpu: T0 : 0x105fa    : c_addiw a5, 1              : IntAlu :  D=0x0000000000000039
3201000: system.cpu: T0 : 0x105fc    : sw a5, -20(s0)             : MemWrite :  D=0x0000000000000039 A=0x7ffffffffffffdcc
3201500: system.cpu: T0 : 0x10600    : lw a4, -20(s0)             : MemRead :  D=0x0000000000000039 A=0x7ffffffffffffdcc
3202000: system.cpu: T0 : 0x10604    : lw a5, -44(s0)             : MemRead :  D=0x0000000000000064 A=0x7ffffffffffffdb4
3202500: system.cpu: T0 : 0x10608    : c_addiw a4, 0              : IntAlu :  D=0x0000000000000039
3203000: system.cpu: T0 : 0x1060a    : c_addiw a5, 0              : IntAlu :  D=0x0000000000000064
3203500: system.cpu: T0 : 0x1060c    : blt a4, a5, -60            : IntAlu : 
3204000: system.cpu: T0 : 0x105d0    : lw a5, -44(s0)             : MemRead :  D=0x0000000000000064 A=0x7ffffffffffffdb4
3204500: system.cpu: T0 : 0x105d4    : andi a3, a5, 255           : IntAlu :  D=0x0000000000000064
3205000: system.cpu: T0 : 0x105d8    : lw a5, -20(s0)             : MemRead :  D=0x0000000000000039 A=0x7ffffffffffffdcc
3205500: system.cpu: T0 : 0x105dc    : andi a4, a5, 255           : IntAlu :  D=0x0000000000000039
3206000: system.cpu: T0 : 0x105e0    : lw a5, -20(s0)             : MemRead :  D=0x0000000000000039 A=0x7ffffffffffffdcc
3206500: system.cpu: T0 : 0x105e4    : ld a2, -40(s0)             : MemRead :  D=0x0000000000071968 A=0x7ffffffffffffdb8
3207000: system.cpu: T0 : 0x105e8    : c_add a5, a2               : IntAlu :  D=0x00000000000719a1
3208000: system.cpu: T0 : 0x105ea    : subw a4, a3, a4            : IntAlu :  D=0x000000000000002b
3209000: system.cpu: T0 : 0x105ee    : andi a4, a4, 255           : IntAlu :  D=0x000000000000002b
3210000: system.cpu: T0 : 0x105f2    : sb a4, 0(a5)               : MemWrite :  D=0x000000000000002b A=0x719a1
3211000: system.cpu: T0 : 0x105f6    : lw a5, -20(s0)             : MemRead :  D=0x0000000000000039 A=0x7ffffffffffffdcc
3211500: system.cpu: T0 : 0x105fa    : c_addiw a5, 1              : IntAlu :  D=0x000000000000003a
3212000: system.cpu: T0 : 0x105fc    : sw a5, -20(s0)             : MemWrite :  D=0x000000000000003a A=0x7ffffffffffffdcc
3212500: system.cpu: T0 : 0x10600    : lw a4, -20(s0)             : MemRead :  D=0x000000000000003a A=0x7ffffffffffffdcc
3213000: system.cpu: T0 : 0x10604    : lw a5, -44(s0)             : MemRead :  D=0x0000000000000064 A=0x7ffffffffffffdb4
3213500: system.cpu: T0 : 0x10608    : c_addiw a4, 0              : IntAlu :  D=0x000000000000003a
3214000: system.cpu: T0 : 0x1060a    : c_addiw a5, 0              : IntAlu :  D=0x0000000000000064
3214500: system.cpu: T0 : 0x1060c    : blt a4, a5, -60            : IntAlu : 
3215000: system.cpu: T0 : 0x105d0    : lw a5, -44(s0)             : MemRead :  D=0x0000000000000064 A=0x7ffffffffffffdb4
3215500: system.cpu: T0 : 0x105d4    : andi a3, a5, 255           : IntAlu :  D=0x0000000000000064
3216000: system.cpu: T0 : 0x105d8    : lw a5, -20(s0)             : MemRead :  D=0x000000000000003a A=0x7ffffffffffffdcc
3216500: system.cpu: T0 : 0x105dc    : andi a4, a5, 255           : IntAlu :  D=0x000000000000003a
3217000: system.cpu: T0 : 0x105e0    : lw a5, -20(s0)             : MemRead :  D=0x000000000000003a A=0x7ffffffffffffdcc
3217500: system.cpu: T0 : 0x105e4    : ld a2, -40(s0)             : MemRead :  D=0x0000000000071968 A=0x7ffffffffffffdb8
3218000: system.cpu: T0 : 0x105e8    : c_add a5, a2               : IntAlu :  D=0x00000000000719a2
3219000: system.cpu: T0 : 0x105ea    : subw a4, a3, a4            : IntAlu :  D=0x000000000000002a
3220000: system.cpu: T0 : 0x105ee    : andi a4, a4, 255           : IntAlu :  D=0x000000000000002a
3221000: system.cpu: T0 : 0x105f2    : sb a4, 0(a5)               : MemWrite :  D=0x000000000000002a A=0x719a2
3222000: system.cpu: T0 : 0x105f6    : lw a5, -20(s0)             : MemRead :  D=0x000000000000003a A=0x7ffffffffffffdcc
3222500: system.cpu: T0 : 0x105fa    : c_addiw a5, 1              : IntAlu :  D=0x000000000000003b
3223000: system.cpu: T0 : 0x105fc    : sw a5, -20(s0)             : MemWrite :  D=0x000000000000003b A=0x7ffffffffffffdcc
3223500: system.cpu: T0 : 0x10600    : lw a4, -20(s0)             : MemRead :  D=0x000000000000003b A=0x7ffffffffffffdcc
3224000: system.cpu: T0 : 0x10604    : lw a5, -44(s0)             : MemRead :  D=0x0000000000000064 A=0x7ffffffffffffdb4
3224500: system.cpu: T0 : 0x10608    : c_addiw a4, 0              : IntAlu :  D=0x000000000000003b
3225000: system.cpu: T0 : 0x1060a    : c_addiw a5, 0              : IntAlu :  D=0x0000000000000064
3225500: system.cpu: T0 : 0x1060c    : blt a4, a5, -60            : IntAlu : 
3226000: system.cpu: T0 : 0x105d0    : lw a5, -44(s0)             : MemRead :  D=0x0000000000000064 A=0x7ffffffffffffdb4
3226500: system.cpu: T0 : 0x105d4    : andi a3, a5, 255           : IntAlu :  D=0x0000000000000064
3227000: system.cpu: T0 : 0x105d8    : lw a5, -20(s0)             : MemRead :  D=0x000000000000003b A=0x7ffffffffffffdcc
3227500: system.cpu: T0 : 0x105dc    : andi a4, a5, 255           : IntAlu :  D=0x000000000000003b
3228000: system.cpu: T0 : 0x105e0    : lw a5, -20(s0)             : MemRead :  D=0x000000000000003b A=0x7ffffffffffffdcc
3228500: system.cpu: T0 : 0x105e4    : ld a2, -40(s0)             : MemRead :  D=0x0000000000071968 A=0x7ffffffffffffdb8
3229000: system.cpu: T0 : 0x105e8    : c_add a5, a2               : IntAlu :  D=0x00000000000719a3
3230000: system.cpu: T0 : 0x105ea    : subw a4, a3, a4            : IntAlu :  D=0x0000000000000029
3231000: system.cpu: T0 : 0x105ee    : andi a4, a4, 255           : IntAlu :  D=0x0000000000000029
3232000: system.cpu: T0 : 0x105f2    : sb a4, 0(a5)               : MemWrite :  D=0x0000000000000029 A=0x719a3
3233000: system.cpu: T0 : 0x105f6    : lw a5, -20(s0)             : MemRead :  D=0x000000000000003b A=0x7ffffffffffffdcc
3233500: system.cpu: T0 : 0x105fa    : c_addiw a5, 1              : IntAlu :  D=0x000000000000003c
3234000: system.cpu: T0 : 0x105fc    : sw a5, -20(s0)             : MemWrite :  D=0x000000000000003c A=0x7ffffffffffffdcc
3234500: system.cpu: T0 : 0x10600    : lw a4, -20(s0)             : MemRead :  D=0x000000000000003c A=0x7ffffffffffffdcc
3235000: system.cpu: T0 : 0x10604    : lw a5, -44(s0)             : MemRead :  D=0x0000000000000064 A=0x7ffffffffffffdb4
3235500: system.cpu: T0 : 0x10608    : c_addiw a4, 0              : IntAlu :  D=0x000000000000003c
3236000: system.cpu: T0 : 0x1060a    : c_addiw a5, 0              : IntAlu :  D=0x0000000000000064
3236500: system.cpu: T0 : 0x1060c    : blt a4, a5, -60            : IntAlu : 
3237000: system.cpu: T0 : 0x105d0    : lw a5, -44(s0)             : MemRead :  D=0x0000000000000064 A=0x7ffffffffffffdb4
3237500: system.cpu: T0 : 0x105d4    : andi a3, a5, 255           : IntAlu :  D=0x0000000000000064
3238000: system.cpu: T0 : 0x105d8    : lw a5, -20(s0)             : MemRead :  D=0x000000000000003c A=0x7ffffffffffffdcc
3238500: system.cpu: T0 : 0x105dc    : andi a4, a5, 255           : IntAlu :  D=0x000000000000003c
3239000: system.cpu: T0 : 0x105e0    : lw a5, -20(s0)             : MemRead :  D=0x000000000000003c A=0x7ffffffffffffdcc
3239500: system.cpu: T0 : 0x105e4    : ld a2, -40(s0)             : MemRead :  D=0x0000000000071968 A=0x7ffffffffffffdb8
3240000: system.cpu: T0 : 0x105e8    : c_add a5, a2               : IntAlu :  D=0x00000000000719a4
3241000: system.cpu: T0 : 0x105ea    : subw a4, a3, a4            : IntAlu :  D=0x0000000000000028
3242000: system.cpu: T0 : 0x105ee    : andi a4, a4, 255           : IntAlu :  D=0x0000000000000028
3243000: system.cpu: T0 : 0x105f2    : sb a4, 0(a5)               : MemWrite :  D=0x0000000000000028 A=0x719a4
3244000: system.cpu: T0 : 0x105f6    : lw a5, -20(s0)             : MemRead :  D=0x000000000000003c A=0x7ffffffffffffdcc
3244500: system.cpu: T0 : 0x105fa    : c_addiw a5, 1              : IntAlu :  D=0x000000000000003d
3245000: system.cpu: T0 : 0x105fc    : sw a5, -20(s0)             : MemWrite :  D=0x000000000000003d A=0x7ffffffffffffdcc
3245500: system.cpu: T0 : 0x10600    : lw a4, -20(s0)             : MemRead :  D=0x000000000000003d A=0x7ffffffffffffdcc
3246000: system.cpu: T0 : 0x10604    : lw a5, -44(s0)             : MemRead :  D=0x0000000000000064 A=0x7ffffffffffffdb4
3246500: system.cpu: T0 : 0x10608    : c_addiw a4, 0              : IntAlu :  D=0x000000000000003d
3247000: system.cpu: T0 : 0x1060a    : c_addiw a5, 0              : IntAlu :  D=0x0000000000000064
3247500: system.cpu: T0 : 0x1060c    : blt a4, a5, -60            : IntAlu : 
3248000: system.cpu: T0 : 0x105d0    : lw a5, -44(s0)             : MemRead :  D=0x0000000000000064 A=0x7ffffffffffffdb4
3248500: system.cpu: T0 : 0x105d4    : andi a3, a5, 255           : IntAlu :  D=0x0000000000000064
3249000: system.cpu: T0 : 0x105d8    : lw a5, -20(s0)             : MemRead :  D=0x000000000000003d A=0x7ffffffffffffdcc
3249500: system.cpu: T0 : 0x105dc    : andi a4, a5, 255           : IntAlu :  D=0x000000000000003d
3250000: system.cpu: T0 : 0x105e0    : lw a5, -20(s0)             : MemRead :  D=0x000000000000003d A=0x7ffffffffffffdcc
3250500: system.cpu: T0 : 0x105e4    : ld a2, -40(s0)             : MemRead :  D=0x0000000000071968 A=0x7ffffffffffffdb8
3251000: system.cpu: T0 : 0x105e8    : c_add a5, a2               : IntAlu :  D=0x00000000000719a5
3252000: system.cpu: T0 : 0x105ea    : subw a4, a3, a4            : IntAlu :  D=0x0000000000000027
3253000: system.cpu: T0 : 0x105ee    : andi a4, a4, 255           : IntAlu :  D=0x0000000000000027
3254000: system.cpu: T0 : 0x105f2    : sb a4, 0(a5)               : MemWrite :  D=0x0000000000000027 A=0x719a5
3255000: system.cpu: T0 : 0x105f6    : lw a5, -20(s0)             : MemRead :  D=0x000000000000003d A=0x7ffffffffffffdcc
3255500: system.cpu: T0 : 0x105fa    : c_addiw a5, 1              : IntAlu :  D=0x000000000000003e
3256000: system.cpu: T0 : 0x105fc    : sw a5, -20(s0)             : MemWrite :  D=0x000000000000003e A=0x7ffffffffffffdcc
3256500: system.cpu: T0 : 0x10600    : lw a4, -20(s0)             : MemRead :  D=0x000000000000003e A=0x7ffffffffffffdcc
3257000: system.cpu: T0 : 0x10604    : lw a5, -44(s0)             : MemRead :  D=0x0000000000000064 A=0x7ffffffffffffdb4
3257500: system.cpu: T0 : 0x10608    : c_addiw a4, 0              : IntAlu :  D=0x000000000000003e
3258000: system.cpu: T0 : 0x1060a    : c_addiw a5, 0              : IntAlu :  D=0x0000000000000064
3258500: system.cpu: T0 : 0x1060c    : blt a4, a5, -60            : IntAlu : 
3259000: system.cpu: T0 : 0x105d0    : lw a5, -44(s0)             : MemRead :  D=0x0000000000000064 A=0x7ffffffffffffdb4
3259500: system.cpu: T0 : 0x105d4    : andi a3, a5, 255           : IntAlu :  D=0x0000000000000064
3260000: system.cpu: T0 : 0x105d8    : lw a5, -20(s0)             : MemRead :  D=0x000000000000003e A=0x7ffffffffffffdcc
3260500: system.cpu: T0 : 0x105dc    : andi a4, a5, 255           : IntAlu :  D=0x000000000000003e
3261000: system.cpu: T0 : 0x105e0    : lw a5, -20(s0)             : MemRead :  D=0x000000000000003e A=0x7ffffffffffffdcc
3261500: system.cpu: T0 : 0x105e4    : ld a2, -40(s0)             : MemRead :  D=0x0000000000071968 A=0x7ffffffffffffdb8
3262000: system.cpu: T0 : 0x105e8    : c_add a5, a2               : IntAlu :  D=0x00000000000719a6
3263000: system.cpu: T0 : 0x105ea    : subw a4, a3, a4            : IntAlu :  D=0x0000000000000026
3264000: system.cpu: T0 : 0x105ee    : andi a4, a4, 255           : IntAlu :  D=0x0000000000000026
3265000: system.cpu: T0 : 0x105f2    : sb a4, 0(a5)               : MemWrite :  D=0x0000000000000026 A=0x719a6
3266000: system.cpu: T0 : 0x105f6    : lw a5, -20(s0)             : MemRead :  D=0x000000000000003e A=0x7ffffffffffffdcc
3266500: system.cpu: T0 : 0x105fa    : c_addiw a5, 1              : IntAlu :  D=0x000000000000003f
3267000: system.cpu: T0 : 0x105fc    : sw a5, -20(s0)             : MemWrite :  D=0x000000000000003f A=0x7ffffffffffffdcc
3267500: system.cpu: T0 : 0x10600    : lw a4, -20(s0)             : MemRead :  D=0x000000000000003f A=0x7ffffffffffffdcc
3268000: system.cpu: T0 : 0x10604    : lw a5, -44(s0)             : MemRead :  D=0x0000000000000064 A=0x7ffffffffffffdb4
3268500: system.cpu: T0 : 0x10608    : c_addiw a4, 0              : IntAlu :  D=0x000000000000003f
3269000: system.cpu: T0 : 0x1060a    : c_addiw a5, 0              : IntAlu :  D=0x0000000000000064
3269500: system.cpu: T0 : 0x1060c    : blt a4, a5, -60            : IntAlu : 
3270000: system.cpu: T0 : 0x105d0    : lw a5, -44(s0)             : MemRead :  D=0x0000000000000064 A=0x7ffffffffffffdb4
3270500: system.cpu: T0 : 0x105d4    : andi a3, a5, 255           : IntAlu :  D=0x0000000000000064
3271000: system.cpu: T0 : 0x105d8    : lw a5, -20(s0)             : MemRead :  D=0x000000000000003f A=0x7ffffffffffffdcc
3271500: system.cpu: T0 : 0x105dc    : andi a4, a5, 255           : IntAlu :  D=0x000000000000003f
3272000: system.cpu: T0 : 0x105e0    : lw a5, -20(s0)             : MemRead :  D=0x000000000000003f A=0x7ffffffffffffdcc
3272500: system.cpu: T0 : 0x105e4    : ld a2, -40(s0)             : MemRead :  D=0x0000000000071968 A=0x7ffffffffffffdb8
3273000: system.cpu: T0 : 0x105e8    : c_add a5, a2               : IntAlu :  D=0x00000000000719a7
3274000: system.cpu: T0 : 0x105ea    : subw a4, a3, a4            : IntAlu :  D=0x0000000000000025
3275000: system.cpu: T0 : 0x105ee    : andi a4, a4, 255           : IntAlu :  D=0x0000000000000025
3276000: system.cpu: T0 : 0x105f2    : sb a4, 0(a5)               : MemWrite :  D=0x0000000000000025 A=0x719a7
3277000: system.cpu: T0 : 0x105f6    : lw a5, -20(s0)             : MemRead :  D=0x000000000000003f A=0x7ffffffffffffdcc
3277500: system.cpu: T0 : 0x105fa    : c_addiw a5, 1              : IntAlu :  D=0x0000000000000040
3278000: system.cpu: T0 : 0x105fc    : sw a5, -20(s0)             : MemWrite :  D=0x0000000000000040 A=0x7ffffffffffffdcc
3278500: system.cpu: T0 : 0x10600    : lw a4, -20(s0)             : MemRead :  D=0x0000000000000040 A=0x7ffffffffffffdcc
3279000: system.cpu: T0 : 0x10604    : lw a5, -44(s0)             : MemRead :  D=0x0000000000000064 A=0x7ffffffffffffdb4
3279500: system.cpu: T0 : 0x10608    : c_addiw a4, 0              : IntAlu :  D=0x0000000000000040
3280000: system.cpu: T0 : 0x1060a    : c_addiw a5, 0              : IntAlu :  D=0x0000000000000064
3280500: system.cpu: T0 : 0x1060c    : blt a4, a5, -60            : IntAlu : 
3281000: system.cpu: T0 : 0x105d0    : lw a5, -44(s0)             : MemRead :  D=0x0000000000000064 A=0x7ffffffffffffdb4
3281500: system.cpu: T0 : 0x105d4    : andi a3, a5, 255           : IntAlu :  D=0x0000000000000064
3282000: system.cpu: T0 : 0x105d8    : lw a5, -20(s0)             : MemRead :  D=0x0000000000000040 A=0x7ffffffffffffdcc
3282500: system.cpu: T0 : 0x105dc    : andi a4, a5, 255           : IntAlu :  D=0x0000000000000040
3283000: system.cpu: T0 : 0x105e0    : lw a5, -20(s0)             : MemRead :  D=0x0000000000000040 A=0x7ffffffffffffdcc
3283500: system.cpu: T0 : 0x105e4    : ld a2, -40(s0)             : MemRead :  D=0x0000000000071968 A=0x7ffffffffffffdb8
3284000: system.cpu: T0 : 0x105e8    : c_add a5, a2               : IntAlu :  D=0x00000000000719a8
3285000: system.cpu: T0 : 0x105ea    : subw a4, a3, a4            : IntAlu :  D=0x0000000000000024
3286000: system.cpu: T0 : 0x105ee    : andi a4, a4, 255           : IntAlu :  D=0x0000000000000024
3287000: system.cpu: T0 : 0x105f2    : sb a4, 0(a5)               : MemWrite :  D=0x0000000000000024 A=0x719a8
3288000: system.cpu: T0 : 0x105f6    : lw a5, -20(s0)             : MemRead :  D=0x0000000000000040 A=0x7ffffffffffffdcc
3288500: system.cpu: T0 : 0x105fa    : c_addiw a5, 1              : IntAlu :  D=0x0000000000000041
3289000: system.cpu: T0 : 0x105fc    : sw a5, -20(s0)             : MemWrite :  D=0x0000000000000041 A=0x7ffffffffffffdcc
3289500: system.cpu: T0 : 0x10600    : lw a4, -20(s0)             : MemRead :  D=0x0000000000000041 A=0x7ffffffffffffdcc
3290000: system.cpu: T0 : 0x10604    : lw a5, -44(s0)             : MemRead :  D=0x0000000000000064 A=0x7ffffffffffffdb4
3290500: system.cpu: T0 : 0x10608    : c_addiw a4, 0              : IntAlu :  D=0x0000000000000041
3291000: system.cpu: T0 : 0x1060a    : c_addiw a5, 0              : IntAlu :  D=0x0000000000000064
3291500: system.cpu: T0 : 0x1060c    : blt a4, a5, -60            : IntAlu : 
3292000: system.cpu: T0 : 0x105d0    : lw a5, -44(s0)             : MemRead :  D=0x0000000000000064 A=0x7ffffffffffffdb4
3292500: system.cpu: T0 : 0x105d4    : andi a3, a5, 255           : IntAlu :  D=0x0000000000000064
3293000: system.cpu: T0 : 0x105d8    : lw a5, -20(s0)             : MemRead :  D=0x0000000000000041 A=0x7ffffffffffffdcc
3293500: system.cpu: T0 : 0x105dc    : andi a4, a5, 255           : IntAlu :  D=0x0000000000000041
3294000: system.cpu: T0 : 0x105e0    : lw a5, -20(s0)             : MemRead :  D=0x0000000000000041 A=0x7ffffffffffffdcc
3294500: system.cpu: T0 : 0x105e4    : ld a2, -40(s0)             : MemRead :  D=0x0000000000071968 A=0x7ffffffffffffdb8
3295000: system.cpu: T0 : 0x105e8    : c_add a5, a2               : IntAlu :  D=0x00000000000719a9
3296000: system.cpu: T0 : 0x105ea    : subw a4, a3, a4            : IntAlu :  D=0x0000000000000023
3297000: system.cpu: T0 : 0x105ee    : andi a4, a4, 255           : IntAlu :  D=0x0000000000000023
3298000: system.cpu: T0 : 0x105f2    : sb a4, 0(a5)               : MemWrite :  D=0x0000000000000023 A=0x719a9
3299000: system.cpu: T0 : 0x105f6    : lw a5, -20(s0)             : MemRead :  D=0x0000000000000041 A=0x7ffffffffffffdcc
3299500: system.cpu: T0 : 0x105fa    : c_addiw a5, 1              : IntAlu :  D=0x0000000000000042
3300000: system.cpu: T0 : 0x105fc    : sw a5, -20(s0)             : MemWrite :  D=0x0000000000000042 A=0x7ffffffffffffdcc
3300500: system.cpu: T0 : 0x10600    : lw a4, -20(s0)             : MemRead :  D=0x0000000000000042 A=0x7ffffffffffffdcc
3301000: system.cpu: T0 : 0x10604    : lw a5, -44(s0)             : MemRead :  D=0x0000000000000064 A=0x7ffffffffffffdb4
3301500: system.cpu: T0 : 0x10608    : c_addiw a4, 0              : IntAlu :  D=0x0000000000000042
3302000: system.cpu: T0 : 0x1060a    : c_addiw a5, 0              : IntAlu :  D=0x0000000000000064
3302500: system.cpu: T0 : 0x1060c    : blt a4, a5, -60            : IntAlu : 
3303000: system.cpu: T0 : 0x105d0    : lw a5, -44(s0)             : MemRead :  D=0x0000000000000064 A=0x7ffffffffffffdb4
3303500: system.cpu: T0 : 0x105d4    : andi a3, a5, 255           : IntAlu :  D=0x0000000000000064
3304000: system.cpu: T0 : 0x105d8    : lw a5, -20(s0)             : MemRead :  D=0x0000000000000042 A=0x7ffffffffffffdcc
3304500: system.cpu: T0 : 0x105dc    : andi a4, a5, 255           : IntAlu :  D=0x0000000000000042
3305000: system.cpu: T0 : 0x105e0    : lw a5, -20(s0)             : MemRead :  D=0x0000000000000042 A=0x7ffffffffffffdcc
3305500: system.cpu: T0 : 0x105e4    : ld a2, -40(s0)             : MemRead :  D=0x0000000000071968 A=0x7ffffffffffffdb8
3306000: system.cpu: T0 : 0x105e8    : c_add a5, a2               : IntAlu :  D=0x00000000000719aa
3307000: system.cpu: T0 : 0x105ea    : subw a4, a3, a4            : IntAlu :  D=0x0000000000000022
3308000: system.cpu: T0 : 0x105ee    : andi a4, a4, 255           : IntAlu :  D=0x0000000000000022
3309000: system.cpu: T0 : 0x105f2    : sb a4, 0(a5)               : MemWrite :  D=0x0000000000000022 A=0x719aa
3310000: system.cpu: T0 : 0x105f6    : lw a5, -20(s0)             : MemRead :  D=0x0000000000000042 A=0x7ffffffffffffdcc
3310500: system.cpu: T0 : 0x105fa    : c_addiw a5, 1              : IntAlu :  D=0x0000000000000043
3311000: system.cpu: T0 : 0x105fc    : sw a5, -20(s0)             : MemWrite :  D=0x0000000000000043 A=0x7ffffffffffffdcc
3311500: system.cpu: T0 : 0x10600    : lw a4, -20(s0)             : MemRead :  D=0x0000000000000043 A=0x7ffffffffffffdcc
3312000: system.cpu: T0 : 0x10604    : lw a5, -44(s0)             : MemRead :  D=0x0000000000000064 A=0x7ffffffffffffdb4
3312500: system.cpu: T0 : 0x10608    : c_addiw a4, 0              : IntAlu :  D=0x0000000000000043
3313000: system.cpu: T0 : 0x1060a    : c_addiw a5, 0              : IntAlu :  D=0x0000000000000064
3313500: system.cpu: T0 : 0x1060c    : blt a4, a5, -60            : IntAlu : 
3314000: system.cpu: T0 : 0x105d0    : lw a5, -44(s0)             : MemRead :  D=0x0000000000000064 A=0x7ffffffffffffdb4
3314500: system.cpu: T0 : 0x105d4    : andi a3, a5, 255           : IntAlu :  D=0x0000000000000064
3315000: system.cpu: T0 : 0x105d8    : lw a5, -20(s0)             : MemRead :  D=0x0000000000000043 A=0x7ffffffffffffdcc
3315500: system.cpu: T0 : 0x105dc    : andi a4, a5, 255           : IntAlu :  D=0x0000000000000043
3316000: system.cpu: T0 : 0x105e0    : lw a5, -20(s0)             : MemRead :  D=0x0000000000000043 A=0x7ffffffffffffdcc
3316500: system.cpu: T0 : 0x105e4    : ld a2, -40(s0)             : MemRead :  D=0x0000000000071968 A=0x7ffffffffffffdb8
3317000: system.cpu: T0 : 0x105e8    : c_add a5, a2               : IntAlu :  D=0x00000000000719ab
3318000: system.cpu: T0 : 0x105ea    : subw a4, a3, a4            : IntAlu :  D=0x0000000000000021
3319000: system.cpu: T0 : 0x105ee    : andi a4, a4, 255           : IntAlu :  D=0x0000000000000021
3320000: system.cpu: T0 : 0x105f2    : sb a4, 0(a5)               : MemWrite :  D=0x0000000000000021 A=0x719ab
3321000: system.cpu: T0 : 0x105f6    : lw a5, -20(s0)             : MemRead :  D=0x0000000000000043 A=0x7ffffffffffffdcc
3321500: system.cpu: T0 : 0x105fa    : c_addiw a5, 1              : IntAlu :  D=0x0000000000000044
3322000: system.cpu: T0 : 0x105fc    : sw a5, -20(s0)             : MemWrite :  D=0x0000000000000044 A=0x7ffffffffffffdcc
3322500: system.cpu: T0 : 0x10600    : lw a4, -20(s0)             : MemRead :  D=0x0000000000000044 A=0x7ffffffffffffdcc
3323000: system.cpu: T0 : 0x10604    : lw a5, -44(s0)             : MemRead :  D=0x0000000000000064 A=0x7ffffffffffffdb4
3323500: system.cpu: T0 : 0x10608    : c_addiw a4, 0              : IntAlu :  D=0x0000000000000044
3324000: system.cpu: T0 : 0x1060a    : c_addiw a5, 0              : IntAlu :  D=0x0000000000000064
3324500: system.cpu: T0 : 0x1060c    : blt a4, a5, -60            : IntAlu : 
3325000: system.cpu: T0 : 0x105d0    : lw a5, -44(s0)             : MemRead :  D=0x0000000000000064 A=0x7ffffffffffffdb4
3325500: system.cpu: T0 : 0x105d4    : andi a3, a5, 255           : IntAlu :  D=0x0000000000000064
3326000: system.cpu: T0 : 0x105d8    : lw a5, -20(s0)             : MemRead :  D=0x0000000000000044 A=0x7ffffffffffffdcc
3326500: system.cpu: T0 : 0x105dc    : andi a4, a5, 255           : IntAlu :  D=0x0000000000000044
3327000: system.cpu: T0 : 0x105e0    : lw a5, -20(s0)             : MemRead :  D=0x0000000000000044 A=0x7ffffffffffffdcc
3327500: system.cpu: T0 : 0x105e4    : ld a2, -40(s0)             : MemRead :  D=0x0000000000071968 A=0x7ffffffffffffdb8
3328000: system.cpu: T0 : 0x105e8    : c_add a5, a2               : IntAlu :  D=0x00000000000719ac
3329000: system.cpu: T0 : 0x105ea    : subw a4, a3, a4            : IntAlu :  D=0x0000000000000020
3330000: system.cpu: T0 : 0x105ee    : andi a4, a4, 255           : IntAlu :  D=0x0000000000000020
3331000: system.cpu: T0 : 0x105f2    : sb a4, 0(a5)               : MemWrite :  D=0x0000000000000020 A=0x719ac
3332000: system.cpu: T0 : 0x105f6    : lw a5, -20(s0)             : MemRead :  D=0x0000000000000044 A=0x7ffffffffffffdcc
3332500: system.cpu: T0 : 0x105fa    : c_addiw a5, 1              : IntAlu :  D=0x0000000000000045
3333000: system.cpu: T0 : 0x105fc    : sw a5, -20(s0)             : MemWrite :  D=0x0000000000000045 A=0x7ffffffffffffdcc
3333500: system.cpu: T0 : 0x10600    : lw a4, -20(s0)             : MemRead :  D=0x0000000000000045 A=0x7ffffffffffffdcc
3334000: system.cpu: T0 : 0x10604    : lw a5, -44(s0)             : MemRead :  D=0x0000000000000064 A=0x7ffffffffffffdb4
3334500: system.cpu: T0 : 0x10608    : c_addiw a4, 0              : IntAlu :  D=0x0000000000000045
3335000: system.cpu: T0 : 0x1060a    : c_addiw a5, 0              : IntAlu :  D=0x0000000000000064
3335500: system.cpu: T0 : 0x1060c    : blt a4, a5, -60            : IntAlu : 
3336000: system.cpu: T0 : 0x105d0    : lw a5, -44(s0)             : MemRead :  D=0x0000000000000064 A=0x7ffffffffffffdb4
3336500: system.cpu: T0 : 0x105d4    : andi a3, a5, 255           : IntAlu :  D=0x0000000000000064
3337000: system.cpu: T0 : 0x105d8    : lw a5, -20(s0)             : MemRead :  D=0x0000000000000045 A=0x7ffffffffffffdcc
3337500: system.cpu: T0 : 0x105dc    : andi a4, a5, 255           : IntAlu :  D=0x0000000000000045
3338000: system.cpu: T0 : 0x105e0    : lw a5, -20(s0)             : MemRead :  D=0x0000000000000045 A=0x7ffffffffffffdcc
3338500: system.cpu: T0 : 0x105e4    : ld a2, -40(s0)             : MemRead :  D=0x0000000000071968 A=0x7ffffffffffffdb8
3339000: system.cpu: T0 : 0x105e8    : c_add a5, a2               : IntAlu :  D=0x00000000000719ad
3340000: system.cpu: T0 : 0x105ea    : subw a4, a3, a4            : IntAlu :  D=0x000000000000001f
3341000: system.cpu: T0 : 0x105ee    : andi a4, a4, 255           : IntAlu :  D=0x000000000000001f
3342000: system.cpu: T0 : 0x105f2    : sb a4, 0(a5)               : MemWrite :  D=0x000000000000001f A=0x719ad
3343000: system.cpu: T0 : 0x105f6    : lw a5, -20(s0)             : MemRead :  D=0x0000000000000045 A=0x7ffffffffffffdcc
3343500: system.cpu: T0 : 0x105fa    : c_addiw a5, 1              : IntAlu :  D=0x0000000000000046
3344000: system.cpu: T0 : 0x105fc    : sw a5, -20(s0)             : MemWrite :  D=0x0000000000000046 A=0x7ffffffffffffdcc
3344500: system.cpu: T0 : 0x10600    : lw a4, -20(s0)             : MemRead :  D=0x0000000000000046 A=0x7ffffffffffffdcc
3345000: system.cpu: T0 : 0x10604    : lw a5, -44(s0)             : MemRead :  D=0x0000000000000064 A=0x7ffffffffffffdb4
3345500: system.cpu: T0 : 0x10608    : c_addiw a4, 0              : IntAlu :  D=0x0000000000000046
3346000: system.cpu: T0 : 0x1060a    : c_addiw a5, 0              : IntAlu :  D=0x0000000000000064
3346500: system.cpu: T0 : 0x1060c    : blt a4, a5, -60            : IntAlu : 
3347000: system.cpu: T0 : 0x105d0    : lw a5, -44(s0)             : MemRead :  D=0x0000000000000064 A=0x7ffffffffffffdb4
3347500: system.cpu: T0 : 0x105d4    : andi a3, a5, 255           : IntAlu :  D=0x0000000000000064
3348000: system.cpu: T0 : 0x105d8    : lw a5, -20(s0)             : MemRead :  D=0x0000000000000046 A=0x7ffffffffffffdcc
3348500: system.cpu: T0 : 0x105dc    : andi a4, a5, 255           : IntAlu :  D=0x0000000000000046
3349000: system.cpu: T0 : 0x105e0    : lw a5, -20(s0)             : MemRead :  D=0x0000000000000046 A=0x7ffffffffffffdcc
3349500: system.cpu: T0 : 0x105e4    : ld a2, -40(s0)             : MemRead :  D=0x0000000000071968 A=0x7ffffffffffffdb8
3350000: system.cpu: T0 : 0x105e8    : c_add a5, a2               : IntAlu :  D=0x00000000000719ae
3351000: system.cpu: T0 : 0x105ea    : subw a4, a3, a4            : IntAlu :  D=0x000000000000001e
3352000: system.cpu: T0 : 0x105ee    : andi a4, a4, 255           : IntAlu :  D=0x000000000000001e
3353000: system.cpu: T0 : 0x105f2    : sb a4, 0(a5)               : MemWrite :  D=0x000000000000001e A=0x719ae
3354000: system.cpu: T0 : 0x105f6    : lw a5, -20(s0)             : MemRead :  D=0x0000000000000046 A=0x7ffffffffffffdcc
3354500: system.cpu: T0 : 0x105fa    : c_addiw a5, 1              : IntAlu :  D=0x0000000000000047
3355000: system.cpu: T0 : 0x105fc    : sw a5, -20(s0)             : MemWrite :  D=0x0000000000000047 A=0x7ffffffffffffdcc
3355500: system.cpu: T0 : 0x10600    : lw a4, -20(s0)             : MemRead :  D=0x0000000000000047 A=0x7ffffffffffffdcc
3356000: system.cpu: T0 : 0x10604    : lw a5, -44(s0)             : MemRead :  D=0x0000000000000064 A=0x7ffffffffffffdb4
3356500: system.cpu: T0 : 0x10608    : c_addiw a4, 0              : IntAlu :  D=0x0000000000000047
3357000: system.cpu: T0 : 0x1060a    : c_addiw a5, 0              : IntAlu :  D=0x0000000000000064
3357500: system.cpu: T0 : 0x1060c    : blt a4, a5, -60            : IntAlu : 
3358000: system.cpu: T0 : 0x105d0    : lw a5, -44(s0)             : MemRead :  D=0x0000000000000064 A=0x7ffffffffffffdb4
3358500: system.cpu: T0 : 0x105d4    : andi a3, a5, 255           : IntAlu :  D=0x0000000000000064
3359000: system.cpu: T0 : 0x105d8    : lw a5, -20(s0)             : MemRead :  D=0x0000000000000047 A=0x7ffffffffffffdcc
3359500: system.cpu: T0 : 0x105dc    : andi a4, a5, 255           : IntAlu :  D=0x0000000000000047
3360000: system.cpu: T0 : 0x105e0    : lw a5, -20(s0)             : MemRead :  D=0x0000000000000047 A=0x7ffffffffffffdcc
3360500: system.cpu: T0 : 0x105e4    : ld a2, -40(s0)             : MemRead :  D=0x0000000000071968 A=0x7ffffffffffffdb8
3361000: system.cpu: T0 : 0x105e8    : c_add a5, a2               : IntAlu :  D=0x00000000000719af
3362000: system.cpu: T0 : 0x105ea    : subw a4, a3, a4            : IntAlu :  D=0x000000000000001d
3363000: system.cpu: T0 : 0x105ee    : andi a4, a4, 255           : IntAlu :  D=0x000000000000001d
3364000: system.cpu: T0 : 0x105f2    : sb a4, 0(a5)               : MemWrite :  D=0x000000000000001d A=0x719af
3365000: system.cpu: T0 : 0x105f6    : lw a5, -20(s0)             : MemRead :  D=0x0000000000000047 A=0x7ffffffffffffdcc
3365500: system.cpu: T0 : 0x105fa    : c_addiw a5, 1              : IntAlu :  D=0x0000000000000048
3366000: system.cpu: T0 : 0x105fc    : sw a5, -20(s0)             : MemWrite :  D=0x0000000000000048 A=0x7ffffffffffffdcc
3366500: system.cpu: T0 : 0x10600    : lw a4, -20(s0)             : MemRead :  D=0x0000000000000048 A=0x7ffffffffffffdcc
3367000: system.cpu: T0 : 0x10604    : lw a5, -44(s0)             : MemRead :  D=0x0000000000000064 A=0x7ffffffffffffdb4
3367500: system.cpu: T0 : 0x10608    : c_addiw a4, 0              : IntAlu :  D=0x0000000000000048
3368000: system.cpu: T0 : 0x1060a    : c_addiw a5, 0              : IntAlu :  D=0x0000000000000064
3368500: system.cpu: T0 : 0x1060c    : blt a4, a5, -60            : IntAlu : 
3369000: system.cpu: T0 : 0x105d0    : lw a5, -44(s0)             : MemRead :  D=0x0000000000000064 A=0x7ffffffffffffdb4
3369500: system.cpu: T0 : 0x105d4    : andi a3, a5, 255           : IntAlu :  D=0x0000000000000064
3370000: system.cpu: T0 : 0x105d8    : lw a5, -20(s0)             : MemRead :  D=0x0000000000000048 A=0x7ffffffffffffdcc
3370500: system.cpu: T0 : 0x105dc    : andi a4, a5, 255           : IntAlu :  D=0x0000000000000048
3371000: system.cpu: T0 : 0x105e0    : lw a5, -20(s0)             : MemRead :  D=0x0000000000000048 A=0x7ffffffffffffdcc
3371500: system.cpu: T0 : 0x105e4    : ld a2, -40(s0)             : MemRead :  D=0x0000000000071968 A=0x7ffffffffffffdb8
3372000: system.cpu: T0 : 0x105e8    : c_add a5, a2               : IntAlu :  D=0x00000000000719b0
3373000: system.cpu: T0 : 0x105ea    : subw a4, a3, a4            : IntAlu :  D=0x000000000000001c
3374000: system.cpu: T0 : 0x105ee    : andi a4, a4, 255           : IntAlu :  D=0x000000000000001c
3375000: system.cpu: T0 : 0x105f2    : sb a4, 0(a5)               : MemWrite :  D=0x000000000000001c A=0x719b0
3376000: system.cpu: T0 : 0x105f6    : lw a5, -20(s0)             : MemRead :  D=0x0000000000000048 A=0x7ffffffffffffdcc
3376500: system.cpu: T0 : 0x105fa    : c_addiw a5, 1              : IntAlu :  D=0x0000000000000049
3377000: system.cpu: T0 : 0x105fc    : sw a5, -20(s0)             : MemWrite :  D=0x0000000000000049 A=0x7ffffffffffffdcc
3377500: system.cpu: T0 : 0x10600    : lw a4, -20(s0)             : MemRead :  D=0x0000000000000049 A=0x7ffffffffffffdcc
3378000: system.cpu: T0 : 0x10604    : lw a5, -44(s0)             : MemRead :  D=0x0000000000000064 A=0x7ffffffffffffdb4
3378500: system.cpu: T0 : 0x10608    : c_addiw a4, 0              : IntAlu :  D=0x0000000000000049
3379000: system.cpu: T0 : 0x1060a    : c_addiw a5, 0              : IntAlu :  D=0x0000000000000064
3379500: system.cpu: T0 : 0x1060c    : blt a4, a5, -60            : IntAlu : 
3380000: system.cpu: T0 : 0x105d0    : lw a5, -44(s0)             : MemRead :  D=0x0000000000000064 A=0x7ffffffffffffdb4
3380500: system.cpu: T0 : 0x105d4    : andi a3, a5, 255           : IntAlu :  D=0x0000000000000064
3381000: system.cpu: T0 : 0x105d8    : lw a5, -20(s0)             : MemRead :  D=0x0000000000000049 A=0x7ffffffffffffdcc
3381500: system.cpu: T0 : 0x105dc    : andi a4, a5, 255           : IntAlu :  D=0x0000000000000049
3382000: system.cpu: T0 : 0x105e0    : lw a5, -20(s0)             : MemRead :  D=0x0000000000000049 A=0x7ffffffffffffdcc
3382500: system.cpu: T0 : 0x105e4    : ld a2, -40(s0)             : MemRead :  D=0x0000000000071968 A=0x7ffffffffffffdb8
3383000: system.cpu: T0 : 0x105e8    : c_add a5, a2               : IntAlu :  D=0x00000000000719b1
3384000: system.cpu: T0 : 0x105ea    : subw a4, a3, a4            : IntAlu :  D=0x000000000000001b
3385000: system.cpu: T0 : 0x105ee    : andi a4, a4, 255           : IntAlu :  D=0x000000000000001b
3386000: system.cpu: T0 : 0x105f2    : sb a4, 0(a5)               : MemWrite :  D=0x000000000000001b A=0x719b1
3387000: system.cpu: T0 : 0x105f6    : lw a5, -20(s0)             : MemRead :  D=0x0000000000000049 A=0x7ffffffffffffdcc
3387500: system.cpu: T0 : 0x105fa    : c_addiw a5, 1              : IntAlu :  D=0x000000000000004a
3388000: system.cpu: T0 : 0x105fc    : sw a5, -20(s0)             : MemWrite :  D=0x000000000000004a A=0x7ffffffffffffdcc
3388500: system.cpu: T0 : 0x10600    : lw a4, -20(s0)             : MemRead :  D=0x000000000000004a A=0x7ffffffffffffdcc
3389000: system.cpu: T0 : 0x10604    : lw a5, -44(s0)             : MemRead :  D=0x0000000000000064 A=0x7ffffffffffffdb4
3389500: system.cpu: T0 : 0x10608    : c_addiw a4, 0              : IntAlu :  D=0x000000000000004a
3390000: system.cpu: T0 : 0x1060a    : c_addiw a5, 0              : IntAlu :  D=0x0000000000000064
3390500: system.cpu: T0 : 0x1060c    : blt a4, a5, -60            : IntAlu : 
3391000: system.cpu: T0 : 0x105d0    : lw a5, -44(s0)             : MemRead :  D=0x0000000000000064 A=0x7ffffffffffffdb4
3391500: system.cpu: T0 : 0x105d4    : andi a3, a5, 255           : IntAlu :  D=0x0000000000000064
3392000: system.cpu: T0 : 0x105d8    : lw a5, -20(s0)             : MemRead :  D=0x000000000000004a A=0x7ffffffffffffdcc
3392500: system.cpu: T0 : 0x105dc    : andi a4, a5, 255           : IntAlu :  D=0x000000000000004a
3393000: system.cpu: T0 : 0x105e0    : lw a5, -20(s0)             : MemRead :  D=0x000000000000004a A=0x7ffffffffffffdcc
3393500: system.cpu: T0 : 0x105e4    : ld a2, -40(s0)             : MemRead :  D=0x0000000000071968 A=0x7ffffffffffffdb8
3394000: system.cpu: T0 : 0x105e8    : c_add a5, a2               : IntAlu :  D=0x00000000000719b2
3395000: system.cpu: T0 : 0x105ea    : subw a4, a3, a4            : IntAlu :  D=0x000000000000001a
3396000: system.cpu: T0 : 0x105ee    : andi a4, a4, 255           : IntAlu :  D=0x000000000000001a
3397000: system.cpu: T0 : 0x105f2    : sb a4, 0(a5)               : MemWrite :  D=0x000000000000001a A=0x719b2
3398000: system.cpu: T0 : 0x105f6    : lw a5, -20(s0)             : MemRead :  D=0x000000000000004a A=0x7ffffffffffffdcc
3398500: system.cpu: T0 : 0x105fa    : c_addiw a5, 1              : IntAlu :  D=0x000000000000004b
3399000: system.cpu: T0 : 0x105fc    : sw a5, -20(s0)             : MemWrite :  D=0x000000000000004b A=0x7ffffffffffffdcc
3399500: system.cpu: T0 : 0x10600    : lw a4, -20(s0)             : MemRead :  D=0x000000000000004b A=0x7ffffffffffffdcc
3400000: system.cpu: T0 : 0x10604    : lw a5, -44(s0)             : MemRead :  D=0x0000000000000064 A=0x7ffffffffffffdb4
3400500: system.cpu: T0 : 0x10608    : c_addiw a4, 0              : IntAlu :  D=0x000000000000004b
3401000: system.cpu: T0 : 0x1060a    : c_addiw a5, 0              : IntAlu :  D=0x0000000000000064
3401500: system.cpu: T0 : 0x1060c    : blt a4, a5, -60            : IntAlu : 
3402000: system.cpu: T0 : 0x105d0    : lw a5, -44(s0)             : MemRead :  D=0x0000000000000064 A=0x7ffffffffffffdb4
3402500: system.cpu: T0 : 0x105d4    : andi a3, a5, 255           : IntAlu :  D=0x0000000000000064
3403000: system.cpu: T0 : 0x105d8    : lw a5, -20(s0)             : MemRead :  D=0x000000000000004b A=0x7ffffffffffffdcc
3403500: system.cpu: T0 : 0x105dc    : andi a4, a5, 255           : IntAlu :  D=0x000000000000004b
3404000: system.cpu: T0 : 0x105e0    : lw a5, -20(s0)             : MemRead :  D=0x000000000000004b A=0x7ffffffffffffdcc
3404500: system.cpu: T0 : 0x105e4    : ld a2, -40(s0)             : MemRead :  D=0x0000000000071968 A=0x7ffffffffffffdb8
3405000: system.cpu: T0 : 0x105e8    : c_add a5, a2               : IntAlu :  D=0x00000000000719b3
3406000: system.cpu: T0 : 0x105ea    : subw a4, a3, a4            : IntAlu :  D=0x0000000000000019
3407000: system.cpu: T0 : 0x105ee    : andi a4, a4, 255           : IntAlu :  D=0x0000000000000019
3408000: system.cpu: T0 : 0x105f2    : sb a4, 0(a5)               : MemWrite :  D=0x0000000000000019 A=0x719b3
3409000: system.cpu: T0 : 0x105f6    : lw a5, -20(s0)             : MemRead :  D=0x000000000000004b A=0x7ffffffffffffdcc
3409500: system.cpu: T0 : 0x105fa    : c_addiw a5, 1              : IntAlu :  D=0x000000000000004c
3410000: system.cpu: T0 : 0x105fc    : sw a5, -20(s0)             : MemWrite :  D=0x000000000000004c A=0x7ffffffffffffdcc
3410500: system.cpu: T0 : 0x10600    : lw a4, -20(s0)             : MemRead :  D=0x000000000000004c A=0x7ffffffffffffdcc
3411000: system.cpu: T0 : 0x10604    : lw a5, -44(s0)             : MemRead :  D=0x0000000000000064 A=0x7ffffffffffffdb4
3411500: system.cpu: T0 : 0x10608    : c_addiw a4, 0              : IntAlu :  D=0x000000000000004c
3412000: system.cpu: T0 : 0x1060a    : c_addiw a5, 0              : IntAlu :  D=0x0000000000000064
3412500: system.cpu: T0 : 0x1060c    : blt a4, a5, -60            : IntAlu : 
3413000: system.cpu: T0 : 0x105d0    : lw a5, -44(s0)             : MemRead :  D=0x0000000000000064 A=0x7ffffffffffffdb4
3413500: system.cpu: T0 : 0x105d4    : andi a3, a5, 255           : IntAlu :  D=0x0000000000000064
3414000: system.cpu: T0 : 0x105d8    : lw a5, -20(s0)             : MemRead :  D=0x000000000000004c A=0x7ffffffffffffdcc
3414500: system.cpu: T0 : 0x105dc    : andi a4, a5, 255           : IntAlu :  D=0x000000000000004c
3415000: system.cpu: T0 : 0x105e0    : lw a5, -20(s0)             : MemRead :  D=0x000000000000004c A=0x7ffffffffffffdcc
3415500: system.cpu: T0 : 0x105e4    : ld a2, -40(s0)             : MemRead :  D=0x0000000000071968 A=0x7ffffffffffffdb8
3416000: system.cpu: T0 : 0x105e8    : c_add a5, a2               : IntAlu :  D=0x00000000000719b4
3417000: system.cpu: T0 : 0x105ea    : subw a4, a3, a4            : IntAlu :  D=0x0000000000000018
3418000: system.cpu: T0 : 0x105ee    : andi a4, a4, 255           : IntAlu :  D=0x0000000000000018
3419000: system.cpu: T0 : 0x105f2    : sb a4, 0(a5)               : MemWrite :  D=0x0000000000000018 A=0x719b4
3420000: system.cpu: T0 : 0x105f6    : lw a5, -20(s0)             : MemRead :  D=0x000000000000004c A=0x7ffffffffffffdcc
3420500: system.cpu: T0 : 0x105fa    : c_addiw a5, 1              : IntAlu :  D=0x000000000000004d
3421000: system.cpu: T0 : 0x105fc    : sw a5, -20(s0)             : MemWrite :  D=0x000000000000004d A=0x7ffffffffffffdcc
3421500: system.cpu: T0 : 0x10600    : lw a4, -20(s0)             : MemRead :  D=0x000000000000004d A=0x7ffffffffffffdcc
3422000: system.cpu: T0 : 0x10604    : lw a5, -44(s0)             : MemRead :  D=0x0000000000000064 A=0x7ffffffffffffdb4
3422500: system.cpu: T0 : 0x10608    : c_addiw a4, 0              : IntAlu :  D=0x000000000000004d
3423000: system.cpu: T0 : 0x1060a    : c_addiw a5, 0              : IntAlu :  D=0x0000000000000064
3423500: system.cpu: T0 : 0x1060c    : blt a4, a5, -60            : IntAlu : 
3424000: system.cpu: T0 : 0x105d0    : lw a5, -44(s0)             : MemRead :  D=0x0000000000000064 A=0x7ffffffffffffdb4
3424500: system.cpu: T0 : 0x105d4    : andi a3, a5, 255           : IntAlu :  D=0x0000000000000064
3425000: system.cpu: T0 : 0x105d8    : lw a5, -20(s0)             : MemRead :  D=0x000000000000004d A=0x7ffffffffffffdcc
3425500: system.cpu: T0 : 0x105dc    : andi a4, a5, 255           : IntAlu :  D=0x000000000000004d
3426000: system.cpu: T0 : 0x105e0    : lw a5, -20(s0)             : MemRead :  D=0x000000000000004d A=0x7ffffffffffffdcc
3426500: system.cpu: T0 : 0x105e4    : ld a2, -40(s0)             : MemRead :  D=0x0000000000071968 A=0x7ffffffffffffdb8
3427000: system.cpu: T0 : 0x105e8    : c_add a5, a2               : IntAlu :  D=0x00000000000719b5
3428000: system.cpu: T0 : 0x105ea    : subw a4, a3, a4            : IntAlu :  D=0x0000000000000017
3429000: system.cpu: T0 : 0x105ee    : andi a4, a4, 255           : IntAlu :  D=0x0000000000000017
3430000: system.cpu: T0 : 0x105f2    : sb a4, 0(a5)               : MemWrite :  D=0x0000000000000017 A=0x719b5
3431000: system.cpu: T0 : 0x105f6    : lw a5, -20(s0)             : MemRead :  D=0x000000000000004d A=0x7ffffffffffffdcc
3431500: system.cpu: T0 : 0x105fa    : c_addiw a5, 1              : IntAlu :  D=0x000000000000004e
3432000: system.cpu: T0 : 0x105fc    : sw a5, -20(s0)             : MemWrite :  D=0x000000000000004e A=0x7ffffffffffffdcc
3432500: system.cpu: T0 : 0x10600    : lw a4, -20(s0)             : MemRead :  D=0x000000000000004e A=0x7ffffffffffffdcc
3433000: system.cpu: T0 : 0x10604    : lw a5, -44(s0)             : MemRead :  D=0x0000000000000064 A=0x7ffffffffffffdb4
3433500: system.cpu: T0 : 0x10608    : c_addiw a4, 0              : IntAlu :  D=0x000000000000004e
3434000: system.cpu: T0 : 0x1060a    : c_addiw a5, 0              : IntAlu :  D=0x0000000000000064
3434500: system.cpu: T0 : 0x1060c    : blt a4, a5, -60            : IntAlu : 
3435000: system.cpu: T0 : 0x105d0    : lw a5, -44(s0)             : MemRead :  D=0x0000000000000064 A=0x7ffffffffffffdb4
3435500: system.cpu: T0 : 0x105d4    : andi a3, a5, 255           : IntAlu :  D=0x0000000000000064
3436000: system.cpu: T0 : 0x105d8    : lw a5, -20(s0)             : MemRead :  D=0x000000000000004e A=0x7ffffffffffffdcc
3436500: system.cpu: T0 : 0x105dc    : andi a4, a5, 255           : IntAlu :  D=0x000000000000004e
3437000: system.cpu: T0 : 0x105e0    : lw a5, -20(s0)             : MemRead :  D=0x000000000000004e A=0x7ffffffffffffdcc
3437500: system.cpu: T0 : 0x105e4    : ld a2, -40(s0)             : MemRead :  D=0x0000000000071968 A=0x7ffffffffffffdb8
3438000: system.cpu: T0 : 0x105e8    : c_add a5, a2               : IntAlu :  D=0x00000000000719b6
3439000: system.cpu: T0 : 0x105ea    : subw a4, a3, a4            : IntAlu :  D=0x0000000000000016
3440000: system.cpu: T0 : 0x105ee    : andi a4, a4, 255           : IntAlu :  D=0x0000000000000016
3441000: system.cpu: T0 : 0x105f2    : sb a4, 0(a5)               : MemWrite :  D=0x0000000000000016 A=0x719b6
3442000: system.cpu: T0 : 0x105f6    : lw a5, -20(s0)             : MemRead :  D=0x000000000000004e A=0x7ffffffffffffdcc
3442500: system.cpu: T0 : 0x105fa    : c_addiw a5, 1              : IntAlu :  D=0x000000000000004f
3443000: system.cpu: T0 : 0x105fc    : sw a5, -20(s0)             : MemWrite :  D=0x000000000000004f A=0x7ffffffffffffdcc
3443500: system.cpu: T0 : 0x10600    : lw a4, -20(s0)             : MemRead :  D=0x000000000000004f A=0x7ffffffffffffdcc
3444000: system.cpu: T0 : 0x10604    : lw a5, -44(s0)             : MemRead :  D=0x0000000000000064 A=0x7ffffffffffffdb4
3444500: system.cpu: T0 : 0x10608    : c_addiw a4, 0              : IntAlu :  D=0x000000000000004f
3445000: system.cpu: T0 : 0x1060a    : c_addiw a5, 0              : IntAlu :  D=0x0000000000000064
3445500: system.cpu: T0 : 0x1060c    : blt a4, a5, -60            : IntAlu : 
3446000: system.cpu: T0 : 0x105d0    : lw a5, -44(s0)             : MemRead :  D=0x0000000000000064 A=0x7ffffffffffffdb4
3446500: system.cpu: T0 : 0x105d4    : andi a3, a5, 255           : IntAlu :  D=0x0000000000000064
3447000: system.cpu: T0 : 0x105d8    : lw a5, -20(s0)             : MemRead :  D=0x000000000000004f A=0x7ffffffffffffdcc
3447500: system.cpu: T0 : 0x105dc    : andi a4, a5, 255           : IntAlu :  D=0x000000000000004f
3448000: system.cpu: T0 : 0x105e0    : lw a5, -20(s0)             : MemRead :  D=0x000000000000004f A=0x7ffffffffffffdcc
3448500: system.cpu: T0 : 0x105e4    : ld a2, -40(s0)             : MemRead :  D=0x0000000000071968 A=0x7ffffffffffffdb8
3449000: system.cpu: T0 : 0x105e8    : c_add a5, a2               : IntAlu :  D=0x00000000000719b7
3450000: system.cpu: T0 : 0x105ea    : subw a4, a3, a4            : IntAlu :  D=0x0000000000000015
3451000: system.cpu: T0 : 0x105ee    : andi a4, a4, 255           : IntAlu :  D=0x0000000000000015
3452000: system.cpu: T0 : 0x105f2    : sb a4, 0(a5)               : MemWrite :  D=0x0000000000000015 A=0x719b7
3453000: system.cpu: T0 : 0x105f6    : lw a5, -20(s0)             : MemRead :  D=0x000000000000004f A=0x7ffffffffffffdcc
3453500: system.cpu: T0 : 0x105fa    : c_addiw a5, 1              : IntAlu :  D=0x0000000000000050
3454000: system.cpu: T0 : 0x105fc    : sw a5, -20(s0)             : MemWrite :  D=0x0000000000000050 A=0x7ffffffffffffdcc
3454500: system.cpu: T0 : 0x10600    : lw a4, -20(s0)             : MemRead :  D=0x0000000000000050 A=0x7ffffffffffffdcc
3455000: system.cpu: T0 : 0x10604    : lw a5, -44(s0)             : MemRead :  D=0x0000000000000064 A=0x7ffffffffffffdb4
3455500: system.cpu: T0 : 0x10608    : c_addiw a4, 0              : IntAlu :  D=0x0000000000000050
3456000: system.cpu: T0 : 0x1060a    : c_addiw a5, 0              : IntAlu :  D=0x0000000000000064
3456500: system.cpu: T0 : 0x1060c    : blt a4, a5, -60            : IntAlu : 
3457000: system.cpu: T0 : 0x105d0    : lw a5, -44(s0)             : MemRead :  D=0x0000000000000064 A=0x7ffffffffffffdb4
3457500: system.cpu: T0 : 0x105d4    : andi a3, a5, 255           : IntAlu :  D=0x0000000000000064
3458000: system.cpu: T0 : 0x105d8    : lw a5, -20(s0)             : MemRead :  D=0x0000000000000050 A=0x7ffffffffffffdcc
3458500: system.cpu: T0 : 0x105dc    : andi a4, a5, 255           : IntAlu :  D=0x0000000000000050
3459000: system.cpu: T0 : 0x105e0    : lw a5, -20(s0)             : MemRead :  D=0x0000000000000050 A=0x7ffffffffffffdcc
3459500: system.cpu: T0 : 0x105e4    : ld a2, -40(s0)             : MemRead :  D=0x0000000000071968 A=0x7ffffffffffffdb8
3460000: system.cpu: T0 : 0x105e8    : c_add a5, a2               : IntAlu :  D=0x00000000000719b8
3461000: system.cpu: T0 : 0x105ea    : subw a4, a3, a4            : IntAlu :  D=0x0000000000000014
3462000: system.cpu: T0 : 0x105ee    : andi a4, a4, 255           : IntAlu :  D=0x0000000000000014
3463000: system.cpu: T0 : 0x105f2    : sb a4, 0(a5)               : MemWrite :  D=0x0000000000000014 A=0x719b8
3464000: system.cpu: T0 : 0x105f6    : lw a5, -20(s0)             : MemRead :  D=0x0000000000000050 A=0x7ffffffffffffdcc
3464500: system.cpu: T0 : 0x105fa    : c_addiw a5, 1              : IntAlu :  D=0x0000000000000051
3465000: system.cpu: T0 : 0x105fc    : sw a5, -20(s0)             : MemWrite :  D=0x0000000000000051 A=0x7ffffffffffffdcc
3465500: system.cpu: T0 : 0x10600    : lw a4, -20(s0)             : MemRead :  D=0x0000000000000051 A=0x7ffffffffffffdcc
3466000: system.cpu: T0 : 0x10604    : lw a5, -44(s0)             : MemRead :  D=0x0000000000000064 A=0x7ffffffffffffdb4
3466500: system.cpu: T0 : 0x10608    : c_addiw a4, 0              : IntAlu :  D=0x0000000000000051
3467000: system.cpu: T0 : 0x1060a    : c_addiw a5, 0              : IntAlu :  D=0x0000000000000064
3467500: system.cpu: T0 : 0x1060c    : blt a4, a5, -60            : IntAlu : 
3468000: system.cpu: T0 : 0x105d0    : lw a5, -44(s0)             : MemRead :  D=0x0000000000000064 A=0x7ffffffffffffdb4
3468500: system.cpu: T0 : 0x105d4    : andi a3, a5, 255           : IntAlu :  D=0x0000000000000064
3469000: system.cpu: T0 : 0x105d8    : lw a5, -20(s0)             : MemRead :  D=0x0000000000000051 A=0x7ffffffffffffdcc
3469500: system.cpu: T0 : 0x105dc    : andi a4, a5, 255           : IntAlu :  D=0x0000000000000051
3470000: system.cpu: T0 : 0x105e0    : lw a5, -20(s0)             : MemRead :  D=0x0000000000000051 A=0x7ffffffffffffdcc
3470500: system.cpu: T0 : 0x105e4    : ld a2, -40(s0)             : MemRead :  D=0x0000000000071968 A=0x7ffffffffffffdb8
3471000: system.cpu: T0 : 0x105e8    : c_add a5, a2               : IntAlu :  D=0x00000000000719b9
3472000: system.cpu: T0 : 0x105ea    : subw a4, a3, a4            : IntAlu :  D=0x0000000000000013
3473000: system.cpu: T0 : 0x105ee    : andi a4, a4, 255           : IntAlu :  D=0x0000000000000013
3474000: system.cpu: T0 : 0x105f2    : sb a4, 0(a5)               : MemWrite :  D=0x0000000000000013 A=0x719b9
3475000: system.cpu: T0 : 0x105f6    : lw a5, -20(s0)             : MemRead :  D=0x0000000000000051 A=0x7ffffffffffffdcc
3475500: system.cpu: T0 : 0x105fa    : c_addiw a5, 1              : IntAlu :  D=0x0000000000000052
3476000: system.cpu: T0 : 0x105fc    : sw a5, -20(s0)             : MemWrite :  D=0x0000000000000052 A=0x7ffffffffffffdcc
3476500: system.cpu: T0 : 0x10600    : lw a4, -20(s0)             : MemRead :  D=0x0000000000000052 A=0x7ffffffffffffdcc
3477000: system.cpu: T0 : 0x10604    : lw a5, -44(s0)             : MemRead :  D=0x0000000000000064 A=0x7ffffffffffffdb4
3477500: system.cpu: T0 : 0x10608    : c_addiw a4, 0              : IntAlu :  D=0x0000000000000052
3478000: system.cpu: T0 : 0x1060a    : c_addiw a5, 0              : IntAlu :  D=0x0000000000000064
3478500: system.cpu: T0 : 0x1060c    : blt a4, a5, -60            : IntAlu : 
3479000: system.cpu: T0 : 0x105d0    : lw a5, -44(s0)             : MemRead :  D=0x0000000000000064 A=0x7ffffffffffffdb4
3479500: system.cpu: T0 : 0x105d4    : andi a3, a5, 255           : IntAlu :  D=0x0000000000000064
3480000: system.cpu: T0 : 0x105d8    : lw a5, -20(s0)             : MemRead :  D=0x0000000000000052 A=0x7ffffffffffffdcc
3480500: system.cpu: T0 : 0x105dc    : andi a4, a5, 255           : IntAlu :  D=0x0000000000000052
3481000: system.cpu: T0 : 0x105e0    : lw a5, -20(s0)             : MemRead :  D=0x0000000000000052 A=0x7ffffffffffffdcc
3481500: system.cpu: T0 : 0x105e4    : ld a2, -40(s0)             : MemRead :  D=0x0000000000071968 A=0x7ffffffffffffdb8
3482000: system.cpu: T0 : 0x105e8    : c_add a5, a2               : IntAlu :  D=0x00000000000719ba
3483000: system.cpu: T0 : 0x105ea    : subw a4, a3, a4            : IntAlu :  D=0x0000000000000012
3484000: system.cpu: T0 : 0x105ee    : andi a4, a4, 255           : IntAlu :  D=0x0000000000000012
3485000: system.cpu: T0 : 0x105f2    : sb a4, 0(a5)               : MemWrite :  D=0x0000000000000012 A=0x719ba
3486000: system.cpu: T0 : 0x105f6    : lw a5, -20(s0)             : MemRead :  D=0x0000000000000052 A=0x7ffffffffffffdcc
3486500: system.cpu: T0 : 0x105fa    : c_addiw a5, 1              : IntAlu :  D=0x0000000000000053
3487000: system.cpu: T0 : 0x105fc    : sw a5, -20(s0)             : MemWrite :  D=0x0000000000000053 A=0x7ffffffffffffdcc
3487500: system.cpu: T0 : 0x10600    : lw a4, -20(s0)             : MemRead :  D=0x0000000000000053 A=0x7ffffffffffffdcc
3488000: system.cpu: T0 : 0x10604    : lw a5, -44(s0)             : MemRead :  D=0x0000000000000064 A=0x7ffffffffffffdb4
3488500: system.cpu: T0 : 0x10608    : c_addiw a4, 0              : IntAlu :  D=0x0000000000000053
3489000: system.cpu: T0 : 0x1060a    : c_addiw a5, 0              : IntAlu :  D=0x0000000000000064
3489500: system.cpu: T0 : 0x1060c    : blt a4, a5, -60            : IntAlu : 
3490000: system.cpu: T0 : 0x105d0    : lw a5, -44(s0)             : MemRead :  D=0x0000000000000064 A=0x7ffffffffffffdb4
3490500: system.cpu: T0 : 0x105d4    : andi a3, a5, 255           : IntAlu :  D=0x0000000000000064
3491000: system.cpu: T0 : 0x105d8    : lw a5, -20(s0)             : MemRead :  D=0x0000000000000053 A=0x7ffffffffffffdcc
3491500: system.cpu: T0 : 0x105dc    : andi a4, a5, 255           : IntAlu :  D=0x0000000000000053
3492000: system.cpu: T0 : 0x105e0    : lw a5, -20(s0)             : MemRead :  D=0x0000000000000053 A=0x7ffffffffffffdcc
3492500: system.cpu: T0 : 0x105e4    : ld a2, -40(s0)             : MemRead :  D=0x0000000000071968 A=0x7ffffffffffffdb8
3493000: system.cpu: T0 : 0x105e8    : c_add a5, a2               : IntAlu :  D=0x00000000000719bb
3494000: system.cpu: T0 : 0x105ea    : subw a4, a3, a4            : IntAlu :  D=0x0000000000000011
3495000: system.cpu: T0 : 0x105ee    : andi a4, a4, 255           : IntAlu :  D=0x0000000000000011
3496000: system.cpu: T0 : 0x105f2    : sb a4, 0(a5)               : MemWrite :  D=0x0000000000000011 A=0x719bb
3497000: system.cpu: T0 : 0x105f6    : lw a5, -20(s0)             : MemRead :  D=0x0000000000000053 A=0x7ffffffffffffdcc
3497500: system.cpu: T0 : 0x105fa    : c_addiw a5, 1              : IntAlu :  D=0x0000000000000054
3498000: system.cpu: T0 : 0x105fc    : sw a5, -20(s0)             : MemWrite :  D=0x0000000000000054 A=0x7ffffffffffffdcc
3498500: system.cpu: T0 : 0x10600    : lw a4, -20(s0)             : MemRead :  D=0x0000000000000054 A=0x7ffffffffffffdcc
3499000: system.cpu: T0 : 0x10604    : lw a5, -44(s0)             : MemRead :  D=0x0000000000000064 A=0x7ffffffffffffdb4
3499500: system.cpu: T0 : 0x10608    : c_addiw a4, 0              : IntAlu :  D=0x0000000000000054
3500000: system.cpu: T0 : 0x1060a    : c_addiw a5, 0              : IntAlu :  D=0x0000000000000064
3500500: system.cpu: T0 : 0x1060c    : blt a4, a5, -60            : IntAlu : 
3501000: system.cpu: T0 : 0x105d0    : lw a5, -44(s0)             : MemRead :  D=0x0000000000000064 A=0x7ffffffffffffdb4
3501500: system.cpu: T0 : 0x105d4    : andi a3, a5, 255           : IntAlu :  D=0x0000000000000064
3502000: system.cpu: T0 : 0x105d8    : lw a5, -20(s0)             : MemRead :  D=0x0000000000000054 A=0x7ffffffffffffdcc
3502500: system.cpu: T0 : 0x105dc    : andi a4, a5, 255           : IntAlu :  D=0x0000000000000054
3503000: system.cpu: T0 : 0x105e0    : lw a5, -20(s0)             : MemRead :  D=0x0000000000000054 A=0x7ffffffffffffdcc
3503500: system.cpu: T0 : 0x105e4    : ld a2, -40(s0)             : MemRead :  D=0x0000000000071968 A=0x7ffffffffffffdb8
3504000: system.cpu: T0 : 0x105e8    : c_add a5, a2               : IntAlu :  D=0x00000000000719bc
3505000: system.cpu: T0 : 0x105ea    : subw a4, a3, a4            : IntAlu :  D=0x0000000000000010
3506000: system.cpu: T0 : 0x105ee    : andi a4, a4, 255           : IntAlu :  D=0x0000000000000010
3507000: system.cpu: T0 : 0x105f2    : sb a4, 0(a5)               : MemWrite :  D=0x0000000000000010 A=0x719bc
3508000: system.cpu: T0 : 0x105f6    : lw a5, -20(s0)             : MemRead :  D=0x0000000000000054 A=0x7ffffffffffffdcc
3508500: system.cpu: T0 : 0x105fa    : c_addiw a5, 1              : IntAlu :  D=0x0000000000000055
3509000: system.cpu: T0 : 0x105fc    : sw a5, -20(s0)             : MemWrite :  D=0x0000000000000055 A=0x7ffffffffffffdcc
3509500: system.cpu: T0 : 0x10600    : lw a4, -20(s0)             : MemRead :  D=0x0000000000000055 A=0x7ffffffffffffdcc
3510000: system.cpu: T0 : 0x10604    : lw a5, -44(s0)             : MemRead :  D=0x0000000000000064 A=0x7ffffffffffffdb4
3510500: system.cpu: T0 : 0x10608    : c_addiw a4, 0              : IntAlu :  D=0x0000000000000055
3511000: system.cpu: T0 : 0x1060a    : c_addiw a5, 0              : IntAlu :  D=0x0000000000000064
3511500: system.cpu: T0 : 0x1060c    : blt a4, a5, -60            : IntAlu : 
3512000: system.cpu: T0 : 0x105d0    : lw a5, -44(s0)             : MemRead :  D=0x0000000000000064 A=0x7ffffffffffffdb4
3512500: system.cpu: T0 : 0x105d4    : andi a3, a5, 255           : IntAlu :  D=0x0000000000000064
3513000: system.cpu: T0 : 0x105d8    : lw a5, -20(s0)             : MemRead :  D=0x0000000000000055 A=0x7ffffffffffffdcc
3513500: system.cpu: T0 : 0x105dc    : andi a4, a5, 255           : IntAlu :  D=0x0000000000000055
3514000: system.cpu: T0 : 0x105e0    : lw a5, -20(s0)             : MemRead :  D=0x0000000000000055 A=0x7ffffffffffffdcc
3514500: system.cpu: T0 : 0x105e4    : ld a2, -40(s0)             : MemRead :  D=0x0000000000071968 A=0x7ffffffffffffdb8
3515000: system.cpu: T0 : 0x105e8    : c_add a5, a2               : IntAlu :  D=0x00000000000719bd
3516000: system.cpu: T0 : 0x105ea    : subw a4, a3, a4            : IntAlu :  D=0x000000000000000f
3517000: system.cpu: T0 : 0x105ee    : andi a4, a4, 255           : IntAlu :  D=0x000000000000000f
3518000: system.cpu: T0 : 0x105f2    : sb a4, 0(a5)               : MemWrite :  D=0x000000000000000f A=0x719bd
3519000: system.cpu: T0 : 0x105f6    : lw a5, -20(s0)             : MemRead :  D=0x0000000000000055 A=0x7ffffffffffffdcc
3519500: system.cpu: T0 : 0x105fa    : c_addiw a5, 1              : IntAlu :  D=0x0000000000000056
3520000: system.cpu: T0 : 0x105fc    : sw a5, -20(s0)             : MemWrite :  D=0x0000000000000056 A=0x7ffffffffffffdcc
3520500: system.cpu: T0 : 0x10600    : lw a4, -20(s0)             : MemRead :  D=0x0000000000000056 A=0x7ffffffffffffdcc
3521000: system.cpu: T0 : 0x10604    : lw a5, -44(s0)             : MemRead :  D=0x0000000000000064 A=0x7ffffffffffffdb4
3521500: system.cpu: T0 : 0x10608    : c_addiw a4, 0              : IntAlu :  D=0x0000000000000056
3522000: system.cpu: T0 : 0x1060a    : c_addiw a5, 0              : IntAlu :  D=0x0000000000000064
3522500: system.cpu: T0 : 0x1060c    : blt a4, a5, -60            : IntAlu : 
3523000: system.cpu: T0 : 0x105d0    : lw a5, -44(s0)             : MemRead :  D=0x0000000000000064 A=0x7ffffffffffffdb4
3523500: system.cpu: T0 : 0x105d4    : andi a3, a5, 255           : IntAlu :  D=0x0000000000000064
3524000: system.cpu: T0 : 0x105d8    : lw a5, -20(s0)             : MemRead :  D=0x0000000000000056 A=0x7ffffffffffffdcc
3524500: system.cpu: T0 : 0x105dc    : andi a4, a5, 255           : IntAlu :  D=0x0000000000000056
3525000: system.cpu: T0 : 0x105e0    : lw a5, -20(s0)             : MemRead :  D=0x0000000000000056 A=0x7ffffffffffffdcc
3525500: system.cpu: T0 : 0x105e4    : ld a2, -40(s0)             : MemRead :  D=0x0000000000071968 A=0x7ffffffffffffdb8
3526000: system.cpu: T0 : 0x105e8    : c_add a5, a2               : IntAlu :  D=0x00000000000719be
3527000: system.cpu: T0 : 0x105ea    : subw a4, a3, a4            : IntAlu :  D=0x000000000000000e
3528000: system.cpu: T0 : 0x105ee    : andi a4, a4, 255           : IntAlu :  D=0x000000000000000e
3529000: system.cpu: T0 : 0x105f2    : sb a4, 0(a5)               : MemWrite :  D=0x000000000000000e A=0x719be
3530000: system.cpu: T0 : 0x105f6    : lw a5, -20(s0)             : MemRead :  D=0x0000000000000056 A=0x7ffffffffffffdcc
3530500: system.cpu: T0 : 0x105fa    : c_addiw a5, 1              : IntAlu :  D=0x0000000000000057
3531000: system.cpu: T0 : 0x105fc    : sw a5, -20(s0)             : MemWrite :  D=0x0000000000000057 A=0x7ffffffffffffdcc
3531500: system.cpu: T0 : 0x10600    : lw a4, -20(s0)             : MemRead :  D=0x0000000000000057 A=0x7ffffffffffffdcc
3532000: system.cpu: T0 : 0x10604    : lw a5, -44(s0)             : MemRead :  D=0x0000000000000064 A=0x7ffffffffffffdb4
3532500: system.cpu: T0 : 0x10608    : c_addiw a4, 0              : IntAlu :  D=0x0000000000000057
3533000: system.cpu: T0 : 0x1060a    : c_addiw a5, 0              : IntAlu :  D=0x0000000000000064
3533500: system.cpu: T0 : 0x1060c    : blt a4, a5, -60            : IntAlu : 
3534000: system.cpu: T0 : 0x105d0    : lw a5, -44(s0)             : MemRead :  D=0x0000000000000064 A=0x7ffffffffffffdb4
3534500: system.cpu: T0 : 0x105d4    : andi a3, a5, 255           : IntAlu :  D=0x0000000000000064
3535000: system.cpu: T0 : 0x105d8    : lw a5, -20(s0)             : MemRead :  D=0x0000000000000057 A=0x7ffffffffffffdcc
3535500: system.cpu: T0 : 0x105dc    : andi a4, a5, 255           : IntAlu :  D=0x0000000000000057
3536000: system.cpu: T0 : 0x105e0    : lw a5, -20(s0)             : MemRead :  D=0x0000000000000057 A=0x7ffffffffffffdcc
3536500: system.cpu: T0 : 0x105e4    : ld a2, -40(s0)             : MemRead :  D=0x0000000000071968 A=0x7ffffffffffffdb8
3537000: system.cpu: T0 : 0x105e8    : c_add a5, a2               : IntAlu :  D=0x00000000000719bf
3538000: system.cpu: T0 : 0x105ea    : subw a4, a3, a4            : IntAlu :  D=0x000000000000000d
3539000: system.cpu: T0 : 0x105ee    : andi a4, a4, 255           : IntAlu :  D=0x000000000000000d
3540000: system.cpu: T0 : 0x105f2    : sb a4, 0(a5)               : MemWrite :  D=0x000000000000000d A=0x719bf
3541000: system.cpu: T0 : 0x105f6    : lw a5, -20(s0)             : MemRead :  D=0x0000000000000057 A=0x7ffffffffffffdcc
3541500: system.cpu: T0 : 0x105fa    : c_addiw a5, 1              : IntAlu :  D=0x0000000000000058
3542000: system.cpu: T0 : 0x105fc    : sw a5, -20(s0)             : MemWrite :  D=0x0000000000000058 A=0x7ffffffffffffdcc
3542500: system.cpu: T0 : 0x10600    : lw a4, -20(s0)             : MemRead :  D=0x0000000000000058 A=0x7ffffffffffffdcc
3543000: system.cpu: T0 : 0x10604    : lw a5, -44(s0)             : MemRead :  D=0x0000000000000064 A=0x7ffffffffffffdb4
3543500: system.cpu: T0 : 0x10608    : c_addiw a4, 0              : IntAlu :  D=0x0000000000000058
3544000: system.cpu: T0 : 0x1060a    : c_addiw a5, 0              : IntAlu :  D=0x0000000000000064
3544500: system.cpu: T0 : 0x1060c    : blt a4, a5, -60            : IntAlu : 
3545000: system.cpu: T0 : 0x105d0    : lw a5, -44(s0)             : MemRead :  D=0x0000000000000064 A=0x7ffffffffffffdb4
3545500: system.cpu: T0 : 0x105d4    : andi a3, a5, 255           : IntAlu :  D=0x0000000000000064
3546000: system.cpu: T0 : 0x105d8    : lw a5, -20(s0)             : MemRead :  D=0x0000000000000058 A=0x7ffffffffffffdcc
3546500: system.cpu: T0 : 0x105dc    : andi a4, a5, 255           : IntAlu :  D=0x0000000000000058
3547000: system.cpu: T0 : 0x105e0    : lw a5, -20(s0)             : MemRead :  D=0x0000000000000058 A=0x7ffffffffffffdcc
3547500: system.cpu: T0 : 0x105e4    : ld a2, -40(s0)             : MemRead :  D=0x0000000000071968 A=0x7ffffffffffffdb8
3548000: system.cpu: T0 : 0x105e8    : c_add a5, a2               : IntAlu :  D=0x00000000000719c0
3549000: system.cpu: T0 : 0x105ea    : subw a4, a3, a4            : IntAlu :  D=0x000000000000000c
3550000: system.cpu: T0 : 0x105ee    : andi a4, a4, 255           : IntAlu :  D=0x000000000000000c
3551000: system.cpu: T0 : 0x105f2    : sb a4, 0(a5)               : MemWrite :  D=0x000000000000000c A=0x719c0
3552000: system.cpu: T0 : 0x105f6    : lw a5, -20(s0)             : MemRead :  D=0x0000000000000058 A=0x7ffffffffffffdcc
3552500: system.cpu: T0 : 0x105fa    : c_addiw a5, 1              : IntAlu :  D=0x0000000000000059
3553000: system.cpu: T0 : 0x105fc    : sw a5, -20(s0)             : MemWrite :  D=0x0000000000000059 A=0x7ffffffffffffdcc
3553500: system.cpu: T0 : 0x10600    : lw a4, -20(s0)             : MemRead :  D=0x0000000000000059 A=0x7ffffffffffffdcc
3554000: system.cpu: T0 : 0x10604    : lw a5, -44(s0)             : MemRead :  D=0x0000000000000064 A=0x7ffffffffffffdb4
3554500: system.cpu: T0 : 0x10608    : c_addiw a4, 0              : IntAlu :  D=0x0000000000000059
3555000: system.cpu: T0 : 0x1060a    : c_addiw a5, 0              : IntAlu :  D=0x0000000000000064
3555500: system.cpu: T0 : 0x1060c    : blt a4, a5, -60            : IntAlu : 
3556000: system.cpu: T0 : 0x105d0    : lw a5, -44(s0)             : MemRead :  D=0x0000000000000064 A=0x7ffffffffffffdb4
3556500: system.cpu: T0 : 0x105d4    : andi a3, a5, 255           : IntAlu :  D=0x0000000000000064
3557000: system.cpu: T0 : 0x105d8    : lw a5, -20(s0)             : MemRead :  D=0x0000000000000059 A=0x7ffffffffffffdcc
3557500: system.cpu: T0 : 0x105dc    : andi a4, a5, 255           : IntAlu :  D=0x0000000000000059
3558000: system.cpu: T0 : 0x105e0    : lw a5, -20(s0)             : MemRead :  D=0x0000000000000059 A=0x7ffffffffffffdcc
3558500: system.cpu: T0 : 0x105e4    : ld a2, -40(s0)             : MemRead :  D=0x0000000000071968 A=0x7ffffffffffffdb8
3559000: system.cpu: T0 : 0x105e8    : c_add a5, a2               : IntAlu :  D=0x00000000000719c1
3560000: system.cpu: T0 : 0x105ea    : subw a4, a3, a4            : IntAlu :  D=0x000000000000000b
3561000: system.cpu: T0 : 0x105ee    : andi a4, a4, 255           : IntAlu :  D=0x000000000000000b
3562000: system.cpu: T0 : 0x105f2    : sb a4, 0(a5)               : MemWrite :  D=0x000000000000000b A=0x719c1
3563000: system.cpu: T0 : 0x105f6    : lw a5, -20(s0)             : MemRead :  D=0x0000000000000059 A=0x7ffffffffffffdcc
3563500: system.cpu: T0 : 0x105fa    : c_addiw a5, 1              : IntAlu :  D=0x000000000000005a
3564000: system.cpu: T0 : 0x105fc    : sw a5, -20(s0)             : MemWrite :  D=0x000000000000005a A=0x7ffffffffffffdcc
3564500: system.cpu: T0 : 0x10600    : lw a4, -20(s0)             : MemRead :  D=0x000000000000005a A=0x7ffffffffffffdcc
3565000: system.cpu: T0 : 0x10604    : lw a5, -44(s0)             : MemRead :  D=0x0000000000000064 A=0x7ffffffffffffdb4
3565500: system.cpu: T0 : 0x10608    : c_addiw a4, 0              : IntAlu :  D=0x000000000000005a
3566000: system.cpu: T0 : 0x1060a    : c_addiw a5, 0              : IntAlu :  D=0x0000000000000064
3566500: system.cpu: T0 : 0x1060c    : blt a4, a5, -60            : IntAlu : 
3567000: system.cpu: T0 : 0x105d0    : lw a5, -44(s0)             : MemRead :  D=0x0000000000000064 A=0x7ffffffffffffdb4
3567500: system.cpu: T0 : 0x105d4    : andi a3, a5, 255           : IntAlu :  D=0x0000000000000064
3568000: system.cpu: T0 : 0x105d8    : lw a5, -20(s0)             : MemRead :  D=0x000000000000005a A=0x7ffffffffffffdcc
3568500: system.cpu: T0 : 0x105dc    : andi a4, a5, 255           : IntAlu :  D=0x000000000000005a
3569000: system.cpu: T0 : 0x105e0    : lw a5, -20(s0)             : MemRead :  D=0x000000000000005a A=0x7ffffffffffffdcc
3569500: system.cpu: T0 : 0x105e4    : ld a2, -40(s0)             : MemRead :  D=0x0000000000071968 A=0x7ffffffffffffdb8
3570000: system.cpu: T0 : 0x105e8    : c_add a5, a2               : IntAlu :  D=0x00000000000719c2
3571000: system.cpu: T0 : 0x105ea    : subw a4, a3, a4            : IntAlu :  D=0x000000000000000a
3572000: system.cpu: T0 : 0x105ee    : andi a4, a4, 255           : IntAlu :  D=0x000000000000000a
3573000: system.cpu: T0 : 0x105f2    : sb a4, 0(a5)               : MemWrite :  D=0x000000000000000a A=0x719c2
3574000: system.cpu: T0 : 0x105f6    : lw a5, -20(s0)             : MemRead :  D=0x000000000000005a A=0x7ffffffffffffdcc
3574500: system.cpu: T0 : 0x105fa    : c_addiw a5, 1              : IntAlu :  D=0x000000000000005b
3575000: system.cpu: T0 : 0x105fc    : sw a5, -20(s0)             : MemWrite :  D=0x000000000000005b A=0x7ffffffffffffdcc
3575500: system.cpu: T0 : 0x10600    : lw a4, -20(s0)             : MemRead :  D=0x000000000000005b A=0x7ffffffffffffdcc
3576000: system.cpu: T0 : 0x10604    : lw a5, -44(s0)             : MemRead :  D=0x0000000000000064 A=0x7ffffffffffffdb4
3576500: system.cpu: T0 : 0x10608    : c_addiw a4, 0              : IntAlu :  D=0x000000000000005b
3577000: system.cpu: T0 : 0x1060a    : c_addiw a5, 0              : IntAlu :  D=0x0000000000000064
3577500: system.cpu: T0 : 0x1060c    : blt a4, a5, -60            : IntAlu : 
3578000: system.cpu: T0 : 0x105d0    : lw a5, -44(s0)             : MemRead :  D=0x0000000000000064 A=0x7ffffffffffffdb4
3578500: system.cpu: T0 : 0x105d4    : andi a3, a5, 255           : IntAlu :  D=0x0000000000000064
3579000: system.cpu: T0 : 0x105d8    : lw a5, -20(s0)             : MemRead :  D=0x000000000000005b A=0x7ffffffffffffdcc
3579500: system.cpu: T0 : 0x105dc    : andi a4, a5, 255           : IntAlu :  D=0x000000000000005b
3580000: system.cpu: T0 : 0x105e0    : lw a5, -20(s0)             : MemRead :  D=0x000000000000005b A=0x7ffffffffffffdcc
3580500: system.cpu: T0 : 0x105e4    : ld a2, -40(s0)             : MemRead :  D=0x0000000000071968 A=0x7ffffffffffffdb8
3581000: system.cpu: T0 : 0x105e8    : c_add a5, a2               : IntAlu :  D=0x00000000000719c3
3582000: system.cpu: T0 : 0x105ea    : subw a4, a3, a4            : IntAlu :  D=0x0000000000000009
3583000: system.cpu: T0 : 0x105ee    : andi a4, a4, 255           : IntAlu :  D=0x0000000000000009
3584000: system.cpu: T0 : 0x105f2    : sb a4, 0(a5)               : MemWrite :  D=0x0000000000000009 A=0x719c3
3585000: system.cpu: T0 : 0x105f6    : lw a5, -20(s0)             : MemRead :  D=0x000000000000005b A=0x7ffffffffffffdcc
3585500: system.cpu: T0 : 0x105fa    : c_addiw a5, 1              : IntAlu :  D=0x000000000000005c
3586000: system.cpu: T0 : 0x105fc    : sw a5, -20(s0)             : MemWrite :  D=0x000000000000005c A=0x7ffffffffffffdcc
3586500: system.cpu: T0 : 0x10600    : lw a4, -20(s0)             : MemRead :  D=0x000000000000005c A=0x7ffffffffffffdcc
3587000: system.cpu: T0 : 0x10604    : lw a5, -44(s0)             : MemRead :  D=0x0000000000000064 A=0x7ffffffffffffdb4
3587500: system.cpu: T0 : 0x10608    : c_addiw a4, 0              : IntAlu :  D=0x000000000000005c
3588000: system.cpu: T0 : 0x1060a    : c_addiw a5, 0              : IntAlu :  D=0x0000000000000064
3588500: system.cpu: T0 : 0x1060c    : blt a4, a5, -60            : IntAlu : 
3589000: system.cpu: T0 : 0x105d0    : lw a5, -44(s0)             : MemRead :  D=0x0000000000000064 A=0x7ffffffffffffdb4
3589500: system.cpu: T0 : 0x105d4    : andi a3, a5, 255           : IntAlu :  D=0x0000000000000064
3590000: system.cpu: T0 : 0x105d8    : lw a5, -20(s0)             : MemRead :  D=0x000000000000005c A=0x7ffffffffffffdcc
3590500: system.cpu: T0 : 0x105dc    : andi a4, a5, 255           : IntAlu :  D=0x000000000000005c
3591000: system.cpu: T0 : 0x105e0    : lw a5, -20(s0)             : MemRead :  D=0x000000000000005c A=0x7ffffffffffffdcc
3591500: system.cpu: T0 : 0x105e4    : ld a2, -40(s0)             : MemRead :  D=0x0000000000071968 A=0x7ffffffffffffdb8
3592000: system.cpu: T0 : 0x105e8    : c_add a5, a2               : IntAlu :  D=0x00000000000719c4
3593000: system.cpu: T0 : 0x105ea    : subw a4, a3, a4            : IntAlu :  D=0x0000000000000008
3594000: system.cpu: T0 : 0x105ee    : andi a4, a4, 255           : IntAlu :  D=0x0000000000000008
3595000: system.cpu: T0 : 0x105f2    : sb a4, 0(a5)               : MemWrite :  D=0x0000000000000008 A=0x719c4
3596000: system.cpu: T0 : 0x105f6    : lw a5, -20(s0)             : MemRead :  D=0x000000000000005c A=0x7ffffffffffffdcc
3596500: system.cpu: T0 : 0x105fa    : c_addiw a5, 1              : IntAlu :  D=0x000000000000005d
3597000: system.cpu: T0 : 0x105fc    : sw a5, -20(s0)             : MemWrite :  D=0x000000000000005d A=0x7ffffffffffffdcc
3597500: system.cpu: T0 : 0x10600    : lw a4, -20(s0)             : MemRead :  D=0x000000000000005d A=0x7ffffffffffffdcc
3598000: system.cpu: T0 : 0x10604    : lw a5, -44(s0)             : MemRead :  D=0x0000000000000064 A=0x7ffffffffffffdb4
3598500: system.cpu: T0 : 0x10608    : c_addiw a4, 0              : IntAlu :  D=0x000000000000005d
3599000: system.cpu: T0 : 0x1060a    : c_addiw a5, 0              : IntAlu :  D=0x0000000000000064
3599500: system.cpu: T0 : 0x1060c    : blt a4, a5, -60            : IntAlu : 
3600000: system.cpu: T0 : 0x105d0    : lw a5, -44(s0)             : MemRead :  D=0x0000000000000064 A=0x7ffffffffffffdb4
3600500: system.cpu: T0 : 0x105d4    : andi a3, a5, 255           : IntAlu :  D=0x0000000000000064
3601000: system.cpu: T0 : 0x105d8    : lw a5, -20(s0)             : MemRead :  D=0x000000000000005d A=0x7ffffffffffffdcc
3601500: system.cpu: T0 : 0x105dc    : andi a4, a5, 255           : IntAlu :  D=0x000000000000005d
3602000: system.cpu: T0 : 0x105e0    : lw a5, -20(s0)             : MemRead :  D=0x000000000000005d A=0x7ffffffffffffdcc
3602500: system.cpu: T0 : 0x105e4    : ld a2, -40(s0)             : MemRead :  D=0x0000000000071968 A=0x7ffffffffffffdb8
3603000: system.cpu: T0 : 0x105e8    : c_add a5, a2               : IntAlu :  D=0x00000000000719c5
3604000: system.cpu: T0 : 0x105ea    : subw a4, a3, a4            : IntAlu :  D=0x0000000000000007
3605000: system.cpu: T0 : 0x105ee    : andi a4, a4, 255           : IntAlu :  D=0x0000000000000007
3606000: system.cpu: T0 : 0x105f2    : sb a4, 0(a5)               : MemWrite :  D=0x0000000000000007 A=0x719c5
3607000: system.cpu: T0 : 0x105f6    : lw a5, -20(s0)             : MemRead :  D=0x000000000000005d A=0x7ffffffffffffdcc
3607500: system.cpu: T0 : 0x105fa    : c_addiw a5, 1              : IntAlu :  D=0x000000000000005e
3608000: system.cpu: T0 : 0x105fc    : sw a5, -20(s0)             : MemWrite :  D=0x000000000000005e A=0x7ffffffffffffdcc
3608500: system.cpu: T0 : 0x10600    : lw a4, -20(s0)             : MemRead :  D=0x000000000000005e A=0x7ffffffffffffdcc
3609000: system.cpu: T0 : 0x10604    : lw a5, -44(s0)             : MemRead :  D=0x0000000000000064 A=0x7ffffffffffffdb4
3609500: system.cpu: T0 : 0x10608    : c_addiw a4, 0              : IntAlu :  D=0x000000000000005e
3610000: system.cpu: T0 : 0x1060a    : c_addiw a5, 0              : IntAlu :  D=0x0000000000000064
3610500: system.cpu: T0 : 0x1060c    : blt a4, a5, -60            : IntAlu : 
3611000: system.cpu: T0 : 0x105d0    : lw a5, -44(s0)             : MemRead :  D=0x0000000000000064 A=0x7ffffffffffffdb4
3611500: system.cpu: T0 : 0x105d4    : andi a3, a5, 255           : IntAlu :  D=0x0000000000000064
3612000: system.cpu: T0 : 0x105d8    : lw a5, -20(s0)             : MemRead :  D=0x000000000000005e A=0x7ffffffffffffdcc
3612500: system.cpu: T0 : 0x105dc    : andi a4, a5, 255           : IntAlu :  D=0x000000000000005e
3613000: system.cpu: T0 : 0x105e0    : lw a5, -20(s0)             : MemRead :  D=0x000000000000005e A=0x7ffffffffffffdcc
3613500: system.cpu: T0 : 0x105e4    : ld a2, -40(s0)             : MemRead :  D=0x0000000000071968 A=0x7ffffffffffffdb8
3614000: system.cpu: T0 : 0x105e8    : c_add a5, a2               : IntAlu :  D=0x00000000000719c6
3615000: system.cpu: T0 : 0x105ea    : subw a4, a3, a4            : IntAlu :  D=0x0000000000000006
3616000: system.cpu: T0 : 0x105ee    : andi a4, a4, 255           : IntAlu :  D=0x0000000000000006
3617000: system.cpu: T0 : 0x105f2    : sb a4, 0(a5)               : MemWrite :  D=0x0000000000000006 A=0x719c6
3618000: system.cpu: T0 : 0x105f6    : lw a5, -20(s0)             : MemRead :  D=0x000000000000005e A=0x7ffffffffffffdcc
3618500: system.cpu: T0 : 0x105fa    : c_addiw a5, 1              : IntAlu :  D=0x000000000000005f
3619000: system.cpu: T0 : 0x105fc    : sw a5, -20(s0)             : MemWrite :  D=0x000000000000005f A=0x7ffffffffffffdcc
3619500: system.cpu: T0 : 0x10600    : lw a4, -20(s0)             : MemRead :  D=0x000000000000005f A=0x7ffffffffffffdcc
3620000: system.cpu: T0 : 0x10604    : lw a5, -44(s0)             : MemRead :  D=0x0000000000000064 A=0x7ffffffffffffdb4
3620500: system.cpu: T0 : 0x10608    : c_addiw a4, 0              : IntAlu :  D=0x000000000000005f
3621000: system.cpu: T0 : 0x1060a    : c_addiw a5, 0              : IntAlu :  D=0x0000000000000064
3621500: system.cpu: T0 : 0x1060c    : blt a4, a5, -60            : IntAlu : 
3622000: system.cpu: T0 : 0x105d0    : lw a5, -44(s0)             : MemRead :  D=0x0000000000000064 A=0x7ffffffffffffdb4
3622500: system.cpu: T0 : 0x105d4    : andi a3, a5, 255           : IntAlu :  D=0x0000000000000064
3623000: system.cpu: T0 : 0x105d8    : lw a5, -20(s0)             : MemRead :  D=0x000000000000005f A=0x7ffffffffffffdcc
3623500: system.cpu: T0 : 0x105dc    : andi a4, a5, 255           : IntAlu :  D=0x000000000000005f
3624000: system.cpu: T0 : 0x105e0    : lw a5, -20(s0)             : MemRead :  D=0x000000000000005f A=0x7ffffffffffffdcc
3624500: system.cpu: T0 : 0x105e4    : ld a2, -40(s0)             : MemRead :  D=0x0000000000071968 A=0x7ffffffffffffdb8
3625000: system.cpu: T0 : 0x105e8    : c_add a5, a2               : IntAlu :  D=0x00000000000719c7
3626000: system.cpu: T0 : 0x105ea    : subw a4, a3, a4            : IntAlu :  D=0x0000000000000005
3627000: system.cpu: T0 : 0x105ee    : andi a4, a4, 255           : IntAlu :  D=0x0000000000000005
3628000: system.cpu: T0 : 0x105f2    : sb a4, 0(a5)               : MemWrite :  D=0x0000000000000005 A=0x719c7
3629000: system.cpu: T0 : 0x105f6    : lw a5, -20(s0)             : MemRead :  D=0x000000000000005f A=0x7ffffffffffffdcc
3629500: system.cpu: T0 : 0x105fa    : c_addiw a5, 1              : IntAlu :  D=0x0000000000000060
3630000: system.cpu: T0 : 0x105fc    : sw a5, -20(s0)             : MemWrite :  D=0x0000000000000060 A=0x7ffffffffffffdcc
3630500: system.cpu: T0 : 0x10600    : lw a4, -20(s0)             : MemRead :  D=0x0000000000000060 A=0x7ffffffffffffdcc
3631000: system.cpu: T0 : 0x10604    : lw a5, -44(s0)             : MemRead :  D=0x0000000000000064 A=0x7ffffffffffffdb4
3631500: system.cpu: T0 : 0x10608    : c_addiw a4, 0              : IntAlu :  D=0x0000000000000060
3632000: system.cpu: T0 : 0x1060a    : c_addiw a5, 0              : IntAlu :  D=0x0000000000000064
3632500: system.cpu: T0 : 0x1060c    : blt a4, a5, -60            : IntAlu : 
3633000: system.cpu: T0 : 0x105d0    : lw a5, -44(s0)             : MemRead :  D=0x0000000000000064 A=0x7ffffffffffffdb4
3633500: system.cpu: T0 : 0x105d4    : andi a3, a5, 255           : IntAlu :  D=0x0000000000000064
3634000: system.cpu: T0 : 0x105d8    : lw a5, -20(s0)             : MemRead :  D=0x0000000000000060 A=0x7ffffffffffffdcc
3634500: system.cpu: T0 : 0x105dc    : andi a4, a5, 255           : IntAlu :  D=0x0000000000000060
3635000: system.cpu: T0 : 0x105e0    : lw a5, -20(s0)             : MemRead :  D=0x0000000000000060 A=0x7ffffffffffffdcc
3635500: system.cpu: T0 : 0x105e4    : ld a2, -40(s0)             : MemRead :  D=0x0000000000071968 A=0x7ffffffffffffdb8
3636000: system.cpu: T0 : 0x105e8    : c_add a5, a2               : IntAlu :  D=0x00000000000719c8
3637000: system.cpu: T0 : 0x105ea    : subw a4, a3, a4            : IntAlu :  D=0x0000000000000004
3638000: system.cpu: T0 : 0x105ee    : andi a4, a4, 255           : IntAlu :  D=0x0000000000000004
3639000: system.cpu: T0 : 0x105f2    : sb a4, 0(a5)               : MemWrite :  D=0x0000000000000004 A=0x719c8
3640000: system.cpu: T0 : 0x105f6    : lw a5, -20(s0)             : MemRead :  D=0x0000000000000060 A=0x7ffffffffffffdcc
3640500: system.cpu: T0 : 0x105fa    : c_addiw a5, 1              : IntAlu :  D=0x0000000000000061
3641000: system.cpu: T0 : 0x105fc    : sw a5, -20(s0)             : MemWrite :  D=0x0000000000000061 A=0x7ffffffffffffdcc
3641500: system.cpu: T0 : 0x10600    : lw a4, -20(s0)             : MemRead :  D=0x0000000000000061 A=0x7ffffffffffffdcc
3642000: system.cpu: T0 : 0x10604    : lw a5, -44(s0)             : MemRead :  D=0x0000000000000064 A=0x7ffffffffffffdb4
3642500: system.cpu: T0 : 0x10608    : c_addiw a4, 0              : IntAlu :  D=0x0000000000000061
3643000: system.cpu: T0 : 0x1060a    : c_addiw a5, 0              : IntAlu :  D=0x0000000000000064
3643500: system.cpu: T0 : 0x1060c    : blt a4, a5, -60            : IntAlu : 
3644000: system.cpu: T0 : 0x105d0    : lw a5, -44(s0)             : MemRead :  D=0x0000000000000064 A=0x7ffffffffffffdb4
3644500: system.cpu: T0 : 0x105d4    : andi a3, a5, 255           : IntAlu :  D=0x0000000000000064
3645000: system.cpu: T0 : 0x105d8    : lw a5, -20(s0)             : MemRead :  D=0x0000000000000061 A=0x7ffffffffffffdcc
3645500: system.cpu: T0 : 0x105dc    : andi a4, a5, 255           : IntAlu :  D=0x0000000000000061
3646000: system.cpu: T0 : 0x105e0    : lw a5, -20(s0)             : MemRead :  D=0x0000000000000061 A=0x7ffffffffffffdcc
3646500: system.cpu: T0 : 0x105e4    : ld a2, -40(s0)             : MemRead :  D=0x0000000000071968 A=0x7ffffffffffffdb8
3647000: system.cpu: T0 : 0x105e8    : c_add a5, a2               : IntAlu :  D=0x00000000000719c9
3648000: system.cpu: T0 : 0x105ea    : subw a4, a3, a4            : IntAlu :  D=0x0000000000000003
3649000: system.cpu: T0 : 0x105ee    : andi a4, a4, 255           : IntAlu :  D=0x0000000000000003
3650000: system.cpu: T0 : 0x105f2    : sb a4, 0(a5)               : MemWrite :  D=0x0000000000000003 A=0x719c9
3651000: system.cpu: T0 : 0x105f6    : lw a5, -20(s0)             : MemRead :  D=0x0000000000000061 A=0x7ffffffffffffdcc
3651500: system.cpu: T0 : 0x105fa    : c_addiw a5, 1              : IntAlu :  D=0x0000000000000062
3652000: system.cpu: T0 : 0x105fc    : sw a5, -20(s0)             : MemWrite :  D=0x0000000000000062 A=0x7ffffffffffffdcc
3652500: system.cpu: T0 : 0x10600    : lw a4, -20(s0)             : MemRead :  D=0x0000000000000062 A=0x7ffffffffffffdcc
3653000: system.cpu: T0 : 0x10604    : lw a5, -44(s0)             : MemRead :  D=0x0000000000000064 A=0x7ffffffffffffdb4
3653500: system.cpu: T0 : 0x10608    : c_addiw a4, 0              : IntAlu :  D=0x0000000000000062
3654000: system.cpu: T0 : 0x1060a    : c_addiw a5, 0              : IntAlu :  D=0x0000000000000064
3654500: system.cpu: T0 : 0x1060c    : blt a4, a5, -60            : IntAlu : 
3655000: system.cpu: T0 : 0x105d0    : lw a5, -44(s0)             : MemRead :  D=0x0000000000000064 A=0x7ffffffffffffdb4
3655500: system.cpu: T0 : 0x105d4    : andi a3, a5, 255           : IntAlu :  D=0x0000000000000064
3656000: system.cpu: T0 : 0x105d8    : lw a5, -20(s0)             : MemRead :  D=0x0000000000000062 A=0x7ffffffffffffdcc
3656500: system.cpu: T0 : 0x105dc    : andi a4, a5, 255           : IntAlu :  D=0x0000000000000062
3657000: system.cpu: T0 : 0x105e0    : lw a5, -20(s0)             : MemRead :  D=0x0000000000000062 A=0x7ffffffffffffdcc
3657500: system.cpu: T0 : 0x105e4    : ld a2, -40(s0)             : MemRead :  D=0x0000000000071968 A=0x7ffffffffffffdb8
3658000: system.cpu: T0 : 0x105e8    : c_add a5, a2               : IntAlu :  D=0x00000000000719ca
3659000: system.cpu: T0 : 0x105ea    : subw a4, a3, a4            : IntAlu :  D=0x0000000000000002
3660000: system.cpu: T0 : 0x105ee    : andi a4, a4, 255           : IntAlu :  D=0x0000000000000002
3661000: system.cpu: T0 : 0x105f2    : sb a4, 0(a5)               : MemWrite :  D=0x0000000000000002 A=0x719ca
3662000: system.cpu: T0 : 0x105f6    : lw a5, -20(s0)             : MemRead :  D=0x0000000000000062 A=0x7ffffffffffffdcc
3662500: system.cpu: T0 : 0x105fa    : c_addiw a5, 1              : IntAlu :  D=0x0000000000000063
3663000: system.cpu: T0 : 0x105fc    : sw a5, -20(s0)             : MemWrite :  D=0x0000000000000063 A=0x7ffffffffffffdcc
3663500: system.cpu: T0 : 0x10600    : lw a4, -20(s0)             : MemRead :  D=0x0000000000000063 A=0x7ffffffffffffdcc
3664000: system.cpu: T0 : 0x10604    : lw a5, -44(s0)             : MemRead :  D=0x0000000000000064 A=0x7ffffffffffffdb4
3664500: system.cpu: T0 : 0x10608    : c_addiw a4, 0              : IntAlu :  D=0x0000000000000063
3665000: system.cpu: T0 : 0x1060a    : c_addiw a5, 0              : IntAlu :  D=0x0000000000000064
3665500: system.cpu: T0 : 0x1060c    : blt a4, a5, -60            : IntAlu : 
3666000: system.cpu: T0 : 0x105d0    : lw a5, -44(s0)             : MemRead :  D=0x0000000000000064 A=0x7ffffffffffffdb4
3666500: system.cpu: T0 : 0x105d4    : andi a3, a5, 255           : IntAlu :  D=0x0000000000000064
3667000: system.cpu: T0 : 0x105d8    : lw a5, -20(s0)             : MemRead :  D=0x0000000000000063 A=0x7ffffffffffffdcc
3667500: system.cpu: T0 : 0x105dc    : andi a4, a5, 255           : IntAlu :  D=0x0000000000000063
3668000: system.cpu: T0 : 0x105e0    : lw a5, -20(s0)             : MemRead :  D=0x0000000000000063 A=0x7ffffffffffffdcc
3668500: system.cpu: T0 : 0x105e4    : ld a2, -40(s0)             : MemRead :  D=0x0000000000071968 A=0x7ffffffffffffdb8
3669000: system.cpu: T0 : 0x105e8    : c_add a5, a2               : IntAlu :  D=0x00000000000719cb
3670000: system.cpu: T0 : 0x105ea    : subw a4, a3, a4            : IntAlu :  D=0x0000000000000001
3671000: system.cpu: T0 : 0x105ee    : andi a4, a4, 255           : IntAlu :  D=0x0000000000000001
3672000: system.cpu: T0 : 0x105f2    : sb a4, 0(a5)               : MemWrite :  D=0x0000000000000001 A=0x719cb
3673000: system.cpu: T0 : 0x105f6    : lw a5, -20(s0)             : MemRead :  D=0x0000000000000063 A=0x7ffffffffffffdcc
3673500: system.cpu: T0 : 0x105fa    : c_addiw a5, 1              : IntAlu :  D=0x0000000000000064
3674000: system.cpu: T0 : 0x105fc    : sw a5, -20(s0)             : MemWrite :  D=0x0000000000000064 A=0x7ffffffffffffdcc
3674500: system.cpu: T0 : 0x10600    : lw a4, -20(s0)             : MemRead :  D=0x0000000000000064 A=0x7ffffffffffffdcc
3675000: system.cpu: T0 : 0x10604    : lw a5, -44(s0)             : MemRead :  D=0x0000000000000064 A=0x7ffffffffffffdb4
3675500: system.cpu: T0 : 0x10608    : c_addiw a4, 0              : IntAlu :  D=0x0000000000000064
3676000: system.cpu: T0 : 0x1060a    : c_addiw a5, 0              : IntAlu :  D=0x0000000000000064
3676500: system.cpu: T0 : 0x1060c    : blt a4, a5, -60            : IntAlu : 
3677000: system.cpu: T0 : 0x10610    : c_addi zero, 0             : IntAlu :  D=0x0000000000000000
3677500: system.cpu: T0 : 0x10612    : c_addi zero, 0             : IntAlu :  D=0x0000000000000000
3678000: system.cpu: T0 : 0x10614    : c_ldsp s0, 40(sp)          : MemRead :  D=0x7ffffffffffffdf0 A=0x7ffffffffffffdd8
3678500: system.cpu: T0 : 0x10616    : c_addi16sp sp, 48          : IntAlu :  D=0x7ffffffffffffde0
3679000: system.cpu: T0 : 0x10618    : c_jr ra                    : IntAlu : 
3680000: system.cpu: T0 : 0x10632    : addi a2, zero, 43          : IntAlu :  D=0x000000000000002b
3681000: system.cpu: T0 : 0x10636    : auipc a1, 96               : IntAlu :  D=0x0000000000070636
3682000: system.cpu: T0 : 0x1063a    : ld a1, 506(a1)             : MemRead :  D=0x00000000000719d0 A=0x70830
3683000: system.cpu: T0 : 0x1063e    : auipc a0, 96               : IntAlu :  D=0x000000000007063e
3684000: system.cpu: T0 : 0x10642    : ld a0, 474(a0)             : MemRead :  D=0x0000000000071968 A=0x70818
3685000: system.cpu: T0 : 0x10646    : jal ra, -534               : IntAlu :  D=0x000000000001064a
3685500: system.cpu: T0 : 0x10430    : c_addi16sp sp, -64         : IntAlu :  D=0x7ffffffffffffda0
3686000: system.cpu: T0 : 0x10432    : c_sdsp s0, 56(sp)          : MemWrite :  D=0x7ffffffffffffdf0 A=0x7ffffffffffffdd8
3686500: system.cpu: T0 : 0x10434    : c_addi4spn s0, sp, 64      : IntAlu :  D=0x7ffffffffffffde0
3687500: system.cpu: T0 : 0x10436    : sd a0, -40(s0)             : MemWrite :  D=0x0000000000071968 A=0x7ffffffffffffdb8
3688500: system.cpu: T0 : 0x1043a    : sd a1, -48(s0)             : MemWrite :  D=0x00000000000719d0 A=0x7ffffffffffffdb0
3689000: system.cpu: T0 : 0x1043e    : c_mv a5, a2                : IntAlu :  D=0x000000000000002b
3689500: system.cpu: T0 : 0x10440    : sw a5, -52(s0)             : MemWrite :  D=0x000000000000002b A=0x7ffffffffffffdac
3690000: system.cpu: T0 : 0x10444    : lw a5, -52(s0)             : MemRead :  D=0x000000000000002b A=0x7ffffffffffffdac
3690500: system.cpu: T0 : 0x10448    : c_addiw a5, 7              : IntAlu :  D=0x0000000000000032
3691000: system.cpu: T0 : 0x1044a    : c_addiw a5, 0              : IntAlu :  D=0x0000000000000032
3691500: system.cpu: T0 : 0x1044c    : sraiw a4, a5, 31           : IntAlu :  D=0x0000000000000000
3692000: system.cpu: T0 : 0x10450    : srliw a4, a4, 29           : IntAlu :  D=0x0000000000000000
3692500: system.cpu: T0 : 0x10454    : c_addw a5, a4              : IntAlu :  D=0x0000000000000032
3693500: system.cpu: T0 : 0x10456    : sraiw a5, a5, 3            : IntAlu :  D=0x0000000000000006
3694500: system.cpu: T0 : 0x1045a    : sw a5, -20(s0)             : MemWrite :  D=0x0000000000000006 A=0x7ffffffffffffdcc
3695500: system.cpu: T0 : 0x1045e    : lw a4, -52(s0)             : MemRead :  D=0x000000000000002b A=0x7ffffffffffffdac
3696500: system.cpu: T0 : 0x10462    : sraiw a5, a4, 31           : IntAlu :  D=0x0000000000000000
3697500: system.cpu: T0 : 0x10466    : srliw a5, a5, 29           : IntAlu :  D=0x0000000000000000
3698000: system.cpu: T0 : 0x1046a    : c_addw a4, a5              : IntAlu :  D=0x000000000000002b
3698500: system.cpu: T0 : 0x1046c    : c_andi a4, 7               : IntAlu :  D=0x0000000000000003
3699500: system.cpu: T0 : 0x1046e    : subw a5, a4, a5            : IntAlu :  D=0x0000000000000003
3700000: system.cpu: T0 : 0x10472    : c_addiw a5, 0              : IntAlu :  D=0x0000000000000003
3700500: system.cpu: T0 : 0x10474    : c_mv a3, a5                : IntAlu :  D=0x0000000000000003
3701000: system.cpu: T0 : 0x10476    : c_li a4, 7                 : IntAlu :  D=0x0000000000000007
3701500: system.cpu: T0 : 0x10478    : bltu a4, a3, 314           : IntAlu : 
3702000: system.cpu: T0 : 0x1047c    : slli a4, a5, 2             : IntAlu :  D=0x000000000000000c
3702500: system.cpu: T0 : 0x10480    : auipc a5, 61               : IntAlu :  D=0x000000000004d480
3703000: system.cpu: T0 : 0x10484    : addi a5, a5, 240           : IntAlu :  D=0x000000000004d570
3703500: system.cpu: T0 : 0x10488    : c_add a5, a4               : IntAlu :  D=0x000000000004d57c
3704000: system.cpu: T0 : 0x1048a    : c_lw a5, 0(a5)             : MemRead :  D=0xfffffffffffc2fce A=0x4d57c
3704500: system.cpu: T0 : 0x1048c    : addiw a4, a5, 0            : IntAlu :  D=0xfffffffffffc2fce
3705000: system.cpu: T0 : 0x10490    : auipc a5, 61               : IntAlu :  D=0x000000000004d490
3705500: system.cpu: T0 : 0x10494    : addi a5, a5, 224           : IntAlu :  D=0x000000000004d570
3706000: system.cpu: T0 : 0x10498    : c_add a5, a4               : IntAlu :  D=0x000000000001053e
3706500: system.cpu: T0 : 0x1049a    : c_jr a5                    : IntAlu : 
3707500: system.cpu: T0 : 0x1053e    : ld a4, -48(s0)             : MemRead :  D=0x00000000000719d0 A=0x7ffffffffffffdb0
3708500: system.cpu: T0 : 0x10542    : addi a5, a4, 1             : IntAlu :  D=0x00000000000719d1
3709500: system.cpu: T0 : 0x10546    : sd a5, -48(s0)             : MemWrite :  D=0x00000000000719d1 A=0x7ffffffffffffdb0
3710500: system.cpu: T0 : 0x1054a    : ld a5, -40(s0)             : MemRead :  D=0x0000000000071968 A=0x7ffffffffffffdb8
3711500: system.cpu: T0 : 0x1054e    : addi a3, a5, 1             : IntAlu :  D=0x0000000000071969
3712500: system.cpu: T0 : 0x10552    : sd a3, -40(s0)             : MemWrite :  D=0x0000000000071969 A=0x7ffffffffffffdb8
3713500: system.cpu: T0 : 0x10556    : lbu a4, 0(a4)              : MemRead :  D=0x0000000000000000 A=0x719d0
3714500: system.cpu: T0 : 0x1055a    : sb a4, 0(a5)               : MemWrite :  D=0x0000000000000000 A=0x71968
3715500: system.cpu: T0 : 0x1055e    : ld a4, -48(s0)             : MemRead :  D=0x00000000000719d1 A=0x7ffffffffffffdb0
3716500: system.cpu: T0 : 0x10562    : addi a5, a4, 1             : IntAlu :  D=0x00000000000719d2
3717500: system.cpu: T0 : 0x10566    : sd a5, -48(s0)             : MemWrite :  D=0x00000000000719d2 A=0x7ffffffffffffdb0
3718500: system.cpu: T0 : 0x1056a    : ld a5, -40(s0)             : MemRead :  D=0x0000000000071969 A=0x7ffffffffffffdb8
3719500: system.cpu: T0 : 0x1056e    : addi a3, a5, 1             : IntAlu :  D=0x000000000007196a
3720500: system.cpu: T0 : 0x10572    : sd a3, -40(s0)             : MemWrite :  D=0x000000000007196a A=0x7ffffffffffffdb8
3721500: system.cpu: T0 : 0x10576    : lbu a4, 0(a4)              : MemRead :  D=0x0000000000000000 A=0x719d1
3722500: system.cpu: T0 : 0x1057a    : sb a4, 0(a5)               : MemWrite :  D=0x0000000000000000 A=0x71969
3723500: system.cpu: T0 : 0x1057e    : ld a4, -48(s0)             : MemRead :  D=0x00000000000719d2 A=0x7ffffffffffffdb0
3724500: system.cpu: T0 : 0x10582    : addi a5, a4, 1             : IntAlu :  D=0x00000000000719d3
3725500: system.cpu: T0 : 0x10586    : sd a5, -48(s0)             : MemWrite :  D=0x00000000000719d3 A=0x7ffffffffffffdb0
3726500: system.cpu: T0 : 0x1058a    : ld a5, -40(s0)             : MemRead :  D=0x000000000007196a A=0x7ffffffffffffdb8
3727500: system.cpu: T0 : 0x1058e    : addi a3, a5, 1             : IntAlu :  D=0x000000000007196b
3728500: system.cpu: T0 : 0x10592    : sd a3, -40(s0)             : MemWrite :  D=0x000000000007196b A=0x7ffffffffffffdb8
3729500: system.cpu: T0 : 0x10596    : lbu a4, 0(a4)              : MemRead :  D=0x0000000000000000 A=0x719d2
3730500: system.cpu: T0 : 0x1059a    : sb a4, 0(a5)               : MemWrite :  D=0x0000000000000000 A=0x7196a
3731500: system.cpu: T0 : 0x1059e    : lw a5, -20(s0)             : MemRead :  D=0x0000000000000006 A=0x7ffffffffffffdcc
3732000: system.cpu: T0 : 0x105a2    : c_addiw a5, -1             : IntAlu :  D=0x0000000000000005
3732500: system.cpu: T0 : 0x105a4    : sw a5, -20(s0)             : MemWrite :  D=0x0000000000000005 A=0x7ffffffffffffdcc
3733000: system.cpu: T0 : 0x105a8    : lw a5, -20(s0)             : MemRead :  D=0x0000000000000005 A=0x7ffffffffffffdcc
3733500: system.cpu: T0 : 0x105ac    : c_addiw a5, 0              : IntAlu :  D=0x0000000000000005
3734500: system.cpu: T0 : 0x105ae    : blt zero, a5, -274         : IntAlu : 
3735000: system.cpu: T0 : 0x1049c    : c_addi zero, 0             : IntAlu :  D=0x0000000000000000
3736000: system.cpu: T0 : 0x1049e    : ld a4, -48(s0)             : MemRead :  D=0x00000000000719d3 A=0x7ffffffffffffdb0
3737000: system.cpu: T0 : 0x104a2    : addi a5, a4, 1             : IntAlu :  D=0x00000000000719d4
3738000: system.cpu: T0 : 0x104a6    : sd a5, -48(s0)             : MemWrite :  D=0x00000000000719d4 A=0x7ffffffffffffdb0
3739000: system.cpu: T0 : 0x104aa    : ld a5, -40(s0)             : MemRead :  D=0x000000000007196b A=0x7ffffffffffffdb8
3740000: system.cpu: T0 : 0x104ae    : addi a3, a5, 1             : IntAlu :  D=0x000000000007196c
3741000: system.cpu: T0 : 0x104b2    : sd a3, -40(s0)             : MemWrite :  D=0x000000000007196c A=0x7ffffffffffffdb8
3742000: system.cpu: T0 : 0x104b6    : lbu a4, 0(a4)              : MemRead :  D=0x0000000000000000 A=0x719d3
3743000: system.cpu: T0 : 0x104ba    : sb a4, 0(a5)               : MemWrite :  D=0x0000000000000000 A=0x7196b
3744000: system.cpu: T0 : 0x104be    : ld a4, -48(s0)             : MemRead :  D=0x00000000000719d4 A=0x7ffffffffffffdb0
3745000: system.cpu: T0 : 0x104c2    : addi a5, a4, 1             : IntAlu :  D=0x00000000000719d5
3746000: system.cpu: T0 : 0x104c6    : sd a5, -48(s0)             : MemWrite :  D=0x00000000000719d5 A=0x7ffffffffffffdb0
3747000: system.cpu: T0 : 0x104ca    : ld a5, -40(s0)             : MemRead :  D=0x000000000007196c A=0x7ffffffffffffdb8
3748000: system.cpu: T0 : 0x104ce    : addi a3, a5, 1             : IntAlu :  D=0x000000000007196d
3749000: system.cpu: T0 : 0x104d2    : sd a3, -40(s0)             : MemWrite :  D=0x000000000007196d A=0x7ffffffffffffdb8
3750000: system.cpu: T0 : 0x104d6    : lbu a4, 0(a4)              : MemRead :  D=0x0000000000000000 A=0x719d4
3751000: system.cpu: T0 : 0x104da    : sb a4, 0(a5)               : MemWrite :  D=0x0000000000000000 A=0x7196c
3752000: system.cpu: T0 : 0x104de    : ld a4, -48(s0)             : MemRead :  D=0x00000000000719d5 A=0x7ffffffffffffdb0
3753000: system.cpu: T0 : 0x104e2    : addi a5, a4, 1             : IntAlu :  D=0x00000000000719d6
3754000: system.cpu: T0 : 0x104e6    : sd a5, -48(s0)             : MemWrite :  D=0x00000000000719d6 A=0x7ffffffffffffdb0
3755000: system.cpu: T0 : 0x104ea    : ld a5, -40(s0)             : MemRead :  D=0x000000000007196d A=0x7ffffffffffffdb8
3756000: system.cpu: T0 : 0x104ee    : addi a3, a5, 1             : IntAlu :  D=0x000000000007196e
3757000: system.cpu: T0 : 0x104f2    : sd a3, -40(s0)             : MemWrite :  D=0x000000000007196e A=0x7ffffffffffffdb8
3758000: system.cpu: T0 : 0x104f6    : lbu a4, 0(a4)              : MemRead :  D=0x0000000000000000 A=0x719d5
3759000: system.cpu: T0 : 0x104fa    : sb a4, 0(a5)               : MemWrite :  D=0x0000000000000000 A=0x7196d
3760000: system.cpu: T0 : 0x104fe    : ld a4, -48(s0)             : MemRead :  D=0x00000000000719d6 A=0x7ffffffffffffdb0
3761000: system.cpu: T0 : 0x10502    : addi a5, a4, 1             : IntAlu :  D=0x00000000000719d7
3762000: system.cpu: T0 : 0x10506    : sd a5, -48(s0)             : MemWrite :  D=0x00000000000719d7 A=0x7ffffffffffffdb0
3763000: system.cpu: T0 : 0x1050a    : ld a5, -40(s0)             : MemRead :  D=0x000000000007196e A=0x7ffffffffffffdb8
3764000: system.cpu: T0 : 0x1050e    : addi a3, a5, 1             : IntAlu :  D=0x000000000007196f
3765000: system.cpu: T0 : 0x10512    : sd a3, -40(s0)             : MemWrite :  D=0x000000000007196f A=0x7ffffffffffffdb8
3766000: system.cpu: T0 : 0x10516    : lbu a4, 0(a4)              : MemRead :  D=0x0000000000000000 A=0x719d6
3767000: system.cpu: T0 : 0x1051a    : sb a4, 0(a5)               : MemWrite :  D=0x0000000000000000 A=0x7196e
3768000: system.cpu: T0 : 0x1051e    : ld a4, -48(s0)             : MemRead :  D=0x00000000000719d7 A=0x7ffffffffffffdb0
3769000: system.cpu: T0 : 0x10522    : addi a5, a4, 1             : IntAlu :  D=0x00000000000719d8
3770000: system.cpu: T0 : 0x10526    : sd a5, -48(s0)             : MemWrite :  D=0x00000000000719d8 A=0x7ffffffffffffdb0
3771000: system.cpu: T0 : 0x1052a    : ld a5, -40(s0)             : MemRead :  D=0x000000000007196f A=0x7ffffffffffffdb8
3772000: system.cpu: T0 : 0x1052e    : addi a3, a5, 1             : IntAlu :  D=0x0000000000071970
3773000: system.cpu: T0 : 0x10532    : sd a3, -40(s0)             : MemWrite :  D=0x0000000000071970 A=0x7ffffffffffffdb8
3774000: system.cpu: T0 : 0x10536    : lbu a4, 0(a4)              : MemRead :  D=0x0000000000000000 A=0x719d7
3775000: system.cpu: T0 : 0x1053a    : sb a4, 0(a5)               : MemWrite :  D=0x0000000000000000 A=0x7196f
3776000: system.cpu: T0 : 0x1053e    : ld a4, -48(s0)             : MemRead :  D=0x00000000000719d8 A=0x7ffffffffffffdb0
3777000: system.cpu: T0 : 0x10542    : addi a5, a4, 1             : IntAlu :  D=0x00000000000719d9
3778000: system.cpu: T0 : 0x10546    : sd a5, -48(s0)             : MemWrite :  D=0x00000000000719d9 A=0x7ffffffffffffdb0
3779000: system.cpu: T0 : 0x1054a    : ld a5, -40(s0)             : MemRead :  D=0x0000000000071970 A=0x7ffffffffffffdb8
3780000: system.cpu: T0 : 0x1054e    : addi a3, a5, 1             : IntAlu :  D=0x0000000000071971
3781000: system.cpu: T0 : 0x10552    : sd a3, -40(s0)             : MemWrite :  D=0x0000000000071971 A=0x7ffffffffffffdb8
3782000: system.cpu: T0 : 0x10556    : lbu a4, 0(a4)              : MemRead :  D=0x0000000000000000 A=0x719d8
3783000: system.cpu: T0 : 0x1055a    : sb a4, 0(a5)               : MemWrite :  D=0x0000000000000000 A=0x71970
3784000: system.cpu: T0 : 0x1055e    : ld a4, -48(s0)             : MemRead :  D=0x00000000000719d9 A=0x7ffffffffffffdb0
3785000: system.cpu: T0 : 0x10562    : addi a5, a4, 1             : IntAlu :  D=0x00000000000719da
3786000: system.cpu: T0 : 0x10566    : sd a5, -48(s0)             : MemWrite :  D=0x00000000000719da A=0x7ffffffffffffdb0
3787000: system.cpu: T0 : 0x1056a    : ld a5, -40(s0)             : MemRead :  D=0x0000000000071971 A=0x7ffffffffffffdb8
3788000: system.cpu: T0 : 0x1056e    : addi a3, a5, 1             : IntAlu :  D=0x0000000000071972
3789000: system.cpu: T0 : 0x10572    : sd a3, -40(s0)             : MemWrite :  D=0x0000000000071972 A=0x7ffffffffffffdb8
3790000: system.cpu: T0 : 0x10576    : lbu a4, 0(a4)              : MemRead :  D=0x0000000000000000 A=0x719d9
3791000: system.cpu: T0 : 0x1057a    : sb a4, 0(a5)               : MemWrite :  D=0x0000000000000000 A=0x71971
3792000: system.cpu: T0 : 0x1057e    : ld a4, -48(s0)             : MemRead :  D=0x00000000000719da A=0x7ffffffffffffdb0
3793000: system.cpu: T0 : 0x10582    : addi a5, a4, 1             : IntAlu :  D=0x00000000000719db
3794000: system.cpu: T0 : 0x10586    : sd a5, -48(s0)             : MemWrite :  D=0x00000000000719db A=0x7ffffffffffffdb0
3795000: system.cpu: T0 : 0x1058a    : ld a5, -40(s0)             : MemRead :  D=0x0000000000071972 A=0x7ffffffffffffdb8
3796000: system.cpu: T0 : 0x1058e    : addi a3, a5, 1             : IntAlu :  D=0x0000000000071973
3797000: system.cpu: T0 : 0x10592    : sd a3, -40(s0)             : MemWrite :  D=0x0000000000071973 A=0x7ffffffffffffdb8
3798000: system.cpu: T0 : 0x10596    : lbu a4, 0(a4)              : MemRead :  D=0x0000000000000000 A=0x719da
3799000: system.cpu: T0 : 0x1059a    : sb a4, 0(a5)               : MemWrite :  D=0x0000000000000000 A=0x71972
3800000: system.cpu: T0 : 0x1059e    : lw a5, -20(s0)             : MemRead :  D=0x0000000000000005 A=0x7ffffffffffffdcc
3800500: system.cpu: T0 : 0x105a2    : c_addiw a5, -1             : IntAlu :  D=0x0000000000000004
3801000: system.cpu: T0 : 0x105a4    : sw a5, -20(s0)             : MemWrite :  D=0x0000000000000004 A=0x7ffffffffffffdcc
3801500: system.cpu: T0 : 0x105a8    : lw a5, -20(s0)             : MemRead :  D=0x0000000000000004 A=0x7ffffffffffffdcc
3802000: system.cpu: T0 : 0x105ac    : c_addiw a5, 0              : IntAlu :  D=0x0000000000000004
3803000: system.cpu: T0 : 0x105ae    : blt zero, a5, -274         : IntAlu : 
3803500: system.cpu: T0 : 0x1049c    : c_addi zero, 0             : IntAlu :  D=0x0000000000000000
3804500: system.cpu: T0 : 0x1049e    : ld a4, -48(s0)             : MemRead :  D=0x00000000000719db A=0x7ffffffffffffdb0
3805500: system.cpu: T0 : 0x104a2    : addi a5, a4, 1             : IntAlu :  D=0x00000000000719dc
3806500: system.cpu: T0 : 0x104a6    : sd a5, -48(s0)             : MemWrite :  D=0x00000000000719dc A=0x7ffffffffffffdb0
3807500: system.cpu: T0 : 0x104aa    : ld a5, -40(s0)             : MemRead :  D=0x0000000000071973 A=0x7ffffffffffffdb8
3808500: system.cpu: T0 : 0x104ae    : addi a3, a5, 1             : IntAlu :  D=0x0000000000071974
3809500: system.cpu: T0 : 0x104b2    : sd a3, -40(s0)             : MemWrite :  D=0x0000000000071974 A=0x7ffffffffffffdb8
3810500: system.cpu: T0 : 0x104b6    : lbu a4, 0(a4)              : MemRead :  D=0x0000000000000000 A=0x719db
3811500: system.cpu: T0 : 0x104ba    : sb a4, 0(a5)               : MemWrite :  D=0x0000000000000000 A=0x71973
3812500: system.cpu: T0 : 0x104be    : ld a4, -48(s0)             : MemRead :  D=0x00000000000719dc A=0x7ffffffffffffdb0
3813500: system.cpu: T0 : 0x104c2    : addi a5, a4, 1             : IntAlu :  D=0x00000000000719dd
3814500: system.cpu: T0 : 0x104c6    : sd a5, -48(s0)             : MemWrite :  D=0x00000000000719dd A=0x7ffffffffffffdb0
3815500: system.cpu: T0 : 0x104ca    : ld a5, -40(s0)             : MemRead :  D=0x0000000000071974 A=0x7ffffffffffffdb8
3816500: system.cpu: T0 : 0x104ce    : addi a3, a5, 1             : IntAlu :  D=0x0000000000071975
3817500: system.cpu: T0 : 0x104d2    : sd a3, -40(s0)             : MemWrite :  D=0x0000000000071975 A=0x7ffffffffffffdb8
3818500: system.cpu: T0 : 0x104d6    : lbu a4, 0(a4)              : MemRead :  D=0x0000000000000000 A=0x719dc
3819500: system.cpu: T0 : 0x104da    : sb a4, 0(a5)               : MemWrite :  D=0x0000000000000000 A=0x71974
3820500: system.cpu: T0 : 0x104de    : ld a4, -48(s0)             : MemRead :  D=0x00000000000719dd A=0x7ffffffffffffdb0
3821500: system.cpu: T0 : 0x104e2    : addi a5, a4, 1             : IntAlu :  D=0x00000000000719de
3822500: system.cpu: T0 : 0x104e6    : sd a5, -48(s0)             : MemWrite :  D=0x00000000000719de A=0x7ffffffffffffdb0
3823500: system.cpu: T0 : 0x104ea    : ld a5, -40(s0)             : MemRead :  D=0x0000000000071975 A=0x7ffffffffffffdb8
3824500: system.cpu: T0 : 0x104ee    : addi a3, a5, 1             : IntAlu :  D=0x0000000000071976
3825500: system.cpu: T0 : 0x104f2    : sd a3, -40(s0)             : MemWrite :  D=0x0000000000071976 A=0x7ffffffffffffdb8
3826500: system.cpu: T0 : 0x104f6    : lbu a4, 0(a4)              : MemRead :  D=0x0000000000000000 A=0x719dd
3827500: system.cpu: T0 : 0x104fa    : sb a4, 0(a5)               : MemWrite :  D=0x0000000000000000 A=0x71975
3828500: system.cpu: T0 : 0x104fe    : ld a4, -48(s0)             : MemRead :  D=0x00000000000719de A=0x7ffffffffffffdb0
3829500: system.cpu: T0 : 0x10502    : addi a5, a4, 1             : IntAlu :  D=0x00000000000719df
3830500: system.cpu: T0 : 0x10506    : sd a5, -48(s0)             : MemWrite :  D=0x00000000000719df A=0x7ffffffffffffdb0
3831500: system.cpu: T0 : 0x1050a    : ld a5, -40(s0)             : MemRead :  D=0x0000000000071976 A=0x7ffffffffffffdb8
3832500: system.cpu: T0 : 0x1050e    : addi a3, a5, 1             : IntAlu :  D=0x0000000000071977
3833500: system.cpu: T0 : 0x10512    : sd a3, -40(s0)             : MemWrite :  D=0x0000000000071977 A=0x7ffffffffffffdb8
3834500: system.cpu: T0 : 0x10516    : lbu a4, 0(a4)              : MemRead :  D=0x0000000000000000 A=0x719de
3835500: system.cpu: T0 : 0x1051a    : sb a4, 0(a5)               : MemWrite :  D=0x0000000000000000 A=0x71976
3836500: system.cpu: T0 : 0x1051e    : ld a4, -48(s0)             : MemRead :  D=0x00000000000719df A=0x7ffffffffffffdb0
3837500: system.cpu: T0 : 0x10522    : addi a5, a4, 1             : IntAlu :  D=0x00000000000719e0
3838500: system.cpu: T0 : 0x10526    : sd a5, -48(s0)             : MemWrite :  D=0x00000000000719e0 A=0x7ffffffffffffdb0
3839500: system.cpu: T0 : 0x1052a    : ld a5, -40(s0)             : MemRead :  D=0x0000000000071977 A=0x7ffffffffffffdb8
3840500: system.cpu: T0 : 0x1052e    : addi a3, a5, 1             : IntAlu :  D=0x0000000000071978
3841500: system.cpu: T0 : 0x10532    : sd a3, -40(s0)             : MemWrite :  D=0x0000000000071978 A=0x7ffffffffffffdb8
3842500: system.cpu: T0 : 0x10536    : lbu a4, 0(a4)              : MemRead :  D=0x0000000000000000 A=0x719df
3843500: system.cpu: T0 : 0x1053a    : sb a4, 0(a5)               : MemWrite :  D=0x0000000000000000 A=0x71977
3844500: system.cpu: T0 : 0x1053e    : ld a4, -48(s0)             : MemRead :  D=0x00000000000719e0 A=0x7ffffffffffffdb0
3845500: system.cpu: T0 : 0x10542    : addi a5, a4, 1             : IntAlu :  D=0x00000000000719e1
3846500: system.cpu: T0 : 0x10546    : sd a5, -48(s0)             : MemWrite :  D=0x00000000000719e1 A=0x7ffffffffffffdb0
3847500: system.cpu: T0 : 0x1054a    : ld a5, -40(s0)             : MemRead :  D=0x0000000000071978 A=0x7ffffffffffffdb8
3848500: system.cpu: T0 : 0x1054e    : addi a3, a5, 1             : IntAlu :  D=0x0000000000071979
3849500: system.cpu: T0 : 0x10552    : sd a3, -40(s0)             : MemWrite :  D=0x0000000000071979 A=0x7ffffffffffffdb8
3850500: system.cpu: T0 : 0x10556    : lbu a4, 0(a4)              : MemRead :  D=0x0000000000000000 A=0x719e0
3851500: system.cpu: T0 : 0x1055a    : sb a4, 0(a5)               : MemWrite :  D=0x0000000000000000 A=0x71978
3852500: system.cpu: T0 : 0x1055e    : ld a4, -48(s0)             : MemRead :  D=0x00000000000719e1 A=0x7ffffffffffffdb0
3853500: system.cpu: T0 : 0x10562    : addi a5, a4, 1             : IntAlu :  D=0x00000000000719e2
3854500: system.cpu: T0 : 0x10566    : sd a5, -48(s0)             : MemWrite :  D=0x00000000000719e2 A=0x7ffffffffffffdb0
3855500: system.cpu: T0 : 0x1056a    : ld a5, -40(s0)             : MemRead :  D=0x0000000000071979 A=0x7ffffffffffffdb8
3856500: system.cpu: T0 : 0x1056e    : addi a3, a5, 1             : IntAlu :  D=0x000000000007197a
3857500: system.cpu: T0 : 0x10572    : sd a3, -40(s0)             : MemWrite :  D=0x000000000007197a A=0x7ffffffffffffdb8
3858500: system.cpu: T0 : 0x10576    : lbu a4, 0(a4)              : MemRead :  D=0x0000000000000000 A=0x719e1
3859500: system.cpu: T0 : 0x1057a    : sb a4, 0(a5)               : MemWrite :  D=0x0000000000000000 A=0x71979
3860500: system.cpu: T0 : 0x1057e    : ld a4, -48(s0)             : MemRead :  D=0x00000000000719e2 A=0x7ffffffffffffdb0
3861500: system.cpu: T0 : 0x10582    : addi a5, a4, 1             : IntAlu :  D=0x00000000000719e3
3862500: system.cpu: T0 : 0x10586    : sd a5, -48(s0)             : MemWrite :  D=0x00000000000719e3 A=0x7ffffffffffffdb0
3863500: system.cpu: T0 : 0x1058a    : ld a5, -40(s0)             : MemRead :  D=0x000000000007197a A=0x7ffffffffffffdb8
3864500: system.cpu: T0 : 0x1058e    : addi a3, a5, 1             : IntAlu :  D=0x000000000007197b
3865500: system.cpu: T0 : 0x10592    : sd a3, -40(s0)             : MemWrite :  D=0x000000000007197b A=0x7ffffffffffffdb8
3866500: system.cpu: T0 : 0x10596    : lbu a4, 0(a4)              : MemRead :  D=0x0000000000000000 A=0x719e2
3867500: system.cpu: T0 : 0x1059a    : sb a4, 0(a5)               : MemWrite :  D=0x0000000000000000 A=0x7197a
3868500: system.cpu: T0 : 0x1059e    : lw a5, -20(s0)             : MemRead :  D=0x0000000000000004 A=0x7ffffffffffffdcc
3869000: system.cpu: T0 : 0x105a2    : c_addiw a5, -1             : IntAlu :  D=0x0000000000000003
3869500: system.cpu: T0 : 0x105a4    : sw a5, -20(s0)             : MemWrite :  D=0x0000000000000003 A=0x7ffffffffffffdcc
3870000: system.cpu: T0 : 0x105a8    : lw a5, -20(s0)             : MemRead :  D=0x0000000000000003 A=0x7ffffffffffffdcc
3870500: system.cpu: T0 : 0x105ac    : c_addiw a5, 0              : IntAlu :  D=0x0000000000000003
3871500: system.cpu: T0 : 0x105ae    : blt zero, a5, -274         : IntAlu : 
3872000: system.cpu: T0 : 0x1049c    : c_addi zero, 0             : IntAlu :  D=0x0000000000000000
3873000: system.cpu: T0 : 0x1049e    : ld a4, -48(s0)             : MemRead :  D=0x00000000000719e3 A=0x7ffffffffffffdb0
3874000: system.cpu: T0 : 0x104a2    : addi a5, a4, 1             : IntAlu :  D=0x00000000000719e4
3875000: system.cpu: T0 : 0x104a6    : sd a5, -48(s0)             : MemWrite :  D=0x00000000000719e4 A=0x7ffffffffffffdb0
3876000: system.cpu: T0 : 0x104aa    : ld a5, -40(s0)             : MemRead :  D=0x000000000007197b A=0x7ffffffffffffdb8
3877000: system.cpu: T0 : 0x104ae    : addi a3, a5, 1             : IntAlu :  D=0x000000000007197c
3878000: system.cpu: T0 : 0x104b2    : sd a3, -40(s0)             : MemWrite :  D=0x000000000007197c A=0x7ffffffffffffdb8
3879000: system.cpu: T0 : 0x104b6    : lbu a4, 0(a4)              : MemRead :  D=0x0000000000000000 A=0x719e3
3880000: system.cpu: T0 : 0x104ba    : sb a4, 0(a5)               : MemWrite :  D=0x0000000000000000 A=0x7197b
3881000: system.cpu: T0 : 0x104be    : ld a4, -48(s0)             : MemRead :  D=0x00000000000719e4 A=0x7ffffffffffffdb0
3882000: system.cpu: T0 : 0x104c2    : addi a5, a4, 1             : IntAlu :  D=0x00000000000719e5
3883000: system.cpu: T0 : 0x104c6    : sd a5, -48(s0)             : MemWrite :  D=0x00000000000719e5 A=0x7ffffffffffffdb0
3884000: system.cpu: T0 : 0x104ca    : ld a5, -40(s0)             : MemRead :  D=0x000000000007197c A=0x7ffffffffffffdb8
3885000: system.cpu: T0 : 0x104ce    : addi a3, a5, 1             : IntAlu :  D=0x000000000007197d
3886000: system.cpu: T0 : 0x104d2    : sd a3, -40(s0)             : MemWrite :  D=0x000000000007197d A=0x7ffffffffffffdb8
3887000: system.cpu: T0 : 0x104d6    : lbu a4, 0(a4)              : MemRead :  D=0x0000000000000000 A=0x719e4
3888000: system.cpu: T0 : 0x104da    : sb a4, 0(a5)               : MemWrite :  D=0x0000000000000000 A=0x7197c
3889000: system.cpu: T0 : 0x104de    : ld a4, -48(s0)             : MemRead :  D=0x00000000000719e5 A=0x7ffffffffffffdb0
3890000: system.cpu: T0 : 0x104e2    : addi a5, a4, 1             : IntAlu :  D=0x00000000000719e6
3891000: system.cpu: T0 : 0x104e6    : sd a5, -48(s0)             : MemWrite :  D=0x00000000000719e6 A=0x7ffffffffffffdb0
3892000: system.cpu: T0 : 0x104ea    : ld a5, -40(s0)             : MemRead :  D=0x000000000007197d A=0x7ffffffffffffdb8
3893000: system.cpu: T0 : 0x104ee    : addi a3, a5, 1             : IntAlu :  D=0x000000000007197e
3894000: system.cpu: T0 : 0x104f2    : sd a3, -40(s0)             : MemWrite :  D=0x000000000007197e A=0x7ffffffffffffdb8
3895000: system.cpu: T0 : 0x104f6    : lbu a4, 0(a4)              : MemRead :  D=0x0000000000000000 A=0x719e5
3896000: system.cpu: T0 : 0x104fa    : sb a4, 0(a5)               : MemWrite :  D=0x0000000000000000 A=0x7197d
3897000: system.cpu: T0 : 0x104fe    : ld a4, -48(s0)             : MemRead :  D=0x00000000000719e6 A=0x7ffffffffffffdb0
3898000: system.cpu: T0 : 0x10502    : addi a5, a4, 1             : IntAlu :  D=0x00000000000719e7
3899000: system.cpu: T0 : 0x10506    : sd a5, -48(s0)             : MemWrite :  D=0x00000000000719e7 A=0x7ffffffffffffdb0
3900000: system.cpu: T0 : 0x1050a    : ld a5, -40(s0)             : MemRead :  D=0x000000000007197e A=0x7ffffffffffffdb8
3901000: system.cpu: T0 : 0x1050e    : addi a3, a5, 1             : IntAlu :  D=0x000000000007197f
3902000: system.cpu: T0 : 0x10512    : sd a3, -40(s0)             : MemWrite :  D=0x000000000007197f A=0x7ffffffffffffdb8
3903000: system.cpu: T0 : 0x10516    : lbu a4, 0(a4)              : MemRead :  D=0x0000000000000000 A=0x719e6
3904000: system.cpu: T0 : 0x1051a    : sb a4, 0(a5)               : MemWrite :  D=0x0000000000000000 A=0x7197e
3905000: system.cpu: T0 : 0x1051e    : ld a4, -48(s0)             : MemRead :  D=0x00000000000719e7 A=0x7ffffffffffffdb0
3906000: system.cpu: T0 : 0x10522    : addi a5, a4, 1             : IntAlu :  D=0x00000000000719e8
3907000: system.cpu: T0 : 0x10526    : sd a5, -48(s0)             : MemWrite :  D=0x00000000000719e8 A=0x7ffffffffffffdb0
3908000: system.cpu: T0 : 0x1052a    : ld a5, -40(s0)             : MemRead :  D=0x000000000007197f A=0x7ffffffffffffdb8
3909000: system.cpu: T0 : 0x1052e    : addi a3, a5, 1             : IntAlu :  D=0x0000000000071980
3910000: system.cpu: T0 : 0x10532    : sd a3, -40(s0)             : MemWrite :  D=0x0000000000071980 A=0x7ffffffffffffdb8
3911000: system.cpu: T0 : 0x10536    : lbu a4, 0(a4)              : MemRead :  D=0x0000000000000000 A=0x719e7
3912000: system.cpu: T0 : 0x1053a    : sb a4, 0(a5)               : MemWrite :  D=0x0000000000000000 A=0x7197f
3913000: system.cpu: T0 : 0x1053e    : ld a4, -48(s0)             : MemRead :  D=0x00000000000719e8 A=0x7ffffffffffffdb0
3914000: system.cpu: T0 : 0x10542    : addi a5, a4, 1             : IntAlu :  D=0x00000000000719e9
3915000: system.cpu: T0 : 0x10546    : sd a5, -48(s0)             : MemWrite :  D=0x00000000000719e9 A=0x7ffffffffffffdb0
3916000: system.cpu: T0 : 0x1054a    : ld a5, -40(s0)             : MemRead :  D=0x0000000000071980 A=0x7ffffffffffffdb8
3917000: system.cpu: T0 : 0x1054e    : addi a3, a5, 1             : IntAlu :  D=0x0000000000071981
3918000: system.cpu: T0 : 0x10552    : sd a3, -40(s0)             : MemWrite :  D=0x0000000000071981 A=0x7ffffffffffffdb8
3919000: system.cpu: T0 : 0x10556    : lbu a4, 0(a4)              : MemRead :  D=0x0000000000000000 A=0x719e8
3920000: system.cpu: T0 : 0x1055a    : sb a4, 0(a5)               : MemWrite :  D=0x0000000000000000 A=0x71980
3921000: system.cpu: T0 : 0x1055e    : ld a4, -48(s0)             : MemRead :  D=0x00000000000719e9 A=0x7ffffffffffffdb0
3922000: system.cpu: T0 : 0x10562    : addi a5, a4, 1             : IntAlu :  D=0x00000000000719ea
3923000: system.cpu: T0 : 0x10566    : sd a5, -48(s0)             : MemWrite :  D=0x00000000000719ea A=0x7ffffffffffffdb0
3924000: system.cpu: T0 : 0x1056a    : ld a5, -40(s0)             : MemRead :  D=0x0000000000071981 A=0x7ffffffffffffdb8
3925000: system.cpu: T0 : 0x1056e    : addi a3, a5, 1             : IntAlu :  D=0x0000000000071982
3926000: system.cpu: T0 : 0x10572    : sd a3, -40(s0)             : MemWrite :  D=0x0000000000071982 A=0x7ffffffffffffdb8
3927000: system.cpu: T0 : 0x10576    : lbu a4, 0(a4)              : MemRead :  D=0x0000000000000000 A=0x719e9
3928000: system.cpu: T0 : 0x1057a    : sb a4, 0(a5)               : MemWrite :  D=0x0000000000000000 A=0x71981
3929000: system.cpu: T0 : 0x1057e    : ld a4, -48(s0)             : MemRead :  D=0x00000000000719ea A=0x7ffffffffffffdb0
3930000: system.cpu: T0 : 0x10582    : addi a5, a4, 1             : IntAlu :  D=0x00000000000719eb
3931000: system.cpu: T0 : 0x10586    : sd a5, -48(s0)             : MemWrite :  D=0x00000000000719eb A=0x7ffffffffffffdb0
3932000: system.cpu: T0 : 0x1058a    : ld a5, -40(s0)             : MemRead :  D=0x0000000000071982 A=0x7ffffffffffffdb8
3933000: system.cpu: T0 : 0x1058e    : addi a3, a5, 1             : IntAlu :  D=0x0000000000071983
3934000: system.cpu: T0 : 0x10592    : sd a3, -40(s0)             : MemWrite :  D=0x0000000000071983 A=0x7ffffffffffffdb8
3935000: system.cpu: T0 : 0x10596    : lbu a4, 0(a4)              : MemRead :  D=0x0000000000000000 A=0x719ea
3936000: system.cpu: T0 : 0x1059a    : sb a4, 0(a5)               : MemWrite :  D=0x0000000000000000 A=0x71982
3937000: system.cpu: T0 : 0x1059e    : lw a5, -20(s0)             : MemRead :  D=0x0000000000000003 A=0x7ffffffffffffdcc
3937500: system.cpu: T0 : 0x105a2    : c_addiw a5, -1             : IntAlu :  D=0x0000000000000002
3938000: system.cpu: T0 : 0x105a4    : sw a5, -20(s0)             : MemWrite :  D=0x0000000000000002 A=0x7ffffffffffffdcc
3938500: system.cpu: T0 : 0x105a8    : lw a5, -20(s0)             : MemRead :  D=0x0000000000000002 A=0x7ffffffffffffdcc
3939000: system.cpu: T0 : 0x105ac    : c_addiw a5, 0              : IntAlu :  D=0x0000000000000002
3940000: system.cpu: T0 : 0x105ae    : blt zero, a5, -274         : IntAlu : 
3940500: system.cpu: T0 : 0x1049c    : c_addi zero, 0             : IntAlu :  D=0x0000000000000000
3941500: system.cpu: T0 : 0x1049e    : ld a4, -48(s0)             : MemRead :  D=0x00000000000719eb A=0x7ffffffffffffdb0
3942500: system.cpu: T0 : 0x104a2    : addi a5, a4, 1             : IntAlu :  D=0x00000000000719ec
3943500: system.cpu: T0 : 0x104a6    : sd a5, -48(s0)             : MemWrite :  D=0x00000000000719ec A=0x7ffffffffffffdb0
3944500: system.cpu: T0 : 0x104aa    : ld a5, -40(s0)             : MemRead :  D=0x0000000000071983 A=0x7ffffffffffffdb8
3945500: system.cpu: T0 : 0x104ae    : addi a3, a5, 1             : IntAlu :  D=0x0000000000071984
3946500: system.cpu: T0 : 0x104b2    : sd a3, -40(s0)             : MemWrite :  D=0x0000000000071984 A=0x7ffffffffffffdb8
3947500: system.cpu: T0 : 0x104b6    : lbu a4, 0(a4)              : MemRead :  D=0x0000000000000000 A=0x719eb
3948500: system.cpu: T0 : 0x104ba    : sb a4, 0(a5)               : MemWrite :  D=0x0000000000000000 A=0x71983
3949500: system.cpu: T0 : 0x104be    : ld a4, -48(s0)             : MemRead :  D=0x00000000000719ec A=0x7ffffffffffffdb0
3950500: system.cpu: T0 : 0x104c2    : addi a5, a4, 1             : IntAlu :  D=0x00000000000719ed
3951500: system.cpu: T0 : 0x104c6    : sd a5, -48(s0)             : MemWrite :  D=0x00000000000719ed A=0x7ffffffffffffdb0
3952500: system.cpu: T0 : 0x104ca    : ld a5, -40(s0)             : MemRead :  D=0x0000000000071984 A=0x7ffffffffffffdb8
3953500: system.cpu: T0 : 0x104ce    : addi a3, a5, 1             : IntAlu :  D=0x0000000000071985
3954500: system.cpu: T0 : 0x104d2    : sd a3, -40(s0)             : MemWrite :  D=0x0000000000071985 A=0x7ffffffffffffdb8
3955500: system.cpu: T0 : 0x104d6    : lbu a4, 0(a4)              : MemRead :  D=0x0000000000000000 A=0x719ec
3956500: system.cpu: T0 : 0x104da    : sb a4, 0(a5)               : MemWrite :  D=0x0000000000000000 A=0x71984
3957500: system.cpu: T0 : 0x104de    : ld a4, -48(s0)             : MemRead :  D=0x00000000000719ed A=0x7ffffffffffffdb0
3958500: system.cpu: T0 : 0x104e2    : addi a5, a4, 1             : IntAlu :  D=0x00000000000719ee
3959500: system.cpu: T0 : 0x104e6    : sd a5, -48(s0)             : MemWrite :  D=0x00000000000719ee A=0x7ffffffffffffdb0
3960500: system.cpu: T0 : 0x104ea    : ld a5, -40(s0)             : MemRead :  D=0x0000000000071985 A=0x7ffffffffffffdb8
3961500: system.cpu: T0 : 0x104ee    : addi a3, a5, 1             : IntAlu :  D=0x0000000000071986
3962500: system.cpu: T0 : 0x104f2    : sd a3, -40(s0)             : MemWrite :  D=0x0000000000071986 A=0x7ffffffffffffdb8
3963500: system.cpu: T0 : 0x104f6    : lbu a4, 0(a4)              : MemRead :  D=0x0000000000000000 A=0x719ed
3964500: system.cpu: T0 : 0x104fa    : sb a4, 0(a5)               : MemWrite :  D=0x0000000000000000 A=0x71985
3965500: system.cpu: T0 : 0x104fe    : ld a4, -48(s0)             : MemRead :  D=0x00000000000719ee A=0x7ffffffffffffdb0
3966500: system.cpu: T0 : 0x10502    : addi a5, a4, 1             : IntAlu :  D=0x00000000000719ef
3967500: system.cpu: T0 : 0x10506    : sd a5, -48(s0)             : MemWrite :  D=0x00000000000719ef A=0x7ffffffffffffdb0
3968500: system.cpu: T0 : 0x1050a    : ld a5, -40(s0)             : MemRead :  D=0x0000000000071986 A=0x7ffffffffffffdb8
3969500: system.cpu: T0 : 0x1050e    : addi a3, a5, 1             : IntAlu :  D=0x0000000000071987
3970500: system.cpu: T0 : 0x10512    : sd a3, -40(s0)             : MemWrite :  D=0x0000000000071987 A=0x7ffffffffffffdb8
3971500: system.cpu: T0 : 0x10516    : lbu a4, 0(a4)              : MemRead :  D=0x0000000000000000 A=0x719ee
3972500: system.cpu: T0 : 0x1051a    : sb a4, 0(a5)               : MemWrite :  D=0x0000000000000000 A=0x71986
3973500: system.cpu: T0 : 0x1051e    : ld a4, -48(s0)             : MemRead :  D=0x00000000000719ef A=0x7ffffffffffffdb0
3974500: system.cpu: T0 : 0x10522    : addi a5, a4, 1             : IntAlu :  D=0x00000000000719f0
3975500: system.cpu: T0 : 0x10526    : sd a5, -48(s0)             : MemWrite :  D=0x00000000000719f0 A=0x7ffffffffffffdb0
3976500: system.cpu: T0 : 0x1052a    : ld a5, -40(s0)             : MemRead :  D=0x0000000000071987 A=0x7ffffffffffffdb8
3977500: system.cpu: T0 : 0x1052e    : addi a3, a5, 1             : IntAlu :  D=0x0000000000071988
3978500: system.cpu: T0 : 0x10532    : sd a3, -40(s0)             : MemWrite :  D=0x0000000000071988 A=0x7ffffffffffffdb8
3979500: system.cpu: T0 : 0x10536    : lbu a4, 0(a4)              : MemRead :  D=0x0000000000000000 A=0x719ef
3980500: system.cpu: T0 : 0x1053a    : sb a4, 0(a5)               : MemWrite :  D=0x0000000000000000 A=0x71987
3981500: system.cpu: T0 : 0x1053e    : ld a4, -48(s0)             : MemRead :  D=0x00000000000719f0 A=0x7ffffffffffffdb0
3982500: system.cpu: T0 : 0x10542    : addi a5, a4, 1             : IntAlu :  D=0x00000000000719f1
3983500: system.cpu: T0 : 0x10546    : sd a5, -48(s0)             : MemWrite :  D=0x00000000000719f1 A=0x7ffffffffffffdb0
3984500: system.cpu: T0 : 0x1054a    : ld a5, -40(s0)             : MemRead :  D=0x0000000000071988 A=0x7ffffffffffffdb8
3985500: system.cpu: T0 : 0x1054e    : addi a3, a5, 1             : IntAlu :  D=0x0000000000071989
3986500: system.cpu: T0 : 0x10552    : sd a3, -40(s0)             : MemWrite :  D=0x0000000000071989 A=0x7ffffffffffffdb8
3987500: system.cpu: T0 : 0x10556    : lbu a4, 0(a4)              : MemRead :  D=0x0000000000000000 A=0x719f0
3988500: system.cpu: T0 : 0x1055a    : sb a4, 0(a5)               : MemWrite :  D=0x0000000000000000 A=0x71988
3989500: system.cpu: T0 : 0x1055e    : ld a4, -48(s0)             : MemRead :  D=0x00000000000719f1 A=0x7ffffffffffffdb0
3990500: system.cpu: T0 : 0x10562    : addi a5, a4, 1             : IntAlu :  D=0x00000000000719f2
3991500: system.cpu: T0 : 0x10566    : sd a5, -48(s0)             : MemWrite :  D=0x00000000000719f2 A=0x7ffffffffffffdb0
3992500: system.cpu: T0 : 0x1056a    : ld a5, -40(s0)             : MemRead :  D=0x0000000000071989 A=0x7ffffffffffffdb8
3993500: system.cpu: T0 : 0x1056e    : addi a3, a5, 1             : IntAlu :  D=0x000000000007198a
3994500: system.cpu: T0 : 0x10572    : sd a3, -40(s0)             : MemWrite :  D=0x000000000007198a A=0x7ffffffffffffdb8
3995500: system.cpu: T0 : 0x10576    : lbu a4, 0(a4)              : MemRead :  D=0x0000000000000000 A=0x719f1
3996500: system.cpu: T0 : 0x1057a    : sb a4, 0(a5)               : MemWrite :  D=0x0000000000000000 A=0x71989
3997500: system.cpu: T0 : 0x1057e    : ld a4, -48(s0)             : MemRead :  D=0x00000000000719f2 A=0x7ffffffffffffdb0
3998500: system.cpu: T0 : 0x10582    : addi a5, a4, 1             : IntAlu :  D=0x00000000000719f3
3999500: system.cpu: T0 : 0x10586    : sd a5, -48(s0)             : MemWrite :  D=0x00000000000719f3 A=0x7ffffffffffffdb0
4000500: system.cpu: T0 : 0x1058a    : ld a5, -40(s0)             : MemRead :  D=0x000000000007198a A=0x7ffffffffffffdb8
4001500: system.cpu: T0 : 0x1058e    : addi a3, a5, 1             : IntAlu :  D=0x000000000007198b
4002500: system.cpu: T0 : 0x10592    : sd a3, -40(s0)             : MemWrite :  D=0x000000000007198b A=0x7ffffffffffffdb8
4003500: system.cpu: T0 : 0x10596    : lbu a4, 0(a4)              : MemRead :  D=0x0000000000000000 A=0x719f2
4004500: system.cpu: T0 : 0x1059a    : sb a4, 0(a5)               : MemWrite :  D=0x0000000000000000 A=0x7198a
4005500: system.cpu: T0 : 0x1059e    : lw a5, -20(s0)             : MemRead :  D=0x0000000000000002 A=0x7ffffffffffffdcc
4006000: system.cpu: T0 : 0x105a2    : c_addiw a5, -1             : IntAlu :  D=0x0000000000000001
4006500: system.cpu: T0 : 0x105a4    : sw a5, -20(s0)             : MemWrite :  D=0x0000000000000001 A=0x7ffffffffffffdcc
4007000: system.cpu: T0 : 0x105a8    : lw a5, -20(s0)             : MemRead :  D=0x0000000000000001 A=0x7ffffffffffffdcc
4007500: system.cpu: T0 : 0x105ac    : c_addiw a5, 0              : IntAlu :  D=0x0000000000000001
4008500: system.cpu: T0 : 0x105ae    : blt zero, a5, -274         : IntAlu : 
4009000: system.cpu: T0 : 0x1049c    : c_addi zero, 0             : IntAlu :  D=0x0000000000000000
4010000: system.cpu: T0 : 0x1049e    : ld a4, -48(s0)             : MemRead :  D=0x00000000000719f3 A=0x7ffffffffffffdb0
4011000: system.cpu: T0 : 0x104a2    : addi a5, a4, 1             : IntAlu :  D=0x00000000000719f4
4012000: system.cpu: T0 : 0x104a6    : sd a5, -48(s0)             : MemWrite :  D=0x00000000000719f4 A=0x7ffffffffffffdb0
4013000: system.cpu: T0 : 0x104aa    : ld a5, -40(s0)             : MemRead :  D=0x000000000007198b A=0x7ffffffffffffdb8
4014000: system.cpu: T0 : 0x104ae    : addi a3, a5, 1             : IntAlu :  D=0x000000000007198c
4015000: system.cpu: T0 : 0x104b2    : sd a3, -40(s0)             : MemWrite :  D=0x000000000007198c A=0x7ffffffffffffdb8
4016000: system.cpu: T0 : 0x104b6    : lbu a4, 0(a4)              : MemRead :  D=0x0000000000000000 A=0x719f3
4017000: system.cpu: T0 : 0x104ba    : sb a4, 0(a5)               : MemWrite :  D=0x0000000000000000 A=0x7198b
4018000: system.cpu: T0 : 0x104be    : ld a4, -48(s0)             : MemRead :  D=0x00000000000719f4 A=0x7ffffffffffffdb0
4019000: system.cpu: T0 : 0x104c2    : addi a5, a4, 1             : IntAlu :  D=0x00000000000719f5
4020000: system.cpu: T0 : 0x104c6    : sd a5, -48(s0)             : MemWrite :  D=0x00000000000719f5 A=0x7ffffffffffffdb0
4021000: system.cpu: T0 : 0x104ca    : ld a5, -40(s0)             : MemRead :  D=0x000000000007198c A=0x7ffffffffffffdb8
4022000: system.cpu: T0 : 0x104ce    : addi a3, a5, 1             : IntAlu :  D=0x000000000007198d
4023000: system.cpu: T0 : 0x104d2    : sd a3, -40(s0)             : MemWrite :  D=0x000000000007198d A=0x7ffffffffffffdb8
4024000: system.cpu: T0 : 0x104d6    : lbu a4, 0(a4)              : MemRead :  D=0x0000000000000000 A=0x719f4
4025000: system.cpu: T0 : 0x104da    : sb a4, 0(a5)               : MemWrite :  D=0x0000000000000000 A=0x7198c
4026000: system.cpu: T0 : 0x104de    : ld a4, -48(s0)             : MemRead :  D=0x00000000000719f5 A=0x7ffffffffffffdb0
4027000: system.cpu: T0 : 0x104e2    : addi a5, a4, 1             : IntAlu :  D=0x00000000000719f6
4028000: system.cpu: T0 : 0x104e6    : sd a5, -48(s0)             : MemWrite :  D=0x00000000000719f6 A=0x7ffffffffffffdb0
4029000: system.cpu: T0 : 0x104ea    : ld a5, -40(s0)             : MemRead :  D=0x000000000007198d A=0x7ffffffffffffdb8
4030000: system.cpu: T0 : 0x104ee    : addi a3, a5, 1             : IntAlu :  D=0x000000000007198e
4031000: system.cpu: T0 : 0x104f2    : sd a3, -40(s0)             : MemWrite :  D=0x000000000007198e A=0x7ffffffffffffdb8
4032000: system.cpu: T0 : 0x104f6    : lbu a4, 0(a4)              : MemRead :  D=0x0000000000000000 A=0x719f5
4033000: system.cpu: T0 : 0x104fa    : sb a4, 0(a5)               : MemWrite :  D=0x0000000000000000 A=0x7198d
4034000: system.cpu: T0 : 0x104fe    : ld a4, -48(s0)             : MemRead :  D=0x00000000000719f6 A=0x7ffffffffffffdb0
4035000: system.cpu: T0 : 0x10502    : addi a5, a4, 1             : IntAlu :  D=0x00000000000719f7
4036000: system.cpu: T0 : 0x10506    : sd a5, -48(s0)             : MemWrite :  D=0x00000000000719f7 A=0x7ffffffffffffdb0
4037000: system.cpu: T0 : 0x1050a    : ld a5, -40(s0)             : MemRead :  D=0x000000000007198e A=0x7ffffffffffffdb8
4038000: system.cpu: T0 : 0x1050e    : addi a3, a5, 1             : IntAlu :  D=0x000000000007198f
4039000: system.cpu: T0 : 0x10512    : sd a3, -40(s0)             : MemWrite :  D=0x000000000007198f A=0x7ffffffffffffdb8
4040000: system.cpu: T0 : 0x10516    : lbu a4, 0(a4)              : MemRead :  D=0x0000000000000000 A=0x719f6
4041000: system.cpu: T0 : 0x1051a    : sb a4, 0(a5)               : MemWrite :  D=0x0000000000000000 A=0x7198e
4042000: system.cpu: T0 : 0x1051e    : ld a4, -48(s0)             : MemRead :  D=0x00000000000719f7 A=0x7ffffffffffffdb0
4043000: system.cpu: T0 : 0x10522    : addi a5, a4, 1             : IntAlu :  D=0x00000000000719f8
4044000: system.cpu: T0 : 0x10526    : sd a5, -48(s0)             : MemWrite :  D=0x00000000000719f8 A=0x7ffffffffffffdb0
4045000: system.cpu: T0 : 0x1052a    : ld a5, -40(s0)             : MemRead :  D=0x000000000007198f A=0x7ffffffffffffdb8
4046000: system.cpu: T0 : 0x1052e    : addi a3, a5, 1             : IntAlu :  D=0x0000000000071990
4047000: system.cpu: T0 : 0x10532    : sd a3, -40(s0)             : MemWrite :  D=0x0000000000071990 A=0x7ffffffffffffdb8
4048000: system.cpu: T0 : 0x10536    : lbu a4, 0(a4)              : MemRead :  D=0x0000000000000000 A=0x719f7
4049000: system.cpu: T0 : 0x1053a    : sb a4, 0(a5)               : MemWrite :  D=0x0000000000000000 A=0x7198f
4050000: system.cpu: T0 : 0x1053e    : ld a4, -48(s0)             : MemRead :  D=0x00000000000719f8 A=0x7ffffffffffffdb0
4051000: system.cpu: T0 : 0x10542    : addi a5, a4, 1             : IntAlu :  D=0x00000000000719f9
4052000: system.cpu: T0 : 0x10546    : sd a5, -48(s0)             : MemWrite :  D=0x00000000000719f9 A=0x7ffffffffffffdb0
4053000: system.cpu: T0 : 0x1054a    : ld a5, -40(s0)             : MemRead :  D=0x0000000000071990 A=0x7ffffffffffffdb8
4054000: system.cpu: T0 : 0x1054e    : addi a3, a5, 1             : IntAlu :  D=0x0000000000071991
4055000: system.cpu: T0 : 0x10552    : sd a3, -40(s0)             : MemWrite :  D=0x0000000000071991 A=0x7ffffffffffffdb8
4056000: system.cpu: T0 : 0x10556    : lbu a4, 0(a4)              : MemRead :  D=0x0000000000000000 A=0x719f8
4057000: system.cpu: T0 : 0x1055a    : sb a4, 0(a5)               : MemWrite :  D=0x0000000000000000 A=0x71990
4058000: system.cpu: T0 : 0x1055e    : ld a4, -48(s0)             : MemRead :  D=0x00000000000719f9 A=0x7ffffffffffffdb0
4059000: system.cpu: T0 : 0x10562    : addi a5, a4, 1             : IntAlu :  D=0x00000000000719fa
4060000: system.cpu: T0 : 0x10566    : sd a5, -48(s0)             : MemWrite :  D=0x00000000000719fa A=0x7ffffffffffffdb0
4061000: system.cpu: T0 : 0x1056a    : ld a5, -40(s0)             : MemRead :  D=0x0000000000071991 A=0x7ffffffffffffdb8
4062000: system.cpu: T0 : 0x1056e    : addi a3, a5, 1             : IntAlu :  D=0x0000000000071992
4063000: system.cpu: T0 : 0x10572    : sd a3, -40(s0)             : MemWrite :  D=0x0000000000071992 A=0x7ffffffffffffdb8
4064000: system.cpu: T0 : 0x10576    : lbu a4, 0(a4)              : MemRead :  D=0x0000000000000000 A=0x719f9
4065000: system.cpu: T0 : 0x1057a    : sb a4, 0(a5)               : MemWrite :  D=0x0000000000000000 A=0x71991
4066000: system.cpu: T0 : 0x1057e    : ld a4, -48(s0)             : MemRead :  D=0x00000000000719fa A=0x7ffffffffffffdb0
4067000: system.cpu: T0 : 0x10582    : addi a5, a4, 1             : IntAlu :  D=0x00000000000719fb
4068000: system.cpu: T0 : 0x10586    : sd a5, -48(s0)             : MemWrite :  D=0x00000000000719fb A=0x7ffffffffffffdb0
4069000: system.cpu: T0 : 0x1058a    : ld a5, -40(s0)             : MemRead :  D=0x0000000000071992 A=0x7ffffffffffffdb8
4070000: system.cpu: T0 : 0x1058e    : addi a3, a5, 1             : IntAlu :  D=0x0000000000071993
4071000: system.cpu: T0 : 0x10592    : sd a3, -40(s0)             : MemWrite :  D=0x0000000000071993 A=0x7ffffffffffffdb8
4072000: system.cpu: T0 : 0x10596    : lbu a4, 0(a4)              : MemRead :  D=0x0000000000000000 A=0x719fa
4073000: system.cpu: T0 : 0x1059a    : sb a4, 0(a5)               : MemWrite :  D=0x0000000000000000 A=0x71992
4074000: system.cpu: T0 : 0x1059e    : lw a5, -20(s0)             : MemRead :  D=0x0000000000000001 A=0x7ffffffffffffdcc
4074500: system.cpu: T0 : 0x105a2    : c_addiw a5, -1             : IntAlu :  D=0x0000000000000000
4075000: system.cpu: T0 : 0x105a4    : sw a5, -20(s0)             : MemWrite :  D=0x0000000000000000 A=0x7ffffffffffffdcc
4075500: system.cpu: T0 : 0x105a8    : lw a5, -20(s0)             : MemRead :  D=0x0000000000000000 A=0x7ffffffffffffdcc
4076000: system.cpu: T0 : 0x105ac    : c_addiw a5, 0              : IntAlu :  D=0x0000000000000000
4077000: system.cpu: T0 : 0x105ae    : blt zero, a5, -274         : IntAlu : 
4077500: system.cpu: T0 : 0x105b2    : c_addi zero, 0             : IntAlu :  D=0x0000000000000000
4078000: system.cpu: T0 : 0x105b4    : c_ldsp s0, 56(sp)          : MemRead :  D=0x7ffffffffffffdf0 A=0x7ffffffffffffdd8
4078500: system.cpu: T0 : 0x105b6    : c_addi16sp sp, 64          : IntAlu :  D=0x7ffffffffffffde0
4079000: system.cpu: T0 : 0x105b8    : c_jr ra                    : IntAlu : 
4079500: system.cpu: T0 : 0x1064a    : c_li a5, 0                 : IntAlu :  D=0x0000000000000000
4080000: system.cpu: T0 : 0x1064c    : c_mv a0, a5                : IntAlu :  D=0x0000000000000000
4080500: system.cpu: T0 : 0x1064e    : c_ldsp ra, 8(sp)           : MemRead :  D=0x00000000000107e8 A=0x7ffffffffffffde8
4081000: system.cpu: T0 : 0x10650    : c_ldsp s0, 0(sp)           : MemRead :  D=0x0000000000010b22 A=0x7ffffffffffffde0
4081500: system.cpu: T0 : 0x10652    : c_addi sp, 16              : IntAlu :  D=0x7ffffffffffffdf0
4082000: system.cpu: T0 : 0x10654    : c_jr ra                    : IntAlu : 
4082500: system.cpu: T0 : 0x107e8    : jal ra, 17144              : IntAlu :  D=0x00000000000107ec
4083000: system.cpu: T0 : 0x14ae0    : c_addi sp, -16             : IntAlu :  D=0x7ffffffffffffde0
4083500: system.cpu: T0 : 0x14ae2    : c_li a3, 1                 : IntAlu :  D=0x0000000000000001
4084000: system.cpu: T0 : 0x14ae4    : c_li a2, 1                 : IntAlu :  D=0x0000000000000001
4085000: system.cpu: T0 : 0x14ae6    : addi a1, gp, -1936         : IntAlu :  D=0x00000000000708a8
4085500: system.cpu: T0 : 0x14aea    : c_sdsp ra, 8(sp)           : MemWrite :  D=0x00000000000107ec A=0x7ffffffffffffde8
4086000: system.cpu: T0 : 0x14aec    : jal ra, -468               : IntAlu :  D=0x0000000000014af0
4086500: system.cpu: T0 : 0x14918    : c_addi16sp sp, -128        : IntAlu :  D=0x7ffffffffffffd60
4087000: system.cpu: T0 : 0x1491a    : c_sdsp s6, 64(sp)          : MemWrite :  D=0x0000000000000000 A=0x7ffffffffffffda0
4087500: system.cpu: T0 : 0x1491c    : c_sdsp s7, 56(sp)          : MemWrite :  D=0x0000000000000000 A=0x7ffffffffffffd98
4088000: system.cpu: T0 : 0x1491e    : c_sdsp ra, 120(sp)         : MemWrite :  D=0x0000000000014af0 A=0x7ffffffffffffdd8
4088500: system.cpu: T0 : 0x14920    : c_sdsp s0, 112(sp)         : MemWrite :  D=0x0000000000010b22 A=0x7ffffffffffffdd0
4089000: system.cpu: T0 : 0x14922    : c_sdsp s1, 104(sp)         : MemWrite :  D=0x0000000000010bb2 A=0x7ffffffffffffdc8
4089500: system.cpu: T0 : 0x14924    : c_sdsp s2, 96(sp)          : MemWrite :  D=0x0000000000000000 A=0x7ffffffffffffdc0
4090000: system.cpu: T0 : 0x14926    : c_sdsp s3, 88(sp)          : MemWrite :  D=0x0000000000000000 A=0x7ffffffffffffdb8
4090500: system.cpu: T0 : 0x14928    : c_sdsp s4, 80(sp)          : MemWrite :  D=0x0000000000000000 A=0x7ffffffffffffdb0
4091000: system.cpu: T0 : 0x1492a    : c_sdsp s5, 72(sp)          : MemWrite :  D=0x0000000000000000 A=0x7ffffffffffffda8
4091500: system.cpu: T0 : 0x1492c    : c_sdsp s8, 48(sp)          : MemWrite :  D=0x0000000000000000 A=0x7ffffffffffffd90
4092000: system.cpu: T0 : 0x1492e    : c_sdsp s9, 40(sp)          : MemWrite :  D=0x0000000000000000 A=0x7ffffffffffffd88
4092500: system.cpu: T0 : 0x14930    : c_sdsp s10, 32(sp)         : MemWrite :  D=0x0000000000000000 A=0x7ffffffffffffd80
4093000: system.cpu: T0 : 0x14932    : c_sdsp s11, 24(sp)         : MemWrite :  D=0x0000000000000000 A=0x7ffffffffffffd78
4093500: system.cpu: T0 : 0x14934    : addi a5, zero, 0           : IntAlu :  D=0x0000000000000000
4094000: system.cpu: T0 : 0x14938    : c_sdsp a2, 8(sp)           : MemWrite :  D=0x0000000000000001 A=0x7ffffffffffffd68
4094500: system.cpu: T0 : 0x1493a    : c_mv s6, a0                : IntAlu :  D=0x0000000000000000
4095000: system.cpu: T0 : 0x1493c    : c_mv s7, a1                : IntAlu :  D=0x00000000000708a8
4095500: system.cpu: T0 : 0x1493e    : c_beqz a5, 6               : IntAlu : 
4096000: system.cpu: T0 : 0x14944    : lui s9, 114                : IntAlu :  D=0x0000000000072000
4096500: system.cpu: T0 : 0x14948    : lui s11, 114               : IntAlu :  D=0x0000000000072000
4097000: system.cpu: T0 : 0x1494c    : c_li s4, 0                 : IntAlu :  D=0x0000000000000000
4097500: system.cpu: T0 : 0x1494e    : c_li s3, 1                 : IntAlu :  D=0x0000000000000001
4098000: system.cpu: T0 : 0x14950    : c_li a4, 1                 : IntAlu :  D=0x0000000000000001
4099000: system.cpu: T0 : 0x14952    : addi a3, s9, -384          : IntAlu :  D=0x0000000000071e80
4100000: system.cpu: T0 : 0x14956    : lr_w a5, (a3)             
4100000: system.cpu: T0 : 0x14956. 0 : lr_w a5, (a3)              : MemRead :  D=0x0000000000000000 A=0x71e80
4100500: system.cpu: T0 : 0x1495a    : c_bnez a5, 8               : IntAlu : 
4101000: system.cpu: T0 : 0x1495c    : sc_w_aq a2, a4, (a3)      
4101000: system.cpu: T0 : 0x1495c. 0 : sc_w a2, a4, (a3)          : MemWrite :  D=0x0000000000000000 A=0x71e80
4101500: system.cpu: T0 : 0x1495c. 1 : 0x1ce6a62f fence           : No_OpClass : 
4102000: system.cpu: T0 : 0x14960    : c_bnez a2, -10             : IntAlu : 
4102500: system.cpu: T0 : 0x14962    : c_addiw a5, 0              : IntAlu :  D=0x0000000000000000
4103000: system.cpu: T0 : 0x14964    : bne a5, zero, 338          : IntAlu : 
4103500: system.cpu: T0 : 0x14968    : ld s10, 0(s7)              : MemRead :  D=0x0000000000071150 A=0x708a8
4104000: system.cpu: T0 : 0x1496c    : beq s10, zero, 152         : IntAlu : 
4104500: system.cpu: T0 : 0x14970    : c_li s5, 3                 : IntAlu :  D=0x0000000000000003
4105000: system.cpu: T0 : 0x14972    : c_li s2, 4                 : IntAlu :  D=0x0000000000000004
4105500: system.cpu: T0 : 0x14974    : c_li s1, 2                 : IntAlu :  D=0x0000000000000002
4106000: system.cpu: T0 : 0x14976    : c_li s0, 1                 : IntAlu :  D=0x0000000000000001
4106500: system.cpu: T0 : 0x14978    : c_j 34                     : IntAlu : 
4107500: system.cpu: T0 : 0x1499a    : ld a5, 8(s10)              : MemRead :  D=0x0000000000000001 A=0x71158
4108000: system.cpu: T0 : 0x1499e    : c_beqz a5, 222             : IntAlu : 
4108500: system.cpu: T0 : 0x149a0    : ld s8, -376(s11)           : MemRead :  D=0x0000000000000001 A=0x71e88
4109000: system.cpu: T0 : 0x149a4    : c_addi a5, -1              : IntAlu :  D=0x0000000000000000
4110000: system.cpu: T0 : 0x149a6    : sd a5, 8(s10)              : MemWrite :  D=0x0000000000000000 A=0x71158
4110500: system.cpu: T0 : 0x149aa    : c_mv a4, s4                : IntAlu :  D=0x0000000000000000
4111000: system.cpu: T0 : 0x149ac    : addi a3, s9, -384          : IntAlu :  D=0x0000000000071e80
4111500: system.cpu: T0 : 0x149b0    : fence iorw, ow             : No_OpClass : 
4112000: system.cpu: T0 : 0x149b4    : amoswap_w a4, a4, (a3)    
4112000: system.cpu: T0 : 0x149b4. 0 : amoswap_w[l] a4, a4, (a3)  : MemRead :  D=0x0000000000000001 A=0x71e80
4112500: system.cpu: T0 : 0x149b8    : c_addiw a4, 0              : IntAlu :  D=0x0000000000000001
4113500: system.cpu: T0 : 0x149ba    : blt s3, a4, 172            : IntAlu : 
4114000: system.cpu: T0 : 0x149be    : c_slli a5, 5               : IntAlu :  D=0x0000000000000000
4114500: system.cpu: T0 : 0x149c0    : c_add a5, s10              : IntAlu :  D=0x0000000000071150
4115000: system.cpu: T0 : 0x149c2    : c_ld a4, 16(a5)            : MemRead :  D=0x0000000000000004 A=0x71160
4115500: system.cpu: T0 : 0x149c4    : beq a4, s5, 146            : IntAlu : 
4116000: system.cpu: T0 : 0x149c8    : bne a4, s2, -78            : IntAlu : 
4116500: system.cpu: T0 : 0x149cc    : c_ld a4, 24(a5)            : MemRead :  D=0x0000000000010bb2 A=0x71168
4117000: system.cpu: T0 : 0x149ce    : c_ld a0, 32(a5)            : MemRead :  D=0x0000000000000000 A=0x71170
4117500: system.cpu: T0 : 0x149d0    : sd zero, 16(a5)            : MemWrite :  D=0x0000000000000000 A=0x71160
4118000: system.cpu: T0 : 0x149d4    : c_mv a1, s6                : IntAlu :  D=0x0000000000000000
4118500: system.cpu: T0 : 0x149d6    : c_jalr a4                  : IntAlu :  D=0x00000000000149d8
4119000: system.cpu: T0 : 0x10bb2    : c_addi sp, -32             : IntAlu :  D=0x7ffffffffffffd40
4119500: system.cpu: T0 : 0x10bb4    : c_sdsp s0, 16(sp)          : MemWrite :  D=0x0000000000000001 A=0x7ffffffffffffd50
4120500: system.cpu: T0 : 0x10bb6    : lui a5, 111                : IntAlu :  D=0x000000000006f000
4121500: system.cpu: T0 : 0x10bba    : lui s0, 111                : IntAlu :  D=0x000000000006f000
4122500: system.cpu: T0 : 0x10bbe    : addi s0, s0, -1280         : IntAlu :  D=0x000000000006eb00
4123500: system.cpu: T0 : 0x10bc2    : addi a5, a5, -1264         : IntAlu :  D=0x000000000006eb10
4124000: system.cpu: T0 : 0x10bc6    : c_sub a5, s0               : IntAlu :  D=0x0000000000000010
4124500: system.cpu: T0 : 0x10bc8    : c_sdsp ra, 24(sp)          : MemWrite :  D=0x00000000000149d8 A=0x7ffffffffffffd58
4125000: system.cpu: T0 : 0x10bca    : c_sdsp s1, 8(sp)           : MemWrite :  D=0x0000000000000002 A=0x7ffffffffffffd48
4125500: system.cpu: T0 : 0x10bcc    : c_sdsp s2, 0(sp)           : MemWrite :  D=0x0000000000000004 A=0x7ffffffffffffd40
4126500: system.cpu: T0 : 0x10bce    : srai a4, a5, 3             : IntAlu :  D=0x0000000000000002
4127000: system.cpu: T0 : 0x10bd2    : c_beqz a4, 24              : IntAlu : 
4127500: system.cpu: T0 : 0x10bd4    : c_addi a5, -8              : IntAlu :  D=0x0000000000000008
4128500: system.cpu: T0 : 0x10bd6    : addi s1, a4, -1            : IntAlu :  D=0x0000000000000001
4129000: system.cpu: T0 : 0x10bda    : c_add s0, a5               : IntAlu :  D=0x000000000006eb08
4129500: system.cpu: T0 : 0x10bdc    : c_li s2, -1                : IntAlu :  D=0xffffffffffffffff
4130000: system.cpu: T0 : 0x10bde    : c_ld a5, 0(s0)             : MemRead :  D=0x0000000000010340 A=0x6eb08
4130500: system.cpu: T0 : 0x10be0    : c_addi s1, -1              : IntAlu :  D=0x0000000000000000
4131000: system.cpu: T0 : 0x10be2    : c_addi s0, -8              : IntAlu :  D=0x000000000006eb00
4131500: system.cpu: T0 : 0x10be4    : c_jalr a5                  : IntAlu :  D=0x0000000000010be6
4132000: system.cpu: T0 : 0x10340    : addi a0, gp, 1616          : IntAlu :  D=0x0000000000071688
4132500: system.cpu: T0 : 0x10344    : jal zero, 209402           : IntAlu :  D=0x0000000000010348
4133000: system.cpu: T0 : 0x4353e    : c_addi sp, -32             : IntAlu :  D=0x7ffffffffffffd20
4133500: system.cpu: T0 : 0x43540    : c_sdsp s1, 8(sp)           : MemWrite :  D=0x0000000000000000 A=0x7ffffffffffffd28
4134000: system.cpu: T0 : 0x43542    : c_ld s1, 0(a0)             : MemRead :  D=0x0000000000000000 A=0x71688
4134500: system.cpu: T0 : 0x43544    : c_sdsp ra, 24(sp)          : MemWrite :  D=0x0000000000010be6 A=0x7ffffffffffffd38
4135000: system.cpu: T0 : 0x43546    : c_sdsp s0, 16(sp)          : MemWrite :  D=0x000000000006eb00 A=0x7ffffffffffffd30
4135500: system.cpu: T0 : 0x43548    : c_beqz s1, 20              : IntAlu : 
4136000: system.cpu: T0 : 0x4355c    : c_ldsp ra, 24(sp)          : MemRead :  D=0x0000000000010be6 A=0x7ffffffffffffd38
4136500: system.cpu: T0 : 0x4355e    : c_ldsp s0, 16(sp)          : MemRead :  D=0x000000000006eb00 A=0x7ffffffffffffd30
4137000: system.cpu: T0 : 0x43560    : c_ldsp s1, 8(sp)           : MemRead :  D=0x0000000000000000 A=0x7ffffffffffffd28
4137500: system.cpu: T0 : 0x43562    : c_addi16sp sp, 32          : IntAlu :  D=0x7ffffffffffffd40
4138000: system.cpu: T0 : 0x43564    : c_jr ra                    : IntAlu : 
4139000: system.cpu: T0 : 0x10be6    : bne s1, s2, -8             : IntAlu : 
4139500: system.cpu: T0 : 0x10bde    : c_ld a5, 0(s0)             : MemRead :  D=0x00000000000103d6 A=0x6eb00
4140000: system.cpu: T0 : 0x10be0    : c_addi s1, -1              : IntAlu :  D=0xffffffffffffffff
4140500: system.cpu: T0 : 0x10be2    : c_addi s0, -8              : IntAlu :  D=0x000000000006eaf8
4141000: system.cpu: T0 : 0x10be4    : c_jalr a5                  : IntAlu :  D=0x0000000000010be6
4141500: system.cpu: T0 : 0x103d6    : c_addi sp, -16             : IntAlu :  D=0x7ffffffffffffd30
4142000: system.cpu: T0 : 0x103d8    : c_sdsp s0, 0(sp)           : MemWrite :  D=0x000000000006eaf8 A=0x7ffffffffffffd30
4143000: system.cpu: T0 : 0x103da    : lbu a5, -1016(gp)          : MemRead :  D=0x0000000000000000 A=0x70c40
4143500: system.cpu: T0 : 0x103de    : c_sdsp ra, 8(sp)           : MemWrite :  D=0x0000000000010be6 A=0x7ffffffffffffd38
4144000: system.cpu: T0 : 0x103e0    : c_bnez a5, 34              : IntAlu : 
4145000: system.cpu: T0 : 0x103e2    : jal ra, -96                : IntAlu :  D=0x00000000000103e6
4146000: system.cpu: T0 : 0x10382    : lui a0, 112                : IntAlu :  D=0x0000000000070000
4147000: system.cpu: T0 : 0x10386    : lui a4, 112                : IntAlu :  D=0x0000000000070000
4148000: system.cpu: T0 : 0x1038a    : addi a5, a0, 2032          : IntAlu :  D=0x00000000000707f0
4149000: system.cpu: T0 : 0x1038e    : addi a4, a4, 2032          : IntAlu :  D=0x00000000000707f0
4150000: system.cpu: T0 : 0x10392    : beq a4, a5, 18             : IntAlu : 
4150500: system.cpu: T0 : 0x103a4    : c_jr ra                    : IntAlu : 
4151500: system.cpu: T0 : 0x103e6    : lui a5, 76                 : IntAlu :  D=0x000000000004c000
4152500: system.cpu: T0 : 0x103ea    : addi a5, a5, 1960          : IntAlu :  D=0x000000000004c7a8
4153000: system.cpu: T0 : 0x103ee    : c_beqz a5, 14              : IntAlu : 
4153500: system.cpu: T0 : 0x103f0    : lui a0, 106                : IntAlu :  D=0x000000000006a000
4154000: system.cpu: T0 : 0x103f4    : addi a0, a0, 816           : IntAlu :  D=0x000000000006a330
4154500: system.cpu: T0 : 0x103f8    : jal ra, 246704             : IntAlu :  D=0x00000000000103fc
4155000: system.cpu: T0 : 0x4c7a8    : c_j -222                   : IntAlu : 
4155500: system.cpu: T0 : 0x4c6ca    : c_addi sp, -32             : IntAlu :  D=0x7ffffffffffffd10
4156000: system.cpu: T0 : 0x4c6cc    : c_sdsp ra, 24(sp)          : MemWrite :  D=0x00000000000103fc A=0x7ffffffffffffd28
4156500: system.cpu: T0 : 0x4c6ce    : c_sdsp s0, 16(sp)          : MemWrite :  D=0x000000000006eaf8 A=0x7ffffffffffffd20
4157000: system.cpu: T0 : 0x4c6d0    : c_sdsp s1, 8(sp)           : MemWrite :  D=0xffffffffffffffff A=0x7ffffffffffffd18
4157500: system.cpu: T0 : 0x4c6d2    : c_sdsp s2, 0(sp)           : MemWrite :  D=0xffffffffffffffff A=0x7ffffffffffffd10
4158000: system.cpu: T0 : 0x4c6d4    : c_beqz a0, 160             : IntAlu : 
4158500: system.cpu: T0 : 0x4c6d6    : c_lw a5, 0(a0)             : MemRead :  D=0x000000000000001c A=0x6a330
4159000: system.cpu: T0 : 0x4c6d8    : c_mv s1, a0                : IntAlu :  D=0x000000000006a330
4159500: system.cpu: T0 : 0x4c6da    : c_beqz a5, 154             : IntAlu : 
4160000: system.cpu: T0 : 0x4c6dc    : auipc s2, 36               : IntAlu :  D=0x00000000000706dc
4160500: system.cpu: T0 : 0x4c6e0    : ld s2, 300(s2)             : MemRead :  D=0x0000000000000000 A=0x70808
4161000: system.cpu: T0 : 0x4c6e4    : beq s2, zero, 22           : IntAlu : 
4162000: system.cpu: T0 : 0x4c6fa    : addi a2, gp, 1880          : IntAlu :  D=0x0000000000071790
4163000: system.cpu: T0 : 0x4c6fe    : ld a5, 448(a2)             : MemRead :  D=0x0000000000070c48 A=0x71950
4163500: system.cpu: T0 : 0x4c702    : c_beqz a5, 66              : IntAlu : 
4164000: system.cpu: T0 : 0x4c704    : auipc a3, 37               : IntAlu :  D=0x0000000000071704
4164500: system.cpu: T0 : 0x4c708    : addi a3, a3, 588           : IntAlu :  D=0x0000000000071950
4165000: system.cpu: T0 : 0x4c70c    : c_j 8                      : IntAlu : 
4165500: system.cpu: T0 : 0x4c714    : c_ld a4, 24(a5)            : MemRead :  D=0x000000000006a330 A=0x70c60
4166000: system.cpu: T0 : 0x4c716    : c_mv s0, a5                : IntAlu :  D=0x0000000000070c48
4166500: system.cpu: T0 : 0x4c718    : c_ld a5, 40(a5)            : MemRead :  D=0x0000000000000000 A=0x70c70
4167500: system.cpu: T0 : 0x4c71a    : bne s1, a4, -12            : IntAlu : 
4168000: system.cpu: T0 : 0x4c71e    : c_sd a5, 0(a3)             : MemWrite :  D=0x0000000000000000 A=0x71950
4168500: system.cpu: T0 : 0x4c720    : beq s2, zero, 22           : IntAlu : 
4169000: system.cpu: T0 : 0x4c736    : c_ldsp ra, 24(sp)          : MemRead :  D=0x00000000000103fc A=0x7ffffffffffffd28
4169500: system.cpu: T0 : 0x4c738    : c_mv a0, s0                : IntAlu :  D=0x0000000000070c48
4170000: system.cpu: T0 : 0x4c73a    : c_ldsp s0, 16(sp)          : MemRead :  D=0x000000000006eaf8 A=0x7ffffffffffffd20
4170500: system.cpu: T0 : 0x4c73c    : c_ldsp s1, 8(sp)           : MemRead :  D=0xffffffffffffffff A=0x7ffffffffffffd18
4171000: system.cpu: T0 : 0x4c73e    : c_ldsp s2, 0(sp)           : MemRead :  D=0xffffffffffffffff A=0x7ffffffffffffd10
4171500: system.cpu: T0 : 0x4c740    : c_addi16sp sp, 32          : IntAlu :  D=0x7ffffffffffffd30
4172000: system.cpu: T0 : 0x4c742    : c_jr ra                    : IntAlu : 
4172500: system.cpu: T0 : 0x103fc    : c_li a5, 1                 : IntAlu :  D=0x0000000000000001
4173500: system.cpu: T0 : 0x103fe    : sb a5, -1016(gp)           : MemWrite :  D=0x0000000000000001 A=0x70c40
4174000: system.cpu: T0 : 0x10402    : c_ldsp ra, 8(sp)           : MemRead :  D=0x0000000000010be6 A=0x7ffffffffffffd38
4174500: system.cpu: T0 : 0x10404    : c_ldsp s0, 0(sp)           : MemRead :  D=0x000000000006eaf8 A=0x7ffffffffffffd30
4175000: system.cpu: T0 : 0x10406    : c_addi sp, 16              : IntAlu :  D=0x7ffffffffffffd40
4175500: system.cpu: T0 : 0x10408    : c_jr ra                    : IntAlu : 
4176500: system.cpu: T0 : 0x10be6    : bne s1, s2, -8             : IntAlu : 
4177000: system.cpu: T0 : 0x10bea    : c_ldsp ra, 24(sp)          : MemRead :  D=0x00000000000149d8 A=0x7ffffffffffffd58
4177500: system.cpu: T0 : 0x10bec    : c_ldsp s0, 16(sp)          : MemRead :  D=0x0000000000000001 A=0x7ffffffffffffd50
4178000: system.cpu: T0 : 0x10bee    : c_ldsp s1, 8(sp)           : MemRead :  D=0x0000000000000002 A=0x7ffffffffffffd48
4178500: system.cpu: T0 : 0x10bf0    : c_ldsp s2, 0(sp)           : MemRead :  D=0x0000000000000004 A=0x7ffffffffffffd40
4179000: system.cpu: T0 : 0x10bf2    : c_addi16sp sp, 32          : IntAlu :  D=0x7ffffffffffffd60
4179500: system.cpu: T0 : 0x10bf4    : c_jr ra                    : IntAlu : 
4180000: system.cpu: T0 : 0x149d8    : addi a4, s9, -384          : IntAlu :  D=0x0000000000071e80
4180500: system.cpu: T0 : 0x149dc    : lr_w a5, (a4)             
4180500: system.cpu: T0 : 0x149dc. 0 : lr_w a5, (a4)              : MemRead :  D=0x0000000000000000 A=0x71e80
4181000: system.cpu: T0 : 0x149e0    : c_bnez a5, 8               : IntAlu : 
4182000: system.cpu: T0 : 0x149e2    : sc_w_aq a3, s0, (a4)      
4182000: system.cpu: T0 : 0x149e2. 0 : sc_w a3, s0, (a4)          : MemWrite :  D=0x0000000000000000 A=0x71e80
4182500: system.cpu: T0 : 0x149e2. 1 : 0x1c8726af fence           : No_OpClass : 
4183000: system.cpu: T0 : 0x149e6    : c_bnez a3, -10             : IntAlu : 
4183500: system.cpu: T0 : 0x149e8    : c_addiw a5, 0              : IntAlu :  D=0x0000000000000000
4184000: system.cpu: T0 : 0x149ea    : c_beqz a5, -88             : IntAlu : 
4185000: system.cpu: T0 : 0x14992    : ld a5, -376(s11)           : MemRead :  D=0x0000000000000001 A=0x71e88
4186000: system.cpu: T0 : 0x14996    : bne a5, s8, 102            : IntAlu : 
4187000: system.cpu: T0 : 0x1499a    : ld a5, 8(s10)              : MemRead :  D=0x0000000000000000 A=0x71158
4187500: system.cpu: T0 : 0x1499e    : c_beqz a5, 222             : IntAlu : 
4188000: system.cpu: T0 : 0x14a7c    : ld a5, 0(s10)              : MemRead :  D=0x0000000000000000 A=0x71150
4188500: system.cpu: T0 : 0x14a80    : sd a5, 0(s7)               : MemWrite :  D=0x0000000000000000 A=0x708a8
4189000: system.cpu: T0 : 0x14a84    : c_beqz a5, 8               : IntAlu : 
4189500: system.cpu: T0 : 0x14a8c    : c_mv a5, s4                : IntAlu :  D=0x0000000000000000
4190500: system.cpu: T0 : 0x14a8e    : addi a4, s9, -384          : IntAlu :  D=0x0000000000071e80
4191500: system.cpu: T0 : 0x14a92    : fence iorw, ow             : No_OpClass : 
4192500: system.cpu: T0 : 0x14a96    : amoswap_w a5, a5, (a4)    
4192500: system.cpu: T0 : 0x14a96. 0 : amoswap_w[l] a5, a5, (a4)  : MemRead :  D=0x0000000000000001 A=0x71e80
4193000: system.cpu: T0 : 0x14a9a    : c_addiw a5, 0              : IntAlu :  D=0x0000000000000001
4193500: system.cpu: T0 : 0x14a9c    : bge s3, a5, -332           : IntAlu : 
4194000: system.cpu: T0 : 0x14950    : c_li a4, 1                 : IntAlu :  D=0x0000000000000001
4195000: system.cpu: T0 : 0x14952    : addi a3, s9, -384          : IntAlu :  D=0x0000000000071e80
4196000: system.cpu: T0 : 0x14956    : lr_w a5, (a3)             
4196000: system.cpu: T0 : 0x14956. 0 : lr_w a5, (a3)              : MemRead :  D=0x0000000000000000 A=0x71e80
4196500: system.cpu: T0 : 0x1495a    : c_bnez a5, 8               : IntAlu : 
4197000: system.cpu: T0 : 0x1495c    : sc_w_aq a2, a4, (a3)      
4197000: system.cpu: T0 : 0x1495c. 0 : sc_w a2, a4, (a3)          : MemWrite :  D=0x0000000000000000 A=0x71e80
4197500: system.cpu: T0 : 0x1495c. 1 : 0x1ce6a62f fence           : No_OpClass : 
4198000: system.cpu: T0 : 0x14960    : c_bnez a2, -10             : IntAlu : 
4198500: system.cpu: T0 : 0x14962    : c_addiw a5, 0              : IntAlu :  D=0x0000000000000000
4199000: system.cpu: T0 : 0x14964    : bne a5, zero, 338          : IntAlu : 
4199500: system.cpu: T0 : 0x14968    : ld s10, 0(s7)              : MemRead :  D=0x0000000000000000 A=0x708a8
4200000: system.cpu: T0 : 0x1496c    : beq s10, zero, 152         : IntAlu : 
4200500: system.cpu: T0 : 0x14a04    : c_li a4, 1                 : IntAlu :  D=0x0000000000000001
4201500: system.cpu: T0 : 0x14a06    : sb a4, -1476(gp)           : MemWrite :  D=0x0000000000000001 A=0x70a74
4202000: system.cpu: T0 : 0x14a0a    : c_li a5, 0                 : IntAlu :  D=0x0000000000000000
4202500: system.cpu: T0 : 0x14a0c    : addi a4, s9, -384          : IntAlu :  D=0x0000000000071e80
4203000: system.cpu: T0 : 0x14a10    : fence iorw, ow             : No_OpClass : 
4203500: system.cpu: T0 : 0x14a14    : amoswap_w a5, a5, (a4)    
4203500: system.cpu: T0 : 0x14a14. 0 : amoswap_w[l] a5, a5, (a4)  : MemRead :  D=0x0000000000000001 A=0x71e80
4204000: system.cpu: T0 : 0x14a18    : c_addiw a5, 0              : IntAlu :  D=0x0000000000000001
4204500: system.cpu: T0 : 0x14a1a    : c_li a4, 1                 : IntAlu :  D=0x0000000000000001
4205000: system.cpu: T0 : 0x14a1c    : blt a4, a5, 174            : IntAlu : 
4205500: system.cpu: T0 : 0x14a20    : c_ldsp a5, 8(sp)           : MemRead :  D=0x0000000000000001 A=0x7ffffffffffffd68
4206000: system.cpu: T0 : 0x14a22    : c_beqz a5, 46              : IntAlu : 
4206500: system.cpu: T0 : 0x14a24    : lui s0, 106                : IntAlu :  D=0x000000000006a000
4207000: system.cpu: T0 : 0x14a28    : lui a5, 106                : IntAlu :  D=0x000000000006a000
4207500: system.cpu: T0 : 0x14a2c    : addi s1, s0, 768           : IntAlu :  D=0x000000000006a300
4208000: system.cpu: T0 : 0x14a30    : addi a5, a5, 776           : IntAlu :  D=0x000000000006a308
4208500: system.cpu: T0 : 0x14a34    : bgeu s1, a5, 28            : IntAlu : 
4209000: system.cpu: T0 : 0x14a38    : c_addi a5, -1              : IntAlu :  D=0x000000000006a307
4209500: system.cpu: T0 : 0x14a3a    : c_sub a5, s1               : IntAlu :  D=0x0000000000000007
4210000: system.cpu: T0 : 0x14a3c    : c_andi a5, 18446744073709551608 : IntAlu :  D=0x0000000000000000
4210500: system.cpu: T0 : 0x14a3e    : c_addi a5, 8               : IntAlu :  D=0x0000000000000008
4211000: system.cpu: T0 : 0x14a40    : c_add s1, a5               : IntAlu :  D=0x000000000006a308
4212000: system.cpu: T0 : 0x14a42    : addi s0, s0, 768           : IntAlu :  D=0x000000000006a300
4212500: system.cpu: T0 : 0x14a46    : c_ld a5, 0(s0)             : MemRead :  D=0x0000000000019972 A=0x6a300
4213000: system.cpu: T0 : 0x14a48    : c_addi s0, 8               : IntAlu :  D=0x000000000006a308
4213500: system.cpu: T0 : 0x14a4a    : c_jalr a5                  : IntAlu :  D=0x0000000000014a4c
4214000: system.cpu: T0 : 0x19972    : c_addi16sp sp, -176        : IntAlu :  D=0x7ffffffffffffcb0
4214500: system.cpu: T0 : 0x19974    : c_sdsp s6, 112(sp)         : MemWrite :  D=0x0000000000000000 A=0x7ffffffffffffd20
4215500: system.cpu: T0 : 0x19976    : lui s6, 111                : IntAlu :  D=0x000000000006f000
4216500: system.cpu: T0 : 0x1997a    : ld a5, -1264(s6)           : MemRead :  D=0x2f2e2e0000000000 A=0x6eb10
4217000: system.cpu: T0 : 0x1997e    : c_sdsp s3, 136(sp)         : MemWrite :  D=0x0000000000000001 A=0x7ffffffffffffd38
4217500: system.cpu: T0 : 0x19980    : c_li a0, 0                 : IntAlu :  D=0x0000000000000000
4218000: system.cpu: T0 : 0x19982    : c_sdsp s5, 120(sp)         : MemWrite :  D=0x0000000000000003 A=0x7ffffffffffffd28
4218500: system.cpu: T0 : 0x19984    : c_sdsp ra, 168(sp)         : MemWrite :  D=0x0000000000014a4c A=0x7ffffffffffffd58
4219000: system.cpu: T0 : 0x19986    : c_sdsp s0, 160(sp)         : MemWrite :  D=0x000000000006a308 A=0x7ffffffffffffd50
4219500: system.cpu: T0 : 0x19988    : c_sdsp s1, 152(sp)         : MemWrite :  D=0x000000000006a308 A=0x7ffffffffffffd48
4220000: system.cpu: T0 : 0x1998a    : c_sdsp s2, 144(sp)         : MemWrite :  D=0x0000000000000004 A=0x7ffffffffffffd40
4220500: system.cpu: T0 : 0x1998c    : c_sdsp s4, 128(sp)         : MemWrite :  D=0x0000000000000000 A=0x7ffffffffffffd30
4221000: system.cpu: T0 : 0x1998e    : c_sdsp s7, 104(sp)         : MemWrite :  D=0x00000000000708a8 A=0x7ffffffffffffd18
4221500: system.cpu: T0 : 0x19990    : c_sdsp s8, 96(sp)          : MemWrite :  D=0x0000000000000001 A=0x7ffffffffffffd10
4222000: system.cpu: T0 : 0x19992    : c_sdsp s9, 88(sp)          : MemWrite :  D=0x0000000000072000 A=0x7ffffffffffffd08
4222500: system.cpu: T0 : 0x19994    : c_sdsp s10, 80(sp)         : MemWrite :  D=0x0000000000000000 A=0x7ffffffffffffd00
4223000: system.cpu: T0 : 0x19996    : c_sdsp s11, 72(sp)         : MemWrite :  D=0x0000000000072000 A=0x7ffffffffffffcf8
4223500: system.cpu: T0 : 0x19998    : c_sdsp a5, 56(sp)          : MemWrite :  D=0x2f2e2e0000000000 A=0x7ffffffffffffce8
4224500: system.cpu: T0 : 0x1999a    : addi s3, zero, 0           : IntAlu :  D=0x0000000000000000
4225500: system.cpu: T0 : 0x1999e    : jal ra, -556               : IntAlu :  D=0x00000000000199a2
4226000: system.cpu: T0 : 0x19772    : c_addi16sp sp, -176        : IntAlu :  D=0x7ffffffffffffc00
4226500: system.cpu: T0 : 0x19774    : c_sdsp s5, 120(sp)         : MemWrite :  D=0x0000000000000003 A=0x7ffffffffffffc78
4227500: system.cpu: T0 : 0x19776    : lui s5, 111                : IntAlu :  D=0x000000000006f000
4228500: system.cpu: T0 : 0x1977a    : ld a5, -1264(s5)           : MemRead :  D=0x2f2e2e0000000000 A=0x6eb10
4229000: system.cpu: T0 : 0x1977e    : c_sdsp s3, 136(sp)         : MemWrite :  D=0x0000000000000000 A=0x7ffffffffffffc88
4229500: system.cpu: T0 : 0x19780    : c_sdsp s9, 88(sp)          : MemWrite :  D=0x0000000000072000 A=0x7ffffffffffffc58
4230000: system.cpu: T0 : 0x19782    : c_sdsp ra, 168(sp)         : MemWrite :  D=0x00000000000199a2 A=0x7ffffffffffffca8
4230500: system.cpu: T0 : 0x19784    : c_sdsp s0, 160(sp)         : MemWrite :  D=0x000000000006a308 A=0x7ffffffffffffca0
4231000: system.cpu: T0 : 0x19786    : c_sdsp s1, 152(sp)         : MemWrite :  D=0x000000000006a308 A=0x7ffffffffffffc98
4231500: system.cpu: T0 : 0x19788    : c_sdsp s2, 144(sp)         : MemWrite :  D=0x0000000000000004 A=0x7ffffffffffffc90
4232000: system.cpu: T0 : 0x1978a    : c_sdsp s4, 128(sp)         : MemWrite :  D=0x0000000000000000 A=0x7ffffffffffffc80
4232500: system.cpu: T0 : 0x1978c    : c_sdsp s6, 112(sp)         : MemWrite :  D=0x000000000006f000 A=0x7ffffffffffffc70
4233000: system.cpu: T0 : 0x1978e    : c_sdsp s7, 104(sp)         : MemWrite :  D=0x00000000000708a8 A=0x7ffffffffffffc68
4233500: system.cpu: T0 : 0x19790    : c_sdsp s8, 96(sp)          : MemWrite :  D=0x0000000000000001 A=0x7ffffffffffffc60
4234000: system.cpu: T0 : 0x19792    : c_sdsp s10, 80(sp)         : MemWrite :  D=0x0000000000000000 A=0x7ffffffffffffc50
4234500: system.cpu: T0 : 0x19794    : c_sdsp s11, 72(sp)         : MemWrite :  D=0x0000000000072000 A=0x7ffffffffffffc48
4235000: system.cpu: T0 : 0x19796    : c_sdsp a5, 56(sp)          : MemWrite :  D=0x2f2e2e0000000000 A=0x7ffffffffffffc38
4235500: system.cpu: T0 : 0x19798    : addi s3, zero, 0           : IntAlu :  D=0x0000000000000000
4236000: system.cpu: T0 : 0x1979c    : c_mv s9, a0                : IntAlu :  D=0x0000000000000000
4237000: system.cpu: T0 : 0x1979e    : beq s3, zero, 428          : IntAlu : 
4237500: system.cpu: T0 : 0x1994a    : c_lui a5, 25               : IntAlu :  D=0x0000000000019000
4238000: system.cpu: T0 : 0x1994c    : addi a5, a5, -1592         : IntAlu :  D=0x00000000000189c8
4238500: system.cpu: T0 : 0x19950    : c_sdsp a5, 24(sp)          : MemWrite :  D=0x00000000000189c8 A=0x7ffffffffffffc18
4239000: system.cpu: T0 : 0x19952    : c_sdsp zero, 32(sp)        : MemWrite :  D=0x0000000000000000 A=0x7ffffffffffffc20
4239500: system.cpu: T0 : 0x19954    : c_j -416                   : IntAlu : 
4240000: system.cpu: T0 : 0x197b4    : addi s8, gp, 1320          : IntAlu :  D=0x0000000000071560
4240500: system.cpu: T0 : 0x197b8    : ld a5, 8(s8)               : MemRead :  D=0x0000000000000000 A=0x71568
4241000: system.cpu: T0 : 0x197bc    : addi s0, tp, -1808         : IntAlu :  D=0x0000000000073000
4241500: system.cpu: T0 : 0x197c0    : beq a5, s0, 28             : IntAlu : 
4242000: system.cpu: T0 : 0x197c4    : c_li a3, 1                 : IntAlu :  D=0x0000000000000001
4243000: system.cpu: T0 : 0x197c6    : lr_w a5, (s8)             
4243000: system.cpu: T0 : 0x197c6. 0 : lr_w a5, (s8)              : MemRead :  D=0x0000000000000000 A=0x71560
4243500: system.cpu: T0 : 0x197ca    : c_bnez a5, 8               : IntAlu : 
4244000: system.cpu: T0 : 0x197cc    : sc_w_aq a4, a3, (s8)      
4244000: system.cpu: T0 : 0x197cc. 0 : sc_w a4, a3, (s8)          : MemWrite :  D=0x0000000000000000 A=0x71560
4244500: system.cpu: T0 : 0x197cc. 1 : 0x1cdc272f fence           : No_OpClass : 
4245000: system.cpu: T0 : 0x197d0    : c_bnez a4, -10             : IntAlu : 
4245500: system.cpu: T0 : 0x197d2    : c_addiw a5, 0              : IntAlu :  D=0x0000000000000000
4246000: system.cpu: T0 : 0x197d4    : bne a5, zero, 386          : IntAlu : 
4246500: system.cpu: T0 : 0x197d8    : sd s0, 8(s8)               : MemWrite :  D=0x0000000000073000 A=0x71568
4247000: system.cpu: T0 : 0x197dc    : lw a4, 4(s8)               : MemRead :  D=0x0000000000000000 A=0x71564
4247500: system.cpu: T0 : 0x197e0    : ld s0, -1920(gp)           : MemRead :  D=0x000000000006f000 A=0x708b8
4248000: system.cpu: T0 : 0x197e4    : addiw a3, a4, 1            : IntAlu :  D=0x0000000000000001
4248500: system.cpu: T0 : 0x197e8    : sw a3, 4(s8)               : MemWrite :  D=0x0000000000000001 A=0x71564
4249000: system.cpu: T0 : 0x197ec    : beq s0, zero, 382          : IntAlu : 
4249500: system.cpu: T0 : 0x197f0    : lui s1, 106                : IntAlu :  D=0x000000000006a000
4250000: system.cpu: T0 : 0x197f4    : lui s2, 106                : IntAlu :  D=0x000000000006a000
4250500: system.cpu: T0 : 0x197f8    : addi s2, s2, -744          : IntAlu :  D=0x0000000000069d18
4251000: system.cpu: T0 : 0x197fc    : addi s1, s1, 768           : IntAlu :  D=0x000000000006a300
4251500: system.cpu: T0 : 0x19800    : c_li s4, 0                 : IntAlu :  D=0x0000000000000000
4252000: system.cpu: T0 : 0x19802    : c_lui s11, 8               : IntAlu :  D=0x0000000000008000
4252500: system.cpu: T0 : 0x19804    : c_li s6, 1                 : IntAlu :  D=0x0000000000000001
4253500: system.cpu: T0 : 0x19806    : sub s1, s1, s2             : IntAlu :  D=0x00000000000005e8
4254500: system.cpu: T0 : 0x1980a    : sd s0, -1456(gp)           : MemWrite :  D=0x000000000006f000 A=0x70a88
4255500: system.cpu: T0 : 0x1980e    : beq s9, zero, 54           : IntAlu : 
4256000: system.cpu: T0 : 0x19844    : lw a5, 192(s0)             : MemRead :  D=0x0000000000000000 A=0x6f0c0
4256500: system.cpu: T0 : 0x19848    : bge zero, a5, 150          : IntAlu : 
4257000: system.cpu: T0 : 0x198de    : c_ld a3, 40(s0)            : MemRead :  D=0x0000000000000000 A=0x6f028
4257500: system.cpu: T0 : 0x198e0    : c_ld a5, 32(s0)            : MemRead :  D=0x0000000000000000 A=0x6f020
4258500: system.cpu: T0 : 0x198e2    : bgeu a5, a3, -116          : IntAlu : 
4259500: system.cpu: T0 : 0x1986e    : beq s9, zero, 28           : IntAlu : 
4260000: system.cpu: T0 : 0x1988a    : c_ld s0, 104(s0)           : MemRead :  D=0x000000000006f1c8 A=0x6f068
4260500: system.cpu: T0 : 0x1988c    : sd zero, -1456(gp)         : MemWrite :  D=0x0000000000000000 A=0x70a88
4261000: system.cpu: T0 : 0x19890    : c_bnez s0, -134            : IntAlu : 
4262000: system.cpu: T0 : 0x1980a    : sd s0, -1456(gp)           : MemWrite :  D=0x000000000006f1c8 A=0x70a88
4263000: system.cpu: T0 : 0x1980e    : beq s9, zero, 54           : IntAlu : 
4263500: system.cpu: T0 : 0x19844    : lw a5, 192(s0)             : MemRead :  D=0x0000000000000000 A=0x6f288
4264000: system.cpu: T0 : 0x19848    : bge zero, a5, 150          : IntAlu : 
4264500: system.cpu: T0 : 0x198de    : c_ld a3, 40(s0)            : MemRead :  D=0x0000000000000000 A=0x6f1f0
4265000: system.cpu: T0 : 0x198e0    : c_ld a5, 32(s0)            : MemRead :  D=0x0000000000000000 A=0x6f1e8
4266000: system.cpu: T0 : 0x198e2    : bgeu a5, a3, -116          : IntAlu : 
4267000: system.cpu: T0 : 0x1986e    : beq s9, zero, 28           : IntAlu : 
4267500: system.cpu: T0 : 0x1988a    : c_ld s0, 104(s0)           : MemRead :  D=0x000000000006f390 A=0x6f230
4268000: system.cpu: T0 : 0x1988c    : sd zero, -1456(gp)         : MemWrite :  D=0x0000000000000000 A=0x70a88
4268500: system.cpu: T0 : 0x19890    : c_bnez s0, -134            : IntAlu : 
4269500: system.cpu: T0 : 0x1980a    : sd s0, -1456(gp)           : MemWrite :  D=0x000000000006f390 A=0x70a88
4270500: system.cpu: T0 : 0x1980e    : beq s9, zero, 54           : IntAlu : 
4271000: system.cpu: T0 : 0x19844    : lw a5, 192(s0)             : MemRead :  D=0x0000000000000000 A=0x6f450
4271500: system.cpu: T0 : 0x19848    : bge zero, a5, 150          : IntAlu : 
4272000: system.cpu: T0 : 0x198de    : c_ld a3, 40(s0)            : MemRead :  D=0x0000000000000000 A=0x6f3b8
4272500: system.cpu: T0 : 0x198e0    : c_ld a5, 32(s0)            : MemRead :  D=0x0000000000000000 A=0x6f3b0
4273500: system.cpu: T0 : 0x198e2    : bgeu a5, a3, -116          : IntAlu : 
4274500: system.cpu: T0 : 0x1986e    : beq s9, zero, 28           : IntAlu : 
4275000: system.cpu: T0 : 0x1988a    : c_ld s0, 104(s0)           : MemRead :  D=0x0000000000000000 A=0x6f3f8
4275500: system.cpu: T0 : 0x1988c    : sd zero, -1456(gp)         : MemWrite :  D=0x0000000000000000 A=0x70a88
4276000: system.cpu: T0 : 0x19890    : c_bnez s0, -134            : IntAlu : 
4277000: system.cpu: T0 : 0x19892    : lw a5, 4(s8)               : MemRead :  D=0x0000000000000001 A=0x71564
4278000: system.cpu: T0 : 0x19896    : addiw a4, a5, -1           : IntAlu :  D=0x0000000000000000
4279000: system.cpu: T0 : 0x1989a    : sw a4, 4(s8)               : MemWrite :  D=0x0000000000000000 A=0x71564
4279500: system.cpu: T0 : 0x1989e    : c_beqz a4, 128             : IntAlu : 
4280500: system.cpu: T0 : 0x1991e    : sd zero, 8(s8)             : MemWrite :  D=0x0000000000000000 A=0x71568
4281000: system.cpu: T0 : 0x19922    : c_mv a5, a4                : IntAlu :  D=0x0000000000000000
4281500: system.cpu: T0 : 0x19924    : fence iorw, ow             : No_OpClass : 
4282000: system.cpu: T0 : 0x19928    : amoswap_w a5, a5, (s8)    
4282000: system.cpu: T0 : 0x19928. 0 : amoswap_w[l] a5, a5, (s8)  : MemRead :  D=0x0000000000000001 A=0x71560
4282500: system.cpu: T0 : 0x1992c    : c_addiw a5, 0              : IntAlu :  D=0x0000000000000001
4283000: system.cpu: T0 : 0x1992e    : c_li a4, 1                 : IntAlu :  D=0x0000000000000001
4283500: system.cpu: T0 : 0x19930    : bge a4, a5, -144           : IntAlu : 
4284000: system.cpu: T0 : 0x198a0    : beq s3, zero, 16           : IntAlu : 
4284500: system.cpu: T0 : 0x198b0    : c_ldsp a4, 56(sp)          : MemRead :  D=0x2f2e2e0000000000 A=0x7ffffffffffffc38
4285500: system.cpu: T0 : 0x198b2    : ld a5, -1264(s5)           : MemRead :  D=0x2f2e2e0000000000 A=0x6eb10
4286500: system.cpu: T0 : 0x198b6    : bne a4, a5, 184            : IntAlu : 
4287000: system.cpu: T0 : 0x198ba    : c_ldsp ra, 168(sp)         : MemRead :  D=0x00000000000199a2 A=0x7ffffffffffffca8
4287500: system.cpu: T0 : 0x198bc    : c_ldsp s0, 160(sp)         : MemRead :  D=0x000000000006a308 A=0x7ffffffffffffca0
4288000: system.cpu: T0 : 0x198be    : c_ldsp s1, 152(sp)         : MemRead :  D=0x000000000006a308 A=0x7ffffffffffffc98
4288500: system.cpu: T0 : 0x198c0    : c_ldsp s2, 144(sp)         : MemRead :  D=0x0000000000000004 A=0x7ffffffffffffc90
4289000: system.cpu: T0 : 0x198c2    : c_ldsp s3, 136(sp)         : MemRead :  D=0x0000000000000000 A=0x7ffffffffffffc88
4289500: system.cpu: T0 : 0x198c4    : c_ldsp s5, 120(sp)         : MemRead :  D=0x0000000000000003 A=0x7ffffffffffffc78
4290000: system.cpu: T0 : 0x198c6    : c_ldsp s6, 112(sp)         : MemRead :  D=0x000000000006f000 A=0x7ffffffffffffc70
4290500: system.cpu: T0 : 0x198c8    : c_ldsp s7, 104(sp)         : MemRead :  D=0x00000000000708a8 A=0x7ffffffffffffc68
4291000: system.cpu: T0 : 0x198ca    : c_ldsp s8, 96(sp)          : MemRead :  D=0x0000000000000001 A=0x7ffffffffffffc60
4291500: system.cpu: T0 : 0x198cc    : c_ldsp s9, 88(sp)          : MemRead :  D=0x0000000000072000 A=0x7ffffffffffffc58
4292000: system.cpu: T0 : 0x198ce    : c_ldsp s10, 80(sp)         : MemRead :  D=0x0000000000000000 A=0x7ffffffffffffc50
4292500: system.cpu: T0 : 0x198d0    : c_ldsp s11, 72(sp)         : MemRead :  D=0x0000000000072000 A=0x7ffffffffffffc48
4293000: system.cpu: T0 : 0x198d2    : c_mv a0, s4                : IntAlu :  D=0x0000000000000000
4293500: system.cpu: T0 : 0x198d4    : c_ldsp s4, 128(sp)         : MemRead :  D=0x0000000000000000 A=0x7ffffffffffffc80
4294000: system.cpu: T0 : 0x198d6    : c_addi16sp sp, 176         : IntAlu :  D=0x7ffffffffffffcb0
4294500: system.cpu: T0 : 0x198d8    : c_jr ra                    : IntAlu : 
4295000: system.cpu: T0 : 0x199a2    : c_mv s5, a0                : IntAlu :  D=0x0000000000000000
4295500: system.cpu: T0 : 0x199a4    : beq s3, zero, 482          : IntAlu : 
4296000: system.cpu: T0 : 0x19b86    : c_lui a5, 25               : IntAlu :  D=0x0000000000019000
4296500: system.cpu: T0 : 0x19b88    : addi a5, a5, -1592         : IntAlu :  D=0x00000000000189c8
4297000: system.cpu: T0 : 0x19b8c    : c_sdsp a5, 24(sp)          : MemWrite :  D=0x00000000000189c8 A=0x7ffffffffffffcc8
4297500: system.cpu: T0 : 0x19b8e    : c_sdsp zero, 32(sp)        : MemWrite :  D=0x0000000000000000 A=0x7ffffffffffffcd0
4298000: system.cpu: T0 : 0x19b90    : c_j -470                   : IntAlu : 
4299000: system.cpu: T0 : 0x199ba    : addi s1, gp, 1320          : IntAlu :  D=0x0000000000071560
4299500: system.cpu: T0 : 0x199be    : c_ld a5, 8(s1)             : MemRead :  D=0x0000000000000000 A=0x71568
4300000: system.cpu: T0 : 0x199c0    : addi s0, tp, -1808         : IntAlu :  D=0x0000000000073000
4300500: system.cpu: T0 : 0x199c4    : beq s0, a5, 26             : IntAlu : 
4301000: system.cpu: T0 : 0x199c8    : c_li a4, 1                 : IntAlu :  D=0x0000000000000001
4302000: system.cpu: T0 : 0x199ca    : lr_w a5, (s1)             
4302000: system.cpu: T0 : 0x199ca. 0 : lr_w a5, (s1)              : MemRead :  D=0x0000000000000000 A=0x71560
4302500: system.cpu: T0 : 0x199ce    : c_bnez a5, 8               : IntAlu : 
4303000: system.cpu: T0 : 0x199d0    : sc_w_aq a3, a4, (s1)      
4303000: system.cpu: T0 : 0x199d0. 0 : sc_w a3, a4, (s1)          : MemWrite :  D=0x0000000000000000 A=0x71560
4303500: system.cpu: T0 : 0x199d0. 1 : 0x1ce4a6af fence           : No_OpClass : 
4304000: system.cpu: T0 : 0x199d4    : c_bnez a3, -10             : IntAlu : 
4304500: system.cpu: T0 : 0x199d6    : c_addiw a5, 0              : IntAlu :  D=0x0000000000000000
4305000: system.cpu: T0 : 0x199d8    : bne a5, zero, 442          : IntAlu : 
4305500: system.cpu: T0 : 0x199dc    : c_sd s0, 8(s1)             : MemWrite :  D=0x0000000000073000 A=0x71568
4306000: system.cpu: T0 : 0x199de    : c_lw a3, 4(s1)             : MemRead :  D=0x0000000000000000 A=0x71564
4306500: system.cpu: T0 : 0x199e0    : ld s0, -1920(gp)           : MemRead :  D=0x000000000006f000 A=0x708b8
4307000: system.cpu: T0 : 0x199e4    : addiw a4, a3, 1            : IntAlu :  D=0x0000000000000001
4307500: system.cpu: T0 : 0x199e8    : c_sw a4, 4(s1)             : MemWrite :  D=0x0000000000000001 A=0x71564
4308000: system.cpu: T0 : 0x199ea    : c_beqz s0, 202             : IntAlu : 
4308500: system.cpu: T0 : 0x199ec    : lui s2, 106                : IntAlu :  D=0x000000000006a000
4309000: system.cpu: T0 : 0x199f0    : lui s4, 106                : IntAlu :  D=0x000000000006a000
4309500: system.cpu: T0 : 0x199f4    : addi s4, s4, -744          : IntAlu :  D=0x0000000000069d18
4310000: system.cpu: T0 : 0x199f8    : addi s2, s2, 768           : IntAlu :  D=0x000000000006a300
4310500: system.cpu: T0 : 0x199fc    : sub s2, s2, s4             : IntAlu :  D=0x00000000000005e8
4311000: system.cpu: T0 : 0x19a00    : c_li s9, 2                 : IntAlu :  D=0x0000000000000002
4311500: system.cpu: T0 : 0x19a02    : c_j 12                     : IntAlu : 
4312000: system.cpu: T0 : 0x19a0e    : c_lw a5, 0(s0)             : MemRead :  D=0xfffffffffbad2086 A=0x6f000
4312500: system.cpu: T0 : 0x19a10    : c_andi a5, 2               : IntAlu :  D=0x0000000000000002
4313500: system.cpu: T0 : 0x19a12    : addiw s8, a5, 0            : IntAlu :  D=0x0000000000000002
4314000: system.cpu: T0 : 0x19a16    : c_bnez a5, -18             : IntAlu : 
4314500: system.cpu: T0 : 0x19a04    : c_li a5, -1                : IntAlu :  D=0xffffffffffffffff
4315500: system.cpu: T0 : 0x19a06    : sw a5, 192(s0)             : MemWrite :  D=0x00000000ffffffff A=0x6f0c0
4316000: system.cpu: T0 : 0x19a0a    : c_ld s0, 104(s0)           : MemRead :  D=0x000000000006f1c8 A=0x6f068
4316500: system.cpu: T0 : 0x19a0c    : c_beqz s0, 162             : IntAlu : 
4317000: system.cpu: T0 : 0x19a0e    : c_lw a5, 0(s0)             : MemRead :  D=0xfffffffffbad2084 A=0x6f1c8
4317500: system.cpu: T0 : 0x19a10    : c_andi a5, 2               : IntAlu :  D=0x0000000000000000
4318500: system.cpu: T0 : 0x19a12    : addiw s8, a5, 0            : IntAlu :  D=0x0000000000000000
4319000: system.cpu: T0 : 0x19a16    : c_bnez a5, -18             : IntAlu : 
4319500: system.cpu: T0 : 0x19a18    : lw a5, 192(s0)             : MemRead :  D=0x0000000000000000 A=0x6f288
4320000: system.cpu: T0 : 0x19a1c    : c_beqz a5, -24             : IntAlu : 
4320500: system.cpu: T0 : 0x19a04    : c_li a5, -1                : IntAlu :  D=0xffffffffffffffff
4321500: system.cpu: T0 : 0x19a06    : sw a5, 192(s0)             : MemWrite :  D=0x00000000ffffffff A=0x6f288
4322000: system.cpu: T0 : 0x19a0a    : c_ld s0, 104(s0)           : MemRead :  D=0x000000000006f390 A=0x6f230
4322500: system.cpu: T0 : 0x19a0c    : c_beqz s0, 162             : IntAlu : 
4323000: system.cpu: T0 : 0x19a0e    : c_lw a5, 0(s0)             : MemRead :  D=0xfffffffffbad2088 A=0x6f390
4323500: system.cpu: T0 : 0x19a10    : c_andi a5, 2               : IntAlu :  D=0x0000000000000000
4324500: system.cpu: T0 : 0x19a12    : addiw s8, a5, 0            : IntAlu :  D=0x0000000000000000
4325000: system.cpu: T0 : 0x19a16    : c_bnez a5, -18             : IntAlu : 
4325500: system.cpu: T0 : 0x19a18    : lw a5, 192(s0)             : MemRead :  D=0x0000000000000000 A=0x6f450
4326000: system.cpu: T0 : 0x19a1c    : c_beqz a5, -24             : IntAlu : 
4326500: system.cpu: T0 : 0x19a04    : c_li a5, -1                : IntAlu :  D=0xffffffffffffffff
4327500: system.cpu: T0 : 0x19a06    : sw a5, 192(s0)             : MemWrite :  D=0x00000000ffffffff A=0x6f450
4328000: system.cpu: T0 : 0x19a0a    : c_ld s0, 104(s0)           : MemRead :  D=0x0000000000000000 A=0x6f3f8
4328500: system.cpu: T0 : 0x19a0c    : c_beqz s0, 162             : IntAlu : 
4329000: system.cpu: T0 : 0x19aae    : c_lw a5, 4(s1)             : MemRead :  D=0x0000000000000001 A=0x71564
4329500: system.cpu: T0 : 0x19ab0    : addiw a3, a5, -1           : IntAlu :  D=0x0000000000000000
4330000: system.cpu: T0 : 0x19ab4    : c_sw a3, 4(s1)             : MemWrite :  D=0x0000000000000000 A=0x71564
4330500: system.cpu: T0 : 0x19ab6    : c_beqz a3, 126             : IntAlu : 
4331000: system.cpu: T0 : 0x19b34    : sd zero, 8(s1)             : MemWrite :  D=0x0000000000000000 A=0x71568
4331500: system.cpu: T0 : 0x19b38    : c_mv a5, a3                : IntAlu :  D=0x0000000000000000
4332500: system.cpu: T0 : 0x19b3a    : fence iorw, ow             : No_OpClass : 
4333500: system.cpu: T0 : 0x19b3e    : amoswap_w a5, a5, (s1)    
4333500: system.cpu: T0 : 0x19b3e. 0 : amoswap_w[l] a5, a5, (s1)  : MemRead :  D=0x0000000000000001 A=0x71560
4334000: system.cpu: T0 : 0x19b42    : c_addiw a5, 0              : IntAlu :  D=0x0000000000000001
4334500: system.cpu: T0 : 0x19b44    : c_li a4, 1                 : IntAlu :  D=0x0000000000000001
4335500: system.cpu: T0 : 0x19b46    : bge a4, a5, -142           : IntAlu : 
4336000: system.cpu: T0 : 0x19ab8    : beq s3, zero, 16           : IntAlu : 
4336500: system.cpu: T0 : 0x19ac8    : c_ldsp a4, 56(sp)          : MemRead :  D=0x2f2e2e0000000000 A=0x7ffffffffffffce8
4337500: system.cpu: T0 : 0x19aca    : ld a5, -1264(s6)           : MemRead :  D=0x2f2e2e0000000000 A=0x6eb10
4338500: system.cpu: T0 : 0x19ace    : bne a4, a5, 216            : IntAlu : 
4339000: system.cpu: T0 : 0x19ad2    : c_ldsp ra, 168(sp)         : MemRead :  D=0x0000000000014a4c A=0x7ffffffffffffd58
4339500: system.cpu: T0 : 0x19ad4    : c_ldsp s0, 160(sp)         : MemRead :  D=0x000000000006a308 A=0x7ffffffffffffd50
4340000: system.cpu: T0 : 0x19ad6    : c_ldsp s1, 152(sp)         : MemRead :  D=0x000000000006a308 A=0x7ffffffffffffd48
4340500: system.cpu: T0 : 0x19ad8    : c_ldsp s2, 144(sp)         : MemRead :  D=0x0000000000000004 A=0x7ffffffffffffd40
4341000: system.cpu: T0 : 0x19ada    : c_ldsp s3, 136(sp)         : MemRead :  D=0x0000000000000001 A=0x7ffffffffffffd38
4341500: system.cpu: T0 : 0x19adc    : c_ldsp s4, 128(sp)         : MemRead :  D=0x0000000000000000 A=0x7ffffffffffffd30
4342000: system.cpu: T0 : 0x19ade    : c_ldsp s6, 112(sp)         : MemRead :  D=0x0000000000000000 A=0x7ffffffffffffd20
4342500: system.cpu: T0 : 0x19ae0    : c_ldsp s7, 104(sp)         : MemRead :  D=0x00000000000708a8 A=0x7ffffffffffffd18
4343000: system.cpu: T0 : 0x19ae2    : c_ldsp s8, 96(sp)          : MemRead :  D=0x0000000000000001 A=0x7ffffffffffffd10
4343500: system.cpu: T0 : 0x19ae4    : c_ldsp s9, 88(sp)          : MemRead :  D=0x0000000000072000 A=0x7ffffffffffffd08
4344000: system.cpu: T0 : 0x19ae6    : c_ldsp s10, 80(sp)         : MemRead :  D=0x0000000000000000 A=0x7ffffffffffffd00
4344500: system.cpu: T0 : 0x19ae8    : c_ldsp s11, 72(sp)         : MemRead :  D=0x0000000000072000 A=0x7ffffffffffffcf8
4345000: system.cpu: T0 : 0x19aea    : c_mv a0, s5                : IntAlu :  D=0x0000000000000000
4345500: system.cpu: T0 : 0x19aec    : c_ldsp s5, 120(sp)         : MemRead :  D=0x0000000000000003 A=0x7ffffffffffffd28
4346000: system.cpu: T0 : 0x19aee    : c_addi16sp sp, 176         : IntAlu :  D=0x7ffffffffffffd60
4346500: system.cpu: T0 : 0x19af0    : c_jr ra                    : IntAlu : 
4347000: system.cpu: T0 : 0x14a4c    : bne s1, s0, -6             : IntAlu : 
4347500: system.cpu: T0 : 0x14a50    : c_mv a0, s6                : IntAlu :  D=0x0000000000000000
4348500: system.cpu: T0 : 0x14a52    : jal ra, 47996              : IntAlu :  D=0x0000000000014a56
4349000: system.cpu: T0 : 0x205ce    : c_mv a4, a0                : IntAlu :  D=0x0000000000000000
4349500: system.cpu: T0 : 0x205d0    : addi a7, zero, 94          : IntAlu :  D=0x000000000000005e
4350000: system.cpu: T0 : 0x205d4    : ecall                      : No_OpClass : 
